<?xml version="1.0" encoding="UTF-8"?>
<testsuites tests="80" failures="39" errors="39" skipped="0">
  <testsuite timestamp="2025-05-30T16:17:12" time="568.989" tests="8" failures="7" errors="7" skipped="0">
    <properties>
      <property name="specId" value="0"/>
      <property name="suiteName" value="Stock increase - with WHM US125587"/>
      <property name="capabilities" value="chrome.136_0_7103_93.windows"/>
      <property name="file" value="file:///D:/a/1/s/test/specs/HTR/stock-increase.spec.js"/>
    </properties>
    <testcase classname="chrome.136_0_7103_93.windows.Stock_increase_-_with_WHM_US125587" name="Should create a new WHM yard" time="124.637">
      <system-out><![CDATA[
COMMAND: POST /session/a414a6ae85a434897fa1c9da3096b959/window/fullscreen - {}
RESULT: {}
COMMAND: POST /session/a414a6ae85a434897fa1c9da3096b959/execute/async - {"script":"<script> [1562 bytes]","args":[{"selector":{"controlType":"sap.m.GenericTile","properties":{"header":"Manage Yards"}},"wdio_ui5_key":"sapm.GenericTile{\"header\":\"Manage Yards\"}"}]}
RESULT: {"script":"<script> [1562 bytes]","args":[{"selector":{"controlType":"sap.m.GenericTile","properties":{"header":"Manage Yards"}},"wdio_ui5_key":"sapm.GenericTile{\"header\":\"Manage Yards\"}"}]}
RESULT: undefined
COMMAND: POST /session/a414a6ae85a434897fa1c9da3096b959/element - {"using":"xpath","value":"//*[@id=\"__tile41\"]"}
RESULT: {"using":"xpath","value":"//*[@id=\"__tile41\"]"}
COMMAND: POST /session/a414a6ae85a434897fa1c9da3096b959/element/f.63F842937ABE5650621AFC3910BCBB57.d.04DE53D5B8AF768BF1DBFE8354A2CD27.e.123/click - {}
RESULT: {}
COMMAND: GET /session/a414a6ae85a434897fa1c9da3096b959/screenshot - {}
RESULT: {}
COMMAND: POST /session/a414a6ae85a434897fa1c9da3096b959/elements - {"using":"xpath","value":"//span[text()='Error']"}
RESULT: {"using":"xpath","value":"//span[text()='Error']"}
COMMAND: POST /session/a414a6ae85a434897fa1c9da3096b959/element - {"using":"xpath","value":"//button[@data-kt=\"addNewYardOverflowToolbarButton\"]"}
RESULT: {"using":"xpath","value":"//button[@data-kt=\"addNewYardOverflowToolbarButton\"]"}
COMMAND: POST /session/a414a6ae85a434897fa1c9da3096b959/elements - {"using":"xpath","value":"//button[@data-kt=\"addNewYardOverflowToolbarButton\"]"}
RESULT: {"using":"xpath","value":"//button[@data-kt=\"addNewYardOverflowToolbarButton\"]"}
COMMAND: POST /session/a414a6ae85a434897fa1c9da3096b959/execute/sync - {"script":"<script> [8489 bytes]","args":[{"element-6066-11e4-a52e-4f735466cecf":"f.63F842937ABE5650621AFC3910BCBB57.d.04DE53D5B8AF768BF1DBFE8354A2CD27.e.259","ELEMENT":"f.63F842937ABE5650621AFC3910BCBB57.d.04DE53D5B8AF768BF1DBFE8354A2CD27.e.259"}]}
RESULT: {"script":"<script> [8489 bytes]","args":[{"element-6066-11e4-a52e-4f735466cecf":"f.63F842937ABE5650621AFC3910BCBB57.d.04DE53D5B8AF768BF1DBFE8354A2CD27.e.259","ELEMENT":"f.63F842937ABE5650621AFC3910BCBB57.d.04DE53D5B8AF768BF1DBFE8354A2CD27.e.259"}]}
COMMAND: GET /session/a414a6ae85a434897fa1c9da3096b959/element/f.63F842937ABE5650621AFC3910BCBB57.d.04DE53D5B8AF768BF1DBFE8354A2CD27.e.259/enabled - {}
COMMAND: GET /session/a414a6ae85a434897fa1c9da3096b959/screenshot - {}
RESULT: {}
COMMAND: POST /session/a414a6ae85a434897fa1c9da3096b959/execute/sync - {"script":"<script> [8489 bytes]","args":[{"element-6066-11e4-a52e-4f735466cecf":"f.63F842937ABE5650621AFC3910BCBB57.d.04DE53D5B8AF768BF1DBFE8354A2CD27.e.259","ELEMENT":"f.63F842937ABE5650621AFC3910BCBB57.d.04DE53D5B8AF768BF1DBFE8354A2CD27.e.259"}]}
COMMAND: GET /session/a414a6ae85a434897fa1c9da3096b959/screenshot - {}
RESULT: {}
RESULT: {"script":"<script> [8489 bytes]","args":[{"element-6066-11e4-a52e-4f735466cecf":"f.63F842937ABE5650621AFC3910BCBB57.d.04DE53D5B8AF768BF1DBFE8354A2CD27.e.259","ELEMENT":"f.63F842937ABE5650621AFC3910BCBB57.d.04DE53D5B8AF768BF1DBFE8354A2CD27.e.259"}]}
COMMAND: POST /session/a414a6ae85a434897fa1c9da3096b959/execute/sync - {"script":"<script> [5351 bytes]","args":[{"element-6066-11e4-a52e-4f735466cecf":"f.63F842937ABE5650621AFC3910BCBB57.d.04DE53D5B8AF768BF1DBFE8354A2CD27.e.259","ELEMENT":"f.63F842937ABE5650621AFC3910BCBB57.d.04DE53D5B8AF768BF1DBFE8354A2CD27.e.259"}]}
COMMAND: GET /session/a414a6ae85a434897fa1c9da3096b959/screenshot - {}
RESULT: {}
RESULT: {"script":"<script> [5351 bytes]","args":[{"element-6066-11e4-a52e-4f735466cecf":"f.63F842937ABE5650621AFC3910BCBB57.d.04DE53D5B8AF768BF1DBFE8354A2CD27.e.259","ELEMENT":"f.63F842937ABE5650621AFC3910BCBB57.d.04DE53D5B8AF768BF1DBFE8354A2CD27.e.259"}]}
COMMAND: POST /session/a414a6ae85a434897fa1c9da3096b959/element/f.63F842937ABE5650621AFC3910BCBB57.d.04DE53D5B8AF768BF1DBFE8354A2CD27.e.259/click - {}
COMMAND: GET /session/a414a6ae85a434897fa1c9da3096b959/screenshot - {}
RESULT: {}
RESULT: {}
COMMAND: GET /session/a414a6ae85a434897fa1c9da3096b959/screenshot - {}
COMMAND: POST /session/a414a6ae85a434897fa1c9da3096b959/element - {"using":"xpath","value":"//input[@id=\"application-manageyards-display-component---NewYard--yardId-inner\"]"}
RESULT: {}
RESULT: {}
RESULT: {"using":"xpath","value":"//input[@id=\"application-manageyards-display-component---NewYard--yardId-inner\"]"}
COMMAND: POST /session/a414a6ae85a434897fa1c9da3096b959/element - {"using":"xpath","value":"//input[@id=\"application-manageyards-display-component---NewYard--yardId-inner\"]"}
RESULT: {"using":"xpath","value":"//input[@id=\"application-manageyards-display-component---NewYard--yardId-inner\"]"}
COMMAND: POST /session/a414a6ae85a434897fa1c9da3096b959/execute/async - {"script":"<script> [1562 bytes]","args":[{"selector":{"id":"application-manageyards-display-component---NewYard--addressDetailDetailsName1","interaction":{"idSuffix":"inner"}},"wdio_ui5_key":"applicationmanageyards-display-component---NewYard--addressDetailDetailsName1"}]}
RESULT: {"script":"<script> [1562 bytes]","args":[{"selector":{"id":"application-manageyards-display-component---NewYard--addressDetailDetailsName1","interaction":{"idSuffix":"inner"}},"wdio_ui5_key":"applicationmanageyards-display-component---NewYard--addressDetailDetailsName1"}]}
RESULT: undefined
COMMAND: POST /session/a414a6ae85a434897fa1c9da3096b959/execute/async - {"script":"<script> [776 bytes]","args":[{"enterText":"Warehouse Managed WDIO","selector":{"id":"application-manageyards-display-component---NewYard--addressDetailDetailsName1","interaction":{"idSuffix":"inner"}},"clearTextFirst":true,"interactionType":"ENTER_TEXT"}]}
RESULT: {"script":"<script> [776 bytes]","args":[{"enterText":"Warehouse Managed WDIO","selector":{"id":"application-manageyards-display-component---NewYard--addressDetailDetailsName1","interaction":{"idSuffix":"inner"}},"clearTextFirst":true,"interactionType":"ENTER_TEXT"}]}
COMMAND: POST /session/a414a6ae85a434897fa1c9da3096b959/execute/async - {"script":"<script> [1562 bytes]","args":[{"selector":{"id":"application-manageyards-display-component---NewYard--addressDetailDetailsLanguage-arrow"},"wdio_ui5_key":"applicationmanageyards-display-component---NewYard--addressDetailDetailsLanguage-arrow"}]}
RESULT: {"script":"<script> [1562 bytes]","args":[{"selector":{"id":"application-manageyards-display-component---NewYard--addressDetailDetailsLanguage-arrow"},"wdio_ui5_key":"applicationmanageyards-display-component---NewYard--addressDetailDetailsLanguage-arrow"}]}
RESULT: undefined
COMMAND: POST /session/a414a6ae85a434897fa1c9da3096b959/element - {"using":"xpath","value":"//*[@id=\"application-manageyards-display-component---NewYard--addressDetailDetailsLanguage-arrow\"]"}
RESULT: {"using":"xpath","value":"//*[@id=\"application-manageyards-display-component---NewYard--addressDetailDetailsLanguage-arrow\"]"}
COMMAND: POST /session/a414a6ae85a434897fa1c9da3096b959/element/f.63F842937ABE5650621AFC3910BCBB57.d.04DE53D5B8AF768BF1DBFE8354A2CD27.e.699/click - {}
RESULT: {}
COMMAND: POST /session/a414a6ae85a434897fa1c9da3096b959/element - {"using":"xpath","value":"//span[contains(text(), \"English\")]"}
COMMAND: GET /session/a414a6ae85a434897fa1c9da3096b959/screenshot - {}
RESULT: {"using":"xpath","value":"//span[contains(text(), \"English\")]"}
COMMAND: POST /session/a414a6ae85a434897fa1c9da3096b959/element/f.63F842937ABE5650621AFC3910BCBB57.d.04DE53D5B8AF768BF1DBFE8354A2CD27.e.700/click - {}
RESULT: {}
RESULT: {}
COMMAND: POST /session/a414a6ae85a434897fa1c9da3096b959/execute/async - {"script":"<script> [1562 bytes]","args":[{"selector":{"id":"application-manageyards-display-component---NewYard--addressDetailDetailsCity1","interaction":{"idSuffix":"inner"}},"wdio_ui5_key":"applicationmanageyards-display-component---NewYard--addressDetailDetailsCity1"}]}
COMMAND: GET /session/a414a6ae85a434897fa1c9da3096b959/screenshot - {}
RESULT: {"script":"<script> [1562 bytes]","args":[{"selector":{"id":"application-manageyards-display-component---NewYard--addressDetailDetailsCity1","interaction":{"idSuffix":"inner"}},"wdio_ui5_key":"applicationmanageyards-display-component---NewYard--addressDetailDetailsCity1"}]}
RESULT: undefined
COMMAND: POST /session/a414a6ae85a434897fa1c9da3096b959/execute/async - {"script":"<script> [776 bytes]","args":[{"enterText":"Rosario","selector":{"id":"application-manageyards-display-component---NewYard--addressDetailDetailsCity1","interaction":{"idSuffix":"inner"}},"clearTextFirst":true,"interactionType":"ENTER_TEXT"}]}
RESULT: {}
RESULT: {"script":"<script> [776 bytes]","args":[{"enterText":"Rosario","selector":{"id":"application-manageyards-display-component---NewYard--addressDetailDetailsCity1","interaction":{"idSuffix":"inner"}},"clearTextFirst":true,"interactionType":"ENTER_TEXT"}]}
COMMAND: POST /session/a414a6ae85a434897fa1c9da3096b959/execute/async - {"script":"<script> [1562 bytes]","args":[{"selector":{"id":"application-manageyards-display-component---NewYard--addressDetailDetailsCountry-arrow"},"wdio_ui5_key":"applicationmanageyards-display-component---NewYard--addressDetailDetailsCountry-arrow"}]}
RESULT: {"script":"<script> [1562 bytes]","args":[{"selector":{"id":"application-manageyards-display-component---NewYard--addressDetailDetailsCountry-arrow"},"wdio_ui5_key":"applicationmanageyards-display-component---NewYard--addressDetailDetailsCountry-arrow"}]}
RESULT: undefined
COMMAND: POST /session/a414a6ae85a434897fa1c9da3096b959/element - {"using":"xpath","value":"//*[@id=\"application-manageyards-display-component---NewYard--addressDetailDetailsCountry-arrow\"]"}
RESULT: {"using":"xpath","value":"//*[@id=\"application-manageyards-display-component---NewYard--addressDetailDetailsCountry-arrow\"]"}
COMMAND: POST /session/a414a6ae85a434897fa1c9da3096b959/element/f.63F842937ABE5650621AFC3910BCBB57.d.04DE53D5B8AF768BF1DBFE8354A2CD27.e.702/click - {}
RESULT: {}
COMMAND: POST /session/a414a6ae85a434897fa1c9da3096b959/element - {"using":"xpath","value":"//span[contains(text(), \"Argentina\")]"}
COMMAND: GET /session/a414a6ae85a434897fa1c9da3096b959/screenshot - {}
RESULT: {"using":"xpath","value":"//span[contains(text(), \"Argentina\")]"}
COMMAND: POST /session/a414a6ae85a434897fa1c9da3096b959/element/f.63F842937ABE5650621AFC3910BCBB57.d.04DE53D5B8AF768BF1DBFE8354A2CD27.e.703/click - {}
RESULT: {}
RESULT: {}
COMMAND: POST /session/a414a6ae85a434897fa1c9da3096b959/execute/async - {"script":"<script> [1562 bytes]","args":[{"selector":{"id":"application-manageyards-display-component---NewYard--addressEditDetailsCostObjectCstType-arrow"},"wdio_ui5_key":"applicationmanageyards-display-component---NewYard--addressEditDetailsCostObjectCstType-arrow"}]}
COMMAND: GET /session/a414a6ae85a434897fa1c9da3096b959/screenshot - {}
RESULT: {"script":"<script> [1562 bytes]","args":[{"selector":{"id":"application-manageyards-display-component---NewYard--addressEditDetailsCostObjectCstType-arrow"},"wdio_ui5_key":"applicationmanageyards-display-component---NewYard--addressEditDetailsCostObjectCstType-arrow"}]}
RESULT: undefined
COMMAND: POST /session/a414a6ae85a434897fa1c9da3096b959/element - {"using":"xpath","value":"//*[@id=\"application-manageyards-display-component---NewYard--addressEditDetailsCostObjectCstType-arrow\"]"}
RESULT: {}
RESULT: {"using":"xpath","value":"//*[@id=\"application-manageyards-display-component---NewYard--addressEditDetailsCostObjectCstType-arrow\"]"}
COMMAND: POST /session/a414a6ae85a434897fa1c9da3096b959/element/f.63F842937ABE5650621AFC3910BCBB57.d.04DE53D5B8AF768BF1DBFE8354A2CD27.e.705/click - {}
RESULT: {}
COMMAND: POST /session/a414a6ae85a434897fa1c9da3096b959/element - {"using":"xpath","value":"//span[contains(text(), \"Cost Center\")]"}
COMMAND: GET /session/a414a6ae85a434897fa1c9da3096b959/screenshot - {}
RESULT: {"using":"xpath","value":"//span[contains(text(), \"Cost Center\")]"}
COMMAND: POST /session/a414a6ae85a434897fa1c9da3096b959/element/f.63F842937ABE5650621AFC3910BCBB57.d.04DE53D5B8AF768BF1DBFE8354A2CD27.e.706/click - {}
RESULT: {}
RESULT: {}
COMMAND: GET /session/a414a6ae85a434897fa1c9da3096b959/screenshot - {}
RESULT: {}
COMMAND: POST /session/a414a6ae85a434897fa1c9da3096b959/element - {"using":"xpath","value":"//span[@id=\"application-manageyards-display-component---NewYard--addressNewCostObjectCstID-vhi\"]"}
RESULT: {"using":"xpath","value":"//span[@id=\"application-manageyards-display-component---NewYard--addressNewCostObjectCstID-vhi\"]"}
COMMAND: POST /session/a414a6ae85a434897fa1c9da3096b959/execute/sync - {"script":"<script> [8489 bytes]","args":[{"element-6066-11e4-a52e-4f735466cecf":"f.63F842937ABE5650621AFC3910BCBB57.d.04DE53D5B8AF768BF1DBFE8354A2CD27.e.710","ELEMENT":"f.63F842937ABE5650621AFC3910BCBB57.d.04DE53D5B8AF768BF1DBFE8354A2CD27.e.710"}]}
RESULT: {"script":"<script> [8489 bytes]","args":[{"element-6066-11e4-a52e-4f735466cecf":"f.63F842937ABE5650621AFC3910BCBB57.d.04DE53D5B8AF768BF1DBFE8354A2CD27.e.710","ELEMENT":"f.63F842937ABE5650621AFC3910BCBB57.d.04DE53D5B8AF768BF1DBFE8354A2CD27.e.710"}]}
COMMAND: POST /session/a414a6ae85a434897fa1c9da3096b959/execute/async - {"script":"<script> [1562 bytes]","args":[{"selector":{"id":"application-manageyards-display-component---NewYard--addressNewCostObjectCstID-vhi"},"wdio_ui5_key":"applicationmanageyards-display-component---NewYard--addressNewCostObjectCstID-vhi"}]}
COMMAND: GET /session/a414a6ae85a434897fa1c9da3096b959/screenshot - {}
RESULT: {"script":"<script> [1562 bytes]","args":[{"selector":{"id":"application-manageyards-display-component---NewYard--addressNewCostObjectCstID-vhi"},"wdio_ui5_key":"applicationmanageyards-display-component---NewYard--addressNewCostObjectCstID-vhi"}]}
RESULT: undefined
COMMAND: POST /session/a414a6ae85a434897fa1c9da3096b959/element - {"using":"xpath","value":"//*[@id=\"application-manageyards-display-component---NewYard--addressNewCostObjectCstID-vhi\"]"}
RESULT: {}
RESULT: {"using":"xpath","value":"//*[@id=\"application-manageyards-display-component---NewYard--addressNewCostObjectCstID-vhi\"]"}
COMMAND: POST /session/a414a6ae85a434897fa1c9da3096b959/element/f.63F842937ABE5650621AFC3910BCBB57.d.04DE53D5B8AF768BF1DBFE8354A2CD27.e.710/click - {}
RESULT: {}
COMMAND: GET /session/a414a6ae85a434897fa1c9da3096b959/screenshot - {}
RESULT: {}
COMMAND: POST /session/a414a6ae85a434897fa1c9da3096b959/execute/async - {"script":"<script> [1562 bytes]","args":[{"selector":{"controlType":"sap.m.SearchField","properties":{"placeholder":"Search"},"searchOpenDialogs":true,"interaction":{"idSuffix":"I"}},"wdio_ui5_key":"sapm.SearchField{\"placeholder\":\"Search\"}"}]}
RESULT: {"script":"<script> [1562 bytes]","args":[{"selector":{"controlType":"sap.m.SearchField","properties":{"placeholder":"Search"},"searchOpenDialogs":true,"interaction":{"idSuffix":"I"}},"wdio_ui5_key":"sapm.SearchField{\"placeholder\":\"Search\"}"}]}
RESULT: undefined
COMMAND: POST /session/a414a6ae85a434897fa1c9da3096b959/execute/async - {"script":"<script> [776 bytes]","args":[{"enterText":"bauh_b","selector":{"controlType":"sap.m.SearchField","properties":{"placeholder":"Search"},"searchOpenDialogs":true,"interaction":{"idSuffix":"I"}},"clearTextFirst":true,"interactionType":"ENTER_TEXT"}]}
RESULT: {"script":"<script> [776 bytes]","args":[{"enterText":"bauh_b","selector":{"controlType":"sap.m.SearchField","properties":{"placeholder":"Search"},"searchOpenDialogs":true,"interaction":{"idSuffix":"I"}},"clearTextFirst":true,"interactionType":"ENTER_TEXT"}]}
COMMAND: POST /session/a414a6ae85a434897fa1c9da3096b959/actions - {"actions":[{"id":"action1","type":"key","parameters":{},"actions":[{"type":"keyDown","value":""},{"type":"pause","duration":10},{"type":"keyUp","value":""}]}]}
RESULT: {"actions":[{"id":"action1","type":"key","parameters":{},"actions":[{"type":"keyDown","value":""},{"type":"pause","duration":10},{"type":"keyUp","value":""}]}]}
COMMAND: GET /session/a414a6ae85a434897fa1c9da3096b959/screenshot - {}
RESULT: {}
COMMAND: POST /session/a414a6ae85a434897fa1c9da3096b959/element - {"using":"xpath","value":"//span[contains(text(), \"Demo Yard\")]"}
RESULT: {"using":"xpath","value":"//span[contains(text(), \"Demo Yard\")]"}
COMMAND: POST /session/a414a6ae85a434897fa1c9da3096b959/element/f.63F842937ABE5650621AFC3910BCBB57.d.04DE53D5B8AF768BF1DBFE8354A2CD27.e.752/click - {}
RESULT: {}
COMMAND: GET /session/a414a6ae85a434897fa1c9da3096b959/screenshot - {}
RESULT: {}
COMMAND: POST /session/a414a6ae85a434897fa1c9da3096b959/element - {"using":"xpath","value":"//bdi[contains(text(), \"OK\")]"}
RESULT: {"using":"xpath","value":"//bdi[contains(text(), \"OK\")]"}
COMMAND: POST /session/a414a6ae85a434897fa1c9da3096b959/element/f.63F842937ABE5650621AFC3910BCBB57.d.04DE53D5B8AF768BF1DBFE8354A2CD27.e.753/click - {}
RESULT: {}
COMMAND: GET /session/a414a6ae85a434897fa1c9da3096b959/screenshot - {}
RESULT: {}
COMMAND: POST /session/a414a6ae85a434897fa1c9da3096b959/execute/async - {"script":"<script> [1562 bytes]","args":[{"selector":{"id":"application-manageyards-display-component---NewYard--addressEditDetailsCurrency-arrow"},"wdio_ui5_key":"applicationmanageyards-display-component---NewYard--addressEditDetailsCurrency-arrow"}]}
RESULT: {"script":"<script> [1562 bytes]","args":[{"selector":{"id":"application-manageyards-display-component---NewYard--addressEditDetailsCurrency-arrow"},"wdio_ui5_key":"applicationmanageyards-display-component---NewYard--addressEditDetailsCurrency-arrow"}]}
RESULT: undefined
COMMAND: POST /session/a414a6ae85a434897fa1c9da3096b959/element - {"using":"xpath","value":"//*[@id=\"application-manageyards-display-component---NewYard--addressEditDetailsCurrency-arrow\"]"}
RESULT: {"using":"xpath","value":"//*[@id=\"application-manageyards-display-component---NewYard--addressEditDetailsCurrency-arrow\"]"}
COMMAND: POST /session/a414a6ae85a434897fa1c9da3096b959/element/f.63F842937ABE5650621AFC3910BCBB57.d.04DE53D5B8AF768BF1DBFE8354A2CD27.e.756/click - {}
RESULT: {}
COMMAND: POST /session/a414a6ae85a434897fa1c9da3096b959/element - {"using":"xpath","value":"//span[contains(text(), \"Euro\")]"}
COMMAND: GET /session/a414a6ae85a434897fa1c9da3096b959/screenshot - {}
RESULT: {"using":"xpath","value":"//span[contains(text(), \"Euro\")]"}
COMMAND: POST /session/a414a6ae85a434897fa1c9da3096b959/element/f.63F842937ABE5650621AFC3910BCBB57.d.04DE53D5B8AF768BF1DBFE8354A2CD27.e.757/click - {}
RESULT: {}
RESULT: {}
COMMAND: POST /session/a414a6ae85a434897fa1c9da3096b959/execute/async - {"script":"<script> [1562 bytes]","args":[{"selector":{"controlType":"sap.m.Input","viewName":"etm.portal.ui.manageyards.view.New","viewId":"application-manageyards-display-component---NewYard","bindingPath":{"path":"","propertyPath":"/CONTROLLING_AREA","modelName":"NewYardModel"},"interaction":{"idSuffix":"inner"}},"wdio_ui5_key":"etmportal.ui.manageyards.view.Newsap.m.Input{\"path\":\"\",\"propertyPath\":\"/CONTROLLING_AREA\",\"modelName\":\"NewYardModel\"}"}]}
COMMAND: GET /session/a414a6ae85a434897fa1c9da3096b959/screenshot - {}
RESULT: {"script":"<script> [1562 bytes]","args":[{"selector":{"controlType":"sap.m.Input","viewName":"etm.portal.ui.manageyards.view.New","viewId":"application-manageyards-display-component---NewYard","bindingPath":{"path":"","propertyPath":"/CONTROLLING_AREA","modelName":"NewYardModel"},"interaction":{"idSuffix":"inner"}},"wdio_ui5_key":"etmportal.ui.manageyards.view.Newsap.m.Input{\"path\":\"\",\"propertyPath\":\"/CONTROLLING_AREA\",\"modelName\":\"NewYardModel\"}"}]}
RESULT: undefined
COMMAND: POST /session/a414a6ae85a434897fa1c9da3096b959/execute/async - {"script":"<script> [776 bytes]","args":[{"enterText":"Z001","selector":{"controlType":"sap.m.Input","viewName":"etm.portal.ui.manageyards.view.New","viewId":"application-manageyards-display-component---NewYard","bindingPath":{"path":"","propertyPath":"/CONTROLLING_AREA","modelName":"NewYardModel"},"interaction":{"idSuffix":"inner"}},"clearTextFirst":true,"interactionType":"ENTER_TEXT"}]}
RESULT: {}
RESULT: {"script":"<script> [776 bytes]","args":[{"enterText":"Z001","selector":{"controlType":"sap.m.Input","viewName":"etm.portal.ui.manageyards.view.New","viewId":"application-manageyards-display-component---NewYard","bindingPath":{"path":"","propertyPath":"/CONTROLLING_AREA","modelName":"NewYardModel"},"interaction":{"idSuffix":"inner"}},"clearTextFirst":true,"interactionType":"ENTER_TEXT"}]}
COMMAND: POST /session/a414a6ae85a434897fa1c9da3096b959/execute/async - {"script":"<script> [1562 bytes]","args":[{"selector":{"id":"application-manageyards-display-component---NewYard--companyCodeComboBox","interaction":{"idSuffix":"inner"}},"wdio_ui5_key":"applicationmanageyards-display-component---NewYard--companyCodeComboBox"}]}
RESULT: {"script":"<script> [1562 bytes]","args":[{"selector":{"id":"application-manageyards-display-component---NewYard--companyCodeComboBox","interaction":{"idSuffix":"inner"}},"wdio_ui5_key":"applicationmanageyards-display-component---NewYard--companyCodeComboBox"}]}
RESULT: undefined
COMMAND: POST /session/a414a6ae85a434897fa1c9da3096b959/execute/async - {"script":"<script> [776 bytes]","args":[{"enterText":"1000","selector":{"id":"application-manageyards-display-component---NewYard--companyCodeComboBox","interaction":{"idSuffix":"inner"}},"clearTextFirst":true,"interactionType":"ENTER_TEXT"}]}
RESULT: {"script":"<script> [776 bytes]","args":[{"enterText":"1000","selector":{"id":"application-manageyards-display-component---NewYard--companyCodeComboBox","interaction":{"idSuffix":"inner"}},"clearTextFirst":true,"interactionType":"ENTER_TEXT"}]}
COMMAND: POST /session/a414a6ae85a434897fa1c9da3096b959/execute/async - {"script":"<script> [1562 bytes]","args":[{"selector":{"controlType":"sap.m.Input","viewName":"etm.portal.ui.manageyards.view.New","viewId":"application-manageyards-display-component---NewYard","bindingPath":{"path":"","propertyPath":"/PLANT","modelName":"NewYardModel"},"interaction":{"idSuffix":"inner"}},"wdio_ui5_key":"etmportal.ui.manageyards.view.Newsap.m.Input{\"path\":\"\",\"propertyPath\":\"/PLANT\",\"modelName\":\"NewYardModel\"}"}]}
RESULT: {"script":"<script> [1562 bytes]","args":[{"selector":{"controlType":"sap.m.Input","viewName":"etm.portal.ui.manageyards.view.New","viewId":"application-manageyards-display-component---NewYard","bindingPath":{"path":"","propertyPath":"/PLANT","modelName":"NewYardModel"},"interaction":{"idSuffix":"inner"}},"wdio_ui5_key":"etmportal.ui.manageyards.view.Newsap.m.Input{\"path\":\"\",\"propertyPath\":\"/PLANT\",\"modelName\":\"NewYardModel\"}"}]}
RESULT: undefined
COMMAND: POST /session/a414a6ae85a434897fa1c9da3096b959/execute/async - {"script":"<script> [776 bytes]","args":[{"enterText":"1001","selector":{"controlType":"sap.m.Input","viewName":"etm.portal.ui.manageyards.view.New","viewId":"application-manageyards-display-component---NewYard","bindingPath":{"path":"","propertyPath":"/PLANT","modelName":"NewYardModel"},"interaction":{"idSuffix":"inner"}},"clearTextFirst":true,"interactionType":"ENTER_TEXT"}]}
RESULT: {"script":"<script> [776 bytes]","args":[{"enterText":"1001","selector":{"controlType":"sap.m.Input","viewName":"etm.portal.ui.manageyards.view.New","viewId":"application-manageyards-display-component---NewYard","bindingPath":{"path":"","propertyPath":"/PLANT","modelName":"NewYardModel"},"interaction":{"idSuffix":"inner"}},"clearTextFirst":true,"interactionType":"ENTER_TEXT"}]}
COMMAND: POST /session/a414a6ae85a434897fa1c9da3096b959/execute/async - {"script":"<script> [1562 bytes]","args":[{"selector":{"controlType":"sap.m.Input","viewName":"etm.portal.ui.manageyards.view.New","viewId":"application-manageyards-display-component---NewYard","bindingPath":{"path":"","propertyPath":"/SALES_AREA_VKORG","modelName":"NewYardModel"},"interaction":{"idSuffix":"inner"}},"wdio_ui5_key":"etmportal.ui.manageyards.view.Newsap.m.Input{\"path\":\"\",\"propertyPath\":\"/SALES_AREA_VKORG\",\"modelName\":\"NewYardModel\"}"}]}
RESULT: {"script":"<script> [1562 bytes]","args":[{"selector":{"controlType":"sap.m.Input","viewName":"etm.portal.ui.manageyards.view.New","viewId":"application-manageyards-display-component---NewYard","bindingPath":{"path":"","propertyPath":"/SALES_AREA_VKORG","modelName":"NewYardModel"},"interaction":{"idSuffix":"inner"}},"wdio_ui5_key":"etmportal.ui.manageyards.view.Newsap.m.Input{\"path\":\"\",\"propertyPath\":\"/SALES_AREA_VKORG\",\"modelName\":\"NewYardModel\"}"}]}
RESULT: undefined
COMMAND: POST /session/a414a6ae85a434897fa1c9da3096b959/execute/async - {"script":"<script> [776 bytes]","args":[{"enterText":"C002","selector":{"controlType":"sap.m.Input","viewName":"etm.portal.ui.manageyards.view.New","viewId":"application-manageyards-display-component---NewYard","bindingPath":{"path":"","propertyPath":"/SALES_AREA_VKORG","modelName":"NewYardModel"},"interaction":{"idSuffix":"inner"}},"clearTextFirst":true,"interactionType":"ENTER_TEXT"}]}
RESULT: {"script":"<script> [776 bytes]","args":[{"enterText":"C002","selector":{"controlType":"sap.m.Input","viewName":"etm.portal.ui.manageyards.view.New","viewId":"application-manageyards-display-component---NewYard","bindingPath":{"path":"","propertyPath":"/SALES_AREA_VKORG","modelName":"NewYardModel"},"interaction":{"idSuffix":"inner"}},"clearTextFirst":true,"interactionType":"ENTER_TEXT"}]}
COMMAND: POST /session/a414a6ae85a434897fa1c9da3096b959/execute/async - {"script":"<script> [1562 bytes]","args":[{"selector":{"controlType":"sap.m.Input","viewName":"etm.portal.ui.manageyards.view.New","viewId":"application-manageyards-display-component---NewYard","bindingPath":{"path":"","propertyPath":"/SALES_AREA_VTWEG","modelName":"NewYardModel"},"interaction":{"idSuffix":"inner"}},"wdio_ui5_key":"etmportal.ui.manageyards.view.Newsap.m.Input{\"path\":\"\",\"propertyPath\":\"/SALES_AREA_VTWEG\",\"modelName\":\"NewYardModel\"}"}]}
RESULT: {"script":"<script> [1562 bytes]","args":[{"selector":{"controlType":"sap.m.Input","viewName":"etm.portal.ui.manageyards.view.New","viewId":"application-manageyards-display-component---NewYard","bindingPath":{"path":"","propertyPath":"/SALES_AREA_VTWEG","modelName":"NewYardModel"},"interaction":{"idSuffix":"inner"}},"wdio_ui5_key":"etmportal.ui.manageyards.view.Newsap.m.Input{\"path\":\"\",\"propertyPath\":\"/SALES_AREA_VTWEG\",\"modelName\":\"NewYardModel\"}"}]}
RESULT: undefined
COMMAND: POST /session/a414a6ae85a434897fa1c9da3096b959/execute/async - {"script":"<script> [776 bytes]","args":[{"enterText":"C2","selector":{"controlType":"sap.m.Input","viewName":"etm.portal.ui.manageyards.view.New","viewId":"application-manageyards-display-component---NewYard","bindingPath":{"path":"","propertyPath":"/SALES_AREA_VTWEG","modelName":"NewYardModel"},"interaction":{"idSuffix":"inner"}},"clearTextFirst":true,"interactionType":"ENTER_TEXT"}]}
RESULT: {"script":"<script> [776 bytes]","args":[{"enterText":"C2","selector":{"controlType":"sap.m.Input","viewName":"etm.portal.ui.manageyards.view.New","viewId":"application-manageyards-display-component---NewYard","bindingPath":{"path":"","propertyPath":"/SALES_AREA_VTWEG","modelName":"NewYardModel"},"interaction":{"idSuffix":"inner"}},"clearTextFirst":true,"interactionType":"ENTER_TEXT"}]}
COMMAND: POST /session/a414a6ae85a434897fa1c9da3096b959/execute/async - {"script":"<script> [1562 bytes]","args":[{"selector":{"controlType":"sap.m.Input","viewName":"etm.portal.ui.manageyards.view.New","viewId":"application-manageyards-display-component---NewYard","bindingPath":{"path":"","propertyPath":"/SALES_AREA_SPART","modelName":"NewYardModel"},"interaction":{"idSuffix":"inner"}},"wdio_ui5_key":"etmportal.ui.manageyards.view.Newsap.m.Input{\"path\":\"\",\"propertyPath\":\"/SALES_AREA_SPART\",\"modelName\":\"NewYardModel\"}"}]}
RESULT: {"script":"<script> [1562 bytes]","args":[{"selector":{"controlType":"sap.m.Input","viewName":"etm.portal.ui.manageyards.view.New","viewId":"application-manageyards-display-component---NewYard","bindingPath":{"path":"","propertyPath":"/SALES_AREA_SPART","modelName":"NewYardModel"},"interaction":{"idSuffix":"inner"}},"wdio_ui5_key":"etmportal.ui.manageyards.view.Newsap.m.Input{\"path\":\"\",\"propertyPath\":\"/SALES_AREA_SPART\",\"modelName\":\"NewYardModel\"}"}]}
RESULT: undefined
COMMAND: POST /session/a414a6ae85a434897fa1c9da3096b959/execute/async - {"script":"<script> [776 bytes]","args":[{"enterText":"C2","selector":{"controlType":"sap.m.Input","viewName":"etm.portal.ui.manageyards.view.New","viewId":"application-manageyards-display-component---NewYard","bindingPath":{"path":"","propertyPath":"/SALES_AREA_SPART","modelName":"NewYardModel"},"interaction":{"idSuffix":"inner"}},"clearTextFirst":true,"interactionType":"ENTER_TEXT"}]}
RESULT: {"script":"<script> [776 bytes]","args":[{"enterText":"C2","selector":{"controlType":"sap.m.Input","viewName":"etm.portal.ui.manageyards.view.New","viewId":"application-manageyards-display-component---NewYard","bindingPath":{"path":"","propertyPath":"/SALES_AREA_SPART","modelName":"NewYardModel"},"interaction":{"idSuffix":"inner"}},"clearTextFirst":true,"interactionType":"ENTER_TEXT"}]}
COMMAND: POST /session/a414a6ae85a434897fa1c9da3096b959/execute/async - {"script":"<script> [1562 bytes]","args":[{"selector":{"controlType":"sap.m.Input","viewName":"etm.portal.ui.manageyards.view.New","viewId":"application-manageyards-display-component---NewYard","bindingPath":{"path":"","propertyPath":"/SHIP_POINT","modelName":"NewYardModel"},"interaction":{"idSuffix":"inner"}},"wdio_ui5_key":"etmportal.ui.manageyards.view.Newsap.m.Input{\"path\":\"\",\"propertyPath\":\"/SHIP_POINT\",\"modelName\":\"NewYardModel\"}"}]}
RESULT: {"script":"<script> [1562 bytes]","args":[{"selector":{"controlType":"sap.m.Input","viewName":"etm.portal.ui.manageyards.view.New","viewId":"application-manageyards-display-component---NewYard","bindingPath":{"path":"","propertyPath":"/SHIP_POINT","modelName":"NewYardModel"},"interaction":{"idSuffix":"inner"}},"wdio_ui5_key":"etmportal.ui.manageyards.view.Newsap.m.Input{\"path\":\"\",\"propertyPath\":\"/SHIP_POINT\",\"modelName\":\"NewYardModel\"}"}]}
RESULT: undefined
COMMAND: POST /session/a414a6ae85a434897fa1c9da3096b959/execute/async - {"script":"<script> [776 bytes]","args":[{"enterText":"1710","selector":{"controlType":"sap.m.Input","viewName":"etm.portal.ui.manageyards.view.New","viewId":"application-manageyards-display-component---NewYard","bindingPath":{"path":"","propertyPath":"/SHIP_POINT","modelName":"NewYardModel"},"interaction":{"idSuffix":"inner"}},"clearTextFirst":true,"interactionType":"ENTER_TEXT"}]}
RESULT: {"script":"<script> [776 bytes]","args":[{"enterText":"1710","selector":{"controlType":"sap.m.Input","viewName":"etm.portal.ui.manageyards.view.New","viewId":"application-manageyards-display-component---NewYard","bindingPath":{"path":"","propertyPath":"/SHIP_POINT","modelName":"NewYardModel"},"interaction":{"idSuffix":"inner"}},"clearTextFirst":true,"interactionType":"ENTER_TEXT"}]}
COMMAND: POST /session/a414a6ae85a434897fa1c9da3096b959/execute/async - {"script":"<script> [1562 bytes]","args":[{"selector":{"controlType":"sap.m.Input","viewName":"etm.portal.ui.manageyards.view.New","viewId":"application-manageyards-display-component---NewYard","bindingPath":{"path":"","propertyPath":"/DELIVERY_TYPE","modelName":"NewYardModel"},"interaction":{"idSuffix":"inner"}},"wdio_ui5_key":"etmportal.ui.manageyards.view.Newsap.m.Input{\"path\":\"\",\"propertyPath\":\"/DELIVERY_TYPE\",\"modelName\":\"NewYardModel\"}"}]}
RESULT: {"script":"<script> [1562 bytes]","args":[{"selector":{"controlType":"sap.m.Input","viewName":"etm.portal.ui.manageyards.view.New","viewId":"application-manageyards-display-component---NewYard","bindingPath":{"path":"","propertyPath":"/DELIVERY_TYPE","modelName":"NewYardModel"},"interaction":{"idSuffix":"inner"}},"wdio_ui5_key":"etmportal.ui.manageyards.view.Newsap.m.Input{\"path\":\"\",\"propertyPath\":\"/DELIVERY_TYPE\",\"modelName\":\"NewYardModel\"}"}]}
RESULT: undefined
COMMAND: POST /session/a414a6ae85a434897fa1c9da3096b959/execute/async - {"script":"<script> [776 bytes]","args":[{"enterText":"ZL01","selector":{"controlType":"sap.m.Input","viewName":"etm.portal.ui.manageyards.view.New","viewId":"application-manageyards-display-component---NewYard","bindingPath":{"path":"","propertyPath":"/DELIVERY_TYPE","modelName":"NewYardModel"},"interaction":{"idSuffix":"inner"}},"clearTextFirst":true,"interactionType":"ENTER_TEXT"}]}
RESULT: {"script":"<script> [776 bytes]","args":[{"enterText":"ZL01","selector":{"controlType":"sap.m.Input","viewName":"etm.portal.ui.manageyards.view.New","viewId":"application-manageyards-display-component---NewYard","bindingPath":{"path":"","propertyPath":"/DELIVERY_TYPE","modelName":"NewYardModel"},"interaction":{"idSuffix":"inner"}},"clearTextFirst":true,"interactionType":"ENTER_TEXT"}]}
COMMAND: POST /session/a414a6ae85a434897fa1c9da3096b959/execute/async - {"script":"<script> [1562 bytes]","args":[{"selector":{"controlType":"sap.m.Input","viewName":"etm.portal.ui.manageyards.view.New","viewId":"application-manageyards-display-component---NewYard","bindingPath":{"path":"","propertyPath":"/AUART","modelName":"NewYardModel"},"interaction":{"idSuffix":"inner"}},"wdio_ui5_key":"etmportal.ui.manageyards.view.Newsap.m.Input{\"path\":\"\",\"propertyPath\":\"/AUART\",\"modelName\":\"NewYardModel\"}"}]}
RESULT: {"script":"<script> [1562 bytes]","args":[{"selector":{"controlType":"sap.m.Input","viewName":"etm.portal.ui.manageyards.view.New","viewId":"application-manageyards-display-component---NewYard","bindingPath":{"path":"","propertyPath":"/AUART","modelName":"NewYardModel"},"interaction":{"idSuffix":"inner"}},"wdio_ui5_key":"etmportal.ui.manageyards.view.Newsap.m.Input{\"path\":\"\",\"propertyPath\":\"/AUART\",\"modelName\":\"NewYardModel\"}"}]}
RESULT: undefined
COMMAND: POST /session/a414a6ae85a434897fa1c9da3096b959/execute/async - {"script":"<script> [776 bytes]","args":[{"enterText":"TA","selector":{"controlType":"sap.m.Input","viewName":"etm.portal.ui.manageyards.view.New","viewId":"application-manageyards-display-component---NewYard","bindingPath":{"path":"","propertyPath":"/AUART","modelName":"NewYardModel"},"interaction":{"idSuffix":"inner"}},"clearTextFirst":true,"interactionType":"ENTER_TEXT"}]}
RESULT: {"script":"<script> [776 bytes]","args":[{"enterText":"TA","selector":{"controlType":"sap.m.Input","viewName":"etm.portal.ui.manageyards.view.New","viewId":"application-manageyards-display-component---NewYard","bindingPath":{"path":"","propertyPath":"/AUART","modelName":"NewYardModel"},"interaction":{"idSuffix":"inner"}},"clearTextFirst":true,"interactionType":"ENTER_TEXT"}]}
COMMAND: POST /session/a414a6ae85a434897fa1c9da3096b959/execute/async - {"script":"<script> [1562 bytes]","args":[{"selector":{"id":"application-manageyards-display-component---NewYard--whmCheckBox","interaction":{"idSuffix":"CbBg"}},"wdio_ui5_key":"applicationmanageyards-display-component---NewYard--whmCheckBox"}]}
RESULT: {"script":"<script> [1562 bytes]","args":[{"selector":{"id":"application-manageyards-display-component---NewYard--whmCheckBox","interaction":{"idSuffix":"CbBg"}},"wdio_ui5_key":"applicationmanageyards-display-component---NewYard--whmCheckBox"}]}
RESULT: undefined
COMMAND: POST /session/a414a6ae85a434897fa1c9da3096b959/element - {"using":"xpath","value":"//*[@id=\"application-manageyards-display-component---NewYard--whmCheckBox\"]"}
RESULT: {"using":"xpath","value":"//*[@id=\"application-manageyards-display-component---NewYard--whmCheckBox\"]"}
COMMAND: POST /session/a414a6ae85a434897fa1c9da3096b959/element/f.63F842937ABE5650621AFC3910BCBB57.d.04DE53D5B8AF768BF1DBFE8354A2CD27.e.777/click - {}
RESULT: {}
COMMAND: GET /session/a414a6ae85a434897fa1c9da3096b959/screenshot - {}
RESULT: {}
COMMAND: POST /session/a414a6ae85a434897fa1c9da3096b959/element - {"using":"xpath","value":"//button[@data-kt=\"newYardSaveButton\"]"}
RESULT: {"using":"xpath","value":"//button[@data-kt=\"newYardSaveButton\"]"}
COMMAND: POST /session/a414a6ae85a434897fa1c9da3096b959/element/f.63F842937ABE5650621AFC3910BCBB57.d.04DE53D5B8AF768BF1DBFE8354A2CD27.e.682/click - {}
RESULT: {}
COMMAND: GET /session/a414a6ae85a434897fa1c9da3096b959/screenshot - {}
RESULT: {}
COMMAND: POST /session/a414a6ae85a434897fa1c9da3096b959/element - {"using":"xpath","value":"//header[contains(@id, 'ObjectPageLayout-headerTitle')]/div[1]/div[2]/div[1]/span[1]"}
RESULT: {"using":"xpath","value":"//header[contains(@id, 'ObjectPageLayout-headerTitle')]/div[1]/div[2]/div[1]/span[1]"}
COMMAND: POST /session/a414a6ae85a434897fa1c9da3096b959/elements - {"using":"xpath","value":"//header[contains(@id, 'ObjectPageLayout-headerTitle')]/div[1]/div[2]/div[1]/span[1]"}
RESULT: {"using":"xpath","value":"//header[contains(@id, 'ObjectPageLayout-headerTitle')]/div[1]/div[2]/div[1]/span[1]"}
COMMAND: POST /session/a414a6ae85a434897fa1c9da3096b959/execute/sync - {"script":"<script> [56 bytes]","args":[{"element-6066-11e4-a52e-4f735466cecf":"f.63F842937ABE5650621AFC3910BCBB57.d.04DE53D5B8AF768BF1DBFE8354A2CD27.e.976","ELEMENT":"f.63F842937ABE5650621AFC3910BCBB57.d.04DE53D5B8AF768BF1DBFE8354A2CD27.e.976"}]}
RESULT: {"script":"<script> [56 bytes]","args":[{"element-6066-11e4-a52e-4f735466cecf":"f.63F842937ABE5650621AFC3910BCBB57.d.04DE53D5B8AF768BF1DBFE8354A2CD27.e.976","ELEMENT":"f.63F842937ABE5650621AFC3910BCBB57.d.04DE53D5B8AF768BF1DBFE8354A2CD27.e.976"}]}
COMMAND: GET /session/a414a6ae85a434897fa1c9da3096b959/screenshot - {}
RESULT: {}
COMMAND: POST /session/a414a6ae85a434897fa1c9da3096b959/element - {"using":"css selector","value":"#shell-header-logo"}
RESULT: {"using":"css selector","value":"#shell-header-logo"}
COMMAND: POST /session/a414a6ae85a434897fa1c9da3096b959/element/f.63F842937ABE5650621AFC3910BCBB57.d.04DE53D5B8AF768BF1DBFE8354A2CD27.e.229/click - {}
RESULT: {}
COMMAND: GET /session/a414a6ae85a434897fa1c9da3096b959/screenshot - {}
RESULT: {}
COMMAND: POST /session/a414a6ae85a434897fa1c9da3096b959/execute/sync - {"script":"<script> [299 bytes]","args":[["getModel","getResource"]]}
RESULT: {"script":"<script> [299 bytes]","args":[["getModel","getResource"]]}
]]></system-out>
    </testcase>
    <testcase classname="chrome.136_0_7103_93.windows.Stock_increase_-_with_WHM_US125587" name="Should create a new external WHM partner" time="85.14">
      <failure/>
      <error message="Can't call click on element with selector &quot;//span[contains(text(), &quot;English&quot;)]&quot; because element wasn't found"/>
      <system-out><![CDATA[
COMMAND: POST /session/a414a6ae85a434897fa1c9da3096b959/window/fullscreen - {}
COMMAND: GET /session/a414a6ae85a434897fa1c9da3096b959/screenshot - {}
RESULT: {}
COMMAND: POST /session/a414a6ae85a434897fa1c9da3096b959/execute/async - {"script":"<script> [1562 bytes]","args":[{"selector":{"controlType":"sap.m.GenericTile","properties":{"header":"Manage Partners"}},"wdio_ui5_key":"sapm.GenericTile{\"header\":\"Manage Partners\"}"}]}
RESULT: {}
RESULT: {"script":"<script> [1562 bytes]","args":[{"selector":{"controlType":"sap.m.GenericTile","properties":{"header":"Manage Partners"}},"wdio_ui5_key":"sapm.GenericTile{\"header\":\"Manage Partners\"}"}]}
RESULT: undefined
COMMAND: POST /session/a414a6ae85a434897fa1c9da3096b959/element - {"using":"xpath","value":"//*[@id=\"__tile38\"]"}
RESULT: {"using":"xpath","value":"//*[@id=\"__tile38\"]"}
COMMAND: POST /session/a414a6ae85a434897fa1c9da3096b959/element/f.63F842937ABE5650621AFC3910BCBB57.d.04DE53D5B8AF768BF1DBFE8354A2CD27.e.114/click - {}
RESULT: {}
COMMAND: GET /session/a414a6ae85a434897fa1c9da3096b959/screenshot - {}
RESULT: {}
COMMAND: POST /session/a414a6ae85a434897fa1c9da3096b959/elements - {"using":"xpath","value":"//span[text()='Error']"}
RESULT: {"using":"xpath","value":"//span[text()='Error']"}
COMMAND: POST /session/a414a6ae85a434897fa1c9da3096b959/element - {"using":"xpath","value":"//button[@data-kt=\"addButton\"]"}
RESULT: {"using":"xpath","value":"//button[@data-kt=\"addButton\"]"}
COMMAND: POST /session/a414a6ae85a434897fa1c9da3096b959/elements - {"using":"xpath","value":"//button[@data-kt=\"addButton\"]"}
RESULT: {"using":"xpath","value":"//button[@data-kt=\"addButton\"]"}
COMMAND: POST /session/a414a6ae85a434897fa1c9da3096b959/execute/sync - {"script":"<script> [8489 bytes]","args":[{"element-6066-11e4-a52e-4f735466cecf":"f.63F842937ABE5650621AFC3910BCBB57.d.04DE53D5B8AF768BF1DBFE8354A2CD27.e.1025","ELEMENT":"f.63F842937ABE5650621AFC3910BCBB57.d.04DE53D5B8AF768BF1DBFE8354A2CD27.e.1025"}]}
RESULT: {"script":"<script> [8489 bytes]","args":[{"element-6066-11e4-a52e-4f735466cecf":"f.63F842937ABE5650621AFC3910BCBB57.d.04DE53D5B8AF768BF1DBFE8354A2CD27.e.1025","ELEMENT":"f.63F842937ABE5650621AFC3910BCBB57.d.04DE53D5B8AF768BF1DBFE8354A2CD27.e.1025"}]}
COMMAND: GET /session/a414a6ae85a434897fa1c9da3096b959/element/f.63F842937ABE5650621AFC3910BCBB57.d.04DE53D5B8AF768BF1DBFE8354A2CD27.e.1025/enabled - {}
COMMAND: GET /session/a414a6ae85a434897fa1c9da3096b959/screenshot - {}
RESULT: {}
COMMAND: POST /session/a414a6ae85a434897fa1c9da3096b959/execute/sync - {"script":"<script> [8489 bytes]","args":[{"element-6066-11e4-a52e-4f735466cecf":"f.63F842937ABE5650621AFC3910BCBB57.d.04DE53D5B8AF768BF1DBFE8354A2CD27.e.1025","ELEMENT":"f.63F842937ABE5650621AFC3910BCBB57.d.04DE53D5B8AF768BF1DBFE8354A2CD27.e.1025"}]}
COMMAND: GET /session/a414a6ae85a434897fa1c9da3096b959/screenshot - {}
RESULT: {}
RESULT: {"script":"<script> [8489 bytes]","args":[{"element-6066-11e4-a52e-4f735466cecf":"f.63F842937ABE5650621AFC3910BCBB57.d.04DE53D5B8AF768BF1DBFE8354A2CD27.e.1025","ELEMENT":"f.63F842937ABE5650621AFC3910BCBB57.d.04DE53D5B8AF768BF1DBFE8354A2CD27.e.1025"}]}
COMMAND: POST /session/a414a6ae85a434897fa1c9da3096b959/execute/sync - {"script":"<script> [5351 bytes]","args":[{"element-6066-11e4-a52e-4f735466cecf":"f.63F842937ABE5650621AFC3910BCBB57.d.04DE53D5B8AF768BF1DBFE8354A2CD27.e.1025","ELEMENT":"f.63F842937ABE5650621AFC3910BCBB57.d.04DE53D5B8AF768BF1DBFE8354A2CD27.e.1025"}]}
COMMAND: GET /session/a414a6ae85a434897fa1c9da3096b959/screenshot - {}
RESULT: {}
RESULT: {"script":"<script> [5351 bytes]","args":[{"element-6066-11e4-a52e-4f735466cecf":"f.63F842937ABE5650621AFC3910BCBB57.d.04DE53D5B8AF768BF1DBFE8354A2CD27.e.1025","ELEMENT":"f.63F842937ABE5650621AFC3910BCBB57.d.04DE53D5B8AF768BF1DBFE8354A2CD27.e.1025"}]}
COMMAND: POST /session/a414a6ae85a434897fa1c9da3096b959/element/f.63F842937ABE5650621AFC3910BCBB57.d.04DE53D5B8AF768BF1DBFE8354A2CD27.e.1025/click - {}
COMMAND: GET /session/a414a6ae85a434897fa1c9da3096b959/screenshot - {}
RESULT: {}
RESULT: {}
COMMAND: GET /session/a414a6ae85a434897fa1c9da3096b959/screenshot - {}
COMMAND: POST /session/a414a6ae85a434897fa1c9da3096b959/execute/async - {"script":"<script> [1562 bytes]","args":[{"selector":{"id":"application-managepartners-display-component---NewPartner--addressDetailDetailsName1","interaction":{"idSuffix":"inner"}},"wdio_ui5_key":"applicationmanagepartners-display-component---NewPartner--addressDetailDetailsName1"}]}
RESULT: {}
RESULT: {}
RESULT: {"script":"<script> [1562 bytes]","args":[{"selector":{"id":"application-managepartners-display-component---NewPartner--addressDetailDetailsName1","interaction":{"idSuffix":"inner"}},"wdio_ui5_key":"applicationmanagepartners-display-component---NewPartner--addressDetailDetailsName1"}]}
RESULT: undefined
COMMAND: POST /session/a414a6ae85a434897fa1c9da3096b959/execute/async - {"script":"<script> [776 bytes]","args":[{"enterText":"External Partner WDIO","selector":{"id":"application-managepartners-display-component---NewPartner--addressDetailDetailsName1","interaction":{"idSuffix":"inner"}},"clearTextFirst":true,"interactionType":"ENTER_TEXT"}]}
RESULT: {"script":"<script> [776 bytes]","args":[{"enterText":"External Partner WDIO","selector":{"id":"application-managepartners-display-component---NewPartner--addressDetailDetailsName1","interaction":{"idSuffix":"inner"}},"clearTextFirst":true,"interactionType":"ENTER_TEXT"}]}
COMMAND: POST /session/a414a6ae85a434897fa1c9da3096b959/execute/async - {"script":"<script> [1562 bytes]","args":[{"selector":{"id":"application-managepartners-display-component---NewPartner--addressDetailDetailsLanguage-arrow"},"wdio_ui5_key":"applicationmanagepartners-display-component---NewPartner--addressDetailDetailsLanguage-arrow"}]}
RESULT: {"script":"<script> [1562 bytes]","args":[{"selector":{"id":"application-managepartners-display-component---NewPartner--addressDetailDetailsLanguage-arrow"},"wdio_ui5_key":"applicationmanagepartners-display-component---NewPartner--addressDetailDetailsLanguage-arrow"}]}
RESULT: undefined
COMMAND: POST /session/a414a6ae85a434897fa1c9da3096b959/element - {"using":"xpath","value":"//*[@id=\"application-managepartners-display-component---NewPartner--addressDetailDetailsLanguage-arrow\"]"}
RESULT: {"using":"xpath","value":"//*[@id=\"application-managepartners-display-component---NewPartner--addressDetailDetailsLanguage-arrow\"]"}
COMMAND: POST /session/a414a6ae85a434897fa1c9da3096b959/element/f.63F842937ABE5650621AFC3910BCBB57.d.04DE53D5B8AF768BF1DBFE8354A2CD27.e.1462/click - {}
COMMAND: POST /session/a414a6ae85a434897fa1c9da3096b959/element - {"using":"xpath","value":"//span[contains(text(), \"English\")]"}
RESULT: {"using":"xpath","value":"//span[contains(text(), \"English\")]"}
COMMAND: POST /session/a414a6ae85a434897fa1c9da3096b959/elements - {"using":"xpath","value":"//span[contains(text(), \"English\")]"}
RESULT: {"using":"xpath","value":"//span[contains(text(), \"English\")]"}
COMMAND: POST /session/a414a6ae85a434897fa1c9da3096b959/elements - {"using":"xpath","value":"//span[contains(text(), \"English\")]"}
RESULT: {"using":"xpath","value":"//span[contains(text(), \"English\")]"}
COMMAND: POST /session/a414a6ae85a434897fa1c9da3096b959/elements - {"using":"xpath","value":"//span[contains(text(), \"English\")]"}
RESULT: {"using":"xpath","value":"//span[contains(text(), \"English\")]"}
COMMAND: POST /session/a414a6ae85a434897fa1c9da3096b959/elements - {"using":"xpath","value":"//span[contains(text(), \"English\")]"}
RESULT: {"using":"xpath","value":"//span[contains(text(), \"English\")]"}
COMMAND: POST /session/a414a6ae85a434897fa1c9da3096b959/elements - {"using":"xpath","value":"//span[contains(text(), \"English\")]"}
RESULT: {"using":"xpath","value":"//span[contains(text(), \"English\")]"}
COMMAND: POST /session/a414a6ae85a434897fa1c9da3096b959/elements - {"using":"xpath","value":"//span[contains(text(), \"English\")]"}
RESULT: {"using":"xpath","value":"//span[contains(text(), \"English\")]"}
COMMAND: POST /session/a414a6ae85a434897fa1c9da3096b959/elements - {"using":"xpath","value":"//span[contains(text(), \"English\")]"}
RESULT: {"using":"xpath","value":"//span[contains(text(), \"English\")]"}
COMMAND: POST /session/a414a6ae85a434897fa1c9da3096b959/elements - {"using":"xpath","value":"//span[contains(text(), \"English\")]"}
RESULT: {"using":"xpath","value":"//span[contains(text(), \"English\")]"}
COMMAND: POST /session/a414a6ae85a434897fa1c9da3096b959/elements - {"using":"xpath","value":"//span[contains(text(), \"English\")]"}
RESULT: {"using":"xpath","value":"//span[contains(text(), \"English\")]"}
COMMAND: POST /session/a414a6ae85a434897fa1c9da3096b959/elements - {"using":"xpath","value":"//span[contains(text(), \"English\")]"}
RESULT: {"using":"xpath","value":"//span[contains(text(), \"English\")]"}
COMMAND: POST /session/a414a6ae85a434897fa1c9da3096b959/elements - {"using":"xpath","value":"//span[contains(text(), \"English\")]"}
RESULT: {"using":"xpath","value":"//span[contains(text(), \"English\")]"}
COMMAND: POST /session/a414a6ae85a434897fa1c9da3096b959/elements - {"using":"xpath","value":"//span[contains(text(), \"English\")]"}
RESULT: {"using":"xpath","value":"//span[contains(text(), \"English\")]"}
COMMAND: POST /session/a414a6ae85a434897fa1c9da3096b959/elements - {"using":"xpath","value":"//span[contains(text(), \"English\")]"}
RESULT: {"using":"xpath","value":"//span[contains(text(), \"English\")]"}
COMMAND: POST /session/a414a6ae85a434897fa1c9da3096b959/elements - {"using":"xpath","value":"//span[contains(text(), \"English\")]"}
RESULT: {"using":"xpath","value":"//span[contains(text(), \"English\")]"}
COMMAND: POST /session/a414a6ae85a434897fa1c9da3096b959/elements - {"using":"xpath","value":"//span[contains(text(), \"English\")]"}
RESULT: {"using":"xpath","value":"//span[contains(text(), \"English\")]"}
COMMAND: POST /session/a414a6ae85a434897fa1c9da3096b959/elements - {"using":"xpath","value":"//span[contains(text(), \"English\")]"}
RESULT: {"using":"xpath","value":"//span[contains(text(), \"English\")]"}
COMMAND: POST /session/a414a6ae85a434897fa1c9da3096b959/elements - {"using":"xpath","value":"//span[contains(text(), \"English\")]"}
RESULT: {"using":"xpath","value":"//span[contains(text(), \"English\")]"}
COMMAND: POST /session/a414a6ae85a434897fa1c9da3096b959/elements - {"using":"xpath","value":"//span[contains(text(), \"English\")]"}
RESULT: {"using":"xpath","value":"//span[contains(text(), \"English\")]"}
COMMAND: POST /session/a414a6ae85a434897fa1c9da3096b959/elements - {"using":"xpath","value":"//span[contains(text(), \"English\")]"}
RESULT: {"using":"xpath","value":"//span[contains(text(), \"English\")]"}
COMMAND: POST /session/a414a6ae85a434897fa1c9da3096b959/elements - {"using":"xpath","value":"//span[contains(text(), \"English\")]"}
RESULT: {"using":"xpath","value":"//span[contains(text(), \"English\")]"}
COMMAND: POST /session/a414a6ae85a434897fa1c9da3096b959/elements - {"using":"xpath","value":"//span[contains(text(), \"English\")]"}
RESULT: {"using":"xpath","value":"//span[contains(text(), \"English\")]"}
COMMAND: POST /session/a414a6ae85a434897fa1c9da3096b959/elements - {"using":"xpath","value":"//span[contains(text(), \"English\")]"}
RESULT: {"using":"xpath","value":"//span[contains(text(), \"English\")]"}
COMMAND: POST /session/a414a6ae85a434897fa1c9da3096b959/elements - {"using":"xpath","value":"//span[contains(text(), \"English\")]"}
RESULT: {"using":"xpath","value":"//span[contains(text(), \"English\")]"}
COMMAND: POST /session/a414a6ae85a434897fa1c9da3096b959/elements - {"using":"xpath","value":"//span[contains(text(), \"English\")]"}
RESULT: {"using":"xpath","value":"//span[contains(text(), \"English\")]"}
COMMAND: POST /session/a414a6ae85a434897fa1c9da3096b959/elements - {"using":"xpath","value":"//span[contains(text(), \"English\")]"}
RESULT: {"using":"xpath","value":"//span[contains(text(), \"English\")]"}
COMMAND: POST /session/a414a6ae85a434897fa1c9da3096b959/elements - {"using":"xpath","value":"//span[contains(text(), \"English\")]"}
RESULT: {"using":"xpath","value":"//span[contains(text(), \"English\")]"}
COMMAND: POST /session/a414a6ae85a434897fa1c9da3096b959/elements - {"using":"xpath","value":"//span[contains(text(), \"English\")]"}
RESULT: {"using":"xpath","value":"//span[contains(text(), \"English\")]"}
COMMAND: POST /session/a414a6ae85a434897fa1c9da3096b959/elements - {"using":"xpath","value":"//span[contains(text(), \"English\")]"}
RESULT: {"using":"xpath","value":"//span[contains(text(), \"English\")]"}
COMMAND: POST /session/a414a6ae85a434897fa1c9da3096b959/elements - {"using":"xpath","value":"//span[contains(text(), \"English\")]"}
RESULT: {"using":"xpath","value":"//span[contains(text(), \"English\")]"}
COMMAND: POST /session/a414a6ae85a434897fa1c9da3096b959/elements - {"using":"xpath","value":"//span[contains(text(), \"English\")]"}
RESULT: {"using":"xpath","value":"//span[contains(text(), \"English\")]"}
COMMAND: POST /session/a414a6ae85a434897fa1c9da3096b959/elements - {"using":"xpath","value":"//span[contains(text(), \"English\")]"}
RESULT: {"using":"xpath","value":"//span[contains(text(), \"English\")]"}
COMMAND: POST /session/a414a6ae85a434897fa1c9da3096b959/elements - {"using":"xpath","value":"//span[contains(text(), \"English\")]"}
RESULT: {"using":"xpath","value":"//span[contains(text(), \"English\")]"}
COMMAND: POST /session/a414a6ae85a434897fa1c9da3096b959/elements - {"using":"xpath","value":"//span[contains(text(), \"English\")]"}
RESULT: {"using":"xpath","value":"//span[contains(text(), \"English\")]"}
COMMAND: POST /session/a414a6ae85a434897fa1c9da3096b959/elements - {"using":"xpath","value":"//span[contains(text(), \"English\")]"}
RESULT: {"using":"xpath","value":"//span[contains(text(), \"English\")]"}
COMMAND: POST /session/a414a6ae85a434897fa1c9da3096b959/elements - {"using":"xpath","value":"//span[contains(text(), \"English\")]"}
RESULT: {"using":"xpath","value":"//span[contains(text(), \"English\")]"}
COMMAND: POST /session/a414a6ae85a434897fa1c9da3096b959/elements - {"using":"xpath","value":"//span[contains(text(), \"English\")]"}
RESULT: {"using":"xpath","value":"//span[contains(text(), \"English\")]"}
COMMAND: POST /session/a414a6ae85a434897fa1c9da3096b959/elements - {"using":"xpath","value":"//span[contains(text(), \"English\")]"}
RESULT: {"using":"xpath","value":"//span[contains(text(), \"English\")]"}
COMMAND: POST /session/a414a6ae85a434897fa1c9da3096b959/elements - {"using":"xpath","value":"//span[contains(text(), \"English\")]"}
RESULT: {"using":"xpath","value":"//span[contains(text(), \"English\")]"}
COMMAND: POST /session/a414a6ae85a434897fa1c9da3096b959/elements - {"using":"xpath","value":"//span[contains(text(), \"English\")]"}
RESULT: {"using":"xpath","value":"//span[contains(text(), \"English\")]"}
COMMAND: POST /session/a414a6ae85a434897fa1c9da3096b959/elements - {"using":"xpath","value":"//span[contains(text(), \"English\")]"}
RESULT: {"using":"xpath","value":"//span[contains(text(), \"English\")]"}
COMMAND: POST /session/a414a6ae85a434897fa1c9da3096b959/elements - {"using":"xpath","value":"//span[contains(text(), \"English\")]"}
RESULT: {"using":"xpath","value":"//span[contains(text(), \"English\")]"}
COMMAND: POST /session/a414a6ae85a434897fa1c9da3096b959/elements - {"using":"xpath","value":"//span[contains(text(), \"English\")]"}
RESULT: {"using":"xpath","value":"//span[contains(text(), \"English\")]"}
COMMAND: POST /session/a414a6ae85a434897fa1c9da3096b959/elements - {"using":"xpath","value":"//span[contains(text(), \"English\")]"}
RESULT: {"using":"xpath","value":"//span[contains(text(), \"English\")]"}
COMMAND: POST /session/a414a6ae85a434897fa1c9da3096b959/elements - {"using":"xpath","value":"//span[contains(text(), \"English\")]"}
RESULT: {"using":"xpath","value":"//span[contains(text(), \"English\")]"}
COMMAND: POST /session/a414a6ae85a434897fa1c9da3096b959/elements - {"using":"xpath","value":"//span[contains(text(), \"English\")]"}
RESULT: {"using":"xpath","value":"//span[contains(text(), \"English\")]"}
COMMAND: POST /session/a414a6ae85a434897fa1c9da3096b959/elements - {"using":"xpath","value":"//span[contains(text(), \"English\")]"}
RESULT: {"using":"xpath","value":"//span[contains(text(), \"English\")]"}
COMMAND: POST /session/a414a6ae85a434897fa1c9da3096b959/elements - {"using":"xpath","value":"//span[contains(text(), \"English\")]"}
RESULT: {"using":"xpath","value":"//span[contains(text(), \"English\")]"}
COMMAND: POST /session/a414a6ae85a434897fa1c9da3096b959/elements - {"using":"xpath","value":"//span[contains(text(), \"English\")]"}
RESULT: {"using":"xpath","value":"//span[contains(text(), \"English\")]"}
COMMAND: POST /session/a414a6ae85a434897fa1c9da3096b959/elements - {"using":"xpath","value":"//span[contains(text(), \"English\")]"}
RESULT: {"using":"xpath","value":"//span[contains(text(), \"English\")]"}
COMMAND: POST /session/a414a6ae85a434897fa1c9da3096b959/elements - {"using":"xpath","value":"//span[contains(text(), \"English\")]"}
RESULT: {"using":"xpath","value":"//span[contains(text(), \"English\")]"}
COMMAND: POST /session/a414a6ae85a434897fa1c9da3096b959/elements - {"using":"xpath","value":"//span[contains(text(), \"English\")]"}
RESULT: {"using":"xpath","value":"//span[contains(text(), \"English\")]"}
COMMAND: POST /session/a414a6ae85a434897fa1c9da3096b959/elements - {"using":"xpath","value":"//span[contains(text(), \"English\")]"}
RESULT: {"using":"xpath","value":"//span[contains(text(), \"English\")]"}
COMMAND: POST /session/a414a6ae85a434897fa1c9da3096b959/elements - {"using":"xpath","value":"//span[contains(text(), \"English\")]"}
RESULT: {"using":"xpath","value":"//span[contains(text(), \"English\")]"}
COMMAND: POST /session/a414a6ae85a434897fa1c9da3096b959/elements - {"using":"xpath","value":"//span[contains(text(), \"English\")]"}
RESULT: {"using":"xpath","value":"//span[contains(text(), \"English\")]"}
COMMAND: POST /session/a414a6ae85a434897fa1c9da3096b959/elements - {"using":"xpath","value":"//span[contains(text(), \"English\")]"}
RESULT: {"using":"xpath","value":"//span[contains(text(), \"English\")]"}
COMMAND: POST /session/a414a6ae85a434897fa1c9da3096b959/elements - {"using":"xpath","value":"//span[contains(text(), \"English\")]"}
RESULT: {"using":"xpath","value":"//span[contains(text(), \"English\")]"}
COMMAND: POST /session/a414a6ae85a434897fa1c9da3096b959/elements - {"using":"xpath","value":"//span[contains(text(), \"English\")]"}
RESULT: {"using":"xpath","value":"//span[contains(text(), \"English\")]"}
COMMAND: POST /session/a414a6ae85a434897fa1c9da3096b959/elements - {"using":"xpath","value":"//span[contains(text(), \"English\")]"}
RESULT: {"using":"xpath","value":"//span[contains(text(), \"English\")]"}
COMMAND: POST /session/a414a6ae85a434897fa1c9da3096b959/elements - {"using":"xpath","value":"//span[contains(text(), \"English\")]"}
RESULT: {"using":"xpath","value":"//span[contains(text(), \"English\")]"}
COMMAND: POST /session/a414a6ae85a434897fa1c9da3096b959/elements - {"using":"xpath","value":"//span[contains(text(), \"English\")]"}
RESULT: {"using":"xpath","value":"//span[contains(text(), \"English\")]"}
COMMAND: POST /session/a414a6ae85a434897fa1c9da3096b959/elements - {"using":"xpath","value":"//span[contains(text(), \"English\")]"}
RESULT: {"using":"xpath","value":"//span[contains(text(), \"English\")]"}
COMMAND: POST /session/a414a6ae85a434897fa1c9da3096b959/elements - {"using":"xpath","value":"//span[contains(text(), \"English\")]"}
RESULT: {"using":"xpath","value":"//span[contains(text(), \"English\")]"}
COMMAND: POST /session/a414a6ae85a434897fa1c9da3096b959/elements - {"using":"xpath","value":"//span[contains(text(), \"English\")]"}
RESULT: {"using":"xpath","value":"//span[contains(text(), \"English\")]"}
COMMAND: POST /session/a414a6ae85a434897fa1c9da3096b959/elements - {"using":"xpath","value":"//span[contains(text(), \"English\")]"}
RESULT: {"using":"xpath","value":"//span[contains(text(), \"English\")]"}
COMMAND: POST /session/a414a6ae85a434897fa1c9da3096b959/elements - {"using":"xpath","value":"//span[contains(text(), \"English\")]"}
RESULT: {"using":"xpath","value":"//span[contains(text(), \"English\")]"}
COMMAND: POST /session/a414a6ae85a434897fa1c9da3096b959/elements - {"using":"xpath","value":"//span[contains(text(), \"English\")]"}
RESULT: {"using":"xpath","value":"//span[contains(text(), \"English\")]"}
COMMAND: POST /session/a414a6ae85a434897fa1c9da3096b959/elements - {"using":"xpath","value":"//span[contains(text(), \"English\")]"}
RESULT: {"using":"xpath","value":"//span[contains(text(), \"English\")]"}
COMMAND: POST /session/a414a6ae85a434897fa1c9da3096b959/elements - {"using":"xpath","value":"//span[contains(text(), \"English\")]"}
RESULT: {"using":"xpath","value":"//span[contains(text(), \"English\")]"}
COMMAND: POST /session/a414a6ae85a434897fa1c9da3096b959/elements - {"using":"xpath","value":"//span[contains(text(), \"English\")]"}
RESULT: {"using":"xpath","value":"//span[contains(text(), \"English\")]"}
COMMAND: POST /session/a414a6ae85a434897fa1c9da3096b959/elements - {"using":"xpath","value":"//span[contains(text(), \"English\")]"}
RESULT: {"using":"xpath","value":"//span[contains(text(), \"English\")]"}
COMMAND: POST /session/a414a6ae85a434897fa1c9da3096b959/elements - {"using":"xpath","value":"//span[contains(text(), \"English\")]"}
RESULT: {"using":"xpath","value":"//span[contains(text(), \"English\")]"}
COMMAND: POST /session/a414a6ae85a434897fa1c9da3096b959/elements - {"using":"xpath","value":"//span[contains(text(), \"English\")]"}
RESULT: {"using":"xpath","value":"//span[contains(text(), \"English\")]"}
COMMAND: POST /session/a414a6ae85a434897fa1c9da3096b959/elements - {"using":"xpath","value":"//span[contains(text(), \"English\")]"}
RESULT: {"using":"xpath","value":"//span[contains(text(), \"English\")]"}
COMMAND: POST /session/a414a6ae85a434897fa1c9da3096b959/elements - {"using":"xpath","value":"//span[contains(text(), \"English\")]"}
RESULT: {"using":"xpath","value":"//span[contains(text(), \"English\")]"}
COMMAND: POST /session/a414a6ae85a434897fa1c9da3096b959/elements - {"using":"xpath","value":"//span[contains(text(), \"English\")]"}
RESULT: {"using":"xpath","value":"//span[contains(text(), \"English\")]"}
COMMAND: POST /session/a414a6ae85a434897fa1c9da3096b959/elements - {"using":"xpath","value":"//span[contains(text(), \"English\")]"}
RESULT: {"using":"xpath","value":"//span[contains(text(), \"English\")]"}
COMMAND: POST /session/a414a6ae85a434897fa1c9da3096b959/elements - {"using":"xpath","value":"//span[contains(text(), \"English\")]"}
RESULT: {"using":"xpath","value":"//span[contains(text(), \"English\")]"}
COMMAND: POST /session/a414a6ae85a434897fa1c9da3096b959/elements - {"using":"xpath","value":"//span[contains(text(), \"English\")]"}
RESULT: {"using":"xpath","value":"//span[contains(text(), \"English\")]"}
COMMAND: POST /session/a414a6ae85a434897fa1c9da3096b959/elements - {"using":"xpath","value":"//span[contains(text(), \"English\")]"}
RESULT: {"using":"xpath","value":"//span[contains(text(), \"English\")]"}
COMMAND: POST /session/a414a6ae85a434897fa1c9da3096b959/elements - {"using":"xpath","value":"//span[contains(text(), \"English\")]"}
RESULT: {"using":"xpath","value":"//span[contains(text(), \"English\")]"}
COMMAND: POST /session/a414a6ae85a434897fa1c9da3096b959/elements - {"using":"xpath","value":"//span[contains(text(), \"English\")]"}
RESULT: {"using":"xpath","value":"//span[contains(text(), \"English\")]"}
COMMAND: POST /session/a414a6ae85a434897fa1c9da3096b959/elements - {"using":"xpath","value":"//span[contains(text(), \"English\")]"}
RESULT: {"using":"xpath","value":"//span[contains(text(), \"English\")]"}
COMMAND: POST /session/a414a6ae85a434897fa1c9da3096b959/elements - {"using":"xpath","value":"//span[contains(text(), \"English\")]"}
RESULT: {"using":"xpath","value":"//span[contains(text(), \"English\")]"}
COMMAND: POST /session/a414a6ae85a434897fa1c9da3096b959/elements - {"using":"xpath","value":"//span[contains(text(), \"English\")]"}
RESULT: {"using":"xpath","value":"//span[contains(text(), \"English\")]"}
COMMAND: POST /session/a414a6ae85a434897fa1c9da3096b959/elements - {"using":"xpath","value":"//span[contains(text(), \"English\")]"}
RESULT: {"using":"xpath","value":"//span[contains(text(), \"English\")]"}
COMMAND: POST /session/a414a6ae85a434897fa1c9da3096b959/elements - {"using":"xpath","value":"//span[contains(text(), \"English\")]"}
RESULT: {"using":"xpath","value":"//span[contains(text(), \"English\")]"}
COMMAND: POST /session/a414a6ae85a434897fa1c9da3096b959/elements - {"using":"xpath","value":"//span[contains(text(), \"English\")]"}
RESULT: {"using":"xpath","value":"//span[contains(text(), \"English\")]"}
COMMAND: POST /session/a414a6ae85a434897fa1c9da3096b959/elements - {"using":"xpath","value":"//span[contains(text(), \"English\")]"}
RESULT: {"using":"xpath","value":"//span[contains(text(), \"English\")]"}
COMMAND: POST /session/a414a6ae85a434897fa1c9da3096b959/elements - {"using":"xpath","value":"//span[contains(text(), \"English\")]"}
RESULT: {"using":"xpath","value":"//span[contains(text(), \"English\")]"}
COMMAND: POST /session/a414a6ae85a434897fa1c9da3096b959/elements - {"using":"xpath","value":"//span[contains(text(), \"English\")]"}
RESULT: {"using":"xpath","value":"//span[contains(text(), \"English\")]"}
COMMAND: POST /session/a414a6ae85a434897fa1c9da3096b959/elements - {"using":"xpath","value":"//span[contains(text(), \"English\")]"}
RESULT: {"using":"xpath","value":"//span[contains(text(), \"English\")]"}
COMMAND: POST /session/a414a6ae85a434897fa1c9da3096b959/elements - {"using":"xpath","value":"//span[contains(text(), \"English\")]"}
RESULT: {"using":"xpath","value":"//span[contains(text(), \"English\")]"}
COMMAND: POST /session/a414a6ae85a434897fa1c9da3096b959/elements - {"using":"xpath","value":"//span[contains(text(), \"English\")]"}
RESULT: {"using":"xpath","value":"//span[contains(text(), \"English\")]"}
COMMAND: POST /session/a414a6ae85a434897fa1c9da3096b959/elements - {"using":"xpath","value":"//span[contains(text(), \"English\")]"}
RESULT: {"using":"xpath","value":"//span[contains(text(), \"English\")]"}
COMMAND: POST /session/a414a6ae85a434897fa1c9da3096b959/elements - {"using":"xpath","value":"//span[contains(text(), \"English\")]"}
RESULT: {"using":"xpath","value":"//span[contains(text(), \"English\")]"}
COMMAND: POST /session/a414a6ae85a434897fa1c9da3096b959/elements - {"using":"xpath","value":"//span[contains(text(), \"English\")]"}
RESULT: {"using":"xpath","value":"//span[contains(text(), \"English\")]"}
COMMAND: POST /session/a414a6ae85a434897fa1c9da3096b959/elements - {"using":"xpath","value":"//span[contains(text(), \"English\")]"}
RESULT: {"using":"xpath","value":"//span[contains(text(), \"English\")]"}
COMMAND: POST /session/a414a6ae85a434897fa1c9da3096b959/elements - {"using":"xpath","value":"//span[contains(text(), \"English\")]"}
RESULT: {"using":"xpath","value":"//span[contains(text(), \"English\")]"}
COMMAND: POST /session/a414a6ae85a434897fa1c9da3096b959/elements - {"using":"xpath","value":"//span[contains(text(), \"English\")]"}
RESULT: {"using":"xpath","value":"//span[contains(text(), \"English\")]"}
COMMAND: POST /session/a414a6ae85a434897fa1c9da3096b959/elements - {"using":"xpath","value":"//span[contains(text(), \"English\")]"}
RESULT: {"using":"xpath","value":"//span[contains(text(), \"English\")]"}
COMMAND: POST /session/a414a6ae85a434897fa1c9da3096b959/elements - {"using":"xpath","value":"//span[contains(text(), \"English\")]"}
RESULT: {"using":"xpath","value":"//span[contains(text(), \"English\")]"}
COMMAND: POST /session/a414a6ae85a434897fa1c9da3096b959/elements - {"using":"xpath","value":"//span[contains(text(), \"English\")]"}
RESULT: {"using":"xpath","value":"//span[contains(text(), \"English\")]"}
COMMAND: POST /session/a414a6ae85a434897fa1c9da3096b959/elements - {"using":"xpath","value":"//span[contains(text(), \"English\")]"}
RESULT: {"using":"xpath","value":"//span[contains(text(), \"English\")]"}
COMMAND: POST /session/a414a6ae85a434897fa1c9da3096b959/elements - {"using":"xpath","value":"//span[contains(text(), \"English\")]"}
RESULT: {"using":"xpath","value":"//span[contains(text(), \"English\")]"}
COMMAND: POST /session/a414a6ae85a434897fa1c9da3096b959/elements - {"using":"xpath","value":"//span[contains(text(), \"English\")]"}
RESULT: {"using":"xpath","value":"//span[contains(text(), \"English\")]"}
COMMAND: POST /session/a414a6ae85a434897fa1c9da3096b959/elements - {"using":"xpath","value":"//span[contains(text(), \"English\")]"}
RESULT: {"using":"xpath","value":"//span[contains(text(), \"English\")]"}
COMMAND: POST /session/a414a6ae85a434897fa1c9da3096b959/elements - {"using":"xpath","value":"//span[contains(text(), \"English\")]"}
RESULT: {"using":"xpath","value":"//span[contains(text(), \"English\")]"}
COMMAND: POST /session/a414a6ae85a434897fa1c9da3096b959/elements - {"using":"xpath","value":"//span[contains(text(), \"English\")]"}
RESULT: {"using":"xpath","value":"//span[contains(text(), \"English\")]"}
COMMAND: POST /session/a414a6ae85a434897fa1c9da3096b959/elements - {"using":"xpath","value":"//span[contains(text(), \"English\")]"}
RESULT: {"using":"xpath","value":"//span[contains(text(), \"English\")]"}
COMMAND: POST /session/a414a6ae85a434897fa1c9da3096b959/elements - {"using":"xpath","value":"//span[contains(text(), \"English\")]"}
RESULT: {"using":"xpath","value":"//span[contains(text(), \"English\")]"}
COMMAND: POST /session/a414a6ae85a434897fa1c9da3096b959/elements - {"using":"xpath","value":"//span[contains(text(), \"English\")]"}
RESULT: {"using":"xpath","value":"//span[contains(text(), \"English\")]"}
COMMAND: POST /session/a414a6ae85a434897fa1c9da3096b959/elements - {"using":"xpath","value":"//span[contains(text(), \"English\")]"}
RESULT: {"using":"xpath","value":"//span[contains(text(), \"English\")]"}
COMMAND: POST /session/a414a6ae85a434897fa1c9da3096b959/elements - {"using":"xpath","value":"//span[contains(text(), \"English\")]"}
RESULT: {"using":"xpath","value":"//span[contains(text(), \"English\")]"}
COMMAND: POST /session/a414a6ae85a434897fa1c9da3096b959/elements - {"using":"xpath","value":"//span[contains(text(), \"English\")]"}
RESULT: {"using":"xpath","value":"//span[contains(text(), \"English\")]"}
COMMAND: POST /session/a414a6ae85a434897fa1c9da3096b959/elements - {"using":"xpath","value":"//span[contains(text(), \"English\")]"}
RESULT: {"using":"xpath","value":"//span[contains(text(), \"English\")]"}
COMMAND: POST /session/a414a6ae85a434897fa1c9da3096b959/elements - {"using":"xpath","value":"//span[contains(text(), \"English\")]"}
RESULT: {"using":"xpath","value":"//span[contains(text(), \"English\")]"}
COMMAND: POST /session/a414a6ae85a434897fa1c9da3096b959/elements - {"using":"xpath","value":"//span[contains(text(), \"English\")]"}
RESULT: {"using":"xpath","value":"//span[contains(text(), \"English\")]"}
COMMAND: POST /session/a414a6ae85a434897fa1c9da3096b959/elements - {"using":"xpath","value":"//span[contains(text(), \"English\")]"}
RESULT: {"using":"xpath","value":"//span[contains(text(), \"English\")]"}
COMMAND: POST /session/a414a6ae85a434897fa1c9da3096b959/elements - {"using":"xpath","value":"//span[contains(text(), \"English\")]"}
RESULT: {"using":"xpath","value":"//span[contains(text(), \"English\")]"}
COMMAND: POST /session/a414a6ae85a434897fa1c9da3096b959/elements - {"using":"xpath","value":"//span[contains(text(), \"English\")]"}
RESULT: {"using":"xpath","value":"//span[contains(text(), \"English\")]"}
COMMAND: POST /session/a414a6ae85a434897fa1c9da3096b959/elements - {"using":"xpath","value":"//span[contains(text(), \"English\")]"}
COMMAND: GET /session/a414a6ae85a434897fa1c9da3096b959/screenshot - {}
RESULT: {"using":"xpath","value":"//span[contains(text(), \"English\")]"}
RESULT: {}
]]></system-out>
      <system-err><![CDATA[
Error: Can't call click on element with selector "//span[contains(text(), "English")]" because element wasn't found
    at async UtilsPrerequisites.partnerCreation (D:\a\1\s\test\specs\BTS\prerequisites-and-utils-functions.js:397:9)
    at async Context.<anonymous> (D:\a\1\s\test\specs\HTR\stock-increase.spec.js:29:55)
]]></system-err>
    </testcase>
    <testcase classname="chrome.136_0_7103_93.windows.Stock_increase_-_with_WHM_US125587" name="Should create a new WHM site" time="58.073">
      <failure/>
      <error message="element (&quot;//button[@data-kt=&quot;addOverflowToolbarButton&quot;]&quot;) still not existing after 45000ms"/>
      <system-out><![CDATA[
COMMAND: POST /session/a414a6ae85a434897fa1c9da3096b959/execute/async - {"script":"<script> [1562 bytes]","args":[{"selector":{"controlType":"sap.m.GenericTile","properties":{"header":"Manage Sites"}},"wdio_ui5_key":"sapm.GenericTile{\"header\":\"Manage Sites\"}"}]}
COMMAND: GET /session/a414a6ae85a434897fa1c9da3096b959/screenshot - {}
RESULT: {"script":"<script> [1562 bytes]","args":[{"selector":{"controlType":"sap.m.GenericTile","properties":{"header":"Manage Sites"}},"wdio_ui5_key":"sapm.GenericTile{\"header\":\"Manage Sites\"}"}]}
RESULT: undefined
RESULT: {}
COMMAND: POST /session/a414a6ae85a434897fa1c9da3096b959/elements - {"using":"xpath","value":"//span[text()='Error']"}
RESULT: {"using":"xpath","value":"//span[text()='Error']"}
COMMAND: POST /session/a414a6ae85a434897fa1c9da3096b959/elements - {"using":"xpath","value":"//*[text()='Close']"}
RESULT: {"using":"xpath","value":"//*[text()='Close']"}
COMMAND: GET /session/a414a6ae85a434897fa1c9da3096b959/element/f.63F842937ABE5650621AFC3910BCBB57.d.04DE53D5B8AF768BF1DBFE8354A2CD27.e.1464/enabled - {}
RESULT: {}
COMMAND: POST /session/a414a6ae85a434897fa1c9da3096b959/execute/sync - {"script":"<script> [8489 bytes]","args":[{"element-6066-11e4-a52e-4f735466cecf":"f.63F842937ABE5650621AFC3910BCBB57.d.04DE53D5B8AF768BF1DBFE8354A2CD27.e.1464","ELEMENT":"f.63F842937ABE5650621AFC3910BCBB57.d.04DE53D5B8AF768BF1DBFE8354A2CD27.e.1464"}]}
COMMAND: GET /session/a414a6ae85a434897fa1c9da3096b959/screenshot - {}
RESULT: {"script":"<script> [8489 bytes]","args":[{"element-6066-11e4-a52e-4f735466cecf":"f.63F842937ABE5650621AFC3910BCBB57.d.04DE53D5B8AF768BF1DBFE8354A2CD27.e.1464","ELEMENT":"f.63F842937ABE5650621AFC3910BCBB57.d.04DE53D5B8AF768BF1DBFE8354A2CD27.e.1464"}]}
COMMAND: POST /session/a414a6ae85a434897fa1c9da3096b959/execute/sync - {"script":"<script> [5351 bytes]","args":[{"element-6066-11e4-a52e-4f735466cecf":"f.63F842937ABE5650621AFC3910BCBB57.d.04DE53D5B8AF768BF1DBFE8354A2CD27.e.1464","ELEMENT":"f.63F842937ABE5650621AFC3910BCBB57.d.04DE53D5B8AF768BF1DBFE8354A2CD27.e.1464"}]}
COMMAND: GET /session/a414a6ae85a434897fa1c9da3096b959/screenshot - {}
RESULT: {}
RESULT: {"script":"<script> [5351 bytes]","args":[{"element-6066-11e4-a52e-4f735466cecf":"f.63F842937ABE5650621AFC3910BCBB57.d.04DE53D5B8AF768BF1DBFE8354A2CD27.e.1464","ELEMENT":"f.63F842937ABE5650621AFC3910BCBB57.d.04DE53D5B8AF768BF1DBFE8354A2CD27.e.1464"}]}
COMMAND: POST /session/a414a6ae85a434897fa1c9da3096b959/element/f.63F842937ABE5650621AFC3910BCBB57.d.04DE53D5B8AF768BF1DBFE8354A2CD27.e.1464/click - {}
COMMAND: GET /session/a414a6ae85a434897fa1c9da3096b959/screenshot - {}
RESULT: {}
RESULT: {}
COMMAND: POST /session/a414a6ae85a434897fa1c9da3096b959/elements - {"using":"xpath","value":"//*[text()='OK']"}
COMMAND: GET /session/a414a6ae85a434897fa1c9da3096b959/screenshot - {}
RESULT: {}
RESULT: {"using":"xpath","value":"//*[text()='OK']"}
COMMAND: POST /session/a414a6ae85a434897fa1c9da3096b959/element - {"using":"xpath","value":"//button[@data-kt=\"addOverflowToolbarButton\"]"}
RESULT: {}
RESULT: {"using":"xpath","value":"//button[@data-kt=\"addOverflowToolbarButton\"]"}
COMMAND: POST /session/a414a6ae85a434897fa1c9da3096b959/elements - {"using":"xpath","value":"//button[@data-kt=\"addOverflowToolbarButton\"]"}
RESULT: {"using":"xpath","value":"//button[@data-kt=\"addOverflowToolbarButton\"]"}
COMMAND: POST /session/a414a6ae85a434897fa1c9da3096b959/elements - {"using":"xpath","value":"//button[@data-kt=\"addOverflowToolbarButton\"]"}
RESULT: {"using":"xpath","value":"//button[@data-kt=\"addOverflowToolbarButton\"]"}
COMMAND: POST /session/a414a6ae85a434897fa1c9da3096b959/elements - {"using":"xpath","value":"//button[@data-kt=\"addOverflowToolbarButton\"]"}
RESULT: {"using":"xpath","value":"//button[@data-kt=\"addOverflowToolbarButton\"]"}
COMMAND: POST /session/a414a6ae85a434897fa1c9da3096b959/elements - {"using":"xpath","value":"//button[@data-kt=\"addOverflowToolbarButton\"]"}
RESULT: {"using":"xpath","value":"//button[@data-kt=\"addOverflowToolbarButton\"]"}
COMMAND: POST /session/a414a6ae85a434897fa1c9da3096b959/elements - {"using":"xpath","value":"//button[@data-kt=\"addOverflowToolbarButton\"]"}
RESULT: {"using":"xpath","value":"//button[@data-kt=\"addOverflowToolbarButton\"]"}
COMMAND: POST /session/a414a6ae85a434897fa1c9da3096b959/elements - {"using":"xpath","value":"//button[@data-kt=\"addOverflowToolbarButton\"]"}
RESULT: {"using":"xpath","value":"//button[@data-kt=\"addOverflowToolbarButton\"]"}
COMMAND: POST /session/a414a6ae85a434897fa1c9da3096b959/elements - {"using":"xpath","value":"//button[@data-kt=\"addOverflowToolbarButton\"]"}
RESULT: {"using":"xpath","value":"//button[@data-kt=\"addOverflowToolbarButton\"]"}
COMMAND: POST /session/a414a6ae85a434897fa1c9da3096b959/elements - {"using":"xpath","value":"//button[@data-kt=\"addOverflowToolbarButton\"]"}
RESULT: {"using":"xpath","value":"//button[@data-kt=\"addOverflowToolbarButton\"]"}
COMMAND: POST /session/a414a6ae85a434897fa1c9da3096b959/elements - {"using":"xpath","value":"//button[@data-kt=\"addOverflowToolbarButton\"]"}
RESULT: {"using":"xpath","value":"//button[@data-kt=\"addOverflowToolbarButton\"]"}
COMMAND: POST /session/a414a6ae85a434897fa1c9da3096b959/elements - {"using":"xpath","value":"//button[@data-kt=\"addOverflowToolbarButton\"]"}
RESULT: {"using":"xpath","value":"//button[@data-kt=\"addOverflowToolbarButton\"]"}
COMMAND: POST /session/a414a6ae85a434897fa1c9da3096b959/elements - {"using":"xpath","value":"//button[@data-kt=\"addOverflowToolbarButton\"]"}
RESULT: {"using":"xpath","value":"//button[@data-kt=\"addOverflowToolbarButton\"]"}
COMMAND: POST /session/a414a6ae85a434897fa1c9da3096b959/elements - {"using":"xpath","value":"//button[@data-kt=\"addOverflowToolbarButton\"]"}
RESULT: {"using":"xpath","value":"//button[@data-kt=\"addOverflowToolbarButton\"]"}
COMMAND: POST /session/a414a6ae85a434897fa1c9da3096b959/elements - {"using":"xpath","value":"//button[@data-kt=\"addOverflowToolbarButton\"]"}
RESULT: {"using":"xpath","value":"//button[@data-kt=\"addOverflowToolbarButton\"]"}
COMMAND: POST /session/a414a6ae85a434897fa1c9da3096b959/elements - {"using":"xpath","value":"//button[@data-kt=\"addOverflowToolbarButton\"]"}
RESULT: {"using":"xpath","value":"//button[@data-kt=\"addOverflowToolbarButton\"]"}
COMMAND: POST /session/a414a6ae85a434897fa1c9da3096b959/elements - {"using":"xpath","value":"//button[@data-kt=\"addOverflowToolbarButton\"]"}
RESULT: {"using":"xpath","value":"//button[@data-kt=\"addOverflowToolbarButton\"]"}
COMMAND: POST /session/a414a6ae85a434897fa1c9da3096b959/elements - {"using":"xpath","value":"//button[@data-kt=\"addOverflowToolbarButton\"]"}
RESULT: {"using":"xpath","value":"//button[@data-kt=\"addOverflowToolbarButton\"]"}
COMMAND: POST /session/a414a6ae85a434897fa1c9da3096b959/elements - {"using":"xpath","value":"//button[@data-kt=\"addOverflowToolbarButton\"]"}
RESULT: {"using":"xpath","value":"//button[@data-kt=\"addOverflowToolbarButton\"]"}
COMMAND: POST /session/a414a6ae85a434897fa1c9da3096b959/elements - {"using":"xpath","value":"//button[@data-kt=\"addOverflowToolbarButton\"]"}
RESULT: {"using":"xpath","value":"//button[@data-kt=\"addOverflowToolbarButton\"]"}
COMMAND: POST /session/a414a6ae85a434897fa1c9da3096b959/elements - {"using":"xpath","value":"//button[@data-kt=\"addOverflowToolbarButton\"]"}
RESULT: {"using":"xpath","value":"//button[@data-kt=\"addOverflowToolbarButton\"]"}
COMMAND: POST /session/a414a6ae85a434897fa1c9da3096b959/elements - {"using":"xpath","value":"//button[@data-kt=\"addOverflowToolbarButton\"]"}
RESULT: {"using":"xpath","value":"//button[@data-kt=\"addOverflowToolbarButton\"]"}
COMMAND: POST /session/a414a6ae85a434897fa1c9da3096b959/elements - {"using":"xpath","value":"//button[@data-kt=\"addOverflowToolbarButton\"]"}
RESULT: {"using":"xpath","value":"//button[@data-kt=\"addOverflowToolbarButton\"]"}
COMMAND: POST /session/a414a6ae85a434897fa1c9da3096b959/elements - {"using":"xpath","value":"//button[@data-kt=\"addOverflowToolbarButton\"]"}
RESULT: {"using":"xpath","value":"//button[@data-kt=\"addOverflowToolbarButton\"]"}
COMMAND: POST /session/a414a6ae85a434897fa1c9da3096b959/elements - {"using":"xpath","value":"//button[@data-kt=\"addOverflowToolbarButton\"]"}
RESULT: {"using":"xpath","value":"//button[@data-kt=\"addOverflowToolbarButton\"]"}
COMMAND: POST /session/a414a6ae85a434897fa1c9da3096b959/elements - {"using":"xpath","value":"//button[@data-kt=\"addOverflowToolbarButton\"]"}
RESULT: {"using":"xpath","value":"//button[@data-kt=\"addOverflowToolbarButton\"]"}
COMMAND: POST /session/a414a6ae85a434897fa1c9da3096b959/elements - {"using":"xpath","value":"//button[@data-kt=\"addOverflowToolbarButton\"]"}
RESULT: {"using":"xpath","value":"//button[@data-kt=\"addOverflowToolbarButton\"]"}
COMMAND: POST /session/a414a6ae85a434897fa1c9da3096b959/elements - {"using":"xpath","value":"//button[@data-kt=\"addOverflowToolbarButton\"]"}
RESULT: {"using":"xpath","value":"//button[@data-kt=\"addOverflowToolbarButton\"]"}
COMMAND: POST /session/a414a6ae85a434897fa1c9da3096b959/elements - {"using":"xpath","value":"//button[@data-kt=\"addOverflowToolbarButton\"]"}
RESULT: {"using":"xpath","value":"//button[@data-kt=\"addOverflowToolbarButton\"]"}
COMMAND: POST /session/a414a6ae85a434897fa1c9da3096b959/elements - {"using":"xpath","value":"//button[@data-kt=\"addOverflowToolbarButton\"]"}
RESULT: {"using":"xpath","value":"//button[@data-kt=\"addOverflowToolbarButton\"]"}
COMMAND: POST /session/a414a6ae85a434897fa1c9da3096b959/elements - {"using":"xpath","value":"//button[@data-kt=\"addOverflowToolbarButton\"]"}
RESULT: {"using":"xpath","value":"//button[@data-kt=\"addOverflowToolbarButton\"]"}
COMMAND: POST /session/a414a6ae85a434897fa1c9da3096b959/elements - {"using":"xpath","value":"//button[@data-kt=\"addOverflowToolbarButton\"]"}
RESULT: {"using":"xpath","value":"//button[@data-kt=\"addOverflowToolbarButton\"]"}
COMMAND: POST /session/a414a6ae85a434897fa1c9da3096b959/elements - {"using":"xpath","value":"//button[@data-kt=\"addOverflowToolbarButton\"]"}
RESULT: {"using":"xpath","value":"//button[@data-kt=\"addOverflowToolbarButton\"]"}
COMMAND: POST /session/a414a6ae85a434897fa1c9da3096b959/elements - {"using":"xpath","value":"//button[@data-kt=\"addOverflowToolbarButton\"]"}
RESULT: {"using":"xpath","value":"//button[@data-kt=\"addOverflowToolbarButton\"]"}
COMMAND: POST /session/a414a6ae85a434897fa1c9da3096b959/elements - {"using":"xpath","value":"//button[@data-kt=\"addOverflowToolbarButton\"]"}
RESULT: {"using":"xpath","value":"//button[@data-kt=\"addOverflowToolbarButton\"]"}
COMMAND: POST /session/a414a6ae85a434897fa1c9da3096b959/elements - {"using":"xpath","value":"//button[@data-kt=\"addOverflowToolbarButton\"]"}
RESULT: {"using":"xpath","value":"//button[@data-kt=\"addOverflowToolbarButton\"]"}
COMMAND: POST /session/a414a6ae85a434897fa1c9da3096b959/elements - {"using":"xpath","value":"//button[@data-kt=\"addOverflowToolbarButton\"]"}
RESULT: {"using":"xpath","value":"//button[@data-kt=\"addOverflowToolbarButton\"]"}
COMMAND: POST /session/a414a6ae85a434897fa1c9da3096b959/elements - {"using":"xpath","value":"//button[@data-kt=\"addOverflowToolbarButton\"]"}
RESULT: {"using":"xpath","value":"//button[@data-kt=\"addOverflowToolbarButton\"]"}
COMMAND: POST /session/a414a6ae85a434897fa1c9da3096b959/elements - {"using":"xpath","value":"//button[@data-kt=\"addOverflowToolbarButton\"]"}
RESULT: {"using":"xpath","value":"//button[@data-kt=\"addOverflowToolbarButton\"]"}
COMMAND: POST /session/a414a6ae85a434897fa1c9da3096b959/elements - {"using":"xpath","value":"//button[@data-kt=\"addOverflowToolbarButton\"]"}
RESULT: {"using":"xpath","value":"//button[@data-kt=\"addOverflowToolbarButton\"]"}
COMMAND: POST /session/a414a6ae85a434897fa1c9da3096b959/elements - {"using":"xpath","value":"//button[@data-kt=\"addOverflowToolbarButton\"]"}
RESULT: {"using":"xpath","value":"//button[@data-kt=\"addOverflowToolbarButton\"]"}
COMMAND: POST /session/a414a6ae85a434897fa1c9da3096b959/elements - {"using":"xpath","value":"//button[@data-kt=\"addOverflowToolbarButton\"]"}
RESULT: {"using":"xpath","value":"//button[@data-kt=\"addOverflowToolbarButton\"]"}
COMMAND: POST /session/a414a6ae85a434897fa1c9da3096b959/elements - {"using":"xpath","value":"//button[@data-kt=\"addOverflowToolbarButton\"]"}
RESULT: {"using":"xpath","value":"//button[@data-kt=\"addOverflowToolbarButton\"]"}
COMMAND: POST /session/a414a6ae85a434897fa1c9da3096b959/elements - {"using":"xpath","value":"//button[@data-kt=\"addOverflowToolbarButton\"]"}
RESULT: {"using":"xpath","value":"//button[@data-kt=\"addOverflowToolbarButton\"]"}
COMMAND: POST /session/a414a6ae85a434897fa1c9da3096b959/elements - {"using":"xpath","value":"//button[@data-kt=\"addOverflowToolbarButton\"]"}
RESULT: {"using":"xpath","value":"//button[@data-kt=\"addOverflowToolbarButton\"]"}
COMMAND: POST /session/a414a6ae85a434897fa1c9da3096b959/elements - {"using":"xpath","value":"//button[@data-kt=\"addOverflowToolbarButton\"]"}
RESULT: {"using":"xpath","value":"//button[@data-kt=\"addOverflowToolbarButton\"]"}
COMMAND: POST /session/a414a6ae85a434897fa1c9da3096b959/elements - {"using":"xpath","value":"//button[@data-kt=\"addOverflowToolbarButton\"]"}
RESULT: {"using":"xpath","value":"//button[@data-kt=\"addOverflowToolbarButton\"]"}
COMMAND: POST /session/a414a6ae85a434897fa1c9da3096b959/elements - {"using":"xpath","value":"//button[@data-kt=\"addOverflowToolbarButton\"]"}
RESULT: {"using":"xpath","value":"//button[@data-kt=\"addOverflowToolbarButton\"]"}
COMMAND: POST /session/a414a6ae85a434897fa1c9da3096b959/elements - {"using":"xpath","value":"//button[@data-kt=\"addOverflowToolbarButton\"]"}
RESULT: {"using":"xpath","value":"//button[@data-kt=\"addOverflowToolbarButton\"]"}
COMMAND: POST /session/a414a6ae85a434897fa1c9da3096b959/elements - {"using":"xpath","value":"//button[@data-kt=\"addOverflowToolbarButton\"]"}
RESULT: {"using":"xpath","value":"//button[@data-kt=\"addOverflowToolbarButton\"]"}
COMMAND: POST /session/a414a6ae85a434897fa1c9da3096b959/elements - {"using":"xpath","value":"//button[@data-kt=\"addOverflowToolbarButton\"]"}
RESULT: {"using":"xpath","value":"//button[@data-kt=\"addOverflowToolbarButton\"]"}
COMMAND: POST /session/a414a6ae85a434897fa1c9da3096b959/elements - {"using":"xpath","value":"//button[@data-kt=\"addOverflowToolbarButton\"]"}
RESULT: {"using":"xpath","value":"//button[@data-kt=\"addOverflowToolbarButton\"]"}
COMMAND: POST /session/a414a6ae85a434897fa1c9da3096b959/elements - {"using":"xpath","value":"//button[@data-kt=\"addOverflowToolbarButton\"]"}
RESULT: {"using":"xpath","value":"//button[@data-kt=\"addOverflowToolbarButton\"]"}
COMMAND: POST /session/a414a6ae85a434897fa1c9da3096b959/elements - {"using":"xpath","value":"//button[@data-kt=\"addOverflowToolbarButton\"]"}
RESULT: {"using":"xpath","value":"//button[@data-kt=\"addOverflowToolbarButton\"]"}
COMMAND: POST /session/a414a6ae85a434897fa1c9da3096b959/elements - {"using":"xpath","value":"//button[@data-kt=\"addOverflowToolbarButton\"]"}
RESULT: {"using":"xpath","value":"//button[@data-kt=\"addOverflowToolbarButton\"]"}
COMMAND: POST /session/a414a6ae85a434897fa1c9da3096b959/elements - {"using":"xpath","value":"//button[@data-kt=\"addOverflowToolbarButton\"]"}
RESULT: {"using":"xpath","value":"//button[@data-kt=\"addOverflowToolbarButton\"]"}
COMMAND: POST /session/a414a6ae85a434897fa1c9da3096b959/elements - {"using":"xpath","value":"//button[@data-kt=\"addOverflowToolbarButton\"]"}
RESULT: {"using":"xpath","value":"//button[@data-kt=\"addOverflowToolbarButton\"]"}
COMMAND: POST /session/a414a6ae85a434897fa1c9da3096b959/elements - {"using":"xpath","value":"//button[@data-kt=\"addOverflowToolbarButton\"]"}
RESULT: {"using":"xpath","value":"//button[@data-kt=\"addOverflowToolbarButton\"]"}
COMMAND: POST /session/a414a6ae85a434897fa1c9da3096b959/elements - {"using":"xpath","value":"//button[@data-kt=\"addOverflowToolbarButton\"]"}
RESULT: {"using":"xpath","value":"//button[@data-kt=\"addOverflowToolbarButton\"]"}
COMMAND: POST /session/a414a6ae85a434897fa1c9da3096b959/elements - {"using":"xpath","value":"//button[@data-kt=\"addOverflowToolbarButton\"]"}
RESULT: {"using":"xpath","value":"//button[@data-kt=\"addOverflowToolbarButton\"]"}
COMMAND: POST /session/a414a6ae85a434897fa1c9da3096b959/elements - {"using":"xpath","value":"//button[@data-kt=\"addOverflowToolbarButton\"]"}
RESULT: {"using":"xpath","value":"//button[@data-kt=\"addOverflowToolbarButton\"]"}
COMMAND: POST /session/a414a6ae85a434897fa1c9da3096b959/elements - {"using":"xpath","value":"//button[@data-kt=\"addOverflowToolbarButton\"]"}
RESULT: {"using":"xpath","value":"//button[@data-kt=\"addOverflowToolbarButton\"]"}
COMMAND: POST /session/a414a6ae85a434897fa1c9da3096b959/elements - {"using":"xpath","value":"//button[@data-kt=\"addOverflowToolbarButton\"]"}
RESULT: {"using":"xpath","value":"//button[@data-kt=\"addOverflowToolbarButton\"]"}
COMMAND: POST /session/a414a6ae85a434897fa1c9da3096b959/elements - {"using":"xpath","value":"//button[@data-kt=\"addOverflowToolbarButton\"]"}
RESULT: {"using":"xpath","value":"//button[@data-kt=\"addOverflowToolbarButton\"]"}
COMMAND: POST /session/a414a6ae85a434897fa1c9da3096b959/elements - {"using":"xpath","value":"//button[@data-kt=\"addOverflowToolbarButton\"]"}
RESULT: {"using":"xpath","value":"//button[@data-kt=\"addOverflowToolbarButton\"]"}
COMMAND: POST /session/a414a6ae85a434897fa1c9da3096b959/elements - {"using":"xpath","value":"//button[@data-kt=\"addOverflowToolbarButton\"]"}
RESULT: {"using":"xpath","value":"//button[@data-kt=\"addOverflowToolbarButton\"]"}
COMMAND: POST /session/a414a6ae85a434897fa1c9da3096b959/elements - {"using":"xpath","value":"//button[@data-kt=\"addOverflowToolbarButton\"]"}
RESULT: {"using":"xpath","value":"//button[@data-kt=\"addOverflowToolbarButton\"]"}
COMMAND: POST /session/a414a6ae85a434897fa1c9da3096b959/elements - {"using":"xpath","value":"//button[@data-kt=\"addOverflowToolbarButton\"]"}
RESULT: {"using":"xpath","value":"//button[@data-kt=\"addOverflowToolbarButton\"]"}
COMMAND: POST /session/a414a6ae85a434897fa1c9da3096b959/elements - {"using":"xpath","value":"//button[@data-kt=\"addOverflowToolbarButton\"]"}
RESULT: {"using":"xpath","value":"//button[@data-kt=\"addOverflowToolbarButton\"]"}
COMMAND: POST /session/a414a6ae85a434897fa1c9da3096b959/elements - {"using":"xpath","value":"//button[@data-kt=\"addOverflowToolbarButton\"]"}
RESULT: {"using":"xpath","value":"//button[@data-kt=\"addOverflowToolbarButton\"]"}
COMMAND: POST /session/a414a6ae85a434897fa1c9da3096b959/elements - {"using":"xpath","value":"//button[@data-kt=\"addOverflowToolbarButton\"]"}
RESULT: {"using":"xpath","value":"//button[@data-kt=\"addOverflowToolbarButton\"]"}
COMMAND: POST /session/a414a6ae85a434897fa1c9da3096b959/elements - {"using":"xpath","value":"//button[@data-kt=\"addOverflowToolbarButton\"]"}
RESULT: {"using":"xpath","value":"//button[@data-kt=\"addOverflowToolbarButton\"]"}
COMMAND: POST /session/a414a6ae85a434897fa1c9da3096b959/elements - {"using":"xpath","value":"//button[@data-kt=\"addOverflowToolbarButton\"]"}
RESULT: {"using":"xpath","value":"//button[@data-kt=\"addOverflowToolbarButton\"]"}
COMMAND: POST /session/a414a6ae85a434897fa1c9da3096b959/elements - {"using":"xpath","value":"//button[@data-kt=\"addOverflowToolbarButton\"]"}
RESULT: {"using":"xpath","value":"//button[@data-kt=\"addOverflowToolbarButton\"]"}
COMMAND: POST /session/a414a6ae85a434897fa1c9da3096b959/elements - {"using":"xpath","value":"//button[@data-kt=\"addOverflowToolbarButton\"]"}
RESULT: {"using":"xpath","value":"//button[@data-kt=\"addOverflowToolbarButton\"]"}
COMMAND: POST /session/a414a6ae85a434897fa1c9da3096b959/elements - {"using":"xpath","value":"//button[@data-kt=\"addOverflowToolbarButton\"]"}
RESULT: {"using":"xpath","value":"//button[@data-kt=\"addOverflowToolbarButton\"]"}
COMMAND: POST /session/a414a6ae85a434897fa1c9da3096b959/elements - {"using":"xpath","value":"//button[@data-kt=\"addOverflowToolbarButton\"]"}
RESULT: {"using":"xpath","value":"//button[@data-kt=\"addOverflowToolbarButton\"]"}
COMMAND: POST /session/a414a6ae85a434897fa1c9da3096b959/elements - {"using":"xpath","value":"//button[@data-kt=\"addOverflowToolbarButton\"]"}
RESULT: {"using":"xpath","value":"//button[@data-kt=\"addOverflowToolbarButton\"]"}
COMMAND: POST /session/a414a6ae85a434897fa1c9da3096b959/elements - {"using":"xpath","value":"//button[@data-kt=\"addOverflowToolbarButton\"]"}
RESULT: {"using":"xpath","value":"//button[@data-kt=\"addOverflowToolbarButton\"]"}
COMMAND: POST /session/a414a6ae85a434897fa1c9da3096b959/elements - {"using":"xpath","value":"//button[@data-kt=\"addOverflowToolbarButton\"]"}
RESULT: {"using":"xpath","value":"//button[@data-kt=\"addOverflowToolbarButton\"]"}
COMMAND: POST /session/a414a6ae85a434897fa1c9da3096b959/elements - {"using":"xpath","value":"//button[@data-kt=\"addOverflowToolbarButton\"]"}
RESULT: {"using":"xpath","value":"//button[@data-kt=\"addOverflowToolbarButton\"]"}
COMMAND: POST /session/a414a6ae85a434897fa1c9da3096b959/elements - {"using":"xpath","value":"//button[@data-kt=\"addOverflowToolbarButton\"]"}
RESULT: {"using":"xpath","value":"//button[@data-kt=\"addOverflowToolbarButton\"]"}
COMMAND: POST /session/a414a6ae85a434897fa1c9da3096b959/elements - {"using":"xpath","value":"//button[@data-kt=\"addOverflowToolbarButton\"]"}
RESULT: {"using":"xpath","value":"//button[@data-kt=\"addOverflowToolbarButton\"]"}
COMMAND: POST /session/a414a6ae85a434897fa1c9da3096b959/elements - {"using":"xpath","value":"//button[@data-kt=\"addOverflowToolbarButton\"]"}
RESULT: {"using":"xpath","value":"//button[@data-kt=\"addOverflowToolbarButton\"]"}
COMMAND: POST /session/a414a6ae85a434897fa1c9da3096b959/elements - {"using":"xpath","value":"//button[@data-kt=\"addOverflowToolbarButton\"]"}
RESULT: {"using":"xpath","value":"//button[@data-kt=\"addOverflowToolbarButton\"]"}
COMMAND: POST /session/a414a6ae85a434897fa1c9da3096b959/elements - {"using":"xpath","value":"//button[@data-kt=\"addOverflowToolbarButton\"]"}
RESULT: {"using":"xpath","value":"//button[@data-kt=\"addOverflowToolbarButton\"]"}
COMMAND: POST /session/a414a6ae85a434897fa1c9da3096b959/elements - {"using":"xpath","value":"//button[@data-kt=\"addOverflowToolbarButton\"]"}
RESULT: {"using":"xpath","value":"//button[@data-kt=\"addOverflowToolbarButton\"]"}
COMMAND: POST /session/a414a6ae85a434897fa1c9da3096b959/elements - {"using":"xpath","value":"//button[@data-kt=\"addOverflowToolbarButton\"]"}
RESULT: {"using":"xpath","value":"//button[@data-kt=\"addOverflowToolbarButton\"]"}
COMMAND: POST /session/a414a6ae85a434897fa1c9da3096b959/elements - {"using":"xpath","value":"//button[@data-kt=\"addOverflowToolbarButton\"]"}
RESULT: {"using":"xpath","value":"//button[@data-kt=\"addOverflowToolbarButton\"]"}
COMMAND: POST /session/a414a6ae85a434897fa1c9da3096b959/elements - {"using":"xpath","value":"//button[@data-kt=\"addOverflowToolbarButton\"]"}
RESULT: {"using":"xpath","value":"//button[@data-kt=\"addOverflowToolbarButton\"]"}
COMMAND: POST /session/a414a6ae85a434897fa1c9da3096b959/elements - {"using":"xpath","value":"//button[@data-kt=\"addOverflowToolbarButton\"]"}
RESULT: {"using":"xpath","value":"//button[@data-kt=\"addOverflowToolbarButton\"]"}
COMMAND: POST /session/a414a6ae85a434897fa1c9da3096b959/elements - {"using":"xpath","value":"//button[@data-kt=\"addOverflowToolbarButton\"]"}
RESULT: {"using":"xpath","value":"//button[@data-kt=\"addOverflowToolbarButton\"]"}
COMMAND: GET /session/a414a6ae85a434897fa1c9da3096b959/screenshot - {}
RESULT: {}
]]></system-out>
      <system-err><![CDATA[
Error: element ("//button[@data-kt="addOverflowToolbarButton"]") still not existing after 45000ms
    at async UtilsPrerequisites.siteCreation (D:\a\1\s\test\specs\BTS\prerequisites-and-utils-functions.js:653:9)
    at async Context.<anonymous> (D:\a\1\s\test\specs\HTR\stock-increase.spec.js:38:52)
]]></system-err>
    </testcase>
    <testcase classname="chrome.136_0_7103_93.windows.Stock_increase_-_with_WHM_US125587" name="Should create a new material" time="56.584">
      <failure/>
      <error message="element (&quot;//button[@data-kt=&quot;addNewRUOverflowToolbarButton&quot;]&quot;) still not existing after 45000ms"/>
      <system-out><![CDATA[
COMMAND: GET /session/a414a6ae85a434897fa1c9da3096b959/screenshot - {}
COMMAND: POST /session/a414a6ae85a434897fa1c9da3096b959/execute/async - {"script":"<script> [1562 bytes]","args":[{"selector":{"controlType":"sap.m.GenericTile","properties":{"header":"Manage Resources"}},"wdio_ui5_key":"sapm.GenericTile{\"header\":\"Manage Resources\"}"}]}
RESULT: {}
RESULT: {"script":"<script> [1562 bytes]","args":[{"selector":{"controlType":"sap.m.GenericTile","properties":{"header":"Manage Resources"}},"wdio_ui5_key":"sapm.GenericTile{\"header\":\"Manage Resources\"}"}]}
RESULT: undefined
COMMAND: POST /session/a414a6ae85a434897fa1c9da3096b959/elements - {"using":"xpath","value":"//span[text()='Error']"}
RESULT: {"using":"xpath","value":"//span[text()='Error']"}
COMMAND: POST /session/a414a6ae85a434897fa1c9da3096b959/element - {"using":"xpath","value":"//button[@data-kt=\"addNewRUOverflowToolbarButton\"]"}
RESULT: {"using":"xpath","value":"//button[@data-kt=\"addNewRUOverflowToolbarButton\"]"}
COMMAND: POST /session/a414a6ae85a434897fa1c9da3096b959/elements - {"using":"xpath","value":"//button[@data-kt=\"addNewRUOverflowToolbarButton\"]"}
RESULT: {"using":"xpath","value":"//button[@data-kt=\"addNewRUOverflowToolbarButton\"]"}
COMMAND: POST /session/a414a6ae85a434897fa1c9da3096b959/elements - {"using":"xpath","value":"//button[@data-kt=\"addNewRUOverflowToolbarButton\"]"}
RESULT: {"using":"xpath","value":"//button[@data-kt=\"addNewRUOverflowToolbarButton\"]"}
COMMAND: POST /session/a414a6ae85a434897fa1c9da3096b959/elements - {"using":"xpath","value":"//button[@data-kt=\"addNewRUOverflowToolbarButton\"]"}
RESULT: {"using":"xpath","value":"//button[@data-kt=\"addNewRUOverflowToolbarButton\"]"}
COMMAND: POST /session/a414a6ae85a434897fa1c9da3096b959/elements - {"using":"xpath","value":"//button[@data-kt=\"addNewRUOverflowToolbarButton\"]"}
RESULT: {"using":"xpath","value":"//button[@data-kt=\"addNewRUOverflowToolbarButton\"]"}
COMMAND: POST /session/a414a6ae85a434897fa1c9da3096b959/elements - {"using":"xpath","value":"//button[@data-kt=\"addNewRUOverflowToolbarButton\"]"}
RESULT: {"using":"xpath","value":"//button[@data-kt=\"addNewRUOverflowToolbarButton\"]"}
COMMAND: POST /session/a414a6ae85a434897fa1c9da3096b959/elements - {"using":"xpath","value":"//button[@data-kt=\"addNewRUOverflowToolbarButton\"]"}
RESULT: {"using":"xpath","value":"//button[@data-kt=\"addNewRUOverflowToolbarButton\"]"}
COMMAND: POST /session/a414a6ae85a434897fa1c9da3096b959/elements - {"using":"xpath","value":"//button[@data-kt=\"addNewRUOverflowToolbarButton\"]"}
RESULT: {"using":"xpath","value":"//button[@data-kt=\"addNewRUOverflowToolbarButton\"]"}
COMMAND: POST /session/a414a6ae85a434897fa1c9da3096b959/elements - {"using":"xpath","value":"//button[@data-kt=\"addNewRUOverflowToolbarButton\"]"}
RESULT: {"using":"xpath","value":"//button[@data-kt=\"addNewRUOverflowToolbarButton\"]"}
COMMAND: POST /session/a414a6ae85a434897fa1c9da3096b959/elements - {"using":"xpath","value":"//button[@data-kt=\"addNewRUOverflowToolbarButton\"]"}
RESULT: {"using":"xpath","value":"//button[@data-kt=\"addNewRUOverflowToolbarButton\"]"}
COMMAND: POST /session/a414a6ae85a434897fa1c9da3096b959/elements - {"using":"xpath","value":"//button[@data-kt=\"addNewRUOverflowToolbarButton\"]"}
RESULT: {"using":"xpath","value":"//button[@data-kt=\"addNewRUOverflowToolbarButton\"]"}
COMMAND: POST /session/a414a6ae85a434897fa1c9da3096b959/elements - {"using":"xpath","value":"//button[@data-kt=\"addNewRUOverflowToolbarButton\"]"}
RESULT: {"using":"xpath","value":"//button[@data-kt=\"addNewRUOverflowToolbarButton\"]"}
COMMAND: POST /session/a414a6ae85a434897fa1c9da3096b959/elements - {"using":"xpath","value":"//button[@data-kt=\"addNewRUOverflowToolbarButton\"]"}
RESULT: {"using":"xpath","value":"//button[@data-kt=\"addNewRUOverflowToolbarButton\"]"}
COMMAND: POST /session/a414a6ae85a434897fa1c9da3096b959/elements - {"using":"xpath","value":"//button[@data-kt=\"addNewRUOverflowToolbarButton\"]"}
RESULT: {"using":"xpath","value":"//button[@data-kt=\"addNewRUOverflowToolbarButton\"]"}
COMMAND: POST /session/a414a6ae85a434897fa1c9da3096b959/elements - {"using":"xpath","value":"//button[@data-kt=\"addNewRUOverflowToolbarButton\"]"}
RESULT: {"using":"xpath","value":"//button[@data-kt=\"addNewRUOverflowToolbarButton\"]"}
COMMAND: POST /session/a414a6ae85a434897fa1c9da3096b959/elements - {"using":"xpath","value":"//button[@data-kt=\"addNewRUOverflowToolbarButton\"]"}
RESULT: {"using":"xpath","value":"//button[@data-kt=\"addNewRUOverflowToolbarButton\"]"}
COMMAND: POST /session/a414a6ae85a434897fa1c9da3096b959/elements - {"using":"xpath","value":"//button[@data-kt=\"addNewRUOverflowToolbarButton\"]"}
RESULT: {"using":"xpath","value":"//button[@data-kt=\"addNewRUOverflowToolbarButton\"]"}
COMMAND: POST /session/a414a6ae85a434897fa1c9da3096b959/elements - {"using":"xpath","value":"//button[@data-kt=\"addNewRUOverflowToolbarButton\"]"}
RESULT: {"using":"xpath","value":"//button[@data-kt=\"addNewRUOverflowToolbarButton\"]"}
COMMAND: POST /session/a414a6ae85a434897fa1c9da3096b959/elements - {"using":"xpath","value":"//button[@data-kt=\"addNewRUOverflowToolbarButton\"]"}
RESULT: {"using":"xpath","value":"//button[@data-kt=\"addNewRUOverflowToolbarButton\"]"}
COMMAND: POST /session/a414a6ae85a434897fa1c9da3096b959/elements - {"using":"xpath","value":"//button[@data-kt=\"addNewRUOverflowToolbarButton\"]"}
RESULT: {"using":"xpath","value":"//button[@data-kt=\"addNewRUOverflowToolbarButton\"]"}
COMMAND: POST /session/a414a6ae85a434897fa1c9da3096b959/elements - {"using":"xpath","value":"//button[@data-kt=\"addNewRUOverflowToolbarButton\"]"}
RESULT: {"using":"xpath","value":"//button[@data-kt=\"addNewRUOverflowToolbarButton\"]"}
COMMAND: POST /session/a414a6ae85a434897fa1c9da3096b959/elements - {"using":"xpath","value":"//button[@data-kt=\"addNewRUOverflowToolbarButton\"]"}
RESULT: {"using":"xpath","value":"//button[@data-kt=\"addNewRUOverflowToolbarButton\"]"}
COMMAND: POST /session/a414a6ae85a434897fa1c9da3096b959/elements - {"using":"xpath","value":"//button[@data-kt=\"addNewRUOverflowToolbarButton\"]"}
RESULT: {"using":"xpath","value":"//button[@data-kt=\"addNewRUOverflowToolbarButton\"]"}
COMMAND: POST /session/a414a6ae85a434897fa1c9da3096b959/elements - {"using":"xpath","value":"//button[@data-kt=\"addNewRUOverflowToolbarButton\"]"}
RESULT: {"using":"xpath","value":"//button[@data-kt=\"addNewRUOverflowToolbarButton\"]"}
COMMAND: POST /session/a414a6ae85a434897fa1c9da3096b959/elements - {"using":"xpath","value":"//button[@data-kt=\"addNewRUOverflowToolbarButton\"]"}
RESULT: {"using":"xpath","value":"//button[@data-kt=\"addNewRUOverflowToolbarButton\"]"}
COMMAND: POST /session/a414a6ae85a434897fa1c9da3096b959/elements - {"using":"xpath","value":"//button[@data-kt=\"addNewRUOverflowToolbarButton\"]"}
RESULT: {"using":"xpath","value":"//button[@data-kt=\"addNewRUOverflowToolbarButton\"]"}
COMMAND: POST /session/a414a6ae85a434897fa1c9da3096b959/elements - {"using":"xpath","value":"//button[@data-kt=\"addNewRUOverflowToolbarButton\"]"}
RESULT: {"using":"xpath","value":"//button[@data-kt=\"addNewRUOverflowToolbarButton\"]"}
COMMAND: POST /session/a414a6ae85a434897fa1c9da3096b959/elements - {"using":"xpath","value":"//button[@data-kt=\"addNewRUOverflowToolbarButton\"]"}
RESULT: {"using":"xpath","value":"//button[@data-kt=\"addNewRUOverflowToolbarButton\"]"}
COMMAND: POST /session/a414a6ae85a434897fa1c9da3096b959/elements - {"using":"xpath","value":"//button[@data-kt=\"addNewRUOverflowToolbarButton\"]"}
RESULT: {"using":"xpath","value":"//button[@data-kt=\"addNewRUOverflowToolbarButton\"]"}
COMMAND: POST /session/a414a6ae85a434897fa1c9da3096b959/elements - {"using":"xpath","value":"//button[@data-kt=\"addNewRUOverflowToolbarButton\"]"}
RESULT: {"using":"xpath","value":"//button[@data-kt=\"addNewRUOverflowToolbarButton\"]"}
COMMAND: POST /session/a414a6ae85a434897fa1c9da3096b959/elements - {"using":"xpath","value":"//button[@data-kt=\"addNewRUOverflowToolbarButton\"]"}
RESULT: {"using":"xpath","value":"//button[@data-kt=\"addNewRUOverflowToolbarButton\"]"}
COMMAND: POST /session/a414a6ae85a434897fa1c9da3096b959/elements - {"using":"xpath","value":"//button[@data-kt=\"addNewRUOverflowToolbarButton\"]"}
RESULT: {"using":"xpath","value":"//button[@data-kt=\"addNewRUOverflowToolbarButton\"]"}
COMMAND: POST /session/a414a6ae85a434897fa1c9da3096b959/elements - {"using":"xpath","value":"//button[@data-kt=\"addNewRUOverflowToolbarButton\"]"}
RESULT: {"using":"xpath","value":"//button[@data-kt=\"addNewRUOverflowToolbarButton\"]"}
COMMAND: POST /session/a414a6ae85a434897fa1c9da3096b959/elements - {"using":"xpath","value":"//button[@data-kt=\"addNewRUOverflowToolbarButton\"]"}
RESULT: {"using":"xpath","value":"//button[@data-kt=\"addNewRUOverflowToolbarButton\"]"}
COMMAND: POST /session/a414a6ae85a434897fa1c9da3096b959/elements - {"using":"xpath","value":"//button[@data-kt=\"addNewRUOverflowToolbarButton\"]"}
RESULT: {"using":"xpath","value":"//button[@data-kt=\"addNewRUOverflowToolbarButton\"]"}
COMMAND: POST /session/a414a6ae85a434897fa1c9da3096b959/elements - {"using":"xpath","value":"//button[@data-kt=\"addNewRUOverflowToolbarButton\"]"}
RESULT: {"using":"xpath","value":"//button[@data-kt=\"addNewRUOverflowToolbarButton\"]"}
COMMAND: POST /session/a414a6ae85a434897fa1c9da3096b959/elements - {"using":"xpath","value":"//button[@data-kt=\"addNewRUOverflowToolbarButton\"]"}
RESULT: {"using":"xpath","value":"//button[@data-kt=\"addNewRUOverflowToolbarButton\"]"}
COMMAND: POST /session/a414a6ae85a434897fa1c9da3096b959/elements - {"using":"xpath","value":"//button[@data-kt=\"addNewRUOverflowToolbarButton\"]"}
RESULT: {"using":"xpath","value":"//button[@data-kt=\"addNewRUOverflowToolbarButton\"]"}
COMMAND: POST /session/a414a6ae85a434897fa1c9da3096b959/elements - {"using":"xpath","value":"//button[@data-kt=\"addNewRUOverflowToolbarButton\"]"}
RESULT: {"using":"xpath","value":"//button[@data-kt=\"addNewRUOverflowToolbarButton\"]"}
COMMAND: POST /session/a414a6ae85a434897fa1c9da3096b959/elements - {"using":"xpath","value":"//button[@data-kt=\"addNewRUOverflowToolbarButton\"]"}
RESULT: {"using":"xpath","value":"//button[@data-kt=\"addNewRUOverflowToolbarButton\"]"}
COMMAND: POST /session/a414a6ae85a434897fa1c9da3096b959/elements - {"using":"xpath","value":"//button[@data-kt=\"addNewRUOverflowToolbarButton\"]"}
RESULT: {"using":"xpath","value":"//button[@data-kt=\"addNewRUOverflowToolbarButton\"]"}
COMMAND: POST /session/a414a6ae85a434897fa1c9da3096b959/elements - {"using":"xpath","value":"//button[@data-kt=\"addNewRUOverflowToolbarButton\"]"}
RESULT: {"using":"xpath","value":"//button[@data-kt=\"addNewRUOverflowToolbarButton\"]"}
COMMAND: POST /session/a414a6ae85a434897fa1c9da3096b959/elements - {"using":"xpath","value":"//button[@data-kt=\"addNewRUOverflowToolbarButton\"]"}
RESULT: {"using":"xpath","value":"//button[@data-kt=\"addNewRUOverflowToolbarButton\"]"}
COMMAND: POST /session/a414a6ae85a434897fa1c9da3096b959/elements - {"using":"xpath","value":"//button[@data-kt=\"addNewRUOverflowToolbarButton\"]"}
RESULT: {"using":"xpath","value":"//button[@data-kt=\"addNewRUOverflowToolbarButton\"]"}
COMMAND: POST /session/a414a6ae85a434897fa1c9da3096b959/elements - {"using":"xpath","value":"//button[@data-kt=\"addNewRUOverflowToolbarButton\"]"}
RESULT: {"using":"xpath","value":"//button[@data-kt=\"addNewRUOverflowToolbarButton\"]"}
COMMAND: POST /session/a414a6ae85a434897fa1c9da3096b959/elements - {"using":"xpath","value":"//button[@data-kt=\"addNewRUOverflowToolbarButton\"]"}
RESULT: {"using":"xpath","value":"//button[@data-kt=\"addNewRUOverflowToolbarButton\"]"}
COMMAND: POST /session/a414a6ae85a434897fa1c9da3096b959/elements - {"using":"xpath","value":"//button[@data-kt=\"addNewRUOverflowToolbarButton\"]"}
RESULT: {"using":"xpath","value":"//button[@data-kt=\"addNewRUOverflowToolbarButton\"]"}
COMMAND: POST /session/a414a6ae85a434897fa1c9da3096b959/elements - {"using":"xpath","value":"//button[@data-kt=\"addNewRUOverflowToolbarButton\"]"}
RESULT: {"using":"xpath","value":"//button[@data-kt=\"addNewRUOverflowToolbarButton\"]"}
COMMAND: POST /session/a414a6ae85a434897fa1c9da3096b959/elements - {"using":"xpath","value":"//button[@data-kt=\"addNewRUOverflowToolbarButton\"]"}
RESULT: {"using":"xpath","value":"//button[@data-kt=\"addNewRUOverflowToolbarButton\"]"}
COMMAND: POST /session/a414a6ae85a434897fa1c9da3096b959/elements - {"using":"xpath","value":"//button[@data-kt=\"addNewRUOverflowToolbarButton\"]"}
RESULT: {"using":"xpath","value":"//button[@data-kt=\"addNewRUOverflowToolbarButton\"]"}
COMMAND: POST /session/a414a6ae85a434897fa1c9da3096b959/elements - {"using":"xpath","value":"//button[@data-kt=\"addNewRUOverflowToolbarButton\"]"}
RESULT: {"using":"xpath","value":"//button[@data-kt=\"addNewRUOverflowToolbarButton\"]"}
COMMAND: POST /session/a414a6ae85a434897fa1c9da3096b959/elements - {"using":"xpath","value":"//button[@data-kt=\"addNewRUOverflowToolbarButton\"]"}
RESULT: {"using":"xpath","value":"//button[@data-kt=\"addNewRUOverflowToolbarButton\"]"}
COMMAND: POST /session/a414a6ae85a434897fa1c9da3096b959/elements - {"using":"xpath","value":"//button[@data-kt=\"addNewRUOverflowToolbarButton\"]"}
RESULT: {"using":"xpath","value":"//button[@data-kt=\"addNewRUOverflowToolbarButton\"]"}
COMMAND: POST /session/a414a6ae85a434897fa1c9da3096b959/elements - {"using":"xpath","value":"//button[@data-kt=\"addNewRUOverflowToolbarButton\"]"}
RESULT: {"using":"xpath","value":"//button[@data-kt=\"addNewRUOverflowToolbarButton\"]"}
COMMAND: POST /session/a414a6ae85a434897fa1c9da3096b959/elements - {"using":"xpath","value":"//button[@data-kt=\"addNewRUOverflowToolbarButton\"]"}
RESULT: {"using":"xpath","value":"//button[@data-kt=\"addNewRUOverflowToolbarButton\"]"}
COMMAND: POST /session/a414a6ae85a434897fa1c9da3096b959/elements - {"using":"xpath","value":"//button[@data-kt=\"addNewRUOverflowToolbarButton\"]"}
RESULT: {"using":"xpath","value":"//button[@data-kt=\"addNewRUOverflowToolbarButton\"]"}
COMMAND: POST /session/a414a6ae85a434897fa1c9da3096b959/elements - {"using":"xpath","value":"//button[@data-kt=\"addNewRUOverflowToolbarButton\"]"}
RESULT: {"using":"xpath","value":"//button[@data-kt=\"addNewRUOverflowToolbarButton\"]"}
COMMAND: POST /session/a414a6ae85a434897fa1c9da3096b959/elements - {"using":"xpath","value":"//button[@data-kt=\"addNewRUOverflowToolbarButton\"]"}
RESULT: {"using":"xpath","value":"//button[@data-kt=\"addNewRUOverflowToolbarButton\"]"}
COMMAND: POST /session/a414a6ae85a434897fa1c9da3096b959/elements - {"using":"xpath","value":"//button[@data-kt=\"addNewRUOverflowToolbarButton\"]"}
RESULT: {"using":"xpath","value":"//button[@data-kt=\"addNewRUOverflowToolbarButton\"]"}
COMMAND: POST /session/a414a6ae85a434897fa1c9da3096b959/elements - {"using":"xpath","value":"//button[@data-kt=\"addNewRUOverflowToolbarButton\"]"}
RESULT: {"using":"xpath","value":"//button[@data-kt=\"addNewRUOverflowToolbarButton\"]"}
COMMAND: POST /session/a414a6ae85a434897fa1c9da3096b959/elements - {"using":"xpath","value":"//button[@data-kt=\"addNewRUOverflowToolbarButton\"]"}
RESULT: {"using":"xpath","value":"//button[@data-kt=\"addNewRUOverflowToolbarButton\"]"}
COMMAND: POST /session/a414a6ae85a434897fa1c9da3096b959/elements - {"using":"xpath","value":"//button[@data-kt=\"addNewRUOverflowToolbarButton\"]"}
RESULT: {"using":"xpath","value":"//button[@data-kt=\"addNewRUOverflowToolbarButton\"]"}
COMMAND: POST /session/a414a6ae85a434897fa1c9da3096b959/elements - {"using":"xpath","value":"//button[@data-kt=\"addNewRUOverflowToolbarButton\"]"}
RESULT: {"using":"xpath","value":"//button[@data-kt=\"addNewRUOverflowToolbarButton\"]"}
COMMAND: POST /session/a414a6ae85a434897fa1c9da3096b959/elements - {"using":"xpath","value":"//button[@data-kt=\"addNewRUOverflowToolbarButton\"]"}
RESULT: {"using":"xpath","value":"//button[@data-kt=\"addNewRUOverflowToolbarButton\"]"}
COMMAND: POST /session/a414a6ae85a434897fa1c9da3096b959/elements - {"using":"xpath","value":"//button[@data-kt=\"addNewRUOverflowToolbarButton\"]"}
RESULT: {"using":"xpath","value":"//button[@data-kt=\"addNewRUOverflowToolbarButton\"]"}
COMMAND: POST /session/a414a6ae85a434897fa1c9da3096b959/elements - {"using":"xpath","value":"//button[@data-kt=\"addNewRUOverflowToolbarButton\"]"}
RESULT: {"using":"xpath","value":"//button[@data-kt=\"addNewRUOverflowToolbarButton\"]"}
COMMAND: POST /session/a414a6ae85a434897fa1c9da3096b959/elements - {"using":"xpath","value":"//button[@data-kt=\"addNewRUOverflowToolbarButton\"]"}
RESULT: {"using":"xpath","value":"//button[@data-kt=\"addNewRUOverflowToolbarButton\"]"}
COMMAND: POST /session/a414a6ae85a434897fa1c9da3096b959/elements - {"using":"xpath","value":"//button[@data-kt=\"addNewRUOverflowToolbarButton\"]"}
RESULT: {"using":"xpath","value":"//button[@data-kt=\"addNewRUOverflowToolbarButton\"]"}
COMMAND: POST /session/a414a6ae85a434897fa1c9da3096b959/elements - {"using":"xpath","value":"//button[@data-kt=\"addNewRUOverflowToolbarButton\"]"}
RESULT: {"using":"xpath","value":"//button[@data-kt=\"addNewRUOverflowToolbarButton\"]"}
COMMAND: POST /session/a414a6ae85a434897fa1c9da3096b959/elements - {"using":"xpath","value":"//button[@data-kt=\"addNewRUOverflowToolbarButton\"]"}
RESULT: {"using":"xpath","value":"//button[@data-kt=\"addNewRUOverflowToolbarButton\"]"}
COMMAND: POST /session/a414a6ae85a434897fa1c9da3096b959/elements - {"using":"xpath","value":"//button[@data-kt=\"addNewRUOverflowToolbarButton\"]"}
RESULT: {"using":"xpath","value":"//button[@data-kt=\"addNewRUOverflowToolbarButton\"]"}
COMMAND: POST /session/a414a6ae85a434897fa1c9da3096b959/elements - {"using":"xpath","value":"//button[@data-kt=\"addNewRUOverflowToolbarButton\"]"}
RESULT: {"using":"xpath","value":"//button[@data-kt=\"addNewRUOverflowToolbarButton\"]"}
COMMAND: POST /session/a414a6ae85a434897fa1c9da3096b959/elements - {"using":"xpath","value":"//button[@data-kt=\"addNewRUOverflowToolbarButton\"]"}
RESULT: {"using":"xpath","value":"//button[@data-kt=\"addNewRUOverflowToolbarButton\"]"}
COMMAND: POST /session/a414a6ae85a434897fa1c9da3096b959/elements - {"using":"xpath","value":"//button[@data-kt=\"addNewRUOverflowToolbarButton\"]"}
RESULT: {"using":"xpath","value":"//button[@data-kt=\"addNewRUOverflowToolbarButton\"]"}
COMMAND: POST /session/a414a6ae85a434897fa1c9da3096b959/elements - {"using":"xpath","value":"//button[@data-kt=\"addNewRUOverflowToolbarButton\"]"}
RESULT: {"using":"xpath","value":"//button[@data-kt=\"addNewRUOverflowToolbarButton\"]"}
COMMAND: POST /session/a414a6ae85a434897fa1c9da3096b959/elements - {"using":"xpath","value":"//button[@data-kt=\"addNewRUOverflowToolbarButton\"]"}
RESULT: {"using":"xpath","value":"//button[@data-kt=\"addNewRUOverflowToolbarButton\"]"}
COMMAND: POST /session/a414a6ae85a434897fa1c9da3096b959/elements - {"using":"xpath","value":"//button[@data-kt=\"addNewRUOverflowToolbarButton\"]"}
RESULT: {"using":"xpath","value":"//button[@data-kt=\"addNewRUOverflowToolbarButton\"]"}
COMMAND: POST /session/a414a6ae85a434897fa1c9da3096b959/elements - {"using":"xpath","value":"//button[@data-kt=\"addNewRUOverflowToolbarButton\"]"}
RESULT: {"using":"xpath","value":"//button[@data-kt=\"addNewRUOverflowToolbarButton\"]"}
COMMAND: POST /session/a414a6ae85a434897fa1c9da3096b959/elements - {"using":"xpath","value":"//button[@data-kt=\"addNewRUOverflowToolbarButton\"]"}
RESULT: {"using":"xpath","value":"//button[@data-kt=\"addNewRUOverflowToolbarButton\"]"}
COMMAND: POST /session/a414a6ae85a434897fa1c9da3096b959/elements - {"using":"xpath","value":"//button[@data-kt=\"addNewRUOverflowToolbarButton\"]"}
RESULT: {"using":"xpath","value":"//button[@data-kt=\"addNewRUOverflowToolbarButton\"]"}
COMMAND: POST /session/a414a6ae85a434897fa1c9da3096b959/elements - {"using":"xpath","value":"//button[@data-kt=\"addNewRUOverflowToolbarButton\"]"}
RESULT: {"using":"xpath","value":"//button[@data-kt=\"addNewRUOverflowToolbarButton\"]"}
COMMAND: POST /session/a414a6ae85a434897fa1c9da3096b959/elements - {"using":"xpath","value":"//button[@data-kt=\"addNewRUOverflowToolbarButton\"]"}
RESULT: {"using":"xpath","value":"//button[@data-kt=\"addNewRUOverflowToolbarButton\"]"}
COMMAND: POST /session/a414a6ae85a434897fa1c9da3096b959/elements - {"using":"xpath","value":"//button[@data-kt=\"addNewRUOverflowToolbarButton\"]"}
RESULT: {"using":"xpath","value":"//button[@data-kt=\"addNewRUOverflowToolbarButton\"]"}
COMMAND: POST /session/a414a6ae85a434897fa1c9da3096b959/elements - {"using":"xpath","value":"//button[@data-kt=\"addNewRUOverflowToolbarButton\"]"}
RESULT: {"using":"xpath","value":"//button[@data-kt=\"addNewRUOverflowToolbarButton\"]"}
COMMAND: POST /session/a414a6ae85a434897fa1c9da3096b959/elements - {"using":"xpath","value":"//button[@data-kt=\"addNewRUOverflowToolbarButton\"]"}
RESULT: {"using":"xpath","value":"//button[@data-kt=\"addNewRUOverflowToolbarButton\"]"}
COMMAND: POST /session/a414a6ae85a434897fa1c9da3096b959/elements - {"using":"xpath","value":"//button[@data-kt=\"addNewRUOverflowToolbarButton\"]"}
RESULT: {"using":"xpath","value":"//button[@data-kt=\"addNewRUOverflowToolbarButton\"]"}
COMMAND: POST /session/a414a6ae85a434897fa1c9da3096b959/elements - {"using":"xpath","value":"//button[@data-kt=\"addNewRUOverflowToolbarButton\"]"}
RESULT: {"using":"xpath","value":"//button[@data-kt=\"addNewRUOverflowToolbarButton\"]"}
COMMAND: POST /session/a414a6ae85a434897fa1c9da3096b959/elements - {"using":"xpath","value":"//button[@data-kt=\"addNewRUOverflowToolbarButton\"]"}
RESULT: {"using":"xpath","value":"//button[@data-kt=\"addNewRUOverflowToolbarButton\"]"}
COMMAND: POST /session/a414a6ae85a434897fa1c9da3096b959/elements - {"using":"xpath","value":"//button[@data-kt=\"addNewRUOverflowToolbarButton\"]"}
RESULT: {"using":"xpath","value":"//button[@data-kt=\"addNewRUOverflowToolbarButton\"]"}
COMMAND: POST /session/a414a6ae85a434897fa1c9da3096b959/elements - {"using":"xpath","value":"//button[@data-kt=\"addNewRUOverflowToolbarButton\"]"}
RESULT: {"using":"xpath","value":"//button[@data-kt=\"addNewRUOverflowToolbarButton\"]"}
COMMAND: POST /session/a414a6ae85a434897fa1c9da3096b959/elements - {"using":"xpath","value":"//button[@data-kt=\"addNewRUOverflowToolbarButton\"]"}
RESULT: {"using":"xpath","value":"//button[@data-kt=\"addNewRUOverflowToolbarButton\"]"}
COMMAND: POST /session/a414a6ae85a434897fa1c9da3096b959/elements - {"using":"xpath","value":"//button[@data-kt=\"addNewRUOverflowToolbarButton\"]"}
COMMAND: GET /session/a414a6ae85a434897fa1c9da3096b959/screenshot - {}
RESULT: {"using":"xpath","value":"//button[@data-kt=\"addNewRUOverflowToolbarButton\"]"}
RESULT: {}
]]></system-out>
      <system-err><![CDATA[
Error: element ("//button[@data-kt="addNewRUOverflowToolbarButton"]") still not existing after 45000ms
    at async UtilsPrerequisites.resourceCreation (D:\a\1\s\test\specs\BTS\prerequisites-and-utils-functions.js:848:9)
    at async Context.<anonymous> (D:\a\1\s\test\specs\HTR\stock-increase.spec.js:46:49)
]]></system-err>
    </testcase>
    <testcase classname="chrome.136_0_7103_93.windows.Stock_increase_-_with_WHM_US125587" name="Bin Status Report Should Create New Organization yard" time="56.208">
      <failure/>
      <error message="element (&quot;//button[@id=&quot;application-binstatusreport-display-component---warehousing--createOrgBtn&quot;]&quot;) still not existing after 45000ms"/>
      <system-out><![CDATA[
COMMAND: POST /session/a414a6ae85a434897fa1c9da3096b959/execute/async - {"script":"<script> [1562 bytes]","args":[{"selector":{"controlType":"sap.m.GenericTile","properties":{"header":"Bin Status Report"}},"wdio_ui5_key":"sapm.GenericTile{\"header\":\"Bin Status Report\"}"}]}
COMMAND: GET /session/a414a6ae85a434897fa1c9da3096b959/screenshot - {}
RESULT: {"script":"<script> [1562 bytes]","args":[{"selector":{"controlType":"sap.m.GenericTile","properties":{"header":"Bin Status Report"}},"wdio_ui5_key":"sapm.GenericTile{\"header\":\"Bin Status Report\"}"}]}
RESULT: undefined
RESULT: {}
COMMAND: POST /session/a414a6ae85a434897fa1c9da3096b959/elements - {"using":"xpath","value":"//span[text()='Error']"}
RESULT: {"using":"xpath","value":"//span[text()='Error']"}
COMMAND: POST /session/a414a6ae85a434897fa1c9da3096b959/element - {"using":"xpath","value":"//button[@id=\"application-binstatusreport-display-component---warehousing--createOrgBtn\"]"}
RESULT: {"using":"xpath","value":"//button[@id=\"application-binstatusreport-display-component---warehousing--createOrgBtn\"]"}
COMMAND: POST /session/a414a6ae85a434897fa1c9da3096b959/elements - {"using":"xpath","value":"//button[@id=\"application-binstatusreport-display-component---warehousing--createOrgBtn\"]"}
RESULT: {"using":"xpath","value":"//button[@id=\"application-binstatusreport-display-component---warehousing--createOrgBtn\"]"}
COMMAND: POST /session/a414a6ae85a434897fa1c9da3096b959/elements - {"using":"xpath","value":"//button[@id=\"application-binstatusreport-display-component---warehousing--createOrgBtn\"]"}
RESULT: {"using":"xpath","value":"//button[@id=\"application-binstatusreport-display-component---warehousing--createOrgBtn\"]"}
COMMAND: POST /session/a414a6ae85a434897fa1c9da3096b959/elements - {"using":"xpath","value":"//button[@id=\"application-binstatusreport-display-component---warehousing--createOrgBtn\"]"}
RESULT: {"using":"xpath","value":"//button[@id=\"application-binstatusreport-display-component---warehousing--createOrgBtn\"]"}
COMMAND: POST /session/a414a6ae85a434897fa1c9da3096b959/elements - {"using":"xpath","value":"//button[@id=\"application-binstatusreport-display-component---warehousing--createOrgBtn\"]"}
RESULT: {"using":"xpath","value":"//button[@id=\"application-binstatusreport-display-component---warehousing--createOrgBtn\"]"}
COMMAND: POST /session/a414a6ae85a434897fa1c9da3096b959/elements - {"using":"xpath","value":"//button[@id=\"application-binstatusreport-display-component---warehousing--createOrgBtn\"]"}
RESULT: {"using":"xpath","value":"//button[@id=\"application-binstatusreport-display-component---warehousing--createOrgBtn\"]"}
COMMAND: POST /session/a414a6ae85a434897fa1c9da3096b959/elements - {"using":"xpath","value":"//button[@id=\"application-binstatusreport-display-component---warehousing--createOrgBtn\"]"}
RESULT: {"using":"xpath","value":"//button[@id=\"application-binstatusreport-display-component---warehousing--createOrgBtn\"]"}
COMMAND: POST /session/a414a6ae85a434897fa1c9da3096b959/elements - {"using":"xpath","value":"//button[@id=\"application-binstatusreport-display-component---warehousing--createOrgBtn\"]"}
RESULT: {"using":"xpath","value":"//button[@id=\"application-binstatusreport-display-component---warehousing--createOrgBtn\"]"}
COMMAND: POST /session/a414a6ae85a434897fa1c9da3096b959/elements - {"using":"xpath","value":"//button[@id=\"application-binstatusreport-display-component---warehousing--createOrgBtn\"]"}
RESULT: {"using":"xpath","value":"//button[@id=\"application-binstatusreport-display-component---warehousing--createOrgBtn\"]"}
COMMAND: POST /session/a414a6ae85a434897fa1c9da3096b959/elements - {"using":"xpath","value":"//button[@id=\"application-binstatusreport-display-component---warehousing--createOrgBtn\"]"}
RESULT: {"using":"xpath","value":"//button[@id=\"application-binstatusreport-display-component---warehousing--createOrgBtn\"]"}
COMMAND: POST /session/a414a6ae85a434897fa1c9da3096b959/elements - {"using":"xpath","value":"//button[@id=\"application-binstatusreport-display-component---warehousing--createOrgBtn\"]"}
RESULT: {"using":"xpath","value":"//button[@id=\"application-binstatusreport-display-component---warehousing--createOrgBtn\"]"}
COMMAND: POST /session/a414a6ae85a434897fa1c9da3096b959/elements - {"using":"xpath","value":"//button[@id=\"application-binstatusreport-display-component---warehousing--createOrgBtn\"]"}
RESULT: {"using":"xpath","value":"//button[@id=\"application-binstatusreport-display-component---warehousing--createOrgBtn\"]"}
COMMAND: POST /session/a414a6ae85a434897fa1c9da3096b959/elements - {"using":"xpath","value":"//button[@id=\"application-binstatusreport-display-component---warehousing--createOrgBtn\"]"}
RESULT: {"using":"xpath","value":"//button[@id=\"application-binstatusreport-display-component---warehousing--createOrgBtn\"]"}
COMMAND: POST /session/a414a6ae85a434897fa1c9da3096b959/elements - {"using":"xpath","value":"//button[@id=\"application-binstatusreport-display-component---warehousing--createOrgBtn\"]"}
RESULT: {"using":"xpath","value":"//button[@id=\"application-binstatusreport-display-component---warehousing--createOrgBtn\"]"}
COMMAND: POST /session/a414a6ae85a434897fa1c9da3096b959/elements - {"using":"xpath","value":"//button[@id=\"application-binstatusreport-display-component---warehousing--createOrgBtn\"]"}
RESULT: {"using":"xpath","value":"//button[@id=\"application-binstatusreport-display-component---warehousing--createOrgBtn\"]"}
COMMAND: POST /session/a414a6ae85a434897fa1c9da3096b959/elements - {"using":"xpath","value":"//button[@id=\"application-binstatusreport-display-component---warehousing--createOrgBtn\"]"}
RESULT: {"using":"xpath","value":"//button[@id=\"application-binstatusreport-display-component---warehousing--createOrgBtn\"]"}
COMMAND: POST /session/a414a6ae85a434897fa1c9da3096b959/elements - {"using":"xpath","value":"//button[@id=\"application-binstatusreport-display-component---warehousing--createOrgBtn\"]"}
RESULT: {"using":"xpath","value":"//button[@id=\"application-binstatusreport-display-component---warehousing--createOrgBtn\"]"}
COMMAND: POST /session/a414a6ae85a434897fa1c9da3096b959/elements - {"using":"xpath","value":"//button[@id=\"application-binstatusreport-display-component---warehousing--createOrgBtn\"]"}
RESULT: {"using":"xpath","value":"//button[@id=\"application-binstatusreport-display-component---warehousing--createOrgBtn\"]"}
COMMAND: POST /session/a414a6ae85a434897fa1c9da3096b959/elements - {"using":"xpath","value":"//button[@id=\"application-binstatusreport-display-component---warehousing--createOrgBtn\"]"}
RESULT: {"using":"xpath","value":"//button[@id=\"application-binstatusreport-display-component---warehousing--createOrgBtn\"]"}
COMMAND: POST /session/a414a6ae85a434897fa1c9da3096b959/elements - {"using":"xpath","value":"//button[@id=\"application-binstatusreport-display-component---warehousing--createOrgBtn\"]"}
RESULT: {"using":"xpath","value":"//button[@id=\"application-binstatusreport-display-component---warehousing--createOrgBtn\"]"}
COMMAND: POST /session/a414a6ae85a434897fa1c9da3096b959/elements - {"using":"xpath","value":"//button[@id=\"application-binstatusreport-display-component---warehousing--createOrgBtn\"]"}
RESULT: {"using":"xpath","value":"//button[@id=\"application-binstatusreport-display-component---warehousing--createOrgBtn\"]"}
COMMAND: POST /session/a414a6ae85a434897fa1c9da3096b959/elements - {"using":"xpath","value":"//button[@id=\"application-binstatusreport-display-component---warehousing--createOrgBtn\"]"}
RESULT: {"using":"xpath","value":"//button[@id=\"application-binstatusreport-display-component---warehousing--createOrgBtn\"]"}
COMMAND: POST /session/a414a6ae85a434897fa1c9da3096b959/elements - {"using":"xpath","value":"//button[@id=\"application-binstatusreport-display-component---warehousing--createOrgBtn\"]"}
RESULT: {"using":"xpath","value":"//button[@id=\"application-binstatusreport-display-component---warehousing--createOrgBtn\"]"}
COMMAND: POST /session/a414a6ae85a434897fa1c9da3096b959/elements - {"using":"xpath","value":"//button[@id=\"application-binstatusreport-display-component---warehousing--createOrgBtn\"]"}
RESULT: {"using":"xpath","value":"//button[@id=\"application-binstatusreport-display-component---warehousing--createOrgBtn\"]"}
COMMAND: POST /session/a414a6ae85a434897fa1c9da3096b959/elements - {"using":"xpath","value":"//button[@id=\"application-binstatusreport-display-component---warehousing--createOrgBtn\"]"}
RESULT: {"using":"xpath","value":"//button[@id=\"application-binstatusreport-display-component---warehousing--createOrgBtn\"]"}
COMMAND: POST /session/a414a6ae85a434897fa1c9da3096b959/elements - {"using":"xpath","value":"//button[@id=\"application-binstatusreport-display-component---warehousing--createOrgBtn\"]"}
RESULT: {"using":"xpath","value":"//button[@id=\"application-binstatusreport-display-component---warehousing--createOrgBtn\"]"}
COMMAND: POST /session/a414a6ae85a434897fa1c9da3096b959/elements - {"using":"xpath","value":"//button[@id=\"application-binstatusreport-display-component---warehousing--createOrgBtn\"]"}
RESULT: {"using":"xpath","value":"//button[@id=\"application-binstatusreport-display-component---warehousing--createOrgBtn\"]"}
COMMAND: POST /session/a414a6ae85a434897fa1c9da3096b959/elements - {"using":"xpath","value":"//button[@id=\"application-binstatusreport-display-component---warehousing--createOrgBtn\"]"}
RESULT: {"using":"xpath","value":"//button[@id=\"application-binstatusreport-display-component---warehousing--createOrgBtn\"]"}
COMMAND: POST /session/a414a6ae85a434897fa1c9da3096b959/elements - {"using":"xpath","value":"//button[@id=\"application-binstatusreport-display-component---warehousing--createOrgBtn\"]"}
RESULT: {"using":"xpath","value":"//button[@id=\"application-binstatusreport-display-component---warehousing--createOrgBtn\"]"}
COMMAND: POST /session/a414a6ae85a434897fa1c9da3096b959/elements - {"using":"xpath","value":"//button[@id=\"application-binstatusreport-display-component---warehousing--createOrgBtn\"]"}
RESULT: {"using":"xpath","value":"//button[@id=\"application-binstatusreport-display-component---warehousing--createOrgBtn\"]"}
COMMAND: POST /session/a414a6ae85a434897fa1c9da3096b959/elements - {"using":"xpath","value":"//button[@id=\"application-binstatusreport-display-component---warehousing--createOrgBtn\"]"}
RESULT: {"using":"xpath","value":"//button[@id=\"application-binstatusreport-display-component---warehousing--createOrgBtn\"]"}
COMMAND: POST /session/a414a6ae85a434897fa1c9da3096b959/elements - {"using":"xpath","value":"//button[@id=\"application-binstatusreport-display-component---warehousing--createOrgBtn\"]"}
RESULT: {"using":"xpath","value":"//button[@id=\"application-binstatusreport-display-component---warehousing--createOrgBtn\"]"}
COMMAND: POST /session/a414a6ae85a434897fa1c9da3096b959/elements - {"using":"xpath","value":"//button[@id=\"application-binstatusreport-display-component---warehousing--createOrgBtn\"]"}
RESULT: {"using":"xpath","value":"//button[@id=\"application-binstatusreport-display-component---warehousing--createOrgBtn\"]"}
COMMAND: POST /session/a414a6ae85a434897fa1c9da3096b959/elements - {"using":"xpath","value":"//button[@id=\"application-binstatusreport-display-component---warehousing--createOrgBtn\"]"}
RESULT: {"using":"xpath","value":"//button[@id=\"application-binstatusreport-display-component---warehousing--createOrgBtn\"]"}
COMMAND: POST /session/a414a6ae85a434897fa1c9da3096b959/elements - {"using":"xpath","value":"//button[@id=\"application-binstatusreport-display-component---warehousing--createOrgBtn\"]"}
RESULT: {"using":"xpath","value":"//button[@id=\"application-binstatusreport-display-component---warehousing--createOrgBtn\"]"}
COMMAND: POST /session/a414a6ae85a434897fa1c9da3096b959/elements - {"using":"xpath","value":"//button[@id=\"application-binstatusreport-display-component---warehousing--createOrgBtn\"]"}
RESULT: {"using":"xpath","value":"//button[@id=\"application-binstatusreport-display-component---warehousing--createOrgBtn\"]"}
COMMAND: POST /session/a414a6ae85a434897fa1c9da3096b959/elements - {"using":"xpath","value":"//button[@id=\"application-binstatusreport-display-component---warehousing--createOrgBtn\"]"}
RESULT: {"using":"xpath","value":"//button[@id=\"application-binstatusreport-display-component---warehousing--createOrgBtn\"]"}
COMMAND: POST /session/a414a6ae85a434897fa1c9da3096b959/elements - {"using":"xpath","value":"//button[@id=\"application-binstatusreport-display-component---warehousing--createOrgBtn\"]"}
RESULT: {"using":"xpath","value":"//button[@id=\"application-binstatusreport-display-component---warehousing--createOrgBtn\"]"}
COMMAND: POST /session/a414a6ae85a434897fa1c9da3096b959/elements - {"using":"xpath","value":"//button[@id=\"application-binstatusreport-display-component---warehousing--createOrgBtn\"]"}
RESULT: {"using":"xpath","value":"//button[@id=\"application-binstatusreport-display-component---warehousing--createOrgBtn\"]"}
COMMAND: POST /session/a414a6ae85a434897fa1c9da3096b959/elements - {"using":"xpath","value":"//button[@id=\"application-binstatusreport-display-component---warehousing--createOrgBtn\"]"}
RESULT: {"using":"xpath","value":"//button[@id=\"application-binstatusreport-display-component---warehousing--createOrgBtn\"]"}
COMMAND: POST /session/a414a6ae85a434897fa1c9da3096b959/elements - {"using":"xpath","value":"//button[@id=\"application-binstatusreport-display-component---warehousing--createOrgBtn\"]"}
RESULT: {"using":"xpath","value":"//button[@id=\"application-binstatusreport-display-component---warehousing--createOrgBtn\"]"}
COMMAND: POST /session/a414a6ae85a434897fa1c9da3096b959/elements - {"using":"xpath","value":"//button[@id=\"application-binstatusreport-display-component---warehousing--createOrgBtn\"]"}
RESULT: {"using":"xpath","value":"//button[@id=\"application-binstatusreport-display-component---warehousing--createOrgBtn\"]"}
COMMAND: POST /session/a414a6ae85a434897fa1c9da3096b959/elements - {"using":"xpath","value":"//button[@id=\"application-binstatusreport-display-component---warehousing--createOrgBtn\"]"}
RESULT: {"using":"xpath","value":"//button[@id=\"application-binstatusreport-display-component---warehousing--createOrgBtn\"]"}
COMMAND: POST /session/a414a6ae85a434897fa1c9da3096b959/elements - {"using":"xpath","value":"//button[@id=\"application-binstatusreport-display-component---warehousing--createOrgBtn\"]"}
RESULT: {"using":"xpath","value":"//button[@id=\"application-binstatusreport-display-component---warehousing--createOrgBtn\"]"}
COMMAND: POST /session/a414a6ae85a434897fa1c9da3096b959/elements - {"using":"xpath","value":"//button[@id=\"application-binstatusreport-display-component---warehousing--createOrgBtn\"]"}
RESULT: {"using":"xpath","value":"//button[@id=\"application-binstatusreport-display-component---warehousing--createOrgBtn\"]"}
COMMAND: POST /session/a414a6ae85a434897fa1c9da3096b959/elements - {"using":"xpath","value":"//button[@id=\"application-binstatusreport-display-component---warehousing--createOrgBtn\"]"}
RESULT: {"using":"xpath","value":"//button[@id=\"application-binstatusreport-display-component---warehousing--createOrgBtn\"]"}
COMMAND: POST /session/a414a6ae85a434897fa1c9da3096b959/elements - {"using":"xpath","value":"//button[@id=\"application-binstatusreport-display-component---warehousing--createOrgBtn\"]"}
RESULT: {"using":"xpath","value":"//button[@id=\"application-binstatusreport-display-component---warehousing--createOrgBtn\"]"}
COMMAND: POST /session/a414a6ae85a434897fa1c9da3096b959/elements - {"using":"xpath","value":"//button[@id=\"application-binstatusreport-display-component---warehousing--createOrgBtn\"]"}
RESULT: {"using":"xpath","value":"//button[@id=\"application-binstatusreport-display-component---warehousing--createOrgBtn\"]"}
COMMAND: POST /session/a414a6ae85a434897fa1c9da3096b959/elements - {"using":"xpath","value":"//button[@id=\"application-binstatusreport-display-component---warehousing--createOrgBtn\"]"}
RESULT: {"using":"xpath","value":"//button[@id=\"application-binstatusreport-display-component---warehousing--createOrgBtn\"]"}
COMMAND: POST /session/a414a6ae85a434897fa1c9da3096b959/elements - {"using":"xpath","value":"//button[@id=\"application-binstatusreport-display-component---warehousing--createOrgBtn\"]"}
RESULT: {"using":"xpath","value":"//button[@id=\"application-binstatusreport-display-component---warehousing--createOrgBtn\"]"}
COMMAND: POST /session/a414a6ae85a434897fa1c9da3096b959/elements - {"using":"xpath","value":"//button[@id=\"application-binstatusreport-display-component---warehousing--createOrgBtn\"]"}
RESULT: {"using":"xpath","value":"//button[@id=\"application-binstatusreport-display-component---warehousing--createOrgBtn\"]"}
COMMAND: POST /session/a414a6ae85a434897fa1c9da3096b959/elements - {"using":"xpath","value":"//button[@id=\"application-binstatusreport-display-component---warehousing--createOrgBtn\"]"}
RESULT: {"using":"xpath","value":"//button[@id=\"application-binstatusreport-display-component---warehousing--createOrgBtn\"]"}
COMMAND: POST /session/a414a6ae85a434897fa1c9da3096b959/elements - {"using":"xpath","value":"//button[@id=\"application-binstatusreport-display-component---warehousing--createOrgBtn\"]"}
RESULT: {"using":"xpath","value":"//button[@id=\"application-binstatusreport-display-component---warehousing--createOrgBtn\"]"}
COMMAND: POST /session/a414a6ae85a434897fa1c9da3096b959/elements - {"using":"xpath","value":"//button[@id=\"application-binstatusreport-display-component---warehousing--createOrgBtn\"]"}
RESULT: {"using":"xpath","value":"//button[@id=\"application-binstatusreport-display-component---warehousing--createOrgBtn\"]"}
COMMAND: POST /session/a414a6ae85a434897fa1c9da3096b959/elements - {"using":"xpath","value":"//button[@id=\"application-binstatusreport-display-component---warehousing--createOrgBtn\"]"}
RESULT: {"using":"xpath","value":"//button[@id=\"application-binstatusreport-display-component---warehousing--createOrgBtn\"]"}
COMMAND: POST /session/a414a6ae85a434897fa1c9da3096b959/elements - {"using":"xpath","value":"//button[@id=\"application-binstatusreport-display-component---warehousing--createOrgBtn\"]"}
RESULT: {"using":"xpath","value":"//button[@id=\"application-binstatusreport-display-component---warehousing--createOrgBtn\"]"}
COMMAND: POST /session/a414a6ae85a434897fa1c9da3096b959/elements - {"using":"xpath","value":"//button[@id=\"application-binstatusreport-display-component---warehousing--createOrgBtn\"]"}
RESULT: {"using":"xpath","value":"//button[@id=\"application-binstatusreport-display-component---warehousing--createOrgBtn\"]"}
COMMAND: POST /session/a414a6ae85a434897fa1c9da3096b959/elements - {"using":"xpath","value":"//button[@id=\"application-binstatusreport-display-component---warehousing--createOrgBtn\"]"}
RESULT: {"using":"xpath","value":"//button[@id=\"application-binstatusreport-display-component---warehousing--createOrgBtn\"]"}
COMMAND: POST /session/a414a6ae85a434897fa1c9da3096b959/elements - {"using":"xpath","value":"//button[@id=\"application-binstatusreport-display-component---warehousing--createOrgBtn\"]"}
RESULT: {"using":"xpath","value":"//button[@id=\"application-binstatusreport-display-component---warehousing--createOrgBtn\"]"}
COMMAND: POST /session/a414a6ae85a434897fa1c9da3096b959/elements - {"using":"xpath","value":"//button[@id=\"application-binstatusreport-display-component---warehousing--createOrgBtn\"]"}
RESULT: {"using":"xpath","value":"//button[@id=\"application-binstatusreport-display-component---warehousing--createOrgBtn\"]"}
COMMAND: POST /session/a414a6ae85a434897fa1c9da3096b959/elements - {"using":"xpath","value":"//button[@id=\"application-binstatusreport-display-component---warehousing--createOrgBtn\"]"}
RESULT: {"using":"xpath","value":"//button[@id=\"application-binstatusreport-display-component---warehousing--createOrgBtn\"]"}
COMMAND: POST /session/a414a6ae85a434897fa1c9da3096b959/elements - {"using":"xpath","value":"//button[@id=\"application-binstatusreport-display-component---warehousing--createOrgBtn\"]"}
RESULT: {"using":"xpath","value":"//button[@id=\"application-binstatusreport-display-component---warehousing--createOrgBtn\"]"}
COMMAND: POST /session/a414a6ae85a434897fa1c9da3096b959/elements - {"using":"xpath","value":"//button[@id=\"application-binstatusreport-display-component---warehousing--createOrgBtn\"]"}
RESULT: {"using":"xpath","value":"//button[@id=\"application-binstatusreport-display-component---warehousing--createOrgBtn\"]"}
COMMAND: POST /session/a414a6ae85a434897fa1c9da3096b959/elements - {"using":"xpath","value":"//button[@id=\"application-binstatusreport-display-component---warehousing--createOrgBtn\"]"}
RESULT: {"using":"xpath","value":"//button[@id=\"application-binstatusreport-display-component---warehousing--createOrgBtn\"]"}
COMMAND: POST /session/a414a6ae85a434897fa1c9da3096b959/elements - {"using":"xpath","value":"//button[@id=\"application-binstatusreport-display-component---warehousing--createOrgBtn\"]"}
RESULT: {"using":"xpath","value":"//button[@id=\"application-binstatusreport-display-component---warehousing--createOrgBtn\"]"}
COMMAND: POST /session/a414a6ae85a434897fa1c9da3096b959/elements - {"using":"xpath","value":"//button[@id=\"application-binstatusreport-display-component---warehousing--createOrgBtn\"]"}
RESULT: {"using":"xpath","value":"//button[@id=\"application-binstatusreport-display-component---warehousing--createOrgBtn\"]"}
COMMAND: POST /session/a414a6ae85a434897fa1c9da3096b959/elements - {"using":"xpath","value":"//button[@id=\"application-binstatusreport-display-component---warehousing--createOrgBtn\"]"}
RESULT: {"using":"xpath","value":"//button[@id=\"application-binstatusreport-display-component---warehousing--createOrgBtn\"]"}
COMMAND: POST /session/a414a6ae85a434897fa1c9da3096b959/elements - {"using":"xpath","value":"//button[@id=\"application-binstatusreport-display-component---warehousing--createOrgBtn\"]"}
RESULT: {"using":"xpath","value":"//button[@id=\"application-binstatusreport-display-component---warehousing--createOrgBtn\"]"}
COMMAND: POST /session/a414a6ae85a434897fa1c9da3096b959/elements - {"using":"xpath","value":"//button[@id=\"application-binstatusreport-display-component---warehousing--createOrgBtn\"]"}
RESULT: {"using":"xpath","value":"//button[@id=\"application-binstatusreport-display-component---warehousing--createOrgBtn\"]"}
COMMAND: POST /session/a414a6ae85a434897fa1c9da3096b959/elements - {"using":"xpath","value":"//button[@id=\"application-binstatusreport-display-component---warehousing--createOrgBtn\"]"}
RESULT: {"using":"xpath","value":"//button[@id=\"application-binstatusreport-display-component---warehousing--createOrgBtn\"]"}
COMMAND: POST /session/a414a6ae85a434897fa1c9da3096b959/elements - {"using":"xpath","value":"//button[@id=\"application-binstatusreport-display-component---warehousing--createOrgBtn\"]"}
RESULT: {"using":"xpath","value":"//button[@id=\"application-binstatusreport-display-component---warehousing--createOrgBtn\"]"}
COMMAND: POST /session/a414a6ae85a434897fa1c9da3096b959/elements - {"using":"xpath","value":"//button[@id=\"application-binstatusreport-display-component---warehousing--createOrgBtn\"]"}
RESULT: {"using":"xpath","value":"//button[@id=\"application-binstatusreport-display-component---warehousing--createOrgBtn\"]"}
COMMAND: POST /session/a414a6ae85a434897fa1c9da3096b959/elements - {"using":"xpath","value":"//button[@id=\"application-binstatusreport-display-component---warehousing--createOrgBtn\"]"}
RESULT: {"using":"xpath","value":"//button[@id=\"application-binstatusreport-display-component---warehousing--createOrgBtn\"]"}
COMMAND: POST /session/a414a6ae85a434897fa1c9da3096b959/elements - {"using":"xpath","value":"//button[@id=\"application-binstatusreport-display-component---warehousing--createOrgBtn\"]"}
RESULT: {"using":"xpath","value":"//button[@id=\"application-binstatusreport-display-component---warehousing--createOrgBtn\"]"}
COMMAND: POST /session/a414a6ae85a434897fa1c9da3096b959/elements - {"using":"xpath","value":"//button[@id=\"application-binstatusreport-display-component---warehousing--createOrgBtn\"]"}
RESULT: {"using":"xpath","value":"//button[@id=\"application-binstatusreport-display-component---warehousing--createOrgBtn\"]"}
COMMAND: POST /session/a414a6ae85a434897fa1c9da3096b959/elements - {"using":"xpath","value":"//button[@id=\"application-binstatusreport-display-component---warehousing--createOrgBtn\"]"}
RESULT: {"using":"xpath","value":"//button[@id=\"application-binstatusreport-display-component---warehousing--createOrgBtn\"]"}
COMMAND: POST /session/a414a6ae85a434897fa1c9da3096b959/elements - {"using":"xpath","value":"//button[@id=\"application-binstatusreport-display-component---warehousing--createOrgBtn\"]"}
RESULT: {"using":"xpath","value":"//button[@id=\"application-binstatusreport-display-component---warehousing--createOrgBtn\"]"}
COMMAND: POST /session/a414a6ae85a434897fa1c9da3096b959/elements - {"using":"xpath","value":"//button[@id=\"application-binstatusreport-display-component---warehousing--createOrgBtn\"]"}
RESULT: {"using":"xpath","value":"//button[@id=\"application-binstatusreport-display-component---warehousing--createOrgBtn\"]"}
COMMAND: POST /session/a414a6ae85a434897fa1c9da3096b959/elements - {"using":"xpath","value":"//button[@id=\"application-binstatusreport-display-component---warehousing--createOrgBtn\"]"}
RESULT: {"using":"xpath","value":"//button[@id=\"application-binstatusreport-display-component---warehousing--createOrgBtn\"]"}
COMMAND: POST /session/a414a6ae85a434897fa1c9da3096b959/elements - {"using":"xpath","value":"//button[@id=\"application-binstatusreport-display-component---warehousing--createOrgBtn\"]"}
RESULT: {"using":"xpath","value":"//button[@id=\"application-binstatusreport-display-component---warehousing--createOrgBtn\"]"}
COMMAND: POST /session/a414a6ae85a434897fa1c9da3096b959/elements - {"using":"xpath","value":"//button[@id=\"application-binstatusreport-display-component---warehousing--createOrgBtn\"]"}
RESULT: {"using":"xpath","value":"//button[@id=\"application-binstatusreport-display-component---warehousing--createOrgBtn\"]"}
COMMAND: POST /session/a414a6ae85a434897fa1c9da3096b959/elements - {"using":"xpath","value":"//button[@id=\"application-binstatusreport-display-component---warehousing--createOrgBtn\"]"}
RESULT: {"using":"xpath","value":"//button[@id=\"application-binstatusreport-display-component---warehousing--createOrgBtn\"]"}
COMMAND: POST /session/a414a6ae85a434897fa1c9da3096b959/elements - {"using":"xpath","value":"//button[@id=\"application-binstatusreport-display-component---warehousing--createOrgBtn\"]"}
RESULT: {"using":"xpath","value":"//button[@id=\"application-binstatusreport-display-component---warehousing--createOrgBtn\"]"}
COMMAND: POST /session/a414a6ae85a434897fa1c9da3096b959/elements - {"using":"xpath","value":"//button[@id=\"application-binstatusreport-display-component---warehousing--createOrgBtn\"]"}
RESULT: {"using":"xpath","value":"//button[@id=\"application-binstatusreport-display-component---warehousing--createOrgBtn\"]"}
COMMAND: POST /session/a414a6ae85a434897fa1c9da3096b959/elements - {"using":"xpath","value":"//button[@id=\"application-binstatusreport-display-component---warehousing--createOrgBtn\"]"}
RESULT: {"using":"xpath","value":"//button[@id=\"application-binstatusreport-display-component---warehousing--createOrgBtn\"]"}
COMMAND: POST /session/a414a6ae85a434897fa1c9da3096b959/elements - {"using":"xpath","value":"//button[@id=\"application-binstatusreport-display-component---warehousing--createOrgBtn\"]"}
RESULT: {"using":"xpath","value":"//button[@id=\"application-binstatusreport-display-component---warehousing--createOrgBtn\"]"}
COMMAND: POST /session/a414a6ae85a434897fa1c9da3096b959/elements - {"using":"xpath","value":"//button[@id=\"application-binstatusreport-display-component---warehousing--createOrgBtn\"]"}
RESULT: {"using":"xpath","value":"//button[@id=\"application-binstatusreport-display-component---warehousing--createOrgBtn\"]"}
COMMAND: POST /session/a414a6ae85a434897fa1c9da3096b959/elements - {"using":"xpath","value":"//button[@id=\"application-binstatusreport-display-component---warehousing--createOrgBtn\"]"}
RESULT: {"using":"xpath","value":"//button[@id=\"application-binstatusreport-display-component---warehousing--createOrgBtn\"]"}
COMMAND: POST /session/a414a6ae85a434897fa1c9da3096b959/elements - {"using":"xpath","value":"//button[@id=\"application-binstatusreport-display-component---warehousing--createOrgBtn\"]"}
RESULT: {"using":"xpath","value":"//button[@id=\"application-binstatusreport-display-component---warehousing--createOrgBtn\"]"}
COMMAND: POST /session/a414a6ae85a434897fa1c9da3096b959/elements - {"using":"xpath","value":"//button[@id=\"application-binstatusreport-display-component---warehousing--createOrgBtn\"]"}
RESULT: {"using":"xpath","value":"//button[@id=\"application-binstatusreport-display-component---warehousing--createOrgBtn\"]"}
COMMAND: POST /session/a414a6ae85a434897fa1c9da3096b959/elements - {"using":"xpath","value":"//button[@id=\"application-binstatusreport-display-component---warehousing--createOrgBtn\"]"}
RESULT: {"using":"xpath","value":"//button[@id=\"application-binstatusreport-display-component---warehousing--createOrgBtn\"]"}
COMMAND: GET /session/a414a6ae85a434897fa1c9da3096b959/screenshot - {}
RESULT: {}
]]></system-out>
      <system-err><![CDATA[
Error: element ("//button[@id="application-binstatusreport-display-component---warehousing--createOrgBtn"]") still not existing after 45000ms
    at async UtilsPrerequisites.binStatusReportCreateOrgYard (D:\a\1\s\test\specs\BTS\prerequisites-and-utils-functions.js:3138:9)
    at async Context.<anonymous> (D:\a\1\s\test\specs\HTR\stock-increase.spec.js:55:13)
]]></system-err>
    </testcase>
    <testcase classname="chrome.136_0_7103_93.windows.Stock_increase_-_with_WHM_US125587" name="Bin Status Report Should Create New Organization for Site" time="55.432">
      <failure/>
      <error message="element (&quot;//button[@id=&quot;application-binstatusreport-display-component---warehousing--createOrgBtn&quot;]&quot;) still not existing after 45000ms"/>
      <system-out><![CDATA[
RESULT: undefined
COMMAND: GET /session/a414a6ae85a434897fa1c9da3096b959/screenshot - {}
RESULT: {}
COMMAND: POST /session/a414a6ae85a434897fa1c9da3096b959/elements - {"using":"xpath","value":"//span[text()='Error']"}
RESULT: {"using":"xpath","value":"//span[text()='Error']"}
COMMAND: POST /session/a414a6ae85a434897fa1c9da3096b959/element - {"using":"xpath","value":"//button[@id=\"application-binstatusreport-display-component---warehousing--createOrgBtn\"]"}
RESULT: {"using":"xpath","value":"//button[@id=\"application-binstatusreport-display-component---warehousing--createOrgBtn\"]"}
COMMAND: POST /session/a414a6ae85a434897fa1c9da3096b959/elements - {"using":"xpath","value":"//button[@id=\"application-binstatusreport-display-component---warehousing--createOrgBtn\"]"}
RESULT: {"using":"xpath","value":"//button[@id=\"application-binstatusreport-display-component---warehousing--createOrgBtn\"]"}
COMMAND: POST /session/a414a6ae85a434897fa1c9da3096b959/elements - {"using":"xpath","value":"//button[@id=\"application-binstatusreport-display-component---warehousing--createOrgBtn\"]"}
RESULT: {"using":"xpath","value":"//button[@id=\"application-binstatusreport-display-component---warehousing--createOrgBtn\"]"}
COMMAND: POST /session/a414a6ae85a434897fa1c9da3096b959/elements - {"using":"xpath","value":"//button[@id=\"application-binstatusreport-display-component---warehousing--createOrgBtn\"]"}
RESULT: {"using":"xpath","value":"//button[@id=\"application-binstatusreport-display-component---warehousing--createOrgBtn\"]"}
COMMAND: POST /session/a414a6ae85a434897fa1c9da3096b959/elements - {"using":"xpath","value":"//button[@id=\"application-binstatusreport-display-component---warehousing--createOrgBtn\"]"}
RESULT: {"using":"xpath","value":"//button[@id=\"application-binstatusreport-display-component---warehousing--createOrgBtn\"]"}
COMMAND: POST /session/a414a6ae85a434897fa1c9da3096b959/elements - {"using":"xpath","value":"//button[@id=\"application-binstatusreport-display-component---warehousing--createOrgBtn\"]"}
RESULT: {"using":"xpath","value":"//button[@id=\"application-binstatusreport-display-component---warehousing--createOrgBtn\"]"}
COMMAND: POST /session/a414a6ae85a434897fa1c9da3096b959/elements - {"using":"xpath","value":"//button[@id=\"application-binstatusreport-display-component---warehousing--createOrgBtn\"]"}
RESULT: {"using":"xpath","value":"//button[@id=\"application-binstatusreport-display-component---warehousing--createOrgBtn\"]"}
COMMAND: POST /session/a414a6ae85a434897fa1c9da3096b959/elements - {"using":"xpath","value":"//button[@id=\"application-binstatusreport-display-component---warehousing--createOrgBtn\"]"}
RESULT: {"using":"xpath","value":"//button[@id=\"application-binstatusreport-display-component---warehousing--createOrgBtn\"]"}
COMMAND: POST /session/a414a6ae85a434897fa1c9da3096b959/elements - {"using":"xpath","value":"//button[@id=\"application-binstatusreport-display-component---warehousing--createOrgBtn\"]"}
RESULT: {"using":"xpath","value":"//button[@id=\"application-binstatusreport-display-component---warehousing--createOrgBtn\"]"}
COMMAND: POST /session/a414a6ae85a434897fa1c9da3096b959/elements - {"using":"xpath","value":"//button[@id=\"application-binstatusreport-display-component---warehousing--createOrgBtn\"]"}
RESULT: {"using":"xpath","value":"//button[@id=\"application-binstatusreport-display-component---warehousing--createOrgBtn\"]"}
COMMAND: POST /session/a414a6ae85a434897fa1c9da3096b959/elements - {"using":"xpath","value":"//button[@id=\"application-binstatusreport-display-component---warehousing--createOrgBtn\"]"}
RESULT: {"using":"xpath","value":"//button[@id=\"application-binstatusreport-display-component---warehousing--createOrgBtn\"]"}
COMMAND: POST /session/a414a6ae85a434897fa1c9da3096b959/elements - {"using":"xpath","value":"//button[@id=\"application-binstatusreport-display-component---warehousing--createOrgBtn\"]"}
RESULT: {"using":"xpath","value":"//button[@id=\"application-binstatusreport-display-component---warehousing--createOrgBtn\"]"}
COMMAND: POST /session/a414a6ae85a434897fa1c9da3096b959/elements - {"using":"xpath","value":"//button[@id=\"application-binstatusreport-display-component---warehousing--createOrgBtn\"]"}
RESULT: {"using":"xpath","value":"//button[@id=\"application-binstatusreport-display-component---warehousing--createOrgBtn\"]"}
COMMAND: POST /session/a414a6ae85a434897fa1c9da3096b959/elements - {"using":"xpath","value":"//button[@id=\"application-binstatusreport-display-component---warehousing--createOrgBtn\"]"}
RESULT: {"using":"xpath","value":"//button[@id=\"application-binstatusreport-display-component---warehousing--createOrgBtn\"]"}
COMMAND: POST /session/a414a6ae85a434897fa1c9da3096b959/elements - {"using":"xpath","value":"//button[@id=\"application-binstatusreport-display-component---warehousing--createOrgBtn\"]"}
RESULT: {"using":"xpath","value":"//button[@id=\"application-binstatusreport-display-component---warehousing--createOrgBtn\"]"}
COMMAND: POST /session/a414a6ae85a434897fa1c9da3096b959/elements - {"using":"xpath","value":"//button[@id=\"application-binstatusreport-display-component---warehousing--createOrgBtn\"]"}
RESULT: {"using":"xpath","value":"//button[@id=\"application-binstatusreport-display-component---warehousing--createOrgBtn\"]"}
COMMAND: POST /session/a414a6ae85a434897fa1c9da3096b959/elements - {"using":"xpath","value":"//button[@id=\"application-binstatusreport-display-component---warehousing--createOrgBtn\"]"}
RESULT: {"using":"xpath","value":"//button[@id=\"application-binstatusreport-display-component---warehousing--createOrgBtn\"]"}
COMMAND: POST /session/a414a6ae85a434897fa1c9da3096b959/elements - {"using":"xpath","value":"//button[@id=\"application-binstatusreport-display-component---warehousing--createOrgBtn\"]"}
RESULT: {"using":"xpath","value":"//button[@id=\"application-binstatusreport-display-component---warehousing--createOrgBtn\"]"}
COMMAND: POST /session/a414a6ae85a434897fa1c9da3096b959/elements - {"using":"xpath","value":"//button[@id=\"application-binstatusreport-display-component---warehousing--createOrgBtn\"]"}
RESULT: {"using":"xpath","value":"//button[@id=\"application-binstatusreport-display-component---warehousing--createOrgBtn\"]"}
COMMAND: POST /session/a414a6ae85a434897fa1c9da3096b959/elements - {"using":"xpath","value":"//button[@id=\"application-binstatusreport-display-component---warehousing--createOrgBtn\"]"}
RESULT: {"using":"xpath","value":"//button[@id=\"application-binstatusreport-display-component---warehousing--createOrgBtn\"]"}
COMMAND: POST /session/a414a6ae85a434897fa1c9da3096b959/elements - {"using":"xpath","value":"//button[@id=\"application-binstatusreport-display-component---warehousing--createOrgBtn\"]"}
RESULT: {"using":"xpath","value":"//button[@id=\"application-binstatusreport-display-component---warehousing--createOrgBtn\"]"}
COMMAND: POST /session/a414a6ae85a434897fa1c9da3096b959/elements - {"using":"xpath","value":"//button[@id=\"application-binstatusreport-display-component---warehousing--createOrgBtn\"]"}
RESULT: {"using":"xpath","value":"//button[@id=\"application-binstatusreport-display-component---warehousing--createOrgBtn\"]"}
COMMAND: POST /session/a414a6ae85a434897fa1c9da3096b959/elements - {"using":"xpath","value":"//button[@id=\"application-binstatusreport-display-component---warehousing--createOrgBtn\"]"}
RESULT: {"using":"xpath","value":"//button[@id=\"application-binstatusreport-display-component---warehousing--createOrgBtn\"]"}
COMMAND: POST /session/a414a6ae85a434897fa1c9da3096b959/elements - {"using":"xpath","value":"//button[@id=\"application-binstatusreport-display-component---warehousing--createOrgBtn\"]"}
RESULT: {"using":"xpath","value":"//button[@id=\"application-binstatusreport-display-component---warehousing--createOrgBtn\"]"}
COMMAND: POST /session/a414a6ae85a434897fa1c9da3096b959/elements - {"using":"xpath","value":"//button[@id=\"application-binstatusreport-display-component---warehousing--createOrgBtn\"]"}
RESULT: {"using":"xpath","value":"//button[@id=\"application-binstatusreport-display-component---warehousing--createOrgBtn\"]"}
COMMAND: POST /session/a414a6ae85a434897fa1c9da3096b959/elements - {"using":"xpath","value":"//button[@id=\"application-binstatusreport-display-component---warehousing--createOrgBtn\"]"}
RESULT: {"using":"xpath","value":"//button[@id=\"application-binstatusreport-display-component---warehousing--createOrgBtn\"]"}
COMMAND: POST /session/a414a6ae85a434897fa1c9da3096b959/elements - {"using":"xpath","value":"//button[@id=\"application-binstatusreport-display-component---warehousing--createOrgBtn\"]"}
RESULT: {"using":"xpath","value":"//button[@id=\"application-binstatusreport-display-component---warehousing--createOrgBtn\"]"}
COMMAND: POST /session/a414a6ae85a434897fa1c9da3096b959/elements - {"using":"xpath","value":"//button[@id=\"application-binstatusreport-display-component---warehousing--createOrgBtn\"]"}
RESULT: {"using":"xpath","value":"//button[@id=\"application-binstatusreport-display-component---warehousing--createOrgBtn\"]"}
COMMAND: POST /session/a414a6ae85a434897fa1c9da3096b959/elements - {"using":"xpath","value":"//button[@id=\"application-binstatusreport-display-component---warehousing--createOrgBtn\"]"}
RESULT: {"using":"xpath","value":"//button[@id=\"application-binstatusreport-display-component---warehousing--createOrgBtn\"]"}
COMMAND: POST /session/a414a6ae85a434897fa1c9da3096b959/elements - {"using":"xpath","value":"//button[@id=\"application-binstatusreport-display-component---warehousing--createOrgBtn\"]"}
RESULT: {"using":"xpath","value":"//button[@id=\"application-binstatusreport-display-component---warehousing--createOrgBtn\"]"}
COMMAND: POST /session/a414a6ae85a434897fa1c9da3096b959/elements - {"using":"xpath","value":"//button[@id=\"application-binstatusreport-display-component---warehousing--createOrgBtn\"]"}
RESULT: {"using":"xpath","value":"//button[@id=\"application-binstatusreport-display-component---warehousing--createOrgBtn\"]"}
COMMAND: POST /session/a414a6ae85a434897fa1c9da3096b959/elements - {"using":"xpath","value":"//button[@id=\"application-binstatusreport-display-component---warehousing--createOrgBtn\"]"}
RESULT: {"using":"xpath","value":"//button[@id=\"application-binstatusreport-display-component---warehousing--createOrgBtn\"]"}
COMMAND: POST /session/a414a6ae85a434897fa1c9da3096b959/elements - {"using":"xpath","value":"//button[@id=\"application-binstatusreport-display-component---warehousing--createOrgBtn\"]"}
RESULT: {"using":"xpath","value":"//button[@id=\"application-binstatusreport-display-component---warehousing--createOrgBtn\"]"}
COMMAND: POST /session/a414a6ae85a434897fa1c9da3096b959/elements - {"using":"xpath","value":"//button[@id=\"application-binstatusreport-display-component---warehousing--createOrgBtn\"]"}
RESULT: {"using":"xpath","value":"//button[@id=\"application-binstatusreport-display-component---warehousing--createOrgBtn\"]"}
COMMAND: POST /session/a414a6ae85a434897fa1c9da3096b959/elements - {"using":"xpath","value":"//button[@id=\"application-binstatusreport-display-component---warehousing--createOrgBtn\"]"}
RESULT: {"using":"xpath","value":"//button[@id=\"application-binstatusreport-display-component---warehousing--createOrgBtn\"]"}
COMMAND: POST /session/a414a6ae85a434897fa1c9da3096b959/elements - {"using":"xpath","value":"//button[@id=\"application-binstatusreport-display-component---warehousing--createOrgBtn\"]"}
RESULT: {"using":"xpath","value":"//button[@id=\"application-binstatusreport-display-component---warehousing--createOrgBtn\"]"}
COMMAND: POST /session/a414a6ae85a434897fa1c9da3096b959/elements - {"using":"xpath","value":"//button[@id=\"application-binstatusreport-display-component---warehousing--createOrgBtn\"]"}
RESULT: {"using":"xpath","value":"//button[@id=\"application-binstatusreport-display-component---warehousing--createOrgBtn\"]"}
COMMAND: POST /session/a414a6ae85a434897fa1c9da3096b959/elements - {"using":"xpath","value":"//button[@id=\"application-binstatusreport-display-component---warehousing--createOrgBtn\"]"}
RESULT: {"using":"xpath","value":"//button[@id=\"application-binstatusreport-display-component---warehousing--createOrgBtn\"]"}
COMMAND: POST /session/a414a6ae85a434897fa1c9da3096b959/elements - {"using":"xpath","value":"//button[@id=\"application-binstatusreport-display-component---warehousing--createOrgBtn\"]"}
RESULT: {"using":"xpath","value":"//button[@id=\"application-binstatusreport-display-component---warehousing--createOrgBtn\"]"}
COMMAND: POST /session/a414a6ae85a434897fa1c9da3096b959/elements - {"using":"xpath","value":"//button[@id=\"application-binstatusreport-display-component---warehousing--createOrgBtn\"]"}
RESULT: {"using":"xpath","value":"//button[@id=\"application-binstatusreport-display-component---warehousing--createOrgBtn\"]"}
COMMAND: POST /session/a414a6ae85a434897fa1c9da3096b959/elements - {"using":"xpath","value":"//button[@id=\"application-binstatusreport-display-component---warehousing--createOrgBtn\"]"}
RESULT: {"using":"xpath","value":"//button[@id=\"application-binstatusreport-display-component---warehousing--createOrgBtn\"]"}
COMMAND: POST /session/a414a6ae85a434897fa1c9da3096b959/elements - {"using":"xpath","value":"//button[@id=\"application-binstatusreport-display-component---warehousing--createOrgBtn\"]"}
RESULT: {"using":"xpath","value":"//button[@id=\"application-binstatusreport-display-component---warehousing--createOrgBtn\"]"}
COMMAND: POST /session/a414a6ae85a434897fa1c9da3096b959/elements - {"using":"xpath","value":"//button[@id=\"application-binstatusreport-display-component---warehousing--createOrgBtn\"]"}
RESULT: {"using":"xpath","value":"//button[@id=\"application-binstatusreport-display-component---warehousing--createOrgBtn\"]"}
COMMAND: POST /session/a414a6ae85a434897fa1c9da3096b959/elements - {"using":"xpath","value":"//button[@id=\"application-binstatusreport-display-component---warehousing--createOrgBtn\"]"}
RESULT: {"using":"xpath","value":"//button[@id=\"application-binstatusreport-display-component---warehousing--createOrgBtn\"]"}
COMMAND: POST /session/a414a6ae85a434897fa1c9da3096b959/elements - {"using":"xpath","value":"//button[@id=\"application-binstatusreport-display-component---warehousing--createOrgBtn\"]"}
RESULT: {"using":"xpath","value":"//button[@id=\"application-binstatusreport-display-component---warehousing--createOrgBtn\"]"}
COMMAND: POST /session/a414a6ae85a434897fa1c9da3096b959/elements - {"using":"xpath","value":"//button[@id=\"application-binstatusreport-display-component---warehousing--createOrgBtn\"]"}
RESULT: {"using":"xpath","value":"//button[@id=\"application-binstatusreport-display-component---warehousing--createOrgBtn\"]"}
COMMAND: POST /session/a414a6ae85a434897fa1c9da3096b959/elements - {"using":"xpath","value":"//button[@id=\"application-binstatusreport-display-component---warehousing--createOrgBtn\"]"}
RESULT: {"using":"xpath","value":"//button[@id=\"application-binstatusreport-display-component---warehousing--createOrgBtn\"]"}
COMMAND: POST /session/a414a6ae85a434897fa1c9da3096b959/elements - {"using":"xpath","value":"//button[@id=\"application-binstatusreport-display-component---warehousing--createOrgBtn\"]"}
RESULT: {"using":"xpath","value":"//button[@id=\"application-binstatusreport-display-component---warehousing--createOrgBtn\"]"}
COMMAND: POST /session/a414a6ae85a434897fa1c9da3096b959/elements - {"using":"xpath","value":"//button[@id=\"application-binstatusreport-display-component---warehousing--createOrgBtn\"]"}
RESULT: {"using":"xpath","value":"//button[@id=\"application-binstatusreport-display-component---warehousing--createOrgBtn\"]"}
COMMAND: POST /session/a414a6ae85a434897fa1c9da3096b959/elements - {"using":"xpath","value":"//button[@id=\"application-binstatusreport-display-component---warehousing--createOrgBtn\"]"}
RESULT: {"using":"xpath","value":"//button[@id=\"application-binstatusreport-display-component---warehousing--createOrgBtn\"]"}
COMMAND: POST /session/a414a6ae85a434897fa1c9da3096b959/elements - {"using":"xpath","value":"//button[@id=\"application-binstatusreport-display-component---warehousing--createOrgBtn\"]"}
RESULT: {"using":"xpath","value":"//button[@id=\"application-binstatusreport-display-component---warehousing--createOrgBtn\"]"}
COMMAND: POST /session/a414a6ae85a434897fa1c9da3096b959/elements - {"using":"xpath","value":"//button[@id=\"application-binstatusreport-display-component---warehousing--createOrgBtn\"]"}
RESULT: {"using":"xpath","value":"//button[@id=\"application-binstatusreport-display-component---warehousing--createOrgBtn\"]"}
COMMAND: POST /session/a414a6ae85a434897fa1c9da3096b959/elements - {"using":"xpath","value":"//button[@id=\"application-binstatusreport-display-component---warehousing--createOrgBtn\"]"}
RESULT: {"using":"xpath","value":"//button[@id=\"application-binstatusreport-display-component---warehousing--createOrgBtn\"]"}
COMMAND: POST /session/a414a6ae85a434897fa1c9da3096b959/elements - {"using":"xpath","value":"//button[@id=\"application-binstatusreport-display-component---warehousing--createOrgBtn\"]"}
RESULT: {"using":"xpath","value":"//button[@id=\"application-binstatusreport-display-component---warehousing--createOrgBtn\"]"}
COMMAND: POST /session/a414a6ae85a434897fa1c9da3096b959/elements - {"using":"xpath","value":"//button[@id=\"application-binstatusreport-display-component---warehousing--createOrgBtn\"]"}
RESULT: {"using":"xpath","value":"//button[@id=\"application-binstatusreport-display-component---warehousing--createOrgBtn\"]"}
COMMAND: POST /session/a414a6ae85a434897fa1c9da3096b959/elements - {"using":"xpath","value":"//button[@id=\"application-binstatusreport-display-component---warehousing--createOrgBtn\"]"}
RESULT: {"using":"xpath","value":"//button[@id=\"application-binstatusreport-display-component---warehousing--createOrgBtn\"]"}
COMMAND: POST /session/a414a6ae85a434897fa1c9da3096b959/elements - {"using":"xpath","value":"//button[@id=\"application-binstatusreport-display-component---warehousing--createOrgBtn\"]"}
RESULT: {"using":"xpath","value":"//button[@id=\"application-binstatusreport-display-component---warehousing--createOrgBtn\"]"}
COMMAND: POST /session/a414a6ae85a434897fa1c9da3096b959/elements - {"using":"xpath","value":"//button[@id=\"application-binstatusreport-display-component---warehousing--createOrgBtn\"]"}
RESULT: {"using":"xpath","value":"//button[@id=\"application-binstatusreport-display-component---warehousing--createOrgBtn\"]"}
COMMAND: POST /session/a414a6ae85a434897fa1c9da3096b959/elements - {"using":"xpath","value":"//button[@id=\"application-binstatusreport-display-component---warehousing--createOrgBtn\"]"}
RESULT: {"using":"xpath","value":"//button[@id=\"application-binstatusreport-display-component---warehousing--createOrgBtn\"]"}
COMMAND: POST /session/a414a6ae85a434897fa1c9da3096b959/elements - {"using":"xpath","value":"//button[@id=\"application-binstatusreport-display-component---warehousing--createOrgBtn\"]"}
RESULT: {"using":"xpath","value":"//button[@id=\"application-binstatusreport-display-component---warehousing--createOrgBtn\"]"}
COMMAND: POST /session/a414a6ae85a434897fa1c9da3096b959/elements - {"using":"xpath","value":"//button[@id=\"application-binstatusreport-display-component---warehousing--createOrgBtn\"]"}
RESULT: {"using":"xpath","value":"//button[@id=\"application-binstatusreport-display-component---warehousing--createOrgBtn\"]"}
COMMAND: POST /session/a414a6ae85a434897fa1c9da3096b959/elements - {"using":"xpath","value":"//button[@id=\"application-binstatusreport-display-component---warehousing--createOrgBtn\"]"}
RESULT: {"using":"xpath","value":"//button[@id=\"application-binstatusreport-display-component---warehousing--createOrgBtn\"]"}
COMMAND: POST /session/a414a6ae85a434897fa1c9da3096b959/elements - {"using":"xpath","value":"//button[@id=\"application-binstatusreport-display-component---warehousing--createOrgBtn\"]"}
RESULT: {"using":"xpath","value":"//button[@id=\"application-binstatusreport-display-component---warehousing--createOrgBtn\"]"}
COMMAND: POST /session/a414a6ae85a434897fa1c9da3096b959/elements - {"using":"xpath","value":"//button[@id=\"application-binstatusreport-display-component---warehousing--createOrgBtn\"]"}
RESULT: {"using":"xpath","value":"//button[@id=\"application-binstatusreport-display-component---warehousing--createOrgBtn\"]"}
COMMAND: POST /session/a414a6ae85a434897fa1c9da3096b959/elements - {"using":"xpath","value":"//button[@id=\"application-binstatusreport-display-component---warehousing--createOrgBtn\"]"}
RESULT: {"using":"xpath","value":"//button[@id=\"application-binstatusreport-display-component---warehousing--createOrgBtn\"]"}
COMMAND: POST /session/a414a6ae85a434897fa1c9da3096b959/elements - {"using":"xpath","value":"//button[@id=\"application-binstatusreport-display-component---warehousing--createOrgBtn\"]"}
RESULT: {"using":"xpath","value":"//button[@id=\"application-binstatusreport-display-component---warehousing--createOrgBtn\"]"}
COMMAND: POST /session/a414a6ae85a434897fa1c9da3096b959/elements - {"using":"xpath","value":"//button[@id=\"application-binstatusreport-display-component---warehousing--createOrgBtn\"]"}
RESULT: {"using":"xpath","value":"//button[@id=\"application-binstatusreport-display-component---warehousing--createOrgBtn\"]"}
COMMAND: POST /session/a414a6ae85a434897fa1c9da3096b959/elements - {"using":"xpath","value":"//button[@id=\"application-binstatusreport-display-component---warehousing--createOrgBtn\"]"}
RESULT: {"using":"xpath","value":"//button[@id=\"application-binstatusreport-display-component---warehousing--createOrgBtn\"]"}
COMMAND: POST /session/a414a6ae85a434897fa1c9da3096b959/elements - {"using":"xpath","value":"//button[@id=\"application-binstatusreport-display-component---warehousing--createOrgBtn\"]"}
RESULT: {"using":"xpath","value":"//button[@id=\"application-binstatusreport-display-component---warehousing--createOrgBtn\"]"}
COMMAND: POST /session/a414a6ae85a434897fa1c9da3096b959/elements - {"using":"xpath","value":"//button[@id=\"application-binstatusreport-display-component---warehousing--createOrgBtn\"]"}
RESULT: {"using":"xpath","value":"//button[@id=\"application-binstatusreport-display-component---warehousing--createOrgBtn\"]"}
COMMAND: POST /session/a414a6ae85a434897fa1c9da3096b959/elements - {"using":"xpath","value":"//button[@id=\"application-binstatusreport-display-component---warehousing--createOrgBtn\"]"}
RESULT: {"using":"xpath","value":"//button[@id=\"application-binstatusreport-display-component---warehousing--createOrgBtn\"]"}
COMMAND: POST /session/a414a6ae85a434897fa1c9da3096b959/elements - {"using":"xpath","value":"//button[@id=\"application-binstatusreport-display-component---warehousing--createOrgBtn\"]"}
RESULT: {"using":"xpath","value":"//button[@id=\"application-binstatusreport-display-component---warehousing--createOrgBtn\"]"}
COMMAND: POST /session/a414a6ae85a434897fa1c9da3096b959/elements - {"using":"xpath","value":"//button[@id=\"application-binstatusreport-display-component---warehousing--createOrgBtn\"]"}
RESULT: {"using":"xpath","value":"//button[@id=\"application-binstatusreport-display-component---warehousing--createOrgBtn\"]"}
COMMAND: POST /session/a414a6ae85a434897fa1c9da3096b959/elements - {"using":"xpath","value":"//button[@id=\"application-binstatusreport-display-component---warehousing--createOrgBtn\"]"}
RESULT: {"using":"xpath","value":"//button[@id=\"application-binstatusreport-display-component---warehousing--createOrgBtn\"]"}
COMMAND: POST /session/a414a6ae85a434897fa1c9da3096b959/elements - {"using":"xpath","value":"//button[@id=\"application-binstatusreport-display-component---warehousing--createOrgBtn\"]"}
RESULT: {"using":"xpath","value":"//button[@id=\"application-binstatusreport-display-component---warehousing--createOrgBtn\"]"}
COMMAND: POST /session/a414a6ae85a434897fa1c9da3096b959/elements - {"using":"xpath","value":"//button[@id=\"application-binstatusreport-display-component---warehousing--createOrgBtn\"]"}
RESULT: {"using":"xpath","value":"//button[@id=\"application-binstatusreport-display-component---warehousing--createOrgBtn\"]"}
COMMAND: POST /session/a414a6ae85a434897fa1c9da3096b959/elements - {"using":"xpath","value":"//button[@id=\"application-binstatusreport-display-component---warehousing--createOrgBtn\"]"}
RESULT: {"using":"xpath","value":"//button[@id=\"application-binstatusreport-display-component---warehousing--createOrgBtn\"]"}
COMMAND: POST /session/a414a6ae85a434897fa1c9da3096b959/elements - {"using":"xpath","value":"//button[@id=\"application-binstatusreport-display-component---warehousing--createOrgBtn\"]"}
RESULT: {"using":"xpath","value":"//button[@id=\"application-binstatusreport-display-component---warehousing--createOrgBtn\"]"}
COMMAND: POST /session/a414a6ae85a434897fa1c9da3096b959/elements - {"using":"xpath","value":"//button[@id=\"application-binstatusreport-display-component---warehousing--createOrgBtn\"]"}
RESULT: {"using":"xpath","value":"//button[@id=\"application-binstatusreport-display-component---warehousing--createOrgBtn\"]"}
COMMAND: POST /session/a414a6ae85a434897fa1c9da3096b959/elements - {"using":"xpath","value":"//button[@id=\"application-binstatusreport-display-component---warehousing--createOrgBtn\"]"}
RESULT: {"using":"xpath","value":"//button[@id=\"application-binstatusreport-display-component---warehousing--createOrgBtn\"]"}
COMMAND: POST /session/a414a6ae85a434897fa1c9da3096b959/elements - {"using":"xpath","value":"//button[@id=\"application-binstatusreport-display-component---warehousing--createOrgBtn\"]"}
RESULT: {"using":"xpath","value":"//button[@id=\"application-binstatusreport-display-component---warehousing--createOrgBtn\"]"}
COMMAND: POST /session/a414a6ae85a434897fa1c9da3096b959/elements - {"using":"xpath","value":"//button[@id=\"application-binstatusreport-display-component---warehousing--createOrgBtn\"]"}
RESULT: {"using":"xpath","value":"//button[@id=\"application-binstatusreport-display-component---warehousing--createOrgBtn\"]"}
COMMAND: POST /session/a414a6ae85a434897fa1c9da3096b959/elements - {"using":"xpath","value":"//button[@id=\"application-binstatusreport-display-component---warehousing--createOrgBtn\"]"}
RESULT: {"using":"xpath","value":"//button[@id=\"application-binstatusreport-display-component---warehousing--createOrgBtn\"]"}
COMMAND: POST /session/a414a6ae85a434897fa1c9da3096b959/elements - {"using":"xpath","value":"//button[@id=\"application-binstatusreport-display-component---warehousing--createOrgBtn\"]"}
RESULT: {"using":"xpath","value":"//button[@id=\"application-binstatusreport-display-component---warehousing--createOrgBtn\"]"}
COMMAND: POST /session/a414a6ae85a434897fa1c9da3096b959/elements - {"using":"xpath","value":"//button[@id=\"application-binstatusreport-display-component---warehousing--createOrgBtn\"]"}
RESULT: {"using":"xpath","value":"//button[@id=\"application-binstatusreport-display-component---warehousing--createOrgBtn\"]"}
COMMAND: POST /session/a414a6ae85a434897fa1c9da3096b959/elements - {"using":"xpath","value":"//button[@id=\"application-binstatusreport-display-component---warehousing--createOrgBtn\"]"}
RESULT: {"using":"xpath","value":"//button[@id=\"application-binstatusreport-display-component---warehousing--createOrgBtn\"]"}
COMMAND: POST /session/a414a6ae85a434897fa1c9da3096b959/elements - {"using":"xpath","value":"//button[@id=\"application-binstatusreport-display-component---warehousing--createOrgBtn\"]"}
RESULT: {"using":"xpath","value":"//button[@id=\"application-binstatusreport-display-component---warehousing--createOrgBtn\"]"}
COMMAND: POST /session/a414a6ae85a434897fa1c9da3096b959/elements - {"using":"xpath","value":"//button[@id=\"application-binstatusreport-display-component---warehousing--createOrgBtn\"]"}
RESULT: {"using":"xpath","value":"//button[@id=\"application-binstatusreport-display-component---warehousing--createOrgBtn\"]"}
COMMAND: POST /session/a414a6ae85a434897fa1c9da3096b959/elements - {"using":"xpath","value":"//button[@id=\"application-binstatusreport-display-component---warehousing--createOrgBtn\"]"}
RESULT: {"using":"xpath","value":"//button[@id=\"application-binstatusreport-display-component---warehousing--createOrgBtn\"]"}
COMMAND: POST /session/a414a6ae85a434897fa1c9da3096b959/elements - {"using":"xpath","value":"//button[@id=\"application-binstatusreport-display-component---warehousing--createOrgBtn\"]"}
RESULT: {"using":"xpath","value":"//button[@id=\"application-binstatusreport-display-component---warehousing--createOrgBtn\"]"}
COMMAND: POST /session/a414a6ae85a434897fa1c9da3096b959/elements - {"using":"xpath","value":"//button[@id=\"application-binstatusreport-display-component---warehousing--createOrgBtn\"]"}
RESULT: {"using":"xpath","value":"//button[@id=\"application-binstatusreport-display-component---warehousing--createOrgBtn\"]"}
COMMAND: POST /session/a414a6ae85a434897fa1c9da3096b959/elements - {"using":"xpath","value":"//button[@id=\"application-binstatusreport-display-component---warehousing--createOrgBtn\"]"}
COMMAND: GET /session/a414a6ae85a434897fa1c9da3096b959/screenshot - {}
RESULT: {"using":"xpath","value":"//button[@id=\"application-binstatusreport-display-component---warehousing--createOrgBtn\"]"}
RESULT: {}
]]></system-out>
      <system-err><![CDATA[
Error: element ("//button[@id="application-binstatusreport-display-component---warehousing--createOrgBtn"]") still not existing after 45000ms
    at async UtilsPrerequisites.binStatusReportCreateOrgSite (D:\a\1\s\test\specs\BTS\prerequisites-and-utils-functions.js:3276:9)
    at async Context.<anonymous> (D:\a\1\s\test\specs\HTR\stock-increase.spec.js:62:13)
]]></system-err>
    </testcase>
    <testcase classname="chrome.136_0_7103_93.windows.Stock_increase_-_with_WHM_US125587" name="Create a Warehouse Movement for created yard" time="56.367">
      <failure/>
      <error message="element (&quot;//input[@id='application-warehousemovements-display-component---warehouseMovements--smartFilterBar-filterItemControl_BASIC-YARD-inner']&quot;) still not existing after 45000ms"/>
      <system-out><![CDATA[
COMMAND: POST /session/a414a6ae85a434897fa1c9da3096b959/execute/async - {"script":"<script> [1562 bytes]","args":[{"selector":{"controlType":"sap.m.GenericTile","properties":{"header":"Manage Warehouse Movements"}},"wdio_ui5_key":"sapm.GenericTile{\"header\":\"Manage Warehouse Movements\"}"}]}
COMMAND: GET /session/a414a6ae85a434897fa1c9da3096b959/screenshot - {}
RESULT: {"script":"<script> [1562 bytes]","args":[{"selector":{"controlType":"sap.m.GenericTile","properties":{"header":"Manage Warehouse Movements"}},"wdio_ui5_key":"sapm.GenericTile{\"header\":\"Manage Warehouse Movements\"}"}]}
RESULT: undefined
RESULT: {}
COMMAND: POST /session/a414a6ae85a434897fa1c9da3096b959/elements - {"using":"xpath","value":"//span[text()='Error']"}
RESULT: {"using":"xpath","value":"//span[text()='Error']"}
COMMAND: POST /session/a414a6ae85a434897fa1c9da3096b959/element - {"using":"xpath","value":"//input[@id='application-warehousemovements-display-component---warehouseMovements--smartFilterBar-filterItemControl_BASIC-YARD-inner']"}
RESULT: {"using":"xpath","value":"//input[@id='application-warehousemovements-display-component---warehouseMovements--smartFilterBar-filterItemControl_BASIC-YARD-inner']"}
COMMAND: POST /session/a414a6ae85a434897fa1c9da3096b959/elements - {"using":"xpath","value":"//input[@id='application-warehousemovements-display-component---warehouseMovements--smartFilterBar-filterItemControl_BASIC-YARD-inner']"}
RESULT: {"using":"xpath","value":"//input[@id='application-warehousemovements-display-component---warehouseMovements--smartFilterBar-filterItemControl_BASIC-YARD-inner']"}
COMMAND: POST /session/a414a6ae85a434897fa1c9da3096b959/elements - {"using":"xpath","value":"//input[@id='application-warehousemovements-display-component---warehouseMovements--smartFilterBar-filterItemControl_BASIC-YARD-inner']"}
RESULT: {"using":"xpath","value":"//input[@id='application-warehousemovements-display-component---warehouseMovements--smartFilterBar-filterItemControl_BASIC-YARD-inner']"}
COMMAND: POST /session/a414a6ae85a434897fa1c9da3096b959/elements - {"using":"xpath","value":"//input[@id='application-warehousemovements-display-component---warehouseMovements--smartFilterBar-filterItemControl_BASIC-YARD-inner']"}
RESULT: {"using":"xpath","value":"//input[@id='application-warehousemovements-display-component---warehouseMovements--smartFilterBar-filterItemControl_BASIC-YARD-inner']"}
COMMAND: POST /session/a414a6ae85a434897fa1c9da3096b959/elements - {"using":"xpath","value":"//input[@id='application-warehousemovements-display-component---warehouseMovements--smartFilterBar-filterItemControl_BASIC-YARD-inner']"}
RESULT: {"using":"xpath","value":"//input[@id='application-warehousemovements-display-component---warehouseMovements--smartFilterBar-filterItemControl_BASIC-YARD-inner']"}
COMMAND: POST /session/a414a6ae85a434897fa1c9da3096b959/elements - {"using":"xpath","value":"//input[@id='application-warehousemovements-display-component---warehouseMovements--smartFilterBar-filterItemControl_BASIC-YARD-inner']"}
RESULT: {"using":"xpath","value":"//input[@id='application-warehousemovements-display-component---warehouseMovements--smartFilterBar-filterItemControl_BASIC-YARD-inner']"}
COMMAND: POST /session/a414a6ae85a434897fa1c9da3096b959/elements - {"using":"xpath","value":"//input[@id='application-warehousemovements-display-component---warehouseMovements--smartFilterBar-filterItemControl_BASIC-YARD-inner']"}
RESULT: {"using":"xpath","value":"//input[@id='application-warehousemovements-display-component---warehouseMovements--smartFilterBar-filterItemControl_BASIC-YARD-inner']"}
COMMAND: POST /session/a414a6ae85a434897fa1c9da3096b959/elements - {"using":"xpath","value":"//input[@id='application-warehousemovements-display-component---warehouseMovements--smartFilterBar-filterItemControl_BASIC-YARD-inner']"}
RESULT: {"using":"xpath","value":"//input[@id='application-warehousemovements-display-component---warehouseMovements--smartFilterBar-filterItemControl_BASIC-YARD-inner']"}
COMMAND: POST /session/a414a6ae85a434897fa1c9da3096b959/elements - {"using":"xpath","value":"//input[@id='application-warehousemovements-display-component---warehouseMovements--smartFilterBar-filterItemControl_BASIC-YARD-inner']"}
RESULT: {"using":"xpath","value":"//input[@id='application-warehousemovements-display-component---warehouseMovements--smartFilterBar-filterItemControl_BASIC-YARD-inner']"}
COMMAND: POST /session/a414a6ae85a434897fa1c9da3096b959/elements - {"using":"xpath","value":"//input[@id='application-warehousemovements-display-component---warehouseMovements--smartFilterBar-filterItemControl_BASIC-YARD-inner']"}
RESULT: {"using":"xpath","value":"//input[@id='application-warehousemovements-display-component---warehouseMovements--smartFilterBar-filterItemControl_BASIC-YARD-inner']"}
COMMAND: POST /session/a414a6ae85a434897fa1c9da3096b959/elements - {"using":"xpath","value":"//input[@id='application-warehousemovements-display-component---warehouseMovements--smartFilterBar-filterItemControl_BASIC-YARD-inner']"}
RESULT: {"using":"xpath","value":"//input[@id='application-warehousemovements-display-component---warehouseMovements--smartFilterBar-filterItemControl_BASIC-YARD-inner']"}
COMMAND: POST /session/a414a6ae85a434897fa1c9da3096b959/elements - {"using":"xpath","value":"//input[@id='application-warehousemovements-display-component---warehouseMovements--smartFilterBar-filterItemControl_BASIC-YARD-inner']"}
RESULT: {"using":"xpath","value":"//input[@id='application-warehousemovements-display-component---warehouseMovements--smartFilterBar-filterItemControl_BASIC-YARD-inner']"}
COMMAND: POST /session/a414a6ae85a434897fa1c9da3096b959/elements - {"using":"xpath","value":"//input[@id='application-warehousemovements-display-component---warehouseMovements--smartFilterBar-filterItemControl_BASIC-YARD-inner']"}
RESULT: {"using":"xpath","value":"//input[@id='application-warehousemovements-display-component---warehouseMovements--smartFilterBar-filterItemControl_BASIC-YARD-inner']"}
COMMAND: POST /session/a414a6ae85a434897fa1c9da3096b959/elements - {"using":"xpath","value":"//input[@id='application-warehousemovements-display-component---warehouseMovements--smartFilterBar-filterItemControl_BASIC-YARD-inner']"}
RESULT: {"using":"xpath","value":"//input[@id='application-warehousemovements-display-component---warehouseMovements--smartFilterBar-filterItemControl_BASIC-YARD-inner']"}
COMMAND: POST /session/a414a6ae85a434897fa1c9da3096b959/elements - {"using":"xpath","value":"//input[@id='application-warehousemovements-display-component---warehouseMovements--smartFilterBar-filterItemControl_BASIC-YARD-inner']"}
RESULT: {"using":"xpath","value":"//input[@id='application-warehousemovements-display-component---warehouseMovements--smartFilterBar-filterItemControl_BASIC-YARD-inner']"}
COMMAND: POST /session/a414a6ae85a434897fa1c9da3096b959/elements - {"using":"xpath","value":"//input[@id='application-warehousemovements-display-component---warehouseMovements--smartFilterBar-filterItemControl_BASIC-YARD-inner']"}
RESULT: {"using":"xpath","value":"//input[@id='application-warehousemovements-display-component---warehouseMovements--smartFilterBar-filterItemControl_BASIC-YARD-inner']"}
COMMAND: POST /session/a414a6ae85a434897fa1c9da3096b959/elements - {"using":"xpath","value":"//input[@id='application-warehousemovements-display-component---warehouseMovements--smartFilterBar-filterItemControl_BASIC-YARD-inner']"}
RESULT: {"using":"xpath","value":"//input[@id='application-warehousemovements-display-component---warehouseMovements--smartFilterBar-filterItemControl_BASIC-YARD-inner']"}
COMMAND: POST /session/a414a6ae85a434897fa1c9da3096b959/elements - {"using":"xpath","value":"//input[@id='application-warehousemovements-display-component---warehouseMovements--smartFilterBar-filterItemControl_BASIC-YARD-inner']"}
RESULT: {"using":"xpath","value":"//input[@id='application-warehousemovements-display-component---warehouseMovements--smartFilterBar-filterItemControl_BASIC-YARD-inner']"}
COMMAND: POST /session/a414a6ae85a434897fa1c9da3096b959/elements - {"using":"xpath","value":"//input[@id='application-warehousemovements-display-component---warehouseMovements--smartFilterBar-filterItemControl_BASIC-YARD-inner']"}
RESULT: {"using":"xpath","value":"//input[@id='application-warehousemovements-display-component---warehouseMovements--smartFilterBar-filterItemControl_BASIC-YARD-inner']"}
COMMAND: POST /session/a414a6ae85a434897fa1c9da3096b959/elements - {"using":"xpath","value":"//input[@id='application-warehousemovements-display-component---warehouseMovements--smartFilterBar-filterItemControl_BASIC-YARD-inner']"}
RESULT: {"using":"xpath","value":"//input[@id='application-warehousemovements-display-component---warehouseMovements--smartFilterBar-filterItemControl_BASIC-YARD-inner']"}
COMMAND: POST /session/a414a6ae85a434897fa1c9da3096b959/elements - {"using":"xpath","value":"//input[@id='application-warehousemovements-display-component---warehouseMovements--smartFilterBar-filterItemControl_BASIC-YARD-inner']"}
RESULT: {"using":"xpath","value":"//input[@id='application-warehousemovements-display-component---warehouseMovements--smartFilterBar-filterItemControl_BASIC-YARD-inner']"}
COMMAND: POST /session/a414a6ae85a434897fa1c9da3096b959/elements - {"using":"xpath","value":"//input[@id='application-warehousemovements-display-component---warehouseMovements--smartFilterBar-filterItemControl_BASIC-YARD-inner']"}
RESULT: {"using":"xpath","value":"//input[@id='application-warehousemovements-display-component---warehouseMovements--smartFilterBar-filterItemControl_BASIC-YARD-inner']"}
COMMAND: POST /session/a414a6ae85a434897fa1c9da3096b959/elements - {"using":"xpath","value":"//input[@id='application-warehousemovements-display-component---warehouseMovements--smartFilterBar-filterItemControl_BASIC-YARD-inner']"}
RESULT: {"using":"xpath","value":"//input[@id='application-warehousemovements-display-component---warehouseMovements--smartFilterBar-filterItemControl_BASIC-YARD-inner']"}
COMMAND: POST /session/a414a6ae85a434897fa1c9da3096b959/elements - {"using":"xpath","value":"//input[@id='application-warehousemovements-display-component---warehouseMovements--smartFilterBar-filterItemControl_BASIC-YARD-inner']"}
RESULT: {"using":"xpath","value":"//input[@id='application-warehousemovements-display-component---warehouseMovements--smartFilterBar-filterItemControl_BASIC-YARD-inner']"}
COMMAND: POST /session/a414a6ae85a434897fa1c9da3096b959/elements - {"using":"xpath","value":"//input[@id='application-warehousemovements-display-component---warehouseMovements--smartFilterBar-filterItemControl_BASIC-YARD-inner']"}
RESULT: {"using":"xpath","value":"//input[@id='application-warehousemovements-display-component---warehouseMovements--smartFilterBar-filterItemControl_BASIC-YARD-inner']"}
COMMAND: POST /session/a414a6ae85a434897fa1c9da3096b959/elements - {"using":"xpath","value":"//input[@id='application-warehousemovements-display-component---warehouseMovements--smartFilterBar-filterItemControl_BASIC-YARD-inner']"}
RESULT: {"using":"xpath","value":"//input[@id='application-warehousemovements-display-component---warehouseMovements--smartFilterBar-filterItemControl_BASIC-YARD-inner']"}
COMMAND: POST /session/a414a6ae85a434897fa1c9da3096b959/elements - {"using":"xpath","value":"//input[@id='application-warehousemovements-display-component---warehouseMovements--smartFilterBar-filterItemControl_BASIC-YARD-inner']"}
RESULT: {"using":"xpath","value":"//input[@id='application-warehousemovements-display-component---warehouseMovements--smartFilterBar-filterItemControl_BASIC-YARD-inner']"}
COMMAND: POST /session/a414a6ae85a434897fa1c9da3096b959/elements - {"using":"xpath","value":"//input[@id='application-warehousemovements-display-component---warehouseMovements--smartFilterBar-filterItemControl_BASIC-YARD-inner']"}
RESULT: {"using":"xpath","value":"//input[@id='application-warehousemovements-display-component---warehouseMovements--smartFilterBar-filterItemControl_BASIC-YARD-inner']"}
COMMAND: POST /session/a414a6ae85a434897fa1c9da3096b959/elements - {"using":"xpath","value":"//input[@id='application-warehousemovements-display-component---warehouseMovements--smartFilterBar-filterItemControl_BASIC-YARD-inner']"}
RESULT: {"using":"xpath","value":"//input[@id='application-warehousemovements-display-component---warehouseMovements--smartFilterBar-filterItemControl_BASIC-YARD-inner']"}
COMMAND: POST /session/a414a6ae85a434897fa1c9da3096b959/elements - {"using":"xpath","value":"//input[@id='application-warehousemovements-display-component---warehouseMovements--smartFilterBar-filterItemControl_BASIC-YARD-inner']"}
RESULT: {"using":"xpath","value":"//input[@id='application-warehousemovements-display-component---warehouseMovements--smartFilterBar-filterItemControl_BASIC-YARD-inner']"}
COMMAND: POST /session/a414a6ae85a434897fa1c9da3096b959/elements - {"using":"xpath","value":"//input[@id='application-warehousemovements-display-component---warehouseMovements--smartFilterBar-filterItemControl_BASIC-YARD-inner']"}
RESULT: {"using":"xpath","value":"//input[@id='application-warehousemovements-display-component---warehouseMovements--smartFilterBar-filterItemControl_BASIC-YARD-inner']"}
COMMAND: POST /session/a414a6ae85a434897fa1c9da3096b959/elements - {"using":"xpath","value":"//input[@id='application-warehousemovements-display-component---warehouseMovements--smartFilterBar-filterItemControl_BASIC-YARD-inner']"}
RESULT: {"using":"xpath","value":"//input[@id='application-warehousemovements-display-component---warehouseMovements--smartFilterBar-filterItemControl_BASIC-YARD-inner']"}
COMMAND: POST /session/a414a6ae85a434897fa1c9da3096b959/elements - {"using":"xpath","value":"//input[@id='application-warehousemovements-display-component---warehouseMovements--smartFilterBar-filterItemControl_BASIC-YARD-inner']"}
RESULT: {"using":"xpath","value":"//input[@id='application-warehousemovements-display-component---warehouseMovements--smartFilterBar-filterItemControl_BASIC-YARD-inner']"}
COMMAND: POST /session/a414a6ae85a434897fa1c9da3096b959/elements - {"using":"xpath","value":"//input[@id='application-warehousemovements-display-component---warehouseMovements--smartFilterBar-filterItemControl_BASIC-YARD-inner']"}
RESULT: {"using":"xpath","value":"//input[@id='application-warehousemovements-display-component---warehouseMovements--smartFilterBar-filterItemControl_BASIC-YARD-inner']"}
COMMAND: POST /session/a414a6ae85a434897fa1c9da3096b959/elements - {"using":"xpath","value":"//input[@id='application-warehousemovements-display-component---warehouseMovements--smartFilterBar-filterItemControl_BASIC-YARD-inner']"}
RESULT: {"using":"xpath","value":"//input[@id='application-warehousemovements-display-component---warehouseMovements--smartFilterBar-filterItemControl_BASIC-YARD-inner']"}
COMMAND: POST /session/a414a6ae85a434897fa1c9da3096b959/elements - {"using":"xpath","value":"//input[@id='application-warehousemovements-display-component---warehouseMovements--smartFilterBar-filterItemControl_BASIC-YARD-inner']"}
RESULT: {"using":"xpath","value":"//input[@id='application-warehousemovements-display-component---warehouseMovements--smartFilterBar-filterItemControl_BASIC-YARD-inner']"}
COMMAND: POST /session/a414a6ae85a434897fa1c9da3096b959/elements - {"using":"xpath","value":"//input[@id='application-warehousemovements-display-component---warehouseMovements--smartFilterBar-filterItemControl_BASIC-YARD-inner']"}
RESULT: {"using":"xpath","value":"//input[@id='application-warehousemovements-display-component---warehouseMovements--smartFilterBar-filterItemControl_BASIC-YARD-inner']"}
COMMAND: POST /session/a414a6ae85a434897fa1c9da3096b959/elements - {"using":"xpath","value":"//input[@id='application-warehousemovements-display-component---warehouseMovements--smartFilterBar-filterItemControl_BASIC-YARD-inner']"}
RESULT: {"using":"xpath","value":"//input[@id='application-warehousemovements-display-component---warehouseMovements--smartFilterBar-filterItemControl_BASIC-YARD-inner']"}
COMMAND: POST /session/a414a6ae85a434897fa1c9da3096b959/elements - {"using":"xpath","value":"//input[@id='application-warehousemovements-display-component---warehouseMovements--smartFilterBar-filterItemControl_BASIC-YARD-inner']"}
RESULT: {"using":"xpath","value":"//input[@id='application-warehousemovements-display-component---warehouseMovements--smartFilterBar-filterItemControl_BASIC-YARD-inner']"}
COMMAND: POST /session/a414a6ae85a434897fa1c9da3096b959/elements - {"using":"xpath","value":"//input[@id='application-warehousemovements-display-component---warehouseMovements--smartFilterBar-filterItemControl_BASIC-YARD-inner']"}
RESULT: {"using":"xpath","value":"//input[@id='application-warehousemovements-display-component---warehouseMovements--smartFilterBar-filterItemControl_BASIC-YARD-inner']"}
COMMAND: POST /session/a414a6ae85a434897fa1c9da3096b959/elements - {"using":"xpath","value":"//input[@id='application-warehousemovements-display-component---warehouseMovements--smartFilterBar-filterItemControl_BASIC-YARD-inner']"}
RESULT: {"using":"xpath","value":"//input[@id='application-warehousemovements-display-component---warehouseMovements--smartFilterBar-filterItemControl_BASIC-YARD-inner']"}
COMMAND: POST /session/a414a6ae85a434897fa1c9da3096b959/elements - {"using":"xpath","value":"//input[@id='application-warehousemovements-display-component---warehouseMovements--smartFilterBar-filterItemControl_BASIC-YARD-inner']"}
RESULT: {"using":"xpath","value":"//input[@id='application-warehousemovements-display-component---warehouseMovements--smartFilterBar-filterItemControl_BASIC-YARD-inner']"}
COMMAND: POST /session/a414a6ae85a434897fa1c9da3096b959/elements - {"using":"xpath","value":"//input[@id='application-warehousemovements-display-component---warehouseMovements--smartFilterBar-filterItemControl_BASIC-YARD-inner']"}
RESULT: {"using":"xpath","value":"//input[@id='application-warehousemovements-display-component---warehouseMovements--smartFilterBar-filterItemControl_BASIC-YARD-inner']"}
COMMAND: POST /session/a414a6ae85a434897fa1c9da3096b959/elements - {"using":"xpath","value":"//input[@id='application-warehousemovements-display-component---warehouseMovements--smartFilterBar-filterItemControl_BASIC-YARD-inner']"}
RESULT: {"using":"xpath","value":"//input[@id='application-warehousemovements-display-component---warehouseMovements--smartFilterBar-filterItemControl_BASIC-YARD-inner']"}
COMMAND: POST /session/a414a6ae85a434897fa1c9da3096b959/elements - {"using":"xpath","value":"//input[@id='application-warehousemovements-display-component---warehouseMovements--smartFilterBar-filterItemControl_BASIC-YARD-inner']"}
RESULT: {"using":"xpath","value":"//input[@id='application-warehousemovements-display-component---warehouseMovements--smartFilterBar-filterItemControl_BASIC-YARD-inner']"}
COMMAND: POST /session/a414a6ae85a434897fa1c9da3096b959/elements - {"using":"xpath","value":"//input[@id='application-warehousemovements-display-component---warehouseMovements--smartFilterBar-filterItemControl_BASIC-YARD-inner']"}
RESULT: {"using":"xpath","value":"//input[@id='application-warehousemovements-display-component---warehouseMovements--smartFilterBar-filterItemControl_BASIC-YARD-inner']"}
COMMAND: POST /session/a414a6ae85a434897fa1c9da3096b959/elements - {"using":"xpath","value":"//input[@id='application-warehousemovements-display-component---warehouseMovements--smartFilterBar-filterItemControl_BASIC-YARD-inner']"}
RESULT: {"using":"xpath","value":"//input[@id='application-warehousemovements-display-component---warehouseMovements--smartFilterBar-filterItemControl_BASIC-YARD-inner']"}
COMMAND: POST /session/a414a6ae85a434897fa1c9da3096b959/elements - {"using":"xpath","value":"//input[@id='application-warehousemovements-display-component---warehouseMovements--smartFilterBar-filterItemControl_BASIC-YARD-inner']"}
RESULT: {"using":"xpath","value":"//input[@id='application-warehousemovements-display-component---warehouseMovements--smartFilterBar-filterItemControl_BASIC-YARD-inner']"}
COMMAND: POST /session/a414a6ae85a434897fa1c9da3096b959/elements - {"using":"xpath","value":"//input[@id='application-warehousemovements-display-component---warehouseMovements--smartFilterBar-filterItemControl_BASIC-YARD-inner']"}
RESULT: {"using":"xpath","value":"//input[@id='application-warehousemovements-display-component---warehouseMovements--smartFilterBar-filterItemControl_BASIC-YARD-inner']"}
COMMAND: POST /session/a414a6ae85a434897fa1c9da3096b959/elements - {"using":"xpath","value":"//input[@id='application-warehousemovements-display-component---warehouseMovements--smartFilterBar-filterItemControl_BASIC-YARD-inner']"}
RESULT: {"using":"xpath","value":"//input[@id='application-warehousemovements-display-component---warehouseMovements--smartFilterBar-filterItemControl_BASIC-YARD-inner']"}
COMMAND: POST /session/a414a6ae85a434897fa1c9da3096b959/elements - {"using":"xpath","value":"//input[@id='application-warehousemovements-display-component---warehouseMovements--smartFilterBar-filterItemControl_BASIC-YARD-inner']"}
RESULT: {"using":"xpath","value":"//input[@id='application-warehousemovements-display-component---warehouseMovements--smartFilterBar-filterItemControl_BASIC-YARD-inner']"}
COMMAND: POST /session/a414a6ae85a434897fa1c9da3096b959/elements - {"using":"xpath","value":"//input[@id='application-warehousemovements-display-component---warehouseMovements--smartFilterBar-filterItemControl_BASIC-YARD-inner']"}
RESULT: {"using":"xpath","value":"//input[@id='application-warehousemovements-display-component---warehouseMovements--smartFilterBar-filterItemControl_BASIC-YARD-inner']"}
COMMAND: POST /session/a414a6ae85a434897fa1c9da3096b959/elements - {"using":"xpath","value":"//input[@id='application-warehousemovements-display-component---warehouseMovements--smartFilterBar-filterItemControl_BASIC-YARD-inner']"}
RESULT: {"using":"xpath","value":"//input[@id='application-warehousemovements-display-component---warehouseMovements--smartFilterBar-filterItemControl_BASIC-YARD-inner']"}
COMMAND: POST /session/a414a6ae85a434897fa1c9da3096b959/elements - {"using":"xpath","value":"//input[@id='application-warehousemovements-display-component---warehouseMovements--smartFilterBar-filterItemControl_BASIC-YARD-inner']"}
RESULT: {"using":"xpath","value":"//input[@id='application-warehousemovements-display-component---warehouseMovements--smartFilterBar-filterItemControl_BASIC-YARD-inner']"}
COMMAND: POST /session/a414a6ae85a434897fa1c9da3096b959/elements - {"using":"xpath","value":"//input[@id='application-warehousemovements-display-component---warehouseMovements--smartFilterBar-filterItemControl_BASIC-YARD-inner']"}
RESULT: {"using":"xpath","value":"//input[@id='application-warehousemovements-display-component---warehouseMovements--smartFilterBar-filterItemControl_BASIC-YARD-inner']"}
COMMAND: POST /session/a414a6ae85a434897fa1c9da3096b959/elements - {"using":"xpath","value":"//input[@id='application-warehousemovements-display-component---warehouseMovements--smartFilterBar-filterItemControl_BASIC-YARD-inner']"}
RESULT: {"using":"xpath","value":"//input[@id='application-warehousemovements-display-component---warehouseMovements--smartFilterBar-filterItemControl_BASIC-YARD-inner']"}
COMMAND: POST /session/a414a6ae85a434897fa1c9da3096b959/elements - {"using":"xpath","value":"//input[@id='application-warehousemovements-display-component---warehouseMovements--smartFilterBar-filterItemControl_BASIC-YARD-inner']"}
RESULT: {"using":"xpath","value":"//input[@id='application-warehousemovements-display-component---warehouseMovements--smartFilterBar-filterItemControl_BASIC-YARD-inner']"}
COMMAND: POST /session/a414a6ae85a434897fa1c9da3096b959/elements - {"using":"xpath","value":"//input[@id='application-warehousemovements-display-component---warehouseMovements--smartFilterBar-filterItemControl_BASIC-YARD-inner']"}
RESULT: {"using":"xpath","value":"//input[@id='application-warehousemovements-display-component---warehouseMovements--smartFilterBar-filterItemControl_BASIC-YARD-inner']"}
COMMAND: POST /session/a414a6ae85a434897fa1c9da3096b959/elements - {"using":"xpath","value":"//input[@id='application-warehousemovements-display-component---warehouseMovements--smartFilterBar-filterItemControl_BASIC-YARD-inner']"}
RESULT: {"using":"xpath","value":"//input[@id='application-warehousemovements-display-component---warehouseMovements--smartFilterBar-filterItemControl_BASIC-YARD-inner']"}
COMMAND: POST /session/a414a6ae85a434897fa1c9da3096b959/elements - {"using":"xpath","value":"//input[@id='application-warehousemovements-display-component---warehouseMovements--smartFilterBar-filterItemControl_BASIC-YARD-inner']"}
RESULT: {"using":"xpath","value":"//input[@id='application-warehousemovements-display-component---warehouseMovements--smartFilterBar-filterItemControl_BASIC-YARD-inner']"}
COMMAND: POST /session/a414a6ae85a434897fa1c9da3096b959/elements - {"using":"xpath","value":"//input[@id='application-warehousemovements-display-component---warehouseMovements--smartFilterBar-filterItemControl_BASIC-YARD-inner']"}
RESULT: {"using":"xpath","value":"//input[@id='application-warehousemovements-display-component---warehouseMovements--smartFilterBar-filterItemControl_BASIC-YARD-inner']"}
COMMAND: POST /session/a414a6ae85a434897fa1c9da3096b959/elements - {"using":"xpath","value":"//input[@id='application-warehousemovements-display-component---warehouseMovements--smartFilterBar-filterItemControl_BASIC-YARD-inner']"}
RESULT: {"using":"xpath","value":"//input[@id='application-warehousemovements-display-component---warehouseMovements--smartFilterBar-filterItemControl_BASIC-YARD-inner']"}
COMMAND: POST /session/a414a6ae85a434897fa1c9da3096b959/elements - {"using":"xpath","value":"//input[@id='application-warehousemovements-display-component---warehouseMovements--smartFilterBar-filterItemControl_BASIC-YARD-inner']"}
RESULT: {"using":"xpath","value":"//input[@id='application-warehousemovements-display-component---warehouseMovements--smartFilterBar-filterItemControl_BASIC-YARD-inner']"}
COMMAND: POST /session/a414a6ae85a434897fa1c9da3096b959/elements - {"using":"xpath","value":"//input[@id='application-warehousemovements-display-component---warehouseMovements--smartFilterBar-filterItemControl_BASIC-YARD-inner']"}
RESULT: {"using":"xpath","value":"//input[@id='application-warehousemovements-display-component---warehouseMovements--smartFilterBar-filterItemControl_BASIC-YARD-inner']"}
COMMAND: POST /session/a414a6ae85a434897fa1c9da3096b959/elements - {"using":"xpath","value":"//input[@id='application-warehousemovements-display-component---warehouseMovements--smartFilterBar-filterItemControl_BASIC-YARD-inner']"}
RESULT: {"using":"xpath","value":"//input[@id='application-warehousemovements-display-component---warehouseMovements--smartFilterBar-filterItemControl_BASIC-YARD-inner']"}
COMMAND: POST /session/a414a6ae85a434897fa1c9da3096b959/elements - {"using":"xpath","value":"//input[@id='application-warehousemovements-display-component---warehouseMovements--smartFilterBar-filterItemControl_BASIC-YARD-inner']"}
RESULT: {"using":"xpath","value":"//input[@id='application-warehousemovements-display-component---warehouseMovements--smartFilterBar-filterItemControl_BASIC-YARD-inner']"}
COMMAND: POST /session/a414a6ae85a434897fa1c9da3096b959/elements - {"using":"xpath","value":"//input[@id='application-warehousemovements-display-component---warehouseMovements--smartFilterBar-filterItemControl_BASIC-YARD-inner']"}
RESULT: {"using":"xpath","value":"//input[@id='application-warehousemovements-display-component---warehouseMovements--smartFilterBar-filterItemControl_BASIC-YARD-inner']"}
COMMAND: POST /session/a414a6ae85a434897fa1c9da3096b959/elements - {"using":"xpath","value":"//input[@id='application-warehousemovements-display-component---warehouseMovements--smartFilterBar-filterItemControl_BASIC-YARD-inner']"}
RESULT: {"using":"xpath","value":"//input[@id='application-warehousemovements-display-component---warehouseMovements--smartFilterBar-filterItemControl_BASIC-YARD-inner']"}
COMMAND: POST /session/a414a6ae85a434897fa1c9da3096b959/elements - {"using":"xpath","value":"//input[@id='application-warehousemovements-display-component---warehouseMovements--smartFilterBar-filterItemControl_BASIC-YARD-inner']"}
RESULT: {"using":"xpath","value":"//input[@id='application-warehousemovements-display-component---warehouseMovements--smartFilterBar-filterItemControl_BASIC-YARD-inner']"}
COMMAND: POST /session/a414a6ae85a434897fa1c9da3096b959/elements - {"using":"xpath","value":"//input[@id='application-warehousemovements-display-component---warehouseMovements--smartFilterBar-filterItemControl_BASIC-YARD-inner']"}
RESULT: {"using":"xpath","value":"//input[@id='application-warehousemovements-display-component---warehouseMovements--smartFilterBar-filterItemControl_BASIC-YARD-inner']"}
COMMAND: POST /session/a414a6ae85a434897fa1c9da3096b959/elements - {"using":"xpath","value":"//input[@id='application-warehousemovements-display-component---warehouseMovements--smartFilterBar-filterItemControl_BASIC-YARD-inner']"}
RESULT: {"using":"xpath","value":"//input[@id='application-warehousemovements-display-component---warehouseMovements--smartFilterBar-filterItemControl_BASIC-YARD-inner']"}
COMMAND: POST /session/a414a6ae85a434897fa1c9da3096b959/elements - {"using":"xpath","value":"//input[@id='application-warehousemovements-display-component---warehouseMovements--smartFilterBar-filterItemControl_BASIC-YARD-inner']"}
RESULT: {"using":"xpath","value":"//input[@id='application-warehousemovements-display-component---warehouseMovements--smartFilterBar-filterItemControl_BASIC-YARD-inner']"}
COMMAND: POST /session/a414a6ae85a434897fa1c9da3096b959/elements - {"using":"xpath","value":"//input[@id='application-warehousemovements-display-component---warehouseMovements--smartFilterBar-filterItemControl_BASIC-YARD-inner']"}
RESULT: {"using":"xpath","value":"//input[@id='application-warehousemovements-display-component---warehouseMovements--smartFilterBar-filterItemControl_BASIC-YARD-inner']"}
COMMAND: POST /session/a414a6ae85a434897fa1c9da3096b959/elements - {"using":"xpath","value":"//input[@id='application-warehousemovements-display-component---warehouseMovements--smartFilterBar-filterItemControl_BASIC-YARD-inner']"}
RESULT: {"using":"xpath","value":"//input[@id='application-warehousemovements-display-component---warehouseMovements--smartFilterBar-filterItemControl_BASIC-YARD-inner']"}
COMMAND: POST /session/a414a6ae85a434897fa1c9da3096b959/elements - {"using":"xpath","value":"//input[@id='application-warehousemovements-display-component---warehouseMovements--smartFilterBar-filterItemControl_BASIC-YARD-inner']"}
RESULT: {"using":"xpath","value":"//input[@id='application-warehousemovements-display-component---warehouseMovements--smartFilterBar-filterItemControl_BASIC-YARD-inner']"}
COMMAND: POST /session/a414a6ae85a434897fa1c9da3096b959/elements - {"using":"xpath","value":"//input[@id='application-warehousemovements-display-component---warehouseMovements--smartFilterBar-filterItemControl_BASIC-YARD-inner']"}
RESULT: {"using":"xpath","value":"//input[@id='application-warehousemovements-display-component---warehouseMovements--smartFilterBar-filterItemControl_BASIC-YARD-inner']"}
COMMAND: POST /session/a414a6ae85a434897fa1c9da3096b959/elements - {"using":"xpath","value":"//input[@id='application-warehousemovements-display-component---warehouseMovements--smartFilterBar-filterItemControl_BASIC-YARD-inner']"}
RESULT: {"using":"xpath","value":"//input[@id='application-warehousemovements-display-component---warehouseMovements--smartFilterBar-filterItemControl_BASIC-YARD-inner']"}
COMMAND: POST /session/a414a6ae85a434897fa1c9da3096b959/elements - {"using":"xpath","value":"//input[@id='application-warehousemovements-display-component---warehouseMovements--smartFilterBar-filterItemControl_BASIC-YARD-inner']"}
RESULT: {"using":"xpath","value":"//input[@id='application-warehousemovements-display-component---warehouseMovements--smartFilterBar-filterItemControl_BASIC-YARD-inner']"}
COMMAND: POST /session/a414a6ae85a434897fa1c9da3096b959/elements - {"using":"xpath","value":"//input[@id='application-warehousemovements-display-component---warehouseMovements--smartFilterBar-filterItemControl_BASIC-YARD-inner']"}
RESULT: {"using":"xpath","value":"//input[@id='application-warehousemovements-display-component---warehouseMovements--smartFilterBar-filterItemControl_BASIC-YARD-inner']"}
COMMAND: POST /session/a414a6ae85a434897fa1c9da3096b959/elements - {"using":"xpath","value":"//input[@id='application-warehousemovements-display-component---warehouseMovements--smartFilterBar-filterItemControl_BASIC-YARD-inner']"}
RESULT: {"using":"xpath","value":"//input[@id='application-warehousemovements-display-component---warehouseMovements--smartFilterBar-filterItemControl_BASIC-YARD-inner']"}
COMMAND: POST /session/a414a6ae85a434897fa1c9da3096b959/elements - {"using":"xpath","value":"//input[@id='application-warehousemovements-display-component---warehouseMovements--smartFilterBar-filterItemControl_BASIC-YARD-inner']"}
RESULT: {"using":"xpath","value":"//input[@id='application-warehousemovements-display-component---warehouseMovements--smartFilterBar-filterItemControl_BASIC-YARD-inner']"}
COMMAND: POST /session/a414a6ae85a434897fa1c9da3096b959/elements - {"using":"xpath","value":"//input[@id='application-warehousemovements-display-component---warehouseMovements--smartFilterBar-filterItemControl_BASIC-YARD-inner']"}
RESULT: {"using":"xpath","value":"//input[@id='application-warehousemovements-display-component---warehouseMovements--smartFilterBar-filterItemControl_BASIC-YARD-inner']"}
COMMAND: POST /session/a414a6ae85a434897fa1c9da3096b959/elements - {"using":"xpath","value":"//input[@id='application-warehousemovements-display-component---warehouseMovements--smartFilterBar-filterItemControl_BASIC-YARD-inner']"}
RESULT: {"using":"xpath","value":"//input[@id='application-warehousemovements-display-component---warehouseMovements--smartFilterBar-filterItemControl_BASIC-YARD-inner']"}
COMMAND: POST /session/a414a6ae85a434897fa1c9da3096b959/elements - {"using":"xpath","value":"//input[@id='application-warehousemovements-display-component---warehouseMovements--smartFilterBar-filterItemControl_BASIC-YARD-inner']"}
RESULT: {"using":"xpath","value":"//input[@id='application-warehousemovements-display-component---warehouseMovements--smartFilterBar-filterItemControl_BASIC-YARD-inner']"}
COMMAND: POST /session/a414a6ae85a434897fa1c9da3096b959/elements - {"using":"xpath","value":"//input[@id='application-warehousemovements-display-component---warehouseMovements--smartFilterBar-filterItemControl_BASIC-YARD-inner']"}
RESULT: {"using":"xpath","value":"//input[@id='application-warehousemovements-display-component---warehouseMovements--smartFilterBar-filterItemControl_BASIC-YARD-inner']"}
COMMAND: POST /session/a414a6ae85a434897fa1c9da3096b959/elements - {"using":"xpath","value":"//input[@id='application-warehousemovements-display-component---warehouseMovements--smartFilterBar-filterItemControl_BASIC-YARD-inner']"}
RESULT: {"using":"xpath","value":"//input[@id='application-warehousemovements-display-component---warehouseMovements--smartFilterBar-filterItemControl_BASIC-YARD-inner']"}
COMMAND: POST /session/a414a6ae85a434897fa1c9da3096b959/elements - {"using":"xpath","value":"//input[@id='application-warehousemovements-display-component---warehouseMovements--smartFilterBar-filterItemControl_BASIC-YARD-inner']"}
RESULT: {"using":"xpath","value":"//input[@id='application-warehousemovements-display-component---warehouseMovements--smartFilterBar-filterItemControl_BASIC-YARD-inner']"}
COMMAND: POST /session/a414a6ae85a434897fa1c9da3096b959/elements - {"using":"xpath","value":"//input[@id='application-warehousemovements-display-component---warehouseMovements--smartFilterBar-filterItemControl_BASIC-YARD-inner']"}
RESULT: {"using":"xpath","value":"//input[@id='application-warehousemovements-display-component---warehouseMovements--smartFilterBar-filterItemControl_BASIC-YARD-inner']"}
COMMAND: POST /session/a414a6ae85a434897fa1c9da3096b959/elements - {"using":"xpath","value":"//input[@id='application-warehousemovements-display-component---warehouseMovements--smartFilterBar-filterItemControl_BASIC-YARD-inner']"}
RESULT: {"using":"xpath","value":"//input[@id='application-warehousemovements-display-component---warehouseMovements--smartFilterBar-filterItemControl_BASIC-YARD-inner']"}
COMMAND: POST /session/a414a6ae85a434897fa1c9da3096b959/elements - {"using":"xpath","value":"//input[@id='application-warehousemovements-display-component---warehouseMovements--smartFilterBar-filterItemControl_BASIC-YARD-inner']"}
RESULT: {"using":"xpath","value":"//input[@id='application-warehousemovements-display-component---warehouseMovements--smartFilterBar-filterItemControl_BASIC-YARD-inner']"}
COMMAND: POST /session/a414a6ae85a434897fa1c9da3096b959/elements - {"using":"xpath","value":"//input[@id='application-warehousemovements-display-component---warehouseMovements--smartFilterBar-filterItemControl_BASIC-YARD-inner']"}
RESULT: {"using":"xpath","value":"//input[@id='application-warehousemovements-display-component---warehouseMovements--smartFilterBar-filterItemControl_BASIC-YARD-inner']"}
COMMAND: GET /session/a414a6ae85a434897fa1c9da3096b959/screenshot - {}
RESULT: {}
]]></system-out>
      <system-err><![CDATA[
Error: element ("//input[@id='application-warehousemovements-display-component---warehouseMovements--smartFilterBar-filterItemControl_BASIC-YARD-inner']") still not existing after 45000ms
    at async Context.<anonymous> (D:\a\1\s\test\specs\HTR\stock-increase.spec.js:73:9)
]]></system-err>
    </testcase>
    <testcase classname="chrome.136_0_7103_93.windows.Stock_increase_-_with_WHM_US125587" name="Should do a stock increase handover" time="56.486">
      <failure/>
      <error message="element (&quot;//button[@data-kt=&quot;masterHOAddButton&quot;]&quot;) still not existing after 45000ms"/>
      <system-out><![CDATA[
COMMAND: GET /session/a414a6ae85a434897fa1c9da3096b959/screenshot - {}
COMMAND: POST /session/a414a6ae85a434897fa1c9da3096b959/execute/async - {"script":"<script> [1562 bytes]","args":[{"selector":{"controlType":"sap.m.GenericTile","properties":{"header":"Manage Handovers"}},"wdio_ui5_key":"sapm.GenericTile{\"header\":\"Manage Handovers\"}"}]}
RESULT: {}
RESULT: {"script":"<script> [1562 bytes]","args":[{"selector":{"controlType":"sap.m.GenericTile","properties":{"header":"Manage Handovers"}},"wdio_ui5_key":"sapm.GenericTile{\"header\":\"Manage Handovers\"}"}]}
RESULT: undefined
COMMAND: POST /session/a414a6ae85a434897fa1c9da3096b959/elements - {"using":"xpath","value":"//span[text()='Error']"}
RESULT: {"using":"xpath","value":"//span[text()='Error']"}
COMMAND: POST /session/a414a6ae85a434897fa1c9da3096b959/element - {"using":"xpath","value":"//button[@data-kt=\"masterHOAddButton\"]"}
RESULT: {"using":"xpath","value":"//button[@data-kt=\"masterHOAddButton\"]"}
COMMAND: POST /session/a414a6ae85a434897fa1c9da3096b959/elements - {"using":"xpath","value":"//button[@data-kt=\"masterHOAddButton\"]"}
RESULT: {"using":"xpath","value":"//button[@data-kt=\"masterHOAddButton\"]"}
COMMAND: POST /session/a414a6ae85a434897fa1c9da3096b959/elements - {"using":"xpath","value":"//button[@data-kt=\"masterHOAddButton\"]"}
RESULT: {"using":"xpath","value":"//button[@data-kt=\"masterHOAddButton\"]"}
COMMAND: POST /session/a414a6ae85a434897fa1c9da3096b959/elements - {"using":"xpath","value":"//button[@data-kt=\"masterHOAddButton\"]"}
RESULT: {"using":"xpath","value":"//button[@data-kt=\"masterHOAddButton\"]"}
COMMAND: POST /session/a414a6ae85a434897fa1c9da3096b959/elements - {"using":"xpath","value":"//button[@data-kt=\"masterHOAddButton\"]"}
RESULT: {"using":"xpath","value":"//button[@data-kt=\"masterHOAddButton\"]"}
COMMAND: POST /session/a414a6ae85a434897fa1c9da3096b959/elements - {"using":"xpath","value":"//button[@data-kt=\"masterHOAddButton\"]"}
RESULT: {"using":"xpath","value":"//button[@data-kt=\"masterHOAddButton\"]"}
COMMAND: POST /session/a414a6ae85a434897fa1c9da3096b959/elements - {"using":"xpath","value":"//button[@data-kt=\"masterHOAddButton\"]"}
RESULT: {"using":"xpath","value":"//button[@data-kt=\"masterHOAddButton\"]"}
COMMAND: POST /session/a414a6ae85a434897fa1c9da3096b959/elements - {"using":"xpath","value":"//button[@data-kt=\"masterHOAddButton\"]"}
RESULT: {"using":"xpath","value":"//button[@data-kt=\"masterHOAddButton\"]"}
COMMAND: POST /session/a414a6ae85a434897fa1c9da3096b959/elements - {"using":"xpath","value":"//button[@data-kt=\"masterHOAddButton\"]"}
RESULT: {"using":"xpath","value":"//button[@data-kt=\"masterHOAddButton\"]"}
COMMAND: POST /session/a414a6ae85a434897fa1c9da3096b959/elements - {"using":"xpath","value":"//button[@data-kt=\"masterHOAddButton\"]"}
RESULT: {"using":"xpath","value":"//button[@data-kt=\"masterHOAddButton\"]"}
COMMAND: POST /session/a414a6ae85a434897fa1c9da3096b959/elements - {"using":"xpath","value":"//button[@data-kt=\"masterHOAddButton\"]"}
RESULT: {"using":"xpath","value":"//button[@data-kt=\"masterHOAddButton\"]"}
COMMAND: POST /session/a414a6ae85a434897fa1c9da3096b959/elements - {"using":"xpath","value":"//button[@data-kt=\"masterHOAddButton\"]"}
RESULT: {"using":"xpath","value":"//button[@data-kt=\"masterHOAddButton\"]"}
COMMAND: POST /session/a414a6ae85a434897fa1c9da3096b959/elements - {"using":"xpath","value":"//button[@data-kt=\"masterHOAddButton\"]"}
RESULT: {"using":"xpath","value":"//button[@data-kt=\"masterHOAddButton\"]"}
COMMAND: POST /session/a414a6ae85a434897fa1c9da3096b959/elements - {"using":"xpath","value":"//button[@data-kt=\"masterHOAddButton\"]"}
RESULT: {"using":"xpath","value":"//button[@data-kt=\"masterHOAddButton\"]"}
COMMAND: POST /session/a414a6ae85a434897fa1c9da3096b959/elements - {"using":"xpath","value":"//button[@data-kt=\"masterHOAddButton\"]"}
RESULT: {"using":"xpath","value":"//button[@data-kt=\"masterHOAddButton\"]"}
COMMAND: POST /session/a414a6ae85a434897fa1c9da3096b959/elements - {"using":"xpath","value":"//button[@data-kt=\"masterHOAddButton\"]"}
RESULT: {"using":"xpath","value":"//button[@data-kt=\"masterHOAddButton\"]"}
COMMAND: POST /session/a414a6ae85a434897fa1c9da3096b959/elements - {"using":"xpath","value":"//button[@data-kt=\"masterHOAddButton\"]"}
RESULT: {"using":"xpath","value":"//button[@data-kt=\"masterHOAddButton\"]"}
COMMAND: POST /session/a414a6ae85a434897fa1c9da3096b959/elements - {"using":"xpath","value":"//button[@data-kt=\"masterHOAddButton\"]"}
RESULT: {"using":"xpath","value":"//button[@data-kt=\"masterHOAddButton\"]"}
COMMAND: POST /session/a414a6ae85a434897fa1c9da3096b959/elements - {"using":"xpath","value":"//button[@data-kt=\"masterHOAddButton\"]"}
RESULT: {"using":"xpath","value":"//button[@data-kt=\"masterHOAddButton\"]"}
COMMAND: POST /session/a414a6ae85a434897fa1c9da3096b959/elements - {"using":"xpath","value":"//button[@data-kt=\"masterHOAddButton\"]"}
RESULT: {"using":"xpath","value":"//button[@data-kt=\"masterHOAddButton\"]"}
COMMAND: POST /session/a414a6ae85a434897fa1c9da3096b959/elements - {"using":"xpath","value":"//button[@data-kt=\"masterHOAddButton\"]"}
RESULT: {"using":"xpath","value":"//button[@data-kt=\"masterHOAddButton\"]"}
COMMAND: POST /session/a414a6ae85a434897fa1c9da3096b959/elements - {"using":"xpath","value":"//button[@data-kt=\"masterHOAddButton\"]"}
RESULT: {"using":"xpath","value":"//button[@data-kt=\"masterHOAddButton\"]"}
COMMAND: POST /session/a414a6ae85a434897fa1c9da3096b959/elements - {"using":"xpath","value":"//button[@data-kt=\"masterHOAddButton\"]"}
RESULT: {"using":"xpath","value":"//button[@data-kt=\"masterHOAddButton\"]"}
COMMAND: POST /session/a414a6ae85a434897fa1c9da3096b959/elements - {"using":"xpath","value":"//button[@data-kt=\"masterHOAddButton\"]"}
RESULT: {"using":"xpath","value":"//button[@data-kt=\"masterHOAddButton\"]"}
COMMAND: POST /session/a414a6ae85a434897fa1c9da3096b959/elements - {"using":"xpath","value":"//button[@data-kt=\"masterHOAddButton\"]"}
RESULT: {"using":"xpath","value":"//button[@data-kt=\"masterHOAddButton\"]"}
COMMAND: POST /session/a414a6ae85a434897fa1c9da3096b959/elements - {"using":"xpath","value":"//button[@data-kt=\"masterHOAddButton\"]"}
RESULT: {"using":"xpath","value":"//button[@data-kt=\"masterHOAddButton\"]"}
COMMAND: POST /session/a414a6ae85a434897fa1c9da3096b959/elements - {"using":"xpath","value":"//button[@data-kt=\"masterHOAddButton\"]"}
RESULT: {"using":"xpath","value":"//button[@data-kt=\"masterHOAddButton\"]"}
COMMAND: POST /session/a414a6ae85a434897fa1c9da3096b959/elements - {"using":"xpath","value":"//button[@data-kt=\"masterHOAddButton\"]"}
RESULT: {"using":"xpath","value":"//button[@data-kt=\"masterHOAddButton\"]"}
COMMAND: POST /session/a414a6ae85a434897fa1c9da3096b959/elements - {"using":"xpath","value":"//button[@data-kt=\"masterHOAddButton\"]"}
RESULT: {"using":"xpath","value":"//button[@data-kt=\"masterHOAddButton\"]"}
COMMAND: POST /session/a414a6ae85a434897fa1c9da3096b959/elements - {"using":"xpath","value":"//button[@data-kt=\"masterHOAddButton\"]"}
RESULT: {"using":"xpath","value":"//button[@data-kt=\"masterHOAddButton\"]"}
COMMAND: POST /session/a414a6ae85a434897fa1c9da3096b959/elements - {"using":"xpath","value":"//button[@data-kt=\"masterHOAddButton\"]"}
RESULT: {"using":"xpath","value":"//button[@data-kt=\"masterHOAddButton\"]"}
COMMAND: POST /session/a414a6ae85a434897fa1c9da3096b959/elements - {"using":"xpath","value":"//button[@data-kt=\"masterHOAddButton\"]"}
RESULT: {"using":"xpath","value":"//button[@data-kt=\"masterHOAddButton\"]"}
COMMAND: POST /session/a414a6ae85a434897fa1c9da3096b959/elements - {"using":"xpath","value":"//button[@data-kt=\"masterHOAddButton\"]"}
RESULT: {"using":"xpath","value":"//button[@data-kt=\"masterHOAddButton\"]"}
COMMAND: POST /session/a414a6ae85a434897fa1c9da3096b959/elements - {"using":"xpath","value":"//button[@data-kt=\"masterHOAddButton\"]"}
RESULT: {"using":"xpath","value":"//button[@data-kt=\"masterHOAddButton\"]"}
COMMAND: POST /session/a414a6ae85a434897fa1c9da3096b959/elements - {"using":"xpath","value":"//button[@data-kt=\"masterHOAddButton\"]"}
RESULT: {"using":"xpath","value":"//button[@data-kt=\"masterHOAddButton\"]"}
COMMAND: POST /session/a414a6ae85a434897fa1c9da3096b959/elements - {"using":"xpath","value":"//button[@data-kt=\"masterHOAddButton\"]"}
RESULT: {"using":"xpath","value":"//button[@data-kt=\"masterHOAddButton\"]"}
COMMAND: POST /session/a414a6ae85a434897fa1c9da3096b959/elements - {"using":"xpath","value":"//button[@data-kt=\"masterHOAddButton\"]"}
RESULT: {"using":"xpath","value":"//button[@data-kt=\"masterHOAddButton\"]"}
COMMAND: POST /session/a414a6ae85a434897fa1c9da3096b959/elements - {"using":"xpath","value":"//button[@data-kt=\"masterHOAddButton\"]"}
RESULT: {"using":"xpath","value":"//button[@data-kt=\"masterHOAddButton\"]"}
COMMAND: POST /session/a414a6ae85a434897fa1c9da3096b959/elements - {"using":"xpath","value":"//button[@data-kt=\"masterHOAddButton\"]"}
RESULT: {"using":"xpath","value":"//button[@data-kt=\"masterHOAddButton\"]"}
COMMAND: POST /session/a414a6ae85a434897fa1c9da3096b959/elements - {"using":"xpath","value":"//button[@data-kt=\"masterHOAddButton\"]"}
RESULT: {"using":"xpath","value":"//button[@data-kt=\"masterHOAddButton\"]"}
COMMAND: POST /session/a414a6ae85a434897fa1c9da3096b959/elements - {"using":"xpath","value":"//button[@data-kt=\"masterHOAddButton\"]"}
RESULT: {"using":"xpath","value":"//button[@data-kt=\"masterHOAddButton\"]"}
COMMAND: POST /session/a414a6ae85a434897fa1c9da3096b959/elements - {"using":"xpath","value":"//button[@data-kt=\"masterHOAddButton\"]"}
RESULT: {"using":"xpath","value":"//button[@data-kt=\"masterHOAddButton\"]"}
COMMAND: POST /session/a414a6ae85a434897fa1c9da3096b959/elements - {"using":"xpath","value":"//button[@data-kt=\"masterHOAddButton\"]"}
RESULT: {"using":"xpath","value":"//button[@data-kt=\"masterHOAddButton\"]"}
COMMAND: POST /session/a414a6ae85a434897fa1c9da3096b959/elements - {"using":"xpath","value":"//button[@data-kt=\"masterHOAddButton\"]"}
RESULT: {"using":"xpath","value":"//button[@data-kt=\"masterHOAddButton\"]"}
COMMAND: POST /session/a414a6ae85a434897fa1c9da3096b959/elements - {"using":"xpath","value":"//button[@data-kt=\"masterHOAddButton\"]"}
RESULT: {"using":"xpath","value":"//button[@data-kt=\"masterHOAddButton\"]"}
COMMAND: POST /session/a414a6ae85a434897fa1c9da3096b959/elements - {"using":"xpath","value":"//button[@data-kt=\"masterHOAddButton\"]"}
RESULT: {"using":"xpath","value":"//button[@data-kt=\"masterHOAddButton\"]"}
COMMAND: POST /session/a414a6ae85a434897fa1c9da3096b959/elements - {"using":"xpath","value":"//button[@data-kt=\"masterHOAddButton\"]"}
RESULT: {"using":"xpath","value":"//button[@data-kt=\"masterHOAddButton\"]"}
COMMAND: POST /session/a414a6ae85a434897fa1c9da3096b959/elements - {"using":"xpath","value":"//button[@data-kt=\"masterHOAddButton\"]"}
RESULT: {"using":"xpath","value":"//button[@data-kt=\"masterHOAddButton\"]"}
COMMAND: POST /session/a414a6ae85a434897fa1c9da3096b959/elements - {"using":"xpath","value":"//button[@data-kt=\"masterHOAddButton\"]"}
RESULT: {"using":"xpath","value":"//button[@data-kt=\"masterHOAddButton\"]"}
COMMAND: POST /session/a414a6ae85a434897fa1c9da3096b959/elements - {"using":"xpath","value":"//button[@data-kt=\"masterHOAddButton\"]"}
RESULT: {"using":"xpath","value":"//button[@data-kt=\"masterHOAddButton\"]"}
COMMAND: POST /session/a414a6ae85a434897fa1c9da3096b959/elements - {"using":"xpath","value":"//button[@data-kt=\"masterHOAddButton\"]"}
RESULT: {"using":"xpath","value":"//button[@data-kt=\"masterHOAddButton\"]"}
COMMAND: POST /session/a414a6ae85a434897fa1c9da3096b959/elements - {"using":"xpath","value":"//button[@data-kt=\"masterHOAddButton\"]"}
RESULT: {"using":"xpath","value":"//button[@data-kt=\"masterHOAddButton\"]"}
COMMAND: POST /session/a414a6ae85a434897fa1c9da3096b959/elements - {"using":"xpath","value":"//button[@data-kt=\"masterHOAddButton\"]"}
RESULT: {"using":"xpath","value":"//button[@data-kt=\"masterHOAddButton\"]"}
COMMAND: POST /session/a414a6ae85a434897fa1c9da3096b959/elements - {"using":"xpath","value":"//button[@data-kt=\"masterHOAddButton\"]"}
RESULT: {"using":"xpath","value":"//button[@data-kt=\"masterHOAddButton\"]"}
COMMAND: POST /session/a414a6ae85a434897fa1c9da3096b959/elements - {"using":"xpath","value":"//button[@data-kt=\"masterHOAddButton\"]"}
RESULT: {"using":"xpath","value":"//button[@data-kt=\"masterHOAddButton\"]"}
COMMAND: POST /session/a414a6ae85a434897fa1c9da3096b959/elements - {"using":"xpath","value":"//button[@data-kt=\"masterHOAddButton\"]"}
RESULT: {"using":"xpath","value":"//button[@data-kt=\"masterHOAddButton\"]"}
COMMAND: POST /session/a414a6ae85a434897fa1c9da3096b959/elements - {"using":"xpath","value":"//button[@data-kt=\"masterHOAddButton\"]"}
RESULT: {"using":"xpath","value":"//button[@data-kt=\"masterHOAddButton\"]"}
COMMAND: POST /session/a414a6ae85a434897fa1c9da3096b959/elements - {"using":"xpath","value":"//button[@data-kt=\"masterHOAddButton\"]"}
RESULT: {"using":"xpath","value":"//button[@data-kt=\"masterHOAddButton\"]"}
COMMAND: POST /session/a414a6ae85a434897fa1c9da3096b959/elements - {"using":"xpath","value":"//button[@data-kt=\"masterHOAddButton\"]"}
RESULT: {"using":"xpath","value":"//button[@data-kt=\"masterHOAddButton\"]"}
COMMAND: POST /session/a414a6ae85a434897fa1c9da3096b959/elements - {"using":"xpath","value":"//button[@data-kt=\"masterHOAddButton\"]"}
RESULT: {"using":"xpath","value":"//button[@data-kt=\"masterHOAddButton\"]"}
COMMAND: POST /session/a414a6ae85a434897fa1c9da3096b959/elements - {"using":"xpath","value":"//button[@data-kt=\"masterHOAddButton\"]"}
RESULT: {"using":"xpath","value":"//button[@data-kt=\"masterHOAddButton\"]"}
COMMAND: POST /session/a414a6ae85a434897fa1c9da3096b959/elements - {"using":"xpath","value":"//button[@data-kt=\"masterHOAddButton\"]"}
RESULT: {"using":"xpath","value":"//button[@data-kt=\"masterHOAddButton\"]"}
COMMAND: POST /session/a414a6ae85a434897fa1c9da3096b959/elements - {"using":"xpath","value":"//button[@data-kt=\"masterHOAddButton\"]"}
RESULT: {"using":"xpath","value":"//button[@data-kt=\"masterHOAddButton\"]"}
COMMAND: POST /session/a414a6ae85a434897fa1c9da3096b959/elements - {"using":"xpath","value":"//button[@data-kt=\"masterHOAddButton\"]"}
RESULT: {"using":"xpath","value":"//button[@data-kt=\"masterHOAddButton\"]"}
COMMAND: POST /session/a414a6ae85a434897fa1c9da3096b959/elements - {"using":"xpath","value":"//button[@data-kt=\"masterHOAddButton\"]"}
RESULT: {"using":"xpath","value":"//button[@data-kt=\"masterHOAddButton\"]"}
COMMAND: POST /session/a414a6ae85a434897fa1c9da3096b959/elements - {"using":"xpath","value":"//button[@data-kt=\"masterHOAddButton\"]"}
RESULT: {"using":"xpath","value":"//button[@data-kt=\"masterHOAddButton\"]"}
COMMAND: POST /session/a414a6ae85a434897fa1c9da3096b959/elements - {"using":"xpath","value":"//button[@data-kt=\"masterHOAddButton\"]"}
RESULT: {"using":"xpath","value":"//button[@data-kt=\"masterHOAddButton\"]"}
COMMAND: POST /session/a414a6ae85a434897fa1c9da3096b959/elements - {"using":"xpath","value":"//button[@data-kt=\"masterHOAddButton\"]"}
RESULT: {"using":"xpath","value":"//button[@data-kt=\"masterHOAddButton\"]"}
COMMAND: POST /session/a414a6ae85a434897fa1c9da3096b959/elements - {"using":"xpath","value":"//button[@data-kt=\"masterHOAddButton\"]"}
RESULT: {"using":"xpath","value":"//button[@data-kt=\"masterHOAddButton\"]"}
COMMAND: POST /session/a414a6ae85a434897fa1c9da3096b959/elements - {"using":"xpath","value":"//button[@data-kt=\"masterHOAddButton\"]"}
RESULT: {"using":"xpath","value":"//button[@data-kt=\"masterHOAddButton\"]"}
COMMAND: POST /session/a414a6ae85a434897fa1c9da3096b959/elements - {"using":"xpath","value":"//button[@data-kt=\"masterHOAddButton\"]"}
RESULT: {"using":"xpath","value":"//button[@data-kt=\"masterHOAddButton\"]"}
COMMAND: POST /session/a414a6ae85a434897fa1c9da3096b959/elements - {"using":"xpath","value":"//button[@data-kt=\"masterHOAddButton\"]"}
RESULT: {"using":"xpath","value":"//button[@data-kt=\"masterHOAddButton\"]"}
COMMAND: POST /session/a414a6ae85a434897fa1c9da3096b959/elements - {"using":"xpath","value":"//button[@data-kt=\"masterHOAddButton\"]"}
RESULT: {"using":"xpath","value":"//button[@data-kt=\"masterHOAddButton\"]"}
COMMAND: POST /session/a414a6ae85a434897fa1c9da3096b959/elements - {"using":"xpath","value":"//button[@data-kt=\"masterHOAddButton\"]"}
RESULT: {"using":"xpath","value":"//button[@data-kt=\"masterHOAddButton\"]"}
COMMAND: POST /session/a414a6ae85a434897fa1c9da3096b959/elements - {"using":"xpath","value":"//button[@data-kt=\"masterHOAddButton\"]"}
RESULT: {"using":"xpath","value":"//button[@data-kt=\"masterHOAddButton\"]"}
COMMAND: POST /session/a414a6ae85a434897fa1c9da3096b959/elements - {"using":"xpath","value":"//button[@data-kt=\"masterHOAddButton\"]"}
RESULT: {"using":"xpath","value":"//button[@data-kt=\"masterHOAddButton\"]"}
COMMAND: POST /session/a414a6ae85a434897fa1c9da3096b959/elements - {"using":"xpath","value":"//button[@data-kt=\"masterHOAddButton\"]"}
RESULT: {"using":"xpath","value":"//button[@data-kt=\"masterHOAddButton\"]"}
COMMAND: POST /session/a414a6ae85a434897fa1c9da3096b959/elements - {"using":"xpath","value":"//button[@data-kt=\"masterHOAddButton\"]"}
RESULT: {"using":"xpath","value":"//button[@data-kt=\"masterHOAddButton\"]"}
COMMAND: POST /session/a414a6ae85a434897fa1c9da3096b959/elements - {"using":"xpath","value":"//button[@data-kt=\"masterHOAddButton\"]"}
RESULT: {"using":"xpath","value":"//button[@data-kt=\"masterHOAddButton\"]"}
COMMAND: POST /session/a414a6ae85a434897fa1c9da3096b959/elements - {"using":"xpath","value":"//button[@data-kt=\"masterHOAddButton\"]"}
RESULT: {"using":"xpath","value":"//button[@data-kt=\"masterHOAddButton\"]"}
COMMAND: POST /session/a414a6ae85a434897fa1c9da3096b959/elements - {"using":"xpath","value":"//button[@data-kt=\"masterHOAddButton\"]"}
RESULT: {"using":"xpath","value":"//button[@data-kt=\"masterHOAddButton\"]"}
COMMAND: POST /session/a414a6ae85a434897fa1c9da3096b959/elements - {"using":"xpath","value":"//button[@data-kt=\"masterHOAddButton\"]"}
RESULT: {"using":"xpath","value":"//button[@data-kt=\"masterHOAddButton\"]"}
COMMAND: POST /session/a414a6ae85a434897fa1c9da3096b959/elements - {"using":"xpath","value":"//button[@data-kt=\"masterHOAddButton\"]"}
RESULT: {"using":"xpath","value":"//button[@data-kt=\"masterHOAddButton\"]"}
COMMAND: POST /session/a414a6ae85a434897fa1c9da3096b959/elements - {"using":"xpath","value":"//button[@data-kt=\"masterHOAddButton\"]"}
RESULT: {"using":"xpath","value":"//button[@data-kt=\"masterHOAddButton\"]"}
COMMAND: POST /session/a414a6ae85a434897fa1c9da3096b959/elements - {"using":"xpath","value":"//button[@data-kt=\"masterHOAddButton\"]"}
RESULT: {"using":"xpath","value":"//button[@data-kt=\"masterHOAddButton\"]"}
COMMAND: POST /session/a414a6ae85a434897fa1c9da3096b959/elements - {"using":"xpath","value":"//button[@data-kt=\"masterHOAddButton\"]"}
RESULT: {"using":"xpath","value":"//button[@data-kt=\"masterHOAddButton\"]"}
COMMAND: POST /session/a414a6ae85a434897fa1c9da3096b959/elements - {"using":"xpath","value":"//button[@data-kt=\"masterHOAddButton\"]"}
RESULT: {"using":"xpath","value":"//button[@data-kt=\"masterHOAddButton\"]"}
COMMAND: POST /session/a414a6ae85a434897fa1c9da3096b959/elements - {"using":"xpath","value":"//button[@data-kt=\"masterHOAddButton\"]"}
RESULT: {"using":"xpath","value":"//button[@data-kt=\"masterHOAddButton\"]"}
COMMAND: POST /session/a414a6ae85a434897fa1c9da3096b959/elements - {"using":"xpath","value":"//button[@data-kt=\"masterHOAddButton\"]"}
RESULT: {"using":"xpath","value":"//button[@data-kt=\"masterHOAddButton\"]"}
COMMAND: POST /session/a414a6ae85a434897fa1c9da3096b959/elements - {"using":"xpath","value":"//button[@data-kt=\"masterHOAddButton\"]"}
RESULT: {"using":"xpath","value":"//button[@data-kt=\"masterHOAddButton\"]"}
COMMAND: POST /session/a414a6ae85a434897fa1c9da3096b959/elements - {"using":"xpath","value":"//button[@data-kt=\"masterHOAddButton\"]"}
RESULT: {"using":"xpath","value":"//button[@data-kt=\"masterHOAddButton\"]"}
COMMAND: GET /session/a414a6ae85a434897fa1c9da3096b959/screenshot - {}
RESULT: {}
COMMAND: GET /session/a414a6ae85a434897fa1c9da3096b959/screenshot - {}
COMMAND: GET /session/a414a6ae85a434897fa1c9da3096b959/screenshot - {}
COMMAND: POST /session/a414a6ae85a434897fa1c9da3096b959/element - {"using":"css selector","value":"#j_username"}
COMMAND: POST /session/a414a6ae85a434897fa1c9da3096b959/url - {"url":"https://qa-testing-00-live-etm-ui.cfapps.eu10-004.hana.ondemand.com/"}
RESULT: {}
RESULT: {}
RESULT: {"using":"css selector","value":"#j_username"}
COMMAND: POST /session/a414a6ae85a434897fa1c9da3096b959/element - {"using":"css selector","value":"#j_username"}
RESULT: {"url":"https://qa-testing-00-live-etm-ui.cfapps.eu10-004.hana.ondemand.com/"}
RESULT: undefined
COMMAND: GET /session/a414a6ae85a434897fa1c9da3096b959/screenshot - {}
RESULT: {"using":"css selector","value":"#j_username"}
COMMAND: POST /session/a414a6ae85a434897fa1c9da3096b959/element - {"using":"css selector","value":"#shell-header-logo"}
RESULT: {}
RESULT: {"using":"css selector","value":"#shell-header-logo"}
COMMAND: POST /session/a414a6ae85a434897fa1c9da3096b959/execute/sync - {"script":"<script> [8489 bytes]","args":[{"element-6066-11e4-a52e-4f735466cecf":"f.63F842937ABE5650621AFC3910BCBB57.d.A8376CC3F8A1A3678132DABA6FF861F9.e.1471","ELEMENT":"f.63F842937ABE5650621AFC3910BCBB57.d.A8376CC3F8A1A3678132DABA6FF861F9.e.1471"}]}
RESULT: {"script":"<script> [8489 bytes]","args":[{"element-6066-11e4-a52e-4f735466cecf":"f.63F842937ABE5650621AFC3910BCBB57.d.A8376CC3F8A1A3678132DABA6FF861F9.e.1471","ELEMENT":"f.63F842937ABE5650621AFC3910BCBB57.d.A8376CC3F8A1A3678132DABA6FF861F9.e.1471"}]}
COMMAND: POST /session/a414a6ae85a434897fa1c9da3096b959/element - {"using":"css selector","value":"#shell-header-logo"}
COMMAND: GET /session/a414a6ae85a434897fa1c9da3096b959/screenshot - {}
RESULT: {"using":"css selector","value":"#shell-header-logo"}
COMMAND: POST /session/a414a6ae85a434897fa1c9da3096b959/execute/sync - {"script":"<script> [8489 bytes]","args":[{"element-6066-11e4-a52e-4f735466cecf":"f.63F842937ABE5650621AFC3910BCBB57.d.A8376CC3F8A1A3678132DABA6FF861F9.e.1471","ELEMENT":"f.63F842937ABE5650621AFC3910BCBB57.d.A8376CC3F8A1A3678132DABA6FF861F9.e.1471"}]}
RESULT: {}
RESULT: {"script":"<script> [8489 bytes]","args":[{"element-6066-11e4-a52e-4f735466cecf":"f.63F842937ABE5650621AFC3910BCBB57.d.A8376CC3F8A1A3678132DABA6FF861F9.e.1471","ELEMENT":"f.63F842937ABE5650621AFC3910BCBB57.d.A8376CC3F8A1A3678132DABA6FF861F9.e.1471"}]}
COMMAND: POST /session/a414a6ae85a434897fa1c9da3096b959/execute/sync - {"script":"<script> [5351 bytes]","args":[{"element-6066-11e4-a52e-4f735466cecf":"f.63F842937ABE5650621AFC3910BCBB57.d.A8376CC3F8A1A3678132DABA6FF861F9.e.1471","ELEMENT":"f.63F842937ABE5650621AFC3910BCBB57.d.A8376CC3F8A1A3678132DABA6FF861F9.e.1471"}]}
COMMAND: GET /session/a414a6ae85a434897fa1c9da3096b959/screenshot - {}
RESULT: {"script":"<script> [5351 bytes]","args":[{"element-6066-11e4-a52e-4f735466cecf":"f.63F842937ABE5650621AFC3910BCBB57.d.A8376CC3F8A1A3678132DABA6FF861F9.e.1471","ELEMENT":"f.63F842937ABE5650621AFC3910BCBB57.d.A8376CC3F8A1A3678132DABA6FF861F9.e.1471"}]}
COMMAND: POST /session/a414a6ae85a434897fa1c9da3096b959/element - {"using":"css selector","value":"#shell-header-logo"}
COMMAND: GET /session/a414a6ae85a434897fa1c9da3096b959/screenshot - {}
RESULT: {}
RESULT: {"using":"css selector","value":"#shell-header-logo"}
COMMAND: POST /session/a414a6ae85a434897fa1c9da3096b959/element/f.63F842937ABE5650621AFC3910BCBB57.d.A8376CC3F8A1A3678132DABA6FF861F9.e.1471/click - {}
RESULT: {}
RESULT: {}
COMMAND: GET /session/a414a6ae85a434897fa1c9da3096b959/screenshot - {}
RESULT: {}
COMMAND: POST /session/a414a6ae85a434897fa1c9da3096b959/execute/async - {"script":"<script> [189 bytes]","args":[]}
RESULT: {"script":"<script> [189 bytes]","args":[]}
COMMAND: POST /session/a414a6ae85a434897fa1c9da3096b959/execute/async - {"script":"<script> [123 bytes]","args":[]}
RESULT: {"script":"<script> [123 bytes]","args":[]}
COMMAND: POST /session/a414a6ae85a434897fa1c9da3096b959/timeouts - {"script":"<number>"}
RESULT: {"script":"<number>"}
COMMAND: GET /session/a414a6ae85a434897fa1c9da3096b959/timeouts - {}
RESULT: {}
RESULT: undefined
COMMAND: POST /session/a414a6ae85a434897fa1c9da3096b959/execute/async - {"script":"<script> [2676 bytes]","args":[]}
RESULT: {"script":"<script> [2676 bytes]","args":[]}
COMMAND: POST /session/a414a6ae85a434897fa1c9da3096b959/execute/async - {"script":"<script> [2342 bytes]","args":[{"protocol":"http","hostname":"0.0.0.0","path":"/","capabilities":{"browserName":"chrome","goog:chromeOptions":{"binary":"C:\\Program Files\\Google\\Chrome\\Application\\chrome.exe","args":["--start-maximized"]}},"logLevel":"warn","connectionRetryTimeout":120000,"connectionRetryCount":3,"logLevels":{},"enableDirectConnect":true,"strictSSL":true,"_":"65 more keys: [\"cacheDir\",\"port\",\"requestedCapabilities\",\"automationProtocol\",\"baseUrl\",\"waitforInterval\",\"waitforTimeout\",\"onReload\",\"beforeCommand\",\"afterCommand\",\"rootDir\",\"specs\",\"suites\",\"exclude\",\"groupLogsByTestSpec\",\"excludeDriverLogs\",\"bail\",\"framework\",\"reporters\",\"services\",\"maxInstances\",\"maxInstancesPerCapability\",\"injectGlobals\",\"filesToWatch\",\"execArgv\",\"runnerEnv\",\"runner\",\"shard\",\"specFileRetries\",\"specFileRetriesDelay\",\"specFileRetriesDeferred\",\"reporterSyncInterval\",\"reporterSyncTimeout\",\"cucumberFeaturesWithLineNumbers\",\"autoCompileOpts\",\"mochaOpts\",\"jasmineOpts\",\"cucumberOpts\",\"onPrepare\",\"onWorkerStart\",\"onWorkerEnd\",\"before\",\"beforeSession\",\"beforeSuite\",\"beforeHook\",\"beforeTest\",\"afterTest\",\"afterHook\",\"afterSuite\",\"afterSession\",\"after\",\"onComplete\",\"beforeAssertion\",\"afterAssertion\",\"beforeFeature\",\"beforeScenario\",\"beforeStep\",\"afterStep\",\"afterScenario\",\"afterFeature\",\"_\",\"suite\",\"$0\",\"ignoredWorkerServices\",\"wdi5\"]"}]}
RESULT: {"script":"<script> [2342 bytes]","args":[{"protocol":"http","hostname":"0.0.0.0","path":"/","capabilities":{"browserName":"chrome","goog:chromeOptions":{"binary":"C:\\Program Files\\Google\\Chrome\\Application\\chrome.exe","args":["--start-maximized"]}},"logLevel":"warn","connectionRetryTimeout":120000,"connectionRetryCount":3,"logLevels":{},"enableDirectConnect":true,"strictSSL":true,"_":"65 more keys: [\"cacheDir\",\"port\",\"requestedCapabilities\",\"automationProtocol\",\"baseUrl\",\"waitforInterval\",\"waitforTimeout\",\"onReload\",\"beforeCommand\",\"afterCommand\",\"rootDir\",\"specs\",\"suites\",\"exclude\",\"groupLogsByTestSpec\",\"excludeDriverLogs\",\"bail\",\"framework\",\"reporters\",\"services\",\"maxInstances\",\"maxInstancesPerCapability\",\"injectGlobals\",\"filesToWatch\",\"execArgv\",\"runnerEnv\",\"runner\",\"shard\",\"specFileRetries\",\"specFileRetriesDelay\",\"specFileRetriesDeferred\",\"reporterSyncInterval\",\"reporterSyncTimeout\",\"cucumberFeaturesWithLineNumbers\",\"autoCompileOpts\",\"mochaOpts\",\"jasmineOpts\",\"cucumberOpts\",\"onPrepare\",\"onWorkerStart\",\"onWorkerEnd\",\"before\",\"beforeSession\",\"beforeSuite\",\"beforeHook\",\"beforeTest\",\"afterTest\",\"afterHook\",\"afterSuite\",\"afterSession\",\"after\",\"onComplete\",\"beforeAssertion\",\"afterAssertion\",\"beforeFeature\",\"beforeScenario\",\"beforeStep\",\"afterStep\",\"afterScenario\",\"afterFeature\",\"_\",\"suite\",\"$0\",\"ignoredWorkerServices\",\"wdi5\"]"}]}
COMMAND: POST /session/a414a6ae85a434897fa1c9da3096b959/execute/async - {"script":"<script> [21126 bytes]","args":[35000]}
RESULT: {"script":"<script> [21126 bytes]","args":[35000]}
COMMAND: POST /session/a414a6ae85a434897fa1c9da3096b959/window/maximize - {}
RESULT: {}
COMMAND: POST /session/a414a6ae85a434897fa1c9da3096b959/execute/async - {"script":"<script> [1562 bytes]","args":[{"selector":{"id":"shell-header","interaction":{"idSuffix":"icon"}},"wdio_ui5_key":"shellheader"}]}
COMMAND: GET /session/a414a6ae85a434897fa1c9da3096b959/screenshot - {}
RESULT: {"script":"<script> [1562 bytes]","args":[{"selector":{"id":"shell-header","interaction":{"idSuffix":"icon"}},"wdio_ui5_key":"shellheader"}]}
RESULT: undefined
COMMAND: POST /session/a414a6ae85a434897fa1c9da3096b959/window/fullscreen - {}
RESULT: {}
RESULT: {}
]]></system-out>
      <system-err><![CDATA[
Error: element ("//button[@data-kt="masterHOAddButton"]") still not existing after 45000ms
    at async UtilsPrerequisites.stockIncrease (D:\a\1\s\test\specs\BTS\prerequisites-and-utils-functions.js:1606:9)
    at async Context.<anonymous> (D:\a\1\s\test\specs\HTR\stock-increase.spec.js:105:9)
]]></system-err>
    </testcase>
  </testsuite>
  <testsuite timestamp="2025-05-30T16:26:41" time="521.62" tests="6" failures="0" errors="0" skipped="0">
    <properties>
      <property name="specId" value="0"/>
      <property name="suiteName" value="Provide to Site w/ warehouse management w/ clarification US115878"/>
      <property name="capabilities" value="chrome.136_0_7103_93.windows"/>
      <property name="file" value="file:///D:/a/1/s/test/specs/HTR/provide-to-site-w-warehouse-w-clarification.spec.js"/>
    </properties>
    <testcase classname="chrome.136_0_7103_93.windows.Provide_to_Site_w/_warehouse_management_w/_clarification_US115878" name="Should create a new WHM yard" time="0.015">
      <system-out><![CDATA[
COMMAND: POST /session/a414a6ae85a434897fa1c9da3096b959/window/fullscreen - {}
RESULT: {}
]]></system-out>
    </testcase>
    <testcase classname="chrome.136_0_7103_93.windows.Provide_to_Site_w/_warehouse_management_w/_clarification_US115878" name="Should create a new external WHM partner" time="113.067">
      <system-out><![CDATA[
COMMAND: POST /session/a414a6ae85a434897fa1c9da3096b959/window/fullscreen - {}
RESULT: {}
COMMAND: POST /session/a414a6ae85a434897fa1c9da3096b959/execute/async - {"script":"<script> [1562 bytes]","args":[{"selector":{"controlType":"sap.m.GenericTile","properties":{"header":"Manage Partners"}},"wdio_ui5_key":"sapm.GenericTile{\"header\":\"Manage Partners\"}"}]}
RESULT: {"script":"<script> [1562 bytes]","args":[{"selector":{"controlType":"sap.m.GenericTile","properties":{"header":"Manage Partners"}},"wdio_ui5_key":"sapm.GenericTile{\"header\":\"Manage Partners\"}"}]}
RESULT: undefined
COMMAND: POST /session/a414a6ae85a434897fa1c9da3096b959/element - {"using":"xpath","value":"//*[@id=\"__tile30\"]"}
RESULT: {"using":"xpath","value":"//*[@id=\"__tile30\"]"}
COMMAND: POST /session/a414a6ae85a434897fa1c9da3096b959/element/f.63F842937ABE5650621AFC3910BCBB57.d.A8376CC3F8A1A3678132DABA6FF861F9.e.1496/click - {}
RESULT: {}
COMMAND: GET /session/a414a6ae85a434897fa1c9da3096b959/screenshot - {}
RESULT: {}
COMMAND: POST /session/a414a6ae85a434897fa1c9da3096b959/elements - {"using":"xpath","value":"//span[text()='Error']"}
RESULT: {"using":"xpath","value":"//span[text()='Error']"}
COMMAND: POST /session/a414a6ae85a434897fa1c9da3096b959/element - {"using":"xpath","value":"//button[@data-kt=\"addButton\"]"}
RESULT: {"using":"xpath","value":"//button[@data-kt=\"addButton\"]"}
COMMAND: POST /session/a414a6ae85a434897fa1c9da3096b959/elements - {"using":"xpath","value":"//button[@data-kt=\"addButton\"]"}
RESULT: {"using":"xpath","value":"//button[@data-kt=\"addButton\"]"}
COMMAND: POST /session/a414a6ae85a434897fa1c9da3096b959/elements - {"using":"xpath","value":"//button[@data-kt=\"addButton\"]"}
RESULT: {"using":"xpath","value":"//button[@data-kt=\"addButton\"]"}
COMMAND: POST /session/a414a6ae85a434897fa1c9da3096b959/element - {"using":"xpath","value":"//button[@data-kt=\"addButton\"]"}
RESULT: {"using":"xpath","value":"//button[@data-kt=\"addButton\"]"}
COMMAND: POST /session/a414a6ae85a434897fa1c9da3096b959/execute/sync - {"script":"<script> [8489 bytes]","args":[{"element-6066-11e4-a52e-4f735466cecf":"f.63F842937ABE5650621AFC3910BCBB57.d.A8376CC3F8A1A3678132DABA6FF861F9.e.1632","ELEMENT":"f.63F842937ABE5650621AFC3910BCBB57.d.A8376CC3F8A1A3678132DABA6FF861F9.e.1632"}]}
RESULT: {"script":"<script> [8489 bytes]","args":[{"element-6066-11e4-a52e-4f735466cecf":"f.63F842937ABE5650621AFC3910BCBB57.d.A8376CC3F8A1A3678132DABA6FF861F9.e.1632","ELEMENT":"f.63F842937ABE5650621AFC3910BCBB57.d.A8376CC3F8A1A3678132DABA6FF861F9.e.1632"}]}
COMMAND: GET /session/a414a6ae85a434897fa1c9da3096b959/element/f.63F842937ABE5650621AFC3910BCBB57.d.A8376CC3F8A1A3678132DABA6FF861F9.e.1632/enabled - {}
COMMAND: GET /session/a414a6ae85a434897fa1c9da3096b959/screenshot - {}
RESULT: {}
COMMAND: POST /session/a414a6ae85a434897fa1c9da3096b959/execute/sync - {"script":"<script> [8489 bytes]","args":[{"element-6066-11e4-a52e-4f735466cecf":"f.63F842937ABE5650621AFC3910BCBB57.d.A8376CC3F8A1A3678132DABA6FF861F9.e.1632","ELEMENT":"f.63F842937ABE5650621AFC3910BCBB57.d.A8376CC3F8A1A3678132DABA6FF861F9.e.1632"}]}
COMMAND: GET /session/a414a6ae85a434897fa1c9da3096b959/screenshot - {}
RESULT: {}
RESULT: {"script":"<script> [8489 bytes]","args":[{"element-6066-11e4-a52e-4f735466cecf":"f.63F842937ABE5650621AFC3910BCBB57.d.A8376CC3F8A1A3678132DABA6FF861F9.e.1632","ELEMENT":"f.63F842937ABE5650621AFC3910BCBB57.d.A8376CC3F8A1A3678132DABA6FF861F9.e.1632"}]}
COMMAND: POST /session/a414a6ae85a434897fa1c9da3096b959/execute/sync - {"script":"<script> [5351 bytes]","args":[{"element-6066-11e4-a52e-4f735466cecf":"f.63F842937ABE5650621AFC3910BCBB57.d.A8376CC3F8A1A3678132DABA6FF861F9.e.1632","ELEMENT":"f.63F842937ABE5650621AFC3910BCBB57.d.A8376CC3F8A1A3678132DABA6FF861F9.e.1632"}]}
COMMAND: GET /session/a414a6ae85a434897fa1c9da3096b959/screenshot - {}
RESULT: {}
RESULT: {}
RESULT: {"script":"<script> [5351 bytes]","args":[{"element-6066-11e4-a52e-4f735466cecf":"f.63F842937ABE5650621AFC3910BCBB57.d.A8376CC3F8A1A3678132DABA6FF861F9.e.1632","ELEMENT":"f.63F842937ABE5650621AFC3910BCBB57.d.A8376CC3F8A1A3678132DABA6FF861F9.e.1632"}]}
COMMAND: POST /session/a414a6ae85a434897fa1c9da3096b959/element/f.63F842937ABE5650621AFC3910BCBB57.d.A8376CC3F8A1A3678132DABA6FF861F9.e.1632/click - {}
COMMAND: GET /session/a414a6ae85a434897fa1c9da3096b959/screenshot - {}
RESULT: {}
COMMAND: GET /session/a414a6ae85a434897fa1c9da3096b959/screenshot - {}
COMMAND: POST /session/a414a6ae85a434897fa1c9da3096b959/execute/async - {"script":"<script> [1562 bytes]","args":[{"selector":{"id":"application-managepartners-display-component---NewPartner--addressDetailDetailsName1","interaction":{"idSuffix":"inner"}},"wdio_ui5_key":"applicationmanagepartners-display-component---NewPartner--addressDetailDetailsName1"}]}
RESULT: {}
RESULT: {}
RESULT: {"script":"<script> [1562 bytes]","args":[{"selector":{"id":"application-managepartners-display-component---NewPartner--addressDetailDetailsName1","interaction":{"idSuffix":"inner"}},"wdio_ui5_key":"applicationmanagepartners-display-component---NewPartner--addressDetailDetailsName1"}]}
RESULT: undefined
COMMAND: POST /session/a414a6ae85a434897fa1c9da3096b959/execute/async - {"script":"<script> [776 bytes]","args":[{"enterText":"External Partner WDIO","selector":{"id":"application-managepartners-display-component---NewPartner--addressDetailDetailsName1","interaction":{"idSuffix":"inner"}},"clearTextFirst":true,"interactionType":"ENTER_TEXT"}]}
RESULT: {"script":"<script> [776 bytes]","args":[{"enterText":"External Partner WDIO","selector":{"id":"application-managepartners-display-component---NewPartner--addressDetailDetailsName1","interaction":{"idSuffix":"inner"}},"clearTextFirst":true,"interactionType":"ENTER_TEXT"}]}
COMMAND: POST /session/a414a6ae85a434897fa1c9da3096b959/execute/async - {"script":"<script> [1562 bytes]","args":[{"selector":{"id":"application-managepartners-display-component---NewPartner--addressDetailDetailsLanguage-arrow"},"wdio_ui5_key":"applicationmanagepartners-display-component---NewPartner--addressDetailDetailsLanguage-arrow"}]}
RESULT: {"script":"<script> [1562 bytes]","args":[{"selector":{"id":"application-managepartners-display-component---NewPartner--addressDetailDetailsLanguage-arrow"},"wdio_ui5_key":"applicationmanagepartners-display-component---NewPartner--addressDetailDetailsLanguage-arrow"}]}
RESULT: undefined
COMMAND: POST /session/a414a6ae85a434897fa1c9da3096b959/element - {"using":"xpath","value":"//*[@id=\"application-managepartners-display-component---NewPartner--addressDetailDetailsLanguage-arrow\"]"}
RESULT: {"using":"xpath","value":"//*[@id=\"application-managepartners-display-component---NewPartner--addressDetailDetailsLanguage-arrow\"]"}
COMMAND: POST /session/a414a6ae85a434897fa1c9da3096b959/element/f.63F842937ABE5650621AFC3910BCBB57.d.A8376CC3F8A1A3678132DABA6FF861F9.e.2080/click - {}
RESULT: {}
COMMAND: POST /session/a414a6ae85a434897fa1c9da3096b959/element - {"using":"xpath","value":"//span[contains(text(), \"English\")]"}
COMMAND: GET /session/a414a6ae85a434897fa1c9da3096b959/screenshot - {}
RESULT: {"using":"xpath","value":"//span[contains(text(), \"English\")]"}
COMMAND: POST /session/a414a6ae85a434897fa1c9da3096b959/element/f.63F842937ABE5650621AFC3910BCBB57.d.A8376CC3F8A1A3678132DABA6FF861F9.e.2081/click - {}
RESULT: {}
RESULT: {}
COMMAND: GET /session/a414a6ae85a434897fa1c9da3096b959/screenshot - {}
RESULT: {}
COMMAND: POST /session/a414a6ae85a434897fa1c9da3096b959/execute/async - {"script":"<script> [1562 bytes]","args":[{"selector":{"id":"application-managepartners-display-component---NewPartner--addressDetailDetailsCity1","interaction":{"idSuffix":"inner"}},"wdio_ui5_key":"applicationmanagepartners-display-component---NewPartner--addressDetailDetailsCity1"}]}
RESULT: {"script":"<script> [1562 bytes]","args":[{"selector":{"id":"application-managepartners-display-component---NewPartner--addressDetailDetailsCity1","interaction":{"idSuffix":"inner"}},"wdio_ui5_key":"applicationmanagepartners-display-component---NewPartner--addressDetailDetailsCity1"}]}
RESULT: undefined
COMMAND: POST /session/a414a6ae85a434897fa1c9da3096b959/execute/async - {"script":"<script> [776 bytes]","args":[{"enterText":"Rosario","selector":{"id":"application-managepartners-display-component---NewPartner--addressDetailDetailsCity1","interaction":{"idSuffix":"inner"}},"clearTextFirst":true,"interactionType":"ENTER_TEXT"}]}
RESULT: {"script":"<script> [776 bytes]","args":[{"enterText":"Rosario","selector":{"id":"application-managepartners-display-component---NewPartner--addressDetailDetailsCity1","interaction":{"idSuffix":"inner"}},"clearTextFirst":true,"interactionType":"ENTER_TEXT"}]}
COMMAND: POST /session/a414a6ae85a434897fa1c9da3096b959/execute/async - {"script":"<script> [1562 bytes]","args":[{"selector":{"id":"application-managepartners-display-component---NewPartner--addressDetailDetailsCountry-arrow"},"wdio_ui5_key":"applicationmanagepartners-display-component---NewPartner--addressDetailDetailsCountry-arrow"}]}
RESULT: {"script":"<script> [1562 bytes]","args":[{"selector":{"id":"application-managepartners-display-component---NewPartner--addressDetailDetailsCountry-arrow"},"wdio_ui5_key":"applicationmanagepartners-display-component---NewPartner--addressDetailDetailsCountry-arrow"}]}
RESULT: undefined
COMMAND: POST /session/a414a6ae85a434897fa1c9da3096b959/element - {"using":"xpath","value":"//*[@id=\"application-managepartners-display-component---NewPartner--addressDetailDetailsCountry-arrow\"]"}
RESULT: {"using":"xpath","value":"//*[@id=\"application-managepartners-display-component---NewPartner--addressDetailDetailsCountry-arrow\"]"}
COMMAND: POST /session/a414a6ae85a434897fa1c9da3096b959/element/f.63F842937ABE5650621AFC3910BCBB57.d.A8376CC3F8A1A3678132DABA6FF861F9.e.2044/click - {}
RESULT: {}
COMMAND: POST /session/a414a6ae85a434897fa1c9da3096b959/element - {"using":"xpath","value":"//span[contains(text(), \"Argentina\")]"}
COMMAND: GET /session/a414a6ae85a434897fa1c9da3096b959/screenshot - {}
RESULT: {"using":"xpath","value":"//span[contains(text(), \"Argentina\")]"}
COMMAND: POST /session/a414a6ae85a434897fa1c9da3096b959/element/f.63F842937ABE5650621AFC3910BCBB57.d.A8376CC3F8A1A3678132DABA6FF861F9.e.2083/click - {}
RESULT: {}
RESULT: {}
COMMAND: GET /session/a414a6ae85a434897fa1c9da3096b959/screenshot - {}
RESULT: {}
COMMAND: POST /session/a414a6ae85a434897fa1c9da3096b959/element - {"using":"xpath","value":"//bdi[contains(text(), \"Commercial\")]"}
RESULT: {"using":"xpath","value":"//bdi[contains(text(), \"Commercial\")]"}
COMMAND: POST /session/a414a6ae85a434897fa1c9da3096b959/element/f.63F842937ABE5650621AFC3910BCBB57.d.A8376CC3F8A1A3678132DABA6FF861F9.e.2084/click - {}
RESULT: {}
COMMAND: GET /session/a414a6ae85a434897fa1c9da3096b959/screenshot - {}
COMMAND: POST /session/a414a6ae85a434897fa1c9da3096b959/execute/async - {"script":"<script> [1562 bytes]","args":[{"selector":{"id":"application-managepartners-display-component---NewPartner--partnerDetailInternal-arrow"},"wdio_ui5_key":"applicationmanagepartners-display-component---NewPartner--partnerDetailInternal-arrow"}]}
RESULT: {}
RESULT: {"script":"<script> [1562 bytes]","args":[{"selector":{"id":"application-managepartners-display-component---NewPartner--partnerDetailInternal-arrow"},"wdio_ui5_key":"applicationmanagepartners-display-component---NewPartner--partnerDetailInternal-arrow"}]}
RESULT: undefined
COMMAND: POST /session/a414a6ae85a434897fa1c9da3096b959/element - {"using":"xpath","value":"//*[@id=\"application-managepartners-display-component---NewPartner--partnerDetailInternal-arrow\"]"}
RESULT: {"using":"xpath","value":"//*[@id=\"application-managepartners-display-component---NewPartner--partnerDetailInternal-arrow\"]"}
COMMAND: POST /session/a414a6ae85a434897fa1c9da3096b959/element/f.63F842937ABE5650621AFC3910BCBB57.d.A8376CC3F8A1A3678132DABA6FF861F9.e.2090/click - {}
RESULT: {}
COMMAND: POST /session/a414a6ae85a434897fa1c9da3096b959/element - {"using":"xpath","value":"//span[contains(text(), \"External partner\")]"}
COMMAND: GET /session/a414a6ae85a434897fa1c9da3096b959/screenshot - {}
RESULT: {"using":"xpath","value":"//span[contains(text(), \"External partner\")]"}
COMMAND: POST /session/a414a6ae85a434897fa1c9da3096b959/element/f.63F842937ABE5650621AFC3910BCBB57.d.A8376CC3F8A1A3678132DABA6FF861F9.e.2091/click - {}
RESULT: {}
RESULT: {}
COMMAND: POST /session/a414a6ae85a434897fa1c9da3096b959/execute/async - {"script":"<script> [1562 bytes]","args":[{"selector":{"id":"application-managepartners-display-component---NewPartner--partnerDetailsCurrency-arrow"},"wdio_ui5_key":"applicationmanagepartners-display-component---NewPartner--partnerDetailsCurrency-arrow"}]}
COMMAND: GET /session/a414a6ae85a434897fa1c9da3096b959/screenshot - {}
RESULT: {"script":"<script> [1562 bytes]","args":[{"selector":{"id":"application-managepartners-display-component---NewPartner--partnerDetailsCurrency-arrow"},"wdio_ui5_key":"applicationmanagepartners-display-component---NewPartner--partnerDetailsCurrency-arrow"}]}
RESULT: undefined
COMMAND: POST /session/a414a6ae85a434897fa1c9da3096b959/element - {"using":"xpath","value":"//*[@id=\"application-managepartners-display-component---NewPartner--partnerDetailsCurrency-arrow\"]"}
RESULT: {}
RESULT: {"using":"xpath","value":"//*[@id=\"application-managepartners-display-component---NewPartner--partnerDetailsCurrency-arrow\"]"}
COMMAND: POST /session/a414a6ae85a434897fa1c9da3096b959/element/f.63F842937ABE5650621AFC3910BCBB57.d.A8376CC3F8A1A3678132DABA6FF861F9.e.2096/click - {}
RESULT: {}
COMMAND: POST /session/a414a6ae85a434897fa1c9da3096b959/element - {"using":"xpath","value":"//span[contains(text(), \"US Dollar\")]"}
COMMAND: GET /session/a414a6ae85a434897fa1c9da3096b959/screenshot - {}
RESULT: {"using":"xpath","value":"//span[contains(text(), \"US Dollar\")]"}
COMMAND: POST /session/a414a6ae85a434897fa1c9da3096b959/element/f.63F842937ABE5650621AFC3910BCBB57.d.A8376CC3F8A1A3678132DABA6FF861F9.e.2097/click - {}
RESULT: {}
RESULT: {}
COMMAND: GET /session/a414a6ae85a434897fa1c9da3096b959/screenshot - {}
RESULT: {}
COMMAND: POST /session/a414a6ae85a434897fa1c9da3096b959/element - {"using":"xpath","value":"//input[@id=\"application-managepartners-display-component---NewPartner--companyCodeComboBox-inner\"]"}
RESULT: {"using":"xpath","value":"//input[@id=\"application-managepartners-display-component---NewPartner--companyCodeComboBox-inner\"]"}
COMMAND: POST /session/a414a6ae85a434897fa1c9da3096b959/element/f.63F842937ABE5650621AFC3910BCBB57.d.A8376CC3F8A1A3678132DABA6FF861F9.e.1941/clear - {}
RESULT: {}
COMMAND: POST /session/a414a6ae85a434897fa1c9da3096b959/element/f.63F842937ABE5650621AFC3910BCBB57.d.A8376CC3F8A1A3678132DABA6FF861F9.e.1941/value - {"text":"C002"}
COMMAND: GET /session/a414a6ae85a434897fa1c9da3096b959/screenshot - {}
RESULT: {"text":"C002"}
COMMAND: GET /session/a414a6ae85a434897fa1c9da3096b959/screenshot - {}
RESULT: {}
RESULT: {}
COMMAND: POST /session/a414a6ae85a434897fa1c9da3096b959/element - {"using":"xpath","value":"//li[.//span[text()= \"C002\"]]"}
RESULT: {"using":"xpath","value":"//li[.//span[text()= \"C002\"]]"}
COMMAND: POST /session/a414a6ae85a434897fa1c9da3096b959/element/f.63F842937ABE5650621AFC3910BCBB57.d.A8376CC3F8A1A3678132DABA6FF861F9.e.2101/click - {}
RESULT: {}
COMMAND: GET /session/a414a6ae85a434897fa1c9da3096b959/screenshot - {}
RESULT: {}
COMMAND: POST /session/a414a6ae85a434897fa1c9da3096b959/execute/async - {"script":"<script> [1562 bytes]","args":[{"selector":{"controlType":"sap.ui.core.Icon","viewName":"etm.portal.ui.managepartners.view.NewPartner","viewId":"application-managepartners-display-component---NewPartner","properties":{"src":{"regex":{"source":"slim\\-arrow\\-down"}}},"ancestor":{"controlType":"sap.m.ComboBox","viewName":"etm.portal.ui.managepartners.view.NewPartner","viewId":"application-managepartners-display-component---NewPartner","bindingPath":{"path":"","propertyPath":"/CATALOG","modelName":"oNewPartnerModel"}}},"wdio_ui5_key":"etmportal.ui.managepartners.view.NewPartnersap.ui.core.Icon{\"src\":{\"regex\":{\"source\":\"slim\\\\-arrow\\\\-down\"}}}{\"controlType\":\"sap.m.ComboBox\",\"viewName\":\"etm.portal.ui.managepartners.view.NewPartner\",\"viewId\":\"application-managepartners-display-component---NewPartner\",\"bindingPath\":{\"path\":\"\",\"propertyPath\":\"/CATALOG\",\"modelName\":\"oNewPartnerModel\"}}"}]}
RESULT: {"script":"<script> [1562 bytes]","args":[{"selector":{"controlType":"sap.ui.core.Icon","viewName":"etm.portal.ui.managepartners.view.NewPartner","viewId":"application-managepartners-display-component---NewPartner","properties":{"src":{"regex":{"source":"slim\\-arrow\\-down"}}},"ancestor":{"controlType":"sap.m.ComboBox","viewName":"etm.portal.ui.managepartners.view.NewPartner","viewId":"application-managepartners-display-component---NewPartner","bindingPath":{"path":"","propertyPath":"/CATALOG","modelName":"oNewPartnerModel"}}},"wdio_ui5_key":"etmportal.ui.managepartners.view.NewPartnersap.ui.core.Icon{\"src\":{\"regex\":{\"source\":\"slim\\\\-arrow\\\\-down\"}}}{\"controlType\":\"sap.m.ComboBox\",\"viewName\":\"etm.portal.ui.managepartners.view.NewPartner\",\"viewId\":\"application-managepartners-display-component---NewPartner\",\"bindingPath\":{\"path\":\"\",\"propertyPath\":\"/CATALOG\",\"modelName\":\"oNewPartnerModel\"}}"}]}
RESULT: undefined
COMMAND: POST /session/a414a6ae85a434897fa1c9da3096b959/element - {"using":"xpath","value":"//*[@id=\"__box6-arrow\"]"}
RESULT: {"using":"xpath","value":"//*[@id=\"__box6-arrow\"]"}
COMMAND: POST /session/a414a6ae85a434897fa1c9da3096b959/element/f.63F842937ABE5650621AFC3910BCBB57.d.A8376CC3F8A1A3678132DABA6FF861F9.e.2045/click - {}
RESULT: {}
COMMAND: GET /session/a414a6ae85a434897fa1c9da3096b959/screenshot - {}
RESULT: {}
COMMAND: POST /session/a414a6ae85a434897fa1c9da3096b959/element - {"using":"xpath","value":"//ul[contains(@id,\"popup-list-listUl\")]//li[.//span[text()= \"Webshop Catalog\"]]"}
RESULT: {"using":"xpath","value":"//ul[contains(@id,\"popup-list-listUl\")]//li[.//span[text()= \"Webshop Catalog\"]]"}
COMMAND: POST /session/a414a6ae85a434897fa1c9da3096b959/element/f.63F842937ABE5650621AFC3910BCBB57.d.A8376CC3F8A1A3678132DABA6FF861F9.e.2103/click - {}
RESULT: {}
COMMAND: GET /session/a414a6ae85a434897fa1c9da3096b959/screenshot - {}
RESULT: {}
COMMAND: POST /session/a414a6ae85a434897fa1c9da3096b959/execute/async - {"script":"<script> [1562 bytes]","args":[{"selector":{"id":"application-managepartners-display-component---NewPartner--btnAddTableRow-img"},"wdio_ui5_key":"applicationmanagepartners-display-component---NewPartner--btnAddTableRow-img"}]}
RESULT: {"script":"<script> [1562 bytes]","args":[{"selector":{"id":"application-managepartners-display-component---NewPartner--btnAddTableRow-img"},"wdio_ui5_key":"applicationmanagepartners-display-component---NewPartner--btnAddTableRow-img"}]}
RESULT: undefined
COMMAND: POST /session/a414a6ae85a434897fa1c9da3096b959/element - {"using":"xpath","value":"//*[@id=\"application-managepartners-display-component---NewPartner--btnAddTableRow-img\"]"}
RESULT: {"using":"xpath","value":"//*[@id=\"application-managepartners-display-component---NewPartner--btnAddTableRow-img\"]"}
COMMAND: POST /session/a414a6ae85a434897fa1c9da3096b959/element/f.63F842937ABE5650621AFC3910BCBB57.d.A8376CC3F8A1A3678132DABA6FF861F9.e.2104/click - {}
RESULT: {}
COMMAND: GET /session/a414a6ae85a434897fa1c9da3096b959/screenshot - {}
RESULT: {}
COMMAND: POST /session/a414a6ae85a434897fa1c9da3096b959/element - {"using":"xpath","value":"//input[@id=\"application-managepartners-display-component---NewPartner--assignmentYard-application-managepartners-display-component---NewPartner--assignmentsTable-0-inner\"]"}
RESULT: {"using":"xpath","value":"//input[@id=\"application-managepartners-display-component---NewPartner--assignmentYard-application-managepartners-display-component---NewPartner--assignmentsTable-0-inner\"]"}
COMMAND: POST /session/a414a6ae85a434897fa1c9da3096b959/element/f.63F842937ABE5650621AFC3910BCBB57.d.A8376CC3F8A1A3678132DABA6FF861F9.e.2107/clear - {}
RESULT: {}
COMMAND: POST /session/a414a6ae85a434897fa1c9da3096b959/element/f.63F842937ABE5650621AFC3910BCBB57.d.A8376CC3F8A1A3678132DABA6FF861F9.e.2107/value - {"text":"497"}
COMMAND: GET /session/a414a6ae85a434897fa1c9da3096b959/screenshot - {}
RESULT: {"text":"497"}
COMMAND: GET /session/a414a6ae85a434897fa1c9da3096b959/screenshot - {}
RESULT: {}
RESULT: {}
COMMAND: POST /session/a414a6ae85a434897fa1c9da3096b959/element - {"using":"xpath","value":"//li[.//span[text()='497']]"}
RESULT: {"using":"xpath","value":"//li[.//span[text()='497']]"}
COMMAND: POST /session/a414a6ae85a434897fa1c9da3096b959/element/f.63F842937ABE5650621AFC3910BCBB57.d.A8376CC3F8A1A3678132DABA6FF861F9.e.2115/click - {}
RESULT: {}
COMMAND: GET /session/a414a6ae85a434897fa1c9da3096b959/screenshot - {}
RESULT: {}
COMMAND: POST /session/a414a6ae85a434897fa1c9da3096b959/actions - {"actions":[{"id":"action2","type":"key","parameters":{},"actions":[{"type":"keyDown","value":""},{"type":"pause","duration":10},{"type":"keyUp","value":""}]}]}
RESULT: {"actions":[{"id":"action2","type":"key","parameters":{},"actions":[{"type":"keyDown","value":""},{"type":"pause","duration":10},{"type":"keyUp","value":""}]}]}
COMMAND: POST /session/a414a6ae85a434897fa1c9da3096b959/element - {"using":"xpath","value":"//td[contains(@id, \"assignmentsTable-0-cell2\")]/div/div"}
COMMAND: GET /session/a414a6ae85a434897fa1c9da3096b959/screenshot - {}
RESULT: {"using":"xpath","value":"//td[contains(@id, \"assignmentsTable-0-cell2\")]/div/div"}
COMMAND: POST /session/a414a6ae85a434897fa1c9da3096b959/element/f.63F842937ABE5650621AFC3910BCBB57.d.A8376CC3F8A1A3678132DABA6FF861F9.e.2118/click - {}
RESULT: {}
RESULT: {}
COMMAND: GET /session/a414a6ae85a434897fa1c9da3096b959/screenshot - {}
RESULT: {}
COMMAND: POST /session/a414a6ae85a434897fa1c9da3096b959/element - {"using":"xpath","value":"//button[@data-kt=\"saveButton\"]"}
RESULT: {"using":"xpath","value":"//button[@data-kt=\"saveButton\"]"}
COMMAND: POST /session/a414a6ae85a434897fa1c9da3096b959/element/f.63F842937ABE5650621AFC3910BCBB57.d.A8376CC3F8A1A3678132DABA6FF861F9.e.2064/click - {}
RESULT: {}
COMMAND: GET /session/a414a6ae85a434897fa1c9da3096b959/screenshot - {}
RESULT: {}
COMMAND: POST /session/a414a6ae85a434897fa1c9da3096b959/element - {"using":"xpath","value":"//header[contains(@id, 'ObjectPageLayout-headerTitle')]/div[1]/div[2]/div[2]/span[1]"}
RESULT: {"using":"xpath","value":"//header[contains(@id, 'ObjectPageLayout-headerTitle')]/div[1]/div[2]/div[2]/span[1]"}
COMMAND: POST /session/a414a6ae85a434897fa1c9da3096b959/elements - {"using":"xpath","value":"//header[contains(@id, 'ObjectPageLayout-headerTitle')]/div[1]/div[2]/div[2]/span[1]"}
RESULT: {"using":"xpath","value":"//header[contains(@id, 'ObjectPageLayout-headerTitle')]/div[1]/div[2]/div[2]/span[1]"}
COMMAND: POST /session/a414a6ae85a434897fa1c9da3096b959/execute/sync - {"script":"<script> [56 bytes]","args":[{"element-6066-11e4-a52e-4f735466cecf":"f.63F842937ABE5650621AFC3910BCBB57.d.A8376CC3F8A1A3678132DABA6FF861F9.e.2279","ELEMENT":"f.63F842937ABE5650621AFC3910BCBB57.d.A8376CC3F8A1A3678132DABA6FF861F9.e.2279"}]}
RESULT: {"script":"<script> [56 bytes]","args":[{"element-6066-11e4-a52e-4f735466cecf":"f.63F842937ABE5650621AFC3910BCBB57.d.A8376CC3F8A1A3678132DABA6FF861F9.e.2279","ELEMENT":"f.63F842937ABE5650621AFC3910BCBB57.d.A8376CC3F8A1A3678132DABA6FF861F9.e.2279"}]}
COMMAND: POST /session/a414a6ae85a434897fa1c9da3096b959/element - {"using":"css selector","value":"#shell-header-logo"}
COMMAND: GET /session/a414a6ae85a434897fa1c9da3096b959/screenshot - {}
RESULT: {"using":"css selector","value":"#shell-header-logo"}
COMMAND: POST /session/a414a6ae85a434897fa1c9da3096b959/element/f.63F842937ABE5650621AFC3910BCBB57.d.A8376CC3F8A1A3678132DABA6FF861F9.e.1471/click - {}
RESULT: {}
RESULT: {}
COMMAND: GET /session/a414a6ae85a434897fa1c9da3096b959/screenshot - {}
RESULT: {}
COMMAND: POST /session/a414a6ae85a434897fa1c9da3096b959/execute/sync - {"script":"<script> [299 bytes]","args":[["getModel","getResource"]]}
RESULT: {"script":"<script> [299 bytes]","args":[["getModel","getResource"]]}
]]></system-out>
    </testcase>
    <testcase classname="chrome.136_0_7103_93.windows.Provide_to_Site_w/_warehouse_management_w/_clarification_US115878" name="Should create a new WHM site" time="101.47">
      <system-out><![CDATA[
COMMAND: GET /session/a414a6ae85a434897fa1c9da3096b959/screenshot - {}
COMMAND: POST /session/a414a6ae85a434897fa1c9da3096b959/execute/async - {"script":"<script> [1562 bytes]","args":[{"selector":{"controlType":"sap.m.GenericTile","properties":{"header":"Manage Sites"}},"wdio_ui5_key":"sapm.GenericTile{\"header\":\"Manage Sites\"}"}]}
RESULT: {}
RESULT: {"script":"<script> [1562 bytes]","args":[{"selector":{"controlType":"sap.m.GenericTile","properties":{"header":"Manage Sites"}},"wdio_ui5_key":"sapm.GenericTile{\"header\":\"Manage Sites\"}"}]}
RESULT: undefined
COMMAND: POST /session/a414a6ae85a434897fa1c9da3096b959/element - {"using":"xpath","value":"//*[@id=\"__tile32\"]"}
RESULT: {"using":"xpath","value":"//*[@id=\"__tile32\"]"}
COMMAND: POST /session/a414a6ae85a434897fa1c9da3096b959/element/f.63F842937ABE5650621AFC3910BCBB57.d.A8376CC3F8A1A3678132DABA6FF861F9.e.1502/click - {}
RESULT: {}
COMMAND: GET /session/a414a6ae85a434897fa1c9da3096b959/screenshot - {}
RESULT: {}
COMMAND: POST /session/a414a6ae85a434897fa1c9da3096b959/elements - {"using":"xpath","value":"//span[text()='Error']"}
RESULT: {"using":"xpath","value":"//span[text()='Error']"}
COMMAND: POST /session/a414a6ae85a434897fa1c9da3096b959/element - {"using":"xpath","value":"//button[@data-kt=\"addOverflowToolbarButton\"]"}
RESULT: {"using":"xpath","value":"//button[@data-kt=\"addOverflowToolbarButton\"]"}
COMMAND: POST /session/a414a6ae85a434897fa1c9da3096b959/elements - {"using":"xpath","value":"//button[@data-kt=\"addOverflowToolbarButton\"]"}
RESULT: {"using":"xpath","value":"//button[@data-kt=\"addOverflowToolbarButton\"]"}
COMMAND: POST /session/a414a6ae85a434897fa1c9da3096b959/execute/sync - {"script":"<script> [8489 bytes]","args":[{"element-6066-11e4-a52e-4f735466cecf":"f.63F842937ABE5650621AFC3910BCBB57.d.A8376CC3F8A1A3678132DABA6FF861F9.e.2327","ELEMENT":"f.63F842937ABE5650621AFC3910BCBB57.d.A8376CC3F8A1A3678132DABA6FF861F9.e.2327"}]}
RESULT: {"script":"<script> [8489 bytes]","args":[{"element-6066-11e4-a52e-4f735466cecf":"f.63F842937ABE5650621AFC3910BCBB57.d.A8376CC3F8A1A3678132DABA6FF861F9.e.2327","ELEMENT":"f.63F842937ABE5650621AFC3910BCBB57.d.A8376CC3F8A1A3678132DABA6FF861F9.e.2327"}]}
COMMAND: GET /session/a414a6ae85a434897fa1c9da3096b959/element/f.63F842937ABE5650621AFC3910BCBB57.d.A8376CC3F8A1A3678132DABA6FF861F9.e.2327/enabled - {}
COMMAND: GET /session/a414a6ae85a434897fa1c9da3096b959/screenshot - {}
RESULT: {}
COMMAND: POST /session/a414a6ae85a434897fa1c9da3096b959/execute/sync - {"script":"<script> [8489 bytes]","args":[{"element-6066-11e4-a52e-4f735466cecf":"f.63F842937ABE5650621AFC3910BCBB57.d.A8376CC3F8A1A3678132DABA6FF861F9.e.2327","ELEMENT":"f.63F842937ABE5650621AFC3910BCBB57.d.A8376CC3F8A1A3678132DABA6FF861F9.e.2327"}]}
COMMAND: GET /session/a414a6ae85a434897fa1c9da3096b959/screenshot - {}
RESULT: {}
RESULT: {"script":"<script> [8489 bytes]","args":[{"element-6066-11e4-a52e-4f735466cecf":"f.63F842937ABE5650621AFC3910BCBB57.d.A8376CC3F8A1A3678132DABA6FF861F9.e.2327","ELEMENT":"f.63F842937ABE5650621AFC3910BCBB57.d.A8376CC3F8A1A3678132DABA6FF861F9.e.2327"}]}
COMMAND: POST /session/a414a6ae85a434897fa1c9da3096b959/execute/sync - {"script":"<script> [5351 bytes]","args":[{"element-6066-11e4-a52e-4f735466cecf":"f.63F842937ABE5650621AFC3910BCBB57.d.A8376CC3F8A1A3678132DABA6FF861F9.e.2327","ELEMENT":"f.63F842937ABE5650621AFC3910BCBB57.d.A8376CC3F8A1A3678132DABA6FF861F9.e.2327"}]}
COMMAND: GET /session/a414a6ae85a434897fa1c9da3096b959/screenshot - {}
RESULT: {}
RESULT: {"script":"<script> [5351 bytes]","args":[{"element-6066-11e4-a52e-4f735466cecf":"f.63F842937ABE5650621AFC3910BCBB57.d.A8376CC3F8A1A3678132DABA6FF861F9.e.2327","ELEMENT":"f.63F842937ABE5650621AFC3910BCBB57.d.A8376CC3F8A1A3678132DABA6FF861F9.e.2327"}]}
COMMAND: POST /session/a414a6ae85a434897fa1c9da3096b959/element/f.63F842937ABE5650621AFC3910BCBB57.d.A8376CC3F8A1A3678132DABA6FF861F9.e.2327/click - {}
COMMAND: GET /session/a414a6ae85a434897fa1c9da3096b959/screenshot - {}
RESULT: {}
RESULT: {}
COMMAND: GET /session/a414a6ae85a434897fa1c9da3096b959/screenshot - {}
COMMAND: POST /session/a414a6ae85a434897fa1c9da3096b959/element - {"using":"xpath","value":"//input[@id=\"application-managesites-display-component---NewSite--siteId-inner\"]"}
RESULT: {}
RESULT: {}
RESULT: {"using":"xpath","value":"//input[@id=\"application-managesites-display-component---NewSite--siteId-inner\"]"}
COMMAND: POST /session/a414a6ae85a434897fa1c9da3096b959/element - {"using":"xpath","value":"//input[@id=\"application-managesites-display-component---NewSite--siteId-inner\"]"}
RESULT: {"using":"xpath","value":"//input[@id=\"application-managesites-display-component---NewSite--siteId-inner\"]"}
COMMAND: POST /session/a414a6ae85a434897fa1c9da3096b959/execute/async - {"script":"<script> [1562 bytes]","args":[{"selector":{"id":"application-managesites-display-component---NewSite--addressDetailDetailsName1","interaction":{"idSuffix":"inner"}},"wdio_ui5_key":"applicationmanagesites-display-component---NewSite--addressDetailDetailsName1"}]}
RESULT: {"script":"<script> [1562 bytes]","args":[{"selector":{"id":"application-managesites-display-component---NewSite--addressDetailDetailsName1","interaction":{"idSuffix":"inner"}},"wdio_ui5_key":"applicationmanagesites-display-component---NewSite--addressDetailDetailsName1"}]}
RESULT: undefined
COMMAND: POST /session/a414a6ae85a434897fa1c9da3096b959/execute/async - {"script":"<script> [776 bytes]","args":[{"enterText":"Warehouse Managed Site WDIO","selector":{"id":"application-managesites-display-component---NewSite--addressDetailDetailsName1","interaction":{"idSuffix":"inner"}},"clearTextFirst":true,"interactionType":"ENTER_TEXT"}]}
RESULT: {"script":"<script> [776 bytes]","args":[{"enterText":"Warehouse Managed Site WDIO","selector":{"id":"application-managesites-display-component---NewSite--addressDetailDetailsName1","interaction":{"idSuffix":"inner"}},"clearTextFirst":true,"interactionType":"ENTER_TEXT"}]}
COMMAND: POST /session/a414a6ae85a434897fa1c9da3096b959/execute/async - {"script":"<script> [1562 bytes]","args":[{"selector":{"id":"application-managesites-display-component---NewSite--addressDetailDetailsLanguage-arrow"},"wdio_ui5_key":"applicationmanagesites-display-component---NewSite--addressDetailDetailsLanguage-arrow"}]}
RESULT: {"script":"<script> [1562 bytes]","args":[{"selector":{"id":"application-managesites-display-component---NewSite--addressDetailDetailsLanguage-arrow"},"wdio_ui5_key":"applicationmanagesites-display-component---NewSite--addressDetailDetailsLanguage-arrow"}]}
RESULT: undefined
COMMAND: POST /session/a414a6ae85a434897fa1c9da3096b959/element - {"using":"xpath","value":"//*[@id=\"application-managesites-display-component---NewSite--addressDetailDetailsLanguage-arrow\"]"}
RESULT: {"using":"xpath","value":"//*[@id=\"application-managesites-display-component---NewSite--addressDetailDetailsLanguage-arrow\"]"}
COMMAND: POST /session/a414a6ae85a434897fa1c9da3096b959/element/f.63F842937ABE5650621AFC3910BCBB57.d.A8376CC3F8A1A3678132DABA6FF861F9.e.2962/click - {}
RESULT: {}
COMMAND: POST /session/a414a6ae85a434897fa1c9da3096b959/element - {"using":"xpath","value":"//span[contains(text(), \"English\")]"}
COMMAND: GET /session/a414a6ae85a434897fa1c9da3096b959/screenshot - {}
RESULT: {"using":"xpath","value":"//span[contains(text(), \"English\")]"}
COMMAND: POST /session/a414a6ae85a434897fa1c9da3096b959/element/f.63F842937ABE5650621AFC3910BCBB57.d.A8376CC3F8A1A3678132DABA6FF861F9.e.2963/click - {}
RESULT: {}
RESULT: {}
COMMAND: POST /session/a414a6ae85a434897fa1c9da3096b959/execute/async - {"script":"<script> [1562 bytes]","args":[{"selector":{"id":"application-managesites-display-component---NewSite--addressDetailDetailsCity1","interaction":{"idSuffix":"inner"}},"wdio_ui5_key":"applicationmanagesites-display-component---NewSite--addressDetailDetailsCity1"}]}
COMMAND: GET /session/a414a6ae85a434897fa1c9da3096b959/screenshot - {}
RESULT: {"script":"<script> [1562 bytes]","args":[{"selector":{"id":"application-managesites-display-component---NewSite--addressDetailDetailsCity1","interaction":{"idSuffix":"inner"}},"wdio_ui5_key":"applicationmanagesites-display-component---NewSite--addressDetailDetailsCity1"}]}
RESULT: undefined
COMMAND: POST /session/a414a6ae85a434897fa1c9da3096b959/execute/async - {"script":"<script> [776 bytes]","args":[{"enterText":"Rosario","selector":{"id":"application-managesites-display-component---NewSite--addressDetailDetailsCity1","interaction":{"idSuffix":"inner"}},"clearTextFirst":true,"interactionType":"ENTER_TEXT"}]}
RESULT: {}
RESULT: {"script":"<script> [776 bytes]","args":[{"enterText":"Rosario","selector":{"id":"application-managesites-display-component---NewSite--addressDetailDetailsCity1","interaction":{"idSuffix":"inner"}},"clearTextFirst":true,"interactionType":"ENTER_TEXT"}]}
COMMAND: POST /session/a414a6ae85a434897fa1c9da3096b959/execute/async - {"script":"<script> [1562 bytes]","args":[{"selector":{"id":"application-managesites-display-component---NewSite--addressDetailDetailsCountry-arrow"},"wdio_ui5_key":"applicationmanagesites-display-component---NewSite--addressDetailDetailsCountry-arrow"}]}
RESULT: {"script":"<script> [1562 bytes]","args":[{"selector":{"id":"application-managesites-display-component---NewSite--addressDetailDetailsCountry-arrow"},"wdio_ui5_key":"applicationmanagesites-display-component---NewSite--addressDetailDetailsCountry-arrow"}]}
RESULT: undefined
COMMAND: POST /session/a414a6ae85a434897fa1c9da3096b959/element - {"using":"xpath","value":"//*[@id=\"application-managesites-display-component---NewSite--addressDetailDetailsCountry-arrow\"]"}
RESULT: {"using":"xpath","value":"//*[@id=\"application-managesites-display-component---NewSite--addressDetailDetailsCountry-arrow\"]"}
COMMAND: POST /session/a414a6ae85a434897fa1c9da3096b959/element/f.63F842937ABE5650621AFC3910BCBB57.d.A8376CC3F8A1A3678132DABA6FF861F9.e.2965/click - {}
RESULT: {}
COMMAND: POST /session/a414a6ae85a434897fa1c9da3096b959/element - {"using":"xpath","value":"//span[contains(text(), \"Argentina\")]"}
COMMAND: GET /session/a414a6ae85a434897fa1c9da3096b959/screenshot - {}
RESULT: {"using":"xpath","value":"//span[contains(text(), \"Argentina\")]"}
COMMAND: POST /session/a414a6ae85a434897fa1c9da3096b959/element/f.63F842937ABE5650621AFC3910BCBB57.d.A8376CC3F8A1A3678132DABA6FF861F9.e.2967/click - {}
RESULT: {}
RESULT: {}
COMMAND: GET /session/a414a6ae85a434897fa1c9da3096b959/screenshot - {}
RESULT: {}
COMMAND: POST /session/a414a6ae85a434897fa1c9da3096b959/execute/async - {"script":"<script> [1562 bytes]","args":[{"selector":{"id":"application-managesites-display-component---NewSite--addressEditDetailsCostObjectCstType-arrow"},"wdio_ui5_key":"applicationmanagesites-display-component---NewSite--addressEditDetailsCostObjectCstType-arrow"}]}
RESULT: {"script":"<script> [1562 bytes]","args":[{"selector":{"id":"application-managesites-display-component---NewSite--addressEditDetailsCostObjectCstType-arrow"},"wdio_ui5_key":"applicationmanagesites-display-component---NewSite--addressEditDetailsCostObjectCstType-arrow"}]}
RESULT: undefined
COMMAND: POST /session/a414a6ae85a434897fa1c9da3096b959/element - {"using":"xpath","value":"//*[@id=\"application-managesites-display-component---NewSite--addressEditDetailsCostObjectCstType-arrow\"]"}
RESULT: {"using":"xpath","value":"//*[@id=\"application-managesites-display-component---NewSite--addressEditDetailsCostObjectCstType-arrow\"]"}
COMMAND: POST /session/a414a6ae85a434897fa1c9da3096b959/element/f.63F842937ABE5650621AFC3910BCBB57.d.A8376CC3F8A1A3678132DABA6FF861F9.e.2968/click - {}
RESULT: {}
COMMAND: POST /session/a414a6ae85a434897fa1c9da3096b959/element - {"using":"xpath","value":"//span[contains(text(), \"Cost Center\")]"}
COMMAND: GET /session/a414a6ae85a434897fa1c9da3096b959/screenshot - {}
RESULT: {"using":"xpath","value":"//span[contains(text(), \"Cost Center\")]"}
COMMAND: POST /session/a414a6ae85a434897fa1c9da3096b959/element/f.63F842937ABE5650621AFC3910BCBB57.d.A8376CC3F8A1A3678132DABA6FF861F9.e.2969/click - {}
RESULT: {}
RESULT: {}
COMMAND: GET /session/a414a6ae85a434897fa1c9da3096b959/screenshot - {}
RESULT: {}
COMMAND: POST /session/a414a6ae85a434897fa1c9da3096b959/element - {"using":"xpath","value":"//span[@id=\"application-managesites-display-component---NewSite--addressNewCostObjectCstID-vhi\"]"}
RESULT: {"using":"xpath","value":"//span[@id=\"application-managesites-display-component---NewSite--addressNewCostObjectCstID-vhi\"]"}
COMMAND: POST /session/a414a6ae85a434897fa1c9da3096b959/execute/sync - {"script":"<script> [8489 bytes]","args":[{"element-6066-11e4-a52e-4f735466cecf":"f.63F842937ABE5650621AFC3910BCBB57.d.A8376CC3F8A1A3678132DABA6FF861F9.e.2974","ELEMENT":"f.63F842937ABE5650621AFC3910BCBB57.d.A8376CC3F8A1A3678132DABA6FF861F9.e.2974"}]}
RESULT: {"script":"<script> [8489 bytes]","args":[{"element-6066-11e4-a52e-4f735466cecf":"f.63F842937ABE5650621AFC3910BCBB57.d.A8376CC3F8A1A3678132DABA6FF861F9.e.2974","ELEMENT":"f.63F842937ABE5650621AFC3910BCBB57.d.A8376CC3F8A1A3678132DABA6FF861F9.e.2974"}]}
COMMAND: POST /session/a414a6ae85a434897fa1c9da3096b959/execute/async - {"script":"<script> [1562 bytes]","args":[{"selector":{"id":"application-managesites-display-component---NewSite--addressNewCostObjectCstID-vhi"},"wdio_ui5_key":"applicationmanagesites-display-component---NewSite--addressNewCostObjectCstID-vhi"}]}
COMMAND: GET /session/a414a6ae85a434897fa1c9da3096b959/screenshot - {}
RESULT: {"script":"<script> [1562 bytes]","args":[{"selector":{"id":"application-managesites-display-component---NewSite--addressNewCostObjectCstID-vhi"},"wdio_ui5_key":"applicationmanagesites-display-component---NewSite--addressNewCostObjectCstID-vhi"}]}
RESULT: undefined
COMMAND: POST /session/a414a6ae85a434897fa1c9da3096b959/element - {"using":"xpath","value":"//*[@id=\"application-managesites-display-component---NewSite--addressNewCostObjectCstID-vhi\"]"}
RESULT: {}
RESULT: {"using":"xpath","value":"//*[@id=\"application-managesites-display-component---NewSite--addressNewCostObjectCstID-vhi\"]"}
COMMAND: POST /session/a414a6ae85a434897fa1c9da3096b959/element/f.63F842937ABE5650621AFC3910BCBB57.d.A8376CC3F8A1A3678132DABA6FF861F9.e.2974/click - {}
RESULT: {}
COMMAND: GET /session/a414a6ae85a434897fa1c9da3096b959/screenshot - {}
RESULT: {}
COMMAND: POST /session/a414a6ae85a434897fa1c9da3096b959/execute/async - {"script":"<script> [1562 bytes]","args":[{"selector":{"controlType":"sap.m.SearchField","properties":{"placeholder":"Search"},"searchOpenDialogs":true,"interaction":{"idSuffix":"I"}},"wdio_ui5_key":"sapm.SearchField{\"placeholder\":\"Search\"}"}]}
RESULT: {"script":"<script> [1562 bytes]","args":[{"selector":{"controlType":"sap.m.SearchField","properties":{"placeholder":"Search"},"searchOpenDialogs":true,"interaction":{"idSuffix":"I"}},"wdio_ui5_key":"sapm.SearchField{\"placeholder\":\"Search\"}"}]}
RESULT: undefined
COMMAND: POST /session/a414a6ae85a434897fa1c9da3096b959/execute/async - {"script":"<script> [776 bytes]","args":[{"enterText":"10001013","selector":{"controlType":"sap.m.SearchField","properties":{"placeholder":"Search"},"searchOpenDialogs":true,"interaction":{"idSuffix":"I"}},"clearTextFirst":true,"interactionType":"ENTER_TEXT"}]}
RESULT: {"script":"<script> [776 bytes]","args":[{"enterText":"10001013","selector":{"controlType":"sap.m.SearchField","properties":{"placeholder":"Search"},"searchOpenDialogs":true,"interaction":{"idSuffix":"I"}},"clearTextFirst":true,"interactionType":"ENTER_TEXT"}]}
COMMAND: POST /session/a414a6ae85a434897fa1c9da3096b959/actions - {"actions":[{"id":"action3","type":"key","parameters":{},"actions":[{"type":"keyDown","value":""},{"type":"pause","duration":10},{"type":"keyUp","value":""}]}]}
RESULT: {"actions":[{"id":"action3","type":"key","parameters":{},"actions":[{"type":"keyDown","value":""},{"type":"pause","duration":10},{"type":"keyUp","value":""}]}]}
COMMAND: GET /session/a414a6ae85a434897fa1c9da3096b959/screenshot - {}
RESULT: {}
COMMAND: POST /session/a414a6ae85a434897fa1c9da3096b959/element - {"using":"xpath","value":"//span[contains(text(), \"General Management\")]"}
RESULT: {"using":"xpath","value":"//span[contains(text(), \"General Management\")]"}
COMMAND: POST /session/a414a6ae85a434897fa1c9da3096b959/element/f.63F842937ABE5650621AFC3910BCBB57.d.A8376CC3F8A1A3678132DABA6FF861F9.e.3015/click - {}
RESULT: {}
COMMAND: GET /session/a414a6ae85a434897fa1c9da3096b959/screenshot - {}
RESULT: {}
COMMAND: POST /session/a414a6ae85a434897fa1c9da3096b959/element - {"using":"xpath","value":"//bdi[contains(text(), \"OK\")]"}
RESULT: {"using":"xpath","value":"//bdi[contains(text(), \"OK\")]"}
COMMAND: POST /session/a414a6ae85a434897fa1c9da3096b959/element/f.63F842937ABE5650621AFC3910BCBB57.d.A8376CC3F8A1A3678132DABA6FF861F9.e.3016/click - {}
RESULT: {}
COMMAND: GET /session/a414a6ae85a434897fa1c9da3096b959/screenshot - {}
RESULT: {}
COMMAND: POST /session/a414a6ae85a434897fa1c9da3096b959/element - {"using":"xpath","value":"//input[@id=\"application-managesites-display-component---NewSite--addressDetailDetailsCalendar-inner\"]"}
RESULT: {"using":"xpath","value":"//input[@id=\"application-managesites-display-component---NewSite--addressDetailDetailsCalendar-inner\"]"}
COMMAND: POST /session/a414a6ae85a434897fa1c9da3096b959/element/f.63F842937ABE5650621AFC3910BCBB57.d.A8376CC3F8A1A3678132DABA6FF861F9.e.2760/clear - {}
RESULT: {}
COMMAND: POST /session/a414a6ae85a434897fa1c9da3096b959/element/f.63F842937ABE5650621AFC3910BCBB57.d.A8376CC3F8A1A3678132DABA6FF861F9.e.2760/value - {"text":"Unit"}
COMMAND: GET /session/a414a6ae85a434897fa1c9da3096b959/screenshot - {}
RESULT: {"text":"Unit"}
COMMAND: GET /session/a414a6ae85a434897fa1c9da3096b959/screenshot - {}
RESULT: {}
RESULT: {}
COMMAND: POST /session/a414a6ae85a434897fa1c9da3096b959/actions - {"actions":[{"id":"action4","type":"key","parameters":{},"actions":[{"type":"keyDown","value":""},{"type":"pause","duration":10},{"type":"keyUp","value":""}]}]}
RESULT: {"actions":[{"id":"action4","type":"key","parameters":{},"actions":[{"type":"keyDown","value":""},{"type":"pause","duration":10},{"type":"keyUp","value":""}]}]}
COMMAND: POST /session/a414a6ae85a434897fa1c9da3096b959/element - {"using":"xpath","value":"//input[@id=\"application-managesites-display-component---NewSite--addressDetailDetailsYard-inner\"]"}
COMMAND: GET /session/a414a6ae85a434897fa1c9da3096b959/screenshot - {}
RESULT: {"using":"xpath","value":"//input[@id=\"application-managesites-display-component---NewSite--addressDetailDetailsYard-inner\"]"}
COMMAND: POST /session/a414a6ae85a434897fa1c9da3096b959/element/f.63F842937ABE5650621AFC3910BCBB57.d.A8376CC3F8A1A3678132DABA6FF861F9.e.2761/clear - {}
RESULT: {}
RESULT: {}
COMMAND: POST /session/a414a6ae85a434897fa1c9da3096b959/element/f.63F842937ABE5650621AFC3910BCBB57.d.A8376CC3F8A1A3678132DABA6FF861F9.e.2761/value - {"text":"497"}
COMMAND: GET /session/a414a6ae85a434897fa1c9da3096b959/screenshot - {}
RESULT: {"text":"497"}
COMMAND: GET /session/a414a6ae85a434897fa1c9da3096b959/screenshot - {}
RESULT: {}
RESULT: {}
COMMAND: POST /session/a414a6ae85a434897fa1c9da3096b959/element - {"using":"xpath","value":"//li[.//span[text()='497']]"}
RESULT: {"using":"xpath","value":"//li[.//span[text()='497']]"}
COMMAND: POST /session/a414a6ae85a434897fa1c9da3096b959/element/f.63F842937ABE5650621AFC3910BCBB57.d.A8376CC3F8A1A3678132DABA6FF861F9.e.3024/click - {}
RESULT: {}
COMMAND: GET /session/a414a6ae85a434897fa1c9da3096b959/screenshot - {}
RESULT: {}
COMMAND: POST /session/a414a6ae85a434897fa1c9da3096b959/element - {"using":"xpath","value":"//input[@id=\"application-managesites-display-component---NewSite--addressDetailDetailsPartner-inner\"]"}
RESULT: {"using":"xpath","value":"//input[@id=\"application-managesites-display-component---NewSite--addressDetailDetailsPartner-inner\"]"}
COMMAND: POST /session/a414a6ae85a434897fa1c9da3096b959/element - {"using":"xpath","value":"//input[@id=\"application-managesites-display-component---NewSite--addressDetailDetailsPartner-inner\"]"}
RESULT: {"using":"xpath","value":"//input[@id=\"application-managesites-display-component---NewSite--addressDetailDetailsPartner-inner\"]"}
COMMAND: POST /session/a414a6ae85a434897fa1c9da3096b959/execute/async - {"script":"<script> [1562 bytes]","args":[{"selector":{"id":"application-managesites-display-component---NewSite--siteWhmCheckBox-label","interaction":{"idSuffix":"bdi"}},"wdio_ui5_key":"applicationmanagesites-display-component---NewSite--siteWhmCheckBox-label"}]}
RESULT: {"script":"<script> [1562 bytes]","args":[{"selector":{"id":"application-managesites-display-component---NewSite--siteWhmCheckBox-label","interaction":{"idSuffix":"bdi"}},"wdio_ui5_key":"applicationmanagesites-display-component---NewSite--siteWhmCheckBox-label"}]}
RESULT: undefined
COMMAND: POST /session/a414a6ae85a434897fa1c9da3096b959/element - {"using":"xpath","value":"//*[@id=\"application-managesites-display-component---NewSite--siteWhmCheckBox-label\"]"}
RESULT: {"using":"xpath","value":"//*[@id=\"application-managesites-display-component---NewSite--siteWhmCheckBox-label\"]"}
COMMAND: POST /session/a414a6ae85a434897fa1c9da3096b959/element/f.63F842937ABE5650621AFC3910BCBB57.d.A8376CC3F8A1A3678132DABA6FF861F9.e.3026/click - {}
RESULT: {}
COMMAND: GET /session/a414a6ae85a434897fa1c9da3096b959/screenshot - {}
RESULT: {}
COMMAND: POST /session/a414a6ae85a434897fa1c9da3096b959/element - {"using":"xpath","value":"//button[@data-kt=\"saveButton\"]"}
RESULT: {"using":"xpath","value":"//button[@data-kt=\"saveButton\"]"}
COMMAND: POST /session/a414a6ae85a434897fa1c9da3096b959/element/f.63F842937ABE5650621AFC3910BCBB57.d.A8376CC3F8A1A3678132DABA6FF861F9.e.2940/click - {}
RESULT: {}
COMMAND: GET /session/a414a6ae85a434897fa1c9da3096b959/screenshot - {}
RESULT: {}
COMMAND: POST /session/a414a6ae85a434897fa1c9da3096b959/element - {"using":"xpath","value":"//header[contains(@id, 'ObjectPageLayout-headerTitle')]/div[1]/div[2]/div[2]/span[1]"}
RESULT: {"using":"xpath","value":"//header[contains(@id, 'ObjectPageLayout-headerTitle')]/div[1]/div[2]/div[2]/span[1]"}
COMMAND: POST /session/a414a6ae85a434897fa1c9da3096b959/elements - {"using":"xpath","value":"//header[contains(@id, 'ObjectPageLayout-headerTitle')]/div[1]/div[2]/div[2]/span[1]"}
RESULT: {"using":"xpath","value":"//header[contains(@id, 'ObjectPageLayout-headerTitle')]/div[1]/div[2]/div[2]/span[1]"}
COMMAND: POST /session/a414a6ae85a434897fa1c9da3096b959/execute/sync - {"script":"<script> [56 bytes]","args":[{"element-6066-11e4-a52e-4f735466cecf":"f.63F842937ABE5650621AFC3910BCBB57.d.A8376CC3F8A1A3678132DABA6FF861F9.e.3230","ELEMENT":"f.63F842937ABE5650621AFC3910BCBB57.d.A8376CC3F8A1A3678132DABA6FF861F9.e.3230"}]}
RESULT: {"script":"<script> [56 bytes]","args":[{"element-6066-11e4-a52e-4f735466cecf":"f.63F842937ABE5650621AFC3910BCBB57.d.A8376CC3F8A1A3678132DABA6FF861F9.e.3230","ELEMENT":"f.63F842937ABE5650621AFC3910BCBB57.d.A8376CC3F8A1A3678132DABA6FF861F9.e.3230"}]}
COMMAND: POST /session/a414a6ae85a434897fa1c9da3096b959/element - {"using":"css selector","value":"#shell-header-logo"}
COMMAND: GET /session/a414a6ae85a434897fa1c9da3096b959/screenshot - {}
RESULT: {"using":"css selector","value":"#shell-header-logo"}
COMMAND: POST /session/a414a6ae85a434897fa1c9da3096b959/element/f.63F842937ABE5650621AFC3910BCBB57.d.A8376CC3F8A1A3678132DABA6FF861F9.e.2285/click - {}
RESULT: {}
RESULT: {}
COMMAND: GET /session/a414a6ae85a434897fa1c9da3096b959/screenshot - {}
RESULT: {}
COMMAND: POST /session/a414a6ae85a434897fa1c9da3096b959/execute/sync - {"script":"<script> [299 bytes]","args":[["getModel","getResource"]]}
RESULT: {"script":"<script> [299 bytes]","args":[["getModel","getResource"]]}
COMMAND: GET /session/a414a6ae85a434897fa1c9da3096b959/screenshot - {}
]]></system-out>
    </testcase>
    <testcase classname="chrome.136_0_7103_93.windows.Provide_to_Site_w/_warehouse_management_w/_clarification_US115878" name="Should create a new material" time="121.019">
      <system-out><![CDATA[
COMMAND: POST /session/a414a6ae85a434897fa1c9da3096b959/execute/async - {"script":"<script> [1562 bytes]","args":[{"selector":{"controlType":"sap.m.GenericTile","properties":{"header":"Manage Resources"}},"wdio_ui5_key":"sapm.GenericTile{\"header\":\"Manage Resources\"}"}]}
RESULT: {}
RESULT: {"script":"<script> [1562 bytes]","args":[{"selector":{"controlType":"sap.m.GenericTile","properties":{"header":"Manage Resources"}},"wdio_ui5_key":"sapm.GenericTile{\"header\":\"Manage Resources\"}"}]}
RESULT: undefined
COMMAND: POST /session/a414a6ae85a434897fa1c9da3096b959/element - {"using":"xpath","value":"//*[@id=\"__tile31\"]"}
RESULT: {"using":"xpath","value":"//*[@id=\"__tile31\"]"}
COMMAND: POST /session/a414a6ae85a434897fa1c9da3096b959/element/f.63F842937ABE5650621AFC3910BCBB57.d.A8376CC3F8A1A3678132DABA6FF861F9.e.1499/click - {}
RESULT: {}
COMMAND: GET /session/a414a6ae85a434897fa1c9da3096b959/screenshot - {}
RESULT: {}
COMMAND: POST /session/a414a6ae85a434897fa1c9da3096b959/elements - {"using":"xpath","value":"//span[text()='Error']"}
RESULT: {"using":"xpath","value":"//span[text()='Error']"}
COMMAND: POST /session/a414a6ae85a434897fa1c9da3096b959/element - {"using":"xpath","value":"//button[@data-kt=\"addNewRUOverflowToolbarButton\"]"}
RESULT: {"using":"xpath","value":"//button[@data-kt=\"addNewRUOverflowToolbarButton\"]"}
COMMAND: POST /session/a414a6ae85a434897fa1c9da3096b959/elements - {"using":"xpath","value":"//button[@data-kt=\"addNewRUOverflowToolbarButton\"]"}
RESULT: {"using":"xpath","value":"//button[@data-kt=\"addNewRUOverflowToolbarButton\"]"}
COMMAND: POST /session/a414a6ae85a434897fa1c9da3096b959/execute/sync - {"script":"<script> [8489 bytes]","args":[{"element-6066-11e4-a52e-4f735466cecf":"f.63F842937ABE5650621AFC3910BCBB57.d.A8376CC3F8A1A3678132DABA6FF861F9.e.3274","ELEMENT":"f.63F842937ABE5650621AFC3910BCBB57.d.A8376CC3F8A1A3678132DABA6FF861F9.e.3274"}]}
RESULT: {"script":"<script> [8489 bytes]","args":[{"element-6066-11e4-a52e-4f735466cecf":"f.63F842937ABE5650621AFC3910BCBB57.d.A8376CC3F8A1A3678132DABA6FF861F9.e.3274","ELEMENT":"f.63F842937ABE5650621AFC3910BCBB57.d.A8376CC3F8A1A3678132DABA6FF861F9.e.3274"}]}
COMMAND: GET /session/a414a6ae85a434897fa1c9da3096b959/element/f.63F842937ABE5650621AFC3910BCBB57.d.A8376CC3F8A1A3678132DABA6FF861F9.e.3274/enabled - {}
COMMAND: GET /session/a414a6ae85a434897fa1c9da3096b959/screenshot - {}
RESULT: {}
COMMAND: POST /session/a414a6ae85a434897fa1c9da3096b959/execute/sync - {"script":"<script> [8489 bytes]","args":[{"element-6066-11e4-a52e-4f735466cecf":"f.63F842937ABE5650621AFC3910BCBB57.d.A8376CC3F8A1A3678132DABA6FF861F9.e.3274","ELEMENT":"f.63F842937ABE5650621AFC3910BCBB57.d.A8376CC3F8A1A3678132DABA6FF861F9.e.3274"}]}
COMMAND: GET /session/a414a6ae85a434897fa1c9da3096b959/screenshot - {}
RESULT: {}
RESULT: {"script":"<script> [8489 bytes]","args":[{"element-6066-11e4-a52e-4f735466cecf":"f.63F842937ABE5650621AFC3910BCBB57.d.A8376CC3F8A1A3678132DABA6FF861F9.e.3274","ELEMENT":"f.63F842937ABE5650621AFC3910BCBB57.d.A8376CC3F8A1A3678132DABA6FF861F9.e.3274"}]}
COMMAND: POST /session/a414a6ae85a434897fa1c9da3096b959/execute/sync - {"script":"<script> [5351 bytes]","args":[{"element-6066-11e4-a52e-4f735466cecf":"f.63F842937ABE5650621AFC3910BCBB57.d.A8376CC3F8A1A3678132DABA6FF861F9.e.3274","ELEMENT":"f.63F842937ABE5650621AFC3910BCBB57.d.A8376CC3F8A1A3678132DABA6FF861F9.e.3274"}]}
COMMAND: GET /session/a414a6ae85a434897fa1c9da3096b959/screenshot - {}
RESULT: {}
RESULT: {"script":"<script> [5351 bytes]","args":[{"element-6066-11e4-a52e-4f735466cecf":"f.63F842937ABE5650621AFC3910BCBB57.d.A8376CC3F8A1A3678132DABA6FF861F9.e.3274","ELEMENT":"f.63F842937ABE5650621AFC3910BCBB57.d.A8376CC3F8A1A3678132DABA6FF861F9.e.3274"}]}
COMMAND: POST /session/a414a6ae85a434897fa1c9da3096b959/element/f.63F842937ABE5650621AFC3910BCBB57.d.A8376CC3F8A1A3678132DABA6FF861F9.e.3274/click - {}
COMMAND: GET /session/a414a6ae85a434897fa1c9da3096b959/screenshot - {}
RESULT: {}
RESULT: {}
COMMAND: GET /session/a414a6ae85a434897fa1c9da3096b959/screenshot - {}
COMMAND: POST /session/a414a6ae85a434897fa1c9da3096b959/execute/async - {"script":"<script> [1562 bytes]","args":[{"selector":{"id":"application-manageresources-display-component---newResourceUnit--TYPE-arrow"},"wdio_ui5_key":"applicationmanageresources-display-component---newResourceUnit--TYPE-arrow"}]}
RESULT: {}
RESULT: {}
RESULT: {"script":"<script> [1562 bytes]","args":[{"selector":{"id":"application-manageresources-display-component---newResourceUnit--TYPE-arrow"},"wdio_ui5_key":"applicationmanageresources-display-component---newResourceUnit--TYPE-arrow"}]}
RESULT: undefined
COMMAND: POST /session/a414a6ae85a434897fa1c9da3096b959/element - {"using":"xpath","value":"//*[@id=\"application-manageresources-display-component---newResourceUnit--TYPE-arrow\"]"}
RESULT: {"using":"xpath","value":"//*[@id=\"application-manageresources-display-component---newResourceUnit--TYPE-arrow\"]"}
COMMAND: POST /session/a414a6ae85a434897fa1c9da3096b959/element/f.63F842937ABE5650621AFC3910BCBB57.d.A8376CC3F8A1A3678132DABA6FF861F9.e.3628/click - {}
RESULT: {}
COMMAND: POST /session/a414a6ae85a434897fa1c9da3096b959/element - {"using":"xpath","value":"//input[@id=\"application-manageresources-display-component---newResourceUnit--TYPE-inner\"]"}
COMMAND: GET /session/a414a6ae85a434897fa1c9da3096b959/screenshot - {}
RESULT: {"using":"xpath","value":"//input[@id=\"application-manageresources-display-component---newResourceUnit--TYPE-inner\"]"}
COMMAND: POST /session/a414a6ae85a434897fa1c9da3096b959/element/f.63F842937ABE5650621AFC3910BCBB57.d.A8376CC3F8A1A3678132DABA6FF861F9.e.3615/clear - {}
RESULT: {}
RESULT: {}
COMMAND: POST /session/a414a6ae85a434897fa1c9da3096b959/element/f.63F842937ABE5650621AFC3910BCBB57.d.A8376CC3F8A1A3678132DABA6FF861F9.e.3615/value - {"text":"Material"}
COMMAND: GET /session/a414a6ae85a434897fa1c9da3096b959/screenshot - {}
RESULT: {"text":"Material"}
COMMAND: GET /session/a414a6ae85a434897fa1c9da3096b959/screenshot - {}
RESULT: {}
RESULT: {}
COMMAND: POST /session/a414a6ae85a434897fa1c9da3096b959/actions - {"actions":[{"id":"action5","type":"key","parameters":{},"actions":[{"type":"keyDown","value":""},{"type":"pause","duration":10},{"type":"keyUp","value":""}]}]}
RESULT: {"actions":[{"id":"action5","type":"key","parameters":{},"actions":[{"type":"keyDown","value":""},{"type":"pause","duration":10},{"type":"keyUp","value":""}]}]}
COMMAND: POST /session/a414a6ae85a434897fa1c9da3096b959/execute/async - {"script":"<script> [1562 bytes]","args":[{"selector":{"id":"application-manageresources-display-component---newResourceUnit--SHORT_TEXT","interaction":{"idSuffix":"inner"}},"wdio_ui5_key":"applicationmanageresources-display-component---newResourceUnit--SHORT_TEXT"}]}
COMMAND: GET /session/a414a6ae85a434897fa1c9da3096b959/screenshot - {}
RESULT: {"script":"<script> [1562 bytes]","args":[{"selector":{"id":"application-manageresources-display-component---newResourceUnit--SHORT_TEXT","interaction":{"idSuffix":"inner"}},"wdio_ui5_key":"applicationmanageresources-display-component---newResourceUnit--SHORT_TEXT"}]}
RESULT: undefined
COMMAND: POST /session/a414a6ae85a434897fa1c9da3096b959/execute/async - {"script":"<script> [776 bytes]","args":[{"enterText":"Cement WDIO","selector":{"id":"application-manageresources-display-component---newResourceUnit--SHORT_TEXT","interaction":{"idSuffix":"inner"}},"clearTextFirst":true,"interactionType":"ENTER_TEXT"}]}
RESULT: {}
RESULT: {"script":"<script> [776 bytes]","args":[{"enterText":"Cement WDIO","selector":{"id":"application-manageresources-display-component---newResourceUnit--SHORT_TEXT","interaction":{"idSuffix":"inner"}},"clearTextFirst":true,"interactionType":"ENTER_TEXT"}]}
COMMAND: POST /session/a414a6ae85a434897fa1c9da3096b959/execute/async - {"script":"<script> [1562 bytes]","args":[{"selector":{"id":"application-manageresources-display-component---newResourceUnit--BASE_UNIT_OF_MEASURE","interaction":{"idSuffix":"inner"}},"wdio_ui5_key":"applicationmanageresources-display-component---newResourceUnit--BASE_UNIT_OF_MEASURE"}]}
RESULT: {"script":"<script> [1562 bytes]","args":[{"selector":{"id":"application-manageresources-display-component---newResourceUnit--BASE_UNIT_OF_MEASURE","interaction":{"idSuffix":"inner"}},"wdio_ui5_key":"applicationmanageresources-display-component---newResourceUnit--BASE_UNIT_OF_MEASURE"}]}
RESULT: undefined
COMMAND: POST /session/a414a6ae85a434897fa1c9da3096b959/execute/async - {"script":"<script> [776 bytes]","args":[{"enterText":"Piece","selector":{"id":"application-manageresources-display-component---newResourceUnit--BASE_UNIT_OF_MEASURE","interaction":{"idSuffix":"inner"}},"clearTextFirst":true,"interactionType":"ENTER_TEXT"}]}
RESULT: {"script":"<script> [776 bytes]","args":[{"enterText":"Piece","selector":{"id":"application-manageresources-display-component---newResourceUnit--BASE_UNIT_OF_MEASURE","interaction":{"idSuffix":"inner"}},"clearTextFirst":true,"interactionType":"ENTER_TEXT"}]}
COMMAND: POST /session/a414a6ae85a434897fa1c9da3096b959/execute/async - {"script":"<script> [1562 bytes]","args":[{"selector":{"id":"application-manageresources-display-component---newResourceUnit--WEIGHT_UNIT","interaction":{"idSuffix":"inner"}},"wdio_ui5_key":"applicationmanageresources-display-component---newResourceUnit--WEIGHT_UNIT"}]}
RESULT: {"script":"<script> [1562 bytes]","args":[{"selector":{"id":"application-manageresources-display-component---newResourceUnit--WEIGHT_UNIT","interaction":{"idSuffix":"inner"}},"wdio_ui5_key":"applicationmanageresources-display-component---newResourceUnit--WEIGHT_UNIT"}]}
RESULT: undefined
COMMAND: POST /session/a414a6ae85a434897fa1c9da3096b959/execute/async - {"script":"<script> [776 bytes]","args":[{"enterText":"Gram","selector":{"id":"application-manageresources-display-component---newResourceUnit--WEIGHT_UNIT","interaction":{"idSuffix":"inner"}},"clearTextFirst":true,"interactionType":"ENTER_TEXT"}]}
RESULT: {"script":"<script> [776 bytes]","args":[{"enterText":"Gram","selector":{"id":"application-manageresources-display-component---newResourceUnit--WEIGHT_UNIT","interaction":{"idSuffix":"inner"}},"clearTextFirst":true,"interactionType":"ENTER_TEXT"}]}
COMMAND: POST /session/a414a6ae85a434897fa1c9da3096b959/execute/async - {"script":"<script> [1562 bytes]","args":[{"selector":{"id":"application-manageresources-display-component---newResourceUnit--DIMENSION_UNIT","interaction":{"idSuffix":"inner"}},"wdio_ui5_key":"applicationmanageresources-display-component---newResourceUnit--DIMENSION_UNIT"}]}
RESULT: {"script":"<script> [1562 bytes]","args":[{"selector":{"id":"application-manageresources-display-component---newResourceUnit--DIMENSION_UNIT","interaction":{"idSuffix":"inner"}},"wdio_ui5_key":"applicationmanageresources-display-component---newResourceUnit--DIMENSION_UNIT"}]}
RESULT: undefined
COMMAND: POST /session/a414a6ae85a434897fa1c9da3096b959/execute/async - {"script":"<script> [776 bytes]","args":[{"enterText":"Meter","selector":{"id":"application-manageresources-display-component---newResourceUnit--DIMENSION_UNIT","interaction":{"idSuffix":"inner"}},"clearTextFirst":true,"interactionType":"ENTER_TEXT"}]}
RESULT: {"script":"<script> [776 bytes]","args":[{"enterText":"Meter","selector":{"id":"application-manageresources-display-component---newResourceUnit--DIMENSION_UNIT","interaction":{"idSuffix":"inner"}},"clearTextFirst":true,"interactionType":"ENTER_TEXT"}]}
COMMAND: POST /session/a414a6ae85a434897fa1c9da3096b959/execute/async - {"script":"<script> [1562 bytes]","args":[{"selector":{"id":"application-manageresources-display-component---newResourceUnit--newRRUPage-anchBar-application-manageresources-display-component---newResourceUnit--control-anchor","interaction":{"idSuffix":"BDI-content"}},"wdio_ui5_key":"applicationmanageresources-display-component---newResourceUnit--newRRUPage-anchBar-application-manageresources-display-component---newResourceUnit--control-anchor"}]}
RESULT: {"script":"<script> [1562 bytes]","args":[{"selector":{"id":"application-manageresources-display-component---newResourceUnit--newRRUPage-anchBar-application-manageresources-display-component---newResourceUnit--control-anchor","interaction":{"idSuffix":"BDI-content"}},"wdio_ui5_key":"applicationmanageresources-display-component---newResourceUnit--newRRUPage-anchBar-application-manageresources-display-component---newResourceUnit--control-anchor"}]}
RESULT: undefined
COMMAND: POST /session/a414a6ae85a434897fa1c9da3096b959/element - {"using":"xpath","value":"//*[@id=\"application-manageresources-display-component---newResourceUnit--newRRUPage-anchBar-application-manageresources-display-component---newResourceUnit--control-anchor\"]"}
RESULT: {"using":"xpath","value":"//*[@id=\"application-manageresources-display-component---newResourceUnit--newRRUPage-anchBar-application-manageresources-display-component---newResourceUnit--control-anchor\"]"}
COMMAND: POST /session/a414a6ae85a434897fa1c9da3096b959/element/f.63F842937ABE5650621AFC3910BCBB57.d.A8376CC3F8A1A3678132DABA6FF861F9.e.3758/click - {}
RESULT: {}
COMMAND: POST /session/a414a6ae85a434897fa1c9da3096b959/execute/async - {"script":"<script> [1562 bytes]","args":[{"selector":{"id":"application-manageresources-display-component---newResourceUnit--PLANNING_GROUP","interaction":{"idSuffix":"inner"}},"wdio_ui5_key":"applicationmanageresources-display-component---newResourceUnit--PLANNING_GROUP"}]}
COMMAND: GET /session/a414a6ae85a434897fa1c9da3096b959/screenshot - {}
RESULT: {"script":"<script> [1562 bytes]","args":[{"selector":{"id":"application-manageresources-display-component---newResourceUnit--PLANNING_GROUP","interaction":{"idSuffix":"inner"}},"wdio_ui5_key":"applicationmanageresources-display-component---newResourceUnit--PLANNING_GROUP"}]}
RESULT: undefined
COMMAND: POST /session/a414a6ae85a434897fa1c9da3096b959/execute/async - {"script":"<script> [776 bytes]","args":[{"enterText":"Material","selector":{"id":"application-manageresources-display-component---newResourceUnit--PLANNING_GROUP","interaction":{"idSuffix":"inner"}},"clearTextFirst":true,"interactionType":"ENTER_TEXT"}]}
RESULT: {}
RESULT: {"script":"<script> [776 bytes]","args":[{"enterText":"Material","selector":{"id":"application-manageresources-display-component---newResourceUnit--PLANNING_GROUP","interaction":{"idSuffix":"inner"}},"clearTextFirst":true,"interactionType":"ENTER_TEXT"}]}
COMMAND: POST /session/a414a6ae85a434897fa1c9da3096b959/execute/async - {"script":"<script> [1562 bytes]","args":[{"selector":{"id":"application-manageresources-display-component---newResourceUnit--PLANNING_INDICATOR","interaction":{"idSuffix":"inner"}},"wdio_ui5_key":"applicationmanageresources-display-component---newResourceUnit--PLANNING_INDICATOR"}]}
RESULT: {"script":"<script> [1562 bytes]","args":[{"selector":{"id":"application-manageresources-display-component---newResourceUnit--PLANNING_INDICATOR","interaction":{"idSuffix":"inner"}},"wdio_ui5_key":"applicationmanageresources-display-component---newResourceUnit--PLANNING_INDICATOR"}]}
RESULT: undefined
COMMAND: POST /session/a414a6ae85a434897fa1c9da3096b959/execute/async - {"script":"<script> [776 bytes]","args":[{"enterText":"10 - infinite","selector":{"id":"application-manageresources-display-component---newResourceUnit--PLANNING_INDICATOR","interaction":{"idSuffix":"inner"}},"clearTextFirst":true,"interactionType":"ENTER_TEXT"}]}
RESULT: {"script":"<script> [776 bytes]","args":[{"enterText":"10 - infinite","selector":{"id":"application-manageresources-display-component---newResourceUnit--PLANNING_INDICATOR","interaction":{"idSuffix":"inner"}},"clearTextFirst":true,"interactionType":"ENTER_TEXT"}]}
COMMAND: POST /session/a414a6ae85a434897fa1c9da3096b959/element - {"using":"css selector","value":"#application-manageresources-display-component---newResourceUnit--btnAddTimeSegment"}
RESULT: {"using":"css selector","value":"#application-manageresources-display-component---newResourceUnit--btnAddTimeSegment"}
COMMAND: GET /session/a414a6ae85a434897fa1c9da3096b959/element/f.63F842937ABE5650621AFC3910BCBB57.d.A8376CC3F8A1A3678132DABA6FF861F9.e.3768/rect - {}
RESULT: {}
COMMAND: GET /session/a414a6ae85a434897fa1c9da3096b959/window/rect - {}
RESULT: {}
COMMAND: POST /session/a414a6ae85a434897fa1c9da3096b959/execute/sync - {"script":"<script> [92 bytes]","args":[]}
RESULT: {"script":"<script> [92 bytes]","args":[]}
COMMAND: POST /session/a414a6ae85a434897fa1c9da3096b959/actions - {"actions":[{"id":"action6","type":"wheel","parameters":{},"actions":[{"type":"scroll","x":-1888,"y":-32,"deltaX":0,"deltaY":0,"duration":0,"origin":{"element-6066-11e4-a52e-4f735466cecf":"f.63F842937ABE5650621AFC3910BCBB57.d.A8376CC3F8A1A3678132DABA6FF861F9.e.3768"}}]}]}
COMMAND: GET /session/a414a6ae85a434897fa1c9da3096b959/screenshot - {}
RESULT: {}
COMMAND: POST /session/a414a6ae85a434897fa1c9da3096b959/execute/sync - {"script":"<script> [79 bytes]","args":[{"element-6066-11e4-a52e-4f735466cecf":"f.63F842937ABE5650621AFC3910BCBB57.d.A8376CC3F8A1A3678132DABA6FF861F9.e.3768","ELEMENT":"f.63F842937ABE5650621AFC3910BCBB57.d.A8376CC3F8A1A3678132DABA6FF861F9.e.3768"},{"block":"start","inline":"nearest"}]}
RESULT: {"script":"<script> [79 bytes]","args":[{"element-6066-11e4-a52e-4f735466cecf":"f.63F842937ABE5650621AFC3910BCBB57.d.A8376CC3F8A1A3678132DABA6FF861F9.e.3768","ELEMENT":"f.63F842937ABE5650621AFC3910BCBB57.d.A8376CC3F8A1A3678132DABA6FF861F9.e.3768"},{"block":"start","inline":"nearest"}]}
COMMAND: POST /session/a414a6ae85a434897fa1c9da3096b959/execute/async - {"script":"<script> [1562 bytes]","args":[{"selector":{"id":"application-manageresources-display-component---newResourceUnit--btnAddTimeSegment","interaction":{"idSuffix":"inner"}},"wdio_ui5_key":"applicationmanageresources-display-component---newResourceUnit--btnAddTimeSegment"}]}
COMMAND: GET /session/a414a6ae85a434897fa1c9da3096b959/screenshot - {}
RESULT: {"script":"<script> [1562 bytes]","args":[{"selector":{"id":"application-manageresources-display-component---newResourceUnit--btnAddTimeSegment","interaction":{"idSuffix":"inner"}},"wdio_ui5_key":"applicationmanageresources-display-component---newResourceUnit--btnAddTimeSegment"}]}
RESULT: undefined
COMMAND: POST /session/a414a6ae85a434897fa1c9da3096b959/element - {"using":"xpath","value":"//*[@id=\"application-manageresources-display-component---newResourceUnit--btnAddTimeSegment\"]"}
RESULT: {}
RESULT: {"using":"xpath","value":"//*[@id=\"application-manageresources-display-component---newResourceUnit--btnAddTimeSegment\"]"}
COMMAND: POST /session/a414a6ae85a434897fa1c9da3096b959/element/f.63F842937ABE5650621AFC3910BCBB57.d.A8376CC3F8A1A3678132DABA6FF861F9.e.3768/click - {}
RESULT: {}
COMMAND: GET /session/a414a6ae85a434897fa1c9da3096b959/screenshot - {}
RESULT: {}
COMMAND: POST /session/a414a6ae85a434897fa1c9da3096b959/element - {"using":"xpath","value":"//input[@id=\"application-manageresources-display-component---newResourceUnit--idRuTSAdmin-application-manageresources-display-component---newResourceUnit--RUTimeSegment-0-inner\"]"}
RESULT: {"using":"xpath","value":"//input[@id=\"application-manageresources-display-component---newResourceUnit--idRuTSAdmin-application-manageresources-display-component---newResourceUnit--RUTimeSegment-0-inner\"]"}
COMMAND: POST /session/a414a6ae85a434897fa1c9da3096b959/element/f.63F842937ABE5650621AFC3910BCBB57.d.A8376CC3F8A1A3678132DABA6FF861F9.e.3773/clear - {}
RESULT: {}
COMMAND: POST /session/a414a6ae85a434897fa1c9da3096b959/element/f.63F842937ABE5650621AFC3910BCBB57.d.A8376CC3F8A1A3678132DABA6FF861F9.e.3773/value - {"text":"497"}
COMMAND: GET /session/a414a6ae85a434897fa1c9da3096b959/screenshot - {}
RESULT: {"text":"497"}
COMMAND: GET /session/a414a6ae85a434897fa1c9da3096b959/screenshot - {}
RESULT: {}
RESULT: {}
COMMAND: POST /session/a414a6ae85a434897fa1c9da3096b959/element - {"using":"xpath","value":"//li[.//span[text()='497']]"}
RESULT: {"using":"xpath","value":"//li[.//span[text()='497']]"}
COMMAND: POST /session/a414a6ae85a434897fa1c9da3096b959/element/f.63F842937ABE5650621AFC3910BCBB57.d.A8376CC3F8A1A3678132DABA6FF861F9.e.3783/click - {}
RESULT: {}
COMMAND: GET /session/a414a6ae85a434897fa1c9da3096b959/screenshot - {}
RESULT: {}
COMMAND: POST /session/a414a6ae85a434897fa1c9da3096b959/element - {"using":"xpath","value":"(//span[contains(@id, \"-application-manageresources-display-component---newResourceUnit--RUTimeSegment-0-arrow\")])[2]"}
RESULT: {"using":"xpath","value":"(//span[contains(@id, \"-application-manageresources-display-component---newResourceUnit--RUTimeSegment-0-arrow\")])[2]"}
COMMAND: POST /session/a414a6ae85a434897fa1c9da3096b959/element/f.63F842937ABE5650621AFC3910BCBB57.d.A8376CC3F8A1A3678132DABA6FF861F9.e.3784/click - {}
RESULT: {}
COMMAND: POST /session/a414a6ae85a434897fa1c9da3096b959/element - {"using":"xpath","value":"//span[contains(text(), \"PM Order\")]"}
COMMAND: GET /session/a414a6ae85a434897fa1c9da3096b959/screenshot - {}
RESULT: {"using":"xpath","value":"//span[contains(text(), \"PM Order\")]"}
COMMAND: POST /session/a414a6ae85a434897fa1c9da3096b959/element/f.63F842937ABE5650621AFC3910BCBB57.d.A8376CC3F8A1A3678132DABA6FF861F9.e.3785/click - {}
RESULT: {}
RESULT: {}
COMMAND: GET /session/a414a6ae85a434897fa1c9da3096b959/screenshot - {}
RESULT: {}
COMMAND: POST /session/a414a6ae85a434897fa1c9da3096b959/element - {"using":"xpath","value":"//td/div/div/div/span[contains(@id, \"newResourceUnit--RUTimeSegment-0-vhi\")][1]"}
RESULT: {"using":"xpath","value":"//td/div/div/div/span[contains(@id, \"newResourceUnit--RUTimeSegment-0-vhi\")][1]"}
COMMAND: GET /session/a414a6ae85a434897fa1c9da3096b959/element/f.63F842937ABE5650621AFC3910BCBB57.d.A8376CC3F8A1A3678132DABA6FF861F9.e.3789/rect - {}
RESULT: {}
COMMAND: GET /session/a414a6ae85a434897fa1c9da3096b959/window/rect - {}
RESULT: {}
COMMAND: POST /session/a414a6ae85a434897fa1c9da3096b959/execute/sync - {"script":"<script> [92 bytes]","args":[]}
RESULT: {"script":"<script> [92 bytes]","args":[]}
COMMAND: POST /session/a414a6ae85a434897fa1c9da3096b959/actions - {"actions":[{"id":"action7","type":"wheel","parameters":{},"actions":[{"type":"scroll","x":-1888,"y":-24,"deltaX":0,"deltaY":0,"duration":0,"origin":{"element-6066-11e4-a52e-4f735466cecf":"f.63F842937ABE5650621AFC3910BCBB57.d.A8376CC3F8A1A3678132DABA6FF861F9.e.3789"}}]}]}
COMMAND: GET /session/a414a6ae85a434897fa1c9da3096b959/screenshot - {}
RESULT: {}
COMMAND: POST /session/a414a6ae85a434897fa1c9da3096b959/execute/sync - {"script":"<script> [79 bytes]","args":[{"element-6066-11e4-a52e-4f735466cecf":"f.63F842937ABE5650621AFC3910BCBB57.d.A8376CC3F8A1A3678132DABA6FF861F9.e.3789","ELEMENT":"f.63F842937ABE5650621AFC3910BCBB57.d.A8376CC3F8A1A3678132DABA6FF861F9.e.3789"},{"block":"start","inline":"nearest"}]}
RESULT: {"script":"<script> [79 bytes]","args":[{"element-6066-11e4-a52e-4f735466cecf":"f.63F842937ABE5650621AFC3910BCBB57.d.A8376CC3F8A1A3678132DABA6FF861F9.e.3789","ELEMENT":"f.63F842937ABE5650621AFC3910BCBB57.d.A8376CC3F8A1A3678132DABA6FF861F9.e.3789"},{"block":"start","inline":"nearest"}]}
COMMAND: GET /session/a414a6ae85a434897fa1c9da3096b959/screenshot - {}
RESULT: {}
COMMAND: POST /session/a414a6ae85a434897fa1c9da3096b959/element/f.63F842937ABE5650621AFC3910BCBB57.d.A8376CC3F8A1A3678132DABA6FF861F9.e.3789/click - {}
RESULT: {}
COMMAND: GET /session/a414a6ae85a434897fa1c9da3096b959/screenshot - {}
RESULT: {}
RESULT: undefined
COMMAND: POST /session/a414a6ae85a434897fa1c9da3096b959/execute/async - {"script":"<script> [776 bytes]","args":[{"enterText":"4000360","selector":{"controlType":"sap.m.SearchField","properties":{"placeholder":"Search"},"searchOpenDialogs":true,"interaction":{"idSuffix":"I"}},"clearTextFirst":true,"interactionType":"ENTER_TEXT"}]}
RESULT: {"script":"<script> [776 bytes]","args":[{"enterText":"4000360","selector":{"controlType":"sap.m.SearchField","properties":{"placeholder":"Search"},"searchOpenDialogs":true,"interaction":{"idSuffix":"I"}},"clearTextFirst":true,"interactionType":"ENTER_TEXT"}]}
COMMAND: POST /session/a414a6ae85a434897fa1c9da3096b959/actions - {"actions":[{"id":"action8","type":"key","parameters":{},"actions":[{"type":"keyDown","value":""},{"type":"pause","duration":10},{"type":"keyUp","value":""}]}]}
RESULT: {"actions":[{"id":"action8","type":"key","parameters":{},"actions":[{"type":"keyDown","value":""},{"type":"pause","duration":10},{"type":"keyUp","value":""}]}]}
COMMAND: GET /session/a414a6ae85a434897fa1c9da3096b959/screenshot - {}
RESULT: {}
COMMAND: POST /session/a414a6ae85a434897fa1c9da3096b959/element - {"using":"xpath","value":"//td/div/span[contains(text(), \"BGL Vehicles\")]"}
RESULT: {"using":"xpath","value":"//td/div/span[contains(text(), \"BGL Vehicles\")]"}
COMMAND: POST /session/a414a6ae85a434897fa1c9da3096b959/element/f.63F842937ABE5650621AFC3910BCBB57.d.A8376CC3F8A1A3678132DABA6FF861F9.e.3809/click - {}
RESULT: {}
COMMAND: GET /session/a414a6ae85a434897fa1c9da3096b959/screenshot - {}
RESULT: {}
COMMAND: POST /session/a414a6ae85a434897fa1c9da3096b959/element - {"using":"xpath","value":"//bdi[contains(text(), \"OK\")]"}
RESULT: {"using":"xpath","value":"//bdi[contains(text(), \"OK\")]"}
COMMAND: POST /session/a414a6ae85a434897fa1c9da3096b959/element/f.63F842937ABE5650621AFC3910BCBB57.d.A8376CC3F8A1A3678132DABA6FF861F9.e.3810/click - {}
RESULT: {}
COMMAND: GET /session/a414a6ae85a434897fa1c9da3096b959/screenshot - {}
RESULT: {}
COMMAND: POST /session/a414a6ae85a434897fa1c9da3096b959/element - {"using":"xpath","value":"//label[contains(@class, 'sapMLabelRequired') and .//bdi[contains(text(), 'Planned Retirement')]]"}
RESULT: {"using":"xpath","value":"//label[contains(@class, 'sapMLabelRequired') and .//bdi[contains(text(), 'Planned Retirement')]]"}
COMMAND: POST /session/a414a6ae85a434897fa1c9da3096b959/elements - {"using":"xpath","value":"//label[contains(@class, 'sapMLabelRequired') and .//bdi[contains(text(), 'Planned Retirement')]]"}
RESULT: {"using":"xpath","value":"//label[contains(@class, 'sapMLabelRequired') and .//bdi[contains(text(), 'Planned Retirement')]]"}
COMMAND: POST /session/a414a6ae85a434897fa1c9da3096b959/element - {"using":"xpath","value":"//button[@data-kt=\"resourceUnitSaveButton\"]"}
RESULT: {"using":"xpath","value":"//button[@data-kt=\"resourceUnitSaveButton\"]"}
COMMAND: POST /session/a414a6ae85a434897fa1c9da3096b959/element/f.63F842937ABE5650621AFC3910BCBB57.d.A8376CC3F8A1A3678132DABA6FF861F9.e.3645/click - {}
RESULT: {}
COMMAND: GET /session/a414a6ae85a434897fa1c9da3096b959/screenshot - {}
RESULT: {}
COMMAND: POST /session/a414a6ae85a434897fa1c9da3096b959/element - {"using":"xpath","value":"//bdi[contains(text(), \"Close\")]"}
RESULT: {"using":"xpath","value":"//bdi[contains(text(), \"Close\")]"}
COMMAND: POST /session/a414a6ae85a434897fa1c9da3096b959/element/f.63F842937ABE5650621AFC3910BCBB57.d.A8376CC3F8A1A3678132DABA6FF861F9.e.3817/click - {}
RESULT: {}
COMMAND: GET /session/a414a6ae85a434897fa1c9da3096b959/screenshot - {}
RESULT: {}
COMMAND: POST /session/a414a6ae85a434897fa1c9da3096b959/element - {"using":"xpath","value":"//header[contains(@id, 'detailRruPage-headerTitle')]/div[1]/div[2]/div[2]/span[1]"}
RESULT: {"using":"xpath","value":"//header[contains(@id, 'detailRruPage-headerTitle')]/div[1]/div[2]/div[2]/span[1]"}
COMMAND: POST /session/a414a6ae85a434897fa1c9da3096b959/elements - {"using":"xpath","value":"//header[contains(@id, 'detailRruPage-headerTitle')]/div[1]/div[2]/div[2]/span[1]"}
RESULT: {"using":"xpath","value":"//header[contains(@id, 'detailRruPage-headerTitle')]/div[1]/div[2]/div[2]/span[1]"}
COMMAND: POST /session/a414a6ae85a434897fa1c9da3096b959/execute/sync - {"script":"<script> [56 bytes]","args":[{"element-6066-11e4-a52e-4f735466cecf":"f.63F842937ABE5650621AFC3910BCBB57.d.A8376CC3F8A1A3678132DABA6FF861F9.e.3856","ELEMENT":"f.63F842937ABE5650621AFC3910BCBB57.d.A8376CC3F8A1A3678132DABA6FF861F9.e.3856"}]}
RESULT: {"script":"<script> [56 bytes]","args":[{"element-6066-11e4-a52e-4f735466cecf":"f.63F842937ABE5650621AFC3910BCBB57.d.A8376CC3F8A1A3678132DABA6FF861F9.e.3856","ELEMENT":"f.63F842937ABE5650621AFC3910BCBB57.d.A8376CC3F8A1A3678132DABA6FF861F9.e.3856"}]}
COMMAND: POST /session/a414a6ae85a434897fa1c9da3096b959/element - {"using":"css selector","value":"#shell-header-logo"}
COMMAND: GET /session/a414a6ae85a434897fa1c9da3096b959/screenshot - {}
RESULT: {"using":"css selector","value":"#shell-header-logo"}
COMMAND: POST /session/a414a6ae85a434897fa1c9da3096b959/element/f.63F842937ABE5650621AFC3910BCBB57.d.A8376CC3F8A1A3678132DABA6FF861F9.e.3235/click - {}
RESULT: {}
RESULT: {}
COMMAND: GET /session/a414a6ae85a434897fa1c9da3096b959/screenshot - {}
RESULT: {}
]]></system-out>
    </testcase>
    <testcase classname="chrome.136_0_7103_93.windows.Provide_to_Site_w/_warehouse_management_w/_clarification_US115878" name="Bin Status Report Should Create New Organization yard" time="85.807">
      <system-out><![CDATA[
COMMAND: POST /session/a414a6ae85a434897fa1c9da3096b959/execute/async - {"script":"<script> [1562 bytes]","args":[{"selector":{"controlType":"sap.m.GenericTile","properties":{"header":"Bin Status Report"}},"wdio_ui5_key":"sapm.GenericTile{\"header\":\"Bin Status Report\"}"}]}
RESULT: {"script":"<script> [1562 bytes]","args":[{"selector":{"controlType":"sap.m.GenericTile","properties":{"header":"Bin Status Report"}},"wdio_ui5_key":"sapm.GenericTile{\"header\":\"Bin Status Report\"}"}]}
RESULT: undefined
COMMAND: POST /session/a414a6ae85a434897fa1c9da3096b959/element - {"using":"xpath","value":"//*[@id=\"__tile104\"]"}
RESULT: {"using":"xpath","value":"//*[@id=\"__tile104\"]"}
COMMAND: POST /session/a414a6ae85a434897fa1c9da3096b959/element/f.63F842937ABE5650621AFC3910BCBB57.d.A8376CC3F8A1A3678132DABA6FF861F9.e.3858/click - {}
RESULT: {}
COMMAND: GET /session/a414a6ae85a434897fa1c9da3096b959/screenshot - {}
RESULT: {}
COMMAND: POST /session/a414a6ae85a434897fa1c9da3096b959/elements - {"using":"xpath","value":"//span[text()='Error']"}
RESULT: {"using":"xpath","value":"//span[text()='Error']"}
COMMAND: POST /session/a414a6ae85a434897fa1c9da3096b959/element - {"using":"xpath","value":"//button[@id=\"application-binstatusreport-display-component---warehousing--createOrgBtn\"]"}
RESULT: {"using":"xpath","value":"//button[@id=\"application-binstatusreport-display-component---warehousing--createOrgBtn\"]"}
COMMAND: POST /session/a414a6ae85a434897fa1c9da3096b959/elements - {"using":"xpath","value":"//button[@id=\"application-binstatusreport-display-component---warehousing--createOrgBtn\"]"}
RESULT: {"using":"xpath","value":"//button[@id=\"application-binstatusreport-display-component---warehousing--createOrgBtn\"]"}
COMMAND: POST /session/a414a6ae85a434897fa1c9da3096b959/execute/sync - {"script":"<script> [8489 bytes]","args":[{"element-6066-11e4-a52e-4f735466cecf":"f.63F842937ABE5650621AFC3910BCBB57.d.A8376CC3F8A1A3678132DABA6FF861F9.e.3896","ELEMENT":"f.63F842937ABE5650621AFC3910BCBB57.d.A8376CC3F8A1A3678132DABA6FF861F9.e.3896"}]}
RESULT: {"script":"<script> [8489 bytes]","args":[{"element-6066-11e4-a52e-4f735466cecf":"f.63F842937ABE5650621AFC3910BCBB57.d.A8376CC3F8A1A3678132DABA6FF861F9.e.3896","ELEMENT":"f.63F842937ABE5650621AFC3910BCBB57.d.A8376CC3F8A1A3678132DABA6FF861F9.e.3896"}]}
COMMAND: GET /session/a414a6ae85a434897fa1c9da3096b959/element/f.63F842937ABE5650621AFC3910BCBB57.d.A8376CC3F8A1A3678132DABA6FF861F9.e.3896/enabled - {}
COMMAND: GET /session/a414a6ae85a434897fa1c9da3096b959/screenshot - {}
RESULT: {}
COMMAND: POST /session/a414a6ae85a434897fa1c9da3096b959/execute/sync - {"script":"<script> [8489 bytes]","args":[{"element-6066-11e4-a52e-4f735466cecf":"f.63F842937ABE5650621AFC3910BCBB57.d.A8376CC3F8A1A3678132DABA6FF861F9.e.3896","ELEMENT":"f.63F842937ABE5650621AFC3910BCBB57.d.A8376CC3F8A1A3678132DABA6FF861F9.e.3896"}]}
COMMAND: GET /session/a414a6ae85a434897fa1c9da3096b959/screenshot - {}
RESULT: {}
RESULT: {"script":"<script> [8489 bytes]","args":[{"element-6066-11e4-a52e-4f735466cecf":"f.63F842937ABE5650621AFC3910BCBB57.d.A8376CC3F8A1A3678132DABA6FF861F9.e.3896","ELEMENT":"f.63F842937ABE5650621AFC3910BCBB57.d.A8376CC3F8A1A3678132DABA6FF861F9.e.3896"}]}
COMMAND: POST /session/a414a6ae85a434897fa1c9da3096b959/execute/sync - {"script":"<script> [5351 bytes]","args":[{"element-6066-11e4-a52e-4f735466cecf":"f.63F842937ABE5650621AFC3910BCBB57.d.A8376CC3F8A1A3678132DABA6FF861F9.e.3896","ELEMENT":"f.63F842937ABE5650621AFC3910BCBB57.d.A8376CC3F8A1A3678132DABA6FF861F9.e.3896"}]}
COMMAND: GET /session/a414a6ae85a434897fa1c9da3096b959/screenshot - {}
RESULT: {}
RESULT: {"script":"<script> [5351 bytes]","args":[{"element-6066-11e4-a52e-4f735466cecf":"f.63F842937ABE5650621AFC3910BCBB57.d.A8376CC3F8A1A3678132DABA6FF861F9.e.3896","ELEMENT":"f.63F842937ABE5650621AFC3910BCBB57.d.A8376CC3F8A1A3678132DABA6FF861F9.e.3896"}]}
COMMAND: GET /session/a414a6ae85a434897fa1c9da3096b959/screenshot - {}
RESULT: {}
RESULT: {}
COMMAND: POST /session/a414a6ae85a434897fa1c9da3096b959/element/f.63F842937ABE5650621AFC3910BCBB57.d.A8376CC3F8A1A3678132DABA6FF861F9.e.3896/click - {}
RESULT: {}
COMMAND: GET /session/a414a6ae85a434897fa1c9da3096b959/screenshot - {}
RESULT: {}
COMMAND: POST /session/a414a6ae85a434897fa1c9da3096b959/execute/async - {"script":"<script> [1562 bytes]","args":[{"selector":{"id":"createOrganizationPop--sectionInput","searchOpenDialogs":true,"interaction":{"idSuffix":"inner"}},"wdio_ui5_key":"createOrganizationPopsectionInput"}]}
RESULT: {"script":"<script> [1562 bytes]","args":[{"selector":{"id":"createOrganizationPop--sectionInput","searchOpenDialogs":true,"interaction":{"idSuffix":"inner"}},"wdio_ui5_key":"createOrganizationPopsectionInput"}]}
RESULT: undefined
COMMAND: POST /session/a414a6ae85a434897fa1c9da3096b959/execute/async - {"script":"<script> [776 bytes]","args":[{"enterText":"WDIO-497","selector":{"id":"createOrganizationPop--sectionInput","searchOpenDialogs":true,"interaction":{"idSuffix":"inner"}},"clearTextFirst":true,"interactionType":"ENTER_TEXT"}]}
RESULT: {"script":"<script> [776 bytes]","args":[{"enterText":"WDIO-497","selector":{"id":"createOrganizationPop--sectionInput","searchOpenDialogs":true,"interaction":{"idSuffix":"inner"}},"clearTextFirst":true,"interactionType":"ENTER_TEXT"}]}
COMMAND: POST /session/a414a6ae85a434897fa1c9da3096b959/execute/async - {"script":"<script> [1562 bytes]","args":[{"selector":{"id":"createOrganizationPop--descriptionInput","searchOpenDialogs":true,"interaction":{"idSuffix":"inner"}},"wdio_ui5_key":"createOrganizationPopdescriptionInput"}]}
RESULT: {"script":"<script> [1562 bytes]","args":[{"selector":{"id":"createOrganizationPop--descriptionInput","searchOpenDialogs":true,"interaction":{"idSuffix":"inner"}},"wdio_ui5_key":"createOrganizationPopdescriptionInput"}]}
RESULT: undefined
COMMAND: POST /session/a414a6ae85a434897fa1c9da3096b959/execute/async - {"script":"<script> [776 bytes]","args":[{"enterText":"Shipping-497","selector":{"id":"createOrganizationPop--descriptionInput","searchOpenDialogs":true,"interaction":{"idSuffix":"inner"}},"clearTextFirst":true,"interactionType":"ENTER_TEXT"}]}
RESULT: {"script":"<script> [776 bytes]","args":[{"enterText":"Shipping-497","selector":{"id":"createOrganizationPop--descriptionInput","searchOpenDialogs":true,"interaction":{"idSuffix":"inner"}},"clearTextFirst":true,"interactionType":"ENTER_TEXT"}]}
COMMAND: POST /session/a414a6ae85a434897fa1c9da3096b959/element - {"using":"css selector","value":"#createOrganizationPop--yardOrg-inner"}
RESULT: {"using":"css selector","value":"#createOrganizationPop--yardOrg-inner"}
COMMAND: POST /session/a414a6ae85a434897fa1c9da3096b959/element/f.63F842937ABE5650621AFC3910BCBB57.d.A8376CC3F8A1A3678132DABA6FF861F9.e.3952/clear - {}
RESULT: {}
COMMAND: POST /session/a414a6ae85a434897fa1c9da3096b959/element/f.63F842937ABE5650621AFC3910BCBB57.d.A8376CC3F8A1A3678132DABA6FF861F9.e.3952/value - {"text":"497"}
COMMAND: GET /session/a414a6ae85a434897fa1c9da3096b959/screenshot - {}
RESULT: {"text":"497"}
COMMAND: GET /session/a414a6ae85a434897fa1c9da3096b959/screenshot - {}
RESULT: {}
RESULT: {}
COMMAND: POST /session/a414a6ae85a434897fa1c9da3096b959/actions - {"actions":[{"id":"action9","type":"key","parameters":{},"actions":[{"type":"keyDown","value":""},{"type":"pause","duration":10},{"type":"keyUp","value":""}]}]}
RESULT: {"actions":[{"id":"action9","type":"key","parameters":{},"actions":[{"type":"keyDown","value":""},{"type":"pause","duration":10},{"type":"keyUp","value":""}]}]}
COMMAND: POST /session/a414a6ae85a434897fa1c9da3096b959/execute/async - {"script":"<script> [1562 bytes]","args":[{"selector":{"id":"createOrganizationPop--grZone","searchOpenDialogs":true,"interaction":{"idSuffix":"CbBg"}},"wdio_ui5_key":"createOrganizationPopgrZone"}]}
COMMAND: GET /session/a414a6ae85a434897fa1c9da3096b959/screenshot - {}
RESULT: {"script":"<script> [1562 bytes]","args":[{"selector":{"id":"createOrganizationPop--grZone","searchOpenDialogs":true,"interaction":{"idSuffix":"CbBg"}},"wdio_ui5_key":"createOrganizationPopgrZone"}]}
RESULT: undefined
COMMAND: POST /session/a414a6ae85a434897fa1c9da3096b959/element - {"using":"xpath","value":"//*[@id=\"createOrganizationPop--grZone\"]"}
RESULT: {}
RESULT: {"using":"xpath","value":"//*[@id=\"createOrganizationPop--grZone\"]"}
COMMAND: POST /session/a414a6ae85a434897fa1c9da3096b959/element/f.63F842937ABE5650621AFC3910BCBB57.d.A8376CC3F8A1A3678132DABA6FF861F9.e.3974/click - {}
RESULT: {}
COMMAND: GET /session/a414a6ae85a434897fa1c9da3096b959/screenshot - {}
RESULT: {}
COMMAND: POST /session/a414a6ae85a434897fa1c9da3096b959/execute/async - {"script":"<script> [1562 bytes]","args":[{"selector":{"id":"createOrganizationPop--giZone","searchOpenDialogs":true,"interaction":{"idSuffix":"CbBg"}},"wdio_ui5_key":"createOrganizationPopgiZone"}]}
RESULT: {"script":"<script> [1562 bytes]","args":[{"selector":{"id":"createOrganizationPop--giZone","searchOpenDialogs":true,"interaction":{"idSuffix":"CbBg"}},"wdio_ui5_key":"createOrganizationPopgiZone"}]}
RESULT: undefined
COMMAND: POST /session/a414a6ae85a434897fa1c9da3096b959/element - {"using":"xpath","value":"//*[@id=\"createOrganizationPop--giZone\"]"}
RESULT: {"using":"xpath","value":"//*[@id=\"createOrganizationPop--giZone\"]"}
COMMAND: POST /session/a414a6ae85a434897fa1c9da3096b959/element/f.63F842937ABE5650621AFC3910BCBB57.d.A8376CC3F8A1A3678132DABA6FF861F9.e.3976/click - {}
RESULT: {}
COMMAND: GET /session/a414a6ae85a434897fa1c9da3096b959/screenshot - {}
RESULT: {}
COMMAND: POST /session/a414a6ae85a434897fa1c9da3096b959/execute/async - {"script":"<script> [1562 bytes]","args":[{"selector":{"id":"createOrganizationPop--binNoInput","searchOpenDialogs":true,"interaction":{"idSuffix":"inner"}},"wdio_ui5_key":"createOrganizationPopbinNoInput"}]}
RESULT: {"script":"<script> [1562 bytes]","args":[{"selector":{"id":"createOrganizationPop--binNoInput","searchOpenDialogs":true,"interaction":{"idSuffix":"inner"}},"wdio_ui5_key":"createOrganizationPopbinNoInput"}]}
RESULT: undefined
COMMAND: POST /session/a414a6ae85a434897fa1c9da3096b959/execute/async - {"script":"<script> [776 bytes]","args":[{"enterText":"Bin-Wd","selector":{"id":"createOrganizationPop--binNoInput","searchOpenDialogs":true,"interaction":{"idSuffix":"inner"}},"clearTextFirst":true,"interactionType":"ENTER_TEXT"}]}
RESULT: {"script":"<script> [776 bytes]","args":[{"enterText":"Bin-Wd","selector":{"id":"createOrganizationPop--binNoInput","searchOpenDialogs":true,"interaction":{"idSuffix":"inner"}},"clearTextFirst":true,"interactionType":"ENTER_TEXT"}]}
COMMAND: POST /session/a414a6ae85a434897fa1c9da3096b959/execute/async - {"script":"<script> [1562 bytes]","args":[{"selector":{"id":"createOrganizationPop--descriptionId","searchOpenDialogs":true,"interaction":{"idSuffix":"inner"}},"wdio_ui5_key":"createOrganizationPopdescriptionId"}]}
RESULT: {"script":"<script> [1562 bytes]","args":[{"selector":{"id":"createOrganizationPop--descriptionId","searchOpenDialogs":true,"interaction":{"idSuffix":"inner"}},"wdio_ui5_key":"createOrganizationPopdescriptionId"}]}
RESULT: undefined
COMMAND: POST /session/a414a6ae85a434897fa1c9da3096b959/execute/async - {"script":"<script> [776 bytes]","args":[{"enterText":"Shipping-Wd","selector":{"id":"createOrganizationPop--descriptionId","searchOpenDialogs":true,"interaction":{"idSuffix":"inner"}},"clearTextFirst":true,"interactionType":"ENTER_TEXT"}]}
RESULT: {"script":"<script> [776 bytes]","args":[{"enterText":"Shipping-Wd","selector":{"id":"createOrganizationPop--descriptionId","searchOpenDialogs":true,"interaction":{"idSuffix":"inner"}},"clearTextFirst":true,"interactionType":"ENTER_TEXT"}]}
COMMAND: POST /session/a414a6ae85a434897fa1c9da3096b959/execute/async - {"script":"<script> [1562 bytes]","args":[{"selector":{"controlType":"sap.m.CheckBox","viewName":"etm.portal.ui.binstatusreport.view.MasterWareBins","viewId":"application-binstatusreport-display-component---warehousing","bindingPath":{"path":"","propertyPath":"/ZONE","modelName":"newBin"},"searchOpenDialogs":true,"interaction":{"idSuffix":"CbBg"}},"wdio_ui5_key":"etmportal.ui.binstatusreport.view.MasterWareBinssap.m.CheckBox{\"path\":\"\",\"propertyPath\":\"/ZONE\",\"modelName\":\"newBin\"}"}]}
RESULT: {"script":"<script> [1562 bytes]","args":[{"selector":{"controlType":"sap.m.CheckBox","viewName":"etm.portal.ui.binstatusreport.view.MasterWareBins","viewId":"application-binstatusreport-display-component---warehousing","bindingPath":{"path":"","propertyPath":"/ZONE","modelName":"newBin"},"searchOpenDialogs":true,"interaction":{"idSuffix":"CbBg"}},"wdio_ui5_key":"etmportal.ui.binstatusreport.view.MasterWareBinssap.m.CheckBox{\"path\":\"\",\"propertyPath\":\"/ZONE\",\"modelName\":\"newBin\"}"}]}
RESULT: undefined
COMMAND: POST /session/a414a6ae85a434897fa1c9da3096b959/element - {"using":"xpath","value":"//*[@id=\"__box40\"]"}
RESULT: {"using":"xpath","value":"//*[@id=\"__box40\"]"}
COMMAND: POST /session/a414a6ae85a434897fa1c9da3096b959/element/f.63F842937ABE5650621AFC3910BCBB57.d.A8376CC3F8A1A3678132DABA6FF861F9.e.3999/click - {}
RESULT: {}
COMMAND: GET /session/a414a6ae85a434897fa1c9da3096b959/screenshot - {}
RESULT: {}
COMMAND: POST /session/a414a6ae85a434897fa1c9da3096b959/execute/async - {"script":"<script> [1562 bytes]","args":[{"selector":{"id":"createOrganizationPop--binTypesCB","searchOpenDialogs":true,"interaction":{"idSuffix":"inner"}},"wdio_ui5_key":"createOrganizationPopbinTypesCB"}]}
RESULT: {"script":"<script> [1562 bytes]","args":[{"selector":{"id":"createOrganizationPop--binTypesCB","searchOpenDialogs":true,"interaction":{"idSuffix":"inner"}},"wdio_ui5_key":"createOrganizationPopbinTypesCB"}]}
RESULT: undefined
COMMAND: POST /session/a414a6ae85a434897fa1c9da3096b959/execute/async - {"script":"<script> [776 bytes]","args":[{"enterText":"1 - General / No capacity check","selector":{"id":"createOrganizationPop--binTypesCB","searchOpenDialogs":true,"interaction":{"idSuffix":"inner"}},"clearTextFirst":true,"interactionType":"ENTER_TEXT"}]}
RESULT: {"script":"<script> [776 bytes]","args":[{"enterText":"1 - General / No capacity check","selector":{"id":"createOrganizationPop--binTypesCB","searchOpenDialogs":true,"interaction":{"idSuffix":"inner"}},"clearTextFirst":true,"interactionType":"ENTER_TEXT"}]}
COMMAND: POST /session/a414a6ae85a434897fa1c9da3096b959/actions - {"actions":[{"id":"action10","type":"key","parameters":{},"actions":[{"type":"keyDown","value":""},{"type":"pause","duration":10},{"type":"keyUp","value":""}]}]}
RESULT: {"actions":[{"id":"action10","type":"key","parameters":{},"actions":[{"type":"keyDown","value":""},{"type":"pause","duration":10},{"type":"keyUp","value":""}]}]}
COMMAND: GET /session/a414a6ae85a434897fa1c9da3096b959/screenshot - {}
RESULT: {}
COMMAND: POST /session/a414a6ae85a434897fa1c9da3096b959/execute/async - {"script":"<script> [1562 bytes]","args":[{"selector":{"id":"createOrganizationPop--finishBtn","searchOpenDialogs":true,"interaction":{"idSuffix":"BDI-content"}},"wdio_ui5_key":"createOrganizationPopfinishBtn"}]}
RESULT: {"script":"<script> [1562 bytes]","args":[{"selector":{"id":"createOrganizationPop--finishBtn","searchOpenDialogs":true,"interaction":{"idSuffix":"BDI-content"}},"wdio_ui5_key":"createOrganizationPopfinishBtn"}]}
RESULT: undefined
COMMAND: POST /session/a414a6ae85a434897fa1c9da3096b959/element - {"using":"xpath","value":"//*[@id=\"createOrganizationPop--finishBtn\"]"}
RESULT: {"using":"xpath","value":"//*[@id=\"createOrganizationPop--finishBtn\"]"}
COMMAND: POST /session/a414a6ae85a434897fa1c9da3096b959/element/f.63F842937ABE5650621AFC3910BCBB57.d.A8376CC3F8A1A3678132DABA6FF861F9.e.4010/click - {}
RESULT: {}
COMMAND: GET /session/a414a6ae85a434897fa1c9da3096b959/screenshot - {}
RESULT: {}
COMMAND: POST /session/a414a6ae85a434897fa1c9da3096b959/element - {"using":"css selector","value":"#shell-header-logo"}
RESULT: {"using":"css selector","value":"#shell-header-logo"}
COMMAND: POST /session/a414a6ae85a434897fa1c9da3096b959/element/f.63F842937ABE5650621AFC3910BCBB57.d.A8376CC3F8A1A3678132DABA6FF861F9.e.3864/click - {}
RESULT: {}
COMMAND: GET /session/a414a6ae85a434897fa1c9da3096b959/screenshot - {}
RESULT: {}
]]></system-out>
    </testcase>
    <testcase classname="chrome.136_0_7103_93.windows.Provide_to_Site_w/_warehouse_management_w/_clarification_US115878" name="Bin Status Report Should Create New Organization for Site" time="81.502">
      <system-out><![CDATA[
RESULT: undefined
COMMAND: POST /session/a414a6ae85a434897fa1c9da3096b959/element - {"using":"xpath","value":"//*[@id=\"__tile104\"]"}
RESULT: {"using":"xpath","value":"//*[@id=\"__tile104\"]"}
COMMAND: POST /session/a414a6ae85a434897fa1c9da3096b959/element/f.63F842937ABE5650621AFC3910BCBB57.d.A8376CC3F8A1A3678132DABA6FF861F9.e.3858/click - {}
RESULT: {}
COMMAND: GET /session/a414a6ae85a434897fa1c9da3096b959/screenshot - {}
RESULT: {}
COMMAND: POST /session/a414a6ae85a434897fa1c9da3096b959/elements - {"using":"xpath","value":"//span[text()='Error']"}
RESULT: {"using":"xpath","value":"//span[text()='Error']"}
COMMAND: POST /session/a414a6ae85a434897fa1c9da3096b959/element - {"using":"xpath","value":"//button[@id=\"application-binstatusreport-display-component---warehousing--createOrgBtn\"]"}
RESULT: {"using":"xpath","value":"//button[@id=\"application-binstatusreport-display-component---warehousing--createOrgBtn\"]"}
COMMAND: POST /session/a414a6ae85a434897fa1c9da3096b959/elements - {"using":"xpath","value":"//button[@id=\"application-binstatusreport-display-component---warehousing--createOrgBtn\"]"}
RESULT: {"using":"xpath","value":"//button[@id=\"application-binstatusreport-display-component---warehousing--createOrgBtn\"]"}
COMMAND: POST /session/a414a6ae85a434897fa1c9da3096b959/execute/sync - {"script":"<script> [8489 bytes]","args":[{"element-6066-11e4-a52e-4f735466cecf":"f.63F842937ABE5650621AFC3910BCBB57.d.A8376CC3F8A1A3678132DABA6FF861F9.e.4055","ELEMENT":"f.63F842937ABE5650621AFC3910BCBB57.d.A8376CC3F8A1A3678132DABA6FF861F9.e.4055"}]}
RESULT: {"script":"<script> [8489 bytes]","args":[{"element-6066-11e4-a52e-4f735466cecf":"f.63F842937ABE5650621AFC3910BCBB57.d.A8376CC3F8A1A3678132DABA6FF861F9.e.4055","ELEMENT":"f.63F842937ABE5650621AFC3910BCBB57.d.A8376CC3F8A1A3678132DABA6FF861F9.e.4055"}]}
COMMAND: GET /session/a414a6ae85a434897fa1c9da3096b959/element/f.63F842937ABE5650621AFC3910BCBB57.d.A8376CC3F8A1A3678132DABA6FF861F9.e.4055/enabled - {}
COMMAND: GET /session/a414a6ae85a434897fa1c9da3096b959/screenshot - {}
RESULT: {}
COMMAND: POST /session/a414a6ae85a434897fa1c9da3096b959/execute/sync - {"script":"<script> [8489 bytes]","args":[{"element-6066-11e4-a52e-4f735466cecf":"f.63F842937ABE5650621AFC3910BCBB57.d.A8376CC3F8A1A3678132DABA6FF861F9.e.4055","ELEMENT":"f.63F842937ABE5650621AFC3910BCBB57.d.A8376CC3F8A1A3678132DABA6FF861F9.e.4055"}]}
COMMAND: GET /session/a414a6ae85a434897fa1c9da3096b959/screenshot - {}
RESULT: {}
RESULT: {"script":"<script> [8489 bytes]","args":[{"element-6066-11e4-a52e-4f735466cecf":"f.63F842937ABE5650621AFC3910BCBB57.d.A8376CC3F8A1A3678132DABA6FF861F9.e.4055","ELEMENT":"f.63F842937ABE5650621AFC3910BCBB57.d.A8376CC3F8A1A3678132DABA6FF861F9.e.4055"}]}
COMMAND: POST /session/a414a6ae85a434897fa1c9da3096b959/execute/sync - {"script":"<script> [5351 bytes]","args":[{"element-6066-11e4-a52e-4f735466cecf":"f.63F842937ABE5650621AFC3910BCBB57.d.A8376CC3F8A1A3678132DABA6FF861F9.e.4055","ELEMENT":"f.63F842937ABE5650621AFC3910BCBB57.d.A8376CC3F8A1A3678132DABA6FF861F9.e.4055"}]}
COMMAND: GET /session/a414a6ae85a434897fa1c9da3096b959/screenshot - {}
RESULT: {}
RESULT: {"script":"<script> [5351 bytes]","args":[{"element-6066-11e4-a52e-4f735466cecf":"f.63F842937ABE5650621AFC3910BCBB57.d.A8376CC3F8A1A3678132DABA6FF861F9.e.4055","ELEMENT":"f.63F842937ABE5650621AFC3910BCBB57.d.A8376CC3F8A1A3678132DABA6FF861F9.e.4055"}]}
COMMAND: GET /session/a414a6ae85a434897fa1c9da3096b959/screenshot - {}
RESULT: {}
RESULT: {}
COMMAND: POST /session/a414a6ae85a434897fa1c9da3096b959/element/f.63F842937ABE5650621AFC3910BCBB57.d.A8376CC3F8A1A3678132DABA6FF861F9.e.4055/click - {}
RESULT: {}
COMMAND: GET /session/a414a6ae85a434897fa1c9da3096b959/screenshot - {}
RESULT: {}
RESULT: undefined
COMMAND: POST /session/a414a6ae85a434897fa1c9da3096b959/execute/async - {"script":"<script> [776 bytes]","args":[{"enterText":"2261","selector":{"id":"createOrganizationPop--sectionInput","searchOpenDialogs":true,"interaction":{"idSuffix":"inner"}},"clearTextFirst":true,"interactionType":"ENTER_TEXT"}]}
RESULT: {"script":"<script> [776 bytes]","args":[{"enterText":"2261","selector":{"id":"createOrganizationPop--sectionInput","searchOpenDialogs":true,"interaction":{"idSuffix":"inner"}},"clearTextFirst":true,"interactionType":"ENTER_TEXT"}]}
RESULT: undefined
COMMAND: POST /session/a414a6ae85a434897fa1c9da3096b959/execute/async - {"script":"<script> [776 bytes]","args":[{"enterText":"WDIO-2261","selector":{"id":"createOrganizationPop--descriptionInput","searchOpenDialogs":true,"interaction":{"idSuffix":"inner"}},"clearTextFirst":true,"interactionType":"ENTER_TEXT"}]}
RESULT: {"script":"<script> [776 bytes]","args":[{"enterText":"WDIO-2261","selector":{"id":"createOrganizationPop--descriptionInput","searchOpenDialogs":true,"interaction":{"idSuffix":"inner"}},"clearTextFirst":true,"interactionType":"ENTER_TEXT"}]}
COMMAND: POST /session/a414a6ae85a434897fa1c9da3096b959/element - {"using":"css selector","value":"#createOrganizationPop--siteOrg-inner"}
RESULT: {"using":"css selector","value":"#createOrganizationPop--siteOrg-inner"}
COMMAND: POST /session/a414a6ae85a434897fa1c9da3096b959/element/f.63F842937ABE5650621AFC3910BCBB57.d.A8376CC3F8A1A3678132DABA6FF861F9.e.4105/clear - {}
RESULT: {}
COMMAND: POST /session/a414a6ae85a434897fa1c9da3096b959/element/f.63F842937ABE5650621AFC3910BCBB57.d.A8376CC3F8A1A3678132DABA6FF861F9.e.4105/value - {"text":"2261"}
COMMAND: GET /session/a414a6ae85a434897fa1c9da3096b959/screenshot - {}
RESULT: {"text":"2261"}
COMMAND: GET /session/a414a6ae85a434897fa1c9da3096b959/screenshot - {}
RESULT: {}
RESULT: {}
COMMAND: POST /session/a414a6ae85a434897fa1c9da3096b959/actions - {"actions":[{"id":"action11","type":"key","parameters":{},"actions":[{"type":"keyDown","value":""},{"type":"pause","duration":10},{"type":"keyUp","value":""}]}]}
RESULT: {"actions":[{"id":"action11","type":"key","parameters":{},"actions":[{"type":"keyDown","value":""},{"type":"pause","duration":10},{"type":"keyUp","value":""}]}]}
RESULT: undefined
COMMAND: POST /session/a414a6ae85a434897fa1c9da3096b959/element - {"using":"xpath","value":"//*[@id=\"createOrganizationPop--giZone\"]"}
COMMAND: GET /session/a414a6ae85a434897fa1c9da3096b959/screenshot - {}
RESULT: {"using":"xpath","value":"//*[@id=\"createOrganizationPop--giZone\"]"}
COMMAND: POST /session/a414a6ae85a434897fa1c9da3096b959/element/f.63F842937ABE5650621AFC3910BCBB57.d.A8376CC3F8A1A3678132DABA6FF861F9.e.4137/click - {}
RESULT: {}
RESULT: {}
COMMAND: GET /session/a414a6ae85a434897fa1c9da3096b959/screenshot - {}
RESULT: {}
RESULT: undefined
COMMAND: POST /session/a414a6ae85a434897fa1c9da3096b959/execute/async - {"script":"<script> [776 bytes]","args":[{"enterText":"WD-BIN","selector":{"id":"createOrganizationPop--binNoInput","searchOpenDialogs":true,"interaction":{"idSuffix":"inner"}},"clearTextFirst":true,"interactionType":"ENTER_TEXT"}]}
RESULT: {"script":"<script> [776 bytes]","args":[{"enterText":"WD-BIN","selector":{"id":"createOrganizationPop--binNoInput","searchOpenDialogs":true,"interaction":{"idSuffix":"inner"}},"clearTextFirst":true,"interactionType":"ENTER_TEXT"}]}
RESULT: undefined
COMMAND: POST /session/a414a6ae85a434897fa1c9da3096b959/execute/async - {"script":"<script> [776 bytes]","args":[{"enterText":"WD-BIN","selector":{"id":"createOrganizationPop--descriptionId","searchOpenDialogs":true,"interaction":{"idSuffix":"inner"}},"clearTextFirst":true,"interactionType":"ENTER_TEXT"}]}
RESULT: {"script":"<script> [776 bytes]","args":[{"enterText":"WD-BIN","selector":{"id":"createOrganizationPop--descriptionId","searchOpenDialogs":true,"interaction":{"idSuffix":"inner"}},"clearTextFirst":true,"interactionType":"ENTER_TEXT"}]}
COMMAND: POST /session/a414a6ae85a434897fa1c9da3096b959/execute/async - {"script":"<script> [1562 bytes]","args":[{"selector":{"controlType":"sap.m.CheckBox","viewName":"etm.portal.ui.binstatusreport.view.MasterWareBins","viewId":"application-binstatusreport-display-component---warehousing","bindingPath":{"propertyPath":"/ZONE","modelName":"newBin"},"searchOpenDialogs":true,"interaction":{"idSuffix":"CbBg"}},"wdio_ui5_key":"etmportal.ui.binstatusreport.view.MasterWareBinssap.m.CheckBox{\"propertyPath\":\"/ZONE\",\"modelName\":\"newBin\"}"}]}
RESULT: {"script":"<script> [1562 bytes]","args":[{"selector":{"controlType":"sap.m.CheckBox","viewName":"etm.portal.ui.binstatusreport.view.MasterWareBins","viewId":"application-binstatusreport-display-component---warehousing","bindingPath":{"propertyPath":"/ZONE","modelName":"newBin"},"searchOpenDialogs":true,"interaction":{"idSuffix":"CbBg"}},"wdio_ui5_key":"etmportal.ui.binstatusreport.view.MasterWareBinssap.m.CheckBox{\"propertyPath\":\"/ZONE\",\"modelName\":\"newBin\"}"}]}
RESULT: undefined
COMMAND: POST /session/a414a6ae85a434897fa1c9da3096b959/element - {"using":"xpath","value":"//*[@id=\"__box52\"]"}
RESULT: {"using":"xpath","value":"//*[@id=\"__box52\"]"}
COMMAND: POST /session/a414a6ae85a434897fa1c9da3096b959/element/f.63F842937ABE5650621AFC3910BCBB57.d.A8376CC3F8A1A3678132DABA6FF861F9.e.4165/click - {}
RESULT: {}
COMMAND: GET /session/a414a6ae85a434897fa1c9da3096b959/screenshot - {}
RESULT: {}
RESULT: undefined
COMMAND: POST /session/a414a6ae85a434897fa1c9da3096b959/execute/async - {"script":"<script> [776 bytes]","args":[{"enterText":"1 - General / No capacity check","selector":{"id":"createOrganizationPop--binTypesCB","searchOpenDialogs":true,"interaction":{"idSuffix":"inner"}},"clearTextFirst":true,"interactionType":"ENTER_TEXT"}]}
RESULT: {"script":"<script> [776 bytes]","args":[{"enterText":"1 - General / No capacity check","selector":{"id":"createOrganizationPop--binTypesCB","searchOpenDialogs":true,"interaction":{"idSuffix":"inner"}},"clearTextFirst":true,"interactionType":"ENTER_TEXT"}]}
COMMAND: POST /session/a414a6ae85a434897fa1c9da3096b959/execute/async - {"script":"<script> [1562 bytes]","args":[{"selector":{"id":"createOrganizationPop--capacityId","searchOpenDialogs":true,"interaction":{"idSuffix":"inner"}},"wdio_ui5_key":"createOrganizationPopcapacityId"}]}
RESULT: {"script":"<script> [1562 bytes]","args":[{"selector":{"id":"createOrganizationPop--capacityId","searchOpenDialogs":true,"interaction":{"idSuffix":"inner"}},"wdio_ui5_key":"createOrganizationPopcapacityId"}]}
RESULT: undefined
COMMAND: POST /session/a414a6ae85a434897fa1c9da3096b959/actions - {"actions":[{"id":"action12","type":"key","parameters":{},"actions":[{"type":"keyDown","value":""},{"type":"pause","duration":10},{"type":"keyUp","value":""}]}]}
RESULT: {"actions":[{"id":"action12","type":"key","parameters":{},"actions":[{"type":"keyDown","value":""},{"type":"pause","duration":10},{"type":"keyUp","value":""}]}]}
COMMAND: GET /session/a414a6ae85a434897fa1c9da3096b959/screenshot - {}
RESULT: {}
RESULT: undefined
COMMAND: POST /session/a414a6ae85a434897fa1c9da3096b959/element - {"using":"xpath","value":"//*[@id=\"createOrganizationPop--finishBtn\"]"}
RESULT: {"using":"xpath","value":"//*[@id=\"createOrganizationPop--finishBtn\"]"}
COMMAND: POST /session/a414a6ae85a434897fa1c9da3096b959/element/f.63F842937ABE5650621AFC3910BCBB57.d.A8376CC3F8A1A3678132DABA6FF861F9.e.4179/click - {}
RESULT: {}
COMMAND: GET /session/a414a6ae85a434897fa1c9da3096b959/screenshot - {}
RESULT: {}
COMMAND: POST /session/a414a6ae85a434897fa1c9da3096b959/element - {"using":"css selector","value":"#shell-header-logo"}
RESULT: {"using":"css selector","value":"#shell-header-logo"}
COMMAND: POST /session/a414a6ae85a434897fa1c9da3096b959/element/f.63F842937ABE5650621AFC3910BCBB57.d.A8376CC3F8A1A3678132DABA6FF861F9.e.4019/click - {}
RESULT: {}
COMMAND: GET /session/a414a6ae85a434897fa1c9da3096b959/screenshot - {}
RESULT: {}
]]></system-out>
    </testcase>
  </testsuite>
  <testsuite timestamp="2025-05-30T16:35:23" time="448.04" tests="6" failures="6" errors="6" skipped="0">
    <properties>
      <property name="specId" value="0"/>
      <property name="suiteName" value="Provide to Site w/ warehouse management w clarification"/>
      <property name="capabilities" value="chrome.136_0_7103_93.windows"/>
      <property name="file" value="file:///D:/a/1/s/test/specs/HTR/provide-to-site-w-warehouse-w-clarification.spec.js"/>
    </properties>
    <testcase classname="chrome.136_0_7103_93.windows.Provide_to_Site_w/_warehouse_management_w_clarification" name="Should do a stock increase handover" time="97.93">
      <failure/>
      <error message="Can't call click on element with selector &quot;//li[.//span[contains(text(),'497 -')]]&quot; because element wasn't found"/>
      <system-out><![CDATA[
COMMAND: POST /session/a414a6ae85a434897fa1c9da3096b959/execute/async - {"script":"<script> [1562 bytes]","args":[{"selector":{"controlType":"sap.m.GenericTile","properties":{"header":"Manage Handovers"}},"wdio_ui5_key":"sapm.GenericTile{\"header\":\"Manage Handovers\"}"}]}
RESULT: {"script":"<script> [1562 bytes]","args":[{"selector":{"controlType":"sap.m.GenericTile","properties":{"header":"Manage Handovers"}},"wdio_ui5_key":"sapm.GenericTile{\"header\":\"Manage Handovers\"}"}]}
RESULT: undefined
COMMAND: POST /session/a414a6ae85a434897fa1c9da3096b959/element - {"using":"xpath","value":"//*[@id=\"__tile132\"]"}
RESULT: {"using":"xpath","value":"//*[@id=\"__tile132\"]"}
COMMAND: POST /session/a414a6ae85a434897fa1c9da3096b959/element/f.63F842937ABE5650621AFC3910BCBB57.d.A8376CC3F8A1A3678132DABA6FF861F9.e.1526/click - {}
RESULT: {}
COMMAND: GET /session/a414a6ae85a434897fa1c9da3096b959/screenshot - {}
RESULT: {}
COMMAND: POST /session/a414a6ae85a434897fa1c9da3096b959/elements - {"using":"xpath","value":"//span[text()='Error']"}
RESULT: {"using":"xpath","value":"//span[text()='Error']"}
COMMAND: POST /session/a414a6ae85a434897fa1c9da3096b959/element - {"using":"xpath","value":"//button[@data-kt=\"masterHOAddButton\"]"}
RESULT: {"using":"xpath","value":"//button[@data-kt=\"masterHOAddButton\"]"}
COMMAND: POST /session/a414a6ae85a434897fa1c9da3096b959/elements - {"using":"xpath","value":"//button[@data-kt=\"masterHOAddButton\"]"}
RESULT: {"using":"xpath","value":"//button[@data-kt=\"masterHOAddButton\"]"}
COMMAND: POST /session/a414a6ae85a434897fa1c9da3096b959/execute/sync - {"script":"<script> [8489 bytes]","args":[{"element-6066-11e4-a52e-4f735466cecf":"f.63F842937ABE5650621AFC3910BCBB57.d.A8376CC3F8A1A3678132DABA6FF861F9.e.4219","ELEMENT":"f.63F842937ABE5650621AFC3910BCBB57.d.A8376CC3F8A1A3678132DABA6FF861F9.e.4219"}]}
RESULT: {"script":"<script> [8489 bytes]","args":[{"element-6066-11e4-a52e-4f735466cecf":"f.63F842937ABE5650621AFC3910BCBB57.d.A8376CC3F8A1A3678132DABA6FF861F9.e.4219","ELEMENT":"f.63F842937ABE5650621AFC3910BCBB57.d.A8376CC3F8A1A3678132DABA6FF861F9.e.4219"}]}
COMMAND: GET /session/a414a6ae85a434897fa1c9da3096b959/element/f.63F842937ABE5650621AFC3910BCBB57.d.A8376CC3F8A1A3678132DABA6FF861F9.e.4219/enabled - {}
COMMAND: GET /session/a414a6ae85a434897fa1c9da3096b959/screenshot - {}
RESULT: {}
COMMAND: POST /session/a414a6ae85a434897fa1c9da3096b959/execute/sync - {"script":"<script> [8489 bytes]","args":[{"element-6066-11e4-a52e-4f735466cecf":"f.63F842937ABE5650621AFC3910BCBB57.d.A8376CC3F8A1A3678132DABA6FF861F9.e.4219","ELEMENT":"f.63F842937ABE5650621AFC3910BCBB57.d.A8376CC3F8A1A3678132DABA6FF861F9.e.4219"}]}
COMMAND: GET /session/a414a6ae85a434897fa1c9da3096b959/screenshot - {}
RESULT: {}
RESULT: {"script":"<script> [8489 bytes]","args":[{"element-6066-11e4-a52e-4f735466cecf":"f.63F842937ABE5650621AFC3910BCBB57.d.A8376CC3F8A1A3678132DABA6FF861F9.e.4219","ELEMENT":"f.63F842937ABE5650621AFC3910BCBB57.d.A8376CC3F8A1A3678132DABA6FF861F9.e.4219"}]}
COMMAND: POST /session/a414a6ae85a434897fa1c9da3096b959/execute/sync - {"script":"<script> [5351 bytes]","args":[{"element-6066-11e4-a52e-4f735466cecf":"f.63F842937ABE5650621AFC3910BCBB57.d.A8376CC3F8A1A3678132DABA6FF861F9.e.4219","ELEMENT":"f.63F842937ABE5650621AFC3910BCBB57.d.A8376CC3F8A1A3678132DABA6FF861F9.e.4219"}]}
COMMAND: GET /session/a414a6ae85a434897fa1c9da3096b959/screenshot - {}
RESULT: {}
RESULT: {"script":"<script> [5351 bytes]","args":[{"element-6066-11e4-a52e-4f735466cecf":"f.63F842937ABE5650621AFC3910BCBB57.d.A8376CC3F8A1A3678132DABA6FF861F9.e.4219","ELEMENT":"f.63F842937ABE5650621AFC3910BCBB57.d.A8376CC3F8A1A3678132DABA6FF861F9.e.4219"}]}
COMMAND: POST /session/a414a6ae85a434897fa1c9da3096b959/element/f.63F842937ABE5650621AFC3910BCBB57.d.A8376CC3F8A1A3678132DABA6FF861F9.e.4219/click - {}
COMMAND: GET /session/a414a6ae85a434897fa1c9da3096b959/screenshot - {}
RESULT: {}
RESULT: {}
COMMAND: GET /session/a414a6ae85a434897fa1c9da3096b959/screenshot - {}
RESULT: {}
RESULT: {}
COMMAND: POST /session/a414a6ae85a434897fa1c9da3096b959/element - {"using":"xpath","value":"//span[contains(@id ,\"AddNewHO--typeSelect-arrow\")]"}
RESULT: {"using":"xpath","value":"//span[contains(@id ,\"AddNewHO--typeSelect-arrow\")]"}
COMMAND: POST /session/a414a6ae85a434897fa1c9da3096b959/element/f.63F842937ABE5650621AFC3910BCBB57.d.A8376CC3F8A1A3678132DABA6FF861F9.e.4584/click - {}
RESULT: {}
COMMAND: GET /session/a414a6ae85a434897fa1c9da3096b959/screenshot - {}
RESULT: {}
COMMAND: POST /session/a414a6ae85a434897fa1c9da3096b959/element - {"using":"xpath","value":"(//li[contains(text(), \"stock increase yard\")])[1]"}
RESULT: {"using":"xpath","value":"(//li[contains(text(), \"stock increase yard\")])[1]"}
COMMAND: POST /session/a414a6ae85a434897fa1c9da3096b959/element/f.63F842937ABE5650621AFC3910BCBB57.d.A8376CC3F8A1A3678132DABA6FF861F9.e.4585/click - {}
RESULT: {}
COMMAND: GET /session/a414a6ae85a434897fa1c9da3096b959/screenshot - {}
RESULT: {}
COMMAND: POST /session/a414a6ae85a434897fa1c9da3096b959/execute/async - {"script":"<script> [1562 bytes]","args":[{"selector":{"id":"application-managehandovers-display-component---AddNewHO--dueDate","interaction":{"idSuffix":"inner"}},"wdio_ui5_key":"applicationmanagehandovers-display-component---AddNewHO--dueDate"}]}
RESULT: {"script":"<script> [1562 bytes]","args":[{"selector":{"id":"application-managehandovers-display-component---AddNewHO--dueDate","interaction":{"idSuffix":"inner"}},"wdio_ui5_key":"applicationmanagehandovers-display-component---AddNewHO--dueDate"}]}
RESULT: undefined
COMMAND: POST /session/a414a6ae85a434897fa1c9da3096b959/execute/async - {"script":"<script> [6424 bytes]","args":[{"element-6066-11e4-a52e-4f735466cecf":"f.63F842937ABE5650621AFC3910BCBB57.d.A8376CC3F8A1A3678132DABA6FF861F9.e.4587"},"setValue",["5/30/25"]]}
RESULT: {"script":"<script> [6424 bytes]","args":[{"element-6066-11e4-a52e-4f735466cecf":"f.63F842937ABE5650621AFC3910BCBB57.d.A8376CC3F8A1A3678132DABA6FF861F9.e.4587"},"setValue",["5/30/25"]]}
COMMAND: POST /session/a414a6ae85a434897fa1c9da3096b959/element - {"using":"xpath","value":"//input[@id=\"generalSectionFrg--receiveYard-inner\"]"}
RESULT: {"using":"xpath","value":"//input[@id=\"generalSectionFrg--receiveYard-inner\"]"}
COMMAND: POST /session/a414a6ae85a434897fa1c9da3096b959/element/f.63F842937ABE5650621AFC3910BCBB57.d.A8376CC3F8A1A3678132DABA6FF861F9.e.4593/clear - {}
RESULT: {}
COMMAND: POST /session/a414a6ae85a434897fa1c9da3096b959/element/f.63F842937ABE5650621AFC3910BCBB57.d.A8376CC3F8A1A3678132DABA6FF861F9.e.4593/value - {"text":"497"}
COMMAND: GET /session/a414a6ae85a434897fa1c9da3096b959/screenshot - {}
RESULT: {"text":"497"}
COMMAND: GET /session/a414a6ae85a434897fa1c9da3096b959/screenshot - {}
RESULT: {}
RESULT: {}
COMMAND: POST /session/a414a6ae85a434897fa1c9da3096b959/element - {"using":"xpath","value":"//li[.//span[contains(text(),'497 -')]]"}
RESULT: {"using":"xpath","value":"//li[.//span[contains(text(),'497 -')]]"}
COMMAND: POST /session/a414a6ae85a434897fa1c9da3096b959/elements - {"using":"xpath","value":"//li[.//span[contains(text(),'497 -')]]"}
RESULT: {"using":"xpath","value":"//li[.//span[contains(text(),'497 -')]]"}
COMMAND: POST /session/a414a6ae85a434897fa1c9da3096b959/elements - {"using":"xpath","value":"//li[.//span[contains(text(),'497 -')]]"}
RESULT: {"using":"xpath","value":"//li[.//span[contains(text(),'497 -')]]"}
COMMAND: POST /session/a414a6ae85a434897fa1c9da3096b959/elements - {"using":"xpath","value":"//li[.//span[contains(text(),'497 -')]]"}
RESULT: {"using":"xpath","value":"//li[.//span[contains(text(),'497 -')]]"}
COMMAND: POST /session/a414a6ae85a434897fa1c9da3096b959/elements - {"using":"xpath","value":"//li[.//span[contains(text(),'497 -')]]"}
RESULT: {"using":"xpath","value":"//li[.//span[contains(text(),'497 -')]]"}
COMMAND: POST /session/a414a6ae85a434897fa1c9da3096b959/elements - {"using":"xpath","value":"//li[.//span[contains(text(),'497 -')]]"}
RESULT: {"using":"xpath","value":"//li[.//span[contains(text(),'497 -')]]"}
COMMAND: POST /session/a414a6ae85a434897fa1c9da3096b959/elements - {"using":"xpath","value":"//li[.//span[contains(text(),'497 -')]]"}
RESULT: {"using":"xpath","value":"//li[.//span[contains(text(),'497 -')]]"}
COMMAND: POST /session/a414a6ae85a434897fa1c9da3096b959/elements - {"using":"xpath","value":"//li[.//span[contains(text(),'497 -')]]"}
RESULT: {"using":"xpath","value":"//li[.//span[contains(text(),'497 -')]]"}
COMMAND: POST /session/a414a6ae85a434897fa1c9da3096b959/elements - {"using":"xpath","value":"//li[.//span[contains(text(),'497 -')]]"}
RESULT: {"using":"xpath","value":"//li[.//span[contains(text(),'497 -')]]"}
COMMAND: POST /session/a414a6ae85a434897fa1c9da3096b959/elements - {"using":"xpath","value":"//li[.//span[contains(text(),'497 -')]]"}
RESULT: {"using":"xpath","value":"//li[.//span[contains(text(),'497 -')]]"}
COMMAND: POST /session/a414a6ae85a434897fa1c9da3096b959/elements - {"using":"xpath","value":"//li[.//span[contains(text(),'497 -')]]"}
RESULT: {"using":"xpath","value":"//li[.//span[contains(text(),'497 -')]]"}
COMMAND: POST /session/a414a6ae85a434897fa1c9da3096b959/elements - {"using":"xpath","value":"//li[.//span[contains(text(),'497 -')]]"}
RESULT: {"using":"xpath","value":"//li[.//span[contains(text(),'497 -')]]"}
COMMAND: POST /session/a414a6ae85a434897fa1c9da3096b959/elements - {"using":"xpath","value":"//li[.//span[contains(text(),'497 -')]]"}
RESULT: {"using":"xpath","value":"//li[.//span[contains(text(),'497 -')]]"}
COMMAND: POST /session/a414a6ae85a434897fa1c9da3096b959/elements - {"using":"xpath","value":"//li[.//span[contains(text(),'497 -')]]"}
RESULT: {"using":"xpath","value":"//li[.//span[contains(text(),'497 -')]]"}
COMMAND: POST /session/a414a6ae85a434897fa1c9da3096b959/elements - {"using":"xpath","value":"//li[.//span[contains(text(),'497 -')]]"}
RESULT: {"using":"xpath","value":"//li[.//span[contains(text(),'497 -')]]"}
COMMAND: POST /session/a414a6ae85a434897fa1c9da3096b959/elements - {"using":"xpath","value":"//li[.//span[contains(text(),'497 -')]]"}
RESULT: {"using":"xpath","value":"//li[.//span[contains(text(),'497 -')]]"}
COMMAND: POST /session/a414a6ae85a434897fa1c9da3096b959/elements - {"using":"xpath","value":"//li[.//span[contains(text(),'497 -')]]"}
RESULT: {"using":"xpath","value":"//li[.//span[contains(text(),'497 -')]]"}
COMMAND: POST /session/a414a6ae85a434897fa1c9da3096b959/elements - {"using":"xpath","value":"//li[.//span[contains(text(),'497 -')]]"}
RESULT: {"using":"xpath","value":"//li[.//span[contains(text(),'497 -')]]"}
COMMAND: POST /session/a414a6ae85a434897fa1c9da3096b959/elements - {"using":"xpath","value":"//li[.//span[contains(text(),'497 -')]]"}
RESULT: {"using":"xpath","value":"//li[.//span[contains(text(),'497 -')]]"}
COMMAND: POST /session/a414a6ae85a434897fa1c9da3096b959/elements - {"using":"xpath","value":"//li[.//span[contains(text(),'497 -')]]"}
RESULT: {"using":"xpath","value":"//li[.//span[contains(text(),'497 -')]]"}
COMMAND: POST /session/a414a6ae85a434897fa1c9da3096b959/elements - {"using":"xpath","value":"//li[.//span[contains(text(),'497 -')]]"}
RESULT: {"using":"xpath","value":"//li[.//span[contains(text(),'497 -')]]"}
COMMAND: POST /session/a414a6ae85a434897fa1c9da3096b959/elements - {"using":"xpath","value":"//li[.//span[contains(text(),'497 -')]]"}
RESULT: {"using":"xpath","value":"//li[.//span[contains(text(),'497 -')]]"}
COMMAND: POST /session/a414a6ae85a434897fa1c9da3096b959/elements - {"using":"xpath","value":"//li[.//span[contains(text(),'497 -')]]"}
RESULT: {"using":"xpath","value":"//li[.//span[contains(text(),'497 -')]]"}
COMMAND: POST /session/a414a6ae85a434897fa1c9da3096b959/elements - {"using":"xpath","value":"//li[.//span[contains(text(),'497 -')]]"}
RESULT: {"using":"xpath","value":"//li[.//span[contains(text(),'497 -')]]"}
COMMAND: POST /session/a414a6ae85a434897fa1c9da3096b959/elements - {"using":"xpath","value":"//li[.//span[contains(text(),'497 -')]]"}
RESULT: {"using":"xpath","value":"//li[.//span[contains(text(),'497 -')]]"}
COMMAND: POST /session/a414a6ae85a434897fa1c9da3096b959/elements - {"using":"xpath","value":"//li[.//span[contains(text(),'497 -')]]"}
RESULT: {"using":"xpath","value":"//li[.//span[contains(text(),'497 -')]]"}
COMMAND: POST /session/a414a6ae85a434897fa1c9da3096b959/elements - {"using":"xpath","value":"//li[.//span[contains(text(),'497 -')]]"}
RESULT: {"using":"xpath","value":"//li[.//span[contains(text(),'497 -')]]"}
COMMAND: POST /session/a414a6ae85a434897fa1c9da3096b959/elements - {"using":"xpath","value":"//li[.//span[contains(text(),'497 -')]]"}
RESULT: {"using":"xpath","value":"//li[.//span[contains(text(),'497 -')]]"}
COMMAND: POST /session/a414a6ae85a434897fa1c9da3096b959/elements - {"using":"xpath","value":"//li[.//span[contains(text(),'497 -')]]"}
RESULT: {"using":"xpath","value":"//li[.//span[contains(text(),'497 -')]]"}
COMMAND: POST /session/a414a6ae85a434897fa1c9da3096b959/elements - {"using":"xpath","value":"//li[.//span[contains(text(),'497 -')]]"}
RESULT: {"using":"xpath","value":"//li[.//span[contains(text(),'497 -')]]"}
COMMAND: POST /session/a414a6ae85a434897fa1c9da3096b959/elements - {"using":"xpath","value":"//li[.//span[contains(text(),'497 -')]]"}
RESULT: {"using":"xpath","value":"//li[.//span[contains(text(),'497 -')]]"}
COMMAND: POST /session/a414a6ae85a434897fa1c9da3096b959/elements - {"using":"xpath","value":"//li[.//span[contains(text(),'497 -')]]"}
RESULT: {"using":"xpath","value":"//li[.//span[contains(text(),'497 -')]]"}
COMMAND: POST /session/a414a6ae85a434897fa1c9da3096b959/elements - {"using":"xpath","value":"//li[.//span[contains(text(),'497 -')]]"}
RESULT: {"using":"xpath","value":"//li[.//span[contains(text(),'497 -')]]"}
COMMAND: POST /session/a414a6ae85a434897fa1c9da3096b959/elements - {"using":"xpath","value":"//li[.//span[contains(text(),'497 -')]]"}
RESULT: {"using":"xpath","value":"//li[.//span[contains(text(),'497 -')]]"}
COMMAND: POST /session/a414a6ae85a434897fa1c9da3096b959/elements - {"using":"xpath","value":"//li[.//span[contains(text(),'497 -')]]"}
RESULT: {"using":"xpath","value":"//li[.//span[contains(text(),'497 -')]]"}
COMMAND: POST /session/a414a6ae85a434897fa1c9da3096b959/elements - {"using":"xpath","value":"//li[.//span[contains(text(),'497 -')]]"}
RESULT: {"using":"xpath","value":"//li[.//span[contains(text(),'497 -')]]"}
COMMAND: POST /session/a414a6ae85a434897fa1c9da3096b959/elements - {"using":"xpath","value":"//li[.//span[contains(text(),'497 -')]]"}
RESULT: {"using":"xpath","value":"//li[.//span[contains(text(),'497 -')]]"}
COMMAND: POST /session/a414a6ae85a434897fa1c9da3096b959/elements - {"using":"xpath","value":"//li[.//span[contains(text(),'497 -')]]"}
RESULT: {"using":"xpath","value":"//li[.//span[contains(text(),'497 -')]]"}
COMMAND: POST /session/a414a6ae85a434897fa1c9da3096b959/elements - {"using":"xpath","value":"//li[.//span[contains(text(),'497 -')]]"}
RESULT: {"using":"xpath","value":"//li[.//span[contains(text(),'497 -')]]"}
COMMAND: POST /session/a414a6ae85a434897fa1c9da3096b959/elements - {"using":"xpath","value":"//li[.//span[contains(text(),'497 -')]]"}
RESULT: {"using":"xpath","value":"//li[.//span[contains(text(),'497 -')]]"}
COMMAND: POST /session/a414a6ae85a434897fa1c9da3096b959/elements - {"using":"xpath","value":"//li[.//span[contains(text(),'497 -')]]"}
RESULT: {"using":"xpath","value":"//li[.//span[contains(text(),'497 -')]]"}
COMMAND: POST /session/a414a6ae85a434897fa1c9da3096b959/elements - {"using":"xpath","value":"//li[.//span[contains(text(),'497 -')]]"}
RESULT: {"using":"xpath","value":"//li[.//span[contains(text(),'497 -')]]"}
COMMAND: POST /session/a414a6ae85a434897fa1c9da3096b959/elements - {"using":"xpath","value":"//li[.//span[contains(text(),'497 -')]]"}
RESULT: {"using":"xpath","value":"//li[.//span[contains(text(),'497 -')]]"}
COMMAND: POST /session/a414a6ae85a434897fa1c9da3096b959/elements - {"using":"xpath","value":"//li[.//span[contains(text(),'497 -')]]"}
RESULT: {"using":"xpath","value":"//li[.//span[contains(text(),'497 -')]]"}
COMMAND: POST /session/a414a6ae85a434897fa1c9da3096b959/elements - {"using":"xpath","value":"//li[.//span[contains(text(),'497 -')]]"}
RESULT: {"using":"xpath","value":"//li[.//span[contains(text(),'497 -')]]"}
COMMAND: POST /session/a414a6ae85a434897fa1c9da3096b959/elements - {"using":"xpath","value":"//li[.//span[contains(text(),'497 -')]]"}
RESULT: {"using":"xpath","value":"//li[.//span[contains(text(),'497 -')]]"}
COMMAND: POST /session/a414a6ae85a434897fa1c9da3096b959/elements - {"using":"xpath","value":"//li[.//span[contains(text(),'497 -')]]"}
RESULT: {"using":"xpath","value":"//li[.//span[contains(text(),'497 -')]]"}
COMMAND: POST /session/a414a6ae85a434897fa1c9da3096b959/elements - {"using":"xpath","value":"//li[.//span[contains(text(),'497 -')]]"}
RESULT: {"using":"xpath","value":"//li[.//span[contains(text(),'497 -')]]"}
COMMAND: POST /session/a414a6ae85a434897fa1c9da3096b959/elements - {"using":"xpath","value":"//li[.//span[contains(text(),'497 -')]]"}
RESULT: {"using":"xpath","value":"//li[.//span[contains(text(),'497 -')]]"}
COMMAND: POST /session/a414a6ae85a434897fa1c9da3096b959/elements - {"using":"xpath","value":"//li[.//span[contains(text(),'497 -')]]"}
RESULT: {"using":"xpath","value":"//li[.//span[contains(text(),'497 -')]]"}
COMMAND: POST /session/a414a6ae85a434897fa1c9da3096b959/elements - {"using":"xpath","value":"//li[.//span[contains(text(),'497 -')]]"}
RESULT: {"using":"xpath","value":"//li[.//span[contains(text(),'497 -')]]"}
COMMAND: POST /session/a414a6ae85a434897fa1c9da3096b959/elements - {"using":"xpath","value":"//li[.//span[contains(text(),'497 -')]]"}
RESULT: {"using":"xpath","value":"//li[.//span[contains(text(),'497 -')]]"}
COMMAND: POST /session/a414a6ae85a434897fa1c9da3096b959/elements - {"using":"xpath","value":"//li[.//span[contains(text(),'497 -')]]"}
RESULT: {"using":"xpath","value":"//li[.//span[contains(text(),'497 -')]]"}
COMMAND: POST /session/a414a6ae85a434897fa1c9da3096b959/elements - {"using":"xpath","value":"//li[.//span[contains(text(),'497 -')]]"}
RESULT: {"using":"xpath","value":"//li[.//span[contains(text(),'497 -')]]"}
COMMAND: POST /session/a414a6ae85a434897fa1c9da3096b959/elements - {"using":"xpath","value":"//li[.//span[contains(text(),'497 -')]]"}
RESULT: {"using":"xpath","value":"//li[.//span[contains(text(),'497 -')]]"}
COMMAND: POST /session/a414a6ae85a434897fa1c9da3096b959/elements - {"using":"xpath","value":"//li[.//span[contains(text(),'497 -')]]"}
RESULT: {"using":"xpath","value":"//li[.//span[contains(text(),'497 -')]]"}
COMMAND: POST /session/a414a6ae85a434897fa1c9da3096b959/elements - {"using":"xpath","value":"//li[.//span[contains(text(),'497 -')]]"}
RESULT: {"using":"xpath","value":"//li[.//span[contains(text(),'497 -')]]"}
COMMAND: POST /session/a414a6ae85a434897fa1c9da3096b959/elements - {"using":"xpath","value":"//li[.//span[contains(text(),'497 -')]]"}
RESULT: {"using":"xpath","value":"//li[.//span[contains(text(),'497 -')]]"}
COMMAND: POST /session/a414a6ae85a434897fa1c9da3096b959/elements - {"using":"xpath","value":"//li[.//span[contains(text(),'497 -')]]"}
RESULT: {"using":"xpath","value":"//li[.//span[contains(text(),'497 -')]]"}
COMMAND: POST /session/a414a6ae85a434897fa1c9da3096b959/elements - {"using":"xpath","value":"//li[.//span[contains(text(),'497 -')]]"}
RESULT: {"using":"xpath","value":"//li[.//span[contains(text(),'497 -')]]"}
COMMAND: POST /session/a414a6ae85a434897fa1c9da3096b959/elements - {"using":"xpath","value":"//li[.//span[contains(text(),'497 -')]]"}
RESULT: {"using":"xpath","value":"//li[.//span[contains(text(),'497 -')]]"}
COMMAND: POST /session/a414a6ae85a434897fa1c9da3096b959/elements - {"using":"xpath","value":"//li[.//span[contains(text(),'497 -')]]"}
RESULT: {"using":"xpath","value":"//li[.//span[contains(text(),'497 -')]]"}
COMMAND: POST /session/a414a6ae85a434897fa1c9da3096b959/elements - {"using":"xpath","value":"//li[.//span[contains(text(),'497 -')]]"}
RESULT: {"using":"xpath","value":"//li[.//span[contains(text(),'497 -')]]"}
COMMAND: POST /session/a414a6ae85a434897fa1c9da3096b959/elements - {"using":"xpath","value":"//li[.//span[contains(text(),'497 -')]]"}
RESULT: {"using":"xpath","value":"//li[.//span[contains(text(),'497 -')]]"}
COMMAND: POST /session/a414a6ae85a434897fa1c9da3096b959/elements - {"using":"xpath","value":"//li[.//span[contains(text(),'497 -')]]"}
RESULT: {"using":"xpath","value":"//li[.//span[contains(text(),'497 -')]]"}
COMMAND: POST /session/a414a6ae85a434897fa1c9da3096b959/elements - {"using":"xpath","value":"//li[.//span[contains(text(),'497 -')]]"}
RESULT: {"using":"xpath","value":"//li[.//span[contains(text(),'497 -')]]"}
COMMAND: POST /session/a414a6ae85a434897fa1c9da3096b959/elements - {"using":"xpath","value":"//li[.//span[contains(text(),'497 -')]]"}
RESULT: {"using":"xpath","value":"//li[.//span[contains(text(),'497 -')]]"}
COMMAND: POST /session/a414a6ae85a434897fa1c9da3096b959/elements - {"using":"xpath","value":"//li[.//span[contains(text(),'497 -')]]"}
RESULT: {"using":"xpath","value":"//li[.//span[contains(text(),'497 -')]]"}
COMMAND: POST /session/a414a6ae85a434897fa1c9da3096b959/elements - {"using":"xpath","value":"//li[.//span[contains(text(),'497 -')]]"}
RESULT: {"using":"xpath","value":"//li[.//span[contains(text(),'497 -')]]"}
COMMAND: POST /session/a414a6ae85a434897fa1c9da3096b959/elements - {"using":"xpath","value":"//li[.//span[contains(text(),'497 -')]]"}
RESULT: {"using":"xpath","value":"//li[.//span[contains(text(),'497 -')]]"}
COMMAND: POST /session/a414a6ae85a434897fa1c9da3096b959/elements - {"using":"xpath","value":"//li[.//span[contains(text(),'497 -')]]"}
RESULT: {"using":"xpath","value":"//li[.//span[contains(text(),'497 -')]]"}
COMMAND: POST /session/a414a6ae85a434897fa1c9da3096b959/elements - {"using":"xpath","value":"//li[.//span[contains(text(),'497 -')]]"}
RESULT: {"using":"xpath","value":"//li[.//span[contains(text(),'497 -')]]"}
COMMAND: POST /session/a414a6ae85a434897fa1c9da3096b959/elements - {"using":"xpath","value":"//li[.//span[contains(text(),'497 -')]]"}
RESULT: {"using":"xpath","value":"//li[.//span[contains(text(),'497 -')]]"}
COMMAND: POST /session/a414a6ae85a434897fa1c9da3096b959/elements - {"using":"xpath","value":"//li[.//span[contains(text(),'497 -')]]"}
RESULT: {"using":"xpath","value":"//li[.//span[contains(text(),'497 -')]]"}
COMMAND: POST /session/a414a6ae85a434897fa1c9da3096b959/elements - {"using":"xpath","value":"//li[.//span[contains(text(),'497 -')]]"}
RESULT: {"using":"xpath","value":"//li[.//span[contains(text(),'497 -')]]"}
COMMAND: POST /session/a414a6ae85a434897fa1c9da3096b959/elements - {"using":"xpath","value":"//li[.//span[contains(text(),'497 -')]]"}
RESULT: {"using":"xpath","value":"//li[.//span[contains(text(),'497 -')]]"}
COMMAND: POST /session/a414a6ae85a434897fa1c9da3096b959/elements - {"using":"xpath","value":"//li[.//span[contains(text(),'497 -')]]"}
RESULT: {"using":"xpath","value":"//li[.//span[contains(text(),'497 -')]]"}
COMMAND: POST /session/a414a6ae85a434897fa1c9da3096b959/elements - {"using":"xpath","value":"//li[.//span[contains(text(),'497 -')]]"}
RESULT: {"using":"xpath","value":"//li[.//span[contains(text(),'497 -')]]"}
COMMAND: POST /session/a414a6ae85a434897fa1c9da3096b959/elements - {"using":"xpath","value":"//li[.//span[contains(text(),'497 -')]]"}
RESULT: {"using":"xpath","value":"//li[.//span[contains(text(),'497 -')]]"}
COMMAND: POST /session/a414a6ae85a434897fa1c9da3096b959/elements - {"using":"xpath","value":"//li[.//span[contains(text(),'497 -')]]"}
RESULT: {"using":"xpath","value":"//li[.//span[contains(text(),'497 -')]]"}
COMMAND: POST /session/a414a6ae85a434897fa1c9da3096b959/elements - {"using":"xpath","value":"//li[.//span[contains(text(),'497 -')]]"}
RESULT: {"using":"xpath","value":"//li[.//span[contains(text(),'497 -')]]"}
COMMAND: POST /session/a414a6ae85a434897fa1c9da3096b959/elements - {"using":"xpath","value":"//li[.//span[contains(text(),'497 -')]]"}
RESULT: {"using":"xpath","value":"//li[.//span[contains(text(),'497 -')]]"}
COMMAND: POST /session/a414a6ae85a434897fa1c9da3096b959/elements - {"using":"xpath","value":"//li[.//span[contains(text(),'497 -')]]"}
RESULT: {"using":"xpath","value":"//li[.//span[contains(text(),'497 -')]]"}
COMMAND: POST /session/a414a6ae85a434897fa1c9da3096b959/elements - {"using":"xpath","value":"//li[.//span[contains(text(),'497 -')]]"}
RESULT: {"using":"xpath","value":"//li[.//span[contains(text(),'497 -')]]"}
COMMAND: POST /session/a414a6ae85a434897fa1c9da3096b959/elements - {"using":"xpath","value":"//li[.//span[contains(text(),'497 -')]]"}
RESULT: {"using":"xpath","value":"//li[.//span[contains(text(),'497 -')]]"}
COMMAND: POST /session/a414a6ae85a434897fa1c9da3096b959/elements - {"using":"xpath","value":"//li[.//span[contains(text(),'497 -')]]"}
RESULT: {"using":"xpath","value":"//li[.//span[contains(text(),'497 -')]]"}
COMMAND: POST /session/a414a6ae85a434897fa1c9da3096b959/elements - {"using":"xpath","value":"//li[.//span[contains(text(),'497 -')]]"}
RESULT: {"using":"xpath","value":"//li[.//span[contains(text(),'497 -')]]"}
COMMAND: POST /session/a414a6ae85a434897fa1c9da3096b959/elements - {"using":"xpath","value":"//li[.//span[contains(text(),'497 -')]]"}
RESULT: {"using":"xpath","value":"//li[.//span[contains(text(),'497 -')]]"}
COMMAND: POST /session/a414a6ae85a434897fa1c9da3096b959/elements - {"using":"xpath","value":"//li[.//span[contains(text(),'497 -')]]"}
RESULT: {"using":"xpath","value":"//li[.//span[contains(text(),'497 -')]]"}
COMMAND: POST /session/a414a6ae85a434897fa1c9da3096b959/elements - {"using":"xpath","value":"//li[.//span[contains(text(),'497 -')]]"}
RESULT: {"using":"xpath","value":"//li[.//span[contains(text(),'497 -')]]"}
COMMAND: POST /session/a414a6ae85a434897fa1c9da3096b959/elements - {"using":"xpath","value":"//li[.//span[contains(text(),'497 -')]]"}
RESULT: {"using":"xpath","value":"//li[.//span[contains(text(),'497 -')]]"}
COMMAND: POST /session/a414a6ae85a434897fa1c9da3096b959/elements - {"using":"xpath","value":"//li[.//span[contains(text(),'497 -')]]"}
RESULT: {"using":"xpath","value":"//li[.//span[contains(text(),'497 -')]]"}
COMMAND: POST /session/a414a6ae85a434897fa1c9da3096b959/elements - {"using":"xpath","value":"//li[.//span[contains(text(),'497 -')]]"}
RESULT: {"using":"xpath","value":"//li[.//span[contains(text(),'497 -')]]"}
COMMAND: POST /session/a414a6ae85a434897fa1c9da3096b959/elements - {"using":"xpath","value":"//li[.//span[contains(text(),'497 -')]]"}
RESULT: {"using":"xpath","value":"//li[.//span[contains(text(),'497 -')]]"}
COMMAND: POST /session/a414a6ae85a434897fa1c9da3096b959/elements - {"using":"xpath","value":"//li[.//span[contains(text(),'497 -')]]"}
RESULT: {"using":"xpath","value":"//li[.//span[contains(text(),'497 -')]]"}
COMMAND: POST /session/a414a6ae85a434897fa1c9da3096b959/elements - {"using":"xpath","value":"//li[.//span[contains(text(),'497 -')]]"}
RESULT: {"using":"xpath","value":"//li[.//span[contains(text(),'497 -')]]"}
COMMAND: POST /session/a414a6ae85a434897fa1c9da3096b959/elements - {"using":"xpath","value":"//li[.//span[contains(text(),'497 -')]]"}
RESULT: {"using":"xpath","value":"//li[.//span[contains(text(),'497 -')]]"}
COMMAND: POST /session/a414a6ae85a434897fa1c9da3096b959/elements - {"using":"xpath","value":"//li[.//span[contains(text(),'497 -')]]"}
RESULT: {"using":"xpath","value":"//li[.//span[contains(text(),'497 -')]]"}
COMMAND: POST /session/a414a6ae85a434897fa1c9da3096b959/elements - {"using":"xpath","value":"//li[.//span[contains(text(),'497 -')]]"}
RESULT: {"using":"xpath","value":"//li[.//span[contains(text(),'497 -')]]"}
COMMAND: POST /session/a414a6ae85a434897fa1c9da3096b959/elements - {"using":"xpath","value":"//li[.//span[contains(text(),'497 -')]]"}
RESULT: {"using":"xpath","value":"//li[.//span[contains(text(),'497 -')]]"}
COMMAND: POST /session/a414a6ae85a434897fa1c9da3096b959/elements - {"using":"xpath","value":"//li[.//span[contains(text(),'497 -')]]"}
RESULT: {"using":"xpath","value":"//li[.//span[contains(text(),'497 -')]]"}
COMMAND: POST /session/a414a6ae85a434897fa1c9da3096b959/elements - {"using":"xpath","value":"//li[.//span[contains(text(),'497 -')]]"}
RESULT: {"using":"xpath","value":"//li[.//span[contains(text(),'497 -')]]"}
COMMAND: POST /session/a414a6ae85a434897fa1c9da3096b959/elements - {"using":"xpath","value":"//li[.//span[contains(text(),'497 -')]]"}
RESULT: {"using":"xpath","value":"//li[.//span[contains(text(),'497 -')]]"}
COMMAND: POST /session/a414a6ae85a434897fa1c9da3096b959/elements - {"using":"xpath","value":"//li[.//span[contains(text(),'497 -')]]"}
RESULT: {"using":"xpath","value":"//li[.//span[contains(text(),'497 -')]]"}
COMMAND: POST /session/a414a6ae85a434897fa1c9da3096b959/elements - {"using":"xpath","value":"//li[.//span[contains(text(),'497 -')]]"}
RESULT: {"using":"xpath","value":"//li[.//span[contains(text(),'497 -')]]"}
COMMAND: POST /session/a414a6ae85a434897fa1c9da3096b959/elements - {"using":"xpath","value":"//li[.//span[contains(text(),'497 -')]]"}
RESULT: {"using":"xpath","value":"//li[.//span[contains(text(),'497 -')]]"}
COMMAND: POST /session/a414a6ae85a434897fa1c9da3096b959/elements - {"using":"xpath","value":"//li[.//span[contains(text(),'497 -')]]"}
RESULT: {"using":"xpath","value":"//li[.//span[contains(text(),'497 -')]]"}
COMMAND: POST /session/a414a6ae85a434897fa1c9da3096b959/elements - {"using":"xpath","value":"//li[.//span[contains(text(),'497 -')]]"}
RESULT: {"using":"xpath","value":"//li[.//span[contains(text(),'497 -')]]"}
COMMAND: POST /session/a414a6ae85a434897fa1c9da3096b959/elements - {"using":"xpath","value":"//li[.//span[contains(text(),'497 -')]]"}
RESULT: {"using":"xpath","value":"//li[.//span[contains(text(),'497 -')]]"}
COMMAND: POST /session/a414a6ae85a434897fa1c9da3096b959/elements - {"using":"xpath","value":"//li[.//span[contains(text(),'497 -')]]"}
RESULT: {"using":"xpath","value":"//li[.//span[contains(text(),'497 -')]]"}
COMMAND: POST /session/a414a6ae85a434897fa1c9da3096b959/elements - {"using":"xpath","value":"//li[.//span[contains(text(),'497 -')]]"}
RESULT: {"using":"xpath","value":"//li[.//span[contains(text(),'497 -')]]"}
COMMAND: POST /session/a414a6ae85a434897fa1c9da3096b959/elements - {"using":"xpath","value":"//li[.//span[contains(text(),'497 -')]]"}
RESULT: {"using":"xpath","value":"//li[.//span[contains(text(),'497 -')]]"}
COMMAND: POST /session/a414a6ae85a434897fa1c9da3096b959/elements - {"using":"xpath","value":"//li[.//span[contains(text(),'497 -')]]"}
RESULT: {"using":"xpath","value":"//li[.//span[contains(text(),'497 -')]]"}
COMMAND: POST /session/a414a6ae85a434897fa1c9da3096b959/elements - {"using":"xpath","value":"//li[.//span[contains(text(),'497 -')]]"}
RESULT: {"using":"xpath","value":"//li[.//span[contains(text(),'497 -')]]"}
COMMAND: POST /session/a414a6ae85a434897fa1c9da3096b959/elements - {"using":"xpath","value":"//li[.//span[contains(text(),'497 -')]]"}
RESULT: {"using":"xpath","value":"//li[.//span[contains(text(),'497 -')]]"}
COMMAND: POST /session/a414a6ae85a434897fa1c9da3096b959/elements - {"using":"xpath","value":"//li[.//span[contains(text(),'497 -')]]"}
RESULT: {"using":"xpath","value":"//li[.//span[contains(text(),'497 -')]]"}
COMMAND: POST /session/a414a6ae85a434897fa1c9da3096b959/elements - {"using":"xpath","value":"//li[.//span[contains(text(),'497 -')]]"}
RESULT: {"using":"xpath","value":"//li[.//span[contains(text(),'497 -')]]"}
COMMAND: POST /session/a414a6ae85a434897fa1c9da3096b959/elements - {"using":"xpath","value":"//li[.//span[contains(text(),'497 -')]]"}
RESULT: {"using":"xpath","value":"//li[.//span[contains(text(),'497 -')]]"}
COMMAND: POST /session/a414a6ae85a434897fa1c9da3096b959/elements - {"using":"xpath","value":"//li[.//span[contains(text(),'497 -')]]"}
RESULT: {"using":"xpath","value":"//li[.//span[contains(text(),'497 -')]]"}
COMMAND: POST /session/a414a6ae85a434897fa1c9da3096b959/elements - {"using":"xpath","value":"//li[.//span[contains(text(),'497 -')]]"}
RESULT: {"using":"xpath","value":"//li[.//span[contains(text(),'497 -')]]"}
COMMAND: POST /session/a414a6ae85a434897fa1c9da3096b959/elements - {"using":"xpath","value":"//li[.//span[contains(text(),'497 -')]]"}
RESULT: {"using":"xpath","value":"//li[.//span[contains(text(),'497 -')]]"}
COMMAND: POST /session/a414a6ae85a434897fa1c9da3096b959/elements - {"using":"xpath","value":"//li[.//span[contains(text(),'497 -')]]"}
COMMAND: GET /session/a414a6ae85a434897fa1c9da3096b959/screenshot - {}
RESULT: {"using":"xpath","value":"//li[.//span[contains(text(),'497 -')]]"}
RESULT: {}
]]></system-out>
      <system-err><![CDATA[
Error: Can't call click on element with selector "//li[.//span[contains(text(),'497 -')]]" because element wasn't found
    at async UtilsPrerequisites.stockIncrease (D:\a\1\s\test\specs\BTS\prerequisites-and-utils-functions.js:1638:9)
    at async Context.<anonymous> (D:\a\1\s\test\specs\HTR\provide-to-site-w-warehouse-w-clarification.spec.js:70:9)
]]></system-err>
    </testcase>
    <testcase classname="chrome.136_0_7103_93.windows.Provide_to_Site_w/_warehouse_management_w_clarification" name="Should create a new contract" time="60.59">
      <failure/>
      <error message="element (&quot;//button[@data-kt=&quot;addButton&quot;]&quot;) still not existing after 45000ms"/>
      <system-out><![CDATA[
COMMAND: GET /session/a414a6ae85a434897fa1c9da3096b959/screenshot - {}
COMMAND: POST /session/a414a6ae85a434897fa1c9da3096b959/execute/async - {"script":"<script> [1562 bytes]","args":[{"selector":{"controlType":"sap.m.GenericTile","properties":{"header":"Manage Contracts"}},"wdio_ui5_key":"sapm.GenericTile{\"header\":\"Manage Contracts\"}"}]}
RESULT: {}
RESULT: {"script":"<script> [1562 bytes]","args":[{"selector":{"controlType":"sap.m.GenericTile","properties":{"header":"Manage Contracts"}},"wdio_ui5_key":"sapm.GenericTile{\"header\":\"Manage Contracts\"}"}]}
RESULT: undefined
COMMAND: POST /session/a414a6ae85a434897fa1c9da3096b959/elements - {"using":"xpath","value":"//span[text()='Error']"}
RESULT: {"using":"xpath","value":"//span[text()='Error']"}
COMMAND: POST /session/a414a6ae85a434897fa1c9da3096b959/element - {"using":"xpath","value":"//button[@data-kt=\"addButton\"]"}
RESULT: {"using":"xpath","value":"//button[@data-kt=\"addButton\"]"}
COMMAND: POST /session/a414a6ae85a434897fa1c9da3096b959/elements - {"using":"xpath","value":"//button[@data-kt=\"addButton\"]"}
RESULT: {"using":"xpath","value":"//button[@data-kt=\"addButton\"]"}
COMMAND: POST /session/a414a6ae85a434897fa1c9da3096b959/elements - {"using":"xpath","value":"//button[@data-kt=\"addButton\"]"}
RESULT: {"using":"xpath","value":"//button[@data-kt=\"addButton\"]"}
COMMAND: POST /session/a414a6ae85a434897fa1c9da3096b959/elements - {"using":"xpath","value":"//button[@data-kt=\"addButton\"]"}
RESULT: {"using":"xpath","value":"//button[@data-kt=\"addButton\"]"}
COMMAND: POST /session/a414a6ae85a434897fa1c9da3096b959/elements - {"using":"xpath","value":"//button[@data-kt=\"addButton\"]"}
RESULT: {"using":"xpath","value":"//button[@data-kt=\"addButton\"]"}
COMMAND: POST /session/a414a6ae85a434897fa1c9da3096b959/elements - {"using":"xpath","value":"//button[@data-kt=\"addButton\"]"}
RESULT: {"using":"xpath","value":"//button[@data-kt=\"addButton\"]"}
COMMAND: POST /session/a414a6ae85a434897fa1c9da3096b959/elements - {"using":"xpath","value":"//button[@data-kt=\"addButton\"]"}
RESULT: {"using":"xpath","value":"//button[@data-kt=\"addButton\"]"}
COMMAND: POST /session/a414a6ae85a434897fa1c9da3096b959/elements - {"using":"xpath","value":"//button[@data-kt=\"addButton\"]"}
RESULT: {"using":"xpath","value":"//button[@data-kt=\"addButton\"]"}
COMMAND: POST /session/a414a6ae85a434897fa1c9da3096b959/elements - {"using":"xpath","value":"//button[@data-kt=\"addButton\"]"}
RESULT: {"using":"xpath","value":"//button[@data-kt=\"addButton\"]"}
COMMAND: POST /session/a414a6ae85a434897fa1c9da3096b959/elements - {"using":"xpath","value":"//button[@data-kt=\"addButton\"]"}
RESULT: {"using":"xpath","value":"//button[@data-kt=\"addButton\"]"}
COMMAND: POST /session/a414a6ae85a434897fa1c9da3096b959/elements - {"using":"xpath","value":"//button[@data-kt=\"addButton\"]"}
RESULT: {"using":"xpath","value":"//button[@data-kt=\"addButton\"]"}
COMMAND: POST /session/a414a6ae85a434897fa1c9da3096b959/elements - {"using":"xpath","value":"//button[@data-kt=\"addButton\"]"}
RESULT: {"using":"xpath","value":"//button[@data-kt=\"addButton\"]"}
COMMAND: POST /session/a414a6ae85a434897fa1c9da3096b959/elements - {"using":"xpath","value":"//button[@data-kt=\"addButton\"]"}
RESULT: {"using":"xpath","value":"//button[@data-kt=\"addButton\"]"}
COMMAND: POST /session/a414a6ae85a434897fa1c9da3096b959/elements - {"using":"xpath","value":"//button[@data-kt=\"addButton\"]"}
RESULT: {"using":"xpath","value":"//button[@data-kt=\"addButton\"]"}
COMMAND: POST /session/a414a6ae85a434897fa1c9da3096b959/elements - {"using":"xpath","value":"//button[@data-kt=\"addButton\"]"}
RESULT: {"using":"xpath","value":"//button[@data-kt=\"addButton\"]"}
COMMAND: POST /session/a414a6ae85a434897fa1c9da3096b959/elements - {"using":"xpath","value":"//button[@data-kt=\"addButton\"]"}
RESULT: {"using":"xpath","value":"//button[@data-kt=\"addButton\"]"}
COMMAND: POST /session/a414a6ae85a434897fa1c9da3096b959/elements - {"using":"xpath","value":"//button[@data-kt=\"addButton\"]"}
RESULT: {"using":"xpath","value":"//button[@data-kt=\"addButton\"]"}
COMMAND: POST /session/a414a6ae85a434897fa1c9da3096b959/elements - {"using":"xpath","value":"//button[@data-kt=\"addButton\"]"}
RESULT: {"using":"xpath","value":"//button[@data-kt=\"addButton\"]"}
COMMAND: POST /session/a414a6ae85a434897fa1c9da3096b959/elements - {"using":"xpath","value":"//button[@data-kt=\"addButton\"]"}
RESULT: {"using":"xpath","value":"//button[@data-kt=\"addButton\"]"}
COMMAND: POST /session/a414a6ae85a434897fa1c9da3096b959/elements - {"using":"xpath","value":"//button[@data-kt=\"addButton\"]"}
RESULT: {"using":"xpath","value":"//button[@data-kt=\"addButton\"]"}
COMMAND: POST /session/a414a6ae85a434897fa1c9da3096b959/elements - {"using":"xpath","value":"//button[@data-kt=\"addButton\"]"}
RESULT: {"using":"xpath","value":"//button[@data-kt=\"addButton\"]"}
COMMAND: POST /session/a414a6ae85a434897fa1c9da3096b959/elements - {"using":"xpath","value":"//button[@data-kt=\"addButton\"]"}
RESULT: {"using":"xpath","value":"//button[@data-kt=\"addButton\"]"}
COMMAND: POST /session/a414a6ae85a434897fa1c9da3096b959/elements - {"using":"xpath","value":"//button[@data-kt=\"addButton\"]"}
RESULT: {"using":"xpath","value":"//button[@data-kt=\"addButton\"]"}
COMMAND: POST /session/a414a6ae85a434897fa1c9da3096b959/elements - {"using":"xpath","value":"//button[@data-kt=\"addButton\"]"}
RESULT: {"using":"xpath","value":"//button[@data-kt=\"addButton\"]"}
COMMAND: POST /session/a414a6ae85a434897fa1c9da3096b959/elements - {"using":"xpath","value":"//button[@data-kt=\"addButton\"]"}
RESULT: {"using":"xpath","value":"//button[@data-kt=\"addButton\"]"}
COMMAND: POST /session/a414a6ae85a434897fa1c9da3096b959/elements - {"using":"xpath","value":"//button[@data-kt=\"addButton\"]"}
RESULT: {"using":"xpath","value":"//button[@data-kt=\"addButton\"]"}
COMMAND: POST /session/a414a6ae85a434897fa1c9da3096b959/elements - {"using":"xpath","value":"//button[@data-kt=\"addButton\"]"}
RESULT: {"using":"xpath","value":"//button[@data-kt=\"addButton\"]"}
COMMAND: POST /session/a414a6ae85a434897fa1c9da3096b959/elements - {"using":"xpath","value":"//button[@data-kt=\"addButton\"]"}
RESULT: {"using":"xpath","value":"//button[@data-kt=\"addButton\"]"}
COMMAND: POST /session/a414a6ae85a434897fa1c9da3096b959/elements - {"using":"xpath","value":"//button[@data-kt=\"addButton\"]"}
RESULT: {"using":"xpath","value":"//button[@data-kt=\"addButton\"]"}
COMMAND: POST /session/a414a6ae85a434897fa1c9da3096b959/elements - {"using":"xpath","value":"//button[@data-kt=\"addButton\"]"}
RESULT: {"using":"xpath","value":"//button[@data-kt=\"addButton\"]"}
COMMAND: POST /session/a414a6ae85a434897fa1c9da3096b959/elements - {"using":"xpath","value":"//button[@data-kt=\"addButton\"]"}
RESULT: {"using":"xpath","value":"//button[@data-kt=\"addButton\"]"}
COMMAND: POST /session/a414a6ae85a434897fa1c9da3096b959/elements - {"using":"xpath","value":"//button[@data-kt=\"addButton\"]"}
RESULT: {"using":"xpath","value":"//button[@data-kt=\"addButton\"]"}
COMMAND: POST /session/a414a6ae85a434897fa1c9da3096b959/elements - {"using":"xpath","value":"//button[@data-kt=\"addButton\"]"}
RESULT: {"using":"xpath","value":"//button[@data-kt=\"addButton\"]"}
COMMAND: POST /session/a414a6ae85a434897fa1c9da3096b959/elements - {"using":"xpath","value":"//button[@data-kt=\"addButton\"]"}
RESULT: {"using":"xpath","value":"//button[@data-kt=\"addButton\"]"}
COMMAND: POST /session/a414a6ae85a434897fa1c9da3096b959/elements - {"using":"xpath","value":"//button[@data-kt=\"addButton\"]"}
RESULT: {"using":"xpath","value":"//button[@data-kt=\"addButton\"]"}
COMMAND: POST /session/a414a6ae85a434897fa1c9da3096b959/elements - {"using":"xpath","value":"//button[@data-kt=\"addButton\"]"}
RESULT: {"using":"xpath","value":"//button[@data-kt=\"addButton\"]"}
COMMAND: POST /session/a414a6ae85a434897fa1c9da3096b959/elements - {"using":"xpath","value":"//button[@data-kt=\"addButton\"]"}
RESULT: {"using":"xpath","value":"//button[@data-kt=\"addButton\"]"}
COMMAND: POST /session/a414a6ae85a434897fa1c9da3096b959/elements - {"using":"xpath","value":"//button[@data-kt=\"addButton\"]"}
RESULT: {"using":"xpath","value":"//button[@data-kt=\"addButton\"]"}
COMMAND: POST /session/a414a6ae85a434897fa1c9da3096b959/elements - {"using":"xpath","value":"//button[@data-kt=\"addButton\"]"}
RESULT: {"using":"xpath","value":"//button[@data-kt=\"addButton\"]"}
COMMAND: POST /session/a414a6ae85a434897fa1c9da3096b959/elements - {"using":"xpath","value":"//button[@data-kt=\"addButton\"]"}
RESULT: {"using":"xpath","value":"//button[@data-kt=\"addButton\"]"}
COMMAND: POST /session/a414a6ae85a434897fa1c9da3096b959/elements - {"using":"xpath","value":"//button[@data-kt=\"addButton\"]"}
RESULT: {"using":"xpath","value":"//button[@data-kt=\"addButton\"]"}
COMMAND: POST /session/a414a6ae85a434897fa1c9da3096b959/elements - {"using":"xpath","value":"//button[@data-kt=\"addButton\"]"}
RESULT: {"using":"xpath","value":"//button[@data-kt=\"addButton\"]"}
COMMAND: POST /session/a414a6ae85a434897fa1c9da3096b959/elements - {"using":"xpath","value":"//button[@data-kt=\"addButton\"]"}
RESULT: {"using":"xpath","value":"//button[@data-kt=\"addButton\"]"}
COMMAND: POST /session/a414a6ae85a434897fa1c9da3096b959/elements - {"using":"xpath","value":"//button[@data-kt=\"addButton\"]"}
RESULT: {"using":"xpath","value":"//button[@data-kt=\"addButton\"]"}
COMMAND: POST /session/a414a6ae85a434897fa1c9da3096b959/elements - {"using":"xpath","value":"//button[@data-kt=\"addButton\"]"}
RESULT: {"using":"xpath","value":"//button[@data-kt=\"addButton\"]"}
COMMAND: POST /session/a414a6ae85a434897fa1c9da3096b959/elements - {"using":"xpath","value":"//button[@data-kt=\"addButton\"]"}
RESULT: {"using":"xpath","value":"//button[@data-kt=\"addButton\"]"}
COMMAND: POST /session/a414a6ae85a434897fa1c9da3096b959/elements - {"using":"xpath","value":"//button[@data-kt=\"addButton\"]"}
RESULT: {"using":"xpath","value":"//button[@data-kt=\"addButton\"]"}
COMMAND: POST /session/a414a6ae85a434897fa1c9da3096b959/elements - {"using":"xpath","value":"//button[@data-kt=\"addButton\"]"}
RESULT: {"using":"xpath","value":"//button[@data-kt=\"addButton\"]"}
COMMAND: POST /session/a414a6ae85a434897fa1c9da3096b959/elements - {"using":"xpath","value":"//button[@data-kt=\"addButton\"]"}
RESULT: {"using":"xpath","value":"//button[@data-kt=\"addButton\"]"}
COMMAND: POST /session/a414a6ae85a434897fa1c9da3096b959/elements - {"using":"xpath","value":"//button[@data-kt=\"addButton\"]"}
RESULT: {"using":"xpath","value":"//button[@data-kt=\"addButton\"]"}
COMMAND: POST /session/a414a6ae85a434897fa1c9da3096b959/elements - {"using":"xpath","value":"//button[@data-kt=\"addButton\"]"}
RESULT: {"using":"xpath","value":"//button[@data-kt=\"addButton\"]"}
COMMAND: POST /session/a414a6ae85a434897fa1c9da3096b959/elements - {"using":"xpath","value":"//button[@data-kt=\"addButton\"]"}
RESULT: {"using":"xpath","value":"//button[@data-kt=\"addButton\"]"}
COMMAND: POST /session/a414a6ae85a434897fa1c9da3096b959/elements - {"using":"xpath","value":"//button[@data-kt=\"addButton\"]"}
RESULT: {"using":"xpath","value":"//button[@data-kt=\"addButton\"]"}
COMMAND: POST /session/a414a6ae85a434897fa1c9da3096b959/elements - {"using":"xpath","value":"//button[@data-kt=\"addButton\"]"}
RESULT: {"using":"xpath","value":"//button[@data-kt=\"addButton\"]"}
COMMAND: POST /session/a414a6ae85a434897fa1c9da3096b959/elements - {"using":"xpath","value":"//button[@data-kt=\"addButton\"]"}
RESULT: {"using":"xpath","value":"//button[@data-kt=\"addButton\"]"}
COMMAND: POST /session/a414a6ae85a434897fa1c9da3096b959/elements - {"using":"xpath","value":"//button[@data-kt=\"addButton\"]"}
RESULT: {"using":"xpath","value":"//button[@data-kt=\"addButton\"]"}
COMMAND: POST /session/a414a6ae85a434897fa1c9da3096b959/elements - {"using":"xpath","value":"//button[@data-kt=\"addButton\"]"}
RESULT: {"using":"xpath","value":"//button[@data-kt=\"addButton\"]"}
COMMAND: POST /session/a414a6ae85a434897fa1c9da3096b959/elements - {"using":"xpath","value":"//button[@data-kt=\"addButton\"]"}
RESULT: {"using":"xpath","value":"//button[@data-kt=\"addButton\"]"}
COMMAND: POST /session/a414a6ae85a434897fa1c9da3096b959/elements - {"using":"xpath","value":"//button[@data-kt=\"addButton\"]"}
RESULT: {"using":"xpath","value":"//button[@data-kt=\"addButton\"]"}
COMMAND: POST /session/a414a6ae85a434897fa1c9da3096b959/elements - {"using":"xpath","value":"//button[@data-kt=\"addButton\"]"}
RESULT: {"using":"xpath","value":"//button[@data-kt=\"addButton\"]"}
COMMAND: POST /session/a414a6ae85a434897fa1c9da3096b959/elements - {"using":"xpath","value":"//button[@data-kt=\"addButton\"]"}
RESULT: {"using":"xpath","value":"//button[@data-kt=\"addButton\"]"}
COMMAND: POST /session/a414a6ae85a434897fa1c9da3096b959/elements - {"using":"xpath","value":"//button[@data-kt=\"addButton\"]"}
RESULT: {"using":"xpath","value":"//button[@data-kt=\"addButton\"]"}
COMMAND: POST /session/a414a6ae85a434897fa1c9da3096b959/elements - {"using":"xpath","value":"//button[@data-kt=\"addButton\"]"}
RESULT: {"using":"xpath","value":"//button[@data-kt=\"addButton\"]"}
COMMAND: POST /session/a414a6ae85a434897fa1c9da3096b959/elements - {"using":"xpath","value":"//button[@data-kt=\"addButton\"]"}
RESULT: {"using":"xpath","value":"//button[@data-kt=\"addButton\"]"}
COMMAND: POST /session/a414a6ae85a434897fa1c9da3096b959/elements - {"using":"xpath","value":"//button[@data-kt=\"addButton\"]"}
RESULT: {"using":"xpath","value":"//button[@data-kt=\"addButton\"]"}
COMMAND: POST /session/a414a6ae85a434897fa1c9da3096b959/elements - {"using":"xpath","value":"//button[@data-kt=\"addButton\"]"}
RESULT: {"using":"xpath","value":"//button[@data-kt=\"addButton\"]"}
COMMAND: POST /session/a414a6ae85a434897fa1c9da3096b959/elements - {"using":"xpath","value":"//button[@data-kt=\"addButton\"]"}
RESULT: {"using":"xpath","value":"//button[@data-kt=\"addButton\"]"}
COMMAND: POST /session/a414a6ae85a434897fa1c9da3096b959/elements - {"using":"xpath","value":"//button[@data-kt=\"addButton\"]"}
RESULT: {"using":"xpath","value":"//button[@data-kt=\"addButton\"]"}
COMMAND: POST /session/a414a6ae85a434897fa1c9da3096b959/elements - {"using":"xpath","value":"//button[@data-kt=\"addButton\"]"}
RESULT: {"using":"xpath","value":"//button[@data-kt=\"addButton\"]"}
COMMAND: POST /session/a414a6ae85a434897fa1c9da3096b959/elements - {"using":"xpath","value":"//button[@data-kt=\"addButton\"]"}
RESULT: {"using":"xpath","value":"//button[@data-kt=\"addButton\"]"}
COMMAND: POST /session/a414a6ae85a434897fa1c9da3096b959/elements - {"using":"xpath","value":"//button[@data-kt=\"addButton\"]"}
RESULT: {"using":"xpath","value":"//button[@data-kt=\"addButton\"]"}
COMMAND: POST /session/a414a6ae85a434897fa1c9da3096b959/elements - {"using":"xpath","value":"//button[@data-kt=\"addButton\"]"}
RESULT: {"using":"xpath","value":"//button[@data-kt=\"addButton\"]"}
COMMAND: POST /session/a414a6ae85a434897fa1c9da3096b959/elements - {"using":"xpath","value":"//button[@data-kt=\"addButton\"]"}
RESULT: {"using":"xpath","value":"//button[@data-kt=\"addButton\"]"}
COMMAND: POST /session/a414a6ae85a434897fa1c9da3096b959/elements - {"using":"xpath","value":"//button[@data-kt=\"addButton\"]"}
RESULT: {"using":"xpath","value":"//button[@data-kt=\"addButton\"]"}
COMMAND: POST /session/a414a6ae85a434897fa1c9da3096b959/elements - {"using":"xpath","value":"//button[@data-kt=\"addButton\"]"}
RESULT: {"using":"xpath","value":"//button[@data-kt=\"addButton\"]"}
COMMAND: POST /session/a414a6ae85a434897fa1c9da3096b959/elements - {"using":"xpath","value":"//button[@data-kt=\"addButton\"]"}
RESULT: {"using":"xpath","value":"//button[@data-kt=\"addButton\"]"}
COMMAND: POST /session/a414a6ae85a434897fa1c9da3096b959/elements - {"using":"xpath","value":"//button[@data-kt=\"addButton\"]"}
RESULT: {"using":"xpath","value":"//button[@data-kt=\"addButton\"]"}
COMMAND: POST /session/a414a6ae85a434897fa1c9da3096b959/elements - {"using":"xpath","value":"//button[@data-kt=\"addButton\"]"}
RESULT: {"using":"xpath","value":"//button[@data-kt=\"addButton\"]"}
COMMAND: POST /session/a414a6ae85a434897fa1c9da3096b959/elements - {"using":"xpath","value":"//button[@data-kt=\"addButton\"]"}
RESULT: {"using":"xpath","value":"//button[@data-kt=\"addButton\"]"}
COMMAND: POST /session/a414a6ae85a434897fa1c9da3096b959/elements - {"using":"xpath","value":"//button[@data-kt=\"addButton\"]"}
RESULT: {"using":"xpath","value":"//button[@data-kt=\"addButton\"]"}
COMMAND: POST /session/a414a6ae85a434897fa1c9da3096b959/elements - {"using":"xpath","value":"//button[@data-kt=\"addButton\"]"}
RESULT: {"using":"xpath","value":"//button[@data-kt=\"addButton\"]"}
COMMAND: POST /session/a414a6ae85a434897fa1c9da3096b959/elements - {"using":"xpath","value":"//button[@data-kt=\"addButton\"]"}
RESULT: {"using":"xpath","value":"//button[@data-kt=\"addButton\"]"}
COMMAND: POST /session/a414a6ae85a434897fa1c9da3096b959/elements - {"using":"xpath","value":"//button[@data-kt=\"addButton\"]"}
RESULT: {"using":"xpath","value":"//button[@data-kt=\"addButton\"]"}
COMMAND: POST /session/a414a6ae85a434897fa1c9da3096b959/elements - {"using":"xpath","value":"//button[@data-kt=\"addButton\"]"}
RESULT: {"using":"xpath","value":"//button[@data-kt=\"addButton\"]"}
COMMAND: POST /session/a414a6ae85a434897fa1c9da3096b959/elements - {"using":"xpath","value":"//button[@data-kt=\"addButton\"]"}
RESULT: {"using":"xpath","value":"//button[@data-kt=\"addButton\"]"}
COMMAND: POST /session/a414a6ae85a434897fa1c9da3096b959/elements - {"using":"xpath","value":"//button[@data-kt=\"addButton\"]"}
RESULT: {"using":"xpath","value":"//button[@data-kt=\"addButton\"]"}
COMMAND: POST /session/a414a6ae85a434897fa1c9da3096b959/elements - {"using":"xpath","value":"//button[@data-kt=\"addButton\"]"}
RESULT: {"using":"xpath","value":"//button[@data-kt=\"addButton\"]"}
COMMAND: POST /session/a414a6ae85a434897fa1c9da3096b959/elements - {"using":"xpath","value":"//button[@data-kt=\"addButton\"]"}
RESULT: {"using":"xpath","value":"//button[@data-kt=\"addButton\"]"}
COMMAND: POST /session/a414a6ae85a434897fa1c9da3096b959/elements - {"using":"xpath","value":"//button[@data-kt=\"addButton\"]"}
RESULT: {"using":"xpath","value":"//button[@data-kt=\"addButton\"]"}
COMMAND: POST /session/a414a6ae85a434897fa1c9da3096b959/elements - {"using":"xpath","value":"//button[@data-kt=\"addButton\"]"}
RESULT: {"using":"xpath","value":"//button[@data-kt=\"addButton\"]"}
COMMAND: POST /session/a414a6ae85a434897fa1c9da3096b959/elements - {"using":"xpath","value":"//button[@data-kt=\"addButton\"]"}
RESULT: {"using":"xpath","value":"//button[@data-kt=\"addButton\"]"}
COMMAND: GET /session/a414a6ae85a434897fa1c9da3096b959/screenshot - {}
RESULT: {}
]]></system-out>
      <system-err><![CDATA[
Error: element ("//button[@data-kt="addButton"]") still not existing after 45000ms
    at async UtilsPrerequisites.contractCreation (D:\a\1\s\test\specs\BTS\prerequisites-and-utils-functions.js:1741:9)
    at async Context.<anonymous> (D:\a\1\s\test\specs\HTR\provide-to-site-w-warehouse-w-clarification.spec.js:74:49)
]]></system-err>
    </testcase>
    <testcase classname="chrome.136_0_7103_93.windows.Provide_to_Site_w/_warehouse_management_w_clarification" name="Should add equipment to the contract" time="60.618">
      <failure/>
      <error message="Can't call click on element with selector &quot;//button[@data-kt=&quot;contractDetailEditBtnButton&quot;]&quot; because element wasn't found"/>
      <system-out><![CDATA[
COMMAND: POST /session/a414a6ae85a434897fa1c9da3096b959/element - {"using":"xpath","value":"//button[@data-kt=\"contractDetailEditBtnButton\"]"}
COMMAND: GET /session/a414a6ae85a434897fa1c9da3096b959/screenshot - {}
RESULT: {"using":"xpath","value":"//button[@data-kt=\"contractDetailEditBtnButton\"]"}
COMMAND: POST /session/a414a6ae85a434897fa1c9da3096b959/elements - {"using":"xpath","value":"//button[@data-kt=\"contractDetailEditBtnButton\"]"}
RESULT: {}
RESULT: {"using":"xpath","value":"//button[@data-kt=\"contractDetailEditBtnButton\"]"}
COMMAND: POST /session/a414a6ae85a434897fa1c9da3096b959/elements - {"using":"xpath","value":"//button[@data-kt=\"contractDetailEditBtnButton\"]"}
RESULT: {"using":"xpath","value":"//button[@data-kt=\"contractDetailEditBtnButton\"]"}
COMMAND: POST /session/a414a6ae85a434897fa1c9da3096b959/elements - {"using":"xpath","value":"//button[@data-kt=\"contractDetailEditBtnButton\"]"}
RESULT: {"using":"xpath","value":"//button[@data-kt=\"contractDetailEditBtnButton\"]"}
COMMAND: POST /session/a414a6ae85a434897fa1c9da3096b959/elements - {"using":"xpath","value":"//button[@data-kt=\"contractDetailEditBtnButton\"]"}
RESULT: {"using":"xpath","value":"//button[@data-kt=\"contractDetailEditBtnButton\"]"}
COMMAND: POST /session/a414a6ae85a434897fa1c9da3096b959/elements - {"using":"xpath","value":"//button[@data-kt=\"contractDetailEditBtnButton\"]"}
RESULT: {"using":"xpath","value":"//button[@data-kt=\"contractDetailEditBtnButton\"]"}
COMMAND: POST /session/a414a6ae85a434897fa1c9da3096b959/elements - {"using":"xpath","value":"//button[@data-kt=\"contractDetailEditBtnButton\"]"}
RESULT: {"using":"xpath","value":"//button[@data-kt=\"contractDetailEditBtnButton\"]"}
COMMAND: POST /session/a414a6ae85a434897fa1c9da3096b959/elements - {"using":"xpath","value":"//button[@data-kt=\"contractDetailEditBtnButton\"]"}
RESULT: {"using":"xpath","value":"//button[@data-kt=\"contractDetailEditBtnButton\"]"}
COMMAND: POST /session/a414a6ae85a434897fa1c9da3096b959/elements - {"using":"xpath","value":"//button[@data-kt=\"contractDetailEditBtnButton\"]"}
RESULT: {"using":"xpath","value":"//button[@data-kt=\"contractDetailEditBtnButton\"]"}
COMMAND: POST /session/a414a6ae85a434897fa1c9da3096b959/elements - {"using":"xpath","value":"//button[@data-kt=\"contractDetailEditBtnButton\"]"}
RESULT: {"using":"xpath","value":"//button[@data-kt=\"contractDetailEditBtnButton\"]"}
COMMAND: POST /session/a414a6ae85a434897fa1c9da3096b959/elements - {"using":"xpath","value":"//button[@data-kt=\"contractDetailEditBtnButton\"]"}
RESULT: {"using":"xpath","value":"//button[@data-kt=\"contractDetailEditBtnButton\"]"}
COMMAND: POST /session/a414a6ae85a434897fa1c9da3096b959/elements - {"using":"xpath","value":"//button[@data-kt=\"contractDetailEditBtnButton\"]"}
RESULT: {"using":"xpath","value":"//button[@data-kt=\"contractDetailEditBtnButton\"]"}
COMMAND: POST /session/a414a6ae85a434897fa1c9da3096b959/elements - {"using":"xpath","value":"//button[@data-kt=\"contractDetailEditBtnButton\"]"}
RESULT: {"using":"xpath","value":"//button[@data-kt=\"contractDetailEditBtnButton\"]"}
COMMAND: POST /session/a414a6ae85a434897fa1c9da3096b959/elements - {"using":"xpath","value":"//button[@data-kt=\"contractDetailEditBtnButton\"]"}
RESULT: {"using":"xpath","value":"//button[@data-kt=\"contractDetailEditBtnButton\"]"}
COMMAND: POST /session/a414a6ae85a434897fa1c9da3096b959/elements - {"using":"xpath","value":"//button[@data-kt=\"contractDetailEditBtnButton\"]"}
RESULT: {"using":"xpath","value":"//button[@data-kt=\"contractDetailEditBtnButton\"]"}
COMMAND: POST /session/a414a6ae85a434897fa1c9da3096b959/elements - {"using":"xpath","value":"//button[@data-kt=\"contractDetailEditBtnButton\"]"}
RESULT: {"using":"xpath","value":"//button[@data-kt=\"contractDetailEditBtnButton\"]"}
COMMAND: POST /session/a414a6ae85a434897fa1c9da3096b959/elements - {"using":"xpath","value":"//button[@data-kt=\"contractDetailEditBtnButton\"]"}
RESULT: {"using":"xpath","value":"//button[@data-kt=\"contractDetailEditBtnButton\"]"}
COMMAND: POST /session/a414a6ae85a434897fa1c9da3096b959/elements - {"using":"xpath","value":"//button[@data-kt=\"contractDetailEditBtnButton\"]"}
RESULT: {"using":"xpath","value":"//button[@data-kt=\"contractDetailEditBtnButton\"]"}
COMMAND: POST /session/a414a6ae85a434897fa1c9da3096b959/elements - {"using":"xpath","value":"//button[@data-kt=\"contractDetailEditBtnButton\"]"}
RESULT: {"using":"xpath","value":"//button[@data-kt=\"contractDetailEditBtnButton\"]"}
COMMAND: POST /session/a414a6ae85a434897fa1c9da3096b959/elements - {"using":"xpath","value":"//button[@data-kt=\"contractDetailEditBtnButton\"]"}
RESULT: {"using":"xpath","value":"//button[@data-kt=\"contractDetailEditBtnButton\"]"}
COMMAND: POST /session/a414a6ae85a434897fa1c9da3096b959/elements - {"using":"xpath","value":"//button[@data-kt=\"contractDetailEditBtnButton\"]"}
RESULT: {"using":"xpath","value":"//button[@data-kt=\"contractDetailEditBtnButton\"]"}
COMMAND: POST /session/a414a6ae85a434897fa1c9da3096b959/elements - {"using":"xpath","value":"//button[@data-kt=\"contractDetailEditBtnButton\"]"}
RESULT: {"using":"xpath","value":"//button[@data-kt=\"contractDetailEditBtnButton\"]"}
COMMAND: POST /session/a414a6ae85a434897fa1c9da3096b959/elements - {"using":"xpath","value":"//button[@data-kt=\"contractDetailEditBtnButton\"]"}
RESULT: {"using":"xpath","value":"//button[@data-kt=\"contractDetailEditBtnButton\"]"}
COMMAND: POST /session/a414a6ae85a434897fa1c9da3096b959/elements - {"using":"xpath","value":"//button[@data-kt=\"contractDetailEditBtnButton\"]"}
RESULT: {"using":"xpath","value":"//button[@data-kt=\"contractDetailEditBtnButton\"]"}
COMMAND: POST /session/a414a6ae85a434897fa1c9da3096b959/elements - {"using":"xpath","value":"//button[@data-kt=\"contractDetailEditBtnButton\"]"}
RESULT: {"using":"xpath","value":"//button[@data-kt=\"contractDetailEditBtnButton\"]"}
COMMAND: POST /session/a414a6ae85a434897fa1c9da3096b959/elements - {"using":"xpath","value":"//button[@data-kt=\"contractDetailEditBtnButton\"]"}
RESULT: {"using":"xpath","value":"//button[@data-kt=\"contractDetailEditBtnButton\"]"}
COMMAND: POST /session/a414a6ae85a434897fa1c9da3096b959/elements - {"using":"xpath","value":"//button[@data-kt=\"contractDetailEditBtnButton\"]"}
RESULT: {"using":"xpath","value":"//button[@data-kt=\"contractDetailEditBtnButton\"]"}
COMMAND: POST /session/a414a6ae85a434897fa1c9da3096b959/elements - {"using":"xpath","value":"//button[@data-kt=\"contractDetailEditBtnButton\"]"}
RESULT: {"using":"xpath","value":"//button[@data-kt=\"contractDetailEditBtnButton\"]"}
COMMAND: POST /session/a414a6ae85a434897fa1c9da3096b959/elements - {"using":"xpath","value":"//button[@data-kt=\"contractDetailEditBtnButton\"]"}
RESULT: {"using":"xpath","value":"//button[@data-kt=\"contractDetailEditBtnButton\"]"}
COMMAND: POST /session/a414a6ae85a434897fa1c9da3096b959/elements - {"using":"xpath","value":"//button[@data-kt=\"contractDetailEditBtnButton\"]"}
RESULT: {"using":"xpath","value":"//button[@data-kt=\"contractDetailEditBtnButton\"]"}
COMMAND: POST /session/a414a6ae85a434897fa1c9da3096b959/elements - {"using":"xpath","value":"//button[@data-kt=\"contractDetailEditBtnButton\"]"}
RESULT: {"using":"xpath","value":"//button[@data-kt=\"contractDetailEditBtnButton\"]"}
COMMAND: POST /session/a414a6ae85a434897fa1c9da3096b959/elements - {"using":"xpath","value":"//button[@data-kt=\"contractDetailEditBtnButton\"]"}
RESULT: {"using":"xpath","value":"//button[@data-kt=\"contractDetailEditBtnButton\"]"}
COMMAND: POST /session/a414a6ae85a434897fa1c9da3096b959/elements - {"using":"xpath","value":"//button[@data-kt=\"contractDetailEditBtnButton\"]"}
RESULT: {"using":"xpath","value":"//button[@data-kt=\"contractDetailEditBtnButton\"]"}
COMMAND: POST /session/a414a6ae85a434897fa1c9da3096b959/elements - {"using":"xpath","value":"//button[@data-kt=\"contractDetailEditBtnButton\"]"}
RESULT: {"using":"xpath","value":"//button[@data-kt=\"contractDetailEditBtnButton\"]"}
COMMAND: POST /session/a414a6ae85a434897fa1c9da3096b959/elements - {"using":"xpath","value":"//button[@data-kt=\"contractDetailEditBtnButton\"]"}
RESULT: {"using":"xpath","value":"//button[@data-kt=\"contractDetailEditBtnButton\"]"}
COMMAND: POST /session/a414a6ae85a434897fa1c9da3096b959/elements - {"using":"xpath","value":"//button[@data-kt=\"contractDetailEditBtnButton\"]"}
RESULT: {"using":"xpath","value":"//button[@data-kt=\"contractDetailEditBtnButton\"]"}
COMMAND: POST /session/a414a6ae85a434897fa1c9da3096b959/elements - {"using":"xpath","value":"//button[@data-kt=\"contractDetailEditBtnButton\"]"}
RESULT: {"using":"xpath","value":"//button[@data-kt=\"contractDetailEditBtnButton\"]"}
COMMAND: POST /session/a414a6ae85a434897fa1c9da3096b959/elements - {"using":"xpath","value":"//button[@data-kt=\"contractDetailEditBtnButton\"]"}
RESULT: {"using":"xpath","value":"//button[@data-kt=\"contractDetailEditBtnButton\"]"}
COMMAND: POST /session/a414a6ae85a434897fa1c9da3096b959/elements - {"using":"xpath","value":"//button[@data-kt=\"contractDetailEditBtnButton\"]"}
RESULT: {"using":"xpath","value":"//button[@data-kt=\"contractDetailEditBtnButton\"]"}
COMMAND: POST /session/a414a6ae85a434897fa1c9da3096b959/elements - {"using":"xpath","value":"//button[@data-kt=\"contractDetailEditBtnButton\"]"}
RESULT: {"using":"xpath","value":"//button[@data-kt=\"contractDetailEditBtnButton\"]"}
COMMAND: POST /session/a414a6ae85a434897fa1c9da3096b959/elements - {"using":"xpath","value":"//button[@data-kt=\"contractDetailEditBtnButton\"]"}
RESULT: {"using":"xpath","value":"//button[@data-kt=\"contractDetailEditBtnButton\"]"}
COMMAND: POST /session/a414a6ae85a434897fa1c9da3096b959/elements - {"using":"xpath","value":"//button[@data-kt=\"contractDetailEditBtnButton\"]"}
RESULT: {"using":"xpath","value":"//button[@data-kt=\"contractDetailEditBtnButton\"]"}
COMMAND: POST /session/a414a6ae85a434897fa1c9da3096b959/elements - {"using":"xpath","value":"//button[@data-kt=\"contractDetailEditBtnButton\"]"}
RESULT: {"using":"xpath","value":"//button[@data-kt=\"contractDetailEditBtnButton\"]"}
COMMAND: POST /session/a414a6ae85a434897fa1c9da3096b959/elements - {"using":"xpath","value":"//button[@data-kt=\"contractDetailEditBtnButton\"]"}
RESULT: {"using":"xpath","value":"//button[@data-kt=\"contractDetailEditBtnButton\"]"}
COMMAND: POST /session/a414a6ae85a434897fa1c9da3096b959/elements - {"using":"xpath","value":"//button[@data-kt=\"contractDetailEditBtnButton\"]"}
RESULT: {"using":"xpath","value":"//button[@data-kt=\"contractDetailEditBtnButton\"]"}
COMMAND: POST /session/a414a6ae85a434897fa1c9da3096b959/elements - {"using":"xpath","value":"//button[@data-kt=\"contractDetailEditBtnButton\"]"}
RESULT: {"using":"xpath","value":"//button[@data-kt=\"contractDetailEditBtnButton\"]"}
COMMAND: POST /session/a414a6ae85a434897fa1c9da3096b959/elements - {"using":"xpath","value":"//button[@data-kt=\"contractDetailEditBtnButton\"]"}
RESULT: {"using":"xpath","value":"//button[@data-kt=\"contractDetailEditBtnButton\"]"}
COMMAND: POST /session/a414a6ae85a434897fa1c9da3096b959/elements - {"using":"xpath","value":"//button[@data-kt=\"contractDetailEditBtnButton\"]"}
RESULT: {"using":"xpath","value":"//button[@data-kt=\"contractDetailEditBtnButton\"]"}
COMMAND: POST /session/a414a6ae85a434897fa1c9da3096b959/elements - {"using":"xpath","value":"//button[@data-kt=\"contractDetailEditBtnButton\"]"}
RESULT: {"using":"xpath","value":"//button[@data-kt=\"contractDetailEditBtnButton\"]"}
COMMAND: POST /session/a414a6ae85a434897fa1c9da3096b959/elements - {"using":"xpath","value":"//button[@data-kt=\"contractDetailEditBtnButton\"]"}
RESULT: {"using":"xpath","value":"//button[@data-kt=\"contractDetailEditBtnButton\"]"}
COMMAND: POST /session/a414a6ae85a434897fa1c9da3096b959/elements - {"using":"xpath","value":"//button[@data-kt=\"contractDetailEditBtnButton\"]"}
RESULT: {"using":"xpath","value":"//button[@data-kt=\"contractDetailEditBtnButton\"]"}
COMMAND: POST /session/a414a6ae85a434897fa1c9da3096b959/elements - {"using":"xpath","value":"//button[@data-kt=\"contractDetailEditBtnButton\"]"}
RESULT: {"using":"xpath","value":"//button[@data-kt=\"contractDetailEditBtnButton\"]"}
COMMAND: POST /session/a414a6ae85a434897fa1c9da3096b959/elements - {"using":"xpath","value":"//button[@data-kt=\"contractDetailEditBtnButton\"]"}
RESULT: {"using":"xpath","value":"//button[@data-kt=\"contractDetailEditBtnButton\"]"}
COMMAND: POST /session/a414a6ae85a434897fa1c9da3096b959/elements - {"using":"xpath","value":"//button[@data-kt=\"contractDetailEditBtnButton\"]"}
RESULT: {"using":"xpath","value":"//button[@data-kt=\"contractDetailEditBtnButton\"]"}
COMMAND: POST /session/a414a6ae85a434897fa1c9da3096b959/elements - {"using":"xpath","value":"//button[@data-kt=\"contractDetailEditBtnButton\"]"}
RESULT: {"using":"xpath","value":"//button[@data-kt=\"contractDetailEditBtnButton\"]"}
COMMAND: POST /session/a414a6ae85a434897fa1c9da3096b959/elements - {"using":"xpath","value":"//button[@data-kt=\"contractDetailEditBtnButton\"]"}
RESULT: {"using":"xpath","value":"//button[@data-kt=\"contractDetailEditBtnButton\"]"}
COMMAND: POST /session/a414a6ae85a434897fa1c9da3096b959/elements - {"using":"xpath","value":"//button[@data-kt=\"contractDetailEditBtnButton\"]"}
RESULT: {"using":"xpath","value":"//button[@data-kt=\"contractDetailEditBtnButton\"]"}
COMMAND: POST /session/a414a6ae85a434897fa1c9da3096b959/elements - {"using":"xpath","value":"//button[@data-kt=\"contractDetailEditBtnButton\"]"}
RESULT: {"using":"xpath","value":"//button[@data-kt=\"contractDetailEditBtnButton\"]"}
COMMAND: POST /session/a414a6ae85a434897fa1c9da3096b959/elements - {"using":"xpath","value":"//button[@data-kt=\"contractDetailEditBtnButton\"]"}
RESULT: {"using":"xpath","value":"//button[@data-kt=\"contractDetailEditBtnButton\"]"}
COMMAND: POST /session/a414a6ae85a434897fa1c9da3096b959/elements - {"using":"xpath","value":"//button[@data-kt=\"contractDetailEditBtnButton\"]"}
RESULT: {"using":"xpath","value":"//button[@data-kt=\"contractDetailEditBtnButton\"]"}
COMMAND: POST /session/a414a6ae85a434897fa1c9da3096b959/elements - {"using":"xpath","value":"//button[@data-kt=\"contractDetailEditBtnButton\"]"}
RESULT: {"using":"xpath","value":"//button[@data-kt=\"contractDetailEditBtnButton\"]"}
COMMAND: POST /session/a414a6ae85a434897fa1c9da3096b959/elements - {"using":"xpath","value":"//button[@data-kt=\"contractDetailEditBtnButton\"]"}
RESULT: {"using":"xpath","value":"//button[@data-kt=\"contractDetailEditBtnButton\"]"}
COMMAND: POST /session/a414a6ae85a434897fa1c9da3096b959/elements - {"using":"xpath","value":"//button[@data-kt=\"contractDetailEditBtnButton\"]"}
RESULT: {"using":"xpath","value":"//button[@data-kt=\"contractDetailEditBtnButton\"]"}
COMMAND: POST /session/a414a6ae85a434897fa1c9da3096b959/elements - {"using":"xpath","value":"//button[@data-kt=\"contractDetailEditBtnButton\"]"}
RESULT: {"using":"xpath","value":"//button[@data-kt=\"contractDetailEditBtnButton\"]"}
COMMAND: POST /session/a414a6ae85a434897fa1c9da3096b959/elements - {"using":"xpath","value":"//button[@data-kt=\"contractDetailEditBtnButton\"]"}
RESULT: {"using":"xpath","value":"//button[@data-kt=\"contractDetailEditBtnButton\"]"}
COMMAND: POST /session/a414a6ae85a434897fa1c9da3096b959/elements - {"using":"xpath","value":"//button[@data-kt=\"contractDetailEditBtnButton\"]"}
RESULT: {"using":"xpath","value":"//button[@data-kt=\"contractDetailEditBtnButton\"]"}
COMMAND: POST /session/a414a6ae85a434897fa1c9da3096b959/elements - {"using":"xpath","value":"//button[@data-kt=\"contractDetailEditBtnButton\"]"}
RESULT: {"using":"xpath","value":"//button[@data-kt=\"contractDetailEditBtnButton\"]"}
COMMAND: POST /session/a414a6ae85a434897fa1c9da3096b959/elements - {"using":"xpath","value":"//button[@data-kt=\"contractDetailEditBtnButton\"]"}
RESULT: {"using":"xpath","value":"//button[@data-kt=\"contractDetailEditBtnButton\"]"}
COMMAND: POST /session/a414a6ae85a434897fa1c9da3096b959/elements - {"using":"xpath","value":"//button[@data-kt=\"contractDetailEditBtnButton\"]"}
RESULT: {"using":"xpath","value":"//button[@data-kt=\"contractDetailEditBtnButton\"]"}
COMMAND: POST /session/a414a6ae85a434897fa1c9da3096b959/elements - {"using":"xpath","value":"//button[@data-kt=\"contractDetailEditBtnButton\"]"}
RESULT: {"using":"xpath","value":"//button[@data-kt=\"contractDetailEditBtnButton\"]"}
COMMAND: POST /session/a414a6ae85a434897fa1c9da3096b959/elements - {"using":"xpath","value":"//button[@data-kt=\"contractDetailEditBtnButton\"]"}
RESULT: {"using":"xpath","value":"//button[@data-kt=\"contractDetailEditBtnButton\"]"}
COMMAND: POST /session/a414a6ae85a434897fa1c9da3096b959/elements - {"using":"xpath","value":"//button[@data-kt=\"contractDetailEditBtnButton\"]"}
RESULT: {"using":"xpath","value":"//button[@data-kt=\"contractDetailEditBtnButton\"]"}
COMMAND: POST /session/a414a6ae85a434897fa1c9da3096b959/elements - {"using":"xpath","value":"//button[@data-kt=\"contractDetailEditBtnButton\"]"}
RESULT: {"using":"xpath","value":"//button[@data-kt=\"contractDetailEditBtnButton\"]"}
COMMAND: POST /session/a414a6ae85a434897fa1c9da3096b959/elements - {"using":"xpath","value":"//button[@data-kt=\"contractDetailEditBtnButton\"]"}
RESULT: {"using":"xpath","value":"//button[@data-kt=\"contractDetailEditBtnButton\"]"}
COMMAND: POST /session/a414a6ae85a434897fa1c9da3096b959/elements - {"using":"xpath","value":"//button[@data-kt=\"contractDetailEditBtnButton\"]"}
RESULT: {"using":"xpath","value":"//button[@data-kt=\"contractDetailEditBtnButton\"]"}
COMMAND: POST /session/a414a6ae85a434897fa1c9da3096b959/elements - {"using":"xpath","value":"//button[@data-kt=\"contractDetailEditBtnButton\"]"}
RESULT: {"using":"xpath","value":"//button[@data-kt=\"contractDetailEditBtnButton\"]"}
COMMAND: POST /session/a414a6ae85a434897fa1c9da3096b959/elements - {"using":"xpath","value":"//button[@data-kt=\"contractDetailEditBtnButton\"]"}
RESULT: {"using":"xpath","value":"//button[@data-kt=\"contractDetailEditBtnButton\"]"}
COMMAND: POST /session/a414a6ae85a434897fa1c9da3096b959/elements - {"using":"xpath","value":"//button[@data-kt=\"contractDetailEditBtnButton\"]"}
RESULT: {"using":"xpath","value":"//button[@data-kt=\"contractDetailEditBtnButton\"]"}
COMMAND: POST /session/a414a6ae85a434897fa1c9da3096b959/elements - {"using":"xpath","value":"//button[@data-kt=\"contractDetailEditBtnButton\"]"}
RESULT: {"using":"xpath","value":"//button[@data-kt=\"contractDetailEditBtnButton\"]"}
COMMAND: POST /session/a414a6ae85a434897fa1c9da3096b959/elements - {"using":"xpath","value":"//button[@data-kt=\"contractDetailEditBtnButton\"]"}
RESULT: {"using":"xpath","value":"//button[@data-kt=\"contractDetailEditBtnButton\"]"}
COMMAND: POST /session/a414a6ae85a434897fa1c9da3096b959/elements - {"using":"xpath","value":"//button[@data-kt=\"contractDetailEditBtnButton\"]"}
RESULT: {"using":"xpath","value":"//button[@data-kt=\"contractDetailEditBtnButton\"]"}
COMMAND: POST /session/a414a6ae85a434897fa1c9da3096b959/elements - {"using":"xpath","value":"//button[@data-kt=\"contractDetailEditBtnButton\"]"}
RESULT: {"using":"xpath","value":"//button[@data-kt=\"contractDetailEditBtnButton\"]"}
COMMAND: POST /session/a414a6ae85a434897fa1c9da3096b959/elements - {"using":"xpath","value":"//button[@data-kt=\"contractDetailEditBtnButton\"]"}
RESULT: {"using":"xpath","value":"//button[@data-kt=\"contractDetailEditBtnButton\"]"}
COMMAND: POST /session/a414a6ae85a434897fa1c9da3096b959/elements - {"using":"xpath","value":"//button[@data-kt=\"contractDetailEditBtnButton\"]"}
RESULT: {"using":"xpath","value":"//button[@data-kt=\"contractDetailEditBtnButton\"]"}
COMMAND: POST /session/a414a6ae85a434897fa1c9da3096b959/elements - {"using":"xpath","value":"//button[@data-kt=\"contractDetailEditBtnButton\"]"}
RESULT: {"using":"xpath","value":"//button[@data-kt=\"contractDetailEditBtnButton\"]"}
COMMAND: POST /session/a414a6ae85a434897fa1c9da3096b959/elements - {"using":"xpath","value":"//button[@data-kt=\"contractDetailEditBtnButton\"]"}
RESULT: {"using":"xpath","value":"//button[@data-kt=\"contractDetailEditBtnButton\"]"}
COMMAND: POST /session/a414a6ae85a434897fa1c9da3096b959/elements - {"using":"xpath","value":"//button[@data-kt=\"contractDetailEditBtnButton\"]"}
RESULT: {"using":"xpath","value":"//button[@data-kt=\"contractDetailEditBtnButton\"]"}
COMMAND: POST /session/a414a6ae85a434897fa1c9da3096b959/elements - {"using":"xpath","value":"//button[@data-kt=\"contractDetailEditBtnButton\"]"}
RESULT: {"using":"xpath","value":"//button[@data-kt=\"contractDetailEditBtnButton\"]"}
COMMAND: POST /session/a414a6ae85a434897fa1c9da3096b959/elements - {"using":"xpath","value":"//button[@data-kt=\"contractDetailEditBtnButton\"]"}
RESULT: {"using":"xpath","value":"//button[@data-kt=\"contractDetailEditBtnButton\"]"}
COMMAND: POST /session/a414a6ae85a434897fa1c9da3096b959/elements - {"using":"xpath","value":"//button[@data-kt=\"contractDetailEditBtnButton\"]"}
RESULT: {"using":"xpath","value":"//button[@data-kt=\"contractDetailEditBtnButton\"]"}
COMMAND: POST /session/a414a6ae85a434897fa1c9da3096b959/elements - {"using":"xpath","value":"//button[@data-kt=\"contractDetailEditBtnButton\"]"}
RESULT: {"using":"xpath","value":"//button[@data-kt=\"contractDetailEditBtnButton\"]"}
COMMAND: POST /session/a414a6ae85a434897fa1c9da3096b959/elements - {"using":"xpath","value":"//button[@data-kt=\"contractDetailEditBtnButton\"]"}
RESULT: {"using":"xpath","value":"//button[@data-kt=\"contractDetailEditBtnButton\"]"}
COMMAND: POST /session/a414a6ae85a434897fa1c9da3096b959/elements - {"using":"xpath","value":"//button[@data-kt=\"contractDetailEditBtnButton\"]"}
RESULT: {"using":"xpath","value":"//button[@data-kt=\"contractDetailEditBtnButton\"]"}
COMMAND: POST /session/a414a6ae85a434897fa1c9da3096b959/elements - {"using":"xpath","value":"//button[@data-kt=\"contractDetailEditBtnButton\"]"}
RESULT: {"using":"xpath","value":"//button[@data-kt=\"contractDetailEditBtnButton\"]"}
COMMAND: POST /session/a414a6ae85a434897fa1c9da3096b959/elements - {"using":"xpath","value":"//button[@data-kt=\"contractDetailEditBtnButton\"]"}
RESULT: {"using":"xpath","value":"//button[@data-kt=\"contractDetailEditBtnButton\"]"}
COMMAND: POST /session/a414a6ae85a434897fa1c9da3096b959/elements - {"using":"xpath","value":"//button[@data-kt=\"contractDetailEditBtnButton\"]"}
RESULT: {"using":"xpath","value":"//button[@data-kt=\"contractDetailEditBtnButton\"]"}
COMMAND: POST /session/a414a6ae85a434897fa1c9da3096b959/elements - {"using":"xpath","value":"//button[@data-kt=\"contractDetailEditBtnButton\"]"}
RESULT: {"using":"xpath","value":"//button[@data-kt=\"contractDetailEditBtnButton\"]"}
COMMAND: POST /session/a414a6ae85a434897fa1c9da3096b959/elements - {"using":"xpath","value":"//button[@data-kt=\"contractDetailEditBtnButton\"]"}
RESULT: {"using":"xpath","value":"//button[@data-kt=\"contractDetailEditBtnButton\"]"}
COMMAND: POST /session/a414a6ae85a434897fa1c9da3096b959/elements - {"using":"xpath","value":"//button[@data-kt=\"contractDetailEditBtnButton\"]"}
RESULT: {"using":"xpath","value":"//button[@data-kt=\"contractDetailEditBtnButton\"]"}
COMMAND: POST /session/a414a6ae85a434897fa1c9da3096b959/elements - {"using":"xpath","value":"//button[@data-kt=\"contractDetailEditBtnButton\"]"}
RESULT: {"using":"xpath","value":"//button[@data-kt=\"contractDetailEditBtnButton\"]"}
COMMAND: POST /session/a414a6ae85a434897fa1c9da3096b959/elements - {"using":"xpath","value":"//button[@data-kt=\"contractDetailEditBtnButton\"]"}
RESULT: {"using":"xpath","value":"//button[@data-kt=\"contractDetailEditBtnButton\"]"}
COMMAND: POST /session/a414a6ae85a434897fa1c9da3096b959/elements - {"using":"xpath","value":"//button[@data-kt=\"contractDetailEditBtnButton\"]"}
RESULT: {"using":"xpath","value":"//button[@data-kt=\"contractDetailEditBtnButton\"]"}
COMMAND: POST /session/a414a6ae85a434897fa1c9da3096b959/elements - {"using":"xpath","value":"//button[@data-kt=\"contractDetailEditBtnButton\"]"}
RESULT: {"using":"xpath","value":"//button[@data-kt=\"contractDetailEditBtnButton\"]"}
COMMAND: POST /session/a414a6ae85a434897fa1c9da3096b959/elements - {"using":"xpath","value":"//button[@data-kt=\"contractDetailEditBtnButton\"]"}
RESULT: {"using":"xpath","value":"//button[@data-kt=\"contractDetailEditBtnButton\"]"}
COMMAND: POST /session/a414a6ae85a434897fa1c9da3096b959/elements - {"using":"xpath","value":"//button[@data-kt=\"contractDetailEditBtnButton\"]"}
RESULT: {"using":"xpath","value":"//button[@data-kt=\"contractDetailEditBtnButton\"]"}
COMMAND: POST /session/a414a6ae85a434897fa1c9da3096b959/elements - {"using":"xpath","value":"//button[@data-kt=\"contractDetailEditBtnButton\"]"}
RESULT: {"using":"xpath","value":"//button[@data-kt=\"contractDetailEditBtnButton\"]"}
COMMAND: POST /session/a414a6ae85a434897fa1c9da3096b959/elements - {"using":"xpath","value":"//button[@data-kt=\"contractDetailEditBtnButton\"]"}
RESULT: {"using":"xpath","value":"//button[@data-kt=\"contractDetailEditBtnButton\"]"}
COMMAND: POST /session/a414a6ae85a434897fa1c9da3096b959/elements - {"using":"xpath","value":"//button[@data-kt=\"contractDetailEditBtnButton\"]"}
RESULT: {"using":"xpath","value":"//button[@data-kt=\"contractDetailEditBtnButton\"]"}
COMMAND: POST /session/a414a6ae85a434897fa1c9da3096b959/elements - {"using":"xpath","value":"//button[@data-kt=\"contractDetailEditBtnButton\"]"}
RESULT: {"using":"xpath","value":"//button[@data-kt=\"contractDetailEditBtnButton\"]"}
COMMAND: POST /session/a414a6ae85a434897fa1c9da3096b959/elements - {"using":"xpath","value":"//button[@data-kt=\"contractDetailEditBtnButton\"]"}
RESULT: {"using":"xpath","value":"//button[@data-kt=\"contractDetailEditBtnButton\"]"}
COMMAND: POST /session/a414a6ae85a434897fa1c9da3096b959/elements - {"using":"xpath","value":"//button[@data-kt=\"contractDetailEditBtnButton\"]"}
RESULT: {"using":"xpath","value":"//button[@data-kt=\"contractDetailEditBtnButton\"]"}
COMMAND: POST /session/a414a6ae85a434897fa1c9da3096b959/elements - {"using":"xpath","value":"//button[@data-kt=\"contractDetailEditBtnButton\"]"}
RESULT: {"using":"xpath","value":"//button[@data-kt=\"contractDetailEditBtnButton\"]"}
COMMAND: POST /session/a414a6ae85a434897fa1c9da3096b959/elements - {"using":"xpath","value":"//button[@data-kt=\"contractDetailEditBtnButton\"]"}
RESULT: {"using":"xpath","value":"//button[@data-kt=\"contractDetailEditBtnButton\"]"}
COMMAND: POST /session/a414a6ae85a434897fa1c9da3096b959/elements - {"using":"xpath","value":"//button[@data-kt=\"contractDetailEditBtnButton\"]"}
RESULT: {"using":"xpath","value":"//button[@data-kt=\"contractDetailEditBtnButton\"]"}
COMMAND: POST /session/a414a6ae85a434897fa1c9da3096b959/elements - {"using":"xpath","value":"//button[@data-kt=\"contractDetailEditBtnButton\"]"}
RESULT: {"using":"xpath","value":"//button[@data-kt=\"contractDetailEditBtnButton\"]"}
COMMAND: POST /session/a414a6ae85a434897fa1c9da3096b959/elements - {"using":"xpath","value":"//button[@data-kt=\"contractDetailEditBtnButton\"]"}
RESULT: {"using":"xpath","value":"//button[@data-kt=\"contractDetailEditBtnButton\"]"}
COMMAND: POST /session/a414a6ae85a434897fa1c9da3096b959/elements - {"using":"xpath","value":"//button[@data-kt=\"contractDetailEditBtnButton\"]"}
RESULT: {"using":"xpath","value":"//button[@data-kt=\"contractDetailEditBtnButton\"]"}
COMMAND: POST /session/a414a6ae85a434897fa1c9da3096b959/elements - {"using":"xpath","value":"//button[@data-kt=\"contractDetailEditBtnButton\"]"}
RESULT: {"using":"xpath","value":"//button[@data-kt=\"contractDetailEditBtnButton\"]"}
COMMAND: POST /session/a414a6ae85a434897fa1c9da3096b959/elements - {"using":"xpath","value":"//button[@data-kt=\"contractDetailEditBtnButton\"]"}
RESULT: {"using":"xpath","value":"//button[@data-kt=\"contractDetailEditBtnButton\"]"}
COMMAND: POST /session/a414a6ae85a434897fa1c9da3096b959/elements - {"using":"xpath","value":"//button[@data-kt=\"contractDetailEditBtnButton\"]"}
RESULT: {"using":"xpath","value":"//button[@data-kt=\"contractDetailEditBtnButton\"]"}
COMMAND: POST /session/a414a6ae85a434897fa1c9da3096b959/elements - {"using":"xpath","value":"//button[@data-kt=\"contractDetailEditBtnButton\"]"}
RESULT: {"using":"xpath","value":"//button[@data-kt=\"contractDetailEditBtnButton\"]"}
COMMAND: GET /session/a414a6ae85a434897fa1c9da3096b959/screenshot - {}
RESULT: {}
]]></system-out>
      <system-err><![CDATA[
Error: Can't call click on element with selector "//button[@data-kt="contractDetailEditBtnButton"]" because element wasn't found
    at async UtilsPrerequisites.addItemToContract (D:\a\1\s\test\specs\BTS\prerequisites-and-utils-functions.js:1852:9)
    at async Context.<anonymous> (D:\a\1\s\test\specs\HTR\provide-to-site-w-warehouse-w-clarification.spec.js:78:9)
]]></system-err>
    </testcase>
    <testcase classname="chrome.136_0_7103_93.windows.Provide_to_Site_w/_warehouse_management_w_clarification" name="Should provide to site" time="60.773">
      <failure/>
      <error message="Can't call click on element with selector &quot;//button[@data-kt=&quot;provideButton&quot;]&quot; because element wasn't found"/>
      <system-out><![CDATA[
COMMAND: POST /session/a414a6ae85a434897fa1c9da3096b959/element - {"using":"xpath","value":"//button[@data-kt=\"provideButton\"]"}
COMMAND: GET /session/a414a6ae85a434897fa1c9da3096b959/screenshot - {}
RESULT: {"using":"xpath","value":"//button[@data-kt=\"provideButton\"]"}
COMMAND: POST /session/a414a6ae85a434897fa1c9da3096b959/elements - {"using":"xpath","value":"//button[@data-kt=\"provideButton\"]"}
RESULT: {}
RESULT: {"using":"xpath","value":"//button[@data-kt=\"provideButton\"]"}
COMMAND: POST /session/a414a6ae85a434897fa1c9da3096b959/elements - {"using":"xpath","value":"//button[@data-kt=\"provideButton\"]"}
RESULT: {"using":"xpath","value":"//button[@data-kt=\"provideButton\"]"}
COMMAND: POST /session/a414a6ae85a434897fa1c9da3096b959/elements - {"using":"xpath","value":"//button[@data-kt=\"provideButton\"]"}
RESULT: {"using":"xpath","value":"//button[@data-kt=\"provideButton\"]"}
COMMAND: POST /session/a414a6ae85a434897fa1c9da3096b959/elements - {"using":"xpath","value":"//button[@data-kt=\"provideButton\"]"}
RESULT: {"using":"xpath","value":"//button[@data-kt=\"provideButton\"]"}
COMMAND: POST /session/a414a6ae85a434897fa1c9da3096b959/elements - {"using":"xpath","value":"//button[@data-kt=\"provideButton\"]"}
RESULT: {"using":"xpath","value":"//button[@data-kt=\"provideButton\"]"}
COMMAND: POST /session/a414a6ae85a434897fa1c9da3096b959/elements - {"using":"xpath","value":"//button[@data-kt=\"provideButton\"]"}
RESULT: {"using":"xpath","value":"//button[@data-kt=\"provideButton\"]"}
COMMAND: POST /session/a414a6ae85a434897fa1c9da3096b959/elements - {"using":"xpath","value":"//button[@data-kt=\"provideButton\"]"}
RESULT: {"using":"xpath","value":"//button[@data-kt=\"provideButton\"]"}
COMMAND: POST /session/a414a6ae85a434897fa1c9da3096b959/elements - {"using":"xpath","value":"//button[@data-kt=\"provideButton\"]"}
RESULT: {"using":"xpath","value":"//button[@data-kt=\"provideButton\"]"}
COMMAND: POST /session/a414a6ae85a434897fa1c9da3096b959/elements - {"using":"xpath","value":"//button[@data-kt=\"provideButton\"]"}
RESULT: {"using":"xpath","value":"//button[@data-kt=\"provideButton\"]"}
COMMAND: POST /session/a414a6ae85a434897fa1c9da3096b959/elements - {"using":"xpath","value":"//button[@data-kt=\"provideButton\"]"}
RESULT: {"using":"xpath","value":"//button[@data-kt=\"provideButton\"]"}
COMMAND: POST /session/a414a6ae85a434897fa1c9da3096b959/elements - {"using":"xpath","value":"//button[@data-kt=\"provideButton\"]"}
RESULT: {"using":"xpath","value":"//button[@data-kt=\"provideButton\"]"}
COMMAND: POST /session/a414a6ae85a434897fa1c9da3096b959/elements - {"using":"xpath","value":"//button[@data-kt=\"provideButton\"]"}
RESULT: {"using":"xpath","value":"//button[@data-kt=\"provideButton\"]"}
COMMAND: POST /session/a414a6ae85a434897fa1c9da3096b959/elements - {"using":"xpath","value":"//button[@data-kt=\"provideButton\"]"}
RESULT: {"using":"xpath","value":"//button[@data-kt=\"provideButton\"]"}
COMMAND: POST /session/a414a6ae85a434897fa1c9da3096b959/elements - {"using":"xpath","value":"//button[@data-kt=\"provideButton\"]"}
RESULT: {"using":"xpath","value":"//button[@data-kt=\"provideButton\"]"}
COMMAND: POST /session/a414a6ae85a434897fa1c9da3096b959/elements - {"using":"xpath","value":"//button[@data-kt=\"provideButton\"]"}
RESULT: {"using":"xpath","value":"//button[@data-kt=\"provideButton\"]"}
COMMAND: POST /session/a414a6ae85a434897fa1c9da3096b959/elements - {"using":"xpath","value":"//button[@data-kt=\"provideButton\"]"}
RESULT: {"using":"xpath","value":"//button[@data-kt=\"provideButton\"]"}
COMMAND: POST /session/a414a6ae85a434897fa1c9da3096b959/elements - {"using":"xpath","value":"//button[@data-kt=\"provideButton\"]"}
RESULT: {"using":"xpath","value":"//button[@data-kt=\"provideButton\"]"}
COMMAND: POST /session/a414a6ae85a434897fa1c9da3096b959/elements - {"using":"xpath","value":"//button[@data-kt=\"provideButton\"]"}
RESULT: {"using":"xpath","value":"//button[@data-kt=\"provideButton\"]"}
COMMAND: POST /session/a414a6ae85a434897fa1c9da3096b959/elements - {"using":"xpath","value":"//button[@data-kt=\"provideButton\"]"}
RESULT: {"using":"xpath","value":"//button[@data-kt=\"provideButton\"]"}
COMMAND: POST /session/a414a6ae85a434897fa1c9da3096b959/elements - {"using":"xpath","value":"//button[@data-kt=\"provideButton\"]"}
RESULT: {"using":"xpath","value":"//button[@data-kt=\"provideButton\"]"}
COMMAND: POST /session/a414a6ae85a434897fa1c9da3096b959/elements - {"using":"xpath","value":"//button[@data-kt=\"provideButton\"]"}
RESULT: {"using":"xpath","value":"//button[@data-kt=\"provideButton\"]"}
COMMAND: POST /session/a414a6ae85a434897fa1c9da3096b959/elements - {"using":"xpath","value":"//button[@data-kt=\"provideButton\"]"}
RESULT: {"using":"xpath","value":"//button[@data-kt=\"provideButton\"]"}
COMMAND: POST /session/a414a6ae85a434897fa1c9da3096b959/elements - {"using":"xpath","value":"//button[@data-kt=\"provideButton\"]"}
RESULT: {"using":"xpath","value":"//button[@data-kt=\"provideButton\"]"}
COMMAND: POST /session/a414a6ae85a434897fa1c9da3096b959/elements - {"using":"xpath","value":"//button[@data-kt=\"provideButton\"]"}
RESULT: {"using":"xpath","value":"//button[@data-kt=\"provideButton\"]"}
COMMAND: POST /session/a414a6ae85a434897fa1c9da3096b959/elements - {"using":"xpath","value":"//button[@data-kt=\"provideButton\"]"}
RESULT: {"using":"xpath","value":"//button[@data-kt=\"provideButton\"]"}
COMMAND: POST /session/a414a6ae85a434897fa1c9da3096b959/elements - {"using":"xpath","value":"//button[@data-kt=\"provideButton\"]"}
RESULT: {"using":"xpath","value":"//button[@data-kt=\"provideButton\"]"}
COMMAND: POST /session/a414a6ae85a434897fa1c9da3096b959/elements - {"using":"xpath","value":"//button[@data-kt=\"provideButton\"]"}
RESULT: {"using":"xpath","value":"//button[@data-kt=\"provideButton\"]"}
COMMAND: POST /session/a414a6ae85a434897fa1c9da3096b959/elements - {"using":"xpath","value":"//button[@data-kt=\"provideButton\"]"}
RESULT: {"using":"xpath","value":"//button[@data-kt=\"provideButton\"]"}
COMMAND: POST /session/a414a6ae85a434897fa1c9da3096b959/elements - {"using":"xpath","value":"//button[@data-kt=\"provideButton\"]"}
RESULT: {"using":"xpath","value":"//button[@data-kt=\"provideButton\"]"}
COMMAND: POST /session/a414a6ae85a434897fa1c9da3096b959/elements - {"using":"xpath","value":"//button[@data-kt=\"provideButton\"]"}
RESULT: {"using":"xpath","value":"//button[@data-kt=\"provideButton\"]"}
COMMAND: POST /session/a414a6ae85a434897fa1c9da3096b959/elements - {"using":"xpath","value":"//button[@data-kt=\"provideButton\"]"}
RESULT: {"using":"xpath","value":"//button[@data-kt=\"provideButton\"]"}
COMMAND: POST /session/a414a6ae85a434897fa1c9da3096b959/elements - {"using":"xpath","value":"//button[@data-kt=\"provideButton\"]"}
RESULT: {"using":"xpath","value":"//button[@data-kt=\"provideButton\"]"}
COMMAND: POST /session/a414a6ae85a434897fa1c9da3096b959/elements - {"using":"xpath","value":"//button[@data-kt=\"provideButton\"]"}
RESULT: {"using":"xpath","value":"//button[@data-kt=\"provideButton\"]"}
COMMAND: POST /session/a414a6ae85a434897fa1c9da3096b959/elements - {"using":"xpath","value":"//button[@data-kt=\"provideButton\"]"}
RESULT: {"using":"xpath","value":"//button[@data-kt=\"provideButton\"]"}
COMMAND: POST /session/a414a6ae85a434897fa1c9da3096b959/elements - {"using":"xpath","value":"//button[@data-kt=\"provideButton\"]"}
RESULT: {"using":"xpath","value":"//button[@data-kt=\"provideButton\"]"}
COMMAND: POST /session/a414a6ae85a434897fa1c9da3096b959/elements - {"using":"xpath","value":"//button[@data-kt=\"provideButton\"]"}
RESULT: {"using":"xpath","value":"//button[@data-kt=\"provideButton\"]"}
COMMAND: POST /session/a414a6ae85a434897fa1c9da3096b959/elements - {"using":"xpath","value":"//button[@data-kt=\"provideButton\"]"}
RESULT: {"using":"xpath","value":"//button[@data-kt=\"provideButton\"]"}
COMMAND: POST /session/a414a6ae85a434897fa1c9da3096b959/elements - {"using":"xpath","value":"//button[@data-kt=\"provideButton\"]"}
RESULT: {"using":"xpath","value":"//button[@data-kt=\"provideButton\"]"}
COMMAND: POST /session/a414a6ae85a434897fa1c9da3096b959/elements - {"using":"xpath","value":"//button[@data-kt=\"provideButton\"]"}
RESULT: {"using":"xpath","value":"//button[@data-kt=\"provideButton\"]"}
COMMAND: POST /session/a414a6ae85a434897fa1c9da3096b959/elements - {"using":"xpath","value":"//button[@data-kt=\"provideButton\"]"}
RESULT: {"using":"xpath","value":"//button[@data-kt=\"provideButton\"]"}
COMMAND: POST /session/a414a6ae85a434897fa1c9da3096b959/elements - {"using":"xpath","value":"//button[@data-kt=\"provideButton\"]"}
RESULT: {"using":"xpath","value":"//button[@data-kt=\"provideButton\"]"}
COMMAND: POST /session/a414a6ae85a434897fa1c9da3096b959/elements - {"using":"xpath","value":"//button[@data-kt=\"provideButton\"]"}
RESULT: {"using":"xpath","value":"//button[@data-kt=\"provideButton\"]"}
COMMAND: POST /session/a414a6ae85a434897fa1c9da3096b959/elements - {"using":"xpath","value":"//button[@data-kt=\"provideButton\"]"}
RESULT: {"using":"xpath","value":"//button[@data-kt=\"provideButton\"]"}
COMMAND: POST /session/a414a6ae85a434897fa1c9da3096b959/elements - {"using":"xpath","value":"//button[@data-kt=\"provideButton\"]"}
RESULT: {"using":"xpath","value":"//button[@data-kt=\"provideButton\"]"}
COMMAND: POST /session/a414a6ae85a434897fa1c9da3096b959/elements - {"using":"xpath","value":"//button[@data-kt=\"provideButton\"]"}
RESULT: {"using":"xpath","value":"//button[@data-kt=\"provideButton\"]"}
COMMAND: POST /session/a414a6ae85a434897fa1c9da3096b959/elements - {"using":"xpath","value":"//button[@data-kt=\"provideButton\"]"}
RESULT: {"using":"xpath","value":"//button[@data-kt=\"provideButton\"]"}
COMMAND: POST /session/a414a6ae85a434897fa1c9da3096b959/elements - {"using":"xpath","value":"//button[@data-kt=\"provideButton\"]"}
RESULT: {"using":"xpath","value":"//button[@data-kt=\"provideButton\"]"}
COMMAND: POST /session/a414a6ae85a434897fa1c9da3096b959/elements - {"using":"xpath","value":"//button[@data-kt=\"provideButton\"]"}
RESULT: {"using":"xpath","value":"//button[@data-kt=\"provideButton\"]"}
COMMAND: POST /session/a414a6ae85a434897fa1c9da3096b959/elements - {"using":"xpath","value":"//button[@data-kt=\"provideButton\"]"}
RESULT: {"using":"xpath","value":"//button[@data-kt=\"provideButton\"]"}
COMMAND: POST /session/a414a6ae85a434897fa1c9da3096b959/elements - {"using":"xpath","value":"//button[@data-kt=\"provideButton\"]"}
RESULT: {"using":"xpath","value":"//button[@data-kt=\"provideButton\"]"}
COMMAND: POST /session/a414a6ae85a434897fa1c9da3096b959/elements - {"using":"xpath","value":"//button[@data-kt=\"provideButton\"]"}
RESULT: {"using":"xpath","value":"//button[@data-kt=\"provideButton\"]"}
COMMAND: POST /session/a414a6ae85a434897fa1c9da3096b959/elements - {"using":"xpath","value":"//button[@data-kt=\"provideButton\"]"}
RESULT: {"using":"xpath","value":"//button[@data-kt=\"provideButton\"]"}
COMMAND: POST /session/a414a6ae85a434897fa1c9da3096b959/elements - {"using":"xpath","value":"//button[@data-kt=\"provideButton\"]"}
RESULT: {"using":"xpath","value":"//button[@data-kt=\"provideButton\"]"}
COMMAND: POST /session/a414a6ae85a434897fa1c9da3096b959/elements - {"using":"xpath","value":"//button[@data-kt=\"provideButton\"]"}
RESULT: {"using":"xpath","value":"//button[@data-kt=\"provideButton\"]"}
COMMAND: POST /session/a414a6ae85a434897fa1c9da3096b959/elements - {"using":"xpath","value":"//button[@data-kt=\"provideButton\"]"}
RESULT: {"using":"xpath","value":"//button[@data-kt=\"provideButton\"]"}
COMMAND: POST /session/a414a6ae85a434897fa1c9da3096b959/elements - {"using":"xpath","value":"//button[@data-kt=\"provideButton\"]"}
RESULT: {"using":"xpath","value":"//button[@data-kt=\"provideButton\"]"}
COMMAND: POST /session/a414a6ae85a434897fa1c9da3096b959/elements - {"using":"xpath","value":"//button[@data-kt=\"provideButton\"]"}
RESULT: {"using":"xpath","value":"//button[@data-kt=\"provideButton\"]"}
COMMAND: POST /session/a414a6ae85a434897fa1c9da3096b959/elements - {"using":"xpath","value":"//button[@data-kt=\"provideButton\"]"}
RESULT: {"using":"xpath","value":"//button[@data-kt=\"provideButton\"]"}
COMMAND: POST /session/a414a6ae85a434897fa1c9da3096b959/elements - {"using":"xpath","value":"//button[@data-kt=\"provideButton\"]"}
RESULT: {"using":"xpath","value":"//button[@data-kt=\"provideButton\"]"}
COMMAND: POST /session/a414a6ae85a434897fa1c9da3096b959/elements - {"using":"xpath","value":"//button[@data-kt=\"provideButton\"]"}
RESULT: {"using":"xpath","value":"//button[@data-kt=\"provideButton\"]"}
COMMAND: POST /session/a414a6ae85a434897fa1c9da3096b959/elements - {"using":"xpath","value":"//button[@data-kt=\"provideButton\"]"}
RESULT: {"using":"xpath","value":"//button[@data-kt=\"provideButton\"]"}
COMMAND: POST /session/a414a6ae85a434897fa1c9da3096b959/elements - {"using":"xpath","value":"//button[@data-kt=\"provideButton\"]"}
RESULT: {"using":"xpath","value":"//button[@data-kt=\"provideButton\"]"}
COMMAND: POST /session/a414a6ae85a434897fa1c9da3096b959/elements - {"using":"xpath","value":"//button[@data-kt=\"provideButton\"]"}
RESULT: {"using":"xpath","value":"//button[@data-kt=\"provideButton\"]"}
COMMAND: POST /session/a414a6ae85a434897fa1c9da3096b959/elements - {"using":"xpath","value":"//button[@data-kt=\"provideButton\"]"}
RESULT: {"using":"xpath","value":"//button[@data-kt=\"provideButton\"]"}
COMMAND: POST /session/a414a6ae85a434897fa1c9da3096b959/elements - {"using":"xpath","value":"//button[@data-kt=\"provideButton\"]"}
RESULT: {"using":"xpath","value":"//button[@data-kt=\"provideButton\"]"}
COMMAND: POST /session/a414a6ae85a434897fa1c9da3096b959/elements - {"using":"xpath","value":"//button[@data-kt=\"provideButton\"]"}
RESULT: {"using":"xpath","value":"//button[@data-kt=\"provideButton\"]"}
COMMAND: POST /session/a414a6ae85a434897fa1c9da3096b959/elements - {"using":"xpath","value":"//button[@data-kt=\"provideButton\"]"}
RESULT: {"using":"xpath","value":"//button[@data-kt=\"provideButton\"]"}
COMMAND: POST /session/a414a6ae85a434897fa1c9da3096b959/elements - {"using":"xpath","value":"//button[@data-kt=\"provideButton\"]"}
RESULT: {"using":"xpath","value":"//button[@data-kt=\"provideButton\"]"}
COMMAND: POST /session/a414a6ae85a434897fa1c9da3096b959/elements - {"using":"xpath","value":"//button[@data-kt=\"provideButton\"]"}
RESULT: {"using":"xpath","value":"//button[@data-kt=\"provideButton\"]"}
COMMAND: POST /session/a414a6ae85a434897fa1c9da3096b959/elements - {"using":"xpath","value":"//button[@data-kt=\"provideButton\"]"}
RESULT: {"using":"xpath","value":"//button[@data-kt=\"provideButton\"]"}
COMMAND: POST /session/a414a6ae85a434897fa1c9da3096b959/elements - {"using":"xpath","value":"//button[@data-kt=\"provideButton\"]"}
RESULT: {"using":"xpath","value":"//button[@data-kt=\"provideButton\"]"}
COMMAND: POST /session/a414a6ae85a434897fa1c9da3096b959/elements - {"using":"xpath","value":"//button[@data-kt=\"provideButton\"]"}
RESULT: {"using":"xpath","value":"//button[@data-kt=\"provideButton\"]"}
COMMAND: POST /session/a414a6ae85a434897fa1c9da3096b959/elements - {"using":"xpath","value":"//button[@data-kt=\"provideButton\"]"}
RESULT: {"using":"xpath","value":"//button[@data-kt=\"provideButton\"]"}
COMMAND: POST /session/a414a6ae85a434897fa1c9da3096b959/elements - {"using":"xpath","value":"//button[@data-kt=\"provideButton\"]"}
RESULT: {"using":"xpath","value":"//button[@data-kt=\"provideButton\"]"}
COMMAND: POST /session/a414a6ae85a434897fa1c9da3096b959/elements - {"using":"xpath","value":"//button[@data-kt=\"provideButton\"]"}
RESULT: {"using":"xpath","value":"//button[@data-kt=\"provideButton\"]"}
COMMAND: POST /session/a414a6ae85a434897fa1c9da3096b959/elements - {"using":"xpath","value":"//button[@data-kt=\"provideButton\"]"}
RESULT: {"using":"xpath","value":"//button[@data-kt=\"provideButton\"]"}
COMMAND: POST /session/a414a6ae85a434897fa1c9da3096b959/elements - {"using":"xpath","value":"//button[@data-kt=\"provideButton\"]"}
RESULT: {"using":"xpath","value":"//button[@data-kt=\"provideButton\"]"}
COMMAND: POST /session/a414a6ae85a434897fa1c9da3096b959/elements - {"using":"xpath","value":"//button[@data-kt=\"provideButton\"]"}
RESULT: {"using":"xpath","value":"//button[@data-kt=\"provideButton\"]"}
COMMAND: POST /session/a414a6ae85a434897fa1c9da3096b959/elements - {"using":"xpath","value":"//button[@data-kt=\"provideButton\"]"}
RESULT: {"using":"xpath","value":"//button[@data-kt=\"provideButton\"]"}
COMMAND: POST /session/a414a6ae85a434897fa1c9da3096b959/elements - {"using":"xpath","value":"//button[@data-kt=\"provideButton\"]"}
RESULT: {"using":"xpath","value":"//button[@data-kt=\"provideButton\"]"}
COMMAND: POST /session/a414a6ae85a434897fa1c9da3096b959/elements - {"using":"xpath","value":"//button[@data-kt=\"provideButton\"]"}
RESULT: {"using":"xpath","value":"//button[@data-kt=\"provideButton\"]"}
COMMAND: POST /session/a414a6ae85a434897fa1c9da3096b959/elements - {"using":"xpath","value":"//button[@data-kt=\"provideButton\"]"}
RESULT: {"using":"xpath","value":"//button[@data-kt=\"provideButton\"]"}
COMMAND: POST /session/a414a6ae85a434897fa1c9da3096b959/elements - {"using":"xpath","value":"//button[@data-kt=\"provideButton\"]"}
RESULT: {"using":"xpath","value":"//button[@data-kt=\"provideButton\"]"}
COMMAND: POST /session/a414a6ae85a434897fa1c9da3096b959/elements - {"using":"xpath","value":"//button[@data-kt=\"provideButton\"]"}
RESULT: {"using":"xpath","value":"//button[@data-kt=\"provideButton\"]"}
COMMAND: POST /session/a414a6ae85a434897fa1c9da3096b959/elements - {"using":"xpath","value":"//button[@data-kt=\"provideButton\"]"}
RESULT: {"using":"xpath","value":"//button[@data-kt=\"provideButton\"]"}
COMMAND: POST /session/a414a6ae85a434897fa1c9da3096b959/elements - {"using":"xpath","value":"//button[@data-kt=\"provideButton\"]"}
RESULT: {"using":"xpath","value":"//button[@data-kt=\"provideButton\"]"}
COMMAND: POST /session/a414a6ae85a434897fa1c9da3096b959/elements - {"using":"xpath","value":"//button[@data-kt=\"provideButton\"]"}
RESULT: {"using":"xpath","value":"//button[@data-kt=\"provideButton\"]"}
COMMAND: POST /session/a414a6ae85a434897fa1c9da3096b959/elements - {"using":"xpath","value":"//button[@data-kt=\"provideButton\"]"}
RESULT: {"using":"xpath","value":"//button[@data-kt=\"provideButton\"]"}
COMMAND: POST /session/a414a6ae85a434897fa1c9da3096b959/elements - {"using":"xpath","value":"//button[@data-kt=\"provideButton\"]"}
RESULT: {"using":"xpath","value":"//button[@data-kt=\"provideButton\"]"}
COMMAND: POST /session/a414a6ae85a434897fa1c9da3096b959/elements - {"using":"xpath","value":"//button[@data-kt=\"provideButton\"]"}
RESULT: {"using":"xpath","value":"//button[@data-kt=\"provideButton\"]"}
COMMAND: POST /session/a414a6ae85a434897fa1c9da3096b959/elements - {"using":"xpath","value":"//button[@data-kt=\"provideButton\"]"}
RESULT: {"using":"xpath","value":"//button[@data-kt=\"provideButton\"]"}
COMMAND: POST /session/a414a6ae85a434897fa1c9da3096b959/elements - {"using":"xpath","value":"//button[@data-kt=\"provideButton\"]"}
RESULT: {"using":"xpath","value":"//button[@data-kt=\"provideButton\"]"}
COMMAND: POST /session/a414a6ae85a434897fa1c9da3096b959/elements - {"using":"xpath","value":"//button[@data-kt=\"provideButton\"]"}
RESULT: {"using":"xpath","value":"//button[@data-kt=\"provideButton\"]"}
COMMAND: POST /session/a414a6ae85a434897fa1c9da3096b959/elements - {"using":"xpath","value":"//button[@data-kt=\"provideButton\"]"}
RESULT: {"using":"xpath","value":"//button[@data-kt=\"provideButton\"]"}
COMMAND: POST /session/a414a6ae85a434897fa1c9da3096b959/elements - {"using":"xpath","value":"//button[@data-kt=\"provideButton\"]"}
RESULT: {"using":"xpath","value":"//button[@data-kt=\"provideButton\"]"}
COMMAND: POST /session/a414a6ae85a434897fa1c9da3096b959/elements - {"using":"xpath","value":"//button[@data-kt=\"provideButton\"]"}
RESULT: {"using":"xpath","value":"//button[@data-kt=\"provideButton\"]"}
COMMAND: POST /session/a414a6ae85a434897fa1c9da3096b959/elements - {"using":"xpath","value":"//button[@data-kt=\"provideButton\"]"}
RESULT: {"using":"xpath","value":"//button[@data-kt=\"provideButton\"]"}
COMMAND: POST /session/a414a6ae85a434897fa1c9da3096b959/elements - {"using":"xpath","value":"//button[@data-kt=\"provideButton\"]"}
RESULT: {"using":"xpath","value":"//button[@data-kt=\"provideButton\"]"}
COMMAND: POST /session/a414a6ae85a434897fa1c9da3096b959/elements - {"using":"xpath","value":"//button[@data-kt=\"provideButton\"]"}
RESULT: {"using":"xpath","value":"//button[@data-kt=\"provideButton\"]"}
COMMAND: POST /session/a414a6ae85a434897fa1c9da3096b959/elements - {"using":"xpath","value":"//button[@data-kt=\"provideButton\"]"}
RESULT: {"using":"xpath","value":"//button[@data-kt=\"provideButton\"]"}
COMMAND: POST /session/a414a6ae85a434897fa1c9da3096b959/elements - {"using":"xpath","value":"//button[@data-kt=\"provideButton\"]"}
RESULT: {"using":"xpath","value":"//button[@data-kt=\"provideButton\"]"}
COMMAND: POST /session/a414a6ae85a434897fa1c9da3096b959/elements - {"using":"xpath","value":"//button[@data-kt=\"provideButton\"]"}
RESULT: {"using":"xpath","value":"//button[@data-kt=\"provideButton\"]"}
COMMAND: POST /session/a414a6ae85a434897fa1c9da3096b959/elements - {"using":"xpath","value":"//button[@data-kt=\"provideButton\"]"}
RESULT: {"using":"xpath","value":"//button[@data-kt=\"provideButton\"]"}
COMMAND: POST /session/a414a6ae85a434897fa1c9da3096b959/elements - {"using":"xpath","value":"//button[@data-kt=\"provideButton\"]"}
RESULT: {"using":"xpath","value":"//button[@data-kt=\"provideButton\"]"}
COMMAND: POST /session/a414a6ae85a434897fa1c9da3096b959/elements - {"using":"xpath","value":"//button[@data-kt=\"provideButton\"]"}
RESULT: {"using":"xpath","value":"//button[@data-kt=\"provideButton\"]"}
COMMAND: POST /session/a414a6ae85a434897fa1c9da3096b959/elements - {"using":"xpath","value":"//button[@data-kt=\"provideButton\"]"}
RESULT: {"using":"xpath","value":"//button[@data-kt=\"provideButton\"]"}
COMMAND: POST /session/a414a6ae85a434897fa1c9da3096b959/elements - {"using":"xpath","value":"//button[@data-kt=\"provideButton\"]"}
RESULT: {"using":"xpath","value":"//button[@data-kt=\"provideButton\"]"}
COMMAND: POST /session/a414a6ae85a434897fa1c9da3096b959/elements - {"using":"xpath","value":"//button[@data-kt=\"provideButton\"]"}
RESULT: {"using":"xpath","value":"//button[@data-kt=\"provideButton\"]"}
COMMAND: POST /session/a414a6ae85a434897fa1c9da3096b959/elements - {"using":"xpath","value":"//button[@data-kt=\"provideButton\"]"}
RESULT: {"using":"xpath","value":"//button[@data-kt=\"provideButton\"]"}
COMMAND: POST /session/a414a6ae85a434897fa1c9da3096b959/elements - {"using":"xpath","value":"//button[@data-kt=\"provideButton\"]"}
RESULT: {"using":"xpath","value":"//button[@data-kt=\"provideButton\"]"}
COMMAND: POST /session/a414a6ae85a434897fa1c9da3096b959/elements - {"using":"xpath","value":"//button[@data-kt=\"provideButton\"]"}
RESULT: {"using":"xpath","value":"//button[@data-kt=\"provideButton\"]"}
COMMAND: POST /session/a414a6ae85a434897fa1c9da3096b959/elements - {"using":"xpath","value":"//button[@data-kt=\"provideButton\"]"}
RESULT: {"using":"xpath","value":"//button[@data-kt=\"provideButton\"]"}
COMMAND: POST /session/a414a6ae85a434897fa1c9da3096b959/elements - {"using":"xpath","value":"//button[@data-kt=\"provideButton\"]"}
RESULT: {"using":"xpath","value":"//button[@data-kt=\"provideButton\"]"}
COMMAND: POST /session/a414a6ae85a434897fa1c9da3096b959/elements - {"using":"xpath","value":"//button[@data-kt=\"provideButton\"]"}
RESULT: {"using":"xpath","value":"//button[@data-kt=\"provideButton\"]"}
COMMAND: POST /session/a414a6ae85a434897fa1c9da3096b959/elements - {"using":"xpath","value":"//button[@data-kt=\"provideButton\"]"}
RESULT: {"using":"xpath","value":"//button[@data-kt=\"provideButton\"]"}
COMMAND: POST /session/a414a6ae85a434897fa1c9da3096b959/elements - {"using":"xpath","value":"//button[@data-kt=\"provideButton\"]"}
RESULT: {"using":"xpath","value":"//button[@data-kt=\"provideButton\"]"}
COMMAND: POST /session/a414a6ae85a434897fa1c9da3096b959/elements - {"using":"xpath","value":"//button[@data-kt=\"provideButton\"]"}
RESULT: {"using":"xpath","value":"//button[@data-kt=\"provideButton\"]"}
COMMAND: POST /session/a414a6ae85a434897fa1c9da3096b959/elements - {"using":"xpath","value":"//button[@data-kt=\"provideButton\"]"}
RESULT: {"using":"xpath","value":"//button[@data-kt=\"provideButton\"]"}
COMMAND: POST /session/a414a6ae85a434897fa1c9da3096b959/elements - {"using":"xpath","value":"//button[@data-kt=\"provideButton\"]"}
RESULT: {"using":"xpath","value":"//button[@data-kt=\"provideButton\"]"}
COMMAND: POST /session/a414a6ae85a434897fa1c9da3096b959/elements - {"using":"xpath","value":"//button[@data-kt=\"provideButton\"]"}
RESULT: {"using":"xpath","value":"//button[@data-kt=\"provideButton\"]"}
COMMAND: POST /session/a414a6ae85a434897fa1c9da3096b959/elements - {"using":"xpath","value":"//button[@data-kt=\"provideButton\"]"}
COMMAND: GET /session/a414a6ae85a434897fa1c9da3096b959/screenshot - {}
RESULT: {"using":"xpath","value":"//button[@data-kt=\"provideButton\"]"}
RESULT: {}
]]></system-out>
      <system-err><![CDATA[
Error: Can't call click on element with selector "//button[@data-kt="provideButton"]" because element wasn't found
    at async Context.<anonymous> (D:\a\1\s\test\specs\HTR\provide-to-site-w-warehouse-w-clarification.spec.js:83:9)
]]></system-err>
    </testcase>
    <testcase classname="chrome.136_0_7103_93.windows.Provide_to_Site_w/_warehouse_management_w_clarification" name="Should test for Handover Execution" time="79.13">
      <failure/>
      <error message="element (&quot;//section[contains(@id,&quot;FC-NoHead&quot;)]/div[1]/div[5]/div[2]/span&quot;) still not existing after 45000ms"/>
      <system-out><![CDATA[
COMMAND: POST /session/a414a6ae85a434897fa1c9da3096b959/execute/async - {"script":"<script> [1562 bytes]","args":[{"selector":{"controlType":"sap.m.Link","viewName":"etm.portal.ui.managehandovers.view.DetailExecuteHO","bindingPath":{"path":"","propertyPath":"/wmDoc","modelName":"warehouseMovModel"}},"wdio_ui5_key":"etmportal.ui.managehandovers.view.DetailExecuteHOsap.m.Link{\"path\":\"\",\"propertyPath\":\"/wmDoc\",\"modelName\":\"warehouseMovModel\"}"}]}
COMMAND: GET /session/a414a6ae85a434897fa1c9da3096b959/screenshot - {}
RESULT: {"script":"<script> [1562 bytes]","args":[{"selector":{"controlType":"sap.m.Link","viewName":"etm.portal.ui.managehandovers.view.DetailExecuteHO","bindingPath":{"path":"","propertyPath":"/wmDoc","modelName":"warehouseMovModel"}},"wdio_ui5_key":"etmportal.ui.managehandovers.view.DetailExecuteHOsap.m.Link{\"path\":\"\",\"propertyPath\":\"/wmDoc\",\"modelName\":\"warehouseMovModel\"}"}]}
RESULT: undefined
RESULT: {}
COMMAND: POST /session/a414a6ae85a434897fa1c9da3096b959/execute/async - {"script":"<script> [1562 bytes]","args":[{"selector":{"controlType":"sap.m.Link","viewName":"etm.portal.ui.managehandovers.view.DetailExecuteHO","properties":{"text":"Warehouse Overview"},"searchOpenDialogs":true},"wdio_ui5_key":"etmportal.ui.managehandovers.view.DetailExecuteHOsap.m.Link{\"text\":\"Warehouse Overview\"}"}]}
RESULT: {"script":"<script> [1562 bytes]","args":[{"selector":{"controlType":"sap.m.Link","viewName":"etm.portal.ui.managehandovers.view.DetailExecuteHO","properties":{"text":"Warehouse Overview"},"searchOpenDialogs":true},"wdio_ui5_key":"etmportal.ui.managehandovers.view.DetailExecuteHOsap.m.Link{\"text\":\"Warehouse Overview\"}"}]}
RESULT: undefined
COMMAND: POST /session/a414a6ae85a434897fa1c9da3096b959/execute/async - {"script":"<script> [1562 bytes]","args":[{"selector":{"controlType":"sap.m.Button","viewName":"etm.portal.ui.warehousemovements.view.DisplayMovement","viewId":"application-warehousemovements-display-component---displayMovement","i18NText":{"propertyName":"text","key":"execution"},"interaction":{"idSuffix":"BDI-content"}},"wdio_ui5_key":"etmportal.ui.warehousemovements.view.DisplayMovementsap.m.Button{\"propertyName\":\"text\",\"key\":\"execution\"}"}]}
RESULT: {"script":"<script> [1562 bytes]","args":[{"selector":{"controlType":"sap.m.Button","viewName":"etm.portal.ui.warehousemovements.view.DisplayMovement","viewId":"application-warehousemovements-display-component---displayMovement","i18NText":{"propertyName":"text","key":"execution"},"interaction":{"idSuffix":"BDI-content"}},"wdio_ui5_key":"etmportal.ui.warehousemovements.view.DisplayMovementsap.m.Button{\"propertyName\":\"text\",\"key\":\"execution\"}"}]}
RESULT: undefined
COMMAND: POST /session/a414a6ae85a434897fa1c9da3096b959/execute/async - {"script":"<script> [1562 bytes]","args":[{"selector":{"controlType":"sap.m.Button","viewName":"etm.portal.ui.warehousemovements.view.ExecuteMovement","viewId":"application-warehousemovements-display-component---executeMovement","properties":{"text":"Items"},"interaction":{"idSuffix":"BDI-content"}},"wdio_ui5_key":"etmportal.ui.warehousemovements.view.ExecuteMovementsap.m.Button{\"text\":\"Items\"}"}]}
RESULT: {"script":"<script> [1562 bytes]","args":[{"selector":{"controlType":"sap.m.Button","viewName":"etm.portal.ui.warehousemovements.view.ExecuteMovement","viewId":"application-warehousemovements-display-component---executeMovement","properties":{"text":"Items"},"interaction":{"idSuffix":"BDI-content"}},"wdio_ui5_key":"etmportal.ui.warehousemovements.view.ExecuteMovementsap.m.Button{\"text\":\"Items\"}"}]}
RESULT: undefined
COMMAND: POST /session/a414a6ae85a434897fa1c9da3096b959/execute/async - {"script":"<script> [1562 bytes]","args":[{"selector":{"controlType":"sap.m.ToggleButton","viewName":"etm.portal.ui.warehousemovements.view.ExecuteMovement","viewId":"application-warehousemovements-display-component---executeMovement","bindingPath":{"propertyPath":"STATUS","modelName":"catalogModel"},"interaction":{"idSuffix":"BDI-content"}},"wdio_ui5_key":"etmportal.ui.warehousemovements.view.ExecuteMovementsap.m.ToggleButton{\"propertyPath\":\"STATUS\",\"modelName\":\"catalogModel\"}"}]}
RESULT: {"script":"<script> [1562 bytes]","args":[{"selector":{"controlType":"sap.m.ToggleButton","viewName":"etm.portal.ui.warehousemovements.view.ExecuteMovement","viewId":"application-warehousemovements-display-component---executeMovement","bindingPath":{"propertyPath":"STATUS","modelName":"catalogModel"},"interaction":{"idSuffix":"BDI-content"}},"wdio_ui5_key":"etmportal.ui.warehousemovements.view.ExecuteMovementsap.m.ToggleButton{\"propertyPath\":\"STATUS\",\"modelName\":\"catalogModel\"}"}]}
RESULT: undefined
RESULT: undefined
COMMAND: POST /session/a414a6ae85a434897fa1c9da3096b959/element - {"using":"xpath","value":"//section[contains(@id,\"FC-NoHead\")]/div[1]/div[5]/div[2]/span"}
RESULT: {"using":"xpath","value":"//section[contains(@id,\"FC-NoHead\")]/div[1]/div[5]/div[2]/span"}
COMMAND: POST /session/a414a6ae85a434897fa1c9da3096b959/elements - {"using":"xpath","value":"//section[contains(@id,\"FC-NoHead\")]/div[1]/div[5]/div[2]/span"}
RESULT: {"using":"xpath","value":"//section[contains(@id,\"FC-NoHead\")]/div[1]/div[5]/div[2]/span"}
COMMAND: POST /session/a414a6ae85a434897fa1c9da3096b959/elements - {"using":"xpath","value":"//section[contains(@id,\"FC-NoHead\")]/div[1]/div[5]/div[2]/span"}
RESULT: {"using":"xpath","value":"//section[contains(@id,\"FC-NoHead\")]/div[1]/div[5]/div[2]/span"}
COMMAND: POST /session/a414a6ae85a434897fa1c9da3096b959/elements - {"using":"xpath","value":"//section[contains(@id,\"FC-NoHead\")]/div[1]/div[5]/div[2]/span"}
RESULT: {"using":"xpath","value":"//section[contains(@id,\"FC-NoHead\")]/div[1]/div[5]/div[2]/span"}
COMMAND: POST /session/a414a6ae85a434897fa1c9da3096b959/elements - {"using":"xpath","value":"//section[contains(@id,\"FC-NoHead\")]/div[1]/div[5]/div[2]/span"}
RESULT: {"using":"xpath","value":"//section[contains(@id,\"FC-NoHead\")]/div[1]/div[5]/div[2]/span"}
COMMAND: POST /session/a414a6ae85a434897fa1c9da3096b959/elements - {"using":"xpath","value":"//section[contains(@id,\"FC-NoHead\")]/div[1]/div[5]/div[2]/span"}
RESULT: {"using":"xpath","value":"//section[contains(@id,\"FC-NoHead\")]/div[1]/div[5]/div[2]/span"}
COMMAND: POST /session/a414a6ae85a434897fa1c9da3096b959/elements - {"using":"xpath","value":"//section[contains(@id,\"FC-NoHead\")]/div[1]/div[5]/div[2]/span"}
RESULT: {"using":"xpath","value":"//section[contains(@id,\"FC-NoHead\")]/div[1]/div[5]/div[2]/span"}
COMMAND: POST /session/a414a6ae85a434897fa1c9da3096b959/elements - {"using":"xpath","value":"//section[contains(@id,\"FC-NoHead\")]/div[1]/div[5]/div[2]/span"}
RESULT: {"using":"xpath","value":"//section[contains(@id,\"FC-NoHead\")]/div[1]/div[5]/div[2]/span"}
COMMAND: POST /session/a414a6ae85a434897fa1c9da3096b959/elements - {"using":"xpath","value":"//section[contains(@id,\"FC-NoHead\")]/div[1]/div[5]/div[2]/span"}
RESULT: {"using":"xpath","value":"//section[contains(@id,\"FC-NoHead\")]/div[1]/div[5]/div[2]/span"}
COMMAND: POST /session/a414a6ae85a434897fa1c9da3096b959/elements - {"using":"xpath","value":"//section[contains(@id,\"FC-NoHead\")]/div[1]/div[5]/div[2]/span"}
RESULT: {"using":"xpath","value":"//section[contains(@id,\"FC-NoHead\")]/div[1]/div[5]/div[2]/span"}
COMMAND: POST /session/a414a6ae85a434897fa1c9da3096b959/elements - {"using":"xpath","value":"//section[contains(@id,\"FC-NoHead\")]/div[1]/div[5]/div[2]/span"}
RESULT: {"using":"xpath","value":"//section[contains(@id,\"FC-NoHead\")]/div[1]/div[5]/div[2]/span"}
COMMAND: POST /session/a414a6ae85a434897fa1c9da3096b959/elements - {"using":"xpath","value":"//section[contains(@id,\"FC-NoHead\")]/div[1]/div[5]/div[2]/span"}
RESULT: {"using":"xpath","value":"//section[contains(@id,\"FC-NoHead\")]/div[1]/div[5]/div[2]/span"}
COMMAND: POST /session/a414a6ae85a434897fa1c9da3096b959/elements - {"using":"xpath","value":"//section[contains(@id,\"FC-NoHead\")]/div[1]/div[5]/div[2]/span"}
RESULT: {"using":"xpath","value":"//section[contains(@id,\"FC-NoHead\")]/div[1]/div[5]/div[2]/span"}
COMMAND: POST /session/a414a6ae85a434897fa1c9da3096b959/elements - {"using":"xpath","value":"//section[contains(@id,\"FC-NoHead\")]/div[1]/div[5]/div[2]/span"}
RESULT: {"using":"xpath","value":"//section[contains(@id,\"FC-NoHead\")]/div[1]/div[5]/div[2]/span"}
COMMAND: POST /session/a414a6ae85a434897fa1c9da3096b959/elements - {"using":"xpath","value":"//section[contains(@id,\"FC-NoHead\")]/div[1]/div[5]/div[2]/span"}
RESULT: {"using":"xpath","value":"//section[contains(@id,\"FC-NoHead\")]/div[1]/div[5]/div[2]/span"}
COMMAND: POST /session/a414a6ae85a434897fa1c9da3096b959/elements - {"using":"xpath","value":"//section[contains(@id,\"FC-NoHead\")]/div[1]/div[5]/div[2]/span"}
RESULT: {"using":"xpath","value":"//section[contains(@id,\"FC-NoHead\")]/div[1]/div[5]/div[2]/span"}
COMMAND: POST /session/a414a6ae85a434897fa1c9da3096b959/elements - {"using":"xpath","value":"//section[contains(@id,\"FC-NoHead\")]/div[1]/div[5]/div[2]/span"}
RESULT: {"using":"xpath","value":"//section[contains(@id,\"FC-NoHead\")]/div[1]/div[5]/div[2]/span"}
COMMAND: POST /session/a414a6ae85a434897fa1c9da3096b959/elements - {"using":"xpath","value":"//section[contains(@id,\"FC-NoHead\")]/div[1]/div[5]/div[2]/span"}
RESULT: {"using":"xpath","value":"//section[contains(@id,\"FC-NoHead\")]/div[1]/div[5]/div[2]/span"}
COMMAND: POST /session/a414a6ae85a434897fa1c9da3096b959/elements - {"using":"xpath","value":"//section[contains(@id,\"FC-NoHead\")]/div[1]/div[5]/div[2]/span"}
RESULT: {"using":"xpath","value":"//section[contains(@id,\"FC-NoHead\")]/div[1]/div[5]/div[2]/span"}
COMMAND: POST /session/a414a6ae85a434897fa1c9da3096b959/elements - {"using":"xpath","value":"//section[contains(@id,\"FC-NoHead\")]/div[1]/div[5]/div[2]/span"}
RESULT: {"using":"xpath","value":"//section[contains(@id,\"FC-NoHead\")]/div[1]/div[5]/div[2]/span"}
COMMAND: POST /session/a414a6ae85a434897fa1c9da3096b959/elements - {"using":"xpath","value":"//section[contains(@id,\"FC-NoHead\")]/div[1]/div[5]/div[2]/span"}
RESULT: {"using":"xpath","value":"//section[contains(@id,\"FC-NoHead\")]/div[1]/div[5]/div[2]/span"}
COMMAND: POST /session/a414a6ae85a434897fa1c9da3096b959/elements - {"using":"xpath","value":"//section[contains(@id,\"FC-NoHead\")]/div[1]/div[5]/div[2]/span"}
RESULT: {"using":"xpath","value":"//section[contains(@id,\"FC-NoHead\")]/div[1]/div[5]/div[2]/span"}
COMMAND: POST /session/a414a6ae85a434897fa1c9da3096b959/elements - {"using":"xpath","value":"//section[contains(@id,\"FC-NoHead\")]/div[1]/div[5]/div[2]/span"}
RESULT: {"using":"xpath","value":"//section[contains(@id,\"FC-NoHead\")]/div[1]/div[5]/div[2]/span"}
COMMAND: POST /session/a414a6ae85a434897fa1c9da3096b959/elements - {"using":"xpath","value":"//section[contains(@id,\"FC-NoHead\")]/div[1]/div[5]/div[2]/span"}
RESULT: {"using":"xpath","value":"//section[contains(@id,\"FC-NoHead\")]/div[1]/div[5]/div[2]/span"}
COMMAND: POST /session/a414a6ae85a434897fa1c9da3096b959/elements - {"using":"xpath","value":"//section[contains(@id,\"FC-NoHead\")]/div[1]/div[5]/div[2]/span"}
RESULT: {"using":"xpath","value":"//section[contains(@id,\"FC-NoHead\")]/div[1]/div[5]/div[2]/span"}
COMMAND: POST /session/a414a6ae85a434897fa1c9da3096b959/elements - {"using":"xpath","value":"//section[contains(@id,\"FC-NoHead\")]/div[1]/div[5]/div[2]/span"}
RESULT: {"using":"xpath","value":"//section[contains(@id,\"FC-NoHead\")]/div[1]/div[5]/div[2]/span"}
COMMAND: POST /session/a414a6ae85a434897fa1c9da3096b959/elements - {"using":"xpath","value":"//section[contains(@id,\"FC-NoHead\")]/div[1]/div[5]/div[2]/span"}
RESULT: {"using":"xpath","value":"//section[contains(@id,\"FC-NoHead\")]/div[1]/div[5]/div[2]/span"}
COMMAND: POST /session/a414a6ae85a434897fa1c9da3096b959/elements - {"using":"xpath","value":"//section[contains(@id,\"FC-NoHead\")]/div[1]/div[5]/div[2]/span"}
RESULT: {"using":"xpath","value":"//section[contains(@id,\"FC-NoHead\")]/div[1]/div[5]/div[2]/span"}
COMMAND: POST /session/a414a6ae85a434897fa1c9da3096b959/elements - {"using":"xpath","value":"//section[contains(@id,\"FC-NoHead\")]/div[1]/div[5]/div[2]/span"}
RESULT: {"using":"xpath","value":"//section[contains(@id,\"FC-NoHead\")]/div[1]/div[5]/div[2]/span"}
COMMAND: POST /session/a414a6ae85a434897fa1c9da3096b959/elements - {"using":"xpath","value":"//section[contains(@id,\"FC-NoHead\")]/div[1]/div[5]/div[2]/span"}
RESULT: {"using":"xpath","value":"//section[contains(@id,\"FC-NoHead\")]/div[1]/div[5]/div[2]/span"}
COMMAND: POST /session/a414a6ae85a434897fa1c9da3096b959/elements - {"using":"xpath","value":"//section[contains(@id,\"FC-NoHead\")]/div[1]/div[5]/div[2]/span"}
RESULT: {"using":"xpath","value":"//section[contains(@id,\"FC-NoHead\")]/div[1]/div[5]/div[2]/span"}
COMMAND: POST /session/a414a6ae85a434897fa1c9da3096b959/elements - {"using":"xpath","value":"//section[contains(@id,\"FC-NoHead\")]/div[1]/div[5]/div[2]/span"}
RESULT: {"using":"xpath","value":"//section[contains(@id,\"FC-NoHead\")]/div[1]/div[5]/div[2]/span"}
COMMAND: POST /session/a414a6ae85a434897fa1c9da3096b959/elements - {"using":"xpath","value":"//section[contains(@id,\"FC-NoHead\")]/div[1]/div[5]/div[2]/span"}
RESULT: {"using":"xpath","value":"//section[contains(@id,\"FC-NoHead\")]/div[1]/div[5]/div[2]/span"}
COMMAND: POST /session/a414a6ae85a434897fa1c9da3096b959/elements - {"using":"xpath","value":"//section[contains(@id,\"FC-NoHead\")]/div[1]/div[5]/div[2]/span"}
RESULT: {"using":"xpath","value":"//section[contains(@id,\"FC-NoHead\")]/div[1]/div[5]/div[2]/span"}
COMMAND: POST /session/a414a6ae85a434897fa1c9da3096b959/elements - {"using":"xpath","value":"//section[contains(@id,\"FC-NoHead\")]/div[1]/div[5]/div[2]/span"}
RESULT: {"using":"xpath","value":"//section[contains(@id,\"FC-NoHead\")]/div[1]/div[5]/div[2]/span"}
COMMAND: POST /session/a414a6ae85a434897fa1c9da3096b959/elements - {"using":"xpath","value":"//section[contains(@id,\"FC-NoHead\")]/div[1]/div[5]/div[2]/span"}
RESULT: {"using":"xpath","value":"//section[contains(@id,\"FC-NoHead\")]/div[1]/div[5]/div[2]/span"}
COMMAND: POST /session/a414a6ae85a434897fa1c9da3096b959/elements - {"using":"xpath","value":"//section[contains(@id,\"FC-NoHead\")]/div[1]/div[5]/div[2]/span"}
RESULT: {"using":"xpath","value":"//section[contains(@id,\"FC-NoHead\")]/div[1]/div[5]/div[2]/span"}
COMMAND: POST /session/a414a6ae85a434897fa1c9da3096b959/elements - {"using":"xpath","value":"//section[contains(@id,\"FC-NoHead\")]/div[1]/div[5]/div[2]/span"}
RESULT: {"using":"xpath","value":"//section[contains(@id,\"FC-NoHead\")]/div[1]/div[5]/div[2]/span"}
COMMAND: POST /session/a414a6ae85a434897fa1c9da3096b959/elements - {"using":"xpath","value":"//section[contains(@id,\"FC-NoHead\")]/div[1]/div[5]/div[2]/span"}
RESULT: {"using":"xpath","value":"//section[contains(@id,\"FC-NoHead\")]/div[1]/div[5]/div[2]/span"}
COMMAND: POST /session/a414a6ae85a434897fa1c9da3096b959/elements - {"using":"xpath","value":"//section[contains(@id,\"FC-NoHead\")]/div[1]/div[5]/div[2]/span"}
RESULT: {"using":"xpath","value":"//section[contains(@id,\"FC-NoHead\")]/div[1]/div[5]/div[2]/span"}
COMMAND: POST /session/a414a6ae85a434897fa1c9da3096b959/elements - {"using":"xpath","value":"//section[contains(@id,\"FC-NoHead\")]/div[1]/div[5]/div[2]/span"}
RESULT: {"using":"xpath","value":"//section[contains(@id,\"FC-NoHead\")]/div[1]/div[5]/div[2]/span"}
COMMAND: POST /session/a414a6ae85a434897fa1c9da3096b959/elements - {"using":"xpath","value":"//section[contains(@id,\"FC-NoHead\")]/div[1]/div[5]/div[2]/span"}
RESULT: {"using":"xpath","value":"//section[contains(@id,\"FC-NoHead\")]/div[1]/div[5]/div[2]/span"}
COMMAND: POST /session/a414a6ae85a434897fa1c9da3096b959/elements - {"using":"xpath","value":"//section[contains(@id,\"FC-NoHead\")]/div[1]/div[5]/div[2]/span"}
RESULT: {"using":"xpath","value":"//section[contains(@id,\"FC-NoHead\")]/div[1]/div[5]/div[2]/span"}
COMMAND: POST /session/a414a6ae85a434897fa1c9da3096b959/elements - {"using":"xpath","value":"//section[contains(@id,\"FC-NoHead\")]/div[1]/div[5]/div[2]/span"}
RESULT: {"using":"xpath","value":"//section[contains(@id,\"FC-NoHead\")]/div[1]/div[5]/div[2]/span"}
COMMAND: POST /session/a414a6ae85a434897fa1c9da3096b959/elements - {"using":"xpath","value":"//section[contains(@id,\"FC-NoHead\")]/div[1]/div[5]/div[2]/span"}
RESULT: {"using":"xpath","value":"//section[contains(@id,\"FC-NoHead\")]/div[1]/div[5]/div[2]/span"}
COMMAND: POST /session/a414a6ae85a434897fa1c9da3096b959/elements - {"using":"xpath","value":"//section[contains(@id,\"FC-NoHead\")]/div[1]/div[5]/div[2]/span"}
RESULT: {"using":"xpath","value":"//section[contains(@id,\"FC-NoHead\")]/div[1]/div[5]/div[2]/span"}
COMMAND: POST /session/a414a6ae85a434897fa1c9da3096b959/elements - {"using":"xpath","value":"//section[contains(@id,\"FC-NoHead\")]/div[1]/div[5]/div[2]/span"}
RESULT: {"using":"xpath","value":"//section[contains(@id,\"FC-NoHead\")]/div[1]/div[5]/div[2]/span"}
COMMAND: POST /session/a414a6ae85a434897fa1c9da3096b959/elements - {"using":"xpath","value":"//section[contains(@id,\"FC-NoHead\")]/div[1]/div[5]/div[2]/span"}
RESULT: {"using":"xpath","value":"//section[contains(@id,\"FC-NoHead\")]/div[1]/div[5]/div[2]/span"}
COMMAND: POST /session/a414a6ae85a434897fa1c9da3096b959/elements - {"using":"xpath","value":"//section[contains(@id,\"FC-NoHead\")]/div[1]/div[5]/div[2]/span"}
RESULT: {"using":"xpath","value":"//section[contains(@id,\"FC-NoHead\")]/div[1]/div[5]/div[2]/span"}
COMMAND: POST /session/a414a6ae85a434897fa1c9da3096b959/elements - {"using":"xpath","value":"//section[contains(@id,\"FC-NoHead\")]/div[1]/div[5]/div[2]/span"}
RESULT: {"using":"xpath","value":"//section[contains(@id,\"FC-NoHead\")]/div[1]/div[5]/div[2]/span"}
COMMAND: POST /session/a414a6ae85a434897fa1c9da3096b959/elements - {"using":"xpath","value":"//section[contains(@id,\"FC-NoHead\")]/div[1]/div[5]/div[2]/span"}
RESULT: {"using":"xpath","value":"//section[contains(@id,\"FC-NoHead\")]/div[1]/div[5]/div[2]/span"}
COMMAND: POST /session/a414a6ae85a434897fa1c9da3096b959/elements - {"using":"xpath","value":"//section[contains(@id,\"FC-NoHead\")]/div[1]/div[5]/div[2]/span"}
RESULT: {"using":"xpath","value":"//section[contains(@id,\"FC-NoHead\")]/div[1]/div[5]/div[2]/span"}
COMMAND: POST /session/a414a6ae85a434897fa1c9da3096b959/elements - {"using":"xpath","value":"//section[contains(@id,\"FC-NoHead\")]/div[1]/div[5]/div[2]/span"}
RESULT: {"using":"xpath","value":"//section[contains(@id,\"FC-NoHead\")]/div[1]/div[5]/div[2]/span"}
COMMAND: POST /session/a414a6ae85a434897fa1c9da3096b959/elements - {"using":"xpath","value":"//section[contains(@id,\"FC-NoHead\")]/div[1]/div[5]/div[2]/span"}
RESULT: {"using":"xpath","value":"//section[contains(@id,\"FC-NoHead\")]/div[1]/div[5]/div[2]/span"}
COMMAND: POST /session/a414a6ae85a434897fa1c9da3096b959/elements - {"using":"xpath","value":"//section[contains(@id,\"FC-NoHead\")]/div[1]/div[5]/div[2]/span"}
RESULT: {"using":"xpath","value":"//section[contains(@id,\"FC-NoHead\")]/div[1]/div[5]/div[2]/span"}
COMMAND: POST /session/a414a6ae85a434897fa1c9da3096b959/elements - {"using":"xpath","value":"//section[contains(@id,\"FC-NoHead\")]/div[1]/div[5]/div[2]/span"}
RESULT: {"using":"xpath","value":"//section[contains(@id,\"FC-NoHead\")]/div[1]/div[5]/div[2]/span"}
COMMAND: POST /session/a414a6ae85a434897fa1c9da3096b959/elements - {"using":"xpath","value":"//section[contains(@id,\"FC-NoHead\")]/div[1]/div[5]/div[2]/span"}
RESULT: {"using":"xpath","value":"//section[contains(@id,\"FC-NoHead\")]/div[1]/div[5]/div[2]/span"}
COMMAND: POST /session/a414a6ae85a434897fa1c9da3096b959/elements - {"using":"xpath","value":"//section[contains(@id,\"FC-NoHead\")]/div[1]/div[5]/div[2]/span"}
RESULT: {"using":"xpath","value":"//section[contains(@id,\"FC-NoHead\")]/div[1]/div[5]/div[2]/span"}
COMMAND: POST /session/a414a6ae85a434897fa1c9da3096b959/elements - {"using":"xpath","value":"//section[contains(@id,\"FC-NoHead\")]/div[1]/div[5]/div[2]/span"}
RESULT: {"using":"xpath","value":"//section[contains(@id,\"FC-NoHead\")]/div[1]/div[5]/div[2]/span"}
COMMAND: POST /session/a414a6ae85a434897fa1c9da3096b959/elements - {"using":"xpath","value":"//section[contains(@id,\"FC-NoHead\")]/div[1]/div[5]/div[2]/span"}
RESULT: {"using":"xpath","value":"//section[contains(@id,\"FC-NoHead\")]/div[1]/div[5]/div[2]/span"}
COMMAND: POST /session/a414a6ae85a434897fa1c9da3096b959/elements - {"using":"xpath","value":"//section[contains(@id,\"FC-NoHead\")]/div[1]/div[5]/div[2]/span"}
RESULT: {"using":"xpath","value":"//section[contains(@id,\"FC-NoHead\")]/div[1]/div[5]/div[2]/span"}
COMMAND: POST /session/a414a6ae85a434897fa1c9da3096b959/elements - {"using":"xpath","value":"//section[contains(@id,\"FC-NoHead\")]/div[1]/div[5]/div[2]/span"}
RESULT: {"using":"xpath","value":"//section[contains(@id,\"FC-NoHead\")]/div[1]/div[5]/div[2]/span"}
COMMAND: POST /session/a414a6ae85a434897fa1c9da3096b959/elements - {"using":"xpath","value":"//section[contains(@id,\"FC-NoHead\")]/div[1]/div[5]/div[2]/span"}
RESULT: {"using":"xpath","value":"//section[contains(@id,\"FC-NoHead\")]/div[1]/div[5]/div[2]/span"}
COMMAND: POST /session/a414a6ae85a434897fa1c9da3096b959/elements - {"using":"xpath","value":"//section[contains(@id,\"FC-NoHead\")]/div[1]/div[5]/div[2]/span"}
RESULT: {"using":"xpath","value":"//section[contains(@id,\"FC-NoHead\")]/div[1]/div[5]/div[2]/span"}
COMMAND: POST /session/a414a6ae85a434897fa1c9da3096b959/elements - {"using":"xpath","value":"//section[contains(@id,\"FC-NoHead\")]/div[1]/div[5]/div[2]/span"}
RESULT: {"using":"xpath","value":"//section[contains(@id,\"FC-NoHead\")]/div[1]/div[5]/div[2]/span"}
COMMAND: POST /session/a414a6ae85a434897fa1c9da3096b959/elements - {"using":"xpath","value":"//section[contains(@id,\"FC-NoHead\")]/div[1]/div[5]/div[2]/span"}
RESULT: {"using":"xpath","value":"//section[contains(@id,\"FC-NoHead\")]/div[1]/div[5]/div[2]/span"}
COMMAND: POST /session/a414a6ae85a434897fa1c9da3096b959/elements - {"using":"xpath","value":"//section[contains(@id,\"FC-NoHead\")]/div[1]/div[5]/div[2]/span"}
RESULT: {"using":"xpath","value":"//section[contains(@id,\"FC-NoHead\")]/div[1]/div[5]/div[2]/span"}
COMMAND: POST /session/a414a6ae85a434897fa1c9da3096b959/elements - {"using":"xpath","value":"//section[contains(@id,\"FC-NoHead\")]/div[1]/div[5]/div[2]/span"}
RESULT: {"using":"xpath","value":"//section[contains(@id,\"FC-NoHead\")]/div[1]/div[5]/div[2]/span"}
COMMAND: POST /session/a414a6ae85a434897fa1c9da3096b959/elements - {"using":"xpath","value":"//section[contains(@id,\"FC-NoHead\")]/div[1]/div[5]/div[2]/span"}
RESULT: {"using":"xpath","value":"//section[contains(@id,\"FC-NoHead\")]/div[1]/div[5]/div[2]/span"}
COMMAND: POST /session/a414a6ae85a434897fa1c9da3096b959/elements - {"using":"xpath","value":"//section[contains(@id,\"FC-NoHead\")]/div[1]/div[5]/div[2]/span"}
RESULT: {"using":"xpath","value":"//section[contains(@id,\"FC-NoHead\")]/div[1]/div[5]/div[2]/span"}
COMMAND: POST /session/a414a6ae85a434897fa1c9da3096b959/elements - {"using":"xpath","value":"//section[contains(@id,\"FC-NoHead\")]/div[1]/div[5]/div[2]/span"}
RESULT: {"using":"xpath","value":"//section[contains(@id,\"FC-NoHead\")]/div[1]/div[5]/div[2]/span"}
COMMAND: POST /session/a414a6ae85a434897fa1c9da3096b959/elements - {"using":"xpath","value":"//section[contains(@id,\"FC-NoHead\")]/div[1]/div[5]/div[2]/span"}
RESULT: {"using":"xpath","value":"//section[contains(@id,\"FC-NoHead\")]/div[1]/div[5]/div[2]/span"}
COMMAND: POST /session/a414a6ae85a434897fa1c9da3096b959/elements - {"using":"xpath","value":"//section[contains(@id,\"FC-NoHead\")]/div[1]/div[5]/div[2]/span"}
RESULT: {"using":"xpath","value":"//section[contains(@id,\"FC-NoHead\")]/div[1]/div[5]/div[2]/span"}
COMMAND: POST /session/a414a6ae85a434897fa1c9da3096b959/elements - {"using":"xpath","value":"//section[contains(@id,\"FC-NoHead\")]/div[1]/div[5]/div[2]/span"}
RESULT: {"using":"xpath","value":"//section[contains(@id,\"FC-NoHead\")]/div[1]/div[5]/div[2]/span"}
COMMAND: POST /session/a414a6ae85a434897fa1c9da3096b959/elements - {"using":"xpath","value":"//section[contains(@id,\"FC-NoHead\")]/div[1]/div[5]/div[2]/span"}
RESULT: {"using":"xpath","value":"//section[contains(@id,\"FC-NoHead\")]/div[1]/div[5]/div[2]/span"}
COMMAND: POST /session/a414a6ae85a434897fa1c9da3096b959/elements - {"using":"xpath","value":"//section[contains(@id,\"FC-NoHead\")]/div[1]/div[5]/div[2]/span"}
RESULT: {"using":"xpath","value":"//section[contains(@id,\"FC-NoHead\")]/div[1]/div[5]/div[2]/span"}
COMMAND: POST /session/a414a6ae85a434897fa1c9da3096b959/elements - {"using":"xpath","value":"//section[contains(@id,\"FC-NoHead\")]/div[1]/div[5]/div[2]/span"}
RESULT: {"using":"xpath","value":"//section[contains(@id,\"FC-NoHead\")]/div[1]/div[5]/div[2]/span"}
COMMAND: POST /session/a414a6ae85a434897fa1c9da3096b959/elements - {"using":"xpath","value":"//section[contains(@id,\"FC-NoHead\")]/div[1]/div[5]/div[2]/span"}
RESULT: {"using":"xpath","value":"//section[contains(@id,\"FC-NoHead\")]/div[1]/div[5]/div[2]/span"}
COMMAND: POST /session/a414a6ae85a434897fa1c9da3096b959/elements - {"using":"xpath","value":"//section[contains(@id,\"FC-NoHead\")]/div[1]/div[5]/div[2]/span"}
RESULT: {"using":"xpath","value":"//section[contains(@id,\"FC-NoHead\")]/div[1]/div[5]/div[2]/span"}
COMMAND: POST /session/a414a6ae85a434897fa1c9da3096b959/elements - {"using":"xpath","value":"//section[contains(@id,\"FC-NoHead\")]/div[1]/div[5]/div[2]/span"}
RESULT: {"using":"xpath","value":"//section[contains(@id,\"FC-NoHead\")]/div[1]/div[5]/div[2]/span"}
COMMAND: POST /session/a414a6ae85a434897fa1c9da3096b959/elements - {"using":"xpath","value":"//section[contains(@id,\"FC-NoHead\")]/div[1]/div[5]/div[2]/span"}
RESULT: {"using":"xpath","value":"//section[contains(@id,\"FC-NoHead\")]/div[1]/div[5]/div[2]/span"}
COMMAND: POST /session/a414a6ae85a434897fa1c9da3096b959/elements - {"using":"xpath","value":"//section[contains(@id,\"FC-NoHead\")]/div[1]/div[5]/div[2]/span"}
RESULT: {"using":"xpath","value":"//section[contains(@id,\"FC-NoHead\")]/div[1]/div[5]/div[2]/span"}
COMMAND: POST /session/a414a6ae85a434897fa1c9da3096b959/elements - {"using":"xpath","value":"//section[contains(@id,\"FC-NoHead\")]/div[1]/div[5]/div[2]/span"}
RESULT: {"using":"xpath","value":"//section[contains(@id,\"FC-NoHead\")]/div[1]/div[5]/div[2]/span"}
COMMAND: POST /session/a414a6ae85a434897fa1c9da3096b959/elements - {"using":"xpath","value":"//section[contains(@id,\"FC-NoHead\")]/div[1]/div[5]/div[2]/span"}
RESULT: {"using":"xpath","value":"//section[contains(@id,\"FC-NoHead\")]/div[1]/div[5]/div[2]/span"}
COMMAND: POST /session/a414a6ae85a434897fa1c9da3096b959/elements - {"using":"xpath","value":"//section[contains(@id,\"FC-NoHead\")]/div[1]/div[5]/div[2]/span"}
RESULT: {"using":"xpath","value":"//section[contains(@id,\"FC-NoHead\")]/div[1]/div[5]/div[2]/span"}
COMMAND: POST /session/a414a6ae85a434897fa1c9da3096b959/elements - {"using":"xpath","value":"//section[contains(@id,\"FC-NoHead\")]/div[1]/div[5]/div[2]/span"}
RESULT: {"using":"xpath","value":"//section[contains(@id,\"FC-NoHead\")]/div[1]/div[5]/div[2]/span"}
COMMAND: POST /session/a414a6ae85a434897fa1c9da3096b959/elements - {"using":"xpath","value":"//section[contains(@id,\"FC-NoHead\")]/div[1]/div[5]/div[2]/span"}
RESULT: {"using":"xpath","value":"//section[contains(@id,\"FC-NoHead\")]/div[1]/div[5]/div[2]/span"}
COMMAND: POST /session/a414a6ae85a434897fa1c9da3096b959/elements - {"using":"xpath","value":"//section[contains(@id,\"FC-NoHead\")]/div[1]/div[5]/div[2]/span"}
RESULT: {"using":"xpath","value":"//section[contains(@id,\"FC-NoHead\")]/div[1]/div[5]/div[2]/span"}
COMMAND: POST /session/a414a6ae85a434897fa1c9da3096b959/elements - {"using":"xpath","value":"//section[contains(@id,\"FC-NoHead\")]/div[1]/div[5]/div[2]/span"}
RESULT: {"using":"xpath","value":"//section[contains(@id,\"FC-NoHead\")]/div[1]/div[5]/div[2]/span"}
COMMAND: POST /session/a414a6ae85a434897fa1c9da3096b959/elements - {"using":"xpath","value":"//section[contains(@id,\"FC-NoHead\")]/div[1]/div[5]/div[2]/span"}
RESULT: {"using":"xpath","value":"//section[contains(@id,\"FC-NoHead\")]/div[1]/div[5]/div[2]/span"}
COMMAND: POST /session/a414a6ae85a434897fa1c9da3096b959/elements - {"using":"xpath","value":"//section[contains(@id,\"FC-NoHead\")]/div[1]/div[5]/div[2]/span"}
RESULT: {"using":"xpath","value":"//section[contains(@id,\"FC-NoHead\")]/div[1]/div[5]/div[2]/span"}
COMMAND: GET /session/a414a6ae85a434897fa1c9da3096b959/screenshot - {}
RESULT: {}
]]></system-out>
      <system-err><![CDATA[
Error: element ("//section[contains(@id,"FC-NoHead")]/div[1]/div[5]/div[2]/span") still not existing after 45000ms
    at async Context.<anonymous> (D:\a\1\s\test\specs\HTR\provide-to-site-w-warehouse-w-clarification.spec.js:219:9)
]]></system-err>
    </testcase>
    <testcase classname="chrome.136_0_7103_93.windows.Provide_to_Site_w/_warehouse_management_w_clarification" name="Should test for Clarification" time="88.973">
      <failure/>
      <error message="Can't call click on element with selector &quot;//span[(text() = 'null' or . = 'null')]&quot; because element wasn't found"/>
      <system-out><![CDATA[
RESULT: undefined
COMMAND: POST /session/a414a6ae85a434897fa1c9da3096b959/element - {"using":"xpath","value":"//*[@id=\"__tile132\"]"}
COMMAND: GET /session/a414a6ae85a434897fa1c9da3096b959/screenshot - {}
RESULT: {"using":"xpath","value":"//*[@id=\"__tile132\"]"}
COMMAND: POST /session/a414a6ae85a434897fa1c9da3096b959/element/f.63F842937ABE5650621AFC3910BCBB57.d.A8376CC3F8A1A3678132DABA6FF861F9.e.1526/click - {}
RESULT: {}
COMMAND: POST /session/a414a6ae85a434897fa1c9da3096b959/elements - {"using":"xpath","value":"//span[text()='Error']"}
RESULT: {"using":"xpath","value":"//span[text()='Error']"}
COMMAND: POST /session/a414a6ae85a434897fa1c9da3096b959/execute/async - {"script":"<script> [1562 bytes]","args":[{"selector":{"controlType":"sap.m.SearchField","viewName":"etm.portal.ui.managehandovers.view.MasterHO","bindingPath":{"propertyPath":"/_BASIC_SEARCH_FIELD","modelName":"fi1t3rM0d31"},"interaction":{"idSuffix":"I"}},"wdio_ui5_key":"etmportal.ui.managehandovers.view.MasterHOsap.m.SearchField{\"propertyPath\":\"/_BASIC_SEARCH_FIELD\",\"modelName\":\"fi1t3rM0d31\"}"}]}
RESULT: {"script":"<script> [1562 bytes]","args":[{"selector":{"controlType":"sap.m.SearchField","viewName":"etm.portal.ui.managehandovers.view.MasterHO","bindingPath":{"propertyPath":"/_BASIC_SEARCH_FIELD","modelName":"fi1t3rM0d31"},"interaction":{"idSuffix":"I"}},"wdio_ui5_key":"etmportal.ui.managehandovers.view.MasterHOsap.m.SearchField{\"propertyPath\":\"/_BASIC_SEARCH_FIELD\",\"modelName\":\"fi1t3rM0d31\"}"}]}
RESULT: undefined
COMMAND: POST /session/a414a6ae85a434897fa1c9da3096b959/execute/async - {"script":"<script> [776 bytes]","args":[{"enterText":null,"selector":{"controlType":"sap.m.SearchField","viewName":"etm.portal.ui.managehandovers.view.MasterHO","bindingPath":{"propertyPath":"/_BASIC_SEARCH_FIELD","modelName":"fi1t3rM0d31"},"interaction":{"idSuffix":"I"}},"clearTextFirst":true,"interactionType":"ENTER_TEXT"}]}
RESULT: {"script":"<script> [776 bytes]","args":[{"enterText":null,"selector":{"controlType":"sap.m.SearchField","viewName":"etm.portal.ui.managehandovers.view.MasterHO","bindingPath":{"propertyPath":"/_BASIC_SEARCH_FIELD","modelName":"fi1t3rM0d31"},"interaction":{"idSuffix":"I"}},"clearTextFirst":true,"interactionType":"ENTER_TEXT"}]}
COMMAND: POST /session/a414a6ae85a434897fa1c9da3096b959/actions - {"actions":[{"id":"action13","type":"key","parameters":{},"actions":[{"type":"keyDown","value":""},{"type":"pause","duration":10},{"type":"keyUp","value":""}]}]}
RESULT: {"actions":[{"id":"action13","type":"key","parameters":{},"actions":[{"type":"keyDown","value":""},{"type":"pause","duration":10},{"type":"keyUp","value":""}]}]}
COMMAND: GET /session/a414a6ae85a434897fa1c9da3096b959/screenshot - {}
RESULT: {}
COMMAND: POST /session/a414a6ae85a434897fa1c9da3096b959/element - {"using":"xpath","value":"//span[(text() = 'null' or . = 'null')]"}
RESULT: {"using":"xpath","value":"//span[(text() = 'null' or . = 'null')]"}
COMMAND: POST /session/a414a6ae85a434897fa1c9da3096b959/elements - {"using":"xpath","value":"//span[(text() = 'null' or . = 'null')]"}
RESULT: {"using":"xpath","value":"//span[(text() = 'null' or . = 'null')]"}
COMMAND: POST /session/a414a6ae85a434897fa1c9da3096b959/elements - {"using":"xpath","value":"//span[(text() = 'null' or . = 'null')]"}
RESULT: {"using":"xpath","value":"//span[(text() = 'null' or . = 'null')]"}
COMMAND: POST /session/a414a6ae85a434897fa1c9da3096b959/elements - {"using":"xpath","value":"//span[(text() = 'null' or . = 'null')]"}
RESULT: {"using":"xpath","value":"//span[(text() = 'null' or . = 'null')]"}
COMMAND: POST /session/a414a6ae85a434897fa1c9da3096b959/elements - {"using":"xpath","value":"//span[(text() = 'null' or . = 'null')]"}
RESULT: {"using":"xpath","value":"//span[(text() = 'null' or . = 'null')]"}
COMMAND: POST /session/a414a6ae85a434897fa1c9da3096b959/elements - {"using":"xpath","value":"//span[(text() = 'null' or . = 'null')]"}
RESULT: {"using":"xpath","value":"//span[(text() = 'null' or . = 'null')]"}
COMMAND: POST /session/a414a6ae85a434897fa1c9da3096b959/elements - {"using":"xpath","value":"//span[(text() = 'null' or . = 'null')]"}
RESULT: {"using":"xpath","value":"//span[(text() = 'null' or . = 'null')]"}
COMMAND: POST /session/a414a6ae85a434897fa1c9da3096b959/elements - {"using":"xpath","value":"//span[(text() = 'null' or . = 'null')]"}
RESULT: {"using":"xpath","value":"//span[(text() = 'null' or . = 'null')]"}
COMMAND: POST /session/a414a6ae85a434897fa1c9da3096b959/elements - {"using":"xpath","value":"//span[(text() = 'null' or . = 'null')]"}
RESULT: {"using":"xpath","value":"//span[(text() = 'null' or . = 'null')]"}
COMMAND: POST /session/a414a6ae85a434897fa1c9da3096b959/elements - {"using":"xpath","value":"//span[(text() = 'null' or . = 'null')]"}
RESULT: {"using":"xpath","value":"//span[(text() = 'null' or . = 'null')]"}
COMMAND: POST /session/a414a6ae85a434897fa1c9da3096b959/elements - {"using":"xpath","value":"//span[(text() = 'null' or . = 'null')]"}
RESULT: {"using":"xpath","value":"//span[(text() = 'null' or . = 'null')]"}
COMMAND: POST /session/a414a6ae85a434897fa1c9da3096b959/elements - {"using":"xpath","value":"//span[(text() = 'null' or . = 'null')]"}
RESULT: {"using":"xpath","value":"//span[(text() = 'null' or . = 'null')]"}
COMMAND: POST /session/a414a6ae85a434897fa1c9da3096b959/elements - {"using":"xpath","value":"//span[(text() = 'null' or . = 'null')]"}
RESULT: {"using":"xpath","value":"//span[(text() = 'null' or . = 'null')]"}
COMMAND: POST /session/a414a6ae85a434897fa1c9da3096b959/elements - {"using":"xpath","value":"//span[(text() = 'null' or . = 'null')]"}
RESULT: {"using":"xpath","value":"//span[(text() = 'null' or . = 'null')]"}
COMMAND: POST /session/a414a6ae85a434897fa1c9da3096b959/elements - {"using":"xpath","value":"//span[(text() = 'null' or . = 'null')]"}
RESULT: {"using":"xpath","value":"//span[(text() = 'null' or . = 'null')]"}
COMMAND: POST /session/a414a6ae85a434897fa1c9da3096b959/elements - {"using":"xpath","value":"//span[(text() = 'null' or . = 'null')]"}
RESULT: {"using":"xpath","value":"//span[(text() = 'null' or . = 'null')]"}
COMMAND: POST /session/a414a6ae85a434897fa1c9da3096b959/elements - {"using":"xpath","value":"//span[(text() = 'null' or . = 'null')]"}
RESULT: {"using":"xpath","value":"//span[(text() = 'null' or . = 'null')]"}
COMMAND: POST /session/a414a6ae85a434897fa1c9da3096b959/elements - {"using":"xpath","value":"//span[(text() = 'null' or . = 'null')]"}
RESULT: {"using":"xpath","value":"//span[(text() = 'null' or . = 'null')]"}
COMMAND: POST /session/a414a6ae85a434897fa1c9da3096b959/elements - {"using":"xpath","value":"//span[(text() = 'null' or . = 'null')]"}
RESULT: {"using":"xpath","value":"//span[(text() = 'null' or . = 'null')]"}
COMMAND: POST /session/a414a6ae85a434897fa1c9da3096b959/elements - {"using":"xpath","value":"//span[(text() = 'null' or . = 'null')]"}
RESULT: {"using":"xpath","value":"//span[(text() = 'null' or . = 'null')]"}
COMMAND: POST /session/a414a6ae85a434897fa1c9da3096b959/elements - {"using":"xpath","value":"//span[(text() = 'null' or . = 'null')]"}
RESULT: {"using":"xpath","value":"//span[(text() = 'null' or . = 'null')]"}
COMMAND: POST /session/a414a6ae85a434897fa1c9da3096b959/elements - {"using":"xpath","value":"//span[(text() = 'null' or . = 'null')]"}
RESULT: {"using":"xpath","value":"//span[(text() = 'null' or . = 'null')]"}
COMMAND: POST /session/a414a6ae85a434897fa1c9da3096b959/elements - {"using":"xpath","value":"//span[(text() = 'null' or . = 'null')]"}
RESULT: {"using":"xpath","value":"//span[(text() = 'null' or . = 'null')]"}
COMMAND: POST /session/a414a6ae85a434897fa1c9da3096b959/elements - {"using":"xpath","value":"//span[(text() = 'null' or . = 'null')]"}
RESULT: {"using":"xpath","value":"//span[(text() = 'null' or . = 'null')]"}
COMMAND: POST /session/a414a6ae85a434897fa1c9da3096b959/elements - {"using":"xpath","value":"//span[(text() = 'null' or . = 'null')]"}
RESULT: {"using":"xpath","value":"//span[(text() = 'null' or . = 'null')]"}
COMMAND: POST /session/a414a6ae85a434897fa1c9da3096b959/elements - {"using":"xpath","value":"//span[(text() = 'null' or . = 'null')]"}
RESULT: {"using":"xpath","value":"//span[(text() = 'null' or . = 'null')]"}
COMMAND: POST /session/a414a6ae85a434897fa1c9da3096b959/elements - {"using":"xpath","value":"//span[(text() = 'null' or . = 'null')]"}
RESULT: {"using":"xpath","value":"//span[(text() = 'null' or . = 'null')]"}
COMMAND: POST /session/a414a6ae85a434897fa1c9da3096b959/elements - {"using":"xpath","value":"//span[(text() = 'null' or . = 'null')]"}
RESULT: {"using":"xpath","value":"//span[(text() = 'null' or . = 'null')]"}
COMMAND: POST /session/a414a6ae85a434897fa1c9da3096b959/elements - {"using":"xpath","value":"//span[(text() = 'null' or . = 'null')]"}
RESULT: {"using":"xpath","value":"//span[(text() = 'null' or . = 'null')]"}
COMMAND: POST /session/a414a6ae85a434897fa1c9da3096b959/elements - {"using":"xpath","value":"//span[(text() = 'null' or . = 'null')]"}
RESULT: {"using":"xpath","value":"//span[(text() = 'null' or . = 'null')]"}
COMMAND: POST /session/a414a6ae85a434897fa1c9da3096b959/elements - {"using":"xpath","value":"//span[(text() = 'null' or . = 'null')]"}
RESULT: {"using":"xpath","value":"//span[(text() = 'null' or . = 'null')]"}
COMMAND: POST /session/a414a6ae85a434897fa1c9da3096b959/elements - {"using":"xpath","value":"//span[(text() = 'null' or . = 'null')]"}
RESULT: {"using":"xpath","value":"//span[(text() = 'null' or . = 'null')]"}
COMMAND: POST /session/a414a6ae85a434897fa1c9da3096b959/elements - {"using":"xpath","value":"//span[(text() = 'null' or . = 'null')]"}
RESULT: {"using":"xpath","value":"//span[(text() = 'null' or . = 'null')]"}
COMMAND: POST /session/a414a6ae85a434897fa1c9da3096b959/elements - {"using":"xpath","value":"//span[(text() = 'null' or . = 'null')]"}
RESULT: {"using":"xpath","value":"//span[(text() = 'null' or . = 'null')]"}
COMMAND: POST /session/a414a6ae85a434897fa1c9da3096b959/elements - {"using":"xpath","value":"//span[(text() = 'null' or . = 'null')]"}
RESULT: {"using":"xpath","value":"//span[(text() = 'null' or . = 'null')]"}
COMMAND: POST /session/a414a6ae85a434897fa1c9da3096b959/elements - {"using":"xpath","value":"//span[(text() = 'null' or . = 'null')]"}
RESULT: {"using":"xpath","value":"//span[(text() = 'null' or . = 'null')]"}
COMMAND: POST /session/a414a6ae85a434897fa1c9da3096b959/elements - {"using":"xpath","value":"//span[(text() = 'null' or . = 'null')]"}
RESULT: {"using":"xpath","value":"//span[(text() = 'null' or . = 'null')]"}
COMMAND: POST /session/a414a6ae85a434897fa1c9da3096b959/elements - {"using":"xpath","value":"//span[(text() = 'null' or . = 'null')]"}
RESULT: {"using":"xpath","value":"//span[(text() = 'null' or . = 'null')]"}
COMMAND: POST /session/a414a6ae85a434897fa1c9da3096b959/elements - {"using":"xpath","value":"//span[(text() = 'null' or . = 'null')]"}
RESULT: {"using":"xpath","value":"//span[(text() = 'null' or . = 'null')]"}
COMMAND: POST /session/a414a6ae85a434897fa1c9da3096b959/elements - {"using":"xpath","value":"//span[(text() = 'null' or . = 'null')]"}
RESULT: {"using":"xpath","value":"//span[(text() = 'null' or . = 'null')]"}
COMMAND: POST /session/a414a6ae85a434897fa1c9da3096b959/elements - {"using":"xpath","value":"//span[(text() = 'null' or . = 'null')]"}
RESULT: {"using":"xpath","value":"//span[(text() = 'null' or . = 'null')]"}
COMMAND: POST /session/a414a6ae85a434897fa1c9da3096b959/elements - {"using":"xpath","value":"//span[(text() = 'null' or . = 'null')]"}
RESULT: {"using":"xpath","value":"//span[(text() = 'null' or . = 'null')]"}
COMMAND: POST /session/a414a6ae85a434897fa1c9da3096b959/elements - {"using":"xpath","value":"//span[(text() = 'null' or . = 'null')]"}
RESULT: {"using":"xpath","value":"//span[(text() = 'null' or . = 'null')]"}
COMMAND: POST /session/a414a6ae85a434897fa1c9da3096b959/elements - {"using":"xpath","value":"//span[(text() = 'null' or . = 'null')]"}
RESULT: {"using":"xpath","value":"//span[(text() = 'null' or . = 'null')]"}
COMMAND: POST /session/a414a6ae85a434897fa1c9da3096b959/elements - {"using":"xpath","value":"//span[(text() = 'null' or . = 'null')]"}
RESULT: {"using":"xpath","value":"//span[(text() = 'null' or . = 'null')]"}
COMMAND: POST /session/a414a6ae85a434897fa1c9da3096b959/elements - {"using":"xpath","value":"//span[(text() = 'null' or . = 'null')]"}
RESULT: {"using":"xpath","value":"//span[(text() = 'null' or . = 'null')]"}
COMMAND: POST /session/a414a6ae85a434897fa1c9da3096b959/elements - {"using":"xpath","value":"//span[(text() = 'null' or . = 'null')]"}
RESULT: {"using":"xpath","value":"//span[(text() = 'null' or . = 'null')]"}
COMMAND: POST /session/a414a6ae85a434897fa1c9da3096b959/elements - {"using":"xpath","value":"//span[(text() = 'null' or . = 'null')]"}
RESULT: {"using":"xpath","value":"//span[(text() = 'null' or . = 'null')]"}
COMMAND: POST /session/a414a6ae85a434897fa1c9da3096b959/elements - {"using":"xpath","value":"//span[(text() = 'null' or . = 'null')]"}
RESULT: {"using":"xpath","value":"//span[(text() = 'null' or . = 'null')]"}
COMMAND: POST /session/a414a6ae85a434897fa1c9da3096b959/elements - {"using":"xpath","value":"//span[(text() = 'null' or . = 'null')]"}
RESULT: {"using":"xpath","value":"//span[(text() = 'null' or . = 'null')]"}
COMMAND: POST /session/a414a6ae85a434897fa1c9da3096b959/elements - {"using":"xpath","value":"//span[(text() = 'null' or . = 'null')]"}
RESULT: {"using":"xpath","value":"//span[(text() = 'null' or . = 'null')]"}
COMMAND: POST /session/a414a6ae85a434897fa1c9da3096b959/elements - {"using":"xpath","value":"//span[(text() = 'null' or . = 'null')]"}
RESULT: {"using":"xpath","value":"//span[(text() = 'null' or . = 'null')]"}
COMMAND: POST /session/a414a6ae85a434897fa1c9da3096b959/elements - {"using":"xpath","value":"//span[(text() = 'null' or . = 'null')]"}
RESULT: {"using":"xpath","value":"//span[(text() = 'null' or . = 'null')]"}
COMMAND: POST /session/a414a6ae85a434897fa1c9da3096b959/elements - {"using":"xpath","value":"//span[(text() = 'null' or . = 'null')]"}
RESULT: {"using":"xpath","value":"//span[(text() = 'null' or . = 'null')]"}
COMMAND: POST /session/a414a6ae85a434897fa1c9da3096b959/elements - {"using":"xpath","value":"//span[(text() = 'null' or . = 'null')]"}
RESULT: {"using":"xpath","value":"//span[(text() = 'null' or . = 'null')]"}
COMMAND: POST /session/a414a6ae85a434897fa1c9da3096b959/elements - {"using":"xpath","value":"//span[(text() = 'null' or . = 'null')]"}
RESULT: {"using":"xpath","value":"//span[(text() = 'null' or . = 'null')]"}
COMMAND: POST /session/a414a6ae85a434897fa1c9da3096b959/elements - {"using":"xpath","value":"//span[(text() = 'null' or . = 'null')]"}
RESULT: {"using":"xpath","value":"//span[(text() = 'null' or . = 'null')]"}
COMMAND: POST /session/a414a6ae85a434897fa1c9da3096b959/elements - {"using":"xpath","value":"//span[(text() = 'null' or . = 'null')]"}
RESULT: {"using":"xpath","value":"//span[(text() = 'null' or . = 'null')]"}
COMMAND: POST /session/a414a6ae85a434897fa1c9da3096b959/elements - {"using":"xpath","value":"//span[(text() = 'null' or . = 'null')]"}
RESULT: {"using":"xpath","value":"//span[(text() = 'null' or . = 'null')]"}
COMMAND: POST /session/a414a6ae85a434897fa1c9da3096b959/elements - {"using":"xpath","value":"//span[(text() = 'null' or . = 'null')]"}
RESULT: {"using":"xpath","value":"//span[(text() = 'null' or . = 'null')]"}
COMMAND: POST /session/a414a6ae85a434897fa1c9da3096b959/elements - {"using":"xpath","value":"//span[(text() = 'null' or . = 'null')]"}
RESULT: {"using":"xpath","value":"//span[(text() = 'null' or . = 'null')]"}
COMMAND: POST /session/a414a6ae85a434897fa1c9da3096b959/elements - {"using":"xpath","value":"//span[(text() = 'null' or . = 'null')]"}
RESULT: {"using":"xpath","value":"//span[(text() = 'null' or . = 'null')]"}
COMMAND: POST /session/a414a6ae85a434897fa1c9da3096b959/elements - {"using":"xpath","value":"//span[(text() = 'null' or . = 'null')]"}
RESULT: {"using":"xpath","value":"//span[(text() = 'null' or . = 'null')]"}
COMMAND: POST /session/a414a6ae85a434897fa1c9da3096b959/elements - {"using":"xpath","value":"//span[(text() = 'null' or . = 'null')]"}
RESULT: {"using":"xpath","value":"//span[(text() = 'null' or . = 'null')]"}
COMMAND: POST /session/a414a6ae85a434897fa1c9da3096b959/elements - {"using":"xpath","value":"//span[(text() = 'null' or . = 'null')]"}
RESULT: {"using":"xpath","value":"//span[(text() = 'null' or . = 'null')]"}
COMMAND: POST /session/a414a6ae85a434897fa1c9da3096b959/elements - {"using":"xpath","value":"//span[(text() = 'null' or . = 'null')]"}
RESULT: {"using":"xpath","value":"//span[(text() = 'null' or . = 'null')]"}
COMMAND: POST /session/a414a6ae85a434897fa1c9da3096b959/elements - {"using":"xpath","value":"//span[(text() = 'null' or . = 'null')]"}
RESULT: {"using":"xpath","value":"//span[(text() = 'null' or . = 'null')]"}
COMMAND: POST /session/a414a6ae85a434897fa1c9da3096b959/elements - {"using":"xpath","value":"//span[(text() = 'null' or . = 'null')]"}
RESULT: {"using":"xpath","value":"//span[(text() = 'null' or . = 'null')]"}
COMMAND: POST /session/a414a6ae85a434897fa1c9da3096b959/elements - {"using":"xpath","value":"//span[(text() = 'null' or . = 'null')]"}
RESULT: {"using":"xpath","value":"//span[(text() = 'null' or . = 'null')]"}
COMMAND: POST /session/a414a6ae85a434897fa1c9da3096b959/elements - {"using":"xpath","value":"//span[(text() = 'null' or . = 'null')]"}
RESULT: {"using":"xpath","value":"//span[(text() = 'null' or . = 'null')]"}
COMMAND: POST /session/a414a6ae85a434897fa1c9da3096b959/elements - {"using":"xpath","value":"//span[(text() = 'null' or . = 'null')]"}
RESULT: {"using":"xpath","value":"//span[(text() = 'null' or . = 'null')]"}
COMMAND: POST /session/a414a6ae85a434897fa1c9da3096b959/elements - {"using":"xpath","value":"//span[(text() = 'null' or . = 'null')]"}
RESULT: {"using":"xpath","value":"//span[(text() = 'null' or . = 'null')]"}
COMMAND: POST /session/a414a6ae85a434897fa1c9da3096b959/elements - {"using":"xpath","value":"//span[(text() = 'null' or . = 'null')]"}
RESULT: {"using":"xpath","value":"//span[(text() = 'null' or . = 'null')]"}
COMMAND: POST /session/a414a6ae85a434897fa1c9da3096b959/elements - {"using":"xpath","value":"//span[(text() = 'null' or . = 'null')]"}
RESULT: {"using":"xpath","value":"//span[(text() = 'null' or . = 'null')]"}
COMMAND: POST /session/a414a6ae85a434897fa1c9da3096b959/elements - {"using":"xpath","value":"//span[(text() = 'null' or . = 'null')]"}
RESULT: {"using":"xpath","value":"//span[(text() = 'null' or . = 'null')]"}
COMMAND: POST /session/a414a6ae85a434897fa1c9da3096b959/elements - {"using":"xpath","value":"//span[(text() = 'null' or . = 'null')]"}
RESULT: {"using":"xpath","value":"//span[(text() = 'null' or . = 'null')]"}
COMMAND: POST /session/a414a6ae85a434897fa1c9da3096b959/elements - {"using":"xpath","value":"//span[(text() = 'null' or . = 'null')]"}
RESULT: {"using":"xpath","value":"//span[(text() = 'null' or . = 'null')]"}
COMMAND: POST /session/a414a6ae85a434897fa1c9da3096b959/elements - {"using":"xpath","value":"//span[(text() = 'null' or . = 'null')]"}
RESULT: {"using":"xpath","value":"//span[(text() = 'null' or . = 'null')]"}
COMMAND: POST /session/a414a6ae85a434897fa1c9da3096b959/elements - {"using":"xpath","value":"//span[(text() = 'null' or . = 'null')]"}
RESULT: {"using":"xpath","value":"//span[(text() = 'null' or . = 'null')]"}
COMMAND: POST /session/a414a6ae85a434897fa1c9da3096b959/elements - {"using":"xpath","value":"//span[(text() = 'null' or . = 'null')]"}
RESULT: {"using":"xpath","value":"//span[(text() = 'null' or . = 'null')]"}
COMMAND: POST /session/a414a6ae85a434897fa1c9da3096b959/elements - {"using":"xpath","value":"//span[(text() = 'null' or . = 'null')]"}
RESULT: {"using":"xpath","value":"//span[(text() = 'null' or . = 'null')]"}
COMMAND: POST /session/a414a6ae85a434897fa1c9da3096b959/elements - {"using":"xpath","value":"//span[(text() = 'null' or . = 'null')]"}
RESULT: {"using":"xpath","value":"//span[(text() = 'null' or . = 'null')]"}
COMMAND: POST /session/a414a6ae85a434897fa1c9da3096b959/elements - {"using":"xpath","value":"//span[(text() = 'null' or . = 'null')]"}
RESULT: {"using":"xpath","value":"//span[(text() = 'null' or . = 'null')]"}
COMMAND: POST /session/a414a6ae85a434897fa1c9da3096b959/elements - {"using":"xpath","value":"//span[(text() = 'null' or . = 'null')]"}
RESULT: {"using":"xpath","value":"//span[(text() = 'null' or . = 'null')]"}
COMMAND: POST /session/a414a6ae85a434897fa1c9da3096b959/elements - {"using":"xpath","value":"//span[(text() = 'null' or . = 'null')]"}
RESULT: {"using":"xpath","value":"//span[(text() = 'null' or . = 'null')]"}
COMMAND: POST /session/a414a6ae85a434897fa1c9da3096b959/elements - {"using":"xpath","value":"//span[(text() = 'null' or . = 'null')]"}
RESULT: {"using":"xpath","value":"//span[(text() = 'null' or . = 'null')]"}
COMMAND: POST /session/a414a6ae85a434897fa1c9da3096b959/elements - {"using":"xpath","value":"//span[(text() = 'null' or . = 'null')]"}
RESULT: {"using":"xpath","value":"//span[(text() = 'null' or . = 'null')]"}
COMMAND: POST /session/a414a6ae85a434897fa1c9da3096b959/elements - {"using":"xpath","value":"//span[(text() = 'null' or . = 'null')]"}
RESULT: {"using":"xpath","value":"//span[(text() = 'null' or . = 'null')]"}
COMMAND: POST /session/a414a6ae85a434897fa1c9da3096b959/elements - {"using":"xpath","value":"//span[(text() = 'null' or . = 'null')]"}
RESULT: {"using":"xpath","value":"//span[(text() = 'null' or . = 'null')]"}
COMMAND: POST /session/a414a6ae85a434897fa1c9da3096b959/elements - {"using":"xpath","value":"//span[(text() = 'null' or . = 'null')]"}
RESULT: {"using":"xpath","value":"//span[(text() = 'null' or . = 'null')]"}
COMMAND: POST /session/a414a6ae85a434897fa1c9da3096b959/elements - {"using":"xpath","value":"//span[(text() = 'null' or . = 'null')]"}
RESULT: {"using":"xpath","value":"//span[(text() = 'null' or . = 'null')]"}
COMMAND: POST /session/a414a6ae85a434897fa1c9da3096b959/elements - {"using":"xpath","value":"//span[(text() = 'null' or . = 'null')]"}
RESULT: {"using":"xpath","value":"//span[(text() = 'null' or . = 'null')]"}
COMMAND: POST /session/a414a6ae85a434897fa1c9da3096b959/elements - {"using":"xpath","value":"//span[(text() = 'null' or . = 'null')]"}
RESULT: {"using":"xpath","value":"//span[(text() = 'null' or . = 'null')]"}
COMMAND: POST /session/a414a6ae85a434897fa1c9da3096b959/elements - {"using":"xpath","value":"//span[(text() = 'null' or . = 'null')]"}
RESULT: {"using":"xpath","value":"//span[(text() = 'null' or . = 'null')]"}
COMMAND: POST /session/a414a6ae85a434897fa1c9da3096b959/elements - {"using":"xpath","value":"//span[(text() = 'null' or . = 'null')]"}
RESULT: {"using":"xpath","value":"//span[(text() = 'null' or . = 'null')]"}
COMMAND: POST /session/a414a6ae85a434897fa1c9da3096b959/elements - {"using":"xpath","value":"//span[(text() = 'null' or . = 'null')]"}
RESULT: {"using":"xpath","value":"//span[(text() = 'null' or . = 'null')]"}
COMMAND: POST /session/a414a6ae85a434897fa1c9da3096b959/elements - {"using":"xpath","value":"//span[(text() = 'null' or . = 'null')]"}
RESULT: {"using":"xpath","value":"//span[(text() = 'null' or . = 'null')]"}
COMMAND: POST /session/a414a6ae85a434897fa1c9da3096b959/elements - {"using":"xpath","value":"//span[(text() = 'null' or . = 'null')]"}
RESULT: {"using":"xpath","value":"//span[(text() = 'null' or . = 'null')]"}
COMMAND: POST /session/a414a6ae85a434897fa1c9da3096b959/elements - {"using":"xpath","value":"//span[(text() = 'null' or . = 'null')]"}
RESULT: {"using":"xpath","value":"//span[(text() = 'null' or . = 'null')]"}
COMMAND: POST /session/a414a6ae85a434897fa1c9da3096b959/elements - {"using":"xpath","value":"//span[(text() = 'null' or . = 'null')]"}
RESULT: {"using":"xpath","value":"//span[(text() = 'null' or . = 'null')]"}
COMMAND: POST /session/a414a6ae85a434897fa1c9da3096b959/elements - {"using":"xpath","value":"//span[(text() = 'null' or . = 'null')]"}
RESULT: {"using":"xpath","value":"//span[(text() = 'null' or . = 'null')]"}
COMMAND: POST /session/a414a6ae85a434897fa1c9da3096b959/elements - {"using":"xpath","value":"//span[(text() = 'null' or . = 'null')]"}
RESULT: {"using":"xpath","value":"//span[(text() = 'null' or . = 'null')]"}
COMMAND: POST /session/a414a6ae85a434897fa1c9da3096b959/elements - {"using":"xpath","value":"//span[(text() = 'null' or . = 'null')]"}
RESULT: {"using":"xpath","value":"//span[(text() = 'null' or . = 'null')]"}
COMMAND: POST /session/a414a6ae85a434897fa1c9da3096b959/elements - {"using":"xpath","value":"//span[(text() = 'null' or . = 'null')]"}
RESULT: {"using":"xpath","value":"//span[(text() = 'null' or . = 'null')]"}
COMMAND: POST /session/a414a6ae85a434897fa1c9da3096b959/elements - {"using":"xpath","value":"//span[(text() = 'null' or . = 'null')]"}
RESULT: {"using":"xpath","value":"//span[(text() = 'null' or . = 'null')]"}
COMMAND: POST /session/a414a6ae85a434897fa1c9da3096b959/elements - {"using":"xpath","value":"//span[(text() = 'null' or . = 'null')]"}
RESULT: {"using":"xpath","value":"//span[(text() = 'null' or . = 'null')]"}
COMMAND: POST /session/a414a6ae85a434897fa1c9da3096b959/elements - {"using":"xpath","value":"//span[(text() = 'null' or . = 'null')]"}
RESULT: {"using":"xpath","value":"//span[(text() = 'null' or . = 'null')]"}
COMMAND: POST /session/a414a6ae85a434897fa1c9da3096b959/elements - {"using":"xpath","value":"//span[(text() = 'null' or . = 'null')]"}
RESULT: {"using":"xpath","value":"//span[(text() = 'null' or . = 'null')]"}
COMMAND: POST /session/a414a6ae85a434897fa1c9da3096b959/elements - {"using":"xpath","value":"//span[(text() = 'null' or . = 'null')]"}
RESULT: {"using":"xpath","value":"//span[(text() = 'null' or . = 'null')]"}
COMMAND: POST /session/a414a6ae85a434897fa1c9da3096b959/elements - {"using":"xpath","value":"//span[(text() = 'null' or . = 'null')]"}
RESULT: {"using":"xpath","value":"//span[(text() = 'null' or . = 'null')]"}
COMMAND: POST /session/a414a6ae85a434897fa1c9da3096b959/elements - {"using":"xpath","value":"//span[(text() = 'null' or . = 'null')]"}
RESULT: {"using":"xpath","value":"//span[(text() = 'null' or . = 'null')]"}
COMMAND: POST /session/a414a6ae85a434897fa1c9da3096b959/elements - {"using":"xpath","value":"//span[(text() = 'null' or . = 'null')]"}
RESULT: {"using":"xpath","value":"//span[(text() = 'null' or . = 'null')]"}
COMMAND: POST /session/a414a6ae85a434897fa1c9da3096b959/elements - {"using":"xpath","value":"//span[(text() = 'null' or . = 'null')]"}
RESULT: {"using":"xpath","value":"//span[(text() = 'null' or . = 'null')]"}
COMMAND: POST /session/a414a6ae85a434897fa1c9da3096b959/elements - {"using":"xpath","value":"//span[(text() = 'null' or . = 'null')]"}
RESULT: {"using":"xpath","value":"//span[(text() = 'null' or . = 'null')]"}
COMMAND: POST /session/a414a6ae85a434897fa1c9da3096b959/elements - {"using":"xpath","value":"//span[(text() = 'null' or . = 'null')]"}
RESULT: {"using":"xpath","value":"//span[(text() = 'null' or . = 'null')]"}
COMMAND: POST /session/a414a6ae85a434897fa1c9da3096b959/elements - {"using":"xpath","value":"//span[(text() = 'null' or . = 'null')]"}
RESULT: {"using":"xpath","value":"//span[(text() = 'null' or . = 'null')]"}
COMMAND: POST /session/a414a6ae85a434897fa1c9da3096b959/elements - {"using":"xpath","value":"//span[(text() = 'null' or . = 'null')]"}
RESULT: {"using":"xpath","value":"//span[(text() = 'null' or . = 'null')]"}
COMMAND: POST /session/a414a6ae85a434897fa1c9da3096b959/elements - {"using":"xpath","value":"//span[(text() = 'null' or . = 'null')]"}
RESULT: {"using":"xpath","value":"//span[(text() = 'null' or . = 'null')]"}
COMMAND: POST /session/a414a6ae85a434897fa1c9da3096b959/elements - {"using":"xpath","value":"//span[(text() = 'null' or . = 'null')]"}
RESULT: {"using":"xpath","value":"//span[(text() = 'null' or . = 'null')]"}
COMMAND: POST /session/a414a6ae85a434897fa1c9da3096b959/elements - {"using":"xpath","value":"//span[(text() = 'null' or . = 'null')]"}
RESULT: {"using":"xpath","value":"//span[(text() = 'null' or . = 'null')]"}
COMMAND: POST /session/a414a6ae85a434897fa1c9da3096b959/elements - {"using":"xpath","value":"//span[(text() = 'null' or . = 'null')]"}
RESULT: {"using":"xpath","value":"//span[(text() = 'null' or . = 'null')]"}
COMMAND: GET /session/a414a6ae85a434897fa1c9da3096b959/screenshot - {}
RESULT: {}
COMMAND: POST /session/a414a6ae85a434897fa1c9da3096b959/element - {"using":"css selector","value":"#j_username"}
COMMAND: POST /session/a414a6ae85a434897fa1c9da3096b959/url - {"url":"https://qa-testing-00-live-etm-ui.cfapps.eu10-004.hana.ondemand.com/"}
COMMAND: GET /session/a414a6ae85a434897fa1c9da3096b959/screenshot - {}
COMMAND: GET /session/a414a6ae85a434897fa1c9da3096b959/screenshot - {}
RESULT: {"url":"https://qa-testing-00-live-etm-ui.cfapps.eu10-004.hana.ondemand.com/"}
RESULT: undefined
COMMAND: GET /session/a414a6ae85a434897fa1c9da3096b959/screenshot - {}
RESULT: {"using":"css selector","value":"#j_username"}
COMMAND: POST /session/a414a6ae85a434897fa1c9da3096b959/element - {"using":"css selector","value":"#j_username"}
RESULT: {}
RESULT: {}
RESULT: {}
RESULT: {"using":"css selector","value":"#j_username"}
COMMAND: POST /session/a414a6ae85a434897fa1c9da3096b959/element - {"using":"css selector","value":"#shell-header-logo"}
RESULT: {"using":"css selector","value":"#shell-header-logo"}
COMMAND: POST /session/a414a6ae85a434897fa1c9da3096b959/execute/sync - {"script":"<script> [8489 bytes]","args":[{"element-6066-11e4-a52e-4f735466cecf":"f.63F842937ABE5650621AFC3910BCBB57.d.E55557B76BDF709A913A8979F8FFD6A2.e.4627","ELEMENT":"f.63F842937ABE5650621AFC3910BCBB57.d.E55557B76BDF709A913A8979F8FFD6A2.e.4627"}]}
RESULT: {"script":"<script> [8489 bytes]","args":[{"element-6066-11e4-a52e-4f735466cecf":"f.63F842937ABE5650621AFC3910BCBB57.d.E55557B76BDF709A913A8979F8FFD6A2.e.4627","ELEMENT":"f.63F842937ABE5650621AFC3910BCBB57.d.E55557B76BDF709A913A8979F8FFD6A2.e.4627"}]}
COMMAND: POST /session/a414a6ae85a434897fa1c9da3096b959/element - {"using":"css selector","value":"#shell-header-logo"}
COMMAND: GET /session/a414a6ae85a434897fa1c9da3096b959/screenshot - {}
RESULT: {"using":"css selector","value":"#shell-header-logo"}
COMMAND: POST /session/a414a6ae85a434897fa1c9da3096b959/execute/sync - {"script":"<script> [8489 bytes]","args":[{"element-6066-11e4-a52e-4f735466cecf":"f.63F842937ABE5650621AFC3910BCBB57.d.E55557B76BDF709A913A8979F8FFD6A2.e.4627","ELEMENT":"f.63F842937ABE5650621AFC3910BCBB57.d.E55557B76BDF709A913A8979F8FFD6A2.e.4627"}]}
RESULT: {}
RESULT: {"script":"<script> [8489 bytes]","args":[{"element-6066-11e4-a52e-4f735466cecf":"f.63F842937ABE5650621AFC3910BCBB57.d.E55557B76BDF709A913A8979F8FFD6A2.e.4627","ELEMENT":"f.63F842937ABE5650621AFC3910BCBB57.d.E55557B76BDF709A913A8979F8FFD6A2.e.4627"}]}
COMMAND: POST /session/a414a6ae85a434897fa1c9da3096b959/execute/sync - {"script":"<script> [5351 bytes]","args":[{"element-6066-11e4-a52e-4f735466cecf":"f.63F842937ABE5650621AFC3910BCBB57.d.E55557B76BDF709A913A8979F8FFD6A2.e.4627","ELEMENT":"f.63F842937ABE5650621AFC3910BCBB57.d.E55557B76BDF709A913A8979F8FFD6A2.e.4627"}]}
COMMAND: GET /session/a414a6ae85a434897fa1c9da3096b959/screenshot - {}
RESULT: {"script":"<script> [5351 bytes]","args":[{"element-6066-11e4-a52e-4f735466cecf":"f.63F842937ABE5650621AFC3910BCBB57.d.E55557B76BDF709A913A8979F8FFD6A2.e.4627","ELEMENT":"f.63F842937ABE5650621AFC3910BCBB57.d.E55557B76BDF709A913A8979F8FFD6A2.e.4627"}]}
COMMAND: POST /session/a414a6ae85a434897fa1c9da3096b959/element - {"using":"css selector","value":"#shell-header-logo"}
COMMAND: GET /session/a414a6ae85a434897fa1c9da3096b959/screenshot - {}
RESULT: {}
RESULT: {"using":"css selector","value":"#shell-header-logo"}
COMMAND: POST /session/a414a6ae85a434897fa1c9da3096b959/element/f.63F842937ABE5650621AFC3910BCBB57.d.E55557B76BDF709A913A8979F8FFD6A2.e.4627/click - {}
RESULT: {}
RESULT: {}
COMMAND: GET /session/a414a6ae85a434897fa1c9da3096b959/screenshot - {}
RESULT: {}
COMMAND: POST /session/a414a6ae85a434897fa1c9da3096b959/execute/async - {"script":"<script> [189 bytes]","args":[]}
RESULT: {"script":"<script> [189 bytes]","args":[]}
COMMAND: POST /session/a414a6ae85a434897fa1c9da3096b959/execute/async - {"script":"<script> [123 bytes]","args":[]}
RESULT: {"script":"<script> [123 bytes]","args":[]}
COMMAND: POST /session/a414a6ae85a434897fa1c9da3096b959/timeouts - {"script":"<number>"}
RESULT: {"script":"<number>"}
COMMAND: GET /session/a414a6ae85a434897fa1c9da3096b959/timeouts - {}
RESULT: {}
RESULT: undefined
COMMAND: POST /session/a414a6ae85a434897fa1c9da3096b959/execute/async - {"script":"<script> [2676 bytes]","args":[]}
RESULT: {"script":"<script> [2676 bytes]","args":[]}
COMMAND: POST /session/a414a6ae85a434897fa1c9da3096b959/execute/async - {"script":"<script> [2342 bytes]","args":[{"protocol":"http","hostname":"0.0.0.0","path":"/","capabilities":{"browserName":"chrome","goog:chromeOptions":{"binary":"C:\\Program Files\\Google\\Chrome\\Application\\chrome.exe","args":["--start-maximized"]}},"logLevel":"warn","connectionRetryTimeout":120000,"connectionRetryCount":3,"logLevels":{},"enableDirectConnect":true,"strictSSL":true,"_":"65 more keys: [\"cacheDir\",\"port\",\"requestedCapabilities\",\"automationProtocol\",\"baseUrl\",\"waitforInterval\",\"waitforTimeout\",\"onReload\",\"beforeCommand\",\"afterCommand\",\"rootDir\",\"specs\",\"suites\",\"exclude\",\"groupLogsByTestSpec\",\"excludeDriverLogs\",\"bail\",\"framework\",\"reporters\",\"services\",\"maxInstances\",\"maxInstancesPerCapability\",\"injectGlobals\",\"filesToWatch\",\"execArgv\",\"runnerEnv\",\"runner\",\"shard\",\"specFileRetries\",\"specFileRetriesDelay\",\"specFileRetriesDeferred\",\"reporterSyncInterval\",\"reporterSyncTimeout\",\"cucumberFeaturesWithLineNumbers\",\"autoCompileOpts\",\"mochaOpts\",\"jasmineOpts\",\"cucumberOpts\",\"onPrepare\",\"onWorkerStart\",\"onWorkerEnd\",\"before\",\"beforeSession\",\"beforeSuite\",\"beforeHook\",\"beforeTest\",\"afterTest\",\"afterHook\",\"afterSuite\",\"afterSession\",\"after\",\"onComplete\",\"beforeAssertion\",\"afterAssertion\",\"beforeFeature\",\"beforeScenario\",\"beforeStep\",\"afterStep\",\"afterScenario\",\"afterFeature\",\"_\",\"suite\",\"$0\",\"ignoredWorkerServices\",\"wdi5\"]"}]}
RESULT: {"script":"<script> [2342 bytes]","args":[{"protocol":"http","hostname":"0.0.0.0","path":"/","capabilities":{"browserName":"chrome","goog:chromeOptions":{"binary":"C:\\Program Files\\Google\\Chrome\\Application\\chrome.exe","args":["--start-maximized"]}},"logLevel":"warn","connectionRetryTimeout":120000,"connectionRetryCount":3,"logLevels":{},"enableDirectConnect":true,"strictSSL":true,"_":"65 more keys: [\"cacheDir\",\"port\",\"requestedCapabilities\",\"automationProtocol\",\"baseUrl\",\"waitforInterval\",\"waitforTimeout\",\"onReload\",\"beforeCommand\",\"afterCommand\",\"rootDir\",\"specs\",\"suites\",\"exclude\",\"groupLogsByTestSpec\",\"excludeDriverLogs\",\"bail\",\"framework\",\"reporters\",\"services\",\"maxInstances\",\"maxInstancesPerCapability\",\"injectGlobals\",\"filesToWatch\",\"execArgv\",\"runnerEnv\",\"runner\",\"shard\",\"specFileRetries\",\"specFileRetriesDelay\",\"specFileRetriesDeferred\",\"reporterSyncInterval\",\"reporterSyncTimeout\",\"cucumberFeaturesWithLineNumbers\",\"autoCompileOpts\",\"mochaOpts\",\"jasmineOpts\",\"cucumberOpts\",\"onPrepare\",\"onWorkerStart\",\"onWorkerEnd\",\"before\",\"beforeSession\",\"beforeSuite\",\"beforeHook\",\"beforeTest\",\"afterTest\",\"afterHook\",\"afterSuite\",\"afterSession\",\"after\",\"onComplete\",\"beforeAssertion\",\"afterAssertion\",\"beforeFeature\",\"beforeScenario\",\"beforeStep\",\"afterStep\",\"afterScenario\",\"afterFeature\",\"_\",\"suite\",\"$0\",\"ignoredWorkerServices\",\"wdi5\"]"}]}
COMMAND: POST /session/a414a6ae85a434897fa1c9da3096b959/execute/async - {"script":"<script> [21126 bytes]","args":[35000]}
RESULT: {"script":"<script> [21126 bytes]","args":[35000]}
COMMAND: POST /session/a414a6ae85a434897fa1c9da3096b959/window/maximize - {}
RESULT: {}
COMMAND: POST /session/a414a6ae85a434897fa1c9da3096b959/execute/async - {"script":"<script> [1562 bytes]","args":[{"selector":{"id":"shell-header","interaction":{"idSuffix":"icon"}},"wdio_ui5_key":"shellheader"}]}
COMMAND: GET /session/a414a6ae85a434897fa1c9da3096b959/screenshot - {}
RESULT: {"script":"<script> [1562 bytes]","args":[{"selector":{"id":"shell-header","interaction":{"idSuffix":"icon"}},"wdio_ui5_key":"shellheader"}]}
RESULT: undefined
COMMAND: POST /session/a414a6ae85a434897fa1c9da3096b959/window/fullscreen - {}
RESULT: {}
RESULT: {}
]]></system-out>
      <system-err><![CDATA[
Error: Can't call click on element with selector "//span[(text() = 'null' or . = 'null')]" because element wasn't found
    at async Context.<anonymous> (D:\a\1\s\test\specs\HTR\provide-to-site-w-warehouse-w-clarification.spec.js:381:9)
]]></system-err>
    </testcase>
  </testsuite>
  <testsuite timestamp="2025-05-30T16:42:51" time="162.507" tests="6" failures="0" errors="0" skipped="0">
    <properties>
      <property name="specId" value="0"/>
      <property name="suiteName" value="Provide to Site w/ warehouse management w/o clarification US113782 "/>
      <property name="capabilities" value="chrome.136_0_7103_93.windows"/>
      <property name="file" value="file:///D:/a/1/s/test/specs/HTR/provide-to-site-w-warehouse-wo-clarification.spec.js"/>
    </properties>
    <testcase classname="chrome.136_0_7103_93.windows.Provide_to_Site_w/_warehouse_management_w/o_clarification_US113782_" name="Should create a new WHM yard" time="0.017">
      <system-out><![CDATA[
COMMAND: POST /session/a414a6ae85a434897fa1c9da3096b959/window/fullscreen - {}
RESULT: {}
]]></system-out>
    </testcase>
    <testcase classname="chrome.136_0_7103_93.windows.Provide_to_Site_w/_warehouse_management_w/o_clarification_US113782_" name="Should create a new external WHM partner" time="0.005"/>
    <testcase classname="chrome.136_0_7103_93.windows.Provide_to_Site_w/_warehouse_management_w/o_clarification_US113782_" name="Should create a new WHM site" time="0.005"/>
    <testcase classname="chrome.136_0_7103_93.windows.Provide_to_Site_w/_warehouse_management_w/o_clarification_US113782_" name="Should create a new material" time="141.725">
      <system-out><![CDATA[
COMMAND: POST /session/a414a6ae85a434897fa1c9da3096b959/execute/async - {"script":"<script> [1562 bytes]","args":[{"selector":{"controlType":"sap.m.GenericTile","properties":{"header":"Manage Resources"}},"wdio_ui5_key":"sapm.GenericTile{\"header\":\"Manage Resources\"}"}]}
RESULT: {"script":"<script> [1562 bytes]","args":[{"selector":{"controlType":"sap.m.GenericTile","properties":{"header":"Manage Resources"}},"wdio_ui5_key":"sapm.GenericTile{\"header\":\"Manage Resources\"}"}]}
RESULT: undefined
COMMAND: POST /session/a414a6ae85a434897fa1c9da3096b959/element - {"using":"xpath","value":"//*[@id=\"__tile31\"]"}
RESULT: {"using":"xpath","value":"//*[@id=\"__tile31\"]"}
COMMAND: POST /session/a414a6ae85a434897fa1c9da3096b959/element/f.63F842937ABE5650621AFC3910BCBB57.d.E55557B76BDF709A913A8979F8FFD6A2.e.4646/click - {}
RESULT: {}
COMMAND: GET /session/a414a6ae85a434897fa1c9da3096b959/screenshot - {}
RESULT: {}
COMMAND: POST /session/a414a6ae85a434897fa1c9da3096b959/elements - {"using":"xpath","value":"//span[text()='Error']"}
RESULT: {"using":"xpath","value":"//span[text()='Error']"}
COMMAND: POST /session/a414a6ae85a434897fa1c9da3096b959/element - {"using":"xpath","value":"//button[@data-kt=\"addNewRUOverflowToolbarButton\"]"}
RESULT: {"using":"xpath","value":"//button[@data-kt=\"addNewRUOverflowToolbarButton\"]"}
COMMAND: POST /session/a414a6ae85a434897fa1c9da3096b959/elements - {"using":"xpath","value":"//button[@data-kt=\"addNewRUOverflowToolbarButton\"]"}
RESULT: {"using":"xpath","value":"//button[@data-kt=\"addNewRUOverflowToolbarButton\"]"}
COMMAND: POST /session/a414a6ae85a434897fa1c9da3096b959/elements - {"using":"xpath","value":"//button[@data-kt=\"addNewRUOverflowToolbarButton\"]"}
RESULT: {"using":"xpath","value":"//button[@data-kt=\"addNewRUOverflowToolbarButton\"]"}
COMMAND: POST /session/a414a6ae85a434897fa1c9da3096b959/element - {"using":"xpath","value":"//button[@data-kt=\"addNewRUOverflowToolbarButton\"]"}
RESULT: {"using":"xpath","value":"//button[@data-kt=\"addNewRUOverflowToolbarButton\"]"}
COMMAND: POST /session/a414a6ae85a434897fa1c9da3096b959/execute/sync - {"script":"<script> [8489 bytes]","args":[{"element-6066-11e4-a52e-4f735466cecf":"f.63F842937ABE5650621AFC3910BCBB57.d.E55557B76BDF709A913A8979F8FFD6A2.e.4785","ELEMENT":"f.63F842937ABE5650621AFC3910BCBB57.d.E55557B76BDF709A913A8979F8FFD6A2.e.4785"}]}
RESULT: {"script":"<script> [8489 bytes]","args":[{"element-6066-11e4-a52e-4f735466cecf":"f.63F842937ABE5650621AFC3910BCBB57.d.E55557B76BDF709A913A8979F8FFD6A2.e.4785","ELEMENT":"f.63F842937ABE5650621AFC3910BCBB57.d.E55557B76BDF709A913A8979F8FFD6A2.e.4785"}]}
COMMAND: GET /session/a414a6ae85a434897fa1c9da3096b959/element/f.63F842937ABE5650621AFC3910BCBB57.d.E55557B76BDF709A913A8979F8FFD6A2.e.4785/enabled - {}
COMMAND: GET /session/a414a6ae85a434897fa1c9da3096b959/screenshot - {}
RESULT: {}
COMMAND: POST /session/a414a6ae85a434897fa1c9da3096b959/execute/sync - {"script":"<script> [8489 bytes]","args":[{"element-6066-11e4-a52e-4f735466cecf":"f.63F842937ABE5650621AFC3910BCBB57.d.E55557B76BDF709A913A8979F8FFD6A2.e.4785","ELEMENT":"f.63F842937ABE5650621AFC3910BCBB57.d.E55557B76BDF709A913A8979F8FFD6A2.e.4785"}]}
COMMAND: GET /session/a414a6ae85a434897fa1c9da3096b959/screenshot - {}
RESULT: {}
RESULT: {"script":"<script> [8489 bytes]","args":[{"element-6066-11e4-a52e-4f735466cecf":"f.63F842937ABE5650621AFC3910BCBB57.d.E55557B76BDF709A913A8979F8FFD6A2.e.4785","ELEMENT":"f.63F842937ABE5650621AFC3910BCBB57.d.E55557B76BDF709A913A8979F8FFD6A2.e.4785"}]}
COMMAND: POST /session/a414a6ae85a434897fa1c9da3096b959/execute/sync - {"script":"<script> [5351 bytes]","args":[{"element-6066-11e4-a52e-4f735466cecf":"f.63F842937ABE5650621AFC3910BCBB57.d.E55557B76BDF709A913A8979F8FFD6A2.e.4785","ELEMENT":"f.63F842937ABE5650621AFC3910BCBB57.d.E55557B76BDF709A913A8979F8FFD6A2.e.4785"}]}
COMMAND: GET /session/a414a6ae85a434897fa1c9da3096b959/screenshot - {}
RESULT: {}
RESULT: {"script":"<script> [5351 bytes]","args":[{"element-6066-11e4-a52e-4f735466cecf":"f.63F842937ABE5650621AFC3910BCBB57.d.E55557B76BDF709A913A8979F8FFD6A2.e.4785","ELEMENT":"f.63F842937ABE5650621AFC3910BCBB57.d.E55557B76BDF709A913A8979F8FFD6A2.e.4785"}]}
COMMAND: POST /session/a414a6ae85a434897fa1c9da3096b959/element/f.63F842937ABE5650621AFC3910BCBB57.d.E55557B76BDF709A913A8979F8FFD6A2.e.4785/click - {}
COMMAND: GET /session/a414a6ae85a434897fa1c9da3096b959/screenshot - {}
RESULT: {}
RESULT: {}
COMMAND: GET /session/a414a6ae85a434897fa1c9da3096b959/screenshot - {}
RESULT: {}
RESULT: {}
COMMAND: POST /session/a414a6ae85a434897fa1c9da3096b959/execute/async - {"script":"<script> [1562 bytes]","args":[{"selector":{"id":"application-manageresources-display-component---newResourceUnit--TYPE-arrow"},"wdio_ui5_key":"applicationmanageresources-display-component---newResourceUnit--TYPE-arrow"}]}
RESULT: {"script":"<script> [1562 bytes]","args":[{"selector":{"id":"application-manageresources-display-component---newResourceUnit--TYPE-arrow"},"wdio_ui5_key":"applicationmanageresources-display-component---newResourceUnit--TYPE-arrow"}]}
RESULT: undefined
COMMAND: POST /session/a414a6ae85a434897fa1c9da3096b959/element - {"using":"xpath","value":"//*[@id=\"application-manageresources-display-component---newResourceUnit--TYPE-arrow\"]"}
RESULT: {"using":"xpath","value":"//*[@id=\"application-manageresources-display-component---newResourceUnit--TYPE-arrow\"]"}
COMMAND: POST /session/a414a6ae85a434897fa1c9da3096b959/element/f.63F842937ABE5650621AFC3910BCBB57.d.E55557B76BDF709A913A8979F8FFD6A2.e.5133/click - {}
RESULT: {}
COMMAND: POST /session/a414a6ae85a434897fa1c9da3096b959/element - {"using":"xpath","value":"//input[@id=\"application-manageresources-display-component---newResourceUnit--TYPE-inner\"]"}
COMMAND: GET /session/a414a6ae85a434897fa1c9da3096b959/screenshot - {}
RESULT: {"using":"xpath","value":"//input[@id=\"application-manageresources-display-component---newResourceUnit--TYPE-inner\"]"}
COMMAND: POST /session/a414a6ae85a434897fa1c9da3096b959/element/f.63F842937ABE5650621AFC3910BCBB57.d.E55557B76BDF709A913A8979F8FFD6A2.e.5127/clear - {}
RESULT: {}
RESULT: {}
COMMAND: POST /session/a414a6ae85a434897fa1c9da3096b959/element/f.63F842937ABE5650621AFC3910BCBB57.d.E55557B76BDF709A913A8979F8FFD6A2.e.5127/value - {"text":"Material"}
COMMAND: GET /session/a414a6ae85a434897fa1c9da3096b959/screenshot - {}
RESULT: {"text":"Material"}
COMMAND: GET /session/a414a6ae85a434897fa1c9da3096b959/screenshot - {}
RESULT: {}
RESULT: {}
COMMAND: POST /session/a414a6ae85a434897fa1c9da3096b959/actions - {"actions":[{"id":"action14","type":"key","parameters":{},"actions":[{"type":"keyDown","value":""},{"type":"pause","duration":10},{"type":"keyUp","value":""}]}]}
RESULT: {"actions":[{"id":"action14","type":"key","parameters":{},"actions":[{"type":"keyDown","value":""},{"type":"pause","duration":10},{"type":"keyUp","value":""}]}]}
COMMAND: POST /session/a414a6ae85a434897fa1c9da3096b959/execute/async - {"script":"<script> [1562 bytes]","args":[{"selector":{"id":"application-manageresources-display-component---newResourceUnit--SHORT_TEXT","interaction":{"idSuffix":"inner"}},"wdio_ui5_key":"applicationmanageresources-display-component---newResourceUnit--SHORT_TEXT"}]}
COMMAND: GET /session/a414a6ae85a434897fa1c9da3096b959/screenshot - {}
RESULT: {"script":"<script> [1562 bytes]","args":[{"selector":{"id":"application-manageresources-display-component---newResourceUnit--SHORT_TEXT","interaction":{"idSuffix":"inner"}},"wdio_ui5_key":"applicationmanageresources-display-component---newResourceUnit--SHORT_TEXT"}]}
RESULT: undefined
COMMAND: POST /session/a414a6ae85a434897fa1c9da3096b959/execute/async - {"script":"<script> [776 bytes]","args":[{"enterText":"Cement WDIO","selector":{"id":"application-manageresources-display-component---newResourceUnit--SHORT_TEXT","interaction":{"idSuffix":"inner"}},"clearTextFirst":true,"interactionType":"ENTER_TEXT"}]}
RESULT: {}
RESULT: {"script":"<script> [776 bytes]","args":[{"enterText":"Cement WDIO","selector":{"id":"application-manageresources-display-component---newResourceUnit--SHORT_TEXT","interaction":{"idSuffix":"inner"}},"clearTextFirst":true,"interactionType":"ENTER_TEXT"}]}
COMMAND: POST /session/a414a6ae85a434897fa1c9da3096b959/execute/async - {"script":"<script> [1562 bytes]","args":[{"selector":{"id":"application-manageresources-display-component---newResourceUnit--BASE_UNIT_OF_MEASURE","interaction":{"idSuffix":"inner"}},"wdio_ui5_key":"applicationmanageresources-display-component---newResourceUnit--BASE_UNIT_OF_MEASURE"}]}
RESULT: {"script":"<script> [1562 bytes]","args":[{"selector":{"id":"application-manageresources-display-component---newResourceUnit--BASE_UNIT_OF_MEASURE","interaction":{"idSuffix":"inner"}},"wdio_ui5_key":"applicationmanageresources-display-component---newResourceUnit--BASE_UNIT_OF_MEASURE"}]}
RESULT: undefined
COMMAND: POST /session/a414a6ae85a434897fa1c9da3096b959/execute/async - {"script":"<script> [776 bytes]","args":[{"enterText":"Piece","selector":{"id":"application-manageresources-display-component---newResourceUnit--BASE_UNIT_OF_MEASURE","interaction":{"idSuffix":"inner"}},"clearTextFirst":true,"interactionType":"ENTER_TEXT"}]}
RESULT: {"script":"<script> [776 bytes]","args":[{"enterText":"Piece","selector":{"id":"application-manageresources-display-component---newResourceUnit--BASE_UNIT_OF_MEASURE","interaction":{"idSuffix":"inner"}},"clearTextFirst":true,"interactionType":"ENTER_TEXT"}]}
COMMAND: POST /session/a414a6ae85a434897fa1c9da3096b959/execute/async - {"script":"<script> [1562 bytes]","args":[{"selector":{"id":"application-manageresources-display-component---newResourceUnit--WEIGHT_UNIT","interaction":{"idSuffix":"inner"}},"wdio_ui5_key":"applicationmanageresources-display-component---newResourceUnit--WEIGHT_UNIT"}]}
RESULT: {"script":"<script> [1562 bytes]","args":[{"selector":{"id":"application-manageresources-display-component---newResourceUnit--WEIGHT_UNIT","interaction":{"idSuffix":"inner"}},"wdio_ui5_key":"applicationmanageresources-display-component---newResourceUnit--WEIGHT_UNIT"}]}
RESULT: undefined
COMMAND: POST /session/a414a6ae85a434897fa1c9da3096b959/execute/async - {"script":"<script> [776 bytes]","args":[{"enterText":"Gram","selector":{"id":"application-manageresources-display-component---newResourceUnit--WEIGHT_UNIT","interaction":{"idSuffix":"inner"}},"clearTextFirst":true,"interactionType":"ENTER_TEXT"}]}
RESULT: {"script":"<script> [776 bytes]","args":[{"enterText":"Gram","selector":{"id":"application-manageresources-display-component---newResourceUnit--WEIGHT_UNIT","interaction":{"idSuffix":"inner"}},"clearTextFirst":true,"interactionType":"ENTER_TEXT"}]}
COMMAND: POST /session/a414a6ae85a434897fa1c9da3096b959/execute/async - {"script":"<script> [1562 bytes]","args":[{"selector":{"id":"application-manageresources-display-component---newResourceUnit--DIMENSION_UNIT","interaction":{"idSuffix":"inner"}},"wdio_ui5_key":"applicationmanageresources-display-component---newResourceUnit--DIMENSION_UNIT"}]}
RESULT: {"script":"<script> [1562 bytes]","args":[{"selector":{"id":"application-manageresources-display-component---newResourceUnit--DIMENSION_UNIT","interaction":{"idSuffix":"inner"}},"wdio_ui5_key":"applicationmanageresources-display-component---newResourceUnit--DIMENSION_UNIT"}]}
RESULT: undefined
COMMAND: POST /session/a414a6ae85a434897fa1c9da3096b959/execute/async - {"script":"<script> [776 bytes]","args":[{"enterText":"Meter","selector":{"id":"application-manageresources-display-component---newResourceUnit--DIMENSION_UNIT","interaction":{"idSuffix":"inner"}},"clearTextFirst":true,"interactionType":"ENTER_TEXT"}]}
RESULT: {"script":"<script> [776 bytes]","args":[{"enterText":"Meter","selector":{"id":"application-manageresources-display-component---newResourceUnit--DIMENSION_UNIT","interaction":{"idSuffix":"inner"}},"clearTextFirst":true,"interactionType":"ENTER_TEXT"}]}
COMMAND: POST /session/a414a6ae85a434897fa1c9da3096b959/execute/async - {"script":"<script> [1562 bytes]","args":[{"selector":{"id":"application-manageresources-display-component---newResourceUnit--newRRUPage-anchBar-application-manageresources-display-component---newResourceUnit--control-anchor","interaction":{"idSuffix":"BDI-content"}},"wdio_ui5_key":"applicationmanageresources-display-component---newResourceUnit--newRRUPage-anchBar-application-manageresources-display-component---newResourceUnit--control-anchor"}]}
RESULT: {"script":"<script> [1562 bytes]","args":[{"selector":{"id":"application-manageresources-display-component---newResourceUnit--newRRUPage-anchBar-application-manageresources-display-component---newResourceUnit--control-anchor","interaction":{"idSuffix":"BDI-content"}},"wdio_ui5_key":"applicationmanageresources-display-component---newResourceUnit--newRRUPage-anchBar-application-manageresources-display-component---newResourceUnit--control-anchor"}]}
RESULT: undefined
COMMAND: POST /session/a414a6ae85a434897fa1c9da3096b959/element - {"using":"xpath","value":"//*[@id=\"application-manageresources-display-component---newResourceUnit--newRRUPage-anchBar-application-manageresources-display-component---newResourceUnit--control-anchor\"]"}
RESULT: {"using":"xpath","value":"//*[@id=\"application-manageresources-display-component---newResourceUnit--newRRUPage-anchBar-application-manageresources-display-component---newResourceUnit--control-anchor\"]"}
COMMAND: POST /session/a414a6ae85a434897fa1c9da3096b959/element/f.63F842937ABE5650621AFC3910BCBB57.d.E55557B76BDF709A913A8979F8FFD6A2.e.5265/click - {}
RESULT: {}
COMMAND: POST /session/a414a6ae85a434897fa1c9da3096b959/execute/async - {"script":"<script> [1562 bytes]","args":[{"selector":{"id":"application-manageresources-display-component---newResourceUnit--PLANNING_GROUP","interaction":{"idSuffix":"inner"}},"wdio_ui5_key":"applicationmanageresources-display-component---newResourceUnit--PLANNING_GROUP"}]}
COMMAND: GET /session/a414a6ae85a434897fa1c9da3096b959/screenshot - {}
RESULT: {"script":"<script> [1562 bytes]","args":[{"selector":{"id":"application-manageresources-display-component---newResourceUnit--PLANNING_GROUP","interaction":{"idSuffix":"inner"}},"wdio_ui5_key":"applicationmanageresources-display-component---newResourceUnit--PLANNING_GROUP"}]}
RESULT: undefined
COMMAND: POST /session/a414a6ae85a434897fa1c9da3096b959/execute/async - {"script":"<script> [776 bytes]","args":[{"enterText":"Material","selector":{"id":"application-manageresources-display-component---newResourceUnit--PLANNING_GROUP","interaction":{"idSuffix":"inner"}},"clearTextFirst":true,"interactionType":"ENTER_TEXT"}]}
RESULT: {}
RESULT: {"script":"<script> [776 bytes]","args":[{"enterText":"Material","selector":{"id":"application-manageresources-display-component---newResourceUnit--PLANNING_GROUP","interaction":{"idSuffix":"inner"}},"clearTextFirst":true,"interactionType":"ENTER_TEXT"}]}
COMMAND: POST /session/a414a6ae85a434897fa1c9da3096b959/execute/async - {"script":"<script> [1562 bytes]","args":[{"selector":{"id":"application-manageresources-display-component---newResourceUnit--PLANNING_INDICATOR","interaction":{"idSuffix":"inner"}},"wdio_ui5_key":"applicationmanageresources-display-component---newResourceUnit--PLANNING_INDICATOR"}]}
RESULT: {"script":"<script> [1562 bytes]","args":[{"selector":{"id":"application-manageresources-display-component---newResourceUnit--PLANNING_INDICATOR","interaction":{"idSuffix":"inner"}},"wdio_ui5_key":"applicationmanageresources-display-component---newResourceUnit--PLANNING_INDICATOR"}]}
RESULT: undefined
COMMAND: POST /session/a414a6ae85a434897fa1c9da3096b959/execute/async - {"script":"<script> [776 bytes]","args":[{"enterText":"10 - infinite","selector":{"id":"application-manageresources-display-component---newResourceUnit--PLANNING_INDICATOR","interaction":{"idSuffix":"inner"}},"clearTextFirst":true,"interactionType":"ENTER_TEXT"}]}
RESULT: {"script":"<script> [776 bytes]","args":[{"enterText":"10 - infinite","selector":{"id":"application-manageresources-display-component---newResourceUnit--PLANNING_INDICATOR","interaction":{"idSuffix":"inner"}},"clearTextFirst":true,"interactionType":"ENTER_TEXT"}]}
COMMAND: POST /session/a414a6ae85a434897fa1c9da3096b959/element - {"using":"css selector","value":"#application-manageresources-display-component---newResourceUnit--btnAddTimeSegment"}
RESULT: {"using":"css selector","value":"#application-manageresources-display-component---newResourceUnit--btnAddTimeSegment"}
COMMAND: GET /session/a414a6ae85a434897fa1c9da3096b959/element/f.63F842937ABE5650621AFC3910BCBB57.d.E55557B76BDF709A913A8979F8FFD6A2.e.5275/rect - {}
RESULT: {}
COMMAND: GET /session/a414a6ae85a434897fa1c9da3096b959/window/rect - {}
RESULT: {}
COMMAND: POST /session/a414a6ae85a434897fa1c9da3096b959/execute/sync - {"script":"<script> [92 bytes]","args":[]}
RESULT: {"script":"<script> [92 bytes]","args":[]}
COMMAND: POST /session/a414a6ae85a434897fa1c9da3096b959/actions - {"actions":[{"id":"action15","type":"wheel","parameters":{},"actions":[{"type":"scroll","x":-1888,"y":-32,"deltaX":0,"deltaY":0,"duration":0,"origin":{"element-6066-11e4-a52e-4f735466cecf":"f.63F842937ABE5650621AFC3910BCBB57.d.E55557B76BDF709A913A8979F8FFD6A2.e.5275"}}]}]}
COMMAND: GET /session/a414a6ae85a434897fa1c9da3096b959/screenshot - {}
RESULT: {}
COMMAND: POST /session/a414a6ae85a434897fa1c9da3096b959/execute/sync - {"script":"<script> [79 bytes]","args":[{"element-6066-11e4-a52e-4f735466cecf":"f.63F842937ABE5650621AFC3910BCBB57.d.E55557B76BDF709A913A8979F8FFD6A2.e.5275","ELEMENT":"f.63F842937ABE5650621AFC3910BCBB57.d.E55557B76BDF709A913A8979F8FFD6A2.e.5275"},{"block":"start","inline":"nearest"}]}
RESULT: {"script":"<script> [79 bytes]","args":[{"element-6066-11e4-a52e-4f735466cecf":"f.63F842937ABE5650621AFC3910BCBB57.d.E55557B76BDF709A913A8979F8FFD6A2.e.5275","ELEMENT":"f.63F842937ABE5650621AFC3910BCBB57.d.E55557B76BDF709A913A8979F8FFD6A2.e.5275"},{"block":"start","inline":"nearest"}]}
COMMAND: POST /session/a414a6ae85a434897fa1c9da3096b959/execute/async - {"script":"<script> [1562 bytes]","args":[{"selector":{"id":"application-manageresources-display-component---newResourceUnit--btnAddTimeSegment","interaction":{"idSuffix":"inner"}},"wdio_ui5_key":"applicationmanageresources-display-component---newResourceUnit--btnAddTimeSegment"}]}
COMMAND: GET /session/a414a6ae85a434897fa1c9da3096b959/screenshot - {}
RESULT: {"script":"<script> [1562 bytes]","args":[{"selector":{"id":"application-manageresources-display-component---newResourceUnit--btnAddTimeSegment","interaction":{"idSuffix":"inner"}},"wdio_ui5_key":"applicationmanageresources-display-component---newResourceUnit--btnAddTimeSegment"}]}
RESULT: undefined
COMMAND: POST /session/a414a6ae85a434897fa1c9da3096b959/element - {"using":"xpath","value":"//*[@id=\"application-manageresources-display-component---newResourceUnit--btnAddTimeSegment\"]"}
RESULT: {}
RESULT: {"using":"xpath","value":"//*[@id=\"application-manageresources-display-component---newResourceUnit--btnAddTimeSegment\"]"}
COMMAND: POST /session/a414a6ae85a434897fa1c9da3096b959/element/f.63F842937ABE5650621AFC3910BCBB57.d.E55557B76BDF709A913A8979F8FFD6A2.e.5275/click - {}
RESULT: {}
COMMAND: GET /session/a414a6ae85a434897fa1c9da3096b959/screenshot - {}
RESULT: {}
COMMAND: POST /session/a414a6ae85a434897fa1c9da3096b959/element - {"using":"xpath","value":"//input[@id=\"application-manageresources-display-component---newResourceUnit--idRuTSAdmin-application-manageresources-display-component---newResourceUnit--RUTimeSegment-0-inner\"]"}
RESULT: {"using":"xpath","value":"//input[@id=\"application-manageresources-display-component---newResourceUnit--idRuTSAdmin-application-manageresources-display-component---newResourceUnit--RUTimeSegment-0-inner\"]"}
COMMAND: POST /session/a414a6ae85a434897fa1c9da3096b959/element/f.63F842937ABE5650621AFC3910BCBB57.d.E55557B76BDF709A913A8979F8FFD6A2.e.5280/clear - {}
RESULT: {}
COMMAND: POST /session/a414a6ae85a434897fa1c9da3096b959/element/f.63F842937ABE5650621AFC3910BCBB57.d.E55557B76BDF709A913A8979F8FFD6A2.e.5280/value - {"text":"497"}
COMMAND: GET /session/a414a6ae85a434897fa1c9da3096b959/screenshot - {}
RESULT: {"text":"497"}
COMMAND: GET /session/a414a6ae85a434897fa1c9da3096b959/screenshot - {}
RESULT: {}
RESULT: {}
COMMAND: POST /session/a414a6ae85a434897fa1c9da3096b959/element - {"using":"xpath","value":"//li[.//span[text()='497']]"}
RESULT: {"using":"xpath","value":"//li[.//span[text()='497']]"}
COMMAND: POST /session/a414a6ae85a434897fa1c9da3096b959/element/f.63F842937ABE5650621AFC3910BCBB57.d.E55557B76BDF709A913A8979F8FFD6A2.e.5289/click - {}
RESULT: {}
COMMAND: GET /session/a414a6ae85a434897fa1c9da3096b959/screenshot - {}
RESULT: {}
COMMAND: POST /session/a414a6ae85a434897fa1c9da3096b959/element - {"using":"xpath","value":"(//span[contains(@id, \"-application-manageresources-display-component---newResourceUnit--RUTimeSegment-0-arrow\")])[2]"}
RESULT: {"using":"xpath","value":"(//span[contains(@id, \"-application-manageresources-display-component---newResourceUnit--RUTimeSegment-0-arrow\")])[2]"}
COMMAND: POST /session/a414a6ae85a434897fa1c9da3096b959/element/f.63F842937ABE5650621AFC3910BCBB57.d.E55557B76BDF709A913A8979F8FFD6A2.e.5290/click - {}
RESULT: {}
COMMAND: POST /session/a414a6ae85a434897fa1c9da3096b959/element - {"using":"xpath","value":"//span[contains(text(), \"PM Order\")]"}
COMMAND: GET /session/a414a6ae85a434897fa1c9da3096b959/screenshot - {}
RESULT: {"using":"xpath","value":"//span[contains(text(), \"PM Order\")]"}
COMMAND: POST /session/a414a6ae85a434897fa1c9da3096b959/element/f.63F842937ABE5650621AFC3910BCBB57.d.E55557B76BDF709A913A8979F8FFD6A2.e.5291/click - {}
RESULT: {}
RESULT: {}
COMMAND: GET /session/a414a6ae85a434897fa1c9da3096b959/screenshot - {}
RESULT: {}
COMMAND: POST /session/a414a6ae85a434897fa1c9da3096b959/element - {"using":"xpath","value":"//td/div/div/div/span[contains(@id, \"newResourceUnit--RUTimeSegment-0-vhi\")][1]"}
RESULT: {"using":"xpath","value":"//td/div/div/div/span[contains(@id, \"newResourceUnit--RUTimeSegment-0-vhi\")][1]"}
COMMAND: GET /session/a414a6ae85a434897fa1c9da3096b959/element/f.63F842937ABE5650621AFC3910BCBB57.d.E55557B76BDF709A913A8979F8FFD6A2.e.5295/rect - {}
RESULT: {}
COMMAND: GET /session/a414a6ae85a434897fa1c9da3096b959/window/rect - {}
RESULT: {}
COMMAND: POST /session/a414a6ae85a434897fa1c9da3096b959/execute/sync - {"script":"<script> [92 bytes]","args":[]}
RESULT: {"script":"<script> [92 bytes]","args":[]}
COMMAND: POST /session/a414a6ae85a434897fa1c9da3096b959/actions - {"actions":[{"id":"action16","type":"wheel","parameters":{},"actions":[{"type":"scroll","x":-1888,"y":-24,"deltaX":0,"deltaY":0,"duration":0,"origin":{"element-6066-11e4-a52e-4f735466cecf":"f.63F842937ABE5650621AFC3910BCBB57.d.E55557B76BDF709A913A8979F8FFD6A2.e.5295"}}]}]}
COMMAND: GET /session/a414a6ae85a434897fa1c9da3096b959/screenshot - {}
RESULT: {}
COMMAND: POST /session/a414a6ae85a434897fa1c9da3096b959/execute/sync - {"script":"<script> [79 bytes]","args":[{"element-6066-11e4-a52e-4f735466cecf":"f.63F842937ABE5650621AFC3910BCBB57.d.E55557B76BDF709A913A8979F8FFD6A2.e.5295","ELEMENT":"f.63F842937ABE5650621AFC3910BCBB57.d.E55557B76BDF709A913A8979F8FFD6A2.e.5295"},{"block":"start","inline":"nearest"}]}
RESULT: {"script":"<script> [79 bytes]","args":[{"element-6066-11e4-a52e-4f735466cecf":"f.63F842937ABE5650621AFC3910BCBB57.d.E55557B76BDF709A913A8979F8FFD6A2.e.5295","ELEMENT":"f.63F842937ABE5650621AFC3910BCBB57.d.E55557B76BDF709A913A8979F8FFD6A2.e.5295"},{"block":"start","inline":"nearest"}]}
COMMAND: GET /session/a414a6ae85a434897fa1c9da3096b959/screenshot - {}
RESULT: {}
COMMAND: POST /session/a414a6ae85a434897fa1c9da3096b959/element/f.63F842937ABE5650621AFC3910BCBB57.d.E55557B76BDF709A913A8979F8FFD6A2.e.5295/click - {}
RESULT: {}
COMMAND: GET /session/a414a6ae85a434897fa1c9da3096b959/screenshot - {}
RESULT: {}
COMMAND: POST /session/a414a6ae85a434897fa1c9da3096b959/execute/async - {"script":"<script> [1562 bytes]","args":[{"selector":{"controlType":"sap.m.SearchField","properties":{"placeholder":"Search"},"searchOpenDialogs":true,"interaction":{"idSuffix":"I"}},"wdio_ui5_key":"sapm.SearchField{\"placeholder\":\"Search\"}"}]}
RESULT: {"script":"<script> [1562 bytes]","args":[{"selector":{"controlType":"sap.m.SearchField","properties":{"placeholder":"Search"},"searchOpenDialogs":true,"interaction":{"idSuffix":"I"}},"wdio_ui5_key":"sapm.SearchField{\"placeholder\":\"Search\"}"}]}
RESULT: undefined
COMMAND: POST /session/a414a6ae85a434897fa1c9da3096b959/execute/async - {"script":"<script> [776 bytes]","args":[{"enterText":"4000360","selector":{"controlType":"sap.m.SearchField","properties":{"placeholder":"Search"},"searchOpenDialogs":true,"interaction":{"idSuffix":"I"}},"clearTextFirst":true,"interactionType":"ENTER_TEXT"}]}
RESULT: {"script":"<script> [776 bytes]","args":[{"enterText":"4000360","selector":{"controlType":"sap.m.SearchField","properties":{"placeholder":"Search"},"searchOpenDialogs":true,"interaction":{"idSuffix":"I"}},"clearTextFirst":true,"interactionType":"ENTER_TEXT"}]}
COMMAND: POST /session/a414a6ae85a434897fa1c9da3096b959/actions - {"actions":[{"id":"action17","type":"key","parameters":{},"actions":[{"type":"keyDown","value":""},{"type":"pause","duration":10},{"type":"keyUp","value":""}]}]}
RESULT: {"actions":[{"id":"action17","type":"key","parameters":{},"actions":[{"type":"keyDown","value":""},{"type":"pause","duration":10},{"type":"keyUp","value":""}]}]}
COMMAND: GET /session/a414a6ae85a434897fa1c9da3096b959/screenshot - {}
RESULT: {}
COMMAND: POST /session/a414a6ae85a434897fa1c9da3096b959/element - {"using":"xpath","value":"//td/div/span[contains(text(), \"BGL Vehicles\")]"}
RESULT: {"using":"xpath","value":"//td/div/span[contains(text(), \"BGL Vehicles\")]"}
COMMAND: POST /session/a414a6ae85a434897fa1c9da3096b959/element/f.63F842937ABE5650621AFC3910BCBB57.d.E55557B76BDF709A913A8979F8FFD6A2.e.5316/click - {}
RESULT: {}
COMMAND: GET /session/a414a6ae85a434897fa1c9da3096b959/screenshot - {}
RESULT: {}
COMMAND: POST /session/a414a6ae85a434897fa1c9da3096b959/element - {"using":"xpath","value":"//bdi[contains(text(), \"OK\")]"}
RESULT: {"using":"xpath","value":"//bdi[contains(text(), \"OK\")]"}
COMMAND: POST /session/a414a6ae85a434897fa1c9da3096b959/element/f.63F842937ABE5650621AFC3910BCBB57.d.E55557B76BDF709A913A8979F8FFD6A2.e.5317/click - {}
RESULT: {}
COMMAND: GET /session/a414a6ae85a434897fa1c9da3096b959/screenshot - {}
RESULT: {}
COMMAND: POST /session/a414a6ae85a434897fa1c9da3096b959/element - {"using":"xpath","value":"//label[contains(@class, 'sapMLabelRequired') and .//bdi[contains(text(), 'Planned Retirement')]]"}
RESULT: {"using":"xpath","value":"//label[contains(@class, 'sapMLabelRequired') and .//bdi[contains(text(), 'Planned Retirement')]]"}
COMMAND: POST /session/a414a6ae85a434897fa1c9da3096b959/elements - {"using":"xpath","value":"//label[contains(@class, 'sapMLabelRequired') and .//bdi[contains(text(), 'Planned Retirement')]]"}
RESULT: {"using":"xpath","value":"//label[contains(@class, 'sapMLabelRequired') and .//bdi[contains(text(), 'Planned Retirement')]]"}
COMMAND: POST /session/a414a6ae85a434897fa1c9da3096b959/element - {"using":"xpath","value":"//button[@data-kt=\"resourceUnitSaveButton\"]"}
RESULT: {"using":"xpath","value":"//button[@data-kt=\"resourceUnitSaveButton\"]"}
COMMAND: POST /session/a414a6ae85a434897fa1c9da3096b959/element/f.63F842937ABE5650621AFC3910BCBB57.d.E55557B76BDF709A913A8979F8FFD6A2.e.5151/click - {}
RESULT: {}
COMMAND: GET /session/a414a6ae85a434897fa1c9da3096b959/screenshot - {}
RESULT: {}
COMMAND: POST /session/a414a6ae85a434897fa1c9da3096b959/element - {"using":"xpath","value":"//bdi[contains(text(), \"Close\")]"}
RESULT: {"using":"xpath","value":"//bdi[contains(text(), \"Close\")]"}
COMMAND: POST /session/a414a6ae85a434897fa1c9da3096b959/element/f.63F842937ABE5650621AFC3910BCBB57.d.E55557B76BDF709A913A8979F8FFD6A2.e.5324/click - {}
RESULT: {}
COMMAND: GET /session/a414a6ae85a434897fa1c9da3096b959/screenshot - {}
RESULT: {}
COMMAND: POST /session/a414a6ae85a434897fa1c9da3096b959/element - {"using":"xpath","value":"//header[contains(@id, 'detailRruPage-headerTitle')]/div[1]/div[2]/div[2]/span[1]"}
RESULT: {"using":"xpath","value":"//header[contains(@id, 'detailRruPage-headerTitle')]/div[1]/div[2]/div[2]/span[1]"}
COMMAND: POST /session/a414a6ae85a434897fa1c9da3096b959/elements - {"using":"xpath","value":"//header[contains(@id, 'detailRruPage-headerTitle')]/div[1]/div[2]/div[2]/span[1]"}
RESULT: {"using":"xpath","value":"//header[contains(@id, 'detailRruPage-headerTitle')]/div[1]/div[2]/div[2]/span[1]"}
COMMAND: POST /session/a414a6ae85a434897fa1c9da3096b959/execute/sync - {"script":"<script> [56 bytes]","args":[{"element-6066-11e4-a52e-4f735466cecf":"f.63F842937ABE5650621AFC3910BCBB57.d.E55557B76BDF709A913A8979F8FFD6A2.e.5353","ELEMENT":"f.63F842937ABE5650621AFC3910BCBB57.d.E55557B76BDF709A913A8979F8FFD6A2.e.5353"}]}
RESULT: {"script":"<script> [56 bytes]","args":[{"element-6066-11e4-a52e-4f735466cecf":"f.63F842937ABE5650621AFC3910BCBB57.d.E55557B76BDF709A913A8979F8FFD6A2.e.5353","ELEMENT":"f.63F842937ABE5650621AFC3910BCBB57.d.E55557B76BDF709A913A8979F8FFD6A2.e.5353"}]}
COMMAND: POST /session/a414a6ae85a434897fa1c9da3096b959/element - {"using":"css selector","value":"#shell-header-logo"}
COMMAND: GET /session/a414a6ae85a434897fa1c9da3096b959/screenshot - {}
RESULT: {"using":"css selector","value":"#shell-header-logo"}
COMMAND: POST /session/a414a6ae85a434897fa1c9da3096b959/element/f.63F842937ABE5650621AFC3910BCBB57.d.E55557B76BDF709A913A8979F8FFD6A2.e.4627/click - {}
RESULT: {}
RESULT: {}
COMMAND: GET /session/a414a6ae85a434897fa1c9da3096b959/screenshot - {}
RESULT: {}
]]></system-out>
    </testcase>
    <testcase classname="chrome.136_0_7103_93.windows.Provide_to_Site_w/_warehouse_management_w/o_clarification_US113782_" name="Bin Status Report Should Create New Organization yard" time="0.005"/>
    <testcase classname="chrome.136_0_7103_93.windows.Provide_to_Site_w/_warehouse_management_w/o_clarification_US113782_" name="Bin Status Report Should Create New Organization for Site" time="0.004"/>
  </testsuite>
  <testsuite timestamp="2025-05-30T16:45:34" time="307.055" tests="5" failures="5" errors="5" skipped="0">
    <properties>
      <property name="specId" value="0"/>
      <property name="suiteName" value="Provide to Site w/ warehouse management wo clarification"/>
      <property name="capabilities" value="chrome.136_0_7103_93.windows"/>
      <property name="file" value="file:///D:/a/1/s/test/specs/HTR/provide-to-site-w-warehouse-wo-clarification.spec.js"/>
    </properties>
    <testcase classname="chrome.136_0_7103_93.windows.Provide_to_Site_w/_warehouse_management_wo_clarification" name="Should do a stock increase handover" time="91.319">
      <failure/>
      <error message="Can't call click on element with selector &quot;//li[.//span[contains(text(),'497 -')]]&quot; because element wasn't found"/>
      <system-out><![CDATA[
COMMAND: POST /session/a414a6ae85a434897fa1c9da3096b959/execute/async - {"script":"<script> [1562 bytes]","args":[{"selector":{"controlType":"sap.m.GenericTile","properties":{"header":"Manage Handovers"}},"wdio_ui5_key":"sapm.GenericTile{\"header\":\"Manage Handovers\"}"}]}
RESULT: {"script":"<script> [1562 bytes]","args":[{"selector":{"controlType":"sap.m.GenericTile","properties":{"header":"Manage Handovers"}},"wdio_ui5_key":"sapm.GenericTile{\"header\":\"Manage Handovers\"}"}]}
RESULT: undefined
COMMAND: POST /session/a414a6ae85a434897fa1c9da3096b959/element - {"using":"xpath","value":"//*[@id=\"__tile132\"]"}
RESULT: {"using":"xpath","value":"//*[@id=\"__tile132\"]"}
COMMAND: POST /session/a414a6ae85a434897fa1c9da3096b959/element/f.63F842937ABE5650621AFC3910BCBB57.d.E55557B76BDF709A913A8979F8FFD6A2.e.4673/click - {}
RESULT: {}
COMMAND: GET /session/a414a6ae85a434897fa1c9da3096b959/screenshot - {}
RESULT: {}
COMMAND: POST /session/a414a6ae85a434897fa1c9da3096b959/elements - {"using":"xpath","value":"//span[text()='Error']"}
RESULT: {"using":"xpath","value":"//span[text()='Error']"}
COMMAND: POST /session/a414a6ae85a434897fa1c9da3096b959/element - {"using":"xpath","value":"//button[@data-kt=\"masterHOAddButton\"]"}
RESULT: {"using":"xpath","value":"//button[@data-kt=\"masterHOAddButton\"]"}
COMMAND: POST /session/a414a6ae85a434897fa1c9da3096b959/elements - {"using":"xpath","value":"//button[@data-kt=\"masterHOAddButton\"]"}
RESULT: {"using":"xpath","value":"//button[@data-kt=\"masterHOAddButton\"]"}
COMMAND: POST /session/a414a6ae85a434897fa1c9da3096b959/execute/sync - {"script":"<script> [8489 bytes]","args":[{"element-6066-11e4-a52e-4f735466cecf":"f.63F842937ABE5650621AFC3910BCBB57.d.E55557B76BDF709A913A8979F8FFD6A2.e.5395","ELEMENT":"f.63F842937ABE5650621AFC3910BCBB57.d.E55557B76BDF709A913A8979F8FFD6A2.e.5395"}]}
RESULT: {"script":"<script> [8489 bytes]","args":[{"element-6066-11e4-a52e-4f735466cecf":"f.63F842937ABE5650621AFC3910BCBB57.d.E55557B76BDF709A913A8979F8FFD6A2.e.5395","ELEMENT":"f.63F842937ABE5650621AFC3910BCBB57.d.E55557B76BDF709A913A8979F8FFD6A2.e.5395"}]}
COMMAND: GET /session/a414a6ae85a434897fa1c9da3096b959/element/f.63F842937ABE5650621AFC3910BCBB57.d.E55557B76BDF709A913A8979F8FFD6A2.e.5395/enabled - {}
COMMAND: GET /session/a414a6ae85a434897fa1c9da3096b959/screenshot - {}
RESULT: {}
COMMAND: POST /session/a414a6ae85a434897fa1c9da3096b959/execute/sync - {"script":"<script> [8489 bytes]","args":[{"element-6066-11e4-a52e-4f735466cecf":"f.63F842937ABE5650621AFC3910BCBB57.d.E55557B76BDF709A913A8979F8FFD6A2.e.5395","ELEMENT":"f.63F842937ABE5650621AFC3910BCBB57.d.E55557B76BDF709A913A8979F8FFD6A2.e.5395"}]}
COMMAND: GET /session/a414a6ae85a434897fa1c9da3096b959/screenshot - {}
RESULT: {}
RESULT: {"script":"<script> [8489 bytes]","args":[{"element-6066-11e4-a52e-4f735466cecf":"f.63F842937ABE5650621AFC3910BCBB57.d.E55557B76BDF709A913A8979F8FFD6A2.e.5395","ELEMENT":"f.63F842937ABE5650621AFC3910BCBB57.d.E55557B76BDF709A913A8979F8FFD6A2.e.5395"}]}
COMMAND: POST /session/a414a6ae85a434897fa1c9da3096b959/execute/sync - {"script":"<script> [5351 bytes]","args":[{"element-6066-11e4-a52e-4f735466cecf":"f.63F842937ABE5650621AFC3910BCBB57.d.E55557B76BDF709A913A8979F8FFD6A2.e.5395","ELEMENT":"f.63F842937ABE5650621AFC3910BCBB57.d.E55557B76BDF709A913A8979F8FFD6A2.e.5395"}]}
COMMAND: GET /session/a414a6ae85a434897fa1c9da3096b959/screenshot - {}
RESULT: {}
RESULT: {"script":"<script> [5351 bytes]","args":[{"element-6066-11e4-a52e-4f735466cecf":"f.63F842937ABE5650621AFC3910BCBB57.d.E55557B76BDF709A913A8979F8FFD6A2.e.5395","ELEMENT":"f.63F842937ABE5650621AFC3910BCBB57.d.E55557B76BDF709A913A8979F8FFD6A2.e.5395"}]}
COMMAND: POST /session/a414a6ae85a434897fa1c9da3096b959/element/f.63F842937ABE5650621AFC3910BCBB57.d.E55557B76BDF709A913A8979F8FFD6A2.e.5395/click - {}
COMMAND: GET /session/a414a6ae85a434897fa1c9da3096b959/screenshot - {}
RESULT: {}
RESULT: {}
COMMAND: GET /session/a414a6ae85a434897fa1c9da3096b959/screenshot - {}
RESULT: {}
COMMAND: POST /session/a414a6ae85a434897fa1c9da3096b959/element - {"using":"xpath","value":"//span[contains(@id ,\"AddNewHO--typeSelect-arrow\")]"}
RESULT: {}
RESULT: {"using":"xpath","value":"//span[contains(@id ,\"AddNewHO--typeSelect-arrow\")]"}
COMMAND: POST /session/a414a6ae85a434897fa1c9da3096b959/element/f.63F842937ABE5650621AFC3910BCBB57.d.E55557B76BDF709A913A8979F8FFD6A2.e.5731/click - {}
RESULT: {}
COMMAND: GET /session/a414a6ae85a434897fa1c9da3096b959/screenshot - {}
RESULT: {}
COMMAND: POST /session/a414a6ae85a434897fa1c9da3096b959/element - {"using":"xpath","value":"(//li[contains(text(), \"stock increase yard\")])[1]"}
RESULT: {"using":"xpath","value":"(//li[contains(text(), \"stock increase yard\")])[1]"}
COMMAND: POST /session/a414a6ae85a434897fa1c9da3096b959/element/f.63F842937ABE5650621AFC3910BCBB57.d.E55557B76BDF709A913A8979F8FFD6A2.e.5732/click - {}
RESULT: {}
COMMAND: GET /session/a414a6ae85a434897fa1c9da3096b959/screenshot - {}
RESULT: {}
COMMAND: POST /session/a414a6ae85a434897fa1c9da3096b959/execute/async - {"script":"<script> [1562 bytes]","args":[{"selector":{"id":"application-managehandovers-display-component---AddNewHO--dueDate","interaction":{"idSuffix":"inner"}},"wdio_ui5_key":"applicationmanagehandovers-display-component---AddNewHO--dueDate"}]}
RESULT: {"script":"<script> [1562 bytes]","args":[{"selector":{"id":"application-managehandovers-display-component---AddNewHO--dueDate","interaction":{"idSuffix":"inner"}},"wdio_ui5_key":"applicationmanagehandovers-display-component---AddNewHO--dueDate"}]}
RESULT: undefined
COMMAND: POST /session/a414a6ae85a434897fa1c9da3096b959/execute/async - {"script":"<script> [6424 bytes]","args":[{"element-6066-11e4-a52e-4f735466cecf":"f.63F842937ABE5650621AFC3910BCBB57.d.E55557B76BDF709A913A8979F8FFD6A2.e.5734"},"setValue",["5/30/25"]]}
RESULT: {"script":"<script> [6424 bytes]","args":[{"element-6066-11e4-a52e-4f735466cecf":"f.63F842937ABE5650621AFC3910BCBB57.d.E55557B76BDF709A913A8979F8FFD6A2.e.5734"},"setValue",["5/30/25"]]}
COMMAND: POST /session/a414a6ae85a434897fa1c9da3096b959/element - {"using":"xpath","value":"//input[@id=\"generalSectionFrg--receiveYard-inner\"]"}
RESULT: {"using":"xpath","value":"//input[@id=\"generalSectionFrg--receiveYard-inner\"]"}
COMMAND: POST /session/a414a6ae85a434897fa1c9da3096b959/element/f.63F842937ABE5650621AFC3910BCBB57.d.E55557B76BDF709A913A8979F8FFD6A2.e.5740/clear - {}
RESULT: {}
COMMAND: POST /session/a414a6ae85a434897fa1c9da3096b959/element/f.63F842937ABE5650621AFC3910BCBB57.d.E55557B76BDF709A913A8979F8FFD6A2.e.5740/value - {"text":"497"}
COMMAND: GET /session/a414a6ae85a434897fa1c9da3096b959/screenshot - {}
RESULT: {"text":"497"}
COMMAND: GET /session/a414a6ae85a434897fa1c9da3096b959/screenshot - {}
RESULT: {}
RESULT: {}
COMMAND: POST /session/a414a6ae85a434897fa1c9da3096b959/element - {"using":"xpath","value":"//li[.//span[contains(text(),'497 -')]]"}
RESULT: {"using":"xpath","value":"//li[.//span[contains(text(),'497 -')]]"}
COMMAND: POST /session/a414a6ae85a434897fa1c9da3096b959/elements - {"using":"xpath","value":"//li[.//span[contains(text(),'497 -')]]"}
RESULT: {"using":"xpath","value":"//li[.//span[contains(text(),'497 -')]]"}
COMMAND: POST /session/a414a6ae85a434897fa1c9da3096b959/elements - {"using":"xpath","value":"//li[.//span[contains(text(),'497 -')]]"}
RESULT: {"using":"xpath","value":"//li[.//span[contains(text(),'497 -')]]"}
COMMAND: POST /session/a414a6ae85a434897fa1c9da3096b959/elements - {"using":"xpath","value":"//li[.//span[contains(text(),'497 -')]]"}
RESULT: {"using":"xpath","value":"//li[.//span[contains(text(),'497 -')]]"}
COMMAND: POST /session/a414a6ae85a434897fa1c9da3096b959/elements - {"using":"xpath","value":"//li[.//span[contains(text(),'497 -')]]"}
RESULT: {"using":"xpath","value":"//li[.//span[contains(text(),'497 -')]]"}
COMMAND: POST /session/a414a6ae85a434897fa1c9da3096b959/elements - {"using":"xpath","value":"//li[.//span[contains(text(),'497 -')]]"}
RESULT: {"using":"xpath","value":"//li[.//span[contains(text(),'497 -')]]"}
COMMAND: POST /session/a414a6ae85a434897fa1c9da3096b959/elements - {"using":"xpath","value":"//li[.//span[contains(text(),'497 -')]]"}
RESULT: {"using":"xpath","value":"//li[.//span[contains(text(),'497 -')]]"}
COMMAND: POST /session/a414a6ae85a434897fa1c9da3096b959/elements - {"using":"xpath","value":"//li[.//span[contains(text(),'497 -')]]"}
RESULT: {"using":"xpath","value":"//li[.//span[contains(text(),'497 -')]]"}
COMMAND: POST /session/a414a6ae85a434897fa1c9da3096b959/elements - {"using":"xpath","value":"//li[.//span[contains(text(),'497 -')]]"}
RESULT: {"using":"xpath","value":"//li[.//span[contains(text(),'497 -')]]"}
COMMAND: POST /session/a414a6ae85a434897fa1c9da3096b959/elements - {"using":"xpath","value":"//li[.//span[contains(text(),'497 -')]]"}
RESULT: {"using":"xpath","value":"//li[.//span[contains(text(),'497 -')]]"}
COMMAND: POST /session/a414a6ae85a434897fa1c9da3096b959/elements - {"using":"xpath","value":"//li[.//span[contains(text(),'497 -')]]"}
RESULT: {"using":"xpath","value":"//li[.//span[contains(text(),'497 -')]]"}
COMMAND: POST /session/a414a6ae85a434897fa1c9da3096b959/elements - {"using":"xpath","value":"//li[.//span[contains(text(),'497 -')]]"}
RESULT: {"using":"xpath","value":"//li[.//span[contains(text(),'497 -')]]"}
COMMAND: POST /session/a414a6ae85a434897fa1c9da3096b959/elements - {"using":"xpath","value":"//li[.//span[contains(text(),'497 -')]]"}
RESULT: {"using":"xpath","value":"//li[.//span[contains(text(),'497 -')]]"}
COMMAND: POST /session/a414a6ae85a434897fa1c9da3096b959/elements - {"using":"xpath","value":"//li[.//span[contains(text(),'497 -')]]"}
RESULT: {"using":"xpath","value":"//li[.//span[contains(text(),'497 -')]]"}
COMMAND: POST /session/a414a6ae85a434897fa1c9da3096b959/elements - {"using":"xpath","value":"//li[.//span[contains(text(),'497 -')]]"}
RESULT: {"using":"xpath","value":"//li[.//span[contains(text(),'497 -')]]"}
COMMAND: POST /session/a414a6ae85a434897fa1c9da3096b959/elements - {"using":"xpath","value":"//li[.//span[contains(text(),'497 -')]]"}
RESULT: {"using":"xpath","value":"//li[.//span[contains(text(),'497 -')]]"}
COMMAND: POST /session/a414a6ae85a434897fa1c9da3096b959/elements - {"using":"xpath","value":"//li[.//span[contains(text(),'497 -')]]"}
RESULT: {"using":"xpath","value":"//li[.//span[contains(text(),'497 -')]]"}
COMMAND: POST /session/a414a6ae85a434897fa1c9da3096b959/elements - {"using":"xpath","value":"//li[.//span[contains(text(),'497 -')]]"}
RESULT: {"using":"xpath","value":"//li[.//span[contains(text(),'497 -')]]"}
COMMAND: POST /session/a414a6ae85a434897fa1c9da3096b959/elements - {"using":"xpath","value":"//li[.//span[contains(text(),'497 -')]]"}
RESULT: {"using":"xpath","value":"//li[.//span[contains(text(),'497 -')]]"}
COMMAND: POST /session/a414a6ae85a434897fa1c9da3096b959/elements - {"using":"xpath","value":"//li[.//span[contains(text(),'497 -')]]"}
RESULT: {"using":"xpath","value":"//li[.//span[contains(text(),'497 -')]]"}
COMMAND: POST /session/a414a6ae85a434897fa1c9da3096b959/elements - {"using":"xpath","value":"//li[.//span[contains(text(),'497 -')]]"}
RESULT: {"using":"xpath","value":"//li[.//span[contains(text(),'497 -')]]"}
COMMAND: POST /session/a414a6ae85a434897fa1c9da3096b959/elements - {"using":"xpath","value":"//li[.//span[contains(text(),'497 -')]]"}
RESULT: {"using":"xpath","value":"//li[.//span[contains(text(),'497 -')]]"}
COMMAND: POST /session/a414a6ae85a434897fa1c9da3096b959/elements - {"using":"xpath","value":"//li[.//span[contains(text(),'497 -')]]"}
RESULT: {"using":"xpath","value":"//li[.//span[contains(text(),'497 -')]]"}
COMMAND: POST /session/a414a6ae85a434897fa1c9da3096b959/elements - {"using":"xpath","value":"//li[.//span[contains(text(),'497 -')]]"}
RESULT: {"using":"xpath","value":"//li[.//span[contains(text(),'497 -')]]"}
COMMAND: POST /session/a414a6ae85a434897fa1c9da3096b959/elements - {"using":"xpath","value":"//li[.//span[contains(text(),'497 -')]]"}
RESULT: {"using":"xpath","value":"//li[.//span[contains(text(),'497 -')]]"}
COMMAND: POST /session/a414a6ae85a434897fa1c9da3096b959/elements - {"using":"xpath","value":"//li[.//span[contains(text(),'497 -')]]"}
RESULT: {"using":"xpath","value":"//li[.//span[contains(text(),'497 -')]]"}
COMMAND: POST /session/a414a6ae85a434897fa1c9da3096b959/elements - {"using":"xpath","value":"//li[.//span[contains(text(),'497 -')]]"}
RESULT: {"using":"xpath","value":"//li[.//span[contains(text(),'497 -')]]"}
COMMAND: POST /session/a414a6ae85a434897fa1c9da3096b959/elements - {"using":"xpath","value":"//li[.//span[contains(text(),'497 -')]]"}
RESULT: {"using":"xpath","value":"//li[.//span[contains(text(),'497 -')]]"}
COMMAND: POST /session/a414a6ae85a434897fa1c9da3096b959/elements - {"using":"xpath","value":"//li[.//span[contains(text(),'497 -')]]"}
RESULT: {"using":"xpath","value":"//li[.//span[contains(text(),'497 -')]]"}
COMMAND: POST /session/a414a6ae85a434897fa1c9da3096b959/elements - {"using":"xpath","value":"//li[.//span[contains(text(),'497 -')]]"}
RESULT: {"using":"xpath","value":"//li[.//span[contains(text(),'497 -')]]"}
COMMAND: POST /session/a414a6ae85a434897fa1c9da3096b959/elements - {"using":"xpath","value":"//li[.//span[contains(text(),'497 -')]]"}
RESULT: {"using":"xpath","value":"//li[.//span[contains(text(),'497 -')]]"}
COMMAND: POST /session/a414a6ae85a434897fa1c9da3096b959/elements - {"using":"xpath","value":"//li[.//span[contains(text(),'497 -')]]"}
RESULT: {"using":"xpath","value":"//li[.//span[contains(text(),'497 -')]]"}
COMMAND: POST /session/a414a6ae85a434897fa1c9da3096b959/elements - {"using":"xpath","value":"//li[.//span[contains(text(),'497 -')]]"}
RESULT: {"using":"xpath","value":"//li[.//span[contains(text(),'497 -')]]"}
COMMAND: POST /session/a414a6ae85a434897fa1c9da3096b959/elements - {"using":"xpath","value":"//li[.//span[contains(text(),'497 -')]]"}
RESULT: {"using":"xpath","value":"//li[.//span[contains(text(),'497 -')]]"}
COMMAND: POST /session/a414a6ae85a434897fa1c9da3096b959/elements - {"using":"xpath","value":"//li[.//span[contains(text(),'497 -')]]"}
RESULT: {"using":"xpath","value":"//li[.//span[contains(text(),'497 -')]]"}
COMMAND: POST /session/a414a6ae85a434897fa1c9da3096b959/elements - {"using":"xpath","value":"//li[.//span[contains(text(),'497 -')]]"}
RESULT: {"using":"xpath","value":"//li[.//span[contains(text(),'497 -')]]"}
COMMAND: POST /session/a414a6ae85a434897fa1c9da3096b959/elements - {"using":"xpath","value":"//li[.//span[contains(text(),'497 -')]]"}
RESULT: {"using":"xpath","value":"//li[.//span[contains(text(),'497 -')]]"}
COMMAND: POST /session/a414a6ae85a434897fa1c9da3096b959/elements - {"using":"xpath","value":"//li[.//span[contains(text(),'497 -')]]"}
RESULT: {"using":"xpath","value":"//li[.//span[contains(text(),'497 -')]]"}
COMMAND: POST /session/a414a6ae85a434897fa1c9da3096b959/elements - {"using":"xpath","value":"//li[.//span[contains(text(),'497 -')]]"}
RESULT: {"using":"xpath","value":"//li[.//span[contains(text(),'497 -')]]"}
COMMAND: POST /session/a414a6ae85a434897fa1c9da3096b959/elements - {"using":"xpath","value":"//li[.//span[contains(text(),'497 -')]]"}
RESULT: {"using":"xpath","value":"//li[.//span[contains(text(),'497 -')]]"}
COMMAND: POST /session/a414a6ae85a434897fa1c9da3096b959/elements - {"using":"xpath","value":"//li[.//span[contains(text(),'497 -')]]"}
RESULT: {"using":"xpath","value":"//li[.//span[contains(text(),'497 -')]]"}
COMMAND: POST /session/a414a6ae85a434897fa1c9da3096b959/elements - {"using":"xpath","value":"//li[.//span[contains(text(),'497 -')]]"}
RESULT: {"using":"xpath","value":"//li[.//span[contains(text(),'497 -')]]"}
COMMAND: POST /session/a414a6ae85a434897fa1c9da3096b959/elements - {"using":"xpath","value":"//li[.//span[contains(text(),'497 -')]]"}
RESULT: {"using":"xpath","value":"//li[.//span[contains(text(),'497 -')]]"}
COMMAND: POST /session/a414a6ae85a434897fa1c9da3096b959/elements - {"using":"xpath","value":"//li[.//span[contains(text(),'497 -')]]"}
RESULT: {"using":"xpath","value":"//li[.//span[contains(text(),'497 -')]]"}
COMMAND: POST /session/a414a6ae85a434897fa1c9da3096b959/elements - {"using":"xpath","value":"//li[.//span[contains(text(),'497 -')]]"}
RESULT: {"using":"xpath","value":"//li[.//span[contains(text(),'497 -')]]"}
COMMAND: POST /session/a414a6ae85a434897fa1c9da3096b959/elements - {"using":"xpath","value":"//li[.//span[contains(text(),'497 -')]]"}
RESULT: {"using":"xpath","value":"//li[.//span[contains(text(),'497 -')]]"}
COMMAND: POST /session/a414a6ae85a434897fa1c9da3096b959/elements - {"using":"xpath","value":"//li[.//span[contains(text(),'497 -')]]"}
RESULT: {"using":"xpath","value":"//li[.//span[contains(text(),'497 -')]]"}
COMMAND: POST /session/a414a6ae85a434897fa1c9da3096b959/elements - {"using":"xpath","value":"//li[.//span[contains(text(),'497 -')]]"}
RESULT: {"using":"xpath","value":"//li[.//span[contains(text(),'497 -')]]"}
COMMAND: POST /session/a414a6ae85a434897fa1c9da3096b959/elements - {"using":"xpath","value":"//li[.//span[contains(text(),'497 -')]]"}
RESULT: {"using":"xpath","value":"//li[.//span[contains(text(),'497 -')]]"}
COMMAND: POST /session/a414a6ae85a434897fa1c9da3096b959/elements - {"using":"xpath","value":"//li[.//span[contains(text(),'497 -')]]"}
RESULT: {"using":"xpath","value":"//li[.//span[contains(text(),'497 -')]]"}
COMMAND: POST /session/a414a6ae85a434897fa1c9da3096b959/elements - {"using":"xpath","value":"//li[.//span[contains(text(),'497 -')]]"}
RESULT: {"using":"xpath","value":"//li[.//span[contains(text(),'497 -')]]"}
COMMAND: POST /session/a414a6ae85a434897fa1c9da3096b959/elements - {"using":"xpath","value":"//li[.//span[contains(text(),'497 -')]]"}
RESULT: {"using":"xpath","value":"//li[.//span[contains(text(),'497 -')]]"}
COMMAND: POST /session/a414a6ae85a434897fa1c9da3096b959/elements - {"using":"xpath","value":"//li[.//span[contains(text(),'497 -')]]"}
RESULT: {"using":"xpath","value":"//li[.//span[contains(text(),'497 -')]]"}
COMMAND: POST /session/a414a6ae85a434897fa1c9da3096b959/elements - {"using":"xpath","value":"//li[.//span[contains(text(),'497 -')]]"}
RESULT: {"using":"xpath","value":"//li[.//span[contains(text(),'497 -')]]"}
COMMAND: POST /session/a414a6ae85a434897fa1c9da3096b959/elements - {"using":"xpath","value":"//li[.//span[contains(text(),'497 -')]]"}
RESULT: {"using":"xpath","value":"//li[.//span[contains(text(),'497 -')]]"}
COMMAND: POST /session/a414a6ae85a434897fa1c9da3096b959/elements - {"using":"xpath","value":"//li[.//span[contains(text(),'497 -')]]"}
RESULT: {"using":"xpath","value":"//li[.//span[contains(text(),'497 -')]]"}
COMMAND: POST /session/a414a6ae85a434897fa1c9da3096b959/elements - {"using":"xpath","value":"//li[.//span[contains(text(),'497 -')]]"}
RESULT: {"using":"xpath","value":"//li[.//span[contains(text(),'497 -')]]"}
COMMAND: POST /session/a414a6ae85a434897fa1c9da3096b959/elements - {"using":"xpath","value":"//li[.//span[contains(text(),'497 -')]]"}
RESULT: {"using":"xpath","value":"//li[.//span[contains(text(),'497 -')]]"}
COMMAND: POST /session/a414a6ae85a434897fa1c9da3096b959/elements - {"using":"xpath","value":"//li[.//span[contains(text(),'497 -')]]"}
RESULT: {"using":"xpath","value":"//li[.//span[contains(text(),'497 -')]]"}
COMMAND: POST /session/a414a6ae85a434897fa1c9da3096b959/elements - {"using":"xpath","value":"//li[.//span[contains(text(),'497 -')]]"}
RESULT: {"using":"xpath","value":"//li[.//span[contains(text(),'497 -')]]"}
COMMAND: POST /session/a414a6ae85a434897fa1c9da3096b959/elements - {"using":"xpath","value":"//li[.//span[contains(text(),'497 -')]]"}
RESULT: {"using":"xpath","value":"//li[.//span[contains(text(),'497 -')]]"}
COMMAND: POST /session/a414a6ae85a434897fa1c9da3096b959/elements - {"using":"xpath","value":"//li[.//span[contains(text(),'497 -')]]"}
RESULT: {"using":"xpath","value":"//li[.//span[contains(text(),'497 -')]]"}
COMMAND: POST /session/a414a6ae85a434897fa1c9da3096b959/elements - {"using":"xpath","value":"//li[.//span[contains(text(),'497 -')]]"}
RESULT: {"using":"xpath","value":"//li[.//span[contains(text(),'497 -')]]"}
COMMAND: POST /session/a414a6ae85a434897fa1c9da3096b959/elements - {"using":"xpath","value":"//li[.//span[contains(text(),'497 -')]]"}
RESULT: {"using":"xpath","value":"//li[.//span[contains(text(),'497 -')]]"}
COMMAND: POST /session/a414a6ae85a434897fa1c9da3096b959/elements - {"using":"xpath","value":"//li[.//span[contains(text(),'497 -')]]"}
RESULT: {"using":"xpath","value":"//li[.//span[contains(text(),'497 -')]]"}
COMMAND: POST /session/a414a6ae85a434897fa1c9da3096b959/elements - {"using":"xpath","value":"//li[.//span[contains(text(),'497 -')]]"}
RESULT: {"using":"xpath","value":"//li[.//span[contains(text(),'497 -')]]"}
COMMAND: POST /session/a414a6ae85a434897fa1c9da3096b959/elements - {"using":"xpath","value":"//li[.//span[contains(text(),'497 -')]]"}
RESULT: {"using":"xpath","value":"//li[.//span[contains(text(),'497 -')]]"}
COMMAND: POST /session/a414a6ae85a434897fa1c9da3096b959/elements - {"using":"xpath","value":"//li[.//span[contains(text(),'497 -')]]"}
RESULT: {"using":"xpath","value":"//li[.//span[contains(text(),'497 -')]]"}
COMMAND: POST /session/a414a6ae85a434897fa1c9da3096b959/elements - {"using":"xpath","value":"//li[.//span[contains(text(),'497 -')]]"}
RESULT: {"using":"xpath","value":"//li[.//span[contains(text(),'497 -')]]"}
COMMAND: POST /session/a414a6ae85a434897fa1c9da3096b959/elements - {"using":"xpath","value":"//li[.//span[contains(text(),'497 -')]]"}
RESULT: {"using":"xpath","value":"//li[.//span[contains(text(),'497 -')]]"}
COMMAND: POST /session/a414a6ae85a434897fa1c9da3096b959/elements - {"using":"xpath","value":"//li[.//span[contains(text(),'497 -')]]"}
RESULT: {"using":"xpath","value":"//li[.//span[contains(text(),'497 -')]]"}
COMMAND: POST /session/a414a6ae85a434897fa1c9da3096b959/elements - {"using":"xpath","value":"//li[.//span[contains(text(),'497 -')]]"}
RESULT: {"using":"xpath","value":"//li[.//span[contains(text(),'497 -')]]"}
COMMAND: POST /session/a414a6ae85a434897fa1c9da3096b959/elements - {"using":"xpath","value":"//li[.//span[contains(text(),'497 -')]]"}
RESULT: {"using":"xpath","value":"//li[.//span[contains(text(),'497 -')]]"}
COMMAND: POST /session/a414a6ae85a434897fa1c9da3096b959/elements - {"using":"xpath","value":"//li[.//span[contains(text(),'497 -')]]"}
RESULT: {"using":"xpath","value":"//li[.//span[contains(text(),'497 -')]]"}
COMMAND: POST /session/a414a6ae85a434897fa1c9da3096b959/elements - {"using":"xpath","value":"//li[.//span[contains(text(),'497 -')]]"}
RESULT: {"using":"xpath","value":"//li[.//span[contains(text(),'497 -')]]"}
COMMAND: POST /session/a414a6ae85a434897fa1c9da3096b959/elements - {"using":"xpath","value":"//li[.//span[contains(text(),'497 -')]]"}
RESULT: {"using":"xpath","value":"//li[.//span[contains(text(),'497 -')]]"}
COMMAND: POST /session/a414a6ae85a434897fa1c9da3096b959/elements - {"using":"xpath","value":"//li[.//span[contains(text(),'497 -')]]"}
RESULT: {"using":"xpath","value":"//li[.//span[contains(text(),'497 -')]]"}
COMMAND: POST /session/a414a6ae85a434897fa1c9da3096b959/elements - {"using":"xpath","value":"//li[.//span[contains(text(),'497 -')]]"}
RESULT: {"using":"xpath","value":"//li[.//span[contains(text(),'497 -')]]"}
COMMAND: POST /session/a414a6ae85a434897fa1c9da3096b959/elements - {"using":"xpath","value":"//li[.//span[contains(text(),'497 -')]]"}
RESULT: {"using":"xpath","value":"//li[.//span[contains(text(),'497 -')]]"}
COMMAND: POST /session/a414a6ae85a434897fa1c9da3096b959/elements - {"using":"xpath","value":"//li[.//span[contains(text(),'497 -')]]"}
RESULT: {"using":"xpath","value":"//li[.//span[contains(text(),'497 -')]]"}
COMMAND: POST /session/a414a6ae85a434897fa1c9da3096b959/elements - {"using":"xpath","value":"//li[.//span[contains(text(),'497 -')]]"}
RESULT: {"using":"xpath","value":"//li[.//span[contains(text(),'497 -')]]"}
COMMAND: POST /session/a414a6ae85a434897fa1c9da3096b959/elements - {"using":"xpath","value":"//li[.//span[contains(text(),'497 -')]]"}
RESULT: {"using":"xpath","value":"//li[.//span[contains(text(),'497 -')]]"}
COMMAND: POST /session/a414a6ae85a434897fa1c9da3096b959/elements - {"using":"xpath","value":"//li[.//span[contains(text(),'497 -')]]"}
RESULT: {"using":"xpath","value":"//li[.//span[contains(text(),'497 -')]]"}
COMMAND: POST /session/a414a6ae85a434897fa1c9da3096b959/elements - {"using":"xpath","value":"//li[.//span[contains(text(),'497 -')]]"}
RESULT: {"using":"xpath","value":"//li[.//span[contains(text(),'497 -')]]"}
COMMAND: POST /session/a414a6ae85a434897fa1c9da3096b959/elements - {"using":"xpath","value":"//li[.//span[contains(text(),'497 -')]]"}
RESULT: {"using":"xpath","value":"//li[.//span[contains(text(),'497 -')]]"}
COMMAND: POST /session/a414a6ae85a434897fa1c9da3096b959/elements - {"using":"xpath","value":"//li[.//span[contains(text(),'497 -')]]"}
RESULT: {"using":"xpath","value":"//li[.//span[contains(text(),'497 -')]]"}
COMMAND: POST /session/a414a6ae85a434897fa1c9da3096b959/elements - {"using":"xpath","value":"//li[.//span[contains(text(),'497 -')]]"}
RESULT: {"using":"xpath","value":"//li[.//span[contains(text(),'497 -')]]"}
COMMAND: POST /session/a414a6ae85a434897fa1c9da3096b959/elements - {"using":"xpath","value":"//li[.//span[contains(text(),'497 -')]]"}
RESULT: {"using":"xpath","value":"//li[.//span[contains(text(),'497 -')]]"}
COMMAND: POST /session/a414a6ae85a434897fa1c9da3096b959/elements - {"using":"xpath","value":"//li[.//span[contains(text(),'497 -')]]"}
RESULT: {"using":"xpath","value":"//li[.//span[contains(text(),'497 -')]]"}
COMMAND: POST /session/a414a6ae85a434897fa1c9da3096b959/elements - {"using":"xpath","value":"//li[.//span[contains(text(),'497 -')]]"}
RESULT: {"using":"xpath","value":"//li[.//span[contains(text(),'497 -')]]"}
COMMAND: POST /session/a414a6ae85a434897fa1c9da3096b959/elements - {"using":"xpath","value":"//li[.//span[contains(text(),'497 -')]]"}
RESULT: {"using":"xpath","value":"//li[.//span[contains(text(),'497 -')]]"}
COMMAND: POST /session/a414a6ae85a434897fa1c9da3096b959/elements - {"using":"xpath","value":"//li[.//span[contains(text(),'497 -')]]"}
RESULT: {"using":"xpath","value":"//li[.//span[contains(text(),'497 -')]]"}
COMMAND: POST /session/a414a6ae85a434897fa1c9da3096b959/elements - {"using":"xpath","value":"//li[.//span[contains(text(),'497 -')]]"}
RESULT: {"using":"xpath","value":"//li[.//span[contains(text(),'497 -')]]"}
COMMAND: POST /session/a414a6ae85a434897fa1c9da3096b959/elements - {"using":"xpath","value":"//li[.//span[contains(text(),'497 -')]]"}
RESULT: {"using":"xpath","value":"//li[.//span[contains(text(),'497 -')]]"}
COMMAND: POST /session/a414a6ae85a434897fa1c9da3096b959/elements - {"using":"xpath","value":"//li[.//span[contains(text(),'497 -')]]"}
RESULT: {"using":"xpath","value":"//li[.//span[contains(text(),'497 -')]]"}
COMMAND: POST /session/a414a6ae85a434897fa1c9da3096b959/elements - {"using":"xpath","value":"//li[.//span[contains(text(),'497 -')]]"}
RESULT: {"using":"xpath","value":"//li[.//span[contains(text(),'497 -')]]"}
COMMAND: POST /session/a414a6ae85a434897fa1c9da3096b959/elements - {"using":"xpath","value":"//li[.//span[contains(text(),'497 -')]]"}
RESULT: {"using":"xpath","value":"//li[.//span[contains(text(),'497 -')]]"}
COMMAND: POST /session/a414a6ae85a434897fa1c9da3096b959/elements - {"using":"xpath","value":"//li[.//span[contains(text(),'497 -')]]"}
RESULT: {"using":"xpath","value":"//li[.//span[contains(text(),'497 -')]]"}
COMMAND: POST /session/a414a6ae85a434897fa1c9da3096b959/elements - {"using":"xpath","value":"//li[.//span[contains(text(),'497 -')]]"}
RESULT: {"using":"xpath","value":"//li[.//span[contains(text(),'497 -')]]"}
COMMAND: POST /session/a414a6ae85a434897fa1c9da3096b959/elements - {"using":"xpath","value":"//li[.//span[contains(text(),'497 -')]]"}
RESULT: {"using":"xpath","value":"//li[.//span[contains(text(),'497 -')]]"}
COMMAND: POST /session/a414a6ae85a434897fa1c9da3096b959/elements - {"using":"xpath","value":"//li[.//span[contains(text(),'497 -')]]"}
RESULT: {"using":"xpath","value":"//li[.//span[contains(text(),'497 -')]]"}
COMMAND: POST /session/a414a6ae85a434897fa1c9da3096b959/elements - {"using":"xpath","value":"//li[.//span[contains(text(),'497 -')]]"}
RESULT: {"using":"xpath","value":"//li[.//span[contains(text(),'497 -')]]"}
COMMAND: POST /session/a414a6ae85a434897fa1c9da3096b959/elements - {"using":"xpath","value":"//li[.//span[contains(text(),'497 -')]]"}
RESULT: {"using":"xpath","value":"//li[.//span[contains(text(),'497 -')]]"}
COMMAND: POST /session/a414a6ae85a434897fa1c9da3096b959/elements - {"using":"xpath","value":"//li[.//span[contains(text(),'497 -')]]"}
RESULT: {"using":"xpath","value":"//li[.//span[contains(text(),'497 -')]]"}
COMMAND: POST /session/a414a6ae85a434897fa1c9da3096b959/elements - {"using":"xpath","value":"//li[.//span[contains(text(),'497 -')]]"}
RESULT: {"using":"xpath","value":"//li[.//span[contains(text(),'497 -')]]"}
COMMAND: POST /session/a414a6ae85a434897fa1c9da3096b959/elements - {"using":"xpath","value":"//li[.//span[contains(text(),'497 -')]]"}
RESULT: {"using":"xpath","value":"//li[.//span[contains(text(),'497 -')]]"}
COMMAND: POST /session/a414a6ae85a434897fa1c9da3096b959/elements - {"using":"xpath","value":"//li[.//span[contains(text(),'497 -')]]"}
RESULT: {"using":"xpath","value":"//li[.//span[contains(text(),'497 -')]]"}
COMMAND: POST /session/a414a6ae85a434897fa1c9da3096b959/elements - {"using":"xpath","value":"//li[.//span[contains(text(),'497 -')]]"}
RESULT: {"using":"xpath","value":"//li[.//span[contains(text(),'497 -')]]"}
COMMAND: POST /session/a414a6ae85a434897fa1c9da3096b959/elements - {"using":"xpath","value":"//li[.//span[contains(text(),'497 -')]]"}
RESULT: {"using":"xpath","value":"//li[.//span[contains(text(),'497 -')]]"}
COMMAND: POST /session/a414a6ae85a434897fa1c9da3096b959/elements - {"using":"xpath","value":"//li[.//span[contains(text(),'497 -')]]"}
RESULT: {"using":"xpath","value":"//li[.//span[contains(text(),'497 -')]]"}
COMMAND: POST /session/a414a6ae85a434897fa1c9da3096b959/elements - {"using":"xpath","value":"//li[.//span[contains(text(),'497 -')]]"}
RESULT: {"using":"xpath","value":"//li[.//span[contains(text(),'497 -')]]"}
COMMAND: POST /session/a414a6ae85a434897fa1c9da3096b959/elements - {"using":"xpath","value":"//li[.//span[contains(text(),'497 -')]]"}
RESULT: {"using":"xpath","value":"//li[.//span[contains(text(),'497 -')]]"}
COMMAND: POST /session/a414a6ae85a434897fa1c9da3096b959/elements - {"using":"xpath","value":"//li[.//span[contains(text(),'497 -')]]"}
RESULT: {"using":"xpath","value":"//li[.//span[contains(text(),'497 -')]]"}
COMMAND: POST /session/a414a6ae85a434897fa1c9da3096b959/elements - {"using":"xpath","value":"//li[.//span[contains(text(),'497 -')]]"}
RESULT: {"using":"xpath","value":"//li[.//span[contains(text(),'497 -')]]"}
COMMAND: POST /session/a414a6ae85a434897fa1c9da3096b959/elements - {"using":"xpath","value":"//li[.//span[contains(text(),'497 -')]]"}
RESULT: {"using":"xpath","value":"//li[.//span[contains(text(),'497 -')]]"}
COMMAND: POST /session/a414a6ae85a434897fa1c9da3096b959/elements - {"using":"xpath","value":"//li[.//span[contains(text(),'497 -')]]"}
RESULT: {"using":"xpath","value":"//li[.//span[contains(text(),'497 -')]]"}
COMMAND: POST /session/a414a6ae85a434897fa1c9da3096b959/elements - {"using":"xpath","value":"//li[.//span[contains(text(),'497 -')]]"}
RESULT: {"using":"xpath","value":"//li[.//span[contains(text(),'497 -')]]"}
COMMAND: POST /session/a414a6ae85a434897fa1c9da3096b959/elements - {"using":"xpath","value":"//li[.//span[contains(text(),'497 -')]]"}
RESULT: {"using":"xpath","value":"//li[.//span[contains(text(),'497 -')]]"}
COMMAND: POST /session/a414a6ae85a434897fa1c9da3096b959/elements - {"using":"xpath","value":"//li[.//span[contains(text(),'497 -')]]"}
RESULT: {"using":"xpath","value":"//li[.//span[contains(text(),'497 -')]]"}
COMMAND: POST /session/a414a6ae85a434897fa1c9da3096b959/elements - {"using":"xpath","value":"//li[.//span[contains(text(),'497 -')]]"}
RESULT: {"using":"xpath","value":"//li[.//span[contains(text(),'497 -')]]"}
COMMAND: POST /session/a414a6ae85a434897fa1c9da3096b959/elements - {"using":"xpath","value":"//li[.//span[contains(text(),'497 -')]]"}
RESULT: {"using":"xpath","value":"//li[.//span[contains(text(),'497 -')]]"}
COMMAND: GET /session/a414a6ae85a434897fa1c9da3096b959/screenshot - {}
RESULT: {}
]]></system-out>
      <system-err><![CDATA[
Error: Can't call click on element with selector "//li[.//span[contains(text(),'497 -')]]" because element wasn't found
    at async UtilsPrerequisites.stockIncrease (D:\a\1\s\test\specs\BTS\prerequisites-and-utils-functions.js:1638:9)
    at async Context.<anonymous> (D:\a\1\s\test\specs\HTR\provide-to-site-w-warehouse-wo-clarification.spec.js:70:9)
]]></system-err>
    </testcase>
    <testcase classname="chrome.136_0_7103_93.windows.Provide_to_Site_w/_warehouse_management_wo_clarification" name="Should create a new contract" time="60.407">
      <failure/>
      <error message="element (&quot;//button[@data-kt=&quot;addButton&quot;]&quot;) still not existing after 45000ms"/>
      <system-out><![CDATA[
COMMAND: POST /session/a414a6ae85a434897fa1c9da3096b959/execute/async - {"script":"<script> [1562 bytes]","args":[{"selector":{"controlType":"sap.m.GenericTile","properties":{"header":"Manage Contracts"}},"wdio_ui5_key":"sapm.GenericTile{\"header\":\"Manage Contracts\"}"}]}
COMMAND: GET /session/a414a6ae85a434897fa1c9da3096b959/screenshot - {}
RESULT: {"script":"<script> [1562 bytes]","args":[{"selector":{"controlType":"sap.m.GenericTile","properties":{"header":"Manage Contracts"}},"wdio_ui5_key":"sapm.GenericTile{\"header\":\"Manage Contracts\"}"}]}
RESULT: undefined
RESULT: {}
COMMAND: POST /session/a414a6ae85a434897fa1c9da3096b959/elements - {"using":"xpath","value":"//span[text()='Error']"}
RESULT: {"using":"xpath","value":"//span[text()='Error']"}
COMMAND: POST /session/a414a6ae85a434897fa1c9da3096b959/element - {"using":"xpath","value":"//button[@data-kt=\"addButton\"]"}
RESULT: {"using":"xpath","value":"//button[@data-kt=\"addButton\"]"}
COMMAND: POST /session/a414a6ae85a434897fa1c9da3096b959/elements - {"using":"xpath","value":"//button[@data-kt=\"addButton\"]"}
RESULT: {"using":"xpath","value":"//button[@data-kt=\"addButton\"]"}
COMMAND: POST /session/a414a6ae85a434897fa1c9da3096b959/elements - {"using":"xpath","value":"//button[@data-kt=\"addButton\"]"}
RESULT: {"using":"xpath","value":"//button[@data-kt=\"addButton\"]"}
COMMAND: POST /session/a414a6ae85a434897fa1c9da3096b959/elements - {"using":"xpath","value":"//button[@data-kt=\"addButton\"]"}
RESULT: {"using":"xpath","value":"//button[@data-kt=\"addButton\"]"}
COMMAND: POST /session/a414a6ae85a434897fa1c9da3096b959/elements - {"using":"xpath","value":"//button[@data-kt=\"addButton\"]"}
RESULT: {"using":"xpath","value":"//button[@data-kt=\"addButton\"]"}
COMMAND: POST /session/a414a6ae85a434897fa1c9da3096b959/elements - {"using":"xpath","value":"//button[@data-kt=\"addButton\"]"}
RESULT: {"using":"xpath","value":"//button[@data-kt=\"addButton\"]"}
COMMAND: POST /session/a414a6ae85a434897fa1c9da3096b959/elements - {"using":"xpath","value":"//button[@data-kt=\"addButton\"]"}
RESULT: {"using":"xpath","value":"//button[@data-kt=\"addButton\"]"}
COMMAND: POST /session/a414a6ae85a434897fa1c9da3096b959/elements - {"using":"xpath","value":"//button[@data-kt=\"addButton\"]"}
RESULT: {"using":"xpath","value":"//button[@data-kt=\"addButton\"]"}
COMMAND: POST /session/a414a6ae85a434897fa1c9da3096b959/elements - {"using":"xpath","value":"//button[@data-kt=\"addButton\"]"}
RESULT: {"using":"xpath","value":"//button[@data-kt=\"addButton\"]"}
COMMAND: POST /session/a414a6ae85a434897fa1c9da3096b959/elements - {"using":"xpath","value":"//button[@data-kt=\"addButton\"]"}
RESULT: {"using":"xpath","value":"//button[@data-kt=\"addButton\"]"}
COMMAND: POST /session/a414a6ae85a434897fa1c9da3096b959/elements - {"using":"xpath","value":"//button[@data-kt=\"addButton\"]"}
RESULT: {"using":"xpath","value":"//button[@data-kt=\"addButton\"]"}
COMMAND: POST /session/a414a6ae85a434897fa1c9da3096b959/elements - {"using":"xpath","value":"//button[@data-kt=\"addButton\"]"}
RESULT: {"using":"xpath","value":"//button[@data-kt=\"addButton\"]"}
COMMAND: POST /session/a414a6ae85a434897fa1c9da3096b959/elements - {"using":"xpath","value":"//button[@data-kt=\"addButton\"]"}
RESULT: {"using":"xpath","value":"//button[@data-kt=\"addButton\"]"}
COMMAND: POST /session/a414a6ae85a434897fa1c9da3096b959/elements - {"using":"xpath","value":"//button[@data-kt=\"addButton\"]"}
RESULT: {"using":"xpath","value":"//button[@data-kt=\"addButton\"]"}
COMMAND: POST /session/a414a6ae85a434897fa1c9da3096b959/elements - {"using":"xpath","value":"//button[@data-kt=\"addButton\"]"}
RESULT: {"using":"xpath","value":"//button[@data-kt=\"addButton\"]"}
COMMAND: POST /session/a414a6ae85a434897fa1c9da3096b959/elements - {"using":"xpath","value":"//button[@data-kt=\"addButton\"]"}
RESULT: {"using":"xpath","value":"//button[@data-kt=\"addButton\"]"}
COMMAND: POST /session/a414a6ae85a434897fa1c9da3096b959/elements - {"using":"xpath","value":"//button[@data-kt=\"addButton\"]"}
RESULT: {"using":"xpath","value":"//button[@data-kt=\"addButton\"]"}
COMMAND: POST /session/a414a6ae85a434897fa1c9da3096b959/elements - {"using":"xpath","value":"//button[@data-kt=\"addButton\"]"}
RESULT: {"using":"xpath","value":"//button[@data-kt=\"addButton\"]"}
COMMAND: POST /session/a414a6ae85a434897fa1c9da3096b959/elements - {"using":"xpath","value":"//button[@data-kt=\"addButton\"]"}
RESULT: {"using":"xpath","value":"//button[@data-kt=\"addButton\"]"}
COMMAND: POST /session/a414a6ae85a434897fa1c9da3096b959/elements - {"using":"xpath","value":"//button[@data-kt=\"addButton\"]"}
RESULT: {"using":"xpath","value":"//button[@data-kt=\"addButton\"]"}
COMMAND: POST /session/a414a6ae85a434897fa1c9da3096b959/elements - {"using":"xpath","value":"//button[@data-kt=\"addButton\"]"}
RESULT: {"using":"xpath","value":"//button[@data-kt=\"addButton\"]"}
COMMAND: POST /session/a414a6ae85a434897fa1c9da3096b959/elements - {"using":"xpath","value":"//button[@data-kt=\"addButton\"]"}
RESULT: {"using":"xpath","value":"//button[@data-kt=\"addButton\"]"}
COMMAND: POST /session/a414a6ae85a434897fa1c9da3096b959/elements - {"using":"xpath","value":"//button[@data-kt=\"addButton\"]"}
RESULT: {"using":"xpath","value":"//button[@data-kt=\"addButton\"]"}
COMMAND: POST /session/a414a6ae85a434897fa1c9da3096b959/elements - {"using":"xpath","value":"//button[@data-kt=\"addButton\"]"}
RESULT: {"using":"xpath","value":"//button[@data-kt=\"addButton\"]"}
COMMAND: POST /session/a414a6ae85a434897fa1c9da3096b959/elements - {"using":"xpath","value":"//button[@data-kt=\"addButton\"]"}
RESULT: {"using":"xpath","value":"//button[@data-kt=\"addButton\"]"}
COMMAND: POST /session/a414a6ae85a434897fa1c9da3096b959/elements - {"using":"xpath","value":"//button[@data-kt=\"addButton\"]"}
RESULT: {"using":"xpath","value":"//button[@data-kt=\"addButton\"]"}
COMMAND: POST /session/a414a6ae85a434897fa1c9da3096b959/elements - {"using":"xpath","value":"//button[@data-kt=\"addButton\"]"}
RESULT: {"using":"xpath","value":"//button[@data-kt=\"addButton\"]"}
COMMAND: POST /session/a414a6ae85a434897fa1c9da3096b959/elements - {"using":"xpath","value":"//button[@data-kt=\"addButton\"]"}
RESULT: {"using":"xpath","value":"//button[@data-kt=\"addButton\"]"}
COMMAND: POST /session/a414a6ae85a434897fa1c9da3096b959/elements - {"using":"xpath","value":"//button[@data-kt=\"addButton\"]"}
RESULT: {"using":"xpath","value":"//button[@data-kt=\"addButton\"]"}
COMMAND: POST /session/a414a6ae85a434897fa1c9da3096b959/elements - {"using":"xpath","value":"//button[@data-kt=\"addButton\"]"}
RESULT: {"using":"xpath","value":"//button[@data-kt=\"addButton\"]"}
COMMAND: POST /session/a414a6ae85a434897fa1c9da3096b959/elements - {"using":"xpath","value":"//button[@data-kt=\"addButton\"]"}
RESULT: {"using":"xpath","value":"//button[@data-kt=\"addButton\"]"}
COMMAND: POST /session/a414a6ae85a434897fa1c9da3096b959/elements - {"using":"xpath","value":"//button[@data-kt=\"addButton\"]"}
RESULT: {"using":"xpath","value":"//button[@data-kt=\"addButton\"]"}
COMMAND: POST /session/a414a6ae85a434897fa1c9da3096b959/elements - {"using":"xpath","value":"//button[@data-kt=\"addButton\"]"}
RESULT: {"using":"xpath","value":"//button[@data-kt=\"addButton\"]"}
COMMAND: POST /session/a414a6ae85a434897fa1c9da3096b959/elements - {"using":"xpath","value":"//button[@data-kt=\"addButton\"]"}
RESULT: {"using":"xpath","value":"//button[@data-kt=\"addButton\"]"}
COMMAND: POST /session/a414a6ae85a434897fa1c9da3096b959/elements - {"using":"xpath","value":"//button[@data-kt=\"addButton\"]"}
RESULT: {"using":"xpath","value":"//button[@data-kt=\"addButton\"]"}
COMMAND: POST /session/a414a6ae85a434897fa1c9da3096b959/elements - {"using":"xpath","value":"//button[@data-kt=\"addButton\"]"}
RESULT: {"using":"xpath","value":"//button[@data-kt=\"addButton\"]"}
COMMAND: POST /session/a414a6ae85a434897fa1c9da3096b959/elements - {"using":"xpath","value":"//button[@data-kt=\"addButton\"]"}
RESULT: {"using":"xpath","value":"//button[@data-kt=\"addButton\"]"}
COMMAND: POST /session/a414a6ae85a434897fa1c9da3096b959/elements - {"using":"xpath","value":"//button[@data-kt=\"addButton\"]"}
RESULT: {"using":"xpath","value":"//button[@data-kt=\"addButton\"]"}
COMMAND: POST /session/a414a6ae85a434897fa1c9da3096b959/elements - {"using":"xpath","value":"//button[@data-kt=\"addButton\"]"}
RESULT: {"using":"xpath","value":"//button[@data-kt=\"addButton\"]"}
COMMAND: POST /session/a414a6ae85a434897fa1c9da3096b959/elements - {"using":"xpath","value":"//button[@data-kt=\"addButton\"]"}
RESULT: {"using":"xpath","value":"//button[@data-kt=\"addButton\"]"}
COMMAND: POST /session/a414a6ae85a434897fa1c9da3096b959/elements - {"using":"xpath","value":"//button[@data-kt=\"addButton\"]"}
RESULT: {"using":"xpath","value":"//button[@data-kt=\"addButton\"]"}
COMMAND: POST /session/a414a6ae85a434897fa1c9da3096b959/elements - {"using":"xpath","value":"//button[@data-kt=\"addButton\"]"}
RESULT: {"using":"xpath","value":"//button[@data-kt=\"addButton\"]"}
COMMAND: POST /session/a414a6ae85a434897fa1c9da3096b959/elements - {"using":"xpath","value":"//button[@data-kt=\"addButton\"]"}
RESULT: {"using":"xpath","value":"//button[@data-kt=\"addButton\"]"}
COMMAND: POST /session/a414a6ae85a434897fa1c9da3096b959/elements - {"using":"xpath","value":"//button[@data-kt=\"addButton\"]"}
RESULT: {"using":"xpath","value":"//button[@data-kt=\"addButton\"]"}
COMMAND: POST /session/a414a6ae85a434897fa1c9da3096b959/elements - {"using":"xpath","value":"//button[@data-kt=\"addButton\"]"}
RESULT: {"using":"xpath","value":"//button[@data-kt=\"addButton\"]"}
COMMAND: POST /session/a414a6ae85a434897fa1c9da3096b959/elements - {"using":"xpath","value":"//button[@data-kt=\"addButton\"]"}
RESULT: {"using":"xpath","value":"//button[@data-kt=\"addButton\"]"}
COMMAND: POST /session/a414a6ae85a434897fa1c9da3096b959/elements - {"using":"xpath","value":"//button[@data-kt=\"addButton\"]"}
RESULT: {"using":"xpath","value":"//button[@data-kt=\"addButton\"]"}
COMMAND: POST /session/a414a6ae85a434897fa1c9da3096b959/elements - {"using":"xpath","value":"//button[@data-kt=\"addButton\"]"}
RESULT: {"using":"xpath","value":"//button[@data-kt=\"addButton\"]"}
COMMAND: POST /session/a414a6ae85a434897fa1c9da3096b959/elements - {"using":"xpath","value":"//button[@data-kt=\"addButton\"]"}
RESULT: {"using":"xpath","value":"//button[@data-kt=\"addButton\"]"}
COMMAND: POST /session/a414a6ae85a434897fa1c9da3096b959/elements - {"using":"xpath","value":"//button[@data-kt=\"addButton\"]"}
RESULT: {"using":"xpath","value":"//button[@data-kt=\"addButton\"]"}
COMMAND: POST /session/a414a6ae85a434897fa1c9da3096b959/elements - {"using":"xpath","value":"//button[@data-kt=\"addButton\"]"}
RESULT: {"using":"xpath","value":"//button[@data-kt=\"addButton\"]"}
COMMAND: POST /session/a414a6ae85a434897fa1c9da3096b959/elements - {"using":"xpath","value":"//button[@data-kt=\"addButton\"]"}
RESULT: {"using":"xpath","value":"//button[@data-kt=\"addButton\"]"}
COMMAND: POST /session/a414a6ae85a434897fa1c9da3096b959/elements - {"using":"xpath","value":"//button[@data-kt=\"addButton\"]"}
RESULT: {"using":"xpath","value":"//button[@data-kt=\"addButton\"]"}
COMMAND: POST /session/a414a6ae85a434897fa1c9da3096b959/elements - {"using":"xpath","value":"//button[@data-kt=\"addButton\"]"}
RESULT: {"using":"xpath","value":"//button[@data-kt=\"addButton\"]"}
COMMAND: POST /session/a414a6ae85a434897fa1c9da3096b959/elements - {"using":"xpath","value":"//button[@data-kt=\"addButton\"]"}
RESULT: {"using":"xpath","value":"//button[@data-kt=\"addButton\"]"}
COMMAND: POST /session/a414a6ae85a434897fa1c9da3096b959/elements - {"using":"xpath","value":"//button[@data-kt=\"addButton\"]"}
RESULT: {"using":"xpath","value":"//button[@data-kt=\"addButton\"]"}
COMMAND: POST /session/a414a6ae85a434897fa1c9da3096b959/elements - {"using":"xpath","value":"//button[@data-kt=\"addButton\"]"}
RESULT: {"using":"xpath","value":"//button[@data-kt=\"addButton\"]"}
COMMAND: POST /session/a414a6ae85a434897fa1c9da3096b959/elements - {"using":"xpath","value":"//button[@data-kt=\"addButton\"]"}
RESULT: {"using":"xpath","value":"//button[@data-kt=\"addButton\"]"}
COMMAND: POST /session/a414a6ae85a434897fa1c9da3096b959/elements - {"using":"xpath","value":"//button[@data-kt=\"addButton\"]"}
RESULT: {"using":"xpath","value":"//button[@data-kt=\"addButton\"]"}
COMMAND: POST /session/a414a6ae85a434897fa1c9da3096b959/elements - {"using":"xpath","value":"//button[@data-kt=\"addButton\"]"}
RESULT: {"using":"xpath","value":"//button[@data-kt=\"addButton\"]"}
COMMAND: POST /session/a414a6ae85a434897fa1c9da3096b959/elements - {"using":"xpath","value":"//button[@data-kt=\"addButton\"]"}
RESULT: {"using":"xpath","value":"//button[@data-kt=\"addButton\"]"}
COMMAND: POST /session/a414a6ae85a434897fa1c9da3096b959/elements - {"using":"xpath","value":"//button[@data-kt=\"addButton\"]"}
RESULT: {"using":"xpath","value":"//button[@data-kt=\"addButton\"]"}
COMMAND: POST /session/a414a6ae85a434897fa1c9da3096b959/elements - {"using":"xpath","value":"//button[@data-kt=\"addButton\"]"}
RESULT: {"using":"xpath","value":"//button[@data-kt=\"addButton\"]"}
COMMAND: POST /session/a414a6ae85a434897fa1c9da3096b959/elements - {"using":"xpath","value":"//button[@data-kt=\"addButton\"]"}
RESULT: {"using":"xpath","value":"//button[@data-kt=\"addButton\"]"}
COMMAND: POST /session/a414a6ae85a434897fa1c9da3096b959/elements - {"using":"xpath","value":"//button[@data-kt=\"addButton\"]"}
RESULT: {"using":"xpath","value":"//button[@data-kt=\"addButton\"]"}
COMMAND: POST /session/a414a6ae85a434897fa1c9da3096b959/elements - {"using":"xpath","value":"//button[@data-kt=\"addButton\"]"}
RESULT: {"using":"xpath","value":"//button[@data-kt=\"addButton\"]"}
COMMAND: POST /session/a414a6ae85a434897fa1c9da3096b959/elements - {"using":"xpath","value":"//button[@data-kt=\"addButton\"]"}
RESULT: {"using":"xpath","value":"//button[@data-kt=\"addButton\"]"}
COMMAND: POST /session/a414a6ae85a434897fa1c9da3096b959/elements - {"using":"xpath","value":"//button[@data-kt=\"addButton\"]"}
RESULT: {"using":"xpath","value":"//button[@data-kt=\"addButton\"]"}
COMMAND: POST /session/a414a6ae85a434897fa1c9da3096b959/elements - {"using":"xpath","value":"//button[@data-kt=\"addButton\"]"}
RESULT: {"using":"xpath","value":"//button[@data-kt=\"addButton\"]"}
COMMAND: POST /session/a414a6ae85a434897fa1c9da3096b959/elements - {"using":"xpath","value":"//button[@data-kt=\"addButton\"]"}
RESULT: {"using":"xpath","value":"//button[@data-kt=\"addButton\"]"}
COMMAND: POST /session/a414a6ae85a434897fa1c9da3096b959/elements - {"using":"xpath","value":"//button[@data-kt=\"addButton\"]"}
RESULT: {"using":"xpath","value":"//button[@data-kt=\"addButton\"]"}
COMMAND: POST /session/a414a6ae85a434897fa1c9da3096b959/elements - {"using":"xpath","value":"//button[@data-kt=\"addButton\"]"}
RESULT: {"using":"xpath","value":"//button[@data-kt=\"addButton\"]"}
COMMAND: POST /session/a414a6ae85a434897fa1c9da3096b959/elements - {"using":"xpath","value":"//button[@data-kt=\"addButton\"]"}
RESULT: {"using":"xpath","value":"//button[@data-kt=\"addButton\"]"}
COMMAND: POST /session/a414a6ae85a434897fa1c9da3096b959/elements - {"using":"xpath","value":"//button[@data-kt=\"addButton\"]"}
RESULT: {"using":"xpath","value":"//button[@data-kt=\"addButton\"]"}
COMMAND: POST /session/a414a6ae85a434897fa1c9da3096b959/elements - {"using":"xpath","value":"//button[@data-kt=\"addButton\"]"}
RESULT: {"using":"xpath","value":"//button[@data-kt=\"addButton\"]"}
COMMAND: POST /session/a414a6ae85a434897fa1c9da3096b959/elements - {"using":"xpath","value":"//button[@data-kt=\"addButton\"]"}
RESULT: {"using":"xpath","value":"//button[@data-kt=\"addButton\"]"}
COMMAND: POST /session/a414a6ae85a434897fa1c9da3096b959/elements - {"using":"xpath","value":"//button[@data-kt=\"addButton\"]"}
RESULT: {"using":"xpath","value":"//button[@data-kt=\"addButton\"]"}
COMMAND: POST /session/a414a6ae85a434897fa1c9da3096b959/elements - {"using":"xpath","value":"//button[@data-kt=\"addButton\"]"}
RESULT: {"using":"xpath","value":"//button[@data-kt=\"addButton\"]"}
COMMAND: POST /session/a414a6ae85a434897fa1c9da3096b959/elements - {"using":"xpath","value":"//button[@data-kt=\"addButton\"]"}
RESULT: {"using":"xpath","value":"//button[@data-kt=\"addButton\"]"}
COMMAND: POST /session/a414a6ae85a434897fa1c9da3096b959/elements - {"using":"xpath","value":"//button[@data-kt=\"addButton\"]"}
RESULT: {"using":"xpath","value":"//button[@data-kt=\"addButton\"]"}
COMMAND: POST /session/a414a6ae85a434897fa1c9da3096b959/elements - {"using":"xpath","value":"//button[@data-kt=\"addButton\"]"}
RESULT: {"using":"xpath","value":"//button[@data-kt=\"addButton\"]"}
COMMAND: POST /session/a414a6ae85a434897fa1c9da3096b959/elements - {"using":"xpath","value":"//button[@data-kt=\"addButton\"]"}
RESULT: {"using":"xpath","value":"//button[@data-kt=\"addButton\"]"}
COMMAND: POST /session/a414a6ae85a434897fa1c9da3096b959/elements - {"using":"xpath","value":"//button[@data-kt=\"addButton\"]"}
RESULT: {"using":"xpath","value":"//button[@data-kt=\"addButton\"]"}
COMMAND: POST /session/a414a6ae85a434897fa1c9da3096b959/elements - {"using":"xpath","value":"//button[@data-kt=\"addButton\"]"}
RESULT: {"using":"xpath","value":"//button[@data-kt=\"addButton\"]"}
COMMAND: POST /session/a414a6ae85a434897fa1c9da3096b959/elements - {"using":"xpath","value":"//button[@data-kt=\"addButton\"]"}
RESULT: {"using":"xpath","value":"//button[@data-kt=\"addButton\"]"}
COMMAND: POST /session/a414a6ae85a434897fa1c9da3096b959/elements - {"using":"xpath","value":"//button[@data-kt=\"addButton\"]"}
RESULT: {"using":"xpath","value":"//button[@data-kt=\"addButton\"]"}
COMMAND: POST /session/a414a6ae85a434897fa1c9da3096b959/elements - {"using":"xpath","value":"//button[@data-kt=\"addButton\"]"}
RESULT: {"using":"xpath","value":"//button[@data-kt=\"addButton\"]"}
COMMAND: POST /session/a414a6ae85a434897fa1c9da3096b959/elements - {"using":"xpath","value":"//button[@data-kt=\"addButton\"]"}
RESULT: {"using":"xpath","value":"//button[@data-kt=\"addButton\"]"}
COMMAND: POST /session/a414a6ae85a434897fa1c9da3096b959/elements - {"using":"xpath","value":"//button[@data-kt=\"addButton\"]"}
RESULT: {"using":"xpath","value":"//button[@data-kt=\"addButton\"]"}
COMMAND: POST /session/a414a6ae85a434897fa1c9da3096b959/elements - {"using":"xpath","value":"//button[@data-kt=\"addButton\"]"}
RESULT: {"using":"xpath","value":"//button[@data-kt=\"addButton\"]"}
COMMAND: POST /session/a414a6ae85a434897fa1c9da3096b959/elements - {"using":"xpath","value":"//button[@data-kt=\"addButton\"]"}
RESULT: {"using":"xpath","value":"//button[@data-kt=\"addButton\"]"}
COMMAND: POST /session/a414a6ae85a434897fa1c9da3096b959/elements - {"using":"xpath","value":"//button[@data-kt=\"addButton\"]"}
COMMAND: GET /session/a414a6ae85a434897fa1c9da3096b959/screenshot - {}
RESULT: {"using":"xpath","value":"//button[@data-kt=\"addButton\"]"}
RESULT: {}
]]></system-out>
      <system-err><![CDATA[
Error: element ("//button[@data-kt="addButton"]") still not existing after 45000ms
    at async UtilsPrerequisites.contractCreation (D:\a\1\s\test\specs\BTS\prerequisites-and-utils-functions.js:1741:9)
    at async Context.<anonymous> (D:\a\1\s\test\specs\HTR\provide-to-site-w-warehouse-wo-clarification.spec.js:74:49)
]]></system-err>
    </testcase>
    <testcase classname="chrome.136_0_7103_93.windows.Provide_to_Site_w/_warehouse_management_wo_clarification" name="Should add equipment to the contract" time="60.542">
      <failure/>
      <error message="Can't call click on element with selector &quot;//button[@data-kt=&quot;contractDetailEditBtnButton&quot;]&quot; because element wasn't found"/>
      <system-out><![CDATA[
COMMAND: POST /session/a414a6ae85a434897fa1c9da3096b959/element - {"using":"xpath","value":"//button[@data-kt=\"contractDetailEditBtnButton\"]"}
COMMAND: GET /session/a414a6ae85a434897fa1c9da3096b959/screenshot - {}
RESULT: {"using":"xpath","value":"//button[@data-kt=\"contractDetailEditBtnButton\"]"}
COMMAND: POST /session/a414a6ae85a434897fa1c9da3096b959/elements - {"using":"xpath","value":"//button[@data-kt=\"contractDetailEditBtnButton\"]"}
RESULT: {}
RESULT: {"using":"xpath","value":"//button[@data-kt=\"contractDetailEditBtnButton\"]"}
COMMAND: POST /session/a414a6ae85a434897fa1c9da3096b959/elements - {"using":"xpath","value":"//button[@data-kt=\"contractDetailEditBtnButton\"]"}
RESULT: {"using":"xpath","value":"//button[@data-kt=\"contractDetailEditBtnButton\"]"}
COMMAND: POST /session/a414a6ae85a434897fa1c9da3096b959/elements - {"using":"xpath","value":"//button[@data-kt=\"contractDetailEditBtnButton\"]"}
RESULT: {"using":"xpath","value":"//button[@data-kt=\"contractDetailEditBtnButton\"]"}
COMMAND: POST /session/a414a6ae85a434897fa1c9da3096b959/elements - {"using":"xpath","value":"//button[@data-kt=\"contractDetailEditBtnButton\"]"}
RESULT: {"using":"xpath","value":"//button[@data-kt=\"contractDetailEditBtnButton\"]"}
COMMAND: POST /session/a414a6ae85a434897fa1c9da3096b959/elements - {"using":"xpath","value":"//button[@data-kt=\"contractDetailEditBtnButton\"]"}
RESULT: {"using":"xpath","value":"//button[@data-kt=\"contractDetailEditBtnButton\"]"}
COMMAND: POST /session/a414a6ae85a434897fa1c9da3096b959/elements - {"using":"xpath","value":"//button[@data-kt=\"contractDetailEditBtnButton\"]"}
RESULT: {"using":"xpath","value":"//button[@data-kt=\"contractDetailEditBtnButton\"]"}
COMMAND: POST /session/a414a6ae85a434897fa1c9da3096b959/elements - {"using":"xpath","value":"//button[@data-kt=\"contractDetailEditBtnButton\"]"}
RESULT: {"using":"xpath","value":"//button[@data-kt=\"contractDetailEditBtnButton\"]"}
COMMAND: POST /session/a414a6ae85a434897fa1c9da3096b959/elements - {"using":"xpath","value":"//button[@data-kt=\"contractDetailEditBtnButton\"]"}
RESULT: {"using":"xpath","value":"//button[@data-kt=\"contractDetailEditBtnButton\"]"}
COMMAND: POST /session/a414a6ae85a434897fa1c9da3096b959/elements - {"using":"xpath","value":"//button[@data-kt=\"contractDetailEditBtnButton\"]"}
RESULT: {"using":"xpath","value":"//button[@data-kt=\"contractDetailEditBtnButton\"]"}
COMMAND: POST /session/a414a6ae85a434897fa1c9da3096b959/elements - {"using":"xpath","value":"//button[@data-kt=\"contractDetailEditBtnButton\"]"}
RESULT: {"using":"xpath","value":"//button[@data-kt=\"contractDetailEditBtnButton\"]"}
COMMAND: POST /session/a414a6ae85a434897fa1c9da3096b959/elements - {"using":"xpath","value":"//button[@data-kt=\"contractDetailEditBtnButton\"]"}
RESULT: {"using":"xpath","value":"//button[@data-kt=\"contractDetailEditBtnButton\"]"}
COMMAND: POST /session/a414a6ae85a434897fa1c9da3096b959/elements - {"using":"xpath","value":"//button[@data-kt=\"contractDetailEditBtnButton\"]"}
RESULT: {"using":"xpath","value":"//button[@data-kt=\"contractDetailEditBtnButton\"]"}
COMMAND: POST /session/a414a6ae85a434897fa1c9da3096b959/elements - {"using":"xpath","value":"//button[@data-kt=\"contractDetailEditBtnButton\"]"}
RESULT: {"using":"xpath","value":"//button[@data-kt=\"contractDetailEditBtnButton\"]"}
COMMAND: POST /session/a414a6ae85a434897fa1c9da3096b959/elements - {"using":"xpath","value":"//button[@data-kt=\"contractDetailEditBtnButton\"]"}
RESULT: {"using":"xpath","value":"//button[@data-kt=\"contractDetailEditBtnButton\"]"}
COMMAND: POST /session/a414a6ae85a434897fa1c9da3096b959/elements - {"using":"xpath","value":"//button[@data-kt=\"contractDetailEditBtnButton\"]"}
RESULT: {"using":"xpath","value":"//button[@data-kt=\"contractDetailEditBtnButton\"]"}
COMMAND: POST /session/a414a6ae85a434897fa1c9da3096b959/elements - {"using":"xpath","value":"//button[@data-kt=\"contractDetailEditBtnButton\"]"}
RESULT: {"using":"xpath","value":"//button[@data-kt=\"contractDetailEditBtnButton\"]"}
COMMAND: POST /session/a414a6ae85a434897fa1c9da3096b959/elements - {"using":"xpath","value":"//button[@data-kt=\"contractDetailEditBtnButton\"]"}
RESULT: {"using":"xpath","value":"//button[@data-kt=\"contractDetailEditBtnButton\"]"}
COMMAND: POST /session/a414a6ae85a434897fa1c9da3096b959/elements - {"using":"xpath","value":"//button[@data-kt=\"contractDetailEditBtnButton\"]"}
RESULT: {"using":"xpath","value":"//button[@data-kt=\"contractDetailEditBtnButton\"]"}
COMMAND: POST /session/a414a6ae85a434897fa1c9da3096b959/elements - {"using":"xpath","value":"//button[@data-kt=\"contractDetailEditBtnButton\"]"}
RESULT: {"using":"xpath","value":"//button[@data-kt=\"contractDetailEditBtnButton\"]"}
COMMAND: POST /session/a414a6ae85a434897fa1c9da3096b959/elements - {"using":"xpath","value":"//button[@data-kt=\"contractDetailEditBtnButton\"]"}
RESULT: {"using":"xpath","value":"//button[@data-kt=\"contractDetailEditBtnButton\"]"}
COMMAND: POST /session/a414a6ae85a434897fa1c9da3096b959/elements - {"using":"xpath","value":"//button[@data-kt=\"contractDetailEditBtnButton\"]"}
RESULT: {"using":"xpath","value":"//button[@data-kt=\"contractDetailEditBtnButton\"]"}
COMMAND: POST /session/a414a6ae85a434897fa1c9da3096b959/elements - {"using":"xpath","value":"//button[@data-kt=\"contractDetailEditBtnButton\"]"}
RESULT: {"using":"xpath","value":"//button[@data-kt=\"contractDetailEditBtnButton\"]"}
COMMAND: POST /session/a414a6ae85a434897fa1c9da3096b959/elements - {"using":"xpath","value":"//button[@data-kt=\"contractDetailEditBtnButton\"]"}
RESULT: {"using":"xpath","value":"//button[@data-kt=\"contractDetailEditBtnButton\"]"}
COMMAND: POST /session/a414a6ae85a434897fa1c9da3096b959/elements - {"using":"xpath","value":"//button[@data-kt=\"contractDetailEditBtnButton\"]"}
RESULT: {"using":"xpath","value":"//button[@data-kt=\"contractDetailEditBtnButton\"]"}
COMMAND: POST /session/a414a6ae85a434897fa1c9da3096b959/elements - {"using":"xpath","value":"//button[@data-kt=\"contractDetailEditBtnButton\"]"}
RESULT: {"using":"xpath","value":"//button[@data-kt=\"contractDetailEditBtnButton\"]"}
COMMAND: POST /session/a414a6ae85a434897fa1c9da3096b959/elements - {"using":"xpath","value":"//button[@data-kt=\"contractDetailEditBtnButton\"]"}
RESULT: {"using":"xpath","value":"//button[@data-kt=\"contractDetailEditBtnButton\"]"}
COMMAND: POST /session/a414a6ae85a434897fa1c9da3096b959/elements - {"using":"xpath","value":"//button[@data-kt=\"contractDetailEditBtnButton\"]"}
RESULT: {"using":"xpath","value":"//button[@data-kt=\"contractDetailEditBtnButton\"]"}
COMMAND: POST /session/a414a6ae85a434897fa1c9da3096b959/elements - {"using":"xpath","value":"//button[@data-kt=\"contractDetailEditBtnButton\"]"}
RESULT: {"using":"xpath","value":"//button[@data-kt=\"contractDetailEditBtnButton\"]"}
COMMAND: POST /session/a414a6ae85a434897fa1c9da3096b959/elements - {"using":"xpath","value":"//button[@data-kt=\"contractDetailEditBtnButton\"]"}
RESULT: {"using":"xpath","value":"//button[@data-kt=\"contractDetailEditBtnButton\"]"}
COMMAND: POST /session/a414a6ae85a434897fa1c9da3096b959/elements - {"using":"xpath","value":"//button[@data-kt=\"contractDetailEditBtnButton\"]"}
RESULT: {"using":"xpath","value":"//button[@data-kt=\"contractDetailEditBtnButton\"]"}
COMMAND: POST /session/a414a6ae85a434897fa1c9da3096b959/elements - {"using":"xpath","value":"//button[@data-kt=\"contractDetailEditBtnButton\"]"}
RESULT: {"using":"xpath","value":"//button[@data-kt=\"contractDetailEditBtnButton\"]"}
COMMAND: POST /session/a414a6ae85a434897fa1c9da3096b959/elements - {"using":"xpath","value":"//button[@data-kt=\"contractDetailEditBtnButton\"]"}
RESULT: {"using":"xpath","value":"//button[@data-kt=\"contractDetailEditBtnButton\"]"}
COMMAND: POST /session/a414a6ae85a434897fa1c9da3096b959/elements - {"using":"xpath","value":"//button[@data-kt=\"contractDetailEditBtnButton\"]"}
RESULT: {"using":"xpath","value":"//button[@data-kt=\"contractDetailEditBtnButton\"]"}
COMMAND: POST /session/a414a6ae85a434897fa1c9da3096b959/elements - {"using":"xpath","value":"//button[@data-kt=\"contractDetailEditBtnButton\"]"}
RESULT: {"using":"xpath","value":"//button[@data-kt=\"contractDetailEditBtnButton\"]"}
COMMAND: POST /session/a414a6ae85a434897fa1c9da3096b959/elements - {"using":"xpath","value":"//button[@data-kt=\"contractDetailEditBtnButton\"]"}
RESULT: {"using":"xpath","value":"//button[@data-kt=\"contractDetailEditBtnButton\"]"}
COMMAND: POST /session/a414a6ae85a434897fa1c9da3096b959/elements - {"using":"xpath","value":"//button[@data-kt=\"contractDetailEditBtnButton\"]"}
RESULT: {"using":"xpath","value":"//button[@data-kt=\"contractDetailEditBtnButton\"]"}
COMMAND: POST /session/a414a6ae85a434897fa1c9da3096b959/elements - {"using":"xpath","value":"//button[@data-kt=\"contractDetailEditBtnButton\"]"}
RESULT: {"using":"xpath","value":"//button[@data-kt=\"contractDetailEditBtnButton\"]"}
COMMAND: POST /session/a414a6ae85a434897fa1c9da3096b959/elements - {"using":"xpath","value":"//button[@data-kt=\"contractDetailEditBtnButton\"]"}
RESULT: {"using":"xpath","value":"//button[@data-kt=\"contractDetailEditBtnButton\"]"}
COMMAND: POST /session/a414a6ae85a434897fa1c9da3096b959/elements - {"using":"xpath","value":"//button[@data-kt=\"contractDetailEditBtnButton\"]"}
RESULT: {"using":"xpath","value":"//button[@data-kt=\"contractDetailEditBtnButton\"]"}
COMMAND: POST /session/a414a6ae85a434897fa1c9da3096b959/elements - {"using":"xpath","value":"//button[@data-kt=\"contractDetailEditBtnButton\"]"}
RESULT: {"using":"xpath","value":"//button[@data-kt=\"contractDetailEditBtnButton\"]"}
COMMAND: POST /session/a414a6ae85a434897fa1c9da3096b959/elements - {"using":"xpath","value":"//button[@data-kt=\"contractDetailEditBtnButton\"]"}
RESULT: {"using":"xpath","value":"//button[@data-kt=\"contractDetailEditBtnButton\"]"}
COMMAND: POST /session/a414a6ae85a434897fa1c9da3096b959/elements - {"using":"xpath","value":"//button[@data-kt=\"contractDetailEditBtnButton\"]"}
RESULT: {"using":"xpath","value":"//button[@data-kt=\"contractDetailEditBtnButton\"]"}
COMMAND: POST /session/a414a6ae85a434897fa1c9da3096b959/elements - {"using":"xpath","value":"//button[@data-kt=\"contractDetailEditBtnButton\"]"}
RESULT: {"using":"xpath","value":"//button[@data-kt=\"contractDetailEditBtnButton\"]"}
COMMAND: POST /session/a414a6ae85a434897fa1c9da3096b959/elements - {"using":"xpath","value":"//button[@data-kt=\"contractDetailEditBtnButton\"]"}
RESULT: {"using":"xpath","value":"//button[@data-kt=\"contractDetailEditBtnButton\"]"}
COMMAND: POST /session/a414a6ae85a434897fa1c9da3096b959/elements - {"using":"xpath","value":"//button[@data-kt=\"contractDetailEditBtnButton\"]"}
RESULT: {"using":"xpath","value":"//button[@data-kt=\"contractDetailEditBtnButton\"]"}
COMMAND: POST /session/a414a6ae85a434897fa1c9da3096b959/elements - {"using":"xpath","value":"//button[@data-kt=\"contractDetailEditBtnButton\"]"}
RESULT: {"using":"xpath","value":"//button[@data-kt=\"contractDetailEditBtnButton\"]"}
COMMAND: POST /session/a414a6ae85a434897fa1c9da3096b959/elements - {"using":"xpath","value":"//button[@data-kt=\"contractDetailEditBtnButton\"]"}
RESULT: {"using":"xpath","value":"//button[@data-kt=\"contractDetailEditBtnButton\"]"}
COMMAND: POST /session/a414a6ae85a434897fa1c9da3096b959/elements - {"using":"xpath","value":"//button[@data-kt=\"contractDetailEditBtnButton\"]"}
RESULT: {"using":"xpath","value":"//button[@data-kt=\"contractDetailEditBtnButton\"]"}
COMMAND: POST /session/a414a6ae85a434897fa1c9da3096b959/elements - {"using":"xpath","value":"//button[@data-kt=\"contractDetailEditBtnButton\"]"}
RESULT: {"using":"xpath","value":"//button[@data-kt=\"contractDetailEditBtnButton\"]"}
COMMAND: POST /session/a414a6ae85a434897fa1c9da3096b959/elements - {"using":"xpath","value":"//button[@data-kt=\"contractDetailEditBtnButton\"]"}
RESULT: {"using":"xpath","value":"//button[@data-kt=\"contractDetailEditBtnButton\"]"}
COMMAND: POST /session/a414a6ae85a434897fa1c9da3096b959/elements - {"using":"xpath","value":"//button[@data-kt=\"contractDetailEditBtnButton\"]"}
RESULT: {"using":"xpath","value":"//button[@data-kt=\"contractDetailEditBtnButton\"]"}
COMMAND: POST /session/a414a6ae85a434897fa1c9da3096b959/elements - {"using":"xpath","value":"//button[@data-kt=\"contractDetailEditBtnButton\"]"}
RESULT: {"using":"xpath","value":"//button[@data-kt=\"contractDetailEditBtnButton\"]"}
COMMAND: POST /session/a414a6ae85a434897fa1c9da3096b959/elements - {"using":"xpath","value":"//button[@data-kt=\"contractDetailEditBtnButton\"]"}
RESULT: {"using":"xpath","value":"//button[@data-kt=\"contractDetailEditBtnButton\"]"}
COMMAND: POST /session/a414a6ae85a434897fa1c9da3096b959/elements - {"using":"xpath","value":"//button[@data-kt=\"contractDetailEditBtnButton\"]"}
RESULT: {"using":"xpath","value":"//button[@data-kt=\"contractDetailEditBtnButton\"]"}
COMMAND: POST /session/a414a6ae85a434897fa1c9da3096b959/elements - {"using":"xpath","value":"//button[@data-kt=\"contractDetailEditBtnButton\"]"}
RESULT: {"using":"xpath","value":"//button[@data-kt=\"contractDetailEditBtnButton\"]"}
COMMAND: POST /session/a414a6ae85a434897fa1c9da3096b959/elements - {"using":"xpath","value":"//button[@data-kt=\"contractDetailEditBtnButton\"]"}
RESULT: {"using":"xpath","value":"//button[@data-kt=\"contractDetailEditBtnButton\"]"}
COMMAND: POST /session/a414a6ae85a434897fa1c9da3096b959/elements - {"using":"xpath","value":"//button[@data-kt=\"contractDetailEditBtnButton\"]"}
RESULT: {"using":"xpath","value":"//button[@data-kt=\"contractDetailEditBtnButton\"]"}
COMMAND: POST /session/a414a6ae85a434897fa1c9da3096b959/elements - {"using":"xpath","value":"//button[@data-kt=\"contractDetailEditBtnButton\"]"}
RESULT: {"using":"xpath","value":"//button[@data-kt=\"contractDetailEditBtnButton\"]"}
COMMAND: POST /session/a414a6ae85a434897fa1c9da3096b959/elements - {"using":"xpath","value":"//button[@data-kt=\"contractDetailEditBtnButton\"]"}
RESULT: {"using":"xpath","value":"//button[@data-kt=\"contractDetailEditBtnButton\"]"}
COMMAND: POST /session/a414a6ae85a434897fa1c9da3096b959/elements - {"using":"xpath","value":"//button[@data-kt=\"contractDetailEditBtnButton\"]"}
RESULT: {"using":"xpath","value":"//button[@data-kt=\"contractDetailEditBtnButton\"]"}
COMMAND: POST /session/a414a6ae85a434897fa1c9da3096b959/elements - {"using":"xpath","value":"//button[@data-kt=\"contractDetailEditBtnButton\"]"}
RESULT: {"using":"xpath","value":"//button[@data-kt=\"contractDetailEditBtnButton\"]"}
COMMAND: POST /session/a414a6ae85a434897fa1c9da3096b959/elements - {"using":"xpath","value":"//button[@data-kt=\"contractDetailEditBtnButton\"]"}
RESULT: {"using":"xpath","value":"//button[@data-kt=\"contractDetailEditBtnButton\"]"}
COMMAND: POST /session/a414a6ae85a434897fa1c9da3096b959/elements - {"using":"xpath","value":"//button[@data-kt=\"contractDetailEditBtnButton\"]"}
RESULT: {"using":"xpath","value":"//button[@data-kt=\"contractDetailEditBtnButton\"]"}
COMMAND: POST /session/a414a6ae85a434897fa1c9da3096b959/elements - {"using":"xpath","value":"//button[@data-kt=\"contractDetailEditBtnButton\"]"}
RESULT: {"using":"xpath","value":"//button[@data-kt=\"contractDetailEditBtnButton\"]"}
COMMAND: POST /session/a414a6ae85a434897fa1c9da3096b959/elements - {"using":"xpath","value":"//button[@data-kt=\"contractDetailEditBtnButton\"]"}
RESULT: {"using":"xpath","value":"//button[@data-kt=\"contractDetailEditBtnButton\"]"}
COMMAND: POST /session/a414a6ae85a434897fa1c9da3096b959/elements - {"using":"xpath","value":"//button[@data-kt=\"contractDetailEditBtnButton\"]"}
RESULT: {"using":"xpath","value":"//button[@data-kt=\"contractDetailEditBtnButton\"]"}
COMMAND: POST /session/a414a6ae85a434897fa1c9da3096b959/elements - {"using":"xpath","value":"//button[@data-kt=\"contractDetailEditBtnButton\"]"}
RESULT: {"using":"xpath","value":"//button[@data-kt=\"contractDetailEditBtnButton\"]"}
COMMAND: POST /session/a414a6ae85a434897fa1c9da3096b959/elements - {"using":"xpath","value":"//button[@data-kt=\"contractDetailEditBtnButton\"]"}
RESULT: {"using":"xpath","value":"//button[@data-kt=\"contractDetailEditBtnButton\"]"}
COMMAND: POST /session/a414a6ae85a434897fa1c9da3096b959/elements - {"using":"xpath","value":"//button[@data-kt=\"contractDetailEditBtnButton\"]"}
RESULT: {"using":"xpath","value":"//button[@data-kt=\"contractDetailEditBtnButton\"]"}
COMMAND: POST /session/a414a6ae85a434897fa1c9da3096b959/elements - {"using":"xpath","value":"//button[@data-kt=\"contractDetailEditBtnButton\"]"}
RESULT: {"using":"xpath","value":"//button[@data-kt=\"contractDetailEditBtnButton\"]"}
COMMAND: POST /session/a414a6ae85a434897fa1c9da3096b959/elements - {"using":"xpath","value":"//button[@data-kt=\"contractDetailEditBtnButton\"]"}
RESULT: {"using":"xpath","value":"//button[@data-kt=\"contractDetailEditBtnButton\"]"}
COMMAND: POST /session/a414a6ae85a434897fa1c9da3096b959/elements - {"using":"xpath","value":"//button[@data-kt=\"contractDetailEditBtnButton\"]"}
RESULT: {"using":"xpath","value":"//button[@data-kt=\"contractDetailEditBtnButton\"]"}
COMMAND: POST /session/a414a6ae85a434897fa1c9da3096b959/elements - {"using":"xpath","value":"//button[@data-kt=\"contractDetailEditBtnButton\"]"}
RESULT: {"using":"xpath","value":"//button[@data-kt=\"contractDetailEditBtnButton\"]"}
COMMAND: POST /session/a414a6ae85a434897fa1c9da3096b959/elements - {"using":"xpath","value":"//button[@data-kt=\"contractDetailEditBtnButton\"]"}
RESULT: {"using":"xpath","value":"//button[@data-kt=\"contractDetailEditBtnButton\"]"}
COMMAND: POST /session/a414a6ae85a434897fa1c9da3096b959/elements - {"using":"xpath","value":"//button[@data-kt=\"contractDetailEditBtnButton\"]"}
RESULT: {"using":"xpath","value":"//button[@data-kt=\"contractDetailEditBtnButton\"]"}
COMMAND: POST /session/a414a6ae85a434897fa1c9da3096b959/elements - {"using":"xpath","value":"//button[@data-kt=\"contractDetailEditBtnButton\"]"}
RESULT: {"using":"xpath","value":"//button[@data-kt=\"contractDetailEditBtnButton\"]"}
COMMAND: POST /session/a414a6ae85a434897fa1c9da3096b959/elements - {"using":"xpath","value":"//button[@data-kt=\"contractDetailEditBtnButton\"]"}
RESULT: {"using":"xpath","value":"//button[@data-kt=\"contractDetailEditBtnButton\"]"}
COMMAND: POST /session/a414a6ae85a434897fa1c9da3096b959/elements - {"using":"xpath","value":"//button[@data-kt=\"contractDetailEditBtnButton\"]"}
RESULT: {"using":"xpath","value":"//button[@data-kt=\"contractDetailEditBtnButton\"]"}
COMMAND: POST /session/a414a6ae85a434897fa1c9da3096b959/elements - {"using":"xpath","value":"//button[@data-kt=\"contractDetailEditBtnButton\"]"}
RESULT: {"using":"xpath","value":"//button[@data-kt=\"contractDetailEditBtnButton\"]"}
COMMAND: POST /session/a414a6ae85a434897fa1c9da3096b959/elements - {"using":"xpath","value":"//button[@data-kt=\"contractDetailEditBtnButton\"]"}
RESULT: {"using":"xpath","value":"//button[@data-kt=\"contractDetailEditBtnButton\"]"}
COMMAND: POST /session/a414a6ae85a434897fa1c9da3096b959/elements - {"using":"xpath","value":"//button[@data-kt=\"contractDetailEditBtnButton\"]"}
RESULT: {"using":"xpath","value":"//button[@data-kt=\"contractDetailEditBtnButton\"]"}
COMMAND: POST /session/a414a6ae85a434897fa1c9da3096b959/elements - {"using":"xpath","value":"//button[@data-kt=\"contractDetailEditBtnButton\"]"}
RESULT: {"using":"xpath","value":"//button[@data-kt=\"contractDetailEditBtnButton\"]"}
COMMAND: POST /session/a414a6ae85a434897fa1c9da3096b959/elements - {"using":"xpath","value":"//button[@data-kt=\"contractDetailEditBtnButton\"]"}
RESULT: {"using":"xpath","value":"//button[@data-kt=\"contractDetailEditBtnButton\"]"}
COMMAND: POST /session/a414a6ae85a434897fa1c9da3096b959/elements - {"using":"xpath","value":"//button[@data-kt=\"contractDetailEditBtnButton\"]"}
RESULT: {"using":"xpath","value":"//button[@data-kt=\"contractDetailEditBtnButton\"]"}
COMMAND: POST /session/a414a6ae85a434897fa1c9da3096b959/elements - {"using":"xpath","value":"//button[@data-kt=\"contractDetailEditBtnButton\"]"}
RESULT: {"using":"xpath","value":"//button[@data-kt=\"contractDetailEditBtnButton\"]"}
COMMAND: POST /session/a414a6ae85a434897fa1c9da3096b959/elements - {"using":"xpath","value":"//button[@data-kt=\"contractDetailEditBtnButton\"]"}
RESULT: {"using":"xpath","value":"//button[@data-kt=\"contractDetailEditBtnButton\"]"}
COMMAND: POST /session/a414a6ae85a434897fa1c9da3096b959/elements - {"using":"xpath","value":"//button[@data-kt=\"contractDetailEditBtnButton\"]"}
RESULT: {"using":"xpath","value":"//button[@data-kt=\"contractDetailEditBtnButton\"]"}
COMMAND: POST /session/a414a6ae85a434897fa1c9da3096b959/elements - {"using":"xpath","value":"//button[@data-kt=\"contractDetailEditBtnButton\"]"}
RESULT: {"using":"xpath","value":"//button[@data-kt=\"contractDetailEditBtnButton\"]"}
COMMAND: POST /session/a414a6ae85a434897fa1c9da3096b959/elements - {"using":"xpath","value":"//button[@data-kt=\"contractDetailEditBtnButton\"]"}
RESULT: {"using":"xpath","value":"//button[@data-kt=\"contractDetailEditBtnButton\"]"}
COMMAND: POST /session/a414a6ae85a434897fa1c9da3096b959/elements - {"using":"xpath","value":"//button[@data-kt=\"contractDetailEditBtnButton\"]"}
RESULT: {"using":"xpath","value":"//button[@data-kt=\"contractDetailEditBtnButton\"]"}
COMMAND: POST /session/a414a6ae85a434897fa1c9da3096b959/elements - {"using":"xpath","value":"//button[@data-kt=\"contractDetailEditBtnButton\"]"}
RESULT: {"using":"xpath","value":"//button[@data-kt=\"contractDetailEditBtnButton\"]"}
COMMAND: POST /session/a414a6ae85a434897fa1c9da3096b959/elements - {"using":"xpath","value":"//button[@data-kt=\"contractDetailEditBtnButton\"]"}
RESULT: {"using":"xpath","value":"//button[@data-kt=\"contractDetailEditBtnButton\"]"}
COMMAND: POST /session/a414a6ae85a434897fa1c9da3096b959/elements - {"using":"xpath","value":"//button[@data-kt=\"contractDetailEditBtnButton\"]"}
RESULT: {"using":"xpath","value":"//button[@data-kt=\"contractDetailEditBtnButton\"]"}
COMMAND: POST /session/a414a6ae85a434897fa1c9da3096b959/elements - {"using":"xpath","value":"//button[@data-kt=\"contractDetailEditBtnButton\"]"}
RESULT: {"using":"xpath","value":"//button[@data-kt=\"contractDetailEditBtnButton\"]"}
COMMAND: POST /session/a414a6ae85a434897fa1c9da3096b959/elements - {"using":"xpath","value":"//button[@data-kt=\"contractDetailEditBtnButton\"]"}
RESULT: {"using":"xpath","value":"//button[@data-kt=\"contractDetailEditBtnButton\"]"}
COMMAND: POST /session/a414a6ae85a434897fa1c9da3096b959/elements - {"using":"xpath","value":"//button[@data-kt=\"contractDetailEditBtnButton\"]"}
RESULT: {"using":"xpath","value":"//button[@data-kt=\"contractDetailEditBtnButton\"]"}
COMMAND: POST /session/a414a6ae85a434897fa1c9da3096b959/elements - {"using":"xpath","value":"//button[@data-kt=\"contractDetailEditBtnButton\"]"}
RESULT: {"using":"xpath","value":"//button[@data-kt=\"contractDetailEditBtnButton\"]"}
COMMAND: POST /session/a414a6ae85a434897fa1c9da3096b959/elements - {"using":"xpath","value":"//button[@data-kt=\"contractDetailEditBtnButton\"]"}
RESULT: {"using":"xpath","value":"//button[@data-kt=\"contractDetailEditBtnButton\"]"}
COMMAND: POST /session/a414a6ae85a434897fa1c9da3096b959/elements - {"using":"xpath","value":"//button[@data-kt=\"contractDetailEditBtnButton\"]"}
RESULT: {"using":"xpath","value":"//button[@data-kt=\"contractDetailEditBtnButton\"]"}
COMMAND: POST /session/a414a6ae85a434897fa1c9da3096b959/elements - {"using":"xpath","value":"//button[@data-kt=\"contractDetailEditBtnButton\"]"}
RESULT: {"using":"xpath","value":"//button[@data-kt=\"contractDetailEditBtnButton\"]"}
COMMAND: POST /session/a414a6ae85a434897fa1c9da3096b959/elements - {"using":"xpath","value":"//button[@data-kt=\"contractDetailEditBtnButton\"]"}
RESULT: {"using":"xpath","value":"//button[@data-kt=\"contractDetailEditBtnButton\"]"}
COMMAND: POST /session/a414a6ae85a434897fa1c9da3096b959/elements - {"using":"xpath","value":"//button[@data-kt=\"contractDetailEditBtnButton\"]"}
RESULT: {"using":"xpath","value":"//button[@data-kt=\"contractDetailEditBtnButton\"]"}
COMMAND: POST /session/a414a6ae85a434897fa1c9da3096b959/elements - {"using":"xpath","value":"//button[@data-kt=\"contractDetailEditBtnButton\"]"}
RESULT: {"using":"xpath","value":"//button[@data-kt=\"contractDetailEditBtnButton\"]"}
COMMAND: POST /session/a414a6ae85a434897fa1c9da3096b959/elements - {"using":"xpath","value":"//button[@data-kt=\"contractDetailEditBtnButton\"]"}
RESULT: {"using":"xpath","value":"//button[@data-kt=\"contractDetailEditBtnButton\"]"}
COMMAND: POST /session/a414a6ae85a434897fa1c9da3096b959/elements - {"using":"xpath","value":"//button[@data-kt=\"contractDetailEditBtnButton\"]"}
RESULT: {"using":"xpath","value":"//button[@data-kt=\"contractDetailEditBtnButton\"]"}
COMMAND: POST /session/a414a6ae85a434897fa1c9da3096b959/elements - {"using":"xpath","value":"//button[@data-kt=\"contractDetailEditBtnButton\"]"}
RESULT: {"using":"xpath","value":"//button[@data-kt=\"contractDetailEditBtnButton\"]"}
COMMAND: POST /session/a414a6ae85a434897fa1c9da3096b959/elements - {"using":"xpath","value":"//button[@data-kt=\"contractDetailEditBtnButton\"]"}
RESULT: {"using":"xpath","value":"//button[@data-kt=\"contractDetailEditBtnButton\"]"}
COMMAND: POST /session/a414a6ae85a434897fa1c9da3096b959/elements - {"using":"xpath","value":"//button[@data-kt=\"contractDetailEditBtnButton\"]"}
RESULT: {"using":"xpath","value":"//button[@data-kt=\"contractDetailEditBtnButton\"]"}
COMMAND: POST /session/a414a6ae85a434897fa1c9da3096b959/elements - {"using":"xpath","value":"//button[@data-kt=\"contractDetailEditBtnButton\"]"}
RESULT: {"using":"xpath","value":"//button[@data-kt=\"contractDetailEditBtnButton\"]"}
COMMAND: POST /session/a414a6ae85a434897fa1c9da3096b959/elements - {"using":"xpath","value":"//button[@data-kt=\"contractDetailEditBtnButton\"]"}
RESULT: {"using":"xpath","value":"//button[@data-kt=\"contractDetailEditBtnButton\"]"}
COMMAND: POST /session/a414a6ae85a434897fa1c9da3096b959/elements - {"using":"xpath","value":"//button[@data-kt=\"contractDetailEditBtnButton\"]"}
RESULT: {"using":"xpath","value":"//button[@data-kt=\"contractDetailEditBtnButton\"]"}
COMMAND: POST /session/a414a6ae85a434897fa1c9da3096b959/elements - {"using":"xpath","value":"//button[@data-kt=\"contractDetailEditBtnButton\"]"}
RESULT: {"using":"xpath","value":"//button[@data-kt=\"contractDetailEditBtnButton\"]"}
COMMAND: POST /session/a414a6ae85a434897fa1c9da3096b959/elements - {"using":"xpath","value":"//button[@data-kt=\"contractDetailEditBtnButton\"]"}
RESULT: {"using":"xpath","value":"//button[@data-kt=\"contractDetailEditBtnButton\"]"}
COMMAND: POST /session/a414a6ae85a434897fa1c9da3096b959/elements - {"using":"xpath","value":"//button[@data-kt=\"contractDetailEditBtnButton\"]"}
RESULT: {"using":"xpath","value":"//button[@data-kt=\"contractDetailEditBtnButton\"]"}
COMMAND: POST /session/a414a6ae85a434897fa1c9da3096b959/elements - {"using":"xpath","value":"//button[@data-kt=\"contractDetailEditBtnButton\"]"}
RESULT: {"using":"xpath","value":"//button[@data-kt=\"contractDetailEditBtnButton\"]"}
COMMAND: POST /session/a414a6ae85a434897fa1c9da3096b959/elements - {"using":"xpath","value":"//button[@data-kt=\"contractDetailEditBtnButton\"]"}
RESULT: {"using":"xpath","value":"//button[@data-kt=\"contractDetailEditBtnButton\"]"}
COMMAND: POST /session/a414a6ae85a434897fa1c9da3096b959/elements - {"using":"xpath","value":"//button[@data-kt=\"contractDetailEditBtnButton\"]"}
RESULT: {"using":"xpath","value":"//button[@data-kt=\"contractDetailEditBtnButton\"]"}
COMMAND: POST /session/a414a6ae85a434897fa1c9da3096b959/elements - {"using":"xpath","value":"//button[@data-kt=\"contractDetailEditBtnButton\"]"}
RESULT: {"using":"xpath","value":"//button[@data-kt=\"contractDetailEditBtnButton\"]"}
COMMAND: POST /session/a414a6ae85a434897fa1c9da3096b959/elements - {"using":"xpath","value":"//button[@data-kt=\"contractDetailEditBtnButton\"]"}
RESULT: {"using":"xpath","value":"//button[@data-kt=\"contractDetailEditBtnButton\"]"}
COMMAND: POST /session/a414a6ae85a434897fa1c9da3096b959/elements - {"using":"xpath","value":"//button[@data-kt=\"contractDetailEditBtnButton\"]"}
RESULT: {"using":"xpath","value":"//button[@data-kt=\"contractDetailEditBtnButton\"]"}
COMMAND: POST /session/a414a6ae85a434897fa1c9da3096b959/elements - {"using":"xpath","value":"//button[@data-kt=\"contractDetailEditBtnButton\"]"}
COMMAND: GET /session/a414a6ae85a434897fa1c9da3096b959/screenshot - {}
RESULT: {"using":"xpath","value":"//button[@data-kt=\"contractDetailEditBtnButton\"]"}
RESULT: {}
]]></system-out>
      <system-err><![CDATA[
Error: Can't call click on element with selector "//button[@data-kt="contractDetailEditBtnButton"]" because element wasn't found
    at async UtilsPrerequisites.addItemToContract (D:\a\1\s\test\specs\BTS\prerequisites-and-utils-functions.js:1852:9)
    at async Context.<anonymous> (D:\a\1\s\test\specs\HTR\provide-to-site-w-warehouse-wo-clarification.spec.js:78:9)
]]></system-err>
    </testcase>
    <testcase classname="chrome.136_0_7103_93.windows.Provide_to_Site_w/_warehouse_management_wo_clarification" name="Should provide to site" time="60.508">
      <failure/>
      <error message="Can't call click on element with selector &quot;//button[@data-kt=&quot;provideButton&quot;]&quot; because element wasn't found"/>
      <system-out><![CDATA[
COMMAND: GET /session/a414a6ae85a434897fa1c9da3096b959/screenshot - {}
COMMAND: POST /session/a414a6ae85a434897fa1c9da3096b959/element - {"using":"xpath","value":"//button[@data-kt=\"provideButton\"]"}
RESULT: {"using":"xpath","value":"//button[@data-kt=\"provideButton\"]"}
COMMAND: POST /session/a414a6ae85a434897fa1c9da3096b959/elements - {"using":"xpath","value":"//button[@data-kt=\"provideButton\"]"}
RESULT: {}
RESULT: {"using":"xpath","value":"//button[@data-kt=\"provideButton\"]"}
COMMAND: POST /session/a414a6ae85a434897fa1c9da3096b959/elements - {"using":"xpath","value":"//button[@data-kt=\"provideButton\"]"}
RESULT: {"using":"xpath","value":"//button[@data-kt=\"provideButton\"]"}
COMMAND: POST /session/a414a6ae85a434897fa1c9da3096b959/elements - {"using":"xpath","value":"//button[@data-kt=\"provideButton\"]"}
RESULT: {"using":"xpath","value":"//button[@data-kt=\"provideButton\"]"}
COMMAND: POST /session/a414a6ae85a434897fa1c9da3096b959/elements - {"using":"xpath","value":"//button[@data-kt=\"provideButton\"]"}
RESULT: {"using":"xpath","value":"//button[@data-kt=\"provideButton\"]"}
COMMAND: POST /session/a414a6ae85a434897fa1c9da3096b959/elements - {"using":"xpath","value":"//button[@data-kt=\"provideButton\"]"}
RESULT: {"using":"xpath","value":"//button[@data-kt=\"provideButton\"]"}
COMMAND: POST /session/a414a6ae85a434897fa1c9da3096b959/elements - {"using":"xpath","value":"//button[@data-kt=\"provideButton\"]"}
RESULT: {"using":"xpath","value":"//button[@data-kt=\"provideButton\"]"}
COMMAND: POST /session/a414a6ae85a434897fa1c9da3096b959/elements - {"using":"xpath","value":"//button[@data-kt=\"provideButton\"]"}
RESULT: {"using":"xpath","value":"//button[@data-kt=\"provideButton\"]"}
COMMAND: POST /session/a414a6ae85a434897fa1c9da3096b959/elements - {"using":"xpath","value":"//button[@data-kt=\"provideButton\"]"}
RESULT: {"using":"xpath","value":"//button[@data-kt=\"provideButton\"]"}
COMMAND: POST /session/a414a6ae85a434897fa1c9da3096b959/elements - {"using":"xpath","value":"//button[@data-kt=\"provideButton\"]"}
RESULT: {"using":"xpath","value":"//button[@data-kt=\"provideButton\"]"}
COMMAND: POST /session/a414a6ae85a434897fa1c9da3096b959/elements - {"using":"xpath","value":"//button[@data-kt=\"provideButton\"]"}
RESULT: {"using":"xpath","value":"//button[@data-kt=\"provideButton\"]"}
COMMAND: POST /session/a414a6ae85a434897fa1c9da3096b959/elements - {"using":"xpath","value":"//button[@data-kt=\"provideButton\"]"}
RESULT: {"using":"xpath","value":"//button[@data-kt=\"provideButton\"]"}
COMMAND: POST /session/a414a6ae85a434897fa1c9da3096b959/elements - {"using":"xpath","value":"//button[@data-kt=\"provideButton\"]"}
RESULT: {"using":"xpath","value":"//button[@data-kt=\"provideButton\"]"}
COMMAND: POST /session/a414a6ae85a434897fa1c9da3096b959/elements - {"using":"xpath","value":"//button[@data-kt=\"provideButton\"]"}
RESULT: {"using":"xpath","value":"//button[@data-kt=\"provideButton\"]"}
COMMAND: POST /session/a414a6ae85a434897fa1c9da3096b959/elements - {"using":"xpath","value":"//button[@data-kt=\"provideButton\"]"}
RESULT: {"using":"xpath","value":"//button[@data-kt=\"provideButton\"]"}
COMMAND: POST /session/a414a6ae85a434897fa1c9da3096b959/elements - {"using":"xpath","value":"//button[@data-kt=\"provideButton\"]"}
RESULT: {"using":"xpath","value":"//button[@data-kt=\"provideButton\"]"}
COMMAND: POST /session/a414a6ae85a434897fa1c9da3096b959/elements - {"using":"xpath","value":"//button[@data-kt=\"provideButton\"]"}
RESULT: {"using":"xpath","value":"//button[@data-kt=\"provideButton\"]"}
COMMAND: POST /session/a414a6ae85a434897fa1c9da3096b959/elements - {"using":"xpath","value":"//button[@data-kt=\"provideButton\"]"}
RESULT: {"using":"xpath","value":"//button[@data-kt=\"provideButton\"]"}
COMMAND: POST /session/a414a6ae85a434897fa1c9da3096b959/elements - {"using":"xpath","value":"//button[@data-kt=\"provideButton\"]"}
RESULT: {"using":"xpath","value":"//button[@data-kt=\"provideButton\"]"}
COMMAND: POST /session/a414a6ae85a434897fa1c9da3096b959/elements - {"using":"xpath","value":"//button[@data-kt=\"provideButton\"]"}
RESULT: {"using":"xpath","value":"//button[@data-kt=\"provideButton\"]"}
COMMAND: POST /session/a414a6ae85a434897fa1c9da3096b959/elements - {"using":"xpath","value":"//button[@data-kt=\"provideButton\"]"}
RESULT: {"using":"xpath","value":"//button[@data-kt=\"provideButton\"]"}
COMMAND: POST /session/a414a6ae85a434897fa1c9da3096b959/elements - {"using":"xpath","value":"//button[@data-kt=\"provideButton\"]"}
RESULT: {"using":"xpath","value":"//button[@data-kt=\"provideButton\"]"}
COMMAND: POST /session/a414a6ae85a434897fa1c9da3096b959/elements - {"using":"xpath","value":"//button[@data-kt=\"provideButton\"]"}
RESULT: {"using":"xpath","value":"//button[@data-kt=\"provideButton\"]"}
COMMAND: POST /session/a414a6ae85a434897fa1c9da3096b959/elements - {"using":"xpath","value":"//button[@data-kt=\"provideButton\"]"}
RESULT: {"using":"xpath","value":"//button[@data-kt=\"provideButton\"]"}
COMMAND: POST /session/a414a6ae85a434897fa1c9da3096b959/elements - {"using":"xpath","value":"//button[@data-kt=\"provideButton\"]"}
RESULT: {"using":"xpath","value":"//button[@data-kt=\"provideButton\"]"}
COMMAND: POST /session/a414a6ae85a434897fa1c9da3096b959/elements - {"using":"xpath","value":"//button[@data-kt=\"provideButton\"]"}
RESULT: {"using":"xpath","value":"//button[@data-kt=\"provideButton\"]"}
COMMAND: POST /session/a414a6ae85a434897fa1c9da3096b959/elements - {"using":"xpath","value":"//button[@data-kt=\"provideButton\"]"}
RESULT: {"using":"xpath","value":"//button[@data-kt=\"provideButton\"]"}
COMMAND: POST /session/a414a6ae85a434897fa1c9da3096b959/elements - {"using":"xpath","value":"//button[@data-kt=\"provideButton\"]"}
RESULT: {"using":"xpath","value":"//button[@data-kt=\"provideButton\"]"}
COMMAND: POST /session/a414a6ae85a434897fa1c9da3096b959/elements - {"using":"xpath","value":"//button[@data-kt=\"provideButton\"]"}
RESULT: {"using":"xpath","value":"//button[@data-kt=\"provideButton\"]"}
COMMAND: POST /session/a414a6ae85a434897fa1c9da3096b959/elements - {"using":"xpath","value":"//button[@data-kt=\"provideButton\"]"}
RESULT: {"using":"xpath","value":"//button[@data-kt=\"provideButton\"]"}
COMMAND: POST /session/a414a6ae85a434897fa1c9da3096b959/elements - {"using":"xpath","value":"//button[@data-kt=\"provideButton\"]"}
RESULT: {"using":"xpath","value":"//button[@data-kt=\"provideButton\"]"}
COMMAND: POST /session/a414a6ae85a434897fa1c9da3096b959/elements - {"using":"xpath","value":"//button[@data-kt=\"provideButton\"]"}
RESULT: {"using":"xpath","value":"//button[@data-kt=\"provideButton\"]"}
COMMAND: POST /session/a414a6ae85a434897fa1c9da3096b959/elements - {"using":"xpath","value":"//button[@data-kt=\"provideButton\"]"}
RESULT: {"using":"xpath","value":"//button[@data-kt=\"provideButton\"]"}
COMMAND: POST /session/a414a6ae85a434897fa1c9da3096b959/elements - {"using":"xpath","value":"//button[@data-kt=\"provideButton\"]"}
RESULT: {"using":"xpath","value":"//button[@data-kt=\"provideButton\"]"}
COMMAND: POST /session/a414a6ae85a434897fa1c9da3096b959/elements - {"using":"xpath","value":"//button[@data-kt=\"provideButton\"]"}
RESULT: {"using":"xpath","value":"//button[@data-kt=\"provideButton\"]"}
COMMAND: POST /session/a414a6ae85a434897fa1c9da3096b959/elements - {"using":"xpath","value":"//button[@data-kt=\"provideButton\"]"}
RESULT: {"using":"xpath","value":"//button[@data-kt=\"provideButton\"]"}
COMMAND: POST /session/a414a6ae85a434897fa1c9da3096b959/elements - {"using":"xpath","value":"//button[@data-kt=\"provideButton\"]"}
RESULT: {"using":"xpath","value":"//button[@data-kt=\"provideButton\"]"}
COMMAND: POST /session/a414a6ae85a434897fa1c9da3096b959/elements - {"using":"xpath","value":"//button[@data-kt=\"provideButton\"]"}
RESULT: {"using":"xpath","value":"//button[@data-kt=\"provideButton\"]"}
COMMAND: POST /session/a414a6ae85a434897fa1c9da3096b959/elements - {"using":"xpath","value":"//button[@data-kt=\"provideButton\"]"}
RESULT: {"using":"xpath","value":"//button[@data-kt=\"provideButton\"]"}
COMMAND: POST /session/a414a6ae85a434897fa1c9da3096b959/elements - {"using":"xpath","value":"//button[@data-kt=\"provideButton\"]"}
RESULT: {"using":"xpath","value":"//button[@data-kt=\"provideButton\"]"}
COMMAND: POST /session/a414a6ae85a434897fa1c9da3096b959/elements - {"using":"xpath","value":"//button[@data-kt=\"provideButton\"]"}
RESULT: {"using":"xpath","value":"//button[@data-kt=\"provideButton\"]"}
COMMAND: POST /session/a414a6ae85a434897fa1c9da3096b959/elements - {"using":"xpath","value":"//button[@data-kt=\"provideButton\"]"}
RESULT: {"using":"xpath","value":"//button[@data-kt=\"provideButton\"]"}
COMMAND: POST /session/a414a6ae85a434897fa1c9da3096b959/elements - {"using":"xpath","value":"//button[@data-kt=\"provideButton\"]"}
RESULT: {"using":"xpath","value":"//button[@data-kt=\"provideButton\"]"}
COMMAND: POST /session/a414a6ae85a434897fa1c9da3096b959/elements - {"using":"xpath","value":"//button[@data-kt=\"provideButton\"]"}
RESULT: {"using":"xpath","value":"//button[@data-kt=\"provideButton\"]"}
COMMAND: POST /session/a414a6ae85a434897fa1c9da3096b959/elements - {"using":"xpath","value":"//button[@data-kt=\"provideButton\"]"}
RESULT: {"using":"xpath","value":"//button[@data-kt=\"provideButton\"]"}
COMMAND: POST /session/a414a6ae85a434897fa1c9da3096b959/elements - {"using":"xpath","value":"//button[@data-kt=\"provideButton\"]"}
RESULT: {"using":"xpath","value":"//button[@data-kt=\"provideButton\"]"}
COMMAND: POST /session/a414a6ae85a434897fa1c9da3096b959/elements - {"using":"xpath","value":"//button[@data-kt=\"provideButton\"]"}
RESULT: {"using":"xpath","value":"//button[@data-kt=\"provideButton\"]"}
COMMAND: POST /session/a414a6ae85a434897fa1c9da3096b959/elements - {"using":"xpath","value":"//button[@data-kt=\"provideButton\"]"}
RESULT: {"using":"xpath","value":"//button[@data-kt=\"provideButton\"]"}
COMMAND: POST /session/a414a6ae85a434897fa1c9da3096b959/elements - {"using":"xpath","value":"//button[@data-kt=\"provideButton\"]"}
RESULT: {"using":"xpath","value":"//button[@data-kt=\"provideButton\"]"}
COMMAND: POST /session/a414a6ae85a434897fa1c9da3096b959/elements - {"using":"xpath","value":"//button[@data-kt=\"provideButton\"]"}
RESULT: {"using":"xpath","value":"//button[@data-kt=\"provideButton\"]"}
COMMAND: POST /session/a414a6ae85a434897fa1c9da3096b959/elements - {"using":"xpath","value":"//button[@data-kt=\"provideButton\"]"}
RESULT: {"using":"xpath","value":"//button[@data-kt=\"provideButton\"]"}
COMMAND: POST /session/a414a6ae85a434897fa1c9da3096b959/elements - {"using":"xpath","value":"//button[@data-kt=\"provideButton\"]"}
RESULT: {"using":"xpath","value":"//button[@data-kt=\"provideButton\"]"}
COMMAND: POST /session/a414a6ae85a434897fa1c9da3096b959/elements - {"using":"xpath","value":"//button[@data-kt=\"provideButton\"]"}
RESULT: {"using":"xpath","value":"//button[@data-kt=\"provideButton\"]"}
COMMAND: POST /session/a414a6ae85a434897fa1c9da3096b959/elements - {"using":"xpath","value":"//button[@data-kt=\"provideButton\"]"}
RESULT: {"using":"xpath","value":"//button[@data-kt=\"provideButton\"]"}
COMMAND: POST /session/a414a6ae85a434897fa1c9da3096b959/elements - {"using":"xpath","value":"//button[@data-kt=\"provideButton\"]"}
RESULT: {"using":"xpath","value":"//button[@data-kt=\"provideButton\"]"}
COMMAND: POST /session/a414a6ae85a434897fa1c9da3096b959/elements - {"using":"xpath","value":"//button[@data-kt=\"provideButton\"]"}
RESULT: {"using":"xpath","value":"//button[@data-kt=\"provideButton\"]"}
COMMAND: POST /session/a414a6ae85a434897fa1c9da3096b959/elements - {"using":"xpath","value":"//button[@data-kt=\"provideButton\"]"}
RESULT: {"using":"xpath","value":"//button[@data-kt=\"provideButton\"]"}
COMMAND: POST /session/a414a6ae85a434897fa1c9da3096b959/elements - {"using":"xpath","value":"//button[@data-kt=\"provideButton\"]"}
RESULT: {"using":"xpath","value":"//button[@data-kt=\"provideButton\"]"}
COMMAND: POST /session/a414a6ae85a434897fa1c9da3096b959/elements - {"using":"xpath","value":"//button[@data-kt=\"provideButton\"]"}
RESULT: {"using":"xpath","value":"//button[@data-kt=\"provideButton\"]"}
COMMAND: POST /session/a414a6ae85a434897fa1c9da3096b959/elements - {"using":"xpath","value":"//button[@data-kt=\"provideButton\"]"}
RESULT: {"using":"xpath","value":"//button[@data-kt=\"provideButton\"]"}
COMMAND: POST /session/a414a6ae85a434897fa1c9da3096b959/elements - {"using":"xpath","value":"//button[@data-kt=\"provideButton\"]"}
RESULT: {"using":"xpath","value":"//button[@data-kt=\"provideButton\"]"}
COMMAND: POST /session/a414a6ae85a434897fa1c9da3096b959/elements - {"using":"xpath","value":"//button[@data-kt=\"provideButton\"]"}
RESULT: {"using":"xpath","value":"//button[@data-kt=\"provideButton\"]"}
COMMAND: POST /session/a414a6ae85a434897fa1c9da3096b959/elements - {"using":"xpath","value":"//button[@data-kt=\"provideButton\"]"}
RESULT: {"using":"xpath","value":"//button[@data-kt=\"provideButton\"]"}
COMMAND: POST /session/a414a6ae85a434897fa1c9da3096b959/elements - {"using":"xpath","value":"//button[@data-kt=\"provideButton\"]"}
RESULT: {"using":"xpath","value":"//button[@data-kt=\"provideButton\"]"}
COMMAND: POST /session/a414a6ae85a434897fa1c9da3096b959/elements - {"using":"xpath","value":"//button[@data-kt=\"provideButton\"]"}
RESULT: {"using":"xpath","value":"//button[@data-kt=\"provideButton\"]"}
COMMAND: POST /session/a414a6ae85a434897fa1c9da3096b959/elements - {"using":"xpath","value":"//button[@data-kt=\"provideButton\"]"}
RESULT: {"using":"xpath","value":"//button[@data-kt=\"provideButton\"]"}
COMMAND: POST /session/a414a6ae85a434897fa1c9da3096b959/elements - {"using":"xpath","value":"//button[@data-kt=\"provideButton\"]"}
RESULT: {"using":"xpath","value":"//button[@data-kt=\"provideButton\"]"}
COMMAND: POST /session/a414a6ae85a434897fa1c9da3096b959/elements - {"using":"xpath","value":"//button[@data-kt=\"provideButton\"]"}
RESULT: {"using":"xpath","value":"//button[@data-kt=\"provideButton\"]"}
COMMAND: POST /session/a414a6ae85a434897fa1c9da3096b959/elements - {"using":"xpath","value":"//button[@data-kt=\"provideButton\"]"}
RESULT: {"using":"xpath","value":"//button[@data-kt=\"provideButton\"]"}
COMMAND: POST /session/a414a6ae85a434897fa1c9da3096b959/elements - {"using":"xpath","value":"//button[@data-kt=\"provideButton\"]"}
RESULT: {"using":"xpath","value":"//button[@data-kt=\"provideButton\"]"}
COMMAND: POST /session/a414a6ae85a434897fa1c9da3096b959/elements - {"using":"xpath","value":"//button[@data-kt=\"provideButton\"]"}
RESULT: {"using":"xpath","value":"//button[@data-kt=\"provideButton\"]"}
COMMAND: POST /session/a414a6ae85a434897fa1c9da3096b959/elements - {"using":"xpath","value":"//button[@data-kt=\"provideButton\"]"}
RESULT: {"using":"xpath","value":"//button[@data-kt=\"provideButton\"]"}
COMMAND: POST /session/a414a6ae85a434897fa1c9da3096b959/elements - {"using":"xpath","value":"//button[@data-kt=\"provideButton\"]"}
RESULT: {"using":"xpath","value":"//button[@data-kt=\"provideButton\"]"}
COMMAND: POST /session/a414a6ae85a434897fa1c9da3096b959/elements - {"using":"xpath","value":"//button[@data-kt=\"provideButton\"]"}
RESULT: {"using":"xpath","value":"//button[@data-kt=\"provideButton\"]"}
COMMAND: POST /session/a414a6ae85a434897fa1c9da3096b959/elements - {"using":"xpath","value":"//button[@data-kt=\"provideButton\"]"}
RESULT: {"using":"xpath","value":"//button[@data-kt=\"provideButton\"]"}
COMMAND: POST /session/a414a6ae85a434897fa1c9da3096b959/elements - {"using":"xpath","value":"//button[@data-kt=\"provideButton\"]"}
RESULT: {"using":"xpath","value":"//button[@data-kt=\"provideButton\"]"}
COMMAND: POST /session/a414a6ae85a434897fa1c9da3096b959/elements - {"using":"xpath","value":"//button[@data-kt=\"provideButton\"]"}
RESULT: {"using":"xpath","value":"//button[@data-kt=\"provideButton\"]"}
COMMAND: POST /session/a414a6ae85a434897fa1c9da3096b959/elements - {"using":"xpath","value":"//button[@data-kt=\"provideButton\"]"}
RESULT: {"using":"xpath","value":"//button[@data-kt=\"provideButton\"]"}
COMMAND: POST /session/a414a6ae85a434897fa1c9da3096b959/elements - {"using":"xpath","value":"//button[@data-kt=\"provideButton\"]"}
RESULT: {"using":"xpath","value":"//button[@data-kt=\"provideButton\"]"}
COMMAND: POST /session/a414a6ae85a434897fa1c9da3096b959/elements - {"using":"xpath","value":"//button[@data-kt=\"provideButton\"]"}
RESULT: {"using":"xpath","value":"//button[@data-kt=\"provideButton\"]"}
COMMAND: POST /session/a414a6ae85a434897fa1c9da3096b959/elements - {"using":"xpath","value":"//button[@data-kt=\"provideButton\"]"}
RESULT: {"using":"xpath","value":"//button[@data-kt=\"provideButton\"]"}
COMMAND: POST /session/a414a6ae85a434897fa1c9da3096b959/elements - {"using":"xpath","value":"//button[@data-kt=\"provideButton\"]"}
RESULT: {"using":"xpath","value":"//button[@data-kt=\"provideButton\"]"}
COMMAND: POST /session/a414a6ae85a434897fa1c9da3096b959/elements - {"using":"xpath","value":"//button[@data-kt=\"provideButton\"]"}
RESULT: {"using":"xpath","value":"//button[@data-kt=\"provideButton\"]"}
COMMAND: POST /session/a414a6ae85a434897fa1c9da3096b959/elements - {"using":"xpath","value":"//button[@data-kt=\"provideButton\"]"}
RESULT: {"using":"xpath","value":"//button[@data-kt=\"provideButton\"]"}
COMMAND: POST /session/a414a6ae85a434897fa1c9da3096b959/elements - {"using":"xpath","value":"//button[@data-kt=\"provideButton\"]"}
RESULT: {"using":"xpath","value":"//button[@data-kt=\"provideButton\"]"}
COMMAND: POST /session/a414a6ae85a434897fa1c9da3096b959/elements - {"using":"xpath","value":"//button[@data-kt=\"provideButton\"]"}
RESULT: {"using":"xpath","value":"//button[@data-kt=\"provideButton\"]"}
COMMAND: POST /session/a414a6ae85a434897fa1c9da3096b959/elements - {"using":"xpath","value":"//button[@data-kt=\"provideButton\"]"}
RESULT: {"using":"xpath","value":"//button[@data-kt=\"provideButton\"]"}
COMMAND: POST /session/a414a6ae85a434897fa1c9da3096b959/elements - {"using":"xpath","value":"//button[@data-kt=\"provideButton\"]"}
RESULT: {"using":"xpath","value":"//button[@data-kt=\"provideButton\"]"}
COMMAND: POST /session/a414a6ae85a434897fa1c9da3096b959/elements - {"using":"xpath","value":"//button[@data-kt=\"provideButton\"]"}
RESULT: {"using":"xpath","value":"//button[@data-kt=\"provideButton\"]"}
COMMAND: POST /session/a414a6ae85a434897fa1c9da3096b959/elements - {"using":"xpath","value":"//button[@data-kt=\"provideButton\"]"}
RESULT: {"using":"xpath","value":"//button[@data-kt=\"provideButton\"]"}
COMMAND: POST /session/a414a6ae85a434897fa1c9da3096b959/elements - {"using":"xpath","value":"//button[@data-kt=\"provideButton\"]"}
RESULT: {"using":"xpath","value":"//button[@data-kt=\"provideButton\"]"}
COMMAND: POST /session/a414a6ae85a434897fa1c9da3096b959/elements - {"using":"xpath","value":"//button[@data-kt=\"provideButton\"]"}
RESULT: {"using":"xpath","value":"//button[@data-kt=\"provideButton\"]"}
COMMAND: POST /session/a414a6ae85a434897fa1c9da3096b959/elements - {"using":"xpath","value":"//button[@data-kt=\"provideButton\"]"}
RESULT: {"using":"xpath","value":"//button[@data-kt=\"provideButton\"]"}
COMMAND: POST /session/a414a6ae85a434897fa1c9da3096b959/elements - {"using":"xpath","value":"//button[@data-kt=\"provideButton\"]"}
RESULT: {"using":"xpath","value":"//button[@data-kt=\"provideButton\"]"}
COMMAND: POST /session/a414a6ae85a434897fa1c9da3096b959/elements - {"using":"xpath","value":"//button[@data-kt=\"provideButton\"]"}
RESULT: {"using":"xpath","value":"//button[@data-kt=\"provideButton\"]"}
COMMAND: POST /session/a414a6ae85a434897fa1c9da3096b959/elements - {"using":"xpath","value":"//button[@data-kt=\"provideButton\"]"}
RESULT: {"using":"xpath","value":"//button[@data-kt=\"provideButton\"]"}
COMMAND: POST /session/a414a6ae85a434897fa1c9da3096b959/elements - {"using":"xpath","value":"//button[@data-kt=\"provideButton\"]"}
RESULT: {"using":"xpath","value":"//button[@data-kt=\"provideButton\"]"}
COMMAND: POST /session/a414a6ae85a434897fa1c9da3096b959/elements - {"using":"xpath","value":"//button[@data-kt=\"provideButton\"]"}
RESULT: {"using":"xpath","value":"//button[@data-kt=\"provideButton\"]"}
COMMAND: POST /session/a414a6ae85a434897fa1c9da3096b959/elements - {"using":"xpath","value":"//button[@data-kt=\"provideButton\"]"}
RESULT: {"using":"xpath","value":"//button[@data-kt=\"provideButton\"]"}
COMMAND: POST /session/a414a6ae85a434897fa1c9da3096b959/elements - {"using":"xpath","value":"//button[@data-kt=\"provideButton\"]"}
RESULT: {"using":"xpath","value":"//button[@data-kt=\"provideButton\"]"}
COMMAND: POST /session/a414a6ae85a434897fa1c9da3096b959/elements - {"using":"xpath","value":"//button[@data-kt=\"provideButton\"]"}
RESULT: {"using":"xpath","value":"//button[@data-kt=\"provideButton\"]"}
COMMAND: POST /session/a414a6ae85a434897fa1c9da3096b959/elements - {"using":"xpath","value":"//button[@data-kt=\"provideButton\"]"}
RESULT: {"using":"xpath","value":"//button[@data-kt=\"provideButton\"]"}
COMMAND: POST /session/a414a6ae85a434897fa1c9da3096b959/elements - {"using":"xpath","value":"//button[@data-kt=\"provideButton\"]"}
RESULT: {"using":"xpath","value":"//button[@data-kt=\"provideButton\"]"}
COMMAND: POST /session/a414a6ae85a434897fa1c9da3096b959/elements - {"using":"xpath","value":"//button[@data-kt=\"provideButton\"]"}
RESULT: {"using":"xpath","value":"//button[@data-kt=\"provideButton\"]"}
COMMAND: POST /session/a414a6ae85a434897fa1c9da3096b959/elements - {"using":"xpath","value":"//button[@data-kt=\"provideButton\"]"}
RESULT: {"using":"xpath","value":"//button[@data-kt=\"provideButton\"]"}
COMMAND: POST /session/a414a6ae85a434897fa1c9da3096b959/elements - {"using":"xpath","value":"//button[@data-kt=\"provideButton\"]"}
RESULT: {"using":"xpath","value":"//button[@data-kt=\"provideButton\"]"}
COMMAND: POST /session/a414a6ae85a434897fa1c9da3096b959/elements - {"using":"xpath","value":"//button[@data-kt=\"provideButton\"]"}
RESULT: {"using":"xpath","value":"//button[@data-kt=\"provideButton\"]"}
COMMAND: POST /session/a414a6ae85a434897fa1c9da3096b959/elements - {"using":"xpath","value":"//button[@data-kt=\"provideButton\"]"}
RESULT: {"using":"xpath","value":"//button[@data-kt=\"provideButton\"]"}
COMMAND: POST /session/a414a6ae85a434897fa1c9da3096b959/elements - {"using":"xpath","value":"//button[@data-kt=\"provideButton\"]"}
RESULT: {"using":"xpath","value":"//button[@data-kt=\"provideButton\"]"}
COMMAND: POST /session/a414a6ae85a434897fa1c9da3096b959/elements - {"using":"xpath","value":"//button[@data-kt=\"provideButton\"]"}
RESULT: {"using":"xpath","value":"//button[@data-kt=\"provideButton\"]"}
COMMAND: POST /session/a414a6ae85a434897fa1c9da3096b959/elements - {"using":"xpath","value":"//button[@data-kt=\"provideButton\"]"}
RESULT: {"using":"xpath","value":"//button[@data-kt=\"provideButton\"]"}
COMMAND: POST /session/a414a6ae85a434897fa1c9da3096b959/elements - {"using":"xpath","value":"//button[@data-kt=\"provideButton\"]"}
RESULT: {"using":"xpath","value":"//button[@data-kt=\"provideButton\"]"}
COMMAND: POST /session/a414a6ae85a434897fa1c9da3096b959/elements - {"using":"xpath","value":"//button[@data-kt=\"provideButton\"]"}
RESULT: {"using":"xpath","value":"//button[@data-kt=\"provideButton\"]"}
COMMAND: POST /session/a414a6ae85a434897fa1c9da3096b959/elements - {"using":"xpath","value":"//button[@data-kt=\"provideButton\"]"}
RESULT: {"using":"xpath","value":"//button[@data-kt=\"provideButton\"]"}
COMMAND: POST /session/a414a6ae85a434897fa1c9da3096b959/elements - {"using":"xpath","value":"//button[@data-kt=\"provideButton\"]"}
RESULT: {"using":"xpath","value":"//button[@data-kt=\"provideButton\"]"}
COMMAND: POST /session/a414a6ae85a434897fa1c9da3096b959/elements - {"using":"xpath","value":"//button[@data-kt=\"provideButton\"]"}
RESULT: {"using":"xpath","value":"//button[@data-kt=\"provideButton\"]"}
COMMAND: POST /session/a414a6ae85a434897fa1c9da3096b959/elements - {"using":"xpath","value":"//button[@data-kt=\"provideButton\"]"}
RESULT: {"using":"xpath","value":"//button[@data-kt=\"provideButton\"]"}
COMMAND: POST /session/a414a6ae85a434897fa1c9da3096b959/elements - {"using":"xpath","value":"//button[@data-kt=\"provideButton\"]"}
RESULT: {"using":"xpath","value":"//button[@data-kt=\"provideButton\"]"}
COMMAND: POST /session/a414a6ae85a434897fa1c9da3096b959/elements - {"using":"xpath","value":"//button[@data-kt=\"provideButton\"]"}
RESULT: {"using":"xpath","value":"//button[@data-kt=\"provideButton\"]"}
COMMAND: POST /session/a414a6ae85a434897fa1c9da3096b959/elements - {"using":"xpath","value":"//button[@data-kt=\"provideButton\"]"}
RESULT: {"using":"xpath","value":"//button[@data-kt=\"provideButton\"]"}
COMMAND: POST /session/a414a6ae85a434897fa1c9da3096b959/elements - {"using":"xpath","value":"//button[@data-kt=\"provideButton\"]"}
RESULT: {"using":"xpath","value":"//button[@data-kt=\"provideButton\"]"}
COMMAND: POST /session/a414a6ae85a434897fa1c9da3096b959/elements - {"using":"xpath","value":"//button[@data-kt=\"provideButton\"]"}
COMMAND: GET /session/a414a6ae85a434897fa1c9da3096b959/screenshot - {}
RESULT: {"using":"xpath","value":"//button[@data-kt=\"provideButton\"]"}
RESULT: {}
]]></system-out>
      <system-err><![CDATA[
Error: Can't call click on element with selector "//button[@data-kt="provideButton"]" because element wasn't found
    at async Context.<anonymous> (D:\a\1\s\test\specs\HTR\provide-to-site-w-warehouse-wo-clarification.spec.js:83:9)
]]></system-err>
    </testcase>
    <testcase classname="chrome.136_0_7103_93.windows.Provide_to_Site_w/_warehouse_management_wo_clarification" name="Should Test for Handover Execution" time="34.259">
      <failure/>
      <error message="expect(received).toEqual(expected) // deep equality&#xA;&#xA;Expected: &quot;stored&quot;&#xA;Received: undefined"/>
      <system-out><![CDATA[
COMMAND: GET /session/a414a6ae85a434897fa1c9da3096b959/screenshot - {}
COMMAND: POST /session/a414a6ae85a434897fa1c9da3096b959/execute/async - {"script":"<script> [1562 bytes]","args":[{"selector":{"controlType":"sap.m.Link","viewName":"etm.portal.ui.managehandovers.view.DetailExecuteHO","bindingPath":{"path":"","propertyPath":"/wmDoc","modelName":"warehouseMovModel"}},"wdio_ui5_key":"etmportal.ui.managehandovers.view.DetailExecuteHOsap.m.Link{\"path\":\"\",\"propertyPath\":\"/wmDoc\",\"modelName\":\"warehouseMovModel\"}"}]}
RESULT: {}
RESULT: {"script":"<script> [1562 bytes]","args":[{"selector":{"controlType":"sap.m.Link","viewName":"etm.portal.ui.managehandovers.view.DetailExecuteHO","bindingPath":{"path":"","propertyPath":"/wmDoc","modelName":"warehouseMovModel"}},"wdio_ui5_key":"etmportal.ui.managehandovers.view.DetailExecuteHOsap.m.Link{\"path\":\"\",\"propertyPath\":\"/wmDoc\",\"modelName\":\"warehouseMovModel\"}"}]}
RESULT: undefined
COMMAND: POST /session/a414a6ae85a434897fa1c9da3096b959/execute/async - {"script":"<script> [1562 bytes]","args":[{"selector":{"controlType":"sap.m.Link","viewName":"etm.portal.ui.managehandovers.view.DetailExecuteHO","properties":{"text":"Warehouse Overview"},"searchOpenDialogs":true},"wdio_ui5_key":"etmportal.ui.managehandovers.view.DetailExecuteHOsap.m.Link{\"text\":\"Warehouse Overview\"}"}]}
RESULT: {"script":"<script> [1562 bytes]","args":[{"selector":{"controlType":"sap.m.Link","viewName":"etm.portal.ui.managehandovers.view.DetailExecuteHO","properties":{"text":"Warehouse Overview"},"searchOpenDialogs":true},"wdio_ui5_key":"etmportal.ui.managehandovers.view.DetailExecuteHOsap.m.Link{\"text\":\"Warehouse Overview\"}"}]}
RESULT: undefined
COMMAND: POST /session/a414a6ae85a434897fa1c9da3096b959/execute/async - {"script":"<script> [1562 bytes]","args":[{"selector":{"controlType":"sap.m.Button","viewName":"etm.portal.ui.warehousemovements.view.DisplayMovement","viewId":"application-warehousemovements-display-component---displayMovement","i18NText":{"propertyName":"text","key":"execution"},"interaction":{"idSuffix":"BDI-content"}},"wdio_ui5_key":"etmportal.ui.warehousemovements.view.DisplayMovementsap.m.Button{\"propertyName\":\"text\",\"key\":\"execution\"}"}]}
RESULT: {"script":"<script> [1562 bytes]","args":[{"selector":{"controlType":"sap.m.Button","viewName":"etm.portal.ui.warehousemovements.view.DisplayMovement","viewId":"application-warehousemovements-display-component---displayMovement","i18NText":{"propertyName":"text","key":"execution"},"interaction":{"idSuffix":"BDI-content"}},"wdio_ui5_key":"etmportal.ui.warehousemovements.view.DisplayMovementsap.m.Button{\"propertyName\":\"text\",\"key\":\"execution\"}"}]}
RESULT: undefined
COMMAND: POST /session/a414a6ae85a434897fa1c9da3096b959/execute/async - {"script":"<script> [1562 bytes]","args":[{"selector":{"controlType":"sap.m.Button","viewName":"etm.portal.ui.warehousemovements.view.ExecuteMovement","viewId":"application-warehousemovements-display-component---executeMovement","properties":{"text":"Items"},"interaction":{"idSuffix":"BDI-content"}},"wdio_ui5_key":"etmportal.ui.warehousemovements.view.ExecuteMovementsap.m.Button{\"text\":\"Items\"}"}]}
RESULT: {"script":"<script> [1562 bytes]","args":[{"selector":{"controlType":"sap.m.Button","viewName":"etm.portal.ui.warehousemovements.view.ExecuteMovement","viewId":"application-warehousemovements-display-component---executeMovement","properties":{"text":"Items"},"interaction":{"idSuffix":"BDI-content"}},"wdio_ui5_key":"etmportal.ui.warehousemovements.view.ExecuteMovementsap.m.Button{\"text\":\"Items\"}"}]}
RESULT: undefined
COMMAND: POST /session/a414a6ae85a434897fa1c9da3096b959/execute/async - {"script":"<script> [1562 bytes]","args":[{"selector":{"controlType":"sap.m.ToggleButton","viewName":"etm.portal.ui.warehousemovements.view.ExecuteMovement","viewId":"application-warehousemovements-display-component---executeMovement","bindingPath":{"propertyPath":"STATUS","modelName":"catalogModel"},"interaction":{"idSuffix":"BDI-content"}},"wdio_ui5_key":"etmportal.ui.warehousemovements.view.ExecuteMovementsap.m.ToggleButton{\"propertyPath\":\"STATUS\",\"modelName\":\"catalogModel\"}"}]}
RESULT: {"script":"<script> [1562 bytes]","args":[{"selector":{"controlType":"sap.m.ToggleButton","viewName":"etm.portal.ui.warehousemovements.view.ExecuteMovement","viewId":"application-warehousemovements-display-component---executeMovement","bindingPath":{"propertyPath":"STATUS","modelName":"catalogModel"},"interaction":{"idSuffix":"BDI-content"}},"wdio_ui5_key":"etmportal.ui.warehousemovements.view.ExecuteMovementsap.m.ToggleButton{\"propertyPath\":\"STATUS\",\"modelName\":\"catalogModel\"}"}]}
RESULT: undefined
RESULT: undefined
RESULT: undefined
COMMAND: GET /session/a414a6ae85a434897fa1c9da3096b959/screenshot - {}
RESULT: {}
COMMAND: GET /session/a414a6ae85a434897fa1c9da3096b959/screenshot - {}
COMMAND: POST /session/a414a6ae85a434897fa1c9da3096b959/element - {"using":"css selector","value":"#j_username"}
COMMAND: POST /session/a414a6ae85a434897fa1c9da3096b959/url - {"url":"https://qa-testing-00-live-etm-ui.cfapps.eu10-004.hana.ondemand.com/"}
COMMAND: GET /session/a414a6ae85a434897fa1c9da3096b959/screenshot - {}
RESULT: {}
RESULT: {"using":"css selector","value":"#j_username"}
COMMAND: POST /session/a414a6ae85a434897fa1c9da3096b959/element - {"using":"css selector","value":"#j_username"}
RESULT: {"url":"https://qa-testing-00-live-etm-ui.cfapps.eu10-004.hana.ondemand.com/"}
RESULT: undefined
COMMAND: GET /session/a414a6ae85a434897fa1c9da3096b959/screenshot - {}
RESULT: {}
RESULT: {"using":"css selector","value":"#j_username"}
COMMAND: POST /session/a414a6ae85a434897fa1c9da3096b959/element - {"using":"css selector","value":"#shell-header-logo"}
RESULT: {}
RESULT: {"using":"css selector","value":"#shell-header-logo"}
COMMAND: POST /session/a414a6ae85a434897fa1c9da3096b959/execute/sync - {"script":"<script> [8489 bytes]","args":[{"element-6066-11e4-a52e-4f735466cecf":"f.63F842937ABE5650621AFC3910BCBB57.d.BCFE56B4CBC8D03F59C0A74CEE91D767.e.5767","ELEMENT":"f.63F842937ABE5650621AFC3910BCBB57.d.BCFE56B4CBC8D03F59C0A74CEE91D767.e.5767"}]}
RESULT: {"script":"<script> [8489 bytes]","args":[{"element-6066-11e4-a52e-4f735466cecf":"f.63F842937ABE5650621AFC3910BCBB57.d.BCFE56B4CBC8D03F59C0A74CEE91D767.e.5767","ELEMENT":"f.63F842937ABE5650621AFC3910BCBB57.d.BCFE56B4CBC8D03F59C0A74CEE91D767.e.5767"}]}
COMMAND: POST /session/a414a6ae85a434897fa1c9da3096b959/element - {"using":"css selector","value":"#shell-header-logo"}
COMMAND: GET /session/a414a6ae85a434897fa1c9da3096b959/screenshot - {}
RESULT: {"using":"css selector","value":"#shell-header-logo"}
COMMAND: POST /session/a414a6ae85a434897fa1c9da3096b959/execute/sync - {"script":"<script> [8489 bytes]","args":[{"element-6066-11e4-a52e-4f735466cecf":"f.63F842937ABE5650621AFC3910BCBB57.d.BCFE56B4CBC8D03F59C0A74CEE91D767.e.5767","ELEMENT":"f.63F842937ABE5650621AFC3910BCBB57.d.BCFE56B4CBC8D03F59C0A74CEE91D767.e.5767"}]}
RESULT: {}
RESULT: {"script":"<script> [8489 bytes]","args":[{"element-6066-11e4-a52e-4f735466cecf":"f.63F842937ABE5650621AFC3910BCBB57.d.BCFE56B4CBC8D03F59C0A74CEE91D767.e.5767","ELEMENT":"f.63F842937ABE5650621AFC3910BCBB57.d.BCFE56B4CBC8D03F59C0A74CEE91D767.e.5767"}]}
COMMAND: POST /session/a414a6ae85a434897fa1c9da3096b959/execute/sync - {"script":"<script> [5351 bytes]","args":[{"element-6066-11e4-a52e-4f735466cecf":"f.63F842937ABE5650621AFC3910BCBB57.d.BCFE56B4CBC8D03F59C0A74CEE91D767.e.5767","ELEMENT":"f.63F842937ABE5650621AFC3910BCBB57.d.BCFE56B4CBC8D03F59C0A74CEE91D767.e.5767"}]}
COMMAND: GET /session/a414a6ae85a434897fa1c9da3096b959/screenshot - {}
RESULT: {"script":"<script> [5351 bytes]","args":[{"element-6066-11e4-a52e-4f735466cecf":"f.63F842937ABE5650621AFC3910BCBB57.d.BCFE56B4CBC8D03F59C0A74CEE91D767.e.5767","ELEMENT":"f.63F842937ABE5650621AFC3910BCBB57.d.BCFE56B4CBC8D03F59C0A74CEE91D767.e.5767"}]}
COMMAND: POST /session/a414a6ae85a434897fa1c9da3096b959/element - {"using":"css selector","value":"#shell-header-logo"}
COMMAND: GET /session/a414a6ae85a434897fa1c9da3096b959/screenshot - {}
RESULT: {}
RESULT: {"using":"css selector","value":"#shell-header-logo"}
COMMAND: POST /session/a414a6ae85a434897fa1c9da3096b959/element/f.63F842937ABE5650621AFC3910BCBB57.d.BCFE56B4CBC8D03F59C0A74CEE91D767.e.5767/click - {}
RESULT: {}
RESULT: {}
COMMAND: GET /session/a414a6ae85a434897fa1c9da3096b959/screenshot - {}
RESULT: {}
COMMAND: POST /session/a414a6ae85a434897fa1c9da3096b959/execute/async - {"script":"<script> [189 bytes]","args":[]}
RESULT: {"script":"<script> [189 bytes]","args":[]}
COMMAND: POST /session/a414a6ae85a434897fa1c9da3096b959/execute/async - {"script":"<script> [123 bytes]","args":[]}
RESULT: {"script":"<script> [123 bytes]","args":[]}
COMMAND: POST /session/a414a6ae85a434897fa1c9da3096b959/timeouts - {"script":"<number>"}
RESULT: {"script":"<number>"}
COMMAND: GET /session/a414a6ae85a434897fa1c9da3096b959/timeouts - {}
RESULT: {}
RESULT: undefined
COMMAND: POST /session/a414a6ae85a434897fa1c9da3096b959/execute/async - {"script":"<script> [2676 bytes]","args":[]}
RESULT: {"script":"<script> [2676 bytes]","args":[]}
COMMAND: POST /session/a414a6ae85a434897fa1c9da3096b959/execute/async - {"script":"<script> [2342 bytes]","args":[{"protocol":"http","hostname":"0.0.0.0","path":"/","capabilities":{"browserName":"chrome","goog:chromeOptions":{"binary":"C:\\Program Files\\Google\\Chrome\\Application\\chrome.exe","args":["--start-maximized"]}},"logLevel":"warn","connectionRetryTimeout":120000,"connectionRetryCount":3,"logLevels":{},"enableDirectConnect":true,"strictSSL":true,"_":"65 more keys: [\"cacheDir\",\"port\",\"requestedCapabilities\",\"automationProtocol\",\"baseUrl\",\"waitforInterval\",\"waitforTimeout\",\"onReload\",\"beforeCommand\",\"afterCommand\",\"rootDir\",\"specs\",\"suites\",\"exclude\",\"groupLogsByTestSpec\",\"excludeDriverLogs\",\"bail\",\"framework\",\"reporters\",\"services\",\"maxInstances\",\"maxInstancesPerCapability\",\"injectGlobals\",\"filesToWatch\",\"execArgv\",\"runnerEnv\",\"runner\",\"shard\",\"specFileRetries\",\"specFileRetriesDelay\",\"specFileRetriesDeferred\",\"reporterSyncInterval\",\"reporterSyncTimeout\",\"cucumberFeaturesWithLineNumbers\",\"autoCompileOpts\",\"mochaOpts\",\"jasmineOpts\",\"cucumberOpts\",\"onPrepare\",\"onWorkerStart\",\"onWorkerEnd\",\"before\",\"beforeSession\",\"beforeSuite\",\"beforeHook\",\"beforeTest\",\"afterTest\",\"afterHook\",\"afterSuite\",\"afterSession\",\"after\",\"onComplete\",\"beforeAssertion\",\"afterAssertion\",\"beforeFeature\",\"beforeScenario\",\"beforeStep\",\"afterStep\",\"afterScenario\",\"afterFeature\",\"_\",\"suite\",\"$0\",\"ignoredWorkerServices\",\"wdi5\"]"}]}
RESULT: {"script":"<script> [2342 bytes]","args":[{"protocol":"http","hostname":"0.0.0.0","path":"/","capabilities":{"browserName":"chrome","goog:chromeOptions":{"binary":"C:\\Program Files\\Google\\Chrome\\Application\\chrome.exe","args":["--start-maximized"]}},"logLevel":"warn","connectionRetryTimeout":120000,"connectionRetryCount":3,"logLevels":{},"enableDirectConnect":true,"strictSSL":true,"_":"65 more keys: [\"cacheDir\",\"port\",\"requestedCapabilities\",\"automationProtocol\",\"baseUrl\",\"waitforInterval\",\"waitforTimeout\",\"onReload\",\"beforeCommand\",\"afterCommand\",\"rootDir\",\"specs\",\"suites\",\"exclude\",\"groupLogsByTestSpec\",\"excludeDriverLogs\",\"bail\",\"framework\",\"reporters\",\"services\",\"maxInstances\",\"maxInstancesPerCapability\",\"injectGlobals\",\"filesToWatch\",\"execArgv\",\"runnerEnv\",\"runner\",\"shard\",\"specFileRetries\",\"specFileRetriesDelay\",\"specFileRetriesDeferred\",\"reporterSyncInterval\",\"reporterSyncTimeout\",\"cucumberFeaturesWithLineNumbers\",\"autoCompileOpts\",\"mochaOpts\",\"jasmineOpts\",\"cucumberOpts\",\"onPrepare\",\"onWorkerStart\",\"onWorkerEnd\",\"before\",\"beforeSession\",\"beforeSuite\",\"beforeHook\",\"beforeTest\",\"afterTest\",\"afterHook\",\"afterSuite\",\"afterSession\",\"after\",\"onComplete\",\"beforeAssertion\",\"afterAssertion\",\"beforeFeature\",\"beforeScenario\",\"beforeStep\",\"afterStep\",\"afterScenario\",\"afterFeature\",\"_\",\"suite\",\"$0\",\"ignoredWorkerServices\",\"wdi5\"]"}]}
COMMAND: POST /session/a414a6ae85a434897fa1c9da3096b959/execute/async - {"script":"<script> [21126 bytes]","args":[35000]}
RESULT: {"script":"<script> [21126 bytes]","args":[35000]}
COMMAND: POST /session/a414a6ae85a434897fa1c9da3096b959/window/maximize - {}
RESULT: {}
COMMAND: POST /session/a414a6ae85a434897fa1c9da3096b959/execute/async - {"script":"<script> [1562 bytes]","args":[{"selector":{"id":"shell-header","interaction":{"idSuffix":"icon"}},"wdio_ui5_key":"shellheader"}]}
COMMAND: GET /session/a414a6ae85a434897fa1c9da3096b959/screenshot - {}
RESULT: {"script":"<script> [1562 bytes]","args":[{"selector":{"id":"shell-header","interaction":{"idSuffix":"icon"}},"wdio_ui5_key":"shellheader"}]}
RESULT: undefined
COMMAND: POST /session/a414a6ae85a434897fa1c9da3096b959/window/fullscreen - {}
RESULT: {}
RESULT: {}
]]></system-out>
      <system-err><![CDATA[
Error: expect(received).toEqual(expected) // deep equality

Expected: "stored"
Received: undefined
    at Context.<anonymous> (D:\a\1\s\test\specs\HTR\provide-to-site-w-warehouse-wo-clarification.spec.js:229:28)
]]></system-err>
    </testcase>
  </testsuite>
  <testsuite timestamp="2025-05-30T16:50:41" time="483.829" tests="4" failures="0" errors="0" skipped="0">
    <properties>
      <property name="specId" value="0"/>
      <property name="suiteName" value="Provide to Site w/o warehouse management w/ clarification US116605"/>
      <property name="capabilities" value="chrome.136_0_7103_93.windows"/>
      <property name="file" value="file:///D:/a/1/s/test/specs/HTR/provide-to-site-wo-warehouse-w-clarification.spec.js"/>
    </properties>
    <testcase classname="chrome.136_0_7103_93.windows.Provide_to_Site_w/o_warehouse_management_w/_clarification_US116605" name="Should create a new yard" time="125.468">
      <system-out><![CDATA[
COMMAND: POST /session/a414a6ae85a434897fa1c9da3096b959/window/fullscreen - {}
RESULT: {}
COMMAND: POST /session/a414a6ae85a434897fa1c9da3096b959/execute/async - {"script":"<script> [1562 bytes]","args":[{"selector":{"controlType":"sap.m.GenericTile","properties":{"header":"Manage Yards"}},"wdio_ui5_key":"sapm.GenericTile{\"header\":\"Manage Yards\"}"}]}
RESULT: {"script":"<script> [1562 bytes]","args":[{"selector":{"controlType":"sap.m.GenericTile","properties":{"header":"Manage Yards"}},"wdio_ui5_key":"sapm.GenericTile{\"header\":\"Manage Yards\"}"}]}
RESULT: undefined
COMMAND: POST /session/a414a6ae85a434897fa1c9da3096b959/element - {"using":"xpath","value":"//*[@id=\"__tile33\"]"}
RESULT: {"using":"xpath","value":"//*[@id=\"__tile33\"]"}
COMMAND: POST /session/a414a6ae85a434897fa1c9da3096b959/element/f.63F842937ABE5650621AFC3910BCBB57.d.BCFE56B4CBC8D03F59C0A74CEE91D767.e.5795/click - {}
RESULT: {}
COMMAND: GET /session/a414a6ae85a434897fa1c9da3096b959/screenshot - {}
RESULT: {}
COMMAND: POST /session/a414a6ae85a434897fa1c9da3096b959/elements - {"using":"xpath","value":"//span[text()='Error']"}
RESULT: {"using":"xpath","value":"//span[text()='Error']"}
COMMAND: POST /session/a414a6ae85a434897fa1c9da3096b959/element - {"using":"xpath","value":"//button[@data-kt=\"addNewYardOverflowToolbarButton\"]"}
RESULT: {"using":"xpath","value":"//button[@data-kt=\"addNewYardOverflowToolbarButton\"]"}
COMMAND: POST /session/a414a6ae85a434897fa1c9da3096b959/elements - {"using":"xpath","value":"//button[@data-kt=\"addNewYardOverflowToolbarButton\"]"}
RESULT: {"using":"xpath","value":"//button[@data-kt=\"addNewYardOverflowToolbarButton\"]"}
COMMAND: POST /session/a414a6ae85a434897fa1c9da3096b959/execute/sync - {"script":"<script> [8489 bytes]","args":[{"element-6066-11e4-a52e-4f735466cecf":"f.63F842937ABE5650621AFC3910BCBB57.d.BCFE56B4CBC8D03F59C0A74CEE91D767.e.5919","ELEMENT":"f.63F842937ABE5650621AFC3910BCBB57.d.BCFE56B4CBC8D03F59C0A74CEE91D767.e.5919"}]}
RESULT: {"script":"<script> [8489 bytes]","args":[{"element-6066-11e4-a52e-4f735466cecf":"f.63F842937ABE5650621AFC3910BCBB57.d.BCFE56B4CBC8D03F59C0A74CEE91D767.e.5919","ELEMENT":"f.63F842937ABE5650621AFC3910BCBB57.d.BCFE56B4CBC8D03F59C0A74CEE91D767.e.5919"}]}
COMMAND: GET /session/a414a6ae85a434897fa1c9da3096b959/element/f.63F842937ABE5650621AFC3910BCBB57.d.BCFE56B4CBC8D03F59C0A74CEE91D767.e.5919/enabled - {}
COMMAND: GET /session/a414a6ae85a434897fa1c9da3096b959/screenshot - {}
RESULT: {}
COMMAND: POST /session/a414a6ae85a434897fa1c9da3096b959/execute/sync - {"script":"<script> [8489 bytes]","args":[{"element-6066-11e4-a52e-4f735466cecf":"f.63F842937ABE5650621AFC3910BCBB57.d.BCFE56B4CBC8D03F59C0A74CEE91D767.e.5919","ELEMENT":"f.63F842937ABE5650621AFC3910BCBB57.d.BCFE56B4CBC8D03F59C0A74CEE91D767.e.5919"}]}
COMMAND: GET /session/a414a6ae85a434897fa1c9da3096b959/screenshot - {}
RESULT: {}
RESULT: {"script":"<script> [8489 bytes]","args":[{"element-6066-11e4-a52e-4f735466cecf":"f.63F842937ABE5650621AFC3910BCBB57.d.BCFE56B4CBC8D03F59C0A74CEE91D767.e.5919","ELEMENT":"f.63F842937ABE5650621AFC3910BCBB57.d.BCFE56B4CBC8D03F59C0A74CEE91D767.e.5919"}]}
COMMAND: POST /session/a414a6ae85a434897fa1c9da3096b959/execute/sync - {"script":"<script> [5351 bytes]","args":[{"element-6066-11e4-a52e-4f735466cecf":"f.63F842937ABE5650621AFC3910BCBB57.d.BCFE56B4CBC8D03F59C0A74CEE91D767.e.5919","ELEMENT":"f.63F842937ABE5650621AFC3910BCBB57.d.BCFE56B4CBC8D03F59C0A74CEE91D767.e.5919"}]}
COMMAND: GET /session/a414a6ae85a434897fa1c9da3096b959/screenshot - {}
RESULT: {}
RESULT: {"script":"<script> [5351 bytes]","args":[{"element-6066-11e4-a52e-4f735466cecf":"f.63F842937ABE5650621AFC3910BCBB57.d.BCFE56B4CBC8D03F59C0A74CEE91D767.e.5919","ELEMENT":"f.63F842937ABE5650621AFC3910BCBB57.d.BCFE56B4CBC8D03F59C0A74CEE91D767.e.5919"}]}
COMMAND: POST /session/a414a6ae85a434897fa1c9da3096b959/element/f.63F842937ABE5650621AFC3910BCBB57.d.BCFE56B4CBC8D03F59C0A74CEE91D767.e.5919/click - {}
COMMAND: GET /session/a414a6ae85a434897fa1c9da3096b959/screenshot - {}
RESULT: {}
RESULT: {}
COMMAND: GET /session/a414a6ae85a434897fa1c9da3096b959/screenshot - {}
RESULT: {}
COMMAND: POST /session/a414a6ae85a434897fa1c9da3096b959/element - {"using":"xpath","value":"//input[@id=\"application-manageyards-display-component---NewYard--yardId-inner\"]"}
RESULT: {}
RESULT: {"using":"xpath","value":"//input[@id=\"application-manageyards-display-component---NewYard--yardId-inner\"]"}
COMMAND: POST /session/a414a6ae85a434897fa1c9da3096b959/element - {"using":"xpath","value":"//input[@id=\"application-manageyards-display-component---NewYard--yardId-inner\"]"}
RESULT: {"using":"xpath","value":"//input[@id=\"application-manageyards-display-component---NewYard--yardId-inner\"]"}
COMMAND: POST /session/a414a6ae85a434897fa1c9da3096b959/execute/async - {"script":"<script> [1562 bytes]","args":[{"selector":{"id":"application-manageyards-display-component---NewYard--addressDetailDetailsName1","interaction":{"idSuffix":"inner"}},"wdio_ui5_key":"applicationmanageyards-display-component---NewYard--addressDetailDetailsName1"}]}
RESULT: {"script":"<script> [1562 bytes]","args":[{"selector":{"id":"application-manageyards-display-component---NewYard--addressDetailDetailsName1","interaction":{"idSuffix":"inner"}},"wdio_ui5_key":"applicationmanageyards-display-component---NewYard--addressDetailDetailsName1"}]}
RESULT: undefined
COMMAND: POST /session/a414a6ae85a434897fa1c9da3096b959/execute/async - {"script":"<script> [776 bytes]","args":[{"enterText":"Other Yard WDIO","selector":{"id":"application-manageyards-display-component---NewYard--addressDetailDetailsName1","interaction":{"idSuffix":"inner"}},"clearTextFirst":true,"interactionType":"ENTER_TEXT"}]}
RESULT: {"script":"<script> [776 bytes]","args":[{"enterText":"Other Yard WDIO","selector":{"id":"application-manageyards-display-component---NewYard--addressDetailDetailsName1","interaction":{"idSuffix":"inner"}},"clearTextFirst":true,"interactionType":"ENTER_TEXT"}]}
COMMAND: POST /session/a414a6ae85a434897fa1c9da3096b959/execute/async - {"script":"<script> [1562 bytes]","args":[{"selector":{"id":"application-manageyards-display-component---NewYard--addressDetailDetailsLanguage-arrow"},"wdio_ui5_key":"applicationmanageyards-display-component---NewYard--addressDetailDetailsLanguage-arrow"}]}
RESULT: {"script":"<script> [1562 bytes]","args":[{"selector":{"id":"application-manageyards-display-component---NewYard--addressDetailDetailsLanguage-arrow"},"wdio_ui5_key":"applicationmanageyards-display-component---NewYard--addressDetailDetailsLanguage-arrow"}]}
RESULT: undefined
COMMAND: POST /session/a414a6ae85a434897fa1c9da3096b959/element - {"using":"xpath","value":"//*[@id=\"application-manageyards-display-component---NewYard--addressDetailDetailsLanguage-arrow\"]"}
RESULT: {"using":"xpath","value":"//*[@id=\"application-manageyards-display-component---NewYard--addressDetailDetailsLanguage-arrow\"]"}
COMMAND: POST /session/a414a6ae85a434897fa1c9da3096b959/element/f.63F842937ABE5650621AFC3910BCBB57.d.BCFE56B4CBC8D03F59C0A74CEE91D767.e.6351/click - {}
RESULT: {}
COMMAND: POST /session/a414a6ae85a434897fa1c9da3096b959/element - {"using":"xpath","value":"//span[contains(text(), \"English\")]"}
COMMAND: GET /session/a414a6ae85a434897fa1c9da3096b959/screenshot - {}
RESULT: {"using":"xpath","value":"//span[contains(text(), \"English\")]"}
COMMAND: POST /session/a414a6ae85a434897fa1c9da3096b959/element/f.63F842937ABE5650621AFC3910BCBB57.d.BCFE56B4CBC8D03F59C0A74CEE91D767.e.6352/click - {}
RESULT: {}
RESULT: {}
COMMAND: POST /session/a414a6ae85a434897fa1c9da3096b959/execute/async - {"script":"<script> [1562 bytes]","args":[{"selector":{"id":"application-manageyards-display-component---NewYard--addressDetailDetailsCity1","interaction":{"idSuffix":"inner"}},"wdio_ui5_key":"applicationmanageyards-display-component---NewYard--addressDetailDetailsCity1"}]}
COMMAND: GET /session/a414a6ae85a434897fa1c9da3096b959/screenshot - {}
RESULT: {"script":"<script> [1562 bytes]","args":[{"selector":{"id":"application-manageyards-display-component---NewYard--addressDetailDetailsCity1","interaction":{"idSuffix":"inner"}},"wdio_ui5_key":"applicationmanageyards-display-component---NewYard--addressDetailDetailsCity1"}]}
RESULT: undefined
COMMAND: POST /session/a414a6ae85a434897fa1c9da3096b959/execute/async - {"script":"<script> [776 bytes]","args":[{"enterText":"Rosario","selector":{"id":"application-manageyards-display-component---NewYard--addressDetailDetailsCity1","interaction":{"idSuffix":"inner"}},"clearTextFirst":true,"interactionType":"ENTER_TEXT"}]}
RESULT: {}
RESULT: {"script":"<script> [776 bytes]","args":[{"enterText":"Rosario","selector":{"id":"application-manageyards-display-component---NewYard--addressDetailDetailsCity1","interaction":{"idSuffix":"inner"}},"clearTextFirst":true,"interactionType":"ENTER_TEXT"}]}
COMMAND: POST /session/a414a6ae85a434897fa1c9da3096b959/execute/async - {"script":"<script> [1562 bytes]","args":[{"selector":{"id":"application-manageyards-display-component---NewYard--addressDetailDetailsCountry-arrow"},"wdio_ui5_key":"applicationmanageyards-display-component---NewYard--addressDetailDetailsCountry-arrow"}]}
RESULT: {"script":"<script> [1562 bytes]","args":[{"selector":{"id":"application-manageyards-display-component---NewYard--addressDetailDetailsCountry-arrow"},"wdio_ui5_key":"applicationmanageyards-display-component---NewYard--addressDetailDetailsCountry-arrow"}]}
RESULT: undefined
COMMAND: POST /session/a414a6ae85a434897fa1c9da3096b959/element - {"using":"xpath","value":"//*[@id=\"application-manageyards-display-component---NewYard--addressDetailDetailsCountry-arrow\"]"}
RESULT: {"using":"xpath","value":"//*[@id=\"application-manageyards-display-component---NewYard--addressDetailDetailsCountry-arrow\"]"}
COMMAND: POST /session/a414a6ae85a434897fa1c9da3096b959/element/f.63F842937ABE5650621AFC3910BCBB57.d.BCFE56B4CBC8D03F59C0A74CEE91D767.e.6354/click - {}
RESULT: {}
COMMAND: POST /session/a414a6ae85a434897fa1c9da3096b959/element - {"using":"xpath","value":"//span[contains(text(), \"Argentina\")]"}
COMMAND: GET /session/a414a6ae85a434897fa1c9da3096b959/screenshot - {}
RESULT: {"using":"xpath","value":"//span[contains(text(), \"Argentina\")]"}
COMMAND: POST /session/a414a6ae85a434897fa1c9da3096b959/element/f.63F842937ABE5650621AFC3910BCBB57.d.BCFE56B4CBC8D03F59C0A74CEE91D767.e.6356/click - {}
RESULT: {}
RESULT: {}
COMMAND: POST /session/a414a6ae85a434897fa1c9da3096b959/execute/async - {"script":"<script> [1562 bytes]","args":[{"selector":{"id":"application-manageyards-display-component---NewYard--addressEditDetailsCostObjectCstType-arrow"},"wdio_ui5_key":"applicationmanageyards-display-component---NewYard--addressEditDetailsCostObjectCstType-arrow"}]}
COMMAND: GET /session/a414a6ae85a434897fa1c9da3096b959/screenshot - {}
RESULT: {"script":"<script> [1562 bytes]","args":[{"selector":{"id":"application-manageyards-display-component---NewYard--addressEditDetailsCostObjectCstType-arrow"},"wdio_ui5_key":"applicationmanageyards-display-component---NewYard--addressEditDetailsCostObjectCstType-arrow"}]}
RESULT: undefined
COMMAND: POST /session/a414a6ae85a434897fa1c9da3096b959/element - {"using":"xpath","value":"//*[@id=\"application-manageyards-display-component---NewYard--addressEditDetailsCostObjectCstType-arrow\"]"}
RESULT: {}
RESULT: {"using":"xpath","value":"//*[@id=\"application-manageyards-display-component---NewYard--addressEditDetailsCostObjectCstType-arrow\"]"}
COMMAND: POST /session/a414a6ae85a434897fa1c9da3096b959/element/f.63F842937ABE5650621AFC3910BCBB57.d.BCFE56B4CBC8D03F59C0A74CEE91D767.e.6357/click - {}
RESULT: {}
COMMAND: POST /session/a414a6ae85a434897fa1c9da3096b959/element - {"using":"xpath","value":"//span[contains(text(), \"Cost Center\")]"}
COMMAND: GET /session/a414a6ae85a434897fa1c9da3096b959/screenshot - {}
RESULT: {"using":"xpath","value":"//span[contains(text(), \"Cost Center\")]"}
COMMAND: POST /session/a414a6ae85a434897fa1c9da3096b959/element/f.63F842937ABE5650621AFC3910BCBB57.d.BCFE56B4CBC8D03F59C0A74CEE91D767.e.6358/click - {}
RESULT: {}
RESULT: {}
COMMAND: GET /session/a414a6ae85a434897fa1c9da3096b959/screenshot - {}
RESULT: {}
COMMAND: POST /session/a414a6ae85a434897fa1c9da3096b959/element - {"using":"xpath","value":"//span[@id=\"application-manageyards-display-component---NewYard--addressNewCostObjectCstID-vhi\"]"}
RESULT: {"using":"xpath","value":"//span[@id=\"application-manageyards-display-component---NewYard--addressNewCostObjectCstID-vhi\"]"}
COMMAND: POST /session/a414a6ae85a434897fa1c9da3096b959/execute/sync - {"script":"<script> [8489 bytes]","args":[{"element-6066-11e4-a52e-4f735466cecf":"f.63F842937ABE5650621AFC3910BCBB57.d.BCFE56B4CBC8D03F59C0A74CEE91D767.e.6362","ELEMENT":"f.63F842937ABE5650621AFC3910BCBB57.d.BCFE56B4CBC8D03F59C0A74CEE91D767.e.6362"}]}
RESULT: {"script":"<script> [8489 bytes]","args":[{"element-6066-11e4-a52e-4f735466cecf":"f.63F842937ABE5650621AFC3910BCBB57.d.BCFE56B4CBC8D03F59C0A74CEE91D767.e.6362","ELEMENT":"f.63F842937ABE5650621AFC3910BCBB57.d.BCFE56B4CBC8D03F59C0A74CEE91D767.e.6362"}]}
COMMAND: POST /session/a414a6ae85a434897fa1c9da3096b959/execute/async - {"script":"<script> [1562 bytes]","args":[{"selector":{"id":"application-manageyards-display-component---NewYard--addressNewCostObjectCstID-vhi"},"wdio_ui5_key":"applicationmanageyards-display-component---NewYard--addressNewCostObjectCstID-vhi"}]}
COMMAND: GET /session/a414a6ae85a434897fa1c9da3096b959/screenshot - {}
RESULT: {"script":"<script> [1562 bytes]","args":[{"selector":{"id":"application-manageyards-display-component---NewYard--addressNewCostObjectCstID-vhi"},"wdio_ui5_key":"applicationmanageyards-display-component---NewYard--addressNewCostObjectCstID-vhi"}]}
RESULT: undefined
COMMAND: POST /session/a414a6ae85a434897fa1c9da3096b959/element - {"using":"xpath","value":"//*[@id=\"application-manageyards-display-component---NewYard--addressNewCostObjectCstID-vhi\"]"}
RESULT: {}
RESULT: {"using":"xpath","value":"//*[@id=\"application-manageyards-display-component---NewYard--addressNewCostObjectCstID-vhi\"]"}
COMMAND: POST /session/a414a6ae85a434897fa1c9da3096b959/element/f.63F842937ABE5650621AFC3910BCBB57.d.BCFE56B4CBC8D03F59C0A74CEE91D767.e.6362/click - {}
RESULT: {}
COMMAND: GET /session/a414a6ae85a434897fa1c9da3096b959/screenshot - {}
RESULT: {}
COMMAND: POST /session/a414a6ae85a434897fa1c9da3096b959/execute/async - {"script":"<script> [1562 bytes]","args":[{"selector":{"controlType":"sap.m.SearchField","properties":{"placeholder":"Search"},"searchOpenDialogs":true,"interaction":{"idSuffix":"I"}},"wdio_ui5_key":"sapm.SearchField{\"placeholder\":\"Search\"}"}]}
RESULT: {"script":"<script> [1562 bytes]","args":[{"selector":{"controlType":"sap.m.SearchField","properties":{"placeholder":"Search"},"searchOpenDialogs":true,"interaction":{"idSuffix":"I"}},"wdio_ui5_key":"sapm.SearchField{\"placeholder\":\"Search\"}"}]}
RESULT: undefined
COMMAND: POST /session/a414a6ae85a434897fa1c9da3096b959/execute/async - {"script":"<script> [776 bytes]","args":[{"enterText":"bauh_b","selector":{"controlType":"sap.m.SearchField","properties":{"placeholder":"Search"},"searchOpenDialogs":true,"interaction":{"idSuffix":"I"}},"clearTextFirst":true,"interactionType":"ENTER_TEXT"}]}
RESULT: {"script":"<script> [776 bytes]","args":[{"enterText":"bauh_b","selector":{"controlType":"sap.m.SearchField","properties":{"placeholder":"Search"},"searchOpenDialogs":true,"interaction":{"idSuffix":"I"}},"clearTextFirst":true,"interactionType":"ENTER_TEXT"}]}
COMMAND: POST /session/a414a6ae85a434897fa1c9da3096b959/actions - {"actions":[{"id":"action18","type":"key","parameters":{},"actions":[{"type":"keyDown","value":""},{"type":"pause","duration":10},{"type":"keyUp","value":""}]}]}
RESULT: {"actions":[{"id":"action18","type":"key","parameters":{},"actions":[{"type":"keyDown","value":""},{"type":"pause","duration":10},{"type":"keyUp","value":""}]}]}
COMMAND: GET /session/a414a6ae85a434897fa1c9da3096b959/screenshot - {}
RESULT: {}
COMMAND: POST /session/a414a6ae85a434897fa1c9da3096b959/element - {"using":"xpath","value":"//span[contains(text(), \"Demo Yard\")]"}
RESULT: {"using":"xpath","value":"//span[contains(text(), \"Demo Yard\")]"}
COMMAND: POST /session/a414a6ae85a434897fa1c9da3096b959/element/f.63F842937ABE5650621AFC3910BCBB57.d.BCFE56B4CBC8D03F59C0A74CEE91D767.e.6403/click - {}
RESULT: {}
COMMAND: GET /session/a414a6ae85a434897fa1c9da3096b959/screenshot - {}
RESULT: {}
COMMAND: POST /session/a414a6ae85a434897fa1c9da3096b959/element - {"using":"xpath","value":"//bdi[contains(text(), \"OK\")]"}
RESULT: {"using":"xpath","value":"//bdi[contains(text(), \"OK\")]"}
COMMAND: POST /session/a414a6ae85a434897fa1c9da3096b959/element/f.63F842937ABE5650621AFC3910BCBB57.d.BCFE56B4CBC8D03F59C0A74CEE91D767.e.6404/click - {}
RESULT: {}
COMMAND: GET /session/a414a6ae85a434897fa1c9da3096b959/screenshot - {}
RESULT: {}
COMMAND: POST /session/a414a6ae85a434897fa1c9da3096b959/execute/async - {"script":"<script> [1562 bytes]","args":[{"selector":{"id":"application-manageyards-display-component---NewYard--addressEditDetailsCurrency-arrow"},"wdio_ui5_key":"applicationmanageyards-display-component---NewYard--addressEditDetailsCurrency-arrow"}]}
RESULT: {"script":"<script> [1562 bytes]","args":[{"selector":{"id":"application-manageyards-display-component---NewYard--addressEditDetailsCurrency-arrow"},"wdio_ui5_key":"applicationmanageyards-display-component---NewYard--addressEditDetailsCurrency-arrow"}]}
RESULT: undefined
COMMAND: POST /session/a414a6ae85a434897fa1c9da3096b959/element - {"using":"xpath","value":"//*[@id=\"application-manageyards-display-component---NewYard--addressEditDetailsCurrency-arrow\"]"}
RESULT: {"using":"xpath","value":"//*[@id=\"application-manageyards-display-component---NewYard--addressEditDetailsCurrency-arrow\"]"}
COMMAND: POST /session/a414a6ae85a434897fa1c9da3096b959/element/f.63F842937ABE5650621AFC3910BCBB57.d.BCFE56B4CBC8D03F59C0A74CEE91D767.e.6407/click - {}
RESULT: {}
COMMAND: POST /session/a414a6ae85a434897fa1c9da3096b959/element - {"using":"xpath","value":"//span[contains(text(), \"Euro\")]"}
COMMAND: GET /session/a414a6ae85a434897fa1c9da3096b959/screenshot - {}
RESULT: {"using":"xpath","value":"//span[contains(text(), \"Euro\")]"}
COMMAND: POST /session/a414a6ae85a434897fa1c9da3096b959/element/f.63F842937ABE5650621AFC3910BCBB57.d.BCFE56B4CBC8D03F59C0A74CEE91D767.e.6408/click - {}
RESULT: {}
RESULT: {}
COMMAND: POST /session/a414a6ae85a434897fa1c9da3096b959/execute/async - {"script":"<script> [1562 bytes]","args":[{"selector":{"controlType":"sap.m.Input","viewName":"etm.portal.ui.manageyards.view.New","viewId":"application-manageyards-display-component---NewYard","bindingPath":{"path":"","propertyPath":"/CONTROLLING_AREA","modelName":"NewYardModel"},"interaction":{"idSuffix":"inner"}},"wdio_ui5_key":"etmportal.ui.manageyards.view.Newsap.m.Input{\"path\":\"\",\"propertyPath\":\"/CONTROLLING_AREA\",\"modelName\":\"NewYardModel\"}"}]}
COMMAND: GET /session/a414a6ae85a434897fa1c9da3096b959/screenshot - {}
RESULT: {"script":"<script> [1562 bytes]","args":[{"selector":{"controlType":"sap.m.Input","viewName":"etm.portal.ui.manageyards.view.New","viewId":"application-manageyards-display-component---NewYard","bindingPath":{"path":"","propertyPath":"/CONTROLLING_AREA","modelName":"NewYardModel"},"interaction":{"idSuffix":"inner"}},"wdio_ui5_key":"etmportal.ui.manageyards.view.Newsap.m.Input{\"path\":\"\",\"propertyPath\":\"/CONTROLLING_AREA\",\"modelName\":\"NewYardModel\"}"}]}
RESULT: undefined
COMMAND: POST /session/a414a6ae85a434897fa1c9da3096b959/execute/async - {"script":"<script> [776 bytes]","args":[{"enterText":"Z001","selector":{"controlType":"sap.m.Input","viewName":"etm.portal.ui.manageyards.view.New","viewId":"application-manageyards-display-component---NewYard","bindingPath":{"path":"","propertyPath":"/CONTROLLING_AREA","modelName":"NewYardModel"},"interaction":{"idSuffix":"inner"}},"clearTextFirst":true,"interactionType":"ENTER_TEXT"}]}
RESULT: {}
RESULT: {"script":"<script> [776 bytes]","args":[{"enterText":"Z001","selector":{"controlType":"sap.m.Input","viewName":"etm.portal.ui.manageyards.view.New","viewId":"application-manageyards-display-component---NewYard","bindingPath":{"path":"","propertyPath":"/CONTROLLING_AREA","modelName":"NewYardModel"},"interaction":{"idSuffix":"inner"}},"clearTextFirst":true,"interactionType":"ENTER_TEXT"}]}
COMMAND: POST /session/a414a6ae85a434897fa1c9da3096b959/execute/async - {"script":"<script> [1562 bytes]","args":[{"selector":{"id":"application-manageyards-display-component---NewYard--companyCodeComboBox","interaction":{"idSuffix":"inner"}},"wdio_ui5_key":"applicationmanageyards-display-component---NewYard--companyCodeComboBox"}]}
RESULT: {"script":"<script> [1562 bytes]","args":[{"selector":{"id":"application-manageyards-display-component---NewYard--companyCodeComboBox","interaction":{"idSuffix":"inner"}},"wdio_ui5_key":"applicationmanageyards-display-component---NewYard--companyCodeComboBox"}]}
RESULT: undefined
COMMAND: POST /session/a414a6ae85a434897fa1c9da3096b959/execute/async - {"script":"<script> [776 bytes]","args":[{"enterText":"1000","selector":{"id":"application-manageyards-display-component---NewYard--companyCodeComboBox","interaction":{"idSuffix":"inner"}},"clearTextFirst":true,"interactionType":"ENTER_TEXT"}]}
RESULT: {"script":"<script> [776 bytes]","args":[{"enterText":"1000","selector":{"id":"application-manageyards-display-component---NewYard--companyCodeComboBox","interaction":{"idSuffix":"inner"}},"clearTextFirst":true,"interactionType":"ENTER_TEXT"}]}
COMMAND: POST /session/a414a6ae85a434897fa1c9da3096b959/execute/async - {"script":"<script> [1562 bytes]","args":[{"selector":{"controlType":"sap.m.Input","viewName":"etm.portal.ui.manageyards.view.New","viewId":"application-manageyards-display-component---NewYard","bindingPath":{"path":"","propertyPath":"/PLANT","modelName":"NewYardModel"},"interaction":{"idSuffix":"inner"}},"wdio_ui5_key":"etmportal.ui.manageyards.view.Newsap.m.Input{\"path\":\"\",\"propertyPath\":\"/PLANT\",\"modelName\":\"NewYardModel\"}"}]}
RESULT: {"script":"<script> [1562 bytes]","args":[{"selector":{"controlType":"sap.m.Input","viewName":"etm.portal.ui.manageyards.view.New","viewId":"application-manageyards-display-component---NewYard","bindingPath":{"path":"","propertyPath":"/PLANT","modelName":"NewYardModel"},"interaction":{"idSuffix":"inner"}},"wdio_ui5_key":"etmportal.ui.manageyards.view.Newsap.m.Input{\"path\":\"\",\"propertyPath\":\"/PLANT\",\"modelName\":\"NewYardModel\"}"}]}
RESULT: undefined
COMMAND: POST /session/a414a6ae85a434897fa1c9da3096b959/execute/async - {"script":"<script> [776 bytes]","args":[{"enterText":"1001","selector":{"controlType":"sap.m.Input","viewName":"etm.portal.ui.manageyards.view.New","viewId":"application-manageyards-display-component---NewYard","bindingPath":{"path":"","propertyPath":"/PLANT","modelName":"NewYardModel"},"interaction":{"idSuffix":"inner"}},"clearTextFirst":true,"interactionType":"ENTER_TEXT"}]}
RESULT: {"script":"<script> [776 bytes]","args":[{"enterText":"1001","selector":{"controlType":"sap.m.Input","viewName":"etm.portal.ui.manageyards.view.New","viewId":"application-manageyards-display-component---NewYard","bindingPath":{"path":"","propertyPath":"/PLANT","modelName":"NewYardModel"},"interaction":{"idSuffix":"inner"}},"clearTextFirst":true,"interactionType":"ENTER_TEXT"}]}
COMMAND: POST /session/a414a6ae85a434897fa1c9da3096b959/execute/async - {"script":"<script> [1562 bytes]","args":[{"selector":{"controlType":"sap.m.Input","viewName":"etm.portal.ui.manageyards.view.New","viewId":"application-manageyards-display-component---NewYard","bindingPath":{"path":"","propertyPath":"/SALES_AREA_VKORG","modelName":"NewYardModel"},"interaction":{"idSuffix":"inner"}},"wdio_ui5_key":"etmportal.ui.manageyards.view.Newsap.m.Input{\"path\":\"\",\"propertyPath\":\"/SALES_AREA_VKORG\",\"modelName\":\"NewYardModel\"}"}]}
RESULT: {"script":"<script> [1562 bytes]","args":[{"selector":{"controlType":"sap.m.Input","viewName":"etm.portal.ui.manageyards.view.New","viewId":"application-manageyards-display-component---NewYard","bindingPath":{"path":"","propertyPath":"/SALES_AREA_VKORG","modelName":"NewYardModel"},"interaction":{"idSuffix":"inner"}},"wdio_ui5_key":"etmportal.ui.manageyards.view.Newsap.m.Input{\"path\":\"\",\"propertyPath\":\"/SALES_AREA_VKORG\",\"modelName\":\"NewYardModel\"}"}]}
RESULT: undefined
COMMAND: POST /session/a414a6ae85a434897fa1c9da3096b959/execute/async - {"script":"<script> [776 bytes]","args":[{"enterText":"C002","selector":{"controlType":"sap.m.Input","viewName":"etm.portal.ui.manageyards.view.New","viewId":"application-manageyards-display-component---NewYard","bindingPath":{"path":"","propertyPath":"/SALES_AREA_VKORG","modelName":"NewYardModel"},"interaction":{"idSuffix":"inner"}},"clearTextFirst":true,"interactionType":"ENTER_TEXT"}]}
RESULT: {"script":"<script> [776 bytes]","args":[{"enterText":"C002","selector":{"controlType":"sap.m.Input","viewName":"etm.portal.ui.manageyards.view.New","viewId":"application-manageyards-display-component---NewYard","bindingPath":{"path":"","propertyPath":"/SALES_AREA_VKORG","modelName":"NewYardModel"},"interaction":{"idSuffix":"inner"}},"clearTextFirst":true,"interactionType":"ENTER_TEXT"}]}
COMMAND: POST /session/a414a6ae85a434897fa1c9da3096b959/execute/async - {"script":"<script> [1562 bytes]","args":[{"selector":{"controlType":"sap.m.Input","viewName":"etm.portal.ui.manageyards.view.New","viewId":"application-manageyards-display-component---NewYard","bindingPath":{"path":"","propertyPath":"/SALES_AREA_VTWEG","modelName":"NewYardModel"},"interaction":{"idSuffix":"inner"}},"wdio_ui5_key":"etmportal.ui.manageyards.view.Newsap.m.Input{\"path\":\"\",\"propertyPath\":\"/SALES_AREA_VTWEG\",\"modelName\":\"NewYardModel\"}"}]}
RESULT: {"script":"<script> [1562 bytes]","args":[{"selector":{"controlType":"sap.m.Input","viewName":"etm.portal.ui.manageyards.view.New","viewId":"application-manageyards-display-component---NewYard","bindingPath":{"path":"","propertyPath":"/SALES_AREA_VTWEG","modelName":"NewYardModel"},"interaction":{"idSuffix":"inner"}},"wdio_ui5_key":"etmportal.ui.manageyards.view.Newsap.m.Input{\"path\":\"\",\"propertyPath\":\"/SALES_AREA_VTWEG\",\"modelName\":\"NewYardModel\"}"}]}
RESULT: undefined
COMMAND: POST /session/a414a6ae85a434897fa1c9da3096b959/execute/async - {"script":"<script> [776 bytes]","args":[{"enterText":"C2","selector":{"controlType":"sap.m.Input","viewName":"etm.portal.ui.manageyards.view.New","viewId":"application-manageyards-display-component---NewYard","bindingPath":{"path":"","propertyPath":"/SALES_AREA_VTWEG","modelName":"NewYardModel"},"interaction":{"idSuffix":"inner"}},"clearTextFirst":true,"interactionType":"ENTER_TEXT"}]}
RESULT: {"script":"<script> [776 bytes]","args":[{"enterText":"C2","selector":{"controlType":"sap.m.Input","viewName":"etm.portal.ui.manageyards.view.New","viewId":"application-manageyards-display-component---NewYard","bindingPath":{"path":"","propertyPath":"/SALES_AREA_VTWEG","modelName":"NewYardModel"},"interaction":{"idSuffix":"inner"}},"clearTextFirst":true,"interactionType":"ENTER_TEXT"}]}
COMMAND: POST /session/a414a6ae85a434897fa1c9da3096b959/execute/async - {"script":"<script> [1562 bytes]","args":[{"selector":{"controlType":"sap.m.Input","viewName":"etm.portal.ui.manageyards.view.New","viewId":"application-manageyards-display-component---NewYard","bindingPath":{"path":"","propertyPath":"/SALES_AREA_SPART","modelName":"NewYardModel"},"interaction":{"idSuffix":"inner"}},"wdio_ui5_key":"etmportal.ui.manageyards.view.Newsap.m.Input{\"path\":\"\",\"propertyPath\":\"/SALES_AREA_SPART\",\"modelName\":\"NewYardModel\"}"}]}
RESULT: {"script":"<script> [1562 bytes]","args":[{"selector":{"controlType":"sap.m.Input","viewName":"etm.portal.ui.manageyards.view.New","viewId":"application-manageyards-display-component---NewYard","bindingPath":{"path":"","propertyPath":"/SALES_AREA_SPART","modelName":"NewYardModel"},"interaction":{"idSuffix":"inner"}},"wdio_ui5_key":"etmportal.ui.manageyards.view.Newsap.m.Input{\"path\":\"\",\"propertyPath\":\"/SALES_AREA_SPART\",\"modelName\":\"NewYardModel\"}"}]}
RESULT: undefined
COMMAND: POST /session/a414a6ae85a434897fa1c9da3096b959/execute/async - {"script":"<script> [776 bytes]","args":[{"enterText":"C2","selector":{"controlType":"sap.m.Input","viewName":"etm.portal.ui.manageyards.view.New","viewId":"application-manageyards-display-component---NewYard","bindingPath":{"path":"","propertyPath":"/SALES_AREA_SPART","modelName":"NewYardModel"},"interaction":{"idSuffix":"inner"}},"clearTextFirst":true,"interactionType":"ENTER_TEXT"}]}
RESULT: {"script":"<script> [776 bytes]","args":[{"enterText":"C2","selector":{"controlType":"sap.m.Input","viewName":"etm.portal.ui.manageyards.view.New","viewId":"application-manageyards-display-component---NewYard","bindingPath":{"path":"","propertyPath":"/SALES_AREA_SPART","modelName":"NewYardModel"},"interaction":{"idSuffix":"inner"}},"clearTextFirst":true,"interactionType":"ENTER_TEXT"}]}
COMMAND: POST /session/a414a6ae85a434897fa1c9da3096b959/execute/async - {"script":"<script> [1562 bytes]","args":[{"selector":{"controlType":"sap.m.Input","viewName":"etm.portal.ui.manageyards.view.New","viewId":"application-manageyards-display-component---NewYard","bindingPath":{"path":"","propertyPath":"/SHIP_POINT","modelName":"NewYardModel"},"interaction":{"idSuffix":"inner"}},"wdio_ui5_key":"etmportal.ui.manageyards.view.Newsap.m.Input{\"path\":\"\",\"propertyPath\":\"/SHIP_POINT\",\"modelName\":\"NewYardModel\"}"}]}
RESULT: {"script":"<script> [1562 bytes]","args":[{"selector":{"controlType":"sap.m.Input","viewName":"etm.portal.ui.manageyards.view.New","viewId":"application-manageyards-display-component---NewYard","bindingPath":{"path":"","propertyPath":"/SHIP_POINT","modelName":"NewYardModel"},"interaction":{"idSuffix":"inner"}},"wdio_ui5_key":"etmportal.ui.manageyards.view.Newsap.m.Input{\"path\":\"\",\"propertyPath\":\"/SHIP_POINT\",\"modelName\":\"NewYardModel\"}"}]}
RESULT: undefined
COMMAND: POST /session/a414a6ae85a434897fa1c9da3096b959/execute/async - {"script":"<script> [776 bytes]","args":[{"enterText":"1710","selector":{"controlType":"sap.m.Input","viewName":"etm.portal.ui.manageyards.view.New","viewId":"application-manageyards-display-component---NewYard","bindingPath":{"path":"","propertyPath":"/SHIP_POINT","modelName":"NewYardModel"},"interaction":{"idSuffix":"inner"}},"clearTextFirst":true,"interactionType":"ENTER_TEXT"}]}
RESULT: {"script":"<script> [776 bytes]","args":[{"enterText":"1710","selector":{"controlType":"sap.m.Input","viewName":"etm.portal.ui.manageyards.view.New","viewId":"application-manageyards-display-component---NewYard","bindingPath":{"path":"","propertyPath":"/SHIP_POINT","modelName":"NewYardModel"},"interaction":{"idSuffix":"inner"}},"clearTextFirst":true,"interactionType":"ENTER_TEXT"}]}
COMMAND: POST /session/a414a6ae85a434897fa1c9da3096b959/execute/async - {"script":"<script> [1562 bytes]","args":[{"selector":{"controlType":"sap.m.Input","viewName":"etm.portal.ui.manageyards.view.New","viewId":"application-manageyards-display-component---NewYard","bindingPath":{"path":"","propertyPath":"/DELIVERY_TYPE","modelName":"NewYardModel"},"interaction":{"idSuffix":"inner"}},"wdio_ui5_key":"etmportal.ui.manageyards.view.Newsap.m.Input{\"path\":\"\",\"propertyPath\":\"/DELIVERY_TYPE\",\"modelName\":\"NewYardModel\"}"}]}
RESULT: {"script":"<script> [1562 bytes]","args":[{"selector":{"controlType":"sap.m.Input","viewName":"etm.portal.ui.manageyards.view.New","viewId":"application-manageyards-display-component---NewYard","bindingPath":{"path":"","propertyPath":"/DELIVERY_TYPE","modelName":"NewYardModel"},"interaction":{"idSuffix":"inner"}},"wdio_ui5_key":"etmportal.ui.manageyards.view.Newsap.m.Input{\"path\":\"\",\"propertyPath\":\"/DELIVERY_TYPE\",\"modelName\":\"NewYardModel\"}"}]}
RESULT: undefined
COMMAND: POST /session/a414a6ae85a434897fa1c9da3096b959/execute/async - {"script":"<script> [776 bytes]","args":[{"enterText":"ZL01","selector":{"controlType":"sap.m.Input","viewName":"etm.portal.ui.manageyards.view.New","viewId":"application-manageyards-display-component---NewYard","bindingPath":{"path":"","propertyPath":"/DELIVERY_TYPE","modelName":"NewYardModel"},"interaction":{"idSuffix":"inner"}},"clearTextFirst":true,"interactionType":"ENTER_TEXT"}]}
RESULT: {"script":"<script> [776 bytes]","args":[{"enterText":"ZL01","selector":{"controlType":"sap.m.Input","viewName":"etm.portal.ui.manageyards.view.New","viewId":"application-manageyards-display-component---NewYard","bindingPath":{"path":"","propertyPath":"/DELIVERY_TYPE","modelName":"NewYardModel"},"interaction":{"idSuffix":"inner"}},"clearTextFirst":true,"interactionType":"ENTER_TEXT"}]}
COMMAND: POST /session/a414a6ae85a434897fa1c9da3096b959/execute/async - {"script":"<script> [1562 bytes]","args":[{"selector":{"controlType":"sap.m.Input","viewName":"etm.portal.ui.manageyards.view.New","viewId":"application-manageyards-display-component---NewYard","bindingPath":{"path":"","propertyPath":"/AUART","modelName":"NewYardModel"},"interaction":{"idSuffix":"inner"}},"wdio_ui5_key":"etmportal.ui.manageyards.view.Newsap.m.Input{\"path\":\"\",\"propertyPath\":\"/AUART\",\"modelName\":\"NewYardModel\"}"}]}
RESULT: {"script":"<script> [1562 bytes]","args":[{"selector":{"controlType":"sap.m.Input","viewName":"etm.portal.ui.manageyards.view.New","viewId":"application-manageyards-display-component---NewYard","bindingPath":{"path":"","propertyPath":"/AUART","modelName":"NewYardModel"},"interaction":{"idSuffix":"inner"}},"wdio_ui5_key":"etmportal.ui.manageyards.view.Newsap.m.Input{\"path\":\"\",\"propertyPath\":\"/AUART\",\"modelName\":\"NewYardModel\"}"}]}
RESULT: undefined
COMMAND: POST /session/a414a6ae85a434897fa1c9da3096b959/execute/async - {"script":"<script> [776 bytes]","args":[{"enterText":"TA","selector":{"controlType":"sap.m.Input","viewName":"etm.portal.ui.manageyards.view.New","viewId":"application-manageyards-display-component---NewYard","bindingPath":{"path":"","propertyPath":"/AUART","modelName":"NewYardModel"},"interaction":{"idSuffix":"inner"}},"clearTextFirst":true,"interactionType":"ENTER_TEXT"}]}
RESULT: {"script":"<script> [776 bytes]","args":[{"enterText":"TA","selector":{"controlType":"sap.m.Input","viewName":"etm.portal.ui.manageyards.view.New","viewId":"application-manageyards-display-component---NewYard","bindingPath":{"path":"","propertyPath":"/AUART","modelName":"NewYardModel"},"interaction":{"idSuffix":"inner"}},"clearTextFirst":true,"interactionType":"ENTER_TEXT"}]}
COMMAND: POST /session/a414a6ae85a434897fa1c9da3096b959/element - {"using":"xpath","value":"//button[@data-kt=\"newYardSaveButton\"]"}
RESULT: {"using":"xpath","value":"//button[@data-kt=\"newYardSaveButton\"]"}
COMMAND: POST /session/a414a6ae85a434897fa1c9da3096b959/element/f.63F842937ABE5650621AFC3910BCBB57.d.BCFE56B4CBC8D03F59C0A74CEE91D767.e.6336/click - {}
RESULT: {}
COMMAND: GET /session/a414a6ae85a434897fa1c9da3096b959/screenshot - {}
RESULT: {}
COMMAND: POST /session/a414a6ae85a434897fa1c9da3096b959/element - {"using":"xpath","value":"//header[contains(@id, 'ObjectPageLayout-headerTitle')]/div[1]/div[2]/div[1]/span[1]"}
RESULT: {"using":"xpath","value":"//header[contains(@id, 'ObjectPageLayout-headerTitle')]/div[1]/div[2]/div[1]/span[1]"}
COMMAND: POST /session/a414a6ae85a434897fa1c9da3096b959/elements - {"using":"xpath","value":"//header[contains(@id, 'ObjectPageLayout-headerTitle')]/div[1]/div[2]/div[1]/span[1]"}
RESULT: {"using":"xpath","value":"//header[contains(@id, 'ObjectPageLayout-headerTitle')]/div[1]/div[2]/div[1]/span[1]"}
COMMAND: POST /session/a414a6ae85a434897fa1c9da3096b959/execute/sync - {"script":"<script> [56 bytes]","args":[{"element-6066-11e4-a52e-4f735466cecf":"f.63F842937ABE5650621AFC3910BCBB57.d.BCFE56B4CBC8D03F59C0A74CEE91D767.e.6626","ELEMENT":"f.63F842937ABE5650621AFC3910BCBB57.d.BCFE56B4CBC8D03F59C0A74CEE91D767.e.6626"}]}
RESULT: {"script":"<script> [56 bytes]","args":[{"element-6066-11e4-a52e-4f735466cecf":"f.63F842937ABE5650621AFC3910BCBB57.d.BCFE56B4CBC8D03F59C0A74CEE91D767.e.6626","ELEMENT":"f.63F842937ABE5650621AFC3910BCBB57.d.BCFE56B4CBC8D03F59C0A74CEE91D767.e.6626"}]}
COMMAND: GET /session/a414a6ae85a434897fa1c9da3096b959/screenshot - {}
RESULT: {}
COMMAND: POST /session/a414a6ae85a434897fa1c9da3096b959/element - {"using":"css selector","value":"#shell-header-logo"}
RESULT: {"using":"css selector","value":"#shell-header-logo"}
COMMAND: POST /session/a414a6ae85a434897fa1c9da3096b959/element/f.63F842937ABE5650621AFC3910BCBB57.d.BCFE56B4CBC8D03F59C0A74CEE91D767.e.5767/click - {}
RESULT: {}
COMMAND: GET /session/a414a6ae85a434897fa1c9da3096b959/screenshot - {}
RESULT: {}
COMMAND: POST /session/a414a6ae85a434897fa1c9da3096b959/execute/sync - {"script":"<script> [299 bytes]","args":[["getModel","getResource"]]}
RESULT: {"script":"<script> [299 bytes]","args":[["getModel","getResource"]]}
]]></system-out>
    </testcase>
    <testcase classname="chrome.136_0_7103_93.windows.Provide_to_Site_w/o_warehouse_management_w/_clarification_US116605" name="Should create a new external partner" time="104.765">
      <system-out><![CDATA[
COMMAND: POST /session/a414a6ae85a434897fa1c9da3096b959/window/fullscreen - {}
COMMAND: GET /session/a414a6ae85a434897fa1c9da3096b959/screenshot - {}
RESULT: {}
COMMAND: POST /session/a414a6ae85a434897fa1c9da3096b959/execute/async - {"script":"<script> [1562 bytes]","args":[{"selector":{"controlType":"sap.m.GenericTile","properties":{"header":"Manage Partners"}},"wdio_ui5_key":"sapm.GenericTile{\"header\":\"Manage Partners\"}"}]}
RESULT: {}
RESULT: {"script":"<script> [1562 bytes]","args":[{"selector":{"controlType":"sap.m.GenericTile","properties":{"header":"Manage Partners"}},"wdio_ui5_key":"sapm.GenericTile{\"header\":\"Manage Partners\"}"}]}
RESULT: undefined
COMMAND: POST /session/a414a6ae85a434897fa1c9da3096b959/element - {"using":"xpath","value":"//*[@id=\"__tile30\"]"}
RESULT: {"using":"xpath","value":"//*[@id=\"__tile30\"]"}
COMMAND: POST /session/a414a6ae85a434897fa1c9da3096b959/element/f.63F842937ABE5650621AFC3910BCBB57.d.BCFE56B4CBC8D03F59C0A74CEE91D767.e.5786/click - {}
RESULT: {}
COMMAND: GET /session/a414a6ae85a434897fa1c9da3096b959/screenshot - {}
RESULT: {}
COMMAND: POST /session/a414a6ae85a434897fa1c9da3096b959/elements - {"using":"xpath","value":"//span[text()='Error']"}
RESULT: {"using":"xpath","value":"//span[text()='Error']"}
COMMAND: POST /session/a414a6ae85a434897fa1c9da3096b959/element - {"using":"xpath","value":"//button[@data-kt=\"addButton\"]"}
RESULT: {"using":"xpath","value":"//button[@data-kt=\"addButton\"]"}
COMMAND: POST /session/a414a6ae85a434897fa1c9da3096b959/elements - {"using":"xpath","value":"//button[@data-kt=\"addButton\"]"}
RESULT: {"using":"xpath","value":"//button[@data-kt=\"addButton\"]"}
COMMAND: POST /session/a414a6ae85a434897fa1c9da3096b959/elements - {"using":"xpath","value":"//button[@data-kt=\"addButton\"]"}
RESULT: {"using":"xpath","value":"//button[@data-kt=\"addButton\"]"}
COMMAND: POST /session/a414a6ae85a434897fa1c9da3096b959/element - {"using":"xpath","value":"//button[@data-kt=\"addButton\"]"}
RESULT: {"using":"xpath","value":"//button[@data-kt=\"addButton\"]"}
COMMAND: POST /session/a414a6ae85a434897fa1c9da3096b959/execute/sync - {"script":"<script> [8489 bytes]","args":[{"element-6066-11e4-a52e-4f735466cecf":"f.63F842937ABE5650621AFC3910BCBB57.d.BCFE56B4CBC8D03F59C0A74CEE91D767.e.6663","ELEMENT":"f.63F842937ABE5650621AFC3910BCBB57.d.BCFE56B4CBC8D03F59C0A74CEE91D767.e.6663"}]}
RESULT: {"script":"<script> [8489 bytes]","args":[{"element-6066-11e4-a52e-4f735466cecf":"f.63F842937ABE5650621AFC3910BCBB57.d.BCFE56B4CBC8D03F59C0A74CEE91D767.e.6663","ELEMENT":"f.63F842937ABE5650621AFC3910BCBB57.d.BCFE56B4CBC8D03F59C0A74CEE91D767.e.6663"}]}
COMMAND: GET /session/a414a6ae85a434897fa1c9da3096b959/element/f.63F842937ABE5650621AFC3910BCBB57.d.BCFE56B4CBC8D03F59C0A74CEE91D767.e.6663/enabled - {}
COMMAND: GET /session/a414a6ae85a434897fa1c9da3096b959/screenshot - {}
RESULT: {}
COMMAND: POST /session/a414a6ae85a434897fa1c9da3096b959/execute/sync - {"script":"<script> [8489 bytes]","args":[{"element-6066-11e4-a52e-4f735466cecf":"f.63F842937ABE5650621AFC3910BCBB57.d.BCFE56B4CBC8D03F59C0A74CEE91D767.e.6663","ELEMENT":"f.63F842937ABE5650621AFC3910BCBB57.d.BCFE56B4CBC8D03F59C0A74CEE91D767.e.6663"}]}
COMMAND: GET /session/a414a6ae85a434897fa1c9da3096b959/screenshot - {}
RESULT: {}
RESULT: {"script":"<script> [8489 bytes]","args":[{"element-6066-11e4-a52e-4f735466cecf":"f.63F842937ABE5650621AFC3910BCBB57.d.BCFE56B4CBC8D03F59C0A74CEE91D767.e.6663","ELEMENT":"f.63F842937ABE5650621AFC3910BCBB57.d.BCFE56B4CBC8D03F59C0A74CEE91D767.e.6663"}]}
COMMAND: POST /session/a414a6ae85a434897fa1c9da3096b959/execute/sync - {"script":"<script> [5351 bytes]","args":[{"element-6066-11e4-a52e-4f735466cecf":"f.63F842937ABE5650621AFC3910BCBB57.d.BCFE56B4CBC8D03F59C0A74CEE91D767.e.6663","ELEMENT":"f.63F842937ABE5650621AFC3910BCBB57.d.BCFE56B4CBC8D03F59C0A74CEE91D767.e.6663"}]}
COMMAND: GET /session/a414a6ae85a434897fa1c9da3096b959/screenshot - {}
RESULT: {}
RESULT: {"script":"<script> [5351 bytes]","args":[{"element-6066-11e4-a52e-4f735466cecf":"f.63F842937ABE5650621AFC3910BCBB57.d.BCFE56B4CBC8D03F59C0A74CEE91D767.e.6663","ELEMENT":"f.63F842937ABE5650621AFC3910BCBB57.d.BCFE56B4CBC8D03F59C0A74CEE91D767.e.6663"}]}
COMMAND: POST /session/a414a6ae85a434897fa1c9da3096b959/element/f.63F842937ABE5650621AFC3910BCBB57.d.BCFE56B4CBC8D03F59C0A74CEE91D767.e.6663/click - {}
COMMAND: GET /session/a414a6ae85a434897fa1c9da3096b959/screenshot - {}
RESULT: {}
RESULT: {}
COMMAND: GET /session/a414a6ae85a434897fa1c9da3096b959/screenshot - {}
COMMAND: POST /session/a414a6ae85a434897fa1c9da3096b959/execute/async - {"script":"<script> [1562 bytes]","args":[{"selector":{"id":"application-managepartners-display-component---NewPartner--addressDetailDetailsName1","interaction":{"idSuffix":"inner"}},"wdio_ui5_key":"applicationmanagepartners-display-component---NewPartner--addressDetailDetailsName1"}]}
RESULT: {}
RESULT: {}
RESULT: {"script":"<script> [1562 bytes]","args":[{"selector":{"id":"application-managepartners-display-component---NewPartner--addressDetailDetailsName1","interaction":{"idSuffix":"inner"}},"wdio_ui5_key":"applicationmanagepartners-display-component---NewPartner--addressDetailDetailsName1"}]}
RESULT: undefined
COMMAND: POST /session/a414a6ae85a434897fa1c9da3096b959/execute/async - {"script":"<script> [776 bytes]","args":[{"enterText":"External Partner WDIO","selector":{"id":"application-managepartners-display-component---NewPartner--addressDetailDetailsName1","interaction":{"idSuffix":"inner"}},"clearTextFirst":true,"interactionType":"ENTER_TEXT"}]}
RESULT: {"script":"<script> [776 bytes]","args":[{"enterText":"External Partner WDIO","selector":{"id":"application-managepartners-display-component---NewPartner--addressDetailDetailsName1","interaction":{"idSuffix":"inner"}},"clearTextFirst":true,"interactionType":"ENTER_TEXT"}]}
COMMAND: POST /session/a414a6ae85a434897fa1c9da3096b959/execute/async - {"script":"<script> [1562 bytes]","args":[{"selector":{"id":"application-managepartners-display-component---NewPartner--addressDetailDetailsLanguage-arrow"},"wdio_ui5_key":"applicationmanagepartners-display-component---NewPartner--addressDetailDetailsLanguage-arrow"}]}
RESULT: {"script":"<script> [1562 bytes]","args":[{"selector":{"id":"application-managepartners-display-component---NewPartner--addressDetailDetailsLanguage-arrow"},"wdio_ui5_key":"applicationmanagepartners-display-component---NewPartner--addressDetailDetailsLanguage-arrow"}]}
RESULT: undefined
COMMAND: POST /session/a414a6ae85a434897fa1c9da3096b959/element - {"using":"xpath","value":"//*[@id=\"application-managepartners-display-component---NewPartner--addressDetailDetailsLanguage-arrow\"]"}
RESULT: {"using":"xpath","value":"//*[@id=\"application-managepartners-display-component---NewPartner--addressDetailDetailsLanguage-arrow\"]"}
COMMAND: POST /session/a414a6ae85a434897fa1c9da3096b959/element/f.63F842937ABE5650621AFC3910BCBB57.d.BCFE56B4CBC8D03F59C0A74CEE91D767.e.7116/click - {}
RESULT: {}
COMMAND: POST /session/a414a6ae85a434897fa1c9da3096b959/element - {"using":"xpath","value":"//span[contains(text(), \"English\")]"}
COMMAND: GET /session/a414a6ae85a434897fa1c9da3096b959/screenshot - {}
RESULT: {"using":"xpath","value":"//span[contains(text(), \"English\")]"}
COMMAND: POST /session/a414a6ae85a434897fa1c9da3096b959/element/f.63F842937ABE5650621AFC3910BCBB57.d.BCFE56B4CBC8D03F59C0A74CEE91D767.e.7117/click - {}
RESULT: {}
RESULT: {}
COMMAND: GET /session/a414a6ae85a434897fa1c9da3096b959/screenshot - {}
RESULT: {}
COMMAND: POST /session/a414a6ae85a434897fa1c9da3096b959/execute/async - {"script":"<script> [1562 bytes]","args":[{"selector":{"id":"application-managepartners-display-component---NewPartner--addressDetailDetailsCity1","interaction":{"idSuffix":"inner"}},"wdio_ui5_key":"applicationmanagepartners-display-component---NewPartner--addressDetailDetailsCity1"}]}
RESULT: {"script":"<script> [1562 bytes]","args":[{"selector":{"id":"application-managepartners-display-component---NewPartner--addressDetailDetailsCity1","interaction":{"idSuffix":"inner"}},"wdio_ui5_key":"applicationmanagepartners-display-component---NewPartner--addressDetailDetailsCity1"}]}
RESULT: undefined
COMMAND: POST /session/a414a6ae85a434897fa1c9da3096b959/execute/async - {"script":"<script> [776 bytes]","args":[{"enterText":"Rosario","selector":{"id":"application-managepartners-display-component---NewPartner--addressDetailDetailsCity1","interaction":{"idSuffix":"inner"}},"clearTextFirst":true,"interactionType":"ENTER_TEXT"}]}
RESULT: {"script":"<script> [776 bytes]","args":[{"enterText":"Rosario","selector":{"id":"application-managepartners-display-component---NewPartner--addressDetailDetailsCity1","interaction":{"idSuffix":"inner"}},"clearTextFirst":true,"interactionType":"ENTER_TEXT"}]}
COMMAND: POST /session/a414a6ae85a434897fa1c9da3096b959/execute/async - {"script":"<script> [1562 bytes]","args":[{"selector":{"id":"application-managepartners-display-component---NewPartner--addressDetailDetailsCountry-arrow"},"wdio_ui5_key":"applicationmanagepartners-display-component---NewPartner--addressDetailDetailsCountry-arrow"}]}
RESULT: {"script":"<script> [1562 bytes]","args":[{"selector":{"id":"application-managepartners-display-component---NewPartner--addressDetailDetailsCountry-arrow"},"wdio_ui5_key":"applicationmanagepartners-display-component---NewPartner--addressDetailDetailsCountry-arrow"}]}
RESULT: undefined
COMMAND: POST /session/a414a6ae85a434897fa1c9da3096b959/element - {"using":"xpath","value":"//*[@id=\"application-managepartners-display-component---NewPartner--addressDetailDetailsCountry-arrow\"]"}
RESULT: {"using":"xpath","value":"//*[@id=\"application-managepartners-display-component---NewPartner--addressDetailDetailsCountry-arrow\"]"}
COMMAND: POST /session/a414a6ae85a434897fa1c9da3096b959/element/f.63F842937ABE5650621AFC3910BCBB57.d.BCFE56B4CBC8D03F59C0A74CEE91D767.e.7103/click - {}
RESULT: {}
COMMAND: POST /session/a414a6ae85a434897fa1c9da3096b959/element - {"using":"xpath","value":"//span[contains(text(), \"Argentina\")]"}
COMMAND: GET /session/a414a6ae85a434897fa1c9da3096b959/screenshot - {}
RESULT: {"using":"xpath","value":"//span[contains(text(), \"Argentina\")]"}
COMMAND: POST /session/a414a6ae85a434897fa1c9da3096b959/element/f.63F842937ABE5650621AFC3910BCBB57.d.BCFE56B4CBC8D03F59C0A74CEE91D767.e.7119/click - {}
RESULT: {}
RESULT: {}
COMMAND: GET /session/a414a6ae85a434897fa1c9da3096b959/screenshot - {}
RESULT: {}
COMMAND: POST /session/a414a6ae85a434897fa1c9da3096b959/element - {"using":"xpath","value":"//bdi[contains(text(), \"Commercial\")]"}
RESULT: {"using":"xpath","value":"//bdi[contains(text(), \"Commercial\")]"}
COMMAND: POST /session/a414a6ae85a434897fa1c9da3096b959/element/f.63F842937ABE5650621AFC3910BCBB57.d.BCFE56B4CBC8D03F59C0A74CEE91D767.e.7120/click - {}
RESULT: {}
COMMAND: GET /session/a414a6ae85a434897fa1c9da3096b959/screenshot - {}
RESULT: {}
COMMAND: POST /session/a414a6ae85a434897fa1c9da3096b959/execute/async - {"script":"<script> [1562 bytes]","args":[{"selector":{"id":"application-managepartners-display-component---NewPartner--partnerDetailInternal-arrow"},"wdio_ui5_key":"applicationmanagepartners-display-component---NewPartner--partnerDetailInternal-arrow"}]}
RESULT: {"script":"<script> [1562 bytes]","args":[{"selector":{"id":"application-managepartners-display-component---NewPartner--partnerDetailInternal-arrow"},"wdio_ui5_key":"applicationmanagepartners-display-component---NewPartner--partnerDetailInternal-arrow"}]}
RESULT: undefined
COMMAND: POST /session/a414a6ae85a434897fa1c9da3096b959/element - {"using":"xpath","value":"//*[@id=\"application-managepartners-display-component---NewPartner--partnerDetailInternal-arrow\"]"}
RESULT: {"using":"xpath","value":"//*[@id=\"application-managepartners-display-component---NewPartner--partnerDetailInternal-arrow\"]"}
COMMAND: POST /session/a414a6ae85a434897fa1c9da3096b959/element/f.63F842937ABE5650621AFC3910BCBB57.d.BCFE56B4CBC8D03F59C0A74CEE91D767.e.7128/click - {}
RESULT: {}
COMMAND: POST /session/a414a6ae85a434897fa1c9da3096b959/element - {"using":"xpath","value":"//span[contains(text(), \"External partner\")]"}
COMMAND: GET /session/a414a6ae85a434897fa1c9da3096b959/screenshot - {}
RESULT: {"using":"xpath","value":"//span[contains(text(), \"External partner\")]"}
COMMAND: POST /session/a414a6ae85a434897fa1c9da3096b959/element/f.63F842937ABE5650621AFC3910BCBB57.d.BCFE56B4CBC8D03F59C0A74CEE91D767.e.7129/click - {}
RESULT: {}
RESULT: {}
COMMAND: POST /session/a414a6ae85a434897fa1c9da3096b959/execute/async - {"script":"<script> [1562 bytes]","args":[{"selector":{"id":"application-managepartners-display-component---NewPartner--partnerDetailsCurrency-arrow"},"wdio_ui5_key":"applicationmanagepartners-display-component---NewPartner--partnerDetailsCurrency-arrow"}]}
COMMAND: GET /session/a414a6ae85a434897fa1c9da3096b959/screenshot - {}
RESULT: {"script":"<script> [1562 bytes]","args":[{"selector":{"id":"application-managepartners-display-component---NewPartner--partnerDetailsCurrency-arrow"},"wdio_ui5_key":"applicationmanagepartners-display-component---NewPartner--partnerDetailsCurrency-arrow"}]}
RESULT: undefined
COMMAND: POST /session/a414a6ae85a434897fa1c9da3096b959/element - {"using":"xpath","value":"//*[@id=\"application-managepartners-display-component---NewPartner--partnerDetailsCurrency-arrow\"]"}
RESULT: {}
RESULT: {"using":"xpath","value":"//*[@id=\"application-managepartners-display-component---NewPartner--partnerDetailsCurrency-arrow\"]"}
COMMAND: POST /session/a414a6ae85a434897fa1c9da3096b959/element/f.63F842937ABE5650621AFC3910BCBB57.d.BCFE56B4CBC8D03F59C0A74CEE91D767.e.7134/click - {}
RESULT: {}
COMMAND: POST /session/a414a6ae85a434897fa1c9da3096b959/element - {"using":"xpath","value":"//span[contains(text(), \"US Dollar\")]"}
COMMAND: GET /session/a414a6ae85a434897fa1c9da3096b959/screenshot - {}
RESULT: {"using":"xpath","value":"//span[contains(text(), \"US Dollar\")]"}
COMMAND: POST /session/a414a6ae85a434897fa1c9da3096b959/element/f.63F842937ABE5650621AFC3910BCBB57.d.BCFE56B4CBC8D03F59C0A74CEE91D767.e.7135/click - {}
RESULT: {}
RESULT: {}
COMMAND: GET /session/a414a6ae85a434897fa1c9da3096b959/screenshot - {}
RESULT: {}
COMMAND: POST /session/a414a6ae85a434897fa1c9da3096b959/element - {"using":"xpath","value":"//input[@id=\"application-managepartners-display-component---NewPartner--companyCodeComboBox-inner\"]"}
RESULT: {"using":"xpath","value":"//input[@id=\"application-managepartners-display-component---NewPartner--companyCodeComboBox-inner\"]"}
COMMAND: POST /session/a414a6ae85a434897fa1c9da3096b959/element/f.63F842937ABE5650621AFC3910BCBB57.d.BCFE56B4CBC8D03F59C0A74CEE91D767.e.7022/clear - {}
RESULT: {}
COMMAND: POST /session/a414a6ae85a434897fa1c9da3096b959/element/f.63F842937ABE5650621AFC3910BCBB57.d.BCFE56B4CBC8D03F59C0A74CEE91D767.e.7022/value - {"text":"C002"}
COMMAND: GET /session/a414a6ae85a434897fa1c9da3096b959/screenshot - {}
RESULT: {"text":"C002"}
COMMAND: GET /session/a414a6ae85a434897fa1c9da3096b959/screenshot - {}
RESULT: {}
RESULT: {}
COMMAND: POST /session/a414a6ae85a434897fa1c9da3096b959/element - {"using":"xpath","value":"//li[.//span[text()= \"C002\"]]"}
RESULT: {"using":"xpath","value":"//li[.//span[text()= \"C002\"]]"}
COMMAND: POST /session/a414a6ae85a434897fa1c9da3096b959/element/f.63F842937ABE5650621AFC3910BCBB57.d.BCFE56B4CBC8D03F59C0A74CEE91D767.e.7139/click - {}
RESULT: {}
COMMAND: GET /session/a414a6ae85a434897fa1c9da3096b959/screenshot - {}
RESULT: {}
COMMAND: POST /session/a414a6ae85a434897fa1c9da3096b959/execute/async - {"script":"<script> [1562 bytes]","args":[{"selector":{"controlType":"sap.ui.core.Icon","viewName":"etm.portal.ui.managepartners.view.NewPartner","viewId":"application-managepartners-display-component---NewPartner","properties":{"src":{"regex":{"source":"slim\\-arrow\\-down"}}},"ancestor":{"controlType":"sap.m.ComboBox","viewName":"etm.portal.ui.managepartners.view.NewPartner","viewId":"application-managepartners-display-component---NewPartner","bindingPath":{"path":"","propertyPath":"/CATALOG","modelName":"oNewPartnerModel"}}},"wdio_ui5_key":"etmportal.ui.managepartners.view.NewPartnersap.ui.core.Icon{\"src\":{\"regex\":{\"source\":\"slim\\\\-arrow\\\\-down\"}}}{\"controlType\":\"sap.m.ComboBox\",\"viewName\":\"etm.portal.ui.managepartners.view.NewPartner\",\"viewId\":\"application-managepartners-display-component---NewPartner\",\"bindingPath\":{\"path\":\"\",\"propertyPath\":\"/CATALOG\",\"modelName\":\"oNewPartnerModel\"}}"}]}
RESULT: {"script":"<script> [1562 bytes]","args":[{"selector":{"controlType":"sap.ui.core.Icon","viewName":"etm.portal.ui.managepartners.view.NewPartner","viewId":"application-managepartners-display-component---NewPartner","properties":{"src":{"regex":{"source":"slim\\-arrow\\-down"}}},"ancestor":{"controlType":"sap.m.ComboBox","viewName":"etm.portal.ui.managepartners.view.NewPartner","viewId":"application-managepartners-display-component---NewPartner","bindingPath":{"path":"","propertyPath":"/CATALOG","modelName":"oNewPartnerModel"}}},"wdio_ui5_key":"etmportal.ui.managepartners.view.NewPartnersap.ui.core.Icon{\"src\":{\"regex\":{\"source\":\"slim\\\\-arrow\\\\-down\"}}}{\"controlType\":\"sap.m.ComboBox\",\"viewName\":\"etm.portal.ui.managepartners.view.NewPartner\",\"viewId\":\"application-managepartners-display-component---NewPartner\",\"bindingPath\":{\"path\":\"\",\"propertyPath\":\"/CATALOG\",\"modelName\":\"oNewPartnerModel\"}}"}]}
RESULT: undefined
COMMAND: POST /session/a414a6ae85a434897fa1c9da3096b959/element - {"using":"xpath","value":"//*[@id=\"__box21-arrow\"]"}
RESULT: {"using":"xpath","value":"//*[@id=\"__box21-arrow\"]"}
COMMAND: POST /session/a414a6ae85a434897fa1c9da3096b959/element/f.63F842937ABE5650621AFC3910BCBB57.d.BCFE56B4CBC8D03F59C0A74CEE91D767.e.7104/click - {}
RESULT: {}
COMMAND: GET /session/a414a6ae85a434897fa1c9da3096b959/screenshot - {}
RESULT: {}
COMMAND: POST /session/a414a6ae85a434897fa1c9da3096b959/element - {"using":"xpath","value":"//ul[contains(@id,\"popup-list-listUl\")]//li[.//span[text()= \"Webshop Catalog\"]]"}
RESULT: {"using":"xpath","value":"//ul[contains(@id,\"popup-list-listUl\")]//li[.//span[text()= \"Webshop Catalog\"]]"}
COMMAND: POST /session/a414a6ae85a434897fa1c9da3096b959/element/f.63F842937ABE5650621AFC3910BCBB57.d.BCFE56B4CBC8D03F59C0A74CEE91D767.e.7141/click - {}
RESULT: {}
COMMAND: GET /session/a414a6ae85a434897fa1c9da3096b959/screenshot - {}
RESULT: {}
COMMAND: POST /session/a414a6ae85a434897fa1c9da3096b959/execute/async - {"script":"<script> [1562 bytes]","args":[{"selector":{"id":"application-managepartners-display-component---NewPartner--btnAddTableRow-img"},"wdio_ui5_key":"applicationmanagepartners-display-component---NewPartner--btnAddTableRow-img"}]}
RESULT: {"script":"<script> [1562 bytes]","args":[{"selector":{"id":"application-managepartners-display-component---NewPartner--btnAddTableRow-img"},"wdio_ui5_key":"applicationmanagepartners-display-component---NewPartner--btnAddTableRow-img"}]}
RESULT: undefined
COMMAND: POST /session/a414a6ae85a434897fa1c9da3096b959/element - {"using":"xpath","value":"//*[@id=\"application-managepartners-display-component---NewPartner--btnAddTableRow-img\"]"}
RESULT: {"using":"xpath","value":"//*[@id=\"application-managepartners-display-component---NewPartner--btnAddTableRow-img\"]"}
COMMAND: POST /session/a414a6ae85a434897fa1c9da3096b959/element/f.63F842937ABE5650621AFC3910BCBB57.d.BCFE56B4CBC8D03F59C0A74CEE91D767.e.7142/click - {}
RESULT: {}
COMMAND: GET /session/a414a6ae85a434897fa1c9da3096b959/screenshot - {}
RESULT: {}
COMMAND: POST /session/a414a6ae85a434897fa1c9da3096b959/element - {"using":"xpath","value":"//input[@id=\"application-managepartners-display-component---NewPartner--assignmentYard-application-managepartners-display-component---NewPartner--assignmentsTable-0-inner\"]"}
RESULT: {"using":"xpath","value":"//input[@id=\"application-managepartners-display-component---NewPartner--assignmentYard-application-managepartners-display-component---NewPartner--assignmentsTable-0-inner\"]"}
COMMAND: POST /session/a414a6ae85a434897fa1c9da3096b959/element/f.63F842937ABE5650621AFC3910BCBB57.d.BCFE56B4CBC8D03F59C0A74CEE91D767.e.7145/clear - {}
RESULT: {}
COMMAND: POST /session/a414a6ae85a434897fa1c9da3096b959/element/f.63F842937ABE5650621AFC3910BCBB57.d.BCFE56B4CBC8D03F59C0A74CEE91D767.e.7145/value - {"text":"502"}
COMMAND: GET /session/a414a6ae85a434897fa1c9da3096b959/screenshot - {}
RESULT: {"text":"502"}
COMMAND: GET /session/a414a6ae85a434897fa1c9da3096b959/screenshot - {}
RESULT: {}
RESULT: {}
COMMAND: POST /session/a414a6ae85a434897fa1c9da3096b959/element - {"using":"xpath","value":"//li[.//span[text()='502']]"}
RESULT: {"using":"xpath","value":"//li[.//span[text()='502']]"}
COMMAND: POST /session/a414a6ae85a434897fa1c9da3096b959/element/f.63F842937ABE5650621AFC3910BCBB57.d.BCFE56B4CBC8D03F59C0A74CEE91D767.e.7153/click - {}
RESULT: {}
COMMAND: GET /session/a414a6ae85a434897fa1c9da3096b959/screenshot - {}
RESULT: {}
COMMAND: POST /session/a414a6ae85a434897fa1c9da3096b959/actions - {"actions":[{"id":"action19","type":"key","parameters":{},"actions":[{"type":"keyDown","value":""},{"type":"pause","duration":10},{"type":"keyUp","value":""}]}]}
RESULT: {"actions":[{"id":"action19","type":"key","parameters":{},"actions":[{"type":"keyDown","value":""},{"type":"pause","duration":10},{"type":"keyUp","value":""}]}]}
COMMAND: POST /session/a414a6ae85a434897fa1c9da3096b959/element - {"using":"xpath","value":"//td[contains(@id, \"assignmentsTable-0-cell2\")]/div/div"}
COMMAND: GET /session/a414a6ae85a434897fa1c9da3096b959/screenshot - {}
RESULT: {"using":"xpath","value":"//td[contains(@id, \"assignmentsTable-0-cell2\")]/div/div"}
COMMAND: POST /session/a414a6ae85a434897fa1c9da3096b959/element/f.63F842937ABE5650621AFC3910BCBB57.d.BCFE56B4CBC8D03F59C0A74CEE91D767.e.7156/click - {}
RESULT: {}
RESULT: {}
COMMAND: GET /session/a414a6ae85a434897fa1c9da3096b959/screenshot - {}
RESULT: {}
COMMAND: POST /session/a414a6ae85a434897fa1c9da3096b959/element - {"using":"xpath","value":"//button[@data-kt=\"saveButton\"]"}
RESULT: {"using":"xpath","value":"//button[@data-kt=\"saveButton\"]"}
COMMAND: POST /session/a414a6ae85a434897fa1c9da3096b959/element/f.63F842937ABE5650621AFC3910BCBB57.d.BCFE56B4CBC8D03F59C0A74CEE91D767.e.7080/click - {}
RESULT: {}
COMMAND: GET /session/a414a6ae85a434897fa1c9da3096b959/screenshot - {}
RESULT: {}
COMMAND: POST /session/a414a6ae85a434897fa1c9da3096b959/element - {"using":"xpath","value":"//header[contains(@id, 'ObjectPageLayout-headerTitle')]/div[1]/div[2]/div[2]/span[1]"}
RESULT: {"using":"xpath","value":"//header[contains(@id, 'ObjectPageLayout-headerTitle')]/div[1]/div[2]/div[2]/span[1]"}
COMMAND: POST /session/a414a6ae85a434897fa1c9da3096b959/elements - {"using":"xpath","value":"//header[contains(@id, 'ObjectPageLayout-headerTitle')]/div[1]/div[2]/div[2]/span[1]"}
RESULT: {"using":"xpath","value":"//header[contains(@id, 'ObjectPageLayout-headerTitle')]/div[1]/div[2]/div[2]/span[1]"}
COMMAND: POST /session/a414a6ae85a434897fa1c9da3096b959/execute/sync - {"script":"<script> [56 bytes]","args":[{"element-6066-11e4-a52e-4f735466cecf":"f.63F842937ABE5650621AFC3910BCBB57.d.BCFE56B4CBC8D03F59C0A74CEE91D767.e.7320","ELEMENT":"f.63F842937ABE5650621AFC3910BCBB57.d.BCFE56B4CBC8D03F59C0A74CEE91D767.e.7320"}]}
RESULT: {"script":"<script> [56 bytes]","args":[{"element-6066-11e4-a52e-4f735466cecf":"f.63F842937ABE5650621AFC3910BCBB57.d.BCFE56B4CBC8D03F59C0A74CEE91D767.e.7320","ELEMENT":"f.63F842937ABE5650621AFC3910BCBB57.d.BCFE56B4CBC8D03F59C0A74CEE91D767.e.7320"}]}
COMMAND: POST /session/a414a6ae85a434897fa1c9da3096b959/element - {"using":"css selector","value":"#shell-header-logo"}
COMMAND: GET /session/a414a6ae85a434897fa1c9da3096b959/screenshot - {}
RESULT: {"using":"css selector","value":"#shell-header-logo"}
COMMAND: POST /session/a414a6ae85a434897fa1c9da3096b959/element/f.63F842937ABE5650621AFC3910BCBB57.d.BCFE56B4CBC8D03F59C0A74CEE91D767.e.6630/click - {}
RESULT: {}
RESULT: {}
COMMAND: GET /session/a414a6ae85a434897fa1c9da3096b959/screenshot - {}
RESULT: {}
COMMAND: POST /session/a414a6ae85a434897fa1c9da3096b959/execute/sync - {"script":"<script> [299 bytes]","args":[["getModel","getResource"]]}
RESULT: {"script":"<script> [299 bytes]","args":[["getModel","getResource"]]}
]]></system-out>
    </testcase>
    <testcase classname="chrome.136_0_7103_93.windows.Provide_to_Site_w/o_warehouse_management_w/_clarification_US116605" name="Should create a new site" time="103.249">
      <system-out><![CDATA[
COMMAND: GET /session/a414a6ae85a434897fa1c9da3096b959/screenshot - {}
COMMAND: POST /session/a414a6ae85a434897fa1c9da3096b959/execute/async - {"script":"<script> [1562 bytes]","args":[{"selector":{"controlType":"sap.m.GenericTile","properties":{"header":"Manage Sites"}},"wdio_ui5_key":"sapm.GenericTile{\"header\":\"Manage Sites\"}"}]}
RESULT: {}
RESULT: {"script":"<script> [1562 bytes]","args":[{"selector":{"controlType":"sap.m.GenericTile","properties":{"header":"Manage Sites"}},"wdio_ui5_key":"sapm.GenericTile{\"header\":\"Manage Sites\"}"}]}
RESULT: undefined
COMMAND: POST /session/a414a6ae85a434897fa1c9da3096b959/element - {"using":"xpath","value":"//*[@id=\"__tile32\"]"}
RESULT: {"using":"xpath","value":"//*[@id=\"__tile32\"]"}
COMMAND: POST /session/a414a6ae85a434897fa1c9da3096b959/element/f.63F842937ABE5650621AFC3910BCBB57.d.BCFE56B4CBC8D03F59C0A74CEE91D767.e.5792/click - {}
RESULT: {}
COMMAND: GET /session/a414a6ae85a434897fa1c9da3096b959/screenshot - {}
RESULT: {}
COMMAND: POST /session/a414a6ae85a434897fa1c9da3096b959/elements - {"using":"xpath","value":"//span[text()='Error']"}
RESULT: {"using":"xpath","value":"//span[text()='Error']"}
COMMAND: POST /session/a414a6ae85a434897fa1c9da3096b959/element - {"using":"xpath","value":"//button[@data-kt=\"addOverflowToolbarButton\"]"}
RESULT: {"using":"xpath","value":"//button[@data-kt=\"addOverflowToolbarButton\"]"}
COMMAND: POST /session/a414a6ae85a434897fa1c9da3096b959/elements - {"using":"xpath","value":"//button[@data-kt=\"addOverflowToolbarButton\"]"}
RESULT: {"using":"xpath","value":"//button[@data-kt=\"addOverflowToolbarButton\"]"}
COMMAND: POST /session/a414a6ae85a434897fa1c9da3096b959/execute/sync - {"script":"<script> [8489 bytes]","args":[{"element-6066-11e4-a52e-4f735466cecf":"f.63F842937ABE5650621AFC3910BCBB57.d.BCFE56B4CBC8D03F59C0A74CEE91D767.e.7368","ELEMENT":"f.63F842937ABE5650621AFC3910BCBB57.d.BCFE56B4CBC8D03F59C0A74CEE91D767.e.7368"}]}
RESULT: {"script":"<script> [8489 bytes]","args":[{"element-6066-11e4-a52e-4f735466cecf":"f.63F842937ABE5650621AFC3910BCBB57.d.BCFE56B4CBC8D03F59C0A74CEE91D767.e.7368","ELEMENT":"f.63F842937ABE5650621AFC3910BCBB57.d.BCFE56B4CBC8D03F59C0A74CEE91D767.e.7368"}]}
COMMAND: GET /session/a414a6ae85a434897fa1c9da3096b959/element/f.63F842937ABE5650621AFC3910BCBB57.d.BCFE56B4CBC8D03F59C0A74CEE91D767.e.7368/enabled - {}
COMMAND: GET /session/a414a6ae85a434897fa1c9da3096b959/screenshot - {}
RESULT: {}
COMMAND: POST /session/a414a6ae85a434897fa1c9da3096b959/execute/sync - {"script":"<script> [8489 bytes]","args":[{"element-6066-11e4-a52e-4f735466cecf":"f.63F842937ABE5650621AFC3910BCBB57.d.BCFE56B4CBC8D03F59C0A74CEE91D767.e.7368","ELEMENT":"f.63F842937ABE5650621AFC3910BCBB57.d.BCFE56B4CBC8D03F59C0A74CEE91D767.e.7368"}]}
COMMAND: GET /session/a414a6ae85a434897fa1c9da3096b959/screenshot - {}
RESULT: {}
RESULT: {"script":"<script> [8489 bytes]","args":[{"element-6066-11e4-a52e-4f735466cecf":"f.63F842937ABE5650621AFC3910BCBB57.d.BCFE56B4CBC8D03F59C0A74CEE91D767.e.7368","ELEMENT":"f.63F842937ABE5650621AFC3910BCBB57.d.BCFE56B4CBC8D03F59C0A74CEE91D767.e.7368"}]}
COMMAND: POST /session/a414a6ae85a434897fa1c9da3096b959/execute/sync - {"script":"<script> [5351 bytes]","args":[{"element-6066-11e4-a52e-4f735466cecf":"f.63F842937ABE5650621AFC3910BCBB57.d.BCFE56B4CBC8D03F59C0A74CEE91D767.e.7368","ELEMENT":"f.63F842937ABE5650621AFC3910BCBB57.d.BCFE56B4CBC8D03F59C0A74CEE91D767.e.7368"}]}
COMMAND: GET /session/a414a6ae85a434897fa1c9da3096b959/screenshot - {}
RESULT: {}
RESULT: {"script":"<script> [5351 bytes]","args":[{"element-6066-11e4-a52e-4f735466cecf":"f.63F842937ABE5650621AFC3910BCBB57.d.BCFE56B4CBC8D03F59C0A74CEE91D767.e.7368","ELEMENT":"f.63F842937ABE5650621AFC3910BCBB57.d.BCFE56B4CBC8D03F59C0A74CEE91D767.e.7368"}]}
COMMAND: POST /session/a414a6ae85a434897fa1c9da3096b959/element/f.63F842937ABE5650621AFC3910BCBB57.d.BCFE56B4CBC8D03F59C0A74CEE91D767.e.7368/click - {}
COMMAND: GET /session/a414a6ae85a434897fa1c9da3096b959/screenshot - {}
RESULT: {}
RESULT: {}
COMMAND: GET /session/a414a6ae85a434897fa1c9da3096b959/screenshot - {}
RESULT: {}
RESULT: {}
COMMAND: POST /session/a414a6ae85a434897fa1c9da3096b959/element - {"using":"xpath","value":"//input[@id=\"application-managesites-display-component---NewSite--siteId-inner\"]"}
RESULT: {"using":"xpath","value":"//input[@id=\"application-managesites-display-component---NewSite--siteId-inner\"]"}
COMMAND: POST /session/a414a6ae85a434897fa1c9da3096b959/element - {"using":"xpath","value":"//input[@id=\"application-managesites-display-component---NewSite--siteId-inner\"]"}
RESULT: {"using":"xpath","value":"//input[@id=\"application-managesites-display-component---NewSite--siteId-inner\"]"}
COMMAND: POST /session/a414a6ae85a434897fa1c9da3096b959/execute/async - {"script":"<script> [1562 bytes]","args":[{"selector":{"id":"application-managesites-display-component---NewSite--addressDetailDetailsName1","interaction":{"idSuffix":"inner"}},"wdio_ui5_key":"applicationmanagesites-display-component---NewSite--addressDetailDetailsName1"}]}
RESULT: {"script":"<script> [1562 bytes]","args":[{"selector":{"id":"application-managesites-display-component---NewSite--addressDetailDetailsName1","interaction":{"idSuffix":"inner"}},"wdio_ui5_key":"applicationmanagesites-display-component---NewSite--addressDetailDetailsName1"}]}
RESULT: undefined
COMMAND: POST /session/a414a6ae85a434897fa1c9da3096b959/execute/async - {"script":"<script> [776 bytes]","args":[{"enterText":"Other Type Site WDIO","selector":{"id":"application-managesites-display-component---NewSite--addressDetailDetailsName1","interaction":{"idSuffix":"inner"}},"clearTextFirst":true,"interactionType":"ENTER_TEXT"}]}
RESULT: {"script":"<script> [776 bytes]","args":[{"enterText":"Other Type Site WDIO","selector":{"id":"application-managesites-display-component---NewSite--addressDetailDetailsName1","interaction":{"idSuffix":"inner"}},"clearTextFirst":true,"interactionType":"ENTER_TEXT"}]}
COMMAND: POST /session/a414a6ae85a434897fa1c9da3096b959/execute/async - {"script":"<script> [1562 bytes]","args":[{"selector":{"id":"application-managesites-display-component---NewSite--addressDetailDetailsLanguage-arrow"},"wdio_ui5_key":"applicationmanagesites-display-component---NewSite--addressDetailDetailsLanguage-arrow"}]}
RESULT: {"script":"<script> [1562 bytes]","args":[{"selector":{"id":"application-managesites-display-component---NewSite--addressDetailDetailsLanguage-arrow"},"wdio_ui5_key":"applicationmanagesites-display-component---NewSite--addressDetailDetailsLanguage-arrow"}]}
RESULT: undefined
COMMAND: POST /session/a414a6ae85a434897fa1c9da3096b959/element - {"using":"xpath","value":"//*[@id=\"application-managesites-display-component---NewSite--addressDetailDetailsLanguage-arrow\"]"}
RESULT: {"using":"xpath","value":"//*[@id=\"application-managesites-display-component---NewSite--addressDetailDetailsLanguage-arrow\"]"}
COMMAND: POST /session/a414a6ae85a434897fa1c9da3096b959/element/f.63F842937ABE5650621AFC3910BCBB57.d.BCFE56B4CBC8D03F59C0A74CEE91D767.e.7985/click - {}
RESULT: {}
COMMAND: POST /session/a414a6ae85a434897fa1c9da3096b959/element - {"using":"xpath","value":"//span[contains(text(), \"English\")]"}
COMMAND: GET /session/a414a6ae85a434897fa1c9da3096b959/screenshot - {}
RESULT: {"using":"xpath","value":"//span[contains(text(), \"English\")]"}
COMMAND: POST /session/a414a6ae85a434897fa1c9da3096b959/element/f.63F842937ABE5650621AFC3910BCBB57.d.BCFE56B4CBC8D03F59C0A74CEE91D767.e.7986/click - {}
RESULT: {}
RESULT: {}
COMMAND: POST /session/a414a6ae85a434897fa1c9da3096b959/execute/async - {"script":"<script> [1562 bytes]","args":[{"selector":{"id":"application-managesites-display-component---NewSite--addressDetailDetailsCity1","interaction":{"idSuffix":"inner"}},"wdio_ui5_key":"applicationmanagesites-display-component---NewSite--addressDetailDetailsCity1"}]}
COMMAND: GET /session/a414a6ae85a434897fa1c9da3096b959/screenshot - {}
RESULT: {"script":"<script> [1562 bytes]","args":[{"selector":{"id":"application-managesites-display-component---NewSite--addressDetailDetailsCity1","interaction":{"idSuffix":"inner"}},"wdio_ui5_key":"applicationmanagesites-display-component---NewSite--addressDetailDetailsCity1"}]}
RESULT: undefined
COMMAND: POST /session/a414a6ae85a434897fa1c9da3096b959/execute/async - {"script":"<script> [776 bytes]","args":[{"enterText":"Rosario","selector":{"id":"application-managesites-display-component---NewSite--addressDetailDetailsCity1","interaction":{"idSuffix":"inner"}},"clearTextFirst":true,"interactionType":"ENTER_TEXT"}]}
RESULT: {}
RESULT: {"script":"<script> [776 bytes]","args":[{"enterText":"Rosario","selector":{"id":"application-managesites-display-component---NewSite--addressDetailDetailsCity1","interaction":{"idSuffix":"inner"}},"clearTextFirst":true,"interactionType":"ENTER_TEXT"}]}
COMMAND: POST /session/a414a6ae85a434897fa1c9da3096b959/execute/async - {"script":"<script> [1562 bytes]","args":[{"selector":{"id":"application-managesites-display-component---NewSite--addressDetailDetailsCountry-arrow"},"wdio_ui5_key":"applicationmanagesites-display-component---NewSite--addressDetailDetailsCountry-arrow"}]}
RESULT: {"script":"<script> [1562 bytes]","args":[{"selector":{"id":"application-managesites-display-component---NewSite--addressDetailDetailsCountry-arrow"},"wdio_ui5_key":"applicationmanagesites-display-component---NewSite--addressDetailDetailsCountry-arrow"}]}
RESULT: undefined
COMMAND: POST /session/a414a6ae85a434897fa1c9da3096b959/element - {"using":"xpath","value":"//*[@id=\"application-managesites-display-component---NewSite--addressDetailDetailsCountry-arrow\"]"}
RESULT: {"using":"xpath","value":"//*[@id=\"application-managesites-display-component---NewSite--addressDetailDetailsCountry-arrow\"]"}
COMMAND: POST /session/a414a6ae85a434897fa1c9da3096b959/element/f.63F842937ABE5650621AFC3910BCBB57.d.BCFE56B4CBC8D03F59C0A74CEE91D767.e.7988/click - {}
RESULT: {}
COMMAND: POST /session/a414a6ae85a434897fa1c9da3096b959/element - {"using":"xpath","value":"//span[contains(text(), \"Argentina\")]"}
COMMAND: GET /session/a414a6ae85a434897fa1c9da3096b959/screenshot - {}
RESULT: {"using":"xpath","value":"//span[contains(text(), \"Argentina\")]"}
COMMAND: POST /session/a414a6ae85a434897fa1c9da3096b959/element/f.63F842937ABE5650621AFC3910BCBB57.d.BCFE56B4CBC8D03F59C0A74CEE91D767.e.7989/click - {}
RESULT: {}
RESULT: {}
COMMAND: GET /session/a414a6ae85a434897fa1c9da3096b959/screenshot - {}
RESULT: {}
COMMAND: POST /session/a414a6ae85a434897fa1c9da3096b959/execute/async - {"script":"<script> [1562 bytes]","args":[{"selector":{"id":"application-managesites-display-component---NewSite--addressEditDetailsCostObjectCstType-arrow"},"wdio_ui5_key":"applicationmanagesites-display-component---NewSite--addressEditDetailsCostObjectCstType-arrow"}]}
RESULT: {"script":"<script> [1562 bytes]","args":[{"selector":{"id":"application-managesites-display-component---NewSite--addressEditDetailsCostObjectCstType-arrow"},"wdio_ui5_key":"applicationmanagesites-display-component---NewSite--addressEditDetailsCostObjectCstType-arrow"}]}
RESULT: undefined
COMMAND: POST /session/a414a6ae85a434897fa1c9da3096b959/element - {"using":"xpath","value":"//*[@id=\"application-managesites-display-component---NewSite--addressEditDetailsCostObjectCstType-arrow\"]"}
RESULT: {"using":"xpath","value":"//*[@id=\"application-managesites-display-component---NewSite--addressEditDetailsCostObjectCstType-arrow\"]"}
COMMAND: POST /session/a414a6ae85a434897fa1c9da3096b959/element/f.63F842937ABE5650621AFC3910BCBB57.d.BCFE56B4CBC8D03F59C0A74CEE91D767.e.7991/click - {}
RESULT: {}
COMMAND: POST /session/a414a6ae85a434897fa1c9da3096b959/element - {"using":"xpath","value":"//span[contains(text(), \"Cost Center\")]"}
COMMAND: GET /session/a414a6ae85a434897fa1c9da3096b959/screenshot - {}
RESULT: {"using":"xpath","value":"//span[contains(text(), \"Cost Center\")]"}
COMMAND: POST /session/a414a6ae85a434897fa1c9da3096b959/element/f.63F842937ABE5650621AFC3910BCBB57.d.BCFE56B4CBC8D03F59C0A74CEE91D767.e.7992/click - {}
RESULT: {}
RESULT: {}
COMMAND: GET /session/a414a6ae85a434897fa1c9da3096b959/screenshot - {}
RESULT: {}
COMMAND: POST /session/a414a6ae85a434897fa1c9da3096b959/element - {"using":"xpath","value":"//span[@id=\"application-managesites-display-component---NewSite--addressNewCostObjectCstID-vhi\"]"}
RESULT: {"using":"xpath","value":"//span[@id=\"application-managesites-display-component---NewSite--addressNewCostObjectCstID-vhi\"]"}
COMMAND: POST /session/a414a6ae85a434897fa1c9da3096b959/execute/sync - {"script":"<script> [8489 bytes]","args":[{"element-6066-11e4-a52e-4f735466cecf":"f.63F842937ABE5650621AFC3910BCBB57.d.BCFE56B4CBC8D03F59C0A74CEE91D767.e.7997","ELEMENT":"f.63F842937ABE5650621AFC3910BCBB57.d.BCFE56B4CBC8D03F59C0A74CEE91D767.e.7997"}]}
RESULT: {"script":"<script> [8489 bytes]","args":[{"element-6066-11e4-a52e-4f735466cecf":"f.63F842937ABE5650621AFC3910BCBB57.d.BCFE56B4CBC8D03F59C0A74CEE91D767.e.7997","ELEMENT":"f.63F842937ABE5650621AFC3910BCBB57.d.BCFE56B4CBC8D03F59C0A74CEE91D767.e.7997"}]}
COMMAND: POST /session/a414a6ae85a434897fa1c9da3096b959/execute/async - {"script":"<script> [1562 bytes]","args":[{"selector":{"id":"application-managesites-display-component---NewSite--addressNewCostObjectCstID-vhi"},"wdio_ui5_key":"applicationmanagesites-display-component---NewSite--addressNewCostObjectCstID-vhi"}]}
COMMAND: GET /session/a414a6ae85a434897fa1c9da3096b959/screenshot - {}
RESULT: {"script":"<script> [1562 bytes]","args":[{"selector":{"id":"application-managesites-display-component---NewSite--addressNewCostObjectCstID-vhi"},"wdio_ui5_key":"applicationmanagesites-display-component---NewSite--addressNewCostObjectCstID-vhi"}]}
RESULT: undefined
COMMAND: POST /session/a414a6ae85a434897fa1c9da3096b959/element - {"using":"xpath","value":"//*[@id=\"application-managesites-display-component---NewSite--addressNewCostObjectCstID-vhi\"]"}
RESULT: {}
RESULT: {"using":"xpath","value":"//*[@id=\"application-managesites-display-component---NewSite--addressNewCostObjectCstID-vhi\"]"}
COMMAND: POST /session/a414a6ae85a434897fa1c9da3096b959/element/f.63F842937ABE5650621AFC3910BCBB57.d.BCFE56B4CBC8D03F59C0A74CEE91D767.e.7997/click - {}
RESULT: {}
COMMAND: GET /session/a414a6ae85a434897fa1c9da3096b959/screenshot - {}
RESULT: {}
RESULT: undefined
COMMAND: POST /session/a414a6ae85a434897fa1c9da3096b959/execute/async - {"script":"<script> [776 bytes]","args":[{"enterText":"10001013","selector":{"controlType":"sap.m.SearchField","properties":{"placeholder":"Search"},"searchOpenDialogs":true,"interaction":{"idSuffix":"I"}},"clearTextFirst":true,"interactionType":"ENTER_TEXT"}]}
RESULT: {"script":"<script> [776 bytes]","args":[{"enterText":"10001013","selector":{"controlType":"sap.m.SearchField","properties":{"placeholder":"Search"},"searchOpenDialogs":true,"interaction":{"idSuffix":"I"}},"clearTextFirst":true,"interactionType":"ENTER_TEXT"}]}
COMMAND: POST /session/a414a6ae85a434897fa1c9da3096b959/actions - {"actions":[{"id":"action20","type":"key","parameters":{},"actions":[{"type":"keyDown","value":""},{"type":"pause","duration":10},{"type":"keyUp","value":""}]}]}
RESULT: {"actions":[{"id":"action20","type":"key","parameters":{},"actions":[{"type":"keyDown","value":""},{"type":"pause","duration":10},{"type":"keyUp","value":""}]}]}
COMMAND: GET /session/a414a6ae85a434897fa1c9da3096b959/screenshot - {}
RESULT: {}
COMMAND: POST /session/a414a6ae85a434897fa1c9da3096b959/element - {"using":"xpath","value":"//span[contains(text(), \"General Management\")]"}
RESULT: {"using":"xpath","value":"//span[contains(text(), \"General Management\")]"}
COMMAND: POST /session/a414a6ae85a434897fa1c9da3096b959/element/f.63F842937ABE5650621AFC3910BCBB57.d.BCFE56B4CBC8D03F59C0A74CEE91D767.e.8036/click - {}
RESULT: {}
COMMAND: GET /session/a414a6ae85a434897fa1c9da3096b959/screenshot - {}
RESULT: {}
COMMAND: POST /session/a414a6ae85a434897fa1c9da3096b959/element - {"using":"xpath","value":"//bdi[contains(text(), \"OK\")]"}
RESULT: {"using":"xpath","value":"//bdi[contains(text(), \"OK\")]"}
COMMAND: POST /session/a414a6ae85a434897fa1c9da3096b959/element/f.63F842937ABE5650621AFC3910BCBB57.d.BCFE56B4CBC8D03F59C0A74CEE91D767.e.8037/click - {}
RESULT: {}
COMMAND: GET /session/a414a6ae85a434897fa1c9da3096b959/screenshot - {}
RESULT: {}
COMMAND: POST /session/a414a6ae85a434897fa1c9da3096b959/element - {"using":"xpath","value":"//input[@id=\"application-managesites-display-component---NewSite--addressDetailDetailsCalendar-inner\"]"}
RESULT: {"using":"xpath","value":"//input[@id=\"application-managesites-display-component---NewSite--addressDetailDetailsCalendar-inner\"]"}
COMMAND: POST /session/a414a6ae85a434897fa1c9da3096b959/element/f.63F842937ABE5650621AFC3910BCBB57.d.BCFE56B4CBC8D03F59C0A74CEE91D767.e.7782/clear - {}
RESULT: {}
COMMAND: POST /session/a414a6ae85a434897fa1c9da3096b959/element/f.63F842937ABE5650621AFC3910BCBB57.d.BCFE56B4CBC8D03F59C0A74CEE91D767.e.7782/value - {"text":"Unit"}
COMMAND: GET /session/a414a6ae85a434897fa1c9da3096b959/screenshot - {}
RESULT: {"text":"Unit"}
COMMAND: GET /session/a414a6ae85a434897fa1c9da3096b959/screenshot - {}
RESULT: {}
RESULT: {}
COMMAND: POST /session/a414a6ae85a434897fa1c9da3096b959/actions - {"actions":[{"id":"action21","type":"key","parameters":{},"actions":[{"type":"keyDown","value":""},{"type":"pause","duration":10},{"type":"keyUp","value":""}]}]}
RESULT: {"actions":[{"id":"action21","type":"key","parameters":{},"actions":[{"type":"keyDown","value":""},{"type":"pause","duration":10},{"type":"keyUp","value":""}]}]}
COMMAND: POST /session/a414a6ae85a434897fa1c9da3096b959/element - {"using":"xpath","value":"//input[@id=\"application-managesites-display-component---NewSite--addressDetailDetailsYard-inner\"]"}
COMMAND: GET /session/a414a6ae85a434897fa1c9da3096b959/screenshot - {}
RESULT: {"using":"xpath","value":"//input[@id=\"application-managesites-display-component---NewSite--addressDetailDetailsYard-inner\"]"}
COMMAND: POST /session/a414a6ae85a434897fa1c9da3096b959/element/f.63F842937ABE5650621AFC3910BCBB57.d.BCFE56B4CBC8D03F59C0A74CEE91D767.e.7783/clear - {}
RESULT: {}
RESULT: {}
COMMAND: POST /session/a414a6ae85a434897fa1c9da3096b959/element/f.63F842937ABE5650621AFC3910BCBB57.d.BCFE56B4CBC8D03F59C0A74CEE91D767.e.7783/value - {"text":"502"}
COMMAND: GET /session/a414a6ae85a434897fa1c9da3096b959/screenshot - {}
RESULT: {"text":"502"}
COMMAND: GET /session/a414a6ae85a434897fa1c9da3096b959/screenshot - {}
RESULT: {}
RESULT: {}
COMMAND: POST /session/a414a6ae85a434897fa1c9da3096b959/element - {"using":"xpath","value":"//li[.//span[text()='502']]"}
RESULT: {"using":"xpath","value":"//li[.//span[text()='502']]"}
COMMAND: POST /session/a414a6ae85a434897fa1c9da3096b959/element/f.63F842937ABE5650621AFC3910BCBB57.d.BCFE56B4CBC8D03F59C0A74CEE91D767.e.8045/click - {}
RESULT: {}
COMMAND: GET /session/a414a6ae85a434897fa1c9da3096b959/screenshot - {}
RESULT: {}
COMMAND: POST /session/a414a6ae85a434897fa1c9da3096b959/element - {"using":"xpath","value":"//input[@id=\"application-managesites-display-component---NewSite--addressDetailDetailsPartner-inner\"]"}
RESULT: {"using":"xpath","value":"//input[@id=\"application-managesites-display-component---NewSite--addressDetailDetailsPartner-inner\"]"}
COMMAND: POST /session/a414a6ae85a434897fa1c9da3096b959/element - {"using":"xpath","value":"//input[@id=\"application-managesites-display-component---NewSite--addressDetailDetailsPartner-inner\"]"}
RESULT: {"using":"xpath","value":"//input[@id=\"application-managesites-display-component---NewSite--addressDetailDetailsPartner-inner\"]"}
COMMAND: POST /session/a414a6ae85a434897fa1c9da3096b959/element - {"using":"xpath","value":"//button[@data-kt=\"saveButton\"]"}
RESULT: {"using":"xpath","value":"//button[@data-kt=\"saveButton\"]"}
COMMAND: POST /session/a414a6ae85a434897fa1c9da3096b959/element/f.63F842937ABE5650621AFC3910BCBB57.d.BCFE56B4CBC8D03F59C0A74CEE91D767.e.7978/click - {}
RESULT: {}
COMMAND: GET /session/a414a6ae85a434897fa1c9da3096b959/screenshot - {}
RESULT: {}
COMMAND: POST /session/a414a6ae85a434897fa1c9da3096b959/element - {"using":"xpath","value":"//header[contains(@id, 'ObjectPageLayout-headerTitle')]/div[1]/div[2]/div[2]/span[1]"}
RESULT: {"using":"xpath","value":"//header[contains(@id, 'ObjectPageLayout-headerTitle')]/div[1]/div[2]/div[2]/span[1]"}
COMMAND: POST /session/a414a6ae85a434897fa1c9da3096b959/elements - {"using":"xpath","value":"//header[contains(@id, 'ObjectPageLayout-headerTitle')]/div[1]/div[2]/div[2]/span[1]"}
RESULT: {"using":"xpath","value":"//header[contains(@id, 'ObjectPageLayout-headerTitle')]/div[1]/div[2]/div[2]/span[1]"}
COMMAND: POST /session/a414a6ae85a434897fa1c9da3096b959/execute/sync - {"script":"<script> [56 bytes]","args":[{"element-6066-11e4-a52e-4f735466cecf":"f.63F842937ABE5650621AFC3910BCBB57.d.BCFE56B4CBC8D03F59C0A74CEE91D767.e.8248","ELEMENT":"f.63F842937ABE5650621AFC3910BCBB57.d.BCFE56B4CBC8D03F59C0A74CEE91D767.e.8248"}]}
RESULT: {"script":"<script> [56 bytes]","args":[{"element-6066-11e4-a52e-4f735466cecf":"f.63F842937ABE5650621AFC3910BCBB57.d.BCFE56B4CBC8D03F59C0A74CEE91D767.e.8248","ELEMENT":"f.63F842937ABE5650621AFC3910BCBB57.d.BCFE56B4CBC8D03F59C0A74CEE91D767.e.8248"}]}
COMMAND: POST /session/a414a6ae85a434897fa1c9da3096b959/element - {"using":"css selector","value":"#shell-header-logo"}
COMMAND: GET /session/a414a6ae85a434897fa1c9da3096b959/screenshot - {}
RESULT: {"using":"css selector","value":"#shell-header-logo"}
COMMAND: POST /session/a414a6ae85a434897fa1c9da3096b959/element/f.63F842937ABE5650621AFC3910BCBB57.d.BCFE56B4CBC8D03F59C0A74CEE91D767.e.7326/click - {}
RESULT: {}
RESULT: {}
COMMAND: GET /session/a414a6ae85a434897fa1c9da3096b959/screenshot - {}
RESULT: {}
COMMAND: POST /session/a414a6ae85a434897fa1c9da3096b959/execute/sync - {"script":"<script> [299 bytes]","args":[["getModel","getResource"]]}
RESULT: {"script":"<script> [299 bytes]","args":[["getModel","getResource"]]}
]]></system-out>
    </testcase>
    <testcase classname="chrome.136_0_7103_93.windows.Provide_to_Site_w/o_warehouse_management_w/_clarification_US116605" name="Should create a new material" time="131.227">
      <system-out><![CDATA[
COMMAND: POST /session/a414a6ae85a434897fa1c9da3096b959/execute/async - {"script":"<script> [1562 bytes]","args":[{"selector":{"controlType":"sap.m.GenericTile","properties":{"header":"Manage Resources"}},"wdio_ui5_key":"sapm.GenericTile{\"header\":\"Manage Resources\"}"}]}
COMMAND: GET /session/a414a6ae85a434897fa1c9da3096b959/screenshot - {}
RESULT: {"script":"<script> [1562 bytes]","args":[{"selector":{"controlType":"sap.m.GenericTile","properties":{"header":"Manage Resources"}},"wdio_ui5_key":"sapm.GenericTile{\"header\":\"Manage Resources\"}"}]}
RESULT: undefined
COMMAND: POST /session/a414a6ae85a434897fa1c9da3096b959/element - {"using":"xpath","value":"//*[@id=\"__tile31\"]"}
RESULT: {}
RESULT: {"using":"xpath","value":"//*[@id=\"__tile31\"]"}
COMMAND: POST /session/a414a6ae85a434897fa1c9da3096b959/element/f.63F842937ABE5650621AFC3910BCBB57.d.BCFE56B4CBC8D03F59C0A74CEE91D767.e.5789/click - {}
RESULT: {}
COMMAND: GET /session/a414a6ae85a434897fa1c9da3096b959/screenshot - {}
COMMAND: POST /session/a414a6ae85a434897fa1c9da3096b959/elements - {"using":"xpath","value":"//span[text()='Error']"}
RESULT: {}
RESULT: {"using":"xpath","value":"//span[text()='Error']"}
COMMAND: POST /session/a414a6ae85a434897fa1c9da3096b959/element - {"using":"xpath","value":"//button[@data-kt=\"addNewRUOverflowToolbarButton\"]"}
RESULT: {"using":"xpath","value":"//button[@data-kt=\"addNewRUOverflowToolbarButton\"]"}
COMMAND: POST /session/a414a6ae85a434897fa1c9da3096b959/elements - {"using":"xpath","value":"//button[@data-kt=\"addNewRUOverflowToolbarButton\"]"}
RESULT: {"using":"xpath","value":"//button[@data-kt=\"addNewRUOverflowToolbarButton\"]"}
COMMAND: POST /session/a414a6ae85a434897fa1c9da3096b959/execute/sync - {"script":"<script> [8489 bytes]","args":[{"element-6066-11e4-a52e-4f735466cecf":"f.63F842937ABE5650621AFC3910BCBB57.d.BCFE56B4CBC8D03F59C0A74CEE91D767.e.8280","ELEMENT":"f.63F842937ABE5650621AFC3910BCBB57.d.BCFE56B4CBC8D03F59C0A74CEE91D767.e.8280"}]}
RESULT: {"script":"<script> [8489 bytes]","args":[{"element-6066-11e4-a52e-4f735466cecf":"f.63F842937ABE5650621AFC3910BCBB57.d.BCFE56B4CBC8D03F59C0A74CEE91D767.e.8280","ELEMENT":"f.63F842937ABE5650621AFC3910BCBB57.d.BCFE56B4CBC8D03F59C0A74CEE91D767.e.8280"}]}
COMMAND: GET /session/a414a6ae85a434897fa1c9da3096b959/element/f.63F842937ABE5650621AFC3910BCBB57.d.BCFE56B4CBC8D03F59C0A74CEE91D767.e.8280/enabled - {}
COMMAND: GET /session/a414a6ae85a434897fa1c9da3096b959/screenshot - {}
RESULT: {}
COMMAND: POST /session/a414a6ae85a434897fa1c9da3096b959/execute/sync - {"script":"<script> [8489 bytes]","args":[{"element-6066-11e4-a52e-4f735466cecf":"f.63F842937ABE5650621AFC3910BCBB57.d.BCFE56B4CBC8D03F59C0A74CEE91D767.e.8280","ELEMENT":"f.63F842937ABE5650621AFC3910BCBB57.d.BCFE56B4CBC8D03F59C0A74CEE91D767.e.8280"}]}
COMMAND: GET /session/a414a6ae85a434897fa1c9da3096b959/screenshot - {}
RESULT: {}
RESULT: {"script":"<script> [8489 bytes]","args":[{"element-6066-11e4-a52e-4f735466cecf":"f.63F842937ABE5650621AFC3910BCBB57.d.BCFE56B4CBC8D03F59C0A74CEE91D767.e.8280","ELEMENT":"f.63F842937ABE5650621AFC3910BCBB57.d.BCFE56B4CBC8D03F59C0A74CEE91D767.e.8280"}]}
COMMAND: POST /session/a414a6ae85a434897fa1c9da3096b959/execute/sync - {"script":"<script> [5351 bytes]","args":[{"element-6066-11e4-a52e-4f735466cecf":"f.63F842937ABE5650621AFC3910BCBB57.d.BCFE56B4CBC8D03F59C0A74CEE91D767.e.8280","ELEMENT":"f.63F842937ABE5650621AFC3910BCBB57.d.BCFE56B4CBC8D03F59C0A74CEE91D767.e.8280"}]}
COMMAND: GET /session/a414a6ae85a434897fa1c9da3096b959/screenshot - {}
RESULT: {}
RESULT: {"script":"<script> [5351 bytes]","args":[{"element-6066-11e4-a52e-4f735466cecf":"f.63F842937ABE5650621AFC3910BCBB57.d.BCFE56B4CBC8D03F59C0A74CEE91D767.e.8280","ELEMENT":"f.63F842937ABE5650621AFC3910BCBB57.d.BCFE56B4CBC8D03F59C0A74CEE91D767.e.8280"}]}
COMMAND: POST /session/a414a6ae85a434897fa1c9da3096b959/element/f.63F842937ABE5650621AFC3910BCBB57.d.BCFE56B4CBC8D03F59C0A74CEE91D767.e.8280/click - {}
COMMAND: GET /session/a414a6ae85a434897fa1c9da3096b959/screenshot - {}
RESULT: {}
RESULT: {}
COMMAND: GET /session/a414a6ae85a434897fa1c9da3096b959/screenshot - {}
COMMAND: POST /session/a414a6ae85a434897fa1c9da3096b959/execute/async - {"script":"<script> [1562 bytes]","args":[{"selector":{"id":"application-manageresources-display-component---newResourceUnit--TYPE-arrow"},"wdio_ui5_key":"applicationmanageresources-display-component---newResourceUnit--TYPE-arrow"}]}
RESULT: {}
RESULT: {}
RESULT: {"script":"<script> [1562 bytes]","args":[{"selector":{"id":"application-manageresources-display-component---newResourceUnit--TYPE-arrow"},"wdio_ui5_key":"applicationmanageresources-display-component---newResourceUnit--TYPE-arrow"}]}
RESULT: undefined
COMMAND: POST /session/a414a6ae85a434897fa1c9da3096b959/element - {"using":"xpath","value":"//*[@id=\"application-manageresources-display-component---newResourceUnit--TYPE-arrow\"]"}
RESULT: {"using":"xpath","value":"//*[@id=\"application-manageresources-display-component---newResourceUnit--TYPE-arrow\"]"}
COMMAND: POST /session/a414a6ae85a434897fa1c9da3096b959/element/f.63F842937ABE5650621AFC3910BCBB57.d.BCFE56B4CBC8D03F59C0A74CEE91D767.e.8636/click - {}
RESULT: {}
COMMAND: POST /session/a414a6ae85a434897fa1c9da3096b959/element - {"using":"xpath","value":"//input[@id=\"application-manageresources-display-component---newResourceUnit--TYPE-inner\"]"}
COMMAND: GET /session/a414a6ae85a434897fa1c9da3096b959/screenshot - {}
RESULT: {"using":"xpath","value":"//input[@id=\"application-manageresources-display-component---newResourceUnit--TYPE-inner\"]"}
COMMAND: POST /session/a414a6ae85a434897fa1c9da3096b959/element/f.63F842937ABE5650621AFC3910BCBB57.d.BCFE56B4CBC8D03F59C0A74CEE91D767.e.8632/clear - {}
RESULT: {}
RESULT: {}
COMMAND: POST /session/a414a6ae85a434897fa1c9da3096b959/element/f.63F842937ABE5650621AFC3910BCBB57.d.BCFE56B4CBC8D03F59C0A74CEE91D767.e.8632/value - {"text":"Material"}
COMMAND: GET /session/a414a6ae85a434897fa1c9da3096b959/screenshot - {}
RESULT: {"text":"Material"}
COMMAND: GET /session/a414a6ae85a434897fa1c9da3096b959/screenshot - {}
RESULT: {}
RESULT: {}
COMMAND: POST /session/a414a6ae85a434897fa1c9da3096b959/actions - {"actions":[{"id":"action22","type":"key","parameters":{},"actions":[{"type":"keyDown","value":""},{"type":"pause","duration":10},{"type":"keyUp","value":""}]}]}
RESULT: {"actions":[{"id":"action22","type":"key","parameters":{},"actions":[{"type":"keyDown","value":""},{"type":"pause","duration":10},{"type":"keyUp","value":""}]}]}
COMMAND: POST /session/a414a6ae85a434897fa1c9da3096b959/execute/async - {"script":"<script> [1562 bytes]","args":[{"selector":{"id":"application-manageresources-display-component---newResourceUnit--SHORT_TEXT","interaction":{"idSuffix":"inner"}},"wdio_ui5_key":"applicationmanageresources-display-component---newResourceUnit--SHORT_TEXT"}]}
COMMAND: GET /session/a414a6ae85a434897fa1c9da3096b959/screenshot - {}
RESULT: {"script":"<script> [1562 bytes]","args":[{"selector":{"id":"application-manageresources-display-component---newResourceUnit--SHORT_TEXT","interaction":{"idSuffix":"inner"}},"wdio_ui5_key":"applicationmanageresources-display-component---newResourceUnit--SHORT_TEXT"}]}
RESULT: undefined
COMMAND: POST /session/a414a6ae85a434897fa1c9da3096b959/execute/async - {"script":"<script> [776 bytes]","args":[{"enterText":"Cement WDIO","selector":{"id":"application-manageresources-display-component---newResourceUnit--SHORT_TEXT","interaction":{"idSuffix":"inner"}},"clearTextFirst":true,"interactionType":"ENTER_TEXT"}]}
RESULT: {}
RESULT: {"script":"<script> [776 bytes]","args":[{"enterText":"Cement WDIO","selector":{"id":"application-manageresources-display-component---newResourceUnit--SHORT_TEXT","interaction":{"idSuffix":"inner"}},"clearTextFirst":true,"interactionType":"ENTER_TEXT"}]}
COMMAND: POST /session/a414a6ae85a434897fa1c9da3096b959/execute/async - {"script":"<script> [1562 bytes]","args":[{"selector":{"id":"application-manageresources-display-component---newResourceUnit--BASE_UNIT_OF_MEASURE","interaction":{"idSuffix":"inner"}},"wdio_ui5_key":"applicationmanageresources-display-component---newResourceUnit--BASE_UNIT_OF_MEASURE"}]}
RESULT: {"script":"<script> [1562 bytes]","args":[{"selector":{"id":"application-manageresources-display-component---newResourceUnit--BASE_UNIT_OF_MEASURE","interaction":{"idSuffix":"inner"}},"wdio_ui5_key":"applicationmanageresources-display-component---newResourceUnit--BASE_UNIT_OF_MEASURE"}]}
RESULT: undefined
COMMAND: POST /session/a414a6ae85a434897fa1c9da3096b959/execute/async - {"script":"<script> [776 bytes]","args":[{"enterText":"Piece","selector":{"id":"application-manageresources-display-component---newResourceUnit--BASE_UNIT_OF_MEASURE","interaction":{"idSuffix":"inner"}},"clearTextFirst":true,"interactionType":"ENTER_TEXT"}]}
RESULT: {"script":"<script> [776 bytes]","args":[{"enterText":"Piece","selector":{"id":"application-manageresources-display-component---newResourceUnit--BASE_UNIT_OF_MEASURE","interaction":{"idSuffix":"inner"}},"clearTextFirst":true,"interactionType":"ENTER_TEXT"}]}
COMMAND: POST /session/a414a6ae85a434897fa1c9da3096b959/execute/async - {"script":"<script> [1562 bytes]","args":[{"selector":{"id":"application-manageresources-display-component---newResourceUnit--WEIGHT_UNIT","interaction":{"idSuffix":"inner"}},"wdio_ui5_key":"applicationmanageresources-display-component---newResourceUnit--WEIGHT_UNIT"}]}
RESULT: {"script":"<script> [1562 bytes]","args":[{"selector":{"id":"application-manageresources-display-component---newResourceUnit--WEIGHT_UNIT","interaction":{"idSuffix":"inner"}},"wdio_ui5_key":"applicationmanageresources-display-component---newResourceUnit--WEIGHT_UNIT"}]}
RESULT: undefined
COMMAND: POST /session/a414a6ae85a434897fa1c9da3096b959/execute/async - {"script":"<script> [776 bytes]","args":[{"enterText":"Gram","selector":{"id":"application-manageresources-display-component---newResourceUnit--WEIGHT_UNIT","interaction":{"idSuffix":"inner"}},"clearTextFirst":true,"interactionType":"ENTER_TEXT"}]}
RESULT: {"script":"<script> [776 bytes]","args":[{"enterText":"Gram","selector":{"id":"application-manageresources-display-component---newResourceUnit--WEIGHT_UNIT","interaction":{"idSuffix":"inner"}},"clearTextFirst":true,"interactionType":"ENTER_TEXT"}]}
COMMAND: POST /session/a414a6ae85a434897fa1c9da3096b959/execute/async - {"script":"<script> [1562 bytes]","args":[{"selector":{"id":"application-manageresources-display-component---newResourceUnit--DIMENSION_UNIT","interaction":{"idSuffix":"inner"}},"wdio_ui5_key":"applicationmanageresources-display-component---newResourceUnit--DIMENSION_UNIT"}]}
RESULT: {"script":"<script> [1562 bytes]","args":[{"selector":{"id":"application-manageresources-display-component---newResourceUnit--DIMENSION_UNIT","interaction":{"idSuffix":"inner"}},"wdio_ui5_key":"applicationmanageresources-display-component---newResourceUnit--DIMENSION_UNIT"}]}
RESULT: undefined
COMMAND: POST /session/a414a6ae85a434897fa1c9da3096b959/execute/async - {"script":"<script> [776 bytes]","args":[{"enterText":"Meter","selector":{"id":"application-manageresources-display-component---newResourceUnit--DIMENSION_UNIT","interaction":{"idSuffix":"inner"}},"clearTextFirst":true,"interactionType":"ENTER_TEXT"}]}
RESULT: {"script":"<script> [776 bytes]","args":[{"enterText":"Meter","selector":{"id":"application-manageresources-display-component---newResourceUnit--DIMENSION_UNIT","interaction":{"idSuffix":"inner"}},"clearTextFirst":true,"interactionType":"ENTER_TEXT"}]}
COMMAND: POST /session/a414a6ae85a434897fa1c9da3096b959/execute/async - {"script":"<script> [1562 bytes]","args":[{"selector":{"id":"application-manageresources-display-component---newResourceUnit--newRRUPage-anchBar-application-manageresources-display-component---newResourceUnit--control-anchor","interaction":{"idSuffix":"BDI-content"}},"wdio_ui5_key":"applicationmanageresources-display-component---newResourceUnit--newRRUPage-anchBar-application-manageresources-display-component---newResourceUnit--control-anchor"}]}
RESULT: {"script":"<script> [1562 bytes]","args":[{"selector":{"id":"application-manageresources-display-component---newResourceUnit--newRRUPage-anchBar-application-manageresources-display-component---newResourceUnit--control-anchor","interaction":{"idSuffix":"BDI-content"}},"wdio_ui5_key":"applicationmanageresources-display-component---newResourceUnit--newRRUPage-anchBar-application-manageresources-display-component---newResourceUnit--control-anchor"}]}
RESULT: undefined
COMMAND: POST /session/a414a6ae85a434897fa1c9da3096b959/element - {"using":"xpath","value":"//*[@id=\"application-manageresources-display-component---newResourceUnit--newRRUPage-anchBar-application-manageresources-display-component---newResourceUnit--control-anchor\"]"}
RESULT: {"using":"xpath","value":"//*[@id=\"application-manageresources-display-component---newResourceUnit--newRRUPage-anchBar-application-manageresources-display-component---newResourceUnit--control-anchor\"]"}
COMMAND: POST /session/a414a6ae85a434897fa1c9da3096b959/element/f.63F842937ABE5650621AFC3910BCBB57.d.BCFE56B4CBC8D03F59C0A74CEE91D767.e.8766/click - {}
RESULT: {}
COMMAND: POST /session/a414a6ae85a434897fa1c9da3096b959/execute/async - {"script":"<script> [1562 bytes]","args":[{"selector":{"id":"application-manageresources-display-component---newResourceUnit--PLANNING_GROUP","interaction":{"idSuffix":"inner"}},"wdio_ui5_key":"applicationmanageresources-display-component---newResourceUnit--PLANNING_GROUP"}]}
COMMAND: GET /session/a414a6ae85a434897fa1c9da3096b959/screenshot - {}
RESULT: {"script":"<script> [1562 bytes]","args":[{"selector":{"id":"application-manageresources-display-component---newResourceUnit--PLANNING_GROUP","interaction":{"idSuffix":"inner"}},"wdio_ui5_key":"applicationmanageresources-display-component---newResourceUnit--PLANNING_GROUP"}]}
RESULT: undefined
COMMAND: POST /session/a414a6ae85a434897fa1c9da3096b959/execute/async - {"script":"<script> [776 bytes]","args":[{"enterText":"Material","selector":{"id":"application-manageresources-display-component---newResourceUnit--PLANNING_GROUP","interaction":{"idSuffix":"inner"}},"clearTextFirst":true,"interactionType":"ENTER_TEXT"}]}
RESULT: {}
RESULT: {"script":"<script> [776 bytes]","args":[{"enterText":"Material","selector":{"id":"application-manageresources-display-component---newResourceUnit--PLANNING_GROUP","interaction":{"idSuffix":"inner"}},"clearTextFirst":true,"interactionType":"ENTER_TEXT"}]}
COMMAND: POST /session/a414a6ae85a434897fa1c9da3096b959/execute/async - {"script":"<script> [1562 bytes]","args":[{"selector":{"id":"application-manageresources-display-component---newResourceUnit--PLANNING_INDICATOR","interaction":{"idSuffix":"inner"}},"wdio_ui5_key":"applicationmanageresources-display-component---newResourceUnit--PLANNING_INDICATOR"}]}
RESULT: {"script":"<script> [1562 bytes]","args":[{"selector":{"id":"application-manageresources-display-component---newResourceUnit--PLANNING_INDICATOR","interaction":{"idSuffix":"inner"}},"wdio_ui5_key":"applicationmanageresources-display-component---newResourceUnit--PLANNING_INDICATOR"}]}
RESULT: undefined
COMMAND: POST /session/a414a6ae85a434897fa1c9da3096b959/execute/async - {"script":"<script> [776 bytes]","args":[{"enterText":"10 - infinite","selector":{"id":"application-manageresources-display-component---newResourceUnit--PLANNING_INDICATOR","interaction":{"idSuffix":"inner"}},"clearTextFirst":true,"interactionType":"ENTER_TEXT"}]}
RESULT: {"script":"<script> [776 bytes]","args":[{"enterText":"10 - infinite","selector":{"id":"application-manageresources-display-component---newResourceUnit--PLANNING_INDICATOR","interaction":{"idSuffix":"inner"}},"clearTextFirst":true,"interactionType":"ENTER_TEXT"}]}
COMMAND: POST /session/a414a6ae85a434897fa1c9da3096b959/element - {"using":"css selector","value":"#application-manageresources-display-component---newResourceUnit--btnAddTimeSegment"}
RESULT: {"using":"css selector","value":"#application-manageresources-display-component---newResourceUnit--btnAddTimeSegment"}
COMMAND: GET /session/a414a6ae85a434897fa1c9da3096b959/element/f.63F842937ABE5650621AFC3910BCBB57.d.BCFE56B4CBC8D03F59C0A74CEE91D767.e.8774/rect - {}
RESULT: {}
COMMAND: GET /session/a414a6ae85a434897fa1c9da3096b959/window/rect - {}
RESULT: {}
COMMAND: POST /session/a414a6ae85a434897fa1c9da3096b959/execute/sync - {"script":"<script> [92 bytes]","args":[]}
RESULT: {"script":"<script> [92 bytes]","args":[]}
COMMAND: POST /session/a414a6ae85a434897fa1c9da3096b959/actions - {"actions":[{"id":"action23","type":"wheel","parameters":{},"actions":[{"type":"scroll","x":-1888,"y":-32,"deltaX":0,"deltaY":0,"duration":0,"origin":{"element-6066-11e4-a52e-4f735466cecf":"f.63F842937ABE5650621AFC3910BCBB57.d.BCFE56B4CBC8D03F59C0A74CEE91D767.e.8774"}}]}]}
COMMAND: GET /session/a414a6ae85a434897fa1c9da3096b959/screenshot - {}
RESULT: {}
COMMAND: POST /session/a414a6ae85a434897fa1c9da3096b959/execute/sync - {"script":"<script> [79 bytes]","args":[{"element-6066-11e4-a52e-4f735466cecf":"f.63F842937ABE5650621AFC3910BCBB57.d.BCFE56B4CBC8D03F59C0A74CEE91D767.e.8774","ELEMENT":"f.63F842937ABE5650621AFC3910BCBB57.d.BCFE56B4CBC8D03F59C0A74CEE91D767.e.8774"},{"block":"start","inline":"nearest"}]}
RESULT: {"script":"<script> [79 bytes]","args":[{"element-6066-11e4-a52e-4f735466cecf":"f.63F842937ABE5650621AFC3910BCBB57.d.BCFE56B4CBC8D03F59C0A74CEE91D767.e.8774","ELEMENT":"f.63F842937ABE5650621AFC3910BCBB57.d.BCFE56B4CBC8D03F59C0A74CEE91D767.e.8774"},{"block":"start","inline":"nearest"}]}
COMMAND: POST /session/a414a6ae85a434897fa1c9da3096b959/execute/async - {"script":"<script> [1562 bytes]","args":[{"selector":{"id":"application-manageresources-display-component---newResourceUnit--btnAddTimeSegment","interaction":{"idSuffix":"inner"}},"wdio_ui5_key":"applicationmanageresources-display-component---newResourceUnit--btnAddTimeSegment"}]}
COMMAND: GET /session/a414a6ae85a434897fa1c9da3096b959/screenshot - {}
RESULT: {"script":"<script> [1562 bytes]","args":[{"selector":{"id":"application-manageresources-display-component---newResourceUnit--btnAddTimeSegment","interaction":{"idSuffix":"inner"}},"wdio_ui5_key":"applicationmanageresources-display-component---newResourceUnit--btnAddTimeSegment"}]}
RESULT: undefined
COMMAND: POST /session/a414a6ae85a434897fa1c9da3096b959/element - {"using":"xpath","value":"//*[@id=\"application-manageresources-display-component---newResourceUnit--btnAddTimeSegment\"]"}
RESULT: {}
RESULT: {"using":"xpath","value":"//*[@id=\"application-manageresources-display-component---newResourceUnit--btnAddTimeSegment\"]"}
COMMAND: POST /session/a414a6ae85a434897fa1c9da3096b959/element/f.63F842937ABE5650621AFC3910BCBB57.d.BCFE56B4CBC8D03F59C0A74CEE91D767.e.8774/click - {}
RESULT: {}
COMMAND: GET /session/a414a6ae85a434897fa1c9da3096b959/screenshot - {}
RESULT: {}
COMMAND: POST /session/a414a6ae85a434897fa1c9da3096b959/element - {"using":"xpath","value":"//input[@id=\"application-manageresources-display-component---newResourceUnit--idRuTSAdmin-application-manageresources-display-component---newResourceUnit--RUTimeSegment-0-inner\"]"}
RESULT: {"using":"xpath","value":"//input[@id=\"application-manageresources-display-component---newResourceUnit--idRuTSAdmin-application-manageresources-display-component---newResourceUnit--RUTimeSegment-0-inner\"]"}
COMMAND: POST /session/a414a6ae85a434897fa1c9da3096b959/element/f.63F842937ABE5650621AFC3910BCBB57.d.BCFE56B4CBC8D03F59C0A74CEE91D767.e.8779/clear - {}
RESULT: {}
COMMAND: POST /session/a414a6ae85a434897fa1c9da3096b959/element/f.63F842937ABE5650621AFC3910BCBB57.d.BCFE56B4CBC8D03F59C0A74CEE91D767.e.8779/value - {"text":"502"}
COMMAND: GET /session/a414a6ae85a434897fa1c9da3096b959/screenshot - {}
RESULT: {"text":"502"}
COMMAND: GET /session/a414a6ae85a434897fa1c9da3096b959/screenshot - {}
RESULT: {}
RESULT: {}
COMMAND: POST /session/a414a6ae85a434897fa1c9da3096b959/element - {"using":"xpath","value":"//li[.//span[text()='502']]"}
RESULT: {"using":"xpath","value":"//li[.//span[text()='502']]"}
COMMAND: POST /session/a414a6ae85a434897fa1c9da3096b959/element/f.63F842937ABE5650621AFC3910BCBB57.d.BCFE56B4CBC8D03F59C0A74CEE91D767.e.8789/click - {}
RESULT: {}
COMMAND: GET /session/a414a6ae85a434897fa1c9da3096b959/screenshot - {}
RESULT: {}
COMMAND: POST /session/a414a6ae85a434897fa1c9da3096b959/element - {"using":"xpath","value":"(//span[contains(@id, \"-application-manageresources-display-component---newResourceUnit--RUTimeSegment-0-arrow\")])[2]"}
RESULT: {"using":"xpath","value":"(//span[contains(@id, \"-application-manageresources-display-component---newResourceUnit--RUTimeSegment-0-arrow\")])[2]"}
COMMAND: POST /session/a414a6ae85a434897fa1c9da3096b959/element/f.63F842937ABE5650621AFC3910BCBB57.d.BCFE56B4CBC8D03F59C0A74CEE91D767.e.8790/click - {}
RESULT: {}
COMMAND: POST /session/a414a6ae85a434897fa1c9da3096b959/element - {"using":"xpath","value":"//span[contains(text(), \"PM Order\")]"}
COMMAND: GET /session/a414a6ae85a434897fa1c9da3096b959/screenshot - {}
RESULT: {"using":"xpath","value":"//span[contains(text(), \"PM Order\")]"}
COMMAND: POST /session/a414a6ae85a434897fa1c9da3096b959/element/f.63F842937ABE5650621AFC3910BCBB57.d.BCFE56B4CBC8D03F59C0A74CEE91D767.e.8791/click - {}
RESULT: {}
RESULT: {}
COMMAND: GET /session/a414a6ae85a434897fa1c9da3096b959/screenshot - {}
RESULT: {}
COMMAND: POST /session/a414a6ae85a434897fa1c9da3096b959/element - {"using":"xpath","value":"//td/div/div/div/span[contains(@id, \"newResourceUnit--RUTimeSegment-0-vhi\")][1]"}
RESULT: {"using":"xpath","value":"//td/div/div/div/span[contains(@id, \"newResourceUnit--RUTimeSegment-0-vhi\")][1]"}
COMMAND: GET /session/a414a6ae85a434897fa1c9da3096b959/element/f.63F842937ABE5650621AFC3910BCBB57.d.BCFE56B4CBC8D03F59C0A74CEE91D767.e.8795/rect - {}
RESULT: {}
COMMAND: GET /session/a414a6ae85a434897fa1c9da3096b959/window/rect - {}
RESULT: {}
COMMAND: POST /session/a414a6ae85a434897fa1c9da3096b959/execute/sync - {"script":"<script> [92 bytes]","args":[]}
RESULT: {"script":"<script> [92 bytes]","args":[]}
COMMAND: POST /session/a414a6ae85a434897fa1c9da3096b959/actions - {"actions":[{"id":"action24","type":"wheel","parameters":{},"actions":[{"type":"scroll","x":-1888,"y":-24,"deltaX":0,"deltaY":0,"duration":0,"origin":{"element-6066-11e4-a52e-4f735466cecf":"f.63F842937ABE5650621AFC3910BCBB57.d.BCFE56B4CBC8D03F59C0A74CEE91D767.e.8795"}}]}]}
COMMAND: GET /session/a414a6ae85a434897fa1c9da3096b959/screenshot - {}
RESULT: {}
COMMAND: POST /session/a414a6ae85a434897fa1c9da3096b959/execute/sync - {"script":"<script> [79 bytes]","args":[{"element-6066-11e4-a52e-4f735466cecf":"f.63F842937ABE5650621AFC3910BCBB57.d.BCFE56B4CBC8D03F59C0A74CEE91D767.e.8795","ELEMENT":"f.63F842937ABE5650621AFC3910BCBB57.d.BCFE56B4CBC8D03F59C0A74CEE91D767.e.8795"},{"block":"start","inline":"nearest"}]}
RESULT: {"script":"<script> [79 bytes]","args":[{"element-6066-11e4-a52e-4f735466cecf":"f.63F842937ABE5650621AFC3910BCBB57.d.BCFE56B4CBC8D03F59C0A74CEE91D767.e.8795","ELEMENT":"f.63F842937ABE5650621AFC3910BCBB57.d.BCFE56B4CBC8D03F59C0A74CEE91D767.e.8795"},{"block":"start","inline":"nearest"}]}
COMMAND: GET /session/a414a6ae85a434897fa1c9da3096b959/screenshot - {}
RESULT: {}
COMMAND: POST /session/a414a6ae85a434897fa1c9da3096b959/element/f.63F842937ABE5650621AFC3910BCBB57.d.BCFE56B4CBC8D03F59C0A74CEE91D767.e.8795/click - {}
RESULT: {}
COMMAND: GET /session/a414a6ae85a434897fa1c9da3096b959/screenshot - {}
RESULT: {}
RESULT: undefined
COMMAND: POST /session/a414a6ae85a434897fa1c9da3096b959/execute/async - {"script":"<script> [776 bytes]","args":[{"enterText":"4000360","selector":{"controlType":"sap.m.SearchField","properties":{"placeholder":"Search"},"searchOpenDialogs":true,"interaction":{"idSuffix":"I"}},"clearTextFirst":true,"interactionType":"ENTER_TEXT"}]}
RESULT: {"script":"<script> [776 bytes]","args":[{"enterText":"4000360","selector":{"controlType":"sap.m.SearchField","properties":{"placeholder":"Search"},"searchOpenDialogs":true,"interaction":{"idSuffix":"I"}},"clearTextFirst":true,"interactionType":"ENTER_TEXT"}]}
COMMAND: POST /session/a414a6ae85a434897fa1c9da3096b959/actions - {"actions":[{"id":"action25","type":"key","parameters":{},"actions":[{"type":"keyDown","value":""},{"type":"pause","duration":10},{"type":"keyUp","value":""}]}]}
RESULT: {"actions":[{"id":"action25","type":"key","parameters":{},"actions":[{"type":"keyDown","value":""},{"type":"pause","duration":10},{"type":"keyUp","value":""}]}]}
COMMAND: GET /session/a414a6ae85a434897fa1c9da3096b959/screenshot - {}
RESULT: {}
COMMAND: POST /session/a414a6ae85a434897fa1c9da3096b959/element - {"using":"xpath","value":"//td/div/span[contains(text(), \"BGL Vehicles\")]"}
RESULT: {"using":"xpath","value":"//td/div/span[contains(text(), \"BGL Vehicles\")]"}
COMMAND: POST /session/a414a6ae85a434897fa1c9da3096b959/element/f.63F842937ABE5650621AFC3910BCBB57.d.BCFE56B4CBC8D03F59C0A74CEE91D767.e.8814/click - {}
RESULT: {}
COMMAND: GET /session/a414a6ae85a434897fa1c9da3096b959/screenshot - {}
RESULT: {}
COMMAND: POST /session/a414a6ae85a434897fa1c9da3096b959/element - {"using":"xpath","value":"//bdi[contains(text(), \"OK\")]"}
RESULT: {"using":"xpath","value":"//bdi[contains(text(), \"OK\")]"}
COMMAND: POST /session/a414a6ae85a434897fa1c9da3096b959/element/f.63F842937ABE5650621AFC3910BCBB57.d.BCFE56B4CBC8D03F59C0A74CEE91D767.e.8815/click - {}
RESULT: {}
COMMAND: GET /session/a414a6ae85a434897fa1c9da3096b959/screenshot - {}
RESULT: {}
COMMAND: POST /session/a414a6ae85a434897fa1c9da3096b959/element - {"using":"xpath","value":"//label[contains(@class, 'sapMLabelRequired') and .//bdi[contains(text(), 'Planned Retirement')]]"}
RESULT: {"using":"xpath","value":"//label[contains(@class, 'sapMLabelRequired') and .//bdi[contains(text(), 'Planned Retirement')]]"}
COMMAND: POST /session/a414a6ae85a434897fa1c9da3096b959/elements - {"using":"xpath","value":"//label[contains(@class, 'sapMLabelRequired') and .//bdi[contains(text(), 'Planned Retirement')]]"}
RESULT: {"using":"xpath","value":"//label[contains(@class, 'sapMLabelRequired') and .//bdi[contains(text(), 'Planned Retirement')]]"}
COMMAND: POST /session/a414a6ae85a434897fa1c9da3096b959/element - {"using":"xpath","value":"//button[@data-kt=\"resourceUnitSaveButton\"]"}
RESULT: {"using":"xpath","value":"//button[@data-kt=\"resourceUnitSaveButton\"]"}
COMMAND: POST /session/a414a6ae85a434897fa1c9da3096b959/element/f.63F842937ABE5650621AFC3910BCBB57.d.BCFE56B4CBC8D03F59C0A74CEE91D767.e.8653/click - {}
RESULT: {}
COMMAND: GET /session/a414a6ae85a434897fa1c9da3096b959/screenshot - {}
RESULT: {}
COMMAND: POST /session/a414a6ae85a434897fa1c9da3096b959/element - {"using":"xpath","value":"//bdi[contains(text(), \"Close\")]"}
RESULT: {"using":"xpath","value":"//bdi[contains(text(), \"Close\")]"}
COMMAND: POST /session/a414a6ae85a434897fa1c9da3096b959/element/f.63F842937ABE5650621AFC3910BCBB57.d.BCFE56B4CBC8D03F59C0A74CEE91D767.e.8821/click - {}
RESULT: {}
COMMAND: GET /session/a414a6ae85a434897fa1c9da3096b959/screenshot - {}
RESULT: {}
COMMAND: POST /session/a414a6ae85a434897fa1c9da3096b959/element - {"using":"xpath","value":"//header[contains(@id, 'detailRruPage-headerTitle')]/div[1]/div[2]/div[2]/span[1]"}
RESULT: {"using":"xpath","value":"//header[contains(@id, 'detailRruPage-headerTitle')]/div[1]/div[2]/div[2]/span[1]"}
COMMAND: POST /session/a414a6ae85a434897fa1c9da3096b959/elements - {"using":"xpath","value":"//header[contains(@id, 'detailRruPage-headerTitle')]/div[1]/div[2]/div[2]/span[1]"}
RESULT: {"using":"xpath","value":"//header[contains(@id, 'detailRruPage-headerTitle')]/div[1]/div[2]/div[2]/span[1]"}
COMMAND: POST /session/a414a6ae85a434897fa1c9da3096b959/execute/sync - {"script":"<script> [56 bytes]","args":[{"element-6066-11e4-a52e-4f735466cecf":"f.63F842937ABE5650621AFC3910BCBB57.d.BCFE56B4CBC8D03F59C0A74CEE91D767.e.8857","ELEMENT":"f.63F842937ABE5650621AFC3910BCBB57.d.BCFE56B4CBC8D03F59C0A74CEE91D767.e.8857"}]}
RESULT: {"script":"<script> [56 bytes]","args":[{"element-6066-11e4-a52e-4f735466cecf":"f.63F842937ABE5650621AFC3910BCBB57.d.BCFE56B4CBC8D03F59C0A74CEE91D767.e.8857","ELEMENT":"f.63F842937ABE5650621AFC3910BCBB57.d.BCFE56B4CBC8D03F59C0A74CEE91D767.e.8857"}]}
COMMAND: POST /session/a414a6ae85a434897fa1c9da3096b959/element - {"using":"css selector","value":"#shell-header-logo"}
COMMAND: GET /session/a414a6ae85a434897fa1c9da3096b959/screenshot - {}
RESULT: {"using":"css selector","value":"#shell-header-logo"}
COMMAND: POST /session/a414a6ae85a434897fa1c9da3096b959/element/f.63F842937ABE5650621AFC3910BCBB57.d.BCFE56B4CBC8D03F59C0A74CEE91D767.e.8251/click - {}
RESULT: {}
RESULT: {}
COMMAND: GET /session/a414a6ae85a434897fa1c9da3096b959/screenshot - {}
RESULT: {}
]]></system-out>
    </testcase>
  </testsuite>
  <testsuite timestamp="2025-05-30T16:58:44" time="287.432" tests="6" failures="4" errors="4" skipped="0">
    <properties>
      <property name="specId" value="0"/>
      <property name="suiteName" value="Provide to Site w/o warehouse management w clarification"/>
      <property name="capabilities" value="chrome.136_0_7103_93.windows"/>
      <property name="file" value="file:///D:/a/1/s/test/specs/HTR/provide-to-site-wo-warehouse-w-clarification.spec.js"/>
    </properties>
    <testcase classname="chrome.136_0_7103_93.windows.Provide_to_Site_w/o_warehouse_management_w_clarification" name="Should do a stock increase handover" time="92.637">
      <failure/>
      <error message="Can't call click on element with selector &quot;//li[.//span[contains(text(),'502 -')]]&quot; because element wasn't found"/>
      <system-out><![CDATA[
COMMAND: POST /session/a414a6ae85a434897fa1c9da3096b959/execute/async - {"script":"<script> [1562 bytes]","args":[{"selector":{"controlType":"sap.m.GenericTile","properties":{"header":"Manage Handovers"}},"wdio_ui5_key":"sapm.GenericTile{\"header\":\"Manage Handovers\"}"}]}
RESULT: {"script":"<script> [1562 bytes]","args":[{"selector":{"controlType":"sap.m.GenericTile","properties":{"header":"Manage Handovers"}},"wdio_ui5_key":"sapm.GenericTile{\"header\":\"Manage Handovers\"}"}]}
RESULT: undefined
COMMAND: POST /session/a414a6ae85a434897fa1c9da3096b959/element - {"using":"xpath","value":"//*[@id=\"__tile132\"]"}
RESULT: {"using":"xpath","value":"//*[@id=\"__tile132\"]"}
COMMAND: POST /session/a414a6ae85a434897fa1c9da3096b959/element/f.63F842937ABE5650621AFC3910BCBB57.d.BCFE56B4CBC8D03F59C0A74CEE91D767.e.5816/click - {}
RESULT: {}
COMMAND: GET /session/a414a6ae85a434897fa1c9da3096b959/screenshot - {}
RESULT: {}
COMMAND: POST /session/a414a6ae85a434897fa1c9da3096b959/elements - {"using":"xpath","value":"//span[text()='Error']"}
RESULT: {"using":"xpath","value":"//span[text()='Error']"}
COMMAND: POST /session/a414a6ae85a434897fa1c9da3096b959/element - {"using":"xpath","value":"//button[@data-kt=\"masterHOAddButton\"]"}
RESULT: {"using":"xpath","value":"//button[@data-kt=\"masterHOAddButton\"]"}
COMMAND: POST /session/a414a6ae85a434897fa1c9da3096b959/elements - {"using":"xpath","value":"//button[@data-kt=\"masterHOAddButton\"]"}
RESULT: {"using":"xpath","value":"//button[@data-kt=\"masterHOAddButton\"]"}
COMMAND: POST /session/a414a6ae85a434897fa1c9da3096b959/execute/sync - {"script":"<script> [8489 bytes]","args":[{"element-6066-11e4-a52e-4f735466cecf":"f.63F842937ABE5650621AFC3910BCBB57.d.BCFE56B4CBC8D03F59C0A74CEE91D767.e.8888","ELEMENT":"f.63F842937ABE5650621AFC3910BCBB57.d.BCFE56B4CBC8D03F59C0A74CEE91D767.e.8888"}]}
RESULT: {"script":"<script> [8489 bytes]","args":[{"element-6066-11e4-a52e-4f735466cecf":"f.63F842937ABE5650621AFC3910BCBB57.d.BCFE56B4CBC8D03F59C0A74CEE91D767.e.8888","ELEMENT":"f.63F842937ABE5650621AFC3910BCBB57.d.BCFE56B4CBC8D03F59C0A74CEE91D767.e.8888"}]}
COMMAND: GET /session/a414a6ae85a434897fa1c9da3096b959/element/f.63F842937ABE5650621AFC3910BCBB57.d.BCFE56B4CBC8D03F59C0A74CEE91D767.e.8888/enabled - {}
COMMAND: GET /session/a414a6ae85a434897fa1c9da3096b959/screenshot - {}
RESULT: {}
COMMAND: POST /session/a414a6ae85a434897fa1c9da3096b959/execute/sync - {"script":"<script> [8489 bytes]","args":[{"element-6066-11e4-a52e-4f735466cecf":"f.63F842937ABE5650621AFC3910BCBB57.d.BCFE56B4CBC8D03F59C0A74CEE91D767.e.8888","ELEMENT":"f.63F842937ABE5650621AFC3910BCBB57.d.BCFE56B4CBC8D03F59C0A74CEE91D767.e.8888"}]}
COMMAND: GET /session/a414a6ae85a434897fa1c9da3096b959/screenshot - {}
RESULT: {}
RESULT: {"script":"<script> [8489 bytes]","args":[{"element-6066-11e4-a52e-4f735466cecf":"f.63F842937ABE5650621AFC3910BCBB57.d.BCFE56B4CBC8D03F59C0A74CEE91D767.e.8888","ELEMENT":"f.63F842937ABE5650621AFC3910BCBB57.d.BCFE56B4CBC8D03F59C0A74CEE91D767.e.8888"}]}
COMMAND: POST /session/a414a6ae85a434897fa1c9da3096b959/execute/sync - {"script":"<script> [5351 bytes]","args":[{"element-6066-11e4-a52e-4f735466cecf":"f.63F842937ABE5650621AFC3910BCBB57.d.BCFE56B4CBC8D03F59C0A74CEE91D767.e.8888","ELEMENT":"f.63F842937ABE5650621AFC3910BCBB57.d.BCFE56B4CBC8D03F59C0A74CEE91D767.e.8888"}]}
COMMAND: GET /session/a414a6ae85a434897fa1c9da3096b959/screenshot - {}
RESULT: {}
RESULT: {"script":"<script> [5351 bytes]","args":[{"element-6066-11e4-a52e-4f735466cecf":"f.63F842937ABE5650621AFC3910BCBB57.d.BCFE56B4CBC8D03F59C0A74CEE91D767.e.8888","ELEMENT":"f.63F842937ABE5650621AFC3910BCBB57.d.BCFE56B4CBC8D03F59C0A74CEE91D767.e.8888"}]}
COMMAND: POST /session/a414a6ae85a434897fa1c9da3096b959/element/f.63F842937ABE5650621AFC3910BCBB57.d.BCFE56B4CBC8D03F59C0A74CEE91D767.e.8888/click - {}
COMMAND: GET /session/a414a6ae85a434897fa1c9da3096b959/screenshot - {}
RESULT: {}
RESULT: {}
COMMAND: GET /session/a414a6ae85a434897fa1c9da3096b959/screenshot - {}
RESULT: {}
COMMAND: POST /session/a414a6ae85a434897fa1c9da3096b959/element - {"using":"xpath","value":"//span[contains(@id ,\"AddNewHO--typeSelect-arrow\")]"}
RESULT: {}
RESULT: {"using":"xpath","value":"//span[contains(@id ,\"AddNewHO--typeSelect-arrow\")]"}
COMMAND: POST /session/a414a6ae85a434897fa1c9da3096b959/element/f.63F842937ABE5650621AFC3910BCBB57.d.BCFE56B4CBC8D03F59C0A74CEE91D767.e.9251/click - {}
RESULT: {}
COMMAND: GET /session/a414a6ae85a434897fa1c9da3096b959/screenshot - {}
RESULT: {}
COMMAND: POST /session/a414a6ae85a434897fa1c9da3096b959/element - {"using":"xpath","value":"(//li[contains(text(), \"stock increase yard\")])[1]"}
RESULT: {"using":"xpath","value":"(//li[contains(text(), \"stock increase yard\")])[1]"}
COMMAND: POST /session/a414a6ae85a434897fa1c9da3096b959/element/f.63F842937ABE5650621AFC3910BCBB57.d.BCFE56B4CBC8D03F59C0A74CEE91D767.e.9252/click - {}
RESULT: {}
COMMAND: GET /session/a414a6ae85a434897fa1c9da3096b959/screenshot - {}
RESULT: {}
COMMAND: POST /session/a414a6ae85a434897fa1c9da3096b959/execute/async - {"script":"<script> [1562 bytes]","args":[{"selector":{"id":"application-managehandovers-display-component---AddNewHO--dueDate","interaction":{"idSuffix":"inner"}},"wdio_ui5_key":"applicationmanagehandovers-display-component---AddNewHO--dueDate"}]}
RESULT: {"script":"<script> [1562 bytes]","args":[{"selector":{"id":"application-managehandovers-display-component---AddNewHO--dueDate","interaction":{"idSuffix":"inner"}},"wdio_ui5_key":"applicationmanagehandovers-display-component---AddNewHO--dueDate"}]}
RESULT: undefined
COMMAND: POST /session/a414a6ae85a434897fa1c9da3096b959/execute/async - {"script":"<script> [6424 bytes]","args":[{"element-6066-11e4-a52e-4f735466cecf":"f.63F842937ABE5650621AFC3910BCBB57.d.BCFE56B4CBC8D03F59C0A74CEE91D767.e.9254"},"setValue",["5/30/25"]]}
RESULT: {"script":"<script> [6424 bytes]","args":[{"element-6066-11e4-a52e-4f735466cecf":"f.63F842937ABE5650621AFC3910BCBB57.d.BCFE56B4CBC8D03F59C0A74CEE91D767.e.9254"},"setValue",["5/30/25"]]}
COMMAND: POST /session/a414a6ae85a434897fa1c9da3096b959/element - {"using":"xpath","value":"//input[@id=\"generalSectionFrg--receiveYard-inner\"]"}
RESULT: {"using":"xpath","value":"//input[@id=\"generalSectionFrg--receiveYard-inner\"]"}
COMMAND: POST /session/a414a6ae85a434897fa1c9da3096b959/element/f.63F842937ABE5650621AFC3910BCBB57.d.BCFE56B4CBC8D03F59C0A74CEE91D767.e.9260/clear - {}
RESULT: {}
COMMAND: POST /session/a414a6ae85a434897fa1c9da3096b959/element/f.63F842937ABE5650621AFC3910BCBB57.d.BCFE56B4CBC8D03F59C0A74CEE91D767.e.9260/value - {"text":"502"}
COMMAND: GET /session/a414a6ae85a434897fa1c9da3096b959/screenshot - {}
RESULT: {"text":"502"}
COMMAND: GET /session/a414a6ae85a434897fa1c9da3096b959/screenshot - {}
RESULT: {}
RESULT: {}
COMMAND: POST /session/a414a6ae85a434897fa1c9da3096b959/element - {"using":"xpath","value":"//li[.//span[contains(text(),'502 -')]]"}
RESULT: {"using":"xpath","value":"//li[.//span[contains(text(),'502 -')]]"}
COMMAND: POST /session/a414a6ae85a434897fa1c9da3096b959/elements - {"using":"xpath","value":"//li[.//span[contains(text(),'502 -')]]"}
RESULT: {"using":"xpath","value":"//li[.//span[contains(text(),'502 -')]]"}
COMMAND: POST /session/a414a6ae85a434897fa1c9da3096b959/elements - {"using":"xpath","value":"//li[.//span[contains(text(),'502 -')]]"}
RESULT: {"using":"xpath","value":"//li[.//span[contains(text(),'502 -')]]"}
COMMAND: POST /session/a414a6ae85a434897fa1c9da3096b959/elements - {"using":"xpath","value":"//li[.//span[contains(text(),'502 -')]]"}
RESULT: {"using":"xpath","value":"//li[.//span[contains(text(),'502 -')]]"}
COMMAND: POST /session/a414a6ae85a434897fa1c9da3096b959/elements - {"using":"xpath","value":"//li[.//span[contains(text(),'502 -')]]"}
RESULT: {"using":"xpath","value":"//li[.//span[contains(text(),'502 -')]]"}
COMMAND: POST /session/a414a6ae85a434897fa1c9da3096b959/elements - {"using":"xpath","value":"//li[.//span[contains(text(),'502 -')]]"}
RESULT: {"using":"xpath","value":"//li[.//span[contains(text(),'502 -')]]"}
COMMAND: POST /session/a414a6ae85a434897fa1c9da3096b959/elements - {"using":"xpath","value":"//li[.//span[contains(text(),'502 -')]]"}
RESULT: {"using":"xpath","value":"//li[.//span[contains(text(),'502 -')]]"}
COMMAND: POST /session/a414a6ae85a434897fa1c9da3096b959/elements - {"using":"xpath","value":"//li[.//span[contains(text(),'502 -')]]"}
RESULT: {"using":"xpath","value":"//li[.//span[contains(text(),'502 -')]]"}
COMMAND: POST /session/a414a6ae85a434897fa1c9da3096b959/elements - {"using":"xpath","value":"//li[.//span[contains(text(),'502 -')]]"}
RESULT: {"using":"xpath","value":"//li[.//span[contains(text(),'502 -')]]"}
COMMAND: POST /session/a414a6ae85a434897fa1c9da3096b959/elements - {"using":"xpath","value":"//li[.//span[contains(text(),'502 -')]]"}
RESULT: {"using":"xpath","value":"//li[.//span[contains(text(),'502 -')]]"}
COMMAND: POST /session/a414a6ae85a434897fa1c9da3096b959/elements - {"using":"xpath","value":"//li[.//span[contains(text(),'502 -')]]"}
RESULT: {"using":"xpath","value":"//li[.//span[contains(text(),'502 -')]]"}
COMMAND: POST /session/a414a6ae85a434897fa1c9da3096b959/elements - {"using":"xpath","value":"//li[.//span[contains(text(),'502 -')]]"}
RESULT: {"using":"xpath","value":"//li[.//span[contains(text(),'502 -')]]"}
COMMAND: POST /session/a414a6ae85a434897fa1c9da3096b959/elements - {"using":"xpath","value":"//li[.//span[contains(text(),'502 -')]]"}
RESULT: {"using":"xpath","value":"//li[.//span[contains(text(),'502 -')]]"}
COMMAND: POST /session/a414a6ae85a434897fa1c9da3096b959/elements - {"using":"xpath","value":"//li[.//span[contains(text(),'502 -')]]"}
RESULT: {"using":"xpath","value":"//li[.//span[contains(text(),'502 -')]]"}
COMMAND: POST /session/a414a6ae85a434897fa1c9da3096b959/elements - {"using":"xpath","value":"//li[.//span[contains(text(),'502 -')]]"}
RESULT: {"using":"xpath","value":"//li[.//span[contains(text(),'502 -')]]"}
COMMAND: POST /session/a414a6ae85a434897fa1c9da3096b959/elements - {"using":"xpath","value":"//li[.//span[contains(text(),'502 -')]]"}
RESULT: {"using":"xpath","value":"//li[.//span[contains(text(),'502 -')]]"}
COMMAND: POST /session/a414a6ae85a434897fa1c9da3096b959/elements - {"using":"xpath","value":"//li[.//span[contains(text(),'502 -')]]"}
RESULT: {"using":"xpath","value":"//li[.//span[contains(text(),'502 -')]]"}
COMMAND: POST /session/a414a6ae85a434897fa1c9da3096b959/elements - {"using":"xpath","value":"//li[.//span[contains(text(),'502 -')]]"}
RESULT: {"using":"xpath","value":"//li[.//span[contains(text(),'502 -')]]"}
COMMAND: POST /session/a414a6ae85a434897fa1c9da3096b959/elements - {"using":"xpath","value":"//li[.//span[contains(text(),'502 -')]]"}
RESULT: {"using":"xpath","value":"//li[.//span[contains(text(),'502 -')]]"}
COMMAND: POST /session/a414a6ae85a434897fa1c9da3096b959/elements - {"using":"xpath","value":"//li[.//span[contains(text(),'502 -')]]"}
RESULT: {"using":"xpath","value":"//li[.//span[contains(text(),'502 -')]]"}
COMMAND: POST /session/a414a6ae85a434897fa1c9da3096b959/elements - {"using":"xpath","value":"//li[.//span[contains(text(),'502 -')]]"}
RESULT: {"using":"xpath","value":"//li[.//span[contains(text(),'502 -')]]"}
COMMAND: POST /session/a414a6ae85a434897fa1c9da3096b959/elements - {"using":"xpath","value":"//li[.//span[contains(text(),'502 -')]]"}
RESULT: {"using":"xpath","value":"//li[.//span[contains(text(),'502 -')]]"}
COMMAND: POST /session/a414a6ae85a434897fa1c9da3096b959/elements - {"using":"xpath","value":"//li[.//span[contains(text(),'502 -')]]"}
RESULT: {"using":"xpath","value":"//li[.//span[contains(text(),'502 -')]]"}
COMMAND: POST /session/a414a6ae85a434897fa1c9da3096b959/elements - {"using":"xpath","value":"//li[.//span[contains(text(),'502 -')]]"}
RESULT: {"using":"xpath","value":"//li[.//span[contains(text(),'502 -')]]"}
COMMAND: POST /session/a414a6ae85a434897fa1c9da3096b959/elements - {"using":"xpath","value":"//li[.//span[contains(text(),'502 -')]]"}
RESULT: {"using":"xpath","value":"//li[.//span[contains(text(),'502 -')]]"}
COMMAND: POST /session/a414a6ae85a434897fa1c9da3096b959/elements - {"using":"xpath","value":"//li[.//span[contains(text(),'502 -')]]"}
RESULT: {"using":"xpath","value":"//li[.//span[contains(text(),'502 -')]]"}
COMMAND: POST /session/a414a6ae85a434897fa1c9da3096b959/elements - {"using":"xpath","value":"//li[.//span[contains(text(),'502 -')]]"}
RESULT: {"using":"xpath","value":"//li[.//span[contains(text(),'502 -')]]"}
COMMAND: POST /session/a414a6ae85a434897fa1c9da3096b959/elements - {"using":"xpath","value":"//li[.//span[contains(text(),'502 -')]]"}
RESULT: {"using":"xpath","value":"//li[.//span[contains(text(),'502 -')]]"}
COMMAND: POST /session/a414a6ae85a434897fa1c9da3096b959/elements - {"using":"xpath","value":"//li[.//span[contains(text(),'502 -')]]"}
RESULT: {"using":"xpath","value":"//li[.//span[contains(text(),'502 -')]]"}
COMMAND: POST /session/a414a6ae85a434897fa1c9da3096b959/elements - {"using":"xpath","value":"//li[.//span[contains(text(),'502 -')]]"}
RESULT: {"using":"xpath","value":"//li[.//span[contains(text(),'502 -')]]"}
COMMAND: POST /session/a414a6ae85a434897fa1c9da3096b959/elements - {"using":"xpath","value":"//li[.//span[contains(text(),'502 -')]]"}
RESULT: {"using":"xpath","value":"//li[.//span[contains(text(),'502 -')]]"}
COMMAND: POST /session/a414a6ae85a434897fa1c9da3096b959/elements - {"using":"xpath","value":"//li[.//span[contains(text(),'502 -')]]"}
RESULT: {"using":"xpath","value":"//li[.//span[contains(text(),'502 -')]]"}
COMMAND: POST /session/a414a6ae85a434897fa1c9da3096b959/elements - {"using":"xpath","value":"//li[.//span[contains(text(),'502 -')]]"}
RESULT: {"using":"xpath","value":"//li[.//span[contains(text(),'502 -')]]"}
COMMAND: POST /session/a414a6ae85a434897fa1c9da3096b959/elements - {"using":"xpath","value":"//li[.//span[contains(text(),'502 -')]]"}
RESULT: {"using":"xpath","value":"//li[.//span[contains(text(),'502 -')]]"}
COMMAND: POST /session/a414a6ae85a434897fa1c9da3096b959/elements - {"using":"xpath","value":"//li[.//span[contains(text(),'502 -')]]"}
RESULT: {"using":"xpath","value":"//li[.//span[contains(text(),'502 -')]]"}
COMMAND: POST /session/a414a6ae85a434897fa1c9da3096b959/elements - {"using":"xpath","value":"//li[.//span[contains(text(),'502 -')]]"}
RESULT: {"using":"xpath","value":"//li[.//span[contains(text(),'502 -')]]"}
COMMAND: POST /session/a414a6ae85a434897fa1c9da3096b959/elements - {"using":"xpath","value":"//li[.//span[contains(text(),'502 -')]]"}
RESULT: {"using":"xpath","value":"//li[.//span[contains(text(),'502 -')]]"}
COMMAND: POST /session/a414a6ae85a434897fa1c9da3096b959/elements - {"using":"xpath","value":"//li[.//span[contains(text(),'502 -')]]"}
RESULT: {"using":"xpath","value":"//li[.//span[contains(text(),'502 -')]]"}
COMMAND: POST /session/a414a6ae85a434897fa1c9da3096b959/elements - {"using":"xpath","value":"//li[.//span[contains(text(),'502 -')]]"}
RESULT: {"using":"xpath","value":"//li[.//span[contains(text(),'502 -')]]"}
COMMAND: POST /session/a414a6ae85a434897fa1c9da3096b959/elements - {"using":"xpath","value":"//li[.//span[contains(text(),'502 -')]]"}
RESULT: {"using":"xpath","value":"//li[.//span[contains(text(),'502 -')]]"}
COMMAND: POST /session/a414a6ae85a434897fa1c9da3096b959/elements - {"using":"xpath","value":"//li[.//span[contains(text(),'502 -')]]"}
RESULT: {"using":"xpath","value":"//li[.//span[contains(text(),'502 -')]]"}
COMMAND: POST /session/a414a6ae85a434897fa1c9da3096b959/elements - {"using":"xpath","value":"//li[.//span[contains(text(),'502 -')]]"}
RESULT: {"using":"xpath","value":"//li[.//span[contains(text(),'502 -')]]"}
COMMAND: POST /session/a414a6ae85a434897fa1c9da3096b959/elements - {"using":"xpath","value":"//li[.//span[contains(text(),'502 -')]]"}
RESULT: {"using":"xpath","value":"//li[.//span[contains(text(),'502 -')]]"}
COMMAND: POST /session/a414a6ae85a434897fa1c9da3096b959/elements - {"using":"xpath","value":"//li[.//span[contains(text(),'502 -')]]"}
RESULT: {"using":"xpath","value":"//li[.//span[contains(text(),'502 -')]]"}
COMMAND: POST /session/a414a6ae85a434897fa1c9da3096b959/elements - {"using":"xpath","value":"//li[.//span[contains(text(),'502 -')]]"}
RESULT: {"using":"xpath","value":"//li[.//span[contains(text(),'502 -')]]"}
COMMAND: POST /session/a414a6ae85a434897fa1c9da3096b959/elements - {"using":"xpath","value":"//li[.//span[contains(text(),'502 -')]]"}
RESULT: {"using":"xpath","value":"//li[.//span[contains(text(),'502 -')]]"}
COMMAND: POST /session/a414a6ae85a434897fa1c9da3096b959/elements - {"using":"xpath","value":"//li[.//span[contains(text(),'502 -')]]"}
RESULT: {"using":"xpath","value":"//li[.//span[contains(text(),'502 -')]]"}
COMMAND: POST /session/a414a6ae85a434897fa1c9da3096b959/elements - {"using":"xpath","value":"//li[.//span[contains(text(),'502 -')]]"}
RESULT: {"using":"xpath","value":"//li[.//span[contains(text(),'502 -')]]"}
COMMAND: POST /session/a414a6ae85a434897fa1c9da3096b959/elements - {"using":"xpath","value":"//li[.//span[contains(text(),'502 -')]]"}
RESULT: {"using":"xpath","value":"//li[.//span[contains(text(),'502 -')]]"}
COMMAND: POST /session/a414a6ae85a434897fa1c9da3096b959/elements - {"using":"xpath","value":"//li[.//span[contains(text(),'502 -')]]"}
RESULT: {"using":"xpath","value":"//li[.//span[contains(text(),'502 -')]]"}
COMMAND: POST /session/a414a6ae85a434897fa1c9da3096b959/elements - {"using":"xpath","value":"//li[.//span[contains(text(),'502 -')]]"}
RESULT: {"using":"xpath","value":"//li[.//span[contains(text(),'502 -')]]"}
COMMAND: POST /session/a414a6ae85a434897fa1c9da3096b959/elements - {"using":"xpath","value":"//li[.//span[contains(text(),'502 -')]]"}
RESULT: {"using":"xpath","value":"//li[.//span[contains(text(),'502 -')]]"}
COMMAND: POST /session/a414a6ae85a434897fa1c9da3096b959/elements - {"using":"xpath","value":"//li[.//span[contains(text(),'502 -')]]"}
RESULT: {"using":"xpath","value":"//li[.//span[contains(text(),'502 -')]]"}
COMMAND: POST /session/a414a6ae85a434897fa1c9da3096b959/elements - {"using":"xpath","value":"//li[.//span[contains(text(),'502 -')]]"}
RESULT: {"using":"xpath","value":"//li[.//span[contains(text(),'502 -')]]"}
COMMAND: POST /session/a414a6ae85a434897fa1c9da3096b959/elements - {"using":"xpath","value":"//li[.//span[contains(text(),'502 -')]]"}
RESULT: {"using":"xpath","value":"//li[.//span[contains(text(),'502 -')]]"}
COMMAND: POST /session/a414a6ae85a434897fa1c9da3096b959/elements - {"using":"xpath","value":"//li[.//span[contains(text(),'502 -')]]"}
RESULT: {"using":"xpath","value":"//li[.//span[contains(text(),'502 -')]]"}
COMMAND: POST /session/a414a6ae85a434897fa1c9da3096b959/elements - {"using":"xpath","value":"//li[.//span[contains(text(),'502 -')]]"}
RESULT: {"using":"xpath","value":"//li[.//span[contains(text(),'502 -')]]"}
COMMAND: POST /session/a414a6ae85a434897fa1c9da3096b959/elements - {"using":"xpath","value":"//li[.//span[contains(text(),'502 -')]]"}
RESULT: {"using":"xpath","value":"//li[.//span[contains(text(),'502 -')]]"}
COMMAND: POST /session/a414a6ae85a434897fa1c9da3096b959/elements - {"using":"xpath","value":"//li[.//span[contains(text(),'502 -')]]"}
RESULT: {"using":"xpath","value":"//li[.//span[contains(text(),'502 -')]]"}
COMMAND: POST /session/a414a6ae85a434897fa1c9da3096b959/elements - {"using":"xpath","value":"//li[.//span[contains(text(),'502 -')]]"}
RESULT: {"using":"xpath","value":"//li[.//span[contains(text(),'502 -')]]"}
COMMAND: POST /session/a414a6ae85a434897fa1c9da3096b959/elements - {"using":"xpath","value":"//li[.//span[contains(text(),'502 -')]]"}
RESULT: {"using":"xpath","value":"//li[.//span[contains(text(),'502 -')]]"}
COMMAND: POST /session/a414a6ae85a434897fa1c9da3096b959/elements - {"using":"xpath","value":"//li[.//span[contains(text(),'502 -')]]"}
RESULT: {"using":"xpath","value":"//li[.//span[contains(text(),'502 -')]]"}
COMMAND: POST /session/a414a6ae85a434897fa1c9da3096b959/elements - {"using":"xpath","value":"//li[.//span[contains(text(),'502 -')]]"}
RESULT: {"using":"xpath","value":"//li[.//span[contains(text(),'502 -')]]"}
COMMAND: POST /session/a414a6ae85a434897fa1c9da3096b959/elements - {"using":"xpath","value":"//li[.//span[contains(text(),'502 -')]]"}
RESULT: {"using":"xpath","value":"//li[.//span[contains(text(),'502 -')]]"}
COMMAND: POST /session/a414a6ae85a434897fa1c9da3096b959/elements - {"using":"xpath","value":"//li[.//span[contains(text(),'502 -')]]"}
RESULT: {"using":"xpath","value":"//li[.//span[contains(text(),'502 -')]]"}
COMMAND: POST /session/a414a6ae85a434897fa1c9da3096b959/elements - {"using":"xpath","value":"//li[.//span[contains(text(),'502 -')]]"}
RESULT: {"using":"xpath","value":"//li[.//span[contains(text(),'502 -')]]"}
COMMAND: POST /session/a414a6ae85a434897fa1c9da3096b959/elements - {"using":"xpath","value":"//li[.//span[contains(text(),'502 -')]]"}
RESULT: {"using":"xpath","value":"//li[.//span[contains(text(),'502 -')]]"}
COMMAND: POST /session/a414a6ae85a434897fa1c9da3096b959/elements - {"using":"xpath","value":"//li[.//span[contains(text(),'502 -')]]"}
RESULT: {"using":"xpath","value":"//li[.//span[contains(text(),'502 -')]]"}
COMMAND: POST /session/a414a6ae85a434897fa1c9da3096b959/elements - {"using":"xpath","value":"//li[.//span[contains(text(),'502 -')]]"}
RESULT: {"using":"xpath","value":"//li[.//span[contains(text(),'502 -')]]"}
COMMAND: POST /session/a414a6ae85a434897fa1c9da3096b959/elements - {"using":"xpath","value":"//li[.//span[contains(text(),'502 -')]]"}
RESULT: {"using":"xpath","value":"//li[.//span[contains(text(),'502 -')]]"}
COMMAND: POST /session/a414a6ae85a434897fa1c9da3096b959/elements - {"using":"xpath","value":"//li[.//span[contains(text(),'502 -')]]"}
RESULT: {"using":"xpath","value":"//li[.//span[contains(text(),'502 -')]]"}
COMMAND: POST /session/a414a6ae85a434897fa1c9da3096b959/elements - {"using":"xpath","value":"//li[.//span[contains(text(),'502 -')]]"}
RESULT: {"using":"xpath","value":"//li[.//span[contains(text(),'502 -')]]"}
COMMAND: POST /session/a414a6ae85a434897fa1c9da3096b959/elements - {"using":"xpath","value":"//li[.//span[contains(text(),'502 -')]]"}
RESULT: {"using":"xpath","value":"//li[.//span[contains(text(),'502 -')]]"}
COMMAND: POST /session/a414a6ae85a434897fa1c9da3096b959/elements - {"using":"xpath","value":"//li[.//span[contains(text(),'502 -')]]"}
RESULT: {"using":"xpath","value":"//li[.//span[contains(text(),'502 -')]]"}
COMMAND: POST /session/a414a6ae85a434897fa1c9da3096b959/elements - {"using":"xpath","value":"//li[.//span[contains(text(),'502 -')]]"}
RESULT: {"using":"xpath","value":"//li[.//span[contains(text(),'502 -')]]"}
COMMAND: POST /session/a414a6ae85a434897fa1c9da3096b959/elements - {"using":"xpath","value":"//li[.//span[contains(text(),'502 -')]]"}
RESULT: {"using":"xpath","value":"//li[.//span[contains(text(),'502 -')]]"}
COMMAND: POST /session/a414a6ae85a434897fa1c9da3096b959/elements - {"using":"xpath","value":"//li[.//span[contains(text(),'502 -')]]"}
RESULT: {"using":"xpath","value":"//li[.//span[contains(text(),'502 -')]]"}
COMMAND: POST /session/a414a6ae85a434897fa1c9da3096b959/elements - {"using":"xpath","value":"//li[.//span[contains(text(),'502 -')]]"}
RESULT: {"using":"xpath","value":"//li[.//span[contains(text(),'502 -')]]"}
COMMAND: POST /session/a414a6ae85a434897fa1c9da3096b959/elements - {"using":"xpath","value":"//li[.//span[contains(text(),'502 -')]]"}
RESULT: {"using":"xpath","value":"//li[.//span[contains(text(),'502 -')]]"}
COMMAND: POST /session/a414a6ae85a434897fa1c9da3096b959/elements - {"using":"xpath","value":"//li[.//span[contains(text(),'502 -')]]"}
RESULT: {"using":"xpath","value":"//li[.//span[contains(text(),'502 -')]]"}
COMMAND: POST /session/a414a6ae85a434897fa1c9da3096b959/elements - {"using":"xpath","value":"//li[.//span[contains(text(),'502 -')]]"}
RESULT: {"using":"xpath","value":"//li[.//span[contains(text(),'502 -')]]"}
COMMAND: POST /session/a414a6ae85a434897fa1c9da3096b959/elements - {"using":"xpath","value":"//li[.//span[contains(text(),'502 -')]]"}
RESULT: {"using":"xpath","value":"//li[.//span[contains(text(),'502 -')]]"}
COMMAND: POST /session/a414a6ae85a434897fa1c9da3096b959/elements - {"using":"xpath","value":"//li[.//span[contains(text(),'502 -')]]"}
RESULT: {"using":"xpath","value":"//li[.//span[contains(text(),'502 -')]]"}
COMMAND: POST /session/a414a6ae85a434897fa1c9da3096b959/elements - {"using":"xpath","value":"//li[.//span[contains(text(),'502 -')]]"}
RESULT: {"using":"xpath","value":"//li[.//span[contains(text(),'502 -')]]"}
COMMAND: POST /session/a414a6ae85a434897fa1c9da3096b959/elements - {"using":"xpath","value":"//li[.//span[contains(text(),'502 -')]]"}
RESULT: {"using":"xpath","value":"//li[.//span[contains(text(),'502 -')]]"}
COMMAND: POST /session/a414a6ae85a434897fa1c9da3096b959/elements - {"using":"xpath","value":"//li[.//span[contains(text(),'502 -')]]"}
RESULT: {"using":"xpath","value":"//li[.//span[contains(text(),'502 -')]]"}
COMMAND: POST /session/a414a6ae85a434897fa1c9da3096b959/elements - {"using":"xpath","value":"//li[.//span[contains(text(),'502 -')]]"}
RESULT: {"using":"xpath","value":"//li[.//span[contains(text(),'502 -')]]"}
COMMAND: POST /session/a414a6ae85a434897fa1c9da3096b959/elements - {"using":"xpath","value":"//li[.//span[contains(text(),'502 -')]]"}
RESULT: {"using":"xpath","value":"//li[.//span[contains(text(),'502 -')]]"}
COMMAND: POST /session/a414a6ae85a434897fa1c9da3096b959/elements - {"using":"xpath","value":"//li[.//span[contains(text(),'502 -')]]"}
RESULT: {"using":"xpath","value":"//li[.//span[contains(text(),'502 -')]]"}
COMMAND: POST /session/a414a6ae85a434897fa1c9da3096b959/elements - {"using":"xpath","value":"//li[.//span[contains(text(),'502 -')]]"}
RESULT: {"using":"xpath","value":"//li[.//span[contains(text(),'502 -')]]"}
COMMAND: POST /session/a414a6ae85a434897fa1c9da3096b959/elements - {"using":"xpath","value":"//li[.//span[contains(text(),'502 -')]]"}
RESULT: {"using":"xpath","value":"//li[.//span[contains(text(),'502 -')]]"}
COMMAND: POST /session/a414a6ae85a434897fa1c9da3096b959/elements - {"using":"xpath","value":"//li[.//span[contains(text(),'502 -')]]"}
RESULT: {"using":"xpath","value":"//li[.//span[contains(text(),'502 -')]]"}
COMMAND: POST /session/a414a6ae85a434897fa1c9da3096b959/elements - {"using":"xpath","value":"//li[.//span[contains(text(),'502 -')]]"}
RESULT: {"using":"xpath","value":"//li[.//span[contains(text(),'502 -')]]"}
COMMAND: POST /session/a414a6ae85a434897fa1c9da3096b959/elements - {"using":"xpath","value":"//li[.//span[contains(text(),'502 -')]]"}
RESULT: {"using":"xpath","value":"//li[.//span[contains(text(),'502 -')]]"}
COMMAND: POST /session/a414a6ae85a434897fa1c9da3096b959/elements - {"using":"xpath","value":"//li[.//span[contains(text(),'502 -')]]"}
RESULT: {"using":"xpath","value":"//li[.//span[contains(text(),'502 -')]]"}
COMMAND: POST /session/a414a6ae85a434897fa1c9da3096b959/elements - {"using":"xpath","value":"//li[.//span[contains(text(),'502 -')]]"}
RESULT: {"using":"xpath","value":"//li[.//span[contains(text(),'502 -')]]"}
COMMAND: POST /session/a414a6ae85a434897fa1c9da3096b959/elements - {"using":"xpath","value":"//li[.//span[contains(text(),'502 -')]]"}
RESULT: {"using":"xpath","value":"//li[.//span[contains(text(),'502 -')]]"}
COMMAND: POST /session/a414a6ae85a434897fa1c9da3096b959/elements - {"using":"xpath","value":"//li[.//span[contains(text(),'502 -')]]"}
RESULT: {"using":"xpath","value":"//li[.//span[contains(text(),'502 -')]]"}
COMMAND: POST /session/a414a6ae85a434897fa1c9da3096b959/elements - {"using":"xpath","value":"//li[.//span[contains(text(),'502 -')]]"}
RESULT: {"using":"xpath","value":"//li[.//span[contains(text(),'502 -')]]"}
COMMAND: POST /session/a414a6ae85a434897fa1c9da3096b959/elements - {"using":"xpath","value":"//li[.//span[contains(text(),'502 -')]]"}
RESULT: {"using":"xpath","value":"//li[.//span[contains(text(),'502 -')]]"}
COMMAND: POST /session/a414a6ae85a434897fa1c9da3096b959/elements - {"using":"xpath","value":"//li[.//span[contains(text(),'502 -')]]"}
RESULT: {"using":"xpath","value":"//li[.//span[contains(text(),'502 -')]]"}
COMMAND: POST /session/a414a6ae85a434897fa1c9da3096b959/elements - {"using":"xpath","value":"//li[.//span[contains(text(),'502 -')]]"}
RESULT: {"using":"xpath","value":"//li[.//span[contains(text(),'502 -')]]"}
COMMAND: POST /session/a414a6ae85a434897fa1c9da3096b959/elements - {"using":"xpath","value":"//li[.//span[contains(text(),'502 -')]]"}
RESULT: {"using":"xpath","value":"//li[.//span[contains(text(),'502 -')]]"}
COMMAND: POST /session/a414a6ae85a434897fa1c9da3096b959/elements - {"using":"xpath","value":"//li[.//span[contains(text(),'502 -')]]"}
RESULT: {"using":"xpath","value":"//li[.//span[contains(text(),'502 -')]]"}
COMMAND: POST /session/a414a6ae85a434897fa1c9da3096b959/elements - {"using":"xpath","value":"//li[.//span[contains(text(),'502 -')]]"}
RESULT: {"using":"xpath","value":"//li[.//span[contains(text(),'502 -')]]"}
COMMAND: POST /session/a414a6ae85a434897fa1c9da3096b959/elements - {"using":"xpath","value":"//li[.//span[contains(text(),'502 -')]]"}
RESULT: {"using":"xpath","value":"//li[.//span[contains(text(),'502 -')]]"}
COMMAND: POST /session/a414a6ae85a434897fa1c9da3096b959/elements - {"using":"xpath","value":"//li[.//span[contains(text(),'502 -')]]"}
RESULT: {"using":"xpath","value":"//li[.//span[contains(text(),'502 -')]]"}
COMMAND: POST /session/a414a6ae85a434897fa1c9da3096b959/elements - {"using":"xpath","value":"//li[.//span[contains(text(),'502 -')]]"}
RESULT: {"using":"xpath","value":"//li[.//span[contains(text(),'502 -')]]"}
COMMAND: POST /session/a414a6ae85a434897fa1c9da3096b959/elements - {"using":"xpath","value":"//li[.//span[contains(text(),'502 -')]]"}
RESULT: {"using":"xpath","value":"//li[.//span[contains(text(),'502 -')]]"}
COMMAND: POST /session/a414a6ae85a434897fa1c9da3096b959/elements - {"using":"xpath","value":"//li[.//span[contains(text(),'502 -')]]"}
RESULT: {"using":"xpath","value":"//li[.//span[contains(text(),'502 -')]]"}
COMMAND: POST /session/a414a6ae85a434897fa1c9da3096b959/elements - {"using":"xpath","value":"//li[.//span[contains(text(),'502 -')]]"}
RESULT: {"using":"xpath","value":"//li[.//span[contains(text(),'502 -')]]"}
COMMAND: POST /session/a414a6ae85a434897fa1c9da3096b959/elements - {"using":"xpath","value":"//li[.//span[contains(text(),'502 -')]]"}
RESULT: {"using":"xpath","value":"//li[.//span[contains(text(),'502 -')]]"}
COMMAND: POST /session/a414a6ae85a434897fa1c9da3096b959/elements - {"using":"xpath","value":"//li[.//span[contains(text(),'502 -')]]"}
RESULT: {"using":"xpath","value":"//li[.//span[contains(text(),'502 -')]]"}
COMMAND: POST /session/a414a6ae85a434897fa1c9da3096b959/elements - {"using":"xpath","value":"//li[.//span[contains(text(),'502 -')]]"}
RESULT: {"using":"xpath","value":"//li[.//span[contains(text(),'502 -')]]"}
COMMAND: POST /session/a414a6ae85a434897fa1c9da3096b959/elements - {"using":"xpath","value":"//li[.//span[contains(text(),'502 -')]]"}
RESULT: {"using":"xpath","value":"//li[.//span[contains(text(),'502 -')]]"}
COMMAND: POST /session/a414a6ae85a434897fa1c9da3096b959/elements - {"using":"xpath","value":"//li[.//span[contains(text(),'502 -')]]"}
RESULT: {"using":"xpath","value":"//li[.//span[contains(text(),'502 -')]]"}
COMMAND: POST /session/a414a6ae85a434897fa1c9da3096b959/elements - {"using":"xpath","value":"//li[.//span[contains(text(),'502 -')]]"}
RESULT: {"using":"xpath","value":"//li[.//span[contains(text(),'502 -')]]"}
COMMAND: POST /session/a414a6ae85a434897fa1c9da3096b959/elements - {"using":"xpath","value":"//li[.//span[contains(text(),'502 -')]]"}
RESULT: {"using":"xpath","value":"//li[.//span[contains(text(),'502 -')]]"}
COMMAND: POST /session/a414a6ae85a434897fa1c9da3096b959/elements - {"using":"xpath","value":"//li[.//span[contains(text(),'502 -')]]"}
RESULT: {"using":"xpath","value":"//li[.//span[contains(text(),'502 -')]]"}
COMMAND: POST /session/a414a6ae85a434897fa1c9da3096b959/elements - {"using":"xpath","value":"//li[.//span[contains(text(),'502 -')]]"}
RESULT: {"using":"xpath","value":"//li[.//span[contains(text(),'502 -')]]"}
COMMAND: POST /session/a414a6ae85a434897fa1c9da3096b959/elements - {"using":"xpath","value":"//li[.//span[contains(text(),'502 -')]]"}
RESULT: {"using":"xpath","value":"//li[.//span[contains(text(),'502 -')]]"}
COMMAND: POST /session/a414a6ae85a434897fa1c9da3096b959/elements - {"using":"xpath","value":"//li[.//span[contains(text(),'502 -')]]"}
COMMAND: GET /session/a414a6ae85a434897fa1c9da3096b959/screenshot - {}
RESULT: {"using":"xpath","value":"//li[.//span[contains(text(),'502 -')]]"}
RESULT: {}
]]></system-out>
      <system-err><![CDATA[
Error: Can't call click on element with selector "//li[.//span[contains(text(),'502 -')]]" because element wasn't found
    at async UtilsPrerequisites.stockIncrease (D:\a\1\s\test\specs\BTS\prerequisites-and-utils-functions.js:1638:9)
    at async Context.<anonymous> (D:\a\1\s\test\specs\HTR\provide-to-site-wo-warehouse-w-clarification.spec.js:55:9)
]]></system-err>
    </testcase>
    <testcase classname="chrome.136_0_7103_93.windows.Provide_to_Site_w/o_warehouse_management_w_clarification" name="Should create a new contract" time="60.343">
      <failure/>
      <error message="element (&quot;//button[@data-kt=&quot;addButton&quot;]&quot;) still not existing after 45000ms"/>
      <system-out><![CDATA[
COMMAND: POST /session/a414a6ae85a434897fa1c9da3096b959/execute/async - {"script":"<script> [1562 bytes]","args":[{"selector":{"controlType":"sap.m.GenericTile","properties":{"header":"Manage Contracts"}},"wdio_ui5_key":"sapm.GenericTile{\"header\":\"Manage Contracts\"}"}]}
COMMAND: GET /session/a414a6ae85a434897fa1c9da3096b959/screenshot - {}
RESULT: {"script":"<script> [1562 bytes]","args":[{"selector":{"controlType":"sap.m.GenericTile","properties":{"header":"Manage Contracts"}},"wdio_ui5_key":"sapm.GenericTile{\"header\":\"Manage Contracts\"}"}]}
RESULT: undefined
RESULT: {}
COMMAND: POST /session/a414a6ae85a434897fa1c9da3096b959/elements - {"using":"xpath","value":"//span[text()='Error']"}
RESULT: {"using":"xpath","value":"//span[text()='Error']"}
COMMAND: POST /session/a414a6ae85a434897fa1c9da3096b959/element - {"using":"xpath","value":"//button[@data-kt=\"addButton\"]"}
RESULT: {"using":"xpath","value":"//button[@data-kt=\"addButton\"]"}
COMMAND: POST /session/a414a6ae85a434897fa1c9da3096b959/elements - {"using":"xpath","value":"//button[@data-kt=\"addButton\"]"}
RESULT: {"using":"xpath","value":"//button[@data-kt=\"addButton\"]"}
COMMAND: POST /session/a414a6ae85a434897fa1c9da3096b959/elements - {"using":"xpath","value":"//button[@data-kt=\"addButton\"]"}
RESULT: {"using":"xpath","value":"//button[@data-kt=\"addButton\"]"}
COMMAND: POST /session/a414a6ae85a434897fa1c9da3096b959/elements - {"using":"xpath","value":"//button[@data-kt=\"addButton\"]"}
RESULT: {"using":"xpath","value":"//button[@data-kt=\"addButton\"]"}
COMMAND: POST /session/a414a6ae85a434897fa1c9da3096b959/elements - {"using":"xpath","value":"//button[@data-kt=\"addButton\"]"}
RESULT: {"using":"xpath","value":"//button[@data-kt=\"addButton\"]"}
COMMAND: POST /session/a414a6ae85a434897fa1c9da3096b959/elements - {"using":"xpath","value":"//button[@data-kt=\"addButton\"]"}
RESULT: {"using":"xpath","value":"//button[@data-kt=\"addButton\"]"}
COMMAND: POST /session/a414a6ae85a434897fa1c9da3096b959/elements - {"using":"xpath","value":"//button[@data-kt=\"addButton\"]"}
RESULT: {"using":"xpath","value":"//button[@data-kt=\"addButton\"]"}
COMMAND: POST /session/a414a6ae85a434897fa1c9da3096b959/elements - {"using":"xpath","value":"//button[@data-kt=\"addButton\"]"}
RESULT: {"using":"xpath","value":"//button[@data-kt=\"addButton\"]"}
COMMAND: POST /session/a414a6ae85a434897fa1c9da3096b959/elements - {"using":"xpath","value":"//button[@data-kt=\"addButton\"]"}
RESULT: {"using":"xpath","value":"//button[@data-kt=\"addButton\"]"}
COMMAND: POST /session/a414a6ae85a434897fa1c9da3096b959/elements - {"using":"xpath","value":"//button[@data-kt=\"addButton\"]"}
RESULT: {"using":"xpath","value":"//button[@data-kt=\"addButton\"]"}
COMMAND: POST /session/a414a6ae85a434897fa1c9da3096b959/elements - {"using":"xpath","value":"//button[@data-kt=\"addButton\"]"}
RESULT: {"using":"xpath","value":"//button[@data-kt=\"addButton\"]"}
COMMAND: POST /session/a414a6ae85a434897fa1c9da3096b959/elements - {"using":"xpath","value":"//button[@data-kt=\"addButton\"]"}
RESULT: {"using":"xpath","value":"//button[@data-kt=\"addButton\"]"}
COMMAND: POST /session/a414a6ae85a434897fa1c9da3096b959/elements - {"using":"xpath","value":"//button[@data-kt=\"addButton\"]"}
RESULT: {"using":"xpath","value":"//button[@data-kt=\"addButton\"]"}
COMMAND: POST /session/a414a6ae85a434897fa1c9da3096b959/elements - {"using":"xpath","value":"//button[@data-kt=\"addButton\"]"}
RESULT: {"using":"xpath","value":"//button[@data-kt=\"addButton\"]"}
COMMAND: POST /session/a414a6ae85a434897fa1c9da3096b959/elements - {"using":"xpath","value":"//button[@data-kt=\"addButton\"]"}
RESULT: {"using":"xpath","value":"//button[@data-kt=\"addButton\"]"}
COMMAND: POST /session/a414a6ae85a434897fa1c9da3096b959/elements - {"using":"xpath","value":"//button[@data-kt=\"addButton\"]"}
RESULT: {"using":"xpath","value":"//button[@data-kt=\"addButton\"]"}
COMMAND: POST /session/a414a6ae85a434897fa1c9da3096b959/elements - {"using":"xpath","value":"//button[@data-kt=\"addButton\"]"}
RESULT: {"using":"xpath","value":"//button[@data-kt=\"addButton\"]"}
COMMAND: POST /session/a414a6ae85a434897fa1c9da3096b959/elements - {"using":"xpath","value":"//button[@data-kt=\"addButton\"]"}
RESULT: {"using":"xpath","value":"//button[@data-kt=\"addButton\"]"}
COMMAND: POST /session/a414a6ae85a434897fa1c9da3096b959/elements - {"using":"xpath","value":"//button[@data-kt=\"addButton\"]"}
RESULT: {"using":"xpath","value":"//button[@data-kt=\"addButton\"]"}
COMMAND: POST /session/a414a6ae85a434897fa1c9da3096b959/elements - {"using":"xpath","value":"//button[@data-kt=\"addButton\"]"}
RESULT: {"using":"xpath","value":"//button[@data-kt=\"addButton\"]"}
COMMAND: POST /session/a414a6ae85a434897fa1c9da3096b959/elements - {"using":"xpath","value":"//button[@data-kt=\"addButton\"]"}
RESULT: {"using":"xpath","value":"//button[@data-kt=\"addButton\"]"}
COMMAND: POST /session/a414a6ae85a434897fa1c9da3096b959/elements - {"using":"xpath","value":"//button[@data-kt=\"addButton\"]"}
RESULT: {"using":"xpath","value":"//button[@data-kt=\"addButton\"]"}
COMMAND: POST /session/a414a6ae85a434897fa1c9da3096b959/elements - {"using":"xpath","value":"//button[@data-kt=\"addButton\"]"}
RESULT: {"using":"xpath","value":"//button[@data-kt=\"addButton\"]"}
COMMAND: POST /session/a414a6ae85a434897fa1c9da3096b959/elements - {"using":"xpath","value":"//button[@data-kt=\"addButton\"]"}
RESULT: {"using":"xpath","value":"//button[@data-kt=\"addButton\"]"}
COMMAND: POST /session/a414a6ae85a434897fa1c9da3096b959/elements - {"using":"xpath","value":"//button[@data-kt=\"addButton\"]"}
RESULT: {"using":"xpath","value":"//button[@data-kt=\"addButton\"]"}
COMMAND: POST /session/a414a6ae85a434897fa1c9da3096b959/elements - {"using":"xpath","value":"//button[@data-kt=\"addButton\"]"}
RESULT: {"using":"xpath","value":"//button[@data-kt=\"addButton\"]"}
COMMAND: POST /session/a414a6ae85a434897fa1c9da3096b959/elements - {"using":"xpath","value":"//button[@data-kt=\"addButton\"]"}
RESULT: {"using":"xpath","value":"//button[@data-kt=\"addButton\"]"}
COMMAND: POST /session/a414a6ae85a434897fa1c9da3096b959/elements - {"using":"xpath","value":"//button[@data-kt=\"addButton\"]"}
RESULT: {"using":"xpath","value":"//button[@data-kt=\"addButton\"]"}
COMMAND: POST /session/a414a6ae85a434897fa1c9da3096b959/elements - {"using":"xpath","value":"//button[@data-kt=\"addButton\"]"}
RESULT: {"using":"xpath","value":"//button[@data-kt=\"addButton\"]"}
COMMAND: POST /session/a414a6ae85a434897fa1c9da3096b959/elements - {"using":"xpath","value":"//button[@data-kt=\"addButton\"]"}
RESULT: {"using":"xpath","value":"//button[@data-kt=\"addButton\"]"}
COMMAND: POST /session/a414a6ae85a434897fa1c9da3096b959/elements - {"using":"xpath","value":"//button[@data-kt=\"addButton\"]"}
RESULT: {"using":"xpath","value":"//button[@data-kt=\"addButton\"]"}
COMMAND: POST /session/a414a6ae85a434897fa1c9da3096b959/elements - {"using":"xpath","value":"//button[@data-kt=\"addButton\"]"}
RESULT: {"using":"xpath","value":"//button[@data-kt=\"addButton\"]"}
COMMAND: POST /session/a414a6ae85a434897fa1c9da3096b959/elements - {"using":"xpath","value":"//button[@data-kt=\"addButton\"]"}
RESULT: {"using":"xpath","value":"//button[@data-kt=\"addButton\"]"}
COMMAND: POST /session/a414a6ae85a434897fa1c9da3096b959/elements - {"using":"xpath","value":"//button[@data-kt=\"addButton\"]"}
RESULT: {"using":"xpath","value":"//button[@data-kt=\"addButton\"]"}
COMMAND: POST /session/a414a6ae85a434897fa1c9da3096b959/elements - {"using":"xpath","value":"//button[@data-kt=\"addButton\"]"}
RESULT: {"using":"xpath","value":"//button[@data-kt=\"addButton\"]"}
COMMAND: POST /session/a414a6ae85a434897fa1c9da3096b959/elements - {"using":"xpath","value":"//button[@data-kt=\"addButton\"]"}
RESULT: {"using":"xpath","value":"//button[@data-kt=\"addButton\"]"}
COMMAND: POST /session/a414a6ae85a434897fa1c9da3096b959/elements - {"using":"xpath","value":"//button[@data-kt=\"addButton\"]"}
RESULT: {"using":"xpath","value":"//button[@data-kt=\"addButton\"]"}
COMMAND: POST /session/a414a6ae85a434897fa1c9da3096b959/elements - {"using":"xpath","value":"//button[@data-kt=\"addButton\"]"}
RESULT: {"using":"xpath","value":"//button[@data-kt=\"addButton\"]"}
COMMAND: POST /session/a414a6ae85a434897fa1c9da3096b959/elements - {"using":"xpath","value":"//button[@data-kt=\"addButton\"]"}
RESULT: {"using":"xpath","value":"//button[@data-kt=\"addButton\"]"}
COMMAND: POST /session/a414a6ae85a434897fa1c9da3096b959/elements - {"using":"xpath","value":"//button[@data-kt=\"addButton\"]"}
RESULT: {"using":"xpath","value":"//button[@data-kt=\"addButton\"]"}
COMMAND: POST /session/a414a6ae85a434897fa1c9da3096b959/elements - {"using":"xpath","value":"//button[@data-kt=\"addButton\"]"}
RESULT: {"using":"xpath","value":"//button[@data-kt=\"addButton\"]"}
COMMAND: POST /session/a414a6ae85a434897fa1c9da3096b959/elements - {"using":"xpath","value":"//button[@data-kt=\"addButton\"]"}
RESULT: {"using":"xpath","value":"//button[@data-kt=\"addButton\"]"}
COMMAND: POST /session/a414a6ae85a434897fa1c9da3096b959/elements - {"using":"xpath","value":"//button[@data-kt=\"addButton\"]"}
RESULT: {"using":"xpath","value":"//button[@data-kt=\"addButton\"]"}
COMMAND: POST /session/a414a6ae85a434897fa1c9da3096b959/elements - {"using":"xpath","value":"//button[@data-kt=\"addButton\"]"}
RESULT: {"using":"xpath","value":"//button[@data-kt=\"addButton\"]"}
COMMAND: POST /session/a414a6ae85a434897fa1c9da3096b959/elements - {"using":"xpath","value":"//button[@data-kt=\"addButton\"]"}
RESULT: {"using":"xpath","value":"//button[@data-kt=\"addButton\"]"}
COMMAND: POST /session/a414a6ae85a434897fa1c9da3096b959/elements - {"using":"xpath","value":"//button[@data-kt=\"addButton\"]"}
RESULT: {"using":"xpath","value":"//button[@data-kt=\"addButton\"]"}
COMMAND: POST /session/a414a6ae85a434897fa1c9da3096b959/elements - {"using":"xpath","value":"//button[@data-kt=\"addButton\"]"}
RESULT: {"using":"xpath","value":"//button[@data-kt=\"addButton\"]"}
COMMAND: POST /session/a414a6ae85a434897fa1c9da3096b959/elements - {"using":"xpath","value":"//button[@data-kt=\"addButton\"]"}
RESULT: {"using":"xpath","value":"//button[@data-kt=\"addButton\"]"}
COMMAND: POST /session/a414a6ae85a434897fa1c9da3096b959/elements - {"using":"xpath","value":"//button[@data-kt=\"addButton\"]"}
RESULT: {"using":"xpath","value":"//button[@data-kt=\"addButton\"]"}
COMMAND: POST /session/a414a6ae85a434897fa1c9da3096b959/elements - {"using":"xpath","value":"//button[@data-kt=\"addButton\"]"}
RESULT: {"using":"xpath","value":"//button[@data-kt=\"addButton\"]"}
COMMAND: POST /session/a414a6ae85a434897fa1c9da3096b959/elements - {"using":"xpath","value":"//button[@data-kt=\"addButton\"]"}
RESULT: {"using":"xpath","value":"//button[@data-kt=\"addButton\"]"}
COMMAND: POST /session/a414a6ae85a434897fa1c9da3096b959/elements - {"using":"xpath","value":"//button[@data-kt=\"addButton\"]"}
RESULT: {"using":"xpath","value":"//button[@data-kt=\"addButton\"]"}
COMMAND: POST /session/a414a6ae85a434897fa1c9da3096b959/elements - {"using":"xpath","value":"//button[@data-kt=\"addButton\"]"}
RESULT: {"using":"xpath","value":"//button[@data-kt=\"addButton\"]"}
COMMAND: POST /session/a414a6ae85a434897fa1c9da3096b959/elements - {"using":"xpath","value":"//button[@data-kt=\"addButton\"]"}
RESULT: {"using":"xpath","value":"//button[@data-kt=\"addButton\"]"}
COMMAND: POST /session/a414a6ae85a434897fa1c9da3096b959/elements - {"using":"xpath","value":"//button[@data-kt=\"addButton\"]"}
RESULT: {"using":"xpath","value":"//button[@data-kt=\"addButton\"]"}
COMMAND: POST /session/a414a6ae85a434897fa1c9da3096b959/elements - {"using":"xpath","value":"//button[@data-kt=\"addButton\"]"}
RESULT: {"using":"xpath","value":"//button[@data-kt=\"addButton\"]"}
COMMAND: POST /session/a414a6ae85a434897fa1c9da3096b959/elements - {"using":"xpath","value":"//button[@data-kt=\"addButton\"]"}
RESULT: {"using":"xpath","value":"//button[@data-kt=\"addButton\"]"}
COMMAND: POST /session/a414a6ae85a434897fa1c9da3096b959/elements - {"using":"xpath","value":"//button[@data-kt=\"addButton\"]"}
RESULT: {"using":"xpath","value":"//button[@data-kt=\"addButton\"]"}
COMMAND: POST /session/a414a6ae85a434897fa1c9da3096b959/elements - {"using":"xpath","value":"//button[@data-kt=\"addButton\"]"}
RESULT: {"using":"xpath","value":"//button[@data-kt=\"addButton\"]"}
COMMAND: POST /session/a414a6ae85a434897fa1c9da3096b959/elements - {"using":"xpath","value":"//button[@data-kt=\"addButton\"]"}
RESULT: {"using":"xpath","value":"//button[@data-kt=\"addButton\"]"}
COMMAND: POST /session/a414a6ae85a434897fa1c9da3096b959/elements - {"using":"xpath","value":"//button[@data-kt=\"addButton\"]"}
RESULT: {"using":"xpath","value":"//button[@data-kt=\"addButton\"]"}
COMMAND: POST /session/a414a6ae85a434897fa1c9da3096b959/elements - {"using":"xpath","value":"//button[@data-kt=\"addButton\"]"}
RESULT: {"using":"xpath","value":"//button[@data-kt=\"addButton\"]"}
COMMAND: POST /session/a414a6ae85a434897fa1c9da3096b959/elements - {"using":"xpath","value":"//button[@data-kt=\"addButton\"]"}
RESULT: {"using":"xpath","value":"//button[@data-kt=\"addButton\"]"}
COMMAND: POST /session/a414a6ae85a434897fa1c9da3096b959/elements - {"using":"xpath","value":"//button[@data-kt=\"addButton\"]"}
RESULT: {"using":"xpath","value":"//button[@data-kt=\"addButton\"]"}
COMMAND: POST /session/a414a6ae85a434897fa1c9da3096b959/elements - {"using":"xpath","value":"//button[@data-kt=\"addButton\"]"}
RESULT: {"using":"xpath","value":"//button[@data-kt=\"addButton\"]"}
COMMAND: POST /session/a414a6ae85a434897fa1c9da3096b959/elements - {"using":"xpath","value":"//button[@data-kt=\"addButton\"]"}
RESULT: {"using":"xpath","value":"//button[@data-kt=\"addButton\"]"}
COMMAND: POST /session/a414a6ae85a434897fa1c9da3096b959/elements - {"using":"xpath","value":"//button[@data-kt=\"addButton\"]"}
RESULT: {"using":"xpath","value":"//button[@data-kt=\"addButton\"]"}
COMMAND: POST /session/a414a6ae85a434897fa1c9da3096b959/elements - {"using":"xpath","value":"//button[@data-kt=\"addButton\"]"}
RESULT: {"using":"xpath","value":"//button[@data-kt=\"addButton\"]"}
COMMAND: POST /session/a414a6ae85a434897fa1c9da3096b959/elements - {"using":"xpath","value":"//button[@data-kt=\"addButton\"]"}
RESULT: {"using":"xpath","value":"//button[@data-kt=\"addButton\"]"}
COMMAND: POST /session/a414a6ae85a434897fa1c9da3096b959/elements - {"using":"xpath","value":"//button[@data-kt=\"addButton\"]"}
RESULT: {"using":"xpath","value":"//button[@data-kt=\"addButton\"]"}
COMMAND: POST /session/a414a6ae85a434897fa1c9da3096b959/elements - {"using":"xpath","value":"//button[@data-kt=\"addButton\"]"}
RESULT: {"using":"xpath","value":"//button[@data-kt=\"addButton\"]"}
COMMAND: POST /session/a414a6ae85a434897fa1c9da3096b959/elements - {"using":"xpath","value":"//button[@data-kt=\"addButton\"]"}
RESULT: {"using":"xpath","value":"//button[@data-kt=\"addButton\"]"}
COMMAND: POST /session/a414a6ae85a434897fa1c9da3096b959/elements - {"using":"xpath","value":"//button[@data-kt=\"addButton\"]"}
RESULT: {"using":"xpath","value":"//button[@data-kt=\"addButton\"]"}
COMMAND: POST /session/a414a6ae85a434897fa1c9da3096b959/elements - {"using":"xpath","value":"//button[@data-kt=\"addButton\"]"}
RESULT: {"using":"xpath","value":"//button[@data-kt=\"addButton\"]"}
COMMAND: POST /session/a414a6ae85a434897fa1c9da3096b959/elements - {"using":"xpath","value":"//button[@data-kt=\"addButton\"]"}
RESULT: {"using":"xpath","value":"//button[@data-kt=\"addButton\"]"}
COMMAND: POST /session/a414a6ae85a434897fa1c9da3096b959/elements - {"using":"xpath","value":"//button[@data-kt=\"addButton\"]"}
RESULT: {"using":"xpath","value":"//button[@data-kt=\"addButton\"]"}
COMMAND: POST /session/a414a6ae85a434897fa1c9da3096b959/elements - {"using":"xpath","value":"//button[@data-kt=\"addButton\"]"}
RESULT: {"using":"xpath","value":"//button[@data-kt=\"addButton\"]"}
COMMAND: POST /session/a414a6ae85a434897fa1c9da3096b959/elements - {"using":"xpath","value":"//button[@data-kt=\"addButton\"]"}
RESULT: {"using":"xpath","value":"//button[@data-kt=\"addButton\"]"}
COMMAND: POST /session/a414a6ae85a434897fa1c9da3096b959/elements - {"using":"xpath","value":"//button[@data-kt=\"addButton\"]"}
RESULT: {"using":"xpath","value":"//button[@data-kt=\"addButton\"]"}
COMMAND: POST /session/a414a6ae85a434897fa1c9da3096b959/elements - {"using":"xpath","value":"//button[@data-kt=\"addButton\"]"}
RESULT: {"using":"xpath","value":"//button[@data-kt=\"addButton\"]"}
COMMAND: POST /session/a414a6ae85a434897fa1c9da3096b959/elements - {"using":"xpath","value":"//button[@data-kt=\"addButton\"]"}
RESULT: {"using":"xpath","value":"//button[@data-kt=\"addButton\"]"}
COMMAND: POST /session/a414a6ae85a434897fa1c9da3096b959/elements - {"using":"xpath","value":"//button[@data-kt=\"addButton\"]"}
RESULT: {"using":"xpath","value":"//button[@data-kt=\"addButton\"]"}
COMMAND: POST /session/a414a6ae85a434897fa1c9da3096b959/elements - {"using":"xpath","value":"//button[@data-kt=\"addButton\"]"}
RESULT: {"using":"xpath","value":"//button[@data-kt=\"addButton\"]"}
COMMAND: POST /session/a414a6ae85a434897fa1c9da3096b959/elements - {"using":"xpath","value":"//button[@data-kt=\"addButton\"]"}
RESULT: {"using":"xpath","value":"//button[@data-kt=\"addButton\"]"}
COMMAND: POST /session/a414a6ae85a434897fa1c9da3096b959/elements - {"using":"xpath","value":"//button[@data-kt=\"addButton\"]"}
RESULT: {"using":"xpath","value":"//button[@data-kt=\"addButton\"]"}
COMMAND: POST /session/a414a6ae85a434897fa1c9da3096b959/elements - {"using":"xpath","value":"//button[@data-kt=\"addButton\"]"}
RESULT: {"using":"xpath","value":"//button[@data-kt=\"addButton\"]"}
COMMAND: POST /session/a414a6ae85a434897fa1c9da3096b959/elements - {"using":"xpath","value":"//button[@data-kt=\"addButton\"]"}
RESULT: {"using":"xpath","value":"//button[@data-kt=\"addButton\"]"}
COMMAND: POST /session/a414a6ae85a434897fa1c9da3096b959/elements - {"using":"xpath","value":"//button[@data-kt=\"addButton\"]"}
RESULT: {"using":"xpath","value":"//button[@data-kt=\"addButton\"]"}
COMMAND: POST /session/a414a6ae85a434897fa1c9da3096b959/elements - {"using":"xpath","value":"//button[@data-kt=\"addButton\"]"}
RESULT: {"using":"xpath","value":"//button[@data-kt=\"addButton\"]"}
COMMAND: POST /session/a414a6ae85a434897fa1c9da3096b959/elements - {"using":"xpath","value":"//button[@data-kt=\"addButton\"]"}
RESULT: {"using":"xpath","value":"//button[@data-kt=\"addButton\"]"}
COMMAND: POST /session/a414a6ae85a434897fa1c9da3096b959/elements - {"using":"xpath","value":"//button[@data-kt=\"addButton\"]"}
RESULT: {"using":"xpath","value":"//button[@data-kt=\"addButton\"]"}
COMMAND: POST /session/a414a6ae85a434897fa1c9da3096b959/elements - {"using":"xpath","value":"//button[@data-kt=\"addButton\"]"}
COMMAND: GET /session/a414a6ae85a434897fa1c9da3096b959/screenshot - {}
RESULT: {"using":"xpath","value":"//button[@data-kt=\"addButton\"]"}
RESULT: {}
]]></system-out>
      <system-err><![CDATA[
Error: element ("//button[@data-kt="addButton"]") still not existing after 45000ms
    at async UtilsPrerequisites.contractCreation (D:\a\1\s\test\specs\BTS\prerequisites-and-utils-functions.js:1741:9)
    at async Context.<anonymous> (D:\a\1\s\test\specs\HTR\provide-to-site-wo-warehouse-w-clarification.spec.js:59:49)
]]></system-err>
    </testcase>
    <testcase classname="chrome.136_0_7103_93.windows.Provide_to_Site_w/o_warehouse_management_w_clarification" name="Should add equipment to the contract" time="61.039">
      <failure/>
      <error message="Can't call click on element with selector &quot;//button[@data-kt=&quot;contractDetailEditBtnButton&quot;]&quot; because element wasn't found"/>
      <system-out><![CDATA[
COMMAND: GET /session/a414a6ae85a434897fa1c9da3096b959/screenshot - {}
COMMAND: POST /session/a414a6ae85a434897fa1c9da3096b959/element - {"using":"xpath","value":"//button[@data-kt=\"contractDetailEditBtnButton\"]"}
RESULT: {}
RESULT: {"using":"xpath","value":"//button[@data-kt=\"contractDetailEditBtnButton\"]"}
COMMAND: POST /session/a414a6ae85a434897fa1c9da3096b959/elements - {"using":"xpath","value":"//button[@data-kt=\"contractDetailEditBtnButton\"]"}
RESULT: {"using":"xpath","value":"//button[@data-kt=\"contractDetailEditBtnButton\"]"}
COMMAND: POST /session/a414a6ae85a434897fa1c9da3096b959/elements - {"using":"xpath","value":"//button[@data-kt=\"contractDetailEditBtnButton\"]"}
RESULT: {"using":"xpath","value":"//button[@data-kt=\"contractDetailEditBtnButton\"]"}
COMMAND: POST /session/a414a6ae85a434897fa1c9da3096b959/elements - {"using":"xpath","value":"//button[@data-kt=\"contractDetailEditBtnButton\"]"}
RESULT: {"using":"xpath","value":"//button[@data-kt=\"contractDetailEditBtnButton\"]"}
COMMAND: POST /session/a414a6ae85a434897fa1c9da3096b959/elements - {"using":"xpath","value":"//button[@data-kt=\"contractDetailEditBtnButton\"]"}
RESULT: {"using":"xpath","value":"//button[@data-kt=\"contractDetailEditBtnButton\"]"}
COMMAND: POST /session/a414a6ae85a434897fa1c9da3096b959/elements - {"using":"xpath","value":"//button[@data-kt=\"contractDetailEditBtnButton\"]"}
RESULT: {"using":"xpath","value":"//button[@data-kt=\"contractDetailEditBtnButton\"]"}
COMMAND: POST /session/a414a6ae85a434897fa1c9da3096b959/elements - {"using":"xpath","value":"//button[@data-kt=\"contractDetailEditBtnButton\"]"}
RESULT: {"using":"xpath","value":"//button[@data-kt=\"contractDetailEditBtnButton\"]"}
COMMAND: POST /session/a414a6ae85a434897fa1c9da3096b959/elements - {"using":"xpath","value":"//button[@data-kt=\"contractDetailEditBtnButton\"]"}
RESULT: {"using":"xpath","value":"//button[@data-kt=\"contractDetailEditBtnButton\"]"}
COMMAND: POST /session/a414a6ae85a434897fa1c9da3096b959/elements - {"using":"xpath","value":"//button[@data-kt=\"contractDetailEditBtnButton\"]"}
RESULT: {"using":"xpath","value":"//button[@data-kt=\"contractDetailEditBtnButton\"]"}
COMMAND: POST /session/a414a6ae85a434897fa1c9da3096b959/elements - {"using":"xpath","value":"//button[@data-kt=\"contractDetailEditBtnButton\"]"}
RESULT: {"using":"xpath","value":"//button[@data-kt=\"contractDetailEditBtnButton\"]"}
COMMAND: POST /session/a414a6ae85a434897fa1c9da3096b959/elements - {"using":"xpath","value":"//button[@data-kt=\"contractDetailEditBtnButton\"]"}
RESULT: {"using":"xpath","value":"//button[@data-kt=\"contractDetailEditBtnButton\"]"}
COMMAND: POST /session/a414a6ae85a434897fa1c9da3096b959/elements - {"using":"xpath","value":"//button[@data-kt=\"contractDetailEditBtnButton\"]"}
RESULT: {"using":"xpath","value":"//button[@data-kt=\"contractDetailEditBtnButton\"]"}
COMMAND: POST /session/a414a6ae85a434897fa1c9da3096b959/elements - {"using":"xpath","value":"//button[@data-kt=\"contractDetailEditBtnButton\"]"}
RESULT: {"using":"xpath","value":"//button[@data-kt=\"contractDetailEditBtnButton\"]"}
COMMAND: POST /session/a414a6ae85a434897fa1c9da3096b959/elements - {"using":"xpath","value":"//button[@data-kt=\"contractDetailEditBtnButton\"]"}
RESULT: {"using":"xpath","value":"//button[@data-kt=\"contractDetailEditBtnButton\"]"}
COMMAND: POST /session/a414a6ae85a434897fa1c9da3096b959/elements - {"using":"xpath","value":"//button[@data-kt=\"contractDetailEditBtnButton\"]"}
RESULT: {"using":"xpath","value":"//button[@data-kt=\"contractDetailEditBtnButton\"]"}
COMMAND: POST /session/a414a6ae85a434897fa1c9da3096b959/elements - {"using":"xpath","value":"//button[@data-kt=\"contractDetailEditBtnButton\"]"}
RESULT: {"using":"xpath","value":"//button[@data-kt=\"contractDetailEditBtnButton\"]"}
COMMAND: POST /session/a414a6ae85a434897fa1c9da3096b959/elements - {"using":"xpath","value":"//button[@data-kt=\"contractDetailEditBtnButton\"]"}
RESULT: {"using":"xpath","value":"//button[@data-kt=\"contractDetailEditBtnButton\"]"}
COMMAND: POST /session/a414a6ae85a434897fa1c9da3096b959/elements - {"using":"xpath","value":"//button[@data-kt=\"contractDetailEditBtnButton\"]"}
RESULT: {"using":"xpath","value":"//button[@data-kt=\"contractDetailEditBtnButton\"]"}
COMMAND: POST /session/a414a6ae85a434897fa1c9da3096b959/elements - {"using":"xpath","value":"//button[@data-kt=\"contractDetailEditBtnButton\"]"}
RESULT: {"using":"xpath","value":"//button[@data-kt=\"contractDetailEditBtnButton\"]"}
COMMAND: POST /session/a414a6ae85a434897fa1c9da3096b959/elements - {"using":"xpath","value":"//button[@data-kt=\"contractDetailEditBtnButton\"]"}
RESULT: {"using":"xpath","value":"//button[@data-kt=\"contractDetailEditBtnButton\"]"}
COMMAND: POST /session/a414a6ae85a434897fa1c9da3096b959/elements - {"using":"xpath","value":"//button[@data-kt=\"contractDetailEditBtnButton\"]"}
RESULT: {"using":"xpath","value":"//button[@data-kt=\"contractDetailEditBtnButton\"]"}
COMMAND: POST /session/a414a6ae85a434897fa1c9da3096b959/elements - {"using":"xpath","value":"//button[@data-kt=\"contractDetailEditBtnButton\"]"}
RESULT: {"using":"xpath","value":"//button[@data-kt=\"contractDetailEditBtnButton\"]"}
COMMAND: POST /session/a414a6ae85a434897fa1c9da3096b959/elements - {"using":"xpath","value":"//button[@data-kt=\"contractDetailEditBtnButton\"]"}
RESULT: {"using":"xpath","value":"//button[@data-kt=\"contractDetailEditBtnButton\"]"}
COMMAND: POST /session/a414a6ae85a434897fa1c9da3096b959/elements - {"using":"xpath","value":"//button[@data-kt=\"contractDetailEditBtnButton\"]"}
RESULT: {"using":"xpath","value":"//button[@data-kt=\"contractDetailEditBtnButton\"]"}
COMMAND: POST /session/a414a6ae85a434897fa1c9da3096b959/elements - {"using":"xpath","value":"//button[@data-kt=\"contractDetailEditBtnButton\"]"}
RESULT: {"using":"xpath","value":"//button[@data-kt=\"contractDetailEditBtnButton\"]"}
COMMAND: POST /session/a414a6ae85a434897fa1c9da3096b959/elements - {"using":"xpath","value":"//button[@data-kt=\"contractDetailEditBtnButton\"]"}
RESULT: {"using":"xpath","value":"//button[@data-kt=\"contractDetailEditBtnButton\"]"}
COMMAND: POST /session/a414a6ae85a434897fa1c9da3096b959/elements - {"using":"xpath","value":"//button[@data-kt=\"contractDetailEditBtnButton\"]"}
RESULT: {"using":"xpath","value":"//button[@data-kt=\"contractDetailEditBtnButton\"]"}
COMMAND: POST /session/a414a6ae85a434897fa1c9da3096b959/elements - {"using":"xpath","value":"//button[@data-kt=\"contractDetailEditBtnButton\"]"}
RESULT: {"using":"xpath","value":"//button[@data-kt=\"contractDetailEditBtnButton\"]"}
COMMAND: POST /session/a414a6ae85a434897fa1c9da3096b959/elements - {"using":"xpath","value":"//button[@data-kt=\"contractDetailEditBtnButton\"]"}
RESULT: {"using":"xpath","value":"//button[@data-kt=\"contractDetailEditBtnButton\"]"}
COMMAND: POST /session/a414a6ae85a434897fa1c9da3096b959/elements - {"using":"xpath","value":"//button[@data-kt=\"contractDetailEditBtnButton\"]"}
RESULT: {"using":"xpath","value":"//button[@data-kt=\"contractDetailEditBtnButton\"]"}
COMMAND: POST /session/a414a6ae85a434897fa1c9da3096b959/elements - {"using":"xpath","value":"//button[@data-kt=\"contractDetailEditBtnButton\"]"}
RESULT: {"using":"xpath","value":"//button[@data-kt=\"contractDetailEditBtnButton\"]"}
COMMAND: POST /session/a414a6ae85a434897fa1c9da3096b959/elements - {"using":"xpath","value":"//button[@data-kt=\"contractDetailEditBtnButton\"]"}
RESULT: {"using":"xpath","value":"//button[@data-kt=\"contractDetailEditBtnButton\"]"}
COMMAND: POST /session/a414a6ae85a434897fa1c9da3096b959/elements - {"using":"xpath","value":"//button[@data-kt=\"contractDetailEditBtnButton\"]"}
RESULT: {"using":"xpath","value":"//button[@data-kt=\"contractDetailEditBtnButton\"]"}
COMMAND: POST /session/a414a6ae85a434897fa1c9da3096b959/elements - {"using":"xpath","value":"//button[@data-kt=\"contractDetailEditBtnButton\"]"}
RESULT: {"using":"xpath","value":"//button[@data-kt=\"contractDetailEditBtnButton\"]"}
COMMAND: POST /session/a414a6ae85a434897fa1c9da3096b959/elements - {"using":"xpath","value":"//button[@data-kt=\"contractDetailEditBtnButton\"]"}
RESULT: {"using":"xpath","value":"//button[@data-kt=\"contractDetailEditBtnButton\"]"}
COMMAND: POST /session/a414a6ae85a434897fa1c9da3096b959/elements - {"using":"xpath","value":"//button[@data-kt=\"contractDetailEditBtnButton\"]"}
RESULT: {"using":"xpath","value":"//button[@data-kt=\"contractDetailEditBtnButton\"]"}
COMMAND: POST /session/a414a6ae85a434897fa1c9da3096b959/elements - {"using":"xpath","value":"//button[@data-kt=\"contractDetailEditBtnButton\"]"}
RESULT: {"using":"xpath","value":"//button[@data-kt=\"contractDetailEditBtnButton\"]"}
COMMAND: POST /session/a414a6ae85a434897fa1c9da3096b959/elements - {"using":"xpath","value":"//button[@data-kt=\"contractDetailEditBtnButton\"]"}
RESULT: {"using":"xpath","value":"//button[@data-kt=\"contractDetailEditBtnButton\"]"}
COMMAND: POST /session/a414a6ae85a434897fa1c9da3096b959/elements - {"using":"xpath","value":"//button[@data-kt=\"contractDetailEditBtnButton\"]"}
RESULT: {"using":"xpath","value":"//button[@data-kt=\"contractDetailEditBtnButton\"]"}
COMMAND: POST /session/a414a6ae85a434897fa1c9da3096b959/elements - {"using":"xpath","value":"//button[@data-kt=\"contractDetailEditBtnButton\"]"}
RESULT: {"using":"xpath","value":"//button[@data-kt=\"contractDetailEditBtnButton\"]"}
COMMAND: POST /session/a414a6ae85a434897fa1c9da3096b959/elements - {"using":"xpath","value":"//button[@data-kt=\"contractDetailEditBtnButton\"]"}
RESULT: {"using":"xpath","value":"//button[@data-kt=\"contractDetailEditBtnButton\"]"}
COMMAND: POST /session/a414a6ae85a434897fa1c9da3096b959/elements - {"using":"xpath","value":"//button[@data-kt=\"contractDetailEditBtnButton\"]"}
RESULT: {"using":"xpath","value":"//button[@data-kt=\"contractDetailEditBtnButton\"]"}
COMMAND: POST /session/a414a6ae85a434897fa1c9da3096b959/elements - {"using":"xpath","value":"//button[@data-kt=\"contractDetailEditBtnButton\"]"}
RESULT: {"using":"xpath","value":"//button[@data-kt=\"contractDetailEditBtnButton\"]"}
COMMAND: POST /session/a414a6ae85a434897fa1c9da3096b959/elements - {"using":"xpath","value":"//button[@data-kt=\"contractDetailEditBtnButton\"]"}
RESULT: {"using":"xpath","value":"//button[@data-kt=\"contractDetailEditBtnButton\"]"}
COMMAND: POST /session/a414a6ae85a434897fa1c9da3096b959/elements - {"using":"xpath","value":"//button[@data-kt=\"contractDetailEditBtnButton\"]"}
RESULT: {"using":"xpath","value":"//button[@data-kt=\"contractDetailEditBtnButton\"]"}
COMMAND: POST /session/a414a6ae85a434897fa1c9da3096b959/elements - {"using":"xpath","value":"//button[@data-kt=\"contractDetailEditBtnButton\"]"}
RESULT: {"using":"xpath","value":"//button[@data-kt=\"contractDetailEditBtnButton\"]"}
COMMAND: POST /session/a414a6ae85a434897fa1c9da3096b959/elements - {"using":"xpath","value":"//button[@data-kt=\"contractDetailEditBtnButton\"]"}
RESULT: {"using":"xpath","value":"//button[@data-kt=\"contractDetailEditBtnButton\"]"}
COMMAND: POST /session/a414a6ae85a434897fa1c9da3096b959/elements - {"using":"xpath","value":"//button[@data-kt=\"contractDetailEditBtnButton\"]"}
RESULT: {"using":"xpath","value":"//button[@data-kt=\"contractDetailEditBtnButton\"]"}
COMMAND: POST /session/a414a6ae85a434897fa1c9da3096b959/elements - {"using":"xpath","value":"//button[@data-kt=\"contractDetailEditBtnButton\"]"}
RESULT: {"using":"xpath","value":"//button[@data-kt=\"contractDetailEditBtnButton\"]"}
COMMAND: POST /session/a414a6ae85a434897fa1c9da3096b959/elements - {"using":"xpath","value":"//button[@data-kt=\"contractDetailEditBtnButton\"]"}
RESULT: {"using":"xpath","value":"//button[@data-kt=\"contractDetailEditBtnButton\"]"}
COMMAND: POST /session/a414a6ae85a434897fa1c9da3096b959/elements - {"using":"xpath","value":"//button[@data-kt=\"contractDetailEditBtnButton\"]"}
RESULT: {"using":"xpath","value":"//button[@data-kt=\"contractDetailEditBtnButton\"]"}
COMMAND: POST /session/a414a6ae85a434897fa1c9da3096b959/elements - {"using":"xpath","value":"//button[@data-kt=\"contractDetailEditBtnButton\"]"}
RESULT: {"using":"xpath","value":"//button[@data-kt=\"contractDetailEditBtnButton\"]"}
COMMAND: POST /session/a414a6ae85a434897fa1c9da3096b959/elements - {"using":"xpath","value":"//button[@data-kt=\"contractDetailEditBtnButton\"]"}
RESULT: {"using":"xpath","value":"//button[@data-kt=\"contractDetailEditBtnButton\"]"}
COMMAND: POST /session/a414a6ae85a434897fa1c9da3096b959/elements - {"using":"xpath","value":"//button[@data-kt=\"contractDetailEditBtnButton\"]"}
RESULT: {"using":"xpath","value":"//button[@data-kt=\"contractDetailEditBtnButton\"]"}
COMMAND: POST /session/a414a6ae85a434897fa1c9da3096b959/elements - {"using":"xpath","value":"//button[@data-kt=\"contractDetailEditBtnButton\"]"}
RESULT: {"using":"xpath","value":"//button[@data-kt=\"contractDetailEditBtnButton\"]"}
COMMAND: POST /session/a414a6ae85a434897fa1c9da3096b959/elements - {"using":"xpath","value":"//button[@data-kt=\"contractDetailEditBtnButton\"]"}
RESULT: {"using":"xpath","value":"//button[@data-kt=\"contractDetailEditBtnButton\"]"}
COMMAND: POST /session/a414a6ae85a434897fa1c9da3096b959/elements - {"using":"xpath","value":"//button[@data-kt=\"contractDetailEditBtnButton\"]"}
RESULT: {"using":"xpath","value":"//button[@data-kt=\"contractDetailEditBtnButton\"]"}
COMMAND: POST /session/a414a6ae85a434897fa1c9da3096b959/elements - {"using":"xpath","value":"//button[@data-kt=\"contractDetailEditBtnButton\"]"}
RESULT: {"using":"xpath","value":"//button[@data-kt=\"contractDetailEditBtnButton\"]"}
COMMAND: POST /session/a414a6ae85a434897fa1c9da3096b959/elements - {"using":"xpath","value":"//button[@data-kt=\"contractDetailEditBtnButton\"]"}
RESULT: {"using":"xpath","value":"//button[@data-kt=\"contractDetailEditBtnButton\"]"}
COMMAND: POST /session/a414a6ae85a434897fa1c9da3096b959/elements - {"using":"xpath","value":"//button[@data-kt=\"contractDetailEditBtnButton\"]"}
RESULT: {"using":"xpath","value":"//button[@data-kt=\"contractDetailEditBtnButton\"]"}
COMMAND: POST /session/a414a6ae85a434897fa1c9da3096b959/elements - {"using":"xpath","value":"//button[@data-kt=\"contractDetailEditBtnButton\"]"}
RESULT: {"using":"xpath","value":"//button[@data-kt=\"contractDetailEditBtnButton\"]"}
COMMAND: POST /session/a414a6ae85a434897fa1c9da3096b959/elements - {"using":"xpath","value":"//button[@data-kt=\"contractDetailEditBtnButton\"]"}
RESULT: {"using":"xpath","value":"//button[@data-kt=\"contractDetailEditBtnButton\"]"}
COMMAND: POST /session/a414a6ae85a434897fa1c9da3096b959/elements - {"using":"xpath","value":"//button[@data-kt=\"contractDetailEditBtnButton\"]"}
RESULT: {"using":"xpath","value":"//button[@data-kt=\"contractDetailEditBtnButton\"]"}
COMMAND: POST /session/a414a6ae85a434897fa1c9da3096b959/elements - {"using":"xpath","value":"//button[@data-kt=\"contractDetailEditBtnButton\"]"}
RESULT: {"using":"xpath","value":"//button[@data-kt=\"contractDetailEditBtnButton\"]"}
COMMAND: POST /session/a414a6ae85a434897fa1c9da3096b959/elements - {"using":"xpath","value":"//button[@data-kt=\"contractDetailEditBtnButton\"]"}
RESULT: {"using":"xpath","value":"//button[@data-kt=\"contractDetailEditBtnButton\"]"}
COMMAND: POST /session/a414a6ae85a434897fa1c9da3096b959/elements - {"using":"xpath","value":"//button[@data-kt=\"contractDetailEditBtnButton\"]"}
RESULT: {"using":"xpath","value":"//button[@data-kt=\"contractDetailEditBtnButton\"]"}
COMMAND: POST /session/a414a6ae85a434897fa1c9da3096b959/elements - {"using":"xpath","value":"//button[@data-kt=\"contractDetailEditBtnButton\"]"}
RESULT: {"using":"xpath","value":"//button[@data-kt=\"contractDetailEditBtnButton\"]"}
COMMAND: POST /session/a414a6ae85a434897fa1c9da3096b959/elements - {"using":"xpath","value":"//button[@data-kt=\"contractDetailEditBtnButton\"]"}
RESULT: {"using":"xpath","value":"//button[@data-kt=\"contractDetailEditBtnButton\"]"}
COMMAND: POST /session/a414a6ae85a434897fa1c9da3096b959/elements - {"using":"xpath","value":"//button[@data-kt=\"contractDetailEditBtnButton\"]"}
RESULT: {"using":"xpath","value":"//button[@data-kt=\"contractDetailEditBtnButton\"]"}
COMMAND: POST /session/a414a6ae85a434897fa1c9da3096b959/elements - {"using":"xpath","value":"//button[@data-kt=\"contractDetailEditBtnButton\"]"}
RESULT: {"using":"xpath","value":"//button[@data-kt=\"contractDetailEditBtnButton\"]"}
COMMAND: POST /session/a414a6ae85a434897fa1c9da3096b959/elements - {"using":"xpath","value":"//button[@data-kt=\"contractDetailEditBtnButton\"]"}
RESULT: {"using":"xpath","value":"//button[@data-kt=\"contractDetailEditBtnButton\"]"}
COMMAND: POST /session/a414a6ae85a434897fa1c9da3096b959/elements - {"using":"xpath","value":"//button[@data-kt=\"contractDetailEditBtnButton\"]"}
RESULT: {"using":"xpath","value":"//button[@data-kt=\"contractDetailEditBtnButton\"]"}
COMMAND: POST /session/a414a6ae85a434897fa1c9da3096b959/elements - {"using":"xpath","value":"//button[@data-kt=\"contractDetailEditBtnButton\"]"}
RESULT: {"using":"xpath","value":"//button[@data-kt=\"contractDetailEditBtnButton\"]"}
COMMAND: POST /session/a414a6ae85a434897fa1c9da3096b959/elements - {"using":"xpath","value":"//button[@data-kt=\"contractDetailEditBtnButton\"]"}
RESULT: {"using":"xpath","value":"//button[@data-kt=\"contractDetailEditBtnButton\"]"}
COMMAND: POST /session/a414a6ae85a434897fa1c9da3096b959/elements - {"using":"xpath","value":"//button[@data-kt=\"contractDetailEditBtnButton\"]"}
RESULT: {"using":"xpath","value":"//button[@data-kt=\"contractDetailEditBtnButton\"]"}
COMMAND: POST /session/a414a6ae85a434897fa1c9da3096b959/elements - {"using":"xpath","value":"//button[@data-kt=\"contractDetailEditBtnButton\"]"}
RESULT: {"using":"xpath","value":"//button[@data-kt=\"contractDetailEditBtnButton\"]"}
COMMAND: POST /session/a414a6ae85a434897fa1c9da3096b959/elements - {"using":"xpath","value":"//button[@data-kt=\"contractDetailEditBtnButton\"]"}
RESULT: {"using":"xpath","value":"//button[@data-kt=\"contractDetailEditBtnButton\"]"}
COMMAND: POST /session/a414a6ae85a434897fa1c9da3096b959/elements - {"using":"xpath","value":"//button[@data-kt=\"contractDetailEditBtnButton\"]"}
RESULT: {"using":"xpath","value":"//button[@data-kt=\"contractDetailEditBtnButton\"]"}
COMMAND: POST /session/a414a6ae85a434897fa1c9da3096b959/elements - {"using":"xpath","value":"//button[@data-kt=\"contractDetailEditBtnButton\"]"}
RESULT: {"using":"xpath","value":"//button[@data-kt=\"contractDetailEditBtnButton\"]"}
COMMAND: POST /session/a414a6ae85a434897fa1c9da3096b959/elements - {"using":"xpath","value":"//button[@data-kt=\"contractDetailEditBtnButton\"]"}
RESULT: {"using":"xpath","value":"//button[@data-kt=\"contractDetailEditBtnButton\"]"}
COMMAND: POST /session/a414a6ae85a434897fa1c9da3096b959/elements - {"using":"xpath","value":"//button[@data-kt=\"contractDetailEditBtnButton\"]"}
RESULT: {"using":"xpath","value":"//button[@data-kt=\"contractDetailEditBtnButton\"]"}
COMMAND: POST /session/a414a6ae85a434897fa1c9da3096b959/elements - {"using":"xpath","value":"//button[@data-kt=\"contractDetailEditBtnButton\"]"}
RESULT: {"using":"xpath","value":"//button[@data-kt=\"contractDetailEditBtnButton\"]"}
COMMAND: POST /session/a414a6ae85a434897fa1c9da3096b959/elements - {"using":"xpath","value":"//button[@data-kt=\"contractDetailEditBtnButton\"]"}
RESULT: {"using":"xpath","value":"//button[@data-kt=\"contractDetailEditBtnButton\"]"}
COMMAND: POST /session/a414a6ae85a434897fa1c9da3096b959/elements - {"using":"xpath","value":"//button[@data-kt=\"contractDetailEditBtnButton\"]"}
RESULT: {"using":"xpath","value":"//button[@data-kt=\"contractDetailEditBtnButton\"]"}
COMMAND: POST /session/a414a6ae85a434897fa1c9da3096b959/elements - {"using":"xpath","value":"//button[@data-kt=\"contractDetailEditBtnButton\"]"}
RESULT: {"using":"xpath","value":"//button[@data-kt=\"contractDetailEditBtnButton\"]"}
COMMAND: POST /session/a414a6ae85a434897fa1c9da3096b959/elements - {"using":"xpath","value":"//button[@data-kt=\"contractDetailEditBtnButton\"]"}
RESULT: {"using":"xpath","value":"//button[@data-kt=\"contractDetailEditBtnButton\"]"}
COMMAND: POST /session/a414a6ae85a434897fa1c9da3096b959/elements - {"using":"xpath","value":"//button[@data-kt=\"contractDetailEditBtnButton\"]"}
RESULT: {"using":"xpath","value":"//button[@data-kt=\"contractDetailEditBtnButton\"]"}
COMMAND: POST /session/a414a6ae85a434897fa1c9da3096b959/elements - {"using":"xpath","value":"//button[@data-kt=\"contractDetailEditBtnButton\"]"}
RESULT: {"using":"xpath","value":"//button[@data-kt=\"contractDetailEditBtnButton\"]"}
COMMAND: POST /session/a414a6ae85a434897fa1c9da3096b959/elements - {"using":"xpath","value":"//button[@data-kt=\"contractDetailEditBtnButton\"]"}
RESULT: {"using":"xpath","value":"//button[@data-kt=\"contractDetailEditBtnButton\"]"}
COMMAND: POST /session/a414a6ae85a434897fa1c9da3096b959/elements - {"using":"xpath","value":"//button[@data-kt=\"contractDetailEditBtnButton\"]"}
RESULT: {"using":"xpath","value":"//button[@data-kt=\"contractDetailEditBtnButton\"]"}
COMMAND: POST /session/a414a6ae85a434897fa1c9da3096b959/elements - {"using":"xpath","value":"//button[@data-kt=\"contractDetailEditBtnButton\"]"}
RESULT: {"using":"xpath","value":"//button[@data-kt=\"contractDetailEditBtnButton\"]"}
COMMAND: POST /session/a414a6ae85a434897fa1c9da3096b959/elements - {"using":"xpath","value":"//button[@data-kt=\"contractDetailEditBtnButton\"]"}
RESULT: {"using":"xpath","value":"//button[@data-kt=\"contractDetailEditBtnButton\"]"}
COMMAND: POST /session/a414a6ae85a434897fa1c9da3096b959/elements - {"using":"xpath","value":"//button[@data-kt=\"contractDetailEditBtnButton\"]"}
RESULT: {"using":"xpath","value":"//button[@data-kt=\"contractDetailEditBtnButton\"]"}
COMMAND: POST /session/a414a6ae85a434897fa1c9da3096b959/elements - {"using":"xpath","value":"//button[@data-kt=\"contractDetailEditBtnButton\"]"}
RESULT: {"using":"xpath","value":"//button[@data-kt=\"contractDetailEditBtnButton\"]"}
COMMAND: POST /session/a414a6ae85a434897fa1c9da3096b959/elements - {"using":"xpath","value":"//button[@data-kt=\"contractDetailEditBtnButton\"]"}
RESULT: {"using":"xpath","value":"//button[@data-kt=\"contractDetailEditBtnButton\"]"}
COMMAND: POST /session/a414a6ae85a434897fa1c9da3096b959/elements - {"using":"xpath","value":"//button[@data-kt=\"contractDetailEditBtnButton\"]"}
RESULT: {"using":"xpath","value":"//button[@data-kt=\"contractDetailEditBtnButton\"]"}
COMMAND: POST /session/a414a6ae85a434897fa1c9da3096b959/elements - {"using":"xpath","value":"//button[@data-kt=\"contractDetailEditBtnButton\"]"}
RESULT: {"using":"xpath","value":"//button[@data-kt=\"contractDetailEditBtnButton\"]"}
COMMAND: POST /session/a414a6ae85a434897fa1c9da3096b959/elements - {"using":"xpath","value":"//button[@data-kt=\"contractDetailEditBtnButton\"]"}
RESULT: {"using":"xpath","value":"//button[@data-kt=\"contractDetailEditBtnButton\"]"}
COMMAND: POST /session/a414a6ae85a434897fa1c9da3096b959/elements - {"using":"xpath","value":"//button[@data-kt=\"contractDetailEditBtnButton\"]"}
RESULT: {"using":"xpath","value":"//button[@data-kt=\"contractDetailEditBtnButton\"]"}
COMMAND: POST /session/a414a6ae85a434897fa1c9da3096b959/elements - {"using":"xpath","value":"//button[@data-kt=\"contractDetailEditBtnButton\"]"}
RESULT: {"using":"xpath","value":"//button[@data-kt=\"contractDetailEditBtnButton\"]"}
COMMAND: POST /session/a414a6ae85a434897fa1c9da3096b959/elements - {"using":"xpath","value":"//button[@data-kt=\"contractDetailEditBtnButton\"]"}
RESULT: {"using":"xpath","value":"//button[@data-kt=\"contractDetailEditBtnButton\"]"}
COMMAND: POST /session/a414a6ae85a434897fa1c9da3096b959/elements - {"using":"xpath","value":"//button[@data-kt=\"contractDetailEditBtnButton\"]"}
RESULT: {"using":"xpath","value":"//button[@data-kt=\"contractDetailEditBtnButton\"]"}
COMMAND: POST /session/a414a6ae85a434897fa1c9da3096b959/elements - {"using":"xpath","value":"//button[@data-kt=\"contractDetailEditBtnButton\"]"}
RESULT: {"using":"xpath","value":"//button[@data-kt=\"contractDetailEditBtnButton\"]"}
COMMAND: POST /session/a414a6ae85a434897fa1c9da3096b959/elements - {"using":"xpath","value":"//button[@data-kt=\"contractDetailEditBtnButton\"]"}
RESULT: {"using":"xpath","value":"//button[@data-kt=\"contractDetailEditBtnButton\"]"}
COMMAND: POST /session/a414a6ae85a434897fa1c9da3096b959/elements - {"using":"xpath","value":"//button[@data-kt=\"contractDetailEditBtnButton\"]"}
RESULT: {"using":"xpath","value":"//button[@data-kt=\"contractDetailEditBtnButton\"]"}
COMMAND: POST /session/a414a6ae85a434897fa1c9da3096b959/elements - {"using":"xpath","value":"//button[@data-kt=\"contractDetailEditBtnButton\"]"}
RESULT: {"using":"xpath","value":"//button[@data-kt=\"contractDetailEditBtnButton\"]"}
COMMAND: POST /session/a414a6ae85a434897fa1c9da3096b959/elements - {"using":"xpath","value":"//button[@data-kt=\"contractDetailEditBtnButton\"]"}
RESULT: {"using":"xpath","value":"//button[@data-kt=\"contractDetailEditBtnButton\"]"}
COMMAND: POST /session/a414a6ae85a434897fa1c9da3096b959/elements - {"using":"xpath","value":"//button[@data-kt=\"contractDetailEditBtnButton\"]"}
RESULT: {"using":"xpath","value":"//button[@data-kt=\"contractDetailEditBtnButton\"]"}
COMMAND: POST /session/a414a6ae85a434897fa1c9da3096b959/elements - {"using":"xpath","value":"//button[@data-kt=\"contractDetailEditBtnButton\"]"}
RESULT: {"using":"xpath","value":"//button[@data-kt=\"contractDetailEditBtnButton\"]"}
COMMAND: POST /session/a414a6ae85a434897fa1c9da3096b959/elements - {"using":"xpath","value":"//button[@data-kt=\"contractDetailEditBtnButton\"]"}
RESULT: {"using":"xpath","value":"//button[@data-kt=\"contractDetailEditBtnButton\"]"}
COMMAND: POST /session/a414a6ae85a434897fa1c9da3096b959/elements - {"using":"xpath","value":"//button[@data-kt=\"contractDetailEditBtnButton\"]"}
RESULT: {"using":"xpath","value":"//button[@data-kt=\"contractDetailEditBtnButton\"]"}
COMMAND: POST /session/a414a6ae85a434897fa1c9da3096b959/elements - {"using":"xpath","value":"//button[@data-kt=\"contractDetailEditBtnButton\"]"}
RESULT: {"using":"xpath","value":"//button[@data-kt=\"contractDetailEditBtnButton\"]"}
COMMAND: POST /session/a414a6ae85a434897fa1c9da3096b959/elements - {"using":"xpath","value":"//button[@data-kt=\"contractDetailEditBtnButton\"]"}
RESULT: {"using":"xpath","value":"//button[@data-kt=\"contractDetailEditBtnButton\"]"}
COMMAND: POST /session/a414a6ae85a434897fa1c9da3096b959/elements - {"using":"xpath","value":"//button[@data-kt=\"contractDetailEditBtnButton\"]"}
RESULT: {"using":"xpath","value":"//button[@data-kt=\"contractDetailEditBtnButton\"]"}
COMMAND: POST /session/a414a6ae85a434897fa1c9da3096b959/elements - {"using":"xpath","value":"//button[@data-kt=\"contractDetailEditBtnButton\"]"}
RESULT: {"using":"xpath","value":"//button[@data-kt=\"contractDetailEditBtnButton\"]"}
COMMAND: POST /session/a414a6ae85a434897fa1c9da3096b959/elements - {"using":"xpath","value":"//button[@data-kt=\"contractDetailEditBtnButton\"]"}
RESULT: {"using":"xpath","value":"//button[@data-kt=\"contractDetailEditBtnButton\"]"}
COMMAND: POST /session/a414a6ae85a434897fa1c9da3096b959/elements - {"using":"xpath","value":"//button[@data-kt=\"contractDetailEditBtnButton\"]"}
RESULT: {"using":"xpath","value":"//button[@data-kt=\"contractDetailEditBtnButton\"]"}
COMMAND: POST /session/a414a6ae85a434897fa1c9da3096b959/elements - {"using":"xpath","value":"//button[@data-kt=\"contractDetailEditBtnButton\"]"}
RESULT: {"using":"xpath","value":"//button[@data-kt=\"contractDetailEditBtnButton\"]"}
COMMAND: POST /session/a414a6ae85a434897fa1c9da3096b959/elements - {"using":"xpath","value":"//button[@data-kt=\"contractDetailEditBtnButton\"]"}
RESULT: {"using":"xpath","value":"//button[@data-kt=\"contractDetailEditBtnButton\"]"}
COMMAND: POST /session/a414a6ae85a434897fa1c9da3096b959/elements - {"using":"xpath","value":"//button[@data-kt=\"contractDetailEditBtnButton\"]"}
RESULT: {"using":"xpath","value":"//button[@data-kt=\"contractDetailEditBtnButton\"]"}
COMMAND: POST /session/a414a6ae85a434897fa1c9da3096b959/elements - {"using":"xpath","value":"//button[@data-kt=\"contractDetailEditBtnButton\"]"}
RESULT: {"using":"xpath","value":"//button[@data-kt=\"contractDetailEditBtnButton\"]"}
COMMAND: POST /session/a414a6ae85a434897fa1c9da3096b959/elements - {"using":"xpath","value":"//button[@data-kt=\"contractDetailEditBtnButton\"]"}
COMMAND: GET /session/a414a6ae85a434897fa1c9da3096b959/screenshot - {}
RESULT: {"using":"xpath","value":"//button[@data-kt=\"contractDetailEditBtnButton\"]"}
RESULT: {}
]]></system-out>
      <system-err><![CDATA[
Error: Can't call click on element with selector "//button[@data-kt="contractDetailEditBtnButton"]" because element wasn't found
    at async UtilsPrerequisites.addItemToContract (D:\a\1\s\test\specs\BTS\prerequisites-and-utils-functions.js:1852:9)
    at async Context.<anonymous> (D:\a\1\s\test\specs\HTR\provide-to-site-wo-warehouse-w-clarification.spec.js:63:9)
]]></system-err>
    </testcase>
    <testcase classname="chrome.136_0_7103_93.windows.Provide_to_Site_w/o_warehouse_management_w_clarification" name="Should do provide to site" time="60.5">
      <failure/>
      <error message="Can't call click on element with selector &quot;//button[@data-kt=&quot;provideButton&quot;]&quot; because element wasn't found"/>
      <system-out><![CDATA[
COMMAND: POST /session/a414a6ae85a434897fa1c9da3096b959/element - {"using":"xpath","value":"//button[@data-kt=\"provideButton\"]"}
COMMAND: GET /session/a414a6ae85a434897fa1c9da3096b959/screenshot - {}
RESULT: {"using":"xpath","value":"//button[@data-kt=\"provideButton\"]"}
COMMAND: POST /session/a414a6ae85a434897fa1c9da3096b959/elements - {"using":"xpath","value":"//button[@data-kt=\"provideButton\"]"}
RESULT: {}
RESULT: {"using":"xpath","value":"//button[@data-kt=\"provideButton\"]"}
COMMAND: POST /session/a414a6ae85a434897fa1c9da3096b959/elements - {"using":"xpath","value":"//button[@data-kt=\"provideButton\"]"}
RESULT: {"using":"xpath","value":"//button[@data-kt=\"provideButton\"]"}
COMMAND: POST /session/a414a6ae85a434897fa1c9da3096b959/elements - {"using":"xpath","value":"//button[@data-kt=\"provideButton\"]"}
RESULT: {"using":"xpath","value":"//button[@data-kt=\"provideButton\"]"}
COMMAND: POST /session/a414a6ae85a434897fa1c9da3096b959/elements - {"using":"xpath","value":"//button[@data-kt=\"provideButton\"]"}
RESULT: {"using":"xpath","value":"//button[@data-kt=\"provideButton\"]"}
COMMAND: POST /session/a414a6ae85a434897fa1c9da3096b959/elements - {"using":"xpath","value":"//button[@data-kt=\"provideButton\"]"}
RESULT: {"using":"xpath","value":"//button[@data-kt=\"provideButton\"]"}
COMMAND: POST /session/a414a6ae85a434897fa1c9da3096b959/elements - {"using":"xpath","value":"//button[@data-kt=\"provideButton\"]"}
RESULT: {"using":"xpath","value":"//button[@data-kt=\"provideButton\"]"}
COMMAND: POST /session/a414a6ae85a434897fa1c9da3096b959/elements - {"using":"xpath","value":"//button[@data-kt=\"provideButton\"]"}
RESULT: {"using":"xpath","value":"//button[@data-kt=\"provideButton\"]"}
COMMAND: POST /session/a414a6ae85a434897fa1c9da3096b959/elements - {"using":"xpath","value":"//button[@data-kt=\"provideButton\"]"}
RESULT: {"using":"xpath","value":"//button[@data-kt=\"provideButton\"]"}
COMMAND: POST /session/a414a6ae85a434897fa1c9da3096b959/elements - {"using":"xpath","value":"//button[@data-kt=\"provideButton\"]"}
RESULT: {"using":"xpath","value":"//button[@data-kt=\"provideButton\"]"}
COMMAND: POST /session/a414a6ae85a434897fa1c9da3096b959/elements - {"using":"xpath","value":"//button[@data-kt=\"provideButton\"]"}
RESULT: {"using":"xpath","value":"//button[@data-kt=\"provideButton\"]"}
COMMAND: POST /session/a414a6ae85a434897fa1c9da3096b959/elements - {"using":"xpath","value":"//button[@data-kt=\"provideButton\"]"}
RESULT: {"using":"xpath","value":"//button[@data-kt=\"provideButton\"]"}
COMMAND: POST /session/a414a6ae85a434897fa1c9da3096b959/elements - {"using":"xpath","value":"//button[@data-kt=\"provideButton\"]"}
RESULT: {"using":"xpath","value":"//button[@data-kt=\"provideButton\"]"}
COMMAND: POST /session/a414a6ae85a434897fa1c9da3096b959/elements - {"using":"xpath","value":"//button[@data-kt=\"provideButton\"]"}
RESULT: {"using":"xpath","value":"//button[@data-kt=\"provideButton\"]"}
COMMAND: POST /session/a414a6ae85a434897fa1c9da3096b959/elements - {"using":"xpath","value":"//button[@data-kt=\"provideButton\"]"}
RESULT: {"using":"xpath","value":"//button[@data-kt=\"provideButton\"]"}
COMMAND: POST /session/a414a6ae85a434897fa1c9da3096b959/elements - {"using":"xpath","value":"//button[@data-kt=\"provideButton\"]"}
RESULT: {"using":"xpath","value":"//button[@data-kt=\"provideButton\"]"}
COMMAND: POST /session/a414a6ae85a434897fa1c9da3096b959/elements - {"using":"xpath","value":"//button[@data-kt=\"provideButton\"]"}
RESULT: {"using":"xpath","value":"//button[@data-kt=\"provideButton\"]"}
COMMAND: POST /session/a414a6ae85a434897fa1c9da3096b959/elements - {"using":"xpath","value":"//button[@data-kt=\"provideButton\"]"}
RESULT: {"using":"xpath","value":"//button[@data-kt=\"provideButton\"]"}
COMMAND: POST /session/a414a6ae85a434897fa1c9da3096b959/elements - {"using":"xpath","value":"//button[@data-kt=\"provideButton\"]"}
RESULT: {"using":"xpath","value":"//button[@data-kt=\"provideButton\"]"}
COMMAND: POST /session/a414a6ae85a434897fa1c9da3096b959/elements - {"using":"xpath","value":"//button[@data-kt=\"provideButton\"]"}
RESULT: {"using":"xpath","value":"//button[@data-kt=\"provideButton\"]"}
COMMAND: POST /session/a414a6ae85a434897fa1c9da3096b959/elements - {"using":"xpath","value":"//button[@data-kt=\"provideButton\"]"}
RESULT: {"using":"xpath","value":"//button[@data-kt=\"provideButton\"]"}
COMMAND: POST /session/a414a6ae85a434897fa1c9da3096b959/elements - {"using":"xpath","value":"//button[@data-kt=\"provideButton\"]"}
RESULT: {"using":"xpath","value":"//button[@data-kt=\"provideButton\"]"}
COMMAND: POST /session/a414a6ae85a434897fa1c9da3096b959/elements - {"using":"xpath","value":"//button[@data-kt=\"provideButton\"]"}
RESULT: {"using":"xpath","value":"//button[@data-kt=\"provideButton\"]"}
COMMAND: POST /session/a414a6ae85a434897fa1c9da3096b959/elements - {"using":"xpath","value":"//button[@data-kt=\"provideButton\"]"}
RESULT: {"using":"xpath","value":"//button[@data-kt=\"provideButton\"]"}
COMMAND: POST /session/a414a6ae85a434897fa1c9da3096b959/elements - {"using":"xpath","value":"//button[@data-kt=\"provideButton\"]"}
RESULT: {"using":"xpath","value":"//button[@data-kt=\"provideButton\"]"}
COMMAND: POST /session/a414a6ae85a434897fa1c9da3096b959/elements - {"using":"xpath","value":"//button[@data-kt=\"provideButton\"]"}
RESULT: {"using":"xpath","value":"//button[@data-kt=\"provideButton\"]"}
COMMAND: POST /session/a414a6ae85a434897fa1c9da3096b959/elements - {"using":"xpath","value":"//button[@data-kt=\"provideButton\"]"}
RESULT: {"using":"xpath","value":"//button[@data-kt=\"provideButton\"]"}
COMMAND: POST /session/a414a6ae85a434897fa1c9da3096b959/elements - {"using":"xpath","value":"//button[@data-kt=\"provideButton\"]"}
RESULT: {"using":"xpath","value":"//button[@data-kt=\"provideButton\"]"}
COMMAND: POST /session/a414a6ae85a434897fa1c9da3096b959/elements - {"using":"xpath","value":"//button[@data-kt=\"provideButton\"]"}
RESULT: {"using":"xpath","value":"//button[@data-kt=\"provideButton\"]"}
COMMAND: POST /session/a414a6ae85a434897fa1c9da3096b959/elements - {"using":"xpath","value":"//button[@data-kt=\"provideButton\"]"}
RESULT: {"using":"xpath","value":"//button[@data-kt=\"provideButton\"]"}
COMMAND: POST /session/a414a6ae85a434897fa1c9da3096b959/elements - {"using":"xpath","value":"//button[@data-kt=\"provideButton\"]"}
RESULT: {"using":"xpath","value":"//button[@data-kt=\"provideButton\"]"}
COMMAND: POST /session/a414a6ae85a434897fa1c9da3096b959/elements - {"using":"xpath","value":"//button[@data-kt=\"provideButton\"]"}
RESULT: {"using":"xpath","value":"//button[@data-kt=\"provideButton\"]"}
COMMAND: POST /session/a414a6ae85a434897fa1c9da3096b959/elements - {"using":"xpath","value":"//button[@data-kt=\"provideButton\"]"}
RESULT: {"using":"xpath","value":"//button[@data-kt=\"provideButton\"]"}
COMMAND: POST /session/a414a6ae85a434897fa1c9da3096b959/elements - {"using":"xpath","value":"//button[@data-kt=\"provideButton\"]"}
RESULT: {"using":"xpath","value":"//button[@data-kt=\"provideButton\"]"}
COMMAND: POST /session/a414a6ae85a434897fa1c9da3096b959/elements - {"using":"xpath","value":"//button[@data-kt=\"provideButton\"]"}
RESULT: {"using":"xpath","value":"//button[@data-kt=\"provideButton\"]"}
COMMAND: POST /session/a414a6ae85a434897fa1c9da3096b959/elements - {"using":"xpath","value":"//button[@data-kt=\"provideButton\"]"}
RESULT: {"using":"xpath","value":"//button[@data-kt=\"provideButton\"]"}
COMMAND: POST /session/a414a6ae85a434897fa1c9da3096b959/elements - {"using":"xpath","value":"//button[@data-kt=\"provideButton\"]"}
RESULT: {"using":"xpath","value":"//button[@data-kt=\"provideButton\"]"}
COMMAND: POST /session/a414a6ae85a434897fa1c9da3096b959/elements - {"using":"xpath","value":"//button[@data-kt=\"provideButton\"]"}
RESULT: {"using":"xpath","value":"//button[@data-kt=\"provideButton\"]"}
COMMAND: POST /session/a414a6ae85a434897fa1c9da3096b959/elements - {"using":"xpath","value":"//button[@data-kt=\"provideButton\"]"}
RESULT: {"using":"xpath","value":"//button[@data-kt=\"provideButton\"]"}
COMMAND: POST /session/a414a6ae85a434897fa1c9da3096b959/elements - {"using":"xpath","value":"//button[@data-kt=\"provideButton\"]"}
RESULT: {"using":"xpath","value":"//button[@data-kt=\"provideButton\"]"}
COMMAND: POST /session/a414a6ae85a434897fa1c9da3096b959/elements - {"using":"xpath","value":"//button[@data-kt=\"provideButton\"]"}
RESULT: {"using":"xpath","value":"//button[@data-kt=\"provideButton\"]"}
COMMAND: POST /session/a414a6ae85a434897fa1c9da3096b959/elements - {"using":"xpath","value":"//button[@data-kt=\"provideButton\"]"}
RESULT: {"using":"xpath","value":"//button[@data-kt=\"provideButton\"]"}
COMMAND: POST /session/a414a6ae85a434897fa1c9da3096b959/elements - {"using":"xpath","value":"//button[@data-kt=\"provideButton\"]"}
RESULT: {"using":"xpath","value":"//button[@data-kt=\"provideButton\"]"}
COMMAND: POST /session/a414a6ae85a434897fa1c9da3096b959/elements - {"using":"xpath","value":"//button[@data-kt=\"provideButton\"]"}
RESULT: {"using":"xpath","value":"//button[@data-kt=\"provideButton\"]"}
COMMAND: POST /session/a414a6ae85a434897fa1c9da3096b959/elements - {"using":"xpath","value":"//button[@data-kt=\"provideButton\"]"}
RESULT: {"using":"xpath","value":"//button[@data-kt=\"provideButton\"]"}
COMMAND: POST /session/a414a6ae85a434897fa1c9da3096b959/elements - {"using":"xpath","value":"//button[@data-kt=\"provideButton\"]"}
RESULT: {"using":"xpath","value":"//button[@data-kt=\"provideButton\"]"}
COMMAND: POST /session/a414a6ae85a434897fa1c9da3096b959/elements - {"using":"xpath","value":"//button[@data-kt=\"provideButton\"]"}
RESULT: {"using":"xpath","value":"//button[@data-kt=\"provideButton\"]"}
COMMAND: POST /session/a414a6ae85a434897fa1c9da3096b959/elements - {"using":"xpath","value":"//button[@data-kt=\"provideButton\"]"}
RESULT: {"using":"xpath","value":"//button[@data-kt=\"provideButton\"]"}
COMMAND: POST /session/a414a6ae85a434897fa1c9da3096b959/elements - {"using":"xpath","value":"//button[@data-kt=\"provideButton\"]"}
RESULT: {"using":"xpath","value":"//button[@data-kt=\"provideButton\"]"}
COMMAND: POST /session/a414a6ae85a434897fa1c9da3096b959/elements - {"using":"xpath","value":"//button[@data-kt=\"provideButton\"]"}
RESULT: {"using":"xpath","value":"//button[@data-kt=\"provideButton\"]"}
COMMAND: POST /session/a414a6ae85a434897fa1c9da3096b959/elements - {"using":"xpath","value":"//button[@data-kt=\"provideButton\"]"}
RESULT: {"using":"xpath","value":"//button[@data-kt=\"provideButton\"]"}
COMMAND: POST /session/a414a6ae85a434897fa1c9da3096b959/elements - {"using":"xpath","value":"//button[@data-kt=\"provideButton\"]"}
RESULT: {"using":"xpath","value":"//button[@data-kt=\"provideButton\"]"}
COMMAND: POST /session/a414a6ae85a434897fa1c9da3096b959/elements - {"using":"xpath","value":"//button[@data-kt=\"provideButton\"]"}
RESULT: {"using":"xpath","value":"//button[@data-kt=\"provideButton\"]"}
COMMAND: POST /session/a414a6ae85a434897fa1c9da3096b959/elements - {"using":"xpath","value":"//button[@data-kt=\"provideButton\"]"}
RESULT: {"using":"xpath","value":"//button[@data-kt=\"provideButton\"]"}
COMMAND: POST /session/a414a6ae85a434897fa1c9da3096b959/elements - {"using":"xpath","value":"//button[@data-kt=\"provideButton\"]"}
RESULT: {"using":"xpath","value":"//button[@data-kt=\"provideButton\"]"}
COMMAND: POST /session/a414a6ae85a434897fa1c9da3096b959/elements - {"using":"xpath","value":"//button[@data-kt=\"provideButton\"]"}
RESULT: {"using":"xpath","value":"//button[@data-kt=\"provideButton\"]"}
COMMAND: POST /session/a414a6ae85a434897fa1c9da3096b959/elements - {"using":"xpath","value":"//button[@data-kt=\"provideButton\"]"}
RESULT: {"using":"xpath","value":"//button[@data-kt=\"provideButton\"]"}
COMMAND: POST /session/a414a6ae85a434897fa1c9da3096b959/elements - {"using":"xpath","value":"//button[@data-kt=\"provideButton\"]"}
RESULT: {"using":"xpath","value":"//button[@data-kt=\"provideButton\"]"}
COMMAND: POST /session/a414a6ae85a434897fa1c9da3096b959/elements - {"using":"xpath","value":"//button[@data-kt=\"provideButton\"]"}
RESULT: {"using":"xpath","value":"//button[@data-kt=\"provideButton\"]"}
COMMAND: POST /session/a414a6ae85a434897fa1c9da3096b959/elements - {"using":"xpath","value":"//button[@data-kt=\"provideButton\"]"}
RESULT: {"using":"xpath","value":"//button[@data-kt=\"provideButton\"]"}
COMMAND: POST /session/a414a6ae85a434897fa1c9da3096b959/elements - {"using":"xpath","value":"//button[@data-kt=\"provideButton\"]"}
RESULT: {"using":"xpath","value":"//button[@data-kt=\"provideButton\"]"}
COMMAND: POST /session/a414a6ae85a434897fa1c9da3096b959/elements - {"using":"xpath","value":"//button[@data-kt=\"provideButton\"]"}
RESULT: {"using":"xpath","value":"//button[@data-kt=\"provideButton\"]"}
COMMAND: POST /session/a414a6ae85a434897fa1c9da3096b959/elements - {"using":"xpath","value":"//button[@data-kt=\"provideButton\"]"}
RESULT: {"using":"xpath","value":"//button[@data-kt=\"provideButton\"]"}
COMMAND: POST /session/a414a6ae85a434897fa1c9da3096b959/elements - {"using":"xpath","value":"//button[@data-kt=\"provideButton\"]"}
RESULT: {"using":"xpath","value":"//button[@data-kt=\"provideButton\"]"}
COMMAND: POST /session/a414a6ae85a434897fa1c9da3096b959/elements - {"using":"xpath","value":"//button[@data-kt=\"provideButton\"]"}
RESULT: {"using":"xpath","value":"//button[@data-kt=\"provideButton\"]"}
COMMAND: POST /session/a414a6ae85a434897fa1c9da3096b959/elements - {"using":"xpath","value":"//button[@data-kt=\"provideButton\"]"}
RESULT: {"using":"xpath","value":"//button[@data-kt=\"provideButton\"]"}
COMMAND: POST /session/a414a6ae85a434897fa1c9da3096b959/elements - {"using":"xpath","value":"//button[@data-kt=\"provideButton\"]"}
RESULT: {"using":"xpath","value":"//button[@data-kt=\"provideButton\"]"}
COMMAND: POST /session/a414a6ae85a434897fa1c9da3096b959/elements - {"using":"xpath","value":"//button[@data-kt=\"provideButton\"]"}
RESULT: {"using":"xpath","value":"//button[@data-kt=\"provideButton\"]"}
COMMAND: POST /session/a414a6ae85a434897fa1c9da3096b959/elements - {"using":"xpath","value":"//button[@data-kt=\"provideButton\"]"}
RESULT: {"using":"xpath","value":"//button[@data-kt=\"provideButton\"]"}
COMMAND: POST /session/a414a6ae85a434897fa1c9da3096b959/elements - {"using":"xpath","value":"//button[@data-kt=\"provideButton\"]"}
RESULT: {"using":"xpath","value":"//button[@data-kt=\"provideButton\"]"}
COMMAND: POST /session/a414a6ae85a434897fa1c9da3096b959/elements - {"using":"xpath","value":"//button[@data-kt=\"provideButton\"]"}
RESULT: {"using":"xpath","value":"//button[@data-kt=\"provideButton\"]"}
COMMAND: POST /session/a414a6ae85a434897fa1c9da3096b959/elements - {"using":"xpath","value":"//button[@data-kt=\"provideButton\"]"}
RESULT: {"using":"xpath","value":"//button[@data-kt=\"provideButton\"]"}
COMMAND: POST /session/a414a6ae85a434897fa1c9da3096b959/elements - {"using":"xpath","value":"//button[@data-kt=\"provideButton\"]"}
RESULT: {"using":"xpath","value":"//button[@data-kt=\"provideButton\"]"}
COMMAND: POST /session/a414a6ae85a434897fa1c9da3096b959/elements - {"using":"xpath","value":"//button[@data-kt=\"provideButton\"]"}
RESULT: {"using":"xpath","value":"//button[@data-kt=\"provideButton\"]"}
COMMAND: POST /session/a414a6ae85a434897fa1c9da3096b959/elements - {"using":"xpath","value":"//button[@data-kt=\"provideButton\"]"}
RESULT: {"using":"xpath","value":"//button[@data-kt=\"provideButton\"]"}
COMMAND: POST /session/a414a6ae85a434897fa1c9da3096b959/elements - {"using":"xpath","value":"//button[@data-kt=\"provideButton\"]"}
RESULT: {"using":"xpath","value":"//button[@data-kt=\"provideButton\"]"}
COMMAND: POST /session/a414a6ae85a434897fa1c9da3096b959/elements - {"using":"xpath","value":"//button[@data-kt=\"provideButton\"]"}
RESULT: {"using":"xpath","value":"//button[@data-kt=\"provideButton\"]"}
COMMAND: POST /session/a414a6ae85a434897fa1c9da3096b959/elements - {"using":"xpath","value":"//button[@data-kt=\"provideButton\"]"}
RESULT: {"using":"xpath","value":"//button[@data-kt=\"provideButton\"]"}
COMMAND: POST /session/a414a6ae85a434897fa1c9da3096b959/elements - {"using":"xpath","value":"//button[@data-kt=\"provideButton\"]"}
RESULT: {"using":"xpath","value":"//button[@data-kt=\"provideButton\"]"}
COMMAND: POST /session/a414a6ae85a434897fa1c9da3096b959/elements - {"using":"xpath","value":"//button[@data-kt=\"provideButton\"]"}
RESULT: {"using":"xpath","value":"//button[@data-kt=\"provideButton\"]"}
COMMAND: POST /session/a414a6ae85a434897fa1c9da3096b959/elements - {"using":"xpath","value":"//button[@data-kt=\"provideButton\"]"}
RESULT: {"using":"xpath","value":"//button[@data-kt=\"provideButton\"]"}
COMMAND: POST /session/a414a6ae85a434897fa1c9da3096b959/elements - {"using":"xpath","value":"//button[@data-kt=\"provideButton\"]"}
RESULT: {"using":"xpath","value":"//button[@data-kt=\"provideButton\"]"}
COMMAND: POST /session/a414a6ae85a434897fa1c9da3096b959/elements - {"using":"xpath","value":"//button[@data-kt=\"provideButton\"]"}
RESULT: {"using":"xpath","value":"//button[@data-kt=\"provideButton\"]"}
COMMAND: POST /session/a414a6ae85a434897fa1c9da3096b959/elements - {"using":"xpath","value":"//button[@data-kt=\"provideButton\"]"}
RESULT: {"using":"xpath","value":"//button[@data-kt=\"provideButton\"]"}
COMMAND: POST /session/a414a6ae85a434897fa1c9da3096b959/elements - {"using":"xpath","value":"//button[@data-kt=\"provideButton\"]"}
RESULT: {"using":"xpath","value":"//button[@data-kt=\"provideButton\"]"}
COMMAND: POST /session/a414a6ae85a434897fa1c9da3096b959/elements - {"using":"xpath","value":"//button[@data-kt=\"provideButton\"]"}
RESULT: {"using":"xpath","value":"//button[@data-kt=\"provideButton\"]"}
COMMAND: POST /session/a414a6ae85a434897fa1c9da3096b959/elements - {"using":"xpath","value":"//button[@data-kt=\"provideButton\"]"}
RESULT: {"using":"xpath","value":"//button[@data-kt=\"provideButton\"]"}
COMMAND: POST /session/a414a6ae85a434897fa1c9da3096b959/elements - {"using":"xpath","value":"//button[@data-kt=\"provideButton\"]"}
RESULT: {"using":"xpath","value":"//button[@data-kt=\"provideButton\"]"}
COMMAND: POST /session/a414a6ae85a434897fa1c9da3096b959/elements - {"using":"xpath","value":"//button[@data-kt=\"provideButton\"]"}
RESULT: {"using":"xpath","value":"//button[@data-kt=\"provideButton\"]"}
COMMAND: POST /session/a414a6ae85a434897fa1c9da3096b959/elements - {"using":"xpath","value":"//button[@data-kt=\"provideButton\"]"}
RESULT: {"using":"xpath","value":"//button[@data-kt=\"provideButton\"]"}
COMMAND: POST /session/a414a6ae85a434897fa1c9da3096b959/elements - {"using":"xpath","value":"//button[@data-kt=\"provideButton\"]"}
RESULT: {"using":"xpath","value":"//button[@data-kt=\"provideButton\"]"}
COMMAND: POST /session/a414a6ae85a434897fa1c9da3096b959/elements - {"using":"xpath","value":"//button[@data-kt=\"provideButton\"]"}
RESULT: {"using":"xpath","value":"//button[@data-kt=\"provideButton\"]"}
COMMAND: POST /session/a414a6ae85a434897fa1c9da3096b959/elements - {"using":"xpath","value":"//button[@data-kt=\"provideButton\"]"}
RESULT: {"using":"xpath","value":"//button[@data-kt=\"provideButton\"]"}
COMMAND: POST /session/a414a6ae85a434897fa1c9da3096b959/elements - {"using":"xpath","value":"//button[@data-kt=\"provideButton\"]"}
RESULT: {"using":"xpath","value":"//button[@data-kt=\"provideButton\"]"}
COMMAND: POST /session/a414a6ae85a434897fa1c9da3096b959/elements - {"using":"xpath","value":"//button[@data-kt=\"provideButton\"]"}
RESULT: {"using":"xpath","value":"//button[@data-kt=\"provideButton\"]"}
COMMAND: POST /session/a414a6ae85a434897fa1c9da3096b959/elements - {"using":"xpath","value":"//button[@data-kt=\"provideButton\"]"}
RESULT: {"using":"xpath","value":"//button[@data-kt=\"provideButton\"]"}
COMMAND: POST /session/a414a6ae85a434897fa1c9da3096b959/elements - {"using":"xpath","value":"//button[@data-kt=\"provideButton\"]"}
RESULT: {"using":"xpath","value":"//button[@data-kt=\"provideButton\"]"}
COMMAND: POST /session/a414a6ae85a434897fa1c9da3096b959/elements - {"using":"xpath","value":"//button[@data-kt=\"provideButton\"]"}
RESULT: {"using":"xpath","value":"//button[@data-kt=\"provideButton\"]"}
COMMAND: POST /session/a414a6ae85a434897fa1c9da3096b959/elements - {"using":"xpath","value":"//button[@data-kt=\"provideButton\"]"}
RESULT: {"using":"xpath","value":"//button[@data-kt=\"provideButton\"]"}
COMMAND: POST /session/a414a6ae85a434897fa1c9da3096b959/elements - {"using":"xpath","value":"//button[@data-kt=\"provideButton\"]"}
RESULT: {"using":"xpath","value":"//button[@data-kt=\"provideButton\"]"}
COMMAND: POST /session/a414a6ae85a434897fa1c9da3096b959/elements - {"using":"xpath","value":"//button[@data-kt=\"provideButton\"]"}
RESULT: {"using":"xpath","value":"//button[@data-kt=\"provideButton\"]"}
COMMAND: POST /session/a414a6ae85a434897fa1c9da3096b959/elements - {"using":"xpath","value":"//button[@data-kt=\"provideButton\"]"}
RESULT: {"using":"xpath","value":"//button[@data-kt=\"provideButton\"]"}
COMMAND: POST /session/a414a6ae85a434897fa1c9da3096b959/elements - {"using":"xpath","value":"//button[@data-kt=\"provideButton\"]"}
RESULT: {"using":"xpath","value":"//button[@data-kt=\"provideButton\"]"}
COMMAND: POST /session/a414a6ae85a434897fa1c9da3096b959/elements - {"using":"xpath","value":"//button[@data-kt=\"provideButton\"]"}
RESULT: {"using":"xpath","value":"//button[@data-kt=\"provideButton\"]"}
COMMAND: POST /session/a414a6ae85a434897fa1c9da3096b959/elements - {"using":"xpath","value":"//button[@data-kt=\"provideButton\"]"}
RESULT: {"using":"xpath","value":"//button[@data-kt=\"provideButton\"]"}
COMMAND: POST /session/a414a6ae85a434897fa1c9da3096b959/elements - {"using":"xpath","value":"//button[@data-kt=\"provideButton\"]"}
RESULT: {"using":"xpath","value":"//button[@data-kt=\"provideButton\"]"}
COMMAND: POST /session/a414a6ae85a434897fa1c9da3096b959/elements - {"using":"xpath","value":"//button[@data-kt=\"provideButton\"]"}
RESULT: {"using":"xpath","value":"//button[@data-kt=\"provideButton\"]"}
COMMAND: POST /session/a414a6ae85a434897fa1c9da3096b959/elements - {"using":"xpath","value":"//button[@data-kt=\"provideButton\"]"}
RESULT: {"using":"xpath","value":"//button[@data-kt=\"provideButton\"]"}
COMMAND: POST /session/a414a6ae85a434897fa1c9da3096b959/elements - {"using":"xpath","value":"//button[@data-kt=\"provideButton\"]"}
RESULT: {"using":"xpath","value":"//button[@data-kt=\"provideButton\"]"}
COMMAND: POST /session/a414a6ae85a434897fa1c9da3096b959/elements - {"using":"xpath","value":"//button[@data-kt=\"provideButton\"]"}
RESULT: {"using":"xpath","value":"//button[@data-kt=\"provideButton\"]"}
COMMAND: POST /session/a414a6ae85a434897fa1c9da3096b959/elements - {"using":"xpath","value":"//button[@data-kt=\"provideButton\"]"}
RESULT: {"using":"xpath","value":"//button[@data-kt=\"provideButton\"]"}
COMMAND: POST /session/a414a6ae85a434897fa1c9da3096b959/elements - {"using":"xpath","value":"//button[@data-kt=\"provideButton\"]"}
RESULT: {"using":"xpath","value":"//button[@data-kt=\"provideButton\"]"}
COMMAND: POST /session/a414a6ae85a434897fa1c9da3096b959/elements - {"using":"xpath","value":"//button[@data-kt=\"provideButton\"]"}
RESULT: {"using":"xpath","value":"//button[@data-kt=\"provideButton\"]"}
COMMAND: POST /session/a414a6ae85a434897fa1c9da3096b959/elements - {"using":"xpath","value":"//button[@data-kt=\"provideButton\"]"}
RESULT: {"using":"xpath","value":"//button[@data-kt=\"provideButton\"]"}
COMMAND: POST /session/a414a6ae85a434897fa1c9da3096b959/elements - {"using":"xpath","value":"//button[@data-kt=\"provideButton\"]"}
RESULT: {"using":"xpath","value":"//button[@data-kt=\"provideButton\"]"}
COMMAND: POST /session/a414a6ae85a434897fa1c9da3096b959/elements - {"using":"xpath","value":"//button[@data-kt=\"provideButton\"]"}
RESULT: {"using":"xpath","value":"//button[@data-kt=\"provideButton\"]"}
COMMAND: POST /session/a414a6ae85a434897fa1c9da3096b959/elements - {"using":"xpath","value":"//button[@data-kt=\"provideButton\"]"}
RESULT: {"using":"xpath","value":"//button[@data-kt=\"provideButton\"]"}
COMMAND: POST /session/a414a6ae85a434897fa1c9da3096b959/elements - {"using":"xpath","value":"//button[@data-kt=\"provideButton\"]"}
RESULT: {"using":"xpath","value":"//button[@data-kt=\"provideButton\"]"}
COMMAND: POST /session/a414a6ae85a434897fa1c9da3096b959/elements - {"using":"xpath","value":"//button[@data-kt=\"provideButton\"]"}
RESULT: {"using":"xpath","value":"//button[@data-kt=\"provideButton\"]"}
COMMAND: POST /session/a414a6ae85a434897fa1c9da3096b959/elements - {"using":"xpath","value":"//button[@data-kt=\"provideButton\"]"}
RESULT: {"using":"xpath","value":"//button[@data-kt=\"provideButton\"]"}
COMMAND: POST /session/a414a6ae85a434897fa1c9da3096b959/elements - {"using":"xpath","value":"//button[@data-kt=\"provideButton\"]"}
RESULT: {"using":"xpath","value":"//button[@data-kt=\"provideButton\"]"}
COMMAND: GET /session/a414a6ae85a434897fa1c9da3096b959/screenshot - {}
RESULT: {}
]]></system-out>
      <system-err><![CDATA[
Error: Can't call click on element with selector "//button[@data-kt="provideButton"]" because element wasn't found
    at async Context.<anonymous> (D:\a\1\s\test\specs\HTR\provide-to-site-wo-warehouse-w-clarification.spec.js:68:9)
]]></system-err>
    </testcase>
    <testcase classname="chrome.136_0_7103_93.windows.Provide_to_Site_w/o_warehouse_management_w_clarification" name="Should Test for Handover Execution" time="12.879">
      <system-out><![CDATA[
COMMAND: GET /session/a414a6ae85a434897fa1c9da3096b959/screenshot - {}
COMMAND: POST /session/a414a6ae85a434897fa1c9da3096b959/element - {"using":"xpath","value":"(//span[contains(@id, \"imgNav\")])[1]"}
RESULT: {}
RESULT: {"using":"xpath","value":"(//span[contains(@id, \"imgNav\")])[1]"}
COMMAND: POST /session/a414a6ae85a434897fa1c9da3096b959/element/f.63F842937ABE5650621AFC3910BCBB57.d.BCFE56B4CBC8D03F59C0A74CEE91D767.e.8921/click - {}
RESULT: {}
COMMAND: GET /session/a414a6ae85a434897fa1c9da3096b959/screenshot - {}
RESULT: {}
COMMAND: POST /session/a414a6ae85a434897fa1c9da3096b959/element - {"using":"css selector","value":"#shell-header-logo"}
RESULT: {"using":"css selector","value":"#shell-header-logo"}
COMMAND: POST /session/a414a6ae85a434897fa1c9da3096b959/element/f.63F842937ABE5650621AFC3910BCBB57.d.BCFE56B4CBC8D03F59C0A74CEE91D767.e.8860/click - {}
RESULT: {}
COMMAND: GET /session/a414a6ae85a434897fa1c9da3096b959/screenshot - {}
RESULT: {}
]]></system-out>
    </testcase>
    <testcase classname="chrome.136_0_7103_93.windows.Provide_to_Site_w/o_warehouse_management_w_clarification" name="Should test for Clarification" time="0.004">
      <system-out><![CDATA[
COMMAND: POST /session/a414a6ae85a434897fa1c9da3096b959/element - {"using":"css selector","value":"#j_username"}
COMMAND: POST /session/a414a6ae85a434897fa1c9da3096b959/url - {"url":"https://qa-testing-00-live-etm-ui.cfapps.eu10-004.hana.ondemand.com/"}
COMMAND: GET /session/a414a6ae85a434897fa1c9da3096b959/screenshot - {}
RESULT: {"using":"css selector","value":"#j_username"}
COMMAND: POST /session/a414a6ae85a434897fa1c9da3096b959/element - {"using":"css selector","value":"#j_username"}
RESULT: {"url":"https://qa-testing-00-live-etm-ui.cfapps.eu10-004.hana.ondemand.com/"}
RESULT: undefined
COMMAND: GET /session/a414a6ae85a434897fa1c9da3096b959/screenshot - {}
RESULT: {}
RESULT: {"using":"css selector","value":"#j_username"}
COMMAND: POST /session/a414a6ae85a434897fa1c9da3096b959/element - {"using":"css selector","value":"#shell-header-logo"}
RESULT: {}
RESULT: {"using":"css selector","value":"#shell-header-logo"}
COMMAND: POST /session/a414a6ae85a434897fa1c9da3096b959/execute/sync - {"script":"<script> [8489 bytes]","args":[{"element-6066-11e4-a52e-4f735466cecf":"f.63F842937ABE5650621AFC3910BCBB57.d.6F06DCCB1379CF6E9EA49F16E97A98FC.e.9312","ELEMENT":"f.63F842937ABE5650621AFC3910BCBB57.d.6F06DCCB1379CF6E9EA49F16E97A98FC.e.9312"}]}
RESULT: {"script":"<script> [8489 bytes]","args":[{"element-6066-11e4-a52e-4f735466cecf":"f.63F842937ABE5650621AFC3910BCBB57.d.6F06DCCB1379CF6E9EA49F16E97A98FC.e.9312","ELEMENT":"f.63F842937ABE5650621AFC3910BCBB57.d.6F06DCCB1379CF6E9EA49F16E97A98FC.e.9312"}]}
COMMAND: POST /session/a414a6ae85a434897fa1c9da3096b959/element - {"using":"css selector","value":"#shell-header-logo"}
COMMAND: GET /session/a414a6ae85a434897fa1c9da3096b959/screenshot - {}
RESULT: {"using":"css selector","value":"#shell-header-logo"}
COMMAND: POST /session/a414a6ae85a434897fa1c9da3096b959/execute/sync - {"script":"<script> [8489 bytes]","args":[{"element-6066-11e4-a52e-4f735466cecf":"f.63F842937ABE5650621AFC3910BCBB57.d.6F06DCCB1379CF6E9EA49F16E97A98FC.e.9312","ELEMENT":"f.63F842937ABE5650621AFC3910BCBB57.d.6F06DCCB1379CF6E9EA49F16E97A98FC.e.9312"}]}
RESULT: {}
RESULT: {"script":"<script> [8489 bytes]","args":[{"element-6066-11e4-a52e-4f735466cecf":"f.63F842937ABE5650621AFC3910BCBB57.d.6F06DCCB1379CF6E9EA49F16E97A98FC.e.9312","ELEMENT":"f.63F842937ABE5650621AFC3910BCBB57.d.6F06DCCB1379CF6E9EA49F16E97A98FC.e.9312"}]}
COMMAND: POST /session/a414a6ae85a434897fa1c9da3096b959/execute/sync - {"script":"<script> [5351 bytes]","args":[{"element-6066-11e4-a52e-4f735466cecf":"f.63F842937ABE5650621AFC3910BCBB57.d.6F06DCCB1379CF6E9EA49F16E97A98FC.e.9312","ELEMENT":"f.63F842937ABE5650621AFC3910BCBB57.d.6F06DCCB1379CF6E9EA49F16E97A98FC.e.9312"}]}
COMMAND: GET /session/a414a6ae85a434897fa1c9da3096b959/screenshot - {}
RESULT: {"script":"<script> [5351 bytes]","args":[{"element-6066-11e4-a52e-4f735466cecf":"f.63F842937ABE5650621AFC3910BCBB57.d.6F06DCCB1379CF6E9EA49F16E97A98FC.e.9312","ELEMENT":"f.63F842937ABE5650621AFC3910BCBB57.d.6F06DCCB1379CF6E9EA49F16E97A98FC.e.9312"}]}
COMMAND: POST /session/a414a6ae85a434897fa1c9da3096b959/element - {"using":"css selector","value":"#shell-header-logo"}
COMMAND: GET /session/a414a6ae85a434897fa1c9da3096b959/screenshot - {}
RESULT: {}
RESULT: {"using":"css selector","value":"#shell-header-logo"}
COMMAND: POST /session/a414a6ae85a434897fa1c9da3096b959/element/f.63F842937ABE5650621AFC3910BCBB57.d.6F06DCCB1379CF6E9EA49F16E97A98FC.e.9312/click - {}
RESULT: {}
RESULT: {}
COMMAND: GET /session/a414a6ae85a434897fa1c9da3096b959/screenshot - {}
RESULT: {}
COMMAND: POST /session/a414a6ae85a434897fa1c9da3096b959/execute/async - {"script":"<script> [189 bytes]","args":[]}
RESULT: {"script":"<script> [189 bytes]","args":[]}
COMMAND: POST /session/a414a6ae85a434897fa1c9da3096b959/execute/async - {"script":"<script> [123 bytes]","args":[]}
RESULT: {"script":"<script> [123 bytes]","args":[]}
COMMAND: POST /session/a414a6ae85a434897fa1c9da3096b959/timeouts - {"script":"<number>"}
RESULT: {"script":"<number>"}
COMMAND: GET /session/a414a6ae85a434897fa1c9da3096b959/timeouts - {}
RESULT: {}
RESULT: undefined
COMMAND: POST /session/a414a6ae85a434897fa1c9da3096b959/execute/async - {"script":"<script> [2676 bytes]","args":[]}
RESULT: {"script":"<script> [2676 bytes]","args":[]}
COMMAND: POST /session/a414a6ae85a434897fa1c9da3096b959/execute/async - {"script":"<script> [2342 bytes]","args":[{"protocol":"http","hostname":"0.0.0.0","path":"/","capabilities":{"browserName":"chrome","goog:chromeOptions":{"binary":"C:\\Program Files\\Google\\Chrome\\Application\\chrome.exe","args":["--start-maximized"]}},"logLevel":"warn","connectionRetryTimeout":120000,"connectionRetryCount":3,"logLevels":{},"enableDirectConnect":true,"strictSSL":true,"_":"65 more keys: [\"cacheDir\",\"port\",\"requestedCapabilities\",\"automationProtocol\",\"baseUrl\",\"waitforInterval\",\"waitforTimeout\",\"onReload\",\"beforeCommand\",\"afterCommand\",\"rootDir\",\"specs\",\"suites\",\"exclude\",\"groupLogsByTestSpec\",\"excludeDriverLogs\",\"bail\",\"framework\",\"reporters\",\"services\",\"maxInstances\",\"maxInstancesPerCapability\",\"injectGlobals\",\"filesToWatch\",\"execArgv\",\"runnerEnv\",\"runner\",\"shard\",\"specFileRetries\",\"specFileRetriesDelay\",\"specFileRetriesDeferred\",\"reporterSyncInterval\",\"reporterSyncTimeout\",\"cucumberFeaturesWithLineNumbers\",\"autoCompileOpts\",\"mochaOpts\",\"jasmineOpts\",\"cucumberOpts\",\"onPrepare\",\"onWorkerStart\",\"onWorkerEnd\",\"before\",\"beforeSession\",\"beforeSuite\",\"beforeHook\",\"beforeTest\",\"afterTest\",\"afterHook\",\"afterSuite\",\"afterSession\",\"after\",\"onComplete\",\"beforeAssertion\",\"afterAssertion\",\"beforeFeature\",\"beforeScenario\",\"beforeStep\",\"afterStep\",\"afterScenario\",\"afterFeature\",\"_\",\"suite\",\"$0\",\"ignoredWorkerServices\",\"wdi5\"]"}]}
RESULT: {"script":"<script> [2342 bytes]","args":[{"protocol":"http","hostname":"0.0.0.0","path":"/","capabilities":{"browserName":"chrome","goog:chromeOptions":{"binary":"C:\\Program Files\\Google\\Chrome\\Application\\chrome.exe","args":["--start-maximized"]}},"logLevel":"warn","connectionRetryTimeout":120000,"connectionRetryCount":3,"logLevels":{},"enableDirectConnect":true,"strictSSL":true,"_":"65 more keys: [\"cacheDir\",\"port\",\"requestedCapabilities\",\"automationProtocol\",\"baseUrl\",\"waitforInterval\",\"waitforTimeout\",\"onReload\",\"beforeCommand\",\"afterCommand\",\"rootDir\",\"specs\",\"suites\",\"exclude\",\"groupLogsByTestSpec\",\"excludeDriverLogs\",\"bail\",\"framework\",\"reporters\",\"services\",\"maxInstances\",\"maxInstancesPerCapability\",\"injectGlobals\",\"filesToWatch\",\"execArgv\",\"runnerEnv\",\"runner\",\"shard\",\"specFileRetries\",\"specFileRetriesDelay\",\"specFileRetriesDeferred\",\"reporterSyncInterval\",\"reporterSyncTimeout\",\"cucumberFeaturesWithLineNumbers\",\"autoCompileOpts\",\"mochaOpts\",\"jasmineOpts\",\"cucumberOpts\",\"onPrepare\",\"onWorkerStart\",\"onWorkerEnd\",\"before\",\"beforeSession\",\"beforeSuite\",\"beforeHook\",\"beforeTest\",\"afterTest\",\"afterHook\",\"afterSuite\",\"afterSession\",\"after\",\"onComplete\",\"beforeAssertion\",\"afterAssertion\",\"beforeFeature\",\"beforeScenario\",\"beforeStep\",\"afterStep\",\"afterScenario\",\"afterFeature\",\"_\",\"suite\",\"$0\",\"ignoredWorkerServices\",\"wdi5\"]"}]}
COMMAND: POST /session/a414a6ae85a434897fa1c9da3096b959/execute/async - {"script":"<script> [21126 bytes]","args":[35000]}
RESULT: {"script":"<script> [21126 bytes]","args":[35000]}
COMMAND: POST /session/a414a6ae85a434897fa1c9da3096b959/window/maximize - {}
RESULT: {}
COMMAND: POST /session/a414a6ae85a434897fa1c9da3096b959/execute/async - {"script":"<script> [1562 bytes]","args":[{"selector":{"id":"shell-header","interaction":{"idSuffix":"icon"}},"wdio_ui5_key":"shellheader"}]}
COMMAND: GET /session/a414a6ae85a434897fa1c9da3096b959/screenshot - {}
RESULT: {"script":"<script> [1562 bytes]","args":[{"selector":{"id":"shell-header","interaction":{"idSuffix":"icon"}},"wdio_ui5_key":"shellheader"}]}
RESULT: undefined
COMMAND: POST /session/a414a6ae85a434897fa1c9da3096b959/window/fullscreen - {}
RESULT: {}
RESULT: {}
]]></system-out>
    </testcase>
  </testsuite>
  <testsuite timestamp="2025-05-30T17:03:32" time="148.839" tests="4" failures="0" errors="0" skipped="0">
    <properties>
      <property name="specId" value="0"/>
      <property name="suiteName" value="Provide to Site w/o warehouse management w/o clarification US116612"/>
      <property name="capabilities" value="chrome.136_0_7103_93.windows"/>
      <property name="file" value="file:///D:/a/1/s/test/specs/HTR/provide-to-site-wo-warehouse-wo-clarification.spec.js"/>
    </properties>
    <testcase classname="chrome.136_0_7103_93.windows.Provide_to_Site_w/o_warehouse_management_w/o_clarification_US116612" name="Should create a new yard" time="0.014">
      <system-out><![CDATA[
COMMAND: POST /session/a414a6ae85a434897fa1c9da3096b959/window/fullscreen - {}
RESULT: {}
]]></system-out>
    </testcase>
    <testcase classname="chrome.136_0_7103_93.windows.Provide_to_Site_w/o_warehouse_management_w/o_clarification_US116612" name="Should create a new external partner" time="0.004"/>
    <testcase classname="chrome.136_0_7103_93.windows.Provide_to_Site_w/o_warehouse_management_w/o_clarification_US116612" name="Should create a new site" time="0.005"/>
    <testcase classname="chrome.136_0_7103_93.windows.Provide_to_Site_w/o_warehouse_management_w/o_clarification_US116612" name="Should create a new material" time="129.681">
      <system-out><![CDATA[
COMMAND: POST /session/a414a6ae85a434897fa1c9da3096b959/execute/async - {"script":"<script> [1562 bytes]","args":[{"selector":{"controlType":"sap.m.GenericTile","properties":{"header":"Manage Resources"}},"wdio_ui5_key":"sapm.GenericTile{\"header\":\"Manage Resources\"}"}]}
RESULT: {"script":"<script> [1562 bytes]","args":[{"selector":{"controlType":"sap.m.GenericTile","properties":{"header":"Manage Resources"}},"wdio_ui5_key":"sapm.GenericTile{\"header\":\"Manage Resources\"}"}]}
RESULT: undefined
COMMAND: POST /session/a414a6ae85a434897fa1c9da3096b959/element - {"using":"xpath","value":"//*[@id=\"__tile31\"]"}
RESULT: {"using":"xpath","value":"//*[@id=\"__tile31\"]"}
COMMAND: POST /session/a414a6ae85a434897fa1c9da3096b959/element/f.63F842937ABE5650621AFC3910BCBB57.d.6F06DCCB1379CF6E9EA49F16E97A98FC.e.9331/click - {}
RESULT: {}
COMMAND: GET /session/a414a6ae85a434897fa1c9da3096b959/screenshot - {}
RESULT: {}
COMMAND: POST /session/a414a6ae85a434897fa1c9da3096b959/elements - {"using":"xpath","value":"//span[text()='Error']"}
RESULT: {"using":"xpath","value":"//span[text()='Error']"}
COMMAND: POST /session/a414a6ae85a434897fa1c9da3096b959/element - {"using":"xpath","value":"//button[@data-kt=\"addNewRUOverflowToolbarButton\"]"}
RESULT: {"using":"xpath","value":"//button[@data-kt=\"addNewRUOverflowToolbarButton\"]"}
COMMAND: POST /session/a414a6ae85a434897fa1c9da3096b959/elements - {"using":"xpath","value":"//button[@data-kt=\"addNewRUOverflowToolbarButton\"]"}
RESULT: {"using":"xpath","value":"//button[@data-kt=\"addNewRUOverflowToolbarButton\"]"}
COMMAND: POST /session/a414a6ae85a434897fa1c9da3096b959/elements - {"using":"xpath","value":"//button[@data-kt=\"addNewRUOverflowToolbarButton\"]"}
RESULT: {"using":"xpath","value":"//button[@data-kt=\"addNewRUOverflowToolbarButton\"]"}
COMMAND: POST /session/a414a6ae85a434897fa1c9da3096b959/elements - {"using":"xpath","value":"//button[@data-kt=\"addNewRUOverflowToolbarButton\"]"}
RESULT: {"using":"xpath","value":"//button[@data-kt=\"addNewRUOverflowToolbarButton\"]"}
COMMAND: POST /session/a414a6ae85a434897fa1c9da3096b959/elements - {"using":"xpath","value":"//button[@data-kt=\"addNewRUOverflowToolbarButton\"]"}
RESULT: {"using":"xpath","value":"//button[@data-kt=\"addNewRUOverflowToolbarButton\"]"}
COMMAND: POST /session/a414a6ae85a434897fa1c9da3096b959/elements - {"using":"xpath","value":"//button[@data-kt=\"addNewRUOverflowToolbarButton\"]"}
RESULT: {"using":"xpath","value":"//button[@data-kt=\"addNewRUOverflowToolbarButton\"]"}
COMMAND: POST /session/a414a6ae85a434897fa1c9da3096b959/elements - {"using":"xpath","value":"//button[@data-kt=\"addNewRUOverflowToolbarButton\"]"}
RESULT: {"using":"xpath","value":"//button[@data-kt=\"addNewRUOverflowToolbarButton\"]"}
COMMAND: POST /session/a414a6ae85a434897fa1c9da3096b959/elements - {"using":"xpath","value":"//button[@data-kt=\"addNewRUOverflowToolbarButton\"]"}
RESULT: {"using":"xpath","value":"//button[@data-kt=\"addNewRUOverflowToolbarButton\"]"}
COMMAND: POST /session/a414a6ae85a434897fa1c9da3096b959/element - {"using":"xpath","value":"//button[@data-kt=\"addNewRUOverflowToolbarButton\"]"}
RESULT: {"using":"xpath","value":"//button[@data-kt=\"addNewRUOverflowToolbarButton\"]"}
COMMAND: POST /session/a414a6ae85a434897fa1c9da3096b959/execute/sync - {"script":"<script> [8489 bytes]","args":[{"element-6066-11e4-a52e-4f735466cecf":"f.63F842937ABE5650621AFC3910BCBB57.d.6F06DCCB1379CF6E9EA49F16E97A98FC.e.9456","ELEMENT":"f.63F842937ABE5650621AFC3910BCBB57.d.6F06DCCB1379CF6E9EA49F16E97A98FC.e.9456"}]}
RESULT: {"script":"<script> [8489 bytes]","args":[{"element-6066-11e4-a52e-4f735466cecf":"f.63F842937ABE5650621AFC3910BCBB57.d.6F06DCCB1379CF6E9EA49F16E97A98FC.e.9456","ELEMENT":"f.63F842937ABE5650621AFC3910BCBB57.d.6F06DCCB1379CF6E9EA49F16E97A98FC.e.9456"}]}
COMMAND: GET /session/a414a6ae85a434897fa1c9da3096b959/element/f.63F842937ABE5650621AFC3910BCBB57.d.6F06DCCB1379CF6E9EA49F16E97A98FC.e.9456/enabled - {}
COMMAND: GET /session/a414a6ae85a434897fa1c9da3096b959/screenshot - {}
RESULT: {}
COMMAND: POST /session/a414a6ae85a434897fa1c9da3096b959/execute/sync - {"script":"<script> [8489 bytes]","args":[{"element-6066-11e4-a52e-4f735466cecf":"f.63F842937ABE5650621AFC3910BCBB57.d.6F06DCCB1379CF6E9EA49F16E97A98FC.e.9456","ELEMENT":"f.63F842937ABE5650621AFC3910BCBB57.d.6F06DCCB1379CF6E9EA49F16E97A98FC.e.9456"}]}
COMMAND: GET /session/a414a6ae85a434897fa1c9da3096b959/screenshot - {}
RESULT: {}
RESULT: {"script":"<script> [8489 bytes]","args":[{"element-6066-11e4-a52e-4f735466cecf":"f.63F842937ABE5650621AFC3910BCBB57.d.6F06DCCB1379CF6E9EA49F16E97A98FC.e.9456","ELEMENT":"f.63F842937ABE5650621AFC3910BCBB57.d.6F06DCCB1379CF6E9EA49F16E97A98FC.e.9456"}]}
COMMAND: POST /session/a414a6ae85a434897fa1c9da3096b959/execute/sync - {"script":"<script> [5351 bytes]","args":[{"element-6066-11e4-a52e-4f735466cecf":"f.63F842937ABE5650621AFC3910BCBB57.d.6F06DCCB1379CF6E9EA49F16E97A98FC.e.9456","ELEMENT":"f.63F842937ABE5650621AFC3910BCBB57.d.6F06DCCB1379CF6E9EA49F16E97A98FC.e.9456"}]}
COMMAND: GET /session/a414a6ae85a434897fa1c9da3096b959/screenshot - {}
RESULT: {}
RESULT: {"script":"<script> [5351 bytes]","args":[{"element-6066-11e4-a52e-4f735466cecf":"f.63F842937ABE5650621AFC3910BCBB57.d.6F06DCCB1379CF6E9EA49F16E97A98FC.e.9456","ELEMENT":"f.63F842937ABE5650621AFC3910BCBB57.d.6F06DCCB1379CF6E9EA49F16E97A98FC.e.9456"}]}
COMMAND: POST /session/a414a6ae85a434897fa1c9da3096b959/element/f.63F842937ABE5650621AFC3910BCBB57.d.6F06DCCB1379CF6E9EA49F16E97A98FC.e.9456/click - {}
COMMAND: GET /session/a414a6ae85a434897fa1c9da3096b959/screenshot - {}
RESULT: {}
RESULT: {}
RESULT: {}
COMMAND: GET /session/a414a6ae85a434897fa1c9da3096b959/screenshot - {}
RESULT: {}
COMMAND: POST /session/a414a6ae85a434897fa1c9da3096b959/execute/async - {"script":"<script> [1562 bytes]","args":[{"selector":{"id":"application-manageresources-display-component---newResourceUnit--TYPE-arrow"},"wdio_ui5_key":"applicationmanageresources-display-component---newResourceUnit--TYPE-arrow"}]}
RESULT: {"script":"<script> [1562 bytes]","args":[{"selector":{"id":"application-manageresources-display-component---newResourceUnit--TYPE-arrow"},"wdio_ui5_key":"applicationmanageresources-display-component---newResourceUnit--TYPE-arrow"}]}
RESULT: undefined
COMMAND: POST /session/a414a6ae85a434897fa1c9da3096b959/element - {"using":"xpath","value":"//*[@id=\"application-manageresources-display-component---newResourceUnit--TYPE-arrow\"]"}
RESULT: {"using":"xpath","value":"//*[@id=\"application-manageresources-display-component---newResourceUnit--TYPE-arrow\"]"}
COMMAND: POST /session/a414a6ae85a434897fa1c9da3096b959/element/f.63F842937ABE5650621AFC3910BCBB57.d.6F06DCCB1379CF6E9EA49F16E97A98FC.e.9825/click - {}
RESULT: {}
COMMAND: POST /session/a414a6ae85a434897fa1c9da3096b959/element - {"using":"xpath","value":"//input[@id=\"application-manageresources-display-component---newResourceUnit--TYPE-inner\"]"}
COMMAND: GET /session/a414a6ae85a434897fa1c9da3096b959/screenshot - {}
RESULT: {"using":"xpath","value":"//input[@id=\"application-manageresources-display-component---newResourceUnit--TYPE-inner\"]"}
COMMAND: POST /session/a414a6ae85a434897fa1c9da3096b959/element/f.63F842937ABE5650621AFC3910BCBB57.d.6F06DCCB1379CF6E9EA49F16E97A98FC.e.9814/clear - {}
RESULT: {}
RESULT: {}
COMMAND: POST /session/a414a6ae85a434897fa1c9da3096b959/element/f.63F842937ABE5650621AFC3910BCBB57.d.6F06DCCB1379CF6E9EA49F16E97A98FC.e.9814/value - {"text":"Material"}
COMMAND: GET /session/a414a6ae85a434897fa1c9da3096b959/screenshot - {}
RESULT: {"text":"Material"}
COMMAND: GET /session/a414a6ae85a434897fa1c9da3096b959/screenshot - {}
RESULT: {}
RESULT: {}
COMMAND: POST /session/a414a6ae85a434897fa1c9da3096b959/actions - {"actions":[{"id":"action26","type":"key","parameters":{},"actions":[{"type":"keyDown","value":""},{"type":"pause","duration":10},{"type":"keyUp","value":""}]}]}
RESULT: {"actions":[{"id":"action26","type":"key","parameters":{},"actions":[{"type":"keyDown","value":""},{"type":"pause","duration":10},{"type":"keyUp","value":""}]}]}
COMMAND: POST /session/a414a6ae85a434897fa1c9da3096b959/execute/async - {"script":"<script> [1562 bytes]","args":[{"selector":{"id":"application-manageresources-display-component---newResourceUnit--SHORT_TEXT","interaction":{"idSuffix":"inner"}},"wdio_ui5_key":"applicationmanageresources-display-component---newResourceUnit--SHORT_TEXT"}]}
COMMAND: GET /session/a414a6ae85a434897fa1c9da3096b959/screenshot - {}
RESULT: {"script":"<script> [1562 bytes]","args":[{"selector":{"id":"application-manageresources-display-component---newResourceUnit--SHORT_TEXT","interaction":{"idSuffix":"inner"}},"wdio_ui5_key":"applicationmanageresources-display-component---newResourceUnit--SHORT_TEXT"}]}
RESULT: undefined
COMMAND: POST /session/a414a6ae85a434897fa1c9da3096b959/execute/async - {"script":"<script> [776 bytes]","args":[{"enterText":"Cement WDIO","selector":{"id":"application-manageresources-display-component---newResourceUnit--SHORT_TEXT","interaction":{"idSuffix":"inner"}},"clearTextFirst":true,"interactionType":"ENTER_TEXT"}]}
RESULT: {}
RESULT: {"script":"<script> [776 bytes]","args":[{"enterText":"Cement WDIO","selector":{"id":"application-manageresources-display-component---newResourceUnit--SHORT_TEXT","interaction":{"idSuffix":"inner"}},"clearTextFirst":true,"interactionType":"ENTER_TEXT"}]}
COMMAND: POST /session/a414a6ae85a434897fa1c9da3096b959/execute/async - {"script":"<script> [1562 bytes]","args":[{"selector":{"id":"application-manageresources-display-component---newResourceUnit--BASE_UNIT_OF_MEASURE","interaction":{"idSuffix":"inner"}},"wdio_ui5_key":"applicationmanageresources-display-component---newResourceUnit--BASE_UNIT_OF_MEASURE"}]}
RESULT: {"script":"<script> [1562 bytes]","args":[{"selector":{"id":"application-manageresources-display-component---newResourceUnit--BASE_UNIT_OF_MEASURE","interaction":{"idSuffix":"inner"}},"wdio_ui5_key":"applicationmanageresources-display-component---newResourceUnit--BASE_UNIT_OF_MEASURE"}]}
RESULT: undefined
COMMAND: POST /session/a414a6ae85a434897fa1c9da3096b959/execute/async - {"script":"<script> [776 bytes]","args":[{"enterText":"Piece","selector":{"id":"application-manageresources-display-component---newResourceUnit--BASE_UNIT_OF_MEASURE","interaction":{"idSuffix":"inner"}},"clearTextFirst":true,"interactionType":"ENTER_TEXT"}]}
RESULT: {"script":"<script> [776 bytes]","args":[{"enterText":"Piece","selector":{"id":"application-manageresources-display-component---newResourceUnit--BASE_UNIT_OF_MEASURE","interaction":{"idSuffix":"inner"}},"clearTextFirst":true,"interactionType":"ENTER_TEXT"}]}
COMMAND: POST /session/a414a6ae85a434897fa1c9da3096b959/execute/async - {"script":"<script> [1562 bytes]","args":[{"selector":{"id":"application-manageresources-display-component---newResourceUnit--WEIGHT_UNIT","interaction":{"idSuffix":"inner"}},"wdio_ui5_key":"applicationmanageresources-display-component---newResourceUnit--WEIGHT_UNIT"}]}
RESULT: {"script":"<script> [1562 bytes]","args":[{"selector":{"id":"application-manageresources-display-component---newResourceUnit--WEIGHT_UNIT","interaction":{"idSuffix":"inner"}},"wdio_ui5_key":"applicationmanageresources-display-component---newResourceUnit--WEIGHT_UNIT"}]}
RESULT: undefined
COMMAND: POST /session/a414a6ae85a434897fa1c9da3096b959/execute/async - {"script":"<script> [776 bytes]","args":[{"enterText":"Gram","selector":{"id":"application-manageresources-display-component---newResourceUnit--WEIGHT_UNIT","interaction":{"idSuffix":"inner"}},"clearTextFirst":true,"interactionType":"ENTER_TEXT"}]}
RESULT: {"script":"<script> [776 bytes]","args":[{"enterText":"Gram","selector":{"id":"application-manageresources-display-component---newResourceUnit--WEIGHT_UNIT","interaction":{"idSuffix":"inner"}},"clearTextFirst":true,"interactionType":"ENTER_TEXT"}]}
COMMAND: POST /session/a414a6ae85a434897fa1c9da3096b959/execute/async - {"script":"<script> [1562 bytes]","args":[{"selector":{"id":"application-manageresources-display-component---newResourceUnit--DIMENSION_UNIT","interaction":{"idSuffix":"inner"}},"wdio_ui5_key":"applicationmanageresources-display-component---newResourceUnit--DIMENSION_UNIT"}]}
RESULT: {"script":"<script> [1562 bytes]","args":[{"selector":{"id":"application-manageresources-display-component---newResourceUnit--DIMENSION_UNIT","interaction":{"idSuffix":"inner"}},"wdio_ui5_key":"applicationmanageresources-display-component---newResourceUnit--DIMENSION_UNIT"}]}
RESULT: undefined
COMMAND: POST /session/a414a6ae85a434897fa1c9da3096b959/execute/async - {"script":"<script> [776 bytes]","args":[{"enterText":"Meter","selector":{"id":"application-manageresources-display-component---newResourceUnit--DIMENSION_UNIT","interaction":{"idSuffix":"inner"}},"clearTextFirst":true,"interactionType":"ENTER_TEXT"}]}
RESULT: {"script":"<script> [776 bytes]","args":[{"enterText":"Meter","selector":{"id":"application-manageresources-display-component---newResourceUnit--DIMENSION_UNIT","interaction":{"idSuffix":"inner"}},"clearTextFirst":true,"interactionType":"ENTER_TEXT"}]}
COMMAND: POST /session/a414a6ae85a434897fa1c9da3096b959/execute/async - {"script":"<script> [1562 bytes]","args":[{"selector":{"id":"application-manageresources-display-component---newResourceUnit--newRRUPage-anchBar-application-manageresources-display-component---newResourceUnit--control-anchor","interaction":{"idSuffix":"BDI-content"}},"wdio_ui5_key":"applicationmanageresources-display-component---newResourceUnit--newRRUPage-anchBar-application-manageresources-display-component---newResourceUnit--control-anchor"}]}
RESULT: {"script":"<script> [1562 bytes]","args":[{"selector":{"id":"application-manageresources-display-component---newResourceUnit--newRRUPage-anchBar-application-manageresources-display-component---newResourceUnit--control-anchor","interaction":{"idSuffix":"BDI-content"}},"wdio_ui5_key":"applicationmanageresources-display-component---newResourceUnit--newRRUPage-anchBar-application-manageresources-display-component---newResourceUnit--control-anchor"}]}
RESULT: undefined
COMMAND: POST /session/a414a6ae85a434897fa1c9da3096b959/element - {"using":"xpath","value":"//*[@id=\"application-manageresources-display-component---newResourceUnit--newRRUPage-anchBar-application-manageresources-display-component---newResourceUnit--control-anchor\"]"}
RESULT: {"using":"xpath","value":"//*[@id=\"application-manageresources-display-component---newResourceUnit--newRRUPage-anchBar-application-manageresources-display-component---newResourceUnit--control-anchor\"]"}
COMMAND: POST /session/a414a6ae85a434897fa1c9da3096b959/element/f.63F842937ABE5650621AFC3910BCBB57.d.6F06DCCB1379CF6E9EA49F16E97A98FC.e.9956/click - {}
RESULT: {}
COMMAND: POST /session/a414a6ae85a434897fa1c9da3096b959/execute/async - {"script":"<script> [1562 bytes]","args":[{"selector":{"id":"application-manageresources-display-component---newResourceUnit--PLANNING_GROUP","interaction":{"idSuffix":"inner"}},"wdio_ui5_key":"applicationmanageresources-display-component---newResourceUnit--PLANNING_GROUP"}]}
COMMAND: GET /session/a414a6ae85a434897fa1c9da3096b959/screenshot - {}
RESULT: {"script":"<script> [1562 bytes]","args":[{"selector":{"id":"application-manageresources-display-component---newResourceUnit--PLANNING_GROUP","interaction":{"idSuffix":"inner"}},"wdio_ui5_key":"applicationmanageresources-display-component---newResourceUnit--PLANNING_GROUP"}]}
RESULT: undefined
COMMAND: POST /session/a414a6ae85a434897fa1c9da3096b959/execute/async - {"script":"<script> [776 bytes]","args":[{"enterText":"Material","selector":{"id":"application-manageresources-display-component---newResourceUnit--PLANNING_GROUP","interaction":{"idSuffix":"inner"}},"clearTextFirst":true,"interactionType":"ENTER_TEXT"}]}
RESULT: {}
RESULT: {"script":"<script> [776 bytes]","args":[{"enterText":"Material","selector":{"id":"application-manageresources-display-component---newResourceUnit--PLANNING_GROUP","interaction":{"idSuffix":"inner"}},"clearTextFirst":true,"interactionType":"ENTER_TEXT"}]}
COMMAND: POST /session/a414a6ae85a434897fa1c9da3096b959/execute/async - {"script":"<script> [1562 bytes]","args":[{"selector":{"id":"application-manageresources-display-component---newResourceUnit--PLANNING_INDICATOR","interaction":{"idSuffix":"inner"}},"wdio_ui5_key":"applicationmanageresources-display-component---newResourceUnit--PLANNING_INDICATOR"}]}
RESULT: {"script":"<script> [1562 bytes]","args":[{"selector":{"id":"application-manageresources-display-component---newResourceUnit--PLANNING_INDICATOR","interaction":{"idSuffix":"inner"}},"wdio_ui5_key":"applicationmanageresources-display-component---newResourceUnit--PLANNING_INDICATOR"}]}
RESULT: undefined
COMMAND: POST /session/a414a6ae85a434897fa1c9da3096b959/execute/async - {"script":"<script> [776 bytes]","args":[{"enterText":"10 - infinite","selector":{"id":"application-manageresources-display-component---newResourceUnit--PLANNING_INDICATOR","interaction":{"idSuffix":"inner"}},"clearTextFirst":true,"interactionType":"ENTER_TEXT"}]}
RESULT: {"script":"<script> [776 bytes]","args":[{"enterText":"10 - infinite","selector":{"id":"application-manageresources-display-component---newResourceUnit--PLANNING_INDICATOR","interaction":{"idSuffix":"inner"}},"clearTextFirst":true,"interactionType":"ENTER_TEXT"}]}
COMMAND: POST /session/a414a6ae85a434897fa1c9da3096b959/element - {"using":"css selector","value":"#application-manageresources-display-component---newResourceUnit--btnAddTimeSegment"}
RESULT: {"using":"css selector","value":"#application-manageresources-display-component---newResourceUnit--btnAddTimeSegment"}
COMMAND: GET /session/a414a6ae85a434897fa1c9da3096b959/element/f.63F842937ABE5650621AFC3910BCBB57.d.6F06DCCB1379CF6E9EA49F16E97A98FC.e.9964/rect - {}
RESULT: {}
COMMAND: GET /session/a414a6ae85a434897fa1c9da3096b959/window/rect - {}
RESULT: {}
COMMAND: POST /session/a414a6ae85a434897fa1c9da3096b959/execute/sync - {"script":"<script> [92 bytes]","args":[]}
RESULT: {"script":"<script> [92 bytes]","args":[]}
COMMAND: POST /session/a414a6ae85a434897fa1c9da3096b959/actions - {"actions":[{"id":"action27","type":"wheel","parameters":{},"actions":[{"type":"scroll","x":-1888,"y":-32,"deltaX":0,"deltaY":0,"duration":0,"origin":{"element-6066-11e4-a52e-4f735466cecf":"f.63F842937ABE5650621AFC3910BCBB57.d.6F06DCCB1379CF6E9EA49F16E97A98FC.e.9964"}}]}]}
COMMAND: GET /session/a414a6ae85a434897fa1c9da3096b959/screenshot - {}
RESULT: {}
COMMAND: POST /session/a414a6ae85a434897fa1c9da3096b959/execute/sync - {"script":"<script> [79 bytes]","args":[{"element-6066-11e4-a52e-4f735466cecf":"f.63F842937ABE5650621AFC3910BCBB57.d.6F06DCCB1379CF6E9EA49F16E97A98FC.e.9964","ELEMENT":"f.63F842937ABE5650621AFC3910BCBB57.d.6F06DCCB1379CF6E9EA49F16E97A98FC.e.9964"},{"block":"start","inline":"nearest"}]}
RESULT: {"script":"<script> [79 bytes]","args":[{"element-6066-11e4-a52e-4f735466cecf":"f.63F842937ABE5650621AFC3910BCBB57.d.6F06DCCB1379CF6E9EA49F16E97A98FC.e.9964","ELEMENT":"f.63F842937ABE5650621AFC3910BCBB57.d.6F06DCCB1379CF6E9EA49F16E97A98FC.e.9964"},{"block":"start","inline":"nearest"}]}
COMMAND: POST /session/a414a6ae85a434897fa1c9da3096b959/execute/async - {"script":"<script> [1562 bytes]","args":[{"selector":{"id":"application-manageresources-display-component---newResourceUnit--btnAddTimeSegment","interaction":{"idSuffix":"inner"}},"wdio_ui5_key":"applicationmanageresources-display-component---newResourceUnit--btnAddTimeSegment"}]}
COMMAND: GET /session/a414a6ae85a434897fa1c9da3096b959/screenshot - {}
RESULT: {"script":"<script> [1562 bytes]","args":[{"selector":{"id":"application-manageresources-display-component---newResourceUnit--btnAddTimeSegment","interaction":{"idSuffix":"inner"}},"wdio_ui5_key":"applicationmanageresources-display-component---newResourceUnit--btnAddTimeSegment"}]}
RESULT: undefined
COMMAND: POST /session/a414a6ae85a434897fa1c9da3096b959/element - {"using":"xpath","value":"//*[@id=\"application-manageresources-display-component---newResourceUnit--btnAddTimeSegment\"]"}
RESULT: {}
RESULT: {"using":"xpath","value":"//*[@id=\"application-manageresources-display-component---newResourceUnit--btnAddTimeSegment\"]"}
COMMAND: POST /session/a414a6ae85a434897fa1c9da3096b959/element/f.63F842937ABE5650621AFC3910BCBB57.d.6F06DCCB1379CF6E9EA49F16E97A98FC.e.9964/click - {}
RESULT: {}
COMMAND: GET /session/a414a6ae85a434897fa1c9da3096b959/screenshot - {}
RESULT: {}
COMMAND: POST /session/a414a6ae85a434897fa1c9da3096b959/element - {"using":"xpath","value":"//input[@id=\"application-manageresources-display-component---newResourceUnit--idRuTSAdmin-application-manageresources-display-component---newResourceUnit--RUTimeSegment-0-inner\"]"}
RESULT: {"using":"xpath","value":"//input[@id=\"application-manageresources-display-component---newResourceUnit--idRuTSAdmin-application-manageresources-display-component---newResourceUnit--RUTimeSegment-0-inner\"]"}
COMMAND: POST /session/a414a6ae85a434897fa1c9da3096b959/element/f.63F842937ABE5650621AFC3910BCBB57.d.6F06DCCB1379CF6E9EA49F16E97A98FC.e.9969/clear - {}
RESULT: {}
COMMAND: POST /session/a414a6ae85a434897fa1c9da3096b959/element/f.63F842937ABE5650621AFC3910BCBB57.d.6F06DCCB1379CF6E9EA49F16E97A98FC.e.9969/value - {"text":"502"}
COMMAND: GET /session/a414a6ae85a434897fa1c9da3096b959/screenshot - {}
RESULT: {"text":"502"}
COMMAND: GET /session/a414a6ae85a434897fa1c9da3096b959/screenshot - {}
RESULT: {}
RESULT: {}
COMMAND: POST /session/a414a6ae85a434897fa1c9da3096b959/element - {"using":"xpath","value":"//li[.//span[text()='502']]"}
RESULT: {"using":"xpath","value":"//li[.//span[text()='502']]"}
COMMAND: POST /session/a414a6ae85a434897fa1c9da3096b959/element/f.63F842937ABE5650621AFC3910BCBB57.d.6F06DCCB1379CF6E9EA49F16E97A98FC.e.9979/click - {}
RESULT: {}
COMMAND: GET /session/a414a6ae85a434897fa1c9da3096b959/screenshot - {}
RESULT: {}
COMMAND: POST /session/a414a6ae85a434897fa1c9da3096b959/element - {"using":"xpath","value":"(//span[contains(@id, \"-application-manageresources-display-component---newResourceUnit--RUTimeSegment-0-arrow\")])[2]"}
RESULT: {"using":"xpath","value":"(//span[contains(@id, \"-application-manageresources-display-component---newResourceUnit--RUTimeSegment-0-arrow\")])[2]"}
COMMAND: POST /session/a414a6ae85a434897fa1c9da3096b959/element/f.63F842937ABE5650621AFC3910BCBB57.d.6F06DCCB1379CF6E9EA49F16E97A98FC.e.9980/click - {}
RESULT: {}
COMMAND: POST /session/a414a6ae85a434897fa1c9da3096b959/element - {"using":"xpath","value":"//span[contains(text(), \"PM Order\")]"}
COMMAND: GET /session/a414a6ae85a434897fa1c9da3096b959/screenshot - {}
RESULT: {"using":"xpath","value":"//span[contains(text(), \"PM Order\")]"}
COMMAND: POST /session/a414a6ae85a434897fa1c9da3096b959/element/f.63F842937ABE5650621AFC3910BCBB57.d.6F06DCCB1379CF6E9EA49F16E97A98FC.e.9981/click - {}
RESULT: {}
RESULT: {}
COMMAND: GET /session/a414a6ae85a434897fa1c9da3096b959/screenshot - {}
RESULT: {}
COMMAND: POST /session/a414a6ae85a434897fa1c9da3096b959/element - {"using":"xpath","value":"//td/div/div/div/span[contains(@id, \"newResourceUnit--RUTimeSegment-0-vhi\")][1]"}
RESULT: {"using":"xpath","value":"//td/div/div/div/span[contains(@id, \"newResourceUnit--RUTimeSegment-0-vhi\")][1]"}
COMMAND: GET /session/a414a6ae85a434897fa1c9da3096b959/element/f.63F842937ABE5650621AFC3910BCBB57.d.6F06DCCB1379CF6E9EA49F16E97A98FC.e.9985/rect - {}
RESULT: {}
COMMAND: GET /session/a414a6ae85a434897fa1c9da3096b959/window/rect - {}
RESULT: {}
COMMAND: POST /session/a414a6ae85a434897fa1c9da3096b959/execute/sync - {"script":"<script> [92 bytes]","args":[]}
RESULT: {"script":"<script> [92 bytes]","args":[]}
COMMAND: POST /session/a414a6ae85a434897fa1c9da3096b959/actions - {"actions":[{"id":"action28","type":"wheel","parameters":{},"actions":[{"type":"scroll","x":-1888,"y":-24,"deltaX":0,"deltaY":0,"duration":0,"origin":{"element-6066-11e4-a52e-4f735466cecf":"f.63F842937ABE5650621AFC3910BCBB57.d.6F06DCCB1379CF6E9EA49F16E97A98FC.e.9985"}}]}]}
COMMAND: GET /session/a414a6ae85a434897fa1c9da3096b959/screenshot - {}
RESULT: {}
COMMAND: POST /session/a414a6ae85a434897fa1c9da3096b959/execute/sync - {"script":"<script> [79 bytes]","args":[{"element-6066-11e4-a52e-4f735466cecf":"f.63F842937ABE5650621AFC3910BCBB57.d.6F06DCCB1379CF6E9EA49F16E97A98FC.e.9985","ELEMENT":"f.63F842937ABE5650621AFC3910BCBB57.d.6F06DCCB1379CF6E9EA49F16E97A98FC.e.9985"},{"block":"start","inline":"nearest"}]}
RESULT: {"script":"<script> [79 bytes]","args":[{"element-6066-11e4-a52e-4f735466cecf":"f.63F842937ABE5650621AFC3910BCBB57.d.6F06DCCB1379CF6E9EA49F16E97A98FC.e.9985","ELEMENT":"f.63F842937ABE5650621AFC3910BCBB57.d.6F06DCCB1379CF6E9EA49F16E97A98FC.e.9985"},{"block":"start","inline":"nearest"}]}
COMMAND: GET /session/a414a6ae85a434897fa1c9da3096b959/screenshot - {}
RESULT: {}
COMMAND: POST /session/a414a6ae85a434897fa1c9da3096b959/element/f.63F842937ABE5650621AFC3910BCBB57.d.6F06DCCB1379CF6E9EA49F16E97A98FC.e.9985/click - {}
RESULT: {}
COMMAND: GET /session/a414a6ae85a434897fa1c9da3096b959/screenshot - {}
RESULT: {}
COMMAND: POST /session/a414a6ae85a434897fa1c9da3096b959/execute/async - {"script":"<script> [1562 bytes]","args":[{"selector":{"controlType":"sap.m.SearchField","properties":{"placeholder":"Search"},"searchOpenDialogs":true,"interaction":{"idSuffix":"I"}},"wdio_ui5_key":"sapm.SearchField{\"placeholder\":\"Search\"}"}]}
RESULT: {"script":"<script> [1562 bytes]","args":[{"selector":{"controlType":"sap.m.SearchField","properties":{"placeholder":"Search"},"searchOpenDialogs":true,"interaction":{"idSuffix":"I"}},"wdio_ui5_key":"sapm.SearchField{\"placeholder\":\"Search\"}"}]}
RESULT: undefined
COMMAND: POST /session/a414a6ae85a434897fa1c9da3096b959/execute/async - {"script":"<script> [776 bytes]","args":[{"enterText":"4000360","selector":{"controlType":"sap.m.SearchField","properties":{"placeholder":"Search"},"searchOpenDialogs":true,"interaction":{"idSuffix":"I"}},"clearTextFirst":true,"interactionType":"ENTER_TEXT"}]}
RESULT: {"script":"<script> [776 bytes]","args":[{"enterText":"4000360","selector":{"controlType":"sap.m.SearchField","properties":{"placeholder":"Search"},"searchOpenDialogs":true,"interaction":{"idSuffix":"I"}},"clearTextFirst":true,"interactionType":"ENTER_TEXT"}]}
COMMAND: POST /session/a414a6ae85a434897fa1c9da3096b959/actions - {"actions":[{"id":"action29","type":"key","parameters":{},"actions":[{"type":"keyDown","value":""},{"type":"pause","duration":10},{"type":"keyUp","value":""}]}]}
RESULT: {"actions":[{"id":"action29","type":"key","parameters":{},"actions":[{"type":"keyDown","value":""},{"type":"pause","duration":10},{"type":"keyUp","value":""}]}]}
COMMAND: GET /session/a414a6ae85a434897fa1c9da3096b959/screenshot - {}
RESULT: {}
COMMAND: POST /session/a414a6ae85a434897fa1c9da3096b959/element - {"using":"xpath","value":"//td/div/span[contains(text(), \"BGL Vehicles\")]"}
RESULT: {"using":"xpath","value":"//td/div/span[contains(text(), \"BGL Vehicles\")]"}
COMMAND: POST /session/a414a6ae85a434897fa1c9da3096b959/element/f.63F842937ABE5650621AFC3910BCBB57.d.6F06DCCB1379CF6E9EA49F16E97A98FC.e.10008/click - {}
RESULT: {}
COMMAND: GET /session/a414a6ae85a434897fa1c9da3096b959/screenshot - {}
RESULT: {}
COMMAND: POST /session/a414a6ae85a434897fa1c9da3096b959/element - {"using":"xpath","value":"//bdi[contains(text(), \"OK\")]"}
RESULT: {"using":"xpath","value":"//bdi[contains(text(), \"OK\")]"}
COMMAND: POST /session/a414a6ae85a434897fa1c9da3096b959/element/f.63F842937ABE5650621AFC3910BCBB57.d.6F06DCCB1379CF6E9EA49F16E97A98FC.e.10009/click - {}
RESULT: {}
COMMAND: GET /session/a414a6ae85a434897fa1c9da3096b959/screenshot - {}
RESULT: {}
COMMAND: POST /session/a414a6ae85a434897fa1c9da3096b959/element - {"using":"xpath","value":"//label[contains(@class, 'sapMLabelRequired') and .//bdi[contains(text(), 'Planned Retirement')]]"}
RESULT: {"using":"xpath","value":"//label[contains(@class, 'sapMLabelRequired') and .//bdi[contains(text(), 'Planned Retirement')]]"}
COMMAND: POST /session/a414a6ae85a434897fa1c9da3096b959/elements - {"using":"xpath","value":"//label[contains(@class, 'sapMLabelRequired') and .//bdi[contains(text(), 'Planned Retirement')]]"}
RESULT: {"using":"xpath","value":"//label[contains(@class, 'sapMLabelRequired') and .//bdi[contains(text(), 'Planned Retirement')]]"}
COMMAND: POST /session/a414a6ae85a434897fa1c9da3096b959/element - {"using":"xpath","value":"//button[@data-kt=\"resourceUnitSaveButton\"]"}
RESULT: {"using":"xpath","value":"//button[@data-kt=\"resourceUnitSaveButton\"]"}
COMMAND: POST /session/a414a6ae85a434897fa1c9da3096b959/element/f.63F842937ABE5650621AFC3910BCBB57.d.6F06DCCB1379CF6E9EA49F16E97A98FC.e.9842/click - {}
RESULT: {}
COMMAND: GET /session/a414a6ae85a434897fa1c9da3096b959/screenshot - {}
RESULT: {}
COMMAND: POST /session/a414a6ae85a434897fa1c9da3096b959/element - {"using":"xpath","value":"//bdi[contains(text(), \"Close\")]"}
RESULT: {"using":"xpath","value":"//bdi[contains(text(), \"Close\")]"}
COMMAND: POST /session/a414a6ae85a434897fa1c9da3096b959/element/f.63F842937ABE5650621AFC3910BCBB57.d.6F06DCCB1379CF6E9EA49F16E97A98FC.e.10015/click - {}
RESULT: {}
COMMAND: GET /session/a414a6ae85a434897fa1c9da3096b959/screenshot - {}
RESULT: {}
COMMAND: POST /session/a414a6ae85a434897fa1c9da3096b959/element - {"using":"xpath","value":"//header[contains(@id, 'detailRruPage-headerTitle')]/div[1]/div[2]/div[2]/span[1]"}
RESULT: {"using":"xpath","value":"//header[contains(@id, 'detailRruPage-headerTitle')]/div[1]/div[2]/div[2]/span[1]"}
COMMAND: POST /session/a414a6ae85a434897fa1c9da3096b959/elements - {"using":"xpath","value":"//header[contains(@id, 'detailRruPage-headerTitle')]/div[1]/div[2]/div[2]/span[1]"}
RESULT: {"using":"xpath","value":"//header[contains(@id, 'detailRruPage-headerTitle')]/div[1]/div[2]/div[2]/span[1]"}
COMMAND: POST /session/a414a6ae85a434897fa1c9da3096b959/execute/sync - {"script":"<script> [56 bytes]","args":[{"element-6066-11e4-a52e-4f735466cecf":"f.63F842937ABE5650621AFC3910BCBB57.d.6F06DCCB1379CF6E9EA49F16E97A98FC.e.10050","ELEMENT":"f.63F842937ABE5650621AFC3910BCBB57.d.6F06DCCB1379CF6E9EA49F16E97A98FC.e.10050"}]}
RESULT: {"script":"<script> [56 bytes]","args":[{"element-6066-11e4-a52e-4f735466cecf":"f.63F842937ABE5650621AFC3910BCBB57.d.6F06DCCB1379CF6E9EA49F16E97A98FC.e.10050","ELEMENT":"f.63F842937ABE5650621AFC3910BCBB57.d.6F06DCCB1379CF6E9EA49F16E97A98FC.e.10050"}]}
COMMAND: POST /session/a414a6ae85a434897fa1c9da3096b959/element - {"using":"css selector","value":"#shell-header-logo"}
COMMAND: GET /session/a414a6ae85a434897fa1c9da3096b959/screenshot - {}
RESULT: {"using":"css selector","value":"#shell-header-logo"}
COMMAND: POST /session/a414a6ae85a434897fa1c9da3096b959/element/f.63F842937ABE5650621AFC3910BCBB57.d.6F06DCCB1379CF6E9EA49F16E97A98FC.e.9312/click - {}
RESULT: {}
RESULT: {}
COMMAND: GET /session/a414a6ae85a434897fa1c9da3096b959/screenshot - {}
RESULT: {}
]]></system-out>
    </testcase>
  </testsuite>
  <testsuite timestamp="2025-05-30T17:06:01" time="287.326" tests="6" failures="4" errors="4" skipped="0">
    <properties>
      <property name="specId" value="0"/>
      <property name="suiteName" value="Provide to Site w/o warehouse management w/o clarification"/>
      <property name="capabilities" value="chrome.136_0_7103_93.windows"/>
      <property name="file" value="file:///D:/a/1/s/test/specs/HTR/provide-to-site-wo-warehouse-wo-clarification.spec.js"/>
    </properties>
    <testcase classname="chrome.136_0_7103_93.windows.Provide_to_Site_w/o_warehouse_management_w/o_clarification" name="Should do a stock increase handover" time="92.206">
      <failure/>
      <error message="Can't call click on element with selector &quot;//li[.//span[contains(text(),'502 -')]]&quot; because element wasn't found"/>
      <system-out><![CDATA[
COMMAND: POST /session/a414a6ae85a434897fa1c9da3096b959/execute/async - {"script":"<script> [1562 bytes]","args":[{"selector":{"controlType":"sap.m.GenericTile","properties":{"header":"Manage Handovers"}},"wdio_ui5_key":"sapm.GenericTile{\"header\":\"Manage Handovers\"}"}]}
RESULT: {"script":"<script> [1562 bytes]","args":[{"selector":{"controlType":"sap.m.GenericTile","properties":{"header":"Manage Handovers"}},"wdio_ui5_key":"sapm.GenericTile{\"header\":\"Manage Handovers\"}"}]}
RESULT: undefined
COMMAND: POST /session/a414a6ae85a434897fa1c9da3096b959/element - {"using":"xpath","value":"//*[@id=\"__tile133\"]"}
RESULT: {"using":"xpath","value":"//*[@id=\"__tile133\"]"}
COMMAND: POST /session/a414a6ae85a434897fa1c9da3096b959/element/f.63F842937ABE5650621AFC3910BCBB57.d.6F06DCCB1379CF6E9EA49F16E97A98FC.e.9358/click - {}
RESULT: {}
COMMAND: GET /session/a414a6ae85a434897fa1c9da3096b959/screenshot - {}
RESULT: {}
COMMAND: POST /session/a414a6ae85a434897fa1c9da3096b959/elements - {"using":"xpath","value":"//span[text()='Error']"}
RESULT: {"using":"xpath","value":"//span[text()='Error']"}
COMMAND: POST /session/a414a6ae85a434897fa1c9da3096b959/element - {"using":"xpath","value":"//button[@data-kt=\"masterHOAddButton\"]"}
RESULT: {"using":"xpath","value":"//button[@data-kt=\"masterHOAddButton\"]"}
COMMAND: POST /session/a414a6ae85a434897fa1c9da3096b959/elements - {"using":"xpath","value":"//button[@data-kt=\"masterHOAddButton\"]"}
RESULT: {"using":"xpath","value":"//button[@data-kt=\"masterHOAddButton\"]"}
COMMAND: POST /session/a414a6ae85a434897fa1c9da3096b959/execute/sync - {"script":"<script> [8489 bytes]","args":[{"element-6066-11e4-a52e-4f735466cecf":"f.63F842937ABE5650621AFC3910BCBB57.d.6F06DCCB1379CF6E9EA49F16E97A98FC.e.10090","ELEMENT":"f.63F842937ABE5650621AFC3910BCBB57.d.6F06DCCB1379CF6E9EA49F16E97A98FC.e.10090"}]}
RESULT: {"script":"<script> [8489 bytes]","args":[{"element-6066-11e4-a52e-4f735466cecf":"f.63F842937ABE5650621AFC3910BCBB57.d.6F06DCCB1379CF6E9EA49F16E97A98FC.e.10090","ELEMENT":"f.63F842937ABE5650621AFC3910BCBB57.d.6F06DCCB1379CF6E9EA49F16E97A98FC.e.10090"}]}
COMMAND: GET /session/a414a6ae85a434897fa1c9da3096b959/element/f.63F842937ABE5650621AFC3910BCBB57.d.6F06DCCB1379CF6E9EA49F16E97A98FC.e.10090/enabled - {}
COMMAND: GET /session/a414a6ae85a434897fa1c9da3096b959/screenshot - {}
RESULT: {}
COMMAND: POST /session/a414a6ae85a434897fa1c9da3096b959/execute/sync - {"script":"<script> [8489 bytes]","args":[{"element-6066-11e4-a52e-4f735466cecf":"f.63F842937ABE5650621AFC3910BCBB57.d.6F06DCCB1379CF6E9EA49F16E97A98FC.e.10090","ELEMENT":"f.63F842937ABE5650621AFC3910BCBB57.d.6F06DCCB1379CF6E9EA49F16E97A98FC.e.10090"}]}
COMMAND: GET /session/a414a6ae85a434897fa1c9da3096b959/screenshot - {}
RESULT: {}
RESULT: {"script":"<script> [8489 bytes]","args":[{"element-6066-11e4-a52e-4f735466cecf":"f.63F842937ABE5650621AFC3910BCBB57.d.6F06DCCB1379CF6E9EA49F16E97A98FC.e.10090","ELEMENT":"f.63F842937ABE5650621AFC3910BCBB57.d.6F06DCCB1379CF6E9EA49F16E97A98FC.e.10090"}]}
COMMAND: POST /session/a414a6ae85a434897fa1c9da3096b959/execute/sync - {"script":"<script> [5351 bytes]","args":[{"element-6066-11e4-a52e-4f735466cecf":"f.63F842937ABE5650621AFC3910BCBB57.d.6F06DCCB1379CF6E9EA49F16E97A98FC.e.10090","ELEMENT":"f.63F842937ABE5650621AFC3910BCBB57.d.6F06DCCB1379CF6E9EA49F16E97A98FC.e.10090"}]}
COMMAND: GET /session/a414a6ae85a434897fa1c9da3096b959/screenshot - {}
RESULT: {}
RESULT: {"script":"<script> [5351 bytes]","args":[{"element-6066-11e4-a52e-4f735466cecf":"f.63F842937ABE5650621AFC3910BCBB57.d.6F06DCCB1379CF6E9EA49F16E97A98FC.e.10090","ELEMENT":"f.63F842937ABE5650621AFC3910BCBB57.d.6F06DCCB1379CF6E9EA49F16E97A98FC.e.10090"}]}
COMMAND: POST /session/a414a6ae85a434897fa1c9da3096b959/element/f.63F842937ABE5650621AFC3910BCBB57.d.6F06DCCB1379CF6E9EA49F16E97A98FC.e.10090/click - {}
COMMAND: GET /session/a414a6ae85a434897fa1c9da3096b959/screenshot - {}
RESULT: {}
RESULT: {}
COMMAND: GET /session/a414a6ae85a434897fa1c9da3096b959/screenshot - {}
COMMAND: POST /session/a414a6ae85a434897fa1c9da3096b959/element - {"using":"xpath","value":"//span[contains(@id ,\"AddNewHO--typeSelect-arrow\")]"}
RESULT: {}
RESULT: {}
RESULT: {"using":"xpath","value":"//span[contains(@id ,\"AddNewHO--typeSelect-arrow\")]"}
COMMAND: POST /session/a414a6ae85a434897fa1c9da3096b959/element/f.63F842937ABE5650621AFC3910BCBB57.d.6F06DCCB1379CF6E9EA49F16E97A98FC.e.10429/click - {}
RESULT: {}
COMMAND: GET /session/a414a6ae85a434897fa1c9da3096b959/screenshot - {}
RESULT: {}
COMMAND: POST /session/a414a6ae85a434897fa1c9da3096b959/element - {"using":"xpath","value":"(//li[contains(text(), \"stock increase yard\")])[1]"}
RESULT: {"using":"xpath","value":"(//li[contains(text(), \"stock increase yard\")])[1]"}
COMMAND: POST /session/a414a6ae85a434897fa1c9da3096b959/element/f.63F842937ABE5650621AFC3910BCBB57.d.6F06DCCB1379CF6E9EA49F16E97A98FC.e.10430/click - {}
RESULT: {}
COMMAND: GET /session/a414a6ae85a434897fa1c9da3096b959/screenshot - {}
RESULT: {}
COMMAND: POST /session/a414a6ae85a434897fa1c9da3096b959/execute/async - {"script":"<script> [1562 bytes]","args":[{"selector":{"id":"application-managehandovers-display-component---AddNewHO--dueDate","interaction":{"idSuffix":"inner"}},"wdio_ui5_key":"applicationmanagehandovers-display-component---AddNewHO--dueDate"}]}
RESULT: {"script":"<script> [1562 bytes]","args":[{"selector":{"id":"application-managehandovers-display-component---AddNewHO--dueDate","interaction":{"idSuffix":"inner"}},"wdio_ui5_key":"applicationmanagehandovers-display-component---AddNewHO--dueDate"}]}
RESULT: undefined
COMMAND: POST /session/a414a6ae85a434897fa1c9da3096b959/execute/async - {"script":"<script> [6424 bytes]","args":[{"element-6066-11e4-a52e-4f735466cecf":"f.63F842937ABE5650621AFC3910BCBB57.d.6F06DCCB1379CF6E9EA49F16E97A98FC.e.10432"},"setValue",["5/30/25"]]}
RESULT: {"script":"<script> [6424 bytes]","args":[{"element-6066-11e4-a52e-4f735466cecf":"f.63F842937ABE5650621AFC3910BCBB57.d.6F06DCCB1379CF6E9EA49F16E97A98FC.e.10432"},"setValue",["5/30/25"]]}
COMMAND: POST /session/a414a6ae85a434897fa1c9da3096b959/element - {"using":"xpath","value":"//input[@id=\"generalSectionFrg--receiveYard-inner\"]"}
RESULT: {"using":"xpath","value":"//input[@id=\"generalSectionFrg--receiveYard-inner\"]"}
COMMAND: POST /session/a414a6ae85a434897fa1c9da3096b959/element/f.63F842937ABE5650621AFC3910BCBB57.d.6F06DCCB1379CF6E9EA49F16E97A98FC.e.10438/clear - {}
RESULT: {}
COMMAND: POST /session/a414a6ae85a434897fa1c9da3096b959/element/f.63F842937ABE5650621AFC3910BCBB57.d.6F06DCCB1379CF6E9EA49F16E97A98FC.e.10438/value - {"text":"502"}
COMMAND: GET /session/a414a6ae85a434897fa1c9da3096b959/screenshot - {}
RESULT: {"text":"502"}
COMMAND: GET /session/a414a6ae85a434897fa1c9da3096b959/screenshot - {}
RESULT: {}
RESULT: {}
COMMAND: POST /session/a414a6ae85a434897fa1c9da3096b959/element - {"using":"xpath","value":"//li[.//span[contains(text(),'502 -')]]"}
RESULT: {"using":"xpath","value":"//li[.//span[contains(text(),'502 -')]]"}
COMMAND: POST /session/a414a6ae85a434897fa1c9da3096b959/elements - {"using":"xpath","value":"//li[.//span[contains(text(),'502 -')]]"}
RESULT: {"using":"xpath","value":"//li[.//span[contains(text(),'502 -')]]"}
COMMAND: POST /session/a414a6ae85a434897fa1c9da3096b959/elements - {"using":"xpath","value":"//li[.//span[contains(text(),'502 -')]]"}
RESULT: {"using":"xpath","value":"//li[.//span[contains(text(),'502 -')]]"}
COMMAND: POST /session/a414a6ae85a434897fa1c9da3096b959/elements - {"using":"xpath","value":"//li[.//span[contains(text(),'502 -')]]"}
RESULT: {"using":"xpath","value":"//li[.//span[contains(text(),'502 -')]]"}
COMMAND: POST /session/a414a6ae85a434897fa1c9da3096b959/elements - {"using":"xpath","value":"//li[.//span[contains(text(),'502 -')]]"}
RESULT: {"using":"xpath","value":"//li[.//span[contains(text(),'502 -')]]"}
COMMAND: POST /session/a414a6ae85a434897fa1c9da3096b959/elements - {"using":"xpath","value":"//li[.//span[contains(text(),'502 -')]]"}
RESULT: {"using":"xpath","value":"//li[.//span[contains(text(),'502 -')]]"}
COMMAND: POST /session/a414a6ae85a434897fa1c9da3096b959/elements - {"using":"xpath","value":"//li[.//span[contains(text(),'502 -')]]"}
RESULT: {"using":"xpath","value":"//li[.//span[contains(text(),'502 -')]]"}
COMMAND: POST /session/a414a6ae85a434897fa1c9da3096b959/elements - {"using":"xpath","value":"//li[.//span[contains(text(),'502 -')]]"}
RESULT: {"using":"xpath","value":"//li[.//span[contains(text(),'502 -')]]"}
COMMAND: POST /session/a414a6ae85a434897fa1c9da3096b959/elements - {"using":"xpath","value":"//li[.//span[contains(text(),'502 -')]]"}
RESULT: {"using":"xpath","value":"//li[.//span[contains(text(),'502 -')]]"}
COMMAND: POST /session/a414a6ae85a434897fa1c9da3096b959/elements - {"using":"xpath","value":"//li[.//span[contains(text(),'502 -')]]"}
RESULT: {"using":"xpath","value":"//li[.//span[contains(text(),'502 -')]]"}
COMMAND: POST /session/a414a6ae85a434897fa1c9da3096b959/elements - {"using":"xpath","value":"//li[.//span[contains(text(),'502 -')]]"}
RESULT: {"using":"xpath","value":"//li[.//span[contains(text(),'502 -')]]"}
COMMAND: POST /session/a414a6ae85a434897fa1c9da3096b959/elements - {"using":"xpath","value":"//li[.//span[contains(text(),'502 -')]]"}
RESULT: {"using":"xpath","value":"//li[.//span[contains(text(),'502 -')]]"}
COMMAND: POST /session/a414a6ae85a434897fa1c9da3096b959/elements - {"using":"xpath","value":"//li[.//span[contains(text(),'502 -')]]"}
RESULT: {"using":"xpath","value":"//li[.//span[contains(text(),'502 -')]]"}
COMMAND: POST /session/a414a6ae85a434897fa1c9da3096b959/elements - {"using":"xpath","value":"//li[.//span[contains(text(),'502 -')]]"}
RESULT: {"using":"xpath","value":"//li[.//span[contains(text(),'502 -')]]"}
COMMAND: POST /session/a414a6ae85a434897fa1c9da3096b959/elements - {"using":"xpath","value":"//li[.//span[contains(text(),'502 -')]]"}
RESULT: {"using":"xpath","value":"//li[.//span[contains(text(),'502 -')]]"}
COMMAND: POST /session/a414a6ae85a434897fa1c9da3096b959/elements - {"using":"xpath","value":"//li[.//span[contains(text(),'502 -')]]"}
RESULT: {"using":"xpath","value":"//li[.//span[contains(text(),'502 -')]]"}
COMMAND: POST /session/a414a6ae85a434897fa1c9da3096b959/elements - {"using":"xpath","value":"//li[.//span[contains(text(),'502 -')]]"}
RESULT: {"using":"xpath","value":"//li[.//span[contains(text(),'502 -')]]"}
COMMAND: POST /session/a414a6ae85a434897fa1c9da3096b959/elements - {"using":"xpath","value":"//li[.//span[contains(text(),'502 -')]]"}
RESULT: {"using":"xpath","value":"//li[.//span[contains(text(),'502 -')]]"}
COMMAND: POST /session/a414a6ae85a434897fa1c9da3096b959/elements - {"using":"xpath","value":"//li[.//span[contains(text(),'502 -')]]"}
RESULT: {"using":"xpath","value":"//li[.//span[contains(text(),'502 -')]]"}
COMMAND: POST /session/a414a6ae85a434897fa1c9da3096b959/elements - {"using":"xpath","value":"//li[.//span[contains(text(),'502 -')]]"}
RESULT: {"using":"xpath","value":"//li[.//span[contains(text(),'502 -')]]"}
COMMAND: POST /session/a414a6ae85a434897fa1c9da3096b959/elements - {"using":"xpath","value":"//li[.//span[contains(text(),'502 -')]]"}
RESULT: {"using":"xpath","value":"//li[.//span[contains(text(),'502 -')]]"}
COMMAND: POST /session/a414a6ae85a434897fa1c9da3096b959/elements - {"using":"xpath","value":"//li[.//span[contains(text(),'502 -')]]"}
RESULT: {"using":"xpath","value":"//li[.//span[contains(text(),'502 -')]]"}
COMMAND: POST /session/a414a6ae85a434897fa1c9da3096b959/elements - {"using":"xpath","value":"//li[.//span[contains(text(),'502 -')]]"}
RESULT: {"using":"xpath","value":"//li[.//span[contains(text(),'502 -')]]"}
COMMAND: POST /session/a414a6ae85a434897fa1c9da3096b959/elements - {"using":"xpath","value":"//li[.//span[contains(text(),'502 -')]]"}
RESULT: {"using":"xpath","value":"//li[.//span[contains(text(),'502 -')]]"}
COMMAND: POST /session/a414a6ae85a434897fa1c9da3096b959/elements - {"using":"xpath","value":"//li[.//span[contains(text(),'502 -')]]"}
RESULT: {"using":"xpath","value":"//li[.//span[contains(text(),'502 -')]]"}
COMMAND: POST /session/a414a6ae85a434897fa1c9da3096b959/elements - {"using":"xpath","value":"//li[.//span[contains(text(),'502 -')]]"}
RESULT: {"using":"xpath","value":"//li[.//span[contains(text(),'502 -')]]"}
COMMAND: POST /session/a414a6ae85a434897fa1c9da3096b959/elements - {"using":"xpath","value":"//li[.//span[contains(text(),'502 -')]]"}
RESULT: {"using":"xpath","value":"//li[.//span[contains(text(),'502 -')]]"}
COMMAND: POST /session/a414a6ae85a434897fa1c9da3096b959/elements - {"using":"xpath","value":"//li[.//span[contains(text(),'502 -')]]"}
RESULT: {"using":"xpath","value":"//li[.//span[contains(text(),'502 -')]]"}
COMMAND: POST /session/a414a6ae85a434897fa1c9da3096b959/elements - {"using":"xpath","value":"//li[.//span[contains(text(),'502 -')]]"}
RESULT: {"using":"xpath","value":"//li[.//span[contains(text(),'502 -')]]"}
COMMAND: POST /session/a414a6ae85a434897fa1c9da3096b959/elements - {"using":"xpath","value":"//li[.//span[contains(text(),'502 -')]]"}
RESULT: {"using":"xpath","value":"//li[.//span[contains(text(),'502 -')]]"}
COMMAND: POST /session/a414a6ae85a434897fa1c9da3096b959/elements - {"using":"xpath","value":"//li[.//span[contains(text(),'502 -')]]"}
RESULT: {"using":"xpath","value":"//li[.//span[contains(text(),'502 -')]]"}
COMMAND: POST /session/a414a6ae85a434897fa1c9da3096b959/elements - {"using":"xpath","value":"//li[.//span[contains(text(),'502 -')]]"}
RESULT: {"using":"xpath","value":"//li[.//span[contains(text(),'502 -')]]"}
COMMAND: POST /session/a414a6ae85a434897fa1c9da3096b959/elements - {"using":"xpath","value":"//li[.//span[contains(text(),'502 -')]]"}
RESULT: {"using":"xpath","value":"//li[.//span[contains(text(),'502 -')]]"}
COMMAND: POST /session/a414a6ae85a434897fa1c9da3096b959/elements - {"using":"xpath","value":"//li[.//span[contains(text(),'502 -')]]"}
RESULT: {"using":"xpath","value":"//li[.//span[contains(text(),'502 -')]]"}
COMMAND: POST /session/a414a6ae85a434897fa1c9da3096b959/elements - {"using":"xpath","value":"//li[.//span[contains(text(),'502 -')]]"}
RESULT: {"using":"xpath","value":"//li[.//span[contains(text(),'502 -')]]"}
COMMAND: POST /session/a414a6ae85a434897fa1c9da3096b959/elements - {"using":"xpath","value":"//li[.//span[contains(text(),'502 -')]]"}
RESULT: {"using":"xpath","value":"//li[.//span[contains(text(),'502 -')]]"}
COMMAND: POST /session/a414a6ae85a434897fa1c9da3096b959/elements - {"using":"xpath","value":"//li[.//span[contains(text(),'502 -')]]"}
RESULT: {"using":"xpath","value":"//li[.//span[contains(text(),'502 -')]]"}
COMMAND: POST /session/a414a6ae85a434897fa1c9da3096b959/elements - {"using":"xpath","value":"//li[.//span[contains(text(),'502 -')]]"}
RESULT: {"using":"xpath","value":"//li[.//span[contains(text(),'502 -')]]"}
COMMAND: POST /session/a414a6ae85a434897fa1c9da3096b959/elements - {"using":"xpath","value":"//li[.//span[contains(text(),'502 -')]]"}
RESULT: {"using":"xpath","value":"//li[.//span[contains(text(),'502 -')]]"}
COMMAND: POST /session/a414a6ae85a434897fa1c9da3096b959/elements - {"using":"xpath","value":"//li[.//span[contains(text(),'502 -')]]"}
RESULT: {"using":"xpath","value":"//li[.//span[contains(text(),'502 -')]]"}
COMMAND: POST /session/a414a6ae85a434897fa1c9da3096b959/elements - {"using":"xpath","value":"//li[.//span[contains(text(),'502 -')]]"}
RESULT: {"using":"xpath","value":"//li[.//span[contains(text(),'502 -')]]"}
COMMAND: POST /session/a414a6ae85a434897fa1c9da3096b959/elements - {"using":"xpath","value":"//li[.//span[contains(text(),'502 -')]]"}
RESULT: {"using":"xpath","value":"//li[.//span[contains(text(),'502 -')]]"}
COMMAND: POST /session/a414a6ae85a434897fa1c9da3096b959/elements - {"using":"xpath","value":"//li[.//span[contains(text(),'502 -')]]"}
RESULT: {"using":"xpath","value":"//li[.//span[contains(text(),'502 -')]]"}
COMMAND: POST /session/a414a6ae85a434897fa1c9da3096b959/elements - {"using":"xpath","value":"//li[.//span[contains(text(),'502 -')]]"}
RESULT: {"using":"xpath","value":"//li[.//span[contains(text(),'502 -')]]"}
COMMAND: POST /session/a414a6ae85a434897fa1c9da3096b959/elements - {"using":"xpath","value":"//li[.//span[contains(text(),'502 -')]]"}
RESULT: {"using":"xpath","value":"//li[.//span[contains(text(),'502 -')]]"}
COMMAND: POST /session/a414a6ae85a434897fa1c9da3096b959/elements - {"using":"xpath","value":"//li[.//span[contains(text(),'502 -')]]"}
RESULT: {"using":"xpath","value":"//li[.//span[contains(text(),'502 -')]]"}
COMMAND: POST /session/a414a6ae85a434897fa1c9da3096b959/elements - {"using":"xpath","value":"//li[.//span[contains(text(),'502 -')]]"}
RESULT: {"using":"xpath","value":"//li[.//span[contains(text(),'502 -')]]"}
COMMAND: POST /session/a414a6ae85a434897fa1c9da3096b959/elements - {"using":"xpath","value":"//li[.//span[contains(text(),'502 -')]]"}
RESULT: {"using":"xpath","value":"//li[.//span[contains(text(),'502 -')]]"}
COMMAND: POST /session/a414a6ae85a434897fa1c9da3096b959/elements - {"using":"xpath","value":"//li[.//span[contains(text(),'502 -')]]"}
RESULT: {"using":"xpath","value":"//li[.//span[contains(text(),'502 -')]]"}
COMMAND: POST /session/a414a6ae85a434897fa1c9da3096b959/elements - {"using":"xpath","value":"//li[.//span[contains(text(),'502 -')]]"}
RESULT: {"using":"xpath","value":"//li[.//span[contains(text(),'502 -')]]"}
COMMAND: POST /session/a414a6ae85a434897fa1c9da3096b959/elements - {"using":"xpath","value":"//li[.//span[contains(text(),'502 -')]]"}
RESULT: {"using":"xpath","value":"//li[.//span[contains(text(),'502 -')]]"}
COMMAND: POST /session/a414a6ae85a434897fa1c9da3096b959/elements - {"using":"xpath","value":"//li[.//span[contains(text(),'502 -')]]"}
RESULT: {"using":"xpath","value":"//li[.//span[contains(text(),'502 -')]]"}
COMMAND: POST /session/a414a6ae85a434897fa1c9da3096b959/elements - {"using":"xpath","value":"//li[.//span[contains(text(),'502 -')]]"}
RESULT: {"using":"xpath","value":"//li[.//span[contains(text(),'502 -')]]"}
COMMAND: POST /session/a414a6ae85a434897fa1c9da3096b959/elements - {"using":"xpath","value":"//li[.//span[contains(text(),'502 -')]]"}
RESULT: {"using":"xpath","value":"//li[.//span[contains(text(),'502 -')]]"}
COMMAND: POST /session/a414a6ae85a434897fa1c9da3096b959/elements - {"using":"xpath","value":"//li[.//span[contains(text(),'502 -')]]"}
RESULT: {"using":"xpath","value":"//li[.//span[contains(text(),'502 -')]]"}
COMMAND: POST /session/a414a6ae85a434897fa1c9da3096b959/elements - {"using":"xpath","value":"//li[.//span[contains(text(),'502 -')]]"}
RESULT: {"using":"xpath","value":"//li[.//span[contains(text(),'502 -')]]"}
COMMAND: POST /session/a414a6ae85a434897fa1c9da3096b959/elements - {"using":"xpath","value":"//li[.//span[contains(text(),'502 -')]]"}
RESULT: {"using":"xpath","value":"//li[.//span[contains(text(),'502 -')]]"}
COMMAND: POST /session/a414a6ae85a434897fa1c9da3096b959/elements - {"using":"xpath","value":"//li[.//span[contains(text(),'502 -')]]"}
RESULT: {"using":"xpath","value":"//li[.//span[contains(text(),'502 -')]]"}
COMMAND: POST /session/a414a6ae85a434897fa1c9da3096b959/elements - {"using":"xpath","value":"//li[.//span[contains(text(),'502 -')]]"}
RESULT: {"using":"xpath","value":"//li[.//span[contains(text(),'502 -')]]"}
COMMAND: POST /session/a414a6ae85a434897fa1c9da3096b959/elements - {"using":"xpath","value":"//li[.//span[contains(text(),'502 -')]]"}
RESULT: {"using":"xpath","value":"//li[.//span[contains(text(),'502 -')]]"}
COMMAND: POST /session/a414a6ae85a434897fa1c9da3096b959/elements - {"using":"xpath","value":"//li[.//span[contains(text(),'502 -')]]"}
RESULT: {"using":"xpath","value":"//li[.//span[contains(text(),'502 -')]]"}
COMMAND: POST /session/a414a6ae85a434897fa1c9da3096b959/elements - {"using":"xpath","value":"//li[.//span[contains(text(),'502 -')]]"}
RESULT: {"using":"xpath","value":"//li[.//span[contains(text(),'502 -')]]"}
COMMAND: POST /session/a414a6ae85a434897fa1c9da3096b959/elements - {"using":"xpath","value":"//li[.//span[contains(text(),'502 -')]]"}
RESULT: {"using":"xpath","value":"//li[.//span[contains(text(),'502 -')]]"}
COMMAND: POST /session/a414a6ae85a434897fa1c9da3096b959/elements - {"using":"xpath","value":"//li[.//span[contains(text(),'502 -')]]"}
RESULT: {"using":"xpath","value":"//li[.//span[contains(text(),'502 -')]]"}
COMMAND: POST /session/a414a6ae85a434897fa1c9da3096b959/elements - {"using":"xpath","value":"//li[.//span[contains(text(),'502 -')]]"}
RESULT: {"using":"xpath","value":"//li[.//span[contains(text(),'502 -')]]"}
COMMAND: POST /session/a414a6ae85a434897fa1c9da3096b959/elements - {"using":"xpath","value":"//li[.//span[contains(text(),'502 -')]]"}
RESULT: {"using":"xpath","value":"//li[.//span[contains(text(),'502 -')]]"}
COMMAND: POST /session/a414a6ae85a434897fa1c9da3096b959/elements - {"using":"xpath","value":"//li[.//span[contains(text(),'502 -')]]"}
RESULT: {"using":"xpath","value":"//li[.//span[contains(text(),'502 -')]]"}
COMMAND: POST /session/a414a6ae85a434897fa1c9da3096b959/elements - {"using":"xpath","value":"//li[.//span[contains(text(),'502 -')]]"}
RESULT: {"using":"xpath","value":"//li[.//span[contains(text(),'502 -')]]"}
COMMAND: POST /session/a414a6ae85a434897fa1c9da3096b959/elements - {"using":"xpath","value":"//li[.//span[contains(text(),'502 -')]]"}
RESULT: {"using":"xpath","value":"//li[.//span[contains(text(),'502 -')]]"}
COMMAND: POST /session/a414a6ae85a434897fa1c9da3096b959/elements - {"using":"xpath","value":"//li[.//span[contains(text(),'502 -')]]"}
RESULT: {"using":"xpath","value":"//li[.//span[contains(text(),'502 -')]]"}
COMMAND: POST /session/a414a6ae85a434897fa1c9da3096b959/elements - {"using":"xpath","value":"//li[.//span[contains(text(),'502 -')]]"}
RESULT: {"using":"xpath","value":"//li[.//span[contains(text(),'502 -')]]"}
COMMAND: POST /session/a414a6ae85a434897fa1c9da3096b959/elements - {"using":"xpath","value":"//li[.//span[contains(text(),'502 -')]]"}
RESULT: {"using":"xpath","value":"//li[.//span[contains(text(),'502 -')]]"}
COMMAND: POST /session/a414a6ae85a434897fa1c9da3096b959/elements - {"using":"xpath","value":"//li[.//span[contains(text(),'502 -')]]"}
RESULT: {"using":"xpath","value":"//li[.//span[contains(text(),'502 -')]]"}
COMMAND: POST /session/a414a6ae85a434897fa1c9da3096b959/elements - {"using":"xpath","value":"//li[.//span[contains(text(),'502 -')]]"}
RESULT: {"using":"xpath","value":"//li[.//span[contains(text(),'502 -')]]"}
COMMAND: POST /session/a414a6ae85a434897fa1c9da3096b959/elements - {"using":"xpath","value":"//li[.//span[contains(text(),'502 -')]]"}
RESULT: {"using":"xpath","value":"//li[.//span[contains(text(),'502 -')]]"}
COMMAND: POST /session/a414a6ae85a434897fa1c9da3096b959/elements - {"using":"xpath","value":"//li[.//span[contains(text(),'502 -')]]"}
RESULT: {"using":"xpath","value":"//li[.//span[contains(text(),'502 -')]]"}
COMMAND: POST /session/a414a6ae85a434897fa1c9da3096b959/elements - {"using":"xpath","value":"//li[.//span[contains(text(),'502 -')]]"}
RESULT: {"using":"xpath","value":"//li[.//span[contains(text(),'502 -')]]"}
COMMAND: POST /session/a414a6ae85a434897fa1c9da3096b959/elements - {"using":"xpath","value":"//li[.//span[contains(text(),'502 -')]]"}
RESULT: {"using":"xpath","value":"//li[.//span[contains(text(),'502 -')]]"}
COMMAND: POST /session/a414a6ae85a434897fa1c9da3096b959/elements - {"using":"xpath","value":"//li[.//span[contains(text(),'502 -')]]"}
RESULT: {"using":"xpath","value":"//li[.//span[contains(text(),'502 -')]]"}
COMMAND: POST /session/a414a6ae85a434897fa1c9da3096b959/elements - {"using":"xpath","value":"//li[.//span[contains(text(),'502 -')]]"}
RESULT: {"using":"xpath","value":"//li[.//span[contains(text(),'502 -')]]"}
COMMAND: POST /session/a414a6ae85a434897fa1c9da3096b959/elements - {"using":"xpath","value":"//li[.//span[contains(text(),'502 -')]]"}
RESULT: {"using":"xpath","value":"//li[.//span[contains(text(),'502 -')]]"}
COMMAND: POST /session/a414a6ae85a434897fa1c9da3096b959/elements - {"using":"xpath","value":"//li[.//span[contains(text(),'502 -')]]"}
RESULT: {"using":"xpath","value":"//li[.//span[contains(text(),'502 -')]]"}
COMMAND: POST /session/a414a6ae85a434897fa1c9da3096b959/elements - {"using":"xpath","value":"//li[.//span[contains(text(),'502 -')]]"}
RESULT: {"using":"xpath","value":"//li[.//span[contains(text(),'502 -')]]"}
COMMAND: POST /session/a414a6ae85a434897fa1c9da3096b959/elements - {"using":"xpath","value":"//li[.//span[contains(text(),'502 -')]]"}
RESULT: {"using":"xpath","value":"//li[.//span[contains(text(),'502 -')]]"}
COMMAND: POST /session/a414a6ae85a434897fa1c9da3096b959/elements - {"using":"xpath","value":"//li[.//span[contains(text(),'502 -')]]"}
RESULT: {"using":"xpath","value":"//li[.//span[contains(text(),'502 -')]]"}
COMMAND: POST /session/a414a6ae85a434897fa1c9da3096b959/elements - {"using":"xpath","value":"//li[.//span[contains(text(),'502 -')]]"}
RESULT: {"using":"xpath","value":"//li[.//span[contains(text(),'502 -')]]"}
COMMAND: POST /session/a414a6ae85a434897fa1c9da3096b959/elements - {"using":"xpath","value":"//li[.//span[contains(text(),'502 -')]]"}
RESULT: {"using":"xpath","value":"//li[.//span[contains(text(),'502 -')]]"}
COMMAND: POST /session/a414a6ae85a434897fa1c9da3096b959/elements - {"using":"xpath","value":"//li[.//span[contains(text(),'502 -')]]"}
RESULT: {"using":"xpath","value":"//li[.//span[contains(text(),'502 -')]]"}
COMMAND: POST /session/a414a6ae85a434897fa1c9da3096b959/elements - {"using":"xpath","value":"//li[.//span[contains(text(),'502 -')]]"}
RESULT: {"using":"xpath","value":"//li[.//span[contains(text(),'502 -')]]"}
COMMAND: POST /session/a414a6ae85a434897fa1c9da3096b959/elements - {"using":"xpath","value":"//li[.//span[contains(text(),'502 -')]]"}
RESULT: {"using":"xpath","value":"//li[.//span[contains(text(),'502 -')]]"}
COMMAND: POST /session/a414a6ae85a434897fa1c9da3096b959/elements - {"using":"xpath","value":"//li[.//span[contains(text(),'502 -')]]"}
RESULT: {"using":"xpath","value":"//li[.//span[contains(text(),'502 -')]]"}
COMMAND: POST /session/a414a6ae85a434897fa1c9da3096b959/elements - {"using":"xpath","value":"//li[.//span[contains(text(),'502 -')]]"}
RESULT: {"using":"xpath","value":"//li[.//span[contains(text(),'502 -')]]"}
COMMAND: POST /session/a414a6ae85a434897fa1c9da3096b959/elements - {"using":"xpath","value":"//li[.//span[contains(text(),'502 -')]]"}
RESULT: {"using":"xpath","value":"//li[.//span[contains(text(),'502 -')]]"}
COMMAND: POST /session/a414a6ae85a434897fa1c9da3096b959/elements - {"using":"xpath","value":"//li[.//span[contains(text(),'502 -')]]"}
RESULT: {"using":"xpath","value":"//li[.//span[contains(text(),'502 -')]]"}
COMMAND: POST /session/a414a6ae85a434897fa1c9da3096b959/elements - {"using":"xpath","value":"//li[.//span[contains(text(),'502 -')]]"}
RESULT: {"using":"xpath","value":"//li[.//span[contains(text(),'502 -')]]"}
COMMAND: POST /session/a414a6ae85a434897fa1c9da3096b959/elements - {"using":"xpath","value":"//li[.//span[contains(text(),'502 -')]]"}
RESULT: {"using":"xpath","value":"//li[.//span[contains(text(),'502 -')]]"}
COMMAND: POST /session/a414a6ae85a434897fa1c9da3096b959/elements - {"using":"xpath","value":"//li[.//span[contains(text(),'502 -')]]"}
RESULT: {"using":"xpath","value":"//li[.//span[contains(text(),'502 -')]]"}
COMMAND: POST /session/a414a6ae85a434897fa1c9da3096b959/elements - {"using":"xpath","value":"//li[.//span[contains(text(),'502 -')]]"}
RESULT: {"using":"xpath","value":"//li[.//span[contains(text(),'502 -')]]"}
COMMAND: POST /session/a414a6ae85a434897fa1c9da3096b959/elements - {"using":"xpath","value":"//li[.//span[contains(text(),'502 -')]]"}
RESULT: {"using":"xpath","value":"//li[.//span[contains(text(),'502 -')]]"}
COMMAND: POST /session/a414a6ae85a434897fa1c9da3096b959/elements - {"using":"xpath","value":"//li[.//span[contains(text(),'502 -')]]"}
RESULT: {"using":"xpath","value":"//li[.//span[contains(text(),'502 -')]]"}
COMMAND: POST /session/a414a6ae85a434897fa1c9da3096b959/elements - {"using":"xpath","value":"//li[.//span[contains(text(),'502 -')]]"}
RESULT: {"using":"xpath","value":"//li[.//span[contains(text(),'502 -')]]"}
COMMAND: POST /session/a414a6ae85a434897fa1c9da3096b959/elements - {"using":"xpath","value":"//li[.//span[contains(text(),'502 -')]]"}
RESULT: {"using":"xpath","value":"//li[.//span[contains(text(),'502 -')]]"}
COMMAND: POST /session/a414a6ae85a434897fa1c9da3096b959/elements - {"using":"xpath","value":"//li[.//span[contains(text(),'502 -')]]"}
RESULT: {"using":"xpath","value":"//li[.//span[contains(text(),'502 -')]]"}
COMMAND: POST /session/a414a6ae85a434897fa1c9da3096b959/elements - {"using":"xpath","value":"//li[.//span[contains(text(),'502 -')]]"}
RESULT: {"using":"xpath","value":"//li[.//span[contains(text(),'502 -')]]"}
COMMAND: POST /session/a414a6ae85a434897fa1c9da3096b959/elements - {"using":"xpath","value":"//li[.//span[contains(text(),'502 -')]]"}
RESULT: {"using":"xpath","value":"//li[.//span[contains(text(),'502 -')]]"}
COMMAND: POST /session/a414a6ae85a434897fa1c9da3096b959/elements - {"using":"xpath","value":"//li[.//span[contains(text(),'502 -')]]"}
RESULT: {"using":"xpath","value":"//li[.//span[contains(text(),'502 -')]]"}
COMMAND: POST /session/a414a6ae85a434897fa1c9da3096b959/elements - {"using":"xpath","value":"//li[.//span[contains(text(),'502 -')]]"}
RESULT: {"using":"xpath","value":"//li[.//span[contains(text(),'502 -')]]"}
COMMAND: POST /session/a414a6ae85a434897fa1c9da3096b959/elements - {"using":"xpath","value":"//li[.//span[contains(text(),'502 -')]]"}
RESULT: {"using":"xpath","value":"//li[.//span[contains(text(),'502 -')]]"}
COMMAND: POST /session/a414a6ae85a434897fa1c9da3096b959/elements - {"using":"xpath","value":"//li[.//span[contains(text(),'502 -')]]"}
RESULT: {"using":"xpath","value":"//li[.//span[contains(text(),'502 -')]]"}
COMMAND: POST /session/a414a6ae85a434897fa1c9da3096b959/elements - {"using":"xpath","value":"//li[.//span[contains(text(),'502 -')]]"}
RESULT: {"using":"xpath","value":"//li[.//span[contains(text(),'502 -')]]"}
COMMAND: POST /session/a414a6ae85a434897fa1c9da3096b959/elements - {"using":"xpath","value":"//li[.//span[contains(text(),'502 -')]]"}
RESULT: {"using":"xpath","value":"//li[.//span[contains(text(),'502 -')]]"}
COMMAND: POST /session/a414a6ae85a434897fa1c9da3096b959/elements - {"using":"xpath","value":"//li[.//span[contains(text(),'502 -')]]"}
RESULT: {"using":"xpath","value":"//li[.//span[contains(text(),'502 -')]]"}
COMMAND: POST /session/a414a6ae85a434897fa1c9da3096b959/elements - {"using":"xpath","value":"//li[.//span[contains(text(),'502 -')]]"}
RESULT: {"using":"xpath","value":"//li[.//span[contains(text(),'502 -')]]"}
COMMAND: POST /session/a414a6ae85a434897fa1c9da3096b959/elements - {"using":"xpath","value":"//li[.//span[contains(text(),'502 -')]]"}
RESULT: {"using":"xpath","value":"//li[.//span[contains(text(),'502 -')]]"}
COMMAND: POST /session/a414a6ae85a434897fa1c9da3096b959/elements - {"using":"xpath","value":"//li[.//span[contains(text(),'502 -')]]"}
RESULT: {"using":"xpath","value":"//li[.//span[contains(text(),'502 -')]]"}
COMMAND: POST /session/a414a6ae85a434897fa1c9da3096b959/elements - {"using":"xpath","value":"//li[.//span[contains(text(),'502 -')]]"}
RESULT: {"using":"xpath","value":"//li[.//span[contains(text(),'502 -')]]"}
COMMAND: POST /session/a414a6ae85a434897fa1c9da3096b959/elements - {"using":"xpath","value":"//li[.//span[contains(text(),'502 -')]]"}
RESULT: {"using":"xpath","value":"//li[.//span[contains(text(),'502 -')]]"}
COMMAND: POST /session/a414a6ae85a434897fa1c9da3096b959/elements - {"using":"xpath","value":"//li[.//span[contains(text(),'502 -')]]"}
RESULT: {"using":"xpath","value":"//li[.//span[contains(text(),'502 -')]]"}
COMMAND: POST /session/a414a6ae85a434897fa1c9da3096b959/elements - {"using":"xpath","value":"//li[.//span[contains(text(),'502 -')]]"}
RESULT: {"using":"xpath","value":"//li[.//span[contains(text(),'502 -')]]"}
COMMAND: POST /session/a414a6ae85a434897fa1c9da3096b959/elements - {"using":"xpath","value":"//li[.//span[contains(text(),'502 -')]]"}
RESULT: {"using":"xpath","value":"//li[.//span[contains(text(),'502 -')]]"}
COMMAND: POST /session/a414a6ae85a434897fa1c9da3096b959/elements - {"using":"xpath","value":"//li[.//span[contains(text(),'502 -')]]"}
RESULT: {"using":"xpath","value":"//li[.//span[contains(text(),'502 -')]]"}
COMMAND: GET /session/a414a6ae85a434897fa1c9da3096b959/screenshot - {}
RESULT: {}
]]></system-out>
      <system-err><![CDATA[
Error: Can't call click on element with selector "//li[.//span[contains(text(),'502 -')]]" because element wasn't found
    at async UtilsPrerequisites.stockIncrease (D:\a\1\s\test\specs\BTS\prerequisites-and-utils-functions.js:1638:9)
    at async Context.<anonymous> (D:\a\1\s\test\specs\HTR\provide-to-site-wo-warehouse-wo-clarification.spec.js:57:9)
]]></system-err>
    </testcase>
    <testcase classname="chrome.136_0_7103_93.windows.Provide_to_Site_w/o_warehouse_management_w/o_clarification" name="Should create a new contract" time="60.287">
      <failure/>
      <error message="element (&quot;//button[@data-kt=&quot;addButton&quot;]&quot;) still not existing after 45000ms"/>
      <system-out><![CDATA[
COMMAND: POST /session/a414a6ae85a434897fa1c9da3096b959/execute/async - {"script":"<script> [1562 bytes]","args":[{"selector":{"controlType":"sap.m.GenericTile","properties":{"header":"Manage Contracts"}},"wdio_ui5_key":"sapm.GenericTile{\"header\":\"Manage Contracts\"}"}]}
COMMAND: GET /session/a414a6ae85a434897fa1c9da3096b959/screenshot - {}
RESULT: {"script":"<script> [1562 bytes]","args":[{"selector":{"controlType":"sap.m.GenericTile","properties":{"header":"Manage Contracts"}},"wdio_ui5_key":"sapm.GenericTile{\"header\":\"Manage Contracts\"}"}]}
RESULT: undefined
RESULT: {}
COMMAND: POST /session/a414a6ae85a434897fa1c9da3096b959/elements - {"using":"xpath","value":"//span[text()='Error']"}
RESULT: {"using":"xpath","value":"//span[text()='Error']"}
COMMAND: POST /session/a414a6ae85a434897fa1c9da3096b959/element - {"using":"xpath","value":"//button[@data-kt=\"addButton\"]"}
RESULT: {"using":"xpath","value":"//button[@data-kt=\"addButton\"]"}
COMMAND: POST /session/a414a6ae85a434897fa1c9da3096b959/elements - {"using":"xpath","value":"//button[@data-kt=\"addButton\"]"}
RESULT: {"using":"xpath","value":"//button[@data-kt=\"addButton\"]"}
COMMAND: POST /session/a414a6ae85a434897fa1c9da3096b959/elements - {"using":"xpath","value":"//button[@data-kt=\"addButton\"]"}
RESULT: {"using":"xpath","value":"//button[@data-kt=\"addButton\"]"}
COMMAND: POST /session/a414a6ae85a434897fa1c9da3096b959/elements - {"using":"xpath","value":"//button[@data-kt=\"addButton\"]"}
RESULT: {"using":"xpath","value":"//button[@data-kt=\"addButton\"]"}
COMMAND: POST /session/a414a6ae85a434897fa1c9da3096b959/elements - {"using":"xpath","value":"//button[@data-kt=\"addButton\"]"}
RESULT: {"using":"xpath","value":"//button[@data-kt=\"addButton\"]"}
COMMAND: POST /session/a414a6ae85a434897fa1c9da3096b959/elements - {"using":"xpath","value":"//button[@data-kt=\"addButton\"]"}
RESULT: {"using":"xpath","value":"//button[@data-kt=\"addButton\"]"}
COMMAND: POST /session/a414a6ae85a434897fa1c9da3096b959/elements - {"using":"xpath","value":"//button[@data-kt=\"addButton\"]"}
RESULT: {"using":"xpath","value":"//button[@data-kt=\"addButton\"]"}
COMMAND: POST /session/a414a6ae85a434897fa1c9da3096b959/elements - {"using":"xpath","value":"//button[@data-kt=\"addButton\"]"}
RESULT: {"using":"xpath","value":"//button[@data-kt=\"addButton\"]"}
COMMAND: POST /session/a414a6ae85a434897fa1c9da3096b959/elements - {"using":"xpath","value":"//button[@data-kt=\"addButton\"]"}
RESULT: {"using":"xpath","value":"//button[@data-kt=\"addButton\"]"}
COMMAND: POST /session/a414a6ae85a434897fa1c9da3096b959/elements - {"using":"xpath","value":"//button[@data-kt=\"addButton\"]"}
RESULT: {"using":"xpath","value":"//button[@data-kt=\"addButton\"]"}
COMMAND: POST /session/a414a6ae85a434897fa1c9da3096b959/elements - {"using":"xpath","value":"//button[@data-kt=\"addButton\"]"}
RESULT: {"using":"xpath","value":"//button[@data-kt=\"addButton\"]"}
COMMAND: POST /session/a414a6ae85a434897fa1c9da3096b959/elements - {"using":"xpath","value":"//button[@data-kt=\"addButton\"]"}
RESULT: {"using":"xpath","value":"//button[@data-kt=\"addButton\"]"}
COMMAND: POST /session/a414a6ae85a434897fa1c9da3096b959/elements - {"using":"xpath","value":"//button[@data-kt=\"addButton\"]"}
RESULT: {"using":"xpath","value":"//button[@data-kt=\"addButton\"]"}
COMMAND: POST /session/a414a6ae85a434897fa1c9da3096b959/elements - {"using":"xpath","value":"//button[@data-kt=\"addButton\"]"}
RESULT: {"using":"xpath","value":"//button[@data-kt=\"addButton\"]"}
COMMAND: POST /session/a414a6ae85a434897fa1c9da3096b959/elements - {"using":"xpath","value":"//button[@data-kt=\"addButton\"]"}
RESULT: {"using":"xpath","value":"//button[@data-kt=\"addButton\"]"}
COMMAND: POST /session/a414a6ae85a434897fa1c9da3096b959/elements - {"using":"xpath","value":"//button[@data-kt=\"addButton\"]"}
RESULT: {"using":"xpath","value":"//button[@data-kt=\"addButton\"]"}
COMMAND: POST /session/a414a6ae85a434897fa1c9da3096b959/elements - {"using":"xpath","value":"//button[@data-kt=\"addButton\"]"}
RESULT: {"using":"xpath","value":"//button[@data-kt=\"addButton\"]"}
COMMAND: POST /session/a414a6ae85a434897fa1c9da3096b959/elements - {"using":"xpath","value":"//button[@data-kt=\"addButton\"]"}
RESULT: {"using":"xpath","value":"//button[@data-kt=\"addButton\"]"}
COMMAND: POST /session/a414a6ae85a434897fa1c9da3096b959/elements - {"using":"xpath","value":"//button[@data-kt=\"addButton\"]"}
RESULT: {"using":"xpath","value":"//button[@data-kt=\"addButton\"]"}
COMMAND: POST /session/a414a6ae85a434897fa1c9da3096b959/elements - {"using":"xpath","value":"//button[@data-kt=\"addButton\"]"}
RESULT: {"using":"xpath","value":"//button[@data-kt=\"addButton\"]"}
COMMAND: POST /session/a414a6ae85a434897fa1c9da3096b959/elements - {"using":"xpath","value":"//button[@data-kt=\"addButton\"]"}
RESULT: {"using":"xpath","value":"//button[@data-kt=\"addButton\"]"}
COMMAND: POST /session/a414a6ae85a434897fa1c9da3096b959/elements - {"using":"xpath","value":"//button[@data-kt=\"addButton\"]"}
RESULT: {"using":"xpath","value":"//button[@data-kt=\"addButton\"]"}
COMMAND: POST /session/a414a6ae85a434897fa1c9da3096b959/elements - {"using":"xpath","value":"//button[@data-kt=\"addButton\"]"}
RESULT: {"using":"xpath","value":"//button[@data-kt=\"addButton\"]"}
COMMAND: POST /session/a414a6ae85a434897fa1c9da3096b959/elements - {"using":"xpath","value":"//button[@data-kt=\"addButton\"]"}
RESULT: {"using":"xpath","value":"//button[@data-kt=\"addButton\"]"}
COMMAND: POST /session/a414a6ae85a434897fa1c9da3096b959/elements - {"using":"xpath","value":"//button[@data-kt=\"addButton\"]"}
RESULT: {"using":"xpath","value":"//button[@data-kt=\"addButton\"]"}
COMMAND: POST /session/a414a6ae85a434897fa1c9da3096b959/elements - {"using":"xpath","value":"//button[@data-kt=\"addButton\"]"}
RESULT: {"using":"xpath","value":"//button[@data-kt=\"addButton\"]"}
COMMAND: POST /session/a414a6ae85a434897fa1c9da3096b959/elements - {"using":"xpath","value":"//button[@data-kt=\"addButton\"]"}
RESULT: {"using":"xpath","value":"//button[@data-kt=\"addButton\"]"}
COMMAND: POST /session/a414a6ae85a434897fa1c9da3096b959/elements - {"using":"xpath","value":"//button[@data-kt=\"addButton\"]"}
RESULT: {"using":"xpath","value":"//button[@data-kt=\"addButton\"]"}
COMMAND: POST /session/a414a6ae85a434897fa1c9da3096b959/elements - {"using":"xpath","value":"//button[@data-kt=\"addButton\"]"}
RESULT: {"using":"xpath","value":"//button[@data-kt=\"addButton\"]"}
COMMAND: POST /session/a414a6ae85a434897fa1c9da3096b959/elements - {"using":"xpath","value":"//button[@data-kt=\"addButton\"]"}
RESULT: {"using":"xpath","value":"//button[@data-kt=\"addButton\"]"}
COMMAND: POST /session/a414a6ae85a434897fa1c9da3096b959/elements - {"using":"xpath","value":"//button[@data-kt=\"addButton\"]"}
RESULT: {"using":"xpath","value":"//button[@data-kt=\"addButton\"]"}
COMMAND: POST /session/a414a6ae85a434897fa1c9da3096b959/elements - {"using":"xpath","value":"//button[@data-kt=\"addButton\"]"}
RESULT: {"using":"xpath","value":"//button[@data-kt=\"addButton\"]"}
COMMAND: POST /session/a414a6ae85a434897fa1c9da3096b959/elements - {"using":"xpath","value":"//button[@data-kt=\"addButton\"]"}
RESULT: {"using":"xpath","value":"//button[@data-kt=\"addButton\"]"}
COMMAND: POST /session/a414a6ae85a434897fa1c9da3096b959/elements - {"using":"xpath","value":"//button[@data-kt=\"addButton\"]"}
RESULT: {"using":"xpath","value":"//button[@data-kt=\"addButton\"]"}
COMMAND: POST /session/a414a6ae85a434897fa1c9da3096b959/elements - {"using":"xpath","value":"//button[@data-kt=\"addButton\"]"}
RESULT: {"using":"xpath","value":"//button[@data-kt=\"addButton\"]"}
COMMAND: POST /session/a414a6ae85a434897fa1c9da3096b959/elements - {"using":"xpath","value":"//button[@data-kt=\"addButton\"]"}
RESULT: {"using":"xpath","value":"//button[@data-kt=\"addButton\"]"}
COMMAND: POST /session/a414a6ae85a434897fa1c9da3096b959/elements - {"using":"xpath","value":"//button[@data-kt=\"addButton\"]"}
RESULT: {"using":"xpath","value":"//button[@data-kt=\"addButton\"]"}
COMMAND: POST /session/a414a6ae85a434897fa1c9da3096b959/elements - {"using":"xpath","value":"//button[@data-kt=\"addButton\"]"}
RESULT: {"using":"xpath","value":"//button[@data-kt=\"addButton\"]"}
COMMAND: POST /session/a414a6ae85a434897fa1c9da3096b959/elements - {"using":"xpath","value":"//button[@data-kt=\"addButton\"]"}
RESULT: {"using":"xpath","value":"//button[@data-kt=\"addButton\"]"}
COMMAND: POST /session/a414a6ae85a434897fa1c9da3096b959/elements - {"using":"xpath","value":"//button[@data-kt=\"addButton\"]"}
RESULT: {"using":"xpath","value":"//button[@data-kt=\"addButton\"]"}
COMMAND: POST /session/a414a6ae85a434897fa1c9da3096b959/elements - {"using":"xpath","value":"//button[@data-kt=\"addButton\"]"}
RESULT: {"using":"xpath","value":"//button[@data-kt=\"addButton\"]"}
COMMAND: POST /session/a414a6ae85a434897fa1c9da3096b959/elements - {"using":"xpath","value":"//button[@data-kt=\"addButton\"]"}
RESULT: {"using":"xpath","value":"//button[@data-kt=\"addButton\"]"}
COMMAND: POST /session/a414a6ae85a434897fa1c9da3096b959/elements - {"using":"xpath","value":"//button[@data-kt=\"addButton\"]"}
RESULT: {"using":"xpath","value":"//button[@data-kt=\"addButton\"]"}
COMMAND: POST /session/a414a6ae85a434897fa1c9da3096b959/elements - {"using":"xpath","value":"//button[@data-kt=\"addButton\"]"}
RESULT: {"using":"xpath","value":"//button[@data-kt=\"addButton\"]"}
COMMAND: POST /session/a414a6ae85a434897fa1c9da3096b959/elements - {"using":"xpath","value":"//button[@data-kt=\"addButton\"]"}
RESULT: {"using":"xpath","value":"//button[@data-kt=\"addButton\"]"}
COMMAND: POST /session/a414a6ae85a434897fa1c9da3096b959/elements - {"using":"xpath","value":"//button[@data-kt=\"addButton\"]"}
RESULT: {"using":"xpath","value":"//button[@data-kt=\"addButton\"]"}
COMMAND: POST /session/a414a6ae85a434897fa1c9da3096b959/elements - {"using":"xpath","value":"//button[@data-kt=\"addButton\"]"}
RESULT: {"using":"xpath","value":"//button[@data-kt=\"addButton\"]"}
COMMAND: POST /session/a414a6ae85a434897fa1c9da3096b959/elements - {"using":"xpath","value":"//button[@data-kt=\"addButton\"]"}
RESULT: {"using":"xpath","value":"//button[@data-kt=\"addButton\"]"}
COMMAND: POST /session/a414a6ae85a434897fa1c9da3096b959/elements - {"using":"xpath","value":"//button[@data-kt=\"addButton\"]"}
RESULT: {"using":"xpath","value":"//button[@data-kt=\"addButton\"]"}
COMMAND: POST /session/a414a6ae85a434897fa1c9da3096b959/elements - {"using":"xpath","value":"//button[@data-kt=\"addButton\"]"}
RESULT: {"using":"xpath","value":"//button[@data-kt=\"addButton\"]"}
COMMAND: POST /session/a414a6ae85a434897fa1c9da3096b959/elements - {"using":"xpath","value":"//button[@data-kt=\"addButton\"]"}
RESULT: {"using":"xpath","value":"//button[@data-kt=\"addButton\"]"}
COMMAND: POST /session/a414a6ae85a434897fa1c9da3096b959/elements - {"using":"xpath","value":"//button[@data-kt=\"addButton\"]"}
RESULT: {"using":"xpath","value":"//button[@data-kt=\"addButton\"]"}
COMMAND: POST /session/a414a6ae85a434897fa1c9da3096b959/elements - {"using":"xpath","value":"//button[@data-kt=\"addButton\"]"}
RESULT: {"using":"xpath","value":"//button[@data-kt=\"addButton\"]"}
COMMAND: POST /session/a414a6ae85a434897fa1c9da3096b959/elements - {"using":"xpath","value":"//button[@data-kt=\"addButton\"]"}
RESULT: {"using":"xpath","value":"//button[@data-kt=\"addButton\"]"}
COMMAND: POST /session/a414a6ae85a434897fa1c9da3096b959/elements - {"using":"xpath","value":"//button[@data-kt=\"addButton\"]"}
RESULT: {"using":"xpath","value":"//button[@data-kt=\"addButton\"]"}
COMMAND: POST /session/a414a6ae85a434897fa1c9da3096b959/elements - {"using":"xpath","value":"//button[@data-kt=\"addButton\"]"}
RESULT: {"using":"xpath","value":"//button[@data-kt=\"addButton\"]"}
COMMAND: POST /session/a414a6ae85a434897fa1c9da3096b959/elements - {"using":"xpath","value":"//button[@data-kt=\"addButton\"]"}
RESULT: {"using":"xpath","value":"//button[@data-kt=\"addButton\"]"}
COMMAND: POST /session/a414a6ae85a434897fa1c9da3096b959/elements - {"using":"xpath","value":"//button[@data-kt=\"addButton\"]"}
RESULT: {"using":"xpath","value":"//button[@data-kt=\"addButton\"]"}
COMMAND: POST /session/a414a6ae85a434897fa1c9da3096b959/elements - {"using":"xpath","value":"//button[@data-kt=\"addButton\"]"}
RESULT: {"using":"xpath","value":"//button[@data-kt=\"addButton\"]"}
COMMAND: POST /session/a414a6ae85a434897fa1c9da3096b959/elements - {"using":"xpath","value":"//button[@data-kt=\"addButton\"]"}
RESULT: {"using":"xpath","value":"//button[@data-kt=\"addButton\"]"}
COMMAND: POST /session/a414a6ae85a434897fa1c9da3096b959/elements - {"using":"xpath","value":"//button[@data-kt=\"addButton\"]"}
RESULT: {"using":"xpath","value":"//button[@data-kt=\"addButton\"]"}
COMMAND: POST /session/a414a6ae85a434897fa1c9da3096b959/elements - {"using":"xpath","value":"//button[@data-kt=\"addButton\"]"}
RESULT: {"using":"xpath","value":"//button[@data-kt=\"addButton\"]"}
COMMAND: POST /session/a414a6ae85a434897fa1c9da3096b959/elements - {"using":"xpath","value":"//button[@data-kt=\"addButton\"]"}
RESULT: {"using":"xpath","value":"//button[@data-kt=\"addButton\"]"}
COMMAND: POST /session/a414a6ae85a434897fa1c9da3096b959/elements - {"using":"xpath","value":"//button[@data-kt=\"addButton\"]"}
RESULT: {"using":"xpath","value":"//button[@data-kt=\"addButton\"]"}
COMMAND: POST /session/a414a6ae85a434897fa1c9da3096b959/elements - {"using":"xpath","value":"//button[@data-kt=\"addButton\"]"}
RESULT: {"using":"xpath","value":"//button[@data-kt=\"addButton\"]"}
COMMAND: POST /session/a414a6ae85a434897fa1c9da3096b959/elements - {"using":"xpath","value":"//button[@data-kt=\"addButton\"]"}
RESULT: {"using":"xpath","value":"//button[@data-kt=\"addButton\"]"}
COMMAND: POST /session/a414a6ae85a434897fa1c9da3096b959/elements - {"using":"xpath","value":"//button[@data-kt=\"addButton\"]"}
RESULT: {"using":"xpath","value":"//button[@data-kt=\"addButton\"]"}
COMMAND: POST /session/a414a6ae85a434897fa1c9da3096b959/elements - {"using":"xpath","value":"//button[@data-kt=\"addButton\"]"}
RESULT: {"using":"xpath","value":"//button[@data-kt=\"addButton\"]"}
COMMAND: POST /session/a414a6ae85a434897fa1c9da3096b959/elements - {"using":"xpath","value":"//button[@data-kt=\"addButton\"]"}
RESULT: {"using":"xpath","value":"//button[@data-kt=\"addButton\"]"}
COMMAND: POST /session/a414a6ae85a434897fa1c9da3096b959/elements - {"using":"xpath","value":"//button[@data-kt=\"addButton\"]"}
RESULT: {"using":"xpath","value":"//button[@data-kt=\"addButton\"]"}
COMMAND: POST /session/a414a6ae85a434897fa1c9da3096b959/elements - {"using":"xpath","value":"//button[@data-kt=\"addButton\"]"}
RESULT: {"using":"xpath","value":"//button[@data-kt=\"addButton\"]"}
COMMAND: POST /session/a414a6ae85a434897fa1c9da3096b959/elements - {"using":"xpath","value":"//button[@data-kt=\"addButton\"]"}
RESULT: {"using":"xpath","value":"//button[@data-kt=\"addButton\"]"}
COMMAND: POST /session/a414a6ae85a434897fa1c9da3096b959/elements - {"using":"xpath","value":"//button[@data-kt=\"addButton\"]"}
RESULT: {"using":"xpath","value":"//button[@data-kt=\"addButton\"]"}
COMMAND: POST /session/a414a6ae85a434897fa1c9da3096b959/elements - {"using":"xpath","value":"//button[@data-kt=\"addButton\"]"}
RESULT: {"using":"xpath","value":"//button[@data-kt=\"addButton\"]"}
COMMAND: POST /session/a414a6ae85a434897fa1c9da3096b959/elements - {"using":"xpath","value":"//button[@data-kt=\"addButton\"]"}
RESULT: {"using":"xpath","value":"//button[@data-kt=\"addButton\"]"}
COMMAND: POST /session/a414a6ae85a434897fa1c9da3096b959/elements - {"using":"xpath","value":"//button[@data-kt=\"addButton\"]"}
RESULT: {"using":"xpath","value":"//button[@data-kt=\"addButton\"]"}
COMMAND: POST /session/a414a6ae85a434897fa1c9da3096b959/elements - {"using":"xpath","value":"//button[@data-kt=\"addButton\"]"}
RESULT: {"using":"xpath","value":"//button[@data-kt=\"addButton\"]"}
COMMAND: POST /session/a414a6ae85a434897fa1c9da3096b959/elements - {"using":"xpath","value":"//button[@data-kt=\"addButton\"]"}
RESULT: {"using":"xpath","value":"//button[@data-kt=\"addButton\"]"}
COMMAND: POST /session/a414a6ae85a434897fa1c9da3096b959/elements - {"using":"xpath","value":"//button[@data-kt=\"addButton\"]"}
RESULT: {"using":"xpath","value":"//button[@data-kt=\"addButton\"]"}
COMMAND: POST /session/a414a6ae85a434897fa1c9da3096b959/elements - {"using":"xpath","value":"//button[@data-kt=\"addButton\"]"}
RESULT: {"using":"xpath","value":"//button[@data-kt=\"addButton\"]"}
COMMAND: POST /session/a414a6ae85a434897fa1c9da3096b959/elements - {"using":"xpath","value":"//button[@data-kt=\"addButton\"]"}
RESULT: {"using":"xpath","value":"//button[@data-kt=\"addButton\"]"}
COMMAND: POST /session/a414a6ae85a434897fa1c9da3096b959/elements - {"using":"xpath","value":"//button[@data-kt=\"addButton\"]"}
RESULT: {"using":"xpath","value":"//button[@data-kt=\"addButton\"]"}
COMMAND: POST /session/a414a6ae85a434897fa1c9da3096b959/elements - {"using":"xpath","value":"//button[@data-kt=\"addButton\"]"}
RESULT: {"using":"xpath","value":"//button[@data-kt=\"addButton\"]"}
COMMAND: POST /session/a414a6ae85a434897fa1c9da3096b959/elements - {"using":"xpath","value":"//button[@data-kt=\"addButton\"]"}
RESULT: {"using":"xpath","value":"//button[@data-kt=\"addButton\"]"}
COMMAND: POST /session/a414a6ae85a434897fa1c9da3096b959/elements - {"using":"xpath","value":"//button[@data-kt=\"addButton\"]"}
RESULT: {"using":"xpath","value":"//button[@data-kt=\"addButton\"]"}
COMMAND: POST /session/a414a6ae85a434897fa1c9da3096b959/elements - {"using":"xpath","value":"//button[@data-kt=\"addButton\"]"}
RESULT: {"using":"xpath","value":"//button[@data-kt=\"addButton\"]"}
COMMAND: POST /session/a414a6ae85a434897fa1c9da3096b959/elements - {"using":"xpath","value":"//button[@data-kt=\"addButton\"]"}
RESULT: {"using":"xpath","value":"//button[@data-kt=\"addButton\"]"}
COMMAND: POST /session/a414a6ae85a434897fa1c9da3096b959/elements - {"using":"xpath","value":"//button[@data-kt=\"addButton\"]"}
RESULT: {"using":"xpath","value":"//button[@data-kt=\"addButton\"]"}
COMMAND: POST /session/a414a6ae85a434897fa1c9da3096b959/elements - {"using":"xpath","value":"//button[@data-kt=\"addButton\"]"}
RESULT: {"using":"xpath","value":"//button[@data-kt=\"addButton\"]"}
COMMAND: POST /session/a414a6ae85a434897fa1c9da3096b959/elements - {"using":"xpath","value":"//button[@data-kt=\"addButton\"]"}
RESULT: {"using":"xpath","value":"//button[@data-kt=\"addButton\"]"}
COMMAND: POST /session/a414a6ae85a434897fa1c9da3096b959/elements - {"using":"xpath","value":"//button[@data-kt=\"addButton\"]"}
RESULT: {"using":"xpath","value":"//button[@data-kt=\"addButton\"]"}
COMMAND: GET /session/a414a6ae85a434897fa1c9da3096b959/screenshot - {}
RESULT: {}
]]></system-out>
      <system-err><![CDATA[
Error: element ("//button[@data-kt="addButton"]") still not existing after 45000ms
    at async UtilsPrerequisites.contractCreation (D:\a\1\s\test\specs\BTS\prerequisites-and-utils-functions.js:1741:9)
    at async Context.<anonymous> (D:\a\1\s\test\specs\HTR\provide-to-site-wo-warehouse-wo-clarification.spec.js:61:49)
]]></system-err>
    </testcase>
    <testcase classname="chrome.136_0_7103_93.windows.Provide_to_Site_w/o_warehouse_management_w/o_clarification" name="Should add equipment to the contract" time="60.432">
      <failure/>
      <error message="Can't call click on element with selector &quot;//button[@data-kt=&quot;contractDetailEditBtnButton&quot;]&quot; because element wasn't found"/>
      <system-out><![CDATA[
COMMAND: POST /session/a414a6ae85a434897fa1c9da3096b959/element - {"using":"xpath","value":"//button[@data-kt=\"contractDetailEditBtnButton\"]"}
COMMAND: GET /session/a414a6ae85a434897fa1c9da3096b959/screenshot - {}
RESULT: {"using":"xpath","value":"//button[@data-kt=\"contractDetailEditBtnButton\"]"}
COMMAND: POST /session/a414a6ae85a434897fa1c9da3096b959/elements - {"using":"xpath","value":"//button[@data-kt=\"contractDetailEditBtnButton\"]"}
RESULT: {}
RESULT: {"using":"xpath","value":"//button[@data-kt=\"contractDetailEditBtnButton\"]"}
COMMAND: POST /session/a414a6ae85a434897fa1c9da3096b959/elements - {"using":"xpath","value":"//button[@data-kt=\"contractDetailEditBtnButton\"]"}
RESULT: {"using":"xpath","value":"//button[@data-kt=\"contractDetailEditBtnButton\"]"}
COMMAND: POST /session/a414a6ae85a434897fa1c9da3096b959/elements - {"using":"xpath","value":"//button[@data-kt=\"contractDetailEditBtnButton\"]"}
RESULT: {"using":"xpath","value":"//button[@data-kt=\"contractDetailEditBtnButton\"]"}
COMMAND: POST /session/a414a6ae85a434897fa1c9da3096b959/elements - {"using":"xpath","value":"//button[@data-kt=\"contractDetailEditBtnButton\"]"}
RESULT: {"using":"xpath","value":"//button[@data-kt=\"contractDetailEditBtnButton\"]"}
COMMAND: POST /session/a414a6ae85a434897fa1c9da3096b959/elements - {"using":"xpath","value":"//button[@data-kt=\"contractDetailEditBtnButton\"]"}
RESULT: {"using":"xpath","value":"//button[@data-kt=\"contractDetailEditBtnButton\"]"}
COMMAND: POST /session/a414a6ae85a434897fa1c9da3096b959/elements - {"using":"xpath","value":"//button[@data-kt=\"contractDetailEditBtnButton\"]"}
RESULT: {"using":"xpath","value":"//button[@data-kt=\"contractDetailEditBtnButton\"]"}
COMMAND: POST /session/a414a6ae85a434897fa1c9da3096b959/elements - {"using":"xpath","value":"//button[@data-kt=\"contractDetailEditBtnButton\"]"}
RESULT: {"using":"xpath","value":"//button[@data-kt=\"contractDetailEditBtnButton\"]"}
COMMAND: POST /session/a414a6ae85a434897fa1c9da3096b959/elements - {"using":"xpath","value":"//button[@data-kt=\"contractDetailEditBtnButton\"]"}
RESULT: {"using":"xpath","value":"//button[@data-kt=\"contractDetailEditBtnButton\"]"}
COMMAND: POST /session/a414a6ae85a434897fa1c9da3096b959/elements - {"using":"xpath","value":"//button[@data-kt=\"contractDetailEditBtnButton\"]"}
RESULT: {"using":"xpath","value":"//button[@data-kt=\"contractDetailEditBtnButton\"]"}
COMMAND: POST /session/a414a6ae85a434897fa1c9da3096b959/elements - {"using":"xpath","value":"//button[@data-kt=\"contractDetailEditBtnButton\"]"}
RESULT: {"using":"xpath","value":"//button[@data-kt=\"contractDetailEditBtnButton\"]"}
COMMAND: POST /session/a414a6ae85a434897fa1c9da3096b959/elements - {"using":"xpath","value":"//button[@data-kt=\"contractDetailEditBtnButton\"]"}
RESULT: {"using":"xpath","value":"//button[@data-kt=\"contractDetailEditBtnButton\"]"}
COMMAND: POST /session/a414a6ae85a434897fa1c9da3096b959/elements - {"using":"xpath","value":"//button[@data-kt=\"contractDetailEditBtnButton\"]"}
RESULT: {"using":"xpath","value":"//button[@data-kt=\"contractDetailEditBtnButton\"]"}
COMMAND: POST /session/a414a6ae85a434897fa1c9da3096b959/elements - {"using":"xpath","value":"//button[@data-kt=\"contractDetailEditBtnButton\"]"}
RESULT: {"using":"xpath","value":"//button[@data-kt=\"contractDetailEditBtnButton\"]"}
COMMAND: POST /session/a414a6ae85a434897fa1c9da3096b959/elements - {"using":"xpath","value":"//button[@data-kt=\"contractDetailEditBtnButton\"]"}
RESULT: {"using":"xpath","value":"//button[@data-kt=\"contractDetailEditBtnButton\"]"}
COMMAND: POST /session/a414a6ae85a434897fa1c9da3096b959/elements - {"using":"xpath","value":"//button[@data-kt=\"contractDetailEditBtnButton\"]"}
RESULT: {"using":"xpath","value":"//button[@data-kt=\"contractDetailEditBtnButton\"]"}
COMMAND: POST /session/a414a6ae85a434897fa1c9da3096b959/elements - {"using":"xpath","value":"//button[@data-kt=\"contractDetailEditBtnButton\"]"}
RESULT: {"using":"xpath","value":"//button[@data-kt=\"contractDetailEditBtnButton\"]"}
COMMAND: POST /session/a414a6ae85a434897fa1c9da3096b959/elements - {"using":"xpath","value":"//button[@data-kt=\"contractDetailEditBtnButton\"]"}
RESULT: {"using":"xpath","value":"//button[@data-kt=\"contractDetailEditBtnButton\"]"}
COMMAND: POST /session/a414a6ae85a434897fa1c9da3096b959/elements - {"using":"xpath","value":"//button[@data-kt=\"contractDetailEditBtnButton\"]"}
RESULT: {"using":"xpath","value":"//button[@data-kt=\"contractDetailEditBtnButton\"]"}
COMMAND: POST /session/a414a6ae85a434897fa1c9da3096b959/elements - {"using":"xpath","value":"//button[@data-kt=\"contractDetailEditBtnButton\"]"}
RESULT: {"using":"xpath","value":"//button[@data-kt=\"contractDetailEditBtnButton\"]"}
COMMAND: POST /session/a414a6ae85a434897fa1c9da3096b959/elements - {"using":"xpath","value":"//button[@data-kt=\"contractDetailEditBtnButton\"]"}
RESULT: {"using":"xpath","value":"//button[@data-kt=\"contractDetailEditBtnButton\"]"}
COMMAND: POST /session/a414a6ae85a434897fa1c9da3096b959/elements - {"using":"xpath","value":"//button[@data-kt=\"contractDetailEditBtnButton\"]"}
RESULT: {"using":"xpath","value":"//button[@data-kt=\"contractDetailEditBtnButton\"]"}
COMMAND: POST /session/a414a6ae85a434897fa1c9da3096b959/elements - {"using":"xpath","value":"//button[@data-kt=\"contractDetailEditBtnButton\"]"}
RESULT: {"using":"xpath","value":"//button[@data-kt=\"contractDetailEditBtnButton\"]"}
COMMAND: POST /session/a414a6ae85a434897fa1c9da3096b959/elements - {"using":"xpath","value":"//button[@data-kt=\"contractDetailEditBtnButton\"]"}
RESULT: {"using":"xpath","value":"//button[@data-kt=\"contractDetailEditBtnButton\"]"}
COMMAND: POST /session/a414a6ae85a434897fa1c9da3096b959/elements - {"using":"xpath","value":"//button[@data-kt=\"contractDetailEditBtnButton\"]"}
RESULT: {"using":"xpath","value":"//button[@data-kt=\"contractDetailEditBtnButton\"]"}
COMMAND: POST /session/a414a6ae85a434897fa1c9da3096b959/elements - {"using":"xpath","value":"//button[@data-kt=\"contractDetailEditBtnButton\"]"}
RESULT: {"using":"xpath","value":"//button[@data-kt=\"contractDetailEditBtnButton\"]"}
COMMAND: POST /session/a414a6ae85a434897fa1c9da3096b959/elements - {"using":"xpath","value":"//button[@data-kt=\"contractDetailEditBtnButton\"]"}
RESULT: {"using":"xpath","value":"//button[@data-kt=\"contractDetailEditBtnButton\"]"}
COMMAND: POST /session/a414a6ae85a434897fa1c9da3096b959/elements - {"using":"xpath","value":"//button[@data-kt=\"contractDetailEditBtnButton\"]"}
RESULT: {"using":"xpath","value":"//button[@data-kt=\"contractDetailEditBtnButton\"]"}
COMMAND: POST /session/a414a6ae85a434897fa1c9da3096b959/elements - {"using":"xpath","value":"//button[@data-kt=\"contractDetailEditBtnButton\"]"}
RESULT: {"using":"xpath","value":"//button[@data-kt=\"contractDetailEditBtnButton\"]"}
COMMAND: POST /session/a414a6ae85a434897fa1c9da3096b959/elements - {"using":"xpath","value":"//button[@data-kt=\"contractDetailEditBtnButton\"]"}
RESULT: {"using":"xpath","value":"//button[@data-kt=\"contractDetailEditBtnButton\"]"}
COMMAND: POST /session/a414a6ae85a434897fa1c9da3096b959/elements - {"using":"xpath","value":"//button[@data-kt=\"contractDetailEditBtnButton\"]"}
RESULT: {"using":"xpath","value":"//button[@data-kt=\"contractDetailEditBtnButton\"]"}
COMMAND: POST /session/a414a6ae85a434897fa1c9da3096b959/elements - {"using":"xpath","value":"//button[@data-kt=\"contractDetailEditBtnButton\"]"}
RESULT: {"using":"xpath","value":"//button[@data-kt=\"contractDetailEditBtnButton\"]"}
COMMAND: POST /session/a414a6ae85a434897fa1c9da3096b959/elements - {"using":"xpath","value":"//button[@data-kt=\"contractDetailEditBtnButton\"]"}
RESULT: {"using":"xpath","value":"//button[@data-kt=\"contractDetailEditBtnButton\"]"}
COMMAND: POST /session/a414a6ae85a434897fa1c9da3096b959/elements - {"using":"xpath","value":"//button[@data-kt=\"contractDetailEditBtnButton\"]"}
RESULT: {"using":"xpath","value":"//button[@data-kt=\"contractDetailEditBtnButton\"]"}
COMMAND: POST /session/a414a6ae85a434897fa1c9da3096b959/elements - {"using":"xpath","value":"//button[@data-kt=\"contractDetailEditBtnButton\"]"}
RESULT: {"using":"xpath","value":"//button[@data-kt=\"contractDetailEditBtnButton\"]"}
COMMAND: POST /session/a414a6ae85a434897fa1c9da3096b959/elements - {"using":"xpath","value":"//button[@data-kt=\"contractDetailEditBtnButton\"]"}
RESULT: {"using":"xpath","value":"//button[@data-kt=\"contractDetailEditBtnButton\"]"}
COMMAND: POST /session/a414a6ae85a434897fa1c9da3096b959/elements - {"using":"xpath","value":"//button[@data-kt=\"contractDetailEditBtnButton\"]"}
RESULT: {"using":"xpath","value":"//button[@data-kt=\"contractDetailEditBtnButton\"]"}
COMMAND: POST /session/a414a6ae85a434897fa1c9da3096b959/elements - {"using":"xpath","value":"//button[@data-kt=\"contractDetailEditBtnButton\"]"}
RESULT: {"using":"xpath","value":"//button[@data-kt=\"contractDetailEditBtnButton\"]"}
COMMAND: POST /session/a414a6ae85a434897fa1c9da3096b959/elements - {"using":"xpath","value":"//button[@data-kt=\"contractDetailEditBtnButton\"]"}
RESULT: {"using":"xpath","value":"//button[@data-kt=\"contractDetailEditBtnButton\"]"}
COMMAND: POST /session/a414a6ae85a434897fa1c9da3096b959/elements - {"using":"xpath","value":"//button[@data-kt=\"contractDetailEditBtnButton\"]"}
RESULT: {"using":"xpath","value":"//button[@data-kt=\"contractDetailEditBtnButton\"]"}
COMMAND: POST /session/a414a6ae85a434897fa1c9da3096b959/elements - {"using":"xpath","value":"//button[@data-kt=\"contractDetailEditBtnButton\"]"}
RESULT: {"using":"xpath","value":"//button[@data-kt=\"contractDetailEditBtnButton\"]"}
COMMAND: POST /session/a414a6ae85a434897fa1c9da3096b959/elements - {"using":"xpath","value":"//button[@data-kt=\"contractDetailEditBtnButton\"]"}
RESULT: {"using":"xpath","value":"//button[@data-kt=\"contractDetailEditBtnButton\"]"}
COMMAND: POST /session/a414a6ae85a434897fa1c9da3096b959/elements - {"using":"xpath","value":"//button[@data-kt=\"contractDetailEditBtnButton\"]"}
RESULT: {"using":"xpath","value":"//button[@data-kt=\"contractDetailEditBtnButton\"]"}
COMMAND: POST /session/a414a6ae85a434897fa1c9da3096b959/elements - {"using":"xpath","value":"//button[@data-kt=\"contractDetailEditBtnButton\"]"}
RESULT: {"using":"xpath","value":"//button[@data-kt=\"contractDetailEditBtnButton\"]"}
COMMAND: POST /session/a414a6ae85a434897fa1c9da3096b959/elements - {"using":"xpath","value":"//button[@data-kt=\"contractDetailEditBtnButton\"]"}
RESULT: {"using":"xpath","value":"//button[@data-kt=\"contractDetailEditBtnButton\"]"}
COMMAND: POST /session/a414a6ae85a434897fa1c9da3096b959/elements - {"using":"xpath","value":"//button[@data-kt=\"contractDetailEditBtnButton\"]"}
RESULT: {"using":"xpath","value":"//button[@data-kt=\"contractDetailEditBtnButton\"]"}
COMMAND: POST /session/a414a6ae85a434897fa1c9da3096b959/elements - {"using":"xpath","value":"//button[@data-kt=\"contractDetailEditBtnButton\"]"}
RESULT: {"using":"xpath","value":"//button[@data-kt=\"contractDetailEditBtnButton\"]"}
COMMAND: POST /session/a414a6ae85a434897fa1c9da3096b959/elements - {"using":"xpath","value":"//button[@data-kt=\"contractDetailEditBtnButton\"]"}
RESULT: {"using":"xpath","value":"//button[@data-kt=\"contractDetailEditBtnButton\"]"}
COMMAND: POST /session/a414a6ae85a434897fa1c9da3096b959/elements - {"using":"xpath","value":"//button[@data-kt=\"contractDetailEditBtnButton\"]"}
RESULT: {"using":"xpath","value":"//button[@data-kt=\"contractDetailEditBtnButton\"]"}
COMMAND: POST /session/a414a6ae85a434897fa1c9da3096b959/elements - {"using":"xpath","value":"//button[@data-kt=\"contractDetailEditBtnButton\"]"}
RESULT: {"using":"xpath","value":"//button[@data-kt=\"contractDetailEditBtnButton\"]"}
COMMAND: POST /session/a414a6ae85a434897fa1c9da3096b959/elements - {"using":"xpath","value":"//button[@data-kt=\"contractDetailEditBtnButton\"]"}
RESULT: {"using":"xpath","value":"//button[@data-kt=\"contractDetailEditBtnButton\"]"}
COMMAND: POST /session/a414a6ae85a434897fa1c9da3096b959/elements - {"using":"xpath","value":"//button[@data-kt=\"contractDetailEditBtnButton\"]"}
RESULT: {"using":"xpath","value":"//button[@data-kt=\"contractDetailEditBtnButton\"]"}
COMMAND: POST /session/a414a6ae85a434897fa1c9da3096b959/elements - {"using":"xpath","value":"//button[@data-kt=\"contractDetailEditBtnButton\"]"}
RESULT: {"using":"xpath","value":"//button[@data-kt=\"contractDetailEditBtnButton\"]"}
COMMAND: POST /session/a414a6ae85a434897fa1c9da3096b959/elements - {"using":"xpath","value":"//button[@data-kt=\"contractDetailEditBtnButton\"]"}
RESULT: {"using":"xpath","value":"//button[@data-kt=\"contractDetailEditBtnButton\"]"}
COMMAND: POST /session/a414a6ae85a434897fa1c9da3096b959/elements - {"using":"xpath","value":"//button[@data-kt=\"contractDetailEditBtnButton\"]"}
RESULT: {"using":"xpath","value":"//button[@data-kt=\"contractDetailEditBtnButton\"]"}
COMMAND: POST /session/a414a6ae85a434897fa1c9da3096b959/elements - {"using":"xpath","value":"//button[@data-kt=\"contractDetailEditBtnButton\"]"}
RESULT: {"using":"xpath","value":"//button[@data-kt=\"contractDetailEditBtnButton\"]"}
COMMAND: POST /session/a414a6ae85a434897fa1c9da3096b959/elements - {"using":"xpath","value":"//button[@data-kt=\"contractDetailEditBtnButton\"]"}
RESULT: {"using":"xpath","value":"//button[@data-kt=\"contractDetailEditBtnButton\"]"}
COMMAND: POST /session/a414a6ae85a434897fa1c9da3096b959/elements - {"using":"xpath","value":"//button[@data-kt=\"contractDetailEditBtnButton\"]"}
RESULT: {"using":"xpath","value":"//button[@data-kt=\"contractDetailEditBtnButton\"]"}
COMMAND: POST /session/a414a6ae85a434897fa1c9da3096b959/elements - {"using":"xpath","value":"//button[@data-kt=\"contractDetailEditBtnButton\"]"}
RESULT: {"using":"xpath","value":"//button[@data-kt=\"contractDetailEditBtnButton\"]"}
COMMAND: POST /session/a414a6ae85a434897fa1c9da3096b959/elements - {"using":"xpath","value":"//button[@data-kt=\"contractDetailEditBtnButton\"]"}
RESULT: {"using":"xpath","value":"//button[@data-kt=\"contractDetailEditBtnButton\"]"}
COMMAND: POST /session/a414a6ae85a434897fa1c9da3096b959/elements - {"using":"xpath","value":"//button[@data-kt=\"contractDetailEditBtnButton\"]"}
RESULT: {"using":"xpath","value":"//button[@data-kt=\"contractDetailEditBtnButton\"]"}
COMMAND: POST /session/a414a6ae85a434897fa1c9da3096b959/elements - {"using":"xpath","value":"//button[@data-kt=\"contractDetailEditBtnButton\"]"}
RESULT: {"using":"xpath","value":"//button[@data-kt=\"contractDetailEditBtnButton\"]"}
COMMAND: POST /session/a414a6ae85a434897fa1c9da3096b959/elements - {"using":"xpath","value":"//button[@data-kt=\"contractDetailEditBtnButton\"]"}
RESULT: {"using":"xpath","value":"//button[@data-kt=\"contractDetailEditBtnButton\"]"}
COMMAND: POST /session/a414a6ae85a434897fa1c9da3096b959/elements - {"using":"xpath","value":"//button[@data-kt=\"contractDetailEditBtnButton\"]"}
RESULT: {"using":"xpath","value":"//button[@data-kt=\"contractDetailEditBtnButton\"]"}
COMMAND: POST /session/a414a6ae85a434897fa1c9da3096b959/elements - {"using":"xpath","value":"//button[@data-kt=\"contractDetailEditBtnButton\"]"}
RESULT: {"using":"xpath","value":"//button[@data-kt=\"contractDetailEditBtnButton\"]"}
COMMAND: POST /session/a414a6ae85a434897fa1c9da3096b959/elements - {"using":"xpath","value":"//button[@data-kt=\"contractDetailEditBtnButton\"]"}
RESULT: {"using":"xpath","value":"//button[@data-kt=\"contractDetailEditBtnButton\"]"}
COMMAND: POST /session/a414a6ae85a434897fa1c9da3096b959/elements - {"using":"xpath","value":"//button[@data-kt=\"contractDetailEditBtnButton\"]"}
RESULT: {"using":"xpath","value":"//button[@data-kt=\"contractDetailEditBtnButton\"]"}
COMMAND: POST /session/a414a6ae85a434897fa1c9da3096b959/elements - {"using":"xpath","value":"//button[@data-kt=\"contractDetailEditBtnButton\"]"}
RESULT: {"using":"xpath","value":"//button[@data-kt=\"contractDetailEditBtnButton\"]"}
COMMAND: POST /session/a414a6ae85a434897fa1c9da3096b959/elements - {"using":"xpath","value":"//button[@data-kt=\"contractDetailEditBtnButton\"]"}
RESULT: {"using":"xpath","value":"//button[@data-kt=\"contractDetailEditBtnButton\"]"}
COMMAND: POST /session/a414a6ae85a434897fa1c9da3096b959/elements - {"using":"xpath","value":"//button[@data-kt=\"contractDetailEditBtnButton\"]"}
RESULT: {"using":"xpath","value":"//button[@data-kt=\"contractDetailEditBtnButton\"]"}
COMMAND: POST /session/a414a6ae85a434897fa1c9da3096b959/elements - {"using":"xpath","value":"//button[@data-kt=\"contractDetailEditBtnButton\"]"}
RESULT: {"using":"xpath","value":"//button[@data-kt=\"contractDetailEditBtnButton\"]"}
COMMAND: POST /session/a414a6ae85a434897fa1c9da3096b959/elements - {"using":"xpath","value":"//button[@data-kt=\"contractDetailEditBtnButton\"]"}
RESULT: {"using":"xpath","value":"//button[@data-kt=\"contractDetailEditBtnButton\"]"}
COMMAND: POST /session/a414a6ae85a434897fa1c9da3096b959/elements - {"using":"xpath","value":"//button[@data-kt=\"contractDetailEditBtnButton\"]"}
RESULT: {"using":"xpath","value":"//button[@data-kt=\"contractDetailEditBtnButton\"]"}
COMMAND: POST /session/a414a6ae85a434897fa1c9da3096b959/elements - {"using":"xpath","value":"//button[@data-kt=\"contractDetailEditBtnButton\"]"}
RESULT: {"using":"xpath","value":"//button[@data-kt=\"contractDetailEditBtnButton\"]"}
COMMAND: POST /session/a414a6ae85a434897fa1c9da3096b959/elements - {"using":"xpath","value":"//button[@data-kt=\"contractDetailEditBtnButton\"]"}
RESULT: {"using":"xpath","value":"//button[@data-kt=\"contractDetailEditBtnButton\"]"}
COMMAND: POST /session/a414a6ae85a434897fa1c9da3096b959/elements - {"using":"xpath","value":"//button[@data-kt=\"contractDetailEditBtnButton\"]"}
RESULT: {"using":"xpath","value":"//button[@data-kt=\"contractDetailEditBtnButton\"]"}
COMMAND: POST /session/a414a6ae85a434897fa1c9da3096b959/elements - {"using":"xpath","value":"//button[@data-kt=\"contractDetailEditBtnButton\"]"}
RESULT: {"using":"xpath","value":"//button[@data-kt=\"contractDetailEditBtnButton\"]"}
COMMAND: POST /session/a414a6ae85a434897fa1c9da3096b959/elements - {"using":"xpath","value":"//button[@data-kt=\"contractDetailEditBtnButton\"]"}
RESULT: {"using":"xpath","value":"//button[@data-kt=\"contractDetailEditBtnButton\"]"}
COMMAND: POST /session/a414a6ae85a434897fa1c9da3096b959/elements - {"using":"xpath","value":"//button[@data-kt=\"contractDetailEditBtnButton\"]"}
RESULT: {"using":"xpath","value":"//button[@data-kt=\"contractDetailEditBtnButton\"]"}
COMMAND: POST /session/a414a6ae85a434897fa1c9da3096b959/elements - {"using":"xpath","value":"//button[@data-kt=\"contractDetailEditBtnButton\"]"}
RESULT: {"using":"xpath","value":"//button[@data-kt=\"contractDetailEditBtnButton\"]"}
COMMAND: POST /session/a414a6ae85a434897fa1c9da3096b959/elements - {"using":"xpath","value":"//button[@data-kt=\"contractDetailEditBtnButton\"]"}
RESULT: {"using":"xpath","value":"//button[@data-kt=\"contractDetailEditBtnButton\"]"}
COMMAND: POST /session/a414a6ae85a434897fa1c9da3096b959/elements - {"using":"xpath","value":"//button[@data-kt=\"contractDetailEditBtnButton\"]"}
RESULT: {"using":"xpath","value":"//button[@data-kt=\"contractDetailEditBtnButton\"]"}
COMMAND: POST /session/a414a6ae85a434897fa1c9da3096b959/elements - {"using":"xpath","value":"//button[@data-kt=\"contractDetailEditBtnButton\"]"}
RESULT: {"using":"xpath","value":"//button[@data-kt=\"contractDetailEditBtnButton\"]"}
COMMAND: POST /session/a414a6ae85a434897fa1c9da3096b959/elements - {"using":"xpath","value":"//button[@data-kt=\"contractDetailEditBtnButton\"]"}
RESULT: {"using":"xpath","value":"//button[@data-kt=\"contractDetailEditBtnButton\"]"}
COMMAND: POST /session/a414a6ae85a434897fa1c9da3096b959/elements - {"using":"xpath","value":"//button[@data-kt=\"contractDetailEditBtnButton\"]"}
RESULT: {"using":"xpath","value":"//button[@data-kt=\"contractDetailEditBtnButton\"]"}
COMMAND: POST /session/a414a6ae85a434897fa1c9da3096b959/elements - {"using":"xpath","value":"//button[@data-kt=\"contractDetailEditBtnButton\"]"}
RESULT: {"using":"xpath","value":"//button[@data-kt=\"contractDetailEditBtnButton\"]"}
COMMAND: POST /session/a414a6ae85a434897fa1c9da3096b959/elements - {"using":"xpath","value":"//button[@data-kt=\"contractDetailEditBtnButton\"]"}
RESULT: {"using":"xpath","value":"//button[@data-kt=\"contractDetailEditBtnButton\"]"}
COMMAND: POST /session/a414a6ae85a434897fa1c9da3096b959/elements - {"using":"xpath","value":"//button[@data-kt=\"contractDetailEditBtnButton\"]"}
RESULT: {"using":"xpath","value":"//button[@data-kt=\"contractDetailEditBtnButton\"]"}
COMMAND: POST /session/a414a6ae85a434897fa1c9da3096b959/elements - {"using":"xpath","value":"//button[@data-kt=\"contractDetailEditBtnButton\"]"}
RESULT: {"using":"xpath","value":"//button[@data-kt=\"contractDetailEditBtnButton\"]"}
COMMAND: POST /session/a414a6ae85a434897fa1c9da3096b959/elements - {"using":"xpath","value":"//button[@data-kt=\"contractDetailEditBtnButton\"]"}
RESULT: {"using":"xpath","value":"//button[@data-kt=\"contractDetailEditBtnButton\"]"}
COMMAND: POST /session/a414a6ae85a434897fa1c9da3096b959/elements - {"using":"xpath","value":"//button[@data-kt=\"contractDetailEditBtnButton\"]"}
RESULT: {"using":"xpath","value":"//button[@data-kt=\"contractDetailEditBtnButton\"]"}
COMMAND: POST /session/a414a6ae85a434897fa1c9da3096b959/elements - {"using":"xpath","value":"//button[@data-kt=\"contractDetailEditBtnButton\"]"}
RESULT: {"using":"xpath","value":"//button[@data-kt=\"contractDetailEditBtnButton\"]"}
COMMAND: POST /session/a414a6ae85a434897fa1c9da3096b959/elements - {"using":"xpath","value":"//button[@data-kt=\"contractDetailEditBtnButton\"]"}
RESULT: {"using":"xpath","value":"//button[@data-kt=\"contractDetailEditBtnButton\"]"}
COMMAND: POST /session/a414a6ae85a434897fa1c9da3096b959/elements - {"using":"xpath","value":"//button[@data-kt=\"contractDetailEditBtnButton\"]"}
RESULT: {"using":"xpath","value":"//button[@data-kt=\"contractDetailEditBtnButton\"]"}
COMMAND: POST /session/a414a6ae85a434897fa1c9da3096b959/elements - {"using":"xpath","value":"//button[@data-kt=\"contractDetailEditBtnButton\"]"}
RESULT: {"using":"xpath","value":"//button[@data-kt=\"contractDetailEditBtnButton\"]"}
COMMAND: POST /session/a414a6ae85a434897fa1c9da3096b959/elements - {"using":"xpath","value":"//button[@data-kt=\"contractDetailEditBtnButton\"]"}
RESULT: {"using":"xpath","value":"//button[@data-kt=\"contractDetailEditBtnButton\"]"}
COMMAND: POST /session/a414a6ae85a434897fa1c9da3096b959/elements - {"using":"xpath","value":"//button[@data-kt=\"contractDetailEditBtnButton\"]"}
RESULT: {"using":"xpath","value":"//button[@data-kt=\"contractDetailEditBtnButton\"]"}
COMMAND: POST /session/a414a6ae85a434897fa1c9da3096b959/elements - {"using":"xpath","value":"//button[@data-kt=\"contractDetailEditBtnButton\"]"}
RESULT: {"using":"xpath","value":"//button[@data-kt=\"contractDetailEditBtnButton\"]"}
COMMAND: POST /session/a414a6ae85a434897fa1c9da3096b959/elements - {"using":"xpath","value":"//button[@data-kt=\"contractDetailEditBtnButton\"]"}
RESULT: {"using":"xpath","value":"//button[@data-kt=\"contractDetailEditBtnButton\"]"}
COMMAND: POST /session/a414a6ae85a434897fa1c9da3096b959/elements - {"using":"xpath","value":"//button[@data-kt=\"contractDetailEditBtnButton\"]"}
RESULT: {"using":"xpath","value":"//button[@data-kt=\"contractDetailEditBtnButton\"]"}
COMMAND: POST /session/a414a6ae85a434897fa1c9da3096b959/elements - {"using":"xpath","value":"//button[@data-kt=\"contractDetailEditBtnButton\"]"}
RESULT: {"using":"xpath","value":"//button[@data-kt=\"contractDetailEditBtnButton\"]"}
COMMAND: POST /session/a414a6ae85a434897fa1c9da3096b959/elements - {"using":"xpath","value":"//button[@data-kt=\"contractDetailEditBtnButton\"]"}
RESULT: {"using":"xpath","value":"//button[@data-kt=\"contractDetailEditBtnButton\"]"}
COMMAND: POST /session/a414a6ae85a434897fa1c9da3096b959/elements - {"using":"xpath","value":"//button[@data-kt=\"contractDetailEditBtnButton\"]"}
RESULT: {"using":"xpath","value":"//button[@data-kt=\"contractDetailEditBtnButton\"]"}
COMMAND: POST /session/a414a6ae85a434897fa1c9da3096b959/elements - {"using":"xpath","value":"//button[@data-kt=\"contractDetailEditBtnButton\"]"}
RESULT: {"using":"xpath","value":"//button[@data-kt=\"contractDetailEditBtnButton\"]"}
COMMAND: POST /session/a414a6ae85a434897fa1c9da3096b959/elements - {"using":"xpath","value":"//button[@data-kt=\"contractDetailEditBtnButton\"]"}
RESULT: {"using":"xpath","value":"//button[@data-kt=\"contractDetailEditBtnButton\"]"}
COMMAND: POST /session/a414a6ae85a434897fa1c9da3096b959/elements - {"using":"xpath","value":"//button[@data-kt=\"contractDetailEditBtnButton\"]"}
RESULT: {"using":"xpath","value":"//button[@data-kt=\"contractDetailEditBtnButton\"]"}
COMMAND: POST /session/a414a6ae85a434897fa1c9da3096b959/elements - {"using":"xpath","value":"//button[@data-kt=\"contractDetailEditBtnButton\"]"}
RESULT: {"using":"xpath","value":"//button[@data-kt=\"contractDetailEditBtnButton\"]"}
COMMAND: POST /session/a414a6ae85a434897fa1c9da3096b959/elements - {"using":"xpath","value":"//button[@data-kt=\"contractDetailEditBtnButton\"]"}
RESULT: {"using":"xpath","value":"//button[@data-kt=\"contractDetailEditBtnButton\"]"}
COMMAND: POST /session/a414a6ae85a434897fa1c9da3096b959/elements - {"using":"xpath","value":"//button[@data-kt=\"contractDetailEditBtnButton\"]"}
RESULT: {"using":"xpath","value":"//button[@data-kt=\"contractDetailEditBtnButton\"]"}
COMMAND: POST /session/a414a6ae85a434897fa1c9da3096b959/elements - {"using":"xpath","value":"//button[@data-kt=\"contractDetailEditBtnButton\"]"}
RESULT: {"using":"xpath","value":"//button[@data-kt=\"contractDetailEditBtnButton\"]"}
COMMAND: POST /session/a414a6ae85a434897fa1c9da3096b959/elements - {"using":"xpath","value":"//button[@data-kt=\"contractDetailEditBtnButton\"]"}
RESULT: {"using":"xpath","value":"//button[@data-kt=\"contractDetailEditBtnButton\"]"}
COMMAND: POST /session/a414a6ae85a434897fa1c9da3096b959/elements - {"using":"xpath","value":"//button[@data-kt=\"contractDetailEditBtnButton\"]"}
RESULT: {"using":"xpath","value":"//button[@data-kt=\"contractDetailEditBtnButton\"]"}
COMMAND: POST /session/a414a6ae85a434897fa1c9da3096b959/elements - {"using":"xpath","value":"//button[@data-kt=\"contractDetailEditBtnButton\"]"}
RESULT: {"using":"xpath","value":"//button[@data-kt=\"contractDetailEditBtnButton\"]"}
COMMAND: POST /session/a414a6ae85a434897fa1c9da3096b959/elements - {"using":"xpath","value":"//button[@data-kt=\"contractDetailEditBtnButton\"]"}
RESULT: {"using":"xpath","value":"//button[@data-kt=\"contractDetailEditBtnButton\"]"}
COMMAND: POST /session/a414a6ae85a434897fa1c9da3096b959/elements - {"using":"xpath","value":"//button[@data-kt=\"contractDetailEditBtnButton\"]"}
RESULT: {"using":"xpath","value":"//button[@data-kt=\"contractDetailEditBtnButton\"]"}
COMMAND: POST /session/a414a6ae85a434897fa1c9da3096b959/elements - {"using":"xpath","value":"//button[@data-kt=\"contractDetailEditBtnButton\"]"}
RESULT: {"using":"xpath","value":"//button[@data-kt=\"contractDetailEditBtnButton\"]"}
COMMAND: POST /session/a414a6ae85a434897fa1c9da3096b959/elements - {"using":"xpath","value":"//button[@data-kt=\"contractDetailEditBtnButton\"]"}
RESULT: {"using":"xpath","value":"//button[@data-kt=\"contractDetailEditBtnButton\"]"}
COMMAND: POST /session/a414a6ae85a434897fa1c9da3096b959/elements - {"using":"xpath","value":"//button[@data-kt=\"contractDetailEditBtnButton\"]"}
RESULT: {"using":"xpath","value":"//button[@data-kt=\"contractDetailEditBtnButton\"]"}
COMMAND: POST /session/a414a6ae85a434897fa1c9da3096b959/elements - {"using":"xpath","value":"//button[@data-kt=\"contractDetailEditBtnButton\"]"}
RESULT: {"using":"xpath","value":"//button[@data-kt=\"contractDetailEditBtnButton\"]"}
COMMAND: POST /session/a414a6ae85a434897fa1c9da3096b959/elements - {"using":"xpath","value":"//button[@data-kt=\"contractDetailEditBtnButton\"]"}
RESULT: {"using":"xpath","value":"//button[@data-kt=\"contractDetailEditBtnButton\"]"}
COMMAND: POST /session/a414a6ae85a434897fa1c9da3096b959/elements - {"using":"xpath","value":"//button[@data-kt=\"contractDetailEditBtnButton\"]"}
RESULT: {"using":"xpath","value":"//button[@data-kt=\"contractDetailEditBtnButton\"]"}
COMMAND: GET /session/a414a6ae85a434897fa1c9da3096b959/screenshot - {}
RESULT: {}
]]></system-out>
      <system-err><![CDATA[
Error: Can't call click on element with selector "//button[@data-kt="contractDetailEditBtnButton"]" because element wasn't found
    at async UtilsPrerequisites.addItemToContract (D:\a\1\s\test\specs\BTS\prerequisites-and-utils-functions.js:1852:9)
    at async Context.<anonymous> (D:\a\1\s\test\specs\HTR\provide-to-site-wo-warehouse-wo-clarification.spec.js:65:9)
]]></system-err>
    </testcase>
    <testcase classname="chrome.136_0_7103_93.windows.Provide_to_Site_w/o_warehouse_management_w/o_clarification" name="Should do provide to site" time="61.058">
      <failure/>
      <error message="Can't call click on element with selector &quot;//button[@data-kt=&quot;provideButton&quot;]&quot; because element wasn't found"/>
      <system-out><![CDATA[
COMMAND: GET /session/a414a6ae85a434897fa1c9da3096b959/screenshot - {}
COMMAND: POST /session/a414a6ae85a434897fa1c9da3096b959/element - {"using":"xpath","value":"//button[@data-kt=\"provideButton\"]"}
RESULT: {}
RESULT: {"using":"xpath","value":"//button[@data-kt=\"provideButton\"]"}
COMMAND: POST /session/a414a6ae85a434897fa1c9da3096b959/elements - {"using":"xpath","value":"//button[@data-kt=\"provideButton\"]"}
RESULT: {"using":"xpath","value":"//button[@data-kt=\"provideButton\"]"}
COMMAND: POST /session/a414a6ae85a434897fa1c9da3096b959/elements - {"using":"xpath","value":"//button[@data-kt=\"provideButton\"]"}
RESULT: {"using":"xpath","value":"//button[@data-kt=\"provideButton\"]"}
COMMAND: POST /session/a414a6ae85a434897fa1c9da3096b959/elements - {"using":"xpath","value":"//button[@data-kt=\"provideButton\"]"}
RESULT: {"using":"xpath","value":"//button[@data-kt=\"provideButton\"]"}
COMMAND: POST /session/a414a6ae85a434897fa1c9da3096b959/elements - {"using":"xpath","value":"//button[@data-kt=\"provideButton\"]"}
RESULT: {"using":"xpath","value":"//button[@data-kt=\"provideButton\"]"}
COMMAND: POST /session/a414a6ae85a434897fa1c9da3096b959/elements - {"using":"xpath","value":"//button[@data-kt=\"provideButton\"]"}
RESULT: {"using":"xpath","value":"//button[@data-kt=\"provideButton\"]"}
COMMAND: POST /session/a414a6ae85a434897fa1c9da3096b959/elements - {"using":"xpath","value":"//button[@data-kt=\"provideButton\"]"}
RESULT: {"using":"xpath","value":"//button[@data-kt=\"provideButton\"]"}
COMMAND: POST /session/a414a6ae85a434897fa1c9da3096b959/elements - {"using":"xpath","value":"//button[@data-kt=\"provideButton\"]"}
RESULT: {"using":"xpath","value":"//button[@data-kt=\"provideButton\"]"}
COMMAND: POST /session/a414a6ae85a434897fa1c9da3096b959/elements - {"using":"xpath","value":"//button[@data-kt=\"provideButton\"]"}
RESULT: {"using":"xpath","value":"//button[@data-kt=\"provideButton\"]"}
COMMAND: POST /session/a414a6ae85a434897fa1c9da3096b959/elements - {"using":"xpath","value":"//button[@data-kt=\"provideButton\"]"}
RESULT: {"using":"xpath","value":"//button[@data-kt=\"provideButton\"]"}
COMMAND: POST /session/a414a6ae85a434897fa1c9da3096b959/elements - {"using":"xpath","value":"//button[@data-kt=\"provideButton\"]"}
RESULT: {"using":"xpath","value":"//button[@data-kt=\"provideButton\"]"}
COMMAND: POST /session/a414a6ae85a434897fa1c9da3096b959/elements - {"using":"xpath","value":"//button[@data-kt=\"provideButton\"]"}
RESULT: {"using":"xpath","value":"//button[@data-kt=\"provideButton\"]"}
COMMAND: POST /session/a414a6ae85a434897fa1c9da3096b959/elements - {"using":"xpath","value":"//button[@data-kt=\"provideButton\"]"}
RESULT: {"using":"xpath","value":"//button[@data-kt=\"provideButton\"]"}
COMMAND: POST /session/a414a6ae85a434897fa1c9da3096b959/elements - {"using":"xpath","value":"//button[@data-kt=\"provideButton\"]"}
RESULT: {"using":"xpath","value":"//button[@data-kt=\"provideButton\"]"}
COMMAND: POST /session/a414a6ae85a434897fa1c9da3096b959/elements - {"using":"xpath","value":"//button[@data-kt=\"provideButton\"]"}
RESULT: {"using":"xpath","value":"//button[@data-kt=\"provideButton\"]"}
COMMAND: POST /session/a414a6ae85a434897fa1c9da3096b959/elements - {"using":"xpath","value":"//button[@data-kt=\"provideButton\"]"}
RESULT: {"using":"xpath","value":"//button[@data-kt=\"provideButton\"]"}
COMMAND: POST /session/a414a6ae85a434897fa1c9da3096b959/elements - {"using":"xpath","value":"//button[@data-kt=\"provideButton\"]"}
RESULT: {"using":"xpath","value":"//button[@data-kt=\"provideButton\"]"}
COMMAND: POST /session/a414a6ae85a434897fa1c9da3096b959/elements - {"using":"xpath","value":"//button[@data-kt=\"provideButton\"]"}
RESULT: {"using":"xpath","value":"//button[@data-kt=\"provideButton\"]"}
COMMAND: POST /session/a414a6ae85a434897fa1c9da3096b959/elements - {"using":"xpath","value":"//button[@data-kt=\"provideButton\"]"}
RESULT: {"using":"xpath","value":"//button[@data-kt=\"provideButton\"]"}
COMMAND: POST /session/a414a6ae85a434897fa1c9da3096b959/elements - {"using":"xpath","value":"//button[@data-kt=\"provideButton\"]"}
RESULT: {"using":"xpath","value":"//button[@data-kt=\"provideButton\"]"}
COMMAND: POST /session/a414a6ae85a434897fa1c9da3096b959/elements - {"using":"xpath","value":"//button[@data-kt=\"provideButton\"]"}
RESULT: {"using":"xpath","value":"//button[@data-kt=\"provideButton\"]"}
COMMAND: POST /session/a414a6ae85a434897fa1c9da3096b959/elements - {"using":"xpath","value":"//button[@data-kt=\"provideButton\"]"}
RESULT: {"using":"xpath","value":"//button[@data-kt=\"provideButton\"]"}
COMMAND: POST /session/a414a6ae85a434897fa1c9da3096b959/elements - {"using":"xpath","value":"//button[@data-kt=\"provideButton\"]"}
RESULT: {"using":"xpath","value":"//button[@data-kt=\"provideButton\"]"}
COMMAND: POST /session/a414a6ae85a434897fa1c9da3096b959/elements - {"using":"xpath","value":"//button[@data-kt=\"provideButton\"]"}
RESULT: {"using":"xpath","value":"//button[@data-kt=\"provideButton\"]"}
COMMAND: POST /session/a414a6ae85a434897fa1c9da3096b959/elements - {"using":"xpath","value":"//button[@data-kt=\"provideButton\"]"}
RESULT: {"using":"xpath","value":"//button[@data-kt=\"provideButton\"]"}
COMMAND: POST /session/a414a6ae85a434897fa1c9da3096b959/elements - {"using":"xpath","value":"//button[@data-kt=\"provideButton\"]"}
RESULT: {"using":"xpath","value":"//button[@data-kt=\"provideButton\"]"}
COMMAND: POST /session/a414a6ae85a434897fa1c9da3096b959/elements - {"using":"xpath","value":"//button[@data-kt=\"provideButton\"]"}
RESULT: {"using":"xpath","value":"//button[@data-kt=\"provideButton\"]"}
COMMAND: POST /session/a414a6ae85a434897fa1c9da3096b959/elements - {"using":"xpath","value":"//button[@data-kt=\"provideButton\"]"}
RESULT: {"using":"xpath","value":"//button[@data-kt=\"provideButton\"]"}
COMMAND: POST /session/a414a6ae85a434897fa1c9da3096b959/elements - {"using":"xpath","value":"//button[@data-kt=\"provideButton\"]"}
RESULT: {"using":"xpath","value":"//button[@data-kt=\"provideButton\"]"}
COMMAND: POST /session/a414a6ae85a434897fa1c9da3096b959/elements - {"using":"xpath","value":"//button[@data-kt=\"provideButton\"]"}
RESULT: {"using":"xpath","value":"//button[@data-kt=\"provideButton\"]"}
COMMAND: POST /session/a414a6ae85a434897fa1c9da3096b959/elements - {"using":"xpath","value":"//button[@data-kt=\"provideButton\"]"}
RESULT: {"using":"xpath","value":"//button[@data-kt=\"provideButton\"]"}
COMMAND: POST /session/a414a6ae85a434897fa1c9da3096b959/elements - {"using":"xpath","value":"//button[@data-kt=\"provideButton\"]"}
RESULT: {"using":"xpath","value":"//button[@data-kt=\"provideButton\"]"}
COMMAND: POST /session/a414a6ae85a434897fa1c9da3096b959/elements - {"using":"xpath","value":"//button[@data-kt=\"provideButton\"]"}
RESULT: {"using":"xpath","value":"//button[@data-kt=\"provideButton\"]"}
COMMAND: POST /session/a414a6ae85a434897fa1c9da3096b959/elements - {"using":"xpath","value":"//button[@data-kt=\"provideButton\"]"}
RESULT: {"using":"xpath","value":"//button[@data-kt=\"provideButton\"]"}
COMMAND: POST /session/a414a6ae85a434897fa1c9da3096b959/elements - {"using":"xpath","value":"//button[@data-kt=\"provideButton\"]"}
RESULT: {"using":"xpath","value":"//button[@data-kt=\"provideButton\"]"}
COMMAND: POST /session/a414a6ae85a434897fa1c9da3096b959/elements - {"using":"xpath","value":"//button[@data-kt=\"provideButton\"]"}
RESULT: {"using":"xpath","value":"//button[@data-kt=\"provideButton\"]"}
COMMAND: POST /session/a414a6ae85a434897fa1c9da3096b959/elements - {"using":"xpath","value":"//button[@data-kt=\"provideButton\"]"}
RESULT: {"using":"xpath","value":"//button[@data-kt=\"provideButton\"]"}
COMMAND: POST /session/a414a6ae85a434897fa1c9da3096b959/elements - {"using":"xpath","value":"//button[@data-kt=\"provideButton\"]"}
RESULT: {"using":"xpath","value":"//button[@data-kt=\"provideButton\"]"}
COMMAND: POST /session/a414a6ae85a434897fa1c9da3096b959/elements - {"using":"xpath","value":"//button[@data-kt=\"provideButton\"]"}
RESULT: {"using":"xpath","value":"//button[@data-kt=\"provideButton\"]"}
COMMAND: POST /session/a414a6ae85a434897fa1c9da3096b959/elements - {"using":"xpath","value":"//button[@data-kt=\"provideButton\"]"}
RESULT: {"using":"xpath","value":"//button[@data-kt=\"provideButton\"]"}
COMMAND: POST /session/a414a6ae85a434897fa1c9da3096b959/elements - {"using":"xpath","value":"//button[@data-kt=\"provideButton\"]"}
RESULT: {"using":"xpath","value":"//button[@data-kt=\"provideButton\"]"}
COMMAND: POST /session/a414a6ae85a434897fa1c9da3096b959/elements - {"using":"xpath","value":"//button[@data-kt=\"provideButton\"]"}
RESULT: {"using":"xpath","value":"//button[@data-kt=\"provideButton\"]"}
COMMAND: POST /session/a414a6ae85a434897fa1c9da3096b959/elements - {"using":"xpath","value":"//button[@data-kt=\"provideButton\"]"}
RESULT: {"using":"xpath","value":"//button[@data-kt=\"provideButton\"]"}
COMMAND: POST /session/a414a6ae85a434897fa1c9da3096b959/elements - {"using":"xpath","value":"//button[@data-kt=\"provideButton\"]"}
RESULT: {"using":"xpath","value":"//button[@data-kt=\"provideButton\"]"}
COMMAND: POST /session/a414a6ae85a434897fa1c9da3096b959/elements - {"using":"xpath","value":"//button[@data-kt=\"provideButton\"]"}
RESULT: {"using":"xpath","value":"//button[@data-kt=\"provideButton\"]"}
COMMAND: POST /session/a414a6ae85a434897fa1c9da3096b959/elements - {"using":"xpath","value":"//button[@data-kt=\"provideButton\"]"}
RESULT: {"using":"xpath","value":"//button[@data-kt=\"provideButton\"]"}
COMMAND: POST /session/a414a6ae85a434897fa1c9da3096b959/elements - {"using":"xpath","value":"//button[@data-kt=\"provideButton\"]"}
RESULT: {"using":"xpath","value":"//button[@data-kt=\"provideButton\"]"}
COMMAND: POST /session/a414a6ae85a434897fa1c9da3096b959/elements - {"using":"xpath","value":"//button[@data-kt=\"provideButton\"]"}
RESULT: {"using":"xpath","value":"//button[@data-kt=\"provideButton\"]"}
COMMAND: POST /session/a414a6ae85a434897fa1c9da3096b959/elements - {"using":"xpath","value":"//button[@data-kt=\"provideButton\"]"}
RESULT: {"using":"xpath","value":"//button[@data-kt=\"provideButton\"]"}
COMMAND: POST /session/a414a6ae85a434897fa1c9da3096b959/elements - {"using":"xpath","value":"//button[@data-kt=\"provideButton\"]"}
RESULT: {"using":"xpath","value":"//button[@data-kt=\"provideButton\"]"}
COMMAND: POST /session/a414a6ae85a434897fa1c9da3096b959/elements - {"using":"xpath","value":"//button[@data-kt=\"provideButton\"]"}
RESULT: {"using":"xpath","value":"//button[@data-kt=\"provideButton\"]"}
COMMAND: POST /session/a414a6ae85a434897fa1c9da3096b959/elements - {"using":"xpath","value":"//button[@data-kt=\"provideButton\"]"}
RESULT: {"using":"xpath","value":"//button[@data-kt=\"provideButton\"]"}
COMMAND: POST /session/a414a6ae85a434897fa1c9da3096b959/elements - {"using":"xpath","value":"//button[@data-kt=\"provideButton\"]"}
RESULT: {"using":"xpath","value":"//button[@data-kt=\"provideButton\"]"}
COMMAND: POST /session/a414a6ae85a434897fa1c9da3096b959/elements - {"using":"xpath","value":"//button[@data-kt=\"provideButton\"]"}
RESULT: {"using":"xpath","value":"//button[@data-kt=\"provideButton\"]"}
COMMAND: POST /session/a414a6ae85a434897fa1c9da3096b959/elements - {"using":"xpath","value":"//button[@data-kt=\"provideButton\"]"}
RESULT: {"using":"xpath","value":"//button[@data-kt=\"provideButton\"]"}
COMMAND: POST /session/a414a6ae85a434897fa1c9da3096b959/elements - {"using":"xpath","value":"//button[@data-kt=\"provideButton\"]"}
RESULT: {"using":"xpath","value":"//button[@data-kt=\"provideButton\"]"}
COMMAND: POST /session/a414a6ae85a434897fa1c9da3096b959/elements - {"using":"xpath","value":"//button[@data-kt=\"provideButton\"]"}
RESULT: {"using":"xpath","value":"//button[@data-kt=\"provideButton\"]"}
COMMAND: POST /session/a414a6ae85a434897fa1c9da3096b959/elements - {"using":"xpath","value":"//button[@data-kt=\"provideButton\"]"}
RESULT: {"using":"xpath","value":"//button[@data-kt=\"provideButton\"]"}
COMMAND: POST /session/a414a6ae85a434897fa1c9da3096b959/elements - {"using":"xpath","value":"//button[@data-kt=\"provideButton\"]"}
RESULT: {"using":"xpath","value":"//button[@data-kt=\"provideButton\"]"}
COMMAND: POST /session/a414a6ae85a434897fa1c9da3096b959/elements - {"using":"xpath","value":"//button[@data-kt=\"provideButton\"]"}
RESULT: {"using":"xpath","value":"//button[@data-kt=\"provideButton\"]"}
COMMAND: POST /session/a414a6ae85a434897fa1c9da3096b959/elements - {"using":"xpath","value":"//button[@data-kt=\"provideButton\"]"}
RESULT: {"using":"xpath","value":"//button[@data-kt=\"provideButton\"]"}
COMMAND: POST /session/a414a6ae85a434897fa1c9da3096b959/elements - {"using":"xpath","value":"//button[@data-kt=\"provideButton\"]"}
RESULT: {"using":"xpath","value":"//button[@data-kt=\"provideButton\"]"}
COMMAND: POST /session/a414a6ae85a434897fa1c9da3096b959/elements - {"using":"xpath","value":"//button[@data-kt=\"provideButton\"]"}
RESULT: {"using":"xpath","value":"//button[@data-kt=\"provideButton\"]"}
COMMAND: POST /session/a414a6ae85a434897fa1c9da3096b959/elements - {"using":"xpath","value":"//button[@data-kt=\"provideButton\"]"}
RESULT: {"using":"xpath","value":"//button[@data-kt=\"provideButton\"]"}
COMMAND: POST /session/a414a6ae85a434897fa1c9da3096b959/elements - {"using":"xpath","value":"//button[@data-kt=\"provideButton\"]"}
RESULT: {"using":"xpath","value":"//button[@data-kt=\"provideButton\"]"}
COMMAND: POST /session/a414a6ae85a434897fa1c9da3096b959/elements - {"using":"xpath","value":"//button[@data-kt=\"provideButton\"]"}
RESULT: {"using":"xpath","value":"//button[@data-kt=\"provideButton\"]"}
COMMAND: POST /session/a414a6ae85a434897fa1c9da3096b959/elements - {"using":"xpath","value":"//button[@data-kt=\"provideButton\"]"}
RESULT: {"using":"xpath","value":"//button[@data-kt=\"provideButton\"]"}
COMMAND: POST /session/a414a6ae85a434897fa1c9da3096b959/elements - {"using":"xpath","value":"//button[@data-kt=\"provideButton\"]"}
RESULT: {"using":"xpath","value":"//button[@data-kt=\"provideButton\"]"}
COMMAND: POST /session/a414a6ae85a434897fa1c9da3096b959/elements - {"using":"xpath","value":"//button[@data-kt=\"provideButton\"]"}
RESULT: {"using":"xpath","value":"//button[@data-kt=\"provideButton\"]"}
COMMAND: POST /session/a414a6ae85a434897fa1c9da3096b959/elements - {"using":"xpath","value":"//button[@data-kt=\"provideButton\"]"}
RESULT: {"using":"xpath","value":"//button[@data-kt=\"provideButton\"]"}
COMMAND: POST /session/a414a6ae85a434897fa1c9da3096b959/elements - {"using":"xpath","value":"//button[@data-kt=\"provideButton\"]"}
RESULT: {"using":"xpath","value":"//button[@data-kt=\"provideButton\"]"}
COMMAND: POST /session/a414a6ae85a434897fa1c9da3096b959/elements - {"using":"xpath","value":"//button[@data-kt=\"provideButton\"]"}
RESULT: {"using":"xpath","value":"//button[@data-kt=\"provideButton\"]"}
COMMAND: POST /session/a414a6ae85a434897fa1c9da3096b959/elements - {"using":"xpath","value":"//button[@data-kt=\"provideButton\"]"}
RESULT: {"using":"xpath","value":"//button[@data-kt=\"provideButton\"]"}
COMMAND: POST /session/a414a6ae85a434897fa1c9da3096b959/elements - {"using":"xpath","value":"//button[@data-kt=\"provideButton\"]"}
RESULT: {"using":"xpath","value":"//button[@data-kt=\"provideButton\"]"}
COMMAND: POST /session/a414a6ae85a434897fa1c9da3096b959/elements - {"using":"xpath","value":"//button[@data-kt=\"provideButton\"]"}
RESULT: {"using":"xpath","value":"//button[@data-kt=\"provideButton\"]"}
COMMAND: POST /session/a414a6ae85a434897fa1c9da3096b959/elements - {"using":"xpath","value":"//button[@data-kt=\"provideButton\"]"}
RESULT: {"using":"xpath","value":"//button[@data-kt=\"provideButton\"]"}
COMMAND: POST /session/a414a6ae85a434897fa1c9da3096b959/elements - {"using":"xpath","value":"//button[@data-kt=\"provideButton\"]"}
RESULT: {"using":"xpath","value":"//button[@data-kt=\"provideButton\"]"}
COMMAND: POST /session/a414a6ae85a434897fa1c9da3096b959/elements - {"using":"xpath","value":"//button[@data-kt=\"provideButton\"]"}
RESULT: {"using":"xpath","value":"//button[@data-kt=\"provideButton\"]"}
COMMAND: POST /session/a414a6ae85a434897fa1c9da3096b959/elements - {"using":"xpath","value":"//button[@data-kt=\"provideButton\"]"}
RESULT: {"using":"xpath","value":"//button[@data-kt=\"provideButton\"]"}
COMMAND: POST /session/a414a6ae85a434897fa1c9da3096b959/elements - {"using":"xpath","value":"//button[@data-kt=\"provideButton\"]"}
RESULT: {"using":"xpath","value":"//button[@data-kt=\"provideButton\"]"}
COMMAND: POST /session/a414a6ae85a434897fa1c9da3096b959/elements - {"using":"xpath","value":"//button[@data-kt=\"provideButton\"]"}
RESULT: {"using":"xpath","value":"//button[@data-kt=\"provideButton\"]"}
COMMAND: POST /session/a414a6ae85a434897fa1c9da3096b959/elements - {"using":"xpath","value":"//button[@data-kt=\"provideButton\"]"}
RESULT: {"using":"xpath","value":"//button[@data-kt=\"provideButton\"]"}
COMMAND: POST /session/a414a6ae85a434897fa1c9da3096b959/elements - {"using":"xpath","value":"//button[@data-kt=\"provideButton\"]"}
RESULT: {"using":"xpath","value":"//button[@data-kt=\"provideButton\"]"}
COMMAND: POST /session/a414a6ae85a434897fa1c9da3096b959/elements - {"using":"xpath","value":"//button[@data-kt=\"provideButton\"]"}
RESULT: {"using":"xpath","value":"//button[@data-kt=\"provideButton\"]"}
COMMAND: POST /session/a414a6ae85a434897fa1c9da3096b959/elements - {"using":"xpath","value":"//button[@data-kt=\"provideButton\"]"}
RESULT: {"using":"xpath","value":"//button[@data-kt=\"provideButton\"]"}
COMMAND: POST /session/a414a6ae85a434897fa1c9da3096b959/elements - {"using":"xpath","value":"//button[@data-kt=\"provideButton\"]"}
RESULT: {"using":"xpath","value":"//button[@data-kt=\"provideButton\"]"}
COMMAND: POST /session/a414a6ae85a434897fa1c9da3096b959/elements - {"using":"xpath","value":"//button[@data-kt=\"provideButton\"]"}
RESULT: {"using":"xpath","value":"//button[@data-kt=\"provideButton\"]"}
COMMAND: POST /session/a414a6ae85a434897fa1c9da3096b959/elements - {"using":"xpath","value":"//button[@data-kt=\"provideButton\"]"}
RESULT: {"using":"xpath","value":"//button[@data-kt=\"provideButton\"]"}
COMMAND: POST /session/a414a6ae85a434897fa1c9da3096b959/elements - {"using":"xpath","value":"//button[@data-kt=\"provideButton\"]"}
RESULT: {"using":"xpath","value":"//button[@data-kt=\"provideButton\"]"}
COMMAND: POST /session/a414a6ae85a434897fa1c9da3096b959/elements - {"using":"xpath","value":"//button[@data-kt=\"provideButton\"]"}
RESULT: {"using":"xpath","value":"//button[@data-kt=\"provideButton\"]"}
COMMAND: POST /session/a414a6ae85a434897fa1c9da3096b959/elements - {"using":"xpath","value":"//button[@data-kt=\"provideButton\"]"}
RESULT: {"using":"xpath","value":"//button[@data-kt=\"provideButton\"]"}
COMMAND: POST /session/a414a6ae85a434897fa1c9da3096b959/elements - {"using":"xpath","value":"//button[@data-kt=\"provideButton\"]"}
RESULT: {"using":"xpath","value":"//button[@data-kt=\"provideButton\"]"}
COMMAND: POST /session/a414a6ae85a434897fa1c9da3096b959/elements - {"using":"xpath","value":"//button[@data-kt=\"provideButton\"]"}
RESULT: {"using":"xpath","value":"//button[@data-kt=\"provideButton\"]"}
COMMAND: POST /session/a414a6ae85a434897fa1c9da3096b959/elements - {"using":"xpath","value":"//button[@data-kt=\"provideButton\"]"}
RESULT: {"using":"xpath","value":"//button[@data-kt=\"provideButton\"]"}
COMMAND: POST /session/a414a6ae85a434897fa1c9da3096b959/elements - {"using":"xpath","value":"//button[@data-kt=\"provideButton\"]"}
RESULT: {"using":"xpath","value":"//button[@data-kt=\"provideButton\"]"}
COMMAND: POST /session/a414a6ae85a434897fa1c9da3096b959/elements - {"using":"xpath","value":"//button[@data-kt=\"provideButton\"]"}
RESULT: {"using":"xpath","value":"//button[@data-kt=\"provideButton\"]"}
COMMAND: POST /session/a414a6ae85a434897fa1c9da3096b959/elements - {"using":"xpath","value":"//button[@data-kt=\"provideButton\"]"}
RESULT: {"using":"xpath","value":"//button[@data-kt=\"provideButton\"]"}
COMMAND: POST /session/a414a6ae85a434897fa1c9da3096b959/elements - {"using":"xpath","value":"//button[@data-kt=\"provideButton\"]"}
RESULT: {"using":"xpath","value":"//button[@data-kt=\"provideButton\"]"}
COMMAND: POST /session/a414a6ae85a434897fa1c9da3096b959/elements - {"using":"xpath","value":"//button[@data-kt=\"provideButton\"]"}
RESULT: {"using":"xpath","value":"//button[@data-kt=\"provideButton\"]"}
COMMAND: POST /session/a414a6ae85a434897fa1c9da3096b959/elements - {"using":"xpath","value":"//button[@data-kt=\"provideButton\"]"}
RESULT: {"using":"xpath","value":"//button[@data-kt=\"provideButton\"]"}
COMMAND: POST /session/a414a6ae85a434897fa1c9da3096b959/elements - {"using":"xpath","value":"//button[@data-kt=\"provideButton\"]"}
RESULT: {"using":"xpath","value":"//button[@data-kt=\"provideButton\"]"}
COMMAND: POST /session/a414a6ae85a434897fa1c9da3096b959/elements - {"using":"xpath","value":"//button[@data-kt=\"provideButton\"]"}
RESULT: {"using":"xpath","value":"//button[@data-kt=\"provideButton\"]"}
COMMAND: POST /session/a414a6ae85a434897fa1c9da3096b959/elements - {"using":"xpath","value":"//button[@data-kt=\"provideButton\"]"}
RESULT: {"using":"xpath","value":"//button[@data-kt=\"provideButton\"]"}
COMMAND: POST /session/a414a6ae85a434897fa1c9da3096b959/elements - {"using":"xpath","value":"//button[@data-kt=\"provideButton\"]"}
RESULT: {"using":"xpath","value":"//button[@data-kt=\"provideButton\"]"}
COMMAND: POST /session/a414a6ae85a434897fa1c9da3096b959/elements - {"using":"xpath","value":"//button[@data-kt=\"provideButton\"]"}
RESULT: {"using":"xpath","value":"//button[@data-kt=\"provideButton\"]"}
COMMAND: POST /session/a414a6ae85a434897fa1c9da3096b959/elements - {"using":"xpath","value":"//button[@data-kt=\"provideButton\"]"}
RESULT: {"using":"xpath","value":"//button[@data-kt=\"provideButton\"]"}
COMMAND: POST /session/a414a6ae85a434897fa1c9da3096b959/elements - {"using":"xpath","value":"//button[@data-kt=\"provideButton\"]"}
RESULT: {"using":"xpath","value":"//button[@data-kt=\"provideButton\"]"}
COMMAND: POST /session/a414a6ae85a434897fa1c9da3096b959/elements - {"using":"xpath","value":"//button[@data-kt=\"provideButton\"]"}
RESULT: {"using":"xpath","value":"//button[@data-kt=\"provideButton\"]"}
COMMAND: POST /session/a414a6ae85a434897fa1c9da3096b959/elements - {"using":"xpath","value":"//button[@data-kt=\"provideButton\"]"}
RESULT: {"using":"xpath","value":"//button[@data-kt=\"provideButton\"]"}
COMMAND: POST /session/a414a6ae85a434897fa1c9da3096b959/elements - {"using":"xpath","value":"//button[@data-kt=\"provideButton\"]"}
RESULT: {"using":"xpath","value":"//button[@data-kt=\"provideButton\"]"}
COMMAND: POST /session/a414a6ae85a434897fa1c9da3096b959/elements - {"using":"xpath","value":"//button[@data-kt=\"provideButton\"]"}
RESULT: {"using":"xpath","value":"//button[@data-kt=\"provideButton\"]"}
COMMAND: POST /session/a414a6ae85a434897fa1c9da3096b959/elements - {"using":"xpath","value":"//button[@data-kt=\"provideButton\"]"}
RESULT: {"using":"xpath","value":"//button[@data-kt=\"provideButton\"]"}
COMMAND: POST /session/a414a6ae85a434897fa1c9da3096b959/elements - {"using":"xpath","value":"//button[@data-kt=\"provideButton\"]"}
RESULT: {"using":"xpath","value":"//button[@data-kt=\"provideButton\"]"}
COMMAND: POST /session/a414a6ae85a434897fa1c9da3096b959/elements - {"using":"xpath","value":"//button[@data-kt=\"provideButton\"]"}
RESULT: {"using":"xpath","value":"//button[@data-kt=\"provideButton\"]"}
COMMAND: POST /session/a414a6ae85a434897fa1c9da3096b959/elements - {"using":"xpath","value":"//button[@data-kt=\"provideButton\"]"}
RESULT: {"using":"xpath","value":"//button[@data-kt=\"provideButton\"]"}
COMMAND: POST /session/a414a6ae85a434897fa1c9da3096b959/elements - {"using":"xpath","value":"//button[@data-kt=\"provideButton\"]"}
RESULT: {"using":"xpath","value":"//button[@data-kt=\"provideButton\"]"}
COMMAND: POST /session/a414a6ae85a434897fa1c9da3096b959/elements - {"using":"xpath","value":"//button[@data-kt=\"provideButton\"]"}
RESULT: {"using":"xpath","value":"//button[@data-kt=\"provideButton\"]"}
COMMAND: POST /session/a414a6ae85a434897fa1c9da3096b959/elements - {"using":"xpath","value":"//button[@data-kt=\"provideButton\"]"}
RESULT: {"using":"xpath","value":"//button[@data-kt=\"provideButton\"]"}
COMMAND: POST /session/a414a6ae85a434897fa1c9da3096b959/elements - {"using":"xpath","value":"//button[@data-kt=\"provideButton\"]"}
RESULT: {"using":"xpath","value":"//button[@data-kt=\"provideButton\"]"}
COMMAND: POST /session/a414a6ae85a434897fa1c9da3096b959/elements - {"using":"xpath","value":"//button[@data-kt=\"provideButton\"]"}
RESULT: {"using":"xpath","value":"//button[@data-kt=\"provideButton\"]"}
COMMAND: POST /session/a414a6ae85a434897fa1c9da3096b959/elements - {"using":"xpath","value":"//button[@data-kt=\"provideButton\"]"}
RESULT: {"using":"xpath","value":"//button[@data-kt=\"provideButton\"]"}
COMMAND: POST /session/a414a6ae85a434897fa1c9da3096b959/elements - {"using":"xpath","value":"//button[@data-kt=\"provideButton\"]"}
COMMAND: GET /session/a414a6ae85a434897fa1c9da3096b959/screenshot - {}
RESULT: {"using":"xpath","value":"//button[@data-kt=\"provideButton\"]"}
RESULT: {}
]]></system-out>
      <system-err><![CDATA[
Error: Can't call click on element with selector "//button[@data-kt="provideButton"]" because element wasn't found
    at async Context.<anonymous> (D:\a\1\s\test\specs\HTR\provide-to-site-wo-warehouse-wo-clarification.spec.js:70:9)
]]></system-err>
    </testcase>
    <testcase classname="chrome.136_0_7103_93.windows.Provide_to_Site_w/o_warehouse_management_w/o_clarification" name="Should Test for Handover Execution" time="13.317">
      <system-out><![CDATA[
COMMAND: GET /session/a414a6ae85a434897fa1c9da3096b959/screenshot - {}
COMMAND: POST /session/a414a6ae85a434897fa1c9da3096b959/element - {"using":"xpath","value":"(//span[contains(@id, \"imgNav\")])[1]"}
RESULT: {}
RESULT: {"using":"xpath","value":"(//span[contains(@id, \"imgNav\")])[1]"}
COMMAND: POST /session/a414a6ae85a434897fa1c9da3096b959/element/f.63F842937ABE5650621AFC3910BCBB57.d.6F06DCCB1379CF6E9EA49F16E97A98FC.e.10114/click - {}
RESULT: {}
COMMAND: GET /session/a414a6ae85a434897fa1c9da3096b959/screenshot - {}
RESULT: {}
COMMAND: POST /session/a414a6ae85a434897fa1c9da3096b959/element - {"using":"css selector","value":"#shell-header-logo"}
RESULT: {"using":"css selector","value":"#shell-header-logo"}
COMMAND: POST /session/a414a6ae85a434897fa1c9da3096b959/element/f.63F842937ABE5650621AFC3910BCBB57.d.6F06DCCB1379CF6E9EA49F16E97A98FC.e.10053/click - {}
RESULT: {}
COMMAND: GET /session/a414a6ae85a434897fa1c9da3096b959/screenshot - {}
RESULT: {}
]]></system-out>
    </testcase>
    <testcase classname="chrome.136_0_7103_93.windows.Provide_to_Site_w/o_warehouse_management_w/o_clarification" name="Should test for Clarification" time="0.01">
      <system-out><![CDATA[
COMMAND: POST /session/a414a6ae85a434897fa1c9da3096b959/element - {"using":"css selector","value":"#j_username"}
COMMAND: POST /session/a414a6ae85a434897fa1c9da3096b959/url - {"url":"https://qa-testing-00-live-etm-ui.cfapps.eu10-004.hana.ondemand.com/"}
COMMAND: GET /session/a414a6ae85a434897fa1c9da3096b959/screenshot - {}
RESULT: {"using":"css selector","value":"#j_username"}
COMMAND: POST /session/a414a6ae85a434897fa1c9da3096b959/element - {"using":"css selector","value":"#j_username"}
RESULT: {"url":"https://qa-testing-00-live-etm-ui.cfapps.eu10-004.hana.ondemand.com/"}
RESULT: undefined
COMMAND: GET /session/a414a6ae85a434897fa1c9da3096b959/screenshot - {}
RESULT: {}
RESULT: {"using":"css selector","value":"#j_username"}
COMMAND: POST /session/a414a6ae85a434897fa1c9da3096b959/element - {"using":"css selector","value":"#shell-header-logo"}
RESULT: {}
RESULT: {"using":"css selector","value":"#shell-header-logo"}
COMMAND: POST /session/a414a6ae85a434897fa1c9da3096b959/execute/sync - {"script":"<script> [8489 bytes]","args":[{"element-6066-11e4-a52e-4f735466cecf":"f.63F842937ABE5650621AFC3910BCBB57.d.241012B31F2BF3ACCABA2F5D4E33BD47.e.10487","ELEMENT":"f.63F842937ABE5650621AFC3910BCBB57.d.241012B31F2BF3ACCABA2F5D4E33BD47.e.10487"}]}
RESULT: {"script":"<script> [8489 bytes]","args":[{"element-6066-11e4-a52e-4f735466cecf":"f.63F842937ABE5650621AFC3910BCBB57.d.241012B31F2BF3ACCABA2F5D4E33BD47.e.10487","ELEMENT":"f.63F842937ABE5650621AFC3910BCBB57.d.241012B31F2BF3ACCABA2F5D4E33BD47.e.10487"}]}
COMMAND: POST /session/a414a6ae85a434897fa1c9da3096b959/element - {"using":"css selector","value":"#shell-header-logo"}
COMMAND: GET /session/a414a6ae85a434897fa1c9da3096b959/screenshot - {}
RESULT: {"using":"css selector","value":"#shell-header-logo"}
COMMAND: POST /session/a414a6ae85a434897fa1c9da3096b959/execute/sync - {"script":"<script> [8489 bytes]","args":[{"element-6066-11e4-a52e-4f735466cecf":"f.63F842937ABE5650621AFC3910BCBB57.d.241012B31F2BF3ACCABA2F5D4E33BD47.e.10487","ELEMENT":"f.63F842937ABE5650621AFC3910BCBB57.d.241012B31F2BF3ACCABA2F5D4E33BD47.e.10487"}]}
RESULT: {}
RESULT: {"script":"<script> [8489 bytes]","args":[{"element-6066-11e4-a52e-4f735466cecf":"f.63F842937ABE5650621AFC3910BCBB57.d.241012B31F2BF3ACCABA2F5D4E33BD47.e.10487","ELEMENT":"f.63F842937ABE5650621AFC3910BCBB57.d.241012B31F2BF3ACCABA2F5D4E33BD47.e.10487"}]}
COMMAND: POST /session/a414a6ae85a434897fa1c9da3096b959/execute/sync - {"script":"<script> [5351 bytes]","args":[{"element-6066-11e4-a52e-4f735466cecf":"f.63F842937ABE5650621AFC3910BCBB57.d.241012B31F2BF3ACCABA2F5D4E33BD47.e.10487","ELEMENT":"f.63F842937ABE5650621AFC3910BCBB57.d.241012B31F2BF3ACCABA2F5D4E33BD47.e.10487"}]}
COMMAND: GET /session/a414a6ae85a434897fa1c9da3096b959/screenshot - {}
RESULT: {"script":"<script> [5351 bytes]","args":[{"element-6066-11e4-a52e-4f735466cecf":"f.63F842937ABE5650621AFC3910BCBB57.d.241012B31F2BF3ACCABA2F5D4E33BD47.e.10487","ELEMENT":"f.63F842937ABE5650621AFC3910BCBB57.d.241012B31F2BF3ACCABA2F5D4E33BD47.e.10487"}]}
COMMAND: POST /session/a414a6ae85a434897fa1c9da3096b959/element - {"using":"css selector","value":"#shell-header-logo"}
COMMAND: GET /session/a414a6ae85a434897fa1c9da3096b959/screenshot - {}
RESULT: {}
RESULT: {"using":"css selector","value":"#shell-header-logo"}
COMMAND: POST /session/a414a6ae85a434897fa1c9da3096b959/element/f.63F842937ABE5650621AFC3910BCBB57.d.241012B31F2BF3ACCABA2F5D4E33BD47.e.10487/click - {}
RESULT: {}
RESULT: {}
COMMAND: GET /session/a414a6ae85a434897fa1c9da3096b959/screenshot - {}
RESULT: {}
COMMAND: POST /session/a414a6ae85a434897fa1c9da3096b959/execute/async - {"script":"<script> [189 bytes]","args":[]}
RESULT: {"script":"<script> [189 bytes]","args":[]}
COMMAND: POST /session/a414a6ae85a434897fa1c9da3096b959/execute/async - {"script":"<script> [123 bytes]","args":[]}
RESULT: {"script":"<script> [123 bytes]","args":[]}
COMMAND: POST /session/a414a6ae85a434897fa1c9da3096b959/timeouts - {"script":"<number>"}
RESULT: {"script":"<number>"}
COMMAND: GET /session/a414a6ae85a434897fa1c9da3096b959/timeouts - {}
RESULT: {}
RESULT: undefined
COMMAND: POST /session/a414a6ae85a434897fa1c9da3096b959/execute/async - {"script":"<script> [2676 bytes]","args":[]}
RESULT: {"script":"<script> [2676 bytes]","args":[]}
COMMAND: POST /session/a414a6ae85a434897fa1c9da3096b959/execute/async - {"script":"<script> [2342 bytes]","args":[{"protocol":"http","hostname":"0.0.0.0","path":"/","capabilities":{"browserName":"chrome","goog:chromeOptions":{"binary":"C:\\Program Files\\Google\\Chrome\\Application\\chrome.exe","args":["--start-maximized"]}},"logLevel":"warn","connectionRetryTimeout":120000,"connectionRetryCount":3,"logLevels":{},"enableDirectConnect":true,"strictSSL":true,"_":"65 more keys: [\"cacheDir\",\"port\",\"requestedCapabilities\",\"automationProtocol\",\"baseUrl\",\"waitforInterval\",\"waitforTimeout\",\"onReload\",\"beforeCommand\",\"afterCommand\",\"rootDir\",\"specs\",\"suites\",\"exclude\",\"groupLogsByTestSpec\",\"excludeDriverLogs\",\"bail\",\"framework\",\"reporters\",\"services\",\"maxInstances\",\"maxInstancesPerCapability\",\"injectGlobals\",\"filesToWatch\",\"execArgv\",\"runnerEnv\",\"runner\",\"shard\",\"specFileRetries\",\"specFileRetriesDelay\",\"specFileRetriesDeferred\",\"reporterSyncInterval\",\"reporterSyncTimeout\",\"cucumberFeaturesWithLineNumbers\",\"autoCompileOpts\",\"mochaOpts\",\"jasmineOpts\",\"cucumberOpts\",\"onPrepare\",\"onWorkerStart\",\"onWorkerEnd\",\"before\",\"beforeSession\",\"beforeSuite\",\"beforeHook\",\"beforeTest\",\"afterTest\",\"afterHook\",\"afterSuite\",\"afterSession\",\"after\",\"onComplete\",\"beforeAssertion\",\"afterAssertion\",\"beforeFeature\",\"beforeScenario\",\"beforeStep\",\"afterStep\",\"afterScenario\",\"afterFeature\",\"_\",\"suite\",\"$0\",\"ignoredWorkerServices\",\"wdi5\"]"}]}
RESULT: {"script":"<script> [2342 bytes]","args":[{"protocol":"http","hostname":"0.0.0.0","path":"/","capabilities":{"browserName":"chrome","goog:chromeOptions":{"binary":"C:\\Program Files\\Google\\Chrome\\Application\\chrome.exe","args":["--start-maximized"]}},"logLevel":"warn","connectionRetryTimeout":120000,"connectionRetryCount":3,"logLevels":{},"enableDirectConnect":true,"strictSSL":true,"_":"65 more keys: [\"cacheDir\",\"port\",\"requestedCapabilities\",\"automationProtocol\",\"baseUrl\",\"waitforInterval\",\"waitforTimeout\",\"onReload\",\"beforeCommand\",\"afterCommand\",\"rootDir\",\"specs\",\"suites\",\"exclude\",\"groupLogsByTestSpec\",\"excludeDriverLogs\",\"bail\",\"framework\",\"reporters\",\"services\",\"maxInstances\",\"maxInstancesPerCapability\",\"injectGlobals\",\"filesToWatch\",\"execArgv\",\"runnerEnv\",\"runner\",\"shard\",\"specFileRetries\",\"specFileRetriesDelay\",\"specFileRetriesDeferred\",\"reporterSyncInterval\",\"reporterSyncTimeout\",\"cucumberFeaturesWithLineNumbers\",\"autoCompileOpts\",\"mochaOpts\",\"jasmineOpts\",\"cucumberOpts\",\"onPrepare\",\"onWorkerStart\",\"onWorkerEnd\",\"before\",\"beforeSession\",\"beforeSuite\",\"beforeHook\",\"beforeTest\",\"afterTest\",\"afterHook\",\"afterSuite\",\"afterSession\",\"after\",\"onComplete\",\"beforeAssertion\",\"afterAssertion\",\"beforeFeature\",\"beforeScenario\",\"beforeStep\",\"afterStep\",\"afterScenario\",\"afterFeature\",\"_\",\"suite\",\"$0\",\"ignoredWorkerServices\",\"wdi5\"]"}]}
COMMAND: POST /session/a414a6ae85a434897fa1c9da3096b959/execute/async - {"script":"<script> [21126 bytes]","args":[35000]}
RESULT: {"script":"<script> [21126 bytes]","args":[35000]}
COMMAND: POST /session/a414a6ae85a434897fa1c9da3096b959/window/maximize - {}
RESULT: {}
COMMAND: POST /session/a414a6ae85a434897fa1c9da3096b959/execute/async - {"script":"<script> [1562 bytes]","args":[{"selector":{"id":"shell-header","interaction":{"idSuffix":"icon"}},"wdio_ui5_key":"shellheader"}]}
COMMAND: GET /session/a414a6ae85a434897fa1c9da3096b959/screenshot - {}
RESULT: {"script":"<script> [1562 bytes]","args":[{"selector":{"id":"shell-header","interaction":{"idSuffix":"icon"}},"wdio_ui5_key":"shellheader"}]}
RESULT: undefined
COMMAND: POST /session/a414a6ae85a434897fa1c9da3096b959/refresh - {}
RESULT: {}
RESULT: {}
COMMAND: GET /session/a414a6ae85a434897fa1c9da3096b959/screenshot - {}
RESULT: {}
COMMAND: POST /session/a414a6ae85a434897fa1c9da3096b959/refresh - {}
RESULT: {}
COMMAND: GET /session/a414a6ae85a434897fa1c9da3096b959/screenshot - {}
RESULT: {}
COMMAND: POST /session/a414a6ae85a434897fa1c9da3096b959/window/fullscreen - {}
RESULT: {}
COMMAND: POST /session/a414a6ae85a434897fa1c9da3096b959/execute/async - {"script":"<script> [189 bytes]","args":[]}
RESULT: {"script":"<script> [189 bytes]","args":[]}
COMMAND: POST /session/a414a6ae85a434897fa1c9da3096b959/execute/async - {"script":"<script> [123 bytes]","args":[]}
RESULT: {"script":"<script> [123 bytes]","args":[]}
COMMAND: POST /session/a414a6ae85a434897fa1c9da3096b959/timeouts - {"script":"<number>"}
RESULT: {"script":"<number>"}
COMMAND: GET /session/a414a6ae85a434897fa1c9da3096b959/timeouts - {}
RESULT: {}
RESULT: undefined
COMMAND: POST /session/a414a6ae85a434897fa1c9da3096b959/execute/async - {"script":"<script> [2676 bytes]","args":[]}
RESULT: {"script":"<script> [2676 bytes]","args":[]}
COMMAND: POST /session/a414a6ae85a434897fa1c9da3096b959/execute/async - {"script":"<script> [2342 bytes]","args":[{"protocol":"http","hostname":"0.0.0.0","path":"/","capabilities":{"browserName":"chrome","goog:chromeOptions":{"binary":"C:\\Program Files\\Google\\Chrome\\Application\\chrome.exe","args":["--start-maximized"]}},"logLevel":"warn","connectionRetryTimeout":120000,"connectionRetryCount":3,"logLevels":{},"enableDirectConnect":true,"strictSSL":true,"_":"65 more keys: [\"cacheDir\",\"port\",\"requestedCapabilities\",\"automationProtocol\",\"baseUrl\",\"waitforInterval\",\"waitforTimeout\",\"onReload\",\"beforeCommand\",\"afterCommand\",\"rootDir\",\"specs\",\"suites\",\"exclude\",\"groupLogsByTestSpec\",\"excludeDriverLogs\",\"bail\",\"framework\",\"reporters\",\"services\",\"maxInstances\",\"maxInstancesPerCapability\",\"injectGlobals\",\"filesToWatch\",\"execArgv\",\"runnerEnv\",\"runner\",\"shard\",\"specFileRetries\",\"specFileRetriesDelay\",\"specFileRetriesDeferred\",\"reporterSyncInterval\",\"reporterSyncTimeout\",\"cucumberFeaturesWithLineNumbers\",\"autoCompileOpts\",\"mochaOpts\",\"jasmineOpts\",\"cucumberOpts\",\"onPrepare\",\"onWorkerStart\",\"onWorkerEnd\",\"before\",\"beforeSession\",\"beforeSuite\",\"beforeHook\",\"beforeTest\",\"afterTest\",\"afterHook\",\"afterSuite\",\"afterSession\",\"after\",\"onComplete\",\"beforeAssertion\",\"afterAssertion\",\"beforeFeature\",\"beforeScenario\",\"beforeStep\",\"afterStep\",\"afterScenario\",\"afterFeature\",\"_\",\"suite\",\"$0\",\"ignoredWorkerServices\",\"wdi5\"]"}]}
RESULT: {"script":"<script> [2342 bytes]","args":[{"protocol":"http","hostname":"0.0.0.0","path":"/","capabilities":{"browserName":"chrome","goog:chromeOptions":{"binary":"C:\\Program Files\\Google\\Chrome\\Application\\chrome.exe","args":["--start-maximized"]}},"logLevel":"warn","connectionRetryTimeout":120000,"connectionRetryCount":3,"logLevels":{},"enableDirectConnect":true,"strictSSL":true,"_":"65 more keys: [\"cacheDir\",\"port\",\"requestedCapabilities\",\"automationProtocol\",\"baseUrl\",\"waitforInterval\",\"waitforTimeout\",\"onReload\",\"beforeCommand\",\"afterCommand\",\"rootDir\",\"specs\",\"suites\",\"exclude\",\"groupLogsByTestSpec\",\"excludeDriverLogs\",\"bail\",\"framework\",\"reporters\",\"services\",\"maxInstances\",\"maxInstancesPerCapability\",\"injectGlobals\",\"filesToWatch\",\"execArgv\",\"runnerEnv\",\"runner\",\"shard\",\"specFileRetries\",\"specFileRetriesDelay\",\"specFileRetriesDeferred\",\"reporterSyncInterval\",\"reporterSyncTimeout\",\"cucumberFeaturesWithLineNumbers\",\"autoCompileOpts\",\"mochaOpts\",\"jasmineOpts\",\"cucumberOpts\",\"onPrepare\",\"onWorkerStart\",\"onWorkerEnd\",\"before\",\"beforeSession\",\"beforeSuite\",\"beforeHook\",\"beforeTest\",\"afterTest\",\"afterHook\",\"afterSuite\",\"afterSession\",\"after\",\"onComplete\",\"beforeAssertion\",\"afterAssertion\",\"beforeFeature\",\"beforeScenario\",\"beforeStep\",\"afterStep\",\"afterScenario\",\"afterFeature\",\"_\",\"suite\",\"$0\",\"ignoredWorkerServices\",\"wdi5\"]"}]}
COMMAND: POST /session/a414a6ae85a434897fa1c9da3096b959/execute/async - {"script":"<script> [21126 bytes]","args":[35000]}
RESULT: {"script":"<script> [21126 bytes]","args":[35000]}
]]></system-out>
    </testcase>
  </testsuite>
  <testsuite timestamp="2025-05-30T17:10:48" time="190.558" tests="6" failures="0" errors="0" skipped="0">
    <properties>
      <property name="specId" value="0"/>
      <property name="suiteName" value="Return from Site w/ warehouse management w/ clarification US125588"/>
      <property name="capabilities" value="chrome.136_0_7103_93.windows"/>
      <property name="file" value="file:///D:/a/1/s/test/specs/HTR/return-from-site-w-warehouse-management-w-clarification.spec.js"/>
    </properties>
    <testcase classname="chrome.136_0_7103_93.windows.Return_from_Site_w/_warehouse_management_w/_clarification_US125588" name="Should create a new WHM yard" time="0.014">
      <system-out><![CDATA[
COMMAND: POST /session/a414a6ae85a434897fa1c9da3096b959/window/fullscreen - {}
RESULT: {}
]]></system-out>
    </testcase>
    <testcase classname="chrome.136_0_7103_93.windows.Return_from_Site_w/_warehouse_management_w/_clarification_US125588" name="Should create a new external WHM partner" time="0.004"/>
    <testcase classname="chrome.136_0_7103_93.windows.Return_from_Site_w/_warehouse_management_w/_clarification_US125588" name="Should create a new WHM site" time="0.004"/>
    <testcase classname="chrome.136_0_7103_93.windows.Return_from_Site_w/_warehouse_management_w/_clarification_US125588" name="Should create a new material" time="134.734">
      <system-out><![CDATA[
COMMAND: POST /session/a414a6ae85a434897fa1c9da3096b959/execute/async - {"script":"<script> [1562 bytes]","args":[{"selector":{"controlType":"sap.m.GenericTile","properties":{"header":"Manage Resources"}},"wdio_ui5_key":"sapm.GenericTile{\"header\":\"Manage Resources\"}"}]}
RESULT: {"script":"<script> [1562 bytes]","args":[{"selector":{"controlType":"sap.m.GenericTile","properties":{"header":"Manage Resources"}},"wdio_ui5_key":"sapm.GenericTile{\"header\":\"Manage Resources\"}"}]}
RESULT: undefined
COMMAND: POST /session/a414a6ae85a434897fa1c9da3096b959/element - {"using":"xpath","value":"//*[@id=\"__tile39\"]"}
RESULT: {"using":"xpath","value":"//*[@id=\"__tile39\"]"}
COMMAND: POST /session/a414a6ae85a434897fa1c9da3096b959/element/f.63F842937ABE5650621AFC3910BCBB57.d.0AC0C2FE2C3AE0BB893DA9CD876513AF.e.10646/click - {}
RESULT: {}
COMMAND: GET /session/a414a6ae85a434897fa1c9da3096b959/screenshot - {}
RESULT: {}
COMMAND: POST /session/a414a6ae85a434897fa1c9da3096b959/elements - {"using":"xpath","value":"//span[text()='Error']"}
RESULT: {"using":"xpath","value":"//span[text()='Error']"}
COMMAND: POST /session/a414a6ae85a434897fa1c9da3096b959/element - {"using":"xpath","value":"//button[@data-kt=\"addNewRUOverflowToolbarButton\"]"}
RESULT: {"using":"xpath","value":"//button[@data-kt=\"addNewRUOverflowToolbarButton\"]"}
COMMAND: POST /session/a414a6ae85a434897fa1c9da3096b959/elements - {"using":"xpath","value":"//button[@data-kt=\"addNewRUOverflowToolbarButton\"]"}
RESULT: {"using":"xpath","value":"//button[@data-kt=\"addNewRUOverflowToolbarButton\"]"}
COMMAND: POST /session/a414a6ae85a434897fa1c9da3096b959/elements - {"using":"xpath","value":"//button[@data-kt=\"addNewRUOverflowToolbarButton\"]"}
RESULT: {"using":"xpath","value":"//button[@data-kt=\"addNewRUOverflowToolbarButton\"]"}
COMMAND: POST /session/a414a6ae85a434897fa1c9da3096b959/elements - {"using":"xpath","value":"//button[@data-kt=\"addNewRUOverflowToolbarButton\"]"}
RESULT: {"using":"xpath","value":"//button[@data-kt=\"addNewRUOverflowToolbarButton\"]"}
COMMAND: POST /session/a414a6ae85a434897fa1c9da3096b959/elements - {"using":"xpath","value":"//button[@data-kt=\"addNewRUOverflowToolbarButton\"]"}
RESULT: {"using":"xpath","value":"//button[@data-kt=\"addNewRUOverflowToolbarButton\"]"}
COMMAND: POST /session/a414a6ae85a434897fa1c9da3096b959/elements - {"using":"xpath","value":"//button[@data-kt=\"addNewRUOverflowToolbarButton\"]"}
RESULT: {"using":"xpath","value":"//button[@data-kt=\"addNewRUOverflowToolbarButton\"]"}
COMMAND: POST /session/a414a6ae85a434897fa1c9da3096b959/elements - {"using":"xpath","value":"//button[@data-kt=\"addNewRUOverflowToolbarButton\"]"}
RESULT: {"using":"xpath","value":"//button[@data-kt=\"addNewRUOverflowToolbarButton\"]"}
COMMAND: POST /session/a414a6ae85a434897fa1c9da3096b959/elements - {"using":"xpath","value":"//button[@data-kt=\"addNewRUOverflowToolbarButton\"]"}
RESULT: {"using":"xpath","value":"//button[@data-kt=\"addNewRUOverflowToolbarButton\"]"}
COMMAND: POST /session/a414a6ae85a434897fa1c9da3096b959/elements - {"using":"xpath","value":"//button[@data-kt=\"addNewRUOverflowToolbarButton\"]"}
RESULT: {"using":"xpath","value":"//button[@data-kt=\"addNewRUOverflowToolbarButton\"]"}
COMMAND: POST /session/a414a6ae85a434897fa1c9da3096b959/elements - {"using":"xpath","value":"//button[@data-kt=\"addNewRUOverflowToolbarButton\"]"}
RESULT: {"using":"xpath","value":"//button[@data-kt=\"addNewRUOverflowToolbarButton\"]"}
COMMAND: POST /session/a414a6ae85a434897fa1c9da3096b959/elements - {"using":"xpath","value":"//button[@data-kt=\"addNewRUOverflowToolbarButton\"]"}
RESULT: {"using":"xpath","value":"//button[@data-kt=\"addNewRUOverflowToolbarButton\"]"}
COMMAND: POST /session/a414a6ae85a434897fa1c9da3096b959/elements - {"using":"xpath","value":"//button[@data-kt=\"addNewRUOverflowToolbarButton\"]"}
RESULT: {"using":"xpath","value":"//button[@data-kt=\"addNewRUOverflowToolbarButton\"]"}
COMMAND: POST /session/a414a6ae85a434897fa1c9da3096b959/elements - {"using":"xpath","value":"//button[@data-kt=\"addNewRUOverflowToolbarButton\"]"}
RESULT: {"using":"xpath","value":"//button[@data-kt=\"addNewRUOverflowToolbarButton\"]"}
COMMAND: POST /session/a414a6ae85a434897fa1c9da3096b959/elements - {"using":"xpath","value":"//button[@data-kt=\"addNewRUOverflowToolbarButton\"]"}
RESULT: {"using":"xpath","value":"//button[@data-kt=\"addNewRUOverflowToolbarButton\"]"}
COMMAND: POST /session/a414a6ae85a434897fa1c9da3096b959/elements - {"using":"xpath","value":"//button[@data-kt=\"addNewRUOverflowToolbarButton\"]"}
RESULT: {"using":"xpath","value":"//button[@data-kt=\"addNewRUOverflowToolbarButton\"]"}
COMMAND: POST /session/a414a6ae85a434897fa1c9da3096b959/elements - {"using":"xpath","value":"//button[@data-kt=\"addNewRUOverflowToolbarButton\"]"}
RESULT: {"using":"xpath","value":"//button[@data-kt=\"addNewRUOverflowToolbarButton\"]"}
COMMAND: POST /session/a414a6ae85a434897fa1c9da3096b959/elements - {"using":"xpath","value":"//button[@data-kt=\"addNewRUOverflowToolbarButton\"]"}
RESULT: {"using":"xpath","value":"//button[@data-kt=\"addNewRUOverflowToolbarButton\"]"}
COMMAND: POST /session/a414a6ae85a434897fa1c9da3096b959/elements - {"using":"xpath","value":"//button[@data-kt=\"addNewRUOverflowToolbarButton\"]"}
RESULT: {"using":"xpath","value":"//button[@data-kt=\"addNewRUOverflowToolbarButton\"]"}
COMMAND: POST /session/a414a6ae85a434897fa1c9da3096b959/elements - {"using":"xpath","value":"//button[@data-kt=\"addNewRUOverflowToolbarButton\"]"}
RESULT: {"using":"xpath","value":"//button[@data-kt=\"addNewRUOverflowToolbarButton\"]"}
COMMAND: POST /session/a414a6ae85a434897fa1c9da3096b959/elements - {"using":"xpath","value":"//button[@data-kt=\"addNewRUOverflowToolbarButton\"]"}
RESULT: {"using":"xpath","value":"//button[@data-kt=\"addNewRUOverflowToolbarButton\"]"}
COMMAND: POST /session/a414a6ae85a434897fa1c9da3096b959/elements - {"using":"xpath","value":"//button[@data-kt=\"addNewRUOverflowToolbarButton\"]"}
RESULT: {"using":"xpath","value":"//button[@data-kt=\"addNewRUOverflowToolbarButton\"]"}
COMMAND: POST /session/a414a6ae85a434897fa1c9da3096b959/elements - {"using":"xpath","value":"//button[@data-kt=\"addNewRUOverflowToolbarButton\"]"}
RESULT: {"using":"xpath","value":"//button[@data-kt=\"addNewRUOverflowToolbarButton\"]"}
COMMAND: POST /session/a414a6ae85a434897fa1c9da3096b959/elements - {"using":"xpath","value":"//button[@data-kt=\"addNewRUOverflowToolbarButton\"]"}
RESULT: {"using":"xpath","value":"//button[@data-kt=\"addNewRUOverflowToolbarButton\"]"}
COMMAND: POST /session/a414a6ae85a434897fa1c9da3096b959/elements - {"using":"xpath","value":"//button[@data-kt=\"addNewRUOverflowToolbarButton\"]"}
RESULT: {"using":"xpath","value":"//button[@data-kt=\"addNewRUOverflowToolbarButton\"]"}
COMMAND: POST /session/a414a6ae85a434897fa1c9da3096b959/elements - {"using":"xpath","value":"//button[@data-kt=\"addNewRUOverflowToolbarButton\"]"}
RESULT: {"using":"xpath","value":"//button[@data-kt=\"addNewRUOverflowToolbarButton\"]"}
COMMAND: POST /session/a414a6ae85a434897fa1c9da3096b959/elements - {"using":"xpath","value":"//button[@data-kt=\"addNewRUOverflowToolbarButton\"]"}
RESULT: {"using":"xpath","value":"//button[@data-kt=\"addNewRUOverflowToolbarButton\"]"}
COMMAND: POST /session/a414a6ae85a434897fa1c9da3096b959/elements - {"using":"xpath","value":"//button[@data-kt=\"addNewRUOverflowToolbarButton\"]"}
RESULT: {"using":"xpath","value":"//button[@data-kt=\"addNewRUOverflowToolbarButton\"]"}
COMMAND: POST /session/a414a6ae85a434897fa1c9da3096b959/element - {"using":"xpath","value":"//button[@data-kt=\"addNewRUOverflowToolbarButton\"]"}
RESULT: {"using":"xpath","value":"//button[@data-kt=\"addNewRUOverflowToolbarButton\"]"}
COMMAND: POST /session/a414a6ae85a434897fa1c9da3096b959/execute/sync - {"script":"<script> [8489 bytes]","args":[{"element-6066-11e4-a52e-4f735466cecf":"f.63F842937ABE5650621AFC3910BCBB57.d.0AC0C2FE2C3AE0BB893DA9CD876513AF.e.10798","ELEMENT":"f.63F842937ABE5650621AFC3910BCBB57.d.0AC0C2FE2C3AE0BB893DA9CD876513AF.e.10798"}]}
RESULT: {"script":"<script> [8489 bytes]","args":[{"element-6066-11e4-a52e-4f735466cecf":"f.63F842937ABE5650621AFC3910BCBB57.d.0AC0C2FE2C3AE0BB893DA9CD876513AF.e.10798","ELEMENT":"f.63F842937ABE5650621AFC3910BCBB57.d.0AC0C2FE2C3AE0BB893DA9CD876513AF.e.10798"}]}
COMMAND: GET /session/a414a6ae85a434897fa1c9da3096b959/element/f.63F842937ABE5650621AFC3910BCBB57.d.0AC0C2FE2C3AE0BB893DA9CD876513AF.e.10798/enabled - {}
COMMAND: GET /session/a414a6ae85a434897fa1c9da3096b959/screenshot - {}
RESULT: {}
COMMAND: POST /session/a414a6ae85a434897fa1c9da3096b959/execute/sync - {"script":"<script> [8489 bytes]","args":[{"element-6066-11e4-a52e-4f735466cecf":"f.63F842937ABE5650621AFC3910BCBB57.d.0AC0C2FE2C3AE0BB893DA9CD876513AF.e.10798","ELEMENT":"f.63F842937ABE5650621AFC3910BCBB57.d.0AC0C2FE2C3AE0BB893DA9CD876513AF.e.10798"}]}
COMMAND: GET /session/a414a6ae85a434897fa1c9da3096b959/screenshot - {}
RESULT: {}
RESULT: {"script":"<script> [8489 bytes]","args":[{"element-6066-11e4-a52e-4f735466cecf":"f.63F842937ABE5650621AFC3910BCBB57.d.0AC0C2FE2C3AE0BB893DA9CD876513AF.e.10798","ELEMENT":"f.63F842937ABE5650621AFC3910BCBB57.d.0AC0C2FE2C3AE0BB893DA9CD876513AF.e.10798"}]}
COMMAND: POST /session/a414a6ae85a434897fa1c9da3096b959/execute/sync - {"script":"<script> [5351 bytes]","args":[{"element-6066-11e4-a52e-4f735466cecf":"f.63F842937ABE5650621AFC3910BCBB57.d.0AC0C2FE2C3AE0BB893DA9CD876513AF.e.10798","ELEMENT":"f.63F842937ABE5650621AFC3910BCBB57.d.0AC0C2FE2C3AE0BB893DA9CD876513AF.e.10798"}]}
COMMAND: GET /session/a414a6ae85a434897fa1c9da3096b959/screenshot - {}
RESULT: {}
RESULT: {"script":"<script> [5351 bytes]","args":[{"element-6066-11e4-a52e-4f735466cecf":"f.63F842937ABE5650621AFC3910BCBB57.d.0AC0C2FE2C3AE0BB893DA9CD876513AF.e.10798","ELEMENT":"f.63F842937ABE5650621AFC3910BCBB57.d.0AC0C2FE2C3AE0BB893DA9CD876513AF.e.10798"}]}
COMMAND: POST /session/a414a6ae85a434897fa1c9da3096b959/element/f.63F842937ABE5650621AFC3910BCBB57.d.0AC0C2FE2C3AE0BB893DA9CD876513AF.e.10798/click - {}
COMMAND: GET /session/a414a6ae85a434897fa1c9da3096b959/screenshot - {}
RESULT: {}
RESULT: {}
COMMAND: GET /session/a414a6ae85a434897fa1c9da3096b959/screenshot - {}
RESULT: {}
COMMAND: POST /session/a414a6ae85a434897fa1c9da3096b959/execute/async - {"script":"<script> [1562 bytes]","args":[{"selector":{"id":"application-manageresources-display-component---newResourceUnit--TYPE-arrow"},"wdio_ui5_key":"applicationmanageresources-display-component---newResourceUnit--TYPE-arrow"}]}
RESULT: {}
RESULT: {"script":"<script> [1562 bytes]","args":[{"selector":{"id":"application-manageresources-display-component---newResourceUnit--TYPE-arrow"},"wdio_ui5_key":"applicationmanageresources-display-component---newResourceUnit--TYPE-arrow"}]}
RESULT: undefined
COMMAND: POST /session/a414a6ae85a434897fa1c9da3096b959/element - {"using":"xpath","value":"//*[@id=\"application-manageresources-display-component---newResourceUnit--TYPE-arrow\"]"}
RESULT: {"using":"xpath","value":"//*[@id=\"application-manageresources-display-component---newResourceUnit--TYPE-arrow\"]"}
COMMAND: POST /session/a414a6ae85a434897fa1c9da3096b959/element/f.63F842937ABE5650621AFC3910BCBB57.d.0AC0C2FE2C3AE0BB893DA9CD876513AF.e.11143/click - {}
RESULT: {}
COMMAND: POST /session/a414a6ae85a434897fa1c9da3096b959/element - {"using":"xpath","value":"//input[@id=\"application-manageresources-display-component---newResourceUnit--TYPE-inner\"]"}
COMMAND: GET /session/a414a6ae85a434897fa1c9da3096b959/screenshot - {}
RESULT: {"using":"xpath","value":"//input[@id=\"application-manageresources-display-component---newResourceUnit--TYPE-inner\"]"}
COMMAND: POST /session/a414a6ae85a434897fa1c9da3096b959/element/f.63F842937ABE5650621AFC3910BCBB57.d.0AC0C2FE2C3AE0BB893DA9CD876513AF.e.11140/clear - {}
RESULT: {}
RESULT: {}
COMMAND: POST /session/a414a6ae85a434897fa1c9da3096b959/element/f.63F842937ABE5650621AFC3910BCBB57.d.0AC0C2FE2C3AE0BB893DA9CD876513AF.e.11140/value - {"text":"Material"}
COMMAND: GET /session/a414a6ae85a434897fa1c9da3096b959/screenshot - {}
RESULT: {"text":"Material"}
COMMAND: GET /session/a414a6ae85a434897fa1c9da3096b959/screenshot - {}
RESULT: {}
RESULT: {}
COMMAND: POST /session/a414a6ae85a434897fa1c9da3096b959/actions - {"actions":[{"id":"action30","type":"key","parameters":{},"actions":[{"type":"keyDown","value":""},{"type":"pause","duration":10},{"type":"keyUp","value":""}]}]}
RESULT: {"actions":[{"id":"action30","type":"key","parameters":{},"actions":[{"type":"keyDown","value":""},{"type":"pause","duration":10},{"type":"keyUp","value":""}]}]}
COMMAND: POST /session/a414a6ae85a434897fa1c9da3096b959/execute/async - {"script":"<script> [1562 bytes]","args":[{"selector":{"id":"application-manageresources-display-component---newResourceUnit--SHORT_TEXT","interaction":{"idSuffix":"inner"}},"wdio_ui5_key":"applicationmanageresources-display-component---newResourceUnit--SHORT_TEXT"}]}
COMMAND: GET /session/a414a6ae85a434897fa1c9da3096b959/screenshot - {}
RESULT: {"script":"<script> [1562 bytes]","args":[{"selector":{"id":"application-manageresources-display-component---newResourceUnit--SHORT_TEXT","interaction":{"idSuffix":"inner"}},"wdio_ui5_key":"applicationmanageresources-display-component---newResourceUnit--SHORT_TEXT"}]}
RESULT: undefined
COMMAND: POST /session/a414a6ae85a434897fa1c9da3096b959/execute/async - {"script":"<script> [776 bytes]","args":[{"enterText":"Cement WDIO","selector":{"id":"application-manageresources-display-component---newResourceUnit--SHORT_TEXT","interaction":{"idSuffix":"inner"}},"clearTextFirst":true,"interactionType":"ENTER_TEXT"}]}
RESULT: {}
RESULT: {"script":"<script> [776 bytes]","args":[{"enterText":"Cement WDIO","selector":{"id":"application-manageresources-display-component---newResourceUnit--SHORT_TEXT","interaction":{"idSuffix":"inner"}},"clearTextFirst":true,"interactionType":"ENTER_TEXT"}]}
COMMAND: POST /session/a414a6ae85a434897fa1c9da3096b959/execute/async - {"script":"<script> [1562 bytes]","args":[{"selector":{"id":"application-manageresources-display-component---newResourceUnit--BASE_UNIT_OF_MEASURE","interaction":{"idSuffix":"inner"}},"wdio_ui5_key":"applicationmanageresources-display-component---newResourceUnit--BASE_UNIT_OF_MEASURE"}]}
RESULT: {"script":"<script> [1562 bytes]","args":[{"selector":{"id":"application-manageresources-display-component---newResourceUnit--BASE_UNIT_OF_MEASURE","interaction":{"idSuffix":"inner"}},"wdio_ui5_key":"applicationmanageresources-display-component---newResourceUnit--BASE_UNIT_OF_MEASURE"}]}
RESULT: undefined
COMMAND: POST /session/a414a6ae85a434897fa1c9da3096b959/execute/async - {"script":"<script> [776 bytes]","args":[{"enterText":"Piece","selector":{"id":"application-manageresources-display-component---newResourceUnit--BASE_UNIT_OF_MEASURE","interaction":{"idSuffix":"inner"}},"clearTextFirst":true,"interactionType":"ENTER_TEXT"}]}
RESULT: {"script":"<script> [776 bytes]","args":[{"enterText":"Piece","selector":{"id":"application-manageresources-display-component---newResourceUnit--BASE_UNIT_OF_MEASURE","interaction":{"idSuffix":"inner"}},"clearTextFirst":true,"interactionType":"ENTER_TEXT"}]}
COMMAND: POST /session/a414a6ae85a434897fa1c9da3096b959/execute/async - {"script":"<script> [1562 bytes]","args":[{"selector":{"id":"application-manageresources-display-component---newResourceUnit--WEIGHT_UNIT","interaction":{"idSuffix":"inner"}},"wdio_ui5_key":"applicationmanageresources-display-component---newResourceUnit--WEIGHT_UNIT"}]}
RESULT: {"script":"<script> [1562 bytes]","args":[{"selector":{"id":"application-manageresources-display-component---newResourceUnit--WEIGHT_UNIT","interaction":{"idSuffix":"inner"}},"wdio_ui5_key":"applicationmanageresources-display-component---newResourceUnit--WEIGHT_UNIT"}]}
RESULT: undefined
COMMAND: POST /session/a414a6ae85a434897fa1c9da3096b959/execute/async - {"script":"<script> [776 bytes]","args":[{"enterText":"Gram","selector":{"id":"application-manageresources-display-component---newResourceUnit--WEIGHT_UNIT","interaction":{"idSuffix":"inner"}},"clearTextFirst":true,"interactionType":"ENTER_TEXT"}]}
RESULT: {"script":"<script> [776 bytes]","args":[{"enterText":"Gram","selector":{"id":"application-manageresources-display-component---newResourceUnit--WEIGHT_UNIT","interaction":{"idSuffix":"inner"}},"clearTextFirst":true,"interactionType":"ENTER_TEXT"}]}
COMMAND: POST /session/a414a6ae85a434897fa1c9da3096b959/execute/async - {"script":"<script> [1562 bytes]","args":[{"selector":{"id":"application-manageresources-display-component---newResourceUnit--DIMENSION_UNIT","interaction":{"idSuffix":"inner"}},"wdio_ui5_key":"applicationmanageresources-display-component---newResourceUnit--DIMENSION_UNIT"}]}
RESULT: {"script":"<script> [1562 bytes]","args":[{"selector":{"id":"application-manageresources-display-component---newResourceUnit--DIMENSION_UNIT","interaction":{"idSuffix":"inner"}},"wdio_ui5_key":"applicationmanageresources-display-component---newResourceUnit--DIMENSION_UNIT"}]}
RESULT: undefined
COMMAND: POST /session/a414a6ae85a434897fa1c9da3096b959/execute/async - {"script":"<script> [776 bytes]","args":[{"enterText":"Meter","selector":{"id":"application-manageresources-display-component---newResourceUnit--DIMENSION_UNIT","interaction":{"idSuffix":"inner"}},"clearTextFirst":true,"interactionType":"ENTER_TEXT"}]}
RESULT: {"script":"<script> [776 bytes]","args":[{"enterText":"Meter","selector":{"id":"application-manageresources-display-component---newResourceUnit--DIMENSION_UNIT","interaction":{"idSuffix":"inner"}},"clearTextFirst":true,"interactionType":"ENTER_TEXT"}]}
COMMAND: POST /session/a414a6ae85a434897fa1c9da3096b959/execute/async - {"script":"<script> [1562 bytes]","args":[{"selector":{"id":"application-manageresources-display-component---newResourceUnit--newRRUPage-anchBar-application-manageresources-display-component---newResourceUnit--control-anchor","interaction":{"idSuffix":"BDI-content"}},"wdio_ui5_key":"applicationmanageresources-display-component---newResourceUnit--newRRUPage-anchBar-application-manageresources-display-component---newResourceUnit--control-anchor"}]}
RESULT: {"script":"<script> [1562 bytes]","args":[{"selector":{"id":"application-manageresources-display-component---newResourceUnit--newRRUPage-anchBar-application-manageresources-display-component---newResourceUnit--control-anchor","interaction":{"idSuffix":"BDI-content"}},"wdio_ui5_key":"applicationmanageresources-display-component---newResourceUnit--newRRUPage-anchBar-application-manageresources-display-component---newResourceUnit--control-anchor"}]}
RESULT: undefined
COMMAND: POST /session/a414a6ae85a434897fa1c9da3096b959/element - {"using":"xpath","value":"//*[@id=\"application-manageresources-display-component---newResourceUnit--newRRUPage-anchBar-application-manageresources-display-component---newResourceUnit--control-anchor\"]"}
RESULT: {"using":"xpath","value":"//*[@id=\"application-manageresources-display-component---newResourceUnit--newRRUPage-anchBar-application-manageresources-display-component---newResourceUnit--control-anchor\"]"}
COMMAND: POST /session/a414a6ae85a434897fa1c9da3096b959/element/f.63F842937ABE5650621AFC3910BCBB57.d.0AC0C2FE2C3AE0BB893DA9CD876513AF.e.11274/click - {}
RESULT: {}
COMMAND: POST /session/a414a6ae85a434897fa1c9da3096b959/execute/async - {"script":"<script> [1562 bytes]","args":[{"selector":{"id":"application-manageresources-display-component---newResourceUnit--PLANNING_GROUP","interaction":{"idSuffix":"inner"}},"wdio_ui5_key":"applicationmanageresources-display-component---newResourceUnit--PLANNING_GROUP"}]}
COMMAND: GET /session/a414a6ae85a434897fa1c9da3096b959/screenshot - {}
RESULT: {"script":"<script> [1562 bytes]","args":[{"selector":{"id":"application-manageresources-display-component---newResourceUnit--PLANNING_GROUP","interaction":{"idSuffix":"inner"}},"wdio_ui5_key":"applicationmanageresources-display-component---newResourceUnit--PLANNING_GROUP"}]}
RESULT: undefined
COMMAND: POST /session/a414a6ae85a434897fa1c9da3096b959/execute/async - {"script":"<script> [776 bytes]","args":[{"enterText":"Material","selector":{"id":"application-manageresources-display-component---newResourceUnit--PLANNING_GROUP","interaction":{"idSuffix":"inner"}},"clearTextFirst":true,"interactionType":"ENTER_TEXT"}]}
RESULT: {}
RESULT: {"script":"<script> [776 bytes]","args":[{"enterText":"Material","selector":{"id":"application-manageresources-display-component---newResourceUnit--PLANNING_GROUP","interaction":{"idSuffix":"inner"}},"clearTextFirst":true,"interactionType":"ENTER_TEXT"}]}
COMMAND: POST /session/a414a6ae85a434897fa1c9da3096b959/execute/async - {"script":"<script> [1562 bytes]","args":[{"selector":{"id":"application-manageresources-display-component---newResourceUnit--PLANNING_INDICATOR","interaction":{"idSuffix":"inner"}},"wdio_ui5_key":"applicationmanageresources-display-component---newResourceUnit--PLANNING_INDICATOR"}]}
RESULT: {"script":"<script> [1562 bytes]","args":[{"selector":{"id":"application-manageresources-display-component---newResourceUnit--PLANNING_INDICATOR","interaction":{"idSuffix":"inner"}},"wdio_ui5_key":"applicationmanageresources-display-component---newResourceUnit--PLANNING_INDICATOR"}]}
RESULT: undefined
COMMAND: POST /session/a414a6ae85a434897fa1c9da3096b959/execute/async - {"script":"<script> [776 bytes]","args":[{"enterText":"10 - infinite","selector":{"id":"application-manageresources-display-component---newResourceUnit--PLANNING_INDICATOR","interaction":{"idSuffix":"inner"}},"clearTextFirst":true,"interactionType":"ENTER_TEXT"}]}
RESULT: {"script":"<script> [776 bytes]","args":[{"enterText":"10 - infinite","selector":{"id":"application-manageresources-display-component---newResourceUnit--PLANNING_INDICATOR","interaction":{"idSuffix":"inner"}},"clearTextFirst":true,"interactionType":"ENTER_TEXT"}]}
COMMAND: POST /session/a414a6ae85a434897fa1c9da3096b959/element - {"using":"css selector","value":"#application-manageresources-display-component---newResourceUnit--btnAddTimeSegment"}
RESULT: {"using":"css selector","value":"#application-manageresources-display-component---newResourceUnit--btnAddTimeSegment"}
COMMAND: GET /session/a414a6ae85a434897fa1c9da3096b959/element/f.63F842937ABE5650621AFC3910BCBB57.d.0AC0C2FE2C3AE0BB893DA9CD876513AF.e.11282/rect - {}
RESULT: {}
COMMAND: GET /session/a414a6ae85a434897fa1c9da3096b959/window/rect - {}
RESULT: {}
COMMAND: POST /session/a414a6ae85a434897fa1c9da3096b959/execute/sync - {"script":"<script> [92 bytes]","args":[]}
RESULT: {"script":"<script> [92 bytes]","args":[]}
COMMAND: POST /session/a414a6ae85a434897fa1c9da3096b959/actions - {"actions":[{"id":"action31","type":"wheel","parameters":{},"actions":[{"type":"scroll","x":-1888,"y":-32,"deltaX":0,"deltaY":0,"duration":0,"origin":{"element-6066-11e4-a52e-4f735466cecf":"f.63F842937ABE5650621AFC3910BCBB57.d.0AC0C2FE2C3AE0BB893DA9CD876513AF.e.11282"}}]}]}
COMMAND: GET /session/a414a6ae85a434897fa1c9da3096b959/screenshot - {}
RESULT: {}
COMMAND: POST /session/a414a6ae85a434897fa1c9da3096b959/execute/sync - {"script":"<script> [79 bytes]","args":[{"element-6066-11e4-a52e-4f735466cecf":"f.63F842937ABE5650621AFC3910BCBB57.d.0AC0C2FE2C3AE0BB893DA9CD876513AF.e.11282","ELEMENT":"f.63F842937ABE5650621AFC3910BCBB57.d.0AC0C2FE2C3AE0BB893DA9CD876513AF.e.11282"},{"block":"start","inline":"nearest"}]}
RESULT: {"script":"<script> [79 bytes]","args":[{"element-6066-11e4-a52e-4f735466cecf":"f.63F842937ABE5650621AFC3910BCBB57.d.0AC0C2FE2C3AE0BB893DA9CD876513AF.e.11282","ELEMENT":"f.63F842937ABE5650621AFC3910BCBB57.d.0AC0C2FE2C3AE0BB893DA9CD876513AF.e.11282"},{"block":"start","inline":"nearest"}]}
COMMAND: POST /session/a414a6ae85a434897fa1c9da3096b959/execute/async - {"script":"<script> [1562 bytes]","args":[{"selector":{"id":"application-manageresources-display-component---newResourceUnit--btnAddTimeSegment","interaction":{"idSuffix":"inner"}},"wdio_ui5_key":"applicationmanageresources-display-component---newResourceUnit--btnAddTimeSegment"}]}
COMMAND: GET /session/a414a6ae85a434897fa1c9da3096b959/screenshot - {}
RESULT: {"script":"<script> [1562 bytes]","args":[{"selector":{"id":"application-manageresources-display-component---newResourceUnit--btnAddTimeSegment","interaction":{"idSuffix":"inner"}},"wdio_ui5_key":"applicationmanageresources-display-component---newResourceUnit--btnAddTimeSegment"}]}
RESULT: undefined
COMMAND: POST /session/a414a6ae85a434897fa1c9da3096b959/element - {"using":"xpath","value":"//*[@id=\"application-manageresources-display-component---newResourceUnit--btnAddTimeSegment\"]"}
RESULT: {}
RESULT: {"using":"xpath","value":"//*[@id=\"application-manageresources-display-component---newResourceUnit--btnAddTimeSegment\"]"}
COMMAND: POST /session/a414a6ae85a434897fa1c9da3096b959/element/f.63F842937ABE5650621AFC3910BCBB57.d.0AC0C2FE2C3AE0BB893DA9CD876513AF.e.11282/click - {}
RESULT: {}
COMMAND: GET /session/a414a6ae85a434897fa1c9da3096b959/screenshot - {}
RESULT: {}
COMMAND: POST /session/a414a6ae85a434897fa1c9da3096b959/element - {"using":"xpath","value":"//input[@id=\"application-manageresources-display-component---newResourceUnit--idRuTSAdmin-application-manageresources-display-component---newResourceUnit--RUTimeSegment-0-inner\"]"}
RESULT: {"using":"xpath","value":"//input[@id=\"application-manageresources-display-component---newResourceUnit--idRuTSAdmin-application-manageresources-display-component---newResourceUnit--RUTimeSegment-0-inner\"]"}
COMMAND: POST /session/a414a6ae85a434897fa1c9da3096b959/element/f.63F842937ABE5650621AFC3910BCBB57.d.0AC0C2FE2C3AE0BB893DA9CD876513AF.e.11287/clear - {}
RESULT: {}
COMMAND: POST /session/a414a6ae85a434897fa1c9da3096b959/element/f.63F842937ABE5650621AFC3910BCBB57.d.0AC0C2FE2C3AE0BB893DA9CD876513AF.e.11287/value - {"text":"497"}
COMMAND: GET /session/a414a6ae85a434897fa1c9da3096b959/screenshot - {}
RESULT: {"text":"497"}
COMMAND: GET /session/a414a6ae85a434897fa1c9da3096b959/screenshot - {}
RESULT: {}
RESULT: {}
COMMAND: POST /session/a414a6ae85a434897fa1c9da3096b959/element - {"using":"xpath","value":"//li[.//span[text()='497']]"}
RESULT: {"using":"xpath","value":"//li[.//span[text()='497']]"}
COMMAND: POST /session/a414a6ae85a434897fa1c9da3096b959/element/f.63F842937ABE5650621AFC3910BCBB57.d.0AC0C2FE2C3AE0BB893DA9CD876513AF.e.11297/click - {}
RESULT: {}
COMMAND: GET /session/a414a6ae85a434897fa1c9da3096b959/screenshot - {}
RESULT: {}
COMMAND: POST /session/a414a6ae85a434897fa1c9da3096b959/element - {"using":"xpath","value":"(//span[contains(@id, \"-application-manageresources-display-component---newResourceUnit--RUTimeSegment-0-arrow\")])[2]"}
RESULT: {"using":"xpath","value":"(//span[contains(@id, \"-application-manageresources-display-component---newResourceUnit--RUTimeSegment-0-arrow\")])[2]"}
COMMAND: POST /session/a414a6ae85a434897fa1c9da3096b959/element/f.63F842937ABE5650621AFC3910BCBB57.d.0AC0C2FE2C3AE0BB893DA9CD876513AF.e.11298/click - {}
RESULT: {}
COMMAND: POST /session/a414a6ae85a434897fa1c9da3096b959/element - {"using":"xpath","value":"//span[contains(text(), \"PM Order\")]"}
COMMAND: GET /session/a414a6ae85a434897fa1c9da3096b959/screenshot - {}
RESULT: {"using":"xpath","value":"//span[contains(text(), \"PM Order\")]"}
COMMAND: POST /session/a414a6ae85a434897fa1c9da3096b959/element/f.63F842937ABE5650621AFC3910BCBB57.d.0AC0C2FE2C3AE0BB893DA9CD876513AF.e.11299/click - {}
RESULT: {}
RESULT: {}
COMMAND: GET /session/a414a6ae85a434897fa1c9da3096b959/screenshot - {}
RESULT: {}
COMMAND: POST /session/a414a6ae85a434897fa1c9da3096b959/element - {"using":"xpath","value":"//td/div/div/div/span[contains(@id, \"newResourceUnit--RUTimeSegment-0-vhi\")][1]"}
RESULT: {"using":"xpath","value":"//td/div/div/div/span[contains(@id, \"newResourceUnit--RUTimeSegment-0-vhi\")][1]"}
COMMAND: GET /session/a414a6ae85a434897fa1c9da3096b959/element/f.63F842937ABE5650621AFC3910BCBB57.d.0AC0C2FE2C3AE0BB893DA9CD876513AF.e.11303/rect - {}
RESULT: {}
COMMAND: GET /session/a414a6ae85a434897fa1c9da3096b959/window/rect - {}
RESULT: {}
COMMAND: POST /session/a414a6ae85a434897fa1c9da3096b959/execute/sync - {"script":"<script> [92 bytes]","args":[]}
RESULT: {"script":"<script> [92 bytes]","args":[]}
COMMAND: POST /session/a414a6ae85a434897fa1c9da3096b959/actions - {"actions":[{"id":"action32","type":"wheel","parameters":{},"actions":[{"type":"scroll","x":-1888,"y":-24,"deltaX":0,"deltaY":0,"duration":0,"origin":{"element-6066-11e4-a52e-4f735466cecf":"f.63F842937ABE5650621AFC3910BCBB57.d.0AC0C2FE2C3AE0BB893DA9CD876513AF.e.11303"}}]}]}
COMMAND: GET /session/a414a6ae85a434897fa1c9da3096b959/screenshot - {}
RESULT: {}
COMMAND: POST /session/a414a6ae85a434897fa1c9da3096b959/execute/sync - {"script":"<script> [79 bytes]","args":[{"element-6066-11e4-a52e-4f735466cecf":"f.63F842937ABE5650621AFC3910BCBB57.d.0AC0C2FE2C3AE0BB893DA9CD876513AF.e.11303","ELEMENT":"f.63F842937ABE5650621AFC3910BCBB57.d.0AC0C2FE2C3AE0BB893DA9CD876513AF.e.11303"},{"block":"start","inline":"nearest"}]}
RESULT: {"script":"<script> [79 bytes]","args":[{"element-6066-11e4-a52e-4f735466cecf":"f.63F842937ABE5650621AFC3910BCBB57.d.0AC0C2FE2C3AE0BB893DA9CD876513AF.e.11303","ELEMENT":"f.63F842937ABE5650621AFC3910BCBB57.d.0AC0C2FE2C3AE0BB893DA9CD876513AF.e.11303"},{"block":"start","inline":"nearest"}]}
COMMAND: GET /session/a414a6ae85a434897fa1c9da3096b959/screenshot - {}
RESULT: {}
COMMAND: POST /session/a414a6ae85a434897fa1c9da3096b959/element/f.63F842937ABE5650621AFC3910BCBB57.d.0AC0C2FE2C3AE0BB893DA9CD876513AF.e.11303/click - {}
RESULT: {}
COMMAND: GET /session/a414a6ae85a434897fa1c9da3096b959/screenshot - {}
RESULT: {}
COMMAND: POST /session/a414a6ae85a434897fa1c9da3096b959/execute/async - {"script":"<script> [1562 bytes]","args":[{"selector":{"controlType":"sap.m.SearchField","properties":{"placeholder":"Search"},"searchOpenDialogs":true,"interaction":{"idSuffix":"I"}},"wdio_ui5_key":"sapm.SearchField{\"placeholder\":\"Search\"}"}]}
RESULT: {"script":"<script> [1562 bytes]","args":[{"selector":{"controlType":"sap.m.SearchField","properties":{"placeholder":"Search"},"searchOpenDialogs":true,"interaction":{"idSuffix":"I"}},"wdio_ui5_key":"sapm.SearchField{\"placeholder\":\"Search\"}"}]}
RESULT: undefined
COMMAND: POST /session/a414a6ae85a434897fa1c9da3096b959/execute/async - {"script":"<script> [776 bytes]","args":[{"enterText":"4000360","selector":{"controlType":"sap.m.SearchField","properties":{"placeholder":"Search"},"searchOpenDialogs":true,"interaction":{"idSuffix":"I"}},"clearTextFirst":true,"interactionType":"ENTER_TEXT"}]}
RESULT: {"script":"<script> [776 bytes]","args":[{"enterText":"4000360","selector":{"controlType":"sap.m.SearchField","properties":{"placeholder":"Search"},"searchOpenDialogs":true,"interaction":{"idSuffix":"I"}},"clearTextFirst":true,"interactionType":"ENTER_TEXT"}]}
COMMAND: POST /session/a414a6ae85a434897fa1c9da3096b959/actions - {"actions":[{"id":"action33","type":"key","parameters":{},"actions":[{"type":"keyDown","value":""},{"type":"pause","duration":10},{"type":"keyUp","value":""}]}]}
RESULT: {"actions":[{"id":"action33","type":"key","parameters":{},"actions":[{"type":"keyDown","value":""},{"type":"pause","duration":10},{"type":"keyUp","value":""}]}]}
COMMAND: GET /session/a414a6ae85a434897fa1c9da3096b959/screenshot - {}
RESULT: {}
COMMAND: POST /session/a414a6ae85a434897fa1c9da3096b959/element - {"using":"xpath","value":"//td/div/span[contains(text(), \"BGL Vehicles\")]"}
RESULT: {"using":"xpath","value":"//td/div/span[contains(text(), \"BGL Vehicles\")]"}
COMMAND: POST /session/a414a6ae85a434897fa1c9da3096b959/element/f.63F842937ABE5650621AFC3910BCBB57.d.0AC0C2FE2C3AE0BB893DA9CD876513AF.e.11325/click - {}
RESULT: {}
COMMAND: GET /session/a414a6ae85a434897fa1c9da3096b959/screenshot - {}
RESULT: {}
COMMAND: POST /session/a414a6ae85a434897fa1c9da3096b959/element - {"using":"xpath","value":"//bdi[contains(text(), \"OK\")]"}
RESULT: {"using":"xpath","value":"//bdi[contains(text(), \"OK\")]"}
COMMAND: POST /session/a414a6ae85a434897fa1c9da3096b959/element/f.63F842937ABE5650621AFC3910BCBB57.d.0AC0C2FE2C3AE0BB893DA9CD876513AF.e.11326/click - {}
RESULT: {}
COMMAND: GET /session/a414a6ae85a434897fa1c9da3096b959/screenshot - {}
RESULT: {}
COMMAND: POST /session/a414a6ae85a434897fa1c9da3096b959/element - {"using":"xpath","value":"//label[contains(@class, 'sapMLabelRequired') and .//bdi[contains(text(), 'Planned Retirement')]]"}
RESULT: {"using":"xpath","value":"//label[contains(@class, 'sapMLabelRequired') and .//bdi[contains(text(), 'Planned Retirement')]]"}
COMMAND: POST /session/a414a6ae85a434897fa1c9da3096b959/elements - {"using":"xpath","value":"//label[contains(@class, 'sapMLabelRequired') and .//bdi[contains(text(), 'Planned Retirement')]]"}
RESULT: {"using":"xpath","value":"//label[contains(@class, 'sapMLabelRequired') and .//bdi[contains(text(), 'Planned Retirement')]]"}
COMMAND: POST /session/a414a6ae85a434897fa1c9da3096b959/element - {"using":"xpath","value":"//button[@data-kt=\"resourceUnitSaveButton\"]"}
RESULT: {"using":"xpath","value":"//button[@data-kt=\"resourceUnitSaveButton\"]"}
COMMAND: POST /session/a414a6ae85a434897fa1c9da3096b959/element/f.63F842937ABE5650621AFC3910BCBB57.d.0AC0C2FE2C3AE0BB893DA9CD876513AF.e.11160/click - {}
RESULT: {}
COMMAND: GET /session/a414a6ae85a434897fa1c9da3096b959/screenshot - {}
RESULT: {}
COMMAND: POST /session/a414a6ae85a434897fa1c9da3096b959/element - {"using":"xpath","value":"//bdi[contains(text(), \"Close\")]"}
RESULT: {"using":"xpath","value":"//bdi[contains(text(), \"Close\")]"}
COMMAND: POST /session/a414a6ae85a434897fa1c9da3096b959/element/f.63F842937ABE5650621AFC3910BCBB57.d.0AC0C2FE2C3AE0BB893DA9CD876513AF.e.11333/click - {}
RESULT: {}
COMMAND: GET /session/a414a6ae85a434897fa1c9da3096b959/screenshot - {}
RESULT: {}
COMMAND: POST /session/a414a6ae85a434897fa1c9da3096b959/element - {"using":"xpath","value":"//header[contains(@id, 'detailRruPage-headerTitle')]/div[1]/div[2]/div[2]/span[1]"}
RESULT: {"using":"xpath","value":"//header[contains(@id, 'detailRruPage-headerTitle')]/div[1]/div[2]/div[2]/span[1]"}
COMMAND: POST /session/a414a6ae85a434897fa1c9da3096b959/elements - {"using":"xpath","value":"//header[contains(@id, 'detailRruPage-headerTitle')]/div[1]/div[2]/div[2]/span[1]"}
RESULT: {"using":"xpath","value":"//header[contains(@id, 'detailRruPage-headerTitle')]/div[1]/div[2]/div[2]/span[1]"}
COMMAND: POST /session/a414a6ae85a434897fa1c9da3096b959/execute/sync - {"script":"<script> [56 bytes]","args":[{"element-6066-11e4-a52e-4f735466cecf":"f.63F842937ABE5650621AFC3910BCBB57.d.0AC0C2FE2C3AE0BB893DA9CD876513AF.e.11368","ELEMENT":"f.63F842937ABE5650621AFC3910BCBB57.d.0AC0C2FE2C3AE0BB893DA9CD876513AF.e.11368"}]}
RESULT: {"script":"<script> [56 bytes]","args":[{"element-6066-11e4-a52e-4f735466cecf":"f.63F842937ABE5650621AFC3910BCBB57.d.0AC0C2FE2C3AE0BB893DA9CD876513AF.e.11368","ELEMENT":"f.63F842937ABE5650621AFC3910BCBB57.d.0AC0C2FE2C3AE0BB893DA9CD876513AF.e.11368"}]}
COMMAND: POST /session/a414a6ae85a434897fa1c9da3096b959/element - {"using":"css selector","value":"#shell-header-logo"}
COMMAND: GET /session/a414a6ae85a434897fa1c9da3096b959/screenshot - {}
RESULT: {"using":"css selector","value":"#shell-header-logo"}
COMMAND: POST /session/a414a6ae85a434897fa1c9da3096b959/element/f.63F842937ABE5650621AFC3910BCBB57.d.0AC0C2FE2C3AE0BB893DA9CD876513AF.e.10756/click - {}
RESULT: {}
RESULT: {}
COMMAND: GET /session/a414a6ae85a434897fa1c9da3096b959/screenshot - {}
RESULT: {}
]]></system-out>
    </testcase>
    <testcase classname="chrome.136_0_7103_93.windows.Return_from_Site_w/_warehouse_management_w/_clarification_US125588" name="Bin Status Report Should Create New Organization yard" time="0.005"/>
    <testcase classname="chrome.136_0_7103_93.windows.Return_from_Site_w/_warehouse_management_w/_clarification_US125588" name="Bin Status Report Should Create New Organization for Site" time="0.013"/>
  </testsuite>
  <testsuite timestamp="2025-05-30T17:13:59" time="502.514" tests="7" failures="7" errors="7" skipped="0">
    <properties>
      <property name="specId" value="0"/>
      <property name="suiteName" value="Return from Site w/ warehouse management w clarification"/>
      <property name="capabilities" value="chrome.136_0_7103_93.windows"/>
      <property name="file" value="file:///D:/a/1/s/test/specs/HTR/return-from-site-w-warehouse-management-w-clarification.spec.js"/>
    </properties>
    <testcase classname="chrome.136_0_7103_93.windows.Return_from_Site_w/_warehouse_management_w_clarification" name="Should do a stock increase handover" time="92.019">
      <failure/>
      <error message="Can't call click on element with selector &quot;//li[.//span[contains(text(),'497 -')]]&quot; because element wasn't found"/>
      <system-out><![CDATA[
COMMAND: POST /session/a414a6ae85a434897fa1c9da3096b959/execute/async - {"script":"<script> [1562 bytes]","args":[{"selector":{"controlType":"sap.m.GenericTile","properties":{"header":"Manage Handovers"}},"wdio_ui5_key":"sapm.GenericTile{\"header\":\"Manage Handovers\"}"}]}
RESULT: {"script":"<script> [1562 bytes]","args":[{"selector":{"controlType":"sap.m.GenericTile","properties":{"header":"Manage Handovers"}},"wdio_ui5_key":"sapm.GenericTile{\"header\":\"Manage Handovers\"}"}]}
RESULT: undefined
COMMAND: POST /session/a414a6ae85a434897fa1c9da3096b959/element - {"using":"xpath","value":"//*[@id=\"__tile132\"]"}
RESULT: {"using":"xpath","value":"//*[@id=\"__tile132\"]"}
COMMAND: POST /session/a414a6ae85a434897fa1c9da3096b959/element/f.63F842937ABE5650621AFC3910BCBB57.d.0AC0C2FE2C3AE0BB893DA9CD876513AF.e.10732/click - {}
RESULT: {}
COMMAND: GET /session/a414a6ae85a434897fa1c9da3096b959/screenshot - {}
RESULT: {}
COMMAND: POST /session/a414a6ae85a434897fa1c9da3096b959/elements - {"using":"xpath","value":"//span[text()='Error']"}
RESULT: {"using":"xpath","value":"//span[text()='Error']"}
COMMAND: POST /session/a414a6ae85a434897fa1c9da3096b959/element - {"using":"xpath","value":"//button[@data-kt=\"masterHOAddButton\"]"}
RESULT: {"using":"xpath","value":"//button[@data-kt=\"masterHOAddButton\"]"}
COMMAND: POST /session/a414a6ae85a434897fa1c9da3096b959/elements - {"using":"xpath","value":"//button[@data-kt=\"masterHOAddButton\"]"}
RESULT: {"using":"xpath","value":"//button[@data-kt=\"masterHOAddButton\"]"}
COMMAND: POST /session/a414a6ae85a434897fa1c9da3096b959/execute/sync - {"script":"<script> [8489 bytes]","args":[{"element-6066-11e4-a52e-4f735466cecf":"f.63F842937ABE5650621AFC3910BCBB57.d.0AC0C2FE2C3AE0BB893DA9CD876513AF.e.11408","ELEMENT":"f.63F842937ABE5650621AFC3910BCBB57.d.0AC0C2FE2C3AE0BB893DA9CD876513AF.e.11408"}]}
RESULT: {"script":"<script> [8489 bytes]","args":[{"element-6066-11e4-a52e-4f735466cecf":"f.63F842937ABE5650621AFC3910BCBB57.d.0AC0C2FE2C3AE0BB893DA9CD876513AF.e.11408","ELEMENT":"f.63F842937ABE5650621AFC3910BCBB57.d.0AC0C2FE2C3AE0BB893DA9CD876513AF.e.11408"}]}
COMMAND: GET /session/a414a6ae85a434897fa1c9da3096b959/element/f.63F842937ABE5650621AFC3910BCBB57.d.0AC0C2FE2C3AE0BB893DA9CD876513AF.e.11408/enabled - {}
COMMAND: GET /session/a414a6ae85a434897fa1c9da3096b959/screenshot - {}
RESULT: {}
COMMAND: POST /session/a414a6ae85a434897fa1c9da3096b959/execute/sync - {"script":"<script> [8489 bytes]","args":[{"element-6066-11e4-a52e-4f735466cecf":"f.63F842937ABE5650621AFC3910BCBB57.d.0AC0C2FE2C3AE0BB893DA9CD876513AF.e.11408","ELEMENT":"f.63F842937ABE5650621AFC3910BCBB57.d.0AC0C2FE2C3AE0BB893DA9CD876513AF.e.11408"}]}
COMMAND: GET /session/a414a6ae85a434897fa1c9da3096b959/screenshot - {}
RESULT: {}
RESULT: {"script":"<script> [8489 bytes]","args":[{"element-6066-11e4-a52e-4f735466cecf":"f.63F842937ABE5650621AFC3910BCBB57.d.0AC0C2FE2C3AE0BB893DA9CD876513AF.e.11408","ELEMENT":"f.63F842937ABE5650621AFC3910BCBB57.d.0AC0C2FE2C3AE0BB893DA9CD876513AF.e.11408"}]}
COMMAND: POST /session/a414a6ae85a434897fa1c9da3096b959/execute/sync - {"script":"<script> [5351 bytes]","args":[{"element-6066-11e4-a52e-4f735466cecf":"f.63F842937ABE5650621AFC3910BCBB57.d.0AC0C2FE2C3AE0BB893DA9CD876513AF.e.11408","ELEMENT":"f.63F842937ABE5650621AFC3910BCBB57.d.0AC0C2FE2C3AE0BB893DA9CD876513AF.e.11408"}]}
COMMAND: GET /session/a414a6ae85a434897fa1c9da3096b959/screenshot - {}
RESULT: {}
RESULT: {"script":"<script> [5351 bytes]","args":[{"element-6066-11e4-a52e-4f735466cecf":"f.63F842937ABE5650621AFC3910BCBB57.d.0AC0C2FE2C3AE0BB893DA9CD876513AF.e.11408","ELEMENT":"f.63F842937ABE5650621AFC3910BCBB57.d.0AC0C2FE2C3AE0BB893DA9CD876513AF.e.11408"}]}
COMMAND: POST /session/a414a6ae85a434897fa1c9da3096b959/element/f.63F842937ABE5650621AFC3910BCBB57.d.0AC0C2FE2C3AE0BB893DA9CD876513AF.e.11408/click - {}
COMMAND: GET /session/a414a6ae85a434897fa1c9da3096b959/screenshot - {}
RESULT: {}
RESULT: {}
COMMAND: GET /session/a414a6ae85a434897fa1c9da3096b959/screenshot - {}
COMMAND: POST /session/a414a6ae85a434897fa1c9da3096b959/element - {"using":"xpath","value":"//span[contains(@id ,\"AddNewHO--typeSelect-arrow\")]"}
RESULT: {}
RESULT: {}
RESULT: {"using":"xpath","value":"//span[contains(@id ,\"AddNewHO--typeSelect-arrow\")]"}
COMMAND: POST /session/a414a6ae85a434897fa1c9da3096b959/element/f.63F842937ABE5650621AFC3910BCBB57.d.0AC0C2FE2C3AE0BB893DA9CD876513AF.e.11746/click - {}
RESULT: {}
COMMAND: GET /session/a414a6ae85a434897fa1c9da3096b959/screenshot - {}
RESULT: {}
COMMAND: POST /session/a414a6ae85a434897fa1c9da3096b959/element - {"using":"xpath","value":"(//li[contains(text(), \"stock increase yard\")])[1]"}
RESULT: {"using":"xpath","value":"(//li[contains(text(), \"stock increase yard\")])[1]"}
COMMAND: POST /session/a414a6ae85a434897fa1c9da3096b959/element/f.63F842937ABE5650621AFC3910BCBB57.d.0AC0C2FE2C3AE0BB893DA9CD876513AF.e.11747/click - {}
RESULT: {}
COMMAND: GET /session/a414a6ae85a434897fa1c9da3096b959/screenshot - {}
RESULT: {}
COMMAND: POST /session/a414a6ae85a434897fa1c9da3096b959/execute/async - {"script":"<script> [1562 bytes]","args":[{"selector":{"id":"application-managehandovers-display-component---AddNewHO--dueDate","interaction":{"idSuffix":"inner"}},"wdio_ui5_key":"applicationmanagehandovers-display-component---AddNewHO--dueDate"}]}
RESULT: {"script":"<script> [1562 bytes]","args":[{"selector":{"id":"application-managehandovers-display-component---AddNewHO--dueDate","interaction":{"idSuffix":"inner"}},"wdio_ui5_key":"applicationmanagehandovers-display-component---AddNewHO--dueDate"}]}
RESULT: undefined
COMMAND: POST /session/a414a6ae85a434897fa1c9da3096b959/execute/async - {"script":"<script> [6424 bytes]","args":[{"element-6066-11e4-a52e-4f735466cecf":"f.63F842937ABE5650621AFC3910BCBB57.d.0AC0C2FE2C3AE0BB893DA9CD876513AF.e.11749"},"setValue",["5/30/25"]]}
RESULT: {"script":"<script> [6424 bytes]","args":[{"element-6066-11e4-a52e-4f735466cecf":"f.63F842937ABE5650621AFC3910BCBB57.d.0AC0C2FE2C3AE0BB893DA9CD876513AF.e.11749"},"setValue",["5/30/25"]]}
COMMAND: POST /session/a414a6ae85a434897fa1c9da3096b959/element - {"using":"xpath","value":"//input[@id=\"generalSectionFrg--receiveYard-inner\"]"}
RESULT: {"using":"xpath","value":"//input[@id=\"generalSectionFrg--receiveYard-inner\"]"}
COMMAND: POST /session/a414a6ae85a434897fa1c9da3096b959/element/f.63F842937ABE5650621AFC3910BCBB57.d.0AC0C2FE2C3AE0BB893DA9CD876513AF.e.11755/clear - {}
RESULT: {}
COMMAND: POST /session/a414a6ae85a434897fa1c9da3096b959/element/f.63F842937ABE5650621AFC3910BCBB57.d.0AC0C2FE2C3AE0BB893DA9CD876513AF.e.11755/value - {"text":"497"}
COMMAND: GET /session/a414a6ae85a434897fa1c9da3096b959/screenshot - {}
RESULT: {"text":"497"}
COMMAND: GET /session/a414a6ae85a434897fa1c9da3096b959/screenshot - {}
RESULT: {}
RESULT: {}
COMMAND: POST /session/a414a6ae85a434897fa1c9da3096b959/element - {"using":"xpath","value":"//li[.//span[contains(text(),'497 -')]]"}
RESULT: {"using":"xpath","value":"//li[.//span[contains(text(),'497 -')]]"}
COMMAND: POST /session/a414a6ae85a434897fa1c9da3096b959/elements - {"using":"xpath","value":"//li[.//span[contains(text(),'497 -')]]"}
RESULT: {"using":"xpath","value":"//li[.//span[contains(text(),'497 -')]]"}
COMMAND: POST /session/a414a6ae85a434897fa1c9da3096b959/elements - {"using":"xpath","value":"//li[.//span[contains(text(),'497 -')]]"}
RESULT: {"using":"xpath","value":"//li[.//span[contains(text(),'497 -')]]"}
COMMAND: POST /session/a414a6ae85a434897fa1c9da3096b959/elements - {"using":"xpath","value":"//li[.//span[contains(text(),'497 -')]]"}
RESULT: {"using":"xpath","value":"//li[.//span[contains(text(),'497 -')]]"}
COMMAND: POST /session/a414a6ae85a434897fa1c9da3096b959/elements - {"using":"xpath","value":"//li[.//span[contains(text(),'497 -')]]"}
RESULT: {"using":"xpath","value":"//li[.//span[contains(text(),'497 -')]]"}
COMMAND: POST /session/a414a6ae85a434897fa1c9da3096b959/elements - {"using":"xpath","value":"//li[.//span[contains(text(),'497 -')]]"}
RESULT: {"using":"xpath","value":"//li[.//span[contains(text(),'497 -')]]"}
COMMAND: POST /session/a414a6ae85a434897fa1c9da3096b959/elements - {"using":"xpath","value":"//li[.//span[contains(text(),'497 -')]]"}
RESULT: {"using":"xpath","value":"//li[.//span[contains(text(),'497 -')]]"}
COMMAND: POST /session/a414a6ae85a434897fa1c9da3096b959/elements - {"using":"xpath","value":"//li[.//span[contains(text(),'497 -')]]"}
RESULT: {"using":"xpath","value":"//li[.//span[contains(text(),'497 -')]]"}
COMMAND: POST /session/a414a6ae85a434897fa1c9da3096b959/elements - {"using":"xpath","value":"//li[.//span[contains(text(),'497 -')]]"}
RESULT: {"using":"xpath","value":"//li[.//span[contains(text(),'497 -')]]"}
COMMAND: POST /session/a414a6ae85a434897fa1c9da3096b959/elements - {"using":"xpath","value":"//li[.//span[contains(text(),'497 -')]]"}
RESULT: {"using":"xpath","value":"//li[.//span[contains(text(),'497 -')]]"}
COMMAND: POST /session/a414a6ae85a434897fa1c9da3096b959/elements - {"using":"xpath","value":"//li[.//span[contains(text(),'497 -')]]"}
RESULT: {"using":"xpath","value":"//li[.//span[contains(text(),'497 -')]]"}
COMMAND: POST /session/a414a6ae85a434897fa1c9da3096b959/elements - {"using":"xpath","value":"//li[.//span[contains(text(),'497 -')]]"}
RESULT: {"using":"xpath","value":"//li[.//span[contains(text(),'497 -')]]"}
COMMAND: POST /session/a414a6ae85a434897fa1c9da3096b959/elements - {"using":"xpath","value":"//li[.//span[contains(text(),'497 -')]]"}
RESULT: {"using":"xpath","value":"//li[.//span[contains(text(),'497 -')]]"}
COMMAND: POST /session/a414a6ae85a434897fa1c9da3096b959/elements - {"using":"xpath","value":"//li[.//span[contains(text(),'497 -')]]"}
RESULT: {"using":"xpath","value":"//li[.//span[contains(text(),'497 -')]]"}
COMMAND: POST /session/a414a6ae85a434897fa1c9da3096b959/elements - {"using":"xpath","value":"//li[.//span[contains(text(),'497 -')]]"}
RESULT: {"using":"xpath","value":"//li[.//span[contains(text(),'497 -')]]"}
COMMAND: POST /session/a414a6ae85a434897fa1c9da3096b959/elements - {"using":"xpath","value":"//li[.//span[contains(text(),'497 -')]]"}
RESULT: {"using":"xpath","value":"//li[.//span[contains(text(),'497 -')]]"}
COMMAND: POST /session/a414a6ae85a434897fa1c9da3096b959/elements - {"using":"xpath","value":"//li[.//span[contains(text(),'497 -')]]"}
RESULT: {"using":"xpath","value":"//li[.//span[contains(text(),'497 -')]]"}
COMMAND: POST /session/a414a6ae85a434897fa1c9da3096b959/elements - {"using":"xpath","value":"//li[.//span[contains(text(),'497 -')]]"}
RESULT: {"using":"xpath","value":"//li[.//span[contains(text(),'497 -')]]"}
COMMAND: POST /session/a414a6ae85a434897fa1c9da3096b959/elements - {"using":"xpath","value":"//li[.//span[contains(text(),'497 -')]]"}
RESULT: {"using":"xpath","value":"//li[.//span[contains(text(),'497 -')]]"}
COMMAND: POST /session/a414a6ae85a434897fa1c9da3096b959/elements - {"using":"xpath","value":"//li[.//span[contains(text(),'497 -')]]"}
RESULT: {"using":"xpath","value":"//li[.//span[contains(text(),'497 -')]]"}
COMMAND: POST /session/a414a6ae85a434897fa1c9da3096b959/elements - {"using":"xpath","value":"//li[.//span[contains(text(),'497 -')]]"}
RESULT: {"using":"xpath","value":"//li[.//span[contains(text(),'497 -')]]"}
COMMAND: POST /session/a414a6ae85a434897fa1c9da3096b959/elements - {"using":"xpath","value":"//li[.//span[contains(text(),'497 -')]]"}
RESULT: {"using":"xpath","value":"//li[.//span[contains(text(),'497 -')]]"}
COMMAND: POST /session/a414a6ae85a434897fa1c9da3096b959/elements - {"using":"xpath","value":"//li[.//span[contains(text(),'497 -')]]"}
RESULT: {"using":"xpath","value":"//li[.//span[contains(text(),'497 -')]]"}
COMMAND: POST /session/a414a6ae85a434897fa1c9da3096b959/elements - {"using":"xpath","value":"//li[.//span[contains(text(),'497 -')]]"}
RESULT: {"using":"xpath","value":"//li[.//span[contains(text(),'497 -')]]"}
COMMAND: POST /session/a414a6ae85a434897fa1c9da3096b959/elements - {"using":"xpath","value":"//li[.//span[contains(text(),'497 -')]]"}
RESULT: {"using":"xpath","value":"//li[.//span[contains(text(),'497 -')]]"}
COMMAND: POST /session/a414a6ae85a434897fa1c9da3096b959/elements - {"using":"xpath","value":"//li[.//span[contains(text(),'497 -')]]"}
RESULT: {"using":"xpath","value":"//li[.//span[contains(text(),'497 -')]]"}
COMMAND: POST /session/a414a6ae85a434897fa1c9da3096b959/elements - {"using":"xpath","value":"//li[.//span[contains(text(),'497 -')]]"}
RESULT: {"using":"xpath","value":"//li[.//span[contains(text(),'497 -')]]"}
COMMAND: POST /session/a414a6ae85a434897fa1c9da3096b959/elements - {"using":"xpath","value":"//li[.//span[contains(text(),'497 -')]]"}
RESULT: {"using":"xpath","value":"//li[.//span[contains(text(),'497 -')]]"}
COMMAND: POST /session/a414a6ae85a434897fa1c9da3096b959/elements - {"using":"xpath","value":"//li[.//span[contains(text(),'497 -')]]"}
RESULT: {"using":"xpath","value":"//li[.//span[contains(text(),'497 -')]]"}
COMMAND: POST /session/a414a6ae85a434897fa1c9da3096b959/elements - {"using":"xpath","value":"//li[.//span[contains(text(),'497 -')]]"}
RESULT: {"using":"xpath","value":"//li[.//span[contains(text(),'497 -')]]"}
COMMAND: POST /session/a414a6ae85a434897fa1c9da3096b959/elements - {"using":"xpath","value":"//li[.//span[contains(text(),'497 -')]]"}
RESULT: {"using":"xpath","value":"//li[.//span[contains(text(),'497 -')]]"}
COMMAND: POST /session/a414a6ae85a434897fa1c9da3096b959/elements - {"using":"xpath","value":"//li[.//span[contains(text(),'497 -')]]"}
RESULT: {"using":"xpath","value":"//li[.//span[contains(text(),'497 -')]]"}
COMMAND: POST /session/a414a6ae85a434897fa1c9da3096b959/elements - {"using":"xpath","value":"//li[.//span[contains(text(),'497 -')]]"}
RESULT: {"using":"xpath","value":"//li[.//span[contains(text(),'497 -')]]"}
COMMAND: POST /session/a414a6ae85a434897fa1c9da3096b959/elements - {"using":"xpath","value":"//li[.//span[contains(text(),'497 -')]]"}
RESULT: {"using":"xpath","value":"//li[.//span[contains(text(),'497 -')]]"}
COMMAND: POST /session/a414a6ae85a434897fa1c9da3096b959/elements - {"using":"xpath","value":"//li[.//span[contains(text(),'497 -')]]"}
RESULT: {"using":"xpath","value":"//li[.//span[contains(text(),'497 -')]]"}
COMMAND: POST /session/a414a6ae85a434897fa1c9da3096b959/elements - {"using":"xpath","value":"//li[.//span[contains(text(),'497 -')]]"}
RESULT: {"using":"xpath","value":"//li[.//span[contains(text(),'497 -')]]"}
COMMAND: POST /session/a414a6ae85a434897fa1c9da3096b959/elements - {"using":"xpath","value":"//li[.//span[contains(text(),'497 -')]]"}
RESULT: {"using":"xpath","value":"//li[.//span[contains(text(),'497 -')]]"}
COMMAND: POST /session/a414a6ae85a434897fa1c9da3096b959/elements - {"using":"xpath","value":"//li[.//span[contains(text(),'497 -')]]"}
RESULT: {"using":"xpath","value":"//li[.//span[contains(text(),'497 -')]]"}
COMMAND: POST /session/a414a6ae85a434897fa1c9da3096b959/elements - {"using":"xpath","value":"//li[.//span[contains(text(),'497 -')]]"}
RESULT: {"using":"xpath","value":"//li[.//span[contains(text(),'497 -')]]"}
COMMAND: POST /session/a414a6ae85a434897fa1c9da3096b959/elements - {"using":"xpath","value":"//li[.//span[contains(text(),'497 -')]]"}
RESULT: {"using":"xpath","value":"//li[.//span[contains(text(),'497 -')]]"}
COMMAND: POST /session/a414a6ae85a434897fa1c9da3096b959/elements - {"using":"xpath","value":"//li[.//span[contains(text(),'497 -')]]"}
RESULT: {"using":"xpath","value":"//li[.//span[contains(text(),'497 -')]]"}
COMMAND: POST /session/a414a6ae85a434897fa1c9da3096b959/elements - {"using":"xpath","value":"//li[.//span[contains(text(),'497 -')]]"}
RESULT: {"using":"xpath","value":"//li[.//span[contains(text(),'497 -')]]"}
COMMAND: POST /session/a414a6ae85a434897fa1c9da3096b959/elements - {"using":"xpath","value":"//li[.//span[contains(text(),'497 -')]]"}
RESULT: {"using":"xpath","value":"//li[.//span[contains(text(),'497 -')]]"}
COMMAND: POST /session/a414a6ae85a434897fa1c9da3096b959/elements - {"using":"xpath","value":"//li[.//span[contains(text(),'497 -')]]"}
RESULT: {"using":"xpath","value":"//li[.//span[contains(text(),'497 -')]]"}
COMMAND: POST /session/a414a6ae85a434897fa1c9da3096b959/elements - {"using":"xpath","value":"//li[.//span[contains(text(),'497 -')]]"}
RESULT: {"using":"xpath","value":"//li[.//span[contains(text(),'497 -')]]"}
COMMAND: POST /session/a414a6ae85a434897fa1c9da3096b959/elements - {"using":"xpath","value":"//li[.//span[contains(text(),'497 -')]]"}
RESULT: {"using":"xpath","value":"//li[.//span[contains(text(),'497 -')]]"}
COMMAND: POST /session/a414a6ae85a434897fa1c9da3096b959/elements - {"using":"xpath","value":"//li[.//span[contains(text(),'497 -')]]"}
RESULT: {"using":"xpath","value":"//li[.//span[contains(text(),'497 -')]]"}
COMMAND: POST /session/a414a6ae85a434897fa1c9da3096b959/elements - {"using":"xpath","value":"//li[.//span[contains(text(),'497 -')]]"}
RESULT: {"using":"xpath","value":"//li[.//span[contains(text(),'497 -')]]"}
COMMAND: POST /session/a414a6ae85a434897fa1c9da3096b959/elements - {"using":"xpath","value":"//li[.//span[contains(text(),'497 -')]]"}
RESULT: {"using":"xpath","value":"//li[.//span[contains(text(),'497 -')]]"}
COMMAND: POST /session/a414a6ae85a434897fa1c9da3096b959/elements - {"using":"xpath","value":"//li[.//span[contains(text(),'497 -')]]"}
RESULT: {"using":"xpath","value":"//li[.//span[contains(text(),'497 -')]]"}
COMMAND: POST /session/a414a6ae85a434897fa1c9da3096b959/elements - {"using":"xpath","value":"//li[.//span[contains(text(),'497 -')]]"}
RESULT: {"using":"xpath","value":"//li[.//span[contains(text(),'497 -')]]"}
COMMAND: POST /session/a414a6ae85a434897fa1c9da3096b959/elements - {"using":"xpath","value":"//li[.//span[contains(text(),'497 -')]]"}
RESULT: {"using":"xpath","value":"//li[.//span[contains(text(),'497 -')]]"}
COMMAND: POST /session/a414a6ae85a434897fa1c9da3096b959/elements - {"using":"xpath","value":"//li[.//span[contains(text(),'497 -')]]"}
RESULT: {"using":"xpath","value":"//li[.//span[contains(text(),'497 -')]]"}
COMMAND: POST /session/a414a6ae85a434897fa1c9da3096b959/elements - {"using":"xpath","value":"//li[.//span[contains(text(),'497 -')]]"}
RESULT: {"using":"xpath","value":"//li[.//span[contains(text(),'497 -')]]"}
COMMAND: POST /session/a414a6ae85a434897fa1c9da3096b959/elements - {"using":"xpath","value":"//li[.//span[contains(text(),'497 -')]]"}
RESULT: {"using":"xpath","value":"//li[.//span[contains(text(),'497 -')]]"}
COMMAND: POST /session/a414a6ae85a434897fa1c9da3096b959/elements - {"using":"xpath","value":"//li[.//span[contains(text(),'497 -')]]"}
RESULT: {"using":"xpath","value":"//li[.//span[contains(text(),'497 -')]]"}
COMMAND: POST /session/a414a6ae85a434897fa1c9da3096b959/elements - {"using":"xpath","value":"//li[.//span[contains(text(),'497 -')]]"}
RESULT: {"using":"xpath","value":"//li[.//span[contains(text(),'497 -')]]"}
COMMAND: POST /session/a414a6ae85a434897fa1c9da3096b959/elements - {"using":"xpath","value":"//li[.//span[contains(text(),'497 -')]]"}
RESULT: {"using":"xpath","value":"//li[.//span[contains(text(),'497 -')]]"}
COMMAND: POST /session/a414a6ae85a434897fa1c9da3096b959/elements - {"using":"xpath","value":"//li[.//span[contains(text(),'497 -')]]"}
RESULT: {"using":"xpath","value":"//li[.//span[contains(text(),'497 -')]]"}
COMMAND: POST /session/a414a6ae85a434897fa1c9da3096b959/elements - {"using":"xpath","value":"//li[.//span[contains(text(),'497 -')]]"}
RESULT: {"using":"xpath","value":"//li[.//span[contains(text(),'497 -')]]"}
COMMAND: POST /session/a414a6ae85a434897fa1c9da3096b959/elements - {"using":"xpath","value":"//li[.//span[contains(text(),'497 -')]]"}
RESULT: {"using":"xpath","value":"//li[.//span[contains(text(),'497 -')]]"}
COMMAND: POST /session/a414a6ae85a434897fa1c9da3096b959/elements - {"using":"xpath","value":"//li[.//span[contains(text(),'497 -')]]"}
RESULT: {"using":"xpath","value":"//li[.//span[contains(text(),'497 -')]]"}
COMMAND: POST /session/a414a6ae85a434897fa1c9da3096b959/elements - {"using":"xpath","value":"//li[.//span[contains(text(),'497 -')]]"}
RESULT: {"using":"xpath","value":"//li[.//span[contains(text(),'497 -')]]"}
COMMAND: POST /session/a414a6ae85a434897fa1c9da3096b959/elements - {"using":"xpath","value":"//li[.//span[contains(text(),'497 -')]]"}
RESULT: {"using":"xpath","value":"//li[.//span[contains(text(),'497 -')]]"}
COMMAND: POST /session/a414a6ae85a434897fa1c9da3096b959/elements - {"using":"xpath","value":"//li[.//span[contains(text(),'497 -')]]"}
RESULT: {"using":"xpath","value":"//li[.//span[contains(text(),'497 -')]]"}
COMMAND: POST /session/a414a6ae85a434897fa1c9da3096b959/elements - {"using":"xpath","value":"//li[.//span[contains(text(),'497 -')]]"}
RESULT: {"using":"xpath","value":"//li[.//span[contains(text(),'497 -')]]"}
COMMAND: POST /session/a414a6ae85a434897fa1c9da3096b959/elements - {"using":"xpath","value":"//li[.//span[contains(text(),'497 -')]]"}
RESULT: {"using":"xpath","value":"//li[.//span[contains(text(),'497 -')]]"}
COMMAND: POST /session/a414a6ae85a434897fa1c9da3096b959/elements - {"using":"xpath","value":"//li[.//span[contains(text(),'497 -')]]"}
RESULT: {"using":"xpath","value":"//li[.//span[contains(text(),'497 -')]]"}
COMMAND: POST /session/a414a6ae85a434897fa1c9da3096b959/elements - {"using":"xpath","value":"//li[.//span[contains(text(),'497 -')]]"}
RESULT: {"using":"xpath","value":"//li[.//span[contains(text(),'497 -')]]"}
COMMAND: POST /session/a414a6ae85a434897fa1c9da3096b959/elements - {"using":"xpath","value":"//li[.//span[contains(text(),'497 -')]]"}
RESULT: {"using":"xpath","value":"//li[.//span[contains(text(),'497 -')]]"}
COMMAND: POST /session/a414a6ae85a434897fa1c9da3096b959/elements - {"using":"xpath","value":"//li[.//span[contains(text(),'497 -')]]"}
RESULT: {"using":"xpath","value":"//li[.//span[contains(text(),'497 -')]]"}
COMMAND: POST /session/a414a6ae85a434897fa1c9da3096b959/elements - {"using":"xpath","value":"//li[.//span[contains(text(),'497 -')]]"}
RESULT: {"using":"xpath","value":"//li[.//span[contains(text(),'497 -')]]"}
COMMAND: POST /session/a414a6ae85a434897fa1c9da3096b959/elements - {"using":"xpath","value":"//li[.//span[contains(text(),'497 -')]]"}
RESULT: {"using":"xpath","value":"//li[.//span[contains(text(),'497 -')]]"}
COMMAND: POST /session/a414a6ae85a434897fa1c9da3096b959/elements - {"using":"xpath","value":"//li[.//span[contains(text(),'497 -')]]"}
RESULT: {"using":"xpath","value":"//li[.//span[contains(text(),'497 -')]]"}
COMMAND: POST /session/a414a6ae85a434897fa1c9da3096b959/elements - {"using":"xpath","value":"//li[.//span[contains(text(),'497 -')]]"}
RESULT: {"using":"xpath","value":"//li[.//span[contains(text(),'497 -')]]"}
COMMAND: POST /session/a414a6ae85a434897fa1c9da3096b959/elements - {"using":"xpath","value":"//li[.//span[contains(text(),'497 -')]]"}
RESULT: {"using":"xpath","value":"//li[.//span[contains(text(),'497 -')]]"}
COMMAND: POST /session/a414a6ae85a434897fa1c9da3096b959/elements - {"using":"xpath","value":"//li[.//span[contains(text(),'497 -')]]"}
RESULT: {"using":"xpath","value":"//li[.//span[contains(text(),'497 -')]]"}
COMMAND: POST /session/a414a6ae85a434897fa1c9da3096b959/elements - {"using":"xpath","value":"//li[.//span[contains(text(),'497 -')]]"}
RESULT: {"using":"xpath","value":"//li[.//span[contains(text(),'497 -')]]"}
COMMAND: POST /session/a414a6ae85a434897fa1c9da3096b959/elements - {"using":"xpath","value":"//li[.//span[contains(text(),'497 -')]]"}
RESULT: {"using":"xpath","value":"//li[.//span[contains(text(),'497 -')]]"}
COMMAND: POST /session/a414a6ae85a434897fa1c9da3096b959/elements - {"using":"xpath","value":"//li[.//span[contains(text(),'497 -')]]"}
RESULT: {"using":"xpath","value":"//li[.//span[contains(text(),'497 -')]]"}
COMMAND: POST /session/a414a6ae85a434897fa1c9da3096b959/elements - {"using":"xpath","value":"//li[.//span[contains(text(),'497 -')]]"}
RESULT: {"using":"xpath","value":"//li[.//span[contains(text(),'497 -')]]"}
COMMAND: POST /session/a414a6ae85a434897fa1c9da3096b959/elements - {"using":"xpath","value":"//li[.//span[contains(text(),'497 -')]]"}
RESULT: {"using":"xpath","value":"//li[.//span[contains(text(),'497 -')]]"}
COMMAND: POST /session/a414a6ae85a434897fa1c9da3096b959/elements - {"using":"xpath","value":"//li[.//span[contains(text(),'497 -')]]"}
RESULT: {"using":"xpath","value":"//li[.//span[contains(text(),'497 -')]]"}
COMMAND: POST /session/a414a6ae85a434897fa1c9da3096b959/elements - {"using":"xpath","value":"//li[.//span[contains(text(),'497 -')]]"}
RESULT: {"using":"xpath","value":"//li[.//span[contains(text(),'497 -')]]"}
COMMAND: POST /session/a414a6ae85a434897fa1c9da3096b959/elements - {"using":"xpath","value":"//li[.//span[contains(text(),'497 -')]]"}
RESULT: {"using":"xpath","value":"//li[.//span[contains(text(),'497 -')]]"}
COMMAND: POST /session/a414a6ae85a434897fa1c9da3096b959/elements - {"using":"xpath","value":"//li[.//span[contains(text(),'497 -')]]"}
RESULT: {"using":"xpath","value":"//li[.//span[contains(text(),'497 -')]]"}
COMMAND: POST /session/a414a6ae85a434897fa1c9da3096b959/elements - {"using":"xpath","value":"//li[.//span[contains(text(),'497 -')]]"}
RESULT: {"using":"xpath","value":"//li[.//span[contains(text(),'497 -')]]"}
COMMAND: POST /session/a414a6ae85a434897fa1c9da3096b959/elements - {"using":"xpath","value":"//li[.//span[contains(text(),'497 -')]]"}
RESULT: {"using":"xpath","value":"//li[.//span[contains(text(),'497 -')]]"}
COMMAND: POST /session/a414a6ae85a434897fa1c9da3096b959/elements - {"using":"xpath","value":"//li[.//span[contains(text(),'497 -')]]"}
RESULT: {"using":"xpath","value":"//li[.//span[contains(text(),'497 -')]]"}
COMMAND: POST /session/a414a6ae85a434897fa1c9da3096b959/elements - {"using":"xpath","value":"//li[.//span[contains(text(),'497 -')]]"}
RESULT: {"using":"xpath","value":"//li[.//span[contains(text(),'497 -')]]"}
COMMAND: POST /session/a414a6ae85a434897fa1c9da3096b959/elements - {"using":"xpath","value":"//li[.//span[contains(text(),'497 -')]]"}
RESULT: {"using":"xpath","value":"//li[.//span[contains(text(),'497 -')]]"}
COMMAND: POST /session/a414a6ae85a434897fa1c9da3096b959/elements - {"using":"xpath","value":"//li[.//span[contains(text(),'497 -')]]"}
RESULT: {"using":"xpath","value":"//li[.//span[contains(text(),'497 -')]]"}
COMMAND: POST /session/a414a6ae85a434897fa1c9da3096b959/elements - {"using":"xpath","value":"//li[.//span[contains(text(),'497 -')]]"}
RESULT: {"using":"xpath","value":"//li[.//span[contains(text(),'497 -')]]"}
COMMAND: POST /session/a414a6ae85a434897fa1c9da3096b959/elements - {"using":"xpath","value":"//li[.//span[contains(text(),'497 -')]]"}
RESULT: {"using":"xpath","value":"//li[.//span[contains(text(),'497 -')]]"}
COMMAND: POST /session/a414a6ae85a434897fa1c9da3096b959/elements - {"using":"xpath","value":"//li[.//span[contains(text(),'497 -')]]"}
RESULT: {"using":"xpath","value":"//li[.//span[contains(text(),'497 -')]]"}
COMMAND: POST /session/a414a6ae85a434897fa1c9da3096b959/elements - {"using":"xpath","value":"//li[.//span[contains(text(),'497 -')]]"}
RESULT: {"using":"xpath","value":"//li[.//span[contains(text(),'497 -')]]"}
COMMAND: POST /session/a414a6ae85a434897fa1c9da3096b959/elements - {"using":"xpath","value":"//li[.//span[contains(text(),'497 -')]]"}
RESULT: {"using":"xpath","value":"//li[.//span[contains(text(),'497 -')]]"}
COMMAND: POST /session/a414a6ae85a434897fa1c9da3096b959/elements - {"using":"xpath","value":"//li[.//span[contains(text(),'497 -')]]"}
RESULT: {"using":"xpath","value":"//li[.//span[contains(text(),'497 -')]]"}
COMMAND: POST /session/a414a6ae85a434897fa1c9da3096b959/elements - {"using":"xpath","value":"//li[.//span[contains(text(),'497 -')]]"}
RESULT: {"using":"xpath","value":"//li[.//span[contains(text(),'497 -')]]"}
COMMAND: POST /session/a414a6ae85a434897fa1c9da3096b959/elements - {"using":"xpath","value":"//li[.//span[contains(text(),'497 -')]]"}
RESULT: {"using":"xpath","value":"//li[.//span[contains(text(),'497 -')]]"}
COMMAND: POST /session/a414a6ae85a434897fa1c9da3096b959/elements - {"using":"xpath","value":"//li[.//span[contains(text(),'497 -')]]"}
RESULT: {"using":"xpath","value":"//li[.//span[contains(text(),'497 -')]]"}
COMMAND: POST /session/a414a6ae85a434897fa1c9da3096b959/elements - {"using":"xpath","value":"//li[.//span[contains(text(),'497 -')]]"}
RESULT: {"using":"xpath","value":"//li[.//span[contains(text(),'497 -')]]"}
COMMAND: POST /session/a414a6ae85a434897fa1c9da3096b959/elements - {"using":"xpath","value":"//li[.//span[contains(text(),'497 -')]]"}
RESULT: {"using":"xpath","value":"//li[.//span[contains(text(),'497 -')]]"}
COMMAND: POST /session/a414a6ae85a434897fa1c9da3096b959/elements - {"using":"xpath","value":"//li[.//span[contains(text(),'497 -')]]"}
RESULT: {"using":"xpath","value":"//li[.//span[contains(text(),'497 -')]]"}
COMMAND: POST /session/a414a6ae85a434897fa1c9da3096b959/elements - {"using":"xpath","value":"//li[.//span[contains(text(),'497 -')]]"}
RESULT: {"using":"xpath","value":"//li[.//span[contains(text(),'497 -')]]"}
COMMAND: POST /session/a414a6ae85a434897fa1c9da3096b959/elements - {"using":"xpath","value":"//li[.//span[contains(text(),'497 -')]]"}
RESULT: {"using":"xpath","value":"//li[.//span[contains(text(),'497 -')]]"}
COMMAND: POST /session/a414a6ae85a434897fa1c9da3096b959/elements - {"using":"xpath","value":"//li[.//span[contains(text(),'497 -')]]"}
RESULT: {"using":"xpath","value":"//li[.//span[contains(text(),'497 -')]]"}
COMMAND: POST /session/a414a6ae85a434897fa1c9da3096b959/elements - {"using":"xpath","value":"//li[.//span[contains(text(),'497 -')]]"}
RESULT: {"using":"xpath","value":"//li[.//span[contains(text(),'497 -')]]"}
COMMAND: POST /session/a414a6ae85a434897fa1c9da3096b959/elements - {"using":"xpath","value":"//li[.//span[contains(text(),'497 -')]]"}
RESULT: {"using":"xpath","value":"//li[.//span[contains(text(),'497 -')]]"}
COMMAND: POST /session/a414a6ae85a434897fa1c9da3096b959/elements - {"using":"xpath","value":"//li[.//span[contains(text(),'497 -')]]"}
RESULT: {"using":"xpath","value":"//li[.//span[contains(text(),'497 -')]]"}
COMMAND: POST /session/a414a6ae85a434897fa1c9da3096b959/elements - {"using":"xpath","value":"//li[.//span[contains(text(),'497 -')]]"}
RESULT: {"using":"xpath","value":"//li[.//span[contains(text(),'497 -')]]"}
COMMAND: POST /session/a414a6ae85a434897fa1c9da3096b959/elements - {"using":"xpath","value":"//li[.//span[contains(text(),'497 -')]]"}
RESULT: {"using":"xpath","value":"//li[.//span[contains(text(),'497 -')]]"}
COMMAND: POST /session/a414a6ae85a434897fa1c9da3096b959/elements - {"using":"xpath","value":"//li[.//span[contains(text(),'497 -')]]"}
RESULT: {"using":"xpath","value":"//li[.//span[contains(text(),'497 -')]]"}
COMMAND: POST /session/a414a6ae85a434897fa1c9da3096b959/elements - {"using":"xpath","value":"//li[.//span[contains(text(),'497 -')]]"}
RESULT: {"using":"xpath","value":"//li[.//span[contains(text(),'497 -')]]"}
COMMAND: POST /session/a414a6ae85a434897fa1c9da3096b959/elements - {"using":"xpath","value":"//li[.//span[contains(text(),'497 -')]]"}
RESULT: {"using":"xpath","value":"//li[.//span[contains(text(),'497 -')]]"}
COMMAND: POST /session/a414a6ae85a434897fa1c9da3096b959/elements - {"using":"xpath","value":"//li[.//span[contains(text(),'497 -')]]"}
RESULT: {"using":"xpath","value":"//li[.//span[contains(text(),'497 -')]]"}
COMMAND: POST /session/a414a6ae85a434897fa1c9da3096b959/elements - {"using":"xpath","value":"//li[.//span[contains(text(),'497 -')]]"}
RESULT: {"using":"xpath","value":"//li[.//span[contains(text(),'497 -')]]"}
COMMAND: POST /session/a414a6ae85a434897fa1c9da3096b959/elements - {"using":"xpath","value":"//li[.//span[contains(text(),'497 -')]]"}
RESULT: {"using":"xpath","value":"//li[.//span[contains(text(),'497 -')]]"}
COMMAND: POST /session/a414a6ae85a434897fa1c9da3096b959/elements - {"using":"xpath","value":"//li[.//span[contains(text(),'497 -')]]"}
RESULT: {"using":"xpath","value":"//li[.//span[contains(text(),'497 -')]]"}
COMMAND: POST /session/a414a6ae85a434897fa1c9da3096b959/elements - {"using":"xpath","value":"//li[.//span[contains(text(),'497 -')]]"}
RESULT: {"using":"xpath","value":"//li[.//span[contains(text(),'497 -')]]"}
COMMAND: POST /session/a414a6ae85a434897fa1c9da3096b959/elements - {"using":"xpath","value":"//li[.//span[contains(text(),'497 -')]]"}
RESULT: {"using":"xpath","value":"//li[.//span[contains(text(),'497 -')]]"}
COMMAND: GET /session/a414a6ae85a434897fa1c9da3096b959/screenshot - {}
RESULT: {}
]]></system-out>
      <system-err><![CDATA[
Error: Can't call click on element with selector "//li[.//span[contains(text(),'497 -')]]" because element wasn't found
    at async UtilsPrerequisites.stockIncrease (D:\a\1\s\test\specs\BTS\prerequisites-and-utils-functions.js:1638:9)
    at async Context.<anonymous> (D:\a\1\s\test\specs\HTR\return-from-site-w-warehouse-management-w-clarification.spec.js:70:9)
]]></system-err>
    </testcase>
    <testcase classname="chrome.136_0_7103_93.windows.Return_from_Site_w/_warehouse_management_w_clarification" name="Should create a new contract" time="60.053">
      <failure/>
      <error message="element (&quot;//button[@data-kt=&quot;addButton&quot;]&quot;) still not existing after 45000ms"/>
      <system-out><![CDATA[
COMMAND: POST /session/a414a6ae85a434897fa1c9da3096b959/execute/async - {"script":"<script> [1562 bytes]","args":[{"selector":{"controlType":"sap.m.GenericTile","properties":{"header":"Manage Contracts"}},"wdio_ui5_key":"sapm.GenericTile{\"header\":\"Manage Contracts\"}"}]}
COMMAND: GET /session/a414a6ae85a434897fa1c9da3096b959/screenshot - {}
RESULT: {"script":"<script> [1562 bytes]","args":[{"selector":{"controlType":"sap.m.GenericTile","properties":{"header":"Manage Contracts"}},"wdio_ui5_key":"sapm.GenericTile{\"header\":\"Manage Contracts\"}"}]}
RESULT: undefined
RESULT: {}
COMMAND: POST /session/a414a6ae85a434897fa1c9da3096b959/elements - {"using":"xpath","value":"//span[text()='Error']"}
RESULT: {"using":"xpath","value":"//span[text()='Error']"}
COMMAND: POST /session/a414a6ae85a434897fa1c9da3096b959/element - {"using":"xpath","value":"//button[@data-kt=\"addButton\"]"}
RESULT: {"using":"xpath","value":"//button[@data-kt=\"addButton\"]"}
COMMAND: POST /session/a414a6ae85a434897fa1c9da3096b959/elements - {"using":"xpath","value":"//button[@data-kt=\"addButton\"]"}
RESULT: {"using":"xpath","value":"//button[@data-kt=\"addButton\"]"}
COMMAND: POST /session/a414a6ae85a434897fa1c9da3096b959/elements - {"using":"xpath","value":"//button[@data-kt=\"addButton\"]"}
RESULT: {"using":"xpath","value":"//button[@data-kt=\"addButton\"]"}
COMMAND: POST /session/a414a6ae85a434897fa1c9da3096b959/elements - {"using":"xpath","value":"//button[@data-kt=\"addButton\"]"}
RESULT: {"using":"xpath","value":"//button[@data-kt=\"addButton\"]"}
COMMAND: POST /session/a414a6ae85a434897fa1c9da3096b959/elements - {"using":"xpath","value":"//button[@data-kt=\"addButton\"]"}
RESULT: {"using":"xpath","value":"//button[@data-kt=\"addButton\"]"}
COMMAND: POST /session/a414a6ae85a434897fa1c9da3096b959/elements - {"using":"xpath","value":"//button[@data-kt=\"addButton\"]"}
RESULT: {"using":"xpath","value":"//button[@data-kt=\"addButton\"]"}
COMMAND: POST /session/a414a6ae85a434897fa1c9da3096b959/elements - {"using":"xpath","value":"//button[@data-kt=\"addButton\"]"}
RESULT: {"using":"xpath","value":"//button[@data-kt=\"addButton\"]"}
COMMAND: POST /session/a414a6ae85a434897fa1c9da3096b959/elements - {"using":"xpath","value":"//button[@data-kt=\"addButton\"]"}
RESULT: {"using":"xpath","value":"//button[@data-kt=\"addButton\"]"}
COMMAND: POST /session/a414a6ae85a434897fa1c9da3096b959/elements - {"using":"xpath","value":"//button[@data-kt=\"addButton\"]"}
RESULT: {"using":"xpath","value":"//button[@data-kt=\"addButton\"]"}
COMMAND: POST /session/a414a6ae85a434897fa1c9da3096b959/elements - {"using":"xpath","value":"//button[@data-kt=\"addButton\"]"}
RESULT: {"using":"xpath","value":"//button[@data-kt=\"addButton\"]"}
COMMAND: POST /session/a414a6ae85a434897fa1c9da3096b959/elements - {"using":"xpath","value":"//button[@data-kt=\"addButton\"]"}
RESULT: {"using":"xpath","value":"//button[@data-kt=\"addButton\"]"}
COMMAND: POST /session/a414a6ae85a434897fa1c9da3096b959/elements - {"using":"xpath","value":"//button[@data-kt=\"addButton\"]"}
RESULT: {"using":"xpath","value":"//button[@data-kt=\"addButton\"]"}
COMMAND: POST /session/a414a6ae85a434897fa1c9da3096b959/elements - {"using":"xpath","value":"//button[@data-kt=\"addButton\"]"}
RESULT: {"using":"xpath","value":"//button[@data-kt=\"addButton\"]"}
COMMAND: POST /session/a414a6ae85a434897fa1c9da3096b959/elements - {"using":"xpath","value":"//button[@data-kt=\"addButton\"]"}
RESULT: {"using":"xpath","value":"//button[@data-kt=\"addButton\"]"}
COMMAND: POST /session/a414a6ae85a434897fa1c9da3096b959/elements - {"using":"xpath","value":"//button[@data-kt=\"addButton\"]"}
RESULT: {"using":"xpath","value":"//button[@data-kt=\"addButton\"]"}
COMMAND: POST /session/a414a6ae85a434897fa1c9da3096b959/elements - {"using":"xpath","value":"//button[@data-kt=\"addButton\"]"}
RESULT: {"using":"xpath","value":"//button[@data-kt=\"addButton\"]"}
COMMAND: POST /session/a414a6ae85a434897fa1c9da3096b959/elements - {"using":"xpath","value":"//button[@data-kt=\"addButton\"]"}
RESULT: {"using":"xpath","value":"//button[@data-kt=\"addButton\"]"}
COMMAND: POST /session/a414a6ae85a434897fa1c9da3096b959/elements - {"using":"xpath","value":"//button[@data-kt=\"addButton\"]"}
RESULT: {"using":"xpath","value":"//button[@data-kt=\"addButton\"]"}
COMMAND: POST /session/a414a6ae85a434897fa1c9da3096b959/elements - {"using":"xpath","value":"//button[@data-kt=\"addButton\"]"}
RESULT: {"using":"xpath","value":"//button[@data-kt=\"addButton\"]"}
COMMAND: POST /session/a414a6ae85a434897fa1c9da3096b959/elements - {"using":"xpath","value":"//button[@data-kt=\"addButton\"]"}
RESULT: {"using":"xpath","value":"//button[@data-kt=\"addButton\"]"}
COMMAND: POST /session/a414a6ae85a434897fa1c9da3096b959/elements - {"using":"xpath","value":"//button[@data-kt=\"addButton\"]"}
RESULT: {"using":"xpath","value":"//button[@data-kt=\"addButton\"]"}
COMMAND: POST /session/a414a6ae85a434897fa1c9da3096b959/elements - {"using":"xpath","value":"//button[@data-kt=\"addButton\"]"}
RESULT: {"using":"xpath","value":"//button[@data-kt=\"addButton\"]"}
COMMAND: POST /session/a414a6ae85a434897fa1c9da3096b959/elements - {"using":"xpath","value":"//button[@data-kt=\"addButton\"]"}
RESULT: {"using":"xpath","value":"//button[@data-kt=\"addButton\"]"}
COMMAND: POST /session/a414a6ae85a434897fa1c9da3096b959/elements - {"using":"xpath","value":"//button[@data-kt=\"addButton\"]"}
RESULT: {"using":"xpath","value":"//button[@data-kt=\"addButton\"]"}
COMMAND: POST /session/a414a6ae85a434897fa1c9da3096b959/elements - {"using":"xpath","value":"//button[@data-kt=\"addButton\"]"}
RESULT: {"using":"xpath","value":"//button[@data-kt=\"addButton\"]"}
COMMAND: POST /session/a414a6ae85a434897fa1c9da3096b959/elements - {"using":"xpath","value":"//button[@data-kt=\"addButton\"]"}
RESULT: {"using":"xpath","value":"//button[@data-kt=\"addButton\"]"}
COMMAND: POST /session/a414a6ae85a434897fa1c9da3096b959/elements - {"using":"xpath","value":"//button[@data-kt=\"addButton\"]"}
RESULT: {"using":"xpath","value":"//button[@data-kt=\"addButton\"]"}
COMMAND: POST /session/a414a6ae85a434897fa1c9da3096b959/elements - {"using":"xpath","value":"//button[@data-kt=\"addButton\"]"}
RESULT: {"using":"xpath","value":"//button[@data-kt=\"addButton\"]"}
COMMAND: POST /session/a414a6ae85a434897fa1c9da3096b959/elements - {"using":"xpath","value":"//button[@data-kt=\"addButton\"]"}
RESULT: {"using":"xpath","value":"//button[@data-kt=\"addButton\"]"}
COMMAND: POST /session/a414a6ae85a434897fa1c9da3096b959/elements - {"using":"xpath","value":"//button[@data-kt=\"addButton\"]"}
RESULT: {"using":"xpath","value":"//button[@data-kt=\"addButton\"]"}
COMMAND: POST /session/a414a6ae85a434897fa1c9da3096b959/elements - {"using":"xpath","value":"//button[@data-kt=\"addButton\"]"}
RESULT: {"using":"xpath","value":"//button[@data-kt=\"addButton\"]"}
COMMAND: POST /session/a414a6ae85a434897fa1c9da3096b959/elements - {"using":"xpath","value":"//button[@data-kt=\"addButton\"]"}
RESULT: {"using":"xpath","value":"//button[@data-kt=\"addButton\"]"}
COMMAND: POST /session/a414a6ae85a434897fa1c9da3096b959/elements - {"using":"xpath","value":"//button[@data-kt=\"addButton\"]"}
RESULT: {"using":"xpath","value":"//button[@data-kt=\"addButton\"]"}
COMMAND: POST /session/a414a6ae85a434897fa1c9da3096b959/elements - {"using":"xpath","value":"//button[@data-kt=\"addButton\"]"}
RESULT: {"using":"xpath","value":"//button[@data-kt=\"addButton\"]"}
COMMAND: POST /session/a414a6ae85a434897fa1c9da3096b959/elements - {"using":"xpath","value":"//button[@data-kt=\"addButton\"]"}
RESULT: {"using":"xpath","value":"//button[@data-kt=\"addButton\"]"}
COMMAND: POST /session/a414a6ae85a434897fa1c9da3096b959/elements - {"using":"xpath","value":"//button[@data-kt=\"addButton\"]"}
RESULT: {"using":"xpath","value":"//button[@data-kt=\"addButton\"]"}
COMMAND: POST /session/a414a6ae85a434897fa1c9da3096b959/elements - {"using":"xpath","value":"//button[@data-kt=\"addButton\"]"}
RESULT: {"using":"xpath","value":"//button[@data-kt=\"addButton\"]"}
COMMAND: POST /session/a414a6ae85a434897fa1c9da3096b959/elements - {"using":"xpath","value":"//button[@data-kt=\"addButton\"]"}
RESULT: {"using":"xpath","value":"//button[@data-kt=\"addButton\"]"}
COMMAND: POST /session/a414a6ae85a434897fa1c9da3096b959/elements - {"using":"xpath","value":"//button[@data-kt=\"addButton\"]"}
RESULT: {"using":"xpath","value":"//button[@data-kt=\"addButton\"]"}
COMMAND: POST /session/a414a6ae85a434897fa1c9da3096b959/elements - {"using":"xpath","value":"//button[@data-kt=\"addButton\"]"}
RESULT: {"using":"xpath","value":"//button[@data-kt=\"addButton\"]"}
COMMAND: POST /session/a414a6ae85a434897fa1c9da3096b959/elements - {"using":"xpath","value":"//button[@data-kt=\"addButton\"]"}
RESULT: {"using":"xpath","value":"//button[@data-kt=\"addButton\"]"}
COMMAND: POST /session/a414a6ae85a434897fa1c9da3096b959/elements - {"using":"xpath","value":"//button[@data-kt=\"addButton\"]"}
RESULT: {"using":"xpath","value":"//button[@data-kt=\"addButton\"]"}
COMMAND: POST /session/a414a6ae85a434897fa1c9da3096b959/elements - {"using":"xpath","value":"//button[@data-kt=\"addButton\"]"}
RESULT: {"using":"xpath","value":"//button[@data-kt=\"addButton\"]"}
COMMAND: POST /session/a414a6ae85a434897fa1c9da3096b959/elements - {"using":"xpath","value":"//button[@data-kt=\"addButton\"]"}
RESULT: {"using":"xpath","value":"//button[@data-kt=\"addButton\"]"}
COMMAND: POST /session/a414a6ae85a434897fa1c9da3096b959/elements - {"using":"xpath","value":"//button[@data-kt=\"addButton\"]"}
RESULT: {"using":"xpath","value":"//button[@data-kt=\"addButton\"]"}
COMMAND: POST /session/a414a6ae85a434897fa1c9da3096b959/elements - {"using":"xpath","value":"//button[@data-kt=\"addButton\"]"}
RESULT: {"using":"xpath","value":"//button[@data-kt=\"addButton\"]"}
COMMAND: POST /session/a414a6ae85a434897fa1c9da3096b959/elements - {"using":"xpath","value":"//button[@data-kt=\"addButton\"]"}
RESULT: {"using":"xpath","value":"//button[@data-kt=\"addButton\"]"}
COMMAND: POST /session/a414a6ae85a434897fa1c9da3096b959/elements - {"using":"xpath","value":"//button[@data-kt=\"addButton\"]"}
RESULT: {"using":"xpath","value":"//button[@data-kt=\"addButton\"]"}
COMMAND: POST /session/a414a6ae85a434897fa1c9da3096b959/elements - {"using":"xpath","value":"//button[@data-kt=\"addButton\"]"}
RESULT: {"using":"xpath","value":"//button[@data-kt=\"addButton\"]"}
COMMAND: POST /session/a414a6ae85a434897fa1c9da3096b959/elements - {"using":"xpath","value":"//button[@data-kt=\"addButton\"]"}
RESULT: {"using":"xpath","value":"//button[@data-kt=\"addButton\"]"}
COMMAND: POST /session/a414a6ae85a434897fa1c9da3096b959/elements - {"using":"xpath","value":"//button[@data-kt=\"addButton\"]"}
RESULT: {"using":"xpath","value":"//button[@data-kt=\"addButton\"]"}
COMMAND: POST /session/a414a6ae85a434897fa1c9da3096b959/elements - {"using":"xpath","value":"//button[@data-kt=\"addButton\"]"}
RESULT: {"using":"xpath","value":"//button[@data-kt=\"addButton\"]"}
COMMAND: POST /session/a414a6ae85a434897fa1c9da3096b959/elements - {"using":"xpath","value":"//button[@data-kt=\"addButton\"]"}
RESULT: {"using":"xpath","value":"//button[@data-kt=\"addButton\"]"}
COMMAND: POST /session/a414a6ae85a434897fa1c9da3096b959/elements - {"using":"xpath","value":"//button[@data-kt=\"addButton\"]"}
RESULT: {"using":"xpath","value":"//button[@data-kt=\"addButton\"]"}
COMMAND: POST /session/a414a6ae85a434897fa1c9da3096b959/elements - {"using":"xpath","value":"//button[@data-kt=\"addButton\"]"}
RESULT: {"using":"xpath","value":"//button[@data-kt=\"addButton\"]"}
COMMAND: POST /session/a414a6ae85a434897fa1c9da3096b959/elements - {"using":"xpath","value":"//button[@data-kt=\"addButton\"]"}
RESULT: {"using":"xpath","value":"//button[@data-kt=\"addButton\"]"}
COMMAND: POST /session/a414a6ae85a434897fa1c9da3096b959/elements - {"using":"xpath","value":"//button[@data-kt=\"addButton\"]"}
RESULT: {"using":"xpath","value":"//button[@data-kt=\"addButton\"]"}
COMMAND: POST /session/a414a6ae85a434897fa1c9da3096b959/elements - {"using":"xpath","value":"//button[@data-kt=\"addButton\"]"}
RESULT: {"using":"xpath","value":"//button[@data-kt=\"addButton\"]"}
COMMAND: POST /session/a414a6ae85a434897fa1c9da3096b959/elements - {"using":"xpath","value":"//button[@data-kt=\"addButton\"]"}
RESULT: {"using":"xpath","value":"//button[@data-kt=\"addButton\"]"}
COMMAND: POST /session/a414a6ae85a434897fa1c9da3096b959/elements - {"using":"xpath","value":"//button[@data-kt=\"addButton\"]"}
RESULT: {"using":"xpath","value":"//button[@data-kt=\"addButton\"]"}
COMMAND: POST /session/a414a6ae85a434897fa1c9da3096b959/elements - {"using":"xpath","value":"//button[@data-kt=\"addButton\"]"}
RESULT: {"using":"xpath","value":"//button[@data-kt=\"addButton\"]"}
COMMAND: POST /session/a414a6ae85a434897fa1c9da3096b959/elements - {"using":"xpath","value":"//button[@data-kt=\"addButton\"]"}
RESULT: {"using":"xpath","value":"//button[@data-kt=\"addButton\"]"}
COMMAND: POST /session/a414a6ae85a434897fa1c9da3096b959/elements - {"using":"xpath","value":"//button[@data-kt=\"addButton\"]"}
RESULT: {"using":"xpath","value":"//button[@data-kt=\"addButton\"]"}
COMMAND: POST /session/a414a6ae85a434897fa1c9da3096b959/elements - {"using":"xpath","value":"//button[@data-kt=\"addButton\"]"}
RESULT: {"using":"xpath","value":"//button[@data-kt=\"addButton\"]"}
COMMAND: POST /session/a414a6ae85a434897fa1c9da3096b959/elements - {"using":"xpath","value":"//button[@data-kt=\"addButton\"]"}
RESULT: {"using":"xpath","value":"//button[@data-kt=\"addButton\"]"}
COMMAND: POST /session/a414a6ae85a434897fa1c9da3096b959/elements - {"using":"xpath","value":"//button[@data-kt=\"addButton\"]"}
RESULT: {"using":"xpath","value":"//button[@data-kt=\"addButton\"]"}
COMMAND: POST /session/a414a6ae85a434897fa1c9da3096b959/elements - {"using":"xpath","value":"//button[@data-kt=\"addButton\"]"}
RESULT: {"using":"xpath","value":"//button[@data-kt=\"addButton\"]"}
COMMAND: POST /session/a414a6ae85a434897fa1c9da3096b959/elements - {"using":"xpath","value":"//button[@data-kt=\"addButton\"]"}
RESULT: {"using":"xpath","value":"//button[@data-kt=\"addButton\"]"}
COMMAND: POST /session/a414a6ae85a434897fa1c9da3096b959/elements - {"using":"xpath","value":"//button[@data-kt=\"addButton\"]"}
RESULT: {"using":"xpath","value":"//button[@data-kt=\"addButton\"]"}
COMMAND: POST /session/a414a6ae85a434897fa1c9da3096b959/elements - {"using":"xpath","value":"//button[@data-kt=\"addButton\"]"}
RESULT: {"using":"xpath","value":"//button[@data-kt=\"addButton\"]"}
COMMAND: POST /session/a414a6ae85a434897fa1c9da3096b959/elements - {"using":"xpath","value":"//button[@data-kt=\"addButton\"]"}
RESULT: {"using":"xpath","value":"//button[@data-kt=\"addButton\"]"}
COMMAND: POST /session/a414a6ae85a434897fa1c9da3096b959/elements - {"using":"xpath","value":"//button[@data-kt=\"addButton\"]"}
RESULT: {"using":"xpath","value":"//button[@data-kt=\"addButton\"]"}
COMMAND: POST /session/a414a6ae85a434897fa1c9da3096b959/elements - {"using":"xpath","value":"//button[@data-kt=\"addButton\"]"}
RESULT: {"using":"xpath","value":"//button[@data-kt=\"addButton\"]"}
COMMAND: POST /session/a414a6ae85a434897fa1c9da3096b959/elements - {"using":"xpath","value":"//button[@data-kt=\"addButton\"]"}
RESULT: {"using":"xpath","value":"//button[@data-kt=\"addButton\"]"}
COMMAND: POST /session/a414a6ae85a434897fa1c9da3096b959/elements - {"using":"xpath","value":"//button[@data-kt=\"addButton\"]"}
RESULT: {"using":"xpath","value":"//button[@data-kt=\"addButton\"]"}
COMMAND: POST /session/a414a6ae85a434897fa1c9da3096b959/elements - {"using":"xpath","value":"//button[@data-kt=\"addButton\"]"}
RESULT: {"using":"xpath","value":"//button[@data-kt=\"addButton\"]"}
COMMAND: POST /session/a414a6ae85a434897fa1c9da3096b959/elements - {"using":"xpath","value":"//button[@data-kt=\"addButton\"]"}
RESULT: {"using":"xpath","value":"//button[@data-kt=\"addButton\"]"}
COMMAND: POST /session/a414a6ae85a434897fa1c9da3096b959/elements - {"using":"xpath","value":"//button[@data-kt=\"addButton\"]"}
RESULT: {"using":"xpath","value":"//button[@data-kt=\"addButton\"]"}
COMMAND: POST /session/a414a6ae85a434897fa1c9da3096b959/elements - {"using":"xpath","value":"//button[@data-kt=\"addButton\"]"}
RESULT: {"using":"xpath","value":"//button[@data-kt=\"addButton\"]"}
COMMAND: POST /session/a414a6ae85a434897fa1c9da3096b959/elements - {"using":"xpath","value":"//button[@data-kt=\"addButton\"]"}
RESULT: {"using":"xpath","value":"//button[@data-kt=\"addButton\"]"}
COMMAND: POST /session/a414a6ae85a434897fa1c9da3096b959/elements - {"using":"xpath","value":"//button[@data-kt=\"addButton\"]"}
RESULT: {"using":"xpath","value":"//button[@data-kt=\"addButton\"]"}
COMMAND: POST /session/a414a6ae85a434897fa1c9da3096b959/elements - {"using":"xpath","value":"//button[@data-kt=\"addButton\"]"}
RESULT: {"using":"xpath","value":"//button[@data-kt=\"addButton\"]"}
COMMAND: POST /session/a414a6ae85a434897fa1c9da3096b959/elements - {"using":"xpath","value":"//button[@data-kt=\"addButton\"]"}
RESULT: {"using":"xpath","value":"//button[@data-kt=\"addButton\"]"}
COMMAND: POST /session/a414a6ae85a434897fa1c9da3096b959/elements - {"using":"xpath","value":"//button[@data-kt=\"addButton\"]"}
RESULT: {"using":"xpath","value":"//button[@data-kt=\"addButton\"]"}
COMMAND: POST /session/a414a6ae85a434897fa1c9da3096b959/elements - {"using":"xpath","value":"//button[@data-kt=\"addButton\"]"}
RESULT: {"using":"xpath","value":"//button[@data-kt=\"addButton\"]"}
COMMAND: POST /session/a414a6ae85a434897fa1c9da3096b959/elements - {"using":"xpath","value":"//button[@data-kt=\"addButton\"]"}
RESULT: {"using":"xpath","value":"//button[@data-kt=\"addButton\"]"}
COMMAND: POST /session/a414a6ae85a434897fa1c9da3096b959/elements - {"using":"xpath","value":"//button[@data-kt=\"addButton\"]"}
RESULT: {"using":"xpath","value":"//button[@data-kt=\"addButton\"]"}
COMMAND: POST /session/a414a6ae85a434897fa1c9da3096b959/elements - {"using":"xpath","value":"//button[@data-kt=\"addButton\"]"}
RESULT: {"using":"xpath","value":"//button[@data-kt=\"addButton\"]"}
COMMAND: POST /session/a414a6ae85a434897fa1c9da3096b959/elements - {"using":"xpath","value":"//button[@data-kt=\"addButton\"]"}
RESULT: {"using":"xpath","value":"//button[@data-kt=\"addButton\"]"}
COMMAND: POST /session/a414a6ae85a434897fa1c9da3096b959/elements - {"using":"xpath","value":"//button[@data-kt=\"addButton\"]"}
RESULT: {"using":"xpath","value":"//button[@data-kt=\"addButton\"]"}
COMMAND: POST /session/a414a6ae85a434897fa1c9da3096b959/elements - {"using":"xpath","value":"//button[@data-kt=\"addButton\"]"}
RESULT: {"using":"xpath","value":"//button[@data-kt=\"addButton\"]"}
COMMAND: POST /session/a414a6ae85a434897fa1c9da3096b959/elements - {"using":"xpath","value":"//button[@data-kt=\"addButton\"]"}
RESULT: {"using":"xpath","value":"//button[@data-kt=\"addButton\"]"}
COMMAND: GET /session/a414a6ae85a434897fa1c9da3096b959/screenshot - {}
RESULT: {}
]]></system-out>
      <system-err><![CDATA[
Error: element ("//button[@data-kt="addButton"]") still not existing after 45000ms
    at async UtilsPrerequisites.contractCreation (D:\a\1\s\test\specs\BTS\prerequisites-and-utils-functions.js:1741:9)
    at async Context.<anonymous> (D:\a\1\s\test\specs\HTR\return-from-site-w-warehouse-management-w-clarification.spec.js:74:49)
]]></system-err>
    </testcase>
    <testcase classname="chrome.136_0_7103_93.windows.Return_from_Site_w/_warehouse_management_w_clarification" name="Should add equipment to the contract" time="60.472">
      <failure/>
      <error message="Can't call click on element with selector &quot;//button[@data-kt=&quot;contractDetailEditBtnButton&quot;]&quot; because element wasn't found"/>
      <system-out><![CDATA[
COMMAND: POST /session/a414a6ae85a434897fa1c9da3096b959/element - {"using":"xpath","value":"//button[@data-kt=\"contractDetailEditBtnButton\"]"}
COMMAND: GET /session/a414a6ae85a434897fa1c9da3096b959/screenshot - {}
RESULT: {"using":"xpath","value":"//button[@data-kt=\"contractDetailEditBtnButton\"]"}
COMMAND: POST /session/a414a6ae85a434897fa1c9da3096b959/elements - {"using":"xpath","value":"//button[@data-kt=\"contractDetailEditBtnButton\"]"}
RESULT: {}
RESULT: {"using":"xpath","value":"//button[@data-kt=\"contractDetailEditBtnButton\"]"}
COMMAND: POST /session/a414a6ae85a434897fa1c9da3096b959/elements - {"using":"xpath","value":"//button[@data-kt=\"contractDetailEditBtnButton\"]"}
RESULT: {"using":"xpath","value":"//button[@data-kt=\"contractDetailEditBtnButton\"]"}
COMMAND: POST /session/a414a6ae85a434897fa1c9da3096b959/elements - {"using":"xpath","value":"//button[@data-kt=\"contractDetailEditBtnButton\"]"}
RESULT: {"using":"xpath","value":"//button[@data-kt=\"contractDetailEditBtnButton\"]"}
COMMAND: POST /session/a414a6ae85a434897fa1c9da3096b959/elements - {"using":"xpath","value":"//button[@data-kt=\"contractDetailEditBtnButton\"]"}
RESULT: {"using":"xpath","value":"//button[@data-kt=\"contractDetailEditBtnButton\"]"}
COMMAND: POST /session/a414a6ae85a434897fa1c9da3096b959/elements - {"using":"xpath","value":"//button[@data-kt=\"contractDetailEditBtnButton\"]"}
RESULT: {"using":"xpath","value":"//button[@data-kt=\"contractDetailEditBtnButton\"]"}
COMMAND: POST /session/a414a6ae85a434897fa1c9da3096b959/elements - {"using":"xpath","value":"//button[@data-kt=\"contractDetailEditBtnButton\"]"}
RESULT: {"using":"xpath","value":"//button[@data-kt=\"contractDetailEditBtnButton\"]"}
COMMAND: POST /session/a414a6ae85a434897fa1c9da3096b959/elements - {"using":"xpath","value":"//button[@data-kt=\"contractDetailEditBtnButton\"]"}
RESULT: {"using":"xpath","value":"//button[@data-kt=\"contractDetailEditBtnButton\"]"}
COMMAND: POST /session/a414a6ae85a434897fa1c9da3096b959/elements - {"using":"xpath","value":"//button[@data-kt=\"contractDetailEditBtnButton\"]"}
RESULT: {"using":"xpath","value":"//button[@data-kt=\"contractDetailEditBtnButton\"]"}
COMMAND: POST /session/a414a6ae85a434897fa1c9da3096b959/elements - {"using":"xpath","value":"//button[@data-kt=\"contractDetailEditBtnButton\"]"}
RESULT: {"using":"xpath","value":"//button[@data-kt=\"contractDetailEditBtnButton\"]"}
COMMAND: POST /session/a414a6ae85a434897fa1c9da3096b959/elements - {"using":"xpath","value":"//button[@data-kt=\"contractDetailEditBtnButton\"]"}
RESULT: {"using":"xpath","value":"//button[@data-kt=\"contractDetailEditBtnButton\"]"}
COMMAND: POST /session/a414a6ae85a434897fa1c9da3096b959/elements - {"using":"xpath","value":"//button[@data-kt=\"contractDetailEditBtnButton\"]"}
RESULT: {"using":"xpath","value":"//button[@data-kt=\"contractDetailEditBtnButton\"]"}
COMMAND: POST /session/a414a6ae85a434897fa1c9da3096b959/elements - {"using":"xpath","value":"//button[@data-kt=\"contractDetailEditBtnButton\"]"}
RESULT: {"using":"xpath","value":"//button[@data-kt=\"contractDetailEditBtnButton\"]"}
COMMAND: POST /session/a414a6ae85a434897fa1c9da3096b959/elements - {"using":"xpath","value":"//button[@data-kt=\"contractDetailEditBtnButton\"]"}
RESULT: {"using":"xpath","value":"//button[@data-kt=\"contractDetailEditBtnButton\"]"}
COMMAND: POST /session/a414a6ae85a434897fa1c9da3096b959/elements - {"using":"xpath","value":"//button[@data-kt=\"contractDetailEditBtnButton\"]"}
RESULT: {"using":"xpath","value":"//button[@data-kt=\"contractDetailEditBtnButton\"]"}
COMMAND: POST /session/a414a6ae85a434897fa1c9da3096b959/elements - {"using":"xpath","value":"//button[@data-kt=\"contractDetailEditBtnButton\"]"}
RESULT: {"using":"xpath","value":"//button[@data-kt=\"contractDetailEditBtnButton\"]"}
COMMAND: POST /session/a414a6ae85a434897fa1c9da3096b959/elements - {"using":"xpath","value":"//button[@data-kt=\"contractDetailEditBtnButton\"]"}
RESULT: {"using":"xpath","value":"//button[@data-kt=\"contractDetailEditBtnButton\"]"}
COMMAND: POST /session/a414a6ae85a434897fa1c9da3096b959/elements - {"using":"xpath","value":"//button[@data-kt=\"contractDetailEditBtnButton\"]"}
RESULT: {"using":"xpath","value":"//button[@data-kt=\"contractDetailEditBtnButton\"]"}
COMMAND: POST /session/a414a6ae85a434897fa1c9da3096b959/elements - {"using":"xpath","value":"//button[@data-kt=\"contractDetailEditBtnButton\"]"}
RESULT: {"using":"xpath","value":"//button[@data-kt=\"contractDetailEditBtnButton\"]"}
COMMAND: POST /session/a414a6ae85a434897fa1c9da3096b959/elements - {"using":"xpath","value":"//button[@data-kt=\"contractDetailEditBtnButton\"]"}
RESULT: {"using":"xpath","value":"//button[@data-kt=\"contractDetailEditBtnButton\"]"}
COMMAND: POST /session/a414a6ae85a434897fa1c9da3096b959/elements - {"using":"xpath","value":"//button[@data-kt=\"contractDetailEditBtnButton\"]"}
RESULT: {"using":"xpath","value":"//button[@data-kt=\"contractDetailEditBtnButton\"]"}
COMMAND: POST /session/a414a6ae85a434897fa1c9da3096b959/elements - {"using":"xpath","value":"//button[@data-kt=\"contractDetailEditBtnButton\"]"}
RESULT: {"using":"xpath","value":"//button[@data-kt=\"contractDetailEditBtnButton\"]"}
COMMAND: POST /session/a414a6ae85a434897fa1c9da3096b959/elements - {"using":"xpath","value":"//button[@data-kt=\"contractDetailEditBtnButton\"]"}
RESULT: {"using":"xpath","value":"//button[@data-kt=\"contractDetailEditBtnButton\"]"}
COMMAND: POST /session/a414a6ae85a434897fa1c9da3096b959/elements - {"using":"xpath","value":"//button[@data-kt=\"contractDetailEditBtnButton\"]"}
RESULT: {"using":"xpath","value":"//button[@data-kt=\"contractDetailEditBtnButton\"]"}
COMMAND: POST /session/a414a6ae85a434897fa1c9da3096b959/elements - {"using":"xpath","value":"//button[@data-kt=\"contractDetailEditBtnButton\"]"}
RESULT: {"using":"xpath","value":"//button[@data-kt=\"contractDetailEditBtnButton\"]"}
COMMAND: POST /session/a414a6ae85a434897fa1c9da3096b959/elements - {"using":"xpath","value":"//button[@data-kt=\"contractDetailEditBtnButton\"]"}
RESULT: {"using":"xpath","value":"//button[@data-kt=\"contractDetailEditBtnButton\"]"}
COMMAND: POST /session/a414a6ae85a434897fa1c9da3096b959/elements - {"using":"xpath","value":"//button[@data-kt=\"contractDetailEditBtnButton\"]"}
RESULT: {"using":"xpath","value":"//button[@data-kt=\"contractDetailEditBtnButton\"]"}
COMMAND: POST /session/a414a6ae85a434897fa1c9da3096b959/elements - {"using":"xpath","value":"//button[@data-kt=\"contractDetailEditBtnButton\"]"}
RESULT: {"using":"xpath","value":"//button[@data-kt=\"contractDetailEditBtnButton\"]"}
COMMAND: POST /session/a414a6ae85a434897fa1c9da3096b959/elements - {"using":"xpath","value":"//button[@data-kt=\"contractDetailEditBtnButton\"]"}
RESULT: {"using":"xpath","value":"//button[@data-kt=\"contractDetailEditBtnButton\"]"}
COMMAND: POST /session/a414a6ae85a434897fa1c9da3096b959/elements - {"using":"xpath","value":"//button[@data-kt=\"contractDetailEditBtnButton\"]"}
RESULT: {"using":"xpath","value":"//button[@data-kt=\"contractDetailEditBtnButton\"]"}
COMMAND: POST /session/a414a6ae85a434897fa1c9da3096b959/elements - {"using":"xpath","value":"//button[@data-kt=\"contractDetailEditBtnButton\"]"}
RESULT: {"using":"xpath","value":"//button[@data-kt=\"contractDetailEditBtnButton\"]"}
COMMAND: POST /session/a414a6ae85a434897fa1c9da3096b959/elements - {"using":"xpath","value":"//button[@data-kt=\"contractDetailEditBtnButton\"]"}
RESULT: {"using":"xpath","value":"//button[@data-kt=\"contractDetailEditBtnButton\"]"}
COMMAND: POST /session/a414a6ae85a434897fa1c9da3096b959/elements - {"using":"xpath","value":"//button[@data-kt=\"contractDetailEditBtnButton\"]"}
RESULT: {"using":"xpath","value":"//button[@data-kt=\"contractDetailEditBtnButton\"]"}
COMMAND: POST /session/a414a6ae85a434897fa1c9da3096b959/elements - {"using":"xpath","value":"//button[@data-kt=\"contractDetailEditBtnButton\"]"}
RESULT: {"using":"xpath","value":"//button[@data-kt=\"contractDetailEditBtnButton\"]"}
COMMAND: POST /session/a414a6ae85a434897fa1c9da3096b959/elements - {"using":"xpath","value":"//button[@data-kt=\"contractDetailEditBtnButton\"]"}
RESULT: {"using":"xpath","value":"//button[@data-kt=\"contractDetailEditBtnButton\"]"}
COMMAND: POST /session/a414a6ae85a434897fa1c9da3096b959/elements - {"using":"xpath","value":"//button[@data-kt=\"contractDetailEditBtnButton\"]"}
RESULT: {"using":"xpath","value":"//button[@data-kt=\"contractDetailEditBtnButton\"]"}
COMMAND: POST /session/a414a6ae85a434897fa1c9da3096b959/elements - {"using":"xpath","value":"//button[@data-kt=\"contractDetailEditBtnButton\"]"}
RESULT: {"using":"xpath","value":"//button[@data-kt=\"contractDetailEditBtnButton\"]"}
COMMAND: POST /session/a414a6ae85a434897fa1c9da3096b959/elements - {"using":"xpath","value":"//button[@data-kt=\"contractDetailEditBtnButton\"]"}
RESULT: {"using":"xpath","value":"//button[@data-kt=\"contractDetailEditBtnButton\"]"}
COMMAND: POST /session/a414a6ae85a434897fa1c9da3096b959/elements - {"using":"xpath","value":"//button[@data-kt=\"contractDetailEditBtnButton\"]"}
RESULT: {"using":"xpath","value":"//button[@data-kt=\"contractDetailEditBtnButton\"]"}
COMMAND: POST /session/a414a6ae85a434897fa1c9da3096b959/elements - {"using":"xpath","value":"//button[@data-kt=\"contractDetailEditBtnButton\"]"}
RESULT: {"using":"xpath","value":"//button[@data-kt=\"contractDetailEditBtnButton\"]"}
COMMAND: POST /session/a414a6ae85a434897fa1c9da3096b959/elements - {"using":"xpath","value":"//button[@data-kt=\"contractDetailEditBtnButton\"]"}
RESULT: {"using":"xpath","value":"//button[@data-kt=\"contractDetailEditBtnButton\"]"}
COMMAND: POST /session/a414a6ae85a434897fa1c9da3096b959/elements - {"using":"xpath","value":"//button[@data-kt=\"contractDetailEditBtnButton\"]"}
RESULT: {"using":"xpath","value":"//button[@data-kt=\"contractDetailEditBtnButton\"]"}
COMMAND: POST /session/a414a6ae85a434897fa1c9da3096b959/elements - {"using":"xpath","value":"//button[@data-kt=\"contractDetailEditBtnButton\"]"}
RESULT: {"using":"xpath","value":"//button[@data-kt=\"contractDetailEditBtnButton\"]"}
COMMAND: POST /session/a414a6ae85a434897fa1c9da3096b959/elements - {"using":"xpath","value":"//button[@data-kt=\"contractDetailEditBtnButton\"]"}
RESULT: {"using":"xpath","value":"//button[@data-kt=\"contractDetailEditBtnButton\"]"}
COMMAND: POST /session/a414a6ae85a434897fa1c9da3096b959/elements - {"using":"xpath","value":"//button[@data-kt=\"contractDetailEditBtnButton\"]"}
RESULT: {"using":"xpath","value":"//button[@data-kt=\"contractDetailEditBtnButton\"]"}
COMMAND: POST /session/a414a6ae85a434897fa1c9da3096b959/elements - {"using":"xpath","value":"//button[@data-kt=\"contractDetailEditBtnButton\"]"}
RESULT: {"using":"xpath","value":"//button[@data-kt=\"contractDetailEditBtnButton\"]"}
COMMAND: POST /session/a414a6ae85a434897fa1c9da3096b959/elements - {"using":"xpath","value":"//button[@data-kt=\"contractDetailEditBtnButton\"]"}
RESULT: {"using":"xpath","value":"//button[@data-kt=\"contractDetailEditBtnButton\"]"}
COMMAND: POST /session/a414a6ae85a434897fa1c9da3096b959/elements - {"using":"xpath","value":"//button[@data-kt=\"contractDetailEditBtnButton\"]"}
RESULT: {"using":"xpath","value":"//button[@data-kt=\"contractDetailEditBtnButton\"]"}
COMMAND: POST /session/a414a6ae85a434897fa1c9da3096b959/elements - {"using":"xpath","value":"//button[@data-kt=\"contractDetailEditBtnButton\"]"}
RESULT: {"using":"xpath","value":"//button[@data-kt=\"contractDetailEditBtnButton\"]"}
COMMAND: POST /session/a414a6ae85a434897fa1c9da3096b959/elements - {"using":"xpath","value":"//button[@data-kt=\"contractDetailEditBtnButton\"]"}
RESULT: {"using":"xpath","value":"//button[@data-kt=\"contractDetailEditBtnButton\"]"}
COMMAND: POST /session/a414a6ae85a434897fa1c9da3096b959/elements - {"using":"xpath","value":"//button[@data-kt=\"contractDetailEditBtnButton\"]"}
RESULT: {"using":"xpath","value":"//button[@data-kt=\"contractDetailEditBtnButton\"]"}
COMMAND: POST /session/a414a6ae85a434897fa1c9da3096b959/elements - {"using":"xpath","value":"//button[@data-kt=\"contractDetailEditBtnButton\"]"}
RESULT: {"using":"xpath","value":"//button[@data-kt=\"contractDetailEditBtnButton\"]"}
COMMAND: POST /session/a414a6ae85a434897fa1c9da3096b959/elements - {"using":"xpath","value":"//button[@data-kt=\"contractDetailEditBtnButton\"]"}
RESULT: {"using":"xpath","value":"//button[@data-kt=\"contractDetailEditBtnButton\"]"}
COMMAND: POST /session/a414a6ae85a434897fa1c9da3096b959/elements - {"using":"xpath","value":"//button[@data-kt=\"contractDetailEditBtnButton\"]"}
RESULT: {"using":"xpath","value":"//button[@data-kt=\"contractDetailEditBtnButton\"]"}
COMMAND: POST /session/a414a6ae85a434897fa1c9da3096b959/elements - {"using":"xpath","value":"//button[@data-kt=\"contractDetailEditBtnButton\"]"}
RESULT: {"using":"xpath","value":"//button[@data-kt=\"contractDetailEditBtnButton\"]"}
COMMAND: POST /session/a414a6ae85a434897fa1c9da3096b959/elements - {"using":"xpath","value":"//button[@data-kt=\"contractDetailEditBtnButton\"]"}
RESULT: {"using":"xpath","value":"//button[@data-kt=\"contractDetailEditBtnButton\"]"}
COMMAND: POST /session/a414a6ae85a434897fa1c9da3096b959/elements - {"using":"xpath","value":"//button[@data-kt=\"contractDetailEditBtnButton\"]"}
RESULT: {"using":"xpath","value":"//button[@data-kt=\"contractDetailEditBtnButton\"]"}
COMMAND: POST /session/a414a6ae85a434897fa1c9da3096b959/elements - {"using":"xpath","value":"//button[@data-kt=\"contractDetailEditBtnButton\"]"}
RESULT: {"using":"xpath","value":"//button[@data-kt=\"contractDetailEditBtnButton\"]"}
COMMAND: POST /session/a414a6ae85a434897fa1c9da3096b959/elements - {"using":"xpath","value":"//button[@data-kt=\"contractDetailEditBtnButton\"]"}
RESULT: {"using":"xpath","value":"//button[@data-kt=\"contractDetailEditBtnButton\"]"}
COMMAND: POST /session/a414a6ae85a434897fa1c9da3096b959/elements - {"using":"xpath","value":"//button[@data-kt=\"contractDetailEditBtnButton\"]"}
RESULT: {"using":"xpath","value":"//button[@data-kt=\"contractDetailEditBtnButton\"]"}
COMMAND: POST /session/a414a6ae85a434897fa1c9da3096b959/elements - {"using":"xpath","value":"//button[@data-kt=\"contractDetailEditBtnButton\"]"}
RESULT: {"using":"xpath","value":"//button[@data-kt=\"contractDetailEditBtnButton\"]"}
COMMAND: POST /session/a414a6ae85a434897fa1c9da3096b959/elements - {"using":"xpath","value":"//button[@data-kt=\"contractDetailEditBtnButton\"]"}
RESULT: {"using":"xpath","value":"//button[@data-kt=\"contractDetailEditBtnButton\"]"}
COMMAND: POST /session/a414a6ae85a434897fa1c9da3096b959/elements - {"using":"xpath","value":"//button[@data-kt=\"contractDetailEditBtnButton\"]"}
RESULT: {"using":"xpath","value":"//button[@data-kt=\"contractDetailEditBtnButton\"]"}
COMMAND: POST /session/a414a6ae85a434897fa1c9da3096b959/elements - {"using":"xpath","value":"//button[@data-kt=\"contractDetailEditBtnButton\"]"}
RESULT: {"using":"xpath","value":"//button[@data-kt=\"contractDetailEditBtnButton\"]"}
COMMAND: POST /session/a414a6ae85a434897fa1c9da3096b959/elements - {"using":"xpath","value":"//button[@data-kt=\"contractDetailEditBtnButton\"]"}
RESULT: {"using":"xpath","value":"//button[@data-kt=\"contractDetailEditBtnButton\"]"}
COMMAND: POST /session/a414a6ae85a434897fa1c9da3096b959/elements - {"using":"xpath","value":"//button[@data-kt=\"contractDetailEditBtnButton\"]"}
RESULT: {"using":"xpath","value":"//button[@data-kt=\"contractDetailEditBtnButton\"]"}
COMMAND: POST /session/a414a6ae85a434897fa1c9da3096b959/elements - {"using":"xpath","value":"//button[@data-kt=\"contractDetailEditBtnButton\"]"}
RESULT: {"using":"xpath","value":"//button[@data-kt=\"contractDetailEditBtnButton\"]"}
COMMAND: POST /session/a414a6ae85a434897fa1c9da3096b959/elements - {"using":"xpath","value":"//button[@data-kt=\"contractDetailEditBtnButton\"]"}
RESULT: {"using":"xpath","value":"//button[@data-kt=\"contractDetailEditBtnButton\"]"}
COMMAND: POST /session/a414a6ae85a434897fa1c9da3096b959/elements - {"using":"xpath","value":"//button[@data-kt=\"contractDetailEditBtnButton\"]"}
RESULT: {"using":"xpath","value":"//button[@data-kt=\"contractDetailEditBtnButton\"]"}
COMMAND: POST /session/a414a6ae85a434897fa1c9da3096b959/elements - {"using":"xpath","value":"//button[@data-kt=\"contractDetailEditBtnButton\"]"}
RESULT: {"using":"xpath","value":"//button[@data-kt=\"contractDetailEditBtnButton\"]"}
COMMAND: POST /session/a414a6ae85a434897fa1c9da3096b959/elements - {"using":"xpath","value":"//button[@data-kt=\"contractDetailEditBtnButton\"]"}
RESULT: {"using":"xpath","value":"//button[@data-kt=\"contractDetailEditBtnButton\"]"}
COMMAND: POST /session/a414a6ae85a434897fa1c9da3096b959/elements - {"using":"xpath","value":"//button[@data-kt=\"contractDetailEditBtnButton\"]"}
RESULT: {"using":"xpath","value":"//button[@data-kt=\"contractDetailEditBtnButton\"]"}
COMMAND: POST /session/a414a6ae85a434897fa1c9da3096b959/elements - {"using":"xpath","value":"//button[@data-kt=\"contractDetailEditBtnButton\"]"}
RESULT: {"using":"xpath","value":"//button[@data-kt=\"contractDetailEditBtnButton\"]"}
COMMAND: POST /session/a414a6ae85a434897fa1c9da3096b959/elements - {"using":"xpath","value":"//button[@data-kt=\"contractDetailEditBtnButton\"]"}
RESULT: {"using":"xpath","value":"//button[@data-kt=\"contractDetailEditBtnButton\"]"}
COMMAND: POST /session/a414a6ae85a434897fa1c9da3096b959/elements - {"using":"xpath","value":"//button[@data-kt=\"contractDetailEditBtnButton\"]"}
RESULT: {"using":"xpath","value":"//button[@data-kt=\"contractDetailEditBtnButton\"]"}
COMMAND: POST /session/a414a6ae85a434897fa1c9da3096b959/elements - {"using":"xpath","value":"//button[@data-kt=\"contractDetailEditBtnButton\"]"}
RESULT: {"using":"xpath","value":"//button[@data-kt=\"contractDetailEditBtnButton\"]"}
COMMAND: POST /session/a414a6ae85a434897fa1c9da3096b959/elements - {"using":"xpath","value":"//button[@data-kt=\"contractDetailEditBtnButton\"]"}
RESULT: {"using":"xpath","value":"//button[@data-kt=\"contractDetailEditBtnButton\"]"}
COMMAND: POST /session/a414a6ae85a434897fa1c9da3096b959/elements - {"using":"xpath","value":"//button[@data-kt=\"contractDetailEditBtnButton\"]"}
RESULT: {"using":"xpath","value":"//button[@data-kt=\"contractDetailEditBtnButton\"]"}
COMMAND: POST /session/a414a6ae85a434897fa1c9da3096b959/elements - {"using":"xpath","value":"//button[@data-kt=\"contractDetailEditBtnButton\"]"}
RESULT: {"using":"xpath","value":"//button[@data-kt=\"contractDetailEditBtnButton\"]"}
COMMAND: POST /session/a414a6ae85a434897fa1c9da3096b959/elements - {"using":"xpath","value":"//button[@data-kt=\"contractDetailEditBtnButton\"]"}
RESULT: {"using":"xpath","value":"//button[@data-kt=\"contractDetailEditBtnButton\"]"}
COMMAND: POST /session/a414a6ae85a434897fa1c9da3096b959/elements - {"using":"xpath","value":"//button[@data-kt=\"contractDetailEditBtnButton\"]"}
RESULT: {"using":"xpath","value":"//button[@data-kt=\"contractDetailEditBtnButton\"]"}
COMMAND: POST /session/a414a6ae85a434897fa1c9da3096b959/elements - {"using":"xpath","value":"//button[@data-kt=\"contractDetailEditBtnButton\"]"}
RESULT: {"using":"xpath","value":"//button[@data-kt=\"contractDetailEditBtnButton\"]"}
COMMAND: POST /session/a414a6ae85a434897fa1c9da3096b959/elements - {"using":"xpath","value":"//button[@data-kt=\"contractDetailEditBtnButton\"]"}
RESULT: {"using":"xpath","value":"//button[@data-kt=\"contractDetailEditBtnButton\"]"}
COMMAND: POST /session/a414a6ae85a434897fa1c9da3096b959/elements - {"using":"xpath","value":"//button[@data-kt=\"contractDetailEditBtnButton\"]"}
RESULT: {"using":"xpath","value":"//button[@data-kt=\"contractDetailEditBtnButton\"]"}
COMMAND: POST /session/a414a6ae85a434897fa1c9da3096b959/elements - {"using":"xpath","value":"//button[@data-kt=\"contractDetailEditBtnButton\"]"}
RESULT: {"using":"xpath","value":"//button[@data-kt=\"contractDetailEditBtnButton\"]"}
COMMAND: POST /session/a414a6ae85a434897fa1c9da3096b959/elements - {"using":"xpath","value":"//button[@data-kt=\"contractDetailEditBtnButton\"]"}
RESULT: {"using":"xpath","value":"//button[@data-kt=\"contractDetailEditBtnButton\"]"}
COMMAND: POST /session/a414a6ae85a434897fa1c9da3096b959/elements - {"using":"xpath","value":"//button[@data-kt=\"contractDetailEditBtnButton\"]"}
RESULT: {"using":"xpath","value":"//button[@data-kt=\"contractDetailEditBtnButton\"]"}
COMMAND: POST /session/a414a6ae85a434897fa1c9da3096b959/elements - {"using":"xpath","value":"//button[@data-kt=\"contractDetailEditBtnButton\"]"}
RESULT: {"using":"xpath","value":"//button[@data-kt=\"contractDetailEditBtnButton\"]"}
COMMAND: POST /session/a414a6ae85a434897fa1c9da3096b959/elements - {"using":"xpath","value":"//button[@data-kt=\"contractDetailEditBtnButton\"]"}
RESULT: {"using":"xpath","value":"//button[@data-kt=\"contractDetailEditBtnButton\"]"}
COMMAND: POST /session/a414a6ae85a434897fa1c9da3096b959/elements - {"using":"xpath","value":"//button[@data-kt=\"contractDetailEditBtnButton\"]"}
RESULT: {"using":"xpath","value":"//button[@data-kt=\"contractDetailEditBtnButton\"]"}
COMMAND: POST /session/a414a6ae85a434897fa1c9da3096b959/elements - {"using":"xpath","value":"//button[@data-kt=\"contractDetailEditBtnButton\"]"}
RESULT: {"using":"xpath","value":"//button[@data-kt=\"contractDetailEditBtnButton\"]"}
COMMAND: POST /session/a414a6ae85a434897fa1c9da3096b959/elements - {"using":"xpath","value":"//button[@data-kt=\"contractDetailEditBtnButton\"]"}
RESULT: {"using":"xpath","value":"//button[@data-kt=\"contractDetailEditBtnButton\"]"}
COMMAND: POST /session/a414a6ae85a434897fa1c9da3096b959/elements - {"using":"xpath","value":"//button[@data-kt=\"contractDetailEditBtnButton\"]"}
RESULT: {"using":"xpath","value":"//button[@data-kt=\"contractDetailEditBtnButton\"]"}
COMMAND: POST /session/a414a6ae85a434897fa1c9da3096b959/elements - {"using":"xpath","value":"//button[@data-kt=\"contractDetailEditBtnButton\"]"}
RESULT: {"using":"xpath","value":"//button[@data-kt=\"contractDetailEditBtnButton\"]"}
COMMAND: POST /session/a414a6ae85a434897fa1c9da3096b959/elements - {"using":"xpath","value":"//button[@data-kt=\"contractDetailEditBtnButton\"]"}
RESULT: {"using":"xpath","value":"//button[@data-kt=\"contractDetailEditBtnButton\"]"}
COMMAND: POST /session/a414a6ae85a434897fa1c9da3096b959/elements - {"using":"xpath","value":"//button[@data-kt=\"contractDetailEditBtnButton\"]"}
RESULT: {"using":"xpath","value":"//button[@data-kt=\"contractDetailEditBtnButton\"]"}
COMMAND: POST /session/a414a6ae85a434897fa1c9da3096b959/elements - {"using":"xpath","value":"//button[@data-kt=\"contractDetailEditBtnButton\"]"}
RESULT: {"using":"xpath","value":"//button[@data-kt=\"contractDetailEditBtnButton\"]"}
COMMAND: POST /session/a414a6ae85a434897fa1c9da3096b959/elements - {"using":"xpath","value":"//button[@data-kt=\"contractDetailEditBtnButton\"]"}
RESULT: {"using":"xpath","value":"//button[@data-kt=\"contractDetailEditBtnButton\"]"}
COMMAND: POST /session/a414a6ae85a434897fa1c9da3096b959/elements - {"using":"xpath","value":"//button[@data-kt=\"contractDetailEditBtnButton\"]"}
RESULT: {"using":"xpath","value":"//button[@data-kt=\"contractDetailEditBtnButton\"]"}
COMMAND: POST /session/a414a6ae85a434897fa1c9da3096b959/elements - {"using":"xpath","value":"//button[@data-kt=\"contractDetailEditBtnButton\"]"}
RESULT: {"using":"xpath","value":"//button[@data-kt=\"contractDetailEditBtnButton\"]"}
COMMAND: POST /session/a414a6ae85a434897fa1c9da3096b959/elements - {"using":"xpath","value":"//button[@data-kt=\"contractDetailEditBtnButton\"]"}
RESULT: {"using":"xpath","value":"//button[@data-kt=\"contractDetailEditBtnButton\"]"}
COMMAND: POST /session/a414a6ae85a434897fa1c9da3096b959/elements - {"using":"xpath","value":"//button[@data-kt=\"contractDetailEditBtnButton\"]"}
RESULT: {"using":"xpath","value":"//button[@data-kt=\"contractDetailEditBtnButton\"]"}
COMMAND: POST /session/a414a6ae85a434897fa1c9da3096b959/elements - {"using":"xpath","value":"//button[@data-kt=\"contractDetailEditBtnButton\"]"}
RESULT: {"using":"xpath","value":"//button[@data-kt=\"contractDetailEditBtnButton\"]"}
COMMAND: POST /session/a414a6ae85a434897fa1c9da3096b959/elements - {"using":"xpath","value":"//button[@data-kt=\"contractDetailEditBtnButton\"]"}
RESULT: {"using":"xpath","value":"//button[@data-kt=\"contractDetailEditBtnButton\"]"}
COMMAND: POST /session/a414a6ae85a434897fa1c9da3096b959/elements - {"using":"xpath","value":"//button[@data-kt=\"contractDetailEditBtnButton\"]"}
RESULT: {"using":"xpath","value":"//button[@data-kt=\"contractDetailEditBtnButton\"]"}
COMMAND: POST /session/a414a6ae85a434897fa1c9da3096b959/elements - {"using":"xpath","value":"//button[@data-kt=\"contractDetailEditBtnButton\"]"}
RESULT: {"using":"xpath","value":"//button[@data-kt=\"contractDetailEditBtnButton\"]"}
COMMAND: POST /session/a414a6ae85a434897fa1c9da3096b959/elements - {"using":"xpath","value":"//button[@data-kt=\"contractDetailEditBtnButton\"]"}
RESULT: {"using":"xpath","value":"//button[@data-kt=\"contractDetailEditBtnButton\"]"}
COMMAND: POST /session/a414a6ae85a434897fa1c9da3096b959/elements - {"using":"xpath","value":"//button[@data-kt=\"contractDetailEditBtnButton\"]"}
RESULT: {"using":"xpath","value":"//button[@data-kt=\"contractDetailEditBtnButton\"]"}
COMMAND: POST /session/a414a6ae85a434897fa1c9da3096b959/elements - {"using":"xpath","value":"//button[@data-kt=\"contractDetailEditBtnButton\"]"}
RESULT: {"using":"xpath","value":"//button[@data-kt=\"contractDetailEditBtnButton\"]"}
COMMAND: POST /session/a414a6ae85a434897fa1c9da3096b959/elements - {"using":"xpath","value":"//button[@data-kt=\"contractDetailEditBtnButton\"]"}
RESULT: {"using":"xpath","value":"//button[@data-kt=\"contractDetailEditBtnButton\"]"}
COMMAND: POST /session/a414a6ae85a434897fa1c9da3096b959/elements - {"using":"xpath","value":"//button[@data-kt=\"contractDetailEditBtnButton\"]"}
RESULT: {"using":"xpath","value":"//button[@data-kt=\"contractDetailEditBtnButton\"]"}
COMMAND: POST /session/a414a6ae85a434897fa1c9da3096b959/elements - {"using":"xpath","value":"//button[@data-kt=\"contractDetailEditBtnButton\"]"}
RESULT: {"using":"xpath","value":"//button[@data-kt=\"contractDetailEditBtnButton\"]"}
COMMAND: POST /session/a414a6ae85a434897fa1c9da3096b959/elements - {"using":"xpath","value":"//button[@data-kt=\"contractDetailEditBtnButton\"]"}
RESULT: {"using":"xpath","value":"//button[@data-kt=\"contractDetailEditBtnButton\"]"}
COMMAND: POST /session/a414a6ae85a434897fa1c9da3096b959/elements - {"using":"xpath","value":"//button[@data-kt=\"contractDetailEditBtnButton\"]"}
RESULT: {"using":"xpath","value":"//button[@data-kt=\"contractDetailEditBtnButton\"]"}
COMMAND: POST /session/a414a6ae85a434897fa1c9da3096b959/elements - {"using":"xpath","value":"//button[@data-kt=\"contractDetailEditBtnButton\"]"}
RESULT: {"using":"xpath","value":"//button[@data-kt=\"contractDetailEditBtnButton\"]"}
COMMAND: POST /session/a414a6ae85a434897fa1c9da3096b959/elements - {"using":"xpath","value":"//button[@data-kt=\"contractDetailEditBtnButton\"]"}
RESULT: {"using":"xpath","value":"//button[@data-kt=\"contractDetailEditBtnButton\"]"}
COMMAND: POST /session/a414a6ae85a434897fa1c9da3096b959/elements - {"using":"xpath","value":"//button[@data-kt=\"contractDetailEditBtnButton\"]"}
RESULT: {"using":"xpath","value":"//button[@data-kt=\"contractDetailEditBtnButton\"]"}
COMMAND: POST /session/a414a6ae85a434897fa1c9da3096b959/elements - {"using":"xpath","value":"//button[@data-kt=\"contractDetailEditBtnButton\"]"}
RESULT: {"using":"xpath","value":"//button[@data-kt=\"contractDetailEditBtnButton\"]"}
COMMAND: POST /session/a414a6ae85a434897fa1c9da3096b959/elements - {"using":"xpath","value":"//button[@data-kt=\"contractDetailEditBtnButton\"]"}
RESULT: {"using":"xpath","value":"//button[@data-kt=\"contractDetailEditBtnButton\"]"}
COMMAND: POST /session/a414a6ae85a434897fa1c9da3096b959/elements - {"using":"xpath","value":"//button[@data-kt=\"contractDetailEditBtnButton\"]"}
RESULT: {"using":"xpath","value":"//button[@data-kt=\"contractDetailEditBtnButton\"]"}
COMMAND: POST /session/a414a6ae85a434897fa1c9da3096b959/elements - {"using":"xpath","value":"//button[@data-kt=\"contractDetailEditBtnButton\"]"}
RESULT: {"using":"xpath","value":"//button[@data-kt=\"contractDetailEditBtnButton\"]"}
COMMAND: POST /session/a414a6ae85a434897fa1c9da3096b959/elements - {"using":"xpath","value":"//button[@data-kt=\"contractDetailEditBtnButton\"]"}
COMMAND: GET /session/a414a6ae85a434897fa1c9da3096b959/screenshot - {}
RESULT: {"using":"xpath","value":"//button[@data-kt=\"contractDetailEditBtnButton\"]"}
RESULT: {}
]]></system-out>
      <system-err><![CDATA[
Error: Can't call click on element with selector "//button[@data-kt="contractDetailEditBtnButton"]" because element wasn't found
    at async UtilsPrerequisites.addItemToContract (D:\a\1\s\test\specs\BTS\prerequisites-and-utils-functions.js:1852:9)
    at async Context.<anonymous> (D:\a\1\s\test\specs\HTR\return-from-site-w-warehouse-management-w-clarification.spec.js:78:9)
]]></system-err>
    </testcase>
    <testcase classname="chrome.136_0_7103_93.windows.Return_from_Site_w/_warehouse_management_w_clarification" name="Should provide to site" time="60.701">
      <failure/>
      <error message="Can't call click on element with selector &quot;//button[@data-kt=&quot;provideButton&quot;]&quot; because element wasn't found"/>
      <system-out><![CDATA[
COMMAND: POST /session/a414a6ae85a434897fa1c9da3096b959/element - {"using":"xpath","value":"//button[@data-kt=\"provideButton\"]"}
COMMAND: GET /session/a414a6ae85a434897fa1c9da3096b959/screenshot - {}
RESULT: {"using":"xpath","value":"//button[@data-kt=\"provideButton\"]"}
COMMAND: POST /session/a414a6ae85a434897fa1c9da3096b959/elements - {"using":"xpath","value":"//button[@data-kt=\"provideButton\"]"}
RESULT: {}
RESULT: {"using":"xpath","value":"//button[@data-kt=\"provideButton\"]"}
COMMAND: POST /session/a414a6ae85a434897fa1c9da3096b959/elements - {"using":"xpath","value":"//button[@data-kt=\"provideButton\"]"}
RESULT: {"using":"xpath","value":"//button[@data-kt=\"provideButton\"]"}
COMMAND: POST /session/a414a6ae85a434897fa1c9da3096b959/elements - {"using":"xpath","value":"//button[@data-kt=\"provideButton\"]"}
RESULT: {"using":"xpath","value":"//button[@data-kt=\"provideButton\"]"}
COMMAND: POST /session/a414a6ae85a434897fa1c9da3096b959/elements - {"using":"xpath","value":"//button[@data-kt=\"provideButton\"]"}
RESULT: {"using":"xpath","value":"//button[@data-kt=\"provideButton\"]"}
COMMAND: POST /session/a414a6ae85a434897fa1c9da3096b959/elements - {"using":"xpath","value":"//button[@data-kt=\"provideButton\"]"}
RESULT: {"using":"xpath","value":"//button[@data-kt=\"provideButton\"]"}
COMMAND: POST /session/a414a6ae85a434897fa1c9da3096b959/elements - {"using":"xpath","value":"//button[@data-kt=\"provideButton\"]"}
RESULT: {"using":"xpath","value":"//button[@data-kt=\"provideButton\"]"}
COMMAND: POST /session/a414a6ae85a434897fa1c9da3096b959/elements - {"using":"xpath","value":"//button[@data-kt=\"provideButton\"]"}
RESULT: {"using":"xpath","value":"//button[@data-kt=\"provideButton\"]"}
COMMAND: POST /session/a414a6ae85a434897fa1c9da3096b959/elements - {"using":"xpath","value":"//button[@data-kt=\"provideButton\"]"}
RESULT: {"using":"xpath","value":"//button[@data-kt=\"provideButton\"]"}
COMMAND: POST /session/a414a6ae85a434897fa1c9da3096b959/elements - {"using":"xpath","value":"//button[@data-kt=\"provideButton\"]"}
RESULT: {"using":"xpath","value":"//button[@data-kt=\"provideButton\"]"}
COMMAND: POST /session/a414a6ae85a434897fa1c9da3096b959/elements - {"using":"xpath","value":"//button[@data-kt=\"provideButton\"]"}
RESULT: {"using":"xpath","value":"//button[@data-kt=\"provideButton\"]"}
COMMAND: POST /session/a414a6ae85a434897fa1c9da3096b959/elements - {"using":"xpath","value":"//button[@data-kt=\"provideButton\"]"}
RESULT: {"using":"xpath","value":"//button[@data-kt=\"provideButton\"]"}
COMMAND: POST /session/a414a6ae85a434897fa1c9da3096b959/elements - {"using":"xpath","value":"//button[@data-kt=\"provideButton\"]"}
RESULT: {"using":"xpath","value":"//button[@data-kt=\"provideButton\"]"}
COMMAND: POST /session/a414a6ae85a434897fa1c9da3096b959/elements - {"using":"xpath","value":"//button[@data-kt=\"provideButton\"]"}
RESULT: {"using":"xpath","value":"//button[@data-kt=\"provideButton\"]"}
COMMAND: POST /session/a414a6ae85a434897fa1c9da3096b959/elements - {"using":"xpath","value":"//button[@data-kt=\"provideButton\"]"}
RESULT: {"using":"xpath","value":"//button[@data-kt=\"provideButton\"]"}
COMMAND: POST /session/a414a6ae85a434897fa1c9da3096b959/elements - {"using":"xpath","value":"//button[@data-kt=\"provideButton\"]"}
RESULT: {"using":"xpath","value":"//button[@data-kt=\"provideButton\"]"}
COMMAND: POST /session/a414a6ae85a434897fa1c9da3096b959/elements - {"using":"xpath","value":"//button[@data-kt=\"provideButton\"]"}
RESULT: {"using":"xpath","value":"//button[@data-kt=\"provideButton\"]"}
COMMAND: POST /session/a414a6ae85a434897fa1c9da3096b959/elements - {"using":"xpath","value":"//button[@data-kt=\"provideButton\"]"}
RESULT: {"using":"xpath","value":"//button[@data-kt=\"provideButton\"]"}
COMMAND: POST /session/a414a6ae85a434897fa1c9da3096b959/elements - {"using":"xpath","value":"//button[@data-kt=\"provideButton\"]"}
RESULT: {"using":"xpath","value":"//button[@data-kt=\"provideButton\"]"}
COMMAND: POST /session/a414a6ae85a434897fa1c9da3096b959/elements - {"using":"xpath","value":"//button[@data-kt=\"provideButton\"]"}
RESULT: {"using":"xpath","value":"//button[@data-kt=\"provideButton\"]"}
COMMAND: POST /session/a414a6ae85a434897fa1c9da3096b959/elements - {"using":"xpath","value":"//button[@data-kt=\"provideButton\"]"}
RESULT: {"using":"xpath","value":"//button[@data-kt=\"provideButton\"]"}
COMMAND: POST /session/a414a6ae85a434897fa1c9da3096b959/elements - {"using":"xpath","value":"//button[@data-kt=\"provideButton\"]"}
RESULT: {"using":"xpath","value":"//button[@data-kt=\"provideButton\"]"}
COMMAND: POST /session/a414a6ae85a434897fa1c9da3096b959/elements - {"using":"xpath","value":"//button[@data-kt=\"provideButton\"]"}
RESULT: {"using":"xpath","value":"//button[@data-kt=\"provideButton\"]"}
COMMAND: POST /session/a414a6ae85a434897fa1c9da3096b959/elements - {"using":"xpath","value":"//button[@data-kt=\"provideButton\"]"}
RESULT: {"using":"xpath","value":"//button[@data-kt=\"provideButton\"]"}
COMMAND: POST /session/a414a6ae85a434897fa1c9da3096b959/elements - {"using":"xpath","value":"//button[@data-kt=\"provideButton\"]"}
RESULT: {"using":"xpath","value":"//button[@data-kt=\"provideButton\"]"}
COMMAND: POST /session/a414a6ae85a434897fa1c9da3096b959/elements - {"using":"xpath","value":"//button[@data-kt=\"provideButton\"]"}
RESULT: {"using":"xpath","value":"//button[@data-kt=\"provideButton\"]"}
COMMAND: POST /session/a414a6ae85a434897fa1c9da3096b959/elements - {"using":"xpath","value":"//button[@data-kt=\"provideButton\"]"}
RESULT: {"using":"xpath","value":"//button[@data-kt=\"provideButton\"]"}
COMMAND: POST /session/a414a6ae85a434897fa1c9da3096b959/elements - {"using":"xpath","value":"//button[@data-kt=\"provideButton\"]"}
RESULT: {"using":"xpath","value":"//button[@data-kt=\"provideButton\"]"}
COMMAND: POST /session/a414a6ae85a434897fa1c9da3096b959/elements - {"using":"xpath","value":"//button[@data-kt=\"provideButton\"]"}
RESULT: {"using":"xpath","value":"//button[@data-kt=\"provideButton\"]"}
COMMAND: POST /session/a414a6ae85a434897fa1c9da3096b959/elements - {"using":"xpath","value":"//button[@data-kt=\"provideButton\"]"}
RESULT: {"using":"xpath","value":"//button[@data-kt=\"provideButton\"]"}
COMMAND: POST /session/a414a6ae85a434897fa1c9da3096b959/elements - {"using":"xpath","value":"//button[@data-kt=\"provideButton\"]"}
RESULT: {"using":"xpath","value":"//button[@data-kt=\"provideButton\"]"}
COMMAND: POST /session/a414a6ae85a434897fa1c9da3096b959/elements - {"using":"xpath","value":"//button[@data-kt=\"provideButton\"]"}
RESULT: {"using":"xpath","value":"//button[@data-kt=\"provideButton\"]"}
COMMAND: POST /session/a414a6ae85a434897fa1c9da3096b959/elements - {"using":"xpath","value":"//button[@data-kt=\"provideButton\"]"}
RESULT: {"using":"xpath","value":"//button[@data-kt=\"provideButton\"]"}
COMMAND: POST /session/a414a6ae85a434897fa1c9da3096b959/elements - {"using":"xpath","value":"//button[@data-kt=\"provideButton\"]"}
RESULT: {"using":"xpath","value":"//button[@data-kt=\"provideButton\"]"}
COMMAND: POST /session/a414a6ae85a434897fa1c9da3096b959/elements - {"using":"xpath","value":"//button[@data-kt=\"provideButton\"]"}
RESULT: {"using":"xpath","value":"//button[@data-kt=\"provideButton\"]"}
COMMAND: POST /session/a414a6ae85a434897fa1c9da3096b959/elements - {"using":"xpath","value":"//button[@data-kt=\"provideButton\"]"}
RESULT: {"using":"xpath","value":"//button[@data-kt=\"provideButton\"]"}
COMMAND: POST /session/a414a6ae85a434897fa1c9da3096b959/elements - {"using":"xpath","value":"//button[@data-kt=\"provideButton\"]"}
RESULT: {"using":"xpath","value":"//button[@data-kt=\"provideButton\"]"}
COMMAND: POST /session/a414a6ae85a434897fa1c9da3096b959/elements - {"using":"xpath","value":"//button[@data-kt=\"provideButton\"]"}
RESULT: {"using":"xpath","value":"//button[@data-kt=\"provideButton\"]"}
COMMAND: POST /session/a414a6ae85a434897fa1c9da3096b959/elements - {"using":"xpath","value":"//button[@data-kt=\"provideButton\"]"}
RESULT: {"using":"xpath","value":"//button[@data-kt=\"provideButton\"]"}
COMMAND: POST /session/a414a6ae85a434897fa1c9da3096b959/elements - {"using":"xpath","value":"//button[@data-kt=\"provideButton\"]"}
RESULT: {"using":"xpath","value":"//button[@data-kt=\"provideButton\"]"}
COMMAND: POST /session/a414a6ae85a434897fa1c9da3096b959/elements - {"using":"xpath","value":"//button[@data-kt=\"provideButton\"]"}
RESULT: {"using":"xpath","value":"//button[@data-kt=\"provideButton\"]"}
COMMAND: POST /session/a414a6ae85a434897fa1c9da3096b959/elements - {"using":"xpath","value":"//button[@data-kt=\"provideButton\"]"}
RESULT: {"using":"xpath","value":"//button[@data-kt=\"provideButton\"]"}
COMMAND: POST /session/a414a6ae85a434897fa1c9da3096b959/elements - {"using":"xpath","value":"//button[@data-kt=\"provideButton\"]"}
RESULT: {"using":"xpath","value":"//button[@data-kt=\"provideButton\"]"}
COMMAND: POST /session/a414a6ae85a434897fa1c9da3096b959/elements - {"using":"xpath","value":"//button[@data-kt=\"provideButton\"]"}
RESULT: {"using":"xpath","value":"//button[@data-kt=\"provideButton\"]"}
COMMAND: POST /session/a414a6ae85a434897fa1c9da3096b959/elements - {"using":"xpath","value":"//button[@data-kt=\"provideButton\"]"}
RESULT: {"using":"xpath","value":"//button[@data-kt=\"provideButton\"]"}
COMMAND: POST /session/a414a6ae85a434897fa1c9da3096b959/elements - {"using":"xpath","value":"//button[@data-kt=\"provideButton\"]"}
RESULT: {"using":"xpath","value":"//button[@data-kt=\"provideButton\"]"}
COMMAND: POST /session/a414a6ae85a434897fa1c9da3096b959/elements - {"using":"xpath","value":"//button[@data-kt=\"provideButton\"]"}
RESULT: {"using":"xpath","value":"//button[@data-kt=\"provideButton\"]"}
COMMAND: POST /session/a414a6ae85a434897fa1c9da3096b959/elements - {"using":"xpath","value":"//button[@data-kt=\"provideButton\"]"}
RESULT: {"using":"xpath","value":"//button[@data-kt=\"provideButton\"]"}
COMMAND: POST /session/a414a6ae85a434897fa1c9da3096b959/elements - {"using":"xpath","value":"//button[@data-kt=\"provideButton\"]"}
RESULT: {"using":"xpath","value":"//button[@data-kt=\"provideButton\"]"}
COMMAND: POST /session/a414a6ae85a434897fa1c9da3096b959/elements - {"using":"xpath","value":"//button[@data-kt=\"provideButton\"]"}
RESULT: {"using":"xpath","value":"//button[@data-kt=\"provideButton\"]"}
COMMAND: POST /session/a414a6ae85a434897fa1c9da3096b959/elements - {"using":"xpath","value":"//button[@data-kt=\"provideButton\"]"}
RESULT: {"using":"xpath","value":"//button[@data-kt=\"provideButton\"]"}
COMMAND: POST /session/a414a6ae85a434897fa1c9da3096b959/elements - {"using":"xpath","value":"//button[@data-kt=\"provideButton\"]"}
RESULT: {"using":"xpath","value":"//button[@data-kt=\"provideButton\"]"}
COMMAND: POST /session/a414a6ae85a434897fa1c9da3096b959/elements - {"using":"xpath","value":"//button[@data-kt=\"provideButton\"]"}
RESULT: {"using":"xpath","value":"//button[@data-kt=\"provideButton\"]"}
COMMAND: POST /session/a414a6ae85a434897fa1c9da3096b959/elements - {"using":"xpath","value":"//button[@data-kt=\"provideButton\"]"}
RESULT: {"using":"xpath","value":"//button[@data-kt=\"provideButton\"]"}
COMMAND: POST /session/a414a6ae85a434897fa1c9da3096b959/elements - {"using":"xpath","value":"//button[@data-kt=\"provideButton\"]"}
RESULT: {"using":"xpath","value":"//button[@data-kt=\"provideButton\"]"}
COMMAND: POST /session/a414a6ae85a434897fa1c9da3096b959/elements - {"using":"xpath","value":"//button[@data-kt=\"provideButton\"]"}
RESULT: {"using":"xpath","value":"//button[@data-kt=\"provideButton\"]"}
COMMAND: POST /session/a414a6ae85a434897fa1c9da3096b959/elements - {"using":"xpath","value":"//button[@data-kt=\"provideButton\"]"}
RESULT: {"using":"xpath","value":"//button[@data-kt=\"provideButton\"]"}
COMMAND: POST /session/a414a6ae85a434897fa1c9da3096b959/elements - {"using":"xpath","value":"//button[@data-kt=\"provideButton\"]"}
RESULT: {"using":"xpath","value":"//button[@data-kt=\"provideButton\"]"}
COMMAND: POST /session/a414a6ae85a434897fa1c9da3096b959/elements - {"using":"xpath","value":"//button[@data-kt=\"provideButton\"]"}
RESULT: {"using":"xpath","value":"//button[@data-kt=\"provideButton\"]"}
COMMAND: POST /session/a414a6ae85a434897fa1c9da3096b959/elements - {"using":"xpath","value":"//button[@data-kt=\"provideButton\"]"}
RESULT: {"using":"xpath","value":"//button[@data-kt=\"provideButton\"]"}
COMMAND: POST /session/a414a6ae85a434897fa1c9da3096b959/elements - {"using":"xpath","value":"//button[@data-kt=\"provideButton\"]"}
RESULT: {"using":"xpath","value":"//button[@data-kt=\"provideButton\"]"}
COMMAND: POST /session/a414a6ae85a434897fa1c9da3096b959/elements - {"using":"xpath","value":"//button[@data-kt=\"provideButton\"]"}
RESULT: {"using":"xpath","value":"//button[@data-kt=\"provideButton\"]"}
COMMAND: POST /session/a414a6ae85a434897fa1c9da3096b959/elements - {"using":"xpath","value":"//button[@data-kt=\"provideButton\"]"}
RESULT: {"using":"xpath","value":"//button[@data-kt=\"provideButton\"]"}
COMMAND: POST /session/a414a6ae85a434897fa1c9da3096b959/elements - {"using":"xpath","value":"//button[@data-kt=\"provideButton\"]"}
RESULT: {"using":"xpath","value":"//button[@data-kt=\"provideButton\"]"}
COMMAND: POST /session/a414a6ae85a434897fa1c9da3096b959/elements - {"using":"xpath","value":"//button[@data-kt=\"provideButton\"]"}
RESULT: {"using":"xpath","value":"//button[@data-kt=\"provideButton\"]"}
COMMAND: POST /session/a414a6ae85a434897fa1c9da3096b959/elements - {"using":"xpath","value":"//button[@data-kt=\"provideButton\"]"}
RESULT: {"using":"xpath","value":"//button[@data-kt=\"provideButton\"]"}
COMMAND: POST /session/a414a6ae85a434897fa1c9da3096b959/elements - {"using":"xpath","value":"//button[@data-kt=\"provideButton\"]"}
RESULT: {"using":"xpath","value":"//button[@data-kt=\"provideButton\"]"}
COMMAND: POST /session/a414a6ae85a434897fa1c9da3096b959/elements - {"using":"xpath","value":"//button[@data-kt=\"provideButton\"]"}
RESULT: {"using":"xpath","value":"//button[@data-kt=\"provideButton\"]"}
COMMAND: POST /session/a414a6ae85a434897fa1c9da3096b959/elements - {"using":"xpath","value":"//button[@data-kt=\"provideButton\"]"}
RESULT: {"using":"xpath","value":"//button[@data-kt=\"provideButton\"]"}
COMMAND: POST /session/a414a6ae85a434897fa1c9da3096b959/elements - {"using":"xpath","value":"//button[@data-kt=\"provideButton\"]"}
RESULT: {"using":"xpath","value":"//button[@data-kt=\"provideButton\"]"}
COMMAND: POST /session/a414a6ae85a434897fa1c9da3096b959/elements - {"using":"xpath","value":"//button[@data-kt=\"provideButton\"]"}
RESULT: {"using":"xpath","value":"//button[@data-kt=\"provideButton\"]"}
COMMAND: POST /session/a414a6ae85a434897fa1c9da3096b959/elements - {"using":"xpath","value":"//button[@data-kt=\"provideButton\"]"}
RESULT: {"using":"xpath","value":"//button[@data-kt=\"provideButton\"]"}
COMMAND: POST /session/a414a6ae85a434897fa1c9da3096b959/elements - {"using":"xpath","value":"//button[@data-kt=\"provideButton\"]"}
RESULT: {"using":"xpath","value":"//button[@data-kt=\"provideButton\"]"}
COMMAND: POST /session/a414a6ae85a434897fa1c9da3096b959/elements - {"using":"xpath","value":"//button[@data-kt=\"provideButton\"]"}
RESULT: {"using":"xpath","value":"//button[@data-kt=\"provideButton\"]"}
COMMAND: POST /session/a414a6ae85a434897fa1c9da3096b959/elements - {"using":"xpath","value":"//button[@data-kt=\"provideButton\"]"}
RESULT: {"using":"xpath","value":"//button[@data-kt=\"provideButton\"]"}
COMMAND: POST /session/a414a6ae85a434897fa1c9da3096b959/elements - {"using":"xpath","value":"//button[@data-kt=\"provideButton\"]"}
RESULT: {"using":"xpath","value":"//button[@data-kt=\"provideButton\"]"}
COMMAND: POST /session/a414a6ae85a434897fa1c9da3096b959/elements - {"using":"xpath","value":"//button[@data-kt=\"provideButton\"]"}
RESULT: {"using":"xpath","value":"//button[@data-kt=\"provideButton\"]"}
COMMAND: POST /session/a414a6ae85a434897fa1c9da3096b959/elements - {"using":"xpath","value":"//button[@data-kt=\"provideButton\"]"}
RESULT: {"using":"xpath","value":"//button[@data-kt=\"provideButton\"]"}
COMMAND: POST /session/a414a6ae85a434897fa1c9da3096b959/elements - {"using":"xpath","value":"//button[@data-kt=\"provideButton\"]"}
RESULT: {"using":"xpath","value":"//button[@data-kt=\"provideButton\"]"}
COMMAND: POST /session/a414a6ae85a434897fa1c9da3096b959/elements - {"using":"xpath","value":"//button[@data-kt=\"provideButton\"]"}
RESULT: {"using":"xpath","value":"//button[@data-kt=\"provideButton\"]"}
COMMAND: POST /session/a414a6ae85a434897fa1c9da3096b959/elements - {"using":"xpath","value":"//button[@data-kt=\"provideButton\"]"}
RESULT: {"using":"xpath","value":"//button[@data-kt=\"provideButton\"]"}
COMMAND: POST /session/a414a6ae85a434897fa1c9da3096b959/elements - {"using":"xpath","value":"//button[@data-kt=\"provideButton\"]"}
RESULT: {"using":"xpath","value":"//button[@data-kt=\"provideButton\"]"}
COMMAND: POST /session/a414a6ae85a434897fa1c9da3096b959/elements - {"using":"xpath","value":"//button[@data-kt=\"provideButton\"]"}
RESULT: {"using":"xpath","value":"//button[@data-kt=\"provideButton\"]"}
COMMAND: POST /session/a414a6ae85a434897fa1c9da3096b959/elements - {"using":"xpath","value":"//button[@data-kt=\"provideButton\"]"}
RESULT: {"using":"xpath","value":"//button[@data-kt=\"provideButton\"]"}
COMMAND: POST /session/a414a6ae85a434897fa1c9da3096b959/elements - {"using":"xpath","value":"//button[@data-kt=\"provideButton\"]"}
RESULT: {"using":"xpath","value":"//button[@data-kt=\"provideButton\"]"}
COMMAND: POST /session/a414a6ae85a434897fa1c9da3096b959/elements - {"using":"xpath","value":"//button[@data-kt=\"provideButton\"]"}
RESULT: {"using":"xpath","value":"//button[@data-kt=\"provideButton\"]"}
COMMAND: POST /session/a414a6ae85a434897fa1c9da3096b959/elements - {"using":"xpath","value":"//button[@data-kt=\"provideButton\"]"}
RESULT: {"using":"xpath","value":"//button[@data-kt=\"provideButton\"]"}
COMMAND: POST /session/a414a6ae85a434897fa1c9da3096b959/elements - {"using":"xpath","value":"//button[@data-kt=\"provideButton\"]"}
RESULT: {"using":"xpath","value":"//button[@data-kt=\"provideButton\"]"}
COMMAND: POST /session/a414a6ae85a434897fa1c9da3096b959/elements - {"using":"xpath","value":"//button[@data-kt=\"provideButton\"]"}
RESULT: {"using":"xpath","value":"//button[@data-kt=\"provideButton\"]"}
COMMAND: POST /session/a414a6ae85a434897fa1c9da3096b959/elements - {"using":"xpath","value":"//button[@data-kt=\"provideButton\"]"}
RESULT: {"using":"xpath","value":"//button[@data-kt=\"provideButton\"]"}
COMMAND: POST /session/a414a6ae85a434897fa1c9da3096b959/elements - {"using":"xpath","value":"//button[@data-kt=\"provideButton\"]"}
RESULT: {"using":"xpath","value":"//button[@data-kt=\"provideButton\"]"}
COMMAND: POST /session/a414a6ae85a434897fa1c9da3096b959/elements - {"using":"xpath","value":"//button[@data-kt=\"provideButton\"]"}
RESULT: {"using":"xpath","value":"//button[@data-kt=\"provideButton\"]"}
COMMAND: POST /session/a414a6ae85a434897fa1c9da3096b959/elements - {"using":"xpath","value":"//button[@data-kt=\"provideButton\"]"}
RESULT: {"using":"xpath","value":"//button[@data-kt=\"provideButton\"]"}
COMMAND: POST /session/a414a6ae85a434897fa1c9da3096b959/elements - {"using":"xpath","value":"//button[@data-kt=\"provideButton\"]"}
RESULT: {"using":"xpath","value":"//button[@data-kt=\"provideButton\"]"}
COMMAND: POST /session/a414a6ae85a434897fa1c9da3096b959/elements - {"using":"xpath","value":"//button[@data-kt=\"provideButton\"]"}
RESULT: {"using":"xpath","value":"//button[@data-kt=\"provideButton\"]"}
COMMAND: POST /session/a414a6ae85a434897fa1c9da3096b959/elements - {"using":"xpath","value":"//button[@data-kt=\"provideButton\"]"}
RESULT: {"using":"xpath","value":"//button[@data-kt=\"provideButton\"]"}
COMMAND: POST /session/a414a6ae85a434897fa1c9da3096b959/elements - {"using":"xpath","value":"//button[@data-kt=\"provideButton\"]"}
RESULT: {"using":"xpath","value":"//button[@data-kt=\"provideButton\"]"}
COMMAND: POST /session/a414a6ae85a434897fa1c9da3096b959/elements - {"using":"xpath","value":"//button[@data-kt=\"provideButton\"]"}
RESULT: {"using":"xpath","value":"//button[@data-kt=\"provideButton\"]"}
COMMAND: POST /session/a414a6ae85a434897fa1c9da3096b959/elements - {"using":"xpath","value":"//button[@data-kt=\"provideButton\"]"}
RESULT: {"using":"xpath","value":"//button[@data-kt=\"provideButton\"]"}
COMMAND: POST /session/a414a6ae85a434897fa1c9da3096b959/elements - {"using":"xpath","value":"//button[@data-kt=\"provideButton\"]"}
RESULT: {"using":"xpath","value":"//button[@data-kt=\"provideButton\"]"}
COMMAND: POST /session/a414a6ae85a434897fa1c9da3096b959/elements - {"using":"xpath","value":"//button[@data-kt=\"provideButton\"]"}
RESULT: {"using":"xpath","value":"//button[@data-kt=\"provideButton\"]"}
COMMAND: POST /session/a414a6ae85a434897fa1c9da3096b959/elements - {"using":"xpath","value":"//button[@data-kt=\"provideButton\"]"}
RESULT: {"using":"xpath","value":"//button[@data-kt=\"provideButton\"]"}
COMMAND: POST /session/a414a6ae85a434897fa1c9da3096b959/elements - {"using":"xpath","value":"//button[@data-kt=\"provideButton\"]"}
RESULT: {"using":"xpath","value":"//button[@data-kt=\"provideButton\"]"}
COMMAND: POST /session/a414a6ae85a434897fa1c9da3096b959/elements - {"using":"xpath","value":"//button[@data-kt=\"provideButton\"]"}
RESULT: {"using":"xpath","value":"//button[@data-kt=\"provideButton\"]"}
COMMAND: POST /session/a414a6ae85a434897fa1c9da3096b959/elements - {"using":"xpath","value":"//button[@data-kt=\"provideButton\"]"}
RESULT: {"using":"xpath","value":"//button[@data-kt=\"provideButton\"]"}
COMMAND: POST /session/a414a6ae85a434897fa1c9da3096b959/elements - {"using":"xpath","value":"//button[@data-kt=\"provideButton\"]"}
RESULT: {"using":"xpath","value":"//button[@data-kt=\"provideButton\"]"}
COMMAND: POST /session/a414a6ae85a434897fa1c9da3096b959/elements - {"using":"xpath","value":"//button[@data-kt=\"provideButton\"]"}
RESULT: {"using":"xpath","value":"//button[@data-kt=\"provideButton\"]"}
COMMAND: POST /session/a414a6ae85a434897fa1c9da3096b959/elements - {"using":"xpath","value":"//button[@data-kt=\"provideButton\"]"}
RESULT: {"using":"xpath","value":"//button[@data-kt=\"provideButton\"]"}
COMMAND: POST /session/a414a6ae85a434897fa1c9da3096b959/elements - {"using":"xpath","value":"//button[@data-kt=\"provideButton\"]"}
RESULT: {"using":"xpath","value":"//button[@data-kt=\"provideButton\"]"}
COMMAND: POST /session/a414a6ae85a434897fa1c9da3096b959/elements - {"using":"xpath","value":"//button[@data-kt=\"provideButton\"]"}
RESULT: {"using":"xpath","value":"//button[@data-kt=\"provideButton\"]"}
COMMAND: POST /session/a414a6ae85a434897fa1c9da3096b959/elements - {"using":"xpath","value":"//button[@data-kt=\"provideButton\"]"}
RESULT: {"using":"xpath","value":"//button[@data-kt=\"provideButton\"]"}
COMMAND: POST /session/a414a6ae85a434897fa1c9da3096b959/elements - {"using":"xpath","value":"//button[@data-kt=\"provideButton\"]"}
RESULT: {"using":"xpath","value":"//button[@data-kt=\"provideButton\"]"}
COMMAND: POST /session/a414a6ae85a434897fa1c9da3096b959/elements - {"using":"xpath","value":"//button[@data-kt=\"provideButton\"]"}
RESULT: {"using":"xpath","value":"//button[@data-kt=\"provideButton\"]"}
COMMAND: POST /session/a414a6ae85a434897fa1c9da3096b959/elements - {"using":"xpath","value":"//button[@data-kt=\"provideButton\"]"}
RESULT: {"using":"xpath","value":"//button[@data-kt=\"provideButton\"]"}
COMMAND: POST /session/a414a6ae85a434897fa1c9da3096b959/elements - {"using":"xpath","value":"//button[@data-kt=\"provideButton\"]"}
RESULT: {"using":"xpath","value":"//button[@data-kt=\"provideButton\"]"}
COMMAND: POST /session/a414a6ae85a434897fa1c9da3096b959/elements - {"using":"xpath","value":"//button[@data-kt=\"provideButton\"]"}
RESULT: {"using":"xpath","value":"//button[@data-kt=\"provideButton\"]"}
COMMAND: POST /session/a414a6ae85a434897fa1c9da3096b959/elements - {"using":"xpath","value":"//button[@data-kt=\"provideButton\"]"}
RESULT: {"using":"xpath","value":"//button[@data-kt=\"provideButton\"]"}
COMMAND: POST /session/a414a6ae85a434897fa1c9da3096b959/elements - {"using":"xpath","value":"//button[@data-kt=\"provideButton\"]"}
RESULT: {"using":"xpath","value":"//button[@data-kt=\"provideButton\"]"}
COMMAND: POST /session/a414a6ae85a434897fa1c9da3096b959/elements - {"using":"xpath","value":"//button[@data-kt=\"provideButton\"]"}
RESULT: {"using":"xpath","value":"//button[@data-kt=\"provideButton\"]"}
COMMAND: POST /session/a414a6ae85a434897fa1c9da3096b959/elements - {"using":"xpath","value":"//button[@data-kt=\"provideButton\"]"}
RESULT: {"using":"xpath","value":"//button[@data-kt=\"provideButton\"]"}
COMMAND: POST /session/a414a6ae85a434897fa1c9da3096b959/elements - {"using":"xpath","value":"//button[@data-kt=\"provideButton\"]"}
RESULT: {"using":"xpath","value":"//button[@data-kt=\"provideButton\"]"}
COMMAND: POST /session/a414a6ae85a434897fa1c9da3096b959/elements - {"using":"xpath","value":"//button[@data-kt=\"provideButton\"]"}
COMMAND: GET /session/a414a6ae85a434897fa1c9da3096b959/screenshot - {}
RESULT: {"using":"xpath","value":"//button[@data-kt=\"provideButton\"]"}
RESULT: {}
COMMAND: GET /session/a414a6ae85a434897fa1c9da3096b959/screenshot - {}
]]></system-out>
      <system-err><![CDATA[
Error: Can't call click on element with selector "//button[@data-kt="provideButton"]" because element wasn't found
    at async Context.<anonymous> (D:\a\1\s\test\specs\HTR\return-from-site-w-warehouse-management-w-clarification.spec.js:83:9)
]]></system-err>
    </testcase>
    <testcase classname="chrome.136_0_7103_93.windows.Return_from_Site_w/_warehouse_management_w_clarification" name="Should test for Handover Execution" time="79.516">
      <failure/>
      <error message="element (&quot;//section[contains(@id,&quot;FC-NoHead&quot;)]/div[1]/div[5]/div[2]/span&quot;) still not existing after 45000ms"/>
      <system-out><![CDATA[
COMMAND: POST /session/a414a6ae85a434897fa1c9da3096b959/execute/async - {"script":"<script> [1562 bytes]","args":[{"selector":{"controlType":"sap.m.Link","viewName":"etm.portal.ui.managehandovers.view.DetailExecuteHO","bindingPath":{"path":"","propertyPath":"/wmDoc","modelName":"warehouseMovModel"}},"wdio_ui5_key":"etmportal.ui.managehandovers.view.DetailExecuteHOsap.m.Link{\"path\":\"\",\"propertyPath\":\"/wmDoc\",\"modelName\":\"warehouseMovModel\"}"}]}
RESULT: {}
RESULT: {"script":"<script> [1562 bytes]","args":[{"selector":{"controlType":"sap.m.Link","viewName":"etm.portal.ui.managehandovers.view.DetailExecuteHO","bindingPath":{"path":"","propertyPath":"/wmDoc","modelName":"warehouseMovModel"}},"wdio_ui5_key":"etmportal.ui.managehandovers.view.DetailExecuteHOsap.m.Link{\"path\":\"\",\"propertyPath\":\"/wmDoc\",\"modelName\":\"warehouseMovModel\"}"}]}
RESULT: undefined
COMMAND: POST /session/a414a6ae85a434897fa1c9da3096b959/execute/async - {"script":"<script> [1562 bytes]","args":[{"selector":{"controlType":"sap.m.Link","viewName":"etm.portal.ui.managehandovers.view.DetailExecuteHO","properties":{"text":"Warehouse Overview"},"searchOpenDialogs":true},"wdio_ui5_key":"etmportal.ui.managehandovers.view.DetailExecuteHOsap.m.Link{\"text\":\"Warehouse Overview\"}"}]}
RESULT: {"script":"<script> [1562 bytes]","args":[{"selector":{"controlType":"sap.m.Link","viewName":"etm.portal.ui.managehandovers.view.DetailExecuteHO","properties":{"text":"Warehouse Overview"},"searchOpenDialogs":true},"wdio_ui5_key":"etmportal.ui.managehandovers.view.DetailExecuteHOsap.m.Link{\"text\":\"Warehouse Overview\"}"}]}
RESULT: undefined
COMMAND: POST /session/a414a6ae85a434897fa1c9da3096b959/execute/async - {"script":"<script> [1562 bytes]","args":[{"selector":{"controlType":"sap.m.Button","viewName":"etm.portal.ui.warehousemovements.view.DisplayMovement","viewId":"application-warehousemovements-display-component---displayMovement","i18NText":{"propertyName":"text","key":"execution"},"interaction":{"idSuffix":"BDI-content"}},"wdio_ui5_key":"etmportal.ui.warehousemovements.view.DisplayMovementsap.m.Button{\"propertyName\":\"text\",\"key\":\"execution\"}"}]}
RESULT: {"script":"<script> [1562 bytes]","args":[{"selector":{"controlType":"sap.m.Button","viewName":"etm.portal.ui.warehousemovements.view.DisplayMovement","viewId":"application-warehousemovements-display-component---displayMovement","i18NText":{"propertyName":"text","key":"execution"},"interaction":{"idSuffix":"BDI-content"}},"wdio_ui5_key":"etmportal.ui.warehousemovements.view.DisplayMovementsap.m.Button{\"propertyName\":\"text\",\"key\":\"execution\"}"}]}
RESULT: undefined
COMMAND: POST /session/a414a6ae85a434897fa1c9da3096b959/execute/async - {"script":"<script> [1562 bytes]","args":[{"selector":{"controlType":"sap.m.Button","viewName":"etm.portal.ui.warehousemovements.view.ExecuteMovement","viewId":"application-warehousemovements-display-component---executeMovement","properties":{"text":"Items"},"interaction":{"idSuffix":"BDI-content"}},"wdio_ui5_key":"etmportal.ui.warehousemovements.view.ExecuteMovementsap.m.Button{\"text\":\"Items\"}"}]}
RESULT: {"script":"<script> [1562 bytes]","args":[{"selector":{"controlType":"sap.m.Button","viewName":"etm.portal.ui.warehousemovements.view.ExecuteMovement","viewId":"application-warehousemovements-display-component---executeMovement","properties":{"text":"Items"},"interaction":{"idSuffix":"BDI-content"}},"wdio_ui5_key":"etmportal.ui.warehousemovements.view.ExecuteMovementsap.m.Button{\"text\":\"Items\"}"}]}
RESULT: undefined
COMMAND: POST /session/a414a6ae85a434897fa1c9da3096b959/execute/async - {"script":"<script> [1562 bytes]","args":[{"selector":{"controlType":"sap.m.ToggleButton","viewName":"etm.portal.ui.warehousemovements.view.ExecuteMovement","viewId":"application-warehousemovements-display-component---executeMovement","bindingPath":{"propertyPath":"STATUS","modelName":"catalogModel"},"interaction":{"idSuffix":"BDI-content"}},"wdio_ui5_key":"etmportal.ui.warehousemovements.view.ExecuteMovementsap.m.ToggleButton{\"propertyPath\":\"STATUS\",\"modelName\":\"catalogModel\"}"}]}
RESULT: {"script":"<script> [1562 bytes]","args":[{"selector":{"controlType":"sap.m.ToggleButton","viewName":"etm.portal.ui.warehousemovements.view.ExecuteMovement","viewId":"application-warehousemovements-display-component---executeMovement","bindingPath":{"propertyPath":"STATUS","modelName":"catalogModel"},"interaction":{"idSuffix":"BDI-content"}},"wdio_ui5_key":"etmportal.ui.warehousemovements.view.ExecuteMovementsap.m.ToggleButton{\"propertyPath\":\"STATUS\",\"modelName\":\"catalogModel\"}"}]}
RESULT: undefined
RESULT: undefined
COMMAND: POST /session/a414a6ae85a434897fa1c9da3096b959/element - {"using":"xpath","value":"//section[contains(@id,\"FC-NoHead\")]/div[1]/div[5]/div[2]/span"}
RESULT: {"using":"xpath","value":"//section[contains(@id,\"FC-NoHead\")]/div[1]/div[5]/div[2]/span"}
COMMAND: POST /session/a414a6ae85a434897fa1c9da3096b959/elements - {"using":"xpath","value":"//section[contains(@id,\"FC-NoHead\")]/div[1]/div[5]/div[2]/span"}
RESULT: {"using":"xpath","value":"//section[contains(@id,\"FC-NoHead\")]/div[1]/div[5]/div[2]/span"}
COMMAND: POST /session/a414a6ae85a434897fa1c9da3096b959/elements - {"using":"xpath","value":"//section[contains(@id,\"FC-NoHead\")]/div[1]/div[5]/div[2]/span"}
RESULT: {"using":"xpath","value":"//section[contains(@id,\"FC-NoHead\")]/div[1]/div[5]/div[2]/span"}
COMMAND: POST /session/a414a6ae85a434897fa1c9da3096b959/elements - {"using":"xpath","value":"//section[contains(@id,\"FC-NoHead\")]/div[1]/div[5]/div[2]/span"}
RESULT: {"using":"xpath","value":"//section[contains(@id,\"FC-NoHead\")]/div[1]/div[5]/div[2]/span"}
COMMAND: POST /session/a414a6ae85a434897fa1c9da3096b959/elements - {"using":"xpath","value":"//section[contains(@id,\"FC-NoHead\")]/div[1]/div[5]/div[2]/span"}
RESULT: {"using":"xpath","value":"//section[contains(@id,\"FC-NoHead\")]/div[1]/div[5]/div[2]/span"}
COMMAND: POST /session/a414a6ae85a434897fa1c9da3096b959/elements - {"using":"xpath","value":"//section[contains(@id,\"FC-NoHead\")]/div[1]/div[5]/div[2]/span"}
RESULT: {"using":"xpath","value":"//section[contains(@id,\"FC-NoHead\")]/div[1]/div[5]/div[2]/span"}
COMMAND: POST /session/a414a6ae85a434897fa1c9da3096b959/elements - {"using":"xpath","value":"//section[contains(@id,\"FC-NoHead\")]/div[1]/div[5]/div[2]/span"}
RESULT: {"using":"xpath","value":"//section[contains(@id,\"FC-NoHead\")]/div[1]/div[5]/div[2]/span"}
COMMAND: POST /session/a414a6ae85a434897fa1c9da3096b959/elements - {"using":"xpath","value":"//section[contains(@id,\"FC-NoHead\")]/div[1]/div[5]/div[2]/span"}
RESULT: {"using":"xpath","value":"//section[contains(@id,\"FC-NoHead\")]/div[1]/div[5]/div[2]/span"}
COMMAND: POST /session/a414a6ae85a434897fa1c9da3096b959/elements - {"using":"xpath","value":"//section[contains(@id,\"FC-NoHead\")]/div[1]/div[5]/div[2]/span"}
RESULT: {"using":"xpath","value":"//section[contains(@id,\"FC-NoHead\")]/div[1]/div[5]/div[2]/span"}
COMMAND: POST /session/a414a6ae85a434897fa1c9da3096b959/elements - {"using":"xpath","value":"//section[contains(@id,\"FC-NoHead\")]/div[1]/div[5]/div[2]/span"}
RESULT: {"using":"xpath","value":"//section[contains(@id,\"FC-NoHead\")]/div[1]/div[5]/div[2]/span"}
COMMAND: POST /session/a414a6ae85a434897fa1c9da3096b959/elements - {"using":"xpath","value":"//section[contains(@id,\"FC-NoHead\")]/div[1]/div[5]/div[2]/span"}
RESULT: {"using":"xpath","value":"//section[contains(@id,\"FC-NoHead\")]/div[1]/div[5]/div[2]/span"}
COMMAND: POST /session/a414a6ae85a434897fa1c9da3096b959/elements - {"using":"xpath","value":"//section[contains(@id,\"FC-NoHead\")]/div[1]/div[5]/div[2]/span"}
RESULT: {"using":"xpath","value":"//section[contains(@id,\"FC-NoHead\")]/div[1]/div[5]/div[2]/span"}
COMMAND: POST /session/a414a6ae85a434897fa1c9da3096b959/elements - {"using":"xpath","value":"//section[contains(@id,\"FC-NoHead\")]/div[1]/div[5]/div[2]/span"}
RESULT: {"using":"xpath","value":"//section[contains(@id,\"FC-NoHead\")]/div[1]/div[5]/div[2]/span"}
COMMAND: POST /session/a414a6ae85a434897fa1c9da3096b959/elements - {"using":"xpath","value":"//section[contains(@id,\"FC-NoHead\")]/div[1]/div[5]/div[2]/span"}
RESULT: {"using":"xpath","value":"//section[contains(@id,\"FC-NoHead\")]/div[1]/div[5]/div[2]/span"}
COMMAND: POST /session/a414a6ae85a434897fa1c9da3096b959/elements - {"using":"xpath","value":"//section[contains(@id,\"FC-NoHead\")]/div[1]/div[5]/div[2]/span"}
RESULT: {"using":"xpath","value":"//section[contains(@id,\"FC-NoHead\")]/div[1]/div[5]/div[2]/span"}
COMMAND: POST /session/a414a6ae85a434897fa1c9da3096b959/elements - {"using":"xpath","value":"//section[contains(@id,\"FC-NoHead\")]/div[1]/div[5]/div[2]/span"}
RESULT: {"using":"xpath","value":"//section[contains(@id,\"FC-NoHead\")]/div[1]/div[5]/div[2]/span"}
COMMAND: POST /session/a414a6ae85a434897fa1c9da3096b959/elements - {"using":"xpath","value":"//section[contains(@id,\"FC-NoHead\")]/div[1]/div[5]/div[2]/span"}
RESULT: {"using":"xpath","value":"//section[contains(@id,\"FC-NoHead\")]/div[1]/div[5]/div[2]/span"}
COMMAND: POST /session/a414a6ae85a434897fa1c9da3096b959/elements - {"using":"xpath","value":"//section[contains(@id,\"FC-NoHead\")]/div[1]/div[5]/div[2]/span"}
RESULT: {"using":"xpath","value":"//section[contains(@id,\"FC-NoHead\")]/div[1]/div[5]/div[2]/span"}
COMMAND: POST /session/a414a6ae85a434897fa1c9da3096b959/elements - {"using":"xpath","value":"//section[contains(@id,\"FC-NoHead\")]/div[1]/div[5]/div[2]/span"}
RESULT: {"using":"xpath","value":"//section[contains(@id,\"FC-NoHead\")]/div[1]/div[5]/div[2]/span"}
COMMAND: POST /session/a414a6ae85a434897fa1c9da3096b959/elements - {"using":"xpath","value":"//section[contains(@id,\"FC-NoHead\")]/div[1]/div[5]/div[2]/span"}
RESULT: {"using":"xpath","value":"//section[contains(@id,\"FC-NoHead\")]/div[1]/div[5]/div[2]/span"}
COMMAND: POST /session/a414a6ae85a434897fa1c9da3096b959/elements - {"using":"xpath","value":"//section[contains(@id,\"FC-NoHead\")]/div[1]/div[5]/div[2]/span"}
RESULT: {"using":"xpath","value":"//section[contains(@id,\"FC-NoHead\")]/div[1]/div[5]/div[2]/span"}
COMMAND: POST /session/a414a6ae85a434897fa1c9da3096b959/elements - {"using":"xpath","value":"//section[contains(@id,\"FC-NoHead\")]/div[1]/div[5]/div[2]/span"}
RESULT: {"using":"xpath","value":"//section[contains(@id,\"FC-NoHead\")]/div[1]/div[5]/div[2]/span"}
COMMAND: POST /session/a414a6ae85a434897fa1c9da3096b959/elements - {"using":"xpath","value":"//section[contains(@id,\"FC-NoHead\")]/div[1]/div[5]/div[2]/span"}
RESULT: {"using":"xpath","value":"//section[contains(@id,\"FC-NoHead\")]/div[1]/div[5]/div[2]/span"}
COMMAND: POST /session/a414a6ae85a434897fa1c9da3096b959/elements - {"using":"xpath","value":"//section[contains(@id,\"FC-NoHead\")]/div[1]/div[5]/div[2]/span"}
RESULT: {"using":"xpath","value":"//section[contains(@id,\"FC-NoHead\")]/div[1]/div[5]/div[2]/span"}
COMMAND: POST /session/a414a6ae85a434897fa1c9da3096b959/elements - {"using":"xpath","value":"//section[contains(@id,\"FC-NoHead\")]/div[1]/div[5]/div[2]/span"}
RESULT: {"using":"xpath","value":"//section[contains(@id,\"FC-NoHead\")]/div[1]/div[5]/div[2]/span"}
COMMAND: POST /session/a414a6ae85a434897fa1c9da3096b959/elements - {"using":"xpath","value":"//section[contains(@id,\"FC-NoHead\")]/div[1]/div[5]/div[2]/span"}
RESULT: {"using":"xpath","value":"//section[contains(@id,\"FC-NoHead\")]/div[1]/div[5]/div[2]/span"}
COMMAND: POST /session/a414a6ae85a434897fa1c9da3096b959/elements - {"using":"xpath","value":"//section[contains(@id,\"FC-NoHead\")]/div[1]/div[5]/div[2]/span"}
RESULT: {"using":"xpath","value":"//section[contains(@id,\"FC-NoHead\")]/div[1]/div[5]/div[2]/span"}
COMMAND: POST /session/a414a6ae85a434897fa1c9da3096b959/elements - {"using":"xpath","value":"//section[contains(@id,\"FC-NoHead\")]/div[1]/div[5]/div[2]/span"}
RESULT: {"using":"xpath","value":"//section[contains(@id,\"FC-NoHead\")]/div[1]/div[5]/div[2]/span"}
COMMAND: POST /session/a414a6ae85a434897fa1c9da3096b959/elements - {"using":"xpath","value":"//section[contains(@id,\"FC-NoHead\")]/div[1]/div[5]/div[2]/span"}
RESULT: {"using":"xpath","value":"//section[contains(@id,\"FC-NoHead\")]/div[1]/div[5]/div[2]/span"}
COMMAND: POST /session/a414a6ae85a434897fa1c9da3096b959/elements - {"using":"xpath","value":"//section[contains(@id,\"FC-NoHead\")]/div[1]/div[5]/div[2]/span"}
RESULT: {"using":"xpath","value":"//section[contains(@id,\"FC-NoHead\")]/div[1]/div[5]/div[2]/span"}
COMMAND: POST /session/a414a6ae85a434897fa1c9da3096b959/elements - {"using":"xpath","value":"//section[contains(@id,\"FC-NoHead\")]/div[1]/div[5]/div[2]/span"}
RESULT: {"using":"xpath","value":"//section[contains(@id,\"FC-NoHead\")]/div[1]/div[5]/div[2]/span"}
COMMAND: POST /session/a414a6ae85a434897fa1c9da3096b959/elements - {"using":"xpath","value":"//section[contains(@id,\"FC-NoHead\")]/div[1]/div[5]/div[2]/span"}
RESULT: {"using":"xpath","value":"//section[contains(@id,\"FC-NoHead\")]/div[1]/div[5]/div[2]/span"}
COMMAND: POST /session/a414a6ae85a434897fa1c9da3096b959/elements - {"using":"xpath","value":"//section[contains(@id,\"FC-NoHead\")]/div[1]/div[5]/div[2]/span"}
RESULT: {"using":"xpath","value":"//section[contains(@id,\"FC-NoHead\")]/div[1]/div[5]/div[2]/span"}
COMMAND: POST /session/a414a6ae85a434897fa1c9da3096b959/elements - {"using":"xpath","value":"//section[contains(@id,\"FC-NoHead\")]/div[1]/div[5]/div[2]/span"}
RESULT: {"using":"xpath","value":"//section[contains(@id,\"FC-NoHead\")]/div[1]/div[5]/div[2]/span"}
COMMAND: POST /session/a414a6ae85a434897fa1c9da3096b959/elements - {"using":"xpath","value":"//section[contains(@id,\"FC-NoHead\")]/div[1]/div[5]/div[2]/span"}
RESULT: {"using":"xpath","value":"//section[contains(@id,\"FC-NoHead\")]/div[1]/div[5]/div[2]/span"}
COMMAND: POST /session/a414a6ae85a434897fa1c9da3096b959/elements - {"using":"xpath","value":"//section[contains(@id,\"FC-NoHead\")]/div[1]/div[5]/div[2]/span"}
RESULT: {"using":"xpath","value":"//section[contains(@id,\"FC-NoHead\")]/div[1]/div[5]/div[2]/span"}
COMMAND: POST /session/a414a6ae85a434897fa1c9da3096b959/elements - {"using":"xpath","value":"//section[contains(@id,\"FC-NoHead\")]/div[1]/div[5]/div[2]/span"}
RESULT: {"using":"xpath","value":"//section[contains(@id,\"FC-NoHead\")]/div[1]/div[5]/div[2]/span"}
COMMAND: POST /session/a414a6ae85a434897fa1c9da3096b959/elements - {"using":"xpath","value":"//section[contains(@id,\"FC-NoHead\")]/div[1]/div[5]/div[2]/span"}
RESULT: {"using":"xpath","value":"//section[contains(@id,\"FC-NoHead\")]/div[1]/div[5]/div[2]/span"}
COMMAND: POST /session/a414a6ae85a434897fa1c9da3096b959/elements - {"using":"xpath","value":"//section[contains(@id,\"FC-NoHead\")]/div[1]/div[5]/div[2]/span"}
RESULT: {"using":"xpath","value":"//section[contains(@id,\"FC-NoHead\")]/div[1]/div[5]/div[2]/span"}
COMMAND: POST /session/a414a6ae85a434897fa1c9da3096b959/elements - {"using":"xpath","value":"//section[contains(@id,\"FC-NoHead\")]/div[1]/div[5]/div[2]/span"}
RESULT: {"using":"xpath","value":"//section[contains(@id,\"FC-NoHead\")]/div[1]/div[5]/div[2]/span"}
COMMAND: POST /session/a414a6ae85a434897fa1c9da3096b959/elements - {"using":"xpath","value":"//section[contains(@id,\"FC-NoHead\")]/div[1]/div[5]/div[2]/span"}
RESULT: {"using":"xpath","value":"//section[contains(@id,\"FC-NoHead\")]/div[1]/div[5]/div[2]/span"}
COMMAND: POST /session/a414a6ae85a434897fa1c9da3096b959/elements - {"using":"xpath","value":"//section[contains(@id,\"FC-NoHead\")]/div[1]/div[5]/div[2]/span"}
RESULT: {"using":"xpath","value":"//section[contains(@id,\"FC-NoHead\")]/div[1]/div[5]/div[2]/span"}
COMMAND: POST /session/a414a6ae85a434897fa1c9da3096b959/elements - {"using":"xpath","value":"//section[contains(@id,\"FC-NoHead\")]/div[1]/div[5]/div[2]/span"}
RESULT: {"using":"xpath","value":"//section[contains(@id,\"FC-NoHead\")]/div[1]/div[5]/div[2]/span"}
COMMAND: POST /session/a414a6ae85a434897fa1c9da3096b959/elements - {"using":"xpath","value":"//section[contains(@id,\"FC-NoHead\")]/div[1]/div[5]/div[2]/span"}
RESULT: {"using":"xpath","value":"//section[contains(@id,\"FC-NoHead\")]/div[1]/div[5]/div[2]/span"}
COMMAND: POST /session/a414a6ae85a434897fa1c9da3096b959/elements - {"using":"xpath","value":"//section[contains(@id,\"FC-NoHead\")]/div[1]/div[5]/div[2]/span"}
RESULT: {"using":"xpath","value":"//section[contains(@id,\"FC-NoHead\")]/div[1]/div[5]/div[2]/span"}
COMMAND: POST /session/a414a6ae85a434897fa1c9da3096b959/elements - {"using":"xpath","value":"//section[contains(@id,\"FC-NoHead\")]/div[1]/div[5]/div[2]/span"}
RESULT: {"using":"xpath","value":"//section[contains(@id,\"FC-NoHead\")]/div[1]/div[5]/div[2]/span"}
COMMAND: POST /session/a414a6ae85a434897fa1c9da3096b959/elements - {"using":"xpath","value":"//section[contains(@id,\"FC-NoHead\")]/div[1]/div[5]/div[2]/span"}
RESULT: {"using":"xpath","value":"//section[contains(@id,\"FC-NoHead\")]/div[1]/div[5]/div[2]/span"}
COMMAND: POST /session/a414a6ae85a434897fa1c9da3096b959/elements - {"using":"xpath","value":"//section[contains(@id,\"FC-NoHead\")]/div[1]/div[5]/div[2]/span"}
RESULT: {"using":"xpath","value":"//section[contains(@id,\"FC-NoHead\")]/div[1]/div[5]/div[2]/span"}
COMMAND: POST /session/a414a6ae85a434897fa1c9da3096b959/elements - {"using":"xpath","value":"//section[contains(@id,\"FC-NoHead\")]/div[1]/div[5]/div[2]/span"}
RESULT: {"using":"xpath","value":"//section[contains(@id,\"FC-NoHead\")]/div[1]/div[5]/div[2]/span"}
COMMAND: POST /session/a414a6ae85a434897fa1c9da3096b959/elements - {"using":"xpath","value":"//section[contains(@id,\"FC-NoHead\")]/div[1]/div[5]/div[2]/span"}
RESULT: {"using":"xpath","value":"//section[contains(@id,\"FC-NoHead\")]/div[1]/div[5]/div[2]/span"}
COMMAND: POST /session/a414a6ae85a434897fa1c9da3096b959/elements - {"using":"xpath","value":"//section[contains(@id,\"FC-NoHead\")]/div[1]/div[5]/div[2]/span"}
RESULT: {"using":"xpath","value":"//section[contains(@id,\"FC-NoHead\")]/div[1]/div[5]/div[2]/span"}
COMMAND: POST /session/a414a6ae85a434897fa1c9da3096b959/elements - {"using":"xpath","value":"//section[contains(@id,\"FC-NoHead\")]/div[1]/div[5]/div[2]/span"}
RESULT: {"using":"xpath","value":"//section[contains(@id,\"FC-NoHead\")]/div[1]/div[5]/div[2]/span"}
COMMAND: POST /session/a414a6ae85a434897fa1c9da3096b959/elements - {"using":"xpath","value":"//section[contains(@id,\"FC-NoHead\")]/div[1]/div[5]/div[2]/span"}
RESULT: {"using":"xpath","value":"//section[contains(@id,\"FC-NoHead\")]/div[1]/div[5]/div[2]/span"}
COMMAND: POST /session/a414a6ae85a434897fa1c9da3096b959/elements - {"using":"xpath","value":"//section[contains(@id,\"FC-NoHead\")]/div[1]/div[5]/div[2]/span"}
RESULT: {"using":"xpath","value":"//section[contains(@id,\"FC-NoHead\")]/div[1]/div[5]/div[2]/span"}
COMMAND: POST /session/a414a6ae85a434897fa1c9da3096b959/elements - {"using":"xpath","value":"//section[contains(@id,\"FC-NoHead\")]/div[1]/div[5]/div[2]/span"}
RESULT: {"using":"xpath","value":"//section[contains(@id,\"FC-NoHead\")]/div[1]/div[5]/div[2]/span"}
COMMAND: POST /session/a414a6ae85a434897fa1c9da3096b959/elements - {"using":"xpath","value":"//section[contains(@id,\"FC-NoHead\")]/div[1]/div[5]/div[2]/span"}
RESULT: {"using":"xpath","value":"//section[contains(@id,\"FC-NoHead\")]/div[1]/div[5]/div[2]/span"}
COMMAND: POST /session/a414a6ae85a434897fa1c9da3096b959/elements - {"using":"xpath","value":"//section[contains(@id,\"FC-NoHead\")]/div[1]/div[5]/div[2]/span"}
RESULT: {"using":"xpath","value":"//section[contains(@id,\"FC-NoHead\")]/div[1]/div[5]/div[2]/span"}
COMMAND: POST /session/a414a6ae85a434897fa1c9da3096b959/elements - {"using":"xpath","value":"//section[contains(@id,\"FC-NoHead\")]/div[1]/div[5]/div[2]/span"}
RESULT: {"using":"xpath","value":"//section[contains(@id,\"FC-NoHead\")]/div[1]/div[5]/div[2]/span"}
COMMAND: POST /session/a414a6ae85a434897fa1c9da3096b959/elements - {"using":"xpath","value":"//section[contains(@id,\"FC-NoHead\")]/div[1]/div[5]/div[2]/span"}
RESULT: {"using":"xpath","value":"//section[contains(@id,\"FC-NoHead\")]/div[1]/div[5]/div[2]/span"}
COMMAND: POST /session/a414a6ae85a434897fa1c9da3096b959/elements - {"using":"xpath","value":"//section[contains(@id,\"FC-NoHead\")]/div[1]/div[5]/div[2]/span"}
RESULT: {"using":"xpath","value":"//section[contains(@id,\"FC-NoHead\")]/div[1]/div[5]/div[2]/span"}
COMMAND: POST /session/a414a6ae85a434897fa1c9da3096b959/elements - {"using":"xpath","value":"//section[contains(@id,\"FC-NoHead\")]/div[1]/div[5]/div[2]/span"}
RESULT: {"using":"xpath","value":"//section[contains(@id,\"FC-NoHead\")]/div[1]/div[5]/div[2]/span"}
COMMAND: POST /session/a414a6ae85a434897fa1c9da3096b959/elements - {"using":"xpath","value":"//section[contains(@id,\"FC-NoHead\")]/div[1]/div[5]/div[2]/span"}
RESULT: {"using":"xpath","value":"//section[contains(@id,\"FC-NoHead\")]/div[1]/div[5]/div[2]/span"}
COMMAND: POST /session/a414a6ae85a434897fa1c9da3096b959/elements - {"using":"xpath","value":"//section[contains(@id,\"FC-NoHead\")]/div[1]/div[5]/div[2]/span"}
RESULT: {"using":"xpath","value":"//section[contains(@id,\"FC-NoHead\")]/div[1]/div[5]/div[2]/span"}
COMMAND: POST /session/a414a6ae85a434897fa1c9da3096b959/elements - {"using":"xpath","value":"//section[contains(@id,\"FC-NoHead\")]/div[1]/div[5]/div[2]/span"}
RESULT: {"using":"xpath","value":"//section[contains(@id,\"FC-NoHead\")]/div[1]/div[5]/div[2]/span"}
COMMAND: POST /session/a414a6ae85a434897fa1c9da3096b959/elements - {"using":"xpath","value":"//section[contains(@id,\"FC-NoHead\")]/div[1]/div[5]/div[2]/span"}
RESULT: {"using":"xpath","value":"//section[contains(@id,\"FC-NoHead\")]/div[1]/div[5]/div[2]/span"}
COMMAND: POST /session/a414a6ae85a434897fa1c9da3096b959/elements - {"using":"xpath","value":"//section[contains(@id,\"FC-NoHead\")]/div[1]/div[5]/div[2]/span"}
RESULT: {"using":"xpath","value":"//section[contains(@id,\"FC-NoHead\")]/div[1]/div[5]/div[2]/span"}
COMMAND: POST /session/a414a6ae85a434897fa1c9da3096b959/elements - {"using":"xpath","value":"//section[contains(@id,\"FC-NoHead\")]/div[1]/div[5]/div[2]/span"}
RESULT: {"using":"xpath","value":"//section[contains(@id,\"FC-NoHead\")]/div[1]/div[5]/div[2]/span"}
COMMAND: POST /session/a414a6ae85a434897fa1c9da3096b959/elements - {"using":"xpath","value":"//section[contains(@id,\"FC-NoHead\")]/div[1]/div[5]/div[2]/span"}
RESULT: {"using":"xpath","value":"//section[contains(@id,\"FC-NoHead\")]/div[1]/div[5]/div[2]/span"}
COMMAND: POST /session/a414a6ae85a434897fa1c9da3096b959/elements - {"using":"xpath","value":"//section[contains(@id,\"FC-NoHead\")]/div[1]/div[5]/div[2]/span"}
RESULT: {"using":"xpath","value":"//section[contains(@id,\"FC-NoHead\")]/div[1]/div[5]/div[2]/span"}
COMMAND: POST /session/a414a6ae85a434897fa1c9da3096b959/elements - {"using":"xpath","value":"//section[contains(@id,\"FC-NoHead\")]/div[1]/div[5]/div[2]/span"}
RESULT: {"using":"xpath","value":"//section[contains(@id,\"FC-NoHead\")]/div[1]/div[5]/div[2]/span"}
COMMAND: POST /session/a414a6ae85a434897fa1c9da3096b959/elements - {"using":"xpath","value":"//section[contains(@id,\"FC-NoHead\")]/div[1]/div[5]/div[2]/span"}
RESULT: {"using":"xpath","value":"//section[contains(@id,\"FC-NoHead\")]/div[1]/div[5]/div[2]/span"}
COMMAND: POST /session/a414a6ae85a434897fa1c9da3096b959/elements - {"using":"xpath","value":"//section[contains(@id,\"FC-NoHead\")]/div[1]/div[5]/div[2]/span"}
RESULT: {"using":"xpath","value":"//section[contains(@id,\"FC-NoHead\")]/div[1]/div[5]/div[2]/span"}
COMMAND: POST /session/a414a6ae85a434897fa1c9da3096b959/elements - {"using":"xpath","value":"//section[contains(@id,\"FC-NoHead\")]/div[1]/div[5]/div[2]/span"}
RESULT: {"using":"xpath","value":"//section[contains(@id,\"FC-NoHead\")]/div[1]/div[5]/div[2]/span"}
COMMAND: POST /session/a414a6ae85a434897fa1c9da3096b959/elements - {"using":"xpath","value":"//section[contains(@id,\"FC-NoHead\")]/div[1]/div[5]/div[2]/span"}
RESULT: {"using":"xpath","value":"//section[contains(@id,\"FC-NoHead\")]/div[1]/div[5]/div[2]/span"}
COMMAND: POST /session/a414a6ae85a434897fa1c9da3096b959/elements - {"using":"xpath","value":"//section[contains(@id,\"FC-NoHead\")]/div[1]/div[5]/div[2]/span"}
RESULT: {"using":"xpath","value":"//section[contains(@id,\"FC-NoHead\")]/div[1]/div[5]/div[2]/span"}
COMMAND: POST /session/a414a6ae85a434897fa1c9da3096b959/elements - {"using":"xpath","value":"//section[contains(@id,\"FC-NoHead\")]/div[1]/div[5]/div[2]/span"}
RESULT: {"using":"xpath","value":"//section[contains(@id,\"FC-NoHead\")]/div[1]/div[5]/div[2]/span"}
COMMAND: POST /session/a414a6ae85a434897fa1c9da3096b959/elements - {"using":"xpath","value":"//section[contains(@id,\"FC-NoHead\")]/div[1]/div[5]/div[2]/span"}
RESULT: {"using":"xpath","value":"//section[contains(@id,\"FC-NoHead\")]/div[1]/div[5]/div[2]/span"}
COMMAND: POST /session/a414a6ae85a434897fa1c9da3096b959/elements - {"using":"xpath","value":"//section[contains(@id,\"FC-NoHead\")]/div[1]/div[5]/div[2]/span"}
RESULT: {"using":"xpath","value":"//section[contains(@id,\"FC-NoHead\")]/div[1]/div[5]/div[2]/span"}
COMMAND: POST /session/a414a6ae85a434897fa1c9da3096b959/elements - {"using":"xpath","value":"//section[contains(@id,\"FC-NoHead\")]/div[1]/div[5]/div[2]/span"}
RESULT: {"using":"xpath","value":"//section[contains(@id,\"FC-NoHead\")]/div[1]/div[5]/div[2]/span"}
COMMAND: POST /session/a414a6ae85a434897fa1c9da3096b959/elements - {"using":"xpath","value":"//section[contains(@id,\"FC-NoHead\")]/div[1]/div[5]/div[2]/span"}
RESULT: {"using":"xpath","value":"//section[contains(@id,\"FC-NoHead\")]/div[1]/div[5]/div[2]/span"}
COMMAND: POST /session/a414a6ae85a434897fa1c9da3096b959/elements - {"using":"xpath","value":"//section[contains(@id,\"FC-NoHead\")]/div[1]/div[5]/div[2]/span"}
RESULT: {"using":"xpath","value":"//section[contains(@id,\"FC-NoHead\")]/div[1]/div[5]/div[2]/span"}
COMMAND: POST /session/a414a6ae85a434897fa1c9da3096b959/elements - {"using":"xpath","value":"//section[contains(@id,\"FC-NoHead\")]/div[1]/div[5]/div[2]/span"}
RESULT: {"using":"xpath","value":"//section[contains(@id,\"FC-NoHead\")]/div[1]/div[5]/div[2]/span"}
COMMAND: POST /session/a414a6ae85a434897fa1c9da3096b959/elements - {"using":"xpath","value":"//section[contains(@id,\"FC-NoHead\")]/div[1]/div[5]/div[2]/span"}
RESULT: {"using":"xpath","value":"//section[contains(@id,\"FC-NoHead\")]/div[1]/div[5]/div[2]/span"}
COMMAND: POST /session/a414a6ae85a434897fa1c9da3096b959/elements - {"using":"xpath","value":"//section[contains(@id,\"FC-NoHead\")]/div[1]/div[5]/div[2]/span"}
RESULT: {"using":"xpath","value":"//section[contains(@id,\"FC-NoHead\")]/div[1]/div[5]/div[2]/span"}
COMMAND: POST /session/a414a6ae85a434897fa1c9da3096b959/elements - {"using":"xpath","value":"//section[contains(@id,\"FC-NoHead\")]/div[1]/div[5]/div[2]/span"}
RESULT: {"using":"xpath","value":"//section[contains(@id,\"FC-NoHead\")]/div[1]/div[5]/div[2]/span"}
COMMAND: POST /session/a414a6ae85a434897fa1c9da3096b959/elements - {"using":"xpath","value":"//section[contains(@id,\"FC-NoHead\")]/div[1]/div[5]/div[2]/span"}
RESULT: {"using":"xpath","value":"//section[contains(@id,\"FC-NoHead\")]/div[1]/div[5]/div[2]/span"}
COMMAND: POST /session/a414a6ae85a434897fa1c9da3096b959/elements - {"using":"xpath","value":"//section[contains(@id,\"FC-NoHead\")]/div[1]/div[5]/div[2]/span"}
RESULT: {"using":"xpath","value":"//section[contains(@id,\"FC-NoHead\")]/div[1]/div[5]/div[2]/span"}
COMMAND: POST /session/a414a6ae85a434897fa1c9da3096b959/elements - {"using":"xpath","value":"//section[contains(@id,\"FC-NoHead\")]/div[1]/div[5]/div[2]/span"}
RESULT: {"using":"xpath","value":"//section[contains(@id,\"FC-NoHead\")]/div[1]/div[5]/div[2]/span"}
COMMAND: POST /session/a414a6ae85a434897fa1c9da3096b959/elements - {"using":"xpath","value":"//section[contains(@id,\"FC-NoHead\")]/div[1]/div[5]/div[2]/span"}
RESULT: {"using":"xpath","value":"//section[contains(@id,\"FC-NoHead\")]/div[1]/div[5]/div[2]/span"}
COMMAND: POST /session/a414a6ae85a434897fa1c9da3096b959/elements - {"using":"xpath","value":"//section[contains(@id,\"FC-NoHead\")]/div[1]/div[5]/div[2]/span"}
RESULT: {"using":"xpath","value":"//section[contains(@id,\"FC-NoHead\")]/div[1]/div[5]/div[2]/span"}
COMMAND: POST /session/a414a6ae85a434897fa1c9da3096b959/elements - {"using":"xpath","value":"//section[contains(@id,\"FC-NoHead\")]/div[1]/div[5]/div[2]/span"}
RESULT: {"using":"xpath","value":"//section[contains(@id,\"FC-NoHead\")]/div[1]/div[5]/div[2]/span"}
COMMAND: POST /session/a414a6ae85a434897fa1c9da3096b959/elements - {"using":"xpath","value":"//section[contains(@id,\"FC-NoHead\")]/div[1]/div[5]/div[2]/span"}
COMMAND: GET /session/a414a6ae85a434897fa1c9da3096b959/screenshot - {}
RESULT: {"using":"xpath","value":"//section[contains(@id,\"FC-NoHead\")]/div[1]/div[5]/div[2]/span"}
RESULT: {}
]]></system-out>
      <system-err><![CDATA[
Error: element ("//section[contains(@id,"FC-NoHead")]/div[1]/div[5]/div[2]/span") still not existing after 45000ms
    at async Context.<anonymous> (D:\a\1\s\test\specs\HTR\return-from-site-w-warehouse-management-w-clarification.spec.js:219:9)
]]></system-err>
    </testcase>
    <testcase classname="chrome.136_0_7103_93.windows.Return_from_Site_w/_warehouse_management_w_clarification" name="Should test for Clarification" time="89.125">
      <failure/>
      <error message="Can't call click on element with selector &quot;//span[(text() = 'null' or . = 'null')]&quot; because element wasn't found"/>
      <system-out><![CDATA[
COMMAND: GET /session/a414a6ae85a434897fa1c9da3096b959/screenshot - {}
RESULT: undefined
COMMAND: POST /session/a414a6ae85a434897fa1c9da3096b959/element - {"using":"xpath","value":"//*[@id=\"__tile132\"]"}
RESULT: {}
RESULT: {"using":"xpath","value":"//*[@id=\"__tile132\"]"}
COMMAND: POST /session/a414a6ae85a434897fa1c9da3096b959/element/f.63F842937ABE5650621AFC3910BCBB57.d.0AC0C2FE2C3AE0BB893DA9CD876513AF.e.10732/click - {}
COMMAND: POST /session/a414a6ae85a434897fa1c9da3096b959/elements - {"using":"xpath","value":"//span[text()='Error']"}
RESULT: {"using":"xpath","value":"//span[text()='Error']"}
COMMAND: POST /session/a414a6ae85a434897fa1c9da3096b959/execute/async - {"script":"<script> [1562 bytes]","args":[{"selector":{"controlType":"sap.m.SearchField","viewName":"etm.portal.ui.managehandovers.view.MasterHO","bindingPath":{"propertyPath":"/_BASIC_SEARCH_FIELD","modelName":"fi1t3rM0d31"},"interaction":{"idSuffix":"I"}},"wdio_ui5_key":"etmportal.ui.managehandovers.view.MasterHOsap.m.SearchField{\"propertyPath\":\"/_BASIC_SEARCH_FIELD\",\"modelName\":\"fi1t3rM0d31\"}"}]}
RESULT: {"script":"<script> [1562 bytes]","args":[{"selector":{"controlType":"sap.m.SearchField","viewName":"etm.portal.ui.managehandovers.view.MasterHO","bindingPath":{"propertyPath":"/_BASIC_SEARCH_FIELD","modelName":"fi1t3rM0d31"},"interaction":{"idSuffix":"I"}},"wdio_ui5_key":"etmportal.ui.managehandovers.view.MasterHOsap.m.SearchField{\"propertyPath\":\"/_BASIC_SEARCH_FIELD\",\"modelName\":\"fi1t3rM0d31\"}"}]}
RESULT: undefined
COMMAND: POST /session/a414a6ae85a434897fa1c9da3096b959/execute/async - {"script":"<script> [776 bytes]","args":[{"enterText":null,"selector":{"controlType":"sap.m.SearchField","viewName":"etm.portal.ui.managehandovers.view.MasterHO","bindingPath":{"propertyPath":"/_BASIC_SEARCH_FIELD","modelName":"fi1t3rM0d31"},"interaction":{"idSuffix":"I"}},"clearTextFirst":true,"interactionType":"ENTER_TEXT"}]}
RESULT: {"script":"<script> [776 bytes]","args":[{"enterText":null,"selector":{"controlType":"sap.m.SearchField","viewName":"etm.portal.ui.managehandovers.view.MasterHO","bindingPath":{"propertyPath":"/_BASIC_SEARCH_FIELD","modelName":"fi1t3rM0d31"},"interaction":{"idSuffix":"I"}},"clearTextFirst":true,"interactionType":"ENTER_TEXT"}]}
COMMAND: POST /session/a414a6ae85a434897fa1c9da3096b959/actions - {"actions":[{"id":"action34","type":"key","parameters":{},"actions":[{"type":"keyDown","value":""},{"type":"pause","duration":10},{"type":"keyUp","value":""}]}]}
RESULT: {"actions":[{"id":"action34","type":"key","parameters":{},"actions":[{"type":"keyDown","value":""},{"type":"pause","duration":10},{"type":"keyUp","value":""}]}]}
COMMAND: GET /session/a414a6ae85a434897fa1c9da3096b959/screenshot - {}
RESULT: {}
COMMAND: POST /session/a414a6ae85a434897fa1c9da3096b959/element - {"using":"xpath","value":"//span[(text() = 'null' or . = 'null')]"}
RESULT: {"using":"xpath","value":"//span[(text() = 'null' or . = 'null')]"}
COMMAND: POST /session/a414a6ae85a434897fa1c9da3096b959/elements - {"using":"xpath","value":"//span[(text() = 'null' or . = 'null')]"}
RESULT: {"using":"xpath","value":"//span[(text() = 'null' or . = 'null')]"}
COMMAND: POST /session/a414a6ae85a434897fa1c9da3096b959/elements - {"using":"xpath","value":"//span[(text() = 'null' or . = 'null')]"}
RESULT: {"using":"xpath","value":"//span[(text() = 'null' or . = 'null')]"}
COMMAND: POST /session/a414a6ae85a434897fa1c9da3096b959/elements - {"using":"xpath","value":"//span[(text() = 'null' or . = 'null')]"}
RESULT: {"using":"xpath","value":"//span[(text() = 'null' or . = 'null')]"}
COMMAND: POST /session/a414a6ae85a434897fa1c9da3096b959/elements - {"using":"xpath","value":"//span[(text() = 'null' or . = 'null')]"}
RESULT: {"using":"xpath","value":"//span[(text() = 'null' or . = 'null')]"}
COMMAND: POST /session/a414a6ae85a434897fa1c9da3096b959/elements - {"using":"xpath","value":"//span[(text() = 'null' or . = 'null')]"}
RESULT: {"using":"xpath","value":"//span[(text() = 'null' or . = 'null')]"}
COMMAND: POST /session/a414a6ae85a434897fa1c9da3096b959/elements - {"using":"xpath","value":"//span[(text() = 'null' or . = 'null')]"}
RESULT: {"using":"xpath","value":"//span[(text() = 'null' or . = 'null')]"}
COMMAND: POST /session/a414a6ae85a434897fa1c9da3096b959/elements - {"using":"xpath","value":"//span[(text() = 'null' or . = 'null')]"}
RESULT: {"using":"xpath","value":"//span[(text() = 'null' or . = 'null')]"}
COMMAND: POST /session/a414a6ae85a434897fa1c9da3096b959/elements - {"using":"xpath","value":"//span[(text() = 'null' or . = 'null')]"}
RESULT: {"using":"xpath","value":"//span[(text() = 'null' or . = 'null')]"}
COMMAND: POST /session/a414a6ae85a434897fa1c9da3096b959/elements - {"using":"xpath","value":"//span[(text() = 'null' or . = 'null')]"}
RESULT: {"using":"xpath","value":"//span[(text() = 'null' or . = 'null')]"}
COMMAND: POST /session/a414a6ae85a434897fa1c9da3096b959/elements - {"using":"xpath","value":"//span[(text() = 'null' or . = 'null')]"}
RESULT: {"using":"xpath","value":"//span[(text() = 'null' or . = 'null')]"}
COMMAND: POST /session/a414a6ae85a434897fa1c9da3096b959/elements - {"using":"xpath","value":"//span[(text() = 'null' or . = 'null')]"}
RESULT: {"using":"xpath","value":"//span[(text() = 'null' or . = 'null')]"}
COMMAND: POST /session/a414a6ae85a434897fa1c9da3096b959/elements - {"using":"xpath","value":"//span[(text() = 'null' or . = 'null')]"}
RESULT: {"using":"xpath","value":"//span[(text() = 'null' or . = 'null')]"}
COMMAND: POST /session/a414a6ae85a434897fa1c9da3096b959/elements - {"using":"xpath","value":"//span[(text() = 'null' or . = 'null')]"}
RESULT: {"using":"xpath","value":"//span[(text() = 'null' or . = 'null')]"}
COMMAND: POST /session/a414a6ae85a434897fa1c9da3096b959/elements - {"using":"xpath","value":"//span[(text() = 'null' or . = 'null')]"}
RESULT: {"using":"xpath","value":"//span[(text() = 'null' or . = 'null')]"}
COMMAND: POST /session/a414a6ae85a434897fa1c9da3096b959/elements - {"using":"xpath","value":"//span[(text() = 'null' or . = 'null')]"}
RESULT: {"using":"xpath","value":"//span[(text() = 'null' or . = 'null')]"}
COMMAND: POST /session/a414a6ae85a434897fa1c9da3096b959/elements - {"using":"xpath","value":"//span[(text() = 'null' or . = 'null')]"}
RESULT: {"using":"xpath","value":"//span[(text() = 'null' or . = 'null')]"}
COMMAND: POST /session/a414a6ae85a434897fa1c9da3096b959/elements - {"using":"xpath","value":"//span[(text() = 'null' or . = 'null')]"}
RESULT: {"using":"xpath","value":"//span[(text() = 'null' or . = 'null')]"}
COMMAND: POST /session/a414a6ae85a434897fa1c9da3096b959/elements - {"using":"xpath","value":"//span[(text() = 'null' or . = 'null')]"}
RESULT: {"using":"xpath","value":"//span[(text() = 'null' or . = 'null')]"}
COMMAND: POST /session/a414a6ae85a434897fa1c9da3096b959/elements - {"using":"xpath","value":"//span[(text() = 'null' or . = 'null')]"}
RESULT: {"using":"xpath","value":"//span[(text() = 'null' or . = 'null')]"}
COMMAND: POST /session/a414a6ae85a434897fa1c9da3096b959/elements - {"using":"xpath","value":"//span[(text() = 'null' or . = 'null')]"}
RESULT: {"using":"xpath","value":"//span[(text() = 'null' or . = 'null')]"}
COMMAND: POST /session/a414a6ae85a434897fa1c9da3096b959/elements - {"using":"xpath","value":"//span[(text() = 'null' or . = 'null')]"}
RESULT: {"using":"xpath","value":"//span[(text() = 'null' or . = 'null')]"}
COMMAND: POST /session/a414a6ae85a434897fa1c9da3096b959/elements - {"using":"xpath","value":"//span[(text() = 'null' or . = 'null')]"}
RESULT: {"using":"xpath","value":"//span[(text() = 'null' or . = 'null')]"}
COMMAND: POST /session/a414a6ae85a434897fa1c9da3096b959/elements - {"using":"xpath","value":"//span[(text() = 'null' or . = 'null')]"}
RESULT: {"using":"xpath","value":"//span[(text() = 'null' or . = 'null')]"}
COMMAND: POST /session/a414a6ae85a434897fa1c9da3096b959/elements - {"using":"xpath","value":"//span[(text() = 'null' or . = 'null')]"}
RESULT: {"using":"xpath","value":"//span[(text() = 'null' or . = 'null')]"}
COMMAND: POST /session/a414a6ae85a434897fa1c9da3096b959/elements - {"using":"xpath","value":"//span[(text() = 'null' or . = 'null')]"}
RESULT: {"using":"xpath","value":"//span[(text() = 'null' or . = 'null')]"}
COMMAND: POST /session/a414a6ae85a434897fa1c9da3096b959/elements - {"using":"xpath","value":"//span[(text() = 'null' or . = 'null')]"}
RESULT: {"using":"xpath","value":"//span[(text() = 'null' or . = 'null')]"}
COMMAND: POST /session/a414a6ae85a434897fa1c9da3096b959/elements - {"using":"xpath","value":"//span[(text() = 'null' or . = 'null')]"}
RESULT: {"using":"xpath","value":"//span[(text() = 'null' or . = 'null')]"}
COMMAND: POST /session/a414a6ae85a434897fa1c9da3096b959/elements - {"using":"xpath","value":"//span[(text() = 'null' or . = 'null')]"}
RESULT: {"using":"xpath","value":"//span[(text() = 'null' or . = 'null')]"}
COMMAND: POST /session/a414a6ae85a434897fa1c9da3096b959/elements - {"using":"xpath","value":"//span[(text() = 'null' or . = 'null')]"}
RESULT: {"using":"xpath","value":"//span[(text() = 'null' or . = 'null')]"}
COMMAND: POST /session/a414a6ae85a434897fa1c9da3096b959/elements - {"using":"xpath","value":"//span[(text() = 'null' or . = 'null')]"}
RESULT: {"using":"xpath","value":"//span[(text() = 'null' or . = 'null')]"}
COMMAND: POST /session/a414a6ae85a434897fa1c9da3096b959/elements - {"using":"xpath","value":"//span[(text() = 'null' or . = 'null')]"}
RESULT: {"using":"xpath","value":"//span[(text() = 'null' or . = 'null')]"}
COMMAND: POST /session/a414a6ae85a434897fa1c9da3096b959/elements - {"using":"xpath","value":"//span[(text() = 'null' or . = 'null')]"}
RESULT: {"using":"xpath","value":"//span[(text() = 'null' or . = 'null')]"}
COMMAND: POST /session/a414a6ae85a434897fa1c9da3096b959/elements - {"using":"xpath","value":"//span[(text() = 'null' or . = 'null')]"}
RESULT: {"using":"xpath","value":"//span[(text() = 'null' or . = 'null')]"}
COMMAND: POST /session/a414a6ae85a434897fa1c9da3096b959/elements - {"using":"xpath","value":"//span[(text() = 'null' or . = 'null')]"}
RESULT: {"using":"xpath","value":"//span[(text() = 'null' or . = 'null')]"}
COMMAND: POST /session/a414a6ae85a434897fa1c9da3096b959/elements - {"using":"xpath","value":"//span[(text() = 'null' or . = 'null')]"}
RESULT: {"using":"xpath","value":"//span[(text() = 'null' or . = 'null')]"}
COMMAND: POST /session/a414a6ae85a434897fa1c9da3096b959/elements - {"using":"xpath","value":"//span[(text() = 'null' or . = 'null')]"}
RESULT: {"using":"xpath","value":"//span[(text() = 'null' or . = 'null')]"}
COMMAND: POST /session/a414a6ae85a434897fa1c9da3096b959/elements - {"using":"xpath","value":"//span[(text() = 'null' or . = 'null')]"}
RESULT: {"using":"xpath","value":"//span[(text() = 'null' or . = 'null')]"}
COMMAND: POST /session/a414a6ae85a434897fa1c9da3096b959/elements - {"using":"xpath","value":"//span[(text() = 'null' or . = 'null')]"}
RESULT: {"using":"xpath","value":"//span[(text() = 'null' or . = 'null')]"}
COMMAND: POST /session/a414a6ae85a434897fa1c9da3096b959/elements - {"using":"xpath","value":"//span[(text() = 'null' or . = 'null')]"}
RESULT: {"using":"xpath","value":"//span[(text() = 'null' or . = 'null')]"}
COMMAND: POST /session/a414a6ae85a434897fa1c9da3096b959/elements - {"using":"xpath","value":"//span[(text() = 'null' or . = 'null')]"}
RESULT: {"using":"xpath","value":"//span[(text() = 'null' or . = 'null')]"}
COMMAND: POST /session/a414a6ae85a434897fa1c9da3096b959/elements - {"using":"xpath","value":"//span[(text() = 'null' or . = 'null')]"}
RESULT: {"using":"xpath","value":"//span[(text() = 'null' or . = 'null')]"}
COMMAND: POST /session/a414a6ae85a434897fa1c9da3096b959/elements - {"using":"xpath","value":"//span[(text() = 'null' or . = 'null')]"}
RESULT: {"using":"xpath","value":"//span[(text() = 'null' or . = 'null')]"}
COMMAND: POST /session/a414a6ae85a434897fa1c9da3096b959/elements - {"using":"xpath","value":"//span[(text() = 'null' or . = 'null')]"}
RESULT: {"using":"xpath","value":"//span[(text() = 'null' or . = 'null')]"}
COMMAND: POST /session/a414a6ae85a434897fa1c9da3096b959/elements - {"using":"xpath","value":"//span[(text() = 'null' or . = 'null')]"}
RESULT: {"using":"xpath","value":"//span[(text() = 'null' or . = 'null')]"}
COMMAND: POST /session/a414a6ae85a434897fa1c9da3096b959/elements - {"using":"xpath","value":"//span[(text() = 'null' or . = 'null')]"}
RESULT: {"using":"xpath","value":"//span[(text() = 'null' or . = 'null')]"}
COMMAND: POST /session/a414a6ae85a434897fa1c9da3096b959/elements - {"using":"xpath","value":"//span[(text() = 'null' or . = 'null')]"}
RESULT: {"using":"xpath","value":"//span[(text() = 'null' or . = 'null')]"}
COMMAND: POST /session/a414a6ae85a434897fa1c9da3096b959/elements - {"using":"xpath","value":"//span[(text() = 'null' or . = 'null')]"}
RESULT: {"using":"xpath","value":"//span[(text() = 'null' or . = 'null')]"}
COMMAND: POST /session/a414a6ae85a434897fa1c9da3096b959/elements - {"using":"xpath","value":"//span[(text() = 'null' or . = 'null')]"}
RESULT: {"using":"xpath","value":"//span[(text() = 'null' or . = 'null')]"}
COMMAND: POST /session/a414a6ae85a434897fa1c9da3096b959/elements - {"using":"xpath","value":"//span[(text() = 'null' or . = 'null')]"}
RESULT: {"using":"xpath","value":"//span[(text() = 'null' or . = 'null')]"}
COMMAND: POST /session/a414a6ae85a434897fa1c9da3096b959/elements - {"using":"xpath","value":"//span[(text() = 'null' or . = 'null')]"}
RESULT: {"using":"xpath","value":"//span[(text() = 'null' or . = 'null')]"}
COMMAND: POST /session/a414a6ae85a434897fa1c9da3096b959/elements - {"using":"xpath","value":"//span[(text() = 'null' or . = 'null')]"}
RESULT: {"using":"xpath","value":"//span[(text() = 'null' or . = 'null')]"}
COMMAND: POST /session/a414a6ae85a434897fa1c9da3096b959/elements - {"using":"xpath","value":"//span[(text() = 'null' or . = 'null')]"}
RESULT: {"using":"xpath","value":"//span[(text() = 'null' or . = 'null')]"}
COMMAND: POST /session/a414a6ae85a434897fa1c9da3096b959/elements - {"using":"xpath","value":"//span[(text() = 'null' or . = 'null')]"}
RESULT: {"using":"xpath","value":"//span[(text() = 'null' or . = 'null')]"}
COMMAND: POST /session/a414a6ae85a434897fa1c9da3096b959/elements - {"using":"xpath","value":"//span[(text() = 'null' or . = 'null')]"}
RESULT: {"using":"xpath","value":"//span[(text() = 'null' or . = 'null')]"}
COMMAND: POST /session/a414a6ae85a434897fa1c9da3096b959/elements - {"using":"xpath","value":"//span[(text() = 'null' or . = 'null')]"}
RESULT: {"using":"xpath","value":"//span[(text() = 'null' or . = 'null')]"}
COMMAND: POST /session/a414a6ae85a434897fa1c9da3096b959/elements - {"using":"xpath","value":"//span[(text() = 'null' or . = 'null')]"}
RESULT: {"using":"xpath","value":"//span[(text() = 'null' or . = 'null')]"}
COMMAND: POST /session/a414a6ae85a434897fa1c9da3096b959/elements - {"using":"xpath","value":"//span[(text() = 'null' or . = 'null')]"}
RESULT: {"using":"xpath","value":"//span[(text() = 'null' or . = 'null')]"}
COMMAND: POST /session/a414a6ae85a434897fa1c9da3096b959/elements - {"using":"xpath","value":"//span[(text() = 'null' or . = 'null')]"}
RESULT: {"using":"xpath","value":"//span[(text() = 'null' or . = 'null')]"}
COMMAND: POST /session/a414a6ae85a434897fa1c9da3096b959/elements - {"using":"xpath","value":"//span[(text() = 'null' or . = 'null')]"}
RESULT: {"using":"xpath","value":"//span[(text() = 'null' or . = 'null')]"}
COMMAND: POST /session/a414a6ae85a434897fa1c9da3096b959/elements - {"using":"xpath","value":"//span[(text() = 'null' or . = 'null')]"}
RESULT: {"using":"xpath","value":"//span[(text() = 'null' or . = 'null')]"}
COMMAND: POST /session/a414a6ae85a434897fa1c9da3096b959/elements - {"using":"xpath","value":"//span[(text() = 'null' or . = 'null')]"}
RESULT: {"using":"xpath","value":"//span[(text() = 'null' or . = 'null')]"}
COMMAND: POST /session/a414a6ae85a434897fa1c9da3096b959/elements - {"using":"xpath","value":"//span[(text() = 'null' or . = 'null')]"}
RESULT: {"using":"xpath","value":"//span[(text() = 'null' or . = 'null')]"}
COMMAND: POST /session/a414a6ae85a434897fa1c9da3096b959/elements - {"using":"xpath","value":"//span[(text() = 'null' or . = 'null')]"}
RESULT: {"using":"xpath","value":"//span[(text() = 'null' or . = 'null')]"}
COMMAND: POST /session/a414a6ae85a434897fa1c9da3096b959/elements - {"using":"xpath","value":"//span[(text() = 'null' or . = 'null')]"}
RESULT: {"using":"xpath","value":"//span[(text() = 'null' or . = 'null')]"}
COMMAND: POST /session/a414a6ae85a434897fa1c9da3096b959/elements - {"using":"xpath","value":"//span[(text() = 'null' or . = 'null')]"}
RESULT: {"using":"xpath","value":"//span[(text() = 'null' or . = 'null')]"}
COMMAND: POST /session/a414a6ae85a434897fa1c9da3096b959/elements - {"using":"xpath","value":"//span[(text() = 'null' or . = 'null')]"}
RESULT: {"using":"xpath","value":"//span[(text() = 'null' or . = 'null')]"}
COMMAND: POST /session/a414a6ae85a434897fa1c9da3096b959/elements - {"using":"xpath","value":"//span[(text() = 'null' or . = 'null')]"}
RESULT: {"using":"xpath","value":"//span[(text() = 'null' or . = 'null')]"}
COMMAND: POST /session/a414a6ae85a434897fa1c9da3096b959/elements - {"using":"xpath","value":"//span[(text() = 'null' or . = 'null')]"}
RESULT: {"using":"xpath","value":"//span[(text() = 'null' or . = 'null')]"}
COMMAND: POST /session/a414a6ae85a434897fa1c9da3096b959/elements - {"using":"xpath","value":"//span[(text() = 'null' or . = 'null')]"}
RESULT: {"using":"xpath","value":"//span[(text() = 'null' or . = 'null')]"}
COMMAND: POST /session/a414a6ae85a434897fa1c9da3096b959/elements - {"using":"xpath","value":"//span[(text() = 'null' or . = 'null')]"}
RESULT: {"using":"xpath","value":"//span[(text() = 'null' or . = 'null')]"}
COMMAND: POST /session/a414a6ae85a434897fa1c9da3096b959/elements - {"using":"xpath","value":"//span[(text() = 'null' or . = 'null')]"}
RESULT: {"using":"xpath","value":"//span[(text() = 'null' or . = 'null')]"}
COMMAND: POST /session/a414a6ae85a434897fa1c9da3096b959/elements - {"using":"xpath","value":"//span[(text() = 'null' or . = 'null')]"}
RESULT: {"using":"xpath","value":"//span[(text() = 'null' or . = 'null')]"}
COMMAND: POST /session/a414a6ae85a434897fa1c9da3096b959/elements - {"using":"xpath","value":"//span[(text() = 'null' or . = 'null')]"}
RESULT: {"using":"xpath","value":"//span[(text() = 'null' or . = 'null')]"}
COMMAND: POST /session/a414a6ae85a434897fa1c9da3096b959/elements - {"using":"xpath","value":"//span[(text() = 'null' or . = 'null')]"}
RESULT: {"using":"xpath","value":"//span[(text() = 'null' or . = 'null')]"}
COMMAND: POST /session/a414a6ae85a434897fa1c9da3096b959/elements - {"using":"xpath","value":"//span[(text() = 'null' or . = 'null')]"}
RESULT: {"using":"xpath","value":"//span[(text() = 'null' or . = 'null')]"}
COMMAND: POST /session/a414a6ae85a434897fa1c9da3096b959/elements - {"using":"xpath","value":"//span[(text() = 'null' or . = 'null')]"}
RESULT: {"using":"xpath","value":"//span[(text() = 'null' or . = 'null')]"}
COMMAND: POST /session/a414a6ae85a434897fa1c9da3096b959/elements - {"using":"xpath","value":"//span[(text() = 'null' or . = 'null')]"}
RESULT: {"using":"xpath","value":"//span[(text() = 'null' or . = 'null')]"}
COMMAND: POST /session/a414a6ae85a434897fa1c9da3096b959/elements - {"using":"xpath","value":"//span[(text() = 'null' or . = 'null')]"}
RESULT: {"using":"xpath","value":"//span[(text() = 'null' or . = 'null')]"}
COMMAND: POST /session/a414a6ae85a434897fa1c9da3096b959/elements - {"using":"xpath","value":"//span[(text() = 'null' or . = 'null')]"}
RESULT: {"using":"xpath","value":"//span[(text() = 'null' or . = 'null')]"}
COMMAND: POST /session/a414a6ae85a434897fa1c9da3096b959/elements - {"using":"xpath","value":"//span[(text() = 'null' or . = 'null')]"}
RESULT: {"using":"xpath","value":"//span[(text() = 'null' or . = 'null')]"}
COMMAND: POST /session/a414a6ae85a434897fa1c9da3096b959/elements - {"using":"xpath","value":"//span[(text() = 'null' or . = 'null')]"}
RESULT: {"using":"xpath","value":"//span[(text() = 'null' or . = 'null')]"}
COMMAND: POST /session/a414a6ae85a434897fa1c9da3096b959/elements - {"using":"xpath","value":"//span[(text() = 'null' or . = 'null')]"}
RESULT: {"using":"xpath","value":"//span[(text() = 'null' or . = 'null')]"}
COMMAND: POST /session/a414a6ae85a434897fa1c9da3096b959/elements - {"using":"xpath","value":"//span[(text() = 'null' or . = 'null')]"}
RESULT: {"using":"xpath","value":"//span[(text() = 'null' or . = 'null')]"}
COMMAND: POST /session/a414a6ae85a434897fa1c9da3096b959/elements - {"using":"xpath","value":"//span[(text() = 'null' or . = 'null')]"}
RESULT: {"using":"xpath","value":"//span[(text() = 'null' or . = 'null')]"}
COMMAND: POST /session/a414a6ae85a434897fa1c9da3096b959/elements - {"using":"xpath","value":"//span[(text() = 'null' or . = 'null')]"}
RESULT: {"using":"xpath","value":"//span[(text() = 'null' or . = 'null')]"}
COMMAND: POST /session/a414a6ae85a434897fa1c9da3096b959/elements - {"using":"xpath","value":"//span[(text() = 'null' or . = 'null')]"}
RESULT: {"using":"xpath","value":"//span[(text() = 'null' or . = 'null')]"}
COMMAND: POST /session/a414a6ae85a434897fa1c9da3096b959/elements - {"using":"xpath","value":"//span[(text() = 'null' or . = 'null')]"}
RESULT: {"using":"xpath","value":"//span[(text() = 'null' or . = 'null')]"}
COMMAND: POST /session/a414a6ae85a434897fa1c9da3096b959/elements - {"using":"xpath","value":"//span[(text() = 'null' or . = 'null')]"}
RESULT: {"using":"xpath","value":"//span[(text() = 'null' or . = 'null')]"}
COMMAND: POST /session/a414a6ae85a434897fa1c9da3096b959/elements - {"using":"xpath","value":"//span[(text() = 'null' or . = 'null')]"}
RESULT: {"using":"xpath","value":"//span[(text() = 'null' or . = 'null')]"}
COMMAND: POST /session/a414a6ae85a434897fa1c9da3096b959/elements - {"using":"xpath","value":"//span[(text() = 'null' or . = 'null')]"}
RESULT: {"using":"xpath","value":"//span[(text() = 'null' or . = 'null')]"}
COMMAND: POST /session/a414a6ae85a434897fa1c9da3096b959/elements - {"using":"xpath","value":"//span[(text() = 'null' or . = 'null')]"}
RESULT: {"using":"xpath","value":"//span[(text() = 'null' or . = 'null')]"}
COMMAND: POST /session/a414a6ae85a434897fa1c9da3096b959/elements - {"using":"xpath","value":"//span[(text() = 'null' or . = 'null')]"}
RESULT: {"using":"xpath","value":"//span[(text() = 'null' or . = 'null')]"}
COMMAND: POST /session/a414a6ae85a434897fa1c9da3096b959/elements - {"using":"xpath","value":"//span[(text() = 'null' or . = 'null')]"}
RESULT: {"using":"xpath","value":"//span[(text() = 'null' or . = 'null')]"}
COMMAND: POST /session/a414a6ae85a434897fa1c9da3096b959/elements - {"using":"xpath","value":"//span[(text() = 'null' or . = 'null')]"}
RESULT: {"using":"xpath","value":"//span[(text() = 'null' or . = 'null')]"}
COMMAND: POST /session/a414a6ae85a434897fa1c9da3096b959/elements - {"using":"xpath","value":"//span[(text() = 'null' or . = 'null')]"}
RESULT: {"using":"xpath","value":"//span[(text() = 'null' or . = 'null')]"}
COMMAND: POST /session/a414a6ae85a434897fa1c9da3096b959/elements - {"using":"xpath","value":"//span[(text() = 'null' or . = 'null')]"}
RESULT: {"using":"xpath","value":"//span[(text() = 'null' or . = 'null')]"}
COMMAND: POST /session/a414a6ae85a434897fa1c9da3096b959/elements - {"using":"xpath","value":"//span[(text() = 'null' or . = 'null')]"}
RESULT: {"using":"xpath","value":"//span[(text() = 'null' or . = 'null')]"}
COMMAND: POST /session/a414a6ae85a434897fa1c9da3096b959/elements - {"using":"xpath","value":"//span[(text() = 'null' or . = 'null')]"}
RESULT: {"using":"xpath","value":"//span[(text() = 'null' or . = 'null')]"}
COMMAND: POST /session/a414a6ae85a434897fa1c9da3096b959/elements - {"using":"xpath","value":"//span[(text() = 'null' or . = 'null')]"}
RESULT: {"using":"xpath","value":"//span[(text() = 'null' or . = 'null')]"}
COMMAND: POST /session/a414a6ae85a434897fa1c9da3096b959/elements - {"using":"xpath","value":"//span[(text() = 'null' or . = 'null')]"}
RESULT: {"using":"xpath","value":"//span[(text() = 'null' or . = 'null')]"}
COMMAND: POST /session/a414a6ae85a434897fa1c9da3096b959/elements - {"using":"xpath","value":"//span[(text() = 'null' or . = 'null')]"}
RESULT: {"using":"xpath","value":"//span[(text() = 'null' or . = 'null')]"}
COMMAND: POST /session/a414a6ae85a434897fa1c9da3096b959/elements - {"using":"xpath","value":"//span[(text() = 'null' or . = 'null')]"}
RESULT: {"using":"xpath","value":"//span[(text() = 'null' or . = 'null')]"}
COMMAND: POST /session/a414a6ae85a434897fa1c9da3096b959/elements - {"using":"xpath","value":"//span[(text() = 'null' or . = 'null')]"}
RESULT: {"using":"xpath","value":"//span[(text() = 'null' or . = 'null')]"}
COMMAND: POST /session/a414a6ae85a434897fa1c9da3096b959/elements - {"using":"xpath","value":"//span[(text() = 'null' or . = 'null')]"}
RESULT: {"using":"xpath","value":"//span[(text() = 'null' or . = 'null')]"}
COMMAND: POST /session/a414a6ae85a434897fa1c9da3096b959/elements - {"using":"xpath","value":"//span[(text() = 'null' or . = 'null')]"}
RESULT: {"using":"xpath","value":"//span[(text() = 'null' or . = 'null')]"}
COMMAND: POST /session/a414a6ae85a434897fa1c9da3096b959/elements - {"using":"xpath","value":"//span[(text() = 'null' or . = 'null')]"}
RESULT: {"using":"xpath","value":"//span[(text() = 'null' or . = 'null')]"}
COMMAND: POST /session/a414a6ae85a434897fa1c9da3096b959/elements - {"using":"xpath","value":"//span[(text() = 'null' or . = 'null')]"}
RESULT: {"using":"xpath","value":"//span[(text() = 'null' or . = 'null')]"}
COMMAND: POST /session/a414a6ae85a434897fa1c9da3096b959/elements - {"using":"xpath","value":"//span[(text() = 'null' or . = 'null')]"}
RESULT: {"using":"xpath","value":"//span[(text() = 'null' or . = 'null')]"}
COMMAND: POST /session/a414a6ae85a434897fa1c9da3096b959/elements - {"using":"xpath","value":"//span[(text() = 'null' or . = 'null')]"}
RESULT: {"using":"xpath","value":"//span[(text() = 'null' or . = 'null')]"}
COMMAND: POST /session/a414a6ae85a434897fa1c9da3096b959/elements - {"using":"xpath","value":"//span[(text() = 'null' or . = 'null')]"}
RESULT: {"using":"xpath","value":"//span[(text() = 'null' or . = 'null')]"}
COMMAND: POST /session/a414a6ae85a434897fa1c9da3096b959/elements - {"using":"xpath","value":"//span[(text() = 'null' or . = 'null')]"}
RESULT: {"using":"xpath","value":"//span[(text() = 'null' or . = 'null')]"}
COMMAND: POST /session/a414a6ae85a434897fa1c9da3096b959/elements - {"using":"xpath","value":"//span[(text() = 'null' or . = 'null')]"}
RESULT: {"using":"xpath","value":"//span[(text() = 'null' or . = 'null')]"}
COMMAND: POST /session/a414a6ae85a434897fa1c9da3096b959/elements - {"using":"xpath","value":"//span[(text() = 'null' or . = 'null')]"}
RESULT: {"using":"xpath","value":"//span[(text() = 'null' or . = 'null')]"}
COMMAND: POST /session/a414a6ae85a434897fa1c9da3096b959/elements - {"using":"xpath","value":"//span[(text() = 'null' or . = 'null')]"}
RESULT: {"using":"xpath","value":"//span[(text() = 'null' or . = 'null')]"}
COMMAND: POST /session/a414a6ae85a434897fa1c9da3096b959/elements - {"using":"xpath","value":"//span[(text() = 'null' or . = 'null')]"}
RESULT: {"using":"xpath","value":"//span[(text() = 'null' or . = 'null')]"}
COMMAND: POST /session/a414a6ae85a434897fa1c9da3096b959/elements - {"using":"xpath","value":"//span[(text() = 'null' or . = 'null')]"}
RESULT: {"using":"xpath","value":"//span[(text() = 'null' or . = 'null')]"}
COMMAND: POST /session/a414a6ae85a434897fa1c9da3096b959/elements - {"using":"xpath","value":"//span[(text() = 'null' or . = 'null')]"}
RESULT: {"using":"xpath","value":"//span[(text() = 'null' or . = 'null')]"}
COMMAND: POST /session/a414a6ae85a434897fa1c9da3096b959/elements - {"using":"xpath","value":"//span[(text() = 'null' or . = 'null')]"}
RESULT: {"using":"xpath","value":"//span[(text() = 'null' or . = 'null')]"}
COMMAND: POST /session/a414a6ae85a434897fa1c9da3096b959/elements - {"using":"xpath","value":"//span[(text() = 'null' or . = 'null')]"}
RESULT: {"using":"xpath","value":"//span[(text() = 'null' or . = 'null')]"}
COMMAND: POST /session/a414a6ae85a434897fa1c9da3096b959/elements - {"using":"xpath","value":"//span[(text() = 'null' or . = 'null')]"}
RESULT: {"using":"xpath","value":"//span[(text() = 'null' or . = 'null')]"}
COMMAND: POST /session/a414a6ae85a434897fa1c9da3096b959/elements - {"using":"xpath","value":"//span[(text() = 'null' or . = 'null')]"}
COMMAND: GET /session/a414a6ae85a434897fa1c9da3096b959/screenshot - {}
RESULT: {"using":"xpath","value":"//span[(text() = 'null' or . = 'null')]"}
RESULT: {}
]]></system-out>
      <system-err><![CDATA[
Error: Can't call click on element with selector "//span[(text() = 'null' or . = 'null')]" because element wasn't found
    at async Context.<anonymous> (D:\a\1\s\test\specs\HTR\return-from-site-w-warehouse-management-w-clarification.spec.js:381:9)
]]></system-err>
    </testcase>
    <testcase classname="chrome.136_0_7103_93.windows.Return_from_Site_w/_warehouse_management_w_clarification" name="Should do a return to site from the contracts screen in one step" time="60.601">
      <failure/>
      <error message="element (&quot;//button[@data-kt=&quot;addButton&quot;]&quot;) still not existing after 45000ms"/>
      <system-out><![CDATA[
COMMAND: GET /session/a414a6ae85a434897fa1c9da3096b959/screenshot - {}
RESULT: undefined
RESULT: {}
COMMAND: POST /session/a414a6ae85a434897fa1c9da3096b959/elements - {"using":"xpath","value":"//span[text()='Error']"}
RESULT: {"using":"xpath","value":"//span[text()='Error']"}
COMMAND: POST /session/a414a6ae85a434897fa1c9da3096b959/element - {"using":"xpath","value":"//button[@data-kt=\"addButton\"]"}
RESULT: {"using":"xpath","value":"//button[@data-kt=\"addButton\"]"}
COMMAND: POST /session/a414a6ae85a434897fa1c9da3096b959/elements - {"using":"xpath","value":"//button[@data-kt=\"addButton\"]"}
RESULT: {"using":"xpath","value":"//button[@data-kt=\"addButton\"]"}
COMMAND: POST /session/a414a6ae85a434897fa1c9da3096b959/elements - {"using":"xpath","value":"//button[@data-kt=\"addButton\"]"}
RESULT: {"using":"xpath","value":"//button[@data-kt=\"addButton\"]"}
COMMAND: POST /session/a414a6ae85a434897fa1c9da3096b959/elements - {"using":"xpath","value":"//button[@data-kt=\"addButton\"]"}
RESULT: {"using":"xpath","value":"//button[@data-kt=\"addButton\"]"}
COMMAND: POST /session/a414a6ae85a434897fa1c9da3096b959/elements - {"using":"xpath","value":"//button[@data-kt=\"addButton\"]"}
RESULT: {"using":"xpath","value":"//button[@data-kt=\"addButton\"]"}
COMMAND: POST /session/a414a6ae85a434897fa1c9da3096b959/elements - {"using":"xpath","value":"//button[@data-kt=\"addButton\"]"}
RESULT: {"using":"xpath","value":"//button[@data-kt=\"addButton\"]"}
COMMAND: POST /session/a414a6ae85a434897fa1c9da3096b959/elements - {"using":"xpath","value":"//button[@data-kt=\"addButton\"]"}
RESULT: {"using":"xpath","value":"//button[@data-kt=\"addButton\"]"}
COMMAND: POST /session/a414a6ae85a434897fa1c9da3096b959/elements - {"using":"xpath","value":"//button[@data-kt=\"addButton\"]"}
RESULT: {"using":"xpath","value":"//button[@data-kt=\"addButton\"]"}
COMMAND: POST /session/a414a6ae85a434897fa1c9da3096b959/elements - {"using":"xpath","value":"//button[@data-kt=\"addButton\"]"}
RESULT: {"using":"xpath","value":"//button[@data-kt=\"addButton\"]"}
COMMAND: POST /session/a414a6ae85a434897fa1c9da3096b959/elements - {"using":"xpath","value":"//button[@data-kt=\"addButton\"]"}
RESULT: {"using":"xpath","value":"//button[@data-kt=\"addButton\"]"}
COMMAND: POST /session/a414a6ae85a434897fa1c9da3096b959/elements - {"using":"xpath","value":"//button[@data-kt=\"addButton\"]"}
RESULT: {"using":"xpath","value":"//button[@data-kt=\"addButton\"]"}
COMMAND: POST /session/a414a6ae85a434897fa1c9da3096b959/elements - {"using":"xpath","value":"//button[@data-kt=\"addButton\"]"}
RESULT: {"using":"xpath","value":"//button[@data-kt=\"addButton\"]"}
COMMAND: POST /session/a414a6ae85a434897fa1c9da3096b959/elements - {"using":"xpath","value":"//button[@data-kt=\"addButton\"]"}
RESULT: {"using":"xpath","value":"//button[@data-kt=\"addButton\"]"}
COMMAND: POST /session/a414a6ae85a434897fa1c9da3096b959/elements - {"using":"xpath","value":"//button[@data-kt=\"addButton\"]"}
RESULT: {"using":"xpath","value":"//button[@data-kt=\"addButton\"]"}
COMMAND: POST /session/a414a6ae85a434897fa1c9da3096b959/elements - {"using":"xpath","value":"//button[@data-kt=\"addButton\"]"}
RESULT: {"using":"xpath","value":"//button[@data-kt=\"addButton\"]"}
COMMAND: POST /session/a414a6ae85a434897fa1c9da3096b959/elements - {"using":"xpath","value":"//button[@data-kt=\"addButton\"]"}
RESULT: {"using":"xpath","value":"//button[@data-kt=\"addButton\"]"}
COMMAND: POST /session/a414a6ae85a434897fa1c9da3096b959/elements - {"using":"xpath","value":"//button[@data-kt=\"addButton\"]"}
RESULT: {"using":"xpath","value":"//button[@data-kt=\"addButton\"]"}
COMMAND: POST /session/a414a6ae85a434897fa1c9da3096b959/elements - {"using":"xpath","value":"//button[@data-kt=\"addButton\"]"}
RESULT: {"using":"xpath","value":"//button[@data-kt=\"addButton\"]"}
COMMAND: POST /session/a414a6ae85a434897fa1c9da3096b959/elements - {"using":"xpath","value":"//button[@data-kt=\"addButton\"]"}
RESULT: {"using":"xpath","value":"//button[@data-kt=\"addButton\"]"}
COMMAND: POST /session/a414a6ae85a434897fa1c9da3096b959/elements - {"using":"xpath","value":"//button[@data-kt=\"addButton\"]"}
RESULT: {"using":"xpath","value":"//button[@data-kt=\"addButton\"]"}
COMMAND: POST /session/a414a6ae85a434897fa1c9da3096b959/elements - {"using":"xpath","value":"//button[@data-kt=\"addButton\"]"}
RESULT: {"using":"xpath","value":"//button[@data-kt=\"addButton\"]"}
COMMAND: POST /session/a414a6ae85a434897fa1c9da3096b959/elements - {"using":"xpath","value":"//button[@data-kt=\"addButton\"]"}
RESULT: {"using":"xpath","value":"//button[@data-kt=\"addButton\"]"}
COMMAND: POST /session/a414a6ae85a434897fa1c9da3096b959/elements - {"using":"xpath","value":"//button[@data-kt=\"addButton\"]"}
RESULT: {"using":"xpath","value":"//button[@data-kt=\"addButton\"]"}
COMMAND: POST /session/a414a6ae85a434897fa1c9da3096b959/elements - {"using":"xpath","value":"//button[@data-kt=\"addButton\"]"}
RESULT: {"using":"xpath","value":"//button[@data-kt=\"addButton\"]"}
COMMAND: POST /session/a414a6ae85a434897fa1c9da3096b959/elements - {"using":"xpath","value":"//button[@data-kt=\"addButton\"]"}
RESULT: {"using":"xpath","value":"//button[@data-kt=\"addButton\"]"}
COMMAND: POST /session/a414a6ae85a434897fa1c9da3096b959/elements - {"using":"xpath","value":"//button[@data-kt=\"addButton\"]"}
RESULT: {"using":"xpath","value":"//button[@data-kt=\"addButton\"]"}
COMMAND: POST /session/a414a6ae85a434897fa1c9da3096b959/elements - {"using":"xpath","value":"//button[@data-kt=\"addButton\"]"}
RESULT: {"using":"xpath","value":"//button[@data-kt=\"addButton\"]"}
COMMAND: POST /session/a414a6ae85a434897fa1c9da3096b959/elements - {"using":"xpath","value":"//button[@data-kt=\"addButton\"]"}
RESULT: {"using":"xpath","value":"//button[@data-kt=\"addButton\"]"}
COMMAND: POST /session/a414a6ae85a434897fa1c9da3096b959/elements - {"using":"xpath","value":"//button[@data-kt=\"addButton\"]"}
RESULT: {"using":"xpath","value":"//button[@data-kt=\"addButton\"]"}
COMMAND: POST /session/a414a6ae85a434897fa1c9da3096b959/elements - {"using":"xpath","value":"//button[@data-kt=\"addButton\"]"}
RESULT: {"using":"xpath","value":"//button[@data-kt=\"addButton\"]"}
COMMAND: POST /session/a414a6ae85a434897fa1c9da3096b959/elements - {"using":"xpath","value":"//button[@data-kt=\"addButton\"]"}
RESULT: {"using":"xpath","value":"//button[@data-kt=\"addButton\"]"}
COMMAND: POST /session/a414a6ae85a434897fa1c9da3096b959/elements - {"using":"xpath","value":"//button[@data-kt=\"addButton\"]"}
RESULT: {"using":"xpath","value":"//button[@data-kt=\"addButton\"]"}
COMMAND: POST /session/a414a6ae85a434897fa1c9da3096b959/elements - {"using":"xpath","value":"//button[@data-kt=\"addButton\"]"}
RESULT: {"using":"xpath","value":"//button[@data-kt=\"addButton\"]"}
COMMAND: POST /session/a414a6ae85a434897fa1c9da3096b959/elements - {"using":"xpath","value":"//button[@data-kt=\"addButton\"]"}
RESULT: {"using":"xpath","value":"//button[@data-kt=\"addButton\"]"}
COMMAND: POST /session/a414a6ae85a434897fa1c9da3096b959/elements - {"using":"xpath","value":"//button[@data-kt=\"addButton\"]"}
RESULT: {"using":"xpath","value":"//button[@data-kt=\"addButton\"]"}
COMMAND: POST /session/a414a6ae85a434897fa1c9da3096b959/elements - {"using":"xpath","value":"//button[@data-kt=\"addButton\"]"}
RESULT: {"using":"xpath","value":"//button[@data-kt=\"addButton\"]"}
COMMAND: POST /session/a414a6ae85a434897fa1c9da3096b959/elements - {"using":"xpath","value":"//button[@data-kt=\"addButton\"]"}
RESULT: {"using":"xpath","value":"//button[@data-kt=\"addButton\"]"}
COMMAND: POST /session/a414a6ae85a434897fa1c9da3096b959/elements - {"using":"xpath","value":"//button[@data-kt=\"addButton\"]"}
RESULT: {"using":"xpath","value":"//button[@data-kt=\"addButton\"]"}
COMMAND: POST /session/a414a6ae85a434897fa1c9da3096b959/elements - {"using":"xpath","value":"//button[@data-kt=\"addButton\"]"}
RESULT: {"using":"xpath","value":"//button[@data-kt=\"addButton\"]"}
COMMAND: POST /session/a414a6ae85a434897fa1c9da3096b959/elements - {"using":"xpath","value":"//button[@data-kt=\"addButton\"]"}
RESULT: {"using":"xpath","value":"//button[@data-kt=\"addButton\"]"}
COMMAND: POST /session/a414a6ae85a434897fa1c9da3096b959/elements - {"using":"xpath","value":"//button[@data-kt=\"addButton\"]"}
RESULT: {"using":"xpath","value":"//button[@data-kt=\"addButton\"]"}
COMMAND: POST /session/a414a6ae85a434897fa1c9da3096b959/elements - {"using":"xpath","value":"//button[@data-kt=\"addButton\"]"}
RESULT: {"using":"xpath","value":"//button[@data-kt=\"addButton\"]"}
COMMAND: POST /session/a414a6ae85a434897fa1c9da3096b959/elements - {"using":"xpath","value":"//button[@data-kt=\"addButton\"]"}
RESULT: {"using":"xpath","value":"//button[@data-kt=\"addButton\"]"}
COMMAND: POST /session/a414a6ae85a434897fa1c9da3096b959/elements - {"using":"xpath","value":"//button[@data-kt=\"addButton\"]"}
RESULT: {"using":"xpath","value":"//button[@data-kt=\"addButton\"]"}
COMMAND: POST /session/a414a6ae85a434897fa1c9da3096b959/elements - {"using":"xpath","value":"//button[@data-kt=\"addButton\"]"}
RESULT: {"using":"xpath","value":"//button[@data-kt=\"addButton\"]"}
COMMAND: POST /session/a414a6ae85a434897fa1c9da3096b959/elements - {"using":"xpath","value":"//button[@data-kt=\"addButton\"]"}
RESULT: {"using":"xpath","value":"//button[@data-kt=\"addButton\"]"}
COMMAND: POST /session/a414a6ae85a434897fa1c9da3096b959/elements - {"using":"xpath","value":"//button[@data-kt=\"addButton\"]"}
RESULT: {"using":"xpath","value":"//button[@data-kt=\"addButton\"]"}
COMMAND: POST /session/a414a6ae85a434897fa1c9da3096b959/elements - {"using":"xpath","value":"//button[@data-kt=\"addButton\"]"}
RESULT: {"using":"xpath","value":"//button[@data-kt=\"addButton\"]"}
COMMAND: POST /session/a414a6ae85a434897fa1c9da3096b959/elements - {"using":"xpath","value":"//button[@data-kt=\"addButton\"]"}
RESULT: {"using":"xpath","value":"//button[@data-kt=\"addButton\"]"}
COMMAND: POST /session/a414a6ae85a434897fa1c9da3096b959/elements - {"using":"xpath","value":"//button[@data-kt=\"addButton\"]"}
RESULT: {"using":"xpath","value":"//button[@data-kt=\"addButton\"]"}
COMMAND: POST /session/a414a6ae85a434897fa1c9da3096b959/elements - {"using":"xpath","value":"//button[@data-kt=\"addButton\"]"}
RESULT: {"using":"xpath","value":"//button[@data-kt=\"addButton\"]"}
COMMAND: POST /session/a414a6ae85a434897fa1c9da3096b959/elements - {"using":"xpath","value":"//button[@data-kt=\"addButton\"]"}
RESULT: {"using":"xpath","value":"//button[@data-kt=\"addButton\"]"}
COMMAND: POST /session/a414a6ae85a434897fa1c9da3096b959/elements - {"using":"xpath","value":"//button[@data-kt=\"addButton\"]"}
RESULT: {"using":"xpath","value":"//button[@data-kt=\"addButton\"]"}
COMMAND: POST /session/a414a6ae85a434897fa1c9da3096b959/elements - {"using":"xpath","value":"//button[@data-kt=\"addButton\"]"}
RESULT: {"using":"xpath","value":"//button[@data-kt=\"addButton\"]"}
COMMAND: POST /session/a414a6ae85a434897fa1c9da3096b959/elements - {"using":"xpath","value":"//button[@data-kt=\"addButton\"]"}
RESULT: {"using":"xpath","value":"//button[@data-kt=\"addButton\"]"}
COMMAND: POST /session/a414a6ae85a434897fa1c9da3096b959/elements - {"using":"xpath","value":"//button[@data-kt=\"addButton\"]"}
RESULT: {"using":"xpath","value":"//button[@data-kt=\"addButton\"]"}
COMMAND: POST /session/a414a6ae85a434897fa1c9da3096b959/elements - {"using":"xpath","value":"//button[@data-kt=\"addButton\"]"}
RESULT: {"using":"xpath","value":"//button[@data-kt=\"addButton\"]"}
COMMAND: POST /session/a414a6ae85a434897fa1c9da3096b959/elements - {"using":"xpath","value":"//button[@data-kt=\"addButton\"]"}
RESULT: {"using":"xpath","value":"//button[@data-kt=\"addButton\"]"}
COMMAND: POST /session/a414a6ae85a434897fa1c9da3096b959/elements - {"using":"xpath","value":"//button[@data-kt=\"addButton\"]"}
RESULT: {"using":"xpath","value":"//button[@data-kt=\"addButton\"]"}
COMMAND: POST /session/a414a6ae85a434897fa1c9da3096b959/elements - {"using":"xpath","value":"//button[@data-kt=\"addButton\"]"}
RESULT: {"using":"xpath","value":"//button[@data-kt=\"addButton\"]"}
COMMAND: POST /session/a414a6ae85a434897fa1c9da3096b959/elements - {"using":"xpath","value":"//button[@data-kt=\"addButton\"]"}
RESULT: {"using":"xpath","value":"//button[@data-kt=\"addButton\"]"}
COMMAND: POST /session/a414a6ae85a434897fa1c9da3096b959/elements - {"using":"xpath","value":"//button[@data-kt=\"addButton\"]"}
RESULT: {"using":"xpath","value":"//button[@data-kt=\"addButton\"]"}
COMMAND: POST /session/a414a6ae85a434897fa1c9da3096b959/elements - {"using":"xpath","value":"//button[@data-kt=\"addButton\"]"}
RESULT: {"using":"xpath","value":"//button[@data-kt=\"addButton\"]"}
COMMAND: POST /session/a414a6ae85a434897fa1c9da3096b959/elements - {"using":"xpath","value":"//button[@data-kt=\"addButton\"]"}
RESULT: {"using":"xpath","value":"//button[@data-kt=\"addButton\"]"}
COMMAND: POST /session/a414a6ae85a434897fa1c9da3096b959/elements - {"using":"xpath","value":"//button[@data-kt=\"addButton\"]"}
RESULT: {"using":"xpath","value":"//button[@data-kt=\"addButton\"]"}
COMMAND: POST /session/a414a6ae85a434897fa1c9da3096b959/elements - {"using":"xpath","value":"//button[@data-kt=\"addButton\"]"}
RESULT: {"using":"xpath","value":"//button[@data-kt=\"addButton\"]"}
COMMAND: POST /session/a414a6ae85a434897fa1c9da3096b959/elements - {"using":"xpath","value":"//button[@data-kt=\"addButton\"]"}
RESULT: {"using":"xpath","value":"//button[@data-kt=\"addButton\"]"}
COMMAND: POST /session/a414a6ae85a434897fa1c9da3096b959/elements - {"using":"xpath","value":"//button[@data-kt=\"addButton\"]"}
RESULT: {"using":"xpath","value":"//button[@data-kt=\"addButton\"]"}
COMMAND: POST /session/a414a6ae85a434897fa1c9da3096b959/elements - {"using":"xpath","value":"//button[@data-kt=\"addButton\"]"}
RESULT: {"using":"xpath","value":"//button[@data-kt=\"addButton\"]"}
COMMAND: POST /session/a414a6ae85a434897fa1c9da3096b959/elements - {"using":"xpath","value":"//button[@data-kt=\"addButton\"]"}
RESULT: {"using":"xpath","value":"//button[@data-kt=\"addButton\"]"}
COMMAND: POST /session/a414a6ae85a434897fa1c9da3096b959/elements - {"using":"xpath","value":"//button[@data-kt=\"addButton\"]"}
RESULT: {"using":"xpath","value":"//button[@data-kt=\"addButton\"]"}
COMMAND: POST /session/a414a6ae85a434897fa1c9da3096b959/elements - {"using":"xpath","value":"//button[@data-kt=\"addButton\"]"}
RESULT: {"using":"xpath","value":"//button[@data-kt=\"addButton\"]"}
COMMAND: POST /session/a414a6ae85a434897fa1c9da3096b959/elements - {"using":"xpath","value":"//button[@data-kt=\"addButton\"]"}
RESULT: {"using":"xpath","value":"//button[@data-kt=\"addButton\"]"}
COMMAND: POST /session/a414a6ae85a434897fa1c9da3096b959/elements - {"using":"xpath","value":"//button[@data-kt=\"addButton\"]"}
RESULT: {"using":"xpath","value":"//button[@data-kt=\"addButton\"]"}
COMMAND: POST /session/a414a6ae85a434897fa1c9da3096b959/elements - {"using":"xpath","value":"//button[@data-kt=\"addButton\"]"}
RESULT: {"using":"xpath","value":"//button[@data-kt=\"addButton\"]"}
COMMAND: POST /session/a414a6ae85a434897fa1c9da3096b959/elements - {"using":"xpath","value":"//button[@data-kt=\"addButton\"]"}
RESULT: {"using":"xpath","value":"//button[@data-kt=\"addButton\"]"}
COMMAND: POST /session/a414a6ae85a434897fa1c9da3096b959/elements - {"using":"xpath","value":"//button[@data-kt=\"addButton\"]"}
RESULT: {"using":"xpath","value":"//button[@data-kt=\"addButton\"]"}
COMMAND: POST /session/a414a6ae85a434897fa1c9da3096b959/elements - {"using":"xpath","value":"//button[@data-kt=\"addButton\"]"}
RESULT: {"using":"xpath","value":"//button[@data-kt=\"addButton\"]"}
COMMAND: POST /session/a414a6ae85a434897fa1c9da3096b959/elements - {"using":"xpath","value":"//button[@data-kt=\"addButton\"]"}
RESULT: {"using":"xpath","value":"//button[@data-kt=\"addButton\"]"}
COMMAND: POST /session/a414a6ae85a434897fa1c9da3096b959/elements - {"using":"xpath","value":"//button[@data-kt=\"addButton\"]"}
RESULT: {"using":"xpath","value":"//button[@data-kt=\"addButton\"]"}
COMMAND: POST /session/a414a6ae85a434897fa1c9da3096b959/elements - {"using":"xpath","value":"//button[@data-kt=\"addButton\"]"}
RESULT: {"using":"xpath","value":"//button[@data-kt=\"addButton\"]"}
COMMAND: POST /session/a414a6ae85a434897fa1c9da3096b959/elements - {"using":"xpath","value":"//button[@data-kt=\"addButton\"]"}
RESULT: {"using":"xpath","value":"//button[@data-kt=\"addButton\"]"}
COMMAND: POST /session/a414a6ae85a434897fa1c9da3096b959/elements - {"using":"xpath","value":"//button[@data-kt=\"addButton\"]"}
RESULT: {"using":"xpath","value":"//button[@data-kt=\"addButton\"]"}
COMMAND: POST /session/a414a6ae85a434897fa1c9da3096b959/elements - {"using":"xpath","value":"//button[@data-kt=\"addButton\"]"}
RESULT: {"using":"xpath","value":"//button[@data-kt=\"addButton\"]"}
COMMAND: POST /session/a414a6ae85a434897fa1c9da3096b959/elements - {"using":"xpath","value":"//button[@data-kt=\"addButton\"]"}
RESULT: {"using":"xpath","value":"//button[@data-kt=\"addButton\"]"}
COMMAND: POST /session/a414a6ae85a434897fa1c9da3096b959/elements - {"using":"xpath","value":"//button[@data-kt=\"addButton\"]"}
RESULT: {"using":"xpath","value":"//button[@data-kt=\"addButton\"]"}
COMMAND: POST /session/a414a6ae85a434897fa1c9da3096b959/elements - {"using":"xpath","value":"//button[@data-kt=\"addButton\"]"}
RESULT: {"using":"xpath","value":"//button[@data-kt=\"addButton\"]"}
COMMAND: POST /session/a414a6ae85a434897fa1c9da3096b959/elements - {"using":"xpath","value":"//button[@data-kt=\"addButton\"]"}
RESULT: {"using":"xpath","value":"//button[@data-kt=\"addButton\"]"}
COMMAND: POST /session/a414a6ae85a434897fa1c9da3096b959/elements - {"using":"xpath","value":"//button[@data-kt=\"addButton\"]"}
RESULT: {"using":"xpath","value":"//button[@data-kt=\"addButton\"]"}
COMMAND: POST /session/a414a6ae85a434897fa1c9da3096b959/elements - {"using":"xpath","value":"//button[@data-kt=\"addButton\"]"}
RESULT: {"using":"xpath","value":"//button[@data-kt=\"addButton\"]"}
COMMAND: POST /session/a414a6ae85a434897fa1c9da3096b959/elements - {"using":"xpath","value":"//button[@data-kt=\"addButton\"]"}
RESULT: {"using":"xpath","value":"//button[@data-kt=\"addButton\"]"}
COMMAND: POST /session/a414a6ae85a434897fa1c9da3096b959/elements - {"using":"xpath","value":"//button[@data-kt=\"addButton\"]"}
COMMAND: GET /session/a414a6ae85a434897fa1c9da3096b959/screenshot - {}
RESULT: {"using":"xpath","value":"//button[@data-kt=\"addButton\"]"}
RESULT: {}
COMMAND: POST /session/a414a6ae85a434897fa1c9da3096b959/element - {"using":"css selector","value":"#j_username"}
COMMAND: POST /session/a414a6ae85a434897fa1c9da3096b959/url - {"url":"https://qa-testing-00-live-etm-ui.cfapps.eu10-004.hana.ondemand.com/"}
COMMAND: GET /session/a414a6ae85a434897fa1c9da3096b959/screenshot - {}
COMMAND: GET /session/a414a6ae85a434897fa1c9da3096b959/screenshot - {}
RESULT: {"url":"https://qa-testing-00-live-etm-ui.cfapps.eu10-004.hana.ondemand.com/"}
RESULT: undefined
COMMAND: GET /session/a414a6ae85a434897fa1c9da3096b959/screenshot - {}
RESULT: {"using":"css selector","value":"#j_username"}
COMMAND: POST /session/a414a6ae85a434897fa1c9da3096b959/element - {"using":"css selector","value":"#j_username"}
RESULT: {}
RESULT: {}
RESULT: {}
RESULT: {"using":"css selector","value":"#j_username"}
COMMAND: POST /session/a414a6ae85a434897fa1c9da3096b959/element - {"using":"css selector","value":"#shell-header-logo"}
RESULT: {"using":"css selector","value":"#shell-header-logo"}
COMMAND: POST /session/a414a6ae85a434897fa1c9da3096b959/execute/sync - {"script":"<script> [8489 bytes]","args":[{"element-6066-11e4-a52e-4f735466cecf":"f.63F842937ABE5650621AFC3910BCBB57.d.94045B5533492ED36502876391653961.e.11777","ELEMENT":"f.63F842937ABE5650621AFC3910BCBB57.d.94045B5533492ED36502876391653961.e.11777"}]}
RESULT: {"script":"<script> [8489 bytes]","args":[{"element-6066-11e4-a52e-4f735466cecf":"f.63F842937ABE5650621AFC3910BCBB57.d.94045B5533492ED36502876391653961.e.11777","ELEMENT":"f.63F842937ABE5650621AFC3910BCBB57.d.94045B5533492ED36502876391653961.e.11777"}]}
COMMAND: POST /session/a414a6ae85a434897fa1c9da3096b959/element - {"using":"css selector","value":"#shell-header-logo"}
COMMAND: GET /session/a414a6ae85a434897fa1c9da3096b959/screenshot - {}
RESULT: {}
RESULT: {"using":"css selector","value":"#shell-header-logo"}
COMMAND: POST /session/a414a6ae85a434897fa1c9da3096b959/execute/sync - {"script":"<script> [8489 bytes]","args":[{"element-6066-11e4-a52e-4f735466cecf":"f.63F842937ABE5650621AFC3910BCBB57.d.94045B5533492ED36502876391653961.e.11777","ELEMENT":"f.63F842937ABE5650621AFC3910BCBB57.d.94045B5533492ED36502876391653961.e.11777"}]}
RESULT: {"script":"<script> [8489 bytes]","args":[{"element-6066-11e4-a52e-4f735466cecf":"f.63F842937ABE5650621AFC3910BCBB57.d.94045B5533492ED36502876391653961.e.11777","ELEMENT":"f.63F842937ABE5650621AFC3910BCBB57.d.94045B5533492ED36502876391653961.e.11777"}]}
COMMAND: POST /session/a414a6ae85a434897fa1c9da3096b959/execute/sync - {"script":"<script> [5351 bytes]","args":[{"element-6066-11e4-a52e-4f735466cecf":"f.63F842937ABE5650621AFC3910BCBB57.d.94045B5533492ED36502876391653961.e.11777","ELEMENT":"f.63F842937ABE5650621AFC3910BCBB57.d.94045B5533492ED36502876391653961.e.11777"}]}
COMMAND: GET /session/a414a6ae85a434897fa1c9da3096b959/screenshot - {}
RESULT: {"script":"<script> [5351 bytes]","args":[{"element-6066-11e4-a52e-4f735466cecf":"f.63F842937ABE5650621AFC3910BCBB57.d.94045B5533492ED36502876391653961.e.11777","ELEMENT":"f.63F842937ABE5650621AFC3910BCBB57.d.94045B5533492ED36502876391653961.e.11777"}]}
COMMAND: POST /session/a414a6ae85a434897fa1c9da3096b959/element - {"using":"css selector","value":"#shell-header-logo"}
COMMAND: GET /session/a414a6ae85a434897fa1c9da3096b959/screenshot - {}
RESULT: {}
RESULT: {"using":"css selector","value":"#shell-header-logo"}
COMMAND: POST /session/a414a6ae85a434897fa1c9da3096b959/element/f.63F842937ABE5650621AFC3910BCBB57.d.94045B5533492ED36502876391653961.e.11777/click - {}
RESULT: {}
RESULT: {}
COMMAND: GET /session/a414a6ae85a434897fa1c9da3096b959/screenshot - {}
RESULT: {}
COMMAND: POST /session/a414a6ae85a434897fa1c9da3096b959/execute/async - {"script":"<script> [189 bytes]","args":[]}
RESULT: {"script":"<script> [189 bytes]","args":[]}
COMMAND: POST /session/a414a6ae85a434897fa1c9da3096b959/execute/async - {"script":"<script> [123 bytes]","args":[]}
RESULT: {"script":"<script> [123 bytes]","args":[]}
COMMAND: POST /session/a414a6ae85a434897fa1c9da3096b959/timeouts - {"script":"<number>"}
RESULT: {"script":"<number>"}
COMMAND: GET /session/a414a6ae85a434897fa1c9da3096b959/timeouts - {}
RESULT: {}
RESULT: undefined
COMMAND: POST /session/a414a6ae85a434897fa1c9da3096b959/execute/async - {"script":"<script> [2676 bytes]","args":[]}
RESULT: {"script":"<script> [2676 bytes]","args":[]}
COMMAND: POST /session/a414a6ae85a434897fa1c9da3096b959/execute/async - {"script":"<script> [2342 bytes]","args":[{"protocol":"http","hostname":"0.0.0.0","path":"/","capabilities":{"browserName":"chrome","goog:chromeOptions":{"binary":"C:\\Program Files\\Google\\Chrome\\Application\\chrome.exe","args":["--start-maximized"]}},"logLevel":"warn","connectionRetryTimeout":120000,"connectionRetryCount":3,"logLevels":{},"enableDirectConnect":true,"strictSSL":true,"_":"65 more keys: [\"cacheDir\",\"port\",\"requestedCapabilities\",\"automationProtocol\",\"baseUrl\",\"waitforInterval\",\"waitforTimeout\",\"onReload\",\"beforeCommand\",\"afterCommand\",\"rootDir\",\"specs\",\"suites\",\"exclude\",\"groupLogsByTestSpec\",\"excludeDriverLogs\",\"bail\",\"framework\",\"reporters\",\"services\",\"maxInstances\",\"maxInstancesPerCapability\",\"injectGlobals\",\"filesToWatch\",\"execArgv\",\"runnerEnv\",\"runner\",\"shard\",\"specFileRetries\",\"specFileRetriesDelay\",\"specFileRetriesDeferred\",\"reporterSyncInterval\",\"reporterSyncTimeout\",\"cucumberFeaturesWithLineNumbers\",\"autoCompileOpts\",\"mochaOpts\",\"jasmineOpts\",\"cucumberOpts\",\"onPrepare\",\"onWorkerStart\",\"onWorkerEnd\",\"before\",\"beforeSession\",\"beforeSuite\",\"beforeHook\",\"beforeTest\",\"afterTest\",\"afterHook\",\"afterSuite\",\"afterSession\",\"after\",\"onComplete\",\"beforeAssertion\",\"afterAssertion\",\"beforeFeature\",\"beforeScenario\",\"beforeStep\",\"afterStep\",\"afterScenario\",\"afterFeature\",\"_\",\"suite\",\"$0\",\"ignoredWorkerServices\",\"wdi5\"]"}]}
RESULT: {"script":"<script> [2342 bytes]","args":[{"protocol":"http","hostname":"0.0.0.0","path":"/","capabilities":{"browserName":"chrome","goog:chromeOptions":{"binary":"C:\\Program Files\\Google\\Chrome\\Application\\chrome.exe","args":["--start-maximized"]}},"logLevel":"warn","connectionRetryTimeout":120000,"connectionRetryCount":3,"logLevels":{},"enableDirectConnect":true,"strictSSL":true,"_":"65 more keys: [\"cacheDir\",\"port\",\"requestedCapabilities\",\"automationProtocol\",\"baseUrl\",\"waitforInterval\",\"waitforTimeout\",\"onReload\",\"beforeCommand\",\"afterCommand\",\"rootDir\",\"specs\",\"suites\",\"exclude\",\"groupLogsByTestSpec\",\"excludeDriverLogs\",\"bail\",\"framework\",\"reporters\",\"services\",\"maxInstances\",\"maxInstancesPerCapability\",\"injectGlobals\",\"filesToWatch\",\"execArgv\",\"runnerEnv\",\"runner\",\"shard\",\"specFileRetries\",\"specFileRetriesDelay\",\"specFileRetriesDeferred\",\"reporterSyncInterval\",\"reporterSyncTimeout\",\"cucumberFeaturesWithLineNumbers\",\"autoCompileOpts\",\"mochaOpts\",\"jasmineOpts\",\"cucumberOpts\",\"onPrepare\",\"onWorkerStart\",\"onWorkerEnd\",\"before\",\"beforeSession\",\"beforeSuite\",\"beforeHook\",\"beforeTest\",\"afterTest\",\"afterHook\",\"afterSuite\",\"afterSession\",\"after\",\"onComplete\",\"beforeAssertion\",\"afterAssertion\",\"beforeFeature\",\"beforeScenario\",\"beforeStep\",\"afterStep\",\"afterScenario\",\"afterFeature\",\"_\",\"suite\",\"$0\",\"ignoredWorkerServices\",\"wdi5\"]"}]}
COMMAND: POST /session/a414a6ae85a434897fa1c9da3096b959/execute/async - {"script":"<script> [21126 bytes]","args":[35000]}
RESULT: {"script":"<script> [21126 bytes]","args":[35000]}
COMMAND: POST /session/a414a6ae85a434897fa1c9da3096b959/window/maximize - {}
RESULT: {}
COMMAND: POST /session/a414a6ae85a434897fa1c9da3096b959/execute/async - {"script":"<script> [1562 bytes]","args":[{"selector":{"id":"shell-header","interaction":{"idSuffix":"icon"}},"wdio_ui5_key":"shellheader"}]}
COMMAND: GET /session/a414a6ae85a434897fa1c9da3096b959/screenshot - {}
RESULT: {"script":"<script> [1562 bytes]","args":[{"selector":{"id":"shell-header","interaction":{"idSuffix":"icon"}},"wdio_ui5_key":"shellheader"}]}
RESULT: undefined
COMMAND: POST /session/a414a6ae85a434897fa1c9da3096b959/window/fullscreen - {}
RESULT: {}
RESULT: {}
]]></system-out>
      <system-err><![CDATA[
Error: element ("//button[@data-kt="addButton"]") still not existing after 45000ms
    at async Context.<anonymous> (D:\a\1\s\test\specs\HTR\return-from-site-w-warehouse-management-w-clarification.spec.js:411:9)
]]></system-err>
    </testcase>
  </testsuite>
  <testsuite timestamp="2025-05-30T17:22:21" time="532.234" tests="9" failures="3" errors="3" skipped="0">
    <properties>
      <property name="specId" value="0"/>
      <property name="suiteName" value="Create masterdata for Yard Overview - trigger provide US130988"/>
      <property name="capabilities" value="chrome.136_0_7103_93.windows"/>
      <property name="file" value="file:///D:/a/1/s/test/specs/HTR/stock-decrease.spec.js"/>
    </properties>
    <testcase classname="chrome.136_0_7103_93.windows.Create_masterdata_for_Yard_Overview_-_trigger_provide_US130988" name="Should create a new WHM yard" time="0.028">
      <system-out><![CDATA[
COMMAND: POST /session/a414a6ae85a434897fa1c9da3096b959/window/fullscreen - {}
RESULT: {}
]]></system-out>
    </testcase>
    <testcase classname="chrome.136_0_7103_93.windows.Create_masterdata_for_Yard_Overview_-_trigger_provide_US130988" name="Should create a new partner" time="0.005"/>
    <testcase classname="chrome.136_0_7103_93.windows.Create_masterdata_for_Yard_Overview_-_trigger_provide_US130988" name="Should create a new site" time="0.005"/>
    <testcase classname="chrome.136_0_7103_93.windows.Create_masterdata_for_Yard_Overview_-_trigger_provide_US130988" name="Should create a new material" time="131.212">
      <system-out><![CDATA[
COMMAND: POST /session/a414a6ae85a434897fa1c9da3096b959/execute/async - {"script":"<script> [1562 bytes]","args":[{"selector":{"controlType":"sap.m.GenericTile","properties":{"header":"Manage Resources"}},"wdio_ui5_key":"sapm.GenericTile{\"header\":\"Manage Resources\"}"}]}
RESULT: {"script":"<script> [1562 bytes]","args":[{"selector":{"controlType":"sap.m.GenericTile","properties":{"header":"Manage Resources"}},"wdio_ui5_key":"sapm.GenericTile{\"header\":\"Manage Resources\"}"}]}
RESULT: undefined
COMMAND: POST /session/a414a6ae85a434897fa1c9da3096b959/element - {"using":"xpath","value":"//*[@id=\"__tile31\"]"}
RESULT: {"using":"xpath","value":"//*[@id=\"__tile31\"]"}
COMMAND: POST /session/a414a6ae85a434897fa1c9da3096b959/element/f.63F842937ABE5650621AFC3910BCBB57.d.94045B5533492ED36502876391653961.e.11807/click - {}
RESULT: {}
COMMAND: GET /session/a414a6ae85a434897fa1c9da3096b959/screenshot - {}
COMMAND: POST /session/a414a6ae85a434897fa1c9da3096b959/elements - {"using":"xpath","value":"//span[text()='Error']"}
RESULT: {}
RESULT: {"using":"xpath","value":"//span[text()='Error']"}
COMMAND: POST /session/a414a6ae85a434897fa1c9da3096b959/element - {"using":"xpath","value":"//button[@data-kt=\"addNewRUOverflowToolbarButton\"]"}
RESULT: {"using":"xpath","value":"//button[@data-kt=\"addNewRUOverflowToolbarButton\"]"}
COMMAND: POST /session/a414a6ae85a434897fa1c9da3096b959/elements - {"using":"xpath","value":"//button[@data-kt=\"addNewRUOverflowToolbarButton\"]"}
RESULT: {"using":"xpath","value":"//button[@data-kt=\"addNewRUOverflowToolbarButton\"]"}
COMMAND: POST /session/a414a6ae85a434897fa1c9da3096b959/element - {"using":"xpath","value":"//button[@data-kt=\"addNewRUOverflowToolbarButton\"]"}
RESULT: {"using":"xpath","value":"//button[@data-kt=\"addNewRUOverflowToolbarButton\"]"}
COMMAND: POST /session/a414a6ae85a434897fa1c9da3096b959/execute/sync - {"script":"<script> [8489 bytes]","args":[{"element-6066-11e4-a52e-4f735466cecf":"f.63F842937ABE5650621AFC3910BCBB57.d.94045B5533492ED36502876391653961.e.11933","ELEMENT":"f.63F842937ABE5650621AFC3910BCBB57.d.94045B5533492ED36502876391653961.e.11933"}]}
RESULT: {"script":"<script> [8489 bytes]","args":[{"element-6066-11e4-a52e-4f735466cecf":"f.63F842937ABE5650621AFC3910BCBB57.d.94045B5533492ED36502876391653961.e.11933","ELEMENT":"f.63F842937ABE5650621AFC3910BCBB57.d.94045B5533492ED36502876391653961.e.11933"}]}
COMMAND: GET /session/a414a6ae85a434897fa1c9da3096b959/element/f.63F842937ABE5650621AFC3910BCBB57.d.94045B5533492ED36502876391653961.e.11933/enabled - {}
COMMAND: GET /session/a414a6ae85a434897fa1c9da3096b959/screenshot - {}
RESULT: {}
COMMAND: POST /session/a414a6ae85a434897fa1c9da3096b959/execute/sync - {"script":"<script> [8489 bytes]","args":[{"element-6066-11e4-a52e-4f735466cecf":"f.63F842937ABE5650621AFC3910BCBB57.d.94045B5533492ED36502876391653961.e.11933","ELEMENT":"f.63F842937ABE5650621AFC3910BCBB57.d.94045B5533492ED36502876391653961.e.11933"}]}
COMMAND: GET /session/a414a6ae85a434897fa1c9da3096b959/screenshot - {}
RESULT: {}
RESULT: {"script":"<script> [8489 bytes]","args":[{"element-6066-11e4-a52e-4f735466cecf":"f.63F842937ABE5650621AFC3910BCBB57.d.94045B5533492ED36502876391653961.e.11933","ELEMENT":"f.63F842937ABE5650621AFC3910BCBB57.d.94045B5533492ED36502876391653961.e.11933"}]}
COMMAND: POST /session/a414a6ae85a434897fa1c9da3096b959/execute/sync - {"script":"<script> [5351 bytes]","args":[{"element-6066-11e4-a52e-4f735466cecf":"f.63F842937ABE5650621AFC3910BCBB57.d.94045B5533492ED36502876391653961.e.11933","ELEMENT":"f.63F842937ABE5650621AFC3910BCBB57.d.94045B5533492ED36502876391653961.e.11933"}]}
COMMAND: GET /session/a414a6ae85a434897fa1c9da3096b959/screenshot - {}
RESULT: {}
RESULT: {"script":"<script> [5351 bytes]","args":[{"element-6066-11e4-a52e-4f735466cecf":"f.63F842937ABE5650621AFC3910BCBB57.d.94045B5533492ED36502876391653961.e.11933","ELEMENT":"f.63F842937ABE5650621AFC3910BCBB57.d.94045B5533492ED36502876391653961.e.11933"}]}
COMMAND: POST /session/a414a6ae85a434897fa1c9da3096b959/element/f.63F842937ABE5650621AFC3910BCBB57.d.94045B5533492ED36502876391653961.e.11933/click - {}
COMMAND: GET /session/a414a6ae85a434897fa1c9da3096b959/screenshot - {}
RESULT: {}
RESULT: {}
COMMAND: GET /session/a414a6ae85a434897fa1c9da3096b959/screenshot - {}
RESULT: {}
COMMAND: POST /session/a414a6ae85a434897fa1c9da3096b959/execute/async - {"script":"<script> [1562 bytes]","args":[{"selector":{"id":"application-manageresources-display-component---newResourceUnit--TYPE-arrow"},"wdio_ui5_key":"applicationmanageresources-display-component---newResourceUnit--TYPE-arrow"}]}
RESULT: {}
RESULT: {"script":"<script> [1562 bytes]","args":[{"selector":{"id":"application-manageresources-display-component---newResourceUnit--TYPE-arrow"},"wdio_ui5_key":"applicationmanageresources-display-component---newResourceUnit--TYPE-arrow"}]}
RESULT: undefined
COMMAND: POST /session/a414a6ae85a434897fa1c9da3096b959/element - {"using":"xpath","value":"//*[@id=\"application-manageresources-display-component---newResourceUnit--TYPE-arrow\"]"}
RESULT: {"using":"xpath","value":"//*[@id=\"application-manageresources-display-component---newResourceUnit--TYPE-arrow\"]"}
COMMAND: POST /session/a414a6ae85a434897fa1c9da3096b959/element/f.63F842937ABE5650621AFC3910BCBB57.d.94045B5533492ED36502876391653961.e.12292/click - {}
RESULT: {}
COMMAND: POST /session/a414a6ae85a434897fa1c9da3096b959/element - {"using":"xpath","value":"//input[@id=\"application-manageresources-display-component---newResourceUnit--TYPE-inner\"]"}
COMMAND: GET /session/a414a6ae85a434897fa1c9da3096b959/screenshot - {}
RESULT: {"using":"xpath","value":"//input[@id=\"application-manageresources-display-component---newResourceUnit--TYPE-inner\"]"}
COMMAND: POST /session/a414a6ae85a434897fa1c9da3096b959/element/f.63F842937ABE5650621AFC3910BCBB57.d.94045B5533492ED36502876391653961.e.12288/clear - {}
RESULT: {}
RESULT: {}
COMMAND: POST /session/a414a6ae85a434897fa1c9da3096b959/element/f.63F842937ABE5650621AFC3910BCBB57.d.94045B5533492ED36502876391653961.e.12288/value - {"text":"Material"}
COMMAND: GET /session/a414a6ae85a434897fa1c9da3096b959/screenshot - {}
RESULT: {"text":"Material"}
COMMAND: GET /session/a414a6ae85a434897fa1c9da3096b959/screenshot - {}
RESULT: {}
RESULT: {}
COMMAND: POST /session/a414a6ae85a434897fa1c9da3096b959/actions - {"actions":[{"id":"action35","type":"key","parameters":{},"actions":[{"type":"keyDown","value":""},{"type":"pause","duration":10},{"type":"keyUp","value":""}]}]}
RESULT: {"actions":[{"id":"action35","type":"key","parameters":{},"actions":[{"type":"keyDown","value":""},{"type":"pause","duration":10},{"type":"keyUp","value":""}]}]}
COMMAND: POST /session/a414a6ae85a434897fa1c9da3096b959/execute/async - {"script":"<script> [1562 bytes]","args":[{"selector":{"id":"application-manageresources-display-component---newResourceUnit--SHORT_TEXT","interaction":{"idSuffix":"inner"}},"wdio_ui5_key":"applicationmanageresources-display-component---newResourceUnit--SHORT_TEXT"}]}
COMMAND: GET /session/a414a6ae85a434897fa1c9da3096b959/screenshot - {}
RESULT: {"script":"<script> [1562 bytes]","args":[{"selector":{"id":"application-manageresources-display-component---newResourceUnit--SHORT_TEXT","interaction":{"idSuffix":"inner"}},"wdio_ui5_key":"applicationmanageresources-display-component---newResourceUnit--SHORT_TEXT"}]}
RESULT: undefined
COMMAND: POST /session/a414a6ae85a434897fa1c9da3096b959/execute/async - {"script":"<script> [776 bytes]","args":[{"enterText":"Cement WDIO","selector":{"id":"application-manageresources-display-component---newResourceUnit--SHORT_TEXT","interaction":{"idSuffix":"inner"}},"clearTextFirst":true,"interactionType":"ENTER_TEXT"}]}
RESULT: {}
RESULT: {"script":"<script> [776 bytes]","args":[{"enterText":"Cement WDIO","selector":{"id":"application-manageresources-display-component---newResourceUnit--SHORT_TEXT","interaction":{"idSuffix":"inner"}},"clearTextFirst":true,"interactionType":"ENTER_TEXT"}]}
COMMAND: POST /session/a414a6ae85a434897fa1c9da3096b959/execute/async - {"script":"<script> [1562 bytes]","args":[{"selector":{"id":"application-manageresources-display-component---newResourceUnit--BASE_UNIT_OF_MEASURE","interaction":{"idSuffix":"inner"}},"wdio_ui5_key":"applicationmanageresources-display-component---newResourceUnit--BASE_UNIT_OF_MEASURE"}]}
RESULT: {"script":"<script> [1562 bytes]","args":[{"selector":{"id":"application-manageresources-display-component---newResourceUnit--BASE_UNIT_OF_MEASURE","interaction":{"idSuffix":"inner"}},"wdio_ui5_key":"applicationmanageresources-display-component---newResourceUnit--BASE_UNIT_OF_MEASURE"}]}
RESULT: undefined
COMMAND: POST /session/a414a6ae85a434897fa1c9da3096b959/execute/async - {"script":"<script> [776 bytes]","args":[{"enterText":"Piece","selector":{"id":"application-manageresources-display-component---newResourceUnit--BASE_UNIT_OF_MEASURE","interaction":{"idSuffix":"inner"}},"clearTextFirst":true,"interactionType":"ENTER_TEXT"}]}
RESULT: {"script":"<script> [776 bytes]","args":[{"enterText":"Piece","selector":{"id":"application-manageresources-display-component---newResourceUnit--BASE_UNIT_OF_MEASURE","interaction":{"idSuffix":"inner"}},"clearTextFirst":true,"interactionType":"ENTER_TEXT"}]}
COMMAND: POST /session/a414a6ae85a434897fa1c9da3096b959/execute/async - {"script":"<script> [1562 bytes]","args":[{"selector":{"id":"application-manageresources-display-component---newResourceUnit--WEIGHT_UNIT","interaction":{"idSuffix":"inner"}},"wdio_ui5_key":"applicationmanageresources-display-component---newResourceUnit--WEIGHT_UNIT"}]}
RESULT: {"script":"<script> [1562 bytes]","args":[{"selector":{"id":"application-manageresources-display-component---newResourceUnit--WEIGHT_UNIT","interaction":{"idSuffix":"inner"}},"wdio_ui5_key":"applicationmanageresources-display-component---newResourceUnit--WEIGHT_UNIT"}]}
RESULT: undefined
COMMAND: POST /session/a414a6ae85a434897fa1c9da3096b959/execute/async - {"script":"<script> [776 bytes]","args":[{"enterText":"Gram","selector":{"id":"application-manageresources-display-component---newResourceUnit--WEIGHT_UNIT","interaction":{"idSuffix":"inner"}},"clearTextFirst":true,"interactionType":"ENTER_TEXT"}]}
RESULT: {"script":"<script> [776 bytes]","args":[{"enterText":"Gram","selector":{"id":"application-manageresources-display-component---newResourceUnit--WEIGHT_UNIT","interaction":{"idSuffix":"inner"}},"clearTextFirst":true,"interactionType":"ENTER_TEXT"}]}
COMMAND: POST /session/a414a6ae85a434897fa1c9da3096b959/execute/async - {"script":"<script> [1562 bytes]","args":[{"selector":{"id":"application-manageresources-display-component---newResourceUnit--DIMENSION_UNIT","interaction":{"idSuffix":"inner"}},"wdio_ui5_key":"applicationmanageresources-display-component---newResourceUnit--DIMENSION_UNIT"}]}
RESULT: {"script":"<script> [1562 bytes]","args":[{"selector":{"id":"application-manageresources-display-component---newResourceUnit--DIMENSION_UNIT","interaction":{"idSuffix":"inner"}},"wdio_ui5_key":"applicationmanageresources-display-component---newResourceUnit--DIMENSION_UNIT"}]}
RESULT: undefined
COMMAND: POST /session/a414a6ae85a434897fa1c9da3096b959/execute/async - {"script":"<script> [776 bytes]","args":[{"enterText":"Meter","selector":{"id":"application-manageresources-display-component---newResourceUnit--DIMENSION_UNIT","interaction":{"idSuffix":"inner"}},"clearTextFirst":true,"interactionType":"ENTER_TEXT"}]}
RESULT: {"script":"<script> [776 bytes]","args":[{"enterText":"Meter","selector":{"id":"application-manageresources-display-component---newResourceUnit--DIMENSION_UNIT","interaction":{"idSuffix":"inner"}},"clearTextFirst":true,"interactionType":"ENTER_TEXT"}]}
COMMAND: POST /session/a414a6ae85a434897fa1c9da3096b959/execute/async - {"script":"<script> [1562 bytes]","args":[{"selector":{"id":"application-manageresources-display-component---newResourceUnit--newRRUPage-anchBar-application-manageresources-display-component---newResourceUnit--control-anchor","interaction":{"idSuffix":"BDI-content"}},"wdio_ui5_key":"applicationmanageresources-display-component---newResourceUnit--newRRUPage-anchBar-application-manageresources-display-component---newResourceUnit--control-anchor"}]}
RESULT: {"script":"<script> [1562 bytes]","args":[{"selector":{"id":"application-manageresources-display-component---newResourceUnit--newRRUPage-anchBar-application-manageresources-display-component---newResourceUnit--control-anchor","interaction":{"idSuffix":"BDI-content"}},"wdio_ui5_key":"applicationmanageresources-display-component---newResourceUnit--newRRUPage-anchBar-application-manageresources-display-component---newResourceUnit--control-anchor"}]}
RESULT: undefined
COMMAND: POST /session/a414a6ae85a434897fa1c9da3096b959/element - {"using":"xpath","value":"//*[@id=\"application-manageresources-display-component---newResourceUnit--newRRUPage-anchBar-application-manageresources-display-component---newResourceUnit--control-anchor\"]"}
RESULT: {"using":"xpath","value":"//*[@id=\"application-manageresources-display-component---newResourceUnit--newRRUPage-anchBar-application-manageresources-display-component---newResourceUnit--control-anchor\"]"}
COMMAND: POST /session/a414a6ae85a434897fa1c9da3096b959/element/f.63F842937ABE5650621AFC3910BCBB57.d.94045B5533492ED36502876391653961.e.12424/click - {}
RESULT: {}
COMMAND: POST /session/a414a6ae85a434897fa1c9da3096b959/execute/async - {"script":"<script> [1562 bytes]","args":[{"selector":{"id":"application-manageresources-display-component---newResourceUnit--PLANNING_GROUP","interaction":{"idSuffix":"inner"}},"wdio_ui5_key":"applicationmanageresources-display-component---newResourceUnit--PLANNING_GROUP"}]}
COMMAND: GET /session/a414a6ae85a434897fa1c9da3096b959/screenshot - {}
RESULT: {"script":"<script> [1562 bytes]","args":[{"selector":{"id":"application-manageresources-display-component---newResourceUnit--PLANNING_GROUP","interaction":{"idSuffix":"inner"}},"wdio_ui5_key":"applicationmanageresources-display-component---newResourceUnit--PLANNING_GROUP"}]}
RESULT: undefined
COMMAND: POST /session/a414a6ae85a434897fa1c9da3096b959/execute/async - {"script":"<script> [776 bytes]","args":[{"enterText":"Material","selector":{"id":"application-manageresources-display-component---newResourceUnit--PLANNING_GROUP","interaction":{"idSuffix":"inner"}},"clearTextFirst":true,"interactionType":"ENTER_TEXT"}]}
RESULT: {}
RESULT: {"script":"<script> [776 bytes]","args":[{"enterText":"Material","selector":{"id":"application-manageresources-display-component---newResourceUnit--PLANNING_GROUP","interaction":{"idSuffix":"inner"}},"clearTextFirst":true,"interactionType":"ENTER_TEXT"}]}
COMMAND: POST /session/a414a6ae85a434897fa1c9da3096b959/execute/async - {"script":"<script> [1562 bytes]","args":[{"selector":{"id":"application-manageresources-display-component---newResourceUnit--PLANNING_INDICATOR","interaction":{"idSuffix":"inner"}},"wdio_ui5_key":"applicationmanageresources-display-component---newResourceUnit--PLANNING_INDICATOR"}]}
RESULT: {"script":"<script> [1562 bytes]","args":[{"selector":{"id":"application-manageresources-display-component---newResourceUnit--PLANNING_INDICATOR","interaction":{"idSuffix":"inner"}},"wdio_ui5_key":"applicationmanageresources-display-component---newResourceUnit--PLANNING_INDICATOR"}]}
RESULT: undefined
COMMAND: POST /session/a414a6ae85a434897fa1c9da3096b959/execute/async - {"script":"<script> [776 bytes]","args":[{"enterText":"10 - infinite","selector":{"id":"application-manageresources-display-component---newResourceUnit--PLANNING_INDICATOR","interaction":{"idSuffix":"inner"}},"clearTextFirst":true,"interactionType":"ENTER_TEXT"}]}
RESULT: {"script":"<script> [776 bytes]","args":[{"enterText":"10 - infinite","selector":{"id":"application-manageresources-display-component---newResourceUnit--PLANNING_INDICATOR","interaction":{"idSuffix":"inner"}},"clearTextFirst":true,"interactionType":"ENTER_TEXT"}]}
COMMAND: POST /session/a414a6ae85a434897fa1c9da3096b959/element - {"using":"css selector","value":"#application-manageresources-display-component---newResourceUnit--btnAddTimeSegment"}
RESULT: {"using":"css selector","value":"#application-manageresources-display-component---newResourceUnit--btnAddTimeSegment"}
COMMAND: GET /session/a414a6ae85a434897fa1c9da3096b959/element/f.63F842937ABE5650621AFC3910BCBB57.d.94045B5533492ED36502876391653961.e.12432/rect - {}
RESULT: {}
COMMAND: GET /session/a414a6ae85a434897fa1c9da3096b959/window/rect - {}
RESULT: {}
COMMAND: POST /session/a414a6ae85a434897fa1c9da3096b959/execute/sync - {"script":"<script> [92 bytes]","args":[]}
RESULT: {"script":"<script> [92 bytes]","args":[]}
COMMAND: POST /session/a414a6ae85a434897fa1c9da3096b959/actions - {"actions":[{"id":"action36","type":"wheel","parameters":{},"actions":[{"type":"scroll","x":-1888,"y":-32,"deltaX":0,"deltaY":0,"duration":0,"origin":{"element-6066-11e4-a52e-4f735466cecf":"f.63F842937ABE5650621AFC3910BCBB57.d.94045B5533492ED36502876391653961.e.12432"}}]}]}
COMMAND: GET /session/a414a6ae85a434897fa1c9da3096b959/screenshot - {}
RESULT: {}
COMMAND: POST /session/a414a6ae85a434897fa1c9da3096b959/execute/sync - {"script":"<script> [79 bytes]","args":[{"element-6066-11e4-a52e-4f735466cecf":"f.63F842937ABE5650621AFC3910BCBB57.d.94045B5533492ED36502876391653961.e.12432","ELEMENT":"f.63F842937ABE5650621AFC3910BCBB57.d.94045B5533492ED36502876391653961.e.12432"},{"block":"start","inline":"nearest"}]}
RESULT: {"script":"<script> [79 bytes]","args":[{"element-6066-11e4-a52e-4f735466cecf":"f.63F842937ABE5650621AFC3910BCBB57.d.94045B5533492ED36502876391653961.e.12432","ELEMENT":"f.63F842937ABE5650621AFC3910BCBB57.d.94045B5533492ED36502876391653961.e.12432"},{"block":"start","inline":"nearest"}]}
COMMAND: POST /session/a414a6ae85a434897fa1c9da3096b959/execute/async - {"script":"<script> [1562 bytes]","args":[{"selector":{"id":"application-manageresources-display-component---newResourceUnit--btnAddTimeSegment","interaction":{"idSuffix":"inner"}},"wdio_ui5_key":"applicationmanageresources-display-component---newResourceUnit--btnAddTimeSegment"}]}
COMMAND: GET /session/a414a6ae85a434897fa1c9da3096b959/screenshot - {}
RESULT: {"script":"<script> [1562 bytes]","args":[{"selector":{"id":"application-manageresources-display-component---newResourceUnit--btnAddTimeSegment","interaction":{"idSuffix":"inner"}},"wdio_ui5_key":"applicationmanageresources-display-component---newResourceUnit--btnAddTimeSegment"}]}
RESULT: undefined
COMMAND: POST /session/a414a6ae85a434897fa1c9da3096b959/element - {"using":"xpath","value":"//*[@id=\"application-manageresources-display-component---newResourceUnit--btnAddTimeSegment\"]"}
RESULT: {}
RESULT: {"using":"xpath","value":"//*[@id=\"application-manageresources-display-component---newResourceUnit--btnAddTimeSegment\"]"}
COMMAND: POST /session/a414a6ae85a434897fa1c9da3096b959/element/f.63F842937ABE5650621AFC3910BCBB57.d.94045B5533492ED36502876391653961.e.12432/click - {}
RESULT: {}
COMMAND: GET /session/a414a6ae85a434897fa1c9da3096b959/screenshot - {}
RESULT: {}
COMMAND: POST /session/a414a6ae85a434897fa1c9da3096b959/element - {"using":"xpath","value":"//input[@id=\"application-manageresources-display-component---newResourceUnit--idRuTSAdmin-application-manageresources-display-component---newResourceUnit--RUTimeSegment-0-inner\"]"}
RESULT: {"using":"xpath","value":"//input[@id=\"application-manageresources-display-component---newResourceUnit--idRuTSAdmin-application-manageresources-display-component---newResourceUnit--RUTimeSegment-0-inner\"]"}
COMMAND: POST /session/a414a6ae85a434897fa1c9da3096b959/element/f.63F842937ABE5650621AFC3910BCBB57.d.94045B5533492ED36502876391653961.e.12437/clear - {}
RESULT: {}
COMMAND: POST /session/a414a6ae85a434897fa1c9da3096b959/element/f.63F842937ABE5650621AFC3910BCBB57.d.94045B5533492ED36502876391653961.e.12437/value - {"text":"497"}
COMMAND: GET /session/a414a6ae85a434897fa1c9da3096b959/screenshot - {}
RESULT: {"text":"497"}
COMMAND: GET /session/a414a6ae85a434897fa1c9da3096b959/screenshot - {}
RESULT: {}
RESULT: {}
COMMAND: POST /session/a414a6ae85a434897fa1c9da3096b959/element - {"using":"xpath","value":"//li[.//span[text()='497']]"}
RESULT: {"using":"xpath","value":"//li[.//span[text()='497']]"}
COMMAND: POST /session/a414a6ae85a434897fa1c9da3096b959/element/f.63F842937ABE5650621AFC3910BCBB57.d.94045B5533492ED36502876391653961.e.12446/click - {}
RESULT: {}
COMMAND: GET /session/a414a6ae85a434897fa1c9da3096b959/screenshot - {}
RESULT: {}
COMMAND: POST /session/a414a6ae85a434897fa1c9da3096b959/element - {"using":"xpath","value":"(//span[contains(@id, \"-application-manageresources-display-component---newResourceUnit--RUTimeSegment-0-arrow\")])[2]"}
RESULT: {"using":"xpath","value":"(//span[contains(@id, \"-application-manageresources-display-component---newResourceUnit--RUTimeSegment-0-arrow\")])[2]"}
COMMAND: POST /session/a414a6ae85a434897fa1c9da3096b959/element/f.63F842937ABE5650621AFC3910BCBB57.d.94045B5533492ED36502876391653961.e.12447/click - {}
RESULT: {}
COMMAND: POST /session/a414a6ae85a434897fa1c9da3096b959/element - {"using":"xpath","value":"//span[contains(text(), \"PM Order\")]"}
COMMAND: GET /session/a414a6ae85a434897fa1c9da3096b959/screenshot - {}
RESULT: {"using":"xpath","value":"//span[contains(text(), \"PM Order\")]"}
COMMAND: POST /session/a414a6ae85a434897fa1c9da3096b959/element/f.63F842937ABE5650621AFC3910BCBB57.d.94045B5533492ED36502876391653961.e.12448/click - {}
RESULT: {}
RESULT: {}
COMMAND: GET /session/a414a6ae85a434897fa1c9da3096b959/screenshot - {}
RESULT: {}
COMMAND: POST /session/a414a6ae85a434897fa1c9da3096b959/element - {"using":"xpath","value":"//td/div/div/div/span[contains(@id, \"newResourceUnit--RUTimeSegment-0-vhi\")][1]"}
RESULT: {"using":"xpath","value":"//td/div/div/div/span[contains(@id, \"newResourceUnit--RUTimeSegment-0-vhi\")][1]"}
COMMAND: GET /session/a414a6ae85a434897fa1c9da3096b959/element/f.63F842937ABE5650621AFC3910BCBB57.d.94045B5533492ED36502876391653961.e.12452/rect - {}
RESULT: {}
COMMAND: GET /session/a414a6ae85a434897fa1c9da3096b959/window/rect - {}
RESULT: {}
COMMAND: POST /session/a414a6ae85a434897fa1c9da3096b959/execute/sync - {"script":"<script> [92 bytes]","args":[]}
RESULT: {"script":"<script> [92 bytes]","args":[]}
COMMAND: POST /session/a414a6ae85a434897fa1c9da3096b959/actions - {"actions":[{"id":"action37","type":"wheel","parameters":{},"actions":[{"type":"scroll","x":-1888,"y":-24,"deltaX":0,"deltaY":0,"duration":0,"origin":{"element-6066-11e4-a52e-4f735466cecf":"f.63F842937ABE5650621AFC3910BCBB57.d.94045B5533492ED36502876391653961.e.12452"}}]}]}
COMMAND: GET /session/a414a6ae85a434897fa1c9da3096b959/screenshot - {}
RESULT: {}
COMMAND: POST /session/a414a6ae85a434897fa1c9da3096b959/execute/sync - {"script":"<script> [79 bytes]","args":[{"element-6066-11e4-a52e-4f735466cecf":"f.63F842937ABE5650621AFC3910BCBB57.d.94045B5533492ED36502876391653961.e.12452","ELEMENT":"f.63F842937ABE5650621AFC3910BCBB57.d.94045B5533492ED36502876391653961.e.12452"},{"block":"start","inline":"nearest"}]}
RESULT: {"script":"<script> [79 bytes]","args":[{"element-6066-11e4-a52e-4f735466cecf":"f.63F842937ABE5650621AFC3910BCBB57.d.94045B5533492ED36502876391653961.e.12452","ELEMENT":"f.63F842937ABE5650621AFC3910BCBB57.d.94045B5533492ED36502876391653961.e.12452"},{"block":"start","inline":"nearest"}]}
COMMAND: GET /session/a414a6ae85a434897fa1c9da3096b959/screenshot - {}
RESULT: {}
COMMAND: POST /session/a414a6ae85a434897fa1c9da3096b959/element/f.63F842937ABE5650621AFC3910BCBB57.d.94045B5533492ED36502876391653961.e.12452/click - {}
RESULT: {}
COMMAND: GET /session/a414a6ae85a434897fa1c9da3096b959/screenshot - {}
RESULT: {}
COMMAND: POST /session/a414a6ae85a434897fa1c9da3096b959/execute/async - {"script":"<script> [1562 bytes]","args":[{"selector":{"controlType":"sap.m.SearchField","properties":{"placeholder":"Search"},"searchOpenDialogs":true,"interaction":{"idSuffix":"I"}},"wdio_ui5_key":"sapm.SearchField{\"placeholder\":\"Search\"}"}]}
RESULT: {"script":"<script> [1562 bytes]","args":[{"selector":{"controlType":"sap.m.SearchField","properties":{"placeholder":"Search"},"searchOpenDialogs":true,"interaction":{"idSuffix":"I"}},"wdio_ui5_key":"sapm.SearchField{\"placeholder\":\"Search\"}"}]}
RESULT: undefined
COMMAND: POST /session/a414a6ae85a434897fa1c9da3096b959/execute/async - {"script":"<script> [776 bytes]","args":[{"enterText":"4000360","selector":{"controlType":"sap.m.SearchField","properties":{"placeholder":"Search"},"searchOpenDialogs":true,"interaction":{"idSuffix":"I"}},"clearTextFirst":true,"interactionType":"ENTER_TEXT"}]}
RESULT: {"script":"<script> [776 bytes]","args":[{"enterText":"4000360","selector":{"controlType":"sap.m.SearchField","properties":{"placeholder":"Search"},"searchOpenDialogs":true,"interaction":{"idSuffix":"I"}},"clearTextFirst":true,"interactionType":"ENTER_TEXT"}]}
COMMAND: POST /session/a414a6ae85a434897fa1c9da3096b959/actions - {"actions":[{"id":"action38","type":"key","parameters":{},"actions":[{"type":"keyDown","value":""},{"type":"pause","duration":10},{"type":"keyUp","value":""}]}]}
RESULT: {"actions":[{"id":"action38","type":"key","parameters":{},"actions":[{"type":"keyDown","value":""},{"type":"pause","duration":10},{"type":"keyUp","value":""}]}]}
COMMAND: GET /session/a414a6ae85a434897fa1c9da3096b959/screenshot - {}
RESULT: {}
COMMAND: POST /session/a414a6ae85a434897fa1c9da3096b959/element - {"using":"xpath","value":"//td/div/span[contains(text(), \"BGL Vehicles\")]"}
RESULT: {"using":"xpath","value":"//td/div/span[contains(text(), \"BGL Vehicles\")]"}
COMMAND: POST /session/a414a6ae85a434897fa1c9da3096b959/element/f.63F842937ABE5650621AFC3910BCBB57.d.94045B5533492ED36502876391653961.e.12474/click - {}
RESULT: {}
COMMAND: GET /session/a414a6ae85a434897fa1c9da3096b959/screenshot - {}
RESULT: {}
COMMAND: POST /session/a414a6ae85a434897fa1c9da3096b959/element - {"using":"xpath","value":"//bdi[contains(text(), \"OK\")]"}
RESULT: {"using":"xpath","value":"//bdi[contains(text(), \"OK\")]"}
COMMAND: POST /session/a414a6ae85a434897fa1c9da3096b959/element/f.63F842937ABE5650621AFC3910BCBB57.d.94045B5533492ED36502876391653961.e.12475/click - {}
RESULT: {}
COMMAND: GET /session/a414a6ae85a434897fa1c9da3096b959/screenshot - {}
RESULT: {}
COMMAND: POST /session/a414a6ae85a434897fa1c9da3096b959/element - {"using":"xpath","value":"//label[contains(@class, 'sapMLabelRequired') and .//bdi[contains(text(), 'Planned Retirement')]]"}
RESULT: {"using":"xpath","value":"//label[contains(@class, 'sapMLabelRequired') and .//bdi[contains(text(), 'Planned Retirement')]]"}
COMMAND: POST /session/a414a6ae85a434897fa1c9da3096b959/elements - {"using":"xpath","value":"//label[contains(@class, 'sapMLabelRequired') and .//bdi[contains(text(), 'Planned Retirement')]]"}
RESULT: {"using":"xpath","value":"//label[contains(@class, 'sapMLabelRequired') and .//bdi[contains(text(), 'Planned Retirement')]]"}
COMMAND: POST /session/a414a6ae85a434897fa1c9da3096b959/element - {"using":"xpath","value":"//button[@data-kt=\"resourceUnitSaveButton\"]"}
RESULT: {"using":"xpath","value":"//button[@data-kt=\"resourceUnitSaveButton\"]"}
COMMAND: POST /session/a414a6ae85a434897fa1c9da3096b959/element/f.63F842937ABE5650621AFC3910BCBB57.d.94045B5533492ED36502876391653961.e.12310/click - {}
RESULT: {}
COMMAND: GET /session/a414a6ae85a434897fa1c9da3096b959/screenshot - {}
RESULT: {}
COMMAND: POST /session/a414a6ae85a434897fa1c9da3096b959/element - {"using":"xpath","value":"//bdi[contains(text(), \"Close\")]"}
RESULT: {"using":"xpath","value":"//bdi[contains(text(), \"Close\")]"}
COMMAND: POST /session/a414a6ae85a434897fa1c9da3096b959/element/f.63F842937ABE5650621AFC3910BCBB57.d.94045B5533492ED36502876391653961.e.12482/click - {}
RESULT: {}
COMMAND: GET /session/a414a6ae85a434897fa1c9da3096b959/screenshot - {}
RESULT: {}
COMMAND: POST /session/a414a6ae85a434897fa1c9da3096b959/element - {"using":"xpath","value":"//header[contains(@id, 'detailRruPage-headerTitle')]/div[1]/div[2]/div[2]/span[1]"}
RESULT: {"using":"xpath","value":"//header[contains(@id, 'detailRruPage-headerTitle')]/div[1]/div[2]/div[2]/span[1]"}
COMMAND: POST /session/a414a6ae85a434897fa1c9da3096b959/elements - {"using":"xpath","value":"//header[contains(@id, 'detailRruPage-headerTitle')]/div[1]/div[2]/div[2]/span[1]"}
RESULT: {"using":"xpath","value":"//header[contains(@id, 'detailRruPage-headerTitle')]/div[1]/div[2]/div[2]/span[1]"}
COMMAND: POST /session/a414a6ae85a434897fa1c9da3096b959/execute/sync - {"script":"<script> [56 bytes]","args":[{"element-6066-11e4-a52e-4f735466cecf":"f.63F842937ABE5650621AFC3910BCBB57.d.94045B5533492ED36502876391653961.e.12511","ELEMENT":"f.63F842937ABE5650621AFC3910BCBB57.d.94045B5533492ED36502876391653961.e.12511"}]}
RESULT: {"script":"<script> [56 bytes]","args":[{"element-6066-11e4-a52e-4f735466cecf":"f.63F842937ABE5650621AFC3910BCBB57.d.94045B5533492ED36502876391653961.e.12511","ELEMENT":"f.63F842937ABE5650621AFC3910BCBB57.d.94045B5533492ED36502876391653961.e.12511"}]}
COMMAND: POST /session/a414a6ae85a434897fa1c9da3096b959/element - {"using":"css selector","value":"#shell-header-logo"}
COMMAND: GET /session/a414a6ae85a434897fa1c9da3096b959/screenshot - {}
RESULT: {"using":"css selector","value":"#shell-header-logo"}
COMMAND: POST /session/a414a6ae85a434897fa1c9da3096b959/element/f.63F842937ABE5650621AFC3910BCBB57.d.94045B5533492ED36502876391653961.e.11777/click - {}
RESULT: {}
RESULT: {}
COMMAND: GET /session/a414a6ae85a434897fa1c9da3096b959/screenshot - {}
RESULT: {}
]]></system-out>
    </testcase>
    <testcase classname="chrome.136_0_7103_93.windows.Create_masterdata_for_Yard_Overview_-_trigger_provide_US130988" name="Bin Status Report Should Create New Organization yard" time="0.004"/>
    <testcase classname="chrome.136_0_7103_93.windows.Create_masterdata_for_Yard_Overview_-_trigger_provide_US130988" name="Create a Warehouse Movement for created yard" time="47.943">
      <system-out><![CDATA[
COMMAND: POST /session/a414a6ae85a434897fa1c9da3096b959/execute/async - {"script":"<script> [1562 bytes]","args":[{"selector":{"controlType":"sap.m.GenericTile","properties":{"header":"Manage Warehouse Movements"}},"wdio_ui5_key":"sapm.GenericTile{\"header\":\"Manage Warehouse Movements\"}"}]}
RESULT: {"script":"<script> [1562 bytes]","args":[{"selector":{"controlType":"sap.m.GenericTile","properties":{"header":"Manage Warehouse Movements"}},"wdio_ui5_key":"sapm.GenericTile{\"header\":\"Manage Warehouse Movements\"}"}]}
RESULT: undefined
COMMAND: POST /session/a414a6ae85a434897fa1c9da3096b959/element - {"using":"xpath","value":"//*[@id=\"__tile105\"]"}
RESULT: {"using":"xpath","value":"//*[@id=\"__tile105\"]"}
COMMAND: POST /session/a414a6ae85a434897fa1c9da3096b959/element/f.63F842937ABE5650621AFC3910BCBB57.d.94045B5533492ED36502876391653961.e.12513/click - {}
RESULT: {}
COMMAND: POST /session/a414a6ae85a434897fa1c9da3096b959/element - {"using":"xpath","value":"//input[@id='application-warehousemovements-display-component---warehouseMovements--smartFilterBar-filterItemControl_BASIC-YARD-inner']"}
COMMAND: GET /session/a414a6ae85a434897fa1c9da3096b959/screenshot - {}
RESULT: {"using":"xpath","value":"//input[@id='application-warehousemovements-display-component---warehouseMovements--smartFilterBar-filterItemControl_BASIC-YARD-inner']"}
COMMAND: POST /session/a414a6ae85a434897fa1c9da3096b959/elements - {"using":"xpath","value":"//input[@id='application-warehousemovements-display-component---warehouseMovements--smartFilterBar-filterItemControl_BASIC-YARD-inner']"}
RESULT: {}
RESULT: {"using":"xpath","value":"//input[@id='application-warehousemovements-display-component---warehouseMovements--smartFilterBar-filterItemControl_BASIC-YARD-inner']"}
COMMAND: POST /session/a414a6ae85a434897fa1c9da3096b959/elements - {"using":"xpath","value":"//input[@id='application-warehousemovements-display-component---warehouseMovements--smartFilterBar-filterItemControl_BASIC-YARD-inner']"}
RESULT: {"using":"xpath","value":"//input[@id='application-warehousemovements-display-component---warehouseMovements--smartFilterBar-filterItemControl_BASIC-YARD-inner']"}
COMMAND: POST /session/a414a6ae85a434897fa1c9da3096b959/elements - {"using":"xpath","value":"//input[@id='application-warehousemovements-display-component---warehouseMovements--smartFilterBar-filterItemControl_BASIC-YARD-inner']"}
RESULT: {"using":"xpath","value":"//input[@id='application-warehousemovements-display-component---warehouseMovements--smartFilterBar-filterItemControl_BASIC-YARD-inner']"}
COMMAND: POST /session/a414a6ae85a434897fa1c9da3096b959/element - {"using":"xpath","value":"//input[@id='application-warehousemovements-display-component---warehouseMovements--smartFilterBar-filterItemControl_BASIC-YARD-inner']"}
RESULT: {"using":"xpath","value":"//input[@id='application-warehousemovements-display-component---warehouseMovements--smartFilterBar-filterItemControl_BASIC-YARD-inner']"}
COMMAND: POST /session/a414a6ae85a434897fa1c9da3096b959/execute/sync - {"script":"<script> [8489 bytes]","args":[{"element-6066-11e4-a52e-4f735466cecf":"f.63F842937ABE5650621AFC3910BCBB57.d.94045B5533492ED36502876391653961.e.12523","ELEMENT":"f.63F842937ABE5650621AFC3910BCBB57.d.94045B5533492ED36502876391653961.e.12523"}]}
RESULT: {"script":"<script> [8489 bytes]","args":[{"element-6066-11e4-a52e-4f735466cecf":"f.63F842937ABE5650621AFC3910BCBB57.d.94045B5533492ED36502876391653961.e.12523","ELEMENT":"f.63F842937ABE5650621AFC3910BCBB57.d.94045B5533492ED36502876391653961.e.12523"}]}
COMMAND: GET /session/a414a6ae85a434897fa1c9da3096b959/element/f.63F842937ABE5650621AFC3910BCBB57.d.94045B5533492ED36502876391653961.e.12523/enabled - {}
COMMAND: GET /session/a414a6ae85a434897fa1c9da3096b959/screenshot - {}
RESULT: {}
COMMAND: POST /session/a414a6ae85a434897fa1c9da3096b959/execute/sync - {"script":"<script> [8489 bytes]","args":[{"element-6066-11e4-a52e-4f735466cecf":"f.63F842937ABE5650621AFC3910BCBB57.d.94045B5533492ED36502876391653961.e.12523","ELEMENT":"f.63F842937ABE5650621AFC3910BCBB57.d.94045B5533492ED36502876391653961.e.12523"}]}
COMMAND: GET /session/a414a6ae85a434897fa1c9da3096b959/screenshot - {}
RESULT: {}
RESULT: {"script":"<script> [8489 bytes]","args":[{"element-6066-11e4-a52e-4f735466cecf":"f.63F842937ABE5650621AFC3910BCBB57.d.94045B5533492ED36502876391653961.e.12523","ELEMENT":"f.63F842937ABE5650621AFC3910BCBB57.d.94045B5533492ED36502876391653961.e.12523"}]}
COMMAND: POST /session/a414a6ae85a434897fa1c9da3096b959/execute/sync - {"script":"<script> [5351 bytes]","args":[{"element-6066-11e4-a52e-4f735466cecf":"f.63F842937ABE5650621AFC3910BCBB57.d.94045B5533492ED36502876391653961.e.12523","ELEMENT":"f.63F842937ABE5650621AFC3910BCBB57.d.94045B5533492ED36502876391653961.e.12523"}]}
COMMAND: GET /session/a414a6ae85a434897fa1c9da3096b959/screenshot - {}
RESULT: {}
RESULT: {"script":"<script> [5351 bytes]","args":[{"element-6066-11e4-a52e-4f735466cecf":"f.63F842937ABE5650621AFC3910BCBB57.d.94045B5533492ED36502876391653961.e.12523","ELEMENT":"f.63F842937ABE5650621AFC3910BCBB57.d.94045B5533492ED36502876391653961.e.12523"}]}
COMMAND: GET /session/a414a6ae85a434897fa1c9da3096b959/screenshot - {}
RESULT: {}
RESULT: {}
COMMAND: POST /session/a414a6ae85a434897fa1c9da3096b959/element/f.63F842937ABE5650621AFC3910BCBB57.d.94045B5533492ED36502876391653961.e.12523/clear - {}
RESULT: {}
COMMAND: POST /session/a414a6ae85a434897fa1c9da3096b959/element/f.63F842937ABE5650621AFC3910BCBB57.d.94045B5533492ED36502876391653961.e.12523/value - {"text":"497"}
COMMAND: GET /session/a414a6ae85a434897fa1c9da3096b959/screenshot - {}
RESULT: {"text":"497"}
COMMAND: POST /session/a414a6ae85a434897fa1c9da3096b959/actions - {"actions":[{"id":"action39","type":"key","parameters":{},"actions":[{"type":"keyDown","value":""},{"type":"pause","duration":10},{"type":"keyUp","value":""}]}]}
COMMAND: GET /session/a414a6ae85a434897fa1c9da3096b959/screenshot - {}
RESULT: {}
RESULT: {"actions":[{"id":"action39","type":"key","parameters":{},"actions":[{"type":"keyDown","value":""},{"type":"pause","duration":10},{"type":"keyUp","value":""}]}]}
COMMAND: GET /session/a414a6ae85a434897fa1c9da3096b959/screenshot - {}
RESULT: {}
RESULT: {}
COMMAND: POST /session/a414a6ae85a434897fa1c9da3096b959/element - {"using":"xpath","value":"//button[contains(@data-kt, \"MasterMovementAddOverflowToolbarButton\")]"}
RESULT: {"using":"xpath","value":"//button[contains(@data-kt, \"MasterMovementAddOverflowToolbarButton\")]"}
COMMAND: POST /session/a414a6ae85a434897fa1c9da3096b959/element/f.63F842937ABE5650621AFC3910BCBB57.d.94045B5533492ED36502876391653961.e.12557/click - {}
RESULT: {}
COMMAND: GET /session/a414a6ae85a434897fa1c9da3096b959/screenshot - {}
RESULT: {}
COMMAND: POST /session/a414a6ae85a434897fa1c9da3096b959/element - {"using":"xpath","value":"//*[@id=\"application-warehousemovements-display-component---addMovement--sectionsList-arrow\"]"}
RESULT: {"using":"xpath","value":"//*[@id=\"application-warehousemovements-display-component---addMovement--sectionsList-arrow\"]"}
COMMAND: POST /session/a414a6ae85a434897fa1c9da3096b959/element/f.63F842937ABE5650621AFC3910BCBB57.d.94045B5533492ED36502876391653961.e.12726/click - {}
RESULT: {}
COMMAND: POST /session/a414a6ae85a434897fa1c9da3096b959/actions - {"actions":[{"id":"action40","type":"key","parameters":{},"actions":[{"type":"keyDown","value":""},{"type":"pause","duration":10},{"type":"keyUp","value":""}]}]}
COMMAND: GET /session/a414a6ae85a434897fa1c9da3096b959/screenshot - {}
RESULT: {"actions":[{"id":"action40","type":"key","parameters":{},"actions":[{"type":"keyDown","value":""},{"type":"pause","duration":10},{"type":"keyUp","value":""}]}]}
COMMAND: GET /session/a414a6ae85a434897fa1c9da3096b959/screenshot - {}
RESULT: {}
RESULT: {}
COMMAND: POST /session/a414a6ae85a434897fa1c9da3096b959/actions - {"actions":[{"id":"action41","type":"key","parameters":{},"actions":[{"type":"keyDown","value":""},{"type":"pause","duration":10},{"type":"keyUp","value":""}]}]}
RESULT: {"actions":[{"id":"action41","type":"key","parameters":{},"actions":[{"type":"keyDown","value":""},{"type":"pause","duration":10},{"type":"keyUp","value":""}]}]}
COMMAND: GET /session/a414a6ae85a434897fa1c9da3096b959/screenshot - {}
RESULT: {}
COMMAND: POST /session/a414a6ae85a434897fa1c9da3096b959/element - {"using":"xpath","value":"//*[@id=\"application-warehousemovements-display-component---addMovement--saveMovementBtn-BDI-content\" and text()=\"Save\"]"}
RESULT: {"using":"xpath","value":"//*[@id=\"application-warehousemovements-display-component---addMovement--saveMovementBtn-BDI-content\" and text()=\"Save\"]"}
COMMAND: POST /session/a414a6ae85a434897fa1c9da3096b959/element/f.63F842937ABE5650621AFC3910BCBB57.d.94045B5533492ED36502876391653961.e.12727/click - {}
RESULT: {}
COMMAND: GET /session/a414a6ae85a434897fa1c9da3096b959/screenshot - {}
RESULT: {}
COMMAND: POST /session/a414a6ae85a434897fa1c9da3096b959/element - {"using":"css selector","value":"#shell-header-logo"}
RESULT: {"using":"css selector","value":"#shell-header-logo"}
COMMAND: POST /session/a414a6ae85a434897fa1c9da3096b959/element/f.63F842937ABE5650621AFC3910BCBB57.d.94045B5533492ED36502876391653961.e.12518/click - {}
RESULT: {}
COMMAND: GET /session/a414a6ae85a434897fa1c9da3096b959/screenshot - {}
RESULT: {}
]]></system-out>
    </testcase>
    <testcase classname="chrome.136_0_7103_93.windows.Create_masterdata_for_Yard_Overview_-_trigger_provide_US130988" name="Should do a stock increase handover for equipment" time="96.736">
      <failure/>
      <error message="Can't call click on element with selector &quot;//li[.//span[contains(text(),'497 -')]]&quot; because element wasn't found"/>
      <system-out><![CDATA[
COMMAND: POST /session/a414a6ae85a434897fa1c9da3096b959/execute/async - {"script":"<script> [1562 bytes]","args":[{"selector":{"controlType":"sap.m.GenericTile","properties":{"header":"Manage Handovers"}},"wdio_ui5_key":"sapm.GenericTile{\"header\":\"Manage Handovers\"}"}]}
RESULT: {"script":"<script> [1562 bytes]","args":[{"selector":{"controlType":"sap.m.GenericTile","properties":{"header":"Manage Handovers"}},"wdio_ui5_key":"sapm.GenericTile{\"header\":\"Manage Handovers\"}"}]}
RESULT: undefined
COMMAND: POST /session/a414a6ae85a434897fa1c9da3096b959/element - {"using":"xpath","value":"//*[@id=\"__tile133\"]"}
RESULT: {"using":"xpath","value":"//*[@id=\"__tile133\"]"}
COMMAND: POST /session/a414a6ae85a434897fa1c9da3096b959/element/f.63F842937ABE5650621AFC3910BCBB57.d.94045B5533492ED36502876391653961.e.11834/click - {}
RESULT: {}
COMMAND: GET /session/a414a6ae85a434897fa1c9da3096b959/screenshot - {}
RESULT: {}
COMMAND: POST /session/a414a6ae85a434897fa1c9da3096b959/elements - {"using":"xpath","value":"//span[text()='Error']"}
RESULT: {"using":"xpath","value":"//span[text()='Error']"}
COMMAND: POST /session/a414a6ae85a434897fa1c9da3096b959/element - {"using":"xpath","value":"//button[@data-kt=\"masterHOAddButton\"]"}
RESULT: {"using":"xpath","value":"//button[@data-kt=\"masterHOAddButton\"]"}
COMMAND: POST /session/a414a6ae85a434897fa1c9da3096b959/elements - {"using":"xpath","value":"//button[@data-kt=\"masterHOAddButton\"]"}
RESULT: {"using":"xpath","value":"//button[@data-kt=\"masterHOAddButton\"]"}
COMMAND: POST /session/a414a6ae85a434897fa1c9da3096b959/execute/sync - {"script":"<script> [8489 bytes]","args":[{"element-6066-11e4-a52e-4f735466cecf":"f.63F842937ABE5650621AFC3910BCBB57.d.94045B5533492ED36502876391653961.e.12827","ELEMENT":"f.63F842937ABE5650621AFC3910BCBB57.d.94045B5533492ED36502876391653961.e.12827"}]}
RESULT: {"script":"<script> [8489 bytes]","args":[{"element-6066-11e4-a52e-4f735466cecf":"f.63F842937ABE5650621AFC3910BCBB57.d.94045B5533492ED36502876391653961.e.12827","ELEMENT":"f.63F842937ABE5650621AFC3910BCBB57.d.94045B5533492ED36502876391653961.e.12827"}]}
COMMAND: GET /session/a414a6ae85a434897fa1c9da3096b959/element/f.63F842937ABE5650621AFC3910BCBB57.d.94045B5533492ED36502876391653961.e.12827/enabled - {}
COMMAND: GET /session/a414a6ae85a434897fa1c9da3096b959/screenshot - {}
RESULT: {}
COMMAND: POST /session/a414a6ae85a434897fa1c9da3096b959/execute/sync - {"script":"<script> [8489 bytes]","args":[{"element-6066-11e4-a52e-4f735466cecf":"f.63F842937ABE5650621AFC3910BCBB57.d.94045B5533492ED36502876391653961.e.12827","ELEMENT":"f.63F842937ABE5650621AFC3910BCBB57.d.94045B5533492ED36502876391653961.e.12827"}]}
COMMAND: GET /session/a414a6ae85a434897fa1c9da3096b959/screenshot - {}
RESULT: {}
RESULT: {"script":"<script> [8489 bytes]","args":[{"element-6066-11e4-a52e-4f735466cecf":"f.63F842937ABE5650621AFC3910BCBB57.d.94045B5533492ED36502876391653961.e.12827","ELEMENT":"f.63F842937ABE5650621AFC3910BCBB57.d.94045B5533492ED36502876391653961.e.12827"}]}
COMMAND: POST /session/a414a6ae85a434897fa1c9da3096b959/execute/sync - {"script":"<script> [5351 bytes]","args":[{"element-6066-11e4-a52e-4f735466cecf":"f.63F842937ABE5650621AFC3910BCBB57.d.94045B5533492ED36502876391653961.e.12827","ELEMENT":"f.63F842937ABE5650621AFC3910BCBB57.d.94045B5533492ED36502876391653961.e.12827"}]}
COMMAND: GET /session/a414a6ae85a434897fa1c9da3096b959/screenshot - {}
RESULT: {}
RESULT: {"script":"<script> [5351 bytes]","args":[{"element-6066-11e4-a52e-4f735466cecf":"f.63F842937ABE5650621AFC3910BCBB57.d.94045B5533492ED36502876391653961.e.12827","ELEMENT":"f.63F842937ABE5650621AFC3910BCBB57.d.94045B5533492ED36502876391653961.e.12827"}]}
COMMAND: POST /session/a414a6ae85a434897fa1c9da3096b959/element/f.63F842937ABE5650621AFC3910BCBB57.d.94045B5533492ED36502876391653961.e.12827/click - {}
COMMAND: GET /session/a414a6ae85a434897fa1c9da3096b959/screenshot - {}
RESULT: {}
RESULT: {}
COMMAND: GET /session/a414a6ae85a434897fa1c9da3096b959/screenshot - {}
RESULT: {}
COMMAND: POST /session/a414a6ae85a434897fa1c9da3096b959/element - {"using":"xpath","value":"//span[contains(@id ,\"AddNewHO--typeSelect-arrow\")]"}
RESULT: {}
RESULT: {"using":"xpath","value":"//span[contains(@id ,\"AddNewHO--typeSelect-arrow\")]"}
COMMAND: POST /session/a414a6ae85a434897fa1c9da3096b959/element/f.63F842937ABE5650621AFC3910BCBB57.d.94045B5533492ED36502876391653961.e.13176/click - {}
RESULT: {}
COMMAND: GET /session/a414a6ae85a434897fa1c9da3096b959/screenshot - {}
RESULT: {}
COMMAND: POST /session/a414a6ae85a434897fa1c9da3096b959/element - {"using":"xpath","value":"(//li[contains(text(), \"stock increase yard\")])[1]"}
RESULT: {"using":"xpath","value":"(//li[contains(text(), \"stock increase yard\")])[1]"}
COMMAND: POST /session/a414a6ae85a434897fa1c9da3096b959/element/f.63F842937ABE5650621AFC3910BCBB57.d.94045B5533492ED36502876391653961.e.13177/click - {}
RESULT: {}
COMMAND: GET /session/a414a6ae85a434897fa1c9da3096b959/screenshot - {}
RESULT: {}
COMMAND: POST /session/a414a6ae85a434897fa1c9da3096b959/execute/async - {"script":"<script> [1562 bytes]","args":[{"selector":{"id":"application-managehandovers-display-component---AddNewHO--dueDate","interaction":{"idSuffix":"inner"}},"wdio_ui5_key":"applicationmanagehandovers-display-component---AddNewHO--dueDate"}]}
RESULT: {"script":"<script> [1562 bytes]","args":[{"selector":{"id":"application-managehandovers-display-component---AddNewHO--dueDate","interaction":{"idSuffix":"inner"}},"wdio_ui5_key":"applicationmanagehandovers-display-component---AddNewHO--dueDate"}]}
RESULT: undefined
COMMAND: POST /session/a414a6ae85a434897fa1c9da3096b959/execute/async - {"script":"<script> [6424 bytes]","args":[{"element-6066-11e4-a52e-4f735466cecf":"f.63F842937ABE5650621AFC3910BCBB57.d.94045B5533492ED36502876391653961.e.13179"},"setValue",["5/30/25"]]}
RESULT: {"script":"<script> [6424 bytes]","args":[{"element-6066-11e4-a52e-4f735466cecf":"f.63F842937ABE5650621AFC3910BCBB57.d.94045B5533492ED36502876391653961.e.13179"},"setValue",["5/30/25"]]}
COMMAND: POST /session/a414a6ae85a434897fa1c9da3096b959/element - {"using":"xpath","value":"//input[@id=\"generalSectionFrg--receiveYard-inner\"]"}
RESULT: {"using":"xpath","value":"//input[@id=\"generalSectionFrg--receiveYard-inner\"]"}
COMMAND: POST /session/a414a6ae85a434897fa1c9da3096b959/element/f.63F842937ABE5650621AFC3910BCBB57.d.94045B5533492ED36502876391653961.e.13185/clear - {}
RESULT: {}
COMMAND: POST /session/a414a6ae85a434897fa1c9da3096b959/element/f.63F842937ABE5650621AFC3910BCBB57.d.94045B5533492ED36502876391653961.e.13185/value - {"text":"497"}
COMMAND: GET /session/a414a6ae85a434897fa1c9da3096b959/screenshot - {}
RESULT: {"text":"497"}
COMMAND: GET /session/a414a6ae85a434897fa1c9da3096b959/screenshot - {}
RESULT: {}
RESULT: {}
COMMAND: POST /session/a414a6ae85a434897fa1c9da3096b959/element - {"using":"xpath","value":"//li[.//span[contains(text(),'497 -')]]"}
RESULT: {"using":"xpath","value":"//li[.//span[contains(text(),'497 -')]]"}
COMMAND: POST /session/a414a6ae85a434897fa1c9da3096b959/elements - {"using":"xpath","value":"//li[.//span[contains(text(),'497 -')]]"}
RESULT: {"using":"xpath","value":"//li[.//span[contains(text(),'497 -')]]"}
COMMAND: POST /session/a414a6ae85a434897fa1c9da3096b959/elements - {"using":"xpath","value":"//li[.//span[contains(text(),'497 -')]]"}
RESULT: {"using":"xpath","value":"//li[.//span[contains(text(),'497 -')]]"}
COMMAND: POST /session/a414a6ae85a434897fa1c9da3096b959/elements - {"using":"xpath","value":"//li[.//span[contains(text(),'497 -')]]"}
RESULT: {"using":"xpath","value":"//li[.//span[contains(text(),'497 -')]]"}
COMMAND: POST /session/a414a6ae85a434897fa1c9da3096b959/elements - {"using":"xpath","value":"//li[.//span[contains(text(),'497 -')]]"}
RESULT: {"using":"xpath","value":"//li[.//span[contains(text(),'497 -')]]"}
COMMAND: POST /session/a414a6ae85a434897fa1c9da3096b959/elements - {"using":"xpath","value":"//li[.//span[contains(text(),'497 -')]]"}
RESULT: {"using":"xpath","value":"//li[.//span[contains(text(),'497 -')]]"}
COMMAND: POST /session/a414a6ae85a434897fa1c9da3096b959/elements - {"using":"xpath","value":"//li[.//span[contains(text(),'497 -')]]"}
RESULT: {"using":"xpath","value":"//li[.//span[contains(text(),'497 -')]]"}
COMMAND: POST /session/a414a6ae85a434897fa1c9da3096b959/elements - {"using":"xpath","value":"//li[.//span[contains(text(),'497 -')]]"}
RESULT: {"using":"xpath","value":"//li[.//span[contains(text(),'497 -')]]"}
COMMAND: POST /session/a414a6ae85a434897fa1c9da3096b959/elements - {"using":"xpath","value":"//li[.//span[contains(text(),'497 -')]]"}
RESULT: {"using":"xpath","value":"//li[.//span[contains(text(),'497 -')]]"}
COMMAND: POST /session/a414a6ae85a434897fa1c9da3096b959/elements - {"using":"xpath","value":"//li[.//span[contains(text(),'497 -')]]"}
RESULT: {"using":"xpath","value":"//li[.//span[contains(text(),'497 -')]]"}
COMMAND: POST /session/a414a6ae85a434897fa1c9da3096b959/elements - {"using":"xpath","value":"//li[.//span[contains(text(),'497 -')]]"}
RESULT: {"using":"xpath","value":"//li[.//span[contains(text(),'497 -')]]"}
COMMAND: POST /session/a414a6ae85a434897fa1c9da3096b959/elements - {"using":"xpath","value":"//li[.//span[contains(text(),'497 -')]]"}
RESULT: {"using":"xpath","value":"//li[.//span[contains(text(),'497 -')]]"}
COMMAND: POST /session/a414a6ae85a434897fa1c9da3096b959/elements - {"using":"xpath","value":"//li[.//span[contains(text(),'497 -')]]"}
RESULT: {"using":"xpath","value":"//li[.//span[contains(text(),'497 -')]]"}
COMMAND: POST /session/a414a6ae85a434897fa1c9da3096b959/elements - {"using":"xpath","value":"//li[.//span[contains(text(),'497 -')]]"}
RESULT: {"using":"xpath","value":"//li[.//span[contains(text(),'497 -')]]"}
COMMAND: POST /session/a414a6ae85a434897fa1c9da3096b959/elements - {"using":"xpath","value":"//li[.//span[contains(text(),'497 -')]]"}
RESULT: {"using":"xpath","value":"//li[.//span[contains(text(),'497 -')]]"}
COMMAND: POST /session/a414a6ae85a434897fa1c9da3096b959/elements - {"using":"xpath","value":"//li[.//span[contains(text(),'497 -')]]"}
RESULT: {"using":"xpath","value":"//li[.//span[contains(text(),'497 -')]]"}
COMMAND: POST /session/a414a6ae85a434897fa1c9da3096b959/elements - {"using":"xpath","value":"//li[.//span[contains(text(),'497 -')]]"}
RESULT: {"using":"xpath","value":"//li[.//span[contains(text(),'497 -')]]"}
COMMAND: POST /session/a414a6ae85a434897fa1c9da3096b959/elements - {"using":"xpath","value":"//li[.//span[contains(text(),'497 -')]]"}
RESULT: {"using":"xpath","value":"//li[.//span[contains(text(),'497 -')]]"}
COMMAND: POST /session/a414a6ae85a434897fa1c9da3096b959/elements - {"using":"xpath","value":"//li[.//span[contains(text(),'497 -')]]"}
RESULT: {"using":"xpath","value":"//li[.//span[contains(text(),'497 -')]]"}
COMMAND: POST /session/a414a6ae85a434897fa1c9da3096b959/elements - {"using":"xpath","value":"//li[.//span[contains(text(),'497 -')]]"}
RESULT: {"using":"xpath","value":"//li[.//span[contains(text(),'497 -')]]"}
COMMAND: POST /session/a414a6ae85a434897fa1c9da3096b959/elements - {"using":"xpath","value":"//li[.//span[contains(text(),'497 -')]]"}
RESULT: {"using":"xpath","value":"//li[.//span[contains(text(),'497 -')]]"}
COMMAND: POST /session/a414a6ae85a434897fa1c9da3096b959/elements - {"using":"xpath","value":"//li[.//span[contains(text(),'497 -')]]"}
RESULT: {"using":"xpath","value":"//li[.//span[contains(text(),'497 -')]]"}
COMMAND: POST /session/a414a6ae85a434897fa1c9da3096b959/elements - {"using":"xpath","value":"//li[.//span[contains(text(),'497 -')]]"}
RESULT: {"using":"xpath","value":"//li[.//span[contains(text(),'497 -')]]"}
COMMAND: POST /session/a414a6ae85a434897fa1c9da3096b959/elements - {"using":"xpath","value":"//li[.//span[contains(text(),'497 -')]]"}
RESULT: {"using":"xpath","value":"//li[.//span[contains(text(),'497 -')]]"}
COMMAND: POST /session/a414a6ae85a434897fa1c9da3096b959/elements - {"using":"xpath","value":"//li[.//span[contains(text(),'497 -')]]"}
RESULT: {"using":"xpath","value":"//li[.//span[contains(text(),'497 -')]]"}
COMMAND: POST /session/a414a6ae85a434897fa1c9da3096b959/elements - {"using":"xpath","value":"//li[.//span[contains(text(),'497 -')]]"}
RESULT: {"using":"xpath","value":"//li[.//span[contains(text(),'497 -')]]"}
COMMAND: POST /session/a414a6ae85a434897fa1c9da3096b959/elements - {"using":"xpath","value":"//li[.//span[contains(text(),'497 -')]]"}
RESULT: {"using":"xpath","value":"//li[.//span[contains(text(),'497 -')]]"}
COMMAND: POST /session/a414a6ae85a434897fa1c9da3096b959/elements - {"using":"xpath","value":"//li[.//span[contains(text(),'497 -')]]"}
RESULT: {"using":"xpath","value":"//li[.//span[contains(text(),'497 -')]]"}
COMMAND: POST /session/a414a6ae85a434897fa1c9da3096b959/elements - {"using":"xpath","value":"//li[.//span[contains(text(),'497 -')]]"}
RESULT: {"using":"xpath","value":"//li[.//span[contains(text(),'497 -')]]"}
COMMAND: POST /session/a414a6ae85a434897fa1c9da3096b959/elements - {"using":"xpath","value":"//li[.//span[contains(text(),'497 -')]]"}
RESULT: {"using":"xpath","value":"//li[.//span[contains(text(),'497 -')]]"}
COMMAND: POST /session/a414a6ae85a434897fa1c9da3096b959/elements - {"using":"xpath","value":"//li[.//span[contains(text(),'497 -')]]"}
RESULT: {"using":"xpath","value":"//li[.//span[contains(text(),'497 -')]]"}
COMMAND: POST /session/a414a6ae85a434897fa1c9da3096b959/elements - {"using":"xpath","value":"//li[.//span[contains(text(),'497 -')]]"}
RESULT: {"using":"xpath","value":"//li[.//span[contains(text(),'497 -')]]"}
COMMAND: POST /session/a414a6ae85a434897fa1c9da3096b959/elements - {"using":"xpath","value":"//li[.//span[contains(text(),'497 -')]]"}
RESULT: {"using":"xpath","value":"//li[.//span[contains(text(),'497 -')]]"}
COMMAND: POST /session/a414a6ae85a434897fa1c9da3096b959/elements - {"using":"xpath","value":"//li[.//span[contains(text(),'497 -')]]"}
RESULT: {"using":"xpath","value":"//li[.//span[contains(text(),'497 -')]]"}
COMMAND: POST /session/a414a6ae85a434897fa1c9da3096b959/elements - {"using":"xpath","value":"//li[.//span[contains(text(),'497 -')]]"}
RESULT: {"using":"xpath","value":"//li[.//span[contains(text(),'497 -')]]"}
COMMAND: POST /session/a414a6ae85a434897fa1c9da3096b959/elements - {"using":"xpath","value":"//li[.//span[contains(text(),'497 -')]]"}
RESULT: {"using":"xpath","value":"//li[.//span[contains(text(),'497 -')]]"}
COMMAND: POST /session/a414a6ae85a434897fa1c9da3096b959/elements - {"using":"xpath","value":"//li[.//span[contains(text(),'497 -')]]"}
RESULT: {"using":"xpath","value":"//li[.//span[contains(text(),'497 -')]]"}
COMMAND: POST /session/a414a6ae85a434897fa1c9da3096b959/elements - {"using":"xpath","value":"//li[.//span[contains(text(),'497 -')]]"}
RESULT: {"using":"xpath","value":"//li[.//span[contains(text(),'497 -')]]"}
COMMAND: POST /session/a414a6ae85a434897fa1c9da3096b959/elements - {"using":"xpath","value":"//li[.//span[contains(text(),'497 -')]]"}
RESULT: {"using":"xpath","value":"//li[.//span[contains(text(),'497 -')]]"}
COMMAND: POST /session/a414a6ae85a434897fa1c9da3096b959/elements - {"using":"xpath","value":"//li[.//span[contains(text(),'497 -')]]"}
RESULT: {"using":"xpath","value":"//li[.//span[contains(text(),'497 -')]]"}
COMMAND: POST /session/a414a6ae85a434897fa1c9da3096b959/elements - {"using":"xpath","value":"//li[.//span[contains(text(),'497 -')]]"}
RESULT: {"using":"xpath","value":"//li[.//span[contains(text(),'497 -')]]"}
COMMAND: POST /session/a414a6ae85a434897fa1c9da3096b959/elements - {"using":"xpath","value":"//li[.//span[contains(text(),'497 -')]]"}
RESULT: {"using":"xpath","value":"//li[.//span[contains(text(),'497 -')]]"}
COMMAND: POST /session/a414a6ae85a434897fa1c9da3096b959/elements - {"using":"xpath","value":"//li[.//span[contains(text(),'497 -')]]"}
RESULT: {"using":"xpath","value":"//li[.//span[contains(text(),'497 -')]]"}
COMMAND: POST /session/a414a6ae85a434897fa1c9da3096b959/elements - {"using":"xpath","value":"//li[.//span[contains(text(),'497 -')]]"}
RESULT: {"using":"xpath","value":"//li[.//span[contains(text(),'497 -')]]"}
COMMAND: POST /session/a414a6ae85a434897fa1c9da3096b959/elements - {"using":"xpath","value":"//li[.//span[contains(text(),'497 -')]]"}
RESULT: {"using":"xpath","value":"//li[.//span[contains(text(),'497 -')]]"}
COMMAND: POST /session/a414a6ae85a434897fa1c9da3096b959/elements - {"using":"xpath","value":"//li[.//span[contains(text(),'497 -')]]"}
RESULT: {"using":"xpath","value":"//li[.//span[contains(text(),'497 -')]]"}
COMMAND: POST /session/a414a6ae85a434897fa1c9da3096b959/elements - {"using":"xpath","value":"//li[.//span[contains(text(),'497 -')]]"}
RESULT: {"using":"xpath","value":"//li[.//span[contains(text(),'497 -')]]"}
COMMAND: POST /session/a414a6ae85a434897fa1c9da3096b959/elements - {"using":"xpath","value":"//li[.//span[contains(text(),'497 -')]]"}
RESULT: {"using":"xpath","value":"//li[.//span[contains(text(),'497 -')]]"}
COMMAND: POST /session/a414a6ae85a434897fa1c9da3096b959/elements - {"using":"xpath","value":"//li[.//span[contains(text(),'497 -')]]"}
RESULT: {"using":"xpath","value":"//li[.//span[contains(text(),'497 -')]]"}
COMMAND: POST /session/a414a6ae85a434897fa1c9da3096b959/elements - {"using":"xpath","value":"//li[.//span[contains(text(),'497 -')]]"}
RESULT: {"using":"xpath","value":"//li[.//span[contains(text(),'497 -')]]"}
COMMAND: POST /session/a414a6ae85a434897fa1c9da3096b959/elements - {"using":"xpath","value":"//li[.//span[contains(text(),'497 -')]]"}
RESULT: {"using":"xpath","value":"//li[.//span[contains(text(),'497 -')]]"}
COMMAND: POST /session/a414a6ae85a434897fa1c9da3096b959/elements - {"using":"xpath","value":"//li[.//span[contains(text(),'497 -')]]"}
RESULT: {"using":"xpath","value":"//li[.//span[contains(text(),'497 -')]]"}
COMMAND: POST /session/a414a6ae85a434897fa1c9da3096b959/elements - {"using":"xpath","value":"//li[.//span[contains(text(),'497 -')]]"}
RESULT: {"using":"xpath","value":"//li[.//span[contains(text(),'497 -')]]"}
COMMAND: POST /session/a414a6ae85a434897fa1c9da3096b959/elements - {"using":"xpath","value":"//li[.//span[contains(text(),'497 -')]]"}
RESULT: {"using":"xpath","value":"//li[.//span[contains(text(),'497 -')]]"}
COMMAND: POST /session/a414a6ae85a434897fa1c9da3096b959/elements - {"using":"xpath","value":"//li[.//span[contains(text(),'497 -')]]"}
RESULT: {"using":"xpath","value":"//li[.//span[contains(text(),'497 -')]]"}
COMMAND: POST /session/a414a6ae85a434897fa1c9da3096b959/elements - {"using":"xpath","value":"//li[.//span[contains(text(),'497 -')]]"}
RESULT: {"using":"xpath","value":"//li[.//span[contains(text(),'497 -')]]"}
COMMAND: POST /session/a414a6ae85a434897fa1c9da3096b959/elements - {"using":"xpath","value":"//li[.//span[contains(text(),'497 -')]]"}
RESULT: {"using":"xpath","value":"//li[.//span[contains(text(),'497 -')]]"}
COMMAND: POST /session/a414a6ae85a434897fa1c9da3096b959/elements - {"using":"xpath","value":"//li[.//span[contains(text(),'497 -')]]"}
RESULT: {"using":"xpath","value":"//li[.//span[contains(text(),'497 -')]]"}
COMMAND: POST /session/a414a6ae85a434897fa1c9da3096b959/elements - {"using":"xpath","value":"//li[.//span[contains(text(),'497 -')]]"}
RESULT: {"using":"xpath","value":"//li[.//span[contains(text(),'497 -')]]"}
COMMAND: POST /session/a414a6ae85a434897fa1c9da3096b959/elements - {"using":"xpath","value":"//li[.//span[contains(text(),'497 -')]]"}
RESULT: {"using":"xpath","value":"//li[.//span[contains(text(),'497 -')]]"}
COMMAND: POST /session/a414a6ae85a434897fa1c9da3096b959/elements - {"using":"xpath","value":"//li[.//span[contains(text(),'497 -')]]"}
RESULT: {"using":"xpath","value":"//li[.//span[contains(text(),'497 -')]]"}
COMMAND: POST /session/a414a6ae85a434897fa1c9da3096b959/elements - {"using":"xpath","value":"//li[.//span[contains(text(),'497 -')]]"}
RESULT: {"using":"xpath","value":"//li[.//span[contains(text(),'497 -')]]"}
COMMAND: POST /session/a414a6ae85a434897fa1c9da3096b959/elements - {"using":"xpath","value":"//li[.//span[contains(text(),'497 -')]]"}
RESULT: {"using":"xpath","value":"//li[.//span[contains(text(),'497 -')]]"}
COMMAND: POST /session/a414a6ae85a434897fa1c9da3096b959/elements - {"using":"xpath","value":"//li[.//span[contains(text(),'497 -')]]"}
RESULT: {"using":"xpath","value":"//li[.//span[contains(text(),'497 -')]]"}
COMMAND: POST /session/a414a6ae85a434897fa1c9da3096b959/elements - {"using":"xpath","value":"//li[.//span[contains(text(),'497 -')]]"}
RESULT: {"using":"xpath","value":"//li[.//span[contains(text(),'497 -')]]"}
COMMAND: POST /session/a414a6ae85a434897fa1c9da3096b959/elements - {"using":"xpath","value":"//li[.//span[contains(text(),'497 -')]]"}
RESULT: {"using":"xpath","value":"//li[.//span[contains(text(),'497 -')]]"}
COMMAND: POST /session/a414a6ae85a434897fa1c9da3096b959/elements - {"using":"xpath","value":"//li[.//span[contains(text(),'497 -')]]"}
RESULT: {"using":"xpath","value":"//li[.//span[contains(text(),'497 -')]]"}
COMMAND: POST /session/a414a6ae85a434897fa1c9da3096b959/elements - {"using":"xpath","value":"//li[.//span[contains(text(),'497 -')]]"}
RESULT: {"using":"xpath","value":"//li[.//span[contains(text(),'497 -')]]"}
COMMAND: POST /session/a414a6ae85a434897fa1c9da3096b959/elements - {"using":"xpath","value":"//li[.//span[contains(text(),'497 -')]]"}
RESULT: {"using":"xpath","value":"//li[.//span[contains(text(),'497 -')]]"}
COMMAND: POST /session/a414a6ae85a434897fa1c9da3096b959/elements - {"using":"xpath","value":"//li[.//span[contains(text(),'497 -')]]"}
RESULT: {"using":"xpath","value":"//li[.//span[contains(text(),'497 -')]]"}
COMMAND: POST /session/a414a6ae85a434897fa1c9da3096b959/elements - {"using":"xpath","value":"//li[.//span[contains(text(),'497 -')]]"}
RESULT: {"using":"xpath","value":"//li[.//span[contains(text(),'497 -')]]"}
COMMAND: POST /session/a414a6ae85a434897fa1c9da3096b959/elements - {"using":"xpath","value":"//li[.//span[contains(text(),'497 -')]]"}
RESULT: {"using":"xpath","value":"//li[.//span[contains(text(),'497 -')]]"}
COMMAND: POST /session/a414a6ae85a434897fa1c9da3096b959/elements - {"using":"xpath","value":"//li[.//span[contains(text(),'497 -')]]"}
RESULT: {"using":"xpath","value":"//li[.//span[contains(text(),'497 -')]]"}
COMMAND: POST /session/a414a6ae85a434897fa1c9da3096b959/elements - {"using":"xpath","value":"//li[.//span[contains(text(),'497 -')]]"}
RESULT: {"using":"xpath","value":"//li[.//span[contains(text(),'497 -')]]"}
COMMAND: POST /session/a414a6ae85a434897fa1c9da3096b959/elements - {"using":"xpath","value":"//li[.//span[contains(text(),'497 -')]]"}
RESULT: {"using":"xpath","value":"//li[.//span[contains(text(),'497 -')]]"}
COMMAND: POST /session/a414a6ae85a434897fa1c9da3096b959/elements - {"using":"xpath","value":"//li[.//span[contains(text(),'497 -')]]"}
RESULT: {"using":"xpath","value":"//li[.//span[contains(text(),'497 -')]]"}
COMMAND: POST /session/a414a6ae85a434897fa1c9da3096b959/elements - {"using":"xpath","value":"//li[.//span[contains(text(),'497 -')]]"}
RESULT: {"using":"xpath","value":"//li[.//span[contains(text(),'497 -')]]"}
COMMAND: POST /session/a414a6ae85a434897fa1c9da3096b959/elements - {"using":"xpath","value":"//li[.//span[contains(text(),'497 -')]]"}
RESULT: {"using":"xpath","value":"//li[.//span[contains(text(),'497 -')]]"}
COMMAND: POST /session/a414a6ae85a434897fa1c9da3096b959/elements - {"using":"xpath","value":"//li[.//span[contains(text(),'497 -')]]"}
RESULT: {"using":"xpath","value":"//li[.//span[contains(text(),'497 -')]]"}
COMMAND: POST /session/a414a6ae85a434897fa1c9da3096b959/elements - {"using":"xpath","value":"//li[.//span[contains(text(),'497 -')]]"}
RESULT: {"using":"xpath","value":"//li[.//span[contains(text(),'497 -')]]"}
COMMAND: POST /session/a414a6ae85a434897fa1c9da3096b959/elements - {"using":"xpath","value":"//li[.//span[contains(text(),'497 -')]]"}
RESULT: {"using":"xpath","value":"//li[.//span[contains(text(),'497 -')]]"}
COMMAND: POST /session/a414a6ae85a434897fa1c9da3096b959/elements - {"using":"xpath","value":"//li[.//span[contains(text(),'497 -')]]"}
RESULT: {"using":"xpath","value":"//li[.//span[contains(text(),'497 -')]]"}
COMMAND: POST /session/a414a6ae85a434897fa1c9da3096b959/elements - {"using":"xpath","value":"//li[.//span[contains(text(),'497 -')]]"}
RESULT: {"using":"xpath","value":"//li[.//span[contains(text(),'497 -')]]"}
COMMAND: POST /session/a414a6ae85a434897fa1c9da3096b959/elements - {"using":"xpath","value":"//li[.//span[contains(text(),'497 -')]]"}
RESULT: {"using":"xpath","value":"//li[.//span[contains(text(),'497 -')]]"}
COMMAND: POST /session/a414a6ae85a434897fa1c9da3096b959/elements - {"using":"xpath","value":"//li[.//span[contains(text(),'497 -')]]"}
RESULT: {"using":"xpath","value":"//li[.//span[contains(text(),'497 -')]]"}
COMMAND: POST /session/a414a6ae85a434897fa1c9da3096b959/elements - {"using":"xpath","value":"//li[.//span[contains(text(),'497 -')]]"}
RESULT: {"using":"xpath","value":"//li[.//span[contains(text(),'497 -')]]"}
COMMAND: POST /session/a414a6ae85a434897fa1c9da3096b959/elements - {"using":"xpath","value":"//li[.//span[contains(text(),'497 -')]]"}
RESULT: {"using":"xpath","value":"//li[.//span[contains(text(),'497 -')]]"}
COMMAND: POST /session/a414a6ae85a434897fa1c9da3096b959/elements - {"using":"xpath","value":"//li[.//span[contains(text(),'497 -')]]"}
RESULT: {"using":"xpath","value":"//li[.//span[contains(text(),'497 -')]]"}
COMMAND: POST /session/a414a6ae85a434897fa1c9da3096b959/elements - {"using":"xpath","value":"//li[.//span[contains(text(),'497 -')]]"}
RESULT: {"using":"xpath","value":"//li[.//span[contains(text(),'497 -')]]"}
COMMAND: POST /session/a414a6ae85a434897fa1c9da3096b959/elements - {"using":"xpath","value":"//li[.//span[contains(text(),'497 -')]]"}
RESULT: {"using":"xpath","value":"//li[.//span[contains(text(),'497 -')]]"}
COMMAND: POST /session/a414a6ae85a434897fa1c9da3096b959/elements - {"using":"xpath","value":"//li[.//span[contains(text(),'497 -')]]"}
RESULT: {"using":"xpath","value":"//li[.//span[contains(text(),'497 -')]]"}
COMMAND: POST /session/a414a6ae85a434897fa1c9da3096b959/elements - {"using":"xpath","value":"//li[.//span[contains(text(),'497 -')]]"}
RESULT: {"using":"xpath","value":"//li[.//span[contains(text(),'497 -')]]"}
COMMAND: POST /session/a414a6ae85a434897fa1c9da3096b959/elements - {"using":"xpath","value":"//li[.//span[contains(text(),'497 -')]]"}
RESULT: {"using":"xpath","value":"//li[.//span[contains(text(),'497 -')]]"}
COMMAND: POST /session/a414a6ae85a434897fa1c9da3096b959/elements - {"using":"xpath","value":"//li[.//span[contains(text(),'497 -')]]"}
RESULT: {"using":"xpath","value":"//li[.//span[contains(text(),'497 -')]]"}
COMMAND: POST /session/a414a6ae85a434897fa1c9da3096b959/elements - {"using":"xpath","value":"//li[.//span[contains(text(),'497 -')]]"}
RESULT: {"using":"xpath","value":"//li[.//span[contains(text(),'497 -')]]"}
COMMAND: POST /session/a414a6ae85a434897fa1c9da3096b959/elements - {"using":"xpath","value":"//li[.//span[contains(text(),'497 -')]]"}
RESULT: {"using":"xpath","value":"//li[.//span[contains(text(),'497 -')]]"}
COMMAND: POST /session/a414a6ae85a434897fa1c9da3096b959/elements - {"using":"xpath","value":"//li[.//span[contains(text(),'497 -')]]"}
RESULT: {"using":"xpath","value":"//li[.//span[contains(text(),'497 -')]]"}
COMMAND: POST /session/a414a6ae85a434897fa1c9da3096b959/elements - {"using":"xpath","value":"//li[.//span[contains(text(),'497 -')]]"}
RESULT: {"using":"xpath","value":"//li[.//span[contains(text(),'497 -')]]"}
COMMAND: POST /session/a414a6ae85a434897fa1c9da3096b959/elements - {"using":"xpath","value":"//li[.//span[contains(text(),'497 -')]]"}
RESULT: {"using":"xpath","value":"//li[.//span[contains(text(),'497 -')]]"}
COMMAND: POST /session/a414a6ae85a434897fa1c9da3096b959/elements - {"using":"xpath","value":"//li[.//span[contains(text(),'497 -')]]"}
RESULT: {"using":"xpath","value":"//li[.//span[contains(text(),'497 -')]]"}
COMMAND: POST /session/a414a6ae85a434897fa1c9da3096b959/elements - {"using":"xpath","value":"//li[.//span[contains(text(),'497 -')]]"}
RESULT: {"using":"xpath","value":"//li[.//span[contains(text(),'497 -')]]"}
COMMAND: POST /session/a414a6ae85a434897fa1c9da3096b959/elements - {"using":"xpath","value":"//li[.//span[contains(text(),'497 -')]]"}
RESULT: {"using":"xpath","value":"//li[.//span[contains(text(),'497 -')]]"}
COMMAND: POST /session/a414a6ae85a434897fa1c9da3096b959/elements - {"using":"xpath","value":"//li[.//span[contains(text(),'497 -')]]"}
RESULT: {"using":"xpath","value":"//li[.//span[contains(text(),'497 -')]]"}
COMMAND: POST /session/a414a6ae85a434897fa1c9da3096b959/elements - {"using":"xpath","value":"//li[.//span[contains(text(),'497 -')]]"}
RESULT: {"using":"xpath","value":"//li[.//span[contains(text(),'497 -')]]"}
COMMAND: POST /session/a414a6ae85a434897fa1c9da3096b959/elements - {"using":"xpath","value":"//li[.//span[contains(text(),'497 -')]]"}
RESULT: {"using":"xpath","value":"//li[.//span[contains(text(),'497 -')]]"}
COMMAND: POST /session/a414a6ae85a434897fa1c9da3096b959/elements - {"using":"xpath","value":"//li[.//span[contains(text(),'497 -')]]"}
RESULT: {"using":"xpath","value":"//li[.//span[contains(text(),'497 -')]]"}
COMMAND: POST /session/a414a6ae85a434897fa1c9da3096b959/elements - {"using":"xpath","value":"//li[.//span[contains(text(),'497 -')]]"}
RESULT: {"using":"xpath","value":"//li[.//span[contains(text(),'497 -')]]"}
COMMAND: POST /session/a414a6ae85a434897fa1c9da3096b959/elements - {"using":"xpath","value":"//li[.//span[contains(text(),'497 -')]]"}
RESULT: {"using":"xpath","value":"//li[.//span[contains(text(),'497 -')]]"}
COMMAND: POST /session/a414a6ae85a434897fa1c9da3096b959/elements - {"using":"xpath","value":"//li[.//span[contains(text(),'497 -')]]"}
RESULT: {"using":"xpath","value":"//li[.//span[contains(text(),'497 -')]]"}
COMMAND: POST /session/a414a6ae85a434897fa1c9da3096b959/elements - {"using":"xpath","value":"//li[.//span[contains(text(),'497 -')]]"}
RESULT: {"using":"xpath","value":"//li[.//span[contains(text(),'497 -')]]"}
COMMAND: POST /session/a414a6ae85a434897fa1c9da3096b959/elements - {"using":"xpath","value":"//li[.//span[contains(text(),'497 -')]]"}
RESULT: {"using":"xpath","value":"//li[.//span[contains(text(),'497 -')]]"}
COMMAND: POST /session/a414a6ae85a434897fa1c9da3096b959/elements - {"using":"xpath","value":"//li[.//span[contains(text(),'497 -')]]"}
RESULT: {"using":"xpath","value":"//li[.//span[contains(text(),'497 -')]]"}
COMMAND: POST /session/a414a6ae85a434897fa1c9da3096b959/elements - {"using":"xpath","value":"//li[.//span[contains(text(),'497 -')]]"}
RESULT: {"using":"xpath","value":"//li[.//span[contains(text(),'497 -')]]"}
COMMAND: POST /session/a414a6ae85a434897fa1c9da3096b959/elements - {"using":"xpath","value":"//li[.//span[contains(text(),'497 -')]]"}
RESULT: {"using":"xpath","value":"//li[.//span[contains(text(),'497 -')]]"}
COMMAND: POST /session/a414a6ae85a434897fa1c9da3096b959/elements - {"using":"xpath","value":"//li[.//span[contains(text(),'497 -')]]"}
RESULT: {"using":"xpath","value":"//li[.//span[contains(text(),'497 -')]]"}
COMMAND: POST /session/a414a6ae85a434897fa1c9da3096b959/elements - {"using":"xpath","value":"//li[.//span[contains(text(),'497 -')]]"}
RESULT: {"using":"xpath","value":"//li[.//span[contains(text(),'497 -')]]"}
COMMAND: POST /session/a414a6ae85a434897fa1c9da3096b959/elements - {"using":"xpath","value":"//li[.//span[contains(text(),'497 -')]]"}
RESULT: {"using":"xpath","value":"//li[.//span[contains(text(),'497 -')]]"}
COMMAND: POST /session/a414a6ae85a434897fa1c9da3096b959/elements - {"using":"xpath","value":"//li[.//span[contains(text(),'497 -')]]"}
RESULT: {"using":"xpath","value":"//li[.//span[contains(text(),'497 -')]]"}
COMMAND: POST /session/a414a6ae85a434897fa1c9da3096b959/elements - {"using":"xpath","value":"//li[.//span[contains(text(),'497 -')]]"}
RESULT: {"using":"xpath","value":"//li[.//span[contains(text(),'497 -')]]"}
COMMAND: POST /session/a414a6ae85a434897fa1c9da3096b959/elements - {"using":"xpath","value":"//li[.//span[contains(text(),'497 -')]]"}
RESULT: {"using":"xpath","value":"//li[.//span[contains(text(),'497 -')]]"}
COMMAND: POST /session/a414a6ae85a434897fa1c9da3096b959/elements - {"using":"xpath","value":"//li[.//span[contains(text(),'497 -')]]"}
RESULT: {"using":"xpath","value":"//li[.//span[contains(text(),'497 -')]]"}
COMMAND: GET /session/a414a6ae85a434897fa1c9da3096b959/screenshot - {}
RESULT: {}
]]></system-out>
      <system-err><![CDATA[
Error: Can't call click on element with selector "//li[.//span[contains(text(),'497 -')]]" because element wasn't found
    at async UtilsPrerequisites.stockIncrease (D:\a\1\s\test\specs\BTS\prerequisites-and-utils-functions.js:1638:9)
    at async Context.<anonymous> (D:\a\1\s\test\specs\HTR\stock-decrease.spec.js:104:9)
]]></system-err>
    </testcase>
    <testcase classname="chrome.136_0_7103_93.windows.Create_masterdata_for_Yard_Overview_-_trigger_provide_US130988" name="Set status to defect" time="93.322">
      <failure/>
      <error message="Can't call click on element with selector &quot;//li[text()=&quot;defect&quot;]&quot; because element wasn't found"/>
      <system-out><![CDATA[
COMMAND: POST /session/a414a6ae85a434897fa1c9da3096b959/execute/async - {"script":"<script> [1562 bytes]","args":[{"selector":{"controlType":"sap.m.GenericTile","properties":{"header":"Manage States & Performance"}},"wdio_ui5_key":"sapm.GenericTile{\"header\":\"Manage States & Performance\"}"}]}
COMMAND: GET /session/a414a6ae85a434897fa1c9da3096b959/screenshot - {}
RESULT: {"script":"<script> [1562 bytes]","args":[{"selector":{"controlType":"sap.m.GenericTile","properties":{"header":"Manage States & Performance"}},"wdio_ui5_key":"sapm.GenericTile{\"header\":\"Manage States & Performance\"}"}]}
RESULT: undefined
RESULT: {}
COMMAND: POST /session/a414a6ae85a434897fa1c9da3096b959/elements - {"using":"xpath","value":"//span[text()='Error']"}
RESULT: {"using":"xpath","value":"//span[text()='Error']"}
COMMAND: POST /session/a414a6ae85a434897fa1c9da3096b959/execute/async - {"script":"<script> [1562 bytes]","args":[{"selector":{"controlType":"sap.ui.core.Icon","viewName":"etm.portal.ui.managestatesandperformance.view.Master","viewId":"application-managestatesandperformance-display-component---stateAndPerform","properties":{"src":{"regex":{"source":"inventory"}}}},"wdio_ui5_key":"etmportal.ui.managestatesandperformance.view.Mastersap.ui.core.Icon{\"src\":{\"regex\":{\"source\":\"inventory\"}}}"}]}
RESULT: {"script":"<script> [1562 bytes]","args":[{"selector":{"controlType":"sap.ui.core.Icon","viewName":"etm.portal.ui.managestatesandperformance.view.Master","viewId":"application-managestatesandperformance-display-component---stateAndPerform","properties":{"src":{"regex":{"source":"inventory"}}}},"wdio_ui5_key":"etmportal.ui.managestatesandperformance.view.Mastersap.ui.core.Icon{\"src\":{\"regex\":{\"source\":\"inventory\"}}}"}]}
RESULT: undefined
COMMAND: POST /session/a414a6ae85a434897fa1c9da3096b959/execute/async - {"script":"<script> [1562 bytes]","args":[{"selector":{"id":"application-managestatesandperformance-display-component---stateAndPerform--smartFilterBarYard-btnBasicSearch","interaction":{"idSuffix":"I"}},"wdio_ui5_key":"applicationmanagestatesandperformance-display-component---stateAndPerform--smartFilterBarYard-btnBasicSearch"}]}
RESULT: {"script":"<script> [1562 bytes]","args":[{"selector":{"id":"application-managestatesandperformance-display-component---stateAndPerform--smartFilterBarYard-btnBasicSearch","interaction":{"idSuffix":"I"}},"wdio_ui5_key":"applicationmanagestatesandperformance-display-component---stateAndPerform--smartFilterBarYard-btnBasicSearch"}]}
RESULT: undefined
COMMAND: POST /session/a414a6ae85a434897fa1c9da3096b959/actions - {"actions":[{"id":"action42","type":"key","parameters":{},"actions":[{"type":"keyDown","value":""},{"type":"pause","duration":10},{"type":"keyUp","value":""}]}]}
RESULT: {"actions":[{"id":"action42","type":"key","parameters":{},"actions":[{"type":"keyDown","value":""},{"type":"pause","duration":10},{"type":"keyUp","value":""}]}]}
COMMAND: GET /session/a414a6ae85a434897fa1c9da3096b959/screenshot - {}
RESULT: {}
COMMAND: POST /session/a414a6ae85a434897fa1c9da3096b959/element - {"using":"xpath","value":"(//span[contains(@id, \"imgNav\")])[1]"}
RESULT: {"using":"xpath","value":"(//span[contains(@id, \"imgNav\")])[1]"}
COMMAND: POST /session/a414a6ae85a434897fa1c9da3096b959/element/f.63F842937ABE5650621AFC3910BCBB57.d.94045B5533492ED36502876391653961.e.12894/click - {}
RESULT: {}
COMMAND: GET /session/a414a6ae85a434897fa1c9da3096b959/screenshot - {}
RESULT: {}
COMMAND: POST /session/a414a6ae85a434897fa1c9da3096b959/execute/async - {"script":"<script> [1562 bytes]","args":[{"selector":{"controlType":"sap.m.Button","viewName":"etm.portal.ui.managestatesandperformance.view.Detail","viewId":"application-managestatesandperformance-display-component---detailStateAndPerform","i18NText":{"propertyName":"text","key":"createStateChange"},"interaction":{"idSuffix":"content"}},"wdio_ui5_key":"etmportal.ui.managestatesandperformance.view.Detailsap.m.Button{\"propertyName\":\"text\",\"key\":\"createStateChange\"}"}]}
RESULT: {"script":"<script> [1562 bytes]","args":[{"selector":{"controlType":"sap.m.Button","viewName":"etm.portal.ui.managestatesandperformance.view.Detail","viewId":"application-managestatesandperformance-display-component---detailStateAndPerform","i18NText":{"propertyName":"text","key":"createStateChange"},"interaction":{"idSuffix":"content"}},"wdio_ui5_key":"etmportal.ui.managestatesandperformance.view.Detailsap.m.Button{\"propertyName\":\"text\",\"key\":\"createStateChange\"}"}]}
RESULT: undefined
COMMAND: POST /session/a414a6ae85a434897fa1c9da3096b959/execute/async - {"script":"<script> [1562 bytes]","args":[{"selector":{"id":"addStateDialog--stateSelect","searchOpenDialogs":true,"interaction":{"idSuffix":"arrow"}},"wdio_ui5_key":"addStateDialogstateSelect"}]}
RESULT: {"script":"<script> [1562 bytes]","args":[{"selector":{"id":"addStateDialog--stateSelect","searchOpenDialogs":true,"interaction":{"idSuffix":"arrow"}},"wdio_ui5_key":"addStateDialogstateSelect"}]}
RESULT: undefined
COMMAND: POST /session/a414a6ae85a434897fa1c9da3096b959/element - {"using":"xpath","value":"//li[text()=\"defect\"]"}
RESULT: {"using":"xpath","value":"//li[text()=\"defect\"]"}
COMMAND: POST /session/a414a6ae85a434897fa1c9da3096b959/elements - {"using":"xpath","value":"//li[text()=\"defect\"]"}
RESULT: {"using":"xpath","value":"//li[text()=\"defect\"]"}
COMMAND: POST /session/a414a6ae85a434897fa1c9da3096b959/elements - {"using":"xpath","value":"//li[text()=\"defect\"]"}
RESULT: {"using":"xpath","value":"//li[text()=\"defect\"]"}
COMMAND: POST /session/a414a6ae85a434897fa1c9da3096b959/elements - {"using":"xpath","value":"//li[text()=\"defect\"]"}
RESULT: {"using":"xpath","value":"//li[text()=\"defect\"]"}
COMMAND: POST /session/a414a6ae85a434897fa1c9da3096b959/elements - {"using":"xpath","value":"//li[text()=\"defect\"]"}
RESULT: {"using":"xpath","value":"//li[text()=\"defect\"]"}
COMMAND: POST /session/a414a6ae85a434897fa1c9da3096b959/elements - {"using":"xpath","value":"//li[text()=\"defect\"]"}
RESULT: {"using":"xpath","value":"//li[text()=\"defect\"]"}
COMMAND: POST /session/a414a6ae85a434897fa1c9da3096b959/elements - {"using":"xpath","value":"//li[text()=\"defect\"]"}
RESULT: {"using":"xpath","value":"//li[text()=\"defect\"]"}
COMMAND: POST /session/a414a6ae85a434897fa1c9da3096b959/elements - {"using":"xpath","value":"//li[text()=\"defect\"]"}
RESULT: {"using":"xpath","value":"//li[text()=\"defect\"]"}
COMMAND: POST /session/a414a6ae85a434897fa1c9da3096b959/elements - {"using":"xpath","value":"//li[text()=\"defect\"]"}
RESULT: {"using":"xpath","value":"//li[text()=\"defect\"]"}
COMMAND: POST /session/a414a6ae85a434897fa1c9da3096b959/elements - {"using":"xpath","value":"//li[text()=\"defect\"]"}
RESULT: {"using":"xpath","value":"//li[text()=\"defect\"]"}
COMMAND: POST /session/a414a6ae85a434897fa1c9da3096b959/elements - {"using":"xpath","value":"//li[text()=\"defect\"]"}
RESULT: {"using":"xpath","value":"//li[text()=\"defect\"]"}
COMMAND: POST /session/a414a6ae85a434897fa1c9da3096b959/elements - {"using":"xpath","value":"//li[text()=\"defect\"]"}
RESULT: {"using":"xpath","value":"//li[text()=\"defect\"]"}
COMMAND: POST /session/a414a6ae85a434897fa1c9da3096b959/elements - {"using":"xpath","value":"//li[text()=\"defect\"]"}
RESULT: {"using":"xpath","value":"//li[text()=\"defect\"]"}
COMMAND: POST /session/a414a6ae85a434897fa1c9da3096b959/elements - {"using":"xpath","value":"//li[text()=\"defect\"]"}
RESULT: {"using":"xpath","value":"//li[text()=\"defect\"]"}
COMMAND: POST /session/a414a6ae85a434897fa1c9da3096b959/elements - {"using":"xpath","value":"//li[text()=\"defect\"]"}
RESULT: {"using":"xpath","value":"//li[text()=\"defect\"]"}
COMMAND: POST /session/a414a6ae85a434897fa1c9da3096b959/elements - {"using":"xpath","value":"//li[text()=\"defect\"]"}
RESULT: {"using":"xpath","value":"//li[text()=\"defect\"]"}
COMMAND: POST /session/a414a6ae85a434897fa1c9da3096b959/elements - {"using":"xpath","value":"//li[text()=\"defect\"]"}
RESULT: {"using":"xpath","value":"//li[text()=\"defect\"]"}
COMMAND: POST /session/a414a6ae85a434897fa1c9da3096b959/elements - {"using":"xpath","value":"//li[text()=\"defect\"]"}
RESULT: {"using":"xpath","value":"//li[text()=\"defect\"]"}
COMMAND: POST /session/a414a6ae85a434897fa1c9da3096b959/elements - {"using":"xpath","value":"//li[text()=\"defect\"]"}
RESULT: {"using":"xpath","value":"//li[text()=\"defect\"]"}
COMMAND: POST /session/a414a6ae85a434897fa1c9da3096b959/elements - {"using":"xpath","value":"//li[text()=\"defect\"]"}
RESULT: {"using":"xpath","value":"//li[text()=\"defect\"]"}
COMMAND: POST /session/a414a6ae85a434897fa1c9da3096b959/elements - {"using":"xpath","value":"//li[text()=\"defect\"]"}
RESULT: {"using":"xpath","value":"//li[text()=\"defect\"]"}
COMMAND: POST /session/a414a6ae85a434897fa1c9da3096b959/elements - {"using":"xpath","value":"//li[text()=\"defect\"]"}
RESULT: {"using":"xpath","value":"//li[text()=\"defect\"]"}
COMMAND: POST /session/a414a6ae85a434897fa1c9da3096b959/elements - {"using":"xpath","value":"//li[text()=\"defect\"]"}
RESULT: {"using":"xpath","value":"//li[text()=\"defect\"]"}
COMMAND: POST /session/a414a6ae85a434897fa1c9da3096b959/elements - {"using":"xpath","value":"//li[text()=\"defect\"]"}
RESULT: {"using":"xpath","value":"//li[text()=\"defect\"]"}
COMMAND: POST /session/a414a6ae85a434897fa1c9da3096b959/elements - {"using":"xpath","value":"//li[text()=\"defect\"]"}
RESULT: {"using":"xpath","value":"//li[text()=\"defect\"]"}
COMMAND: POST /session/a414a6ae85a434897fa1c9da3096b959/elements - {"using":"xpath","value":"//li[text()=\"defect\"]"}
RESULT: {"using":"xpath","value":"//li[text()=\"defect\"]"}
COMMAND: POST /session/a414a6ae85a434897fa1c9da3096b959/elements - {"using":"xpath","value":"//li[text()=\"defect\"]"}
RESULT: {"using":"xpath","value":"//li[text()=\"defect\"]"}
COMMAND: POST /session/a414a6ae85a434897fa1c9da3096b959/elements - {"using":"xpath","value":"//li[text()=\"defect\"]"}
RESULT: {"using":"xpath","value":"//li[text()=\"defect\"]"}
COMMAND: POST /session/a414a6ae85a434897fa1c9da3096b959/elements - {"using":"xpath","value":"//li[text()=\"defect\"]"}
RESULT: {"using":"xpath","value":"//li[text()=\"defect\"]"}
COMMAND: POST /session/a414a6ae85a434897fa1c9da3096b959/elements - {"using":"xpath","value":"//li[text()=\"defect\"]"}
RESULT: {"using":"xpath","value":"//li[text()=\"defect\"]"}
COMMAND: POST /session/a414a6ae85a434897fa1c9da3096b959/elements - {"using":"xpath","value":"//li[text()=\"defect\"]"}
RESULT: {"using":"xpath","value":"//li[text()=\"defect\"]"}
COMMAND: POST /session/a414a6ae85a434897fa1c9da3096b959/elements - {"using":"xpath","value":"//li[text()=\"defect\"]"}
RESULT: {"using":"xpath","value":"//li[text()=\"defect\"]"}
COMMAND: POST /session/a414a6ae85a434897fa1c9da3096b959/elements - {"using":"xpath","value":"//li[text()=\"defect\"]"}
RESULT: {"using":"xpath","value":"//li[text()=\"defect\"]"}
COMMAND: POST /session/a414a6ae85a434897fa1c9da3096b959/elements - {"using":"xpath","value":"//li[text()=\"defect\"]"}
RESULT: {"using":"xpath","value":"//li[text()=\"defect\"]"}
COMMAND: POST /session/a414a6ae85a434897fa1c9da3096b959/elements - {"using":"xpath","value":"//li[text()=\"defect\"]"}
RESULT: {"using":"xpath","value":"//li[text()=\"defect\"]"}
COMMAND: POST /session/a414a6ae85a434897fa1c9da3096b959/elements - {"using":"xpath","value":"//li[text()=\"defect\"]"}
RESULT: {"using":"xpath","value":"//li[text()=\"defect\"]"}
COMMAND: POST /session/a414a6ae85a434897fa1c9da3096b959/elements - {"using":"xpath","value":"//li[text()=\"defect\"]"}
RESULT: {"using":"xpath","value":"//li[text()=\"defect\"]"}
COMMAND: POST /session/a414a6ae85a434897fa1c9da3096b959/elements - {"using":"xpath","value":"//li[text()=\"defect\"]"}
RESULT: {"using":"xpath","value":"//li[text()=\"defect\"]"}
COMMAND: POST /session/a414a6ae85a434897fa1c9da3096b959/elements - {"using":"xpath","value":"//li[text()=\"defect\"]"}
RESULT: {"using":"xpath","value":"//li[text()=\"defect\"]"}
COMMAND: POST /session/a414a6ae85a434897fa1c9da3096b959/elements - {"using":"xpath","value":"//li[text()=\"defect\"]"}
RESULT: {"using":"xpath","value":"//li[text()=\"defect\"]"}
COMMAND: POST /session/a414a6ae85a434897fa1c9da3096b959/elements - {"using":"xpath","value":"//li[text()=\"defect\"]"}
RESULT: {"using":"xpath","value":"//li[text()=\"defect\"]"}
COMMAND: POST /session/a414a6ae85a434897fa1c9da3096b959/elements - {"using":"xpath","value":"//li[text()=\"defect\"]"}
RESULT: {"using":"xpath","value":"//li[text()=\"defect\"]"}
COMMAND: POST /session/a414a6ae85a434897fa1c9da3096b959/elements - {"using":"xpath","value":"//li[text()=\"defect\"]"}
RESULT: {"using":"xpath","value":"//li[text()=\"defect\"]"}
COMMAND: POST /session/a414a6ae85a434897fa1c9da3096b959/elements - {"using":"xpath","value":"//li[text()=\"defect\"]"}
RESULT: {"using":"xpath","value":"//li[text()=\"defect\"]"}
COMMAND: POST /session/a414a6ae85a434897fa1c9da3096b959/elements - {"using":"xpath","value":"//li[text()=\"defect\"]"}
RESULT: {"using":"xpath","value":"//li[text()=\"defect\"]"}
COMMAND: POST /session/a414a6ae85a434897fa1c9da3096b959/elements - {"using":"xpath","value":"//li[text()=\"defect\"]"}
RESULT: {"using":"xpath","value":"//li[text()=\"defect\"]"}
COMMAND: POST /session/a414a6ae85a434897fa1c9da3096b959/elements - {"using":"xpath","value":"//li[text()=\"defect\"]"}
RESULT: {"using":"xpath","value":"//li[text()=\"defect\"]"}
COMMAND: POST /session/a414a6ae85a434897fa1c9da3096b959/elements - {"using":"xpath","value":"//li[text()=\"defect\"]"}
RESULT: {"using":"xpath","value":"//li[text()=\"defect\"]"}
COMMAND: POST /session/a414a6ae85a434897fa1c9da3096b959/elements - {"using":"xpath","value":"//li[text()=\"defect\"]"}
RESULT: {"using":"xpath","value":"//li[text()=\"defect\"]"}
COMMAND: POST /session/a414a6ae85a434897fa1c9da3096b959/elements - {"using":"xpath","value":"//li[text()=\"defect\"]"}
RESULT: {"using":"xpath","value":"//li[text()=\"defect\"]"}
COMMAND: POST /session/a414a6ae85a434897fa1c9da3096b959/elements - {"using":"xpath","value":"//li[text()=\"defect\"]"}
RESULT: {"using":"xpath","value":"//li[text()=\"defect\"]"}
COMMAND: POST /session/a414a6ae85a434897fa1c9da3096b959/elements - {"using":"xpath","value":"//li[text()=\"defect\"]"}
RESULT: {"using":"xpath","value":"//li[text()=\"defect\"]"}
COMMAND: POST /session/a414a6ae85a434897fa1c9da3096b959/elements - {"using":"xpath","value":"//li[text()=\"defect\"]"}
RESULT: {"using":"xpath","value":"//li[text()=\"defect\"]"}
COMMAND: POST /session/a414a6ae85a434897fa1c9da3096b959/elements - {"using":"xpath","value":"//li[text()=\"defect\"]"}
RESULT: {"using":"xpath","value":"//li[text()=\"defect\"]"}
COMMAND: POST /session/a414a6ae85a434897fa1c9da3096b959/elements - {"using":"xpath","value":"//li[text()=\"defect\"]"}
RESULT: {"using":"xpath","value":"//li[text()=\"defect\"]"}
COMMAND: POST /session/a414a6ae85a434897fa1c9da3096b959/elements - {"using":"xpath","value":"//li[text()=\"defect\"]"}
RESULT: {"using":"xpath","value":"//li[text()=\"defect\"]"}
COMMAND: POST /session/a414a6ae85a434897fa1c9da3096b959/elements - {"using":"xpath","value":"//li[text()=\"defect\"]"}
RESULT: {"using":"xpath","value":"//li[text()=\"defect\"]"}
COMMAND: POST /session/a414a6ae85a434897fa1c9da3096b959/elements - {"using":"xpath","value":"//li[text()=\"defect\"]"}
RESULT: {"using":"xpath","value":"//li[text()=\"defect\"]"}
COMMAND: POST /session/a414a6ae85a434897fa1c9da3096b959/elements - {"using":"xpath","value":"//li[text()=\"defect\"]"}
RESULT: {"using":"xpath","value":"//li[text()=\"defect\"]"}
COMMAND: POST /session/a414a6ae85a434897fa1c9da3096b959/elements - {"using":"xpath","value":"//li[text()=\"defect\"]"}
RESULT: {"using":"xpath","value":"//li[text()=\"defect\"]"}
COMMAND: POST /session/a414a6ae85a434897fa1c9da3096b959/elements - {"using":"xpath","value":"//li[text()=\"defect\"]"}
RESULT: {"using":"xpath","value":"//li[text()=\"defect\"]"}
COMMAND: POST /session/a414a6ae85a434897fa1c9da3096b959/elements - {"using":"xpath","value":"//li[text()=\"defect\"]"}
RESULT: {"using":"xpath","value":"//li[text()=\"defect\"]"}
COMMAND: POST /session/a414a6ae85a434897fa1c9da3096b959/elements - {"using":"xpath","value":"//li[text()=\"defect\"]"}
RESULT: {"using":"xpath","value":"//li[text()=\"defect\"]"}
COMMAND: POST /session/a414a6ae85a434897fa1c9da3096b959/elements - {"using":"xpath","value":"//li[text()=\"defect\"]"}
RESULT: {"using":"xpath","value":"//li[text()=\"defect\"]"}
COMMAND: POST /session/a414a6ae85a434897fa1c9da3096b959/elements - {"using":"xpath","value":"//li[text()=\"defect\"]"}
RESULT: {"using":"xpath","value":"//li[text()=\"defect\"]"}
COMMAND: POST /session/a414a6ae85a434897fa1c9da3096b959/elements - {"using":"xpath","value":"//li[text()=\"defect\"]"}
RESULT: {"using":"xpath","value":"//li[text()=\"defect\"]"}
COMMAND: POST /session/a414a6ae85a434897fa1c9da3096b959/elements - {"using":"xpath","value":"//li[text()=\"defect\"]"}
RESULT: {"using":"xpath","value":"//li[text()=\"defect\"]"}
COMMAND: POST /session/a414a6ae85a434897fa1c9da3096b959/elements - {"using":"xpath","value":"//li[text()=\"defect\"]"}
RESULT: {"using":"xpath","value":"//li[text()=\"defect\"]"}
COMMAND: POST /session/a414a6ae85a434897fa1c9da3096b959/elements - {"using":"xpath","value":"//li[text()=\"defect\"]"}
RESULT: {"using":"xpath","value":"//li[text()=\"defect\"]"}
COMMAND: POST /session/a414a6ae85a434897fa1c9da3096b959/elements - {"using":"xpath","value":"//li[text()=\"defect\"]"}
RESULT: {"using":"xpath","value":"//li[text()=\"defect\"]"}
COMMAND: POST /session/a414a6ae85a434897fa1c9da3096b959/elements - {"using":"xpath","value":"//li[text()=\"defect\"]"}
RESULT: {"using":"xpath","value":"//li[text()=\"defect\"]"}
COMMAND: POST /session/a414a6ae85a434897fa1c9da3096b959/elements - {"using":"xpath","value":"//li[text()=\"defect\"]"}
RESULT: {"using":"xpath","value":"//li[text()=\"defect\"]"}
COMMAND: POST /session/a414a6ae85a434897fa1c9da3096b959/elements - {"using":"xpath","value":"//li[text()=\"defect\"]"}
RESULT: {"using":"xpath","value":"//li[text()=\"defect\"]"}
COMMAND: POST /session/a414a6ae85a434897fa1c9da3096b959/elements - {"using":"xpath","value":"//li[text()=\"defect\"]"}
RESULT: {"using":"xpath","value":"//li[text()=\"defect\"]"}
COMMAND: POST /session/a414a6ae85a434897fa1c9da3096b959/elements - {"using":"xpath","value":"//li[text()=\"defect\"]"}
RESULT: {"using":"xpath","value":"//li[text()=\"defect\"]"}
COMMAND: POST /session/a414a6ae85a434897fa1c9da3096b959/elements - {"using":"xpath","value":"//li[text()=\"defect\"]"}
RESULT: {"using":"xpath","value":"//li[text()=\"defect\"]"}
COMMAND: POST /session/a414a6ae85a434897fa1c9da3096b959/elements - {"using":"xpath","value":"//li[text()=\"defect\"]"}
RESULT: {"using":"xpath","value":"//li[text()=\"defect\"]"}
COMMAND: POST /session/a414a6ae85a434897fa1c9da3096b959/elements - {"using":"xpath","value":"//li[text()=\"defect\"]"}
RESULT: {"using":"xpath","value":"//li[text()=\"defect\"]"}
COMMAND: POST /session/a414a6ae85a434897fa1c9da3096b959/elements - {"using":"xpath","value":"//li[text()=\"defect\"]"}
RESULT: {"using":"xpath","value":"//li[text()=\"defect\"]"}
COMMAND: POST /session/a414a6ae85a434897fa1c9da3096b959/elements - {"using":"xpath","value":"//li[text()=\"defect\"]"}
RESULT: {"using":"xpath","value":"//li[text()=\"defect\"]"}
COMMAND: POST /session/a414a6ae85a434897fa1c9da3096b959/elements - {"using":"xpath","value":"//li[text()=\"defect\"]"}
RESULT: {"using":"xpath","value":"//li[text()=\"defect\"]"}
COMMAND: POST /session/a414a6ae85a434897fa1c9da3096b959/elements - {"using":"xpath","value":"//li[text()=\"defect\"]"}
RESULT: {"using":"xpath","value":"//li[text()=\"defect\"]"}
COMMAND: POST /session/a414a6ae85a434897fa1c9da3096b959/elements - {"using":"xpath","value":"//li[text()=\"defect\"]"}
RESULT: {"using":"xpath","value":"//li[text()=\"defect\"]"}
COMMAND: POST /session/a414a6ae85a434897fa1c9da3096b959/elements - {"using":"xpath","value":"//li[text()=\"defect\"]"}
RESULT: {"using":"xpath","value":"//li[text()=\"defect\"]"}
COMMAND: POST /session/a414a6ae85a434897fa1c9da3096b959/elements - {"using":"xpath","value":"//li[text()=\"defect\"]"}
RESULT: {"using":"xpath","value":"//li[text()=\"defect\"]"}
COMMAND: POST /session/a414a6ae85a434897fa1c9da3096b959/elements - {"using":"xpath","value":"//li[text()=\"defect\"]"}
RESULT: {"using":"xpath","value":"//li[text()=\"defect\"]"}
COMMAND: POST /session/a414a6ae85a434897fa1c9da3096b959/elements - {"using":"xpath","value":"//li[text()=\"defect\"]"}
RESULT: {"using":"xpath","value":"//li[text()=\"defect\"]"}
COMMAND: POST /session/a414a6ae85a434897fa1c9da3096b959/elements - {"using":"xpath","value":"//li[text()=\"defect\"]"}
RESULT: {"using":"xpath","value":"//li[text()=\"defect\"]"}
COMMAND: POST /session/a414a6ae85a434897fa1c9da3096b959/elements - {"using":"xpath","value":"//li[text()=\"defect\"]"}
RESULT: {"using":"xpath","value":"//li[text()=\"defect\"]"}
COMMAND: POST /session/a414a6ae85a434897fa1c9da3096b959/elements - {"using":"xpath","value":"//li[text()=\"defect\"]"}
RESULT: {"using":"xpath","value":"//li[text()=\"defect\"]"}
COMMAND: POST /session/a414a6ae85a434897fa1c9da3096b959/elements - {"using":"xpath","value":"//li[text()=\"defect\"]"}
RESULT: {"using":"xpath","value":"//li[text()=\"defect\"]"}
COMMAND: POST /session/a414a6ae85a434897fa1c9da3096b959/elements - {"using":"xpath","value":"//li[text()=\"defect\"]"}
RESULT: {"using":"xpath","value":"//li[text()=\"defect\"]"}
COMMAND: POST /session/a414a6ae85a434897fa1c9da3096b959/elements - {"using":"xpath","value":"//li[text()=\"defect\"]"}
RESULT: {"using":"xpath","value":"//li[text()=\"defect\"]"}
COMMAND: POST /session/a414a6ae85a434897fa1c9da3096b959/elements - {"using":"xpath","value":"//li[text()=\"defect\"]"}
RESULT: {"using":"xpath","value":"//li[text()=\"defect\"]"}
COMMAND: POST /session/a414a6ae85a434897fa1c9da3096b959/elements - {"using":"xpath","value":"//li[text()=\"defect\"]"}
RESULT: {"using":"xpath","value":"//li[text()=\"defect\"]"}
COMMAND: POST /session/a414a6ae85a434897fa1c9da3096b959/elements - {"using":"xpath","value":"//li[text()=\"defect\"]"}
RESULT: {"using":"xpath","value":"//li[text()=\"defect\"]"}
COMMAND: POST /session/a414a6ae85a434897fa1c9da3096b959/elements - {"using":"xpath","value":"//li[text()=\"defect\"]"}
RESULT: {"using":"xpath","value":"//li[text()=\"defect\"]"}
COMMAND: POST /session/a414a6ae85a434897fa1c9da3096b959/elements - {"using":"xpath","value":"//li[text()=\"defect\"]"}
RESULT: {"using":"xpath","value":"//li[text()=\"defect\"]"}
COMMAND: POST /session/a414a6ae85a434897fa1c9da3096b959/elements - {"using":"xpath","value":"//li[text()=\"defect\"]"}
RESULT: {"using":"xpath","value":"//li[text()=\"defect\"]"}
COMMAND: POST /session/a414a6ae85a434897fa1c9da3096b959/elements - {"using":"xpath","value":"//li[text()=\"defect\"]"}
RESULT: {"using":"xpath","value":"//li[text()=\"defect\"]"}
COMMAND: POST /session/a414a6ae85a434897fa1c9da3096b959/elements - {"using":"xpath","value":"//li[text()=\"defect\"]"}
RESULT: {"using":"xpath","value":"//li[text()=\"defect\"]"}
COMMAND: POST /session/a414a6ae85a434897fa1c9da3096b959/elements - {"using":"xpath","value":"//li[text()=\"defect\"]"}
RESULT: {"using":"xpath","value":"//li[text()=\"defect\"]"}
COMMAND: POST /session/a414a6ae85a434897fa1c9da3096b959/elements - {"using":"xpath","value":"//li[text()=\"defect\"]"}
RESULT: {"using":"xpath","value":"//li[text()=\"defect\"]"}
COMMAND: POST /session/a414a6ae85a434897fa1c9da3096b959/elements - {"using":"xpath","value":"//li[text()=\"defect\"]"}
RESULT: {"using":"xpath","value":"//li[text()=\"defect\"]"}
COMMAND: POST /session/a414a6ae85a434897fa1c9da3096b959/elements - {"using":"xpath","value":"//li[text()=\"defect\"]"}
RESULT: {"using":"xpath","value":"//li[text()=\"defect\"]"}
COMMAND: POST /session/a414a6ae85a434897fa1c9da3096b959/elements - {"using":"xpath","value":"//li[text()=\"defect\"]"}
RESULT: {"using":"xpath","value":"//li[text()=\"defect\"]"}
COMMAND: POST /session/a414a6ae85a434897fa1c9da3096b959/elements - {"using":"xpath","value":"//li[text()=\"defect\"]"}
RESULT: {"using":"xpath","value":"//li[text()=\"defect\"]"}
COMMAND: POST /session/a414a6ae85a434897fa1c9da3096b959/elements - {"using":"xpath","value":"//li[text()=\"defect\"]"}
RESULT: {"using":"xpath","value":"//li[text()=\"defect\"]"}
COMMAND: POST /session/a414a6ae85a434897fa1c9da3096b959/elements - {"using":"xpath","value":"//li[text()=\"defect\"]"}
RESULT: {"using":"xpath","value":"//li[text()=\"defect\"]"}
COMMAND: POST /session/a414a6ae85a434897fa1c9da3096b959/elements - {"using":"xpath","value":"//li[text()=\"defect\"]"}
RESULT: {"using":"xpath","value":"//li[text()=\"defect\"]"}
COMMAND: POST /session/a414a6ae85a434897fa1c9da3096b959/elements - {"using":"xpath","value":"//li[text()=\"defect\"]"}
RESULT: {"using":"xpath","value":"//li[text()=\"defect\"]"}
COMMAND: POST /session/a414a6ae85a434897fa1c9da3096b959/elements - {"using":"xpath","value":"//li[text()=\"defect\"]"}
RESULT: {"using":"xpath","value":"//li[text()=\"defect\"]"}
COMMAND: POST /session/a414a6ae85a434897fa1c9da3096b959/elements - {"using":"xpath","value":"//li[text()=\"defect\"]"}
RESULT: {"using":"xpath","value":"//li[text()=\"defect\"]"}
COMMAND: POST /session/a414a6ae85a434897fa1c9da3096b959/elements - {"using":"xpath","value":"//li[text()=\"defect\"]"}
RESULT: {"using":"xpath","value":"//li[text()=\"defect\"]"}
COMMAND: POST /session/a414a6ae85a434897fa1c9da3096b959/elements - {"using":"xpath","value":"//li[text()=\"defect\"]"}
RESULT: {"using":"xpath","value":"//li[text()=\"defect\"]"}
COMMAND: POST /session/a414a6ae85a434897fa1c9da3096b959/elements - {"using":"xpath","value":"//li[text()=\"defect\"]"}
RESULT: {"using":"xpath","value":"//li[text()=\"defect\"]"}
COMMAND: POST /session/a414a6ae85a434897fa1c9da3096b959/elements - {"using":"xpath","value":"//li[text()=\"defect\"]"}
RESULT: {"using":"xpath","value":"//li[text()=\"defect\"]"}
COMMAND: POST /session/a414a6ae85a434897fa1c9da3096b959/elements - {"using":"xpath","value":"//li[text()=\"defect\"]"}
RESULT: {"using":"xpath","value":"//li[text()=\"defect\"]"}
COMMAND: POST /session/a414a6ae85a434897fa1c9da3096b959/elements - {"using":"xpath","value":"//li[text()=\"defect\"]"}
RESULT: {"using":"xpath","value":"//li[text()=\"defect\"]"}
COMMAND: POST /session/a414a6ae85a434897fa1c9da3096b959/elements - {"using":"xpath","value":"//li[text()=\"defect\"]"}
RESULT: {"using":"xpath","value":"//li[text()=\"defect\"]"}
COMMAND: POST /session/a414a6ae85a434897fa1c9da3096b959/elements - {"using":"xpath","value":"//li[text()=\"defect\"]"}
RESULT: {"using":"xpath","value":"//li[text()=\"defect\"]"}
COMMAND: POST /session/a414a6ae85a434897fa1c9da3096b959/elements - {"using":"xpath","value":"//li[text()=\"defect\"]"}
COMMAND: GET /session/a414a6ae85a434897fa1c9da3096b959/screenshot - {}
RESULT: {"using":"xpath","value":"//li[text()=\"defect\"]"}
RESULT: {}
]]></system-out>
      <system-err><![CDATA[
Error: Can't call click on element with selector "//li[text()="defect"]" because element wasn't found
    at async Context.<anonymous> (D:\a\1\s\test\specs\HTR\stock-decrease.spec.js:166:9)
]]></system-err>
    </testcase>
    <testcase classname="chrome.136_0_7103_93.windows.Create_masterdata_for_Yard_Overview_-_trigger_provide_US130988" name="Should do a Stock Decrease" time="142.496">
      <failure/>
      <error message="Can't call click on element with selector &quot;//button[@data-kt=&quot;IssuingTableConfirmAllButton&quot;]&quot; because element wasn't found"/>
      <system-out><![CDATA[
COMMAND: GET /session/a414a6ae85a434897fa1c9da3096b959/screenshot - {}
RESULT: undefined
COMMAND: POST /session/a414a6ae85a434897fa1c9da3096b959/element - {"using":"xpath","value":"//*[@id=\"__tile133\"]"}
RESULT: {}
RESULT: {"using":"xpath","value":"//*[@id=\"__tile133\"]"}
COMMAND: POST /session/a414a6ae85a434897fa1c9da3096b959/element/f.63F842937ABE5650621AFC3910BCBB57.d.94045B5533492ED36502876391653961.e.11834/click - {}
COMMAND: POST /session/a414a6ae85a434897fa1c9da3096b959/elements - {"using":"xpath","value":"//span[text()='Error']"}
RESULT: {"using":"xpath","value":"//span[text()='Error']"}
COMMAND: POST /session/a414a6ae85a434897fa1c9da3096b959/element - {"using":"xpath","value":"//button[@data-kt=\"masterHOAddButton\"]"}
RESULT: {"using":"xpath","value":"//button[@data-kt=\"masterHOAddButton\"]"}
COMMAND: POST /session/a414a6ae85a434897fa1c9da3096b959/elements - {"using":"xpath","value":"//button[@data-kt=\"masterHOAddButton\"]"}
RESULT: {"using":"xpath","value":"//button[@data-kt=\"masterHOAddButton\"]"}
COMMAND: POST /session/a414a6ae85a434897fa1c9da3096b959/execute/sync - {"script":"<script> [8489 bytes]","args":[{"element-6066-11e4-a52e-4f735466cecf":"f.63F842937ABE5650621AFC3910BCBB57.d.94045B5533492ED36502876391653961.e.12827","ELEMENT":"f.63F842937ABE5650621AFC3910BCBB57.d.94045B5533492ED36502876391653961.e.12827"}]}
RESULT: {"script":"<script> [8489 bytes]","args":[{"element-6066-11e4-a52e-4f735466cecf":"f.63F842937ABE5650621AFC3910BCBB57.d.94045B5533492ED36502876391653961.e.12827","ELEMENT":"f.63F842937ABE5650621AFC3910BCBB57.d.94045B5533492ED36502876391653961.e.12827"}]}
COMMAND: GET /session/a414a6ae85a434897fa1c9da3096b959/element/f.63F842937ABE5650621AFC3910BCBB57.d.94045B5533492ED36502876391653961.e.12827/enabled - {}
COMMAND: GET /session/a414a6ae85a434897fa1c9da3096b959/screenshot - {}
RESULT: {}
COMMAND: POST /session/a414a6ae85a434897fa1c9da3096b959/execute/sync - {"script":"<script> [8489 bytes]","args":[{"element-6066-11e4-a52e-4f735466cecf":"f.63F842937ABE5650621AFC3910BCBB57.d.94045B5533492ED36502876391653961.e.12827","ELEMENT":"f.63F842937ABE5650621AFC3910BCBB57.d.94045B5533492ED36502876391653961.e.12827"}]}
COMMAND: GET /session/a414a6ae85a434897fa1c9da3096b959/screenshot - {}
RESULT: {}
RESULT: {"script":"<script> [8489 bytes]","args":[{"element-6066-11e4-a52e-4f735466cecf":"f.63F842937ABE5650621AFC3910BCBB57.d.94045B5533492ED36502876391653961.e.12827","ELEMENT":"f.63F842937ABE5650621AFC3910BCBB57.d.94045B5533492ED36502876391653961.e.12827"}]}
COMMAND: POST /session/a414a6ae85a434897fa1c9da3096b959/execute/sync - {"script":"<script> [5351 bytes]","args":[{"element-6066-11e4-a52e-4f735466cecf":"f.63F842937ABE5650621AFC3910BCBB57.d.94045B5533492ED36502876391653961.e.12827","ELEMENT":"f.63F842937ABE5650621AFC3910BCBB57.d.94045B5533492ED36502876391653961.e.12827"}]}
COMMAND: GET /session/a414a6ae85a434897fa1c9da3096b959/screenshot - {}
RESULT: {}
RESULT: {"script":"<script> [5351 bytes]","args":[{"element-6066-11e4-a52e-4f735466cecf":"f.63F842937ABE5650621AFC3910BCBB57.d.94045B5533492ED36502876391653961.e.12827","ELEMENT":"f.63F842937ABE5650621AFC3910BCBB57.d.94045B5533492ED36502876391653961.e.12827"}]}
COMMAND: POST /session/a414a6ae85a434897fa1c9da3096b959/element/f.63F842937ABE5650621AFC3910BCBB57.d.94045B5533492ED36502876391653961.e.12827/click - {}
COMMAND: GET /session/a414a6ae85a434897fa1c9da3096b959/screenshot - {}
RESULT: {}
RESULT: {}
COMMAND: GET /session/a414a6ae85a434897fa1c9da3096b959/screenshot - {}
RESULT: {}
COMMAND: POST /session/a414a6ae85a434897fa1c9da3096b959/element - {"using":"xpath","value":"//span[contains(@id ,\"AddNewHO--typeSelect-arrow\")]"}
RESULT: {}
RESULT: {"using":"xpath","value":"//span[contains(@id ,\"AddNewHO--typeSelect-arrow\")]"}
COMMAND: POST /session/a414a6ae85a434897fa1c9da3096b959/element/f.63F842937ABE5650621AFC3910BCBB57.d.94045B5533492ED36502876391653961.e.13232/click - {}
RESULT: {}
COMMAND: GET /session/a414a6ae85a434897fa1c9da3096b959/screenshot - {}
RESULT: {}
COMMAND: POST /session/a414a6ae85a434897fa1c9da3096b959/element - {"using":"xpath","value":"(//li[contains(text(), \"stock decrease yard\")])[1]"}
RESULT: {"using":"xpath","value":"(//li[contains(text(), \"stock decrease yard\")])[1]"}
COMMAND: POST /session/a414a6ae85a434897fa1c9da3096b959/element/f.63F842937ABE5650621AFC3910BCBB57.d.94045B5533492ED36502876391653961.e.13235/click - {}
RESULT: {}
COMMAND: GET /session/a414a6ae85a434897fa1c9da3096b959/screenshot - {}
RESULT: {}
RESULT: undefined
COMMAND: POST /session/a414a6ae85a434897fa1c9da3096b959/execute/async - {"script":"<script> [6424 bytes]","args":[{"element-6066-11e4-a52e-4f735466cecf":"f.63F842937ABE5650621AFC3910BCBB57.d.94045B5533492ED36502876391653961.e.13179"},"setValue",["5/30/25"]]}
COMMAND: POST /session/a414a6ae85a434897fa1c9da3096b959/execute/async - {"script":"<script> [1562 bytes]","args":[{"selector":{"id":"application-managehandovers-display-component---AddNewHO--dueDate","interaction":{"idSuffix":"inner"}},"wdio_ui5_key":"applicationmanagehandovers-display-component---AddNewHO--dueDate"}]}
RESULT: {"script":"<script> [1562 bytes]","args":[{"selector":{"id":"application-managehandovers-display-component---AddNewHO--dueDate","interaction":{"idSuffix":"inner"}},"wdio_ui5_key":"applicationmanagehandovers-display-component---AddNewHO--dueDate"}]}
COMMAND: POST /session/a414a6ae85a434897fa1c9da3096b959/execute/async - {"script":"<script> [6424 bytes]","args":[{"element-6066-11e4-a52e-4f735466cecf":"f.63F842937ABE5650621AFC3910BCBB57.d.94045B5533492ED36502876391653961.e.13245"},"setValue",["5/30/25"]]}
RESULT: {"script":"<script> [6424 bytes]","args":[{"element-6066-11e4-a52e-4f735466cecf":"f.63F842937ABE5650621AFC3910BCBB57.d.94045B5533492ED36502876391653961.e.13245"},"setValue",["5/30/25"]]}
COMMAND: POST /session/a414a6ae85a434897fa1c9da3096b959/element - {"using":"xpath","value":"//input[@id=\"generalSectionFrg--sendYard-inner\"]"}
RESULT: {"using":"xpath","value":"//input[@id=\"generalSectionFrg--sendYard-inner\"]"}
COMMAND: POST /session/a414a6ae85a434897fa1c9da3096b959/element/f.63F842937ABE5650621AFC3910BCBB57.d.94045B5533492ED36502876391653961.e.13251/clear - {}
RESULT: {}
COMMAND: POST /session/a414a6ae85a434897fa1c9da3096b959/element/f.63F842937ABE5650621AFC3910BCBB57.d.94045B5533492ED36502876391653961.e.13251/value - {"text":"497"}
COMMAND: GET /session/a414a6ae85a434897fa1c9da3096b959/screenshot - {}
RESULT: {"text":"497"}
COMMAND: GET /session/a414a6ae85a434897fa1c9da3096b959/screenshot - {}
RESULT: {}
RESULT: {}
COMMAND: POST /session/a414a6ae85a434897fa1c9da3096b959/element - {"using":"xpath","value":"//li[.//span[text()='497']]"}
RESULT: {"using":"xpath","value":"//li[.//span[text()='497']]"}
COMMAND: POST /session/a414a6ae85a434897fa1c9da3096b959/element/f.63F842937ABE5650621AFC3910BCBB57.d.94045B5533492ED36502876391653961.e.13269/click - {}
RESULT: {}
COMMAND: GET /session/a414a6ae85a434897fa1c9da3096b959/screenshot - {}
RESULT: {}
COMMAND: POST /session/a414a6ae85a434897fa1c9da3096b959/execute/async - {"script":"<script> [1562 bytes]","args":[{"selector":{"controlType":"sap.ui.core.Icon","viewName":"etm.portal.ui.managehandovers.view.AddNewHO","viewId":"application-managehandovers-display-component---AddNewHO","properties":{"src":{"regex":{"source":"slim\\-arrow\\-down"}}},"ancestor":{"controlType":"etm.portal.ui.reusables.customControls.LiveSearchComboBox","viewName":"etm.portal.ui.managehandovers.view.AddNewHO","viewId":"application-managehandovers-display-component---AddNewHO","bindingPath":{"path":"","propertyPath":"/FORWARDER","modelName":"hoItemsModel"}}},"wdio_ui5_key":"etmportal.ui.managehandovers.view.AddNewHOsap.ui.core.Icon{\"src\":{\"regex\":{\"source\":\"slim\\\\-arrow\\\\-down\"}}}{\"controlType\":\"etm.portal.ui.reusables.customControls.LiveSearchComboBox\",\"viewName\":\"etm.portal.ui.managehandovers.view.AddNewHO\",\"viewId\":\"application-managehandovers-display-component---AddNewHO\",\"bindingPath\":{\"path\":\"\",\"propertyPath\":\"/FORWARDER\",\"modelName\":\"hoItemsModel\"}}"}]}
RESULT: {"script":"<script> [1562 bytes]","args":[{"selector":{"controlType":"sap.ui.core.Icon","viewName":"etm.portal.ui.managehandovers.view.AddNewHO","viewId":"application-managehandovers-display-component---AddNewHO","properties":{"src":{"regex":{"source":"slim\\-arrow\\-down"}}},"ancestor":{"controlType":"etm.portal.ui.reusables.customControls.LiveSearchComboBox","viewName":"etm.portal.ui.managehandovers.view.AddNewHO","viewId":"application-managehandovers-display-component---AddNewHO","bindingPath":{"path":"","propertyPath":"/FORWARDER","modelName":"hoItemsModel"}}},"wdio_ui5_key":"etmportal.ui.managehandovers.view.AddNewHOsap.ui.core.Icon{\"src\":{\"regex\":{\"source\":\"slim\\\\-arrow\\\\-down\"}}}{\"controlType\":\"etm.portal.ui.reusables.customControls.LiveSearchComboBox\",\"viewName\":\"etm.portal.ui.managehandovers.view.AddNewHO\",\"viewId\":\"application-managehandovers-display-component---AddNewHO\",\"bindingPath\":{\"path\":\"\",\"propertyPath\":\"/FORWARDER\",\"modelName\":\"hoItemsModel\"}}"}]}
RESULT: undefined
COMMAND: POST /session/a414a6ae85a434897fa1c9da3096b959/element - {"using":"xpath","value":"//*[@id=\"__box15-arrow\"]"}
RESULT: {"using":"xpath","value":"//*[@id=\"__box15-arrow\"]"}
COMMAND: POST /session/a414a6ae85a434897fa1c9da3096b959/element/f.63F842937ABE5650621AFC3910BCBB57.d.94045B5533492ED36502876391653961.e.13270/click - {}
RESULT: {}
COMMAND: GET /session/a414a6ae85a434897fa1c9da3096b959/screenshot - {}
RESULT: {}
COMMAND: POST /session/a414a6ae85a434897fa1c9da3096b959/execute/async - {"script":"<script> [1562 bytes]","args":[{"selector":{"controlType":"sap.m.StandardListItem","viewName":"etm.portal.ui.managehandovers.view.AddNewHO","viewId":"application-managehandovers-display-component---AddNewHO","properties":{"title":"1002 - Test "},"searchOpenDialogs":true,"interaction":{"idSuffix":"content"}},"wdio_ui5_key":"etmportal.ui.managehandovers.view.AddNewHOsap.m.StandardListItem{\"title\":\"1002 - Test \"}"}]}
RESULT: {"script":"<script> [1562 bytes]","args":[{"selector":{"controlType":"sap.m.StandardListItem","viewName":"etm.portal.ui.managehandovers.view.AddNewHO","viewId":"application-managehandovers-display-component---AddNewHO","properties":{"title":"1002 - Test "},"searchOpenDialogs":true,"interaction":{"idSuffix":"content"}},"wdio_ui5_key":"etmportal.ui.managehandovers.view.AddNewHOsap.m.StandardListItem{\"title\":\"1002 - Test \"}"}]}
RESULT: undefined
COMMAND: POST /session/a414a6ae85a434897fa1c9da3096b959/element - {"using":"xpath","value":"//*[@id=\"__item1105\"]"}
RESULT: {"using":"xpath","value":"//*[@id=\"__item1105\"]"}
COMMAND: POST /session/a414a6ae85a434897fa1c9da3096b959/element/f.63F842937ABE5650621AFC3910BCBB57.d.94045B5533492ED36502876391653961.e.13273/click - {}
RESULT: {}
COMMAND: GET /session/a414a6ae85a434897fa1c9da3096b959/screenshot - {}
RESULT: {}
COMMAND: POST /session/a414a6ae85a434897fa1c9da3096b959/execute/async - {"script":"<script> [1562 bytes]","args":[{"selector":{"controlType":"sap.m.Input","viewName":"etm.portal.ui.managehandovers.view.AddNewHO","viewId":"application-managehandovers-display-component---AddNewHO","bindingPath":{"path":"","propertyPath":"/DRIVER","modelName":"hoItemsModel"},"interaction":{"idSuffix":"inner"}},"wdio_ui5_key":"etmportal.ui.managehandovers.view.AddNewHOsap.m.Input{\"path\":\"\",\"propertyPath\":\"/DRIVER\",\"modelName\":\"hoItemsModel\"}"}]}
RESULT: {"script":"<script> [1562 bytes]","args":[{"selector":{"controlType":"sap.m.Input","viewName":"etm.portal.ui.managehandovers.view.AddNewHO","viewId":"application-managehandovers-display-component---AddNewHO","bindingPath":{"path":"","propertyPath":"/DRIVER","modelName":"hoItemsModel"},"interaction":{"idSuffix":"inner"}},"wdio_ui5_key":"etmportal.ui.managehandovers.view.AddNewHOsap.m.Input{\"path\":\"\",\"propertyPath\":\"/DRIVER\",\"modelName\":\"hoItemsModel\"}"}]}
RESULT: undefined
COMMAND: POST /session/a414a6ae85a434897fa1c9da3096b959/execute/async - {"script":"<script> [776 bytes]","args":[{"enterText":"StockDecrease Driver","selector":{"controlType":"sap.m.Input","viewName":"etm.portal.ui.managehandovers.view.AddNewHO","viewId":"application-managehandovers-display-component---AddNewHO","bindingPath":{"path":"","propertyPath":"/DRIVER","modelName":"hoItemsModel"},"interaction":{"idSuffix":"inner"}},"clearTextFirst":true,"interactionType":"ENTER_TEXT"}]}
RESULT: {"script":"<script> [776 bytes]","args":[{"enterText":"StockDecrease Driver","selector":{"controlType":"sap.m.Input","viewName":"etm.portal.ui.managehandovers.view.AddNewHO","viewId":"application-managehandovers-display-component---AddNewHO","bindingPath":{"path":"","propertyPath":"/DRIVER","modelName":"hoItemsModel"},"interaction":{"idSuffix":"inner"}},"clearTextFirst":true,"interactionType":"ENTER_TEXT"}]}
COMMAND: POST /session/a414a6ae85a434897fa1c9da3096b959/execute/async - {"script":"<script> [1562 bytes]","args":[{"selector":{"id":"application-managehandovers-display-component---AddNewHO--responsibleCB-arrow"},"wdio_ui5_key":"applicationmanagehandovers-display-component---AddNewHO--responsibleCB-arrow"}]}
RESULT: {"script":"<script> [1562 bytes]","args":[{"selector":{"id":"application-managehandovers-display-component---AddNewHO--responsibleCB-arrow"},"wdio_ui5_key":"applicationmanagehandovers-display-component---AddNewHO--responsibleCB-arrow"}]}
RESULT: undefined
COMMAND: POST /session/a414a6ae85a434897fa1c9da3096b959/element - {"using":"xpath","value":"//*[@id=\"application-managehandovers-display-component---AddNewHO--responsibleCB-arrow\"]"}
RESULT: {"using":"xpath","value":"//*[@id=\"application-managehandovers-display-component---AddNewHO--responsibleCB-arrow\"]"}
COMMAND: POST /session/a414a6ae85a434897fa1c9da3096b959/element/f.63F842937ABE5650621AFC3910BCBB57.d.94045B5533492ED36502876391653961.e.13275/click - {}
RESULT: {}
COMMAND: GET /session/a414a6ae85a434897fa1c9da3096b959/screenshot - {}
RESULT: {}
COMMAND: POST /session/a414a6ae85a434897fa1c9da3096b959/execute/async - {"script":"<script> [1562 bytes]","args":[{"selector":{"controlType":"sap.m.StandardListItem","viewName":"etm.portal.ui.managehandovers.view.AddNewHO","viewId":"application-managehandovers-display-component---AddNewHO","properties":{"title":"1 - Test unit Update "},"searchOpenDialogs":true},"wdio_ui5_key":"etmportal.ui.managehandovers.view.AddNewHOsap.m.StandardListItem{\"title\":\"1 - Test unit Update \"}"}]}
RESULT: {"script":"<script> [1562 bytes]","args":[{"selector":{"controlType":"sap.m.StandardListItem","viewName":"etm.portal.ui.managehandovers.view.AddNewHO","viewId":"application-managehandovers-display-component---AddNewHO","properties":{"title":"1 - Test unit Update "},"searchOpenDialogs":true},"wdio_ui5_key":"etmportal.ui.managehandovers.view.AddNewHOsap.m.StandardListItem{\"title\":\"1 - Test unit Update \"}"}]}
RESULT: undefined
COMMAND: POST /session/a414a6ae85a434897fa1c9da3096b959/element - {"using":"xpath","value":"//*[@id=\"__item1204\"]"}
RESULT: {"using":"xpath","value":"//*[@id=\"__item1204\"]"}
COMMAND: POST /session/a414a6ae85a434897fa1c9da3096b959/element/f.63F842937ABE5650621AFC3910BCBB57.d.94045B5533492ED36502876391653961.e.13276/click - {}
RESULT: {}
COMMAND: GET /session/a414a6ae85a434897fa1c9da3096b959/screenshot - {}
RESULT: {}
COMMAND: POST /session/a414a6ae85a434897fa1c9da3096b959/execute/async - {"script":"<script> [1562 bytes]","args":[{"selector":{"id":"application-managehandovers-display-component---AddNewHO--ObjectPageLayout-anchBar-application-managehandovers-display-component---AddNewHO--section4-anchor","interaction":{"idSuffix":"BDI-content"}},"wdio_ui5_key":"applicationmanagehandovers-display-component---AddNewHO--ObjectPageLayout-anchBar-application-managehandovers-display-component---AddNewHO--section4-anchor"}]}
RESULT: {"script":"<script> [1562 bytes]","args":[{"selector":{"id":"application-managehandovers-display-component---AddNewHO--ObjectPageLayout-anchBar-application-managehandovers-display-component---AddNewHO--section4-anchor","interaction":{"idSuffix":"BDI-content"}},"wdio_ui5_key":"applicationmanagehandovers-display-component---AddNewHO--ObjectPageLayout-anchBar-application-managehandovers-display-component---AddNewHO--section4-anchor"}]}
RESULT: undefined
COMMAND: POST /session/a414a6ae85a434897fa1c9da3096b959/element - {"using":"xpath","value":"//*[@id=\"application-managehandovers-display-component---AddNewHO--ObjectPageLayout-anchBar-application-managehandovers-display-component---AddNewHO--section4-anchor\"]"}
RESULT: {"using":"xpath","value":"//*[@id=\"application-managehandovers-display-component---AddNewHO--ObjectPageLayout-anchBar-application-managehandovers-display-component---AddNewHO--section4-anchor\"]"}
COMMAND: POST /session/a414a6ae85a434897fa1c9da3096b959/element/f.63F842937ABE5650621AFC3910BCBB57.d.94045B5533492ED36502876391653961.e.13278/click - {}
RESULT: {}
COMMAND: GET /session/a414a6ae85a434897fa1c9da3096b959/screenshot - {}
RESULT: {}
COMMAND: POST /session/a414a6ae85a434897fa1c9da3096b959/execute/async - {"script":"<script> [1562 bytes]","args":[{"selector":{"controlType":"sap.ui.core.Icon","viewName":"etm.portal.ui.managehandovers.view.AddNewHO","viewId":"application-managehandovers-display-component---AddNewHO","properties":{"src":{"regex":{"source":"add"}}}},"wdio_ui5_key":"etmportal.ui.managehandovers.view.AddNewHOsap.ui.core.Icon{\"src\":{\"regex\":{\"source\":\"add\"}}}"}]}
RESULT: {"script":"<script> [1562 bytes]","args":[{"selector":{"controlType":"sap.ui.core.Icon","viewName":"etm.portal.ui.managehandovers.view.AddNewHO","viewId":"application-managehandovers-display-component---AddNewHO","properties":{"src":{"regex":{"source":"add"}}}},"wdio_ui5_key":"etmportal.ui.managehandovers.view.AddNewHOsap.ui.core.Icon{\"src\":{\"regex\":{\"source\":\"add\"}}}"}]}
RESULT: undefined
COMMAND: POST /session/a414a6ae85a434897fa1c9da3096b959/element - {"using":"xpath","value":"//*[@id=\"__button170-img\"]"}
RESULT: {"using":"xpath","value":"//*[@id=\"__button170-img\"]"}
COMMAND: POST /session/a414a6ae85a434897fa1c9da3096b959/element/f.63F842937ABE5650621AFC3910BCBB57.d.94045B5533492ED36502876391653961.e.13282/click - {}
RESULT: {}
COMMAND: POST /session/a414a6ae85a434897fa1c9da3096b959/execute/async - {"script":"<script> [1562 bytes]","args":[{"selector":{"id":"application-managehandovers-display-component---AddNewHO--smartFilterBar-btnBasicSearch","searchOpenDialogs":true,"interaction":{"idSuffix":"I"}},"wdio_ui5_key":"applicationmanagehandovers-display-component---AddNewHO--smartFilterBar-btnBasicSearch"}]}
COMMAND: GET /session/a414a6ae85a434897fa1c9da3096b959/screenshot - {}
RESULT: {"script":"<script> [1562 bytes]","args":[{"selector":{"id":"application-managehandovers-display-component---AddNewHO--smartFilterBar-btnBasicSearch","searchOpenDialogs":true,"interaction":{"idSuffix":"I"}},"wdio_ui5_key":"applicationmanagehandovers-display-component---AddNewHO--smartFilterBar-btnBasicSearch"}]}
RESULT: undefined
COMMAND: POST /session/a414a6ae85a434897fa1c9da3096b959/execute/async - {"script":"<script> [776 bytes]","args":[{"enterText":"200282","selector":{"id":"application-managehandovers-display-component---AddNewHO--smartFilterBar-btnBasicSearch","searchOpenDialogs":true,"interaction":{"idSuffix":"I"}},"clearTextFirst":true,"interactionType":"ENTER_TEXT"}]}
RESULT: {}
RESULT: {"script":"<script> [776 bytes]","args":[{"enterText":"200282","selector":{"id":"application-managehandovers-display-component---AddNewHO--smartFilterBar-btnBasicSearch","searchOpenDialogs":true,"interaction":{"idSuffix":"I"}},"clearTextFirst":true,"interactionType":"ENTER_TEXT"}]}
COMMAND: POST /session/a414a6ae85a434897fa1c9da3096b959/execute/async - {"script":"<script> [1562 bytes]","args":[{"selector":{"id":"application-managehandovers-display-component---AddNewHO--popup-sa","searchOpenDialogs":true},"wdio_ui5_key":"applicationmanagehandovers-display-component---AddNewHO--popup-sa"}]}
RESULT: {"script":"<script> [1562 bytes]","args":[{"selector":{"id":"application-managehandovers-display-component---AddNewHO--popup-sa","searchOpenDialogs":true},"wdio_ui5_key":"applicationmanagehandovers-display-component---AddNewHO--popup-sa"}]}
RESULT: undefined
COMMAND: POST /session/a414a6ae85a434897fa1c9da3096b959/element - {"using":"xpath","value":"//*[@id=\"application-managehandovers-display-component---AddNewHO--popup-sa\"]"}
RESULT: {"using":"xpath","value":"//*[@id=\"application-managehandovers-display-component---AddNewHO--popup-sa\"]"}
COMMAND: POST /session/a414a6ae85a434897fa1c9da3096b959/element/f.63F842937ABE5650621AFC3910BCBB57.d.94045B5533492ED36502876391653961.e.13309/click - {}
RESULT: {}
COMMAND: GET /session/a414a6ae85a434897fa1c9da3096b959/screenshot - {}
RESULT: {}
COMMAND: POST /session/a414a6ae85a434897fa1c9da3096b959/element - {"using":"xpath","value":"//*[contains(@id ,\"BDI-content\")][contains(text(), \"Select\")]"}
RESULT: {"using":"xpath","value":"//*[contains(@id ,\"BDI-content\")][contains(text(), \"Select\")]"}
COMMAND: POST /session/a414a6ae85a434897fa1c9da3096b959/element/f.63F842937ABE5650621AFC3910BCBB57.d.94045B5533492ED36502876391653961.e.13310/click - {}
RESULT: {}
COMMAND: POST /session/a414a6ae85a434897fa1c9da3096b959/execute/async - {"script":"<script> [1562 bytes]","args":[{"selector":{"controlType":"sap.m.Button","viewName":"etm.portal.ui.managehandovers.view.AddNewHO","viewId":"application-managehandovers-display-component---AddNewHO","bindingPath":{"path":"/items/0","propertyPath":"QUANTITY","modelName":"hoItemsModel"},"interaction":{"idSuffix":"inner"}},"wdio_ui5_key":"etmportal.ui.managehandovers.view.AddNewHOsap.m.Button{\"path\":\"/items/0\",\"propertyPath\":\"QUANTITY\",\"modelName\":\"hoItemsModel\"}"}]}
COMMAND: GET /session/a414a6ae85a434897fa1c9da3096b959/screenshot - {}
RESULT: {"script":"<script> [1562 bytes]","args":[{"selector":{"controlType":"sap.m.Button","viewName":"etm.portal.ui.managehandovers.view.AddNewHO","viewId":"application-managehandovers-display-component---AddNewHO","bindingPath":{"path":"/items/0","propertyPath":"QUANTITY","modelName":"hoItemsModel"},"interaction":{"idSuffix":"inner"}},"wdio_ui5_key":"etmportal.ui.managehandovers.view.AddNewHOsap.m.Button{\"path\":\"/items/0\",\"propertyPath\":\"QUANTITY\",\"modelName\":\"hoItemsModel\"}"}]}
RESULT: undefined
COMMAND: POST /session/a414a6ae85a434897fa1c9da3096b959/execute/async - {"script":"<script> [1562 bytes]","args":[{"selector":{"controlType":"sap.m.NumericInput","viewName":"etm.portal.ui.managehandovers.view.AddNewHO","viewId":"application-managehandovers-display-component---AddNewHO","properties":{"value":"0"},"searchOpenDialogs":true,"interaction":{"idSuffix":"inner"}},"wdio_ui5_key":"etmportal.ui.managehandovers.view.AddNewHOsap.m.NumericInput{\"value\":\"0\"}"}]}
RESULT: {}
RESULT: {"script":"<script> [1562 bytes]","args":[{"selector":{"controlType":"sap.m.NumericInput","viewName":"etm.portal.ui.managehandovers.view.AddNewHO","viewId":"application-managehandovers-display-component---AddNewHO","properties":{"value":"0"},"searchOpenDialogs":true,"interaction":{"idSuffix":"inner"}},"wdio_ui5_key":"etmportal.ui.managehandovers.view.AddNewHOsap.m.NumericInput{\"value\":\"0\"}"}]}
RESULT: undefined
COMMAND: POST /session/a414a6ae85a434897fa1c9da3096b959/execute/async - {"script":"<script> [1562 bytes]","args":[{"selector":{"controlType":"sap.m.Button","viewName":"etm.portal.ui.managehandovers.view.AddNewHO","viewId":"application-managehandovers-display-component---AddNewHO","i18NText":{"propertyName":"text","key":"confirm"},"searchOpenDialogs":true,"interaction":{"idSuffix":"BDI-content"}},"wdio_ui5_key":"etmportal.ui.managehandovers.view.AddNewHOsap.m.Button{\"propertyName\":\"text\",\"key\":\"confirm\"}"}]}
RESULT: {"script":"<script> [1562 bytes]","args":[{"selector":{"controlType":"sap.m.Button","viewName":"etm.portal.ui.managehandovers.view.AddNewHO","viewId":"application-managehandovers-display-component---AddNewHO","i18NText":{"propertyName":"text","key":"confirm"},"searchOpenDialogs":true,"interaction":{"idSuffix":"BDI-content"}},"wdio_ui5_key":"etmportal.ui.managehandovers.view.AddNewHOsap.m.Button{\"propertyName\":\"text\",\"key\":\"confirm\"}"}]}
RESULT: undefined
COMMAND: POST /session/a414a6ae85a434897fa1c9da3096b959/execute/async - {"script":"<script> [1562 bytes]","args":[{"selector":{"id":"application-managehandovers-display-component---AddNewHO--confirmCreationButton","interaction":{"idSuffix":"inner"}},"wdio_ui5_key":"applicationmanagehandovers-display-component---AddNewHO--confirmCreationButton"}]}
RESULT: {"script":"<script> [1562 bytes]","args":[{"selector":{"id":"application-managehandovers-display-component---AddNewHO--confirmCreationButton","interaction":{"idSuffix":"inner"}},"wdio_ui5_key":"applicationmanagehandovers-display-component---AddNewHO--confirmCreationButton"}]}
RESULT: undefined
COMMAND: POST /session/a414a6ae85a434897fa1c9da3096b959/element - {"using":"xpath","value":"//*[@id=\"application-managehandovers-display-component---AddNewHO--confirmCreationButton\"]"}
RESULT: {"using":"xpath","value":"//*[@id=\"application-managehandovers-display-component---AddNewHO--confirmCreationButton\"]"}
COMMAND: POST /session/a414a6ae85a434897fa1c9da3096b959/element/f.63F842937ABE5650621AFC3910BCBB57.d.94045B5533492ED36502876391653961.e.13315/click - {}
COMMAND: POST /session/a414a6ae85a434897fa1c9da3096b959/execute/async - {"script":"<script> [1562 bytes]","args":[{"selector":{"id":"receiptDatePicker","viewName":"etm.portal.ui.managehandovers.view.DetailExecuteHO","interaction":{"idSuffix":"inner"}},"wdio_ui5_key":"receiptDatePickeretmportal.ui.managehandovers.view.DetailExecuteHO"}]}
RESULT: {"script":"<script> [1562 bytes]","args":[{"selector":{"id":"receiptDatePicker","viewName":"etm.portal.ui.managehandovers.view.DetailExecuteHO","interaction":{"idSuffix":"inner"}},"wdio_ui5_key":"receiptDatePickeretmportal.ui.managehandovers.view.DetailExecuteHO"}]}
RESULT: undefined
COMMAND: POST /session/a414a6ae85a434897fa1c9da3096b959/element - {"using":"xpath","value":"//button[@data-kt=\"IssuingTableConfirmAllButton\"]"}
RESULT: {"using":"xpath","value":"//button[@data-kt=\"IssuingTableConfirmAllButton\"]"}
COMMAND: POST /session/a414a6ae85a434897fa1c9da3096b959/elements - {"using":"xpath","value":"//button[@data-kt=\"IssuingTableConfirmAllButton\"]"}
RESULT: {"using":"xpath","value":"//button[@data-kt=\"IssuingTableConfirmAllButton\"]"}
COMMAND: POST /session/a414a6ae85a434897fa1c9da3096b959/elements - {"using":"xpath","value":"//button[@data-kt=\"IssuingTableConfirmAllButton\"]"}
RESULT: {"using":"xpath","value":"//button[@data-kt=\"IssuingTableConfirmAllButton\"]"}
COMMAND: POST /session/a414a6ae85a434897fa1c9da3096b959/elements - {"using":"xpath","value":"//button[@data-kt=\"IssuingTableConfirmAllButton\"]"}
RESULT: {"using":"xpath","value":"//button[@data-kt=\"IssuingTableConfirmAllButton\"]"}
COMMAND: POST /session/a414a6ae85a434897fa1c9da3096b959/elements - {"using":"xpath","value":"//button[@data-kt=\"IssuingTableConfirmAllButton\"]"}
RESULT: {"using":"xpath","value":"//button[@data-kt=\"IssuingTableConfirmAllButton\"]"}
COMMAND: POST /session/a414a6ae85a434897fa1c9da3096b959/elements - {"using":"xpath","value":"//button[@data-kt=\"IssuingTableConfirmAllButton\"]"}
RESULT: {"using":"xpath","value":"//button[@data-kt=\"IssuingTableConfirmAllButton\"]"}
COMMAND: POST /session/a414a6ae85a434897fa1c9da3096b959/elements - {"using":"xpath","value":"//button[@data-kt=\"IssuingTableConfirmAllButton\"]"}
RESULT: {"using":"xpath","value":"//button[@data-kt=\"IssuingTableConfirmAllButton\"]"}
COMMAND: POST /session/a414a6ae85a434897fa1c9da3096b959/elements - {"using":"xpath","value":"//button[@data-kt=\"IssuingTableConfirmAllButton\"]"}
RESULT: {"using":"xpath","value":"//button[@data-kt=\"IssuingTableConfirmAllButton\"]"}
COMMAND: POST /session/a414a6ae85a434897fa1c9da3096b959/elements - {"using":"xpath","value":"//button[@data-kt=\"IssuingTableConfirmAllButton\"]"}
RESULT: {"using":"xpath","value":"//button[@data-kt=\"IssuingTableConfirmAllButton\"]"}
COMMAND: POST /session/a414a6ae85a434897fa1c9da3096b959/elements - {"using":"xpath","value":"//button[@data-kt=\"IssuingTableConfirmAllButton\"]"}
RESULT: {"using":"xpath","value":"//button[@data-kt=\"IssuingTableConfirmAllButton\"]"}
COMMAND: POST /session/a414a6ae85a434897fa1c9da3096b959/elements - {"using":"xpath","value":"//button[@data-kt=\"IssuingTableConfirmAllButton\"]"}
RESULT: {"using":"xpath","value":"//button[@data-kt=\"IssuingTableConfirmAllButton\"]"}
COMMAND: POST /session/a414a6ae85a434897fa1c9da3096b959/elements - {"using":"xpath","value":"//button[@data-kt=\"IssuingTableConfirmAllButton\"]"}
RESULT: {"using":"xpath","value":"//button[@data-kt=\"IssuingTableConfirmAllButton\"]"}
COMMAND: POST /session/a414a6ae85a434897fa1c9da3096b959/elements - {"using":"xpath","value":"//button[@data-kt=\"IssuingTableConfirmAllButton\"]"}
RESULT: {"using":"xpath","value":"//button[@data-kt=\"IssuingTableConfirmAllButton\"]"}
COMMAND: POST /session/a414a6ae85a434897fa1c9da3096b959/elements - {"using":"xpath","value":"//button[@data-kt=\"IssuingTableConfirmAllButton\"]"}
RESULT: {"using":"xpath","value":"//button[@data-kt=\"IssuingTableConfirmAllButton\"]"}
COMMAND: POST /session/a414a6ae85a434897fa1c9da3096b959/elements - {"using":"xpath","value":"//button[@data-kt=\"IssuingTableConfirmAllButton\"]"}
RESULT: {"using":"xpath","value":"//button[@data-kt=\"IssuingTableConfirmAllButton\"]"}
COMMAND: POST /session/a414a6ae85a434897fa1c9da3096b959/elements - {"using":"xpath","value":"//button[@data-kt=\"IssuingTableConfirmAllButton\"]"}
RESULT: {"using":"xpath","value":"//button[@data-kt=\"IssuingTableConfirmAllButton\"]"}
COMMAND: POST /session/a414a6ae85a434897fa1c9da3096b959/elements - {"using":"xpath","value":"//button[@data-kt=\"IssuingTableConfirmAllButton\"]"}
RESULT: {"using":"xpath","value":"//button[@data-kt=\"IssuingTableConfirmAllButton\"]"}
COMMAND: POST /session/a414a6ae85a434897fa1c9da3096b959/elements - {"using":"xpath","value":"//button[@data-kt=\"IssuingTableConfirmAllButton\"]"}
RESULT: {"using":"xpath","value":"//button[@data-kt=\"IssuingTableConfirmAllButton\"]"}
COMMAND: POST /session/a414a6ae85a434897fa1c9da3096b959/elements - {"using":"xpath","value":"//button[@data-kt=\"IssuingTableConfirmAllButton\"]"}
RESULT: {"using":"xpath","value":"//button[@data-kt=\"IssuingTableConfirmAllButton\"]"}
COMMAND: POST /session/a414a6ae85a434897fa1c9da3096b959/elements - {"using":"xpath","value":"//button[@data-kt=\"IssuingTableConfirmAllButton\"]"}
RESULT: {"using":"xpath","value":"//button[@data-kt=\"IssuingTableConfirmAllButton\"]"}
COMMAND: POST /session/a414a6ae85a434897fa1c9da3096b959/elements - {"using":"xpath","value":"//button[@data-kt=\"IssuingTableConfirmAllButton\"]"}
RESULT: {"using":"xpath","value":"//button[@data-kt=\"IssuingTableConfirmAllButton\"]"}
COMMAND: POST /session/a414a6ae85a434897fa1c9da3096b959/elements - {"using":"xpath","value":"//button[@data-kt=\"IssuingTableConfirmAllButton\"]"}
RESULT: {"using":"xpath","value":"//button[@data-kt=\"IssuingTableConfirmAllButton\"]"}
COMMAND: POST /session/a414a6ae85a434897fa1c9da3096b959/elements - {"using":"xpath","value":"//button[@data-kt=\"IssuingTableConfirmAllButton\"]"}
RESULT: {"using":"xpath","value":"//button[@data-kt=\"IssuingTableConfirmAllButton\"]"}
COMMAND: POST /session/a414a6ae85a434897fa1c9da3096b959/elements - {"using":"xpath","value":"//button[@data-kt=\"IssuingTableConfirmAllButton\"]"}
RESULT: {"using":"xpath","value":"//button[@data-kt=\"IssuingTableConfirmAllButton\"]"}
COMMAND: POST /session/a414a6ae85a434897fa1c9da3096b959/elements - {"using":"xpath","value":"//button[@data-kt=\"IssuingTableConfirmAllButton\"]"}
RESULT: {"using":"xpath","value":"//button[@data-kt=\"IssuingTableConfirmAllButton\"]"}
COMMAND: POST /session/a414a6ae85a434897fa1c9da3096b959/elements - {"using":"xpath","value":"//button[@data-kt=\"IssuingTableConfirmAllButton\"]"}
RESULT: {"using":"xpath","value":"//button[@data-kt=\"IssuingTableConfirmAllButton\"]"}
COMMAND: POST /session/a414a6ae85a434897fa1c9da3096b959/elements - {"using":"xpath","value":"//button[@data-kt=\"IssuingTableConfirmAllButton\"]"}
RESULT: {"using":"xpath","value":"//button[@data-kt=\"IssuingTableConfirmAllButton\"]"}
COMMAND: POST /session/a414a6ae85a434897fa1c9da3096b959/elements - {"using":"xpath","value":"//button[@data-kt=\"IssuingTableConfirmAllButton\"]"}
RESULT: {"using":"xpath","value":"//button[@data-kt=\"IssuingTableConfirmAllButton\"]"}
COMMAND: POST /session/a414a6ae85a434897fa1c9da3096b959/elements - {"using":"xpath","value":"//button[@data-kt=\"IssuingTableConfirmAllButton\"]"}
RESULT: {"using":"xpath","value":"//button[@data-kt=\"IssuingTableConfirmAllButton\"]"}
COMMAND: POST /session/a414a6ae85a434897fa1c9da3096b959/elements - {"using":"xpath","value":"//button[@data-kt=\"IssuingTableConfirmAllButton\"]"}
RESULT: {"using":"xpath","value":"//button[@data-kt=\"IssuingTableConfirmAllButton\"]"}
COMMAND: POST /session/a414a6ae85a434897fa1c9da3096b959/elements - {"using":"xpath","value":"//button[@data-kt=\"IssuingTableConfirmAllButton\"]"}
RESULT: {"using":"xpath","value":"//button[@data-kt=\"IssuingTableConfirmAllButton\"]"}
COMMAND: POST /session/a414a6ae85a434897fa1c9da3096b959/elements - {"using":"xpath","value":"//button[@data-kt=\"IssuingTableConfirmAllButton\"]"}
RESULT: {"using":"xpath","value":"//button[@data-kt=\"IssuingTableConfirmAllButton\"]"}
COMMAND: POST /session/a414a6ae85a434897fa1c9da3096b959/elements - {"using":"xpath","value":"//button[@data-kt=\"IssuingTableConfirmAllButton\"]"}
RESULT: {"using":"xpath","value":"//button[@data-kt=\"IssuingTableConfirmAllButton\"]"}
COMMAND: POST /session/a414a6ae85a434897fa1c9da3096b959/elements - {"using":"xpath","value":"//button[@data-kt=\"IssuingTableConfirmAllButton\"]"}
RESULT: {"using":"xpath","value":"//button[@data-kt=\"IssuingTableConfirmAllButton\"]"}
COMMAND: POST /session/a414a6ae85a434897fa1c9da3096b959/elements - {"using":"xpath","value":"//button[@data-kt=\"IssuingTableConfirmAllButton\"]"}
RESULT: {"using":"xpath","value":"//button[@data-kt=\"IssuingTableConfirmAllButton\"]"}
COMMAND: POST /session/a414a6ae85a434897fa1c9da3096b959/elements - {"using":"xpath","value":"//button[@data-kt=\"IssuingTableConfirmAllButton\"]"}
RESULT: {"using":"xpath","value":"//button[@data-kt=\"IssuingTableConfirmAllButton\"]"}
COMMAND: POST /session/a414a6ae85a434897fa1c9da3096b959/elements - {"using":"xpath","value":"//button[@data-kt=\"IssuingTableConfirmAllButton\"]"}
RESULT: {"using":"xpath","value":"//button[@data-kt=\"IssuingTableConfirmAllButton\"]"}
COMMAND: POST /session/a414a6ae85a434897fa1c9da3096b959/elements - {"using":"xpath","value":"//button[@data-kt=\"IssuingTableConfirmAllButton\"]"}
RESULT: {"using":"xpath","value":"//button[@data-kt=\"IssuingTableConfirmAllButton\"]"}
COMMAND: POST /session/a414a6ae85a434897fa1c9da3096b959/elements - {"using":"xpath","value":"//button[@data-kt=\"IssuingTableConfirmAllButton\"]"}
RESULT: {"using":"xpath","value":"//button[@data-kt=\"IssuingTableConfirmAllButton\"]"}
COMMAND: POST /session/a414a6ae85a434897fa1c9da3096b959/elements - {"using":"xpath","value":"//button[@data-kt=\"IssuingTableConfirmAllButton\"]"}
RESULT: {"using":"xpath","value":"//button[@data-kt=\"IssuingTableConfirmAllButton\"]"}
COMMAND: POST /session/a414a6ae85a434897fa1c9da3096b959/elements - {"using":"xpath","value":"//button[@data-kt=\"IssuingTableConfirmAllButton\"]"}
RESULT: {"using":"xpath","value":"//button[@data-kt=\"IssuingTableConfirmAllButton\"]"}
COMMAND: POST /session/a414a6ae85a434897fa1c9da3096b959/elements - {"using":"xpath","value":"//button[@data-kt=\"IssuingTableConfirmAllButton\"]"}
RESULT: {"using":"xpath","value":"//button[@data-kt=\"IssuingTableConfirmAllButton\"]"}
COMMAND: POST /session/a414a6ae85a434897fa1c9da3096b959/elements - {"using":"xpath","value":"//button[@data-kt=\"IssuingTableConfirmAllButton\"]"}
RESULT: {"using":"xpath","value":"//button[@data-kt=\"IssuingTableConfirmAllButton\"]"}
COMMAND: POST /session/a414a6ae85a434897fa1c9da3096b959/elements - {"using":"xpath","value":"//button[@data-kt=\"IssuingTableConfirmAllButton\"]"}
RESULT: {"using":"xpath","value":"//button[@data-kt=\"IssuingTableConfirmAllButton\"]"}
COMMAND: POST /session/a414a6ae85a434897fa1c9da3096b959/elements - {"using":"xpath","value":"//button[@data-kt=\"IssuingTableConfirmAllButton\"]"}
RESULT: {"using":"xpath","value":"//button[@data-kt=\"IssuingTableConfirmAllButton\"]"}
COMMAND: POST /session/a414a6ae85a434897fa1c9da3096b959/elements - {"using":"xpath","value":"//button[@data-kt=\"IssuingTableConfirmAllButton\"]"}
RESULT: {"using":"xpath","value":"//button[@data-kt=\"IssuingTableConfirmAllButton\"]"}
COMMAND: POST /session/a414a6ae85a434897fa1c9da3096b959/elements - {"using":"xpath","value":"//button[@data-kt=\"IssuingTableConfirmAllButton\"]"}
RESULT: {"using":"xpath","value":"//button[@data-kt=\"IssuingTableConfirmAllButton\"]"}
COMMAND: POST /session/a414a6ae85a434897fa1c9da3096b959/elements - {"using":"xpath","value":"//button[@data-kt=\"IssuingTableConfirmAllButton\"]"}
RESULT: {"using":"xpath","value":"//button[@data-kt=\"IssuingTableConfirmAllButton\"]"}
COMMAND: POST /session/a414a6ae85a434897fa1c9da3096b959/elements - {"using":"xpath","value":"//button[@data-kt=\"IssuingTableConfirmAllButton\"]"}
RESULT: {"using":"xpath","value":"//button[@data-kt=\"IssuingTableConfirmAllButton\"]"}
COMMAND: POST /session/a414a6ae85a434897fa1c9da3096b959/elements - {"using":"xpath","value":"//button[@data-kt=\"IssuingTableConfirmAllButton\"]"}
RESULT: {"using":"xpath","value":"//button[@data-kt=\"IssuingTableConfirmAllButton\"]"}
COMMAND: POST /session/a414a6ae85a434897fa1c9da3096b959/elements - {"using":"xpath","value":"//button[@data-kt=\"IssuingTableConfirmAllButton\"]"}
RESULT: {"using":"xpath","value":"//button[@data-kt=\"IssuingTableConfirmAllButton\"]"}
COMMAND: POST /session/a414a6ae85a434897fa1c9da3096b959/elements - {"using":"xpath","value":"//button[@data-kt=\"IssuingTableConfirmAllButton\"]"}
RESULT: {"using":"xpath","value":"//button[@data-kt=\"IssuingTableConfirmAllButton\"]"}
COMMAND: POST /session/a414a6ae85a434897fa1c9da3096b959/elements - {"using":"xpath","value":"//button[@data-kt=\"IssuingTableConfirmAllButton\"]"}
RESULT: {"using":"xpath","value":"//button[@data-kt=\"IssuingTableConfirmAllButton\"]"}
COMMAND: POST /session/a414a6ae85a434897fa1c9da3096b959/elements - {"using":"xpath","value":"//button[@data-kt=\"IssuingTableConfirmAllButton\"]"}
RESULT: {"using":"xpath","value":"//button[@data-kt=\"IssuingTableConfirmAllButton\"]"}
COMMAND: POST /session/a414a6ae85a434897fa1c9da3096b959/elements - {"using":"xpath","value":"//button[@data-kt=\"IssuingTableConfirmAllButton\"]"}
RESULT: {"using":"xpath","value":"//button[@data-kt=\"IssuingTableConfirmAllButton\"]"}
COMMAND: POST /session/a414a6ae85a434897fa1c9da3096b959/elements - {"using":"xpath","value":"//button[@data-kt=\"IssuingTableConfirmAllButton\"]"}
RESULT: {"using":"xpath","value":"//button[@data-kt=\"IssuingTableConfirmAllButton\"]"}
COMMAND: POST /session/a414a6ae85a434897fa1c9da3096b959/elements - {"using":"xpath","value":"//button[@data-kt=\"IssuingTableConfirmAllButton\"]"}
RESULT: {"using":"xpath","value":"//button[@data-kt=\"IssuingTableConfirmAllButton\"]"}
COMMAND: POST /session/a414a6ae85a434897fa1c9da3096b959/elements - {"using":"xpath","value":"//button[@data-kt=\"IssuingTableConfirmAllButton\"]"}
RESULT: {"using":"xpath","value":"//button[@data-kt=\"IssuingTableConfirmAllButton\"]"}
COMMAND: POST /session/a414a6ae85a434897fa1c9da3096b959/elements - {"using":"xpath","value":"//button[@data-kt=\"IssuingTableConfirmAllButton\"]"}
RESULT: {"using":"xpath","value":"//button[@data-kt=\"IssuingTableConfirmAllButton\"]"}
COMMAND: POST /session/a414a6ae85a434897fa1c9da3096b959/elements - {"using":"xpath","value":"//button[@data-kt=\"IssuingTableConfirmAllButton\"]"}
RESULT: {"using":"xpath","value":"//button[@data-kt=\"IssuingTableConfirmAllButton\"]"}
COMMAND: POST /session/a414a6ae85a434897fa1c9da3096b959/elements - {"using":"xpath","value":"//button[@data-kt=\"IssuingTableConfirmAllButton\"]"}
RESULT: {"using":"xpath","value":"//button[@data-kt=\"IssuingTableConfirmAllButton\"]"}
COMMAND: POST /session/a414a6ae85a434897fa1c9da3096b959/elements - {"using":"xpath","value":"//button[@data-kt=\"IssuingTableConfirmAllButton\"]"}
RESULT: {"using":"xpath","value":"//button[@data-kt=\"IssuingTableConfirmAllButton\"]"}
COMMAND: POST /session/a414a6ae85a434897fa1c9da3096b959/elements - {"using":"xpath","value":"//button[@data-kt=\"IssuingTableConfirmAllButton\"]"}
RESULT: {"using":"xpath","value":"//button[@data-kt=\"IssuingTableConfirmAllButton\"]"}
COMMAND: POST /session/a414a6ae85a434897fa1c9da3096b959/elements - {"using":"xpath","value":"//button[@data-kt=\"IssuingTableConfirmAllButton\"]"}
RESULT: {"using":"xpath","value":"//button[@data-kt=\"IssuingTableConfirmAllButton\"]"}
COMMAND: POST /session/a414a6ae85a434897fa1c9da3096b959/elements - {"using":"xpath","value":"//button[@data-kt=\"IssuingTableConfirmAllButton\"]"}
RESULT: {"using":"xpath","value":"//button[@data-kt=\"IssuingTableConfirmAllButton\"]"}
COMMAND: POST /session/a414a6ae85a434897fa1c9da3096b959/elements - {"using":"xpath","value":"//button[@data-kt=\"IssuingTableConfirmAllButton\"]"}
RESULT: {"using":"xpath","value":"//button[@data-kt=\"IssuingTableConfirmAllButton\"]"}
COMMAND: POST /session/a414a6ae85a434897fa1c9da3096b959/elements - {"using":"xpath","value":"//button[@data-kt=\"IssuingTableConfirmAllButton\"]"}
RESULT: {"using":"xpath","value":"//button[@data-kt=\"IssuingTableConfirmAllButton\"]"}
COMMAND: POST /session/a414a6ae85a434897fa1c9da3096b959/elements - {"using":"xpath","value":"//button[@data-kt=\"IssuingTableConfirmAllButton\"]"}
RESULT: {"using":"xpath","value":"//button[@data-kt=\"IssuingTableConfirmAllButton\"]"}
COMMAND: POST /session/a414a6ae85a434897fa1c9da3096b959/elements - {"using":"xpath","value":"//button[@data-kt=\"IssuingTableConfirmAllButton\"]"}
RESULT: {"using":"xpath","value":"//button[@data-kt=\"IssuingTableConfirmAllButton\"]"}
COMMAND: POST /session/a414a6ae85a434897fa1c9da3096b959/elements - {"using":"xpath","value":"//button[@data-kt=\"IssuingTableConfirmAllButton\"]"}
RESULT: {"using":"xpath","value":"//button[@data-kt=\"IssuingTableConfirmAllButton\"]"}
COMMAND: POST /session/a414a6ae85a434897fa1c9da3096b959/elements - {"using":"xpath","value":"//button[@data-kt=\"IssuingTableConfirmAllButton\"]"}
RESULT: {"using":"xpath","value":"//button[@data-kt=\"IssuingTableConfirmAllButton\"]"}
COMMAND: POST /session/a414a6ae85a434897fa1c9da3096b959/elements - {"using":"xpath","value":"//button[@data-kt=\"IssuingTableConfirmAllButton\"]"}
RESULT: {"using":"xpath","value":"//button[@data-kt=\"IssuingTableConfirmAllButton\"]"}
COMMAND: POST /session/a414a6ae85a434897fa1c9da3096b959/elements - {"using":"xpath","value":"//button[@data-kt=\"IssuingTableConfirmAllButton\"]"}
RESULT: {"using":"xpath","value":"//button[@data-kt=\"IssuingTableConfirmAllButton\"]"}
COMMAND: POST /session/a414a6ae85a434897fa1c9da3096b959/elements - {"using":"xpath","value":"//button[@data-kt=\"IssuingTableConfirmAllButton\"]"}
RESULT: {"using":"xpath","value":"//button[@data-kt=\"IssuingTableConfirmAllButton\"]"}
COMMAND: POST /session/a414a6ae85a434897fa1c9da3096b959/elements - {"using":"xpath","value":"//button[@data-kt=\"IssuingTableConfirmAllButton\"]"}
RESULT: {"using":"xpath","value":"//button[@data-kt=\"IssuingTableConfirmAllButton\"]"}
COMMAND: POST /session/a414a6ae85a434897fa1c9da3096b959/elements - {"using":"xpath","value":"//button[@data-kt=\"IssuingTableConfirmAllButton\"]"}
RESULT: {"using":"xpath","value":"//button[@data-kt=\"IssuingTableConfirmAllButton\"]"}
COMMAND: POST /session/a414a6ae85a434897fa1c9da3096b959/elements - {"using":"xpath","value":"//button[@data-kt=\"IssuingTableConfirmAllButton\"]"}
RESULT: {"using":"xpath","value":"//button[@data-kt=\"IssuingTableConfirmAllButton\"]"}
COMMAND: POST /session/a414a6ae85a434897fa1c9da3096b959/elements - {"using":"xpath","value":"//button[@data-kt=\"IssuingTableConfirmAllButton\"]"}
RESULT: {"using":"xpath","value":"//button[@data-kt=\"IssuingTableConfirmAllButton\"]"}
COMMAND: POST /session/a414a6ae85a434897fa1c9da3096b959/elements - {"using":"xpath","value":"//button[@data-kt=\"IssuingTableConfirmAllButton\"]"}
RESULT: {"using":"xpath","value":"//button[@data-kt=\"IssuingTableConfirmAllButton\"]"}
COMMAND: POST /session/a414a6ae85a434897fa1c9da3096b959/elements - {"using":"xpath","value":"//button[@data-kt=\"IssuingTableConfirmAllButton\"]"}
RESULT: {"using":"xpath","value":"//button[@data-kt=\"IssuingTableConfirmAllButton\"]"}
COMMAND: POST /session/a414a6ae85a434897fa1c9da3096b959/elements - {"using":"xpath","value":"//button[@data-kt=\"IssuingTableConfirmAllButton\"]"}
RESULT: {"using":"xpath","value":"//button[@data-kt=\"IssuingTableConfirmAllButton\"]"}
COMMAND: POST /session/a414a6ae85a434897fa1c9da3096b959/elements - {"using":"xpath","value":"//button[@data-kt=\"IssuingTableConfirmAllButton\"]"}
RESULT: {"using":"xpath","value":"//button[@data-kt=\"IssuingTableConfirmAllButton\"]"}
COMMAND: POST /session/a414a6ae85a434897fa1c9da3096b959/elements - {"using":"xpath","value":"//button[@data-kt=\"IssuingTableConfirmAllButton\"]"}
RESULT: {"using":"xpath","value":"//button[@data-kt=\"IssuingTableConfirmAllButton\"]"}
COMMAND: POST /session/a414a6ae85a434897fa1c9da3096b959/elements - {"using":"xpath","value":"//button[@data-kt=\"IssuingTableConfirmAllButton\"]"}
RESULT: {"using":"xpath","value":"//button[@data-kt=\"IssuingTableConfirmAllButton\"]"}
COMMAND: POST /session/a414a6ae85a434897fa1c9da3096b959/elements - {"using":"xpath","value":"//button[@data-kt=\"IssuingTableConfirmAllButton\"]"}
RESULT: {"using":"xpath","value":"//button[@data-kt=\"IssuingTableConfirmAllButton\"]"}
COMMAND: POST /session/a414a6ae85a434897fa1c9da3096b959/elements - {"using":"xpath","value":"//button[@data-kt=\"IssuingTableConfirmAllButton\"]"}
RESULT: {"using":"xpath","value":"//button[@data-kt=\"IssuingTableConfirmAllButton\"]"}
COMMAND: POST /session/a414a6ae85a434897fa1c9da3096b959/elements - {"using":"xpath","value":"//button[@data-kt=\"IssuingTableConfirmAllButton\"]"}
RESULT: {"using":"xpath","value":"//button[@data-kt=\"IssuingTableConfirmAllButton\"]"}
COMMAND: POST /session/a414a6ae85a434897fa1c9da3096b959/elements - {"using":"xpath","value":"//button[@data-kt=\"IssuingTableConfirmAllButton\"]"}
RESULT: {"using":"xpath","value":"//button[@data-kt=\"IssuingTableConfirmAllButton\"]"}
COMMAND: POST /session/a414a6ae85a434897fa1c9da3096b959/elements - {"using":"xpath","value":"//button[@data-kt=\"IssuingTableConfirmAllButton\"]"}
RESULT: {"using":"xpath","value":"//button[@data-kt=\"IssuingTableConfirmAllButton\"]"}
COMMAND: POST /session/a414a6ae85a434897fa1c9da3096b959/elements - {"using":"xpath","value":"//button[@data-kt=\"IssuingTableConfirmAllButton\"]"}
RESULT: {"using":"xpath","value":"//button[@data-kt=\"IssuingTableConfirmAllButton\"]"}
COMMAND: POST /session/a414a6ae85a434897fa1c9da3096b959/elements - {"using":"xpath","value":"//button[@data-kt=\"IssuingTableConfirmAllButton\"]"}
RESULT: {"using":"xpath","value":"//button[@data-kt=\"IssuingTableConfirmAllButton\"]"}
COMMAND: POST /session/a414a6ae85a434897fa1c9da3096b959/elements - {"using":"xpath","value":"//button[@data-kt=\"IssuingTableConfirmAllButton\"]"}
RESULT: {"using":"xpath","value":"//button[@data-kt=\"IssuingTableConfirmAllButton\"]"}
COMMAND: POST /session/a414a6ae85a434897fa1c9da3096b959/elements - {"using":"xpath","value":"//button[@data-kt=\"IssuingTableConfirmAllButton\"]"}
RESULT: {"using":"xpath","value":"//button[@data-kt=\"IssuingTableConfirmAllButton\"]"}
COMMAND: POST /session/a414a6ae85a434897fa1c9da3096b959/elements - {"using":"xpath","value":"//button[@data-kt=\"IssuingTableConfirmAllButton\"]"}
RESULT: {"using":"xpath","value":"//button[@data-kt=\"IssuingTableConfirmAllButton\"]"}
COMMAND: POST /session/a414a6ae85a434897fa1c9da3096b959/elements - {"using":"xpath","value":"//button[@data-kt=\"IssuingTableConfirmAllButton\"]"}
RESULT: {"using":"xpath","value":"//button[@data-kt=\"IssuingTableConfirmAllButton\"]"}
COMMAND: POST /session/a414a6ae85a434897fa1c9da3096b959/elements - {"using":"xpath","value":"//button[@data-kt=\"IssuingTableConfirmAllButton\"]"}
RESULT: {"using":"xpath","value":"//button[@data-kt=\"IssuingTableConfirmAllButton\"]"}
COMMAND: POST /session/a414a6ae85a434897fa1c9da3096b959/elements - {"using":"xpath","value":"//button[@data-kt=\"IssuingTableConfirmAllButton\"]"}
RESULT: {"using":"xpath","value":"//button[@data-kt=\"IssuingTableConfirmAllButton\"]"}
COMMAND: POST /session/a414a6ae85a434897fa1c9da3096b959/elements - {"using":"xpath","value":"//button[@data-kt=\"IssuingTableConfirmAllButton\"]"}
RESULT: {"using":"xpath","value":"//button[@data-kt=\"IssuingTableConfirmAllButton\"]"}
COMMAND: POST /session/a414a6ae85a434897fa1c9da3096b959/elements - {"using":"xpath","value":"//button[@data-kt=\"IssuingTableConfirmAllButton\"]"}
RESULT: {"using":"xpath","value":"//button[@data-kt=\"IssuingTableConfirmAllButton\"]"}
COMMAND: POST /session/a414a6ae85a434897fa1c9da3096b959/elements - {"using":"xpath","value":"//button[@data-kt=\"IssuingTableConfirmAllButton\"]"}
RESULT: {"using":"xpath","value":"//button[@data-kt=\"IssuingTableConfirmAllButton\"]"}
COMMAND: POST /session/a414a6ae85a434897fa1c9da3096b959/elements - {"using":"xpath","value":"//button[@data-kt=\"IssuingTableConfirmAllButton\"]"}
RESULT: {"using":"xpath","value":"//button[@data-kt=\"IssuingTableConfirmAllButton\"]"}
COMMAND: POST /session/a414a6ae85a434897fa1c9da3096b959/elements - {"using":"xpath","value":"//button[@data-kt=\"IssuingTableConfirmAllButton\"]"}
RESULT: {"using":"xpath","value":"//button[@data-kt=\"IssuingTableConfirmAllButton\"]"}
COMMAND: POST /session/a414a6ae85a434897fa1c9da3096b959/elements - {"using":"xpath","value":"//button[@data-kt=\"IssuingTableConfirmAllButton\"]"}
RESULT: {"using":"xpath","value":"//button[@data-kt=\"IssuingTableConfirmAllButton\"]"}
COMMAND: POST /session/a414a6ae85a434897fa1c9da3096b959/elements - {"using":"xpath","value":"//button[@data-kt=\"IssuingTableConfirmAllButton\"]"}
RESULT: {"using":"xpath","value":"//button[@data-kt=\"IssuingTableConfirmAllButton\"]"}
COMMAND: POST /session/a414a6ae85a434897fa1c9da3096b959/elements - {"using":"xpath","value":"//button[@data-kt=\"IssuingTableConfirmAllButton\"]"}
RESULT: {"using":"xpath","value":"//button[@data-kt=\"IssuingTableConfirmAllButton\"]"}
COMMAND: POST /session/a414a6ae85a434897fa1c9da3096b959/elements - {"using":"xpath","value":"//button[@data-kt=\"IssuingTableConfirmAllButton\"]"}
RESULT: {"using":"xpath","value":"//button[@data-kt=\"IssuingTableConfirmAllButton\"]"}
COMMAND: POST /session/a414a6ae85a434897fa1c9da3096b959/elements - {"using":"xpath","value":"//button[@data-kt=\"IssuingTableConfirmAllButton\"]"}
RESULT: {"using":"xpath","value":"//button[@data-kt=\"IssuingTableConfirmAllButton\"]"}
COMMAND: POST /session/a414a6ae85a434897fa1c9da3096b959/elements - {"using":"xpath","value":"//button[@data-kt=\"IssuingTableConfirmAllButton\"]"}
RESULT: {"using":"xpath","value":"//button[@data-kt=\"IssuingTableConfirmAllButton\"]"}
COMMAND: POST /session/a414a6ae85a434897fa1c9da3096b959/elements - {"using":"xpath","value":"//button[@data-kt=\"IssuingTableConfirmAllButton\"]"}
RESULT: {"using":"xpath","value":"//button[@data-kt=\"IssuingTableConfirmAllButton\"]"}
COMMAND: POST /session/a414a6ae85a434897fa1c9da3096b959/elements - {"using":"xpath","value":"//button[@data-kt=\"IssuingTableConfirmAllButton\"]"}
RESULT: {"using":"xpath","value":"//button[@data-kt=\"IssuingTableConfirmAllButton\"]"}
COMMAND: POST /session/a414a6ae85a434897fa1c9da3096b959/elements - {"using":"xpath","value":"//button[@data-kt=\"IssuingTableConfirmAllButton\"]"}
RESULT: {"using":"xpath","value":"//button[@data-kt=\"IssuingTableConfirmAllButton\"]"}
COMMAND: POST /session/a414a6ae85a434897fa1c9da3096b959/elements - {"using":"xpath","value":"//button[@data-kt=\"IssuingTableConfirmAllButton\"]"}
RESULT: {"using":"xpath","value":"//button[@data-kt=\"IssuingTableConfirmAllButton\"]"}
COMMAND: POST /session/a414a6ae85a434897fa1c9da3096b959/elements - {"using":"xpath","value":"//button[@data-kt=\"IssuingTableConfirmAllButton\"]"}
RESULT: {"using":"xpath","value":"//button[@data-kt=\"IssuingTableConfirmAllButton\"]"}
COMMAND: POST /session/a414a6ae85a434897fa1c9da3096b959/elements - {"using":"xpath","value":"//button[@data-kt=\"IssuingTableConfirmAllButton\"]"}
RESULT: {"using":"xpath","value":"//button[@data-kt=\"IssuingTableConfirmAllButton\"]"}
COMMAND: POST /session/a414a6ae85a434897fa1c9da3096b959/elements - {"using":"xpath","value":"//button[@data-kt=\"IssuingTableConfirmAllButton\"]"}
RESULT: {"using":"xpath","value":"//button[@data-kt=\"IssuingTableConfirmAllButton\"]"}
COMMAND: POST /session/a414a6ae85a434897fa1c9da3096b959/elements - {"using":"xpath","value":"//button[@data-kt=\"IssuingTableConfirmAllButton\"]"}
RESULT: {"using":"xpath","value":"//button[@data-kt=\"IssuingTableConfirmAllButton\"]"}
COMMAND: POST /session/a414a6ae85a434897fa1c9da3096b959/elements - {"using":"xpath","value":"//button[@data-kt=\"IssuingTableConfirmAllButton\"]"}
RESULT: {"using":"xpath","value":"//button[@data-kt=\"IssuingTableConfirmAllButton\"]"}
COMMAND: POST /session/a414a6ae85a434897fa1c9da3096b959/elements - {"using":"xpath","value":"//button[@data-kt=\"IssuingTableConfirmAllButton\"]"}
RESULT: {"using":"xpath","value":"//button[@data-kt=\"IssuingTableConfirmAllButton\"]"}
COMMAND: POST /session/a414a6ae85a434897fa1c9da3096b959/elements - {"using":"xpath","value":"//button[@data-kt=\"IssuingTableConfirmAllButton\"]"}
RESULT: {"using":"xpath","value":"//button[@data-kt=\"IssuingTableConfirmAllButton\"]"}
COMMAND: POST /session/a414a6ae85a434897fa1c9da3096b959/elements - {"using":"xpath","value":"//button[@data-kt=\"IssuingTableConfirmAllButton\"]"}
RESULT: {"using":"xpath","value":"//button[@data-kt=\"IssuingTableConfirmAllButton\"]"}
COMMAND: POST /session/a414a6ae85a434897fa1c9da3096b959/elements - {"using":"xpath","value":"//button[@data-kt=\"IssuingTableConfirmAllButton\"]"}
RESULT: {"using":"xpath","value":"//button[@data-kt=\"IssuingTableConfirmAllButton\"]"}
COMMAND: POST /session/a414a6ae85a434897fa1c9da3096b959/elements - {"using":"xpath","value":"//button[@data-kt=\"IssuingTableConfirmAllButton\"]"}
COMMAND: GET /session/a414a6ae85a434897fa1c9da3096b959/screenshot - {}
RESULT: {"using":"xpath","value":"//button[@data-kt=\"IssuingTableConfirmAllButton\"]"}
RESULT: {}
COMMAND: POST /session/a414a6ae85a434897fa1c9da3096b959/element - {"using":"css selector","value":"#j_username"}
COMMAND: POST /session/a414a6ae85a434897fa1c9da3096b959/url - {"url":"https://qa-testing-00-live-etm-ui.cfapps.eu10-004.hana.ondemand.com/"}
COMMAND: GET /session/a414a6ae85a434897fa1c9da3096b959/screenshot - {}
COMMAND: GET /session/a414a6ae85a434897fa1c9da3096b959/screenshot - {}
RESULT: {"using":"css selector","value":"#j_username"}
COMMAND: POST /session/a414a6ae85a434897fa1c9da3096b959/element - {"using":"css selector","value":"#j_username"}
RESULT: {"url":"https://qa-testing-00-live-etm-ui.cfapps.eu10-004.hana.ondemand.com/"}
RESULT: undefined
COMMAND: GET /session/a414a6ae85a434897fa1c9da3096b959/screenshot - {}
RESULT: {}
RESULT: {}
RESULT: {"using":"css selector","value":"#j_username"}
COMMAND: POST /session/a414a6ae85a434897fa1c9da3096b959/element - {"using":"css selector","value":"#shell-header-logo"}
RESULT: {}
RESULT: {"using":"css selector","value":"#shell-header-logo"}
COMMAND: POST /session/a414a6ae85a434897fa1c9da3096b959/execute/sync - {"script":"<script> [8489 bytes]","args":[{"element-6066-11e4-a52e-4f735466cecf":"f.63F842937ABE5650621AFC3910BCBB57.d.B32CC0B6748A8CA6B71386FDC45E6B2C.e.13332","ELEMENT":"f.63F842937ABE5650621AFC3910BCBB57.d.B32CC0B6748A8CA6B71386FDC45E6B2C.e.13332"}]}
RESULT: {"script":"<script> [8489 bytes]","args":[{"element-6066-11e4-a52e-4f735466cecf":"f.63F842937ABE5650621AFC3910BCBB57.d.B32CC0B6748A8CA6B71386FDC45E6B2C.e.13332","ELEMENT":"f.63F842937ABE5650621AFC3910BCBB57.d.B32CC0B6748A8CA6B71386FDC45E6B2C.e.13332"}]}
COMMAND: POST /session/a414a6ae85a434897fa1c9da3096b959/element - {"using":"css selector","value":"#shell-header-logo"}
COMMAND: GET /session/a414a6ae85a434897fa1c9da3096b959/screenshot - {}
RESULT: {"using":"css selector","value":"#shell-header-logo"}
COMMAND: POST /session/a414a6ae85a434897fa1c9da3096b959/execute/sync - {"script":"<script> [8489 bytes]","args":[{"element-6066-11e4-a52e-4f735466cecf":"f.63F842937ABE5650621AFC3910BCBB57.d.B32CC0B6748A8CA6B71386FDC45E6B2C.e.13332","ELEMENT":"f.63F842937ABE5650621AFC3910BCBB57.d.B32CC0B6748A8CA6B71386FDC45E6B2C.e.13332"}]}
RESULT: {}
RESULT: {"script":"<script> [8489 bytes]","args":[{"element-6066-11e4-a52e-4f735466cecf":"f.63F842937ABE5650621AFC3910BCBB57.d.B32CC0B6748A8CA6B71386FDC45E6B2C.e.13332","ELEMENT":"f.63F842937ABE5650621AFC3910BCBB57.d.B32CC0B6748A8CA6B71386FDC45E6B2C.e.13332"}]}
COMMAND: POST /session/a414a6ae85a434897fa1c9da3096b959/execute/sync - {"script":"<script> [5351 bytes]","args":[{"element-6066-11e4-a52e-4f735466cecf":"f.63F842937ABE5650621AFC3910BCBB57.d.B32CC0B6748A8CA6B71386FDC45E6B2C.e.13332","ELEMENT":"f.63F842937ABE5650621AFC3910BCBB57.d.B32CC0B6748A8CA6B71386FDC45E6B2C.e.13332"}]}
COMMAND: GET /session/a414a6ae85a434897fa1c9da3096b959/screenshot - {}
RESULT: {"script":"<script> [5351 bytes]","args":[{"element-6066-11e4-a52e-4f735466cecf":"f.63F842937ABE5650621AFC3910BCBB57.d.B32CC0B6748A8CA6B71386FDC45E6B2C.e.13332","ELEMENT":"f.63F842937ABE5650621AFC3910BCBB57.d.B32CC0B6748A8CA6B71386FDC45E6B2C.e.13332"}]}
COMMAND: POST /session/a414a6ae85a434897fa1c9da3096b959/element - {"using":"css selector","value":"#shell-header-logo"}
COMMAND: GET /session/a414a6ae85a434897fa1c9da3096b959/screenshot - {}
RESULT: {}
RESULT: {"using":"css selector","value":"#shell-header-logo"}
COMMAND: POST /session/a414a6ae85a434897fa1c9da3096b959/element/f.63F842937ABE5650621AFC3910BCBB57.d.B32CC0B6748A8CA6B71386FDC45E6B2C.e.13332/click - {}
RESULT: {}
RESULT: {}
COMMAND: GET /session/a414a6ae85a434897fa1c9da3096b959/screenshot - {}
RESULT: {}
COMMAND: POST /session/a414a6ae85a434897fa1c9da3096b959/execute/async - {"script":"<script> [189 bytes]","args":[]}
RESULT: {"script":"<script> [189 bytes]","args":[]}
COMMAND: POST /session/a414a6ae85a434897fa1c9da3096b959/execute/async - {"script":"<script> [123 bytes]","args":[]}
RESULT: {"script":"<script> [123 bytes]","args":[]}
COMMAND: POST /session/a414a6ae85a434897fa1c9da3096b959/timeouts - {"script":"<number>"}
RESULT: {"script":"<number>"}
COMMAND: GET /session/a414a6ae85a434897fa1c9da3096b959/timeouts - {}
RESULT: {}
RESULT: undefined
COMMAND: POST /session/a414a6ae85a434897fa1c9da3096b959/execute/async - {"script":"<script> [2676 bytes]","args":[]}
RESULT: {"script":"<script> [2676 bytes]","args":[]}
COMMAND: POST /session/a414a6ae85a434897fa1c9da3096b959/execute/async - {"script":"<script> [2342 bytes]","args":[{"protocol":"http","hostname":"0.0.0.0","path":"/","capabilities":{"browserName":"chrome","goog:chromeOptions":{"binary":"C:\\Program Files\\Google\\Chrome\\Application\\chrome.exe","args":["--start-maximized"]}},"logLevel":"warn","connectionRetryTimeout":120000,"connectionRetryCount":3,"logLevels":{},"enableDirectConnect":true,"strictSSL":true,"_":"65 more keys: [\"cacheDir\",\"port\",\"requestedCapabilities\",\"automationProtocol\",\"baseUrl\",\"waitforInterval\",\"waitforTimeout\",\"onReload\",\"beforeCommand\",\"afterCommand\",\"rootDir\",\"specs\",\"suites\",\"exclude\",\"groupLogsByTestSpec\",\"excludeDriverLogs\",\"bail\",\"framework\",\"reporters\",\"services\",\"maxInstances\",\"maxInstancesPerCapability\",\"injectGlobals\",\"filesToWatch\",\"execArgv\",\"runnerEnv\",\"runner\",\"shard\",\"specFileRetries\",\"specFileRetriesDelay\",\"specFileRetriesDeferred\",\"reporterSyncInterval\",\"reporterSyncTimeout\",\"cucumberFeaturesWithLineNumbers\",\"autoCompileOpts\",\"mochaOpts\",\"jasmineOpts\",\"cucumberOpts\",\"onPrepare\",\"onWorkerStart\",\"onWorkerEnd\",\"before\",\"beforeSession\",\"beforeSuite\",\"beforeHook\",\"beforeTest\",\"afterTest\",\"afterHook\",\"afterSuite\",\"afterSession\",\"after\",\"onComplete\",\"beforeAssertion\",\"afterAssertion\",\"beforeFeature\",\"beforeScenario\",\"beforeStep\",\"afterStep\",\"afterScenario\",\"afterFeature\",\"_\",\"suite\",\"$0\",\"ignoredWorkerServices\",\"wdi5\"]"}]}
RESULT: {"script":"<script> [2342 bytes]","args":[{"protocol":"http","hostname":"0.0.0.0","path":"/","capabilities":{"browserName":"chrome","goog:chromeOptions":{"binary":"C:\\Program Files\\Google\\Chrome\\Application\\chrome.exe","args":["--start-maximized"]}},"logLevel":"warn","connectionRetryTimeout":120000,"connectionRetryCount":3,"logLevels":{},"enableDirectConnect":true,"strictSSL":true,"_":"65 more keys: [\"cacheDir\",\"port\",\"requestedCapabilities\",\"automationProtocol\",\"baseUrl\",\"waitforInterval\",\"waitforTimeout\",\"onReload\",\"beforeCommand\",\"afterCommand\",\"rootDir\",\"specs\",\"suites\",\"exclude\",\"groupLogsByTestSpec\",\"excludeDriverLogs\",\"bail\",\"framework\",\"reporters\",\"services\",\"maxInstances\",\"maxInstancesPerCapability\",\"injectGlobals\",\"filesToWatch\",\"execArgv\",\"runnerEnv\",\"runner\",\"shard\",\"specFileRetries\",\"specFileRetriesDelay\",\"specFileRetriesDeferred\",\"reporterSyncInterval\",\"reporterSyncTimeout\",\"cucumberFeaturesWithLineNumbers\",\"autoCompileOpts\",\"mochaOpts\",\"jasmineOpts\",\"cucumberOpts\",\"onPrepare\",\"onWorkerStart\",\"onWorkerEnd\",\"before\",\"beforeSession\",\"beforeSuite\",\"beforeHook\",\"beforeTest\",\"afterTest\",\"afterHook\",\"afterSuite\",\"afterSession\",\"after\",\"onComplete\",\"beforeAssertion\",\"afterAssertion\",\"beforeFeature\",\"beforeScenario\",\"beforeStep\",\"afterStep\",\"afterScenario\",\"afterFeature\",\"_\",\"suite\",\"$0\",\"ignoredWorkerServices\",\"wdi5\"]"}]}
COMMAND: POST /session/a414a6ae85a434897fa1c9da3096b959/execute/async - {"script":"<script> [21126 bytes]","args":[35000]}
RESULT: {"script":"<script> [21126 bytes]","args":[35000]}
COMMAND: POST /session/a414a6ae85a434897fa1c9da3096b959/window/maximize - {}
RESULT: {}
COMMAND: POST /session/a414a6ae85a434897fa1c9da3096b959/execute/async - {"script":"<script> [1562 bytes]","args":[{"selector":{"id":"shell-header","interaction":{"idSuffix":"icon"}},"wdio_ui5_key":"shellheader"}]}
COMMAND: GET /session/a414a6ae85a434897fa1c9da3096b959/screenshot - {}
RESULT: {"script":"<script> [1562 bytes]","args":[{"selector":{"id":"shell-header","interaction":{"idSuffix":"icon"}},"wdio_ui5_key":"shellheader"}]}
RESULT: undefined
COMMAND: POST /session/a414a6ae85a434897fa1c9da3096b959/window/fullscreen - {}
RESULT: {}
RESULT: {}
]]></system-out>
      <system-err><![CDATA[
Error: Can't call click on element with selector "//button[@data-kt="IssuingTableConfirmAllButton"]" because element wasn't found
    at async Context.<anonymous> (D:\a\1\s\test\specs\HTR\stock-decrease.spec.js:402:9)
]]></system-err>
    </testcase>
  </testsuite>
  <testsuite timestamp="2025-05-30T17:31:13" time="678.928" tests="7" failures="3" errors="3" skipped="0">
    <properties>
      <property name="specId" value="0"/>
      <property name="suiteName" value="Transfer Yard to Yard US131076"/>
      <property name="capabilities" value="chrome.136_0_7103_93.windows"/>
      <property name="file" value="file:///D:/a/1/s/test/specs/HTR/transfer-yard-to-yard.spec.js"/>
    </properties>
    <testcase classname="chrome.136_0_7103_93.windows.Transfer_Yard_to_Yard_US131076" name="Should create a new yard" time="0.011">
      <system-out><![CDATA[
COMMAND: POST /session/a414a6ae85a434897fa1c9da3096b959/window/fullscreen - {}
RESULT: {}
]]></system-out>
    </testcase>
    <testcase classname="chrome.136_0_7103_93.windows.Transfer_Yard_to_Yard_US131076" name="Should create a new 2nd yard" time="132.183">
      <system-out><![CDATA[
COMMAND: POST /session/a414a6ae85a434897fa1c9da3096b959/window/fullscreen - {}
RESULT: {}
COMMAND: POST /session/a414a6ae85a434897fa1c9da3096b959/execute/async - {"script":"<script> [1562 bytes]","args":[{"selector":{"controlType":"sap.m.GenericTile","properties":{"header":"Manage Yards"}},"wdio_ui5_key":"sapm.GenericTile{\"header\":\"Manage Yards\"}"}]}
RESULT: {"script":"<script> [1562 bytes]","args":[{"selector":{"controlType":"sap.m.GenericTile","properties":{"header":"Manage Yards"}},"wdio_ui5_key":"sapm.GenericTile{\"header\":\"Manage Yards\"}"}]}
RESULT: undefined
COMMAND: POST /session/a414a6ae85a434897fa1c9da3096b959/element - {"using":"xpath","value":"//*[@id=\"__tile33\"]"}
RESULT: {"using":"xpath","value":"//*[@id=\"__tile33\"]"}
COMMAND: POST /session/a414a6ae85a434897fa1c9da3096b959/element/f.63F842937ABE5650621AFC3910BCBB57.d.B32CC0B6748A8CA6B71386FDC45E6B2C.e.13355/click - {}
RESULT: {}
COMMAND: GET /session/a414a6ae85a434897fa1c9da3096b959/screenshot - {}
COMMAND: POST /session/a414a6ae85a434897fa1c9da3096b959/elements - {"using":"xpath","value":"//span[text()='Error']"}
RESULT: {}
RESULT: {"using":"xpath","value":"//span[text()='Error']"}
COMMAND: POST /session/a414a6ae85a434897fa1c9da3096b959/element - {"using":"xpath","value":"//button[@data-kt=\"addNewYardOverflowToolbarButton\"]"}
RESULT: {"using":"xpath","value":"//button[@data-kt=\"addNewYardOverflowToolbarButton\"]"}
COMMAND: POST /session/a414a6ae85a434897fa1c9da3096b959/elements - {"using":"xpath","value":"//button[@data-kt=\"addNewYardOverflowToolbarButton\"]"}
RESULT: {"using":"xpath","value":"//button[@data-kt=\"addNewYardOverflowToolbarButton\"]"}
COMMAND: POST /session/a414a6ae85a434897fa1c9da3096b959/elements - {"using":"xpath","value":"//button[@data-kt=\"addNewYardOverflowToolbarButton\"]"}
RESULT: {"using":"xpath","value":"//button[@data-kt=\"addNewYardOverflowToolbarButton\"]"}
COMMAND: POST /session/a414a6ae85a434897fa1c9da3096b959/element - {"using":"xpath","value":"//button[@data-kt=\"addNewYardOverflowToolbarButton\"]"}
RESULT: {"using":"xpath","value":"//button[@data-kt=\"addNewYardOverflowToolbarButton\"]"}
COMMAND: POST /session/a414a6ae85a434897fa1c9da3096b959/execute/sync - {"script":"<script> [8489 bytes]","args":[{"element-6066-11e4-a52e-4f735466cecf":"f.63F842937ABE5650621AFC3910BCBB57.d.B32CC0B6748A8CA6B71386FDC45E6B2C.e.13589","ELEMENT":"f.63F842937ABE5650621AFC3910BCBB57.d.B32CC0B6748A8CA6B71386FDC45E6B2C.e.13589"}]}
RESULT: {"script":"<script> [8489 bytes]","args":[{"element-6066-11e4-a52e-4f735466cecf":"f.63F842937ABE5650621AFC3910BCBB57.d.B32CC0B6748A8CA6B71386FDC45E6B2C.e.13589","ELEMENT":"f.63F842937ABE5650621AFC3910BCBB57.d.B32CC0B6748A8CA6B71386FDC45E6B2C.e.13589"}]}
COMMAND: GET /session/a414a6ae85a434897fa1c9da3096b959/element/f.63F842937ABE5650621AFC3910BCBB57.d.B32CC0B6748A8CA6B71386FDC45E6B2C.e.13589/enabled - {}
COMMAND: GET /session/a414a6ae85a434897fa1c9da3096b959/screenshot - {}
RESULT: {}
COMMAND: POST /session/a414a6ae85a434897fa1c9da3096b959/execute/sync - {"script":"<script> [8489 bytes]","args":[{"element-6066-11e4-a52e-4f735466cecf":"f.63F842937ABE5650621AFC3910BCBB57.d.B32CC0B6748A8CA6B71386FDC45E6B2C.e.13589","ELEMENT":"f.63F842937ABE5650621AFC3910BCBB57.d.B32CC0B6748A8CA6B71386FDC45E6B2C.e.13589"}]}
COMMAND: GET /session/a414a6ae85a434897fa1c9da3096b959/screenshot - {}
RESULT: {}
RESULT: {"script":"<script> [8489 bytes]","args":[{"element-6066-11e4-a52e-4f735466cecf":"f.63F842937ABE5650621AFC3910BCBB57.d.B32CC0B6748A8CA6B71386FDC45E6B2C.e.13589","ELEMENT":"f.63F842937ABE5650621AFC3910BCBB57.d.B32CC0B6748A8CA6B71386FDC45E6B2C.e.13589"}]}
COMMAND: POST /session/a414a6ae85a434897fa1c9da3096b959/execute/sync - {"script":"<script> [5351 bytes]","args":[{"element-6066-11e4-a52e-4f735466cecf":"f.63F842937ABE5650621AFC3910BCBB57.d.B32CC0B6748A8CA6B71386FDC45E6B2C.e.13589","ELEMENT":"f.63F842937ABE5650621AFC3910BCBB57.d.B32CC0B6748A8CA6B71386FDC45E6B2C.e.13589"}]}
COMMAND: GET /session/a414a6ae85a434897fa1c9da3096b959/screenshot - {}
RESULT: {}
RESULT: {"script":"<script> [5351 bytes]","args":[{"element-6066-11e4-a52e-4f735466cecf":"f.63F842937ABE5650621AFC3910BCBB57.d.B32CC0B6748A8CA6B71386FDC45E6B2C.e.13589","ELEMENT":"f.63F842937ABE5650621AFC3910BCBB57.d.B32CC0B6748A8CA6B71386FDC45E6B2C.e.13589"}]}
COMMAND: POST /session/a414a6ae85a434897fa1c9da3096b959/element/f.63F842937ABE5650621AFC3910BCBB57.d.B32CC0B6748A8CA6B71386FDC45E6B2C.e.13589/click - {}
COMMAND: GET /session/a414a6ae85a434897fa1c9da3096b959/screenshot - {}
RESULT: {}
RESULT: {}
COMMAND: GET /session/a414a6ae85a434897fa1c9da3096b959/screenshot - {}
COMMAND: POST /session/a414a6ae85a434897fa1c9da3096b959/element - {"using":"xpath","value":"//input[@id=\"application-manageyards-display-component---NewYard--yardId-inner\"]"}
RESULT: {}
RESULT: {}
RESULT: {"using":"xpath","value":"//input[@id=\"application-manageyards-display-component---NewYard--yardId-inner\"]"}
COMMAND: POST /session/a414a6ae85a434897fa1c9da3096b959/element - {"using":"xpath","value":"//input[@id=\"application-manageyards-display-component---NewYard--yardId-inner\"]"}
RESULT: {"using":"xpath","value":"//input[@id=\"application-manageyards-display-component---NewYard--yardId-inner\"]"}
COMMAND: POST /session/a414a6ae85a434897fa1c9da3096b959/execute/async - {"script":"<script> [1562 bytes]","args":[{"selector":{"id":"application-manageyards-display-component---NewYard--addressDetailDetailsName1","interaction":{"idSuffix":"inner"}},"wdio_ui5_key":"applicationmanageyards-display-component---NewYard--addressDetailDetailsName1"}]}
RESULT: {"script":"<script> [1562 bytes]","args":[{"selector":{"id":"application-manageyards-display-component---NewYard--addressDetailDetailsName1","interaction":{"idSuffix":"inner"}},"wdio_ui5_key":"applicationmanageyards-display-component---NewYard--addressDetailDetailsName1"}]}
RESULT: undefined
COMMAND: POST /session/a414a6ae85a434897fa1c9da3096b959/execute/async - {"script":"<script> [776 bytes]","args":[{"enterText":"Intracompany Yard wdIO","selector":{"id":"application-manageyards-display-component---NewYard--addressDetailDetailsName1","interaction":{"idSuffix":"inner"}},"clearTextFirst":true,"interactionType":"ENTER_TEXT"}]}
RESULT: {"script":"<script> [776 bytes]","args":[{"enterText":"Intracompany Yard wdIO","selector":{"id":"application-manageyards-display-component---NewYard--addressDetailDetailsName1","interaction":{"idSuffix":"inner"}},"clearTextFirst":true,"interactionType":"ENTER_TEXT"}]}
COMMAND: POST /session/a414a6ae85a434897fa1c9da3096b959/execute/async - {"script":"<script> [1562 bytes]","args":[{"selector":{"id":"application-manageyards-display-component---NewYard--addressDetailDetailsLanguage-arrow"},"wdio_ui5_key":"applicationmanageyards-display-component---NewYard--addressDetailDetailsLanguage-arrow"}]}
RESULT: {"script":"<script> [1562 bytes]","args":[{"selector":{"id":"application-manageyards-display-component---NewYard--addressDetailDetailsLanguage-arrow"},"wdio_ui5_key":"applicationmanageyards-display-component---NewYard--addressDetailDetailsLanguage-arrow"}]}
RESULT: undefined
COMMAND: POST /session/a414a6ae85a434897fa1c9da3096b959/element - {"using":"xpath","value":"//*[@id=\"application-manageyards-display-component---NewYard--addressDetailDetailsLanguage-arrow\"]"}
RESULT: {"using":"xpath","value":"//*[@id=\"application-manageyards-display-component---NewYard--addressDetailDetailsLanguage-arrow\"]"}
COMMAND: POST /session/a414a6ae85a434897fa1c9da3096b959/element/f.63F842937ABE5650621AFC3910BCBB57.d.B32CC0B6748A8CA6B71386FDC45E6B2C.e.13902/click - {}
RESULT: {}
COMMAND: POST /session/a414a6ae85a434897fa1c9da3096b959/element - {"using":"xpath","value":"//span[contains(text(), \"English\")]"}
COMMAND: GET /session/a414a6ae85a434897fa1c9da3096b959/screenshot - {}
RESULT: {"using":"xpath","value":"//span[contains(text(), \"English\")]"}
COMMAND: POST /session/a414a6ae85a434897fa1c9da3096b959/element/f.63F842937ABE5650621AFC3910BCBB57.d.B32CC0B6748A8CA6B71386FDC45E6B2C.e.13903/click - {}
RESULT: {}
RESULT: {}
COMMAND: POST /session/a414a6ae85a434897fa1c9da3096b959/execute/async - {"script":"<script> [1562 bytes]","args":[{"selector":{"id":"application-manageyards-display-component---NewYard--addressDetailDetailsCity1","interaction":{"idSuffix":"inner"}},"wdio_ui5_key":"applicationmanageyards-display-component---NewYard--addressDetailDetailsCity1"}]}
COMMAND: GET /session/a414a6ae85a434897fa1c9da3096b959/screenshot - {}
RESULT: {"script":"<script> [1562 bytes]","args":[{"selector":{"id":"application-manageyards-display-component---NewYard--addressDetailDetailsCity1","interaction":{"idSuffix":"inner"}},"wdio_ui5_key":"applicationmanageyards-display-component---NewYard--addressDetailDetailsCity1"}]}
RESULT: undefined
COMMAND: POST /session/a414a6ae85a434897fa1c9da3096b959/execute/async - {"script":"<script> [776 bytes]","args":[{"enterText":"Rosario","selector":{"id":"application-manageyards-display-component---NewYard--addressDetailDetailsCity1","interaction":{"idSuffix":"inner"}},"clearTextFirst":true,"interactionType":"ENTER_TEXT"}]}
RESULT: {}
RESULT: {"script":"<script> [776 bytes]","args":[{"enterText":"Rosario","selector":{"id":"application-manageyards-display-component---NewYard--addressDetailDetailsCity1","interaction":{"idSuffix":"inner"}},"clearTextFirst":true,"interactionType":"ENTER_TEXT"}]}
COMMAND: POST /session/a414a6ae85a434897fa1c9da3096b959/execute/async - {"script":"<script> [1562 bytes]","args":[{"selector":{"id":"application-manageyards-display-component---NewYard--addressDetailDetailsCountry-arrow"},"wdio_ui5_key":"applicationmanageyards-display-component---NewYard--addressDetailDetailsCountry-arrow"}]}
RESULT: {"script":"<script> [1562 bytes]","args":[{"selector":{"id":"application-manageyards-display-component---NewYard--addressDetailDetailsCountry-arrow"},"wdio_ui5_key":"applicationmanageyards-display-component---NewYard--addressDetailDetailsCountry-arrow"}]}
RESULT: undefined
COMMAND: POST /session/a414a6ae85a434897fa1c9da3096b959/element - {"using":"xpath","value":"//*[@id=\"application-manageyards-display-component---NewYard--addressDetailDetailsCountry-arrow\"]"}
RESULT: {"using":"xpath","value":"//*[@id=\"application-manageyards-display-component---NewYard--addressDetailDetailsCountry-arrow\"]"}
COMMAND: POST /session/a414a6ae85a434897fa1c9da3096b959/element/f.63F842937ABE5650621AFC3910BCBB57.d.B32CC0B6748A8CA6B71386FDC45E6B2C.e.13905/click - {}
RESULT: {}
COMMAND: POST /session/a414a6ae85a434897fa1c9da3096b959/element - {"using":"xpath","value":"//span[contains(text(), \"Argentina\")]"}
COMMAND: GET /session/a414a6ae85a434897fa1c9da3096b959/screenshot - {}
RESULT: {"using":"xpath","value":"//span[contains(text(), \"Argentina\")]"}
COMMAND: POST /session/a414a6ae85a434897fa1c9da3096b959/element/f.63F842937ABE5650621AFC3910BCBB57.d.B32CC0B6748A8CA6B71386FDC45E6B2C.e.13907/click - {}
RESULT: {}
RESULT: {}
COMMAND: POST /session/a414a6ae85a434897fa1c9da3096b959/execute/async - {"script":"<script> [1562 bytes]","args":[{"selector":{"id":"application-manageyards-display-component---NewYard--addressEditDetailsCostObjectCstType-arrow"},"wdio_ui5_key":"applicationmanageyards-display-component---NewYard--addressEditDetailsCostObjectCstType-arrow"}]}
COMMAND: GET /session/a414a6ae85a434897fa1c9da3096b959/screenshot - {}
RESULT: {"script":"<script> [1562 bytes]","args":[{"selector":{"id":"application-manageyards-display-component---NewYard--addressEditDetailsCostObjectCstType-arrow"},"wdio_ui5_key":"applicationmanageyards-display-component---NewYard--addressEditDetailsCostObjectCstType-arrow"}]}
RESULT: undefined
COMMAND: POST /session/a414a6ae85a434897fa1c9da3096b959/element - {"using":"xpath","value":"//*[@id=\"application-manageyards-display-component---NewYard--addressEditDetailsCostObjectCstType-arrow\"]"}
RESULT: {}
RESULT: {"using":"xpath","value":"//*[@id=\"application-manageyards-display-component---NewYard--addressEditDetailsCostObjectCstType-arrow\"]"}
COMMAND: POST /session/a414a6ae85a434897fa1c9da3096b959/element/f.63F842937ABE5650621AFC3910BCBB57.d.B32CC0B6748A8CA6B71386FDC45E6B2C.e.13908/click - {}
RESULT: {}
COMMAND: POST /session/a414a6ae85a434897fa1c9da3096b959/element - {"using":"xpath","value":"//span[contains(text(), \"Cost Center\")]"}
RESULT: {"using":"xpath","value":"//span[contains(text(), \"Cost Center\")]"}
COMMAND: POST /session/a414a6ae85a434897fa1c9da3096b959/element/f.63F842937ABE5650621AFC3910BCBB57.d.B32CC0B6748A8CA6B71386FDC45E6B2C.e.13909/click - {}
COMMAND: GET /session/a414a6ae85a434897fa1c9da3096b959/screenshot - {}
RESULT: {}
COMMAND: GET /session/a414a6ae85a434897fa1c9da3096b959/screenshot - {}
RESULT: {}
RESULT: {}
COMMAND: POST /session/a414a6ae85a434897fa1c9da3096b959/element - {"using":"xpath","value":"//span[@id=\"application-manageyards-display-component---NewYard--addressNewCostObjectCstID-vhi\"]"}
RESULT: {"using":"xpath","value":"//span[@id=\"application-manageyards-display-component---NewYard--addressNewCostObjectCstID-vhi\"]"}
COMMAND: POST /session/a414a6ae85a434897fa1c9da3096b959/execute/sync - {"script":"<script> [8489 bytes]","args":[{"element-6066-11e4-a52e-4f735466cecf":"f.63F842937ABE5650621AFC3910BCBB57.d.B32CC0B6748A8CA6B71386FDC45E6B2C.e.13913","ELEMENT":"f.63F842937ABE5650621AFC3910BCBB57.d.B32CC0B6748A8CA6B71386FDC45E6B2C.e.13913"}]}
RESULT: {"script":"<script> [8489 bytes]","args":[{"element-6066-11e4-a52e-4f735466cecf":"f.63F842937ABE5650621AFC3910BCBB57.d.B32CC0B6748A8CA6B71386FDC45E6B2C.e.13913","ELEMENT":"f.63F842937ABE5650621AFC3910BCBB57.d.B32CC0B6748A8CA6B71386FDC45E6B2C.e.13913"}]}
COMMAND: POST /session/a414a6ae85a434897fa1c9da3096b959/execute/async - {"script":"<script> [1562 bytes]","args":[{"selector":{"id":"application-manageyards-display-component---NewYard--addressNewCostObjectCstID-vhi"},"wdio_ui5_key":"applicationmanageyards-display-component---NewYard--addressNewCostObjectCstID-vhi"}]}
COMMAND: GET /session/a414a6ae85a434897fa1c9da3096b959/screenshot - {}
RESULT: {"script":"<script> [1562 bytes]","args":[{"selector":{"id":"application-manageyards-display-component---NewYard--addressNewCostObjectCstID-vhi"},"wdio_ui5_key":"applicationmanageyards-display-component---NewYard--addressNewCostObjectCstID-vhi"}]}
RESULT: undefined
COMMAND: POST /session/a414a6ae85a434897fa1c9da3096b959/element - {"using":"xpath","value":"//*[@id=\"application-manageyards-display-component---NewYard--addressNewCostObjectCstID-vhi\"]"}
RESULT: {}
RESULT: {"using":"xpath","value":"//*[@id=\"application-manageyards-display-component---NewYard--addressNewCostObjectCstID-vhi\"]"}
COMMAND: POST /session/a414a6ae85a434897fa1c9da3096b959/element/f.63F842937ABE5650621AFC3910BCBB57.d.B32CC0B6748A8CA6B71386FDC45E6B2C.e.13913/click - {}
RESULT: {}
COMMAND: GET /session/a414a6ae85a434897fa1c9da3096b959/screenshot - {}
RESULT: {}
COMMAND: POST /session/a414a6ae85a434897fa1c9da3096b959/execute/async - {"script":"<script> [1562 bytes]","args":[{"selector":{"controlType":"sap.m.SearchField","properties":{"placeholder":"Search"},"searchOpenDialogs":true,"interaction":{"idSuffix":"I"}},"wdio_ui5_key":"sapm.SearchField{\"placeholder\":\"Search\"}"}]}
RESULT: {"script":"<script> [1562 bytes]","args":[{"selector":{"controlType":"sap.m.SearchField","properties":{"placeholder":"Search"},"searchOpenDialogs":true,"interaction":{"idSuffix":"I"}},"wdio_ui5_key":"sapm.SearchField{\"placeholder\":\"Search\"}"}]}
RESULT: undefined
COMMAND: POST /session/a414a6ae85a434897fa1c9da3096b959/execute/async - {"script":"<script> [776 bytes]","args":[{"enterText":"bauh_b","selector":{"controlType":"sap.m.SearchField","properties":{"placeholder":"Search"},"searchOpenDialogs":true,"interaction":{"idSuffix":"I"}},"clearTextFirst":true,"interactionType":"ENTER_TEXT"}]}
RESULT: {"script":"<script> [776 bytes]","args":[{"enterText":"bauh_b","selector":{"controlType":"sap.m.SearchField","properties":{"placeholder":"Search"},"searchOpenDialogs":true,"interaction":{"idSuffix":"I"}},"clearTextFirst":true,"interactionType":"ENTER_TEXT"}]}
COMMAND: POST /session/a414a6ae85a434897fa1c9da3096b959/actions - {"actions":[{"id":"action43","type":"key","parameters":{},"actions":[{"type":"keyDown","value":""},{"type":"pause","duration":10},{"type":"keyUp","value":""}]}]}
RESULT: {"actions":[{"id":"action43","type":"key","parameters":{},"actions":[{"type":"keyDown","value":""},{"type":"pause","duration":10},{"type":"keyUp","value":""}]}]}
COMMAND: GET /session/a414a6ae85a434897fa1c9da3096b959/screenshot - {}
RESULT: {}
COMMAND: POST /session/a414a6ae85a434897fa1c9da3096b959/element - {"using":"xpath","value":"//span[contains(text(), \"Demo Yard\")]"}
RESULT: {"using":"xpath","value":"//span[contains(text(), \"Demo Yard\")]"}
COMMAND: POST /session/a414a6ae85a434897fa1c9da3096b959/element/f.63F842937ABE5650621AFC3910BCBB57.d.B32CC0B6748A8CA6B71386FDC45E6B2C.e.13953/click - {}
RESULT: {}
COMMAND: GET /session/a414a6ae85a434897fa1c9da3096b959/screenshot - {}
RESULT: {}
COMMAND: POST /session/a414a6ae85a434897fa1c9da3096b959/element - {"using":"xpath","value":"//bdi[contains(text(), \"OK\")]"}
RESULT: {"using":"xpath","value":"//bdi[contains(text(), \"OK\")]"}
COMMAND: POST /session/a414a6ae85a434897fa1c9da3096b959/element/f.63F842937ABE5650621AFC3910BCBB57.d.B32CC0B6748A8CA6B71386FDC45E6B2C.e.13954/click - {}
RESULT: {}
COMMAND: GET /session/a414a6ae85a434897fa1c9da3096b959/screenshot - {}
RESULT: {}
COMMAND: POST /session/a414a6ae85a434897fa1c9da3096b959/execute/async - {"script":"<script> [1562 bytes]","args":[{"selector":{"id":"application-manageyards-display-component---NewYard--addressEditDetailsCurrency-arrow"},"wdio_ui5_key":"applicationmanageyards-display-component---NewYard--addressEditDetailsCurrency-arrow"}]}
RESULT: {"script":"<script> [1562 bytes]","args":[{"selector":{"id":"application-manageyards-display-component---NewYard--addressEditDetailsCurrency-arrow"},"wdio_ui5_key":"applicationmanageyards-display-component---NewYard--addressEditDetailsCurrency-arrow"}]}
RESULT: undefined
COMMAND: POST /session/a414a6ae85a434897fa1c9da3096b959/element - {"using":"xpath","value":"//*[@id=\"application-manageyards-display-component---NewYard--addressEditDetailsCurrency-arrow\"]"}
RESULT: {"using":"xpath","value":"//*[@id=\"application-manageyards-display-component---NewYard--addressEditDetailsCurrency-arrow\"]"}
COMMAND: POST /session/a414a6ae85a434897fa1c9da3096b959/element/f.63F842937ABE5650621AFC3910BCBB57.d.B32CC0B6748A8CA6B71386FDC45E6B2C.e.13957/click - {}
RESULT: {}
COMMAND: POST /session/a414a6ae85a434897fa1c9da3096b959/element - {"using":"xpath","value":"//span[contains(text(), \"Euro\")]"}
COMMAND: GET /session/a414a6ae85a434897fa1c9da3096b959/screenshot - {}
RESULT: {"using":"xpath","value":"//span[contains(text(), \"Euro\")]"}
COMMAND: POST /session/a414a6ae85a434897fa1c9da3096b959/element/f.63F842937ABE5650621AFC3910BCBB57.d.B32CC0B6748A8CA6B71386FDC45E6B2C.e.13958/click - {}
RESULT: {}
RESULT: {}
COMMAND: POST /session/a414a6ae85a434897fa1c9da3096b959/execute/async - {"script":"<script> [1562 bytes]","args":[{"selector":{"controlType":"sap.m.Input","viewName":"etm.portal.ui.manageyards.view.New","viewId":"application-manageyards-display-component---NewYard","bindingPath":{"path":"","propertyPath":"/CONTROLLING_AREA","modelName":"NewYardModel"},"interaction":{"idSuffix":"inner"}},"wdio_ui5_key":"etmportal.ui.manageyards.view.Newsap.m.Input{\"path\":\"\",\"propertyPath\":\"/CONTROLLING_AREA\",\"modelName\":\"NewYardModel\"}"}]}
COMMAND: GET /session/a414a6ae85a434897fa1c9da3096b959/screenshot - {}
RESULT: {"script":"<script> [1562 bytes]","args":[{"selector":{"controlType":"sap.m.Input","viewName":"etm.portal.ui.manageyards.view.New","viewId":"application-manageyards-display-component---NewYard","bindingPath":{"path":"","propertyPath":"/CONTROLLING_AREA","modelName":"NewYardModel"},"interaction":{"idSuffix":"inner"}},"wdio_ui5_key":"etmportal.ui.manageyards.view.Newsap.m.Input{\"path\":\"\",\"propertyPath\":\"/CONTROLLING_AREA\",\"modelName\":\"NewYardModel\"}"}]}
RESULT: undefined
COMMAND: POST /session/a414a6ae85a434897fa1c9da3096b959/execute/async - {"script":"<script> [776 bytes]","args":[{"enterText":"Z001","selector":{"controlType":"sap.m.Input","viewName":"etm.portal.ui.manageyards.view.New","viewId":"application-manageyards-display-component---NewYard","bindingPath":{"path":"","propertyPath":"/CONTROLLING_AREA","modelName":"NewYardModel"},"interaction":{"idSuffix":"inner"}},"clearTextFirst":true,"interactionType":"ENTER_TEXT"}]}
RESULT: {}
RESULT: {"script":"<script> [776 bytes]","args":[{"enterText":"Z001","selector":{"controlType":"sap.m.Input","viewName":"etm.portal.ui.manageyards.view.New","viewId":"application-manageyards-display-component---NewYard","bindingPath":{"path":"","propertyPath":"/CONTROLLING_AREA","modelName":"NewYardModel"},"interaction":{"idSuffix":"inner"}},"clearTextFirst":true,"interactionType":"ENTER_TEXT"}]}
COMMAND: POST /session/a414a6ae85a434897fa1c9da3096b959/execute/async - {"script":"<script> [1562 bytes]","args":[{"selector":{"id":"application-manageyards-display-component---NewYard--companyCodeComboBox","interaction":{"idSuffix":"inner"}},"wdio_ui5_key":"applicationmanageyards-display-component---NewYard--companyCodeComboBox"}]}
RESULT: {"script":"<script> [1562 bytes]","args":[{"selector":{"id":"application-manageyards-display-component---NewYard--companyCodeComboBox","interaction":{"idSuffix":"inner"}},"wdio_ui5_key":"applicationmanageyards-display-component---NewYard--companyCodeComboBox"}]}
RESULT: undefined
COMMAND: POST /session/a414a6ae85a434897fa1c9da3096b959/execute/async - {"script":"<script> [776 bytes]","args":[{"enterText":"1000","selector":{"id":"application-manageyards-display-component---NewYard--companyCodeComboBox","interaction":{"idSuffix":"inner"}},"clearTextFirst":true,"interactionType":"ENTER_TEXT"}]}
RESULT: {"script":"<script> [776 bytes]","args":[{"enterText":"1000","selector":{"id":"application-manageyards-display-component---NewYard--companyCodeComboBox","interaction":{"idSuffix":"inner"}},"clearTextFirst":true,"interactionType":"ENTER_TEXT"}]}
COMMAND: POST /session/a414a6ae85a434897fa1c9da3096b959/execute/async - {"script":"<script> [1562 bytes]","args":[{"selector":{"controlType":"sap.m.Input","viewName":"etm.portal.ui.manageyards.view.New","viewId":"application-manageyards-display-component---NewYard","bindingPath":{"path":"","propertyPath":"/PLANT","modelName":"NewYardModel"},"interaction":{"idSuffix":"inner"}},"wdio_ui5_key":"etmportal.ui.manageyards.view.Newsap.m.Input{\"path\":\"\",\"propertyPath\":\"/PLANT\",\"modelName\":\"NewYardModel\"}"}]}
RESULT: {"script":"<script> [1562 bytes]","args":[{"selector":{"controlType":"sap.m.Input","viewName":"etm.portal.ui.manageyards.view.New","viewId":"application-manageyards-display-component---NewYard","bindingPath":{"path":"","propertyPath":"/PLANT","modelName":"NewYardModel"},"interaction":{"idSuffix":"inner"}},"wdio_ui5_key":"etmportal.ui.manageyards.view.Newsap.m.Input{\"path\":\"\",\"propertyPath\":\"/PLANT\",\"modelName\":\"NewYardModel\"}"}]}
RESULT: undefined
COMMAND: POST /session/a414a6ae85a434897fa1c9da3096b959/execute/async - {"script":"<script> [776 bytes]","args":[{"enterText":"1001","selector":{"controlType":"sap.m.Input","viewName":"etm.portal.ui.manageyards.view.New","viewId":"application-manageyards-display-component---NewYard","bindingPath":{"path":"","propertyPath":"/PLANT","modelName":"NewYardModel"},"interaction":{"idSuffix":"inner"}},"clearTextFirst":true,"interactionType":"ENTER_TEXT"}]}
RESULT: {"script":"<script> [776 bytes]","args":[{"enterText":"1001","selector":{"controlType":"sap.m.Input","viewName":"etm.portal.ui.manageyards.view.New","viewId":"application-manageyards-display-component---NewYard","bindingPath":{"path":"","propertyPath":"/PLANT","modelName":"NewYardModel"},"interaction":{"idSuffix":"inner"}},"clearTextFirst":true,"interactionType":"ENTER_TEXT"}]}
COMMAND: POST /session/a414a6ae85a434897fa1c9da3096b959/execute/async - {"script":"<script> [1562 bytes]","args":[{"selector":{"controlType":"sap.m.Input","viewName":"etm.portal.ui.manageyards.view.New","viewId":"application-manageyards-display-component---NewYard","bindingPath":{"path":"","propertyPath":"/SALES_AREA_VKORG","modelName":"NewYardModel"},"interaction":{"idSuffix":"inner"}},"wdio_ui5_key":"etmportal.ui.manageyards.view.Newsap.m.Input{\"path\":\"\",\"propertyPath\":\"/SALES_AREA_VKORG\",\"modelName\":\"NewYardModel\"}"}]}
RESULT: {"script":"<script> [1562 bytes]","args":[{"selector":{"controlType":"sap.m.Input","viewName":"etm.portal.ui.manageyards.view.New","viewId":"application-manageyards-display-component---NewYard","bindingPath":{"path":"","propertyPath":"/SALES_AREA_VKORG","modelName":"NewYardModel"},"interaction":{"idSuffix":"inner"}},"wdio_ui5_key":"etmportal.ui.manageyards.view.Newsap.m.Input{\"path\":\"\",\"propertyPath\":\"/SALES_AREA_VKORG\",\"modelName\":\"NewYardModel\"}"}]}
RESULT: undefined
COMMAND: POST /session/a414a6ae85a434897fa1c9da3096b959/execute/async - {"script":"<script> [776 bytes]","args":[{"enterText":"C002","selector":{"controlType":"sap.m.Input","viewName":"etm.portal.ui.manageyards.view.New","viewId":"application-manageyards-display-component---NewYard","bindingPath":{"path":"","propertyPath":"/SALES_AREA_VKORG","modelName":"NewYardModel"},"interaction":{"idSuffix":"inner"}},"clearTextFirst":true,"interactionType":"ENTER_TEXT"}]}
RESULT: {"script":"<script> [776 bytes]","args":[{"enterText":"C002","selector":{"controlType":"sap.m.Input","viewName":"etm.portal.ui.manageyards.view.New","viewId":"application-manageyards-display-component---NewYard","bindingPath":{"path":"","propertyPath":"/SALES_AREA_VKORG","modelName":"NewYardModel"},"interaction":{"idSuffix":"inner"}},"clearTextFirst":true,"interactionType":"ENTER_TEXT"}]}
COMMAND: POST /session/a414a6ae85a434897fa1c9da3096b959/execute/async - {"script":"<script> [1562 bytes]","args":[{"selector":{"controlType":"sap.m.Input","viewName":"etm.portal.ui.manageyards.view.New","viewId":"application-manageyards-display-component---NewYard","bindingPath":{"path":"","propertyPath":"/SALES_AREA_VTWEG","modelName":"NewYardModel"},"interaction":{"idSuffix":"inner"}},"wdio_ui5_key":"etmportal.ui.manageyards.view.Newsap.m.Input{\"path\":\"\",\"propertyPath\":\"/SALES_AREA_VTWEG\",\"modelName\":\"NewYardModel\"}"}]}
RESULT: {"script":"<script> [1562 bytes]","args":[{"selector":{"controlType":"sap.m.Input","viewName":"etm.portal.ui.manageyards.view.New","viewId":"application-manageyards-display-component---NewYard","bindingPath":{"path":"","propertyPath":"/SALES_AREA_VTWEG","modelName":"NewYardModel"},"interaction":{"idSuffix":"inner"}},"wdio_ui5_key":"etmportal.ui.manageyards.view.Newsap.m.Input{\"path\":\"\",\"propertyPath\":\"/SALES_AREA_VTWEG\",\"modelName\":\"NewYardModel\"}"}]}
RESULT: undefined
COMMAND: POST /session/a414a6ae85a434897fa1c9da3096b959/execute/async - {"script":"<script> [776 bytes]","args":[{"enterText":"C2","selector":{"controlType":"sap.m.Input","viewName":"etm.portal.ui.manageyards.view.New","viewId":"application-manageyards-display-component---NewYard","bindingPath":{"path":"","propertyPath":"/SALES_AREA_VTWEG","modelName":"NewYardModel"},"interaction":{"idSuffix":"inner"}},"clearTextFirst":true,"interactionType":"ENTER_TEXT"}]}
RESULT: {"script":"<script> [776 bytes]","args":[{"enterText":"C2","selector":{"controlType":"sap.m.Input","viewName":"etm.portal.ui.manageyards.view.New","viewId":"application-manageyards-display-component---NewYard","bindingPath":{"path":"","propertyPath":"/SALES_AREA_VTWEG","modelName":"NewYardModel"},"interaction":{"idSuffix":"inner"}},"clearTextFirst":true,"interactionType":"ENTER_TEXT"}]}
COMMAND: POST /session/a414a6ae85a434897fa1c9da3096b959/execute/async - {"script":"<script> [1562 bytes]","args":[{"selector":{"controlType":"sap.m.Input","viewName":"etm.portal.ui.manageyards.view.New","viewId":"application-manageyards-display-component---NewYard","bindingPath":{"path":"","propertyPath":"/SALES_AREA_SPART","modelName":"NewYardModel"},"interaction":{"idSuffix":"inner"}},"wdio_ui5_key":"etmportal.ui.manageyards.view.Newsap.m.Input{\"path\":\"\",\"propertyPath\":\"/SALES_AREA_SPART\",\"modelName\":\"NewYardModel\"}"}]}
RESULT: {"script":"<script> [1562 bytes]","args":[{"selector":{"controlType":"sap.m.Input","viewName":"etm.portal.ui.manageyards.view.New","viewId":"application-manageyards-display-component---NewYard","bindingPath":{"path":"","propertyPath":"/SALES_AREA_SPART","modelName":"NewYardModel"},"interaction":{"idSuffix":"inner"}},"wdio_ui5_key":"etmportal.ui.manageyards.view.Newsap.m.Input{\"path\":\"\",\"propertyPath\":\"/SALES_AREA_SPART\",\"modelName\":\"NewYardModel\"}"}]}
RESULT: undefined
COMMAND: POST /session/a414a6ae85a434897fa1c9da3096b959/execute/async - {"script":"<script> [776 bytes]","args":[{"enterText":"C2","selector":{"controlType":"sap.m.Input","viewName":"etm.portal.ui.manageyards.view.New","viewId":"application-manageyards-display-component---NewYard","bindingPath":{"path":"","propertyPath":"/SALES_AREA_SPART","modelName":"NewYardModel"},"interaction":{"idSuffix":"inner"}},"clearTextFirst":true,"interactionType":"ENTER_TEXT"}]}
RESULT: {"script":"<script> [776 bytes]","args":[{"enterText":"C2","selector":{"controlType":"sap.m.Input","viewName":"etm.portal.ui.manageyards.view.New","viewId":"application-manageyards-display-component---NewYard","bindingPath":{"path":"","propertyPath":"/SALES_AREA_SPART","modelName":"NewYardModel"},"interaction":{"idSuffix":"inner"}},"clearTextFirst":true,"interactionType":"ENTER_TEXT"}]}
COMMAND: POST /session/a414a6ae85a434897fa1c9da3096b959/execute/async - {"script":"<script> [1562 bytes]","args":[{"selector":{"controlType":"sap.m.Input","viewName":"etm.portal.ui.manageyards.view.New","viewId":"application-manageyards-display-component---NewYard","bindingPath":{"path":"","propertyPath":"/SHIP_POINT","modelName":"NewYardModel"},"interaction":{"idSuffix":"inner"}},"wdio_ui5_key":"etmportal.ui.manageyards.view.Newsap.m.Input{\"path\":\"\",\"propertyPath\":\"/SHIP_POINT\",\"modelName\":\"NewYardModel\"}"}]}
RESULT: {"script":"<script> [1562 bytes]","args":[{"selector":{"controlType":"sap.m.Input","viewName":"etm.portal.ui.manageyards.view.New","viewId":"application-manageyards-display-component---NewYard","bindingPath":{"path":"","propertyPath":"/SHIP_POINT","modelName":"NewYardModel"},"interaction":{"idSuffix":"inner"}},"wdio_ui5_key":"etmportal.ui.manageyards.view.Newsap.m.Input{\"path\":\"\",\"propertyPath\":\"/SHIP_POINT\",\"modelName\":\"NewYardModel\"}"}]}
RESULT: undefined
COMMAND: POST /session/a414a6ae85a434897fa1c9da3096b959/execute/async - {"script":"<script> [776 bytes]","args":[{"enterText":"1710","selector":{"controlType":"sap.m.Input","viewName":"etm.portal.ui.manageyards.view.New","viewId":"application-manageyards-display-component---NewYard","bindingPath":{"path":"","propertyPath":"/SHIP_POINT","modelName":"NewYardModel"},"interaction":{"idSuffix":"inner"}},"clearTextFirst":true,"interactionType":"ENTER_TEXT"}]}
RESULT: {"script":"<script> [776 bytes]","args":[{"enterText":"1710","selector":{"controlType":"sap.m.Input","viewName":"etm.portal.ui.manageyards.view.New","viewId":"application-manageyards-display-component---NewYard","bindingPath":{"path":"","propertyPath":"/SHIP_POINT","modelName":"NewYardModel"},"interaction":{"idSuffix":"inner"}},"clearTextFirst":true,"interactionType":"ENTER_TEXT"}]}
COMMAND: POST /session/a414a6ae85a434897fa1c9da3096b959/execute/async - {"script":"<script> [1562 bytes]","args":[{"selector":{"controlType":"sap.m.Input","viewName":"etm.portal.ui.manageyards.view.New","viewId":"application-manageyards-display-component---NewYard","bindingPath":{"path":"","propertyPath":"/DELIVERY_TYPE","modelName":"NewYardModel"},"interaction":{"idSuffix":"inner"}},"wdio_ui5_key":"etmportal.ui.manageyards.view.Newsap.m.Input{\"path\":\"\",\"propertyPath\":\"/DELIVERY_TYPE\",\"modelName\":\"NewYardModel\"}"}]}
RESULT: {"script":"<script> [1562 bytes]","args":[{"selector":{"controlType":"sap.m.Input","viewName":"etm.portal.ui.manageyards.view.New","viewId":"application-manageyards-display-component---NewYard","bindingPath":{"path":"","propertyPath":"/DELIVERY_TYPE","modelName":"NewYardModel"},"interaction":{"idSuffix":"inner"}},"wdio_ui5_key":"etmportal.ui.manageyards.view.Newsap.m.Input{\"path\":\"\",\"propertyPath\":\"/DELIVERY_TYPE\",\"modelName\":\"NewYardModel\"}"}]}
RESULT: undefined
COMMAND: POST /session/a414a6ae85a434897fa1c9da3096b959/execute/async - {"script":"<script> [776 bytes]","args":[{"enterText":"ZL01","selector":{"controlType":"sap.m.Input","viewName":"etm.portal.ui.manageyards.view.New","viewId":"application-manageyards-display-component---NewYard","bindingPath":{"path":"","propertyPath":"/DELIVERY_TYPE","modelName":"NewYardModel"},"interaction":{"idSuffix":"inner"}},"clearTextFirst":true,"interactionType":"ENTER_TEXT"}]}
RESULT: {"script":"<script> [776 bytes]","args":[{"enterText":"ZL01","selector":{"controlType":"sap.m.Input","viewName":"etm.portal.ui.manageyards.view.New","viewId":"application-manageyards-display-component---NewYard","bindingPath":{"path":"","propertyPath":"/DELIVERY_TYPE","modelName":"NewYardModel"},"interaction":{"idSuffix":"inner"}},"clearTextFirst":true,"interactionType":"ENTER_TEXT"}]}
COMMAND: POST /session/a414a6ae85a434897fa1c9da3096b959/execute/async - {"script":"<script> [1562 bytes]","args":[{"selector":{"controlType":"sap.m.Input","viewName":"etm.portal.ui.manageyards.view.New","viewId":"application-manageyards-display-component---NewYard","bindingPath":{"path":"","propertyPath":"/AUART","modelName":"NewYardModel"},"interaction":{"idSuffix":"inner"}},"wdio_ui5_key":"etmportal.ui.manageyards.view.Newsap.m.Input{\"path\":\"\",\"propertyPath\":\"/AUART\",\"modelName\":\"NewYardModel\"}"}]}
RESULT: {"script":"<script> [1562 bytes]","args":[{"selector":{"controlType":"sap.m.Input","viewName":"etm.portal.ui.manageyards.view.New","viewId":"application-manageyards-display-component---NewYard","bindingPath":{"path":"","propertyPath":"/AUART","modelName":"NewYardModel"},"interaction":{"idSuffix":"inner"}},"wdio_ui5_key":"etmportal.ui.manageyards.view.Newsap.m.Input{\"path\":\"\",\"propertyPath\":\"/AUART\",\"modelName\":\"NewYardModel\"}"}]}
RESULT: undefined
COMMAND: POST /session/a414a6ae85a434897fa1c9da3096b959/execute/async - {"script":"<script> [776 bytes]","args":[{"enterText":"TA","selector":{"controlType":"sap.m.Input","viewName":"etm.portal.ui.manageyards.view.New","viewId":"application-manageyards-display-component---NewYard","bindingPath":{"path":"","propertyPath":"/AUART","modelName":"NewYardModel"},"interaction":{"idSuffix":"inner"}},"clearTextFirst":true,"interactionType":"ENTER_TEXT"}]}
RESULT: {"script":"<script> [776 bytes]","args":[{"enterText":"TA","selector":{"controlType":"sap.m.Input","viewName":"etm.portal.ui.manageyards.view.New","viewId":"application-manageyards-display-component---NewYard","bindingPath":{"path":"","propertyPath":"/AUART","modelName":"NewYardModel"},"interaction":{"idSuffix":"inner"}},"clearTextFirst":true,"interactionType":"ENTER_TEXT"}]}
COMMAND: POST /session/a414a6ae85a434897fa1c9da3096b959/element - {"using":"xpath","value":"//button[@data-kt=\"newYardSaveButton\"]"}
RESULT: {"using":"xpath","value":"//button[@data-kt=\"newYardSaveButton\"]"}
COMMAND: POST /session/a414a6ae85a434897fa1c9da3096b959/element/f.63F842937ABE5650621AFC3910BCBB57.d.B32CC0B6748A8CA6B71386FDC45E6B2C.e.13885/click - {}
RESULT: {}
COMMAND: GET /session/a414a6ae85a434897fa1c9da3096b959/screenshot - {}
RESULT: {}
COMMAND: POST /session/a414a6ae85a434897fa1c9da3096b959/element - {"using":"xpath","value":"//header[contains(@id, 'ObjectPageLayout-headerTitle')]/div[1]/div[2]/div[1]/span[1]"}
RESULT: {"using":"xpath","value":"//header[contains(@id, 'ObjectPageLayout-headerTitle')]/div[1]/div[2]/div[1]/span[1]"}
COMMAND: POST /session/a414a6ae85a434897fa1c9da3096b959/elements - {"using":"xpath","value":"//header[contains(@id, 'ObjectPageLayout-headerTitle')]/div[1]/div[2]/div[1]/span[1]"}
RESULT: {"using":"xpath","value":"//header[contains(@id, 'ObjectPageLayout-headerTitle')]/div[1]/div[2]/div[1]/span[1]"}
COMMAND: POST /session/a414a6ae85a434897fa1c9da3096b959/execute/sync - {"script":"<script> [56 bytes]","args":[{"element-6066-11e4-a52e-4f735466cecf":"f.63F842937ABE5650621AFC3910BCBB57.d.B32CC0B6748A8CA6B71386FDC45E6B2C.e.14174","ELEMENT":"f.63F842937ABE5650621AFC3910BCBB57.d.B32CC0B6748A8CA6B71386FDC45E6B2C.e.14174"}]}
RESULT: {"script":"<script> [56 bytes]","args":[{"element-6066-11e4-a52e-4f735466cecf":"f.63F842937ABE5650621AFC3910BCBB57.d.B32CC0B6748A8CA6B71386FDC45E6B2C.e.14174","ELEMENT":"f.63F842937ABE5650621AFC3910BCBB57.d.B32CC0B6748A8CA6B71386FDC45E6B2C.e.14174"}]}
COMMAND: GET /session/a414a6ae85a434897fa1c9da3096b959/screenshot - {}
RESULT: {}
COMMAND: POST /session/a414a6ae85a434897fa1c9da3096b959/element - {"using":"css selector","value":"#shell-header-logo"}
RESULT: {"using":"css selector","value":"#shell-header-logo"}
COMMAND: POST /session/a414a6ae85a434897fa1c9da3096b959/element/f.63F842937ABE5650621AFC3910BCBB57.d.B32CC0B6748A8CA6B71386FDC45E6B2C.e.13332/click - {}
RESULT: {}
COMMAND: GET /session/a414a6ae85a434897fa1c9da3096b959/screenshot - {}
RESULT: {}
COMMAND: POST /session/a414a6ae85a434897fa1c9da3096b959/execute/sync - {"script":"<script> [299 bytes]","args":[["getModel","getResource"]]}
RESULT: {"script":"<script> [299 bytes]","args":[["getModel","getResource"]]}
]]></system-out>
    </testcase>
    <testcase classname="chrome.136_0_7103_93.windows.Transfer_Yard_to_Yard_US131076" name="Should create an equipment" time="144.808">
      <system-out><![CDATA[
COMMAND: GET /session/a414a6ae85a434897fa1c9da3096b959/screenshot - {}
COMMAND: POST /session/a414a6ae85a434897fa1c9da3096b959/execute/async - {"script":"<script> [1562 bytes]","args":[{"selector":{"controlType":"sap.m.GenericTile","properties":{"header":"Manage Resources"}},"wdio_ui5_key":"sapm.GenericTile{\"header\":\"Manage Resources\"}"}]}
RESULT: {}
RESULT: {"script":"<script> [1562 bytes]","args":[{"selector":{"controlType":"sap.m.GenericTile","properties":{"header":"Manage Resources"}},"wdio_ui5_key":"sapm.GenericTile{\"header\":\"Manage Resources\"}"}]}
RESULT: undefined
COMMAND: POST /session/a414a6ae85a434897fa1c9da3096b959/element - {"using":"xpath","value":"//*[@id=\"__tile31\"]"}
RESULT: {"using":"xpath","value":"//*[@id=\"__tile31\"]"}
COMMAND: POST /session/a414a6ae85a434897fa1c9da3096b959/element/f.63F842937ABE5650621AFC3910BCBB57.d.B32CC0B6748A8CA6B71386FDC45E6B2C.e.13349/click - {}
RESULT: {}
COMMAND: GET /session/a414a6ae85a434897fa1c9da3096b959/screenshot - {}
RESULT: {}
COMMAND: POST /session/a414a6ae85a434897fa1c9da3096b959/elements - {"using":"xpath","value":"//span[text()='Error']"}
RESULT: {"using":"xpath","value":"//span[text()='Error']"}
COMMAND: POST /session/a414a6ae85a434897fa1c9da3096b959/element - {"using":"xpath","value":"//button[@data-kt=\"addNewRUOverflowToolbarButton\"]"}
RESULT: {"using":"xpath","value":"//button[@data-kt=\"addNewRUOverflowToolbarButton\"]"}
COMMAND: POST /session/a414a6ae85a434897fa1c9da3096b959/elements - {"using":"xpath","value":"//button[@data-kt=\"addNewRUOverflowToolbarButton\"]"}
RESULT: {"using":"xpath","value":"//button[@data-kt=\"addNewRUOverflowToolbarButton\"]"}
COMMAND: POST /session/a414a6ae85a434897fa1c9da3096b959/execute/sync - {"script":"<script> [8489 bytes]","args":[{"element-6066-11e4-a52e-4f735466cecf":"f.63F842937ABE5650621AFC3910BCBB57.d.B32CC0B6748A8CA6B71386FDC45E6B2C.e.14217","ELEMENT":"f.63F842937ABE5650621AFC3910BCBB57.d.B32CC0B6748A8CA6B71386FDC45E6B2C.e.14217"}]}
RESULT: {"script":"<script> [8489 bytes]","args":[{"element-6066-11e4-a52e-4f735466cecf":"f.63F842937ABE5650621AFC3910BCBB57.d.B32CC0B6748A8CA6B71386FDC45E6B2C.e.14217","ELEMENT":"f.63F842937ABE5650621AFC3910BCBB57.d.B32CC0B6748A8CA6B71386FDC45E6B2C.e.14217"}]}
COMMAND: GET /session/a414a6ae85a434897fa1c9da3096b959/element/f.63F842937ABE5650621AFC3910BCBB57.d.B32CC0B6748A8CA6B71386FDC45E6B2C.e.14217/enabled - {}
COMMAND: GET /session/a414a6ae85a434897fa1c9da3096b959/screenshot - {}
RESULT: {}
COMMAND: POST /session/a414a6ae85a434897fa1c9da3096b959/execute/sync - {"script":"<script> [8489 bytes]","args":[{"element-6066-11e4-a52e-4f735466cecf":"f.63F842937ABE5650621AFC3910BCBB57.d.B32CC0B6748A8CA6B71386FDC45E6B2C.e.14217","ELEMENT":"f.63F842937ABE5650621AFC3910BCBB57.d.B32CC0B6748A8CA6B71386FDC45E6B2C.e.14217"}]}
COMMAND: GET /session/a414a6ae85a434897fa1c9da3096b959/screenshot - {}
RESULT: {}
RESULT: {"script":"<script> [8489 bytes]","args":[{"element-6066-11e4-a52e-4f735466cecf":"f.63F842937ABE5650621AFC3910BCBB57.d.B32CC0B6748A8CA6B71386FDC45E6B2C.e.14217","ELEMENT":"f.63F842937ABE5650621AFC3910BCBB57.d.B32CC0B6748A8CA6B71386FDC45E6B2C.e.14217"}]}
COMMAND: POST /session/a414a6ae85a434897fa1c9da3096b959/execute/sync - {"script":"<script> [5351 bytes]","args":[{"element-6066-11e4-a52e-4f735466cecf":"f.63F842937ABE5650621AFC3910BCBB57.d.B32CC0B6748A8CA6B71386FDC45E6B2C.e.14217","ELEMENT":"f.63F842937ABE5650621AFC3910BCBB57.d.B32CC0B6748A8CA6B71386FDC45E6B2C.e.14217"}]}
COMMAND: GET /session/a414a6ae85a434897fa1c9da3096b959/screenshot - {}
RESULT: {}
RESULT: {"script":"<script> [5351 bytes]","args":[{"element-6066-11e4-a52e-4f735466cecf":"f.63F842937ABE5650621AFC3910BCBB57.d.B32CC0B6748A8CA6B71386FDC45E6B2C.e.14217","ELEMENT":"f.63F842937ABE5650621AFC3910BCBB57.d.B32CC0B6748A8CA6B71386FDC45E6B2C.e.14217"}]}
COMMAND: POST /session/a414a6ae85a434897fa1c9da3096b959/element/f.63F842937ABE5650621AFC3910BCBB57.d.B32CC0B6748A8CA6B71386FDC45E6B2C.e.14217/click - {}
COMMAND: GET /session/a414a6ae85a434897fa1c9da3096b959/screenshot - {}
RESULT: {}
RESULT: {}
COMMAND: GET /session/a414a6ae85a434897fa1c9da3096b959/screenshot - {}
RESULT: {}
RESULT: {}
COMMAND: POST /session/a414a6ae85a434897fa1c9da3096b959/execute/async - {"script":"<script> [1562 bytes]","args":[{"selector":{"id":"application-manageresources-display-component---newResourceUnit--TYPE-arrow"},"wdio_ui5_key":"applicationmanageresources-display-component---newResourceUnit--TYPE-arrow"}]}
RESULT: {"script":"<script> [1562 bytes]","args":[{"selector":{"id":"application-manageresources-display-component---newResourceUnit--TYPE-arrow"},"wdio_ui5_key":"applicationmanageresources-display-component---newResourceUnit--TYPE-arrow"}]}
RESULT: undefined
COMMAND: POST /session/a414a6ae85a434897fa1c9da3096b959/element - {"using":"xpath","value":"//*[@id=\"application-manageresources-display-component---newResourceUnit--TYPE-arrow\"]"}
RESULT: {"using":"xpath","value":"//*[@id=\"application-manageresources-display-component---newResourceUnit--TYPE-arrow\"]"}
COMMAND: POST /session/a414a6ae85a434897fa1c9da3096b959/element/f.63F842937ABE5650621AFC3910BCBB57.d.B32CC0B6748A8CA6B71386FDC45E6B2C.e.14564/click - {}
RESULT: {}
COMMAND: POST /session/a414a6ae85a434897fa1c9da3096b959/element - {"using":"xpath","value":"//input[@id=\"application-manageresources-display-component---newResourceUnit--TYPE-inner\"]"}
COMMAND: GET /session/a414a6ae85a434897fa1c9da3096b959/screenshot - {}
RESULT: {"using":"xpath","value":"//input[@id=\"application-manageresources-display-component---newResourceUnit--TYPE-inner\"]"}
COMMAND: POST /session/a414a6ae85a434897fa1c9da3096b959/element/f.63F842937ABE5650621AFC3910BCBB57.d.B32CC0B6748A8CA6B71386FDC45E6B2C.e.14556/clear - {}
RESULT: {}
RESULT: {}
COMMAND: POST /session/a414a6ae85a434897fa1c9da3096b959/element/f.63F842937ABE5650621AFC3910BCBB57.d.B32CC0B6748A8CA6B71386FDC45E6B2C.e.14556/value - {"text":"Equipment"}
COMMAND: GET /session/a414a6ae85a434897fa1c9da3096b959/screenshot - {}
RESULT: {"text":"Equipment"}
COMMAND: GET /session/a414a6ae85a434897fa1c9da3096b959/screenshot - {}
RESULT: {}
RESULT: {}
COMMAND: POST /session/a414a6ae85a434897fa1c9da3096b959/actions - {"actions":[{"id":"action44","type":"key","parameters":{},"actions":[{"type":"keyDown","value":""},{"type":"pause","duration":10},{"type":"keyUp","value":""}]}]}
RESULT: {"actions":[{"id":"action44","type":"key","parameters":{},"actions":[{"type":"keyDown","value":""},{"type":"pause","duration":10},{"type":"keyUp","value":""}]}]}
COMMAND: POST /session/a414a6ae85a434897fa1c9da3096b959/execute/async - {"script":"<script> [1562 bytes]","args":[{"selector":{"id":"application-manageresources-display-component---newResourceUnit--resourceId","interaction":{"idSuffix":"inner"}},"wdio_ui5_key":"applicationmanageresources-display-component---newResourceUnit--resourceId"}]}
COMMAND: GET /session/a414a6ae85a434897fa1c9da3096b959/screenshot - {}
RESULT: {"script":"<script> [1562 bytes]","args":[{"selector":{"id":"application-manageresources-display-component---newResourceUnit--resourceId","interaction":{"idSuffix":"inner"}},"wdio_ui5_key":"applicationmanageresources-display-component---newResourceUnit--resourceId"}]}
RESULT: undefined
COMMAND: POST /session/a414a6ae85a434897fa1c9da3096b959/execute/async - {"script":"<script> [776 bytes]","args":[{"enterText":"10SaAP7GpA","selector":{"id":"application-manageresources-display-component---newResourceUnit--resourceId","interaction":{"idSuffix":"inner"}},"clearTextFirst":true,"interactionType":"ENTER_TEXT"}]}
RESULT: {}
RESULT: {"script":"<script> [776 bytes]","args":[{"enterText":"10SaAP7GpA","selector":{"id":"application-manageresources-display-component---newResourceUnit--resourceId","interaction":{"idSuffix":"inner"}},"clearTextFirst":true,"interactionType":"ENTER_TEXT"}]}
COMMAND: POST /session/a414a6ae85a434897fa1c9da3096b959/execute/async - {"script":"<script> [1562 bytes]","args":[{"selector":{"id":"application-manageresources-display-component---newResourceUnit--SHORT_TEXT","interaction":{"idSuffix":"inner"}},"wdio_ui5_key":"applicationmanageresources-display-component---newResourceUnit--SHORT_TEXT"}]}
RESULT: {"script":"<script> [1562 bytes]","args":[{"selector":{"id":"application-manageresources-display-component---newResourceUnit--SHORT_TEXT","interaction":{"idSuffix":"inner"}},"wdio_ui5_key":"applicationmanageresources-display-component---newResourceUnit--SHORT_TEXT"}]}
RESULT: undefined
COMMAND: POST /session/a414a6ae85a434897fa1c9da3096b959/execute/async - {"script":"<script> [776 bytes]","args":[{"enterText":"Intercompany Equipment WDIO","selector":{"id":"application-manageresources-display-component---newResourceUnit--SHORT_TEXT","interaction":{"idSuffix":"inner"}},"clearTextFirst":true,"interactionType":"ENTER_TEXT"}]}
RESULT: {"script":"<script> [776 bytes]","args":[{"enterText":"Intercompany Equipment WDIO","selector":{"id":"application-manageresources-display-component---newResourceUnit--SHORT_TEXT","interaction":{"idSuffix":"inner"}},"clearTextFirst":true,"interactionType":"ENTER_TEXT"}]}
COMMAND: POST /session/a414a6ae85a434897fa1c9da3096b959/execute/async - {"script":"<script> [1562 bytes]","args":[{"selector":{"id":"application-manageresources-display-component---newResourceUnit--BASE_UNIT_OF_MEASURE","interaction":{"idSuffix":"inner"}},"wdio_ui5_key":"applicationmanageresources-display-component---newResourceUnit--BASE_UNIT_OF_MEASURE"}]}
RESULT: {"script":"<script> [1562 bytes]","args":[{"selector":{"id":"application-manageresources-display-component---newResourceUnit--BASE_UNIT_OF_MEASURE","interaction":{"idSuffix":"inner"}},"wdio_ui5_key":"applicationmanageresources-display-component---newResourceUnit--BASE_UNIT_OF_MEASURE"}]}
RESULT: undefined
COMMAND: POST /session/a414a6ae85a434897fa1c9da3096b959/execute/async - {"script":"<script> [776 bytes]","args":[{"enterText":"Piece","selector":{"id":"application-manageresources-display-component---newResourceUnit--BASE_UNIT_OF_MEASURE","interaction":{"idSuffix":"inner"}},"clearTextFirst":true,"interactionType":"ENTER_TEXT"}]}
RESULT: {"script":"<script> [776 bytes]","args":[{"enterText":"Piece","selector":{"id":"application-manageresources-display-component---newResourceUnit--BASE_UNIT_OF_MEASURE","interaction":{"idSuffix":"inner"}},"clearTextFirst":true,"interactionType":"ENTER_TEXT"}]}
COMMAND: POST /session/a414a6ae85a434897fa1c9da3096b959/execute/async - {"script":"<script> [1562 bytes]","args":[{"selector":{"id":"application-manageresources-display-component---newResourceUnit--WEIGHT_UNIT","interaction":{"idSuffix":"inner"}},"wdio_ui5_key":"applicationmanageresources-display-component---newResourceUnit--WEIGHT_UNIT"}]}
RESULT: {"script":"<script> [1562 bytes]","args":[{"selector":{"id":"application-manageresources-display-component---newResourceUnit--WEIGHT_UNIT","interaction":{"idSuffix":"inner"}},"wdio_ui5_key":"applicationmanageresources-display-component---newResourceUnit--WEIGHT_UNIT"}]}
RESULT: undefined
COMMAND: POST /session/a414a6ae85a434897fa1c9da3096b959/execute/async - {"script":"<script> [776 bytes]","args":[{"enterText":"Gram","selector":{"id":"application-manageresources-display-component---newResourceUnit--WEIGHT_UNIT","interaction":{"idSuffix":"inner"}},"clearTextFirst":true,"interactionType":"ENTER_TEXT"}]}
RESULT: {"script":"<script> [776 bytes]","args":[{"enterText":"Gram","selector":{"id":"application-manageresources-display-component---newResourceUnit--WEIGHT_UNIT","interaction":{"idSuffix":"inner"}},"clearTextFirst":true,"interactionType":"ENTER_TEXT"}]}
COMMAND: POST /session/a414a6ae85a434897fa1c9da3096b959/execute/async - {"script":"<script> [1562 bytes]","args":[{"selector":{"id":"application-manageresources-display-component---newResourceUnit--DIMENSION_UNIT","interaction":{"idSuffix":"inner"}},"wdio_ui5_key":"applicationmanageresources-display-component---newResourceUnit--DIMENSION_UNIT"}]}
RESULT: {"script":"<script> [1562 bytes]","args":[{"selector":{"id":"application-manageresources-display-component---newResourceUnit--DIMENSION_UNIT","interaction":{"idSuffix":"inner"}},"wdio_ui5_key":"applicationmanageresources-display-component---newResourceUnit--DIMENSION_UNIT"}]}
RESULT: undefined
COMMAND: POST /session/a414a6ae85a434897fa1c9da3096b959/execute/async - {"script":"<script> [776 bytes]","args":[{"enterText":"Meter","selector":{"id":"application-manageresources-display-component---newResourceUnit--DIMENSION_UNIT","interaction":{"idSuffix":"inner"}},"clearTextFirst":true,"interactionType":"ENTER_TEXT"}]}
RESULT: {"script":"<script> [776 bytes]","args":[{"enterText":"Meter","selector":{"id":"application-manageresources-display-component---newResourceUnit--DIMENSION_UNIT","interaction":{"idSuffix":"inner"}},"clearTextFirst":true,"interactionType":"ENTER_TEXT"}]}
COMMAND: POST /session/a414a6ae85a434897fa1c9da3096b959/execute/async - {"script":"<script> [1562 bytes]","args":[{"selector":{"id":"application-manageresources-display-component---newResourceUnit--newRRUPage-anchBar-application-manageresources-display-component---newResourceUnit--control-anchor","interaction":{"idSuffix":"BDI-content"}},"wdio_ui5_key":"applicationmanageresources-display-component---newResourceUnit--newRRUPage-anchBar-application-manageresources-display-component---newResourceUnit--control-anchor"}]}
RESULT: {"script":"<script> [1562 bytes]","args":[{"selector":{"id":"application-manageresources-display-component---newResourceUnit--newRRUPage-anchBar-application-manageresources-display-component---newResourceUnit--control-anchor","interaction":{"idSuffix":"BDI-content"}},"wdio_ui5_key":"applicationmanageresources-display-component---newResourceUnit--newRRUPage-anchBar-application-manageresources-display-component---newResourceUnit--control-anchor"}]}
RESULT: undefined
COMMAND: POST /session/a414a6ae85a434897fa1c9da3096b959/element - {"using":"xpath","value":"//*[@id=\"application-manageresources-display-component---newResourceUnit--newRRUPage-anchBar-application-manageresources-display-component---newResourceUnit--control-anchor\"]"}
RESULT: {"using":"xpath","value":"//*[@id=\"application-manageresources-display-component---newResourceUnit--newRRUPage-anchBar-application-manageresources-display-component---newResourceUnit--control-anchor\"]"}
COMMAND: POST /session/a414a6ae85a434897fa1c9da3096b959/element/f.63F842937ABE5650621AFC3910BCBB57.d.B32CC0B6748A8CA6B71386FDC45E6B2C.e.14725/click - {}
RESULT: {}
COMMAND: POST /session/a414a6ae85a434897fa1c9da3096b959/execute/async - {"script":"<script> [1562 bytes]","args":[{"selector":{"id":"application-manageresources-display-component---newResourceUnit--PLANNING_GROUP","interaction":{"idSuffix":"inner"}},"wdio_ui5_key":"applicationmanageresources-display-component---newResourceUnit--PLANNING_GROUP"}]}
COMMAND: GET /session/a414a6ae85a434897fa1c9da3096b959/screenshot - {}
RESULT: {"script":"<script> [1562 bytes]","args":[{"selector":{"id":"application-manageresources-display-component---newResourceUnit--PLANNING_GROUP","interaction":{"idSuffix":"inner"}},"wdio_ui5_key":"applicationmanageresources-display-component---newResourceUnit--PLANNING_GROUP"}]}
RESULT: undefined
COMMAND: POST /session/a414a6ae85a434897fa1c9da3096b959/execute/async - {"script":"<script> [776 bytes]","args":[{"enterText":"Heavy Equi","selector":{"id":"application-manageresources-display-component---newResourceUnit--PLANNING_GROUP","interaction":{"idSuffix":"inner"}},"clearTextFirst":true,"interactionType":"ENTER_TEXT"}]}
RESULT: {}
RESULT: {"script":"<script> [776 bytes]","args":[{"enterText":"Heavy Equi","selector":{"id":"application-manageresources-display-component---newResourceUnit--PLANNING_GROUP","interaction":{"idSuffix":"inner"}},"clearTextFirst":true,"interactionType":"ENTER_TEXT"}]}
COMMAND: POST /session/a414a6ae85a434897fa1c9da3096b959/execute/async - {"script":"<script> [1562 bytes]","args":[{"selector":{"id":"application-manageresources-display-component---newResourceUnit--ITEM_TYPE-arrow"},"wdio_ui5_key":"applicationmanageresources-display-component---newResourceUnit--ITEM_TYPE-arrow"}]}
RESULT: {"script":"<script> [1562 bytes]","args":[{"selector":{"id":"application-manageresources-display-component---newResourceUnit--ITEM_TYPE-arrow"},"wdio_ui5_key":"applicationmanageresources-display-component---newResourceUnit--ITEM_TYPE-arrow"}]}
RESULT: undefined
COMMAND: POST /session/a414a6ae85a434897fa1c9da3096b959/element - {"using":"xpath","value":"//*[@id=\"application-manageresources-display-component---newResourceUnit--ITEM_TYPE-arrow\"]"}
RESULT: {"using":"xpath","value":"//*[@id=\"application-manageresources-display-component---newResourceUnit--ITEM_TYPE-arrow\"]"}
COMMAND: POST /session/a414a6ae85a434897fa1c9da3096b959/element/f.63F842937ABE5650621AFC3910BCBB57.d.B32CC0B6748A8CA6B71386FDC45E6B2C.e.14734/click - {}
RESULT: {}
COMMAND: POST /session/a414a6ae85a434897fa1c9da3096b959/element - {"using":"xpath","value":"//ul[contains(@id,\"ITEM_TYPE-popup-list-listUl\")]//li[.//span[contains(text(),\"Resource Unit\")]]"}
COMMAND: GET /session/a414a6ae85a434897fa1c9da3096b959/screenshot - {}
RESULT: {"using":"xpath","value":"//ul[contains(@id,\"ITEM_TYPE-popup-list-listUl\")]//li[.//span[contains(text(),\"Resource Unit\")]]"}
COMMAND: POST /session/a414a6ae85a434897fa1c9da3096b959/element/f.63F842937ABE5650621AFC3910BCBB57.d.B32CC0B6748A8CA6B71386FDC45E6B2C.e.14735/click - {}
RESULT: {}
RESULT: {}
COMMAND: GET /session/a414a6ae85a434897fa1c9da3096b959/screenshot - {}
RESULT: {}
COMMAND: POST /session/a414a6ae85a434897fa1c9da3096b959/element - {"using":"css selector","value":"#application-manageresources-display-component---newResourceUnit--btnAddTimeSegment"}
RESULT: {"using":"css selector","value":"#application-manageresources-display-component---newResourceUnit--btnAddTimeSegment"}
COMMAND: GET /session/a414a6ae85a434897fa1c9da3096b959/element/f.63F842937ABE5650621AFC3910BCBB57.d.B32CC0B6748A8CA6B71386FDC45E6B2C.e.14743/rect - {}
RESULT: {}
COMMAND: GET /session/a414a6ae85a434897fa1c9da3096b959/window/rect - {}
RESULT: {}
COMMAND: POST /session/a414a6ae85a434897fa1c9da3096b959/execute/sync - {"script":"<script> [92 bytes]","args":[]}
RESULT: {"script":"<script> [92 bytes]","args":[]}
COMMAND: POST /session/a414a6ae85a434897fa1c9da3096b959/actions - {"actions":[{"id":"action45","type":"wheel","parameters":{},"actions":[{"type":"scroll","x":-1888,"y":-32,"deltaX":0,"deltaY":0,"duration":0,"origin":{"element-6066-11e4-a52e-4f735466cecf":"f.63F842937ABE5650621AFC3910BCBB57.d.B32CC0B6748A8CA6B71386FDC45E6B2C.e.14743"}}]}]}
COMMAND: GET /session/a414a6ae85a434897fa1c9da3096b959/screenshot - {}
RESULT: {}
COMMAND: POST /session/a414a6ae85a434897fa1c9da3096b959/execute/sync - {"script":"<script> [79 bytes]","args":[{"element-6066-11e4-a52e-4f735466cecf":"f.63F842937ABE5650621AFC3910BCBB57.d.B32CC0B6748A8CA6B71386FDC45E6B2C.e.14743","ELEMENT":"f.63F842937ABE5650621AFC3910BCBB57.d.B32CC0B6748A8CA6B71386FDC45E6B2C.e.14743"},{"block":"start","inline":"nearest"}]}
RESULT: {"script":"<script> [79 bytes]","args":[{"element-6066-11e4-a52e-4f735466cecf":"f.63F842937ABE5650621AFC3910BCBB57.d.B32CC0B6748A8CA6B71386FDC45E6B2C.e.14743","ELEMENT":"f.63F842937ABE5650621AFC3910BCBB57.d.B32CC0B6748A8CA6B71386FDC45E6B2C.e.14743"},{"block":"start","inline":"nearest"}]}
COMMAND: POST /session/a414a6ae85a434897fa1c9da3096b959/execute/async - {"script":"<script> [1562 bytes]","args":[{"selector":{"id":"application-manageresources-display-component---newResourceUnit--btnAddTimeSegment","interaction":{"idSuffix":"inner"}},"wdio_ui5_key":"applicationmanageresources-display-component---newResourceUnit--btnAddTimeSegment"}]}
COMMAND: GET /session/a414a6ae85a434897fa1c9da3096b959/screenshot - {}
RESULT: {"script":"<script> [1562 bytes]","args":[{"selector":{"id":"application-manageresources-display-component---newResourceUnit--btnAddTimeSegment","interaction":{"idSuffix":"inner"}},"wdio_ui5_key":"applicationmanageresources-display-component---newResourceUnit--btnAddTimeSegment"}]}
RESULT: undefined
COMMAND: POST /session/a414a6ae85a434897fa1c9da3096b959/element - {"using":"xpath","value":"//*[@id=\"application-manageresources-display-component---newResourceUnit--btnAddTimeSegment\"]"}
RESULT: {}
RESULT: {"using":"xpath","value":"//*[@id=\"application-manageresources-display-component---newResourceUnit--btnAddTimeSegment\"]"}
COMMAND: POST /session/a414a6ae85a434897fa1c9da3096b959/element/f.63F842937ABE5650621AFC3910BCBB57.d.B32CC0B6748A8CA6B71386FDC45E6B2C.e.14743/click - {}
RESULT: {}
COMMAND: GET /session/a414a6ae85a434897fa1c9da3096b959/screenshot - {}
RESULT: {}
COMMAND: POST /session/a414a6ae85a434897fa1c9da3096b959/element - {"using":"xpath","value":"//input[@id=\"application-manageresources-display-component---newResourceUnit--idRuTSAdmin-application-manageresources-display-component---newResourceUnit--RUTimeSegment-0-inner\"]"}
RESULT: {"using":"xpath","value":"//input[@id=\"application-manageresources-display-component---newResourceUnit--idRuTSAdmin-application-manageresources-display-component---newResourceUnit--RUTimeSegment-0-inner\"]"}
COMMAND: POST /session/a414a6ae85a434897fa1c9da3096b959/element/f.63F842937ABE5650621AFC3910BCBB57.d.B32CC0B6748A8CA6B71386FDC45E6B2C.e.14749/clear - {}
RESULT: {}
COMMAND: POST /session/a414a6ae85a434897fa1c9da3096b959/element/f.63F842937ABE5650621AFC3910BCBB57.d.B32CC0B6748A8CA6B71386FDC45E6B2C.e.14749/value - {"text":"502"}
COMMAND: GET /session/a414a6ae85a434897fa1c9da3096b959/screenshot - {}
RESULT: {"text":"502"}
COMMAND: GET /session/a414a6ae85a434897fa1c9da3096b959/screenshot - {}
RESULT: {}
RESULT: {}
COMMAND: POST /session/a414a6ae85a434897fa1c9da3096b959/element - {"using":"xpath","value":"//li[.//span[text()='502']]"}
RESULT: {"using":"xpath","value":"//li[.//span[text()='502']]"}
COMMAND: POST /session/a414a6ae85a434897fa1c9da3096b959/element/f.63F842937ABE5650621AFC3910BCBB57.d.B32CC0B6748A8CA6B71386FDC45E6B2C.e.14762/click - {}
RESULT: {}
COMMAND: GET /session/a414a6ae85a434897fa1c9da3096b959/screenshot - {}
RESULT: {}
COMMAND: POST /session/a414a6ae85a434897fa1c9da3096b959/element - {"using":"xpath","value":"(//span[contains(@id, \"-application-manageresources-display-component---newResourceUnit--RUTimeSegment-0-arrow\")])[6]"}
RESULT: {"using":"xpath","value":"(//span[contains(@id, \"-application-manageresources-display-component---newResourceUnit--RUTimeSegment-0-arrow\")])[6]"}
COMMAND: POST /session/a414a6ae85a434897fa1c9da3096b959/element/f.63F842937ABE5650621AFC3910BCBB57.d.B32CC0B6748A8CA6B71386FDC45E6B2C.e.14763/click - {}
RESULT: {}
COMMAND: GET /session/a414a6ae85a434897fa1c9da3096b959/screenshot - {}
RESULT: {}
COMMAND: POST /session/a414a6ae85a434897fa1c9da3096b959/element - {"using":"xpath","value":"//span[contains(text(), \"PM Order\")]"}
RESULT: {"using":"xpath","value":"//span[contains(text(), \"PM Order\")]"}
COMMAND: POST /session/a414a6ae85a434897fa1c9da3096b959/element/f.63F842937ABE5650621AFC3910BCBB57.d.B32CC0B6748A8CA6B71386FDC45E6B2C.e.14766/click - {}
RESULT: {}
COMMAND: GET /session/a414a6ae85a434897fa1c9da3096b959/screenshot - {}
RESULT: {}
COMMAND: POST /session/a414a6ae85a434897fa1c9da3096b959/element - {"using":"xpath","value":"(//span[contains(@id ,\"manageresources-display-component---newResourceUnit--RUTimeSegment-0-vhi\")])[1]"}
RESULT: {"using":"xpath","value":"(//span[contains(@id ,\"manageresources-display-component---newResourceUnit--RUTimeSegment-0-vhi\")])[1]"}
COMMAND: GET /session/a414a6ae85a434897fa1c9da3096b959/element/f.63F842937ABE5650621AFC3910BCBB57.d.B32CC0B6748A8CA6B71386FDC45E6B2C.e.14770/rect - {}
RESULT: {}
COMMAND: GET /session/a414a6ae85a434897fa1c9da3096b959/window/rect - {}
RESULT: {}
COMMAND: POST /session/a414a6ae85a434897fa1c9da3096b959/execute/sync - {"script":"<script> [92 bytes]","args":[]}
RESULT: {"script":"<script> [92 bytes]","args":[]}
COMMAND: POST /session/a414a6ae85a434897fa1c9da3096b959/actions - {"actions":[{"id":"action46","type":"wheel","parameters":{},"actions":[{"type":"scroll","x":-869,"y":-24,"deltaX":0,"deltaY":0,"duration":0,"origin":{"element-6066-11e4-a52e-4f735466cecf":"f.63F842937ABE5650621AFC3910BCBB57.d.B32CC0B6748A8CA6B71386FDC45E6B2C.e.14770"}}]}]}
COMMAND: GET /session/a414a6ae85a434897fa1c9da3096b959/screenshot - {}
RESULT: {"actions":[{"id":"action46","type":"wheel","parameters":{},"actions":[{"type":"scroll","x":-869,"y":-24,"deltaX":0,"deltaY":0,"duration":0,"origin":{"element-6066-11e4-a52e-4f735466cecf":"f.63F842937ABE5650621AFC3910BCBB57.d.B32CC0B6748A8CA6B71386FDC45E6B2C.e.14770"}}]}]}
COMMAND: DELETE /session/a414a6ae85a434897fa1c9da3096b959/actions - {}
COMMAND: GET /session/a414a6ae85a434897fa1c9da3096b959/screenshot - {}
RESULT: {}
RESULT: {}
COMMAND: GET /session/a414a6ae85a434897fa1c9da3096b959/screenshot - {}
RESULT: {}
RESULT: {}
COMMAND: POST /session/a414a6ae85a434897fa1c9da3096b959/element/f.63F842937ABE5650621AFC3910BCBB57.d.B32CC0B6748A8CA6B71386FDC45E6B2C.e.14770/click - {}
RESULT: {}
COMMAND: GET /session/a414a6ae85a434897fa1c9da3096b959/screenshot - {}
RESULT: {}
RESULT: undefined
COMMAND: POST /session/a414a6ae85a434897fa1c9da3096b959/execute/async - {"script":"<script> [776 bytes]","args":[{"enterText":"4000360","selector":{"controlType":"sap.m.SearchField","properties":{"placeholder":"Search"},"searchOpenDialogs":true,"interaction":{"idSuffix":"I"}},"clearTextFirst":true,"interactionType":"ENTER_TEXT"}]}
RESULT: {"script":"<script> [776 bytes]","args":[{"enterText":"4000360","selector":{"controlType":"sap.m.SearchField","properties":{"placeholder":"Search"},"searchOpenDialogs":true,"interaction":{"idSuffix":"I"}},"clearTextFirst":true,"interactionType":"ENTER_TEXT"}]}
COMMAND: POST /session/a414a6ae85a434897fa1c9da3096b959/actions - {"actions":[{"id":"action47","type":"key","parameters":{},"actions":[{"type":"keyDown","value":""},{"type":"pause","duration":10},{"type":"keyUp","value":""}]}]}
RESULT: {"actions":[{"id":"action47","type":"key","parameters":{},"actions":[{"type":"keyDown","value":""},{"type":"pause","duration":10},{"type":"keyUp","value":""}]}]}
COMMAND: GET /session/a414a6ae85a434897fa1c9da3096b959/screenshot - {}
RESULT: {}
COMMAND: POST /session/a414a6ae85a434897fa1c9da3096b959/element - {"using":"xpath","value":"//td/div/span[contains(text(), \"BGL Vehicles\")]"}
RESULT: {"using":"xpath","value":"//td/div/span[contains(text(), \"BGL Vehicles\")]"}
COMMAND: POST /session/a414a6ae85a434897fa1c9da3096b959/element/f.63F842937ABE5650621AFC3910BCBB57.d.B32CC0B6748A8CA6B71386FDC45E6B2C.e.14789/click - {}
RESULT: {}
COMMAND: GET /session/a414a6ae85a434897fa1c9da3096b959/screenshot - {}
RESULT: {}
COMMAND: POST /session/a414a6ae85a434897fa1c9da3096b959/element - {"using":"xpath","value":"//bdi[contains(text(), \"OK\")]"}
RESULT: {"using":"xpath","value":"//bdi[contains(text(), \"OK\")]"}
COMMAND: POST /session/a414a6ae85a434897fa1c9da3096b959/element/f.63F842937ABE5650621AFC3910BCBB57.d.B32CC0B6748A8CA6B71386FDC45E6B2C.e.14790/click - {}
RESULT: {}
COMMAND: GET /session/a414a6ae85a434897fa1c9da3096b959/screenshot - {}
RESULT: {}
COMMAND: POST /session/a414a6ae85a434897fa1c9da3096b959/execute/async - {"script":"<script> [1562 bytes]","args":[{"selector":{"id":"application-manageresources-display-component---newResourceUnit--newRRUPage-anchBar-application-manageresources-display-component---newResourceUnit--resource-anchor","interaction":{"idSuffix":"BDI-content"}},"wdio_ui5_key":"applicationmanageresources-display-component---newResourceUnit--newRRUPage-anchBar-application-manageresources-display-component---newResourceUnit--resource-anchor"}]}
RESULT: {"script":"<script> [1562 bytes]","args":[{"selector":{"id":"application-manageresources-display-component---newResourceUnit--newRRUPage-anchBar-application-manageresources-display-component---newResourceUnit--resource-anchor","interaction":{"idSuffix":"BDI-content"}},"wdio_ui5_key":"applicationmanageresources-display-component---newResourceUnit--newRRUPage-anchBar-application-manageresources-display-component---newResourceUnit--resource-anchor"}]}
RESULT: undefined
COMMAND: POST /session/a414a6ae85a434897fa1c9da3096b959/element - {"using":"xpath","value":"//*[@id=\"application-manageresources-display-component---newResourceUnit--newRRUPage-anchBar-application-manageresources-display-component---newResourceUnit--resource-anchor\"]"}
RESULT: {"using":"xpath","value":"//*[@id=\"application-manageresources-display-component---newResourceUnit--newRRUPage-anchBar-application-manageresources-display-component---newResourceUnit--resource-anchor\"]"}
COMMAND: POST /session/a414a6ae85a434897fa1c9da3096b959/element/f.63F842937ABE5650621AFC3910BCBB57.d.B32CC0B6748A8CA6B71386FDC45E6B2C.e.14794/click - {}
RESULT: {}
COMMAND: POST /session/a414a6ae85a434897fa1c9da3096b959/execute/async - {"script":"<script> [1562 bytes]","args":[{"selector":{"id":"application-manageresources-display-component---newResourceUnit--PLANNED_DELIVERY_DATE","interaction":{"idSuffix":"inner"}},"wdio_ui5_key":"applicationmanageresources-display-component---newResourceUnit--PLANNED_DELIVERY_DATE"}]}
COMMAND: GET /session/a414a6ae85a434897fa1c9da3096b959/screenshot - {}
RESULT: {}
RESULT: {"script":"<script> [1562 bytes]","args":[{"selector":{"id":"application-manageresources-display-component---newResourceUnit--PLANNED_DELIVERY_DATE","interaction":{"idSuffix":"inner"}},"wdio_ui5_key":"applicationmanageresources-display-component---newResourceUnit--PLANNED_DELIVERY_DATE"}]}
RESULT: undefined
COMMAND: POST /session/a414a6ae85a434897fa1c9da3096b959/execute/async - {"script":"<script> [6424 bytes]","args":[{"element-6066-11e4-a52e-4f735466cecf":"f.63F842937ABE5650621AFC3910BCBB57.d.B32CC0B6748A8CA6B71386FDC45E6B2C.e.14622"},"setValue",["5/30/25"]]}
RESULT: {"script":"<script> [6424 bytes]","args":[{"element-6066-11e4-a52e-4f735466cecf":"f.63F842937ABE5650621AFC3910BCBB57.d.B32CC0B6748A8CA6B71386FDC45E6B2C.e.14622"},"setValue",["5/30/25"]]}
COMMAND: POST /session/a414a6ae85a434897fa1c9da3096b959/element - {"using":"xpath","value":"//label[contains(@class, 'sapMLabelRequired') and .//bdi[contains(text(), 'Planned Retirement')]]"}
RESULT: {"using":"xpath","value":"//label[contains(@class, 'sapMLabelRequired') and .//bdi[contains(text(), 'Planned Retirement')]]"}
COMMAND: POST /session/a414a6ae85a434897fa1c9da3096b959/elements - {"using":"xpath","value":"//label[contains(@class, 'sapMLabelRequired') and .//bdi[contains(text(), 'Planned Retirement')]]"}
RESULT: {"using":"xpath","value":"//label[contains(@class, 'sapMLabelRequired') and .//bdi[contains(text(), 'Planned Retirement')]]"}
COMMAND: POST /session/a414a6ae85a434897fa1c9da3096b959/element - {"using":"xpath","value":"//button[@data-kt=\"resourceUnitSaveButton\"]"}
RESULT: {"using":"xpath","value":"//button[@data-kt=\"resourceUnitSaveButton\"]"}
COMMAND: POST /session/a414a6ae85a434897fa1c9da3096b959/element/f.63F842937ABE5650621AFC3910BCBB57.d.B32CC0B6748A8CA6B71386FDC45E6B2C.e.14581/click - {}
RESULT: {}
COMMAND: GET /session/a414a6ae85a434897fa1c9da3096b959/screenshot - {}
RESULT: {}
COMMAND: POST /session/a414a6ae85a434897fa1c9da3096b959/element - {"using":"xpath","value":"//bdi[contains(text(), \"Close\")]"}
RESULT: {"using":"xpath","value":"//bdi[contains(text(), \"Close\")]"}
COMMAND: POST /session/a414a6ae85a434897fa1c9da3096b959/element/f.63F842937ABE5650621AFC3910BCBB57.d.B32CC0B6748A8CA6B71386FDC45E6B2C.e.14803/click - {}
RESULT: {}
COMMAND: GET /session/a414a6ae85a434897fa1c9da3096b959/screenshot - {}
RESULT: {}
COMMAND: POST /session/a414a6ae85a434897fa1c9da3096b959/element - {"using":"xpath","value":"(//button[contains(@id ,\"actionsToolbar-overflowButton\")])[1]"}
RESULT: {"using":"xpath","value":"(//button[contains(@id ,\"actionsToolbar-overflowButton\")])[1]"}
COMMAND: POST /session/a414a6ae85a434897fa1c9da3096b959/element/f.63F842937ABE5650621AFC3910BCBB57.d.B32CC0B6748A8CA6B71386FDC45E6B2C.e.14858/click - {}
RESULT: {}
COMMAND: GET /session/a414a6ae85a434897fa1c9da3096b959/screenshot - {}
RESULT: {}
COMMAND: POST /session/a414a6ae85a434897fa1c9da3096b959/element - {"using":"xpath","value":"//button[@data-kt=\"priceInfoButton\"]"}
RESULT: {"using":"xpath","value":"//button[@data-kt=\"priceInfoButton\"]"}
COMMAND: POST /session/a414a6ae85a434897fa1c9da3096b959/element/f.63F842937ABE5650621AFC3910BCBB57.d.B32CC0B6748A8CA6B71386FDC45E6B2C.e.14860/click - {}
RESULT: {}
COMMAND: GET /session/a414a6ae85a434897fa1c9da3096b959/screenshot - {}
RESULT: {}
COMMAND: POST /session/a414a6ae85a434897fa1c9da3096b959/element - {"using":"css selector","value":"#shell-header-logo"}
RESULT: {"using":"css selector","value":"#shell-header-logo"}
COMMAND: POST /session/a414a6ae85a434897fa1c9da3096b959/element/f.63F842937ABE5650621AFC3910BCBB57.d.B32CC0B6748A8CA6B71386FDC45E6B2C.e.14179/click - {}
RESULT: {}
COMMAND: GET /session/a414a6ae85a434897fa1c9da3096b959/screenshot - {}
RESULT: {}
]]></system-out>
    </testcase>
    <testcase classname="chrome.136_0_7103_93.windows.Transfer_Yard_to_Yard_US131076" name="Prereq Should create a new equipment multipart" time="131.412">
      <system-out><![CDATA[
RESULT: undefined
COMMAND: POST /session/a414a6ae85a434897fa1c9da3096b959/element - {"using":"xpath","value":"//*[@id=\"__tile31\"]"}
RESULT: {"using":"xpath","value":"//*[@id=\"__tile31\"]"}
COMMAND: POST /session/a414a6ae85a434897fa1c9da3096b959/element/f.63F842937ABE5650621AFC3910BCBB57.d.B32CC0B6748A8CA6B71386FDC45E6B2C.e.13349/click - {}
RESULT: {}
COMMAND: GET /session/a414a6ae85a434897fa1c9da3096b959/screenshot - {}
RESULT: {}
COMMAND: POST /session/a414a6ae85a434897fa1c9da3096b959/elements - {"using":"xpath","value":"//span[text()='Error']"}
RESULT: {"using":"xpath","value":"//span[text()='Error']"}
COMMAND: POST /session/a414a6ae85a434897fa1c9da3096b959/element - {"using":"xpath","value":"//button[@data-kt=\"addNewRUOverflowToolbarButton\"]"}
RESULT: {"using":"xpath","value":"//button[@data-kt=\"addNewRUOverflowToolbarButton\"]"}
COMMAND: POST /session/a414a6ae85a434897fa1c9da3096b959/elements - {"using":"xpath","value":"//button[@data-kt=\"addNewRUOverflowToolbarButton\"]"}
RESULT: {"using":"xpath","value":"//button[@data-kt=\"addNewRUOverflowToolbarButton\"]"}
COMMAND: POST /session/a414a6ae85a434897fa1c9da3096b959/execute/sync - {"script":"<script> [8489 bytes]","args":[{"element-6066-11e4-a52e-4f735466cecf":"f.63F842937ABE5650621AFC3910BCBB57.d.B32CC0B6748A8CA6B71386FDC45E6B2C.e.14937","ELEMENT":"f.63F842937ABE5650621AFC3910BCBB57.d.B32CC0B6748A8CA6B71386FDC45E6B2C.e.14937"}]}
RESULT: {"script":"<script> [8489 bytes]","args":[{"element-6066-11e4-a52e-4f735466cecf":"f.63F842937ABE5650621AFC3910BCBB57.d.B32CC0B6748A8CA6B71386FDC45E6B2C.e.14937","ELEMENT":"f.63F842937ABE5650621AFC3910BCBB57.d.B32CC0B6748A8CA6B71386FDC45E6B2C.e.14937"}]}
COMMAND: GET /session/a414a6ae85a434897fa1c9da3096b959/element/f.63F842937ABE5650621AFC3910BCBB57.d.B32CC0B6748A8CA6B71386FDC45E6B2C.e.14937/enabled - {}
COMMAND: GET /session/a414a6ae85a434897fa1c9da3096b959/screenshot - {}
RESULT: {}
COMMAND: POST /session/a414a6ae85a434897fa1c9da3096b959/execute/sync - {"script":"<script> [8489 bytes]","args":[{"element-6066-11e4-a52e-4f735466cecf":"f.63F842937ABE5650621AFC3910BCBB57.d.B32CC0B6748A8CA6B71386FDC45E6B2C.e.14937","ELEMENT":"f.63F842937ABE5650621AFC3910BCBB57.d.B32CC0B6748A8CA6B71386FDC45E6B2C.e.14937"}]}
COMMAND: GET /session/a414a6ae85a434897fa1c9da3096b959/screenshot - {}
RESULT: {}
RESULT: {"script":"<script> [8489 bytes]","args":[{"element-6066-11e4-a52e-4f735466cecf":"f.63F842937ABE5650621AFC3910BCBB57.d.B32CC0B6748A8CA6B71386FDC45E6B2C.e.14937","ELEMENT":"f.63F842937ABE5650621AFC3910BCBB57.d.B32CC0B6748A8CA6B71386FDC45E6B2C.e.14937"}]}
COMMAND: POST /session/a414a6ae85a434897fa1c9da3096b959/execute/sync - {"script":"<script> [5351 bytes]","args":[{"element-6066-11e4-a52e-4f735466cecf":"f.63F842937ABE5650621AFC3910BCBB57.d.B32CC0B6748A8CA6B71386FDC45E6B2C.e.14937","ELEMENT":"f.63F842937ABE5650621AFC3910BCBB57.d.B32CC0B6748A8CA6B71386FDC45E6B2C.e.14937"}]}
COMMAND: GET /session/a414a6ae85a434897fa1c9da3096b959/screenshot - {}
RESULT: {}
RESULT: {"script":"<script> [5351 bytes]","args":[{"element-6066-11e4-a52e-4f735466cecf":"f.63F842937ABE5650621AFC3910BCBB57.d.B32CC0B6748A8CA6B71386FDC45E6B2C.e.14937","ELEMENT":"f.63F842937ABE5650621AFC3910BCBB57.d.B32CC0B6748A8CA6B71386FDC45E6B2C.e.14937"}]}
COMMAND: POST /session/a414a6ae85a434897fa1c9da3096b959/element/f.63F842937ABE5650621AFC3910BCBB57.d.B32CC0B6748A8CA6B71386FDC45E6B2C.e.14937/click - {}
COMMAND: GET /session/a414a6ae85a434897fa1c9da3096b959/screenshot - {}
RESULT: {}
RESULT: {}
COMMAND: GET /session/a414a6ae85a434897fa1c9da3096b959/screenshot - {}
RESULT: undefined
COMMAND: POST /session/a414a6ae85a434897fa1c9da3096b959/element - {"using":"xpath","value":"//*[@id=\"application-manageresources-display-component---newResourceUnit--TYPE-arrow\"]"}
RESULT: {}
RESULT: {}
RESULT: {"using":"xpath","value":"//*[@id=\"application-manageresources-display-component---newResourceUnit--TYPE-arrow\"]"}
COMMAND: POST /session/a414a6ae85a434897fa1c9da3096b959/element/f.63F842937ABE5650621AFC3910BCBB57.d.B32CC0B6748A8CA6B71386FDC45E6B2C.e.15279/click - {}
RESULT: {}
COMMAND: POST /session/a414a6ae85a434897fa1c9da3096b959/element - {"using":"xpath","value":"//input[@id=\"application-manageresources-display-component---newResourceUnit--TYPE-inner\"]"}
COMMAND: GET /session/a414a6ae85a434897fa1c9da3096b959/screenshot - {}
RESULT: {"using":"xpath","value":"//input[@id=\"application-manageresources-display-component---newResourceUnit--TYPE-inner\"]"}
COMMAND: POST /session/a414a6ae85a434897fa1c9da3096b959/element/f.63F842937ABE5650621AFC3910BCBB57.d.B32CC0B6748A8CA6B71386FDC45E6B2C.e.15276/clear - {}
RESULT: {}
RESULT: {}
COMMAND: POST /session/a414a6ae85a434897fa1c9da3096b959/element/f.63F842937ABE5650621AFC3910BCBB57.d.B32CC0B6748A8CA6B71386FDC45E6B2C.e.15276/value - {"text":"Equi Multipart"}
COMMAND: GET /session/a414a6ae85a434897fa1c9da3096b959/screenshot - {}
RESULT: {"text":"Equi Multipart"}
COMMAND: GET /session/a414a6ae85a434897fa1c9da3096b959/screenshot - {}
RESULT: {}
RESULT: {}
COMMAND: POST /session/a414a6ae85a434897fa1c9da3096b959/actions - {"actions":[{"id":"action48","type":"key","parameters":{},"actions":[{"type":"keyDown","value":""},{"type":"pause","duration":10},{"type":"keyUp","value":""}]}]}
RESULT: {"actions":[{"id":"action48","type":"key","parameters":{},"actions":[{"type":"keyDown","value":""},{"type":"pause","duration":10},{"type":"keyUp","value":""}]}]}
RESULT: undefined
COMMAND: POST /session/a414a6ae85a434897fa1c9da3096b959/execute/async - {"script":"<script> [776 bytes]","args":[{"enterText":"Equipment Multipart WDIO","selector":{"id":"application-manageresources-display-component---newResourceUnit--SHORT_TEXT","interaction":{"idSuffix":"inner"}},"clearTextFirst":true,"interactionType":"ENTER_TEXT"}]}
COMMAND: GET /session/a414a6ae85a434897fa1c9da3096b959/screenshot - {}
RESULT: {"script":"<script> [776 bytes]","args":[{"enterText":"Equipment Multipart WDIO","selector":{"id":"application-manageresources-display-component---newResourceUnit--SHORT_TEXT","interaction":{"idSuffix":"inner"}},"clearTextFirst":true,"interactionType":"ENTER_TEXT"}]}
RESULT: undefined
COMMAND: POST /session/a414a6ae85a434897fa1c9da3096b959/execute/async - {"script":"<script> [776 bytes]","args":[{"enterText":"Piece","selector":{"id":"application-manageresources-display-component---newResourceUnit--BASE_UNIT_OF_MEASURE","interaction":{"idSuffix":"inner"}},"clearTextFirst":true,"interactionType":"ENTER_TEXT"}]}
RESULT: {}
RESULT: {"script":"<script> [776 bytes]","args":[{"enterText":"Piece","selector":{"id":"application-manageresources-display-component---newResourceUnit--BASE_UNIT_OF_MEASURE","interaction":{"idSuffix":"inner"}},"clearTextFirst":true,"interactionType":"ENTER_TEXT"}]}
RESULT: undefined
COMMAND: POST /session/a414a6ae85a434897fa1c9da3096b959/execute/async - {"script":"<script> [776 bytes]","args":[{"enterText":"Gram","selector":{"id":"application-manageresources-display-component---newResourceUnit--WEIGHT_UNIT","interaction":{"idSuffix":"inner"}},"clearTextFirst":true,"interactionType":"ENTER_TEXT"}]}
RESULT: {"script":"<script> [776 bytes]","args":[{"enterText":"Gram","selector":{"id":"application-manageresources-display-component---newResourceUnit--WEIGHT_UNIT","interaction":{"idSuffix":"inner"}},"clearTextFirst":true,"interactionType":"ENTER_TEXT"}]}
RESULT: undefined
COMMAND: POST /session/a414a6ae85a434897fa1c9da3096b959/execute/async - {"script":"<script> [776 bytes]","args":[{"enterText":"Meter","selector":{"id":"application-manageresources-display-component---newResourceUnit--DIMENSION_UNIT","interaction":{"idSuffix":"inner"}},"clearTextFirst":true,"interactionType":"ENTER_TEXT"}]}
RESULT: {"script":"<script> [776 bytes]","args":[{"enterText":"Meter","selector":{"id":"application-manageresources-display-component---newResourceUnit--DIMENSION_UNIT","interaction":{"idSuffix":"inner"}},"clearTextFirst":true,"interactionType":"ENTER_TEXT"}]}
RESULT: undefined
COMMAND: POST /session/a414a6ae85a434897fa1c9da3096b959/element - {"using":"xpath","value":"//*[@id=\"application-manageresources-display-component---newResourceUnit--newRRUPage-anchBar-application-manageresources-display-component---newResourceUnit--control-anchor\"]"}
RESULT: {"using":"xpath","value":"//*[@id=\"application-manageresources-display-component---newResourceUnit--newRRUPage-anchBar-application-manageresources-display-component---newResourceUnit--control-anchor\"]"}
COMMAND: POST /session/a414a6ae85a434897fa1c9da3096b959/element/f.63F842937ABE5650621AFC3910BCBB57.d.B32CC0B6748A8CA6B71386FDC45E6B2C.e.15411/click - {}
RESULT: {}
RESULT: undefined
COMMAND: POST /session/a414a6ae85a434897fa1c9da3096b959/execute/async - {"script":"<script> [776 bytes]","args":[{"enterText":"Heavy Equi","selector":{"id":"application-manageresources-display-component---newResourceUnit--PLANNING_GROUP","interaction":{"idSuffix":"inner"}},"clearTextFirst":true,"interactionType":"ENTER_TEXT"}]}
COMMAND: GET /session/a414a6ae85a434897fa1c9da3096b959/screenshot - {}
RESULT: {"script":"<script> [776 bytes]","args":[{"enterText":"Heavy Equi","selector":{"id":"application-manageresources-display-component---newResourceUnit--PLANNING_GROUP","interaction":{"idSuffix":"inner"}},"clearTextFirst":true,"interactionType":"ENTER_TEXT"}]}
RESULT: {}
COMMAND: POST /session/a414a6ae85a434897fa1c9da3096b959/execute/async - {"script":"<script> [1562 bytes]","args":[{"selector":{"id":"application-manageresources-display-component---newResourceUnit--PLANNING_INDICATOR","interaction":{"idSuffix":"inner"}},"wdio_ui5_key":"applicationmanageresources-display-component---newResourceUnit--PLANNING_INDICATOR"}]}
RESULT: {"script":"<script> [1562 bytes]","args":[{"selector":{"id":"application-manageresources-display-component---newResourceUnit--PLANNING_INDICATOR","interaction":{"idSuffix":"inner"}},"wdio_ui5_key":"applicationmanageresources-display-component---newResourceUnit--PLANNING_INDICATOR"}]}
RESULT: undefined
COMMAND: POST /session/a414a6ae85a434897fa1c9da3096b959/execute/async - {"script":"<script> [776 bytes]","args":[{"enterText":"10 - infinite","selector":{"id":"application-manageresources-display-component---newResourceUnit--PLANNING_INDICATOR","interaction":{"idSuffix":"inner"}},"clearTextFirst":true,"interactionType":"ENTER_TEXT"}]}
RESULT: {"script":"<script> [776 bytes]","args":[{"enterText":"10 - infinite","selector":{"id":"application-manageresources-display-component---newResourceUnit--PLANNING_INDICATOR","interaction":{"idSuffix":"inner"}},"clearTextFirst":true,"interactionType":"ENTER_TEXT"}]}
RESULT: undefined
COMMAND: POST /session/a414a6ae85a434897fa1c9da3096b959/element - {"using":"xpath","value":"//*[@id=\"application-manageresources-display-component---newResourceUnit--ITEM_TYPE-arrow\"]"}
RESULT: {"using":"xpath","value":"//*[@id=\"application-manageresources-display-component---newResourceUnit--ITEM_TYPE-arrow\"]"}
COMMAND: POST /session/a414a6ae85a434897fa1c9da3096b959/element/f.63F842937ABE5650621AFC3910BCBB57.d.B32CC0B6748A8CA6B71386FDC45E6B2C.e.15418/click - {}
RESULT: {}
COMMAND: GET /session/a414a6ae85a434897fa1c9da3096b959/screenshot - {}
RESULT: {}
COMMAND: POST /session/a414a6ae85a434897fa1c9da3096b959/execute/async - {"script":"<script> [1562 bytes]","args":[{"selector":{"controlType":"sap.m.StandardListItem","viewName":"reusables.view.manageresources.NewResourceUnit","viewId":"application-manageresources-display-component---newResourceUnit","properties":{"title":"Pool Equipment"},"searchOpenDialogs":true,"interaction":{"idSuffix":"content"}},"wdio_ui5_key":"reusablesview.manageresources.NewResourceUnitsap.m.StandardListItem{\"title\":\"Pool Equipment\"}"}]}
RESULT: {"script":"<script> [1562 bytes]","args":[{"selector":{"controlType":"sap.m.StandardListItem","viewName":"reusables.view.manageresources.NewResourceUnit","viewId":"application-manageresources-display-component---newResourceUnit","properties":{"title":"Pool Equipment"},"searchOpenDialogs":true,"interaction":{"idSuffix":"content"}},"wdio_ui5_key":"reusablesview.manageresources.NewResourceUnitsap.m.StandardListItem{\"title\":\"Pool Equipment\"}"}]}
RESULT: undefined
COMMAND: POST /session/a414a6ae85a434897fa1c9da3096b959/element - {"using":"xpath","value":"//*[@id=\"__item1365\"]"}
RESULT: {"using":"xpath","value":"//*[@id=\"__item1365\"]"}
COMMAND: POST /session/a414a6ae85a434897fa1c9da3096b959/element/f.63F842937ABE5650621AFC3910BCBB57.d.B32CC0B6748A8CA6B71386FDC45E6B2C.e.15420/click - {}
RESULT: {}
COMMAND: GET /session/a414a6ae85a434897fa1c9da3096b959/screenshot - {}
RESULT: {}
COMMAND: POST /session/a414a6ae85a434897fa1c9da3096b959/element - {"using":"css selector","value":"#application-manageresources-display-component---newResourceUnit--btnAddTimeSegment"}
RESULT: {"using":"css selector","value":"#application-manageresources-display-component---newResourceUnit--btnAddTimeSegment"}
COMMAND: GET /session/a414a6ae85a434897fa1c9da3096b959/element/f.63F842937ABE5650621AFC3910BCBB57.d.B32CC0B6748A8CA6B71386FDC45E6B2C.e.15482/rect - {}
RESULT: {}
COMMAND: GET /session/a414a6ae85a434897fa1c9da3096b959/window/rect - {}
RESULT: {}
COMMAND: POST /session/a414a6ae85a434897fa1c9da3096b959/execute/sync - {"script":"<script> [92 bytes]","args":[]}
RESULT: {"script":"<script> [92 bytes]","args":[]}
COMMAND: POST /session/a414a6ae85a434897fa1c9da3096b959/actions - {"actions":[{"id":"action49","type":"wheel","parameters":{},"actions":[{"type":"scroll","x":-1888,"y":-32,"deltaX":0,"deltaY":0,"duration":0,"origin":{"element-6066-11e4-a52e-4f735466cecf":"f.63F842937ABE5650621AFC3910BCBB57.d.B32CC0B6748A8CA6B71386FDC45E6B2C.e.15482"}}]}]}
COMMAND: GET /session/a414a6ae85a434897fa1c9da3096b959/screenshot - {}
RESULT: {}
COMMAND: POST /session/a414a6ae85a434897fa1c9da3096b959/execute/sync - {"script":"<script> [79 bytes]","args":[{"element-6066-11e4-a52e-4f735466cecf":"f.63F842937ABE5650621AFC3910BCBB57.d.B32CC0B6748A8CA6B71386FDC45E6B2C.e.15482","ELEMENT":"f.63F842937ABE5650621AFC3910BCBB57.d.B32CC0B6748A8CA6B71386FDC45E6B2C.e.15482"},{"block":"start","inline":"nearest"}]}
RESULT: {"script":"<script> [79 bytes]","args":[{"element-6066-11e4-a52e-4f735466cecf":"f.63F842937ABE5650621AFC3910BCBB57.d.B32CC0B6748A8CA6B71386FDC45E6B2C.e.15482","ELEMENT":"f.63F842937ABE5650621AFC3910BCBB57.d.B32CC0B6748A8CA6B71386FDC45E6B2C.e.15482"},{"block":"start","inline":"nearest"}]}
RESULT: undefined
COMMAND: POST /session/a414a6ae85a434897fa1c9da3096b959/element - {"using":"xpath","value":"//*[@id=\"application-manageresources-display-component---newResourceUnit--btnAddTimeSegment\"]"}
COMMAND: GET /session/a414a6ae85a434897fa1c9da3096b959/screenshot - {}
RESULT: {"using":"xpath","value":"//*[@id=\"application-manageresources-display-component---newResourceUnit--btnAddTimeSegment\"]"}
COMMAND: POST /session/a414a6ae85a434897fa1c9da3096b959/element/f.63F842937ABE5650621AFC3910BCBB57.d.B32CC0B6748A8CA6B71386FDC45E6B2C.e.15482/click - {}
RESULT: {}
RESULT: {}
COMMAND: GET /session/a414a6ae85a434897fa1c9da3096b959/screenshot - {}
RESULT: {}
COMMAND: POST /session/a414a6ae85a434897fa1c9da3096b959/element - {"using":"xpath","value":"//input[@id=\"application-manageresources-display-component---newResourceUnit--idRuTSAdmin-application-manageresources-display-component---newResourceUnit--RUTimeSegment-0-inner\"]"}
RESULT: {"using":"xpath","value":"//input[@id=\"application-manageresources-display-component---newResourceUnit--idRuTSAdmin-application-manageresources-display-component---newResourceUnit--RUTimeSegment-0-inner\"]"}
COMMAND: POST /session/a414a6ae85a434897fa1c9da3096b959/element/f.63F842937ABE5650621AFC3910BCBB57.d.B32CC0B6748A8CA6B71386FDC45E6B2C.e.15487/clear - {}
RESULT: {}
COMMAND: POST /session/a414a6ae85a434897fa1c9da3096b959/element/f.63F842937ABE5650621AFC3910BCBB57.d.B32CC0B6748A8CA6B71386FDC45E6B2C.e.15487/value - {"text":"502"}
COMMAND: GET /session/a414a6ae85a434897fa1c9da3096b959/screenshot - {}
RESULT: {"text":"502"}
COMMAND: GET /session/a414a6ae85a434897fa1c9da3096b959/screenshot - {}
RESULT: {}
RESULT: {}
COMMAND: POST /session/a414a6ae85a434897fa1c9da3096b959/element - {"using":"xpath","value":"//li[.//span[text()='502']]"}
RESULT: {"using":"xpath","value":"//li[.//span[text()='502']]"}
COMMAND: POST /session/a414a6ae85a434897fa1c9da3096b959/element/f.63F842937ABE5650621AFC3910BCBB57.d.B32CC0B6748A8CA6B71386FDC45E6B2C.e.15502/click - {}
RESULT: {}
COMMAND: GET /session/a414a6ae85a434897fa1c9da3096b959/screenshot - {}
RESULT: {}
COMMAND: POST /session/a414a6ae85a434897fa1c9da3096b959/element - {"using":"xpath","value":"(//span[contains(@id, \"-application-manageresources-display-component---newResourceUnit--RUTimeSegment-0-arrow\")])[5]"}
RESULT: {"using":"xpath","value":"(//span[contains(@id, \"-application-manageresources-display-component---newResourceUnit--RUTimeSegment-0-arrow\")])[5]"}
COMMAND: POST /session/a414a6ae85a434897fa1c9da3096b959/element/f.63F842937ABE5650621AFC3910BCBB57.d.B32CC0B6748A8CA6B71386FDC45E6B2C.e.15503/click - {}
RESULT: {}
COMMAND: GET /session/a414a6ae85a434897fa1c9da3096b959/screenshot - {}
RESULT: {}
COMMAND: POST /session/a414a6ae85a434897fa1c9da3096b959/element - {"using":"xpath","value":"//span[contains(text(), \"PM Order\")]"}
RESULT: {"using":"xpath","value":"//span[contains(text(), \"PM Order\")]"}
COMMAND: POST /session/a414a6ae85a434897fa1c9da3096b959/element/f.63F842937ABE5650621AFC3910BCBB57.d.B32CC0B6748A8CA6B71386FDC45E6B2C.e.15504/click - {}
RESULT: {}
COMMAND: GET /session/a414a6ae85a434897fa1c9da3096b959/screenshot - {}
RESULT: {}
COMMAND: POST /session/a414a6ae85a434897fa1c9da3096b959/element - {"using":"xpath","value":"(//span[contains(@id ,\"manageresources-display-component---newResourceUnit--RUTimeSegment-0-vhi\")])[1]"}
RESULT: {"using":"xpath","value":"(//span[contains(@id ,\"manageresources-display-component---newResourceUnit--RUTimeSegment-0-vhi\")])[1]"}
COMMAND: GET /session/a414a6ae85a434897fa1c9da3096b959/element/f.63F842937ABE5650621AFC3910BCBB57.d.B32CC0B6748A8CA6B71386FDC45E6B2C.e.15508/rect - {}
RESULT: {}
COMMAND: GET /session/a414a6ae85a434897fa1c9da3096b959/window/rect - {}
RESULT: {}
COMMAND: POST /session/a414a6ae85a434897fa1c9da3096b959/execute/sync - {"script":"<script> [92 bytes]","args":[]}
RESULT: {"script":"<script> [92 bytes]","args":[]}
COMMAND: POST /session/a414a6ae85a434897fa1c9da3096b959/actions - {"actions":[{"id":"action50","type":"wheel","parameters":{},"actions":[{"type":"scroll","x":-1888,"y":-24,"deltaX":0,"deltaY":0,"duration":0,"origin":{"element-6066-11e4-a52e-4f735466cecf":"f.63F842937ABE5650621AFC3910BCBB57.d.B32CC0B6748A8CA6B71386FDC45E6B2C.e.15508"}}]}]}
COMMAND: GET /session/a414a6ae85a434897fa1c9da3096b959/screenshot - {}
RESULT: {}
COMMAND: POST /session/a414a6ae85a434897fa1c9da3096b959/execute/sync - {"script":"<script> [79 bytes]","args":[{"element-6066-11e4-a52e-4f735466cecf":"f.63F842937ABE5650621AFC3910BCBB57.d.B32CC0B6748A8CA6B71386FDC45E6B2C.e.15508","ELEMENT":"f.63F842937ABE5650621AFC3910BCBB57.d.B32CC0B6748A8CA6B71386FDC45E6B2C.e.15508"},{"block":"start","inline":"nearest"}]}
RESULT: {"script":"<script> [79 bytes]","args":[{"element-6066-11e4-a52e-4f735466cecf":"f.63F842937ABE5650621AFC3910BCBB57.d.B32CC0B6748A8CA6B71386FDC45E6B2C.e.15508","ELEMENT":"f.63F842937ABE5650621AFC3910BCBB57.d.B32CC0B6748A8CA6B71386FDC45E6B2C.e.15508"},{"block":"start","inline":"nearest"}]}
COMMAND: GET /session/a414a6ae85a434897fa1c9da3096b959/screenshot - {}
RESULT: {}
COMMAND: POST /session/a414a6ae85a434897fa1c9da3096b959/element/f.63F842937ABE5650621AFC3910BCBB57.d.B32CC0B6748A8CA6B71386FDC45E6B2C.e.15508/click - {}
RESULT: {}
COMMAND: GET /session/a414a6ae85a434897fa1c9da3096b959/screenshot - {}
RESULT: {}
RESULT: undefined
COMMAND: POST /session/a414a6ae85a434897fa1c9da3096b959/execute/async - {"script":"<script> [776 bytes]","args":[{"enterText":"4000360","selector":{"controlType":"sap.m.SearchField","properties":{"placeholder":"Search"},"searchOpenDialogs":true,"interaction":{"idSuffix":"I"}},"clearTextFirst":true,"interactionType":"ENTER_TEXT"}]}
RESULT: {"script":"<script> [776 bytes]","args":[{"enterText":"4000360","selector":{"controlType":"sap.m.SearchField","properties":{"placeholder":"Search"},"searchOpenDialogs":true,"interaction":{"idSuffix":"I"}},"clearTextFirst":true,"interactionType":"ENTER_TEXT"}]}
COMMAND: POST /session/a414a6ae85a434897fa1c9da3096b959/actions - {"actions":[{"id":"action51","type":"key","parameters":{},"actions":[{"type":"keyDown","value":""},{"type":"pause","duration":10},{"type":"keyUp","value":""}]}]}
RESULT: {"actions":[{"id":"action51","type":"key","parameters":{},"actions":[{"type":"keyDown","value":""},{"type":"pause","duration":10},{"type":"keyUp","value":""}]}]}
COMMAND: GET /session/a414a6ae85a434897fa1c9da3096b959/screenshot - {}
RESULT: {}
COMMAND: POST /session/a414a6ae85a434897fa1c9da3096b959/element - {"using":"xpath","value":"//td/div/span[contains(text(), \"BGL Vehicles\")]"}
RESULT: {"using":"xpath","value":"//td/div/span[contains(text(), \"BGL Vehicles\")]"}
COMMAND: POST /session/a414a6ae85a434897fa1c9da3096b959/element/f.63F842937ABE5650621AFC3910BCBB57.d.B32CC0B6748A8CA6B71386FDC45E6B2C.e.15528/click - {}
RESULT: {}
COMMAND: GET /session/a414a6ae85a434897fa1c9da3096b959/screenshot - {}
RESULT: {}
COMMAND: POST /session/a414a6ae85a434897fa1c9da3096b959/element - {"using":"xpath","value":"//bdi[contains(text(), \"OK\")]"}
RESULT: {"using":"xpath","value":"//bdi[contains(text(), \"OK\")]"}
COMMAND: POST /session/a414a6ae85a434897fa1c9da3096b959/element/f.63F842937ABE5650621AFC3910BCBB57.d.B32CC0B6748A8CA6B71386FDC45E6B2C.e.15529/click - {}
RESULT: {}
COMMAND: GET /session/a414a6ae85a434897fa1c9da3096b959/screenshot - {}
RESULT: {}
COMMAND: POST /session/a414a6ae85a434897fa1c9da3096b959/element - {"using":"xpath","value":"//label[contains(@class, 'sapMLabelRequired') and .//bdi[contains(text(), 'Planned Retirement')]]"}
RESULT: {"using":"xpath","value":"//label[contains(@class, 'sapMLabelRequired') and .//bdi[contains(text(), 'Planned Retirement')]]"}
COMMAND: POST /session/a414a6ae85a434897fa1c9da3096b959/elements - {"using":"xpath","value":"//label[contains(@class, 'sapMLabelRequired') and .//bdi[contains(text(), 'Planned Retirement')]]"}
RESULT: {"using":"xpath","value":"//label[contains(@class, 'sapMLabelRequired') and .//bdi[contains(text(), 'Planned Retirement')]]"}
COMMAND: POST /session/a414a6ae85a434897fa1c9da3096b959/element - {"using":"xpath","value":"//button[@data-kt=\"resourceUnitSaveButton\"]"}
RESULT: {"using":"xpath","value":"//button[@data-kt=\"resourceUnitSaveButton\"]"}
COMMAND: POST /session/a414a6ae85a434897fa1c9da3096b959/element/f.63F842937ABE5650621AFC3910BCBB57.d.B32CC0B6748A8CA6B71386FDC45E6B2C.e.15299/click - {}
RESULT: {}
COMMAND: GET /session/a414a6ae85a434897fa1c9da3096b959/screenshot - {}
RESULT: {}
COMMAND: POST /session/a414a6ae85a434897fa1c9da3096b959/element - {"using":"xpath","value":"//bdi[contains(text(), \"Close\")]"}
RESULT: {"using":"xpath","value":"//bdi[contains(text(), \"Close\")]"}
COMMAND: POST /session/a414a6ae85a434897fa1c9da3096b959/element/f.63F842937ABE5650621AFC3910BCBB57.d.B32CC0B6748A8CA6B71386FDC45E6B2C.e.15535/click - {}
RESULT: {}
COMMAND: GET /session/a414a6ae85a434897fa1c9da3096b959/screenshot - {}
RESULT: {}
COMMAND: POST /session/a414a6ae85a434897fa1c9da3096b959/element - {"using":"xpath","value":"//header[contains(@id, 'detailRruPage-headerTitle')]/div[1]/div[2]/div[2]/span[1]"}
RESULT: {"using":"xpath","value":"//header[contains(@id, 'detailRruPage-headerTitle')]/div[1]/div[2]/div[2]/span[1]"}
COMMAND: POST /session/a414a6ae85a434897fa1c9da3096b959/elements - {"using":"xpath","value":"//header[contains(@id, 'detailRruPage-headerTitle')]/div[1]/div[2]/div[2]/span[1]"}
RESULT: {"using":"xpath","value":"//header[contains(@id, 'detailRruPage-headerTitle')]/div[1]/div[2]/div[2]/span[1]"}
COMMAND: POST /session/a414a6ae85a434897fa1c9da3096b959/execute/sync - {"script":"<script> [56 bytes]","args":[{"element-6066-11e4-a52e-4f735466cecf":"f.63F842937ABE5650621AFC3910BCBB57.d.B32CC0B6748A8CA6B71386FDC45E6B2C.e.15567","ELEMENT":"f.63F842937ABE5650621AFC3910BCBB57.d.B32CC0B6748A8CA6B71386FDC45E6B2C.e.15567"}]}
RESULT: {"script":"<script> [56 bytes]","args":[{"element-6066-11e4-a52e-4f735466cecf":"f.63F842937ABE5650621AFC3910BCBB57.d.B32CC0B6748A8CA6B71386FDC45E6B2C.e.15567","ELEMENT":"f.63F842937ABE5650621AFC3910BCBB57.d.B32CC0B6748A8CA6B71386FDC45E6B2C.e.15567"}]}
COMMAND: POST /session/a414a6ae85a434897fa1c9da3096b959/element - {"using":"css selector","value":"#shell-header-logo"}
COMMAND: GET /session/a414a6ae85a434897fa1c9da3096b959/screenshot - {}
RESULT: {"using":"css selector","value":"#shell-header-logo"}
COMMAND: POST /session/a414a6ae85a434897fa1c9da3096b959/element/f.63F842937ABE5650621AFC3910BCBB57.d.B32CC0B6748A8CA6B71386FDC45E6B2C.e.14898/click - {}
RESULT: {}
RESULT: {}
COMMAND: GET /session/a414a6ae85a434897fa1c9da3096b959/screenshot - {}
RESULT: {}
]]></system-out>
    </testcase>
    <testcase classname="chrome.136_0_7103_93.windows.Transfer_Yard_to_Yard_US131076" name="Should do a stock increase handover for equipment" time="91.262">
      <failure/>
      <error message="Can't call click on element with selector &quot;//li[.//span[contains(text(),'502 -')]]&quot; because element wasn't found"/>
      <system-out><![CDATA[
COMMAND: POST /session/a414a6ae85a434897fa1c9da3096b959/execute/async - {"script":"<script> [1562 bytes]","args":[{"selector":{"controlType":"sap.m.GenericTile","properties":{"header":"Manage Handovers"}},"wdio_ui5_key":"sapm.GenericTile{\"header\":\"Manage Handovers\"}"}]}
RESULT: {"script":"<script> [1562 bytes]","args":[{"selector":{"controlType":"sap.m.GenericTile","properties":{"header":"Manage Handovers"}},"wdio_ui5_key":"sapm.GenericTile{\"header\":\"Manage Handovers\"}"}]}
RESULT: undefined
COMMAND: POST /session/a414a6ae85a434897fa1c9da3096b959/element - {"using":"xpath","value":"//*[@id=\"__tile133\"]"}
RESULT: {"using":"xpath","value":"//*[@id=\"__tile133\"]"}
COMMAND: POST /session/a414a6ae85a434897fa1c9da3096b959/element/f.63F842937ABE5650621AFC3910BCBB57.d.B32CC0B6748A8CA6B71386FDC45E6B2C.e.13376/click - {}
RESULT: {}
COMMAND: GET /session/a414a6ae85a434897fa1c9da3096b959/screenshot - {}
RESULT: {}
COMMAND: POST /session/a414a6ae85a434897fa1c9da3096b959/elements - {"using":"xpath","value":"//span[text()='Error']"}
RESULT: {"using":"xpath","value":"//span[text()='Error']"}
COMMAND: POST /session/a414a6ae85a434897fa1c9da3096b959/element - {"using":"xpath","value":"//button[@data-kt=\"masterHOAddButton\"]"}
RESULT: {"using":"xpath","value":"//button[@data-kt=\"masterHOAddButton\"]"}
COMMAND: POST /session/a414a6ae85a434897fa1c9da3096b959/elements - {"using":"xpath","value":"//button[@data-kt=\"masterHOAddButton\"]"}
RESULT: {"using":"xpath","value":"//button[@data-kt=\"masterHOAddButton\"]"}
COMMAND: POST /session/a414a6ae85a434897fa1c9da3096b959/execute/sync - {"script":"<script> [8489 bytes]","args":[{"element-6066-11e4-a52e-4f735466cecf":"f.63F842937ABE5650621AFC3910BCBB57.d.B32CC0B6748A8CA6B71386FDC45E6B2C.e.15607","ELEMENT":"f.63F842937ABE5650621AFC3910BCBB57.d.B32CC0B6748A8CA6B71386FDC45E6B2C.e.15607"}]}
RESULT: {"script":"<script> [8489 bytes]","args":[{"element-6066-11e4-a52e-4f735466cecf":"f.63F842937ABE5650621AFC3910BCBB57.d.B32CC0B6748A8CA6B71386FDC45E6B2C.e.15607","ELEMENT":"f.63F842937ABE5650621AFC3910BCBB57.d.B32CC0B6748A8CA6B71386FDC45E6B2C.e.15607"}]}
COMMAND: GET /session/a414a6ae85a434897fa1c9da3096b959/element/f.63F842937ABE5650621AFC3910BCBB57.d.B32CC0B6748A8CA6B71386FDC45E6B2C.e.15607/enabled - {}
COMMAND: GET /session/a414a6ae85a434897fa1c9da3096b959/screenshot - {}
RESULT: {}
COMMAND: POST /session/a414a6ae85a434897fa1c9da3096b959/execute/sync - {"script":"<script> [8489 bytes]","args":[{"element-6066-11e4-a52e-4f735466cecf":"f.63F842937ABE5650621AFC3910BCBB57.d.B32CC0B6748A8CA6B71386FDC45E6B2C.e.15607","ELEMENT":"f.63F842937ABE5650621AFC3910BCBB57.d.B32CC0B6748A8CA6B71386FDC45E6B2C.e.15607"}]}
COMMAND: GET /session/a414a6ae85a434897fa1c9da3096b959/screenshot - {}
RESULT: {}
RESULT: {"script":"<script> [8489 bytes]","args":[{"element-6066-11e4-a52e-4f735466cecf":"f.63F842937ABE5650621AFC3910BCBB57.d.B32CC0B6748A8CA6B71386FDC45E6B2C.e.15607","ELEMENT":"f.63F842937ABE5650621AFC3910BCBB57.d.B32CC0B6748A8CA6B71386FDC45E6B2C.e.15607"}]}
COMMAND: POST /session/a414a6ae85a434897fa1c9da3096b959/execute/sync - {"script":"<script> [5351 bytes]","args":[{"element-6066-11e4-a52e-4f735466cecf":"f.63F842937ABE5650621AFC3910BCBB57.d.B32CC0B6748A8CA6B71386FDC45E6B2C.e.15607","ELEMENT":"f.63F842937ABE5650621AFC3910BCBB57.d.B32CC0B6748A8CA6B71386FDC45E6B2C.e.15607"}]}
COMMAND: GET /session/a414a6ae85a434897fa1c9da3096b959/screenshot - {}
RESULT: {}
RESULT: {"script":"<script> [5351 bytes]","args":[{"element-6066-11e4-a52e-4f735466cecf":"f.63F842937ABE5650621AFC3910BCBB57.d.B32CC0B6748A8CA6B71386FDC45E6B2C.e.15607","ELEMENT":"f.63F842937ABE5650621AFC3910BCBB57.d.B32CC0B6748A8CA6B71386FDC45E6B2C.e.15607"}]}
COMMAND: POST /session/a414a6ae85a434897fa1c9da3096b959/element/f.63F842937ABE5650621AFC3910BCBB57.d.B32CC0B6748A8CA6B71386FDC45E6B2C.e.15607/click - {}
COMMAND: GET /session/a414a6ae85a434897fa1c9da3096b959/screenshot - {}
RESULT: {}
RESULT: {}
COMMAND: GET /session/a414a6ae85a434897fa1c9da3096b959/screenshot - {}
COMMAND: POST /session/a414a6ae85a434897fa1c9da3096b959/element - {"using":"xpath","value":"//span[contains(@id ,\"AddNewHO--typeSelect-arrow\")]"}
RESULT: {}
RESULT: {}
RESULT: {"using":"xpath","value":"//span[contains(@id ,\"AddNewHO--typeSelect-arrow\")]"}
COMMAND: POST /session/a414a6ae85a434897fa1c9da3096b959/element/f.63F842937ABE5650621AFC3910BCBB57.d.B32CC0B6748A8CA6B71386FDC45E6B2C.e.15945/click - {}
RESULT: {}
COMMAND: GET /session/a414a6ae85a434897fa1c9da3096b959/screenshot - {}
RESULT: {}
COMMAND: POST /session/a414a6ae85a434897fa1c9da3096b959/element - {"using":"xpath","value":"(//li[contains(text(), \"stock increase yard\")])[1]"}
RESULT: {"using":"xpath","value":"(//li[contains(text(), \"stock increase yard\")])[1]"}
COMMAND: POST /session/a414a6ae85a434897fa1c9da3096b959/element/f.63F842937ABE5650621AFC3910BCBB57.d.B32CC0B6748A8CA6B71386FDC45E6B2C.e.15946/click - {}
RESULT: {}
COMMAND: GET /session/a414a6ae85a434897fa1c9da3096b959/screenshot - {}
RESULT: {}
COMMAND: POST /session/a414a6ae85a434897fa1c9da3096b959/execute/async - {"script":"<script> [1562 bytes]","args":[{"selector":{"id":"application-managehandovers-display-component---AddNewHO--dueDate","interaction":{"idSuffix":"inner"}},"wdio_ui5_key":"applicationmanagehandovers-display-component---AddNewHO--dueDate"}]}
RESULT: {"script":"<script> [1562 bytes]","args":[{"selector":{"id":"application-managehandovers-display-component---AddNewHO--dueDate","interaction":{"idSuffix":"inner"}},"wdio_ui5_key":"applicationmanagehandovers-display-component---AddNewHO--dueDate"}]}
RESULT: undefined
COMMAND: POST /session/a414a6ae85a434897fa1c9da3096b959/execute/async - {"script":"<script> [6424 bytes]","args":[{"element-6066-11e4-a52e-4f735466cecf":"f.63F842937ABE5650621AFC3910BCBB57.d.B32CC0B6748A8CA6B71386FDC45E6B2C.e.15948"},"setValue",["5/30/25"]]}
RESULT: {"script":"<script> [6424 bytes]","args":[{"element-6066-11e4-a52e-4f735466cecf":"f.63F842937ABE5650621AFC3910BCBB57.d.B32CC0B6748A8CA6B71386FDC45E6B2C.e.15948"},"setValue",["5/30/25"]]}
COMMAND: POST /session/a414a6ae85a434897fa1c9da3096b959/element - {"using":"xpath","value":"//input[@id=\"generalSectionFrg--receiveYard-inner\"]"}
RESULT: {"using":"xpath","value":"//input[@id=\"generalSectionFrg--receiveYard-inner\"]"}
COMMAND: POST /session/a414a6ae85a434897fa1c9da3096b959/element/f.63F842937ABE5650621AFC3910BCBB57.d.B32CC0B6748A8CA6B71386FDC45E6B2C.e.15954/clear - {}
RESULT: {}
COMMAND: POST /session/a414a6ae85a434897fa1c9da3096b959/element/f.63F842937ABE5650621AFC3910BCBB57.d.B32CC0B6748A8CA6B71386FDC45E6B2C.e.15954/value - {"text":"502"}
COMMAND: GET /session/a414a6ae85a434897fa1c9da3096b959/screenshot - {}
RESULT: {"text":"502"}
COMMAND: GET /session/a414a6ae85a434897fa1c9da3096b959/screenshot - {}
RESULT: {}
RESULT: {}
COMMAND: POST /session/a414a6ae85a434897fa1c9da3096b959/element - {"using":"xpath","value":"//li[.//span[contains(text(),'502 -')]]"}
RESULT: {"using":"xpath","value":"//li[.//span[contains(text(),'502 -')]]"}
COMMAND: POST /session/a414a6ae85a434897fa1c9da3096b959/elements - {"using":"xpath","value":"//li[.//span[contains(text(),'502 -')]]"}
RESULT: {"using":"xpath","value":"//li[.//span[contains(text(),'502 -')]]"}
COMMAND: POST /session/a414a6ae85a434897fa1c9da3096b959/elements - {"using":"xpath","value":"//li[.//span[contains(text(),'502 -')]]"}
RESULT: {"using":"xpath","value":"//li[.//span[contains(text(),'502 -')]]"}
COMMAND: POST /session/a414a6ae85a434897fa1c9da3096b959/elements - {"using":"xpath","value":"//li[.//span[contains(text(),'502 -')]]"}
RESULT: {"using":"xpath","value":"//li[.//span[contains(text(),'502 -')]]"}
COMMAND: POST /session/a414a6ae85a434897fa1c9da3096b959/elements - {"using":"xpath","value":"//li[.//span[contains(text(),'502 -')]]"}
RESULT: {"using":"xpath","value":"//li[.//span[contains(text(),'502 -')]]"}
COMMAND: POST /session/a414a6ae85a434897fa1c9da3096b959/elements - {"using":"xpath","value":"//li[.//span[contains(text(),'502 -')]]"}
RESULT: {"using":"xpath","value":"//li[.//span[contains(text(),'502 -')]]"}
COMMAND: POST /session/a414a6ae85a434897fa1c9da3096b959/elements - {"using":"xpath","value":"//li[.//span[contains(text(),'502 -')]]"}
RESULT: {"using":"xpath","value":"//li[.//span[contains(text(),'502 -')]]"}
COMMAND: POST /session/a414a6ae85a434897fa1c9da3096b959/elements - {"using":"xpath","value":"//li[.//span[contains(text(),'502 -')]]"}
RESULT: {"using":"xpath","value":"//li[.//span[contains(text(),'502 -')]]"}
COMMAND: POST /session/a414a6ae85a434897fa1c9da3096b959/elements - {"using":"xpath","value":"//li[.//span[contains(text(),'502 -')]]"}
RESULT: {"using":"xpath","value":"//li[.//span[contains(text(),'502 -')]]"}
COMMAND: POST /session/a414a6ae85a434897fa1c9da3096b959/elements - {"using":"xpath","value":"//li[.//span[contains(text(),'502 -')]]"}
RESULT: {"using":"xpath","value":"//li[.//span[contains(text(),'502 -')]]"}
COMMAND: POST /session/a414a6ae85a434897fa1c9da3096b959/elements - {"using":"xpath","value":"//li[.//span[contains(text(),'502 -')]]"}
RESULT: {"using":"xpath","value":"//li[.//span[contains(text(),'502 -')]]"}
COMMAND: POST /session/a414a6ae85a434897fa1c9da3096b959/elements - {"using":"xpath","value":"//li[.//span[contains(text(),'502 -')]]"}
RESULT: {"using":"xpath","value":"//li[.//span[contains(text(),'502 -')]]"}
COMMAND: POST /session/a414a6ae85a434897fa1c9da3096b959/elements - {"using":"xpath","value":"//li[.//span[contains(text(),'502 -')]]"}
RESULT: {"using":"xpath","value":"//li[.//span[contains(text(),'502 -')]]"}
COMMAND: POST /session/a414a6ae85a434897fa1c9da3096b959/elements - {"using":"xpath","value":"//li[.//span[contains(text(),'502 -')]]"}
RESULT: {"using":"xpath","value":"//li[.//span[contains(text(),'502 -')]]"}
COMMAND: POST /session/a414a6ae85a434897fa1c9da3096b959/elements - {"using":"xpath","value":"//li[.//span[contains(text(),'502 -')]]"}
RESULT: {"using":"xpath","value":"//li[.//span[contains(text(),'502 -')]]"}
COMMAND: POST /session/a414a6ae85a434897fa1c9da3096b959/elements - {"using":"xpath","value":"//li[.//span[contains(text(),'502 -')]]"}
RESULT: {"using":"xpath","value":"//li[.//span[contains(text(),'502 -')]]"}
COMMAND: POST /session/a414a6ae85a434897fa1c9da3096b959/elements - {"using":"xpath","value":"//li[.//span[contains(text(),'502 -')]]"}
RESULT: {"using":"xpath","value":"//li[.//span[contains(text(),'502 -')]]"}
COMMAND: POST /session/a414a6ae85a434897fa1c9da3096b959/elements - {"using":"xpath","value":"//li[.//span[contains(text(),'502 -')]]"}
RESULT: {"using":"xpath","value":"//li[.//span[contains(text(),'502 -')]]"}
COMMAND: POST /session/a414a6ae85a434897fa1c9da3096b959/elements - {"using":"xpath","value":"//li[.//span[contains(text(),'502 -')]]"}
RESULT: {"using":"xpath","value":"//li[.//span[contains(text(),'502 -')]]"}
COMMAND: POST /session/a414a6ae85a434897fa1c9da3096b959/elements - {"using":"xpath","value":"//li[.//span[contains(text(),'502 -')]]"}
RESULT: {"using":"xpath","value":"//li[.//span[contains(text(),'502 -')]]"}
COMMAND: POST /session/a414a6ae85a434897fa1c9da3096b959/elements - {"using":"xpath","value":"//li[.//span[contains(text(),'502 -')]]"}
RESULT: {"using":"xpath","value":"//li[.//span[contains(text(),'502 -')]]"}
COMMAND: POST /session/a414a6ae85a434897fa1c9da3096b959/elements - {"using":"xpath","value":"//li[.//span[contains(text(),'502 -')]]"}
RESULT: {"using":"xpath","value":"//li[.//span[contains(text(),'502 -')]]"}
COMMAND: POST /session/a414a6ae85a434897fa1c9da3096b959/elements - {"using":"xpath","value":"//li[.//span[contains(text(),'502 -')]]"}
RESULT: {"using":"xpath","value":"//li[.//span[contains(text(),'502 -')]]"}
COMMAND: POST /session/a414a6ae85a434897fa1c9da3096b959/elements - {"using":"xpath","value":"//li[.//span[contains(text(),'502 -')]]"}
RESULT: {"using":"xpath","value":"//li[.//span[contains(text(),'502 -')]]"}
COMMAND: POST /session/a414a6ae85a434897fa1c9da3096b959/elements - {"using":"xpath","value":"//li[.//span[contains(text(),'502 -')]]"}
RESULT: {"using":"xpath","value":"//li[.//span[contains(text(),'502 -')]]"}
COMMAND: POST /session/a414a6ae85a434897fa1c9da3096b959/elements - {"using":"xpath","value":"//li[.//span[contains(text(),'502 -')]]"}
RESULT: {"using":"xpath","value":"//li[.//span[contains(text(),'502 -')]]"}
COMMAND: POST /session/a414a6ae85a434897fa1c9da3096b959/elements - {"using":"xpath","value":"//li[.//span[contains(text(),'502 -')]]"}
RESULT: {"using":"xpath","value":"//li[.//span[contains(text(),'502 -')]]"}
COMMAND: POST /session/a414a6ae85a434897fa1c9da3096b959/elements - {"using":"xpath","value":"//li[.//span[contains(text(),'502 -')]]"}
RESULT: {"using":"xpath","value":"//li[.//span[contains(text(),'502 -')]]"}
COMMAND: POST /session/a414a6ae85a434897fa1c9da3096b959/elements - {"using":"xpath","value":"//li[.//span[contains(text(),'502 -')]]"}
RESULT: {"using":"xpath","value":"//li[.//span[contains(text(),'502 -')]]"}
COMMAND: POST /session/a414a6ae85a434897fa1c9da3096b959/elements - {"using":"xpath","value":"//li[.//span[contains(text(),'502 -')]]"}
RESULT: {"using":"xpath","value":"//li[.//span[contains(text(),'502 -')]]"}
COMMAND: POST /session/a414a6ae85a434897fa1c9da3096b959/elements - {"using":"xpath","value":"//li[.//span[contains(text(),'502 -')]]"}
RESULT: {"using":"xpath","value":"//li[.//span[contains(text(),'502 -')]]"}
COMMAND: POST /session/a414a6ae85a434897fa1c9da3096b959/elements - {"using":"xpath","value":"//li[.//span[contains(text(),'502 -')]]"}
RESULT: {"using":"xpath","value":"//li[.//span[contains(text(),'502 -')]]"}
COMMAND: POST /session/a414a6ae85a434897fa1c9da3096b959/elements - {"using":"xpath","value":"//li[.//span[contains(text(),'502 -')]]"}
RESULT: {"using":"xpath","value":"//li[.//span[contains(text(),'502 -')]]"}
COMMAND: POST /session/a414a6ae85a434897fa1c9da3096b959/elements - {"using":"xpath","value":"//li[.//span[contains(text(),'502 -')]]"}
RESULT: {"using":"xpath","value":"//li[.//span[contains(text(),'502 -')]]"}
COMMAND: POST /session/a414a6ae85a434897fa1c9da3096b959/elements - {"using":"xpath","value":"//li[.//span[contains(text(),'502 -')]]"}
RESULT: {"using":"xpath","value":"//li[.//span[contains(text(),'502 -')]]"}
COMMAND: POST /session/a414a6ae85a434897fa1c9da3096b959/elements - {"using":"xpath","value":"//li[.//span[contains(text(),'502 -')]]"}
RESULT: {"using":"xpath","value":"//li[.//span[contains(text(),'502 -')]]"}
COMMAND: POST /session/a414a6ae85a434897fa1c9da3096b959/elements - {"using":"xpath","value":"//li[.//span[contains(text(),'502 -')]]"}
RESULT: {"using":"xpath","value":"//li[.//span[contains(text(),'502 -')]]"}
COMMAND: POST /session/a414a6ae85a434897fa1c9da3096b959/elements - {"using":"xpath","value":"//li[.//span[contains(text(),'502 -')]]"}
RESULT: {"using":"xpath","value":"//li[.//span[contains(text(),'502 -')]]"}
COMMAND: POST /session/a414a6ae85a434897fa1c9da3096b959/elements - {"using":"xpath","value":"//li[.//span[contains(text(),'502 -')]]"}
RESULT: {"using":"xpath","value":"//li[.//span[contains(text(),'502 -')]]"}
COMMAND: POST /session/a414a6ae85a434897fa1c9da3096b959/elements - {"using":"xpath","value":"//li[.//span[contains(text(),'502 -')]]"}
RESULT: {"using":"xpath","value":"//li[.//span[contains(text(),'502 -')]]"}
COMMAND: POST /session/a414a6ae85a434897fa1c9da3096b959/elements - {"using":"xpath","value":"//li[.//span[contains(text(),'502 -')]]"}
RESULT: {"using":"xpath","value":"//li[.//span[contains(text(),'502 -')]]"}
COMMAND: POST /session/a414a6ae85a434897fa1c9da3096b959/elements - {"using":"xpath","value":"//li[.//span[contains(text(),'502 -')]]"}
RESULT: {"using":"xpath","value":"//li[.//span[contains(text(),'502 -')]]"}
COMMAND: POST /session/a414a6ae85a434897fa1c9da3096b959/elements - {"using":"xpath","value":"//li[.//span[contains(text(),'502 -')]]"}
RESULT: {"using":"xpath","value":"//li[.//span[contains(text(),'502 -')]]"}
COMMAND: POST /session/a414a6ae85a434897fa1c9da3096b959/elements - {"using":"xpath","value":"//li[.//span[contains(text(),'502 -')]]"}
RESULT: {"using":"xpath","value":"//li[.//span[contains(text(),'502 -')]]"}
COMMAND: POST /session/a414a6ae85a434897fa1c9da3096b959/elements - {"using":"xpath","value":"//li[.//span[contains(text(),'502 -')]]"}
RESULT: {"using":"xpath","value":"//li[.//span[contains(text(),'502 -')]]"}
COMMAND: POST /session/a414a6ae85a434897fa1c9da3096b959/elements - {"using":"xpath","value":"//li[.//span[contains(text(),'502 -')]]"}
RESULT: {"using":"xpath","value":"//li[.//span[contains(text(),'502 -')]]"}
COMMAND: POST /session/a414a6ae85a434897fa1c9da3096b959/elements - {"using":"xpath","value":"//li[.//span[contains(text(),'502 -')]]"}
RESULT: {"using":"xpath","value":"//li[.//span[contains(text(),'502 -')]]"}
COMMAND: POST /session/a414a6ae85a434897fa1c9da3096b959/elements - {"using":"xpath","value":"//li[.//span[contains(text(),'502 -')]]"}
RESULT: {"using":"xpath","value":"//li[.//span[contains(text(),'502 -')]]"}
COMMAND: POST /session/a414a6ae85a434897fa1c9da3096b959/elements - {"using":"xpath","value":"//li[.//span[contains(text(),'502 -')]]"}
RESULT: {"using":"xpath","value":"//li[.//span[contains(text(),'502 -')]]"}
COMMAND: POST /session/a414a6ae85a434897fa1c9da3096b959/elements - {"using":"xpath","value":"//li[.//span[contains(text(),'502 -')]]"}
RESULT: {"using":"xpath","value":"//li[.//span[contains(text(),'502 -')]]"}
COMMAND: POST /session/a414a6ae85a434897fa1c9da3096b959/elements - {"using":"xpath","value":"//li[.//span[contains(text(),'502 -')]]"}
RESULT: {"using":"xpath","value":"//li[.//span[contains(text(),'502 -')]]"}
COMMAND: POST /session/a414a6ae85a434897fa1c9da3096b959/elements - {"using":"xpath","value":"//li[.//span[contains(text(),'502 -')]]"}
RESULT: {"using":"xpath","value":"//li[.//span[contains(text(),'502 -')]]"}
COMMAND: POST /session/a414a6ae85a434897fa1c9da3096b959/elements - {"using":"xpath","value":"//li[.//span[contains(text(),'502 -')]]"}
RESULT: {"using":"xpath","value":"//li[.//span[contains(text(),'502 -')]]"}
COMMAND: POST /session/a414a6ae85a434897fa1c9da3096b959/elements - {"using":"xpath","value":"//li[.//span[contains(text(),'502 -')]]"}
RESULT: {"using":"xpath","value":"//li[.//span[contains(text(),'502 -')]]"}
COMMAND: POST /session/a414a6ae85a434897fa1c9da3096b959/elements - {"using":"xpath","value":"//li[.//span[contains(text(),'502 -')]]"}
RESULT: {"using":"xpath","value":"//li[.//span[contains(text(),'502 -')]]"}
COMMAND: POST /session/a414a6ae85a434897fa1c9da3096b959/elements - {"using":"xpath","value":"//li[.//span[contains(text(),'502 -')]]"}
RESULT: {"using":"xpath","value":"//li[.//span[contains(text(),'502 -')]]"}
COMMAND: POST /session/a414a6ae85a434897fa1c9da3096b959/elements - {"using":"xpath","value":"//li[.//span[contains(text(),'502 -')]]"}
RESULT: {"using":"xpath","value":"//li[.//span[contains(text(),'502 -')]]"}
COMMAND: POST /session/a414a6ae85a434897fa1c9da3096b959/elements - {"using":"xpath","value":"//li[.//span[contains(text(),'502 -')]]"}
RESULT: {"using":"xpath","value":"//li[.//span[contains(text(),'502 -')]]"}
COMMAND: POST /session/a414a6ae85a434897fa1c9da3096b959/elements - {"using":"xpath","value":"//li[.//span[contains(text(),'502 -')]]"}
RESULT: {"using":"xpath","value":"//li[.//span[contains(text(),'502 -')]]"}
COMMAND: POST /session/a414a6ae85a434897fa1c9da3096b959/elements - {"using":"xpath","value":"//li[.//span[contains(text(),'502 -')]]"}
RESULT: {"using":"xpath","value":"//li[.//span[contains(text(),'502 -')]]"}
COMMAND: POST /session/a414a6ae85a434897fa1c9da3096b959/elements - {"using":"xpath","value":"//li[.//span[contains(text(),'502 -')]]"}
RESULT: {"using":"xpath","value":"//li[.//span[contains(text(),'502 -')]]"}
COMMAND: POST /session/a414a6ae85a434897fa1c9da3096b959/elements - {"using":"xpath","value":"//li[.//span[contains(text(),'502 -')]]"}
RESULT: {"using":"xpath","value":"//li[.//span[contains(text(),'502 -')]]"}
COMMAND: POST /session/a414a6ae85a434897fa1c9da3096b959/elements - {"using":"xpath","value":"//li[.//span[contains(text(),'502 -')]]"}
RESULT: {"using":"xpath","value":"//li[.//span[contains(text(),'502 -')]]"}
COMMAND: POST /session/a414a6ae85a434897fa1c9da3096b959/elements - {"using":"xpath","value":"//li[.//span[contains(text(),'502 -')]]"}
RESULT: {"using":"xpath","value":"//li[.//span[contains(text(),'502 -')]]"}
COMMAND: POST /session/a414a6ae85a434897fa1c9da3096b959/elements - {"using":"xpath","value":"//li[.//span[contains(text(),'502 -')]]"}
RESULT: {"using":"xpath","value":"//li[.//span[contains(text(),'502 -')]]"}
COMMAND: POST /session/a414a6ae85a434897fa1c9da3096b959/elements - {"using":"xpath","value":"//li[.//span[contains(text(),'502 -')]]"}
RESULT: {"using":"xpath","value":"//li[.//span[contains(text(),'502 -')]]"}
COMMAND: POST /session/a414a6ae85a434897fa1c9da3096b959/elements - {"using":"xpath","value":"//li[.//span[contains(text(),'502 -')]]"}
RESULT: {"using":"xpath","value":"//li[.//span[contains(text(),'502 -')]]"}
COMMAND: POST /session/a414a6ae85a434897fa1c9da3096b959/elements - {"using":"xpath","value":"//li[.//span[contains(text(),'502 -')]]"}
RESULT: {"using":"xpath","value":"//li[.//span[contains(text(),'502 -')]]"}
COMMAND: POST /session/a414a6ae85a434897fa1c9da3096b959/elements - {"using":"xpath","value":"//li[.//span[contains(text(),'502 -')]]"}
RESULT: {"using":"xpath","value":"//li[.//span[contains(text(),'502 -')]]"}
COMMAND: POST /session/a414a6ae85a434897fa1c9da3096b959/elements - {"using":"xpath","value":"//li[.//span[contains(text(),'502 -')]]"}
RESULT: {"using":"xpath","value":"//li[.//span[contains(text(),'502 -')]]"}
COMMAND: POST /session/a414a6ae85a434897fa1c9da3096b959/elements - {"using":"xpath","value":"//li[.//span[contains(text(),'502 -')]]"}
RESULT: {"using":"xpath","value":"//li[.//span[contains(text(),'502 -')]]"}
COMMAND: POST /session/a414a6ae85a434897fa1c9da3096b959/elements - {"using":"xpath","value":"//li[.//span[contains(text(),'502 -')]]"}
RESULT: {"using":"xpath","value":"//li[.//span[contains(text(),'502 -')]]"}
COMMAND: POST /session/a414a6ae85a434897fa1c9da3096b959/elements - {"using":"xpath","value":"//li[.//span[contains(text(),'502 -')]]"}
RESULT: {"using":"xpath","value":"//li[.//span[contains(text(),'502 -')]]"}
COMMAND: POST /session/a414a6ae85a434897fa1c9da3096b959/elements - {"using":"xpath","value":"//li[.//span[contains(text(),'502 -')]]"}
RESULT: {"using":"xpath","value":"//li[.//span[contains(text(),'502 -')]]"}
COMMAND: POST /session/a414a6ae85a434897fa1c9da3096b959/elements - {"using":"xpath","value":"//li[.//span[contains(text(),'502 -')]]"}
RESULT: {"using":"xpath","value":"//li[.//span[contains(text(),'502 -')]]"}
COMMAND: POST /session/a414a6ae85a434897fa1c9da3096b959/elements - {"using":"xpath","value":"//li[.//span[contains(text(),'502 -')]]"}
RESULT: {"using":"xpath","value":"//li[.//span[contains(text(),'502 -')]]"}
COMMAND: POST /session/a414a6ae85a434897fa1c9da3096b959/elements - {"using":"xpath","value":"//li[.//span[contains(text(),'502 -')]]"}
RESULT: {"using":"xpath","value":"//li[.//span[contains(text(),'502 -')]]"}
COMMAND: POST /session/a414a6ae85a434897fa1c9da3096b959/elements - {"using":"xpath","value":"//li[.//span[contains(text(),'502 -')]]"}
RESULT: {"using":"xpath","value":"//li[.//span[contains(text(),'502 -')]]"}
COMMAND: POST /session/a414a6ae85a434897fa1c9da3096b959/elements - {"using":"xpath","value":"//li[.//span[contains(text(),'502 -')]]"}
RESULT: {"using":"xpath","value":"//li[.//span[contains(text(),'502 -')]]"}
COMMAND: POST /session/a414a6ae85a434897fa1c9da3096b959/elements - {"using":"xpath","value":"//li[.//span[contains(text(),'502 -')]]"}
RESULT: {"using":"xpath","value":"//li[.//span[contains(text(),'502 -')]]"}
COMMAND: POST /session/a414a6ae85a434897fa1c9da3096b959/elements - {"using":"xpath","value":"//li[.//span[contains(text(),'502 -')]]"}
RESULT: {"using":"xpath","value":"//li[.//span[contains(text(),'502 -')]]"}
COMMAND: POST /session/a414a6ae85a434897fa1c9da3096b959/elements - {"using":"xpath","value":"//li[.//span[contains(text(),'502 -')]]"}
RESULT: {"using":"xpath","value":"//li[.//span[contains(text(),'502 -')]]"}
COMMAND: POST /session/a414a6ae85a434897fa1c9da3096b959/elements - {"using":"xpath","value":"//li[.//span[contains(text(),'502 -')]]"}
RESULT: {"using":"xpath","value":"//li[.//span[contains(text(),'502 -')]]"}
COMMAND: POST /session/a414a6ae85a434897fa1c9da3096b959/elements - {"using":"xpath","value":"//li[.//span[contains(text(),'502 -')]]"}
RESULT: {"using":"xpath","value":"//li[.//span[contains(text(),'502 -')]]"}
COMMAND: POST /session/a414a6ae85a434897fa1c9da3096b959/elements - {"using":"xpath","value":"//li[.//span[contains(text(),'502 -')]]"}
RESULT: {"using":"xpath","value":"//li[.//span[contains(text(),'502 -')]]"}
COMMAND: POST /session/a414a6ae85a434897fa1c9da3096b959/elements - {"using":"xpath","value":"//li[.//span[contains(text(),'502 -')]]"}
RESULT: {"using":"xpath","value":"//li[.//span[contains(text(),'502 -')]]"}
COMMAND: POST /session/a414a6ae85a434897fa1c9da3096b959/elements - {"using":"xpath","value":"//li[.//span[contains(text(),'502 -')]]"}
RESULT: {"using":"xpath","value":"//li[.//span[contains(text(),'502 -')]]"}
COMMAND: POST /session/a414a6ae85a434897fa1c9da3096b959/elements - {"using":"xpath","value":"//li[.//span[contains(text(),'502 -')]]"}
RESULT: {"using":"xpath","value":"//li[.//span[contains(text(),'502 -')]]"}
COMMAND: POST /session/a414a6ae85a434897fa1c9da3096b959/elements - {"using":"xpath","value":"//li[.//span[contains(text(),'502 -')]]"}
RESULT: {"using":"xpath","value":"//li[.//span[contains(text(),'502 -')]]"}
COMMAND: POST /session/a414a6ae85a434897fa1c9da3096b959/elements - {"using":"xpath","value":"//li[.//span[contains(text(),'502 -')]]"}
RESULT: {"using":"xpath","value":"//li[.//span[contains(text(),'502 -')]]"}
COMMAND: POST /session/a414a6ae85a434897fa1c9da3096b959/elements - {"using":"xpath","value":"//li[.//span[contains(text(),'502 -')]]"}
RESULT: {"using":"xpath","value":"//li[.//span[contains(text(),'502 -')]]"}
COMMAND: POST /session/a414a6ae85a434897fa1c9da3096b959/elements - {"using":"xpath","value":"//li[.//span[contains(text(),'502 -')]]"}
RESULT: {"using":"xpath","value":"//li[.//span[contains(text(),'502 -')]]"}
COMMAND: POST /session/a414a6ae85a434897fa1c9da3096b959/elements - {"using":"xpath","value":"//li[.//span[contains(text(),'502 -')]]"}
RESULT: {"using":"xpath","value":"//li[.//span[contains(text(),'502 -')]]"}
COMMAND: POST /session/a414a6ae85a434897fa1c9da3096b959/elements - {"using":"xpath","value":"//li[.//span[contains(text(),'502 -')]]"}
RESULT: {"using":"xpath","value":"//li[.//span[contains(text(),'502 -')]]"}
COMMAND: POST /session/a414a6ae85a434897fa1c9da3096b959/elements - {"using":"xpath","value":"//li[.//span[contains(text(),'502 -')]]"}
RESULT: {"using":"xpath","value":"//li[.//span[contains(text(),'502 -')]]"}
COMMAND: POST /session/a414a6ae85a434897fa1c9da3096b959/elements - {"using":"xpath","value":"//li[.//span[contains(text(),'502 -')]]"}
RESULT: {"using":"xpath","value":"//li[.//span[contains(text(),'502 -')]]"}
COMMAND: POST /session/a414a6ae85a434897fa1c9da3096b959/elements - {"using":"xpath","value":"//li[.//span[contains(text(),'502 -')]]"}
RESULT: {"using":"xpath","value":"//li[.//span[contains(text(),'502 -')]]"}
COMMAND: POST /session/a414a6ae85a434897fa1c9da3096b959/elements - {"using":"xpath","value":"//li[.//span[contains(text(),'502 -')]]"}
RESULT: {"using":"xpath","value":"//li[.//span[contains(text(),'502 -')]]"}
COMMAND: POST /session/a414a6ae85a434897fa1c9da3096b959/elements - {"using":"xpath","value":"//li[.//span[contains(text(),'502 -')]]"}
RESULT: {"using":"xpath","value":"//li[.//span[contains(text(),'502 -')]]"}
COMMAND: POST /session/a414a6ae85a434897fa1c9da3096b959/elements - {"using":"xpath","value":"//li[.//span[contains(text(),'502 -')]]"}
RESULT: {"using":"xpath","value":"//li[.//span[contains(text(),'502 -')]]"}
COMMAND: POST /session/a414a6ae85a434897fa1c9da3096b959/elements - {"using":"xpath","value":"//li[.//span[contains(text(),'502 -')]]"}
RESULT: {"using":"xpath","value":"//li[.//span[contains(text(),'502 -')]]"}
COMMAND: POST /session/a414a6ae85a434897fa1c9da3096b959/elements - {"using":"xpath","value":"//li[.//span[contains(text(),'502 -')]]"}
RESULT: {"using":"xpath","value":"//li[.//span[contains(text(),'502 -')]]"}
COMMAND: POST /session/a414a6ae85a434897fa1c9da3096b959/elements - {"using":"xpath","value":"//li[.//span[contains(text(),'502 -')]]"}
RESULT: {"using":"xpath","value":"//li[.//span[contains(text(),'502 -')]]"}
COMMAND: POST /session/a414a6ae85a434897fa1c9da3096b959/elements - {"using":"xpath","value":"//li[.//span[contains(text(),'502 -')]]"}
RESULT: {"using":"xpath","value":"//li[.//span[contains(text(),'502 -')]]"}
COMMAND: POST /session/a414a6ae85a434897fa1c9da3096b959/elements - {"using":"xpath","value":"//li[.//span[contains(text(),'502 -')]]"}
RESULT: {"using":"xpath","value":"//li[.//span[contains(text(),'502 -')]]"}
COMMAND: POST /session/a414a6ae85a434897fa1c9da3096b959/elements - {"using":"xpath","value":"//li[.//span[contains(text(),'502 -')]]"}
RESULT: {"using":"xpath","value":"//li[.//span[contains(text(),'502 -')]]"}
COMMAND: POST /session/a414a6ae85a434897fa1c9da3096b959/elements - {"using":"xpath","value":"//li[.//span[contains(text(),'502 -')]]"}
RESULT: {"using":"xpath","value":"//li[.//span[contains(text(),'502 -')]]"}
COMMAND: POST /session/a414a6ae85a434897fa1c9da3096b959/elements - {"using":"xpath","value":"//li[.//span[contains(text(),'502 -')]]"}
RESULT: {"using":"xpath","value":"//li[.//span[contains(text(),'502 -')]]"}
COMMAND: POST /session/a414a6ae85a434897fa1c9da3096b959/elements - {"using":"xpath","value":"//li[.//span[contains(text(),'502 -')]]"}
RESULT: {"using":"xpath","value":"//li[.//span[contains(text(),'502 -')]]"}
COMMAND: POST /session/a414a6ae85a434897fa1c9da3096b959/elements - {"using":"xpath","value":"//li[.//span[contains(text(),'502 -')]]"}
RESULT: {"using":"xpath","value":"//li[.//span[contains(text(),'502 -')]]"}
COMMAND: POST /session/a414a6ae85a434897fa1c9da3096b959/elements - {"using":"xpath","value":"//li[.//span[contains(text(),'502 -')]]"}
RESULT: {"using":"xpath","value":"//li[.//span[contains(text(),'502 -')]]"}
COMMAND: POST /session/a414a6ae85a434897fa1c9da3096b959/elements - {"using":"xpath","value":"//li[.//span[contains(text(),'502 -')]]"}
RESULT: {"using":"xpath","value":"//li[.//span[contains(text(),'502 -')]]"}
COMMAND: POST /session/a414a6ae85a434897fa1c9da3096b959/elements - {"using":"xpath","value":"//li[.//span[contains(text(),'502 -')]]"}
RESULT: {"using":"xpath","value":"//li[.//span[contains(text(),'502 -')]]"}
COMMAND: POST /session/a414a6ae85a434897fa1c9da3096b959/elements - {"using":"xpath","value":"//li[.//span[contains(text(),'502 -')]]"}
RESULT: {"using":"xpath","value":"//li[.//span[contains(text(),'502 -')]]"}
COMMAND: POST /session/a414a6ae85a434897fa1c9da3096b959/elements - {"using":"xpath","value":"//li[.//span[contains(text(),'502 -')]]"}
RESULT: {"using":"xpath","value":"//li[.//span[contains(text(),'502 -')]]"}
COMMAND: POST /session/a414a6ae85a434897fa1c9da3096b959/elements - {"using":"xpath","value":"//li[.//span[contains(text(),'502 -')]]"}
RESULT: {"using":"xpath","value":"//li[.//span[contains(text(),'502 -')]]"}
COMMAND: POST /session/a414a6ae85a434897fa1c9da3096b959/elements - {"using":"xpath","value":"//li[.//span[contains(text(),'502 -')]]"}
RESULT: {"using":"xpath","value":"//li[.//span[contains(text(),'502 -')]]"}
COMMAND: POST /session/a414a6ae85a434897fa1c9da3096b959/elements - {"using":"xpath","value":"//li[.//span[contains(text(),'502 -')]]"}
RESULT: {"using":"xpath","value":"//li[.//span[contains(text(),'502 -')]]"}
COMMAND: POST /session/a414a6ae85a434897fa1c9da3096b959/elements - {"using":"xpath","value":"//li[.//span[contains(text(),'502 -')]]"}
RESULT: {"using":"xpath","value":"//li[.//span[contains(text(),'502 -')]]"}
COMMAND: POST /session/a414a6ae85a434897fa1c9da3096b959/elements - {"using":"xpath","value":"//li[.//span[contains(text(),'502 -')]]"}
RESULT: {"using":"xpath","value":"//li[.//span[contains(text(),'502 -')]]"}
COMMAND: POST /session/a414a6ae85a434897fa1c9da3096b959/elements - {"using":"xpath","value":"//li[.//span[contains(text(),'502 -')]]"}
RESULT: {"using":"xpath","value":"//li[.//span[contains(text(),'502 -')]]"}
COMMAND: POST /session/a414a6ae85a434897fa1c9da3096b959/elements - {"using":"xpath","value":"//li[.//span[contains(text(),'502 -')]]"}
COMMAND: GET /session/a414a6ae85a434897fa1c9da3096b959/screenshot - {}
RESULT: {"using":"xpath","value":"//li[.//span[contains(text(),'502 -')]]"}
RESULT: {}
]]></system-out>
      <system-err><![CDATA[
Error: Can't call click on element with selector "//li[.//span[contains(text(),'502 -')]]" because element wasn't found
    at async UtilsPrerequisites.stockIncrease (D:\a\1\s\test\specs\BTS\prerequisites-and-utils-functions.js:1638:9)
    at async Context.<anonymous> (D:\a\1\s\test\specs\HTR\transfer-yard-to-yard.spec.js:52:9)
]]></system-err>
    </testcase>
    <testcase classname="chrome.136_0_7103_93.windows.Transfer_Yard_to_Yard_US131076" name="Should do a stock increase handover for equipment multipart" time="89.392">
      <failure/>
      <error message="Can't call click on element with selector &quot;//li[.//span[contains(text(),'502 -')]]&quot; because element wasn't found"/>
      <system-out><![CDATA[
RESULT: undefined
COMMAND: POST /session/a414a6ae85a434897fa1c9da3096b959/element - {"using":"xpath","value":"//*[@id=\"__tile133\"]"}
COMMAND: GET /session/a414a6ae85a434897fa1c9da3096b959/screenshot - {}
RESULT: {"using":"xpath","value":"//*[@id=\"__tile133\"]"}
COMMAND: POST /session/a414a6ae85a434897fa1c9da3096b959/element/f.63F842937ABE5650621AFC3910BCBB57.d.B32CC0B6748A8CA6B71386FDC45E6B2C.e.13376/click - {}
RESULT: {}
COMMAND: POST /session/a414a6ae85a434897fa1c9da3096b959/elements - {"using":"xpath","value":"//span[text()='Error']"}
RESULT: {"using":"xpath","value":"//span[text()='Error']"}
COMMAND: POST /session/a414a6ae85a434897fa1c9da3096b959/element - {"using":"xpath","value":"//button[@data-kt=\"masterHOAddButton\"]"}
RESULT: {"using":"xpath","value":"//button[@data-kt=\"masterHOAddButton\"]"}
COMMAND: POST /session/a414a6ae85a434897fa1c9da3096b959/elements - {"using":"xpath","value":"//button[@data-kt=\"masterHOAddButton\"]"}
RESULT: {"using":"xpath","value":"//button[@data-kt=\"masterHOAddButton\"]"}
COMMAND: POST /session/a414a6ae85a434897fa1c9da3096b959/execute/sync - {"script":"<script> [8489 bytes]","args":[{"element-6066-11e4-a52e-4f735466cecf":"f.63F842937ABE5650621AFC3910BCBB57.d.B32CC0B6748A8CA6B71386FDC45E6B2C.e.15607","ELEMENT":"f.63F842937ABE5650621AFC3910BCBB57.d.B32CC0B6748A8CA6B71386FDC45E6B2C.e.15607"}]}
RESULT: {"script":"<script> [8489 bytes]","args":[{"element-6066-11e4-a52e-4f735466cecf":"f.63F842937ABE5650621AFC3910BCBB57.d.B32CC0B6748A8CA6B71386FDC45E6B2C.e.15607","ELEMENT":"f.63F842937ABE5650621AFC3910BCBB57.d.B32CC0B6748A8CA6B71386FDC45E6B2C.e.15607"}]}
COMMAND: GET /session/a414a6ae85a434897fa1c9da3096b959/element/f.63F842937ABE5650621AFC3910BCBB57.d.B32CC0B6748A8CA6B71386FDC45E6B2C.e.15607/enabled - {}
COMMAND: GET /session/a414a6ae85a434897fa1c9da3096b959/screenshot - {}
RESULT: {}
COMMAND: POST /session/a414a6ae85a434897fa1c9da3096b959/execute/sync - {"script":"<script> [8489 bytes]","args":[{"element-6066-11e4-a52e-4f735466cecf":"f.63F842937ABE5650621AFC3910BCBB57.d.B32CC0B6748A8CA6B71386FDC45E6B2C.e.15607","ELEMENT":"f.63F842937ABE5650621AFC3910BCBB57.d.B32CC0B6748A8CA6B71386FDC45E6B2C.e.15607"}]}
COMMAND: GET /session/a414a6ae85a434897fa1c9da3096b959/screenshot - {}
RESULT: {}
RESULT: {"script":"<script> [8489 bytes]","args":[{"element-6066-11e4-a52e-4f735466cecf":"f.63F842937ABE5650621AFC3910BCBB57.d.B32CC0B6748A8CA6B71386FDC45E6B2C.e.15607","ELEMENT":"f.63F842937ABE5650621AFC3910BCBB57.d.B32CC0B6748A8CA6B71386FDC45E6B2C.e.15607"}]}
COMMAND: POST /session/a414a6ae85a434897fa1c9da3096b959/execute/sync - {"script":"<script> [5351 bytes]","args":[{"element-6066-11e4-a52e-4f735466cecf":"f.63F842937ABE5650621AFC3910BCBB57.d.B32CC0B6748A8CA6B71386FDC45E6B2C.e.15607","ELEMENT":"f.63F842937ABE5650621AFC3910BCBB57.d.B32CC0B6748A8CA6B71386FDC45E6B2C.e.15607"}]}
COMMAND: GET /session/a414a6ae85a434897fa1c9da3096b959/screenshot - {}
RESULT: {}
RESULT: {"script":"<script> [5351 bytes]","args":[{"element-6066-11e4-a52e-4f735466cecf":"f.63F842937ABE5650621AFC3910BCBB57.d.B32CC0B6748A8CA6B71386FDC45E6B2C.e.15607","ELEMENT":"f.63F842937ABE5650621AFC3910BCBB57.d.B32CC0B6748A8CA6B71386FDC45E6B2C.e.15607"}]}
COMMAND: POST /session/a414a6ae85a434897fa1c9da3096b959/element/f.63F842937ABE5650621AFC3910BCBB57.d.B32CC0B6748A8CA6B71386FDC45E6B2C.e.15607/click - {}
COMMAND: GET /session/a414a6ae85a434897fa1c9da3096b959/screenshot - {}
RESULT: {}
RESULT: {}
COMMAND: GET /session/a414a6ae85a434897fa1c9da3096b959/screenshot - {}
RESULT: {}
RESULT: {}
COMMAND: POST /session/a414a6ae85a434897fa1c9da3096b959/element - {"using":"xpath","value":"//span[contains(@id ,\"AddNewHO--typeSelect-arrow\")]"}
RESULT: {"using":"xpath","value":"//span[contains(@id ,\"AddNewHO--typeSelect-arrow\")]"}
COMMAND: POST /session/a414a6ae85a434897fa1c9da3096b959/element/f.63F842937ABE5650621AFC3910BCBB57.d.B32CC0B6748A8CA6B71386FDC45E6B2C.e.15972/click - {}
RESULT: {}
COMMAND: GET /session/a414a6ae85a434897fa1c9da3096b959/screenshot - {}
RESULT: {}
COMMAND: POST /session/a414a6ae85a434897fa1c9da3096b959/element - {"using":"xpath","value":"(//li[contains(text(), \"stock increase yard\")])[1]"}
RESULT: {"using":"xpath","value":"(//li[contains(text(), \"stock increase yard\")])[1]"}
COMMAND: POST /session/a414a6ae85a434897fa1c9da3096b959/element/f.63F842937ABE5650621AFC3910BCBB57.d.B32CC0B6748A8CA6B71386FDC45E6B2C.e.15946/click - {}
RESULT: {}
COMMAND: GET /session/a414a6ae85a434897fa1c9da3096b959/screenshot - {}
RESULT: {}
RESULT: undefined
COMMAND: POST /session/a414a6ae85a434897fa1c9da3096b959/execute/async - {"script":"<script> [6424 bytes]","args":[{"element-6066-11e4-a52e-4f735466cecf":"f.63F842937ABE5650621AFC3910BCBB57.d.B32CC0B6748A8CA6B71386FDC45E6B2C.e.15948"},"setValue",["5/30/25"]]}
RESULT: {"script":"<script> [6424 bytes]","args":[{"element-6066-11e4-a52e-4f735466cecf":"f.63F842937ABE5650621AFC3910BCBB57.d.B32CC0B6748A8CA6B71386FDC45E6B2C.e.15948"},"setValue",["5/30/25"]]}
COMMAND: POST /session/a414a6ae85a434897fa1c9da3096b959/element - {"using":"xpath","value":"//input[@id=\"generalSectionFrg--receiveYard-inner\"]"}
RESULT: {"using":"xpath","value":"//input[@id=\"generalSectionFrg--receiveYard-inner\"]"}
COMMAND: POST /session/a414a6ae85a434897fa1c9da3096b959/element/f.63F842937ABE5650621AFC3910BCBB57.d.B32CC0B6748A8CA6B71386FDC45E6B2C.e.15954/clear - {}
RESULT: {}
COMMAND: POST /session/a414a6ae85a434897fa1c9da3096b959/element/f.63F842937ABE5650621AFC3910BCBB57.d.B32CC0B6748A8CA6B71386FDC45E6B2C.e.15954/value - {"text":"502"}
COMMAND: GET /session/a414a6ae85a434897fa1c9da3096b959/screenshot - {}
RESULT: {"text":"502"}
COMMAND: GET /session/a414a6ae85a434897fa1c9da3096b959/screenshot - {}
RESULT: {}
RESULT: {}
COMMAND: POST /session/a414a6ae85a434897fa1c9da3096b959/element - {"using":"xpath","value":"//li[.//span[contains(text(),'502 -')]]"}
RESULT: {"using":"xpath","value":"//li[.//span[contains(text(),'502 -')]]"}
COMMAND: POST /session/a414a6ae85a434897fa1c9da3096b959/elements - {"using":"xpath","value":"//li[.//span[contains(text(),'502 -')]]"}
RESULT: {"using":"xpath","value":"//li[.//span[contains(text(),'502 -')]]"}
COMMAND: POST /session/a414a6ae85a434897fa1c9da3096b959/elements - {"using":"xpath","value":"//li[.//span[contains(text(),'502 -')]]"}
RESULT: {"using":"xpath","value":"//li[.//span[contains(text(),'502 -')]]"}
COMMAND: POST /session/a414a6ae85a434897fa1c9da3096b959/elements - {"using":"xpath","value":"//li[.//span[contains(text(),'502 -')]]"}
RESULT: {"using":"xpath","value":"//li[.//span[contains(text(),'502 -')]]"}
COMMAND: POST /session/a414a6ae85a434897fa1c9da3096b959/elements - {"using":"xpath","value":"//li[.//span[contains(text(),'502 -')]]"}
RESULT: {"using":"xpath","value":"//li[.//span[contains(text(),'502 -')]]"}
COMMAND: POST /session/a414a6ae85a434897fa1c9da3096b959/elements - {"using":"xpath","value":"//li[.//span[contains(text(),'502 -')]]"}
RESULT: {"using":"xpath","value":"//li[.//span[contains(text(),'502 -')]]"}
COMMAND: POST /session/a414a6ae85a434897fa1c9da3096b959/elements - {"using":"xpath","value":"//li[.//span[contains(text(),'502 -')]]"}
RESULT: {"using":"xpath","value":"//li[.//span[contains(text(),'502 -')]]"}
COMMAND: POST /session/a414a6ae85a434897fa1c9da3096b959/elements - {"using":"xpath","value":"//li[.//span[contains(text(),'502 -')]]"}
RESULT: {"using":"xpath","value":"//li[.//span[contains(text(),'502 -')]]"}
COMMAND: POST /session/a414a6ae85a434897fa1c9da3096b959/elements - {"using":"xpath","value":"//li[.//span[contains(text(),'502 -')]]"}
RESULT: {"using":"xpath","value":"//li[.//span[contains(text(),'502 -')]]"}
COMMAND: POST /session/a414a6ae85a434897fa1c9da3096b959/elements - {"using":"xpath","value":"//li[.//span[contains(text(),'502 -')]]"}
RESULT: {"using":"xpath","value":"//li[.//span[contains(text(),'502 -')]]"}
COMMAND: POST /session/a414a6ae85a434897fa1c9da3096b959/elements - {"using":"xpath","value":"//li[.//span[contains(text(),'502 -')]]"}
RESULT: {"using":"xpath","value":"//li[.//span[contains(text(),'502 -')]]"}
COMMAND: POST /session/a414a6ae85a434897fa1c9da3096b959/elements - {"using":"xpath","value":"//li[.//span[contains(text(),'502 -')]]"}
RESULT: {"using":"xpath","value":"//li[.//span[contains(text(),'502 -')]]"}
COMMAND: POST /session/a414a6ae85a434897fa1c9da3096b959/elements - {"using":"xpath","value":"//li[.//span[contains(text(),'502 -')]]"}
RESULT: {"using":"xpath","value":"//li[.//span[contains(text(),'502 -')]]"}
COMMAND: POST /session/a414a6ae85a434897fa1c9da3096b959/elements - {"using":"xpath","value":"//li[.//span[contains(text(),'502 -')]]"}
RESULT: {"using":"xpath","value":"//li[.//span[contains(text(),'502 -')]]"}
COMMAND: POST /session/a414a6ae85a434897fa1c9da3096b959/elements - {"using":"xpath","value":"//li[.//span[contains(text(),'502 -')]]"}
RESULT: {"using":"xpath","value":"//li[.//span[contains(text(),'502 -')]]"}
COMMAND: POST /session/a414a6ae85a434897fa1c9da3096b959/elements - {"using":"xpath","value":"//li[.//span[contains(text(),'502 -')]]"}
RESULT: {"using":"xpath","value":"//li[.//span[contains(text(),'502 -')]]"}
COMMAND: POST /session/a414a6ae85a434897fa1c9da3096b959/elements - {"using":"xpath","value":"//li[.//span[contains(text(),'502 -')]]"}
RESULT: {"using":"xpath","value":"//li[.//span[contains(text(),'502 -')]]"}
COMMAND: POST /session/a414a6ae85a434897fa1c9da3096b959/elements - {"using":"xpath","value":"//li[.//span[contains(text(),'502 -')]]"}
RESULT: {"using":"xpath","value":"//li[.//span[contains(text(),'502 -')]]"}
COMMAND: POST /session/a414a6ae85a434897fa1c9da3096b959/elements - {"using":"xpath","value":"//li[.//span[contains(text(),'502 -')]]"}
RESULT: {"using":"xpath","value":"//li[.//span[contains(text(),'502 -')]]"}
COMMAND: POST /session/a414a6ae85a434897fa1c9da3096b959/elements - {"using":"xpath","value":"//li[.//span[contains(text(),'502 -')]]"}
RESULT: {"using":"xpath","value":"//li[.//span[contains(text(),'502 -')]]"}
COMMAND: POST /session/a414a6ae85a434897fa1c9da3096b959/elements - {"using":"xpath","value":"//li[.//span[contains(text(),'502 -')]]"}
RESULT: {"using":"xpath","value":"//li[.//span[contains(text(),'502 -')]]"}
COMMAND: POST /session/a414a6ae85a434897fa1c9da3096b959/elements - {"using":"xpath","value":"//li[.//span[contains(text(),'502 -')]]"}
RESULT: {"using":"xpath","value":"//li[.//span[contains(text(),'502 -')]]"}
COMMAND: POST /session/a414a6ae85a434897fa1c9da3096b959/elements - {"using":"xpath","value":"//li[.//span[contains(text(),'502 -')]]"}
RESULT: {"using":"xpath","value":"//li[.//span[contains(text(),'502 -')]]"}
COMMAND: POST /session/a414a6ae85a434897fa1c9da3096b959/elements - {"using":"xpath","value":"//li[.//span[contains(text(),'502 -')]]"}
RESULT: {"using":"xpath","value":"//li[.//span[contains(text(),'502 -')]]"}
COMMAND: POST /session/a414a6ae85a434897fa1c9da3096b959/elements - {"using":"xpath","value":"//li[.//span[contains(text(),'502 -')]]"}
RESULT: {"using":"xpath","value":"//li[.//span[contains(text(),'502 -')]]"}
COMMAND: POST /session/a414a6ae85a434897fa1c9da3096b959/elements - {"using":"xpath","value":"//li[.//span[contains(text(),'502 -')]]"}
RESULT: {"using":"xpath","value":"//li[.//span[contains(text(),'502 -')]]"}
COMMAND: POST /session/a414a6ae85a434897fa1c9da3096b959/elements - {"using":"xpath","value":"//li[.//span[contains(text(),'502 -')]]"}
RESULT: {"using":"xpath","value":"//li[.//span[contains(text(),'502 -')]]"}
COMMAND: POST /session/a414a6ae85a434897fa1c9da3096b959/elements - {"using":"xpath","value":"//li[.//span[contains(text(),'502 -')]]"}
RESULT: {"using":"xpath","value":"//li[.//span[contains(text(),'502 -')]]"}
COMMAND: POST /session/a414a6ae85a434897fa1c9da3096b959/elements - {"using":"xpath","value":"//li[.//span[contains(text(),'502 -')]]"}
RESULT: {"using":"xpath","value":"//li[.//span[contains(text(),'502 -')]]"}
COMMAND: POST /session/a414a6ae85a434897fa1c9da3096b959/elements - {"using":"xpath","value":"//li[.//span[contains(text(),'502 -')]]"}
RESULT: {"using":"xpath","value":"//li[.//span[contains(text(),'502 -')]]"}
COMMAND: POST /session/a414a6ae85a434897fa1c9da3096b959/elements - {"using":"xpath","value":"//li[.//span[contains(text(),'502 -')]]"}
RESULT: {"using":"xpath","value":"//li[.//span[contains(text(),'502 -')]]"}
COMMAND: POST /session/a414a6ae85a434897fa1c9da3096b959/elements - {"using":"xpath","value":"//li[.//span[contains(text(),'502 -')]]"}
RESULT: {"using":"xpath","value":"//li[.//span[contains(text(),'502 -')]]"}
COMMAND: POST /session/a414a6ae85a434897fa1c9da3096b959/elements - {"using":"xpath","value":"//li[.//span[contains(text(),'502 -')]]"}
RESULT: {"using":"xpath","value":"//li[.//span[contains(text(),'502 -')]]"}
COMMAND: POST /session/a414a6ae85a434897fa1c9da3096b959/elements - {"using":"xpath","value":"//li[.//span[contains(text(),'502 -')]]"}
RESULT: {"using":"xpath","value":"//li[.//span[contains(text(),'502 -')]]"}
COMMAND: POST /session/a414a6ae85a434897fa1c9da3096b959/elements - {"using":"xpath","value":"//li[.//span[contains(text(),'502 -')]]"}
RESULT: {"using":"xpath","value":"//li[.//span[contains(text(),'502 -')]]"}
COMMAND: POST /session/a414a6ae85a434897fa1c9da3096b959/elements - {"using":"xpath","value":"//li[.//span[contains(text(),'502 -')]]"}
RESULT: {"using":"xpath","value":"//li[.//span[contains(text(),'502 -')]]"}
COMMAND: POST /session/a414a6ae85a434897fa1c9da3096b959/elements - {"using":"xpath","value":"//li[.//span[contains(text(),'502 -')]]"}
RESULT: {"using":"xpath","value":"//li[.//span[contains(text(),'502 -')]]"}
COMMAND: POST /session/a414a6ae85a434897fa1c9da3096b959/elements - {"using":"xpath","value":"//li[.//span[contains(text(),'502 -')]]"}
RESULT: {"using":"xpath","value":"//li[.//span[contains(text(),'502 -')]]"}
COMMAND: POST /session/a414a6ae85a434897fa1c9da3096b959/elements - {"using":"xpath","value":"//li[.//span[contains(text(),'502 -')]]"}
RESULT: {"using":"xpath","value":"//li[.//span[contains(text(),'502 -')]]"}
COMMAND: POST /session/a414a6ae85a434897fa1c9da3096b959/elements - {"using":"xpath","value":"//li[.//span[contains(text(),'502 -')]]"}
RESULT: {"using":"xpath","value":"//li[.//span[contains(text(),'502 -')]]"}
COMMAND: POST /session/a414a6ae85a434897fa1c9da3096b959/elements - {"using":"xpath","value":"//li[.//span[contains(text(),'502 -')]]"}
RESULT: {"using":"xpath","value":"//li[.//span[contains(text(),'502 -')]]"}
COMMAND: POST /session/a414a6ae85a434897fa1c9da3096b959/elements - {"using":"xpath","value":"//li[.//span[contains(text(),'502 -')]]"}
RESULT: {"using":"xpath","value":"//li[.//span[contains(text(),'502 -')]]"}
COMMAND: POST /session/a414a6ae85a434897fa1c9da3096b959/elements - {"using":"xpath","value":"//li[.//span[contains(text(),'502 -')]]"}
RESULT: {"using":"xpath","value":"//li[.//span[contains(text(),'502 -')]]"}
COMMAND: POST /session/a414a6ae85a434897fa1c9da3096b959/elements - {"using":"xpath","value":"//li[.//span[contains(text(),'502 -')]]"}
RESULT: {"using":"xpath","value":"//li[.//span[contains(text(),'502 -')]]"}
COMMAND: POST /session/a414a6ae85a434897fa1c9da3096b959/elements - {"using":"xpath","value":"//li[.//span[contains(text(),'502 -')]]"}
RESULT: {"using":"xpath","value":"//li[.//span[contains(text(),'502 -')]]"}
COMMAND: POST /session/a414a6ae85a434897fa1c9da3096b959/elements - {"using":"xpath","value":"//li[.//span[contains(text(),'502 -')]]"}
RESULT: {"using":"xpath","value":"//li[.//span[contains(text(),'502 -')]]"}
COMMAND: POST /session/a414a6ae85a434897fa1c9da3096b959/elements - {"using":"xpath","value":"//li[.//span[contains(text(),'502 -')]]"}
RESULT: {"using":"xpath","value":"//li[.//span[contains(text(),'502 -')]]"}
COMMAND: POST /session/a414a6ae85a434897fa1c9da3096b959/elements - {"using":"xpath","value":"//li[.//span[contains(text(),'502 -')]]"}
RESULT: {"using":"xpath","value":"//li[.//span[contains(text(),'502 -')]]"}
COMMAND: POST /session/a414a6ae85a434897fa1c9da3096b959/elements - {"using":"xpath","value":"//li[.//span[contains(text(),'502 -')]]"}
RESULT: {"using":"xpath","value":"//li[.//span[contains(text(),'502 -')]]"}
COMMAND: POST /session/a414a6ae85a434897fa1c9da3096b959/elements - {"using":"xpath","value":"//li[.//span[contains(text(),'502 -')]]"}
RESULT: {"using":"xpath","value":"//li[.//span[contains(text(),'502 -')]]"}
COMMAND: POST /session/a414a6ae85a434897fa1c9da3096b959/elements - {"using":"xpath","value":"//li[.//span[contains(text(),'502 -')]]"}
RESULT: {"using":"xpath","value":"//li[.//span[contains(text(),'502 -')]]"}
COMMAND: POST /session/a414a6ae85a434897fa1c9da3096b959/elements - {"using":"xpath","value":"//li[.//span[contains(text(),'502 -')]]"}
RESULT: {"using":"xpath","value":"//li[.//span[contains(text(),'502 -')]]"}
COMMAND: POST /session/a414a6ae85a434897fa1c9da3096b959/elements - {"using":"xpath","value":"//li[.//span[contains(text(),'502 -')]]"}
RESULT: {"using":"xpath","value":"//li[.//span[contains(text(),'502 -')]]"}
COMMAND: POST /session/a414a6ae85a434897fa1c9da3096b959/elements - {"using":"xpath","value":"//li[.//span[contains(text(),'502 -')]]"}
RESULT: {"using":"xpath","value":"//li[.//span[contains(text(),'502 -')]]"}
COMMAND: POST /session/a414a6ae85a434897fa1c9da3096b959/elements - {"using":"xpath","value":"//li[.//span[contains(text(),'502 -')]]"}
RESULT: {"using":"xpath","value":"//li[.//span[contains(text(),'502 -')]]"}
COMMAND: POST /session/a414a6ae85a434897fa1c9da3096b959/elements - {"using":"xpath","value":"//li[.//span[contains(text(),'502 -')]]"}
RESULT: {"using":"xpath","value":"//li[.//span[contains(text(),'502 -')]]"}
COMMAND: POST /session/a414a6ae85a434897fa1c9da3096b959/elements - {"using":"xpath","value":"//li[.//span[contains(text(),'502 -')]]"}
RESULT: {"using":"xpath","value":"//li[.//span[contains(text(),'502 -')]]"}
COMMAND: POST /session/a414a6ae85a434897fa1c9da3096b959/elements - {"using":"xpath","value":"//li[.//span[contains(text(),'502 -')]]"}
RESULT: {"using":"xpath","value":"//li[.//span[contains(text(),'502 -')]]"}
COMMAND: POST /session/a414a6ae85a434897fa1c9da3096b959/elements - {"using":"xpath","value":"//li[.//span[contains(text(),'502 -')]]"}
RESULT: {"using":"xpath","value":"//li[.//span[contains(text(),'502 -')]]"}
COMMAND: POST /session/a414a6ae85a434897fa1c9da3096b959/elements - {"using":"xpath","value":"//li[.//span[contains(text(),'502 -')]]"}
RESULT: {"using":"xpath","value":"//li[.//span[contains(text(),'502 -')]]"}
COMMAND: POST /session/a414a6ae85a434897fa1c9da3096b959/elements - {"using":"xpath","value":"//li[.//span[contains(text(),'502 -')]]"}
RESULT: {"using":"xpath","value":"//li[.//span[contains(text(),'502 -')]]"}
COMMAND: POST /session/a414a6ae85a434897fa1c9da3096b959/elements - {"using":"xpath","value":"//li[.//span[contains(text(),'502 -')]]"}
RESULT: {"using":"xpath","value":"//li[.//span[contains(text(),'502 -')]]"}
COMMAND: POST /session/a414a6ae85a434897fa1c9da3096b959/elements - {"using":"xpath","value":"//li[.//span[contains(text(),'502 -')]]"}
RESULT: {"using":"xpath","value":"//li[.//span[contains(text(),'502 -')]]"}
COMMAND: POST /session/a414a6ae85a434897fa1c9da3096b959/elements - {"using":"xpath","value":"//li[.//span[contains(text(),'502 -')]]"}
RESULT: {"using":"xpath","value":"//li[.//span[contains(text(),'502 -')]]"}
COMMAND: POST /session/a414a6ae85a434897fa1c9da3096b959/elements - {"using":"xpath","value":"//li[.//span[contains(text(),'502 -')]]"}
RESULT: {"using":"xpath","value":"//li[.//span[contains(text(),'502 -')]]"}
COMMAND: POST /session/a414a6ae85a434897fa1c9da3096b959/elements - {"using":"xpath","value":"//li[.//span[contains(text(),'502 -')]]"}
RESULT: {"using":"xpath","value":"//li[.//span[contains(text(),'502 -')]]"}
COMMAND: POST /session/a414a6ae85a434897fa1c9da3096b959/elements - {"using":"xpath","value":"//li[.//span[contains(text(),'502 -')]]"}
RESULT: {"using":"xpath","value":"//li[.//span[contains(text(),'502 -')]]"}
COMMAND: POST /session/a414a6ae85a434897fa1c9da3096b959/elements - {"using":"xpath","value":"//li[.//span[contains(text(),'502 -')]]"}
RESULT: {"using":"xpath","value":"//li[.//span[contains(text(),'502 -')]]"}
COMMAND: POST /session/a414a6ae85a434897fa1c9da3096b959/elements - {"using":"xpath","value":"//li[.//span[contains(text(),'502 -')]]"}
RESULT: {"using":"xpath","value":"//li[.//span[contains(text(),'502 -')]]"}
COMMAND: POST /session/a414a6ae85a434897fa1c9da3096b959/elements - {"using":"xpath","value":"//li[.//span[contains(text(),'502 -')]]"}
RESULT: {"using":"xpath","value":"//li[.//span[contains(text(),'502 -')]]"}
COMMAND: POST /session/a414a6ae85a434897fa1c9da3096b959/elements - {"using":"xpath","value":"//li[.//span[contains(text(),'502 -')]]"}
RESULT: {"using":"xpath","value":"//li[.//span[contains(text(),'502 -')]]"}
COMMAND: POST /session/a414a6ae85a434897fa1c9da3096b959/elements - {"using":"xpath","value":"//li[.//span[contains(text(),'502 -')]]"}
RESULT: {"using":"xpath","value":"//li[.//span[contains(text(),'502 -')]]"}
COMMAND: POST /session/a414a6ae85a434897fa1c9da3096b959/elements - {"using":"xpath","value":"//li[.//span[contains(text(),'502 -')]]"}
RESULT: {"using":"xpath","value":"//li[.//span[contains(text(),'502 -')]]"}
COMMAND: POST /session/a414a6ae85a434897fa1c9da3096b959/elements - {"using":"xpath","value":"//li[.//span[contains(text(),'502 -')]]"}
RESULT: {"using":"xpath","value":"//li[.//span[contains(text(),'502 -')]]"}
COMMAND: POST /session/a414a6ae85a434897fa1c9da3096b959/elements - {"using":"xpath","value":"//li[.//span[contains(text(),'502 -')]]"}
RESULT: {"using":"xpath","value":"//li[.//span[contains(text(),'502 -')]]"}
COMMAND: POST /session/a414a6ae85a434897fa1c9da3096b959/elements - {"using":"xpath","value":"//li[.//span[contains(text(),'502 -')]]"}
RESULT: {"using":"xpath","value":"//li[.//span[contains(text(),'502 -')]]"}
COMMAND: POST /session/a414a6ae85a434897fa1c9da3096b959/elements - {"using":"xpath","value":"//li[.//span[contains(text(),'502 -')]]"}
RESULT: {"using":"xpath","value":"//li[.//span[contains(text(),'502 -')]]"}
COMMAND: POST /session/a414a6ae85a434897fa1c9da3096b959/elements - {"using":"xpath","value":"//li[.//span[contains(text(),'502 -')]]"}
RESULT: {"using":"xpath","value":"//li[.//span[contains(text(),'502 -')]]"}
COMMAND: POST /session/a414a6ae85a434897fa1c9da3096b959/elements - {"using":"xpath","value":"//li[.//span[contains(text(),'502 -')]]"}
RESULT: {"using":"xpath","value":"//li[.//span[contains(text(),'502 -')]]"}
COMMAND: POST /session/a414a6ae85a434897fa1c9da3096b959/elements - {"using":"xpath","value":"//li[.//span[contains(text(),'502 -')]]"}
RESULT: {"using":"xpath","value":"//li[.//span[contains(text(),'502 -')]]"}
COMMAND: POST /session/a414a6ae85a434897fa1c9da3096b959/elements - {"using":"xpath","value":"//li[.//span[contains(text(),'502 -')]]"}
RESULT: {"using":"xpath","value":"//li[.//span[contains(text(),'502 -')]]"}
COMMAND: POST /session/a414a6ae85a434897fa1c9da3096b959/elements - {"using":"xpath","value":"//li[.//span[contains(text(),'502 -')]]"}
RESULT: {"using":"xpath","value":"//li[.//span[contains(text(),'502 -')]]"}
COMMAND: POST /session/a414a6ae85a434897fa1c9da3096b959/elements - {"using":"xpath","value":"//li[.//span[contains(text(),'502 -')]]"}
RESULT: {"using":"xpath","value":"//li[.//span[contains(text(),'502 -')]]"}
COMMAND: POST /session/a414a6ae85a434897fa1c9da3096b959/elements - {"using":"xpath","value":"//li[.//span[contains(text(),'502 -')]]"}
RESULT: {"using":"xpath","value":"//li[.//span[contains(text(),'502 -')]]"}
COMMAND: POST /session/a414a6ae85a434897fa1c9da3096b959/elements - {"using":"xpath","value":"//li[.//span[contains(text(),'502 -')]]"}
RESULT: {"using":"xpath","value":"//li[.//span[contains(text(),'502 -')]]"}
COMMAND: POST /session/a414a6ae85a434897fa1c9da3096b959/elements - {"using":"xpath","value":"//li[.//span[contains(text(),'502 -')]]"}
RESULT: {"using":"xpath","value":"//li[.//span[contains(text(),'502 -')]]"}
COMMAND: POST /session/a414a6ae85a434897fa1c9da3096b959/elements - {"using":"xpath","value":"//li[.//span[contains(text(),'502 -')]]"}
RESULT: {"using":"xpath","value":"//li[.//span[contains(text(),'502 -')]]"}
COMMAND: POST /session/a414a6ae85a434897fa1c9da3096b959/elements - {"using":"xpath","value":"//li[.//span[contains(text(),'502 -')]]"}
RESULT: {"using":"xpath","value":"//li[.//span[contains(text(),'502 -')]]"}
COMMAND: POST /session/a414a6ae85a434897fa1c9da3096b959/elements - {"using":"xpath","value":"//li[.//span[contains(text(),'502 -')]]"}
RESULT: {"using":"xpath","value":"//li[.//span[contains(text(),'502 -')]]"}
COMMAND: POST /session/a414a6ae85a434897fa1c9da3096b959/elements - {"using":"xpath","value":"//li[.//span[contains(text(),'502 -')]]"}
RESULT: {"using":"xpath","value":"//li[.//span[contains(text(),'502 -')]]"}
COMMAND: POST /session/a414a6ae85a434897fa1c9da3096b959/elements - {"using":"xpath","value":"//li[.//span[contains(text(),'502 -')]]"}
RESULT: {"using":"xpath","value":"//li[.//span[contains(text(),'502 -')]]"}
COMMAND: POST /session/a414a6ae85a434897fa1c9da3096b959/elements - {"using":"xpath","value":"//li[.//span[contains(text(),'502 -')]]"}
RESULT: {"using":"xpath","value":"//li[.//span[contains(text(),'502 -')]]"}
COMMAND: POST /session/a414a6ae85a434897fa1c9da3096b959/elements - {"using":"xpath","value":"//li[.//span[contains(text(),'502 -')]]"}
RESULT: {"using":"xpath","value":"//li[.//span[contains(text(),'502 -')]]"}
COMMAND: POST /session/a414a6ae85a434897fa1c9da3096b959/elements - {"using":"xpath","value":"//li[.//span[contains(text(),'502 -')]]"}
RESULT: {"using":"xpath","value":"//li[.//span[contains(text(),'502 -')]]"}
COMMAND: POST /session/a414a6ae85a434897fa1c9da3096b959/elements - {"using":"xpath","value":"//li[.//span[contains(text(),'502 -')]]"}
RESULT: {"using":"xpath","value":"//li[.//span[contains(text(),'502 -')]]"}
COMMAND: POST /session/a414a6ae85a434897fa1c9da3096b959/elements - {"using":"xpath","value":"//li[.//span[contains(text(),'502 -')]]"}
RESULT: {"using":"xpath","value":"//li[.//span[contains(text(),'502 -')]]"}
COMMAND: POST /session/a414a6ae85a434897fa1c9da3096b959/elements - {"using":"xpath","value":"//li[.//span[contains(text(),'502 -')]]"}
RESULT: {"using":"xpath","value":"//li[.//span[contains(text(),'502 -')]]"}
COMMAND: POST /session/a414a6ae85a434897fa1c9da3096b959/elements - {"using":"xpath","value":"//li[.//span[contains(text(),'502 -')]]"}
RESULT: {"using":"xpath","value":"//li[.//span[contains(text(),'502 -')]]"}
COMMAND: POST /session/a414a6ae85a434897fa1c9da3096b959/elements - {"using":"xpath","value":"//li[.//span[contains(text(),'502 -')]]"}
RESULT: {"using":"xpath","value":"//li[.//span[contains(text(),'502 -')]]"}
COMMAND: POST /session/a414a6ae85a434897fa1c9da3096b959/elements - {"using":"xpath","value":"//li[.//span[contains(text(),'502 -')]]"}
RESULT: {"using":"xpath","value":"//li[.//span[contains(text(),'502 -')]]"}
COMMAND: POST /session/a414a6ae85a434897fa1c9da3096b959/elements - {"using":"xpath","value":"//li[.//span[contains(text(),'502 -')]]"}
RESULT: {"using":"xpath","value":"//li[.//span[contains(text(),'502 -')]]"}
COMMAND: POST /session/a414a6ae85a434897fa1c9da3096b959/elements - {"using":"xpath","value":"//li[.//span[contains(text(),'502 -')]]"}
RESULT: {"using":"xpath","value":"//li[.//span[contains(text(),'502 -')]]"}
COMMAND: POST /session/a414a6ae85a434897fa1c9da3096b959/elements - {"using":"xpath","value":"//li[.//span[contains(text(),'502 -')]]"}
RESULT: {"using":"xpath","value":"//li[.//span[contains(text(),'502 -')]]"}
COMMAND: POST /session/a414a6ae85a434897fa1c9da3096b959/elements - {"using":"xpath","value":"//li[.//span[contains(text(),'502 -')]]"}
RESULT: {"using":"xpath","value":"//li[.//span[contains(text(),'502 -')]]"}
COMMAND: POST /session/a414a6ae85a434897fa1c9da3096b959/elements - {"using":"xpath","value":"//li[.//span[contains(text(),'502 -')]]"}
RESULT: {"using":"xpath","value":"//li[.//span[contains(text(),'502 -')]]"}
COMMAND: POST /session/a414a6ae85a434897fa1c9da3096b959/elements - {"using":"xpath","value":"//li[.//span[contains(text(),'502 -')]]"}
RESULT: {"using":"xpath","value":"//li[.//span[contains(text(),'502 -')]]"}
COMMAND: POST /session/a414a6ae85a434897fa1c9da3096b959/elements - {"using":"xpath","value":"//li[.//span[contains(text(),'502 -')]]"}
RESULT: {"using":"xpath","value":"//li[.//span[contains(text(),'502 -')]]"}
COMMAND: POST /session/a414a6ae85a434897fa1c9da3096b959/elements - {"using":"xpath","value":"//li[.//span[contains(text(),'502 -')]]"}
RESULT: {"using":"xpath","value":"//li[.//span[contains(text(),'502 -')]]"}
COMMAND: POST /session/a414a6ae85a434897fa1c9da3096b959/elements - {"using":"xpath","value":"//li[.//span[contains(text(),'502 -')]]"}
RESULT: {"using":"xpath","value":"//li[.//span[contains(text(),'502 -')]]"}
COMMAND: POST /session/a414a6ae85a434897fa1c9da3096b959/elements - {"using":"xpath","value":"//li[.//span[contains(text(),'502 -')]]"}
RESULT: {"using":"xpath","value":"//li[.//span[contains(text(),'502 -')]]"}
COMMAND: POST /session/a414a6ae85a434897fa1c9da3096b959/elements - {"using":"xpath","value":"//li[.//span[contains(text(),'502 -')]]"}
RESULT: {"using":"xpath","value":"//li[.//span[contains(text(),'502 -')]]"}
COMMAND: POST /session/a414a6ae85a434897fa1c9da3096b959/elements - {"using":"xpath","value":"//li[.//span[contains(text(),'502 -')]]"}
RESULT: {"using":"xpath","value":"//li[.//span[contains(text(),'502 -')]]"}
COMMAND: POST /session/a414a6ae85a434897fa1c9da3096b959/elements - {"using":"xpath","value":"//li[.//span[contains(text(),'502 -')]]"}
RESULT: {"using":"xpath","value":"//li[.//span[contains(text(),'502 -')]]"}
COMMAND: POST /session/a414a6ae85a434897fa1c9da3096b959/elements - {"using":"xpath","value":"//li[.//span[contains(text(),'502 -')]]"}
RESULT: {"using":"xpath","value":"//li[.//span[contains(text(),'502 -')]]"}
COMMAND: POST /session/a414a6ae85a434897fa1c9da3096b959/elements - {"using":"xpath","value":"//li[.//span[contains(text(),'502 -')]]"}
RESULT: {"using":"xpath","value":"//li[.//span[contains(text(),'502 -')]]"}
COMMAND: POST /session/a414a6ae85a434897fa1c9da3096b959/elements - {"using":"xpath","value":"//li[.//span[contains(text(),'502 -')]]"}
RESULT: {"using":"xpath","value":"//li[.//span[contains(text(),'502 -')]]"}
COMMAND: POST /session/a414a6ae85a434897fa1c9da3096b959/elements - {"using":"xpath","value":"//li[.//span[contains(text(),'502 -')]]"}
RESULT: {"using":"xpath","value":"//li[.//span[contains(text(),'502 -')]]"}
COMMAND: POST /session/a414a6ae85a434897fa1c9da3096b959/elements - {"using":"xpath","value":"//li[.//span[contains(text(),'502 -')]]"}
RESULT: {"using":"xpath","value":"//li[.//span[contains(text(),'502 -')]]"}
COMMAND: POST /session/a414a6ae85a434897fa1c9da3096b959/elements - {"using":"xpath","value":"//li[.//span[contains(text(),'502 -')]]"}
RESULT: {"using":"xpath","value":"//li[.//span[contains(text(),'502 -')]]"}
COMMAND: POST /session/a414a6ae85a434897fa1c9da3096b959/elements - {"using":"xpath","value":"//li[.//span[contains(text(),'502 -')]]"}
RESULT: {"using":"xpath","value":"//li[.//span[contains(text(),'502 -')]]"}
COMMAND: POST /session/a414a6ae85a434897fa1c9da3096b959/elements - {"using":"xpath","value":"//li[.//span[contains(text(),'502 -')]]"}
RESULT: {"using":"xpath","value":"//li[.//span[contains(text(),'502 -')]]"}
COMMAND: GET /session/a414a6ae85a434897fa1c9da3096b959/screenshot - {}
RESULT: {}
]]></system-out>
      <system-err><![CDATA[
Error: Can't call click on element with selector "//li[.//span[contains(text(),'502 -')]]" because element wasn't found
    at async UtilsPrerequisites.stockIncrease (D:\a\1\s\test\specs\BTS\prerequisites-and-utils-functions.js:1638:9)
    at async Context.<anonymous> (D:\a\1\s\test\specs\HTR\transfer-yard-to-yard.spec.js:56:9)
]]></system-err>
    </testcase>
    <testcase classname="chrome.136_0_7103_93.windows.Transfer_Yard_to_Yard_US131076" name="Should create a yard to yard transfer handover MAY CRASH DUE TO LOGIC CHANGE NOT BUG CURRENTLY" time="70.211">
      <failure/>
      <error message="The element with selector &quot;(//section[contains(@id,&quot;headerContentForm--FC-NoHead&quot;)])[2]/div[1]/div[5]/div[2]/div/span&quot; you are trying to pass into the execute method wasn't found"/>
      <system-out><![CDATA[
RESULT: undefined
COMMAND: POST /session/a414a6ae85a434897fa1c9da3096b959/element - {"using":"xpath","value":"//*[@id=\"__tile133\"]"}
COMMAND: GET /session/a414a6ae85a434897fa1c9da3096b959/screenshot - {}
RESULT: {"using":"xpath","value":"//*[@id=\"__tile133\"]"}
COMMAND: POST /session/a414a6ae85a434897fa1c9da3096b959/element/f.63F842937ABE5650621AFC3910BCBB57.d.B32CC0B6748A8CA6B71386FDC45E6B2C.e.13376/click - {}
RESULT: {}
COMMAND: POST /session/a414a6ae85a434897fa1c9da3096b959/elements - {"using":"xpath","value":"//span[text()='Error']"}
RESULT: {"using":"xpath","value":"//span[text()='Error']"}
COMMAND: POST /session/a414a6ae85a434897fa1c9da3096b959/element - {"using":"xpath","value":"//button[@data-kt=\"masterHOAddButton\"]"}
RESULT: {"using":"xpath","value":"//button[@data-kt=\"masterHOAddButton\"]"}
COMMAND: POST /session/a414a6ae85a434897fa1c9da3096b959/elements - {"using":"xpath","value":"//button[@data-kt=\"masterHOAddButton\"]"}
RESULT: {"using":"xpath","value":"//button[@data-kt=\"masterHOAddButton\"]"}
COMMAND: POST /session/a414a6ae85a434897fa1c9da3096b959/execute/sync - {"script":"<script> [8489 bytes]","args":[{"element-6066-11e4-a52e-4f735466cecf":"f.63F842937ABE5650621AFC3910BCBB57.d.B32CC0B6748A8CA6B71386FDC45E6B2C.e.15607","ELEMENT":"f.63F842937ABE5650621AFC3910BCBB57.d.B32CC0B6748A8CA6B71386FDC45E6B2C.e.15607"}]}
RESULT: {"script":"<script> [8489 bytes]","args":[{"element-6066-11e4-a52e-4f735466cecf":"f.63F842937ABE5650621AFC3910BCBB57.d.B32CC0B6748A8CA6B71386FDC45E6B2C.e.15607","ELEMENT":"f.63F842937ABE5650621AFC3910BCBB57.d.B32CC0B6748A8CA6B71386FDC45E6B2C.e.15607"}]}
COMMAND: GET /session/a414a6ae85a434897fa1c9da3096b959/element/f.63F842937ABE5650621AFC3910BCBB57.d.B32CC0B6748A8CA6B71386FDC45E6B2C.e.15607/enabled - {}
COMMAND: GET /session/a414a6ae85a434897fa1c9da3096b959/screenshot - {}
RESULT: {}
COMMAND: POST /session/a414a6ae85a434897fa1c9da3096b959/execute/sync - {"script":"<script> [8489 bytes]","args":[{"element-6066-11e4-a52e-4f735466cecf":"f.63F842937ABE5650621AFC3910BCBB57.d.B32CC0B6748A8CA6B71386FDC45E6B2C.e.15607","ELEMENT":"f.63F842937ABE5650621AFC3910BCBB57.d.B32CC0B6748A8CA6B71386FDC45E6B2C.e.15607"}]}
COMMAND: GET /session/a414a6ae85a434897fa1c9da3096b959/screenshot - {}
RESULT: {}
RESULT: {"script":"<script> [8489 bytes]","args":[{"element-6066-11e4-a52e-4f735466cecf":"f.63F842937ABE5650621AFC3910BCBB57.d.B32CC0B6748A8CA6B71386FDC45E6B2C.e.15607","ELEMENT":"f.63F842937ABE5650621AFC3910BCBB57.d.B32CC0B6748A8CA6B71386FDC45E6B2C.e.15607"}]}
COMMAND: POST /session/a414a6ae85a434897fa1c9da3096b959/execute/sync - {"script":"<script> [5351 bytes]","args":[{"element-6066-11e4-a52e-4f735466cecf":"f.63F842937ABE5650621AFC3910BCBB57.d.B32CC0B6748A8CA6B71386FDC45E6B2C.e.15607","ELEMENT":"f.63F842937ABE5650621AFC3910BCBB57.d.B32CC0B6748A8CA6B71386FDC45E6B2C.e.15607"}]}
COMMAND: GET /session/a414a6ae85a434897fa1c9da3096b959/screenshot - {}
RESULT: {}
RESULT: {"script":"<script> [5351 bytes]","args":[{"element-6066-11e4-a52e-4f735466cecf":"f.63F842937ABE5650621AFC3910BCBB57.d.B32CC0B6748A8CA6B71386FDC45E6B2C.e.15607","ELEMENT":"f.63F842937ABE5650621AFC3910BCBB57.d.B32CC0B6748A8CA6B71386FDC45E6B2C.e.15607"}]}
COMMAND: POST /session/a414a6ae85a434897fa1c9da3096b959/element/f.63F842937ABE5650621AFC3910BCBB57.d.B32CC0B6748A8CA6B71386FDC45E6B2C.e.15607/click - {}
COMMAND: GET /session/a414a6ae85a434897fa1c9da3096b959/screenshot - {}
RESULT: {}
RESULT: {}
COMMAND: GET /session/a414a6ae85a434897fa1c9da3096b959/screenshot - {}
RESULT: {}
RESULT: {}
COMMAND: POST /session/a414a6ae85a434897fa1c9da3096b959/element - {"using":"xpath","value":"//span[contains(@id ,\"AddNewHO--typeSelect-arrow\")]"}
RESULT: {"using":"xpath","value":"//span[contains(@id ,\"AddNewHO--typeSelect-arrow\")]"}
COMMAND: POST /session/a414a6ae85a434897fa1c9da3096b959/element/f.63F842937ABE5650621AFC3910BCBB57.d.B32CC0B6748A8CA6B71386FDC45E6B2C.e.15972/click - {}
RESULT: {}
COMMAND: GET /session/a414a6ae85a434897fa1c9da3096b959/screenshot - {}
RESULT: {}
COMMAND: POST /session/a414a6ae85a434897fa1c9da3096b959/element - {"using":"xpath","value":"(//li[contains(text(), \"transfer\")])[1]"}
RESULT: {"using":"xpath","value":"(//li[contains(text(), \"transfer\")])[1]"}
COMMAND: POST /session/a414a6ae85a434897fa1c9da3096b959/element/f.63F842937ABE5650621AFC3910BCBB57.d.B32CC0B6748A8CA6B71386FDC45E6B2C.e.15974/click - {}
RESULT: {}
COMMAND: GET /session/a414a6ae85a434897fa1c9da3096b959/screenshot - {}
RESULT: {}
RESULT: undefined
COMMAND: POST /session/a414a6ae85a434897fa1c9da3096b959/execute/async - {"script":"<script> [6424 bytes]","args":[{"element-6066-11e4-a52e-4f735466cecf":"f.63F842937ABE5650621AFC3910BCBB57.d.B32CC0B6748A8CA6B71386FDC45E6B2C.e.15948"},"setValue",["05/30/25"]]}
COMMAND: POST /session/a414a6ae85a434897fa1c9da3096b959/execute/async - {"script":"<script> [1562 bytes]","args":[{"selector":{"id":"application-managehandovers-display-component---AddNewHO--dueDate","interaction":{"idSuffix":"inner"}},"wdio_ui5_key":"applicationmanagehandovers-display-component---AddNewHO--dueDate"}]}
RESULT: {"script":"<script> [1562 bytes]","args":[{"selector":{"id":"application-managehandovers-display-component---AddNewHO--dueDate","interaction":{"idSuffix":"inner"}},"wdio_ui5_key":"applicationmanagehandovers-display-component---AddNewHO--dueDate"}]}
COMMAND: POST /session/a414a6ae85a434897fa1c9da3096b959/execute/async - {"script":"<script> [6424 bytes]","args":[{"element-6066-11e4-a52e-4f735466cecf":"f.63F842937ABE5650621AFC3910BCBB57.d.B32CC0B6748A8CA6B71386FDC45E6B2C.e.16001"},"setValue",["05/30/25"]]}
RESULT: {"script":"<script> [6424 bytes]","args":[{"element-6066-11e4-a52e-4f735466cecf":"f.63F842937ABE5650621AFC3910BCBB57.d.B32CC0B6748A8CA6B71386FDC45E6B2C.e.16001"},"setValue",["05/30/25"]]}
COMMAND: POST /session/a414a6ae85a434897fa1c9da3096b959/element - {"using":"xpath","value":"//input[@id=\"generalSectionFrg--sendYard-inner\"]"}
RESULT: {"using":"xpath","value":"//input[@id=\"generalSectionFrg--sendYard-inner\"]"}
COMMAND: POST /session/a414a6ae85a434897fa1c9da3096b959/element/f.63F842937ABE5650621AFC3910BCBB57.d.B32CC0B6748A8CA6B71386FDC45E6B2C.e.16007/clear - {}
RESULT: {}
COMMAND: POST /session/a414a6ae85a434897fa1c9da3096b959/element/f.63F842937ABE5650621AFC3910BCBB57.d.B32CC0B6748A8CA6B71386FDC45E6B2C.e.16007/value - {"text":"502"}
COMMAND: GET /session/a414a6ae85a434897fa1c9da3096b959/screenshot - {}
RESULT: {"text":"502"}
COMMAND: GET /session/a414a6ae85a434897fa1c9da3096b959/screenshot - {}
RESULT: {}
RESULT: {}
COMMAND: POST /session/a414a6ae85a434897fa1c9da3096b959/element - {"using":"xpath","value":"//li[.//span[text()='502']]"}
RESULT: {"using":"xpath","value":"//li[.//span[text()='502']]"}
COMMAND: POST /session/a414a6ae85a434897fa1c9da3096b959/element/f.63F842937ABE5650621AFC3910BCBB57.d.B32CC0B6748A8CA6B71386FDC45E6B2C.e.16027/click - {}
RESULT: {}
COMMAND: GET /session/a414a6ae85a434897fa1c9da3096b959/screenshot - {}
RESULT: {}
COMMAND: POST /session/a414a6ae85a434897fa1c9da3096b959/element - {"using":"xpath","value":"//input[@id=\"generalSectionFrg--receiveYard-inner\"]"}
RESULT: {"using":"xpath","value":"//input[@id=\"generalSectionFrg--receiveYard-inner\"]"}
COMMAND: POST /session/a414a6ae85a434897fa1c9da3096b959/element/f.63F842937ABE5650621AFC3910BCBB57.d.B32CC0B6748A8CA6B71386FDC45E6B2C.e.16008/clear - {}
RESULT: {}
COMMAND: POST /session/a414a6ae85a434897fa1c9da3096b959/element/f.63F842937ABE5650621AFC3910BCBB57.d.B32CC0B6748A8CA6B71386FDC45E6B2C.e.16008/value - {"text":"508"}
COMMAND: GET /session/a414a6ae85a434897fa1c9da3096b959/screenshot - {}
RESULT: {"text":"508"}
COMMAND: GET /session/a414a6ae85a434897fa1c9da3096b959/screenshot - {}
RESULT: {}
RESULT: {}
COMMAND: POST /session/a414a6ae85a434897fa1c9da3096b959/element - {"using":"xpath","value":"//li[.//span[text()='508']]"}
RESULT: {"using":"xpath","value":"//li[.//span[text()='508']]"}
COMMAND: POST /session/a414a6ae85a434897fa1c9da3096b959/element/f.63F842937ABE5650621AFC3910BCBB57.d.B32CC0B6748A8CA6B71386FDC45E6B2C.e.16029/click - {}
RESULT: {}
COMMAND: GET /session/a414a6ae85a434897fa1c9da3096b959/screenshot - {}
RESULT: {}
COMMAND: POST /session/a414a6ae85a434897fa1c9da3096b959/execute/async - {"script":"<script> [1562 bytes]","args":[{"selector":{"id":"application-managehandovers-display-component---AddNewHO--ObjectPageLayout-anchBar-application-managehandovers-display-component---AddNewHO--section4-anchor","interaction":{"idSuffix":"BDI-content"}},"wdio_ui5_key":"applicationmanagehandovers-display-component---AddNewHO--ObjectPageLayout-anchBar-application-managehandovers-display-component---AddNewHO--section4-anchor"}]}
RESULT: {"script":"<script> [1562 bytes]","args":[{"selector":{"id":"application-managehandovers-display-component---AddNewHO--ObjectPageLayout-anchBar-application-managehandovers-display-component---AddNewHO--section4-anchor","interaction":{"idSuffix":"BDI-content"}},"wdio_ui5_key":"applicationmanagehandovers-display-component---AddNewHO--ObjectPageLayout-anchBar-application-managehandovers-display-component---AddNewHO--section4-anchor"}]}
RESULT: undefined
COMMAND: POST /session/a414a6ae85a434897fa1c9da3096b959/element - {"using":"xpath","value":"//*[@id=\"application-managehandovers-display-component---AddNewHO--ObjectPageLayout-anchBar-application-managehandovers-display-component---AddNewHO--section4-anchor\"]"}
RESULT: {"using":"xpath","value":"//*[@id=\"application-managehandovers-display-component---AddNewHO--ObjectPageLayout-anchBar-application-managehandovers-display-component---AddNewHO--section4-anchor\"]"}
COMMAND: POST /session/a414a6ae85a434897fa1c9da3096b959/element/f.63F842937ABE5650621AFC3910BCBB57.d.B32CC0B6748A8CA6B71386FDC45E6B2C.e.16031/click - {}
RESULT: {}
COMMAND: GET /session/a414a6ae85a434897fa1c9da3096b959/screenshot - {}
RESULT: {}
COMMAND: POST /session/a414a6ae85a434897fa1c9da3096b959/element - {"using":"xpath","value":"//button[@data-kt=\"AddNewHOProvideAddItemsButton\"]"}
RESULT: {"using":"xpath","value":"//button[@data-kt=\"AddNewHOProvideAddItemsButton\"]"}
COMMAND: POST /session/a414a6ae85a434897fa1c9da3096b959/element/f.63F842937ABE5650621AFC3910BCBB57.d.B32CC0B6748A8CA6B71386FDC45E6B2C.e.16035/click - {}
RESULT: {}
COMMAND: GET /session/a414a6ae85a434897fa1c9da3096b959/screenshot - {}
RESULT: {}
COMMAND: POST /session/a414a6ae85a434897fa1c9da3096b959/element - {"using":"xpath","value":"//div[contains(@id,\"AddNewHO--TransferHOTypesRuDialogTable-sa-CbBg\")]"}
RESULT: {"using":"xpath","value":"//div[contains(@id,\"AddNewHO--TransferHOTypesRuDialogTable-sa-CbBg\")]"}
COMMAND: POST /session/a414a6ae85a434897fa1c9da3096b959/element/f.63F842937ABE5650621AFC3910BCBB57.d.B32CC0B6748A8CA6B71386FDC45E6B2C.e.16048/click - {}
RESULT: {}
COMMAND: GET /session/a414a6ae85a434897fa1c9da3096b959/screenshot - {}
RESULT: {}
COMMAND: POST /session/a414a6ae85a434897fa1c9da3096b959/element - {"using":"xpath","value":"//table[contains(@id,\"AddNewHO--TransferHOTypesRuDialogTable-listUl\")]/tbody/tr[1]/td[6]/div/div/input"}
RESULT: {"using":"xpath","value":"//table[contains(@id,\"AddNewHO--TransferHOTypesRuDialogTable-listUl\")]/tbody/tr[1]/td[6]/div/div/input"}
COMMAND: POST /session/a414a6ae85a434897fa1c9da3096b959/elements - {"using":"xpath","value":"//table[contains(@id,\"AddNewHO--TransferHOTypesRuDialogTable-listUl\")]/tbody/tr[1]/td[6]/div/div/input"}
RESULT: {"using":"xpath","value":"//table[contains(@id,\"AddNewHO--TransferHOTypesRuDialogTable-listUl\")]/tbody/tr[1]/td[6]/div/div/input"}
COMMAND: POST /session/a414a6ae85a434897fa1c9da3096b959/element - {"using":"xpath","value":"//bdi[contains(text(), \"OK\")]"}
RESULT: {"using":"xpath","value":"//bdi[contains(text(), \"OK\")]"}
COMMAND: POST /session/a414a6ae85a434897fa1c9da3096b959/element/f.63F842937ABE5650621AFC3910BCBB57.d.B32CC0B6748A8CA6B71386FDC45E6B2C.e.16050/click - {}
RESULT: {}
COMMAND: GET /session/a414a6ae85a434897fa1c9da3096b959/screenshot - {}
RESULT: {}
COMMAND: POST /session/a414a6ae85a434897fa1c9da3096b959/execute/async - {"script":"<script> [1562 bytes]","args":[{"selector":{"id":"application-managehandovers-display-component---AddNewHO--confirmCreationButton","interaction":{"idSuffix":"BDI-content"}},"wdio_ui5_key":"applicationmanagehandovers-display-component---AddNewHO--confirmCreationButton"}]}
RESULT: {"script":"<script> [1562 bytes]","args":[{"selector":{"id":"application-managehandovers-display-component---AddNewHO--confirmCreationButton","interaction":{"idSuffix":"BDI-content"}},"wdio_ui5_key":"applicationmanagehandovers-display-component---AddNewHO--confirmCreationButton"}]}
RESULT: undefined
COMMAND: POST /session/a414a6ae85a434897fa1c9da3096b959/element - {"using":"xpath","value":"//*[@id=\"application-managehandovers-display-component---AddNewHO--confirmCreationButton\"]"}
RESULT: {"using":"xpath","value":"//*[@id=\"application-managehandovers-display-component---AddNewHO--confirmCreationButton\"]"}
COMMAND: POST /session/a414a6ae85a434897fa1c9da3096b959/element/f.63F842937ABE5650621AFC3910BCBB57.d.B32CC0B6748A8CA6B71386FDC45E6B2C.e.16054/click - {}
COMMAND: POST /session/a414a6ae85a434897fa1c9da3096b959/element - {"using":"xpath","value":"(//section[contains(@id,\"headerContentForm--FC-NoHead\")])[2]/div[1]/div[5]/div[2]/div/span"}
RESULT: {"using":"xpath","value":"(//section[contains(@id,\"headerContentForm--FC-NoHead\")])[2]/div[1]/div[5]/div[2]/div/span"}
COMMAND: GET /session/a414a6ae85a434897fa1c9da3096b959/screenshot - {}
RESULT: {}
COMMAND: GET /session/a414a6ae85a434897fa1c9da3096b959/screenshot - {}
COMMAND: GET /session/a414a6ae85a434897fa1c9da3096b959/screenshot - {}
RESULT: {}
RESULT: {}
COMMAND: DELETE /session/a414a6ae85a434897fa1c9da3096b959 - {}
RESULT: {}
]]></system-out>
      <system-err><![CDATA[
Error: The element with selector "(//section[contains(@id,"headerContentForm--FC-NoHead")])[2]/div[1]/div[5]/div[2]/div/span" you are trying to pass into the execute method wasn't found
    at Array.map (<anonymous>)
    at async Context.<anonymous> (D:\a\1\s\test\specs\HTR\transfer-yard-to-yard.spec.js:148:37)
]]></system-err>
    </testcase>
  </testsuite>
</testsuites>