<?xml version="1.0" encoding="UTF-8"?>
<testsuites tests="5" failures="0" errors="0" skipped="0">
  <testsuite timestamp="2025-05-02T17:57:36" time="329.709" tests="5" failures="0" errors="0" skipped="0">
    <properties>
      <property name="specId" value="0" />
      <property name="suiteName" value="Address Management Tests US151165 US151160" />
      <property name="capabilities" value="chrome.135_0_7049_96.windows" />
      <property name="file" value="file:///D:/a/1/s/test/specs/BTS/address-management.spec.js" />
    </properties>
    <testcase classname="chrome.135_0_7049_96.windows.Address_Management_Tests_US151165_US151160" name="Step 1 Will check existence of address created with generated name if none then we create" time="68.49">
      <system-out><![CDATA[
COMMAND: POST /session/ba25ee3f35503378ae2a46bc8e64128f/execute/async - {"script":"<script> [1562 bytes]","args":[{"selector":{"controlType":"sap.m.GenericTile","properties":{"header":"Address Management"}},"wdio_ui5_key":"sapm.GenericTile{\"header\":\"Address Management\"}"}]}
RESULT: {"script":"<script> [1562 bytes]","args":[{"selector":{"controlType":"sap.m.GenericTile","properties":{"header":"Address Management"}},"wdio_ui5_key":"sapm.GenericTile{\"header\":\"Address Management\"}"}]}
RESULT: undefined
COMMAND: POST /session/ba25ee3f35503378ae2a46bc8e64128f/element - {"using":"xpath","value":"//*[@id=\"__tile33\"]"}
RESULT: {"using":"xpath","value":"//*[@id=\"__tile33\"]"}
COMMAND: POST /session/ba25ee3f35503378ae2a46bc8e64128f/element/f.F224F5467F9D2405B90B14C4D938613F.d.2FC393F4C4BB43F79310B054D287BD7A.e.218/click - {}
RESULT: {}
COMMAND: POST /session/ba25ee3f35503378ae2a46bc8e64128f/element - {"using":"xpath","value":"//button[@data-kt=\"addButton\"]"}
COMMAND: GET /session/ba25ee3f35503378ae2a46bc8e64128f/screenshot - {}
RESULT: {"using":"xpath","value":"//button[@data-kt=\"addButton\"]"}
COMMAND: POST /session/ba25ee3f35503378ae2a46bc8e64128f/elements - {"using":"xpath","value":"//button[@data-kt=\"addButton\"]"}
RESULT: {}
RESULT: {"using":"xpath","value":"//button[@data-kt=\"addButton\"]"}
COMMAND: POST /session/ba25ee3f35503378ae2a46bc8e64128f/elements - {"using":"xpath","value":"//button[@data-kt=\"addButton\"]"}
RESULT: {"using":"xpath","value":"//button[@data-kt=\"addButton\"]"}
COMMAND: POST /session/ba25ee3f35503378ae2a46bc8e64128f/elements - {"using":"xpath","value":"//button[@data-kt=\"addButton\"]"}
RESULT: {"using":"xpath","value":"//button[@data-kt=\"addButton\"]"}
COMMAND: POST /session/ba25ee3f35503378ae2a46bc8e64128f/elements - {"using":"xpath","value":"//button[@data-kt=\"addButton\"]"}
RESULT: {"using":"xpath","value":"//button[@data-kt=\"addButton\"]"}
COMMAND: POST /session/ba25ee3f35503378ae2a46bc8e64128f/elements - {"using":"xpath","value":"//button[@data-kt=\"addButton\"]"}
RESULT: {"using":"xpath","value":"//button[@data-kt=\"addButton\"]"}
COMMAND: POST /session/ba25ee3f35503378ae2a46bc8e64128f/elements - {"using":"xpath","value":"//button[@data-kt=\"addButton\"]"}
RESULT: {"using":"xpath","value":"//button[@data-kt=\"addButton\"]"}
COMMAND: POST /session/ba25ee3f35503378ae2a46bc8e64128f/elements - {"using":"xpath","value":"//button[@data-kt=\"addButton\"]"}
RESULT: {"using":"xpath","value":"//button[@data-kt=\"addButton\"]"}
COMMAND: POST /session/ba25ee3f35503378ae2a46bc8e64128f/elements - {"using":"xpath","value":"//button[@data-kt=\"addButton\"]"}
RESULT: {"using":"xpath","value":"//button[@data-kt=\"addButton\"]"}
COMMAND: POST /session/ba25ee3f35503378ae2a46bc8e64128f/elements - {"using":"xpath","value":"//button[@data-kt=\"addButton\"]"}
RESULT: {"using":"xpath","value":"//button[@data-kt=\"addButton\"]"}
COMMAND: POST /session/ba25ee3f35503378ae2a46bc8e64128f/elements - {"using":"xpath","value":"//button[@data-kt=\"addButton\"]"}
RESULT: {"using":"xpath","value":"//button[@data-kt=\"addButton\"]"}
COMMAND: POST /session/ba25ee3f35503378ae2a46bc8e64128f/elements - {"using":"xpath","value":"//button[@data-kt=\"addButton\"]"}
RESULT: {"using":"xpath","value":"//button[@data-kt=\"addButton\"]"}
COMMAND: POST /session/ba25ee3f35503378ae2a46bc8e64128f/elements - {"using":"xpath","value":"//button[@data-kt=\"addButton\"]"}
RESULT: {"using":"xpath","value":"//button[@data-kt=\"addButton\"]"}
COMMAND: POST /session/ba25ee3f35503378ae2a46bc8e64128f/elements - {"using":"xpath","value":"//button[@data-kt=\"addButton\"]"}
RESULT: {"using":"xpath","value":"//button[@data-kt=\"addButton\"]"}
COMMAND: POST /session/ba25ee3f35503378ae2a46bc8e64128f/elements - {"using":"xpath","value":"//button[@data-kt=\"addButton\"]"}
RESULT: {"using":"xpath","value":"//button[@data-kt=\"addButton\"]"}
COMMAND: POST /session/ba25ee3f35503378ae2a46bc8e64128f/elements - {"using":"xpath","value":"//button[@data-kt=\"addButton\"]"}
RESULT: {"using":"xpath","value":"//button[@data-kt=\"addButton\"]"}
COMMAND: POST /session/ba25ee3f35503378ae2a46bc8e64128f/elements - {"using":"xpath","value":"//button[@data-kt=\"addButton\"]"}
RESULT: {"using":"xpath","value":"//button[@data-kt=\"addButton\"]"}
COMMAND: POST /session/ba25ee3f35503378ae2a46bc8e64128f/elements - {"using":"xpath","value":"//button[@data-kt=\"addButton\"]"}
RESULT: {"using":"xpath","value":"//button[@data-kt=\"addButton\"]"}
COMMAND: POST /session/ba25ee3f35503378ae2a46bc8e64128f/elements - {"using":"xpath","value":"//button[@data-kt=\"addButton\"]"}
RESULT: {"using":"xpath","value":"//button[@data-kt=\"addButton\"]"}
COMMAND: POST /session/ba25ee3f35503378ae2a46bc8e64128f/elements - {"using":"xpath","value":"//button[@data-kt=\"addButton\"]"}
RESULT: {"using":"xpath","value":"//button[@data-kt=\"addButton\"]"}
COMMAND: POST /session/ba25ee3f35503378ae2a46bc8e64128f/elements - {"using":"xpath","value":"//button[@data-kt=\"addButton\"]"}
RESULT: {"using":"xpath","value":"//button[@data-kt=\"addButton\"]"}
COMMAND: POST /session/ba25ee3f35503378ae2a46bc8e64128f/elements - {"using":"xpath","value":"//button[@data-kt=\"addButton\"]"}
RESULT: {"using":"xpath","value":"//button[@data-kt=\"addButton\"]"}
COMMAND: POST /session/ba25ee3f35503378ae2a46bc8e64128f/elements - {"using":"xpath","value":"//button[@data-kt=\"addButton\"]"}
RESULT: {"using":"xpath","value":"//button[@data-kt=\"addButton\"]"}
COMMAND: POST /session/ba25ee3f35503378ae2a46bc8e64128f/elements - {"using":"xpath","value":"//button[@data-kt=\"addButton\"]"}
RESULT: {"using":"xpath","value":"//button[@data-kt=\"addButton\"]"}
COMMAND: POST /session/ba25ee3f35503378ae2a46bc8e64128f/elements - {"using":"xpath","value":"//button[@data-kt=\"addButton\"]"}
RESULT: {"using":"xpath","value":"//button[@data-kt=\"addButton\"]"}
COMMAND: POST /session/ba25ee3f35503378ae2a46bc8e64128f/elements - {"using":"xpath","value":"//button[@data-kt=\"addButton\"]"}
RESULT: {"using":"xpath","value":"//button[@data-kt=\"addButton\"]"}
COMMAND: POST /session/ba25ee3f35503378ae2a46bc8e64128f/element - {"using":"xpath","value":"//button[@data-kt=\"addButton\"]"}
RESULT: {"using":"xpath","value":"//button[@data-kt=\"addButton\"]"}
COMMAND: POST /session/ba25ee3f35503378ae2a46bc8e64128f/execute/sync - {"script":"<script> [8489 bytes]","args":[{"element-6066-11e4-a52e-4f735466cecf":"f.F224F5467F9D2405B90B14C4D938613F.d.2FC393F4C4BB43F79310B054D287BD7A.e.304","ELEMENT":"f.F224F5467F9D2405B90B14C4D938613F.d.2FC393F4C4BB43F79310B054D287BD7A.e.304"}]}
RESULT: {"script":"<script> [8489 bytes]","args":[{"element-6066-11e4-a52e-4f735466cecf":"f.F224F5467F9D2405B90B14C4D938613F.d.2FC393F4C4BB43F79310B054D287BD7A.e.304","ELEMENT":"f.F224F5467F9D2405B90B14C4D938613F.d.2FC393F4C4BB43F79310B054D287BD7A.e.304"}]}
COMMAND: GET /session/ba25ee3f35503378ae2a46bc8e64128f/element/f.F224F5467F9D2405B90B14C4D938613F.d.2FC393F4C4BB43F79310B054D287BD7A.e.304/enabled - {}
COMMAND: GET /session/ba25ee3f35503378ae2a46bc8e64128f/screenshot - {}
RESULT: {}
COMMAND: POST /session/ba25ee3f35503378ae2a46bc8e64128f/execute/sync - {"script":"<script> [8489 bytes]","args":[{"element-6066-11e4-a52e-4f735466cecf":"f.F224F5467F9D2405B90B14C4D938613F.d.2FC393F4C4BB43F79310B054D287BD7A.e.304","ELEMENT":"f.F224F5467F9D2405B90B14C4D938613F.d.2FC393F4C4BB43F79310B054D287BD7A.e.304"}]}
COMMAND: GET /session/ba25ee3f35503378ae2a46bc8e64128f/screenshot - {}
RESULT: {}
RESULT: {"script":"<script> [8489 bytes]","args":[{"element-6066-11e4-a52e-4f735466cecf":"f.F224F5467F9D2405B90B14C4D938613F.d.2FC393F4C4BB43F79310B054D287BD7A.e.304","ELEMENT":"f.F224F5467F9D2405B90B14C4D938613F.d.2FC393F4C4BB43F79310B054D287BD7A.e.304"}]}
COMMAND: POST /session/ba25ee3f35503378ae2a46bc8e64128f/execute/sync - {"script":"<script> [5351 bytes]","args":[{"element-6066-11e4-a52e-4f735466cecf":"f.F224F5467F9D2405B90B14C4D938613F.d.2FC393F4C4BB43F79310B054D287BD7A.e.304","ELEMENT":"f.F224F5467F9D2405B90B14C4D938613F.d.2FC393F4C4BB43F79310B054D287BD7A.e.304"}]}
COMMAND: GET /session/ba25ee3f35503378ae2a46bc8e64128f/screenshot - {}
RESULT: {}
RESULT: {"script":"<script> [5351 bytes]","args":[{"element-6066-11e4-a52e-4f735466cecf":"f.F224F5467F9D2405B90B14C4D938613F.d.2FC393F4C4BB43F79310B054D287BD7A.e.304","ELEMENT":"f.F224F5467F9D2405B90B14C4D938613F.d.2FC393F4C4BB43F79310B054D287BD7A.e.304"}]}
COMMAND: GET /session/ba25ee3f35503378ae2a46bc8e64128f/screenshot - {}
RESULT: {}
RESULT: {}
COMMAND: POST /session/ba25ee3f35503378ae2a46bc8e64128f/execute/async - {"script":"<script> [1562 bytes]","args":[{"selector":{"id":"application-addressmanagement-display-component---masterAdm--smartFilterBar-btnBasicSearch","interaction":{"idSuffix":"I"}},"wdio_ui5_key":"applicationaddressmanagement-display-component---masterAdm--smartFilterBar-btnBasicSearch"}]}
RESULT: {"script":"<script> [1562 bytes]","args":[{"selector":{"id":"application-addressmanagement-display-component---masterAdm--smartFilterBar-btnBasicSearch","interaction":{"idSuffix":"I"}},"wdio_ui5_key":"applicationaddressmanagement-display-component---masterAdm--smartFilterBar-btnBasicSearch"}]}
RESULT: undefined
COMMAND: POST /session/ba25ee3f35503378ae2a46bc8e64128f/execute/async - {"script":"<script> [776 bytes]","args":[{"enterText":"ThS9J76nxq","selector":{"id":"application-addressmanagement-display-component---masterAdm--smartFilterBar-btnBasicSearch","interaction":{"idSuffix":"I"}},"clearTextFirst":true,"interactionType":"ENTER_TEXT"}]}
RESULT: {"script":"<script> [776 bytes]","args":[{"enterText":"ThS9J76nxq","selector":{"id":"application-addressmanagement-display-component---masterAdm--smartFilterBar-btnBasicSearch","interaction":{"idSuffix":"I"}},"clearTextFirst":true,"interactionType":"ENTER_TEXT"}]}
COMMAND: POST /session/ba25ee3f35503378ae2a46bc8e64128f/actions - {"actions":[{"id":"action1","type":"key","parameters":{},"actions":[{"type":"keyDown","value":"î€‡"},{"type":"pause","duration":10},{"type":"keyUp","value":"î€‡"}]}]}
RESULT: {"actions":[{"id":"action1","type":"key","parameters":{},"actions":[{"type":"keyDown","value":"î€‡"},{"type":"pause","duration":10},{"type":"keyUp","value":"î€‡"}]}]}
COMMAND: GET /session/ba25ee3f35503378ae2a46bc8e64128f/screenshot - {}
RESULT: {}
COMMAND: POST /session/ba25ee3f35503378ae2a46bc8e64128f/elements - {"using":"xpath","value":"//table[contains(@id, \"customPersonsAddressesTable-listUl\")]/tbody/tr"}
RESULT: {"using":"xpath","value":"//table[contains(@id, \"customPersonsAddressesTable-listUl\")]/tbody/tr"}
COMMAND: POST /session/ba25ee3f35503378ae2a46bc8e64128f/element - {"using":"xpath","value":"//table[contains(@id, \"customPersonsAddressesTable-listUl\")]/tbody/tr[1]/td[5]/span/span"}
RESULT: {"using":"xpath","value":"//table[contains(@id, \"customPersonsAddressesTable-listUl\")]/tbody/tr[1]/td[5]/span/span"}
COMMAND: POST /session/ba25ee3f35503378ae2a46bc8e64128f/element - {"using":"xpath","value":"//table[contains(@id, \"customPersonsAddressesTable-listUl\")]/tbody/tr[1]/td[3]/span"}
RESULT: {"using":"xpath","value":"//table[contains(@id, \"customPersonsAddressesTable-listUl\")]/tbody/tr[1]/td[3]/span"}
COMMAND: POST /session/ba25ee3f35503378ae2a46bc8e64128f/elements - {"using":"xpath","value":"//table[contains(@id, \"customPersonsAddressesTable-listUl\")]/tbody/tr[1]/td[5]/span/span"}
RESULT: {"using":"xpath","value":"//table[contains(@id, \"customPersonsAddressesTable-listUl\")]/tbody/tr[1]/td[5]/span/span"}
COMMAND: POST /session/ba25ee3f35503378ae2a46bc8e64128f/element - {"using":"xpath","value":"//span[@id=\"application-addressmanagement-display-component---masterAdm--smartTable-header-inner\"]"}
RESULT: {"using":"xpath","value":"//span[@id=\"application-addressmanagement-display-component---masterAdm--smartTable-header-inner\"]"}
COMMAND: POST /session/ba25ee3f35503378ae2a46bc8e64128f/elements - {"using":"xpath","value":"//span[@id=\"application-addressmanagement-display-component---masterAdm--smartTable-header-inner\"]"}
RESULT: {"using":"xpath","value":"//span[@id=\"application-addressmanagement-display-component---masterAdm--smartTable-header-inner\"]"}
COMMAND: POST /session/ba25ee3f35503378ae2a46bc8e64128f/execute/sync - {"script":"<script> [56 bytes]","args":[{"element-6066-11e4-a52e-4f735466cecf":"f.F224F5467F9D2405B90B14C4D938613F.d.2FC393F4C4BB43F79310B054D287BD7A.e.446","ELEMENT":"f.F224F5467F9D2405B90B14C4D938613F.d.2FC393F4C4BB43F79310B054D287BD7A.e.446"}]}
RESULT: {"script":"<script> [56 bytes]","args":[{"element-6066-11e4-a52e-4f735466cecf":"f.F224F5467F9D2405B90B14C4D938613F.d.2FC393F4C4BB43F79310B054D287BD7A.e.446","ELEMENT":"f.F224F5467F9D2405B90B14C4D938613F.d.2FC393F4C4BB43F79310B054D287BD7A.e.446"}]}
COMMAND: POST /session/ba25ee3f35503378ae2a46bc8e64128f/element - {"using":"xpath","value":"//button[@data-kt=\"addButton\"]"}
COMMAND: GET /session/ba25ee3f35503378ae2a46bc8e64128f/screenshot - {}
RESULT: {"using":"xpath","value":"//button[@data-kt=\"addButton\"]"}
COMMAND: POST /session/ba25ee3f35503378ae2a46bc8e64128f/element/f.F224F5467F9D2405B90B14C4D938613F.d.2FC393F4C4BB43F79310B054D287BD7A.e.304/click - {}
RESULT: {}
RESULT: {}
COMMAND: GET /session/ba25ee3f35503378ae2a46bc8e64128f/screenshot - {}
RESULT: {}
COMMAND: POST /session/ba25ee3f35503378ae2a46bc8e64128f/execute/async - {"script":"<script> [1562 bytes]","args":[{"selector":{"controlType":"sap.ui.core.Icon","viewName":"etm.portal.ui.addressmanagement.view.NewAddress","properties":{"src":{"regex":{"source":"slim\\-arrow\\-down"}}},"ancestor":{"id":"addressTitle","viewName":"etm.portal.ui.addressmanagement.view.NewAddress"}},"wdio_ui5_key":"etmportal.ui.addressmanagement.view.NewAddresssap.ui.core.Icon{\"src\":{\"regex\":{\"source\":\"slim\\\\-arrow\\\\-down\"}}}{\"id\":\"addressTitle\",\"viewName\":\"etm.portal.ui.addressmanagement.view.NewAddress\"}"}]}
RESULT: {"script":"<script> [1562 bytes]","args":[{"selector":{"controlType":"sap.ui.core.Icon","viewName":"etm.portal.ui.addressmanagement.view.NewAddress","properties":{"src":{"regex":{"source":"slim\\-arrow\\-down"}}},"ancestor":{"id":"addressTitle","viewName":"etm.portal.ui.addressmanagement.view.NewAddress"}},"wdio_ui5_key":"etmportal.ui.addressmanagement.view.NewAddresssap.ui.core.Icon{\"src\":{\"regex\":{\"source\":\"slim\\\\-arrow\\\\-down\"}}}{\"id\":\"addressTitle\",\"viewName\":\"etm.portal.ui.addressmanagement.view.NewAddress\"}"}]}
RESULT: undefined
COMMAND: POST /session/ba25ee3f35503378ae2a46bc8e64128f/element - {"using":"xpath","value":"//*[@id=\"__xmlview58--addressTitle-arrow\"]"}
RESULT: {"using":"xpath","value":"//*[@id=\"__xmlview58--addressTitle-arrow\"]"}
COMMAND: POST /session/ba25ee3f35503378ae2a46bc8e64128f/element/f.F224F5467F9D2405B90B14C4D938613F.d.2FC393F4C4BB43F79310B054D287BD7A.e.478/click - {}
RESULT: {}
COMMAND: GET /session/ba25ee3f35503378ae2a46bc8e64128f/screenshot - {}
RESULT: {}
COMMAND: POST /session/ba25ee3f35503378ae2a46bc8e64128f/element - {"using":"xpath","value":"//li[.//span[text()=\"Dr.\"]]"}
RESULT: {"using":"xpath","value":"//li[.//span[text()=\"Dr.\"]]"}
COMMAND: POST /session/ba25ee3f35503378ae2a46bc8e64128f/element/f.F224F5467F9D2405B90B14C4D938613F.d.2FC393F4C4BB43F79310B054D287BD7A.e.587/click - {}
RESULT: {}
COMMAND: POST /session/ba25ee3f35503378ae2a46bc8e64128f/execute/async - {"script":"<script> [1562 bytes]","args":[{"selector":{"controlType":"sap.ui.core.Icon","viewName":"etm.portal.ui.addressmanagement.view.NewAddress","properties":{"src":{"regex":{"source":"slim\\-arrow\\-down"}}},"ancestor":{"id":"addressDetailDetailsLanguage","viewName":"etm.portal.ui.addressmanagement.view.NewAddress"}},"wdio_ui5_key":"etmportal.ui.addressmanagement.view.NewAddresssap.ui.core.Icon{\"src\":{\"regex\":{\"source\":\"slim\\\\-arrow\\\\-down\"}}}{\"id\":\"addressDetailDetailsLanguage\",\"viewName\":\"etm.portal.ui.addressmanagement.view.NewAddress\"}"}]}
COMMAND: GET /session/ba25ee3f35503378ae2a46bc8e64128f/screenshot - {}
RESULT: {"script":"<script> [1562 bytes]","args":[{"selector":{"controlType":"sap.ui.core.Icon","viewName":"etm.portal.ui.addressmanagement.view.NewAddress","properties":{"src":{"regex":{"source":"slim\\-arrow\\-down"}}},"ancestor":{"id":"addressDetailDetailsLanguage","viewName":"etm.portal.ui.addressmanagement.view.NewAddress"}},"wdio_ui5_key":"etmportal.ui.addressmanagement.view.NewAddresssap.ui.core.Icon{\"src\":{\"regex\":{\"source\":\"slim\\\\-arrow\\\\-down\"}}}{\"id\":\"addressDetailDetailsLanguage\",\"viewName\":\"etm.portal.ui.addressmanagement.view.NewAddress\"}"}]}
RESULT: undefined
COMMAND: POST /session/ba25ee3f35503378ae2a46bc8e64128f/element - {"using":"xpath","value":"//*[@id=\"__xmlview58--addressDetailDetailsLanguage-arrow\"]"}
RESULT: {}
RESULT: {"using":"xpath","value":"//*[@id=\"__xmlview58--addressDetailDetailsLanguage-arrow\"]"}
COMMAND: POST /session/ba25ee3f35503378ae2a46bc8e64128f/element/f.F224F5467F9D2405B90B14C4D938613F.d.2FC393F4C4BB43F79310B054D287BD7A.e.491/click - {}
RESULT: {}
COMMAND: GET /session/ba25ee3f35503378ae2a46bc8e64128f/screenshot - {}
RESULT: {}
COMMAND: POST /session/ba25ee3f35503378ae2a46bc8e64128f/element - {"using":"xpath","value":"//span[contains(text(), \"English\")]"}
RESULT: {"using":"xpath","value":"//span[contains(text(), \"English\")]"}
COMMAND: POST /session/ba25ee3f35503378ae2a46bc8e64128f/element/f.F224F5467F9D2405B90B14C4D938613F.d.2FC393F4C4BB43F79310B054D287BD7A.e.588/click - {}
RESULT: {}
COMMAND: POST /session/ba25ee3f35503378ae2a46bc8e64128f/execute/async - {"script":"<script> [1562 bytes]","args":[{"selector":{"controlType":"sap.m.Input","viewName":"etm.portal.ui.addressmanagement.view.NewAddress","labelFor":{"text":"Name"},"interaction":{"idSuffix":"inner"}},"wdio_ui5_key":"etmportal.ui.addressmanagement.view.NewAddresssap.m.Input{\"text\":\"Name\"}"}]}
COMMAND: GET /session/ba25ee3f35503378ae2a46bc8e64128f/screenshot - {}
RESULT: {"script":"<script> [1562 bytes]","args":[{"selector":{"controlType":"sap.m.Input","viewName":"etm.portal.ui.addressmanagement.view.NewAddress","labelFor":{"text":"Name"},"interaction":{"idSuffix":"inner"}},"wdio_ui5_key":"etmportal.ui.addressmanagement.view.NewAddresssap.m.Input{\"text\":\"Name\"}"}]}
RESULT: undefined
COMMAND: POST /session/ba25ee3f35503378ae2a46bc8e64128f/execute/async - {"script":"<script> [776 bytes]","args":[{"enterText":"ThS9J76nxq","selector":{"controlType":"sap.m.Input","viewName":"etm.portal.ui.addressmanagement.view.NewAddress","labelFor":{"text":"Name"},"interaction":{"idSuffix":"inner"}},"clearTextFirst":true,"interactionType":"ENTER_TEXT"}]}
RESULT: {}
RESULT: {"script":"<script> [776 bytes]","args":[{"enterText":"ThS9J76nxq","selector":{"controlType":"sap.m.Input","viewName":"etm.portal.ui.addressmanagement.view.NewAddress","labelFor":{"text":"Name"},"interaction":{"idSuffix":"inner"}},"clearTextFirst":true,"interactionType":"ENTER_TEXT"}]}
COMMAND: POST /session/ba25ee3f35503378ae2a46bc8e64128f/element - {"using":"xpath","value":"//button[@title=\"Save\"]"}
RESULT: {"using":"xpath","value":"//button[@title=\"Save\"]"}
COMMAND: POST /session/ba25ee3f35503378ae2a46bc8e64128f/element/f.F224F5467F9D2405B90B14C4D938613F.d.2FC393F4C4BB43F79310B054D287BD7A.e.576/click - {}
RESULT: {}
COMMAND: GET /session/ba25ee3f35503378ae2a46bc8e64128f/screenshot - {}
RESULT: {}
COMMAND: POST /session/ba25ee3f35503378ae2a46bc8e64128f/element - {"using":"xpath","value":"//header[contains(@id, \"application-addressmanagement-display-component---detailAdm--ObjectPageLayout-headerTitle\")]/div[1]/div[3]/div[2]/span"}
RESULT: {"using":"xpath","value":"//header[contains(@id, \"application-addressmanagement-display-component---detailAdm--ObjectPageLayout-headerTitle\")]/div[1]/div[3]/div[2]/span"}
COMMAND: POST /session/ba25ee3f35503378ae2a46bc8e64128f/elements - {"using":"xpath","value":"//header[contains(@id, \"application-addressmanagement-display-component---detailAdm--ObjectPageLayout-headerTitle\")]/div[1]/div[3]/div[2]/span"}
RESULT: {"using":"xpath","value":"//header[contains(@id, \"application-addressmanagement-display-component---detailAdm--ObjectPageLayout-headerTitle\")]/div[1]/div[3]/div[2]/span"}
COMMAND: POST /session/ba25ee3f35503378ae2a46bc8e64128f/execute/sync - {"script":"<script> [56 bytes]","args":[{"element-6066-11e4-a52e-4f735466cecf":"f.F224F5467F9D2405B90B14C4D938613F.d.2FC393F4C4BB43F79310B054D287BD7A.e.620","ELEMENT":"f.F224F5467F9D2405B90B14C4D938613F.d.2FC393F4C4BB43F79310B054D287BD7A.e.620"}]}
RESULT: {"script":"<script> [56 bytes]","args":[{"element-6066-11e4-a52e-4f735466cecf":"f.F224F5467F9D2405B90B14C4D938613F.d.2FC393F4C4BB43F79310B054D287BD7A.e.620","ELEMENT":"f.F224F5467F9D2405B90B14C4D938613F.d.2FC393F4C4BB43F79310B054D287BD7A.e.620"}]}
COMMAND: GET /session/ba25ee3f35503378ae2a46bc8e64128f/screenshot - {}
RESULT: {}
COMMAND: POST /session/ba25ee3f35503378ae2a46bc8e64128f/element - {"using":"css selector","value":"#shell-header-logo"}
RESULT: {"using":"css selector","value":"#shell-header-logo"}
COMMAND: POST /session/ba25ee3f35503378ae2a46bc8e64128f/element/f.F224F5467F9D2405B90B14C4D938613F.d.2FC393F4C4BB43F79310B054D287BD7A.e.267/click - {}
RESULT: {}
COMMAND: GET /session/ba25ee3f35503378ae2a46bc8e64128f/screenshot - {}
RESULT: {}
]]></system-out>
    </testcase>
    <testcase classname="chrome.135_0_7049_96.windows.Address_Management_Tests_US151165_US151160" name="Step 2 Should deactivate the created address in earlier step US151165" time="43.073">
      <system-out><![CDATA[
RESULT: undefined
COMMAND: POST /session/ba25ee3f35503378ae2a46bc8e64128f/element - {"using":"xpath","value":"//*[@id=\"__tile33\"]"}
RESULT: {"using":"xpath","value":"//*[@id=\"__tile33\"]"}
COMMAND: POST /session/ba25ee3f35503378ae2a46bc8e64128f/element/f.F224F5467F9D2405B90B14C4D938613F.d.2FC393F4C4BB43F79310B054D287BD7A.e.218/click - {}
RESULT: {}
COMMAND: POST /session/ba25ee3f35503378ae2a46bc8e64128f/element - {"using":"xpath","value":"//button[@data-kt=\"addButton\"]"}
COMMAND: GET /session/ba25ee3f35503378ae2a46bc8e64128f/screenshot - {}
RESULT: {"using":"xpath","value":"//button[@data-kt=\"addButton\"]"}
COMMAND: POST /session/ba25ee3f35503378ae2a46bc8e64128f/elements - {"using":"xpath","value":"//button[@data-kt=\"addButton\"]"}
RESULT: {}
RESULT: {"using":"xpath","value":"//button[@data-kt=\"addButton\"]"}
COMMAND: POST /session/ba25ee3f35503378ae2a46bc8e64128f/execute/sync - {"script":"<script> [8489 bytes]","args":[{"element-6066-11e4-a52e-4f735466cecf":"f.F224F5467F9D2405B90B14C4D938613F.d.2FC393F4C4BB43F79310B054D287BD7A.e.681","ELEMENT":"f.F224F5467F9D2405B90B14C4D938613F.d.2FC393F4C4BB43F79310B054D287BD7A.e.681"}]}
RESULT: {"script":"<script> [8489 bytes]","args":[{"element-6066-11e4-a52e-4f735466cecf":"f.F224F5467F9D2405B90B14C4D938613F.d.2FC393F4C4BB43F79310B054D287BD7A.e.681","ELEMENT":"f.F224F5467F9D2405B90B14C4D938613F.d.2FC393F4C4BB43F79310B054D287BD7A.e.681"}]}
COMMAND: GET /session/ba25ee3f35503378ae2a46bc8e64128f/element/f.F224F5467F9D2405B90B14C4D938613F.d.2FC393F4C4BB43F79310B054D287BD7A.e.681/enabled - {}
COMMAND: GET /session/ba25ee3f35503378ae2a46bc8e64128f/screenshot - {}
RESULT: {}
COMMAND: POST /session/ba25ee3f35503378ae2a46bc8e64128f/execute/sync - {"script":"<script> [8489 bytes]","args":[{"element-6066-11e4-a52e-4f735466cecf":"f.F224F5467F9D2405B90B14C4D938613F.d.2FC393F4C4BB43F79310B054D287BD7A.e.681","ELEMENT":"f.F224F5467F9D2405B90B14C4D938613F.d.2FC393F4C4BB43F79310B054D287BD7A.e.681"}]}
COMMAND: GET /session/ba25ee3f35503378ae2a46bc8e64128f/screenshot - {}
RESULT: {}
RESULT: {"script":"<script> [8489 bytes]","args":[{"element-6066-11e4-a52e-4f735466cecf":"f.F224F5467F9D2405B90B14C4D938613F.d.2FC393F4C4BB43F79310B054D287BD7A.e.681","ELEMENT":"f.F224F5467F9D2405B90B14C4D938613F.d.2FC393F4C4BB43F79310B054D287BD7A.e.681"}]}
COMMAND: POST /session/ba25ee3f35503378ae2a46bc8e64128f/execute/sync - {"script":"<script> [5351 bytes]","args":[{"element-6066-11e4-a52e-4f735466cecf":"f.F224F5467F9D2405B90B14C4D938613F.d.2FC393F4C4BB43F79310B054D287BD7A.e.681","ELEMENT":"f.F224F5467F9D2405B90B14C4D938613F.d.2FC393F4C4BB43F79310B054D287BD7A.e.681"}]}
COMMAND: GET /session/ba25ee3f35503378ae2a46bc8e64128f/screenshot - {}
RESULT: {}
RESULT: {"script":"<script> [5351 bytes]","args":[{"element-6066-11e4-a52e-4f735466cecf":"f.F224F5467F9D2405B90B14C4D938613F.d.2FC393F4C4BB43F79310B054D287BD7A.e.681","ELEMENT":"f.F224F5467F9D2405B90B14C4D938613F.d.2FC393F4C4BB43F79310B054D287BD7A.e.681"}]}
COMMAND: GET /session/ba25ee3f35503378ae2a46bc8e64128f/screenshot - {}
RESULT: {}
RESULT: {}
RESULT: undefined
COMMAND: POST /session/ba25ee3f35503378ae2a46bc8e64128f/execute/async - {"script":"<script> [776 bytes]","args":[{"enterText":"ThS9J76nxq","selector":{"id":"application-addressmanagement-display-component---masterAdm--smartFilterBar-btnBasicSearch","interaction":{"idSuffix":"I"}},"clearTextFirst":true,"interactionType":"ENTER_TEXT"}]}
RESULT: {"script":"<script> [776 bytes]","args":[{"enterText":"ThS9J76nxq","selector":{"id":"application-addressmanagement-display-component---masterAdm--smartFilterBar-btnBasicSearch","interaction":{"idSuffix":"I"}},"clearTextFirst":true,"interactionType":"ENTER_TEXT"}]}
COMMAND: POST /session/ba25ee3f35503378ae2a46bc8e64128f/actions - {"actions":[{"id":"action2","type":"key","parameters":{},"actions":[{"type":"keyDown","value":"î€‡"},{"type":"pause","duration":10},{"type":"keyUp","value":"î€‡"}]}]}
RESULT: {"actions":[{"id":"action2","type":"key","parameters":{},"actions":[{"type":"keyDown","value":"î€‡"},{"type":"pause","duration":10},{"type":"keyUp","value":"î€‡"}]}]}
COMMAND: GET /session/ba25ee3f35503378ae2a46bc8e64128f/screenshot - {}
RESULT: {}
COMMAND: POST /session/ba25ee3f35503378ae2a46bc8e64128f/elements - {"using":"xpath","value":"//table[contains(@id, \"customPersonsAddressesTable-listUl\")]/tbody/tr"}
RESULT: {"using":"xpath","value":"//table[contains(@id, \"customPersonsAddressesTable-listUl\")]/tbody/tr"}
COMMAND: POST /session/ba25ee3f35503378ae2a46bc8e64128f/element - {"using":"xpath","value":"//table[contains(@id, \"customPersonsAddressesTable-listUl\")]/tbody/tr[1]/td[5]/span/span"}
RESULT: {"using":"xpath","value":"//table[contains(@id, \"customPersonsAddressesTable-listUl\")]/tbody/tr[1]/td[5]/span/span"}
COMMAND: POST /session/ba25ee3f35503378ae2a46bc8e64128f/element - {"using":"xpath","value":"//table[contains(@id, \"customPersonsAddressesTable-listUl\")]/tbody/tr[1]/td[3]/span"}
RESULT: {"using":"xpath","value":"//table[contains(@id, \"customPersonsAddressesTable-listUl\")]/tbody/tr[1]/td[3]/span"}
COMMAND: POST /session/ba25ee3f35503378ae2a46bc8e64128f/elements - {"using":"xpath","value":"//table[contains(@id, \"customPersonsAddressesTable-listUl\")]/tbody/tr[1]/td[5]/span/span"}
RESULT: {"using":"xpath","value":"//table[contains(@id, \"customPersonsAddressesTable-listUl\")]/tbody/tr[1]/td[5]/span/span"}
COMMAND: POST /session/ba25ee3f35503378ae2a46bc8e64128f/execute/sync - {"script":"<script> [56 bytes]","args":[{"element-6066-11e4-a52e-4f735466cecf":"f.F224F5467F9D2405B90B14C4D938613F.d.2FC393F4C4BB43F79310B054D287BD7A.e.821","ELEMENT":"f.F224F5467F9D2405B90B14C4D938613F.d.2FC393F4C4BB43F79310B054D287BD7A.e.821"}]}
RESULT: {"script":"<script> [56 bytes]","args":[{"element-6066-11e4-a52e-4f735466cecf":"f.F224F5467F9D2405B90B14C4D938613F.d.2FC393F4C4BB43F79310B054D287BD7A.e.821","ELEMENT":"f.F224F5467F9D2405B90B14C4D938613F.d.2FC393F4C4BB43F79310B054D287BD7A.e.821"}]}
COMMAND: POST /session/ba25ee3f35503378ae2a46bc8e64128f/execute/sync - {"script":"<script> [56 bytes]","args":[{"element-6066-11e4-a52e-4f735466cecf":"f.F224F5467F9D2405B90B14C4D938613F.d.2FC393F4C4BB43F79310B054D287BD7A.e.822","ELEMENT":"f.F224F5467F9D2405B90B14C4D938613F.d.2FC393F4C4BB43F79310B054D287BD7A.e.822"}]}
COMMAND: GET /session/ba25ee3f35503378ae2a46bc8e64128f/screenshot - {}
RESULT: {"script":"<script> [56 bytes]","args":[{"element-6066-11e4-a52e-4f735466cecf":"f.F224F5467F9D2405B90B14C4D938613F.d.2FC393F4C4BB43F79310B054D287BD7A.e.822","ELEMENT":"f.F224F5467F9D2405B90B14C4D938613F.d.2FC393F4C4BB43F79310B054D287BD7A.e.822"}]}
COMMAND: POST /session/ba25ee3f35503378ae2a46bc8e64128f/element - {"using":"xpath","value":"//table[contains(@id, \"customPersonsAddressesTable-listUl\")]/tbody/tr[1]/td[10]/div/span"}
COMMAND: GET /session/ba25ee3f35503378ae2a46bc8e64128f/screenshot - {}
RESULT: {}
RESULT: {}
RESULT: {"using":"xpath","value":"//table[contains(@id, \"customPersonsAddressesTable-listUl\")]/tbody/tr[1]/td[10]/div/span"}
COMMAND: POST /session/ba25ee3f35503378ae2a46bc8e64128f/execute/sync - {"script":"<script> [56 bytes]","args":[{"element-6066-11e4-a52e-4f735466cecf":"f.F224F5467F9D2405B90B14C4D938613F.d.2FC393F4C4BB43F79310B054D287BD7A.e.823","ELEMENT":"f.F224F5467F9D2405B90B14C4D938613F.d.2FC393F4C4BB43F79310B054D287BD7A.e.823"}]}
RESULT: {"script":"<script> [56 bytes]","args":[{"element-6066-11e4-a52e-4f735466cecf":"f.F224F5467F9D2405B90B14C4D938613F.d.2FC393F4C4BB43F79310B054D287BD7A.e.823","ELEMENT":"f.F224F5467F9D2405B90B14C4D938613F.d.2FC393F4C4BB43F79310B054D287BD7A.e.823"}]}
COMMAND: POST /session/ba25ee3f35503378ae2a46bc8e64128f/element - {"using":"xpath","value":"//table[contains(@id, \"customPersonsAddressesTable-listUl\")]/tbody/tr[1]/td[2]/div/div"}
COMMAND: GET /session/ba25ee3f35503378ae2a46bc8e64128f/screenshot - {}
RESULT: {"using":"xpath","value":"//table[contains(@id, \"customPersonsAddressesTable-listUl\")]/tbody/tr[1]/td[2]/div/div"}
COMMAND: POST /session/ba25ee3f35503378ae2a46bc8e64128f/element/f.F224F5467F9D2405B90B14C4D938613F.d.2FC393F4C4BB43F79310B054D287BD7A.e.824/click - {}
RESULT: {}
RESULT: {}
COMMAND: GET /session/ba25ee3f35503378ae2a46bc8e64128f/screenshot - {}
RESULT: {}
COMMAND: POST /session/ba25ee3f35503378ae2a46bc8e64128f/element - {"using":"xpath","value":"//bdi[contains(text(), \"Deactivate\")]"}
RESULT: {"using":"xpath","value":"//bdi[contains(text(), \"Deactivate\")]"}
COMMAND: POST /session/ba25ee3f35503378ae2a46bc8e64128f/element/f.F224F5467F9D2405B90B14C4D938613F.d.2FC393F4C4BB43F79310B054D287BD7A.e.825/click - {}
RESULT: {}
COMMAND: GET /session/ba25ee3f35503378ae2a46bc8e64128f/screenshot - {}
RESULT: {}
COMMAND: POST /session/ba25ee3f35503378ae2a46bc8e64128f/element - {"using":"xpath","value":"//bdi[contains(text(), \"Yes\")]"}
RESULT: {"using":"xpath","value":"//bdi[contains(text(), \"Yes\")]"}
COMMAND: POST /session/ba25ee3f35503378ae2a46bc8e64128f/element/f.F224F5467F9D2405B90B14C4D938613F.d.2FC393F4C4BB43F79310B054D287BD7A.e.827/click - {}
RESULT: {}
COMMAND: GET /session/ba25ee3f35503378ae2a46bc8e64128f/screenshot - {}
RESULT: {}
COMMAND: POST /session/ba25ee3f35503378ae2a46bc8e64128f/element - {"using":"xpath","value":"//table[contains(@id, \"customPersonsAddressesTable-listUl\")]/tbody/tr[1]/td[10]/div/span"}
RESULT: {"using":"xpath","value":"//table[contains(@id, \"customPersonsAddressesTable-listUl\")]/tbody/tr[1]/td[10]/div/span"}
COMMAND: POST /session/ba25ee3f35503378ae2a46bc8e64128f/execute/sync - {"script":"<script> [56 bytes]","args":[{"element-6066-11e4-a52e-4f735466cecf":"f.F224F5467F9D2405B90B14C4D938613F.d.2FC393F4C4BB43F79310B054D287BD7A.e.823","ELEMENT":"f.F224F5467F9D2405B90B14C4D938613F.d.2FC393F4C4BB43F79310B054D287BD7A.e.823"}]}
RESULT: {"script":"<script> [56 bytes]","args":[{"element-6066-11e4-a52e-4f735466cecf":"f.F224F5467F9D2405B90B14C4D938613F.d.2FC393F4C4BB43F79310B054D287BD7A.e.823","ELEMENT":"f.F224F5467F9D2405B90B14C4D938613F.d.2FC393F4C4BB43F79310B054D287BD7A.e.823"}]}
COMMAND: GET /session/ba25ee3f35503378ae2a46bc8e64128f/screenshot - {}
RESULT: {}
COMMAND: POST /session/ba25ee3f35503378ae2a46bc8e64128f/element - {"using":"css selector","value":"#shell-header-logo"}
RESULT: {"using":"css selector","value":"#shell-header-logo"}
COMMAND: POST /session/ba25ee3f35503378ae2a46bc8e64128f/element/f.F224F5467F9D2405B90B14C4D938613F.d.2FC393F4C4BB43F79310B054D287BD7A.e.625/click - {}
RESULT: {}
COMMAND: GET /session/ba25ee3f35503378ae2a46bc8e64128f/screenshot - {}
RESULT: {}
]]></system-out>
    </testcase>
    <testcase classname="chrome.135_0_7049_96.windows.Address_Management_Tests_US151165_US151160" name="Step 3 Should activate the created address back again US151160" time="41.445">
      <system-out><![CDATA[
RESULT: undefined
COMMAND: POST /session/ba25ee3f35503378ae2a46bc8e64128f/element - {"using":"xpath","value":"//*[@id=\"__tile33\"]"}
RESULT: {"using":"xpath","value":"//*[@id=\"__tile33\"]"}
COMMAND: POST /session/ba25ee3f35503378ae2a46bc8e64128f/element/f.F224F5467F9D2405B90B14C4D938613F.d.2FC393F4C4BB43F79310B054D287BD7A.e.218/click - {}
RESULT: {}
COMMAND: POST /session/ba25ee3f35503378ae2a46bc8e64128f/element - {"using":"xpath","value":"//button[@data-kt=\"addButton\"]"}
COMMAND: GET /session/ba25ee3f35503378ae2a46bc8e64128f/screenshot - {}
RESULT: {"using":"xpath","value":"//button[@data-kt=\"addButton\"]"}
COMMAND: POST /session/ba25ee3f35503378ae2a46bc8e64128f/elements - {"using":"xpath","value":"//button[@data-kt=\"addButton\"]"}
RESULT: {}
RESULT: {"using":"xpath","value":"//button[@data-kt=\"addButton\"]"}
COMMAND: POST /session/ba25ee3f35503378ae2a46bc8e64128f/element - {"using":"xpath","value":"//button[@data-kt=\"addButton\"]"}
RESULT: {"using":"xpath","value":"//button[@data-kt=\"addButton\"]"}
COMMAND: POST /session/ba25ee3f35503378ae2a46bc8e64128f/execute/sync - {"script":"<script> [8489 bytes]","args":[{"element-6066-11e4-a52e-4f735466cecf":"f.F224F5467F9D2405B90B14C4D938613F.d.2FC393F4C4BB43F79310B054D287BD7A.e.889","ELEMENT":"f.F224F5467F9D2405B90B14C4D938613F.d.2FC393F4C4BB43F79310B054D287BD7A.e.889"}]}
RESULT: {"script":"<script> [8489 bytes]","args":[{"element-6066-11e4-a52e-4f735466cecf":"f.F224F5467F9D2405B90B14C4D938613F.d.2FC393F4C4BB43F79310B054D287BD7A.e.889","ELEMENT":"f.F224F5467F9D2405B90B14C4D938613F.d.2FC393F4C4BB43F79310B054D287BD7A.e.889"}]}
COMMAND: GET /session/ba25ee3f35503378ae2a46bc8e64128f/element/f.F224F5467F9D2405B90B14C4D938613F.d.2FC393F4C4BB43F79310B054D287BD7A.e.889/enabled - {}
COMMAND: GET /session/ba25ee3f35503378ae2a46bc8e64128f/screenshot - {}
RESULT: {}
COMMAND: POST /session/ba25ee3f35503378ae2a46bc8e64128f/execute/sync - {"script":"<script> [8489 bytes]","args":[{"element-6066-11e4-a52e-4f735466cecf":"f.F224F5467F9D2405B90B14C4D938613F.d.2FC393F4C4BB43F79310B054D287BD7A.e.889","ELEMENT":"f.F224F5467F9D2405B90B14C4D938613F.d.2FC393F4C4BB43F79310B054D287BD7A.e.889"}]}
COMMAND: GET /session/ba25ee3f35503378ae2a46bc8e64128f/screenshot - {}
RESULT: {}
RESULT: {"script":"<script> [8489 bytes]","args":[{"element-6066-11e4-a52e-4f735466cecf":"f.F224F5467F9D2405B90B14C4D938613F.d.2FC393F4C4BB43F79310B054D287BD7A.e.889","ELEMENT":"f.F224F5467F9D2405B90B14C4D938613F.d.2FC393F4C4BB43F79310B054D287BD7A.e.889"}]}
COMMAND: POST /session/ba25ee3f35503378ae2a46bc8e64128f/execute/sync - {"script":"<script> [5351 bytes]","args":[{"element-6066-11e4-a52e-4f735466cecf":"f.F224F5467F9D2405B90B14C4D938613F.d.2FC393F4C4BB43F79310B054D287BD7A.e.889","ELEMENT":"f.F224F5467F9D2405B90B14C4D938613F.d.2FC393F4C4BB43F79310B054D287BD7A.e.889"}]}
COMMAND: GET /session/ba25ee3f35503378ae2a46bc8e64128f/screenshot - {}
RESULT: {}
RESULT: {"script":"<script> [5351 bytes]","args":[{"element-6066-11e4-a52e-4f735466cecf":"f.F224F5467F9D2405B90B14C4D938613F.d.2FC393F4C4BB43F79310B054D287BD7A.e.889","ELEMENT":"f.F224F5467F9D2405B90B14C4D938613F.d.2FC393F4C4BB43F79310B054D287BD7A.e.889"}]}
COMMAND: GET /session/ba25ee3f35503378ae2a46bc8e64128f/screenshot - {}
RESULT: {}
RESULT: {}
RESULT: undefined
COMMAND: POST /session/ba25ee3f35503378ae2a46bc8e64128f/execute/async - {"script":"<script> [776 bytes]","args":[{"enterText":"ThS9J76nxq","selector":{"id":"application-addressmanagement-display-component---masterAdm--smartFilterBar-btnBasicSearch","interaction":{"idSuffix":"I"}},"clearTextFirst":true,"interactionType":"ENTER_TEXT"}]}
RESULT: {"script":"<script> [776 bytes]","args":[{"enterText":"ThS9J76nxq","selector":{"id":"application-addressmanagement-display-component---masterAdm--smartFilterBar-btnBasicSearch","interaction":{"idSuffix":"I"}},"clearTextFirst":true,"interactionType":"ENTER_TEXT"}]}
COMMAND: POST /session/ba25ee3f35503378ae2a46bc8e64128f/actions - {"actions":[{"id":"action3","type":"key","parameters":{},"actions":[{"type":"keyDown","value":"î€‡"},{"type":"pause","duration":10},{"type":"keyUp","value":"î€‡"}]}]}
RESULT: {"actions":[{"id":"action3","type":"key","parameters":{},"actions":[{"type":"keyDown","value":"î€‡"},{"type":"pause","duration":10},{"type":"keyUp","value":"î€‡"}]}]}
COMMAND: GET /session/ba25ee3f35503378ae2a46bc8e64128f/screenshot - {}
RESULT: {}
COMMAND: POST /session/ba25ee3f35503378ae2a46bc8e64128f/elements - {"using":"xpath","value":"//table[contains(@id, \"customPersonsAddressesTable-listUl\")]/tbody/tr"}
RESULT: {"using":"xpath","value":"//table[contains(@id, \"customPersonsAddressesTable-listUl\")]/tbody/tr"}
COMMAND: POST /session/ba25ee3f35503378ae2a46bc8e64128f/element - {"using":"xpath","value":"//table[contains(@id, \"customPersonsAddressesTable-listUl\")]/tbody/tr[1]/td[5]/span/span"}
RESULT: {"using":"xpath","value":"//table[contains(@id, \"customPersonsAddressesTable-listUl\")]/tbody/tr[1]/td[5]/span/span"}
COMMAND: POST /session/ba25ee3f35503378ae2a46bc8e64128f/element - {"using":"xpath","value":"//table[contains(@id, \"customPersonsAddressesTable-listUl\")]/tbody/tr[1]/td[3]/span"}
RESULT: {"using":"xpath","value":"//table[contains(@id, \"customPersonsAddressesTable-listUl\")]/tbody/tr[1]/td[3]/span"}
COMMAND: POST /session/ba25ee3f35503378ae2a46bc8e64128f/elements - {"using":"xpath","value":"//table[contains(@id, \"customPersonsAddressesTable-listUl\")]/tbody/tr[1]/td[5]/span/span"}
RESULT: {"using":"xpath","value":"//table[contains(@id, \"customPersonsAddressesTable-listUl\")]/tbody/tr[1]/td[5]/span/span"}
COMMAND: POST /session/ba25ee3f35503378ae2a46bc8e64128f/execute/sync - {"script":"<script> [56 bytes]","args":[{"element-6066-11e4-a52e-4f735466cecf":"f.F224F5467F9D2405B90B14C4D938613F.d.2FC393F4C4BB43F79310B054D287BD7A.e.1031","ELEMENT":"f.F224F5467F9D2405B90B14C4D938613F.d.2FC393F4C4BB43F79310B054D287BD7A.e.1031"}]}
RESULT: {"script":"<script> [56 bytes]","args":[{"element-6066-11e4-a52e-4f735466cecf":"f.F224F5467F9D2405B90B14C4D938613F.d.2FC393F4C4BB43F79310B054D287BD7A.e.1031","ELEMENT":"f.F224F5467F9D2405B90B14C4D938613F.d.2FC393F4C4BB43F79310B054D287BD7A.e.1031"}]}
COMMAND: POST /session/ba25ee3f35503378ae2a46bc8e64128f/execute/sync - {"script":"<script> [56 bytes]","args":[{"element-6066-11e4-a52e-4f735466cecf":"f.F224F5467F9D2405B90B14C4D938613F.d.2FC393F4C4BB43F79310B054D287BD7A.e.1032","ELEMENT":"f.F224F5467F9D2405B90B14C4D938613F.d.2FC393F4C4BB43F79310B054D287BD7A.e.1032"}]}
COMMAND: GET /session/ba25ee3f35503378ae2a46bc8e64128f/screenshot - {}
RESULT: {"script":"<script> [56 bytes]","args":[{"element-6066-11e4-a52e-4f735466cecf":"f.F224F5467F9D2405B90B14C4D938613F.d.2FC393F4C4BB43F79310B054D287BD7A.e.1032","ELEMENT":"f.F224F5467F9D2405B90B14C4D938613F.d.2FC393F4C4BB43F79310B054D287BD7A.e.1032"}]}
COMMAND: POST /session/ba25ee3f35503378ae2a46bc8e64128f/element - {"using":"xpath","value":"//table[contains(@id, \"customPersonsAddressesTable-listUl\")]/tbody/tr[1]/td[10]/div/span"}
COMMAND: GET /session/ba25ee3f35503378ae2a46bc8e64128f/screenshot - {}
RESULT: {}
RESULT: {"using":"xpath","value":"//table[contains(@id, \"customPersonsAddressesTable-listUl\")]/tbody/tr[1]/td[10]/div/span"}
COMMAND: POST /session/ba25ee3f35503378ae2a46bc8e64128f/execute/sync - {"script":"<script> [56 bytes]","args":[{"element-6066-11e4-a52e-4f735466cecf":"f.F224F5467F9D2405B90B14C4D938613F.d.2FC393F4C4BB43F79310B054D287BD7A.e.1033","ELEMENT":"f.F224F5467F9D2405B90B14C4D938613F.d.2FC393F4C4BB43F79310B054D287BD7A.e.1033"}]}
RESULT: {}
RESULT: {"script":"<script> [56 bytes]","args":[{"element-6066-11e4-a52e-4f735466cecf":"f.F224F5467F9D2405B90B14C4D938613F.d.2FC393F4C4BB43F79310B054D287BD7A.e.1033","ELEMENT":"f.F224F5467F9D2405B90B14C4D938613F.d.2FC393F4C4BB43F79310B054D287BD7A.e.1033"}]}
COMMAND: POST /session/ba25ee3f35503378ae2a46bc8e64128f/element - {"using":"xpath","value":"//table[contains(@id, \"customPersonsAddressesTable-listUl\")]/tbody/tr[1]/td[2]/div/div"}
COMMAND: GET /session/ba25ee3f35503378ae2a46bc8e64128f/screenshot - {}
RESULT: {"using":"xpath","value":"//table[contains(@id, \"customPersonsAddressesTable-listUl\")]/tbody/tr[1]/td[2]/div/div"}
COMMAND: POST /session/ba25ee3f35503378ae2a46bc8e64128f/element/f.F224F5467F9D2405B90B14C4D938613F.d.2FC393F4C4BB43F79310B054D287BD7A.e.1034/click - {}
RESULT: {}
RESULT: {}
COMMAND: GET /session/ba25ee3f35503378ae2a46bc8e64128f/screenshot - {}
RESULT: {}
COMMAND: POST /session/ba25ee3f35503378ae2a46bc8e64128f/element - {"using":"xpath","value":"//bdi[contains(text(), \"Activate\")]"}
RESULT: {"using":"xpath","value":"//bdi[contains(text(), \"Activate\")]"}
COMMAND: POST /session/ba25ee3f35503378ae2a46bc8e64128f/element/f.F224F5467F9D2405B90B14C4D938613F.d.2FC393F4C4BB43F79310B054D287BD7A.e.1035/click - {}
RESULT: {}
COMMAND: GET /session/ba25ee3f35503378ae2a46bc8e64128f/screenshot - {}
RESULT: {}
COMMAND: POST /session/ba25ee3f35503378ae2a46bc8e64128f/element - {"using":"xpath","value":"//bdi[contains(text(), \"Yes\")]"}
RESULT: {"using":"xpath","value":"//bdi[contains(text(), \"Yes\")]"}
COMMAND: POST /session/ba25ee3f35503378ae2a46bc8e64128f/element/f.F224F5467F9D2405B90B14C4D938613F.d.2FC393F4C4BB43F79310B054D287BD7A.e.1037/click - {}
RESULT: {}
COMMAND: GET /session/ba25ee3f35503378ae2a46bc8e64128f/screenshot - {}
RESULT: {}
COMMAND: POST /session/ba25ee3f35503378ae2a46bc8e64128f/element - {"using":"xpath","value":"//table[contains(@id, \"customPersonsAddressesTable-listUl\")]/tbody/tr[1]/td[10]/div/span"}
RESULT: {"using":"xpath","value":"//table[contains(@id, \"customPersonsAddressesTable-listUl\")]/tbody/tr[1]/td[10]/div/span"}
COMMAND: POST /session/ba25ee3f35503378ae2a46bc8e64128f/execute/sync - {"script":"<script> [56 bytes]","args":[{"element-6066-11e4-a52e-4f735466cecf":"f.F224F5467F9D2405B90B14C4D938613F.d.2FC393F4C4BB43F79310B054D287BD7A.e.1033","ELEMENT":"f.F224F5467F9D2405B90B14C4D938613F.d.2FC393F4C4BB43F79310B054D287BD7A.e.1033"}]}
RESULT: {"script":"<script> [56 bytes]","args":[{"element-6066-11e4-a52e-4f735466cecf":"f.F224F5467F9D2405B90B14C4D938613F.d.2FC393F4C4BB43F79310B054D287BD7A.e.1033","ELEMENT":"f.F224F5467F9D2405B90B14C4D938613F.d.2FC393F4C4BB43F79310B054D287BD7A.e.1033"}]}
COMMAND: GET /session/ba25ee3f35503378ae2a46bc8e64128f/screenshot - {}
RESULT: {}
COMMAND: POST /session/ba25ee3f35503378ae2a46bc8e64128f/element - {"using":"css selector","value":"#shell-header-logo"}
RESULT: {"using":"css selector","value":"#shell-header-logo"}
COMMAND: POST /session/ba25ee3f35503378ae2a46bc8e64128f/element/f.F224F5467F9D2405B90B14C4D938613F.d.2FC393F4C4BB43F79310B054D287BD7A.e.835/click - {}
RESULT: {}
COMMAND: GET /session/ba25ee3f35503378ae2a46bc8e64128f/screenshot - {}
RESULT: {}
]]></system-out>
    </testcase>
    <testcase classname="chrome.135_0_7049_96.windows.Address_Management_Tests_US151165_US151160" name="Step 4 Should add an attachment to the created address US151166" time="59.644">
      <system-out><![CDATA[
RESULT: undefined
COMMAND: POST /session/ba25ee3f35503378ae2a46bc8e64128f/element - {"using":"xpath","value":"//*[@id=\"__tile33\"]"}
RESULT: {"using":"xpath","value":"//*[@id=\"__tile33\"]"}
COMMAND: POST /session/ba25ee3f35503378ae2a46bc8e64128f/element/f.F224F5467F9D2405B90B14C4D938613F.d.2FC393F4C4BB43F79310B054D287BD7A.e.218/click - {}
RESULT: {}
COMMAND: POST /session/ba25ee3f35503378ae2a46bc8e64128f/element - {"using":"xpath","value":"//button[@data-kt=\"addButton\"]"}
COMMAND: GET /session/ba25ee3f35503378ae2a46bc8e64128f/screenshot - {}
RESULT: {"using":"xpath","value":"//button[@data-kt=\"addButton\"]"}
COMMAND: POST /session/ba25ee3f35503378ae2a46bc8e64128f/elements - {"using":"xpath","value":"//button[@data-kt=\"addButton\"]"}
RESULT: {}
RESULT: {"using":"xpath","value":"//button[@data-kt=\"addButton\"]"}
COMMAND: POST /session/ba25ee3f35503378ae2a46bc8e64128f/element - {"using":"xpath","value":"//button[@data-kt=\"addButton\"]"}
RESULT: {"using":"xpath","value":"//button[@data-kt=\"addButton\"]"}
COMMAND: POST /session/ba25ee3f35503378ae2a46bc8e64128f/execute/sync - {"script":"<script> [8489 bytes]","args":[{"element-6066-11e4-a52e-4f735466cecf":"f.F224F5467F9D2405B90B14C4D938613F.d.2FC393F4C4BB43F79310B054D287BD7A.e.1099","ELEMENT":"f.F224F5467F9D2405B90B14C4D938613F.d.2FC393F4C4BB43F79310B054D287BD7A.e.1099"}]}
RESULT: {"script":"<script> [8489 bytes]","args":[{"element-6066-11e4-a52e-4f735466cecf":"f.F224F5467F9D2405B90B14C4D938613F.d.2FC393F4C4BB43F79310B054D287BD7A.e.1099","ELEMENT":"f.F224F5467F9D2405B90B14C4D938613F.d.2FC393F4C4BB43F79310B054D287BD7A.e.1099"}]}
COMMAND: GET /session/ba25ee3f35503378ae2a46bc8e64128f/element/f.F224F5467F9D2405B90B14C4D938613F.d.2FC393F4C4BB43F79310B054D287BD7A.e.1099/enabled - {}
COMMAND: GET /session/ba25ee3f35503378ae2a46bc8e64128f/screenshot - {}
RESULT: {}
COMMAND: POST /session/ba25ee3f35503378ae2a46bc8e64128f/execute/sync - {"script":"<script> [8489 bytes]","args":[{"element-6066-11e4-a52e-4f735466cecf":"f.F224F5467F9D2405B90B14C4D938613F.d.2FC393F4C4BB43F79310B054D287BD7A.e.1099","ELEMENT":"f.F224F5467F9D2405B90B14C4D938613F.d.2FC393F4C4BB43F79310B054D287BD7A.e.1099"}]}
COMMAND: GET /session/ba25ee3f35503378ae2a46bc8e64128f/screenshot - {}
RESULT: {}
RESULT: {"script":"<script> [8489 bytes]","args":[{"element-6066-11e4-a52e-4f735466cecf":"f.F224F5467F9D2405B90B14C4D938613F.d.2FC393F4C4BB43F79310B054D287BD7A.e.1099","ELEMENT":"f.F224F5467F9D2405B90B14C4D938613F.d.2FC393F4C4BB43F79310B054D287BD7A.e.1099"}]}
COMMAND: POST /session/ba25ee3f35503378ae2a46bc8e64128f/execute/sync - {"script":"<script> [5351 bytes]","args":[{"element-6066-11e4-a52e-4f735466cecf":"f.F224F5467F9D2405B90B14C4D938613F.d.2FC393F4C4BB43F79310B054D287BD7A.e.1099","ELEMENT":"f.F224F5467F9D2405B90B14C4D938613F.d.2FC393F4C4BB43F79310B054D287BD7A.e.1099"}]}
COMMAND: GET /session/ba25ee3f35503378ae2a46bc8e64128f/screenshot - {}
RESULT: {}
RESULT: {"script":"<script> [5351 bytes]","args":[{"element-6066-11e4-a52e-4f735466cecf":"f.F224F5467F9D2405B90B14C4D938613F.d.2FC393F4C4BB43F79310B054D287BD7A.e.1099","ELEMENT":"f.F224F5467F9D2405B90B14C4D938613F.d.2FC393F4C4BB43F79310B054D287BD7A.e.1099"}]}
COMMAND: GET /session/ba25ee3f35503378ae2a46bc8e64128f/screenshot - {}
RESULT: {}
RESULT: {}
RESULT: undefined
COMMAND: POST /session/ba25ee3f35503378ae2a46bc8e64128f/execute/async - {"script":"<script> [776 bytes]","args":[{"enterText":"ThS9J76nxq","selector":{"id":"application-addressmanagement-display-component---masterAdm--smartFilterBar-btnBasicSearch","interaction":{"idSuffix":"I"}},"clearTextFirst":true,"interactionType":"ENTER_TEXT"}]}
RESULT: {"script":"<script> [776 bytes]","args":[{"enterText":"ThS9J76nxq","selector":{"id":"application-addressmanagement-display-component---masterAdm--smartFilterBar-btnBasicSearch","interaction":{"idSuffix":"I"}},"clearTextFirst":true,"interactionType":"ENTER_TEXT"}]}
COMMAND: POST /session/ba25ee3f35503378ae2a46bc8e64128f/actions - {"actions":[{"id":"action4","type":"key","parameters":{},"actions":[{"type":"keyDown","value":"î€‡"},{"type":"pause","duration":10},{"type":"keyUp","value":"î€‡"}]}]}
RESULT: {"actions":[{"id":"action4","type":"key","parameters":{},"actions":[{"type":"keyDown","value":"î€‡"},{"type":"pause","duration":10},{"type":"keyUp","value":"î€‡"}]}]}
COMMAND: GET /session/ba25ee3f35503378ae2a46bc8e64128f/screenshot - {}
RESULT: {}
COMMAND: POST /session/ba25ee3f35503378ae2a46bc8e64128f/elements - {"using":"xpath","value":"//table[contains(@id, \"customPersonsAddressesTable-listUl\")]/tbody/tr"}
RESULT: {"using":"xpath","value":"//table[contains(@id, \"customPersonsAddressesTable-listUl\")]/tbody/tr"}
COMMAND: POST /session/ba25ee3f35503378ae2a46bc8e64128f/element - {"using":"xpath","value":"//table[contains(@id, \"customPersonsAddressesTable-listUl\")]/tbody/tr[1]/td[5]/span/span"}
RESULT: {"using":"xpath","value":"//table[contains(@id, \"customPersonsAddressesTable-listUl\")]/tbody/tr[1]/td[5]/span/span"}
COMMAND: POST /session/ba25ee3f35503378ae2a46bc8e64128f/element - {"using":"xpath","value":"//table[contains(@id, \"customPersonsAddressesTable-listUl\")]/tbody/tr[1]/td[3]/span"}
RESULT: {"using":"xpath","value":"//table[contains(@id, \"customPersonsAddressesTable-listUl\")]/tbody/tr[1]/td[3]/span"}
COMMAND: POST /session/ba25ee3f35503378ae2a46bc8e64128f/elements - {"using":"xpath","value":"//table[contains(@id, \"customPersonsAddressesTable-listUl\")]/tbody/tr[1]/td[5]/span/span"}
RESULT: {"using":"xpath","value":"//table[contains(@id, \"customPersonsAddressesTable-listUl\")]/tbody/tr[1]/td[5]/span/span"}
COMMAND: POST /session/ba25ee3f35503378ae2a46bc8e64128f/execute/sync - {"script":"<script> [56 bytes]","args":[{"element-6066-11e4-a52e-4f735466cecf":"f.F224F5467F9D2405B90B14C4D938613F.d.2FC393F4C4BB43F79310B054D287BD7A.e.1239","ELEMENT":"f.F224F5467F9D2405B90B14C4D938613F.d.2FC393F4C4BB43F79310B054D287BD7A.e.1239"}]}
RESULT: {"script":"<script> [56 bytes]","args":[{"element-6066-11e4-a52e-4f735466cecf":"f.F224F5467F9D2405B90B14C4D938613F.d.2FC393F4C4BB43F79310B054D287BD7A.e.1239","ELEMENT":"f.F224F5467F9D2405B90B14C4D938613F.d.2FC393F4C4BB43F79310B054D287BD7A.e.1239"}]}
COMMAND: POST /session/ba25ee3f35503378ae2a46bc8e64128f/execute/sync - {"script":"<script> [56 bytes]","args":[{"element-6066-11e4-a52e-4f735466cecf":"f.F224F5467F9D2405B90B14C4D938613F.d.2FC393F4C4BB43F79310B054D287BD7A.e.1240","ELEMENT":"f.F224F5467F9D2405B90B14C4D938613F.d.2FC393F4C4BB43F79310B054D287BD7A.e.1240"}]}
COMMAND: GET /session/ba25ee3f35503378ae2a46bc8e64128f/screenshot - {}
RESULT: {"script":"<script> [56 bytes]","args":[{"element-6066-11e4-a52e-4f735466cecf":"f.F224F5467F9D2405B90B14C4D938613F.d.2FC393F4C4BB43F79310B054D287BD7A.e.1240","ELEMENT":"f.F224F5467F9D2405B90B14C4D938613F.d.2FC393F4C4BB43F79310B054D287BD7A.e.1240"}]}
COMMAND: POST /session/ba25ee3f35503378ae2a46bc8e64128f/element - {"using":"xpath","value":"(//span[contains(@id, \"imgNav\")])[1]"}
COMMAND: GET /session/ba25ee3f35503378ae2a46bc8e64128f/screenshot - {}
RESULT: {}
RESULT: {"using":"xpath","value":"(//span[contains(@id, \"imgNav\")])[1]"}
COMMAND: POST /session/ba25ee3f35503378ae2a46bc8e64128f/element/f.F224F5467F9D2405B90B14C4D938613F.d.2FC393F4C4BB43F79310B054D287BD7A.e.1236/click - {}
RESULT: {}
RESULT: {}
COMMAND: GET /session/ba25ee3f35503378ae2a46bc8e64128f/screenshot - {}
RESULT: {}
COMMAND: POST /session/ba25ee3f35503378ae2a46bc8e64128f/element - {"using":"xpath","value":"//bdi[contains(text(), \"Edit\")]"}
RESULT: {"using":"xpath","value":"//bdi[contains(text(), \"Edit\")]"}
COMMAND: POST /session/ba25ee3f35503378ae2a46bc8e64128f/element/f.F224F5467F9D2405B90B14C4D938613F.d.2FC393F4C4BB43F79310B054D287BD7A.e.1363/click - {}
RESULT: {}
COMMAND: GET /session/ba25ee3f35503378ae2a46bc8e64128f/screenshot - {}
RESULT: {}
COMMAND: POST /session/ba25ee3f35503378ae2a46bc8e64128f/execute/async - {"script":"<script> [1562 bytes]","args":[{"selector":{"controlType":"sap.m.Button","viewName":"etm.portal.ui.addressmanagement.view.EditDetail","properties":{"text":"Attachments (0)"},"interaction":{"idSuffix":"BDI-content"}},"wdio_ui5_key":"etmportal.ui.addressmanagement.view.EditDetailsap.m.Button{\"text\":\"Attachments (0)\"}"}]}
RESULT: {"script":"<script> [1562 bytes]","args":[{"selector":{"controlType":"sap.m.Button","viewName":"etm.portal.ui.addressmanagement.view.EditDetail","properties":{"text":"Attachments (0)"},"interaction":{"idSuffix":"BDI-content"}},"wdio_ui5_key":"etmportal.ui.addressmanagement.view.EditDetailsap.m.Button{\"text\":\"Attachments (0)\"}"}]}
RESULT: undefined
COMMAND: POST /session/ba25ee3f35503378ae2a46bc8e64128f/element - {"using":"xpath","value":"//*[@id=\"__xmlview59--ObjectPageLayout-anchBar-__xmlview59--attachments-anchor\"]"}
RESULT: {"using":"xpath","value":"//*[@id=\"__xmlview59--ObjectPageLayout-anchBar-__xmlview59--attachments-anchor\"]"}
COMMAND: POST /session/ba25ee3f35503378ae2a46bc8e64128f/element/f.F224F5467F9D2405B90B14C4D938613F.d.2FC393F4C4BB43F79310B054D287BD7A.e.1418/click - {}
RESULT: {}
COMMAND: GET /session/ba25ee3f35503378ae2a46bc8e64128f/screenshot - {}
RESULT: {}
COMMAND: POST /session/ba25ee3f35503378ae2a46bc8e64128f/file - {"file":"[base64] 459776 bytes"}
RESULT: {"file":"[base64] 459776 bytes"}
COMMAND: POST /session/ba25ee3f35503378ae2a46bc8e64128f/element - {"using":"css selector","value":"input[type=\"file\"]"}
RESULT: {"using":"css selector","value":"input[type=\"file\"]"}
COMMAND: POST /session/ba25ee3f35503378ae2a46bc8e64128f/element/f.F224F5467F9D2405B90B14C4D938613F.d.2FC393F4C4BB43F79310B054D287BD7A.e.1395/clear - {}
RESULT: {}
COMMAND: POST /session/ba25ee3f35503378ae2a46bc8e64128f/element/f.F224F5467F9D2405B90B14C4D938613F.d.2FC393F4C4BB43F79310B054D287BD7A.e.1395/value - {"text":"C:\\Windows\\SystemTemp\\scoped_dir4740_1025639327\\upload4740_147446289\\address-mng-pic.png"}
COMMAND: GET /session/ba25ee3f35503378ae2a46bc8e64128f/screenshot - {}
RESULT: {"text":"C:\\Windows\\SystemTemp\\scoped_dir4740_1025639327\\upload4740_147446289\\address-mng-pic.png"}
COMMAND: GET /session/ba25ee3f35503378ae2a46bc8e64128f/screenshot - {}
RESULT: {}
RESULT: {}
COMMAND: POST /session/ba25ee3f35503378ae2a46bc8e64128f/element - {"using":"xpath","value":"//button[@data-kt=\"saveButton\"]"}
RESULT: {"using":"xpath","value":"//button[@data-kt=\"saveButton\"]"}
COMMAND: POST /session/ba25ee3f35503378ae2a46bc8e64128f/element/f.F224F5467F9D2405B90B14C4D938613F.d.2FC393F4C4BB43F79310B054D287BD7A.e.1444/click - {}
RESULT: {}
COMMAND: GET /session/ba25ee3f35503378ae2a46bc8e64128f/screenshot - {}
RESULT: {}
COMMAND: POST /session/ba25ee3f35503378ae2a46bc8e64128f/execute/async - {"script":"<script> [1562 bytes]","args":[{"selector":{"id":"application-addressmanagement-display-component---detailAdm--ObjectPageLayout-anchBar-application-addressmanagement-display-component---detailAdm--attachments-anchor","interaction":{"idSuffix":"content"}},"wdio_ui5_key":"applicationaddressmanagement-display-component---detailAdm--ObjectPageLayout-anchBar-application-addressmanagement-display-component---detailAdm--attachments-anchor"}]}
RESULT: {"script":"<script> [1562 bytes]","args":[{"selector":{"id":"application-addressmanagement-display-component---detailAdm--ObjectPageLayout-anchBar-application-addressmanagement-display-component---detailAdm--attachments-anchor","interaction":{"idSuffix":"content"}},"wdio_ui5_key":"applicationaddressmanagement-display-component---detailAdm--ObjectPageLayout-anchBar-application-addressmanagement-display-component---detailAdm--attachments-anchor"}]}
RESULT: undefined
COMMAND: POST /session/ba25ee3f35503378ae2a46bc8e64128f/element - {"using":"xpath","value":"//*[@id=\"application-addressmanagement-display-component---detailAdm--ObjectPageLayout-anchBar-application-addressmanagement-display-component---detailAdm--attachments-anchor\"]"}
RESULT: {"using":"xpath","value":"//*[@id=\"application-addressmanagement-display-component---detailAdm--ObjectPageLayout-anchBar-application-addressmanagement-display-component---detailAdm--attachments-anchor\"]"}
COMMAND: POST /session/ba25ee3f35503378ae2a46bc8e64128f/element/f.F224F5467F9D2405B90B14C4D938613F.d.2FC393F4C4BB43F79310B054D287BD7A.e.1450/click - {}
RESULT: {}
COMMAND: GET /session/ba25ee3f35503378ae2a46bc8e64128f/screenshot - {}
RESULT: {}
COMMAND: POST /session/ba25ee3f35503378ae2a46bc8e64128f/execute/async - {"script":"<script> [1562 bytes]","args":[{"selector":{"id":"application-addressmanagement-display-component---detailAdm--attachments"},"wdio_ui5_key":"applicationaddressmanagement-display-component---detailAdm--attachments"}]}
RESULT: {"script":"<script> [1562 bytes]","args":[{"selector":{"id":"application-addressmanagement-display-component---detailAdm--attachments"},"wdio_ui5_key":"applicationaddressmanagement-display-component---detailAdm--attachments"}]}
RESULT: undefined
COMMAND: POST /session/ba25ee3f35503378ae2a46bc8e64128f/execute/async - {"script":"<script> [6424 bytes]","args":[{"element-6066-11e4-a52e-4f735466cecf":"f.F224F5467F9D2405B90B14C4D938613F.d.2FC393F4C4BB43F79310B054D287BD7A.e.1346"},"getTitle",[]]}
RESULT: {"script":"<script> [6424 bytes]","args":[{"element-6066-11e4-a52e-4f735466cecf":"f.F224F5467F9D2405B90B14C4D938613F.d.2FC393F4C4BB43F79310B054D287BD7A.e.1346"},"getTitle",[]]}
COMMAND: POST /session/ba25ee3f35503378ae2a46bc8e64128f/element - {"using":"css selector","value":"#shell-header-logo"}
RESULT: {"using":"css selector","value":"#shell-header-logo"}
COMMAND: POST /session/ba25ee3f35503378ae2a46bc8e64128f/element/f.F224F5467F9D2405B90B14C4D938613F.d.2FC393F4C4BB43F79310B054D287BD7A.e.1044/click - {}
RESULT: {}
COMMAND: GET /session/ba25ee3f35503378ae2a46bc8e64128f/screenshot - {}
RESULT: {}
]]></system-out>
    </testcase>
    <testcase classname="chrome.135_0_7049_96.windows.Address_Management_Tests_US151165_US151160" name="Step 5 Should remove the added attachment on the created address US151168" time="59.824">
      <system-out><![CDATA[
RESULT: undefined
COMMAND: POST /session/ba25ee3f35503378ae2a46bc8e64128f/element - {"using":"xpath","value":"//*[@id=\"__tile33\"]"}
RESULT: {"using":"xpath","value":"//*[@id=\"__tile33\"]"}
COMMAND: POST /session/ba25ee3f35503378ae2a46bc8e64128f/element/f.F224F5467F9D2405B90B14C4D938613F.d.2FC393F4C4BB43F79310B054D287BD7A.e.218/click - {}
RESULT: {}
COMMAND: POST /session/ba25ee3f35503378ae2a46bc8e64128f/element - {"using":"xpath","value":"//button[@data-kt=\"addButton\"]"}
COMMAND: GET /session/ba25ee3f35503378ae2a46bc8e64128f/screenshot - {}
RESULT: {"using":"xpath","value":"//button[@data-kt=\"addButton\"]"}
COMMAND: POST /session/ba25ee3f35503378ae2a46bc8e64128f/elements - {"using":"xpath","value":"//button[@data-kt=\"addButton\"]"}
RESULT: {}
RESULT: {"using":"xpath","value":"//button[@data-kt=\"addButton\"]"}
COMMAND: POST /session/ba25ee3f35503378ae2a46bc8e64128f/execute/sync - {"script":"<script> [8489 bytes]","args":[{"element-6066-11e4-a52e-4f735466cecf":"f.F224F5467F9D2405B90B14C4D938613F.d.2FC393F4C4BB43F79310B054D287BD7A.e.1514","ELEMENT":"f.F224F5467F9D2405B90B14C4D938613F.d.2FC393F4C4BB43F79310B054D287BD7A.e.1514"}]}
RESULT: {"script":"<script> [8489 bytes]","args":[{"element-6066-11e4-a52e-4f735466cecf":"f.F224F5467F9D2405B90B14C4D938613F.d.2FC393F4C4BB43F79310B054D287BD7A.e.1514","ELEMENT":"f.F224F5467F9D2405B90B14C4D938613F.d.2FC393F4C4BB43F79310B054D287BD7A.e.1514"}]}
COMMAND: GET /session/ba25ee3f35503378ae2a46bc8e64128f/element/f.F224F5467F9D2405B90B14C4D938613F.d.2FC393F4C4BB43F79310B054D287BD7A.e.1514/enabled - {}
COMMAND: GET /session/ba25ee3f35503378ae2a46bc8e64128f/screenshot - {}
RESULT: {}
COMMAND: POST /session/ba25ee3f35503378ae2a46bc8e64128f/execute/sync - {"script":"<script> [8489 bytes]","args":[{"element-6066-11e4-a52e-4f735466cecf":"f.F224F5467F9D2405B90B14C4D938613F.d.2FC393F4C4BB43F79310B054D287BD7A.e.1514","ELEMENT":"f.F224F5467F9D2405B90B14C4D938613F.d.2FC393F4C4BB43F79310B054D287BD7A.e.1514"}]}
COMMAND: GET /session/ba25ee3f35503378ae2a46bc8e64128f/screenshot - {}
RESULT: {}
RESULT: {"script":"<script> [8489 bytes]","args":[{"element-6066-11e4-a52e-4f735466cecf":"f.F224F5467F9D2405B90B14C4D938613F.d.2FC393F4C4BB43F79310B054D287BD7A.e.1514","ELEMENT":"f.F224F5467F9D2405B90B14C4D938613F.d.2FC393F4C4BB43F79310B054D287BD7A.e.1514"}]}
COMMAND: POST /session/ba25ee3f35503378ae2a46bc8e64128f/execute/sync - {"script":"<script> [5351 bytes]","args":[{"element-6066-11e4-a52e-4f735466cecf":"f.F224F5467F9D2405B90B14C4D938613F.d.2FC393F4C4BB43F79310B054D287BD7A.e.1514","ELEMENT":"f.F224F5467F9D2405B90B14C4D938613F.d.2FC393F4C4BB43F79310B054D287BD7A.e.1514"}]}
COMMAND: GET /session/ba25ee3f35503378ae2a46bc8e64128f/screenshot - {}
RESULT: {}
RESULT: {"script":"<script> [5351 bytes]","args":[{"element-6066-11e4-a52e-4f735466cecf":"f.F224F5467F9D2405B90B14C4D938613F.d.2FC393F4C4BB43F79310B054D287BD7A.e.1514","ELEMENT":"f.F224F5467F9D2405B90B14C4D938613F.d.2FC393F4C4BB43F79310B054D287BD7A.e.1514"}]}
COMMAND: GET /session/ba25ee3f35503378ae2a46bc8e64128f/screenshot - {}
RESULT: {}
RESULT: {}
RESULT: undefined
COMMAND: POST /session/ba25ee3f35503378ae2a46bc8e64128f/execute/async - {"script":"<script> [776 bytes]","args":[{"enterText":"ThS9J76nxq","selector":{"id":"application-addressmanagement-display-component---masterAdm--smartFilterBar-btnBasicSearch","interaction":{"idSuffix":"I"}},"clearTextFirst":true,"interactionType":"ENTER_TEXT"}]}
RESULT: {"script":"<script> [776 bytes]","args":[{"enterText":"ThS9J76nxq","selector":{"id":"application-addressmanagement-display-component---masterAdm--smartFilterBar-btnBasicSearch","interaction":{"idSuffix":"I"}},"clearTextFirst":true,"interactionType":"ENTER_TEXT"}]}
COMMAND: POST /session/ba25ee3f35503378ae2a46bc8e64128f/actions - {"actions":[{"id":"action5","type":"key","parameters":{},"actions":[{"type":"keyDown","value":"î€‡"},{"type":"pause","duration":10},{"type":"keyUp","value":"î€‡"}]}]}
RESULT: {"actions":[{"id":"action5","type":"key","parameters":{},"actions":[{"type":"keyDown","value":"î€‡"},{"type":"pause","duration":10},{"type":"keyUp","value":"î€‡"}]}]}
COMMAND: GET /session/ba25ee3f35503378ae2a46bc8e64128f/screenshot - {}
RESULT: {}
COMMAND: POST /session/ba25ee3f35503378ae2a46bc8e64128f/elements - {"using":"xpath","value":"//table[contains(@id, \"customPersonsAddressesTable-listUl\")]/tbody/tr"}
RESULT: {"using":"xpath","value":"//table[contains(@id, \"customPersonsAddressesTable-listUl\")]/tbody/tr"}
COMMAND: POST /session/ba25ee3f35503378ae2a46bc8e64128f/element - {"using":"xpath","value":"//table[contains(@id, \"customPersonsAddressesTable-listUl\")]/tbody/tr[1]/td[5]/span/span"}
RESULT: {"using":"xpath","value":"//table[contains(@id, \"customPersonsAddressesTable-listUl\")]/tbody/tr[1]/td[5]/span/span"}
COMMAND: POST /session/ba25ee3f35503378ae2a46bc8e64128f/element - {"using":"xpath","value":"//table[contains(@id, \"customPersonsAddressesTable-listUl\")]/tbody/tr[1]/td[3]/span"}
RESULT: {"using":"xpath","value":"//table[contains(@id, \"customPersonsAddressesTable-listUl\")]/tbody/tr[1]/td[3]/span"}
COMMAND: POST /session/ba25ee3f35503378ae2a46bc8e64128f/elements - {"using":"xpath","value":"//table[contains(@id, \"customPersonsAddressesTable-listUl\")]/tbody/tr[1]/td[5]/span/span"}
RESULT: {"using":"xpath","value":"//table[contains(@id, \"customPersonsAddressesTable-listUl\")]/tbody/tr[1]/td[5]/span/span"}
COMMAND: POST /session/ba25ee3f35503378ae2a46bc8e64128f/execute/sync - {"script":"<script> [56 bytes]","args":[{"element-6066-11e4-a52e-4f735466cecf":"f.F224F5467F9D2405B90B14C4D938613F.d.2FC393F4C4BB43F79310B054D287BD7A.e.1654","ELEMENT":"f.F224F5467F9D2405B90B14C4D938613F.d.2FC393F4C4BB43F79310B054D287BD7A.e.1654"}]}
RESULT: {"script":"<script> [56 bytes]","args":[{"element-6066-11e4-a52e-4f735466cecf":"f.F224F5467F9D2405B90B14C4D938613F.d.2FC393F4C4BB43F79310B054D287BD7A.e.1654","ELEMENT":"f.F224F5467F9D2405B90B14C4D938613F.d.2FC393F4C4BB43F79310B054D287BD7A.e.1654"}]}
COMMAND: POST /session/ba25ee3f35503378ae2a46bc8e64128f/execute/sync - {"script":"<script> [56 bytes]","args":[{"element-6066-11e4-a52e-4f735466cecf":"f.F224F5467F9D2405B90B14C4D938613F.d.2FC393F4C4BB43F79310B054D287BD7A.e.1655","ELEMENT":"f.F224F5467F9D2405B90B14C4D938613F.d.2FC393F4C4BB43F79310B054D287BD7A.e.1655"}]}
COMMAND: GET /session/ba25ee3f35503378ae2a46bc8e64128f/screenshot - {}
RESULT: {"script":"<script> [56 bytes]","args":[{"element-6066-11e4-a52e-4f735466cecf":"f.F224F5467F9D2405B90B14C4D938613F.d.2FC393F4C4BB43F79310B054D287BD7A.e.1655","ELEMENT":"f.F224F5467F9D2405B90B14C4D938613F.d.2FC393F4C4BB43F79310B054D287BD7A.e.1655"}]}
COMMAND: POST /session/ba25ee3f35503378ae2a46bc8e64128f/element - {"using":"xpath","value":"(//span[contains(@id, \"imgNav\")])[1]"}
COMMAND: GET /session/ba25ee3f35503378ae2a46bc8e64128f/screenshot - {}
RESULT: {}
RESULT: {"using":"xpath","value":"(//span[contains(@id, \"imgNav\")])[1]"}
COMMAND: POST /session/ba25ee3f35503378ae2a46bc8e64128f/element/f.F224F5467F9D2405B90B14C4D938613F.d.2FC393F4C4BB43F79310B054D287BD7A.e.1652/click - {}
RESULT: {}
RESULT: {}
COMMAND: GET /session/ba25ee3f35503378ae2a46bc8e64128f/screenshot - {}
RESULT: {}
COMMAND: POST /session/ba25ee3f35503378ae2a46bc8e64128f/element - {"using":"xpath","value":"//bdi[contains(text(), \"Edit\")]"}
RESULT: {"using":"xpath","value":"//bdi[contains(text(), \"Edit\")]"}
COMMAND: POST /session/ba25ee3f35503378ae2a46bc8e64128f/element/f.F224F5467F9D2405B90B14C4D938613F.d.2FC393F4C4BB43F79310B054D287BD7A.e.1777/click - {}
RESULT: {}
COMMAND: GET /session/ba25ee3f35503378ae2a46bc8e64128f/screenshot - {}
RESULT: {}
COMMAND: POST /session/ba25ee3f35503378ae2a46bc8e64128f/execute/async - {"script":"<script> [1562 bytes]","args":[{"selector":{"controlType":"sap.m.Button","viewName":"etm.portal.ui.addressmanagement.view.EditDetail","properties":{"text":"Attachments (1)"},"interaction":{"idSuffix":"BDI-content"}},"wdio_ui5_key":"etmportal.ui.addressmanagement.view.EditDetailsap.m.Button{\"text\":\"Attachments (1)\"}"}]}
RESULT: {"script":"<script> [1562 bytes]","args":[{"selector":{"controlType":"sap.m.Button","viewName":"etm.portal.ui.addressmanagement.view.EditDetail","properties":{"text":"Attachments (1)"},"interaction":{"idSuffix":"BDI-content"}},"wdio_ui5_key":"etmportal.ui.addressmanagement.view.EditDetailsap.m.Button{\"text\":\"Attachments (1)\"}"}]}
RESULT: undefined
COMMAND: POST /session/ba25ee3f35503378ae2a46bc8e64128f/element - {"using":"xpath","value":"//*[@id=\"__xmlview60--ObjectPageLayout-anchBar-__xmlview60--attachments-anchor\"]"}
RESULT: {"using":"xpath","value":"//*[@id=\"__xmlview60--ObjectPageLayout-anchBar-__xmlview60--attachments-anchor\"]"}
COMMAND: POST /session/ba25ee3f35503378ae2a46bc8e64128f/element/f.F224F5467F9D2405B90B14C4D938613F.d.2FC393F4C4BB43F79310B054D287BD7A.e.1833/click - {}
RESULT: {}
COMMAND: GET /session/ba25ee3f35503378ae2a46bc8e64128f/screenshot - {}
RESULT: {}
COMMAND: POST /session/ba25ee3f35503378ae2a46bc8e64128f/execute/async - {"script":"<script> [1562 bytes]","args":[{"selector":{"controlType":"sap.ui.core.Icon","viewName":"etm.portal.ui.addressmanagement.view.EditDetail","properties":{"src":{"regex":{"source":"decline"}}}},"wdio_ui5_key":"etmportal.ui.addressmanagement.view.EditDetailsap.ui.core.Icon{\"src\":{\"regex\":{\"source\":\"decline\"}}}"}]}
RESULT: {"script":"<script> [1562 bytes]","args":[{"selector":{"controlType":"sap.ui.core.Icon","viewName":"etm.portal.ui.addressmanagement.view.EditDetail","properties":{"src":{"regex":{"source":"decline"}}}},"wdio_ui5_key":"etmportal.ui.addressmanagement.view.EditDetailsap.ui.core.Icon{\"src\":{\"regex\":{\"source\":\"decline\"}}}"}]}
RESULT: undefined
COMMAND: POST /session/ba25ee3f35503378ae2a46bc8e64128f/element - {"using":"xpath","value":"//*[@id=\"__item356-__set5-0-deleteButton-img\"]"}
RESULT: {"using":"xpath","value":"//*[@id=\"__item356-__set5-0-deleteButton-img\"]"}
COMMAND: POST /session/ba25ee3f35503378ae2a46bc8e64128f/element/f.F224F5467F9D2405B90B14C4D938613F.d.2FC393F4C4BB43F79310B054D287BD7A.e.1839/click - {}
RESULT: {}
COMMAND: GET /session/ba25ee3f35503378ae2a46bc8e64128f/screenshot - {}
RESULT: {}
COMMAND: POST /session/ba25ee3f35503378ae2a46bc8e64128f/element - {"using":"xpath","value":"//bdi[contains(text(), \"OK\")]"}
RESULT: {"using":"xpath","value":"//bdi[contains(text(), \"OK\")]"}
COMMAND: POST /session/ba25ee3f35503378ae2a46bc8e64128f/element/f.F224F5467F9D2405B90B14C4D938613F.d.2FC393F4C4BB43F79310B054D287BD7A.e.1842/click - {}
RESULT: {}
COMMAND: GET /session/ba25ee3f35503378ae2a46bc8e64128f/screenshot - {}
RESULT: {}
COMMAND: POST /session/ba25ee3f35503378ae2a46bc8e64128f/element - {"using":"xpath","value":"//button[@data-kt=\"saveButton\"]"}
RESULT: {"using":"xpath","value":"//button[@data-kt=\"saveButton\"]"}
COMMAND: POST /session/ba25ee3f35503378ae2a46bc8e64128f/element/f.F224F5467F9D2405B90B14C4D938613F.d.2FC393F4C4BB43F79310B054D287BD7A.e.1863/click - {}
RESULT: {}
COMMAND: GET /session/ba25ee3f35503378ae2a46bc8e64128f/screenshot - {}
RESULT: {}
RESULT: undefined
COMMAND: POST /session/ba25ee3f35503378ae2a46bc8e64128f/element - {"using":"xpath","value":"//*[@id=\"application-addressmanagement-display-component---detailAdm--ObjectPageLayout-anchBar-application-addressmanagement-display-component---detailAdm--attachments-anchor\"]"}
RESULT: {"using":"xpath","value":"//*[@id=\"application-addressmanagement-display-component---detailAdm--ObjectPageLayout-anchBar-application-addressmanagement-display-component---detailAdm--attachments-anchor\"]"}
COMMAND: POST /session/ba25ee3f35503378ae2a46bc8e64128f/element/f.F224F5467F9D2405B90B14C4D938613F.d.2FC393F4C4BB43F79310B054D287BD7A.e.1868/click - {}
RESULT: {}
COMMAND: GET /session/ba25ee3f35503378ae2a46bc8e64128f/screenshot - {}
RESULT: {}
RESULT: undefined
COMMAND: POST /session/ba25ee3f35503378ae2a46bc8e64128f/execute/async - {"script":"<script> [6424 bytes]","args":[{"element-6066-11e4-a52e-4f735466cecf":"f.F224F5467F9D2405B90B14C4D938613F.d.2FC393F4C4BB43F79310B054D287BD7A.e.1346"},"getTitle",[]]}
COMMAND: POST /session/ba25ee3f35503378ae2a46bc8e64128f/execute/async - {"script":"<script> [1562 bytes]","args":[{"selector":{"id":"application-addressmanagement-display-component---detailAdm--attachments"},"wdio_ui5_key":"applicationaddressmanagement-display-component---detailAdm--attachments"}]}
RESULT: {"script":"<script> [1562 bytes]","args":[{"selector":{"id":"application-addressmanagement-display-component---detailAdm--attachments"},"wdio_ui5_key":"applicationaddressmanagement-display-component---detailAdm--attachments"}]}
COMMAND: POST /session/ba25ee3f35503378ae2a46bc8e64128f/execute/async - {"script":"<script> [6424 bytes]","args":[{"element-6066-11e4-a52e-4f735466cecf":"f.F224F5467F9D2405B90B14C4D938613F.d.2FC393F4C4BB43F79310B054D287BD7A.e.1762"},"getTitle",[]]}
RESULT: {"script":"<script> [6424 bytes]","args":[{"element-6066-11e4-a52e-4f735466cecf":"f.F224F5467F9D2405B90B14C4D938613F.d.2FC393F4C4BB43F79310B054D287BD7A.e.1762"},"getTitle",[]]}
COMMAND: POST /session/ba25ee3f35503378ae2a46bc8e64128f/element - {"using":"css selector","value":"#shell-header-logo"}
RESULT: {"using":"css selector","value":"#shell-header-logo"}
COMMAND: POST /session/ba25ee3f35503378ae2a46bc8e64128f/element/f.F224F5467F9D2405B90B14C4D938613F.d.2FC393F4C4BB43F79310B054D287BD7A.e.1458/click - {}
RESULT: {}
COMMAND: GET /session/ba25ee3f35503378ae2a46bc8e64128f/screenshot - {}
RESULT: {}
COMMAND: DELETE /session/ba25ee3f35503378ae2a46bc8e64128f - {}
RESULT: {}
]]></system-out>
    </testcase>
  </testsuite>
</testsuites>