<?xml version="1.0" encoding="UTF-8"?>
<testsuites tests="15" failures="0" errors="0" skipped="0">
  <testsuite timestamp="2025-05-15T16:34:19" time="937.83" tests="9" failures="0" errors="0" skipped="0">
    <properties>
      <property name="specId" value="0" />
      <property name="suiteName" value="Prerequisites &amp; test for yard mass return on Yard Overview US131057" />
      <property name="capabilities" value="chrome.136_0_7103_93.windows" />
      <property name="file" value="file:///D:/a/1/s/test/specs/HTR/yard-mass-return.spec.js" />
    </properties>
    <testcase classname="chrome.136_0_7103_93.windows.Prerequisites_&amp;_test_for_yard_mass_return_on_Yard_Overview_US131057" name="Prereq Should create a new yard used for all following tests" time="123.935">
      <system-out><![CDATA[
COMMAND: POST /session/ed9e7a26acf6bcacb4d91d5d815b7bad/window/fullscreen - {}
RESULT: {}
COMMAND: POST /session/ed9e7a26acf6bcacb4d91d5d815b7bad/execute/async - {"script":"<script> [1562 bytes]","args":[{"selector":{"controlType":"sap.m.GenericTile","properties":{"header":"Manage Yards"}},"wdio_ui5_key":"sapm.GenericTile{\"header\":\"Manage Yards\"}"}]}
RESULT: {"script":"<script> [1562 bytes]","args":[{"selector":{"controlType":"sap.m.GenericTile","properties":{"header":"Manage Yards"}},"wdio_ui5_key":"sapm.GenericTile{\"header\":\"Manage Yards\"}"}]}
RESULT: undefined
COMMAND: POST /session/ed9e7a26acf6bcacb4d91d5d815b7bad/element - {"using":"xpath","value":"//*[@id=\"__tile41\"]"}
RESULT: {"using":"xpath","value":"//*[@id=\"__tile41\"]"}
COMMAND: POST /session/ed9e7a26acf6bcacb4d91d5d815b7bad/element/f.3284FBD50136822B3404D64B74F3579B.d.BD0E97DC827D8DB707B5AB91BF828E56.e.162/click - {}
RESULT: {}
COMMAND: GET /session/ed9e7a26acf6bcacb4d91d5d815b7bad/screenshot - {}
RESULT: {}
COMMAND: POST /session/ed9e7a26acf6bcacb4d91d5d815b7bad/elements - {"using":"xpath","value":"//span[text()='Error']"}
RESULT: {"using":"xpath","value":"//span[text()='Error']"}
COMMAND: POST /session/ed9e7a26acf6bcacb4d91d5d815b7bad/element - {"using":"xpath","value":"//button[@data-kt=\"addNewYardOverflowToolbarButton\"]"}
RESULT: {"using":"xpath","value":"//button[@data-kt=\"addNewYardOverflowToolbarButton\"]"}
COMMAND: POST /session/ed9e7a26acf6bcacb4d91d5d815b7bad/elements - {"using":"xpath","value":"//button[@data-kt=\"addNewYardOverflowToolbarButton\"]"}
RESULT: {"using":"xpath","value":"//button[@data-kt=\"addNewYardOverflowToolbarButton\"]"}
COMMAND: POST /session/ed9e7a26acf6bcacb4d91d5d815b7bad/elements - {"using":"xpath","value":"//button[@data-kt=\"addNewYardOverflowToolbarButton\"]"}
RESULT: {"using":"xpath","value":"//button[@data-kt=\"addNewYardOverflowToolbarButton\"]"}
COMMAND: POST /session/ed9e7a26acf6bcacb4d91d5d815b7bad/elements - {"using":"xpath","value":"//button[@data-kt=\"addNewYardOverflowToolbarButton\"]"}
RESULT: {"using":"xpath","value":"//button[@data-kt=\"addNewYardOverflowToolbarButton\"]"}
COMMAND: POST /session/ed9e7a26acf6bcacb4d91d5d815b7bad/elements - {"using":"xpath","value":"//button[@data-kt=\"addNewYardOverflowToolbarButton\"]"}
RESULT: {"using":"xpath","value":"//button[@data-kt=\"addNewYardOverflowToolbarButton\"]"}
COMMAND: POST /session/ed9e7a26acf6bcacb4d91d5d815b7bad/elements - {"using":"xpath","value":"//button[@data-kt=\"addNewYardOverflowToolbarButton\"]"}
RESULT: {"using":"xpath","value":"//button[@data-kt=\"addNewYardOverflowToolbarButton\"]"}
COMMAND: POST /session/ed9e7a26acf6bcacb4d91d5d815b7bad/elements - {"using":"xpath","value":"//button[@data-kt=\"addNewYardOverflowToolbarButton\"]"}
RESULT: {"using":"xpath","value":"//button[@data-kt=\"addNewYardOverflowToolbarButton\"]"}
COMMAND: POST /session/ed9e7a26acf6bcacb4d91d5d815b7bad/element - {"using":"xpath","value":"//button[@data-kt=\"addNewYardOverflowToolbarButton\"]"}
RESULT: {"using":"xpath","value":"//button[@data-kt=\"addNewYardOverflowToolbarButton\"]"}
COMMAND: POST /session/ed9e7a26acf6bcacb4d91d5d815b7bad/execute/sync - {"script":"<script> [8489 bytes]","args":[{"element-6066-11e4-a52e-4f735466cecf":"f.3284FBD50136822B3404D64B74F3579B.d.BD0E97DC827D8DB707B5AB91BF828E56.e.298","ELEMENT":"f.3284FBD50136822B3404D64B74F3579B.d.BD0E97DC827D8DB707B5AB91BF828E56.e.298"}]}
RESULT: {"script":"<script> [8489 bytes]","args":[{"element-6066-11e4-a52e-4f735466cecf":"f.3284FBD50136822B3404D64B74F3579B.d.BD0E97DC827D8DB707B5AB91BF828E56.e.298","ELEMENT":"f.3284FBD50136822B3404D64B74F3579B.d.BD0E97DC827D8DB707B5AB91BF828E56.e.298"}]}
COMMAND: GET /session/ed9e7a26acf6bcacb4d91d5d815b7bad/element/f.3284FBD50136822B3404D64B74F3579B.d.BD0E97DC827D8DB707B5AB91BF828E56.e.298/enabled - {}
COMMAND: GET /session/ed9e7a26acf6bcacb4d91d5d815b7bad/screenshot - {}
RESULT: {}
COMMAND: POST /session/ed9e7a26acf6bcacb4d91d5d815b7bad/execute/sync - {"script":"<script> [8489 bytes]","args":[{"element-6066-11e4-a52e-4f735466cecf":"f.3284FBD50136822B3404D64B74F3579B.d.BD0E97DC827D8DB707B5AB91BF828E56.e.298","ELEMENT":"f.3284FBD50136822B3404D64B74F3579B.d.BD0E97DC827D8DB707B5AB91BF828E56.e.298"}]}
COMMAND: GET /session/ed9e7a26acf6bcacb4d91d5d815b7bad/screenshot - {}
RESULT: {}
RESULT: {"script":"<script> [8489 bytes]","args":[{"element-6066-11e4-a52e-4f735466cecf":"f.3284FBD50136822B3404D64B74F3579B.d.BD0E97DC827D8DB707B5AB91BF828E56.e.298","ELEMENT":"f.3284FBD50136822B3404D64B74F3579B.d.BD0E97DC827D8DB707B5AB91BF828E56.e.298"}]}
COMMAND: POST /session/ed9e7a26acf6bcacb4d91d5d815b7bad/execute/sync - {"script":"<script> [5351 bytes]","args":[{"element-6066-11e4-a52e-4f735466cecf":"f.3284FBD50136822B3404D64B74F3579B.d.BD0E97DC827D8DB707B5AB91BF828E56.e.298","ELEMENT":"f.3284FBD50136822B3404D64B74F3579B.d.BD0E97DC827D8DB707B5AB91BF828E56.e.298"}]}
COMMAND: GET /session/ed9e7a26acf6bcacb4d91d5d815b7bad/screenshot - {}
RESULT: {}
RESULT: {"script":"<script> [5351 bytes]","args":[{"element-6066-11e4-a52e-4f735466cecf":"f.3284FBD50136822B3404D64B74F3579B.d.BD0E97DC827D8DB707B5AB91BF828E56.e.298","ELEMENT":"f.3284FBD50136822B3404D64B74F3579B.d.BD0E97DC827D8DB707B5AB91BF828E56.e.298"}]}
COMMAND: POST /session/ed9e7a26acf6bcacb4d91d5d815b7bad/element/f.3284FBD50136822B3404D64B74F3579B.d.BD0E97DC827D8DB707B5AB91BF828E56.e.298/click - {}
COMMAND: GET /session/ed9e7a26acf6bcacb4d91d5d815b7bad/screenshot - {}
RESULT: {}
RESULT: {}
COMMAND: GET /session/ed9e7a26acf6bcacb4d91d5d815b7bad/screenshot - {}
RESULT: {}
COMMAND: POST /session/ed9e7a26acf6bcacb4d91d5d815b7bad/element - {"using":"xpath","value":"//input[@id=\"application-manageyards-display-component---NewYard--yardId-inner\"]"}
RESULT: {}
RESULT: {"using":"xpath","value":"//input[@id=\"application-manageyards-display-component---NewYard--yardId-inner\"]"}
COMMAND: POST /session/ed9e7a26acf6bcacb4d91d5d815b7bad/element - {"using":"xpath","value":"//input[@id=\"application-manageyards-display-component---NewYard--yardId-inner\"]"}
RESULT: {"using":"xpath","value":"//input[@id=\"application-manageyards-display-component---NewYard--yardId-inner\"]"}
COMMAND: POST /session/ed9e7a26acf6bcacb4d91d5d815b7bad/execute/async - {"script":"<script> [1562 bytes]","args":[{"selector":{"id":"application-manageyards-display-component---NewYard--addressDetailDetailsName1","interaction":{"idSuffix":"inner"}},"wdio_ui5_key":"applicationmanageyards-display-component---NewYard--addressDetailDetailsName1"}]}
RESULT: {"script":"<script> [1562 bytes]","args":[{"selector":{"id":"application-manageyards-display-component---NewYard--addressDetailDetailsName1","interaction":{"idSuffix":"inner"}},"wdio_ui5_key":"applicationmanageyards-display-component---NewYard--addressDetailDetailsName1"}]}
RESULT: undefined
COMMAND: POST /session/ed9e7a26acf6bcacb4d91d5d815b7bad/execute/async - {"script":"<script> [776 bytes]","args":[{"enterText":"Other Yard WDIO","selector":{"id":"application-manageyards-display-component---NewYard--addressDetailDetailsName1","interaction":{"idSuffix":"inner"}},"clearTextFirst":true,"interactionType":"ENTER_TEXT"}]}
RESULT: {"script":"<script> [776 bytes]","args":[{"enterText":"Other Yard WDIO","selector":{"id":"application-manageyards-display-component---NewYard--addressDetailDetailsName1","interaction":{"idSuffix":"inner"}},"clearTextFirst":true,"interactionType":"ENTER_TEXT"}]}
COMMAND: POST /session/ed9e7a26acf6bcacb4d91d5d815b7bad/execute/async - {"script":"<script> [1562 bytes]","args":[{"selector":{"id":"application-manageyards-display-component---NewYard--addressDetailDetailsLanguage-arrow"},"wdio_ui5_key":"applicationmanageyards-display-component---NewYard--addressDetailDetailsLanguage-arrow"}]}
RESULT: {"script":"<script> [1562 bytes]","args":[{"selector":{"id":"application-manageyards-display-component---NewYard--addressDetailDetailsLanguage-arrow"},"wdio_ui5_key":"applicationmanageyards-display-component---NewYard--addressDetailDetailsLanguage-arrow"}]}
RESULT: undefined
COMMAND: POST /session/ed9e7a26acf6bcacb4d91d5d815b7bad/element - {"using":"xpath","value":"//*[@id=\"application-manageyards-display-component---NewYard--addressDetailDetailsLanguage-arrow\"]"}
RESULT: {"using":"xpath","value":"//*[@id=\"application-manageyards-display-component---NewYard--addressDetailDetailsLanguage-arrow\"]"}
COMMAND: POST /session/ed9e7a26acf6bcacb4d91d5d815b7bad/element/f.3284FBD50136822B3404D64B74F3579B.d.BD0E97DC827D8DB707B5AB91BF828E56.e.739/click - {}
RESULT: {}
COMMAND: POST /session/ed9e7a26acf6bcacb4d91d5d815b7bad/element - {"using":"xpath","value":"//span[contains(text(), \"English\")]"}
COMMAND: GET /session/ed9e7a26acf6bcacb4d91d5d815b7bad/screenshot - {}
RESULT: {"using":"xpath","value":"//span[contains(text(), \"English\")]"}
COMMAND: POST /session/ed9e7a26acf6bcacb4d91d5d815b7bad/element/f.3284FBD50136822B3404D64B74F3579B.d.BD0E97DC827D8DB707B5AB91BF828E56.e.740/click - {}
RESULT: {}
RESULT: {}
COMMAND: POST /session/ed9e7a26acf6bcacb4d91d5d815b7bad/execute/async - {"script":"<script> [1562 bytes]","args":[{"selector":{"id":"application-manageyards-display-component---NewYard--addressDetailDetailsCity1","interaction":{"idSuffix":"inner"}},"wdio_ui5_key":"applicationmanageyards-display-component---NewYard--addressDetailDetailsCity1"}]}
COMMAND: GET /session/ed9e7a26acf6bcacb4d91d5d815b7bad/screenshot - {}
RESULT: {"script":"<script> [1562 bytes]","args":[{"selector":{"id":"application-manageyards-display-component---NewYard--addressDetailDetailsCity1","interaction":{"idSuffix":"inner"}},"wdio_ui5_key":"applicationmanageyards-display-component---NewYard--addressDetailDetailsCity1"}]}
RESULT: undefined
COMMAND: POST /session/ed9e7a26acf6bcacb4d91d5d815b7bad/execute/async - {"script":"<script> [776 bytes]","args":[{"enterText":"Rosario","selector":{"id":"application-manageyards-display-component---NewYard--addressDetailDetailsCity1","interaction":{"idSuffix":"inner"}},"clearTextFirst":true,"interactionType":"ENTER_TEXT"}]}
RESULT: {}
RESULT: {"script":"<script> [776 bytes]","args":[{"enterText":"Rosario","selector":{"id":"application-manageyards-display-component---NewYard--addressDetailDetailsCity1","interaction":{"idSuffix":"inner"}},"clearTextFirst":true,"interactionType":"ENTER_TEXT"}]}
COMMAND: POST /session/ed9e7a26acf6bcacb4d91d5d815b7bad/execute/async - {"script":"<script> [1562 bytes]","args":[{"selector":{"id":"application-manageyards-display-component---NewYard--addressDetailDetailsCountry-arrow"},"wdio_ui5_key":"applicationmanageyards-display-component---NewYard--addressDetailDetailsCountry-arrow"}]}
RESULT: {"script":"<script> [1562 bytes]","args":[{"selector":{"id":"application-manageyards-display-component---NewYard--addressDetailDetailsCountry-arrow"},"wdio_ui5_key":"applicationmanageyards-display-component---NewYard--addressDetailDetailsCountry-arrow"}]}
RESULT: undefined
COMMAND: POST /session/ed9e7a26acf6bcacb4d91d5d815b7bad/element - {"using":"xpath","value":"//*[@id=\"application-manageyards-display-component---NewYard--addressDetailDetailsCountry-arrow\"]"}
RESULT: {"using":"xpath","value":"//*[@id=\"application-manageyards-display-component---NewYard--addressDetailDetailsCountry-arrow\"]"}
COMMAND: POST /session/ed9e7a26acf6bcacb4d91d5d815b7bad/element/f.3284FBD50136822B3404D64B74F3579B.d.BD0E97DC827D8DB707B5AB91BF828E56.e.742/click - {}
RESULT: {}
COMMAND: POST /session/ed9e7a26acf6bcacb4d91d5d815b7bad/element - {"using":"xpath","value":"//span[contains(text(), \"Argentina\")]"}
COMMAND: GET /session/ed9e7a26acf6bcacb4d91d5d815b7bad/screenshot - {}
RESULT: {"using":"xpath","value":"//span[contains(text(), \"Argentina\")]"}
COMMAND: POST /session/ed9e7a26acf6bcacb4d91d5d815b7bad/element/f.3284FBD50136822B3404D64B74F3579B.d.BD0E97DC827D8DB707B5AB91BF828E56.e.743/click - {}
RESULT: {}
RESULT: {}
COMMAND: POST /session/ed9e7a26acf6bcacb4d91d5d815b7bad/execute/async - {"script":"<script> [1562 bytes]","args":[{"selector":{"id":"application-manageyards-display-component---NewYard--addressEditDetailsCostObjectCstType-arrow"},"wdio_ui5_key":"applicationmanageyards-display-component---NewYard--addressEditDetailsCostObjectCstType-arrow"}]}
COMMAND: GET /session/ed9e7a26acf6bcacb4d91d5d815b7bad/screenshot - {}
RESULT: {"script":"<script> [1562 bytes]","args":[{"selector":{"id":"application-manageyards-display-component---NewYard--addressEditDetailsCostObjectCstType-arrow"},"wdio_ui5_key":"applicationmanageyards-display-component---NewYard--addressEditDetailsCostObjectCstType-arrow"}]}
RESULT: undefined
COMMAND: POST /session/ed9e7a26acf6bcacb4d91d5d815b7bad/element - {"using":"xpath","value":"//*[@id=\"application-manageyards-display-component---NewYard--addressEditDetailsCostObjectCstType-arrow\"]"}
RESULT: {}
RESULT: {"using":"xpath","value":"//*[@id=\"application-manageyards-display-component---NewYard--addressEditDetailsCostObjectCstType-arrow\"]"}
COMMAND: POST /session/ed9e7a26acf6bcacb4d91d5d815b7bad/element/f.3284FBD50136822B3404D64B74F3579B.d.BD0E97DC827D8DB707B5AB91BF828E56.e.745/click - {}
RESULT: {}
COMMAND: POST /session/ed9e7a26acf6bcacb4d91d5d815b7bad/element - {"using":"xpath","value":"//span[contains(text(), \"Cost Center\")]"}
COMMAND: GET /session/ed9e7a26acf6bcacb4d91d5d815b7bad/screenshot - {}
RESULT: {"using":"xpath","value":"//span[contains(text(), \"Cost Center\")]"}
COMMAND: POST /session/ed9e7a26acf6bcacb4d91d5d815b7bad/element/f.3284FBD50136822B3404D64B74F3579B.d.BD0E97DC827D8DB707B5AB91BF828E56.e.746/click - {}
RESULT: {}
RESULT: {}
COMMAND: GET /session/ed9e7a26acf6bcacb4d91d5d815b7bad/screenshot - {}
RESULT: {}
COMMAND: POST /session/ed9e7a26acf6bcacb4d91d5d815b7bad/element - {"using":"xpath","value":"//span[@id=\"application-manageyards-display-component---NewYard--addressNewCostObjectCstID-vhi\"]"}
RESULT: {"using":"xpath","value":"//span[@id=\"application-manageyards-display-component---NewYard--addressNewCostObjectCstID-vhi\"]"}
COMMAND: POST /session/ed9e7a26acf6bcacb4d91d5d815b7bad/execute/sync - {"script":"<script> [8489 bytes]","args":[{"element-6066-11e4-a52e-4f735466cecf":"f.3284FBD50136822B3404D64B74F3579B.d.BD0E97DC827D8DB707B5AB91BF828E56.e.750","ELEMENT":"f.3284FBD50136822B3404D64B74F3579B.d.BD0E97DC827D8DB707B5AB91BF828E56.e.750"}]}
RESULT: {"script":"<script> [8489 bytes]","args":[{"element-6066-11e4-a52e-4f735466cecf":"f.3284FBD50136822B3404D64B74F3579B.d.BD0E97DC827D8DB707B5AB91BF828E56.e.750","ELEMENT":"f.3284FBD50136822B3404D64B74F3579B.d.BD0E97DC827D8DB707B5AB91BF828E56.e.750"}]}
COMMAND: POST /session/ed9e7a26acf6bcacb4d91d5d815b7bad/execute/async - {"script":"<script> [1562 bytes]","args":[{"selector":{"id":"application-manageyards-display-component---NewYard--addressNewCostObjectCstID-vhi"},"wdio_ui5_key":"applicationmanageyards-display-component---NewYard--addressNewCostObjectCstID-vhi"}]}
COMMAND: GET /session/ed9e7a26acf6bcacb4d91d5d815b7bad/screenshot - {}
RESULT: {"script":"<script> [1562 bytes]","args":[{"selector":{"id":"application-manageyards-display-component---NewYard--addressNewCostObjectCstID-vhi"},"wdio_ui5_key":"applicationmanageyards-display-component---NewYard--addressNewCostObjectCstID-vhi"}]}
RESULT: undefined
COMMAND: POST /session/ed9e7a26acf6bcacb4d91d5d815b7bad/element - {"using":"xpath","value":"//*[@id=\"application-manageyards-display-component---NewYard--addressNewCostObjectCstID-vhi\"]"}
RESULT: {}
RESULT: {"using":"xpath","value":"//*[@id=\"application-manageyards-display-component---NewYard--addressNewCostObjectCstID-vhi\"]"}
COMMAND: POST /session/ed9e7a26acf6bcacb4d91d5d815b7bad/element/f.3284FBD50136822B3404D64B74F3579B.d.BD0E97DC827D8DB707B5AB91BF828E56.e.750/click - {}
RESULT: {}
COMMAND: GET /session/ed9e7a26acf6bcacb4d91d5d815b7bad/screenshot - {}
RESULT: {}
COMMAND: POST /session/ed9e7a26acf6bcacb4d91d5d815b7bad/execute/async - {"script":"<script> [1562 bytes]","args":[{"selector":{"controlType":"sap.m.SearchField","properties":{"placeholder":"Search"},"searchOpenDialogs":true,"interaction":{"idSuffix":"I"}},"wdio_ui5_key":"sapm.SearchField{\"placeholder\":\"Search\"}"}]}
RESULT: {"script":"<script> [1562 bytes]","args":[{"selector":{"controlType":"sap.m.SearchField","properties":{"placeholder":"Search"},"searchOpenDialogs":true,"interaction":{"idSuffix":"I"}},"wdio_ui5_key":"sapm.SearchField{\"placeholder\":\"Search\"}"}]}
RESULT: undefined
COMMAND: POST /session/ed9e7a26acf6bcacb4d91d5d815b7bad/execute/async - {"script":"<script> [776 bytes]","args":[{"enterText":"bauh_b","selector":{"controlType":"sap.m.SearchField","properties":{"placeholder":"Search"},"searchOpenDialogs":true,"interaction":{"idSuffix":"I"}},"clearTextFirst":true,"interactionType":"ENTER_TEXT"}]}
RESULT: {"script":"<script> [776 bytes]","args":[{"enterText":"bauh_b","selector":{"controlType":"sap.m.SearchField","properties":{"placeholder":"Search"},"searchOpenDialogs":true,"interaction":{"idSuffix":"I"}},"clearTextFirst":true,"interactionType":"ENTER_TEXT"}]}
COMMAND: POST /session/ed9e7a26acf6bcacb4d91d5d815b7bad/actions - {"actions":[{"id":"action1","type":"key","parameters":{},"actions":[{"type":"keyDown","value":"î€‡"},{"type":"pause","duration":10},{"type":"keyUp","value":"î€‡"}]}]}
RESULT: {"actions":[{"id":"action1","type":"key","parameters":{},"actions":[{"type":"keyDown","value":"î€‡"},{"type":"pause","duration":10},{"type":"keyUp","value":"î€‡"}]}]}
COMMAND: GET /session/ed9e7a26acf6bcacb4d91d5d815b7bad/screenshot - {}
RESULT: {}
COMMAND: POST /session/ed9e7a26acf6bcacb4d91d5d815b7bad/element - {"using":"xpath","value":"//span[contains(text(), \"Demo Yard\")]"}
RESULT: {"using":"xpath","value":"//span[contains(text(), \"Demo Yard\")]"}
COMMAND: POST /session/ed9e7a26acf6bcacb4d91d5d815b7bad/element/f.3284FBD50136822B3404D64B74F3579B.d.BD0E97DC827D8DB707B5AB91BF828E56.e.792/click - {}
RESULT: {}
COMMAND: GET /session/ed9e7a26acf6bcacb4d91d5d815b7bad/screenshot - {}
RESULT: {}
COMMAND: POST /session/ed9e7a26acf6bcacb4d91d5d815b7bad/element - {"using":"xpath","value":"//bdi[contains(text(), \"OK\")]"}
RESULT: {"using":"xpath","value":"//bdi[contains(text(), \"OK\")]"}
COMMAND: POST /session/ed9e7a26acf6bcacb4d91d5d815b7bad/element/f.3284FBD50136822B3404D64B74F3579B.d.BD0E97DC827D8DB707B5AB91BF828E56.e.793/click - {}
RESULT: {}
COMMAND: GET /session/ed9e7a26acf6bcacb4d91d5d815b7bad/screenshot - {}
RESULT: {}
COMMAND: POST /session/ed9e7a26acf6bcacb4d91d5d815b7bad/execute/async - {"script":"<script> [1562 bytes]","args":[{"selector":{"id":"application-manageyards-display-component---NewYard--addressEditDetailsCurrency-arrow"},"wdio_ui5_key":"applicationmanageyards-display-component---NewYard--addressEditDetailsCurrency-arrow"}]}
RESULT: {"script":"<script> [1562 bytes]","args":[{"selector":{"id":"application-manageyards-display-component---NewYard--addressEditDetailsCurrency-arrow"},"wdio_ui5_key":"applicationmanageyards-display-component---NewYard--addressEditDetailsCurrency-arrow"}]}
RESULT: undefined
COMMAND: POST /session/ed9e7a26acf6bcacb4d91d5d815b7bad/element - {"using":"xpath","value":"//*[@id=\"application-manageyards-display-component---NewYard--addressEditDetailsCurrency-arrow\"]"}
RESULT: {"using":"xpath","value":"//*[@id=\"application-manageyards-display-component---NewYard--addressEditDetailsCurrency-arrow\"]"}
COMMAND: POST /session/ed9e7a26acf6bcacb4d91d5d815b7bad/element/f.3284FBD50136822B3404D64B74F3579B.d.BD0E97DC827D8DB707B5AB91BF828E56.e.796/click - {}
RESULT: {}
COMMAND: POST /session/ed9e7a26acf6bcacb4d91d5d815b7bad/element - {"using":"xpath","value":"//span[contains(text(), \"Euro\")]"}
COMMAND: GET /session/ed9e7a26acf6bcacb4d91d5d815b7bad/screenshot - {}
RESULT: {"using":"xpath","value":"//span[contains(text(), \"Euro\")]"}
COMMAND: POST /session/ed9e7a26acf6bcacb4d91d5d815b7bad/element/f.3284FBD50136822B3404D64B74F3579B.d.BD0E97DC827D8DB707B5AB91BF828E56.e.797/click - {}
RESULT: {}
RESULT: {}
COMMAND: POST /session/ed9e7a26acf6bcacb4d91d5d815b7bad/execute/async - {"script":"<script> [1562 bytes]","args":[{"selector":{"controlType":"sap.m.Input","viewName":"etm.portal.ui.manageyards.view.New","viewId":"application-manageyards-display-component---NewYard","bindingPath":{"path":"","propertyPath":"/CONTROLLING_AREA","modelName":"NewYardModel"},"interaction":{"idSuffix":"inner"}},"wdio_ui5_key":"etmportal.ui.manageyards.view.Newsap.m.Input{\"path\":\"\",\"propertyPath\":\"/CONTROLLING_AREA\",\"modelName\":\"NewYardModel\"}"}]}
COMMAND: GET /session/ed9e7a26acf6bcacb4d91d5d815b7bad/screenshot - {}
RESULT: {"script":"<script> [1562 bytes]","args":[{"selector":{"controlType":"sap.m.Input","viewName":"etm.portal.ui.manageyards.view.New","viewId":"application-manageyards-display-component---NewYard","bindingPath":{"path":"","propertyPath":"/CONTROLLING_AREA","modelName":"NewYardModel"},"interaction":{"idSuffix":"inner"}},"wdio_ui5_key":"etmportal.ui.manageyards.view.Newsap.m.Input{\"path\":\"\",\"propertyPath\":\"/CONTROLLING_AREA\",\"modelName\":\"NewYardModel\"}"}]}
RESULT: undefined
COMMAND: POST /session/ed9e7a26acf6bcacb4d91d5d815b7bad/execute/async - {"script":"<script> [776 bytes]","args":[{"enterText":"Z001","selector":{"controlType":"sap.m.Input","viewName":"etm.portal.ui.manageyards.view.New","viewId":"application-manageyards-display-component---NewYard","bindingPath":{"path":"","propertyPath":"/CONTROLLING_AREA","modelName":"NewYardModel"},"interaction":{"idSuffix":"inner"}},"clearTextFirst":true,"interactionType":"ENTER_TEXT"}]}
RESULT: {}
RESULT: {"script":"<script> [776 bytes]","args":[{"enterText":"Z001","selector":{"controlType":"sap.m.Input","viewName":"etm.portal.ui.manageyards.view.New","viewId":"application-manageyards-display-component---NewYard","bindingPath":{"path":"","propertyPath":"/CONTROLLING_AREA","modelName":"NewYardModel"},"interaction":{"idSuffix":"inner"}},"clearTextFirst":true,"interactionType":"ENTER_TEXT"}]}
COMMAND: POST /session/ed9e7a26acf6bcacb4d91d5d815b7bad/execute/async - {"script":"<script> [1562 bytes]","args":[{"selector":{"id":"application-manageyards-display-component---NewYard--companyCodeComboBox","interaction":{"idSuffix":"inner"}},"wdio_ui5_key":"applicationmanageyards-display-component---NewYard--companyCodeComboBox"}]}
RESULT: {"script":"<script> [1562 bytes]","args":[{"selector":{"id":"application-manageyards-display-component---NewYard--companyCodeComboBox","interaction":{"idSuffix":"inner"}},"wdio_ui5_key":"applicationmanageyards-display-component---NewYard--companyCodeComboBox"}]}
RESULT: undefined
COMMAND: POST /session/ed9e7a26acf6bcacb4d91d5d815b7bad/execute/async - {"script":"<script> [776 bytes]","args":[{"enterText":"1000","selector":{"id":"application-manageyards-display-component---NewYard--companyCodeComboBox","interaction":{"idSuffix":"inner"}},"clearTextFirst":true,"interactionType":"ENTER_TEXT"}]}
RESULT: {"script":"<script> [776 bytes]","args":[{"enterText":"1000","selector":{"id":"application-manageyards-display-component---NewYard--companyCodeComboBox","interaction":{"idSuffix":"inner"}},"clearTextFirst":true,"interactionType":"ENTER_TEXT"}]}
COMMAND: POST /session/ed9e7a26acf6bcacb4d91d5d815b7bad/execute/async - {"script":"<script> [1562 bytes]","args":[{"selector":{"controlType":"sap.m.Input","viewName":"etm.portal.ui.manageyards.view.New","viewId":"application-manageyards-display-component---NewYard","bindingPath":{"path":"","propertyPath":"/PLANT","modelName":"NewYardModel"},"interaction":{"idSuffix":"inner"}},"wdio_ui5_key":"etmportal.ui.manageyards.view.Newsap.m.Input{\"path\":\"\",\"propertyPath\":\"/PLANT\",\"modelName\":\"NewYardModel\"}"}]}
RESULT: {"script":"<script> [1562 bytes]","args":[{"selector":{"controlType":"sap.m.Input","viewName":"etm.portal.ui.manageyards.view.New","viewId":"application-manageyards-display-component---NewYard","bindingPath":{"path":"","propertyPath":"/PLANT","modelName":"NewYardModel"},"interaction":{"idSuffix":"inner"}},"wdio_ui5_key":"etmportal.ui.manageyards.view.Newsap.m.Input{\"path\":\"\",\"propertyPath\":\"/PLANT\",\"modelName\":\"NewYardModel\"}"}]}
RESULT: undefined
COMMAND: POST /session/ed9e7a26acf6bcacb4d91d5d815b7bad/execute/async - {"script":"<script> [776 bytes]","args":[{"enterText":"1001","selector":{"controlType":"sap.m.Input","viewName":"etm.portal.ui.manageyards.view.New","viewId":"application-manageyards-display-component---NewYard","bindingPath":{"path":"","propertyPath":"/PLANT","modelName":"NewYardModel"},"interaction":{"idSuffix":"inner"}},"clearTextFirst":true,"interactionType":"ENTER_TEXT"}]}
RESULT: {"script":"<script> [776 bytes]","args":[{"enterText":"1001","selector":{"controlType":"sap.m.Input","viewName":"etm.portal.ui.manageyards.view.New","viewId":"application-manageyards-display-component---NewYard","bindingPath":{"path":"","propertyPath":"/PLANT","modelName":"NewYardModel"},"interaction":{"idSuffix":"inner"}},"clearTextFirst":true,"interactionType":"ENTER_TEXT"}]}
COMMAND: POST /session/ed9e7a26acf6bcacb4d91d5d815b7bad/execute/async - {"script":"<script> [1562 bytes]","args":[{"selector":{"controlType":"sap.m.Input","viewName":"etm.portal.ui.manageyards.view.New","viewId":"application-manageyards-display-component---NewYard","bindingPath":{"path":"","propertyPath":"/SALES_AREA_VKORG","modelName":"NewYardModel"},"interaction":{"idSuffix":"inner"}},"wdio_ui5_key":"etmportal.ui.manageyards.view.Newsap.m.Input{\"path\":\"\",\"propertyPath\":\"/SALES_AREA_VKORG\",\"modelName\":\"NewYardModel\"}"}]}
RESULT: {"script":"<script> [1562 bytes]","args":[{"selector":{"controlType":"sap.m.Input","viewName":"etm.portal.ui.manageyards.view.New","viewId":"application-manageyards-display-component---NewYard","bindingPath":{"path":"","propertyPath":"/SALES_AREA_VKORG","modelName":"NewYardModel"},"interaction":{"idSuffix":"inner"}},"wdio_ui5_key":"etmportal.ui.manageyards.view.Newsap.m.Input{\"path\":\"\",\"propertyPath\":\"/SALES_AREA_VKORG\",\"modelName\":\"NewYardModel\"}"}]}
RESULT: undefined
COMMAND: POST /session/ed9e7a26acf6bcacb4d91d5d815b7bad/execute/async - {"script":"<script> [776 bytes]","args":[{"enterText":"C002","selector":{"controlType":"sap.m.Input","viewName":"etm.portal.ui.manageyards.view.New","viewId":"application-manageyards-display-component---NewYard","bindingPath":{"path":"","propertyPath":"/SALES_AREA_VKORG","modelName":"NewYardModel"},"interaction":{"idSuffix":"inner"}},"clearTextFirst":true,"interactionType":"ENTER_TEXT"}]}
RESULT: {"script":"<script> [776 bytes]","args":[{"enterText":"C002","selector":{"controlType":"sap.m.Input","viewName":"etm.portal.ui.manageyards.view.New","viewId":"application-manageyards-display-component---NewYard","bindingPath":{"path":"","propertyPath":"/SALES_AREA_VKORG","modelName":"NewYardModel"},"interaction":{"idSuffix":"inner"}},"clearTextFirst":true,"interactionType":"ENTER_TEXT"}]}
COMMAND: POST /session/ed9e7a26acf6bcacb4d91d5d815b7bad/execute/async - {"script":"<script> [1562 bytes]","args":[{"selector":{"controlType":"sap.m.Input","viewName":"etm.portal.ui.manageyards.view.New","viewId":"application-manageyards-display-component---NewYard","bindingPath":{"path":"","propertyPath":"/SALES_AREA_VTWEG","modelName":"NewYardModel"},"interaction":{"idSuffix":"inner"}},"wdio_ui5_key":"etmportal.ui.manageyards.view.Newsap.m.Input{\"path\":\"\",\"propertyPath\":\"/SALES_AREA_VTWEG\",\"modelName\":\"NewYardModel\"}"}]}
RESULT: {"script":"<script> [1562 bytes]","args":[{"selector":{"controlType":"sap.m.Input","viewName":"etm.portal.ui.manageyards.view.New","viewId":"application-manageyards-display-component---NewYard","bindingPath":{"path":"","propertyPath":"/SALES_AREA_VTWEG","modelName":"NewYardModel"},"interaction":{"idSuffix":"inner"}},"wdio_ui5_key":"etmportal.ui.manageyards.view.Newsap.m.Input{\"path\":\"\",\"propertyPath\":\"/SALES_AREA_VTWEG\",\"modelName\":\"NewYardModel\"}"}]}
RESULT: undefined
COMMAND: POST /session/ed9e7a26acf6bcacb4d91d5d815b7bad/execute/async - {"script":"<script> [776 bytes]","args":[{"enterText":"C2","selector":{"controlType":"sap.m.Input","viewName":"etm.portal.ui.manageyards.view.New","viewId":"application-manageyards-display-component---NewYard","bindingPath":{"path":"","propertyPath":"/SALES_AREA_VTWEG","modelName":"NewYardModel"},"interaction":{"idSuffix":"inner"}},"clearTextFirst":true,"interactionType":"ENTER_TEXT"}]}
RESULT: {"script":"<script> [776 bytes]","args":[{"enterText":"C2","selector":{"controlType":"sap.m.Input","viewName":"etm.portal.ui.manageyards.view.New","viewId":"application-manageyards-display-component---NewYard","bindingPath":{"path":"","propertyPath":"/SALES_AREA_VTWEG","modelName":"NewYardModel"},"interaction":{"idSuffix":"inner"}},"clearTextFirst":true,"interactionType":"ENTER_TEXT"}]}
COMMAND: POST /session/ed9e7a26acf6bcacb4d91d5d815b7bad/execute/async - {"script":"<script> [1562 bytes]","args":[{"selector":{"controlType":"sap.m.Input","viewName":"etm.portal.ui.manageyards.view.New","viewId":"application-manageyards-display-component---NewYard","bindingPath":{"path":"","propertyPath":"/SALES_AREA_SPART","modelName":"NewYardModel"},"interaction":{"idSuffix":"inner"}},"wdio_ui5_key":"etmportal.ui.manageyards.view.Newsap.m.Input{\"path\":\"\",\"propertyPath\":\"/SALES_AREA_SPART\",\"modelName\":\"NewYardModel\"}"}]}
RESULT: {"script":"<script> [1562 bytes]","args":[{"selector":{"controlType":"sap.m.Input","viewName":"etm.portal.ui.manageyards.view.New","viewId":"application-manageyards-display-component---NewYard","bindingPath":{"path":"","propertyPath":"/SALES_AREA_SPART","modelName":"NewYardModel"},"interaction":{"idSuffix":"inner"}},"wdio_ui5_key":"etmportal.ui.manageyards.view.Newsap.m.Input{\"path\":\"\",\"propertyPath\":\"/SALES_AREA_SPART\",\"modelName\":\"NewYardModel\"}"}]}
RESULT: undefined
COMMAND: POST /session/ed9e7a26acf6bcacb4d91d5d815b7bad/execute/async - {"script":"<script> [776 bytes]","args":[{"enterText":"C2","selector":{"controlType":"sap.m.Input","viewName":"etm.portal.ui.manageyards.view.New","viewId":"application-manageyards-display-component---NewYard","bindingPath":{"path":"","propertyPath":"/SALES_AREA_SPART","modelName":"NewYardModel"},"interaction":{"idSuffix":"inner"}},"clearTextFirst":true,"interactionType":"ENTER_TEXT"}]}
RESULT: {"script":"<script> [776 bytes]","args":[{"enterText":"C2","selector":{"controlType":"sap.m.Input","viewName":"etm.portal.ui.manageyards.view.New","viewId":"application-manageyards-display-component---NewYard","bindingPath":{"path":"","propertyPath":"/SALES_AREA_SPART","modelName":"NewYardModel"},"interaction":{"idSuffix":"inner"}},"clearTextFirst":true,"interactionType":"ENTER_TEXT"}]}
COMMAND: POST /session/ed9e7a26acf6bcacb4d91d5d815b7bad/execute/async - {"script":"<script> [1562 bytes]","args":[{"selector":{"controlType":"sap.m.Input","viewName":"etm.portal.ui.manageyards.view.New","viewId":"application-manageyards-display-component---NewYard","bindingPath":{"path":"","propertyPath":"/SHIP_POINT","modelName":"NewYardModel"},"interaction":{"idSuffix":"inner"}},"wdio_ui5_key":"etmportal.ui.manageyards.view.Newsap.m.Input{\"path\":\"\",\"propertyPath\":\"/SHIP_POINT\",\"modelName\":\"NewYardModel\"}"}]}
RESULT: {"script":"<script> [1562 bytes]","args":[{"selector":{"controlType":"sap.m.Input","viewName":"etm.portal.ui.manageyards.view.New","viewId":"application-manageyards-display-component---NewYard","bindingPath":{"path":"","propertyPath":"/SHIP_POINT","modelName":"NewYardModel"},"interaction":{"idSuffix":"inner"}},"wdio_ui5_key":"etmportal.ui.manageyards.view.Newsap.m.Input{\"path\":\"\",\"propertyPath\":\"/SHIP_POINT\",\"modelName\":\"NewYardModel\"}"}]}
RESULT: undefined
COMMAND: POST /session/ed9e7a26acf6bcacb4d91d5d815b7bad/execute/async - {"script":"<script> [776 bytes]","args":[{"enterText":"1710","selector":{"controlType":"sap.m.Input","viewName":"etm.portal.ui.manageyards.view.New","viewId":"application-manageyards-display-component---NewYard","bindingPath":{"path":"","propertyPath":"/SHIP_POINT","modelName":"NewYardModel"},"interaction":{"idSuffix":"inner"}},"clearTextFirst":true,"interactionType":"ENTER_TEXT"}]}
RESULT: {"script":"<script> [776 bytes]","args":[{"enterText":"1710","selector":{"controlType":"sap.m.Input","viewName":"etm.portal.ui.manageyards.view.New","viewId":"application-manageyards-display-component---NewYard","bindingPath":{"path":"","propertyPath":"/SHIP_POINT","modelName":"NewYardModel"},"interaction":{"idSuffix":"inner"}},"clearTextFirst":true,"interactionType":"ENTER_TEXT"}]}
COMMAND: POST /session/ed9e7a26acf6bcacb4d91d5d815b7bad/execute/async - {"script":"<script> [1562 bytes]","args":[{"selector":{"controlType":"sap.m.Input","viewName":"etm.portal.ui.manageyards.view.New","viewId":"application-manageyards-display-component---NewYard","bindingPath":{"path":"","propertyPath":"/DELIVERY_TYPE","modelName":"NewYardModel"},"interaction":{"idSuffix":"inner"}},"wdio_ui5_key":"etmportal.ui.manageyards.view.Newsap.m.Input{\"path\":\"\",\"propertyPath\":\"/DELIVERY_TYPE\",\"modelName\":\"NewYardModel\"}"}]}
RESULT: {"script":"<script> [1562 bytes]","args":[{"selector":{"controlType":"sap.m.Input","viewName":"etm.portal.ui.manageyards.view.New","viewId":"application-manageyards-display-component---NewYard","bindingPath":{"path":"","propertyPath":"/DELIVERY_TYPE","modelName":"NewYardModel"},"interaction":{"idSuffix":"inner"}},"wdio_ui5_key":"etmportal.ui.manageyards.view.Newsap.m.Input{\"path\":\"\",\"propertyPath\":\"/DELIVERY_TYPE\",\"modelName\":\"NewYardModel\"}"}]}
RESULT: undefined
COMMAND: POST /session/ed9e7a26acf6bcacb4d91d5d815b7bad/execute/async - {"script":"<script> [776 bytes]","args":[{"enterText":"ZL01","selector":{"controlType":"sap.m.Input","viewName":"etm.portal.ui.manageyards.view.New","viewId":"application-manageyards-display-component---NewYard","bindingPath":{"path":"","propertyPath":"/DELIVERY_TYPE","modelName":"NewYardModel"},"interaction":{"idSuffix":"inner"}},"clearTextFirst":true,"interactionType":"ENTER_TEXT"}]}
RESULT: {"script":"<script> [776 bytes]","args":[{"enterText":"ZL01","selector":{"controlType":"sap.m.Input","viewName":"etm.portal.ui.manageyards.view.New","viewId":"application-manageyards-display-component---NewYard","bindingPath":{"path":"","propertyPath":"/DELIVERY_TYPE","modelName":"NewYardModel"},"interaction":{"idSuffix":"inner"}},"clearTextFirst":true,"interactionType":"ENTER_TEXT"}]}
COMMAND: POST /session/ed9e7a26acf6bcacb4d91d5d815b7bad/execute/async - {"script":"<script> [1562 bytes]","args":[{"selector":{"controlType":"sap.m.Input","viewName":"etm.portal.ui.manageyards.view.New","viewId":"application-manageyards-display-component---NewYard","bindingPath":{"path":"","propertyPath":"/AUART","modelName":"NewYardModel"},"interaction":{"idSuffix":"inner"}},"wdio_ui5_key":"etmportal.ui.manageyards.view.Newsap.m.Input{\"path\":\"\",\"propertyPath\":\"/AUART\",\"modelName\":\"NewYardModel\"}"}]}
RESULT: {"script":"<script> [1562 bytes]","args":[{"selector":{"controlType":"sap.m.Input","viewName":"etm.portal.ui.manageyards.view.New","viewId":"application-manageyards-display-component---NewYard","bindingPath":{"path":"","propertyPath":"/AUART","modelName":"NewYardModel"},"interaction":{"idSuffix":"inner"}},"wdio_ui5_key":"etmportal.ui.manageyards.view.Newsap.m.Input{\"path\":\"\",\"propertyPath\":\"/AUART\",\"modelName\":\"NewYardModel\"}"}]}
RESULT: undefined
COMMAND: POST /session/ed9e7a26acf6bcacb4d91d5d815b7bad/execute/async - {"script":"<script> [776 bytes]","args":[{"enterText":"TA","selector":{"controlType":"sap.m.Input","viewName":"etm.portal.ui.manageyards.view.New","viewId":"application-manageyards-display-component---NewYard","bindingPath":{"path":"","propertyPath":"/AUART","modelName":"NewYardModel"},"interaction":{"idSuffix":"inner"}},"clearTextFirst":true,"interactionType":"ENTER_TEXT"}]}
RESULT: {"script":"<script> [776 bytes]","args":[{"enterText":"TA","selector":{"controlType":"sap.m.Input","viewName":"etm.portal.ui.manageyards.view.New","viewId":"application-manageyards-display-component---NewYard","bindingPath":{"path":"","propertyPath":"/AUART","modelName":"NewYardModel"},"interaction":{"idSuffix":"inner"}},"clearTextFirst":true,"interactionType":"ENTER_TEXT"}]}
COMMAND: POST /session/ed9e7a26acf6bcacb4d91d5d815b7bad/element - {"using":"xpath","value":"//button[@data-kt=\"newYardSaveButton\"]"}
RESULT: {"using":"xpath","value":"//button[@data-kt=\"newYardSaveButton\"]"}
COMMAND: POST /session/ed9e7a26acf6bcacb4d91d5d815b7bad/element/f.3284FBD50136822B3404D64B74F3579B.d.BD0E97DC827D8DB707B5AB91BF828E56.e.680/click - {}
RESULT: {}
COMMAND: GET /session/ed9e7a26acf6bcacb4d91d5d815b7bad/screenshot - {}
RESULT: {}
COMMAND: POST /session/ed9e7a26acf6bcacb4d91d5d815b7bad/element - {"using":"xpath","value":"//header[contains(@id, 'ObjectPageLayout-headerTitle')]/div[1]/div[2]/div[1]/span[1]"}
RESULT: {"using":"xpath","value":"//header[contains(@id, 'ObjectPageLayout-headerTitle')]/div[1]/div[2]/div[1]/span[1]"}
COMMAND: POST /session/ed9e7a26acf6bcacb4d91d5d815b7bad/elements - {"using":"xpath","value":"//header[contains(@id, 'ObjectPageLayout-headerTitle')]/div[1]/div[2]/div[1]/span[1]"}
RESULT: {"using":"xpath","value":"//header[contains(@id, 'ObjectPageLayout-headerTitle')]/div[1]/div[2]/div[1]/span[1]"}
COMMAND: POST /session/ed9e7a26acf6bcacb4d91d5d815b7bad/execute/sync - {"script":"<script> [56 bytes]","args":[{"element-6066-11e4-a52e-4f735466cecf":"f.3284FBD50136822B3404D64B74F3579B.d.BD0E97DC827D8DB707B5AB91BF828E56.e.1024","ELEMENT":"f.3284FBD50136822B3404D64B74F3579B.d.BD0E97DC827D8DB707B5AB91BF828E56.e.1024"}]}
RESULT: {"script":"<script> [56 bytes]","args":[{"element-6066-11e4-a52e-4f735466cecf":"f.3284FBD50136822B3404D64B74F3579B.d.BD0E97DC827D8DB707B5AB91BF828E56.e.1024","ELEMENT":"f.3284FBD50136822B3404D64B74F3579B.d.BD0E97DC827D8DB707B5AB91BF828E56.e.1024"}]}
COMMAND: GET /session/ed9e7a26acf6bcacb4d91d5d815b7bad/screenshot - {}
RESULT: {}
COMMAND: POST /session/ed9e7a26acf6bcacb4d91d5d815b7bad/element - {"using":"css selector","value":"#shell-header-logo"}
RESULT: {"using":"css selector","value":"#shell-header-logo"}
COMMAND: POST /session/ed9e7a26acf6bcacb4d91d5d815b7bad/element/f.3284FBD50136822B3404D64B74F3579B.d.BD0E97DC827D8DB707B5AB91BF828E56.e.267/click - {}
RESULT: {}
COMMAND: GET /session/ed9e7a26acf6bcacb4d91d5d815b7bad/screenshot - {}
RESULT: {}
COMMAND: POST /session/ed9e7a26acf6bcacb4d91d5d815b7bad/execute/sync - {"script":"<script> [299 bytes]","args":[["getModel","getResource"]]}
RESULT: {"script":"<script> [299 bytes]","args":[["getModel","getResource"]]}
]]></system-out>
    </testcase>
    <testcase classname="chrome.136_0_7103_93.windows.Prerequisites_&amp;_test_for_yard_mass_return_on_Yard_Overview_US131057" name="Prereq Should create a new partner" time="138.354">
      <system-out><![CDATA[
COMMAND: GET /session/ed9e7a26acf6bcacb4d91d5d815b7bad/screenshot - {}
COMMAND: POST /session/ed9e7a26acf6bcacb4d91d5d815b7bad/window/fullscreen - {}
RESULT: {}
COMMAND: POST /session/ed9e7a26acf6bcacb4d91d5d815b7bad/execute/async - {"script":"<script> [1562 bytes]","args":[{"selector":{"controlType":"sap.m.GenericTile","properties":{"header":"Manage Partners"}},"wdio_ui5_key":"sapm.GenericTile{\"header\":\"Manage Partners\"}"}]}
RESULT: {}
RESULT: {"script":"<script> [1562 bytes]","args":[{"selector":{"controlType":"sap.m.GenericTile","properties":{"header":"Manage Partners"}},"wdio_ui5_key":"sapm.GenericTile{\"header\":\"Manage Partners\"}"}]}
RESULT: undefined
COMMAND: POST /session/ed9e7a26acf6bcacb4d91d5d815b7bad/element - {"using":"xpath","value":"//*[@id=\"__tile38\"]"}
RESULT: {"using":"xpath","value":"//*[@id=\"__tile38\"]"}
COMMAND: POST /session/ed9e7a26acf6bcacb4d91d5d815b7bad/element/f.3284FBD50136822B3404D64B74F3579B.d.BD0E97DC827D8DB707B5AB91BF828E56.e.153/click - {}
RESULT: {}
COMMAND: GET /session/ed9e7a26acf6bcacb4d91d5d815b7bad/screenshot - {}
RESULT: {}
COMMAND: POST /session/ed9e7a26acf6bcacb4d91d5d815b7bad/elements - {"using":"xpath","value":"//span[text()='Error']"}
RESULT: {"using":"xpath","value":"//span[text()='Error']"}
COMMAND: POST /session/ed9e7a26acf6bcacb4d91d5d815b7bad/element - {"using":"xpath","value":"//button[@data-kt=\"addButton\"]"}
RESULT: {"using":"xpath","value":"//button[@data-kt=\"addButton\"]"}
COMMAND: POST /session/ed9e7a26acf6bcacb4d91d5d815b7bad/elements - {"using":"xpath","value":"//button[@data-kt=\"addButton\"]"}
RESULT: {"using":"xpath","value":"//button[@data-kt=\"addButton\"]"}
COMMAND: POST /session/ed9e7a26acf6bcacb4d91d5d815b7bad/execute/sync - {"script":"<script> [8489 bytes]","args":[{"element-6066-11e4-a52e-4f735466cecf":"f.3284FBD50136822B3404D64B74F3579B.d.BD0E97DC827D8DB707B5AB91BF828E56.e.1063","ELEMENT":"f.3284FBD50136822B3404D64B74F3579B.d.BD0E97DC827D8DB707B5AB91BF828E56.e.1063"}]}
RESULT: {"script":"<script> [8489 bytes]","args":[{"element-6066-11e4-a52e-4f735466cecf":"f.3284FBD50136822B3404D64B74F3579B.d.BD0E97DC827D8DB707B5AB91BF828E56.e.1063","ELEMENT":"f.3284FBD50136822B3404D64B74F3579B.d.BD0E97DC827D8DB707B5AB91BF828E56.e.1063"}]}
COMMAND: GET /session/ed9e7a26acf6bcacb4d91d5d815b7bad/element/f.3284FBD50136822B3404D64B74F3579B.d.BD0E97DC827D8DB707B5AB91BF828E56.e.1063/enabled - {}
COMMAND: GET /session/ed9e7a26acf6bcacb4d91d5d815b7bad/screenshot - {}
RESULT: {}
COMMAND: POST /session/ed9e7a26acf6bcacb4d91d5d815b7bad/execute/sync - {"script":"<script> [8489 bytes]","args":[{"element-6066-11e4-a52e-4f735466cecf":"f.3284FBD50136822B3404D64B74F3579B.d.BD0E97DC827D8DB707B5AB91BF828E56.e.1063","ELEMENT":"f.3284FBD50136822B3404D64B74F3579B.d.BD0E97DC827D8DB707B5AB91BF828E56.e.1063"}]}
COMMAND: GET /session/ed9e7a26acf6bcacb4d91d5d815b7bad/screenshot - {}
RESULT: {}
RESULT: {"script":"<script> [8489 bytes]","args":[{"element-6066-11e4-a52e-4f735466cecf":"f.3284FBD50136822B3404D64B74F3579B.d.BD0E97DC827D8DB707B5AB91BF828E56.e.1063","ELEMENT":"f.3284FBD50136822B3404D64B74F3579B.d.BD0E97DC827D8DB707B5AB91BF828E56.e.1063"}]}
COMMAND: POST /session/ed9e7a26acf6bcacb4d91d5d815b7bad/execute/sync - {"script":"<script> [5351 bytes]","args":[{"element-6066-11e4-a52e-4f735466cecf":"f.3284FBD50136822B3404D64B74F3579B.d.BD0E97DC827D8DB707B5AB91BF828E56.e.1063","ELEMENT":"f.3284FBD50136822B3404D64B74F3579B.d.BD0E97DC827D8DB707B5AB91BF828E56.e.1063"}]}
COMMAND: GET /session/ed9e7a26acf6bcacb4d91d5d815b7bad/screenshot - {}
RESULT: {}
RESULT: {"script":"<script> [5351 bytes]","args":[{"element-6066-11e4-a52e-4f735466cecf":"f.3284FBD50136822B3404D64B74F3579B.d.BD0E97DC827D8DB707B5AB91BF828E56.e.1063","ELEMENT":"f.3284FBD50136822B3404D64B74F3579B.d.BD0E97DC827D8DB707B5AB91BF828E56.e.1063"}]}
COMMAND: POST /session/ed9e7a26acf6bcacb4d91d5d815b7bad/element/f.3284FBD50136822B3404D64B74F3579B.d.BD0E97DC827D8DB707B5AB91BF828E56.e.1063/click - {}
COMMAND: GET /session/ed9e7a26acf6bcacb4d91d5d815b7bad/screenshot - {}
RESULT: {}
RESULT: {}
COMMAND: GET /session/ed9e7a26acf6bcacb4d91d5d815b7bad/screenshot - {}
COMMAND: POST /session/ed9e7a26acf6bcacb4d91d5d815b7bad/execute/async - {"script":"<script> [1562 bytes]","args":[{"selector":{"id":"application-managepartners-display-component---NewPartner--addressDetailDetailsName1","interaction":{"idSuffix":"inner"}},"wdio_ui5_key":"applicationmanagepartners-display-component---NewPartner--addressDetailDetailsName1"}]}
RESULT: {}
RESULT: {}
RESULT: {"script":"<script> [1562 bytes]","args":[{"selector":{"id":"application-managepartners-display-component---NewPartner--addressDetailDetailsName1","interaction":{"idSuffix":"inner"}},"wdio_ui5_key":"applicationmanagepartners-display-component---NewPartner--addressDetailDetailsName1"}]}
RESULT: undefined
COMMAND: POST /session/ed9e7a26acf6bcacb4d91d5d815b7bad/execute/async - {"script":"<script> [776 bytes]","args":[{"enterText":"Intracompany Partner WDIO","selector":{"id":"application-managepartners-display-component---NewPartner--addressDetailDetailsName1","interaction":{"idSuffix":"inner"}},"clearTextFirst":true,"interactionType":"ENTER_TEXT"}]}
RESULT: {"script":"<script> [776 bytes]","args":[{"enterText":"Intracompany Partner WDIO","selector":{"id":"application-managepartners-display-component---NewPartner--addressDetailDetailsName1","interaction":{"idSuffix":"inner"}},"clearTextFirst":true,"interactionType":"ENTER_TEXT"}]}
COMMAND: POST /session/ed9e7a26acf6bcacb4d91d5d815b7bad/execute/async - {"script":"<script> [1562 bytes]","args":[{"selector":{"id":"application-managepartners-display-component---NewPartner--addressDetailDetailsLanguage-arrow"},"wdio_ui5_key":"applicationmanagepartners-display-component---NewPartner--addressDetailDetailsLanguage-arrow"}]}
RESULT: {"script":"<script> [1562 bytes]","args":[{"selector":{"id":"application-managepartners-display-component---NewPartner--addressDetailDetailsLanguage-arrow"},"wdio_ui5_key":"applicationmanagepartners-display-component---NewPartner--addressDetailDetailsLanguage-arrow"}]}
RESULT: undefined
COMMAND: POST /session/ed9e7a26acf6bcacb4d91d5d815b7bad/element - {"using":"xpath","value":"//*[@id=\"application-managepartners-display-component---NewPartner--addressDetailDetailsLanguage-arrow\"]"}
RESULT: {"using":"xpath","value":"//*[@id=\"application-managepartners-display-component---NewPartner--addressDetailDetailsLanguage-arrow\"]"}
COMMAND: POST /session/ed9e7a26acf6bcacb4d91d5d815b7bad/element/f.3284FBD50136822B3404D64B74F3579B.d.BD0E97DC827D8DB707B5AB91BF828E56.e.1516/click - {}
RESULT: {}
COMMAND: POST /session/ed9e7a26acf6bcacb4d91d5d815b7bad/element - {"using":"xpath","value":"//span[contains(text(), \"English\")]"}
COMMAND: GET /session/ed9e7a26acf6bcacb4d91d5d815b7bad/screenshot - {}
RESULT: {"using":"xpath","value":"//span[contains(text(), \"English\")]"}
COMMAND: POST /session/ed9e7a26acf6bcacb4d91d5d815b7bad/element/f.3284FBD50136822B3404D64B74F3579B.d.BD0E97DC827D8DB707B5AB91BF828E56.e.1517/click - {}
RESULT: {}
RESULT: {}
COMMAND: GET /session/ed9e7a26acf6bcacb4d91d5d815b7bad/screenshot - {}
RESULT: {}
COMMAND: POST /session/ed9e7a26acf6bcacb4d91d5d815b7bad/execute/async - {"script":"<script> [1562 bytes]","args":[{"selector":{"id":"application-managepartners-display-component---NewPartner--addressDetailDetailsCity1","interaction":{"idSuffix":"inner"}},"wdio_ui5_key":"applicationmanagepartners-display-component---NewPartner--addressDetailDetailsCity1"}]}
RESULT: {"script":"<script> [1562 bytes]","args":[{"selector":{"id":"application-managepartners-display-component---NewPartner--addressDetailDetailsCity1","interaction":{"idSuffix":"inner"}},"wdio_ui5_key":"applicationmanagepartners-display-component---NewPartner--addressDetailDetailsCity1"}]}
RESULT: undefined
COMMAND: POST /session/ed9e7a26acf6bcacb4d91d5d815b7bad/execute/async - {"script":"<script> [776 bytes]","args":[{"enterText":"Rosario","selector":{"id":"application-managepartners-display-component---NewPartner--addressDetailDetailsCity1","interaction":{"idSuffix":"inner"}},"clearTextFirst":true,"interactionType":"ENTER_TEXT"}]}
RESULT: {"script":"<script> [776 bytes]","args":[{"enterText":"Rosario","selector":{"id":"application-managepartners-display-component---NewPartner--addressDetailDetailsCity1","interaction":{"idSuffix":"inner"}},"clearTextFirst":true,"interactionType":"ENTER_TEXT"}]}
COMMAND: POST /session/ed9e7a26acf6bcacb4d91d5d815b7bad/execute/async - {"script":"<script> [1562 bytes]","args":[{"selector":{"id":"application-managepartners-display-component---NewPartner--addressDetailDetailsCountry-arrow"},"wdio_ui5_key":"applicationmanagepartners-display-component---NewPartner--addressDetailDetailsCountry-arrow"}]}
RESULT: {"script":"<script> [1562 bytes]","args":[{"selector":{"id":"application-managepartners-display-component---NewPartner--addressDetailDetailsCountry-arrow"},"wdio_ui5_key":"applicationmanagepartners-display-component---NewPartner--addressDetailDetailsCountry-arrow"}]}
RESULT: undefined
COMMAND: POST /session/ed9e7a26acf6bcacb4d91d5d815b7bad/element - {"using":"xpath","value":"//*[@id=\"application-managepartners-display-component---NewPartner--addressDetailDetailsCountry-arrow\"]"}
RESULT: {"using":"xpath","value":"//*[@id=\"application-managepartners-display-component---NewPartner--addressDetailDetailsCountry-arrow\"]"}
COMMAND: POST /session/ed9e7a26acf6bcacb4d91d5d815b7bad/element/f.3284FBD50136822B3404D64B74F3579B.d.BD0E97DC827D8DB707B5AB91BF828E56.e.1503/click - {}
RESULT: {}
COMMAND: POST /session/ed9e7a26acf6bcacb4d91d5d815b7bad/element - {"using":"xpath","value":"//span[contains(text(), \"Argentina\")]"}
COMMAND: GET /session/ed9e7a26acf6bcacb4d91d5d815b7bad/screenshot - {}
RESULT: {"using":"xpath","value":"//span[contains(text(), \"Argentina\")]"}
COMMAND: POST /session/ed9e7a26acf6bcacb4d91d5d815b7bad/element/f.3284FBD50136822B3404D64B74F3579B.d.BD0E97DC827D8DB707B5AB91BF828E56.e.1519/click - {}
RESULT: {}
RESULT: {}
COMMAND: GET /session/ed9e7a26acf6bcacb4d91d5d815b7bad/screenshot - {}
RESULT: {}
COMMAND: POST /session/ed9e7a26acf6bcacb4d91d5d815b7bad/element - {"using":"xpath","value":"//bdi[contains(text(), \"Commercial\")]"}
RESULT: {"using":"xpath","value":"//bdi[contains(text(), \"Commercial\")]"}
COMMAND: POST /session/ed9e7a26acf6bcacb4d91d5d815b7bad/element/f.3284FBD50136822B3404D64B74F3579B.d.BD0E97DC827D8DB707B5AB91BF828E56.e.1520/click - {}
RESULT: {}
COMMAND: GET /session/ed9e7a26acf6bcacb4d91d5d815b7bad/screenshot - {}
RESULT: {}
COMMAND: POST /session/ed9e7a26acf6bcacb4d91d5d815b7bad/execute/async - {"script":"<script> [1562 bytes]","args":[{"selector":{"id":"application-managepartners-display-component---NewPartner--partnerDetailInternal-arrow"},"wdio_ui5_key":"applicationmanagepartners-display-component---NewPartner--partnerDetailInternal-arrow"}]}
RESULT: {"script":"<script> [1562 bytes]","args":[{"selector":{"id":"application-managepartners-display-component---NewPartner--partnerDetailInternal-arrow"},"wdio_ui5_key":"applicationmanagepartners-display-component---NewPartner--partnerDetailInternal-arrow"}]}
RESULT: undefined
COMMAND: POST /session/ed9e7a26acf6bcacb4d91d5d815b7bad/element - {"using":"xpath","value":"//*[@id=\"application-managepartners-display-component---NewPartner--partnerDetailInternal-arrow\"]"}
RESULT: {"using":"xpath","value":"//*[@id=\"application-managepartners-display-component---NewPartner--partnerDetailInternal-arrow\"]"}
COMMAND: POST /session/ed9e7a26acf6bcacb4d91d5d815b7bad/element/f.3284FBD50136822B3404D64B74F3579B.d.BD0E97DC827D8DB707B5AB91BF828E56.e.1526/click - {}
RESULT: {}
COMMAND: POST /session/ed9e7a26acf6bcacb4d91d5d815b7bad/element - {"using":"xpath","value":"//span[contains(text(), \"Affiliated company\")]"}
COMMAND: GET /session/ed9e7a26acf6bcacb4d91d5d815b7bad/screenshot - {}
RESULT: {"using":"xpath","value":"//span[contains(text(), \"Affiliated company\")]"}
COMMAND: POST /session/ed9e7a26acf6bcacb4d91d5d815b7bad/element/f.3284FBD50136822B3404D64B74F3579B.d.BD0E97DC827D8DB707B5AB91BF828E56.e.1527/click - {}
RESULT: {}
RESULT: {}
COMMAND: POST /session/ed9e7a26acf6bcacb4d91d5d815b7bad/execute/async - {"script":"<script> [1562 bytes]","args":[{"selector":{"id":"application-managepartners-display-component---NewPartner--partnerDetailsCurrency-arrow"},"wdio_ui5_key":"applicationmanagepartners-display-component---NewPartner--partnerDetailsCurrency-arrow"}]}
COMMAND: GET /session/ed9e7a26acf6bcacb4d91d5d815b7bad/screenshot - {}
RESULT: {"script":"<script> [1562 bytes]","args":[{"selector":{"id":"application-managepartners-display-component---NewPartner--partnerDetailsCurrency-arrow"},"wdio_ui5_key":"applicationmanagepartners-display-component---NewPartner--partnerDetailsCurrency-arrow"}]}
RESULT: undefined
COMMAND: POST /session/ed9e7a26acf6bcacb4d91d5d815b7bad/element - {"using":"xpath","value":"//*[@id=\"application-managepartners-display-component---NewPartner--partnerDetailsCurrency-arrow\"]"}
RESULT: {}
RESULT: {"using":"xpath","value":"//*[@id=\"application-managepartners-display-component---NewPartner--partnerDetailsCurrency-arrow\"]"}
COMMAND: POST /session/ed9e7a26acf6bcacb4d91d5d815b7bad/element/f.3284FBD50136822B3404D64B74F3579B.d.BD0E97DC827D8DB707B5AB91BF828E56.e.1534/click - {}
RESULT: {}
COMMAND: POST /session/ed9e7a26acf6bcacb4d91d5d815b7bad/element - {"using":"xpath","value":"//span[contains(text(), \"Euro\")]"}
COMMAND: GET /session/ed9e7a26acf6bcacb4d91d5d815b7bad/screenshot - {}
RESULT: {"using":"xpath","value":"//span[contains(text(), \"Euro\")]"}
COMMAND: POST /session/ed9e7a26acf6bcacb4d91d5d815b7bad/element/f.3284FBD50136822B3404D64B74F3579B.d.BD0E97DC827D8DB707B5AB91BF828E56.e.1535/click - {}
RESULT: {}
RESULT: {}
COMMAND: POST /session/ed9e7a26acf6bcacb4d91d5d815b7bad/execute/async - {"script":"<script> [1562 bytes]","args":[{"selector":{"id":"application-managepartners-display-component---NewPartner--addressEditDetailsCostObjectCstType-arrow"},"wdio_ui5_key":"applicationmanagepartners-display-component---NewPartner--addressEditDetailsCostObjectCstType-arrow"}]}
COMMAND: GET /session/ed9e7a26acf6bcacb4d91d5d815b7bad/screenshot - {}
RESULT: {"script":"<script> [1562 bytes]","args":[{"selector":{"id":"application-managepartners-display-component---NewPartner--addressEditDetailsCostObjectCstType-arrow"},"wdio_ui5_key":"applicationmanagepartners-display-component---NewPartner--addressEditDetailsCostObjectCstType-arrow"}]}
RESULT: undefined
COMMAND: POST /session/ed9e7a26acf6bcacb4d91d5d815b7bad/element - {"using":"xpath","value":"//*[@id=\"application-managepartners-display-component---NewPartner--addressEditDetailsCostObjectCstType-arrow\"]"}
RESULT: {}
RESULT: {"using":"xpath","value":"//*[@id=\"application-managepartners-display-component---NewPartner--addressEditDetailsCostObjectCstType-arrow\"]"}
COMMAND: POST /session/ed9e7a26acf6bcacb4d91d5d815b7bad/element/f.3284FBD50136822B3404D64B74F3579B.d.BD0E97DC827D8DB707B5AB91BF828E56.e.1536/click - {}
RESULT: {}
COMMAND: POST /session/ed9e7a26acf6bcacb4d91d5d815b7bad/element - {"using":"xpath","value":"//span[contains(text(), \"Cost Center\")]"}
COMMAND: GET /session/ed9e7a26acf6bcacb4d91d5d815b7bad/screenshot - {}
RESULT: {"using":"xpath","value":"//span[contains(text(), \"Cost Center\")]"}
COMMAND: POST /session/ed9e7a26acf6bcacb4d91d5d815b7bad/element/f.3284FBD50136822B3404D64B74F3579B.d.BD0E97DC827D8DB707B5AB91BF828E56.e.1537/click - {}
RESULT: {}
RESULT: {}
COMMAND: GET /session/ed9e7a26acf6bcacb4d91d5d815b7bad/screenshot - {}
RESULT: {}
COMMAND: POST /session/ed9e7a26acf6bcacb4d91d5d815b7bad/element - {"using":"xpath","value":"//span[@id=\"application-managepartners-display-component---NewPartner--addressNewCostObjectCstID-vhi\"]"}
RESULT: {"using":"xpath","value":"//span[@id=\"application-managepartners-display-component---NewPartner--addressNewCostObjectCstID-vhi\"]"}
COMMAND: POST /session/ed9e7a26acf6bcacb4d91d5d815b7bad/execute/sync - {"script":"<script> [8489 bytes]","args":[{"element-6066-11e4-a52e-4f735466cecf":"f.3284FBD50136822B3404D64B74F3579B.d.BD0E97DC827D8DB707B5AB91BF828E56.e.1541","ELEMENT":"f.3284FBD50136822B3404D64B74F3579B.d.BD0E97DC827D8DB707B5AB91BF828E56.e.1541"}]}
RESULT: {"script":"<script> [8489 bytes]","args":[{"element-6066-11e4-a52e-4f735466cecf":"f.3284FBD50136822B3404D64B74F3579B.d.BD0E97DC827D8DB707B5AB91BF828E56.e.1541","ELEMENT":"f.3284FBD50136822B3404D64B74F3579B.d.BD0E97DC827D8DB707B5AB91BF828E56.e.1541"}]}
COMMAND: POST /session/ed9e7a26acf6bcacb4d91d5d815b7bad/execute/async - {"script":"<script> [1562 bytes]","args":[{"selector":{"id":"application-managepartners-display-component---NewPartner--addressNewCostObjectCstID-vhi"},"wdio_ui5_key":"applicationmanagepartners-display-component---NewPartner--addressNewCostObjectCstID-vhi"}]}
COMMAND: GET /session/ed9e7a26acf6bcacb4d91d5d815b7bad/screenshot - {}
RESULT: {"script":"<script> [1562 bytes]","args":[{"selector":{"id":"application-managepartners-display-component---NewPartner--addressNewCostObjectCstID-vhi"},"wdio_ui5_key":"applicationmanagepartners-display-component---NewPartner--addressNewCostObjectCstID-vhi"}]}
RESULT: undefined
COMMAND: POST /session/ed9e7a26acf6bcacb4d91d5d815b7bad/element - {"using":"xpath","value":"//*[@id=\"application-managepartners-display-component---NewPartner--addressNewCostObjectCstID-vhi\"]"}
RESULT: {}
RESULT: {"using":"xpath","value":"//*[@id=\"application-managepartners-display-component---NewPartner--addressNewCostObjectCstID-vhi\"]"}
COMMAND: POST /session/ed9e7a26acf6bcacb4d91d5d815b7bad/element/f.3284FBD50136822B3404D64B74F3579B.d.BD0E97DC827D8DB707B5AB91BF828E56.e.1541/click - {}
RESULT: {}
COMMAND: GET /session/ed9e7a26acf6bcacb4d91d5d815b7bad/screenshot - {}
RESULT: {}
RESULT: undefined
COMMAND: POST /session/ed9e7a26acf6bcacb4d91d5d815b7bad/execute/async - {"script":"<script> [776 bytes]","args":[{"enterText":"10001013","selector":{"controlType":"sap.m.SearchField","properties":{"placeholder":"Search"},"searchOpenDialogs":true,"interaction":{"idSuffix":"I"}},"clearTextFirst":true,"interactionType":"ENTER_TEXT"}]}
RESULT: {"script":"<script> [776 bytes]","args":[{"enterText":"10001013","selector":{"controlType":"sap.m.SearchField","properties":{"placeholder":"Search"},"searchOpenDialogs":true,"interaction":{"idSuffix":"I"}},"clearTextFirst":true,"interactionType":"ENTER_TEXT"}]}
COMMAND: POST /session/ed9e7a26acf6bcacb4d91d5d815b7bad/actions - {"actions":[{"id":"action2","type":"key","parameters":{},"actions":[{"type":"keyDown","value":"î€‡"},{"type":"pause","duration":10},{"type":"keyUp","value":"î€‡"}]}]}
RESULT: {"actions":[{"id":"action2","type":"key","parameters":{},"actions":[{"type":"keyDown","value":"î€‡"},{"type":"pause","duration":10},{"type":"keyUp","value":"î€‡"}]}]}
COMMAND: GET /session/ed9e7a26acf6bcacb4d91d5d815b7bad/screenshot - {}
RESULT: {}
COMMAND: POST /session/ed9e7a26acf6bcacb4d91d5d815b7bad/element - {"using":"xpath","value":"//span[contains(text(), \"General Management\")]"}
RESULT: {"using":"xpath","value":"//span[contains(text(), \"General Management\")]"}
COMMAND: POST /session/ed9e7a26acf6bcacb4d91d5d815b7bad/element/f.3284FBD50136822B3404D64B74F3579B.d.BD0E97DC827D8DB707B5AB91BF828E56.e.1580/click - {}
RESULT: {}
COMMAND: GET /session/ed9e7a26acf6bcacb4d91d5d815b7bad/screenshot - {}
RESULT: {}
COMMAND: POST /session/ed9e7a26acf6bcacb4d91d5d815b7bad/element - {"using":"xpath","value":"//bdi[contains(text(), \"OK\")]"}
RESULT: {"using":"xpath","value":"//bdi[contains(text(), \"OK\")]"}
COMMAND: POST /session/ed9e7a26acf6bcacb4d91d5d815b7bad/element/f.3284FBD50136822B3404D64B74F3579B.d.BD0E97DC827D8DB707B5AB91BF828E56.e.1581/click - {}
RESULT: {}
COMMAND: GET /session/ed9e7a26acf6bcacb4d91d5d815b7bad/screenshot - {}
RESULT: {}
COMMAND: POST /session/ed9e7a26acf6bcacb4d91d5d815b7bad/element - {"using":"xpath","value":"//input[@id=\"application-managepartners-display-component---NewPartner--companyCodeComboBox-inner\"]"}
RESULT: {"using":"xpath","value":"//input[@id=\"application-managepartners-display-component---NewPartner--companyCodeComboBox-inner\"]"}
COMMAND: POST /session/ed9e7a26acf6bcacb4d91d5d815b7bad/element/f.3284FBD50136822B3404D64B74F3579B.d.BD0E97DC827D8DB707B5AB91BF828E56.e.1385/clear - {}
RESULT: {}
COMMAND: POST /session/ed9e7a26acf6bcacb4d91d5d815b7bad/element/f.3284FBD50136822B3404D64B74F3579B.d.BD0E97DC827D8DB707B5AB91BF828E56.e.1385/value - {"text":"1000"}
COMMAND: GET /session/ed9e7a26acf6bcacb4d91d5d815b7bad/screenshot - {}
RESULT: {"text":"1000"}
COMMAND: GET /session/ed9e7a26acf6bcacb4d91d5d815b7bad/screenshot - {}
RESULT: {}
RESULT: {}
COMMAND: POST /session/ed9e7a26acf6bcacb4d91d5d815b7bad/element - {"using":"xpath","value":"//li[.//span[text()= \"1000\"]]"}
RESULT: {"using":"xpath","value":"//li[.//span[text()= \"1000\"]]"}
COMMAND: POST /session/ed9e7a26acf6bcacb4d91d5d815b7bad/element/f.3284FBD50136822B3404D64B74F3579B.d.BD0E97DC827D8DB707B5AB91BF828E56.e.1587/click - {}
RESULT: {}
COMMAND: GET /session/ed9e7a26acf6bcacb4d91d5d815b7bad/screenshot - {}
RESULT: {}
COMMAND: POST /session/ed9e7a26acf6bcacb4d91d5d815b7bad/execute/async - {"script":"<script> [1562 bytes]","args":[{"selector":{"id":"application-managepartners-display-component---NewPartner--btnAddTableRow-img"},"wdio_ui5_key":"applicationmanagepartners-display-component---NewPartner--btnAddTableRow-img"}]}
RESULT: {"script":"<script> [1562 bytes]","args":[{"selector":{"id":"application-managepartners-display-component---NewPartner--btnAddTableRow-img"},"wdio_ui5_key":"applicationmanagepartners-display-component---NewPartner--btnAddTableRow-img"}]}
RESULT: undefined
COMMAND: POST /session/ed9e7a26acf6bcacb4d91d5d815b7bad/element - {"using":"xpath","value":"//*[@id=\"application-managepartners-display-component---NewPartner--btnAddTableRow-img\"]"}
RESULT: {"using":"xpath","value":"//*[@id=\"application-managepartners-display-component---NewPartner--btnAddTableRow-img\"]"}
COMMAND: POST /session/ed9e7a26acf6bcacb4d91d5d815b7bad/element/f.3284FBD50136822B3404D64B74F3579B.d.BD0E97DC827D8DB707B5AB91BF828E56.e.1588/click - {}
RESULT: {}
COMMAND: GET /session/ed9e7a26acf6bcacb4d91d5d815b7bad/screenshot - {}
RESULT: {}
COMMAND: POST /session/ed9e7a26acf6bcacb4d91d5d815b7bad/element - {"using":"xpath","value":"//input[@id=\"application-managepartners-display-component---NewPartner--assignmentYard-application-managepartners-display-component---NewPartner--assignmentsTable-0-inner\"]"}
RESULT: {"using":"xpath","value":"//input[@id=\"application-managepartners-display-component---NewPartner--assignmentYard-application-managepartners-display-component---NewPartner--assignmentsTable-0-inner\"]"}
COMMAND: POST /session/ed9e7a26acf6bcacb4d91d5d815b7bad/element/f.3284FBD50136822B3404D64B74F3579B.d.BD0E97DC827D8DB707B5AB91BF828E56.e.1591/clear - {}
RESULT: {}
COMMAND: POST /session/ed9e7a26acf6bcacb4d91d5d815b7bad/element/f.3284FBD50136822B3404D64B74F3579B.d.BD0E97DC827D8DB707B5AB91BF828E56.e.1591/value - {"text":"405"}
COMMAND: GET /session/ed9e7a26acf6bcacb4d91d5d815b7bad/screenshot - {}
RESULT: {"text":"405"}
COMMAND: GET /session/ed9e7a26acf6bcacb4d91d5d815b7bad/screenshot - {}
RESULT: {}
RESULT: {}
COMMAND: POST /session/ed9e7a26acf6bcacb4d91d5d815b7bad/element - {"using":"xpath","value":"//li[.//span[text()='405']]"}
RESULT: {"using":"xpath","value":"//li[.//span[text()='405']]"}
COMMAND: POST /session/ed9e7a26acf6bcacb4d91d5d815b7bad/element/f.3284FBD50136822B3404D64B74F3579B.d.BD0E97DC827D8DB707B5AB91BF828E56.e.1600/click - {}
RESULT: {}
COMMAND: GET /session/ed9e7a26acf6bcacb4d91d5d815b7bad/screenshot - {}
RESULT: {}
COMMAND: POST /session/ed9e7a26acf6bcacb4d91d5d815b7bad/actions - {"actions":[{"id":"action3","type":"key","parameters":{},"actions":[{"type":"keyDown","value":"î€‡"},{"type":"pause","duration":10},{"type":"keyUp","value":"î€‡"}]}]}
RESULT: {"actions":[{"id":"action3","type":"key","parameters":{},"actions":[{"type":"keyDown","value":"î€‡"},{"type":"pause","duration":10},{"type":"keyUp","value":"î€‡"}]}]}
COMMAND: POST /session/ed9e7a26acf6bcacb4d91d5d815b7bad/execute/async - {"script":"<script> [1562 bytes]","args":[{"selector":{"id":"application-managepartners-display-component---NewPartner--externalCustomerComboBox-application-managepartners-display-component---NewPartner--assignmentsTable-0-vhi"},"wdio_ui5_key":"applicationmanagepartners-display-component---NewPartner--externalCustomerComboBox-application-managepartners-display-component---NewPartner--assignmentsTable-0-vhi"}]}
COMMAND: GET /session/ed9e7a26acf6bcacb4d91d5d815b7bad/screenshot - {}
RESULT: {"script":"<script> [1562 bytes]","args":[{"selector":{"id":"application-managepartners-display-component---NewPartner--externalCustomerComboBox-application-managepartners-display-component---NewPartner--assignmentsTable-0-vhi"},"wdio_ui5_key":"applicationmanagepartners-display-component---NewPartner--externalCustomerComboBox-application-managepartners-display-component---NewPartner--assignmentsTable-0-vhi"}]}
RESULT: undefined
COMMAND: POST /session/ed9e7a26acf6bcacb4d91d5d815b7bad/element - {"using":"xpath","value":"//*[@id=\"application-managepartners-display-component---NewPartner--externalCustomerComboBox-application-managepartners-display-component---NewPartner--assignmentsTable-0-vhi\"]"}
RESULT: {}
RESULT: {"using":"xpath","value":"//*[@id=\"application-managepartners-display-component---NewPartner--externalCustomerComboBox-application-managepartners-display-component---NewPartner--assignmentsTable-0-vhi\"]"}
COMMAND: POST /session/ed9e7a26acf6bcacb4d91d5d815b7bad/element/f.3284FBD50136822B3404D64B74F3579B.d.BD0E97DC827D8DB707B5AB91BF828E56.e.1604/click - {}
RESULT: {}
RESULT: undefined
COMMAND: POST /session/ed9e7a26acf6bcacb4d91d5d815b7bad/execute/async - {"script":"<script> [776 bytes]","args":[{"enterText":"300003","selector":{"controlType":"sap.m.SearchField","properties":{"placeholder":"Search"},"searchOpenDialogs":true,"interaction":{"idSuffix":"I"}},"clearTextFirst":true,"interactionType":"ENTER_TEXT"}]}
COMMAND: GET /session/ed9e7a26acf6bcacb4d91d5d815b7bad/screenshot - {}
RESULT: {"script":"<script> [776 bytes]","args":[{"enterText":"300003","selector":{"controlType":"sap.m.SearchField","properties":{"placeholder":"Search"},"searchOpenDialogs":true,"interaction":{"idSuffix":"I"}},"clearTextFirst":true,"interactionType":"ENTER_TEXT"}]}
COMMAND: POST /session/ed9e7a26acf6bcacb4d91d5d815b7bad/actions - {"actions":[{"id":"action4","type":"key","parameters":{},"actions":[{"type":"keyDown","value":"î€‡"},{"type":"pause","duration":10},{"type":"keyUp","value":"î€‡"}]}]}
RESULT: {}
RESULT: {"actions":[{"id":"action4","type":"key","parameters":{},"actions":[{"type":"keyDown","value":"î€‡"},{"type":"pause","duration":10},{"type":"keyUp","value":"î€‡"}]}]}
COMMAND: GET /session/ed9e7a26acf6bcacb4d91d5d815b7bad/screenshot - {}
RESULT: {}
COMMAND: POST /session/ed9e7a26acf6bcacb4d91d5d815b7bad/element - {"using":"xpath","value":"//span[contains(text(), \"300003\")]"}
RESULT: {"using":"xpath","value":"//span[contains(text(), \"300003\")]"}
COMMAND: POST /session/ed9e7a26acf6bcacb4d91d5d815b7bad/element/f.3284FBD50136822B3404D64B74F3579B.d.BD0E97DC827D8DB707B5AB91BF828E56.e.1622/click - {}
RESULT: {}
COMMAND: GET /session/ed9e7a26acf6bcacb4d91d5d815b7bad/screenshot - {}
RESULT: {}
COMMAND: POST /session/ed9e7a26acf6bcacb4d91d5d815b7bad/element - {"using":"xpath","value":"//bdi[contains(text(), \"OK\")]"}
RESULT: {"using":"xpath","value":"//bdi[contains(text(), \"OK\")]"}
COMMAND: POST /session/ed9e7a26acf6bcacb4d91d5d815b7bad/element/f.3284FBD50136822B3404D64B74F3579B.d.BD0E97DC827D8DB707B5AB91BF828E56.e.1624/click - {}
RESULT: {}
COMMAND: GET /session/ed9e7a26acf6bcacb4d91d5d815b7bad/screenshot - {}
RESULT: {}
COMMAND: POST /session/ed9e7a26acf6bcacb4d91d5d815b7bad/execute/async - {"script":"<script> [1562 bytes]","args":[{"selector":{"id":"application-managepartners-display-component---NewPartner--intercompVendorComboBox-application-managepartners-display-component---NewPartner--assignmentsTable-0-vhi"},"wdio_ui5_key":"applicationmanagepartners-display-component---NewPartner--intercompVendorComboBox-application-managepartners-display-component---NewPartner--assignmentsTable-0-vhi"}]}
RESULT: {"script":"<script> [1562 bytes]","args":[{"selector":{"id":"application-managepartners-display-component---NewPartner--intercompVendorComboBox-application-managepartners-display-component---NewPartner--assignmentsTable-0-vhi"},"wdio_ui5_key":"applicationmanagepartners-display-component---NewPartner--intercompVendorComboBox-application-managepartners-display-component---NewPartner--assignmentsTable-0-vhi"}]}
RESULT: undefined
COMMAND: POST /session/ed9e7a26acf6bcacb4d91d5d815b7bad/element - {"using":"xpath","value":"//*[@id=\"application-managepartners-display-component---NewPartner--intercompVendorComboBox-application-managepartners-display-component---NewPartner--assignmentsTable-0-vhi\"]"}
RESULT: {"using":"xpath","value":"//*[@id=\"application-managepartners-display-component---NewPartner--intercompVendorComboBox-application-managepartners-display-component---NewPartner--assignmentsTable-0-vhi\"]"}
COMMAND: POST /session/ed9e7a26acf6bcacb4d91d5d815b7bad/element/f.3284FBD50136822B3404D64B74F3579B.d.BD0E97DC827D8DB707B5AB91BF828E56.e.1628/click - {}
RESULT: {}
RESULT: undefined
COMMAND: POST /session/ed9e7a26acf6bcacb4d91d5d815b7bad/execute/async - {"script":"<script> [776 bytes]","args":[{"enterText":"100005","selector":{"controlType":"sap.m.SearchField","properties":{"placeholder":"Search"},"searchOpenDialogs":true,"interaction":{"idSuffix":"I"}},"clearTextFirst":true,"interactionType":"ENTER_TEXT"}]}
COMMAND: GET /session/ed9e7a26acf6bcacb4d91d5d815b7bad/screenshot - {}
RESULT: {"script":"<script> [776 bytes]","args":[{"enterText":"100005","selector":{"controlType":"sap.m.SearchField","properties":{"placeholder":"Search"},"searchOpenDialogs":true,"interaction":{"idSuffix":"I"}},"clearTextFirst":true,"interactionType":"ENTER_TEXT"}]}
COMMAND: POST /session/ed9e7a26acf6bcacb4d91d5d815b7bad/actions - {"actions":[{"id":"action5","type":"key","parameters":{},"actions":[{"type":"keyDown","value":"î€‡"},{"type":"pause","duration":10},{"type":"keyUp","value":"î€‡"}]}]}
RESULT: {}
RESULT: {"actions":[{"id":"action5","type":"key","parameters":{},"actions":[{"type":"keyDown","value":"î€‡"},{"type":"pause","duration":10},{"type":"keyUp","value":"î€‡"}]}]}
COMMAND: GET /session/ed9e7a26acf6bcacb4d91d5d815b7bad/screenshot - {}
RESULT: {}
COMMAND: POST /session/ed9e7a26acf6bcacb4d91d5d815b7bad/element - {"using":"xpath","value":"//span[contains(text(), \"Penguins - Field/12345 Berlin\")]"}
RESULT: {"using":"xpath","value":"//span[contains(text(), \"Penguins - Field/12345 Berlin\")]"}
COMMAND: POST /session/ed9e7a26acf6bcacb4d91d5d815b7bad/element/f.3284FBD50136822B3404D64B74F3579B.d.BD0E97DC827D8DB707B5AB91BF828E56.e.1647/click - {}
RESULT: {}
COMMAND: GET /session/ed9e7a26acf6bcacb4d91d5d815b7bad/screenshot - {}
RESULT: {}
COMMAND: POST /session/ed9e7a26acf6bcacb4d91d5d815b7bad/element - {"using":"xpath","value":"//bdi[contains(text(), \"OK\")]"}
RESULT: {"using":"xpath","value":"//bdi[contains(text(), \"OK\")]"}
COMMAND: POST /session/ed9e7a26acf6bcacb4d91d5d815b7bad/element/f.3284FBD50136822B3404D64B74F3579B.d.BD0E97DC827D8DB707B5AB91BF828E56.e.1648/click - {}
RESULT: {}
COMMAND: GET /session/ed9e7a26acf6bcacb4d91d5d815b7bad/screenshot - {}
RESULT: {}
COMMAND: POST /session/ed9e7a26acf6bcacb4d91d5d815b7bad/element - {"using":"xpath","value":"//button[@data-kt=\"saveButton\"]"}
RESULT: {"using":"xpath","value":"//button[@data-kt=\"saveButton\"]"}
COMMAND: POST /session/ed9e7a26acf6bcacb4d91d5d815b7bad/element/f.3284FBD50136822B3404D64B74F3579B.d.BD0E97DC827D8DB707B5AB91BF828E56.e.1420/click - {}
RESULT: {}
COMMAND: GET /session/ed9e7a26acf6bcacb4d91d5d815b7bad/screenshot - {}
RESULT: {}
COMMAND: POST /session/ed9e7a26acf6bcacb4d91d5d815b7bad/element - {"using":"xpath","value":"//header[contains(@id, 'ObjectPageLayout-headerTitle')]/div[1]/div[2]/div[2]/span[1]"}
RESULT: {"using":"xpath","value":"//header[contains(@id, 'ObjectPageLayout-headerTitle')]/div[1]/div[2]/div[2]/span[1]"}
COMMAND: POST /session/ed9e7a26acf6bcacb4d91d5d815b7bad/elements - {"using":"xpath","value":"//header[contains(@id, 'ObjectPageLayout-headerTitle')]/div[1]/div[2]/div[2]/span[1]"}
RESULT: {"using":"xpath","value":"//header[contains(@id, 'ObjectPageLayout-headerTitle')]/div[1]/div[2]/div[2]/span[1]"}
COMMAND: POST /session/ed9e7a26acf6bcacb4d91d5d815b7bad/execute/sync - {"script":"<script> [56 bytes]","args":[{"element-6066-11e4-a52e-4f735466cecf":"f.3284FBD50136822B3404D64B74F3579B.d.BD0E97DC827D8DB707B5AB91BF828E56.e.1811","ELEMENT":"f.3284FBD50136822B3404D64B74F3579B.d.BD0E97DC827D8DB707B5AB91BF828E56.e.1811"}]}
RESULT: {"script":"<script> [56 bytes]","args":[{"element-6066-11e4-a52e-4f735466cecf":"f.3284FBD50136822B3404D64B74F3579B.d.BD0E97DC827D8DB707B5AB91BF828E56.e.1811","ELEMENT":"f.3284FBD50136822B3404D64B74F3579B.d.BD0E97DC827D8DB707B5AB91BF828E56.e.1811"}]}
COMMAND: POST /session/ed9e7a26acf6bcacb4d91d5d815b7bad/element - {"using":"css selector","value":"#shell-header-logo"}
COMMAND: GET /session/ed9e7a26acf6bcacb4d91d5d815b7bad/screenshot - {}
RESULT: {"using":"css selector","value":"#shell-header-logo"}
COMMAND: POST /session/ed9e7a26acf6bcacb4d91d5d815b7bad/element/f.3284FBD50136822B3404D64B74F3579B.d.BD0E97DC827D8DB707B5AB91BF828E56.e.1029/click - {}
RESULT: {}
RESULT: {}
COMMAND: GET /session/ed9e7a26acf6bcacb4d91d5d815b7bad/screenshot - {}
RESULT: {}
COMMAND: POST /session/ed9e7a26acf6bcacb4d91d5d815b7bad/execute/sync - {"script":"<script> [299 bytes]","args":[["getModel","getResource"]]}
RESULT: {"script":"<script> [299 bytes]","args":[["getModel","getResource"]]}
]]></system-out>
    </testcase>
    <testcase classname="chrome.136_0_7103_93.windows.Prerequisites_&amp;_test_for_yard_mass_return_on_Yard_Overview_US131057" name="Prereq Should create a new site" time="155.645">
      <system-out><![CDATA[
COMMAND: GET /session/ed9e7a26acf6bcacb4d91d5d815b7bad/screenshot - {}
COMMAND: POST /session/ed9e7a26acf6bcacb4d91d5d815b7bad/execute/async - {"script":"<script> [1562 bytes]","args":[{"selector":{"controlType":"sap.m.GenericTile","properties":{"header":"Manage Sites"}},"wdio_ui5_key":"sapm.GenericTile{\"header\":\"Manage Sites\"}"}]}
RESULT: {}
RESULT: {"script":"<script> [1562 bytes]","args":[{"selector":{"controlType":"sap.m.GenericTile","properties":{"header":"Manage Sites"}},"wdio_ui5_key":"sapm.GenericTile{\"header\":\"Manage Sites\"}"}]}
RESULT: undefined
COMMAND: POST /session/ed9e7a26acf6bcacb4d91d5d815b7bad/element - {"using":"xpath","value":"//*[@id=\"__tile40\"]"}
RESULT: {"using":"xpath","value":"//*[@id=\"__tile40\"]"}
COMMAND: POST /session/ed9e7a26acf6bcacb4d91d5d815b7bad/element/f.3284FBD50136822B3404D64B74F3579B.d.BD0E97DC827D8DB707B5AB91BF828E56.e.159/click - {}
RESULT: {}
COMMAND: GET /session/ed9e7a26acf6bcacb4d91d5d815b7bad/screenshot - {}
RESULT: {}
COMMAND: POST /session/ed9e7a26acf6bcacb4d91d5d815b7bad/elements - {"using":"xpath","value":"//span[text()='Error']"}
RESULT: {"using":"xpath","value":"//span[text()='Error']"}
COMMAND: POST /session/ed9e7a26acf6bcacb4d91d5d815b7bad/element - {"using":"xpath","value":"//button[@data-kt=\"addOverflowToolbarButton\"]"}
RESULT: {"using":"xpath","value":"//button[@data-kt=\"addOverflowToolbarButton\"]"}
COMMAND: POST /session/ed9e7a26acf6bcacb4d91d5d815b7bad/elements - {"using":"xpath","value":"//button[@data-kt=\"addOverflowToolbarButton\"]"}
RESULT: {"using":"xpath","value":"//button[@data-kt=\"addOverflowToolbarButton\"]"}
COMMAND: POST /session/ed9e7a26acf6bcacb4d91d5d815b7bad/execute/sync - {"script":"<script> [8489 bytes]","args":[{"element-6066-11e4-a52e-4f735466cecf":"f.3284FBD50136822B3404D64B74F3579B.d.BD0E97DC827D8DB707B5AB91BF828E56.e.1860","ELEMENT":"f.3284FBD50136822B3404D64B74F3579B.d.BD0E97DC827D8DB707B5AB91BF828E56.e.1860"}]}
RESULT: {"script":"<script> [8489 bytes]","args":[{"element-6066-11e4-a52e-4f735466cecf":"f.3284FBD50136822B3404D64B74F3579B.d.BD0E97DC827D8DB707B5AB91BF828E56.e.1860","ELEMENT":"f.3284FBD50136822B3404D64B74F3579B.d.BD0E97DC827D8DB707B5AB91BF828E56.e.1860"}]}
COMMAND: GET /session/ed9e7a26acf6bcacb4d91d5d815b7bad/element/f.3284FBD50136822B3404D64B74F3579B.d.BD0E97DC827D8DB707B5AB91BF828E56.e.1860/enabled - {}
COMMAND: GET /session/ed9e7a26acf6bcacb4d91d5d815b7bad/screenshot - {}
RESULT: {}
COMMAND: POST /session/ed9e7a26acf6bcacb4d91d5d815b7bad/execute/sync - {"script":"<script> [8489 bytes]","args":[{"element-6066-11e4-a52e-4f735466cecf":"f.3284FBD50136822B3404D64B74F3579B.d.BD0E97DC827D8DB707B5AB91BF828E56.e.1860","ELEMENT":"f.3284FBD50136822B3404D64B74F3579B.d.BD0E97DC827D8DB707B5AB91BF828E56.e.1860"}]}
COMMAND: GET /session/ed9e7a26acf6bcacb4d91d5d815b7bad/screenshot - {}
RESULT: {}
RESULT: {"script":"<script> [8489 bytes]","args":[{"element-6066-11e4-a52e-4f735466cecf":"f.3284FBD50136822B3404D64B74F3579B.d.BD0E97DC827D8DB707B5AB91BF828E56.e.1860","ELEMENT":"f.3284FBD50136822B3404D64B74F3579B.d.BD0E97DC827D8DB707B5AB91BF828E56.e.1860"}]}
COMMAND: POST /session/ed9e7a26acf6bcacb4d91d5d815b7bad/execute/sync - {"script":"<script> [5351 bytes]","args":[{"element-6066-11e4-a52e-4f735466cecf":"f.3284FBD50136822B3404D64B74F3579B.d.BD0E97DC827D8DB707B5AB91BF828E56.e.1860","ELEMENT":"f.3284FBD50136822B3404D64B74F3579B.d.BD0E97DC827D8DB707B5AB91BF828E56.e.1860"}]}
COMMAND: GET /session/ed9e7a26acf6bcacb4d91d5d815b7bad/screenshot - {}
RESULT: {}
RESULT: {"script":"<script> [5351 bytes]","args":[{"element-6066-11e4-a52e-4f735466cecf":"f.3284FBD50136822B3404D64B74F3579B.d.BD0E97DC827D8DB707B5AB91BF828E56.e.1860","ELEMENT":"f.3284FBD50136822B3404D64B74F3579B.d.BD0E97DC827D8DB707B5AB91BF828E56.e.1860"}]}
COMMAND: POST /session/ed9e7a26acf6bcacb4d91d5d815b7bad/element/f.3284FBD50136822B3404D64B74F3579B.d.BD0E97DC827D8DB707B5AB91BF828E56.e.1860/click - {}
COMMAND: GET /session/ed9e7a26acf6bcacb4d91d5d815b7bad/screenshot - {}
RESULT: {}
RESULT: {}
COMMAND: GET /session/ed9e7a26acf6bcacb4d91d5d815b7bad/screenshot - {}
RESULT: {}
RESULT: {}
COMMAND: POST /session/ed9e7a26acf6bcacb4d91d5d815b7bad/element - {"using":"xpath","value":"//input[@id=\"application-managesites-display-component---NewSite--siteId-inner\"]"}
RESULT: {"using":"xpath","value":"//input[@id=\"application-managesites-display-component---NewSite--siteId-inner\"]"}
COMMAND: POST /session/ed9e7a26acf6bcacb4d91d5d815b7bad/element - {"using":"xpath","value":"//input[@id=\"application-managesites-display-component---NewSite--siteId-inner\"]"}
RESULT: {"using":"xpath","value":"//input[@id=\"application-managesites-display-component---NewSite--siteId-inner\"]"}
COMMAND: POST /session/ed9e7a26acf6bcacb4d91d5d815b7bad/execute/async - {"script":"<script> [1562 bytes]","args":[{"selector":{"id":"application-managesites-display-component---NewSite--addressDetailDetailsName1","interaction":{"idSuffix":"inner"}},"wdio_ui5_key":"applicationmanagesites-display-component---NewSite--addressDetailDetailsName1"}]}
RESULT: {"script":"<script> [1562 bytes]","args":[{"selector":{"id":"application-managesites-display-component---NewSite--addressDetailDetailsName1","interaction":{"idSuffix":"inner"}},"wdio_ui5_key":"applicationmanagesites-display-component---NewSite--addressDetailDetailsName1"}]}
RESULT: undefined
COMMAND: POST /session/ed9e7a26acf6bcacb4d91d5d815b7bad/execute/async - {"script":"<script> [776 bytes]","args":[{"enterText":"Intracompany Site wdIO","selector":{"id":"application-managesites-display-component---NewSite--addressDetailDetailsName1","interaction":{"idSuffix":"inner"}},"clearTextFirst":true,"interactionType":"ENTER_TEXT"}]}
RESULT: {"script":"<script> [776 bytes]","args":[{"enterText":"Intracompany Site wdIO","selector":{"id":"application-managesites-display-component---NewSite--addressDetailDetailsName1","interaction":{"idSuffix":"inner"}},"clearTextFirst":true,"interactionType":"ENTER_TEXT"}]}
COMMAND: POST /session/ed9e7a26acf6bcacb4d91d5d815b7bad/execute/async - {"script":"<script> [1562 bytes]","args":[{"selector":{"id":"application-managesites-display-component---NewSite--addressDetailDetailsLanguage-arrow"},"wdio_ui5_key":"applicationmanagesites-display-component---NewSite--addressDetailDetailsLanguage-arrow"}]}
RESULT: {"script":"<script> [1562 bytes]","args":[{"selector":{"id":"application-managesites-display-component---NewSite--addressDetailDetailsLanguage-arrow"},"wdio_ui5_key":"applicationmanagesites-display-component---NewSite--addressDetailDetailsLanguage-arrow"}]}
RESULT: undefined
COMMAND: POST /session/ed9e7a26acf6bcacb4d91d5d815b7bad/element - {"using":"xpath","value":"//*[@id=\"application-managesites-display-component---NewSite--addressDetailDetailsLanguage-arrow\"]"}
RESULT: {"using":"xpath","value":"//*[@id=\"application-managesites-display-component---NewSite--addressDetailDetailsLanguage-arrow\"]"}
COMMAND: POST /session/ed9e7a26acf6bcacb4d91d5d815b7bad/element/f.3284FBD50136822B3404D64B74F3579B.d.BD0E97DC827D8DB707B5AB91BF828E56.e.2265/click - {}
RESULT: {}
COMMAND: POST /session/ed9e7a26acf6bcacb4d91d5d815b7bad/element - {"using":"xpath","value":"//span[contains(text(), \"English\")]"}
COMMAND: GET /session/ed9e7a26acf6bcacb4d91d5d815b7bad/screenshot - {}
RESULT: {"using":"xpath","value":"//span[contains(text(), \"English\")]"}
COMMAND: POST /session/ed9e7a26acf6bcacb4d91d5d815b7bad/element/f.3284FBD50136822B3404D64B74F3579B.d.BD0E97DC827D8DB707B5AB91BF828E56.e.2266/click - {}
RESULT: {}
RESULT: {}
COMMAND: POST /session/ed9e7a26acf6bcacb4d91d5d815b7bad/execute/async - {"script":"<script> [1562 bytes]","args":[{"selector":{"id":"application-managesites-display-component---NewSite--addressDetailDetailsCity1","interaction":{"idSuffix":"inner"}},"wdio_ui5_key":"applicationmanagesites-display-component---NewSite--addressDetailDetailsCity1"}]}
COMMAND: GET /session/ed9e7a26acf6bcacb4d91d5d815b7bad/screenshot - {}
RESULT: {"script":"<script> [1562 bytes]","args":[{"selector":{"id":"application-managesites-display-component---NewSite--addressDetailDetailsCity1","interaction":{"idSuffix":"inner"}},"wdio_ui5_key":"applicationmanagesites-display-component---NewSite--addressDetailDetailsCity1"}]}
RESULT: undefined
COMMAND: POST /session/ed9e7a26acf6bcacb4d91d5d815b7bad/execute/async - {"script":"<script> [776 bytes]","args":[{"enterText":"Rosario","selector":{"id":"application-managesites-display-component---NewSite--addressDetailDetailsCity1","interaction":{"idSuffix":"inner"}},"clearTextFirst":true,"interactionType":"ENTER_TEXT"}]}
RESULT: {}
RESULT: {"script":"<script> [776 bytes]","args":[{"enterText":"Rosario","selector":{"id":"application-managesites-display-component---NewSite--addressDetailDetailsCity1","interaction":{"idSuffix":"inner"}},"clearTextFirst":true,"interactionType":"ENTER_TEXT"}]}
COMMAND: POST /session/ed9e7a26acf6bcacb4d91d5d815b7bad/execute/async - {"script":"<script> [1562 bytes]","args":[{"selector":{"id":"application-managesites-display-component---NewSite--addressDetailDetailsCountry-arrow"},"wdio_ui5_key":"applicationmanagesites-display-component---NewSite--addressDetailDetailsCountry-arrow"}]}
RESULT: {"script":"<script> [1562 bytes]","args":[{"selector":{"id":"application-managesites-display-component---NewSite--addressDetailDetailsCountry-arrow"},"wdio_ui5_key":"applicationmanagesites-display-component---NewSite--addressDetailDetailsCountry-arrow"}]}
RESULT: undefined
COMMAND: POST /session/ed9e7a26acf6bcacb4d91d5d815b7bad/element - {"using":"xpath","value":"//*[@id=\"application-managesites-display-component---NewSite--addressDetailDetailsCountry-arrow\"]"}
RESULT: {"using":"xpath","value":"//*[@id=\"application-managesites-display-component---NewSite--addressDetailDetailsCountry-arrow\"]"}
COMMAND: POST /session/ed9e7a26acf6bcacb4d91d5d815b7bad/element/f.3284FBD50136822B3404D64B74F3579B.d.BD0E97DC827D8DB707B5AB91BF828E56.e.2268/click - {}
RESULT: {}
COMMAND: POST /session/ed9e7a26acf6bcacb4d91d5d815b7bad/element - {"using":"xpath","value":"//span[contains(text(), \"Argentina\")]"}
COMMAND: GET /session/ed9e7a26acf6bcacb4d91d5d815b7bad/screenshot - {}
RESULT: {"using":"xpath","value":"//span[contains(text(), \"Argentina\")]"}
COMMAND: POST /session/ed9e7a26acf6bcacb4d91d5d815b7bad/element/f.3284FBD50136822B3404D64B74F3579B.d.BD0E97DC827D8DB707B5AB91BF828E56.e.2269/click - {}
RESULT: {}
RESULT: {}
COMMAND: GET /session/ed9e7a26acf6bcacb4d91d5d815b7bad/screenshot - {}
RESULT: {}
COMMAND: POST /session/ed9e7a26acf6bcacb4d91d5d815b7bad/execute/async - {"script":"<script> [1562 bytes]","args":[{"selector":{"id":"application-managesites-display-component---NewSite--addressEditDetailsCostObjectCstType-arrow"},"wdio_ui5_key":"applicationmanagesites-display-component---NewSite--addressEditDetailsCostObjectCstType-arrow"}]}
RESULT: {"script":"<script> [1562 bytes]","args":[{"selector":{"id":"application-managesites-display-component---NewSite--addressEditDetailsCostObjectCstType-arrow"},"wdio_ui5_key":"applicationmanagesites-display-component---NewSite--addressEditDetailsCostObjectCstType-arrow"}]}
RESULT: undefined
COMMAND: POST /session/ed9e7a26acf6bcacb4d91d5d815b7bad/element - {"using":"xpath","value":"//*[@id=\"application-managesites-display-component---NewSite--addressEditDetailsCostObjectCstType-arrow\"]"}
RESULT: {"using":"xpath","value":"//*[@id=\"application-managesites-display-component---NewSite--addressEditDetailsCostObjectCstType-arrow\"]"}
COMMAND: POST /session/ed9e7a26acf6bcacb4d91d5d815b7bad/element/f.3284FBD50136822B3404D64B74F3579B.d.BD0E97DC827D8DB707B5AB91BF828E56.e.2271/click - {}
RESULT: {}
COMMAND: POST /session/ed9e7a26acf6bcacb4d91d5d815b7bad/element - {"using":"xpath","value":"//span[contains(text(), \"Cost Center\")]"}
COMMAND: GET /session/ed9e7a26acf6bcacb4d91d5d815b7bad/screenshot - {}
RESULT: {"using":"xpath","value":"//span[contains(text(), \"Cost Center\")]"}
COMMAND: POST /session/ed9e7a26acf6bcacb4d91d5d815b7bad/element/f.3284FBD50136822B3404D64B74F3579B.d.BD0E97DC827D8DB707B5AB91BF828E56.e.2273/click - {}
RESULT: {}
RESULT: {}
COMMAND: GET /session/ed9e7a26acf6bcacb4d91d5d815b7bad/screenshot - {}
RESULT: {}
COMMAND: POST /session/ed9e7a26acf6bcacb4d91d5d815b7bad/element - {"using":"xpath","value":"//span[@id=\"application-managesites-display-component---NewSite--addressNewCostObjectCstID-vhi\"]"}
RESULT: {"using":"xpath","value":"//span[@id=\"application-managesites-display-component---NewSite--addressNewCostObjectCstID-vhi\"]"}
COMMAND: POST /session/ed9e7a26acf6bcacb4d91d5d815b7bad/execute/sync - {"script":"<script> [8489 bytes]","args":[{"element-6066-11e4-a52e-4f735466cecf":"f.3284FBD50136822B3404D64B74F3579B.d.BD0E97DC827D8DB707B5AB91BF828E56.e.2277","ELEMENT":"f.3284FBD50136822B3404D64B74F3579B.d.BD0E97DC827D8DB707B5AB91BF828E56.e.2277"}]}
RESULT: {"script":"<script> [8489 bytes]","args":[{"element-6066-11e4-a52e-4f735466cecf":"f.3284FBD50136822B3404D64B74F3579B.d.BD0E97DC827D8DB707B5AB91BF828E56.e.2277","ELEMENT":"f.3284FBD50136822B3404D64B74F3579B.d.BD0E97DC827D8DB707B5AB91BF828E56.e.2277"}]}
COMMAND: POST /session/ed9e7a26acf6bcacb4d91d5d815b7bad/execute/async - {"script":"<script> [1562 bytes]","args":[{"selector":{"id":"application-managesites-display-component---NewSite--addressNewCostObjectCstID-vhi"},"wdio_ui5_key":"applicationmanagesites-display-component---NewSite--addressNewCostObjectCstID-vhi"}]}
COMMAND: GET /session/ed9e7a26acf6bcacb4d91d5d815b7bad/screenshot - {}
RESULT: {"script":"<script> [1562 bytes]","args":[{"selector":{"id":"application-managesites-display-component---NewSite--addressNewCostObjectCstID-vhi"},"wdio_ui5_key":"applicationmanagesites-display-component---NewSite--addressNewCostObjectCstID-vhi"}]}
RESULT: undefined
COMMAND: POST /session/ed9e7a26acf6bcacb4d91d5d815b7bad/element - {"using":"xpath","value":"//*[@id=\"application-managesites-display-component---NewSite--addressNewCostObjectCstID-vhi\"]"}
RESULT: {}
RESULT: {"using":"xpath","value":"//*[@id=\"application-managesites-display-component---NewSite--addressNewCostObjectCstID-vhi\"]"}
COMMAND: POST /session/ed9e7a26acf6bcacb4d91d5d815b7bad/element/f.3284FBD50136822B3404D64B74F3579B.d.BD0E97DC827D8DB707B5AB91BF828E56.e.2277/click - {}
RESULT: {}
COMMAND: GET /session/ed9e7a26acf6bcacb4d91d5d815b7bad/screenshot - {}
RESULT: {}
RESULT: undefined
COMMAND: POST /session/ed9e7a26acf6bcacb4d91d5d815b7bad/execute/async - {"script":"<script> [776 bytes]","args":[{"enterText":"10001013","selector":{"controlType":"sap.m.SearchField","properties":{"placeholder":"Search"},"searchOpenDialogs":true,"interaction":{"idSuffix":"I"}},"clearTextFirst":true,"interactionType":"ENTER_TEXT"}]}
RESULT: {"script":"<script> [776 bytes]","args":[{"enterText":"10001013","selector":{"controlType":"sap.m.SearchField","properties":{"placeholder":"Search"},"searchOpenDialogs":true,"interaction":{"idSuffix":"I"}},"clearTextFirst":true,"interactionType":"ENTER_TEXT"}]}
COMMAND: POST /session/ed9e7a26acf6bcacb4d91d5d815b7bad/actions - {"actions":[{"id":"action6","type":"key","parameters":{},"actions":[{"type":"keyDown","value":"î€‡"},{"type":"pause","duration":10},{"type":"keyUp","value":"î€‡"}]}]}
RESULT: {"actions":[{"id":"action6","type":"key","parameters":{},"actions":[{"type":"keyDown","value":"î€‡"},{"type":"pause","duration":10},{"type":"keyUp","value":"î€‡"}]}]}
COMMAND: GET /session/ed9e7a26acf6bcacb4d91d5d815b7bad/screenshot - {}
RESULT: {}
COMMAND: POST /session/ed9e7a26acf6bcacb4d91d5d815b7bad/element - {"using":"xpath","value":"//span[contains(text(), \"General Management\")]"}
RESULT: {"using":"xpath","value":"//span[contains(text(), \"General Management\")]"}
COMMAND: POST /session/ed9e7a26acf6bcacb4d91d5d815b7bad/element/f.3284FBD50136822B3404D64B74F3579B.d.BD0E97DC827D8DB707B5AB91BF828E56.e.2317/click - {}
RESULT: {}
COMMAND: GET /session/ed9e7a26acf6bcacb4d91d5d815b7bad/screenshot - {}
RESULT: {}
COMMAND: POST /session/ed9e7a26acf6bcacb4d91d5d815b7bad/element - {"using":"xpath","value":"//bdi[contains(text(), \"OK\")]"}
RESULT: {"using":"xpath","value":"//bdi[contains(text(), \"OK\")]"}
COMMAND: POST /session/ed9e7a26acf6bcacb4d91d5d815b7bad/element/f.3284FBD50136822B3404D64B74F3579B.d.BD0E97DC827D8DB707B5AB91BF828E56.e.2318/click - {}
RESULT: {}
COMMAND: GET /session/ed9e7a26acf6bcacb4d91d5d815b7bad/screenshot - {}
RESULT: {}
COMMAND: POST /session/ed9e7a26acf6bcacb4d91d5d815b7bad/element - {"using":"xpath","value":"//input[@id=\"application-managesites-display-component---NewSite--addressDetailDetailsCalendar-inner\"]"}
RESULT: {"using":"xpath","value":"//input[@id=\"application-managesites-display-component---NewSite--addressDetailDetailsCalendar-inner\"]"}
COMMAND: POST /session/ed9e7a26acf6bcacb4d91d5d815b7bad/element/f.3284FBD50136822B3404D64B74F3579B.d.BD0E97DC827D8DB707B5AB91BF828E56.e.2064/clear - {}
RESULT: {}
COMMAND: POST /session/ed9e7a26acf6bcacb4d91d5d815b7bad/element/f.3284FBD50136822B3404D64B74F3579B.d.BD0E97DC827D8DB707B5AB91BF828E56.e.2064/value - {"text":"Unit"}
COMMAND: GET /session/ed9e7a26acf6bcacb4d91d5d815b7bad/screenshot - {}
RESULT: {"text":"Unit"}
COMMAND: GET /session/ed9e7a26acf6bcacb4d91d5d815b7bad/screenshot - {}
RESULT: {}
RESULT: {}
COMMAND: POST /session/ed9e7a26acf6bcacb4d91d5d815b7bad/actions - {"actions":[{"id":"action7","type":"key","parameters":{},"actions":[{"type":"keyDown","value":"î€‡"},{"type":"pause","duration":10},{"type":"keyUp","value":"î€‡"}]}]}
RESULT: {"actions":[{"id":"action7","type":"key","parameters":{},"actions":[{"type":"keyDown","value":"î€‡"},{"type":"pause","duration":10},{"type":"keyUp","value":"î€‡"}]}]}
COMMAND: POST /session/ed9e7a26acf6bcacb4d91d5d815b7bad/element - {"using":"xpath","value":"//input[@id=\"application-managesites-display-component---NewSite--addressDetailDetailsYard-inner\"]"}
COMMAND: GET /session/ed9e7a26acf6bcacb4d91d5d815b7bad/screenshot - {}
RESULT: {"using":"xpath","value":"//input[@id=\"application-managesites-display-component---NewSite--addressDetailDetailsYard-inner\"]"}
COMMAND: POST /session/ed9e7a26acf6bcacb4d91d5d815b7bad/element/f.3284FBD50136822B3404D64B74F3579B.d.BD0E97DC827D8DB707B5AB91BF828E56.e.2065/clear - {}
RESULT: {}
RESULT: {}
COMMAND: POST /session/ed9e7a26acf6bcacb4d91d5d815b7bad/element/f.3284FBD50136822B3404D64B74F3579B.d.BD0E97DC827D8DB707B5AB91BF828E56.e.2065/value - {"text":"405"}
COMMAND: GET /session/ed9e7a26acf6bcacb4d91d5d815b7bad/screenshot - {}
RESULT: {"text":"405"}
COMMAND: GET /session/ed9e7a26acf6bcacb4d91d5d815b7bad/screenshot - {}
RESULT: {}
RESULT: {}
COMMAND: POST /session/ed9e7a26acf6bcacb4d91d5d815b7bad/element - {"using":"xpath","value":"//li[.//span[text()='405']]"}
RESULT: {"using":"xpath","value":"//li[.//span[text()='405']]"}
COMMAND: POST /session/ed9e7a26acf6bcacb4d91d5d815b7bad/element/f.3284FBD50136822B3404D64B74F3579B.d.BD0E97DC827D8DB707B5AB91BF828E56.e.2326/click - {}
RESULT: {}
COMMAND: GET /session/ed9e7a26acf6bcacb4d91d5d815b7bad/screenshot - {}
RESULT: {}
COMMAND: POST /session/ed9e7a26acf6bcacb4d91d5d815b7bad/element - {"using":"xpath","value":"//input[@id=\"application-managesites-display-component---NewSite--addressDetailDetailsPartner-inner\"]"}
RESULT: {"using":"xpath","value":"//input[@id=\"application-managesites-display-component---NewSite--addressDetailDetailsPartner-inner\"]"}
COMMAND: POST /session/ed9e7a26acf6bcacb4d91d5d815b7bad/element - {"using":"xpath","value":"//input[@id=\"application-managesites-display-component---NewSite--addressDetailDetailsPartner-inner\"]"}
RESULT: {"using":"xpath","value":"//input[@id=\"application-managesites-display-component---NewSite--addressDetailDetailsPartner-inner\"]"}
COMMAND: POST /session/ed9e7a26acf6bcacb4d91d5d815b7bad/element - {"using":"xpath","value":"//button[@data-kt=\"saveButton\"]"}
RESULT: {"using":"xpath","value":"//button[@data-kt=\"saveButton\"]"}
COMMAND: POST /session/ed9e7a26acf6bcacb4d91d5d815b7bad/element/f.3284FBD50136822B3404D64B74F3579B.d.BD0E97DC827D8DB707B5AB91BF828E56.e.2203/click - {}
RESULT: {}
COMMAND: GET /session/ed9e7a26acf6bcacb4d91d5d815b7bad/screenshot - {}
RESULT: {}
COMMAND: POST /session/ed9e7a26acf6bcacb4d91d5d815b7bad/element - {"using":"xpath","value":"//header[contains(@id, 'ObjectPageLayout-headerTitle')]/div[1]/div[2]/div[2]/span[1]"}
RESULT: {"using":"xpath","value":"//header[contains(@id, 'ObjectPageLayout-headerTitle')]/div[1]/div[2]/div[2]/span[1]"}
COMMAND: POST /session/ed9e7a26acf6bcacb4d91d5d815b7bad/elements - {"using":"xpath","value":"//header[contains(@id, 'ObjectPageLayout-headerTitle')]/div[1]/div[2]/div[2]/span[1]"}
RESULT: {"using":"xpath","value":"//header[contains(@id, 'ObjectPageLayout-headerTitle')]/div[1]/div[2]/div[2]/span[1]"}
COMMAND: POST /session/ed9e7a26acf6bcacb4d91d5d815b7bad/execute/sync - {"script":"<script> [56 bytes]","args":[{"element-6066-11e4-a52e-4f735466cecf":"f.3284FBD50136822B3404D64B74F3579B.d.BD0E97DC827D8DB707B5AB91BF828E56.e.2531","ELEMENT":"f.3284FBD50136822B3404D64B74F3579B.d.BD0E97DC827D8DB707B5AB91BF828E56.e.2531"}]}
RESULT: {"script":"<script> [56 bytes]","args":[{"element-6066-11e4-a52e-4f735466cecf":"f.3284FBD50136822B3404D64B74F3579B.d.BD0E97DC827D8DB707B5AB91BF828E56.e.2531","ELEMENT":"f.3284FBD50136822B3404D64B74F3579B.d.BD0E97DC827D8DB707B5AB91BF828E56.e.2531"}]}
COMMAND: POST /session/ed9e7a26acf6bcacb4d91d5d815b7bad/element - {"using":"css selector","value":"#shell-header-logo"}
COMMAND: GET /session/ed9e7a26acf6bcacb4d91d5d815b7bad/screenshot - {}
RESULT: {"using":"css selector","value":"#shell-header-logo"}
COMMAND: POST /session/ed9e7a26acf6bcacb4d91d5d815b7bad/element/f.3284FBD50136822B3404D64B74F3579B.d.BD0E97DC827D8DB707B5AB91BF828E56.e.1817/click - {}
RESULT: {}
RESULT: {}
COMMAND: GET /session/ed9e7a26acf6bcacb4d91d5d815b7bad/screenshot - {}
RESULT: {}
COMMAND: POST /session/ed9e7a26acf6bcacb4d91d5d815b7bad/execute/sync - {"script":"<script> [299 bytes]","args":[["getModel","getResource"]]}
RESULT: {"script":"<script> [299 bytes]","args":[["getModel","getResource"]]}
COMMAND: POST /session/ed9e7a26acf6bcacb4d91d5d815b7bad/actions - {"actions":[{"id":"action8","type":"key","parameters":{},"actions":[{"type":"keyDown","value":"î€‡"},{"type":"pause","duration":10},{"type":"keyUp","value":"î€‡"}]}]}
COMMAND: GET /session/ed9e7a26acf6bcacb4d91d5d815b7bad/screenshot - {}
RESULT: {"actions":[{"id":"action8","type":"key","parameters":{},"actions":[{"type":"keyDown","value":"î€‡"},{"type":"pause","duration":10},{"type":"keyUp","value":"î€‡"}]}]}
COMMAND: GET /session/ed9e7a26acf6bcacb4d91d5d815b7bad/screenshot - {}
RESULT: {}
RESULT: {}
COMMAND: POST /session/ed9e7a26acf6bcacb4d91d5d815b7bad/refresh - {}
RESULT: {}
COMMAND: GET /session/ed9e7a26acf6bcacb4d91d5d815b7bad/screenshot - {}
RESULT: {}
COMMAND: POST /session/ed9e7a26acf6bcacb4d91d5d815b7bad/refresh - {}
RESULT: {}
COMMAND: GET /session/ed9e7a26acf6bcacb4d91d5d815b7bad/screenshot - {}
RESULT: {}
COMMAND: POST /session/ed9e7a26acf6bcacb4d91d5d815b7bad/window/fullscreen - {}
RESULT: {}
COMMAND: POST /session/ed9e7a26acf6bcacb4d91d5d815b7bad/execute/async - {"script":"<script> [189 bytes]","args":[]}
RESULT: {"script":"<script> [189 bytes]","args":[]}
COMMAND: POST /session/ed9e7a26acf6bcacb4d91d5d815b7bad/execute/async - {"script":"<script> [123 bytes]","args":[]}
RESULT: {"script":"<script> [123 bytes]","args":[]}
COMMAND: POST /session/ed9e7a26acf6bcacb4d91d5d815b7bad/timeouts - {"script":"<number>"}
RESULT: {"script":"<number>"}
COMMAND: GET /session/ed9e7a26acf6bcacb4d91d5d815b7bad/timeouts - {}
RESULT: {}
RESULT: undefined
COMMAND: POST /session/ed9e7a26acf6bcacb4d91d5d815b7bad/execute/async - {"script":"<script> [2676 bytes]","args":[]}
RESULT: {"script":"<script> [2676 bytes]","args":[]}
COMMAND: POST /session/ed9e7a26acf6bcacb4d91d5d815b7bad/execute/async - {"script":"<script> [2342 bytes]","args":[{"protocol":"http","hostname":"0.0.0.0","path":"/","capabilities":{"browserName":"chrome","goog:chromeOptions":{"binary":"C:\\Program Files\\Google\\Chrome\\Application\\chrome.exe","args":["--start-maximized"]}},"logLevel":"warn","connectionRetryTimeout":120000,"connectionRetryCount":3,"logLevels":{},"enableDirectConnect":true,"strictSSL":true,"_":"65 more keys: [\"cacheDir\",\"port\",\"requestedCapabilities\",\"automationProtocol\",\"baseUrl\",\"waitforInterval\",\"waitforTimeout\",\"onReload\",\"beforeCommand\",\"afterCommand\",\"rootDir\",\"specs\",\"suites\",\"exclude\",\"groupLogsByTestSpec\",\"excludeDriverLogs\",\"bail\",\"framework\",\"reporters\",\"services\",\"maxInstances\",\"maxInstancesPerCapability\",\"injectGlobals\",\"filesToWatch\",\"execArgv\",\"runnerEnv\",\"runner\",\"shard\",\"specFileRetries\",\"specFileRetriesDelay\",\"specFileRetriesDeferred\",\"reporterSyncInterval\",\"reporterSyncTimeout\",\"cucumberFeaturesWithLineNumbers\",\"autoCompileOpts\",\"mochaOpts\",\"jasmineOpts\",\"cucumberOpts\",\"onPrepare\",\"onWorkerStart\",\"onWorkerEnd\",\"before\",\"beforeSession\",\"beforeSuite\",\"beforeHook\",\"beforeTest\",\"afterTest\",\"afterHook\",\"afterSuite\",\"afterSession\",\"after\",\"onComplete\",\"beforeAssertion\",\"afterAssertion\",\"beforeFeature\",\"beforeScenario\",\"beforeStep\",\"afterStep\",\"afterScenario\",\"afterFeature\",\"_\",\"suite\",\"$0\",\"ignoredWorkerServices\",\"wdi5\"]"}]}
RESULT: {"script":"<script> [2342 bytes]","args":[{"protocol":"http","hostname":"0.0.0.0","path":"/","capabilities":{"browserName":"chrome","goog:chromeOptions":{"binary":"C:\\Program Files\\Google\\Chrome\\Application\\chrome.exe","args":["--start-maximized"]}},"logLevel":"warn","connectionRetryTimeout":120000,"connectionRetryCount":3,"logLevels":{},"enableDirectConnect":true,"strictSSL":true,"_":"65 more keys: [\"cacheDir\",\"port\",\"requestedCapabilities\",\"automationProtocol\",\"baseUrl\",\"waitforInterval\",\"waitforTimeout\",\"onReload\",\"beforeCommand\",\"afterCommand\",\"rootDir\",\"specs\",\"suites\",\"exclude\",\"groupLogsByTestSpec\",\"excludeDriverLogs\",\"bail\",\"framework\",\"reporters\",\"services\",\"maxInstances\",\"maxInstancesPerCapability\",\"injectGlobals\",\"filesToWatch\",\"execArgv\",\"runnerEnv\",\"runner\",\"shard\",\"specFileRetries\",\"specFileRetriesDelay\",\"specFileRetriesDeferred\",\"reporterSyncInterval\",\"reporterSyncTimeout\",\"cucumberFeaturesWithLineNumbers\",\"autoCompileOpts\",\"mochaOpts\",\"jasmineOpts\",\"cucumberOpts\",\"onPrepare\",\"onWorkerStart\",\"onWorkerEnd\",\"before\",\"beforeSession\",\"beforeSuite\",\"beforeHook\",\"beforeTest\",\"afterTest\",\"afterHook\",\"afterSuite\",\"afterSession\",\"after\",\"onComplete\",\"beforeAssertion\",\"afterAssertion\",\"beforeFeature\",\"beforeScenario\",\"beforeStep\",\"afterStep\",\"afterScenario\",\"afterFeature\",\"_\",\"suite\",\"$0\",\"ignoredWorkerServices\",\"wdi5\"]"}]}
COMMAND: POST /session/ed9e7a26acf6bcacb4d91d5d815b7bad/execute/async - {"script":"<script> [21126 bytes]","args":[35000]}
RESULT: {"script":"<script> [21126 bytes]","args":[35000]}
COMMAND: POST /session/ed9e7a26acf6bcacb4d91d5d815b7bad/window/fullscreen - {}
RESULT: {}
]]></system-out>
    </testcase>
    <testcase classname="chrome.136_0_7103_93.windows.Prerequisites_&amp;_test_for_yard_mass_return_on_Yard_Overview_US131057" name="Prereq Should create a new material" time="120.671">
      <system-out><![CDATA[
COMMAND: POST /session/ed9e7a26acf6bcacb4d91d5d815b7bad/execute/async - {"script":"<script> [1562 bytes]","args":[{"selector":{"controlType":"sap.m.GenericTile","properties":{"header":"Manage Resources"}},"wdio_ui5_key":"sapm.GenericTile{\"header\":\"Manage Resources\"}"}]}
RESULT: {"script":"<script> [1562 bytes]","args":[{"selector":{"controlType":"sap.m.GenericTile","properties":{"header":"Manage Resources"}},"wdio_ui5_key":"sapm.GenericTile{\"header\":\"Manage Resources\"}"}]}
RESULT: undefined
COMMAND: POST /session/ed9e7a26acf6bcacb4d91d5d815b7bad/element - {"using":"xpath","value":"//*[@id=\"__tile31\"]"}
RESULT: {"using":"xpath","value":"//*[@id=\"__tile31\"]"}
COMMAND: POST /session/ed9e7a26acf6bcacb4d91d5d815b7bad/element/f.3284FBD50136822B3404D64B74F3579B.d.0952C6CB7ABA035D3C662EBB6D873CA3.e.2604/click - {}
RESULT: {}
COMMAND: GET /session/ed9e7a26acf6bcacb4d91d5d815b7bad/screenshot - {}
RESULT: {}
COMMAND: POST /session/ed9e7a26acf6bcacb4d91d5d815b7bad/elements - {"using":"xpath","value":"//span[text()='Error']"}
RESULT: {"using":"xpath","value":"//span[text()='Error']"}
COMMAND: POST /session/ed9e7a26acf6bcacb4d91d5d815b7bad/element - {"using":"xpath","value":"//button[@data-kt=\"addNewRUOverflowToolbarButton\"]"}
RESULT: {"using":"xpath","value":"//button[@data-kt=\"addNewRUOverflowToolbarButton\"]"}
COMMAND: POST /session/ed9e7a26acf6bcacb4d91d5d815b7bad/elements - {"using":"xpath","value":"//button[@data-kt=\"addNewRUOverflowToolbarButton\"]"}
RESULT: {"using":"xpath","value":"//button[@data-kt=\"addNewRUOverflowToolbarButton\"]"}
COMMAND: POST /session/ed9e7a26acf6bcacb4d91d5d815b7bad/elements - {"using":"xpath","value":"//button[@data-kt=\"addNewRUOverflowToolbarButton\"]"}
RESULT: {"using":"xpath","value":"//button[@data-kt=\"addNewRUOverflowToolbarButton\"]"}
COMMAND: POST /session/ed9e7a26acf6bcacb4d91d5d815b7bad/element - {"using":"xpath","value":"//button[@data-kt=\"addNewRUOverflowToolbarButton\"]"}
RESULT: {"using":"xpath","value":"//button[@data-kt=\"addNewRUOverflowToolbarButton\"]"}
COMMAND: POST /session/ed9e7a26acf6bcacb4d91d5d815b7bad/execute/sync - {"script":"<script> [8489 bytes]","args":[{"element-6066-11e4-a52e-4f735466cecf":"f.3284FBD50136822B3404D64B74F3579B.d.0952C6CB7ABA035D3C662EBB6D873CA3.e.2713","ELEMENT":"f.3284FBD50136822B3404D64B74F3579B.d.0952C6CB7ABA035D3C662EBB6D873CA3.e.2713"}]}
RESULT: {"script":"<script> [8489 bytes]","args":[{"element-6066-11e4-a52e-4f735466cecf":"f.3284FBD50136822B3404D64B74F3579B.d.0952C6CB7ABA035D3C662EBB6D873CA3.e.2713","ELEMENT":"f.3284FBD50136822B3404D64B74F3579B.d.0952C6CB7ABA035D3C662EBB6D873CA3.e.2713"}]}
COMMAND: GET /session/ed9e7a26acf6bcacb4d91d5d815b7bad/element/f.3284FBD50136822B3404D64B74F3579B.d.0952C6CB7ABA035D3C662EBB6D873CA3.e.2713/enabled - {}
COMMAND: GET /session/ed9e7a26acf6bcacb4d91d5d815b7bad/screenshot - {}
RESULT: {}
COMMAND: POST /session/ed9e7a26acf6bcacb4d91d5d815b7bad/execute/sync - {"script":"<script> [8489 bytes]","args":[{"element-6066-11e4-a52e-4f735466cecf":"f.3284FBD50136822B3404D64B74F3579B.d.0952C6CB7ABA035D3C662EBB6D873CA3.e.2713","ELEMENT":"f.3284FBD50136822B3404D64B74F3579B.d.0952C6CB7ABA035D3C662EBB6D873CA3.e.2713"}]}
COMMAND: GET /session/ed9e7a26acf6bcacb4d91d5d815b7bad/screenshot - {}
RESULT: {}
RESULT: {"script":"<script> [8489 bytes]","args":[{"element-6066-11e4-a52e-4f735466cecf":"f.3284FBD50136822B3404D64B74F3579B.d.0952C6CB7ABA035D3C662EBB6D873CA3.e.2713","ELEMENT":"f.3284FBD50136822B3404D64B74F3579B.d.0952C6CB7ABA035D3C662EBB6D873CA3.e.2713"}]}
COMMAND: POST /session/ed9e7a26acf6bcacb4d91d5d815b7bad/execute/sync - {"script":"<script> [5351 bytes]","args":[{"element-6066-11e4-a52e-4f735466cecf":"f.3284FBD50136822B3404D64B74F3579B.d.0952C6CB7ABA035D3C662EBB6D873CA3.e.2713","ELEMENT":"f.3284FBD50136822B3404D64B74F3579B.d.0952C6CB7ABA035D3C662EBB6D873CA3.e.2713"}]}
COMMAND: GET /session/ed9e7a26acf6bcacb4d91d5d815b7bad/screenshot - {}
RESULT: {}
RESULT: {"script":"<script> [5351 bytes]","args":[{"element-6066-11e4-a52e-4f735466cecf":"f.3284FBD50136822B3404D64B74F3579B.d.0952C6CB7ABA035D3C662EBB6D873CA3.e.2713","ELEMENT":"f.3284FBD50136822B3404D64B74F3579B.d.0952C6CB7ABA035D3C662EBB6D873CA3.e.2713"}]}
COMMAND: POST /session/ed9e7a26acf6bcacb4d91d5d815b7bad/element/f.3284FBD50136822B3404D64B74F3579B.d.0952C6CB7ABA035D3C662EBB6D873CA3.e.2713/click - {}
COMMAND: GET /session/ed9e7a26acf6bcacb4d91d5d815b7bad/screenshot - {}
RESULT: {}
RESULT: {}
COMMAND: GET /session/ed9e7a26acf6bcacb4d91d5d815b7bad/screenshot - {}
RESULT: {}
COMMAND: POST /session/ed9e7a26acf6bcacb4d91d5d815b7bad/execute/async - {"script":"<script> [1562 bytes]","args":[{"selector":{"id":"application-manageresources-display-component---newResourceUnit--TYPE-arrow"},"wdio_ui5_key":"applicationmanageresources-display-component---newResourceUnit--TYPE-arrow"}]}
RESULT: {}
RESULT: {"script":"<script> [1562 bytes]","args":[{"selector":{"id":"application-manageresources-display-component---newResourceUnit--TYPE-arrow"},"wdio_ui5_key":"applicationmanageresources-display-component---newResourceUnit--TYPE-arrow"}]}
RESULT: undefined
COMMAND: POST /session/ed9e7a26acf6bcacb4d91d5d815b7bad/element - {"using":"xpath","value":"//*[@id=\"application-manageresources-display-component---newResourceUnit--TYPE-arrow\"]"}
RESULT: {"using":"xpath","value":"//*[@id=\"application-manageresources-display-component---newResourceUnit--TYPE-arrow\"]"}
COMMAND: POST /session/ed9e7a26acf6bcacb4d91d5d815b7bad/element/f.3284FBD50136822B3404D64B74F3579B.d.0952C6CB7ABA035D3C662EBB6D873CA3.e.3073/click - {}
RESULT: {}
COMMAND: POST /session/ed9e7a26acf6bcacb4d91d5d815b7bad/element - {"using":"xpath","value":"//input[@id=\"application-manageresources-display-component---newResourceUnit--TYPE-inner\"]"}
COMMAND: GET /session/ed9e7a26acf6bcacb4d91d5d815b7bad/screenshot - {}
RESULT: {"using":"xpath","value":"//input[@id=\"application-manageresources-display-component---newResourceUnit--TYPE-inner\"]"}
COMMAND: POST /session/ed9e7a26acf6bcacb4d91d5d815b7bad/element/f.3284FBD50136822B3404D64B74F3579B.d.0952C6CB7ABA035D3C662EBB6D873CA3.e.3066/clear - {}
RESULT: {}
RESULT: {}
COMMAND: POST /session/ed9e7a26acf6bcacb4d91d5d815b7bad/element/f.3284FBD50136822B3404D64B74F3579B.d.0952C6CB7ABA035D3C662EBB6D873CA3.e.3066/value - {"text":"Material"}
COMMAND: GET /session/ed9e7a26acf6bcacb4d91d5d815b7bad/screenshot - {}
RESULT: {"text":"Material"}
COMMAND: GET /session/ed9e7a26acf6bcacb4d91d5d815b7bad/screenshot - {}
RESULT: {}
RESULT: {}
COMMAND: POST /session/ed9e7a26acf6bcacb4d91d5d815b7bad/actions - {"actions":[{"id":"action9","type":"key","parameters":{},"actions":[{"type":"keyDown","value":"î€‡"},{"type":"pause","duration":10},{"type":"keyUp","value":"î€‡"}]}]}
RESULT: {"actions":[{"id":"action9","type":"key","parameters":{},"actions":[{"type":"keyDown","value":"î€‡"},{"type":"pause","duration":10},{"type":"keyUp","value":"î€‡"}]}]}
COMMAND: POST /session/ed9e7a26acf6bcacb4d91d5d815b7bad/execute/async - {"script":"<script> [1562 bytes]","args":[{"selector":{"id":"application-manageresources-display-component---newResourceUnit--SHORT_TEXT","interaction":{"idSuffix":"inner"}},"wdio_ui5_key":"applicationmanageresources-display-component---newResourceUnit--SHORT_TEXT"}]}
COMMAND: GET /session/ed9e7a26acf6bcacb4d91d5d815b7bad/screenshot - {}
RESULT: {"script":"<script> [1562 bytes]","args":[{"selector":{"id":"application-manageresources-display-component---newResourceUnit--SHORT_TEXT","interaction":{"idSuffix":"inner"}},"wdio_ui5_key":"applicationmanageresources-display-component---newResourceUnit--SHORT_TEXT"}]}
RESULT: undefined
COMMAND: POST /session/ed9e7a26acf6bcacb4d91d5d815b7bad/execute/async - {"script":"<script> [776 bytes]","args":[{"enterText":"Cement WDIO","selector":{"id":"application-manageresources-display-component---newResourceUnit--SHORT_TEXT","interaction":{"idSuffix":"inner"}},"clearTextFirst":true,"interactionType":"ENTER_TEXT"}]}
RESULT: {}
RESULT: {"script":"<script> [776 bytes]","args":[{"enterText":"Cement WDIO","selector":{"id":"application-manageresources-display-component---newResourceUnit--SHORT_TEXT","interaction":{"idSuffix":"inner"}},"clearTextFirst":true,"interactionType":"ENTER_TEXT"}]}
COMMAND: POST /session/ed9e7a26acf6bcacb4d91d5d815b7bad/execute/async - {"script":"<script> [1562 bytes]","args":[{"selector":{"id":"application-manageresources-display-component---newResourceUnit--BASE_UNIT_OF_MEASURE","interaction":{"idSuffix":"inner"}},"wdio_ui5_key":"applicationmanageresources-display-component---newResourceUnit--BASE_UNIT_OF_MEASURE"}]}
RESULT: {"script":"<script> [1562 bytes]","args":[{"selector":{"id":"application-manageresources-display-component---newResourceUnit--BASE_UNIT_OF_MEASURE","interaction":{"idSuffix":"inner"}},"wdio_ui5_key":"applicationmanageresources-display-component---newResourceUnit--BASE_UNIT_OF_MEASURE"}]}
RESULT: undefined
COMMAND: POST /session/ed9e7a26acf6bcacb4d91d5d815b7bad/execute/async - {"script":"<script> [776 bytes]","args":[{"enterText":"Piece","selector":{"id":"application-manageresources-display-component---newResourceUnit--BASE_UNIT_OF_MEASURE","interaction":{"idSuffix":"inner"}},"clearTextFirst":true,"interactionType":"ENTER_TEXT"}]}
RESULT: {"script":"<script> [776 bytes]","args":[{"enterText":"Piece","selector":{"id":"application-manageresources-display-component---newResourceUnit--BASE_UNIT_OF_MEASURE","interaction":{"idSuffix":"inner"}},"clearTextFirst":true,"interactionType":"ENTER_TEXT"}]}
COMMAND: POST /session/ed9e7a26acf6bcacb4d91d5d815b7bad/execute/async - {"script":"<script> [1562 bytes]","args":[{"selector":{"id":"application-manageresources-display-component---newResourceUnit--WEIGHT_UNIT","interaction":{"idSuffix":"inner"}},"wdio_ui5_key":"applicationmanageresources-display-component---newResourceUnit--WEIGHT_UNIT"}]}
RESULT: {"script":"<script> [1562 bytes]","args":[{"selector":{"id":"application-manageresources-display-component---newResourceUnit--WEIGHT_UNIT","interaction":{"idSuffix":"inner"}},"wdio_ui5_key":"applicationmanageresources-display-component---newResourceUnit--WEIGHT_UNIT"}]}
RESULT: undefined
COMMAND: POST /session/ed9e7a26acf6bcacb4d91d5d815b7bad/execute/async - {"script":"<script> [776 bytes]","args":[{"enterText":"Gram","selector":{"id":"application-manageresources-display-component---newResourceUnit--WEIGHT_UNIT","interaction":{"idSuffix":"inner"}},"clearTextFirst":true,"interactionType":"ENTER_TEXT"}]}
RESULT: {"script":"<script> [776 bytes]","args":[{"enterText":"Gram","selector":{"id":"application-manageresources-display-component---newResourceUnit--WEIGHT_UNIT","interaction":{"idSuffix":"inner"}},"clearTextFirst":true,"interactionType":"ENTER_TEXT"}]}
COMMAND: POST /session/ed9e7a26acf6bcacb4d91d5d815b7bad/execute/async - {"script":"<script> [1562 bytes]","args":[{"selector":{"id":"application-manageresources-display-component---newResourceUnit--DIMENSION_UNIT","interaction":{"idSuffix":"inner"}},"wdio_ui5_key":"applicationmanageresources-display-component---newResourceUnit--DIMENSION_UNIT"}]}
RESULT: {"script":"<script> [1562 bytes]","args":[{"selector":{"id":"application-manageresources-display-component---newResourceUnit--DIMENSION_UNIT","interaction":{"idSuffix":"inner"}},"wdio_ui5_key":"applicationmanageresources-display-component---newResourceUnit--DIMENSION_UNIT"}]}
RESULT: undefined
COMMAND: POST /session/ed9e7a26acf6bcacb4d91d5d815b7bad/execute/async - {"script":"<script> [776 bytes]","args":[{"enterText":"Meter","selector":{"id":"application-manageresources-display-component---newResourceUnit--DIMENSION_UNIT","interaction":{"idSuffix":"inner"}},"clearTextFirst":true,"interactionType":"ENTER_TEXT"}]}
RESULT: {"script":"<script> [776 bytes]","args":[{"enterText":"Meter","selector":{"id":"application-manageresources-display-component---newResourceUnit--DIMENSION_UNIT","interaction":{"idSuffix":"inner"}},"clearTextFirst":true,"interactionType":"ENTER_TEXT"}]}
COMMAND: POST /session/ed9e7a26acf6bcacb4d91d5d815b7bad/execute/async - {"script":"<script> [1562 bytes]","args":[{"selector":{"id":"application-manageresources-display-component---newResourceUnit--newRRUPage-anchBar-application-manageresources-display-component---newResourceUnit--control-anchor","interaction":{"idSuffix":"BDI-content"}},"wdio_ui5_key":"applicationmanageresources-display-component---newResourceUnit--newRRUPage-anchBar-application-manageresources-display-component---newResourceUnit--control-anchor"}]}
RESULT: {"script":"<script> [1562 bytes]","args":[{"selector":{"id":"application-manageresources-display-component---newResourceUnit--newRRUPage-anchBar-application-manageresources-display-component---newResourceUnit--control-anchor","interaction":{"idSuffix":"BDI-content"}},"wdio_ui5_key":"applicationmanageresources-display-component---newResourceUnit--newRRUPage-anchBar-application-manageresources-display-component---newResourceUnit--control-anchor"}]}
RESULT: undefined
COMMAND: POST /session/ed9e7a26acf6bcacb4d91d5d815b7bad/element - {"using":"xpath","value":"//*[@id=\"application-manageresources-display-component---newResourceUnit--newRRUPage-anchBar-application-manageresources-display-component---newResourceUnit--control-anchor\"]"}
RESULT: {"using":"xpath","value":"//*[@id=\"application-manageresources-display-component---newResourceUnit--newRRUPage-anchBar-application-manageresources-display-component---newResourceUnit--control-anchor\"]"}
COMMAND: POST /session/ed9e7a26acf6bcacb4d91d5d815b7bad/element/f.3284FBD50136822B3404D64B74F3579B.d.0952C6CB7ABA035D3C662EBB6D873CA3.e.3140/click - {}
RESULT: {}
COMMAND: POST /session/ed9e7a26acf6bcacb4d91d5d815b7bad/execute/async - {"script":"<script> [1562 bytes]","args":[{"selector":{"id":"application-manageresources-display-component---newResourceUnit--PLANNING_GROUP","interaction":{"idSuffix":"inner"}},"wdio_ui5_key":"applicationmanageresources-display-component---newResourceUnit--PLANNING_GROUP"}]}
COMMAND: GET /session/ed9e7a26acf6bcacb4d91d5d815b7bad/screenshot - {}
RESULT: {"script":"<script> [1562 bytes]","args":[{"selector":{"id":"application-manageresources-display-component---newResourceUnit--PLANNING_GROUP","interaction":{"idSuffix":"inner"}},"wdio_ui5_key":"applicationmanageresources-display-component---newResourceUnit--PLANNING_GROUP"}]}
RESULT: undefined
COMMAND: POST /session/ed9e7a26acf6bcacb4d91d5d815b7bad/execute/async - {"script":"<script> [776 bytes]","args":[{"enterText":"Material","selector":{"id":"application-manageresources-display-component---newResourceUnit--PLANNING_GROUP","interaction":{"idSuffix":"inner"}},"clearTextFirst":true,"interactionType":"ENTER_TEXT"}]}
RESULT: {}
RESULT: {"script":"<script> [776 bytes]","args":[{"enterText":"Material","selector":{"id":"application-manageresources-display-component---newResourceUnit--PLANNING_GROUP","interaction":{"idSuffix":"inner"}},"clearTextFirst":true,"interactionType":"ENTER_TEXT"}]}
COMMAND: POST /session/ed9e7a26acf6bcacb4d91d5d815b7bad/execute/async - {"script":"<script> [1562 bytes]","args":[{"selector":{"id":"application-manageresources-display-component---newResourceUnit--PLANNING_INDICATOR","interaction":{"idSuffix":"inner"}},"wdio_ui5_key":"applicationmanageresources-display-component---newResourceUnit--PLANNING_INDICATOR"}]}
RESULT: {"script":"<script> [1562 bytes]","args":[{"selector":{"id":"application-manageresources-display-component---newResourceUnit--PLANNING_INDICATOR","interaction":{"idSuffix":"inner"}},"wdio_ui5_key":"applicationmanageresources-display-component---newResourceUnit--PLANNING_INDICATOR"}]}
RESULT: undefined
COMMAND: POST /session/ed9e7a26acf6bcacb4d91d5d815b7bad/execute/async - {"script":"<script> [776 bytes]","args":[{"enterText":"10 - infinite","selector":{"id":"application-manageresources-display-component---newResourceUnit--PLANNING_INDICATOR","interaction":{"idSuffix":"inner"}},"clearTextFirst":true,"interactionType":"ENTER_TEXT"}]}
RESULT: {"script":"<script> [776 bytes]","args":[{"enterText":"10 - infinite","selector":{"id":"application-manageresources-display-component---newResourceUnit--PLANNING_INDICATOR","interaction":{"idSuffix":"inner"}},"clearTextFirst":true,"interactionType":"ENTER_TEXT"}]}
COMMAND: POST /session/ed9e7a26acf6bcacb4d91d5d815b7bad/element - {"using":"css selector","value":"#application-manageresources-display-component---newResourceUnit--btnAddTimeSegment"}
RESULT: {"using":"css selector","value":"#application-manageresources-display-component---newResourceUnit--btnAddTimeSegment"}
COMMAND: GET /session/ed9e7a26acf6bcacb4d91d5d815b7bad/element/f.3284FBD50136822B3404D64B74F3579B.d.0952C6CB7ABA035D3C662EBB6D873CA3.e.3148/rect - {}
RESULT: {}
COMMAND: GET /session/ed9e7a26acf6bcacb4d91d5d815b7bad/window/rect - {}
RESULT: {}
COMMAND: POST /session/ed9e7a26acf6bcacb4d91d5d815b7bad/execute/sync - {"script":"<script> [92 bytes]","args":[]}
RESULT: {"script":"<script> [92 bytes]","args":[]}
COMMAND: POST /session/ed9e7a26acf6bcacb4d91d5d815b7bad/actions - {"actions":[{"id":"action10","type":"wheel","parameters":{},"actions":[{"type":"scroll","x":-1888,"y":-32,"deltaX":0,"deltaY":0,"duration":0,"origin":{"element-6066-11e4-a52e-4f735466cecf":"f.3284FBD50136822B3404D64B74F3579B.d.0952C6CB7ABA035D3C662EBB6D873CA3.e.3148"}}]}]}
COMMAND: GET /session/ed9e7a26acf6bcacb4d91d5d815b7bad/screenshot - {}
RESULT: {}
COMMAND: POST /session/ed9e7a26acf6bcacb4d91d5d815b7bad/execute/sync - {"script":"<script> [79 bytes]","args":[{"element-6066-11e4-a52e-4f735466cecf":"f.3284FBD50136822B3404D64B74F3579B.d.0952C6CB7ABA035D3C662EBB6D873CA3.e.3148","ELEMENT":"f.3284FBD50136822B3404D64B74F3579B.d.0952C6CB7ABA035D3C662EBB6D873CA3.e.3148"},{"block":"start","inline":"nearest"}]}
RESULT: {"script":"<script> [79 bytes]","args":[{"element-6066-11e4-a52e-4f735466cecf":"f.3284FBD50136822B3404D64B74F3579B.d.0952C6CB7ABA035D3C662EBB6D873CA3.e.3148","ELEMENT":"f.3284FBD50136822B3404D64B74F3579B.d.0952C6CB7ABA035D3C662EBB6D873CA3.e.3148"},{"block":"start","inline":"nearest"}]}
COMMAND: POST /session/ed9e7a26acf6bcacb4d91d5d815b7bad/execute/async - {"script":"<script> [1562 bytes]","args":[{"selector":{"id":"application-manageresources-display-component---newResourceUnit--btnAddTimeSegment","interaction":{"idSuffix":"inner"}},"wdio_ui5_key":"applicationmanageresources-display-component---newResourceUnit--btnAddTimeSegment"}]}
COMMAND: GET /session/ed9e7a26acf6bcacb4d91d5d815b7bad/screenshot - {}
RESULT: {"script":"<script> [1562 bytes]","args":[{"selector":{"id":"application-manageresources-display-component---newResourceUnit--btnAddTimeSegment","interaction":{"idSuffix":"inner"}},"wdio_ui5_key":"applicationmanageresources-display-component---newResourceUnit--btnAddTimeSegment"}]}
RESULT: undefined
COMMAND: POST /session/ed9e7a26acf6bcacb4d91d5d815b7bad/element - {"using":"xpath","value":"//*[@id=\"application-manageresources-display-component---newResourceUnit--btnAddTimeSegment\"]"}
RESULT: {}
RESULT: {"using":"xpath","value":"//*[@id=\"application-manageresources-display-component---newResourceUnit--btnAddTimeSegment\"]"}
COMMAND: POST /session/ed9e7a26acf6bcacb4d91d5d815b7bad/element/f.3284FBD50136822B3404D64B74F3579B.d.0952C6CB7ABA035D3C662EBB6D873CA3.e.3148/click - {}
RESULT: {}
COMMAND: GET /session/ed9e7a26acf6bcacb4d91d5d815b7bad/screenshot - {}
RESULT: {}
COMMAND: POST /session/ed9e7a26acf6bcacb4d91d5d815b7bad/element - {"using":"xpath","value":"//input[@id=\"application-manageresources-display-component---newResourceUnit--idRuTSAdmin-application-manageresources-display-component---newResourceUnit--RUTimeSegment-0-inner\"]"}
RESULT: {"using":"xpath","value":"//input[@id=\"application-manageresources-display-component---newResourceUnit--idRuTSAdmin-application-manageresources-display-component---newResourceUnit--RUTimeSegment-0-inner\"]"}
COMMAND: POST /session/ed9e7a26acf6bcacb4d91d5d815b7bad/element/f.3284FBD50136822B3404D64B74F3579B.d.0952C6CB7ABA035D3C662EBB6D873CA3.e.3153/clear - {}
RESULT: {}
COMMAND: POST /session/ed9e7a26acf6bcacb4d91d5d815b7bad/element/f.3284FBD50136822B3404D64B74F3579B.d.0952C6CB7ABA035D3C662EBB6D873CA3.e.3153/value - {"text":"405"}
COMMAND: GET /session/ed9e7a26acf6bcacb4d91d5d815b7bad/screenshot - {}
RESULT: {"text":"405"}
COMMAND: GET /session/ed9e7a26acf6bcacb4d91d5d815b7bad/screenshot - {}
RESULT: {}
RESULT: {}
COMMAND: POST /session/ed9e7a26acf6bcacb4d91d5d815b7bad/element - {"using":"xpath","value":"//li[.//span[text()='405']]"}
RESULT: {"using":"xpath","value":"//li[.//span[text()='405']]"}
COMMAND: POST /session/ed9e7a26acf6bcacb4d91d5d815b7bad/element/f.3284FBD50136822B3404D64B74F3579B.d.0952C6CB7ABA035D3C662EBB6D873CA3.e.3162/click - {}
RESULT: {}
COMMAND: GET /session/ed9e7a26acf6bcacb4d91d5d815b7bad/screenshot - {}
RESULT: {}
COMMAND: POST /session/ed9e7a26acf6bcacb4d91d5d815b7bad/element - {"using":"xpath","value":"(//span[contains(@id, \"-application-manageresources-display-component---newResourceUnit--RUTimeSegment-0-arrow\")])[2]"}
RESULT: {"using":"xpath","value":"(//span[contains(@id, \"-application-manageresources-display-component---newResourceUnit--RUTimeSegment-0-arrow\")])[2]"}
COMMAND: POST /session/ed9e7a26acf6bcacb4d91d5d815b7bad/element/f.3284FBD50136822B3404D64B74F3579B.d.0952C6CB7ABA035D3C662EBB6D873CA3.e.3163/click - {}
RESULT: {}
COMMAND: POST /session/ed9e7a26acf6bcacb4d91d5d815b7bad/element - {"using":"xpath","value":"//span[contains(text(), \"PM Order\")]"}
COMMAND: GET /session/ed9e7a26acf6bcacb4d91d5d815b7bad/screenshot - {}
RESULT: {"using":"xpath","value":"//span[contains(text(), \"PM Order\")]"}
COMMAND: POST /session/ed9e7a26acf6bcacb4d91d5d815b7bad/element/f.3284FBD50136822B3404D64B74F3579B.d.0952C6CB7ABA035D3C662EBB6D873CA3.e.3164/click - {}
RESULT: {}
RESULT: {}
COMMAND: GET /session/ed9e7a26acf6bcacb4d91d5d815b7bad/screenshot - {}
RESULT: {}
COMMAND: POST /session/ed9e7a26acf6bcacb4d91d5d815b7bad/element - {"using":"xpath","value":"//td/div/div/div/span[contains(@id, \"newResourceUnit--RUTimeSegment-0-vhi\")][1]"}
RESULT: {"using":"xpath","value":"//td/div/div/div/span[contains(@id, \"newResourceUnit--RUTimeSegment-0-vhi\")][1]"}
COMMAND: GET /session/ed9e7a26acf6bcacb4d91d5d815b7bad/element/f.3284FBD50136822B3404D64B74F3579B.d.0952C6CB7ABA035D3C662EBB6D873CA3.e.3168/rect - {}
RESULT: {}
COMMAND: GET /session/ed9e7a26acf6bcacb4d91d5d815b7bad/window/rect - {}
RESULT: {}
COMMAND: POST /session/ed9e7a26acf6bcacb4d91d5d815b7bad/execute/sync - {"script":"<script> [92 bytes]","args":[]}
RESULT: {"script":"<script> [92 bytes]","args":[]}
COMMAND: POST /session/ed9e7a26acf6bcacb4d91d5d815b7bad/actions - {"actions":[{"id":"action11","type":"wheel","parameters":{},"actions":[{"type":"scroll","x":-1888,"y":-24,"deltaX":0,"deltaY":0,"duration":0,"origin":{"element-6066-11e4-a52e-4f735466cecf":"f.3284FBD50136822B3404D64B74F3579B.d.0952C6CB7ABA035D3C662EBB6D873CA3.e.3168"}}]}]}
COMMAND: GET /session/ed9e7a26acf6bcacb4d91d5d815b7bad/screenshot - {}
RESULT: {}
COMMAND: POST /session/ed9e7a26acf6bcacb4d91d5d815b7bad/execute/sync - {"script":"<script> [79 bytes]","args":[{"element-6066-11e4-a52e-4f735466cecf":"f.3284FBD50136822B3404D64B74F3579B.d.0952C6CB7ABA035D3C662EBB6D873CA3.e.3168","ELEMENT":"f.3284FBD50136822B3404D64B74F3579B.d.0952C6CB7ABA035D3C662EBB6D873CA3.e.3168"},{"block":"start","inline":"nearest"}]}
RESULT: {"script":"<script> [79 bytes]","args":[{"element-6066-11e4-a52e-4f735466cecf":"f.3284FBD50136822B3404D64B74F3579B.d.0952C6CB7ABA035D3C662EBB6D873CA3.e.3168","ELEMENT":"f.3284FBD50136822B3404D64B74F3579B.d.0952C6CB7ABA035D3C662EBB6D873CA3.e.3168"},{"block":"start","inline":"nearest"}]}
COMMAND: GET /session/ed9e7a26acf6bcacb4d91d5d815b7bad/screenshot - {}
RESULT: {}
COMMAND: POST /session/ed9e7a26acf6bcacb4d91d5d815b7bad/element/f.3284FBD50136822B3404D64B74F3579B.d.0952C6CB7ABA035D3C662EBB6D873CA3.e.3168/click - {}
RESULT: {}
COMMAND: GET /session/ed9e7a26acf6bcacb4d91d5d815b7bad/screenshot - {}
RESULT: {}
COMMAND: POST /session/ed9e7a26acf6bcacb4d91d5d815b7bad/execute/async - {"script":"<script> [1562 bytes]","args":[{"selector":{"controlType":"sap.m.SearchField","properties":{"placeholder":"Search"},"searchOpenDialogs":true,"interaction":{"idSuffix":"I"}},"wdio_ui5_key":"sapm.SearchField{\"placeholder\":\"Search\"}"}]}
RESULT: {"script":"<script> [1562 bytes]","args":[{"selector":{"controlType":"sap.m.SearchField","properties":{"placeholder":"Search"},"searchOpenDialogs":true,"interaction":{"idSuffix":"I"}},"wdio_ui5_key":"sapm.SearchField{\"placeholder\":\"Search\"}"}]}
RESULT: undefined
COMMAND: POST /session/ed9e7a26acf6bcacb4d91d5d815b7bad/execute/async - {"script":"<script> [776 bytes]","args":[{"enterText":"4000360","selector":{"controlType":"sap.m.SearchField","properties":{"placeholder":"Search"},"searchOpenDialogs":true,"interaction":{"idSuffix":"I"}},"clearTextFirst":true,"interactionType":"ENTER_TEXT"}]}
RESULT: {"script":"<script> [776 bytes]","args":[{"enterText":"4000360","selector":{"controlType":"sap.m.SearchField","properties":{"placeholder":"Search"},"searchOpenDialogs":true,"interaction":{"idSuffix":"I"}},"clearTextFirst":true,"interactionType":"ENTER_TEXT"}]}
COMMAND: POST /session/ed9e7a26acf6bcacb4d91d5d815b7bad/actions - {"actions":[{"id":"action12","type":"key","parameters":{},"actions":[{"type":"keyDown","value":"î€‡"},{"type":"pause","duration":10},{"type":"keyUp","value":"î€‡"}]}]}
RESULT: {"actions":[{"id":"action12","type":"key","parameters":{},"actions":[{"type":"keyDown","value":"î€‡"},{"type":"pause","duration":10},{"type":"keyUp","value":"î€‡"}]}]}
COMMAND: GET /session/ed9e7a26acf6bcacb4d91d5d815b7bad/screenshot - {}
RESULT: {}
COMMAND: POST /session/ed9e7a26acf6bcacb4d91d5d815b7bad/element - {"using":"xpath","value":"//td/div/span[contains(text(), \"BGL Vehicles\")]"}
RESULT: {"using":"xpath","value":"//td/div/span[contains(text(), \"BGL Vehicles\")]"}
COMMAND: POST /session/ed9e7a26acf6bcacb4d91d5d815b7bad/element/f.3284FBD50136822B3404D64B74F3579B.d.0952C6CB7ABA035D3C662EBB6D873CA3.e.3189/click - {}
RESULT: {}
COMMAND: GET /session/ed9e7a26acf6bcacb4d91d5d815b7bad/screenshot - {}
RESULT: {}
COMMAND: POST /session/ed9e7a26acf6bcacb4d91d5d815b7bad/element - {"using":"xpath","value":"//bdi[contains(text(), \"OK\")]"}
RESULT: {"using":"xpath","value":"//bdi[contains(text(), \"OK\")]"}
COMMAND: POST /session/ed9e7a26acf6bcacb4d91d5d815b7bad/element/f.3284FBD50136822B3404D64B74F3579B.d.0952C6CB7ABA035D3C662EBB6D873CA3.e.3190/click - {}
RESULT: {}
COMMAND: GET /session/ed9e7a26acf6bcacb4d91d5d815b7bad/screenshot - {}
RESULT: {}
COMMAND: POST /session/ed9e7a26acf6bcacb4d91d5d815b7bad/element - {"using":"xpath","value":"//label[contains(@class, 'sapMLabelRequired') and .//bdi[contains(text(), 'Planned Retirement')]]"}
RESULT: {"using":"xpath","value":"//label[contains(@class, 'sapMLabelRequired') and .//bdi[contains(text(), 'Planned Retirement')]]"}
COMMAND: POST /session/ed9e7a26acf6bcacb4d91d5d815b7bad/elements - {"using":"xpath","value":"//label[contains(@class, 'sapMLabelRequired') and .//bdi[contains(text(), 'Planned Retirement')]]"}
RESULT: {"using":"xpath","value":"//label[contains(@class, 'sapMLabelRequired') and .//bdi[contains(text(), 'Planned Retirement')]]"}
COMMAND: POST /session/ed9e7a26acf6bcacb4d91d5d815b7bad/element - {"using":"xpath","value":"//button[@data-kt=\"resourceUnitSaveButton\"]"}
RESULT: {"using":"xpath","value":"//button[@data-kt=\"resourceUnitSaveButton\"]"}
COMMAND: POST /session/ed9e7a26acf6bcacb4d91d5d815b7bad/element/f.3284FBD50136822B3404D64B74F3579B.d.0952C6CB7ABA035D3C662EBB6D873CA3.e.3092/click - {}
RESULT: {}
COMMAND: GET /session/ed9e7a26acf6bcacb4d91d5d815b7bad/screenshot - {}
RESULT: {}
COMMAND: POST /session/ed9e7a26acf6bcacb4d91d5d815b7bad/element - {"using":"xpath","value":"//bdi[contains(text(), \"Close\")]"}
RESULT: {"using":"xpath","value":"//bdi[contains(text(), \"Close\")]"}
COMMAND: POST /session/ed9e7a26acf6bcacb4d91d5d815b7bad/element/f.3284FBD50136822B3404D64B74F3579B.d.0952C6CB7ABA035D3C662EBB6D873CA3.e.3197/click - {}
RESULT: {}
COMMAND: GET /session/ed9e7a26acf6bcacb4d91d5d815b7bad/screenshot - {}
RESULT: {}
COMMAND: POST /session/ed9e7a26acf6bcacb4d91d5d815b7bad/element - {"using":"xpath","value":"//header[contains(@id, 'detailRruPage-headerTitle')]/div[1]/div[2]/div[2]/span[1]"}
RESULT: {"using":"xpath","value":"//header[contains(@id, 'detailRruPage-headerTitle')]/div[1]/div[2]/div[2]/span[1]"}
COMMAND: POST /session/ed9e7a26acf6bcacb4d91d5d815b7bad/elements - {"using":"xpath","value":"//header[contains(@id, 'detailRruPage-headerTitle')]/div[1]/div[2]/div[2]/span[1]"}
RESULT: {"using":"xpath","value":"//header[contains(@id, 'detailRruPage-headerTitle')]/div[1]/div[2]/div[2]/span[1]"}
COMMAND: POST /session/ed9e7a26acf6bcacb4d91d5d815b7bad/execute/sync - {"script":"<script> [56 bytes]","args":[{"element-6066-11e4-a52e-4f735466cecf":"f.3284FBD50136822B3404D64B74F3579B.d.0952C6CB7ABA035D3C662EBB6D873CA3.e.3229","ELEMENT":"f.3284FBD50136822B3404D64B74F3579B.d.0952C6CB7ABA035D3C662EBB6D873CA3.e.3229"}]}
RESULT: {"script":"<script> [56 bytes]","args":[{"element-6066-11e4-a52e-4f735466cecf":"f.3284FBD50136822B3404D64B74F3579B.d.0952C6CB7ABA035D3C662EBB6D873CA3.e.3229","ELEMENT":"f.3284FBD50136822B3404D64B74F3579B.d.0952C6CB7ABA035D3C662EBB6D873CA3.e.3229"}]}
COMMAND: POST /session/ed9e7a26acf6bcacb4d91d5d815b7bad/element - {"using":"css selector","value":"#shell-header-logo"}
COMMAND: GET /session/ed9e7a26acf6bcacb4d91d5d815b7bad/screenshot - {}
RESULT: {"using":"css selector","value":"#shell-header-logo"}
COMMAND: POST /session/ed9e7a26acf6bcacb4d91d5d815b7bad/element/f.3284FBD50136822B3404D64B74F3579B.d.0952C6CB7ABA035D3C662EBB6D873CA3.e.2682/click - {}
RESULT: {}
RESULT: {}
COMMAND: GET /session/ed9e7a26acf6bcacb4d91d5d815b7bad/screenshot - {}
RESULT: {}
]]></system-out>
    </testcase>
    <testcase classname="chrome.136_0_7103_93.windows.Prerequisites_&amp;_test_for_yard_mass_return_on_Yard_Overview_US131057" name="Prereq Should do stock increase" time="101.196">
      <system-out><![CDATA[
COMMAND: POST /session/ed9e7a26acf6bcacb4d91d5d815b7bad/execute/async - {"script":"<script> [1562 bytes]","args":[{"selector":{"controlType":"sap.m.GenericTile","properties":{"header":"Manage Handovers"}},"wdio_ui5_key":"sapm.GenericTile{\"header\":\"Manage Handovers\"}"}]}
RESULT: {"script":"<script> [1562 bytes]","args":[{"selector":{"controlType":"sap.m.GenericTile","properties":{"header":"Manage Handovers"}},"wdio_ui5_key":"sapm.GenericTile{\"header\":\"Manage Handovers\"}"}]}
RESULT: undefined
COMMAND: POST /session/ed9e7a26acf6bcacb4d91d5d815b7bad/element - {"using":"xpath","value":"//*[@id=\"__tile133\"]"}
RESULT: {"using":"xpath","value":"//*[@id=\"__tile133\"]"}
COMMAND: POST /session/ed9e7a26acf6bcacb4d91d5d815b7bad/element/f.3284FBD50136822B3404D64B74F3579B.d.0952C6CB7ABA035D3C662EBB6D873CA3.e.2631/click - {}
RESULT: {}
COMMAND: GET /session/ed9e7a26acf6bcacb4d91d5d815b7bad/screenshot - {}
RESULT: {}
COMMAND: POST /session/ed9e7a26acf6bcacb4d91d5d815b7bad/elements - {"using":"xpath","value":"//span[text()='Error']"}
RESULT: {"using":"xpath","value":"//span[text()='Error']"}
COMMAND: POST /session/ed9e7a26acf6bcacb4d91d5d815b7bad/element - {"using":"xpath","value":"//button[@data-kt=\"masterHOAddButton\"]"}
RESULT: {"using":"xpath","value":"//button[@data-kt=\"masterHOAddButton\"]"}
COMMAND: POST /session/ed9e7a26acf6bcacb4d91d5d815b7bad/elements - {"using":"xpath","value":"//button[@data-kt=\"masterHOAddButton\"]"}
RESULT: {"using":"xpath","value":"//button[@data-kt=\"masterHOAddButton\"]"}
COMMAND: POST /session/ed9e7a26acf6bcacb4d91d5d815b7bad/elements - {"using":"xpath","value":"//button[@data-kt=\"masterHOAddButton\"]"}
RESULT: {"using":"xpath","value":"//button[@data-kt=\"masterHOAddButton\"]"}
COMMAND: POST /session/ed9e7a26acf6bcacb4d91d5d815b7bad/elements - {"using":"xpath","value":"//button[@data-kt=\"masterHOAddButton\"]"}
RESULT: {"using":"xpath","value":"//button[@data-kt=\"masterHOAddButton\"]"}
COMMAND: POST /session/ed9e7a26acf6bcacb4d91d5d815b7bad/element - {"using":"xpath","value":"//button[@data-kt=\"masterHOAddButton\"]"}
RESULT: {"using":"xpath","value":"//button[@data-kt=\"masterHOAddButton\"]"}
COMMAND: POST /session/ed9e7a26acf6bcacb4d91d5d815b7bad/execute/sync - {"script":"<script> [8489 bytes]","args":[{"element-6066-11e4-a52e-4f735466cecf":"f.3284FBD50136822B3404D64B74F3579B.d.0952C6CB7ABA035D3C662EBB6D873CA3.e.3272","ELEMENT":"f.3284FBD50136822B3404D64B74F3579B.d.0952C6CB7ABA035D3C662EBB6D873CA3.e.3272"}]}
RESULT: {"script":"<script> [8489 bytes]","args":[{"element-6066-11e4-a52e-4f735466cecf":"f.3284FBD50136822B3404D64B74F3579B.d.0952C6CB7ABA035D3C662EBB6D873CA3.e.3272","ELEMENT":"f.3284FBD50136822B3404D64B74F3579B.d.0952C6CB7ABA035D3C662EBB6D873CA3.e.3272"}]}
COMMAND: GET /session/ed9e7a26acf6bcacb4d91d5d815b7bad/element/f.3284FBD50136822B3404D64B74F3579B.d.0952C6CB7ABA035D3C662EBB6D873CA3.e.3272/enabled - {}
COMMAND: GET /session/ed9e7a26acf6bcacb4d91d5d815b7bad/screenshot - {}
RESULT: {}
COMMAND: POST /session/ed9e7a26acf6bcacb4d91d5d815b7bad/execute/sync - {"script":"<script> [8489 bytes]","args":[{"element-6066-11e4-a52e-4f735466cecf":"f.3284FBD50136822B3404D64B74F3579B.d.0952C6CB7ABA035D3C662EBB6D873CA3.e.3272","ELEMENT":"f.3284FBD50136822B3404D64B74F3579B.d.0952C6CB7ABA035D3C662EBB6D873CA3.e.3272"}]}
COMMAND: GET /session/ed9e7a26acf6bcacb4d91d5d815b7bad/screenshot - {}
RESULT: {}
RESULT: {"script":"<script> [8489 bytes]","args":[{"element-6066-11e4-a52e-4f735466cecf":"f.3284FBD50136822B3404D64B74F3579B.d.0952C6CB7ABA035D3C662EBB6D873CA3.e.3272","ELEMENT":"f.3284FBD50136822B3404D64B74F3579B.d.0952C6CB7ABA035D3C662EBB6D873CA3.e.3272"}]}
COMMAND: POST /session/ed9e7a26acf6bcacb4d91d5d815b7bad/execute/sync - {"script":"<script> [5351 bytes]","args":[{"element-6066-11e4-a52e-4f735466cecf":"f.3284FBD50136822B3404D64B74F3579B.d.0952C6CB7ABA035D3C662EBB6D873CA3.e.3272","ELEMENT":"f.3284FBD50136822B3404D64B74F3579B.d.0952C6CB7ABA035D3C662EBB6D873CA3.e.3272"}]}
COMMAND: GET /session/ed9e7a26acf6bcacb4d91d5d815b7bad/screenshot - {}
RESULT: {}
RESULT: {"script":"<script> [5351 bytes]","args":[{"element-6066-11e4-a52e-4f735466cecf":"f.3284FBD50136822B3404D64B74F3579B.d.0952C6CB7ABA035D3C662EBB6D873CA3.e.3272","ELEMENT":"f.3284FBD50136822B3404D64B74F3579B.d.0952C6CB7ABA035D3C662EBB6D873CA3.e.3272"}]}
COMMAND: POST /session/ed9e7a26acf6bcacb4d91d5d815b7bad/element/f.3284FBD50136822B3404D64B74F3579B.d.0952C6CB7ABA035D3C662EBB6D873CA3.e.3272/click - {}
COMMAND: GET /session/ed9e7a26acf6bcacb4d91d5d815b7bad/screenshot - {}
RESULT: {}
RESULT: {}
COMMAND: GET /session/ed9e7a26acf6bcacb4d91d5d815b7bad/screenshot - {}
RESULT: {}
COMMAND: POST /session/ed9e7a26acf6bcacb4d91d5d815b7bad/element - {"using":"xpath","value":"//span[contains(@id ,\"AddNewHO--typeSelect-arrow\")]"}
RESULT: {}
RESULT: {"using":"xpath","value":"//span[contains(@id ,\"AddNewHO--typeSelect-arrow\")]"}
COMMAND: POST /session/ed9e7a26acf6bcacb4d91d5d815b7bad/element/f.3284FBD50136822B3404D64B74F3579B.d.0952C6CB7ABA035D3C662EBB6D873CA3.e.3624/click - {}
RESULT: {}
COMMAND: GET /session/ed9e7a26acf6bcacb4d91d5d815b7bad/screenshot - {}
RESULT: {}
COMMAND: POST /session/ed9e7a26acf6bcacb4d91d5d815b7bad/element - {"using":"xpath","value":"(//li[contains(text(), \"stock increase yard\")])[1]"}
RESULT: {"using":"xpath","value":"(//li[contains(text(), \"stock increase yard\")])[1]"}
COMMAND: POST /session/ed9e7a26acf6bcacb4d91d5d815b7bad/element/f.3284FBD50136822B3404D64B74F3579B.d.0952C6CB7ABA035D3C662EBB6D873CA3.e.3625/click - {}
RESULT: {}
COMMAND: GET /session/ed9e7a26acf6bcacb4d91d5d815b7bad/screenshot - {}
RESULT: {}
COMMAND: POST /session/ed9e7a26acf6bcacb4d91d5d815b7bad/execute/async - {"script":"<script> [1562 bytes]","args":[{"selector":{"id":"application-managehandovers-display-component---AddNewHO--dueDate","interaction":{"idSuffix":"inner"}},"wdio_ui5_key":"applicationmanagehandovers-display-component---AddNewHO--dueDate"}]}
RESULT: {"script":"<script> [1562 bytes]","args":[{"selector":{"id":"application-managehandovers-display-component---AddNewHO--dueDate","interaction":{"idSuffix":"inner"}},"wdio_ui5_key":"applicationmanagehandovers-display-component---AddNewHO--dueDate"}]}
RESULT: undefined
COMMAND: POST /session/ed9e7a26acf6bcacb4d91d5d815b7bad/execute/async - {"script":"<script> [6424 bytes]","args":[{"element-6066-11e4-a52e-4f735466cecf":"f.3284FBD50136822B3404D64B74F3579B.d.0952C6CB7ABA035D3C662EBB6D873CA3.e.3627"},"setValue",["5/15/25"]]}
RESULT: {"script":"<script> [6424 bytes]","args":[{"element-6066-11e4-a52e-4f735466cecf":"f.3284FBD50136822B3404D64B74F3579B.d.0952C6CB7ABA035D3C662EBB6D873CA3.e.3627"},"setValue",["5/15/25"]]}
COMMAND: POST /session/ed9e7a26acf6bcacb4d91d5d815b7bad/element - {"using":"xpath","value":"//input[@id=\"generalSectionFrg--receiveYard-inner\"]"}
RESULT: {"using":"xpath","value":"//input[@id=\"generalSectionFrg--receiveYard-inner\"]"}
COMMAND: POST /session/ed9e7a26acf6bcacb4d91d5d815b7bad/element/f.3284FBD50136822B3404D64B74F3579B.d.0952C6CB7ABA035D3C662EBB6D873CA3.e.3631/clear - {}
RESULT: {}
COMMAND: POST /session/ed9e7a26acf6bcacb4d91d5d815b7bad/element/f.3284FBD50136822B3404D64B74F3579B.d.0952C6CB7ABA035D3C662EBB6D873CA3.e.3631/value - {"text":"405"}
COMMAND: GET /session/ed9e7a26acf6bcacb4d91d5d815b7bad/screenshot - {}
RESULT: {"text":"405"}
COMMAND: GET /session/ed9e7a26acf6bcacb4d91d5d815b7bad/screenshot - {}
RESULT: {}
RESULT: {}
COMMAND: POST /session/ed9e7a26acf6bcacb4d91d5d815b7bad/element - {"using":"xpath","value":"//li[.//span[text()='405']]"}
RESULT: {"using":"xpath","value":"//li[.//span[text()='405']]"}
COMMAND: POST /session/ed9e7a26acf6bcacb4d91d5d815b7bad/element/f.3284FBD50136822B3404D64B74F3579B.d.0952C6CB7ABA035D3C662EBB6D873CA3.e.3649/click - {}
RESULT: {}
COMMAND: GET /session/ed9e7a26acf6bcacb4d91d5d815b7bad/screenshot - {}
RESULT: {}
COMMAND: POST /session/ed9e7a26acf6bcacb4d91d5d815b7bad/execute/async - {"script":"<script> [1562 bytes]","args":[{"selector":{"id":"application-managehandovers-display-component---AddNewHO--ObjectPageLayout-anchBar-application-managehandovers-display-component---AddNewHO--section4-anchor","interaction":{"idSuffix":"BDI-content"}},"wdio_ui5_key":"applicationmanagehandovers-display-component---AddNewHO--ObjectPageLayout-anchBar-application-managehandovers-display-component---AddNewHO--section4-anchor"}]}
RESULT: {"script":"<script> [1562 bytes]","args":[{"selector":{"id":"application-managehandovers-display-component---AddNewHO--ObjectPageLayout-anchBar-application-managehandovers-display-component---AddNewHO--section4-anchor","interaction":{"idSuffix":"BDI-content"}},"wdio_ui5_key":"applicationmanagehandovers-display-component---AddNewHO--ObjectPageLayout-anchBar-application-managehandovers-display-component---AddNewHO--section4-anchor"}]}
RESULT: undefined
COMMAND: POST /session/ed9e7a26acf6bcacb4d91d5d815b7bad/element - {"using":"xpath","value":"//*[@id=\"application-managehandovers-display-component---AddNewHO--ObjectPageLayout-anchBar-application-managehandovers-display-component---AddNewHO--section4-anchor\"]"}
RESULT: {"using":"xpath","value":"//*[@id=\"application-managehandovers-display-component---AddNewHO--ObjectPageLayout-anchBar-application-managehandovers-display-component---AddNewHO--section4-anchor\"]"}
COMMAND: POST /session/ed9e7a26acf6bcacb4d91d5d815b7bad/element/f.3284FBD50136822B3404D64B74F3579B.d.0952C6CB7ABA035D3C662EBB6D873CA3.e.3651/click - {}
RESULT: {}
COMMAND: POST /session/ed9e7a26acf6bcacb4d91d5d815b7bad/element - {"using":"xpath","value":"//button[@aria-label=\"Add\"]"}
COMMAND: GET /session/ed9e7a26acf6bcacb4d91d5d815b7bad/screenshot - {}
RESULT: {"using":"xpath","value":"//button[@aria-label=\"Add\"]"}
COMMAND: POST /session/ed9e7a26acf6bcacb4d91d5d815b7bad/element/f.3284FBD50136822B3404D64B74F3579B.d.0952C6CB7ABA035D3C662EBB6D873CA3.e.3653/click - {}
RESULT: {}
RESULT: {}
COMMAND: GET /session/ed9e7a26acf6bcacb4d91d5d815b7bad/screenshot - {}
RESULT: {}
COMMAND: POST /session/ed9e7a26acf6bcacb4d91d5d815b7bad/execute/async - {"script":"<script> [1562 bytes]","args":[{"selector":{"id":"application-managehandovers-display-component---AddNewHO--smartFilterBar-btnBasicSearch","searchOpenDialogs":true,"interaction":{"idSuffix":"I"}},"wdio_ui5_key":"applicationmanagehandovers-display-component---AddNewHO--smartFilterBar-btnBasicSearch"}]}
RESULT: {"script":"<script> [1562 bytes]","args":[{"selector":{"id":"application-managehandovers-display-component---AddNewHO--smartFilterBar-btnBasicSearch","searchOpenDialogs":true,"interaction":{"idSuffix":"I"}},"wdio_ui5_key":"applicationmanagehandovers-display-component---AddNewHO--smartFilterBar-btnBasicSearch"}]}
RESULT: undefined
COMMAND: POST /session/ed9e7a26acf6bcacb4d91d5d815b7bad/execute/async - {"script":"<script> [776 bytes]","args":[{"enterText":"200189","selector":{"id":"application-managehandovers-display-component---AddNewHO--smartFilterBar-btnBasicSearch","searchOpenDialogs":true,"interaction":{"idSuffix":"I"}},"clearTextFirst":true,"interactionType":"ENTER_TEXT"}]}
RESULT: {"script":"<script> [776 bytes]","args":[{"enterText":"200189","selector":{"id":"application-managehandovers-display-component---AddNewHO--smartFilterBar-btnBasicSearch","searchOpenDialogs":true,"interaction":{"idSuffix":"I"}},"clearTextFirst":true,"interactionType":"ENTER_TEXT"}]}
COMMAND: POST /session/ed9e7a26acf6bcacb4d91d5d815b7bad/actions - {"actions":[{"id":"action13","type":"key","parameters":{},"actions":[{"type":"keyDown","value":"î€‡"},{"type":"pause","duration":10},{"type":"keyUp","value":"î€‡"}]}]}
RESULT: {"actions":[{"id":"action13","type":"key","parameters":{},"actions":[{"type":"keyDown","value":"î€‡"},{"type":"pause","duration":10},{"type":"keyUp","value":"î€‡"}]}]}
COMMAND: GET /session/ed9e7a26acf6bcacb4d91d5d815b7bad/screenshot - {}
COMMAND: POST /session/ed9e7a26acf6bcacb4d91d5d815b7bad/execute/async - {"script":"<script> [1562 bytes]","args":[{"selector":{"id":"application-managehandovers-display-component---AddNewHO--popup-sa","searchOpenDialogs":true,"interaction":{"idSuffix":"CbBg"}},"wdio_ui5_key":"applicationmanagehandovers-display-component---AddNewHO--popup-sa"}]}
RESULT: {}
RESULT: {"script":"<script> [1562 bytes]","args":[{"selector":{"id":"application-managehandovers-display-component---AddNewHO--popup-sa","searchOpenDialogs":true,"interaction":{"idSuffix":"CbBg"}},"wdio_ui5_key":"applicationmanagehandovers-display-component---AddNewHO--popup-sa"}]}
RESULT: undefined
COMMAND: POST /session/ed9e7a26acf6bcacb4d91d5d815b7bad/element - {"using":"xpath","value":"//*[@id=\"application-managehandovers-display-component---AddNewHO--popup-sa\"]"}
RESULT: {"using":"xpath","value":"//*[@id=\"application-managehandovers-display-component---AddNewHO--popup-sa\"]"}
COMMAND: POST /session/ed9e7a26acf6bcacb4d91d5d815b7bad/element/f.3284FBD50136822B3404D64B74F3579B.d.0952C6CB7ABA035D3C662EBB6D873CA3.e.3806/click - {}
RESULT: {}
COMMAND: GET /session/ed9e7a26acf6bcacb4d91d5d815b7bad/screenshot - {}
RESULT: {}
COMMAND: POST /session/ed9e7a26acf6bcacb4d91d5d815b7bad/element - {"using":"xpath","value":"//bdi[contains(text(), \"Select\")]"}
RESULT: {"using":"xpath","value":"//bdi[contains(text(), \"Select\")]"}
COMMAND: POST /session/ed9e7a26acf6bcacb4d91d5d815b7bad/element/f.3284FBD50136822B3404D64B74F3579B.d.0952C6CB7ABA035D3C662EBB6D873CA3.e.3807/click - {}
RESULT: {}
COMMAND: GET /session/ed9e7a26acf6bcacb4d91d5d815b7bad/screenshot - {}
RESULT: {}
COMMAND: POST /session/ed9e7a26acf6bcacb4d91d5d815b7bad/element - {"using":"xpath","value":"//button[@data-kt=\"AddNewHOSaveButton\"]"}
RESULT: {"using":"xpath","value":"//button[@data-kt=\"AddNewHOSaveButton\"]"}
COMMAND: POST /session/ed9e7a26acf6bcacb4d91d5d815b7bad/element/f.3284FBD50136822B3404D64B74F3579B.d.0952C6CB7ABA035D3C662EBB6D873CA3.e.3811/click - {}
RESULT: {}
COMMAND: GET /session/ed9e7a26acf6bcacb4d91d5d815b7bad/screenshot - {}
RESULT: {}
COMMAND: POST /session/ed9e7a26acf6bcacb4d91d5d815b7bad/execute/async - {"script":"<script> [1562 bytes]","args":[{"selector":{"id":"receiptDatePicker","viewName":"etm.portal.ui.managehandovers.view.DetailExecuteHO","interaction":{"idSuffix":"inner"}},"wdio_ui5_key":"receiptDatePickeretmportal.ui.managehandovers.view.DetailExecuteHO"}]}
RESULT: {"script":"<script> [1562 bytes]","args":[{"selector":{"id":"receiptDatePicker","viewName":"etm.portal.ui.managehandovers.view.DetailExecuteHO","interaction":{"idSuffix":"inner"}},"wdio_ui5_key":"receiptDatePickeretmportal.ui.managehandovers.view.DetailExecuteHO"}]}
RESULT: undefined
COMMAND: POST /session/ed9e7a26acf6bcacb4d91d5d815b7bad/execute/async - {"script":"<script> [6424 bytes]","args":[{"element-6066-11e4-a52e-4f735466cecf":"f.3284FBD50136822B3404D64B74F3579B.d.0952C6CB7ABA035D3C662EBB6D873CA3.e.3826"},"setValue",["5/15/25"]]}
RESULT: {"script":"<script> [6424 bytes]","args":[{"element-6066-11e4-a52e-4f735466cecf":"f.3284FBD50136822B3404D64B74F3579B.d.0952C6CB7ABA035D3C662EBB6D873CA3.e.3826"},"setValue",["5/15/25"]]}
COMMAND: POST /session/ed9e7a26acf6bcacb4d91d5d815b7bad/element - {"using":"xpath","value":"//button[@data-kt=\"PickingTableConfirmAllButton\"]"}
RESULT: {"using":"xpath","value":"//button[@data-kt=\"PickingTableConfirmAllButton\"]"}
COMMAND: POST /session/ed9e7a26acf6bcacb4d91d5d815b7bad/element/f.3284FBD50136822B3404D64B74F3579B.d.0952C6CB7ABA035D3C662EBB6D873CA3.e.3841/click - {}
RESULT: {}
COMMAND: GET /session/ed9e7a26acf6bcacb4d91d5d815b7bad/screenshot - {}
RESULT: {}
COMMAND: POST /session/ed9e7a26acf6bcacb4d91d5d815b7bad/element - {"using":"xpath","value":"//bdi[contains(text(), \"OK\")]"}
RESULT: {"using":"xpath","value":"//bdi[contains(text(), \"OK\")]"}
COMMAND: POST /session/ed9e7a26acf6bcacb4d91d5d815b7bad/element/f.3284FBD50136822B3404D64B74F3579B.d.0952C6CB7ABA035D3C662EBB6D873CA3.e.3843/click - {}
RESULT: {}
COMMAND: GET /session/ed9e7a26acf6bcacb4d91d5d815b7bad/screenshot - {}
RESULT: {}
COMMAND: POST /session/ed9e7a26acf6bcacb4d91d5d815b7bad/element - {"using":"xpath","value":"(//bdi[contains(text(), \"Receive\")])[2]"}
RESULT: {"using":"xpath","value":"(//bdi[contains(text(), \"Receive\")])[2]"}
COMMAND: POST /session/ed9e7a26acf6bcacb4d91d5d815b7bad/element/f.3284FBD50136822B3404D64B74F3579B.d.0952C6CB7ABA035D3C662EBB6D873CA3.e.3845/click - {}
RESULT: {}
COMMAND: GET /session/ed9e7a26acf6bcacb4d91d5d815b7bad/screenshot - {}
RESULT: {}
COMMAND: POST /session/ed9e7a26acf6bcacb4d91d5d815b7bad/element - {"using":"css selector","value":"#shell-header-logo"}
RESULT: {"using":"css selector","value":"#shell-header-logo"}
COMMAND: POST /session/ed9e7a26acf6bcacb4d91d5d815b7bad/element/f.3284FBD50136822B3404D64B74F3579B.d.0952C6CB7ABA035D3C662EBB6D873CA3.e.3234/click - {}
RESULT: {}
COMMAND: GET /session/ed9e7a26acf6bcacb4d91d5d815b7bad/screenshot - {}
RESULT: {}
]]></system-out>
    </testcase>
    <testcase classname="chrome.136_0_7103_93.windows.Prerequisites_&amp;_test_for_yard_mass_return_on_Yard_Overview_US131057" name="Prereq Should create a new contract" time="59.995">
      <system-out><![CDATA[
COMMAND: POST /session/ed9e7a26acf6bcacb4d91d5d815b7bad/execute/async - {"script":"<script> [1562 bytes]","args":[{"selector":{"controlType":"sap.m.GenericTile","properties":{"header":"Manage Contracts"}},"wdio_ui5_key":"sapm.GenericTile{\"header\":\"Manage Contracts\"}"}]}
RESULT: {"script":"<script> [1562 bytes]","args":[{"selector":{"controlType":"sap.m.GenericTile","properties":{"header":"Manage Contracts"}},"wdio_ui5_key":"sapm.GenericTile{\"header\":\"Manage Contracts\"}"}]}
RESULT: undefined
COMMAND: POST /session/ed9e7a26acf6bcacb4d91d5d815b7bad/element - {"using":"xpath","value":"//*[@id=\"__tile130\"]"}
RESULT: {"using":"xpath","value":"//*[@id=\"__tile130\"]"}
COMMAND: POST /session/ed9e7a26acf6bcacb4d91d5d815b7bad/element/f.3284FBD50136822B3404D64B74F3579B.d.0952C6CB7ABA035D3C662EBB6D873CA3.e.2620/click - {}
RESULT: {}
COMMAND: GET /session/ed9e7a26acf6bcacb4d91d5d815b7bad/screenshot - {}
RESULT: {}
COMMAND: POST /session/ed9e7a26acf6bcacb4d91d5d815b7bad/elements - {"using":"xpath","value":"//span[text()='Error']"}
RESULT: {"using":"xpath","value":"//span[text()='Error']"}
COMMAND: POST /session/ed9e7a26acf6bcacb4d91d5d815b7bad/element - {"using":"xpath","value":"//button[@data-kt=\"addButton\"]"}
RESULT: {"using":"xpath","value":"//button[@data-kt=\"addButton\"]"}
COMMAND: POST /session/ed9e7a26acf6bcacb4d91d5d815b7bad/elements - {"using":"xpath","value":"//button[@data-kt=\"addButton\"]"}
RESULT: {"using":"xpath","value":"//button[@data-kt=\"addButton\"]"}
COMMAND: POST /session/ed9e7a26acf6bcacb4d91d5d815b7bad/execute/sync - {"script":"<script> [8489 bytes]","args":[{"element-6066-11e4-a52e-4f735466cecf":"f.3284FBD50136822B3404D64B74F3579B.d.0952C6CB7ABA035D3C662EBB6D873CA3.e.4177","ELEMENT":"f.3284FBD50136822B3404D64B74F3579B.d.0952C6CB7ABA035D3C662EBB6D873CA3.e.4177"}]}
RESULT: {"script":"<script> [8489 bytes]","args":[{"element-6066-11e4-a52e-4f735466cecf":"f.3284FBD50136822B3404D64B74F3579B.d.0952C6CB7ABA035D3C662EBB6D873CA3.e.4177","ELEMENT":"f.3284FBD50136822B3404D64B74F3579B.d.0952C6CB7ABA035D3C662EBB6D873CA3.e.4177"}]}
COMMAND: GET /session/ed9e7a26acf6bcacb4d91d5d815b7bad/element/f.3284FBD50136822B3404D64B74F3579B.d.0952C6CB7ABA035D3C662EBB6D873CA3.e.4177/enabled - {}
COMMAND: GET /session/ed9e7a26acf6bcacb4d91d5d815b7bad/screenshot - {}
RESULT: {}
COMMAND: POST /session/ed9e7a26acf6bcacb4d91d5d815b7bad/execute/sync - {"script":"<script> [8489 bytes]","args":[{"element-6066-11e4-a52e-4f735466cecf":"f.3284FBD50136822B3404D64B74F3579B.d.0952C6CB7ABA035D3C662EBB6D873CA3.e.4177","ELEMENT":"f.3284FBD50136822B3404D64B74F3579B.d.0952C6CB7ABA035D3C662EBB6D873CA3.e.4177"}]}
COMMAND: GET /session/ed9e7a26acf6bcacb4d91d5d815b7bad/screenshot - {}
RESULT: {}
RESULT: {"script":"<script> [8489 bytes]","args":[{"element-6066-11e4-a52e-4f735466cecf":"f.3284FBD50136822B3404D64B74F3579B.d.0952C6CB7ABA035D3C662EBB6D873CA3.e.4177","ELEMENT":"f.3284FBD50136822B3404D64B74F3579B.d.0952C6CB7ABA035D3C662EBB6D873CA3.e.4177"}]}
COMMAND: POST /session/ed9e7a26acf6bcacb4d91d5d815b7bad/execute/sync - {"script":"<script> [5351 bytes]","args":[{"element-6066-11e4-a52e-4f735466cecf":"f.3284FBD50136822B3404D64B74F3579B.d.0952C6CB7ABA035D3C662EBB6D873CA3.e.4177","ELEMENT":"f.3284FBD50136822B3404D64B74F3579B.d.0952C6CB7ABA035D3C662EBB6D873CA3.e.4177"}]}
COMMAND: GET /session/ed9e7a26acf6bcacb4d91d5d815b7bad/screenshot - {}
RESULT: {}
RESULT: {"script":"<script> [5351 bytes]","args":[{"element-6066-11e4-a52e-4f735466cecf":"f.3284FBD50136822B3404D64B74F3579B.d.0952C6CB7ABA035D3C662EBB6D873CA3.e.4177","ELEMENT":"f.3284FBD50136822B3404D64B74F3579B.d.0952C6CB7ABA035D3C662EBB6D873CA3.e.4177"}]}
COMMAND: GET /session/ed9e7a26acf6bcacb4d91d5d815b7bad/screenshot - {}
RESULT: {}
RESULT: {}
COMMAND: POST /session/ed9e7a26acf6bcacb4d91d5d815b7bad/element/f.3284FBD50136822B3404D64B74F3579B.d.0952C6CB7ABA035D3C662EBB6D873CA3.e.4177/click - {}
RESULT: {}
COMMAND: GET /session/ed9e7a26acf6bcacb4d91d5d815b7bad/screenshot - {}
COMMAND: POST /session/ed9e7a26acf6bcacb4d91d5d815b7bad/execute/async - {"script":"<script> [1562 bytes]","args":[{"selector":{"id":"application-managecontracts-display-component---AddNewContract--projectDescription","interaction":{"idSuffix":"inner"}},"wdio_ui5_key":"applicationmanagecontracts-display-component---AddNewContract--projectDescription"}]}
RESULT: {}
RESULT: {"script":"<script> [1562 bytes]","args":[{"selector":{"id":"application-managecontracts-display-component---AddNewContract--projectDescription","interaction":{"idSuffix":"inner"}},"wdio_ui5_key":"applicationmanagecontracts-display-component---AddNewContract--projectDescription"}]}
RESULT: undefined
COMMAND: POST /session/ed9e7a26acf6bcacb4d91d5d815b7bad/execute/async - {"script":"<script> [776 bytes]","args":[{"enterText":"Contract WDIO","selector":{"id":"application-managecontracts-display-component---AddNewContract--projectDescription","interaction":{"idSuffix":"inner"}},"clearTextFirst":true,"interactionType":"ENTER_TEXT"}]}
RESULT: {"script":"<script> [776 bytes]","args":[{"enterText":"Contract WDIO","selector":{"id":"application-managecontracts-display-component---AddNewContract--projectDescription","interaction":{"idSuffix":"inner"}},"clearTextFirst":true,"interactionType":"ENTER_TEXT"}]}
COMMAND: POST /session/ed9e7a26acf6bcacb4d91d5d815b7bad/element - {"using":"xpath","value":"//input[@id=\"application-managecontracts-display-component---AddNewContract--site-inner\"]"}
RESULT: {"using":"xpath","value":"//input[@id=\"application-managecontracts-display-component---AddNewContract--site-inner\"]"}
COMMAND: POST /session/ed9e7a26acf6bcacb4d91d5d815b7bad/element/f.3284FBD50136822B3404D64B74F3579B.d.0952C6CB7ABA035D3C662EBB6D873CA3.e.4533/clear - {}
RESULT: {}
COMMAND: POST /session/ed9e7a26acf6bcacb4d91d5d815b7bad/element/f.3284FBD50136822B3404D64B74F3579B.d.0952C6CB7ABA035D3C662EBB6D873CA3.e.4533/value - {"text":"2180"}
COMMAND: GET /session/ed9e7a26acf6bcacb4d91d5d815b7bad/screenshot - {}
RESULT: {"text":"2180"}
COMMAND: GET /session/ed9e7a26acf6bcacb4d91d5d815b7bad/screenshot - {}
RESULT: {}
RESULT: {}
COMMAND: POST /session/ed9e7a26acf6bcacb4d91d5d815b7bad/element - {"using":"xpath","value":"//li[.//span[text()='2180']]"}
RESULT: {"using":"xpath","value":"//li[.//span[text()='2180']]"}
COMMAND: POST /session/ed9e7a26acf6bcacb4d91d5d815b7bad/element/f.3284FBD50136822B3404D64B74F3579B.d.0952C6CB7ABA035D3C662EBB6D873CA3.e.4562/click - {}
RESULT: {}
COMMAND: GET /session/ed9e7a26acf6bcacb4d91d5d815b7bad/screenshot - {}
RESULT: {}
COMMAND: POST /session/ed9e7a26acf6bcacb4d91d5d815b7bad/element - {"using":"xpath","value":"//input[@id=\"application-managecontracts-display-component---AddNewContract--yardId-inner\"]"}
RESULT: {"using":"xpath","value":"//input[@id=\"application-managecontracts-display-component---AddNewContract--yardId-inner\"]"}
COMMAND: GET /session/ed9e7a26acf6bcacb4d91d5d815b7bad/element/f.3284FBD50136822B3404D64B74F3579B.d.0952C6CB7ABA035D3C662EBB6D873CA3.e.4534/property/value - {}
RESULT: {}
COMMAND: POST /session/ed9e7a26acf6bcacb4d91d5d815b7bad/element - {"using":"xpath","value":"//input[@id=\"application-managecontracts-display-component---AddNewContract--customerSelect-inner\"]"}
COMMAND: GET /session/ed9e7a26acf6bcacb4d91d5d815b7bad/screenshot - {}
RESULT: {"using":"xpath","value":"//input[@id=\"application-managecontracts-display-component---AddNewContract--customerSelect-inner\"]"}
COMMAND: POST /session/ed9e7a26acf6bcacb4d91d5d815b7bad/element/f.3284FBD50136822B3404D64B74F3579B.d.0952C6CB7ABA035D3C662EBB6D873CA3.e.4532/clear - {}
RESULT: {}
RESULT: {}
COMMAND: POST /session/ed9e7a26acf6bcacb4d91d5d815b7bad/element/f.3284FBD50136822B3404D64B74F3579B.d.0952C6CB7ABA035D3C662EBB6D873CA3.e.4532/value - {"text":"1217"}
COMMAND: GET /session/ed9e7a26acf6bcacb4d91d5d815b7bad/screenshot - {}
RESULT: {"text":"1217"}
COMMAND: GET /session/ed9e7a26acf6bcacb4d91d5d815b7bad/screenshot - {}
RESULT: {}
RESULT: {}
COMMAND: POST /session/ed9e7a26acf6bcacb4d91d5d815b7bad/element - {"using":"xpath","value":"//li[.//span[text()='1217']]"}
RESULT: {"using":"xpath","value":"//li[.//span[text()='1217']]"}
COMMAND: POST /session/ed9e7a26acf6bcacb4d91d5d815b7bad/element/f.3284FBD50136822B3404D64B74F3579B.d.0952C6CB7ABA035D3C662EBB6D873CA3.e.4565/click - {}
RESULT: {}
COMMAND: GET /session/ed9e7a26acf6bcacb4d91d5d815b7bad/screenshot - {}
RESULT: {}
COMMAND: POST /session/ed9e7a26acf6bcacb4d91d5d815b7bad/element - {"using":"xpath","value":"//button[@data-kt=\"saveButton\"]"}
RESULT: {"using":"xpath","value":"//button[@data-kt=\"saveButton\"]"}
COMMAND: POST /session/ed9e7a26acf6bcacb4d91d5d815b7bad/element/f.3284FBD50136822B3404D64B74F3579B.d.0952C6CB7ABA035D3C662EBB6D873CA3.e.4566/click - {}
RESULT: {}
COMMAND: GET /session/ed9e7a26acf6bcacb4d91d5d815b7bad/screenshot - {}
RESULT: {}
COMMAND: POST /session/ed9e7a26acf6bcacb4d91d5d815b7bad/element - {"using":"xpath","value":"//span[contains(@id ,\"contractDetailTitleNoExpanded\")]"}
RESULT: {"using":"xpath","value":"//span[contains(@id ,\"contractDetailTitleNoExpanded\")]"}
COMMAND: POST /session/ed9e7a26acf6bcacb4d91d5d815b7bad/elements - {"using":"xpath","value":"//span[contains(@id ,\"contractDetailTitleNoExpanded\")]"}
RESULT: {"using":"xpath","value":"//span[contains(@id ,\"contractDetailTitleNoExpanded\")]"}
COMMAND: POST /session/ed9e7a26acf6bcacb4d91d5d815b7bad/execute/sync - {"script":"<script> [56 bytes]","args":[{"element-6066-11e4-a52e-4f735466cecf":"f.3284FBD50136822B3404D64B74F3579B.d.0952C6CB7ABA035D3C662EBB6D873CA3.e.4575","ELEMENT":"f.3284FBD50136822B3404D64B74F3579B.d.0952C6CB7ABA035D3C662EBB6D873CA3.e.4575"}]}
RESULT: {"script":"<script> [56 bytes]","args":[{"element-6066-11e4-a52e-4f735466cecf":"f.3284FBD50136822B3404D64B74F3579B.d.0952C6CB7ABA035D3C662EBB6D873CA3.e.4575","ELEMENT":"f.3284FBD50136822B3404D64B74F3579B.d.0952C6CB7ABA035D3C662EBB6D873CA3.e.4575"}]}
COMMAND: GET /session/ed9e7a26acf6bcacb4d91d5d815b7bad/screenshot - {}
RESULT: {}
]]></system-out>
    </testcase>
    <testcase classname="chrome.136_0_7103_93.windows.Prerequisites_&amp;_test_for_yard_mass_return_on_Yard_Overview_US131057" name="Prereq Should add created material to contract" time="57.596">
      <system-out><![CDATA[
COMMAND: POST /session/ed9e7a26acf6bcacb4d91d5d815b7bad/element - {"using":"xpath","value":"//button[@data-kt=\"contractDetailEditBtnButton\"]"}
RESULT: {"using":"xpath","value":"//button[@data-kt=\"contractDetailEditBtnButton\"]"}
COMMAND: POST /session/ed9e7a26acf6bcacb4d91d5d815b7bad/element/f.3284FBD50136822B3404D64B74F3579B.d.0952C6CB7ABA035D3C662EBB6D873CA3.e.4578/click - {}
RESULT: {}
COMMAND: GET /session/ed9e7a26acf6bcacb4d91d5d815b7bad/screenshot - {}
RESULT: {}
COMMAND: POST /session/ed9e7a26acf6bcacb4d91d5d815b7bad/element - {"using":"xpath","value":"(//span[contains(text(), \"Additional Addresses\")])[2]"}
RESULT: {"using":"xpath","value":"(//span[contains(text(), \"Additional Addresses\")])[2]"}
COMMAND: POST /session/ed9e7a26acf6bcacb4d91d5d815b7bad/element/f.3284FBD50136822B3404D64B74F3579B.d.0952C6CB7ABA035D3C662EBB6D873CA3.e.4632/click - {}
RESULT: {}
COMMAND: GET /session/ed9e7a26acf6bcacb4d91d5d815b7bad/screenshot - {}
RESULT: {}
COMMAND: POST /session/ed9e7a26acf6bcacb4d91d5d815b7bad/element - {"using":"xpath","value":"//button[@data-kt=\"btnAddTableRowOverflowToolbarButton\"]"}
RESULT: {"using":"xpath","value":"//button[@data-kt=\"btnAddTableRowOverflowToolbarButton\"]"}
COMMAND: POST /session/ed9e7a26acf6bcacb4d91d5d815b7bad/element/f.3284FBD50136822B3404D64B74F3579B.d.0952C6CB7ABA035D3C662EBB6D873CA3.e.4636/click - {}
RESULT: {}
COMMAND: GET /session/ed9e7a26acf6bcacb4d91d5d815b7bad/screenshot - {}
RESULT: {}
COMMAND: POST /session/ed9e7a26acf6bcacb4d91d5d815b7bad/element - {"using":"xpath","value":"//div[(text() = 'Standard Entry' or . = 'Standard Entry')]"}
RESULT: {"using":"xpath","value":"//div[(text() = 'Standard Entry' or . = 'Standard Entry')]"}
COMMAND: POST /session/ed9e7a26acf6bcacb4d91d5d815b7bad/element/f.3284FBD50136822B3404D64B74F3579B.d.0952C6CB7ABA035D3C662EBB6D873CA3.e.4638/click - {}
RESULT: {}
COMMAND: GET /session/ed9e7a26acf6bcacb4d91d5d815b7bad/screenshot - {}
RESULT: {}
COMMAND: POST /session/ed9e7a26acf6bcacb4d91d5d815b7bad/element - {"using":"xpath","value":"//td[6]/div/div/div/span"}
RESULT: {"using":"xpath","value":"//td[6]/div/div/div/span"}
COMMAND: POST /session/ed9e7a26acf6bcacb4d91d5d815b7bad/element/f.3284FBD50136822B3404D64B74F3579B.d.0952C6CB7ABA035D3C662EBB6D873CA3.e.4650/click - {}
RESULT: {}
COMMAND: GET /session/ed9e7a26acf6bcacb4d91d5d815b7bad/screenshot - {}
RESULT: {}
COMMAND: POST /session/ed9e7a26acf6bcacb4d91d5d815b7bad/element - {"using":"xpath","value":"(//span[contains(text(), \"Material\")])"}
RESULT: {"using":"xpath","value":"(//span[contains(text(), \"Material\")])"}
COMMAND: POST /session/ed9e7a26acf6bcacb4d91d5d815b7bad/element/f.3284FBD50136822B3404D64B74F3579B.d.0952C6CB7ABA035D3C662EBB6D873CA3.e.4651/click - {}
RESULT: {}
COMMAND: GET /session/ed9e7a26acf6bcacb4d91d5d815b7bad/screenshot - {}
RESULT: {}
COMMAND: POST /session/ed9e7a26acf6bcacb4d91d5d815b7bad/element - {"using":"xpath","value":"//td[7]/div/div/input"}
RESULT: {"using":"xpath","value":"//td[7]/div/div/input"}
COMMAND: POST /session/ed9e7a26acf6bcacb4d91d5d815b7bad/element/f.3284FBD50136822B3404D64B74F3579B.d.0952C6CB7ABA035D3C662EBB6D873CA3.e.4655/clear - {}
RESULT: {}
COMMAND: POST /session/ed9e7a26acf6bcacb4d91d5d815b7bad/element/f.3284FBD50136822B3404D64B74F3579B.d.0952C6CB7ABA035D3C662EBB6D873CA3.e.4655/value - {"text":"200189"}
COMMAND: GET /session/ed9e7a26acf6bcacb4d91d5d815b7bad/screenshot - {}
RESULT: {"text":"200189"}
COMMAND: GET /session/ed9e7a26acf6bcacb4d91d5d815b7bad/screenshot - {}
RESULT: {}
RESULT: {}
COMMAND: POST /session/ed9e7a26acf6bcacb4d91d5d815b7bad/actions - {"actions":[{"id":"action14","type":"key","parameters":{},"actions":[{"type":"keyDown","value":"î€‡"},{"type":"pause","duration":10},{"type":"keyUp","value":"î€‡"}]}]}
RESULT: {"actions":[{"id":"action14","type":"key","parameters":{},"actions":[{"type":"keyDown","value":"î€‡"},{"type":"pause","duration":10},{"type":"keyUp","value":"î€‡"}]}]}
COMMAND: GET /session/ed9e7a26acf6bcacb4d91d5d815b7bad/screenshot - {}
RESULT: {}
COMMAND: POST /session/ed9e7a26acf6bcacb4d91d5d815b7bad/execute/sync - {"script":"<script> [276 bytes]","args":["No pricing information was found"]}
RESULT: {"script":"<script> [276 bytes]","args":["No pricing information was found"]}
COMMAND: POST /session/ed9e7a26acf6bcacb4d91d5d815b7bad/element - {"using":"xpath","value":"//bdi[contains(text(), \"OK\")]"}
COMMAND: GET /session/ed9e7a26acf6bcacb4d91d5d815b7bad/screenshot - {}
RESULT: {"using":"xpath","value":"//bdi[contains(text(), \"OK\")]"}
COMMAND: POST /session/ed9e7a26acf6bcacb4d91d5d815b7bad/element/f.3284FBD50136822B3404D64B74F3579B.d.0952C6CB7ABA035D3C662EBB6D873CA3.e.4681/click - {}
RESULT: {}
RESULT: {}
COMMAND: GET /session/ed9e7a26acf6bcacb4d91d5d815b7bad/screenshot - {}
RESULT: {}
COMMAND: POST /session/ed9e7a26acf6bcacb4d91d5d815b7bad/element - {"using":"xpath","value":"(//button[@data-kt=\"saveButton\"])[2]"}
RESULT: {"using":"xpath","value":"(//button[@data-kt=\"saveButton\"])[2]"}
COMMAND: POST /session/ed9e7a26acf6bcacb4d91d5d815b7bad/element/f.3284FBD50136822B3404D64B74F3579B.d.0952C6CB7ABA035D3C662EBB6D873CA3.e.4682/click - {}
RESULT: {}
COMMAND: GET /session/ed9e7a26acf6bcacb4d91d5d815b7bad/screenshot - {}
RESULT: {}
COMMAND: POST /session/ed9e7a26acf6bcacb4d91d5d815b7bad/execute/sync - {"script":"<script> [276 bytes]","args":["Some contract items are having rental validity exceeding header rental validity"]}
RESULT: {"script":"<script> [276 bytes]","args":["Some contract items are having rental validity exceeding header rental validity"]}
COMMAND: GET /session/ed9e7a26acf6bcacb4d91d5d815b7bad/screenshot - {}
RESULT: {}
COMMAND: POST /session/ed9e7a26acf6bcacb4d91d5d815b7bad/element - {"using":"xpath","value":"//span[contains(@id ,\"contractItemsSmartTable-header-inner\")]"}
RESULT: {"using":"xpath","value":"//span[contains(@id ,\"contractItemsSmartTable-header-inner\")]"}
COMMAND: POST /session/ed9e7a26acf6bcacb4d91d5d815b7bad/elements - {"using":"xpath","value":"//span[contains(@id ,\"contractItemsSmartTable-header-inner\")]"}
RESULT: {"using":"xpath","value":"//span[contains(@id ,\"contractItemsSmartTable-header-inner\")]"}
COMMAND: POST /session/ed9e7a26acf6bcacb4d91d5d815b7bad/execute/sync - {"script":"<script> [56 bytes]","args":[{"element-6066-11e4-a52e-4f735466cecf":"f.3284FBD50136822B3404D64B74F3579B.d.0952C6CB7ABA035D3C662EBB6D873CA3.e.4687","ELEMENT":"f.3284FBD50136822B3404D64B74F3579B.d.0952C6CB7ABA035D3C662EBB6D873CA3.e.4687"}]}
RESULT: {"script":"<script> [56 bytes]","args":[{"element-6066-11e4-a52e-4f735466cecf":"f.3284FBD50136822B3404D64B74F3579B.d.0952C6CB7ABA035D3C662EBB6D873CA3.e.4687","ELEMENT":"f.3284FBD50136822B3404D64B74F3579B.d.0952C6CB7ABA035D3C662EBB6D873CA3.e.4687"}]}
COMMAND: GET /session/ed9e7a26acf6bcacb4d91d5d815b7bad/screenshot - {}
]]></system-out>
    </testcase>
    <testcase classname="chrome.136_0_7103_93.windows.Prerequisites_&amp;_test_for_yard_mass_return_on_Yard_Overview_US131057" name="Prerq Should do a provide to site handover" time="64.611">
      <system-out><![CDATA[
COMMAND: POST /session/ed9e7a26acf6bcacb4d91d5d815b7bad/element - {"using":"xpath","value":"//button[@data-kt=\"provideButton\"]"}
RESULT: {}
RESULT: {"using":"xpath","value":"//button[@data-kt=\"provideButton\"]"}
COMMAND: POST /session/ed9e7a26acf6bcacb4d91d5d815b7bad/element/f.3284FBD50136822B3404D64B74F3579B.d.0952C6CB7ABA035D3C662EBB6D873CA3.e.4688/click - {}
RESULT: {}
COMMAND: GET /session/ed9e7a26acf6bcacb4d91d5d815b7bad/screenshot - {}
RESULT: undefined
COMMAND: POST /session/ed9e7a26acf6bcacb4d91d5d815b7bad/execute/async - {"script":"<script> [6424 bytes]","args":[{"element-6066-11e4-a52e-4f735466cecf":"f.3284FBD50136822B3404D64B74F3579B.d.0952C6CB7ABA035D3C662EBB6D873CA3.e.3627"},"setValue",["5/15/25"]]}
RESULT: {}
COMMAND: POST /session/ed9e7a26acf6bcacb4d91d5d815b7bad/execute/async - {"script":"<script> [1562 bytes]","args":[{"selector":{"id":"application-managehandovers-display-component---AddNewHO--dueDate","interaction":{"idSuffix":"inner"}},"wdio_ui5_key":"applicationmanagehandovers-display-component---AddNewHO--dueDate"}]}
RESULT: {"script":"<script> [1562 bytes]","args":[{"selector":{"id":"application-managehandovers-display-component---AddNewHO--dueDate","interaction":{"idSuffix":"inner"}},"wdio_ui5_key":"applicationmanagehandovers-display-component---AddNewHO--dueDate"}]}
COMMAND: POST /session/ed9e7a26acf6bcacb4d91d5d815b7bad/execute/async - {"script":"<script> [6424 bytes]","args":[{"element-6066-11e4-a52e-4f735466cecf":"f.3284FBD50136822B3404D64B74F3579B.d.0952C6CB7ABA035D3C662EBB6D873CA3.e.4764"},"setValue",["5/15/25"]]}
RESULT: {"script":"<script> [6424 bytes]","args":[{"element-6066-11e4-a52e-4f735466cecf":"f.3284FBD50136822B3404D64B74F3579B.d.0952C6CB7ABA035D3C662EBB6D873CA3.e.4764"},"setValue",["5/15/25"]]}
COMMAND: POST /session/ed9e7a26acf6bcacb4d91d5d815b7bad/element - {"using":"xpath","value":"//bdi[contains(text(), \"Instructions\")]"}
RESULT: {"using":"xpath","value":"//bdi[contains(text(), \"Instructions\")]"}
COMMAND: POST /session/ed9e7a26acf6bcacb4d91d5d815b7bad/element/f.3284FBD50136822B3404D64B74F3579B.d.0952C6CB7ABA035D3C662EBB6D873CA3.e.5004/click - {}
RESULT: {}
COMMAND: GET /session/ed9e7a26acf6bcacb4d91d5d815b7bad/screenshot - {}
RESULT: {}
COMMAND: POST /session/ed9e7a26acf6bcacb4d91d5d815b7bad/element - {"using":"xpath","value":"//button[@data-kt=\"AddNewHOProvideAddItemsButton\"]"}
RESULT: {"using":"xpath","value":"//button[@data-kt=\"AddNewHOProvideAddItemsButton\"]"}
COMMAND: POST /session/ed9e7a26acf6bcacb4d91d5d815b7bad/element/f.3284FBD50136822B3404D64B74F3579B.d.0952C6CB7ABA035D3C662EBB6D873CA3.e.5008/click - {}
RESULT: {}
COMMAND: GET /session/ed9e7a26acf6bcacb4d91d5d815b7bad/screenshot - {}
RESULT: {}
RESULT: undefined
COMMAND: POST /session/ed9e7a26acf6bcacb4d91d5d815b7bad/element - {"using":"xpath","value":"//*[@id=\"application-managehandovers-display-component---AddNewHO--popup-sa\"]"}
RESULT: {"using":"xpath","value":"//*[@id=\"application-managehandovers-display-component---AddNewHO--popup-sa\"]"}
COMMAND: POST /session/ed9e7a26acf6bcacb4d91d5d815b7bad/element/f.3284FBD50136822B3404D64B74F3579B.d.0952C6CB7ABA035D3C662EBB6D873CA3.e.5020/click - {}
RESULT: {}
COMMAND: GET /session/ed9e7a26acf6bcacb4d91d5d815b7bad/screenshot - {}
RESULT: {}
COMMAND: POST /session/ed9e7a26acf6bcacb4d91d5d815b7bad/element - {"using":"xpath","value":"//*[contains(@id ,\"BDI-content\")][contains(text(), \"Select\")]"}
RESULT: {"using":"xpath","value":"//*[contains(@id ,\"BDI-content\")][contains(text(), \"Select\")]"}
COMMAND: POST /session/ed9e7a26acf6bcacb4d91d5d815b7bad/element/f.3284FBD50136822B3404D64B74F3579B.d.0952C6CB7ABA035D3C662EBB6D873CA3.e.5022/click - {}
RESULT: {}
COMMAND: GET /session/ed9e7a26acf6bcacb4d91d5d815b7bad/screenshot - {}
RESULT: {}
COMMAND: POST /session/ed9e7a26acf6bcacb4d91d5d815b7bad/execute/async - {"script":"<script> [1562 bytes]","args":[{"selector":{"id":"application-managehandovers-display-component---AddNewHO--confirmCreationButton","interaction":{"idSuffix":"BDI-content"}},"wdio_ui5_key":"applicationmanagehandovers-display-component---AddNewHO--confirmCreationButton"}]}
RESULT: {"script":"<script> [1562 bytes]","args":[{"selector":{"id":"application-managehandovers-display-component---AddNewHO--confirmCreationButton","interaction":{"idSuffix":"BDI-content"}},"wdio_ui5_key":"applicationmanagehandovers-display-component---AddNewHO--confirmCreationButton"}]}
RESULT: undefined
COMMAND: POST /session/ed9e7a26acf6bcacb4d91d5d815b7bad/element - {"using":"xpath","value":"//*[@id=\"application-managehandovers-display-component---AddNewHO--confirmCreationButton\"]"}
RESULT: {"using":"xpath","value":"//*[@id=\"application-managehandovers-display-component---AddNewHO--confirmCreationButton\"]"}
COMMAND: POST /session/ed9e7a26acf6bcacb4d91d5d815b7bad/element/f.3284FBD50136822B3404D64B74F3579B.d.0952C6CB7ABA035D3C662EBB6D873CA3.e.4810/click - {}
RESULT: {}
COMMAND: GET /session/ed9e7a26acf6bcacb4d91d5d815b7bad/screenshot - {}
RESULT: {}
COMMAND: POST /session/ed9e7a26acf6bcacb4d91d5d815b7bad/execute/async - {"script":"<script> [1562 bytes]","args":[{"selector":{"id":"issueDatePicker","viewName":"etm.portal.ui.managehandovers.view.DetailExecuteHO","interaction":{"idSuffix":"inner"}},"wdio_ui5_key":"issueDatePickeretmportal.ui.managehandovers.view.DetailExecuteHO"}]}
RESULT: {"script":"<script> [1562 bytes]","args":[{"selector":{"id":"issueDatePicker","viewName":"etm.portal.ui.managehandovers.view.DetailExecuteHO","interaction":{"idSuffix":"inner"}},"wdio_ui5_key":"issueDatePickeretmportal.ui.managehandovers.view.DetailExecuteHO"}]}
RESULT: undefined
COMMAND: POST /session/ed9e7a26acf6bcacb4d91d5d815b7bad/execute/async - {"script":"<script> [776 bytes]","args":[{"enterText":"5/15/25","selector":{"id":"issueDatePicker","viewName":"etm.portal.ui.managehandovers.view.DetailExecuteHO","interaction":{"idSuffix":"inner"}},"clearTextFirst":true,"interactionType":"ENTER_TEXT"}]}
RESULT: {"script":"<script> [776 bytes]","args":[{"enterText":"5/15/25","selector":{"id":"issueDatePicker","viewName":"etm.portal.ui.managehandovers.view.DetailExecuteHO","interaction":{"idSuffix":"inner"}},"clearTextFirst":true,"interactionType":"ENTER_TEXT"}]}
COMMAND: POST /session/ed9e7a26acf6bcacb4d91d5d815b7bad/element - {"using":"xpath","value":"//bdi[contains(text(), \"OK\")]"}
RESULT: {"using":"xpath","value":"//bdi[contains(text(), \"OK\")]"}
COMMAND: POST /session/ed9e7a26acf6bcacb4d91d5d815b7bad/element/f.3284FBD50136822B3404D64B74F3579B.d.0952C6CB7ABA035D3C662EBB6D873CA3.e.5067/click - {}
RESULT: {}
COMMAND: GET /session/ed9e7a26acf6bcacb4d91d5d815b7bad/screenshot - {}
RESULT: {}
COMMAND: POST /session/ed9e7a26acf6bcacb4d91d5d815b7bad/element - {"using":"xpath","value":"//button[@data-kt=\"PickingTableConfirmAllButton\"]"}
RESULT: {"using":"xpath","value":"//button[@data-kt=\"PickingTableConfirmAllButton\"]"}
COMMAND: POST /session/ed9e7a26acf6bcacb4d91d5d815b7bad/element/f.3284FBD50136822B3404D64B74F3579B.d.0952C6CB7ABA035D3C662EBB6D873CA3.e.5074/click - {}
RESULT: {}
COMMAND: GET /session/ed9e7a26acf6bcacb4d91d5d815b7bad/screenshot - {}
RESULT: {}
COMMAND: POST /session/ed9e7a26acf6bcacb4d91d5d815b7bad/element - {"using":"xpath","value":"//bdi[contains(text(), \"OK\")]"}
RESULT: {"using":"xpath","value":"//bdi[contains(text(), \"OK\")]"}
COMMAND: POST /session/ed9e7a26acf6bcacb4d91d5d815b7bad/element/f.3284FBD50136822B3404D64B74F3579B.d.0952C6CB7ABA035D3C662EBB6D873CA3.e.5078/click - {}
RESULT: {}
COMMAND: GET /session/ed9e7a26acf6bcacb4d91d5d815b7bad/screenshot - {}
RESULT: {}
COMMAND: POST /session/ed9e7a26acf6bcacb4d91d5d815b7bad/element - {"using":"xpath","value":"//bdi[contains(text(), \"Issue\")]"}
RESULT: {"using":"xpath","value":"//bdi[contains(text(), \"Issue\")]"}
COMMAND: POST /session/ed9e7a26acf6bcacb4d91d5d815b7bad/element/f.3284FBD50136822B3404D64B74F3579B.d.0952C6CB7ABA035D3C662EBB6D873CA3.e.5079/click - {}
RESULT: {}
COMMAND: GET /session/ed9e7a26acf6bcacb4d91d5d815b7bad/screenshot - {}
RESULT: {}
COMMAND: POST /session/ed9e7a26acf6bcacb4d91d5d815b7bad/element - {"using":"css selector","value":"#shell-header-logo"}
RESULT: {"using":"css selector","value":"#shell-header-logo"}
COMMAND: POST /session/ed9e7a26acf6bcacb4d91d5d815b7bad/element/f.3284FBD50136822B3404D64B74F3579B.d.0952C6CB7ABA035D3C662EBB6D873CA3.e.4130/click - {}
RESULT: {}
COMMAND: GET /session/ed9e7a26acf6bcacb4d91d5d815b7bad/screenshot - {}
RESULT: {}
]]></system-out>
    </testcase>
    <testcase classname="chrome.136_0_7103_93.windows.Prerequisites_&amp;_test_for_yard_mass_return_on_Yard_Overview_US131057" name="Should do mass return on Yard Overview US131057" time="57.016">
      <system-out><![CDATA[
COMMAND: POST /session/ed9e7a26acf6bcacb4d91d5d815b7bad/execute/async - {"script":"<script> [1562 bytes]","args":[{"selector":{"controlType":"sap.m.GenericTile","properties":{"header":"Yard Overview"}},"wdio_ui5_key":"sapm.GenericTile{\"header\":\"Yard Overview\"}"}]}
RESULT: {"script":"<script> [1562 bytes]","args":[{"selector":{"controlType":"sap.m.GenericTile","properties":{"header":"Yard Overview"}},"wdio_ui5_key":"sapm.GenericTile{\"header\":\"Yard Overview\"}"}]}
RESULT: undefined
COMMAND: POST /session/ed9e7a26acf6bcacb4d91d5d815b7bad/element - {"using":"xpath","value":"//*[@id=\"__tile102\"]"}
RESULT: {"using":"xpath","value":"//*[@id=\"__tile102\"]"}
COMMAND: POST /session/ed9e7a26acf6bcacb4d91d5d815b7bad/element/f.3284FBD50136822B3404D64B74F3579B.d.0952C6CB7ABA035D3C662EBB6D873CA3.e.5254/click - {}
RESULT: {}
COMMAND: GET /session/ed9e7a26acf6bcacb4d91d5d815b7bad/screenshot - {}
RESULT: {}
COMMAND: POST /session/ed9e7a26acf6bcacb4d91d5d815b7bad/elements - {"using":"xpath","value":"//span[text()='Error']"}
RESULT: {"using":"xpath","value":"//span[text()='Error']"}
COMMAND: POST /session/ed9e7a26acf6bcacb4d91d5d815b7bad/element - {"using":"xpath","value":"//input[contains(@id,\"application-yardoverview-display-component---masterYardInventory--smartFilterBar-btnBasicSearch-I\")]"}
RESULT: {"using":"xpath","value":"//input[contains(@id,\"application-yardoverview-display-component---masterYardInventory--smartFilterBar-btnBasicSearch-I\")]"}
COMMAND: POST /session/ed9e7a26acf6bcacb4d91d5d815b7bad/elements - {"using":"xpath","value":"//input[contains(@id,\"application-yardoverview-display-component---masterYardInventory--smartFilterBar-btnBasicSearch-I\")]"}
RESULT: {"using":"xpath","value":"//input[contains(@id,\"application-yardoverview-display-component---masterYardInventory--smartFilterBar-btnBasicSearch-I\")]"}
COMMAND: POST /session/ed9e7a26acf6bcacb4d91d5d815b7bad/execute/sync - {"script":"<script> [8489 bytes]","args":[{"element-6066-11e4-a52e-4f735466cecf":"f.3284FBD50136822B3404D64B74F3579B.d.0952C6CB7ABA035D3C662EBB6D873CA3.e.5261","ELEMENT":"f.3284FBD50136822B3404D64B74F3579B.d.0952C6CB7ABA035D3C662EBB6D873CA3.e.5261"}]}
RESULT: {"script":"<script> [8489 bytes]","args":[{"element-6066-11e4-a52e-4f735466cecf":"f.3284FBD50136822B3404D64B74F3579B.d.0952C6CB7ABA035D3C662EBB6D873CA3.e.5261","ELEMENT":"f.3284FBD50136822B3404D64B74F3579B.d.0952C6CB7ABA035D3C662EBB6D873CA3.e.5261"}]}
COMMAND: GET /session/ed9e7a26acf6bcacb4d91d5d815b7bad/element/f.3284FBD50136822B3404D64B74F3579B.d.0952C6CB7ABA035D3C662EBB6D873CA3.e.5261/enabled - {}
COMMAND: GET /session/ed9e7a26acf6bcacb4d91d5d815b7bad/screenshot - {}
RESULT: {}
COMMAND: POST /session/ed9e7a26acf6bcacb4d91d5d815b7bad/execute/sync - {"script":"<script> [8489 bytes]","args":[{"element-6066-11e4-a52e-4f735466cecf":"f.3284FBD50136822B3404D64B74F3579B.d.0952C6CB7ABA035D3C662EBB6D873CA3.e.5261","ELEMENT":"f.3284FBD50136822B3404D64B74F3579B.d.0952C6CB7ABA035D3C662EBB6D873CA3.e.5261"}]}
COMMAND: GET /session/ed9e7a26acf6bcacb4d91d5d815b7bad/screenshot - {}
RESULT: {}
RESULT: {"script":"<script> [8489 bytes]","args":[{"element-6066-11e4-a52e-4f735466cecf":"f.3284FBD50136822B3404D64B74F3579B.d.0952C6CB7ABA035D3C662EBB6D873CA3.e.5261","ELEMENT":"f.3284FBD50136822B3404D64B74F3579B.d.0952C6CB7ABA035D3C662EBB6D873CA3.e.5261"}]}
COMMAND: POST /session/ed9e7a26acf6bcacb4d91d5d815b7bad/execute/sync - {"script":"<script> [5351 bytes]","args":[{"element-6066-11e4-a52e-4f735466cecf":"f.3284FBD50136822B3404D64B74F3579B.d.0952C6CB7ABA035D3C662EBB6D873CA3.e.5261","ELEMENT":"f.3284FBD50136822B3404D64B74F3579B.d.0952C6CB7ABA035D3C662EBB6D873CA3.e.5261"}]}
COMMAND: GET /session/ed9e7a26acf6bcacb4d91d5d815b7bad/screenshot - {}
RESULT: {}
RESULT: {"script":"<script> [5351 bytes]","args":[{"element-6066-11e4-a52e-4f735466cecf":"f.3284FBD50136822B3404D64B74F3579B.d.0952C6CB7ABA035D3C662EBB6D873CA3.e.5261","ELEMENT":"f.3284FBD50136822B3404D64B74F3579B.d.0952C6CB7ABA035D3C662EBB6D873CA3.e.5261"}]}
COMMAND: GET /session/ed9e7a26acf6bcacb4d91d5d815b7bad/screenshot - {}
RESULT: {}
RESULT: {}
COMMAND: POST /session/ed9e7a26acf6bcacb4d91d5d815b7bad/execute/async - {"script":"<script> [1562 bytes]","args":[{"selector":{"id":"application-yardoverview-display-component---masterYardInventory--smartFilterBar-btnBasicSearch","interaction":{"idSuffix":"I"}},"wdio_ui5_key":"applicationyardoverview-display-component---masterYardInventory--smartFilterBar-btnBasicSearch"}]}
RESULT: {"script":"<script> [1562 bytes]","args":[{"selector":{"id":"application-yardoverview-display-component---masterYardInventory--smartFilterBar-btnBasicSearch","interaction":{"idSuffix":"I"}},"wdio_ui5_key":"applicationyardoverview-display-component---masterYardInventory--smartFilterBar-btnBasicSearch"}]}
RESULT: undefined
COMMAND: POST /session/ed9e7a26acf6bcacb4d91d5d815b7bad/execute/async - {"script":"<script> [776 bytes]","args":[{"enterText":"405","selector":{"id":"application-yardoverview-display-component---masterYardInventory--smartFilterBar-btnBasicSearch","interaction":{"idSuffix":"I"}},"clearTextFirst":true,"interactionType":"ENTER_TEXT"}]}
RESULT: {"script":"<script> [776 bytes]","args":[{"enterText":"405","selector":{"id":"application-yardoverview-display-component---masterYardInventory--smartFilterBar-btnBasicSearch","interaction":{"idSuffix":"I"}},"clearTextFirst":true,"interactionType":"ENTER_TEXT"}]}
COMMAND: POST /session/ed9e7a26acf6bcacb4d91d5d815b7bad/actions - {"actions":[{"id":"action15","type":"key","parameters":{},"actions":[{"type":"keyDown","value":"î€‡"},{"type":"pause","duration":10},{"type":"keyUp","value":"î€‡"}]}]}
RESULT: {"actions":[{"id":"action15","type":"key","parameters":{},"actions":[{"type":"keyDown","value":"î€‡"},{"type":"pause","duration":10},{"type":"keyUp","value":"î€‡"}]}]}
COMMAND: GET /session/ed9e7a26acf6bcacb4d91d5d815b7bad/screenshot - {}
RESULT: {}
COMMAND: POST /session/ed9e7a26acf6bcacb4d91d5d815b7bad/element - {"using":"xpath","value":"(//span[contains(@id, \"imgNav\")])[1]"}
RESULT: {"using":"xpath","value":"(//span[contains(@id, \"imgNav\")])[1]"}
COMMAND: POST /session/ed9e7a26acf6bcacb4d91d5d815b7bad/element/f.3284FBD50136822B3404D64B74F3579B.d.0952C6CB7ABA035D3C662EBB6D873CA3.e.5332/click - {}
RESULT: {}
COMMAND: GET /session/ed9e7a26acf6bcacb4d91d5d815b7bad/screenshot - {}
RESULT: {}
COMMAND: POST /session/ed9e7a26acf6bcacb4d91d5d815b7bad/execute/async - {"script":"<script> [1562 bytes]","args":[{"selector":{"id":"application-yardoverview-display-component---detailYardInventory--ObjectPageLayout-anchBar-application-yardoverview-display-component---detailYardInventory--openReturnsSection-anchor","interaction":{"idSuffix":"BDI-content"}},"wdio_ui5_key":"applicationyardoverview-display-component---detailYardInventory--ObjectPageLayout-anchBar-application-yardoverview-display-component---detailYardInventory--openReturnsSection-anchor"}]}
RESULT: {"script":"<script> [1562 bytes]","args":[{"selector":{"id":"application-yardoverview-display-component---detailYardInventory--ObjectPageLayout-anchBar-application-yardoverview-display-component---detailYardInventory--openReturnsSection-anchor","interaction":{"idSuffix":"BDI-content"}},"wdio_ui5_key":"applicationyardoverview-display-component---detailYardInventory--ObjectPageLayout-anchBar-application-yardoverview-display-component---detailYardInventory--openReturnsSection-anchor"}]}
RESULT: undefined
COMMAND: POST /session/ed9e7a26acf6bcacb4d91d5d815b7bad/element - {"using":"xpath","value":"//*[@id=\"application-yardoverview-display-component---detailYardInventory--ObjectPageLayout-anchBar-application-yardoverview-display-component---detailYardInventory--openReturnsSection-anchor\"]"}
RESULT: {"using":"xpath","value":"//*[@id=\"application-yardoverview-display-component---detailYardInventory--ObjectPageLayout-anchBar-application-yardoverview-display-component---detailYardInventory--openReturnsSection-anchor\"]"}
COMMAND: POST /session/ed9e7a26acf6bcacb4d91d5d815b7bad/element/f.3284FBD50136822B3404D64B74F3579B.d.0952C6CB7ABA035D3C662EBB6D873CA3.e.5430/click - {}
RESULT: {}
COMMAND: GET /session/ed9e7a26acf6bcacb4d91d5d815b7bad/screenshot - {}
RESULT: {}
COMMAND: POST /session/ed9e7a26acf6bcacb4d91d5d815b7bad/execute/async - {"script":"<script> [1562 bytes]","args":[{"selector":{"id":"application-yardoverview-display-component---detailYardInventory--openReturns-triggerAction-returnBtn","interaction":{"idSuffix":"BDI-content"}},"wdio_ui5_key":"applicationyardoverview-display-component---detailYardInventory--openReturns-triggerAction-returnBtn"}]}
RESULT: {"script":"<script> [1562 bytes]","args":[{"selector":{"id":"application-yardoverview-display-component---detailYardInventory--openReturns-triggerAction-returnBtn","interaction":{"idSuffix":"BDI-content"}},"wdio_ui5_key":"applicationyardoverview-display-component---detailYardInventory--openReturns-triggerAction-returnBtn"}]}
RESULT: undefined
COMMAND: POST /session/ed9e7a26acf6bcacb4d91d5d815b7bad/element - {"using":"xpath","value":"//*[@id=\"application-yardoverview-display-component---detailYardInventory--openReturns-triggerAction-returnBtn\"]"}
RESULT: {"using":"xpath","value":"//*[@id=\"application-yardoverview-display-component---detailYardInventory--openReturns-triggerAction-returnBtn\"]"}
COMMAND: POST /session/ed9e7a26acf6bcacb4d91d5d815b7bad/element/f.3284FBD50136822B3404D64B74F3579B.d.0952C6CB7ABA035D3C662EBB6D873CA3.e.5453/click - {}
RESULT: {}
COMMAND: GET /session/ed9e7a26acf6bcacb4d91d5d815b7bad/screenshot - {}
RESULT: {}
COMMAND: POST /session/ed9e7a26acf6bcacb4d91d5d815b7bad/element - {"using":"xpath","value":"//div[@id=\"application-yardoverview-display-component---detailYardInventory--customReturnsTable-sa-CbBg\"]"}
RESULT: {"using":"xpath","value":"//div[@id=\"application-yardoverview-display-component---detailYardInventory--customReturnsTable-sa-CbBg\"]"}
COMMAND: POST /session/ed9e7a26acf6bcacb4d91d5d815b7bad/execute/sync - {"script":"<script> [8489 bytes]","args":[{"element-6066-11e4-a52e-4f735466cecf":"f.3284FBD50136822B3404D64B74F3579B.d.0952C6CB7ABA035D3C662EBB6D873CA3.e.5471","ELEMENT":"f.3284FBD50136822B3404D64B74F3579B.d.0952C6CB7ABA035D3C662EBB6D873CA3.e.5471"}]}
RESULT: {"script":"<script> [8489 bytes]","args":[{"element-6066-11e4-a52e-4f735466cecf":"f.3284FBD50136822B3404D64B74F3579B.d.0952C6CB7ABA035D3C662EBB6D873CA3.e.5471","ELEMENT":"f.3284FBD50136822B3404D64B74F3579B.d.0952C6CB7ABA035D3C662EBB6D873CA3.e.5471"}]}
COMMAND: POST /session/ed9e7a26acf6bcacb4d91d5d815b7bad/execute/sync - {"script":"<script> [5351 bytes]","args":[{"element-6066-11e4-a52e-4f735466cecf":"f.3284FBD50136822B3404D64B74F3579B.d.0952C6CB7ABA035D3C662EBB6D873CA3.e.5471","ELEMENT":"f.3284FBD50136822B3404D64B74F3579B.d.0952C6CB7ABA035D3C662EBB6D873CA3.e.5471"}]}
COMMAND: GET /session/ed9e7a26acf6bcacb4d91d5d815b7bad/screenshot - {}
RESULT: {"script":"<script> [5351 bytes]","args":[{"element-6066-11e4-a52e-4f735466cecf":"f.3284FBD50136822B3404D64B74F3579B.d.0952C6CB7ABA035D3C662EBB6D873CA3.e.5471","ELEMENT":"f.3284FBD50136822B3404D64B74F3579B.d.0952C6CB7ABA035D3C662EBB6D873CA3.e.5471"}]}
COMMAND: POST /session/ed9e7a26acf6bcacb4d91d5d815b7bad/element/f.3284FBD50136822B3404D64B74F3579B.d.0952C6CB7ABA035D3C662EBB6D873CA3.e.5471/click - {}
COMMAND: GET /session/ed9e7a26acf6bcacb4d91d5d815b7bad/screenshot - {}
RESULT: {}
RESULT: {}
COMMAND: GET /session/ed9e7a26acf6bcacb4d91d5d815b7bad/screenshot - {}
RESULT: {}
RESULT: {}
COMMAND: POST /session/ed9e7a26acf6bcacb4d91d5d815b7bad/actions - {"actions":[{"id":"action16","type":"key","parameters":{},"actions":[{"type":"keyDown","value":"î€‡"},{"type":"pause","duration":10},{"type":"keyUp","value":"î€‡"}]}]}
RESULT: {"actions":[{"id":"action16","type":"key","parameters":{},"actions":[{"type":"keyDown","value":"î€‡"},{"type":"pause","duration":10},{"type":"keyUp","value":"î€‡"}]}]}
COMMAND: POST /session/ed9e7a26acf6bcacb4d91d5d815b7bad/element - {"using":"xpath","value":"//bdi[text()=\"Return\"]"}
COMMAND: GET /session/ed9e7a26acf6bcacb4d91d5d815b7bad/screenshot - {}
RESULT: {"using":"xpath","value":"//bdi[text()=\"Return\"]"}
COMMAND: POST /session/ed9e7a26acf6bcacb4d91d5d815b7bad/execute/sync - {"script":"<script> [8489 bytes]","args":[{"element-6066-11e4-a52e-4f735466cecf":"f.3284FBD50136822B3404D64B74F3579B.d.0952C6CB7ABA035D3C662EBB6D873CA3.e.5452","ELEMENT":"f.3284FBD50136822B3404D64B74F3579B.d.0952C6CB7ABA035D3C662EBB6D873CA3.e.5452"}]}
RESULT: {}
RESULT: {"script":"<script> [8489 bytes]","args":[{"element-6066-11e4-a52e-4f735466cecf":"f.3284FBD50136822B3404D64B74F3579B.d.0952C6CB7ABA035D3C662EBB6D873CA3.e.5452","ELEMENT":"f.3284FBD50136822B3404D64B74F3579B.d.0952C6CB7ABA035D3C662EBB6D873CA3.e.5452"}]}
COMMAND: POST /session/ed9e7a26acf6bcacb4d91d5d815b7bad/execute/sync - {"script":"<script> [5351 bytes]","args":[{"element-6066-11e4-a52e-4f735466cecf":"f.3284FBD50136822B3404D64B74F3579B.d.0952C6CB7ABA035D3C662EBB6D873CA3.e.5452","ELEMENT":"f.3284FBD50136822B3404D64B74F3579B.d.0952C6CB7ABA035D3C662EBB6D873CA3.e.5452"}]}
COMMAND: GET /session/ed9e7a26acf6bcacb4d91d5d815b7bad/screenshot - {}
RESULT: {"script":"<script> [5351 bytes]","args":[{"element-6066-11e4-a52e-4f735466cecf":"f.3284FBD50136822B3404D64B74F3579B.d.0952C6CB7ABA035D3C662EBB6D873CA3.e.5452","ELEMENT":"f.3284FBD50136822B3404D64B74F3579B.d.0952C6CB7ABA035D3C662EBB6D873CA3.e.5452"}]}
COMMAND: POST /session/ed9e7a26acf6bcacb4d91d5d815b7bad/element/f.3284FBD50136822B3404D64B74F3579B.d.0952C6CB7ABA035D3C662EBB6D873CA3.e.5452/click - {}
COMMAND: GET /session/ed9e7a26acf6bcacb4d91d5d815b7bad/screenshot - {}
RESULT: {}
RESULT: {}
COMMAND: POST /session/ed9e7a26acf6bcacb4d91d5d815b7bad/execute/async - {"script":"<script> [1562 bytes]","args":[{"selector":{"controlType":"sap.m.Text","properties":{"text":"Mass Create Handovers process was executed with success!"},"searchOpenDialogs":true},"wdio_ui5_key":"sapm.Text{\"text\":\"Mass Create Handovers process was executed with success!\"}"}]}
COMMAND: GET /session/ed9e7a26acf6bcacb4d91d5d815b7bad/screenshot - {}
RESULT: {}
RESULT: {"script":"<script> [1562 bytes]","args":[{"selector":{"controlType":"sap.m.Text","properties":{"text":"Mass Create Handovers process was executed with success!"},"searchOpenDialogs":true},"wdio_ui5_key":"sapm.Text{\"text\":\"Mass Create Handovers process was executed with success!\"}"}]}
RESULT: undefined
COMMAND: POST /session/ed9e7a26acf6bcacb4d91d5d815b7bad/execute/async - {"script":"<script> [6424 bytes]","args":[{"element-6066-11e4-a52e-4f735466cecf":"f.3284FBD50136822B3404D64B74F3579B.d.0952C6CB7ABA035D3C662EBB6D873CA3.e.5474"},"getText",[]]}
RESULT: {}
RESULT: {"script":"<script> [6424 bytes]","args":[{"element-6066-11e4-a52e-4f735466cecf":"f.3284FBD50136822B3404D64B74F3579B.d.0952C6CB7ABA035D3C662EBB6D873CA3.e.5474"},"getText",[]]}
COMMAND: POST /session/ed9e7a26acf6bcacb4d91d5d815b7bad/execute/async - {"script":"<script> [1562 bytes]","args":[{"selector":{"controlType":"sap.m.Button","properties":{"text":"OK"},"searchOpenDialogs":true,"interaction":{"idSuffix":"BDI-content"}},"wdio_ui5_key":"sapm.Button{\"text\":\"OK\"}"}]}
RESULT: {"script":"<script> [1562 bytes]","args":[{"selector":{"controlType":"sap.m.Button","properties":{"text":"OK"},"searchOpenDialogs":true,"interaction":{"idSuffix":"BDI-content"}},"wdio_ui5_key":"sapm.Button{\"text\":\"OK\"}"}]}
RESULT: undefined
COMMAND: POST /session/ed9e7a26acf6bcacb4d91d5d815b7bad/element - {"using":"xpath","value":"//*[@id=\"__mbox-btn-8\"]"}
RESULT: {"using":"xpath","value":"//*[@id=\"__mbox-btn-8\"]"}
COMMAND: POST /session/ed9e7a26acf6bcacb4d91d5d815b7bad/element/f.3284FBD50136822B3404D64B74F3579B.d.0952C6CB7ABA035D3C662EBB6D873CA3.e.5473/click - {}
RESULT: {}
COMMAND: GET /session/ed9e7a26acf6bcacb4d91d5d815b7bad/screenshot - {}
RESULT: {}
COMMAND: POST /session/ed9e7a26acf6bcacb4d91d5d815b7bad/execute/async - {"script":"<script> [1562 bytes]","args":[{"selector":{"controlType":"sap.m.Text","viewName":"etm.portal.ui.yardoverview.view.Detail","viewId":"application-yardoverview-display-component---detailYardInventory","bindingPath":{"path":"","propertyPath":"STATUS_DESC"}},"wdio_ui5_key":"etmportal.ui.yardoverview.view.Detailsap.m.Text{\"path\":\"\",\"propertyPath\":\"STATUS_DESC\"}"}]}
RESULT: {"script":"<script> [1562 bytes]","args":[{"selector":{"controlType":"sap.m.Text","viewName":"etm.portal.ui.yardoverview.view.Detail","viewId":"application-yardoverview-display-component---detailYardInventory","bindingPath":{"path":"","propertyPath":"STATUS_DESC"}},"wdio_ui5_key":"etmportal.ui.yardoverview.view.Detailsap.m.Text{\"path\":\"\",\"propertyPath\":\"STATUS_DESC\"}"}]}
RESULT: undefined
COMMAND: POST /session/ed9e7a26acf6bcacb4d91d5d815b7bad/execute/async - {"script":"<script> [6424 bytes]","args":[{"element-6066-11e4-a52e-4f735466cecf":"f.3284FBD50136822B3404D64B74F3579B.d.0952C6CB7ABA035D3C662EBB6D873CA3.e.5476"},"getText",[]]}
RESULT: {"script":"<script> [6424 bytes]","args":[{"element-6066-11e4-a52e-4f735466cecf":"f.3284FBD50136822B3404D64B74F3579B.d.0952C6CB7ABA035D3C662EBB6D873CA3.e.5476"},"getText",[]]}
COMMAND: POST /session/ed9e7a26acf6bcacb4d91d5d815b7bad/element - {"using":"css selector","value":"#shell-header-logo"}
RESULT: {"using":"css selector","value":"#shell-header-logo"}
COMMAND: POST /session/ed9e7a26acf6bcacb4d91d5d815b7bad/element/f.3284FBD50136822B3404D64B74F3579B.d.0952C6CB7ABA035D3C662EBB6D873CA3.e.5257/click - {}
RESULT: {}
COMMAND: GET /session/ed9e7a26acf6bcacb4d91d5d815b7bad/screenshot - {}
RESULT: {}
COMMAND: POST /session/ed9e7a26acf6bcacb4d91d5d815b7bad/element - {"using":"css selector","value":"#j_username"}
COMMAND: POST /session/ed9e7a26acf6bcacb4d91d5d815b7bad/url - {"url":"https://qa-testing-00-live-etm-ui.cfapps.eu10-004.hana.ondemand.com/"}
RESULT: {"using":"css selector","value":"#j_username"}
COMMAND: POST /session/ed9e7a26acf6bcacb4d91d5d815b7bad/element - {"using":"css selector","value":"#j_username"}
RESULT: {"url":"https://qa-testing-00-live-etm-ui.cfapps.eu10-004.hana.ondemand.com/"}
RESULT: undefined
COMMAND: GET /session/ed9e7a26acf6bcacb4d91d5d815b7bad/screenshot - {}
RESULT: {"using":"css selector","value":"#j_username"}
COMMAND: POST /session/ed9e7a26acf6bcacb4d91d5d815b7bad/element - {"using":"css selector","value":"#shell-header-logo"}
RESULT: {}
RESULT: {"using":"css selector","value":"#shell-header-logo"}
COMMAND: POST /session/ed9e7a26acf6bcacb4d91d5d815b7bad/execute/sync - {"script":"<script> [8489 bytes]","args":[{"element-6066-11e4-a52e-4f735466cecf":"f.3284FBD50136822B3404D64B74F3579B.d.197FAD3E54ED337D7B5A0A7155F7738F.e.5489","ELEMENT":"f.3284FBD50136822B3404D64B74F3579B.d.197FAD3E54ED337D7B5A0A7155F7738F.e.5489"}]}
RESULT: {"script":"<script> [8489 bytes]","args":[{"element-6066-11e4-a52e-4f735466cecf":"f.3284FBD50136822B3404D64B74F3579B.d.197FAD3E54ED337D7B5A0A7155F7738F.e.5489","ELEMENT":"f.3284FBD50136822B3404D64B74F3579B.d.197FAD3E54ED337D7B5A0A7155F7738F.e.5489"}]}
COMMAND: POST /session/ed9e7a26acf6bcacb4d91d5d815b7bad/element - {"using":"css selector","value":"#shell-header-logo"}
COMMAND: GET /session/ed9e7a26acf6bcacb4d91d5d815b7bad/screenshot - {}
RESULT: {"using":"css selector","value":"#shell-header-logo"}
COMMAND: POST /session/ed9e7a26acf6bcacb4d91d5d815b7bad/execute/sync - {"script":"<script> [8489 bytes]","args":[{"element-6066-11e4-a52e-4f735466cecf":"f.3284FBD50136822B3404D64B74F3579B.d.197FAD3E54ED337D7B5A0A7155F7738F.e.5489","ELEMENT":"f.3284FBD50136822B3404D64B74F3579B.d.197FAD3E54ED337D7B5A0A7155F7738F.e.5489"}]}
RESULT: {}
RESULT: {"script":"<script> [8489 bytes]","args":[{"element-6066-11e4-a52e-4f735466cecf":"f.3284FBD50136822B3404D64B74F3579B.d.197FAD3E54ED337D7B5A0A7155F7738F.e.5489","ELEMENT":"f.3284FBD50136822B3404D64B74F3579B.d.197FAD3E54ED337D7B5A0A7155F7738F.e.5489"}]}
COMMAND: POST /session/ed9e7a26acf6bcacb4d91d5d815b7bad/execute/sync - {"script":"<script> [5351 bytes]","args":[{"element-6066-11e4-a52e-4f735466cecf":"f.3284FBD50136822B3404D64B74F3579B.d.197FAD3E54ED337D7B5A0A7155F7738F.e.5489","ELEMENT":"f.3284FBD50136822B3404D64B74F3579B.d.197FAD3E54ED337D7B5A0A7155F7738F.e.5489"}]}
COMMAND: GET /session/ed9e7a26acf6bcacb4d91d5d815b7bad/screenshot - {}
RESULT: {"script":"<script> [5351 bytes]","args":[{"element-6066-11e4-a52e-4f735466cecf":"f.3284FBD50136822B3404D64B74F3579B.d.197FAD3E54ED337D7B5A0A7155F7738F.e.5489","ELEMENT":"f.3284FBD50136822B3404D64B74F3579B.d.197FAD3E54ED337D7B5A0A7155F7738F.e.5489"}]}
COMMAND: POST /session/ed9e7a26acf6bcacb4d91d5d815b7bad/element - {"using":"css selector","value":"#shell-header-logo"}
COMMAND: GET /session/ed9e7a26acf6bcacb4d91d5d815b7bad/screenshot - {}
RESULT: {}
RESULT: {"using":"css selector","value":"#shell-header-logo"}
COMMAND: POST /session/ed9e7a26acf6bcacb4d91d5d815b7bad/element/f.3284FBD50136822B3404D64B74F3579B.d.197FAD3E54ED337D7B5A0A7155F7738F.e.5489/click - {}
RESULT: {}
RESULT: {}
COMMAND: GET /session/ed9e7a26acf6bcacb4d91d5d815b7bad/screenshot - {}
RESULT: {}
COMMAND: POST /session/ed9e7a26acf6bcacb4d91d5d815b7bad/execute/async - {"script":"<script> [189 bytes]","args":[]}
RESULT: {"script":"<script> [189 bytes]","args":[]}
COMMAND: POST /session/ed9e7a26acf6bcacb4d91d5d815b7bad/execute/async - {"script":"<script> [123 bytes]","args":[]}
RESULT: {"script":"<script> [123 bytes]","args":[]}
COMMAND: POST /session/ed9e7a26acf6bcacb4d91d5d815b7bad/timeouts - {"script":"<number>"}
RESULT: {"script":"<number>"}
COMMAND: GET /session/ed9e7a26acf6bcacb4d91d5d815b7bad/timeouts - {}
RESULT: {}
RESULT: undefined
COMMAND: POST /session/ed9e7a26acf6bcacb4d91d5d815b7bad/execute/async - {"script":"<script> [2676 bytes]","args":[]}
RESULT: {"script":"<script> [2676 bytes]","args":[]}
COMMAND: POST /session/ed9e7a26acf6bcacb4d91d5d815b7bad/execute/async - {"script":"<script> [2342 bytes]","args":[{"protocol":"http","hostname":"0.0.0.0","path":"/","capabilities":{"browserName":"chrome","goog:chromeOptions":{"binary":"C:\\Program Files\\Google\\Chrome\\Application\\chrome.exe","args":["--start-maximized"]}},"logLevel":"warn","connectionRetryTimeout":120000,"connectionRetryCount":3,"logLevels":{},"enableDirectConnect":true,"strictSSL":true,"_":"65 more keys: [\"cacheDir\",\"port\",\"requestedCapabilities\",\"automationProtocol\",\"baseUrl\",\"waitforInterval\",\"waitforTimeout\",\"onReload\",\"beforeCommand\",\"afterCommand\",\"rootDir\",\"specs\",\"suites\",\"exclude\",\"groupLogsByTestSpec\",\"excludeDriverLogs\",\"bail\",\"framework\",\"reporters\",\"services\",\"maxInstances\",\"maxInstancesPerCapability\",\"injectGlobals\",\"filesToWatch\",\"execArgv\",\"runnerEnv\",\"runner\",\"shard\",\"specFileRetries\",\"specFileRetriesDelay\",\"specFileRetriesDeferred\",\"reporterSyncInterval\",\"reporterSyncTimeout\",\"cucumberFeaturesWithLineNumbers\",\"autoCompileOpts\",\"mochaOpts\",\"jasmineOpts\",\"cucumberOpts\",\"onPrepare\",\"onWorkerStart\",\"onWorkerEnd\",\"before\",\"beforeSession\",\"beforeSuite\",\"beforeHook\",\"beforeTest\",\"afterTest\",\"afterHook\",\"afterSuite\",\"afterSession\",\"after\",\"onComplete\",\"beforeAssertion\",\"afterAssertion\",\"beforeFeature\",\"beforeScenario\",\"beforeStep\",\"afterStep\",\"afterScenario\",\"afterFeature\",\"_\",\"suite\",\"$0\",\"ignoredWorkerServices\",\"wdi5\"]"}]}
RESULT: {"script":"<script> [2342 bytes]","args":[{"protocol":"http","hostname":"0.0.0.0","path":"/","capabilities":{"browserName":"chrome","goog:chromeOptions":{"binary":"C:\\Program Files\\Google\\Chrome\\Application\\chrome.exe","args":["--start-maximized"]}},"logLevel":"warn","connectionRetryTimeout":120000,"connectionRetryCount":3,"logLevels":{},"enableDirectConnect":true,"strictSSL":true,"_":"65 more keys: [\"cacheDir\",\"port\",\"requestedCapabilities\",\"automationProtocol\",\"baseUrl\",\"waitforInterval\",\"waitforTimeout\",\"onReload\",\"beforeCommand\",\"afterCommand\",\"rootDir\",\"specs\",\"suites\",\"exclude\",\"groupLogsByTestSpec\",\"excludeDriverLogs\",\"bail\",\"framework\",\"reporters\",\"services\",\"maxInstances\",\"maxInstancesPerCapability\",\"injectGlobals\",\"filesToWatch\",\"execArgv\",\"runnerEnv\",\"runner\",\"shard\",\"specFileRetries\",\"specFileRetriesDelay\",\"specFileRetriesDeferred\",\"reporterSyncInterval\",\"reporterSyncTimeout\",\"cucumberFeaturesWithLineNumbers\",\"autoCompileOpts\",\"mochaOpts\",\"jasmineOpts\",\"cucumberOpts\",\"onPrepare\",\"onWorkerStart\",\"onWorkerEnd\",\"before\",\"beforeSession\",\"beforeSuite\",\"beforeHook\",\"beforeTest\",\"afterTest\",\"afterHook\",\"afterSuite\",\"afterSession\",\"after\",\"onComplete\",\"beforeAssertion\",\"afterAssertion\",\"beforeFeature\",\"beforeScenario\",\"beforeStep\",\"afterStep\",\"afterScenario\",\"afterFeature\",\"_\",\"suite\",\"$0\",\"ignoredWorkerServices\",\"wdi5\"]"}]}
COMMAND: POST /session/ed9e7a26acf6bcacb4d91d5d815b7bad/execute/async - {"script":"<script> [21126 bytes]","args":[35000]}
RESULT: {"script":"<script> [21126 bytes]","args":[35000]}
COMMAND: POST /session/ed9e7a26acf6bcacb4d91d5d815b7bad/window/maximize - {}
RESULT: {}
COMMAND: POST /session/ed9e7a26acf6bcacb4d91d5d815b7bad/execute/async - {"script":"<script> [1562 bytes]","args":[{"selector":{"id":"shell-header","interaction":{"idSuffix":"icon"}},"wdio_ui5_key":"shellheader"}]}
COMMAND: GET /session/ed9e7a26acf6bcacb4d91d5d815b7bad/screenshot - {}
RESULT: {"script":"<script> [1562 bytes]","args":[{"selector":{"id":"shell-header","interaction":{"idSuffix":"icon"}},"wdio_ui5_key":"shellheader"}]}
RESULT: undefined
COMMAND: POST /session/ed9e7a26acf6bcacb4d91d5d815b7bad/refresh - {}
RESULT: {}
RESULT: {}
COMMAND: GET /session/ed9e7a26acf6bcacb4d91d5d815b7bad/screenshot - {}
RESULT: {}
COMMAND: POST /session/ed9e7a26acf6bcacb4d91d5d815b7bad/refresh - {}
RESULT: {}
COMMAND: GET /session/ed9e7a26acf6bcacb4d91d5d815b7bad/screenshot - {}
RESULT: {}
COMMAND: POST /session/ed9e7a26acf6bcacb4d91d5d815b7bad/window/fullscreen - {}
RESULT: {}
COMMAND: POST /session/ed9e7a26acf6bcacb4d91d5d815b7bad/execute/async - {"script":"<script> [189 bytes]","args":[]}
RESULT: {"script":"<script> [189 bytes]","args":[]}
COMMAND: POST /session/ed9e7a26acf6bcacb4d91d5d815b7bad/execute/async - {"script":"<script> [123 bytes]","args":[]}
RESULT: {"script":"<script> [123 bytes]","args":[]}
COMMAND: POST /session/ed9e7a26acf6bcacb4d91d5d815b7bad/timeouts - {"script":"<number>"}
RESULT: {"script":"<number>"}
COMMAND: GET /session/ed9e7a26acf6bcacb4d91d5d815b7bad/timeouts - {}
RESULT: {}
RESULT: undefined
COMMAND: POST /session/ed9e7a26acf6bcacb4d91d5d815b7bad/execute/async - {"script":"<script> [2676 bytes]","args":[]}
RESULT: {"script":"<script> [2676 bytes]","args":[]}
COMMAND: POST /session/ed9e7a26acf6bcacb4d91d5d815b7bad/execute/async - {"script":"<script> [2342 bytes]","args":[{"protocol":"http","hostname":"0.0.0.0","path":"/","capabilities":{"browserName":"chrome","goog:chromeOptions":{"binary":"C:\\Program Files\\Google\\Chrome\\Application\\chrome.exe","args":["--start-maximized"]}},"logLevel":"warn","connectionRetryTimeout":120000,"connectionRetryCount":3,"logLevels":{},"enableDirectConnect":true,"strictSSL":true,"_":"65 more keys: [\"cacheDir\",\"port\",\"requestedCapabilities\",\"automationProtocol\",\"baseUrl\",\"waitforInterval\",\"waitforTimeout\",\"onReload\",\"beforeCommand\",\"afterCommand\",\"rootDir\",\"specs\",\"suites\",\"exclude\",\"groupLogsByTestSpec\",\"excludeDriverLogs\",\"bail\",\"framework\",\"reporters\",\"services\",\"maxInstances\",\"maxInstancesPerCapability\",\"injectGlobals\",\"filesToWatch\",\"execArgv\",\"runnerEnv\",\"runner\",\"shard\",\"specFileRetries\",\"specFileRetriesDelay\",\"specFileRetriesDeferred\",\"reporterSyncInterval\",\"reporterSyncTimeout\",\"cucumberFeaturesWithLineNumbers\",\"autoCompileOpts\",\"mochaOpts\",\"jasmineOpts\",\"cucumberOpts\",\"onPrepare\",\"onWorkerStart\",\"onWorkerEnd\",\"before\",\"beforeSession\",\"beforeSuite\",\"beforeHook\",\"beforeTest\",\"afterTest\",\"afterHook\",\"afterSuite\",\"afterSession\",\"after\",\"onComplete\",\"beforeAssertion\",\"afterAssertion\",\"beforeFeature\",\"beforeScenario\",\"beforeStep\",\"afterStep\",\"afterScenario\",\"afterFeature\",\"_\",\"suite\",\"$0\",\"ignoredWorkerServices\",\"wdi5\"]"}]}
RESULT: {"script":"<script> [2342 bytes]","args":[{"protocol":"http","hostname":"0.0.0.0","path":"/","capabilities":{"browserName":"chrome","goog:chromeOptions":{"binary":"C:\\Program Files\\Google\\Chrome\\Application\\chrome.exe","args":["--start-maximized"]}},"logLevel":"warn","connectionRetryTimeout":120000,"connectionRetryCount":3,"logLevels":{},"enableDirectConnect":true,"strictSSL":true,"_":"65 more keys: [\"cacheDir\",\"port\",\"requestedCapabilities\",\"automationProtocol\",\"baseUrl\",\"waitforInterval\",\"waitforTimeout\",\"onReload\",\"beforeCommand\",\"afterCommand\",\"rootDir\",\"specs\",\"suites\",\"exclude\",\"groupLogsByTestSpec\",\"excludeDriverLogs\",\"bail\",\"framework\",\"reporters\",\"services\",\"maxInstances\",\"maxInstancesPerCapability\",\"injectGlobals\",\"filesToWatch\",\"execArgv\",\"runnerEnv\",\"runner\",\"shard\",\"specFileRetries\",\"specFileRetriesDelay\",\"specFileRetriesDeferred\",\"reporterSyncInterval\",\"reporterSyncTimeout\",\"cucumberFeaturesWithLineNumbers\",\"autoCompileOpts\",\"mochaOpts\",\"jasmineOpts\",\"cucumberOpts\",\"onPrepare\",\"onWorkerStart\",\"onWorkerEnd\",\"before\",\"beforeSession\",\"beforeSuite\",\"beforeHook\",\"beforeTest\",\"afterTest\",\"afterHook\",\"afterSuite\",\"afterSession\",\"after\",\"onComplete\",\"beforeAssertion\",\"afterAssertion\",\"beforeFeature\",\"beforeScenario\",\"beforeStep\",\"afterStep\",\"afterScenario\",\"afterFeature\",\"_\",\"suite\",\"$0\",\"ignoredWorkerServices\",\"wdi5\"]"}]}
COMMAND: POST /session/ed9e7a26acf6bcacb4d91d5d815b7bad/execute/async - {"script":"<script> [21126 bytes]","args":[35000]}
RESULT: {"script":"<script> [21126 bytes]","args":[35000]}
COMMAND: POST /session/ed9e7a26acf6bcacb4d91d5d815b7bad/window/fullscreen - {}
RESULT: {}
]]></system-out>
    </testcase>
  </testsuite>
  <testsuite timestamp="2025-05-15T16:49:57" time="399.962" tests="6" failures="0" errors="0" skipped="0">
    <properties>
      <property name="specId" value="0" />
      <property name="suiteName" value="Yard Overview Autoplanning US130989" />
      <property name="capabilities" value="chrome.136_0_7103_93.windows" />
      <property name="file" value="file:///D:/a/1/s/test/specs/HTR/yard-overview-autoplanning.spec.js" />
    </properties>
    <testcase classname="chrome.136_0_7103_93.windows.Yard_Overview_Autoplanning_US130989" name="Prereq Should create a new yard used for all following tests" time="0.015">
      <system-out><![CDATA[
COMMAND: POST /session/ed9e7a26acf6bcacb4d91d5d815b7bad/window/fullscreen - {}
RESULT: {}
]]></system-out>
    </testcase>
    <testcase classname="chrome.136_0_7103_93.windows.Yard_Overview_Autoplanning_US130989" name="Prereq Should create a new partner" time="0.005" />
    <testcase classname="chrome.136_0_7103_93.windows.Yard_Overview_Autoplanning_US130989" name="Prereq Should create a new site" time="0.005" />
    <testcase classname="chrome.136_0_7103_93.windows.Yard_Overview_Autoplanning_US130989" name="Prereq Should create a new material with catalog selection" time="122.774">
      <system-out><![CDATA[
COMMAND: POST /session/ed9e7a26acf6bcacb4d91d5d815b7bad/execute/async - {"script":"<script> [1562 bytes]","args":[{"selector":{"controlType":"sap.m.GenericTile","properties":{"header":"Manage Resources"}},"wdio_ui5_key":"sapm.GenericTile{\"header\":\"Manage Resources\"}"}]}
RESULT: {"script":"<script> [1562 bytes]","args":[{"selector":{"controlType":"sap.m.GenericTile","properties":{"header":"Manage Resources"}},"wdio_ui5_key":"sapm.GenericTile{\"header\":\"Manage Resources\"}"}]}
RESULT: undefined
COMMAND: POST /session/ed9e7a26acf6bcacb4d91d5d815b7bad/element - {"using":"xpath","value":"//*[@id=\"__tile39\"]"}
RESULT: {"using":"xpath","value":"//*[@id=\"__tile39\"]"}
COMMAND: POST /session/ed9e7a26acf6bcacb4d91d5d815b7bad/element/f.3284FBD50136822B3404D64B74F3579B.d.EC47B4BD10F64CAB97E5F9CB67D1EA3B.e.5647/click - {}
RESULT: {}
COMMAND: GET /session/ed9e7a26acf6bcacb4d91d5d815b7bad/screenshot - {}
RESULT: {}
COMMAND: POST /session/ed9e7a26acf6bcacb4d91d5d815b7bad/elements - {"using":"xpath","value":"//span[text()='Error']"}
RESULT: {"using":"xpath","value":"//span[text()='Error']"}
COMMAND: POST /session/ed9e7a26acf6bcacb4d91d5d815b7bad/element - {"using":"xpath","value":"//button[@data-kt=\"addNewRUOverflowToolbarButton\"]"}
RESULT: {"using":"xpath","value":"//button[@data-kt=\"addNewRUOverflowToolbarButton\"]"}
COMMAND: POST /session/ed9e7a26acf6bcacb4d91d5d815b7bad/elements - {"using":"xpath","value":"//button[@data-kt=\"addNewRUOverflowToolbarButton\"]"}
RESULT: {"using":"xpath","value":"//button[@data-kt=\"addNewRUOverflowToolbarButton\"]"}
COMMAND: POST /session/ed9e7a26acf6bcacb4d91d5d815b7bad/execute/sync - {"script":"<script> [8489 bytes]","args":[{"element-6066-11e4-a52e-4f735466cecf":"f.3284FBD50136822B3404D64B74F3579B.d.EC47B4BD10F64CAB97E5F9CB67D1EA3B.e.5798","ELEMENT":"f.3284FBD50136822B3404D64B74F3579B.d.EC47B4BD10F64CAB97E5F9CB67D1EA3B.e.5798"}]}
RESULT: {"script":"<script> [8489 bytes]","args":[{"element-6066-11e4-a52e-4f735466cecf":"f.3284FBD50136822B3404D64B74F3579B.d.EC47B4BD10F64CAB97E5F9CB67D1EA3B.e.5798","ELEMENT":"f.3284FBD50136822B3404D64B74F3579B.d.EC47B4BD10F64CAB97E5F9CB67D1EA3B.e.5798"}]}
COMMAND: GET /session/ed9e7a26acf6bcacb4d91d5d815b7bad/element/f.3284FBD50136822B3404D64B74F3579B.d.EC47B4BD10F64CAB97E5F9CB67D1EA3B.e.5798/enabled - {}
COMMAND: GET /session/ed9e7a26acf6bcacb4d91d5d815b7bad/screenshot - {}
RESULT: {}
COMMAND: POST /session/ed9e7a26acf6bcacb4d91d5d815b7bad/execute/sync - {"script":"<script> [8489 bytes]","args":[{"element-6066-11e4-a52e-4f735466cecf":"f.3284FBD50136822B3404D64B74F3579B.d.EC47B4BD10F64CAB97E5F9CB67D1EA3B.e.5798","ELEMENT":"f.3284FBD50136822B3404D64B74F3579B.d.EC47B4BD10F64CAB97E5F9CB67D1EA3B.e.5798"}]}
COMMAND: GET /session/ed9e7a26acf6bcacb4d91d5d815b7bad/screenshot - {}
RESULT: {}
RESULT: {"script":"<script> [8489 bytes]","args":[{"element-6066-11e4-a52e-4f735466cecf":"f.3284FBD50136822B3404D64B74F3579B.d.EC47B4BD10F64CAB97E5F9CB67D1EA3B.e.5798","ELEMENT":"f.3284FBD50136822B3404D64B74F3579B.d.EC47B4BD10F64CAB97E5F9CB67D1EA3B.e.5798"}]}
COMMAND: POST /session/ed9e7a26acf6bcacb4d91d5d815b7bad/execute/sync - {"script":"<script> [5351 bytes]","args":[{"element-6066-11e4-a52e-4f735466cecf":"f.3284FBD50136822B3404D64B74F3579B.d.EC47B4BD10F64CAB97E5F9CB67D1EA3B.e.5798","ELEMENT":"f.3284FBD50136822B3404D64B74F3579B.d.EC47B4BD10F64CAB97E5F9CB67D1EA3B.e.5798"}]}
COMMAND: GET /session/ed9e7a26acf6bcacb4d91d5d815b7bad/screenshot - {}
RESULT: {}
RESULT: {"script":"<script> [5351 bytes]","args":[{"element-6066-11e4-a52e-4f735466cecf":"f.3284FBD50136822B3404D64B74F3579B.d.EC47B4BD10F64CAB97E5F9CB67D1EA3B.e.5798","ELEMENT":"f.3284FBD50136822B3404D64B74F3579B.d.EC47B4BD10F64CAB97E5F9CB67D1EA3B.e.5798"}]}
COMMAND: POST /session/ed9e7a26acf6bcacb4d91d5d815b7bad/element/f.3284FBD50136822B3404D64B74F3579B.d.EC47B4BD10F64CAB97E5F9CB67D1EA3B.e.5798/click - {}
COMMAND: GET /session/ed9e7a26acf6bcacb4d91d5d815b7bad/screenshot - {}
RESULT: {}
RESULT: {}
COMMAND: GET /session/ed9e7a26acf6bcacb4d91d5d815b7bad/screenshot - {}
RESULT: {}
COMMAND: POST /session/ed9e7a26acf6bcacb4d91d5d815b7bad/execute/async - {"script":"<script> [1562 bytes]","args":[{"selector":{"id":"application-manageresources-display-component---newResourceUnit--TYPE-arrow"},"wdio_ui5_key":"applicationmanageresources-display-component---newResourceUnit--TYPE-arrow"}]}
RESULT: {}
RESULT: {"script":"<script> [1562 bytes]","args":[{"selector":{"id":"application-manageresources-display-component---newResourceUnit--TYPE-arrow"},"wdio_ui5_key":"applicationmanageresources-display-component---newResourceUnit--TYPE-arrow"}]}
RESULT: undefined
COMMAND: POST /session/ed9e7a26acf6bcacb4d91d5d815b7bad/element - {"using":"xpath","value":"//*[@id=\"application-manageresources-display-component---newResourceUnit--TYPE-arrow\"]"}
RESULT: {"using":"xpath","value":"//*[@id=\"application-manageresources-display-component---newResourceUnit--TYPE-arrow\"]"}
COMMAND: POST /session/ed9e7a26acf6bcacb4d91d5d815b7bad/element/f.3284FBD50136822B3404D64B74F3579B.d.EC47B4BD10F64CAB97E5F9CB67D1EA3B.e.6147/click - {}
RESULT: {}
COMMAND: POST /session/ed9e7a26acf6bcacb4d91d5d815b7bad/element - {"using":"xpath","value":"//input[@id=\"application-manageresources-display-component---newResourceUnit--TYPE-inner\"]"}
COMMAND: GET /session/ed9e7a26acf6bcacb4d91d5d815b7bad/screenshot - {}
RESULT: {"using":"xpath","value":"//input[@id=\"application-manageresources-display-component---newResourceUnit--TYPE-inner\"]"}
COMMAND: POST /session/ed9e7a26acf6bcacb4d91d5d815b7bad/element/f.3284FBD50136822B3404D64B74F3579B.d.EC47B4BD10F64CAB97E5F9CB67D1EA3B.e.6141/clear - {}
RESULT: {}
RESULT: {}
COMMAND: POST /session/ed9e7a26acf6bcacb4d91d5d815b7bad/element/f.3284FBD50136822B3404D64B74F3579B.d.EC47B4BD10F64CAB97E5F9CB67D1EA3B.e.6141/value - {"text":"Material"}
COMMAND: GET /session/ed9e7a26acf6bcacb4d91d5d815b7bad/screenshot - {}
RESULT: {"text":"Material"}
COMMAND: GET /session/ed9e7a26acf6bcacb4d91d5d815b7bad/screenshot - {}
RESULT: {}
RESULT: {}
COMMAND: POST /session/ed9e7a26acf6bcacb4d91d5d815b7bad/actions - {"actions":[{"id":"action17","type":"key","parameters":{},"actions":[{"type":"keyDown","value":"î€‡"},{"type":"pause","duration":10},{"type":"keyUp","value":"î€‡"}]}]}
RESULT: {"actions":[{"id":"action17","type":"key","parameters":{},"actions":[{"type":"keyDown","value":"î€‡"},{"type":"pause","duration":10},{"type":"keyUp","value":"î€‡"}]}]}
COMMAND: POST /session/ed9e7a26acf6bcacb4d91d5d815b7bad/execute/async - {"script":"<script> [1562 bytes]","args":[{"selector":{"id":"application-manageresources-display-component---newResourceUnit--SHORT_TEXT","interaction":{"idSuffix":"inner"}},"wdio_ui5_key":"applicationmanageresources-display-component---newResourceUnit--SHORT_TEXT"}]}
COMMAND: GET /session/ed9e7a26acf6bcacb4d91d5d815b7bad/screenshot - {}
RESULT: {"script":"<script> [1562 bytes]","args":[{"selector":{"id":"application-manageresources-display-component---newResourceUnit--SHORT_TEXT","interaction":{"idSuffix":"inner"}},"wdio_ui5_key":"applicationmanageresources-display-component---newResourceUnit--SHORT_TEXT"}]}
RESULT: undefined
COMMAND: POST /session/ed9e7a26acf6bcacb4d91d5d815b7bad/execute/async - {"script":"<script> [776 bytes]","args":[{"enterText":"Cement WDIO","selector":{"id":"application-manageresources-display-component---newResourceUnit--SHORT_TEXT","interaction":{"idSuffix":"inner"}},"clearTextFirst":true,"interactionType":"ENTER_TEXT"}]}
RESULT: {}
RESULT: {"script":"<script> [776 bytes]","args":[{"enterText":"Cement WDIO","selector":{"id":"application-manageresources-display-component---newResourceUnit--SHORT_TEXT","interaction":{"idSuffix":"inner"}},"clearTextFirst":true,"interactionType":"ENTER_TEXT"}]}
COMMAND: POST /session/ed9e7a26acf6bcacb4d91d5d815b7bad/execute/async - {"script":"<script> [1562 bytes]","args":[{"selector":{"id":"application-manageresources-display-component---newResourceUnit--BASE_UNIT_OF_MEASURE","interaction":{"idSuffix":"inner"}},"wdio_ui5_key":"applicationmanageresources-display-component---newResourceUnit--BASE_UNIT_OF_MEASURE"}]}
RESULT: {"script":"<script> [1562 bytes]","args":[{"selector":{"id":"application-manageresources-display-component---newResourceUnit--BASE_UNIT_OF_MEASURE","interaction":{"idSuffix":"inner"}},"wdio_ui5_key":"applicationmanageresources-display-component---newResourceUnit--BASE_UNIT_OF_MEASURE"}]}
RESULT: undefined
COMMAND: POST /session/ed9e7a26acf6bcacb4d91d5d815b7bad/execute/async - {"script":"<script> [776 bytes]","args":[{"enterText":"Piece","selector":{"id":"application-manageresources-display-component---newResourceUnit--BASE_UNIT_OF_MEASURE","interaction":{"idSuffix":"inner"}},"clearTextFirst":true,"interactionType":"ENTER_TEXT"}]}
RESULT: {"script":"<script> [776 bytes]","args":[{"enterText":"Piece","selector":{"id":"application-manageresources-display-component---newResourceUnit--BASE_UNIT_OF_MEASURE","interaction":{"idSuffix":"inner"}},"clearTextFirst":true,"interactionType":"ENTER_TEXT"}]}
COMMAND: POST /session/ed9e7a26acf6bcacb4d91d5d815b7bad/execute/async - {"script":"<script> [1562 bytes]","args":[{"selector":{"id":"application-manageresources-display-component---newResourceUnit--WEIGHT_UNIT","interaction":{"idSuffix":"inner"}},"wdio_ui5_key":"applicationmanageresources-display-component---newResourceUnit--WEIGHT_UNIT"}]}
RESULT: {"script":"<script> [1562 bytes]","args":[{"selector":{"id":"application-manageresources-display-component---newResourceUnit--WEIGHT_UNIT","interaction":{"idSuffix":"inner"}},"wdio_ui5_key":"applicationmanageresources-display-component---newResourceUnit--WEIGHT_UNIT"}]}
RESULT: undefined
COMMAND: POST /session/ed9e7a26acf6bcacb4d91d5d815b7bad/execute/async - {"script":"<script> [776 bytes]","args":[{"enterText":"Gram","selector":{"id":"application-manageresources-display-component---newResourceUnit--WEIGHT_UNIT","interaction":{"idSuffix":"inner"}},"clearTextFirst":true,"interactionType":"ENTER_TEXT"}]}
RESULT: {"script":"<script> [776 bytes]","args":[{"enterText":"Gram","selector":{"id":"application-manageresources-display-component---newResourceUnit--WEIGHT_UNIT","interaction":{"idSuffix":"inner"}},"clearTextFirst":true,"interactionType":"ENTER_TEXT"}]}
COMMAND: POST /session/ed9e7a26acf6bcacb4d91d5d815b7bad/execute/async - {"script":"<script> [1562 bytes]","args":[{"selector":{"id":"application-manageresources-display-component---newResourceUnit--DIMENSION_UNIT","interaction":{"idSuffix":"inner"}},"wdio_ui5_key":"applicationmanageresources-display-component---newResourceUnit--DIMENSION_UNIT"}]}
RESULT: {"script":"<script> [1562 bytes]","args":[{"selector":{"id":"application-manageresources-display-component---newResourceUnit--DIMENSION_UNIT","interaction":{"idSuffix":"inner"}},"wdio_ui5_key":"applicationmanageresources-display-component---newResourceUnit--DIMENSION_UNIT"}]}
RESULT: undefined
COMMAND: POST /session/ed9e7a26acf6bcacb4d91d5d815b7bad/execute/async - {"script":"<script> [776 bytes]","args":[{"enterText":"Meter","selector":{"id":"application-manageresources-display-component---newResourceUnit--DIMENSION_UNIT","interaction":{"idSuffix":"inner"}},"clearTextFirst":true,"interactionType":"ENTER_TEXT"}]}
RESULT: {"script":"<script> [776 bytes]","args":[{"enterText":"Meter","selector":{"id":"application-manageresources-display-component---newResourceUnit--DIMENSION_UNIT","interaction":{"idSuffix":"inner"}},"clearTextFirst":true,"interactionType":"ENTER_TEXT"}]}
COMMAND: POST /session/ed9e7a26acf6bcacb4d91d5d815b7bad/execute/async - {"script":"<script> [1562 bytes]","args":[{"selector":{"id":"application-manageresources-display-component---newResourceUnit--newRRUPage-anchBar-application-manageresources-display-component---newResourceUnit--control-anchor","interaction":{"idSuffix":"BDI-content"}},"wdio_ui5_key":"applicationmanageresources-display-component---newResourceUnit--newRRUPage-anchBar-application-manageresources-display-component---newResourceUnit--control-anchor"}]}
RESULT: {"script":"<script> [1562 bytes]","args":[{"selector":{"id":"application-manageresources-display-component---newResourceUnit--newRRUPage-anchBar-application-manageresources-display-component---newResourceUnit--control-anchor","interaction":{"idSuffix":"BDI-content"}},"wdio_ui5_key":"applicationmanageresources-display-component---newResourceUnit--newRRUPage-anchBar-application-manageresources-display-component---newResourceUnit--control-anchor"}]}
RESULT: undefined
COMMAND: POST /session/ed9e7a26acf6bcacb4d91d5d815b7bad/element - {"using":"xpath","value":"//*[@id=\"application-manageresources-display-component---newResourceUnit--newRRUPage-anchBar-application-manageresources-display-component---newResourceUnit--control-anchor\"]"}
RESULT: {"using":"xpath","value":"//*[@id=\"application-manageresources-display-component---newResourceUnit--newRRUPage-anchBar-application-manageresources-display-component---newResourceUnit--control-anchor\"]"}
COMMAND: POST /session/ed9e7a26acf6bcacb4d91d5d815b7bad/element/f.3284FBD50136822B3404D64B74F3579B.d.EC47B4BD10F64CAB97E5F9CB67D1EA3B.e.6213/click - {}
RESULT: {}
COMMAND: POST /session/ed9e7a26acf6bcacb4d91d5d815b7bad/execute/async - {"script":"<script> [1562 bytes]","args":[{"selector":{"id":"application-manageresources-display-component---newResourceUnit--PLANNING_GROUP","interaction":{"idSuffix":"inner"}},"wdio_ui5_key":"applicationmanageresources-display-component---newResourceUnit--PLANNING_GROUP"}]}
COMMAND: GET /session/ed9e7a26acf6bcacb4d91d5d815b7bad/screenshot - {}
RESULT: {"script":"<script> [1562 bytes]","args":[{"selector":{"id":"application-manageresources-display-component---newResourceUnit--PLANNING_GROUP","interaction":{"idSuffix":"inner"}},"wdio_ui5_key":"applicationmanageresources-display-component---newResourceUnit--PLANNING_GROUP"}]}
RESULT: undefined
COMMAND: POST /session/ed9e7a26acf6bcacb4d91d5d815b7bad/execute/async - {"script":"<script> [776 bytes]","args":[{"enterText":"Material","selector":{"id":"application-manageresources-display-component---newResourceUnit--PLANNING_GROUP","interaction":{"idSuffix":"inner"}},"clearTextFirst":true,"interactionType":"ENTER_TEXT"}]}
RESULT: {}
RESULT: {"script":"<script> [776 bytes]","args":[{"enterText":"Material","selector":{"id":"application-manageresources-display-component---newResourceUnit--PLANNING_GROUP","interaction":{"idSuffix":"inner"}},"clearTextFirst":true,"interactionType":"ENTER_TEXT"}]}
COMMAND: POST /session/ed9e7a26acf6bcacb4d91d5d815b7bad/execute/async - {"script":"<script> [1562 bytes]","args":[{"selector":{"id":"application-manageresources-display-component---newResourceUnit--PLANNING_INDICATOR","interaction":{"idSuffix":"inner"}},"wdio_ui5_key":"applicationmanageresources-display-component---newResourceUnit--PLANNING_INDICATOR"}]}
RESULT: {"script":"<script> [1562 bytes]","args":[{"selector":{"id":"application-manageresources-display-component---newResourceUnit--PLANNING_INDICATOR","interaction":{"idSuffix":"inner"}},"wdio_ui5_key":"applicationmanageresources-display-component---newResourceUnit--PLANNING_INDICATOR"}]}
RESULT: undefined
COMMAND: POST /session/ed9e7a26acf6bcacb4d91d5d815b7bad/execute/async - {"script":"<script> [776 bytes]","args":[{"enterText":"10 - infinite","selector":{"id":"application-manageresources-display-component---newResourceUnit--PLANNING_INDICATOR","interaction":{"idSuffix":"inner"}},"clearTextFirst":true,"interactionType":"ENTER_TEXT"}]}
RESULT: {"script":"<script> [776 bytes]","args":[{"enterText":"10 - infinite","selector":{"id":"application-manageresources-display-component---newResourceUnit--PLANNING_INDICATOR","interaction":{"idSuffix":"inner"}},"clearTextFirst":true,"interactionType":"ENTER_TEXT"}]}
COMMAND: POST /session/ed9e7a26acf6bcacb4d91d5d815b7bad/element - {"using":"css selector","value":"#application-manageresources-display-component---newResourceUnit--btnAddTimeSegment"}
RESULT: {"using":"css selector","value":"#application-manageresources-display-component---newResourceUnit--btnAddTimeSegment"}
COMMAND: GET /session/ed9e7a26acf6bcacb4d91d5d815b7bad/element/f.3284FBD50136822B3404D64B74F3579B.d.EC47B4BD10F64CAB97E5F9CB67D1EA3B.e.6221/rect - {}
RESULT: {}
COMMAND: GET /session/ed9e7a26acf6bcacb4d91d5d815b7bad/window/rect - {}
RESULT: {}
COMMAND: POST /session/ed9e7a26acf6bcacb4d91d5d815b7bad/execute/sync - {"script":"<script> [92 bytes]","args":[]}
RESULT: {"script":"<script> [92 bytes]","args":[]}
COMMAND: POST /session/ed9e7a26acf6bcacb4d91d5d815b7bad/actions - {"actions":[{"id":"action18","type":"wheel","parameters":{},"actions":[{"type":"scroll","x":-1888,"y":-32,"deltaX":0,"deltaY":0,"duration":0,"origin":{"element-6066-11e4-a52e-4f735466cecf":"f.3284FBD50136822B3404D64B74F3579B.d.EC47B4BD10F64CAB97E5F9CB67D1EA3B.e.6221"}}]}]}
COMMAND: GET /session/ed9e7a26acf6bcacb4d91d5d815b7bad/screenshot - {}
RESULT: {}
COMMAND: POST /session/ed9e7a26acf6bcacb4d91d5d815b7bad/execute/sync - {"script":"<script> [79 bytes]","args":[{"element-6066-11e4-a52e-4f735466cecf":"f.3284FBD50136822B3404D64B74F3579B.d.EC47B4BD10F64CAB97E5F9CB67D1EA3B.e.6221","ELEMENT":"f.3284FBD50136822B3404D64B74F3579B.d.EC47B4BD10F64CAB97E5F9CB67D1EA3B.e.6221"},{"block":"start","inline":"nearest"}]}
RESULT: {"script":"<script> [79 bytes]","args":[{"element-6066-11e4-a52e-4f735466cecf":"f.3284FBD50136822B3404D64B74F3579B.d.EC47B4BD10F64CAB97E5F9CB67D1EA3B.e.6221","ELEMENT":"f.3284FBD50136822B3404D64B74F3579B.d.EC47B4BD10F64CAB97E5F9CB67D1EA3B.e.6221"},{"block":"start","inline":"nearest"}]}
COMMAND: POST /session/ed9e7a26acf6bcacb4d91d5d815b7bad/execute/async - {"script":"<script> [1562 bytes]","args":[{"selector":{"id":"application-manageresources-display-component---newResourceUnit--btnAddTimeSegment","interaction":{"idSuffix":"inner"}},"wdio_ui5_key":"applicationmanageresources-display-component---newResourceUnit--btnAddTimeSegment"}]}
COMMAND: GET /session/ed9e7a26acf6bcacb4d91d5d815b7bad/screenshot - {}
RESULT: {"script":"<script> [1562 bytes]","args":[{"selector":{"id":"application-manageresources-display-component---newResourceUnit--btnAddTimeSegment","interaction":{"idSuffix":"inner"}},"wdio_ui5_key":"applicationmanageresources-display-component---newResourceUnit--btnAddTimeSegment"}]}
RESULT: undefined
COMMAND: POST /session/ed9e7a26acf6bcacb4d91d5d815b7bad/element - {"using":"xpath","value":"//*[@id=\"application-manageresources-display-component---newResourceUnit--btnAddTimeSegment\"]"}
RESULT: {}
RESULT: {"using":"xpath","value":"//*[@id=\"application-manageresources-display-component---newResourceUnit--btnAddTimeSegment\"]"}
COMMAND: POST /session/ed9e7a26acf6bcacb4d91d5d815b7bad/element/f.3284FBD50136822B3404D64B74F3579B.d.EC47B4BD10F64CAB97E5F9CB67D1EA3B.e.6221/click - {}
RESULT: {}
COMMAND: GET /session/ed9e7a26acf6bcacb4d91d5d815b7bad/screenshot - {}
RESULT: {}
COMMAND: POST /session/ed9e7a26acf6bcacb4d91d5d815b7bad/element - {"using":"xpath","value":"//input[@id=\"application-manageresources-display-component---newResourceUnit--idRuTSAdmin-application-manageresources-display-component---newResourceUnit--RUTimeSegment-0-inner\"]"}
RESULT: {"using":"xpath","value":"//input[@id=\"application-manageresources-display-component---newResourceUnit--idRuTSAdmin-application-manageresources-display-component---newResourceUnit--RUTimeSegment-0-inner\"]"}
COMMAND: POST /session/ed9e7a26acf6bcacb4d91d5d815b7bad/element/f.3284FBD50136822B3404D64B74F3579B.d.EC47B4BD10F64CAB97E5F9CB67D1EA3B.e.6226/clear - {}
RESULT: {}
COMMAND: POST /session/ed9e7a26acf6bcacb4d91d5d815b7bad/element/f.3284FBD50136822B3404D64B74F3579B.d.EC47B4BD10F64CAB97E5F9CB67D1EA3B.e.6226/value - {"text":"405"}
COMMAND: GET /session/ed9e7a26acf6bcacb4d91d5d815b7bad/screenshot - {}
RESULT: {"text":"405"}
COMMAND: GET /session/ed9e7a26acf6bcacb4d91d5d815b7bad/screenshot - {}
RESULT: {}
RESULT: {}
COMMAND: POST /session/ed9e7a26acf6bcacb4d91d5d815b7bad/element - {"using":"xpath","value":"//li[.//span[text()='405']]"}
RESULT: {"using":"xpath","value":"//li[.//span[text()='405']]"}
COMMAND: POST /session/ed9e7a26acf6bcacb4d91d5d815b7bad/element/f.3284FBD50136822B3404D64B74F3579B.d.EC47B4BD10F64CAB97E5F9CB67D1EA3B.e.6235/click - {}
RESULT: {}
COMMAND: GET /session/ed9e7a26acf6bcacb4d91d5d815b7bad/screenshot - {}
RESULT: {}
COMMAND: POST /session/ed9e7a26acf6bcacb4d91d5d815b7bad/element - {"using":"xpath","value":"//*[contains(text(), \"Catalogs\")][contains(@id ,\"application-manageresources-display-component---newResourceUnit--newRRUPage-anchBar\")]"}
RESULT: {"using":"xpath","value":"//*[contains(text(), \"Catalogs\")][contains(@id ,\"application-manageresources-display-component---newResourceUnit--newRRUPage-anchBar\")]"}
COMMAND: POST /session/ed9e7a26acf6bcacb4d91d5d815b7bad/element/f.3284FBD50136822B3404D64B74F3579B.d.EC47B4BD10F64CAB97E5F9CB67D1EA3B.e.6236/click - {}
RESULT: {}
COMMAND: GET /session/ed9e7a26acf6bcacb4d91d5d815b7bad/screenshot - {}
RESULT: {}
COMMAND: POST /session/ed9e7a26acf6bcacb4d91d5d815b7bad/element - {"using":"xpath","value":"//*[contains(text(), \"Assign\")][contains(@id ,\"button\")]"}
RESULT: {"using":"xpath","value":"//*[contains(text(), \"Assign\")][contains(@id ,\"button\")]"}
COMMAND: POST /session/ed9e7a26acf6bcacb4d91d5d815b7bad/element/f.3284FBD50136822B3404D64B74F3579B.d.EC47B4BD10F64CAB97E5F9CB67D1EA3B.e.6240/click - {}
RESULT: {}
COMMAND: GET /session/ed9e7a26acf6bcacb4d91d5d815b7bad/screenshot - {}
RESULT: {}
COMMAND: POST /session/ed9e7a26acf6bcacb4d91d5d815b7bad/element - {"using":"xpath","value":"//span[@id = \"application-manageresources-display-component---newResourceUnit--catalogSelect-arrow\"]"}
RESULT: {"using":"xpath","value":"//span[@id = \"application-manageresources-display-component---newResourceUnit--catalogSelect-arrow\"]"}
COMMAND: POST /session/ed9e7a26acf6bcacb4d91d5d815b7bad/element/f.3284FBD50136822B3404D64B74F3579B.d.EC47B4BD10F64CAB97E5F9CB67D1EA3B.e.6248/click - {}
RESULT: {}
COMMAND: GET /session/ed9e7a26acf6bcacb4d91d5d815b7bad/screenshot - {}
RESULT: {}
COMMAND: POST /session/ed9e7a26acf6bcacb4d91d5d815b7bad/element - {"using":"xpath","value":"//li[.//span[text()=\"Webshop Catalog\"]]"}
RESULT: {"using":"xpath","value":"//li[.//span[text()=\"Webshop Catalog\"]]"}
COMMAND: POST /session/ed9e7a26acf6bcacb4d91d5d815b7bad/element/f.3284FBD50136822B3404D64B74F3579B.d.EC47B4BD10F64CAB97E5F9CB67D1EA3B.e.6249/click - {}
RESULT: {}
COMMAND: GET /session/ed9e7a26acf6bcacb4d91d5d815b7bad/screenshot - {}
RESULT: {}
COMMAND: POST /session/ed9e7a26acf6bcacb4d91d5d815b7bad/element - {"using":"xpath","value":"//span[@id = \"application-manageresources-display-component---newResourceUnit--catalogItemSelect-arrow\"]"}
RESULT: {"using":"xpath","value":"//span[@id = \"application-manageresources-display-component---newResourceUnit--catalogItemSelect-arrow\"]"}
COMMAND: POST /session/ed9e7a26acf6bcacb4d91d5d815b7bad/element/f.3284FBD50136822B3404D64B74F3579B.d.EC47B4BD10F64CAB97E5F9CB67D1EA3B.e.6250/click - {}
RESULT: {}
COMMAND: GET /session/ed9e7a26acf6bcacb4d91d5d815b7bad/screenshot - {}
RESULT: {}
COMMAND: POST /session/ed9e7a26acf6bcacb4d91d5d815b7bad/element - {"using":"xpath","value":"//li[.//span[text()=\"Concert - Concert \"]]"}
RESULT: {"using":"xpath","value":"//li[.//span[text()=\"Concert - Concert \"]]"}
COMMAND: POST /session/ed9e7a26acf6bcacb4d91d5d815b7bad/element/f.3284FBD50136822B3404D64B74F3579B.d.EC47B4BD10F64CAB97E5F9CB67D1EA3B.e.6251/click - {}
RESULT: {}
COMMAND: GET /session/ed9e7a26acf6bcacb4d91d5d815b7bad/screenshot - {}
RESULT: {}
COMMAND: POST /session/ed9e7a26acf6bcacb4d91d5d815b7bad/execute/async - {"script":"<script> [1562 bytes]","args":[{"selector":{"id":"application-manageresources-display-component---newResourceUnit--RUAssignmentSaveButton","searchOpenDialogs":true,"interaction":{"idSuffix":"BDI-content"}},"wdio_ui5_key":"applicationmanageresources-display-component---newResourceUnit--RUAssignmentSaveButton"}]}
RESULT: {"script":"<script> [1562 bytes]","args":[{"selector":{"id":"application-manageresources-display-component---newResourceUnit--RUAssignmentSaveButton","searchOpenDialogs":true,"interaction":{"idSuffix":"BDI-content"}},"wdio_ui5_key":"applicationmanageresources-display-component---newResourceUnit--RUAssignmentSaveButton"}]}
RESULT: undefined
COMMAND: POST /session/ed9e7a26acf6bcacb4d91d5d815b7bad/element - {"using":"xpath","value":"//*[@id=\"application-manageresources-display-component---newResourceUnit--RUAssignmentSaveButton\"]"}
RESULT: {"using":"xpath","value":"//*[@id=\"application-manageresources-display-component---newResourceUnit--RUAssignmentSaveButton\"]"}
COMMAND: POST /session/ed9e7a26acf6bcacb4d91d5d815b7bad/element/f.3284FBD50136822B3404D64B74F3579B.d.EC47B4BD10F64CAB97E5F9CB67D1EA3B.e.6269/click - {}
RESULT: {}
COMMAND: GET /session/ed9e7a26acf6bcacb4d91d5d815b7bad/screenshot - {}
RESULT: {}
COMMAND: POST /session/ed9e7a26acf6bcacb4d91d5d815b7bad/element - {"using":"xpath","value":"//button[@data-kt=\"resourceUnitSaveButton\"]"}
RESULT: {"using":"xpath","value":"//button[@data-kt=\"resourceUnitSaveButton\"]"}
COMMAND: POST /session/ed9e7a26acf6bcacb4d91d5d815b7bad/element/f.3284FBD50136822B3404D64B74F3579B.d.EC47B4BD10F64CAB97E5F9CB67D1EA3B.e.6166/click - {}
RESULT: {}
COMMAND: GET /session/ed9e7a26acf6bcacb4d91d5d815b7bad/screenshot - {}
RESULT: {}
COMMAND: POST /session/ed9e7a26acf6bcacb4d91d5d815b7bad/element - {"using":"xpath","value":"//bdi[contains(text(), \"Close\")]"}
RESULT: {"using":"xpath","value":"//bdi[contains(text(), \"Close\")]"}
COMMAND: POST /session/ed9e7a26acf6bcacb4d91d5d815b7bad/element/f.3284FBD50136822B3404D64B74F3579B.d.EC47B4BD10F64CAB97E5F9CB67D1EA3B.e.6273/click - {}
RESULT: {}
COMMAND: GET /session/ed9e7a26acf6bcacb4d91d5d815b7bad/screenshot - {}
RESULT: {}
COMMAND: POST /session/ed9e7a26acf6bcacb4d91d5d815b7bad/element - {"using":"xpath","value":"//header[contains(@id, 'detailRruPage-headerTitle')]/div[1]/div[2]/div[2]/span[1]"}
RESULT: {"using":"xpath","value":"//header[contains(@id, 'detailRruPage-headerTitle')]/div[1]/div[2]/div[2]/span[1]"}
COMMAND: POST /session/ed9e7a26acf6bcacb4d91d5d815b7bad/elements - {"using":"xpath","value":"//header[contains(@id, 'detailRruPage-headerTitle')]/div[1]/div[2]/div[2]/span[1]"}
RESULT: {"using":"xpath","value":"//header[contains(@id, 'detailRruPage-headerTitle')]/div[1]/div[2]/div[2]/span[1]"}
COMMAND: POST /session/ed9e7a26acf6bcacb4d91d5d815b7bad/execute/sync - {"script":"<script> [56 bytes]","args":[{"element-6066-11e4-a52e-4f735466cecf":"f.3284FBD50136822B3404D64B74F3579B.d.EC47B4BD10F64CAB97E5F9CB67D1EA3B.e.6304","ELEMENT":"f.3284FBD50136822B3404D64B74F3579B.d.EC47B4BD10F64CAB97E5F9CB67D1EA3B.e.6304"}]}
RESULT: {"script":"<script> [56 bytes]","args":[{"element-6066-11e4-a52e-4f735466cecf":"f.3284FBD50136822B3404D64B74F3579B.d.EC47B4BD10F64CAB97E5F9CB67D1EA3B.e.6304","ELEMENT":"f.3284FBD50136822B3404D64B74F3579B.d.EC47B4BD10F64CAB97E5F9CB67D1EA3B.e.6304"}]}
COMMAND: POST /session/ed9e7a26acf6bcacb4d91d5d815b7bad/element - {"using":"css selector","value":"#shell-header-logo"}
COMMAND: GET /session/ed9e7a26acf6bcacb4d91d5d815b7bad/screenshot - {}
RESULT: {"using":"css selector","value":"#shell-header-logo"}
COMMAND: POST /session/ed9e7a26acf6bcacb4d91d5d815b7bad/element/f.3284FBD50136822B3404D64B74F3579B.d.EC47B4BD10F64CAB97E5F9CB67D1EA3B.e.5756/click - {}
RESULT: {}
RESULT: {}
COMMAND: GET /session/ed9e7a26acf6bcacb4d91d5d815b7bad/screenshot - {}
RESULT: {}
]]></system-out>
    </testcase>
    <testcase classname="chrome.136_0_7103_93.windows.Yard_Overview_Autoplanning_US130989" name="Should create a new request and add the material" time="92.404">
      <system-out><![CDATA[
COMMAND: POST /session/ed9e7a26acf6bcacb4d91d5d815b7bad/execute/async - {"script":"<script> [1562 bytes]","args":[{"selector":{"controlType":"sap.m.GenericTile","properties":{"header":"Manage Requests"}},"wdio_ui5_key":"sapm.GenericTile{\"header\":\"Manage Requests\"}"}]}
RESULT: {"script":"<script> [1562 bytes]","args":[{"selector":{"controlType":"sap.m.GenericTile","properties":{"header":"Manage Requests"}},"wdio_ui5_key":"sapm.GenericTile{\"header\":\"Manage Requests\"}"}]}
RESULT: undefined
COMMAND: POST /session/ed9e7a26acf6bcacb4d91d5d815b7bad/element - {"using":"xpath","value":"//*[@id=\"__tile47\"]"}
RESULT: {"using":"xpath","value":"//*[@id=\"__tile47\"]"}
COMMAND: POST /session/ed9e7a26acf6bcacb4d91d5d815b7bad/element/f.3284FBD50136822B3404D64B74F3579B.d.EC47B4BD10F64CAB97E5F9CB67D1EA3B.e.5742/click - {}
RESULT: {}
COMMAND: GET /session/ed9e7a26acf6bcacb4d91d5d815b7bad/screenshot - {}
RESULT: {}
COMMAND: POST /session/ed9e7a26acf6bcacb4d91d5d815b7bad/elements - {"using":"xpath","value":"//span[text()='Error']"}
RESULT: {"using":"xpath","value":"//span[text()='Error']"}
COMMAND: POST /session/ed9e7a26acf6bcacb4d91d5d815b7bad/execute/async - {"script":"<script> [1562 bytes]","args":[{"selector":{"id":"btnCreateNew","viewName":"etm.portal.ui.managerequests.view.Master","interaction":{"idSuffix":"inner"}},"wdio_ui5_key":"btnCreateNewetmportal.ui.managerequests.view.Master"}]}
RESULT: {"script":"<script> [1562 bytes]","args":[{"selector":{"id":"btnCreateNew","viewName":"etm.portal.ui.managerequests.view.Master","interaction":{"idSuffix":"inner"}},"wdio_ui5_key":"btnCreateNewetmportal.ui.managerequests.view.Master"}]}
RESULT: undefined
COMMAND: POST /session/ed9e7a26acf6bcacb4d91d5d815b7bad/element - {"using":"xpath","value":"//*[@id=\"__xmlview58--btnCreateNew\"]"}
RESULT: {"using":"xpath","value":"//*[@id=\"__xmlview58--btnCreateNew\"]"}
COMMAND: POST /session/ed9e7a26acf6bcacb4d91d5d815b7bad/element/f.3284FBD50136822B3404D64B74F3579B.d.EC47B4BD10F64CAB97E5F9CB67D1EA3B.e.6363/click - {}
RESULT: {}
COMMAND: GET /session/ed9e7a26acf6bcacb4d91d5d815b7bad/screenshot - {}
RESULT: {}
COMMAND: POST /session/ed9e7a26acf6bcacb4d91d5d815b7bad/execute/async - {"script":"<script> [1562 bytes]","args":[{"selector":{"controlType":"sap.ui.core.Icon","viewName":"etm.portal.ui.managerequests.view.NewRequest","properties":{"src":{"regex":{"source":"full\\-screen"}}}},"wdio_ui5_key":"etmportal.ui.managerequests.view.NewRequestsap.ui.core.Icon{\"src\":{\"regex\":{\"source\":\"full\\\\-screen\"}}}"}]}
RESULT: {"script":"<script> [1562 bytes]","args":[{"selector":{"controlType":"sap.ui.core.Icon","viewName":"etm.portal.ui.managerequests.view.NewRequest","properties":{"src":{"regex":{"source":"full\\-screen"}}}},"wdio_ui5_key":"etmportal.ui.managerequests.view.NewRequestsap.ui.core.Icon{\"src\":{\"regex\":{\"source\":\"full\\\\-screen\"}}}"}]}
RESULT: undefined
COMMAND: POST /session/ed9e7a26acf6bcacb4d91d5d815b7bad/element - {"using":"xpath","value":"//*[@id=\"__button71-img\"]"}
RESULT: {"using":"xpath","value":"//*[@id=\"__button71-img\"]"}
COMMAND: POST /session/ed9e7a26acf6bcacb4d91d5d815b7bad/element/f.3284FBD50136822B3404D64B74F3579B.d.EC47B4BD10F64CAB97E5F9CB67D1EA3B.e.6515/click - {}
RESULT: {}
COMMAND: GET /session/ed9e7a26acf6bcacb4d91d5d815b7bad/screenshot - {}
RESULT: {}
COMMAND: POST /session/ed9e7a26acf6bcacb4d91d5d815b7bad/element - {"using":"xpath","value":"//input[contains(@id ,\"yardId-inner\")]"}
RESULT: {"using":"xpath","value":"//input[contains(@id ,\"yardId-inner\")]"}
COMMAND: POST /session/ed9e7a26acf6bcacb4d91d5d815b7bad/element/f.3284FBD50136822B3404D64B74F3579B.d.EC47B4BD10F64CAB97E5F9CB67D1EA3B.e.6430/value - {"text":"405"}
RESULT: {"text":"405"}
COMMAND: GET /session/ed9e7a26acf6bcacb4d91d5d815b7bad/screenshot - {}
RESULT: {}
COMMAND: POST /session/ed9e7a26acf6bcacb4d91d5d815b7bad/element - {"using":"xpath","value":"//li[.//span[text()='405']]"}
RESULT: {"using":"xpath","value":"//li[.//span[text()='405']]"}
COMMAND: POST /session/ed9e7a26acf6bcacb4d91d5d815b7bad/element/f.3284FBD50136822B3404D64B74F3579B.d.EC47B4BD10F64CAB97E5F9CB67D1EA3B.e.6832/click - {}
RESULT: {}
COMMAND: GET /session/ed9e7a26acf6bcacb4d91d5d815b7bad/screenshot - {}
RESULT: {}
COMMAND: POST /session/ed9e7a26acf6bcacb4d91d5d815b7bad/element - {"using":"xpath","value":"//input[contains(@id ,\"customerNumber-inner\")]"}
RESULT: {"using":"xpath","value":"//input[contains(@id ,\"customerNumber-inner\")]"}
COMMAND: POST /session/ed9e7a26acf6bcacb4d91d5d815b7bad/element/f.3284FBD50136822B3404D64B74F3579B.d.EC47B4BD10F64CAB97E5F9CB67D1EA3B.e.6426/clear - {}
RESULT: {}
COMMAND: POST /session/ed9e7a26acf6bcacb4d91d5d815b7bad/element/f.3284FBD50136822B3404D64B74F3579B.d.EC47B4BD10F64CAB97E5F9CB67D1EA3B.e.6426/value - {"text":"1217"}
COMMAND: GET /session/ed9e7a26acf6bcacb4d91d5d815b7bad/screenshot - {}
RESULT: {"text":"1217"}
COMMAND: GET /session/ed9e7a26acf6bcacb4d91d5d815b7bad/screenshot - {}
RESULT: {}
RESULT: {}
COMMAND: POST /session/ed9e7a26acf6bcacb4d91d5d815b7bad/element - {"using":"xpath","value":"//li[.//span[text()='1217']]"}
RESULT: {"using":"xpath","value":"//li[.//span[text()='1217']]"}
COMMAND: POST /session/ed9e7a26acf6bcacb4d91d5d815b7bad/element/f.3284FBD50136822B3404D64B74F3579B.d.EC47B4BD10F64CAB97E5F9CB67D1EA3B.e.6834/click - {}
RESULT: {}
COMMAND: GET /session/ed9e7a26acf6bcacb4d91d5d815b7bad/screenshot - {}
RESULT: {}
COMMAND: POST /session/ed9e7a26acf6bcacb4d91d5d815b7bad/element - {"using":"xpath","value":"//button[contains(@id ,\"btnAddTableRow\")]"}
RESULT: {"using":"xpath","value":"//button[contains(@id ,\"btnAddTableRow\")]"}
COMMAND: POST /session/ed9e7a26acf6bcacb4d91d5d815b7bad/element/f.3284FBD50136822B3404D64B74F3579B.d.EC47B4BD10F64CAB97E5F9CB67D1EA3B.e.6715/click - {}
RESULT: {}
COMMAND: GET /session/ed9e7a26acf6bcacb4d91d5d815b7bad/screenshot - {}
RESULT: {}
COMMAND: POST /session/ed9e7a26acf6bcacb4d91d5d815b7bad/actions - {"actions":[{"id":"action19","type":"key","parameters":{},"actions":[{"type":"keyDown","value":"î€•"},{"type":"pause","duration":10},{"type":"keyUp","value":"î€•"}]}]}
RESULT: {"actions":[{"id":"action19","type":"key","parameters":{},"actions":[{"type":"keyDown","value":"î€•"},{"type":"pause","duration":10},{"type":"keyUp","value":"î€•"}]}]}
COMMAND: POST /session/ed9e7a26acf6bcacb4d91d5d815b7bad/actions - {"actions":[{"id":"action20","type":"key","parameters":{},"actions":[{"type":"keyDown","value":"î€‡"},{"type":"pause","duration":10},{"type":"keyUp","value":"î€‡"}]}]}
COMMAND: GET /session/ed9e7a26acf6bcacb4d91d5d815b7bad/screenshot - {}
RESULT: {"actions":[{"id":"action20","type":"key","parameters":{},"actions":[{"type":"keyDown","value":"î€‡"},{"type":"pause","duration":10},{"type":"keyUp","value":"î€‡"}]}]}
COMMAND: GET /session/ed9e7a26acf6bcacb4d91d5d815b7bad/screenshot - {}
RESULT: {}
RESULT: {}
COMMAND: POST /session/ed9e7a26acf6bcacb4d91d5d815b7bad/element - {"using":"xpath","value":"//table[contains(@id, \"requestItemsTable-listUl\")]//tbody/tr[1]/td[3]/div/div/input"}
RESULT: {"using":"xpath","value":"//table[contains(@id, \"requestItemsTable-listUl\")]//tbody/tr[1]/td[3]/div/div/input"}
COMMAND: POST /session/ed9e7a26acf6bcacb4d91d5d815b7bad/element/f.3284FBD50136822B3404D64B74F3579B.d.EC47B4BD10F64CAB97E5F9CB67D1EA3B.e.6838/clear - {}
RESULT: {}
COMMAND: POST /session/ed9e7a26acf6bcacb4d91d5d815b7bad/element/f.3284FBD50136822B3404D64B74F3579B.d.EC47B4BD10F64CAB97E5F9CB67D1EA3B.e.6838/value - {"text":"Concert"}
COMMAND: GET /session/ed9e7a26acf6bcacb4d91d5d815b7bad/screenshot - {}
RESULT: {"text":"Concert"}
COMMAND: GET /session/ed9e7a26acf6bcacb4d91d5d815b7bad/screenshot - {}
RESULT: {}
RESULT: {}
COMMAND: POST /session/ed9e7a26acf6bcacb4d91d5d815b7bad/element - {"using":"xpath","value":"//li[.//span[contains(text(), \"Concert\")]]"}
RESULT: {"using":"xpath","value":"//li[.//span[contains(text(), \"Concert\")]]"}
COMMAND: POST /session/ed9e7a26acf6bcacb4d91d5d815b7bad/element/f.3284FBD50136822B3404D64B74F3579B.d.EC47B4BD10F64CAB97E5F9CB67D1EA3B.e.6849/click - {}
RESULT: {}
COMMAND: GET /session/ed9e7a26acf6bcacb4d91d5d815b7bad/screenshot - {}
RESULT: {}
COMMAND: POST /session/ed9e7a26acf6bcacb4d91d5d815b7bad/execute/async - {"script":"<script> [1562 bytes]","args":[{"selector":{"controlType":"sap.ui.core.Icon","viewName":"etm.portal.ui.managerequests.view.NewRequest","properties":{"src":{"regex":{"source":"message\\-error"}}},"ancestor":{"controlType":"sap.m.ColumnListItem","viewName":"etm.portal.ui.managerequests.view.NewRequest","bindingPath":{"modelName":"newRequestItems","path":"/RequestItems/0"},"ancestor":{"id":"requestItemsTable","viewName":"etm.portal.ui.managerequests.view.NewRequest"}}},"wdio_ui5_key":"etmportal.ui.managerequests.view.NewRequestsap.ui.core.Icon{\"src\":{\"regex\":{\"source\":\"message\\\\-error\"}}}{\"controlType\":\"sap.m.ColumnListItem\",\"viewName\":\"etm.portal.ui.managerequests.view.NewRequest\",\"bindingPath\":{\"modelName\":\"newRequestItems\",\"path\":\"/RequestItems/0\"},\"ancestor\":{\"id\":\"requestItemsTable\",\"viewName\":\"etm.portal.ui.managerequests.view.NewRequest\"}}"}]}
RESULT: {"script":"<script> [1562 bytes]","args":[{"selector":{"controlType":"sap.ui.core.Icon","viewName":"etm.portal.ui.managerequests.view.NewRequest","properties":{"src":{"regex":{"source":"message\\-error"}}},"ancestor":{"controlType":"sap.m.ColumnListItem","viewName":"etm.portal.ui.managerequests.view.NewRequest","bindingPath":{"modelName":"newRequestItems","path":"/RequestItems/0"},"ancestor":{"id":"requestItemsTable","viewName":"etm.portal.ui.managerequests.view.NewRequest"}}},"wdio_ui5_key":"etmportal.ui.managerequests.view.NewRequestsap.ui.core.Icon{\"src\":{\"regex\":{\"source\":\"message\\\\-error\"}}}{\"controlType\":\"sap.m.ColumnListItem\",\"viewName\":\"etm.portal.ui.managerequests.view.NewRequest\",\"bindingPath\":{\"modelName\":\"newRequestItems\",\"path\":\"/RequestItems/0\"},\"ancestor\":{\"id\":\"requestItemsTable\",\"viewName\":\"etm.portal.ui.managerequests.view.NewRequest\"}}"}]}
RESULT: undefined
COMMAND: POST /session/ed9e7a26acf6bcacb4d91d5d815b7bad/element - {"using":"xpath","value":"//*[@id=\"__status10-__xmlview59--requestItemsTable-0-icon\"]"}
RESULT: {"using":"xpath","value":"//*[@id=\"__status10-__xmlview59--requestItemsTable-0-icon\"]"}
COMMAND: POST /session/ed9e7a26acf6bcacb4d91d5d815b7bad/element/f.3284FBD50136822B3404D64B74F3579B.d.EC47B4BD10F64CAB97E5F9CB67D1EA3B.e.6850/click - {}
RESULT: {}
COMMAND: POST /session/ed9e7a26acf6bcacb4d91d5d815b7bad/execute/async - {"script":"<script> [1562 bytes]","args":[{"selector":{"controlType":"sap.ui.core.Icon","viewName":"etm.portal.ui.managerequests.view.NewRequest","properties":{"src":{"regex":{"source":"slim\\-arrow\\-down"}}},"searchOpenDialogs":true,"ancestor":{"id":"costObjectAdminTypeComboBox","viewName":"etm.portal.ui.managerequests.view.NewRequest","searchOpenDialogs":true}},"wdio_ui5_key":"etmportal.ui.managerequests.view.NewRequestsap.ui.core.Icon{\"src\":{\"regex\":{\"source\":\"slim\\\\-arrow\\\\-down\"}}}{\"id\":\"costObjectAdminTypeComboBox\",\"viewName\":\"etm.portal.ui.managerequests.view.NewRequest\",\"searchOpenDialogs\":true}"}]}
COMMAND: GET /session/ed9e7a26acf6bcacb4d91d5d815b7bad/screenshot - {}
RESULT: {"script":"<script> [1562 bytes]","args":[{"selector":{"controlType":"sap.ui.core.Icon","viewName":"etm.portal.ui.managerequests.view.NewRequest","properties":{"src":{"regex":{"source":"slim\\-arrow\\-down"}}},"searchOpenDialogs":true,"ancestor":{"id":"costObjectAdminTypeComboBox","viewName":"etm.portal.ui.managerequests.view.NewRequest","searchOpenDialogs":true}},"wdio_ui5_key":"etmportal.ui.managerequests.view.NewRequestsap.ui.core.Icon{\"src\":{\"regex\":{\"source\":\"slim\\\\-arrow\\\\-down\"}}}{\"id\":\"costObjectAdminTypeComboBox\",\"viewName\":\"etm.portal.ui.managerequests.view.NewRequest\",\"searchOpenDialogs\":true}"}]}
RESULT: undefined
COMMAND: POST /session/ed9e7a26acf6bcacb4d91d5d815b7bad/element - {"using":"xpath","value":"//*[@id=\"__xmlview59--costObjectAdminTypeComboBox-arrow\"]"}
RESULT: {}
RESULT: {"using":"xpath","value":"//*[@id=\"__xmlview59--costObjectAdminTypeComboBox-arrow\"]"}
COMMAND: POST /session/ed9e7a26acf6bcacb4d91d5d815b7bad/element/f.3284FBD50136822B3404D64B74F3579B.d.EC47B4BD10F64CAB97E5F9CB67D1EA3B.e.6855/click - {}
RESULT: {}
COMMAND: GET /session/ed9e7a26acf6bcacb4d91d5d815b7bad/screenshot - {}
RESULT: {}
COMMAND: POST /session/ed9e7a26acf6bcacb4d91d5d815b7bad/execute/async - {"script":"<script> [1562 bytes]","args":[{"selector":{"controlType":"sap.m.StandardListItem","viewName":"etm.portal.ui.managerequests.view.NewRequest","properties":{"title":"Cost Center"},"searchOpenDialogs":true,"interaction":{"idSuffix":"content"}},"wdio_ui5_key":"etmportal.ui.managerequests.view.NewRequestsap.m.StandardListItem{\"title\":\"Cost Center\"}"}]}
RESULT: {"script":"<script> [1562 bytes]","args":[{"selector":{"controlType":"sap.m.StandardListItem","viewName":"etm.portal.ui.managerequests.view.NewRequest","properties":{"title":"Cost Center"},"searchOpenDialogs":true,"interaction":{"idSuffix":"content"}},"wdio_ui5_key":"etmportal.ui.managerequests.view.NewRequestsap.m.StandardListItem{\"title\":\"Cost Center\"}"}]}
RESULT: undefined
COMMAND: POST /session/ed9e7a26acf6bcacb4d91d5d815b7bad/element - {"using":"xpath","value":"//*[@id=\"__item1423\"]"}
RESULT: {"using":"xpath","value":"//*[@id=\"__item1423\"]"}
COMMAND: POST /session/ed9e7a26acf6bcacb4d91d5d815b7bad/element/f.3284FBD50136822B3404D64B74F3579B.d.EC47B4BD10F64CAB97E5F9CB67D1EA3B.e.6858/click - {}
RESULT: {}
COMMAND: GET /session/ed9e7a26acf6bcacb4d91d5d815b7bad/screenshot - {}
RESULT: {}
COMMAND: POST /session/ed9e7a26acf6bcacb4d91d5d815b7bad/execute/async - {"script":"<script> [1562 bytes]","args":[{"selector":{"controlType":"sap.m.Button","viewName":"etm.portal.ui.managerequests.view.NewRequest","i18NText":{"propertyName":"text","key":"save"},"searchOpenDialogs":true,"interaction":{"idSuffix":"inner"}},"wdio_ui5_key":"etmportal.ui.managerequests.view.NewRequestsap.m.Button{\"propertyName\":\"text\",\"key\":\"save\"}"}]}
RESULT: {"script":"<script> [1562 bytes]","args":[{"selector":{"controlType":"sap.m.Button","viewName":"etm.portal.ui.managerequests.view.NewRequest","i18NText":{"propertyName":"text","key":"save"},"searchOpenDialogs":true,"interaction":{"idSuffix":"inner"}},"wdio_ui5_key":"etmportal.ui.managerequests.view.NewRequestsap.m.Button{\"propertyName\":\"text\",\"key\":\"save\"}"}]}
RESULT: undefined
COMMAND: POST /session/ed9e7a26acf6bcacb4d91d5d815b7bad/element - {"using":"xpath","value":"//*[@id=\"__button87\"]"}
RESULT: {"using":"xpath","value":"//*[@id=\"__button87\"]"}
COMMAND: POST /session/ed9e7a26acf6bcacb4d91d5d815b7bad/element/f.3284FBD50136822B3404D64B74F3579B.d.EC47B4BD10F64CAB97E5F9CB67D1EA3B.e.6866/click - {}
RESULT: {}
COMMAND: GET /session/ed9e7a26acf6bcacb4d91d5d815b7bad/screenshot - {}
RESULT: {}
COMMAND: POST /session/ed9e7a26acf6bcacb4d91d5d815b7bad/execute/async - {"script":"<script> [1562 bytes]","args":[{"selector":{"controlType":"sap.m.Button","viewName":"etm.portal.ui.managerequests.view.NewRequest","i18NText":{"propertyName":"tooltip","key":"save"},"interaction":{"idSuffix":"BDI-content"}},"wdio_ui5_key":"etmportal.ui.managerequests.view.NewRequestsap.m.Button{\"propertyName\":\"tooltip\",\"key\":\"save\"}"}]}
RESULT: {"script":"<script> [1562 bytes]","args":[{"selector":{"controlType":"sap.m.Button","viewName":"etm.portal.ui.managerequests.view.NewRequest","i18NText":{"propertyName":"tooltip","key":"save"},"interaction":{"idSuffix":"BDI-content"}},"wdio_ui5_key":"etmportal.ui.managerequests.view.NewRequestsap.m.Button{\"propertyName\":\"tooltip\",\"key\":\"save\"}"}]}
RESULT: undefined
COMMAND: POST /session/ed9e7a26acf6bcacb4d91d5d815b7bad/element - {"using":"xpath","value":"//*[@id=\"__button78\"]"}
RESULT: {"using":"xpath","value":"//*[@id=\"__button78\"]"}
COMMAND: POST /session/ed9e7a26acf6bcacb4d91d5d815b7bad/element/f.3284FBD50136822B3404D64B74F3579B.d.EC47B4BD10F64CAB97E5F9CB67D1EA3B.e.6721/click - {}
RESULT: {}
COMMAND: POST /session/ed9e7a26acf6bcacb4d91d5d815b7bad/execute/async - {"script":"<script> [1562 bytes]","args":[{"selector":{"controlType":"sap.m.Button","properties":{"text":"Close"},"searchOpenDialogs":true,"interaction":{"idSuffix":"inner"}},"wdio_ui5_key":"sapm.Button{\"text\":\"Close\"}"}]}
COMMAND: GET /session/ed9e7a26acf6bcacb4d91d5d815b7bad/screenshot - {}
RESULT: {"script":"<script> [1562 bytes]","args":[{"selector":{"controlType":"sap.m.Button","properties":{"text":"Close"},"searchOpenDialogs":true,"interaction":{"idSuffix":"inner"}},"wdio_ui5_key":"sapm.Button{\"text\":\"Close\"}"}]}
RESULT: undefined
COMMAND: POST /session/ed9e7a26acf6bcacb4d91d5d815b7bad/element - {"using":"xpath","value":"//*[@id=\"__mbox-btn-1\"]"}
RESULT: {}
RESULT: {"using":"xpath","value":"//*[@id=\"__mbox-btn-1\"]"}
COMMAND: POST /session/ed9e7a26acf6bcacb4d91d5d815b7bad/element/f.3284FBD50136822B3404D64B74F3579B.d.EC47B4BD10F64CAB97E5F9CB67D1EA3B.e.6869/click - {}
RESULT: {}
COMMAND: GET /session/ed9e7a26acf6bcacb4d91d5d815b7bad/screenshot - {}
RESULT: {}
COMMAND: POST /session/ed9e7a26acf6bcacb4d91d5d815b7bad/execute/async - {"script":"<script> [1562 bytes]","args":[{"selector":{"controlType":"sap.m.Text","viewName":"etm.portal.ui.managerequests.view.Detail","bindingPath":{"propertyPath":"NO","modelName":"catalogModel"}},"wdio_ui5_key":"etmportal.ui.managerequests.view.Detailsap.m.Text{\"propertyPath\":\"NO\",\"modelName\":\"catalogModel\"}"}]}
RESULT: {"script":"<script> [1562 bytes]","args":[{"selector":{"controlType":"sap.m.Text","viewName":"etm.portal.ui.managerequests.view.Detail","bindingPath":{"propertyPath":"NO","modelName":"catalogModel"}},"wdio_ui5_key":"etmportal.ui.managerequests.view.Detailsap.m.Text{\"propertyPath\":\"NO\",\"modelName\":\"catalogModel\"}"}]}
RESULT: undefined
COMMAND: POST /session/ed9e7a26acf6bcacb4d91d5d815b7bad/execute/async - {"script":"<script> [6424 bytes]","args":[{"element-6066-11e4-a52e-4f735466cecf":"f.3284FBD50136822B3404D64B74F3579B.d.EC47B4BD10F64CAB97E5F9CB67D1EA3B.e.7123"},"getText",[]]}
RESULT: {"script":"<script> [6424 bytes]","args":[{"element-6066-11e4-a52e-4f735466cecf":"f.3284FBD50136822B3404D64B74F3579B.d.EC47B4BD10F64CAB97E5F9CB67D1EA3B.e.7123"},"getText",[]]}
COMMAND: POST /session/ed9e7a26acf6bcacb4d91d5d815b7bad/element - {"using":"css selector","value":"#shell-header-logo"}
RESULT: {"using":"css selector","value":"#shell-header-logo"}
COMMAND: POST /session/ed9e7a26acf6bcacb4d91d5d815b7bad/element/f.3284FBD50136822B3404D64B74F3579B.d.EC47B4BD10F64CAB97E5F9CB67D1EA3B.e.6310/click - {}
RESULT: {}
COMMAND: GET /session/ed9e7a26acf6bcacb4d91d5d815b7bad/screenshot - {}
RESULT: {}
]]></system-out>
    </testcase>
    <testcase classname="chrome.136_0_7103_93.windows.Yard_Overview_Autoplanning_US130989" name="Should navigate to Yard overview and plan the request" time="135.808">
      <system-out><![CDATA[
COMMAND: POST /session/ed9e7a26acf6bcacb4d91d5d815b7bad/execute/async - {"script":"<script> [1562 bytes]","args":[{"selector":{"controlType":"sap.m.GenericTile","properties":{"header":"Yard Overview"}},"wdio_ui5_key":"sapm.GenericTile{\"header\":\"Yard Overview\"}"}]}
RESULT: {"script":"<script> [1562 bytes]","args":[{"selector":{"controlType":"sap.m.GenericTile","properties":{"header":"Yard Overview"}},"wdio_ui5_key":"sapm.GenericTile{\"header\":\"Yard Overview\"}"}]}
RESULT: undefined
COMMAND: POST /session/ed9e7a26acf6bcacb4d91d5d815b7bad/element - {"using":"xpath","value":"//*[@id=\"__tile102\"]"}
RESULT: {"using":"xpath","value":"//*[@id=\"__tile102\"]"}
COMMAND: POST /session/ed9e7a26acf6bcacb4d91d5d815b7bad/element/f.3284FBD50136822B3404D64B74F3579B.d.EC47B4BD10F64CAB97E5F9CB67D1EA3B.e.7128/click - {}
RESULT: {}
COMMAND: GET /session/ed9e7a26acf6bcacb4d91d5d815b7bad/screenshot - {}
RESULT: {}
COMMAND: POST /session/ed9e7a26acf6bcacb4d91d5d815b7bad/elements - {"using":"xpath","value":"//span[text()='Error']"}
RESULT: {"using":"xpath","value":"//span[text()='Error']"}
COMMAND: POST /session/ed9e7a26acf6bcacb4d91d5d815b7bad/execute/async - {"script":"<script> [1562 bytes]","args":[{"selector":{"id":"application-yardoverview-display-component---masterYardInventory--smartFilterBar-btnBasicSearch","interaction":{"idSuffix":"I"}},"wdio_ui5_key":"applicationyardoverview-display-component---masterYardInventory--smartFilterBar-btnBasicSearch"}]}
RESULT: {"script":"<script> [1562 bytes]","args":[{"selector":{"id":"application-yardoverview-display-component---masterYardInventory--smartFilterBar-btnBasicSearch","interaction":{"idSuffix":"I"}},"wdio_ui5_key":"applicationyardoverview-display-component---masterYardInventory--smartFilterBar-btnBasicSearch"}]}
RESULT: undefined
COMMAND: POST /session/ed9e7a26acf6bcacb4d91d5d815b7bad/execute/async - {"script":"<script> [776 bytes]","args":[{"enterText":"405","selector":{"id":"application-yardoverview-display-component---masterYardInventory--smartFilterBar-btnBasicSearch","interaction":{"idSuffix":"I"}},"clearTextFirst":true,"interactionType":"ENTER_TEXT"}]}
RESULT: {"script":"<script> [776 bytes]","args":[{"enterText":"405","selector":{"id":"application-yardoverview-display-component---masterYardInventory--smartFilterBar-btnBasicSearch","interaction":{"idSuffix":"I"}},"clearTextFirst":true,"interactionType":"ENTER_TEXT"}]}
COMMAND: POST /session/ed9e7a26acf6bcacb4d91d5d815b7bad/actions - {"actions":[{"id":"action21","type":"key","parameters":{},"actions":[{"type":"keyDown","value":"î€‡"},{"type":"pause","duration":10},{"type":"keyUp","value":"î€‡"}]}]}
RESULT: {"actions":[{"id":"action21","type":"key","parameters":{},"actions":[{"type":"keyDown","value":"î€‡"},{"type":"pause","duration":10},{"type":"keyUp","value":"î€‡"}]}]}
COMMAND: GET /session/ed9e7a26acf6bcacb4d91d5d815b7bad/screenshot - {}
RESULT: {}
COMMAND: POST /session/ed9e7a26acf6bcacb4d91d5d815b7bad/execute/async - {"script":"<script> [1562 bytes]","args":[{"selector":{"controlType":"sap.m.Text","viewName":"etm.portal.ui.yardoverview.view.Master","viewId":"application-yardoverview-display-component---masterYardInventory","bindingPath":{"propertyPath":"ID"}},"wdio_ui5_key":"etmportal.ui.yardoverview.view.Mastersap.m.Text{\"propertyPath\":\"ID\"}"}]}
RESULT: {"script":"<script> [1562 bytes]","args":[{"selector":{"controlType":"sap.m.Text","viewName":"etm.portal.ui.yardoverview.view.Master","viewId":"application-yardoverview-display-component---masterYardInventory","bindingPath":{"propertyPath":"ID"}},"wdio_ui5_key":"etmportal.ui.yardoverview.view.Mastersap.m.Text{\"propertyPath\":\"ID\"}"}]}
RESULT: undefined
COMMAND: POST /session/ed9e7a26acf6bcacb4d91d5d815b7bad/element - {"using":"xpath","value":"//*[@id=\"__text882-__clone2553\"]"}
RESULT: {"using":"xpath","value":"//*[@id=\"__text882-__clone2553\"]"}
COMMAND: POST /session/ed9e7a26acf6bcacb4d91d5d815b7bad/element/f.3284FBD50136822B3404D64B74F3579B.d.EC47B4BD10F64CAB97E5F9CB67D1EA3B.e.7198/click - {}
RESULT: {}
COMMAND: GET /session/ed9e7a26acf6bcacb4d91d5d815b7bad/screenshot - {}
RESULT: {}
COMMAND: POST /session/ed9e7a26acf6bcacb4d91d5d815b7bad/execute/async - {"script":"<script> [1562 bytes]","args":[{"selector":{"id":"application-yardoverview-display-component---detailYardInventory--ObjectPageLayout-anchBar-application-yardoverview-display-component---detailYardInventory--openRequestsSection-anchor","interaction":{"idSuffix":"BDI-content"}},"wdio_ui5_key":"applicationyardoverview-display-component---detailYardInventory--ObjectPageLayout-anchBar-application-yardoverview-display-component---detailYardInventory--openRequestsSection-anchor"}]}
RESULT: {"script":"<script> [1562 bytes]","args":[{"selector":{"id":"application-yardoverview-display-component---detailYardInventory--ObjectPageLayout-anchBar-application-yardoverview-display-component---detailYardInventory--openRequestsSection-anchor","interaction":{"idSuffix":"BDI-content"}},"wdio_ui5_key":"applicationyardoverview-display-component---detailYardInventory--ObjectPageLayout-anchBar-application-yardoverview-display-component---detailYardInventory--openRequestsSection-anchor"}]}
RESULT: undefined
COMMAND: POST /session/ed9e7a26acf6bcacb4d91d5d815b7bad/element - {"using":"xpath","value":"//*[@id=\"application-yardoverview-display-component---detailYardInventory--ObjectPageLayout-anchBar-application-yardoverview-display-component---detailYardInventory--openRequestsSection-anchor\"]"}
RESULT: {"using":"xpath","value":"//*[@id=\"application-yardoverview-display-component---detailYardInventory--ObjectPageLayout-anchBar-application-yardoverview-display-component---detailYardInventory--openRequestsSection-anchor\"]"}
COMMAND: POST /session/ed9e7a26acf6bcacb4d91d5d815b7bad/element/f.3284FBD50136822B3404D64B74F3579B.d.EC47B4BD10F64CAB97E5F9CB67D1EA3B.e.7284/click - {}
RESULT: {}
COMMAND: GET /session/ed9e7a26acf6bcacb4d91d5d815b7bad/screenshot - {}
RESULT: {}
COMMAND: POST /session/ed9e7a26acf6bcacb4d91d5d815b7bad/element - {"using":"xpath","value":"//input[contains(@aria-labelledby ,\"INTERNAL_GROUP-request\")]"}
RESULT: {"using":"xpath","value":"//input[contains(@aria-labelledby ,\"INTERNAL_GROUP-request\")]"}
COMMAND: POST /session/ed9e7a26acf6bcacb4d91d5d815b7bad/element/f.3284FBD50136822B3404D64B74F3579B.d.EC47B4BD10F64CAB97E5F9CB67D1EA3B.e.7295/clear - {}
RESULT: {}
COMMAND: POST /session/ed9e7a26acf6bcacb4d91d5d815b7bad/element/f.3284FBD50136822B3404D64B74F3579B.d.EC47B4BD10F64CAB97E5F9CB67D1EA3B.e.7295/value - {"text":"20119"}
COMMAND: GET /session/ed9e7a26acf6bcacb4d91d5d815b7bad/screenshot - {}
RESULT: {"text":"20119"}
COMMAND: GET /session/ed9e7a26acf6bcacb4d91d5d815b7bad/screenshot - {}
RESULT: {}
RESULT: {}
COMMAND: POST /session/ed9e7a26acf6bcacb4d91d5d815b7bad/actions - {"actions":[{"id":"action22","type":"key","parameters":{},"actions":[{"type":"keyDown","value":"î€‡"},{"type":"pause","duration":10},{"type":"keyUp","value":"î€‡"}]}]}
RESULT: {"actions":[{"id":"action22","type":"key","parameters":{},"actions":[{"type":"keyDown","value":"î€‡"},{"type":"pause","duration":10},{"type":"keyUp","value":"î€‡"}]}]}
COMMAND: POST /session/ed9e7a26acf6bcacb4d91d5d815b7bad/element - {"using":"xpath","value":"//button[contains(@id,\"openRequests-triggerAction-autoplanBtn\")]"}
COMMAND: GET /session/ed9e7a26acf6bcacb4d91d5d815b7bad/screenshot - {}
RESULT: {"using":"xpath","value":"//button[contains(@id,\"openRequests-triggerAction-autoplanBtn\")]"}
COMMAND: POST /session/ed9e7a26acf6bcacb4d91d5d815b7bad/element/f.3284FBD50136822B3404D64B74F3579B.d.EC47B4BD10F64CAB97E5F9CB67D1EA3B.e.7316/click - {}
RESULT: {}
RESULT: {}
COMMAND: GET /session/ed9e7a26acf6bcacb4d91d5d815b7bad/screenshot - {}
RESULT: {}
COMMAND: POST /session/ed9e7a26acf6bcacb4d91d5d815b7bad/execute/async - {"script":"<script> [1562 bytes]","args":[{"selector":{"id":"application-yardoverview-display-component---detailYardInventory--customRequestsTable-sa","interaction":{"idSuffix":"CbBg"}},"wdio_ui5_key":"applicationyardoverview-display-component---detailYardInventory--customRequestsTable-sa"}]}
RESULT: {"script":"<script> [1562 bytes]","args":[{"selector":{"id":"application-yardoverview-display-component---detailYardInventory--customRequestsTable-sa","interaction":{"idSuffix":"CbBg"}},"wdio_ui5_key":"applicationyardoverview-display-component---detailYardInventory--customRequestsTable-sa"}]}
RESULT: undefined
COMMAND: POST /session/ed9e7a26acf6bcacb4d91d5d815b7bad/element - {"using":"xpath","value":"//*[@id=\"application-yardoverview-display-component---detailYardInventory--customRequestsTable-sa\"]"}
RESULT: {"using":"xpath","value":"//*[@id=\"application-yardoverview-display-component---detailYardInventory--customRequestsTable-sa\"]"}
COMMAND: POST /session/ed9e7a26acf6bcacb4d91d5d815b7bad/element/f.3284FBD50136822B3404D64B74F3579B.d.EC47B4BD10F64CAB97E5F9CB67D1EA3B.e.7339/click - {}
RESULT: {}
COMMAND: GET /session/ed9e7a26acf6bcacb4d91d5d815b7bad/screenshot - {}
RESULT: {}
COMMAND: POST /session/ed9e7a26acf6bcacb4d91d5d815b7bad/element - {"using":"xpath","value":"//button[contains(@id,\"openRequests-triggerAction-autoplanBtn\")]"}
RESULT: {"using":"xpath","value":"//button[contains(@id,\"openRequests-triggerAction-autoplanBtn\")]"}
COMMAND: POST /session/ed9e7a26acf6bcacb4d91d5d815b7bad/element/f.3284FBD50136822B3404D64B74F3579B.d.EC47B4BD10F64CAB97E5F9CB67D1EA3B.e.7316/click - {}
RESULT: {}
COMMAND: GET /session/ed9e7a26acf6bcacb4d91d5d815b7bad/screenshot - {}
RESULT: {}
COMMAND: POST /session/ed9e7a26acf6bcacb4d91d5d815b7bad/element - {"using":"xpath","value":"//button[.//bdi[contains(text(),\"OK\")]]"}
RESULT: {"using":"xpath","value":"//button[.//bdi[contains(text(),\"OK\")]]"}
COMMAND: POST /session/ed9e7a26acf6bcacb4d91d5d815b7bad/element/f.3284FBD50136822B3404D64B74F3579B.d.EC47B4BD10F64CAB97E5F9CB67D1EA3B.e.7340/click - {}
RESULT: {}
COMMAND: GET /session/ed9e7a26acf6bcacb4d91d5d815b7bad/screenshot - {}
RESULT: {}
COMMAND: POST /session/ed9e7a26acf6bcacb4d91d5d815b7bad/execute/async - {"script":"<script> [1562 bytes]","args":[{"selector":{"id":"application-yardoverview-display-component---detailYardInventory--refreshOpenRequests-img"},"wdio_ui5_key":"applicationyardoverview-display-component---detailYardInventory--refreshOpenRequests-img"}]}
RESULT: {"script":"<script> [1562 bytes]","args":[{"selector":{"id":"application-yardoverview-display-component---detailYardInventory--refreshOpenRequests-img"},"wdio_ui5_key":"applicationyardoverview-display-component---detailYardInventory--refreshOpenRequests-img"}]}
RESULT: undefined
COMMAND: POST /session/ed9e7a26acf6bcacb4d91d5d815b7bad/element - {"using":"xpath","value":"//*[@id=\"application-yardoverview-display-component---detailYardInventory--refreshOpenRequests-img\"]"}
RESULT: {"using":"xpath","value":"//*[@id=\"application-yardoverview-display-component---detailYardInventory--refreshOpenRequests-img\"]"}
COMMAND: POST /session/ed9e7a26acf6bcacb4d91d5d815b7bad/element/f.3284FBD50136822B3404D64B74F3579B.d.EC47B4BD10F64CAB97E5F9CB67D1EA3B.e.7342/click - {}
RESULT: {}
COMMAND: GET /session/ed9e7a26acf6bcacb4d91d5d815b7bad/screenshot - {}
RESULT: {}
COMMAND: POST /session/ed9e7a26acf6bcacb4d91d5d815b7bad/execute/async - {"script":"<script> [1562 bytes]","args":[{"selector":{"id":"application-yardoverview-display-component---detailYardInventory--ObjectPageLayout-anchBar-application-yardoverview-display-component---detailYardInventory--openProvidesSection-anchor","interaction":{"idSuffix":"BDI-content"}},"wdio_ui5_key":"applicationyardoverview-display-component---detailYardInventory--ObjectPageLayout-anchBar-application-yardoverview-display-component---detailYardInventory--openProvidesSection-anchor"}]}
RESULT: {"script":"<script> [1562 bytes]","args":[{"selector":{"id":"application-yardoverview-display-component---detailYardInventory--ObjectPageLayout-anchBar-application-yardoverview-display-component---detailYardInventory--openProvidesSection-anchor","interaction":{"idSuffix":"BDI-content"}},"wdio_ui5_key":"applicationyardoverview-display-component---detailYardInventory--ObjectPageLayout-anchBar-application-yardoverview-display-component---detailYardInventory--openProvidesSection-anchor"}]}
RESULT: undefined
COMMAND: POST /session/ed9e7a26acf6bcacb4d91d5d815b7bad/element - {"using":"xpath","value":"//*[@id=\"application-yardoverview-display-component---detailYardInventory--ObjectPageLayout-anchBar-application-yardoverview-display-component---detailYardInventory--openProvidesSection-anchor\"]"}
RESULT: {"using":"xpath","value":"//*[@id=\"application-yardoverview-display-component---detailYardInventory--ObjectPageLayout-anchBar-application-yardoverview-display-component---detailYardInventory--openProvidesSection-anchor\"]"}
COMMAND: POST /session/ed9e7a26acf6bcacb4d91d5d815b7bad/element/f.3284FBD50136822B3404D64B74F3579B.d.EC47B4BD10F64CAB97E5F9CB67D1EA3B.e.7346/click - {}
RESULT: {}
COMMAND: GET /session/ed9e7a26acf6bcacb4d91d5d815b7bad/screenshot - {}
RESULT: {}
COMMAND: POST /session/ed9e7a26acf6bcacb4d91d5d815b7bad/element - {"using":"css selector","value":"#shell-header-logo"}
RESULT: {"using":"css selector","value":"#shell-header-logo"}
COMMAND: POST /session/ed9e7a26acf6bcacb4d91d5d815b7bad/element/f.3284FBD50136822B3404D64B74F3579B.d.EC47B4BD10F64CAB97E5F9CB67D1EA3B.e.7130/click - {}
RESULT: {}
COMMAND: GET /session/ed9e7a26acf6bcacb4d91d5d815b7bad/screenshot - {}
RESULT: {}
RESULT: undefined
COMMAND: POST /session/ed9e7a26acf6bcacb4d91d5d815b7bad/element - {"using":"xpath","value":"//*[@id=\"__tile47\"]"}
RESULT: {"using":"xpath","value":"//*[@id=\"__tile47\"]"}
COMMAND: POST /session/ed9e7a26acf6bcacb4d91d5d815b7bad/element/f.3284FBD50136822B3404D64B74F3579B.d.EC47B4BD10F64CAB97E5F9CB67D1EA3B.e.5742/click - {}
RESULT: {}
COMMAND: GET /session/ed9e7a26acf6bcacb4d91d5d815b7bad/screenshot - {}
RESULT: {}
COMMAND: POST /session/ed9e7a26acf6bcacb4d91d5d815b7bad/elements - {"using":"xpath","value":"//span[text()='Error']"}
RESULT: {"using":"xpath","value":"//span[text()='Error']"}
COMMAND: POST /session/ed9e7a26acf6bcacb4d91d5d815b7bad/execute/async - {"script":"<script> [1562 bytes]","args":[{"selector":{"controlType":"sap.m.SearchField","viewName":"etm.portal.ui.managerequests.view.Master","bindingPath":{"path":"","propertyPath":"/_BASIC_SEARCH_FIELD","modelName":"fi1t3rM0d31"},"interaction":{"idSuffix":"I"}},"wdio_ui5_key":"etmportal.ui.managerequests.view.Mastersap.m.SearchField{\"path\":\"\",\"propertyPath\":\"/_BASIC_SEARCH_FIELD\",\"modelName\":\"fi1t3rM0d31\"}"}]}
RESULT: {"script":"<script> [1562 bytes]","args":[{"selector":{"controlType":"sap.m.SearchField","viewName":"etm.portal.ui.managerequests.view.Master","bindingPath":{"path":"","propertyPath":"/_BASIC_SEARCH_FIELD","modelName":"fi1t3rM0d31"},"interaction":{"idSuffix":"I"}},"wdio_ui5_key":"etmportal.ui.managerequests.view.Mastersap.m.SearchField{\"path\":\"\",\"propertyPath\":\"/_BASIC_SEARCH_FIELD\",\"modelName\":\"fi1t3rM0d31\"}"}]}
RESULT: undefined
COMMAND: POST /session/ed9e7a26acf6bcacb4d91d5d815b7bad/execute/async - {"script":"<script> [776 bytes]","args":[{"enterText":"20119","selector":{"controlType":"sap.m.SearchField","viewName":"etm.portal.ui.managerequests.view.Master","bindingPath":{"path":"","propertyPath":"/_BASIC_SEARCH_FIELD","modelName":"fi1t3rM0d31"},"interaction":{"idSuffix":"I"}},"clearTextFirst":true,"interactionType":"ENTER_TEXT"}]}
RESULT: {"script":"<script> [776 bytes]","args":[{"enterText":"20119","selector":{"controlType":"sap.m.SearchField","viewName":"etm.portal.ui.managerequests.view.Master","bindingPath":{"path":"","propertyPath":"/_BASIC_SEARCH_FIELD","modelName":"fi1t3rM0d31"},"interaction":{"idSuffix":"I"}},"clearTextFirst":true,"interactionType":"ENTER_TEXT"}]}
COMMAND: POST /session/ed9e7a26acf6bcacb4d91d5d815b7bad/actions - {"actions":[{"id":"action23","type":"key","parameters":{},"actions":[{"type":"keyDown","value":"î€‡"},{"type":"pause","duration":10},{"type":"keyUp","value":"î€‡"}]}]}
RESULT: {"actions":[{"id":"action23","type":"key","parameters":{},"actions":[{"type":"keyDown","value":"î€‡"},{"type":"pause","duration":10},{"type":"keyUp","value":"î€‡"}]}]}
COMMAND: GET /session/ed9e7a26acf6bcacb4d91d5d815b7bad/screenshot - {}
RESULT: {}
COMMAND: POST /session/ed9e7a26acf6bcacb4d91d5d815b7bad/execute/async - {"script":"<script> [1562 bytes]","args":[{"selector":{"controlType":"sap.m.ObjectNumber","viewName":"etm.portal.ui.managerequests.view.Master","bindingPath":{"propertyPath":"IN_USE_FOR"},"interaction":{"idSuffix":"number"}},"wdio_ui5_key":"etmportal.ui.managerequests.view.Mastersap.m.ObjectNumber{\"propertyPath\":\"IN_USE_FOR\"}"}]}
RESULT: {"script":"<script> [1562 bytes]","args":[{"selector":{"controlType":"sap.m.ObjectNumber","viewName":"etm.portal.ui.managerequests.view.Master","bindingPath":{"propertyPath":"IN_USE_FOR"},"interaction":{"idSuffix":"number"}},"wdio_ui5_key":"etmportal.ui.managerequests.view.Mastersap.m.ObjectNumber{\"propertyPath\":\"IN_USE_FOR\"}"}]}
RESULT: undefined
COMMAND: POST /session/ed9e7a26acf6bcacb4d91d5d815b7bad/element - {"using":"xpath","value":"//*[@id=\"__number8-__clone2781\"]"}
RESULT: {"using":"xpath","value":"//*[@id=\"__number8-__clone2781\"]"}
COMMAND: POST /session/ed9e7a26acf6bcacb4d91d5d815b7bad/element/f.3284FBD50136822B3404D64B74F3579B.d.EC47B4BD10F64CAB97E5F9CB67D1EA3B.e.7483/click - {}
RESULT: {}
COMMAND: POST /session/ed9e7a26acf6bcacb4d91d5d815b7bad/execute/async - {"script":"<script> [1562 bytes]","args":[{"selector":{"controlType":"sap.m.ObjectStatus","viewName":"etm.portal.ui.managerequests.view.Detail","bindingPath":{"propertyPath":"LINK_TO_STATUS/DESCRIPTION","modelName":"catalogModel"}},"wdio_ui5_key":"etmportal.ui.managerequests.view.Detailsap.m.ObjectStatus{\"propertyPath\":\"LINK_TO_STATUS/DESCRIPTION\",\"modelName\":\"catalogModel\"}"}]}
COMMAND: GET /session/ed9e7a26acf6bcacb4d91d5d815b7bad/screenshot - {}
RESULT: {"script":"<script> [1562 bytes]","args":[{"selector":{"controlType":"sap.m.ObjectStatus","viewName":"etm.portal.ui.managerequests.view.Detail","bindingPath":{"propertyPath":"LINK_TO_STATUS/DESCRIPTION","modelName":"catalogModel"}},"wdio_ui5_key":"etmportal.ui.managerequests.view.Detailsap.m.ObjectStatus{\"propertyPath\":\"LINK_TO_STATUS/DESCRIPTION\",\"modelName\":\"catalogModel\"}"}]}
RESULT: undefined
COMMAND: POST /session/ed9e7a26acf6bcacb4d91d5d815b7bad/execute/async - {"script":"<script> [6424 bytes]","args":[{"element-6066-11e4-a52e-4f735466cecf":"f.3284FBD50136822B3404D64B74F3579B.d.EC47B4BD10F64CAB97E5F9CB67D1EA3B.e.7700"},"getText",[]]}
RESULT: {}
RESULT: {"script":"<script> [6424 bytes]","args":[{"element-6066-11e4-a52e-4f735466cecf":"f.3284FBD50136822B3404D64B74F3579B.d.EC47B4BD10F64CAB97E5F9CB67D1EA3B.e.7700"},"getText",[]]}
COMMAND: POST /session/ed9e7a26acf6bcacb4d91d5d815b7bad/element - {"using":"css selector","value":"#shell-header-logo"}
RESULT: {"using":"css selector","value":"#shell-header-logo"}
COMMAND: POST /session/ed9e7a26acf6bcacb4d91d5d815b7bad/element/f.3284FBD50136822B3404D64B74F3579B.d.EC47B4BD10F64CAB97E5F9CB67D1EA3B.e.7364/click - {}
RESULT: {}
COMMAND: GET /session/ed9e7a26acf6bcacb4d91d5d815b7bad/screenshot - {}
RESULT: {}
COMMAND: DELETE /session/ed9e7a26acf6bcacb4d91d5d815b7bad - {}
RESULT: {}
]]></system-out>
    </testcase>
  </testsuite>
</testsuites>