<?xml version="1.0" encoding="UTF-8"?>
<testsuites tests="9" failures="3" errors="3" skipped="0">
  <testsuite timestamp="2025-05-20T05:35:11" time="890.967" tests="9" failures="3" errors="3" skipped="0">
    <properties>
      <property name="specId" value="0" />
      <property name="suiteName" value="Address Management Tests US156181 US151165 US151160 US156180 US156178 US151157 US151172 US151170 US151166 US151168" />
      <property name="capabilities" value="chrome.136_0_7103_93.windows" />
      <property name="file" value="file:///D:/a/1/s/test/specs/BTS/address-management.spec.js" />
    </properties>
    <testcase classname="chrome.136_0_7103_93.windows.Address_Management_Tests_US156181_US151165_US151160_US156180_US156178_US151157_US151172_US151170_US151166_US151168" name="Step 1 Will check existence of address created with generated name if none then we create US156181" time="84.129">
      <system-out><![CDATA[
COMMAND: POST /session/265f7d61ded080d1a0cabd8d9d08a0a4/execute/async - {"script":"<script> [1562 bytes]","args":[{"selector":{"controlType":"sap.m.GenericTile","properties":{"header":"Address Management"}},"wdio_ui5_key":"sapm.GenericTile{\"header\":\"Address Management\"}"}]}
RESULT: {"script":"<script> [1562 bytes]","args":[{"selector":{"controlType":"sap.m.GenericTile","properties":{"header":"Address Management"}},"wdio_ui5_key":"sapm.GenericTile{\"header\":\"Address Management\"}"}]}
RESULT: undefined
COMMAND: POST /session/265f7d61ded080d1a0cabd8d9d08a0a4/element - {"using":"xpath","value":"//*[@id=\"__tile33\"]"}
RESULT: {"using":"xpath","value":"//*[@id=\"__tile33\"]"}
COMMAND: POST /session/265f7d61ded080d1a0cabd8d9d08a0a4/element/f.6B1E6F8ADECCD69D02A5807012A29A16.d.3CACAFA1C96B0467C392920138C83D97.e.207/click - {}
RESULT: {}
COMMAND: GET /session/265f7d61ded080d1a0cabd8d9d08a0a4/screenshot - {}
RESULT: {}
COMMAND: POST /session/265f7d61ded080d1a0cabd8d9d08a0a4/elements - {"using":"xpath","value":"//span[text()='Error']"}
RESULT: {"using":"xpath","value":"//span[text()='Error']"}
COMMAND: POST /session/265f7d61ded080d1a0cabd8d9d08a0a4/element - {"using":"xpath","value":"//button[@data-kt=\"addButton\"]"}
RESULT: {"using":"xpath","value":"//button[@data-kt=\"addButton\"]"}
COMMAND: POST /session/265f7d61ded080d1a0cabd8d9d08a0a4/elements - {"using":"xpath","value":"//button[@data-kt=\"addButton\"]"}
RESULT: {"using":"xpath","value":"//button[@data-kt=\"addButton\"]"}
COMMAND: POST /session/265f7d61ded080d1a0cabd8d9d08a0a4/elements - {"using":"xpath","value":"//button[@data-kt=\"addButton\"]"}
RESULT: {"using":"xpath","value":"//button[@data-kt=\"addButton\"]"}
COMMAND: POST /session/265f7d61ded080d1a0cabd8d9d08a0a4/elements - {"using":"xpath","value":"//button[@data-kt=\"addButton\"]"}
RESULT: {"using":"xpath","value":"//button[@data-kt=\"addButton\"]"}
COMMAND: POST /session/265f7d61ded080d1a0cabd8d9d08a0a4/elements - {"using":"xpath","value":"//button[@data-kt=\"addButton\"]"}
RESULT: {"using":"xpath","value":"//button[@data-kt=\"addButton\"]"}
COMMAND: POST /session/265f7d61ded080d1a0cabd8d9d08a0a4/elements - {"using":"xpath","value":"//button[@data-kt=\"addButton\"]"}
RESULT: {"using":"xpath","value":"//button[@data-kt=\"addButton\"]"}
COMMAND: POST /session/265f7d61ded080d1a0cabd8d9d08a0a4/elements - {"using":"xpath","value":"//button[@data-kt=\"addButton\"]"}
RESULT: {"using":"xpath","value":"//button[@data-kt=\"addButton\"]"}
COMMAND: POST /session/265f7d61ded080d1a0cabd8d9d08a0a4/elements - {"using":"xpath","value":"//button[@data-kt=\"addButton\"]"}
RESULT: {"using":"xpath","value":"//button[@data-kt=\"addButton\"]"}
COMMAND: POST /session/265f7d61ded080d1a0cabd8d9d08a0a4/elements - {"using":"xpath","value":"//button[@data-kt=\"addButton\"]"}
RESULT: {"using":"xpath","value":"//button[@data-kt=\"addButton\"]"}
COMMAND: POST /session/265f7d61ded080d1a0cabd8d9d08a0a4/element - {"using":"xpath","value":"//button[@data-kt=\"addButton\"]"}
RESULT: {"using":"xpath","value":"//button[@data-kt=\"addButton\"]"}
COMMAND: POST /session/265f7d61ded080d1a0cabd8d9d08a0a4/execute/sync - {"script":"<script> [8489 bytes]","args":[{"element-6066-11e4-a52e-4f735466cecf":"f.6B1E6F8ADECCD69D02A5807012A29A16.d.3CACAFA1C96B0467C392920138C83D97.e.305","ELEMENT":"f.6B1E6F8ADECCD69D02A5807012A29A16.d.3CACAFA1C96B0467C392920138C83D97.e.305"}]}
RESULT: {"script":"<script> [8489 bytes]","args":[{"element-6066-11e4-a52e-4f735466cecf":"f.6B1E6F8ADECCD69D02A5807012A29A16.d.3CACAFA1C96B0467C392920138C83D97.e.305","ELEMENT":"f.6B1E6F8ADECCD69D02A5807012A29A16.d.3CACAFA1C96B0467C392920138C83D97.e.305"}]}
COMMAND: GET /session/265f7d61ded080d1a0cabd8d9d08a0a4/element/f.6B1E6F8ADECCD69D02A5807012A29A16.d.3CACAFA1C96B0467C392920138C83D97.e.305/enabled - {}
COMMAND: GET /session/265f7d61ded080d1a0cabd8d9d08a0a4/screenshot - {}
RESULT: {}
COMMAND: POST /session/265f7d61ded080d1a0cabd8d9d08a0a4/execute/sync - {"script":"<script> [8489 bytes]","args":[{"element-6066-11e4-a52e-4f735466cecf":"f.6B1E6F8ADECCD69D02A5807012A29A16.d.3CACAFA1C96B0467C392920138C83D97.e.305","ELEMENT":"f.6B1E6F8ADECCD69D02A5807012A29A16.d.3CACAFA1C96B0467C392920138C83D97.e.305"}]}
COMMAND: GET /session/265f7d61ded080d1a0cabd8d9d08a0a4/screenshot - {}
RESULT: {}
RESULT: {"script":"<script> [8489 bytes]","args":[{"element-6066-11e4-a52e-4f735466cecf":"f.6B1E6F8ADECCD69D02A5807012A29A16.d.3CACAFA1C96B0467C392920138C83D97.e.305","ELEMENT":"f.6B1E6F8ADECCD69D02A5807012A29A16.d.3CACAFA1C96B0467C392920138C83D97.e.305"}]}
COMMAND: POST /session/265f7d61ded080d1a0cabd8d9d08a0a4/execute/sync - {"script":"<script> [5351 bytes]","args":[{"element-6066-11e4-a52e-4f735466cecf":"f.6B1E6F8ADECCD69D02A5807012A29A16.d.3CACAFA1C96B0467C392920138C83D97.e.305","ELEMENT":"f.6B1E6F8ADECCD69D02A5807012A29A16.d.3CACAFA1C96B0467C392920138C83D97.e.305"}]}
COMMAND: GET /session/265f7d61ded080d1a0cabd8d9d08a0a4/screenshot - {}
RESULT: {}
RESULT: {"script":"<script> [5351 bytes]","args":[{"element-6066-11e4-a52e-4f735466cecf":"f.6B1E6F8ADECCD69D02A5807012A29A16.d.3CACAFA1C96B0467C392920138C83D97.e.305","ELEMENT":"f.6B1E6F8ADECCD69D02A5807012A29A16.d.3CACAFA1C96B0467C392920138C83D97.e.305"}]}
COMMAND: GET /session/265f7d61ded080d1a0cabd8d9d08a0a4/screenshot - {}
RESULT: {}
RESULT: {}
COMMAND: POST /session/265f7d61ded080d1a0cabd8d9d08a0a4/execute/async - {"script":"<script> [1562 bytes]","args":[{"selector":{"id":"application-addressmanagement-display-component---masterAdm--smartFilterBar-btnBasicSearch","interaction":{"idSuffix":"I"}},"wdio_ui5_key":"applicationaddressmanagement-display-component---masterAdm--smartFilterBar-btnBasicSearch"}]}
RESULT: {"script":"<script> [1562 bytes]","args":[{"selector":{"id":"application-addressmanagement-display-component---masterAdm--smartFilterBar-btnBasicSearch","interaction":{"idSuffix":"I"}},"wdio_ui5_key":"applicationaddressmanagement-display-component---masterAdm--smartFilterBar-btnBasicSearch"}]}
RESULT: undefined
COMMAND: POST /session/265f7d61ded080d1a0cabd8d9d08a0a4/execute/async - {"script":"<script> [776 bytes]","args":[{"enterText":"wBpOKgRIh5","selector":{"id":"application-addressmanagement-display-component---masterAdm--smartFilterBar-btnBasicSearch","interaction":{"idSuffix":"I"}},"clearTextFirst":true,"interactionType":"ENTER_TEXT"}]}
RESULT: {"script":"<script> [776 bytes]","args":[{"enterText":"wBpOKgRIh5","selector":{"id":"application-addressmanagement-display-component---masterAdm--smartFilterBar-btnBasicSearch","interaction":{"idSuffix":"I"}},"clearTextFirst":true,"interactionType":"ENTER_TEXT"}]}
COMMAND: POST /session/265f7d61ded080d1a0cabd8d9d08a0a4/actions - {"actions":[{"id":"action1","type":"key","parameters":{},"actions":[{"type":"keyDown","value":"î€‡"},{"type":"pause","duration":10},{"type":"keyUp","value":"î€‡"}]}]}
RESULT: {"actions":[{"id":"action1","type":"key","parameters":{},"actions":[{"type":"keyDown","value":"î€‡"},{"type":"pause","duration":10},{"type":"keyUp","value":"î€‡"}]}]}
COMMAND: GET /session/265f7d61ded080d1a0cabd8d9d08a0a4/screenshot - {}
RESULT: {}
COMMAND: POST /session/265f7d61ded080d1a0cabd8d9d08a0a4/elements - {"using":"xpath","value":"//table[contains(@id, \"customPersonsAddressesTable-listUl\")]/tbody/tr"}
RESULT: {"using":"xpath","value":"//table[contains(@id, \"customPersonsAddressesTable-listUl\")]/tbody/tr"}
COMMAND: POST /session/265f7d61ded080d1a0cabd8d9d08a0a4/element - {"using":"xpath","value":"//table[contains(@id, \"customPersonsAddressesTable-listUl\")]/tbody/tr[1]/td[5]/span/span"}
RESULT: {"using":"xpath","value":"//table[contains(@id, \"customPersonsAddressesTable-listUl\")]/tbody/tr[1]/td[5]/span/span"}
COMMAND: POST /session/265f7d61ded080d1a0cabd8d9d08a0a4/element - {"using":"xpath","value":"//table[contains(@id, \"customPersonsAddressesTable-listUl\")]/tbody/tr[1]/td[3]/span"}
RESULT: {"using":"xpath","value":"//table[contains(@id, \"customPersonsAddressesTable-listUl\")]/tbody/tr[1]/td[3]/span"}
COMMAND: POST /session/265f7d61ded080d1a0cabd8d9d08a0a4/elements - {"using":"xpath","value":"//table[contains(@id, \"customPersonsAddressesTable-listUl\")]/tbody/tr[1]/td[5]/span/span"}
RESULT: {"using":"xpath","value":"//table[contains(@id, \"customPersonsAddressesTable-listUl\")]/tbody/tr[1]/td[5]/span/span"}
COMMAND: POST /session/265f7d61ded080d1a0cabd8d9d08a0a4/element - {"using":"xpath","value":"//span[@id=\"application-addressmanagement-display-component---masterAdm--smartTable-header-inner\"]"}
RESULT: {"using":"xpath","value":"//span[@id=\"application-addressmanagement-display-component---masterAdm--smartTable-header-inner\"]"}
COMMAND: POST /session/265f7d61ded080d1a0cabd8d9d08a0a4/elements - {"using":"xpath","value":"//span[@id=\"application-addressmanagement-display-component---masterAdm--smartTable-header-inner\"]"}
RESULT: {"using":"xpath","value":"//span[@id=\"application-addressmanagement-display-component---masterAdm--smartTable-header-inner\"]"}
COMMAND: POST /session/265f7d61ded080d1a0cabd8d9d08a0a4/execute/sync - {"script":"<script> [56 bytes]","args":[{"element-6066-11e4-a52e-4f735466cecf":"f.6B1E6F8ADECCD69D02A5807012A29A16.d.3CACAFA1C96B0467C392920138C83D97.e.436","ELEMENT":"f.6B1E6F8ADECCD69D02A5807012A29A16.d.3CACAFA1C96B0467C392920138C83D97.e.436"}]}
RESULT: {"script":"<script> [56 bytes]","args":[{"element-6066-11e4-a52e-4f735466cecf":"f.6B1E6F8ADECCD69D02A5807012A29A16.d.3CACAFA1C96B0467C392920138C83D97.e.436","ELEMENT":"f.6B1E6F8ADECCD69D02A5807012A29A16.d.3CACAFA1C96B0467C392920138C83D97.e.436"}]}
COMMAND: POST /session/265f7d61ded080d1a0cabd8d9d08a0a4/element - {"using":"xpath","value":"//button[@data-kt=\"addButton\"]"}
COMMAND: GET /session/265f7d61ded080d1a0cabd8d9d08a0a4/screenshot - {}
RESULT: {"using":"xpath","value":"//button[@data-kt=\"addButton\"]"}
COMMAND: POST /session/265f7d61ded080d1a0cabd8d9d08a0a4/element/f.6B1E6F8ADECCD69D02A5807012A29A16.d.3CACAFA1C96B0467C392920138C83D97.e.305/click - {}
RESULT: {}
RESULT: {}
COMMAND: GET /session/265f7d61ded080d1a0cabd8d9d08a0a4/screenshot - {}
RESULT: {}
COMMAND: POST /session/265f7d61ded080d1a0cabd8d9d08a0a4/execute/async - {"script":"<script> [1562 bytes]","args":[{"selector":{"controlType":"sap.ui.core.Icon","viewName":"etm.portal.ui.addressmanagement.view.NewAddress","properties":{"src":{"regex":{"source":"slim\\-arrow\\-down"}}},"ancestor":{"id":"addressTitle","viewName":"etm.portal.ui.addressmanagement.view.NewAddress"}},"wdio_ui5_key":"etmportal.ui.addressmanagement.view.NewAddresssap.ui.core.Icon{\"src\":{\"regex\":{\"source\":\"slim\\\\-arrow\\\\-down\"}}}{\"id\":\"addressTitle\",\"viewName\":\"etm.portal.ui.addressmanagement.view.NewAddress\"}"}]}
RESULT: {"script":"<script> [1562 bytes]","args":[{"selector":{"controlType":"sap.ui.core.Icon","viewName":"etm.portal.ui.addressmanagement.view.NewAddress","properties":{"src":{"regex":{"source":"slim\\-arrow\\-down"}}},"ancestor":{"id":"addressTitle","viewName":"etm.portal.ui.addressmanagement.view.NewAddress"}},"wdio_ui5_key":"etmportal.ui.addressmanagement.view.NewAddresssap.ui.core.Icon{\"src\":{\"regex\":{\"source\":\"slim\\\\-arrow\\\\-down\"}}}{\"id\":\"addressTitle\",\"viewName\":\"etm.portal.ui.addressmanagement.view.NewAddress\"}"}]}
RESULT: undefined
COMMAND: POST /session/265f7d61ded080d1a0cabd8d9d08a0a4/element - {"using":"xpath","value":"//*[@id=\"__xmlview58--addressTitle-arrow\"]"}
RESULT: {"using":"xpath","value":"//*[@id=\"__xmlview58--addressTitle-arrow\"]"}
COMMAND: POST /session/265f7d61ded080d1a0cabd8d9d08a0a4/element/f.6B1E6F8ADECCD69D02A5807012A29A16.d.3CACAFA1C96B0467C392920138C83D97.e.496/click - {}
RESULT: {}
COMMAND: GET /session/265f7d61ded080d1a0cabd8d9d08a0a4/screenshot - {}
RESULT: {}
COMMAND: POST /session/265f7d61ded080d1a0cabd8d9d08a0a4/element - {"using":"xpath","value":"//li[.//span[text()=\"Dr.\"]]"}
RESULT: {"using":"xpath","value":"//li[.//span[text()=\"Dr.\"]]"}
COMMAND: POST /session/265f7d61ded080d1a0cabd8d9d08a0a4/element/f.6B1E6F8ADECCD69D02A5807012A29A16.d.3CACAFA1C96B0467C392920138C83D97.e.573/click - {}
RESULT: {}
COMMAND: POST /session/265f7d61ded080d1a0cabd8d9d08a0a4/execute/async - {"script":"<script> [1562 bytes]","args":[{"selector":{"controlType":"sap.ui.core.Icon","viewName":"etm.portal.ui.addressmanagement.view.NewAddress","properties":{"src":{"regex":{"source":"slim\\-arrow\\-down"}}},"ancestor":{"id":"addressDetailDetailsLanguage","viewName":"etm.portal.ui.addressmanagement.view.NewAddress"}},"wdio_ui5_key":"etmportal.ui.addressmanagement.view.NewAddresssap.ui.core.Icon{\"src\":{\"regex\":{\"source\":\"slim\\\\-arrow\\\\-down\"}}}{\"id\":\"addressDetailDetailsLanguage\",\"viewName\":\"etm.portal.ui.addressmanagement.view.NewAddress\"}"}]}
COMMAND: GET /session/265f7d61ded080d1a0cabd8d9d08a0a4/screenshot - {}
RESULT: {"script":"<script> [1562 bytes]","args":[{"selector":{"controlType":"sap.ui.core.Icon","viewName":"etm.portal.ui.addressmanagement.view.NewAddress","properties":{"src":{"regex":{"source":"slim\\-arrow\\-down"}}},"ancestor":{"id":"addressDetailDetailsLanguage","viewName":"etm.portal.ui.addressmanagement.view.NewAddress"}},"wdio_ui5_key":"etmportal.ui.addressmanagement.view.NewAddresssap.ui.core.Icon{\"src\":{\"regex\":{\"source\":\"slim\\\\-arrow\\\\-down\"}}}{\"id\":\"addressDetailDetailsLanguage\",\"viewName\":\"etm.portal.ui.addressmanagement.view.NewAddress\"}"}]}
RESULT: undefined
COMMAND: POST /session/265f7d61ded080d1a0cabd8d9d08a0a4/element - {"using":"xpath","value":"//*[@id=\"__xmlview58--addressDetailDetailsLanguage-arrow\"]"}
RESULT: {}
RESULT: {"using":"xpath","value":"//*[@id=\"__xmlview58--addressDetailDetailsLanguage-arrow\"]"}
COMMAND: POST /session/265f7d61ded080d1a0cabd8d9d08a0a4/element/f.6B1E6F8ADECCD69D02A5807012A29A16.d.3CACAFA1C96B0467C392920138C83D97.e.509/click - {}
RESULT: {}
COMMAND: GET /session/265f7d61ded080d1a0cabd8d9d08a0a4/screenshot - {}
RESULT: {}
COMMAND: POST /session/265f7d61ded080d1a0cabd8d9d08a0a4/element - {"using":"xpath","value":"//span[contains(text(), \"English\")]"}
RESULT: {"using":"xpath","value":"//span[contains(text(), \"English\")]"}
COMMAND: POST /session/265f7d61ded080d1a0cabd8d9d08a0a4/element/f.6B1E6F8ADECCD69D02A5807012A29A16.d.3CACAFA1C96B0467C392920138C83D97.e.574/click - {}
RESULT: {}
COMMAND: POST /session/265f7d61ded080d1a0cabd8d9d08a0a4/execute/async - {"script":"<script> [1562 bytes]","args":[{"selector":{"controlType":"sap.m.Input","viewName":"etm.portal.ui.addressmanagement.view.NewAddress","labelFor":{"text":"Name"},"interaction":{"idSuffix":"inner"}},"wdio_ui5_key":"etmportal.ui.addressmanagement.view.NewAddresssap.m.Input{\"text\":\"Name\"}"}]}
COMMAND: GET /session/265f7d61ded080d1a0cabd8d9d08a0a4/screenshot - {}
RESULT: {"script":"<script> [1562 bytes]","args":[{"selector":{"controlType":"sap.m.Input","viewName":"etm.portal.ui.addressmanagement.view.NewAddress","labelFor":{"text":"Name"},"interaction":{"idSuffix":"inner"}},"wdio_ui5_key":"etmportal.ui.addressmanagement.view.NewAddresssap.m.Input{\"text\":\"Name\"}"}]}
RESULT: undefined
COMMAND: POST /session/265f7d61ded080d1a0cabd8d9d08a0a4/execute/async - {"script":"<script> [776 bytes]","args":[{"enterText":"wBpOKgRIh5","selector":{"controlType":"sap.m.Input","viewName":"etm.portal.ui.addressmanagement.view.NewAddress","labelFor":{"text":"Name"},"interaction":{"idSuffix":"inner"}},"clearTextFirst":true,"interactionType":"ENTER_TEXT"}]}
RESULT: {}
RESULT: {"script":"<script> [776 bytes]","args":[{"enterText":"wBpOKgRIh5","selector":{"controlType":"sap.m.Input","viewName":"etm.portal.ui.addressmanagement.view.NewAddress","labelFor":{"text":"Name"},"interaction":{"idSuffix":"inner"}},"clearTextFirst":true,"interactionType":"ENTER_TEXT"}]}
COMMAND: POST /session/265f7d61ded080d1a0cabd8d9d08a0a4/element - {"using":"xpath","value":"//button[@title=\"Save\"]"}
RESULT: {"using":"xpath","value":"//button[@title=\"Save\"]"}
COMMAND: POST /session/265f7d61ded080d1a0cabd8d9d08a0a4/element/f.6B1E6F8ADECCD69D02A5807012A29A16.d.3CACAFA1C96B0467C392920138C83D97.e.562/click - {}
RESULT: {}
COMMAND: GET /session/265f7d61ded080d1a0cabd8d9d08a0a4/screenshot - {}
RESULT: {}
COMMAND: POST /session/265f7d61ded080d1a0cabd8d9d08a0a4/element - {"using":"xpath","value":"//header[contains(@id, \"application-addressmanagement-display-component---detailAdm--ObjectPageLayout-headerTitle\")]/div[1]/div[3]/div[2]/span"}
RESULT: {"using":"xpath","value":"//header[contains(@id, \"application-addressmanagement-display-component---detailAdm--ObjectPageLayout-headerTitle\")]/div[1]/div[3]/div[2]/span"}
COMMAND: POST /session/265f7d61ded080d1a0cabd8d9d08a0a4/elements - {"using":"xpath","value":"//header[contains(@id, \"application-addressmanagement-display-component---detailAdm--ObjectPageLayout-headerTitle\")]/div[1]/div[3]/div[2]/span"}
RESULT: {"using":"xpath","value":"//header[contains(@id, \"application-addressmanagement-display-component---detailAdm--ObjectPageLayout-headerTitle\")]/div[1]/div[3]/div[2]/span"}
COMMAND: POST /session/265f7d61ded080d1a0cabd8d9d08a0a4/execute/sync - {"script":"<script> [56 bytes]","args":[{"element-6066-11e4-a52e-4f735466cecf":"f.6B1E6F8ADECCD69D02A5807012A29A16.d.3CACAFA1C96B0467C392920138C83D97.e.595","ELEMENT":"f.6B1E6F8ADECCD69D02A5807012A29A16.d.3CACAFA1C96B0467C392920138C83D97.e.595"}]}
RESULT: {"script":"<script> [56 bytes]","args":[{"element-6066-11e4-a52e-4f735466cecf":"f.6B1E6F8ADECCD69D02A5807012A29A16.d.3CACAFA1C96B0467C392920138C83D97.e.595","ELEMENT":"f.6B1E6F8ADECCD69D02A5807012A29A16.d.3CACAFA1C96B0467C392920138C83D97.e.595"}]}
COMMAND: GET /session/265f7d61ded080d1a0cabd8d9d08a0a4/screenshot - {}
RESULT: {}
COMMAND: POST /session/265f7d61ded080d1a0cabd8d9d08a0a4/element - {"using":"css selector","value":"#shell-header-logo"}
RESULT: {"using":"css selector","value":"#shell-header-logo"}
COMMAND: POST /session/265f7d61ded080d1a0cabd8d9d08a0a4/element/f.6B1E6F8ADECCD69D02A5807012A29A16.d.3CACAFA1C96B0467C392920138C83D97.e.256/click - {}
RESULT: {}
COMMAND: GET /session/265f7d61ded080d1a0cabd8d9d08a0a4/screenshot - {}
RESULT: {}
]]></system-out>
    </testcase>
    <testcase classname="chrome.136_0_7103_93.windows.Address_Management_Tests_US156181_US151165_US151160_US156180_US156178_US151157_US151172_US151170_US151166_US151168" name="Step 2 Should deactivate the created address in earlier step US151165" time="51.789">
      <system-out><![CDATA[
RESULT: undefined
COMMAND: POST /session/265f7d61ded080d1a0cabd8d9d08a0a4/element - {"using":"xpath","value":"//*[@id=\"__tile33\"]"}
RESULT: {"using":"xpath","value":"//*[@id=\"__tile33\"]"}
COMMAND: POST /session/265f7d61ded080d1a0cabd8d9d08a0a4/element/f.6B1E6F8ADECCD69D02A5807012A29A16.d.3CACAFA1C96B0467C392920138C83D97.e.207/click - {}
RESULT: {}
COMMAND: GET /session/265f7d61ded080d1a0cabd8d9d08a0a4/screenshot - {}
RESULT: {}
COMMAND: POST /session/265f7d61ded080d1a0cabd8d9d08a0a4/elements - {"using":"xpath","value":"//span[text()='Error']"}
RESULT: {"using":"xpath","value":"//span[text()='Error']"}
COMMAND: POST /session/265f7d61ded080d1a0cabd8d9d08a0a4/element - {"using":"xpath","value":"//button[@data-kt=\"addButton\"]"}
RESULT: {"using":"xpath","value":"//button[@data-kt=\"addButton\"]"}
COMMAND: POST /session/265f7d61ded080d1a0cabd8d9d08a0a4/elements - {"using":"xpath","value":"//button[@data-kt=\"addButton\"]"}
RESULT: {"using":"xpath","value":"//button[@data-kt=\"addButton\"]"}
COMMAND: POST /session/265f7d61ded080d1a0cabd8d9d08a0a4/execute/sync - {"script":"<script> [8489 bytes]","args":[{"element-6066-11e4-a52e-4f735466cecf":"f.6B1E6F8ADECCD69D02A5807012A29A16.d.3CACAFA1C96B0467C392920138C83D97.e.642","ELEMENT":"f.6B1E6F8ADECCD69D02A5807012A29A16.d.3CACAFA1C96B0467C392920138C83D97.e.642"}]}
RESULT: {"script":"<script> [8489 bytes]","args":[{"element-6066-11e4-a52e-4f735466cecf":"f.6B1E6F8ADECCD69D02A5807012A29A16.d.3CACAFA1C96B0467C392920138C83D97.e.642","ELEMENT":"f.6B1E6F8ADECCD69D02A5807012A29A16.d.3CACAFA1C96B0467C392920138C83D97.e.642"}]}
COMMAND: GET /session/265f7d61ded080d1a0cabd8d9d08a0a4/element/f.6B1E6F8ADECCD69D02A5807012A29A16.d.3CACAFA1C96B0467C392920138C83D97.e.642/enabled - {}
COMMAND: GET /session/265f7d61ded080d1a0cabd8d9d08a0a4/screenshot - {}
RESULT: {}
COMMAND: POST /session/265f7d61ded080d1a0cabd8d9d08a0a4/execute/sync - {"script":"<script> [8489 bytes]","args":[{"element-6066-11e4-a52e-4f735466cecf":"f.6B1E6F8ADECCD69D02A5807012A29A16.d.3CACAFA1C96B0467C392920138C83D97.e.642","ELEMENT":"f.6B1E6F8ADECCD69D02A5807012A29A16.d.3CACAFA1C96B0467C392920138C83D97.e.642"}]}
COMMAND: GET /session/265f7d61ded080d1a0cabd8d9d08a0a4/screenshot - {}
RESULT: {}
RESULT: {"script":"<script> [8489 bytes]","args":[{"element-6066-11e4-a52e-4f735466cecf":"f.6B1E6F8ADECCD69D02A5807012A29A16.d.3CACAFA1C96B0467C392920138C83D97.e.642","ELEMENT":"f.6B1E6F8ADECCD69D02A5807012A29A16.d.3CACAFA1C96B0467C392920138C83D97.e.642"}]}
COMMAND: POST /session/265f7d61ded080d1a0cabd8d9d08a0a4/execute/sync - {"script":"<script> [5351 bytes]","args":[{"element-6066-11e4-a52e-4f735466cecf":"f.6B1E6F8ADECCD69D02A5807012A29A16.d.3CACAFA1C96B0467C392920138C83D97.e.642","ELEMENT":"f.6B1E6F8ADECCD69D02A5807012A29A16.d.3CACAFA1C96B0467C392920138C83D97.e.642"}]}
COMMAND: GET /session/265f7d61ded080d1a0cabd8d9d08a0a4/screenshot - {}
RESULT: {}
RESULT: {"script":"<script> [5351 bytes]","args":[{"element-6066-11e4-a52e-4f735466cecf":"f.6B1E6F8ADECCD69D02A5807012A29A16.d.3CACAFA1C96B0467C392920138C83D97.e.642","ELEMENT":"f.6B1E6F8ADECCD69D02A5807012A29A16.d.3CACAFA1C96B0467C392920138C83D97.e.642"}]}
COMMAND: GET /session/265f7d61ded080d1a0cabd8d9d08a0a4/screenshot - {}
RESULT: {}
RESULT: {}
RESULT: undefined
COMMAND: POST /session/265f7d61ded080d1a0cabd8d9d08a0a4/execute/async - {"script":"<script> [776 bytes]","args":[{"enterText":"wBpOKgRIh5","selector":{"id":"application-addressmanagement-display-component---masterAdm--smartFilterBar-btnBasicSearch","interaction":{"idSuffix":"I"}},"clearTextFirst":true,"interactionType":"ENTER_TEXT"}]}
RESULT: {"script":"<script> [776 bytes]","args":[{"enterText":"wBpOKgRIh5","selector":{"id":"application-addressmanagement-display-component---masterAdm--smartFilterBar-btnBasicSearch","interaction":{"idSuffix":"I"}},"clearTextFirst":true,"interactionType":"ENTER_TEXT"}]}
COMMAND: POST /session/265f7d61ded080d1a0cabd8d9d08a0a4/actions - {"actions":[{"id":"action2","type":"key","parameters":{},"actions":[{"type":"keyDown","value":"î€‡"},{"type":"pause","duration":10},{"type":"keyUp","value":"î€‡"}]}]}
RESULT: {"actions":[{"id":"action2","type":"key","parameters":{},"actions":[{"type":"keyDown","value":"î€‡"},{"type":"pause","duration":10},{"type":"keyUp","value":"î€‡"}]}]}
COMMAND: GET /session/265f7d61ded080d1a0cabd8d9d08a0a4/screenshot - {}
RESULT: {}
COMMAND: POST /session/265f7d61ded080d1a0cabd8d9d08a0a4/elements - {"using":"xpath","value":"//table[contains(@id, \"customPersonsAddressesTable-listUl\")]/tbody/tr"}
RESULT: {"using":"xpath","value":"//table[contains(@id, \"customPersonsAddressesTable-listUl\")]/tbody/tr"}
COMMAND: POST /session/265f7d61ded080d1a0cabd8d9d08a0a4/element - {"using":"xpath","value":"//table[contains(@id, \"customPersonsAddressesTable-listUl\")]/tbody/tr[1]/td[5]/span/span"}
RESULT: {"using":"xpath","value":"//table[contains(@id, \"customPersonsAddressesTable-listUl\")]/tbody/tr[1]/td[5]/span/span"}
COMMAND: POST /session/265f7d61ded080d1a0cabd8d9d08a0a4/element - {"using":"xpath","value":"//table[contains(@id, \"customPersonsAddressesTable-listUl\")]/tbody/tr[1]/td[3]/span"}
RESULT: {"using":"xpath","value":"//table[contains(@id, \"customPersonsAddressesTable-listUl\")]/tbody/tr[1]/td[3]/span"}
COMMAND: POST /session/265f7d61ded080d1a0cabd8d9d08a0a4/elements - {"using":"xpath","value":"//table[contains(@id, \"customPersonsAddressesTable-listUl\")]/tbody/tr[1]/td[5]/span/span"}
RESULT: {"using":"xpath","value":"//table[contains(@id, \"customPersonsAddressesTable-listUl\")]/tbody/tr[1]/td[5]/span/span"}
COMMAND: POST /session/265f7d61ded080d1a0cabd8d9d08a0a4/execute/sync - {"script":"<script> [56 bytes]","args":[{"element-6066-11e4-a52e-4f735466cecf":"f.6B1E6F8ADECCD69D02A5807012A29A16.d.3CACAFA1C96B0467C392920138C83D97.e.788","ELEMENT":"f.6B1E6F8ADECCD69D02A5807012A29A16.d.3CACAFA1C96B0467C392920138C83D97.e.788"}]}
RESULT: {"script":"<script> [56 bytes]","args":[{"element-6066-11e4-a52e-4f735466cecf":"f.6B1E6F8ADECCD69D02A5807012A29A16.d.3CACAFA1C96B0467C392920138C83D97.e.788","ELEMENT":"f.6B1E6F8ADECCD69D02A5807012A29A16.d.3CACAFA1C96B0467C392920138C83D97.e.788"}]}
COMMAND: POST /session/265f7d61ded080d1a0cabd8d9d08a0a4/execute/sync - {"script":"<script> [56 bytes]","args":[{"element-6066-11e4-a52e-4f735466cecf":"f.6B1E6F8ADECCD69D02A5807012A29A16.d.3CACAFA1C96B0467C392920138C83D97.e.789","ELEMENT":"f.6B1E6F8ADECCD69D02A5807012A29A16.d.3CACAFA1C96B0467C392920138C83D97.e.789"}]}
COMMAND: GET /session/265f7d61ded080d1a0cabd8d9d08a0a4/screenshot - {}
RESULT: {"script":"<script> [56 bytes]","args":[{"element-6066-11e4-a52e-4f735466cecf":"f.6B1E6F8ADECCD69D02A5807012A29A16.d.3CACAFA1C96B0467C392920138C83D97.e.789","ELEMENT":"f.6B1E6F8ADECCD69D02A5807012A29A16.d.3CACAFA1C96B0467C392920138C83D97.e.789"}]}
COMMAND: POST /session/265f7d61ded080d1a0cabd8d9d08a0a4/element - {"using":"xpath","value":"//table[contains(@id, \"customPersonsAddressesTable-listUl\")]/tbody/tr[1]/td[10]/div/span"}
COMMAND: GET /session/265f7d61ded080d1a0cabd8d9d08a0a4/screenshot - {}
RESULT: {}
RESULT: {"using":"xpath","value":"//table[contains(@id, \"customPersonsAddressesTable-listUl\")]/tbody/tr[1]/td[10]/div/span"}
COMMAND: POST /session/265f7d61ded080d1a0cabd8d9d08a0a4/execute/sync - {"script":"<script> [56 bytes]","args":[{"element-6066-11e4-a52e-4f735466cecf":"f.6B1E6F8ADECCD69D02A5807012A29A16.d.3CACAFA1C96B0467C392920138C83D97.e.790","ELEMENT":"f.6B1E6F8ADECCD69D02A5807012A29A16.d.3CACAFA1C96B0467C392920138C83D97.e.790"}]}
RESULT: {}
RESULT: {"script":"<script> [56 bytes]","args":[{"element-6066-11e4-a52e-4f735466cecf":"f.6B1E6F8ADECCD69D02A5807012A29A16.d.3CACAFA1C96B0467C392920138C83D97.e.790","ELEMENT":"f.6B1E6F8ADECCD69D02A5807012A29A16.d.3CACAFA1C96B0467C392920138C83D97.e.790"}]}
COMMAND: POST /session/265f7d61ded080d1a0cabd8d9d08a0a4/element - {"using":"xpath","value":"//table[contains(@id, \"customPersonsAddressesTable-listUl\")]/tbody/tr[1]/td[2]/div/div"}
COMMAND: GET /session/265f7d61ded080d1a0cabd8d9d08a0a4/screenshot - {}
RESULT: {"using":"xpath","value":"//table[contains(@id, \"customPersonsAddressesTable-listUl\")]/tbody/tr[1]/td[2]/div/div"}
COMMAND: POST /session/265f7d61ded080d1a0cabd8d9d08a0a4/element/f.6B1E6F8ADECCD69D02A5807012A29A16.d.3CACAFA1C96B0467C392920138C83D97.e.791/click - {}
RESULT: {}
RESULT: {}
COMMAND: GET /session/265f7d61ded080d1a0cabd8d9d08a0a4/screenshot - {}
RESULT: {}
COMMAND: POST /session/265f7d61ded080d1a0cabd8d9d08a0a4/element - {"using":"xpath","value":"//bdi[contains(text(), \"Deactivate\")]"}
RESULT: {"using":"xpath","value":"//bdi[contains(text(), \"Deactivate\")]"}
COMMAND: POST /session/265f7d61ded080d1a0cabd8d9d08a0a4/element/f.6B1E6F8ADECCD69D02A5807012A29A16.d.3CACAFA1C96B0467C392920138C83D97.e.792/click - {}
RESULT: {}
COMMAND: GET /session/265f7d61ded080d1a0cabd8d9d08a0a4/screenshot - {}
RESULT: {}
COMMAND: POST /session/265f7d61ded080d1a0cabd8d9d08a0a4/element - {"using":"xpath","value":"//bdi[contains(text(), \"Yes\")]"}
RESULT: {"using":"xpath","value":"//bdi[contains(text(), \"Yes\")]"}
COMMAND: POST /session/265f7d61ded080d1a0cabd8d9d08a0a4/element/f.6B1E6F8ADECCD69D02A5807012A29A16.d.3CACAFA1C96B0467C392920138C83D97.e.794/click - {}
RESULT: {}
COMMAND: GET /session/265f7d61ded080d1a0cabd8d9d08a0a4/screenshot - {}
RESULT: {}
COMMAND: POST /session/265f7d61ded080d1a0cabd8d9d08a0a4/element - {"using":"xpath","value":"//table[contains(@id, \"customPersonsAddressesTable-listUl\")]/tbody/tr[1]/td[10]/div/span"}
RESULT: {"using":"xpath","value":"//table[contains(@id, \"customPersonsAddressesTable-listUl\")]/tbody/tr[1]/td[10]/div/span"}
COMMAND: POST /session/265f7d61ded080d1a0cabd8d9d08a0a4/execute/sync - {"script":"<script> [56 bytes]","args":[{"element-6066-11e4-a52e-4f735466cecf":"f.6B1E6F8ADECCD69D02A5807012A29A16.d.3CACAFA1C96B0467C392920138C83D97.e.790","ELEMENT":"f.6B1E6F8ADECCD69D02A5807012A29A16.d.3CACAFA1C96B0467C392920138C83D97.e.790"}]}
RESULT: {"script":"<script> [56 bytes]","args":[{"element-6066-11e4-a52e-4f735466cecf":"f.6B1E6F8ADECCD69D02A5807012A29A16.d.3CACAFA1C96B0467C392920138C83D97.e.790","ELEMENT":"f.6B1E6F8ADECCD69D02A5807012A29A16.d.3CACAFA1C96B0467C392920138C83D97.e.790"}]}
COMMAND: GET /session/265f7d61ded080d1a0cabd8d9d08a0a4/screenshot - {}
RESULT: {}
COMMAND: POST /session/265f7d61ded080d1a0cabd8d9d08a0a4/element - {"using":"css selector","value":"#shell-header-logo"}
RESULT: {"using":"css selector","value":"#shell-header-logo"}
COMMAND: POST /session/265f7d61ded080d1a0cabd8d9d08a0a4/element/f.6B1E6F8ADECCD69D02A5807012A29A16.d.3CACAFA1C96B0467C392920138C83D97.e.600/click - {}
RESULT: {}
COMMAND: GET /session/265f7d61ded080d1a0cabd8d9d08a0a4/screenshot - {}
RESULT: {}
]]></system-out>
    </testcase>
    <testcase classname="chrome.136_0_7103_93.windows.Address_Management_Tests_US156181_US151165_US151160_US156180_US156178_US151157_US151172_US151170_US151166_US151168" name="Step 3 Should activate the created address back again US151160" time="45.798">
      <system-out><![CDATA[
RESULT: undefined
COMMAND: POST /session/265f7d61ded080d1a0cabd8d9d08a0a4/element - {"using":"xpath","value":"//*[@id=\"__tile33\"]"}
RESULT: {"using":"xpath","value":"//*[@id=\"__tile33\"]"}
COMMAND: POST /session/265f7d61ded080d1a0cabd8d9d08a0a4/element/f.6B1E6F8ADECCD69D02A5807012A29A16.d.3CACAFA1C96B0467C392920138C83D97.e.207/click - {}
RESULT: {}
COMMAND: GET /session/265f7d61ded080d1a0cabd8d9d08a0a4/screenshot - {}
COMMAND: POST /session/265f7d61ded080d1a0cabd8d9d08a0a4/elements - {"using":"xpath","value":"//span[text()='Error']"}
RESULT: {}
RESULT: {"using":"xpath","value":"//span[text()='Error']"}
COMMAND: POST /session/265f7d61ded080d1a0cabd8d9d08a0a4/element - {"using":"xpath","value":"//button[@data-kt=\"addButton\"]"}
RESULT: {"using":"xpath","value":"//button[@data-kt=\"addButton\"]"}
COMMAND: POST /session/265f7d61ded080d1a0cabd8d9d08a0a4/elements - {"using":"xpath","value":"//button[@data-kt=\"addButton\"]"}
RESULT: {"using":"xpath","value":"//button[@data-kt=\"addButton\"]"}
COMMAND: POST /session/265f7d61ded080d1a0cabd8d9d08a0a4/execute/sync - {"script":"<script> [8489 bytes]","args":[{"element-6066-11e4-a52e-4f735466cecf":"f.6B1E6F8ADECCD69D02A5807012A29A16.d.3CACAFA1C96B0467C392920138C83D97.e.845","ELEMENT":"f.6B1E6F8ADECCD69D02A5807012A29A16.d.3CACAFA1C96B0467C392920138C83D97.e.845"}]}
RESULT: {"script":"<script> [8489 bytes]","args":[{"element-6066-11e4-a52e-4f735466cecf":"f.6B1E6F8ADECCD69D02A5807012A29A16.d.3CACAFA1C96B0467C392920138C83D97.e.845","ELEMENT":"f.6B1E6F8ADECCD69D02A5807012A29A16.d.3CACAFA1C96B0467C392920138C83D97.e.845"}]}
COMMAND: GET /session/265f7d61ded080d1a0cabd8d9d08a0a4/element/f.6B1E6F8ADECCD69D02A5807012A29A16.d.3CACAFA1C96B0467C392920138C83D97.e.845/enabled - {}
COMMAND: GET /session/265f7d61ded080d1a0cabd8d9d08a0a4/screenshot - {}
RESULT: {}
COMMAND: POST /session/265f7d61ded080d1a0cabd8d9d08a0a4/execute/sync - {"script":"<script> [8489 bytes]","args":[{"element-6066-11e4-a52e-4f735466cecf":"f.6B1E6F8ADECCD69D02A5807012A29A16.d.3CACAFA1C96B0467C392920138C83D97.e.845","ELEMENT":"f.6B1E6F8ADECCD69D02A5807012A29A16.d.3CACAFA1C96B0467C392920138C83D97.e.845"}]}
COMMAND: GET /session/265f7d61ded080d1a0cabd8d9d08a0a4/screenshot - {}
RESULT: {}
RESULT: {"script":"<script> [8489 bytes]","args":[{"element-6066-11e4-a52e-4f735466cecf":"f.6B1E6F8ADECCD69D02A5807012A29A16.d.3CACAFA1C96B0467C392920138C83D97.e.845","ELEMENT":"f.6B1E6F8ADECCD69D02A5807012A29A16.d.3CACAFA1C96B0467C392920138C83D97.e.845"}]}
COMMAND: POST /session/265f7d61ded080d1a0cabd8d9d08a0a4/execute/sync - {"script":"<script> [5351 bytes]","args":[{"element-6066-11e4-a52e-4f735466cecf":"f.6B1E6F8ADECCD69D02A5807012A29A16.d.3CACAFA1C96B0467C392920138C83D97.e.845","ELEMENT":"f.6B1E6F8ADECCD69D02A5807012A29A16.d.3CACAFA1C96B0467C392920138C83D97.e.845"}]}
COMMAND: GET /session/265f7d61ded080d1a0cabd8d9d08a0a4/screenshot - {}
RESULT: {}
RESULT: {"script":"<script> [5351 bytes]","args":[{"element-6066-11e4-a52e-4f735466cecf":"f.6B1E6F8ADECCD69D02A5807012A29A16.d.3CACAFA1C96B0467C392920138C83D97.e.845","ELEMENT":"f.6B1E6F8ADECCD69D02A5807012A29A16.d.3CACAFA1C96B0467C392920138C83D97.e.845"}]}
COMMAND: GET /session/265f7d61ded080d1a0cabd8d9d08a0a4/screenshot - {}
RESULT: {}
RESULT: {}
RESULT: undefined
COMMAND: POST /session/265f7d61ded080d1a0cabd8d9d08a0a4/execute/async - {"script":"<script> [776 bytes]","args":[{"enterText":"wBpOKgRIh5","selector":{"id":"application-addressmanagement-display-component---masterAdm--smartFilterBar-btnBasicSearch","interaction":{"idSuffix":"I"}},"clearTextFirst":true,"interactionType":"ENTER_TEXT"}]}
RESULT: {"script":"<script> [776 bytes]","args":[{"enterText":"wBpOKgRIh5","selector":{"id":"application-addressmanagement-display-component---masterAdm--smartFilterBar-btnBasicSearch","interaction":{"idSuffix":"I"}},"clearTextFirst":true,"interactionType":"ENTER_TEXT"}]}
COMMAND: POST /session/265f7d61ded080d1a0cabd8d9d08a0a4/actions - {"actions":[{"id":"action3","type":"key","parameters":{},"actions":[{"type":"keyDown","value":"î€‡"},{"type":"pause","duration":10},{"type":"keyUp","value":"î€‡"}]}]}
RESULT: {"actions":[{"id":"action3","type":"key","parameters":{},"actions":[{"type":"keyDown","value":"î€‡"},{"type":"pause","duration":10},{"type":"keyUp","value":"î€‡"}]}]}
COMMAND: GET /session/265f7d61ded080d1a0cabd8d9d08a0a4/screenshot - {}
RESULT: {}
COMMAND: POST /session/265f7d61ded080d1a0cabd8d9d08a0a4/elements - {"using":"xpath","value":"//table[contains(@id, \"customPersonsAddressesTable-listUl\")]/tbody/tr"}
RESULT: {"using":"xpath","value":"//table[contains(@id, \"customPersonsAddressesTable-listUl\")]/tbody/tr"}
COMMAND: POST /session/265f7d61ded080d1a0cabd8d9d08a0a4/element - {"using":"xpath","value":"//table[contains(@id, \"customPersonsAddressesTable-listUl\")]/tbody/tr[1]/td[5]/span/span"}
RESULT: {"using":"xpath","value":"//table[contains(@id, \"customPersonsAddressesTable-listUl\")]/tbody/tr[1]/td[5]/span/span"}
COMMAND: POST /session/265f7d61ded080d1a0cabd8d9d08a0a4/element - {"using":"xpath","value":"//table[contains(@id, \"customPersonsAddressesTable-listUl\")]/tbody/tr[1]/td[3]/span"}
RESULT: {"using":"xpath","value":"//table[contains(@id, \"customPersonsAddressesTable-listUl\")]/tbody/tr[1]/td[3]/span"}
COMMAND: POST /session/265f7d61ded080d1a0cabd8d9d08a0a4/elements - {"using":"xpath","value":"//table[contains(@id, \"customPersonsAddressesTable-listUl\")]/tbody/tr[1]/td[5]/span/span"}
RESULT: {"using":"xpath","value":"//table[contains(@id, \"customPersonsAddressesTable-listUl\")]/tbody/tr[1]/td[5]/span/span"}
COMMAND: POST /session/265f7d61ded080d1a0cabd8d9d08a0a4/execute/sync - {"script":"<script> [56 bytes]","args":[{"element-6066-11e4-a52e-4f735466cecf":"f.6B1E6F8ADECCD69D02A5807012A29A16.d.3CACAFA1C96B0467C392920138C83D97.e.991","ELEMENT":"f.6B1E6F8ADECCD69D02A5807012A29A16.d.3CACAFA1C96B0467C392920138C83D97.e.991"}]}
RESULT: {"script":"<script> [56 bytes]","args":[{"element-6066-11e4-a52e-4f735466cecf":"f.6B1E6F8ADECCD69D02A5807012A29A16.d.3CACAFA1C96B0467C392920138C83D97.e.991","ELEMENT":"f.6B1E6F8ADECCD69D02A5807012A29A16.d.3CACAFA1C96B0467C392920138C83D97.e.991"}]}
COMMAND: POST /session/265f7d61ded080d1a0cabd8d9d08a0a4/execute/sync - {"script":"<script> [56 bytes]","args":[{"element-6066-11e4-a52e-4f735466cecf":"f.6B1E6F8ADECCD69D02A5807012A29A16.d.3CACAFA1C96B0467C392920138C83D97.e.992","ELEMENT":"f.6B1E6F8ADECCD69D02A5807012A29A16.d.3CACAFA1C96B0467C392920138C83D97.e.992"}]}
COMMAND: GET /session/265f7d61ded080d1a0cabd8d9d08a0a4/screenshot - {}
RESULT: {"script":"<script> [56 bytes]","args":[{"element-6066-11e4-a52e-4f735466cecf":"f.6B1E6F8ADECCD69D02A5807012A29A16.d.3CACAFA1C96B0467C392920138C83D97.e.992","ELEMENT":"f.6B1E6F8ADECCD69D02A5807012A29A16.d.3CACAFA1C96B0467C392920138C83D97.e.992"}]}
COMMAND: POST /session/265f7d61ded080d1a0cabd8d9d08a0a4/element - {"using":"xpath","value":"//table[contains(@id, \"customPersonsAddressesTable-listUl\")]/tbody/tr[1]/td[10]/div/span"}
COMMAND: GET /session/265f7d61ded080d1a0cabd8d9d08a0a4/screenshot - {}
RESULT: {}
RESULT: {"using":"xpath","value":"//table[contains(@id, \"customPersonsAddressesTable-listUl\")]/tbody/tr[1]/td[10]/div/span"}
COMMAND: POST /session/265f7d61ded080d1a0cabd8d9d08a0a4/execute/sync - {"script":"<script> [56 bytes]","args":[{"element-6066-11e4-a52e-4f735466cecf":"f.6B1E6F8ADECCD69D02A5807012A29A16.d.3CACAFA1C96B0467C392920138C83D97.e.993","ELEMENT":"f.6B1E6F8ADECCD69D02A5807012A29A16.d.3CACAFA1C96B0467C392920138C83D97.e.993"}]}
RESULT: {}
RESULT: {"script":"<script> [56 bytes]","args":[{"element-6066-11e4-a52e-4f735466cecf":"f.6B1E6F8ADECCD69D02A5807012A29A16.d.3CACAFA1C96B0467C392920138C83D97.e.993","ELEMENT":"f.6B1E6F8ADECCD69D02A5807012A29A16.d.3CACAFA1C96B0467C392920138C83D97.e.993"}]}
COMMAND: POST /session/265f7d61ded080d1a0cabd8d9d08a0a4/element - {"using":"xpath","value":"//table[contains(@id, \"customPersonsAddressesTable-listUl\")]/tbody/tr[1]/td[2]/div/div"}
COMMAND: GET /session/265f7d61ded080d1a0cabd8d9d08a0a4/screenshot - {}
RESULT: {"using":"xpath","value":"//table[contains(@id, \"customPersonsAddressesTable-listUl\")]/tbody/tr[1]/td[2]/div/div"}
COMMAND: POST /session/265f7d61ded080d1a0cabd8d9d08a0a4/element/f.6B1E6F8ADECCD69D02A5807012A29A16.d.3CACAFA1C96B0467C392920138C83D97.e.994/click - {}
RESULT: {}
RESULT: {}
COMMAND: GET /session/265f7d61ded080d1a0cabd8d9d08a0a4/screenshot - {}
RESULT: {}
COMMAND: POST /session/265f7d61ded080d1a0cabd8d9d08a0a4/element - {"using":"xpath","value":"//bdi[contains(text(), \"Activate\")]"}
RESULT: {"using":"xpath","value":"//bdi[contains(text(), \"Activate\")]"}
COMMAND: POST /session/265f7d61ded080d1a0cabd8d9d08a0a4/element/f.6B1E6F8ADECCD69D02A5807012A29A16.d.3CACAFA1C96B0467C392920138C83D97.e.995/click - {}
RESULT: {}
COMMAND: GET /session/265f7d61ded080d1a0cabd8d9d08a0a4/screenshot - {}
RESULT: {}
COMMAND: POST /session/265f7d61ded080d1a0cabd8d9d08a0a4/element - {"using":"xpath","value":"//bdi[contains(text(), \"Yes\")]"}
RESULT: {"using":"xpath","value":"//bdi[contains(text(), \"Yes\")]"}
COMMAND: POST /session/265f7d61ded080d1a0cabd8d9d08a0a4/element/f.6B1E6F8ADECCD69D02A5807012A29A16.d.3CACAFA1C96B0467C392920138C83D97.e.997/click - {}
RESULT: {}
COMMAND: GET /session/265f7d61ded080d1a0cabd8d9d08a0a4/screenshot - {}
RESULT: {}
COMMAND: POST /session/265f7d61ded080d1a0cabd8d9d08a0a4/element - {"using":"xpath","value":"//table[contains(@id, \"customPersonsAddressesTable-listUl\")]/tbody/tr[1]/td[10]/div/span"}
RESULT: {"using":"xpath","value":"//table[contains(@id, \"customPersonsAddressesTable-listUl\")]/tbody/tr[1]/td[10]/div/span"}
COMMAND: POST /session/265f7d61ded080d1a0cabd8d9d08a0a4/execute/sync - {"script":"<script> [56 bytes]","args":[{"element-6066-11e4-a52e-4f735466cecf":"f.6B1E6F8ADECCD69D02A5807012A29A16.d.3CACAFA1C96B0467C392920138C83D97.e.993","ELEMENT":"f.6B1E6F8ADECCD69D02A5807012A29A16.d.3CACAFA1C96B0467C392920138C83D97.e.993"}]}
RESULT: {"script":"<script> [56 bytes]","args":[{"element-6066-11e4-a52e-4f735466cecf":"f.6B1E6F8ADECCD69D02A5807012A29A16.d.3CACAFA1C96B0467C392920138C83D97.e.993","ELEMENT":"f.6B1E6F8ADECCD69D02A5807012A29A16.d.3CACAFA1C96B0467C392920138C83D97.e.993"}]}
COMMAND: GET /session/265f7d61ded080d1a0cabd8d9d08a0a4/screenshot - {}
RESULT: {}
COMMAND: POST /session/265f7d61ded080d1a0cabd8d9d08a0a4/element - {"using":"css selector","value":"#shell-header-logo"}
RESULT: {"using":"css selector","value":"#shell-header-logo"}
COMMAND: POST /session/265f7d61ded080d1a0cabd8d9d08a0a4/element/f.6B1E6F8ADECCD69D02A5807012A29A16.d.3CACAFA1C96B0467C392920138C83D97.e.803/click - {}
RESULT: {}
COMMAND: GET /session/265f7d61ded080d1a0cabd8d9d08a0a4/screenshot - {}
RESULT: {}
]]></system-out>
    </testcase>
    <testcase classname="chrome.136_0_7103_93.windows.Address_Management_Tests_US156181_US151165_US151160_US156180_US156178_US151157_US151172_US151170_US151166_US151168" name="Step 4 Should verify searches US156180 edit person and address US156178" time="93.176">
      <system-out><![CDATA[
RESULT: undefined
COMMAND: POST /session/265f7d61ded080d1a0cabd8d9d08a0a4/element - {"using":"xpath","value":"//*[@id=\"__tile33\"]"}
RESULT: {"using":"xpath","value":"//*[@id=\"__tile33\"]"}
COMMAND: POST /session/265f7d61ded080d1a0cabd8d9d08a0a4/element/f.6B1E6F8ADECCD69D02A5807012A29A16.d.3CACAFA1C96B0467C392920138C83D97.e.207/click - {}
RESULT: {}
COMMAND: GET /session/265f7d61ded080d1a0cabd8d9d08a0a4/screenshot - {}
RESULT: {}
COMMAND: POST /session/265f7d61ded080d1a0cabd8d9d08a0a4/elements - {"using":"xpath","value":"//span[text()='Error']"}
RESULT: {"using":"xpath","value":"//span[text()='Error']"}
COMMAND: POST /session/265f7d61ded080d1a0cabd8d9d08a0a4/element - {"using":"xpath","value":"//button[@data-kt=\"addButton\"]"}
RESULT: {"using":"xpath","value":"//button[@data-kt=\"addButton\"]"}
COMMAND: POST /session/265f7d61ded080d1a0cabd8d9d08a0a4/elements - {"using":"xpath","value":"//button[@data-kt=\"addButton\"]"}
RESULT: {"using":"xpath","value":"//button[@data-kt=\"addButton\"]"}
COMMAND: POST /session/265f7d61ded080d1a0cabd8d9d08a0a4/execute/sync - {"script":"<script> [8489 bytes]","args":[{"element-6066-11e4-a52e-4f735466cecf":"f.6B1E6F8ADECCD69D02A5807012A29A16.d.3CACAFA1C96B0467C392920138C83D97.e.1046","ELEMENT":"f.6B1E6F8ADECCD69D02A5807012A29A16.d.3CACAFA1C96B0467C392920138C83D97.e.1046"}]}
RESULT: {"script":"<script> [8489 bytes]","args":[{"element-6066-11e4-a52e-4f735466cecf":"f.6B1E6F8ADECCD69D02A5807012A29A16.d.3CACAFA1C96B0467C392920138C83D97.e.1046","ELEMENT":"f.6B1E6F8ADECCD69D02A5807012A29A16.d.3CACAFA1C96B0467C392920138C83D97.e.1046"}]}
COMMAND: GET /session/265f7d61ded080d1a0cabd8d9d08a0a4/element/f.6B1E6F8ADECCD69D02A5807012A29A16.d.3CACAFA1C96B0467C392920138C83D97.e.1046/enabled - {}
COMMAND: GET /session/265f7d61ded080d1a0cabd8d9d08a0a4/screenshot - {}
RESULT: {}
COMMAND: POST /session/265f7d61ded080d1a0cabd8d9d08a0a4/execute/sync - {"script":"<script> [8489 bytes]","args":[{"element-6066-11e4-a52e-4f735466cecf":"f.6B1E6F8ADECCD69D02A5807012A29A16.d.3CACAFA1C96B0467C392920138C83D97.e.1046","ELEMENT":"f.6B1E6F8ADECCD69D02A5807012A29A16.d.3CACAFA1C96B0467C392920138C83D97.e.1046"}]}
COMMAND: GET /session/265f7d61ded080d1a0cabd8d9d08a0a4/screenshot - {}
RESULT: {}
RESULT: {"script":"<script> [8489 bytes]","args":[{"element-6066-11e4-a52e-4f735466cecf":"f.6B1E6F8ADECCD69D02A5807012A29A16.d.3CACAFA1C96B0467C392920138C83D97.e.1046","ELEMENT":"f.6B1E6F8ADECCD69D02A5807012A29A16.d.3CACAFA1C96B0467C392920138C83D97.e.1046"}]}
COMMAND: POST /session/265f7d61ded080d1a0cabd8d9d08a0a4/execute/sync - {"script":"<script> [5351 bytes]","args":[{"element-6066-11e4-a52e-4f735466cecf":"f.6B1E6F8ADECCD69D02A5807012A29A16.d.3CACAFA1C96B0467C392920138C83D97.e.1046","ELEMENT":"f.6B1E6F8ADECCD69D02A5807012A29A16.d.3CACAFA1C96B0467C392920138C83D97.e.1046"}]}
COMMAND: GET /session/265f7d61ded080d1a0cabd8d9d08a0a4/screenshot - {}
RESULT: {}
RESULT: {"script":"<script> [5351 bytes]","args":[{"element-6066-11e4-a52e-4f735466cecf":"f.6B1E6F8ADECCD69D02A5807012A29A16.d.3CACAFA1C96B0467C392920138C83D97.e.1046","ELEMENT":"f.6B1E6F8ADECCD69D02A5807012A29A16.d.3CACAFA1C96B0467C392920138C83D97.e.1046"}]}
COMMAND: GET /session/265f7d61ded080d1a0cabd8d9d08a0a4/screenshot - {}
RESULT: {}
RESULT: {}
RESULT: undefined
COMMAND: POST /session/265f7d61ded080d1a0cabd8d9d08a0a4/execute/async - {"script":"<script> [776 bytes]","args":[{"enterText":"wBpOKgRIh5","selector":{"id":"application-addressmanagement-display-component---masterAdm--smartFilterBar-btnBasicSearch","interaction":{"idSuffix":"I"}},"clearTextFirst":true,"interactionType":"ENTER_TEXT"}]}
RESULT: {"script":"<script> [776 bytes]","args":[{"enterText":"wBpOKgRIh5","selector":{"id":"application-addressmanagement-display-component---masterAdm--smartFilterBar-btnBasicSearch","interaction":{"idSuffix":"I"}},"clearTextFirst":true,"interactionType":"ENTER_TEXT"}]}
COMMAND: POST /session/265f7d61ded080d1a0cabd8d9d08a0a4/actions - {"actions":[{"id":"action4","type":"key","parameters":{},"actions":[{"type":"keyDown","value":"î€‡"},{"type":"pause","duration":10},{"type":"keyUp","value":"î€‡"}]}]}
RESULT: {"actions":[{"id":"action4","type":"key","parameters":{},"actions":[{"type":"keyDown","value":"î€‡"},{"type":"pause","duration":10},{"type":"keyUp","value":"î€‡"}]}]}
COMMAND: GET /session/265f7d61ded080d1a0cabd8d9d08a0a4/screenshot - {}
RESULT: {}
COMMAND: POST /session/265f7d61ded080d1a0cabd8d9d08a0a4/elements - {"using":"xpath","value":"//table[contains(@id, \"customPersonsAddressesTable-listUl\")]/tbody/tr"}
RESULT: {"using":"xpath","value":"//table[contains(@id, \"customPersonsAddressesTable-listUl\")]/tbody/tr"}
COMMAND: POST /session/265f7d61ded080d1a0cabd8d9d08a0a4/element - {"using":"xpath","value":"//table[contains(@id, \"customPersonsAddressesTable-listUl\")]/tbody/tr[1]/td[5]/span/span"}
RESULT: {"using":"xpath","value":"//table[contains(@id, \"customPersonsAddressesTable-listUl\")]/tbody/tr[1]/td[5]/span/span"}
COMMAND: POST /session/265f7d61ded080d1a0cabd8d9d08a0a4/element - {"using":"xpath","value":"//table[contains(@id, \"customPersonsAddressesTable-listUl\")]/tbody/tr[1]/td[3]/span"}
RESULT: {"using":"xpath","value":"//table[contains(@id, \"customPersonsAddressesTable-listUl\")]/tbody/tr[1]/td[3]/span"}
COMMAND: POST /session/265f7d61ded080d1a0cabd8d9d08a0a4/elements - {"using":"xpath","value":"//table[contains(@id, \"customPersonsAddressesTable-listUl\")]/tbody/tr[1]/td[5]/span/span"}
RESULT: {"using":"xpath","value":"//table[contains(@id, \"customPersonsAddressesTable-listUl\")]/tbody/tr[1]/td[5]/span/span"}
COMMAND: POST /session/265f7d61ded080d1a0cabd8d9d08a0a4/execute/sync - {"script":"<script> [56 bytes]","args":[{"element-6066-11e4-a52e-4f735466cecf":"f.6B1E6F8ADECCD69D02A5807012A29A16.d.3CACAFA1C96B0467C392920138C83D97.e.1193","ELEMENT":"f.6B1E6F8ADECCD69D02A5807012A29A16.d.3CACAFA1C96B0467C392920138C83D97.e.1193"}]}
RESULT: {"script":"<script> [56 bytes]","args":[{"element-6066-11e4-a52e-4f735466cecf":"f.6B1E6F8ADECCD69D02A5807012A29A16.d.3CACAFA1C96B0467C392920138C83D97.e.1193","ELEMENT":"f.6B1E6F8ADECCD69D02A5807012A29A16.d.3CACAFA1C96B0467C392920138C83D97.e.1193"}]}
COMMAND: POST /session/265f7d61ded080d1a0cabd8d9d08a0a4/execute/sync - {"script":"<script> [56 bytes]","args":[{"element-6066-11e4-a52e-4f735466cecf":"f.6B1E6F8ADECCD69D02A5807012A29A16.d.3CACAFA1C96B0467C392920138C83D97.e.1194","ELEMENT":"f.6B1E6F8ADECCD69D02A5807012A29A16.d.3CACAFA1C96B0467C392920138C83D97.e.1194"}]}
COMMAND: GET /session/265f7d61ded080d1a0cabd8d9d08a0a4/screenshot - {}
RESULT: {"script":"<script> [56 bytes]","args":[{"element-6066-11e4-a52e-4f735466cecf":"f.6B1E6F8ADECCD69D02A5807012A29A16.d.3CACAFA1C96B0467C392920138C83D97.e.1194","ELEMENT":"f.6B1E6F8ADECCD69D02A5807012A29A16.d.3CACAFA1C96B0467C392920138C83D97.e.1194"}]}
COMMAND: POST /session/265f7d61ded080d1a0cabd8d9d08a0a4/element - {"using":"xpath","value":"(//span[contains(@id, \"imgNav\")])[1]"}
COMMAND: GET /session/265f7d61ded080d1a0cabd8d9d08a0a4/screenshot - {}
RESULT: {}
RESULT: {"using":"xpath","value":"(//span[contains(@id, \"imgNav\")])[1]"}
COMMAND: POST /session/265f7d61ded080d1a0cabd8d9d08a0a4/element/f.6B1E6F8ADECCD69D02A5807012A29A16.d.3CACAFA1C96B0467C392920138C83D97.e.1190/click - {}
RESULT: {}
RESULT: {}
COMMAND: GET /session/265f7d61ded080d1a0cabd8d9d08a0a4/screenshot - {}
RESULT: {}
COMMAND: POST /session/265f7d61ded080d1a0cabd8d9d08a0a4/element - {"using":"xpath","value":"//bdi[contains(text(), \"Edit\")]"}
RESULT: {"using":"xpath","value":"//bdi[contains(text(), \"Edit\")]"}
COMMAND: POST /session/265f7d61ded080d1a0cabd8d9d08a0a4/element/f.6B1E6F8ADECCD69D02A5807012A29A16.d.3CACAFA1C96B0467C392920138C83D97.e.1319/click - {}
RESULT: {}
COMMAND: GET /session/265f7d61ded080d1a0cabd8d9d08a0a4/screenshot - {}
RESULT: {}
COMMAND: POST /session/265f7d61ded080d1a0cabd8d9d08a0a4/execute/async - {"script":"<script> [1562 bytes]","args":[{"selector":{"controlType":"sap.ui.core.Icon","viewName":"etm.portal.ui.addressmanagement.view.EditDetail","properties":{"src":{"regex":{"source":"slim\\-arrow\\-down"}}},"ancestor":{"id":"addressTitle","viewName":"etm.portal.ui.addressmanagement.view.EditDetail"}},"wdio_ui5_key":"etmportal.ui.addressmanagement.view.EditDetailsap.ui.core.Icon{\"src\":{\"regex\":{\"source\":\"slim\\\\-arrow\\\\-down\"}}}{\"id\":\"addressTitle\",\"viewName\":\"etm.portal.ui.addressmanagement.view.EditDetail\"}"}]}
RESULT: {"script":"<script> [1562 bytes]","args":[{"selector":{"controlType":"sap.ui.core.Icon","viewName":"etm.portal.ui.addressmanagement.view.EditDetail","properties":{"src":{"regex":{"source":"slim\\-arrow\\-down"}}},"ancestor":{"id":"addressTitle","viewName":"etm.portal.ui.addressmanagement.view.EditDetail"}},"wdio_ui5_key":"etmportal.ui.addressmanagement.view.EditDetailsap.ui.core.Icon{\"src\":{\"regex\":{\"source\":\"slim\\\\-arrow\\\\-down\"}}}{\"id\":\"addressTitle\",\"viewName\":\"etm.portal.ui.addressmanagement.view.EditDetail\"}"}]}
RESULT: undefined
COMMAND: POST /session/265f7d61ded080d1a0cabd8d9d08a0a4/element - {"using":"xpath","value":"//*[@id=\"__xmlview59--addressTitle-arrow\"]"}
RESULT: {"using":"xpath","value":"//*[@id=\"__xmlview59--addressTitle-arrow\"]"}
COMMAND: POST /session/265f7d61ded080d1a0cabd8d9d08a0a4/element/f.6B1E6F8ADECCD69D02A5807012A29A16.d.3CACAFA1C96B0467C392920138C83D97.e.1366/click - {}
RESULT: {}
COMMAND: GET /session/265f7d61ded080d1a0cabd8d9d08a0a4/screenshot - {}
RESULT: {}
COMMAND: POST /session/265f7d61ded080d1a0cabd8d9d08a0a4/element - {"using":"xpath","value":"//li[.//span[text()=\"Mr.\"]]"}
RESULT: {"using":"xpath","value":"//li[.//span[text()=\"Mr.\"]]"}
COMMAND: POST /session/265f7d61ded080d1a0cabd8d9d08a0a4/element/f.6B1E6F8ADECCD69D02A5807012A29A16.d.3CACAFA1C96B0467C392920138C83D97.e.1367/click - {}
RESULT: {}
COMMAND: GET /session/265f7d61ded080d1a0cabd8d9d08a0a4/screenshot - {}
RESULT: {}
COMMAND: POST /session/265f7d61ded080d1a0cabd8d9d08a0a4/execute/async - {"script":"<script> [1562 bytes]","args":[{"selector":{"controlType":"sap.m.Input","viewName":"etm.portal.ui.addressmanagement.view.EditDetail","labelFor":{"text":"Last Name"},"interaction":{"idSuffix":"inner"}},"wdio_ui5_key":"etmportal.ui.addressmanagement.view.EditDetailsap.m.Input{\"text\":\"Last Name\"}"}]}
RESULT: {"script":"<script> [1562 bytes]","args":[{"selector":{"controlType":"sap.m.Input","viewName":"etm.portal.ui.addressmanagement.view.EditDetail","labelFor":{"text":"Last Name"},"interaction":{"idSuffix":"inner"}},"wdio_ui5_key":"etmportal.ui.addressmanagement.view.EditDetailsap.m.Input{\"text\":\"Last Name\"}"}]}
RESULT: undefined
COMMAND: POST /session/265f7d61ded080d1a0cabd8d9d08a0a4/execute/async - {"script":"<script> [776 bytes]","args":[{"enterText":"EDIT John Cena","selector":{"controlType":"sap.m.Input","viewName":"etm.portal.ui.addressmanagement.view.EditDetail","labelFor":{"text":"Last Name"},"interaction":{"idSuffix":"inner"}},"clearTextFirst":true,"interactionType":"ENTER_TEXT"}]}
RESULT: {"script":"<script> [776 bytes]","args":[{"enterText":"EDIT John Cena","selector":{"controlType":"sap.m.Input","viewName":"etm.portal.ui.addressmanagement.view.EditDetail","labelFor":{"text":"Last Name"},"interaction":{"idSuffix":"inner"}},"clearTextFirst":true,"interactionType":"ENTER_TEXT"}]}
COMMAND: POST /session/265f7d61ded080d1a0cabd8d9d08a0a4/execute/async - {"script":"<script> [1562 bytes]","args":[{"selector":{"controlType":"sap.ui.core.Icon","viewName":"etm.portal.ui.addressmanagement.view.EditDetail","properties":{"src":{"regex":{"source":"slim\\-arrow\\-down"}}},"ancestor":{"id":"addressDetailDetailsLanguage","viewName":"etm.portal.ui.addressmanagement.view.EditDetail"}},"wdio_ui5_key":"etmportal.ui.addressmanagement.view.EditDetailsap.ui.core.Icon{\"src\":{\"regex\":{\"source\":\"slim\\\\-arrow\\\\-down\"}}}{\"id\":\"addressDetailDetailsLanguage\",\"viewName\":\"etm.portal.ui.addressmanagement.view.EditDetail\"}"}]}
RESULT: {"script":"<script> [1562 bytes]","args":[{"selector":{"controlType":"sap.ui.core.Icon","viewName":"etm.portal.ui.addressmanagement.view.EditDetail","properties":{"src":{"regex":{"source":"slim\\-arrow\\-down"}}},"ancestor":{"id":"addressDetailDetailsLanguage","viewName":"etm.portal.ui.addressmanagement.view.EditDetail"}},"wdio_ui5_key":"etmportal.ui.addressmanagement.view.EditDetailsap.ui.core.Icon{\"src\":{\"regex\":{\"source\":\"slim\\\\-arrow\\\\-down\"}}}{\"id\":\"addressDetailDetailsLanguage\",\"viewName\":\"etm.portal.ui.addressmanagement.view.EditDetail\"}"}]}
RESULT: undefined
COMMAND: POST /session/265f7d61ded080d1a0cabd8d9d08a0a4/element - {"using":"xpath","value":"//*[@id=\"__xmlview59--addressDetailDetailsLanguage-arrow\"]"}
RESULT: {"using":"xpath","value":"//*[@id=\"__xmlview59--addressDetailDetailsLanguage-arrow\"]"}
COMMAND: POST /session/265f7d61ded080d1a0cabd8d9d08a0a4/element/f.6B1E6F8ADECCD69D02A5807012A29A16.d.3CACAFA1C96B0467C392920138C83D97.e.1370/click - {}
RESULT: {}
COMMAND: GET /session/265f7d61ded080d1a0cabd8d9d08a0a4/screenshot - {}
RESULT: {}
COMMAND: POST /session/265f7d61ded080d1a0cabd8d9d08a0a4/element - {"using":"xpath","value":"//span[contains(text(), \"Bulgarian\")]"}
RESULT: {"using":"xpath","value":"//span[contains(text(), \"Bulgarian\")]"}
COMMAND: POST /session/265f7d61ded080d1a0cabd8d9d08a0a4/element/f.6B1E6F8ADECCD69D02A5807012A29A16.d.3CACAFA1C96B0467C392920138C83D97.e.1371/click - {}
RESULT: {}
COMMAND: GET /session/265f7d61ded080d1a0cabd8d9d08a0a4/screenshot - {}
RESULT: {}
COMMAND: POST /session/265f7d61ded080d1a0cabd8d9d08a0a4/execute/async - {"script":"<script> [1562 bytes]","args":[{"selector":{"controlType":"sap.m.Input","viewName":"etm.portal.ui.addressmanagement.view.EditDetail","labelFor":{"text":"ZIP/Postal code"},"interaction":{"idSuffix":"inner"}},"wdio_ui5_key":"etmportal.ui.addressmanagement.view.EditDetailsap.m.Input{\"text\":\"ZIP/Postal code\"}"}]}
RESULT: {"script":"<script> [1562 bytes]","args":[{"selector":{"controlType":"sap.m.Input","viewName":"etm.portal.ui.addressmanagement.view.EditDetail","labelFor":{"text":"ZIP/Postal code"},"interaction":{"idSuffix":"inner"}},"wdio_ui5_key":"etmportal.ui.addressmanagement.view.EditDetailsap.m.Input{\"text\":\"ZIP/Postal code\"}"}]}
RESULT: undefined
COMMAND: POST /session/265f7d61ded080d1a0cabd8d9d08a0a4/execute/async - {"script":"<script> [776 bytes]","args":[{"enterText":"500292","selector":{"controlType":"sap.m.Input","viewName":"etm.portal.ui.addressmanagement.view.EditDetail","labelFor":{"text":"ZIP/Postal code"},"interaction":{"idSuffix":"inner"}},"clearTextFirst":true,"interactionType":"ENTER_TEXT"}]}
RESULT: {"script":"<script> [776 bytes]","args":[{"enterText":"500292","selector":{"controlType":"sap.m.Input","viewName":"etm.portal.ui.addressmanagement.view.EditDetail","labelFor":{"text":"ZIP/Postal code"},"interaction":{"idSuffix":"inner"}},"clearTextFirst":true,"interactionType":"ENTER_TEXT"}]}
COMMAND: POST /session/265f7d61ded080d1a0cabd8d9d08a0a4/execute/async - {"script":"<script> [1562 bytes]","args":[{"selector":{"id":"addressDetailContactsEmail","viewName":"etm.portal.ui.addressmanagement.view.EditDetail","interaction":{"idSuffix":"inner"}},"wdio_ui5_key":"addressDetailContactsEmailetmportal.ui.addressmanagement.view.EditDetail"}]}
RESULT: {"script":"<script> [1562 bytes]","args":[{"selector":{"id":"addressDetailContactsEmail","viewName":"etm.portal.ui.addressmanagement.view.EditDetail","interaction":{"idSuffix":"inner"}},"wdio_ui5_key":"addressDetailContactsEmailetmportal.ui.addressmanagement.view.EditDetail"}]}
RESULT: undefined
COMMAND: POST /session/265f7d61ded080d1a0cabd8d9d08a0a4/execute/async - {"script":"<script> [776 bytes]","args":[{"enterText":"webdriverrules@emailfake.com","selector":{"id":"addressDetailContactsEmail","viewName":"etm.portal.ui.addressmanagement.view.EditDetail","interaction":{"idSuffix":"inner"}},"clearTextFirst":true,"interactionType":"ENTER_TEXT"}]}
RESULT: {"script":"<script> [776 bytes]","args":[{"enterText":"webdriverrules@emailfake.com","selector":{"id":"addressDetailContactsEmail","viewName":"etm.portal.ui.addressmanagement.view.EditDetail","interaction":{"idSuffix":"inner"}},"clearTextFirst":true,"interactionType":"ENTER_TEXT"}]}
COMMAND: POST /session/265f7d61ded080d1a0cabd8d9d08a0a4/execute/async - {"script":"<script> [1562 bytes]","args":[{"selector":{"id":"addressUserJobTitle","viewName":"etm.portal.ui.addressmanagement.view.EditDetail","interaction":{"idSuffix":"inner"}},"wdio_ui5_key":"addressUserJobTitleetmportal.ui.addressmanagement.view.EditDetail"}]}
RESULT: {"script":"<script> [1562 bytes]","args":[{"selector":{"id":"addressUserJobTitle","viewName":"etm.portal.ui.addressmanagement.view.EditDetail","interaction":{"idSuffix":"inner"}},"wdio_ui5_key":"addressUserJobTitleetmportal.ui.addressmanagement.view.EditDetail"}]}
RESULT: undefined
COMMAND: POST /session/265f7d61ded080d1a0cabd8d9d08a0a4/execute/async - {"script":"<script> [776 bytes]","args":[{"enterText":"director","selector":{"id":"addressUserJobTitle","viewName":"etm.portal.ui.addressmanagement.view.EditDetail","interaction":{"idSuffix":"inner"}},"clearTextFirst":true,"interactionType":"ENTER_TEXT"}]}
RESULT: {"script":"<script> [776 bytes]","args":[{"enterText":"director","selector":{"id":"addressUserJobTitle","viewName":"etm.portal.ui.addressmanagement.view.EditDetail","interaction":{"idSuffix":"inner"}},"clearTextFirst":true,"interactionType":"ENTER_TEXT"}]}
COMMAND: POST /session/265f7d61ded080d1a0cabd8d9d08a0a4/execute/async - {"script":"<script> [1562 bytes]","args":[{"selector":{"id":"tagMultiInput","viewName":"etm.portal.ui.addressmanagement.view.EditDetail","interaction":{"idSuffix":"inner"}},"wdio_ui5_key":"tagMultiInputetmportal.ui.addressmanagement.view.EditDetail"}]}
RESULT: {"script":"<script> [1562 bytes]","args":[{"selector":{"id":"tagMultiInput","viewName":"etm.portal.ui.addressmanagement.view.EditDetail","interaction":{"idSuffix":"inner"}},"wdio_ui5_key":"tagMultiInputetmportal.ui.addressmanagement.view.EditDetail"}]}
RESULT: undefined
COMMAND: POST /session/265f7d61ded080d1a0cabd8d9d08a0a4/execute/async - {"script":"<script> [776 bytes]","args":[{"enterText":"testyTag1","selector":{"id":"tagMultiInput","viewName":"etm.portal.ui.addressmanagement.view.EditDetail","interaction":{"idSuffix":"inner"}},"clearTextFirst":true,"interactionType":"ENTER_TEXT"}]}
RESULT: {"script":"<script> [776 bytes]","args":[{"enterText":"testyTag1","selector":{"id":"tagMultiInput","viewName":"etm.portal.ui.addressmanagement.view.EditDetail","interaction":{"idSuffix":"inner"}},"clearTextFirst":true,"interactionType":"ENTER_TEXT"}]}
COMMAND: POST /session/265f7d61ded080d1a0cabd8d9d08a0a4/actions - {"actions":[{"id":"action5","type":"key","parameters":{},"actions":[{"type":"keyDown","value":"î€‡"},{"type":"pause","duration":10},{"type":"keyUp","value":"î€‡"}]}]}
RESULT: {"actions":[{"id":"action5","type":"key","parameters":{},"actions":[{"type":"keyDown","value":"î€‡"},{"type":"pause","duration":10},{"type":"keyUp","value":"î€‡"}]}]}
COMMAND: GET /session/265f7d61ded080d1a0cabd8d9d08a0a4/screenshot - {}
RESULT: {}
RESULT: undefined
COMMAND: POST /session/265f7d61ded080d1a0cabd8d9d08a0a4/execute/async - {"script":"<script> [776 bytes]","args":[{"enterText":"taggyTag2","selector":{"id":"tagMultiInput","viewName":"etm.portal.ui.addressmanagement.view.EditDetail","interaction":{"idSuffix":"inner"}},"clearTextFirst":true,"interactionType":"ENTER_TEXT"}]}
RESULT: {"script":"<script> [776 bytes]","args":[{"enterText":"taggyTag2","selector":{"id":"tagMultiInput","viewName":"etm.portal.ui.addressmanagement.view.EditDetail","interaction":{"idSuffix":"inner"}},"clearTextFirst":true,"interactionType":"ENTER_TEXT"}]}
COMMAND: POST /session/265f7d61ded080d1a0cabd8d9d08a0a4/actions - {"actions":[{"id":"action6","type":"key","parameters":{},"actions":[{"type":"keyDown","value":"î€‡"},{"type":"pause","duration":10},{"type":"keyUp","value":"î€‡"}]}]}
RESULT: {"actions":[{"id":"action6","type":"key","parameters":{},"actions":[{"type":"keyDown","value":"î€‡"},{"type":"pause","duration":10},{"type":"keyUp","value":"î€‡"}]}]}
COMMAND: GET /session/265f7d61ded080d1a0cabd8d9d08a0a4/screenshot - {}
RESULT: {}
COMMAND: POST /session/265f7d61ded080d1a0cabd8d9d08a0a4/element - {"using":"xpath","value":"//button[@data-kt=\"saveButton\"]"}
RESULT: {"using":"xpath","value":"//button[@data-kt=\"saveButton\"]"}
COMMAND: POST /session/265f7d61ded080d1a0cabd8d9d08a0a4/element/f.6B1E6F8ADECCD69D02A5807012A29A16.d.3CACAFA1C96B0467C392920138C83D97.e.1377/click - {}
RESULT: {}
COMMAND: GET /session/265f7d61ded080d1a0cabd8d9d08a0a4/screenshot - {}
RESULT: {}
COMMAND: POST /session/265f7d61ded080d1a0cabd8d9d08a0a4/element - {"using":"xpath","value":"//span[@id=\"application-addressmanagement-display-component---detailAdm--addressTitle\"]"}
RESULT: {"using":"xpath","value":"//span[@id=\"application-addressmanagement-display-component---detailAdm--addressTitle\"]"}
COMMAND: POST /session/265f7d61ded080d1a0cabd8d9d08a0a4/elements - {"using":"xpath","value":"//span[@id=\"application-addressmanagement-display-component---detailAdm--addressTitle\"]"}
RESULT: {"using":"xpath","value":"//span[@id=\"application-addressmanagement-display-component---detailAdm--addressTitle\"]"}
COMMAND: POST /session/265f7d61ded080d1a0cabd8d9d08a0a4/execute/sync - {"script":"<script> [56 bytes]","args":[{"element-6066-11e4-a52e-4f735466cecf":"f.6B1E6F8ADECCD69D02A5807012A29A16.d.3CACAFA1C96B0467C392920138C83D97.e.1396","ELEMENT":"f.6B1E6F8ADECCD69D02A5807012A29A16.d.3CACAFA1C96B0467C392920138C83D97.e.1396"}]}
RESULT: {"script":"<script> [56 bytes]","args":[{"element-6066-11e4-a52e-4f735466cecf":"f.6B1E6F8ADECCD69D02A5807012A29A16.d.3CACAFA1C96B0467C392920138C83D97.e.1396","ELEMENT":"f.6B1E6F8ADECCD69D02A5807012A29A16.d.3CACAFA1C96B0467C392920138C83D97.e.1396"}]}
COMMAND: POST /session/265f7d61ded080d1a0cabd8d9d08a0a4/element - {"using":"xpath","value":"//span[@id=\"application-addressmanagement-display-component---detailAdm--addressDetailDetailsName2\"]"}
COMMAND: GET /session/265f7d61ded080d1a0cabd8d9d08a0a4/screenshot - {}
RESULT: {"using":"xpath","value":"//span[@id=\"application-addressmanagement-display-component---detailAdm--addressDetailDetailsName2\"]"}
COMMAND: POST /session/265f7d61ded080d1a0cabd8d9d08a0a4/elements - {"using":"xpath","value":"//span[@id=\"application-addressmanagement-display-component---detailAdm--addressDetailDetailsName2\"]"}
RESULT: {}
RESULT: {"using":"xpath","value":"//span[@id=\"application-addressmanagement-display-component---detailAdm--addressDetailDetailsName2\"]"}
COMMAND: POST /session/265f7d61ded080d1a0cabd8d9d08a0a4/execute/sync - {"script":"<script> [56 bytes]","args":[{"element-6066-11e4-a52e-4f735466cecf":"f.6B1E6F8ADECCD69D02A5807012A29A16.d.3CACAFA1C96B0467C392920138C83D97.e.1397","ELEMENT":"f.6B1E6F8ADECCD69D02A5807012A29A16.d.3CACAFA1C96B0467C392920138C83D97.e.1397"}]}
RESULT: {"script":"<script> [56 bytes]","args":[{"element-6066-11e4-a52e-4f735466cecf":"f.6B1E6F8ADECCD69D02A5807012A29A16.d.3CACAFA1C96B0467C392920138C83D97.e.1397","ELEMENT":"f.6B1E6F8ADECCD69D02A5807012A29A16.d.3CACAFA1C96B0467C392920138C83D97.e.1397"}]}
COMMAND: POST /session/265f7d61ded080d1a0cabd8d9d08a0a4/element - {"using":"xpath","value":"//span[@id=\"application-addressmanagement-display-component---detailAdm--addressDetailDetailsLanguage\"]"}
COMMAND: GET /session/265f7d61ded080d1a0cabd8d9d08a0a4/screenshot - {}
RESULT: {"using":"xpath","value":"//span[@id=\"application-addressmanagement-display-component---detailAdm--addressDetailDetailsLanguage\"]"}
COMMAND: POST /session/265f7d61ded080d1a0cabd8d9d08a0a4/elements - {"using":"xpath","value":"//span[@id=\"application-addressmanagement-display-component---detailAdm--addressDetailDetailsLanguage\"]"}
RESULT: {}
RESULT: {"using":"xpath","value":"//span[@id=\"application-addressmanagement-display-component---detailAdm--addressDetailDetailsLanguage\"]"}
COMMAND: POST /session/265f7d61ded080d1a0cabd8d9d08a0a4/execute/sync - {"script":"<script> [56 bytes]","args":[{"element-6066-11e4-a52e-4f735466cecf":"f.6B1E6F8ADECCD69D02A5807012A29A16.d.3CACAFA1C96B0467C392920138C83D97.e.1398","ELEMENT":"f.6B1E6F8ADECCD69D02A5807012A29A16.d.3CACAFA1C96B0467C392920138C83D97.e.1398"}]}
RESULT: {"script":"<script> [56 bytes]","args":[{"element-6066-11e4-a52e-4f735466cecf":"f.6B1E6F8ADECCD69D02A5807012A29A16.d.3CACAFA1C96B0467C392920138C83D97.e.1398","ELEMENT":"f.6B1E6F8ADECCD69D02A5807012A29A16.d.3CACAFA1C96B0467C392920138C83D97.e.1398"}]}
COMMAND: POST /session/265f7d61ded080d1a0cabd8d9d08a0a4/element - {"using":"xpath","value":"//span[@id=\"application-addressmanagement-display-component---detailAdm--addressDetailDetailsZip1\"]"}
COMMAND: GET /session/265f7d61ded080d1a0cabd8d9d08a0a4/screenshot - {}
RESULT: {"using":"xpath","value":"//span[@id=\"application-addressmanagement-display-component---detailAdm--addressDetailDetailsZip1\"]"}
COMMAND: POST /session/265f7d61ded080d1a0cabd8d9d08a0a4/elements - {"using":"xpath","value":"//span[@id=\"application-addressmanagement-display-component---detailAdm--addressDetailDetailsZip1\"]"}
RESULT: {}
RESULT: {"using":"xpath","value":"//span[@id=\"application-addressmanagement-display-component---detailAdm--addressDetailDetailsZip1\"]"}
COMMAND: POST /session/265f7d61ded080d1a0cabd8d9d08a0a4/execute/sync - {"script":"<script> [56 bytes]","args":[{"element-6066-11e4-a52e-4f735466cecf":"f.6B1E6F8ADECCD69D02A5807012A29A16.d.3CACAFA1C96B0467C392920138C83D97.e.1399","ELEMENT":"f.6B1E6F8ADECCD69D02A5807012A29A16.d.3CACAFA1C96B0467C392920138C83D97.e.1399"}]}
RESULT: {"script":"<script> [56 bytes]","args":[{"element-6066-11e4-a52e-4f735466cecf":"f.6B1E6F8ADECCD69D02A5807012A29A16.d.3CACAFA1C96B0467C392920138C83D97.e.1399","ELEMENT":"f.6B1E6F8ADECCD69D02A5807012A29A16.d.3CACAFA1C96B0467C392920138C83D97.e.1399"}]}
COMMAND: POST /session/265f7d61ded080d1a0cabd8d9d08a0a4/element - {"using":"xpath","value":"//span[@id=\"application-addressmanagement-display-component---detailAdm--addressDetailContactsEmail\"]"}
COMMAND: GET /session/265f7d61ded080d1a0cabd8d9d08a0a4/screenshot - {}
RESULT: {"using":"xpath","value":"//span[@id=\"application-addressmanagement-display-component---detailAdm--addressDetailContactsEmail\"]"}
COMMAND: POST /session/265f7d61ded080d1a0cabd8d9d08a0a4/elements - {"using":"xpath","value":"//span[@id=\"application-addressmanagement-display-component---detailAdm--addressDetailContactsEmail\"]"}
RESULT: {}
RESULT: {"using":"xpath","value":"//span[@id=\"application-addressmanagement-display-component---detailAdm--addressDetailContactsEmail\"]"}
COMMAND: POST /session/265f7d61ded080d1a0cabd8d9d08a0a4/execute/sync - {"script":"<script> [56 bytes]","args":[{"element-6066-11e4-a52e-4f735466cecf":"f.6B1E6F8ADECCD69D02A5807012A29A16.d.3CACAFA1C96B0467C392920138C83D97.e.1400","ELEMENT":"f.6B1E6F8ADECCD69D02A5807012A29A16.d.3CACAFA1C96B0467C392920138C83D97.e.1400"}]}
RESULT: {"script":"<script> [56 bytes]","args":[{"element-6066-11e4-a52e-4f735466cecf":"f.6B1E6F8ADECCD69D02A5807012A29A16.d.3CACAFA1C96B0467C392920138C83D97.e.1400","ELEMENT":"f.6B1E6F8ADECCD69D02A5807012A29A16.d.3CACAFA1C96B0467C392920138C83D97.e.1400"}]}
COMMAND: POST /session/265f7d61ded080d1a0cabd8d9d08a0a4/element - {"using":"xpath","value":"//span[@id=\"application-addressmanagement-display-component---detailAdm--addressUserJobTitle\"]"}
COMMAND: GET /session/265f7d61ded080d1a0cabd8d9d08a0a4/screenshot - {}
RESULT: {"using":"xpath","value":"//span[@id=\"application-addressmanagement-display-component---detailAdm--addressUserJobTitle\"]"}
COMMAND: POST /session/265f7d61ded080d1a0cabd8d9d08a0a4/elements - {"using":"xpath","value":"//span[@id=\"application-addressmanagement-display-component---detailAdm--addressUserJobTitle\"]"}
RESULT: {}
RESULT: {"using":"xpath","value":"//span[@id=\"application-addressmanagement-display-component---detailAdm--addressUserJobTitle\"]"}
COMMAND: POST /session/265f7d61ded080d1a0cabd8d9d08a0a4/execute/sync - {"script":"<script> [56 bytes]","args":[{"element-6066-11e4-a52e-4f735466cecf":"f.6B1E6F8ADECCD69D02A5807012A29A16.d.3CACAFA1C96B0467C392920138C83D97.e.1401","ELEMENT":"f.6B1E6F8ADECCD69D02A5807012A29A16.d.3CACAFA1C96B0467C392920138C83D97.e.1401"}]}
RESULT: {"script":"<script> [56 bytes]","args":[{"element-6066-11e4-a52e-4f735466cecf":"f.6B1E6F8ADECCD69D02A5807012A29A16.d.3CACAFA1C96B0467C392920138C83D97.e.1401","ELEMENT":"f.6B1E6F8ADECCD69D02A5807012A29A16.d.3CACAFA1C96B0467C392920138C83D97.e.1401"}]}
COMMAND: POST /session/265f7d61ded080d1a0cabd8d9d08a0a4/element - {"using":"xpath","value":"//span[contains(@class, \"sapMTokenText\") and text()=\"testyTag1\"]"}
COMMAND: GET /session/265f7d61ded080d1a0cabd8d9d08a0a4/screenshot - {}
RESULT: {"using":"xpath","value":"//span[contains(@class, \"sapMTokenText\") and text()=\"testyTag1\"]"}
COMMAND: POST /session/265f7d61ded080d1a0cabd8d9d08a0a4/element - {"using":"xpath","value":"//span[contains(@class, \"sapMTokenText\") and text()=\"taggyTag2\"]"}
RESULT: {}
RESULT: {"using":"xpath","value":"//span[contains(@class, \"sapMTokenText\") and text()=\"taggyTag2\"]"}
COMMAND: POST /session/265f7d61ded080d1a0cabd8d9d08a0a4/elements - {"using":"xpath","value":"//span[contains(@class, \"sapMTokenText\") and text()=\"testyTag1\"]"}
RESULT: {"using":"xpath","value":"//span[contains(@class, \"sapMTokenText\") and text()=\"testyTag1\"]"}
COMMAND: POST /session/265f7d61ded080d1a0cabd8d9d08a0a4/elements - {"using":"xpath","value":"//span[contains(@class, \"sapMTokenText\") and text()=\"taggyTag2\"]"}
RESULT: {"using":"xpath","value":"//span[contains(@class, \"sapMTokenText\") and text()=\"taggyTag2\"]"}
COMMAND: POST /session/265f7d61ded080d1a0cabd8d9d08a0a4/element - {"using":"css selector","value":"#shell-header-logo"}
RESULT: {"using":"css selector","value":"#shell-header-logo"}
COMMAND: POST /session/265f7d61ded080d1a0cabd8d9d08a0a4/element/f.6B1E6F8ADECCD69D02A5807012A29A16.d.3CACAFA1C96B0467C392920138C83D97.e.1004/click - {}
RESULT: {}
COMMAND: GET /session/265f7d61ded080d1a0cabd8d9d08a0a4/screenshot - {}
RESULT: {}
]]></system-out>
    </testcase>
    <testcase classname="chrome.136_0_7103_93.windows.Address_Management_Tests_US156181_US151165_US151160_US156180_US156178_US151157_US151172_US151170_US151166_US151168" name="Step 5 Should verify searches US156180 verify filters US151157" time="118.748">
      <system-out><![CDATA[
RESULT: undefined
COMMAND: POST /session/265f7d61ded080d1a0cabd8d9d08a0a4/element - {"using":"xpath","value":"//*[@id=\"__tile33\"]"}
RESULT: {"using":"xpath","value":"//*[@id=\"__tile33\"]"}
COMMAND: POST /session/265f7d61ded080d1a0cabd8d9d08a0a4/element/f.6B1E6F8ADECCD69D02A5807012A29A16.d.3CACAFA1C96B0467C392920138C83D97.e.207/click - {}
RESULT: {}
COMMAND: GET /session/265f7d61ded080d1a0cabd8d9d08a0a4/screenshot - {}
RESULT: {}
COMMAND: POST /session/265f7d61ded080d1a0cabd8d9d08a0a4/elements - {"using":"xpath","value":"//span[text()='Error']"}
RESULT: {"using":"xpath","value":"//span[text()='Error']"}
COMMAND: POST /session/265f7d61ded080d1a0cabd8d9d08a0a4/element - {"using":"xpath","value":"//button[@data-kt=\"addButton\"]"}
RESULT: {"using":"xpath","value":"//button[@data-kt=\"addButton\"]"}
COMMAND: POST /session/265f7d61ded080d1a0cabd8d9d08a0a4/elements - {"using":"xpath","value":"//button[@data-kt=\"addButton\"]"}
RESULT: {"using":"xpath","value":"//button[@data-kt=\"addButton\"]"}
COMMAND: POST /session/265f7d61ded080d1a0cabd8d9d08a0a4/execute/sync - {"script":"<script> [8489 bytes]","args":[{"element-6066-11e4-a52e-4f735466cecf":"f.6B1E6F8ADECCD69D02A5807012A29A16.d.3CACAFA1C96B0467C392920138C83D97.e.1452","ELEMENT":"f.6B1E6F8ADECCD69D02A5807012A29A16.d.3CACAFA1C96B0467C392920138C83D97.e.1452"}]}
RESULT: {"script":"<script> [8489 bytes]","args":[{"element-6066-11e4-a52e-4f735466cecf":"f.6B1E6F8ADECCD69D02A5807012A29A16.d.3CACAFA1C96B0467C392920138C83D97.e.1452","ELEMENT":"f.6B1E6F8ADECCD69D02A5807012A29A16.d.3CACAFA1C96B0467C392920138C83D97.e.1452"}]}
COMMAND: GET /session/265f7d61ded080d1a0cabd8d9d08a0a4/element/f.6B1E6F8ADECCD69D02A5807012A29A16.d.3CACAFA1C96B0467C392920138C83D97.e.1452/enabled - {}
COMMAND: GET /session/265f7d61ded080d1a0cabd8d9d08a0a4/screenshot - {}
RESULT: {}
COMMAND: POST /session/265f7d61ded080d1a0cabd8d9d08a0a4/execute/sync - {"script":"<script> [8489 bytes]","args":[{"element-6066-11e4-a52e-4f735466cecf":"f.6B1E6F8ADECCD69D02A5807012A29A16.d.3CACAFA1C96B0467C392920138C83D97.e.1452","ELEMENT":"f.6B1E6F8ADECCD69D02A5807012A29A16.d.3CACAFA1C96B0467C392920138C83D97.e.1452"}]}
COMMAND: GET /session/265f7d61ded080d1a0cabd8d9d08a0a4/screenshot - {}
RESULT: {}
RESULT: {"script":"<script> [8489 bytes]","args":[{"element-6066-11e4-a52e-4f735466cecf":"f.6B1E6F8ADECCD69D02A5807012A29A16.d.3CACAFA1C96B0467C392920138C83D97.e.1452","ELEMENT":"f.6B1E6F8ADECCD69D02A5807012A29A16.d.3CACAFA1C96B0467C392920138C83D97.e.1452"}]}
COMMAND: POST /session/265f7d61ded080d1a0cabd8d9d08a0a4/execute/sync - {"script":"<script> [5351 bytes]","args":[{"element-6066-11e4-a52e-4f735466cecf":"f.6B1E6F8ADECCD69D02A5807012A29A16.d.3CACAFA1C96B0467C392920138C83D97.e.1452","ELEMENT":"f.6B1E6F8ADECCD69D02A5807012A29A16.d.3CACAFA1C96B0467C392920138C83D97.e.1452"}]}
COMMAND: GET /session/265f7d61ded080d1a0cabd8d9d08a0a4/screenshot - {}
RESULT: {}
RESULT: {"script":"<script> [5351 bytes]","args":[{"element-6066-11e4-a52e-4f735466cecf":"f.6B1E6F8ADECCD69D02A5807012A29A16.d.3CACAFA1C96B0467C392920138C83D97.e.1452","ELEMENT":"f.6B1E6F8ADECCD69D02A5807012A29A16.d.3CACAFA1C96B0467C392920138C83D97.e.1452"}]}
COMMAND: GET /session/265f7d61ded080d1a0cabd8d9d08a0a4/screenshot - {}
RESULT: {}
RESULT: {}
COMMAND: POST /session/265f7d61ded080d1a0cabd8d9d08a0a4/element - {"using":"xpath","value":"//span[@id=\"application-addressmanagement-display-component---masterAdm--smartTable-header-inner\"]"}
RESULT: {"using":"xpath","value":"//span[@id=\"application-addressmanagement-display-component---masterAdm--smartTable-header-inner\"]"}
COMMAND: POST /session/265f7d61ded080d1a0cabd8d9d08a0a4/elements - {"using":"xpath","value":"//span[@id=\"application-addressmanagement-display-component---masterAdm--smartTable-header-inner\"]"}
RESULT: {"using":"xpath","value":"//span[@id=\"application-addressmanagement-display-component---masterAdm--smartTable-header-inner\"]"}
COMMAND: POST /session/265f7d61ded080d1a0cabd8d9d08a0a4/execute/sync - {"script":"<script> [56 bytes]","args":[{"element-6066-11e4-a52e-4f735466cecf":"f.6B1E6F8ADECCD69D02A5807012A29A16.d.3CACAFA1C96B0467C392920138C83D97.e.1585","ELEMENT":"f.6B1E6F8ADECCD69D02A5807012A29A16.d.3CACAFA1C96B0467C392920138C83D97.e.1585"}]}
RESULT: {"script":"<script> [56 bytes]","args":[{"element-6066-11e4-a52e-4f735466cecf":"f.6B1E6F8ADECCD69D02A5807012A29A16.d.3CACAFA1C96B0467C392920138C83D97.e.1585","ELEMENT":"f.6B1E6F8ADECCD69D02A5807012A29A16.d.3CACAFA1C96B0467C392920138C83D97.e.1585"}]}
COMMAND: POST /session/265f7d61ded080d1a0cabd8d9d08a0a4/execute/async - {"script":"<script> [1562 bytes]","args":[{"selector":{"id":"application-addressmanagement-display-component---masterAdm--smartFilterBar-filterItemControl_BASIC-COUNTRY-vhi"},"wdio_ui5_key":"applicationaddressmanagement-display-component---masterAdm--smartFilterBar-filterItemControl_BASIC-COUNTRY-vhi"}]}
COMMAND: GET /session/265f7d61ded080d1a0cabd8d9d08a0a4/screenshot - {}
RESULT: {"script":"<script> [1562 bytes]","args":[{"selector":{"id":"application-addressmanagement-display-component---masterAdm--smartFilterBar-filterItemControl_BASIC-COUNTRY-vhi"},"wdio_ui5_key":"applicationaddressmanagement-display-component---masterAdm--smartFilterBar-filterItemControl_BASIC-COUNTRY-vhi"}]}
RESULT: undefined
COMMAND: POST /session/265f7d61ded080d1a0cabd8d9d08a0a4/element - {"using":"xpath","value":"//*[@id=\"application-addressmanagement-display-component---masterAdm--smartFilterBar-filterItemControl_BASIC-COUNTRY-vhi\"]"}
RESULT: {}
RESULT: {"using":"xpath","value":"//*[@id=\"application-addressmanagement-display-component---masterAdm--smartFilterBar-filterItemControl_BASIC-COUNTRY-vhi\"]"}
COMMAND: POST /session/265f7d61ded080d1a0cabd8d9d08a0a4/element/f.6B1E6F8ADECCD69D02A5807012A29A16.d.3CACAFA1C96B0467C392920138C83D97.e.1586/click - {}
RESULT: {}
COMMAND: GET /session/265f7d61ded080d1a0cabd8d9d08a0a4/screenshot - {}
RESULT: {}
COMMAND: POST /session/265f7d61ded080d1a0cabd8d9d08a0a4/execute/async - {"script":"<script> [1562 bytes]","args":[{"selector":{"id":"application-addressmanagement-display-component---masterAdm--smartFilterBar-filterItemControl_BASIC-COUNTRY-valueHelpDialog-smartFilterBar-btnBasicSearch","searchOpenDialogs":true,"interaction":{"idSuffix":"I"}},"wdio_ui5_key":"applicationaddressmanagement-display-component---masterAdm--smartFilterBar-filterItemControl_BASIC-COUNTRY-valueHelpDialog-smartFilterBar-btnBasicSearch"}]}
RESULT: {"script":"<script> [1562 bytes]","args":[{"selector":{"id":"application-addressmanagement-display-component---masterAdm--smartFilterBar-filterItemControl_BASIC-COUNTRY-valueHelpDialog-smartFilterBar-btnBasicSearch","searchOpenDialogs":true,"interaction":{"idSuffix":"I"}},"wdio_ui5_key":"applicationaddressmanagement-display-component---masterAdm--smartFilterBar-filterItemControl_BASIC-COUNTRY-valueHelpDialog-smartFilterBar-btnBasicSearch"}]}
RESULT: undefined
COMMAND: POST /session/265f7d61ded080d1a0cabd8d9d08a0a4/execute/async - {"script":"<script> [776 bytes]","args":[{"enterText":"Romania","selector":{"id":"application-addressmanagement-display-component---masterAdm--smartFilterBar-filterItemControl_BASIC-COUNTRY-valueHelpDialog-smartFilterBar-btnBasicSearch","searchOpenDialogs":true,"interaction":{"idSuffix":"I"}},"clearTextFirst":true,"interactionType":"ENTER_TEXT"}]}
RESULT: {"script":"<script> [776 bytes]","args":[{"enterText":"Romania","selector":{"id":"application-addressmanagement-display-component---masterAdm--smartFilterBar-filterItemControl_BASIC-COUNTRY-valueHelpDialog-smartFilterBar-btnBasicSearch","searchOpenDialogs":true,"interaction":{"idSuffix":"I"}},"clearTextFirst":true,"interactionType":"ENTER_TEXT"}]}
COMMAND: POST /session/265f7d61ded080d1a0cabd8d9d08a0a4/actions - {"actions":[{"id":"action7","type":"key","parameters":{},"actions":[{"type":"keyDown","value":"î€‡"},{"type":"pause","duration":10},{"type":"keyUp","value":"î€‡"}]}]}
RESULT: {"actions":[{"id":"action7","type":"key","parameters":{},"actions":[{"type":"keyDown","value":"î€‡"},{"type":"pause","duration":10},{"type":"keyUp","value":"î€‡"}]}]}
COMMAND: POST /session/265f7d61ded080d1a0cabd8d9d08a0a4/elements - {"using":"xpath","value":"//table[contains(@id, \"smartFilterBar-filterItemControl_BASIC-COUNTRY-valueHelpDialog-table-table\")]/tbody/tr"}
COMMAND: GET /session/265f7d61ded080d1a0cabd8d9d08a0a4/screenshot - {}
RESULT: {"using":"xpath","value":"//table[contains(@id, \"smartFilterBar-filterItemControl_BASIC-COUNTRY-valueHelpDialog-table-table\")]/tbody/tr"}
COMMAND: POST /session/265f7d61ded080d1a0cabd8d9d08a0a4/element - {"using":"xpath","value":"//table[contains(@id, \"smartFilterBar-filterItemControl_BASIC-COUNTRY-valueHelpDialog-table-table\")]/tbody/tr[1]/td[1]/div/span"}
RESULT: {}
RESULT: {"using":"xpath","value":"//table[contains(@id, \"smartFilterBar-filterItemControl_BASIC-COUNTRY-valueHelpDialog-table-table\")]/tbody/tr[1]/td[1]/div/span"}
COMMAND: POST /session/265f7d61ded080d1a0cabd8d9d08a0a4/elements - {"using":"xpath","value":"//table[contains(@id, \"smartFilterBar-filterItemControl_BASIC-COUNTRY-valueHelpDialog-table-table\")]/tbody/tr[1]/td[1]/div/span"}
RESULT: {"using":"xpath","value":"//table[contains(@id, \"smartFilterBar-filterItemControl_BASIC-COUNTRY-valueHelpDialog-table-table\")]/tbody/tr[1]/td[1]/div/span"}
COMMAND: POST /session/265f7d61ded080d1a0cabd8d9d08a0a4/execute/sync - {"script":"<script> [56 bytes]","args":[{"element-6066-11e4-a52e-4f735466cecf":"f.6B1E6F8ADECCD69D02A5807012A29A16.d.3CACAFA1C96B0467C392920138C83D97.e.1606","ELEMENT":"f.6B1E6F8ADECCD69D02A5807012A29A16.d.3CACAFA1C96B0467C392920138C83D97.e.1606"}]}
RESULT: {"script":"<script> [56 bytes]","args":[{"element-6066-11e4-a52e-4f735466cecf":"f.6B1E6F8ADECCD69D02A5807012A29A16.d.3CACAFA1C96B0467C392920138C83D97.e.1606","ELEMENT":"f.6B1E6F8ADECCD69D02A5807012A29A16.d.3CACAFA1C96B0467C392920138C83D97.e.1606"}]}
COMMAND: POST /session/265f7d61ded080d1a0cabd8d9d08a0a4/element - {"using":"xpath","value":"//div[contains(@id, \"filterItemControl_BASIC-COUNTRY-valueHelpDialog-table-rowsel0\")]"}
COMMAND: GET /session/265f7d61ded080d1a0cabd8d9d08a0a4/screenshot - {}
RESULT: {}
RESULT: {"using":"xpath","value":"//div[contains(@id, \"filterItemControl_BASIC-COUNTRY-valueHelpDialog-table-rowsel0\")]"}
COMMAND: POST /session/265f7d61ded080d1a0cabd8d9d08a0a4/element/f.6B1E6F8ADECCD69D02A5807012A29A16.d.3CACAFA1C96B0467C392920138C83D97.e.1607/click - {}
RESULT: {}
COMMAND: GET /session/265f7d61ded080d1a0cabd8d9d08a0a4/screenshot - {}
RESULT: {}
COMMAND: POST /session/265f7d61ded080d1a0cabd8d9d08a0a4/element - {"using":"xpath","value":"(//bdi[contains(text(), \"OK\")])[1]"}
RESULT: {"using":"xpath","value":"(//bdi[contains(text(), \"OK\")])[1]"}
COMMAND: POST /session/265f7d61ded080d1a0cabd8d9d08a0a4/element/f.6B1E6F8ADECCD69D02A5807012A29A16.d.3CACAFA1C96B0467C392920138C83D97.e.1609/click - {}
RESULT: {}
COMMAND: GET /session/265f7d61ded080d1a0cabd8d9d08a0a4/screenshot - {}
RESULT: {}
COMMAND: POST /session/265f7d61ded080d1a0cabd8d9d08a0a4/element - {"using":"xpath","value":"//span[@id=\"application-addressmanagement-display-component---masterAdm--smartTable-header-inner\"]"}
RESULT: {"using":"xpath","value":"//span[@id=\"application-addressmanagement-display-component---masterAdm--smartTable-header-inner\"]"}
COMMAND: POST /session/265f7d61ded080d1a0cabd8d9d08a0a4/elements - {"using":"xpath","value":"//span[@id=\"application-addressmanagement-display-component---masterAdm--smartTable-header-inner\"]"}
RESULT: {"using":"xpath","value":"//span[@id=\"application-addressmanagement-display-component---masterAdm--smartTable-header-inner\"]"}
COMMAND: POST /session/265f7d61ded080d1a0cabd8d9d08a0a4/execute/sync - {"script":"<script> [56 bytes]","args":[{"element-6066-11e4-a52e-4f735466cecf":"f.6B1E6F8ADECCD69D02A5807012A29A16.d.3CACAFA1C96B0467C392920138C83D97.e.1585","ELEMENT":"f.6B1E6F8ADECCD69D02A5807012A29A16.d.3CACAFA1C96B0467C392920138C83D97.e.1585"}]}
RESULT: {"script":"<script> [56 bytes]","args":[{"element-6066-11e4-a52e-4f735466cecf":"f.6B1E6F8ADECCD69D02A5807012A29A16.d.3CACAFA1C96B0467C392920138C83D97.e.1585","ELEMENT":"f.6B1E6F8ADECCD69D02A5807012A29A16.d.3CACAFA1C96B0467C392920138C83D97.e.1585"}]}
COMMAND: POST /session/265f7d61ded080d1a0cabd8d9d08a0a4/element - {"using":"xpath","value":"//span[contains(@title, \"Remove\")]"}
COMMAND: GET /session/265f7d61ded080d1a0cabd8d9d08a0a4/screenshot - {}
RESULT: {"using":"xpath","value":"//span[contains(@title, \"Remove\")]"}
COMMAND: POST /session/265f7d61ded080d1a0cabd8d9d08a0a4/element/f.6B1E6F8ADECCD69D02A5807012A29A16.d.3CACAFA1C96B0467C392920138C83D97.e.1750/click - {}
RESULT: {}
RESULT: {}
COMMAND: GET /session/265f7d61ded080d1a0cabd8d9d08a0a4/screenshot - {}
RESULT: {}
COMMAND: POST /session/265f7d61ded080d1a0cabd8d9d08a0a4/element - {"using":"xpath","value":"//span[@id=\"application-addressmanagement-display-component---masterAdm--smartTable-header-inner\"]"}
RESULT: {"using":"xpath","value":"//span[@id=\"application-addressmanagement-display-component---masterAdm--smartTable-header-inner\"]"}
COMMAND: POST /session/265f7d61ded080d1a0cabd8d9d08a0a4/elements - {"using":"xpath","value":"//span[@id=\"application-addressmanagement-display-component---masterAdm--smartTable-header-inner\"]"}
RESULT: {"using":"xpath","value":"//span[@id=\"application-addressmanagement-display-component---masterAdm--smartTable-header-inner\"]"}
COMMAND: POST /session/265f7d61ded080d1a0cabd8d9d08a0a4/execute/sync - {"script":"<script> [56 bytes]","args":[{"element-6066-11e4-a52e-4f735466cecf":"f.6B1E6F8ADECCD69D02A5807012A29A16.d.3CACAFA1C96B0467C392920138C83D97.e.1585","ELEMENT":"f.6B1E6F8ADECCD69D02A5807012A29A16.d.3CACAFA1C96B0467C392920138C83D97.e.1585"}]}
RESULT: {"script":"<script> [56 bytes]","args":[{"element-6066-11e4-a52e-4f735466cecf":"f.6B1E6F8ADECCD69D02A5807012A29A16.d.3CACAFA1C96B0467C392920138C83D97.e.1585","ELEMENT":"f.6B1E6F8ADECCD69D02A5807012A29A16.d.3CACAFA1C96B0467C392920138C83D97.e.1585"}]}
RESULT: undefined
COMMAND: POST /session/265f7d61ded080d1a0cabd8d9d08a0a4/element - {"using":"xpath","value":"//*[@id=\"application-addressmanagement-display-component---masterAdm--smartFilterBar-filterItemControl_BASIC-COUNTRY-vhi\"]"}
COMMAND: GET /session/265f7d61ded080d1a0cabd8d9d08a0a4/screenshot - {}
RESULT: {"using":"xpath","value":"//*[@id=\"application-addressmanagement-display-component---masterAdm--smartFilterBar-filterItemControl_BASIC-COUNTRY-vhi\"]"}
COMMAND: POST /session/265f7d61ded080d1a0cabd8d9d08a0a4/element/f.6B1E6F8ADECCD69D02A5807012A29A16.d.3CACAFA1C96B0467C392920138C83D97.e.1586/click - {}
RESULT: {}
RESULT: {}
COMMAND: GET /session/265f7d61ded080d1a0cabd8d9d08a0a4/screenshot - {}
RESULT: {}
RESULT: undefined
COMMAND: POST /session/265f7d61ded080d1a0cabd8d9d08a0a4/execute/async - {"script":"<script> [776 bytes]","args":[{"enterText":"Romania","selector":{"id":"application-addressmanagement-display-component---masterAdm--smartFilterBar-filterItemControl_BASIC-COUNTRY-valueHelpDialog-smartFilterBar-btnBasicSearch","searchOpenDialogs":true,"interaction":{"idSuffix":"I"}},"clearTextFirst":true,"interactionType":"ENTER_TEXT"}]}
RESULT: {"script":"<script> [776 bytes]","args":[{"enterText":"Romania","selector":{"id":"application-addressmanagement-display-component---masterAdm--smartFilterBar-filterItemControl_BASIC-COUNTRY-valueHelpDialog-smartFilterBar-btnBasicSearch","searchOpenDialogs":true,"interaction":{"idSuffix":"I"}},"clearTextFirst":true,"interactionType":"ENTER_TEXT"}]}
COMMAND: POST /session/265f7d61ded080d1a0cabd8d9d08a0a4/actions - {"actions":[{"id":"action8","type":"key","parameters":{},"actions":[{"type":"keyDown","value":"î€‡"},{"type":"pause","duration":10},{"type":"keyUp","value":"î€‡"}]}]}
RESULT: {"actions":[{"id":"action8","type":"key","parameters":{},"actions":[{"type":"keyDown","value":"î€‡"},{"type":"pause","duration":10},{"type":"keyUp","value":"î€‡"}]}]}
COMMAND: GET /session/265f7d61ded080d1a0cabd8d9d08a0a4/screenshot - {}
RESULT: {}
COMMAND: POST /session/265f7d61ded080d1a0cabd8d9d08a0a4/elements - {"using":"xpath","value":"//table[contains(@id, \"smartFilterBar-filterItemControl_BASIC-COUNTRY-valueHelpDialog-table-table\")]/tbody/tr"}
RESULT: {"using":"xpath","value":"//table[contains(@id, \"smartFilterBar-filterItemControl_BASIC-COUNTRY-valueHelpDialog-table-table\")]/tbody/tr"}
COMMAND: POST /session/265f7d61ded080d1a0cabd8d9d08a0a4/element - {"using":"xpath","value":"//table[contains(@id, \"smartFilterBar-filterItemControl_BASIC-COUNTRY-valueHelpDialog-table-table\")]/tbody/tr[1]/td[1]/div/span"}
RESULT: {"using":"xpath","value":"//table[contains(@id, \"smartFilterBar-filterItemControl_BASIC-COUNTRY-valueHelpDialog-table-table\")]/tbody/tr[1]/td[1]/div/span"}
COMMAND: POST /session/265f7d61ded080d1a0cabd8d9d08a0a4/elements - {"using":"xpath","value":"//table[contains(@id, \"smartFilterBar-filterItemControl_BASIC-COUNTRY-valueHelpDialog-table-table\")]/tbody/tr[1]/td[1]/div/span"}
RESULT: {"using":"xpath","value":"//table[contains(@id, \"smartFilterBar-filterItemControl_BASIC-COUNTRY-valueHelpDialog-table-table\")]/tbody/tr[1]/td[1]/div/span"}
COMMAND: POST /session/265f7d61ded080d1a0cabd8d9d08a0a4/execute/sync - {"script":"<script> [56 bytes]","args":[{"element-6066-11e4-a52e-4f735466cecf":"f.6B1E6F8ADECCD69D02A5807012A29A16.d.3CACAFA1C96B0467C392920138C83D97.e.1849","ELEMENT":"f.6B1E6F8ADECCD69D02A5807012A29A16.d.3CACAFA1C96B0467C392920138C83D97.e.1849"}]}
RESULT: {"script":"<script> [56 bytes]","args":[{"element-6066-11e4-a52e-4f735466cecf":"f.6B1E6F8ADECCD69D02A5807012A29A16.d.3CACAFA1C96B0467C392920138C83D97.e.1849","ELEMENT":"f.6B1E6F8ADECCD69D02A5807012A29A16.d.3CACAFA1C96B0467C392920138C83D97.e.1849"}]}
COMMAND: POST /session/265f7d61ded080d1a0cabd8d9d08a0a4/element - {"using":"xpath","value":"//div[contains(@id, \"filterItemControl_BASIC-COUNTRY-valueHelpDialog-table-rowsel0\")]"}
COMMAND: GET /session/265f7d61ded080d1a0cabd8d9d08a0a4/screenshot - {}
RESULT: {"using":"xpath","value":"//div[contains(@id, \"filterItemControl_BASIC-COUNTRY-valueHelpDialog-table-rowsel0\")]"}
COMMAND: POST /session/265f7d61ded080d1a0cabd8d9d08a0a4/element/f.6B1E6F8ADECCD69D02A5807012A29A16.d.3CACAFA1C96B0467C392920138C83D97.e.1850/click - {}
RESULT: {}
RESULT: {}
COMMAND: GET /session/265f7d61ded080d1a0cabd8d9d08a0a4/screenshot - {}
RESULT: {}
RESULT: undefined
COMMAND: POST /session/265f7d61ded080d1a0cabd8d9d08a0a4/element - {"using":"xpath","value":"//*[@id=\"application-addressmanagement-display-component---masterAdm--smartFilterBar-filterItemControl_BASIC-COUNTRY-vhi\"]"}
RESULT: {"using":"xpath","value":"//*[@id=\"application-addressmanagement-display-component---masterAdm--smartFilterBar-filterItemControl_BASIC-COUNTRY-vhi\"]"}
COMMAND: POST /session/265f7d61ded080d1a0cabd8d9d08a0a4/element/f.6B1E6F8ADECCD69D02A5807012A29A16.d.3CACAFA1C96B0467C392920138C83D97.e.1586/click - {}
RESULT: undefined
COMMAND: POST /session/265f7d61ded080d1a0cabd8d9d08a0a4/execute/async - {"script":"<script> [776 bytes]","args":[{"enterText":"Argentina","selector":{"id":"application-addressmanagement-display-component---masterAdm--smartFilterBar-filterItemControl_BASIC-COUNTRY-valueHelpDialog-smartFilterBar-btnBasicSearch","searchOpenDialogs":true,"interaction":{"idSuffix":"I"}},"clearTextFirst":true,"interactionType":"ENTER_TEXT"}]}
RESULT: {"script":"<script> [776 bytes]","args":[{"enterText":"Argentina","selector":{"id":"application-addressmanagement-display-component---masterAdm--smartFilterBar-filterItemControl_BASIC-COUNTRY-valueHelpDialog-smartFilterBar-btnBasicSearch","searchOpenDialogs":true,"interaction":{"idSuffix":"I"}},"clearTextFirst":true,"interactionType":"ENTER_TEXT"}]}
COMMAND: POST /session/265f7d61ded080d1a0cabd8d9d08a0a4/actions - {"actions":[{"id":"action9","type":"key","parameters":{},"actions":[{"type":"keyDown","value":"î€‡"},{"type":"pause","duration":10},{"type":"keyUp","value":"î€‡"}]}]}
RESULT: {"actions":[{"id":"action9","type":"key","parameters":{},"actions":[{"type":"keyDown","value":"î€‡"},{"type":"pause","duration":10},{"type":"keyUp","value":"î€‡"}]}]}
COMMAND: GET /session/265f7d61ded080d1a0cabd8d9d08a0a4/screenshot - {}
RESULT: {}
COMMAND: POST /session/265f7d61ded080d1a0cabd8d9d08a0a4/elements - {"using":"xpath","value":"//table[contains(@id, \"smartFilterBar-filterItemControl_BASIC-COUNTRY-valueHelpDialog-table-table\")]/tbody/tr"}
RESULT: {"using":"xpath","value":"//table[contains(@id, \"smartFilterBar-filterItemControl_BASIC-COUNTRY-valueHelpDialog-table-table\")]/tbody/tr"}
COMMAND: POST /session/265f7d61ded080d1a0cabd8d9d08a0a4/element - {"using":"xpath","value":"//table[contains(@id, \"smartFilterBar-filterItemControl_BASIC-COUNTRY-valueHelpDialog-table-table\")]/tbody/tr[1]/td[1]/div/span"}
RESULT: {"using":"xpath","value":"//table[contains(@id, \"smartFilterBar-filterItemControl_BASIC-COUNTRY-valueHelpDialog-table-table\")]/tbody/tr[1]/td[1]/div/span"}
COMMAND: POST /session/265f7d61ded080d1a0cabd8d9d08a0a4/elements - {"using":"xpath","value":"//table[contains(@id, \"smartFilterBar-filterItemControl_BASIC-COUNTRY-valueHelpDialog-table-table\")]/tbody/tr[1]/td[1]/div/span"}
RESULT: {"using":"xpath","value":"//table[contains(@id, \"smartFilterBar-filterItemControl_BASIC-COUNTRY-valueHelpDialog-table-table\")]/tbody/tr[1]/td[1]/div/span"}
COMMAND: POST /session/265f7d61ded080d1a0cabd8d9d08a0a4/execute/sync - {"script":"<script> [56 bytes]","args":[{"element-6066-11e4-a52e-4f735466cecf":"f.6B1E6F8ADECCD69D02A5807012A29A16.d.3CACAFA1C96B0467C392920138C83D97.e.1849","ELEMENT":"f.6B1E6F8ADECCD69D02A5807012A29A16.d.3CACAFA1C96B0467C392920138C83D97.e.1849"}]}
RESULT: {"script":"<script> [56 bytes]","args":[{"element-6066-11e4-a52e-4f735466cecf":"f.6B1E6F8ADECCD69D02A5807012A29A16.d.3CACAFA1C96B0467C392920138C83D97.e.1849","ELEMENT":"f.6B1E6F8ADECCD69D02A5807012A29A16.d.3CACAFA1C96B0467C392920138C83D97.e.1849"}]}
COMMAND: POST /session/265f7d61ded080d1a0cabd8d9d08a0a4/element - {"using":"xpath","value":"//div[contains(@id, \"filterItemControl_BASIC-COUNTRY-valueHelpDialog-table-rowsel0\")]"}
COMMAND: GET /session/265f7d61ded080d1a0cabd8d9d08a0a4/screenshot - {}
RESULT: {"using":"xpath","value":"//div[contains(@id, \"filterItemControl_BASIC-COUNTRY-valueHelpDialog-table-rowsel0\")]"}
COMMAND: POST /session/265f7d61ded080d1a0cabd8d9d08a0a4/element/f.6B1E6F8ADECCD69D02A5807012A29A16.d.3CACAFA1C96B0467C392920138C83D97.e.1850/click - {}
RESULT: {}
RESULT: {}
COMMAND: GET /session/265f7d61ded080d1a0cabd8d9d08a0a4/screenshot - {}
RESULT: {}
COMMAND: POST /session/265f7d61ded080d1a0cabd8d9d08a0a4/element - {"using":"xpath","value":"(//bdi[contains(text(), \"OK\")])[1]"}
RESULT: {"using":"xpath","value":"(//bdi[contains(text(), \"OK\")])[1]"}
COMMAND: POST /session/265f7d61ded080d1a0cabd8d9d08a0a4/element/f.6B1E6F8ADECCD69D02A5807012A29A16.d.3CACAFA1C96B0467C392920138C83D97.e.1852/click - {}
RESULT: {}
COMMAND: GET /session/265f7d61ded080d1a0cabd8d9d08a0a4/screenshot - {}
RESULT: {}
COMMAND: POST /session/265f7d61ded080d1a0cabd8d9d08a0a4/element - {"using":"xpath","value":"//span[@id=\"application-addressmanagement-display-component---masterAdm--smartTable-header-inner\"]"}
RESULT: {"using":"xpath","value":"//span[@id=\"application-addressmanagement-display-component---masterAdm--smartTable-header-inner\"]"}
COMMAND: POST /session/265f7d61ded080d1a0cabd8d9d08a0a4/elements - {"using":"xpath","value":"//span[@id=\"application-addressmanagement-display-component---masterAdm--smartTable-header-inner\"]"}
RESULT: {"using":"xpath","value":"//span[@id=\"application-addressmanagement-display-component---masterAdm--smartTable-header-inner\"]"}
COMMAND: POST /session/265f7d61ded080d1a0cabd8d9d08a0a4/execute/sync - {"script":"<script> [56 bytes]","args":[{"element-6066-11e4-a52e-4f735466cecf":"f.6B1E6F8ADECCD69D02A5807012A29A16.d.3CACAFA1C96B0467C392920138C83D97.e.1585","ELEMENT":"f.6B1E6F8ADECCD69D02A5807012A29A16.d.3CACAFA1C96B0467C392920138C83D97.e.1585"}]}
RESULT: {"script":"<script> [56 bytes]","args":[{"element-6066-11e4-a52e-4f735466cecf":"f.6B1E6F8ADECCD69D02A5807012A29A16.d.3CACAFA1C96B0467C392920138C83D97.e.1585","ELEMENT":"f.6B1E6F8ADECCD69D02A5807012A29A16.d.3CACAFA1C96B0467C392920138C83D97.e.1585"}]}
COMMAND: POST /session/265f7d61ded080d1a0cabd8d9d08a0a4/execute/async - {"script":"<script> [1562 bytes]","args":[{"selector":{"id":"application-addressmanagement-display-component---masterAdm--smartFilterBar-filterItemControl_BASIC-NAME-vhi"},"wdio_ui5_key":"applicationaddressmanagement-display-component---masterAdm--smartFilterBar-filterItemControl_BASIC-NAME-vhi"}]}
COMMAND: GET /session/265f7d61ded080d1a0cabd8d9d08a0a4/screenshot - {}
RESULT: {"script":"<script> [1562 bytes]","args":[{"selector":{"id":"application-addressmanagement-display-component---masterAdm--smartFilterBar-filterItemControl_BASIC-NAME-vhi"},"wdio_ui5_key":"applicationaddressmanagement-display-component---masterAdm--smartFilterBar-filterItemControl_BASIC-NAME-vhi"}]}
RESULT: undefined
COMMAND: POST /session/265f7d61ded080d1a0cabd8d9d08a0a4/element - {"using":"xpath","value":"//*[@id=\"application-addressmanagement-display-component---masterAdm--smartFilterBar-filterItemControl_BASIC-NAME-vhi\"]"}
RESULT: {}
RESULT: {"using":"xpath","value":"//*[@id=\"application-addressmanagement-display-component---masterAdm--smartFilterBar-filterItemControl_BASIC-NAME-vhi\"]"}
COMMAND: POST /session/265f7d61ded080d1a0cabd8d9d08a0a4/element/f.6B1E6F8ADECCD69D02A5807012A29A16.d.3CACAFA1C96B0467C392920138C83D97.e.1928/click - {}
RESULT: {}
COMMAND: GET /session/265f7d61ded080d1a0cabd8d9d08a0a4/screenshot - {}
RESULT: {}
COMMAND: POST /session/265f7d61ded080d1a0cabd8d9d08a0a4/execute/async - {"script":"<script> [1562 bytes]","args":[{"selector":{"controlType":"sap.m.Input","viewName":"etm.portal.ui.addressmanagement.view.Master","viewId":"application-addressmanagement-display-component---masterAdm","properties":{"valueState":"None"},"searchOpenDialogs":true,"interaction":{"idSuffix":"inner"}},"wdio_ui5_key":"etmportal.ui.addressmanagement.view.Mastersap.m.Input{\"valueState\":\"None\"}"}]}
RESULT: {"script":"<script> [1562 bytes]","args":[{"selector":{"controlType":"sap.m.Input","viewName":"etm.portal.ui.addressmanagement.view.Master","viewId":"application-addressmanagement-display-component---masterAdm","properties":{"valueState":"None"},"searchOpenDialogs":true,"interaction":{"idSuffix":"inner"}},"wdio_ui5_key":"etmportal.ui.addressmanagement.view.Mastersap.m.Input{\"valueState\":\"None\"}"}]}
RESULT: undefined
COMMAND: POST /session/265f7d61ded080d1a0cabd8d9d08a0a4/execute/async - {"script":"<script> [776 bytes]","args":[{"enterText":"Test","selector":{"controlType":"sap.m.Input","viewName":"etm.portal.ui.addressmanagement.view.Master","viewId":"application-addressmanagement-display-component---masterAdm","properties":{"valueState":"None"},"searchOpenDialogs":true,"interaction":{"idSuffix":"inner"}},"clearTextFirst":true,"interactionType":"ENTER_TEXT"}]}
RESULT: {"script":"<script> [776 bytes]","args":[{"enterText":"Test","selector":{"controlType":"sap.m.Input","viewName":"etm.portal.ui.addressmanagement.view.Master","viewId":"application-addressmanagement-display-component---masterAdm","properties":{"valueState":"None"},"searchOpenDialogs":true,"interaction":{"idSuffix":"inner"}},"clearTextFirst":true,"interactionType":"ENTER_TEXT"}]}
COMMAND: POST /session/265f7d61ded080d1a0cabd8d9d08a0a4/actions - {"actions":[{"id":"action10","type":"key","parameters":{},"actions":[{"type":"keyDown","value":"î€‡"},{"type":"pause","duration":10},{"type":"keyUp","value":"î€‡"}]}]}
RESULT: {"actions":[{"id":"action10","type":"key","parameters":{},"actions":[{"type":"keyDown","value":"î€‡"},{"type":"pause","duration":10},{"type":"keyUp","value":"î€‡"}]}]}
COMMAND: GET /session/265f7d61ded080d1a0cabd8d9d08a0a4/screenshot - {}
RESULT: {}
COMMAND: POST /session/265f7d61ded080d1a0cabd8d9d08a0a4/element - {"using":"xpath","value":"(//bdi[contains(text(), \"OK\")])[1]"}
RESULT: {"using":"xpath","value":"(//bdi[contains(text(), \"OK\")])[1]"}
COMMAND: POST /session/265f7d61ded080d1a0cabd8d9d08a0a4/element/f.6B1E6F8ADECCD69D02A5807012A29A16.d.3CACAFA1C96B0467C392920138C83D97.e.1935/click - {}
RESULT: {}
COMMAND: GET /session/265f7d61ded080d1a0cabd8d9d08a0a4/screenshot - {}
RESULT: {}
COMMAND: POST /session/265f7d61ded080d1a0cabd8d9d08a0a4/element - {"using":"xpath","value":"//span[@id=\"application-addressmanagement-display-component---masterAdm--smartTable-header-inner\"]"}
RESULT: {"using":"xpath","value":"//span[@id=\"application-addressmanagement-display-component---masterAdm--smartTable-header-inner\"]"}
COMMAND: POST /session/265f7d61ded080d1a0cabd8d9d08a0a4/elements - {"using":"xpath","value":"//span[@id=\"application-addressmanagement-display-component---masterAdm--smartTable-header-inner\"]"}
RESULT: {"using":"xpath","value":"//span[@id=\"application-addressmanagement-display-component---masterAdm--smartTable-header-inner\"]"}
COMMAND: POST /session/265f7d61ded080d1a0cabd8d9d08a0a4/execute/sync - {"script":"<script> [56 bytes]","args":[{"element-6066-11e4-a52e-4f735466cecf":"f.6B1E6F8ADECCD69D02A5807012A29A16.d.3CACAFA1C96B0467C392920138C83D97.e.1585","ELEMENT":"f.6B1E6F8ADECCD69D02A5807012A29A16.d.3CACAFA1C96B0467C392920138C83D97.e.1585"}]}
RESULT: {"script":"<script> [56 bytes]","args":[{"element-6066-11e4-a52e-4f735466cecf":"f.6B1E6F8ADECCD69D02A5807012A29A16.d.3CACAFA1C96B0467C392920138C83D97.e.1585","ELEMENT":"f.6B1E6F8ADECCD69D02A5807012A29A16.d.3CACAFA1C96B0467C392920138C83D97.e.1585"}]}
COMMAND: POST /session/265f7d61ded080d1a0cabd8d9d08a0a4/element - {"using":"xpath","value":"//span[contains(@title, \"Remove\")]"}
COMMAND: GET /session/265f7d61ded080d1a0cabd8d9d08a0a4/screenshot - {}
RESULT: {"using":"xpath","value":"//span[contains(@title, \"Remove\")]"}
COMMAND: POST /session/265f7d61ded080d1a0cabd8d9d08a0a4/element/f.6B1E6F8ADECCD69D02A5807012A29A16.d.3CACAFA1C96B0467C392920138C83D97.e.2035/click - {}
RESULT: {}
RESULT: {}
COMMAND: GET /session/265f7d61ded080d1a0cabd8d9d08a0a4/screenshot - {}
COMMAND: POST /session/265f7d61ded080d1a0cabd8d9d08a0a4/element - {"using":"xpath","value":"//span[contains(@title, \"Remove\")]"}
RESULT: {}
RESULT: {"using":"xpath","value":"//span[contains(@title, \"Remove\")]"}
COMMAND: POST /session/265f7d61ded080d1a0cabd8d9d08a0a4/element/f.6B1E6F8ADECCD69D02A5807012A29A16.d.3CACAFA1C96B0467C392920138C83D97.e.2126/click - {}
RESULT: {}
COMMAND: GET /session/265f7d61ded080d1a0cabd8d9d08a0a4/screenshot - {}
COMMAND: POST /session/265f7d61ded080d1a0cabd8d9d08a0a4/element - {"using":"xpath","value":"//span[contains(@title, \"Remove\")]"}
RESULT: {}
RESULT: {"using":"xpath","value":"//span[contains(@title, \"Remove\")]"}
COMMAND: POST /session/265f7d61ded080d1a0cabd8d9d08a0a4/element/f.6B1E6F8ADECCD69D02A5807012A29A16.d.3CACAFA1C96B0467C392920138C83D97.e.2224/click - {}
RESULT: {}
COMMAND: GET /session/265f7d61ded080d1a0cabd8d9d08a0a4/screenshot - {}
COMMAND: POST /session/265f7d61ded080d1a0cabd8d9d08a0a4/element - {"using":"css selector","value":"#shell-header-logo"}
RESULT: {}
RESULT: {"using":"css selector","value":"#shell-header-logo"}
COMMAND: POST /session/265f7d61ded080d1a0cabd8d9d08a0a4/element/f.6B1E6F8ADECCD69D02A5807012A29A16.d.3CACAFA1C96B0467C392920138C83D97.e.1410/click - {}
RESULT: {}
COMMAND: GET /session/265f7d61ded080d1a0cabd8d9d08a0a4/screenshot - {}
RESULT: {}
]]></system-out>
    </testcase>
    <testcase classname="chrome.136_0_7103_93.windows.Address_Management_Tests_US156181_US151165_US151160_US156180_US156178_US151157_US151172_US151170_US151166_US151168" name="Step 6 Should assign user ID to an user assign them to site US151172" time="109.479">
      <system-out><![CDATA[
RESULT: undefined
COMMAND: POST /session/265f7d61ded080d1a0cabd8d9d08a0a4/element - {"using":"xpath","value":"//*[@id=\"__tile33\"]"}
RESULT: {"using":"xpath","value":"//*[@id=\"__tile33\"]"}
COMMAND: POST /session/265f7d61ded080d1a0cabd8d9d08a0a4/element/f.6B1E6F8ADECCD69D02A5807012A29A16.d.3CACAFA1C96B0467C392920138C83D97.e.207/click - {}
RESULT: {}
COMMAND: GET /session/265f7d61ded080d1a0cabd8d9d08a0a4/screenshot - {}
RESULT: {}
COMMAND: POST /session/265f7d61ded080d1a0cabd8d9d08a0a4/elements - {"using":"xpath","value":"//span[text()='Error']"}
RESULT: {"using":"xpath","value":"//span[text()='Error']"}
COMMAND: POST /session/265f7d61ded080d1a0cabd8d9d08a0a4/element - {"using":"xpath","value":"//button[@data-kt=\"addButton\"]"}
RESULT: {"using":"xpath","value":"//button[@data-kt=\"addButton\"]"}
COMMAND: POST /session/265f7d61ded080d1a0cabd8d9d08a0a4/elements - {"using":"xpath","value":"//button[@data-kt=\"addButton\"]"}
RESULT: {"using":"xpath","value":"//button[@data-kt=\"addButton\"]"}
COMMAND: POST /session/265f7d61ded080d1a0cabd8d9d08a0a4/execute/sync - {"script":"<script> [8489 bytes]","args":[{"element-6066-11e4-a52e-4f735466cecf":"f.6B1E6F8ADECCD69D02A5807012A29A16.d.3CACAFA1C96B0467C392920138C83D97.e.2325","ELEMENT":"f.6B1E6F8ADECCD69D02A5807012A29A16.d.3CACAFA1C96B0467C392920138C83D97.e.2325"}]}
RESULT: {"script":"<script> [8489 bytes]","args":[{"element-6066-11e4-a52e-4f735466cecf":"f.6B1E6F8ADECCD69D02A5807012A29A16.d.3CACAFA1C96B0467C392920138C83D97.e.2325","ELEMENT":"f.6B1E6F8ADECCD69D02A5807012A29A16.d.3CACAFA1C96B0467C392920138C83D97.e.2325"}]}
COMMAND: GET /session/265f7d61ded080d1a0cabd8d9d08a0a4/element/f.6B1E6F8ADECCD69D02A5807012A29A16.d.3CACAFA1C96B0467C392920138C83D97.e.2325/enabled - {}
COMMAND: GET /session/265f7d61ded080d1a0cabd8d9d08a0a4/screenshot - {}
RESULT: {}
COMMAND: POST /session/265f7d61ded080d1a0cabd8d9d08a0a4/execute/sync - {"script":"<script> [8489 bytes]","args":[{"element-6066-11e4-a52e-4f735466cecf":"f.6B1E6F8ADECCD69D02A5807012A29A16.d.3CACAFA1C96B0467C392920138C83D97.e.2325","ELEMENT":"f.6B1E6F8ADECCD69D02A5807012A29A16.d.3CACAFA1C96B0467C392920138C83D97.e.2325"}]}
COMMAND: GET /session/265f7d61ded080d1a0cabd8d9d08a0a4/screenshot - {}
RESULT: {}
RESULT: {"script":"<script> [8489 bytes]","args":[{"element-6066-11e4-a52e-4f735466cecf":"f.6B1E6F8ADECCD69D02A5807012A29A16.d.3CACAFA1C96B0467C392920138C83D97.e.2325","ELEMENT":"f.6B1E6F8ADECCD69D02A5807012A29A16.d.3CACAFA1C96B0467C392920138C83D97.e.2325"}]}
COMMAND: POST /session/265f7d61ded080d1a0cabd8d9d08a0a4/execute/sync - {"script":"<script> [5351 bytes]","args":[{"element-6066-11e4-a52e-4f735466cecf":"f.6B1E6F8ADECCD69D02A5807012A29A16.d.3CACAFA1C96B0467C392920138C83D97.e.2325","ELEMENT":"f.6B1E6F8ADECCD69D02A5807012A29A16.d.3CACAFA1C96B0467C392920138C83D97.e.2325"}]}
COMMAND: GET /session/265f7d61ded080d1a0cabd8d9d08a0a4/screenshot - {}
RESULT: {}
RESULT: {"script":"<script> [5351 bytes]","args":[{"element-6066-11e4-a52e-4f735466cecf":"f.6B1E6F8ADECCD69D02A5807012A29A16.d.3CACAFA1C96B0467C392920138C83D97.e.2325","ELEMENT":"f.6B1E6F8ADECCD69D02A5807012A29A16.d.3CACAFA1C96B0467C392920138C83D97.e.2325"}]}
COMMAND: GET /session/265f7d61ded080d1a0cabd8d9d08a0a4/screenshot - {}
RESULT: {}
RESULT: {}
RESULT: undefined
COMMAND: POST /session/265f7d61ded080d1a0cabd8d9d08a0a4/execute/async - {"script":"<script> [776 bytes]","args":[{"enterText":"Test1ETM","selector":{"id":"application-addressmanagement-display-component---masterAdm--smartFilterBar-btnBasicSearch","interaction":{"idSuffix":"I"}},"clearTextFirst":true,"interactionType":"ENTER_TEXT"}]}
RESULT: {"script":"<script> [776 bytes]","args":[{"enterText":"Test1ETM","selector":{"id":"application-addressmanagement-display-component---masterAdm--smartFilterBar-btnBasicSearch","interaction":{"idSuffix":"I"}},"clearTextFirst":true,"interactionType":"ENTER_TEXT"}]}
COMMAND: POST /session/265f7d61ded080d1a0cabd8d9d08a0a4/actions - {"actions":[{"id":"action11","type":"key","parameters":{},"actions":[{"type":"keyDown","value":"î€‡"},{"type":"pause","duration":10},{"type":"keyUp","value":"î€‡"}]}]}
RESULT: {"actions":[{"id":"action11","type":"key","parameters":{},"actions":[{"type":"keyDown","value":"î€‡"},{"type":"pause","duration":10},{"type":"keyUp","value":"î€‡"}]}]}
COMMAND: GET /session/265f7d61ded080d1a0cabd8d9d08a0a4/screenshot - {}
RESULT: {}
COMMAND: POST /session/265f7d61ded080d1a0cabd8d9d08a0a4/elements - {"using":"xpath","value":"//table[contains(@id, \"customPersonsAddressesTable-listUl\")]/tbody/tr"}
RESULT: {"using":"xpath","value":"//table[contains(@id, \"customPersonsAddressesTable-listUl\")]/tbody/tr"}
COMMAND: POST /session/265f7d61ded080d1a0cabd8d9d08a0a4/element - {"using":"xpath","value":"//table[contains(@id, \"customPersonsAddressesTable-listUl\")]/tbody/tr[1]/td[5]/span/span"}
RESULT: {"using":"xpath","value":"//table[contains(@id, \"customPersonsAddressesTable-listUl\")]/tbody/tr[1]/td[5]/span/span"}
COMMAND: POST /session/265f7d61ded080d1a0cabd8d9d08a0a4/element - {"using":"xpath","value":"//table[contains(@id, \"customPersonsAddressesTable-listUl\")]/tbody/tr[1]/td[3]/span"}
RESULT: {"using":"xpath","value":"//table[contains(@id, \"customPersonsAddressesTable-listUl\")]/tbody/tr[1]/td[3]/span"}
COMMAND: POST /session/265f7d61ded080d1a0cabd8d9d08a0a4/elements - {"using":"xpath","value":"//table[contains(@id, \"customPersonsAddressesTable-listUl\")]/tbody/tr[1]/td[5]/span/span"}
RESULT: {"using":"xpath","value":"//table[contains(@id, \"customPersonsAddressesTable-listUl\")]/tbody/tr[1]/td[5]/span/span"}
COMMAND: POST /session/265f7d61ded080d1a0cabd8d9d08a0a4/execute/sync - {"script":"<script> [56 bytes]","args":[{"element-6066-11e4-a52e-4f735466cecf":"f.6B1E6F8ADECCD69D02A5807012A29A16.d.3CACAFA1C96B0467C392920138C83D97.e.2471","ELEMENT":"f.6B1E6F8ADECCD69D02A5807012A29A16.d.3CACAFA1C96B0467C392920138C83D97.e.2471"}]}
RESULT: {"script":"<script> [56 bytes]","args":[{"element-6066-11e4-a52e-4f735466cecf":"f.6B1E6F8ADECCD69D02A5807012A29A16.d.3CACAFA1C96B0467C392920138C83D97.e.2471","ELEMENT":"f.6B1E6F8ADECCD69D02A5807012A29A16.d.3CACAFA1C96B0467C392920138C83D97.e.2471"}]}
COMMAND: POST /session/265f7d61ded080d1a0cabd8d9d08a0a4/element - {"using":"xpath","value":"//span[@id=\"application-addressmanagement-display-component---masterAdm--smartTable-header-inner\"]"}
COMMAND: GET /session/265f7d61ded080d1a0cabd8d9d08a0a4/screenshot - {}
RESULT: {"using":"xpath","value":"//span[@id=\"application-addressmanagement-display-component---masterAdm--smartTable-header-inner\"]"}
COMMAND: POST /session/265f7d61ded080d1a0cabd8d9d08a0a4/elements - {"using":"xpath","value":"//span[@id=\"application-addressmanagement-display-component---masterAdm--smartTable-header-inner\"]"}
RESULT: {}
RESULT: {"using":"xpath","value":"//span[@id=\"application-addressmanagement-display-component---masterAdm--smartTable-header-inner\"]"}
COMMAND: POST /session/265f7d61ded080d1a0cabd8d9d08a0a4/execute/sync - {"script":"<script> [56 bytes]","args":[{"element-6066-11e4-a52e-4f735466cecf":"f.6B1E6F8ADECCD69D02A5807012A29A16.d.3CACAFA1C96B0467C392920138C83D97.e.2473","ELEMENT":"f.6B1E6F8ADECCD69D02A5807012A29A16.d.3CACAFA1C96B0467C392920138C83D97.e.2473"}]}
RESULT: {"script":"<script> [56 bytes]","args":[{"element-6066-11e4-a52e-4f735466cecf":"f.6B1E6F8ADECCD69D02A5807012A29A16.d.3CACAFA1C96B0467C392920138C83D97.e.2473","ELEMENT":"f.6B1E6F8ADECCD69D02A5807012A29A16.d.3CACAFA1C96B0467C392920138C83D97.e.2473"}]}
COMMAND: POST /session/265f7d61ded080d1a0cabd8d9d08a0a4/element - {"using":"css selector","value":"#shell-header-logo"}
COMMAND: GET /session/265f7d61ded080d1a0cabd8d9d08a0a4/screenshot - {}
RESULT: {"using":"css selector","value":"#shell-header-logo"}
COMMAND: POST /session/265f7d61ded080d1a0cabd8d9d08a0a4/element/f.6B1E6F8ADECCD69D02A5807012A29A16.d.3CACAFA1C96B0467C392920138C83D97.e.2283/click - {}
RESULT: {}
RESULT: {}
COMMAND: GET /session/265f7d61ded080d1a0cabd8d9d08a0a4/screenshot - {}
RESULT: {}
COMMAND: POST /session/265f7d61ded080d1a0cabd8d9d08a0a4/execute/async - {"script":"<script> [1562 bytes]","args":[{"selector":{"controlType":"sap.m.GenericTile","properties":{"header":"Manage Sites"}},"wdio_ui5_key":"sapm.GenericTile{\"header\":\"Manage Sites\"}"}]}
RESULT: {"script":"<script> [1562 bytes]","args":[{"selector":{"controlType":"sap.m.GenericTile","properties":{"header":"Manage Sites"}},"wdio_ui5_key":"sapm.GenericTile{\"header\":\"Manage Sites\"}"}]}
RESULT: undefined
COMMAND: POST /session/265f7d61ded080d1a0cabd8d9d08a0a4/element - {"using":"xpath","value":"//*[@id=\"__tile40\"]"}
RESULT: {"using":"xpath","value":"//*[@id=\"__tile40\"]"}
COMMAND: POST /session/265f7d61ded080d1a0cabd8d9d08a0a4/element/f.6B1E6F8ADECCD69D02A5807012A29A16.d.3CACAFA1C96B0467C392920138C83D97.e.151/click - {}
RESULT: {}
COMMAND: GET /session/265f7d61ded080d1a0cabd8d9d08a0a4/screenshot - {}
RESULT: {}
COMMAND: POST /session/265f7d61ded080d1a0cabd8d9d08a0a4/elements - {"using":"xpath","value":"//span[text()='Error']"}
RESULT: {"using":"xpath","value":"//span[text()='Error']"}
COMMAND: POST /session/265f7d61ded080d1a0cabd8d9d08a0a4/element - {"using":"xpath","value":"//button[@data-kt=\"addOverflowToolbarButton\"]"}
RESULT: {"using":"xpath","value":"//button[@data-kt=\"addOverflowToolbarButton\"]"}
COMMAND: POST /session/265f7d61ded080d1a0cabd8d9d08a0a4/elements - {"using":"xpath","value":"//button[@data-kt=\"addOverflowToolbarButton\"]"}
RESULT: {"using":"xpath","value":"//button[@data-kt=\"addOverflowToolbarButton\"]"}
COMMAND: POST /session/265f7d61ded080d1a0cabd8d9d08a0a4/execute/sync - {"script":"<script> [8489 bytes]","args":[{"element-6066-11e4-a52e-4f735466cecf":"f.6B1E6F8ADECCD69D02A5807012A29A16.d.3CACAFA1C96B0467C392920138C83D97.e.2521","ELEMENT":"f.6B1E6F8ADECCD69D02A5807012A29A16.d.3CACAFA1C96B0467C392920138C83D97.e.2521"}]}
RESULT: {"script":"<script> [8489 bytes]","args":[{"element-6066-11e4-a52e-4f735466cecf":"f.6B1E6F8ADECCD69D02A5807012A29A16.d.3CACAFA1C96B0467C392920138C83D97.e.2521","ELEMENT":"f.6B1E6F8ADECCD69D02A5807012A29A16.d.3CACAFA1C96B0467C392920138C83D97.e.2521"}]}
COMMAND: GET /session/265f7d61ded080d1a0cabd8d9d08a0a4/element/f.6B1E6F8ADECCD69D02A5807012A29A16.d.3CACAFA1C96B0467C392920138C83D97.e.2521/enabled - {}
COMMAND: GET /session/265f7d61ded080d1a0cabd8d9d08a0a4/screenshot - {}
RESULT: {}
COMMAND: POST /session/265f7d61ded080d1a0cabd8d9d08a0a4/execute/sync - {"script":"<script> [8489 bytes]","args":[{"element-6066-11e4-a52e-4f735466cecf":"f.6B1E6F8ADECCD69D02A5807012A29A16.d.3CACAFA1C96B0467C392920138C83D97.e.2521","ELEMENT":"f.6B1E6F8ADECCD69D02A5807012A29A16.d.3CACAFA1C96B0467C392920138C83D97.e.2521"}]}
COMMAND: GET /session/265f7d61ded080d1a0cabd8d9d08a0a4/screenshot - {}
RESULT: {}
RESULT: {"script":"<script> [8489 bytes]","args":[{"element-6066-11e4-a52e-4f735466cecf":"f.6B1E6F8ADECCD69D02A5807012A29A16.d.3CACAFA1C96B0467C392920138C83D97.e.2521","ELEMENT":"f.6B1E6F8ADECCD69D02A5807012A29A16.d.3CACAFA1C96B0467C392920138C83D97.e.2521"}]}
COMMAND: POST /session/265f7d61ded080d1a0cabd8d9d08a0a4/execute/sync - {"script":"<script> [5351 bytes]","args":[{"element-6066-11e4-a52e-4f735466cecf":"f.6B1E6F8ADECCD69D02A5807012A29A16.d.3CACAFA1C96B0467C392920138C83D97.e.2521","ELEMENT":"f.6B1E6F8ADECCD69D02A5807012A29A16.d.3CACAFA1C96B0467C392920138C83D97.e.2521"}]}
COMMAND: GET /session/265f7d61ded080d1a0cabd8d9d08a0a4/screenshot - {}
RESULT: {}
RESULT: {"script":"<script> [5351 bytes]","args":[{"element-6066-11e4-a52e-4f735466cecf":"f.6B1E6F8ADECCD69D02A5807012A29A16.d.3CACAFA1C96B0467C392920138C83D97.e.2521","ELEMENT":"f.6B1E6F8ADECCD69D02A5807012A29A16.d.3CACAFA1C96B0467C392920138C83D97.e.2521"}]}
COMMAND: GET /session/265f7d61ded080d1a0cabd8d9d08a0a4/screenshot - {}
RESULT: {}
RESULT: {}
COMMAND: POST /session/265f7d61ded080d1a0cabd8d9d08a0a4/element/f.6B1E6F8ADECCD69D02A5807012A29A16.d.3CACAFA1C96B0467C392920138C83D97.e.2521/click - {}
RESULT: {}
COMMAND: GET /session/265f7d61ded080d1a0cabd8d9d08a0a4/screenshot - {}
COMMAND: POST /session/265f7d61ded080d1a0cabd8d9d08a0a4/execute/async - {"script":"<script> [1562 bytes]","args":[{"selector":{"controlType":"sap.m.Button","viewName":"etm.portal.ui.managesites.view.NewSmartSite","viewId":"application-managesites-display-component---NewSite","properties":{"text":"Contacts (Users)"},"interaction":{"idSuffix":"BDI-content"}},"wdio_ui5_key":"etmportal.ui.managesites.view.NewSmartSitesap.m.Button{\"text\":\"Contacts (Users)\"}"}]}
RESULT: {}
RESULT: {"script":"<script> [1562 bytes]","args":[{"selector":{"controlType":"sap.m.Button","viewName":"etm.portal.ui.managesites.view.NewSmartSite","viewId":"application-managesites-display-component---NewSite","properties":{"text":"Contacts (Users)"},"interaction":{"idSuffix":"BDI-content"}},"wdio_ui5_key":"etmportal.ui.managesites.view.NewSmartSitesap.m.Button{\"text\":\"Contacts (Users)\"}"}]}
RESULT: undefined
COMMAND: POST /session/265f7d61ded080d1a0cabd8d9d08a0a4/element - {"using":"xpath","value":"//*[@id=\"application-managesites-display-component---NewSite--ObjectPageLayout-anchBar-__section46-anchor\"]"}
RESULT: {"using":"xpath","value":"//*[@id=\"application-managesites-display-component---NewSite--ObjectPageLayout-anchBar-__section46-anchor\"]"}
COMMAND: POST /session/265f7d61ded080d1a0cabd8d9d08a0a4/element/f.6B1E6F8ADECCD69D02A5807012A29A16.d.3CACAFA1C96B0467C392920138C83D97.e.2918/click - {}
RESULT: {}
COMMAND: GET /session/265f7d61ded080d1a0cabd8d9d08a0a4/screenshot - {}
RESULT: {}
COMMAND: POST /session/265f7d61ded080d1a0cabd8d9d08a0a4/element - {"using":"xpath","value":"//button[@data-kt=\"onAddUserOverflowToolbarButton\"]"}
RESULT: {"using":"xpath","value":"//button[@data-kt=\"onAddUserOverflowToolbarButton\"]"}
COMMAND: POST /session/265f7d61ded080d1a0cabd8d9d08a0a4/element/f.6B1E6F8ADECCD69D02A5807012A29A16.d.3CACAFA1C96B0467C392920138C83D97.e.2923/click - {}
RESULT: {}
COMMAND: GET /session/265f7d61ded080d1a0cabd8d9d08a0a4/screenshot - {}
RESULT: {}
COMMAND: POST /session/265f7d61ded080d1a0cabd8d9d08a0a4/execute/async - {"script":"<script> [1562 bytes]","args":[{"selector":{"controlType":"sap.m.SearchField","viewName":"etm.portal.ui.managesites.view.NewSmartSite","viewId":"application-managesites-display-component---NewSite","searchOpenDialogs":true,"interaction":{"idSuffix":"I"}},"wdio_ui5_key":"etmportal.ui.managesites.view.NewSmartSitesap.m.SearchField"}]}
RESULT: {"script":"<script> [1562 bytes]","args":[{"selector":{"controlType":"sap.m.SearchField","viewName":"etm.portal.ui.managesites.view.NewSmartSite","viewId":"application-managesites-display-component---NewSite","searchOpenDialogs":true,"interaction":{"idSuffix":"I"}},"wdio_ui5_key":"etmportal.ui.managesites.view.NewSmartSitesap.m.SearchField"}]}
RESULT: undefined
COMMAND: POST /session/265f7d61ded080d1a0cabd8d9d08a0a4/execute/async - {"script":"<script> [776 bytes]","args":[{"enterText":"Test1ETM","selector":{"controlType":"sap.m.SearchField","viewName":"etm.portal.ui.managesites.view.NewSmartSite","viewId":"application-managesites-display-component---NewSite","searchOpenDialogs":true,"interaction":{"idSuffix":"I"}},"clearTextFirst":true,"interactionType":"ENTER_TEXT"}]}
RESULT: {"script":"<script> [776 bytes]","args":[{"enterText":"Test1ETM","selector":{"controlType":"sap.m.SearchField","viewName":"etm.portal.ui.managesites.view.NewSmartSite","viewId":"application-managesites-display-component---NewSite","searchOpenDialogs":true,"interaction":{"idSuffix":"I"}},"clearTextFirst":true,"interactionType":"ENTER_TEXT"}]}
COMMAND: POST /session/265f7d61ded080d1a0cabd8d9d08a0a4/actions - {"actions":[{"id":"action12","type":"key","parameters":{},"actions":[{"type":"keyDown","value":"î€‡"},{"type":"pause","duration":10},{"type":"keyUp","value":"î€‡"}]}]}
RESULT: {"actions":[{"id":"action12","type":"key","parameters":{},"actions":[{"type":"keyDown","value":"î€‡"},{"type":"pause","duration":10},{"type":"keyUp","value":"î€‡"}]}]}
COMMAND: GET /session/265f7d61ded080d1a0cabd8d9d08a0a4/screenshot - {}
RESULT: {}
COMMAND: POST /session/265f7d61ded080d1a0cabd8d9d08a0a4/element - {"using":"xpath","value":"//li[.//*[contains(text(), \"Test1ETM\")] or contains(text(), \"Test1ETM\")]"}
RESULT: {"using":"xpath","value":"//li[.//*[contains(text(), \"Test1ETM\")] or contains(text(), \"Test1ETM\")]"}
COMMAND: POST /session/265f7d61ded080d1a0cabd8d9d08a0a4/elements - {"using":"xpath","value":"//li[.//*[contains(text(), \"Test1ETM\")] or contains(text(), \"Test1ETM\")]"}
RESULT: {"using":"xpath","value":"//li[.//*[contains(text(), \"Test1ETM\")] or contains(text(), \"Test1ETM\")]"}
COMMAND: POST /session/265f7d61ded080d1a0cabd8d9d08a0a4/element - {"using":"xpath","value":"//button[.//bdi[contains(text(), \"Cancel\")]][1]"}
RESULT: {"using":"xpath","value":"//button[.//bdi[contains(text(), \"Cancel\")]][1]"}
COMMAND: POST /session/265f7d61ded080d1a0cabd8d9d08a0a4/element/f.6B1E6F8ADECCD69D02A5807012A29A16.d.3CACAFA1C96B0467C392920138C83D97.e.2929/click - {}
RESULT: {}
COMMAND: GET /session/265f7d61ded080d1a0cabd8d9d08a0a4/screenshot - {}
RESULT: {}
COMMAND: POST /session/265f7d61ded080d1a0cabd8d9d08a0a4/element - {"using":"css selector","value":"#shell-header-logo"}
RESULT: {"using":"css selector","value":"#shell-header-logo"}
COMMAND: POST /session/265f7d61ded080d1a0cabd8d9d08a0a4/element/f.6B1E6F8ADECCD69D02A5807012A29A16.d.3CACAFA1C96B0467C392920138C83D97.e.2478/click - {}
RESULT: {}
COMMAND: GET /session/265f7d61ded080d1a0cabd8d9d08a0a4/screenshot - {}
RESULT: {}
]]></system-out>
    </testcase>
  </testsuite>
</testsuites>