<?xml version="1.0" encoding="UTF-8"?>
<testsuites tests="14" failures="0" errors="0" skipped="0">
  <testsuite timestamp="2025-04-21T17:48:20" time="1181.443" tests="6" failures="0" errors="0" skipped="0">
    <properties>
      <property name="specId" value="0"/>
      <property name="suiteName" value="Standard contract - add contract items by Insert Request US118222"/>
      <property name="capabilities" value="chrome.135_0_7049_42.windows"/>
      <property name="file" value="file:///D:/a/1/s/test/specs/R2C/standard-contract-add-contract-items-by-insert-request.spec.js"/>
    </properties>
    <testcase classname="chrome.135_0_7049_42.windows.Standard_contract_-_add_contract_items_by_Insert_Request_US118222" name="Should create prerequisites yard partner site material and equipment" time="317.891">
      <system-out><![CDATA[
COMMAND: POST /session/10ce6bf21e267d5fc72912db2fe1b82f/execute/async - {"script":"<script> [1562 bytes]","args":[{"selector":{"controlType":"sap.m.GenericTile","properties":{"header":"Manage Yards"}},"wdio_ui5_key":"sapm.GenericTile{\"header\":\"Manage Yards\"}"}]}
RESULT: {"script":"<script> [1562 bytes]","args":[{"selector":{"controlType":"sap.m.GenericTile","properties":{"header":"Manage Yards"}},"wdio_ui5_key":"sapm.GenericTile{\"header\":\"Manage Yards\"}"}]}
RESULT: undefined
COMMAND: POST /session/10ce6bf21e267d5fc72912db2fe1b82f/element - {"using":"xpath","value":"//*[@id=\"__tile41\"]"}
RESULT: {"using":"xpath","value":"//*[@id=\"__tile41\"]"}
COMMAND: POST /session/10ce6bf21e267d5fc72912db2fe1b82f/element/f.BD39AEFEC33B967BC38EA35058F10DD3.d.FC00A9A0375B9F2F94AB791E4F9DBCF5.e.129/click - {}
RESULT: {}
COMMAND: GET /session/10ce6bf21e267d5fc72912db2fe1b82f/screenshot - {}
RESULT: {}
COMMAND: POST /session/10ce6bf21e267d5fc72912db2fe1b82f/execute/async - {"script":"<script> [1562 bytes]","args":[{"selector":{"controlType":"sap.ui.core.Icon","viewName":"etm.portal.ui.manageyards.view.Master","viewId":"application-manageyards-display-component---masterYard","properties":{"src":{"regex":{"source":"add"}}}},"wdio_ui5_key":"etmportal.ui.manageyards.view.Mastersap.ui.core.Icon{\"src\":{\"regex\":{\"source\":\"add\"}}}"}]}
RESULT: {"script":"<script> [1562 bytes]","args":[{"selector":{"controlType":"sap.ui.core.Icon","viewName":"etm.portal.ui.manageyards.view.Master","viewId":"application-manageyards-display-component---masterYard","properties":{"src":{"regex":{"source":"add"}}}},"wdio_ui5_key":"etmportal.ui.manageyards.view.Mastersap.ui.core.Icon{\"src\":{\"regex\":{\"source\":\"add\"}}}"}]}
RESULT: undefined
COMMAND: POST /session/10ce6bf21e267d5fc72912db2fe1b82f/element - {"using":"xpath","value":"//*[@id=\"__button4-img\"]"}
RESULT: {"using":"xpath","value":"//*[@id=\"__button4-img\"]"}
COMMAND: POST /session/10ce6bf21e267d5fc72912db2fe1b82f/element/f.BD39AEFEC33B967BC38EA35058F10DD3.d.FC00A9A0375B9F2F94AB791E4F9DBCF5.e.177/click - {}
RESULT: {}
COMMAND: GET /session/10ce6bf21e267d5fc72912db2fe1b82f/screenshot - {}
RESULT: {}
COMMAND: POST /session/10ce6bf21e267d5fc72912db2fe1b82f/execute/async - {"script":"<script> [1562 bytes]","args":[{"selector":{"id":"application-manageyards-display-component---NewYard--yardId","interaction":{"idSuffix":"inner"}},"wdio_ui5_key":"applicationmanageyards-display-component---NewYard--yardId"}]}
RESULT: {"script":"<script> [1562 bytes]","args":[{"selector":{"id":"application-manageyards-display-component---NewYard--yardId","interaction":{"idSuffix":"inner"}},"wdio_ui5_key":"applicationmanageyards-display-component---NewYard--yardId"}]}
RESULT: undefined
COMMAND: POST /session/10ce6bf21e267d5fc72912db2fe1b82f/element - {"using":"xpath","value":"//*[@id=\"application-manageyards-display-component---NewYard--addressDetailDetailsName1-inner\"]"}
RESULT: {"using":"xpath","value":"//*[@id=\"application-manageyards-display-component---NewYard--addressDetailDetailsName1-inner\"]"}
COMMAND: POST /session/10ce6bf21e267d5fc72912db2fe1b82f/element/f.BD39AEFEC33B967BC38EA35058F10DD3.d.FC00A9A0375B9F2F94AB791E4F9DBCF5.e.391/clear - {}
RESULT: {}
COMMAND: POST /session/10ce6bf21e267d5fc72912db2fe1b82f/element/f.BD39AEFEC33B967BC38EA35058F10DD3.d.FC00A9A0375B9F2F94AB791E4F9DBCF5.e.391/value - {"text":"WebdriverYardx1ogv"}
COMMAND: GET /session/10ce6bf21e267d5fc72912db2fe1b82f/screenshot - {}
RESULT: {"text":"WebdriverYardx1ogv"}
COMMAND: POST /session/10ce6bf21e267d5fc72912db2fe1b82f/element - {"using":"xpath","value":"//*[@id=\"application-manageyards-display-component---NewYard--addressDetailDetailsLanguage-inner\"]"}
COMMAND: GET /session/10ce6bf21e267d5fc72912db2fe1b82f/screenshot - {}
RESULT: {}
RESULT: {"using":"xpath","value":"//*[@id=\"application-manageyards-display-component---NewYard--addressDetailDetailsLanguage-inner\"]"}
COMMAND: POST /session/10ce6bf21e267d5fc72912db2fe1b82f/element/f.BD39AEFEC33B967BC38EA35058F10DD3.d.FC00A9A0375B9F2F94AB791E4F9DBCF5.e.392/clear - {}
RESULT: {}
RESULT: {}
COMMAND: POST /session/10ce6bf21e267d5fc72912db2fe1b82f/element/f.BD39AEFEC33B967BC38EA35058F10DD3.d.FC00A9A0375B9F2F94AB791E4F9DBCF5.e.392/value - {"text":"Romanian"}
COMMAND: GET /session/10ce6bf21e267d5fc72912db2fe1b82f/screenshot - {}
RESULT: {"text":"Romanian"}
COMMAND: POST /session/10ce6bf21e267d5fc72912db2fe1b82f/element - {"using":"xpath","value":"//input[contains(@id ,\"application-manageyards-display-component---NewYard--addressDetailDetailsName1-inner\")]"}
COMMAND: GET /session/10ce6bf21e267d5fc72912db2fe1b82f/screenshot - {}
RESULT: {}
RESULT: {"using":"xpath","value":"//input[contains(@id ,\"application-manageyards-display-component---NewYard--addressDetailDetailsName1-inner\")]"}
COMMAND: GET /session/10ce6bf21e267d5fc72912db2fe1b82f/element/f.BD39AEFEC33B967BC38EA35058F10DD3.d.FC00A9A0375B9F2F94AB791E4F9DBCF5.e.391/property/value - {}
RESULT: {}
RESULT: {}
COMMAND: GET /session/10ce6bf21e267d5fc72912db2fe1b82f/screenshot - {}
RESULT: {}
COMMAND: POST /session/10ce6bf21e267d5fc72912db2fe1b82f/element - {"using":"xpath","value":"//*[@id=\"application-manageyards-display-component---NewYard--addressDetailDetailsCity1-inner\"]"}
RESULT: {"using":"xpath","value":"//*[@id=\"application-manageyards-display-component---NewYard--addressDetailDetailsCity1-inner\"]"}
COMMAND: POST /session/10ce6bf21e267d5fc72912db2fe1b82f/element/f.BD39AEFEC33B967BC38EA35058F10DD3.d.FC00A9A0375B9F2F94AB791E4F9DBCF5.e.394/clear - {}
RESULT: {}
COMMAND: POST /session/10ce6bf21e267d5fc72912db2fe1b82f/element/f.BD39AEFEC33B967BC38EA35058F10DD3.d.FC00A9A0375B9F2F94AB791E4F9DBCF5.e.394/value - {"text":"Bucuresti"}
COMMAND: GET /session/10ce6bf21e267d5fc72912db2fe1b82f/screenshot - {}
RESULT: {"text":"Bucuresti"}
COMMAND: GET /session/10ce6bf21e267d5fc72912db2fe1b82f/screenshot - {}
RESULT: {}
RESULT: {}
COMMAND: POST /session/10ce6bf21e267d5fc72912db2fe1b82f/element - {"using":"xpath","value":"//*[@id=\"application-manageyards-display-component---NewYard--addressDetailDetailsCountry-inner\"]"}
RESULT: {"using":"xpath","value":"//*[@id=\"application-manageyards-display-component---NewYard--addressDetailDetailsCountry-inner\"]"}
COMMAND: POST /session/10ce6bf21e267d5fc72912db2fe1b82f/element/f.BD39AEFEC33B967BC38EA35058F10DD3.d.FC00A9A0375B9F2F94AB791E4F9DBCF5.e.398/clear - {}
RESULT: {}
COMMAND: POST /session/10ce6bf21e267d5fc72912db2fe1b82f/element/f.BD39AEFEC33B967BC38EA35058F10DD3.d.FC00A9A0375B9F2F94AB791E4F9DBCF5.e.398/value - {"text":"Romania"}
COMMAND: GET /session/10ce6bf21e267d5fc72912db2fe1b82f/screenshot - {}
RESULT: {"text":"Romania"}
COMMAND: GET /session/10ce6bf21e267d5fc72912db2fe1b82f/screenshot - {}
RESULT: {}
RESULT: {}
COMMAND: POST /session/10ce6bf21e267d5fc72912db2fe1b82f/element - {"using":"xpath","value":"//div[contains(text(), \"Commercial\")]"}
RESULT: {"using":"xpath","value":"//div[contains(text(), \"Commercial\")]"}
COMMAND: GET /session/10ce6bf21e267d5fc72912db2fe1b82f/element/f.BD39AEFEC33B967BC38EA35058F10DD3.d.FC00A9A0375B9F2F94AB791E4F9DBCF5.e.578/rect - {}
RESULT: {}
COMMAND: GET /session/10ce6bf21e267d5fc72912db2fe1b82f/window/rect - {}
RESULT: {}
COMMAND: POST /session/10ce6bf21e267d5fc72912db2fe1b82f/execute/sync - {"script":"<script> [92 bytes]","args":[]}
RESULT: {"script":"<script> [92 bytes]","args":[]}
COMMAND: POST /session/10ce6bf21e267d5fc72912db2fe1b82f/actions - {"actions":[{"id":"action1","type":"wheel","parameters":{},"actions":[{"type":"scroll","x":-1841,"y":-44,"deltaX":0,"deltaY":0,"duration":0,"origin":{"element-6066-11e4-a52e-4f735466cecf":"f.BD39AEFEC33B967BC38EA35058F10DD3.d.FC00A9A0375B9F2F94AB791E4F9DBCF5.e.578"}}]}]}
COMMAND: GET /session/10ce6bf21e267d5fc72912db2fe1b82f/screenshot - {}
RESULT: {}
COMMAND: POST /session/10ce6bf21e267d5fc72912db2fe1b82f/execute/sync - {"script":"<script> [79 bytes]","args":[{"element-6066-11e4-a52e-4f735466cecf":"f.BD39AEFEC33B967BC38EA35058F10DD3.d.FC00A9A0375B9F2F94AB791E4F9DBCF5.e.578","ELEMENT":"f.BD39AEFEC33B967BC38EA35058F10DD3.d.FC00A9A0375B9F2F94AB791E4F9DBCF5.e.578"},{"block":"start","inline":"nearest"}]}
RESULT: {"script":"<script> [79 bytes]","args":[{"element-6066-11e4-a52e-4f735466cecf":"f.BD39AEFEC33B967BC38EA35058F10DD3.d.FC00A9A0375B9F2F94AB791E4F9DBCF5.e.578","ELEMENT":"f.BD39AEFEC33B967BC38EA35058F10DD3.d.FC00A9A0375B9F2F94AB791E4F9DBCF5.e.578"},{"block":"start","inline":"nearest"}]}
COMMAND: GET /session/10ce6bf21e267d5fc72912db2fe1b82f/screenshot - {}
RESULT: {}
COMMAND: POST /session/10ce6bf21e267d5fc72912db2fe1b82f/execute/async - {"script":"<script> [1562 bytes]","args":[{"selector":{"id":"application-manageyards-display-component---NewYard--addressEditDetailsCostObjectCstType-arrow"},"wdio_ui5_key":"applicationmanageyards-display-component---NewYard--addressEditDetailsCostObjectCstType-arrow"}]}
RESULT: {"script":"<script> [1562 bytes]","args":[{"selector":{"id":"application-manageyards-display-component---NewYard--addressEditDetailsCostObjectCstType-arrow"},"wdio_ui5_key":"applicationmanageyards-display-component---NewYard--addressEditDetailsCostObjectCstType-arrow"}]}
RESULT: undefined
COMMAND: POST /session/10ce6bf21e267d5fc72912db2fe1b82f/element - {"using":"xpath","value":"//*[@id=\"application-manageyards-display-component---NewYard--addressEditDetailsCostObjectCstType-arrow\"]"}
RESULT: {"using":"xpath","value":"//*[@id=\"application-manageyards-display-component---NewYard--addressEditDetailsCostObjectCstType-arrow\"]"}
COMMAND: POST /session/10ce6bf21e267d5fc72912db2fe1b82f/element/f.BD39AEFEC33B967BC38EA35058F10DD3.d.FC00A9A0375B9F2F94AB791E4F9DBCF5.e.586/click - {}
RESULT: {}
COMMAND: POST /session/10ce6bf21e267d5fc72912db2fe1b82f/element - {"using":"xpath","value":"//span[contains(text(), \"Cost Center\")]"}
COMMAND: GET /session/10ce6bf21e267d5fc72912db2fe1b82f/screenshot - {}
RESULT: {"using":"xpath","value":"//span[contains(text(), \"Cost Center\")]"}
COMMAND: POST /session/10ce6bf21e267d5fc72912db2fe1b82f/element/f.BD39AEFEC33B967BC38EA35058F10DD3.d.FC00A9A0375B9F2F94AB791E4F9DBCF5.e.587/click - {}
RESULT: {}
RESULT: {}
COMMAND: GET /session/10ce6bf21e267d5fc72912db2fe1b82f/screenshot - {}
RESULT: {}
COMMAND: POST /session/10ce6bf21e267d5fc72912db2fe1b82f/execute/async - {"script":"<script> [1562 bytes]","args":[{"selector":{"id":"application-manageyards-display-component---NewYard--addressNewCostObjectCstID-vhi"},"wdio_ui5_key":"applicationmanageyards-display-component---NewYard--addressNewCostObjectCstID-vhi"}]}
RESULT: {"script":"<script> [1562 bytes]","args":[{"selector":{"id":"application-manageyards-display-component---NewYard--addressNewCostObjectCstID-vhi"},"wdio_ui5_key":"applicationmanageyards-display-component---NewYard--addressNewCostObjectCstID-vhi"}]}
RESULT: undefined
COMMAND: POST /session/10ce6bf21e267d5fc72912db2fe1b82f/element - {"using":"xpath","value":"//*[@id=\"application-manageyards-display-component---NewYard--addressNewCostObjectCstID-vhi\"]"}
RESULT: {"using":"xpath","value":"//*[@id=\"application-manageyards-display-component---NewYard--addressNewCostObjectCstID-vhi\"]"}
COMMAND: POST /session/10ce6bf21e267d5fc72912db2fe1b82f/element/f.BD39AEFEC33B967BC38EA35058F10DD3.d.FC00A9A0375B9F2F94AB791E4F9DBCF5.e.602/click - {}
RESULT: {}
COMMAND: GET /session/10ce6bf21e267d5fc72912db2fe1b82f/screenshot - {}
RESULT: {}
COMMAND: POST /session/10ce6bf21e267d5fc72912db2fe1b82f/execute/async - {"script":"<script> [1562 bytes]","args":[{"selector":{"controlType":"sap.m.SearchField","properties":{"placeholder":"Search"},"searchOpenDialogs":true,"interaction":{"idSuffix":"I"}},"wdio_ui5_key":"sapm.SearchField{\"placeholder\":\"Search\"}"}]}
RESULT: {"script":"<script> [1562 bytes]","args":[{"selector":{"controlType":"sap.m.SearchField","properties":{"placeholder":"Search"},"searchOpenDialogs":true,"interaction":{"idSuffix":"I"}},"wdio_ui5_key":"sapm.SearchField{\"placeholder\":\"Search\"}"}]}
RESULT: undefined
COMMAND: POST /session/10ce6bf21e267d5fc72912db2fe1b82f/execute/async - {"script":"<script> [776 bytes]","args":[{"enterText":"10001013","selector":{"controlType":"sap.m.SearchField","properties":{"placeholder":"Search"},"searchOpenDialogs":true,"interaction":{"idSuffix":"I"}},"clearTextFirst":true,"interactionType":"ENTER_TEXT"}]}
RESULT: {"script":"<script> [776 bytes]","args":[{"enterText":"10001013","selector":{"controlType":"sap.m.SearchField","properties":{"placeholder":"Search"},"searchOpenDialogs":true,"interaction":{"idSuffix":"I"}},"clearTextFirst":true,"interactionType":"ENTER_TEXT"}]}
COMMAND: POST /session/10ce6bf21e267d5fc72912db2fe1b82f/actions - {"actions":[{"id":"action2","type":"key","parameters":{},"actions":[{"type":"keyDown","value":""},{"type":"pause","duration":10},{"type":"keyUp","value":""}]}]}
RESULT: {"actions":[{"id":"action2","type":"key","parameters":{},"actions":[{"type":"keyDown","value":""},{"type":"pause","duration":10},{"type":"keyUp","value":""}]}]}
COMMAND: GET /session/10ce6bf21e267d5fc72912db2fe1b82f/screenshot - {}
RESULT: {}
COMMAND: POST /session/10ce6bf21e267d5fc72912db2fe1b82f/element - {"using":"xpath","value":"//span[contains(text(), \"General Management\")]"}
RESULT: {"using":"xpath","value":"//span[contains(text(), \"General Management\")]"}
COMMAND: POST /session/10ce6bf21e267d5fc72912db2fe1b82f/element/f.BD39AEFEC33B967BC38EA35058F10DD3.d.FC00A9A0375B9F2F94AB791E4F9DBCF5.e.642/click - {}
RESULT: {}
COMMAND: GET /session/10ce6bf21e267d5fc72912db2fe1b82f/screenshot - {}
RESULT: {}
COMMAND: POST /session/10ce6bf21e267d5fc72912db2fe1b82f/element - {"using":"xpath","value":"//bdi[contains(text(), \"OK\")]"}
RESULT: {"using":"xpath","value":"//bdi[contains(text(), \"OK\")]"}
COMMAND: POST /session/10ce6bf21e267d5fc72912db2fe1b82f/element/f.BD39AEFEC33B967BC38EA35058F10DD3.d.FC00A9A0375B9F2F94AB791E4F9DBCF5.e.643/click - {}
RESULT: {}
COMMAND: GET /session/10ce6bf21e267d5fc72912db2fe1b82f/screenshot - {}
RESULT: {}
COMMAND: POST /session/10ce6bf21e267d5fc72912db2fe1b82f/execute/async - {"script":"<script> [1562 bytes]","args":[{"selector":{"controlType":"sap.m.Button","viewName":"etm.portal.ui.manageyards.view.New","viewId":"application-manageyards-display-component---NewYard","i18NText":{"propertyName":"text","key":"save"},"interaction":{"idSuffix":"inner"}},"wdio_ui5_key":"etmportal.ui.manageyards.view.Newsap.m.Button{\"propertyName\":\"text\",\"key\":\"save\"}"}]}
RESULT: {"script":"<script> [1562 bytes]","args":[{"selector":{"controlType":"sap.m.Button","viewName":"etm.portal.ui.manageyards.view.New","viewId":"application-manageyards-display-component---NewYard","i18NText":{"propertyName":"text","key":"save"},"interaction":{"idSuffix":"inner"}},"wdio_ui5_key":"etmportal.ui.manageyards.view.Newsap.m.Button{\"propertyName\":\"text\",\"key\":\"save\"}"}]}
RESULT: undefined
COMMAND: POST /session/10ce6bf21e267d5fc72912db2fe1b82f/element - {"using":"xpath","value":"//*[@id=\"__button18\"]"}
RESULT: {"using":"xpath","value":"//*[@id=\"__button18\"]"}
COMMAND: POST /session/10ce6bf21e267d5fc72912db2fe1b82f/element/f.BD39AEFEC33B967BC38EA35058F10DD3.d.FC00A9A0375B9F2F94AB791E4F9DBCF5.e.556/click - {}
RESULT: {}
COMMAND: GET /session/10ce6bf21e267d5fc72912db2fe1b82f/screenshot - {}
RESULT: {}
COMMAND: POST /session/10ce6bf21e267d5fc72912db2fe1b82f/element - {"using":"xpath","value":"//header/div/div[2]/div[2]/span"}
RESULT: {"using":"xpath","value":"//header/div/div[2]/div[2]/span"}
COMMAND: GET /session/10ce6bf21e267d5fc72912db2fe1b82f/element/f.BD39AEFEC33B967BC38EA35058F10DD3.d.FC00A9A0375B9F2F94AB791E4F9DBCF5.e.840/text - {}
RESULT: {}
COMMAND: POST /session/10ce6bf21e267d5fc72912db2fe1b82f/execute/async - {"script":"<script> [1562 bytes]","args":[{"selector":{"controlType":"sap.m.OverflowToolbarButton","viewName":"etm.portal.ui.manageyards.view.Detail","viewId":"application-manageyards-display-component---detailYard","i18NText":{"propertyName":"tooltip","key":"closeColumn"},"interaction":{"idSuffix":"inner"}},"wdio_ui5_key":"etmportal.ui.manageyards.view.Detailsap.m.OverflowToolbarButton{\"propertyName\":\"tooltip\",\"key\":\"closeColumn\"}"}]}
RESULT: {"script":"<script> [1562 bytes]","args":[{"selector":{"controlType":"sap.m.OverflowToolbarButton","viewName":"etm.portal.ui.manageyards.view.Detail","viewId":"application-manageyards-display-component---detailYard","i18NText":{"propertyName":"tooltip","key":"closeColumn"},"interaction":{"idSuffix":"inner"}},"wdio_ui5_key":"etmportal.ui.manageyards.view.Detailsap.m.OverflowToolbarButton{\"propertyName\":\"tooltip\",\"key\":\"closeColumn\"}"}]}
RESULT: undefined
COMMAND: POST /session/10ce6bf21e267d5fc72912db2fe1b82f/element - {"using":"xpath","value":"//*[@id=\"__button42\"]"}
RESULT: {"using":"xpath","value":"//*[@id=\"__button42\"]"}
COMMAND: POST /session/10ce6bf21e267d5fc72912db2fe1b82f/element/f.BD39AEFEC33B967BC38EA35058F10DD3.d.FC00A9A0375B9F2F94AB791E4F9DBCF5.e.842/click - {}
RESULT: {}
COMMAND: GET /session/10ce6bf21e267d5fc72912db2fe1b82f/screenshot - {}
RESULT: {}
COMMAND: POST /session/10ce6bf21e267d5fc72912db2fe1b82f/element - {"using":"css selector","value":"#shell-header-logo"}
RESULT: {"using":"css selector","value":"#shell-header-logo"}
COMMAND: POST /session/10ce6bf21e267d5fc72912db2fe1b82f/element/f.BD39AEFEC33B967BC38EA35058F10DD3.d.FC00A9A0375B9F2F94AB791E4F9DBCF5.e.132/click - {}
RESULT: {}
COMMAND: GET /session/10ce6bf21e267d5fc72912db2fe1b82f/screenshot - {}
RESULT: {}
COMMAND: POST /session/10ce6bf21e267d5fc72912db2fe1b82f/refresh - {}
RESULT: {}
COMMAND: GET /session/10ce6bf21e267d5fc72912db2fe1b82f/screenshot - {}
RESULT: {}
COMMAND: POST /session/10ce6bf21e267d5fc72912db2fe1b82f/execute/async - {"script":"<script> [189 bytes]","args":[]}
RESULT: {"script":"<script> [189 bytes]","args":[]}
COMMAND: POST /session/10ce6bf21e267d5fc72912db2fe1b82f/execute/async - {"script":"<script> [123 bytes]","args":[]}
RESULT: {"script":"<script> [123 bytes]","args":[]}
COMMAND: POST /session/10ce6bf21e267d5fc72912db2fe1b82f/timeouts - {"script":"<number>"}
RESULT: {"script":"<number>"}
COMMAND: GET /session/10ce6bf21e267d5fc72912db2fe1b82f/timeouts - {}
RESULT: {}
RESULT: undefined
COMMAND: POST /session/10ce6bf21e267d5fc72912db2fe1b82f/execute/async - {"script":"<script> [2676 bytes]","args":[]}
RESULT: {"script":"<script> [2676 bytes]","args":[]}
COMMAND: POST /session/10ce6bf21e267d5fc72912db2fe1b82f/execute/async - {"script":"<script> [2342 bytes]","args":[{"protocol":"http","hostname":"0.0.0.0","path":"/","capabilities":{"browserName":"chrome","goog:chromeOptions":{"binary":"C:\\Program Files\\Google\\Chrome\\Application\\chrome.exe","args":["--start-maximized"]}},"logLevel":"warn","connectionRetryTimeout":120000,"connectionRetryCount":3,"logLevels":{},"enableDirectConnect":true,"strictSSL":true,"_":"65 more keys: [\"cacheDir\",\"port\",\"requestedCapabilities\",\"automationProtocol\",\"baseUrl\",\"waitforInterval\",\"waitforTimeout\",\"onReload\",\"beforeCommand\",\"afterCommand\",\"rootDir\",\"specs\",\"suites\",\"exclude\",\"groupLogsByTestSpec\",\"excludeDriverLogs\",\"bail\",\"framework\",\"reporters\",\"services\",\"maxInstances\",\"maxInstancesPerCapability\",\"injectGlobals\",\"filesToWatch\",\"execArgv\",\"runnerEnv\",\"runner\",\"shard\",\"specFileRetries\",\"specFileRetriesDelay\",\"specFileRetriesDeferred\",\"reporterSyncInterval\",\"reporterSyncTimeout\",\"cucumberFeaturesWithLineNumbers\",\"autoCompileOpts\",\"mochaOpts\",\"jasmineOpts\",\"cucumberOpts\",\"onPrepare\",\"onWorkerStart\",\"onWorkerEnd\",\"before\",\"beforeSession\",\"beforeSuite\",\"beforeHook\",\"beforeTest\",\"afterTest\",\"afterHook\",\"afterSuite\",\"afterSession\",\"after\",\"onComplete\",\"beforeAssertion\",\"afterAssertion\",\"beforeFeature\",\"beforeScenario\",\"beforeStep\",\"afterStep\",\"afterScenario\",\"afterFeature\",\"_\",\"suite\",\"$0\",\"ignoredWorkerServices\",\"wdi5\"]"}]}
RESULT: {"script":"<script> [2342 bytes]","args":[{"protocol":"http","hostname":"0.0.0.0","path":"/","capabilities":{"browserName":"chrome","goog:chromeOptions":{"binary":"C:\\Program Files\\Google\\Chrome\\Application\\chrome.exe","args":["--start-maximized"]}},"logLevel":"warn","connectionRetryTimeout":120000,"connectionRetryCount":3,"logLevels":{},"enableDirectConnect":true,"strictSSL":true,"_":"65 more keys: [\"cacheDir\",\"port\",\"requestedCapabilities\",\"automationProtocol\",\"baseUrl\",\"waitforInterval\",\"waitforTimeout\",\"onReload\",\"beforeCommand\",\"afterCommand\",\"rootDir\",\"specs\",\"suites\",\"exclude\",\"groupLogsByTestSpec\",\"excludeDriverLogs\",\"bail\",\"framework\",\"reporters\",\"services\",\"maxInstances\",\"maxInstancesPerCapability\",\"injectGlobals\",\"filesToWatch\",\"execArgv\",\"runnerEnv\",\"runner\",\"shard\",\"specFileRetries\",\"specFileRetriesDelay\",\"specFileRetriesDeferred\",\"reporterSyncInterval\",\"reporterSyncTimeout\",\"cucumberFeaturesWithLineNumbers\",\"autoCompileOpts\",\"mochaOpts\",\"jasmineOpts\",\"cucumberOpts\",\"onPrepare\",\"onWorkerStart\",\"onWorkerEnd\",\"before\",\"beforeSession\",\"beforeSuite\",\"beforeHook\",\"beforeTest\",\"afterTest\",\"afterHook\",\"afterSuite\",\"afterSession\",\"after\",\"onComplete\",\"beforeAssertion\",\"afterAssertion\",\"beforeFeature\",\"beforeScenario\",\"beforeStep\",\"afterStep\",\"afterScenario\",\"afterFeature\",\"_\",\"suite\",\"$0\",\"ignoredWorkerServices\",\"wdi5\"]"}]}
COMMAND: POST /session/10ce6bf21e267d5fc72912db2fe1b82f/execute/async - {"script":"<script> [21126 bytes]","args":[35000]}
RESULT: {"script":"<script> [21126 bytes]","args":[35000]}
COMMAND: POST /session/10ce6bf21e267d5fc72912db2fe1b82f/execute/async - {"script":"<script> [1562 bytes]","args":[{"selector":{"controlType":"sap.m.GenericTile","properties":{"header":"Manage Partners"}},"wdio_ui5_key":"sapm.GenericTile{\"header\":\"Manage Partners\"}"}]}
RESULT: {"script":"<script> [1562 bytes]","args":[{"selector":{"controlType":"sap.m.GenericTile","properties":{"header":"Manage Partners"}},"wdio_ui5_key":"sapm.GenericTile{\"header\":\"Manage Partners\"}"}]}
RESULT: undefined
COMMAND: POST /session/10ce6bf21e267d5fc72912db2fe1b82f/element - {"using":"xpath","value":"//*[@id=\"__tile38\"]"}
RESULT: {"using":"xpath","value":"//*[@id=\"__tile38\"]"}
COMMAND: POST /session/10ce6bf21e267d5fc72912db2fe1b82f/element/f.BD39AEFEC33B967BC38EA35058F10DD3.d.48DCA12691327467609B70333A3EDD65.e.1197/click - {}
RESULT: {}
COMMAND: GET /session/10ce6bf21e267d5fc72912db2fe1b82f/screenshot - {}
RESULT: {}
COMMAND: POST /session/10ce6bf21e267d5fc72912db2fe1b82f/execute/async - {"script":"<script> [1562 bytes]","args":[{"selector":{"controlType":"sap.ui.core.Icon","viewName":"etm.portal.ui.managepartners.view.Master","viewId":"application-managepartners-display-component---masterPtm","properties":{"src":{"regex":{"source":"add"}}}},"wdio_ui5_key":"etmportal.ui.managepartners.view.Mastersap.ui.core.Icon{\"src\":{\"regex\":{\"source\":\"add\"}}}"}]}
RESULT: {"script":"<script> [1562 bytes]","args":[{"selector":{"controlType":"sap.ui.core.Icon","viewName":"etm.portal.ui.managepartners.view.Master","viewId":"application-managepartners-display-component---masterPtm","properties":{"src":{"regex":{"source":"add"}}}},"wdio_ui5_key":"etmportal.ui.managepartners.view.Mastersap.ui.core.Icon{\"src\":{\"regex\":{\"source\":\"add\"}}}"}]}
RESULT: undefined
COMMAND: POST /session/10ce6bf21e267d5fc72912db2fe1b82f/element - {"using":"xpath","value":"//*[@id=\"__button4-img\"]"}
RESULT: {"using":"xpath","value":"//*[@id=\"__button4-img\"]"}
COMMAND: POST /session/10ce6bf21e267d5fc72912db2fe1b82f/element/f.BD39AEFEC33B967BC38EA35058F10DD3.d.48DCA12691327467609B70333A3EDD65.e.1249/click - {}
RESULT: {}
COMMAND: GET /session/10ce6bf21e267d5fc72912db2fe1b82f/screenshot - {}
COMMAND: POST /session/10ce6bf21e267d5fc72912db2fe1b82f/execute/async - {"script":"<script> [1562 bytes]","args":[{"selector":{"id":"application-managepartners-display-component---NewPartner--partnerId","interaction":{"idSuffix":"inner"}},"wdio_ui5_key":"applicationmanagepartners-display-component---NewPartner--partnerId"}]}
RESULT: {}
RESULT: {"script":"<script> [1562 bytes]","args":[{"selector":{"id":"application-managepartners-display-component---NewPartner--partnerId","interaction":{"idSuffix":"inner"}},"wdio_ui5_key":"applicationmanagepartners-display-component---NewPartner--partnerId"}]}
RESULT: undefined
COMMAND: POST /session/10ce6bf21e267d5fc72912db2fe1b82f/execute/async - {"script":"<script> [1562 bytes]","args":[{"selector":{"id":"application-managepartners-display-component---NewPartner--addressDetailDetailsName1","interaction":{"idSuffix":"inner"}},"wdio_ui5_key":"applicationmanagepartners-display-component---NewPartner--addressDetailDetailsName1"}]}
RESULT: {"script":"<script> [1562 bytes]","args":[{"selector":{"id":"application-managepartners-display-component---NewPartner--addressDetailDetailsName1","interaction":{"idSuffix":"inner"}},"wdio_ui5_key":"applicationmanagepartners-display-component---NewPartner--addressDetailDetailsName1"}]}
RESULT: undefined
COMMAND: POST /session/10ce6bf21e267d5fc72912db2fe1b82f/execute/async - {"script":"<script> [776 bytes]","args":[{"enterText":"WebdriverPartnerwe8f1h","selector":{"id":"application-managepartners-display-component---NewPartner--addressDetailDetailsName1","interaction":{"idSuffix":"inner"}},"clearTextFirst":true,"interactionType":"ENTER_TEXT"}]}
RESULT: {"script":"<script> [776 bytes]","args":[{"enterText":"WebdriverPartnerwe8f1h","selector":{"id":"application-managepartners-display-component---NewPartner--addressDetailDetailsName1","interaction":{"idSuffix":"inner"}},"clearTextFirst":true,"interactionType":"ENTER_TEXT"}]}
COMMAND: POST /session/10ce6bf21e267d5fc72912db2fe1b82f/execute/async - {"script":"<script> [1562 bytes]","args":[{"selector":{"id":"application-managepartners-display-component---NewPartner--addressDetailDetailsLanguage","interaction":{"idSuffix":"inner"}},"wdio_ui5_key":"applicationmanagepartners-display-component---NewPartner--addressDetailDetailsLanguage"}]}
RESULT: {"script":"<script> [1562 bytes]","args":[{"selector":{"id":"application-managepartners-display-component---NewPartner--addressDetailDetailsLanguage","interaction":{"idSuffix":"inner"}},"wdio_ui5_key":"applicationmanagepartners-display-component---NewPartner--addressDetailDetailsLanguage"}]}
RESULT: undefined
COMMAND: POST /session/10ce6bf21e267d5fc72912db2fe1b82f/execute/async - {"script":"<script> [776 bytes]","args":[{"enterText":"Romanian","selector":{"id":"application-managepartners-display-component---NewPartner--addressDetailDetailsLanguage","interaction":{"idSuffix":"inner"}},"clearTextFirst":true,"interactionType":"ENTER_TEXT"}]}
RESULT: {"script":"<script> [776 bytes]","args":[{"enterText":"Romanian","selector":{"id":"application-managepartners-display-component---NewPartner--addressDetailDetailsLanguage","interaction":{"idSuffix":"inner"}},"clearTextFirst":true,"interactionType":"ENTER_TEXT"}]}
COMMAND: POST /session/10ce6bf21e267d5fc72912db2fe1b82f/element - {"using":"xpath","value":"//input[contains(@id ,\"application-managepartners-display-component---NewPartner--addressDetailDetailsName1-inner\")]"}
RESULT: {"using":"xpath","value":"//input[contains(@id ,\"application-managepartners-display-component---NewPartner--addressDetailDetailsName1-inner\")]"}
COMMAND: GET /session/10ce6bf21e267d5fc72912db2fe1b82f/element/f.BD39AEFEC33B967BC38EA35058F10DD3.d.48DCA12691327467609B70333A3EDD65.e.1492/property/value - {}
RESULT: {}
COMMAND: POST /session/10ce6bf21e267d5fc72912db2fe1b82f/execute/async - {"script":"<script> [1562 bytes]","args":[{"selector":{"id":"application-managepartners-display-component---NewPartner--addressDetailDetailsCity1","interaction":{"idSuffix":"inner"}},"wdio_ui5_key":"applicationmanagepartners-display-component---NewPartner--addressDetailDetailsCity1"}]}
COMMAND: GET /session/10ce6bf21e267d5fc72912db2fe1b82f/screenshot - {}
RESULT: {"script":"<script> [1562 bytes]","args":[{"selector":{"id":"application-managepartners-display-component---NewPartner--addressDetailDetailsCity1","interaction":{"idSuffix":"inner"}},"wdio_ui5_key":"applicationmanagepartners-display-component---NewPartner--addressDetailDetailsCity1"}]}
RESULT: undefined
COMMAND: POST /session/10ce6bf21e267d5fc72912db2fe1b82f/execute/async - {"script":"<script> [776 bytes]","args":[{"enterText":"Bucharest","selector":{"id":"application-managepartners-display-component---NewPartner--addressDetailDetailsCity1","interaction":{"idSuffix":"inner"}},"clearTextFirst":true,"interactionType":"ENTER_TEXT"}]}
RESULT: {}
RESULT: {"script":"<script> [776 bytes]","args":[{"enterText":"Bucharest","selector":{"id":"application-managepartners-display-component---NewPartner--addressDetailDetailsCity1","interaction":{"idSuffix":"inner"}},"clearTextFirst":true,"interactionType":"ENTER_TEXT"}]}
COMMAND: POST /session/10ce6bf21e267d5fc72912db2fe1b82f/execute/async - {"script":"<script> [1562 bytes]","args":[{"selector":{"id":"application-managepartners-display-component---NewPartner--addressDetailDetailsCountry","interaction":{"idSuffix":"inner"}},"wdio_ui5_key":"applicationmanagepartners-display-component---NewPartner--addressDetailDetailsCountry"}]}
RESULT: {"script":"<script> [1562 bytes]","args":[{"selector":{"id":"application-managepartners-display-component---NewPartner--addressDetailDetailsCountry","interaction":{"idSuffix":"inner"}},"wdio_ui5_key":"applicationmanagepartners-display-component---NewPartner--addressDetailDetailsCountry"}]}
RESULT: undefined
COMMAND: POST /session/10ce6bf21e267d5fc72912db2fe1b82f/execute/async - {"script":"<script> [6424 bytes]","args":[{"element-6066-11e4-a52e-4f735466cecf":"f.BD39AEFEC33B967BC38EA35058F10DD3.d.48DCA12691327467609B70333A3EDD65.e.1499"},"setValue",["Romania"]]}
RESULT: {"script":"<script> [6424 bytes]","args":[{"element-6066-11e4-a52e-4f735466cecf":"f.BD39AEFEC33B967BC38EA35058F10DD3.d.48DCA12691327467609B70333A3EDD65.e.1499"},"setValue",["Romania"]]}
COMMAND: POST /session/10ce6bf21e267d5fc72912db2fe1b82f/execute/async - {"script":"<script> [1562 bytes]","args":[{"selector":{"id":"application-managepartners-display-component---NewPartner--partnerDetailInternal","interaction":{"idSuffix":"inner"}},"wdio_ui5_key":"applicationmanagepartners-display-component---NewPartner--partnerDetailInternal"}]}
RESULT: {"script":"<script> [1562 bytes]","args":[{"selector":{"id":"application-managepartners-display-component---NewPartner--partnerDetailInternal","interaction":{"idSuffix":"inner"}},"wdio_ui5_key":"applicationmanagepartners-display-component---NewPartner--partnerDetailInternal"}]}
RESULT: undefined
COMMAND: POST /session/10ce6bf21e267d5fc72912db2fe1b82f/execute/async - {"script":"<script> [776 bytes]","args":[{"enterText":"External partner","selector":{"id":"application-managepartners-display-component---NewPartner--partnerDetailInternal","interaction":{"idSuffix":"inner"}},"clearTextFirst":true,"interactionType":"ENTER_TEXT"}]}
RESULT: {"script":"<script> [776 bytes]","args":[{"enterText":"External partner","selector":{"id":"application-managepartners-display-component---NewPartner--partnerDetailInternal","interaction":{"idSuffix":"inner"}},"clearTextFirst":true,"interactionType":"ENTER_TEXT"}]}
COMMAND: POST /session/10ce6bf21e267d5fc72912db2fe1b82f/execute/async - {"script":"<script> [1562 bytes]","args":[{"selector":{"id":"application-managepartners-display-component---NewPartner--partnerDetailsCurrency","interaction":{"idSuffix":"inner"}},"wdio_ui5_key":"applicationmanagepartners-display-component---NewPartner--partnerDetailsCurrency"}]}
RESULT: {"script":"<script> [1562 bytes]","args":[{"selector":{"id":"application-managepartners-display-component---NewPartner--partnerDetailsCurrency","interaction":{"idSuffix":"inner"}},"wdio_ui5_key":"applicationmanagepartners-display-component---NewPartner--partnerDetailsCurrency"}]}
RESULT: undefined
COMMAND: POST /session/10ce6bf21e267d5fc72912db2fe1b82f/execute/async - {"script":"<script> [776 bytes]","args":[{"enterText":"Euro","selector":{"id":"application-managepartners-display-component---NewPartner--partnerDetailsCurrency","interaction":{"idSuffix":"inner"}},"clearTextFirst":true,"interactionType":"ENTER_TEXT"}]}
RESULT: {"script":"<script> [776 bytes]","args":[{"enterText":"Euro","selector":{"id":"application-managepartners-display-component---NewPartner--partnerDetailsCurrency","interaction":{"idSuffix":"inner"}},"clearTextFirst":true,"interactionType":"ENTER_TEXT"}]}
COMMAND: POST /session/10ce6bf21e267d5fc72912db2fe1b82f/execute/async - {"script":"<script> [1562 bytes]","args":[{"selector":{"controlType":"sap.m.Button","viewName":"etm.portal.ui.managepartners.view.NewPartner","viewId":"application-managepartners-display-component---NewPartner","properties":{"text":"Commercial"},"interaction":{"idSuffix":"BDI-content"}},"wdio_ui5_key":"etmportal.ui.managepartners.view.NewPartnersap.m.Button{\"text\":\"Commercial\"}"}]}
RESULT: {"script":"<script> [1562 bytes]","args":[{"selector":{"controlType":"sap.m.Button","viewName":"etm.portal.ui.managepartners.view.NewPartner","viewId":"application-managepartners-display-component---NewPartner","properties":{"text":"Commercial"},"interaction":{"idSuffix":"BDI-content"}},"wdio_ui5_key":"etmportal.ui.managepartners.view.NewPartnersap.m.Button{\"text\":\"Commercial\"}"}]}
RESULT: undefined
COMMAND: POST /session/10ce6bf21e267d5fc72912db2fe1b82f/element - {"using":"xpath","value":"//*[@id=\"application-managepartners-display-component---NewPartner--ObjectPageLayout-anchBar-__section5-anchor\"]"}
RESULT: {"using":"xpath","value":"//*[@id=\"application-managepartners-display-component---NewPartner--ObjectPageLayout-anchBar-__section5-anchor\"]"}
COMMAND: POST /session/10ce6bf21e267d5fc72912db2fe1b82f/element/f.BD39AEFEC33B967BC38EA35058F10DD3.d.48DCA12691327467609B70333A3EDD65.e.1668/click - {}
RESULT: {}
COMMAND: GET /session/10ce6bf21e267d5fc72912db2fe1b82f/screenshot - {}
RESULT: {}
COMMAND: POST /session/10ce6bf21e267d5fc72912db2fe1b82f/execute/async - {"script":"<script> [1562 bytes]","args":[{"selector":{"id":"application-managepartners-display-component---NewPartner--btnAddTableRow-img"},"wdio_ui5_key":"applicationmanagepartners-display-component---NewPartner--btnAddTableRow-img"}]}
RESULT: {"script":"<script> [1562 bytes]","args":[{"selector":{"id":"application-managepartners-display-component---NewPartner--btnAddTableRow-img"},"wdio_ui5_key":"applicationmanagepartners-display-component---NewPartner--btnAddTableRow-img"}]}
RESULT: undefined
COMMAND: POST /session/10ce6bf21e267d5fc72912db2fe1b82f/element - {"using":"xpath","value":"//*[@id=\"application-managepartners-display-component---NewPartner--btnAddTableRow-img\"]"}
RESULT: {"using":"xpath","value":"//*[@id=\"application-managepartners-display-component---NewPartner--btnAddTableRow-img\"]"}
COMMAND: POST /session/10ce6bf21e267d5fc72912db2fe1b82f/element/f.BD39AEFEC33B967BC38EA35058F10DD3.d.48DCA12691327467609B70333A3EDD65.e.1674/click - {}
RESULT: {}
COMMAND: POST /session/10ce6bf21e267d5fc72912db2fe1b82f/element - {"using":"xpath","value":"//input[contains(@id ,\"application-managepartners-display-component---NewPartner--assignmentYard-application-managepartners-display-component---NewPartner\")]"}
COMMAND: GET /session/10ce6bf21e267d5fc72912db2fe1b82f/screenshot - {}
RESULT: {"using":"xpath","value":"//input[contains(@id ,\"application-managepartners-display-component---NewPartner--assignmentYard-application-managepartners-display-component---NewPartner\")]"}
COMMAND: POST /session/10ce6bf21e267d5fc72912db2fe1b82f/element/f.BD39AEFEC33B967BC38EA35058F10DD3.d.48DCA12691327467609B70333A3EDD65.e.1677/clear - {}
RESULT: {}
RESULT: {}
COMMAND: POST /session/10ce6bf21e267d5fc72912db2fe1b82f/element/f.BD39AEFEC33B967BC38EA35058F10DD3.d.48DCA12691327467609B70333A3EDD65.e.1677/value - {"text":"653"}
COMMAND: GET /session/10ce6bf21e267d5fc72912db2fe1b82f/screenshot - {}
RESULT: {"text":"653"}
COMMAND: GET /session/10ce6bf21e267d5fc72912db2fe1b82f/screenshot - {}
RESULT: {}
RESULT: {}
COMMAND: POST /session/10ce6bf21e267d5fc72912db2fe1b82f/execute/async - {"script":"<script> [1562 bytes]","args":[{"selector":{"controlType":"sap.m.Button","viewName":"etm.portal.ui.managepartners.view.NewPartner","viewId":"application-managepartners-display-component---NewPartner","i18NText":{"propertyName":"text","key":"save"},"interaction":{"idSuffix":"BDI-content"}},"wdio_ui5_key":"etmportal.ui.managepartners.view.NewPartnersap.m.Button{\"propertyName\":\"text\",\"key\":\"save\"}"}]}
RESULT: {"script":"<script> [1562 bytes]","args":[{"selector":{"controlType":"sap.m.Button","viewName":"etm.portal.ui.managepartners.view.NewPartner","viewId":"application-managepartners-display-component---NewPartner","i18NText":{"propertyName":"text","key":"save"},"interaction":{"idSuffix":"BDI-content"}},"wdio_ui5_key":"etmportal.ui.managepartners.view.NewPartnersap.m.Button{\"propertyName\":\"text\",\"key\":\"save\"}"}]}
RESULT: undefined
COMMAND: POST /session/10ce6bf21e267d5fc72912db2fe1b82f/element - {"using":"xpath","value":"//*[@id=\"__button12\"]"}
RESULT: {"using":"xpath","value":"//*[@id=\"__button12\"]"}
COMMAND: POST /session/10ce6bf21e267d5fc72912db2fe1b82f/element/f.BD39AEFEC33B967BC38EA35058F10DD3.d.48DCA12691327467609B70333A3EDD65.e.1654/click - {}
RESULT: {}
COMMAND: GET /session/10ce6bf21e267d5fc72912db2fe1b82f/screenshot - {}
RESULT: {}
COMMAND: POST /session/10ce6bf21e267d5fc72912db2fe1b82f/element - {"using":"xpath","value":"//header/div/div[2]/div[2]/span"}
RESULT: {"using":"xpath","value":"//header/div/div[2]/div[2]/span"}
COMMAND: GET /session/10ce6bf21e267d5fc72912db2fe1b82f/element/f.BD39AEFEC33B967BC38EA35058F10DD3.d.48DCA12691327467609B70333A3EDD65.e.1846/text - {}
RESULT: {}
COMMAND: POST /session/10ce6bf21e267d5fc72912db2fe1b82f/element - {"using":"xpath","value":"//header/div/div/div/div/div/div[2]/div/span"}
RESULT: {"using":"xpath","value":"//header/div/div/div/div/div/div[2]/div/span"}
COMMAND: GET /session/10ce6bf21e267d5fc72912db2fe1b82f/element/f.BD39AEFEC33B967BC38EA35058F10DD3.d.48DCA12691327467609B70333A3EDD65.e.1847/text - {}
RESULT: {}
COMMAND: POST /session/10ce6bf21e267d5fc72912db2fe1b82f/execute/async - {"script":"<script> [1562 bytes]","args":[{"selector":{"id":"application-managepartners-display-component---detailPtm--partnerType"},"wdio_ui5_key":"applicationmanagepartners-display-component---detailPtm--partnerType"}]}
RESULT: {"script":"<script> [1562 bytes]","args":[{"selector":{"id":"application-managepartners-display-component---detailPtm--partnerType"},"wdio_ui5_key":"applicationmanagepartners-display-component---detailPtm--partnerType"}]}
RESULT: undefined
COMMAND: POST /session/10ce6bf21e267d5fc72912db2fe1b82f/execute/async - {"script":"<script> [6424 bytes]","args":[{"element-6066-11e4-a52e-4f735466cecf":"f.BD39AEFEC33B967BC38EA35058F10DD3.d.48DCA12691327467609B70333A3EDD65.e.1848"},"getText",[]]}
RESULT: {"script":"<script> [6424 bytes]","args":[{"element-6066-11e4-a52e-4f735466cecf":"f.BD39AEFEC33B967BC38EA35058F10DD3.d.48DCA12691327467609B70333A3EDD65.e.1848"},"getText",[]]}
COMMAND: POST /session/10ce6bf21e267d5fc72912db2fe1b82f/element - {"using":"css selector","value":"#shell-header-logo"}
RESULT: {"using":"css selector","value":"#shell-header-logo"}
COMMAND: POST /session/10ce6bf21e267d5fc72912db2fe1b82f/element/f.BD39AEFEC33B967BC38EA35058F10DD3.d.48DCA12691327467609B70333A3EDD65.e.1200/click - {}
RESULT: {}
COMMAND: GET /session/10ce6bf21e267d5fc72912db2fe1b82f/screenshot - {}
RESULT: {}
COMMAND: POST /session/10ce6bf21e267d5fc72912db2fe1b82f/execute/async - {"script":"<script> [1562 bytes]","args":[{"selector":{"controlType":"sap.m.GenericTile","properties":{"header":"Manage Sites"}},"wdio_ui5_key":"sapm.GenericTile{\"header\":\"Manage Sites\"}"}]}
RESULT: {"script":"<script> [1562 bytes]","args":[{"selector":{"controlType":"sap.m.GenericTile","properties":{"header":"Manage Sites"}},"wdio_ui5_key":"sapm.GenericTile{\"header\":\"Manage Sites\"}"}]}
RESULT: undefined
COMMAND: POST /session/10ce6bf21e267d5fc72912db2fe1b82f/element - {"using":"xpath","value":"//*[@id=\"__tile40\"]"}
RESULT: {"using":"xpath","value":"//*[@id=\"__tile40\"]"}
COMMAND: POST /session/10ce6bf21e267d5fc72912db2fe1b82f/element/f.BD39AEFEC33B967BC38EA35058F10DD3.d.48DCA12691327467609B70333A3EDD65.e.1850/click - {}
RESULT: {}
COMMAND: GET /session/10ce6bf21e267d5fc72912db2fe1b82f/screenshot - {}
RESULT: {}
COMMAND: POST /session/10ce6bf21e267d5fc72912db2fe1b82f/execute/async - {"script":"<script> [1562 bytes]","args":[{"selector":{"controlType":"sap.ui.core.Icon","viewName":"etm.portal.ui.managesites.view.Master","viewId":"application-managesites-display-component---masterSite","properties":{"src":{"regex":{"source":"add"}}}},"wdio_ui5_key":"etmportal.ui.managesites.view.Mastersap.ui.core.Icon{\"src\":{\"regex\":{\"source\":\"add\"}}}"}]}
RESULT: {"script":"<script> [1562 bytes]","args":[{"selector":{"controlType":"sap.ui.core.Icon","viewName":"etm.portal.ui.managesites.view.Master","viewId":"application-managesites-display-component---masterSite","properties":{"src":{"regex":{"source":"add"}}}},"wdio_ui5_key":"etmportal.ui.managesites.view.Mastersap.ui.core.Icon{\"src\":{\"regex\":{\"source\":\"add\"}}}"}]}
RESULT: undefined
COMMAND: POST /session/10ce6bf21e267d5fc72912db2fe1b82f/element - {"using":"xpath","value":"//*[@id=\"__button52-img\"]"}
RESULT: {"using":"xpath","value":"//*[@id=\"__button52-img\"]"}
COMMAND: POST /session/10ce6bf21e267d5fc72912db2fe1b82f/element/f.BD39AEFEC33B967BC38EA35058F10DD3.d.48DCA12691327467609B70333A3EDD65.e.1900/click - {}
RESULT: {}
COMMAND: POST /session/10ce6bf21e267d5fc72912db2fe1b82f/execute/async - {"script":"<script> [1562 bytes]","args":[{"selector":{"id":"application-managesites-display-component---NewSite--siteId","interaction":{"idSuffix":"inner"}},"wdio_ui5_key":"applicationmanagesites-display-component---NewSite--siteId"}]}
COMMAND: GET /session/10ce6bf21e267d5fc72912db2fe1b82f/screenshot - {}
RESULT: {"script":"<script> [1562 bytes]","args":[{"selector":{"id":"application-managesites-display-component---NewSite--siteId","interaction":{"idSuffix":"inner"}},"wdio_ui5_key":"applicationmanagesites-display-component---NewSite--siteId"}]}
RESULT: undefined
COMMAND: POST /session/10ce6bf21e267d5fc72912db2fe1b82f/execute/async - {"script":"<script> [1562 bytes]","args":[{"selector":{"id":"application-managesites-display-component---NewSite--addressDetailDetailsName1","interaction":{"idSuffix":"inner"}},"wdio_ui5_key":"applicationmanagesites-display-component---NewSite--addressDetailDetailsName1"}]}
RESULT: {}
RESULT: {"script":"<script> [1562 bytes]","args":[{"selector":{"id":"application-managesites-display-component---NewSite--addressDetailDetailsName1","interaction":{"idSuffix":"inner"}},"wdio_ui5_key":"applicationmanagesites-display-component---NewSite--addressDetailDetailsName1"}]}
RESULT: undefined
COMMAND: POST /session/10ce6bf21e267d5fc72912db2fe1b82f/execute/async - {"script":"<script> [776 bytes]","args":[{"enterText":"WebdriverSite70kw7h","selector":{"id":"application-managesites-display-component---NewSite--addressDetailDetailsName1","interaction":{"idSuffix":"inner"}},"clearTextFirst":true,"interactionType":"ENTER_TEXT"}]}
RESULT: {"script":"<script> [776 bytes]","args":[{"enterText":"WebdriverSite70kw7h","selector":{"id":"application-managesites-display-component---NewSite--addressDetailDetailsName1","interaction":{"idSuffix":"inner"}},"clearTextFirst":true,"interactionType":"ENTER_TEXT"}]}
COMMAND: POST /session/10ce6bf21e267d5fc72912db2fe1b82f/execute/async - {"script":"<script> [1562 bytes]","args":[{"selector":{"id":"application-managesites-display-component---NewSite--addressDetailDetailsLanguage","interaction":{"idSuffix":"inner"}},"wdio_ui5_key":"applicationmanagesites-display-component---NewSite--addressDetailDetailsLanguage"}]}
RESULT: {"script":"<script> [1562 bytes]","args":[{"selector":{"id":"application-managesites-display-component---NewSite--addressDetailDetailsLanguage","interaction":{"idSuffix":"inner"}},"wdio_ui5_key":"applicationmanagesites-display-component---NewSite--addressDetailDetailsLanguage"}]}
RESULT: undefined
COMMAND: POST /session/10ce6bf21e267d5fc72912db2fe1b82f/execute/async - {"script":"<script> [776 bytes]","args":[{"enterText":"Romanian","selector":{"id":"application-managesites-display-component---NewSite--addressDetailDetailsLanguage","interaction":{"idSuffix":"inner"}},"clearTextFirst":true,"interactionType":"ENTER_TEXT"}]}
RESULT: {"script":"<script> [776 bytes]","args":[{"enterText":"Romanian","selector":{"id":"application-managesites-display-component---NewSite--addressDetailDetailsLanguage","interaction":{"idSuffix":"inner"}},"clearTextFirst":true,"interactionType":"ENTER_TEXT"}]}
COMMAND: POST /session/10ce6bf21e267d5fc72912db2fe1b82f/execute/async - {"script":"<script> [1562 bytes]","args":[{"selector":{"id":"application-managesites-display-component---NewSite--addressDetailDetailsCity1","interaction":{"idSuffix":"inner"}},"wdio_ui5_key":"applicationmanagesites-display-component---NewSite--addressDetailDetailsCity1"}]}
RESULT: {"script":"<script> [1562 bytes]","args":[{"selector":{"id":"application-managesites-display-component---NewSite--addressDetailDetailsCity1","interaction":{"idSuffix":"inner"}},"wdio_ui5_key":"applicationmanagesites-display-component---NewSite--addressDetailDetailsCity1"}]}
RESULT: undefined
COMMAND: POST /session/10ce6bf21e267d5fc72912db2fe1b82f/execute/async - {"script":"<script> [776 bytes]","args":[{"enterText":"Bucharest","selector":{"id":"application-managesites-display-component---NewSite--addressDetailDetailsCity1","interaction":{"idSuffix":"inner"}},"clearTextFirst":true,"interactionType":"ENTER_TEXT"}]}
RESULT: {"script":"<script> [776 bytes]","args":[{"enterText":"Bucharest","selector":{"id":"application-managesites-display-component---NewSite--addressDetailDetailsCity1","interaction":{"idSuffix":"inner"}},"clearTextFirst":true,"interactionType":"ENTER_TEXT"}]}
COMMAND: POST /session/10ce6bf21e267d5fc72912db2fe1b82f/execute/async - {"script":"<script> [1562 bytes]","args":[{"selector":{"id":"application-managesites-display-component---NewSite--addressDetailDetailsCountry","interaction":{"idSuffix":"inner"}},"wdio_ui5_key":"applicationmanagesites-display-component---NewSite--addressDetailDetailsCountry"}]}
RESULT: {"script":"<script> [1562 bytes]","args":[{"selector":{"id":"application-managesites-display-component---NewSite--addressDetailDetailsCountry","interaction":{"idSuffix":"inner"}},"wdio_ui5_key":"applicationmanagesites-display-component---NewSite--addressDetailDetailsCountry"}]}
RESULT: undefined
COMMAND: POST /session/10ce6bf21e267d5fc72912db2fe1b82f/execute/async - {"script":"<script> [776 bytes]","args":[{"enterText":"Romania","selector":{"id":"application-managesites-display-component---NewSite--addressDetailDetailsCountry","interaction":{"idSuffix":"inner"}},"clearTextFirst":true,"interactionType":"ENTER_TEXT"}]}
RESULT: {"script":"<script> [776 bytes]","args":[{"enterText":"Romania","selector":{"id":"application-managesites-display-component---NewSite--addressDetailDetailsCountry","interaction":{"idSuffix":"inner"}},"clearTextFirst":true,"interactionType":"ENTER_TEXT"}]}
COMMAND: POST /session/10ce6bf21e267d5fc72912db2fe1b82f/element - {"using":"css selector","value":"#application-managesites-display-component---NewSite--addressDetailDetailsCalendar-inner"}
RESULT: {"using":"css selector","value":"#application-managesites-display-component---NewSite--addressDetailDetailsCalendar-inner"}
COMMAND: POST /session/10ce6bf21e267d5fc72912db2fe1b82f/element/f.BD39AEFEC33B967BC38EA35058F10DD3.d.48DCA12691327467609B70333A3EDD65.e.2283/clear - {}
RESULT: {}
COMMAND: POST /session/10ce6bf21e267d5fc72912db2fe1b82f/element/f.BD39AEFEC33B967BC38EA35058F10DD3.d.48DCA12691327467609B70333A3EDD65.e.2283/value - {"text":"Germany"}
COMMAND: GET /session/10ce6bf21e267d5fc72912db2fe1b82f/screenshot - {}
RESULT: {"text":"Germany"}
COMMAND: POST /session/10ce6bf21e267d5fc72912db2fe1b82f/execute/async - {"script":"<script> [1562 bytes]","args":[{"selector":{"id":"application-managesites-display-component---NewSite--addressEditDetailsCostObjectCstType-arrow"},"wdio_ui5_key":"applicationmanagesites-display-component---NewSite--addressEditDetailsCostObjectCstType-arrow"}]}
COMMAND: GET /session/10ce6bf21e267d5fc72912db2fe1b82f/screenshot - {}
RESULT: {}
RESULT: {"script":"<script> [1562 bytes]","args":[{"selector":{"id":"application-managesites-display-component---NewSite--addressEditDetailsCostObjectCstType-arrow"},"wdio_ui5_key":"applicationmanagesites-display-component---NewSite--addressEditDetailsCostObjectCstType-arrow"}]}
RESULT: undefined
COMMAND: POST /session/10ce6bf21e267d5fc72912db2fe1b82f/element - {"using":"xpath","value":"//*[@id=\"application-managesites-display-component---NewSite--addressEditDetailsCostObjectCstType-arrow\"]"}
RESULT: {}
RESULT: {"using":"xpath","value":"//*[@id=\"application-managesites-display-component---NewSite--addressEditDetailsCostObjectCstType-arrow\"]"}
COMMAND: POST /session/10ce6bf21e267d5fc72912db2fe1b82f/element/f.BD39AEFEC33B967BC38EA35058F10DD3.d.48DCA12691327467609B70333A3EDD65.e.2482/click - {}
RESULT: {}
COMMAND: POST /session/10ce6bf21e267d5fc72912db2fe1b82f/element - {"using":"xpath","value":"//span[contains(text(), \"Work Breakdown Structure\")]"}
COMMAND: GET /session/10ce6bf21e267d5fc72912db2fe1b82f/screenshot - {}
RESULT: {"using":"xpath","value":"//span[contains(text(), \"Work Breakdown Structure\")]"}
COMMAND: POST /session/10ce6bf21e267d5fc72912db2fe1b82f/element/f.BD39AEFEC33B967BC38EA35058F10DD3.d.48DCA12691327467609B70333A3EDD65.e.2484/click - {}
RESULT: {}
RESULT: {}
COMMAND: GET /session/10ce6bf21e267d5fc72912db2fe1b82f/screenshot - {}
RESULT: {}
COMMAND: POST /session/10ce6bf21e267d5fc72912db2fe1b82f/execute/async - {"script":"<script> [1562 bytes]","args":[{"selector":{"id":"application-managesites-display-component---NewSite--addressNewCostObjectCstID-vhi"},"wdio_ui5_key":"applicationmanagesites-display-component---NewSite--addressNewCostObjectCstID-vhi"}]}
RESULT: {"script":"<script> [1562 bytes]","args":[{"selector":{"id":"application-managesites-display-component---NewSite--addressNewCostObjectCstID-vhi"},"wdio_ui5_key":"applicationmanagesites-display-component---NewSite--addressNewCostObjectCstID-vhi"}]}
RESULT: undefined
COMMAND: POST /session/10ce6bf21e267d5fc72912db2fe1b82f/element - {"using":"xpath","value":"//*[@id=\"application-managesites-display-component---NewSite--addressNewCostObjectCstID-vhi\"]"}
RESULT: {"using":"xpath","value":"//*[@id=\"application-managesites-display-component---NewSite--addressNewCostObjectCstID-vhi\"]"}
COMMAND: POST /session/10ce6bf21e267d5fc72912db2fe1b82f/element/f.BD39AEFEC33B967BC38EA35058F10DD3.d.48DCA12691327467609B70333A3EDD65.e.2487/click - {}
RESULT: {}
COMMAND: GET /session/10ce6bf21e267d5fc72912db2fe1b82f/screenshot - {}
RESULT: {}
COMMAND: POST /session/10ce6bf21e267d5fc72912db2fe1b82f/execute/async - {"script":"<script> [1562 bytes]","args":[{"selector":{"controlType":"sap.m.SearchField","properties":{"placeholder":"Search"},"searchOpenDialogs":true,"interaction":{"idSuffix":"I"}},"wdio_ui5_key":"sapm.SearchField{\"placeholder\":\"Search\"}"}]}
RESULT: {"script":"<script> [1562 bytes]","args":[{"selector":{"controlType":"sap.m.SearchField","properties":{"placeholder":"Search"},"searchOpenDialogs":true,"interaction":{"idSuffix":"I"}},"wdio_ui5_key":"sapm.SearchField{\"placeholder\":\"Search\"}"}]}
RESULT: undefined
COMMAND: POST /session/10ce6bf21e267d5fc72912db2fe1b82f/execute/async - {"script":"<script> [776 bytes]","args":[{"enterText":"A1-000100-01","selector":{"controlType":"sap.m.SearchField","properties":{"placeholder":"Search"},"searchOpenDialogs":true,"interaction":{"idSuffix":"I"}},"clearTextFirst":true,"interactionType":"ENTER_TEXT"}]}
RESULT: {"script":"<script> [776 bytes]","args":[{"enterText":"A1-000100-01","selector":{"controlType":"sap.m.SearchField","properties":{"placeholder":"Search"},"searchOpenDialogs":true,"interaction":{"idSuffix":"I"}},"clearTextFirst":true,"interactionType":"ENTER_TEXT"}]}
COMMAND: POST /session/10ce6bf21e267d5fc72912db2fe1b82f/actions - {"actions":[{"id":"action3","type":"key","parameters":{},"actions":[{"type":"keyDown","value":""},{"type":"pause","duration":10},{"type":"keyUp","value":""}]}]}
RESULT: {"actions":[{"id":"action3","type":"key","parameters":{},"actions":[{"type":"keyDown","value":""},{"type":"pause","duration":10},{"type":"keyUp","value":""}]}]}
COMMAND: GET /session/10ce6bf21e267d5fc72912db2fe1b82f/screenshot - {}
RESULT: {}
COMMAND: POST /session/10ce6bf21e267d5fc72912db2fe1b82f/element - {"using":"xpath","value":"//span[contains(text(), \"Template for ETO-Process\")]"}
RESULT: {"using":"xpath","value":"//span[contains(text(), \"Template for ETO-Process\")]"}
COMMAND: POST /session/10ce6bf21e267d5fc72912db2fe1b82f/element/f.BD39AEFEC33B967BC38EA35058F10DD3.d.48DCA12691327467609B70333A3EDD65.e.2507/click - {}
RESULT: {}
COMMAND: GET /session/10ce6bf21e267d5fc72912db2fe1b82f/screenshot - {}
RESULT: {}
COMMAND: POST /session/10ce6bf21e267d5fc72912db2fe1b82f/element - {"using":"xpath","value":"//bdi[contains(text(), \"OK\")]"}
RESULT: {"using":"xpath","value":"//bdi[contains(text(), \"OK\")]"}
COMMAND: POST /session/10ce6bf21e267d5fc72912db2fe1b82f/element/f.BD39AEFEC33B967BC38EA35058F10DD3.d.48DCA12691327467609B70333A3EDD65.e.2508/click - {}
RESULT: {}
COMMAND: GET /session/10ce6bf21e267d5fc72912db2fe1b82f/screenshot - {}
RESULT: {}
COMMAND: POST /session/10ce6bf21e267d5fc72912db2fe1b82f/element - {"using":"xpath","value":"//input[@id=\"application-managesites-display-component---NewSite--addressDetailDetailsYard-inner\"]"}
RESULT: {"using":"xpath","value":"//input[@id=\"application-managesites-display-component---NewSite--addressDetailDetailsYard-inner\"]"}
COMMAND: POST /session/10ce6bf21e267d5fc72912db2fe1b82f/element/f.BD39AEFEC33B967BC38EA35058F10DD3.d.48DCA12691327467609B70333A3EDD65.e.2284/value - {"text":"653"}
RESULT: {"text":"653"}
COMMAND: GET /session/10ce6bf21e267d5fc72912db2fe1b82f/screenshot - {}
RESULT: {}
COMMAND: POST /session/10ce6bf21e267d5fc72912db2fe1b82f/actions - {"actions":[{"id":"action4","type":"key","parameters":{},"actions":[{"type":"keyDown","value":""},{"type":"pause","duration":10},{"type":"keyUp","value":""}]}]}
RESULT: {"actions":[{"id":"action4","type":"key","parameters":{},"actions":[{"type":"keyDown","value":""},{"type":"pause","duration":10},{"type":"keyUp","value":""}]}]}
COMMAND: GET /session/10ce6bf21e267d5fc72912db2fe1b82f/screenshot - {}
RESULT: {}
COMMAND: POST /session/10ce6bf21e267d5fc72912db2fe1b82f/element - {"using":"xpath","value":"//input[@id=\"application-managesites-display-component---NewSite--addressDetailDetailsPartner-inner\"]"}
RESULT: {"using":"xpath","value":"//input[@id=\"application-managesites-display-component---NewSite--addressDetailDetailsPartner-inner\"]"}
COMMAND: POST /session/10ce6bf21e267d5fc72912db2fe1b82f/elements - {"using":"xpath","value":"//input[@id=\"application-managesites-display-component---NewSite--addressDetailDetailsPartner-inner\"]"}
RESULT: {"using":"xpath","value":"//input[@id=\"application-managesites-display-component---NewSite--addressDetailDetailsPartner-inner\"]"}
COMMAND: POST /session/10ce6bf21e267d5fc72912db2fe1b82f/execute/async - {"script":"<script> [1562 bytes]","args":[{"selector":{"controlType":"sap.m.Button","viewName":"etm.portal.ui.managesites.view.NewSmartSite","viewId":"application-managesites-display-component---NewSite","properties":{"text":"Commercial"},"interaction":{"idSuffix":"BDI-content"}},"wdio_ui5_key":"etmportal.ui.managesites.view.NewSmartSitesap.m.Button{\"text\":\"Commercial\"}"}]}
RESULT: {"script":"<script> [1562 bytes]","args":[{"selector":{"controlType":"sap.m.Button","viewName":"etm.portal.ui.managesites.view.NewSmartSite","viewId":"application-managesites-display-component---NewSite","properties":{"text":"Commercial"},"interaction":{"idSuffix":"BDI-content"}},"wdio_ui5_key":"etmportal.ui.managesites.view.NewSmartSitesap.m.Button{\"text\":\"Commercial\"}"}]}
RESULT: undefined
COMMAND: POST /session/10ce6bf21e267d5fc72912db2fe1b82f/element - {"using":"xpath","value":"//*[@id=\"application-managesites-display-component---NewSite--ObjectPageLayout-anchBar-__section31-anchor\"]"}
RESULT: {"using":"xpath","value":"//*[@id=\"application-managesites-display-component---NewSite--ObjectPageLayout-anchBar-__section31-anchor\"]"}
COMMAND: POST /session/10ce6bf21e267d5fc72912db2fe1b82f/element/f.BD39AEFEC33B967BC38EA35058F10DD3.d.48DCA12691327467609B70333A3EDD65.e.2515/click - {}
RESULT: {}
COMMAND: POST /session/10ce6bf21e267d5fc72912db2fe1b82f/execute/async - {"script":"<script> [1562 bytes]","args":[{"selector":{"controlType":"sap.m.Button","viewName":"etm.portal.ui.managesites.view.NewSmartSite","viewId":"application-managesites-display-component---NewSite","i18NText":{"propertyName":"text","key":"save"},"interaction":{"idSuffix":"BDI-content"}},"wdio_ui5_key":"etmportal.ui.managesites.view.NewSmartSitesap.m.Button{\"propertyName\":\"text\",\"key\":\"save\"}"}]}
COMMAND: GET /session/10ce6bf21e267d5fc72912db2fe1b82f/screenshot - {}
RESULT: {"script":"<script> [1562 bytes]","args":[{"selector":{"controlType":"sap.m.Button","viewName":"etm.portal.ui.managesites.view.NewSmartSite","viewId":"application-managesites-display-component---NewSite","i18NText":{"propertyName":"text","key":"save"},"interaction":{"idSuffix":"BDI-content"}},"wdio_ui5_key":"etmportal.ui.managesites.view.NewSmartSitesap.m.Button{\"propertyName\":\"text\",\"key\":\"save\"}"}]}
RESULT: undefined
COMMAND: POST /session/10ce6bf21e267d5fc72912db2fe1b82f/element - {"using":"xpath","value":"//*[@id=\"__button64\"]"}
RESULT: {}
RESULT: {"using":"xpath","value":"//*[@id=\"__button64\"]"}
COMMAND: POST /session/10ce6bf21e267d5fc72912db2fe1b82f/element/f.BD39AEFEC33B967BC38EA35058F10DD3.d.48DCA12691327467609B70333A3EDD65.e.2469/click - {}
RESULT: {}
COMMAND: GET /session/10ce6bf21e267d5fc72912db2fe1b82f/screenshot - {}
RESULT: {}
COMMAND: POST /session/10ce6bf21e267d5fc72912db2fe1b82f/execute/async - {"script":"<script> [1562 bytes]","args":[{"selector":{"id":"application-managesites-display-component---detailSite--addressDetailDetailsYardText"},"wdio_ui5_key":"applicationmanagesites-display-component---detailSite--addressDetailDetailsYardText"}]}
RESULT: {"script":"<script> [1562 bytes]","args":[{"selector":{"id":"application-managesites-display-component---detailSite--addressDetailDetailsYardText"},"wdio_ui5_key":"applicationmanagesites-display-component---detailSite--addressDetailDetailsYardText"}]}
RESULT: undefined
COMMAND: POST /session/10ce6bf21e267d5fc72912db2fe1b82f/element - {"using":"xpath","value":"//header/div/div[2]/div[2]/span"}
RESULT: {"using":"xpath","value":"//header/div/div[2]/div[2]/span"}
COMMAND: GET /session/10ce6bf21e267d5fc72912db2fe1b82f/element/f.BD39AEFEC33B967BC38EA35058F10DD3.d.48DCA12691327467609B70333A3EDD65.e.2720/text - {}
RESULT: {}
COMMAND: POST /session/10ce6bf21e267d5fc72912db2fe1b82f/element - {"using":"xpath","value":"//header/div/div/div/div/div/div[2]/div/span"}
RESULT: {"using":"xpath","value":"//header/div/div/div/div/div/div[2]/div/span"}
COMMAND: GET /session/10ce6bf21e267d5fc72912db2fe1b82f/element/f.BD39AEFEC33B967BC38EA35058F10DD3.d.48DCA12691327467609B70333A3EDD65.e.2721/text - {}
RESULT: {}
COMMAND: POST /session/10ce6bf21e267d5fc72912db2fe1b82f/element - {"using":"css selector","value":"#shell-header-logo"}
RESULT: {"using":"css selector","value":"#shell-header-logo"}
COMMAND: POST /session/10ce6bf21e267d5fc72912db2fe1b82f/element/f.BD39AEFEC33B967BC38EA35058F10DD3.d.48DCA12691327467609B70333A3EDD65.e.1853/click - {}
RESULT: {}
COMMAND: GET /session/10ce6bf21e267d5fc72912db2fe1b82f/screenshot - {}
RESULT: {}
]]></system-out>
    </testcase>
    <testcase classname="chrome.135_0_7049_42.windows.Standard_contract_-_add_contract_items_by_Insert_Request_US118222" name="Should create 2 new resources and a catalog item" time="446.153">
      <system-out><![CDATA[
COMMAND: POST /session/10ce6bf21e267d5fc72912db2fe1b82f/execute/async - {"script":"<script> [1562 bytes]","args":[{"selector":{"controlType":"sap.m.GenericTile","properties":{"header":"Manage Resources"}},"wdio_ui5_key":"sapm.GenericTile{\"header\":\"Manage Resources\"}"}]}
RESULT: {"script":"<script> [1562 bytes]","args":[{"selector":{"controlType":"sap.m.GenericTile","properties":{"header":"Manage Resources"}},"wdio_ui5_key":"sapm.GenericTile{\"header\":\"Manage Resources\"}"}]}
RESULT: undefined
COMMAND: POST /session/10ce6bf21e267d5fc72912db2fe1b82f/element - {"using":"xpath","value":"//*[@id=\"__tile39\"]"}
RESULT: {"using":"xpath","value":"//*[@id=\"__tile39\"]"}
COMMAND: POST /session/10ce6bf21e267d5fc72912db2fe1b82f/element/f.BD39AEFEC33B967BC38EA35058F10DD3.d.48DCA12691327467609B70333A3EDD65.e.2723/click - {}
RESULT: {}
COMMAND: GET /session/10ce6bf21e267d5fc72912db2fe1b82f/screenshot - {}
RESULT: {}
RESULT: undefined
RESULT: undefined
COMMAND: POST /session/10ce6bf21e267d5fc72912db2fe1b82f/element - {"using":"xpath","value":"//button[@data-kt=\"addNewRUOverflowToolbarButton\"]"}
RESULT: {"using":"xpath","value":"//button[@data-kt=\"addNewRUOverflowToolbarButton\"]"}
COMMAND: POST /session/10ce6bf21e267d5fc72912db2fe1b82f/execute/sync - {"script":"<script> [8489 bytes]","args":[{"element-6066-11e4-a52e-4f735466cecf":"f.BD39AEFEC33B967BC38EA35058F10DD3.d.48DCA12691327467609B70333A3EDD65.e.2764","ELEMENT":"f.BD39AEFEC33B967BC38EA35058F10DD3.d.48DCA12691327467609B70333A3EDD65.e.2764"}]}
RESULT: {"script":"<script> [8489 bytes]","args":[{"element-6066-11e4-a52e-4f735466cecf":"f.BD39AEFEC33B967BC38EA35058F10DD3.d.48DCA12691327467609B70333A3EDD65.e.2764","ELEMENT":"f.BD39AEFEC33B967BC38EA35058F10DD3.d.48DCA12691327467609B70333A3EDD65.e.2764"}]}
COMMAND: POST /session/10ce6bf21e267d5fc72912db2fe1b82f/element/f.BD39AEFEC33B967BC38EA35058F10DD3.d.48DCA12691327467609B70333A3EDD65.e.2764/click - {}
COMMAND: GET /session/10ce6bf21e267d5fc72912db2fe1b82f/screenshot - {}
RESULT: {}
COMMAND: POST /session/10ce6bf21e267d5fc72912db2fe1b82f/execute/async - {"script":"<script> [1562 bytes]","args":[{"selector":{"id":"application-manageresources-display-component---newResourceUnit--TYPE-arrow"},"wdio_ui5_key":"applicationmanageresources-display-component---newResourceUnit--TYPE-arrow"}]}
COMMAND: GET /session/10ce6bf21e267d5fc72912db2fe1b82f/screenshot - {}
RESULT: {}
RESULT: {"script":"<script> [1562 bytes]","args":[{"selector":{"id":"application-manageresources-display-component---newResourceUnit--TYPE-arrow"},"wdio_ui5_key":"applicationmanageresources-display-component---newResourceUnit--TYPE-arrow"}]}
RESULT: undefined
COMMAND: POST /session/10ce6bf21e267d5fc72912db2fe1b82f/element - {"using":"xpath","value":"//*[@id=\"application-manageresources-display-component---newResourceUnit--TYPE-arrow\"]"}
RESULT: {}
RESULT: {"using":"xpath","value":"//*[@id=\"application-manageresources-display-component---newResourceUnit--TYPE-arrow\"]"}
COMMAND: POST /session/10ce6bf21e267d5fc72912db2fe1b82f/element/f.BD39AEFEC33B967BC38EA35058F10DD3.d.48DCA12691327467609B70333A3EDD65.e.3077/click - {}
RESULT: {}
COMMAND: POST /session/10ce6bf21e267d5fc72912db2fe1b82f/execute/async - {"script":"<script> [1562 bytes]","args":[{"selector":{"controlType":"sap.m.StandardListItem","viewName":"reusables.view.manageresources.NewResourceUnit","viewId":"application-manageresources-display-component---newResourceUnit","properties":{"title":"Material"},"searchOpenDialogs":true,"interaction":{"idSuffix":"titleText"}},"wdio_ui5_key":"reusablesview.manageresources.NewResourceUnitsap.m.StandardListItem{\"title\":\"Material\"}"}]}
COMMAND: GET /session/10ce6bf21e267d5fc72912db2fe1b82f/screenshot - {}
RESULT: {"script":"<script> [1562 bytes]","args":[{"selector":{"controlType":"sap.m.StandardListItem","viewName":"reusables.view.manageresources.NewResourceUnit","viewId":"application-manageresources-display-component---newResourceUnit","properties":{"title":"Material"},"searchOpenDialogs":true,"interaction":{"idSuffix":"titleText"}},"wdio_ui5_key":"reusablesview.manageresources.NewResourceUnitsap.m.StandardListItem{\"title\":\"Material\"}"}]}
RESULT: undefined
COMMAND: POST /session/10ce6bf21e267d5fc72912db2fe1b82f/element - {"using":"xpath","value":"//*[@id=\"__item1245\"]"}
RESULT: {}
RESULT: {"using":"xpath","value":"//*[@id=\"__item1245\"]"}
COMMAND: POST /session/10ce6bf21e267d5fc72912db2fe1b82f/element/f.BD39AEFEC33B967BC38EA35058F10DD3.d.48DCA12691327467609B70333A3EDD65.e.3080/click - {}
RESULT: {}
COMMAND: POST /session/10ce6bf21e267d5fc72912db2fe1b82f/execute/async - {"script":"<script> [1562 bytes]","args":[{"selector":{"id":"application-manageresources-display-component---newResourceUnit--SHORT_TEXT","interaction":{"idSuffix":"inner"}},"wdio_ui5_key":"applicationmanageresources-display-component---newResourceUnit--SHORT_TEXT"}]}
COMMAND: GET /session/10ce6bf21e267d5fc72912db2fe1b82f/screenshot - {}
RESULT: {"script":"<script> [1562 bytes]","args":[{"selector":{"id":"application-manageresources-display-component---newResourceUnit--SHORT_TEXT","interaction":{"idSuffix":"inner"}},"wdio_ui5_key":"applicationmanageresources-display-component---newResourceUnit--SHORT_TEXT"}]}
RESULT: undefined
COMMAND: POST /session/10ce6bf21e267d5fc72912db2fe1b82f/execute/async - {"script":"<script> [776 bytes]","args":[{"enterText":"WebdriverRUR2Cccge0k","selector":{"id":"application-manageresources-display-component---newResourceUnit--SHORT_TEXT","interaction":{"idSuffix":"inner"}},"clearTextFirst":true,"interactionType":"ENTER_TEXT"}]}
RESULT: {}
RESULT: {"script":"<script> [776 bytes]","args":[{"enterText":"WebdriverRUR2Cccge0k","selector":{"id":"application-manageresources-display-component---newResourceUnit--SHORT_TEXT","interaction":{"idSuffix":"inner"}},"clearTextFirst":true,"interactionType":"ENTER_TEXT"}]}
COMMAND: POST /session/10ce6bf21e267d5fc72912db2fe1b82f/execute/async - {"script":"<script> [1562 bytes]","args":[{"selector":{"id":"application-manageresources-display-component---newResourceUnit--BASE_UNIT_OF_MEASURE-arrow"},"wdio_ui5_key":"applicationmanageresources-display-component---newResourceUnit--BASE_UNIT_OF_MEASURE-arrow"}]}
RESULT: {"script":"<script> [1562 bytes]","args":[{"selector":{"id":"application-manageresources-display-component---newResourceUnit--BASE_UNIT_OF_MEASURE-arrow"},"wdio_ui5_key":"applicationmanageresources-display-component---newResourceUnit--BASE_UNIT_OF_MEASURE-arrow"}]}
RESULT: undefined
COMMAND: POST /session/10ce6bf21e267d5fc72912db2fe1b82f/element - {"using":"xpath","value":"//*[@id=\"application-manageresources-display-component---newResourceUnit--BASE_UNIT_OF_MEASURE-arrow\"]"}
RESULT: {"using":"xpath","value":"//*[@id=\"application-manageresources-display-component---newResourceUnit--BASE_UNIT_OF_MEASURE-arrow\"]"}
COMMAND: POST /session/10ce6bf21e267d5fc72912db2fe1b82f/element/f.BD39AEFEC33B967BC38EA35058F10DD3.d.48DCA12691327467609B70333A3EDD65.e.3136/click - {}
RESULT: {}
COMMAND: POST /session/10ce6bf21e267d5fc72912db2fe1b82f/execute/async - {"script":"<script> [1562 bytes]","args":[{"selector":{"controlType":"sap.m.StandardListItem","viewName":"reusables.view.manageresources.NewResourceUnit","viewId":"application-manageresources-display-component---newResourceUnit","properties":{"title":"Piece"},"searchOpenDialogs":true,"interaction":{"idSuffix":"titleText"}},"wdio_ui5_key":"reusablesview.manageresources.NewResourceUnitsap.m.StandardListItem{\"title\":\"Piece\"}"}]}
COMMAND: GET /session/10ce6bf21e267d5fc72912db2fe1b82f/screenshot - {}
RESULT: {"script":"<script> [1562 bytes]","args":[{"selector":{"controlType":"sap.m.StandardListItem","viewName":"reusables.view.manageresources.NewResourceUnit","viewId":"application-manageresources-display-component---newResourceUnit","properties":{"title":"Piece"},"searchOpenDialogs":true,"interaction":{"idSuffix":"titleText"}},"wdio_ui5_key":"reusablesview.manageresources.NewResourceUnitsap.m.StandardListItem{\"title\":\"Piece\"}"}]}
RESULT: undefined
COMMAND: POST /session/10ce6bf21e267d5fc72912db2fe1b82f/element - {"using":"xpath","value":"//*[@id=\"__item1289\"]"}
RESULT: {}
RESULT: {"using":"xpath","value":"//*[@id=\"__item1289\"]"}
COMMAND: POST /session/10ce6bf21e267d5fc72912db2fe1b82f/element/f.BD39AEFEC33B967BC38EA35058F10DD3.d.48DCA12691327467609B70333A3EDD65.e.3138/click - {}
RESULT: {}
COMMAND: POST /session/10ce6bf21e267d5fc72912db2fe1b82f/element - {"using":"xpath","value":"//input[contains(@id ,\"application-manageresources-display-component---newResourceUnit--SHORT_TEXT-inner\")]"}
COMMAND: GET /session/10ce6bf21e267d5fc72912db2fe1b82f/screenshot - {}
RESULT: {"using":"xpath","value":"//input[contains(@id ,\"application-manageresources-display-component---newResourceUnit--SHORT_TEXT-inner\")]"}
COMMAND: GET /session/10ce6bf21e267d5fc72912db2fe1b82f/element/f.BD39AEFEC33B967BC38EA35058F10DD3.d.48DCA12691327467609B70333A3EDD65.e.3097/property/value - {}
RESULT: {}
RESULT: {}
COMMAND: POST /session/10ce6bf21e267d5fc72912db2fe1b82f/execute/async - {"script":"<script> [1562 bytes]","args":[{"selector":{"id":"application-manageresources-display-component---newResourceUnit--WEIGHT_UNIT-arrow"},"wdio_ui5_key":"applicationmanageresources-display-component---newResourceUnit--WEIGHT_UNIT-arrow"}]}
COMMAND: GET /session/10ce6bf21e267d5fc72912db2fe1b82f/screenshot - {}
RESULT: {"script":"<script> [1562 bytes]","args":[{"selector":{"id":"application-manageresources-display-component---newResourceUnit--WEIGHT_UNIT-arrow"},"wdio_ui5_key":"applicationmanageresources-display-component---newResourceUnit--WEIGHT_UNIT-arrow"}]}
RESULT: undefined
COMMAND: POST /session/10ce6bf21e267d5fc72912db2fe1b82f/element - {"using":"xpath","value":"//*[@id=\"application-manageresources-display-component---newResourceUnit--WEIGHT_UNIT-arrow\"]"}
RESULT: {}
RESULT: {"using":"xpath","value":"//*[@id=\"application-manageresources-display-component---newResourceUnit--WEIGHT_UNIT-arrow\"]"}
COMMAND: POST /session/10ce6bf21e267d5fc72912db2fe1b82f/element/f.BD39AEFEC33B967BC38EA35058F10DD3.d.48DCA12691327467609B70333A3EDD65.e.3139/click - {}
RESULT: {}
COMMAND: POST /session/10ce6bf21e267d5fc72912db2fe1b82f/execute/async - {"script":"<script> [1562 bytes]","args":[{"selector":{"controlType":"sap.m.StandardListItem","viewName":"reusables.view.manageresources.NewResourceUnit","viewId":"application-manageresources-display-component---newResourceUnit","properties":{"title":"Gram"},"searchOpenDialogs":true,"interaction":{"idSuffix":"content"}},"wdio_ui5_key":"reusablesview.manageresources.NewResourceUnitsap.m.StandardListItem{\"title\":\"Gram\"}"}]}
COMMAND: GET /session/10ce6bf21e267d5fc72912db2fe1b82f/screenshot - {}
RESULT: {"script":"<script> [1562 bytes]","args":[{"selector":{"controlType":"sap.m.StandardListItem","viewName":"reusables.view.manageresources.NewResourceUnit","viewId":"application-manageresources-display-component---newResourceUnit","properties":{"title":"Gram"},"searchOpenDialogs":true,"interaction":{"idSuffix":"content"}},"wdio_ui5_key":"reusablesview.manageresources.NewResourceUnitsap.m.StandardListItem{\"title\":\"Gram\"}"}]}
RESULT: undefined
COMMAND: POST /session/10ce6bf21e267d5fc72912db2fe1b82f/element - {"using":"xpath","value":"//*[@id=\"__item1354\"]"}
RESULT: {}
RESULT: {"using":"xpath","value":"//*[@id=\"__item1354\"]"}
COMMAND: POST /session/10ce6bf21e267d5fc72912db2fe1b82f/element/f.BD39AEFEC33B967BC38EA35058F10DD3.d.48DCA12691327467609B70333A3EDD65.e.3141/click - {}
RESULT: {}
COMMAND: POST /session/10ce6bf21e267d5fc72912db2fe1b82f/execute/async - {"script":"<script> [1562 bytes]","args":[{"selector":{"id":"application-manageresources-display-component---newResourceUnit--newRRUPage-OPHeaderContent-collapseBtn-img"},"wdio_ui5_key":"applicationmanageresources-display-component---newResourceUnit--newRRUPage-OPHeaderContent-collapseBtn-img"}]}
COMMAND: GET /session/10ce6bf21e267d5fc72912db2fe1b82f/screenshot - {}
RESULT: {"script":"<script> [1562 bytes]","args":[{"selector":{"id":"application-manageresources-display-component---newResourceUnit--newRRUPage-OPHeaderContent-collapseBtn-img"},"wdio_ui5_key":"applicationmanageresources-display-component---newResourceUnit--newRRUPage-OPHeaderContent-collapseBtn-img"}]}
RESULT: undefined
COMMAND: POST /session/10ce6bf21e267d5fc72912db2fe1b82f/element - {"using":"xpath","value":"//*[@id=\"application-manageresources-display-component---newResourceUnit--newRRUPage-OPHeaderContent-collapseBtn-img\"]"}
RESULT: {}
RESULT: {"using":"xpath","value":"//*[@id=\"application-manageresources-display-component---newResourceUnit--newRRUPage-OPHeaderContent-collapseBtn-img\"]"}
COMMAND: POST /session/10ce6bf21e267d5fc72912db2fe1b82f/element/f.BD39AEFEC33B967BC38EA35058F10DD3.d.48DCA12691327467609B70333A3EDD65.e.3087/click - {}
RESULT: {}
COMMAND: GET /session/10ce6bf21e267d5fc72912db2fe1b82f/screenshot - {}
RESULT: {}
COMMAND: POST /session/10ce6bf21e267d5fc72912db2fe1b82f/element - {"using":"xpath","value":"(//span[contains(@id ,\"application-manageresources-display-component---newResourceUnit--DIMENSION_UNIT-arrow\")])[1]"}
RESULT: {"using":"xpath","value":"(//span[contains(@id ,\"application-manageresources-display-component---newResourceUnit--DIMENSION_UNIT-arrow\")])[1]"}
COMMAND: POST /session/10ce6bf21e267d5fc72912db2fe1b82f/element/f.BD39AEFEC33B967BC38EA35058F10DD3.d.48DCA12691327467609B70333A3EDD65.e.3145/click - {}
RESULT: {}
COMMAND: GET /session/10ce6bf21e267d5fc72912db2fe1b82f/screenshot - {}
RESULT: {}
COMMAND: POST /session/10ce6bf21e267d5fc72912db2fe1b82f/execute/async - {"script":"<script> [1562 bytes]","args":[{"selector":{"controlType":"sap.m.StandardListItem","viewName":"reusables.view.manageresources.NewResourceUnit","viewId":"application-manageresources-display-component---newResourceUnit","properties":{"title":"Centimeter"},"searchOpenDialogs":true,"interaction":{"idSuffix":"titleText"}},"wdio_ui5_key":"reusablesview.manageresources.NewResourceUnitsap.m.StandardListItem{\"title\":\"Centimeter\"}"}]}
RESULT: {"script":"<script> [1562 bytes]","args":[{"selector":{"controlType":"sap.m.StandardListItem","viewName":"reusables.view.manageresources.NewResourceUnit","viewId":"application-manageresources-display-component---newResourceUnit","properties":{"title":"Centimeter"},"searchOpenDialogs":true,"interaction":{"idSuffix":"titleText"}},"wdio_ui5_key":"reusablesview.manageresources.NewResourceUnitsap.m.StandardListItem{\"title\":\"Centimeter\"}"}]}
RESULT: undefined
COMMAND: POST /session/10ce6bf21e267d5fc72912db2fe1b82f/element - {"using":"xpath","value":"//*[@id=\"__item1357\"]"}
RESULT: {"using":"xpath","value":"//*[@id=\"__item1357\"]"}
COMMAND: POST /session/10ce6bf21e267d5fc72912db2fe1b82f/element/f.BD39AEFEC33B967BC38EA35058F10DD3.d.48DCA12691327467609B70333A3EDD65.e.3149/click - {}
RESULT: {}
COMMAND: POST /session/10ce6bf21e267d5fc72912db2fe1b82f/execute/async - {"script":"<script> [1562 bytes]","args":[{"selector":{"id":"application-manageresources-display-component---newResourceUnit--newRRUPage-anchBar-application-manageresources-display-component---newResourceUnit--reference-anchor","interaction":{"idSuffix":"BDI-content"}},"wdio_ui5_key":"applicationmanageresources-display-component---newResourceUnit--newRRUPage-anchBar-application-manageresources-display-component---newResourceUnit--reference-anchor"}]}
COMMAND: GET /session/10ce6bf21e267d5fc72912db2fe1b82f/screenshot - {}
RESULT: {"script":"<script> [1562 bytes]","args":[{"selector":{"id":"application-manageresources-display-component---newResourceUnit--newRRUPage-anchBar-application-manageresources-display-component---newResourceUnit--reference-anchor","interaction":{"idSuffix":"BDI-content"}},"wdio_ui5_key":"applicationmanageresources-display-component---newResourceUnit--newRRUPage-anchBar-application-manageresources-display-component---newResourceUnit--reference-anchor"}]}
RESULT: undefined
COMMAND: POST /session/10ce6bf21e267d5fc72912db2fe1b82f/element - {"using":"xpath","value":"//*[@id=\"application-manageresources-display-component---newResourceUnit--newRRUPage-anchBar-application-manageresources-display-component---newResourceUnit--reference-anchor\"]"}
RESULT: {}
RESULT: {"using":"xpath","value":"//*[@id=\"application-manageresources-display-component---newResourceUnit--newRRUPage-anchBar-application-manageresources-display-component---newResourceUnit--reference-anchor\"]"}
COMMAND: POST /session/10ce6bf21e267d5fc72912db2fe1b82f/element/f.BD39AEFEC33B967BC38EA35058F10DD3.d.48DCA12691327467609B70333A3EDD65.e.3151/click - {}
RESULT: {}
COMMAND: POST /session/10ce6bf21e267d5fc72912db2fe1b82f/execute/async - {"script":"<script> [1562 bytes]","args":[{"selector":{"id":"application-manageresources-display-component---newResourceUnit--PLANNING_GROUP-arrow"},"wdio_ui5_key":"applicationmanageresources-display-component---newResourceUnit--PLANNING_GROUP-arrow"}]}
COMMAND: GET /session/10ce6bf21e267d5fc72912db2fe1b82f/screenshot - {}
RESULT: {"script":"<script> [1562 bytes]","args":[{"selector":{"id":"application-manageresources-display-component---newResourceUnit--PLANNING_GROUP-arrow"},"wdio_ui5_key":"applicationmanageresources-display-component---newResourceUnit--PLANNING_GROUP-arrow"}]}
RESULT: undefined
COMMAND: POST /session/10ce6bf21e267d5fc72912db2fe1b82f/element - {"using":"xpath","value":"//*[@id=\"application-manageresources-display-component---newResourceUnit--PLANNING_GROUP-arrow\"]"}
RESULT: {}
RESULT: {"using":"xpath","value":"//*[@id=\"application-manageresources-display-component---newResourceUnit--PLANNING_GROUP-arrow\"]"}
COMMAND: POST /session/10ce6bf21e267d5fc72912db2fe1b82f/element/f.BD39AEFEC33B967BC38EA35058F10DD3.d.48DCA12691327467609B70333A3EDD65.e.3155/click - {}
RESULT: {}
COMMAND: POST /session/10ce6bf21e267d5fc72912db2fe1b82f/execute/async - {"script":"<script> [1562 bytes]","args":[{"selector":{"controlType":"sap.m.StandardListItem","viewName":"reusables.view.manageresources.NewResourceUnit","viewId":"application-manageresources-display-component---newResourceUnit","properties":{"title":"Heavy Equi"},"searchOpenDialogs":true,"interaction":{"idSuffix":"content"}},"wdio_ui5_key":"reusablesview.manageresources.NewResourceUnitsap.m.StandardListItem{\"title\":\"Heavy Equi\"}"}]}
COMMAND: GET /session/10ce6bf21e267d5fc72912db2fe1b82f/screenshot - {}
RESULT: {"script":"<script> [1562 bytes]","args":[{"selector":{"controlType":"sap.m.StandardListItem","viewName":"reusables.view.manageresources.NewResourceUnit","viewId":"application-manageresources-display-component---newResourceUnit","properties":{"title":"Heavy Equi"},"searchOpenDialogs":true,"interaction":{"idSuffix":"content"}},"wdio_ui5_key":"reusablesview.manageresources.NewResourceUnitsap.m.StandardListItem{\"title\":\"Heavy Equi\"}"}]}
RESULT: undefined
COMMAND: POST /session/10ce6bf21e267d5fc72912db2fe1b82f/element - {"using":"xpath","value":"//*[@id=\"__item1365\"]"}
RESULT: {}
RESULT: {"using":"xpath","value":"//*[@id=\"__item1365\"]"}
COMMAND: POST /session/10ce6bf21e267d5fc72912db2fe1b82f/element/f.BD39AEFEC33B967BC38EA35058F10DD3.d.48DCA12691327467609B70333A3EDD65.e.3159/click - {}
RESULT: {}
COMMAND: GET /session/10ce6bf21e267d5fc72912db2fe1b82f/screenshot - {}
RESULT: {}
COMMAND: POST /session/10ce6bf21e267d5fc72912db2fe1b82f/execute/async - {"script":"<script> [1562 bytes]","args":[{"selector":{"id":"application-manageresources-display-component---newResourceUnit--PLANNING_INDICATOR-arrow"},"wdio_ui5_key":"applicationmanageresources-display-component---newResourceUnit--PLANNING_INDICATOR-arrow"}]}
RESULT: {"script":"<script> [1562 bytes]","args":[{"selector":{"id":"application-manageresources-display-component---newResourceUnit--PLANNING_INDICATOR-arrow"},"wdio_ui5_key":"applicationmanageresources-display-component---newResourceUnit--PLANNING_INDICATOR-arrow"}]}
RESULT: undefined
COMMAND: POST /session/10ce6bf21e267d5fc72912db2fe1b82f/element - {"using":"xpath","value":"//*[@id=\"application-manageresources-display-component---newResourceUnit--PLANNING_INDICATOR-arrow\"]"}
RESULT: {"using":"xpath","value":"//*[@id=\"application-manageresources-display-component---newResourceUnit--PLANNING_INDICATOR-arrow\"]"}
COMMAND: POST /session/10ce6bf21e267d5fc72912db2fe1b82f/element/f.BD39AEFEC33B967BC38EA35058F10DD3.d.48DCA12691327467609B70333A3EDD65.e.3160/click - {}
RESULT: {}
COMMAND: POST /session/10ce6bf21e267d5fc72912db2fe1b82f/execute/async - {"script":"<script> [1562 bytes]","args":[{"selector":{"controlType":"sap.m.StandardListItem","viewName":"reusables.view.manageresources.NewResourceUnit","viewId":"application-manageresources-display-component---newResourceUnit","properties":{"title":"10 - infinite"},"searchOpenDialogs":true,"interaction":{"idSuffix":"content"}},"wdio_ui5_key":"reusablesview.manageresources.NewResourceUnitsap.m.StandardListItem{\"title\":\"10 - infinite\"}"}]}
COMMAND: GET /session/10ce6bf21e267d5fc72912db2fe1b82f/screenshot - {}
RESULT: {"script":"<script> [1562 bytes]","args":[{"selector":{"controlType":"sap.m.StandardListItem","viewName":"reusables.view.manageresources.NewResourceUnit","viewId":"application-manageresources-display-component---newResourceUnit","properties":{"title":"10 - infinite"},"searchOpenDialogs":true,"interaction":{"idSuffix":"content"}},"wdio_ui5_key":"reusablesview.manageresources.NewResourceUnitsap.m.StandardListItem{\"title\":\"10 - infinite\"}"}]}
RESULT: undefined
COMMAND: POST /session/10ce6bf21e267d5fc72912db2fe1b82f/element - {"using":"xpath","value":"//*[@id=\"__item1375\"]"}
RESULT: {}
RESULT: {"using":"xpath","value":"//*[@id=\"__item1375\"]"}
COMMAND: POST /session/10ce6bf21e267d5fc72912db2fe1b82f/element/f.BD39AEFEC33B967BC38EA35058F10DD3.d.48DCA12691327467609B70333A3EDD65.e.3162/click - {}
RESULT: {}
COMMAND: GET /session/10ce6bf21e267d5fc72912db2fe1b82f/screenshot - {}
RESULT: {}
COMMAND: POST /session/10ce6bf21e267d5fc72912db2fe1b82f/element - {"using":"xpath","value":"//bdi[contains(text(), \"Time Segment\")]"}
RESULT: {"using":"xpath","value":"//bdi[contains(text(), \"Time Segment\")]"}
COMMAND: GET /session/10ce6bf21e267d5fc72912db2fe1b82f/element/f.BD39AEFEC33B967BC38EA35058F10DD3.d.48DCA12691327467609B70333A3EDD65.e.3163/rect - {}
RESULT: {}
COMMAND: GET /session/10ce6bf21e267d5fc72912db2fe1b82f/window/rect - {}
RESULT: {}
COMMAND: POST /session/10ce6bf21e267d5fc72912db2fe1b82f/execute/sync - {"script":"<script> [92 bytes]","args":[]}
RESULT: {"script":"<script> [92 bytes]","args":[]}
COMMAND: POST /session/10ce6bf21e267d5fc72912db2fe1b82f/actions - {"actions":[{"id":"action5","type":"wheel","parameters":{},"actions":[{"type":"scroll","x":-1820,"y":-21,"deltaX":0,"deltaY":0,"duration":0,"origin":{"element-6066-11e4-a52e-4f735466cecf":"f.BD39AEFEC33B967BC38EA35058F10DD3.d.48DCA12691327467609B70333A3EDD65.e.3163"}}]}]}
COMMAND: GET /session/10ce6bf21e267d5fc72912db2fe1b82f/screenshot - {}
RESULT: {}
COMMAND: POST /session/10ce6bf21e267d5fc72912db2fe1b82f/execute/sync - {"script":"<script> [79 bytes]","args":[{"element-6066-11e4-a52e-4f735466cecf":"f.BD39AEFEC33B967BC38EA35058F10DD3.d.48DCA12691327467609B70333A3EDD65.e.3163","ELEMENT":"f.BD39AEFEC33B967BC38EA35058F10DD3.d.48DCA12691327467609B70333A3EDD65.e.3163"},{"block":"start","inline":"nearest"}]}
RESULT: {"script":"<script> [79 bytes]","args":[{"element-6066-11e4-a52e-4f735466cecf":"f.BD39AEFEC33B967BC38EA35058F10DD3.d.48DCA12691327467609B70333A3EDD65.e.3163","ELEMENT":"f.BD39AEFEC33B967BC38EA35058F10DD3.d.48DCA12691327467609B70333A3EDD65.e.3163"},{"block":"start","inline":"nearest"}]}
COMMAND: GET /session/10ce6bf21e267d5fc72912db2fe1b82f/screenshot - {}
RESULT: {}
COMMAND: POST /session/10ce6bf21e267d5fc72912db2fe1b82f/element - {"using":"xpath","value":"//span[@id=\"application-manageresources-display-component---newResourceUnit--btnAddTimeSegment-img\"]"}
RESULT: {"using":"xpath","value":"//span[@id=\"application-manageresources-display-component---newResourceUnit--btnAddTimeSegment-img\"]"}
COMMAND: POST /session/10ce6bf21e267d5fc72912db2fe1b82f/execute/sync - {"script":"<script> [8489 bytes]","args":[{"element-6066-11e4-a52e-4f735466cecf":"f.BD39AEFEC33B967BC38EA35058F10DD3.d.48DCA12691327467609B70333A3EDD65.e.3166","ELEMENT":"f.BD39AEFEC33B967BC38EA35058F10DD3.d.48DCA12691327467609B70333A3EDD65.e.3166"}]}
RESULT: {"script":"<script> [8489 bytes]","args":[{"element-6066-11e4-a52e-4f735466cecf":"f.BD39AEFEC33B967BC38EA35058F10DD3.d.48DCA12691327467609B70333A3EDD65.e.3166","ELEMENT":"f.BD39AEFEC33B967BC38EA35058F10DD3.d.48DCA12691327467609B70333A3EDD65.e.3166"}]}
COMMAND: POST /session/10ce6bf21e267d5fc72912db2fe1b82f/element/f.BD39AEFEC33B967BC38EA35058F10DD3.d.48DCA12691327467609B70333A3EDD65.e.3166/click - {}
COMMAND: GET /session/10ce6bf21e267d5fc72912db2fe1b82f/screenshot - {}
RESULT: {}
COMMAND: GET /session/10ce6bf21e267d5fc72912db2fe1b82f/screenshot - {}
COMMAND: POST /session/10ce6bf21e267d5fc72912db2fe1b82f/element - {"using":"xpath","value":"//input[@id=\"application-manageresources-display-component---newResourceUnit--idRuTSAdmin-application-manageresources-display-component---newResourceUnit--RUTimeSegment-0-inner\"]"}
RESULT: {}
RESULT: {}
RESULT: {"using":"xpath","value":"//input[@id=\"application-manageresources-display-component---newResourceUnit--idRuTSAdmin-application-manageresources-display-component---newResourceUnit--RUTimeSegment-0-inner\"]"}
COMMAND: POST /session/10ce6bf21e267d5fc72912db2fe1b82f/element/f.BD39AEFEC33B967BC38EA35058F10DD3.d.48DCA12691327467609B70333A3EDD65.e.3169/clear - {}
RESULT: {}
COMMAND: POST /session/10ce6bf21e267d5fc72912db2fe1b82f/element/f.BD39AEFEC33B967BC38EA35058F10DD3.d.48DCA12691327467609B70333A3EDD65.e.3169/value - {"text":"WebdriverYardx1ogv"}
COMMAND: GET /session/10ce6bf21e267d5fc72912db2fe1b82f/screenshot - {}
RESULT: {"text":"WebdriverYardx1ogv"}
COMMAND: GET /session/10ce6bf21e267d5fc72912db2fe1b82f/screenshot - {}
COMMAND: POST /session/10ce6bf21e267d5fc72912db2fe1b82f/actions - {"actions":[{"id":"action6","type":"key","parameters":{},"actions":[{"type":"keyDown","value":""},{"type":"pause","duration":10},{"type":"keyUp","value":""}]}]}
RESULT: {}
RESULT: {}
RESULT: {"actions":[{"id":"action6","type":"key","parameters":{},"actions":[{"type":"keyDown","value":""},{"type":"pause","duration":10},{"type":"keyUp","value":""}]}]}
COMMAND: GET /session/10ce6bf21e267d5fc72912db2fe1b82f/screenshot - {}
RESULT: {}
COMMAND: POST /session/10ce6bf21e267d5fc72912db2fe1b82f/execute/async - {"script":"<script> [1562 bytes]","args":[{"selector":{"controlType":"sap.m.Button","viewName":"reusables.view.manageresources.NewResourceUnit","viewId":"application-manageresources-display-component---newResourceUnit","i18NText":{"propertyName":"tooltip","key":"save"},"interaction":{"idSuffix":"BDI-content"}},"wdio_ui5_key":"reusablesview.manageresources.NewResourceUnitsap.m.Button{\"propertyName\":\"tooltip\",\"key\":\"save\"}"}]}
RESULT: {"script":"<script> [1562 bytes]","args":[{"selector":{"controlType":"sap.m.Button","viewName":"reusables.view.manageresources.NewResourceUnit","viewId":"application-manageresources-display-component---newResourceUnit","i18NText":{"propertyName":"tooltip","key":"save"},"interaction":{"idSuffix":"BDI-content"}},"wdio_ui5_key":"reusablesview.manageresources.NewResourceUnitsap.m.Button{\"propertyName\":\"tooltip\",\"key\":\"save\"}"}]}
RESULT: undefined
COMMAND: POST /session/10ce6bf21e267d5fc72912db2fe1b82f/element - {"using":"xpath","value":"//*[@id=\"application-manageresources-display-component---newResourceUnit--createRuButton\"]"}
RESULT: {"using":"xpath","value":"//*[@id=\"application-manageresources-display-component---newResourceUnit--createRuButton\"]"}
COMMAND: POST /session/10ce6bf21e267d5fc72912db2fe1b82f/element/f.BD39AEFEC33B967BC38EA35058F10DD3.d.48DCA12691327467609B70333A3EDD65.e.3093/click - {}
RESULT: {}
COMMAND: GET /session/10ce6bf21e267d5fc72912db2fe1b82f/screenshot - {}
RESULT: {}
COMMAND: POST /session/10ce6bf21e267d5fc72912db2fe1b82f/execute/async - {"script":"<script> [1562 bytes]","args":[{"selector":{"controlType":"sap.m.Title","properties":{"text":"Success"},"searchOpenDialogs":true},"wdio_ui5_key":"sapm.Title{\"text\":\"Success\"}"}]}
RESULT: {"script":"<script> [1562 bytes]","args":[{"selector":{"controlType":"sap.m.Title","properties":{"text":"Success"},"searchOpenDialogs":true},"wdio_ui5_key":"sapm.Title{\"text\":\"Success\"}"}]}
RESULT: undefined
COMMAND: POST /session/10ce6bf21e267d5fc72912db2fe1b82f/execute/async - {"script":"<script> [6424 bytes]","args":[{"element-6066-11e4-a52e-4f735466cecf":"f.BD39AEFEC33B967BC38EA35058F10DD3.d.48DCA12691327467609B70333A3EDD65.e.3185"},"getText",[]]}
RESULT: {"script":"<script> [6424 bytes]","args":[{"element-6066-11e4-a52e-4f735466cecf":"f.BD39AEFEC33B967BC38EA35058F10DD3.d.48DCA12691327467609B70333A3EDD65.e.3185"},"getText",[]]}
COMMAND: POST /session/10ce6bf21e267d5fc72912db2fe1b82f/element - {"using":"xpath","value":"//*[contains(@id, '__text') and (contains(text(), 'successfully created') or contains(., 'successfully created'))]"}
RESULT: {"using":"xpath","value":"//*[contains(@id, '__text') and (contains(text(), 'successfully created') or contains(., 'successfully created'))]"}
COMMAND: GET /session/10ce6bf21e267d5fc72912db2fe1b82f/element/f.BD39AEFEC33B967BC38EA35058F10DD3.d.48DCA12691327467609B70333A3EDD65.e.3183/text - {}
RESULT: {}
COMMAND: POST /session/10ce6bf21e267d5fc72912db2fe1b82f/execute/async - {"script":"<script> [1562 bytes]","args":[{"selector":{"controlType":"sap.m.Button","properties":{"text":"Close"},"searchOpenDialogs":true,"interaction":{"idSuffix":"BDI-content"}},"wdio_ui5_key":"sapm.Button{\"text\":\"Close\"}"}]}
RESULT: {"script":"<script> [1562 bytes]","args":[{"selector":{"controlType":"sap.m.Button","properties":{"text":"Close"},"searchOpenDialogs":true,"interaction":{"idSuffix":"BDI-content"}},"wdio_ui5_key":"sapm.Button{\"text\":\"Close\"}"}]}
RESULT: undefined
COMMAND: POST /session/10ce6bf21e267d5fc72912db2fe1b82f/element - {"using":"xpath","value":"//*[@id=\"__mbox-btn-0\"]"}
RESULT: {"using":"xpath","value":"//*[@id=\"__mbox-btn-0\"]"}
COMMAND: POST /session/10ce6bf21e267d5fc72912db2fe1b82f/element/f.BD39AEFEC33B967BC38EA35058F10DD3.d.48DCA12691327467609B70333A3EDD65.e.3182/click - {}
RESULT: {}
COMMAND: GET /session/10ce6bf21e267d5fc72912db2fe1b82f/screenshot - {}
RESULT: {}
COMMAND: POST /session/10ce6bf21e267d5fc72912db2fe1b82f/execute/async - {"script":"<script> [1562 bytes]","args":[{"selector":{"controlType":"sap.ui.core.Icon","viewName":"etm.portal.ui.manageresources.view.Detail","viewId":"application-manageresources-display-component---detailRU","properties":{"src":{"regex":{"source":"overflow"}}}},"wdio_ui5_key":"etmportal.ui.manageresources.view.Detailsap.ui.core.Icon{\"src\":{\"regex\":{\"source\":\"overflow\"}}}"}]}
RESULT: {"script":"<script> [1562 bytes]","args":[{"selector":{"controlType":"sap.ui.core.Icon","viewName":"etm.portal.ui.manageresources.view.Detail","viewId":"application-manageresources-display-component---detailRU","properties":{"src":{"regex":{"source":"overflow"}}}},"wdio_ui5_key":"etmportal.ui.manageresources.view.Detailsap.ui.core.Icon{\"src\":{\"regex\":{\"source\":\"overflow\"}}}"}]}
RESULT: undefined
COMMAND: POST /session/10ce6bf21e267d5fc72912db2fe1b82f/element - {"using":"xpath","value":"//*[@id=\"__title36-_actionsToolbar-overflowButton-img\"]"}
RESULT: {"using":"xpath","value":"//*[@id=\"__title36-_actionsToolbar-overflowButton-img\"]"}
COMMAND: POST /session/10ce6bf21e267d5fc72912db2fe1b82f/element/f.BD39AEFEC33B967BC38EA35058F10DD3.d.48DCA12691327467609B70333A3EDD65.e.3217/click - {}
RESULT: {}
COMMAND: POST /session/10ce6bf21e267d5fc72912db2fe1b82f/execute/async - {"script":"<script> [1562 bytes]","args":[{"selector":{"controlType":"sap.m.Button","viewName":"etm.portal.ui.manageresources.view.Detail","viewId":"application-manageresources-display-component---detailRU","i18NText":{"propertyName":"tooltip","key":"closeColumn"},"searchOpenDialogs":true,"interaction":{"idSuffix":"inner"}},"wdio_ui5_key":"etmportal.ui.manageresources.view.Detailsap.m.Button{\"propertyName\":\"tooltip\",\"key\":\"closeColumn\"}"}]}
COMMAND: GET /session/10ce6bf21e267d5fc72912db2fe1b82f/screenshot - {}
RESULT: {"script":"<script> [1562 bytes]","args":[{"selector":{"controlType":"sap.m.Button","viewName":"etm.portal.ui.manageresources.view.Detail","viewId":"application-manageresources-display-component---detailRU","i18NText":{"propertyName":"tooltip","key":"closeColumn"},"searchOpenDialogs":true,"interaction":{"idSuffix":"inner"}},"wdio_ui5_key":"etmportal.ui.manageresources.view.Detailsap.m.Button{\"propertyName\":\"tooltip\",\"key\":\"closeColumn\"}"}]}
RESULT: undefined
COMMAND: POST /session/10ce6bf21e267d5fc72912db2fe1b82f/element - {"using":"xpath","value":"//*[@id=\"__button147\"]"}
RESULT: {}
RESULT: {"using":"xpath","value":"//*[@id=\"__button147\"]"}
COMMAND: POST /session/10ce6bf21e267d5fc72912db2fe1b82f/element/f.BD39AEFEC33B967BC38EA35058F10DD3.d.48DCA12691327467609B70333A3EDD65.e.3221/click - {}
RESULT: {}
COMMAND: GET /session/10ce6bf21e267d5fc72912db2fe1b82f/screenshot - {}
RESULT: {}
COMMAND: POST /session/10ce6bf21e267d5fc72912db2fe1b82f/refresh - {}
RESULT: {}
COMMAND: GET /session/10ce6bf21e267d5fc72912db2fe1b82f/screenshot - {}
RESULT: {}
COMMAND: POST /session/10ce6bf21e267d5fc72912db2fe1b82f/execute/async - {"script":"<script> [189 bytes]","args":[]}
RESULT: undefined
RESULT: undefined
RESULT: {"script":"<script> [189 bytes]","args":[]}
COMMAND: POST /session/10ce6bf21e267d5fc72912db2fe1b82f/execute/async - {"script":"<script> [123 bytes]","args":[]}
RESULT: {"script":"<script> [123 bytes]","args":[]}
COMMAND: POST /session/10ce6bf21e267d5fc72912db2fe1b82f/timeouts - {"script":"<number>"}
RESULT: {"script":"<number>"}
COMMAND: GET /session/10ce6bf21e267d5fc72912db2fe1b82f/timeouts - {}
RESULT: {}
RESULT: undefined
COMMAND: POST /session/10ce6bf21e267d5fc72912db2fe1b82f/execute/async - {"script":"<script> [2676 bytes]","args":[]}
RESULT: {"script":"<script> [2676 bytes]","args":[]}
COMMAND: POST /session/10ce6bf21e267d5fc72912db2fe1b82f/execute/async - {"script":"<script> [2342 bytes]","args":[{"protocol":"http","hostname":"0.0.0.0","path":"/","capabilities":{"browserName":"chrome","goog:chromeOptions":{"binary":"C:\\Program Files\\Google\\Chrome\\Application\\chrome.exe","args":["--start-maximized"]}},"logLevel":"warn","connectionRetryTimeout":120000,"connectionRetryCount":3,"logLevels":{},"enableDirectConnect":true,"strictSSL":true,"_":"65 more keys: [\"cacheDir\",\"port\",\"requestedCapabilities\",\"automationProtocol\",\"baseUrl\",\"waitforInterval\",\"waitforTimeout\",\"onReload\",\"beforeCommand\",\"afterCommand\",\"rootDir\",\"specs\",\"suites\",\"exclude\",\"groupLogsByTestSpec\",\"excludeDriverLogs\",\"bail\",\"framework\",\"reporters\",\"services\",\"maxInstances\",\"maxInstancesPerCapability\",\"injectGlobals\",\"filesToWatch\",\"execArgv\",\"runnerEnv\",\"runner\",\"shard\",\"specFileRetries\",\"specFileRetriesDelay\",\"specFileRetriesDeferred\",\"reporterSyncInterval\",\"reporterSyncTimeout\",\"cucumberFeaturesWithLineNumbers\",\"autoCompileOpts\",\"mochaOpts\",\"jasmineOpts\",\"cucumberOpts\",\"onPrepare\",\"onWorkerStart\",\"onWorkerEnd\",\"before\",\"beforeSession\",\"beforeSuite\",\"beforeHook\",\"beforeTest\",\"afterTest\",\"afterHook\",\"afterSuite\",\"afterSession\",\"after\",\"onComplete\",\"beforeAssertion\",\"afterAssertion\",\"beforeFeature\",\"beforeScenario\",\"beforeStep\",\"afterStep\",\"afterScenario\",\"afterFeature\",\"_\",\"suite\",\"$0\",\"ignoredWorkerServices\",\"wdi5\"]"}]}
RESULT: {"script":"<script> [2342 bytes]","args":[{"protocol":"http","hostname":"0.0.0.0","path":"/","capabilities":{"browserName":"chrome","goog:chromeOptions":{"binary":"C:\\Program Files\\Google\\Chrome\\Application\\chrome.exe","args":["--start-maximized"]}},"logLevel":"warn","connectionRetryTimeout":120000,"connectionRetryCount":3,"logLevels":{},"enableDirectConnect":true,"strictSSL":true,"_":"65 more keys: [\"cacheDir\",\"port\",\"requestedCapabilities\",\"automationProtocol\",\"baseUrl\",\"waitforInterval\",\"waitforTimeout\",\"onReload\",\"beforeCommand\",\"afterCommand\",\"rootDir\",\"specs\",\"suites\",\"exclude\",\"groupLogsByTestSpec\",\"excludeDriverLogs\",\"bail\",\"framework\",\"reporters\",\"services\",\"maxInstances\",\"maxInstancesPerCapability\",\"injectGlobals\",\"filesToWatch\",\"execArgv\",\"runnerEnv\",\"runner\",\"shard\",\"specFileRetries\",\"specFileRetriesDelay\",\"specFileRetriesDeferred\",\"reporterSyncInterval\",\"reporterSyncTimeout\",\"cucumberFeaturesWithLineNumbers\",\"autoCompileOpts\",\"mochaOpts\",\"jasmineOpts\",\"cucumberOpts\",\"onPrepare\",\"onWorkerStart\",\"onWorkerEnd\",\"before\",\"beforeSession\",\"beforeSuite\",\"beforeHook\",\"beforeTest\",\"afterTest\",\"afterHook\",\"afterSuite\",\"afterSession\",\"after\",\"onComplete\",\"beforeAssertion\",\"afterAssertion\",\"beforeFeature\",\"beforeScenario\",\"beforeStep\",\"afterStep\",\"afterScenario\",\"afterFeature\",\"_\",\"suite\",\"$0\",\"ignoredWorkerServices\",\"wdi5\"]"}]}
COMMAND: POST /session/10ce6bf21e267d5fc72912db2fe1b82f/execute/async - {"script":"<script> [21126 bytes]","args":[35000]}
RESULT: {"script":"<script> [21126 bytes]","args":[35000]}
COMMAND: POST /session/10ce6bf21e267d5fc72912db2fe1b82f/element - {"using":"css selector","value":"#shell-header-logo"}
RESULT: {"using":"css selector","value":"#shell-header-logo"}
COMMAND: POST /session/10ce6bf21e267d5fc72912db2fe1b82f/element/f.BD39AEFEC33B967BC38EA35058F10DD3.d.97090587C3BBC22FDF38DEC8FD2C6B32.e.3333/click - {}
RESULT: {}
COMMAND: GET /session/10ce6bf21e267d5fc72912db2fe1b82f/screenshot - {}
RESULT: {}
COMMAND: POST /session/10ce6bf21e267d5fc72912db2fe1b82f/execute/async - {"script":"<script> [1562 bytes]","args":[{"selector":{"controlType":"sap.m.GenericTile","properties":{"header":"Manage Resources"}},"wdio_ui5_key":"sapm.GenericTile{\"header\":\"Manage Resources\"}"}]}
RESULT: {"script":"<script> [1562 bytes]","args":[{"selector":{"controlType":"sap.m.GenericTile","properties":{"header":"Manage Resources"}},"wdio_ui5_key":"sapm.GenericTile{\"header\":\"Manage Resources\"}"}]}
RESULT: undefined
COMMAND: POST /session/10ce6bf21e267d5fc72912db2fe1b82f/element - {"using":"xpath","value":"//*[@id=\"__tile39\"]"}
RESULT: {"using":"xpath","value":"//*[@id=\"__tile39\"]"}
COMMAND: POST /session/10ce6bf21e267d5fc72912db2fe1b82f/element/f.BD39AEFEC33B967BC38EA35058F10DD3.d.97090587C3BBC22FDF38DEC8FD2C6B32.e.3520/click - {}
RESULT: {}
COMMAND: GET /session/10ce6bf21e267d5fc72912db2fe1b82f/screenshot - {}
RESULT: undefined
RESULT: undefined
COMMAND: POST /session/10ce6bf21e267d5fc72912db2fe1b82f/element - {"using":"xpath","value":"//button[@data-kt=\"addNewRUOverflowToolbarButton\"]"}
RESULT: {}
RESULT: {"using":"xpath","value":"//button[@data-kt=\"addNewRUOverflowToolbarButton\"]"}
COMMAND: POST /session/10ce6bf21e267d5fc72912db2fe1b82f/execute/sync - {"script":"<script> [8489 bytes]","args":[{"element-6066-11e4-a52e-4f735466cecf":"f.BD39AEFEC33B967BC38EA35058F10DD3.d.97090587C3BBC22FDF38DEC8FD2C6B32.e.3549","ELEMENT":"f.BD39AEFEC33B967BC38EA35058F10DD3.d.97090587C3BBC22FDF38DEC8FD2C6B32.e.3549"}]}
RESULT: {"script":"<script> [8489 bytes]","args":[{"element-6066-11e4-a52e-4f735466cecf":"f.BD39AEFEC33B967BC38EA35058F10DD3.d.97090587C3BBC22FDF38DEC8FD2C6B32.e.3549","ELEMENT":"f.BD39AEFEC33B967BC38EA35058F10DD3.d.97090587C3BBC22FDF38DEC8FD2C6B32.e.3549"}]}
COMMAND: POST /session/10ce6bf21e267d5fc72912db2fe1b82f/element/f.BD39AEFEC33B967BC38EA35058F10DD3.d.97090587C3BBC22FDF38DEC8FD2C6B32.e.3549/click - {}
COMMAND: GET /session/10ce6bf21e267d5fc72912db2fe1b82f/screenshot - {}
RESULT: {}
COMMAND: GET /session/10ce6bf21e267d5fc72912db2fe1b82f/screenshot - {}
RESULT: {}
COMMAND: POST /session/10ce6bf21e267d5fc72912db2fe1b82f/execute/async - {"script":"<script> [1562 bytes]","args":[{"selector":{"id":"application-manageresources-display-component---newResourceUnit--TYPE-arrow"},"wdio_ui5_key":"applicationmanageresources-display-component---newResourceUnit--TYPE-arrow"}]}
RESULT: {}
RESULT: {"script":"<script> [1562 bytes]","args":[{"selector":{"id":"application-manageresources-display-component---newResourceUnit--TYPE-arrow"},"wdio_ui5_key":"applicationmanageresources-display-component---newResourceUnit--TYPE-arrow"}]}
RESULT: undefined
COMMAND: POST /session/10ce6bf21e267d5fc72912db2fe1b82f/element - {"using":"xpath","value":"//*[@id=\"application-manageresources-display-component---newResourceUnit--TYPE-arrow\"]"}
RESULT: {"using":"xpath","value":"//*[@id=\"application-manageresources-display-component---newResourceUnit--TYPE-arrow\"]"}
COMMAND: POST /session/10ce6bf21e267d5fc72912db2fe1b82f/element/f.BD39AEFEC33B967BC38EA35058F10DD3.d.97090587C3BBC22FDF38DEC8FD2C6B32.e.3872/click - {}
RESULT: {}
COMMAND: POST /session/10ce6bf21e267d5fc72912db2fe1b82f/execute/async - {"script":"<script> [1562 bytes]","args":[{"selector":{"controlType":"sap.m.StandardListItem","viewName":"reusables.view.manageresources.NewResourceUnit","viewId":"application-manageresources-display-component---newResourceUnit","properties":{"title":"Equipment"},"searchOpenDialogs":true,"interaction":{"idSuffix":"content"}},"wdio_ui5_key":"reusablesview.manageresources.NewResourceUnitsap.m.StandardListItem{\"title\":\"Equipment\"}"}]}
COMMAND: GET /session/10ce6bf21e267d5fc72912db2fe1b82f/screenshot - {}
RESULT: {"script":"<script> [1562 bytes]","args":[{"selector":{"controlType":"sap.m.StandardListItem","viewName":"reusables.view.manageresources.NewResourceUnit","viewId":"application-manageresources-display-component---newResourceUnit","properties":{"title":"Equipment"},"searchOpenDialogs":true,"interaction":{"idSuffix":"content"}},"wdio_ui5_key":"reusablesview.manageresources.NewResourceUnitsap.m.StandardListItem{\"title\":\"Equipment\"}"}]}
RESULT: undefined
COMMAND: POST /session/10ce6bf21e267d5fc72912db2fe1b82f/element - {"using":"xpath","value":"//*[@id=\"__item181\"]"}
RESULT: {}
RESULT: {"using":"xpath","value":"//*[@id=\"__item181\"]"}
COMMAND: POST /session/10ce6bf21e267d5fc72912db2fe1b82f/element/f.BD39AEFEC33B967BC38EA35058F10DD3.d.97090587C3BBC22FDF38DEC8FD2C6B32.e.3875/click - {}
RESULT: {}
COMMAND: POST /session/10ce6bf21e267d5fc72912db2fe1b82f/execute/async - {"script":"<script> [1562 bytes]","args":[{"selector":{"id":"application-manageresources-display-component---newResourceUnit--resourceId","interaction":{"idSuffix":"inner"}},"wdio_ui5_key":"applicationmanageresources-display-component---newResourceUnit--resourceId"}]}
COMMAND: GET /session/10ce6bf21e267d5fc72912db2fe1b82f/screenshot - {}
RESULT: {"script":"<script> [1562 bytes]","args":[{"selector":{"id":"application-manageresources-display-component---newResourceUnit--resourceId","interaction":{"idSuffix":"inner"}},"wdio_ui5_key":"applicationmanageresources-display-component---newResourceUnit--resourceId"}]}
RESULT: undefined
COMMAND: POST /session/10ce6bf21e267d5fc72912db2fe1b82f/execute/async - {"script":"<script> [776 bytes]","args":[{"enterText":"WdIOR2cEquip8vo0d","selector":{"id":"application-manageresources-display-component---newResourceUnit--resourceId","interaction":{"idSuffix":"inner"}},"clearTextFirst":true,"interactionType":"ENTER_TEXT"}]}
RESULT: {}
RESULT: {"script":"<script> [776 bytes]","args":[{"enterText":"WdIOR2cEquip8vo0d","selector":{"id":"application-manageresources-display-component---newResourceUnit--resourceId","interaction":{"idSuffix":"inner"}},"clearTextFirst":true,"interactionType":"ENTER_TEXT"}]}
COMMAND: POST /session/10ce6bf21e267d5fc72912db2fe1b82f/execute/async - {"script":"<script> [1562 bytes]","args":[{"selector":{"id":"application-manageresources-display-component---newResourceUnit--SHORT_TEXT","interaction":{"idSuffix":"inner"}},"wdio_ui5_key":"applicationmanageresources-display-component---newResourceUnit--SHORT_TEXT"}]}
RESULT: {"script":"<script> [1562 bytes]","args":[{"selector":{"id":"application-manageresources-display-component---newResourceUnit--SHORT_TEXT","interaction":{"idSuffix":"inner"}},"wdio_ui5_key":"applicationmanageresources-display-component---newResourceUnit--SHORT_TEXT"}]}
RESULT: undefined
COMMAND: POST /session/10ce6bf21e267d5fc72912db2fe1b82f/execute/async - {"script":"<script> [776 bytes]","args":[{"enterText":"WdIOR2cEquip8vo0d","selector":{"id":"application-manageresources-display-component---newResourceUnit--SHORT_TEXT","interaction":{"idSuffix":"inner"}},"clearTextFirst":true,"interactionType":"ENTER_TEXT"}]}
RESULT: {"script":"<script> [776 bytes]","args":[{"enterText":"WdIOR2cEquip8vo0d","selector":{"id":"application-manageresources-display-component---newResourceUnit--SHORT_TEXT","interaction":{"idSuffix":"inner"}},"clearTextFirst":true,"interactionType":"ENTER_TEXT"}]}
COMMAND: POST /session/10ce6bf21e267d5fc72912db2fe1b82f/execute/async - {"script":"<script> [1562 bytes]","args":[{"selector":{"id":"application-manageresources-display-component---newResourceUnit--BASE_UNIT_OF_MEASURE","interaction":{"idSuffix":"inner"}},"wdio_ui5_key":"applicationmanageresources-display-component---newResourceUnit--BASE_UNIT_OF_MEASURE"}]}
RESULT: {"script":"<script> [1562 bytes]","args":[{"selector":{"id":"application-manageresources-display-component---newResourceUnit--BASE_UNIT_OF_MEASURE","interaction":{"idSuffix":"inner"}},"wdio_ui5_key":"applicationmanageresources-display-component---newResourceUnit--BASE_UNIT_OF_MEASURE"}]}
RESULT: undefined
COMMAND: POST /session/10ce6bf21e267d5fc72912db2fe1b82f/execute/async - {"script":"<script> [776 bytes]","args":[{"enterText":"Piece","selector":{"id":"application-manageresources-display-component---newResourceUnit--BASE_UNIT_OF_MEASURE","interaction":{"idSuffix":"inner"}},"clearTextFirst":true,"interactionType":"ENTER_TEXT"}]}
RESULT: {"script":"<script> [776 bytes]","args":[{"enterText":"Piece","selector":{"id":"application-manageresources-display-component---newResourceUnit--BASE_UNIT_OF_MEASURE","interaction":{"idSuffix":"inner"}},"clearTextFirst":true,"interactionType":"ENTER_TEXT"}]}
COMMAND: POST /session/10ce6bf21e267d5fc72912db2fe1b82f/execute/async - {"script":"<script> [1562 bytes]","args":[{"selector":{"id":"application-manageresources-display-component---newResourceUnit--WEIGHT_UNIT","interaction":{"idSuffix":"inner"}},"wdio_ui5_key":"applicationmanageresources-display-component---newResourceUnit--WEIGHT_UNIT"}]}
RESULT: {"script":"<script> [1562 bytes]","args":[{"selector":{"id":"application-manageresources-display-component---newResourceUnit--WEIGHT_UNIT","interaction":{"idSuffix":"inner"}},"wdio_ui5_key":"applicationmanageresources-display-component---newResourceUnit--WEIGHT_UNIT"}]}
RESULT: undefined
COMMAND: POST /session/10ce6bf21e267d5fc72912db2fe1b82f/execute/async - {"script":"<script> [776 bytes]","args":[{"enterText":"Gram","selector":{"id":"application-manageresources-display-component---newResourceUnit--WEIGHT_UNIT","interaction":{"idSuffix":"inner"}},"clearTextFirst":true,"interactionType":"ENTER_TEXT"}]}
RESULT: {"script":"<script> [776 bytes]","args":[{"enterText":"Gram","selector":{"id":"application-manageresources-display-component---newResourceUnit--WEIGHT_UNIT","interaction":{"idSuffix":"inner"}},"clearTextFirst":true,"interactionType":"ENTER_TEXT"}]}
COMMAND: POST /session/10ce6bf21e267d5fc72912db2fe1b82f/execute/async - {"script":"<script> [1562 bytes]","args":[{"selector":{"id":"application-manageresources-display-component---newResourceUnit--newRRUPage-OPHeaderContent-collapseBtn-img"},"wdio_ui5_key":"applicationmanageresources-display-component---newResourceUnit--newRRUPage-OPHeaderContent-collapseBtn-img"}]}
RESULT: {"script":"<script> [1562 bytes]","args":[{"selector":{"id":"application-manageresources-display-component---newResourceUnit--newRRUPage-OPHeaderContent-collapseBtn-img"},"wdio_ui5_key":"applicationmanageresources-display-component---newResourceUnit--newRRUPage-OPHeaderContent-collapseBtn-img"}]}
RESULT: undefined
COMMAND: POST /session/10ce6bf21e267d5fc72912db2fe1b82f/element - {"using":"xpath","value":"//*[@id=\"application-manageresources-display-component---newResourceUnit--newRRUPage-OPHeaderContent-collapseBtn-img\"]"}
RESULT: {"using":"xpath","value":"//*[@id=\"application-manageresources-display-component---newResourceUnit--newRRUPage-OPHeaderContent-collapseBtn-img\"]"}
COMMAND: POST /session/10ce6bf21e267d5fc72912db2fe1b82f/element/f.BD39AEFEC33B967BC38EA35058F10DD3.d.97090587C3BBC22FDF38DEC8FD2C6B32.e.3883/click - {}
RESULT: {}
COMMAND: GET /session/10ce6bf21e267d5fc72912db2fe1b82f/screenshot - {}
RESULT: {}
COMMAND: POST /session/10ce6bf21e267d5fc72912db2fe1b82f/element - {"using":"xpath","value":"(//span[contains(@id ,\"application-manageresources-display-component---newResourceUnit--DIMENSION_UNIT-arrow\")])[1]"}
RESULT: {"using":"xpath","value":"(//span[contains(@id ,\"application-manageresources-display-component---newResourceUnit--DIMENSION_UNIT-arrow\")])[1]"}
COMMAND: POST /session/10ce6bf21e267d5fc72912db2fe1b82f/element/f.BD39AEFEC33B967BC38EA35058F10DD3.d.97090587C3BBC22FDF38DEC8FD2C6B32.e.4006/click - {}
RESULT: {}
COMMAND: GET /session/10ce6bf21e267d5fc72912db2fe1b82f/screenshot - {}
RESULT: {}
COMMAND: POST /session/10ce6bf21e267d5fc72912db2fe1b82f/execute/async - {"script":"<script> [1562 bytes]","args":[{"selector":{"controlType":"sap.m.StandardListItem","viewName":"reusables.view.manageresources.NewResourceUnit","viewId":"application-manageresources-display-component---newResourceUnit","properties":{"title":"Centimeter"},"searchOpenDialogs":true,"interaction":{"idSuffix":"titleText"}},"wdio_ui5_key":"reusablesview.manageresources.NewResourceUnitsap.m.StandardListItem{\"title\":\"Centimeter\"}"}]}
RESULT: {"script":"<script> [1562 bytes]","args":[{"selector":{"controlType":"sap.m.StandardListItem","viewName":"reusables.view.manageresources.NewResourceUnit","viewId":"application-manageresources-display-component---newResourceUnit","properties":{"title":"Centimeter"},"searchOpenDialogs":true,"interaction":{"idSuffix":"titleText"}},"wdio_ui5_key":"reusablesview.manageresources.NewResourceUnitsap.m.StandardListItem{\"title\":\"Centimeter\"}"}]}
RESULT: undefined
COMMAND: POST /session/10ce6bf21e267d5fc72912db2fe1b82f/element - {"using":"xpath","value":"//*[@id=\"__item224\"]"}
RESULT: {"using":"xpath","value":"//*[@id=\"__item224\"]"}
COMMAND: POST /session/10ce6bf21e267d5fc72912db2fe1b82f/element/f.BD39AEFEC33B967BC38EA35058F10DD3.d.97090587C3BBC22FDF38DEC8FD2C6B32.e.4010/click - {}
RESULT: {}
COMMAND: GET /session/10ce6bf21e267d5fc72912db2fe1b82f/screenshot - {}
RESULT: {}
COMMAND: POST /session/10ce6bf21e267d5fc72912db2fe1b82f/execute/async - {"script":"<script> [1562 bytes]","args":[{"selector":{"id":"application-manageresources-display-component---newResourceUnit--newRRUPage-anchBar-application-manageresources-display-component---newResourceUnit--control-anchor","interaction":{"idSuffix":"BDI-content"}},"wdio_ui5_key":"applicationmanageresources-display-component---newResourceUnit--newRRUPage-anchBar-application-manageresources-display-component---newResourceUnit--control-anchor"}]}
RESULT: {"script":"<script> [1562 bytes]","args":[{"selector":{"id":"application-manageresources-display-component---newResourceUnit--newRRUPage-anchBar-application-manageresources-display-component---newResourceUnit--control-anchor","interaction":{"idSuffix":"BDI-content"}},"wdio_ui5_key":"applicationmanageresources-display-component---newResourceUnit--newRRUPage-anchBar-application-manageresources-display-component---newResourceUnit--control-anchor"}]}
RESULT: undefined
COMMAND: POST /session/10ce6bf21e267d5fc72912db2fe1b82f/element - {"using":"xpath","value":"//*[@id=\"application-manageresources-display-component---newResourceUnit--newRRUPage-anchBar-application-manageresources-display-component---newResourceUnit--control-anchor\"]"}
RESULT: {"using":"xpath","value":"//*[@id=\"application-manageresources-display-component---newResourceUnit--newRRUPage-anchBar-application-manageresources-display-component---newResourceUnit--control-anchor\"]"}
COMMAND: POST /session/10ce6bf21e267d5fc72912db2fe1b82f/element/f.BD39AEFEC33B967BC38EA35058F10DD3.d.97090587C3BBC22FDF38DEC8FD2C6B32.e.4012/click - {}
RESULT: {}
COMMAND: POST /session/10ce6bf21e267d5fc72912db2fe1b82f/execute/async - {"script":"<script> [1562 bytes]","args":[{"selector":{"id":"application-manageresources-display-component---newResourceUnit--PLANNING_GROUP","interaction":{"idSuffix":"inner"}},"wdio_ui5_key":"applicationmanageresources-display-component---newResourceUnit--PLANNING_GROUP"}]}
COMMAND: GET /session/10ce6bf21e267d5fc72912db2fe1b82f/screenshot - {}
RESULT: {"script":"<script> [1562 bytes]","args":[{"selector":{"id":"application-manageresources-display-component---newResourceUnit--PLANNING_GROUP","interaction":{"idSuffix":"inner"}},"wdio_ui5_key":"applicationmanageresources-display-component---newResourceUnit--PLANNING_GROUP"}]}
RESULT: undefined
COMMAND: POST /session/10ce6bf21e267d5fc72912db2fe1b82f/execute/async - {"script":"<script> [776 bytes]","args":[{"enterText":"Heavy Equi","selector":{"id":"application-manageresources-display-component---newResourceUnit--PLANNING_GROUP","interaction":{"idSuffix":"inner"}},"clearTextFirst":true,"interactionType":"ENTER_TEXT"}]}
RESULT: {}
RESULT: {"script":"<script> [776 bytes]","args":[{"enterText":"Heavy Equi","selector":{"id":"application-manageresources-display-component---newResourceUnit--PLANNING_GROUP","interaction":{"idSuffix":"inner"}},"clearTextFirst":true,"interactionType":"ENTER_TEXT"}]}
COMMAND: POST /session/10ce6bf21e267d5fc72912db2fe1b82f/execute/async - {"script":"<script> [1562 bytes]","args":[{"selector":{"id":"application-manageresources-display-component---newResourceUnit--ITEM_TYPE-arrow"},"wdio_ui5_key":"applicationmanageresources-display-component---newResourceUnit--ITEM_TYPE-arrow"}]}
RESULT: {"script":"<script> [1562 bytes]","args":[{"selector":{"id":"application-manageresources-display-component---newResourceUnit--ITEM_TYPE-arrow"},"wdio_ui5_key":"applicationmanageresources-display-component---newResourceUnit--ITEM_TYPE-arrow"}]}
RESULT: undefined
COMMAND: POST /session/10ce6bf21e267d5fc72912db2fe1b82f/element - {"using":"xpath","value":"//*[@id=\"application-manageresources-display-component---newResourceUnit--ITEM_TYPE-arrow\"]"}
RESULT: {"using":"xpath","value":"//*[@id=\"application-manageresources-display-component---newResourceUnit--ITEM_TYPE-arrow\"]"}
COMMAND: POST /session/10ce6bf21e267d5fc72912db2fe1b82f/element/f.BD39AEFEC33B967BC38EA35058F10DD3.d.97090587C3BBC22FDF38DEC8FD2C6B32.e.4017/click - {}
RESULT: {}
COMMAND: POST /session/10ce6bf21e267d5fc72912db2fe1b82f/execute/async - {"script":"<script> [1562 bytes]","args":[{"selector":{"controlType":"sap.m.StandardListItem","viewName":"reusables.view.manageresources.NewResourceUnit","viewId":"application-manageresources-display-component---newResourceUnit","properties":{"title":"Resource Unit"},"searchOpenDialogs":true,"interaction":{"idSuffix":"titleText"}},"wdio_ui5_key":"reusablesview.manageresources.NewResourceUnitsap.m.StandardListItem{\"title\":\"Resource Unit\"}"}]}
COMMAND: GET /session/10ce6bf21e267d5fc72912db2fe1b82f/screenshot - {}
RESULT: {"script":"<script> [1562 bytes]","args":[{"selector":{"controlType":"sap.m.StandardListItem","viewName":"reusables.view.manageresources.NewResourceUnit","viewId":"application-manageresources-display-component---newResourceUnit","properties":{"title":"Resource Unit"},"searchOpenDialogs":true,"interaction":{"idSuffix":"titleText"}},"wdio_ui5_key":"reusablesview.manageresources.NewResourceUnitsap.m.StandardListItem{\"title\":\"Resource Unit\"}"}]}
RESULT: undefined
COMMAND: POST /session/10ce6bf21e267d5fc72912db2fe1b82f/element - {"using":"xpath","value":"//*[@id=\"__item246\"]"}
RESULT: {}
RESULT: {"using":"xpath","value":"//*[@id=\"__item246\"]"}
COMMAND: POST /session/10ce6bf21e267d5fc72912db2fe1b82f/element/f.BD39AEFEC33B967BC38EA35058F10DD3.d.97090587C3BBC22FDF38DEC8FD2C6B32.e.4019/click - {}
RESULT: {}
COMMAND: POST /session/10ce6bf21e267d5fc72912db2fe1b82f/element - {"using":"xpath","value":"//bdi[contains(text(), \"Time Segment\")]"}
COMMAND: GET /session/10ce6bf21e267d5fc72912db2fe1b82f/screenshot - {}
RESULT: {"using":"xpath","value":"//bdi[contains(text(), \"Time Segment\")]"}
COMMAND: GET /session/10ce6bf21e267d5fc72912db2fe1b82f/element/f.BD39AEFEC33B967BC38EA35058F10DD3.d.97090587C3BBC22FDF38DEC8FD2C6B32.e.4020/rect - {}
RESULT: {}
RESULT: {}
COMMAND: GET /session/10ce6bf21e267d5fc72912db2fe1b82f/window/rect - {}
RESULT: {}
COMMAND: POST /session/10ce6bf21e267d5fc72912db2fe1b82f/execute/sync - {"script":"<script> [92 bytes]","args":[]}
RESULT: {"script":"<script> [92 bytes]","args":[]}
COMMAND: POST /session/10ce6bf21e267d5fc72912db2fe1b82f/actions - {"actions":[{"id":"action7","type":"wheel","parameters":{},"actions":[{"type":"scroll","x":-1820,"y":-21,"deltaX":0,"deltaY":0,"duration":0,"origin":{"element-6066-11e4-a52e-4f735466cecf":"f.BD39AEFEC33B967BC38EA35058F10DD3.d.97090587C3BBC22FDF38DEC8FD2C6B32.e.4020"}}]}]}
COMMAND: GET /session/10ce6bf21e267d5fc72912db2fe1b82f/screenshot - {}
RESULT: {}
COMMAND: POST /session/10ce6bf21e267d5fc72912db2fe1b82f/execute/sync - {"script":"<script> [79 bytes]","args":[{"element-6066-11e4-a52e-4f735466cecf":"f.BD39AEFEC33B967BC38EA35058F10DD3.d.97090587C3BBC22FDF38DEC8FD2C6B32.e.4020","ELEMENT":"f.BD39AEFEC33B967BC38EA35058F10DD3.d.97090587C3BBC22FDF38DEC8FD2C6B32.e.4020"},{"block":"start","inline":"nearest"}]}
RESULT: {"script":"<script> [79 bytes]","args":[{"element-6066-11e4-a52e-4f735466cecf":"f.BD39AEFEC33B967BC38EA35058F10DD3.d.97090587C3BBC22FDF38DEC8FD2C6B32.e.4020","ELEMENT":"f.BD39AEFEC33B967BC38EA35058F10DD3.d.97090587C3BBC22FDF38DEC8FD2C6B32.e.4020"},{"block":"start","inline":"nearest"}]}
COMMAND: POST /session/10ce6bf21e267d5fc72912db2fe1b82f/execute/async - {"script":"<script> [1562 bytes]","args":[{"selector":{"id":"application-manageresources-display-component---newResourceUnit--btnAddTimeSegment-img"},"wdio_ui5_key":"applicationmanageresources-display-component---newResourceUnit--btnAddTimeSegment-img"}]}
COMMAND: GET /session/10ce6bf21e267d5fc72912db2fe1b82f/screenshot - {}
RESULT: {"script":"<script> [1562 bytes]","args":[{"selector":{"id":"application-manageresources-display-component---newResourceUnit--btnAddTimeSegment-img"},"wdio_ui5_key":"applicationmanageresources-display-component---newResourceUnit--btnAddTimeSegment-img"}]}
RESULT: undefined
COMMAND: POST /session/10ce6bf21e267d5fc72912db2fe1b82f/element - {"using":"xpath","value":"//*[@id=\"application-manageresources-display-component---newResourceUnit--btnAddTimeSegment-img\"]"}
RESULT: {}
RESULT: {"using":"xpath","value":"//*[@id=\"application-manageresources-display-component---newResourceUnit--btnAddTimeSegment-img\"]"}
COMMAND: POST /session/10ce6bf21e267d5fc72912db2fe1b82f/element/f.BD39AEFEC33B967BC38EA35058F10DD3.d.97090587C3BBC22FDF38DEC8FD2C6B32.e.4023/click - {}
RESULT: {}
COMMAND: GET /session/10ce6bf21e267d5fc72912db2fe1b82f/screenshot - {}
RESULT: {}
COMMAND: POST /session/10ce6bf21e267d5fc72912db2fe1b82f/element - {"using":"xpath","value":"//input[@id=\"application-manageresources-display-component---newResourceUnit--idRuTSAdmin-application-manageresources-display-component---newResourceUnit--RUTimeSegment-0-inner\"]"}
RESULT: {"using":"xpath","value":"//input[@id=\"application-manageresources-display-component---newResourceUnit--idRuTSAdmin-application-manageresources-display-component---newResourceUnit--RUTimeSegment-0-inner\"]"}
COMMAND: POST /session/10ce6bf21e267d5fc72912db2fe1b82f/element/f.BD39AEFEC33B967BC38EA35058F10DD3.d.97090587C3BBC22FDF38DEC8FD2C6B32.e.4027/clear - {}
RESULT: {}
COMMAND: POST /session/10ce6bf21e267d5fc72912db2fe1b82f/element/f.BD39AEFEC33B967BC38EA35058F10DD3.d.97090587C3BBC22FDF38DEC8FD2C6B32.e.4027/value - {"text":"WebdriverYardx1ogv"}
COMMAND: GET /session/10ce6bf21e267d5fc72912db2fe1b82f/screenshot - {}
RESULT: {"text":"WebdriverYardx1ogv"}
COMMAND: GET /session/10ce6bf21e267d5fc72912db2fe1b82f/screenshot - {}
RESULT: {}
RESULT: {}
COMMAND: POST /session/10ce6bf21e267d5fc72912db2fe1b82f/actions - {"actions":[{"id":"action8","type":"key","parameters":{},"actions":[{"type":"keyDown","value":""},{"type":"pause","duration":10},{"type":"keyUp","value":""}]}]}
RESULT: {"actions":[{"id":"action8","type":"key","parameters":{},"actions":[{"type":"keyDown","value":""},{"type":"pause","duration":10},{"type":"keyUp","value":""}]}]}
COMMAND: POST /session/10ce6bf21e267d5fc72912db2fe1b82f/execute/async - {"script":"<script> [1562 bytes]","args":[{"selector":{"controlType":"sap.ui.core.Icon","viewName":"reusables.view.manageresources.NewResourceUnit","viewId":"application-manageresources-display-component---newResourceUnit","properties":{"src":{"regex":{"source":"slim\\-arrow\\-down"}}},"ancestor":{"controlType":"sap.m.ComboBox","viewName":"reusables.view.manageresources.NewResourceUnit","viewId":"application-manageresources-display-component---newResourceUnit","bindingPath":{"path":"/RESOURCE_UNIT_TIME_SEQUENCES/0","propertyPath":"COST_OBJECT_ADMIN_CST_TYPE","modelName":"oNewRruModel"}}},"wdio_ui5_key":"reusablesview.manageresources.NewResourceUnitsap.ui.core.Icon{\"src\":{\"regex\":{\"source\":\"slim\\\\-arrow\\\\-down\"}}}{\"controlType\":\"sap.m.ComboBox\",\"viewName\":\"reusables.view.manageresources.NewResourceUnit\",\"viewId\":\"application-manageresources-display-component---newResourceUnit\",\"bindingPath\":{\"path\":\"/RESOURCE_UNIT_TIME_SEQUENCES/0\",\"propertyPath\":\"COST_OBJECT_ADMIN_CST_TYPE\",\"modelName\":\"oNewRruModel\"}}"}]}
COMMAND: GET /session/10ce6bf21e267d5fc72912db2fe1b82f/screenshot - {}
RESULT: {"script":"<script> [1562 bytes]","args":[{"selector":{"controlType":"sap.ui.core.Icon","viewName":"reusables.view.manageresources.NewResourceUnit","viewId":"application-manageresources-display-component---newResourceUnit","properties":{"src":{"regex":{"source":"slim\\-arrow\\-down"}}},"ancestor":{"controlType":"sap.m.ComboBox","viewName":"reusables.view.manageresources.NewResourceUnit","viewId":"application-manageresources-display-component---newResourceUnit","bindingPath":{"path":"/RESOURCE_UNIT_TIME_SEQUENCES/0","propertyPath":"COST_OBJECT_ADMIN_CST_TYPE","modelName":"oNewRruModel"}}},"wdio_ui5_key":"reusablesview.manageresources.NewResourceUnitsap.ui.core.Icon{\"src\":{\"regex\":{\"source\":\"slim\\\\-arrow\\\\-down\"}}}{\"controlType\":\"sap.m.ComboBox\",\"viewName\":\"reusables.view.manageresources.NewResourceUnit\",\"viewId\":\"application-manageresources-display-component---newResourceUnit\",\"bindingPath\":{\"path\":\"/RESOURCE_UNIT_TIME_SEQUENCES/0\",\"propertyPath\":\"COST_OBJECT_ADMIN_CST_TYPE\",\"modelName\":\"oNewRruModel\"}}"}]}
RESULT: undefined
COMMAND: POST /session/10ce6bf21e267d5fc72912db2fe1b82f/element - {"using":"xpath","value":"//*[@id=\"__box7-application-manageresources-display-component---newResourceUnit--RUTimeSegment-0-arrow\"]"}
RESULT: {}
RESULT: {"using":"xpath","value":"//*[@id=\"__box7-application-manageresources-display-component---newResourceUnit--RUTimeSegment-0-arrow\"]"}
COMMAND: POST /session/10ce6bf21e267d5fc72912db2fe1b82f/element/f.BD39AEFEC33B967BC38EA35058F10DD3.d.97090587C3BBC22FDF38DEC8FD2C6B32.e.4045/click - {}
RESULT: {}
COMMAND: POST /session/10ce6bf21e267d5fc72912db2fe1b82f/execute/async - {"script":"<script> [1562 bytes]","args":[{"selector":{"controlType":"sap.m.StandardListItem","viewName":"reusables.view.manageresources.NewResourceUnit","viewId":"application-manageresources-display-component---newResourceUnit","properties":{"title":"PM Order"},"searchOpenDialogs":true,"interaction":{"idSuffix":"titleText"}},"wdio_ui5_key":"reusablesview.manageresources.NewResourceUnitsap.m.StandardListItem{\"title\":\"PM Order\"}"}]}
COMMAND: GET /session/10ce6bf21e267d5fc72912db2fe1b82f/screenshot - {}
RESULT: {"script":"<script> [1562 bytes]","args":[{"selector":{"controlType":"sap.m.StandardListItem","viewName":"reusables.view.manageresources.NewResourceUnit","viewId":"application-manageresources-display-component---newResourceUnit","properties":{"title":"PM Order"},"searchOpenDialogs":true,"interaction":{"idSuffix":"titleText"}},"wdio_ui5_key":"reusablesview.manageresources.NewResourceUnitsap.m.StandardListItem{\"title\":\"PM Order\"}"}]}
RESULT: undefined
COMMAND: POST /session/10ce6bf21e267d5fc72912db2fe1b82f/element - {"using":"xpath","value":"//*[@id=\"__item1720\"]"}
RESULT: {}
RESULT: {"using":"xpath","value":"//*[@id=\"__item1720\"]"}
COMMAND: POST /session/10ce6bf21e267d5fc72912db2fe1b82f/element/f.BD39AEFEC33B967BC38EA35058F10DD3.d.97090587C3BBC22FDF38DEC8FD2C6B32.e.4049/click - {}
RESULT: {}
COMMAND: POST /session/10ce6bf21e267d5fc72912db2fe1b82f/element - {"using":"xpath","value":"(//input[contains(@id ,\"-application-manageresources-display-component---newResourceUnit--RUTimeSegment-0-inner\")])[8]"}
COMMAND: GET /session/10ce6bf21e267d5fc72912db2fe1b82f/screenshot - {}
RESULT: {"using":"xpath","value":"(//input[contains(@id ,\"-application-manageresources-display-component---newResourceUnit--RUTimeSegment-0-inner\")])[8]"}
COMMAND: POST /session/10ce6bf21e267d5fc72912db2fe1b82f/element/f.BD39AEFEC33B967BC38EA35058F10DD3.d.97090587C3BBC22FDF38DEC8FD2C6B32.e.4033/clear - {}
RESULT: {}
RESULT: {}
COMMAND: POST /session/10ce6bf21e267d5fc72912db2fe1b82f/element/f.BD39AEFEC33B967BC38EA35058F10DD3.d.97090587C3BBC22FDF38DEC8FD2C6B32.e.4033/value - {"text":"4000360"}
COMMAND: GET /session/10ce6bf21e267d5fc72912db2fe1b82f/screenshot - {}
COMMAND: POST /session/10ce6bf21e267d5fc72912db2fe1b82f/element - {"using":"xpath","value":"(//input[contains(@id ,\"-application-manageresources-display-component---newResourceUnit--RUTimeSegment-0-inner\")])[8]"}
RESULT: {}
RESULT: {"using":"xpath","value":"(//input[contains(@id ,\"-application-manageresources-display-component---newResourceUnit--RUTimeSegment-0-inner\")])[8]"}
COMMAND: POST /session/10ce6bf21e267d5fc72912db2fe1b82f/element/f.BD39AEFEC33B967BC38EA35058F10DD3.d.97090587C3BBC22FDF38DEC8FD2C6B32.e.4033/value - {"text":"4000360"}
COMMAND: POST /session/10ce6bf21e267d5fc72912db2fe1b82f/element - {"using":"xpath","value":"(//input[contains(@id ,\"-application-manageresources-display-component---newResourceUnit--RUTimeSegment-0-inner\")])[8]"}
RESULT: {"using":"xpath","value":"(//input[contains(@id ,\"-application-manageresources-display-component---newResourceUnit--RUTimeSegment-0-inner\")])[8]"}
COMMAND: POST /session/10ce6bf21e267d5fc72912db2fe1b82f/element/f.BD39AEFEC33B967BC38EA35058F10DD3.d.97090587C3BBC22FDF38DEC8FD2C6B32.e.4052/value - {"text":"4000360"}
RESULT: {"text":"4000360"}
COMMAND: GET /session/10ce6bf21e267d5fc72912db2fe1b82f/screenshot - {}
COMMAND: POST /session/10ce6bf21e267d5fc72912db2fe1b82f/actions - {"actions":[{"id":"action9","type":"key","parameters":{},"actions":[{"type":"keyDown","value":""},{"type":"pause","duration":10},{"type":"keyUp","value":""}]}]}
RESULT: {}
RESULT: {"actions":[{"id":"action9","type":"key","parameters":{},"actions":[{"type":"keyDown","value":""},{"type":"pause","duration":10},{"type":"keyUp","value":""}]}]}
COMMAND: GET /session/10ce6bf21e267d5fc72912db2fe1b82f/screenshot - {}
RESULT: {}
COMMAND: POST /session/10ce6bf21e267d5fc72912db2fe1b82f/element - {"using":"xpath","value":"//input[contains(@id ,\"application-manageresources-display-component---newResourceUnit--newTimeSegmentFromDatePicker-application-manageresources-display-component---newResourceUnit--RUTimeSegment-0-inner\")]"}
RESULT: {"using":"xpath","value":"//input[contains(@id ,\"application-manageresources-display-component---newResourceUnit--newTimeSegmentFromDatePicker-application-manageresources-display-component---newResourceUnit--RUTimeSegment-0-inner\")]"}
COMMAND: POST /session/10ce6bf21e267d5fc72912db2fe1b82f/element/f.BD39AEFEC33B967BC38EA35058F10DD3.d.97090587C3BBC22FDF38DEC8FD2C6B32.e.4034/clear - {}
RESULT: {}
COMMAND: POST /session/10ce6bf21e267d5fc72912db2fe1b82f/element/f.BD39AEFEC33B967BC38EA35058F10DD3.d.97090587C3BBC22FDF38DEC8FD2C6B32.e.4034/clear - {}
RESULT: {}
COMMAND: POST /session/10ce6bf21e267d5fc72912db2fe1b82f/element/f.BD39AEFEC33B967BC38EA35058F10DD3.d.97090587C3BBC22FDF38DEC8FD2C6B32.e.4034/value - {"text":"05/21/24"}
COMMAND: GET /session/10ce6bf21e267d5fc72912db2fe1b82f/screenshot - {}
COMMAND: GET /session/10ce6bf21e267d5fc72912db2fe1b82f/screenshot - {}
RESULT: {"text":"05/21/24"}
COMMAND: POST /session/10ce6bf21e267d5fc72912db2fe1b82f/execute/async - {"script":"<script> [1562 bytes]","args":[{"selector":{"id":"application-manageresources-display-component---newResourceUnit--newRRUPage-anchBar-application-manageresources-display-component---newResourceUnit--resource-anchor","interaction":{"idSuffix":"BDI-content"}},"wdio_ui5_key":"applicationmanageresources-display-component---newResourceUnit--newRRUPage-anchBar-application-manageresources-display-component---newResourceUnit--resource-anchor"}]}
RESULT: {}
RESULT: {}
COMMAND: GET /session/10ce6bf21e267d5fc72912db2fe1b82f/screenshot - {}
RESULT: {"script":"<script> [1562 bytes]","args":[{"selector":{"id":"application-manageresources-display-component---newResourceUnit--newRRUPage-anchBar-application-manageresources-display-component---newResourceUnit--resource-anchor","interaction":{"idSuffix":"BDI-content"}},"wdio_ui5_key":"applicationmanageresources-display-component---newResourceUnit--newRRUPage-anchBar-application-manageresources-display-component---newResourceUnit--resource-anchor"}]}
RESULT: undefined
COMMAND: POST /session/10ce6bf21e267d5fc72912db2fe1b82f/element - {"using":"xpath","value":"//*[@id=\"application-manageresources-display-component---newResourceUnit--newRRUPage-anchBar-application-manageresources-display-component---newResourceUnit--resource-anchor\"]"}
RESULT: {}
RESULT: {"using":"xpath","value":"//*[@id=\"application-manageresources-display-component---newResourceUnit--newRRUPage-anchBar-application-manageresources-display-component---newResourceUnit--resource-anchor\"]"}
COMMAND: POST /session/10ce6bf21e267d5fc72912db2fe1b82f/element/f.BD39AEFEC33B967BC38EA35058F10DD3.d.97090587C3BBC22FDF38DEC8FD2C6B32.e.4073/click - {}
RESULT: {}
COMMAND: POST /session/10ce6bf21e267d5fc72912db2fe1b82f/execute/async - {"script":"<script> [1562 bytes]","args":[{"selector":{"id":"application-manageresources-display-component---newResourceUnit--PLANNED_DELIVERY_DATE","interaction":{"idSuffix":"inner"}},"wdio_ui5_key":"applicationmanageresources-display-component---newResourceUnit--PLANNED_DELIVERY_DATE"}]}
COMMAND: GET /session/10ce6bf21e267d5fc72912db2fe1b82f/screenshot - {}
RESULT: {"script":"<script> [1562 bytes]","args":[{"selector":{"id":"application-manageresources-display-component---newResourceUnit--PLANNED_DELIVERY_DATE","interaction":{"idSuffix":"inner"}},"wdio_ui5_key":"applicationmanageresources-display-component---newResourceUnit--PLANNED_DELIVERY_DATE"}]}
RESULT: undefined
COMMAND: POST /session/10ce6bf21e267d5fc72912db2fe1b82f/execute/async - {"script":"<script> [6424 bytes]","args":[{"element-6066-11e4-a52e-4f735466cecf":"f.BD39AEFEC33B967BC38EA35058F10DD3.d.97090587C3BBC22FDF38DEC8FD2C6B32.e.3929"},"setValue",["05/21/24"]]}
RESULT: {}
RESULT: {"script":"<script> [6424 bytes]","args":[{"element-6066-11e4-a52e-4f735466cecf":"f.BD39AEFEC33B967BC38EA35058F10DD3.d.97090587C3BBC22FDF38DEC8FD2C6B32.e.3929"},"setValue",["05/21/24"]]}
COMMAND: POST /session/10ce6bf21e267d5fc72912db2fe1b82f/execute/async - {"script":"<script> [1562 bytes]","args":[{"selector":{"id":"application-manageresources-display-component---newResourceUnit--RETIRE_PLANNED_DATE","interaction":{"idSuffix":"inner"}},"wdio_ui5_key":"applicationmanageresources-display-component---newResourceUnit--RETIRE_PLANNED_DATE"}]}
RESULT: {"script":"<script> [1562 bytes]","args":[{"selector":{"id":"application-manageresources-display-component---newResourceUnit--RETIRE_PLANNED_DATE","interaction":{"idSuffix":"inner"}},"wdio_ui5_key":"applicationmanageresources-display-component---newResourceUnit--RETIRE_PLANNED_DATE"}]}
RESULT: undefined
COMMAND: POST /session/10ce6bf21e267d5fc72912db2fe1b82f/execute/async - {"script":"<script> [776 bytes]","args":[{"enterText":"3/14/29","selector":{"id":"application-manageresources-display-component---newResourceUnit--RETIRE_PLANNED_DATE","interaction":{"idSuffix":"inner"}},"clearTextFirst":true,"interactionType":"ENTER_TEXT"}]}
RESULT: {"script":"<script> [776 bytes]","args":[{"enterText":"3/14/29","selector":{"id":"application-manageresources-display-component---newResourceUnit--RETIRE_PLANNED_DATE","interaction":{"idSuffix":"inner"}},"clearTextFirst":true,"interactionType":"ENTER_TEXT"}]}
COMMAND: POST /session/10ce6bf21e267d5fc72912db2fe1b82f/execute/async - {"script":"<script> [1562 bytes]","args":[{"selector":{"controlType":"sap.m.Button","viewName":"reusables.view.manageresources.NewResourceUnit","viewId":"application-manageresources-display-component---newResourceUnit","i18NText":{"propertyName":"tooltip","key":"save"},"interaction":{"idSuffix":"BDI-content"}},"wdio_ui5_key":"reusablesview.manageresources.NewResourceUnitsap.m.Button{\"propertyName\":\"tooltip\",\"key\":\"save\"}"}]}
RESULT: {"script":"<script> [1562 bytes]","args":[{"selector":{"controlType":"sap.m.Button","viewName":"reusables.view.manageresources.NewResourceUnit","viewId":"application-manageresources-display-component---newResourceUnit","i18NText":{"propertyName":"tooltip","key":"save"},"interaction":{"idSuffix":"BDI-content"}},"wdio_ui5_key":"reusablesview.manageresources.NewResourceUnitsap.m.Button{\"propertyName\":\"tooltip\",\"key\":\"save\"}"}]}
RESULT: undefined
COMMAND: POST /session/10ce6bf21e267d5fc72912db2fe1b82f/element - {"using":"xpath","value":"//*[@id=\"application-manageresources-display-component---newResourceUnit--createRuButton\"]"}
RESULT: {"using":"xpath","value":"//*[@id=\"application-manageresources-display-component---newResourceUnit--createRuButton\"]"}
COMMAND: POST /session/10ce6bf21e267d5fc72912db2fe1b82f/element/f.BD39AEFEC33B967BC38EA35058F10DD3.d.97090587C3BBC22FDF38DEC8FD2C6B32.e.3889/click - {}
RESULT: {}
COMMAND: GET /session/10ce6bf21e267d5fc72912db2fe1b82f/screenshot - {}
RESULT: {}
COMMAND: POST /session/10ce6bf21e267d5fc72912db2fe1b82f/execute/async - {"script":"<script> [1562 bytes]","args":[{"selector":{"controlType":"sap.m.Button","properties":{"text":"Close"},"searchOpenDialogs":true,"interaction":{"idSuffix":"inner"}},"wdio_ui5_key":"sapm.Button{\"text\":\"Close\"}"}]}
RESULT: {"script":"<script> [1562 bytes]","args":[{"selector":{"controlType":"sap.m.Button","properties":{"text":"Close"},"searchOpenDialogs":true,"interaction":{"idSuffix":"inner"}},"wdio_ui5_key":"sapm.Button{\"text\":\"Close\"}"}]}
RESULT: undefined
COMMAND: POST /session/10ce6bf21e267d5fc72912db2fe1b82f/element - {"using":"xpath","value":"//*[@id=\"__mbox-btn-0\"]"}
RESULT: {"using":"xpath","value":"//*[@id=\"__mbox-btn-0\"]"}
COMMAND: POST /session/10ce6bf21e267d5fc72912db2fe1b82f/element/f.BD39AEFEC33B967BC38EA35058F10DD3.d.97090587C3BBC22FDF38DEC8FD2C6B32.e.4081/click - {}
RESULT: {}
COMMAND: GET /session/10ce6bf21e267d5fc72912db2fe1b82f/screenshot - {}
RESULT: {}
COMMAND: POST /session/10ce6bf21e267d5fc72912db2fe1b82f/execute/async - {"script":"<script> [1562 bytes]","args":[{"selector":{"controlType":"sap.m.Text","viewName":"etm.portal.ui.manageresources.view.Detail","viewId":"application-manageresources-display-component---detailRU","bindingPath":{"propertyPath":"ID","modelName":"catalogModel"}},"wdio_ui5_key":"etmportal.ui.manageresources.view.Detailsap.m.Text{\"propertyPath\":\"ID\",\"modelName\":\"catalogModel\"}"}]}
RESULT: {"script":"<script> [1562 bytes]","args":[{"selector":{"controlType":"sap.m.Text","viewName":"etm.portal.ui.manageresources.view.Detail","viewId":"application-manageresources-display-component---detailRU","bindingPath":{"propertyPath":"ID","modelName":"catalogModel"}},"wdio_ui5_key":"etmportal.ui.manageresources.view.Detailsap.m.Text{\"propertyPath\":\"ID\",\"modelName\":\"catalogModel\"}"}]}
RESULT: undefined
COMMAND: POST /session/10ce6bf21e267d5fc72912db2fe1b82f/execute/async - {"script":"<script> [6424 bytes]","args":[{"element-6066-11e4-a52e-4f735466cecf":"f.BD39AEFEC33B967BC38EA35058F10DD3.d.97090587C3BBC22FDF38DEC8FD2C6B32.e.4140"},"getText",[]]}
RESULT: {"script":"<script> [6424 bytes]","args":[{"element-6066-11e4-a52e-4f735466cecf":"f.BD39AEFEC33B967BC38EA35058F10DD3.d.97090587C3BBC22FDF38DEC8FD2C6B32.e.4140"},"getText",[]]}
COMMAND: POST /session/10ce6bf21e267d5fc72912db2fe1b82f/element - {"using":"css selector","value":"#shell-header-logo"}
RESULT: {"using":"css selector","value":"#shell-header-logo"}
COMMAND: POST /session/10ce6bf21e267d5fc72912db2fe1b82f/element/f.BD39AEFEC33B967BC38EA35058F10DD3.d.97090587C3BBC22FDF38DEC8FD2C6B32.e.3522/click - {}
RESULT: {}
COMMAND: GET /session/10ce6bf21e267d5fc72912db2fe1b82f/screenshot - {}
RESULT: {}
COMMAND: POST /session/10ce6bf21e267d5fc72912db2fe1b82f/execute/async - {"script":"<script> [1562 bytes]","args":[{"selector":{"controlType":"sap.m.GenericTile","properties":{"header":"Manage Catalogs"}},"wdio_ui5_key":"sapm.GenericTile{\"header\":\"Manage Catalogs\"}"}]}
RESULT: {"script":"<script> [1562 bytes]","args":[{"selector":{"controlType":"sap.m.GenericTile","properties":{"header":"Manage Catalogs"}},"wdio_ui5_key":"sapm.GenericTile{\"header\":\"Manage Catalogs\"}"}]}
RESULT: undefined
COMMAND: POST /session/10ce6bf21e267d5fc72912db2fe1b82f/element - {"using":"xpath","value":"//*[@id=\"__tile37\"]"}
RESULT: {"using":"xpath","value":"//*[@id=\"__tile37\"]"}
COMMAND: POST /session/10ce6bf21e267d5fc72912db2fe1b82f/element/f.BD39AEFEC33B967BC38EA35058F10DD3.d.97090587C3BBC22FDF38DEC8FD2C6B32.e.4142/click - {}
RESULT: {}
COMMAND: GET /session/10ce6bf21e267d5fc72912db2fe1b82f/screenshot - {}
RESULT: {}
COMMAND: POST /session/10ce6bf21e267d5fc72912db2fe1b82f/execute/async - {"script":"<script> [1562 bytes]","args":[{"selector":{"controlType":"sap.m.Text","viewName":"etm.portal.ui.managecatalogs.view.MasterCatalogs","viewId":"application-managecatalogs-display-component---masterCatalogs","bindingPath":{"path":"/Catalogs('0D7502D073D53A0F1700BE067B89AFF9')","propertyPath":"DESCRIPTION","modelName":"catalogModel"}},"wdio_ui5_key":"etmportal.ui.managecatalogs.view.MasterCatalogssap.m.Text{\"path\":\"/Catalogs('0D7502D073D53A0F1700BE067B89AFF9')\",\"propertyPath\":\"DESCRIPTION\",\"modelName\":\"catalogModel\"}"}]}
RESULT: {"script":"<script> [1562 bytes]","args":[{"selector":{"controlType":"sap.m.Text","viewName":"etm.portal.ui.managecatalogs.view.MasterCatalogs","viewId":"application-managecatalogs-display-component---masterCatalogs","bindingPath":{"path":"/Catalogs('0D7502D073D53A0F1700BE067B89AFF9')","propertyPath":"DESCRIPTION","modelName":"catalogModel"}},"wdio_ui5_key":"etmportal.ui.managecatalogs.view.MasterCatalogssap.m.Text{\"path\":\"/Catalogs('0D7502D073D53A0F1700BE067B89AFF9')\",\"propertyPath\":\"DESCRIPTION\",\"modelName\":\"catalogModel\"}"}]}
RESULT: undefined
COMMAND: POST /session/10ce6bf21e267d5fc72912db2fe1b82f/element - {"using":"xpath","value":"//*[@id=\"__text940-application-managecatalogs-display-component---masterCatalogs--CatalogsTable-11\"]"}
RESULT: {"using":"xpath","value":"//*[@id=\"__text940-application-managecatalogs-display-component---masterCatalogs--CatalogsTable-11\"]"}
COMMAND: POST /session/10ce6bf21e267d5fc72912db2fe1b82f/element/f.BD39AEFEC33B967BC38EA35058F10DD3.d.97090587C3BBC22FDF38DEC8FD2C6B32.e.4212/click - {}
RESULT: {}
COMMAND: POST /session/10ce6bf21e267d5fc72912db2fe1b82f/execute/async - {"script":"<script> [1562 bytes]","args":[{"selector":{"controlType":"sap.ui.layout.HorizontalLayout","viewName":"etm.portal.ui.managecatalogs.view.MasterItems","viewId":"application-managecatalogs-display-component---masterCatalogItems","ancestor":{"id":"application-managecatalogs-display-component---masterCatalogItems--idCatalogItemsTree-rows-row0"}},"wdio_ui5_key":"etmportal.ui.managecatalogs.view.MasterItemssap.ui.layout.HorizontalLayout{\"id\":\"application-managecatalogs-display-component---masterCatalogItems--idCatalogItemsTree-rows-row0\"}"}]}
COMMAND: GET /session/10ce6bf21e267d5fc72912db2fe1b82f/screenshot - {}
RESULT: {"script":"<script> [1562 bytes]","args":[{"selector":{"controlType":"sap.ui.layout.HorizontalLayout","viewName":"etm.portal.ui.managecatalogs.view.MasterItems","viewId":"application-managecatalogs-display-component---masterCatalogItems","ancestor":{"id":"application-managecatalogs-display-component---masterCatalogItems--idCatalogItemsTree-rows-row0"}},"wdio_ui5_key":"etmportal.ui.managecatalogs.view.MasterItemssap.ui.layout.HorizontalLayout{\"id\":\"application-managecatalogs-display-component---masterCatalogItems--idCatalogItemsTree-rows-row0\"}"}]}
RESULT: undefined
COMMAND: POST /session/10ce6bf21e267d5fc72912db2fe1b82f/element - {"using":"xpath","value":"//*[@id=\"__layout280-__clone5063\"]"}
RESULT: {}
RESULT: {"using":"xpath","value":"//*[@id=\"__layout280-__clone5063\"]"}
COMMAND: POST /session/10ce6bf21e267d5fc72912db2fe1b82f/element/f.BD39AEFEC33B967BC38EA35058F10DD3.d.97090587C3BBC22FDF38DEC8FD2C6B32.e.4247/click - {}
RESULT: {}
COMMAND: GET /session/10ce6bf21e267d5fc72912db2fe1b82f/screenshot - {}
COMMAND: POST /session/10ce6bf21e267d5fc72912db2fe1b82f/execute/async - {"script":"<script> [1562 bytes]","args":[{"selector":{"controlType":"sap.m.Button","viewName":"etm.portal.ui.managecatalogs.view.Detail","viewId":"application-managecatalogs-display-component---detailCatalog","i18NText":{"propertyName":"text","key":"edit"},"interaction":{"idSuffix":"BDI-content"}},"wdio_ui5_key":"etmportal.ui.managecatalogs.view.Detailsap.m.Button{\"propertyName\":\"text\",\"key\":\"edit\"}"}]}
RESULT: {}
RESULT: {"script":"<script> [1562 bytes]","args":[{"selector":{"controlType":"sap.m.Button","viewName":"etm.portal.ui.managecatalogs.view.Detail","viewId":"application-managecatalogs-display-component---detailCatalog","i18NText":{"propertyName":"text","key":"edit"},"interaction":{"idSuffix":"BDI-content"}},"wdio_ui5_key":"etmportal.ui.managecatalogs.view.Detailsap.m.Button{\"propertyName\":\"text\",\"key\":\"edit\"}"}]}
RESULT: undefined
COMMAND: POST /session/10ce6bf21e267d5fc72912db2fe1b82f/element - {"using":"xpath","value":"//*[@id=\"__button122\"]"}
RESULT: {"using":"xpath","value":"//*[@id=\"__button122\"]"}
COMMAND: POST /session/10ce6bf21e267d5fc72912db2fe1b82f/element/f.BD39AEFEC33B967BC38EA35058F10DD3.d.97090587C3BBC22FDF38DEC8FD2C6B32.e.4352/click - {}
RESULT: {}
COMMAND: GET /session/10ce6bf21e267d5fc72912db2fe1b82f/screenshot - {}
RESULT: {}
COMMAND: POST /session/10ce6bf21e267d5fc72912db2fe1b82f/element - {"using":"xpath","value":"//bdi[contains(text(), \"Unlock\")]"}
RESULT: {"using":"xpath","value":"//bdi[contains(text(), \"Unlock\")]"}
COMMAND: POST /session/10ce6bf21e267d5fc72912db2fe1b82f/elements - {"using":"xpath","value":"//bdi[contains(text(), \"Unlock\")]"}
RESULT: {"using":"xpath","value":"//bdi[contains(text(), \"Unlock\")]"}
COMMAND: POST /session/10ce6bf21e267d5fc72912db2fe1b82f/execute/async - {"script":"<script> [1562 bytes]","args":[{"selector":{"controlType":"sap.ui.core.Icon","viewName":"etm.portal.ui.managecatalogs.view.Detail","viewId":"application-managecatalogs-display-component---detailCatalog","properties":{"src":{"regex":{"source":"add\\-folder"}}}},"wdio_ui5_key":"etmportal.ui.managecatalogs.view.Detailsap.ui.core.Icon{\"src\":{\"regex\":{\"source\":\"add\\\\-folder\"}}}"}]}
RESULT: {"script":"<script> [1562 bytes]","args":[{"selector":{"controlType":"sap.ui.core.Icon","viewName":"etm.portal.ui.managecatalogs.view.Detail","viewId":"application-managecatalogs-display-component---detailCatalog","properties":{"src":{"regex":{"source":"add\\-folder"}}}},"wdio_ui5_key":"etmportal.ui.managecatalogs.view.Detailsap.ui.core.Icon{\"src\":{\"regex\":{\"source\":\"add\\\\-folder\"}}}"}]}
RESULT: undefined
COMMAND: POST /session/10ce6bf21e267d5fc72912db2fe1b82f/element - {"using":"xpath","value":"//*[@id=\"__button130-img\"]"}
RESULT: {"using":"xpath","value":"//*[@id=\"__button130-img\"]"}
COMMAND: POST /session/10ce6bf21e267d5fc72912db2fe1b82f/element/f.BD39AEFEC33B967BC38EA35058F10DD3.d.97090587C3BBC22FDF38DEC8FD2C6B32.e.4366/click - {}
RESULT: {}
COMMAND: GET /session/10ce6bf21e267d5fc72912db2fe1b82f/screenshot - {}
RESULT: {}
COMMAND: POST /session/10ce6bf21e267d5fc72912db2fe1b82f/execute/async - {"script":"<script> [1562 bytes]","args":[{"selector":{"id":"application-managecatalogs-display-component---detailCatalog--numberInput","searchOpenDialogs":true,"interaction":{"idSuffix":"inner"}},"wdio_ui5_key":"applicationmanagecatalogs-display-component---detailCatalog--numberInput"}]}
RESULT: {"script":"<script> [1562 bytes]","args":[{"selector":{"id":"application-managecatalogs-display-component---detailCatalog--numberInput","searchOpenDialogs":true,"interaction":{"idSuffix":"inner"}},"wdio_ui5_key":"applicationmanagecatalogs-display-component---detailCatalog--numberInput"}]}
RESULT: undefined
COMMAND: POST /session/10ce6bf21e267d5fc72912db2fe1b82f/execute/async - {"script":"<script> [776 bytes]","args":[{"enterText":"Sectionpap65","selector":{"id":"application-managecatalogs-display-component---detailCatalog--numberInput","searchOpenDialogs":true,"interaction":{"idSuffix":"inner"}},"clearTextFirst":true,"interactionType":"ENTER_TEXT"}]}
RESULT: {"script":"<script> [776 bytes]","args":[{"enterText":"Sectionpap65","selector":{"id":"application-managecatalogs-display-component---detailCatalog--numberInput","searchOpenDialogs":true,"interaction":{"idSuffix":"inner"}},"clearTextFirst":true,"interactionType":"ENTER_TEXT"}]}
COMMAND: POST /session/10ce6bf21e267d5fc72912db2fe1b82f/element - {"using":"css selector","value":"#application-managecatalogs-display-component---detailCatalog--nameInput-inner"}
RESULT: {"using":"css selector","value":"#application-managecatalogs-display-component---detailCatalog--nameInput-inner"}
COMMAND: POST /session/10ce6bf21e267d5fc72912db2fe1b82f/elements - {"using":"css selector","value":"#application-managecatalogs-display-component---detailCatalog--nameInput-inner"}
RESULT: {"using":"css selector","value":"#application-managecatalogs-display-component---detailCatalog--nameInput-inner"}
COMMAND: POST /session/10ce6bf21e267d5fc72912db2fe1b82f/element/f.BD39AEFEC33B967BC38EA35058F10DD3.d.97090587C3BBC22FDF38DEC8FD2C6B32.e.4370/clear - {}
RESULT: {}
COMMAND: POST /session/10ce6bf21e267d5fc72912db2fe1b82f/element/f.BD39AEFEC33B967BC38EA35058F10DD3.d.97090587C3BBC22FDF38DEC8FD2C6B32.e.4370/value - {"text":"Webdriverb1iej"}
COMMAND: GET /session/10ce6bf21e267d5fc72912db2fe1b82f/screenshot - {}
RESULT: {"text":"Webdriverb1iej"}
COMMAND: POST /session/10ce6bf21e267d5fc72912db2fe1b82f/execute/async - {"script":"<script> [1562 bytes]","args":[{"selector":{"controlType":"sap.m.Button","viewName":"etm.portal.ui.managecatalogs.view.Detail","viewId":"application-managecatalogs-display-component---detailCatalog","i18NText":{"propertyName":"text","key":"create"},"searchOpenDialogs":true,"interaction":{"idSuffix":"BDI-content"}},"wdio_ui5_key":"etmportal.ui.managecatalogs.view.Detailsap.m.Button{\"propertyName\":\"text\",\"key\":\"create\"}"}]}
COMMAND: GET /session/10ce6bf21e267d5fc72912db2fe1b82f/screenshot - {}
RESULT: {}
RESULT: {"script":"<script> [1562 bytes]","args":[{"selector":{"controlType":"sap.m.Button","viewName":"etm.portal.ui.managecatalogs.view.Detail","viewId":"application-managecatalogs-display-component---detailCatalog","i18NText":{"propertyName":"text","key":"create"},"searchOpenDialogs":true,"interaction":{"idSuffix":"BDI-content"}},"wdio_ui5_key":"etmportal.ui.managecatalogs.view.Detailsap.m.Button{\"propertyName\":\"text\",\"key\":\"create\"}"}]}
RESULT: undefined
COMMAND: POST /session/10ce6bf21e267d5fc72912db2fe1b82f/element - {"using":"xpath","value":"//*[@id=\"__button100\"]"}
RESULT: {}
RESULT: {"using":"xpath","value":"//*[@id=\"__button100\"]"}
COMMAND: POST /session/10ce6bf21e267d5fc72912db2fe1b82f/element/f.BD39AEFEC33B967BC38EA35058F10DD3.d.97090587C3BBC22FDF38DEC8FD2C6B32.e.4375/click - {}
RESULT: {}
COMMAND: GET /session/10ce6bf21e267d5fc72912db2fe1b82f/screenshot - {}
RESULT: {}
COMMAND: POST /session/10ce6bf21e267d5fc72912db2fe1b82f/element - {"using":"xpath","value":"//button[@title=\"Save\"]"}
RESULT: {"using":"xpath","value":"//button[@title=\"Save\"]"}
COMMAND: POST /session/10ce6bf21e267d5fc72912db2fe1b82f/element/f.BD39AEFEC33B967BC38EA35058F10DD3.d.97090587C3BBC22FDF38DEC8FD2C6B32.e.4376/click - {}
RESULT: {}
COMMAND: POST /session/10ce6bf21e267d5fc72912db2fe1b82f/execute/async - {"script":"<script> [1562 bytes]","args":[{"selector":{"controlType":"sap.ui.core.Icon","viewName":"etm.portal.ui.managecatalogs.view.Detail","viewId":"application-managecatalogs-display-component---detailCatalog","properties":{"src":{"regex":{"source":"decline"}}}},"wdio_ui5_key":"etmportal.ui.managecatalogs.view.Detailsap.ui.core.Icon{\"src\":{\"regex\":{\"source\":\"decline\"}}}"}]}
COMMAND: GET /session/10ce6bf21e267d5fc72912db2fe1b82f/screenshot - {}
RESULT: {"script":"<script> [1562 bytes]","args":[{"selector":{"controlType":"sap.ui.core.Icon","viewName":"etm.portal.ui.managecatalogs.view.Detail","viewId":"application-managecatalogs-display-component---detailCatalog","properties":{"src":{"regex":{"source":"decline"}}}},"wdio_ui5_key":"etmportal.ui.managecatalogs.view.Detailsap.ui.core.Icon{\"src\":{\"regex\":{\"source\":\"decline\"}}}"}]}
RESULT: undefined
COMMAND: POST /session/10ce6bf21e267d5fc72912db2fe1b82f/element - {"using":"xpath","value":"//*[@id=\"__button125-img\"]"}
RESULT: {}
RESULT: {"using":"xpath","value":"//*[@id=\"__button125-img\"]"}
COMMAND: POST /session/10ce6bf21e267d5fc72912db2fe1b82f/element/f.BD39AEFEC33B967BC38EA35058F10DD3.d.97090587C3BBC22FDF38DEC8FD2C6B32.e.4392/click - {}
RESULT: {}
COMMAND: GET /session/10ce6bf21e267d5fc72912db2fe1b82f/screenshot - {}
RESULT: {}
COMMAND: POST /session/10ce6bf21e267d5fc72912db2fe1b82f/execute/async - {"script":"<script> [1562 bytes]","args":[{"selector":{"controlType":"sap.ui.core.Icon","viewName":"etm.portal.ui.managecatalogs.view.MasterItems","viewId":"application-managecatalogs-display-component---masterCatalogItems","properties":{"src":{"regex":{"source":"refresh"}}}},"wdio_ui5_key":"etmportal.ui.managecatalogs.view.MasterItemssap.ui.core.Icon{\"src\":{\"regex\":{\"source\":\"refresh\"}}}"}]}
RESULT: {"script":"<script> [1562 bytes]","args":[{"selector":{"controlType":"sap.ui.core.Icon","viewName":"etm.portal.ui.managecatalogs.view.MasterItems","viewId":"application-managecatalogs-display-component---masterCatalogItems","properties":{"src":{"regex":{"source":"refresh"}}}},"wdio_ui5_key":"etmportal.ui.managecatalogs.view.MasterItemssap.ui.core.Icon{\"src\":{\"regex\":{\"source\":\"refresh\"}}}"}]}
RESULT: undefined
COMMAND: POST /session/10ce6bf21e267d5fc72912db2fe1b82f/element - {"using":"xpath","value":"//*[@id=\"__button98-img\"]"}
RESULT: {"using":"xpath","value":"//*[@id=\"__button98-img\"]"}
COMMAND: POST /session/10ce6bf21e267d5fc72912db2fe1b82f/element/f.BD39AEFEC33B967BC38EA35058F10DD3.d.97090587C3BBC22FDF38DEC8FD2C6B32.e.4428/click - {}
RESULT: {}
COMMAND: POST /session/10ce6bf21e267d5fc72912db2fe1b82f/execute/async - {"script":"<script> [1562 bytes]","args":[{"selector":{"id":"application-managecatalogs-display-component---masterCatalogItems--searchItemsField","interaction":{"idSuffix":"I"}},"wdio_ui5_key":"applicationmanagecatalogs-display-component---masterCatalogItems--searchItemsField"}]}
COMMAND: GET /session/10ce6bf21e267d5fc72912db2fe1b82f/screenshot - {}
RESULT: {"script":"<script> [1562 bytes]","args":[{"selector":{"id":"application-managecatalogs-display-component---masterCatalogItems--searchItemsField","interaction":{"idSuffix":"I"}},"wdio_ui5_key":"applicationmanagecatalogs-display-component---masterCatalogItems--searchItemsField"}]}
RESULT: undefined
COMMAND: POST /session/10ce6bf21e267d5fc72912db2fe1b82f/execute/async - {"script":"<script> [776 bytes]","args":[{"enterText":"Webdriverb1iej","selector":{"id":"application-managecatalogs-display-component---masterCatalogItems--searchItemsField","interaction":{"idSuffix":"I"}},"clearTextFirst":true,"interactionType":"ENTER_TEXT"}]}
RESULT: {}
RESULT: {"script":"<script> [776 bytes]","args":[{"enterText":"Webdriverb1iej","selector":{"id":"application-managecatalogs-display-component---masterCatalogItems--searchItemsField","interaction":{"idSuffix":"I"}},"clearTextFirst":true,"interactionType":"ENTER_TEXT"}]}
COMMAND: POST /session/10ce6bf21e267d5fc72912db2fe1b82f/actions - {"actions":[{"id":"action10","type":"key","parameters":{},"actions":[{"type":"keyDown","value":""},{"type":"pause","duration":10},{"type":"keyUp","value":""}]}]}
RESULT: {"actions":[{"id":"action10","type":"key","parameters":{},"actions":[{"type":"keyDown","value":""},{"type":"pause","duration":10},{"type":"keyUp","value":""}]}]}
COMMAND: POST /session/10ce6bf21e267d5fc72912db2fe1b82f/element - {"using":"xpath","value":"(//span[contains(text(), \"Webdriverb1iej\")])[1]"}
COMMAND: GET /session/10ce6bf21e267d5fc72912db2fe1b82f/screenshot - {}
RESULT: {"using":"xpath","value":"(//span[contains(text(), \"Webdriverb1iej\")])[1]"}
COMMAND: POST /session/10ce6bf21e267d5fc72912db2fe1b82f/element/f.BD39AEFEC33B967BC38EA35058F10DD3.d.97090587C3BBC22FDF38DEC8FD2C6B32.e.4431/click - {}
RESULT: {}
RESULT: {}
COMMAND: GET /session/10ce6bf21e267d5fc72912db2fe1b82f/screenshot - {}
RESULT: {}
RESULT: undefined
COMMAND: POST /session/10ce6bf21e267d5fc72912db2fe1b82f/element - {"using":"xpath","value":"//*[@id=\"__button122\"]"}
RESULT: {"using":"xpath","value":"//*[@id=\"__button122\"]"}
COMMAND: POST /session/10ce6bf21e267d5fc72912db2fe1b82f/element/f.BD39AEFEC33B967BC38EA35058F10DD3.d.97090587C3BBC22FDF38DEC8FD2C6B32.e.4468/click - {}
RESULT: {}
COMMAND: GET /session/10ce6bf21e267d5fc72912db2fe1b82f/screenshot - {}
RESULT: {}
RESULT: undefined
COMMAND: POST /session/10ce6bf21e267d5fc72912db2fe1b82f/element - {"using":"xpath","value":"//*[@id=\"__button130-img\"]"}
RESULT: {"using":"xpath","value":"//*[@id=\"__button130-img\"]"}
COMMAND: POST /session/10ce6bf21e267d5fc72912db2fe1b82f/element/f.BD39AEFEC33B967BC38EA35058F10DD3.d.97090587C3BBC22FDF38DEC8FD2C6B32.e.4519/click - {}
RESULT: {}
COMMAND: GET /session/10ce6bf21e267d5fc72912db2fe1b82f/screenshot - {}
RESULT: {}
RESULT: undefined
COMMAND: POST /session/10ce6bf21e267d5fc72912db2fe1b82f/execute/async - {"script":"<script> [776 bytes]","args":[{"enterText":"SecondSectionb6lo2","selector":{"id":"application-managecatalogs-display-component---detailCatalog--numberInput","searchOpenDialogs":true,"interaction":{"idSuffix":"inner"}},"clearTextFirst":true,"interactionType":"ENTER_TEXT"}]}
RESULT: {"script":"<script> [776 bytes]","args":[{"enterText":"SecondSectionb6lo2","selector":{"id":"application-managecatalogs-display-component---detailCatalog--numberInput","searchOpenDialogs":true,"interaction":{"idSuffix":"inner"}},"clearTextFirst":true,"interactionType":"ENTER_TEXT"}]}
COMMAND: POST /session/10ce6bf21e267d5fc72912db2fe1b82f/element - {"using":"xpath","value":"//input[contains(@id ,\"application-managecatalogs-display-component---detailCatalog--nameInput-inner\")]"}
RESULT: {"using":"xpath","value":"//input[contains(@id ,\"application-managecatalogs-display-component---detailCatalog--nameInput-inner\")]"}
COMMAND: POST /session/10ce6bf21e267d5fc72912db2fe1b82f/elements - {"using":"xpath","value":"//input[contains(@id ,\"application-managecatalogs-display-component---detailCatalog--nameInput-inner\")]"}
RESULT: {"using":"xpath","value":"//input[contains(@id ,\"application-managecatalogs-display-component---detailCatalog--nameInput-inner\")]"}
COMMAND: POST /session/10ce6bf21e267d5fc72912db2fe1b82f/element/f.BD39AEFEC33B967BC38EA35058F10DD3.d.97090587C3BBC22FDF38DEC8FD2C6B32.e.4523/clear - {}
RESULT: {}
COMMAND: POST /session/10ce6bf21e267d5fc72912db2fe1b82f/element/f.BD39AEFEC33B967BC38EA35058F10DD3.d.97090587C3BBC22FDF38DEC8FD2C6B32.e.4523/value - {"text":"webdriversecondyqgzc"}
COMMAND: GET /session/10ce6bf21e267d5fc72912db2fe1b82f/screenshot - {}
RESULT: {"text":"webdriversecondyqgzc"}
RESULT: undefined
COMMAND: POST /session/10ce6bf21e267d5fc72912db2fe1b82f/element - {"using":"xpath","value":"//*[@id=\"__button100\"]"}
COMMAND: GET /session/10ce6bf21e267d5fc72912db2fe1b82f/screenshot - {}
RESULT: {}
RESULT: {"using":"xpath","value":"//*[@id=\"__button100\"]"}
COMMAND: POST /session/10ce6bf21e267d5fc72912db2fe1b82f/element/f.BD39AEFEC33B967BC38EA35058F10DD3.d.97090587C3BBC22FDF38DEC8FD2C6B32.e.4527/click - {}
RESULT: {}
RESULT: {}
COMMAND: GET /session/10ce6bf21e267d5fc72912db2fe1b82f/screenshot - {}
RESULT: {}
COMMAND: POST /session/10ce6bf21e267d5fc72912db2fe1b82f/element - {"using":"xpath","value":"//button[@title=\"Save\"]"}
RESULT: {"using":"xpath","value":"//button[@title=\"Save\"]"}
COMMAND: POST /session/10ce6bf21e267d5fc72912db2fe1b82f/element/f.BD39AEFEC33B967BC38EA35058F10DD3.d.97090587C3BBC22FDF38DEC8FD2C6B32.e.4504/click - {}
RESULT: {}
COMMAND: GET /session/10ce6bf21e267d5fc72912db2fe1b82f/screenshot - {}
RESULT: {}
RESULT: undefined
COMMAND: POST /session/10ce6bf21e267d5fc72912db2fe1b82f/element - {"using":"xpath","value":"//*[@id=\"__button125-img\"]"}
RESULT: {"using":"xpath","value":"//*[@id=\"__button125-img\"]"}
COMMAND: POST /session/10ce6bf21e267d5fc72912db2fe1b82f/element/f.BD39AEFEC33B967BC38EA35058F10DD3.d.97090587C3BBC22FDF38DEC8FD2C6B32.e.4475/click - {}
RESULT: {}
COMMAND: GET /session/10ce6bf21e267d5fc72912db2fe1b82f/screenshot - {}
RESULT: {}
RESULT: undefined
COMMAND: POST /session/10ce6bf21e267d5fc72912db2fe1b82f/element - {"using":"xpath","value":"//*[@id=\"__button98-img\"]"}
RESULT: {"using":"xpath","value":"//*[@id=\"__button98-img\"]"}
COMMAND: POST /session/10ce6bf21e267d5fc72912db2fe1b82f/element/f.BD39AEFEC33B967BC38EA35058F10DD3.d.97090587C3BBC22FDF38DEC8FD2C6B32.e.4564/click - {}
RESULT: {}
COMMAND: GET /session/10ce6bf21e267d5fc72912db2fe1b82f/screenshot - {}
RESULT: {}
RESULT: undefined
COMMAND: POST /session/10ce6bf21e267d5fc72912db2fe1b82f/execute/async - {"script":"<script> [776 bytes]","args":[{"enterText":"SecondSectionb6lo2","selector":{"id":"application-managecatalogs-display-component---masterCatalogItems--searchItemsField","interaction":{"idSuffix":"I"}},"clearTextFirst":true,"interactionType":"ENTER_TEXT"}]}
RESULT: {"script":"<script> [776 bytes]","args":[{"enterText":"SecondSectionb6lo2","selector":{"id":"application-managecatalogs-display-component---masterCatalogItems--searchItemsField","interaction":{"idSuffix":"I"}},"clearTextFirst":true,"interactionType":"ENTER_TEXT"}]}
COMMAND: POST /session/10ce6bf21e267d5fc72912db2fe1b82f/actions - {"actions":[{"id":"action11","type":"key","parameters":{},"actions":[{"type":"keyDown","value":""},{"type":"pause","duration":10},{"type":"keyUp","value":""}]}]}
RESULT: {"actions":[{"id":"action11","type":"key","parameters":{},"actions":[{"type":"keyDown","value":""},{"type":"pause","duration":10},{"type":"keyUp","value":""}]}]}
COMMAND: POST /session/10ce6bf21e267d5fc72912db2fe1b82f/element - {"using":"xpath","value":"(//span[contains(text(), \"SecondSectionb6lo2\")])[1]"}
COMMAND: GET /session/10ce6bf21e267d5fc72912db2fe1b82f/screenshot - {}
RESULT: {"using":"xpath","value":"(//span[contains(text(), \"SecondSectionb6lo2\")])[1]"}
COMMAND: POST /session/10ce6bf21e267d5fc72912db2fe1b82f/element/f.BD39AEFEC33B967BC38EA35058F10DD3.d.97090587C3BBC22FDF38DEC8FD2C6B32.e.4567/click - {}
RESULT: {}
RESULT: {}
COMMAND: POST /session/10ce6bf21e267d5fc72912db2fe1b82f/element - {"using":"xpath","value":"(//span[contains(text(), \"SecondSectionb6lo2\")])[1]"}
COMMAND: GET /session/10ce6bf21e267d5fc72912db2fe1b82f/screenshot - {}
RESULT: {"using":"xpath","value":"(//span[contains(text(), \"SecondSectionb6lo2\")])[1]"}
COMMAND: GET /session/10ce6bf21e267d5fc72912db2fe1b82f/element/f.BD39AEFEC33B967BC38EA35058F10DD3.d.97090587C3BBC22FDF38DEC8FD2C6B32.e.4567/text - {}
RESULT: {}
COMMAND: POST /session/10ce6bf21e267d5fc72912db2fe1b82f/element - {"using":"xpath","value":"(//span[contains(text(), \"SecondSectionb6lo2\")])[1]"}
RESULT: {"using":"xpath","value":"(//span[contains(text(), \"SecondSectionb6lo2\")])[1]"}
COMMAND: GET /session/10ce6bf21e267d5fc72912db2fe1b82f/element/f.BD39AEFEC33B967BC38EA35058F10DD3.d.97090587C3BBC22FDF38DEC8FD2C6B32.e.4567/text - {}
COMMAND: POST /session/10ce6bf21e267d5fc72912db2fe1b82f/element - {"using":"xpath","value":"(//span[contains(text(), \"SecondSectionb6lo2\")])[1]"}
RESULT: {"using":"xpath","value":"(//span[contains(text(), \"SecondSectionb6lo2\")])[1]"}
COMMAND: GET /session/10ce6bf21e267d5fc72912db2fe1b82f/element/f.BD39AEFEC33B967BC38EA35058F10DD3.d.97090587C3BBC22FDF38DEC8FD2C6B32.e.4620/text - {}
RESULT: {}
COMMAND: POST /session/10ce6bf21e267d5fc72912db2fe1b82f/refresh - {}
RESULT: {}
COMMAND: GET /session/10ce6bf21e267d5fc72912db2fe1b82f/screenshot - {}
RESULT: {}
COMMAND: POST /session/10ce6bf21e267d5fc72912db2fe1b82f/execute/async - {"script":"<script> [189 bytes]","args":[]}
RESULT: {"script":"<script> [189 bytes]","args":[]}
COMMAND: POST /session/10ce6bf21e267d5fc72912db2fe1b82f/execute/async - {"script":"<script> [123 bytes]","args":[]}
RESULT: {"script":"<script> [123 bytes]","args":[]}
COMMAND: POST /session/10ce6bf21e267d5fc72912db2fe1b82f/timeouts - {"script":"<number>"}
RESULT: {"script":"<number>"}
COMMAND: GET /session/10ce6bf21e267d5fc72912db2fe1b82f/timeouts - {}
RESULT: {}
RESULT: undefined
COMMAND: POST /session/10ce6bf21e267d5fc72912db2fe1b82f/execute/async - {"script":"<script> [2676 bytes]","args":[]}
RESULT: {"script":"<script> [2676 bytes]","args":[]}
COMMAND: POST /session/10ce6bf21e267d5fc72912db2fe1b82f/execute/async - {"script":"<script> [2342 bytes]","args":[{"protocol":"http","hostname":"0.0.0.0","path":"/","capabilities":{"browserName":"chrome","goog:chromeOptions":{"binary":"C:\\Program Files\\Google\\Chrome\\Application\\chrome.exe","args":["--start-maximized"]}},"logLevel":"warn","connectionRetryTimeout":120000,"connectionRetryCount":3,"logLevels":{},"enableDirectConnect":true,"strictSSL":true,"_":"65 more keys: [\"cacheDir\",\"port\",\"requestedCapabilities\",\"automationProtocol\",\"baseUrl\",\"waitforInterval\",\"waitforTimeout\",\"onReload\",\"beforeCommand\",\"afterCommand\",\"rootDir\",\"specs\",\"suites\",\"exclude\",\"groupLogsByTestSpec\",\"excludeDriverLogs\",\"bail\",\"framework\",\"reporters\",\"services\",\"maxInstances\",\"maxInstancesPerCapability\",\"injectGlobals\",\"filesToWatch\",\"execArgv\",\"runnerEnv\",\"runner\",\"shard\",\"specFileRetries\",\"specFileRetriesDelay\",\"specFileRetriesDeferred\",\"reporterSyncInterval\",\"reporterSyncTimeout\",\"cucumberFeaturesWithLineNumbers\",\"autoCompileOpts\",\"mochaOpts\",\"jasmineOpts\",\"cucumberOpts\",\"onPrepare\",\"onWorkerStart\",\"onWorkerEnd\",\"before\",\"beforeSession\",\"beforeSuite\",\"beforeHook\",\"beforeTest\",\"afterTest\",\"afterHook\",\"afterSuite\",\"afterSession\",\"after\",\"onComplete\",\"beforeAssertion\",\"afterAssertion\",\"beforeFeature\",\"beforeScenario\",\"beforeStep\",\"afterStep\",\"afterScenario\",\"afterFeature\",\"_\",\"suite\",\"$0\",\"ignoredWorkerServices\",\"wdi5\"]"}]}
RESULT: {"script":"<script> [2342 bytes]","args":[{"protocol":"http","hostname":"0.0.0.0","path":"/","capabilities":{"browserName":"chrome","goog:chromeOptions":{"binary":"C:\\Program Files\\Google\\Chrome\\Application\\chrome.exe","args":["--start-maximized"]}},"logLevel":"warn","connectionRetryTimeout":120000,"connectionRetryCount":3,"logLevels":{},"enableDirectConnect":true,"strictSSL":true,"_":"65 more keys: [\"cacheDir\",\"port\",\"requestedCapabilities\",\"automationProtocol\",\"baseUrl\",\"waitforInterval\",\"waitforTimeout\",\"onReload\",\"beforeCommand\",\"afterCommand\",\"rootDir\",\"specs\",\"suites\",\"exclude\",\"groupLogsByTestSpec\",\"excludeDriverLogs\",\"bail\",\"framework\",\"reporters\",\"services\",\"maxInstances\",\"maxInstancesPerCapability\",\"injectGlobals\",\"filesToWatch\",\"execArgv\",\"runnerEnv\",\"runner\",\"shard\",\"specFileRetries\",\"specFileRetriesDelay\",\"specFileRetriesDeferred\",\"reporterSyncInterval\",\"reporterSyncTimeout\",\"cucumberFeaturesWithLineNumbers\",\"autoCompileOpts\",\"mochaOpts\",\"jasmineOpts\",\"cucumberOpts\",\"onPrepare\",\"onWorkerStart\",\"onWorkerEnd\",\"before\",\"beforeSession\",\"beforeSuite\",\"beforeHook\",\"beforeTest\",\"afterTest\",\"afterHook\",\"afterSuite\",\"afterSession\",\"after\",\"onComplete\",\"beforeAssertion\",\"afterAssertion\",\"beforeFeature\",\"beforeScenario\",\"beforeStep\",\"afterStep\",\"afterScenario\",\"afterFeature\",\"_\",\"suite\",\"$0\",\"ignoredWorkerServices\",\"wdi5\"]"}]}
COMMAND: POST /session/10ce6bf21e267d5fc72912db2fe1b82f/execute/async - {"script":"<script> [21126 bytes]","args":[35000]}
RESULT: {"script":"<script> [21126 bytes]","args":[35000]}
COMMAND: POST /session/10ce6bf21e267d5fc72912db2fe1b82f/execute/async - {"script":"<script> [1562 bytes]","args":[{"selector":{"controlType":"sap.m.Button","viewName":"etm.portal.ui.managecatalogs.view.Detail","viewId":"application-managecatalogs-display-component---detailCatalog","i18NText":{"propertyName":"text","key":"edit"},"interaction":{"idSuffix":"BDI-content"}},"wdio_ui5_key":"etmportal.ui.managecatalogs.view.Detailsap.m.Button{\"propertyName\":\"text\",\"key\":\"edit\"}"}]}
RESULT: {"script":"<script> [1562 bytes]","args":[{"selector":{"controlType":"sap.m.Button","viewName":"etm.portal.ui.managecatalogs.view.Detail","viewId":"application-managecatalogs-display-component---detailCatalog","i18NText":{"propertyName":"text","key":"edit"},"interaction":{"idSuffix":"BDI-content"}},"wdio_ui5_key":"etmportal.ui.managecatalogs.view.Detailsap.m.Button{\"propertyName\":\"text\",\"key\":\"edit\"}"}]}
RESULT: undefined
COMMAND: POST /session/10ce6bf21e267d5fc72912db2fe1b82f/element - {"using":"xpath","value":"//*[@id=\"__button25\"]"}
RESULT: {"using":"xpath","value":"//*[@id=\"__button25\"]"}
COMMAND: POST /session/10ce6bf21e267d5fc72912db2fe1b82f/element/f.BD39AEFEC33B967BC38EA35058F10DD3.d.AD0F2BFB93422D14EC690C69FA80775B.e.4701/click - {}
RESULT: {}
COMMAND: GET /session/10ce6bf21e267d5fc72912db2fe1b82f/screenshot - {}
RESULT: {}
COMMAND: POST /session/10ce6bf21e267d5fc72912db2fe1b82f/element - {"using":"xpath","value":"//button[contains(@title ,\"Create Catalog Item\")]"}
RESULT: {"using":"xpath","value":"//button[contains(@title ,\"Create Catalog Item\")]"}
COMMAND: POST /session/10ce6bf21e267d5fc72912db2fe1b82f/element/f.BD39AEFEC33B967BC38EA35058F10DD3.d.AD0F2BFB93422D14EC690C69FA80775B.e.4708/click - {}
RESULT: {}
COMMAND: POST /session/10ce6bf21e267d5fc72912db2fe1b82f/execute/async - {"script":"<script> [1562 bytes]","args":[{"selector":{"id":"application-managecatalogs-display-component---detailCatalog--newItemNumberInput","searchOpenDialogs":true,"interaction":{"idSuffix":"inner"}},"wdio_ui5_key":"applicationmanagecatalogs-display-component---detailCatalog--newItemNumberInput"}]}
COMMAND: GET /session/10ce6bf21e267d5fc72912db2fe1b82f/screenshot - {}
RESULT: {"script":"<script> [1562 bytes]","args":[{"selector":{"id":"application-managecatalogs-display-component---detailCatalog--newItemNumberInput","searchOpenDialogs":true,"interaction":{"idSuffix":"inner"}},"wdio_ui5_key":"applicationmanagecatalogs-display-component---detailCatalog--newItemNumberInput"}]}
RESULT: undefined
COMMAND: POST /session/10ce6bf21e267d5fc72912db2fe1b82f/execute/async - {"script":"<script> [776 bytes]","args":[{"enterText":"catalogItempjv0i","selector":{"id":"application-managecatalogs-display-component---detailCatalog--newItemNumberInput","searchOpenDialogs":true,"interaction":{"idSuffix":"inner"}},"clearTextFirst":true,"interactionType":"ENTER_TEXT"}]}
RESULT: {}
RESULT: {"script":"<script> [776 bytes]","args":[{"enterText":"catalogItempjv0i","selector":{"id":"application-managecatalogs-display-component---detailCatalog--newItemNumberInput","searchOpenDialogs":true,"interaction":{"idSuffix":"inner"}},"clearTextFirst":true,"interactionType":"ENTER_TEXT"}]}
COMMAND: POST /session/10ce6bf21e267d5fc72912db2fe1b82f/execute/async - {"script":"<script> [1562 bytes]","args":[{"selector":{"controlType":"sap.m.Input","viewName":"etm.portal.ui.managecatalogs.view.Detail","viewId":"application-managecatalogs-display-component---detailCatalog","bindingPath":{"path":"","propertyPath":"/DESCRIPTION"},"searchOpenDialogs":true,"interaction":{"idSuffix":"inner"}},"wdio_ui5_key":"etmportal.ui.managecatalogs.view.Detailsap.m.Input{\"path\":\"\",\"propertyPath\":\"/DESCRIPTION\"}"}]}
RESULT: {"script":"<script> [1562 bytes]","args":[{"selector":{"controlType":"sap.m.Input","viewName":"etm.portal.ui.managecatalogs.view.Detail","viewId":"application-managecatalogs-display-component---detailCatalog","bindingPath":{"path":"","propertyPath":"/DESCRIPTION"},"searchOpenDialogs":true,"interaction":{"idSuffix":"inner"}},"wdio_ui5_key":"etmportal.ui.managecatalogs.view.Detailsap.m.Input{\"path\":\"\",\"propertyPath\":\"/DESCRIPTION\"}"}]}
RESULT: undefined
COMMAND: POST /session/10ce6bf21e267d5fc72912db2fe1b82f/execute/async - {"script":"<script> [776 bytes]","args":[{"enterText":"catalogItemNameans0a","selector":{"controlType":"sap.m.Input","viewName":"etm.portal.ui.managecatalogs.view.Detail","viewId":"application-managecatalogs-display-component---detailCatalog","bindingPath":{"path":"","propertyPath":"/DESCRIPTION"},"searchOpenDialogs":true,"interaction":{"idSuffix":"inner"}},"clearTextFirst":true,"interactionType":"ENTER_TEXT"}]}
RESULT: {"script":"<script> [776 bytes]","args":[{"enterText":"catalogItemNameans0a","selector":{"controlType":"sap.m.Input","viewName":"etm.portal.ui.managecatalogs.view.Detail","viewId":"application-managecatalogs-display-component---detailCatalog","bindingPath":{"path":"","propertyPath":"/DESCRIPTION"},"searchOpenDialogs":true,"interaction":{"idSuffix":"inner"}},"clearTextFirst":true,"interactionType":"ENTER_TEXT"}]}
COMMAND: POST /session/10ce6bf21e267d5fc72912db2fe1b82f/actions - {"actions":[{"id":"action12","type":"key","parameters":{},"actions":[{"type":"keyDown","value":""},{"type":"pause","duration":10},{"type":"keyUp","value":""}]}]}
RESULT: {"actions":[{"id":"action12","type":"key","parameters":{},"actions":[{"type":"keyDown","value":""},{"type":"pause","duration":10},{"type":"keyUp","value":""}]}]}
COMMAND: GET /session/10ce6bf21e267d5fc72912db2fe1b82f/screenshot - {}
RESULT: {}
COMMAND: POST /session/10ce6bf21e267d5fc72912db2fe1b82f/actions - {"actions":[{"id":"action13","type":"key","parameters":{},"actions":[{"type":"keyDown","value":""},{"type":"pause","duration":10},{"type":"keyUp","value":""}]}]}
RESULT: {"actions":[{"id":"action13","type":"key","parameters":{},"actions":[{"type":"keyDown","value":""},{"type":"pause","duration":10},{"type":"keyUp","value":""}]}]}
COMMAND: GET /session/10ce6bf21e267d5fc72912db2fe1b82f/screenshot - {}
RESULT: {}
COMMAND: POST /session/10ce6bf21e267d5fc72912db2fe1b82f/element - {"using":"xpath","value":"//button[@title=\"Save\"]"}
RESULT: {"using":"xpath","value":"//button[@title=\"Save\"]"}
COMMAND: POST /session/10ce6bf21e267d5fc72912db2fe1b82f/element/f.BD39AEFEC33B967BC38EA35058F10DD3.d.AD0F2BFB93422D14EC690C69FA80775B.e.4716/click - {}
RESULT: {}
COMMAND: GET /session/10ce6bf21e267d5fc72912db2fe1b82f/screenshot - {}
RESULT: {}
COMMAND: POST /session/10ce6bf21e267d5fc72912db2fe1b82f/execute/async - {"script":"<script> [1562 bytes]","args":[{"selector":{"controlType":"sap.ui.core.Icon","viewName":"etm.portal.ui.managecatalogs.view.Detail","viewId":"application-managecatalogs-display-component---detailCatalog","properties":{"src":{"regex":{"source":"decline"}}}},"wdio_ui5_key":"etmportal.ui.managecatalogs.view.Detailsap.ui.core.Icon{\"src\":{\"regex\":{\"source\":\"decline\"}}}"}]}
RESULT: {"script":"<script> [1562 bytes]","args":[{"selector":{"controlType":"sap.ui.core.Icon","viewName":"etm.portal.ui.managecatalogs.view.Detail","viewId":"application-managecatalogs-display-component---detailCatalog","properties":{"src":{"regex":{"source":"decline"}}}},"wdio_ui5_key":"etmportal.ui.managecatalogs.view.Detailsap.ui.core.Icon{\"src\":{\"regex\":{\"source\":\"decline\"}}}"}]}
RESULT: undefined
COMMAND: POST /session/10ce6bf21e267d5fc72912db2fe1b82f/element - {"using":"xpath","value":"//*[@id=\"__button28-img\"]"}
RESULT: {"using":"xpath","value":"//*[@id=\"__button28-img\"]"}
COMMAND: POST /session/10ce6bf21e267d5fc72912db2fe1b82f/element/f.BD39AEFEC33B967BC38EA35058F10DD3.d.AD0F2BFB93422D14EC690C69FA80775B.e.4722/click - {}
RESULT: {}
COMMAND: GET /session/10ce6bf21e267d5fc72912db2fe1b82f/screenshot - {}
RESULT: {}
COMMAND: POST /session/10ce6bf21e267d5fc72912db2fe1b82f/execute/async - {"script":"<script> [1562 bytes]","args":[{"selector":{"controlType":"sap.ui.core.Icon","viewName":"etm.portal.ui.managecatalogs.view.MasterItems","viewId":"application-managecatalogs-display-component---masterCatalogItems","properties":{"src":{"regex":{"source":"refresh"}}}},"wdio_ui5_key":"etmportal.ui.managecatalogs.view.MasterItemssap.ui.core.Icon{\"src\":{\"regex\":{\"source\":\"refresh\"}}}"}]}
RESULT: {"script":"<script> [1562 bytes]","args":[{"selector":{"controlType":"sap.ui.core.Icon","viewName":"etm.portal.ui.managecatalogs.view.MasterItems","viewId":"application-managecatalogs-display-component---masterCatalogItems","properties":{"src":{"regex":{"source":"refresh"}}}},"wdio_ui5_key":"etmportal.ui.managecatalogs.view.MasterItemssap.ui.core.Icon{\"src\":{\"regex\":{\"source\":\"refresh\"}}}"}]}
RESULT: undefined
COMMAND: POST /session/10ce6bf21e267d5fc72912db2fe1b82f/element - {"using":"xpath","value":"//*[@id=\"__button1-img\"]"}
RESULT: {"using":"xpath","value":"//*[@id=\"__button1-img\"]"}
COMMAND: POST /session/10ce6bf21e267d5fc72912db2fe1b82f/element/f.BD39AEFEC33B967BC38EA35058F10DD3.d.AD0F2BFB93422D14EC690C69FA80775B.e.4755/click - {}
RESULT: {}
COMMAND: GET /session/10ce6bf21e267d5fc72912db2fe1b82f/screenshot - {}
RESULT: {}
COMMAND: POST /session/10ce6bf21e267d5fc72912db2fe1b82f/execute/async - {"script":"<script> [1562 bytes]","args":[{"selector":{"id":"application-managecatalogs-display-component---masterCatalogItems--searchItemsField","interaction":{"idSuffix":"I"}},"wdio_ui5_key":"applicationmanagecatalogs-display-component---masterCatalogItems--searchItemsField"}]}
RESULT: {"script":"<script> [1562 bytes]","args":[{"selector":{"id":"application-managecatalogs-display-component---masterCatalogItems--searchItemsField","interaction":{"idSuffix":"I"}},"wdio_ui5_key":"applicationmanagecatalogs-display-component---masterCatalogItems--searchItemsField"}]}
RESULT: undefined
COMMAND: POST /session/10ce6bf21e267d5fc72912db2fe1b82f/execute/async - {"script":"<script> [776 bytes]","args":[{"enterText":"catalogItemNameans0a","selector":{"id":"application-managecatalogs-display-component---masterCatalogItems--searchItemsField","interaction":{"idSuffix":"I"}},"clearTextFirst":true,"interactionType":"ENTER_TEXT"}]}
RESULT: {"script":"<script> [776 bytes]","args":[{"enterText":"catalogItemNameans0a","selector":{"id":"application-managecatalogs-display-component---masterCatalogItems--searchItemsField","interaction":{"idSuffix":"I"}},"clearTextFirst":true,"interactionType":"ENTER_TEXT"}]}
COMMAND: POST /session/10ce6bf21e267d5fc72912db2fe1b82f/actions - {"actions":[{"id":"action14","type":"key","parameters":{},"actions":[{"type":"keyDown","value":""},{"type":"pause","duration":10},{"type":"keyUp","value":""}]}]}
RESULT: {"actions":[{"id":"action14","type":"key","parameters":{},"actions":[{"type":"keyDown","value":""},{"type":"pause","duration":10},{"type":"keyUp","value":""}]}]}
COMMAND: POST /session/10ce6bf21e267d5fc72912db2fe1b82f/element - {"using":"xpath","value":"(//span[contains(text(), \"catalogItemNameans0a\")])[1]"}
COMMAND: GET /session/10ce6bf21e267d5fc72912db2fe1b82f/screenshot - {}
RESULT: {"using":"xpath","value":"(//span[contains(text(), \"catalogItemNameans0a\")])[1]"}
COMMAND: POST /session/10ce6bf21e267d5fc72912db2fe1b82f/element/f.BD39AEFEC33B967BC38EA35058F10DD3.d.AD0F2BFB93422D14EC690C69FA80775B.e.4762/click - {}
RESULT: {}
RESULT: {}
COMMAND: GET /session/10ce6bf21e267d5fc72912db2fe1b82f/screenshot - {}
RESULT: {}
COMMAND: POST /session/10ce6bf21e267d5fc72912db2fe1b82f/element - {"using":"xpath","value":"//span[contains(text(), \"catalogItempjv0i\")]"}
RESULT: {"using":"xpath","value":"//span[contains(text(), \"catalogItempjv0i\")]"}
COMMAND: GET /session/10ce6bf21e267d5fc72912db2fe1b82f/element/f.BD39AEFEC33B967BC38EA35058F10DD3.d.AD0F2BFB93422D14EC690C69FA80775B.e.4817/text - {}
RESULT: {}
]]></system-out>
    </testcase>
    <testcase classname="chrome.135_0_7049_42.windows.Standard_contract_-_add_contract_items_by_Insert_Request_US118222" name="Should assign resources to the catalog item" time="64.131">
      <system-out><![CDATA[
RESULT: undefined
COMMAND: POST /session/10ce6bf21e267d5fc72912db2fe1b82f/element - {"using":"xpath","value":"//*[@id=\"__button25\"]"}
RESULT: {"using":"xpath","value":"//*[@id=\"__button25\"]"}
COMMAND: POST /session/10ce6bf21e267d5fc72912db2fe1b82f/element/f.BD39AEFEC33B967BC38EA35058F10DD3.d.AD0F2BFB93422D14EC690C69FA80775B.e.4803/click - {}
COMMAND: POST /session/10ce6bf21e267d5fc72912db2fe1b82f/element - {"using":"xpath","value":"//*[@id=\"__button25\"]"}
RESULT: {"using":"xpath","value":"//*[@id=\"__button25\"]"}
COMMAND: POST /session/10ce6bf21e267d5fc72912db2fe1b82f/element/f.BD39AEFEC33B967BC38EA35058F10DD3.d.AD0F2BFB93422D14EC690C69FA80775B.e.4803/click - {}
COMMAND: POST /session/10ce6bf21e267d5fc72912db2fe1b82f/element - {"using":"xpath","value":"//*[@id=\"__button25\"]"}
RESULT: {"using":"xpath","value":"//*[@id=\"__button25\"]"}
COMMAND: POST /session/10ce6bf21e267d5fc72912db2fe1b82f/element/f.BD39AEFEC33B967BC38EA35058F10DD3.d.AD0F2BFB93422D14EC690C69FA80775B.e.4827/click - {}
RESULT: {}
COMMAND: GET /session/10ce6bf21e267d5fc72912db2fe1b82f/screenshot - {}
RESULT: {}
COMMAND: POST /session/10ce6bf21e267d5fc72912db2fe1b82f/execute/async - {"script":"<script> [1562 bytes]","args":[{"selector":{"id":"application-managecatalogs-display-component---detailCatalog--BASE_UNIT_OF_MEASURE-arrow"},"wdio_ui5_key":"applicationmanagecatalogs-display-component---detailCatalog--BASE_UNIT_OF_MEASURE-arrow"}]}
RESULT: {"script":"<script> [1562 bytes]","args":[{"selector":{"id":"application-managecatalogs-display-component---detailCatalog--BASE_UNIT_OF_MEASURE-arrow"},"wdio_ui5_key":"applicationmanagecatalogs-display-component---detailCatalog--BASE_UNIT_OF_MEASURE-arrow"}]}
RESULT: undefined
COMMAND: POST /session/10ce6bf21e267d5fc72912db2fe1b82f/element - {"using":"xpath","value":"//*[@id=\"application-managecatalogs-display-component---detailCatalog--BASE_UNIT_OF_MEASURE-arrow\"]"}
RESULT: {"using":"xpath","value":"//*[@id=\"application-managecatalogs-display-component---detailCatalog--BASE_UNIT_OF_MEASURE-arrow\"]"}
COMMAND: POST /session/10ce6bf21e267d5fc72912db2fe1b82f/element/f.BD39AEFEC33B967BC38EA35058F10DD3.d.AD0F2BFB93422D14EC690C69FA80775B.e.4845/click - {}
RESULT: {}
COMMAND: POST /session/10ce6bf21e267d5fc72912db2fe1b82f/execute/async - {"script":"<script> [1562 bytes]","args":[{"selector":{"controlType":"sap.m.StandardListItem","viewName":"etm.portal.ui.managecatalogs.view.Detail","viewId":"application-managecatalogs-display-component---detailCatalog","properties":{"title":"Piece"},"searchOpenDialogs":true,"interaction":{"idSuffix":"titleText"}},"wdio_ui5_key":"etmportal.ui.managecatalogs.view.Detailsap.m.StandardListItem{\"title\":\"Piece\"}"}]}
COMMAND: GET /session/10ce6bf21e267d5fc72912db2fe1b82f/screenshot - {}
RESULT: {"script":"<script> [1562 bytes]","args":[{"selector":{"controlType":"sap.m.StandardListItem","viewName":"etm.portal.ui.managecatalogs.view.Detail","viewId":"application-managecatalogs-display-component---detailCatalog","properties":{"title":"Piece"},"searchOpenDialogs":true,"interaction":{"idSuffix":"titleText"}},"wdio_ui5_key":"etmportal.ui.managecatalogs.view.Detailsap.m.StandardListItem{\"title\":\"Piece\"}"}]}
RESULT: undefined
COMMAND: POST /session/10ce6bf21e267d5fc72912db2fe1b82f/element - {"using":"xpath","value":"//*[@id=\"__item255\"]"}
RESULT: {}
RESULT: {"using":"xpath","value":"//*[@id=\"__item255\"]"}
COMMAND: POST /session/10ce6bf21e267d5fc72912db2fe1b82f/element/f.BD39AEFEC33B967BC38EA35058F10DD3.d.AD0F2BFB93422D14EC690C69FA80775B.e.4849/click - {}
RESULT: {}
COMMAND: POST /session/10ce6bf21e267d5fc72912db2fe1b82f/execute/async - {"script":"<script> [1562 bytes]","args":[{"selector":{"id":"application-managecatalogs-display-component---detailCatalog--ObjectPageLayout-anchBar-application-managecatalogs-display-component---detailCatalog--sectionRUs-anchor","interaction":{"idSuffix":"BDI-content"}},"wdio_ui5_key":"applicationmanagecatalogs-display-component---detailCatalog--ObjectPageLayout-anchBar-application-managecatalogs-display-component---detailCatalog--sectionRUs-anchor"}]}
COMMAND: GET /session/10ce6bf21e267d5fc72912db2fe1b82f/screenshot - {}
RESULT: {"script":"<script> [1562 bytes]","args":[{"selector":{"id":"application-managecatalogs-display-component---detailCatalog--ObjectPageLayout-anchBar-application-managecatalogs-display-component---detailCatalog--sectionRUs-anchor","interaction":{"idSuffix":"BDI-content"}},"wdio_ui5_key":"applicationmanagecatalogs-display-component---detailCatalog--ObjectPageLayout-anchBar-application-managecatalogs-display-component---detailCatalog--sectionRUs-anchor"}]}
RESULT: undefined
COMMAND: POST /session/10ce6bf21e267d5fc72912db2fe1b82f/element - {"using":"xpath","value":"//*[@id=\"application-managecatalogs-display-component---detailCatalog--ObjectPageLayout-anchBar-application-managecatalogs-display-component---detailCatalog--sectionRUs-anchor\"]"}
RESULT: {}
RESULT: {"using":"xpath","value":"//*[@id=\"application-managecatalogs-display-component---detailCatalog--ObjectPageLayout-anchBar-application-managecatalogs-display-component---detailCatalog--sectionRUs-anchor\"]"}
COMMAND: POST /session/10ce6bf21e267d5fc72912db2fe1b82f/element/f.BD39AEFEC33B967BC38EA35058F10DD3.d.AD0F2BFB93422D14EC690C69FA80775B.e.4851/click - {}
RESULT: {}
COMMAND: POST /session/10ce6bf21e267d5fc72912db2fe1b82f/element - {"using":"xpath","value":"//button[contains(@data-kt ,\"catalogItemAssignRuButton\")]"}
COMMAND: GET /session/10ce6bf21e267d5fc72912db2fe1b82f/screenshot - {}
RESULT: {"using":"xpath","value":"//button[contains(@data-kt ,\"catalogItemAssignRuButton\")]"}
COMMAND: POST /session/10ce6bf21e267d5fc72912db2fe1b82f/element/f.BD39AEFEC33B967BC38EA35058F10DD3.d.AD0F2BFB93422D14EC690C69FA80775B.e.4857/click - {}
RESULT: {}
RESULT: {}
COMMAND: GET /session/10ce6bf21e267d5fc72912db2fe1b82f/screenshot - {}
RESULT: {}
COMMAND: POST /session/10ce6bf21e267d5fc72912db2fe1b82f/actions - {"actions":[{"id":"action15","type":"key","parameters":{},"actions":[{"type":"keyDown","value":""},{"type":"pause","duration":10},{"type":"keyUp","value":""}]}]}
RESULT: {"actions":[{"id":"action15","type":"key","parameters":{},"actions":[{"type":"keyDown","value":""},{"type":"pause","duration":10},{"type":"keyUp","value":""}]}]}
COMMAND: POST /session/10ce6bf21e267d5fc72912db2fe1b82f/execute/async - {"script":"<script> [1562 bytes]","args":[{"selector":{"id":"application-managecatalogs-display-component---detailCatalog--assignRUSearchField-vhi","searchOpenDialogs":true},"wdio_ui5_key":"applicationmanagecatalogs-display-component---detailCatalog--assignRUSearchField-vhi"}]}
COMMAND: GET /session/10ce6bf21e267d5fc72912db2fe1b82f/screenshot - {}
RESULT: {"script":"<script> [1562 bytes]","args":[{"selector":{"id":"application-managecatalogs-display-component---detailCatalog--assignRUSearchField-vhi","searchOpenDialogs":true},"wdio_ui5_key":"applicationmanagecatalogs-display-component---detailCatalog--assignRUSearchField-vhi"}]}
RESULT: undefined
COMMAND: POST /session/10ce6bf21e267d5fc72912db2fe1b82f/element - {"using":"xpath","value":"//*[@id=\"application-managecatalogs-display-component---detailCatalog--assignRUSearchField-vhi\"]"}
RESULT: {}
RESULT: {"using":"xpath","value":"//*[@id=\"application-managecatalogs-display-component---detailCatalog--assignRUSearchField-vhi\"]"}
COMMAND: POST /session/10ce6bf21e267d5fc72912db2fe1b82f/element/f.BD39AEFEC33B967BC38EA35058F10DD3.d.AD0F2BFB93422D14EC690C69FA80775B.e.4880/click - {}
RESULT: {}
COMMAND: GET /session/10ce6bf21e267d5fc72912db2fe1b82f/screenshot - {}
RESULT: {}
COMMAND: POST /session/10ce6bf21e267d5fc72912db2fe1b82f/element - {"using":"xpath","value":"//input[contains(@id ,\"searchField-I\")]"}
RESULT: {"using":"xpath","value":"//input[contains(@id ,\"searchField-I\")]"}
COMMAND: POST /session/10ce6bf21e267d5fc72912db2fe1b82f/element/f.BD39AEFEC33B967BC38EA35058F10DD3.d.AD0F2BFB93422D14EC690C69FA80775B.e.4882/clear - {}
RESULT: {}
COMMAND: POST /session/10ce6bf21e267d5fc72912db2fe1b82f/element/f.BD39AEFEC33B967BC38EA35058F10DD3.d.AD0F2BFB93422D14EC690C69FA80775B.e.4882/value - {"text":"WdIOR2cEquip8vo0d"}
COMMAND: GET /session/10ce6bf21e267d5fc72912db2fe1b82f/screenshot - {}
RESULT: {"text":"WdIOR2cEquip8vo0d"}
COMMAND: GET /session/10ce6bf21e267d5fc72912db2fe1b82f/screenshot - {}
RESULT: {}
RESULT: {}
COMMAND: POST /session/10ce6bf21e267d5fc72912db2fe1b82f/actions - {"actions":[{"id":"action16","type":"key","parameters":{},"actions":[{"type":"keyDown","value":""},{"type":"pause","duration":10},{"type":"keyUp","value":""}]}]}
RESULT: {"actions":[{"id":"action16","type":"key","parameters":{},"actions":[{"type":"keyDown","value":""},{"type":"pause","duration":10},{"type":"keyUp","value":""}]}]}
COMMAND: GET /session/10ce6bf21e267d5fc72912db2fe1b82f/screenshot - {}
RESULT: {}
COMMAND: POST /session/10ce6bf21e267d5fc72912db2fe1b82f/actions - {"actions":[{"id":"action17","type":"key","parameters":{},"actions":[{"type":"keyDown","value":""},{"type":"pause","duration":10},{"type":"keyUp","value":""}]}]}
RESULT: {"actions":[{"id":"action17","type":"key","parameters":{},"actions":[{"type":"keyDown","value":""},{"type":"pause","duration":10},{"type":"keyUp","value":""}]}]}
COMMAND: GET /session/10ce6bf21e267d5fc72912db2fe1b82f/screenshot - {}
RESULT: {}
COMMAND: POST /session/10ce6bf21e267d5fc72912db2fe1b82f/actions - {"actions":[{"id":"action18","type":"key","parameters":{},"actions":[{"type":"keyDown","value":""},{"type":"pause","duration":10},{"type":"keyUp","value":""}]}]}
RESULT: {"actions":[{"id":"action18","type":"key","parameters":{},"actions":[{"type":"keyDown","value":""},{"type":"pause","duration":10},{"type":"keyUp","value":""}]}]}
COMMAND: GET /session/10ce6bf21e267d5fc72912db2fe1b82f/screenshot - {}
RESULT: {}
COMMAND: POST /session/10ce6bf21e267d5fc72912db2fe1b82f/element - {"using":"xpath","value":"//bdi[contains(@id ,\"application-managecatalogs-display-component---detailCatalog--RUAssignmentSaveButton-BDI-content\")]"}
RESULT: {"using":"xpath","value":"//bdi[contains(@id ,\"application-managecatalogs-display-component---detailCatalog--RUAssignmentSaveButton-BDI-content\")]"}
COMMAND: POST /session/10ce6bf21e267d5fc72912db2fe1b82f/element/f.BD39AEFEC33B967BC38EA35058F10DD3.d.AD0F2BFB93422D14EC690C69FA80775B.e.4901/click - {}
RESULT: {}
COMMAND: GET /session/10ce6bf21e267d5fc72912db2fe1b82f/screenshot - {}
RESULT: {}
RESULT: undefined
COMMAND: POST /session/10ce6bf21e267d5fc72912db2fe1b82f/element - {"using":"xpath","value":"//*[@id=\"application-managecatalogs-display-component---detailCatalog--ObjectPageLayout-anchBar-application-managecatalogs-display-component---detailCatalog--sectionRUs-anchor\"]"}
RESULT: {"using":"xpath","value":"//*[@id=\"application-managecatalogs-display-component---detailCatalog--ObjectPageLayout-anchBar-application-managecatalogs-display-component---detailCatalog--sectionRUs-anchor\"]"}
COMMAND: POST /session/10ce6bf21e267d5fc72912db2fe1b82f/element/f.BD39AEFEC33B967BC38EA35058F10DD3.d.AD0F2BFB93422D14EC690C69FA80775B.e.4931/click - {}
RESULT: {}
COMMAND: GET /session/10ce6bf21e267d5fc72912db2fe1b82f/screenshot - {}
RESULT: {}
COMMAND: POST /session/10ce6bf21e267d5fc72912db2fe1b82f/element - {"using":"xpath","value":"//button[contains(@data-kt ,\"catalogItemAssignRuButton\")]"}
RESULT: {"using":"xpath","value":"//button[contains(@data-kt ,\"catalogItemAssignRuButton\")]"}
COMMAND: POST /session/10ce6bf21e267d5fc72912db2fe1b82f/element/f.BD39AEFEC33B967BC38EA35058F10DD3.d.AD0F2BFB93422D14EC690C69FA80775B.e.4934/click - {}
RESULT: {}
COMMAND: GET /session/10ce6bf21e267d5fc72912db2fe1b82f/screenshot - {}
RESULT: {}
COMMAND: POST /session/10ce6bf21e267d5fc72912db2fe1b82f/actions - {"actions":[{"id":"action19","type":"key","parameters":{},"actions":[{"type":"keyDown","value":""},{"type":"pause","duration":10},{"type":"keyUp","value":""}]}]}
RESULT: {"actions":[{"id":"action19","type":"key","parameters":{},"actions":[{"type":"keyDown","value":""},{"type":"pause","duration":10},{"type":"keyUp","value":""}]}]}
RESULT: undefined
COMMAND: POST /session/10ce6bf21e267d5fc72912db2fe1b82f/element - {"using":"xpath","value":"//*[@id=\"application-managecatalogs-display-component---detailCatalog--assignRUSearchField-vhi\"]"}
COMMAND: GET /session/10ce6bf21e267d5fc72912db2fe1b82f/screenshot - {}
RESULT: {"using":"xpath","value":"//*[@id=\"application-managecatalogs-display-component---detailCatalog--assignRUSearchField-vhi\"]"}
COMMAND: POST /session/10ce6bf21e267d5fc72912db2fe1b82f/elements - {"using":"xpath","value":"//*[@id=\"application-managecatalogs-display-component---detailCatalog--assignRUSearchField-vhi\"]"}
RESULT: {}
RESULT: {"using":"xpath","value":"//*[@id=\"application-managecatalogs-display-component---detailCatalog--assignRUSearchField-vhi\"]"}
COMMAND: POST /session/10ce6bf21e267d5fc72912db2fe1b82f/element - {"using":"xpath","value":"//*[@id=\"application-managecatalogs-display-component---detailCatalog--assignRUSearchField-vhi\"]"}
RESULT: {"using":"xpath","value":"//*[@id=\"application-managecatalogs-display-component---detailCatalog--assignRUSearchField-vhi\"]"}
COMMAND: POST /session/10ce6bf21e267d5fc72912db2fe1b82f/element/f.BD39AEFEC33B967BC38EA35058F10DD3.d.AD0F2BFB93422D14EC690C69FA80775B.e.4952/click - {}
RESULT: {}
COMMAND: POST /session/10ce6bf21e267d5fc72912db2fe1b82f/execute/async - {"script":"<script> [1562 bytes]","args":[{"selector":{"controlType":"sap.m.SearchField","viewName":"etm.portal.ui.managecatalogs.view.Detail","viewId":"application-managecatalogs-display-component---detailCatalog","searchOpenDialogs":true,"interaction":{"idSuffix":"I"}},"wdio_ui5_key":"etmportal.ui.managecatalogs.view.Detailsap.m.SearchField"}]}
COMMAND: GET /session/10ce6bf21e267d5fc72912db2fe1b82f/screenshot - {}
RESULT: {"script":"<script> [1562 bytes]","args":[{"selector":{"controlType":"sap.m.SearchField","viewName":"etm.portal.ui.managecatalogs.view.Detail","viewId":"application-managecatalogs-display-component---detailCatalog","searchOpenDialogs":true,"interaction":{"idSuffix":"I"}},"wdio_ui5_key":"etmportal.ui.managecatalogs.view.Detailsap.m.SearchField"}]}
RESULT: undefined
COMMAND: POST /session/10ce6bf21e267d5fc72912db2fe1b82f/execute/async - {"script":"<script> [776 bytes]","args":[{"enterText":"WebdriverRUR2Cccge0k","selector":{"controlType":"sap.m.SearchField","viewName":"etm.portal.ui.managecatalogs.view.Detail","viewId":"application-managecatalogs-display-component---detailCatalog","searchOpenDialogs":true,"interaction":{"idSuffix":"I"}},"clearTextFirst":true,"interactionType":"ENTER_TEXT"}]}
RESULT: {}
RESULT: {"script":"<script> [776 bytes]","args":[{"enterText":"WebdriverRUR2Cccge0k","selector":{"controlType":"sap.m.SearchField","viewName":"etm.portal.ui.managecatalogs.view.Detail","viewId":"application-managecatalogs-display-component---detailCatalog","searchOpenDialogs":true,"interaction":{"idSuffix":"I"}},"clearTextFirst":true,"interactionType":"ENTER_TEXT"}]}
COMMAND: POST /session/10ce6bf21e267d5fc72912db2fe1b82f/actions - {"actions":[{"id":"action20","type":"key","parameters":{},"actions":[{"type":"keyDown","value":""},{"type":"pause","duration":10},{"type":"keyUp","value":""}]}]}
RESULT: {"actions":[{"id":"action20","type":"key","parameters":{},"actions":[{"type":"keyDown","value":""},{"type":"pause","duration":10},{"type":"keyUp","value":""}]}]}
COMMAND: GET /session/10ce6bf21e267d5fc72912db2fe1b82f/screenshot - {}
RESULT: {}
COMMAND: POST /session/10ce6bf21e267d5fc72912db2fe1b82f/element - {"using":"xpath","value":"(//span[contains(text(), \"WebdriverRUR2Cccge0k\")])[1]"}
RESULT: {"using":"xpath","value":"(//span[contains(text(), \"WebdriverRUR2Cccge0k\")])[1]"}
COMMAND: POST /session/10ce6bf21e267d5fc72912db2fe1b82f/element/f.BD39AEFEC33B967BC38EA35058F10DD3.d.AD0F2BFB93422D14EC690C69FA80775B.e.4968/click - {}
RESULT: {}
COMMAND: POST /session/10ce6bf21e267d5fc72912db2fe1b82f/execute/async - {"script":"<script> [1562 bytes]","args":[{"selector":{"id":"application-managecatalogs-display-component---detailCatalog--RUAssignmentSaveButton","searchOpenDialogs":true,"interaction":{"idSuffix":"BDI-content"}},"wdio_ui5_key":"applicationmanagecatalogs-display-component---detailCatalog--RUAssignmentSaveButton"}]}
COMMAND: GET /session/10ce6bf21e267d5fc72912db2fe1b82f/screenshot - {}
RESULT: {"script":"<script> [1562 bytes]","args":[{"selector":{"id":"application-managecatalogs-display-component---detailCatalog--RUAssignmentSaveButton","searchOpenDialogs":true,"interaction":{"idSuffix":"BDI-content"}},"wdio_ui5_key":"applicationmanagecatalogs-display-component---detailCatalog--RUAssignmentSaveButton"}]}
RESULT: undefined
COMMAND: POST /session/10ce6bf21e267d5fc72912db2fe1b82f/element - {"using":"xpath","value":"//*[@id=\"application-managecatalogs-display-component---detailCatalog--RUAssignmentSaveButton\"]"}
RESULT: {}
RESULT: {"using":"xpath","value":"//*[@id=\"application-managecatalogs-display-component---detailCatalog--RUAssignmentSaveButton\"]"}
COMMAND: POST /session/10ce6bf21e267d5fc72912db2fe1b82f/element/f.BD39AEFEC33B967BC38EA35058F10DD3.d.AD0F2BFB93422D14EC690C69FA80775B.e.4971/click - {}
RESULT: {}
COMMAND: GET /session/10ce6bf21e267d5fc72912db2fe1b82f/screenshot - {}
RESULT: {}
COMMAND: POST /session/10ce6bf21e267d5fc72912db2fe1b82f/element - {"using":"xpath","value":"//bdi[contains(text(), \"Save\")]"}
RESULT: {"using":"xpath","value":"//bdi[contains(text(), \"Save\")]"}
COMMAND: POST /session/10ce6bf21e267d5fc72912db2fe1b82f/element/f.BD39AEFEC33B967BC38EA35058F10DD3.d.AD0F2BFB93422D14EC690C69FA80775B.e.4999/click - {}
RESULT: {}
COMMAND: GET /session/10ce6bf21e267d5fc72912db2fe1b82f/screenshot - {}
RESULT: {}
COMMAND: POST /session/10ce6bf21e267d5fc72912db2fe1b82f/element - {"using":"css selector","value":"#shell-header-logo"}
RESULT: {"using":"css selector","value":"#shell-header-logo"}
COMMAND: POST /session/10ce6bf21e267d5fc72912db2fe1b82f/element/f.BD39AEFEC33B967BC38EA35058F10DD3.d.AD0F2BFB93422D14EC690C69FA80775B.e.4629/click - {}
RESULT: {}
COMMAND: GET /session/10ce6bf21e267d5fc72912db2fe1b82f/screenshot - {}
RESULT: {}
]]></system-out>
    </testcase>
    <testcase classname="chrome.135_0_7049_42.windows.Standard_contract_-_add_contract_items_by_Insert_Request_US118222" name="Should create a new contract" time="79.659">
      <system-out><![CDATA[
COMMAND: POST /session/10ce6bf21e267d5fc72912db2fe1b82f/execute/async - {"script":"<script> [1562 bytes]","args":[{"selector":{"controlType":"sap.m.Text","viewName":"etm.portal.ui.managecontractstile.view.Master","properties":{"text":"Manage Contracts"},"interaction":{"idSuffix":"inner"}},"wdio_ui5_key":"etmportal.ui.managecontractstile.view.Mastersap.m.Text{\"text\":\"Manage Contracts\"}"}]}
RESULT: {"script":"<script> [1562 bytes]","args":[{"selector":{"controlType":"sap.m.Text","viewName":"etm.portal.ui.managecontractstile.view.Master","properties":{"text":"Manage Contracts"},"interaction":{"idSuffix":"inner"}},"wdio_ui5_key":"etmportal.ui.managecontractstile.view.Mastersap.m.Text{\"text\":\"Manage Contracts\"}"}]}
RESULT: undefined
COMMAND: POST /session/10ce6bf21e267d5fc72912db2fe1b82f/element - {"using":"xpath","value":"//*[@id=\"__tile130-title\"]"}
RESULT: {"using":"xpath","value":"//*[@id=\"__tile130-title\"]"}
COMMAND: POST /session/10ce6bf21e267d5fc72912db2fe1b82f/element/f.BD39AEFEC33B967BC38EA35058F10DD3.d.AD0F2BFB93422D14EC690C69FA80775B.e.5042/click - {}
RESULT: {}
COMMAND: GET /session/10ce6bf21e267d5fc72912db2fe1b82f/screenshot - {}
RESULT: {}
RESULT: undefined
RESULT: undefined
COMMAND: POST /session/10ce6bf21e267d5fc72912db2fe1b82f/element - {"using":"xpath","value":"//button[@data-kt=\"addButton\"]"}
RESULT: {"using":"xpath","value":"//button[@data-kt=\"addButton\"]"}
COMMAND: POST /session/10ce6bf21e267d5fc72912db2fe1b82f/element/f.BD39AEFEC33B967BC38EA35058F10DD3.d.AD0F2BFB93422D14EC690C69FA80775B.e.5091/click - {}
RESULT: {}
COMMAND: GET /session/10ce6bf21e267d5fc72912db2fe1b82f/screenshot - {}
RESULT: {}
COMMAND: POST /session/10ce6bf21e267d5fc72912db2fe1b82f/execute/async - {"script":"<script> [1562 bytes]","args":[{"selector":{"id":"application-managecontracts-display-component---AddNewContract--projectDescription","interaction":{"idSuffix":"inner"}},"wdio_ui5_key":"applicationmanagecontracts-display-component---AddNewContract--projectDescription"}]}
RESULT: {"script":"<script> [1562 bytes]","args":[{"selector":{"id":"application-managecontracts-display-component---AddNewContract--projectDescription","interaction":{"idSuffix":"inner"}},"wdio_ui5_key":"applicationmanagecontracts-display-component---AddNewContract--projectDescription"}]}
RESULT: undefined
COMMAND: POST /session/10ce6bf21e267d5fc72912db2fe1b82f/execute/async - {"script":"<script> [776 bytes]","args":[{"enterText":"WdIOR2cnkfzsi","selector":{"id":"application-managecontracts-display-component---AddNewContract--projectDescription","interaction":{"idSuffix":"inner"}},"clearTextFirst":true,"interactionType":"ENTER_TEXT"}]}
RESULT: {"script":"<script> [776 bytes]","args":[{"enterText":"WdIOR2cnkfzsi","selector":{"id":"application-managecontracts-display-component---AddNewContract--projectDescription","interaction":{"idSuffix":"inner"}},"clearTextFirst":true,"interactionType":"ENTER_TEXT"}]}
COMMAND: POST /session/10ce6bf21e267d5fc72912db2fe1b82f/element - {"using":"xpath","value":"//input[@id=\"application-managecontracts-display-component---AddNewContract--yardId-inner\"]"}
RESULT: {"using":"xpath","value":"//input[@id=\"application-managecontracts-display-component---AddNewContract--yardId-inner\"]"}
COMMAND: POST /session/10ce6bf21e267d5fc72912db2fe1b82f/element/f.BD39AEFEC33B967BC38EA35058F10DD3.d.AD0F2BFB93422D14EC690C69FA80775B.e.5380/clear - {}
RESULT: {}
COMMAND: POST /session/10ce6bf21e267d5fc72912db2fe1b82f/element/f.BD39AEFEC33B967BC38EA35058F10DD3.d.AD0F2BFB93422D14EC690C69FA80775B.e.5380/value - {"text":"WebdriverYardx1ogv"}
COMMAND: GET /session/10ce6bf21e267d5fc72912db2fe1b82f/screenshot - {}
RESULT: {"text":"WebdriverYardx1ogv"}
COMMAND: GET /session/10ce6bf21e267d5fc72912db2fe1b82f/screenshot - {}
RESULT: {}
RESULT: {}
COMMAND: POST /session/10ce6bf21e267d5fc72912db2fe1b82f/actions - {"actions":[{"id":"action21","type":"key","parameters":{},"actions":[{"type":"keyDown","value":""},{"type":"pause","duration":10},{"type":"keyUp","value":""}]}]}
RESULT: {"actions":[{"id":"action21","type":"key","parameters":{},"actions":[{"type":"keyDown","value":""},{"type":"pause","duration":10},{"type":"keyUp","value":""}]}]}
COMMAND: GET /session/10ce6bf21e267d5fc72912db2fe1b82f/screenshot - {}
RESULT: {}
COMMAND: POST /session/10ce6bf21e267d5fc72912db2fe1b82f/element - {"using":"xpath","value":"//input[@id=\"application-managecontracts-display-component---AddNewContract--customerSelect-inner\"]"}
RESULT: {"using":"xpath","value":"//input[@id=\"application-managecontracts-display-component---AddNewContract--customerSelect-inner\"]"}
COMMAND: POST /session/10ce6bf21e267d5fc72912db2fe1b82f/element/f.BD39AEFEC33B967BC38EA35058F10DD3.d.AD0F2BFB93422D14EC690C69FA80775B.e.5378/clear - {}
RESULT: {}
COMMAND: POST /session/10ce6bf21e267d5fc72912db2fe1b82f/element/f.BD39AEFEC33B967BC38EA35058F10DD3.d.AD0F2BFB93422D14EC690C69FA80775B.e.5378/value - {"text":"WebdriverPartnerwe8f1h"}
COMMAND: GET /session/10ce6bf21e267d5fc72912db2fe1b82f/screenshot - {}
RESULT: {"text":"WebdriverPartnerwe8f1h"}
COMMAND: GET /session/10ce6bf21e267d5fc72912db2fe1b82f/screenshot - {}
RESULT: {}
RESULT: {}
COMMAND: POST /session/10ce6bf21e267d5fc72912db2fe1b82f/actions - {"actions":[{"id":"action22","type":"key","parameters":{},"actions":[{"type":"keyDown","value":""},{"type":"pause","duration":10},{"type":"keyUp","value":""}]}]}
RESULT: {"actions":[{"id":"action22","type":"key","parameters":{},"actions":[{"type":"keyDown","value":""},{"type":"pause","duration":10},{"type":"keyUp","value":""}]}]}
COMMAND: GET /session/10ce6bf21e267d5fc72912db2fe1b82f/screenshot - {}
RESULT: {}
COMMAND: POST /session/10ce6bf21e267d5fc72912db2fe1b82f/element - {"using":"xpath","value":"//input[@id=\"application-managecontracts-display-component---AddNewContract--site-inner\"]"}
RESULT: {"using":"xpath","value":"//input[@id=\"application-managecontracts-display-component---AddNewContract--site-inner\"]"}
COMMAND: POST /session/10ce6bf21e267d5fc72912db2fe1b82f/element/f.BD39AEFEC33B967BC38EA35058F10DD3.d.AD0F2BFB93422D14EC690C69FA80775B.e.5379/clear - {}
RESULT: {}
COMMAND: POST /session/10ce6bf21e267d5fc72912db2fe1b82f/element/f.BD39AEFEC33B967BC38EA35058F10DD3.d.AD0F2BFB93422D14EC690C69FA80775B.e.5379/value - {"text":"WebdriverSite70kw7h"}
COMMAND: GET /session/10ce6bf21e267d5fc72912db2fe1b82f/screenshot - {}
RESULT: {"text":"WebdriverSite70kw7h"}
COMMAND: GET /session/10ce6bf21e267d5fc72912db2fe1b82f/screenshot - {}
RESULT: {}
RESULT: {}
COMMAND: POST /session/10ce6bf21e267d5fc72912db2fe1b82f/actions - {"actions":[{"id":"action23","type":"key","parameters":{},"actions":[{"type":"keyDown","value":""},{"type":"pause","duration":10},{"type":"keyUp","value":""}]}]}
RESULT: {"actions":[{"id":"action23","type":"key","parameters":{},"actions":[{"type":"keyDown","value":""},{"type":"pause","duration":10},{"type":"keyUp","value":""}]}]}
COMMAND: POST /session/10ce6bf21e267d5fc72912db2fe1b82f/element - {"using":"xpath","value":"//button[@data-kt=\"saveButton\"]"}
COMMAND: GET /session/10ce6bf21e267d5fc72912db2fe1b82f/screenshot - {}
RESULT: {"using":"xpath","value":"//button[@data-kt=\"saveButton\"]"}
COMMAND: POST /session/10ce6bf21e267d5fc72912db2fe1b82f/element/f.BD39AEFEC33B967BC38EA35058F10DD3.d.AD0F2BFB93422D14EC690C69FA80775B.e.5393/click - {}
RESULT: {}
RESULT: {}
COMMAND: GET /session/10ce6bf21e267d5fc72912db2fe1b82f/screenshot - {}
RESULT: {}
COMMAND: POST /session/10ce6bf21e267d5fc72912db2fe1b82f/execute/async - {"script":"<script> [1562 bytes]","args":[{"selector":{"id":"contractDetailTitleNoExpanded","viewName":"etm.portal.ui.managecontracts.view.Detail"},"wdio_ui5_key":"contractDetailTitleNoExpandedetmportal.ui.managecontracts.view.Detail"}]}
RESULT: {"script":"<script> [1562 bytes]","args":[{"selector":{"id":"contractDetailTitleNoExpanded","viewName":"etm.portal.ui.managecontracts.view.Detail"},"wdio_ui5_key":"contractDetailTitleNoExpandedetmportal.ui.managecontracts.view.Detail"}]}
RESULT: undefined
COMMAND: POST /session/10ce6bf21e267d5fc72912db2fe1b82f/execute/async - {"script":"<script> [6424 bytes]","args":[{"element-6066-11e4-a52e-4f735466cecf":"f.BD39AEFEC33B967BC38EA35058F10DD3.d.AD0F2BFB93422D14EC690C69FA80775B.e.5414"},"getText",[]]}
RESULT: {"script":"<script> [6424 bytes]","args":[{"element-6066-11e4-a52e-4f735466cecf":"f.BD39AEFEC33B967BC38EA35058F10DD3.d.AD0F2BFB93422D14EC690C69FA80775B.e.5414"},"getText",[]]}
]]></system-out>
    </testcase>
    <testcase classname="chrome.135_0_7049_42.windows.Standard_contract_-_add_contract_items_by_Insert_Request_US118222" name="Should create a new request and plan it" time="172.803">
      <system-out><![CDATA[
COMMAND: POST /session/10ce6bf21e267d5fc72912db2fe1b82f/element - {"using":"css selector","value":"#shell-header-logo"}
RESULT: {"using":"css selector","value":"#shell-header-logo"}
COMMAND: POST /session/10ce6bf21e267d5fc72912db2fe1b82f/element/f.BD39AEFEC33B967BC38EA35058F10DD3.d.AD0F2BFB93422D14EC690C69FA80775B.e.5044/click - {}
RESULT: {}
COMMAND: GET /session/10ce6bf21e267d5fc72912db2fe1b82f/screenshot - {}
RESULT: {}
COMMAND: POST /session/10ce6bf21e267d5fc72912db2fe1b82f/execute/async - {"script":"<script> [1562 bytes]","args":[{"selector":{"controlType":"sap.m.GenericTile","properties":{"header":"Manage Requests"}},"wdio_ui5_key":"sapm.GenericTile{\"header\":\"Manage Requests\"}"}]}
RESULT: {"script":"<script> [1562 bytes]","args":[{"selector":{"controlType":"sap.m.GenericTile","properties":{"header":"Manage Requests"}},"wdio_ui5_key":"sapm.GenericTile{\"header\":\"Manage Requests\"}"}]}
RESULT: undefined
COMMAND: POST /session/10ce6bf21e267d5fc72912db2fe1b82f/element - {"using":"xpath","value":"//*[@id=\"__tile47\"]"}
RESULT: {"using":"xpath","value":"//*[@id=\"__tile47\"]"}
COMMAND: POST /session/10ce6bf21e267d5fc72912db2fe1b82f/element/f.BD39AEFEC33B967BC38EA35058F10DD3.d.AD0F2BFB93422D14EC690C69FA80775B.e.5417/click - {}
RESULT: {}
COMMAND: GET /session/10ce6bf21e267d5fc72912db2fe1b82f/screenshot - {}
RESULT: {}
COMMAND: POST /session/10ce6bf21e267d5fc72912db2fe1b82f/element - {"using":"xpath","value":"//button[contains(@data-kt ,\"btnCreateNewOverflowToolbarButton\")]"}
COMMAND: POST /session/10ce6bf21e267d5fc72912db2fe1b82f/element - {"using":"xpath","value":"(//span[contains(@class ,\"sapMObjStatusText\")])[1]"}
RESULT: {"using":"xpath","value":"//button[contains(@data-kt ,\"btnCreateNewOverflowToolbarButton\")]"}
COMMAND: POST /session/10ce6bf21e267d5fc72912db2fe1b82f/element/f.BD39AEFEC33B967BC38EA35058F10DD3.d.AD0F2BFB93422D14EC690C69FA80775B.e.5455/click - {}
RESULT: {"using":"xpath","value":"(//span[contains(@class ,\"sapMObjStatusText\")])[1]"}
COMMAND: POST /session/10ce6bf21e267d5fc72912db2fe1b82f/execute/sync - {"script":"<script> [8489 bytes]","args":[{"element-6066-11e4-a52e-4f735466cecf":"f.BD39AEFEC33B967BC38EA35058F10DD3.d.AD0F2BFB93422D14EC690C69FA80775B.e.5525","ELEMENT":"f.BD39AEFEC33B967BC38EA35058F10DD3.d.AD0F2BFB93422D14EC690C69FA80775B.e.5525"}]}
RESULT: {}
COMMAND: GET /session/10ce6bf21e267d5fc72912db2fe1b82f/screenshot - {}
COMMAND: POST /session/10ce6bf21e267d5fc72912db2fe1b82f/element - {"using":"xpath","value":"(//span[contains(@class ,\"sapMObjStatusText\")])[1]"}
COMMAND: POST /session/10ce6bf21e267d5fc72912db2fe1b82f/element - {"using":"xpath","value":"//input[contains(@id ,\"requestContractNo-inner\")]"}
COMMAND: POST /session/10ce6bf21e267d5fc72912db2fe1b82f/element - {"using":"xpath","value":"//input[contains(@id ,\"yardId-inner\")]"}
RESULT: {}
RESULT: {"using":"xpath","value":"(//span[contains(@class ,\"sapMObjStatusText\")])[1]"}
COMMAND: POST /session/10ce6bf21e267d5fc72912db2fe1b82f/execute/sync - {"script":"<script> [8489 bytes]","args":[{"element-6066-11e4-a52e-4f735466cecf":"f.BD39AEFEC33B967BC38EA35058F10DD3.d.AD0F2BFB93422D14EC690C69FA80775B.e.5869","ELEMENT":"f.BD39AEFEC33B967BC38EA35058F10DD3.d.AD0F2BFB93422D14EC690C69FA80775B.e.5869"}]}
RESULT: {"using":"xpath","value":"//input[contains(@id ,\"requestContractNo-inner\")]"}
COMMAND: POST /session/10ce6bf21e267d5fc72912db2fe1b82f/element/f.BD39AEFEC33B967BC38EA35058F10DD3.d.AD0F2BFB93422D14EC690C69FA80775B.e.5726/value - {"text":"10530"}
RESULT: {"using":"xpath","value":"//input[contains(@id ,\"yardId-inner\")]"}
COMMAND: GET /session/10ce6bf21e267d5fc72912db2fe1b82f/element/f.BD39AEFEC33B967BC38EA35058F10DD3.d.AD0F2BFB93422D14EC690C69FA80775B.e.5731/enabled - {}
RESULT: {"script":"<script> [8489 bytes]","args":[{"element-6066-11e4-a52e-4f735466cecf":"f.BD39AEFEC33B967BC38EA35058F10DD3.d.AD0F2BFB93422D14EC690C69FA80775B.e.5869","ELEMENT":"f.BD39AEFEC33B967BC38EA35058F10DD3.d.AD0F2BFB93422D14EC690C69FA80775B.e.5869"}]}
COMMAND: GET /session/10ce6bf21e267d5fc72912db2fe1b82f/screenshot - {}
RESULT: {"text":"10530"}
COMMAND: GET /session/10ce6bf21e267d5fc72912db2fe1b82f/screenshot - {}
RESULT: {}
COMMAND: GET /session/10ce6bf21e267d5fc72912db2fe1b82f/screenshot - {}
RESULT: {}
RESULT: {}
RESULT: {}
COMMAND: POST /session/10ce6bf21e267d5fc72912db2fe1b82f/actions - {"actions":[{"id":"action24","type":"key","parameters":{},"actions":[{"type":"keyDown","value":""},{"type":"pause","duration":10},{"type":"keyUp","value":""}]}]}
RESULT: {"actions":[{"id":"action24","type":"key","parameters":{},"actions":[{"type":"keyDown","value":""},{"type":"pause","duration":10},{"type":"keyUp","value":""}]}]}
COMMAND: GET /session/10ce6bf21e267d5fc72912db2fe1b82f/screenshot - {}
RESULT: {}
COMMAND: POST /session/10ce6bf21e267d5fc72912db2fe1b82f/execute/async - {"script":"<script> [1562 bytes]","args":[{"selector":{"controlType":"sap.ui.core.Icon","viewName":"etm.portal.ui.managerequests.view.NewRequest","properties":{"src":{"regex":{"source":"add"}}}},"wdio_ui5_key":"etmportal.ui.managerequests.view.NewRequestsap.ui.core.Icon{\"src\":{\"regex\":{\"source\":\"add\"}}}"}]}
RESULT: {"script":"<script> [1562 bytes]","args":[{"selector":{"controlType":"sap.ui.core.Icon","viewName":"etm.portal.ui.managerequests.view.NewRequest","properties":{"src":{"regex":{"source":"add"}}}},"wdio_ui5_key":"etmportal.ui.managerequests.view.NewRequestsap.ui.core.Icon{\"src\":{\"regex\":{\"source\":\"add\"}}}"}]}
RESULT: undefined
COMMAND: POST /session/10ce6bf21e267d5fc72912db2fe1b82f/element - {"using":"xpath","value":"//*[@id=\"__xmlview61--btnAddTableRow-img\"]"}
RESULT: {"using":"xpath","value":"//*[@id=\"__xmlview61--btnAddTableRow-img\"]"}
COMMAND: POST /session/10ce6bf21e267d5fc72912db2fe1b82f/element/f.BD39AEFEC33B967BC38EA35058F10DD3.d.AD0F2BFB93422D14EC690C69FA80775B.e.5705/click - {}
RESULT: {}
COMMAND: GET /session/10ce6bf21e267d5fc72912db2fe1b82f/screenshot - {}
RESULT: {}
COMMAND: POST /session/10ce6bf21e267d5fc72912db2fe1b82f/execute/async - {"script":"<script> [1562 bytes]","args":[{"selector":{"controlType":"sap.ui.unified.MenuItem","viewName":"etm.portal.ui.managerequests.view.NewRequest","i18NText":{"propertyName":"text","key":"standardEntry"},"searchOpenDialogs":true,"interaction":{"idSuffix":"txt"}},"wdio_ui5_key":"etmportal.ui.managerequests.view.NewRequestsap.ui.unified.MenuItem{\"propertyName\":\"text\",\"key\":\"standardEntry\"}"}]}
RESULT: {"script":"<script> [1562 bytes]","args":[{"selector":{"controlType":"sap.ui.unified.MenuItem","viewName":"etm.portal.ui.managerequests.view.NewRequest","i18NText":{"propertyName":"text","key":"standardEntry"},"searchOpenDialogs":true,"interaction":{"idSuffix":"txt"}},"wdio_ui5_key":"etmportal.ui.managerequests.view.NewRequestsap.ui.unified.MenuItem{\"propertyName\":\"text\",\"key\":\"standardEntry\"}"}]}
RESULT: undefined
COMMAND: POST /session/10ce6bf21e267d5fc72912db2fe1b82f/element - {"using":"xpath","value":"//*[@id=\"__item2694\"]"}
RESULT: {"using":"xpath","value":"//*[@id=\"__item2694\"]"}
COMMAND: POST /session/10ce6bf21e267d5fc72912db2fe1b82f/element/f.BD39AEFEC33B967BC38EA35058F10DD3.d.AD0F2BFB93422D14EC690C69FA80775B.e.5882/click - {}
RESULT: {}
COMMAND: GET /session/10ce6bf21e267d5fc72912db2fe1b82f/screenshot - {}
RESULT: {}
RESULT: undefined
COMMAND: POST /session/10ce6bf21e267d5fc72912db2fe1b82f/element - {"using":"xpath","value":"//*[@id=\"__xmlview61--btnAddTableRow-img\"]"}
RESULT: {"using":"xpath","value":"//*[@id=\"__xmlview61--btnAddTableRow-img\"]"}
COMMAND: POST /session/10ce6bf21e267d5fc72912db2fe1b82f/element/f.BD39AEFEC33B967BC38EA35058F10DD3.d.AD0F2BFB93422D14EC690C69FA80775B.e.5705/click - {}
RESULT: {}
COMMAND: GET /session/10ce6bf21e267d5fc72912db2fe1b82f/screenshot - {}
RESULT: {}
RESULT: undefined
COMMAND: POST /session/10ce6bf21e267d5fc72912db2fe1b82f/element - {"using":"xpath","value":"//*[@id=\"__item2694\"]"}
RESULT: {"using":"xpath","value":"//*[@id=\"__item2694\"]"}
COMMAND: POST /session/10ce6bf21e267d5fc72912db2fe1b82f/element/f.BD39AEFEC33B967BC38EA35058F10DD3.d.AD0F2BFB93422D14EC690C69FA80775B.e.5894/click - {}
RESULT: {}
COMMAND: GET /session/10ce6bf21e267d5fc72912db2fe1b82f/screenshot - {}
RESULT: {}
COMMAND: POST /session/10ce6bf21e267d5fc72912db2fe1b82f/element - {"using":"xpath","value":"(//input[contains(@id ,\"requestItemsTable-0-inner\")])[1]"}
RESULT: {"using":"xpath","value":"(//input[contains(@id ,\"requestItemsTable-0-inner\")])[1]"}
COMMAND: POST /session/10ce6bf21e267d5fc72912db2fe1b82f/element/f.BD39AEFEC33B967BC38EA35058F10DD3.d.AD0F2BFB93422D14EC690C69FA80775B.e.5884/clear - {}
RESULT: {}
COMMAND: POST /session/10ce6bf21e267d5fc72912db2fe1b82f/element/f.BD39AEFEC33B967BC38EA35058F10DD3.d.AD0F2BFB93422D14EC690C69FA80775B.e.5884/value - {"text":"catalogItempjv0i"}
COMMAND: GET /session/10ce6bf21e267d5fc72912db2fe1b82f/screenshot - {}
RESULT: {"text":"catalogItempjv0i"}
COMMAND: GET /session/10ce6bf21e267d5fc72912db2fe1b82f/screenshot - {}
RESULT: {}
RESULT: {}
COMMAND: POST /session/10ce6bf21e267d5fc72912db2fe1b82f/actions - {"actions":[{"id":"action25","type":"key","parameters":{},"actions":[{"type":"keyDown","value":""},{"type":"pause","duration":10},{"type":"keyUp","value":""}]}]}
RESULT: {"actions":[{"id":"action25","type":"key","parameters":{},"actions":[{"type":"keyDown","value":""},{"type":"pause","duration":10},{"type":"keyUp","value":""}]}]}
COMMAND: POST /session/10ce6bf21e267d5fc72912db2fe1b82f/element - {"using":"xpath","value":"(//input[contains(@id ,\"requestItemsTable-1-inner\")])[1]"}
COMMAND: GET /session/10ce6bf21e267d5fc72912db2fe1b82f/screenshot - {}
RESULT: {"using":"xpath","value":"(//input[contains(@id ,\"requestItemsTable-1-inner\")])[1]"}
COMMAND: POST /session/10ce6bf21e267d5fc72912db2fe1b82f/element/f.BD39AEFEC33B967BC38EA35058F10DD3.d.AD0F2BFB93422D14EC690C69FA80775B.e.5896/clear - {}
RESULT: {}
RESULT: {}
COMMAND: POST /session/10ce6bf21e267d5fc72912db2fe1b82f/element/f.BD39AEFEC33B967BC38EA35058F10DD3.d.AD0F2BFB93422D14EC690C69FA80775B.e.5896/value - {"text":"catalogItempjv0i"}
COMMAND: GET /session/10ce6bf21e267d5fc72912db2fe1b82f/screenshot - {}
RESULT: {"text":"catalogItempjv0i"}
COMMAND: GET /session/10ce6bf21e267d5fc72912db2fe1b82f/screenshot - {}
RESULT: {}
RESULT: {}
COMMAND: POST /session/10ce6bf21e267d5fc72912db2fe1b82f/actions - {"actions":[{"id":"action26","type":"key","parameters":{},"actions":[{"type":"keyDown","value":""},{"type":"pause","duration":10},{"type":"keyUp","value":""}]}]}
RESULT: {"actions":[{"id":"action26","type":"key","parameters":{},"actions":[{"type":"keyDown","value":""},{"type":"pause","duration":10},{"type":"keyUp","value":""}]}]}
COMMAND: GET /session/10ce6bf21e267d5fc72912db2fe1b82f/screenshot - {}
RESULT: {}
COMMAND: POST /session/10ce6bf21e267d5fc72912db2fe1b82f/execute/async - {"script":"<script> [1562 bytes]","args":[{"selector":{"controlType":"sap.ui.core.Icon","viewName":"etm.portal.ui.managerequests.view.NewRequest","properties":{"src":{"regex":{"source":"slim\\-arrow\\-down"}}},"ancestor":{"controlType":"sap.m.Button","viewName":"etm.portal.ui.managerequests.view.NewRequest","properties":{"icon":"sap-icon://slim-arrow-down"}}},"wdio_ui5_key":"etmportal.ui.managerequests.view.NewRequestsap.ui.core.Icon{\"src\":{\"regex\":{\"source\":\"slim\\\\-arrow\\\\-down\"}}}{\"controlType\":\"sap.m.Button\",\"viewName\":\"etm.portal.ui.managerequests.view.NewRequest\",\"properties\":{\"icon\":\"sap-icon://slim-arrow-down\"}}"}]}
RESULT: {"script":"<script> [1562 bytes]","args":[{"selector":{"controlType":"sap.ui.core.Icon","viewName":"etm.portal.ui.managerequests.view.NewRequest","properties":{"src":{"regex":{"source":"slim\\-arrow\\-down"}}},"ancestor":{"controlType":"sap.m.Button","viewName":"etm.portal.ui.managerequests.view.NewRequest","properties":{"icon":"sap-icon://slim-arrow-down"}}},"wdio_ui5_key":"etmportal.ui.managerequests.view.NewRequestsap.ui.core.Icon{\"src\":{\"regex\":{\"source\":\"slim\\\\-arrow\\\\-down\"}}}{\"controlType\":\"sap.m.Button\",\"viewName\":\"etm.portal.ui.managerequests.view.NewRequest\",\"properties\":{\"icon\":\"sap-icon://slim-arrow-down\"}}"}]}
RESULT: undefined
COMMAND: POST /session/10ce6bf21e267d5fc72912db2fe1b82f/element - {"using":"xpath","value":"//*[@id=\"__title48-expandBtn-img\"]"}
RESULT: {"using":"xpath","value":"//*[@id=\"__title48-expandBtn-img\"]"}
COMMAND: POST /session/10ce6bf21e267d5fc72912db2fe1b82f/element/f.BD39AEFEC33B967BC38EA35058F10DD3.d.AD0F2BFB93422D14EC690C69FA80775B.e.5917/click - {}
RESULT: {}
COMMAND: POST /session/10ce6bf21e267d5fc72912db2fe1b82f/element - {"using":"xpath","value":"//div[contains(@data-kt ,\"splitAllocationObjectStatus\")]"}
COMMAND: GET /session/10ce6bf21e267d5fc72912db2fe1b82f/screenshot - {}
RESULT: {"using":"xpath","value":"//div[contains(@data-kt ,\"splitAllocationObjectStatus\")]"}
COMMAND: POST /session/10ce6bf21e267d5fc72912db2fe1b82f/elements - {"using":"xpath","value":"//div[contains(@data-kt ,\"splitAllocationObjectStatus\")]"}
RESULT: {}
RESULT: {"using":"xpath","value":"//div[contains(@data-kt ,\"splitAllocationObjectStatus\")]"}
COMMAND: POST /session/10ce6bf21e267d5fc72912db2fe1b82f/execute/async - {"script":"<script> [1562 bytes]","args":[{"selector":{"controlType":"sap.ui.core.Icon","viewName":"etm.portal.ui.managerequests.view.NewRequest","properties":{"src":{"regex":{"source":"message\\-error"}}},"ancestor":{"controlType":"sap.m.ColumnListItem","viewName":"etm.portal.ui.managerequests.view.NewRequest","bindingPath":{"modelName":"newRequestItems","path":"/RequestItems/0"},"ancestor":{"id":"requestItemsTable","viewName":"etm.portal.ui.managerequests.view.NewRequest"}}},"wdio_ui5_key":"etmportal.ui.managerequests.view.NewRequestsap.ui.core.Icon{\"src\":{\"regex\":{\"source\":\"message\\\\-error\"}}}{\"controlType\":\"sap.m.ColumnListItem\",\"viewName\":\"etm.portal.ui.managerequests.view.NewRequest\",\"bindingPath\":{\"modelName\":\"newRequestItems\",\"path\":\"/RequestItems/0\"},\"ancestor\":{\"id\":\"requestItemsTable\",\"viewName\":\"etm.portal.ui.managerequests.view.NewRequest\"}}"}]}
RESULT: {"script":"<script> [1562 bytes]","args":[{"selector":{"controlType":"sap.ui.core.Icon","viewName":"etm.portal.ui.managerequests.view.NewRequest","properties":{"src":{"regex":{"source":"message\\-error"}}},"ancestor":{"controlType":"sap.m.ColumnListItem","viewName":"etm.portal.ui.managerequests.view.NewRequest","bindingPath":{"modelName":"newRequestItems","path":"/RequestItems/0"},"ancestor":{"id":"requestItemsTable","viewName":"etm.portal.ui.managerequests.view.NewRequest"}}},"wdio_ui5_key":"etmportal.ui.managerequests.view.NewRequestsap.ui.core.Icon{\"src\":{\"regex\":{\"source\":\"message\\\\-error\"}}}{\"controlType\":\"sap.m.ColumnListItem\",\"viewName\":\"etm.portal.ui.managerequests.view.NewRequest\",\"bindingPath\":{\"modelName\":\"newRequestItems\",\"path\":\"/RequestItems/0\"},\"ancestor\":{\"id\":\"requestItemsTable\",\"viewName\":\"etm.portal.ui.managerequests.view.NewRequest\"}}"}]}
RESULT: undefined
COMMAND: POST /session/10ce6bf21e267d5fc72912db2fe1b82f/element - {"using":"xpath","value":"//*[@id=\"__status15-__xmlview61--requestItemsTable-0-icon\"]"}
RESULT: {"using":"xpath","value":"//*[@id=\"__status15-__xmlview61--requestItemsTable-0-icon\"]"}
COMMAND: POST /session/10ce6bf21e267d5fc72912db2fe1b82f/element/f.BD39AEFEC33B967BC38EA35058F10DD3.d.AD0F2BFB93422D14EC690C69FA80775B.e.5922/click - {}
RESULT: {}
COMMAND: GET /session/10ce6bf21e267d5fc72912db2fe1b82f/screenshot - {}
RESULT: {}
COMMAND: POST /session/10ce6bf21e267d5fc72912db2fe1b82f/execute/async - {"script":"<script> [1562 bytes]","args":[{"selector":{"id":"costObjectAdminTypeComboBox","viewName":"etm.portal.ui.managerequests.view.NewRequest","searchOpenDialogs":true,"interaction":{"idSuffix":"inner"}},"wdio_ui5_key":"costObjectAdminTypeComboBoxetmportal.ui.managerequests.view.NewRequest"}]}
RESULT: {"script":"<script> [1562 bytes]","args":[{"selector":{"id":"costObjectAdminTypeComboBox","viewName":"etm.portal.ui.managerequests.view.NewRequest","searchOpenDialogs":true,"interaction":{"idSuffix":"inner"}},"wdio_ui5_key":"costObjectAdminTypeComboBoxetmportal.ui.managerequests.view.NewRequest"}]}
RESULT: undefined
COMMAND: POST /session/10ce6bf21e267d5fc72912db2fe1b82f/execute/async - {"script":"<script> [776 bytes]","args":[{"enterText":"Cost Center","selector":{"id":"costObjectAdminTypeComboBox","viewName":"etm.portal.ui.managerequests.view.NewRequest","searchOpenDialogs":true,"interaction":{"idSuffix":"inner"}},"clearTextFirst":true,"interactionType":"ENTER_TEXT"}]}
RESULT: {"script":"<script> [776 bytes]","args":[{"enterText":"Cost Center","selector":{"id":"costObjectAdminTypeComboBox","viewName":"etm.portal.ui.managerequests.view.NewRequest","searchOpenDialogs":true,"interaction":{"idSuffix":"inner"}},"clearTextFirst":true,"interactionType":"ENTER_TEXT"}]}
COMMAND: POST /session/10ce6bf21e267d5fc72912db2fe1b82f/actions - {"actions":[{"id":"action27","type":"key","parameters":{},"actions":[{"type":"keyDown","value":""},{"type":"pause","duration":10},{"type":"keyUp","value":""}]}]}
RESULT: {"actions":[{"id":"action27","type":"key","parameters":{},"actions":[{"type":"keyDown","value":""},{"type":"pause","duration":10},{"type":"keyUp","value":""}]}]}
COMMAND: GET /session/10ce6bf21e267d5fc72912db2fe1b82f/screenshot - {}
RESULT: {}
COMMAND: POST /session/10ce6bf21e267d5fc72912db2fe1b82f/execute/async - {"script":"<script> [1562 bytes]","args":[{"selector":{"controlType":"sap.ui.core.Icon","viewName":"etm.portal.ui.managerequests.view.NewRequest","properties":{"src":{"regex":{"source":"value\\-help"}}},"searchOpenDialogs":true},"wdio_ui5_key":"etmportal.ui.managerequests.view.NewRequestsap.ui.core.Icon{\"src\":{\"regex\":{\"source\":\"value\\\\-help\"}}}"}]}
RESULT: {"script":"<script> [1562 bytes]","args":[{"selector":{"controlType":"sap.ui.core.Icon","viewName":"etm.portal.ui.managerequests.view.NewRequest","properties":{"src":{"regex":{"source":"value\\-help"}}},"searchOpenDialogs":true},"wdio_ui5_key":"etmportal.ui.managerequests.view.NewRequestsap.ui.core.Icon{\"src\":{\"regex\":{\"source\":\"value\\\\-help\"}}}"}]}
RESULT: undefined
COMMAND: POST /session/10ce6bf21e267d5fc72912db2fe1b82f/element - {"using":"xpath","value":"//*[@id=\"__xmlview61--costObjectIdComboBox-vhi\"]"}
RESULT: {"using":"xpath","value":"//*[@id=\"__xmlview61--costObjectIdComboBox-vhi\"]"}
COMMAND: POST /session/10ce6bf21e267d5fc72912db2fe1b82f/element/f.BD39AEFEC33B967BC38EA35058F10DD3.d.AD0F2BFB93422D14EC690C69FA80775B.e.5935/click - {}
RESULT: {}
COMMAND: POST /session/10ce6bf21e267d5fc72912db2fe1b82f/execute/async - {"script":"<script> [1562 bytes]","args":[{"selector":{"controlType":"sap.m.SearchField","properties":{"placeholder":"Search"},"searchOpenDialogs":true,"interaction":{"idSuffix":"I"}},"wdio_ui5_key":"sapm.SearchField{\"placeholder\":\"Search\"}"}]}
COMMAND: GET /session/10ce6bf21e267d5fc72912db2fe1b82f/screenshot - {}
RESULT: {"script":"<script> [1562 bytes]","args":[{"selector":{"controlType":"sap.m.SearchField","properties":{"placeholder":"Search"},"searchOpenDialogs":true,"interaction":{"idSuffix":"I"}},"wdio_ui5_key":"sapm.SearchField{\"placeholder\":\"Search\"}"}]}
RESULT: undefined
COMMAND: POST /session/10ce6bf21e267d5fc72912db2fe1b82f/execute/async - {"script":"<script> [776 bytes]","args":[{"enterText":"10001013","selector":{"controlType":"sap.m.SearchField","properties":{"placeholder":"Search"},"searchOpenDialogs":true,"interaction":{"idSuffix":"I"}},"clearTextFirst":true,"interactionType":"ENTER_TEXT"}]}
RESULT: {}
RESULT: {"script":"<script> [776 bytes]","args":[{"enterText":"10001013","selector":{"controlType":"sap.m.SearchField","properties":{"placeholder":"Search"},"searchOpenDialogs":true,"interaction":{"idSuffix":"I"}},"clearTextFirst":true,"interactionType":"ENTER_TEXT"}]}
COMMAND: POST /session/10ce6bf21e267d5fc72912db2fe1b82f/actions - {"actions":[{"id":"action28","type":"key","parameters":{},"actions":[{"type":"keyDown","value":""},{"type":"pause","duration":10},{"type":"keyUp","value":""}]}]}
RESULT: {"actions":[{"id":"action28","type":"key","parameters":{},"actions":[{"type":"keyDown","value":""},{"type":"pause","duration":10},{"type":"keyUp","value":""}]}]}
COMMAND: GET /session/10ce6bf21e267d5fc72912db2fe1b82f/screenshot - {}
RESULT: {}
COMMAND: POST /session/10ce6bf21e267d5fc72912db2fe1b82f/element - {"using":"xpath","value":"//span[contains(text(), \"General Management\")]"}
RESULT: {"using":"xpath","value":"//span[contains(text(), \"General Management\")]"}
COMMAND: POST /session/10ce6bf21e267d5fc72912db2fe1b82f/element/f.BD39AEFEC33B967BC38EA35058F10DD3.d.AD0F2BFB93422D14EC690C69FA80775B.e.5975/click - {}
RESULT: {}
COMMAND: GET /session/10ce6bf21e267d5fc72912db2fe1b82f/screenshot - {}
RESULT: {}
COMMAND: POST /session/10ce6bf21e267d5fc72912db2fe1b82f/element - {"using":"xpath","value":"//bdi[contains(text(), \"OK\")]"}
RESULT: {"using":"xpath","value":"//bdi[contains(text(), \"OK\")]"}
COMMAND: POST /session/10ce6bf21e267d5fc72912db2fe1b82f/element/f.BD39AEFEC33B967BC38EA35058F10DD3.d.AD0F2BFB93422D14EC690C69FA80775B.e.5976/click - {}
RESULT: {}
COMMAND: GET /session/10ce6bf21e267d5fc72912db2fe1b82f/screenshot - {}
RESULT: {}
COMMAND: POST /session/10ce6bf21e267d5fc72912db2fe1b82f/element - {"using":"xpath","value":"(//bdi[contains(@id ,\"BDI-content\")][contains(text(), \"Save\")])[1]"}
RESULT: {"using":"xpath","value":"(//bdi[contains(@id ,\"BDI-content\")][contains(text(), \"Save\")])[1]"}
COMMAND: POST /session/10ce6bf21e267d5fc72912db2fe1b82f/element/f.BD39AEFEC33B967BC38EA35058F10DD3.d.AD0F2BFB93422D14EC690C69FA80775B.e.5980/click - {}
RESULT: {}
COMMAND: GET /session/10ce6bf21e267d5fc72912db2fe1b82f/screenshot - {}
RESULT: {}
COMMAND: POST /session/10ce6bf21e267d5fc72912db2fe1b82f/execute/async - {"script":"<script> [1562 bytes]","args":[{"selector":{"controlType":"sap.ui.core.Icon","viewName":"etm.portal.ui.managerequests.view.NewRequest","properties":{"src":{"regex":{"source":"message\\-error"}}},"ancestor":{"controlType":"sap.m.ColumnListItem","viewName":"etm.portal.ui.managerequests.view.NewRequest","bindingPath":{"modelName":"newRequestItems","path":"/RequestItems/1"},"ancestor":{"id":"requestItemsTable","viewName":"etm.portal.ui.managerequests.view.NewRequest"}}},"wdio_ui5_key":"etmportal.ui.managerequests.view.NewRequestsap.ui.core.Icon{\"src\":{\"regex\":{\"source\":\"message\\\\-error\"}}}{\"controlType\":\"sap.m.ColumnListItem\",\"viewName\":\"etm.portal.ui.managerequests.view.NewRequest\",\"bindingPath\":{\"modelName\":\"newRequestItems\",\"path\":\"/RequestItems/1\"},\"ancestor\":{\"id\":\"requestItemsTable\",\"viewName\":\"etm.portal.ui.managerequests.view.NewRequest\"}}"}]}
RESULT: {"script":"<script> [1562 bytes]","args":[{"selector":{"controlType":"sap.ui.core.Icon","viewName":"etm.portal.ui.managerequests.view.NewRequest","properties":{"src":{"regex":{"source":"message\\-error"}}},"ancestor":{"controlType":"sap.m.ColumnListItem","viewName":"etm.portal.ui.managerequests.view.NewRequest","bindingPath":{"modelName":"newRequestItems","path":"/RequestItems/1"},"ancestor":{"id":"requestItemsTable","viewName":"etm.portal.ui.managerequests.view.NewRequest"}}},"wdio_ui5_key":"etmportal.ui.managerequests.view.NewRequestsap.ui.core.Icon{\"src\":{\"regex\":{\"source\":\"message\\\\-error\"}}}{\"controlType\":\"sap.m.ColumnListItem\",\"viewName\":\"etm.portal.ui.managerequests.view.NewRequest\",\"bindingPath\":{\"modelName\":\"newRequestItems\",\"path\":\"/RequestItems/1\"},\"ancestor\":{\"id\":\"requestItemsTable\",\"viewName\":\"etm.portal.ui.managerequests.view.NewRequest\"}}"}]}
RESULT: undefined
COMMAND: POST /session/10ce6bf21e267d5fc72912db2fe1b82f/element - {"using":"xpath","value":"//*[@id=\"__status15-__xmlview61--requestItemsTable-1-icon\"]"}
RESULT: {"using":"xpath","value":"//*[@id=\"__status15-__xmlview61--requestItemsTable-1-icon\"]"}
COMMAND: POST /session/10ce6bf21e267d5fc72912db2fe1b82f/element/f.BD39AEFEC33B967BC38EA35058F10DD3.d.AD0F2BFB93422D14EC690C69FA80775B.e.5983/click - {}
RESULT: {}
COMMAND: GET /session/10ce6bf21e267d5fc72912db2fe1b82f/screenshot - {}
RESULT: {}
RESULT: undefined
COMMAND: POST /session/10ce6bf21e267d5fc72912db2fe1b82f/execute/async - {"script":"<script> [776 bytes]","args":[{"enterText":"Cost Center","selector":{"id":"costObjectAdminTypeComboBox","viewName":"etm.portal.ui.managerequests.view.NewRequest","searchOpenDialogs":true,"interaction":{"idSuffix":"inner"}},"clearTextFirst":true,"interactionType":"ENTER_TEXT"}]}
RESULT: {"script":"<script> [776 bytes]","args":[{"enterText":"Cost Center","selector":{"id":"costObjectAdminTypeComboBox","viewName":"etm.portal.ui.managerequests.view.NewRequest","searchOpenDialogs":true,"interaction":{"idSuffix":"inner"}},"clearTextFirst":true,"interactionType":"ENTER_TEXT"}]}
COMMAND: POST /session/10ce6bf21e267d5fc72912db2fe1b82f/actions - {"actions":[{"id":"action29","type":"key","parameters":{},"actions":[{"type":"keyDown","value":""},{"type":"pause","duration":10},{"type":"keyUp","value":""}]}]}
RESULT: {"actions":[{"id":"action29","type":"key","parameters":{},"actions":[{"type":"keyDown","value":""},{"type":"pause","duration":10},{"type":"keyUp","value":""}]}]}
COMMAND: GET /session/10ce6bf21e267d5fc72912db2fe1b82f/screenshot - {}
RESULT: {}
RESULT: undefined
COMMAND: POST /session/10ce6bf21e267d5fc72912db2fe1b82f/element - {"using":"xpath","value":"//*[@id=\"__xmlview61--costObjectIdComboBox-vhi\"]"}
RESULT: {"using":"xpath","value":"//*[@id=\"__xmlview61--costObjectIdComboBox-vhi\"]"}
COMMAND: POST /session/10ce6bf21e267d5fc72912db2fe1b82f/element/f.BD39AEFEC33B967BC38EA35058F10DD3.d.AD0F2BFB93422D14EC690C69FA80775B.e.5992/click - {}
RESULT: {}
RESULT: undefined
COMMAND: POST /session/10ce6bf21e267d5fc72912db2fe1b82f/execute/async - {"script":"<script> [776 bytes]","args":[{"enterText":"10001013","selector":{"controlType":"sap.m.SearchField","properties":{"placeholder":"Search"},"searchOpenDialogs":true,"interaction":{"idSuffix":"I"}},"clearTextFirst":true,"interactionType":"ENTER_TEXT"}]}
COMMAND: GET /session/10ce6bf21e267d5fc72912db2fe1b82f/screenshot - {}
RESULT: {"script":"<script> [776 bytes]","args":[{"enterText":"10001013","selector":{"controlType":"sap.m.SearchField","properties":{"placeholder":"Search"},"searchOpenDialogs":true,"interaction":{"idSuffix":"I"}},"clearTextFirst":true,"interactionType":"ENTER_TEXT"}]}
COMMAND: POST /session/10ce6bf21e267d5fc72912db2fe1b82f/actions - {"actions":[{"id":"action30","type":"key","parameters":{},"actions":[{"type":"keyDown","value":""},{"type":"pause","duration":10},{"type":"keyUp","value":""}]}]}
RESULT: {}
RESULT: {"actions":[{"id":"action30","type":"key","parameters":{},"actions":[{"type":"keyDown","value":""},{"type":"pause","duration":10},{"type":"keyUp","value":""}]}]}
COMMAND: GET /session/10ce6bf21e267d5fc72912db2fe1b82f/screenshot - {}
RESULT: {}
COMMAND: POST /session/10ce6bf21e267d5fc72912db2fe1b82f/element - {"using":"xpath","value":"//span[contains(text(), \"General Management\")]"}
RESULT: {"using":"xpath","value":"//span[contains(text(), \"General Management\")]"}
COMMAND: POST /session/10ce6bf21e267d5fc72912db2fe1b82f/element/f.BD39AEFEC33B967BC38EA35058F10DD3.d.AD0F2BFB93422D14EC690C69FA80775B.e.6031/click - {}
RESULT: {}
COMMAND: GET /session/10ce6bf21e267d5fc72912db2fe1b82f/screenshot - {}
RESULT: {}
COMMAND: POST /session/10ce6bf21e267d5fc72912db2fe1b82f/element - {"using":"xpath","value":"//bdi[contains(text(), \"OK\")]"}
RESULT: {"using":"xpath","value":"//bdi[contains(text(), \"OK\")]"}
COMMAND: POST /session/10ce6bf21e267d5fc72912db2fe1b82f/element/f.BD39AEFEC33B967BC38EA35058F10DD3.d.AD0F2BFB93422D14EC690C69FA80775B.e.6032/click - {}
RESULT: {}
COMMAND: GET /session/10ce6bf21e267d5fc72912db2fe1b82f/screenshot - {}
RESULT: {}
COMMAND: POST /session/10ce6bf21e267d5fc72912db2fe1b82f/element - {"using":"xpath","value":"(//bdi[contains(@id ,\"BDI-content\")][contains(text(), \"Save\")])[1]"}
RESULT: {"using":"xpath","value":"(//bdi[contains(@id ,\"BDI-content\")][contains(text(), \"Save\")])[1]"}
COMMAND: POST /session/10ce6bf21e267d5fc72912db2fe1b82f/element/f.BD39AEFEC33B967BC38EA35058F10DD3.d.AD0F2BFB93422D14EC690C69FA80775B.e.6036/click - {}
RESULT: {}
COMMAND: GET /session/10ce6bf21e267d5fc72912db2fe1b82f/screenshot - {}
RESULT: {}
COMMAND: POST /session/10ce6bf21e267d5fc72912db2fe1b82f/execute/async - {"script":"<script> [1562 bytes]","args":[{"selector":{"controlType":"sap.m.Button","viewName":"etm.portal.ui.managerequests.view.NewRequest","i18NText":{"propertyName":"tooltip","key":"save"},"interaction":{"idSuffix":"content"}},"wdio_ui5_key":"etmportal.ui.managerequests.view.NewRequestsap.m.Button{\"propertyName\":\"tooltip\",\"key\":\"save\"}"}]}
RESULT: {"script":"<script> [1562 bytes]","args":[{"selector":{"controlType":"sap.m.Button","viewName":"etm.portal.ui.managerequests.view.NewRequest","i18NText":{"propertyName":"tooltip","key":"save"},"interaction":{"idSuffix":"content"}},"wdio_ui5_key":"etmportal.ui.managerequests.view.NewRequestsap.m.Button{\"propertyName\":\"tooltip\",\"key\":\"save\"}"}]}
RESULT: undefined
COMMAND: POST /session/10ce6bf21e267d5fc72912db2fe1b82f/element - {"using":"xpath","value":"//*[@id=\"__button105\"]"}
RESULT: {"using":"xpath","value":"//*[@id=\"__button105\"]"}
COMMAND: POST /session/10ce6bf21e267d5fc72912db2fe1b82f/element/f.BD39AEFEC33B967BC38EA35058F10DD3.d.AD0F2BFB93422D14EC690C69FA80775B.e.5807/click - {}
RESULT: {}
COMMAND: GET /session/10ce6bf21e267d5fc72912db2fe1b82f/screenshot - {}
RESULT: {}
COMMAND: POST /session/10ce6bf21e267d5fc72912db2fe1b82f/execute/async - {"script":"<script> [1562 bytes]","args":[{"selector":{"controlType":"sap.m.Title","properties":{"text":"Success"},"searchOpenDialogs":true},"wdio_ui5_key":"sapm.Title{\"text\":\"Success\"}"}]}
RESULT: {"script":"<script> [1562 bytes]","args":[{"selector":{"controlType":"sap.m.Title","properties":{"text":"Success"},"searchOpenDialogs":true},"wdio_ui5_key":"sapm.Title{\"text\":\"Success\"}"}]}
RESULT: undefined
COMMAND: POST /session/10ce6bf21e267d5fc72912db2fe1b82f/execute/async - {"script":"<script> [6424 bytes]","args":[{"element-6066-11e4-a52e-4f735466cecf":"f.BD39AEFEC33B967BC38EA35058F10DD3.d.AD0F2BFB93422D14EC690C69FA80775B.e.6042"},"getText",[]]}
RESULT: {"script":"<script> [6424 bytes]","args":[{"element-6066-11e4-a52e-4f735466cecf":"f.BD39AEFEC33B967BC38EA35058F10DD3.d.AD0F2BFB93422D14EC690C69FA80775B.e.6042"},"getText",[]]}
COMMAND: POST /session/10ce6bf21e267d5fc72912db2fe1b82f/execute/async - {"script":"<script> [1562 bytes]","args":[{"selector":{"controlType":"sap.m.Button","properties":{"text":"Close"},"searchOpenDialogs":true,"interaction":{"idSuffix":"BDI-content"}},"wdio_ui5_key":"sapm.Button{\"text\":\"Close\"}"}]}
RESULT: {"script":"<script> [1562 bytes]","args":[{"selector":{"controlType":"sap.m.Button","properties":{"text":"Close"},"searchOpenDialogs":true,"interaction":{"idSuffix":"BDI-content"}},"wdio_ui5_key":"sapm.Button{\"text\":\"Close\"}"}]}
RESULT: undefined
COMMAND: POST /session/10ce6bf21e267d5fc72912db2fe1b82f/element - {"using":"xpath","value":"//*[@id=\"__mbox-btn-4\"]"}
RESULT: {"using":"xpath","value":"//*[@id=\"__mbox-btn-4\"]"}
COMMAND: POST /session/10ce6bf21e267d5fc72912db2fe1b82f/element/f.BD39AEFEC33B967BC38EA35058F10DD3.d.AD0F2BFB93422D14EC690C69FA80775B.e.6041/click - {}
RESULT: {}
COMMAND: GET /session/10ce6bf21e267d5fc72912db2fe1b82f/screenshot - {}
RESULT: {}
COMMAND: POST /session/10ce6bf21e267d5fc72912db2fe1b82f/execute/async - {"script":"<script> [1562 bytes]","args":[{"selector":{"controlType":"sap.m.Text","viewName":"etm.portal.ui.managerequests.view.Detail","bindingPath":{"propertyPath":"NO","modelName":"catalogModel"}},"wdio_ui5_key":"etmportal.ui.managerequests.view.Detailsap.m.Text{\"propertyPath\":\"NO\",\"modelName\":\"catalogModel\"}"}]}
RESULT: {"script":"<script> [1562 bytes]","args":[{"selector":{"controlType":"sap.m.Text","viewName":"etm.portal.ui.managerequests.view.Detail","bindingPath":{"propertyPath":"NO","modelName":"catalogModel"}},"wdio_ui5_key":"etmportal.ui.managerequests.view.Detailsap.m.Text{\"propertyPath\":\"NO\",\"modelName\":\"catalogModel\"}"}]}
RESULT: undefined
COMMAND: POST /session/10ce6bf21e267d5fc72912db2fe1b82f/execute/async - {"script":"<script> [6424 bytes]","args":[{"element-6066-11e4-a52e-4f735466cecf":"f.BD39AEFEC33B967BC38EA35058F10DD3.d.AD0F2BFB93422D14EC690C69FA80775B.e.6172"},"getText",[]]}
RESULT: {"script":"<script> [6424 bytes]","args":[{"element-6066-11e4-a52e-4f735466cecf":"f.BD39AEFEC33B967BC38EA35058F10DD3.d.AD0F2BFB93422D14EC690C69FA80775B.e.6172"},"getText",[]]}
COMMAND: POST /session/10ce6bf21e267d5fc72912db2fe1b82f/execute/async - {"script":"<script> [1562 bytes]","args":[{"selector":{"controlType":"sap.ui.core.Icon","viewName":"etm.portal.ui.managerequests.view.Detail","properties":{"src":{"regex":{"source":"date\\-time"}}},"ancestor":{"controlType":"sap.m.ColumnListItem","viewName":"etm.portal.ui.managerequests.view.Detail","bindingPath":{"path":"/SmartRequestItemsPlanningBoard(ITEM=10m,REQUEST='20289')"},"ancestor":{"id":"requestItemsTable","viewName":"etm.portal.ui.managerequests.view.Detail"}}},"wdio_ui5_key":"etmportal.ui.managerequests.view.Detailsap.ui.core.Icon{\"src\":{\"regex\":{\"source\":\"date\\\\-time\"}}}{\"controlType\":\"sap.m.ColumnListItem\",\"viewName\":\"etm.portal.ui.managerequests.view.Detail\",\"bindingPath\":{\"path\":\"/SmartRequestItemsPlanningBoard(ITEM=10m,REQUEST='20289')\"},\"ancestor\":{\"id\":\"requestItemsTable\",\"viewName\":\"etm.portal.ui.managerequests.view.Detail\"}}"}]}
RESULT: {"script":"<script> [1562 bytes]","args":[{"selector":{"controlType":"sap.ui.core.Icon","viewName":"etm.portal.ui.managerequests.view.Detail","properties":{"src":{"regex":{"source":"date\\-time"}}},"ancestor":{"controlType":"sap.m.ColumnListItem","viewName":"etm.portal.ui.managerequests.view.Detail","bindingPath":{"path":"/SmartRequestItemsPlanningBoard(ITEM=10m,REQUEST='20289')"},"ancestor":{"id":"requestItemsTable","viewName":"etm.portal.ui.managerequests.view.Detail"}}},"wdio_ui5_key":"etmportal.ui.managerequests.view.Detailsap.ui.core.Icon{\"src\":{\"regex\":{\"source\":\"date\\\\-time\"}}}{\"controlType\":\"sap.m.ColumnListItem\",\"viewName\":\"etm.portal.ui.managerequests.view.Detail\",\"bindingPath\":{\"path\":\"/SmartRequestItemsPlanningBoard(ITEM=10m,REQUEST='20289')\"},\"ancestor\":{\"id\":\"requestItemsTable\",\"viewName\":\"etm.portal.ui.managerequests.view.Detail\"}}"}]}
RESULT: undefined
COMMAND: POST /session/10ce6bf21e267d5fc72912db2fe1b82f/element - {"using":"xpath","value":"//*[@id=\"__button135-__clone9274-img\"]"}
RESULT: {"using":"xpath","value":"//*[@id=\"__button135-__clone9274-img\"]"}
COMMAND: POST /session/10ce6bf21e267d5fc72912db2fe1b82f/element/f.BD39AEFEC33B967BC38EA35058F10DD3.d.AD0F2BFB93422D14EC690C69FA80775B.e.6173/click - {}
RESULT: {}
COMMAND: POST /session/10ce6bf21e267d5fc72912db2fe1b82f/execute/async - {"script":"<script> [1562 bytes]","args":[{"selector":{"controlType":"sap.m.Button","viewName":"etm.portal.ui.managerequests.view.Detail","properties":{"text":"Close"},"searchOpenDialogs":true,"interaction":{"idSuffix":"BDI-content"}},"wdio_ui5_key":"etmportal.ui.managerequests.view.Detailsap.m.Button{\"text\":\"Close\"}"}]}
COMMAND: GET /session/10ce6bf21e267d5fc72912db2fe1b82f/screenshot - {}
RESULT: {"script":"<script> [1562 bytes]","args":[{"selector":{"controlType":"sap.m.Button","viewName":"etm.portal.ui.managerequests.view.Detail","properties":{"text":"Close"},"searchOpenDialogs":true,"interaction":{"idSuffix":"BDI-content"}},"wdio_ui5_key":"etmportal.ui.managerequests.view.Detailsap.m.Button{\"text\":\"Close\"}"}]}
RESULT: undefined
COMMAND: POST /session/10ce6bf21e267d5fc72912db2fe1b82f/element - {"using":"xpath","value":"//*[@id=\"__button145\"]"}
RESULT: {}
RESULT: {"using":"xpath","value":"//*[@id=\"__button145\"]"}
COMMAND: POST /session/10ce6bf21e267d5fc72912db2fe1b82f/element/f.BD39AEFEC33B967BC38EA35058F10DD3.d.AD0F2BFB93422D14EC690C69FA80775B.e.6176/click - {}
RESULT: {}
COMMAND: POST /session/10ce6bf21e267d5fc72912db2fe1b82f/execute/async - {"script":"<script> [1562 bytes]","args":[{"selector":{"controlType":"sap.ui.core.Icon","viewName":"etm.portal.ui.managerequests.view.Detail","properties":{"src":{"regex":{"source":"date\\-time"}}},"ancestor":{"controlType":"sap.m.ColumnListItem","viewName":"etm.portal.ui.managerequests.view.Detail","bindingPath":{"path":"/SmartRequestItemsPlanningBoard(ITEM=20m,REQUEST='20289')"},"ancestor":{"id":"requestItemsTable","viewName":"etm.portal.ui.managerequests.view.Detail"}}},"wdio_ui5_key":"etmportal.ui.managerequests.view.Detailsap.ui.core.Icon{\"src\":{\"regex\":{\"source\":\"date\\\\-time\"}}}{\"controlType\":\"sap.m.ColumnListItem\",\"viewName\":\"etm.portal.ui.managerequests.view.Detail\",\"bindingPath\":{\"path\":\"/SmartRequestItemsPlanningBoard(ITEM=20m,REQUEST='20289')\"},\"ancestor\":{\"id\":\"requestItemsTable\",\"viewName\":\"etm.portal.ui.managerequests.view.Detail\"}}"}]}
COMMAND: GET /session/10ce6bf21e267d5fc72912db2fe1b82f/screenshot - {}
RESULT: {"script":"<script> [1562 bytes]","args":[{"selector":{"controlType":"sap.ui.core.Icon","viewName":"etm.portal.ui.managerequests.view.Detail","properties":{"src":{"regex":{"source":"date\\-time"}}},"ancestor":{"controlType":"sap.m.ColumnListItem","viewName":"etm.portal.ui.managerequests.view.Detail","bindingPath":{"path":"/SmartRequestItemsPlanningBoard(ITEM=20m,REQUEST='20289')"},"ancestor":{"id":"requestItemsTable","viewName":"etm.portal.ui.managerequests.view.Detail"}}},"wdio_ui5_key":"etmportal.ui.managerequests.view.Detailsap.ui.core.Icon{\"src\":{\"regex\":{\"source\":\"date\\\\-time\"}}}{\"controlType\":\"sap.m.ColumnListItem\",\"viewName\":\"etm.portal.ui.managerequests.view.Detail\",\"bindingPath\":{\"path\":\"/SmartRequestItemsPlanningBoard(ITEM=20m,REQUEST='20289')\"},\"ancestor\":{\"id\":\"requestItemsTable\",\"viewName\":\"etm.portal.ui.managerequests.view.Detail\"}}"}]}
RESULT: undefined
COMMAND: POST /session/10ce6bf21e267d5fc72912db2fe1b82f/element - {"using":"xpath","value":"//*[@id=\"__button135-__clone9275-img\"]"}
RESULT: {}
RESULT: {"using":"xpath","value":"//*[@id=\"__button135-__clone9275-img\"]"}
COMMAND: POST /session/10ce6bf21e267d5fc72912db2fe1b82f/element/f.BD39AEFEC33B967BC38EA35058F10DD3.d.AD0F2BFB93422D14EC690C69FA80775B.e.6183/click - {}
RESULT: {}
RESULT: undefined
COMMAND: POST /session/10ce6bf21e267d5fc72912db2fe1b82f/element - {"using":"xpath","value":"//*[@id=\"__button145\"]"}
COMMAND: GET /session/10ce6bf21e267d5fc72912db2fe1b82f/screenshot - {}
RESULT: {"using":"xpath","value":"//*[@id=\"__button145\"]"}
COMMAND: POST /session/10ce6bf21e267d5fc72912db2fe1b82f/elements - {"using":"xpath","value":"//*[@id=\"__button145\"]"}
RESULT: {}
RESULT: {"using":"xpath","value":"//*[@id=\"__button145\"]"}
COMMAND: POST /session/10ce6bf21e267d5fc72912db2fe1b82f/element - {"using":"xpath","value":"//*[@id=\"__button145\"]"}
RESULT: {"using":"xpath","value":"//*[@id=\"__button145\"]"}
COMMAND: POST /session/10ce6bf21e267d5fc72912db2fe1b82f/element/f.BD39AEFEC33B967BC38EA35058F10DD3.d.AD0F2BFB93422D14EC690C69FA80775B.e.6191/click - {}
RESULT: {}
COMMAND: POST /session/10ce6bf21e267d5fc72912db2fe1b82f/element - {"using":"css selector","value":"#shell-header-logo"}
COMMAND: GET /session/10ce6bf21e267d5fc72912db2fe1b82f/screenshot - {}
RESULT: {"using":"css selector","value":"#shell-header-logo"}
COMMAND: POST /session/10ce6bf21e267d5fc72912db2fe1b82f/element/f.BD39AEFEC33B967BC38EA35058F10DD3.d.AD0F2BFB93422D14EC690C69FA80775B.e.5422/click - {}
RESULT: {}
RESULT: {}
COMMAND: GET /session/10ce6bf21e267d5fc72912db2fe1b82f/screenshot - {}
RESULT: {}
]]></system-out>
    </testcase>
    <testcase classname="chrome.135_0_7049_42.windows.Standard_contract_-_add_contract_items_by_Insert_Request_US118222" name="Should insert the request into the contract" time="57.289">
      <system-out><![CDATA[
COMMAND: POST /session/10ce6bf21e267d5fc72912db2fe1b82f/execute/async - {"script":"<script> [1562 bytes]","args":[{"selector":{"controlType":"sap.m.GenericTile","properties":{"header":"Manage Contracts"}},"wdio_ui5_key":"sapm.GenericTile{\"header\":\"Manage Contracts\"}"}]}
RESULT: {"script":"<script> [1562 bytes]","args":[{"selector":{"controlType":"sap.m.GenericTile","properties":{"header":"Manage Contracts"}},"wdio_ui5_key":"sapm.GenericTile{\"header\":\"Manage Contracts\"}"}]}
RESULT: undefined
COMMAND: POST /session/10ce6bf21e267d5fc72912db2fe1b82f/element - {"using":"xpath","value":"//*[@id=\"__tile130\"]"}
RESULT: {"using":"xpath","value":"//*[@id=\"__tile130\"]"}
COMMAND: POST /session/10ce6bf21e267d5fc72912db2fe1b82f/element/f.BD39AEFEC33B967BC38EA35058F10DD3.d.AD0F2BFB93422D14EC690C69FA80775B.e.6202/click - {}
RESULT: {}
COMMAND: GET /session/10ce6bf21e267d5fc72912db2fe1b82f/screenshot - {}
RESULT: undefined
RESULT: undefined
RESULT: {}
COMMAND: POST /session/10ce6bf21e267d5fc72912db2fe1b82f/execute/async - {"script":"<script> [1562 bytes]","args":[{"selector":{"controlType":"sap.m.SearchField","viewName":"etm.portal.ui.managecontracts.view.Master","bindingPath":{"path":"","propertyPath":"/_BASIC_SEARCH_FIELD","modelName":"fi1t3rM0d31"},"interaction":{"idSuffix":"I"}},"wdio_ui5_key":"etmportal.ui.managecontracts.view.Mastersap.m.SearchField{\"path\":\"\",\"propertyPath\":\"/_BASIC_SEARCH_FIELD\",\"modelName\":\"fi1t3rM0d31\"}"}]}
RESULT: {"script":"<script> [1562 bytes]","args":[{"selector":{"controlType":"sap.m.SearchField","viewName":"etm.portal.ui.managecontracts.view.Master","bindingPath":{"path":"","propertyPath":"/_BASIC_SEARCH_FIELD","modelName":"fi1t3rM0d31"},"interaction":{"idSuffix":"I"}},"wdio_ui5_key":"etmportal.ui.managecontracts.view.Mastersap.m.SearchField{\"path\":\"\",\"propertyPath\":\"/_BASIC_SEARCH_FIELD\",\"modelName\":\"fi1t3rM0d31\"}"}]}
RESULT: undefined
COMMAND: POST /session/10ce6bf21e267d5fc72912db2fe1b82f/execute/async - {"script":"<script> [776 bytes]","args":[{"enterText":"10530","selector":{"controlType":"sap.m.SearchField","viewName":"etm.portal.ui.managecontracts.view.Master","bindingPath":{"path":"","propertyPath":"/_BASIC_SEARCH_FIELD","modelName":"fi1t3rM0d31"},"interaction":{"idSuffix":"I"}},"clearTextFirst":true,"interactionType":"ENTER_TEXT"}]}
RESULT: {"script":"<script> [776 bytes]","args":[{"enterText":"10530","selector":{"controlType":"sap.m.SearchField","viewName":"etm.portal.ui.managecontracts.view.Master","bindingPath":{"path":"","propertyPath":"/_BASIC_SEARCH_FIELD","modelName":"fi1t3rM0d31"},"interaction":{"idSuffix":"I"}},"clearTextFirst":true,"interactionType":"ENTER_TEXT"}]}
COMMAND: POST /session/10ce6bf21e267d5fc72912db2fe1b82f/actions - {"actions":[{"id":"action31","type":"key","parameters":{},"actions":[{"type":"keyDown","value":""},{"type":"pause","duration":10},{"type":"keyUp","value":""}]}]}
RESULT: {"actions":[{"id":"action31","type":"key","parameters":{},"actions":[{"type":"keyDown","value":""},{"type":"pause","duration":10},{"type":"keyUp","value":""}]}]}
COMMAND: GET /session/10ce6bf21e267d5fc72912db2fe1b82f/screenshot - {}
RESULT: {}
COMMAND: POST /session/10ce6bf21e267d5fc72912db2fe1b82f/execute/async - {"script":"<script> [1562 bytes]","args":[{"selector":{"controlType":"sap.ui.core.Icon","viewName":"etm.portal.ui.managecontracts.view.Master","properties":{"src":{"regex":{"source":"slim\\-arrow\\-right"}}}},"wdio_ui5_key":"etmportal.ui.managecontracts.view.Mastersap.ui.core.Icon{\"src\":{\"regex\":{\"source\":\"slim\\\\-arrow\\\\-right\"}}}"}]}
RESULT: {"script":"<script> [1562 bytes]","args":[{"selector":{"controlType":"sap.ui.core.Icon","viewName":"etm.portal.ui.managecontracts.view.Master","properties":{"src":{"regex":{"source":"slim\\-arrow\\-right"}}}},"wdio_ui5_key":"etmportal.ui.managecontracts.view.Mastersap.ui.core.Icon{\"src\":{\"regex\":{\"source\":\"slim\\\\-arrow\\\\-right\"}}}"}]}
RESULT: undefined
COMMAND: POST /session/10ce6bf21e267d5fc72912db2fe1b82f/element - {"using":"xpath","value":"//*[@id=\"__item3084-__clone9385-imgNav\"]"}
RESULT: {"using":"xpath","value":"//*[@id=\"__item3084-__clone9385-imgNav\"]"}
COMMAND: POST /session/10ce6bf21e267d5fc72912db2fe1b82f/element/f.BD39AEFEC33B967BC38EA35058F10DD3.d.AD0F2BFB93422D14EC690C69FA80775B.e.6322/click - {}
RESULT: {}
COMMAND: POST /session/10ce6bf21e267d5fc72912db2fe1b82f/execute/async - {"script":"<script> [1562 bytes]","args":[{"selector":{"id":"addRequestItemBtn","viewName":"etm.portal.ui.managecontracts.view.Detail","interaction":{"idSuffix":"BDI-content"}},"wdio_ui5_key":"addRequestItemBtnetmportal.ui.managecontracts.view.Detail"}]}
COMMAND: GET /session/10ce6bf21e267d5fc72912db2fe1b82f/screenshot - {}
RESULT: {"script":"<script> [1562 bytes]","args":[{"selector":{"id":"addRequestItemBtn","viewName":"etm.portal.ui.managecontracts.view.Detail","interaction":{"idSuffix":"BDI-content"}},"wdio_ui5_key":"addRequestItemBtnetmportal.ui.managecontracts.view.Detail"}]}
RESULT: undefined
COMMAND: POST /session/10ce6bf21e267d5fc72912db2fe1b82f/element - {"using":"xpath","value":"//*[@id=\"__xmlview64--addRequestItemBtn\"]"}
RESULT: {}
RESULT: {"using":"xpath","value":"//*[@id=\"__xmlview64--addRequestItemBtn\"]"}
COMMAND: POST /session/10ce6bf21e267d5fc72912db2fe1b82f/element/f.BD39AEFEC33B967BC38EA35058F10DD3.d.AD0F2BFB93422D14EC690C69FA80775B.e.6435/click - {}
RESULT: {}
COMMAND: GET /session/10ce6bf21e267d5fc72912db2fe1b82f/screenshot - {}
RESULT: {}
COMMAND: POST /session/10ce6bf21e267d5fc72912db2fe1b82f/element - {"using":"xpath","value":"//div[contains(@id ,\"popupRequestTable-sa-CbBg\")]"}
RESULT: {"using":"xpath","value":"//div[contains(@id ,\"popupRequestTable-sa-CbBg\")]"}
COMMAND: POST /session/10ce6bf21e267d5fc72912db2fe1b82f/element/f.BD39AEFEC33B967BC38EA35058F10DD3.d.AD0F2BFB93422D14EC690C69FA80775B.e.6469/click - {}
RESULT: {}
COMMAND: GET /session/10ce6bf21e267d5fc72912db2fe1b82f/screenshot - {}
RESULT: {}
COMMAND: POST /session/10ce6bf21e267d5fc72912db2fe1b82f/execute/async - {"script":"<script> [1562 bytes]","args":[{"selector":{"controlType":"sap.m.Button","viewName":"etm.portal.ui.managecontracts.view.Detail","i18NText":{"propertyName":"text","key":"selectionDone"},"searchOpenDialogs":true,"interaction":{"idSuffix":"BDI-content"}},"wdio_ui5_key":"etmportal.ui.managecontracts.view.Detailsap.m.Button{\"propertyName\":\"text\",\"key\":\"selectionDone\"}"}]}
RESULT: {"script":"<script> [1562 bytes]","args":[{"selector":{"controlType":"sap.m.Button","viewName":"etm.portal.ui.managecontracts.view.Detail","i18NText":{"propertyName":"text","key":"selectionDone"},"searchOpenDialogs":true,"interaction":{"idSuffix":"BDI-content"}},"wdio_ui5_key":"etmportal.ui.managecontracts.view.Detailsap.m.Button{\"propertyName\":\"text\",\"key\":\"selectionDone\"}"}]}
RESULT: undefined
COMMAND: POST /session/10ce6bf21e267d5fc72912db2fe1b82f/element - {"using":"xpath","value":"//*[@id=\"__button157\"]"}
RESULT: {"using":"xpath","value":"//*[@id=\"__button157\"]"}
COMMAND: POST /session/10ce6bf21e267d5fc72912db2fe1b82f/element/f.BD39AEFEC33B967BC38EA35058F10DD3.d.AD0F2BFB93422D14EC690C69FA80775B.e.6472/click - {}
RESULT: {}
COMMAND: POST /session/10ce6bf21e267d5fc72912db2fe1b82f/execute/async - {"script":"<script> [1562 bytes]","args":[{"selector":{"controlType":"sap.m.Text","properties":{"text":"Started processing request items into the contract."},"searchOpenDialogs":true},"wdio_ui5_key":"sapm.Text{\"text\":\"Started processing request items into the contract.\"}"}]}
COMMAND: GET /session/10ce6bf21e267d5fc72912db2fe1b82f/screenshot - {}
RESULT: {"script":"<script> [1562 bytes]","args":[{"selector":{"controlType":"sap.m.Text","properties":{"text":"Started processing request items into the contract."},"searchOpenDialogs":true},"wdio_ui5_key":"sapm.Text{\"text\":\"Started processing request items into the contract.\"}"}]}
RESULT: undefined
COMMAND: POST /session/10ce6bf21e267d5fc72912db2fe1b82f/execute/async - {"script":"<script> [6424 bytes]","args":[{"element-6066-11e4-a52e-4f735466cecf":"f.BD39AEFEC33B967BC38EA35058F10DD3.d.AD0F2BFB93422D14EC690C69FA80775B.e.6474"},"getText",[]]}
RESULT: {}
RESULT: {"script":"<script> [6424 bytes]","args":[{"element-6066-11e4-a52e-4f735466cecf":"f.BD39AEFEC33B967BC38EA35058F10DD3.d.AD0F2BFB93422D14EC690C69FA80775B.e.6474"},"getText",[]]}
COMMAND: POST /session/10ce6bf21e267d5fc72912db2fe1b82f/execute/async - {"script":"<script> [1562 bytes]","args":[{"selector":{"controlType":"sap.m.Button","properties":{"text":"OK"},"searchOpenDialogs":true,"interaction":{"idSuffix":"inner"}},"wdio_ui5_key":"sapm.Button{\"text\":\"OK\"}"}]}
RESULT: {"script":"<script> [1562 bytes]","args":[{"selector":{"controlType":"sap.m.Button","properties":{"text":"OK"},"searchOpenDialogs":true,"interaction":{"idSuffix":"inner"}},"wdio_ui5_key":"sapm.Button{\"text\":\"OK\"}"}]}
RESULT: undefined
COMMAND: POST /session/10ce6bf21e267d5fc72912db2fe1b82f/element - {"using":"xpath","value":"//*[@id=\"__mbox-btn-5\"]"}
RESULT: {"using":"xpath","value":"//*[@id=\"__mbox-btn-5\"]"}
COMMAND: POST /session/10ce6bf21e267d5fc72912db2fe1b82f/element/f.BD39AEFEC33B967BC38EA35058F10DD3.d.AD0F2BFB93422D14EC690C69FA80775B.e.6473/click - {}
RESULT: {}
COMMAND: POST /session/10ce6bf21e267d5fc72912db2fe1b82f/execute/async - {"script":"<script> [1562 bytes]","args":[{"selector":{"id":"headerBillingItemsTabFilter","viewName":"etm.portal.ui.managecontracts.view.Detail","interaction":{"idSuffix":"text"}},"wdio_ui5_key":"headerBillingItemsTabFilteretmportal.ui.managecontracts.view.Detail"}]}
COMMAND: GET /session/10ce6bf21e267d5fc72912db2fe1b82f/screenshot - {}
RESULT: {"script":"<script> [1562 bytes]","args":[{"selector":{"id":"headerBillingItemsTabFilter","viewName":"etm.portal.ui.managecontracts.view.Detail","interaction":{"idSuffix":"text"}},"wdio_ui5_key":"headerBillingItemsTabFilteretmportal.ui.managecontracts.view.Detail"}]}
RESULT: undefined
COMMAND: POST /session/10ce6bf21e267d5fc72912db2fe1b82f/element - {"using":"xpath","value":"//*[@id=\"__xmlview64--headerBillingItemsTabFilter\"]"}
RESULT: {}
RESULT: {"using":"xpath","value":"//*[@id=\"__xmlview64--headerBillingItemsTabFilter\"]"}
COMMAND: POST /session/10ce6bf21e267d5fc72912db2fe1b82f/element/f.BD39AEFEC33B967BC38EA35058F10DD3.d.AD0F2BFB93422D14EC690C69FA80775B.e.6484/click - {}
RESULT: {}
COMMAND: GET /session/10ce6bf21e267d5fc72912db2fe1b82f/screenshot - {}
RESULT: {}
COMMAND: POST /session/10ce6bf21e267d5fc72912db2fe1b82f/execute/async - {"script":"<script> [1562 bytes]","args":[{"selector":{"controlType":"sap.ui.core.Icon","viewName":"etm.portal.ui.managecontracts.view.Detail","properties":{"src":{"regex":{"source":"synchronize"}}}},"wdio_ui5_key":"etmportal.ui.managecontracts.view.Detailsap.ui.core.Icon{\"src\":{\"regex\":{\"source\":\"synchronize\"}}}"}]}
RESULT: {"script":"<script> [1562 bytes]","args":[{"selector":{"controlType":"sap.ui.core.Icon","viewName":"etm.portal.ui.managecontracts.view.Detail","properties":{"src":{"regex":{"source":"synchronize"}}}},"wdio_ui5_key":"etmportal.ui.managecontracts.view.Detailsap.ui.core.Icon{\"src\":{\"regex\":{\"source\":\"synchronize\"}}}"}]}
RESULT: undefined
COMMAND: POST /session/10ce6bf21e267d5fc72912db2fe1b82f/element - {"using":"xpath","value":"//*[@id=\"__xmlview64--btnToggleUpdate-img\"]"}
RESULT: {"using":"xpath","value":"//*[@id=\"__xmlview64--btnToggleUpdate-img\"]"}
COMMAND: POST /session/10ce6bf21e267d5fc72912db2fe1b82f/element/f.BD39AEFEC33B967BC38EA35058F10DD3.d.AD0F2BFB93422D14EC690C69FA80775B.e.6486/click - {}
RESULT: {}
COMMAND: GET /session/10ce6bf21e267d5fc72912db2fe1b82f/screenshot - {}
RESULT: {}
RESULT: undefined
COMMAND: POST /session/10ce6bf21e267d5fc72912db2fe1b82f/element - {"using":"xpath","value":"//*[@id=\"__xmlview64--headerBillingItemsTabFilter\"]"}
RESULT: {"using":"xpath","value":"//*[@id=\"__xmlview64--headerBillingItemsTabFilter\"]"}
COMMAND: POST /session/10ce6bf21e267d5fc72912db2fe1b82f/element/f.BD39AEFEC33B967BC38EA35058F10DD3.d.AD0F2BFB93422D14EC690C69FA80775B.e.6484/click - {}
RESULT: {}
COMMAND: POST /session/10ce6bf21e267d5fc72912db2fe1b82f/execute/async - {"script":"<script> [1562 bytes]","args":[{"selector":{"controlType":"sap.m.Title","viewName":"etm.portal.ui.managecontracts.view.Detail","properties":{"text":"Contract Items (2)"}},"wdio_ui5_key":"etmportal.ui.managecontracts.view.Detailsap.m.Title{\"text\":\"Contract Items (2)\"}"}]}
COMMAND: GET /session/10ce6bf21e267d5fc72912db2fe1b82f/screenshot - {}
RESULT: {"script":"<script> [1562 bytes]","args":[{"selector":{"controlType":"sap.m.Title","viewName":"etm.portal.ui.managecontracts.view.Detail","properties":{"text":"Contract Items (2)"}},"wdio_ui5_key":"etmportal.ui.managecontracts.view.Detailsap.m.Title{\"text\":\"Contract Items (2)\"}"}]}
RESULT: undefined
COMMAND: POST /session/10ce6bf21e267d5fc72912db2fe1b82f/execute/async - {"script":"<script> [6424 bytes]","args":[{"element-6066-11e4-a52e-4f735466cecf":"f.BD39AEFEC33B967BC38EA35058F10DD3.d.AD0F2BFB93422D14EC690C69FA80775B.e.6494"},"getText",[]]}
RESULT: {}
RESULT: {"script":"<script> [6424 bytes]","args":[{"element-6066-11e4-a52e-4f735466cecf":"f.BD39AEFEC33B967BC38EA35058F10DD3.d.AD0F2BFB93422D14EC690C69FA80775B.e.6494"},"getText",[]]}
COMMAND: POST /session/10ce6bf21e267d5fc72912db2fe1b82f/execute/async - {"script":"<script> [1562 bytes]","args":[{"selector":{"controlType":"sap.m.ObjectStatus","viewName":"etm.portal.ui.managecontracts.view.Detail","bindingPath":{"path":"/SmartContractItems(CONTRACT='10530',ITEM=10m,SUB_ITEM=0m)","propertyPath":"STATUS"}},"wdio_ui5_key":"etmportal.ui.managecontracts.view.Detailsap.m.ObjectStatus{\"path\":\"/SmartContractItems(CONTRACT='10530',ITEM=10m,SUB_ITEM=0m)\",\"propertyPath\":\"STATUS\"}"}]}
RESULT: {"script":"<script> [1562 bytes]","args":[{"selector":{"controlType":"sap.m.ObjectStatus","viewName":"etm.portal.ui.managecontracts.view.Detail","bindingPath":{"path":"/SmartContractItems(CONTRACT='10530',ITEM=10m,SUB_ITEM=0m)","propertyPath":"STATUS"}},"wdio_ui5_key":"etmportal.ui.managecontracts.view.Detailsap.m.ObjectStatus{\"path\":\"/SmartContractItems(CONTRACT='10530',ITEM=10m,SUB_ITEM=0m)\",\"propertyPath\":\"STATUS\"}"}]}
RESULT: undefined
COMMAND: POST /session/10ce6bf21e267d5fc72912db2fe1b82f/execute/async - {"script":"<script> [6424 bytes]","args":[{"element-6066-11e4-a52e-4f735466cecf":"f.BD39AEFEC33B967BC38EA35058F10DD3.d.AD0F2BFB93422D14EC690C69FA80775B.e.6496"},"getText",[]]}
RESULT: {"script":"<script> [6424 bytes]","args":[{"element-6066-11e4-a52e-4f735466cecf":"f.BD39AEFEC33B967BC38EA35058F10DD3.d.AD0F2BFB93422D14EC690C69FA80775B.e.6496"},"getText",[]]}
COMMAND: POST /session/10ce6bf21e267d5fc72912db2fe1b82f/execute/async - {"script":"<script> [1562 bytes]","args":[{"selector":{"controlType":"sap.m.ObjectStatus","viewName":"etm.portal.ui.managecontracts.view.Detail","bindingPath":{"path":"/SmartContractItems(CONTRACT='10530',ITEM=20m,SUB_ITEM=0m)","propertyPath":"STATUS"}},"wdio_ui5_key":"etmportal.ui.managecontracts.view.Detailsap.m.ObjectStatus{\"path\":\"/SmartContractItems(CONTRACT='10530',ITEM=20m,SUB_ITEM=0m)\",\"propertyPath\":\"STATUS\"}"}]}
RESULT: {"script":"<script> [1562 bytes]","args":[{"selector":{"controlType":"sap.m.ObjectStatus","viewName":"etm.portal.ui.managecontracts.view.Detail","bindingPath":{"path":"/SmartContractItems(CONTRACT='10530',ITEM=20m,SUB_ITEM=0m)","propertyPath":"STATUS"}},"wdio_ui5_key":"etmportal.ui.managecontracts.view.Detailsap.m.ObjectStatus{\"path\":\"/SmartContractItems(CONTRACT='10530',ITEM=20m,SUB_ITEM=0m)\",\"propertyPath\":\"STATUS\"}"}]}
RESULT: undefined
COMMAND: POST /session/10ce6bf21e267d5fc72912db2fe1b82f/execute/async - {"script":"<script> [6424 bytes]","args":[{"element-6066-11e4-a52e-4f735466cecf":"f.BD39AEFEC33B967BC38EA35058F10DD3.d.AD0F2BFB93422D14EC690C69FA80775B.e.6497"},"getText",[]]}
RESULT: {"script":"<script> [6424 bytes]","args":[{"element-6066-11e4-a52e-4f735466cecf":"f.BD39AEFEC33B967BC38EA35058F10DD3.d.AD0F2BFB93422D14EC690C69FA80775B.e.6497"},"getText",[]]}
]]></system-out>
    </testcase>
  </testsuite>
  <testsuite timestamp="2025-04-21T18:08:01" time="101.212" tests="1" failures="0" errors="0" skipped="0">
    <properties>
      <property name="specId" value="0"/>
      <property name="suiteName" value="Manage contracts - revert request US152962"/>
      <property name="capabilities" value="chrome.135_0_7049_42.windows"/>
      <property name="file" value="file:///D:/a/1/s/test/specs/R2C/manage-contracts-revert-request.spec.js"/>
    </properties>
    <testcase classname="chrome.135_0_7049_42.windows.Manage_contracts_-_revert_request_US152962" name="Should revert the request" time="101.21">
      <system-out><![CDATA[
COMMAND: POST /session/10ce6bf21e267d5fc72912db2fe1b82f/execute/async - {"script":"<script> [1562 bytes]","args":[{"selector":{"id":"revertPlanningBtn","viewName":"etm.portal.ui.managecontracts.view.Detail","interaction":{"idSuffix":"BDI-content"}},"wdio_ui5_key":"revertPlanningBtnetmportal.ui.managecontracts.view.Detail"}]}
RESULT: {"script":"<script> [1562 bytes]","args":[{"selector":{"id":"revertPlanningBtn","viewName":"etm.portal.ui.managecontracts.view.Detail","interaction":{"idSuffix":"BDI-content"}},"wdio_ui5_key":"revertPlanningBtnetmportal.ui.managecontracts.view.Detail"}]}
RESULT: undefined
COMMAND: POST /session/10ce6bf21e267d5fc72912db2fe1b82f/element - {"using":"xpath","value":"//*[@id=\"__xmlview64--revertPlanningBtn\"]"}
RESULT: {"using":"xpath","value":"//*[@id=\"__xmlview64--revertPlanningBtn\"]"}
COMMAND: POST /session/10ce6bf21e267d5fc72912db2fe1b82f/element/f.BD39AEFEC33B967BC38EA35058F10DD3.d.AD0F2BFB93422D14EC690C69FA80775B.e.6499/click - {}
RESULT: {}
COMMAND: POST /session/10ce6bf21e267d5fc72912db2fe1b82f/element - {"using":"xpath","value":"(//div[contains(@id ,\"selectMulti-CbBg\")])[2]"}
COMMAND: GET /session/10ce6bf21e267d5fc72912db2fe1b82f/screenshot - {}
RESULT: {"using":"xpath","value":"(//div[contains(@id ,\"selectMulti-CbBg\")])[2]"}
COMMAND: POST /session/10ce6bf21e267d5fc72912db2fe1b82f/element/f.BD39AEFEC33B967BC38EA35058F10DD3.d.AD0F2BFB93422D14EC690C69FA80775B.e.6547/click - {}
RESULT: {}
RESULT: {}
COMMAND: GET /session/10ce6bf21e267d5fc72912db2fe1b82f/screenshot - {}
RESULT: {}
COMMAND: POST /session/10ce6bf21e267d5fc72912db2fe1b82f/element - {"using":"xpath","value":"//span[contains(@id ,\"executeRevertPlanningBtn-content\")]"}
RESULT: {"using":"xpath","value":"//span[contains(@id ,\"executeRevertPlanningBtn-content\")]"}
COMMAND: POST /session/10ce6bf21e267d5fc72912db2fe1b82f/element/f.BD39AEFEC33B967BC38EA35058F10DD3.d.AD0F2BFB93422D14EC690C69FA80775B.e.6548/click - {}
RESULT: {}
COMMAND: GET /session/10ce6bf21e267d5fc72912db2fe1b82f/screenshot - {}
RESULT: {}
COMMAND: POST /session/10ce6bf21e267d5fc72912db2fe1b82f/actions - {"actions":[{"id":"action32","type":"key","parameters":{},"actions":[{"type":"keyDown","value":""},{"type":"pause","duration":10},{"type":"keyUp","value":""}]}]}
RESULT: {"actions":[{"id":"action32","type":"key","parameters":{},"actions":[{"type":"keyDown","value":""},{"type":"pause","duration":10},{"type":"keyUp","value":""}]}]}
COMMAND: GET /session/10ce6bf21e267d5fc72912db2fe1b82f/screenshot - {}
RESULT: {}
COMMAND: POST /session/10ce6bf21e267d5fc72912db2fe1b82f/refresh - {}
RESULT: {}
COMMAND: GET /session/10ce6bf21e267d5fc72912db2fe1b82f/screenshot - {}
RESULT: {}
COMMAND: POST /session/10ce6bf21e267d5fc72912db2fe1b82f/execute/async - {"script":"<script> [189 bytes]","args":[]}
RESULT: {"script":"<script> [189 bytes]","args":[]}
COMMAND: POST /session/10ce6bf21e267d5fc72912db2fe1b82f/execute/async - {"script":"<script> [123 bytes]","args":[]}
RESULT: {"script":"<script> [123 bytes]","args":[]}
COMMAND: POST /session/10ce6bf21e267d5fc72912db2fe1b82f/timeouts - {"script":"<number>"}
RESULT: {"script":"<number>"}
COMMAND: GET /session/10ce6bf21e267d5fc72912db2fe1b82f/timeouts - {}
RESULT: {}
RESULT: undefined
COMMAND: POST /session/10ce6bf21e267d5fc72912db2fe1b82f/execute/async - {"script":"<script> [2676 bytes]","args":[]}
RESULT: {"script":"<script> [2676 bytes]","args":[]}
COMMAND: POST /session/10ce6bf21e267d5fc72912db2fe1b82f/execute/async - {"script":"<script> [2342 bytes]","args":[{"protocol":"http","hostname":"0.0.0.0","path":"/","capabilities":{"browserName":"chrome","goog:chromeOptions":{"binary":"C:\\Program Files\\Google\\Chrome\\Application\\chrome.exe","args":["--start-maximized"]}},"logLevel":"warn","connectionRetryTimeout":120000,"connectionRetryCount":3,"logLevels":{},"enableDirectConnect":true,"strictSSL":true,"_":"65 more keys: [\"cacheDir\",\"port\",\"requestedCapabilities\",\"automationProtocol\",\"baseUrl\",\"waitforInterval\",\"waitforTimeout\",\"onReload\",\"beforeCommand\",\"afterCommand\",\"rootDir\",\"specs\",\"suites\",\"exclude\",\"groupLogsByTestSpec\",\"excludeDriverLogs\",\"bail\",\"framework\",\"reporters\",\"services\",\"maxInstances\",\"maxInstancesPerCapability\",\"injectGlobals\",\"filesToWatch\",\"execArgv\",\"runnerEnv\",\"runner\",\"shard\",\"specFileRetries\",\"specFileRetriesDelay\",\"specFileRetriesDeferred\",\"reporterSyncInterval\",\"reporterSyncTimeout\",\"cucumberFeaturesWithLineNumbers\",\"autoCompileOpts\",\"mochaOpts\",\"jasmineOpts\",\"cucumberOpts\",\"onPrepare\",\"onWorkerStart\",\"onWorkerEnd\",\"before\",\"beforeSession\",\"beforeSuite\",\"beforeHook\",\"beforeTest\",\"afterTest\",\"afterHook\",\"afterSuite\",\"afterSession\",\"after\",\"onComplete\",\"beforeAssertion\",\"afterAssertion\",\"beforeFeature\",\"beforeScenario\",\"beforeStep\",\"afterStep\",\"afterScenario\",\"afterFeature\",\"_\",\"suite\",\"$0\",\"ignoredWorkerServices\",\"wdi5\"]"}]}
RESULT: undefined
RESULT: undefined
RESULT: {"script":"<script> [2342 bytes]","args":[{"protocol":"http","hostname":"0.0.0.0","path":"/","capabilities":{"browserName":"chrome","goog:chromeOptions":{"binary":"C:\\Program Files\\Google\\Chrome\\Application\\chrome.exe","args":["--start-maximized"]}},"logLevel":"warn","connectionRetryTimeout":120000,"connectionRetryCount":3,"logLevels":{},"enableDirectConnect":true,"strictSSL":true,"_":"65 more keys: [\"cacheDir\",\"port\",\"requestedCapabilities\",\"automationProtocol\",\"baseUrl\",\"waitforInterval\",\"waitforTimeout\",\"onReload\",\"beforeCommand\",\"afterCommand\",\"rootDir\",\"specs\",\"suites\",\"exclude\",\"groupLogsByTestSpec\",\"excludeDriverLogs\",\"bail\",\"framework\",\"reporters\",\"services\",\"maxInstances\",\"maxInstancesPerCapability\",\"injectGlobals\",\"filesToWatch\",\"execArgv\",\"runnerEnv\",\"runner\",\"shard\",\"specFileRetries\",\"specFileRetriesDelay\",\"specFileRetriesDeferred\",\"reporterSyncInterval\",\"reporterSyncTimeout\",\"cucumberFeaturesWithLineNumbers\",\"autoCompileOpts\",\"mochaOpts\",\"jasmineOpts\",\"cucumberOpts\",\"onPrepare\",\"onWorkerStart\",\"onWorkerEnd\",\"before\",\"beforeSession\",\"beforeSuite\",\"beforeHook\",\"beforeTest\",\"afterTest\",\"afterHook\",\"afterSuite\",\"afterSession\",\"after\",\"onComplete\",\"beforeAssertion\",\"afterAssertion\",\"beforeFeature\",\"beforeScenario\",\"beforeStep\",\"afterStep\",\"afterScenario\",\"afterFeature\",\"_\",\"suite\",\"$0\",\"ignoredWorkerServices\",\"wdi5\"]"}]}
COMMAND: POST /session/10ce6bf21e267d5fc72912db2fe1b82f/execute/async - {"script":"<script> [21126 bytes]","args":[35000]}
RESULT: {"script":"<script> [21126 bytes]","args":[35000]}
COMMAND: POST /session/10ce6bf21e267d5fc72912db2fe1b82f/execute/async - {"script":"<script> [1562 bytes]","args":[{"selector":{"controlType":"sap.m.Title","viewName":"etm.portal.ui.managecontracts.view.Detail","properties":{"text":"Contract Items (1)"}},"wdio_ui5_key":"etmportal.ui.managecontracts.view.Detailsap.m.Title{\"text\":\"Contract Items (1)\"}"}]}
RESULT: {"script":"<script> [1562 bytes]","args":[{"selector":{"controlType":"sap.m.Title","viewName":"etm.portal.ui.managecontracts.view.Detail","properties":{"text":"Contract Items (1)"}},"wdio_ui5_key":"etmportal.ui.managecontracts.view.Detailsap.m.Title{\"text\":\"Contract Items (1)\"}"}]}
RESULT: undefined
COMMAND: POST /session/10ce6bf21e267d5fc72912db2fe1b82f/execute/async - {"script":"<script> [6424 bytes]","args":[{"element-6066-11e4-a52e-4f735466cecf":"f.BD39AEFEC33B967BC38EA35058F10DD3.d.6F5E5F5C5805E7E977E506D105CF1647.e.6788"},"getText",[]]}
RESULT: {"script":"<script> [6424 bytes]","args":[{"element-6066-11e4-a52e-4f735466cecf":"f.BD39AEFEC33B967BC38EA35058F10DD3.d.6F5E5F5C5805E7E977E506D105CF1647.e.6788"},"getText",[]]}
COMMAND: POST /session/10ce6bf21e267d5fc72912db2fe1b82f/execute/async - {"script":"<script> [1562 bytes]","args":[{"selector":{"id":"contractDetailEditBtn","viewName":"etm.portal.ui.managecontracts.view.Detail","interaction":{"idSuffix":"inner"}},"wdio_ui5_key":"contractDetailEditBtnetmportal.ui.managecontracts.view.Detail"}]}
RESULT: {"script":"<script> [1562 bytes]","args":[{"selector":{"id":"contractDetailEditBtn","viewName":"etm.portal.ui.managecontracts.view.Detail","interaction":{"idSuffix":"inner"}},"wdio_ui5_key":"contractDetailEditBtnetmportal.ui.managecontracts.view.Detail"}]}
RESULT: undefined
COMMAND: POST /session/10ce6bf21e267d5fc72912db2fe1b82f/element - {"using":"xpath","value":"//*[@id=\"__xmlview1--contractDetailEditBtn\"]"}
RESULT: {"using":"xpath","value":"//*[@id=\"__xmlview1--contractDetailEditBtn\"]"}
COMMAND: POST /session/10ce6bf21e267d5fc72912db2fe1b82f/element/f.BD39AEFEC33B967BC38EA35058F10DD3.d.6F5E5F5C5805E7E977E506D105CF1647.e.6790/click - {}
RESULT: {}
COMMAND: GET /session/10ce6bf21e267d5fc72912db2fe1b82f/screenshot - {}
RESULT: {}
COMMAND: POST /session/10ce6bf21e267d5fc72912db2fe1b82f/element - {"using":"xpath","value":"(//span[contains(text(), \"Header Billing Items\")])[2]"}
RESULT: {"using":"xpath","value":"(//span[contains(text(), \"Header Billing Items\")])[2]"}
COMMAND: POST /session/10ce6bf21e267d5fc72912db2fe1b82f/element/f.BD39AEFEC33B967BC38EA35058F10DD3.d.6F5E5F5C5805E7E977E506D105CF1647.e.6856/click - {}
RESULT: {}
COMMAND: GET /session/10ce6bf21e267d5fc72912db2fe1b82f/screenshot - {}
RESULT: {}
COMMAND: POST /session/10ce6bf21e267d5fc72912db2fe1b82f/element - {"using":"xpath","value":"//div[contains(@id ,\"ProductsTable-sa-CbBg\")]"}
RESULT: {"using":"xpath","value":"//div[contains(@id ,\"ProductsTable-sa-CbBg\")]"}
COMMAND: POST /session/10ce6bf21e267d5fc72912db2fe1b82f/element/f.BD39AEFEC33B967BC38EA35058F10DD3.d.6F5E5F5C5805E7E977E506D105CF1647.e.6860/click - {}
RESULT: {}
COMMAND: GET /session/10ce6bf21e267d5fc72912db2fe1b82f/screenshot - {}
RESULT: {}
COMMAND: POST /session/10ce6bf21e267d5fc72912db2fe1b82f/execute/async - {"script":"<script> [1562 bytes]","args":[{"selector":{"id":"deleteBtn","viewName":"etm.portal.ui.managecontracts.view.EditContract","interaction":{"idSuffix":"BDI-content"}},"wdio_ui5_key":"deleteBtnetmportal.ui.managecontracts.view.EditContract"}]}
RESULT: {"script":"<script> [1562 bytes]","args":[{"selector":{"id":"deleteBtn","viewName":"etm.portal.ui.managecontracts.view.EditContract","interaction":{"idSuffix":"BDI-content"}},"wdio_ui5_key":"deleteBtnetmportal.ui.managecontracts.view.EditContract"}]}
RESULT: undefined
COMMAND: POST /session/10ce6bf21e267d5fc72912db2fe1b82f/element - {"using":"xpath","value":"//*[@id=\"__xmlview2--deleteBtn\"]"}
RESULT: {"using":"xpath","value":"//*[@id=\"__xmlview2--deleteBtn\"]"}
COMMAND: POST /session/10ce6bf21e267d5fc72912db2fe1b82f/element/f.BD39AEFEC33B967BC38EA35058F10DD3.d.6F5E5F5C5805E7E977E506D105CF1647.e.6862/click - {}
RESULT: {}
COMMAND: POST /session/10ce6bf21e267d5fc72912db2fe1b82f/element - {"using":"xpath","value":"//bdi[contains(@id ,\"BDI-content\")][contains(text(), \"OK\")]"}
COMMAND: GET /session/10ce6bf21e267d5fc72912db2fe1b82f/screenshot - {}
RESULT: {"using":"xpath","value":"//bdi[contains(@id ,\"BDI-content\")][contains(text(), \"OK\")]"}
COMMAND: POST /session/10ce6bf21e267d5fc72912db2fe1b82f/element/f.BD39AEFEC33B967BC38EA35058F10DD3.d.6F5E5F5C5805E7E977E506D105CF1647.e.6865/click - {}
RESULT: {}
RESULT: {}
COMMAND: GET /session/10ce6bf21e267d5fc72912db2fe1b82f/screenshot - {}
RESULT: {}
COMMAND: POST /session/10ce6bf21e267d5fc72912db2fe1b82f/element - {"using":"xpath","value":"//bdi[contains(@id ,\"BDI-content\")][contains(text(), \"Save\")]"}
RESULT: {"using":"xpath","value":"//bdi[contains(@id ,\"BDI-content\")][contains(text(), \"Save\")]"}
COMMAND: POST /session/10ce6bf21e267d5fc72912db2fe1b82f/element/f.BD39AEFEC33B967BC38EA35058F10DD3.d.6F5E5F5C5805E7E977E506D105CF1647.e.6866/click - {}
RESULT: {}
COMMAND: GET /session/10ce6bf21e267d5fc72912db2fe1b82f/screenshot - {}
RESULT: {}
COMMAND: POST /session/10ce6bf21e267d5fc72912db2fe1b82f/element - {"using":"xpath","value":"(//span[contains(text(), \"Header Billing Items\")])[1]"}
RESULT: {"using":"xpath","value":"(//span[contains(text(), \"Header Billing Items\")])[1]"}
COMMAND: POST /session/10ce6bf21e267d5fc72912db2fe1b82f/element/f.BD39AEFEC33B967BC38EA35058F10DD3.d.6F5E5F5C5805E7E977E506D105CF1647.e.6869/click - {}
RESULT: {}
COMMAND: GET /session/10ce6bf21e267d5fc72912db2fe1b82f/screenshot - {}
RESULT: {}
COMMAND: POST /session/10ce6bf21e267d5fc72912db2fe1b82f/execute/async - {"script":"<script> [1562 bytes]","args":[{"selector":{"controlType":"sap.m.ObjectStatus","viewName":"etm.portal.ui.managecontracts.view.Detail","bindingPath":{"path":"/SmartContractItems(CONTRACT='10530',ITEM=10m,SUB_ITEM=0m)","propertyPath":"STATUS"}},"wdio_ui5_key":"etmportal.ui.managecontracts.view.Detailsap.m.ObjectStatus{\"path\":\"/SmartContractItems(CONTRACT='10530',ITEM=10m,SUB_ITEM=0m)\",\"propertyPath\":\"STATUS\"}"}]}
RESULT: {"script":"<script> [1562 bytes]","args":[{"selector":{"controlType":"sap.m.ObjectStatus","viewName":"etm.portal.ui.managecontracts.view.Detail","bindingPath":{"path":"/SmartContractItems(CONTRACT='10530',ITEM=10m,SUB_ITEM=0m)","propertyPath":"STATUS"}},"wdio_ui5_key":"etmportal.ui.managecontracts.view.Detailsap.m.ObjectStatus{\"path\":\"/SmartContractItems(CONTRACT='10530',ITEM=10m,SUB_ITEM=0m)\",\"propertyPath\":\"STATUS\"}"}]}
RESULT: undefined
COMMAND: POST /session/10ce6bf21e267d5fc72912db2fe1b82f/execute/async - {"script":"<script> [6424 bytes]","args":[{"element-6066-11e4-a52e-4f735466cecf":"f.BD39AEFEC33B967BC38EA35058F10DD3.d.6F5E5F5C5805E7E977E506D105CF1647.e.6873"},"getText",[]]}
RESULT: {"script":"<script> [6424 bytes]","args":[{"element-6066-11e4-a52e-4f735466cecf":"f.BD39AEFEC33B967BC38EA35058F10DD3.d.6F5E5F5C5805E7E977E506D105CF1647.e.6873"},"getText",[]]}
COMMAND: POST /session/10ce6bf21e267d5fc72912db2fe1b82f/element - {"using":"css selector","value":"#shell-header-logo"}
RESULT: {"using":"css selector","value":"#shell-header-logo"}
COMMAND: POST /session/10ce6bf21e267d5fc72912db2fe1b82f/element/f.BD39AEFEC33B967BC38EA35058F10DD3.d.6F5E5F5C5805E7E977E506D105CF1647.e.6564/click - {}
RESULT: {}
COMMAND: GET /session/10ce6bf21e267d5fc72912db2fe1b82f/screenshot - {}
RESULT: {}
COMMAND: POST /session/10ce6bf21e267d5fc72912db2fe1b82f/execute/async - {"script":"<script> [1562 bytes]","args":[{"selector":{"controlType":"sap.m.GenericTile","properties":{"header":"Manage Requests"}},"wdio_ui5_key":"sapm.GenericTile{\"header\":\"Manage Requests\"}"}]}
RESULT: {"script":"<script> [1562 bytes]","args":[{"selector":{"controlType":"sap.m.GenericTile","properties":{"header":"Manage Requests"}},"wdio_ui5_key":"sapm.GenericTile{\"header\":\"Manage Requests\"}"}]}
RESULT: undefined
COMMAND: POST /session/10ce6bf21e267d5fc72912db2fe1b82f/element - {"using":"xpath","value":"//*[@id=\"__tile47\"]"}
RESULT: {"using":"xpath","value":"//*[@id=\"__tile47\"]"}
COMMAND: POST /session/10ce6bf21e267d5fc72912db2fe1b82f/element/f.BD39AEFEC33B967BC38EA35058F10DD3.d.6F5E5F5C5805E7E977E506D105CF1647.e.6890/click - {}
RESULT: {}
COMMAND: GET /session/10ce6bf21e267d5fc72912db2fe1b82f/screenshot - {}
RESULT: {}
COMMAND: POST /session/10ce6bf21e267d5fc72912db2fe1b82f/execute/async - {"script":"<script> [1562 bytes]","args":[{"selector":{"controlType":"sap.m.SearchField","viewName":"etm.portal.ui.managerequests.view.Master","bindingPath":{"path":"","propertyPath":"/_BASIC_SEARCH_FIELD","modelName":"fi1t3rM0d31"},"interaction":{"idSuffix":"I"}},"wdio_ui5_key":"etmportal.ui.managerequests.view.Mastersap.m.SearchField{\"path\":\"\",\"propertyPath\":\"/_BASIC_SEARCH_FIELD\",\"modelName\":\"fi1t3rM0d31\"}"}]}
RESULT: {"script":"<script> [1562 bytes]","args":[{"selector":{"controlType":"sap.m.SearchField","viewName":"etm.portal.ui.managerequests.view.Master","bindingPath":{"path":"","propertyPath":"/_BASIC_SEARCH_FIELD","modelName":"fi1t3rM0d31"},"interaction":{"idSuffix":"I"}},"wdio_ui5_key":"etmportal.ui.managerequests.view.Mastersap.m.SearchField{\"path\":\"\",\"propertyPath\":\"/_BASIC_SEARCH_FIELD\",\"modelName\":\"fi1t3rM0d31\"}"}]}
RESULT: undefined
COMMAND: POST /session/10ce6bf21e267d5fc72912db2fe1b82f/execute/async - {"script":"<script> [776 bytes]","args":[{"enterText":"20289","selector":{"controlType":"sap.m.SearchField","viewName":"etm.portal.ui.managerequests.view.Master","bindingPath":{"path":"","propertyPath":"/_BASIC_SEARCH_FIELD","modelName":"fi1t3rM0d31"},"interaction":{"idSuffix":"I"}},"clearTextFirst":true,"interactionType":"ENTER_TEXT"}]}
RESULT: {"script":"<script> [776 bytes]","args":[{"enterText":"20289","selector":{"controlType":"sap.m.SearchField","viewName":"etm.portal.ui.managerequests.view.Master","bindingPath":{"path":"","propertyPath":"/_BASIC_SEARCH_FIELD","modelName":"fi1t3rM0d31"},"interaction":{"idSuffix":"I"}},"clearTextFirst":true,"interactionType":"ENTER_TEXT"}]}
COMMAND: POST /session/10ce6bf21e267d5fc72912db2fe1b82f/actions - {"actions":[{"id":"action33","type":"key","parameters":{},"actions":[{"type":"keyDown","value":""},{"type":"pause","duration":10},{"type":"keyUp","value":""}]}]}
RESULT: {"actions":[{"id":"action33","type":"key","parameters":{},"actions":[{"type":"keyDown","value":""},{"type":"pause","duration":10},{"type":"keyUp","value":""}]}]}
COMMAND: GET /session/10ce6bf21e267d5fc72912db2fe1b82f/screenshot - {}
RESULT: {}
COMMAND: POST /session/10ce6bf21e267d5fc72912db2fe1b82f/execute/async - {"script":"<script> [1562 bytes]","args":[{"selector":{"controlType":"sap.m.Text","viewName":"etm.portal.ui.managerequests.view.Master","bindingPath":{"path":"/SmartManageRequests('20289')","propertyPath":"NO"}},"wdio_ui5_key":"etmportal.ui.managerequests.view.Mastersap.m.Text{\"path\":\"/SmartManageRequests('20289')\",\"propertyPath\":\"NO\"}"}]}
RESULT: {"script":"<script> [1562 bytes]","args":[{"selector":{"controlType":"sap.m.Text","viewName":"etm.portal.ui.managerequests.view.Master","bindingPath":{"path":"/SmartManageRequests('20289')","propertyPath":"NO"}},"wdio_ui5_key":"etmportal.ui.managerequests.view.Mastersap.m.Text{\"path\":\"/SmartManageRequests('20289')\",\"propertyPath\":\"NO\"}"}]}
RESULT: undefined
COMMAND: POST /session/10ce6bf21e267d5fc72912db2fe1b82f/element - {"using":"xpath","value":"//*[@id=\"__text464-__clone172\"]"}
RESULT: {"using":"xpath","value":"//*[@id=\"__text464-__clone172\"]"}
COMMAND: POST /session/10ce6bf21e267d5fc72912db2fe1b82f/element/f.BD39AEFEC33B967BC38EA35058F10DD3.d.6F5E5F5C5805E7E977E506D105CF1647.e.7014/click - {}
RESULT: {}
COMMAND: GET /session/10ce6bf21e267d5fc72912db2fe1b82f/screenshot - {}
RESULT: {}
COMMAND: POST /session/10ce6bf21e267d5fc72912db2fe1b82f/execute/async - {"script":"<script> [1562 bytes]","args":[{"selector":{"controlType":"sap.ui.core.Icon","viewName":"etm.portal.ui.managerequests.view.Detail","properties":{"src":{"regex":{"source":"slim\\-arrow\\-up"}}}},"wdio_ui5_key":"etmportal.ui.managerequests.view.Detailsap.ui.core.Icon{\"src\":{\"regex\":{\"source\":\"slim\\\\-arrow\\\\-up\"}}}"}]}
RESULT: {"script":"<script> [1562 bytes]","args":[{"selector":{"controlType":"sap.ui.core.Icon","viewName":"etm.portal.ui.managerequests.view.Detail","properties":{"src":{"regex":{"source":"slim\\-arrow\\-up"}}}},"wdio_ui5_key":"etmportal.ui.managerequests.view.Detailsap.ui.core.Icon{\"src\":{\"regex\":{\"source\":\"slim\\\\-arrow\\\\-up\"}}}"}]}
RESULT: undefined
COMMAND: POST /session/10ce6bf21e267d5fc72912db2fe1b82f/element - {"using":"xpath","value":"//*[@id=\"__xmlview62--detailRequestPage-OPHeaderContent-collapseBtn-img\"]"}
RESULT: {"using":"xpath","value":"//*[@id=\"__xmlview62--detailRequestPage-OPHeaderContent-collapseBtn-img\"]"}
COMMAND: POST /session/10ce6bf21e267d5fc72912db2fe1b82f/element/f.BD39AEFEC33B967BC38EA35058F10DD3.d.6F5E5F5C5805E7E977E506D105CF1647.e.7169/click - {}
RESULT: {}
COMMAND: GET /session/10ce6bf21e267d5fc72912db2fe1b82f/screenshot - {}
RESULT: {}
COMMAND: POST /session/10ce6bf21e267d5fc72912db2fe1b82f/execute/async - {"script":"<script> [1562 bytes]","args":[{"selector":{"controlType":"sap.m.Text","viewName":"etm.portal.ui.managerequests.view.Detail","bindingPath":{"path":"/SmartRequestItemsPlanningBoard(ITEM=20m,REQUEST='20289')","propertyPath":"STATUS_DESC"}},"wdio_ui5_key":"etmportal.ui.managerequests.view.Detailsap.m.Text{\"path\":\"/SmartRequestItemsPlanningBoard(ITEM=20m,REQUEST='20289')\",\"propertyPath\":\"STATUS_DESC\"}"}]}
RESULT: {"script":"<script> [1562 bytes]","args":[{"selector":{"controlType":"sap.m.Text","viewName":"etm.portal.ui.managerequests.view.Detail","bindingPath":{"path":"/SmartRequestItemsPlanningBoard(ITEM=20m,REQUEST='20289')","propertyPath":"STATUS_DESC"}},"wdio_ui5_key":"etmportal.ui.managerequests.view.Detailsap.m.Text{\"path\":\"/SmartRequestItemsPlanningBoard(ITEM=20m,REQUEST='20289')\",\"propertyPath\":\"STATUS_DESC\"}"}]}
RESULT: undefined
COMMAND: POST /session/10ce6bf21e267d5fc72912db2fe1b82f/execute/async - {"script":"<script> [6424 bytes]","args":[{"element-6066-11e4-a52e-4f735466cecf":"f.BD39AEFEC33B967BC38EA35058F10DD3.d.6F5E5F5C5805E7E977E506D105CF1647.e.7210"},"getText",[]]}
RESULT: {"script":"<script> [6424 bytes]","args":[{"element-6066-11e4-a52e-4f735466cecf":"f.BD39AEFEC33B967BC38EA35058F10DD3.d.6F5E5F5C5805E7E977E506D105CF1647.e.7210"},"getText",[]]}
COMMAND: POST /session/10ce6bf21e267d5fc72912db2fe1b82f/element - {"using":"css selector","value":"#shell-header-logo"}
RESULT: {"using":"css selector","value":"#shell-header-logo"}
COMMAND: POST /session/10ce6bf21e267d5fc72912db2fe1b82f/element/f.BD39AEFEC33B967BC38EA35058F10DD3.d.6F5E5F5C5805E7E977E506D105CF1647.e.6896/click - {}
RESULT: {}
COMMAND: GET /session/10ce6bf21e267d5fc72912db2fe1b82f/screenshot - {}
RESULT: {}
]]></system-out>
    </testcase>
  </testsuite>
  <testsuite timestamp="2025-04-21T18:09:42" time="278.042" tests="4" failures="0" errors="0" skipped="0">
    <properties>
      <property name="specId" value="0"/>
      <property name="suiteName" value="Standard contract close-reopen US111278"/>
      <property name="capabilities" value="chrome.135_0_7049_42.windows"/>
      <property name="file" value="file:///D:/a/1/s/test/specs/R2C/standard-contract-close-reopen.spec.js"/>
    </properties>
    <testcase classname="chrome.135_0_7049_42.windows.Standard_contract_close-reopen_US111278" name="Should create a new contract and add an item" time="141.311">
      <system-out><![CDATA[
COMMAND: POST /session/10ce6bf21e267d5fc72912db2fe1b82f/execute/async - {"script":"<script> [1562 bytes]","args":[{"selector":{"controlType":"sap.m.Text","viewName":"etm.portal.ui.managecontractstile.view.Master","properties":{"text":"Manage Contracts"},"interaction":{"idSuffix":"inner"}},"wdio_ui5_key":"etmportal.ui.managecontractstile.view.Mastersap.m.Text{\"text\":\"Manage Contracts\"}"}]}
RESULT: {"script":"<script> [1562 bytes]","args":[{"selector":{"controlType":"sap.m.Text","viewName":"etm.portal.ui.managecontractstile.view.Master","properties":{"text":"Manage Contracts"},"interaction":{"idSuffix":"inner"}},"wdio_ui5_key":"etmportal.ui.managecontractstile.view.Mastersap.m.Text{\"text\":\"Manage Contracts\"}"}]}
RESULT: undefined
COMMAND: POST /session/10ce6bf21e267d5fc72912db2fe1b82f/element - {"using":"xpath","value":"//*[@id=\"__tile130-title\"]"}
RESULT: {"using":"xpath","value":"//*[@id=\"__tile130-title\"]"}
COMMAND: POST /session/10ce6bf21e267d5fc72912db2fe1b82f/element/f.BD39AEFEC33B967BC38EA35058F10DD3.d.6F5E5F5C5805E7E977E506D105CF1647.e.7216/click - {}
RESULT: {}
COMMAND: GET /session/10ce6bf21e267d5fc72912db2fe1b82f/screenshot - {}
RESULT: undefined
RESULT: undefined
RESULT: {}
COMMAND: POST /session/10ce6bf21e267d5fc72912db2fe1b82f/element - {"using":"xpath","value":"//button[@data-kt=\"addButton\"]"}
RESULT: {"using":"xpath","value":"//button[@data-kt=\"addButton\"]"}
COMMAND: POST /session/10ce6bf21e267d5fc72912db2fe1b82f/element/f.BD39AEFEC33B967BC38EA35058F10DD3.d.6F5E5F5C5805E7E977E506D105CF1647.e.7265/click - {}
RESULT: {}
COMMAND: GET /session/10ce6bf21e267d5fc72912db2fe1b82f/screenshot - {}
COMMAND: POST /session/10ce6bf21e267d5fc72912db2fe1b82f/execute/async - {"script":"<script> [1562 bytes]","args":[{"selector":{"id":"application-managecontracts-display-component---AddNewContract--projectDescription","interaction":{"idSuffix":"inner"}},"wdio_ui5_key":"applicationmanagecontracts-display-component---AddNewContract--projectDescription"}]}
RESULT: {}
RESULT: {"script":"<script> [1562 bytes]","args":[{"selector":{"id":"application-managecontracts-display-component---AddNewContract--projectDescription","interaction":{"idSuffix":"inner"}},"wdio_ui5_key":"applicationmanagecontracts-display-component---AddNewContract--projectDescription"}]}
RESULT: undefined
COMMAND: POST /session/10ce6bf21e267d5fc72912db2fe1b82f/execute/async - {"script":"<script> [776 bytes]","args":[{"enterText":"WdIOR2csnyvp","selector":{"id":"application-managecontracts-display-component---AddNewContract--projectDescription","interaction":{"idSuffix":"inner"}},"clearTextFirst":true,"interactionType":"ENTER_TEXT"}]}
RESULT: {"script":"<script> [776 bytes]","args":[{"enterText":"WdIOR2csnyvp","selector":{"id":"application-managecontracts-display-component---AddNewContract--projectDescription","interaction":{"idSuffix":"inner"}},"clearTextFirst":true,"interactionType":"ENTER_TEXT"}]}
COMMAND: POST /session/10ce6bf21e267d5fc72912db2fe1b82f/element - {"using":"xpath","value":"//input[@id=\"application-managecontracts-display-component---AddNewContract--yardId-inner\"]"}
RESULT: {"using":"xpath","value":"//input[@id=\"application-managecontracts-display-component---AddNewContract--yardId-inner\"]"}
COMMAND: POST /session/10ce6bf21e267d5fc72912db2fe1b82f/element/f.BD39AEFEC33B967BC38EA35058F10DD3.d.6F5E5F5C5805E7E977E506D105CF1647.e.7556/clear - {}
RESULT: {}
COMMAND: POST /session/10ce6bf21e267d5fc72912db2fe1b82f/element/f.BD39AEFEC33B967BC38EA35058F10DD3.d.6F5E5F5C5805E7E977E506D105CF1647.e.7556/value - {"text":"WebdriverYardx1ogv"}
COMMAND: GET /session/10ce6bf21e267d5fc72912db2fe1b82f/screenshot - {}
RESULT: {"text":"WebdriverYardx1ogv"}
COMMAND: GET /session/10ce6bf21e267d5fc72912db2fe1b82f/screenshot - {}
RESULT: {}
RESULT: {}
COMMAND: POST /session/10ce6bf21e267d5fc72912db2fe1b82f/actions - {"actions":[{"id":"action34","type":"key","parameters":{},"actions":[{"type":"keyDown","value":""},{"type":"pause","duration":10},{"type":"keyUp","value":""}]}]}
RESULT: {"actions":[{"id":"action34","type":"key","parameters":{},"actions":[{"type":"keyDown","value":""},{"type":"pause","duration":10},{"type":"keyUp","value":""}]}]}
COMMAND: GET /session/10ce6bf21e267d5fc72912db2fe1b82f/screenshot - {}
RESULT: {}
COMMAND: POST /session/10ce6bf21e267d5fc72912db2fe1b82f/element - {"using":"xpath","value":"//input[@id=\"application-managecontracts-display-component---AddNewContract--customerSelect-inner\"]"}
RESULT: {"using":"xpath","value":"//input[@id=\"application-managecontracts-display-component---AddNewContract--customerSelect-inner\"]"}
COMMAND: POST /session/10ce6bf21e267d5fc72912db2fe1b82f/element/f.BD39AEFEC33B967BC38EA35058F10DD3.d.6F5E5F5C5805E7E977E506D105CF1647.e.7554/clear - {}
RESULT: {}
COMMAND: POST /session/10ce6bf21e267d5fc72912db2fe1b82f/element/f.BD39AEFEC33B967BC38EA35058F10DD3.d.6F5E5F5C5805E7E977E506D105CF1647.e.7554/value - {"text":"WebdriverPartnerwe8f1h"}
COMMAND: GET /session/10ce6bf21e267d5fc72912db2fe1b82f/screenshot - {}
RESULT: {"text":"WebdriverPartnerwe8f1h"}
COMMAND: GET /session/10ce6bf21e267d5fc72912db2fe1b82f/screenshot - {}
RESULT: {}
RESULT: {}
COMMAND: POST /session/10ce6bf21e267d5fc72912db2fe1b82f/actions - {"actions":[{"id":"action35","type":"key","parameters":{},"actions":[{"type":"keyDown","value":""},{"type":"pause","duration":10},{"type":"keyUp","value":""}]}]}
RESULT: {"actions":[{"id":"action35","type":"key","parameters":{},"actions":[{"type":"keyDown","value":""},{"type":"pause","duration":10},{"type":"keyUp","value":""}]}]}
COMMAND: GET /session/10ce6bf21e267d5fc72912db2fe1b82f/screenshot - {}
RESULT: {}
COMMAND: POST /session/10ce6bf21e267d5fc72912db2fe1b82f/element - {"using":"xpath","value":"//input[@id=\"application-managecontracts-display-component---AddNewContract--site-inner\"]"}
RESULT: {"using":"xpath","value":"//input[@id=\"application-managecontracts-display-component---AddNewContract--site-inner\"]"}
COMMAND: POST /session/10ce6bf21e267d5fc72912db2fe1b82f/element/f.BD39AEFEC33B967BC38EA35058F10DD3.d.6F5E5F5C5805E7E977E506D105CF1647.e.7555/clear - {}
RESULT: {}
COMMAND: POST /session/10ce6bf21e267d5fc72912db2fe1b82f/element/f.BD39AEFEC33B967BC38EA35058F10DD3.d.6F5E5F5C5805E7E977E506D105CF1647.e.7555/value - {"text":"WebdriverSite70kw7h"}
COMMAND: GET /session/10ce6bf21e267d5fc72912db2fe1b82f/screenshot - {}
RESULT: {"text":"WebdriverSite70kw7h"}
COMMAND: GET /session/10ce6bf21e267d5fc72912db2fe1b82f/screenshot - {}
RESULT: {}
RESULT: {}
COMMAND: POST /session/10ce6bf21e267d5fc72912db2fe1b82f/actions - {"actions":[{"id":"action36","type":"key","parameters":{},"actions":[{"type":"keyDown","value":""},{"type":"pause","duration":10},{"type":"keyUp","value":""}]}]}
RESULT: {"actions":[{"id":"action36","type":"key","parameters":{},"actions":[{"type":"keyDown","value":""},{"type":"pause","duration":10},{"type":"keyUp","value":""}]}]}
COMMAND: POST /session/10ce6bf21e267d5fc72912db2fe1b82f/element - {"using":"xpath","value":"//button[@data-kt=\"saveButton\"]"}
COMMAND: GET /session/10ce6bf21e267d5fc72912db2fe1b82f/screenshot - {}
RESULT: {"using":"xpath","value":"//button[@data-kt=\"saveButton\"]"}
COMMAND: POST /session/10ce6bf21e267d5fc72912db2fe1b82f/element/f.BD39AEFEC33B967BC38EA35058F10DD3.d.6F5E5F5C5805E7E977E506D105CF1647.e.7570/click - {}
RESULT: {}
RESULT: {}
COMMAND: GET /session/10ce6bf21e267d5fc72912db2fe1b82f/screenshot - {}
RESULT: {}
COMMAND: POST /session/10ce6bf21e267d5fc72912db2fe1b82f/execute/async - {"script":"<script> [1562 bytes]","args":[{"selector":{"id":"contractDetailTitleNoExpanded","viewName":"etm.portal.ui.managecontracts.view.Detail"},"wdio_ui5_key":"contractDetailTitleNoExpandedetmportal.ui.managecontracts.view.Detail"}]}
RESULT: {"script":"<script> [1562 bytes]","args":[{"selector":{"id":"contractDetailTitleNoExpanded","viewName":"etm.portal.ui.managecontracts.view.Detail"},"wdio_ui5_key":"contractDetailTitleNoExpandedetmportal.ui.managecontracts.view.Detail"}]}
RESULT: undefined
COMMAND: POST /session/10ce6bf21e267d5fc72912db2fe1b82f/execute/async - {"script":"<script> [6424 bytes]","args":[{"element-6066-11e4-a52e-4f735466cecf":"f.BD39AEFEC33B967BC38EA35058F10DD3.d.6F5E5F5C5805E7E977E506D105CF1647.e.7596"},"getText",[]]}
RESULT: {"script":"<script> [6424 bytes]","args":[{"element-6066-11e4-a52e-4f735466cecf":"f.BD39AEFEC33B967BC38EA35058F10DD3.d.6F5E5F5C5805E7E977E506D105CF1647.e.7596"},"getText",[]]}
COMMAND: POST /session/10ce6bf21e267d5fc72912db2fe1b82f/execute/async - {"script":"<script> [1562 bytes]","args":[{"selector":{"id":"closeContractBtn","viewName":"etm.portal.ui.managecontracts.view.Detail"},"wdio_ui5_key":"closeContractBtnetmportal.ui.managecontracts.view.Detail"}]}
RESULT: {"script":"<script> [1562 bytes]","args":[{"selector":{"id":"closeContractBtn","viewName":"etm.portal.ui.managecontracts.view.Detail"},"wdio_ui5_key":"closeContractBtnetmportal.ui.managecontracts.view.Detail"}]}
RESULT: undefined
COMMAND: POST /session/10ce6bf21e267d5fc72912db2fe1b82f/execute/async - {"script":"<script> [6424 bytes]","args":[{"element-6066-11e4-a52e-4f735466cecf":"f.BD39AEFEC33B967BC38EA35058F10DD3.d.6F5E5F5C5805E7E977E506D105CF1647.e.7597"},"getEnabled",[]]}
RESULT: {"script":"<script> [6424 bytes]","args":[{"element-6066-11e4-a52e-4f735466cecf":"f.BD39AEFEC33B967BC38EA35058F10DD3.d.6F5E5F5C5805E7E977E506D105CF1647.e.7597"},"getEnabled",[]]}
COMMAND: POST /session/10ce6bf21e267d5fc72912db2fe1b82f/element - {"using":"xpath","value":"//button[@data-kt=\"contractDetailEditBtnButton\"]"}
RESULT: {"using":"xpath","value":"//button[@data-kt=\"contractDetailEditBtnButton\"]"}
COMMAND: POST /session/10ce6bf21e267d5fc72912db2fe1b82f/element/f.BD39AEFEC33B967BC38EA35058F10DD3.d.6F5E5F5C5805E7E977E506D105CF1647.e.7598/click - {}
RESULT: {}
COMMAND: GET /session/10ce6bf21e267d5fc72912db2fe1b82f/screenshot - {}
RESULT: {}
COMMAND: POST /session/10ce6bf21e267d5fc72912db2fe1b82f/element - {"using":"xpath","value":"(//span[contains(text(), \"Additional Addresses\")])[2]"}
RESULT: {"using":"xpath","value":"(//span[contains(text(), \"Additional Addresses\")])[2]"}
COMMAND: POST /session/10ce6bf21e267d5fc72912db2fe1b82f/element/f.BD39AEFEC33B967BC38EA35058F10DD3.d.6F5E5F5C5805E7E977E506D105CF1647.e.7656/click - {}
RESULT: {}
COMMAND: GET /session/10ce6bf21e267d5fc72912db2fe1b82f/screenshot - {}
RESULT: {}
COMMAND: POST /session/10ce6bf21e267d5fc72912db2fe1b82f/element - {"using":"xpath","value":"//button[@data-kt=\"btnAddTableRowOverflowToolbarButton\"]"}
RESULT: {"using":"xpath","value":"//button[@data-kt=\"btnAddTableRowOverflowToolbarButton\"]"}
COMMAND: POST /session/10ce6bf21e267d5fc72912db2fe1b82f/element/f.BD39AEFEC33B967BC38EA35058F10DD3.d.6F5E5F5C5805E7E977E506D105CF1647.e.7658/click - {}
RESULT: {}
COMMAND: GET /session/10ce6bf21e267d5fc72912db2fe1b82f/screenshot - {}
RESULT: {}
COMMAND: POST /session/10ce6bf21e267d5fc72912db2fe1b82f/element - {"using":"xpath","value":"//div[(text() = 'Standard Entry' or . = 'Standard Entry')]"}
RESULT: {"using":"xpath","value":"//div[(text() = 'Standard Entry' or . = 'Standard Entry')]"}
COMMAND: POST /session/10ce6bf21e267d5fc72912db2fe1b82f/element/f.BD39AEFEC33B967BC38EA35058F10DD3.d.6F5E5F5C5805E7E977E506D105CF1647.e.7660/click - {}
RESULT: {}
COMMAND: POST /session/10ce6bf21e267d5fc72912db2fe1b82f/element - {"using":"xpath","value":"//td[6]/div/div/input[1]"}
COMMAND: GET /session/10ce6bf21e267d5fc72912db2fe1b82f/screenshot - {}
RESULT: {"using":"xpath","value":"//td[6]/div/div/input[1]"}
COMMAND: POST /session/10ce6bf21e267d5fc72912db2fe1b82f/element/f.BD39AEFEC33B967BC38EA35058F10DD3.d.6F5E5F5C5805E7E977E506D105CF1647.e.7662/click - {}
RESULT: {}
RESULT: {}
COMMAND: POST /session/10ce6bf21e267d5fc72912db2fe1b82f/actions - {"actions":[{"id":"action37","type":"key","parameters":{},"actions":[{"type":"keyDown","value":""},{"type":"pause","duration":10},{"type":"keyUp","value":""}]}]}
COMMAND: GET /session/10ce6bf21e267d5fc72912db2fe1b82f/screenshot - {}
RESULT: {"actions":[{"id":"action37","type":"key","parameters":{},"actions":[{"type":"keyDown","value":""},{"type":"pause","duration":10},{"type":"keyUp","value":""}]}]}
COMMAND: POST /session/10ce6bf21e267d5fc72912db2fe1b82f/element - {"using":"xpath","value":"//td[6]/div/div/input[1]"}
COMMAND: GET /session/10ce6bf21e267d5fc72912db2fe1b82f/screenshot - {}
RESULT: {}
RESULT: {"using":"xpath","value":"//td[6]/div/div/input[1]"}
COMMAND: POST /session/10ce6bf21e267d5fc72912db2fe1b82f/element/f.BD39AEFEC33B967BC38EA35058F10DD3.d.6F5E5F5C5805E7E977E506D105CF1647.e.7662/clear - {}
RESULT: {}
RESULT: {}
COMMAND: POST /session/10ce6bf21e267d5fc72912db2fe1b82f/element/f.BD39AEFEC33B967BC38EA35058F10DD3.d.6F5E5F5C5805E7E977E506D105CF1647.e.7662/value - {"text":"Material"}
COMMAND: GET /session/10ce6bf21e267d5fc72912db2fe1b82f/screenshot - {}
RESULT: {"text":"Material"}
COMMAND: GET /session/10ce6bf21e267d5fc72912db2fe1b82f/screenshot - {}
RESULT: {}
RESULT: {}
COMMAND: POST /session/10ce6bf21e267d5fc72912db2fe1b82f/actions - {"actions":[{"id":"action38","type":"key","parameters":{},"actions":[{"type":"keyDown","value":""},{"type":"pause","duration":10},{"type":"keyUp","value":""}]}]}
RESULT: {"actions":[{"id":"action38","type":"key","parameters":{},"actions":[{"type":"keyDown","value":""},{"type":"pause","duration":10},{"type":"keyUp","value":""}]}]}
COMMAND: GET /session/10ce6bf21e267d5fc72912db2fe1b82f/screenshot - {}
RESULT: {}
COMMAND: POST /session/10ce6bf21e267d5fc72912db2fe1b82f/actions - {"actions":[{"id":"action39","type":"key","parameters":{},"actions":[{"type":"keyDown","value":""},{"type":"pause","duration":10},{"type":"keyUp","value":""}]}]}
RESULT: {"actions":[{"id":"action39","type":"key","parameters":{},"actions":[{"type":"keyDown","value":""},{"type":"pause","duration":10},{"type":"keyUp","value":""}]}]}
COMMAND: POST /session/10ce6bf21e267d5fc72912db2fe1b82f/element - {"using":"xpath","value":"//td[7]/div/div/input"}
COMMAND: GET /session/10ce6bf21e267d5fc72912db2fe1b82f/screenshot - {}
RESULT: {"using":"xpath","value":"//td[7]/div/div/input"}
COMMAND: POST /session/10ce6bf21e267d5fc72912db2fe1b82f/element/f.BD39AEFEC33B967BC38EA35058F10DD3.d.6F5E5F5C5805E7E977E506D105CF1647.e.7675/clear - {}
RESULT: {}
RESULT: {}
COMMAND: POST /session/10ce6bf21e267d5fc72912db2fe1b82f/element/f.BD39AEFEC33B967BC38EA35058F10DD3.d.6F5E5F5C5805E7E977E506D105CF1647.e.7675/value - {"text":"WebdriverRUR2Cccge0k"}
COMMAND: GET /session/10ce6bf21e267d5fc72912db2fe1b82f/screenshot - {}
RESULT: {}
RESULT: {"text":"WebdriverRUR2Cccge0k"}
COMMAND: GET /session/10ce6bf21e267d5fc72912db2fe1b82f/screenshot - {}
RESULT: {}
COMMAND: POST /session/10ce6bf21e267d5fc72912db2fe1b82f/actions - {"actions":[{"id":"action40","type":"key","parameters":{},"actions":[{"type":"keyDown","value":""},{"type":"pause","duration":10},{"type":"keyUp","value":""}]}]}
RESULT: {"actions":[{"id":"action40","type":"key","parameters":{},"actions":[{"type":"keyDown","value":""},{"type":"pause","duration":10},{"type":"keyUp","value":""}]}]}
COMMAND: GET /session/10ce6bf21e267d5fc72912db2fe1b82f/screenshot - {}
RESULT: {}
COMMAND: POST /session/10ce6bf21e267d5fc72912db2fe1b82f/actions - {"actions":[{"id":"action41","type":"key","parameters":{},"actions":[{"type":"keyDown","value":""},{"type":"pause","duration":10},{"type":"keyUp","value":""}]}]}
RESULT: {"actions":[{"id":"action41","type":"key","parameters":{},"actions":[{"type":"keyDown","value":""},{"type":"pause","duration":10},{"type":"keyUp","value":""}]}]}
COMMAND: GET /session/10ce6bf21e267d5fc72912db2fe1b82f/screenshot - {}
RESULT: {}
COMMAND: POST /session/10ce6bf21e267d5fc72912db2fe1b82f/element - {"using":"xpath","value":"(//button[@data-kt=\"saveButton\"])[2]"}
RESULT: {"using":"xpath","value":"(//button[@data-kt=\"saveButton\"])[2]"}
COMMAND: POST /session/10ce6bf21e267d5fc72912db2fe1b82f/element/f.BD39AEFEC33B967BC38EA35058F10DD3.d.6F5E5F5C5805E7E977E506D105CF1647.e.7701/click - {}
RESULT: {}
COMMAND: GET /session/10ce6bf21e267d5fc72912db2fe1b82f/screenshot - {}
RESULT: {}
]]></system-out>
    </testcase>
    <testcase classname="chrome.135_0_7049_42.windows.Standard_contract_close-reopen_US111278" name="It should close the contract" time="25.174">
      <system-out><![CDATA[
RESULT: undefined
COMMAND: POST /session/10ce6bf21e267d5fc72912db2fe1b82f/element - {"using":"xpath","value":"//*[@id=\"__xmlview64--closeContractBtn\"]"}
RESULT: {"using":"xpath","value":"//*[@id=\"__xmlview64--closeContractBtn\"]"}
COMMAND: POST /session/10ce6bf21e267d5fc72912db2fe1b82f/element/f.BD39AEFEC33B967BC38EA35058F10DD3.d.6F5E5F5C5805E7E977E506D105CF1647.e.7597/click - {}
RESULT: {}
COMMAND: GET /session/10ce6bf21e267d5fc72912db2fe1b82f/screenshot - {}
RESULT: {}
COMMAND: POST /session/10ce6bf21e267d5fc72912db2fe1b82f/element - {"using":"xpath","value":"//span[contains(text(), \"Do you want to close the whole contract?\")]"}
RESULT: {"using":"xpath","value":"//span[contains(text(), \"Do you want to close the whole contract?\")]"}
COMMAND: POST /session/10ce6bf21e267d5fc72912db2fe1b82f/execute/sync - {"script":"<script> [8489 bytes]","args":[{"element-6066-11e4-a52e-4f735466cecf":"f.BD39AEFEC33B967BC38EA35058F10DD3.d.6F5E5F5C5805E7E977E506D105CF1647.e.7705","ELEMENT":"f.BD39AEFEC33B967BC38EA35058F10DD3.d.6F5E5F5C5805E7E977E506D105CF1647.e.7705"}]}
RESULT: {"script":"<script> [8489 bytes]","args":[{"element-6066-11e4-a52e-4f735466cecf":"f.BD39AEFEC33B967BC38EA35058F10DD3.d.6F5E5F5C5805E7E977E506D105CF1647.e.7705","ELEMENT":"f.BD39AEFEC33B967BC38EA35058F10DD3.d.6F5E5F5C5805E7E977E506D105CF1647.e.7705"}]}
COMMAND: POST /session/10ce6bf21e267d5fc72912db2fe1b82f/element - {"using":"xpath","value":"//bdi[contains(text(), \"OK\")]"}
COMMAND: GET /session/10ce6bf21e267d5fc72912db2fe1b82f/screenshot - {}
RESULT: {"using":"xpath","value":"//bdi[contains(text(), \"OK\")]"}
COMMAND: POST /session/10ce6bf21e267d5fc72912db2fe1b82f/element/f.BD39AEFEC33B967BC38EA35058F10DD3.d.6F5E5F5C5805E7E977E506D105CF1647.e.7706/click - {}
RESULT: {}
RESULT: {}
COMMAND: GET /session/10ce6bf21e267d5fc72912db2fe1b82f/screenshot - {}
RESULT: {}
COMMAND: POST /session/10ce6bf21e267d5fc72912db2fe1b82f/element - {"using":"xpath","value":"//input[contains(@id ,\"smartContractFilterBar-btnBasicSearch-I\")]"}
RESULT: {"using":"xpath","value":"//input[contains(@id ,\"smartContractFilterBar-btnBasicSearch-I\")]"}
COMMAND: POST /session/10ce6bf21e267d5fc72912db2fe1b82f/element/f.BD39AEFEC33B967BC38EA35058F10DD3.d.6F5E5F5C5805E7E977E506D105CF1647.e.7228/clear - {}
RESULT: {}
COMMAND: POST /session/10ce6bf21e267d5fc72912db2fe1b82f/element/f.BD39AEFEC33B967BC38EA35058F10DD3.d.6F5E5F5C5805E7E977E506D105CF1647.e.7228/value - {"text":"10533"}
COMMAND: GET /session/10ce6bf21e267d5fc72912db2fe1b82f/screenshot - {}
RESULT: {"text":"10533"}
COMMAND: POST /session/10ce6bf21e267d5fc72912db2fe1b82f/actions - {"actions":[{"id":"action42","type":"key","parameters":{},"actions":[{"type":"keyDown","value":""},{"type":"pause","duration":10},{"type":"keyUp","value":""}]}]}
COMMAND: GET /session/10ce6bf21e267d5fc72912db2fe1b82f/screenshot - {}
RESULT: {}
RESULT: {"actions":[{"id":"action42","type":"key","parameters":{},"actions":[{"type":"keyDown","value":""},{"type":"pause","duration":10},{"type":"keyUp","value":""}]}]}
COMMAND: GET /session/10ce6bf21e267d5fc72912db2fe1b82f/screenshot - {}
RESULT: {}
RESULT: {}
COMMAND: POST /session/10ce6bf21e267d5fc72912db2fe1b82f/execute/async - {"script":"<script> [1562 bytes]","args":[{"selector":{"controlType":"sap.ui.core.Icon","viewName":"etm.portal.ui.managecontracts.view.Master","properties":{"src":{"regex":{"source":"slim\\-arrow\\-right"}}}},"wdio_ui5_key":"etmportal.ui.managecontracts.view.Mastersap.ui.core.Icon{\"src\":{\"regex\":{\"source\":\"slim\\\\-arrow\\\\-right\"}}}"}]}
RESULT: {"script":"<script> [1562 bytes]","args":[{"selector":{"controlType":"sap.ui.core.Icon","viewName":"etm.portal.ui.managecontracts.view.Master","properties":{"src":{"regex":{"source":"slim\\-arrow\\-right"}}}},"wdio_ui5_key":"etmportal.ui.managecontracts.view.Mastersap.ui.core.Icon{\"src\":{\"regex\":{\"source\":\"slim\\\\-arrow\\\\-right\"}}}"}]}
RESULT: undefined
COMMAND: POST /session/10ce6bf21e267d5fc72912db2fe1b82f/element - {"using":"xpath","value":"//*[@id=\"__item130-__clone6813-imgNav\"]"}
RESULT: {"using":"xpath","value":"//*[@id=\"__item130-__clone6813-imgNav\"]"}
COMMAND: POST /session/10ce6bf21e267d5fc72912db2fe1b82f/element/f.BD39AEFEC33B967BC38EA35058F10DD3.d.6F5E5F5C5805E7E977E506D105CF1647.e.7915/click - {}
RESULT: {}
COMMAND: POST /session/10ce6bf21e267d5fc72912db2fe1b82f/execute/async - {"script":"<script> [1562 bytes]","args":[{"selector":{"controlType":"sap.m.ObjectStatus","viewName":"etm.portal.ui.managecontracts.view.Detail","bindingPath":{"propertyPath":"LINK_TO_LOGISTICAL_STATUS/DESCRIPTION","modelName":"catalogModel"}},"wdio_ui5_key":"etmportal.ui.managecontracts.view.Detailsap.m.ObjectStatus{\"propertyPath\":\"LINK_TO_LOGISTICAL_STATUS/DESCRIPTION\",\"modelName\":\"catalogModel\"}"}]}
COMMAND: GET /session/10ce6bf21e267d5fc72912db2fe1b82f/screenshot - {}
RESULT: {"script":"<script> [1562 bytes]","args":[{"selector":{"controlType":"sap.m.ObjectStatus","viewName":"etm.portal.ui.managecontracts.view.Detail","bindingPath":{"propertyPath":"LINK_TO_LOGISTICAL_STATUS/DESCRIPTION","modelName":"catalogModel"}},"wdio_ui5_key":"etmportal.ui.managecontracts.view.Detailsap.m.ObjectStatus{\"propertyPath\":\"LINK_TO_LOGISTICAL_STATUS/DESCRIPTION\",\"modelName\":\"catalogModel\"}"}]}
RESULT: undefined
COMMAND: POST /session/10ce6bf21e267d5fc72912db2fe1b82f/execute/async - {"script":"<script> [6424 bytes]","args":[{"element-6066-11e4-a52e-4f735466cecf":"f.BD39AEFEC33B967BC38EA35058F10DD3.d.6F5E5F5C5805E7E977E506D105CF1647.e.7936"},"getText",[]]}
RESULT: {}
RESULT: {"script":"<script> [6424 bytes]","args":[{"element-6066-11e4-a52e-4f735466cecf":"f.BD39AEFEC33B967BC38EA35058F10DD3.d.6F5E5F5C5805E7E977E506D105CF1647.e.7936"},"getText",[]]}
]]></system-out>
    </testcase>
    <testcase classname="chrome.135_0_7049_42.windows.Standard_contract_close-reopen_US111278" name="Should reopen the contract" time="11.266">
      <system-out><![CDATA[
COMMAND: POST /session/10ce6bf21e267d5fc72912db2fe1b82f/execute/async - {"script":"<script> [1562 bytes]","args":[{"selector":{"id":"openContractBtn","viewName":"etm.portal.ui.managecontracts.view.Detail"},"wdio_ui5_key":"openContractBtnetmportal.ui.managecontracts.view.Detail"}]}
RESULT: {"script":"<script> [1562 bytes]","args":[{"selector":{"id":"openContractBtn","viewName":"etm.portal.ui.managecontracts.view.Detail"},"wdio_ui5_key":"openContractBtnetmportal.ui.managecontracts.view.Detail"}]}
RESULT: undefined
COMMAND: POST /session/10ce6bf21e267d5fc72912db2fe1b82f/execute/async - {"script":"<script> [6424 bytes]","args":[{"element-6066-11e4-a52e-4f735466cecf":"f.BD39AEFEC33B967BC38EA35058F10DD3.d.6F5E5F5C5805E7E977E506D105CF1647.e.7921"},"getEnabled",[]]}
RESULT: {"script":"<script> [6424 bytes]","args":[{"element-6066-11e4-a52e-4f735466cecf":"f.BD39AEFEC33B967BC38EA35058F10DD3.d.6F5E5F5C5805E7E977E506D105CF1647.e.7921"},"getEnabled",[]]}
COMMAND: POST /session/10ce6bf21e267d5fc72912db2fe1b82f/element - {"using":"xpath","value":"//bdi[contains(text(), \"Edit\")]"}
RESULT: {"using":"xpath","value":"//bdi[contains(text(), \"Edit\")]"}
COMMAND: POST /session/10ce6bf21e267d5fc72912db2fe1b82f/element - {"using":"xpath","value":"//bdi[contains(text(), \"Edit\")]"}
RESULT: undefined
COMMAND: POST /session/10ce6bf21e267d5fc72912db2fe1b82f/element - {"using":"xpath","value":"//*[@id=\"__xmlview64--openContractBtn\"]"}
RESULT: {"using":"xpath","value":"//*[@id=\"__xmlview64--openContractBtn\"]"}
COMMAND: POST /session/10ce6bf21e267d5fc72912db2fe1b82f/element/f.BD39AEFEC33B967BC38EA35058F10DD3.d.6F5E5F5C5805E7E977E506D105CF1647.e.7921/click - {}
RESULT: {"using":"xpath","value":"//bdi[contains(text(), \"Edit\")]"}
RESULT: {}
COMMAND: POST /session/10ce6bf21e267d5fc72912db2fe1b82f/execute/async - {"script":"<script> [1562 bytes]","args":[{"selector":{"controlType":"sap.m.Text","properties":{"text":"Contract has been reopened successfully"},"searchOpenDialogs":true},"wdio_ui5_key":"sapm.Text{\"text\":\"Contract has been reopened successfully\"}"}]}
COMMAND: GET /session/10ce6bf21e267d5fc72912db2fe1b82f/screenshot - {}
RESULT: {"script":"<script> [1562 bytes]","args":[{"selector":{"controlType":"sap.m.Text","properties":{"text":"Contract has been reopened successfully"},"searchOpenDialogs":true},"wdio_ui5_key":"sapm.Text{\"text\":\"Contract has been reopened successfully\"}"}]}
RESULT: undefined
COMMAND: POST /session/10ce6bf21e267d5fc72912db2fe1b82f/execute/async - {"script":"<script> [6424 bytes]","args":[{"element-6066-11e4-a52e-4f735466cecf":"f.BD39AEFEC33B967BC38EA35058F10DD3.d.6F5E5F5C5805E7E977E506D105CF1647.e.7942"},"getText",[]]}
RESULT: {}
RESULT: {"script":"<script> [6424 bytes]","args":[{"element-6066-11e4-a52e-4f735466cecf":"f.BD39AEFEC33B967BC38EA35058F10DD3.d.6F5E5F5C5805E7E977E506D105CF1647.e.7942"},"getText",[]]}
COMMAND: POST /session/10ce6bf21e267d5fc72912db2fe1b82f/element - {"using":"xpath","value":"//bdi[contains(text(), \"OK\")]"}
RESULT: {"using":"xpath","value":"//bdi[contains(text(), \"OK\")]"}
COMMAND: POST /session/10ce6bf21e267d5fc72912db2fe1b82f/element/f.BD39AEFEC33B967BC38EA35058F10DD3.d.6F5E5F5C5805E7E977E506D105CF1647.e.7943/click - {}
RESULT: {}
COMMAND: GET /session/10ce6bf21e267d5fc72912db2fe1b82f/screenshot - {}
RESULT: {}
COMMAND: POST /session/10ce6bf21e267d5fc72912db2fe1b82f/element - {"using":"xpath","value":"//bdi[contains(text(), \"Edit\")]"}
RESULT: undefined
COMMAND: POST /session/10ce6bf21e267d5fc72912db2fe1b82f/execute/async - {"script":"<script> [6424 bytes]","args":[{"element-6066-11e4-a52e-4f735466cecf":"f.BD39AEFEC33B967BC38EA35058F10DD3.d.6F5E5F5C5805E7E977E506D105CF1647.e.7597"},"getEnabled",[]]}
RESULT: {"using":"xpath","value":"//bdi[contains(text(), \"Edit\")]"}
COMMAND: POST /session/10ce6bf21e267d5fc72912db2fe1b82f/execute/sync - {"script":"<script> [8489 bytes]","args":[{"element-6066-11e4-a52e-4f735466cecf":"f.BD39AEFEC33B967BC38EA35058F10DD3.d.6F5E5F5C5805E7E977E506D105CF1647.e.7944","ELEMENT":"f.BD39AEFEC33B967BC38EA35058F10DD3.d.6F5E5F5C5805E7E977E506D105CF1647.e.7944"}]}
COMMAND: POST /session/10ce6bf21e267d5fc72912db2fe1b82f/execute/async - {"script":"<script> [1562 bytes]","args":[{"selector":{"id":"closeContractBtn","viewName":"etm.portal.ui.managecontracts.view.Detail"},"wdio_ui5_key":"closeContractBtnetmportal.ui.managecontracts.view.Detail"}]}
RESULT: {"script":"<script> [8489 bytes]","args":[{"element-6066-11e4-a52e-4f735466cecf":"f.BD39AEFEC33B967BC38EA35058F10DD3.d.6F5E5F5C5805E7E977E506D105CF1647.e.7944","ELEMENT":"f.BD39AEFEC33B967BC38EA35058F10DD3.d.6F5E5F5C5805E7E977E506D105CF1647.e.7944"}]}
COMMAND: GET /session/10ce6bf21e267d5fc72912db2fe1b82f/screenshot - {}
RESULT: {"script":"<script> [1562 bytes]","args":[{"selector":{"id":"closeContractBtn","viewName":"etm.portal.ui.managecontracts.view.Detail"},"wdio_ui5_key":"closeContractBtnetmportal.ui.managecontracts.view.Detail"}]}
COMMAND: POST /session/10ce6bf21e267d5fc72912db2fe1b82f/execute/async - {"script":"<script> [6424 bytes]","args":[{"element-6066-11e4-a52e-4f735466cecf":"f.BD39AEFEC33B967BC38EA35058F10DD3.d.6F5E5F5C5805E7E977E506D105CF1647.e.7945"},"getEnabled",[]]}
RESULT: {}
RESULT: {"script":"<script> [6424 bytes]","args":[{"element-6066-11e4-a52e-4f735466cecf":"f.BD39AEFEC33B967BC38EA35058F10DD3.d.6F5E5F5C5805E7E977E506D105CF1647.e.7945"},"getEnabled",[]]}
]]></system-out>
    </testcase>
    <testcase classname="chrome.135_0_7049_42.windows.Standard_contract_close-reopen_US111278" name="Should verify for multiple statuses that open button is not visible" time="96.179">
      <system-out><![CDATA[
COMMAND: POST /session/10ce6bf21e267d5fc72912db2fe1b82f/execute/async - {"script":"<script> [1562 bytes]","args":[{"selector":{"controlType":"sap.ui.core.Icon","viewName":"etm.portal.ui.managecontracts.view.Detail","properties":{"src":{"regex":{"source":"decline"}}}},"wdio_ui5_key":"etmportal.ui.managecontracts.view.Detailsap.ui.core.Icon{\"src\":{\"regex\":{\"source\":\"decline\"}}}"}]}
RESULT: {"script":"<script> [1562 bytes]","args":[{"selector":{"controlType":"sap.ui.core.Icon","viewName":"etm.portal.ui.managecontracts.view.Detail","properties":{"src":{"regex":{"source":"decline"}}}},"wdio_ui5_key":"etmportal.ui.managecontracts.view.Detailsap.ui.core.Icon{\"src\":{\"regex\":{\"source\":\"decline\"}}}"}]}
RESULT: undefined
COMMAND: POST /session/10ce6bf21e267d5fc72912db2fe1b82f/element - {"using":"xpath","value":"//*[@id=\"__xmlview64--closeColumnBtn-img\"]"}
RESULT: {"using":"xpath","value":"//*[@id=\"__xmlview64--closeColumnBtn-img\"]"}
COMMAND: POST /session/10ce6bf21e267d5fc72912db2fe1b82f/element/f.BD39AEFEC33B967BC38EA35058F10DD3.d.6F5E5F5C5805E7E977E506D105CF1647.e.7933/click - {}
RESULT: {}
COMMAND: GET /session/10ce6bf21e267d5fc72912db2fe1b82f/screenshot - {}
COMMAND: POST /session/10ce6bf21e267d5fc72912db2fe1b82f/element - {"using":"xpath","value":"//div[contains(@id ,\"smartContractFilterBar-btnBasicSearch-reset\")]"}
RESULT: {}
RESULT: {"using":"xpath","value":"//div[contains(@id ,\"smartContractFilterBar-btnBasicSearch-reset\")]"}
COMMAND: POST /session/10ce6bf21e267d5fc72912db2fe1b82f/element/f.BD39AEFEC33B967BC38EA35058F10DD3.d.6F5E5F5C5805E7E977E506D105CF1647.e.7935/click - {}
RESULT: {}
COMMAND: GET /session/10ce6bf21e267d5fc72912db2fe1b82f/screenshot - {}
COMMAND: POST /session/10ce6bf21e267d5fc72912db2fe1b82f/execute/async - {"script":"<script> [1562 bytes]","args":[{"selector":{"controlType":"sap.ui.core.Icon","viewName":"etm.portal.ui.managecontracts.view.Master","properties":{"src":{"regex":{"source":"slim\\-arrow\\-down"}}},"ancestor":{"id":"smartContractStatusFilter","viewName":"etm.portal.ui.managecontracts.view.Master"}},"wdio_ui5_key":"etmportal.ui.managecontracts.view.Mastersap.ui.core.Icon{\"src\":{\"regex\":{\"source\":\"slim\\\\-arrow\\\\-down\"}}}{\"id\":\"smartContractStatusFilter\",\"viewName\":\"etm.portal.ui.managecontracts.view.Master\"}"}]}
RESULT: {}
RESULT: {"script":"<script> [1562 bytes]","args":[{"selector":{"controlType":"sap.ui.core.Icon","viewName":"etm.portal.ui.managecontracts.view.Master","properties":{"src":{"regex":{"source":"slim\\-arrow\\-down"}}},"ancestor":{"id":"smartContractStatusFilter","viewName":"etm.portal.ui.managecontracts.view.Master"}},"wdio_ui5_key":"etmportal.ui.managecontracts.view.Mastersap.ui.core.Icon{\"src\":{\"regex\":{\"source\":\"slim\\\\-arrow\\\\-down\"}}}{\"id\":\"smartContractStatusFilter\",\"viewName\":\"etm.portal.ui.managecontracts.view.Master\"}"}]}
RESULT: undefined
COMMAND: POST /session/10ce6bf21e267d5fc72912db2fe1b82f/element - {"using":"xpath","value":"//*[@id=\"__xmlview63--smartContractStatusFilter-arrow\"]"}
RESULT: {"using":"xpath","value":"//*[@id=\"__xmlview63--smartContractStatusFilter-arrow\"]"}
COMMAND: POST /session/10ce6bf21e267d5fc72912db2fe1b82f/element/f.BD39AEFEC33B967BC38EA35058F10DD3.d.6F5E5F5C5805E7E977E506D105CF1647.e.7991/click - {}
RESULT: {}
COMMAND: POST /session/10ce6bf21e267d5fc72912db2fe1b82f/execute/async - {"script":"<script> [1562 bytes]","args":[{"selector":{"controlType":"sap.m.CheckBox","viewName":"etm.portal.ui.managecontracts.view.Master","properties":{"editable":true},"searchOpenDialogs":true,"ancestor":{"controlType":"sap.m.StandardListItem","viewName":"etm.portal.ui.managecontracts.view.Master","properties":{"title":"partial provided"},"searchOpenDialogs":true},"interaction":{"idSuffix":"CbBg"}},"wdio_ui5_key":"etmportal.ui.managecontracts.view.Mastersap.m.CheckBox{\"editable\":true}{\"controlType\":\"sap.m.StandardListItem\",\"viewName\":\"etm.portal.ui.managecontracts.view.Master\",\"properties\":{\"title\":\"partial provided\"},\"searchOpenDialogs\":true}"}]}
COMMAND: GET /session/10ce6bf21e267d5fc72912db2fe1b82f/screenshot - {}
RESULT: {"script":"<script> [1562 bytes]","args":[{"selector":{"controlType":"sap.m.CheckBox","viewName":"etm.portal.ui.managecontracts.view.Master","properties":{"editable":true},"searchOpenDialogs":true,"ancestor":{"controlType":"sap.m.StandardListItem","viewName":"etm.portal.ui.managecontracts.view.Master","properties":{"title":"partial provided"},"searchOpenDialogs":true},"interaction":{"idSuffix":"CbBg"}},"wdio_ui5_key":"etmportal.ui.managecontracts.view.Mastersap.m.CheckBox{\"editable\":true}{\"controlType\":\"sap.m.StandardListItem\",\"viewName\":\"etm.portal.ui.managecontracts.view.Master\",\"properties\":{\"title\":\"partial provided\"},\"searchOpenDialogs\":true}"}]}
RESULT: undefined
COMMAND: POST /session/10ce6bf21e267d5fc72912db2fe1b82f/element - {"using":"xpath","value":"//*[@id=\"__item2327-selectMulti\"]"}
RESULT: {}
RESULT: {"using":"xpath","value":"//*[@id=\"__item2327-selectMulti\"]"}
COMMAND: POST /session/10ce6bf21e267d5fc72912db2fe1b82f/element/f.BD39AEFEC33B967BC38EA35058F10DD3.d.6F5E5F5C5805E7E977E506D105CF1647.e.8001/click - {}
RESULT: {}
COMMAND: GET /session/10ce6bf21e267d5fc72912db2fe1b82f/screenshot - {}
RESULT: {}
COMMAND: POST /session/10ce6bf21e267d5fc72912db2fe1b82f/element - {"using":"xpath","value":"(//span[contains(@title ,\"Navigation\")])[2]"}
RESULT: {"using":"xpath","value":"(//span[contains(@title ,\"Navigation\")])[2]"}
COMMAND: POST /session/10ce6bf21e267d5fc72912db2fe1b82f/element/f.BD39AEFEC33B967BC38EA35058F10DD3.d.6F5E5F5C5805E7E977E506D105CF1647.e.8018/click - {}
RESULT: {}
COMMAND: GET /session/10ce6bf21e267d5fc72912db2fe1b82f/screenshot - {}
COMMAND: POST /session/10ce6bf21e267d5fc72912db2fe1b82f/element - {"using":"xpath","value":"//bdi[contains(@id ,\"closeContractBtn-BDI-content\")]"}
RESULT: {}
RESULT: {"using":"xpath","value":"//bdi[contains(@id ,\"closeContractBtn-BDI-content\")]"}
COMMAND: POST /session/10ce6bf21e267d5fc72912db2fe1b82f/element - {"using":"xpath","value":"//bdi[contains(@id ,\"closeContractBtn-BDI-content\")]"}
RESULT: undefined
COMMAND: POST /session/10ce6bf21e267d5fc72912db2fe1b82f/element - {"using":"xpath","value":"//*[@id=\"__xmlview64--closeColumnBtn-img\"]"}
RESULT: {"using":"xpath","value":"//bdi[contains(@id ,\"closeContractBtn-BDI-content\")]"}
RESULT: {"using":"xpath","value":"//*[@id=\"__xmlview64--closeColumnBtn-img\"]"}
COMMAND: POST /session/10ce6bf21e267d5fc72912db2fe1b82f/element/f.BD39AEFEC33B967BC38EA35058F10DD3.d.6F5E5F5C5805E7E977E506D105CF1647.e.7933/click - {}
RESULT: {}
COMMAND: GET /session/10ce6bf21e267d5fc72912db2fe1b82f/screenshot - {}
RESULT: {}
COMMAND: POST /session/10ce6bf21e267d5fc72912db2fe1b82f/refresh - {}
RESULT: {}
COMMAND: GET /session/10ce6bf21e267d5fc72912db2fe1b82f/screenshot - {}
RESULT: {}
RESULT: undefined
RESULT: undefined
COMMAND: POST /session/10ce6bf21e267d5fc72912db2fe1b82f/execute/async - {"script":"<script> [189 bytes]","args":[]}
RESULT: {"script":"<script> [189 bytes]","args":[]}
COMMAND: POST /session/10ce6bf21e267d5fc72912db2fe1b82f/execute/async - {"script":"<script> [123 bytes]","args":[]}
RESULT: {"script":"<script> [123 bytes]","args":[]}
COMMAND: POST /session/10ce6bf21e267d5fc72912db2fe1b82f/timeouts - {"script":"<number>"}
RESULT: {"script":"<number>"}
COMMAND: GET /session/10ce6bf21e267d5fc72912db2fe1b82f/timeouts - {}
RESULT: {}
RESULT: undefined
COMMAND: POST /session/10ce6bf21e267d5fc72912db2fe1b82f/execute/async - {"script":"<script> [2676 bytes]","args":[]}
RESULT: {"script":"<script> [2676 bytes]","args":[]}
COMMAND: POST /session/10ce6bf21e267d5fc72912db2fe1b82f/execute/async - {"script":"<script> [2342 bytes]","args":[{"protocol":"http","hostname":"0.0.0.0","path":"/","capabilities":{"browserName":"chrome","goog:chromeOptions":{"binary":"C:\\Program Files\\Google\\Chrome\\Application\\chrome.exe","args":["--start-maximized"]}},"logLevel":"warn","connectionRetryTimeout":120000,"connectionRetryCount":3,"logLevels":{},"enableDirectConnect":true,"strictSSL":true,"_":"65 more keys: [\"cacheDir\",\"port\",\"requestedCapabilities\",\"automationProtocol\",\"baseUrl\",\"waitforInterval\",\"waitforTimeout\",\"onReload\",\"beforeCommand\",\"afterCommand\",\"rootDir\",\"specs\",\"suites\",\"exclude\",\"groupLogsByTestSpec\",\"excludeDriverLogs\",\"bail\",\"framework\",\"reporters\",\"services\",\"maxInstances\",\"maxInstancesPerCapability\",\"injectGlobals\",\"filesToWatch\",\"execArgv\",\"runnerEnv\",\"runner\",\"shard\",\"specFileRetries\",\"specFileRetriesDelay\",\"specFileRetriesDeferred\",\"reporterSyncInterval\",\"reporterSyncTimeout\",\"cucumberFeaturesWithLineNumbers\",\"autoCompileOpts\",\"mochaOpts\",\"jasmineOpts\",\"cucumberOpts\",\"onPrepare\",\"onWorkerStart\",\"onWorkerEnd\",\"before\",\"beforeSession\",\"beforeSuite\",\"beforeHook\",\"beforeTest\",\"afterTest\",\"afterHook\",\"afterSuite\",\"afterSession\",\"after\",\"onComplete\",\"beforeAssertion\",\"afterAssertion\",\"beforeFeature\",\"beforeScenario\",\"beforeStep\",\"afterStep\",\"afterScenario\",\"afterFeature\",\"_\",\"suite\",\"$0\",\"ignoredWorkerServices\",\"wdi5\"]"}]}
RESULT: {"script":"<script> [2342 bytes]","args":[{"protocol":"http","hostname":"0.0.0.0","path":"/","capabilities":{"browserName":"chrome","goog:chromeOptions":{"binary":"C:\\Program Files\\Google\\Chrome\\Application\\chrome.exe","args":["--start-maximized"]}},"logLevel":"warn","connectionRetryTimeout":120000,"connectionRetryCount":3,"logLevels":{},"enableDirectConnect":true,"strictSSL":true,"_":"65 more keys: [\"cacheDir\",\"port\",\"requestedCapabilities\",\"automationProtocol\",\"baseUrl\",\"waitforInterval\",\"waitforTimeout\",\"onReload\",\"beforeCommand\",\"afterCommand\",\"rootDir\",\"specs\",\"suites\",\"exclude\",\"groupLogsByTestSpec\",\"excludeDriverLogs\",\"bail\",\"framework\",\"reporters\",\"services\",\"maxInstances\",\"maxInstancesPerCapability\",\"injectGlobals\",\"filesToWatch\",\"execArgv\",\"runnerEnv\",\"runner\",\"shard\",\"specFileRetries\",\"specFileRetriesDelay\",\"specFileRetriesDeferred\",\"reporterSyncInterval\",\"reporterSyncTimeout\",\"cucumberFeaturesWithLineNumbers\",\"autoCompileOpts\",\"mochaOpts\",\"jasmineOpts\",\"cucumberOpts\",\"onPrepare\",\"onWorkerStart\",\"onWorkerEnd\",\"before\",\"beforeSession\",\"beforeSuite\",\"beforeHook\",\"beforeTest\",\"afterTest\",\"afterHook\",\"afterSuite\",\"afterSession\",\"after\",\"onComplete\",\"beforeAssertion\",\"afterAssertion\",\"beforeFeature\",\"beforeScenario\",\"beforeStep\",\"afterStep\",\"afterScenario\",\"afterFeature\",\"_\",\"suite\",\"$0\",\"ignoredWorkerServices\",\"wdi5\"]"}]}
COMMAND: POST /session/10ce6bf21e267d5fc72912db2fe1b82f/execute/async - {"script":"<script> [21126 bytes]","args":[35000]}
RESULT: {"script":"<script> [21126 bytes]","args":[35000]}
COMMAND: POST /session/10ce6bf21e267d5fc72912db2fe1b82f/execute/async - {"script":"<script> [1562 bytes]","args":[{"selector":{"controlType":"sap.ui.core.Icon","viewName":"etm.portal.ui.managecontracts.view.Master","properties":{"src":{"regex":{"source":"slim\\-arrow\\-down"}}},"ancestor":{"id":"smartContractStatusFilter","viewName":"etm.portal.ui.managecontracts.view.Master"}},"wdio_ui5_key":"etmportal.ui.managecontracts.view.Mastersap.ui.core.Icon{\"src\":{\"regex\":{\"source\":\"slim\\\\-arrow\\\\-down\"}}}{\"id\":\"smartContractStatusFilter\",\"viewName\":\"etm.portal.ui.managecontracts.view.Master\"}"}]}
RESULT: {"script":"<script> [1562 bytes]","args":[{"selector":{"controlType":"sap.ui.core.Icon","viewName":"etm.portal.ui.managecontracts.view.Master","properties":{"src":{"regex":{"source":"slim\\-arrow\\-down"}}},"ancestor":{"id":"smartContractStatusFilter","viewName":"etm.portal.ui.managecontracts.view.Master"}},"wdio_ui5_key":"etmportal.ui.managecontracts.view.Mastersap.ui.core.Icon{\"src\":{\"regex\":{\"source\":\"slim\\\\-arrow\\\\-down\"}}}{\"id\":\"smartContractStatusFilter\",\"viewName\":\"etm.portal.ui.managecontracts.view.Master\"}"}]}
RESULT: undefined
COMMAND: POST /session/10ce6bf21e267d5fc72912db2fe1b82f/element - {"using":"xpath","value":"//*[@id=\"__xmlview0--smartContractStatusFilter-arrow\"]"}
RESULT: {"using":"xpath","value":"//*[@id=\"__xmlview0--smartContractStatusFilter-arrow\"]"}
COMMAND: POST /session/10ce6bf21e267d5fc72912db2fe1b82f/element/f.BD39AEFEC33B967BC38EA35058F10DD3.d.05F8EFA178ACEACFD77CAB359D04CE0B.e.8412/click - {}
RESULT: {}
COMMAND: GET /session/10ce6bf21e267d5fc72912db2fe1b82f/screenshot - {}
RESULT: {}
COMMAND: POST /session/10ce6bf21e267d5fc72912db2fe1b82f/execute/async - {"script":"<script> [1562 bytes]","args":[{"selector":{"controlType":"sap.m.CheckBox","viewName":"etm.portal.ui.managecontracts.view.Master","properties":{"editable":true},"searchOpenDialogs":true,"ancestor":{"controlType":"sap.m.StandardListItem","viewName":"etm.portal.ui.managecontracts.view.Master","properties":{"title":"partial billed"},"searchOpenDialogs":true},"interaction":{"idSuffix":"CbBg"}},"wdio_ui5_key":"etmportal.ui.managecontracts.view.Mastersap.m.CheckBox{\"editable\":true}{\"controlType\":\"sap.m.StandardListItem\",\"viewName\":\"etm.portal.ui.managecontracts.view.Master\",\"properties\":{\"title\":\"partial billed\"},\"searchOpenDialogs\":true}"}]}
RESULT: {"script":"<script> [1562 bytes]","args":[{"selector":{"controlType":"sap.m.CheckBox","viewName":"etm.portal.ui.managecontracts.view.Master","properties":{"editable":true},"searchOpenDialogs":true,"ancestor":{"controlType":"sap.m.StandardListItem","viewName":"etm.portal.ui.managecontracts.view.Master","properties":{"title":"partial billed"},"searchOpenDialogs":true},"interaction":{"idSuffix":"CbBg"}},"wdio_ui5_key":"etmportal.ui.managecontracts.view.Mastersap.m.CheckBox{\"editable\":true}{\"controlType\":\"sap.m.StandardListItem\",\"viewName\":\"etm.portal.ui.managecontracts.view.Master\",\"properties\":{\"title\":\"partial billed\"},\"searchOpenDialogs\":true}"}]}
RESULT: undefined
COMMAND: POST /session/10ce6bf21e267d5fc72912db2fe1b82f/element - {"using":"xpath","value":"//*[@id=\"__item41-selectMulti\"]"}
RESULT: {"using":"xpath","value":"//*[@id=\"__item41-selectMulti\"]"}
COMMAND: POST /session/10ce6bf21e267d5fc72912db2fe1b82f/element/f.BD39AEFEC33B967BC38EA35058F10DD3.d.05F8EFA178ACEACFD77CAB359D04CE0B.e.8422/click - {}
RESULT: {}
COMMAND: GET /session/10ce6bf21e267d5fc72912db2fe1b82f/screenshot - {}
RESULT: {}
COMMAND: POST /session/10ce6bf21e267d5fc72912db2fe1b82f/element - {"using":"xpath","value":"(//span[contains(@title ,\"Navigation\")])[2]"}
RESULT: {"using":"xpath","value":"(//span[contains(@title ,\"Navigation\")])[2]"}
COMMAND: POST /session/10ce6bf21e267d5fc72912db2fe1b82f/element/f.BD39AEFEC33B967BC38EA35058F10DD3.d.05F8EFA178ACEACFD77CAB359D04CE0B.e.8458/click - {}
RESULT: {}
COMMAND: GET /session/10ce6bf21e267d5fc72912db2fe1b82f/screenshot - {}
RESULT: {}
COMMAND: POST /session/10ce6bf21e267d5fc72912db2fe1b82f/element - {"using":"xpath","value":"//bdi[contains(@id ,\"closeContractBtn-BDI-content\")]"}
COMMAND: POST /session/10ce6bf21e267d5fc72912db2fe1b82f/element - {"using":"css selector","value":"#shell-header-logo"}
RESULT: {"using":"xpath","value":"//bdi[contains(@id ,\"closeContractBtn-BDI-content\")]"}
RESULT: {"using":"css selector","value":"#shell-header-logo"}
COMMAND: POST /session/10ce6bf21e267d5fc72912db2fe1b82f/element/f.BD39AEFEC33B967BC38EA35058F10DD3.d.05F8EFA178ACEACFD77CAB359D04CE0B.e.8374/click - {}
RESULT: {}
COMMAND: GET /session/10ce6bf21e267d5fc72912db2fe1b82f/screenshot - {}
RESULT: {}
]]></system-out>
    </testcase>
  </testsuite>
  <testsuite timestamp="2025-04-21T18:14:20" time="61.72" tests="1" failures="0" errors="0" skipped="0">
    <properties>
      <property name="specId" value="0"/>
      <property name="suiteName" value="Standard contract decline US151279"/>
      <property name="capabilities" value="chrome.135_0_7049_42.windows"/>
      <property name="file" value="file:///D:/a/1/s/test/specs/R2C/standard-contract-decline.spec.js"/>
    </properties>
    <testcase classname="chrome.135_0_7049_42.windows.Standard_contract_decline_US151279" name="Should decline a contract" time="57.727">
      <system-out><![CDATA[
COMMAND: POST /session/10ce6bf21e267d5fc72912db2fe1b82f/execute/async - {"script":"<script> [1562 bytes]","args":[{"selector":{"controlType":"sap.m.GenericTile","properties":{"header":"Manage Contracts"}},"wdio_ui5_key":"sapm.GenericTile{\"header\":\"Manage Contracts\"}"}]}
RESULT: {"script":"<script> [1562 bytes]","args":[{"selector":{"controlType":"sap.m.GenericTile","properties":{"header":"Manage Contracts"}},"wdio_ui5_key":"sapm.GenericTile{\"header\":\"Manage Contracts\"}"}]}
RESULT: undefined
COMMAND: POST /session/10ce6bf21e267d5fc72912db2fe1b82f/element - {"using":"xpath","value":"//*[@id=\"__tile130\"]"}
RESULT: {"using":"xpath","value":"//*[@id=\"__tile130\"]"}
COMMAND: POST /session/10ce6bf21e267d5fc72912db2fe1b82f/element/f.BD39AEFEC33B967BC38EA35058F10DD3.d.05F8EFA178ACEACFD77CAB359D04CE0B.e.8822/click - {}
COMMAND: POST /session/10ce6bf21e267d5fc72912db2fe1b82f/element - {"using":"xpath","value":"//input[contains(@id ,\"smartContractFilterBar-btnBasicSearch-I\")]"}
RESULT: {}
COMMAND: GET /session/10ce6bf21e267d5fc72912db2fe1b82f/screenshot - {}
RESULT: {"using":"xpath","value":"//input[contains(@id ,\"smartContractFilterBar-btnBasicSearch-I\")]"}
COMMAND: POST /session/10ce6bf21e267d5fc72912db2fe1b82f/elements - {"using":"xpath","value":"//input[contains(@id ,\"smartContractFilterBar-btnBasicSearch-I\")]"}
RESULT: {}
RESULT: {"using":"xpath","value":"//input[contains(@id ,\"smartContractFilterBar-btnBasicSearch-I\")]"}
COMMAND: POST /session/10ce6bf21e267d5fc72912db2fe1b82f/elements - {"using":"xpath","value":"//input[contains(@id ,\"smartContractFilterBar-btnBasicSearch-I\")]"}
RESULT: {"using":"xpath","value":"//input[contains(@id ,\"smartContractFilterBar-btnBasicSearch-I\")]"}
COMMAND: POST /session/10ce6bf21e267d5fc72912db2fe1b82f/elements - {"using":"xpath","value":"//input[contains(@id ,\"smartContractFilterBar-btnBasicSearch-I\")]"}
RESULT: {"using":"xpath","value":"//input[contains(@id ,\"smartContractFilterBar-btnBasicSearch-I\")]"}
COMMAND: POST /session/10ce6bf21e267d5fc72912db2fe1b82f/elements - {"using":"xpath","value":"//input[contains(@id ,\"smartContractFilterBar-btnBasicSearch-I\")]"}
RESULT: {"using":"xpath","value":"//input[contains(@id ,\"smartContractFilterBar-btnBasicSearch-I\")]"}
COMMAND: POST /session/10ce6bf21e267d5fc72912db2fe1b82f/elements - {"using":"xpath","value":"//input[contains(@id ,\"smartContractFilterBar-btnBasicSearch-I\")]"}
RESULT: {"using":"xpath","value":"//input[contains(@id ,\"smartContractFilterBar-btnBasicSearch-I\")]"}
COMMAND: POST /session/10ce6bf21e267d5fc72912db2fe1b82f/elements - {"using":"xpath","value":"//input[contains(@id ,\"smartContractFilterBar-btnBasicSearch-I\")]"}
RESULT: {"using":"xpath","value":"//input[contains(@id ,\"smartContractFilterBar-btnBasicSearch-I\")]"}
COMMAND: POST /session/10ce6bf21e267d5fc72912db2fe1b82f/elements - {"using":"xpath","value":"//input[contains(@id ,\"smartContractFilterBar-btnBasicSearch-I\")]"}
RESULT: {"using":"xpath","value":"//input[contains(@id ,\"smartContractFilterBar-btnBasicSearch-I\")]"}
COMMAND: POST /session/10ce6bf21e267d5fc72912db2fe1b82f/elements - {"using":"xpath","value":"//input[contains(@id ,\"smartContractFilterBar-btnBasicSearch-I\")]"}
RESULT: {"using":"xpath","value":"//input[contains(@id ,\"smartContractFilterBar-btnBasicSearch-I\")]"}
COMMAND: POST /session/10ce6bf21e267d5fc72912db2fe1b82f/elements - {"using":"xpath","value":"//input[contains(@id ,\"smartContractFilterBar-btnBasicSearch-I\")]"}
RESULT: undefined
RESULT: undefined
RESULT: {"using":"xpath","value":"//input[contains(@id ,\"smartContractFilterBar-btnBasicSearch-I\")]"}
COMMAND: POST /session/10ce6bf21e267d5fc72912db2fe1b82f/element - {"using":"xpath","value":"//input[contains(@id ,\"smartContractFilterBar-btnBasicSearch-I\")]"}
RESULT: {"using":"xpath","value":"//input[contains(@id ,\"smartContractFilterBar-btnBasicSearch-I\")]"}
COMMAND: POST /session/10ce6bf21e267d5fc72912db2fe1b82f/element/f.BD39AEFEC33B967BC38EA35058F10DD3.d.05F8EFA178ACEACFD77CAB359D04CE0B.e.8833/clear - {}
RESULT: {}
COMMAND: POST /session/10ce6bf21e267d5fc72912db2fe1b82f/element/f.BD39AEFEC33B967BC38EA35058F10DD3.d.05F8EFA178ACEACFD77CAB359D04CE0B.e.8833/value - {"text":"10533"}
COMMAND: GET /session/10ce6bf21e267d5fc72912db2fe1b82f/screenshot - {}
RESULT: {"text":"10533"}
COMMAND: POST /session/10ce6bf21e267d5fc72912db2fe1b82f/actions - {"actions":[{"id":"action43","type":"key","parameters":{},"actions":[{"type":"keyDown","value":""},{"type":"pause","duration":10},{"type":"keyUp","value":""}]}]}
COMMAND: GET /session/10ce6bf21e267d5fc72912db2fe1b82f/screenshot - {}
RESULT: {}
RESULT: {"actions":[{"id":"action43","type":"key","parameters":{},"actions":[{"type":"keyDown","value":""},{"type":"pause","duration":10},{"type":"keyUp","value":""}]}]}
COMMAND: GET /session/10ce6bf21e267d5fc72912db2fe1b82f/screenshot - {}
RESULT: {}
RESULT: {}
COMMAND: POST /session/10ce6bf21e267d5fc72912db2fe1b82f/execute/async - {"script":"<script> [1562 bytes]","args":[{"selector":{"controlType":"sap.ui.core.Icon","viewName":"etm.portal.ui.managecontracts.view.Master","properties":{"src":{"regex":{"source":"slim\\-arrow\\-right"}}}},"wdio_ui5_key":"etmportal.ui.managecontracts.view.Mastersap.ui.core.Icon{\"src\":{\"regex\":{\"source\":\"slim\\\\-arrow\\\\-right\"}}}"}]}
RESULT: {"script":"<script> [1562 bytes]","args":[{"selector":{"controlType":"sap.ui.core.Icon","viewName":"etm.portal.ui.managecontracts.view.Master","properties":{"src":{"regex":{"source":"slim\\-arrow\\-right"}}}},"wdio_ui5_key":"etmportal.ui.managecontracts.view.Mastersap.ui.core.Icon{\"src\":{\"regex\":{\"source\":\"slim\\\\-arrow\\\\-right\"}}}"}]}
RESULT: undefined
COMMAND: POST /session/10ce6bf21e267d5fc72912db2fe1b82f/element - {"using":"xpath","value":"//*[@id=\"__item80-__clone229-imgNav\"]"}
RESULT: {"using":"xpath","value":"//*[@id=\"__item80-__clone229-imgNav\"]"}
COMMAND: POST /session/10ce6bf21e267d5fc72912db2fe1b82f/element/f.BD39AEFEC33B967BC38EA35058F10DD3.d.05F8EFA178ACEACFD77CAB359D04CE0B.e.8933/click - {}
RESULT: {}
COMMAND: GET /session/10ce6bf21e267d5fc72912db2fe1b82f/screenshot - {}
RESULT: {}
COMMAND: POST /session/10ce6bf21e267d5fc72912db2fe1b82f/execute/async - {"script":"<script> [1562 bytes]","args":[{"selector":{"id":"cancelContractBtn","viewName":"etm.portal.ui.managecontracts.view.Detail","interaction":{"idSuffix":"BDI-content"}},"wdio_ui5_key":"cancelContractBtnetmportal.ui.managecontracts.view.Detail"}]}
RESULT: {"script":"<script> [1562 bytes]","args":[{"selector":{"id":"cancelContractBtn","viewName":"etm.portal.ui.managecontracts.view.Detail","interaction":{"idSuffix":"BDI-content"}},"wdio_ui5_key":"cancelContractBtnetmportal.ui.managecontracts.view.Detail"}]}
RESULT: undefined
COMMAND: POST /session/10ce6bf21e267d5fc72912db2fe1b82f/element - {"using":"xpath","value":"//*[@id=\"__xmlview61--cancelContractBtn\"]"}
RESULT: {"using":"xpath","value":"//*[@id=\"__xmlview61--cancelContractBtn\"]"}
COMMAND: POST /session/10ce6bf21e267d5fc72912db2fe1b82f/element/f.BD39AEFEC33B967BC38EA35058F10DD3.d.05F8EFA178ACEACFD77CAB359D04CE0B.e.9051/click - {}
RESULT: {}
COMMAND: GET /session/10ce6bf21e267d5fc72912db2fe1b82f/screenshot - {}
RESULT: {}
COMMAND: POST /session/10ce6bf21e267d5fc72912db2fe1b82f/execute/async - {"script":"<script> [1562 bytes]","args":[{"selector":{"controlType":"sap.m.Text","properties":{"text":"Do you want to cancel the whole contract?"},"searchOpenDialogs":true},"wdio_ui5_key":"sapm.Text{\"text\":\"Do you want to cancel the whole contract?\"}"}]}
RESULT: {"script":"<script> [1562 bytes]","args":[{"selector":{"controlType":"sap.m.Text","properties":{"text":"Do you want to cancel the whole contract?"},"searchOpenDialogs":true},"wdio_ui5_key":"sapm.Text{\"text\":\"Do you want to cancel the whole contract?\"}"}]}
RESULT: undefined
COMMAND: POST /session/10ce6bf21e267d5fc72912db2fe1b82f/execute/async - {"script":"<script> [6424 bytes]","args":[{"element-6066-11e4-a52e-4f735466cecf":"f.BD39AEFEC33B967BC38EA35058F10DD3.d.05F8EFA178ACEACFD77CAB359D04CE0B.e.9100"},"getText",[]]}
RESULT: {"script":"<script> [6424 bytes]","args":[{"element-6066-11e4-a52e-4f735466cecf":"f.BD39AEFEC33B967BC38EA35058F10DD3.d.05F8EFA178ACEACFD77CAB359D04CE0B.e.9100"},"getText",[]]}
COMMAND: POST /session/10ce6bf21e267d5fc72912db2fe1b82f/element - {"using":"xpath","value":"//bdi[contains(text(), \"OK\")]"}
RESULT: {"using":"xpath","value":"//bdi[contains(text(), \"OK\")]"}
COMMAND: POST /session/10ce6bf21e267d5fc72912db2fe1b82f/element/f.BD39AEFEC33B967BC38EA35058F10DD3.d.05F8EFA178ACEACFD77CAB359D04CE0B.e.9101/click - {}
RESULT: {}
COMMAND: GET /session/10ce6bf21e267d5fc72912db2fe1b82f/screenshot - {}
RESULT: {}
COMMAND: POST /session/10ce6bf21e267d5fc72912db2fe1b82f/element - {"using":"xpath","value":"//input[contains(@id ,\"smartContractFilterBar-btnBasicSearch-I\")]"}
RESULT: {"using":"xpath","value":"//input[contains(@id ,\"smartContractFilterBar-btnBasicSearch-I\")]"}
COMMAND: POST /session/10ce6bf21e267d5fc72912db2fe1b82f/element/f.BD39AEFEC33B967BC38EA35058F10DD3.d.05F8EFA178ACEACFD77CAB359D04CE0B.e.8833/clear - {}
RESULT: {}
COMMAND: POST /session/10ce6bf21e267d5fc72912db2fe1b82f/element/f.BD39AEFEC33B967BC38EA35058F10DD3.d.05F8EFA178ACEACFD77CAB359D04CE0B.e.8833/value - {"text":"10533"}
COMMAND: GET /session/10ce6bf21e267d5fc72912db2fe1b82f/screenshot - {}
RESULT: {"text":"10533"}
COMMAND: POST /session/10ce6bf21e267d5fc72912db2fe1b82f/actions - {"actions":[{"id":"action44","type":"key","parameters":{},"actions":[{"type":"keyDown","value":""},{"type":"pause","duration":10},{"type":"keyUp","value":""}]}]}
COMMAND: GET /session/10ce6bf21e267d5fc72912db2fe1b82f/screenshot - {}
RESULT: {}
RESULT: {"actions":[{"id":"action44","type":"key","parameters":{},"actions":[{"type":"keyDown","value":""},{"type":"pause","duration":10},{"type":"keyUp","value":""}]}]}
COMMAND: GET /session/10ce6bf21e267d5fc72912db2fe1b82f/screenshot - {}
RESULT: {}
RESULT: {}
COMMAND: POST /session/10ce6bf21e267d5fc72912db2fe1b82f/execute/async - {"script":"<script> [1562 bytes]","args":[{"selector":{"controlType":"sap.m.ObjectStatus","viewName":"etm.portal.ui.managecontracts.view.Master","bindingPath":{"path":"/SmartContractHeaders('10533')","propertyPath":"STATUS_DESCRIPTION"}},"wdio_ui5_key":"etmportal.ui.managecontracts.view.Mastersap.m.ObjectStatus{\"path\":\"/SmartContractHeaders('10533')\",\"propertyPath\":\"STATUS_DESCRIPTION\"}"}]}
RESULT: {"script":"<script> [1562 bytes]","args":[{"selector":{"controlType":"sap.m.ObjectStatus","viewName":"etm.portal.ui.managecontracts.view.Master","bindingPath":{"path":"/SmartContractHeaders('10533')","propertyPath":"STATUS_DESCRIPTION"}},"wdio_ui5_key":"etmportal.ui.managecontracts.view.Mastersap.m.ObjectStatus{\"path\":\"/SmartContractHeaders('10533')\",\"propertyPath\":\"STATUS_DESCRIPTION\"}"}]}
RESULT: undefined
COMMAND: POST /session/10ce6bf21e267d5fc72912db2fe1b82f/execute/async - {"script":"<script> [6424 bytes]","args":[{"element-6066-11e4-a52e-4f735466cecf":"f.BD39AEFEC33B967BC38EA35058F10DD3.d.05F8EFA178ACEACFD77CAB359D04CE0B.e.9153"},"getText",[]]}
RESULT: {"script":"<script> [6424 bytes]","args":[{"element-6066-11e4-a52e-4f735466cecf":"f.BD39AEFEC33B967BC38EA35058F10DD3.d.05F8EFA178ACEACFD77CAB359D04CE0B.e.9153"},"getText",[]]}
RESULT: undefined
COMMAND: POST /session/10ce6bf21e267d5fc72912db2fe1b82f/element - {"using":"xpath","value":"//*[@id=\"__item80-__clone229-imgNav\"]"}
RESULT: {"using":"xpath","value":"//*[@id=\"__item80-__clone229-imgNav\"]"}
COMMAND: POST /session/10ce6bf21e267d5fc72912db2fe1b82f/element/f.BD39AEFEC33B967BC38EA35058F10DD3.d.05F8EFA178ACEACFD77CAB359D04CE0B.e.8933/click - {}
RESULT: {}
COMMAND: GET /session/10ce6bf21e267d5fc72912db2fe1b82f/screenshot - {}
RESULT: {}
COMMAND: POST /session/10ce6bf21e267d5fc72912db2fe1b82f/execute/async - {"script":"<script> [1562 bytes]","args":[{"selector":{"controlType":"sap.m.ObjectStatus","viewName":"etm.portal.ui.managecontracts.view.Detail","bindingPath":{"path":"/SmartContractItems(CONTRACT='10533',ITEM=10m,SUB_ITEM=0m)","propertyPath":"STATUS"}},"wdio_ui5_key":"etmportal.ui.managecontracts.view.Detailsap.m.ObjectStatus{\"path\":\"/SmartContractItems(CONTRACT='10533',ITEM=10m,SUB_ITEM=0m)\",\"propertyPath\":\"STATUS\"}"}]}
RESULT: {"script":"<script> [1562 bytes]","args":[{"selector":{"controlType":"sap.m.ObjectStatus","viewName":"etm.portal.ui.managecontracts.view.Detail","bindingPath":{"path":"/SmartContractItems(CONTRACT='10533',ITEM=10m,SUB_ITEM=0m)","propertyPath":"STATUS"}},"wdio_ui5_key":"etmportal.ui.managecontracts.view.Detailsap.m.ObjectStatus{\"path\":\"/SmartContractItems(CONTRACT='10533',ITEM=10m,SUB_ITEM=0m)\",\"propertyPath\":\"STATUS\"}"}]}
RESULT: undefined
COMMAND: POST /session/10ce6bf21e267d5fc72912db2fe1b82f/execute/async - {"script":"<script> [6424 bytes]","args":[{"element-6066-11e4-a52e-4f735466cecf":"f.BD39AEFEC33B967BC38EA35058F10DD3.d.05F8EFA178ACEACFD77CAB359D04CE0B.e.9179"},"getText",[]]}
RESULT: {"script":"<script> [6424 bytes]","args":[{"element-6066-11e4-a52e-4f735466cecf":"f.BD39AEFEC33B967BC38EA35058F10DD3.d.05F8EFA178ACEACFD77CAB359D04CE0B.e.9179"},"getText",[]]}
COMMAND: POST /session/10ce6bf21e267d5fc72912db2fe1b82f/element - {"using":"css selector","value":"#shell-header-logo"}
RESULT: {"using":"css selector","value":"#shell-header-logo"}
COMMAND: POST /session/10ce6bf21e267d5fc72912db2fe1b82f/element/f.BD39AEFEC33B967BC38EA35058F10DD3.d.05F8EFA178ACEACFD77CAB359D04CE0B.e.8824/click - {}
RESULT: {}
COMMAND: GET /session/10ce6bf21e267d5fc72912db2fe1b82f/screenshot - {}
RESULT: {}
]]></system-out>
    </testcase>
  </testsuite>
  <testsuite timestamp="2025-04-21T18:15:22" time="151.085" tests="2" failures="0" errors="0" skipped="0">
    <properties>
      <property name="specId" value="0"/>
      <property name="suiteName" value="Insert service into a contract US152956"/>
      <property name="capabilities" value="chrome.135_0_7049_42.windows"/>
      <property name="file" value="file:///D:/a/1/s/test/specs/R2C/insert-service-into-a-contract.spec.js"/>
    </properties>
    <testcase classname="chrome.135_0_7049_42.windows.Insert_service_into_a_contract_US152956" name="Should create a new contract" time="0.012">
      <system-out><![CDATA[
COMMAND: POST /session/10ce6bf21e267d5fc72912db2fe1b82f/execute/async - {"script":"<script> [1562 bytes]","args":[{"selector":{"controlType":"sap.m.Text","viewName":"etm.portal.ui.managecontractstile.view.Master","properties":{"text":"Manage Contracts"},"interaction":{"idSuffix":"inner"}},"wdio_ui5_key":"etmportal.ui.managecontractstile.view.Mastersap.m.Text{\"text\":\"Manage Contracts\"}"}]}
]]></system-out>
    </testcase>
    <testcase classname="chrome.135_0_7049_42.windows.Insert_service_into_a_contract_US152956" name="Should add a service unit and a service group to the contract" time="146.881">
      <system-out><![CDATA[
RESULT: {"script":"<script> [1562 bytes]","args":[{"selector":{"controlType":"sap.m.Text","viewName":"etm.portal.ui.managecontractstile.view.Master","properties":{"text":"Manage Contracts"},"interaction":{"idSuffix":"inner"}},"wdio_ui5_key":"etmportal.ui.managecontractstile.view.Mastersap.m.Text{\"text\":\"Manage Contracts\"}"}]}
RESULT: undefined
COMMAND: POST /session/10ce6bf21e267d5fc72912db2fe1b82f/element - {"using":"xpath","value":"//*[@id=\"__tile130-title\"]"}
RESULT: {"using":"xpath","value":"//*[@id=\"__tile130-title\"]"}
COMMAND: POST /session/10ce6bf21e267d5fc72912db2fe1b82f/element/f.BD39AEFEC33B967BC38EA35058F10DD3.d.05F8EFA178ACEACFD77CAB359D04CE0B.e.9183/click - {}
COMMAND: POST /session/10ce6bf21e267d5fc72912db2fe1b82f/element - {"using":"xpath","value":"//button[@data-kt=\"contractDetailEditBtnButton\"]"}
RESULT: {}
COMMAND: GET /session/10ce6bf21e267d5fc72912db2fe1b82f/screenshot - {}
RESULT: undefined
RESULT: {"using":"xpath","value":"//button[@data-kt=\"contractDetailEditBtnButton\"]"}
COMMAND: POST /session/10ce6bf21e267d5fc72912db2fe1b82f/elements - {"using":"xpath","value":"//button[@data-kt=\"contractDetailEditBtnButton\"]"}
RESULT: {}
RESULT: undefined
RESULT: {"using":"xpath","value":"//button[@data-kt=\"contractDetailEditBtnButton\"]"}
COMMAND: POST /session/10ce6bf21e267d5fc72912db2fe1b82f/elements - {"using":"xpath","value":"//button[@data-kt=\"contractDetailEditBtnButton\"]"}
RESULT: {"using":"xpath","value":"//button[@data-kt=\"contractDetailEditBtnButton\"]"}
COMMAND: POST /session/10ce6bf21e267d5fc72912db2fe1b82f/elements - {"using":"xpath","value":"//button[@data-kt=\"contractDetailEditBtnButton\"]"}
RESULT: {"using":"xpath","value":"//button[@data-kt=\"contractDetailEditBtnButton\"]"}
COMMAND: POST /session/10ce6bf21e267d5fc72912db2fe1b82f/elements - {"using":"xpath","value":"//button[@data-kt=\"contractDetailEditBtnButton\"]"}
RESULT: {"using":"xpath","value":"//button[@data-kt=\"contractDetailEditBtnButton\"]"}
COMMAND: POST /session/10ce6bf21e267d5fc72912db2fe1b82f/elements - {"using":"xpath","value":"//button[@data-kt=\"contractDetailEditBtnButton\"]"}
RESULT: {"using":"xpath","value":"//button[@data-kt=\"contractDetailEditBtnButton\"]"}
COMMAND: POST /session/10ce6bf21e267d5fc72912db2fe1b82f/elements - {"using":"xpath","value":"//button[@data-kt=\"contractDetailEditBtnButton\"]"}
RESULT: {"using":"xpath","value":"//button[@data-kt=\"contractDetailEditBtnButton\"]"}
COMMAND: POST /session/10ce6bf21e267d5fc72912db2fe1b82f/elements - {"using":"xpath","value":"//button[@data-kt=\"contractDetailEditBtnButton\"]"}
RESULT: {"using":"xpath","value":"//button[@data-kt=\"contractDetailEditBtnButton\"]"}
COMMAND: POST /session/10ce6bf21e267d5fc72912db2fe1b82f/elements - {"using":"xpath","value":"//button[@data-kt=\"contractDetailEditBtnButton\"]"}
RESULT: {"using":"xpath","value":"//button[@data-kt=\"contractDetailEditBtnButton\"]"}
COMMAND: POST /session/10ce6bf21e267d5fc72912db2fe1b82f/elements - {"using":"xpath","value":"//button[@data-kt=\"contractDetailEditBtnButton\"]"}
RESULT: {"using":"xpath","value":"//button[@data-kt=\"contractDetailEditBtnButton\"]"}
COMMAND: POST /session/10ce6bf21e267d5fc72912db2fe1b82f/elements - {"using":"xpath","value":"//button[@data-kt=\"contractDetailEditBtnButton\"]"}
RESULT: {"using":"xpath","value":"//button[@data-kt=\"contractDetailEditBtnButton\"]"}
COMMAND: POST /session/10ce6bf21e267d5fc72912db2fe1b82f/elements - {"using":"xpath","value":"//button[@data-kt=\"contractDetailEditBtnButton\"]"}
RESULT: {"using":"xpath","value":"//button[@data-kt=\"contractDetailEditBtnButton\"]"}
COMMAND: POST /session/10ce6bf21e267d5fc72912db2fe1b82f/elements - {"using":"xpath","value":"//button[@data-kt=\"contractDetailEditBtnButton\"]"}
RESULT: {"using":"xpath","value":"//button[@data-kt=\"contractDetailEditBtnButton\"]"}
COMMAND: POST /session/10ce6bf21e267d5fc72912db2fe1b82f/elements - {"using":"xpath","value":"//button[@data-kt=\"contractDetailEditBtnButton\"]"}
RESULT: {"using":"xpath","value":"//button[@data-kt=\"contractDetailEditBtnButton\"]"}
COMMAND: POST /session/10ce6bf21e267d5fc72912db2fe1b82f/element - {"using":"xpath","value":"//button[@data-kt=\"addButton\"]"}
RESULT: {"using":"xpath","value":"//button[@data-kt=\"addButton\"]"}
COMMAND: POST /session/10ce6bf21e267d5fc72912db2fe1b82f/element/f.BD39AEFEC33B967BC38EA35058F10DD3.d.05F8EFA178ACEACFD77CAB359D04CE0B.e.9253/click - {}
RESULT: {}
COMMAND: GET /session/10ce6bf21e267d5fc72912db2fe1b82f/screenshot - {}
COMMAND: POST /session/10ce6bf21e267d5fc72912db2fe1b82f/elements - {"using":"xpath","value":"//button[@data-kt=\"contractDetailEditBtnButton\"]"}
COMMAND: POST /session/10ce6bf21e267d5fc72912db2fe1b82f/execute/async - {"script":"<script> [1562 bytes]","args":[{"selector":{"id":"application-managecontracts-display-component---AddNewContract--projectDescription","interaction":{"idSuffix":"inner"}},"wdio_ui5_key":"applicationmanagecontracts-display-component---AddNewContract--projectDescription"}]}
RESULT: {}
RESULT: {"using":"xpath","value":"//button[@data-kt=\"contractDetailEditBtnButton\"]"}
COMMAND: POST /session/10ce6bf21e267d5fc72912db2fe1b82f/elements - {"using":"xpath","value":"//button[@data-kt=\"contractDetailEditBtnButton\"]"}
RESULT: {"script":"<script> [1562 bytes]","args":[{"selector":{"id":"application-managecontracts-display-component---AddNewContract--projectDescription","interaction":{"idSuffix":"inner"}},"wdio_ui5_key":"applicationmanagecontracts-display-component---AddNewContract--projectDescription"}]}
RESULT: undefined
COMMAND: POST /session/10ce6bf21e267d5fc72912db2fe1b82f/execute/async - {"script":"<script> [776 bytes]","args":[{"enterText":"WdIOR2cooazb","selector":{"id":"application-managecontracts-display-component---AddNewContract--projectDescription","interaction":{"idSuffix":"inner"}},"clearTextFirst":true,"interactionType":"ENTER_TEXT"}]}
RESULT: {"using":"xpath","value":"//button[@data-kt=\"contractDetailEditBtnButton\"]"}
COMMAND: POST /session/10ce6bf21e267d5fc72912db2fe1b82f/elements - {"using":"xpath","value":"//button[@data-kt=\"contractDetailEditBtnButton\"]"}
RESULT: {"script":"<script> [776 bytes]","args":[{"enterText":"WdIOR2cooazb","selector":{"id":"application-managecontracts-display-component---AddNewContract--projectDescription","interaction":{"idSuffix":"inner"}},"clearTextFirst":true,"interactionType":"ENTER_TEXT"}]}
COMMAND: POST /session/10ce6bf21e267d5fc72912db2fe1b82f/element - {"using":"xpath","value":"//input[@id=\"application-managecontracts-display-component---AddNewContract--yardId-inner\"]"}
RESULT: {"using":"xpath","value":"//button[@data-kt=\"contractDetailEditBtnButton\"]"}
RESULT: {"using":"xpath","value":"//input[@id=\"application-managecontracts-display-component---AddNewContract--yardId-inner\"]"}
COMMAND: POST /session/10ce6bf21e267d5fc72912db2fe1b82f/element/f.BD39AEFEC33B967BC38EA35058F10DD3.d.05F8EFA178ACEACFD77CAB359D04CE0B.e.9497/clear - {}
COMMAND: POST /session/10ce6bf21e267d5fc72912db2fe1b82f/elements - {"using":"xpath","value":"//button[@data-kt=\"contractDetailEditBtnButton\"]"}
RESULT: {}
COMMAND: POST /session/10ce6bf21e267d5fc72912db2fe1b82f/element/f.BD39AEFEC33B967BC38EA35058F10DD3.d.05F8EFA178ACEACFD77CAB359D04CE0B.e.9497/value - {"text":"WebdriverYardx1ogv"}
COMMAND: GET /session/10ce6bf21e267d5fc72912db2fe1b82f/screenshot - {}
RESULT: {"using":"xpath","value":"//button[@data-kt=\"contractDetailEditBtnButton\"]"}
COMMAND: POST /session/10ce6bf21e267d5fc72912db2fe1b82f/elements - {"using":"xpath","value":"//button[@data-kt=\"contractDetailEditBtnButton\"]"}
RESULT: {"text":"WebdriverYardx1ogv"}
COMMAND: GET /session/10ce6bf21e267d5fc72912db2fe1b82f/screenshot - {}
RESULT: {}
RESULT: {"using":"xpath","value":"//button[@data-kt=\"contractDetailEditBtnButton\"]"}
COMMAND: POST /session/10ce6bf21e267d5fc72912db2fe1b82f/elements - {"using":"xpath","value":"//button[@data-kt=\"contractDetailEditBtnButton\"]"}
RESULT: {}
RESULT: {"using":"xpath","value":"//button[@data-kt=\"contractDetailEditBtnButton\"]"}
COMMAND: POST /session/10ce6bf21e267d5fc72912db2fe1b82f/elements - {"using":"xpath","value":"//button[@data-kt=\"contractDetailEditBtnButton\"]"}
RESULT: {"using":"xpath","value":"//button[@data-kt=\"contractDetailEditBtnButton\"]"}
COMMAND: POST /session/10ce6bf21e267d5fc72912db2fe1b82f/elements - {"using":"xpath","value":"//button[@data-kt=\"contractDetailEditBtnButton\"]"}
RESULT: {"using":"xpath","value":"//button[@data-kt=\"contractDetailEditBtnButton\"]"}
COMMAND: POST /session/10ce6bf21e267d5fc72912db2fe1b82f/elements - {"using":"xpath","value":"//button[@data-kt=\"contractDetailEditBtnButton\"]"}
RESULT: {"using":"xpath","value":"//button[@data-kt=\"contractDetailEditBtnButton\"]"}
COMMAND: POST /session/10ce6bf21e267d5fc72912db2fe1b82f/elements - {"using":"xpath","value":"//button[@data-kt=\"contractDetailEditBtnButton\"]"}
RESULT: {"using":"xpath","value":"//button[@data-kt=\"contractDetailEditBtnButton\"]"}
COMMAND: POST /session/10ce6bf21e267d5fc72912db2fe1b82f/elements - {"using":"xpath","value":"//button[@data-kt=\"contractDetailEditBtnButton\"]"}
RESULT: {"using":"xpath","value":"//button[@data-kt=\"contractDetailEditBtnButton\"]"}
COMMAND: POST /session/10ce6bf21e267d5fc72912db2fe1b82f/elements - {"using":"xpath","value":"//button[@data-kt=\"contractDetailEditBtnButton\"]"}
RESULT: {"using":"xpath","value":"//button[@data-kt=\"contractDetailEditBtnButton\"]"}
COMMAND: POST /session/10ce6bf21e267d5fc72912db2fe1b82f/elements - {"using":"xpath","value":"//button[@data-kt=\"contractDetailEditBtnButton\"]"}
RESULT: {"using":"xpath","value":"//button[@data-kt=\"contractDetailEditBtnButton\"]"}
COMMAND: POST /session/10ce6bf21e267d5fc72912db2fe1b82f/elements - {"using":"xpath","value":"//button[@data-kt=\"contractDetailEditBtnButton\"]"}
RESULT: {"using":"xpath","value":"//button[@data-kt=\"contractDetailEditBtnButton\"]"}
COMMAND: POST /session/10ce6bf21e267d5fc72912db2fe1b82f/elements - {"using":"xpath","value":"//button[@data-kt=\"contractDetailEditBtnButton\"]"}
RESULT: {"using":"xpath","value":"//button[@data-kt=\"contractDetailEditBtnButton\"]"}
COMMAND: POST /session/10ce6bf21e267d5fc72912db2fe1b82f/elements - {"using":"xpath","value":"//button[@data-kt=\"contractDetailEditBtnButton\"]"}
RESULT: {"using":"xpath","value":"//button[@data-kt=\"contractDetailEditBtnButton\"]"}
COMMAND: POST /session/10ce6bf21e267d5fc72912db2fe1b82f/elements - {"using":"xpath","value":"//button[@data-kt=\"contractDetailEditBtnButton\"]"}
RESULT: {"using":"xpath","value":"//button[@data-kt=\"contractDetailEditBtnButton\"]"}
COMMAND: POST /session/10ce6bf21e267d5fc72912db2fe1b82f/elements - {"using":"xpath","value":"//button[@data-kt=\"contractDetailEditBtnButton\"]"}
RESULT: {"using":"xpath","value":"//button[@data-kt=\"contractDetailEditBtnButton\"]"}
COMMAND: POST /session/10ce6bf21e267d5fc72912db2fe1b82f/elements - {"using":"xpath","value":"//button[@data-kt=\"contractDetailEditBtnButton\"]"}
RESULT: {"using":"xpath","value":"//button[@data-kt=\"contractDetailEditBtnButton\"]"}
COMMAND: POST /session/10ce6bf21e267d5fc72912db2fe1b82f/elements - {"using":"xpath","value":"//button[@data-kt=\"contractDetailEditBtnButton\"]"}
RESULT: {"using":"xpath","value":"//button[@data-kt=\"contractDetailEditBtnButton\"]"}
COMMAND: POST /session/10ce6bf21e267d5fc72912db2fe1b82f/elements - {"using":"xpath","value":"//button[@data-kt=\"contractDetailEditBtnButton\"]"}
RESULT: {"using":"xpath","value":"//button[@data-kt=\"contractDetailEditBtnButton\"]"}
COMMAND: POST /session/10ce6bf21e267d5fc72912db2fe1b82f/elements - {"using":"xpath","value":"//button[@data-kt=\"contractDetailEditBtnButton\"]"}
RESULT: {"using":"xpath","value":"//button[@data-kt=\"contractDetailEditBtnButton\"]"}
COMMAND: POST /session/10ce6bf21e267d5fc72912db2fe1b82f/elements - {"using":"xpath","value":"//button[@data-kt=\"contractDetailEditBtnButton\"]"}
RESULT: {"using":"xpath","value":"//button[@data-kt=\"contractDetailEditBtnButton\"]"}
COMMAND: POST /session/10ce6bf21e267d5fc72912db2fe1b82f/elements - {"using":"xpath","value":"//button[@data-kt=\"contractDetailEditBtnButton\"]"}
RESULT: {"using":"xpath","value":"//button[@data-kt=\"contractDetailEditBtnButton\"]"}
COMMAND: POST /session/10ce6bf21e267d5fc72912db2fe1b82f/elements - {"using":"xpath","value":"//button[@data-kt=\"contractDetailEditBtnButton\"]"}
RESULT: {"using":"xpath","value":"//button[@data-kt=\"contractDetailEditBtnButton\"]"}
COMMAND: POST /session/10ce6bf21e267d5fc72912db2fe1b82f/elements - {"using":"xpath","value":"//button[@data-kt=\"contractDetailEditBtnButton\"]"}
RESULT: {"using":"xpath","value":"//button[@data-kt=\"contractDetailEditBtnButton\"]"}
COMMAND: POST /session/10ce6bf21e267d5fc72912db2fe1b82f/elements - {"using":"xpath","value":"//button[@data-kt=\"contractDetailEditBtnButton\"]"}
RESULT: {"using":"xpath","value":"//button[@data-kt=\"contractDetailEditBtnButton\"]"}
COMMAND: POST /session/10ce6bf21e267d5fc72912db2fe1b82f/elements - {"using":"xpath","value":"//button[@data-kt=\"contractDetailEditBtnButton\"]"}
RESULT: {"using":"xpath","value":"//button[@data-kt=\"contractDetailEditBtnButton\"]"}
COMMAND: POST /session/10ce6bf21e267d5fc72912db2fe1b82f/elements - {"using":"xpath","value":"//button[@data-kt=\"contractDetailEditBtnButton\"]"}
RESULT: {"using":"xpath","value":"//button[@data-kt=\"contractDetailEditBtnButton\"]"}
COMMAND: POST /session/10ce6bf21e267d5fc72912db2fe1b82f/elements - {"using":"xpath","value":"//button[@data-kt=\"contractDetailEditBtnButton\"]"}
RESULT: {"using":"xpath","value":"//button[@data-kt=\"contractDetailEditBtnButton\"]"}
COMMAND: POST /session/10ce6bf21e267d5fc72912db2fe1b82f/elements - {"using":"xpath","value":"//button[@data-kt=\"contractDetailEditBtnButton\"]"}
RESULT: {"using":"xpath","value":"//button[@data-kt=\"contractDetailEditBtnButton\"]"}
COMMAND: POST /session/10ce6bf21e267d5fc72912db2fe1b82f/elements - {"using":"xpath","value":"//button[@data-kt=\"contractDetailEditBtnButton\"]"}
RESULT: {"using":"xpath","value":"//button[@data-kt=\"contractDetailEditBtnButton\"]"}
COMMAND: POST /session/10ce6bf21e267d5fc72912db2fe1b82f/elements - {"using":"xpath","value":"//button[@data-kt=\"contractDetailEditBtnButton\"]"}
RESULT: {"using":"xpath","value":"//button[@data-kt=\"contractDetailEditBtnButton\"]"}
COMMAND: POST /session/10ce6bf21e267d5fc72912db2fe1b82f/elements - {"using":"xpath","value":"//button[@data-kt=\"contractDetailEditBtnButton\"]"}
RESULT: {"using":"xpath","value":"//button[@data-kt=\"contractDetailEditBtnButton\"]"}
COMMAND: POST /session/10ce6bf21e267d5fc72912db2fe1b82f/elements - {"using":"xpath","value":"//button[@data-kt=\"contractDetailEditBtnButton\"]"}
RESULT: {"using":"xpath","value":"//button[@data-kt=\"contractDetailEditBtnButton\"]"}
COMMAND: POST /session/10ce6bf21e267d5fc72912db2fe1b82f/elements - {"using":"xpath","value":"//button[@data-kt=\"contractDetailEditBtnButton\"]"}
RESULT: {"using":"xpath","value":"//button[@data-kt=\"contractDetailEditBtnButton\"]"}
COMMAND: POST /session/10ce6bf21e267d5fc72912db2fe1b82f/elements - {"using":"xpath","value":"//button[@data-kt=\"contractDetailEditBtnButton\"]"}
RESULT: {"using":"xpath","value":"//button[@data-kt=\"contractDetailEditBtnButton\"]"}
COMMAND: POST /session/10ce6bf21e267d5fc72912db2fe1b82f/elements - {"using":"xpath","value":"//button[@data-kt=\"contractDetailEditBtnButton\"]"}
RESULT: {"using":"xpath","value":"//button[@data-kt=\"contractDetailEditBtnButton\"]"}
COMMAND: POST /session/10ce6bf21e267d5fc72912db2fe1b82f/elements - {"using":"xpath","value":"//button[@data-kt=\"contractDetailEditBtnButton\"]"}
RESULT: {"using":"xpath","value":"//button[@data-kt=\"contractDetailEditBtnButton\"]"}
COMMAND: POST /session/10ce6bf21e267d5fc72912db2fe1b82f/elements - {"using":"xpath","value":"//button[@data-kt=\"contractDetailEditBtnButton\"]"}
RESULT: {"using":"xpath","value":"//button[@data-kt=\"contractDetailEditBtnButton\"]"}
COMMAND: POST /session/10ce6bf21e267d5fc72912db2fe1b82f/elements - {"using":"xpath","value":"//button[@data-kt=\"contractDetailEditBtnButton\"]"}
RESULT: {"using":"xpath","value":"//button[@data-kt=\"contractDetailEditBtnButton\"]"}
COMMAND: POST /session/10ce6bf21e267d5fc72912db2fe1b82f/elements - {"using":"xpath","value":"//button[@data-kt=\"contractDetailEditBtnButton\"]"}
RESULT: {"using":"xpath","value":"//button[@data-kt=\"contractDetailEditBtnButton\"]"}
COMMAND: POST /session/10ce6bf21e267d5fc72912db2fe1b82f/elements - {"using":"xpath","value":"//button[@data-kt=\"contractDetailEditBtnButton\"]"}
RESULT: {"using":"xpath","value":"//button[@data-kt=\"contractDetailEditBtnButton\"]"}
COMMAND: POST /session/10ce6bf21e267d5fc72912db2fe1b82f/elements - {"using":"xpath","value":"//button[@data-kt=\"contractDetailEditBtnButton\"]"}
RESULT: {"using":"xpath","value":"//button[@data-kt=\"contractDetailEditBtnButton\"]"}
COMMAND: POST /session/10ce6bf21e267d5fc72912db2fe1b82f/elements - {"using":"xpath","value":"//button[@data-kt=\"contractDetailEditBtnButton\"]"}
RESULT: {"using":"xpath","value":"//button[@data-kt=\"contractDetailEditBtnButton\"]"}
COMMAND: POST /session/10ce6bf21e267d5fc72912db2fe1b82f/actions - {"actions":[{"id":"action45","type":"key","parameters":{},"actions":[{"type":"keyDown","value":""},{"type":"pause","duration":10},{"type":"keyUp","value":""}]}]}
RESULT: {"actions":[{"id":"action45","type":"key","parameters":{},"actions":[{"type":"keyDown","value":""},{"type":"pause","duration":10},{"type":"keyUp","value":""}]}]}
COMMAND: GET /session/10ce6bf21e267d5fc72912db2fe1b82f/screenshot - {}
COMMAND: POST /session/10ce6bf21e267d5fc72912db2fe1b82f/elements - {"using":"xpath","value":"//button[@data-kt=\"contractDetailEditBtnButton\"]"}
RESULT: {}
RESULT: {"using":"xpath","value":"//button[@data-kt=\"contractDetailEditBtnButton\"]"}
COMMAND: POST /session/10ce6bf21e267d5fc72912db2fe1b82f/elements - {"using":"xpath","value":"//button[@data-kt=\"contractDetailEditBtnButton\"]"}
RESULT: {"using":"xpath","value":"//button[@data-kt=\"contractDetailEditBtnButton\"]"}
COMMAND: POST /session/10ce6bf21e267d5fc72912db2fe1b82f/elements - {"using":"xpath","value":"//button[@data-kt=\"contractDetailEditBtnButton\"]"}
RESULT: {"using":"xpath","value":"//button[@data-kt=\"contractDetailEditBtnButton\"]"}
COMMAND: POST /session/10ce6bf21e267d5fc72912db2fe1b82f/elements - {"using":"xpath","value":"//button[@data-kt=\"contractDetailEditBtnButton\"]"}
RESULT: {"using":"xpath","value":"//button[@data-kt=\"contractDetailEditBtnButton\"]"}
COMMAND: POST /session/10ce6bf21e267d5fc72912db2fe1b82f/element - {"using":"xpath","value":"//input[@id=\"application-managecontracts-display-component---AddNewContract--customerSelect-inner\"]"}
COMMAND: POST /session/10ce6bf21e267d5fc72912db2fe1b82f/elements - {"using":"xpath","value":"//button[@data-kt=\"contractDetailEditBtnButton\"]"}
RESULT: {"using":"xpath","value":"//input[@id=\"application-managecontracts-display-component---AddNewContract--customerSelect-inner\"]"}
COMMAND: POST /session/10ce6bf21e267d5fc72912db2fe1b82f/element/f.BD39AEFEC33B967BC38EA35058F10DD3.d.05F8EFA178ACEACFD77CAB359D04CE0B.e.9495/clear - {}
RESULT: {"using":"xpath","value":"//button[@data-kt=\"contractDetailEditBtnButton\"]"}
RESULT: {}
COMMAND: POST /session/10ce6bf21e267d5fc72912db2fe1b82f/element/f.BD39AEFEC33B967BC38EA35058F10DD3.d.05F8EFA178ACEACFD77CAB359D04CE0B.e.9495/value - {"text":"WebdriverPartnerwe8f1h"}
COMMAND: GET /session/10ce6bf21e267d5fc72912db2fe1b82f/screenshot - {}
COMMAND: POST /session/10ce6bf21e267d5fc72912db2fe1b82f/elements - {"using":"xpath","value":"//button[@data-kt=\"contractDetailEditBtnButton\"]"}
RESULT: {"text":"WebdriverPartnerwe8f1h"}
COMMAND: GET /session/10ce6bf21e267d5fc72912db2fe1b82f/screenshot - {}
RESULT: {}
RESULT: {"using":"xpath","value":"//button[@data-kt=\"contractDetailEditBtnButton\"]"}
COMMAND: POST /session/10ce6bf21e267d5fc72912db2fe1b82f/elements - {"using":"xpath","value":"//button[@data-kt=\"contractDetailEditBtnButton\"]"}
RESULT: {}
RESULT: {"using":"xpath","value":"//button[@data-kt=\"contractDetailEditBtnButton\"]"}
COMMAND: POST /session/10ce6bf21e267d5fc72912db2fe1b82f/elements - {"using":"xpath","value":"//button[@data-kt=\"contractDetailEditBtnButton\"]"}
RESULT: {"using":"xpath","value":"//button[@data-kt=\"contractDetailEditBtnButton\"]"}
COMMAND: POST /session/10ce6bf21e267d5fc72912db2fe1b82f/elements - {"using":"xpath","value":"//button[@data-kt=\"contractDetailEditBtnButton\"]"}
RESULT: {"using":"xpath","value":"//button[@data-kt=\"contractDetailEditBtnButton\"]"}
COMMAND: POST /session/10ce6bf21e267d5fc72912db2fe1b82f/elements - {"using":"xpath","value":"//button[@data-kt=\"contractDetailEditBtnButton\"]"}
RESULT: {"using":"xpath","value":"//button[@data-kt=\"contractDetailEditBtnButton\"]"}
COMMAND: POST /session/10ce6bf21e267d5fc72912db2fe1b82f/elements - {"using":"xpath","value":"//button[@data-kt=\"contractDetailEditBtnButton\"]"}
RESULT: {"using":"xpath","value":"//button[@data-kt=\"contractDetailEditBtnButton\"]"}
COMMAND: POST /session/10ce6bf21e267d5fc72912db2fe1b82f/elements - {"using":"xpath","value":"//button[@data-kt=\"contractDetailEditBtnButton\"]"}
RESULT: {"using":"xpath","value":"//button[@data-kt=\"contractDetailEditBtnButton\"]"}
COMMAND: POST /session/10ce6bf21e267d5fc72912db2fe1b82f/elements - {"using":"xpath","value":"//button[@data-kt=\"contractDetailEditBtnButton\"]"}
RESULT: {"using":"xpath","value":"//button[@data-kt=\"contractDetailEditBtnButton\"]"}
COMMAND: POST /session/10ce6bf21e267d5fc72912db2fe1b82f/elements - {"using":"xpath","value":"//button[@data-kt=\"contractDetailEditBtnButton\"]"}
RESULT: {"using":"xpath","value":"//button[@data-kt=\"contractDetailEditBtnButton\"]"}
COMMAND: POST /session/10ce6bf21e267d5fc72912db2fe1b82f/elements - {"using":"xpath","value":"//button[@data-kt=\"contractDetailEditBtnButton\"]"}
RESULT: {"using":"xpath","value":"//button[@data-kt=\"contractDetailEditBtnButton\"]"}
COMMAND: POST /session/10ce6bf21e267d5fc72912db2fe1b82f/actions - {"actions":[{"id":"action46","type":"key","parameters":{},"actions":[{"type":"keyDown","value":""},{"type":"pause","duration":10},{"type":"keyUp","value":""}]}]}
RESULT: {"actions":[{"id":"action46","type":"key","parameters":{},"actions":[{"type":"keyDown","value":""},{"type":"pause","duration":10},{"type":"keyUp","value":""}]}]}
COMMAND: GET /session/10ce6bf21e267d5fc72912db2fe1b82f/screenshot - {}
COMMAND: POST /session/10ce6bf21e267d5fc72912db2fe1b82f/elements - {"using":"xpath","value":"//button[@data-kt=\"contractDetailEditBtnButton\"]"}
RESULT: {}
RESULT: {"using":"xpath","value":"//button[@data-kt=\"contractDetailEditBtnButton\"]"}
COMMAND: POST /session/10ce6bf21e267d5fc72912db2fe1b82f/elements - {"using":"xpath","value":"//button[@data-kt=\"contractDetailEditBtnButton\"]"}
RESULT: {"using":"xpath","value":"//button[@data-kt=\"contractDetailEditBtnButton\"]"}
COMMAND: POST /session/10ce6bf21e267d5fc72912db2fe1b82f/elements - {"using":"xpath","value":"//button[@data-kt=\"contractDetailEditBtnButton\"]"}
RESULT: {"using":"xpath","value":"//button[@data-kt=\"contractDetailEditBtnButton\"]"}
COMMAND: POST /session/10ce6bf21e267d5fc72912db2fe1b82f/elements - {"using":"xpath","value":"//button[@data-kt=\"contractDetailEditBtnButton\"]"}
RESULT: {"using":"xpath","value":"//button[@data-kt=\"contractDetailEditBtnButton\"]"}
COMMAND: POST /session/10ce6bf21e267d5fc72912db2fe1b82f/element - {"using":"xpath","value":"//input[@id=\"application-managecontracts-display-component---AddNewContract--site-inner\"]"}
RESULT: {"using":"xpath","value":"//input[@id=\"application-managecontracts-display-component---AddNewContract--site-inner\"]"}
COMMAND: POST /session/10ce6bf21e267d5fc72912db2fe1b82f/element/f.BD39AEFEC33B967BC38EA35058F10DD3.d.05F8EFA178ACEACFD77CAB359D04CE0B.e.9496/clear - {}
RESULT: {}
COMMAND: POST /session/10ce6bf21e267d5fc72912db2fe1b82f/element/f.BD39AEFEC33B967BC38EA35058F10DD3.d.05F8EFA178ACEACFD77CAB359D04CE0B.e.9496/value - {"text":"WebdriverSite70kw7h"}
COMMAND: GET /session/10ce6bf21e267d5fc72912db2fe1b82f/screenshot - {}
COMMAND: POST /session/10ce6bf21e267d5fc72912db2fe1b82f/elements - {"using":"xpath","value":"//button[@data-kt=\"contractDetailEditBtnButton\"]"}
RESULT: {"text":"WebdriverSite70kw7h"}
COMMAND: GET /session/10ce6bf21e267d5fc72912db2fe1b82f/screenshot - {}
RESULT: {}
RESULT: {"using":"xpath","value":"//button[@data-kt=\"contractDetailEditBtnButton\"]"}
COMMAND: POST /session/10ce6bf21e267d5fc72912db2fe1b82f/elements - {"using":"xpath","value":"//button[@data-kt=\"contractDetailEditBtnButton\"]"}
RESULT: {}
RESULT: {"using":"xpath","value":"//button[@data-kt=\"contractDetailEditBtnButton\"]"}
COMMAND: POST /session/10ce6bf21e267d5fc72912db2fe1b82f/elements - {"using":"xpath","value":"//button[@data-kt=\"contractDetailEditBtnButton\"]"}
RESULT: {"using":"xpath","value":"//button[@data-kt=\"contractDetailEditBtnButton\"]"}
COMMAND: POST /session/10ce6bf21e267d5fc72912db2fe1b82f/elements - {"using":"xpath","value":"//button[@data-kt=\"contractDetailEditBtnButton\"]"}
RESULT: {"using":"xpath","value":"//button[@data-kt=\"contractDetailEditBtnButton\"]"}
COMMAND: POST /session/10ce6bf21e267d5fc72912db2fe1b82f/elements - {"using":"xpath","value":"//button[@data-kt=\"contractDetailEditBtnButton\"]"}
RESULT: {"using":"xpath","value":"//button[@data-kt=\"contractDetailEditBtnButton\"]"}
COMMAND: POST /session/10ce6bf21e267d5fc72912db2fe1b82f/elements - {"using":"xpath","value":"//button[@data-kt=\"contractDetailEditBtnButton\"]"}
RESULT: {"using":"xpath","value":"//button[@data-kt=\"contractDetailEditBtnButton\"]"}
COMMAND: POST /session/10ce6bf21e267d5fc72912db2fe1b82f/elements - {"using":"xpath","value":"//button[@data-kt=\"contractDetailEditBtnButton\"]"}
RESULT: {"using":"xpath","value":"//button[@data-kt=\"contractDetailEditBtnButton\"]"}
COMMAND: POST /session/10ce6bf21e267d5fc72912db2fe1b82f/elements - {"using":"xpath","value":"//button[@data-kt=\"contractDetailEditBtnButton\"]"}
RESULT: {"using":"xpath","value":"//button[@data-kt=\"contractDetailEditBtnButton\"]"}
COMMAND: POST /session/10ce6bf21e267d5fc72912db2fe1b82f/elements - {"using":"xpath","value":"//button[@data-kt=\"contractDetailEditBtnButton\"]"}
RESULT: {"using":"xpath","value":"//button[@data-kt=\"contractDetailEditBtnButton\"]"}
COMMAND: POST /session/10ce6bf21e267d5fc72912db2fe1b82f/elements - {"using":"xpath","value":"//button[@data-kt=\"contractDetailEditBtnButton\"]"}
RESULT: {"using":"xpath","value":"//button[@data-kt=\"contractDetailEditBtnButton\"]"}
COMMAND: POST /session/10ce6bf21e267d5fc72912db2fe1b82f/elements - {"using":"xpath","value":"//button[@data-kt=\"contractDetailEditBtnButton\"]"}
RESULT: {"using":"xpath","value":"//button[@data-kt=\"contractDetailEditBtnButton\"]"}
COMMAND: POST /session/10ce6bf21e267d5fc72912db2fe1b82f/elements - {"using":"xpath","value":"//button[@data-kt=\"contractDetailEditBtnButton\"]"}
RESULT: {"using":"xpath","value":"//button[@data-kt=\"contractDetailEditBtnButton\"]"}
COMMAND: POST /session/10ce6bf21e267d5fc72912db2fe1b82f/elements - {"using":"xpath","value":"//button[@data-kt=\"contractDetailEditBtnButton\"]"}
RESULT: {"using":"xpath","value":"//button[@data-kt=\"contractDetailEditBtnButton\"]"}
COMMAND: POST /session/10ce6bf21e267d5fc72912db2fe1b82f/elements - {"using":"xpath","value":"//button[@data-kt=\"contractDetailEditBtnButton\"]"}
RESULT: {"using":"xpath","value":"//button[@data-kt=\"contractDetailEditBtnButton\"]"}
COMMAND: POST /session/10ce6bf21e267d5fc72912db2fe1b82f/elements - {"using":"xpath","value":"//button[@data-kt=\"contractDetailEditBtnButton\"]"}
RESULT: {"using":"xpath","value":"//button[@data-kt=\"contractDetailEditBtnButton\"]"}
COMMAND: POST /session/10ce6bf21e267d5fc72912db2fe1b82f/elements - {"using":"xpath","value":"//button[@data-kt=\"contractDetailEditBtnButton\"]"}
RESULT: {"using":"xpath","value":"//button[@data-kt=\"contractDetailEditBtnButton\"]"}
COMMAND: POST /session/10ce6bf21e267d5fc72912db2fe1b82f/elements - {"using":"xpath","value":"//button[@data-kt=\"contractDetailEditBtnButton\"]"}
RESULT: {"using":"xpath","value":"//button[@data-kt=\"contractDetailEditBtnButton\"]"}
COMMAND: POST /session/10ce6bf21e267d5fc72912db2fe1b82f/elements - {"using":"xpath","value":"//button[@data-kt=\"contractDetailEditBtnButton\"]"}
RESULT: {"using":"xpath","value":"//button[@data-kt=\"contractDetailEditBtnButton\"]"}
COMMAND: POST /session/10ce6bf21e267d5fc72912db2fe1b82f/elements - {"using":"xpath","value":"//button[@data-kt=\"contractDetailEditBtnButton\"]"}
RESULT: {"using":"xpath","value":"//button[@data-kt=\"contractDetailEditBtnButton\"]"}
COMMAND: POST /session/10ce6bf21e267d5fc72912db2fe1b82f/elements - {"using":"xpath","value":"//button[@data-kt=\"contractDetailEditBtnButton\"]"}
RESULT: {"using":"xpath","value":"//button[@data-kt=\"contractDetailEditBtnButton\"]"}
COMMAND: POST /session/10ce6bf21e267d5fc72912db2fe1b82f/elements - {"using":"xpath","value":"//button[@data-kt=\"contractDetailEditBtnButton\"]"}
RESULT: {"using":"xpath","value":"//button[@data-kt=\"contractDetailEditBtnButton\"]"}
COMMAND: POST /session/10ce6bf21e267d5fc72912db2fe1b82f/elements - {"using":"xpath","value":"//button[@data-kt=\"contractDetailEditBtnButton\"]"}
RESULT: {"using":"xpath","value":"//button[@data-kt=\"contractDetailEditBtnButton\"]"}
COMMAND: POST /session/10ce6bf21e267d5fc72912db2fe1b82f/actions - {"actions":[{"id":"action47","type":"key","parameters":{},"actions":[{"type":"keyDown","value":""},{"type":"pause","duration":10},{"type":"keyUp","value":""}]}]}
RESULT: {"actions":[{"id":"action47","type":"key","parameters":{},"actions":[{"type":"keyDown","value":""},{"type":"pause","duration":10},{"type":"keyUp","value":""}]}]}
COMMAND: POST /session/10ce6bf21e267d5fc72912db2fe1b82f/element - {"using":"xpath","value":"//button[@data-kt=\"saveButton\"]"}
COMMAND: GET /session/10ce6bf21e267d5fc72912db2fe1b82f/screenshot - {}
RESULT: {"using":"xpath","value":"//button[@data-kt=\"saveButton\"]"}
COMMAND: POST /session/10ce6bf21e267d5fc72912db2fe1b82f/element/f.BD39AEFEC33B967BC38EA35058F10DD3.d.05F8EFA178ACEACFD77CAB359D04CE0B.e.9513/click - {}
COMMAND: POST /session/10ce6bf21e267d5fc72912db2fe1b82f/elements - {"using":"xpath","value":"//button[@data-kt=\"contractDetailEditBtnButton\"]"}
RESULT: {}
RESULT: {}
RESULT: {"using":"xpath","value":"//button[@data-kt=\"contractDetailEditBtnButton\"]"}
COMMAND: POST /session/10ce6bf21e267d5fc72912db2fe1b82f/elements - {"using":"xpath","value":"//button[@data-kt=\"contractDetailEditBtnButton\"]"}
COMMAND: GET /session/10ce6bf21e267d5fc72912db2fe1b82f/screenshot - {}
RESULT: {"using":"xpath","value":"//button[@data-kt=\"contractDetailEditBtnButton\"]"}
COMMAND: POST /session/10ce6bf21e267d5fc72912db2fe1b82f/elements - {"using":"xpath","value":"//button[@data-kt=\"contractDetailEditBtnButton\"]"}
RESULT: {}
RESULT: {"using":"xpath","value":"//button[@data-kt=\"contractDetailEditBtnButton\"]"}
COMMAND: POST /session/10ce6bf21e267d5fc72912db2fe1b82f/elements - {"using":"xpath","value":"//button[@data-kt=\"contractDetailEditBtnButton\"]"}
RESULT: {"using":"xpath","value":"//button[@data-kt=\"contractDetailEditBtnButton\"]"}
COMMAND: POST /session/10ce6bf21e267d5fc72912db2fe1b82f/elements - {"using":"xpath","value":"//button[@data-kt=\"contractDetailEditBtnButton\"]"}
RESULT: {"using":"xpath","value":"//button[@data-kt=\"contractDetailEditBtnButton\"]"}
COMMAND: POST /session/10ce6bf21e267d5fc72912db2fe1b82f/elements - {"using":"xpath","value":"//button[@data-kt=\"contractDetailEditBtnButton\"]"}
RESULT: {"using":"xpath","value":"//button[@data-kt=\"contractDetailEditBtnButton\"]"}
COMMAND: POST /session/10ce6bf21e267d5fc72912db2fe1b82f/elements - {"using":"xpath","value":"//button[@data-kt=\"contractDetailEditBtnButton\"]"}
RESULT: {"using":"xpath","value":"//button[@data-kt=\"contractDetailEditBtnButton\"]"}
COMMAND: POST /session/10ce6bf21e267d5fc72912db2fe1b82f/elements - {"using":"xpath","value":"//button[@data-kt=\"contractDetailEditBtnButton\"]"}
RESULT: {"using":"xpath","value":"//button[@data-kt=\"contractDetailEditBtnButton\"]"}
COMMAND: POST /session/10ce6bf21e267d5fc72912db2fe1b82f/elements - {"using":"xpath","value":"//button[@data-kt=\"contractDetailEditBtnButton\"]"}
RESULT: {"using":"xpath","value":"//button[@data-kt=\"contractDetailEditBtnButton\"]"}
COMMAND: POST /session/10ce6bf21e267d5fc72912db2fe1b82f/elements - {"using":"xpath","value":"//button[@data-kt=\"contractDetailEditBtnButton\"]"}
RESULT: {"using":"xpath","value":"//button[@data-kt=\"contractDetailEditBtnButton\"]"}
COMMAND: POST /session/10ce6bf21e267d5fc72912db2fe1b82f/element - {"using":"xpath","value":"//button[@data-kt=\"contractDetailEditBtnButton\"]"}
RESULT: {"using":"xpath","value":"//button[@data-kt=\"contractDetailEditBtnButton\"]"}
COMMAND: POST /session/10ce6bf21e267d5fc72912db2fe1b82f/element/f.BD39AEFEC33B967BC38EA35058F10DD3.d.05F8EFA178ACEACFD77CAB359D04CE0B.e.9529/click - {}
RESULT: {}
COMMAND: GET /session/10ce6bf21e267d5fc72912db2fe1b82f/screenshot - {}
RESULT: {}
COMMAND: POST /session/10ce6bf21e267d5fc72912db2fe1b82f/element - {"using":"xpath","value":"(//span[contains(text(), \"Additional Addresses\")])[2]"}
RESULT: {"using":"xpath","value":"(//span[contains(text(), \"Additional Addresses\")])[2]"}
COMMAND: POST /session/10ce6bf21e267d5fc72912db2fe1b82f/element/f.BD39AEFEC33B967BC38EA35058F10DD3.d.05F8EFA178ACEACFD77CAB359D04CE0B.e.9653/click - {}
RESULT: {}
COMMAND: GET /session/10ce6bf21e267d5fc72912db2fe1b82f/screenshot - {}
RESULT: {}
COMMAND: POST /session/10ce6bf21e267d5fc72912db2fe1b82f/element - {"using":"xpath","value":"//button[@data-kt=\"btnAddTableRowOverflowToolbarButton\"]"}
RESULT: {"using":"xpath","value":"//button[@data-kt=\"btnAddTableRowOverflowToolbarButton\"]"}
COMMAND: POST /session/10ce6bf21e267d5fc72912db2fe1b82f/element/f.BD39AEFEC33B967BC38EA35058F10DD3.d.05F8EFA178ACEACFD77CAB359D04CE0B.e.9655/click - {}
RESULT: {}
COMMAND: GET /session/10ce6bf21e267d5fc72912db2fe1b82f/screenshot - {}
RESULT: {}
COMMAND: POST /session/10ce6bf21e267d5fc72912db2fe1b82f/element - {"using":"xpath","value":"//div[(text() = 'Standard Entry' or . = 'Standard Entry')]"}
RESULT: {"using":"xpath","value":"//div[(text() = 'Standard Entry' or . = 'Standard Entry')]"}
COMMAND: POST /session/10ce6bf21e267d5fc72912db2fe1b82f/element/f.BD39AEFEC33B967BC38EA35058F10DD3.d.05F8EFA178ACEACFD77CAB359D04CE0B.e.9657/click - {}
RESULT: {}
COMMAND: POST /session/10ce6bf21e267d5fc72912db2fe1b82f/element - {"using":"xpath","value":"//button[@data-kt=\"btnAddTableRowOverflowToolbarButton\"]"}
COMMAND: GET /session/10ce6bf21e267d5fc72912db2fe1b82f/screenshot - {}
RESULT: {"using":"xpath","value":"//button[@data-kt=\"btnAddTableRowOverflowToolbarButton\"]"}
COMMAND: POST /session/10ce6bf21e267d5fc72912db2fe1b82f/element/f.BD39AEFEC33B967BC38EA35058F10DD3.d.05F8EFA178ACEACFD77CAB359D04CE0B.e.9655/click - {}
COMMAND: POST /session/10ce6bf21e267d5fc72912db2fe1b82f/execute/async - {"script":"<script> [1562 bytes]","args":[{"selector":{"id":"contractDetailTitleNoExpanded","viewName":"etm.portal.ui.managecontracts.view.Detail"},"wdio_ui5_key":"contractDetailTitleNoExpandedetmportal.ui.managecontracts.view.Detail"}]}
RESULT: {}
RESULT: {}
COMMAND: GET /session/10ce6bf21e267d5fc72912db2fe1b82f/screenshot - {}
RESULT: {"script":"<script> [1562 bytes]","args":[{"selector":{"id":"contractDetailTitleNoExpanded","viewName":"etm.portal.ui.managecontracts.view.Detail"},"wdio_ui5_key":"contractDetailTitleNoExpandedetmportal.ui.managecontracts.view.Detail"}]}
RESULT: undefined
RESULT: {}
COMMAND: POST /session/10ce6bf21e267d5fc72912db2fe1b82f/element - {"using":"xpath","value":"//div[(text() = 'Standard Entry' or . = 'Standard Entry')]"}
RESULT: {"using":"xpath","value":"//div[(text() = 'Standard Entry' or . = 'Standard Entry')]"}
COMMAND: POST /session/10ce6bf21e267d5fc72912db2fe1b82f/element/f.BD39AEFEC33B967BC38EA35058F10DD3.d.05F8EFA178ACEACFD77CAB359D04CE0B.e.9669/click - {}
RESULT: {}
COMMAND: POST /session/10ce6bf21e267d5fc72912db2fe1b82f/element - {"using":"xpath","value":"(//td[6]/div/div/input)[1]"}
COMMAND: GET /session/10ce6bf21e267d5fc72912db2fe1b82f/screenshot - {}
RESULT: {"using":"xpath","value":"(//td[6]/div/div/input)[1]"}
COMMAND: POST /session/10ce6bf21e267d5fc72912db2fe1b82f/element/f.BD39AEFEC33B967BC38EA35058F10DD3.d.05F8EFA178ACEACFD77CAB359D04CE0B.e.9671/click - {}
RESULT: {}
RESULT: {}
COMMAND: POST /session/10ce6bf21e267d5fc72912db2fe1b82f/actions - {"actions":[{"id":"action48","type":"key","parameters":{},"actions":[{"type":"keyDown","value":""},{"type":"pause","duration":10},{"type":"keyUp","value":""}]}]}
COMMAND: GET /session/10ce6bf21e267d5fc72912db2fe1b82f/screenshot - {}
RESULT: {"actions":[{"id":"action48","type":"key","parameters":{},"actions":[{"type":"keyDown","value":""},{"type":"pause","duration":10},{"type":"keyUp","value":""}]}]}
COMMAND: POST /session/10ce6bf21e267d5fc72912db2fe1b82f/element - {"using":"xpath","value":"(//td[6]/div/div/input)[1]"}
COMMAND: GET /session/10ce6bf21e267d5fc72912db2fe1b82f/screenshot - {}
RESULT: {}
RESULT: {"using":"xpath","value":"(//td[6]/div/div/input)[1]"}
COMMAND: POST /session/10ce6bf21e267d5fc72912db2fe1b82f/element/f.BD39AEFEC33B967BC38EA35058F10DD3.d.05F8EFA178ACEACFD77CAB359D04CE0B.e.9671/clear - {}
RESULT: {}
RESULT: {}
COMMAND: POST /session/10ce6bf21e267d5fc72912db2fe1b82f/element/f.BD39AEFEC33B967BC38EA35058F10DD3.d.05F8EFA178ACEACFD77CAB359D04CE0B.e.9671/value - {"text":"Service Unit"}
COMMAND: GET /session/10ce6bf21e267d5fc72912db2fe1b82f/screenshot - {}
RESULT: {"text":"Service Unit"}
COMMAND: GET /session/10ce6bf21e267d5fc72912db2fe1b82f/screenshot - {}
RESULT: {}
RESULT: {}
COMMAND: POST /session/10ce6bf21e267d5fc72912db2fe1b82f/actions - {"actions":[{"id":"action49","type":"key","parameters":{},"actions":[{"type":"keyDown","value":""},{"type":"pause","duration":10},{"type":"keyUp","value":""}]}]}
RESULT: {"actions":[{"id":"action49","type":"key","parameters":{},"actions":[{"type":"keyDown","value":""},{"type":"pause","duration":10},{"type":"keyUp","value":""}]}]}
COMMAND: GET /session/10ce6bf21e267d5fc72912db2fe1b82f/screenshot - {}
RESULT: {}
COMMAND: POST /session/10ce6bf21e267d5fc72912db2fe1b82f/actions - {"actions":[{"id":"action50","type":"key","parameters":{},"actions":[{"type":"keyDown","value":""},{"type":"pause","duration":10},{"type":"keyUp","value":""}]}]}
RESULT: {"actions":[{"id":"action50","type":"key","parameters":{},"actions":[{"type":"keyDown","value":""},{"type":"pause","duration":10},{"type":"keyUp","value":""}]}]}
COMMAND: POST /session/10ce6bf21e267d5fc72912db2fe1b82f/element - {"using":"xpath","value":"(//td[7]/div/div/input)[1]"}
COMMAND: GET /session/10ce6bf21e267d5fc72912db2fe1b82f/screenshot - {}
RESULT: {"using":"xpath","value":"(//td[7]/div/div/input)[1]"}
COMMAND: POST /session/10ce6bf21e267d5fc72912db2fe1b82f/element/f.BD39AEFEC33B967BC38EA35058F10DD3.d.05F8EFA178ACEACFD77CAB359D04CE0B.e.9687/clear - {}
RESULT: {}
RESULT: {}
COMMAND: POST /session/10ce6bf21e267d5fc72912db2fe1b82f/element/f.BD39AEFEC33B967BC38EA35058F10DD3.d.05F8EFA178ACEACFD77CAB359D04CE0B.e.9687/value - {"text":"1000001"}
COMMAND: GET /session/10ce6bf21e267d5fc72912db2fe1b82f/screenshot - {}
RESULT: {"text":"1000001"}
COMMAND: GET /session/10ce6bf21e267d5fc72912db2fe1b82f/screenshot - {}
RESULT: {}
RESULT: {}
COMMAND: POST /session/10ce6bf21e267d5fc72912db2fe1b82f/actions - {"actions":[{"id":"action51","type":"key","parameters":{},"actions":[{"type":"keyDown","value":""},{"type":"pause","duration":10},{"type":"keyUp","value":""}]}]}
RESULT: {"actions":[{"id":"action51","type":"key","parameters":{},"actions":[{"type":"keyDown","value":""},{"type":"pause","duration":10},{"type":"keyUp","value":""}]}]}
COMMAND: GET /session/10ce6bf21e267d5fc72912db2fe1b82f/screenshot - {}
RESULT: {}
COMMAND: POST /session/10ce6bf21e267d5fc72912db2fe1b82f/actions - {"actions":[{"id":"action52","type":"key","parameters":{},"actions":[{"type":"keyDown","value":""},{"type":"pause","duration":10},{"type":"keyUp","value":""}]}]}
RESULT: {"actions":[{"id":"action52","type":"key","parameters":{},"actions":[{"type":"keyDown","value":""},{"type":"pause","duration":10},{"type":"keyUp","value":""}]}]}
COMMAND: GET /session/10ce6bf21e267d5fc72912db2fe1b82f/screenshot - {}
RESULT: {}
COMMAND: POST /session/10ce6bf21e267d5fc72912db2fe1b82f/element - {"using":"xpath","value":"(//td[6]/div/div/input)[2]"}
RESULT: {"using":"xpath","value":"(//td[6]/div/div/input)[2]"}
COMMAND: POST /session/10ce6bf21e267d5fc72912db2fe1b82f/element/f.BD39AEFEC33B967BC38EA35058F10DD3.d.05F8EFA178ACEACFD77CAB359D04CE0B.e.9659/click - {}
RESULT: {}
COMMAND: POST /session/10ce6bf21e267d5fc72912db2fe1b82f/actions - {"actions":[{"id":"action53","type":"key","parameters":{},"actions":[{"type":"keyDown","value":""},{"type":"pause","duration":10},{"type":"keyUp","value":""}]}]}
COMMAND: GET /session/10ce6bf21e267d5fc72912db2fe1b82f/screenshot - {}
RESULT: {"actions":[{"id":"action53","type":"key","parameters":{},"actions":[{"type":"keyDown","value":""},{"type":"pause","duration":10},{"type":"keyUp","value":""}]}]}
COMMAND: POST /session/10ce6bf21e267d5fc72912db2fe1b82f/element - {"using":"xpath","value":"(//td[6]/div/div/input)[2]"}
COMMAND: GET /session/10ce6bf21e267d5fc72912db2fe1b82f/screenshot - {}
RESULT: {}
RESULT: {"using":"xpath","value":"(//td[6]/div/div/input)[2]"}
COMMAND: POST /session/10ce6bf21e267d5fc72912db2fe1b82f/element/f.BD39AEFEC33B967BC38EA35058F10DD3.d.05F8EFA178ACEACFD77CAB359D04CE0B.e.9659/clear - {}
RESULT: {}
RESULT: {}
COMMAND: POST /session/10ce6bf21e267d5fc72912db2fe1b82f/element/f.BD39AEFEC33B967BC38EA35058F10DD3.d.05F8EFA178ACEACFD77CAB359D04CE0B.e.9659/value - {"text":"Service Unit Group"}
COMMAND: GET /session/10ce6bf21e267d5fc72912db2fe1b82f/screenshot - {}
RESULT: {"text":"Service Unit Group"}
COMMAND: GET /session/10ce6bf21e267d5fc72912db2fe1b82f/screenshot - {}
RESULT: {}
RESULT: {}
COMMAND: POST /session/10ce6bf21e267d5fc72912db2fe1b82f/actions - {"actions":[{"id":"action54","type":"key","parameters":{},"actions":[{"type":"keyDown","value":""},{"type":"pause","duration":10},{"type":"keyUp","value":""}]}]}
RESULT: {"actions":[{"id":"action54","type":"key","parameters":{},"actions":[{"type":"keyDown","value":""},{"type":"pause","duration":10},{"type":"keyUp","value":""}]}]}
COMMAND: GET /session/10ce6bf21e267d5fc72912db2fe1b82f/screenshot - {}
RESULT: {}
COMMAND: POST /session/10ce6bf21e267d5fc72912db2fe1b82f/actions - {"actions":[{"id":"action55","type":"key","parameters":{},"actions":[{"type":"keyDown","value":""},{"type":"pause","duration":10},{"type":"keyUp","value":""}]}]}
RESULT: {"actions":[{"id":"action55","type":"key","parameters":{},"actions":[{"type":"keyDown","value":""},{"type":"pause","duration":10},{"type":"keyUp","value":""}]}]}
COMMAND: POST /session/10ce6bf21e267d5fc72912db2fe1b82f/element - {"using":"xpath","value":"(//td[7]/div/div/input)[2]"}
COMMAND: GET /session/10ce6bf21e267d5fc72912db2fe1b82f/screenshot - {}
RESULT: {"using":"xpath","value":"(//td[7]/div/div/input)[2]"}
COMMAND: POST /session/10ce6bf21e267d5fc72912db2fe1b82f/element/f.BD39AEFEC33B967BC38EA35058F10DD3.d.05F8EFA178ACEACFD77CAB359D04CE0B.e.9716/clear - {}
RESULT: {}
RESULT: {}
COMMAND: POST /session/10ce6bf21e267d5fc72912db2fe1b82f/element/f.BD39AEFEC33B967BC38EA35058F10DD3.d.05F8EFA178ACEACFD77CAB359D04CE0B.e.9716/value - {"text":"1100001"}
COMMAND: GET /session/10ce6bf21e267d5fc72912db2fe1b82f/screenshot - {}
RESULT: {"text":"1100001"}
COMMAND: GET /session/10ce6bf21e267d5fc72912db2fe1b82f/screenshot - {}
RESULT: {}
RESULT: {}
COMMAND: POST /session/10ce6bf21e267d5fc72912db2fe1b82f/actions - {"actions":[{"id":"action56","type":"key","parameters":{},"actions":[{"type":"keyDown","value":""},{"type":"pause","duration":10},{"type":"keyUp","value":""}]}]}
RESULT: {"actions":[{"id":"action56","type":"key","parameters":{},"actions":[{"type":"keyDown","value":""},{"type":"pause","duration":10},{"type":"keyUp","value":""}]}]}
COMMAND: GET /session/10ce6bf21e267d5fc72912db2fe1b82f/screenshot - {}
RESULT: {}
COMMAND: POST /session/10ce6bf21e267d5fc72912db2fe1b82f/actions - {"actions":[{"id":"action57","type":"key","parameters":{},"actions":[{"type":"keyDown","value":""},{"type":"pause","duration":10},{"type":"keyUp","value":""}]}]}
RESULT: {"actions":[{"id":"action57","type":"key","parameters":{},"actions":[{"type":"keyDown","value":""},{"type":"pause","duration":10},{"type":"keyUp","value":""}]}]}
COMMAND: GET /session/10ce6bf21e267d5fc72912db2fe1b82f/screenshot - {}
RESULT: {}
COMMAND: POST /session/10ce6bf21e267d5fc72912db2fe1b82f/element - {"using":"xpath","value":"(//button[@data-kt=\"saveButton\"])[2]"}
RESULT: {"using":"xpath","value":"(//button[@data-kt=\"saveButton\"])[2]"}
COMMAND: POST /session/10ce6bf21e267d5fc72912db2fe1b82f/element/f.BD39AEFEC33B967BC38EA35058F10DD3.d.05F8EFA178ACEACFD77CAB359D04CE0B.e.9740/click - {}
RESULT: {}
COMMAND: GET /session/10ce6bf21e267d5fc72912db2fe1b82f/screenshot - {}
RESULT: {}
COMMAND: POST /session/10ce6bf21e267d5fc72912db2fe1b82f/element - {"using":"xpath","value":"(//span[contains(text(), \"Additional Addresses\")])[1]"}
RESULT: {"using":"xpath","value":"(//span[contains(text(), \"Additional Addresses\")])[1]"}
COMMAND: POST /session/10ce6bf21e267d5fc72912db2fe1b82f/element/f.BD39AEFEC33B967BC38EA35058F10DD3.d.05F8EFA178ACEACFD77CAB359D04CE0B.e.9743/click - {}
RESULT: {}
COMMAND: GET /session/10ce6bf21e267d5fc72912db2fe1b82f/screenshot - {}
RESULT: {}
COMMAND: POST /session/10ce6bf21e267d5fc72912db2fe1b82f/execute/async - {"script":"<script> [1562 bytes]","args":[{"selector":{"controlType":"sap.m.Title","viewName":"etm.portal.ui.managecontracts.view.Detail","properties":{"text":"Contract Items (2)"}},"wdio_ui5_key":"etmportal.ui.managecontracts.view.Detailsap.m.Title{\"text\":\"Contract Items (2)\"}"}]}
RESULT: {"script":"<script> [1562 bytes]","args":[{"selector":{"controlType":"sap.m.Title","viewName":"etm.portal.ui.managecontracts.view.Detail","properties":{"text":"Contract Items (2)"}},"wdio_ui5_key":"etmportal.ui.managecontracts.view.Detailsap.m.Title{\"text\":\"Contract Items (2)\"}"}]}
RESULT: undefined
COMMAND: POST /session/10ce6bf21e267d5fc72912db2fe1b82f/execute/async - {"script":"<script> [6424 bytes]","args":[{"element-6066-11e4-a52e-4f735466cecf":"f.BD39AEFEC33B967BC38EA35058F10DD3.d.05F8EFA178ACEACFD77CAB359D04CE0B.e.9745"},"getText",[]]}
RESULT: {"script":"<script> [6424 bytes]","args":[{"element-6066-11e4-a52e-4f735466cecf":"f.BD39AEFEC33B967BC38EA35058F10DD3.d.05F8EFA178ACEACFD77CAB359D04CE0B.e.9745"},"getText",[]]}
COMMAND: POST /session/10ce6bf21e267d5fc72912db2fe1b82f/element - {"using":"xpath","value":"(//span[contains(@class ,\"sapMObjStatusText\")])[1]"}
RESULT: {"using":"xpath","value":"(//span[contains(@class ,\"sapMObjStatusText\")])[1]"}
COMMAND: GET /session/10ce6bf21e267d5fc72912db2fe1b82f/element/f.BD39AEFEC33B967BC38EA35058F10DD3.d.05F8EFA178ACEACFD77CAB359D04CE0B.e.9746/text - {}
RESULT: {}
COMMAND: POST /session/10ce6bf21e267d5fc72912db2fe1b82f/element - {"using":"xpath","value":"(//span[contains(@class ,\"sapMObjStatusText\")])[4]"}
RESULT: {"using":"xpath","value":"(//span[contains(@class ,\"sapMObjStatusText\")])[4]"}
COMMAND: GET /session/10ce6bf21e267d5fc72912db2fe1b82f/element/f.BD39AEFEC33B967BC38EA35058F10DD3.d.05F8EFA178ACEACFD77CAB359D04CE0B.e.9747/text - {}
RESULT: {}
COMMAND: DELETE /session/10ce6bf21e267d5fc72912db2fe1b82f - {}
RESULT: {}
]]></system-out>
    </testcase>
  </testsuite>
</testsuites>