<?xml version="1.0" encoding="UTF-8"?>
<testsuites tests="48" failures="0" errors="0" skipped="0">
  <testsuite timestamp="2025-04-23T07:48:22" time="969.292" tests="12" failures="0" errors="0" skipped="0">
    <properties>
      <property name="specId" value="0"/>
      <property name="suiteName" value="Billing Transfer - Master data &amp; Intercompany US127250"/>
      <property name="capabilities" value="chrome.135_0_7049_42.windows"/>
      <property name="file" value="file:///D:/a/1/s/test/specs/BTS/billing-transfer-intercompany.spec.js"/>
    </properties>
    <testcase classname="chrome.135_0_7049_42.windows.Billing_Transfer_-_Master_data_&amp;_Intercompany_US127250" name="Should create a new yard" time="97.542">
      <system-out><![CDATA[
COMMAND: POST /session/d53f532480bfbfa72ae7ae5ef7ef8f5b/window/fullscreen - {}
RESULT: {}
COMMAND: POST /session/d53f532480bfbfa72ae7ae5ef7ef8f5b/execute/async - {"script":"<script> [1562 bytes]","args":[{"selector":{"controlType":"sap.m.GenericTile","properties":{"header":"Manage Yards"}},"wdio_ui5_key":"sapm.GenericTile{\"header\":\"Manage Yards\"}"}]}
RESULT: {"script":"<script> [1562 bytes]","args":[{"selector":{"controlType":"sap.m.GenericTile","properties":{"header":"Manage Yards"}},"wdio_ui5_key":"sapm.GenericTile{\"header\":\"Manage Yards\"}"}]}
RESULT: undefined
COMMAND: POST /session/d53f532480bfbfa72ae7ae5ef7ef8f5b/element - {"using":"xpath","value":"//*[@id=\"__tile41\"]"}
RESULT: {"using":"xpath","value":"//*[@id=\"__tile41\"]"}
COMMAND: POST /session/d53f532480bfbfa72ae7ae5ef7ef8f5b/element/f.9714F2348D0A698B9780435C77649C65.d.72282D866F2E488704599FC64391DBF1.e.164/click - {}
RESULT: {}
COMMAND: POST /session/d53f532480bfbfa72ae7ae5ef7ef8f5b/element - {"using":"xpath","value":"//button[@data-kt=\"addNewYardOverflowToolbarButton\"]"}
COMMAND: GET /session/d53f532480bfbfa72ae7ae5ef7ef8f5b/screenshot - {}
RESULT: {"using":"xpath","value":"//button[@data-kt=\"addNewYardOverflowToolbarButton\"]"}
COMMAND: POST /session/d53f532480bfbfa72ae7ae5ef7ef8f5b/elements - {"using":"xpath","value":"//button[@data-kt=\"addNewYardOverflowToolbarButton\"]"}
RESULT: {}
RESULT: {"using":"xpath","value":"//button[@data-kt=\"addNewYardOverflowToolbarButton\"]"}
COMMAND: POST /session/d53f532480bfbfa72ae7ae5ef7ef8f5b/elements - {"using":"xpath","value":"//button[@data-kt=\"addNewYardOverflowToolbarButton\"]"}
RESULT: {"using":"xpath","value":"//button[@data-kt=\"addNewYardOverflowToolbarButton\"]"}
COMMAND: POST /session/d53f532480bfbfa72ae7ae5ef7ef8f5b/elements - {"using":"xpath","value":"//button[@data-kt=\"addNewYardOverflowToolbarButton\"]"}
RESULT: {"using":"xpath","value":"//button[@data-kt=\"addNewYardOverflowToolbarButton\"]"}
COMMAND: POST /session/d53f532480bfbfa72ae7ae5ef7ef8f5b/elements - {"using":"xpath","value":"//button[@data-kt=\"addNewYardOverflowToolbarButton\"]"}
RESULT: {"using":"xpath","value":"//button[@data-kt=\"addNewYardOverflowToolbarButton\"]"}
COMMAND: POST /session/d53f532480bfbfa72ae7ae5ef7ef8f5b/elements - {"using":"xpath","value":"//button[@data-kt=\"addNewYardOverflowToolbarButton\"]"}
RESULT: {"using":"xpath","value":"//button[@data-kt=\"addNewYardOverflowToolbarButton\"]"}
COMMAND: POST /session/d53f532480bfbfa72ae7ae5ef7ef8f5b/elements - {"using":"xpath","value":"//button[@data-kt=\"addNewYardOverflowToolbarButton\"]"}
RESULT: {"using":"xpath","value":"//button[@data-kt=\"addNewYardOverflowToolbarButton\"]"}
COMMAND: POST /session/d53f532480bfbfa72ae7ae5ef7ef8f5b/elements - {"using":"xpath","value":"//button[@data-kt=\"addNewYardOverflowToolbarButton\"]"}
RESULT: {"using":"xpath","value":"//button[@data-kt=\"addNewYardOverflowToolbarButton\"]"}
COMMAND: POST /session/d53f532480bfbfa72ae7ae5ef7ef8f5b/elements - {"using":"xpath","value":"//button[@data-kt=\"addNewYardOverflowToolbarButton\"]"}
RESULT: {"using":"xpath","value":"//button[@data-kt=\"addNewYardOverflowToolbarButton\"]"}
COMMAND: POST /session/d53f532480bfbfa72ae7ae5ef7ef8f5b/elements - {"using":"xpath","value":"//button[@data-kt=\"addNewYardOverflowToolbarButton\"]"}
RESULT: {"using":"xpath","value":"//button[@data-kt=\"addNewYardOverflowToolbarButton\"]"}
COMMAND: POST /session/d53f532480bfbfa72ae7ae5ef7ef8f5b/elements - {"using":"xpath","value":"//button[@data-kt=\"addNewYardOverflowToolbarButton\"]"}
RESULT: {"using":"xpath","value":"//button[@data-kt=\"addNewYardOverflowToolbarButton\"]"}
COMMAND: POST /session/d53f532480bfbfa72ae7ae5ef7ef8f5b/elements - {"using":"xpath","value":"//button[@data-kt=\"addNewYardOverflowToolbarButton\"]"}
RESULT: {"using":"xpath","value":"//button[@data-kt=\"addNewYardOverflowToolbarButton\"]"}
COMMAND: POST /session/d53f532480bfbfa72ae7ae5ef7ef8f5b/elements - {"using":"xpath","value":"//button[@data-kt=\"addNewYardOverflowToolbarButton\"]"}
RESULT: {"using":"xpath","value":"//button[@data-kt=\"addNewYardOverflowToolbarButton\"]"}
COMMAND: POST /session/d53f532480bfbfa72ae7ae5ef7ef8f5b/elements - {"using":"xpath","value":"//button[@data-kt=\"addNewYardOverflowToolbarButton\"]"}
RESULT: {"using":"xpath","value":"//button[@data-kt=\"addNewYardOverflowToolbarButton\"]"}
COMMAND: POST /session/d53f532480bfbfa72ae7ae5ef7ef8f5b/elements - {"using":"xpath","value":"//button[@data-kt=\"addNewYardOverflowToolbarButton\"]"}
RESULT: {"using":"xpath","value":"//button[@data-kt=\"addNewYardOverflowToolbarButton\"]"}
COMMAND: POST /session/d53f532480bfbfa72ae7ae5ef7ef8f5b/elements - {"using":"xpath","value":"//button[@data-kt=\"addNewYardOverflowToolbarButton\"]"}
RESULT: {"using":"xpath","value":"//button[@data-kt=\"addNewYardOverflowToolbarButton\"]"}
COMMAND: POST /session/d53f532480bfbfa72ae7ae5ef7ef8f5b/elements - {"using":"xpath","value":"//button[@data-kt=\"addNewYardOverflowToolbarButton\"]"}
RESULT: {"using":"xpath","value":"//button[@data-kt=\"addNewYardOverflowToolbarButton\"]"}
COMMAND: POST /session/d53f532480bfbfa72ae7ae5ef7ef8f5b/elements - {"using":"xpath","value":"//button[@data-kt=\"addNewYardOverflowToolbarButton\"]"}
RESULT: {"using":"xpath","value":"//button[@data-kt=\"addNewYardOverflowToolbarButton\"]"}
COMMAND: POST /session/d53f532480bfbfa72ae7ae5ef7ef8f5b/elements - {"using":"xpath","value":"//button[@data-kt=\"addNewYardOverflowToolbarButton\"]"}
RESULT: {"using":"xpath","value":"//button[@data-kt=\"addNewYardOverflowToolbarButton\"]"}
COMMAND: POST /session/d53f532480bfbfa72ae7ae5ef7ef8f5b/elements - {"using":"xpath","value":"//button[@data-kt=\"addNewYardOverflowToolbarButton\"]"}
RESULT: {"using":"xpath","value":"//button[@data-kt=\"addNewYardOverflowToolbarButton\"]"}
COMMAND: POST /session/d53f532480bfbfa72ae7ae5ef7ef8f5b/elements - {"using":"xpath","value":"//button[@data-kt=\"addNewYardOverflowToolbarButton\"]"}
RESULT: {"using":"xpath","value":"//button[@data-kt=\"addNewYardOverflowToolbarButton\"]"}
COMMAND: POST /session/d53f532480bfbfa72ae7ae5ef7ef8f5b/elements - {"using":"xpath","value":"//button[@data-kt=\"addNewYardOverflowToolbarButton\"]"}
RESULT: {"using":"xpath","value":"//button[@data-kt=\"addNewYardOverflowToolbarButton\"]"}
COMMAND: POST /session/d53f532480bfbfa72ae7ae5ef7ef8f5b/elements - {"using":"xpath","value":"//button[@data-kt=\"addNewYardOverflowToolbarButton\"]"}
RESULT: {"using":"xpath","value":"//button[@data-kt=\"addNewYardOverflowToolbarButton\"]"}
COMMAND: POST /session/d53f532480bfbfa72ae7ae5ef7ef8f5b/elements - {"using":"xpath","value":"//button[@data-kt=\"addNewYardOverflowToolbarButton\"]"}
RESULT: {"using":"xpath","value":"//button[@data-kt=\"addNewYardOverflowToolbarButton\"]"}
COMMAND: POST /session/d53f532480bfbfa72ae7ae5ef7ef8f5b/elements - {"using":"xpath","value":"//button[@data-kt=\"addNewYardOverflowToolbarButton\"]"}
RESULT: {"using":"xpath","value":"//button[@data-kt=\"addNewYardOverflowToolbarButton\"]"}
COMMAND: POST /session/d53f532480bfbfa72ae7ae5ef7ef8f5b/elements - {"using":"xpath","value":"//button[@data-kt=\"addNewYardOverflowToolbarButton\"]"}
RESULT: {"using":"xpath","value":"//button[@data-kt=\"addNewYardOverflowToolbarButton\"]"}
COMMAND: POST /session/d53f532480bfbfa72ae7ae5ef7ef8f5b/elements - {"using":"xpath","value":"//button[@data-kt=\"addNewYardOverflowToolbarButton\"]"}
RESULT: {"using":"xpath","value":"//button[@data-kt=\"addNewYardOverflowToolbarButton\"]"}
COMMAND: POST /session/d53f532480bfbfa72ae7ae5ef7ef8f5b/elements - {"using":"xpath","value":"//button[@data-kt=\"addNewYardOverflowToolbarButton\"]"}
RESULT: {"using":"xpath","value":"//button[@data-kt=\"addNewYardOverflowToolbarButton\"]"}
COMMAND: POST /session/d53f532480bfbfa72ae7ae5ef7ef8f5b/element - {"using":"xpath","value":"//button[@data-kt=\"addNewYardOverflowToolbarButton\"]"}
RESULT: {"using":"xpath","value":"//button[@data-kt=\"addNewYardOverflowToolbarButton\"]"}
COMMAND: POST /session/d53f532480bfbfa72ae7ae5ef7ef8f5b/execute/sync - {"script":"<script> [8489 bytes]","args":[{"element-6066-11e4-a52e-4f735466cecf":"f.9714F2348D0A698B9780435C77649C65.d.72282D866F2E488704599FC64391DBF1.e.291","ELEMENT":"f.9714F2348D0A698B9780435C77649C65.d.72282D866F2E488704599FC64391DBF1.e.291"}]}
RESULT: {"script":"<script> [8489 bytes]","args":[{"element-6066-11e4-a52e-4f735466cecf":"f.9714F2348D0A698B9780435C77649C65.d.72282D866F2E488704599FC64391DBF1.e.291","ELEMENT":"f.9714F2348D0A698B9780435C77649C65.d.72282D866F2E488704599FC64391DBF1.e.291"}]}
COMMAND: GET /session/d53f532480bfbfa72ae7ae5ef7ef8f5b/element/f.9714F2348D0A698B9780435C77649C65.d.72282D866F2E488704599FC64391DBF1.e.291/enabled - {}
COMMAND: GET /session/d53f532480bfbfa72ae7ae5ef7ef8f5b/screenshot - {}
RESULT: {}
COMMAND: POST /session/d53f532480bfbfa72ae7ae5ef7ef8f5b/execute/sync - {"script":"<script> [8489 bytes]","args":[{"element-6066-11e4-a52e-4f735466cecf":"f.9714F2348D0A698B9780435C77649C65.d.72282D866F2E488704599FC64391DBF1.e.291","ELEMENT":"f.9714F2348D0A698B9780435C77649C65.d.72282D866F2E488704599FC64391DBF1.e.291"}]}
COMMAND: GET /session/d53f532480bfbfa72ae7ae5ef7ef8f5b/screenshot - {}
RESULT: {}
RESULT: {"script":"<script> [8489 bytes]","args":[{"element-6066-11e4-a52e-4f735466cecf":"f.9714F2348D0A698B9780435C77649C65.d.72282D866F2E488704599FC64391DBF1.e.291","ELEMENT":"f.9714F2348D0A698B9780435C77649C65.d.72282D866F2E488704599FC64391DBF1.e.291"}]}
COMMAND: POST /session/d53f532480bfbfa72ae7ae5ef7ef8f5b/execute/sync - {"script":"<script> [5351 bytes]","args":[{"element-6066-11e4-a52e-4f735466cecf":"f.9714F2348D0A698B9780435C77649C65.d.72282D866F2E488704599FC64391DBF1.e.291","ELEMENT":"f.9714F2348D0A698B9780435C77649C65.d.72282D866F2E488704599FC64391DBF1.e.291"}]}
COMMAND: GET /session/d53f532480bfbfa72ae7ae5ef7ef8f5b/screenshot - {}
RESULT: {}
RESULT: {"script":"<script> [5351 bytes]","args":[{"element-6066-11e4-a52e-4f735466cecf":"f.9714F2348D0A698B9780435C77649C65.d.72282D866F2E488704599FC64391DBF1.e.291","ELEMENT":"f.9714F2348D0A698B9780435C77649C65.d.72282D866F2E488704599FC64391DBF1.e.291"}]}
COMMAND: POST /session/d53f532480bfbfa72ae7ae5ef7ef8f5b/element/f.9714F2348D0A698B9780435C77649C65.d.72282D866F2E488704599FC64391DBF1.e.291/click - {}
COMMAND: GET /session/d53f532480bfbfa72ae7ae5ef7ef8f5b/screenshot - {}
RESULT: {}
RESULT: {}
COMMAND: GET /session/d53f532480bfbfa72ae7ae5ef7ef8f5b/screenshot - {}
RESULT: {}
COMMAND: POST /session/d53f532480bfbfa72ae7ae5ef7ef8f5b/element - {"using":"xpath","value":"//input[@id=\"application-manageyards-display-component---NewYard--yardId-inner\"]"}
RESULT: {}
RESULT: {"using":"xpath","value":"//input[@id=\"application-manageyards-display-component---NewYard--yardId-inner\"]"}
COMMAND: POST /session/d53f532480bfbfa72ae7ae5ef7ef8f5b/element - {"using":"xpath","value":"//input[@id=\"application-manageyards-display-component---NewYard--yardId-inner\"]"}
RESULT: {"using":"xpath","value":"//input[@id=\"application-manageyards-display-component---NewYard--yardId-inner\"]"}
COMMAND: POST /session/d53f532480bfbfa72ae7ae5ef7ef8f5b/execute/async - {"script":"<script> [1562 bytes]","args":[{"selector":{"id":"application-manageyards-display-component---NewYard--addressDetailDetailsName1","interaction":{"idSuffix":"inner"}},"wdio_ui5_key":"applicationmanageyards-display-component---NewYard--addressDetailDetailsName1"}]}
RESULT: {"script":"<script> [1562 bytes]","args":[{"selector":{"id":"application-manageyards-display-component---NewYard--addressDetailDetailsName1","interaction":{"idSuffix":"inner"}},"wdio_ui5_key":"applicationmanageyards-display-component---NewYard--addressDetailDetailsName1"}]}
RESULT: undefined
COMMAND: POST /session/d53f532480bfbfa72ae7ae5ef7ef8f5b/execute/async - {"script":"<script> [776 bytes]","args":[{"enterText":"Intercompany Yard wdIO","selector":{"id":"application-manageyards-display-component---NewYard--addressDetailDetailsName1","interaction":{"idSuffix":"inner"}},"clearTextFirst":true,"interactionType":"ENTER_TEXT"}]}
RESULT: {"script":"<script> [776 bytes]","args":[{"enterText":"Intercompany Yard wdIO","selector":{"id":"application-manageyards-display-component---NewYard--addressDetailDetailsName1","interaction":{"idSuffix":"inner"}},"clearTextFirst":true,"interactionType":"ENTER_TEXT"}]}
COMMAND: POST /session/d53f532480bfbfa72ae7ae5ef7ef8f5b/execute/async - {"script":"<script> [1562 bytes]","args":[{"selector":{"id":"application-manageyards-display-component---NewYard--addressDetailDetailsLanguage-arrow"},"wdio_ui5_key":"applicationmanageyards-display-component---NewYard--addressDetailDetailsLanguage-arrow"}]}
RESULT: {"script":"<script> [1562 bytes]","args":[{"selector":{"id":"application-manageyards-display-component---NewYard--addressDetailDetailsLanguage-arrow"},"wdio_ui5_key":"applicationmanageyards-display-component---NewYard--addressDetailDetailsLanguage-arrow"}]}
RESULT: undefined
COMMAND: POST /session/d53f532480bfbfa72ae7ae5ef7ef8f5b/element - {"using":"xpath","value":"//*[@id=\"application-manageyards-display-component---NewYard--addressDetailDetailsLanguage-arrow\"]"}
RESULT: {"using":"xpath","value":"//*[@id=\"application-manageyards-display-component---NewYard--addressDetailDetailsLanguage-arrow\"]"}
COMMAND: POST /session/d53f532480bfbfa72ae7ae5ef7ef8f5b/element/f.9714F2348D0A698B9780435C77649C65.d.72282D866F2E488704599FC64391DBF1.e.723/click - {}
RESULT: {}
COMMAND: POST /session/d53f532480bfbfa72ae7ae5ef7ef8f5b/element - {"using":"xpath","value":"//span[contains(text(), \"English\")]"}
COMMAND: GET /session/d53f532480bfbfa72ae7ae5ef7ef8f5b/screenshot - {}
RESULT: {"using":"xpath","value":"//span[contains(text(), \"English\")]"}
COMMAND: POST /session/d53f532480bfbfa72ae7ae5ef7ef8f5b/element/f.9714F2348D0A698B9780435C77649C65.d.72282D866F2E488704599FC64391DBF1.e.724/click - {}
RESULT: {}
RESULT: {}
COMMAND: POST /session/d53f532480bfbfa72ae7ae5ef7ef8f5b/execute/async - {"script":"<script> [1562 bytes]","args":[{"selector":{"id":"application-manageyards-display-component---NewYard--addressDetailDetailsCity1","interaction":{"idSuffix":"inner"}},"wdio_ui5_key":"applicationmanageyards-display-component---NewYard--addressDetailDetailsCity1"}]}
COMMAND: GET /session/d53f532480bfbfa72ae7ae5ef7ef8f5b/screenshot - {}
RESULT: {"script":"<script> [1562 bytes]","args":[{"selector":{"id":"application-manageyards-display-component---NewYard--addressDetailDetailsCity1","interaction":{"idSuffix":"inner"}},"wdio_ui5_key":"applicationmanageyards-display-component---NewYard--addressDetailDetailsCity1"}]}
RESULT: undefined
COMMAND: POST /session/d53f532480bfbfa72ae7ae5ef7ef8f5b/execute/async - {"script":"<script> [776 bytes]","args":[{"enterText":"Rosario","selector":{"id":"application-manageyards-display-component---NewYard--addressDetailDetailsCity1","interaction":{"idSuffix":"inner"}},"clearTextFirst":true,"interactionType":"ENTER_TEXT"}]}
RESULT: {}
RESULT: {"script":"<script> [776 bytes]","args":[{"enterText":"Rosario","selector":{"id":"application-manageyards-display-component---NewYard--addressDetailDetailsCity1","interaction":{"idSuffix":"inner"}},"clearTextFirst":true,"interactionType":"ENTER_TEXT"}]}
COMMAND: POST /session/d53f532480bfbfa72ae7ae5ef7ef8f5b/execute/async - {"script":"<script> [1562 bytes]","args":[{"selector":{"id":"application-manageyards-display-component---NewYard--addressDetailDetailsCountry-arrow"},"wdio_ui5_key":"applicationmanageyards-display-component---NewYard--addressDetailDetailsCountry-arrow"}]}
RESULT: {"script":"<script> [1562 bytes]","args":[{"selector":{"id":"application-manageyards-display-component---NewYard--addressDetailDetailsCountry-arrow"},"wdio_ui5_key":"applicationmanageyards-display-component---NewYard--addressDetailDetailsCountry-arrow"}]}
RESULT: undefined
COMMAND: POST /session/d53f532480bfbfa72ae7ae5ef7ef8f5b/element - {"using":"xpath","value":"//*[@id=\"application-manageyards-display-component---NewYard--addressDetailDetailsCountry-arrow\"]"}
RESULT: {"using":"xpath","value":"//*[@id=\"application-manageyards-display-component---NewYard--addressDetailDetailsCountry-arrow\"]"}
COMMAND: POST /session/d53f532480bfbfa72ae7ae5ef7ef8f5b/element/f.9714F2348D0A698B9780435C77649C65.d.72282D866F2E488704599FC64391DBF1.e.726/click - {}
RESULT: {}
COMMAND: POST /session/d53f532480bfbfa72ae7ae5ef7ef8f5b/element - {"using":"xpath","value":"//span[contains(text(), \"Argentina\")]"}
COMMAND: GET /session/d53f532480bfbfa72ae7ae5ef7ef8f5b/screenshot - {}
RESULT: {"using":"xpath","value":"//span[contains(text(), \"Argentina\")]"}
COMMAND: POST /session/d53f532480bfbfa72ae7ae5ef7ef8f5b/element/f.9714F2348D0A698B9780435C77649C65.d.72282D866F2E488704599FC64391DBF1.e.728/click - {}
RESULT: {}
RESULT: {}
COMMAND: POST /session/d53f532480bfbfa72ae7ae5ef7ef8f5b/execute/async - {"script":"<script> [1562 bytes]","args":[{"selector":{"id":"application-manageyards-display-component---NewYard--addressEditDetailsCostObjectCstType-arrow"},"wdio_ui5_key":"applicationmanageyards-display-component---NewYard--addressEditDetailsCostObjectCstType-arrow"}]}
COMMAND: GET /session/d53f532480bfbfa72ae7ae5ef7ef8f5b/screenshot - {}
RESULT: {"script":"<script> [1562 bytes]","args":[{"selector":{"id":"application-manageyards-display-component---NewYard--addressEditDetailsCostObjectCstType-arrow"},"wdio_ui5_key":"applicationmanageyards-display-component---NewYard--addressEditDetailsCostObjectCstType-arrow"}]}
RESULT: undefined
COMMAND: POST /session/d53f532480bfbfa72ae7ae5ef7ef8f5b/element - {"using":"xpath","value":"//*[@id=\"application-manageyards-display-component---NewYard--addressEditDetailsCostObjectCstType-arrow\"]"}
RESULT: {}
RESULT: {"using":"xpath","value":"//*[@id=\"application-manageyards-display-component---NewYard--addressEditDetailsCostObjectCstType-arrow\"]"}
COMMAND: POST /session/d53f532480bfbfa72ae7ae5ef7ef8f5b/element/f.9714F2348D0A698B9780435C77649C65.d.72282D866F2E488704599FC64391DBF1.e.729/click - {}
RESULT: {}
COMMAND: POST /session/d53f532480bfbfa72ae7ae5ef7ef8f5b/element - {"using":"xpath","value":"//span[contains(text(), \"Cost Center\")]"}
COMMAND: GET /session/d53f532480bfbfa72ae7ae5ef7ef8f5b/screenshot - {}
RESULT: {"using":"xpath","value":"//span[contains(text(), \"Cost Center\")]"}
COMMAND: POST /session/d53f532480bfbfa72ae7ae5ef7ef8f5b/element/f.9714F2348D0A698B9780435C77649C65.d.72282D866F2E488704599FC64391DBF1.e.730/click - {}
RESULT: {}
RESULT: {}
COMMAND: GET /session/d53f532480bfbfa72ae7ae5ef7ef8f5b/screenshot - {}
RESULT: {}
COMMAND: POST /session/d53f532480bfbfa72ae7ae5ef7ef8f5b/element - {"using":"xpath","value":"//span[@id=\"application-manageyards-display-component---NewYard--addressNewCostObjectCstID-vhi\"]"}
RESULT: {"using":"xpath","value":"//span[@id=\"application-manageyards-display-component---NewYard--addressNewCostObjectCstID-vhi\"]"}
COMMAND: POST /session/d53f532480bfbfa72ae7ae5ef7ef8f5b/execute/sync - {"script":"<script> [8489 bytes]","args":[{"element-6066-11e4-a52e-4f735466cecf":"f.9714F2348D0A698B9780435C77649C65.d.72282D866F2E488704599FC64391DBF1.e.733","ELEMENT":"f.9714F2348D0A698B9780435C77649C65.d.72282D866F2E488704599FC64391DBF1.e.733"}]}
RESULT: {"script":"<script> [8489 bytes]","args":[{"element-6066-11e4-a52e-4f735466cecf":"f.9714F2348D0A698B9780435C77649C65.d.72282D866F2E488704599FC64391DBF1.e.733","ELEMENT":"f.9714F2348D0A698B9780435C77649C65.d.72282D866F2E488704599FC64391DBF1.e.733"}]}
COMMAND: POST /session/d53f532480bfbfa72ae7ae5ef7ef8f5b/execute/async - {"script":"<script> [1562 bytes]","args":[{"selector":{"id":"application-manageyards-display-component---NewYard--addressNewCostObjectCstID-vhi"},"wdio_ui5_key":"applicationmanageyards-display-component---NewYard--addressNewCostObjectCstID-vhi"}]}
COMMAND: GET /session/d53f532480bfbfa72ae7ae5ef7ef8f5b/screenshot - {}
RESULT: {}
RESULT: {"script":"<script> [1562 bytes]","args":[{"selector":{"id":"application-manageyards-display-component---NewYard--addressNewCostObjectCstID-vhi"},"wdio_ui5_key":"applicationmanageyards-display-component---NewYard--addressNewCostObjectCstID-vhi"}]}
RESULT: undefined
COMMAND: POST /session/d53f532480bfbfa72ae7ae5ef7ef8f5b/element - {"using":"xpath","value":"//*[@id=\"application-manageyards-display-component---NewYard--addressNewCostObjectCstID-vhi\"]"}
RESULT: {"using":"xpath","value":"//*[@id=\"application-manageyards-display-component---NewYard--addressNewCostObjectCstID-vhi\"]"}
COMMAND: POST /session/d53f532480bfbfa72ae7ae5ef7ef8f5b/element/f.9714F2348D0A698B9780435C77649C65.d.72282D866F2E488704599FC64391DBF1.e.733/click - {}
RESULT: {}
COMMAND: GET /session/d53f532480bfbfa72ae7ae5ef7ef8f5b/screenshot - {}
RESULT: {}
COMMAND: POST /session/d53f532480bfbfa72ae7ae5ef7ef8f5b/execute/async - {"script":"<script> [1562 bytes]","args":[{"selector":{"controlType":"sap.m.SearchField","properties":{"placeholder":"Search"},"searchOpenDialogs":true,"interaction":{"idSuffix":"I"}},"wdio_ui5_key":"sapm.SearchField{\"placeholder\":\"Search\"}"}]}
RESULT: {"script":"<script> [1562 bytes]","args":[{"selector":{"controlType":"sap.m.SearchField","properties":{"placeholder":"Search"},"searchOpenDialogs":true,"interaction":{"idSuffix":"I"}},"wdio_ui5_key":"sapm.SearchField{\"placeholder\":\"Search\"}"}]}
RESULT: undefined
COMMAND: POST /session/d53f532480bfbfa72ae7ae5ef7ef8f5b/execute/async - {"script":"<script> [776 bytes]","args":[{"enterText":"10001013","selector":{"controlType":"sap.m.SearchField","properties":{"placeholder":"Search"},"searchOpenDialogs":true,"interaction":{"idSuffix":"I"}},"clearTextFirst":true,"interactionType":"ENTER_TEXT"}]}
RESULT: {"script":"<script> [776 bytes]","args":[{"enterText":"10001013","selector":{"controlType":"sap.m.SearchField","properties":{"placeholder":"Search"},"searchOpenDialogs":true,"interaction":{"idSuffix":"I"}},"clearTextFirst":true,"interactionType":"ENTER_TEXT"}]}
COMMAND: POST /session/d53f532480bfbfa72ae7ae5ef7ef8f5b/actions - {"actions":[{"id":"action1","type":"key","parameters":{},"actions":[{"type":"keyDown","value":""},{"type":"pause","duration":10},{"type":"keyUp","value":""}]}]}
RESULT: {"actions":[{"id":"action1","type":"key","parameters":{},"actions":[{"type":"keyDown","value":""},{"type":"pause","duration":10},{"type":"keyUp","value":""}]}]}
COMMAND: GET /session/d53f532480bfbfa72ae7ae5ef7ef8f5b/screenshot - {}
RESULT: {}
COMMAND: POST /session/d53f532480bfbfa72ae7ae5ef7ef8f5b/element - {"using":"xpath","value":"//span[contains(text(), \"General Management\")]"}
RESULT: {"using":"xpath","value":"//span[contains(text(), \"General Management\")]"}
COMMAND: POST /session/d53f532480bfbfa72ae7ae5ef7ef8f5b/element/f.9714F2348D0A698B9780435C77649C65.d.72282D866F2E488704599FC64391DBF1.e.774/click - {}
RESULT: {}
COMMAND: GET /session/d53f532480bfbfa72ae7ae5ef7ef8f5b/screenshot - {}
RESULT: {}
COMMAND: POST /session/d53f532480bfbfa72ae7ae5ef7ef8f5b/element - {"using":"xpath","value":"//bdi[contains(text(), \"OK\")]"}
RESULT: {"using":"xpath","value":"//bdi[contains(text(), \"OK\")]"}
COMMAND: POST /session/d53f532480bfbfa72ae7ae5ef7ef8f5b/element/f.9714F2348D0A698B9780435C77649C65.d.72282D866F2E488704599FC64391DBF1.e.775/click - {}
RESULT: {}
COMMAND: GET /session/d53f532480bfbfa72ae7ae5ef7ef8f5b/screenshot - {}
RESULT: {}
COMMAND: POST /session/d53f532480bfbfa72ae7ae5ef7ef8f5b/execute/async - {"script":"<script> [1562 bytes]","args":[{"selector":{"id":"application-manageyards-display-component---NewYard--addressEditDetailsCurrency-arrow"},"wdio_ui5_key":"applicationmanageyards-display-component---NewYard--addressEditDetailsCurrency-arrow"}]}
RESULT: {"script":"<script> [1562 bytes]","args":[{"selector":{"id":"application-manageyards-display-component---NewYard--addressEditDetailsCurrency-arrow"},"wdio_ui5_key":"applicationmanageyards-display-component---NewYard--addressEditDetailsCurrency-arrow"}]}
RESULT: undefined
COMMAND: POST /session/d53f532480bfbfa72ae7ae5ef7ef8f5b/element - {"using":"xpath","value":"//*[@id=\"application-manageyards-display-component---NewYard--addressEditDetailsCurrency-arrow\"]"}
RESULT: {"using":"xpath","value":"//*[@id=\"application-manageyards-display-component---NewYard--addressEditDetailsCurrency-arrow\"]"}
COMMAND: POST /session/d53f532480bfbfa72ae7ae5ef7ef8f5b/element/f.9714F2348D0A698B9780435C77649C65.d.72282D866F2E488704599FC64391DBF1.e.778/click - {}
RESULT: {}
COMMAND: POST /session/d53f532480bfbfa72ae7ae5ef7ef8f5b/element - {"using":"xpath","value":"//span[contains(text(), \"Euro\")]"}
COMMAND: GET /session/d53f532480bfbfa72ae7ae5ef7ef8f5b/screenshot - {}
RESULT: {"using":"xpath","value":"//span[contains(text(), \"Euro\")]"}
COMMAND: POST /session/d53f532480bfbfa72ae7ae5ef7ef8f5b/element/f.9714F2348D0A698B9780435C77649C65.d.72282D866F2E488704599FC64391DBF1.e.779/click - {}
RESULT: {}
RESULT: {}
COMMAND: POST /session/d53f532480bfbfa72ae7ae5ef7ef8f5b/execute/async - {"script":"<script> [1562 bytes]","args":[{"selector":{"controlType":"sap.m.Input","viewName":"etm.portal.ui.manageyards.view.New","viewId":"application-manageyards-display-component---NewYard","bindingPath":{"path":"","propertyPath":"/CONTROLLING_AREA","modelName":"NewYardModel"},"interaction":{"idSuffix":"inner"}},"wdio_ui5_key":"etmportal.ui.manageyards.view.Newsap.m.Input{\"path\":\"\",\"propertyPath\":\"/CONTROLLING_AREA\",\"modelName\":\"NewYardModel\"}"}]}
COMMAND: GET /session/d53f532480bfbfa72ae7ae5ef7ef8f5b/screenshot - {}
RESULT: {"script":"<script> [1562 bytes]","args":[{"selector":{"controlType":"sap.m.Input","viewName":"etm.portal.ui.manageyards.view.New","viewId":"application-manageyards-display-component---NewYard","bindingPath":{"path":"","propertyPath":"/CONTROLLING_AREA","modelName":"NewYardModel"},"interaction":{"idSuffix":"inner"}},"wdio_ui5_key":"etmportal.ui.manageyards.view.Newsap.m.Input{\"path\":\"\",\"propertyPath\":\"/CONTROLLING_AREA\",\"modelName\":\"NewYardModel\"}"}]}
RESULT: undefined
COMMAND: POST /session/d53f532480bfbfa72ae7ae5ef7ef8f5b/execute/async - {"script":"<script> [776 bytes]","args":[{"enterText":"Z001","selector":{"controlType":"sap.m.Input","viewName":"etm.portal.ui.manageyards.view.New","viewId":"application-manageyards-display-component---NewYard","bindingPath":{"path":"","propertyPath":"/CONTROLLING_AREA","modelName":"NewYardModel"},"interaction":{"idSuffix":"inner"}},"clearTextFirst":true,"interactionType":"ENTER_TEXT"}]}
RESULT: {}
RESULT: {"script":"<script> [776 bytes]","args":[{"enterText":"Z001","selector":{"controlType":"sap.m.Input","viewName":"etm.portal.ui.manageyards.view.New","viewId":"application-manageyards-display-component---NewYard","bindingPath":{"path":"","propertyPath":"/CONTROLLING_AREA","modelName":"NewYardModel"},"interaction":{"idSuffix":"inner"}},"clearTextFirst":true,"interactionType":"ENTER_TEXT"}]}
COMMAND: POST /session/d53f532480bfbfa72ae7ae5ef7ef8f5b/execute/async - {"script":"<script> [1562 bytes]","args":[{"selector":{"id":"application-manageyards-display-component---NewYard--companyCodeComboBox","interaction":{"idSuffix":"inner"}},"wdio_ui5_key":"applicationmanageyards-display-component---NewYard--companyCodeComboBox"}]}
RESULT: {"script":"<script> [1562 bytes]","args":[{"selector":{"id":"application-manageyards-display-component---NewYard--companyCodeComboBox","interaction":{"idSuffix":"inner"}},"wdio_ui5_key":"applicationmanageyards-display-component---NewYard--companyCodeComboBox"}]}
RESULT: undefined
COMMAND: POST /session/d53f532480bfbfa72ae7ae5ef7ef8f5b/execute/async - {"script":"<script> [776 bytes]","args":[{"enterText":"1000","selector":{"id":"application-manageyards-display-component---NewYard--companyCodeComboBox","interaction":{"idSuffix":"inner"}},"clearTextFirst":true,"interactionType":"ENTER_TEXT"}]}
RESULT: {"script":"<script> [776 bytes]","args":[{"enterText":"1000","selector":{"id":"application-manageyards-display-component---NewYard--companyCodeComboBox","interaction":{"idSuffix":"inner"}},"clearTextFirst":true,"interactionType":"ENTER_TEXT"}]}
COMMAND: POST /session/d53f532480bfbfa72ae7ae5ef7ef8f5b/execute/async - {"script":"<script> [1562 bytes]","args":[{"selector":{"controlType":"sap.m.Input","viewName":"etm.portal.ui.manageyards.view.New","viewId":"application-manageyards-display-component---NewYard","bindingPath":{"path":"","propertyPath":"/PLANT","modelName":"NewYardModel"},"interaction":{"idSuffix":"inner"}},"wdio_ui5_key":"etmportal.ui.manageyards.view.Newsap.m.Input{\"path\":\"\",\"propertyPath\":\"/PLANT\",\"modelName\":\"NewYardModel\"}"}]}
RESULT: {"script":"<script> [1562 bytes]","args":[{"selector":{"controlType":"sap.m.Input","viewName":"etm.portal.ui.manageyards.view.New","viewId":"application-manageyards-display-component---NewYard","bindingPath":{"path":"","propertyPath":"/PLANT","modelName":"NewYardModel"},"interaction":{"idSuffix":"inner"}},"wdio_ui5_key":"etmportal.ui.manageyards.view.Newsap.m.Input{\"path\":\"\",\"propertyPath\":\"/PLANT\",\"modelName\":\"NewYardModel\"}"}]}
RESULT: undefined
COMMAND: POST /session/d53f532480bfbfa72ae7ae5ef7ef8f5b/execute/async - {"script":"<script> [776 bytes]","args":[{"enterText":"1001","selector":{"controlType":"sap.m.Input","viewName":"etm.portal.ui.manageyards.view.New","viewId":"application-manageyards-display-component---NewYard","bindingPath":{"path":"","propertyPath":"/PLANT","modelName":"NewYardModel"},"interaction":{"idSuffix":"inner"}},"clearTextFirst":true,"interactionType":"ENTER_TEXT"}]}
RESULT: {"script":"<script> [776 bytes]","args":[{"enterText":"1001","selector":{"controlType":"sap.m.Input","viewName":"etm.portal.ui.manageyards.view.New","viewId":"application-manageyards-display-component---NewYard","bindingPath":{"path":"","propertyPath":"/PLANT","modelName":"NewYardModel"},"interaction":{"idSuffix":"inner"}},"clearTextFirst":true,"interactionType":"ENTER_TEXT"}]}
COMMAND: POST /session/d53f532480bfbfa72ae7ae5ef7ef8f5b/execute/async - {"script":"<script> [1562 bytes]","args":[{"selector":{"controlType":"sap.m.Input","viewName":"etm.portal.ui.manageyards.view.New","viewId":"application-manageyards-display-component---NewYard","bindingPath":{"path":"","propertyPath":"/SALES_AREA_VKORG","modelName":"NewYardModel"},"interaction":{"idSuffix":"inner"}},"wdio_ui5_key":"etmportal.ui.manageyards.view.Newsap.m.Input{\"path\":\"\",\"propertyPath\":\"/SALES_AREA_VKORG\",\"modelName\":\"NewYardModel\"}"}]}
RESULT: {"script":"<script> [1562 bytes]","args":[{"selector":{"controlType":"sap.m.Input","viewName":"etm.portal.ui.manageyards.view.New","viewId":"application-manageyards-display-component---NewYard","bindingPath":{"path":"","propertyPath":"/SALES_AREA_VKORG","modelName":"NewYardModel"},"interaction":{"idSuffix":"inner"}},"wdio_ui5_key":"etmportal.ui.manageyards.view.Newsap.m.Input{\"path\":\"\",\"propertyPath\":\"/SALES_AREA_VKORG\",\"modelName\":\"NewYardModel\"}"}]}
RESULT: undefined
COMMAND: POST /session/d53f532480bfbfa72ae7ae5ef7ef8f5b/execute/async - {"script":"<script> [776 bytes]","args":[{"enterText":"C002","selector":{"controlType":"sap.m.Input","viewName":"etm.portal.ui.manageyards.view.New","viewId":"application-manageyards-display-component---NewYard","bindingPath":{"path":"","propertyPath":"/SALES_AREA_VKORG","modelName":"NewYardModel"},"interaction":{"idSuffix":"inner"}},"clearTextFirst":true,"interactionType":"ENTER_TEXT"}]}
RESULT: {"script":"<script> [776 bytes]","args":[{"enterText":"C002","selector":{"controlType":"sap.m.Input","viewName":"etm.portal.ui.manageyards.view.New","viewId":"application-manageyards-display-component---NewYard","bindingPath":{"path":"","propertyPath":"/SALES_AREA_VKORG","modelName":"NewYardModel"},"interaction":{"idSuffix":"inner"}},"clearTextFirst":true,"interactionType":"ENTER_TEXT"}]}
COMMAND: POST /session/d53f532480bfbfa72ae7ae5ef7ef8f5b/execute/async - {"script":"<script> [1562 bytes]","args":[{"selector":{"controlType":"sap.m.Input","viewName":"etm.portal.ui.manageyards.view.New","viewId":"application-manageyards-display-component---NewYard","bindingPath":{"path":"","propertyPath":"/SALES_AREA_VTWEG","modelName":"NewYardModel"},"interaction":{"idSuffix":"inner"}},"wdio_ui5_key":"etmportal.ui.manageyards.view.Newsap.m.Input{\"path\":\"\",\"propertyPath\":\"/SALES_AREA_VTWEG\",\"modelName\":\"NewYardModel\"}"}]}
RESULT: {"script":"<script> [1562 bytes]","args":[{"selector":{"controlType":"sap.m.Input","viewName":"etm.portal.ui.manageyards.view.New","viewId":"application-manageyards-display-component---NewYard","bindingPath":{"path":"","propertyPath":"/SALES_AREA_VTWEG","modelName":"NewYardModel"},"interaction":{"idSuffix":"inner"}},"wdio_ui5_key":"etmportal.ui.manageyards.view.Newsap.m.Input{\"path\":\"\",\"propertyPath\":\"/SALES_AREA_VTWEG\",\"modelName\":\"NewYardModel\"}"}]}
RESULT: undefined
COMMAND: POST /session/d53f532480bfbfa72ae7ae5ef7ef8f5b/execute/async - {"script":"<script> [776 bytes]","args":[{"enterText":"C2","selector":{"controlType":"sap.m.Input","viewName":"etm.portal.ui.manageyards.view.New","viewId":"application-manageyards-display-component---NewYard","bindingPath":{"path":"","propertyPath":"/SALES_AREA_VTWEG","modelName":"NewYardModel"},"interaction":{"idSuffix":"inner"}},"clearTextFirst":true,"interactionType":"ENTER_TEXT"}]}
RESULT: {"script":"<script> [776 bytes]","args":[{"enterText":"C2","selector":{"controlType":"sap.m.Input","viewName":"etm.portal.ui.manageyards.view.New","viewId":"application-manageyards-display-component---NewYard","bindingPath":{"path":"","propertyPath":"/SALES_AREA_VTWEG","modelName":"NewYardModel"},"interaction":{"idSuffix":"inner"}},"clearTextFirst":true,"interactionType":"ENTER_TEXT"}]}
COMMAND: POST /session/d53f532480bfbfa72ae7ae5ef7ef8f5b/execute/async - {"script":"<script> [1562 bytes]","args":[{"selector":{"controlType":"sap.m.Input","viewName":"etm.portal.ui.manageyards.view.New","viewId":"application-manageyards-display-component---NewYard","bindingPath":{"path":"","propertyPath":"/SALES_AREA_SPART","modelName":"NewYardModel"},"interaction":{"idSuffix":"inner"}},"wdio_ui5_key":"etmportal.ui.manageyards.view.Newsap.m.Input{\"path\":\"\",\"propertyPath\":\"/SALES_AREA_SPART\",\"modelName\":\"NewYardModel\"}"}]}
RESULT: {"script":"<script> [1562 bytes]","args":[{"selector":{"controlType":"sap.m.Input","viewName":"etm.portal.ui.manageyards.view.New","viewId":"application-manageyards-display-component---NewYard","bindingPath":{"path":"","propertyPath":"/SALES_AREA_SPART","modelName":"NewYardModel"},"interaction":{"idSuffix":"inner"}},"wdio_ui5_key":"etmportal.ui.manageyards.view.Newsap.m.Input{\"path\":\"\",\"propertyPath\":\"/SALES_AREA_SPART\",\"modelName\":\"NewYardModel\"}"}]}
RESULT: undefined
COMMAND: POST /session/d53f532480bfbfa72ae7ae5ef7ef8f5b/execute/async - {"script":"<script> [776 bytes]","args":[{"enterText":"C2","selector":{"controlType":"sap.m.Input","viewName":"etm.portal.ui.manageyards.view.New","viewId":"application-manageyards-display-component---NewYard","bindingPath":{"path":"","propertyPath":"/SALES_AREA_SPART","modelName":"NewYardModel"},"interaction":{"idSuffix":"inner"}},"clearTextFirst":true,"interactionType":"ENTER_TEXT"}]}
RESULT: {"script":"<script> [776 bytes]","args":[{"enterText":"C2","selector":{"controlType":"sap.m.Input","viewName":"etm.portal.ui.manageyards.view.New","viewId":"application-manageyards-display-component---NewYard","bindingPath":{"path":"","propertyPath":"/SALES_AREA_SPART","modelName":"NewYardModel"},"interaction":{"idSuffix":"inner"}},"clearTextFirst":true,"interactionType":"ENTER_TEXT"}]}
COMMAND: POST /session/d53f532480bfbfa72ae7ae5ef7ef8f5b/execute/async - {"script":"<script> [1562 bytes]","args":[{"selector":{"controlType":"sap.m.Input","viewName":"etm.portal.ui.manageyards.view.New","viewId":"application-manageyards-display-component---NewYard","bindingPath":{"path":"","propertyPath":"/SHIP_POINT","modelName":"NewYardModel"},"interaction":{"idSuffix":"inner"}},"wdio_ui5_key":"etmportal.ui.manageyards.view.Newsap.m.Input{\"path\":\"\",\"propertyPath\":\"/SHIP_POINT\",\"modelName\":\"NewYardModel\"}"}]}
RESULT: {"script":"<script> [1562 bytes]","args":[{"selector":{"controlType":"sap.m.Input","viewName":"etm.portal.ui.manageyards.view.New","viewId":"application-manageyards-display-component---NewYard","bindingPath":{"path":"","propertyPath":"/SHIP_POINT","modelName":"NewYardModel"},"interaction":{"idSuffix":"inner"}},"wdio_ui5_key":"etmportal.ui.manageyards.view.Newsap.m.Input{\"path\":\"\",\"propertyPath\":\"/SHIP_POINT\",\"modelName\":\"NewYardModel\"}"}]}
RESULT: undefined
COMMAND: POST /session/d53f532480bfbfa72ae7ae5ef7ef8f5b/execute/async - {"script":"<script> [776 bytes]","args":[{"enterText":"1710","selector":{"controlType":"sap.m.Input","viewName":"etm.portal.ui.manageyards.view.New","viewId":"application-manageyards-display-component---NewYard","bindingPath":{"path":"","propertyPath":"/SHIP_POINT","modelName":"NewYardModel"},"interaction":{"idSuffix":"inner"}},"clearTextFirst":true,"interactionType":"ENTER_TEXT"}]}
RESULT: {"script":"<script> [776 bytes]","args":[{"enterText":"1710","selector":{"controlType":"sap.m.Input","viewName":"etm.portal.ui.manageyards.view.New","viewId":"application-manageyards-display-component---NewYard","bindingPath":{"path":"","propertyPath":"/SHIP_POINT","modelName":"NewYardModel"},"interaction":{"idSuffix":"inner"}},"clearTextFirst":true,"interactionType":"ENTER_TEXT"}]}
COMMAND: POST /session/d53f532480bfbfa72ae7ae5ef7ef8f5b/execute/async - {"script":"<script> [1562 bytes]","args":[{"selector":{"controlType":"sap.m.Input","viewName":"etm.portal.ui.manageyards.view.New","viewId":"application-manageyards-display-component---NewYard","bindingPath":{"path":"","propertyPath":"/DELIVERY_TYPE","modelName":"NewYardModel"},"interaction":{"idSuffix":"inner"}},"wdio_ui5_key":"etmportal.ui.manageyards.view.Newsap.m.Input{\"path\":\"\",\"propertyPath\":\"/DELIVERY_TYPE\",\"modelName\":\"NewYardModel\"}"}]}
RESULT: {"script":"<script> [1562 bytes]","args":[{"selector":{"controlType":"sap.m.Input","viewName":"etm.portal.ui.manageyards.view.New","viewId":"application-manageyards-display-component---NewYard","bindingPath":{"path":"","propertyPath":"/DELIVERY_TYPE","modelName":"NewYardModel"},"interaction":{"idSuffix":"inner"}},"wdio_ui5_key":"etmportal.ui.manageyards.view.Newsap.m.Input{\"path\":\"\",\"propertyPath\":\"/DELIVERY_TYPE\",\"modelName\":\"NewYardModel\"}"}]}
RESULT: undefined
COMMAND: POST /session/d53f532480bfbfa72ae7ae5ef7ef8f5b/execute/async - {"script":"<script> [776 bytes]","args":[{"enterText":"ZL01","selector":{"controlType":"sap.m.Input","viewName":"etm.portal.ui.manageyards.view.New","viewId":"application-manageyards-display-component---NewYard","bindingPath":{"path":"","propertyPath":"/DELIVERY_TYPE","modelName":"NewYardModel"},"interaction":{"idSuffix":"inner"}},"clearTextFirst":true,"interactionType":"ENTER_TEXT"}]}
RESULT: {"script":"<script> [776 bytes]","args":[{"enterText":"ZL01","selector":{"controlType":"sap.m.Input","viewName":"etm.portal.ui.manageyards.view.New","viewId":"application-manageyards-display-component---NewYard","bindingPath":{"path":"","propertyPath":"/DELIVERY_TYPE","modelName":"NewYardModel"},"interaction":{"idSuffix":"inner"}},"clearTextFirst":true,"interactionType":"ENTER_TEXT"}]}
COMMAND: POST /session/d53f532480bfbfa72ae7ae5ef7ef8f5b/execute/async - {"script":"<script> [1562 bytes]","args":[{"selector":{"controlType":"sap.m.Input","viewName":"etm.portal.ui.manageyards.view.New","viewId":"application-manageyards-display-component---NewYard","bindingPath":{"path":"","propertyPath":"/AUART","modelName":"NewYardModel"},"interaction":{"idSuffix":"inner"}},"wdio_ui5_key":"etmportal.ui.manageyards.view.Newsap.m.Input{\"path\":\"\",\"propertyPath\":\"/AUART\",\"modelName\":\"NewYardModel\"}"}]}
RESULT: {"script":"<script> [1562 bytes]","args":[{"selector":{"controlType":"sap.m.Input","viewName":"etm.portal.ui.manageyards.view.New","viewId":"application-manageyards-display-component---NewYard","bindingPath":{"path":"","propertyPath":"/AUART","modelName":"NewYardModel"},"interaction":{"idSuffix":"inner"}},"wdio_ui5_key":"etmportal.ui.manageyards.view.Newsap.m.Input{\"path\":\"\",\"propertyPath\":\"/AUART\",\"modelName\":\"NewYardModel\"}"}]}
RESULT: undefined
COMMAND: POST /session/d53f532480bfbfa72ae7ae5ef7ef8f5b/execute/async - {"script":"<script> [776 bytes]","args":[{"enterText":"TA","selector":{"controlType":"sap.m.Input","viewName":"etm.portal.ui.manageyards.view.New","viewId":"application-manageyards-display-component---NewYard","bindingPath":{"path":"","propertyPath":"/AUART","modelName":"NewYardModel"},"interaction":{"idSuffix":"inner"}},"clearTextFirst":true,"interactionType":"ENTER_TEXT"}]}
RESULT: {"script":"<script> [776 bytes]","args":[{"enterText":"TA","selector":{"controlType":"sap.m.Input","viewName":"etm.portal.ui.manageyards.view.New","viewId":"application-manageyards-display-component---NewYard","bindingPath":{"path":"","propertyPath":"/AUART","modelName":"NewYardModel"},"interaction":{"idSuffix":"inner"}},"clearTextFirst":true,"interactionType":"ENTER_TEXT"}]}
COMMAND: POST /session/d53f532480bfbfa72ae7ae5ef7ef8f5b/element - {"using":"xpath","value":"//button[@data-kt=\"newYardSaveButton\"]"}
RESULT: {"using":"xpath","value":"//button[@data-kt=\"newYardSaveButton\"]"}
COMMAND: POST /session/d53f532480bfbfa72ae7ae5ef7ef8f5b/element/f.9714F2348D0A698B9780435C77649C65.d.72282D866F2E488704599FC64391DBF1.e.704/click - {}
RESULT: {}
COMMAND: GET /session/d53f532480bfbfa72ae7ae5ef7ef8f5b/screenshot - {}
RESULT: {}
COMMAND: POST /session/d53f532480bfbfa72ae7ae5ef7ef8f5b/element - {"using":"xpath","value":"//header[contains(@id, 'ObjectPageLayout-headerTitle')]/div[1]/div[2]/div[1]/span[1]"}
RESULT: {"using":"xpath","value":"//header[contains(@id, 'ObjectPageLayout-headerTitle')]/div[1]/div[2]/div[1]/span[1]"}
COMMAND: POST /session/d53f532480bfbfa72ae7ae5ef7ef8f5b/elements - {"using":"xpath","value":"//header[contains(@id, 'ObjectPageLayout-headerTitle')]/div[1]/div[2]/div[1]/span[1]"}
RESULT: {"using":"xpath","value":"//header[contains(@id, 'ObjectPageLayout-headerTitle')]/div[1]/div[2]/div[1]/span[1]"}
COMMAND: POST /session/d53f532480bfbfa72ae7ae5ef7ef8f5b/execute/sync - {"script":"<script> [56 bytes]","args":[{"element-6066-11e4-a52e-4f735466cecf":"f.9714F2348D0A698B9780435C77649C65.d.72282D866F2E488704599FC64391DBF1.e.1003","ELEMENT":"f.9714F2348D0A698B9780435C77649C65.d.72282D866F2E488704599FC64391DBF1.e.1003"}]}
RESULT: {"script":"<script> [56 bytes]","args":[{"element-6066-11e4-a52e-4f735466cecf":"f.9714F2348D0A698B9780435C77649C65.d.72282D866F2E488704599FC64391DBF1.e.1003","ELEMENT":"f.9714F2348D0A698B9780435C77649C65.d.72282D866F2E488704599FC64391DBF1.e.1003"}]}
COMMAND: GET /session/d53f532480bfbfa72ae7ae5ef7ef8f5b/screenshot - {}
COMMAND: POST /session/d53f532480bfbfa72ae7ae5ef7ef8f5b/execute/sync - {"script":"<script> [56 bytes]","args":[{"element-6066-11e4-a52e-4f735466cecf":"f.9714F2348D0A698B9780435C77649C65.d.72282D866F2E488704599FC64391DBF1.e.1003","ELEMENT":"f.9714F2348D0A698B9780435C77649C65.d.72282D866F2E488704599FC64391DBF1.e.1003"}]}
RESULT: {}
RESULT: {"script":"<script> [56 bytes]","args":[{"element-6066-11e4-a52e-4f735466cecf":"f.9714F2348D0A698B9780435C77649C65.d.72282D866F2E488704599FC64391DBF1.e.1003","ELEMENT":"f.9714F2348D0A698B9780435C77649C65.d.72282D866F2E488704599FC64391DBF1.e.1003"}]}
COMMAND: GET /session/d53f532480bfbfa72ae7ae5ef7ef8f5b/screenshot - {}
RESULT: {}
COMMAND: POST /session/d53f532480bfbfa72ae7ae5ef7ef8f5b/element - {"using":"css selector","value":"#shell-header-logo"}
RESULT: {"using":"css selector","value":"#shell-header-logo"}
COMMAND: POST /session/d53f532480bfbfa72ae7ae5ef7ef8f5b/element/f.9714F2348D0A698B9780435C77649C65.d.72282D866F2E488704599FC64391DBF1.e.260/click - {}
RESULT: {}
COMMAND: GET /session/d53f532480bfbfa72ae7ae5ef7ef8f5b/screenshot - {}
RESULT: {}
COMMAND: POST /session/d53f532480bfbfa72ae7ae5ef7ef8f5b/execute/sync - {"script":"<script> [299 bytes]","args":[["getModel","getResource"]]}
RESULT: {"script":"<script> [299 bytes]","args":[["getModel","getResource"]]}
COMMAND: GET /session/d53f532480bfbfa72ae7ae5ef7ef8f5b/screenshot - {}
]]></system-out>
    </testcase>
    <testcase classname="chrome.135_0_7049_42.windows.Billing_Transfer_-_Master_data_&amp;_Intercompany_US127250" name="Should create a new partner" time="109.142">
      <system-out><![CDATA[
COMMAND: POST /session/d53f532480bfbfa72ae7ae5ef7ef8f5b/window/fullscreen - {}
RESULT: {}
RESULT: {}
COMMAND: POST /session/d53f532480bfbfa72ae7ae5ef7ef8f5b/execute/async - {"script":"<script> [1562 bytes]","args":[{"selector":{"controlType":"sap.m.GenericTile","properties":{"header":"Manage Partners"}},"wdio_ui5_key":"sapm.GenericTile{\"header\":\"Manage Partners\"}"}]}
RESULT: {"script":"<script> [1562 bytes]","args":[{"selector":{"controlType":"sap.m.GenericTile","properties":{"header":"Manage Partners"}},"wdio_ui5_key":"sapm.GenericTile{\"header\":\"Manage Partners\"}"}]}
RESULT: undefined
COMMAND: POST /session/d53f532480bfbfa72ae7ae5ef7ef8f5b/element - {"using":"xpath","value":"//*[@id=\"__tile38\"]"}
RESULT: {"using":"xpath","value":"//*[@id=\"__tile38\"]"}
COMMAND: POST /session/d53f532480bfbfa72ae7ae5ef7ef8f5b/element/f.9714F2348D0A698B9780435C77649C65.d.72282D866F2E488704599FC64391DBF1.e.155/click - {}
RESULT: {}
COMMAND: POST /session/d53f532480bfbfa72ae7ae5ef7ef8f5b/element - {"using":"xpath","value":"//button[@data-kt=\"addButton\"]"}
COMMAND: GET /session/d53f532480bfbfa72ae7ae5ef7ef8f5b/screenshot - {}
RESULT: {"using":"xpath","value":"//button[@data-kt=\"addButton\"]"}
COMMAND: POST /session/d53f532480bfbfa72ae7ae5ef7ef8f5b/elements - {"using":"xpath","value":"//button[@data-kt=\"addButton\"]"}
RESULT: {}
RESULT: {"using":"xpath","value":"//button[@data-kt=\"addButton\"]"}
COMMAND: POST /session/d53f532480bfbfa72ae7ae5ef7ef8f5b/elements - {"using":"xpath","value":"//button[@data-kt=\"addButton\"]"}
RESULT: {"using":"xpath","value":"//button[@data-kt=\"addButton\"]"}
COMMAND: POST /session/d53f532480bfbfa72ae7ae5ef7ef8f5b/elements - {"using":"xpath","value":"//button[@data-kt=\"addButton\"]"}
RESULT: {"using":"xpath","value":"//button[@data-kt=\"addButton\"]"}
COMMAND: POST /session/d53f532480bfbfa72ae7ae5ef7ef8f5b/elements - {"using":"xpath","value":"//button[@data-kt=\"addButton\"]"}
RESULT: {"using":"xpath","value":"//button[@data-kt=\"addButton\"]"}
COMMAND: POST /session/d53f532480bfbfa72ae7ae5ef7ef8f5b/elements - {"using":"xpath","value":"//button[@data-kt=\"addButton\"]"}
RESULT: {"using":"xpath","value":"//button[@data-kt=\"addButton\"]"}
COMMAND: POST /session/d53f532480bfbfa72ae7ae5ef7ef8f5b/elements - {"using":"xpath","value":"//button[@data-kt=\"addButton\"]"}
RESULT: {"using":"xpath","value":"//button[@data-kt=\"addButton\"]"}
COMMAND: POST /session/d53f532480bfbfa72ae7ae5ef7ef8f5b/elements - {"using":"xpath","value":"//button[@data-kt=\"addButton\"]"}
RESULT: {"using":"xpath","value":"//button[@data-kt=\"addButton\"]"}
COMMAND: POST /session/d53f532480bfbfa72ae7ae5ef7ef8f5b/elements - {"using":"xpath","value":"//button[@data-kt=\"addButton\"]"}
RESULT: {"using":"xpath","value":"//button[@data-kt=\"addButton\"]"}
COMMAND: POST /session/d53f532480bfbfa72ae7ae5ef7ef8f5b/elements - {"using":"xpath","value":"//button[@data-kt=\"addButton\"]"}
RESULT: {"using":"xpath","value":"//button[@data-kt=\"addButton\"]"}
COMMAND: POST /session/d53f532480bfbfa72ae7ae5ef7ef8f5b/elements - {"using":"xpath","value":"//button[@data-kt=\"addButton\"]"}
RESULT: {"using":"xpath","value":"//button[@data-kt=\"addButton\"]"}
COMMAND: POST /session/d53f532480bfbfa72ae7ae5ef7ef8f5b/elements - {"using":"xpath","value":"//button[@data-kt=\"addButton\"]"}
RESULT: {"using":"xpath","value":"//button[@data-kt=\"addButton\"]"}
COMMAND: POST /session/d53f532480bfbfa72ae7ae5ef7ef8f5b/elements - {"using":"xpath","value":"//button[@data-kt=\"addButton\"]"}
RESULT: {"using":"xpath","value":"//button[@data-kt=\"addButton\"]"}
COMMAND: POST /session/d53f532480bfbfa72ae7ae5ef7ef8f5b/elements - {"using":"xpath","value":"//button[@data-kt=\"addButton\"]"}
RESULT: {"using":"xpath","value":"//button[@data-kt=\"addButton\"]"}
COMMAND: POST /session/d53f532480bfbfa72ae7ae5ef7ef8f5b/elements - {"using":"xpath","value":"//button[@data-kt=\"addButton\"]"}
RESULT: {"using":"xpath","value":"//button[@data-kt=\"addButton\"]"}
COMMAND: POST /session/d53f532480bfbfa72ae7ae5ef7ef8f5b/elements - {"using":"xpath","value":"//button[@data-kt=\"addButton\"]"}
RESULT: {"using":"xpath","value":"//button[@data-kt=\"addButton\"]"}
COMMAND: POST /session/d53f532480bfbfa72ae7ae5ef7ef8f5b/element - {"using":"xpath","value":"//button[@data-kt=\"addButton\"]"}
RESULT: {"using":"xpath","value":"//button[@data-kt=\"addButton\"]"}
COMMAND: POST /session/d53f532480bfbfa72ae7ae5ef7ef8f5b/execute/sync - {"script":"<script> [8489 bytes]","args":[{"element-6066-11e4-a52e-4f735466cecf":"f.9714F2348D0A698B9780435C77649C65.d.72282D866F2E488704599FC64391DBF1.e.1045","ELEMENT":"f.9714F2348D0A698B9780435C77649C65.d.72282D866F2E488704599FC64391DBF1.e.1045"}]}
RESULT: {"script":"<script> [8489 bytes]","args":[{"element-6066-11e4-a52e-4f735466cecf":"f.9714F2348D0A698B9780435C77649C65.d.72282D866F2E488704599FC64391DBF1.e.1045","ELEMENT":"f.9714F2348D0A698B9780435C77649C65.d.72282D866F2E488704599FC64391DBF1.e.1045"}]}
COMMAND: GET /session/d53f532480bfbfa72ae7ae5ef7ef8f5b/element/f.9714F2348D0A698B9780435C77649C65.d.72282D866F2E488704599FC64391DBF1.e.1045/enabled - {}
COMMAND: GET /session/d53f532480bfbfa72ae7ae5ef7ef8f5b/screenshot - {}
RESULT: {}
COMMAND: POST /session/d53f532480bfbfa72ae7ae5ef7ef8f5b/execute/sync - {"script":"<script> [8489 bytes]","args":[{"element-6066-11e4-a52e-4f735466cecf":"f.9714F2348D0A698B9780435C77649C65.d.72282D866F2E488704599FC64391DBF1.e.1045","ELEMENT":"f.9714F2348D0A698B9780435C77649C65.d.72282D866F2E488704599FC64391DBF1.e.1045"}]}
COMMAND: GET /session/d53f532480bfbfa72ae7ae5ef7ef8f5b/screenshot - {}
RESULT: {}
RESULT: {"script":"<script> [8489 bytes]","args":[{"element-6066-11e4-a52e-4f735466cecf":"f.9714F2348D0A698B9780435C77649C65.d.72282D866F2E488704599FC64391DBF1.e.1045","ELEMENT":"f.9714F2348D0A698B9780435C77649C65.d.72282D866F2E488704599FC64391DBF1.e.1045"}]}
COMMAND: POST /session/d53f532480bfbfa72ae7ae5ef7ef8f5b/execute/sync - {"script":"<script> [5351 bytes]","args":[{"element-6066-11e4-a52e-4f735466cecf":"f.9714F2348D0A698B9780435C77649C65.d.72282D866F2E488704599FC64391DBF1.e.1045","ELEMENT":"f.9714F2348D0A698B9780435C77649C65.d.72282D866F2E488704599FC64391DBF1.e.1045"}]}
COMMAND: GET /session/d53f532480bfbfa72ae7ae5ef7ef8f5b/screenshot - {}
RESULT: {}
RESULT: {"script":"<script> [5351 bytes]","args":[{"element-6066-11e4-a52e-4f735466cecf":"f.9714F2348D0A698B9780435C77649C65.d.72282D866F2E488704599FC64391DBF1.e.1045","ELEMENT":"f.9714F2348D0A698B9780435C77649C65.d.72282D866F2E488704599FC64391DBF1.e.1045"}]}
COMMAND: POST /session/d53f532480bfbfa72ae7ae5ef7ef8f5b/element/f.9714F2348D0A698B9780435C77649C65.d.72282D866F2E488704599FC64391DBF1.e.1045/click - {}
COMMAND: GET /session/d53f532480bfbfa72ae7ae5ef7ef8f5b/screenshot - {}
RESULT: {}
RESULT: {}
COMMAND: GET /session/d53f532480bfbfa72ae7ae5ef7ef8f5b/screenshot - {}
COMMAND: POST /session/d53f532480bfbfa72ae7ae5ef7ef8f5b/execute/async - {"script":"<script> [1562 bytes]","args":[{"selector":{"id":"application-managepartners-display-component---NewPartner--addressDetailDetailsName1","interaction":{"idSuffix":"inner"}},"wdio_ui5_key":"applicationmanagepartners-display-component---NewPartner--addressDetailDetailsName1"}]}
RESULT: {}
RESULT: {}
RESULT: {"script":"<script> [1562 bytes]","args":[{"selector":{"id":"application-managepartners-display-component---NewPartner--addressDetailDetailsName1","interaction":{"idSuffix":"inner"}},"wdio_ui5_key":"applicationmanagepartners-display-component---NewPartner--addressDetailDetailsName1"}]}
RESULT: undefined
COMMAND: POST /session/d53f532480bfbfa72ae7ae5ef7ef8f5b/execute/async - {"script":"<script> [776 bytes]","args":[{"enterText":"Intercompany Partner WDIO","selector":{"id":"application-managepartners-display-component---NewPartner--addressDetailDetailsName1","interaction":{"idSuffix":"inner"}},"clearTextFirst":true,"interactionType":"ENTER_TEXT"}]}
RESULT: {"script":"<script> [776 bytes]","args":[{"enterText":"Intercompany Partner WDIO","selector":{"id":"application-managepartners-display-component---NewPartner--addressDetailDetailsName1","interaction":{"idSuffix":"inner"}},"clearTextFirst":true,"interactionType":"ENTER_TEXT"}]}
COMMAND: POST /session/d53f532480bfbfa72ae7ae5ef7ef8f5b/execute/async - {"script":"<script> [1562 bytes]","args":[{"selector":{"id":"application-managepartners-display-component---NewPartner--addressDetailDetailsLanguage-arrow"},"wdio_ui5_key":"applicationmanagepartners-display-component---NewPartner--addressDetailDetailsLanguage-arrow"}]}
RESULT: {"script":"<script> [1562 bytes]","args":[{"selector":{"id":"application-managepartners-display-component---NewPartner--addressDetailDetailsLanguage-arrow"},"wdio_ui5_key":"applicationmanagepartners-display-component---NewPartner--addressDetailDetailsLanguage-arrow"}]}
RESULT: undefined
COMMAND: POST /session/d53f532480bfbfa72ae7ae5ef7ef8f5b/element - {"using":"xpath","value":"//*[@id=\"application-managepartners-display-component---NewPartner--addressDetailDetailsLanguage-arrow\"]"}
RESULT: {"using":"xpath","value":"//*[@id=\"application-managepartners-display-component---NewPartner--addressDetailDetailsLanguage-arrow\"]"}
COMMAND: POST /session/d53f532480bfbfa72ae7ae5ef7ef8f5b/element/f.9714F2348D0A698B9780435C77649C65.d.72282D866F2E488704599FC64391DBF1.e.1501/click - {}
RESULT: {}
COMMAND: POST /session/d53f532480bfbfa72ae7ae5ef7ef8f5b/element - {"using":"xpath","value":"//span[contains(text(), \"English\")]"}
COMMAND: GET /session/d53f532480bfbfa72ae7ae5ef7ef8f5b/screenshot - {}
RESULT: {"using":"xpath","value":"//span[contains(text(), \"English\")]"}
COMMAND: POST /session/d53f532480bfbfa72ae7ae5ef7ef8f5b/element/f.9714F2348D0A698B9780435C77649C65.d.72282D866F2E488704599FC64391DBF1.e.1502/click - {}
RESULT: {}
RESULT: {}
COMMAND: GET /session/d53f532480bfbfa72ae7ae5ef7ef8f5b/screenshot - {}
RESULT: {}
COMMAND: POST /session/d53f532480bfbfa72ae7ae5ef7ef8f5b/execute/async - {"script":"<script> [1562 bytes]","args":[{"selector":{"id":"application-managepartners-display-component---NewPartner--addressDetailDetailsCity1","interaction":{"idSuffix":"inner"}},"wdio_ui5_key":"applicationmanagepartners-display-component---NewPartner--addressDetailDetailsCity1"}]}
RESULT: {"script":"<script> [1562 bytes]","args":[{"selector":{"id":"application-managepartners-display-component---NewPartner--addressDetailDetailsCity1","interaction":{"idSuffix":"inner"}},"wdio_ui5_key":"applicationmanagepartners-display-component---NewPartner--addressDetailDetailsCity1"}]}
RESULT: undefined
COMMAND: POST /session/d53f532480bfbfa72ae7ae5ef7ef8f5b/execute/async - {"script":"<script> [776 bytes]","args":[{"enterText":"Rosario","selector":{"id":"application-managepartners-display-component---NewPartner--addressDetailDetailsCity1","interaction":{"idSuffix":"inner"}},"clearTextFirst":true,"interactionType":"ENTER_TEXT"}]}
RESULT: {"script":"<script> [776 bytes]","args":[{"enterText":"Rosario","selector":{"id":"application-managepartners-display-component---NewPartner--addressDetailDetailsCity1","interaction":{"idSuffix":"inner"}},"clearTextFirst":true,"interactionType":"ENTER_TEXT"}]}
COMMAND: POST /session/d53f532480bfbfa72ae7ae5ef7ef8f5b/execute/async - {"script":"<script> [1562 bytes]","args":[{"selector":{"id":"application-managepartners-display-component---NewPartner--addressDetailDetailsCountry-arrow"},"wdio_ui5_key":"applicationmanagepartners-display-component---NewPartner--addressDetailDetailsCountry-arrow"}]}
RESULT: {"script":"<script> [1562 bytes]","args":[{"selector":{"id":"application-managepartners-display-component---NewPartner--addressDetailDetailsCountry-arrow"},"wdio_ui5_key":"applicationmanagepartners-display-component---NewPartner--addressDetailDetailsCountry-arrow"}]}
RESULT: undefined
COMMAND: POST /session/d53f532480bfbfa72ae7ae5ef7ef8f5b/element - {"using":"xpath","value":"//*[@id=\"application-managepartners-display-component---NewPartner--addressDetailDetailsCountry-arrow\"]"}
RESULT: {"using":"xpath","value":"//*[@id=\"application-managepartners-display-component---NewPartner--addressDetailDetailsCountry-arrow\"]"}
COMMAND: POST /session/d53f532480bfbfa72ae7ae5ef7ef8f5b/element/f.9714F2348D0A698B9780435C77649C65.d.72282D866F2E488704599FC64391DBF1.e.1487/click - {}
RESULT: {}
COMMAND: POST /session/d53f532480bfbfa72ae7ae5ef7ef8f5b/element - {"using":"xpath","value":"//span[contains(text(), \"Argentina\")]"}
COMMAND: GET /session/d53f532480bfbfa72ae7ae5ef7ef8f5b/screenshot - {}
RESULT: {"using":"xpath","value":"//span[contains(text(), \"Argentina\")]"}
COMMAND: POST /session/d53f532480bfbfa72ae7ae5ef7ef8f5b/element/f.9714F2348D0A698B9780435C77649C65.d.72282D866F2E488704599FC64391DBF1.e.1504/click - {}
RESULT: {}
RESULT: {}
COMMAND: GET /session/d53f532480bfbfa72ae7ae5ef7ef8f5b/screenshot - {}
RESULT: {}
COMMAND: POST /session/d53f532480bfbfa72ae7ae5ef7ef8f5b/element - {"using":"xpath","value":"//bdi[contains(text(), \"Commercial\")]"}
RESULT: {"using":"xpath","value":"//bdi[contains(text(), \"Commercial\")]"}
COMMAND: POST /session/d53f532480bfbfa72ae7ae5ef7ef8f5b/element/f.9714F2348D0A698B9780435C77649C65.d.72282D866F2E488704599FC64391DBF1.e.1505/click - {}
RESULT: {}
COMMAND: GET /session/d53f532480bfbfa72ae7ae5ef7ef8f5b/screenshot - {}
RESULT: {}
COMMAND: POST /session/d53f532480bfbfa72ae7ae5ef7ef8f5b/execute/async - {"script":"<script> [1562 bytes]","args":[{"selector":{"id":"application-managepartners-display-component---NewPartner--partnerDetailInternal-arrow"},"wdio_ui5_key":"applicationmanagepartners-display-component---NewPartner--partnerDetailInternal-arrow"}]}
RESULT: {"script":"<script> [1562 bytes]","args":[{"selector":{"id":"application-managepartners-display-component---NewPartner--partnerDetailInternal-arrow"},"wdio_ui5_key":"applicationmanagepartners-display-component---NewPartner--partnerDetailInternal-arrow"}]}
RESULT: undefined
COMMAND: POST /session/d53f532480bfbfa72ae7ae5ef7ef8f5b/element - {"using":"xpath","value":"//*[@id=\"application-managepartners-display-component---NewPartner--partnerDetailInternal-arrow\"]"}
RESULT: {"using":"xpath","value":"//*[@id=\"application-managepartners-display-component---NewPartner--partnerDetailInternal-arrow\"]"}
COMMAND: POST /session/d53f532480bfbfa72ae7ae5ef7ef8f5b/element/f.9714F2348D0A698B9780435C77649C65.d.72282D866F2E488704599FC64391DBF1.e.1511/click - {}
RESULT: {}
COMMAND: POST /session/d53f532480bfbfa72ae7ae5ef7ef8f5b/element - {"using":"xpath","value":"//span[contains(text(), \"Affiliated company\")]"}
COMMAND: GET /session/d53f532480bfbfa72ae7ae5ef7ef8f5b/screenshot - {}
RESULT: {"using":"xpath","value":"//span[contains(text(), \"Affiliated company\")]"}
COMMAND: POST /session/d53f532480bfbfa72ae7ae5ef7ef8f5b/element/f.9714F2348D0A698B9780435C77649C65.d.72282D866F2E488704599FC64391DBF1.e.1514/click - {}
RESULT: {}
RESULT: {}
COMMAND: POST /session/d53f532480bfbfa72ae7ae5ef7ef8f5b/execute/async - {"script":"<script> [1562 bytes]","args":[{"selector":{"id":"application-managepartners-display-component---NewPartner--partnerDetailsCurrency-arrow"},"wdio_ui5_key":"applicationmanagepartners-display-component---NewPartner--partnerDetailsCurrency-arrow"}]}
COMMAND: GET /session/d53f532480bfbfa72ae7ae5ef7ef8f5b/screenshot - {}
RESULT: {"script":"<script> [1562 bytes]","args":[{"selector":{"id":"application-managepartners-display-component---NewPartner--partnerDetailsCurrency-arrow"},"wdio_ui5_key":"applicationmanagepartners-display-component---NewPartner--partnerDetailsCurrency-arrow"}]}
RESULT: undefined
COMMAND: POST /session/d53f532480bfbfa72ae7ae5ef7ef8f5b/element - {"using":"xpath","value":"//*[@id=\"application-managepartners-display-component---NewPartner--partnerDetailsCurrency-arrow\"]"}
RESULT: {}
RESULT: {"using":"xpath","value":"//*[@id=\"application-managepartners-display-component---NewPartner--partnerDetailsCurrency-arrow\"]"}
COMMAND: POST /session/d53f532480bfbfa72ae7ae5ef7ef8f5b/element/f.9714F2348D0A698B9780435C77649C65.d.72282D866F2E488704599FC64391DBF1.e.1521/click - {}
RESULT: {}
COMMAND: POST /session/d53f532480bfbfa72ae7ae5ef7ef8f5b/element - {"using":"xpath","value":"//span[contains(text(), \"Euro\")]"}
COMMAND: GET /session/d53f532480bfbfa72ae7ae5ef7ef8f5b/screenshot - {}
RESULT: {"using":"xpath","value":"//span[contains(text(), \"Euro\")]"}
COMMAND: POST /session/d53f532480bfbfa72ae7ae5ef7ef8f5b/element/f.9714F2348D0A698B9780435C77649C65.d.72282D866F2E488704599FC64391DBF1.e.1522/click - {}
RESULT: {}
RESULT: {}
COMMAND: POST /session/d53f532480bfbfa72ae7ae5ef7ef8f5b/execute/async - {"script":"<script> [1562 bytes]","args":[{"selector":{"id":"application-managepartners-display-component---NewPartner--addressEditDetailsCostObjectCstType-arrow"},"wdio_ui5_key":"applicationmanagepartners-display-component---NewPartner--addressEditDetailsCostObjectCstType-arrow"}]}
COMMAND: GET /session/d53f532480bfbfa72ae7ae5ef7ef8f5b/screenshot - {}
RESULT: {"script":"<script> [1562 bytes]","args":[{"selector":{"id":"application-managepartners-display-component---NewPartner--addressEditDetailsCostObjectCstType-arrow"},"wdio_ui5_key":"applicationmanagepartners-display-component---NewPartner--addressEditDetailsCostObjectCstType-arrow"}]}
RESULT: undefined
COMMAND: POST /session/d53f532480bfbfa72ae7ae5ef7ef8f5b/element - {"using":"xpath","value":"//*[@id=\"application-managepartners-display-component---NewPartner--addressEditDetailsCostObjectCstType-arrow\"]"}
RESULT: {}
RESULT: {"using":"xpath","value":"//*[@id=\"application-managepartners-display-component---NewPartner--addressEditDetailsCostObjectCstType-arrow\"]"}
COMMAND: POST /session/d53f532480bfbfa72ae7ae5ef7ef8f5b/element/f.9714F2348D0A698B9780435C77649C65.d.72282D866F2E488704599FC64391DBF1.e.1523/click - {}
RESULT: {}
COMMAND: POST /session/d53f532480bfbfa72ae7ae5ef7ef8f5b/element - {"using":"xpath","value":"//span[contains(text(), \"Cost Center\")]"}
COMMAND: GET /session/d53f532480bfbfa72ae7ae5ef7ef8f5b/screenshot - {}
RESULT: {"using":"xpath","value":"//span[contains(text(), \"Cost Center\")]"}
COMMAND: POST /session/d53f532480bfbfa72ae7ae5ef7ef8f5b/element/f.9714F2348D0A698B9780435C77649C65.d.72282D866F2E488704599FC64391DBF1.e.1524/click - {}
RESULT: {}
RESULT: {}
COMMAND: GET /session/d53f532480bfbfa72ae7ae5ef7ef8f5b/screenshot - {}
RESULT: {}
COMMAND: POST /session/d53f532480bfbfa72ae7ae5ef7ef8f5b/element - {"using":"xpath","value":"//span[@id=\"application-managepartners-display-component---NewPartner--addressNewCostObjectCstID-vhi\"]"}
RESULT: {"using":"xpath","value":"//span[@id=\"application-managepartners-display-component---NewPartner--addressNewCostObjectCstID-vhi\"]"}
COMMAND: POST /session/d53f532480bfbfa72ae7ae5ef7ef8f5b/execute/sync - {"script":"<script> [8489 bytes]","args":[{"element-6066-11e4-a52e-4f735466cecf":"f.9714F2348D0A698B9780435C77649C65.d.72282D866F2E488704599FC64391DBF1.e.1527","ELEMENT":"f.9714F2348D0A698B9780435C77649C65.d.72282D866F2E488704599FC64391DBF1.e.1527"}]}
RESULT: {"script":"<script> [8489 bytes]","args":[{"element-6066-11e4-a52e-4f735466cecf":"f.9714F2348D0A698B9780435C77649C65.d.72282D866F2E488704599FC64391DBF1.e.1527","ELEMENT":"f.9714F2348D0A698B9780435C77649C65.d.72282D866F2E488704599FC64391DBF1.e.1527"}]}
COMMAND: POST /session/d53f532480bfbfa72ae7ae5ef7ef8f5b/execute/async - {"script":"<script> [1562 bytes]","args":[{"selector":{"id":"application-managepartners-display-component---NewPartner--addressNewCostObjectCstID-vhi"},"wdio_ui5_key":"applicationmanagepartners-display-component---NewPartner--addressNewCostObjectCstID-vhi"}]}
COMMAND: GET /session/d53f532480bfbfa72ae7ae5ef7ef8f5b/screenshot - {}
RESULT: {"script":"<script> [1562 bytes]","args":[{"selector":{"id":"application-managepartners-display-component---NewPartner--addressNewCostObjectCstID-vhi"},"wdio_ui5_key":"applicationmanagepartners-display-component---NewPartner--addressNewCostObjectCstID-vhi"}]}
RESULT: undefined
COMMAND: POST /session/d53f532480bfbfa72ae7ae5ef7ef8f5b/element - {"using":"xpath","value":"//*[@id=\"application-managepartners-display-component---NewPartner--addressNewCostObjectCstID-vhi\"]"}
RESULT: {}
RESULT: {"using":"xpath","value":"//*[@id=\"application-managepartners-display-component---NewPartner--addressNewCostObjectCstID-vhi\"]"}
COMMAND: POST /session/d53f532480bfbfa72ae7ae5ef7ef8f5b/element/f.9714F2348D0A698B9780435C77649C65.d.72282D866F2E488704599FC64391DBF1.e.1527/click - {}
RESULT: {}
COMMAND: GET /session/d53f532480bfbfa72ae7ae5ef7ef8f5b/screenshot - {}
RESULT: {}
RESULT: undefined
COMMAND: POST /session/d53f532480bfbfa72ae7ae5ef7ef8f5b/execute/async - {"script":"<script> [776 bytes]","args":[{"enterText":"10001013","selector":{"controlType":"sap.m.SearchField","properties":{"placeholder":"Search"},"searchOpenDialogs":true,"interaction":{"idSuffix":"I"}},"clearTextFirst":true,"interactionType":"ENTER_TEXT"}]}
RESULT: {"script":"<script> [776 bytes]","args":[{"enterText":"10001013","selector":{"controlType":"sap.m.SearchField","properties":{"placeholder":"Search"},"searchOpenDialogs":true,"interaction":{"idSuffix":"I"}},"clearTextFirst":true,"interactionType":"ENTER_TEXT"}]}
COMMAND: POST /session/d53f532480bfbfa72ae7ae5ef7ef8f5b/actions - {"actions":[{"id":"action2","type":"key","parameters":{},"actions":[{"type":"keyDown","value":""},{"type":"pause","duration":10},{"type":"keyUp","value":""}]}]}
RESULT: {"actions":[{"id":"action2","type":"key","parameters":{},"actions":[{"type":"keyDown","value":""},{"type":"pause","duration":10},{"type":"keyUp","value":""}]}]}
COMMAND: GET /session/d53f532480bfbfa72ae7ae5ef7ef8f5b/screenshot - {}
RESULT: {}
COMMAND: POST /session/d53f532480bfbfa72ae7ae5ef7ef8f5b/element - {"using":"xpath","value":"//span[contains(text(), \"General Management\")]"}
RESULT: {"using":"xpath","value":"//span[contains(text(), \"General Management\")]"}
COMMAND: POST /session/d53f532480bfbfa72ae7ae5ef7ef8f5b/element/f.9714F2348D0A698B9780435C77649C65.d.72282D866F2E488704599FC64391DBF1.e.1565/click - {}
RESULT: {}
COMMAND: GET /session/d53f532480bfbfa72ae7ae5ef7ef8f5b/screenshot - {}
RESULT: {}
COMMAND: POST /session/d53f532480bfbfa72ae7ae5ef7ef8f5b/element - {"using":"xpath","value":"//bdi[contains(text(), \"OK\")]"}
RESULT: {"using":"xpath","value":"//bdi[contains(text(), \"OK\")]"}
COMMAND: POST /session/d53f532480bfbfa72ae7ae5ef7ef8f5b/element/f.9714F2348D0A698B9780435C77649C65.d.72282D866F2E488704599FC64391DBF1.e.1566/click - {}
RESULT: {}
COMMAND: GET /session/d53f532480bfbfa72ae7ae5ef7ef8f5b/screenshot - {}
RESULT: {}
COMMAND: POST /session/d53f532480bfbfa72ae7ae5ef7ef8f5b/element - {"using":"xpath","value":"//input[@id=\"application-managepartners-display-component---NewPartner--companyCodeComboBox-inner\"]"}
RESULT: {"using":"xpath","value":"//input[@id=\"application-managepartners-display-component---NewPartner--companyCodeComboBox-inner\"]"}
COMMAND: POST /session/d53f532480bfbfa72ae7ae5ef7ef8f5b/element/f.9714F2348D0A698B9780435C77649C65.d.72282D866F2E488704599FC64391DBF1.e.1358/clear - {}
RESULT: {}
COMMAND: POST /session/d53f532480bfbfa72ae7ae5ef7ef8f5b/element/f.9714F2348D0A698B9780435C77649C65.d.72282D866F2E488704599FC64391DBF1.e.1358/value - {"text":"C002"}
COMMAND: GET /session/d53f532480bfbfa72ae7ae5ef7ef8f5b/screenshot - {}
RESULT: {"text":"C002"}
COMMAND: GET /session/d53f532480bfbfa72ae7ae5ef7ef8f5b/screenshot - {}
RESULT: {}
RESULT: {}
COMMAND: POST /session/d53f532480bfbfa72ae7ae5ef7ef8f5b/element - {"using":"xpath","value":"//span[contains(text(), \"C002\")]"}
RESULT: {"using":"xpath","value":"//span[contains(text(), \"C002\")]"}
COMMAND: POST /session/d53f532480bfbfa72ae7ae5ef7ef8f5b/element/f.9714F2348D0A698B9780435C77649C65.d.72282D866F2E488704599FC64391DBF1.e.1572/click - {}
RESULT: {}
COMMAND: GET /session/d53f532480bfbfa72ae7ae5ef7ef8f5b/screenshot - {}
RESULT: {}
COMMAND: POST /session/d53f532480bfbfa72ae7ae5ef7ef8f5b/execute/async - {"script":"<script> [1562 bytes]","args":[{"selector":{"id":"application-managepartners-display-component---NewPartner--btnAddTableRow-img"},"wdio_ui5_key":"applicationmanagepartners-display-component---NewPartner--btnAddTableRow-img"}]}
RESULT: {"script":"<script> [1562 bytes]","args":[{"selector":{"id":"application-managepartners-display-component---NewPartner--btnAddTableRow-img"},"wdio_ui5_key":"applicationmanagepartners-display-component---NewPartner--btnAddTableRow-img"}]}
RESULT: undefined
COMMAND: POST /session/d53f532480bfbfa72ae7ae5ef7ef8f5b/element - {"using":"xpath","value":"//*[@id=\"application-managepartners-display-component---NewPartner--btnAddTableRow-img\"]"}
RESULT: {"using":"xpath","value":"//*[@id=\"application-managepartners-display-component---NewPartner--btnAddTableRow-img\"]"}
COMMAND: POST /session/d53f532480bfbfa72ae7ae5ef7ef8f5b/element/f.9714F2348D0A698B9780435C77649C65.d.72282D866F2E488704599FC64391DBF1.e.1573/click - {}
RESULT: {}
COMMAND: GET /session/d53f532480bfbfa72ae7ae5ef7ef8f5b/screenshot - {}
RESULT: {}
COMMAND: POST /session/d53f532480bfbfa72ae7ae5ef7ef8f5b/element - {"using":"xpath","value":"//input[@id=\"application-managepartners-display-component---NewPartner--assignmentYard-application-managepartners-display-component---NewPartner--assignmentsTable-0-inner\"]"}
RESULT: {"using":"xpath","value":"//input[@id=\"application-managepartners-display-component---NewPartner--assignmentYard-application-managepartners-display-component---NewPartner--assignmentsTable-0-inner\"]"}
COMMAND: POST /session/d53f532480bfbfa72ae7ae5ef7ef8f5b/element/f.9714F2348D0A698B9780435C77649C65.d.72282D866F2E488704599FC64391DBF1.e.1576/clear - {}
RESULT: {}
COMMAND: POST /session/d53f532480bfbfa72ae7ae5ef7ef8f5b/element/f.9714F2348D0A698B9780435C77649C65.d.72282D866F2E488704599FC64391DBF1.e.1576/value - {"text":"711"}
COMMAND: GET /session/d53f532480bfbfa72ae7ae5ef7ef8f5b/screenshot - {}
RESULT: {"text":"711"}
COMMAND: GET /session/d53f532480bfbfa72ae7ae5ef7ef8f5b/screenshot - {}
RESULT: {}
RESULT: {}
COMMAND: POST /session/d53f532480bfbfa72ae7ae5ef7ef8f5b/element - {"using":"xpath","value":"//li[.//span[text()='711']]"}
RESULT: {"using":"xpath","value":"//li[.//span[text()='711']]"}
COMMAND: POST /session/d53f532480bfbfa72ae7ae5ef7ef8f5b/element/f.9714F2348D0A698B9780435C77649C65.d.72282D866F2E488704599FC64391DBF1.e.1585/click - {}
RESULT: {}
COMMAND: GET /session/d53f532480bfbfa72ae7ae5ef7ef8f5b/screenshot - {}
RESULT: {}
COMMAND: POST /session/d53f532480bfbfa72ae7ae5ef7ef8f5b/actions - {"actions":[{"id":"action3","type":"key","parameters":{},"actions":[{"type":"keyDown","value":""},{"type":"pause","duration":10},{"type":"keyUp","value":""}]}]}
RESULT: {"actions":[{"id":"action3","type":"key","parameters":{},"actions":[{"type":"keyDown","value":""},{"type":"pause","duration":10},{"type":"keyUp","value":""}]}]}
COMMAND: POST /session/d53f532480bfbfa72ae7ae5ef7ef8f5b/execute/async - {"script":"<script> [1562 bytes]","args":[{"selector":{"id":"application-managepartners-display-component---NewPartner--externalCustomerComboBox-application-managepartners-display-component---NewPartner--assignmentsTable-0-vhi"},"wdio_ui5_key":"applicationmanagepartners-display-component---NewPartner--externalCustomerComboBox-application-managepartners-display-component---NewPartner--assignmentsTable-0-vhi"}]}
COMMAND: GET /session/d53f532480bfbfa72ae7ae5ef7ef8f5b/screenshot - {}
RESULT: {"script":"<script> [1562 bytes]","args":[{"selector":{"id":"application-managepartners-display-component---NewPartner--externalCustomerComboBox-application-managepartners-display-component---NewPartner--assignmentsTable-0-vhi"},"wdio_ui5_key":"applicationmanagepartners-display-component---NewPartner--externalCustomerComboBox-application-managepartners-display-component---NewPartner--assignmentsTable-0-vhi"}]}
RESULT: undefined
COMMAND: POST /session/d53f532480bfbfa72ae7ae5ef7ef8f5b/element - {"using":"xpath","value":"//*[@id=\"application-managepartners-display-component---NewPartner--externalCustomerComboBox-application-managepartners-display-component---NewPartner--assignmentsTable-0-vhi\"]"}
RESULT: {}
RESULT: {"using":"xpath","value":"//*[@id=\"application-managepartners-display-component---NewPartner--externalCustomerComboBox-application-managepartners-display-component---NewPartner--assignmentsTable-0-vhi\"]"}
COMMAND: POST /session/d53f532480bfbfa72ae7ae5ef7ef8f5b/element/f.9714F2348D0A698B9780435C77649C65.d.72282D866F2E488704599FC64391DBF1.e.1589/click - {}
RESULT: {}
RESULT: undefined
COMMAND: POST /session/d53f532480bfbfa72ae7ae5ef7ef8f5b/execute/async - {"script":"<script> [776 bytes]","args":[{"enterText":"300003","selector":{"controlType":"sap.m.SearchField","properties":{"placeholder":"Search"},"searchOpenDialogs":true,"interaction":{"idSuffix":"I"}},"clearTextFirst":true,"interactionType":"ENTER_TEXT"}]}
COMMAND: GET /session/d53f532480bfbfa72ae7ae5ef7ef8f5b/screenshot - {}
RESULT: {"script":"<script> [776 bytes]","args":[{"enterText":"300003","selector":{"controlType":"sap.m.SearchField","properties":{"placeholder":"Search"},"searchOpenDialogs":true,"interaction":{"idSuffix":"I"}},"clearTextFirst":true,"interactionType":"ENTER_TEXT"}]}
COMMAND: POST /session/d53f532480bfbfa72ae7ae5ef7ef8f5b/actions - {"actions":[{"id":"action4","type":"key","parameters":{},"actions":[{"type":"keyDown","value":""},{"type":"pause","duration":10},{"type":"keyUp","value":""}]}]}
RESULT: {}
RESULT: {"actions":[{"id":"action4","type":"key","parameters":{},"actions":[{"type":"keyDown","value":""},{"type":"pause","duration":10},{"type":"keyUp","value":""}]}]}
COMMAND: GET /session/d53f532480bfbfa72ae7ae5ef7ef8f5b/screenshot - {}
RESULT: {}
COMMAND: POST /session/d53f532480bfbfa72ae7ae5ef7ef8f5b/element - {"using":"xpath","value":"//span[contains(text(), \"300003\")]"}
RESULT: {"using":"xpath","value":"//span[contains(text(), \"300003\")]"}
COMMAND: POST /session/d53f532480bfbfa72ae7ae5ef7ef8f5b/element/f.9714F2348D0A698B9780435C77649C65.d.72282D866F2E488704599FC64391DBF1.e.1606/click - {}
RESULT: {}
COMMAND: GET /session/d53f532480bfbfa72ae7ae5ef7ef8f5b/screenshot - {}
RESULT: {}
COMMAND: POST /session/d53f532480bfbfa72ae7ae5ef7ef8f5b/element - {"using":"xpath","value":"//bdi[contains(text(), \"OK\")]"}
RESULT: {"using":"xpath","value":"//bdi[contains(text(), \"OK\")]"}
COMMAND: POST /session/d53f532480bfbfa72ae7ae5ef7ef8f5b/element/f.9714F2348D0A698B9780435C77649C65.d.72282D866F2E488704599FC64391DBF1.e.1608/click - {}
RESULT: {}
COMMAND: GET /session/d53f532480bfbfa72ae7ae5ef7ef8f5b/screenshot - {}
RESULT: {}
COMMAND: POST /session/d53f532480bfbfa72ae7ae5ef7ef8f5b/execute/async - {"script":"<script> [1562 bytes]","args":[{"selector":{"id":"application-managepartners-display-component---NewPartner--intercompVendorComboBox-application-managepartners-display-component---NewPartner--assignmentsTable-0-vhi"},"wdio_ui5_key":"applicationmanagepartners-display-component---NewPartner--intercompVendorComboBox-application-managepartners-display-component---NewPartner--assignmentsTable-0-vhi"}]}
RESULT: {"script":"<script> [1562 bytes]","args":[{"selector":{"id":"application-managepartners-display-component---NewPartner--intercompVendorComboBox-application-managepartners-display-component---NewPartner--assignmentsTable-0-vhi"},"wdio_ui5_key":"applicationmanagepartners-display-component---NewPartner--intercompVendorComboBox-application-managepartners-display-component---NewPartner--assignmentsTable-0-vhi"}]}
RESULT: undefined
COMMAND: POST /session/d53f532480bfbfa72ae7ae5ef7ef8f5b/element - {"using":"xpath","value":"//*[@id=\"application-managepartners-display-component---NewPartner--intercompVendorComboBox-application-managepartners-display-component---NewPartner--assignmentsTable-0-vhi\"]"}
RESULT: {"using":"xpath","value":"//*[@id=\"application-managepartners-display-component---NewPartner--intercompVendorComboBox-application-managepartners-display-component---NewPartner--assignmentsTable-0-vhi\"]"}
COMMAND: POST /session/d53f532480bfbfa72ae7ae5ef7ef8f5b/element/f.9714F2348D0A698B9780435C77649C65.d.72282D866F2E488704599FC64391DBF1.e.1612/click - {}
RESULT: {}
RESULT: undefined
COMMAND: POST /session/d53f532480bfbfa72ae7ae5ef7ef8f5b/execute/async - {"script":"<script> [776 bytes]","args":[{"enterText":"100005","selector":{"controlType":"sap.m.SearchField","properties":{"placeholder":"Search"},"searchOpenDialogs":true,"interaction":{"idSuffix":"I"}},"clearTextFirst":true,"interactionType":"ENTER_TEXT"}]}
COMMAND: GET /session/d53f532480bfbfa72ae7ae5ef7ef8f5b/screenshot - {}
RESULT: {"script":"<script> [776 bytes]","args":[{"enterText":"100005","selector":{"controlType":"sap.m.SearchField","properties":{"placeholder":"Search"},"searchOpenDialogs":true,"interaction":{"idSuffix":"I"}},"clearTextFirst":true,"interactionType":"ENTER_TEXT"}]}
COMMAND: POST /session/d53f532480bfbfa72ae7ae5ef7ef8f5b/actions - {"actions":[{"id":"action5","type":"key","parameters":{},"actions":[{"type":"keyDown","value":""},{"type":"pause","duration":10},{"type":"keyUp","value":""}]}]}
RESULT: {}
RESULT: {"actions":[{"id":"action5","type":"key","parameters":{},"actions":[{"type":"keyDown","value":""},{"type":"pause","duration":10},{"type":"keyUp","value":""}]}]}
COMMAND: GET /session/d53f532480bfbfa72ae7ae5ef7ef8f5b/screenshot - {}
RESULT: {}
COMMAND: POST /session/d53f532480bfbfa72ae7ae5ef7ef8f5b/element - {"using":"xpath","value":"//span[contains(text(), \"Penguins - Field/12345 Berlin\")]"}
RESULT: {"using":"xpath","value":"//span[contains(text(), \"Penguins - Field/12345 Berlin\")]"}
COMMAND: POST /session/d53f532480bfbfa72ae7ae5ef7ef8f5b/element/f.9714F2348D0A698B9780435C77649C65.d.72282D866F2E488704599FC64391DBF1.e.1628/click - {}
RESULT: {}
COMMAND: GET /session/d53f532480bfbfa72ae7ae5ef7ef8f5b/screenshot - {}
RESULT: {}
COMMAND: POST /session/d53f532480bfbfa72ae7ae5ef7ef8f5b/element - {"using":"xpath","value":"//bdi[contains(text(), \"OK\")]"}
RESULT: {"using":"xpath","value":"//bdi[contains(text(), \"OK\")]"}
COMMAND: POST /session/d53f532480bfbfa72ae7ae5ef7ef8f5b/element/f.9714F2348D0A698B9780435C77649C65.d.72282D866F2E488704599FC64391DBF1.e.1629/click - {}
RESULT: {}
COMMAND: GET /session/d53f532480bfbfa72ae7ae5ef7ef8f5b/screenshot - {}
RESULT: {}
COMMAND: POST /session/d53f532480bfbfa72ae7ae5ef7ef8f5b/element - {"using":"xpath","value":"//button[@data-kt=\"saveButton\"]"}
RESULT: {"using":"xpath","value":"//button[@data-kt=\"saveButton\"]"}
COMMAND: POST /session/d53f532480bfbfa72ae7ae5ef7ef8f5b/element/f.9714F2348D0A698B9780435C77649C65.d.72282D866F2E488704599FC64391DBF1.e.1483/click - {}
RESULT: {}
COMMAND: GET /session/d53f532480bfbfa72ae7ae5ef7ef8f5b/screenshot - {}
RESULT: {}
COMMAND: POST /session/d53f532480bfbfa72ae7ae5ef7ef8f5b/element - {"using":"xpath","value":"//header[contains(@id, 'ObjectPageLayout-headerTitle')]/div[1]/div[2]/div[2]/span[1]"}
RESULT: {"using":"xpath","value":"//header[contains(@id, 'ObjectPageLayout-headerTitle')]/div[1]/div[2]/div[2]/span[1]"}
COMMAND: POST /session/d53f532480bfbfa72ae7ae5ef7ef8f5b/elements - {"using":"xpath","value":"//header[contains(@id, 'ObjectPageLayout-headerTitle')]/div[1]/div[2]/div[2]/span[1]"}
RESULT: {"using":"xpath","value":"//header[contains(@id, 'ObjectPageLayout-headerTitle')]/div[1]/div[2]/div[2]/span[1]"}
COMMAND: POST /session/d53f532480bfbfa72ae7ae5ef7ef8f5b/execute/sync - {"script":"<script> [56 bytes]","args":[{"element-6066-11e4-a52e-4f735466cecf":"f.9714F2348D0A698B9780435C77649C65.d.72282D866F2E488704599FC64391DBF1.e.1795","ELEMENT":"f.9714F2348D0A698B9780435C77649C65.d.72282D866F2E488704599FC64391DBF1.e.1795"}]}
RESULT: {"script":"<script> [56 bytes]","args":[{"element-6066-11e4-a52e-4f735466cecf":"f.9714F2348D0A698B9780435C77649C65.d.72282D866F2E488704599FC64391DBF1.e.1795","ELEMENT":"f.9714F2348D0A698B9780435C77649C65.d.72282D866F2E488704599FC64391DBF1.e.1795"}]}
COMMAND: POST /session/d53f532480bfbfa72ae7ae5ef7ef8f5b/element - {"using":"css selector","value":"#shell-header-logo"}
COMMAND: GET /session/d53f532480bfbfa72ae7ae5ef7ef8f5b/screenshot - {}
RESULT: {"using":"css selector","value":"#shell-header-logo"}
COMMAND: POST /session/d53f532480bfbfa72ae7ae5ef7ef8f5b/element/f.9714F2348D0A698B9780435C77649C65.d.72282D866F2E488704599FC64391DBF1.e.1012/click - {}
RESULT: {}
RESULT: {}
COMMAND: GET /session/d53f532480bfbfa72ae7ae5ef7ef8f5b/screenshot - {}
RESULT: {}
COMMAND: POST /session/d53f532480bfbfa72ae7ae5ef7ef8f5b/execute/sync - {"script":"<script> [299 bytes]","args":[["getModel","getResource"]]}
RESULT: {"script":"<script> [299 bytes]","args":[["getModel","getResource"]]}
COMMAND: GET /session/d53f532480bfbfa72ae7ae5ef7ef8f5b/screenshot - {}
]]></system-out>
    </testcase>
    <testcase classname="chrome.135_0_7049_42.windows.Billing_Transfer_-_Master_data_&amp;_Intercompany_US127250" name="Should create a new site" time="124.5">
      <system-out><![CDATA[
COMMAND: POST /session/d53f532480bfbfa72ae7ae5ef7ef8f5b/execute/async - {"script":"<script> [1562 bytes]","args":[{"selector":{"controlType":"sap.m.TileContent","bindingPath":{"path":"","propertyPath":"/properties/info"},"ancestor":{"controlType":"sap.m.GenericTile","properties":{"header":"Manage Sites"}}},"wdio_ui5_key":"sapm.TileContent{\"path\":\"\",\"propertyPath\":\"/properties/info\"}{\"controlType\":\"sap.m.GenericTile\",\"properties\":{\"header\":\"Manage Sites\"}}"}]}
RESULT: {}
RESULT: {"script":"<script> [1562 bytes]","args":[{"selector":{"controlType":"sap.m.TileContent","bindingPath":{"path":"","propertyPath":"/properties/info"},"ancestor":{"controlType":"sap.m.GenericTile","properties":{"header":"Manage Sites"}}},"wdio_ui5_key":"sapm.TileContent{\"path\":\"\",\"propertyPath\":\"/properties/info\"}{\"controlType\":\"sap.m.GenericTile\",\"properties\":{\"header\":\"Manage Sites\"}}"}]}
RESULT: undefined
COMMAND: POST /session/d53f532480bfbfa72ae7ae5ef7ef8f5b/element - {"using":"xpath","value":"//*[@id=\"__xmlview7--numericTileContent\"]"}
RESULT: {"using":"xpath","value":"//*[@id=\"__xmlview7--numericTileContent\"]"}
COMMAND: POST /session/d53f532480bfbfa72ae7ae5ef7ef8f5b/element/f.9714F2348D0A698B9780435C77649C65.d.72282D866F2E488704599FC64391DBF1.e.1797/click - {}
RESULT: {}
COMMAND: POST /session/d53f532480bfbfa72ae7ae5ef7ef8f5b/element - {"using":"xpath","value":"//button[@data-kt=\"addOverflowToolbarButton\"]"}
COMMAND: GET /session/d53f532480bfbfa72ae7ae5ef7ef8f5b/screenshot - {}
RESULT: {"using":"xpath","value":"//button[@data-kt=\"addOverflowToolbarButton\"]"}
COMMAND: POST /session/d53f532480bfbfa72ae7ae5ef7ef8f5b/elements - {"using":"xpath","value":"//button[@data-kt=\"addOverflowToolbarButton\"]"}
RESULT: {}
RESULT: {"using":"xpath","value":"//button[@data-kt=\"addOverflowToolbarButton\"]"}
COMMAND: POST /session/d53f532480bfbfa72ae7ae5ef7ef8f5b/elements - {"using":"xpath","value":"//button[@data-kt=\"addOverflowToolbarButton\"]"}
RESULT: {"using":"xpath","value":"//button[@data-kt=\"addOverflowToolbarButton\"]"}
COMMAND: POST /session/d53f532480bfbfa72ae7ae5ef7ef8f5b/elements - {"using":"xpath","value":"//button[@data-kt=\"addOverflowToolbarButton\"]"}
RESULT: {"using":"xpath","value":"//button[@data-kt=\"addOverflowToolbarButton\"]"}
COMMAND: POST /session/d53f532480bfbfa72ae7ae5ef7ef8f5b/elements - {"using":"xpath","value":"//button[@data-kt=\"addOverflowToolbarButton\"]"}
RESULT: {"using":"xpath","value":"//button[@data-kt=\"addOverflowToolbarButton\"]"}
COMMAND: POST /session/d53f532480bfbfa72ae7ae5ef7ef8f5b/element - {"using":"xpath","value":"//button[@data-kt=\"addOverflowToolbarButton\"]"}
RESULT: {"using":"xpath","value":"//button[@data-kt=\"addOverflowToolbarButton\"]"}
COMMAND: POST /session/d53f532480bfbfa72ae7ae5ef7ef8f5b/execute/sync - {"script":"<script> [8489 bytes]","args":[{"element-6066-11e4-a52e-4f735466cecf":"f.9714F2348D0A698B9780435C77649C65.d.72282D866F2E488704599FC64391DBF1.e.1844","ELEMENT":"f.9714F2348D0A698B9780435C77649C65.d.72282D866F2E488704599FC64391DBF1.e.1844"}]}
RESULT: {"script":"<script> [8489 bytes]","args":[{"element-6066-11e4-a52e-4f735466cecf":"f.9714F2348D0A698B9780435C77649C65.d.72282D866F2E488704599FC64391DBF1.e.1844","ELEMENT":"f.9714F2348D0A698B9780435C77649C65.d.72282D866F2E488704599FC64391DBF1.e.1844"}]}
COMMAND: GET /session/d53f532480bfbfa72ae7ae5ef7ef8f5b/element/f.9714F2348D0A698B9780435C77649C65.d.72282D866F2E488704599FC64391DBF1.e.1844/enabled - {}
COMMAND: GET /session/d53f532480bfbfa72ae7ae5ef7ef8f5b/screenshot - {}
RESULT: {}
COMMAND: POST /session/d53f532480bfbfa72ae7ae5ef7ef8f5b/execute/sync - {"script":"<script> [8489 bytes]","args":[{"element-6066-11e4-a52e-4f735466cecf":"f.9714F2348D0A698B9780435C77649C65.d.72282D866F2E488704599FC64391DBF1.e.1844","ELEMENT":"f.9714F2348D0A698B9780435C77649C65.d.72282D866F2E488704599FC64391DBF1.e.1844"}]}
COMMAND: GET /session/d53f532480bfbfa72ae7ae5ef7ef8f5b/screenshot - {}
RESULT: {}
RESULT: {"script":"<script> [8489 bytes]","args":[{"element-6066-11e4-a52e-4f735466cecf":"f.9714F2348D0A698B9780435C77649C65.d.72282D866F2E488704599FC64391DBF1.e.1844","ELEMENT":"f.9714F2348D0A698B9780435C77649C65.d.72282D866F2E488704599FC64391DBF1.e.1844"}]}
COMMAND: POST /session/d53f532480bfbfa72ae7ae5ef7ef8f5b/execute/sync - {"script":"<script> [5351 bytes]","args":[{"element-6066-11e4-a52e-4f735466cecf":"f.9714F2348D0A698B9780435C77649C65.d.72282D866F2E488704599FC64391DBF1.e.1844","ELEMENT":"f.9714F2348D0A698B9780435C77649C65.d.72282D866F2E488704599FC64391DBF1.e.1844"}]}
COMMAND: GET /session/d53f532480bfbfa72ae7ae5ef7ef8f5b/screenshot - {}
RESULT: {}
RESULT: {"script":"<script> [5351 bytes]","args":[{"element-6066-11e4-a52e-4f735466cecf":"f.9714F2348D0A698B9780435C77649C65.d.72282D866F2E488704599FC64391DBF1.e.1844","ELEMENT":"f.9714F2348D0A698B9780435C77649C65.d.72282D866F2E488704599FC64391DBF1.e.1844"}]}
COMMAND: POST /session/d53f532480bfbfa72ae7ae5ef7ef8f5b/element/f.9714F2348D0A698B9780435C77649C65.d.72282D866F2E488704599FC64391DBF1.e.1844/click - {}
COMMAND: GET /session/d53f532480bfbfa72ae7ae5ef7ef8f5b/screenshot - {}
RESULT: {}
RESULT: {}
COMMAND: GET /session/d53f532480bfbfa72ae7ae5ef7ef8f5b/screenshot - {}
RESULT: {}
RESULT: {}
COMMAND: POST /session/d53f532480bfbfa72ae7ae5ef7ef8f5b/execute/async - {"script":"<script> [1562 bytes]","args":[{"selector":{"id":"application-managesites-display-component---NewSite--addressDetailDetailsName1","interaction":{"idSuffix":"inner"}},"wdio_ui5_key":"applicationmanagesites-display-component---NewSite--addressDetailDetailsName1"}]}
RESULT: {"script":"<script> [1562 bytes]","args":[{"selector":{"id":"application-managesites-display-component---NewSite--addressDetailDetailsName1","interaction":{"idSuffix":"inner"}},"wdio_ui5_key":"applicationmanagesites-display-component---NewSite--addressDetailDetailsName1"}]}
RESULT: undefined
COMMAND: POST /session/d53f532480bfbfa72ae7ae5ef7ef8f5b/execute/async - {"script":"<script> [776 bytes]","args":[{"enterText":"Intercompany Site wdIO","selector":{"id":"application-managesites-display-component---NewSite--addressDetailDetailsName1","interaction":{"idSuffix":"inner"}},"clearTextFirst":true,"interactionType":"ENTER_TEXT"}]}
RESULT: {"script":"<script> [776 bytes]","args":[{"enterText":"Intercompany Site wdIO","selector":{"id":"application-managesites-display-component---NewSite--addressDetailDetailsName1","interaction":{"idSuffix":"inner"}},"clearTextFirst":true,"interactionType":"ENTER_TEXT"}]}
COMMAND: POST /session/d53f532480bfbfa72ae7ae5ef7ef8f5b/execute/async - {"script":"<script> [1562 bytes]","args":[{"selector":{"id":"application-managesites-display-component---NewSite--addressDetailDetailsLanguage-arrow"},"wdio_ui5_key":"applicationmanagesites-display-component---NewSite--addressDetailDetailsLanguage-arrow"}]}
RESULT: {"script":"<script> [1562 bytes]","args":[{"selector":{"id":"application-managesites-display-component---NewSite--addressDetailDetailsLanguage-arrow"},"wdio_ui5_key":"applicationmanagesites-display-component---NewSite--addressDetailDetailsLanguage-arrow"}]}
RESULT: undefined
COMMAND: POST /session/d53f532480bfbfa72ae7ae5ef7ef8f5b/element - {"using":"xpath","value":"//*[@id=\"application-managesites-display-component---NewSite--addressDetailDetailsLanguage-arrow\"]"}
RESULT: {"using":"xpath","value":"//*[@id=\"application-managesites-display-component---NewSite--addressDetailDetailsLanguage-arrow\"]"}
COMMAND: POST /session/d53f532480bfbfa72ae7ae5ef7ef8f5b/element/f.9714F2348D0A698B9780435C77649C65.d.72282D866F2E488704599FC64391DBF1.e.2249/click - {}
RESULT: {}
COMMAND: POST /session/d53f532480bfbfa72ae7ae5ef7ef8f5b/element - {"using":"xpath","value":"//span[contains(text(), \"English\")]"}
COMMAND: GET /session/d53f532480bfbfa72ae7ae5ef7ef8f5b/screenshot - {}
RESULT: {"using":"xpath","value":"//span[contains(text(), \"English\")]"}
COMMAND: POST /session/d53f532480bfbfa72ae7ae5ef7ef8f5b/element/f.9714F2348D0A698B9780435C77649C65.d.72282D866F2E488704599FC64391DBF1.e.2250/click - {}
RESULT: {}
RESULT: {}
COMMAND: POST /session/d53f532480bfbfa72ae7ae5ef7ef8f5b/execute/async - {"script":"<script> [1562 bytes]","args":[{"selector":{"id":"application-managesites-display-component---NewSite--addressDetailDetailsCity1","interaction":{"idSuffix":"inner"}},"wdio_ui5_key":"applicationmanagesites-display-component---NewSite--addressDetailDetailsCity1"}]}
COMMAND: GET /session/d53f532480bfbfa72ae7ae5ef7ef8f5b/screenshot - {}
RESULT: {"script":"<script> [1562 bytes]","args":[{"selector":{"id":"application-managesites-display-component---NewSite--addressDetailDetailsCity1","interaction":{"idSuffix":"inner"}},"wdio_ui5_key":"applicationmanagesites-display-component---NewSite--addressDetailDetailsCity1"}]}
RESULT: undefined
COMMAND: POST /session/d53f532480bfbfa72ae7ae5ef7ef8f5b/execute/async - {"script":"<script> [776 bytes]","args":[{"enterText":"Rosario","selector":{"id":"application-managesites-display-component---NewSite--addressDetailDetailsCity1","interaction":{"idSuffix":"inner"}},"clearTextFirst":true,"interactionType":"ENTER_TEXT"}]}
RESULT: {}
RESULT: {"script":"<script> [776 bytes]","args":[{"enterText":"Rosario","selector":{"id":"application-managesites-display-component---NewSite--addressDetailDetailsCity1","interaction":{"idSuffix":"inner"}},"clearTextFirst":true,"interactionType":"ENTER_TEXT"}]}
COMMAND: POST /session/d53f532480bfbfa72ae7ae5ef7ef8f5b/execute/async - {"script":"<script> [1562 bytes]","args":[{"selector":{"id":"application-managesites-display-component---NewSite--addressDetailDetailsCountry-arrow"},"wdio_ui5_key":"applicationmanagesites-display-component---NewSite--addressDetailDetailsCountry-arrow"}]}
RESULT: {"script":"<script> [1562 bytes]","args":[{"selector":{"id":"application-managesites-display-component---NewSite--addressDetailDetailsCountry-arrow"},"wdio_ui5_key":"applicationmanagesites-display-component---NewSite--addressDetailDetailsCountry-arrow"}]}
RESULT: undefined
COMMAND: POST /session/d53f532480bfbfa72ae7ae5ef7ef8f5b/element - {"using":"xpath","value":"//*[@id=\"application-managesites-display-component---NewSite--addressDetailDetailsCountry-arrow\"]"}
RESULT: {"using":"xpath","value":"//*[@id=\"application-managesites-display-component---NewSite--addressDetailDetailsCountry-arrow\"]"}
COMMAND: POST /session/d53f532480bfbfa72ae7ae5ef7ef8f5b/element/f.9714F2348D0A698B9780435C77649C65.d.72282D866F2E488704599FC64391DBF1.e.2252/click - {}
RESULT: {}
COMMAND: POST /session/d53f532480bfbfa72ae7ae5ef7ef8f5b/element - {"using":"xpath","value":"//span[contains(text(), \"Argentina\")]"}
COMMAND: GET /session/d53f532480bfbfa72ae7ae5ef7ef8f5b/screenshot - {}
RESULT: {"using":"xpath","value":"//span[contains(text(), \"Argentina\")]"}
COMMAND: POST /session/d53f532480bfbfa72ae7ae5ef7ef8f5b/element/f.9714F2348D0A698B9780435C77649C65.d.72282D866F2E488704599FC64391DBF1.e.2253/click - {}
RESULT: {}
RESULT: {}
COMMAND: GET /session/d53f532480bfbfa72ae7ae5ef7ef8f5b/screenshot - {}
RESULT: {}
COMMAND: POST /session/d53f532480bfbfa72ae7ae5ef7ef8f5b/execute/async - {"script":"<script> [1562 bytes]","args":[{"selector":{"id":"application-managesites-display-component---NewSite--addressEditDetailsCostObjectCstType-arrow"},"wdio_ui5_key":"applicationmanagesites-display-component---NewSite--addressEditDetailsCostObjectCstType-arrow"}]}
RESULT: {"script":"<script> [1562 bytes]","args":[{"selector":{"id":"application-managesites-display-component---NewSite--addressEditDetailsCostObjectCstType-arrow"},"wdio_ui5_key":"applicationmanagesites-display-component---NewSite--addressEditDetailsCostObjectCstType-arrow"}]}
RESULT: undefined
COMMAND: POST /session/d53f532480bfbfa72ae7ae5ef7ef8f5b/element - {"using":"xpath","value":"//*[@id=\"application-managesites-display-component---NewSite--addressEditDetailsCostObjectCstType-arrow\"]"}
RESULT: {"using":"xpath","value":"//*[@id=\"application-managesites-display-component---NewSite--addressEditDetailsCostObjectCstType-arrow\"]"}
COMMAND: POST /session/d53f532480bfbfa72ae7ae5ef7ef8f5b/element/f.9714F2348D0A698B9780435C77649C65.d.72282D866F2E488704599FC64391DBF1.e.2255/click - {}
RESULT: {}
COMMAND: POST /session/d53f532480bfbfa72ae7ae5ef7ef8f5b/element - {"using":"xpath","value":"//span[contains(text(), \"Cost Center\")]"}
COMMAND: GET /session/d53f532480bfbfa72ae7ae5ef7ef8f5b/screenshot - {}
RESULT: {}
RESULT: {"using":"xpath","value":"//span[contains(text(), \"Cost Center\")]"}
COMMAND: POST /session/d53f532480bfbfa72ae7ae5ef7ef8f5b/element/f.9714F2348D0A698B9780435C77649C65.d.72282D866F2E488704599FC64391DBF1.e.2257/click - {}
RESULT: {}
COMMAND: GET /session/d53f532480bfbfa72ae7ae5ef7ef8f5b/screenshot - {}
RESULT: {}
COMMAND: POST /session/d53f532480bfbfa72ae7ae5ef7ef8f5b/element - {"using":"xpath","value":"//span[@id=\"application-managesites-display-component---NewSite--addressNewCostObjectCstID-vhi\"]"}
RESULT: {"using":"xpath","value":"//span[@id=\"application-managesites-display-component---NewSite--addressNewCostObjectCstID-vhi\"]"}
COMMAND: POST /session/d53f532480bfbfa72ae7ae5ef7ef8f5b/execute/sync - {"script":"<script> [8489 bytes]","args":[{"element-6066-11e4-a52e-4f735466cecf":"f.9714F2348D0A698B9780435C77649C65.d.72282D866F2E488704599FC64391DBF1.e.2260","ELEMENT":"f.9714F2348D0A698B9780435C77649C65.d.72282D866F2E488704599FC64391DBF1.e.2260"}]}
RESULT: {"script":"<script> [8489 bytes]","args":[{"element-6066-11e4-a52e-4f735466cecf":"f.9714F2348D0A698B9780435C77649C65.d.72282D866F2E488704599FC64391DBF1.e.2260","ELEMENT":"f.9714F2348D0A698B9780435C77649C65.d.72282D866F2E488704599FC64391DBF1.e.2260"}]}
COMMAND: POST /session/d53f532480bfbfa72ae7ae5ef7ef8f5b/execute/async - {"script":"<script> [1562 bytes]","args":[{"selector":{"id":"application-managesites-display-component---NewSite--addressNewCostObjectCstID-vhi"},"wdio_ui5_key":"applicationmanagesites-display-component---NewSite--addressNewCostObjectCstID-vhi"}]}
COMMAND: GET /session/d53f532480bfbfa72ae7ae5ef7ef8f5b/screenshot - {}
RESULT: {"script":"<script> [1562 bytes]","args":[{"selector":{"id":"application-managesites-display-component---NewSite--addressNewCostObjectCstID-vhi"},"wdio_ui5_key":"applicationmanagesites-display-component---NewSite--addressNewCostObjectCstID-vhi"}]}
RESULT: undefined
COMMAND: POST /session/d53f532480bfbfa72ae7ae5ef7ef8f5b/element - {"using":"xpath","value":"//*[@id=\"application-managesites-display-component---NewSite--addressNewCostObjectCstID-vhi\"]"}
RESULT: {}
RESULT: {"using":"xpath","value":"//*[@id=\"application-managesites-display-component---NewSite--addressNewCostObjectCstID-vhi\"]"}
COMMAND: POST /session/d53f532480bfbfa72ae7ae5ef7ef8f5b/element/f.9714F2348D0A698B9780435C77649C65.d.72282D866F2E488704599FC64391DBF1.e.2260/click - {}
RESULT: {}
COMMAND: GET /session/d53f532480bfbfa72ae7ae5ef7ef8f5b/screenshot - {}
RESULT: {}
RESULT: undefined
COMMAND: POST /session/d53f532480bfbfa72ae7ae5ef7ef8f5b/execute/async - {"script":"<script> [776 bytes]","args":[{"enterText":"10001013","selector":{"controlType":"sap.m.SearchField","properties":{"placeholder":"Search"},"searchOpenDialogs":true,"interaction":{"idSuffix":"I"}},"clearTextFirst":true,"interactionType":"ENTER_TEXT"}]}
RESULT: {"script":"<script> [776 bytes]","args":[{"enterText":"10001013","selector":{"controlType":"sap.m.SearchField","properties":{"placeholder":"Search"},"searchOpenDialogs":true,"interaction":{"idSuffix":"I"}},"clearTextFirst":true,"interactionType":"ENTER_TEXT"}]}
COMMAND: POST /session/d53f532480bfbfa72ae7ae5ef7ef8f5b/actions - {"actions":[{"id":"action6","type":"key","parameters":{},"actions":[{"type":"keyDown","value":""},{"type":"pause","duration":10},{"type":"keyUp","value":""}]}]}
RESULT: {"actions":[{"id":"action6","type":"key","parameters":{},"actions":[{"type":"keyDown","value":""},{"type":"pause","duration":10},{"type":"keyUp","value":""}]}]}
COMMAND: GET /session/d53f532480bfbfa72ae7ae5ef7ef8f5b/screenshot - {}
RESULT: {}
COMMAND: POST /session/d53f532480bfbfa72ae7ae5ef7ef8f5b/element - {"using":"xpath","value":"//span[contains(text(), \"General Management\")]"}
RESULT: {"using":"xpath","value":"//span[contains(text(), \"General Management\")]"}
COMMAND: POST /session/d53f532480bfbfa72ae7ae5ef7ef8f5b/element/f.9714F2348D0A698B9780435C77649C65.d.72282D866F2E488704599FC64391DBF1.e.2300/click - {}
RESULT: {}
COMMAND: GET /session/d53f532480bfbfa72ae7ae5ef7ef8f5b/screenshot - {}
RESULT: {}
COMMAND: POST /session/d53f532480bfbfa72ae7ae5ef7ef8f5b/element - {"using":"xpath","value":"//bdi[contains(text(), \"OK\")]"}
RESULT: {"using":"xpath","value":"//bdi[contains(text(), \"OK\")]"}
COMMAND: POST /session/d53f532480bfbfa72ae7ae5ef7ef8f5b/element/f.9714F2348D0A698B9780435C77649C65.d.72282D866F2E488704599FC64391DBF1.e.2301/click - {}
RESULT: {}
COMMAND: GET /session/d53f532480bfbfa72ae7ae5ef7ef8f5b/screenshot - {}
RESULT: {}
COMMAND: POST /session/d53f532480bfbfa72ae7ae5ef7ef8f5b/element - {"using":"xpath","value":"//input[@id=\"application-managesites-display-component---NewSite--addressDetailDetailsCalendar-inner\"]"}
RESULT: {"using":"xpath","value":"//input[@id=\"application-managesites-display-component---NewSite--addressDetailDetailsCalendar-inner\"]"}
COMMAND: POST /session/d53f532480bfbfa72ae7ae5ef7ef8f5b/element/f.9714F2348D0A698B9780435C77649C65.d.72282D866F2E488704599FC64391DBF1.e.2049/clear - {}
RESULT: {}
COMMAND: POST /session/d53f532480bfbfa72ae7ae5ef7ef8f5b/element/f.9714F2348D0A698B9780435C77649C65.d.72282D866F2E488704599FC64391DBF1.e.2049/value - {"text":"Unit"}
COMMAND: GET /session/d53f532480bfbfa72ae7ae5ef7ef8f5b/screenshot - {}
RESULT: {"text":"Unit"}
COMMAND: GET /session/d53f532480bfbfa72ae7ae5ef7ef8f5b/screenshot - {}
RESULT: {}
RESULT: {}
COMMAND: POST /session/d53f532480bfbfa72ae7ae5ef7ef8f5b/actions - {"actions":[{"id":"action7","type":"key","parameters":{},"actions":[{"type":"keyDown","value":""},{"type":"pause","duration":10},{"type":"keyUp","value":""}]}]}
RESULT: {"actions":[{"id":"action7","type":"key","parameters":{},"actions":[{"type":"keyDown","value":""},{"type":"pause","duration":10},{"type":"keyUp","value":""}]}]}
COMMAND: POST /session/d53f532480bfbfa72ae7ae5ef7ef8f5b/element - {"using":"xpath","value":"//input[@id=\"application-managesites-display-component---NewSite--addressDetailDetailsYard-inner\"]"}
COMMAND: GET /session/d53f532480bfbfa72ae7ae5ef7ef8f5b/screenshot - {}
RESULT: {"using":"xpath","value":"//input[@id=\"application-managesites-display-component---NewSite--addressDetailDetailsYard-inner\"]"}
COMMAND: POST /session/d53f532480bfbfa72ae7ae5ef7ef8f5b/element/f.9714F2348D0A698B9780435C77649C65.d.72282D866F2E488704599FC64391DBF1.e.2050/clear - {}
RESULT: {}
RESULT: {}
COMMAND: POST /session/d53f532480bfbfa72ae7ae5ef7ef8f5b/element/f.9714F2348D0A698B9780435C77649C65.d.72282D866F2E488704599FC64391DBF1.e.2050/value - {"text":"711"}
COMMAND: GET /session/d53f532480bfbfa72ae7ae5ef7ef8f5b/screenshot - {}
RESULT: {"text":"711"}
COMMAND: GET /session/d53f532480bfbfa72ae7ae5ef7ef8f5b/screenshot - {}
RESULT: {}
RESULT: {}
COMMAND: POST /session/d53f532480bfbfa72ae7ae5ef7ef8f5b/element - {"using":"xpath","value":"//li[.//span[text()='711']]"}
RESULT: {"using":"xpath","value":"//li[.//span[text()='711']]"}
COMMAND: POST /session/d53f532480bfbfa72ae7ae5ef7ef8f5b/element/f.9714F2348D0A698B9780435C77649C65.d.72282D866F2E488704599FC64391DBF1.e.2309/click - {}
RESULT: {}
COMMAND: GET /session/d53f532480bfbfa72ae7ae5ef7ef8f5b/screenshot - {}
RESULT: {}
COMMAND: POST /session/d53f532480bfbfa72ae7ae5ef7ef8f5b/element - {"using":"xpath","value":"//input[@id=\"application-managesites-display-component---NewSite--addressDetailDetailsPartner-inner\"]"}
RESULT: {"using":"xpath","value":"//input[@id=\"application-managesites-display-component---NewSite--addressDetailDetailsPartner-inner\"]"}
COMMAND: POST /session/d53f532480bfbfa72ae7ae5ef7ef8f5b/element - {"using":"xpath","value":"//input[@id=\"application-managesites-display-component---NewSite--addressDetailDetailsPartner-inner\"]"}
RESULT: {"using":"xpath","value":"//input[@id=\"application-managesites-display-component---NewSite--addressDetailDetailsPartner-inner\"]"}
COMMAND: POST /session/d53f532480bfbfa72ae7ae5ef7ef8f5b/element - {"using":"xpath","value":"//button[@data-kt=\"saveButton\"]"}
RESULT: {"using":"xpath","value":"//button[@data-kt=\"saveButton\"]"}
COMMAND: POST /session/d53f532480bfbfa72ae7ae5ef7ef8f5b/element/f.9714F2348D0A698B9780435C77649C65.d.72282D866F2E488704599FC64391DBF1.e.2234/click - {}
RESULT: {}
COMMAND: GET /session/d53f532480bfbfa72ae7ae5ef7ef8f5b/screenshot - {}
RESULT: {}
COMMAND: POST /session/d53f532480bfbfa72ae7ae5ef7ef8f5b/element - {"using":"xpath","value":"//header[contains(@id, 'ObjectPageLayout-headerTitle')]/div[1]/div[2]/div[2]/span[1]"}
RESULT: {"using":"xpath","value":"//header[contains(@id, 'ObjectPageLayout-headerTitle')]/div[1]/div[2]/div[2]/span[1]"}
COMMAND: POST /session/d53f532480bfbfa72ae7ae5ef7ef8f5b/elements - {"using":"xpath","value":"//header[contains(@id, 'ObjectPageLayout-headerTitle')]/div[1]/div[2]/div[2]/span[1]"}
RESULT: {"using":"xpath","value":"//header[contains(@id, 'ObjectPageLayout-headerTitle')]/div[1]/div[2]/div[2]/span[1]"}
COMMAND: POST /session/d53f532480bfbfa72ae7ae5ef7ef8f5b/execute/sync - {"script":"<script> [56 bytes]","args":[{"element-6066-11e4-a52e-4f735466cecf":"f.9714F2348D0A698B9780435C77649C65.d.72282D866F2E488704599FC64391DBF1.e.2514","ELEMENT":"f.9714F2348D0A698B9780435C77649C65.d.72282D866F2E488704599FC64391DBF1.e.2514"}]}
RESULT: {"script":"<script> [56 bytes]","args":[{"element-6066-11e4-a52e-4f735466cecf":"f.9714F2348D0A698B9780435C77649C65.d.72282D866F2E488704599FC64391DBF1.e.2514","ELEMENT":"f.9714F2348D0A698B9780435C77649C65.d.72282D866F2E488704599FC64391DBF1.e.2514"}]}
COMMAND: POST /session/d53f532480bfbfa72ae7ae5ef7ef8f5b/element - {"using":"css selector","value":"#shell-header-logo"}
COMMAND: GET /session/d53f532480bfbfa72ae7ae5ef7ef8f5b/screenshot - {}
RESULT: {"using":"css selector","value":"#shell-header-logo"}
COMMAND: POST /session/d53f532480bfbfa72ae7ae5ef7ef8f5b/element/f.9714F2348D0A698B9780435C77649C65.d.72282D866F2E488704599FC64391DBF1.e.1802/click - {}
RESULT: {}
RESULT: {}
COMMAND: GET /session/d53f532480bfbfa72ae7ae5ef7ef8f5b/screenshot - {}
RESULT: {}
COMMAND: POST /session/d53f532480bfbfa72ae7ae5ef7ef8f5b/execute/sync - {"script":"<script> [299 bytes]","args":[["getModel","getResource"]]}
RESULT: {"script":"<script> [299 bytes]","args":[["getModel","getResource"]]}
COMMAND: POST /session/d53f532480bfbfa72ae7ae5ef7ef8f5b/element - {"using":"xpath","value":"//button[.//bdi[contains(text(), \"Close\")]]"}
COMMAND: GET /session/d53f532480bfbfa72ae7ae5ef7ef8f5b/screenshot - {}
RESULT: {"using":"xpath","value":"//button[.//bdi[contains(text(), \"Close\")]]"}
COMMAND: POST /session/d53f532480bfbfa72ae7ae5ef7ef8f5b/element/f.9714F2348D0A698B9780435C77649C65.d.72282D866F2E488704599FC64391DBF1.e.2516/click - {}
RESULT: {}
RESULT: {}
COMMAND: GET /session/d53f532480bfbfa72ae7ae5ef7ef8f5b/screenshot - {}
RESULT: {}
COMMAND: POST /session/d53f532480bfbfa72ae7ae5ef7ef8f5b/refresh - {}
RESULT: {}
COMMAND: GET /session/d53f532480bfbfa72ae7ae5ef7ef8f5b/screenshot - {}
RESULT: {}
COMMAND: POST /session/d53f532480bfbfa72ae7ae5ef7ef8f5b/refresh - {}
RESULT: {}
COMMAND: GET /session/d53f532480bfbfa72ae7ae5ef7ef8f5b/screenshot - {}
RESULT: {}
COMMAND: POST /session/d53f532480bfbfa72ae7ae5ef7ef8f5b/window/fullscreen - {}
RESULT: {}
COMMAND: POST /session/d53f532480bfbfa72ae7ae5ef7ef8f5b/execute/async - {"script":"<script> [189 bytes]","args":[]}
RESULT: {"script":"<script> [189 bytes]","args":[]}
COMMAND: POST /session/d53f532480bfbfa72ae7ae5ef7ef8f5b/execute/async - {"script":"<script> [123 bytes]","args":[]}
RESULT: {"script":"<script> [123 bytes]","args":[]}
COMMAND: POST /session/d53f532480bfbfa72ae7ae5ef7ef8f5b/timeouts - {"script":"<number>"}
RESULT: {"script":"<number>"}
COMMAND: GET /session/d53f532480bfbfa72ae7ae5ef7ef8f5b/timeouts - {}
RESULT: {}
RESULT: undefined
COMMAND: POST /session/d53f532480bfbfa72ae7ae5ef7ef8f5b/execute/async - {"script":"<script> [2676 bytes]","args":[]}
RESULT: {"script":"<script> [2676 bytes]","args":[]}
COMMAND: POST /session/d53f532480bfbfa72ae7ae5ef7ef8f5b/execute/async - {"script":"<script> [2342 bytes]","args":[{"protocol":"http","hostname":"0.0.0.0","path":"/","capabilities":{"browserName":"chrome","goog:chromeOptions":{"binary":"C:\\Program Files\\Google\\Chrome\\Application\\chrome.exe","args":["--start-maximized"]}},"logLevel":"warn","connectionRetryTimeout":120000,"connectionRetryCount":3,"logLevels":{},"enableDirectConnect":true,"strictSSL":true,"_":"65 more keys: [\"cacheDir\",\"port\",\"requestedCapabilities\",\"automationProtocol\",\"baseUrl\",\"waitforInterval\",\"waitforTimeout\",\"onReload\",\"beforeCommand\",\"afterCommand\",\"rootDir\",\"specs\",\"suites\",\"exclude\",\"groupLogsByTestSpec\",\"excludeDriverLogs\",\"bail\",\"framework\",\"reporters\",\"services\",\"maxInstances\",\"maxInstancesPerCapability\",\"injectGlobals\",\"filesToWatch\",\"execArgv\",\"runnerEnv\",\"runner\",\"shard\",\"specFileRetries\",\"specFileRetriesDelay\",\"specFileRetriesDeferred\",\"reporterSyncInterval\",\"reporterSyncTimeout\",\"cucumberFeaturesWithLineNumbers\",\"autoCompileOpts\",\"mochaOpts\",\"jasmineOpts\",\"cucumberOpts\",\"onPrepare\",\"onWorkerStart\",\"onWorkerEnd\",\"before\",\"beforeSession\",\"beforeSuite\",\"beforeHook\",\"beforeTest\",\"afterTest\",\"afterHook\",\"afterSuite\",\"afterSession\",\"after\",\"onComplete\",\"beforeAssertion\",\"afterAssertion\",\"beforeFeature\",\"beforeScenario\",\"beforeStep\",\"afterStep\",\"afterScenario\",\"afterFeature\",\"_\",\"suite\",\"$0\",\"ignoredWorkerServices\",\"wdi5\"]"}]}
RESULT: {"script":"<script> [2342 bytes]","args":[{"protocol":"http","hostname":"0.0.0.0","path":"/","capabilities":{"browserName":"chrome","goog:chromeOptions":{"binary":"C:\\Program Files\\Google\\Chrome\\Application\\chrome.exe","args":["--start-maximized"]}},"logLevel":"warn","connectionRetryTimeout":120000,"connectionRetryCount":3,"logLevels":{},"enableDirectConnect":true,"strictSSL":true,"_":"65 more keys: [\"cacheDir\",\"port\",\"requestedCapabilities\",\"automationProtocol\",\"baseUrl\",\"waitforInterval\",\"waitforTimeout\",\"onReload\",\"beforeCommand\",\"afterCommand\",\"rootDir\",\"specs\",\"suites\",\"exclude\",\"groupLogsByTestSpec\",\"excludeDriverLogs\",\"bail\",\"framework\",\"reporters\",\"services\",\"maxInstances\",\"maxInstancesPerCapability\",\"injectGlobals\",\"filesToWatch\",\"execArgv\",\"runnerEnv\",\"runner\",\"shard\",\"specFileRetries\",\"specFileRetriesDelay\",\"specFileRetriesDeferred\",\"reporterSyncInterval\",\"reporterSyncTimeout\",\"cucumberFeaturesWithLineNumbers\",\"autoCompileOpts\",\"mochaOpts\",\"jasmineOpts\",\"cucumberOpts\",\"onPrepare\",\"onWorkerStart\",\"onWorkerEnd\",\"before\",\"beforeSession\",\"beforeSuite\",\"beforeHook\",\"beforeTest\",\"afterTest\",\"afterHook\",\"afterSuite\",\"afterSession\",\"after\",\"onComplete\",\"beforeAssertion\",\"afterAssertion\",\"beforeFeature\",\"beforeScenario\",\"beforeStep\",\"afterStep\",\"afterScenario\",\"afterFeature\",\"_\",\"suite\",\"$0\",\"ignoredWorkerServices\",\"wdi5\"]"}]}
COMMAND: POST /session/d53f532480bfbfa72ae7ae5ef7ef8f5b/execute/async - {"script":"<script> [21126 bytes]","args":[35000]}
RESULT: {"script":"<script> [21126 bytes]","args":[35000]}
COMMAND: POST /session/d53f532480bfbfa72ae7ae5ef7ef8f5b/window/fullscreen - {}
RESULT: {}
]]></system-out>
    </testcase>
    <testcase classname="chrome.135_0_7049_42.windows.Billing_Transfer_-_Master_data_&amp;_Intercompany_US127250" name="Should create a new equipment" time="119.435">
      <system-out><![CDATA[
COMMAND: POST /session/d53f532480bfbfa72ae7ae5ef7ef8f5b/execute/async - {"script":"<script> [1562 bytes]","args":[{"selector":{"controlType":"sap.m.GenericTile","properties":{"header":"Manage Resources"}},"wdio_ui5_key":"sapm.GenericTile{\"header\":\"Manage Resources\"}"}]}
RESULT: {"script":"<script> [1562 bytes]","args":[{"selector":{"controlType":"sap.m.GenericTile","properties":{"header":"Manage Resources"}},"wdio_ui5_key":"sapm.GenericTile{\"header\":\"Manage Resources\"}"}]}
RESULT: undefined
COMMAND: POST /session/d53f532480bfbfa72ae7ae5ef7ef8f5b/element - {"using":"xpath","value":"//*[@id=\"__tile31\"]"}
RESULT: {"using":"xpath","value":"//*[@id=\"__tile31\"]"}
COMMAND: POST /session/d53f532480bfbfa72ae7ae5ef7ef8f5b/element/f.9714F2348D0A698B9780435C77649C65.d.F227AB0F493EAF31566AB426567E524A.e.2583/click - {}
RESULT: {}
COMMAND: POST /session/d53f532480bfbfa72ae7ae5ef7ef8f5b/element - {"using":"xpath","value":"//button[@data-kt=\"addNewRUOverflowToolbarButton\"]"}
COMMAND: GET /session/d53f532480bfbfa72ae7ae5ef7ef8f5b/screenshot - {}
RESULT: {"using":"xpath","value":"//button[@data-kt=\"addNewRUOverflowToolbarButton\"]"}
COMMAND: POST /session/d53f532480bfbfa72ae7ae5ef7ef8f5b/elements - {"using":"xpath","value":"//button[@data-kt=\"addNewRUOverflowToolbarButton\"]"}
RESULT: {}
RESULT: {"using":"xpath","value":"//button[@data-kt=\"addNewRUOverflowToolbarButton\"]"}
COMMAND: POST /session/d53f532480bfbfa72ae7ae5ef7ef8f5b/elements - {"using":"xpath","value":"//button[@data-kt=\"addNewRUOverflowToolbarButton\"]"}
RESULT: {"using":"xpath","value":"//button[@data-kt=\"addNewRUOverflowToolbarButton\"]"}
COMMAND: POST /session/d53f532480bfbfa72ae7ae5ef7ef8f5b/elements - {"using":"xpath","value":"//button[@data-kt=\"addNewRUOverflowToolbarButton\"]"}
RESULT: {"using":"xpath","value":"//button[@data-kt=\"addNewRUOverflowToolbarButton\"]"}
COMMAND: POST /session/d53f532480bfbfa72ae7ae5ef7ef8f5b/elements - {"using":"xpath","value":"//button[@data-kt=\"addNewRUOverflowToolbarButton\"]"}
RESULT: {"using":"xpath","value":"//button[@data-kt=\"addNewRUOverflowToolbarButton\"]"}
COMMAND: POST /session/d53f532480bfbfa72ae7ae5ef7ef8f5b/elements - {"using":"xpath","value":"//button[@data-kt=\"addNewRUOverflowToolbarButton\"]"}
RESULT: {"using":"xpath","value":"//button[@data-kt=\"addNewRUOverflowToolbarButton\"]"}
COMMAND: POST /session/d53f532480bfbfa72ae7ae5ef7ef8f5b/elements - {"using":"xpath","value":"//button[@data-kt=\"addNewRUOverflowToolbarButton\"]"}
RESULT: {"using":"xpath","value":"//button[@data-kt=\"addNewRUOverflowToolbarButton\"]"}
COMMAND: POST /session/d53f532480bfbfa72ae7ae5ef7ef8f5b/elements - {"using":"xpath","value":"//button[@data-kt=\"addNewRUOverflowToolbarButton\"]"}
RESULT: {"using":"xpath","value":"//button[@data-kt=\"addNewRUOverflowToolbarButton\"]"}
COMMAND: POST /session/d53f532480bfbfa72ae7ae5ef7ef8f5b/elements - {"using":"xpath","value":"//button[@data-kt=\"addNewRUOverflowToolbarButton\"]"}
RESULT: {"using":"xpath","value":"//button[@data-kt=\"addNewRUOverflowToolbarButton\"]"}
COMMAND: POST /session/d53f532480bfbfa72ae7ae5ef7ef8f5b/elements - {"using":"xpath","value":"//button[@data-kt=\"addNewRUOverflowToolbarButton\"]"}
RESULT: {"using":"xpath","value":"//button[@data-kt=\"addNewRUOverflowToolbarButton\"]"}
COMMAND: POST /session/d53f532480bfbfa72ae7ae5ef7ef8f5b/elements - {"using":"xpath","value":"//button[@data-kt=\"addNewRUOverflowToolbarButton\"]"}
RESULT: undefined
RESULT: undefined
RESULT: {"using":"xpath","value":"//button[@data-kt=\"addNewRUOverflowToolbarButton\"]"}
COMMAND: POST /session/d53f532480bfbfa72ae7ae5ef7ef8f5b/elements - {"using":"xpath","value":"//button[@data-kt=\"addNewRUOverflowToolbarButton\"]"}
RESULT: {"using":"xpath","value":"//button[@data-kt=\"addNewRUOverflowToolbarButton\"]"}
COMMAND: POST /session/d53f532480bfbfa72ae7ae5ef7ef8f5b/elements - {"using":"xpath","value":"//button[@data-kt=\"addNewRUOverflowToolbarButton\"]"}
RESULT: {"using":"xpath","value":"//button[@data-kt=\"addNewRUOverflowToolbarButton\"]"}
COMMAND: POST /session/d53f532480bfbfa72ae7ae5ef7ef8f5b/elements - {"using":"xpath","value":"//button[@data-kt=\"addNewRUOverflowToolbarButton\"]"}
RESULT: {"using":"xpath","value":"//button[@data-kt=\"addNewRUOverflowToolbarButton\"]"}
COMMAND: POST /session/d53f532480bfbfa72ae7ae5ef7ef8f5b/elements - {"using":"xpath","value":"//button[@data-kt=\"addNewRUOverflowToolbarButton\"]"}
RESULT: {"using":"xpath","value":"//button[@data-kt=\"addNewRUOverflowToolbarButton\"]"}
COMMAND: POST /session/d53f532480bfbfa72ae7ae5ef7ef8f5b/elements - {"using":"xpath","value":"//button[@data-kt=\"addNewRUOverflowToolbarButton\"]"}
RESULT: {"using":"xpath","value":"//button[@data-kt=\"addNewRUOverflowToolbarButton\"]"}
COMMAND: POST /session/d53f532480bfbfa72ae7ae5ef7ef8f5b/elements - {"using":"xpath","value":"//button[@data-kt=\"addNewRUOverflowToolbarButton\"]"}
RESULT: {"using":"xpath","value":"//button[@data-kt=\"addNewRUOverflowToolbarButton\"]"}
COMMAND: POST /session/d53f532480bfbfa72ae7ae5ef7ef8f5b/elements - {"using":"xpath","value":"//button[@data-kt=\"addNewRUOverflowToolbarButton\"]"}
RESULT: {"using":"xpath","value":"//button[@data-kt=\"addNewRUOverflowToolbarButton\"]"}
COMMAND: POST /session/d53f532480bfbfa72ae7ae5ef7ef8f5b/elements - {"using":"xpath","value":"//button[@data-kt=\"addNewRUOverflowToolbarButton\"]"}
RESULT: {"using":"xpath","value":"//button[@data-kt=\"addNewRUOverflowToolbarButton\"]"}
COMMAND: POST /session/d53f532480bfbfa72ae7ae5ef7ef8f5b/elements - {"using":"xpath","value":"//button[@data-kt=\"addNewRUOverflowToolbarButton\"]"}
RESULT: {"using":"xpath","value":"//button[@data-kt=\"addNewRUOverflowToolbarButton\"]"}
COMMAND: POST /session/d53f532480bfbfa72ae7ae5ef7ef8f5b/elements - {"using":"xpath","value":"//button[@data-kt=\"addNewRUOverflowToolbarButton\"]"}
RESULT: {"using":"xpath","value":"//button[@data-kt=\"addNewRUOverflowToolbarButton\"]"}
COMMAND: POST /session/d53f532480bfbfa72ae7ae5ef7ef8f5b/elements - {"using":"xpath","value":"//button[@data-kt=\"addNewRUOverflowToolbarButton\"]"}
RESULT: {"using":"xpath","value":"//button[@data-kt=\"addNewRUOverflowToolbarButton\"]"}
COMMAND: POST /session/d53f532480bfbfa72ae7ae5ef7ef8f5b/elements - {"using":"xpath","value":"//button[@data-kt=\"addNewRUOverflowToolbarButton\"]"}
RESULT: {"using":"xpath","value":"//button[@data-kt=\"addNewRUOverflowToolbarButton\"]"}
COMMAND: POST /session/d53f532480bfbfa72ae7ae5ef7ef8f5b/elements - {"using":"xpath","value":"//button[@data-kt=\"addNewRUOverflowToolbarButton\"]"}
RESULT: {"using":"xpath","value":"//button[@data-kt=\"addNewRUOverflowToolbarButton\"]"}
COMMAND: POST /session/d53f532480bfbfa72ae7ae5ef7ef8f5b/elements - {"using":"xpath","value":"//button[@data-kt=\"addNewRUOverflowToolbarButton\"]"}
RESULT: {"using":"xpath","value":"//button[@data-kt=\"addNewRUOverflowToolbarButton\"]"}
COMMAND: POST /session/d53f532480bfbfa72ae7ae5ef7ef8f5b/elements - {"using":"xpath","value":"//button[@data-kt=\"addNewRUOverflowToolbarButton\"]"}
RESULT: {"using":"xpath","value":"//button[@data-kt=\"addNewRUOverflowToolbarButton\"]"}
COMMAND: POST /session/d53f532480bfbfa72ae7ae5ef7ef8f5b/elements - {"using":"xpath","value":"//button[@data-kt=\"addNewRUOverflowToolbarButton\"]"}
RESULT: {"using":"xpath","value":"//button[@data-kt=\"addNewRUOverflowToolbarButton\"]"}
COMMAND: POST /session/d53f532480bfbfa72ae7ae5ef7ef8f5b/elements - {"using":"xpath","value":"//button[@data-kt=\"addNewRUOverflowToolbarButton\"]"}
RESULT: {"using":"xpath","value":"//button[@data-kt=\"addNewRUOverflowToolbarButton\"]"}
COMMAND: POST /session/d53f532480bfbfa72ae7ae5ef7ef8f5b/elements - {"using":"xpath","value":"//button[@data-kt=\"addNewRUOverflowToolbarButton\"]"}
RESULT: {"using":"xpath","value":"//button[@data-kt=\"addNewRUOverflowToolbarButton\"]"}
COMMAND: POST /session/d53f532480bfbfa72ae7ae5ef7ef8f5b/elements - {"using":"xpath","value":"//button[@data-kt=\"addNewRUOverflowToolbarButton\"]"}
RESULT: {"using":"xpath","value":"//button[@data-kt=\"addNewRUOverflowToolbarButton\"]"}
COMMAND: POST /session/d53f532480bfbfa72ae7ae5ef7ef8f5b/elements - {"using":"xpath","value":"//button[@data-kt=\"addNewRUOverflowToolbarButton\"]"}
RESULT: {"using":"xpath","value":"//button[@data-kt=\"addNewRUOverflowToolbarButton\"]"}
COMMAND: POST /session/d53f532480bfbfa72ae7ae5ef7ef8f5b/elements - {"using":"xpath","value":"//button[@data-kt=\"addNewRUOverflowToolbarButton\"]"}
RESULT: {"using":"xpath","value":"//button[@data-kt=\"addNewRUOverflowToolbarButton\"]"}
COMMAND: POST /session/d53f532480bfbfa72ae7ae5ef7ef8f5b/elements - {"using":"xpath","value":"//button[@data-kt=\"addNewRUOverflowToolbarButton\"]"}
RESULT: {"using":"xpath","value":"//button[@data-kt=\"addNewRUOverflowToolbarButton\"]"}
COMMAND: POST /session/d53f532480bfbfa72ae7ae5ef7ef8f5b/elements - {"using":"xpath","value":"//button[@data-kt=\"addNewRUOverflowToolbarButton\"]"}
RESULT: {"using":"xpath","value":"//button[@data-kt=\"addNewRUOverflowToolbarButton\"]"}
COMMAND: POST /session/d53f532480bfbfa72ae7ae5ef7ef8f5b/elements - {"using":"xpath","value":"//button[@data-kt=\"addNewRUOverflowToolbarButton\"]"}
RESULT: {"using":"xpath","value":"//button[@data-kt=\"addNewRUOverflowToolbarButton\"]"}
COMMAND: POST /session/d53f532480bfbfa72ae7ae5ef7ef8f5b/elements - {"using":"xpath","value":"//button[@data-kt=\"addNewRUOverflowToolbarButton\"]"}
RESULT: {"using":"xpath","value":"//button[@data-kt=\"addNewRUOverflowToolbarButton\"]"}
COMMAND: POST /session/d53f532480bfbfa72ae7ae5ef7ef8f5b/elements - {"using":"xpath","value":"//button[@data-kt=\"addNewRUOverflowToolbarButton\"]"}
RESULT: {"using":"xpath","value":"//button[@data-kt=\"addNewRUOverflowToolbarButton\"]"}
COMMAND: POST /session/d53f532480bfbfa72ae7ae5ef7ef8f5b/elements - {"using":"xpath","value":"//button[@data-kt=\"addNewRUOverflowToolbarButton\"]"}
RESULT: {"using":"xpath","value":"//button[@data-kt=\"addNewRUOverflowToolbarButton\"]"}
COMMAND: POST /session/d53f532480bfbfa72ae7ae5ef7ef8f5b/elements - {"using":"xpath","value":"//button[@data-kt=\"addNewRUOverflowToolbarButton\"]"}
RESULT: {"using":"xpath","value":"//button[@data-kt=\"addNewRUOverflowToolbarButton\"]"}
COMMAND: POST /session/d53f532480bfbfa72ae7ae5ef7ef8f5b/elements - {"using":"xpath","value":"//button[@data-kt=\"addNewRUOverflowToolbarButton\"]"}
RESULT: {"using":"xpath","value":"//button[@data-kt=\"addNewRUOverflowToolbarButton\"]"}
COMMAND: POST /session/d53f532480bfbfa72ae7ae5ef7ef8f5b/elements - {"using":"xpath","value":"//button[@data-kt=\"addNewRUOverflowToolbarButton\"]"}
RESULT: {"using":"xpath","value":"//button[@data-kt=\"addNewRUOverflowToolbarButton\"]"}
COMMAND: POST /session/d53f532480bfbfa72ae7ae5ef7ef8f5b/elements - {"using":"xpath","value":"//button[@data-kt=\"addNewRUOverflowToolbarButton\"]"}
RESULT: {"using":"xpath","value":"//button[@data-kt=\"addNewRUOverflowToolbarButton\"]"}
COMMAND: POST /session/d53f532480bfbfa72ae7ae5ef7ef8f5b/element - {"using":"xpath","value":"//button[@data-kt=\"addNewRUOverflowToolbarButton\"]"}
RESULT: {"using":"xpath","value":"//button[@data-kt=\"addNewRUOverflowToolbarButton\"]"}
COMMAND: POST /session/d53f532480bfbfa72ae7ae5ef7ef8f5b/execute/sync - {"script":"<script> [8489 bytes]","args":[{"element-6066-11e4-a52e-4f735466cecf":"f.9714F2348D0A698B9780435C77649C65.d.F227AB0F493EAF31566AB426567E524A.e.2702","ELEMENT":"f.9714F2348D0A698B9780435C77649C65.d.F227AB0F493EAF31566AB426567E524A.e.2702"}]}
RESULT: {"script":"<script> [8489 bytes]","args":[{"element-6066-11e4-a52e-4f735466cecf":"f.9714F2348D0A698B9780435C77649C65.d.F227AB0F493EAF31566AB426567E524A.e.2702","ELEMENT":"f.9714F2348D0A698B9780435C77649C65.d.F227AB0F493EAF31566AB426567E524A.e.2702"}]}
COMMAND: GET /session/d53f532480bfbfa72ae7ae5ef7ef8f5b/element/f.9714F2348D0A698B9780435C77649C65.d.F227AB0F493EAF31566AB426567E524A.e.2702/enabled - {}
COMMAND: GET /session/d53f532480bfbfa72ae7ae5ef7ef8f5b/screenshot - {}
RESULT: {}
COMMAND: POST /session/d53f532480bfbfa72ae7ae5ef7ef8f5b/execute/sync - {"script":"<script> [8489 bytes]","args":[{"element-6066-11e4-a52e-4f735466cecf":"f.9714F2348D0A698B9780435C77649C65.d.F227AB0F493EAF31566AB426567E524A.e.2702","ELEMENT":"f.9714F2348D0A698B9780435C77649C65.d.F227AB0F493EAF31566AB426567E524A.e.2702"}]}
COMMAND: GET /session/d53f532480bfbfa72ae7ae5ef7ef8f5b/screenshot - {}
RESULT: {}
RESULT: {"script":"<script> [8489 bytes]","args":[{"element-6066-11e4-a52e-4f735466cecf":"f.9714F2348D0A698B9780435C77649C65.d.F227AB0F493EAF31566AB426567E524A.e.2702","ELEMENT":"f.9714F2348D0A698B9780435C77649C65.d.F227AB0F493EAF31566AB426567E524A.e.2702"}]}
COMMAND: POST /session/d53f532480bfbfa72ae7ae5ef7ef8f5b/execute/sync - {"script":"<script> [5351 bytes]","args":[{"element-6066-11e4-a52e-4f735466cecf":"f.9714F2348D0A698B9780435C77649C65.d.F227AB0F493EAF31566AB426567E524A.e.2702","ELEMENT":"f.9714F2348D0A698B9780435C77649C65.d.F227AB0F493EAF31566AB426567E524A.e.2702"}]}
COMMAND: GET /session/d53f532480bfbfa72ae7ae5ef7ef8f5b/screenshot - {}
RESULT: {}
RESULT: {"script":"<script> [5351 bytes]","args":[{"element-6066-11e4-a52e-4f735466cecf":"f.9714F2348D0A698B9780435C77649C65.d.F227AB0F493EAF31566AB426567E524A.e.2702","ELEMENT":"f.9714F2348D0A698B9780435C77649C65.d.F227AB0F493EAF31566AB426567E524A.e.2702"}]}
COMMAND: POST /session/d53f532480bfbfa72ae7ae5ef7ef8f5b/element/f.9714F2348D0A698B9780435C77649C65.d.F227AB0F493EAF31566AB426567E524A.e.2702/click - {}
COMMAND: GET /session/d53f532480bfbfa72ae7ae5ef7ef8f5b/screenshot - {}
RESULT: {}
RESULT: {}
COMMAND: GET /session/d53f532480bfbfa72ae7ae5ef7ef8f5b/screenshot - {}
RESULT: {}
COMMAND: POST /session/d53f532480bfbfa72ae7ae5ef7ef8f5b/execute/async - {"script":"<script> [1562 bytes]","args":[{"selector":{"id":"application-manageresources-display-component---newResourceUnit--TYPE-arrow"},"wdio_ui5_key":"applicationmanageresources-display-component---newResourceUnit--TYPE-arrow"}]}
RESULT: {}
RESULT: {"script":"<script> [1562 bytes]","args":[{"selector":{"id":"application-manageresources-display-component---newResourceUnit--TYPE-arrow"},"wdio_ui5_key":"applicationmanageresources-display-component---newResourceUnit--TYPE-arrow"}]}
RESULT: undefined
COMMAND: POST /session/d53f532480bfbfa72ae7ae5ef7ef8f5b/element - {"using":"xpath","value":"//*[@id=\"application-manageresources-display-component---newResourceUnit--TYPE-arrow\"]"}
RESULT: {"using":"xpath","value":"//*[@id=\"application-manageresources-display-component---newResourceUnit--TYPE-arrow\"]"}
COMMAND: POST /session/d53f532480bfbfa72ae7ae5ef7ef8f5b/element/f.9714F2348D0A698B9780435C77649C65.d.F227AB0F493EAF31566AB426567E524A.e.3057/click - {}
RESULT: {}
COMMAND: POST /session/d53f532480bfbfa72ae7ae5ef7ef8f5b/element - {"using":"xpath","value":"//input[@id=\"application-manageresources-display-component---newResourceUnit--TYPE-inner\"]"}
COMMAND: GET /session/d53f532480bfbfa72ae7ae5ef7ef8f5b/screenshot - {}
RESULT: {"using":"xpath","value":"//input[@id=\"application-manageresources-display-component---newResourceUnit--TYPE-inner\"]"}
COMMAND: POST /session/d53f532480bfbfa72ae7ae5ef7ef8f5b/element/f.9714F2348D0A698B9780435C77649C65.d.F227AB0F493EAF31566AB426567E524A.e.3032/clear - {}
RESULT: {}
RESULT: {}
COMMAND: POST /session/d53f532480bfbfa72ae7ae5ef7ef8f5b/element/f.9714F2348D0A698B9780435C77649C65.d.F227AB0F493EAF31566AB426567E524A.e.3032/value - {"text":"Equipment"}
COMMAND: GET /session/d53f532480bfbfa72ae7ae5ef7ef8f5b/screenshot - {}
RESULT: {"text":"Equipment"}
COMMAND: GET /session/d53f532480bfbfa72ae7ae5ef7ef8f5b/screenshot - {}
RESULT: {}
RESULT: {}
COMMAND: POST /session/d53f532480bfbfa72ae7ae5ef7ef8f5b/actions - {"actions":[{"id":"action8","type":"key","parameters":{},"actions":[{"type":"keyDown","value":""},{"type":"pause","duration":10},{"type":"keyUp","value":""}]}]}
RESULT: {"actions":[{"id":"action8","type":"key","parameters":{},"actions":[{"type":"keyDown","value":""},{"type":"pause","duration":10},{"type":"keyUp","value":""}]}]}
COMMAND: POST /session/d53f532480bfbfa72ae7ae5ef7ef8f5b/execute/async - {"script":"<script> [1562 bytes]","args":[{"selector":{"id":"application-manageresources-display-component---newResourceUnit--resourceId","interaction":{"idSuffix":"inner"}},"wdio_ui5_key":"applicationmanageresources-display-component---newResourceUnit--resourceId"}]}
COMMAND: GET /session/d53f532480bfbfa72ae7ae5ef7ef8f5b/screenshot - {}
RESULT: {"script":"<script> [1562 bytes]","args":[{"selector":{"id":"application-manageresources-display-component---newResourceUnit--resourceId","interaction":{"idSuffix":"inner"}},"wdio_ui5_key":"applicationmanageresources-display-component---newResourceUnit--resourceId"}]}
RESULT: undefined
COMMAND: POST /session/d53f532480bfbfa72ae7ae5ef7ef8f5b/execute/async - {"script":"<script> [776 bytes]","args":[{"enterText":"Gys3EGWtTK","selector":{"id":"application-manageresources-display-component---newResourceUnit--resourceId","interaction":{"idSuffix":"inner"}},"clearTextFirst":true,"interactionType":"ENTER_TEXT"}]}
RESULT: {}
RESULT: {"script":"<script> [776 bytes]","args":[{"enterText":"Gys3EGWtTK","selector":{"id":"application-manageresources-display-component---newResourceUnit--resourceId","interaction":{"idSuffix":"inner"}},"clearTextFirst":true,"interactionType":"ENTER_TEXT"}]}
COMMAND: POST /session/d53f532480bfbfa72ae7ae5ef7ef8f5b/execute/async - {"script":"<script> [1562 bytes]","args":[{"selector":{"id":"application-manageresources-display-component---newResourceUnit--SHORT_TEXT","interaction":{"idSuffix":"inner"}},"wdio_ui5_key":"applicationmanageresources-display-component---newResourceUnit--SHORT_TEXT"}]}
RESULT: {"script":"<script> [1562 bytes]","args":[{"selector":{"id":"application-manageresources-display-component---newResourceUnit--SHORT_TEXT","interaction":{"idSuffix":"inner"}},"wdio_ui5_key":"applicationmanageresources-display-component---newResourceUnit--SHORT_TEXT"}]}
RESULT: undefined
COMMAND: POST /session/d53f532480bfbfa72ae7ae5ef7ef8f5b/execute/async - {"script":"<script> [776 bytes]","args":[{"enterText":"Intercompany Equipment WDIO","selector":{"id":"application-manageresources-display-component---newResourceUnit--SHORT_TEXT","interaction":{"idSuffix":"inner"}},"clearTextFirst":true,"interactionType":"ENTER_TEXT"}]}
RESULT: {"script":"<script> [776 bytes]","args":[{"enterText":"Intercompany Equipment WDIO","selector":{"id":"application-manageresources-display-component---newResourceUnit--SHORT_TEXT","interaction":{"idSuffix":"inner"}},"clearTextFirst":true,"interactionType":"ENTER_TEXT"}]}
COMMAND: POST /session/d53f532480bfbfa72ae7ae5ef7ef8f5b/execute/async - {"script":"<script> [1562 bytes]","args":[{"selector":{"id":"application-manageresources-display-component---newResourceUnit--BASE_UNIT_OF_MEASURE","interaction":{"idSuffix":"inner"}},"wdio_ui5_key":"applicationmanageresources-display-component---newResourceUnit--BASE_UNIT_OF_MEASURE"}]}
RESULT: {"script":"<script> [1562 bytes]","args":[{"selector":{"id":"application-manageresources-display-component---newResourceUnit--BASE_UNIT_OF_MEASURE","interaction":{"idSuffix":"inner"}},"wdio_ui5_key":"applicationmanageresources-display-component---newResourceUnit--BASE_UNIT_OF_MEASURE"}]}
RESULT: undefined
COMMAND: POST /session/d53f532480bfbfa72ae7ae5ef7ef8f5b/execute/async - {"script":"<script> [776 bytes]","args":[{"enterText":"Piece","selector":{"id":"application-manageresources-display-component---newResourceUnit--BASE_UNIT_OF_MEASURE","interaction":{"idSuffix":"inner"}},"clearTextFirst":true,"interactionType":"ENTER_TEXT"}]}
RESULT: {"script":"<script> [776 bytes]","args":[{"enterText":"Piece","selector":{"id":"application-manageresources-display-component---newResourceUnit--BASE_UNIT_OF_MEASURE","interaction":{"idSuffix":"inner"}},"clearTextFirst":true,"interactionType":"ENTER_TEXT"}]}
COMMAND: POST /session/d53f532480bfbfa72ae7ae5ef7ef8f5b/execute/async - {"script":"<script> [1562 bytes]","args":[{"selector":{"id":"application-manageresources-display-component---newResourceUnit--WEIGHT_UNIT","interaction":{"idSuffix":"inner"}},"wdio_ui5_key":"applicationmanageresources-display-component---newResourceUnit--WEIGHT_UNIT"}]}
RESULT: {"script":"<script> [1562 bytes]","args":[{"selector":{"id":"application-manageresources-display-component---newResourceUnit--WEIGHT_UNIT","interaction":{"idSuffix":"inner"}},"wdio_ui5_key":"applicationmanageresources-display-component---newResourceUnit--WEIGHT_UNIT"}]}
RESULT: undefined
COMMAND: POST /session/d53f532480bfbfa72ae7ae5ef7ef8f5b/execute/async - {"script":"<script> [776 bytes]","args":[{"enterText":"Gram","selector":{"id":"application-manageresources-display-component---newResourceUnit--WEIGHT_UNIT","interaction":{"idSuffix":"inner"}},"clearTextFirst":true,"interactionType":"ENTER_TEXT"}]}
RESULT: {"script":"<script> [776 bytes]","args":[{"enterText":"Gram","selector":{"id":"application-manageresources-display-component---newResourceUnit--WEIGHT_UNIT","interaction":{"idSuffix":"inner"}},"clearTextFirst":true,"interactionType":"ENTER_TEXT"}]}
COMMAND: POST /session/d53f532480bfbfa72ae7ae5ef7ef8f5b/execute/async - {"script":"<script> [1562 bytes]","args":[{"selector":{"id":"application-manageresources-display-component---newResourceUnit--DIMENSION_UNIT","interaction":{"idSuffix":"inner"}},"wdio_ui5_key":"applicationmanageresources-display-component---newResourceUnit--DIMENSION_UNIT"}]}
RESULT: {"script":"<script> [1562 bytes]","args":[{"selector":{"id":"application-manageresources-display-component---newResourceUnit--DIMENSION_UNIT","interaction":{"idSuffix":"inner"}},"wdio_ui5_key":"applicationmanageresources-display-component---newResourceUnit--DIMENSION_UNIT"}]}
RESULT: undefined
COMMAND: POST /session/d53f532480bfbfa72ae7ae5ef7ef8f5b/execute/async - {"script":"<script> [776 bytes]","args":[{"enterText":"Meter","selector":{"id":"application-manageresources-display-component---newResourceUnit--DIMENSION_UNIT","interaction":{"idSuffix":"inner"}},"clearTextFirst":true,"interactionType":"ENTER_TEXT"}]}
RESULT: {"script":"<script> [776 bytes]","args":[{"enterText":"Meter","selector":{"id":"application-manageresources-display-component---newResourceUnit--DIMENSION_UNIT","interaction":{"idSuffix":"inner"}},"clearTextFirst":true,"interactionType":"ENTER_TEXT"}]}
COMMAND: POST /session/d53f532480bfbfa72ae7ae5ef7ef8f5b/execute/async - {"script":"<script> [1562 bytes]","args":[{"selector":{"id":"application-manageresources-display-component---newResourceUnit--newRRUPage-anchBar-application-manageresources-display-component---newResourceUnit--control-anchor","interaction":{"idSuffix":"BDI-content"}},"wdio_ui5_key":"applicationmanageresources-display-component---newResourceUnit--newRRUPage-anchBar-application-manageresources-display-component---newResourceUnit--control-anchor"}]}
RESULT: {"script":"<script> [1562 bytes]","args":[{"selector":{"id":"application-manageresources-display-component---newResourceUnit--newRRUPage-anchBar-application-manageresources-display-component---newResourceUnit--control-anchor","interaction":{"idSuffix":"BDI-content"}},"wdio_ui5_key":"applicationmanageresources-display-component---newResourceUnit--newRRUPage-anchBar-application-manageresources-display-component---newResourceUnit--control-anchor"}]}
RESULT: undefined
COMMAND: POST /session/d53f532480bfbfa72ae7ae5ef7ef8f5b/element - {"using":"xpath","value":"//*[@id=\"application-manageresources-display-component---newResourceUnit--newRRUPage-anchBar-application-manageresources-display-component---newResourceUnit--control-anchor\"]"}
RESULT: {"using":"xpath","value":"//*[@id=\"application-manageresources-display-component---newResourceUnit--newRRUPage-anchBar-application-manageresources-display-component---newResourceUnit--control-anchor\"]"}
COMMAND: POST /session/d53f532480bfbfa72ae7ae5ef7ef8f5b/element/f.9714F2348D0A698B9780435C77649C65.d.F227AB0F493EAF31566AB426567E524A.e.3191/click - {}
RESULT: {}
COMMAND: POST /session/d53f532480bfbfa72ae7ae5ef7ef8f5b/execute/async - {"script":"<script> [1562 bytes]","args":[{"selector":{"id":"application-manageresources-display-component---newResourceUnit--PLANNING_GROUP","interaction":{"idSuffix":"inner"}},"wdio_ui5_key":"applicationmanageresources-display-component---newResourceUnit--PLANNING_GROUP"}]}
COMMAND: GET /session/d53f532480bfbfa72ae7ae5ef7ef8f5b/screenshot - {}
RESULT: {"script":"<script> [1562 bytes]","args":[{"selector":{"id":"application-manageresources-display-component---newResourceUnit--PLANNING_GROUP","interaction":{"idSuffix":"inner"}},"wdio_ui5_key":"applicationmanageresources-display-component---newResourceUnit--PLANNING_GROUP"}]}
RESULT: undefined
COMMAND: POST /session/d53f532480bfbfa72ae7ae5ef7ef8f5b/execute/async - {"script":"<script> [776 bytes]","args":[{"enterText":"Heavy Equi","selector":{"id":"application-manageresources-display-component---newResourceUnit--PLANNING_GROUP","interaction":{"idSuffix":"inner"}},"clearTextFirst":true,"interactionType":"ENTER_TEXT"}]}
RESULT: {}
RESULT: {"script":"<script> [776 bytes]","args":[{"enterText":"Heavy Equi","selector":{"id":"application-manageresources-display-component---newResourceUnit--PLANNING_GROUP","interaction":{"idSuffix":"inner"}},"clearTextFirst":true,"interactionType":"ENTER_TEXT"}]}
COMMAND: POST /session/d53f532480bfbfa72ae7ae5ef7ef8f5b/execute/async - {"script":"<script> [1562 bytes]","args":[{"selector":{"id":"application-manageresources-display-component---newResourceUnit--ITEM_TYPE-arrow"},"wdio_ui5_key":"applicationmanageresources-display-component---newResourceUnit--ITEM_TYPE-arrow"}]}
RESULT: {"script":"<script> [1562 bytes]","args":[{"selector":{"id":"application-manageresources-display-component---newResourceUnit--ITEM_TYPE-arrow"},"wdio_ui5_key":"applicationmanageresources-display-component---newResourceUnit--ITEM_TYPE-arrow"}]}
RESULT: undefined
COMMAND: POST /session/d53f532480bfbfa72ae7ae5ef7ef8f5b/element - {"using":"xpath","value":"//*[@id=\"application-manageresources-display-component---newResourceUnit--ITEM_TYPE-arrow\"]"}
RESULT: {"using":"xpath","value":"//*[@id=\"application-manageresources-display-component---newResourceUnit--ITEM_TYPE-arrow\"]"}
COMMAND: POST /session/d53f532480bfbfa72ae7ae5ef7ef8f5b/element/f.9714F2348D0A698B9780435C77649C65.d.F227AB0F493EAF31566AB426567E524A.e.3200/click - {}
RESULT: {}
COMMAND: POST /session/d53f532480bfbfa72ae7ae5ef7ef8f5b/element - {"using":"xpath","value":"(//span[contains(text(), \"Resource Unit\")])[2]"}
COMMAND: GET /session/d53f532480bfbfa72ae7ae5ef7ef8f5b/screenshot - {}
RESULT: {"using":"xpath","value":"(//span[contains(text(), \"Resource Unit\")])[2]"}
COMMAND: POST /session/d53f532480bfbfa72ae7ae5ef7ef8f5b/element/f.9714F2348D0A698B9780435C77649C65.d.F227AB0F493EAF31566AB426567E524A.e.3201/click - {}
RESULT: {}
RESULT: {}
COMMAND: GET /session/d53f532480bfbfa72ae7ae5ef7ef8f5b/screenshot - {}
RESULT: {}
COMMAND: POST /session/d53f532480bfbfa72ae7ae5ef7ef8f5b/element - {"using":"css selector","value":"#application-manageresources-display-component---newResourceUnit--btnAddTimeSegment"}
RESULT: {"using":"css selector","value":"#application-manageresources-display-component---newResourceUnit--btnAddTimeSegment"}
COMMAND: GET /session/d53f532480bfbfa72ae7ae5ef7ef8f5b/element/f.9714F2348D0A698B9780435C77649C65.d.F227AB0F493EAF31566AB426567E524A.e.3202/rect - {}
RESULT: {}
COMMAND: GET /session/d53f532480bfbfa72ae7ae5ef7ef8f5b/window/rect - {}
RESULT: {}
COMMAND: POST /session/d53f532480bfbfa72ae7ae5ef7ef8f5b/execute/sync - {"script":"<script> [92 bytes]","args":[]}
RESULT: {"script":"<script> [92 bytes]","args":[]}
COMMAND: POST /session/d53f532480bfbfa72ae7ae5ef7ef8f5b/actions - {"actions":[{"id":"action9","type":"wheel","parameters":{},"actions":[{"type":"scroll","x":-1888,"y":-32,"deltaX":0,"deltaY":0,"duration":0,"origin":{"element-6066-11e4-a52e-4f735466cecf":"f.9714F2348D0A698B9780435C77649C65.d.F227AB0F493EAF31566AB426567E524A.e.3202"}}]}]}
COMMAND: GET /session/d53f532480bfbfa72ae7ae5ef7ef8f5b/screenshot - {}
RESULT: {}
COMMAND: POST /session/d53f532480bfbfa72ae7ae5ef7ef8f5b/execute/sync - {"script":"<script> [79 bytes]","args":[{"element-6066-11e4-a52e-4f735466cecf":"f.9714F2348D0A698B9780435C77649C65.d.F227AB0F493EAF31566AB426567E524A.e.3202","ELEMENT":"f.9714F2348D0A698B9780435C77649C65.d.F227AB0F493EAF31566AB426567E524A.e.3202"},{"block":"start","inline":"nearest"}]}
RESULT: {"script":"<script> [79 bytes]","args":[{"element-6066-11e4-a52e-4f735466cecf":"f.9714F2348D0A698B9780435C77649C65.d.F227AB0F493EAF31566AB426567E524A.e.3202","ELEMENT":"f.9714F2348D0A698B9780435C77649C65.d.F227AB0F493EAF31566AB426567E524A.e.3202"},{"block":"start","inline":"nearest"}]}
COMMAND: POST /session/d53f532480bfbfa72ae7ae5ef7ef8f5b/execute/async - {"script":"<script> [1562 bytes]","args":[{"selector":{"id":"application-manageresources-display-component---newResourceUnit--btnAddTimeSegment","interaction":{"idSuffix":"inner"}},"wdio_ui5_key":"applicationmanageresources-display-component---newResourceUnit--btnAddTimeSegment"}]}
COMMAND: GET /session/d53f532480bfbfa72ae7ae5ef7ef8f5b/screenshot - {}
RESULT: {"script":"<script> [1562 bytes]","args":[{"selector":{"id":"application-manageresources-display-component---newResourceUnit--btnAddTimeSegment","interaction":{"idSuffix":"inner"}},"wdio_ui5_key":"applicationmanageresources-display-component---newResourceUnit--btnAddTimeSegment"}]}
RESULT: undefined
COMMAND: POST /session/d53f532480bfbfa72ae7ae5ef7ef8f5b/element - {"using":"xpath","value":"//*[@id=\"application-manageresources-display-component---newResourceUnit--btnAddTimeSegment\"]"}
RESULT: {}
RESULT: {"using":"xpath","value":"//*[@id=\"application-manageresources-display-component---newResourceUnit--btnAddTimeSegment\"]"}
COMMAND: POST /session/d53f532480bfbfa72ae7ae5ef7ef8f5b/element/f.9714F2348D0A698B9780435C77649C65.d.F227AB0F493EAF31566AB426567E524A.e.3202/click - {}
RESULT: {}
COMMAND: GET /session/d53f532480bfbfa72ae7ae5ef7ef8f5b/screenshot - {}
RESULT: {}
COMMAND: POST /session/d53f532480bfbfa72ae7ae5ef7ef8f5b/element - {"using":"xpath","value":"//input[@id=\"application-manageresources-display-component---newResourceUnit--idRuTSAdmin-application-manageresources-display-component---newResourceUnit--RUTimeSegment-0-inner\"]"}
RESULT: {"using":"xpath","value":"//input[@id=\"application-manageresources-display-component---newResourceUnit--idRuTSAdmin-application-manageresources-display-component---newResourceUnit--RUTimeSegment-0-inner\"]"}
COMMAND: POST /session/d53f532480bfbfa72ae7ae5ef7ef8f5b/element/f.9714F2348D0A698B9780435C77649C65.d.F227AB0F493EAF31566AB426567E524A.e.3208/clear - {}
RESULT: {}
COMMAND: POST /session/d53f532480bfbfa72ae7ae5ef7ef8f5b/element/f.9714F2348D0A698B9780435C77649C65.d.F227AB0F493EAF31566AB426567E524A.e.3208/value - {"text":"711"}
COMMAND: GET /session/d53f532480bfbfa72ae7ae5ef7ef8f5b/screenshot - {}
RESULT: {"text":"711"}
COMMAND: GET /session/d53f532480bfbfa72ae7ae5ef7ef8f5b/screenshot - {}
RESULT: {}
RESULT: {}
COMMAND: POST /session/d53f532480bfbfa72ae7ae5ef7ef8f5b/element - {"using":"xpath","value":"//li[.//span[text()='711']]"}
RESULT: {"using":"xpath","value":"//li[.//span[text()='711']]"}
COMMAND: POST /session/d53f532480bfbfa72ae7ae5ef7ef8f5b/element/f.9714F2348D0A698B9780435C77649C65.d.F227AB0F493EAF31566AB426567E524A.e.3220/click - {}
RESULT: {}
COMMAND: GET /session/d53f532480bfbfa72ae7ae5ef7ef8f5b/screenshot - {}
RESULT: {}
COMMAND: POST /session/d53f532480bfbfa72ae7ae5ef7ef8f5b/element - {"using":"xpath","value":"(//span[contains(@id, \"-application-manageresources-display-component---newResourceUnit--RUTimeSegment-0-arrow\")])[6]"}
RESULT: {"using":"xpath","value":"(//span[contains(@id, \"-application-manageresources-display-component---newResourceUnit--RUTimeSegment-0-arrow\")])[6]"}
COMMAND: POST /session/d53f532480bfbfa72ae7ae5ef7ef8f5b/element/f.9714F2348D0A698B9780435C77649C65.d.F227AB0F493EAF31566AB426567E524A.e.3221/click - {}
RESULT: {}
COMMAND: POST /session/d53f532480bfbfa72ae7ae5ef7ef8f5b/element - {"using":"xpath","value":"//span[contains(text(), \"PM Order\")]"}
COMMAND: GET /session/d53f532480bfbfa72ae7ae5ef7ef8f5b/screenshot - {}
RESULT: {"using":"xpath","value":"//span[contains(text(), \"PM Order\")]"}
COMMAND: POST /session/d53f532480bfbfa72ae7ae5ef7ef8f5b/element/f.9714F2348D0A698B9780435C77649C65.d.F227AB0F493EAF31566AB426567E524A.e.3224/click - {}
RESULT: {}
RESULT: {}
COMMAND: GET /session/d53f532480bfbfa72ae7ae5ef7ef8f5b/screenshot - {}
RESULT: {}
COMMAND: POST /session/d53f532480bfbfa72ae7ae5ef7ef8f5b/element - {"using":"xpath","value":"(//span[contains(@id ,\"manageresources-display-component---newResourceUnit--RUTimeSegment-0-vhi\")])[2]"}
RESULT: {"using":"xpath","value":"(//span[contains(@id ,\"manageresources-display-component---newResourceUnit--RUTimeSegment-0-vhi\")])[2]"}
COMMAND: POST /session/d53f532480bfbfa72ae7ae5ef7ef8f5b/element/f.9714F2348D0A698B9780435C77649C65.d.F227AB0F493EAF31566AB426567E524A.e.3227/click - {}
RESULT: {}
COMMAND: GET /session/d53f532480bfbfa72ae7ae5ef7ef8f5b/screenshot - {}
RESULT: {}
COMMAND: POST /session/d53f532480bfbfa72ae7ae5ef7ef8f5b/execute/async - {"script":"<script> [1562 bytes]","args":[{"selector":{"controlType":"sap.m.SearchField","properties":{"placeholder":"Search"},"searchOpenDialogs":true,"interaction":{"idSuffix":"I"}},"wdio_ui5_key":"sapm.SearchField{\"placeholder\":\"Search\"}"}]}
RESULT: {"script":"<script> [1562 bytes]","args":[{"selector":{"controlType":"sap.m.SearchField","properties":{"placeholder":"Search"},"searchOpenDialogs":true,"interaction":{"idSuffix":"I"}},"wdio_ui5_key":"sapm.SearchField{\"placeholder\":\"Search\"}"}]}
RESULT: undefined
COMMAND: POST /session/d53f532480bfbfa72ae7ae5ef7ef8f5b/execute/async - {"script":"<script> [776 bytes]","args":[{"enterText":"4000360","selector":{"controlType":"sap.m.SearchField","properties":{"placeholder":"Search"},"searchOpenDialogs":true,"interaction":{"idSuffix":"I"}},"clearTextFirst":true,"interactionType":"ENTER_TEXT"}]}
RESULT: {"script":"<script> [776 bytes]","args":[{"enterText":"4000360","selector":{"controlType":"sap.m.SearchField","properties":{"placeholder":"Search"},"searchOpenDialogs":true,"interaction":{"idSuffix":"I"}},"clearTextFirst":true,"interactionType":"ENTER_TEXT"}]}
COMMAND: POST /session/d53f532480bfbfa72ae7ae5ef7ef8f5b/actions - {"actions":[{"id":"action10","type":"key","parameters":{},"actions":[{"type":"keyDown","value":""},{"type":"pause","duration":10},{"type":"keyUp","value":""}]}]}
RESULT: {"actions":[{"id":"action10","type":"key","parameters":{},"actions":[{"type":"keyDown","value":""},{"type":"pause","duration":10},{"type":"keyUp","value":""}]}]}
COMMAND: GET /session/d53f532480bfbfa72ae7ae5ef7ef8f5b/screenshot - {}
RESULT: {}
COMMAND: POST /session/d53f532480bfbfa72ae7ae5ef7ef8f5b/element - {"using":"xpath","value":"//td/div/span[contains(text(), \"BGL Vehicles\")]"}
RESULT: {"using":"xpath","value":"//td/div/span[contains(text(), \"BGL Vehicles\")]"}
COMMAND: POST /session/d53f532480bfbfa72ae7ae5ef7ef8f5b/element/f.9714F2348D0A698B9780435C77649C65.d.F227AB0F493EAF31566AB426567E524A.e.3247/click - {}
RESULT: {}
COMMAND: GET /session/d53f532480bfbfa72ae7ae5ef7ef8f5b/screenshot - {}
RESULT: {}
COMMAND: POST /session/d53f532480bfbfa72ae7ae5ef7ef8f5b/element - {"using":"xpath","value":"//bdi[contains(text(), \"OK\")]"}
RESULT: {"using":"xpath","value":"//bdi[contains(text(), \"OK\")]"}
COMMAND: POST /session/d53f532480bfbfa72ae7ae5ef7ef8f5b/element/f.9714F2348D0A698B9780435C77649C65.d.F227AB0F493EAF31566AB426567E524A.e.3248/click - {}
RESULT: {}
COMMAND: GET /session/d53f532480bfbfa72ae7ae5ef7ef8f5b/screenshot - {}
RESULT: {}
COMMAND: POST /session/d53f532480bfbfa72ae7ae5ef7ef8f5b/execute/async - {"script":"<script> [1562 bytes]","args":[{"selector":{"id":"application-manageresources-display-component---newResourceUnit--newRRUPage-anchBar-application-manageresources-display-component---newResourceUnit--resource-anchor","interaction":{"idSuffix":"BDI-content"}},"wdio_ui5_key":"applicationmanageresources-display-component---newResourceUnit--newRRUPage-anchBar-application-manageresources-display-component---newResourceUnit--resource-anchor"}]}
RESULT: {"script":"<script> [1562 bytes]","args":[{"selector":{"id":"application-manageresources-display-component---newResourceUnit--newRRUPage-anchBar-application-manageresources-display-component---newResourceUnit--resource-anchor","interaction":{"idSuffix":"BDI-content"}},"wdio_ui5_key":"applicationmanageresources-display-component---newResourceUnit--newRRUPage-anchBar-application-manageresources-display-component---newResourceUnit--resource-anchor"}]}
RESULT: undefined
COMMAND: POST /session/d53f532480bfbfa72ae7ae5ef7ef8f5b/element - {"using":"xpath","value":"//*[@id=\"application-manageresources-display-component---newResourceUnit--newRRUPage-anchBar-application-manageresources-display-component---newResourceUnit--resource-anchor\"]"}
RESULT: {"using":"xpath","value":"//*[@id=\"application-manageresources-display-component---newResourceUnit--newRRUPage-anchBar-application-manageresources-display-component---newResourceUnit--resource-anchor\"]"}
COMMAND: POST /session/d53f532480bfbfa72ae7ae5ef7ef8f5b/element/f.9714F2348D0A698B9780435C77649C65.d.F227AB0F493EAF31566AB426567E524A.e.3252/click - {}
RESULT: {}
COMMAND: POST /session/d53f532480bfbfa72ae7ae5ef7ef8f5b/execute/async - {"script":"<script> [1562 bytes]","args":[{"selector":{"id":"application-manageresources-display-component---newResourceUnit--PLANNED_DELIVERY_DATE","interaction":{"idSuffix":"inner"}},"wdio_ui5_key":"applicationmanageresources-display-component---newResourceUnit--PLANNED_DELIVERY_DATE"}]}
COMMAND: GET /session/d53f532480bfbfa72ae7ae5ef7ef8f5b/screenshot - {}
RESULT: {"script":"<script> [1562 bytes]","args":[{"selector":{"id":"application-manageresources-display-component---newResourceUnit--PLANNED_DELIVERY_DATE","interaction":{"idSuffix":"inner"}},"wdio_ui5_key":"applicationmanageresources-display-component---newResourceUnit--PLANNED_DELIVERY_DATE"}]}
RESULT: undefined
COMMAND: POST /session/d53f532480bfbfa72ae7ae5ef7ef8f5b/execute/async - {"script":"<script> [6424 bytes]","args":[{"element-6066-11e4-a52e-4f735466cecf":"f.9714F2348D0A698B9780435C77649C65.d.F227AB0F493EAF31566AB426567E524A.e.3114"},"setValue",["4/23/25"]]}
RESULT: {}
RESULT: {"script":"<script> [6424 bytes]","args":[{"element-6066-11e4-a52e-4f735466cecf":"f.9714F2348D0A698B9780435C77649C65.d.F227AB0F493EAF31566AB426567E524A.e.3114"},"setValue",["4/23/25"]]}
COMMAND: POST /session/d53f532480bfbfa72ae7ae5ef7ef8f5b/element - {"using":"xpath","value":"//button[@data-kt=\"resourceUnitSaveButton\"]"}
RESULT: {"using":"xpath","value":"//button[@data-kt=\"resourceUnitSaveButton\"]"}
COMMAND: POST /session/d53f532480bfbfa72ae7ae5ef7ef8f5b/element/f.9714F2348D0A698B9780435C77649C65.d.F227AB0F493EAF31566AB426567E524A.e.3074/click - {}
RESULT: {}
COMMAND: GET /session/d53f532480bfbfa72ae7ae5ef7ef8f5b/screenshot - {}
RESULT: {}
COMMAND: POST /session/d53f532480bfbfa72ae7ae5ef7ef8f5b/element - {"using":"xpath","value":"//bdi[contains(text(), \"Close\")]"}
RESULT: {"using":"xpath","value":"//bdi[contains(text(), \"Close\")]"}
COMMAND: POST /session/d53f532480bfbfa72ae7ae5ef7ef8f5b/element/f.9714F2348D0A698B9780435C77649C65.d.F227AB0F493EAF31566AB426567E524A.e.3262/click - {}
RESULT: {}
COMMAND: GET /session/d53f532480bfbfa72ae7ae5ef7ef8f5b/screenshot - {}
RESULT: {}
COMMAND: POST /session/d53f532480bfbfa72ae7ae5ef7ef8f5b/element - {"using":"xpath","value":"(//button[contains(@id ,\"actionsToolbar-overflowButton\")])[1]"}
RESULT: {"using":"xpath","value":"(//button[contains(@id ,\"actionsToolbar-overflowButton\")])[1]"}
COMMAND: POST /session/d53f532480bfbfa72ae7ae5ef7ef8f5b/element/f.9714F2348D0A698B9780435C77649C65.d.F227AB0F493EAF31566AB426567E524A.e.3293/click - {}
RESULT: {}
COMMAND: GET /session/d53f532480bfbfa72ae7ae5ef7ef8f5b/screenshot - {}
RESULT: {}
COMMAND: POST /session/d53f532480bfbfa72ae7ae5ef7ef8f5b/element - {"using":"xpath","value":"//button[@data-kt=\"priceInfoButton\"]"}
RESULT: {"using":"xpath","value":"//button[@data-kt=\"priceInfoButton\"]"}
COMMAND: POST /session/d53f532480bfbfa72ae7ae5ef7ef8f5b/element/f.9714F2348D0A698B9780435C77649C65.d.F227AB0F493EAF31566AB426567E524A.e.3295/click - {}
RESULT: {}
COMMAND: GET /session/d53f532480bfbfa72ae7ae5ef7ef8f5b/screenshot - {}
RESULT: {}
]]></system-out>
    </testcase>
    <testcase classname="chrome.135_0_7049_42.windows.Billing_Transfer_-_Master_data_&amp;_Intercompany_US127250" name="Should create new pricing rule TB on the equipment TB" time="49.726">
      <system-out><![CDATA[
COMMAND: POST /session/d53f532480bfbfa72ae7ae5ef7ef8f5b/element - {"using":"xpath","value":"//button[@data-kt=\"addButton\"]"}
RESULT: {"using":"xpath","value":"//button[@data-kt=\"addButton\"]"}
COMMAND: POST /session/d53f532480bfbfa72ae7ae5ef7ef8f5b/elements - {"using":"xpath","value":"//button[@data-kt=\"addButton\"]"}
RESULT: {"using":"xpath","value":"//button[@data-kt=\"addButton\"]"}
COMMAND: POST /session/d53f532480bfbfa72ae7ae5ef7ef8f5b/element - {"using":"xpath","value":"//button[@data-kt=\"addButton\"]"}
RESULT: {"using":"xpath","value":"//button[@data-kt=\"addButton\"]"}
COMMAND: POST /session/d53f532480bfbfa72ae7ae5ef7ef8f5b/execute/sync - {"script":"<script> [8489 bytes]","args":[{"element-6066-11e4-a52e-4f735466cecf":"f.9714F2348D0A698B9780435C77649C65.d.F227AB0F493EAF31566AB426567E524A.e.3331","ELEMENT":"f.9714F2348D0A698B9780435C77649C65.d.F227AB0F493EAF31566AB426567E524A.e.3331"}]}
RESULT: {"script":"<script> [8489 bytes]","args":[{"element-6066-11e4-a52e-4f735466cecf":"f.9714F2348D0A698B9780435C77649C65.d.F227AB0F493EAF31566AB426567E524A.e.3331","ELEMENT":"f.9714F2348D0A698B9780435C77649C65.d.F227AB0F493EAF31566AB426567E524A.e.3331"}]}
COMMAND: GET /session/d53f532480bfbfa72ae7ae5ef7ef8f5b/element/f.9714F2348D0A698B9780435C77649C65.d.F227AB0F493EAF31566AB426567E524A.e.3331/enabled - {}
COMMAND: GET /session/d53f532480bfbfa72ae7ae5ef7ef8f5b/screenshot - {}
RESULT: {}
COMMAND: POST /session/d53f532480bfbfa72ae7ae5ef7ef8f5b/execute/sync - {"script":"<script> [8489 bytes]","args":[{"element-6066-11e4-a52e-4f735466cecf":"f.9714F2348D0A698B9780435C77649C65.d.F227AB0F493EAF31566AB426567E524A.e.3331","ELEMENT":"f.9714F2348D0A698B9780435C77649C65.d.F227AB0F493EAF31566AB426567E524A.e.3331"}]}
COMMAND: GET /session/d53f532480bfbfa72ae7ae5ef7ef8f5b/screenshot - {}
RESULT: {}
RESULT: {"script":"<script> [8489 bytes]","args":[{"element-6066-11e4-a52e-4f735466cecf":"f.9714F2348D0A698B9780435C77649C65.d.F227AB0F493EAF31566AB426567E524A.e.3331","ELEMENT":"f.9714F2348D0A698B9780435C77649C65.d.F227AB0F493EAF31566AB426567E524A.e.3331"}]}
COMMAND: POST /session/d53f532480bfbfa72ae7ae5ef7ef8f5b/execute/sync - {"script":"<script> [5351 bytes]","args":[{"element-6066-11e4-a52e-4f735466cecf":"f.9714F2348D0A698B9780435C77649C65.d.F227AB0F493EAF31566AB426567E524A.e.3331","ELEMENT":"f.9714F2348D0A698B9780435C77649C65.d.F227AB0F493EAF31566AB426567E524A.e.3331"}]}
COMMAND: GET /session/d53f532480bfbfa72ae7ae5ef7ef8f5b/screenshot - {}
RESULT: {}
RESULT: {"script":"<script> [5351 bytes]","args":[{"element-6066-11e4-a52e-4f735466cecf":"f.9714F2348D0A698B9780435C77649C65.d.F227AB0F493EAF31566AB426567E524A.e.3331","ELEMENT":"f.9714F2348D0A698B9780435C77649C65.d.F227AB0F493EAF31566AB426567E524A.e.3331"}]}
COMMAND: POST /session/d53f532480bfbfa72ae7ae5ef7ef8f5b/element/f.9714F2348D0A698B9780435C77649C65.d.F227AB0F493EAF31566AB426567E524A.e.3331/click - {}
COMMAND: GET /session/d53f532480bfbfa72ae7ae5ef7ef8f5b/screenshot - {}
RESULT: {}
RESULT: {}
COMMAND: GET /session/d53f532480bfbfa72ae7ae5ef7ef8f5b/screenshot - {}
RESULT: {}
RESULT: {}
COMMAND: POST /session/d53f532480bfbfa72ae7ae5ef7ef8f5b/execute/async - {"script":"<script> [1562 bytes]","args":[{"selector":{"controlType":"sap.m.Title","viewName":"etm.portal.ui.managepricingrules.view.NewItem","viewId":"application-managepricingrules-display-component---newInfoPriceItem","properties":{"text":"New Pricing Rules - Item Level"}},"wdio_ui5_key":"etmportal.ui.managepricingrules.view.NewItemsap.m.Title{\"text\":\"New Pricing Rules - Item Level\"}"}]}
RESULT: {"script":"<script> [1562 bytes]","args":[{"selector":{"controlType":"sap.m.Title","viewName":"etm.portal.ui.managepricingrules.view.NewItem","viewId":"application-managepricingrules-display-component---newInfoPriceItem","properties":{"text":"New Pricing Rules - Item Level"}},"wdio_ui5_key":"etmportal.ui.managepricingrules.view.NewItemsap.m.Title{\"text\":\"New Pricing Rules - Item Level\"}"}]}
RESULT: undefined
COMMAND: POST /session/d53f532480bfbfa72ae7ae5ef7ef8f5b/execute/async - {"script":"<script> [6424 bytes]","args":[{"element-6066-11e4-a52e-4f735466cecf":"f.9714F2348D0A698B9780435C77649C65.d.F227AB0F493EAF31566AB426567E524A.e.3502"},"getText",[]]}
RESULT: {"script":"<script> [6424 bytes]","args":[{"element-6066-11e4-a52e-4f735466cecf":"f.9714F2348D0A698B9780435C77649C65.d.F227AB0F493EAF31566AB426567E524A.e.3502"},"getText",[]]}
COMMAND: POST /session/d53f532480bfbfa72ae7ae5ef7ef8f5b/execute/async - {"script":"<script> [1562 bytes]","args":[{"selector":{"id":"application-managepricingrules-display-component---newInfoPriceItem--condValidTo","interaction":{"idSuffix":"inner"}},"wdio_ui5_key":"applicationmanagepricingrules-display-component---newInfoPriceItem--condValidTo"}]}
RESULT: {"script":"<script> [1562 bytes]","args":[{"selector":{"id":"application-managepricingrules-display-component---newInfoPriceItem--condValidTo","interaction":{"idSuffix":"inner"}},"wdio_ui5_key":"applicationmanagepricingrules-display-component---newInfoPriceItem--condValidTo"}]}
RESULT: undefined
COMMAND: POST /session/d53f532480bfbfa72ae7ae5ef7ef8f5b/execute/async - {"script":"<script> [776 bytes]","args":[{"enterText":"12/23/25","selector":{"id":"application-managepricingrules-display-component---newInfoPriceItem--condValidTo","interaction":{"idSuffix":"inner"}},"clearTextFirst":true,"interactionType":"ENTER_TEXT"}]}
RESULT: {"script":"<script> [776 bytes]","args":[{"enterText":"12/23/25","selector":{"id":"application-managepricingrules-display-component---newInfoPriceItem--condValidTo","interaction":{"idSuffix":"inner"}},"clearTextFirst":true,"interactionType":"ENTER_TEXT"}]}
COMMAND: POST /session/d53f532480bfbfa72ae7ae5ef7ef8f5b/execute/async - {"script":"<script> [1562 bytes]","args":[{"selector":{"id":"application-managepricingrules-display-component---newInfoPriceItem--billType-arrow"},"wdio_ui5_key":"applicationmanagepricingrules-display-component---newInfoPriceItem--billType-arrow"}]}
RESULT: {"script":"<script> [1562 bytes]","args":[{"selector":{"id":"application-managepricingrules-display-component---newInfoPriceItem--billType-arrow"},"wdio_ui5_key":"applicationmanagepricingrules-display-component---newInfoPriceItem--billType-arrow"}]}
RESULT: undefined
COMMAND: POST /session/d53f532480bfbfa72ae7ae5ef7ef8f5b/element - {"using":"xpath","value":"//*[@id=\"application-managepricingrules-display-component---newInfoPriceItem--billType-arrow\"]"}
RESULT: {"using":"xpath","value":"//*[@id=\"application-managepricingrules-display-component---newInfoPriceItem--billType-arrow\"]"}
COMMAND: POST /session/d53f532480bfbfa72ae7ae5ef7ef8f5b/element/f.9714F2348D0A698B9780435C77649C65.d.F227AB0F493EAF31566AB426567E524A.e.3462/click - {}
RESULT: {}
COMMAND: POST /session/d53f532480bfbfa72ae7ae5ef7ef8f5b/element - {"using":"xpath","value":"//span[contains(text(), \"TB - Time based\")]"}
COMMAND: GET /session/d53f532480bfbfa72ae7ae5ef7ef8f5b/screenshot - {}
RESULT: {"using":"xpath","value":"//span[contains(text(), \"TB - Time based\")]"}
COMMAND: POST /session/d53f532480bfbfa72ae7ae5ef7ef8f5b/element/f.9714F2348D0A698B9780435C77649C65.d.F227AB0F493EAF31566AB426567E524A.e.3504/click - {}
RESULT: {}
RESULT: {}
COMMAND: POST /session/d53f532480bfbfa72ae7ae5ef7ef8f5b/execute/async - {"script":"<script> [1562 bytes]","args":[{"selector":{"id":"application-managepricingrules-display-component---newInfoPriceItem--priceProc-arrow"},"wdio_ui5_key":"applicationmanagepricingrules-display-component---newInfoPriceItem--priceProc-arrow"}]}
COMMAND: GET /session/d53f532480bfbfa72ae7ae5ef7ef8f5b/screenshot - {}
RESULT: {"script":"<script> [1562 bytes]","args":[{"selector":{"id":"application-managepricingrules-display-component---newInfoPriceItem--priceProc-arrow"},"wdio_ui5_key":"applicationmanagepricingrules-display-component---newInfoPriceItem--priceProc-arrow"}]}
RESULT: undefined
COMMAND: POST /session/d53f532480bfbfa72ae7ae5ef7ef8f5b/element - {"using":"xpath","value":"//*[@id=\"application-managepricingrules-display-component---newInfoPriceItem--priceProc-arrow\"]"}
RESULT: {}
RESULT: {"using":"xpath","value":"//*[@id=\"application-managepricingrules-display-component---newInfoPriceItem--priceProc-arrow\"]"}
COMMAND: POST /session/d53f532480bfbfa72ae7ae5ef7ef8f5b/element/f.9714F2348D0A698B9780435C77649C65.d.F227AB0F493EAF31566AB426567E524A.e.3469/click - {}
RESULT: {}
COMMAND: POST /session/d53f532480bfbfa72ae7ae5ef7ef8f5b/element - {"using":"xpath","value":"//span[contains(text(), \"TBS - Time based standard\")]"}
COMMAND: GET /session/d53f532480bfbfa72ae7ae5ef7ef8f5b/screenshot - {}
RESULT: {"using":"xpath","value":"//span[contains(text(), \"TBS - Time based standard\")]"}
COMMAND: POST /session/d53f532480bfbfa72ae7ae5ef7ef8f5b/element/f.9714F2348D0A698B9780435C77649C65.d.F227AB0F493EAF31566AB426567E524A.e.3505/click - {}
RESULT: {}
RESULT: {}
COMMAND: POST /session/d53f532480bfbfa72ae7ae5ef7ef8f5b/execute/async - {"script":"<script> [1562 bytes]","args":[{"selector":{"id":"application-managepricingrules-display-component---newInfoPriceItem--calcBase-arrow"},"wdio_ui5_key":"applicationmanagepricingrules-display-component---newInfoPriceItem--calcBase-arrow"}]}
COMMAND: GET /session/d53f532480bfbfa72ae7ae5ef7ef8f5b/screenshot - {}
RESULT: {"script":"<script> [1562 bytes]","args":[{"selector":{"id":"application-managepricingrules-display-component---newInfoPriceItem--calcBase-arrow"},"wdio_ui5_key":"applicationmanagepricingrules-display-component---newInfoPriceItem--calcBase-arrow"}]}
RESULT: undefined
COMMAND: POST /session/d53f532480bfbfa72ae7ae5ef7ef8f5b/element - {"using":"xpath","value":"//*[@id=\"application-managepricingrules-display-component---newInfoPriceItem--calcBase-arrow\"]"}
RESULT: {}
RESULT: {"using":"xpath","value":"//*[@id=\"application-managepricingrules-display-component---newInfoPriceItem--calcBase-arrow\"]"}
COMMAND: POST /session/d53f532480bfbfa72ae7ae5ef7ef8f5b/element/f.9714F2348D0A698B9780435C77649C65.d.F227AB0F493EAF31566AB426567E524A.e.3476/click - {}
RESULT: {}
COMMAND: GET /session/d53f532480bfbfa72ae7ae5ef7ef8f5b/screenshot - {}
RESULT: {}
COMMAND: POST /session/d53f532480bfbfa72ae7ae5ef7ef8f5b/element - {"using":"xpath","value":"//span[contains(text(), \"0006 - TB(calendar days)\")]"}
RESULT: {"using":"xpath","value":"//span[contains(text(), \"0006 - TB(calendar days)\")]"}
COMMAND: POST /session/d53f532480bfbfa72ae7ae5ef7ef8f5b/element/f.9714F2348D0A698B9780435C77649C65.d.F227AB0F493EAF31566AB426567E524A.e.3506/click - {}
RESULT: {}
COMMAND: GET /session/d53f532480bfbfa72ae7ae5ef7ef8f5b/screenshot - {}
RESULT: {}
COMMAND: POST /session/d53f532480bfbfa72ae7ae5ef7ef8f5b/execute/async - {"script":"<script> [1562 bytes]","args":[{"selector":{"id":"application-managepricingrules-display-component---newInfoPriceItem--daysMonth","interaction":{"idSuffix":"inner"}},"wdio_ui5_key":"applicationmanagepricingrules-display-component---newInfoPriceItem--daysMonth"}]}
RESULT: {"script":"<script> [1562 bytes]","args":[{"selector":{"id":"application-managepricingrules-display-component---newInfoPriceItem--daysMonth","interaction":{"idSuffix":"inner"}},"wdio_ui5_key":"applicationmanagepricingrules-display-component---newInfoPriceItem--daysMonth"}]}
RESULT: undefined
COMMAND: POST /session/d53f532480bfbfa72ae7ae5ef7ef8f5b/execute/async - {"script":"<script> [776 bytes]","args":[{"enterText":"30","selector":{"id":"application-managepricingrules-display-component---newInfoPriceItem--daysMonth","interaction":{"idSuffix":"inner"}},"clearTextFirst":true,"interactionType":"ENTER_TEXT"}]}
RESULT: {"script":"<script> [776 bytes]","args":[{"enterText":"30","selector":{"id":"application-managepricingrules-display-component---newInfoPriceItem--daysMonth","interaction":{"idSuffix":"inner"}},"clearTextFirst":true,"interactionType":"ENTER_TEXT"}]}
COMMAND: POST /session/d53f532480bfbfa72ae7ae5ef7ef8f5b/element - {"using":"xpath","value":"//button[@data-kt=\"saveNewRuleButton\"]"}
RESULT: {"using":"xpath","value":"//button[@data-kt=\"saveNewRuleButton\"]"}
COMMAND: POST /session/d53f532480bfbfa72ae7ae5ef7ef8f5b/element/f.9714F2348D0A698B9780435C77649C65.d.F227AB0F493EAF31566AB426567E524A.e.3496/click - {}
RESULT: {}
COMMAND: GET /session/d53f532480bfbfa72ae7ae5ef7ef8f5b/screenshot - {}
RESULT: {}
COMMAND: POST /session/d53f532480bfbfa72ae7ae5ef7ef8f5b/execute/async - {"script":"<script> [1562 bytes]","args":[{"selector":{"id":"application-managepricingrules-display-component---priceInfoItem--smartFilterBar-btnBasicSearch","interaction":{"idSuffix":"I"}},"wdio_ui5_key":"applicationmanagepricingrules-display-component---priceInfoItem--smartFilterBar-btnBasicSearch"}]}
RESULT: {"script":"<script> [1562 bytes]","args":[{"selector":{"id":"application-managepricingrules-display-component---priceInfoItem--smartFilterBar-btnBasicSearch","interaction":{"idSuffix":"I"}},"wdio_ui5_key":"applicationmanagepricingrules-display-component---priceInfoItem--smartFilterBar-btnBasicSearch"}]}
RESULT: undefined
COMMAND: POST /session/d53f532480bfbfa72ae7ae5ef7ef8f5b/execute/async - {"script":"<script> [776 bytes]","args":[{"enterText":"Gys3EGWtTK","selector":{"id":"application-managepricingrules-display-component---priceInfoItem--smartFilterBar-btnBasicSearch","interaction":{"idSuffix":"I"}},"clearTextFirst":true,"interactionType":"ENTER_TEXT"}]}
RESULT: {"script":"<script> [776 bytes]","args":[{"enterText":"Gys3EGWtTK","selector":{"id":"application-managepricingrules-display-component---priceInfoItem--smartFilterBar-btnBasicSearch","interaction":{"idSuffix":"I"}},"clearTextFirst":true,"interactionType":"ENTER_TEXT"}]}
COMMAND: POST /session/d53f532480bfbfa72ae7ae5ef7ef8f5b/actions - {"actions":[{"id":"action11","type":"key","parameters":{},"actions":[{"type":"keyDown","value":""},{"type":"pause","duration":10},{"type":"keyUp","value":""}]}]}
RESULT: {"actions":[{"id":"action11","type":"key","parameters":{},"actions":[{"type":"keyDown","value":""},{"type":"pause","duration":10},{"type":"keyUp","value":""}]}]}
COMMAND: GET /session/d53f532480bfbfa72ae7ae5ef7ef8f5b/screenshot - {}
RESULT: {}
COMMAND: POST /session/d53f532480bfbfa72ae7ae5ef7ef8f5b/element - {"using":"xpath","value":"//span[@id=\"application-managepricingrules-display-component---priceInfoItem--smartTable-header-inner\"]"}
RESULT: {"using":"xpath","value":"//span[@id=\"application-managepricingrules-display-component---priceInfoItem--smartTable-header-inner\"]"}
COMMAND: POST /session/d53f532480bfbfa72ae7ae5ef7ef8f5b/elements - {"using":"xpath","value":"//span[@id=\"application-managepricingrules-display-component---priceInfoItem--smartTable-header-inner\"]"}
RESULT: {"using":"xpath","value":"//span[@id=\"application-managepricingrules-display-component---priceInfoItem--smartTable-header-inner\"]"}
COMMAND: POST /session/d53f532480bfbfa72ae7ae5ef7ef8f5b/execute/sync - {"script":"<script> [56 bytes]","args":[{"element-6066-11e4-a52e-4f735466cecf":"f.9714F2348D0A698B9780435C77649C65.d.F227AB0F493EAF31566AB426567E524A.e.3530","ELEMENT":"f.9714F2348D0A698B9780435C77649C65.d.F227AB0F493EAF31566AB426567E524A.e.3530"}]}
RESULT: {"script":"<script> [56 bytes]","args":[{"element-6066-11e4-a52e-4f735466cecf":"f.9714F2348D0A698B9780435C77649C65.d.F227AB0F493EAF31566AB426567E524A.e.3530","ELEMENT":"f.9714F2348D0A698B9780435C77649C65.d.F227AB0F493EAF31566AB426567E524A.e.3530"}]}
COMMAND: POST /session/d53f532480bfbfa72ae7ae5ef7ef8f5b/element - {"using":"css selector","value":"#shell-header-logo"}
COMMAND: GET /session/d53f532480bfbfa72ae7ae5ef7ef8f5b/screenshot - {}
RESULT: {"using":"css selector","value":"#shell-header-logo"}
COMMAND: POST /session/d53f532480bfbfa72ae7ae5ef7ef8f5b/element/f.9714F2348D0A698B9780435C77649C65.d.F227AB0F493EAF31566AB426567E524A.e.2661/click - {}
RESULT: {}
RESULT: {}
COMMAND: GET /session/d53f532480bfbfa72ae7ae5ef7ef8f5b/screenshot - {}
RESULT: {}
]]></system-out>
    </testcase>
    <testcase classname="chrome.135_0_7049_42.windows.Billing_Transfer_-_Master_data_&amp;_Intercompany_US127250" name="Should create new condition for equipment TB" time="62.2">
      <system-out><![CDATA[
COMMAND: POST /session/d53f532480bfbfa72ae7ae5ef7ef8f5b/execute/async - {"script":"<script> [1562 bytes]","args":[{"selector":{"controlType":"sap.m.Text","properties":{"text":"Manage Conditions & Prices"},"interaction":{"idSuffix":"inner"}},"wdio_ui5_key":"sapm.Text{\"text\":\"Manage Conditions & Prices\"}"}]}
RESULT: {"script":"<script> [1562 bytes]","args":[{"selector":{"controlType":"sap.m.Text","properties":{"text":"Manage Conditions & Prices"},"interaction":{"idSuffix":"inner"}},"wdio_ui5_key":"sapm.Text{\"text\":\"Manage Conditions & Prices\"}"}]}
RESULT: undefined
COMMAND: POST /session/d53f532480bfbfa72ae7ae5ef7ef8f5b/element - {"using":"xpath","value":"//*[@id=\"__tile93-title\"]"}
RESULT: {"using":"xpath","value":"//*[@id=\"__tile93-title\"]"}
COMMAND: POST /session/d53f532480bfbfa72ae7ae5ef7ef8f5b/element/f.9714F2348D0A698B9780435C77649C65.d.F227AB0F493EAF31566AB426567E524A.e.3533/click - {}
RESULT: {}
COMMAND: POST /session/d53f532480bfbfa72ae7ae5ef7ef8f5b/element - {"using":"xpath","value":"//button[@aria-label=\"Create\"]"}
COMMAND: GET /session/d53f532480bfbfa72ae7ae5ef7ef8f5b/screenshot - {}
RESULT: {"using":"xpath","value":"//button[@aria-label=\"Create\"]"}
COMMAND: POST /session/d53f532480bfbfa72ae7ae5ef7ef8f5b/elements - {"using":"xpath","value":"//button[@aria-label=\"Create\"]"}
RESULT: {}
RESULT: {"using":"xpath","value":"//button[@aria-label=\"Create\"]"}
COMMAND: POST /session/d53f532480bfbfa72ae7ae5ef7ef8f5b/elements - {"using":"xpath","value":"//button[@aria-label=\"Create\"]"}
RESULT: {"using":"xpath","value":"//button[@aria-label=\"Create\"]"}
COMMAND: POST /session/d53f532480bfbfa72ae7ae5ef7ef8f5b/elements - {"using":"xpath","value":"//button[@aria-label=\"Create\"]"}
RESULT: {"using":"xpath","value":"//button[@aria-label=\"Create\"]"}
COMMAND: POST /session/d53f532480bfbfa72ae7ae5ef7ef8f5b/elements - {"using":"xpath","value":"//button[@aria-label=\"Create\"]"}
RESULT: {"using":"xpath","value":"//button[@aria-label=\"Create\"]"}
COMMAND: POST /session/d53f532480bfbfa72ae7ae5ef7ef8f5b/element - {"using":"xpath","value":"//button[@aria-label=\"Create\"]"}
RESULT: {"using":"xpath","value":"//button[@aria-label=\"Create\"]"}
COMMAND: POST /session/d53f532480bfbfa72ae7ae5ef7ef8f5b/execute/sync - {"script":"<script> [8489 bytes]","args":[{"element-6066-11e4-a52e-4f735466cecf":"f.9714F2348D0A698B9780435C77649C65.d.F227AB0F493EAF31566AB426567E524A.e.3565","ELEMENT":"f.9714F2348D0A698B9780435C77649C65.d.F227AB0F493EAF31566AB426567E524A.e.3565"}]}
RESULT: {"script":"<script> [8489 bytes]","args":[{"element-6066-11e4-a52e-4f735466cecf":"f.9714F2348D0A698B9780435C77649C65.d.F227AB0F493EAF31566AB426567E524A.e.3565","ELEMENT":"f.9714F2348D0A698B9780435C77649C65.d.F227AB0F493EAF31566AB426567E524A.e.3565"}]}
COMMAND: GET /session/d53f532480bfbfa72ae7ae5ef7ef8f5b/element/f.9714F2348D0A698B9780435C77649C65.d.F227AB0F493EAF31566AB426567E524A.e.3565/enabled - {}
COMMAND: GET /session/d53f532480bfbfa72ae7ae5ef7ef8f5b/screenshot - {}
RESULT: {}
COMMAND: POST /session/d53f532480bfbfa72ae7ae5ef7ef8f5b/execute/sync - {"script":"<script> [8489 bytes]","args":[{"element-6066-11e4-a52e-4f735466cecf":"f.9714F2348D0A698B9780435C77649C65.d.F227AB0F493EAF31566AB426567E524A.e.3565","ELEMENT":"f.9714F2348D0A698B9780435C77649C65.d.F227AB0F493EAF31566AB426567E524A.e.3565"}]}
COMMAND: GET /session/d53f532480bfbfa72ae7ae5ef7ef8f5b/screenshot - {}
RESULT: {}
RESULT: {"script":"<script> [8489 bytes]","args":[{"element-6066-11e4-a52e-4f735466cecf":"f.9714F2348D0A698B9780435C77649C65.d.F227AB0F493EAF31566AB426567E524A.e.3565","ELEMENT":"f.9714F2348D0A698B9780435C77649C65.d.F227AB0F493EAF31566AB426567E524A.e.3565"}]}
COMMAND: POST /session/d53f532480bfbfa72ae7ae5ef7ef8f5b/execute/sync - {"script":"<script> [5351 bytes]","args":[{"element-6066-11e4-a52e-4f735466cecf":"f.9714F2348D0A698B9780435C77649C65.d.F227AB0F493EAF31566AB426567E524A.e.3565","ELEMENT":"f.9714F2348D0A698B9780435C77649C65.d.F227AB0F493EAF31566AB426567E524A.e.3565"}]}
COMMAND: GET /session/d53f532480bfbfa72ae7ae5ef7ef8f5b/screenshot - {}
RESULT: {}
RESULT: {}
RESULT: {"script":"<script> [5351 bytes]","args":[{"element-6066-11e4-a52e-4f735466cecf":"f.9714F2348D0A698B9780435C77649C65.d.F227AB0F493EAF31566AB426567E524A.e.3565","ELEMENT":"f.9714F2348D0A698B9780435C77649C65.d.F227AB0F493EAF31566AB426567E524A.e.3565"}]}
COMMAND: POST /session/d53f532480bfbfa72ae7ae5ef7ef8f5b/element/f.9714F2348D0A698B9780435C77649C65.d.F227AB0F493EAF31566AB426567E524A.e.3565/click - {}
COMMAND: GET /session/d53f532480bfbfa72ae7ae5ef7ef8f5b/screenshot - {}
RESULT: {}
COMMAND: GET /session/d53f532480bfbfa72ae7ae5ef7ef8f5b/screenshot - {}
RESULT: {}
RESULT: {}
COMMAND: POST /session/d53f532480bfbfa72ae7ae5ef7ef8f5b/actions - {"actions":[{"id":"action12","type":"key","parameters":{},"actions":[{"type":"keyDown","value":""},{"type":"pause","duration":10},{"type":"keyUp","value":""}]}]}
RESULT: {"actions":[{"id":"action12","type":"key","parameters":{},"actions":[{"type":"keyDown","value":""},{"type":"pause","duration":10},{"type":"keyUp","value":""}]}]}
COMMAND: GET /session/d53f532480bfbfa72ae7ae5ef7ef8f5b/screenshot - {}
RESULT: {}
COMMAND: POST /session/d53f532480bfbfa72ae7ae5ef7ef8f5b/execute/async - {"script":"<script> [1562 bytes]","args":[{"selector":{"id":"application-manageconditionprice-display-component---newCondition--condBillCond-arrow"},"wdio_ui5_key":"applicationmanageconditionprice-display-component---newCondition--condBillCond-arrow"}]}
RESULT: {"script":"<script> [1562 bytes]","args":[{"selector":{"id":"application-manageconditionprice-display-component---newCondition--condBillCond-arrow"},"wdio_ui5_key":"applicationmanageconditionprice-display-component---newCondition--condBillCond-arrow"}]}
RESULT: undefined
COMMAND: POST /session/d53f532480bfbfa72ae7ae5ef7ef8f5b/element - {"using":"xpath","value":"//*[@id=\"application-manageconditionprice-display-component---newCondition--condBillCond-arrow\"]"}
RESULT: {"using":"xpath","value":"//*[@id=\"application-manageconditionprice-display-component---newCondition--condBillCond-arrow\"]"}
COMMAND: POST /session/d53f532480bfbfa72ae7ae5ef7ef8f5b/element/f.9714F2348D0A698B9780435C77649C65.d.F227AB0F493EAF31566AB426567E524A.e.3769/click - {}
RESULT: {}
COMMAND: GET /session/d53f532480bfbfa72ae7ae5ef7ef8f5b/screenshot - {}
RESULT: {}
COMMAND: POST /session/d53f532480bfbfa72ae7ae5ef7ef8f5b/element - {"using":"xpath","value":"//li[.//span[contains(text(), \"DISP - D&I special price\")]]"}
RESULT: {"using":"xpath","value":"//li[.//span[contains(text(), \"DISP - D&I special price\")]]"}
COMMAND: POST /session/d53f532480bfbfa72ae7ae5ef7ef8f5b/element/f.9714F2348D0A698B9780435C77649C65.d.F227AB0F493EAF31566AB426567E524A.e.3773/click - {}
RESULT: {}
COMMAND: GET /session/d53f532480bfbfa72ae7ae5ef7ef8f5b/screenshot - {}
RESULT: {}
COMMAND: POST /session/d53f532480bfbfa72ae7ae5ef7ef8f5b/execute/async - {"script":"<script> [1562 bytes]","args":[{"selector":{"id":"application-manageconditionprice-display-component---newCondition--condValidTo","interaction":{"idSuffix":"inner"}},"wdio_ui5_key":"applicationmanageconditionprice-display-component---newCondition--condValidTo"}]}
RESULT: {"script":"<script> [1562 bytes]","args":[{"selector":{"id":"application-manageconditionprice-display-component---newCondition--condValidTo","interaction":{"idSuffix":"inner"}},"wdio_ui5_key":"applicationmanageconditionprice-display-component---newCondition--condValidTo"}]}
RESULT: undefined
COMMAND: POST /session/d53f532480bfbfa72ae7ae5ef7ef8f5b/execute/async - {"script":"<script> [776 bytes]","args":[{"enterText":"12/23/25","selector":{"id":"application-manageconditionprice-display-component---newCondition--condValidTo","interaction":{"idSuffix":"inner"}},"clearTextFirst":true,"interactionType":"ENTER_TEXT"}]}
RESULT: {"script":"<script> [776 bytes]","args":[{"enterText":"12/23/25","selector":{"id":"application-manageconditionprice-display-component---newCondition--condValidTo","interaction":{"idSuffix":"inner"}},"clearTextFirst":true,"interactionType":"ENTER_TEXT"}]}
COMMAND: POST /session/d53f532480bfbfa72ae7ae5ef7ef8f5b/element - {"using":"xpath","value":"//input[@id=\"application-manageconditionprice-display-component---newCondition--condRU-inner\"]"}
RESULT: {"using":"xpath","value":"//input[@id=\"application-manageconditionprice-display-component---newCondition--condRU-inner\"]"}
COMMAND: POST /session/d53f532480bfbfa72ae7ae5ef7ef8f5b/element/f.9714F2348D0A698B9780435C77649C65.d.F227AB0F493EAF31566AB426567E524A.e.3634/clear - {}
RESULT: {}
COMMAND: POST /session/d53f532480bfbfa72ae7ae5ef7ef8f5b/element/f.9714F2348D0A698B9780435C77649C65.d.F227AB0F493EAF31566AB426567E524A.e.3634/value - {"text":"Gys3EGWtTK"}
COMMAND: GET /session/d53f532480bfbfa72ae7ae5ef7ef8f5b/screenshot - {}
RESULT: {"text":"Gys3EGWtTK"}
COMMAND: GET /session/d53f532480bfbfa72ae7ae5ef7ef8f5b/screenshot - {}
RESULT: {}
RESULT: {}
COMMAND: POST /session/d53f532480bfbfa72ae7ae5ef7ef8f5b/actions - {"actions":[{"id":"action13","type":"key","parameters":{},"actions":[{"type":"keyDown","value":""},{"type":"pause","duration":10},{"type":"keyUp","value":""}]}]}
RESULT: {"actions":[{"id":"action13","type":"key","parameters":{},"actions":[{"type":"keyDown","value":""},{"type":"pause","duration":10},{"type":"keyUp","value":""}]}]}
COMMAND: POST /session/d53f532480bfbfa72ae7ae5ef7ef8f5b/execute/async - {"script":"<script> [1562 bytes]","args":[{"selector":{"id":"application-manageconditionprice-display-component---newCondition--condBaseQty","interaction":{"idSuffix":"inner"}},"wdio_ui5_key":"applicationmanageconditionprice-display-component---newCondition--condBaseQty"}]}
COMMAND: GET /session/d53f532480bfbfa72ae7ae5ef7ef8f5b/screenshot - {}
RESULT: {"script":"<script> [1562 bytes]","args":[{"selector":{"id":"application-manageconditionprice-display-component---newCondition--condBaseQty","interaction":{"idSuffix":"inner"}},"wdio_ui5_key":"applicationmanageconditionprice-display-component---newCondition--condBaseQty"}]}
RESULT: undefined
COMMAND: POST /session/d53f532480bfbfa72ae7ae5ef7ef8f5b/execute/async - {"script":"<script> [776 bytes]","args":[{"enterText":"1","selector":{"id":"application-manageconditionprice-display-component---newCondition--condBaseQty","interaction":{"idSuffix":"inner"}},"clearTextFirst":true,"interactionType":"ENTER_TEXT"}]}
RESULT: {}
RESULT: {"script":"<script> [776 bytes]","args":[{"enterText":"1","selector":{"id":"application-manageconditionprice-display-component---newCondition--condBaseQty","interaction":{"idSuffix":"inner"}},"clearTextFirst":true,"interactionType":"ENTER_TEXT"}]}
COMMAND: POST /session/d53f532480bfbfa72ae7ae5ef7ef8f5b/execute/async - {"script":"<script> [1562 bytes]","args":[{"selector":{"id":"application-manageconditionprice-display-component---newCondition--condValue","interaction":{"idSuffix":"inner"}},"wdio_ui5_key":"applicationmanageconditionprice-display-component---newCondition--condValue"}]}
RESULT: {"script":"<script> [1562 bytes]","args":[{"selector":{"id":"application-manageconditionprice-display-component---newCondition--condValue","interaction":{"idSuffix":"inner"}},"wdio_ui5_key":"applicationmanageconditionprice-display-component---newCondition--condValue"}]}
RESULT: undefined
COMMAND: POST /session/d53f532480bfbfa72ae7ae5ef7ef8f5b/execute/async - {"script":"<script> [776 bytes]","args":[{"enterText":"100","selector":{"id":"application-manageconditionprice-display-component---newCondition--condValue","interaction":{"idSuffix":"inner"}},"clearTextFirst":true,"interactionType":"ENTER_TEXT"}]}
RESULT: {"script":"<script> [776 bytes]","args":[{"enterText":"100","selector":{"id":"application-manageconditionprice-display-component---newCondition--condValue","interaction":{"idSuffix":"inner"}},"clearTextFirst":true,"interactionType":"ENTER_TEXT"}]}
COMMAND: POST /session/d53f532480bfbfa72ae7ae5ef7ef8f5b/execute/async - {"script":"<script> [1562 bytes]","args":[{"selector":{"id":"application-manageconditionprice-display-component---newCondition--condCurr-arrow"},"wdio_ui5_key":"applicationmanageconditionprice-display-component---newCondition--condCurr-arrow"}]}
RESULT: {"script":"<script> [1562 bytes]","args":[{"selector":{"id":"application-manageconditionprice-display-component---newCondition--condCurr-arrow"},"wdio_ui5_key":"applicationmanageconditionprice-display-component---newCondition--condCurr-arrow"}]}
RESULT: undefined
COMMAND: POST /session/d53f532480bfbfa72ae7ae5ef7ef8f5b/element - {"using":"xpath","value":"//*[@id=\"application-manageconditionprice-display-component---newCondition--condCurr-arrow\"]"}
RESULT: {"using":"xpath","value":"//*[@id=\"application-manageconditionprice-display-component---newCondition--condCurr-arrow\"]"}
COMMAND: POST /session/d53f532480bfbfa72ae7ae5ef7ef8f5b/element/f.9714F2348D0A698B9780435C77649C65.d.F227AB0F493EAF31566AB426567E524A.e.3749/click - {}
RESULT: {}
COMMAND: POST /session/d53f532480bfbfa72ae7ae5ef7ef8f5b/element - {"using":"xpath","value":"//span[contains(text(), \"Euro\")]"}
COMMAND: GET /session/d53f532480bfbfa72ae7ae5ef7ef8f5b/screenshot - {}
RESULT: {"using":"xpath","value":"//span[contains(text(), \"Euro\")]"}
COMMAND: POST /session/d53f532480bfbfa72ae7ae5ef7ef8f5b/element/f.9714F2348D0A698B9780435C77649C65.d.F227AB0F493EAF31566AB426567E524A.e.3810/click - {}
RESULT: {}
RESULT: {}
COMMAND: POST /session/d53f532480bfbfa72ae7ae5ef7ef8f5b/element - {"using":"xpath","value":"//button[@data-kt=\"saveButton\"]"}
COMMAND: GET /session/d53f532480bfbfa72ae7ae5ef7ef8f5b/screenshot - {}
RESULT: {"using":"xpath","value":"//button[@data-kt=\"saveButton\"]"}
COMMAND: POST /session/d53f532480bfbfa72ae7ae5ef7ef8f5b/element/f.9714F2348D0A698B9780435C77649C65.d.F227AB0F493EAF31566AB426567E524A.e.3750/click - {}
RESULT: {}
RESULT: {}
COMMAND: GET /session/d53f532480bfbfa72ae7ae5ef7ef8f5b/screenshot - {}
RESULT: {}
COMMAND: POST /session/d53f532480bfbfa72ae7ae5ef7ef8f5b/execute/async - {"script":"<script> [1562 bytes]","args":[{"selector":{"id":"application-manageconditionprice-display-component---conditions--smartFilterBar-btnBasicSearch","interaction":{"idSuffix":"I"}},"wdio_ui5_key":"applicationmanageconditionprice-display-component---conditions--smartFilterBar-btnBasicSearch"}]}
RESULT: {"script":"<script> [1562 bytes]","args":[{"selector":{"id":"application-manageconditionprice-display-component---conditions--smartFilterBar-btnBasicSearch","interaction":{"idSuffix":"I"}},"wdio_ui5_key":"applicationmanageconditionprice-display-component---conditions--smartFilterBar-btnBasicSearch"}]}
RESULT: undefined
COMMAND: POST /session/d53f532480bfbfa72ae7ae5ef7ef8f5b/execute/async - {"script":"<script> [776 bytes]","args":[{"enterText":"Gys3EGWtTK","selector":{"id":"application-manageconditionprice-display-component---conditions--smartFilterBar-btnBasicSearch","interaction":{"idSuffix":"I"}},"clearTextFirst":true,"interactionType":"ENTER_TEXT"}]}
RESULT: {"script":"<script> [776 bytes]","args":[{"enterText":"Gys3EGWtTK","selector":{"id":"application-manageconditionprice-display-component---conditions--smartFilterBar-btnBasicSearch","interaction":{"idSuffix":"I"}},"clearTextFirst":true,"interactionType":"ENTER_TEXT"}]}
COMMAND: POST /session/d53f532480bfbfa72ae7ae5ef7ef8f5b/actions - {"actions":[{"id":"action14","type":"key","parameters":{},"actions":[{"type":"keyDown","value":""},{"type":"pause","duration":10},{"type":"keyUp","value":""}]}]}
RESULT: {"actions":[{"id":"action14","type":"key","parameters":{},"actions":[{"type":"keyDown","value":""},{"type":"pause","duration":10},{"type":"keyUp","value":""}]}]}
COMMAND: GET /session/d53f532480bfbfa72ae7ae5ef7ef8f5b/screenshot - {}
RESULT: {}
COMMAND: POST /session/d53f532480bfbfa72ae7ae5ef7ef8f5b/execute/async - {"script":"<script> [1562 bytes]","args":[{"selector":{"id":"application-manageconditionprice-display-component---conditions--smartFilterBar-filterItemControl_BASIC-BILL_TYPES-vhi"},"wdio_ui5_key":"applicationmanageconditionprice-display-component---conditions--smartFilterBar-filterItemControl_BASIC-BILL_TYPES-vhi"}]}
RESULT: {"script":"<script> [1562 bytes]","args":[{"selector":{"id":"application-manageconditionprice-display-component---conditions--smartFilterBar-filterItemControl_BASIC-BILL_TYPES-vhi"},"wdio_ui5_key":"applicationmanageconditionprice-display-component---conditions--smartFilterBar-filterItemControl_BASIC-BILL_TYPES-vhi"}]}
RESULT: undefined
COMMAND: POST /session/d53f532480bfbfa72ae7ae5ef7ef8f5b/element - {"using":"xpath","value":"//*[@id=\"application-manageconditionprice-display-component---conditions--smartFilterBar-filterItemControl_BASIC-BILL_TYPES-vhi\"]"}
RESULT: {"using":"xpath","value":"//*[@id=\"application-manageconditionprice-display-component---conditions--smartFilterBar-filterItemControl_BASIC-BILL_TYPES-vhi\"]"}
COMMAND: POST /session/d53f532480bfbfa72ae7ae5ef7ef8f5b/element/f.9714F2348D0A698B9780435C77649C65.d.F227AB0F493EAF31566AB426567E524A.e.3916/click - {}
RESULT: {}
COMMAND: POST /session/d53f532480bfbfa72ae7ae5ef7ef8f5b/execute/async - {"script":"<script> [1562 bytes]","args":[{"selector":{"id":"application-manageconditionprice-display-component---conditions--smartFilterBar-filterItemControl_BASIC-BILL_TYPES-valueHelpDialog-smartFilterBar-btnBasicSearch","searchOpenDialogs":true,"interaction":{"idSuffix":"I"}},"wdio_ui5_key":"applicationmanageconditionprice-display-component---conditions--smartFilterBar-filterItemControl_BASIC-BILL_TYPES-valueHelpDialog-smartFilterBar-btnBasicSearch"}]}
COMMAND: GET /session/d53f532480bfbfa72ae7ae5ef7ef8f5b/screenshot - {}
RESULT: {"script":"<script> [1562 bytes]","args":[{"selector":{"id":"application-manageconditionprice-display-component---conditions--smartFilterBar-filterItemControl_BASIC-BILL_TYPES-valueHelpDialog-smartFilterBar-btnBasicSearch","searchOpenDialogs":true,"interaction":{"idSuffix":"I"}},"wdio_ui5_key":"applicationmanageconditionprice-display-component---conditions--smartFilterBar-filterItemControl_BASIC-BILL_TYPES-valueHelpDialog-smartFilterBar-btnBasicSearch"}]}
RESULT: undefined
COMMAND: POST /session/d53f532480bfbfa72ae7ae5ef7ef8f5b/execute/async - {"script":"<script> [776 bytes]","args":[{"enterText":"TB","selector":{"id":"application-manageconditionprice-display-component---conditions--smartFilterBar-filterItemControl_BASIC-BILL_TYPES-valueHelpDialog-smartFilterBar-btnBasicSearch","searchOpenDialogs":true,"interaction":{"idSuffix":"I"}},"clearTextFirst":true,"interactionType":"ENTER_TEXT"}]}
RESULT: {}
RESULT: {"script":"<script> [776 bytes]","args":[{"enterText":"TB","selector":{"id":"application-manageconditionprice-display-component---conditions--smartFilterBar-filterItemControl_BASIC-BILL_TYPES-valueHelpDialog-smartFilterBar-btnBasicSearch","searchOpenDialogs":true,"interaction":{"idSuffix":"I"}},"clearTextFirst":true,"interactionType":"ENTER_TEXT"}]}
COMMAND: POST /session/d53f532480bfbfa72ae7ae5ef7ef8f5b/actions - {"actions":[{"id":"action15","type":"key","parameters":{},"actions":[{"type":"keyDown","value":""},{"type":"pause","duration":10},{"type":"keyUp","value":""}]}]}
RESULT: {"actions":[{"id":"action15","type":"key","parameters":{},"actions":[{"type":"keyDown","value":""},{"type":"pause","duration":10},{"type":"keyUp","value":""}]}]}
COMMAND: GET /session/d53f532480bfbfa72ae7ae5ef7ef8f5b/screenshot - {}
RESULT: {}
COMMAND: POST /session/d53f532480bfbfa72ae7ae5ef7ef8f5b/element - {"using":"xpath","value":"//div[contains(@id, 'application-manageconditionprice-display-component---conditions--smartFilterBar-filterItemControl_BASIC-BILL_TYPES-valueHelpDialog-table-rowsel0')]"}
RESULT: {"using":"xpath","value":"//div[contains(@id, 'application-manageconditionprice-display-component---conditions--smartFilterBar-filterItemControl_BASIC-BILL_TYPES-valueHelpDialog-table-rowsel0')]"}
COMMAND: POST /session/d53f532480bfbfa72ae7ae5ef7ef8f5b/element/f.9714F2348D0A698B9780435C77649C65.d.F227AB0F493EAF31566AB426567E524A.e.3925/click - {}
RESULT: {}
COMMAND: GET /session/d53f532480bfbfa72ae7ae5ef7ef8f5b/screenshot - {}
RESULT: {}
COMMAND: POST /session/d53f532480bfbfa72ae7ae5ef7ef8f5b/element - {"using":"xpath","value":"//bdi[contains(text(), \"OK\")]"}
RESULT: {"using":"xpath","value":"//bdi[contains(text(), \"OK\")]"}
COMMAND: POST /session/d53f532480bfbfa72ae7ae5ef7ef8f5b/element/f.9714F2348D0A698B9780435C77649C65.d.F227AB0F493EAF31566AB426567E524A.e.3927/click - {}
RESULT: {}
COMMAND: GET /session/d53f532480bfbfa72ae7ae5ef7ef8f5b/screenshot - {}
RESULT: {}
COMMAND: POST /session/d53f532480bfbfa72ae7ae5ef7ef8f5b/element - {"using":"xpath","value":"//span[@id=\"application-manageconditionprice-display-component---conditions--smartTable-header-inner\"]"}
RESULT: {"using":"xpath","value":"//span[@id=\"application-manageconditionprice-display-component---conditions--smartTable-header-inner\"]"}
COMMAND: POST /session/d53f532480bfbfa72ae7ae5ef7ef8f5b/elements - {"using":"xpath","value":"//span[@id=\"application-manageconditionprice-display-component---conditions--smartTable-header-inner\"]"}
RESULT: {"using":"xpath","value":"//span[@id=\"application-manageconditionprice-display-component---conditions--smartTable-header-inner\"]"}
COMMAND: POST /session/d53f532480bfbfa72ae7ae5ef7ef8f5b/execute/sync - {"script":"<script> [56 bytes]","args":[{"element-6066-11e4-a52e-4f735466cecf":"f.9714F2348D0A698B9780435C77649C65.d.F227AB0F493EAF31566AB426567E524A.e.3930","ELEMENT":"f.9714F2348D0A698B9780435C77649C65.d.F227AB0F493EAF31566AB426567E524A.e.3930"}]}
RESULT: {"script":"<script> [56 bytes]","args":[{"element-6066-11e4-a52e-4f735466cecf":"f.9714F2348D0A698B9780435C77649C65.d.F227AB0F493EAF31566AB426567E524A.e.3930","ELEMENT":"f.9714F2348D0A698B9780435C77649C65.d.F227AB0F493EAF31566AB426567E524A.e.3930"}]}
COMMAND: POST /session/d53f532480bfbfa72ae7ae5ef7ef8f5b/element - {"using":"css selector","value":"#shell-header-logo"}
COMMAND: GET /session/d53f532480bfbfa72ae7ae5ef7ef8f5b/screenshot - {}
RESULT: {"using":"css selector","value":"#shell-header-logo"}
COMMAND: POST /session/d53f532480bfbfa72ae7ae5ef7ef8f5b/element/f.9714F2348D0A698B9780435C77649C65.d.F227AB0F493EAF31566AB426567E524A.e.3536/click - {}
RESULT: {}
RESULT: {}
COMMAND: GET /session/d53f532480bfbfa72ae7ae5ef7ef8f5b/screenshot - {}
RESULT: {}
]]></system-out>
    </testcase>
    <testcase classname="chrome.135_0_7049_42.windows.Billing_Transfer_-_Master_data_&amp;_Intercompany_US127250" name="Should do a stock increase" time="79.63">
      <system-out><![CDATA[
COMMAND: POST /session/d53f532480bfbfa72ae7ae5ef7ef8f5b/execute/async - {"script":"<script> [1562 bytes]","args":[{"selector":{"controlType":"sap.m.Text","viewName":"etm.portal.ui.managehandoverstile.view.Master","properties":{"text":"Manage Handovers"},"interaction":{"idSuffix":"inner"}},"wdio_ui5_key":"etmportal.ui.managehandoverstile.view.Mastersap.m.Text{\"text\":\"Manage Handovers\"}"}]}
RESULT: {"script":"<script> [1562 bytes]","args":[{"selector":{"controlType":"sap.m.Text","viewName":"etm.portal.ui.managehandoverstile.view.Master","properties":{"text":"Manage Handovers"},"interaction":{"idSuffix":"inner"}},"wdio_ui5_key":"etmportal.ui.managehandoverstile.view.Mastersap.m.Text{\"text\":\"Manage Handovers\"}"}]}
RESULT: undefined
COMMAND: POST /session/d53f532480bfbfa72ae7ae5ef7ef8f5b/element - {"using":"xpath","value":"//*[@id=\"__tile133-title\"]"}
RESULT: {"using":"xpath","value":"//*[@id=\"__tile133-title\"]"}
COMMAND: POST /session/d53f532480bfbfa72ae7ae5ef7ef8f5b/element/f.9714F2348D0A698B9780435C77649C65.d.F227AB0F493EAF31566AB426567E524A.e.3935/click - {}
RESULT: {}
COMMAND: POST /session/d53f532480bfbfa72ae7ae5ef7ef8f5b/element - {"using":"xpath","value":"//button[@data-kt=\"masterHOAddButton\"]"}
COMMAND: GET /session/d53f532480bfbfa72ae7ae5ef7ef8f5b/screenshot - {}
RESULT: {"using":"xpath","value":"//button[@data-kt=\"masterHOAddButton\"]"}
COMMAND: POST /session/d53f532480bfbfa72ae7ae5ef7ef8f5b/elements - {"using":"xpath","value":"//button[@data-kt=\"masterHOAddButton\"]"}
RESULT: {}
RESULT: {"using":"xpath","value":"//button[@data-kt=\"masterHOAddButton\"]"}
COMMAND: POST /session/d53f532480bfbfa72ae7ae5ef7ef8f5b/elements - {"using":"xpath","value":"//button[@data-kt=\"masterHOAddButton\"]"}
RESULT: {"using":"xpath","value":"//button[@data-kt=\"masterHOAddButton\"]"}
COMMAND: POST /session/d53f532480bfbfa72ae7ae5ef7ef8f5b/elements - {"using":"xpath","value":"//button[@data-kt=\"masterHOAddButton\"]"}
RESULT: {"using":"xpath","value":"//button[@data-kt=\"masterHOAddButton\"]"}
COMMAND: POST /session/d53f532480bfbfa72ae7ae5ef7ef8f5b/elements - {"using":"xpath","value":"//button[@data-kt=\"masterHOAddButton\"]"}
RESULT: {"using":"xpath","value":"//button[@data-kt=\"masterHOAddButton\"]"}
COMMAND: POST /session/d53f532480bfbfa72ae7ae5ef7ef8f5b/elements - {"using":"xpath","value":"//button[@data-kt=\"masterHOAddButton\"]"}
RESULT: {"using":"xpath","value":"//button[@data-kt=\"masterHOAddButton\"]"}
COMMAND: POST /session/d53f532480bfbfa72ae7ae5ef7ef8f5b/elements - {"using":"xpath","value":"//button[@data-kt=\"masterHOAddButton\"]"}
RESULT: {"using":"xpath","value":"//button[@data-kt=\"masterHOAddButton\"]"}
COMMAND: POST /session/d53f532480bfbfa72ae7ae5ef7ef8f5b/elements - {"using":"xpath","value":"//button[@data-kt=\"masterHOAddButton\"]"}
RESULT: {"using":"xpath","value":"//button[@data-kt=\"masterHOAddButton\"]"}
COMMAND: POST /session/d53f532480bfbfa72ae7ae5ef7ef8f5b/elements - {"using":"xpath","value":"//button[@data-kt=\"masterHOAddButton\"]"}
RESULT: {"using":"xpath","value":"//button[@data-kt=\"masterHOAddButton\"]"}
COMMAND: POST /session/d53f532480bfbfa72ae7ae5ef7ef8f5b/elements - {"using":"xpath","value":"//button[@data-kt=\"masterHOAddButton\"]"}
RESULT: {"using":"xpath","value":"//button[@data-kt=\"masterHOAddButton\"]"}
COMMAND: POST /session/d53f532480bfbfa72ae7ae5ef7ef8f5b/elements - {"using":"xpath","value":"//button[@data-kt=\"masterHOAddButton\"]"}
RESULT: {"using":"xpath","value":"//button[@data-kt=\"masterHOAddButton\"]"}
COMMAND: POST /session/d53f532480bfbfa72ae7ae5ef7ef8f5b/elements - {"using":"xpath","value":"//button[@data-kt=\"masterHOAddButton\"]"}
RESULT: {"using":"xpath","value":"//button[@data-kt=\"masterHOAddButton\"]"}
COMMAND: POST /session/d53f532480bfbfa72ae7ae5ef7ef8f5b/elements - {"using":"xpath","value":"//button[@data-kt=\"masterHOAddButton\"]"}
RESULT: {"using":"xpath","value":"//button[@data-kt=\"masterHOAddButton\"]"}
COMMAND: POST /session/d53f532480bfbfa72ae7ae5ef7ef8f5b/elements - {"using":"xpath","value":"//button[@data-kt=\"masterHOAddButton\"]"}
RESULT: {"using":"xpath","value":"//button[@data-kt=\"masterHOAddButton\"]"}
COMMAND: POST /session/d53f532480bfbfa72ae7ae5ef7ef8f5b/elements - {"using":"xpath","value":"//button[@data-kt=\"masterHOAddButton\"]"}
RESULT: {"using":"xpath","value":"//button[@data-kt=\"masterHOAddButton\"]"}
COMMAND: POST /session/d53f532480bfbfa72ae7ae5ef7ef8f5b/elements - {"using":"xpath","value":"//button[@data-kt=\"masterHOAddButton\"]"}
RESULT: {"using":"xpath","value":"//button[@data-kt=\"masterHOAddButton\"]"}
COMMAND: POST /session/d53f532480bfbfa72ae7ae5ef7ef8f5b/elements - {"using":"xpath","value":"//button[@data-kt=\"masterHOAddButton\"]"}
RESULT: {"using":"xpath","value":"//button[@data-kt=\"masterHOAddButton\"]"}
COMMAND: POST /session/d53f532480bfbfa72ae7ae5ef7ef8f5b/elements - {"using":"xpath","value":"//button[@data-kt=\"masterHOAddButton\"]"}
RESULT: {"using":"xpath","value":"//button[@data-kt=\"masterHOAddButton\"]"}
COMMAND: POST /session/d53f532480bfbfa72ae7ae5ef7ef8f5b/elements - {"using":"xpath","value":"//button[@data-kt=\"masterHOAddButton\"]"}
RESULT: {"using":"xpath","value":"//button[@data-kt=\"masterHOAddButton\"]"}
COMMAND: POST /session/d53f532480bfbfa72ae7ae5ef7ef8f5b/element - {"using":"xpath","value":"//button[@data-kt=\"masterHOAddButton\"]"}
RESULT: {"using":"xpath","value":"//button[@data-kt=\"masterHOAddButton\"]"}
COMMAND: POST /session/d53f532480bfbfa72ae7ae5ef7ef8f5b/execute/sync - {"script":"<script> [8489 bytes]","args":[{"element-6066-11e4-a52e-4f735466cecf":"f.9714F2348D0A698B9780435C77649C65.d.F227AB0F493EAF31566AB426567E524A.e.3962","ELEMENT":"f.9714F2348D0A698B9780435C77649C65.d.F227AB0F493EAF31566AB426567E524A.e.3962"}]}
RESULT: {"script":"<script> [8489 bytes]","args":[{"element-6066-11e4-a52e-4f735466cecf":"f.9714F2348D0A698B9780435C77649C65.d.F227AB0F493EAF31566AB426567E524A.e.3962","ELEMENT":"f.9714F2348D0A698B9780435C77649C65.d.F227AB0F493EAF31566AB426567E524A.e.3962"}]}
COMMAND: GET /session/d53f532480bfbfa72ae7ae5ef7ef8f5b/element/f.9714F2348D0A698B9780435C77649C65.d.F227AB0F493EAF31566AB426567E524A.e.3962/enabled - {}
COMMAND: GET /session/d53f532480bfbfa72ae7ae5ef7ef8f5b/screenshot - {}
RESULT: {}
COMMAND: POST /session/d53f532480bfbfa72ae7ae5ef7ef8f5b/execute/sync - {"script":"<script> [8489 bytes]","args":[{"element-6066-11e4-a52e-4f735466cecf":"f.9714F2348D0A698B9780435C77649C65.d.F227AB0F493EAF31566AB426567E524A.e.3962","ELEMENT":"f.9714F2348D0A698B9780435C77649C65.d.F227AB0F493EAF31566AB426567E524A.e.3962"}]}
COMMAND: GET /session/d53f532480bfbfa72ae7ae5ef7ef8f5b/screenshot - {}
RESULT: {}
RESULT: {"script":"<script> [8489 bytes]","args":[{"element-6066-11e4-a52e-4f735466cecf":"f.9714F2348D0A698B9780435C77649C65.d.F227AB0F493EAF31566AB426567E524A.e.3962","ELEMENT":"f.9714F2348D0A698B9780435C77649C65.d.F227AB0F493EAF31566AB426567E524A.e.3962"}]}
COMMAND: POST /session/d53f532480bfbfa72ae7ae5ef7ef8f5b/execute/sync - {"script":"<script> [5351 bytes]","args":[{"element-6066-11e4-a52e-4f735466cecf":"f.9714F2348D0A698B9780435C77649C65.d.F227AB0F493EAF31566AB426567E524A.e.3962","ELEMENT":"f.9714F2348D0A698B9780435C77649C65.d.F227AB0F493EAF31566AB426567E524A.e.3962"}]}
COMMAND: GET /session/d53f532480bfbfa72ae7ae5ef7ef8f5b/screenshot - {}
RESULT: {}
RESULT: {"script":"<script> [5351 bytes]","args":[{"element-6066-11e4-a52e-4f735466cecf":"f.9714F2348D0A698B9780435C77649C65.d.F227AB0F493EAF31566AB426567E524A.e.3962","ELEMENT":"f.9714F2348D0A698B9780435C77649C65.d.F227AB0F493EAF31566AB426567E524A.e.3962"}]}
COMMAND: POST /session/d53f532480bfbfa72ae7ae5ef7ef8f5b/element/f.9714F2348D0A698B9780435C77649C65.d.F227AB0F493EAF31566AB426567E524A.e.3962/click - {}
COMMAND: GET /session/d53f532480bfbfa72ae7ae5ef7ef8f5b/screenshot - {}
RESULT: {}
RESULT: {}
COMMAND: GET /session/d53f532480bfbfa72ae7ae5ef7ef8f5b/screenshot - {}
RESULT: {}
RESULT: {}
COMMAND: POST /session/d53f532480bfbfa72ae7ae5ef7ef8f5b/element - {"using":"xpath","value":"//span[contains(@id ,\"AddNewHO--typeSelect-arrow\")]"}
RESULT: {"using":"xpath","value":"//span[contains(@id ,\"AddNewHO--typeSelect-arrow\")]"}
COMMAND: POST /session/d53f532480bfbfa72ae7ae5ef7ef8f5b/element/f.9714F2348D0A698B9780435C77649C65.d.F227AB0F493EAF31566AB426567E524A.e.4335/click - {}
RESULT: {}
COMMAND: GET /session/d53f532480bfbfa72ae7ae5ef7ef8f5b/screenshot - {}
RESULT: {}
COMMAND: POST /session/d53f532480bfbfa72ae7ae5ef7ef8f5b/element - {"using":"xpath","value":"(//li[contains(text(), \"stock increase yard\")])[1]"}
RESULT: {"using":"xpath","value":"(//li[contains(text(), \"stock increase yard\")])[1]"}
COMMAND: POST /session/d53f532480bfbfa72ae7ae5ef7ef8f5b/element/f.9714F2348D0A698B9780435C77649C65.d.F227AB0F493EAF31566AB426567E524A.e.4336/click - {}
RESULT: {}
COMMAND: GET /session/d53f532480bfbfa72ae7ae5ef7ef8f5b/screenshot - {}
RESULT: {}
COMMAND: POST /session/d53f532480bfbfa72ae7ae5ef7ef8f5b/execute/async - {"script":"<script> [1562 bytes]","args":[{"selector":{"id":"application-managehandovers-display-component---AddNewHO--dueDate","interaction":{"idSuffix":"inner"}},"wdio_ui5_key":"applicationmanagehandovers-display-component---AddNewHO--dueDate"}]}
RESULT: {"script":"<script> [1562 bytes]","args":[{"selector":{"id":"application-managehandovers-display-component---AddNewHO--dueDate","interaction":{"idSuffix":"inner"}},"wdio_ui5_key":"applicationmanagehandovers-display-component---AddNewHO--dueDate"}]}
RESULT: undefined
COMMAND: POST /session/d53f532480bfbfa72ae7ae5ef7ef8f5b/execute/async - {"script":"<script> [6424 bytes]","args":[{"element-6066-11e4-a52e-4f735466cecf":"f.9714F2348D0A698B9780435C77649C65.d.F227AB0F493EAF31566AB426567E524A.e.4338"},"setValue",["04/23/2025"]]}
RESULT: {"script":"<script> [6424 bytes]","args":[{"element-6066-11e4-a52e-4f735466cecf":"f.9714F2348D0A698B9780435C77649C65.d.F227AB0F493EAF31566AB426567E524A.e.4338"},"setValue",["04/23/2025"]]}
COMMAND: POST /session/d53f532480bfbfa72ae7ae5ef7ef8f5b/element - {"using":"xpath","value":"//input[@id=\"generalSectionFrg--receiveYard-inner\"]"}
RESULT: {"using":"xpath","value":"//input[@id=\"generalSectionFrg--receiveYard-inner\"]"}
COMMAND: POST /session/d53f532480bfbfa72ae7ae5ef7ef8f5b/element/f.9714F2348D0A698B9780435C77649C65.d.F227AB0F493EAF31566AB426567E524A.e.4344/clear - {}
RESULT: {}
COMMAND: POST /session/d53f532480bfbfa72ae7ae5ef7ef8f5b/element/f.9714F2348D0A698B9780435C77649C65.d.F227AB0F493EAF31566AB426567E524A.e.4344/value - {"text":"711"}
COMMAND: GET /session/d53f532480bfbfa72ae7ae5ef7ef8f5b/screenshot - {}
RESULT: {"text":"711"}
COMMAND: GET /session/d53f532480bfbfa72ae7ae5ef7ef8f5b/screenshot - {}
RESULT: {}
RESULT: {}
COMMAND: POST /session/d53f532480bfbfa72ae7ae5ef7ef8f5b/element - {"using":"xpath","value":"//li[.//span[text()='711']]"}
RESULT: {"using":"xpath","value":"//li[.//span[text()='711']]"}
COMMAND: POST /session/d53f532480bfbfa72ae7ae5ef7ef8f5b/element/f.9714F2348D0A698B9780435C77649C65.d.F227AB0F493EAF31566AB426567E524A.e.4361/click - {}
RESULT: {}
COMMAND: GET /session/d53f532480bfbfa72ae7ae5ef7ef8f5b/screenshot - {}
RESULT: {}
COMMAND: POST /session/d53f532480bfbfa72ae7ae5ef7ef8f5b/execute/async - {"script":"<script> [1562 bytes]","args":[{"selector":{"id":"application-managehandovers-display-component---AddNewHO--ObjectPageLayout-anchBar-application-managehandovers-display-component---AddNewHO--section4-anchor","interaction":{"idSuffix":"BDI-content"}},"wdio_ui5_key":"applicationmanagehandovers-display-component---AddNewHO--ObjectPageLayout-anchBar-application-managehandovers-display-component---AddNewHO--section4-anchor"}]}
RESULT: {"script":"<script> [1562 bytes]","args":[{"selector":{"id":"application-managehandovers-display-component---AddNewHO--ObjectPageLayout-anchBar-application-managehandovers-display-component---AddNewHO--section4-anchor","interaction":{"idSuffix":"BDI-content"}},"wdio_ui5_key":"applicationmanagehandovers-display-component---AddNewHO--ObjectPageLayout-anchBar-application-managehandovers-display-component---AddNewHO--section4-anchor"}]}
RESULT: undefined
COMMAND: POST /session/d53f532480bfbfa72ae7ae5ef7ef8f5b/element - {"using":"xpath","value":"//*[@id=\"application-managehandovers-display-component---AddNewHO--ObjectPageLayout-anchBar-application-managehandovers-display-component---AddNewHO--section4-anchor\"]"}
RESULT: {"using":"xpath","value":"//*[@id=\"application-managehandovers-display-component---AddNewHO--ObjectPageLayout-anchBar-application-managehandovers-display-component---AddNewHO--section4-anchor\"]"}
COMMAND: POST /session/d53f532480bfbfa72ae7ae5ef7ef8f5b/element/f.9714F2348D0A698B9780435C77649C65.d.F227AB0F493EAF31566AB426567E524A.e.4363/click - {}
RESULT: {}
COMMAND: POST /session/d53f532480bfbfa72ae7ae5ef7ef8f5b/element - {"using":"xpath","value":"//button[@aria-label=\"Add\"]"}
COMMAND: GET /session/d53f532480bfbfa72ae7ae5ef7ef8f5b/screenshot - {}
RESULT: {"using":"xpath","value":"//button[@aria-label=\"Add\"]"}
COMMAND: POST /session/d53f532480bfbfa72ae7ae5ef7ef8f5b/element/f.9714F2348D0A698B9780435C77649C65.d.F227AB0F493EAF31566AB426567E524A.e.4365/click - {}
RESULT: {}
RESULT: {}
COMMAND: GET /session/d53f532480bfbfa72ae7ae5ef7ef8f5b/screenshot - {}
RESULT: {}
COMMAND: POST /session/d53f532480bfbfa72ae7ae5ef7ef8f5b/execute/async - {"script":"<script> [1562 bytes]","args":[{"selector":{"id":"application-managehandovers-display-component---AddNewHO--smartFilterBar-btnBasicSearch","searchOpenDialogs":true,"interaction":{"idSuffix":"I"}},"wdio_ui5_key":"applicationmanagehandovers-display-component---AddNewHO--smartFilterBar-btnBasicSearch"}]}
RESULT: {"script":"<script> [1562 bytes]","args":[{"selector":{"id":"application-managehandovers-display-component---AddNewHO--smartFilterBar-btnBasicSearch","searchOpenDialogs":true,"interaction":{"idSuffix":"I"}},"wdio_ui5_key":"applicationmanagehandovers-display-component---AddNewHO--smartFilterBar-btnBasicSearch"}]}
RESULT: undefined
COMMAND: POST /session/d53f532480bfbfa72ae7ae5ef7ef8f5b/execute/async - {"script":"<script> [776 bytes]","args":[{"enterText":"Gys3EGWtTK","selector":{"id":"application-managehandovers-display-component---AddNewHO--smartFilterBar-btnBasicSearch","searchOpenDialogs":true,"interaction":{"idSuffix":"I"}},"clearTextFirst":true,"interactionType":"ENTER_TEXT"}]}
RESULT: {"script":"<script> [776 bytes]","args":[{"enterText":"Gys3EGWtTK","selector":{"id":"application-managehandovers-display-component---AddNewHO--smartFilterBar-btnBasicSearch","searchOpenDialogs":true,"interaction":{"idSuffix":"I"}},"clearTextFirst":true,"interactionType":"ENTER_TEXT"}]}
COMMAND: POST /session/d53f532480bfbfa72ae7ae5ef7ef8f5b/actions - {"actions":[{"id":"action16","type":"key","parameters":{},"actions":[{"type":"keyDown","value":""},{"type":"pause","duration":10},{"type":"keyUp","value":""}]}]}
RESULT: {"actions":[{"id":"action16","type":"key","parameters":{},"actions":[{"type":"keyDown","value":""},{"type":"pause","duration":10},{"type":"keyUp","value":""}]}]}
COMMAND: GET /session/d53f532480bfbfa72ae7ae5ef7ef8f5b/screenshot - {}
RESULT: {}
COMMAND: POST /session/d53f532480bfbfa72ae7ae5ef7ef8f5b/execute/async - {"script":"<script> [1562 bytes]","args":[{"selector":{"id":"application-managehandovers-display-component---AddNewHO--popup-sa","searchOpenDialogs":true,"interaction":{"idSuffix":"CbBg"}},"wdio_ui5_key":"applicationmanagehandovers-display-component---AddNewHO--popup-sa"}]}
RESULT: {"script":"<script> [1562 bytes]","args":[{"selector":{"id":"application-managehandovers-display-component---AddNewHO--popup-sa","searchOpenDialogs":true,"interaction":{"idSuffix":"CbBg"}},"wdio_ui5_key":"applicationmanagehandovers-display-component---AddNewHO--popup-sa"}]}
RESULT: undefined
COMMAND: POST /session/d53f532480bfbfa72ae7ae5ef7ef8f5b/element - {"using":"xpath","value":"//*[@id=\"application-managehandovers-display-component---AddNewHO--popup-sa\"]"}
RESULT: {"using":"xpath","value":"//*[@id=\"application-managehandovers-display-component---AddNewHO--popup-sa\"]"}
COMMAND: POST /session/d53f532480bfbfa72ae7ae5ef7ef8f5b/element/f.9714F2348D0A698B9780435C77649C65.d.F227AB0F493EAF31566AB426567E524A.e.4521/click - {}
RESULT: {}
COMMAND: GET /session/d53f532480bfbfa72ae7ae5ef7ef8f5b/screenshot - {}
RESULT: {}
COMMAND: POST /session/d53f532480bfbfa72ae7ae5ef7ef8f5b/element - {"using":"xpath","value":"//bdi[contains(text(), \"Select\")]"}
RESULT: {"using":"xpath","value":"//bdi[contains(text(), \"Select\")]"}
COMMAND: POST /session/d53f532480bfbfa72ae7ae5ef7ef8f5b/element/f.9714F2348D0A698B9780435C77649C65.d.F227AB0F493EAF31566AB426567E524A.e.4522/click - {}
RESULT: {}
COMMAND: GET /session/d53f532480bfbfa72ae7ae5ef7ef8f5b/screenshot - {}
RESULT: {}
COMMAND: POST /session/d53f532480bfbfa72ae7ae5ef7ef8f5b/element - {"using":"xpath","value":"//button[@data-kt=\"AddNewHOSaveButton\"]"}
RESULT: {"using":"xpath","value":"//button[@data-kt=\"AddNewHOSaveButton\"]"}
COMMAND: POST /session/d53f532480bfbfa72ae7ae5ef7ef8f5b/element/f.9714F2348D0A698B9780435C77649C65.d.F227AB0F493EAF31566AB426567E524A.e.4526/click - {}
RESULT: {}
COMMAND: GET /session/d53f532480bfbfa72ae7ae5ef7ef8f5b/screenshot - {}
RESULT: {}
COMMAND: POST /session/d53f532480bfbfa72ae7ae5ef7ef8f5b/execute/async - {"script":"<script> [1562 bytes]","args":[{"selector":{"id":"receiptDatePicker","viewName":"etm.portal.ui.managehandovers.view.DetailExecuteHO","interaction":{"idSuffix":"inner"}},"wdio_ui5_key":"receiptDatePickeretmportal.ui.managehandovers.view.DetailExecuteHO"}]}
RESULT: {"script":"<script> [1562 bytes]","args":[{"selector":{"id":"receiptDatePicker","viewName":"etm.portal.ui.managehandovers.view.DetailExecuteHO","interaction":{"idSuffix":"inner"}},"wdio_ui5_key":"receiptDatePickeretmportal.ui.managehandovers.view.DetailExecuteHO"}]}
RESULT: undefined
COMMAND: POST /session/d53f532480bfbfa72ae7ae5ef7ef8f5b/execute/async - {"script":"<script> [6424 bytes]","args":[{"element-6066-11e4-a52e-4f735466cecf":"f.9714F2348D0A698B9780435C77649C65.d.F227AB0F493EAF31566AB426567E524A.e.4556"},"setValue",["04/23/2025"]]}
RESULT: {"script":"<script> [6424 bytes]","args":[{"element-6066-11e4-a52e-4f735466cecf":"f.9714F2348D0A698B9780435C77649C65.d.F227AB0F493EAF31566AB426567E524A.e.4556"},"setValue",["04/23/2025"]]}
COMMAND: POST /session/d53f532480bfbfa72ae7ae5ef7ef8f5b/element - {"using":"xpath","value":"//button[@data-kt=\"PickingTableConfirmAllButton\"]"}
RESULT: {"using":"xpath","value":"//button[@data-kt=\"PickingTableConfirmAllButton\"]"}
COMMAND: POST /session/d53f532480bfbfa72ae7ae5ef7ef8f5b/element/f.9714F2348D0A698B9780435C77649C65.d.F227AB0F493EAF31566AB426567E524A.e.4571/click - {}
RESULT: {}
COMMAND: GET /session/d53f532480bfbfa72ae7ae5ef7ef8f5b/screenshot - {}
RESULT: {}
COMMAND: POST /session/d53f532480bfbfa72ae7ae5ef7ef8f5b/element - {"using":"xpath","value":"//bdi[contains(text(), \"OK\")]"}
RESULT: {"using":"xpath","value":"//bdi[contains(text(), \"OK\")]"}
COMMAND: POST /session/d53f532480bfbfa72ae7ae5ef7ef8f5b/element/f.9714F2348D0A698B9780435C77649C65.d.F227AB0F493EAF31566AB426567E524A.e.4573/click - {}
RESULT: {}
COMMAND: GET /session/d53f532480bfbfa72ae7ae5ef7ef8f5b/screenshot - {}
RESULT: {}
COMMAND: POST /session/d53f532480bfbfa72ae7ae5ef7ef8f5b/element - {"using":"xpath","value":"(//bdi[contains(text(), \"Receive\")])[2]"}
RESULT: {"using":"xpath","value":"(//bdi[contains(text(), \"Receive\")])[2]"}
COMMAND: POST /session/d53f532480bfbfa72ae7ae5ef7ef8f5b/element/f.9714F2348D0A698B9780435C77649C65.d.F227AB0F493EAF31566AB426567E524A.e.4575/click - {}
RESULT: {}
COMMAND: GET /session/d53f532480bfbfa72ae7ae5ef7ef8f5b/screenshot - {}
RESULT: {}
COMMAND: POST /session/d53f532480bfbfa72ae7ae5ef7ef8f5b/element - {"using":"css selector","value":"#shell-header-logo"}
RESULT: {"using":"css selector","value":"#shell-header-logo"}
COMMAND: POST /session/d53f532480bfbfa72ae7ae5ef7ef8f5b/element/f.9714F2348D0A698B9780435C77649C65.d.F227AB0F493EAF31566AB426567E524A.e.3938/click - {}
RESULT: {}
COMMAND: GET /session/d53f532480bfbfa72ae7ae5ef7ef8f5b/screenshot - {}
RESULT: {}
]]></system-out>
    </testcase>
    <testcase classname="chrome.135_0_7049_42.windows.Billing_Transfer_-_Master_data_&amp;_Intercompany_US127250" name="Should create a new contract" time="49.075">
      <system-out><![CDATA[
COMMAND: POST /session/d53f532480bfbfa72ae7ae5ef7ef8f5b/execute/async - {"script":"<script> [1562 bytes]","args":[{"selector":{"controlType":"sap.m.Text","viewName":"etm.portal.ui.managecontractstile.view.Master","properties":{"text":"Manage Contracts"},"interaction":{"idSuffix":"inner"}},"wdio_ui5_key":"etmportal.ui.managecontractstile.view.Mastersap.m.Text{\"text\":\"Manage Contracts\"}"}]}
RESULT: {"script":"<script> [1562 bytes]","args":[{"selector":{"controlType":"sap.m.Text","viewName":"etm.portal.ui.managecontractstile.view.Master","properties":{"text":"Manage Contracts"},"interaction":{"idSuffix":"inner"}},"wdio_ui5_key":"etmportal.ui.managecontractstile.view.Mastersap.m.Text{\"text\":\"Manage Contracts\"}"}]}
RESULT: undefined
COMMAND: POST /session/d53f532480bfbfa72ae7ae5ef7ef8f5b/element - {"using":"xpath","value":"//*[@id=\"__tile132-title\"]"}
RESULT: {"using":"xpath","value":"//*[@id=\"__tile132-title\"]"}
COMMAND: POST /session/d53f532480bfbfa72ae7ae5ef7ef8f5b/element/f.9714F2348D0A698B9780435C77649C65.d.F227AB0F493EAF31566AB426567E524A.e.4737/click - {}
RESULT: {}
COMMAND: GET /session/d53f532480bfbfa72ae7ae5ef7ef8f5b/screenshot - {}
RESULT: {}
COMMAND: POST /session/d53f532480bfbfa72ae7ae5ef7ef8f5b/element - {"using":"xpath","value":"//button[@data-kt=\"addButton\"]"}
RESULT: undefined
RESULT: undefined
RESULT: {"using":"xpath","value":"//button[@data-kt=\"addButton\"]"}
COMMAND: POST /session/d53f532480bfbfa72ae7ae5ef7ef8f5b/elements - {"using":"xpath","value":"//button[@data-kt=\"addButton\"]"}
RESULT: {"using":"xpath","value":"//button[@data-kt=\"addButton\"]"}
COMMAND: POST /session/d53f532480bfbfa72ae7ae5ef7ef8f5b/execute/sync - {"script":"<script> [8489 bytes]","args":[{"element-6066-11e4-a52e-4f735466cecf":"f.9714F2348D0A698B9780435C77649C65.d.F227AB0F493EAF31566AB426567E524A.e.4806","ELEMENT":"f.9714F2348D0A698B9780435C77649C65.d.F227AB0F493EAF31566AB426567E524A.e.4806"}]}
RESULT: {"script":"<script> [8489 bytes]","args":[{"element-6066-11e4-a52e-4f735466cecf":"f.9714F2348D0A698B9780435C77649C65.d.F227AB0F493EAF31566AB426567E524A.e.4806","ELEMENT":"f.9714F2348D0A698B9780435C77649C65.d.F227AB0F493EAF31566AB426567E524A.e.4806"}]}
COMMAND: GET /session/d53f532480bfbfa72ae7ae5ef7ef8f5b/element/f.9714F2348D0A698B9780435C77649C65.d.F227AB0F493EAF31566AB426567E524A.e.4806/enabled - {}
COMMAND: GET /session/d53f532480bfbfa72ae7ae5ef7ef8f5b/screenshot - {}
RESULT: {}
COMMAND: POST /session/d53f532480bfbfa72ae7ae5ef7ef8f5b/execute/sync - {"script":"<script> [8489 bytes]","args":[{"element-6066-11e4-a52e-4f735466cecf":"f.9714F2348D0A698B9780435C77649C65.d.F227AB0F493EAF31566AB426567E524A.e.4806","ELEMENT":"f.9714F2348D0A698B9780435C77649C65.d.F227AB0F493EAF31566AB426567E524A.e.4806"}]}
COMMAND: GET /session/d53f532480bfbfa72ae7ae5ef7ef8f5b/screenshot - {}
RESULT: {}
RESULT: {"script":"<script> [8489 bytes]","args":[{"element-6066-11e4-a52e-4f735466cecf":"f.9714F2348D0A698B9780435C77649C65.d.F227AB0F493EAF31566AB426567E524A.e.4806","ELEMENT":"f.9714F2348D0A698B9780435C77649C65.d.F227AB0F493EAF31566AB426567E524A.e.4806"}]}
COMMAND: POST /session/d53f532480bfbfa72ae7ae5ef7ef8f5b/execute/sync - {"script":"<script> [5351 bytes]","args":[{"element-6066-11e4-a52e-4f735466cecf":"f.9714F2348D0A698B9780435C77649C65.d.F227AB0F493EAF31566AB426567E524A.e.4806","ELEMENT":"f.9714F2348D0A698B9780435C77649C65.d.F227AB0F493EAF31566AB426567E524A.e.4806"}]}
COMMAND: GET /session/d53f532480bfbfa72ae7ae5ef7ef8f5b/screenshot - {}
RESULT: {}
RESULT: {"script":"<script> [5351 bytes]","args":[{"element-6066-11e4-a52e-4f735466cecf":"f.9714F2348D0A698B9780435C77649C65.d.F227AB0F493EAF31566AB426567E524A.e.4806","ELEMENT":"f.9714F2348D0A698B9780435C77649C65.d.F227AB0F493EAF31566AB426567E524A.e.4806"}]}
COMMAND: GET /session/d53f532480bfbfa72ae7ae5ef7ef8f5b/screenshot - {}
RESULT: {}
RESULT: {}
COMMAND: POST /session/d53f532480bfbfa72ae7ae5ef7ef8f5b/element/f.9714F2348D0A698B9780435C77649C65.d.F227AB0F493EAF31566AB426567E524A.e.4806/click - {}
RESULT: {}
COMMAND: GET /session/d53f532480bfbfa72ae7ae5ef7ef8f5b/screenshot - {}
COMMAND: POST /session/d53f532480bfbfa72ae7ae5ef7ef8f5b/execute/async - {"script":"<script> [1562 bytes]","args":[{"selector":{"id":"application-managecontracts-display-component---AddNewContract--projectDescription","interaction":{"idSuffix":"inner"}},"wdio_ui5_key":"applicationmanagecontracts-display-component---AddNewContract--projectDescription"}]}
RESULT: {}
RESULT: {"script":"<script> [1562 bytes]","args":[{"selector":{"id":"application-managecontracts-display-component---AddNewContract--projectDescription","interaction":{"idSuffix":"inner"}},"wdio_ui5_key":"applicationmanagecontracts-display-component---AddNewContract--projectDescription"}]}
RESULT: undefined
COMMAND: POST /session/d53f532480bfbfa72ae7ae5ef7ef8f5b/execute/async - {"script":"<script> [776 bytes]","args":[{"enterText":"Intercompany Contract WDIO","selector":{"id":"application-managecontracts-display-component---AddNewContract--projectDescription","interaction":{"idSuffix":"inner"}},"clearTextFirst":true,"interactionType":"ENTER_TEXT"}]}
RESULT: {"script":"<script> [776 bytes]","args":[{"enterText":"Intercompany Contract WDIO","selector":{"id":"application-managecontracts-display-component---AddNewContract--projectDescription","interaction":{"idSuffix":"inner"}},"clearTextFirst":true,"interactionType":"ENTER_TEXT"}]}
COMMAND: POST /session/d53f532480bfbfa72ae7ae5ef7ef8f5b/element - {"using":"xpath","value":"//input[@id=\"application-managecontracts-display-component---AddNewContract--site-inner\"]"}
RESULT: {"using":"xpath","value":"//input[@id=\"application-managecontracts-display-component---AddNewContract--site-inner\"]"}
COMMAND: POST /session/d53f532480bfbfa72ae7ae5ef7ef8f5b/element/f.9714F2348D0A698B9780435C77649C65.d.F227AB0F493EAF31566AB426567E524A.e.5129/clear - {}
RESULT: {}
COMMAND: POST /session/d53f532480bfbfa72ae7ae5ef7ef8f5b/element/f.9714F2348D0A698B9780435C77649C65.d.F227AB0F493EAF31566AB426567E524A.e.5129/value - {"text":"2523"}
COMMAND: GET /session/d53f532480bfbfa72ae7ae5ef7ef8f5b/screenshot - {}
RESULT: {"text":"2523"}
COMMAND: GET /session/d53f532480bfbfa72ae7ae5ef7ef8f5b/screenshot - {}
RESULT: {}
RESULT: {}
COMMAND: POST /session/d53f532480bfbfa72ae7ae5ef7ef8f5b/element - {"using":"xpath","value":"//li[.//span[text()='2523']]"}
RESULT: {"using":"xpath","value":"//li[.//span[text()='2523']]"}
COMMAND: POST /session/d53f532480bfbfa72ae7ae5ef7ef8f5b/element/f.9714F2348D0A698B9780435C77649C65.d.F227AB0F493EAF31566AB426567E524A.e.5154/click - {}
RESULT: {}
COMMAND: GET /session/d53f532480bfbfa72ae7ae5ef7ef8f5b/screenshot - {}
RESULT: {}
COMMAND: POST /session/d53f532480bfbfa72ae7ae5ef7ef8f5b/element - {"using":"xpath","value":"//input[@id=\"application-managecontracts-display-component---AddNewContract--yardId-inner\"]"}
RESULT: {"using":"xpath","value":"//input[@id=\"application-managecontracts-display-component---AddNewContract--yardId-inner\"]"}
COMMAND: GET /session/d53f532480bfbfa72ae7ae5ef7ef8f5b/element/f.9714F2348D0A698B9780435C77649C65.d.F227AB0F493EAF31566AB426567E524A.e.5130/property/value - {}
RESULT: {}
COMMAND: POST /session/d53f532480bfbfa72ae7ae5ef7ef8f5b/element - {"using":"xpath","value":"//input[@id=\"application-managecontracts-display-component---AddNewContract--customerSelect-inner\"]"}
COMMAND: GET /session/d53f532480bfbfa72ae7ae5ef7ef8f5b/screenshot - {}
RESULT: {"using":"xpath","value":"//input[@id=\"application-managecontracts-display-component---AddNewContract--customerSelect-inner\"]"}
COMMAND: POST /session/d53f532480bfbfa72ae7ae5ef7ef8f5b/element/f.9714F2348D0A698B9780435C77649C65.d.F227AB0F493EAF31566AB426567E524A.e.5128/clear - {}
RESULT: {}
RESULT: {}
COMMAND: POST /session/d53f532480bfbfa72ae7ae5ef7ef8f5b/element/f.9714F2348D0A698B9780435C77649C65.d.F227AB0F493EAF31566AB426567E524A.e.5128/value - {"text":"1567"}
COMMAND: GET /session/d53f532480bfbfa72ae7ae5ef7ef8f5b/screenshot - {}
RESULT: {"text":"1567"}
COMMAND: GET /session/d53f532480bfbfa72ae7ae5ef7ef8f5b/screenshot - {}
RESULT: {}
RESULT: {}
COMMAND: POST /session/d53f532480bfbfa72ae7ae5ef7ef8f5b/element - {"using":"xpath","value":"//li[.//span[text()='1567']]"}
RESULT: {"using":"xpath","value":"//li[.//span[text()='1567']]"}
COMMAND: POST /session/d53f532480bfbfa72ae7ae5ef7ef8f5b/element/f.9714F2348D0A698B9780435C77649C65.d.F227AB0F493EAF31566AB426567E524A.e.5157/click - {}
RESULT: {}
COMMAND: GET /session/d53f532480bfbfa72ae7ae5ef7ef8f5b/screenshot - {}
RESULT: {}
COMMAND: POST /session/d53f532480bfbfa72ae7ae5ef7ef8f5b/element - {"using":"xpath","value":"//button[@data-kt=\"saveButton\"]"}
RESULT: {"using":"xpath","value":"//button[@data-kt=\"saveButton\"]"}
COMMAND: POST /session/d53f532480bfbfa72ae7ae5ef7ef8f5b/element/f.9714F2348D0A698B9780435C77649C65.d.F227AB0F493EAF31566AB426567E524A.e.5147/click - {}
RESULT: {}
COMMAND: GET /session/d53f532480bfbfa72ae7ae5ef7ef8f5b/screenshot - {}
RESULT: {}
COMMAND: POST /session/d53f532480bfbfa72ae7ae5ef7ef8f5b/element - {"using":"xpath","value":"//span[contains(@id ,\"contractDetailTitleNoExpanded\")]"}
RESULT: {"using":"xpath","value":"//span[contains(@id ,\"contractDetailTitleNoExpanded\")]"}
COMMAND: POST /session/d53f532480bfbfa72ae7ae5ef7ef8f5b/elements - {"using":"xpath","value":"//span[contains(@id ,\"contractDetailTitleNoExpanded\")]"}
RESULT: {"using":"xpath","value":"//span[contains(@id ,\"contractDetailTitleNoExpanded\")]"}
COMMAND: POST /session/d53f532480bfbfa72ae7ae5ef7ef8f5b/execute/sync - {"script":"<script> [56 bytes]","args":[{"element-6066-11e4-a52e-4f735466cecf":"f.9714F2348D0A698B9780435C77649C65.d.F227AB0F493EAF31566AB426567E524A.e.5226","ELEMENT":"f.9714F2348D0A698B9780435C77649C65.d.F227AB0F493EAF31566AB426567E524A.e.5226"}]}
RESULT: {"script":"<script> [56 bytes]","args":[{"element-6066-11e4-a52e-4f735466cecf":"f.9714F2348D0A698B9780435C77649C65.d.F227AB0F493EAF31566AB426567E524A.e.5226","ELEMENT":"f.9714F2348D0A698B9780435C77649C65.d.F227AB0F493EAF31566AB426567E524A.e.5226"}]}
COMMAND: GET /session/d53f532480bfbfa72ae7ae5ef7ef8f5b/screenshot - {}
RESULT: {}
]]></system-out>
    </testcase>
    <testcase classname="chrome.135_0_7049_42.windows.Billing_Transfer_-_Master_data_&amp;_Intercompany_US127250" name="Should add equipment to the contract" time="44.553">
      <system-out><![CDATA[
COMMAND: POST /session/d53f532480bfbfa72ae7ae5ef7ef8f5b/element - {"using":"xpath","value":"//button[@data-kt=\"contractDetailEditBtnButton\"]"}
RESULT: {"using":"xpath","value":"//button[@data-kt=\"contractDetailEditBtnButton\"]"}
COMMAND: POST /session/d53f532480bfbfa72ae7ae5ef7ef8f5b/element/f.9714F2348D0A698B9780435C77649C65.d.F227AB0F493EAF31566AB426567E524A.e.5229/click - {}
RESULT: {}
COMMAND: GET /session/d53f532480bfbfa72ae7ae5ef7ef8f5b/screenshot - {}
RESULT: {}
COMMAND: POST /session/d53f532480bfbfa72ae7ae5ef7ef8f5b/element - {"using":"xpath","value":"(//span[contains(text(), \"Additional Addresses\")])[2]"}
RESULT: {"using":"xpath","value":"(//span[contains(text(), \"Additional Addresses\")])[2]"}
COMMAND: POST /session/d53f532480bfbfa72ae7ae5ef7ef8f5b/element/f.9714F2348D0A698B9780435C77649C65.d.F227AB0F493EAF31566AB426567E524A.e.5283/click - {}
RESULT: {}
COMMAND: GET /session/d53f532480bfbfa72ae7ae5ef7ef8f5b/screenshot - {}
RESULT: {}
COMMAND: POST /session/d53f532480bfbfa72ae7ae5ef7ef8f5b/element - {"using":"xpath","value":"//button[@data-kt=\"btnAddTableRowOverflowToolbarButton\"]"}
RESULT: {"using":"xpath","value":"//button[@data-kt=\"btnAddTableRowOverflowToolbarButton\"]"}
COMMAND: POST /session/d53f532480bfbfa72ae7ae5ef7ef8f5b/element/f.9714F2348D0A698B9780435C77649C65.d.F227AB0F493EAF31566AB426567E524A.e.5287/click - {}
RESULT: {}
COMMAND: GET /session/d53f532480bfbfa72ae7ae5ef7ef8f5b/screenshot - {}
RESULT: {}
COMMAND: POST /session/d53f532480bfbfa72ae7ae5ef7ef8f5b/element - {"using":"xpath","value":"//div[(text() = 'Standard Entry' or . = 'Standard Entry')]"}
RESULT: {"using":"xpath","value":"//div[(text() = 'Standard Entry' or . = 'Standard Entry')]"}
COMMAND: POST /session/d53f532480bfbfa72ae7ae5ef7ef8f5b/element/f.9714F2348D0A698B9780435C77649C65.d.F227AB0F493EAF31566AB426567E524A.e.5289/click - {}
RESULT: {}
COMMAND: GET /session/d53f532480bfbfa72ae7ae5ef7ef8f5b/screenshot - {}
RESULT: {}
COMMAND: POST /session/d53f532480bfbfa72ae7ae5ef7ef8f5b/element - {"using":"xpath","value":"//td[7]/div/div/input"}
RESULT: {"using":"xpath","value":"//td[7]/div/div/input"}
COMMAND: POST /session/d53f532480bfbfa72ae7ae5ef7ef8f5b/element/f.9714F2348D0A698B9780435C77649C65.d.F227AB0F493EAF31566AB426567E524A.e.5298/clear - {}
RESULT: {}
COMMAND: POST /session/d53f532480bfbfa72ae7ae5ef7ef8f5b/element/f.9714F2348D0A698B9780435C77649C65.d.F227AB0F493EAF31566AB426567E524A.e.5298/value - {"text":"Gys3EGWtTK"}
COMMAND: GET /session/d53f532480bfbfa72ae7ae5ef7ef8f5b/screenshot - {}
RESULT: {"text":"Gys3EGWtTK"}
COMMAND: GET /session/d53f532480bfbfa72ae7ae5ef7ef8f5b/screenshot - {}
RESULT: {}
RESULT: {}
COMMAND: POST /session/d53f532480bfbfa72ae7ae5ef7ef8f5b/actions - {"actions":[{"id":"action17","type":"key","parameters":{},"actions":[{"type":"keyDown","value":""},{"type":"pause","duration":10},{"type":"keyUp","value":""}]}]}
RESULT: {"actions":[{"id":"action17","type":"key","parameters":{},"actions":[{"type":"keyDown","value":""},{"type":"pause","duration":10},{"type":"keyUp","value":""}]}]}
COMMAND: GET /session/d53f532480bfbfa72ae7ae5ef7ef8f5b/screenshot - {}
RESULT: {}
COMMAND: POST /session/d53f532480bfbfa72ae7ae5ef7ef8f5b/element - {"using":"xpath","value":"(//button[@data-kt=\"saveButton\"])[2]"}
RESULT: {"using":"xpath","value":"(//button[@data-kt=\"saveButton\"])[2]"}
COMMAND: POST /session/d53f532480bfbfa72ae7ae5ef7ef8f5b/element/f.9714F2348D0A698B9780435C77649C65.d.F227AB0F493EAF31566AB426567E524A.e.5313/click - {}
RESULT: {}
COMMAND: GET /session/d53f532480bfbfa72ae7ae5ef7ef8f5b/screenshot - {}
RESULT: {}
COMMAND: POST /session/d53f532480bfbfa72ae7ae5ef7ef8f5b/element - {"using":"xpath","value":"//span[contains(@id ,\"contractItemsSmartTable-header-inner\")]"}
RESULT: {"using":"xpath","value":"//span[contains(@id ,\"contractItemsSmartTable-header-inner\")]"}
COMMAND: POST /session/d53f532480bfbfa72ae7ae5ef7ef8f5b/elements - {"using":"xpath","value":"//span[contains(@id ,\"contractItemsSmartTable-header-inner\")]"}
RESULT: {"using":"xpath","value":"//span[contains(@id ,\"contractItemsSmartTable-header-inner\")]"}
COMMAND: POST /session/d53f532480bfbfa72ae7ae5ef7ef8f5b/execute/sync - {"script":"<script> [56 bytes]","args":[{"element-6066-11e4-a52e-4f735466cecf":"f.9714F2348D0A698B9780435C77649C65.d.F227AB0F493EAF31566AB426567E524A.e.5318","ELEMENT":"f.9714F2348D0A698B9780435C77649C65.d.F227AB0F493EAF31566AB426567E524A.e.5318"}]}
RESULT: {"script":"<script> [56 bytes]","args":[{"element-6066-11e4-a52e-4f735466cecf":"f.9714F2348D0A698B9780435C77649C65.d.F227AB0F493EAF31566AB426567E524A.e.5318","ELEMENT":"f.9714F2348D0A698B9780435C77649C65.d.F227AB0F493EAF31566AB426567E524A.e.5318"}]}
]]></system-out>
    </testcase>
    <testcase classname="chrome.135_0_7049_42.windows.Billing_Transfer_-_Master_data_&amp;_Intercompany_US127250" name="Should do a provide to site handover" time="50.721">
      <system-out><![CDATA[
COMMAND: POST /session/d53f532480bfbfa72ae7ae5ef7ef8f5b/element - {"using":"xpath","value":"//button[@data-kt=\"provideButton\"]"}
COMMAND: GET /session/d53f532480bfbfa72ae7ae5ef7ef8f5b/screenshot - {}
RESULT: {"using":"xpath","value":"//button[@data-kt=\"provideButton\"]"}
COMMAND: POST /session/d53f532480bfbfa72ae7ae5ef7ef8f5b/element/f.9714F2348D0A698B9780435C77649C65.d.F227AB0F493EAF31566AB426567E524A.e.5319/click - {}
RESULT: {}
RESULT: {}
COMMAND: GET /session/d53f532480bfbfa72ae7ae5ef7ef8f5b/screenshot - {}
RESULT: {}
RESULT: undefined
COMMAND: POST /session/d53f532480bfbfa72ae7ae5ef7ef8f5b/execute/async - {"script":"<script> [6424 bytes]","args":[{"element-6066-11e4-a52e-4f735466cecf":"f.9714F2348D0A698B9780435C77649C65.d.F227AB0F493EAF31566AB426567E524A.e.4338"},"setValue",["04/23/2025"]]}
COMMAND: POST /session/d53f532480bfbfa72ae7ae5ef7ef8f5b/execute/async - {"script":"<script> [1562 bytes]","args":[{"selector":{"id":"application-managehandovers-display-component---AddNewHO--dueDate","interaction":{"idSuffix":"inner"}},"wdio_ui5_key":"applicationmanagehandovers-display-component---AddNewHO--dueDate"}]}
RESULT: {"script":"<script> [1562 bytes]","args":[{"selector":{"id":"application-managehandovers-display-component---AddNewHO--dueDate","interaction":{"idSuffix":"inner"}},"wdio_ui5_key":"applicationmanagehandovers-display-component---AddNewHO--dueDate"}]}
COMMAND: POST /session/d53f532480bfbfa72ae7ae5ef7ef8f5b/execute/async - {"script":"<script> [6424 bytes]","args":[{"element-6066-11e4-a52e-4f735466cecf":"f.9714F2348D0A698B9780435C77649C65.d.F227AB0F493EAF31566AB426567E524A.e.5372"},"setValue",["04/23/2025"]]}
RESULT: {"script":"<script> [6424 bytes]","args":[{"element-6066-11e4-a52e-4f735466cecf":"f.9714F2348D0A698B9780435C77649C65.d.F227AB0F493EAF31566AB426567E524A.e.5372"},"setValue",["04/23/2025"]]}
COMMAND: POST /session/d53f532480bfbfa72ae7ae5ef7ef8f5b/element - {"using":"xpath","value":"//bdi[contains(text(), \"Instructions\")]"}
RESULT: {"using":"xpath","value":"//bdi[contains(text(), \"Instructions\")]"}
COMMAND: POST /session/d53f532480bfbfa72ae7ae5ef7ef8f5b/element/f.9714F2348D0A698B9780435C77649C65.d.F227AB0F493EAF31566AB426567E524A.e.5628/click - {}
RESULT: {}
COMMAND: GET /session/d53f532480bfbfa72ae7ae5ef7ef8f5b/screenshot - {}
RESULT: {}
COMMAND: POST /session/d53f532480bfbfa72ae7ae5ef7ef8f5b/element - {"using":"xpath","value":"//button[@data-kt=\"AddNewHOProvideAddItemsButton\"]"}
RESULT: {"using":"xpath","value":"//button[@data-kt=\"AddNewHOProvideAddItemsButton\"]"}
COMMAND: POST /session/d53f532480bfbfa72ae7ae5ef7ef8f5b/element/f.9714F2348D0A698B9780435C77649C65.d.F227AB0F493EAF31566AB426567E524A.e.5632/click - {}
RESULT: {}
COMMAND: GET /session/d53f532480bfbfa72ae7ae5ef7ef8f5b/screenshot - {}
RESULT: {}
RESULT: undefined
COMMAND: POST /session/d53f532480bfbfa72ae7ae5ef7ef8f5b/element - {"using":"xpath","value":"//*[@id=\"application-managehandovers-display-component---AddNewHO--popup-sa\"]"}
RESULT: {"using":"xpath","value":"//*[@id=\"application-managehandovers-display-component---AddNewHO--popup-sa\"]"}
COMMAND: POST /session/d53f532480bfbfa72ae7ae5ef7ef8f5b/element/f.9714F2348D0A698B9780435C77649C65.d.F227AB0F493EAF31566AB426567E524A.e.5641/click - {}
RESULT: {}
COMMAND: GET /session/d53f532480bfbfa72ae7ae5ef7ef8f5b/screenshot - {}
RESULT: {}
COMMAND: POST /session/d53f532480bfbfa72ae7ae5ef7ef8f5b/element - {"using":"xpath","value":"//*[contains(@id ,\"BDI-content\")][contains(text(), \"Select\")]"}
RESULT: {"using":"xpath","value":"//*[contains(@id ,\"BDI-content\")][contains(text(), \"Select\")]"}
COMMAND: POST /session/d53f532480bfbfa72ae7ae5ef7ef8f5b/element/f.9714F2348D0A698B9780435C77649C65.d.F227AB0F493EAF31566AB426567E524A.e.5643/click - {}
RESULT: {}
COMMAND: GET /session/d53f532480bfbfa72ae7ae5ef7ef8f5b/screenshot - {}
RESULT: {}
COMMAND: POST /session/d53f532480bfbfa72ae7ae5ef7ef8f5b/execute/async - {"script":"<script> [1562 bytes]","args":[{"selector":{"id":"application-managehandovers-display-component---AddNewHO--confirmCreationButton","interaction":{"idSuffix":"BDI-content"}},"wdio_ui5_key":"applicationmanagehandovers-display-component---AddNewHO--confirmCreationButton"}]}
RESULT: {"script":"<script> [1562 bytes]","args":[{"selector":{"id":"application-managehandovers-display-component---AddNewHO--confirmCreationButton","interaction":{"idSuffix":"BDI-content"}},"wdio_ui5_key":"applicationmanagehandovers-display-component---AddNewHO--confirmCreationButton"}]}
RESULT: undefined
COMMAND: POST /session/d53f532480bfbfa72ae7ae5ef7ef8f5b/element - {"using":"xpath","value":"//*[@id=\"application-managehandovers-display-component---AddNewHO--confirmCreationButton\"]"}
RESULT: {"using":"xpath","value":"//*[@id=\"application-managehandovers-display-component---AddNewHO--confirmCreationButton\"]"}
COMMAND: POST /session/d53f532480bfbfa72ae7ae5ef7ef8f5b/element/f.9714F2348D0A698B9780435C77649C65.d.F227AB0F493EAF31566AB426567E524A.e.5451/click - {}
RESULT: {}
COMMAND: GET /session/d53f532480bfbfa72ae7ae5ef7ef8f5b/screenshot - {}
RESULT: {}
COMMAND: POST /session/d53f532480bfbfa72ae7ae5ef7ef8f5b/element - {"using":"xpath","value":"//button[@data-kt=\"PickingTableConfirmAllButton\"]"}
RESULT: {"using":"xpath","value":"//button[@data-kt=\"PickingTableConfirmAllButton\"]"}
COMMAND: POST /session/d53f532480bfbfa72ae7ae5ef7ef8f5b/element/f.9714F2348D0A698B9780435C77649C65.d.F227AB0F493EAF31566AB426567E524A.e.5699/click - {}
RESULT: {}
COMMAND: GET /session/d53f532480bfbfa72ae7ae5ef7ef8f5b/screenshot - {}
RESULT: {}
COMMAND: POST /session/d53f532480bfbfa72ae7ae5ef7ef8f5b/element - {"using":"xpath","value":"//bdi[contains(text(), \"OK\")]"}
RESULT: {"using":"xpath","value":"//bdi[contains(text(), \"OK\")]"}
COMMAND: POST /session/d53f532480bfbfa72ae7ae5ef7ef8f5b/element/f.9714F2348D0A698B9780435C77649C65.d.F227AB0F493EAF31566AB426567E524A.e.5702/click - {}
RESULT: {}
COMMAND: GET /session/d53f532480bfbfa72ae7ae5ef7ef8f5b/screenshot - {}
RESULT: {}
COMMAND: POST /session/d53f532480bfbfa72ae7ae5ef7ef8f5b/element - {"using":"xpath","value":"//bdi[contains(text(), \"Issue\")]"}
RESULT: {"using":"xpath","value":"//bdi[contains(text(), \"Issue\")]"}
COMMAND: POST /session/d53f532480bfbfa72ae7ae5ef7ef8f5b/element/f.9714F2348D0A698B9780435C77649C65.d.F227AB0F493EAF31566AB426567E524A.e.5703/click - {}
RESULT: {}
COMMAND: GET /session/d53f532480bfbfa72ae7ae5ef7ef8f5b/screenshot - {}
RESULT: {}
COMMAND: POST /session/d53f532480bfbfa72ae7ae5ef7ef8f5b/element - {"using":"css selector","value":"#shell-header-logo"}
RESULT: {"using":"css selector","value":"#shell-header-logo"}
COMMAND: POST /session/d53f532480bfbfa72ae7ae5ef7ef8f5b/element/f.9714F2348D0A698B9780435C77649C65.d.F227AB0F493EAF31566AB426567E524A.e.4740/click - {}
RESULT: {}
COMMAND: GET /session/d53f532480bfbfa72ae7ae5ef7ef8f5b/screenshot - {}
RESULT: {}
]]></system-out>
    </testcase>
    <testcase classname="chrome.135_0_7049_42.windows.Billing_Transfer_-_Master_data_&amp;_Intercompany_US127250" name="Should go navigate to Manage Billings and trigger contract calculation check result" time="54.539">
      <system-out><![CDATA[
COMMAND: POST /session/d53f532480bfbfa72ae7ae5ef7ef8f5b/execute/async - {"script":"<script> [1562 bytes]","args":[{"selector":{"controlType":"sap.m.GenericTile","properties":{"header":"Manage Billings"}},"wdio_ui5_key":"sapm.GenericTile{\"header\":\"Manage Billings\"}"}]}
RESULT: {"script":"<script> [1562 bytes]","args":[{"selector":{"controlType":"sap.m.GenericTile","properties":{"header":"Manage Billings"}},"wdio_ui5_key":"sapm.GenericTile{\"header\":\"Manage Billings\"}"}]}
RESULT: undefined
COMMAND: POST /session/d53f532480bfbfa72ae7ae5ef7ef8f5b/element - {"using":"xpath","value":"//*[@id=\"__tile91\"]"}
RESULT: {"using":"xpath","value":"//*[@id=\"__tile91\"]"}
COMMAND: POST /session/d53f532480bfbfa72ae7ae5ef7ef8f5b/element/f.9714F2348D0A698B9780435C77649C65.d.F227AB0F493EAF31566AB426567E524A.e.2640/click - {}
RESULT: {}
COMMAND: GET /session/d53f532480bfbfa72ae7ae5ef7ef8f5b/screenshot - {}
RESULT: {}
COMMAND: POST /session/d53f532480bfbfa72ae7ae5ef7ef8f5b/execute/async - {"script":"<script> [1562 bytes]","args":[{"selector":{"id":"application-managebillings-display-component---billRunCalcResult--smartFilterBar-btnBasicSearch","interaction":{"idSuffix":"I"}},"wdio_ui5_key":"applicationmanagebillings-display-component---billRunCalcResult--smartFilterBar-btnBasicSearch"}]}
RESULT: {"script":"<script> [1562 bytes]","args":[{"selector":{"id":"application-managebillings-display-component---billRunCalcResult--smartFilterBar-btnBasicSearch","interaction":{"idSuffix":"I"}},"wdio_ui5_key":"applicationmanagebillings-display-component---billRunCalcResult--smartFilterBar-btnBasicSearch"}]}
RESULT: undefined
COMMAND: POST /session/d53f532480bfbfa72ae7ae5ef7ef8f5b/execute/async - {"script":"<script> [776 bytes]","args":[{"enterText":"10597","selector":{"id":"application-managebillings-display-component---billRunCalcResult--smartFilterBar-btnBasicSearch","interaction":{"idSuffix":"I"}},"clearTextFirst":true,"interactionType":"ENTER_TEXT"}]}
RESULT: {"script":"<script> [776 bytes]","args":[{"enterText":"10597","selector":{"id":"application-managebillings-display-component---billRunCalcResult--smartFilterBar-btnBasicSearch","interaction":{"idSuffix":"I"}},"clearTextFirst":true,"interactionType":"ENTER_TEXT"}]}
COMMAND: POST /session/d53f532480bfbfa72ae7ae5ef7ef8f5b/actions - {"actions":[{"id":"action18","type":"key","parameters":{},"actions":[{"type":"keyDown","value":""},{"type":"pause","duration":10},{"type":"keyUp","value":""}]}]}
RESULT: {"actions":[{"id":"action18","type":"key","parameters":{},"actions":[{"type":"keyDown","value":""},{"type":"pause","duration":10},{"type":"keyUp","value":""}]}]}
COMMAND: GET /session/d53f532480bfbfa72ae7ae5ef7ef8f5b/screenshot - {}
RESULT: {}
COMMAND: POST /session/d53f532480bfbfa72ae7ae5ef7ef8f5b/element - {"using":"xpath","value":"//td[@aria-colindex=\"1\"]/div/div[contains(@class, \"sapMCbBg\")]"}
RESULT: {"using":"xpath","value":"//td[@aria-colindex=\"1\"]/div/div[contains(@class, \"sapMCbBg\")]"}
COMMAND: POST /session/d53f532480bfbfa72ae7ae5ef7ef8f5b/element/f.9714F2348D0A698B9780435C77649C65.d.F227AB0F493EAF31566AB426567E524A.e.6095/click - {}
RESULT: {}
COMMAND: GET /session/d53f532480bfbfa72ae7ae5ef7ef8f5b/screenshot - {}
RESULT: {}
COMMAND: POST /session/d53f532480bfbfa72ae7ae5ef7ef8f5b/execute/async - {"script":"<script> [1562 bytes]","args":[{"selector":{"id":"application-managebillings-display-component---billRunCalcResult--contractBillRunDate","interaction":{"idSuffix":"inner"}},"wdio_ui5_key":"applicationmanagebillings-display-component---billRunCalcResult--contractBillRunDate"}]}
RESULT: {"script":"<script> [1562 bytes]","args":[{"selector":{"id":"application-managebillings-display-component---billRunCalcResult--contractBillRunDate","interaction":{"idSuffix":"inner"}},"wdio_ui5_key":"applicationmanagebillings-display-component---billRunCalcResult--contractBillRunDate"}]}
RESULT: undefined
COMMAND: POST /session/d53f532480bfbfa72ae7ae5ef7ef8f5b/execute/async - {"script":"<script> [776 bytes]","args":[{"enterText":"05/23/25","selector":{"id":"application-managebillings-display-component---billRunCalcResult--contractBillRunDate","interaction":{"idSuffix":"inner"}},"clearTextFirst":true,"interactionType":"ENTER_TEXT"}]}
RESULT: {"script":"<script> [776 bytes]","args":[{"enterText":"05/23/25","selector":{"id":"application-managebillings-display-component---billRunCalcResult--contractBillRunDate","interaction":{"idSuffix":"inner"}},"clearTextFirst":true,"interactionType":"ENTER_TEXT"}]}
COMMAND: POST /session/d53f532480bfbfa72ae7ae5ef7ef8f5b/element - {"using":"xpath","value":"//bdi[contains(text(), \"Trigger Calculation\")]"}
RESULT: {"using":"xpath","value":"//bdi[contains(text(), \"Trigger Calculation\")]"}
COMMAND: POST /session/d53f532480bfbfa72ae7ae5ef7ef8f5b/element/f.9714F2348D0A698B9780435C77649C65.d.F227AB0F493EAF31566AB426567E524A.e.6145/click - {}
RESULT: {}
COMMAND: GET /session/d53f532480bfbfa72ae7ae5ef7ef8f5b/screenshot - {}
RESULT: {}
COMMAND: POST /session/d53f532480bfbfa72ae7ae5ef7ef8f5b/element - {"using":"xpath","value":"(//span[contains(@id, \"imgNav\")])[1]"}
RESULT: {"using":"xpath","value":"(//span[contains(@id, \"imgNav\")])[1]"}
COMMAND: POST /session/d53f532480bfbfa72ae7ae5ef7ef8f5b/element/f.9714F2348D0A698B9780435C77649C65.d.F227AB0F493EAF31566AB426567E524A.e.6096/click - {}
RESULT: {}
COMMAND: GET /session/d53f532480bfbfa72ae7ae5ef7ef8f5b/screenshot - {}
RESULT: {}
COMMAND: POST /session/d53f532480bfbfa72ae7ae5ef7ef8f5b/element - {"using":"xpath","value":"//tr/td[6]/div[1]/span[1]/span[1]"}
RESULT: {"using":"xpath","value":"//tr/td[6]/div[1]/span[1]/span[1]"}
COMMAND: GET /session/d53f532480bfbfa72ae7ae5ef7ef8f5b/element/f.9714F2348D0A698B9780435C77649C65.d.F227AB0F493EAF31566AB426567E524A.e.6150/text - {}
RESULT: {}
COMMAND: POST /session/d53f532480bfbfa72ae7ae5ef7ef8f5b/element - {"using":"xpath","value":"(//span[contains(@id, \"imgNav\")])[2]"}
RESULT: {"using":"xpath","value":"(//span[contains(@id, \"imgNav\")])[2]"}
COMMAND: POST /session/d53f532480bfbfa72ae7ae5ef7ef8f5b/element/f.9714F2348D0A698B9780435C77649C65.d.F227AB0F493EAF31566AB426567E524A.e.6151/click - {}
RESULT: {}
COMMAND: POST /session/d53f532480bfbfa72ae7ae5ef7ef8f5b/element - {"using":"xpath","value":"//bdi[contains(text(), \"Business Confirm\")]"}
COMMAND: GET /session/d53f532480bfbfa72ae7ae5ef7ef8f5b/screenshot - {}
RESULT: {"using":"xpath","value":"//bdi[contains(text(), \"Business Confirm\")]"}
COMMAND: POST /session/d53f532480bfbfa72ae7ae5ef7ef8f5b/elements - {"using":"xpath","value":"//bdi[contains(text(), \"Business Confirm\")]"}
RESULT: {}
RESULT: {"using":"xpath","value":"//bdi[contains(text(), \"Business Confirm\")]"}
COMMAND: POST /session/d53f532480bfbfa72ae7ae5ef7ef8f5b/element - {"using":"xpath","value":"//bdi[contains(text(), \"Business Confirm\")]"}
RESULT: {"using":"xpath","value":"//bdi[contains(text(), \"Business Confirm\")]"}
COMMAND: POST /session/d53f532480bfbfa72ae7ae5ef7ef8f5b/element/f.9714F2348D0A698B9780435C77649C65.d.F227AB0F493EAF31566AB426567E524A.e.6203/click - {}
RESULT: {}
COMMAND: POST /session/d53f532480bfbfa72ae7ae5ef7ef8f5b/element - {"using":"css selector","value":"#shell-header-logo"}
COMMAND: GET /session/d53f532480bfbfa72ae7ae5ef7ef8f5b/screenshot - {}
RESULT: {"using":"css selector","value":"#shell-header-logo"}
COMMAND: POST /session/d53f532480bfbfa72ae7ae5ef7ef8f5b/element/f.9714F2348D0A698B9780435C77649C65.d.F227AB0F493EAF31566AB426567E524A.e.5884/click - {}
RESULT: {}
RESULT: {}
COMMAND: GET /session/d53f532480bfbfa72ae7ae5ef7ef8f5b/screenshot - {}
RESULT: {}
]]></system-out>
    </testcase>
    <testcase classname="chrome.135_0_7049_42.windows.Billing_Transfer_-_Master_data_&amp;_Intercompany_US127250" name="Should do Billing Transfer all the way into invoice open for intercompany case" time="77.647">
      <system-out><![CDATA[
COMMAND: POST /session/d53f532480bfbfa72ae7ae5ef7ef8f5b/execute/async - {"script":"<script> [1562 bytes]","args":[{"selector":{"controlType":"sap.m.GenericTile","properties":{"header":"Billing Transfer"}},"wdio_ui5_key":"sapm.GenericTile{\"header\":\"Billing Transfer\"}"}]}
RESULT: {"script":"<script> [1562 bytes]","args":[{"selector":{"controlType":"sap.m.GenericTile","properties":{"header":"Billing Transfer"}},"wdio_ui5_key":"sapm.GenericTile{\"header\":\"Billing Transfer\"}"}]}
RESULT: undefined
COMMAND: POST /session/d53f532480bfbfa72ae7ae5ef7ef8f5b/element - {"using":"xpath","value":"//*[@id=\"__tile90\"]"}
RESULT: {"using":"xpath","value":"//*[@id=\"__tile90\"]"}
COMMAND: POST /session/d53f532480bfbfa72ae7ae5ef7ef8f5b/element/f.9714F2348D0A698B9780435C77649C65.d.F227AB0F493EAF31566AB426567E524A.e.2637/click - {}
RESULT: {}
COMMAND: POST /session/d53f532480bfbfa72ae7ae5ef7ef8f5b/element - {"using":"xpath","value":"//input[contains(@id ,\"application-billingtransfer-display-component---billingWorkbench--smartFilterBar-btnBasicSearch\")]"}
COMMAND: GET /session/d53f532480bfbfa72ae7ae5ef7ef8f5b/screenshot - {}
RESULT: {"using":"xpath","value":"//input[contains(@id ,\"application-billingtransfer-display-component---billingWorkbench--smartFilterBar-btnBasicSearch\")]"}
COMMAND: POST /session/d53f532480bfbfa72ae7ae5ef7ef8f5b/elements - {"using":"xpath","value":"//input[contains(@id ,\"application-billingtransfer-display-component---billingWorkbench--smartFilterBar-btnBasicSearch\")]"}
RESULT: {}
RESULT: {"using":"xpath","value":"//input[contains(@id ,\"application-billingtransfer-display-component---billingWorkbench--smartFilterBar-btnBasicSearch\")]"}
COMMAND: POST /session/d53f532480bfbfa72ae7ae5ef7ef8f5b/elements - {"using":"xpath","value":"//input[contains(@id ,\"application-billingtransfer-display-component---billingWorkbench--smartFilterBar-btnBasicSearch\")]"}
RESULT: {"using":"xpath","value":"//input[contains(@id ,\"application-billingtransfer-display-component---billingWorkbench--smartFilterBar-btnBasicSearch\")]"}
COMMAND: POST /session/d53f532480bfbfa72ae7ae5ef7ef8f5b/elements - {"using":"xpath","value":"//input[contains(@id ,\"application-billingtransfer-display-component---billingWorkbench--smartFilterBar-btnBasicSearch\")]"}
RESULT: {"using":"xpath","value":"//input[contains(@id ,\"application-billingtransfer-display-component---billingWorkbench--smartFilterBar-btnBasicSearch\")]"}
COMMAND: POST /session/d53f532480bfbfa72ae7ae5ef7ef8f5b/elements - {"using":"xpath","value":"//input[contains(@id ,\"application-billingtransfer-display-component---billingWorkbench--smartFilterBar-btnBasicSearch\")]"}
RESULT: {"using":"xpath","value":"//input[contains(@id ,\"application-billingtransfer-display-component---billingWorkbench--smartFilterBar-btnBasicSearch\")]"}
COMMAND: POST /session/d53f532480bfbfa72ae7ae5ef7ef8f5b/element - {"using":"xpath","value":"//input[contains(@id ,\"application-billingtransfer-display-component---billingWorkbench--smartFilterBar-btnBasicSearch\")]"}
RESULT: {"using":"xpath","value":"//input[contains(@id ,\"application-billingtransfer-display-component---billingWorkbench--smartFilterBar-btnBasicSearch\")]"}
COMMAND: POST /session/d53f532480bfbfa72ae7ae5ef7ef8f5b/execute/sync - {"script":"<script> [8489 bytes]","args":[{"element-6066-11e4-a52e-4f735466cecf":"f.9714F2348D0A698B9780435C77649C65.d.F227AB0F493EAF31566AB426567E524A.e.6233","ELEMENT":"f.9714F2348D0A698B9780435C77649C65.d.F227AB0F493EAF31566AB426567E524A.e.6233"}]}
RESULT: {"script":"<script> [8489 bytes]","args":[{"element-6066-11e4-a52e-4f735466cecf":"f.9714F2348D0A698B9780435C77649C65.d.F227AB0F493EAF31566AB426567E524A.e.6233","ELEMENT":"f.9714F2348D0A698B9780435C77649C65.d.F227AB0F493EAF31566AB426567E524A.e.6233"}]}
COMMAND: GET /session/d53f532480bfbfa72ae7ae5ef7ef8f5b/element/f.9714F2348D0A698B9780435C77649C65.d.F227AB0F493EAF31566AB426567E524A.e.6233/enabled - {}
COMMAND: GET /session/d53f532480bfbfa72ae7ae5ef7ef8f5b/screenshot - {}
RESULT: {}
COMMAND: POST /session/d53f532480bfbfa72ae7ae5ef7ef8f5b/element/f.9714F2348D0A698B9780435C77649C65.d.F227AB0F493EAF31566AB426567E524A.e.6233/click - {}
COMMAND: GET /session/d53f532480bfbfa72ae7ae5ef7ef8f5b/screenshot - {}
RESULT: {}
RESULT: {}
COMMAND: GET /session/d53f532480bfbfa72ae7ae5ef7ef8f5b/screenshot - {}
RESULT: {}
RESULT: {}
COMMAND: POST /session/d53f532480bfbfa72ae7ae5ef7ef8f5b/element/f.9714F2348D0A698B9780435C77649C65.d.F227AB0F493EAF31566AB426567E524A.e.6233/clear - {}
RESULT: {}
COMMAND: POST /session/d53f532480bfbfa72ae7ae5ef7ef8f5b/element/f.9714F2348D0A698B9780435C77649C65.d.F227AB0F493EAF31566AB426567E524A.e.6233/value - {"text":"10597"}
COMMAND: GET /session/d53f532480bfbfa72ae7ae5ef7ef8f5b/screenshot - {}
RESULT: {"text":"10597"}
COMMAND: POST /session/d53f532480bfbfa72ae7ae5ef7ef8f5b/actions - {"actions":[{"id":"action19","type":"key","parameters":{},"actions":[{"type":"keyDown","value":""},{"type":"pause","duration":10},{"type":"keyUp","value":""}]}]}
COMMAND: GET /session/d53f532480bfbfa72ae7ae5ef7ef8f5b/screenshot - {}
RESULT: {}
RESULT: {"actions":[{"id":"action19","type":"key","parameters":{},"actions":[{"type":"keyDown","value":""},{"type":"pause","duration":10},{"type":"keyUp","value":""}]}]}
COMMAND: GET /session/d53f532480bfbfa72ae7ae5ef7ef8f5b/screenshot - {}
RESULT: {}
RESULT: {}
COMMAND: POST /session/d53f532480bfbfa72ae7ae5ef7ef8f5b/element - {"using":"xpath","value":"//span[contains(@id ,\"application-billingtransfer-display-component---billingWorkbench--smartTableBillingRuns-header-inner\")]"}
RESULT: {"using":"xpath","value":"//span[contains(@id ,\"application-billingtransfer-display-component---billingWorkbench--smartTableBillingRuns-header-inner\")]"}
COMMAND: POST /session/d53f532480bfbfa72ae7ae5ef7ef8f5b/elements - {"using":"xpath","value":"//span[contains(@id ,\"application-billingtransfer-display-component---billingWorkbench--smartTableBillingRuns-header-inner\")]"}
RESULT: {"using":"xpath","value":"//span[contains(@id ,\"application-billingtransfer-display-component---billingWorkbench--smartTableBillingRuns-header-inner\")]"}
COMMAND: POST /session/d53f532480bfbfa72ae7ae5ef7ef8f5b/execute/sync - {"script":"<script> [56 bytes]","args":[{"element-6066-11e4-a52e-4f735466cecf":"f.9714F2348D0A698B9780435C77649C65.d.F227AB0F493EAF31566AB426567E524A.e.6382","ELEMENT":"f.9714F2348D0A698B9780435C77649C65.d.F227AB0F493EAF31566AB426567E524A.e.6382"}]}
RESULT: {"script":"<script> [56 bytes]","args":[{"element-6066-11e4-a52e-4f735466cecf":"f.9714F2348D0A698B9780435C77649C65.d.F227AB0F493EAF31566AB426567E524A.e.6382","ELEMENT":"f.9714F2348D0A698B9780435C77649C65.d.F227AB0F493EAF31566AB426567E524A.e.6382"}]}
COMMAND: POST /session/d53f532480bfbfa72ae7ae5ef7ef8f5b/element - {"using":"xpath","value":"//td[@aria-colindex=\"1\"]/div/div[contains(@class, \"sapMCbBg\")]"}
COMMAND: GET /session/d53f532480bfbfa72ae7ae5ef7ef8f5b/screenshot - {}
RESULT: {"using":"xpath","value":"//td[@aria-colindex=\"1\"]/div/div[contains(@class, \"sapMCbBg\")]"}
COMMAND: POST /session/d53f532480bfbfa72ae7ae5ef7ef8f5b/element/f.9714F2348D0A698B9780435C77649C65.d.F227AB0F493EAF31566AB426567E524A.e.6375/click - {}
RESULT: {}
RESULT: {}
COMMAND: GET /session/d53f532480bfbfa72ae7ae5ef7ef8f5b/screenshot - {}
RESULT: {}
COMMAND: POST /session/d53f532480bfbfa72ae7ae5ef7ef8f5b/element - {"using":"xpath","value":"//bdi[contains(text(), \"Check\")]"}
RESULT: {"using":"xpath","value":"//bdi[contains(text(), \"Check\")]"}
COMMAND: POST /session/d53f532480bfbfa72ae7ae5ef7ef8f5b/element/f.9714F2348D0A698B9780435C77649C65.d.F227AB0F493EAF31566AB426567E524A.e.6383/click - {}
RESULT: {}
COMMAND: GET /session/d53f532480bfbfa72ae7ae5ef7ef8f5b/screenshot - {}
RESULT: {}
COMMAND: POST /session/d53f532480bfbfa72ae7ae5ef7ef8f5b/element - {"using":"xpath","value":"//bdi[contains(text(), \"OK\")]"}
RESULT: {"using":"xpath","value":"//bdi[contains(text(), \"OK\")]"}
COMMAND: POST /session/d53f532480bfbfa72ae7ae5ef7ef8f5b/element/f.9714F2348D0A698B9780435C77649C65.d.F227AB0F493EAF31566AB426567E524A.e.6386/click - {}
RESULT: {}
COMMAND: GET /session/d53f532480bfbfa72ae7ae5ef7ef8f5b/screenshot - {}
RESULT: {}
COMMAND: POST /session/d53f532480bfbfa72ae7ae5ef7ef8f5b/element - {"using":"xpath","value":"(//span[contains(text(), \"CO/SD checked\")]/parent::div/preceding-sibling::div/span)[1]"}
RESULT: {"using":"xpath","value":"(//span[contains(text(), \"CO/SD checked\")]/parent::div/preceding-sibling::div/span)[1]"}
COMMAND: POST /session/d53f532480bfbfa72ae7ae5ef7ef8f5b/element/f.9714F2348D0A698B9780435C77649C65.d.F227AB0F493EAF31566AB426567E524A.e.6395/click - {}
RESULT: {}
COMMAND: GET /session/d53f532480bfbfa72ae7ae5ef7ef8f5b/screenshot - {}
RESULT: {}
COMMAND: POST /session/d53f532480bfbfa72ae7ae5ef7ef8f5b/element - {"using":"xpath","value":"//input[contains(@id ,\"application-billingtransfer-display-component---billingWorkbench--smartFilterBar-btnBasicSearch\")]"}
RESULT: {"using":"xpath","value":"//input[contains(@id ,\"application-billingtransfer-display-component---billingWorkbench--smartFilterBar-btnBasicSearch\")]"}
COMMAND: POST /session/d53f532480bfbfa72ae7ae5ef7ef8f5b/elements - {"using":"xpath","value":"//input[contains(@id ,\"application-billingtransfer-display-component---billingWorkbench--smartFilterBar-btnBasicSearch\")]"}
RESULT: {"using":"xpath","value":"//input[contains(@id ,\"application-billingtransfer-display-component---billingWorkbench--smartFilterBar-btnBasicSearch\")]"}
COMMAND: POST /session/d53f532480bfbfa72ae7ae5ef7ef8f5b/execute/sync - {"script":"<script> [8489 bytes]","args":[{"element-6066-11e4-a52e-4f735466cecf":"f.9714F2348D0A698B9780435C77649C65.d.F227AB0F493EAF31566AB426567E524A.e.6233","ELEMENT":"f.9714F2348D0A698B9780435C77649C65.d.F227AB0F493EAF31566AB426567E524A.e.6233"}]}
RESULT: {"script":"<script> [8489 bytes]","args":[{"element-6066-11e4-a52e-4f735466cecf":"f.9714F2348D0A698B9780435C77649C65.d.F227AB0F493EAF31566AB426567E524A.e.6233","ELEMENT":"f.9714F2348D0A698B9780435C77649C65.d.F227AB0F493EAF31566AB426567E524A.e.6233"}]}
COMMAND: GET /session/d53f532480bfbfa72ae7ae5ef7ef8f5b/element/f.9714F2348D0A698B9780435C77649C65.d.F227AB0F493EAF31566AB426567E524A.e.6233/enabled - {}
COMMAND: GET /session/d53f532480bfbfa72ae7ae5ef7ef8f5b/screenshot - {}
RESULT: {}
COMMAND: POST /session/d53f532480bfbfa72ae7ae5ef7ef8f5b/element/f.9714F2348D0A698B9780435C77649C65.d.F227AB0F493EAF31566AB426567E524A.e.6233/click - {}
COMMAND: GET /session/d53f532480bfbfa72ae7ae5ef7ef8f5b/screenshot - {}
RESULT: {}
RESULT: {}
COMMAND: GET /session/d53f532480bfbfa72ae7ae5ef7ef8f5b/screenshot - {}
RESULT: {}
RESULT: {}
COMMAND: POST /session/d53f532480bfbfa72ae7ae5ef7ef8f5b/element/f.9714F2348D0A698B9780435C77649C65.d.F227AB0F493EAF31566AB426567E524A.e.6233/clear - {}
RESULT: {}
COMMAND: POST /session/d53f532480bfbfa72ae7ae5ef7ef8f5b/element/f.9714F2348D0A698B9780435C77649C65.d.F227AB0F493EAF31566AB426567E524A.e.6233/value - {"text":"10597"}
COMMAND: GET /session/d53f532480bfbfa72ae7ae5ef7ef8f5b/screenshot - {}
RESULT: {"text":"10597"}
COMMAND: POST /session/d53f532480bfbfa72ae7ae5ef7ef8f5b/actions - {"actions":[{"id":"action20","type":"key","parameters":{},"actions":[{"type":"keyDown","value":""},{"type":"pause","duration":10},{"type":"keyUp","value":""}]}]}
COMMAND: GET /session/d53f532480bfbfa72ae7ae5ef7ef8f5b/screenshot - {}
RESULT: {}
RESULT: {"actions":[{"id":"action20","type":"key","parameters":{},"actions":[{"type":"keyDown","value":""},{"type":"pause","duration":10},{"type":"keyUp","value":""}]}]}
COMMAND: GET /session/d53f532480bfbfa72ae7ae5ef7ef8f5b/screenshot - {}
RESULT: {}
RESULT: {}
COMMAND: POST /session/d53f532480bfbfa72ae7ae5ef7ef8f5b/element - {"using":"xpath","value":"//span[contains(@id ,\"application-billingtransfer-display-component---billingWorkbench--smartTableBillingRuns-header-inner\")]"}
RESULT: {"using":"xpath","value":"//span[contains(@id ,\"application-billingtransfer-display-component---billingWorkbench--smartTableBillingRuns-header-inner\")]"}
COMMAND: POST /session/d53f532480bfbfa72ae7ae5ef7ef8f5b/elements - {"using":"xpath","value":"//span[contains(@id ,\"application-billingtransfer-display-component---billingWorkbench--smartTableBillingRuns-header-inner\")]"}
RESULT: {"using":"xpath","value":"//span[contains(@id ,\"application-billingtransfer-display-component---billingWorkbench--smartTableBillingRuns-header-inner\")]"}
COMMAND: POST /session/d53f532480bfbfa72ae7ae5ef7ef8f5b/execute/sync - {"script":"<script> [56 bytes]","args":[{"element-6066-11e4-a52e-4f735466cecf":"f.9714F2348D0A698B9780435C77649C65.d.F227AB0F493EAF31566AB426567E524A.e.6382","ELEMENT":"f.9714F2348D0A698B9780435C77649C65.d.F227AB0F493EAF31566AB426567E524A.e.6382"}]}
RESULT: {"script":"<script> [56 bytes]","args":[{"element-6066-11e4-a52e-4f735466cecf":"f.9714F2348D0A698B9780435C77649C65.d.F227AB0F493EAF31566AB426567E524A.e.6382","ELEMENT":"f.9714F2348D0A698B9780435C77649C65.d.F227AB0F493EAF31566AB426567E524A.e.6382"}]}
COMMAND: POST /session/d53f532480bfbfa72ae7ae5ef7ef8f5b/element - {"using":"xpath","value":"//td[@aria-colindex=\"1\"]/div/div[contains(@class, \"sapMCbBg\")]"}
COMMAND: GET /session/d53f532480bfbfa72ae7ae5ef7ef8f5b/screenshot - {}
RESULT: {"using":"xpath","value":"//td[@aria-colindex=\"1\"]/div/div[contains(@class, \"sapMCbBg\")]"}
COMMAND: POST /session/d53f532480bfbfa72ae7ae5ef7ef8f5b/element/f.9714F2348D0A698B9780435C77649C65.d.F227AB0F493EAF31566AB426567E524A.e.6399/click - {}
RESULT: {}
RESULT: {}
COMMAND: GET /session/d53f532480bfbfa72ae7ae5ef7ef8f5b/screenshot - {}
RESULT: {}
COMMAND: POST /session/d53f532480bfbfa72ae7ae5ef7ef8f5b/element - {"using":"xpath","value":"//bdi[text()=\"Transfer\"]"}
RESULT: {"using":"xpath","value":"//bdi[text()=\"Transfer\"]"}
COMMAND: POST /session/d53f532480bfbfa72ae7ae5ef7ef8f5b/element/f.9714F2348D0A698B9780435C77649C65.d.F227AB0F493EAF31566AB426567E524A.e.6400/click - {}
RESULT: {}
COMMAND: GET /session/d53f532480bfbfa72ae7ae5ef7ef8f5b/screenshot - {}
RESULT: {}
COMMAND: POST /session/d53f532480bfbfa72ae7ae5ef7ef8f5b/element - {"using":"xpath","value":"//bdi[contains(text(), \"OK\")]"}
RESULT: {"using":"xpath","value":"//bdi[contains(text(), \"OK\")]"}
COMMAND: POST /session/d53f532480bfbfa72ae7ae5ef7ef8f5b/element/f.9714F2348D0A698B9780435C77649C65.d.F227AB0F493EAF31566AB426567E524A.e.6403/click - {}
RESULT: {}
COMMAND: GET /session/d53f532480bfbfa72ae7ae5ef7ef8f5b/screenshot - {}
RESULT: {}
COMMAND: POST /session/d53f532480bfbfa72ae7ae5ef7ef8f5b/element - {"using":"xpath","value":"(//span[contains(text(), \"Invoice open\")]/parent::div/preceding-sibling::div/span)[1]"}
RESULT: {"using":"xpath","value":"(//span[contains(text(), \"Invoice open\")]/parent::div/preceding-sibling::div/span)[1]"}
COMMAND: POST /session/d53f532480bfbfa72ae7ae5ef7ef8f5b/element/f.9714F2348D0A698B9780435C77649C65.d.F227AB0F493EAF31566AB426567E524A.e.6411/click - {}
RESULT: {}
COMMAND: GET /session/d53f532480bfbfa72ae7ae5ef7ef8f5b/screenshot - {}
RESULT: {}
COMMAND: POST /session/d53f532480bfbfa72ae7ae5ef7ef8f5b/element - {"using":"xpath","value":"//input[contains(@id ,\"application-billingtransfer-display-component---billingWorkbench--smartFilterBar-btnBasicSearch\")]"}
RESULT: {"using":"xpath","value":"//input[contains(@id ,\"application-billingtransfer-display-component---billingWorkbench--smartFilterBar-btnBasicSearch\")]"}
COMMAND: POST /session/d53f532480bfbfa72ae7ae5ef7ef8f5b/elements - {"using":"xpath","value":"//input[contains(@id ,\"application-billingtransfer-display-component---billingWorkbench--smartFilterBar-btnBasicSearch\")]"}
RESULT: {"using":"xpath","value":"//input[contains(@id ,\"application-billingtransfer-display-component---billingWorkbench--smartFilterBar-btnBasicSearch\")]"}
COMMAND: POST /session/d53f532480bfbfa72ae7ae5ef7ef8f5b/execute/sync - {"script":"<script> [8489 bytes]","args":[{"element-6066-11e4-a52e-4f735466cecf":"f.9714F2348D0A698B9780435C77649C65.d.F227AB0F493EAF31566AB426567E524A.e.6233","ELEMENT":"f.9714F2348D0A698B9780435C77649C65.d.F227AB0F493EAF31566AB426567E524A.e.6233"}]}
RESULT: {"script":"<script> [8489 bytes]","args":[{"element-6066-11e4-a52e-4f735466cecf":"f.9714F2348D0A698B9780435C77649C65.d.F227AB0F493EAF31566AB426567E524A.e.6233","ELEMENT":"f.9714F2348D0A698B9780435C77649C65.d.F227AB0F493EAF31566AB426567E524A.e.6233"}]}
COMMAND: GET /session/d53f532480bfbfa72ae7ae5ef7ef8f5b/element/f.9714F2348D0A698B9780435C77649C65.d.F227AB0F493EAF31566AB426567E524A.e.6233/enabled - {}
COMMAND: GET /session/d53f532480bfbfa72ae7ae5ef7ef8f5b/screenshot - {}
RESULT: {}
COMMAND: POST /session/d53f532480bfbfa72ae7ae5ef7ef8f5b/element/f.9714F2348D0A698B9780435C77649C65.d.F227AB0F493EAF31566AB426567E524A.e.6233/click - {}
COMMAND: GET /session/d53f532480bfbfa72ae7ae5ef7ef8f5b/screenshot - {}
RESULT: {}
RESULT: {}
COMMAND: GET /session/d53f532480bfbfa72ae7ae5ef7ef8f5b/screenshot - {}
RESULT: {}
RESULT: {}
COMMAND: POST /session/d53f532480bfbfa72ae7ae5ef7ef8f5b/element/f.9714F2348D0A698B9780435C77649C65.d.F227AB0F493EAF31566AB426567E524A.e.6233/clear - {}
RESULT: {}
COMMAND: POST /session/d53f532480bfbfa72ae7ae5ef7ef8f5b/element/f.9714F2348D0A698B9780435C77649C65.d.F227AB0F493EAF31566AB426567E524A.e.6233/value - {"text":"10597"}
COMMAND: GET /session/d53f532480bfbfa72ae7ae5ef7ef8f5b/screenshot - {}
RESULT: {"text":"10597"}
COMMAND: POST /session/d53f532480bfbfa72ae7ae5ef7ef8f5b/actions - {"actions":[{"id":"action21","type":"key","parameters":{},"actions":[{"type":"keyDown","value":""},{"type":"pause","duration":10},{"type":"keyUp","value":""}]}]}
COMMAND: GET /session/d53f532480bfbfa72ae7ae5ef7ef8f5b/screenshot - {}
RESULT: {}
RESULT: {"actions":[{"id":"action21","type":"key","parameters":{},"actions":[{"type":"keyDown","value":""},{"type":"pause","duration":10},{"type":"keyUp","value":""}]}]}
COMMAND: GET /session/d53f532480bfbfa72ae7ae5ef7ef8f5b/screenshot - {}
RESULT: {}
RESULT: {}
COMMAND: POST /session/d53f532480bfbfa72ae7ae5ef7ef8f5b/element - {"using":"xpath","value":"//span[contains(@id ,\"application-billingtransfer-display-component---billingWorkbench--smartTableBillingRuns-header-inner\")]"}
RESULT: {"using":"xpath","value":"//span[contains(@id ,\"application-billingtransfer-display-component---billingWorkbench--smartTableBillingRuns-header-inner\")]"}
COMMAND: POST /session/d53f532480bfbfa72ae7ae5ef7ef8f5b/elements - {"using":"xpath","value":"//span[contains(@id ,\"application-billingtransfer-display-component---billingWorkbench--smartTableBillingRuns-header-inner\")]"}
RESULT: {"using":"xpath","value":"//span[contains(@id ,\"application-billingtransfer-display-component---billingWorkbench--smartTableBillingRuns-header-inner\")]"}
COMMAND: POST /session/d53f532480bfbfa72ae7ae5ef7ef8f5b/execute/sync - {"script":"<script> [56 bytes]","args":[{"element-6066-11e4-a52e-4f735466cecf":"f.9714F2348D0A698B9780435C77649C65.d.F227AB0F493EAF31566AB426567E524A.e.6382","ELEMENT":"f.9714F2348D0A698B9780435C77649C65.d.F227AB0F493EAF31566AB426567E524A.e.6382"}]}
RESULT: {"script":"<script> [56 bytes]","args":[{"element-6066-11e4-a52e-4f735466cecf":"f.9714F2348D0A698B9780435C77649C65.d.F227AB0F493EAF31566AB426567E524A.e.6382","ELEMENT":"f.9714F2348D0A698B9780435C77649C65.d.F227AB0F493EAF31566AB426567E524A.e.6382"}]}
COMMAND: GET /session/d53f532480bfbfa72ae7ae5ef7ef8f5b/screenshot - {}
RESULT: {}
COMMAND: POST /session/d53f532480bfbfa72ae7ae5ef7ef8f5b/execute/sync - {"script":"<script> [56 bytes]","args":[{"element-6066-11e4-a52e-4f735466cecf":"f.9714F2348D0A698B9780435C77649C65.d.F227AB0F493EAF31566AB426567E524A.e.6382","ELEMENT":"f.9714F2348D0A698B9780435C77649C65.d.F227AB0F493EAF31566AB426567E524A.e.6382"}]}
RESULT: {"script":"<script> [56 bytes]","args":[{"element-6066-11e4-a52e-4f735466cecf":"f.9714F2348D0A698B9780435C77649C65.d.F227AB0F493EAF31566AB426567E524A.e.6382","ELEMENT":"f.9714F2348D0A698B9780435C77649C65.d.F227AB0F493EAF31566AB426567E524A.e.6382"}]}
COMMAND: GET /session/d53f532480bfbfa72ae7ae5ef7ef8f5b/screenshot - {}
RESULT: {}
COMMAND: POST /session/d53f532480bfbfa72ae7ae5ef7ef8f5b/execute/sync - {"script":"<script> [56 bytes]","args":[{"element-6066-11e4-a52e-4f735466cecf":"f.9714F2348D0A698B9780435C77649C65.d.F227AB0F493EAF31566AB426567E524A.e.6382","ELEMENT":"f.9714F2348D0A698B9780435C77649C65.d.F227AB0F493EAF31566AB426567E524A.e.6382"}]}
RESULT: {"script":"<script> [56 bytes]","args":[{"element-6066-11e4-a52e-4f735466cecf":"f.9714F2348D0A698B9780435C77649C65.d.F227AB0F493EAF31566AB426567E524A.e.6382","ELEMENT":"f.9714F2348D0A698B9780435C77649C65.d.F227AB0F493EAF31566AB426567E524A.e.6382"}]}
COMMAND: GET /session/d53f532480bfbfa72ae7ae5ef7ef8f5b/screenshot - {}
RESULT: {}
COMMAND: POST /session/d53f532480bfbfa72ae7ae5ef7ef8f5b/execute/sync - {"script":"<script> [56 bytes]","args":[{"element-6066-11e4-a52e-4f735466cecf":"f.9714F2348D0A698B9780435C77649C65.d.F227AB0F493EAF31566AB426567E524A.e.6382","ELEMENT":"f.9714F2348D0A698B9780435C77649C65.d.F227AB0F493EAF31566AB426567E524A.e.6382"}]}
RESULT: {"script":"<script> [56 bytes]","args":[{"element-6066-11e4-a52e-4f735466cecf":"f.9714F2348D0A698B9780435C77649C65.d.F227AB0F493EAF31566AB426567E524A.e.6382","ELEMENT":"f.9714F2348D0A698B9780435C77649C65.d.F227AB0F493EAF31566AB426567E524A.e.6382"}]}
COMMAND: GET /session/d53f532480bfbfa72ae7ae5ef7ef8f5b/screenshot - {}
RESULT: {}
COMMAND: POST /session/d53f532480bfbfa72ae7ae5ef7ef8f5b/execute/sync - {"script":"<script> [56 bytes]","args":[{"element-6066-11e4-a52e-4f735466cecf":"f.9714F2348D0A698B9780435C77649C65.d.F227AB0F493EAF31566AB426567E524A.e.6382","ELEMENT":"f.9714F2348D0A698B9780435C77649C65.d.F227AB0F493EAF31566AB426567E524A.e.6382"}]}
RESULT: {"script":"<script> [56 bytes]","args":[{"element-6066-11e4-a52e-4f735466cecf":"f.9714F2348D0A698B9780435C77649C65.d.F227AB0F493EAF31566AB426567E524A.e.6382","ELEMENT":"f.9714F2348D0A698B9780435C77649C65.d.F227AB0F493EAF31566AB426567E524A.e.6382"}]}
COMMAND: GET /session/d53f532480bfbfa72ae7ae5ef7ef8f5b/screenshot - {}
RESULT: {}
COMMAND: POST /session/d53f532480bfbfa72ae7ae5ef7ef8f5b/execute/sync - {"script":"<script> [56 bytes]","args":[{"element-6066-11e4-a52e-4f735466cecf":"f.9714F2348D0A698B9780435C77649C65.d.F227AB0F493EAF31566AB426567E524A.e.6382","ELEMENT":"f.9714F2348D0A698B9780435C77649C65.d.F227AB0F493EAF31566AB426567E524A.e.6382"}]}
RESULT: {"script":"<script> [56 bytes]","args":[{"element-6066-11e4-a52e-4f735466cecf":"f.9714F2348D0A698B9780435C77649C65.d.F227AB0F493EAF31566AB426567E524A.e.6382","ELEMENT":"f.9714F2348D0A698B9780435C77649C65.d.F227AB0F493EAF31566AB426567E524A.e.6382"}]}
COMMAND: GET /session/d53f532480bfbfa72ae7ae5ef7ef8f5b/screenshot - {}
RESULT: {}
COMMAND: POST /session/d53f532480bfbfa72ae7ae5ef7ef8f5b/execute/sync - {"script":"<script> [56 bytes]","args":[{"element-6066-11e4-a52e-4f735466cecf":"f.9714F2348D0A698B9780435C77649C65.d.F227AB0F493EAF31566AB426567E524A.e.6382","ELEMENT":"f.9714F2348D0A698B9780435C77649C65.d.F227AB0F493EAF31566AB426567E524A.e.6382"}]}
RESULT: {"script":"<script> [56 bytes]","args":[{"element-6066-11e4-a52e-4f735466cecf":"f.9714F2348D0A698B9780435C77649C65.d.F227AB0F493EAF31566AB426567E524A.e.6382","ELEMENT":"f.9714F2348D0A698B9780435C77649C65.d.F227AB0F493EAF31566AB426567E524A.e.6382"}]}
COMMAND: GET /session/d53f532480bfbfa72ae7ae5ef7ef8f5b/screenshot - {}
RESULT: {}
COMMAND: POST /session/d53f532480bfbfa72ae7ae5ef7ef8f5b/execute/sync - {"script":"<script> [56 bytes]","args":[{"element-6066-11e4-a52e-4f735466cecf":"f.9714F2348D0A698B9780435C77649C65.d.F227AB0F493EAF31566AB426567E524A.e.6382","ELEMENT":"f.9714F2348D0A698B9780435C77649C65.d.F227AB0F493EAF31566AB426567E524A.e.6382"}]}
RESULT: {"script":"<script> [56 bytes]","args":[{"element-6066-11e4-a52e-4f735466cecf":"f.9714F2348D0A698B9780435C77649C65.d.F227AB0F493EAF31566AB426567E524A.e.6382","ELEMENT":"f.9714F2348D0A698B9780435C77649C65.d.F227AB0F493EAF31566AB426567E524A.e.6382"}]}
COMMAND: GET /session/d53f532480bfbfa72ae7ae5ef7ef8f5b/screenshot - {}
RESULT: {}
COMMAND: POST /session/d53f532480bfbfa72ae7ae5ef7ef8f5b/execute/sync - {"script":"<script> [56 bytes]","args":[{"element-6066-11e4-a52e-4f735466cecf":"f.9714F2348D0A698B9780435C77649C65.d.F227AB0F493EAF31566AB426567E524A.e.6382","ELEMENT":"f.9714F2348D0A698B9780435C77649C65.d.F227AB0F493EAF31566AB426567E524A.e.6382"}]}
RESULT: {"script":"<script> [56 bytes]","args":[{"element-6066-11e4-a52e-4f735466cecf":"f.9714F2348D0A698B9780435C77649C65.d.F227AB0F493EAF31566AB426567E524A.e.6382","ELEMENT":"f.9714F2348D0A698B9780435C77649C65.d.F227AB0F493EAF31566AB426567E524A.e.6382"}]}
COMMAND: GET /session/d53f532480bfbfa72ae7ae5ef7ef8f5b/screenshot - {}
RESULT: {}
COMMAND: POST /session/d53f532480bfbfa72ae7ae5ef7ef8f5b/execute/sync - {"script":"<script> [56 bytes]","args":[{"element-6066-11e4-a52e-4f735466cecf":"f.9714F2348D0A698B9780435C77649C65.d.F227AB0F493EAF31566AB426567E524A.e.6382","ELEMENT":"f.9714F2348D0A698B9780435C77649C65.d.F227AB0F493EAF31566AB426567E524A.e.6382"}]}
RESULT: {"script":"<script> [56 bytes]","args":[{"element-6066-11e4-a52e-4f735466cecf":"f.9714F2348D0A698B9780435C77649C65.d.F227AB0F493EAF31566AB426567E524A.e.6382","ELEMENT":"f.9714F2348D0A698B9780435C77649C65.d.F227AB0F493EAF31566AB426567E524A.e.6382"}]}
COMMAND: GET /session/d53f532480bfbfa72ae7ae5ef7ef8f5b/screenshot - {}
RESULT: {}
COMMAND: POST /session/d53f532480bfbfa72ae7ae5ef7ef8f5b/execute/sync - {"script":"<script> [56 bytes]","args":[{"element-6066-11e4-a52e-4f735466cecf":"f.9714F2348D0A698B9780435C77649C65.d.F227AB0F493EAF31566AB426567E524A.e.6382","ELEMENT":"f.9714F2348D0A698B9780435C77649C65.d.F227AB0F493EAF31566AB426567E524A.e.6382"}]}
RESULT: {"script":"<script> [56 bytes]","args":[{"element-6066-11e4-a52e-4f735466cecf":"f.9714F2348D0A698B9780435C77649C65.d.F227AB0F493EAF31566AB426567E524A.e.6382","ELEMENT":"f.9714F2348D0A698B9780435C77649C65.d.F227AB0F493EAF31566AB426567E524A.e.6382"}]}
COMMAND: GET /session/d53f532480bfbfa72ae7ae5ef7ef8f5b/screenshot - {}
RESULT: {}
COMMAND: POST /session/d53f532480bfbfa72ae7ae5ef7ef8f5b/execute/sync - {"script":"<script> [56 bytes]","args":[{"element-6066-11e4-a52e-4f735466cecf":"f.9714F2348D0A698B9780435C77649C65.d.F227AB0F493EAF31566AB426567E524A.e.6382","ELEMENT":"f.9714F2348D0A698B9780435C77649C65.d.F227AB0F493EAF31566AB426567E524A.e.6382"}]}
RESULT: {"script":"<script> [56 bytes]","args":[{"element-6066-11e4-a52e-4f735466cecf":"f.9714F2348D0A698B9780435C77649C65.d.F227AB0F493EAF31566AB426567E524A.e.6382","ELEMENT":"f.9714F2348D0A698B9780435C77649C65.d.F227AB0F493EAF31566AB426567E524A.e.6382"}]}
COMMAND: GET /session/d53f532480bfbfa72ae7ae5ef7ef8f5b/screenshot - {}
RESULT: {}
COMMAND: POST /session/d53f532480bfbfa72ae7ae5ef7ef8f5b/execute/sync - {"script":"<script> [56 bytes]","args":[{"element-6066-11e4-a52e-4f735466cecf":"f.9714F2348D0A698B9780435C77649C65.d.F227AB0F493EAF31566AB426567E524A.e.6382","ELEMENT":"f.9714F2348D0A698B9780435C77649C65.d.F227AB0F493EAF31566AB426567E524A.e.6382"}]}
RESULT: {"script":"<script> [56 bytes]","args":[{"element-6066-11e4-a52e-4f735466cecf":"f.9714F2348D0A698B9780435C77649C65.d.F227AB0F493EAF31566AB426567E524A.e.6382","ELEMENT":"f.9714F2348D0A698B9780435C77649C65.d.F227AB0F493EAF31566AB426567E524A.e.6382"}]}
COMMAND: GET /session/d53f532480bfbfa72ae7ae5ef7ef8f5b/screenshot - {}
RESULT: {}
COMMAND: POST /session/d53f532480bfbfa72ae7ae5ef7ef8f5b/execute/sync - {"script":"<script> [56 bytes]","args":[{"element-6066-11e4-a52e-4f735466cecf":"f.9714F2348D0A698B9780435C77649C65.d.F227AB0F493EAF31566AB426567E524A.e.6382","ELEMENT":"f.9714F2348D0A698B9780435C77649C65.d.F227AB0F493EAF31566AB426567E524A.e.6382"}]}
RESULT: {"script":"<script> [56 bytes]","args":[{"element-6066-11e4-a52e-4f735466cecf":"f.9714F2348D0A698B9780435C77649C65.d.F227AB0F493EAF31566AB426567E524A.e.6382","ELEMENT":"f.9714F2348D0A698B9780435C77649C65.d.F227AB0F493EAF31566AB426567E524A.e.6382"}]}
COMMAND: GET /session/d53f532480bfbfa72ae7ae5ef7ef8f5b/screenshot - {}
COMMAND: POST /session/d53f532480bfbfa72ae7ae5ef7ef8f5b/execute/sync - {"script":"<script> [56 bytes]","args":[{"element-6066-11e4-a52e-4f735466cecf":"f.9714F2348D0A698B9780435C77649C65.d.F227AB0F493EAF31566AB426567E524A.e.6382","ELEMENT":"f.9714F2348D0A698B9780435C77649C65.d.F227AB0F493EAF31566AB426567E524A.e.6382"}]}
RESULT: {}
RESULT: {"script":"<script> [56 bytes]","args":[{"element-6066-11e4-a52e-4f735466cecf":"f.9714F2348D0A698B9780435C77649C65.d.F227AB0F493EAF31566AB426567E524A.e.6382","ELEMENT":"f.9714F2348D0A698B9780435C77649C65.d.F227AB0F493EAF31566AB426567E524A.e.6382"}]}
COMMAND: POST /session/d53f532480bfbfa72ae7ae5ef7ef8f5b/element - {"using":"css selector","value":"#shell-header-logo"}
COMMAND: GET /session/d53f532480bfbfa72ae7ae5ef7ef8f5b/screenshot - {}
RESULT: {"using":"css selector","value":"#shell-header-logo"}
COMMAND: POST /session/d53f532480bfbfa72ae7ae5ef7ef8f5b/element/f.9714F2348D0A698B9780435C77649C65.d.F227AB0F493EAF31566AB426567E524A.e.6231/click - {}
RESULT: {}
RESULT: {}
COMMAND: GET /session/d53f532480bfbfa72ae7ae5ef7ef8f5b/screenshot - {}
RESULT: {}
COMMAND: POST /session/d53f532480bfbfa72ae7ae5ef7ef8f5b/element - {"using":"css selector","value":"#j_username"}
COMMAND: POST /session/d53f532480bfbfa72ae7ae5ef7ef8f5b/url - {"url":"https://qa-testing-00-live-etm-ui.cfapps.eu10-004.hana.ondemand.com/"}
RESULT: {"using":"css selector","value":"#j_username"}
COMMAND: POST /session/d53f532480bfbfa72ae7ae5ef7ef8f5b/element - {"using":"css selector","value":"#j_username"}
RESULT: {"url":"https://qa-testing-00-live-etm-ui.cfapps.eu10-004.hana.ondemand.com/"}
RESULT: undefined
COMMAND: GET /session/d53f532480bfbfa72ae7ae5ef7ef8f5b/screenshot - {}
RESULT: {"using":"css selector","value":"#j_username"}
COMMAND: POST /session/d53f532480bfbfa72ae7ae5ef7ef8f5b/element - {"using":"css selector","value":"#shell-header-logo"}
RESULT: {}
RESULT: {"using":"css selector","value":"#shell-header-logo"}
COMMAND: POST /session/d53f532480bfbfa72ae7ae5ef7ef8f5b/execute/sync - {"script":"<script> [8489 bytes]","args":[{"element-6066-11e4-a52e-4f735466cecf":"f.9714F2348D0A698B9780435C77649C65.d.D32EBD7DA201135E3FA664D6937C32F0.e.6429","ELEMENT":"f.9714F2348D0A698B9780435C77649C65.d.D32EBD7DA201135E3FA664D6937C32F0.e.6429"}]}
RESULT: {"script":"<script> [8489 bytes]","args":[{"element-6066-11e4-a52e-4f735466cecf":"f.9714F2348D0A698B9780435C77649C65.d.D32EBD7DA201135E3FA664D6937C32F0.e.6429","ELEMENT":"f.9714F2348D0A698B9780435C77649C65.d.D32EBD7DA201135E3FA664D6937C32F0.e.6429"}]}
COMMAND: POST /session/d53f532480bfbfa72ae7ae5ef7ef8f5b/element - {"using":"css selector","value":"#shell-header-logo"}
COMMAND: GET /session/d53f532480bfbfa72ae7ae5ef7ef8f5b/screenshot - {}
RESULT: {"using":"css selector","value":"#shell-header-logo"}
COMMAND: POST /session/d53f532480bfbfa72ae7ae5ef7ef8f5b/execute/sync - {"script":"<script> [8489 bytes]","args":[{"element-6066-11e4-a52e-4f735466cecf":"f.9714F2348D0A698B9780435C77649C65.d.D32EBD7DA201135E3FA664D6937C32F0.e.6429","ELEMENT":"f.9714F2348D0A698B9780435C77649C65.d.D32EBD7DA201135E3FA664D6937C32F0.e.6429"}]}
RESULT: {}
RESULT: {"script":"<script> [8489 bytes]","args":[{"element-6066-11e4-a52e-4f735466cecf":"f.9714F2348D0A698B9780435C77649C65.d.D32EBD7DA201135E3FA664D6937C32F0.e.6429","ELEMENT":"f.9714F2348D0A698B9780435C77649C65.d.D32EBD7DA201135E3FA664D6937C32F0.e.6429"}]}
COMMAND: POST /session/d53f532480bfbfa72ae7ae5ef7ef8f5b/execute/sync - {"script":"<script> [5351 bytes]","args":[{"element-6066-11e4-a52e-4f735466cecf":"f.9714F2348D0A698B9780435C77649C65.d.D32EBD7DA201135E3FA664D6937C32F0.e.6429","ELEMENT":"f.9714F2348D0A698B9780435C77649C65.d.D32EBD7DA201135E3FA664D6937C32F0.e.6429"}]}
COMMAND: GET /session/d53f532480bfbfa72ae7ae5ef7ef8f5b/screenshot - {}
RESULT: {"script":"<script> [5351 bytes]","args":[{"element-6066-11e4-a52e-4f735466cecf":"f.9714F2348D0A698B9780435C77649C65.d.D32EBD7DA201135E3FA664D6937C32F0.e.6429","ELEMENT":"f.9714F2348D0A698B9780435C77649C65.d.D32EBD7DA201135E3FA664D6937C32F0.e.6429"}]}
COMMAND: POST /session/d53f532480bfbfa72ae7ae5ef7ef8f5b/element - {"using":"css selector","value":"#shell-header-logo"}
COMMAND: GET /session/d53f532480bfbfa72ae7ae5ef7ef8f5b/screenshot - {}
RESULT: {}
RESULT: {"using":"css selector","value":"#shell-header-logo"}
COMMAND: POST /session/d53f532480bfbfa72ae7ae5ef7ef8f5b/element/f.9714F2348D0A698B9780435C77649C65.d.D32EBD7DA201135E3FA664D6937C32F0.e.6429/click - {}
RESULT: {}
RESULT: {}
COMMAND: GET /session/d53f532480bfbfa72ae7ae5ef7ef8f5b/screenshot - {}
RESULT: {}
COMMAND: POST /session/d53f532480bfbfa72ae7ae5ef7ef8f5b/execute/async - {"script":"<script> [189 bytes]","args":[]}
RESULT: {"script":"<script> [189 bytes]","args":[]}
COMMAND: POST /session/d53f532480bfbfa72ae7ae5ef7ef8f5b/execute/async - {"script":"<script> [123 bytes]","args":[]}
RESULT: {"script":"<script> [123 bytes]","args":[]}
COMMAND: POST /session/d53f532480bfbfa72ae7ae5ef7ef8f5b/timeouts - {"script":"<number>"}
RESULT: {"script":"<number>"}
COMMAND: GET /session/d53f532480bfbfa72ae7ae5ef7ef8f5b/timeouts - {}
RESULT: {}
RESULT: undefined
COMMAND: POST /session/d53f532480bfbfa72ae7ae5ef7ef8f5b/execute/async - {"script":"<script> [2676 bytes]","args":[]}
RESULT: {"script":"<script> [2676 bytes]","args":[]}
COMMAND: POST /session/d53f532480bfbfa72ae7ae5ef7ef8f5b/execute/async - {"script":"<script> [2342 bytes]","args":[{"protocol":"http","hostname":"0.0.0.0","path":"/","capabilities":{"browserName":"chrome","goog:chromeOptions":{"binary":"C:\\Program Files\\Google\\Chrome\\Application\\chrome.exe","args":["--start-maximized"]}},"logLevel":"warn","connectionRetryTimeout":120000,"connectionRetryCount":3,"logLevels":{},"enableDirectConnect":true,"strictSSL":true,"_":"65 more keys: [\"cacheDir\",\"port\",\"requestedCapabilities\",\"automationProtocol\",\"baseUrl\",\"waitforInterval\",\"waitforTimeout\",\"onReload\",\"beforeCommand\",\"afterCommand\",\"rootDir\",\"specs\",\"suites\",\"exclude\",\"groupLogsByTestSpec\",\"excludeDriverLogs\",\"bail\",\"framework\",\"reporters\",\"services\",\"maxInstances\",\"maxInstancesPerCapability\",\"injectGlobals\",\"filesToWatch\",\"execArgv\",\"runnerEnv\",\"runner\",\"shard\",\"specFileRetries\",\"specFileRetriesDelay\",\"specFileRetriesDeferred\",\"reporterSyncInterval\",\"reporterSyncTimeout\",\"cucumberFeaturesWithLineNumbers\",\"autoCompileOpts\",\"mochaOpts\",\"jasmineOpts\",\"cucumberOpts\",\"onPrepare\",\"onWorkerStart\",\"onWorkerEnd\",\"before\",\"beforeSession\",\"beforeSuite\",\"beforeHook\",\"beforeTest\",\"afterTest\",\"afterHook\",\"afterSuite\",\"afterSession\",\"after\",\"onComplete\",\"beforeAssertion\",\"afterAssertion\",\"beforeFeature\",\"beforeScenario\",\"beforeStep\",\"afterStep\",\"afterScenario\",\"afterFeature\",\"_\",\"suite\",\"$0\",\"ignoredWorkerServices\",\"wdi5\"]"}]}
RESULT: {"script":"<script> [2342 bytes]","args":[{"protocol":"http","hostname":"0.0.0.0","path":"/","capabilities":{"browserName":"chrome","goog:chromeOptions":{"binary":"C:\\Program Files\\Google\\Chrome\\Application\\chrome.exe","args":["--start-maximized"]}},"logLevel":"warn","connectionRetryTimeout":120000,"connectionRetryCount":3,"logLevels":{},"enableDirectConnect":true,"strictSSL":true,"_":"65 more keys: [\"cacheDir\",\"port\",\"requestedCapabilities\",\"automationProtocol\",\"baseUrl\",\"waitforInterval\",\"waitforTimeout\",\"onReload\",\"beforeCommand\",\"afterCommand\",\"rootDir\",\"specs\",\"suites\",\"exclude\",\"groupLogsByTestSpec\",\"excludeDriverLogs\",\"bail\",\"framework\",\"reporters\",\"services\",\"maxInstances\",\"maxInstancesPerCapability\",\"injectGlobals\",\"filesToWatch\",\"execArgv\",\"runnerEnv\",\"runner\",\"shard\",\"specFileRetries\",\"specFileRetriesDelay\",\"specFileRetriesDeferred\",\"reporterSyncInterval\",\"reporterSyncTimeout\",\"cucumberFeaturesWithLineNumbers\",\"autoCompileOpts\",\"mochaOpts\",\"jasmineOpts\",\"cucumberOpts\",\"onPrepare\",\"onWorkerStart\",\"onWorkerEnd\",\"before\",\"beforeSession\",\"beforeSuite\",\"beforeHook\",\"beforeTest\",\"afterTest\",\"afterHook\",\"afterSuite\",\"afterSession\",\"after\",\"onComplete\",\"beforeAssertion\",\"afterAssertion\",\"beforeFeature\",\"beforeScenario\",\"beforeStep\",\"afterStep\",\"afterScenario\",\"afterFeature\",\"_\",\"suite\",\"$0\",\"ignoredWorkerServices\",\"wdi5\"]"}]}
COMMAND: POST /session/d53f532480bfbfa72ae7ae5ef7ef8f5b/execute/async - {"script":"<script> [21126 bytes]","args":[35000]}
RESULT: {"script":"<script> [21126 bytes]","args":[35000]}
COMMAND: POST /session/d53f532480bfbfa72ae7ae5ef7ef8f5b/window/maximize - {}
RESULT: {}
COMMAND: POST /session/d53f532480bfbfa72ae7ae5ef7ef8f5b/execute/async - {"script":"<script> [1562 bytes]","args":[{"selector":{"id":"shell-header","interaction":{"idSuffix":"icon"}},"wdio_ui5_key":"shellheader"}]}
COMMAND: GET /session/d53f532480bfbfa72ae7ae5ef7ef8f5b/screenshot - {}
RESULT: {"script":"<script> [1562 bytes]","args":[{"selector":{"id":"shell-header","interaction":{"idSuffix":"icon"}},"wdio_ui5_key":"shellheader"}]}
RESULT: undefined
COMMAND: POST /session/d53f532480bfbfa72ae7ae5ef7ef8f5b/refresh - {}
RESULT: {}
RESULT: {}
COMMAND: GET /session/d53f532480bfbfa72ae7ae5ef7ef8f5b/screenshot - {}
RESULT: {}
COMMAND: POST /session/d53f532480bfbfa72ae7ae5ef7ef8f5b/refresh - {}
RESULT: {}
COMMAND: GET /session/d53f532480bfbfa72ae7ae5ef7ef8f5b/screenshot - {}
RESULT: {}
COMMAND: POST /session/d53f532480bfbfa72ae7ae5ef7ef8f5b/window/fullscreen - {}
RESULT: {}
COMMAND: POST /session/d53f532480bfbfa72ae7ae5ef7ef8f5b/execute/async - {"script":"<script> [189 bytes]","args":[]}
RESULT: {"script":"<script> [189 bytes]","args":[]}
COMMAND: POST /session/d53f532480bfbfa72ae7ae5ef7ef8f5b/execute/async - {"script":"<script> [123 bytes]","args":[]}
RESULT: {"script":"<script> [123 bytes]","args":[]}
COMMAND: POST /session/d53f532480bfbfa72ae7ae5ef7ef8f5b/timeouts - {"script":"<number>"}
RESULT: {"script":"<number>"}
COMMAND: GET /session/d53f532480bfbfa72ae7ae5ef7ef8f5b/timeouts - {}
RESULT: {}
RESULT: undefined
COMMAND: POST /session/d53f532480bfbfa72ae7ae5ef7ef8f5b/execute/async - {"script":"<script> [2676 bytes]","args":[]}
RESULT: {"script":"<script> [2676 bytes]","args":[]}
COMMAND: POST /session/d53f532480bfbfa72ae7ae5ef7ef8f5b/execute/async - {"script":"<script> [2342 bytes]","args":[{"protocol":"http","hostname":"0.0.0.0","path":"/","capabilities":{"browserName":"chrome","goog:chromeOptions":{"binary":"C:\\Program Files\\Google\\Chrome\\Application\\chrome.exe","args":["--start-maximized"]}},"logLevel":"warn","connectionRetryTimeout":120000,"connectionRetryCount":3,"logLevels":{},"enableDirectConnect":true,"strictSSL":true,"_":"65 more keys: [\"cacheDir\",\"port\",\"requestedCapabilities\",\"automationProtocol\",\"baseUrl\",\"waitforInterval\",\"waitforTimeout\",\"onReload\",\"beforeCommand\",\"afterCommand\",\"rootDir\",\"specs\",\"suites\",\"exclude\",\"groupLogsByTestSpec\",\"excludeDriverLogs\",\"bail\",\"framework\",\"reporters\",\"services\",\"maxInstances\",\"maxInstancesPerCapability\",\"injectGlobals\",\"filesToWatch\",\"execArgv\",\"runnerEnv\",\"runner\",\"shard\",\"specFileRetries\",\"specFileRetriesDelay\",\"specFileRetriesDeferred\",\"reporterSyncInterval\",\"reporterSyncTimeout\",\"cucumberFeaturesWithLineNumbers\",\"autoCompileOpts\",\"mochaOpts\",\"jasmineOpts\",\"cucumberOpts\",\"onPrepare\",\"onWorkerStart\",\"onWorkerEnd\",\"before\",\"beforeSession\",\"beforeSuite\",\"beforeHook\",\"beforeTest\",\"afterTest\",\"afterHook\",\"afterSuite\",\"afterSession\",\"after\",\"onComplete\",\"beforeAssertion\",\"afterAssertion\",\"beforeFeature\",\"beforeScenario\",\"beforeStep\",\"afterStep\",\"afterScenario\",\"afterFeature\",\"_\",\"suite\",\"$0\",\"ignoredWorkerServices\",\"wdi5\"]"}]}
RESULT: {"script":"<script> [2342 bytes]","args":[{"protocol":"http","hostname":"0.0.0.0","path":"/","capabilities":{"browserName":"chrome","goog:chromeOptions":{"binary":"C:\\Program Files\\Google\\Chrome\\Application\\chrome.exe","args":["--start-maximized"]}},"logLevel":"warn","connectionRetryTimeout":120000,"connectionRetryCount":3,"logLevels":{},"enableDirectConnect":true,"strictSSL":true,"_":"65 more keys: [\"cacheDir\",\"port\",\"requestedCapabilities\",\"automationProtocol\",\"baseUrl\",\"waitforInterval\",\"waitforTimeout\",\"onReload\",\"beforeCommand\",\"afterCommand\",\"rootDir\",\"specs\",\"suites\",\"exclude\",\"groupLogsByTestSpec\",\"excludeDriverLogs\",\"bail\",\"framework\",\"reporters\",\"services\",\"maxInstances\",\"maxInstancesPerCapability\",\"injectGlobals\",\"filesToWatch\",\"execArgv\",\"runnerEnv\",\"runner\",\"shard\",\"specFileRetries\",\"specFileRetriesDelay\",\"specFileRetriesDeferred\",\"reporterSyncInterval\",\"reporterSyncTimeout\",\"cucumberFeaturesWithLineNumbers\",\"autoCompileOpts\",\"mochaOpts\",\"jasmineOpts\",\"cucumberOpts\",\"onPrepare\",\"onWorkerStart\",\"onWorkerEnd\",\"before\",\"beforeSession\",\"beforeSuite\",\"beforeHook\",\"beforeTest\",\"afterTest\",\"afterHook\",\"afterSuite\",\"afterSession\",\"after\",\"onComplete\",\"beforeAssertion\",\"afterAssertion\",\"beforeFeature\",\"beforeScenario\",\"beforeStep\",\"afterStep\",\"afterScenario\",\"afterFeature\",\"_\",\"suite\",\"$0\",\"ignoredWorkerServices\",\"wdi5\"]"}]}
COMMAND: POST /session/d53f532480bfbfa72ae7ae5ef7ef8f5b/execute/async - {"script":"<script> [21126 bytes]","args":[35000]}
RESULT: {"script":"<script> [21126 bytes]","args":[35000]}
]]></system-out>
    </testcase>
  </testsuite>
  <testsuite timestamp="2025-04-23T08:04:32" time="926.52" tests="12" failures="0" errors="0" skipped="0">
    <properties>
      <property name="specId" value="0"/>
      <property name="suiteName" value="Billing Transfer - Intracompany US127249"/>
      <property name="capabilities" value="chrome.135_0_7049_42.windows"/>
      <property name="file" value="file:///D:/a/1/s/test/specs/BTS/billing-transfer-intracompany.spec.js"/>
    </properties>
    <testcase classname="chrome.135_0_7049_42.windows.Billing_Transfer_-_Intracompany_US127249" name="Should create a new yard" time="105.388">
      <system-out><![CDATA[
COMMAND: POST /session/d53f532480bfbfa72ae7ae5ef7ef8f5b/window/fullscreen - {}
RESULT: {}
COMMAND: POST /session/d53f532480bfbfa72ae7ae5ef7ef8f5b/execute/async - {"script":"<script> [1562 bytes]","args":[{"selector":{"controlType":"sap.m.GenericTile","properties":{"header":"Manage Yards"}},"wdio_ui5_key":"sapm.GenericTile{\"header\":\"Manage Yards\"}"}]}
RESULT: {"script":"<script> [1562 bytes]","args":[{"selector":{"controlType":"sap.m.GenericTile","properties":{"header":"Manage Yards"}},"wdio_ui5_key":"sapm.GenericTile{\"header\":\"Manage Yards\"}"}]}
RESULT: undefined
COMMAND: POST /session/d53f532480bfbfa72ae7ae5ef7ef8f5b/element - {"using":"xpath","value":"//*[@id=\"__tile41\"]"}
RESULT: {"using":"xpath","value":"//*[@id=\"__tile41\"]"}
COMMAND: POST /session/d53f532480bfbfa72ae7ae5ef7ef8f5b/element/f.9714F2348D0A698B9780435C77649C65.d.A3BB4A8A2C7D42E5C4BD4A85D244F7E9.e.6588/click - {}
RESULT: {}
COMMAND: POST /session/d53f532480bfbfa72ae7ae5ef7ef8f5b/element - {"using":"xpath","value":"//button[@data-kt=\"addNewYardOverflowToolbarButton\"]"}
COMMAND: GET /session/d53f532480bfbfa72ae7ae5ef7ef8f5b/screenshot - {}
RESULT: {"using":"xpath","value":"//button[@data-kt=\"addNewYardOverflowToolbarButton\"]"}
COMMAND: POST /session/d53f532480bfbfa72ae7ae5ef7ef8f5b/elements - {"using":"xpath","value":"//button[@data-kt=\"addNewYardOverflowToolbarButton\"]"}
RESULT: {}
RESULT: {"using":"xpath","value":"//button[@data-kt=\"addNewYardOverflowToolbarButton\"]"}
COMMAND: POST /session/d53f532480bfbfa72ae7ae5ef7ef8f5b/elements - {"using":"xpath","value":"//button[@data-kt=\"addNewYardOverflowToolbarButton\"]"}
RESULT: {"using":"xpath","value":"//button[@data-kt=\"addNewYardOverflowToolbarButton\"]"}
COMMAND: POST /session/d53f532480bfbfa72ae7ae5ef7ef8f5b/elements - {"using":"xpath","value":"//button[@data-kt=\"addNewYardOverflowToolbarButton\"]"}
RESULT: {"using":"xpath","value":"//button[@data-kt=\"addNewYardOverflowToolbarButton\"]"}
COMMAND: POST /session/d53f532480bfbfa72ae7ae5ef7ef8f5b/elements - {"using":"xpath","value":"//button[@data-kt=\"addNewYardOverflowToolbarButton\"]"}
RESULT: {"using":"xpath","value":"//button[@data-kt=\"addNewYardOverflowToolbarButton\"]"}
COMMAND: POST /session/d53f532480bfbfa72ae7ae5ef7ef8f5b/elements - {"using":"xpath","value":"//button[@data-kt=\"addNewYardOverflowToolbarButton\"]"}
RESULT: {"using":"xpath","value":"//button[@data-kt=\"addNewYardOverflowToolbarButton\"]"}
COMMAND: POST /session/d53f532480bfbfa72ae7ae5ef7ef8f5b/elements - {"using":"xpath","value":"//button[@data-kt=\"addNewYardOverflowToolbarButton\"]"}
RESULT: {"using":"xpath","value":"//button[@data-kt=\"addNewYardOverflowToolbarButton\"]"}
COMMAND: POST /session/d53f532480bfbfa72ae7ae5ef7ef8f5b/elements - {"using":"xpath","value":"//button[@data-kt=\"addNewYardOverflowToolbarButton\"]"}
RESULT: {"using":"xpath","value":"//button[@data-kt=\"addNewYardOverflowToolbarButton\"]"}
COMMAND: POST /session/d53f532480bfbfa72ae7ae5ef7ef8f5b/elements - {"using":"xpath","value":"//button[@data-kt=\"addNewYardOverflowToolbarButton\"]"}
RESULT: {"using":"xpath","value":"//button[@data-kt=\"addNewYardOverflowToolbarButton\"]"}
COMMAND: POST /session/d53f532480bfbfa72ae7ae5ef7ef8f5b/elements - {"using":"xpath","value":"//button[@data-kt=\"addNewYardOverflowToolbarButton\"]"}
RESULT: {"using":"xpath","value":"//button[@data-kt=\"addNewYardOverflowToolbarButton\"]"}
COMMAND: POST /session/d53f532480bfbfa72ae7ae5ef7ef8f5b/elements - {"using":"xpath","value":"//button[@data-kt=\"addNewYardOverflowToolbarButton\"]"}
RESULT: {"using":"xpath","value":"//button[@data-kt=\"addNewYardOverflowToolbarButton\"]"}
COMMAND: POST /session/d53f532480bfbfa72ae7ae5ef7ef8f5b/elements - {"using":"xpath","value":"//button[@data-kt=\"addNewYardOverflowToolbarButton\"]"}
RESULT: {"using":"xpath","value":"//button[@data-kt=\"addNewYardOverflowToolbarButton\"]"}
COMMAND: POST /session/d53f532480bfbfa72ae7ae5ef7ef8f5b/elements - {"using":"xpath","value":"//button[@data-kt=\"addNewYardOverflowToolbarButton\"]"}
RESULT: {"using":"xpath","value":"//button[@data-kt=\"addNewYardOverflowToolbarButton\"]"}
COMMAND: POST /session/d53f532480bfbfa72ae7ae5ef7ef8f5b/elements - {"using":"xpath","value":"//button[@data-kt=\"addNewYardOverflowToolbarButton\"]"}
RESULT: {"using":"xpath","value":"//button[@data-kt=\"addNewYardOverflowToolbarButton\"]"}
COMMAND: POST /session/d53f532480bfbfa72ae7ae5ef7ef8f5b/elements - {"using":"xpath","value":"//button[@data-kt=\"addNewYardOverflowToolbarButton\"]"}
RESULT: {"using":"xpath","value":"//button[@data-kt=\"addNewYardOverflowToolbarButton\"]"}
COMMAND: POST /session/d53f532480bfbfa72ae7ae5ef7ef8f5b/elements - {"using":"xpath","value":"//button[@data-kt=\"addNewYardOverflowToolbarButton\"]"}
RESULT: {"using":"xpath","value":"//button[@data-kt=\"addNewYardOverflowToolbarButton\"]"}
COMMAND: POST /session/d53f532480bfbfa72ae7ae5ef7ef8f5b/elements - {"using":"xpath","value":"//button[@data-kt=\"addNewYardOverflowToolbarButton\"]"}
RESULT: {"using":"xpath","value":"//button[@data-kt=\"addNewYardOverflowToolbarButton\"]"}
COMMAND: POST /session/d53f532480bfbfa72ae7ae5ef7ef8f5b/elements - {"using":"xpath","value":"//button[@data-kt=\"addNewYardOverflowToolbarButton\"]"}
RESULT: {"using":"xpath","value":"//button[@data-kt=\"addNewYardOverflowToolbarButton\"]"}
COMMAND: POST /session/d53f532480bfbfa72ae7ae5ef7ef8f5b/elements - {"using":"xpath","value":"//button[@data-kt=\"addNewYardOverflowToolbarButton\"]"}
RESULT: {"using":"xpath","value":"//button[@data-kt=\"addNewYardOverflowToolbarButton\"]"}
COMMAND: POST /session/d53f532480bfbfa72ae7ae5ef7ef8f5b/elements - {"using":"xpath","value":"//button[@data-kt=\"addNewYardOverflowToolbarButton\"]"}
RESULT: {"using":"xpath","value":"//button[@data-kt=\"addNewYardOverflowToolbarButton\"]"}
COMMAND: POST /session/d53f532480bfbfa72ae7ae5ef7ef8f5b/elements - {"using":"xpath","value":"//button[@data-kt=\"addNewYardOverflowToolbarButton\"]"}
RESULT: {"using":"xpath","value":"//button[@data-kt=\"addNewYardOverflowToolbarButton\"]"}
COMMAND: POST /session/d53f532480bfbfa72ae7ae5ef7ef8f5b/elements - {"using":"xpath","value":"//button[@data-kt=\"addNewYardOverflowToolbarButton\"]"}
RESULT: {"using":"xpath","value":"//button[@data-kt=\"addNewYardOverflowToolbarButton\"]"}
COMMAND: POST /session/d53f532480bfbfa72ae7ae5ef7ef8f5b/element - {"using":"xpath","value":"//button[@data-kt=\"addNewYardOverflowToolbarButton\"]"}
RESULT: {"using":"xpath","value":"//button[@data-kt=\"addNewYardOverflowToolbarButton\"]"}
COMMAND: POST /session/d53f532480bfbfa72ae7ae5ef7ef8f5b/execute/sync - {"script":"<script> [8489 bytes]","args":[{"element-6066-11e4-a52e-4f735466cecf":"f.9714F2348D0A698B9780435C77649C65.d.A3BB4A8A2C7D42E5C4BD4A85D244F7E9.e.6735","ELEMENT":"f.9714F2348D0A698B9780435C77649C65.d.A3BB4A8A2C7D42E5C4BD4A85D244F7E9.e.6735"}]}
RESULT: {"script":"<script> [8489 bytes]","args":[{"element-6066-11e4-a52e-4f735466cecf":"f.9714F2348D0A698B9780435C77649C65.d.A3BB4A8A2C7D42E5C4BD4A85D244F7E9.e.6735","ELEMENT":"f.9714F2348D0A698B9780435C77649C65.d.A3BB4A8A2C7D42E5C4BD4A85D244F7E9.e.6735"}]}
COMMAND: GET /session/d53f532480bfbfa72ae7ae5ef7ef8f5b/element/f.9714F2348D0A698B9780435C77649C65.d.A3BB4A8A2C7D42E5C4BD4A85D244F7E9.e.6735/enabled - {}
COMMAND: GET /session/d53f532480bfbfa72ae7ae5ef7ef8f5b/screenshot - {}
RESULT: {}
COMMAND: POST /session/d53f532480bfbfa72ae7ae5ef7ef8f5b/execute/sync - {"script":"<script> [8489 bytes]","args":[{"element-6066-11e4-a52e-4f735466cecf":"f.9714F2348D0A698B9780435C77649C65.d.A3BB4A8A2C7D42E5C4BD4A85D244F7E9.e.6735","ELEMENT":"f.9714F2348D0A698B9780435C77649C65.d.A3BB4A8A2C7D42E5C4BD4A85D244F7E9.e.6735"}]}
COMMAND: GET /session/d53f532480bfbfa72ae7ae5ef7ef8f5b/screenshot - {}
RESULT: {}
RESULT: {"script":"<script> [8489 bytes]","args":[{"element-6066-11e4-a52e-4f735466cecf":"f.9714F2348D0A698B9780435C77649C65.d.A3BB4A8A2C7D42E5C4BD4A85D244F7E9.e.6735","ELEMENT":"f.9714F2348D0A698B9780435C77649C65.d.A3BB4A8A2C7D42E5C4BD4A85D244F7E9.e.6735"}]}
COMMAND: POST /session/d53f532480bfbfa72ae7ae5ef7ef8f5b/execute/sync - {"script":"<script> [5351 bytes]","args":[{"element-6066-11e4-a52e-4f735466cecf":"f.9714F2348D0A698B9780435C77649C65.d.A3BB4A8A2C7D42E5C4BD4A85D244F7E9.e.6735","ELEMENT":"f.9714F2348D0A698B9780435C77649C65.d.A3BB4A8A2C7D42E5C4BD4A85D244F7E9.e.6735"}]}
COMMAND: GET /session/d53f532480bfbfa72ae7ae5ef7ef8f5b/screenshot - {}
RESULT: {}
RESULT: {"script":"<script> [5351 bytes]","args":[{"element-6066-11e4-a52e-4f735466cecf":"f.9714F2348D0A698B9780435C77649C65.d.A3BB4A8A2C7D42E5C4BD4A85D244F7E9.e.6735","ELEMENT":"f.9714F2348D0A698B9780435C77649C65.d.A3BB4A8A2C7D42E5C4BD4A85D244F7E9.e.6735"}]}
COMMAND: POST /session/d53f532480bfbfa72ae7ae5ef7ef8f5b/element/f.9714F2348D0A698B9780435C77649C65.d.A3BB4A8A2C7D42E5C4BD4A85D244F7E9.e.6735/click - {}
RESULT: {}
COMMAND: GET /session/d53f532480bfbfa72ae7ae5ef7ef8f5b/screenshot - {}
RESULT: {}
COMMAND: GET /session/d53f532480bfbfa72ae7ae5ef7ef8f5b/screenshot - {}
RESULT: {}
RESULT: {}
COMMAND: POST /session/d53f532480bfbfa72ae7ae5ef7ef8f5b/element - {"using":"xpath","value":"//input[@id=\"application-manageyards-display-component---NewYard--yardId-inner\"]"}
RESULT: {"using":"xpath","value":"//input[@id=\"application-manageyards-display-component---NewYard--yardId-inner\"]"}
COMMAND: POST /session/d53f532480bfbfa72ae7ae5ef7ef8f5b/element - {"using":"xpath","value":"//input[@id=\"application-manageyards-display-component---NewYard--yardId-inner\"]"}
RESULT: {"using":"xpath","value":"//input[@id=\"application-manageyards-display-component---NewYard--yardId-inner\"]"}
COMMAND: POST /session/d53f532480bfbfa72ae7ae5ef7ef8f5b/execute/async - {"script":"<script> [1562 bytes]","args":[{"selector":{"id":"application-manageyards-display-component---NewYard--addressDetailDetailsName1","interaction":{"idSuffix":"inner"}},"wdio_ui5_key":"applicationmanageyards-display-component---NewYard--addressDetailDetailsName1"}]}
RESULT: {"script":"<script> [1562 bytes]","args":[{"selector":{"id":"application-manageyards-display-component---NewYard--addressDetailDetailsName1","interaction":{"idSuffix":"inner"}},"wdio_ui5_key":"applicationmanageyards-display-component---NewYard--addressDetailDetailsName1"}]}
RESULT: undefined
COMMAND: POST /session/d53f532480bfbfa72ae7ae5ef7ef8f5b/execute/async - {"script":"<script> [776 bytes]","args":[{"enterText":"Intracompany Yard wdIO","selector":{"id":"application-manageyards-display-component---NewYard--addressDetailDetailsName1","interaction":{"idSuffix":"inner"}},"clearTextFirst":true,"interactionType":"ENTER_TEXT"}]}
RESULT: {"script":"<script> [776 bytes]","args":[{"enterText":"Intracompany Yard wdIO","selector":{"id":"application-manageyards-display-component---NewYard--addressDetailDetailsName1","interaction":{"idSuffix":"inner"}},"clearTextFirst":true,"interactionType":"ENTER_TEXT"}]}
COMMAND: POST /session/d53f532480bfbfa72ae7ae5ef7ef8f5b/execute/async - {"script":"<script> [1562 bytes]","args":[{"selector":{"id":"application-manageyards-display-component---NewYard--addressDetailDetailsLanguage-arrow"},"wdio_ui5_key":"applicationmanageyards-display-component---NewYard--addressDetailDetailsLanguage-arrow"}]}
RESULT: {"script":"<script> [1562 bytes]","args":[{"selector":{"id":"application-manageyards-display-component---NewYard--addressDetailDetailsLanguage-arrow"},"wdio_ui5_key":"applicationmanageyards-display-component---NewYard--addressDetailDetailsLanguage-arrow"}]}
RESULT: undefined
COMMAND: POST /session/d53f532480bfbfa72ae7ae5ef7ef8f5b/element - {"using":"xpath","value":"//*[@id=\"application-manageyards-display-component---NewYard--addressDetailDetailsLanguage-arrow\"]"}
RESULT: {"using":"xpath","value":"//*[@id=\"application-manageyards-display-component---NewYard--addressDetailDetailsLanguage-arrow\"]"}
COMMAND: POST /session/d53f532480bfbfa72ae7ae5ef7ef8f5b/element/f.9714F2348D0A698B9780435C77649C65.d.A3BB4A8A2C7D42E5C4BD4A85D244F7E9.e.7153/click - {}
RESULT: {}
COMMAND: POST /session/d53f532480bfbfa72ae7ae5ef7ef8f5b/element - {"using":"xpath","value":"//span[contains(text(), \"English\")]"}
COMMAND: GET /session/d53f532480bfbfa72ae7ae5ef7ef8f5b/screenshot - {}
RESULT: {"using":"xpath","value":"//span[contains(text(), \"English\")]"}
COMMAND: POST /session/d53f532480bfbfa72ae7ae5ef7ef8f5b/element/f.9714F2348D0A698B9780435C77649C65.d.A3BB4A8A2C7D42E5C4BD4A85D244F7E9.e.7154/click - {}
RESULT: {}
RESULT: {}
COMMAND: POST /session/d53f532480bfbfa72ae7ae5ef7ef8f5b/execute/async - {"script":"<script> [1562 bytes]","args":[{"selector":{"id":"application-manageyards-display-component---NewYard--addressDetailDetailsCity1","interaction":{"idSuffix":"inner"}},"wdio_ui5_key":"applicationmanageyards-display-component---NewYard--addressDetailDetailsCity1"}]}
COMMAND: GET /session/d53f532480bfbfa72ae7ae5ef7ef8f5b/screenshot - {}
RESULT: {"script":"<script> [1562 bytes]","args":[{"selector":{"id":"application-manageyards-display-component---NewYard--addressDetailDetailsCity1","interaction":{"idSuffix":"inner"}},"wdio_ui5_key":"applicationmanageyards-display-component---NewYard--addressDetailDetailsCity1"}]}
RESULT: undefined
COMMAND: POST /session/d53f532480bfbfa72ae7ae5ef7ef8f5b/execute/async - {"script":"<script> [776 bytes]","args":[{"enterText":"Rosario","selector":{"id":"application-manageyards-display-component---NewYard--addressDetailDetailsCity1","interaction":{"idSuffix":"inner"}},"clearTextFirst":true,"interactionType":"ENTER_TEXT"}]}
RESULT: {}
RESULT: {"script":"<script> [776 bytes]","args":[{"enterText":"Rosario","selector":{"id":"application-manageyards-display-component---NewYard--addressDetailDetailsCity1","interaction":{"idSuffix":"inner"}},"clearTextFirst":true,"interactionType":"ENTER_TEXT"}]}
COMMAND: POST /session/d53f532480bfbfa72ae7ae5ef7ef8f5b/execute/async - {"script":"<script> [1562 bytes]","args":[{"selector":{"id":"application-manageyards-display-component---NewYard--addressDetailDetailsCountry-arrow"},"wdio_ui5_key":"applicationmanageyards-display-component---NewYard--addressDetailDetailsCountry-arrow"}]}
RESULT: {"script":"<script> [1562 bytes]","args":[{"selector":{"id":"application-manageyards-display-component---NewYard--addressDetailDetailsCountry-arrow"},"wdio_ui5_key":"applicationmanageyards-display-component---NewYard--addressDetailDetailsCountry-arrow"}]}
RESULT: undefined
COMMAND: POST /session/d53f532480bfbfa72ae7ae5ef7ef8f5b/element - {"using":"xpath","value":"//*[@id=\"application-manageyards-display-component---NewYard--addressDetailDetailsCountry-arrow\"]"}
RESULT: {"using":"xpath","value":"//*[@id=\"application-manageyards-display-component---NewYard--addressDetailDetailsCountry-arrow\"]"}
COMMAND: POST /session/d53f532480bfbfa72ae7ae5ef7ef8f5b/element/f.9714F2348D0A698B9780435C77649C65.d.A3BB4A8A2C7D42E5C4BD4A85D244F7E9.e.7156/click - {}
RESULT: {}
COMMAND: POST /session/d53f532480bfbfa72ae7ae5ef7ef8f5b/element - {"using":"xpath","value":"//span[contains(text(), \"Argentina\")]"}
COMMAND: GET /session/d53f532480bfbfa72ae7ae5ef7ef8f5b/screenshot - {}
RESULT: {"using":"xpath","value":"//span[contains(text(), \"Argentina\")]"}
COMMAND: POST /session/d53f532480bfbfa72ae7ae5ef7ef8f5b/element/f.9714F2348D0A698B9780435C77649C65.d.A3BB4A8A2C7D42E5C4BD4A85D244F7E9.e.7157/click - {}
RESULT: {}
RESULT: {}
COMMAND: POST /session/d53f532480bfbfa72ae7ae5ef7ef8f5b/execute/async - {"script":"<script> [1562 bytes]","args":[{"selector":{"id":"application-manageyards-display-component---NewYard--addressEditDetailsCostObjectCstType-arrow"},"wdio_ui5_key":"applicationmanageyards-display-component---NewYard--addressEditDetailsCostObjectCstType-arrow"}]}
COMMAND: GET /session/d53f532480bfbfa72ae7ae5ef7ef8f5b/screenshot - {}
RESULT: {"script":"<script> [1562 bytes]","args":[{"selector":{"id":"application-manageyards-display-component---NewYard--addressEditDetailsCostObjectCstType-arrow"},"wdio_ui5_key":"applicationmanageyards-display-component---NewYard--addressEditDetailsCostObjectCstType-arrow"}]}
RESULT: undefined
COMMAND: POST /session/d53f532480bfbfa72ae7ae5ef7ef8f5b/element - {"using":"xpath","value":"//*[@id=\"application-manageyards-display-component---NewYard--addressEditDetailsCostObjectCstType-arrow\"]"}
RESULT: {}
RESULT: {"using":"xpath","value":"//*[@id=\"application-manageyards-display-component---NewYard--addressEditDetailsCostObjectCstType-arrow\"]"}
COMMAND: POST /session/d53f532480bfbfa72ae7ae5ef7ef8f5b/element/f.9714F2348D0A698B9780435C77649C65.d.A3BB4A8A2C7D42E5C4BD4A85D244F7E9.e.7159/click - {}
RESULT: {}
COMMAND: POST /session/d53f532480bfbfa72ae7ae5ef7ef8f5b/element - {"using":"xpath","value":"//span[contains(text(), \"Cost Center\")]"}
COMMAND: GET /session/d53f532480bfbfa72ae7ae5ef7ef8f5b/screenshot - {}
RESULT: {"using":"xpath","value":"//span[contains(text(), \"Cost Center\")]"}
COMMAND: POST /session/d53f532480bfbfa72ae7ae5ef7ef8f5b/element/f.9714F2348D0A698B9780435C77649C65.d.A3BB4A8A2C7D42E5C4BD4A85D244F7E9.e.7160/click - {}
RESULT: {}
RESULT: {}
COMMAND: GET /session/d53f532480bfbfa72ae7ae5ef7ef8f5b/screenshot - {}
RESULT: {}
COMMAND: POST /session/d53f532480bfbfa72ae7ae5ef7ef8f5b/element - {"using":"xpath","value":"//span[@id=\"application-manageyards-display-component---NewYard--addressNewCostObjectCstID-vhi\"]"}
RESULT: {"using":"xpath","value":"//span[@id=\"application-manageyards-display-component---NewYard--addressNewCostObjectCstID-vhi\"]"}
COMMAND: POST /session/d53f532480bfbfa72ae7ae5ef7ef8f5b/execute/sync - {"script":"<script> [8489 bytes]","args":[{"element-6066-11e4-a52e-4f735466cecf":"f.9714F2348D0A698B9780435C77649C65.d.A3BB4A8A2C7D42E5C4BD4A85D244F7E9.e.7163","ELEMENT":"f.9714F2348D0A698B9780435C77649C65.d.A3BB4A8A2C7D42E5C4BD4A85D244F7E9.e.7163"}]}
RESULT: {"script":"<script> [8489 bytes]","args":[{"element-6066-11e4-a52e-4f735466cecf":"f.9714F2348D0A698B9780435C77649C65.d.A3BB4A8A2C7D42E5C4BD4A85D244F7E9.e.7163","ELEMENT":"f.9714F2348D0A698B9780435C77649C65.d.A3BB4A8A2C7D42E5C4BD4A85D244F7E9.e.7163"}]}
COMMAND: POST /session/d53f532480bfbfa72ae7ae5ef7ef8f5b/execute/async - {"script":"<script> [1562 bytes]","args":[{"selector":{"id":"application-manageyards-display-component---NewYard--addressNewCostObjectCstID-vhi"},"wdio_ui5_key":"applicationmanageyards-display-component---NewYard--addressNewCostObjectCstID-vhi"}]}
COMMAND: GET /session/d53f532480bfbfa72ae7ae5ef7ef8f5b/screenshot - {}
RESULT: {"script":"<script> [1562 bytes]","args":[{"selector":{"id":"application-manageyards-display-component---NewYard--addressNewCostObjectCstID-vhi"},"wdio_ui5_key":"applicationmanageyards-display-component---NewYard--addressNewCostObjectCstID-vhi"}]}
RESULT: undefined
COMMAND: POST /session/d53f532480bfbfa72ae7ae5ef7ef8f5b/element - {"using":"xpath","value":"//*[@id=\"application-manageyards-display-component---NewYard--addressNewCostObjectCstID-vhi\"]"}
RESULT: {}
RESULT: {"using":"xpath","value":"//*[@id=\"application-manageyards-display-component---NewYard--addressNewCostObjectCstID-vhi\"]"}
COMMAND: POST /session/d53f532480bfbfa72ae7ae5ef7ef8f5b/element/f.9714F2348D0A698B9780435C77649C65.d.A3BB4A8A2C7D42E5C4BD4A85D244F7E9.e.7163/click - {}
RESULT: {}
COMMAND: GET /session/d53f532480bfbfa72ae7ae5ef7ef8f5b/screenshot - {}
RESULT: {}
COMMAND: POST /session/d53f532480bfbfa72ae7ae5ef7ef8f5b/execute/async - {"script":"<script> [1562 bytes]","args":[{"selector":{"controlType":"sap.m.SearchField","properties":{"placeholder":"Search"},"searchOpenDialogs":true,"interaction":{"idSuffix":"I"}},"wdio_ui5_key":"sapm.SearchField{\"placeholder\":\"Search\"}"}]}
RESULT: {"script":"<script> [1562 bytes]","args":[{"selector":{"controlType":"sap.m.SearchField","properties":{"placeholder":"Search"},"searchOpenDialogs":true,"interaction":{"idSuffix":"I"}},"wdio_ui5_key":"sapm.SearchField{\"placeholder\":\"Search\"}"}]}
RESULT: undefined
COMMAND: POST /session/d53f532480bfbfa72ae7ae5ef7ef8f5b/execute/async - {"script":"<script> [776 bytes]","args":[{"enterText":"10001013","selector":{"controlType":"sap.m.SearchField","properties":{"placeholder":"Search"},"searchOpenDialogs":true,"interaction":{"idSuffix":"I"}},"clearTextFirst":true,"interactionType":"ENTER_TEXT"}]}
RESULT: {"script":"<script> [776 bytes]","args":[{"enterText":"10001013","selector":{"controlType":"sap.m.SearchField","properties":{"placeholder":"Search"},"searchOpenDialogs":true,"interaction":{"idSuffix":"I"}},"clearTextFirst":true,"interactionType":"ENTER_TEXT"}]}
COMMAND: POST /session/d53f532480bfbfa72ae7ae5ef7ef8f5b/actions - {"actions":[{"id":"action22","type":"key","parameters":{},"actions":[{"type":"keyDown","value":""},{"type":"pause","duration":10},{"type":"keyUp","value":""}]}]}
RESULT: {"actions":[{"id":"action22","type":"key","parameters":{},"actions":[{"type":"keyDown","value":""},{"type":"pause","duration":10},{"type":"keyUp","value":""}]}]}
COMMAND: GET /session/d53f532480bfbfa72ae7ae5ef7ef8f5b/screenshot - {}
RESULT: {}
COMMAND: POST /session/d53f532480bfbfa72ae7ae5ef7ef8f5b/element - {"using":"xpath","value":"//span[contains(text(), \"General Management\")]"}
RESULT: {"using":"xpath","value":"//span[contains(text(), \"General Management\")]"}
COMMAND: POST /session/d53f532480bfbfa72ae7ae5ef7ef8f5b/element/f.9714F2348D0A698B9780435C77649C65.d.A3BB4A8A2C7D42E5C4BD4A85D244F7E9.e.7203/click - {}
RESULT: {}
COMMAND: GET /session/d53f532480bfbfa72ae7ae5ef7ef8f5b/screenshot - {}
RESULT: {}
COMMAND: POST /session/d53f532480bfbfa72ae7ae5ef7ef8f5b/element - {"using":"xpath","value":"//bdi[contains(text(), \"OK\")]"}
RESULT: {"using":"xpath","value":"//bdi[contains(text(), \"OK\")]"}
COMMAND: POST /session/d53f532480bfbfa72ae7ae5ef7ef8f5b/element/f.9714F2348D0A698B9780435C77649C65.d.A3BB4A8A2C7D42E5C4BD4A85D244F7E9.e.7204/click - {}
RESULT: {}
COMMAND: GET /session/d53f532480bfbfa72ae7ae5ef7ef8f5b/screenshot - {}
RESULT: {}
COMMAND: POST /session/d53f532480bfbfa72ae7ae5ef7ef8f5b/execute/async - {"script":"<script> [1562 bytes]","args":[{"selector":{"id":"application-manageyards-display-component---NewYard--addressEditDetailsCurrency-arrow"},"wdio_ui5_key":"applicationmanageyards-display-component---NewYard--addressEditDetailsCurrency-arrow"}]}
RESULT: {"script":"<script> [1562 bytes]","args":[{"selector":{"id":"application-manageyards-display-component---NewYard--addressEditDetailsCurrency-arrow"},"wdio_ui5_key":"applicationmanageyards-display-component---NewYard--addressEditDetailsCurrency-arrow"}]}
RESULT: undefined
COMMAND: POST /session/d53f532480bfbfa72ae7ae5ef7ef8f5b/element - {"using":"xpath","value":"//*[@id=\"application-manageyards-display-component---NewYard--addressEditDetailsCurrency-arrow\"]"}
RESULT: {"using":"xpath","value":"//*[@id=\"application-manageyards-display-component---NewYard--addressEditDetailsCurrency-arrow\"]"}
COMMAND: POST /session/d53f532480bfbfa72ae7ae5ef7ef8f5b/element/f.9714F2348D0A698B9780435C77649C65.d.A3BB4A8A2C7D42E5C4BD4A85D244F7E9.e.7207/click - {}
RESULT: {}
COMMAND: POST /session/d53f532480bfbfa72ae7ae5ef7ef8f5b/element - {"using":"xpath","value":"//span[contains(text(), \"Euro\")]"}
COMMAND: GET /session/d53f532480bfbfa72ae7ae5ef7ef8f5b/screenshot - {}
RESULT: {"using":"xpath","value":"//span[contains(text(), \"Euro\")]"}
COMMAND: POST /session/d53f532480bfbfa72ae7ae5ef7ef8f5b/element/f.9714F2348D0A698B9780435C77649C65.d.A3BB4A8A2C7D42E5C4BD4A85D244F7E9.e.7208/click - {}
RESULT: {}
RESULT: {}
COMMAND: POST /session/d53f532480bfbfa72ae7ae5ef7ef8f5b/execute/async - {"script":"<script> [1562 bytes]","args":[{"selector":{"controlType":"sap.m.Input","viewName":"etm.portal.ui.manageyards.view.New","viewId":"application-manageyards-display-component---NewYard","bindingPath":{"path":"","propertyPath":"/CONTROLLING_AREA","modelName":"NewYardModel"},"interaction":{"idSuffix":"inner"}},"wdio_ui5_key":"etmportal.ui.manageyards.view.Newsap.m.Input{\"path\":\"\",\"propertyPath\":\"/CONTROLLING_AREA\",\"modelName\":\"NewYardModel\"}"}]}
COMMAND: GET /session/d53f532480bfbfa72ae7ae5ef7ef8f5b/screenshot - {}
RESULT: {"script":"<script> [1562 bytes]","args":[{"selector":{"controlType":"sap.m.Input","viewName":"etm.portal.ui.manageyards.view.New","viewId":"application-manageyards-display-component---NewYard","bindingPath":{"path":"","propertyPath":"/CONTROLLING_AREA","modelName":"NewYardModel"},"interaction":{"idSuffix":"inner"}},"wdio_ui5_key":"etmportal.ui.manageyards.view.Newsap.m.Input{\"path\":\"\",\"propertyPath\":\"/CONTROLLING_AREA\",\"modelName\":\"NewYardModel\"}"}]}
RESULT: undefined
COMMAND: POST /session/d53f532480bfbfa72ae7ae5ef7ef8f5b/execute/async - {"script":"<script> [776 bytes]","args":[{"enterText":"Z001","selector":{"controlType":"sap.m.Input","viewName":"etm.portal.ui.manageyards.view.New","viewId":"application-manageyards-display-component---NewYard","bindingPath":{"path":"","propertyPath":"/CONTROLLING_AREA","modelName":"NewYardModel"},"interaction":{"idSuffix":"inner"}},"clearTextFirst":true,"interactionType":"ENTER_TEXT"}]}
RESULT: {}
RESULT: {"script":"<script> [776 bytes]","args":[{"enterText":"Z001","selector":{"controlType":"sap.m.Input","viewName":"etm.portal.ui.manageyards.view.New","viewId":"application-manageyards-display-component---NewYard","bindingPath":{"path":"","propertyPath":"/CONTROLLING_AREA","modelName":"NewYardModel"},"interaction":{"idSuffix":"inner"}},"clearTextFirst":true,"interactionType":"ENTER_TEXT"}]}
COMMAND: POST /session/d53f532480bfbfa72ae7ae5ef7ef8f5b/execute/async - {"script":"<script> [1562 bytes]","args":[{"selector":{"id":"application-manageyards-display-component---NewYard--companyCodeComboBox","interaction":{"idSuffix":"inner"}},"wdio_ui5_key":"applicationmanageyards-display-component---NewYard--companyCodeComboBox"}]}
RESULT: {"script":"<script> [1562 bytes]","args":[{"selector":{"id":"application-manageyards-display-component---NewYard--companyCodeComboBox","interaction":{"idSuffix":"inner"}},"wdio_ui5_key":"applicationmanageyards-display-component---NewYard--companyCodeComboBox"}]}
RESULT: undefined
COMMAND: POST /session/d53f532480bfbfa72ae7ae5ef7ef8f5b/execute/async - {"script":"<script> [776 bytes]","args":[{"enterText":"1000","selector":{"id":"application-manageyards-display-component---NewYard--companyCodeComboBox","interaction":{"idSuffix":"inner"}},"clearTextFirst":true,"interactionType":"ENTER_TEXT"}]}
RESULT: {"script":"<script> [776 bytes]","args":[{"enterText":"1000","selector":{"id":"application-manageyards-display-component---NewYard--companyCodeComboBox","interaction":{"idSuffix":"inner"}},"clearTextFirst":true,"interactionType":"ENTER_TEXT"}]}
COMMAND: POST /session/d53f532480bfbfa72ae7ae5ef7ef8f5b/execute/async - {"script":"<script> [1562 bytes]","args":[{"selector":{"controlType":"sap.m.Input","viewName":"etm.portal.ui.manageyards.view.New","viewId":"application-manageyards-display-component---NewYard","bindingPath":{"path":"","propertyPath":"/PLANT","modelName":"NewYardModel"},"interaction":{"idSuffix":"inner"}},"wdio_ui5_key":"etmportal.ui.manageyards.view.Newsap.m.Input{\"path\":\"\",\"propertyPath\":\"/PLANT\",\"modelName\":\"NewYardModel\"}"}]}
RESULT: {"script":"<script> [1562 bytes]","args":[{"selector":{"controlType":"sap.m.Input","viewName":"etm.portal.ui.manageyards.view.New","viewId":"application-manageyards-display-component---NewYard","bindingPath":{"path":"","propertyPath":"/PLANT","modelName":"NewYardModel"},"interaction":{"idSuffix":"inner"}},"wdio_ui5_key":"etmportal.ui.manageyards.view.Newsap.m.Input{\"path\":\"\",\"propertyPath\":\"/PLANT\",\"modelName\":\"NewYardModel\"}"}]}
RESULT: undefined
COMMAND: POST /session/d53f532480bfbfa72ae7ae5ef7ef8f5b/execute/async - {"script":"<script> [776 bytes]","args":[{"enterText":"1001","selector":{"controlType":"sap.m.Input","viewName":"etm.portal.ui.manageyards.view.New","viewId":"application-manageyards-display-component---NewYard","bindingPath":{"path":"","propertyPath":"/PLANT","modelName":"NewYardModel"},"interaction":{"idSuffix":"inner"}},"clearTextFirst":true,"interactionType":"ENTER_TEXT"}]}
RESULT: {"script":"<script> [776 bytes]","args":[{"enterText":"1001","selector":{"controlType":"sap.m.Input","viewName":"etm.portal.ui.manageyards.view.New","viewId":"application-manageyards-display-component---NewYard","bindingPath":{"path":"","propertyPath":"/PLANT","modelName":"NewYardModel"},"interaction":{"idSuffix":"inner"}},"clearTextFirst":true,"interactionType":"ENTER_TEXT"}]}
COMMAND: POST /session/d53f532480bfbfa72ae7ae5ef7ef8f5b/execute/async - {"script":"<script> [1562 bytes]","args":[{"selector":{"controlType":"sap.m.Input","viewName":"etm.portal.ui.manageyards.view.New","viewId":"application-manageyards-display-component---NewYard","bindingPath":{"path":"","propertyPath":"/SALES_AREA_VKORG","modelName":"NewYardModel"},"interaction":{"idSuffix":"inner"}},"wdio_ui5_key":"etmportal.ui.manageyards.view.Newsap.m.Input{\"path\":\"\",\"propertyPath\":\"/SALES_AREA_VKORG\",\"modelName\":\"NewYardModel\"}"}]}
RESULT: {"script":"<script> [1562 bytes]","args":[{"selector":{"controlType":"sap.m.Input","viewName":"etm.portal.ui.manageyards.view.New","viewId":"application-manageyards-display-component---NewYard","bindingPath":{"path":"","propertyPath":"/SALES_AREA_VKORG","modelName":"NewYardModel"},"interaction":{"idSuffix":"inner"}},"wdio_ui5_key":"etmportal.ui.manageyards.view.Newsap.m.Input{\"path\":\"\",\"propertyPath\":\"/SALES_AREA_VKORG\",\"modelName\":\"NewYardModel\"}"}]}
RESULT: undefined
COMMAND: POST /session/d53f532480bfbfa72ae7ae5ef7ef8f5b/execute/async - {"script":"<script> [776 bytes]","args":[{"enterText":"C002","selector":{"controlType":"sap.m.Input","viewName":"etm.portal.ui.manageyards.view.New","viewId":"application-manageyards-display-component---NewYard","bindingPath":{"path":"","propertyPath":"/SALES_AREA_VKORG","modelName":"NewYardModel"},"interaction":{"idSuffix":"inner"}},"clearTextFirst":true,"interactionType":"ENTER_TEXT"}]}
RESULT: {"script":"<script> [776 bytes]","args":[{"enterText":"C002","selector":{"controlType":"sap.m.Input","viewName":"etm.portal.ui.manageyards.view.New","viewId":"application-manageyards-display-component---NewYard","bindingPath":{"path":"","propertyPath":"/SALES_AREA_VKORG","modelName":"NewYardModel"},"interaction":{"idSuffix":"inner"}},"clearTextFirst":true,"interactionType":"ENTER_TEXT"}]}
COMMAND: POST /session/d53f532480bfbfa72ae7ae5ef7ef8f5b/execute/async - {"script":"<script> [1562 bytes]","args":[{"selector":{"controlType":"sap.m.Input","viewName":"etm.portal.ui.manageyards.view.New","viewId":"application-manageyards-display-component---NewYard","bindingPath":{"path":"","propertyPath":"/SALES_AREA_VTWEG","modelName":"NewYardModel"},"interaction":{"idSuffix":"inner"}},"wdio_ui5_key":"etmportal.ui.manageyards.view.Newsap.m.Input{\"path\":\"\",\"propertyPath\":\"/SALES_AREA_VTWEG\",\"modelName\":\"NewYardModel\"}"}]}
RESULT: {"script":"<script> [1562 bytes]","args":[{"selector":{"controlType":"sap.m.Input","viewName":"etm.portal.ui.manageyards.view.New","viewId":"application-manageyards-display-component---NewYard","bindingPath":{"path":"","propertyPath":"/SALES_AREA_VTWEG","modelName":"NewYardModel"},"interaction":{"idSuffix":"inner"}},"wdio_ui5_key":"etmportal.ui.manageyards.view.Newsap.m.Input{\"path\":\"\",\"propertyPath\":\"/SALES_AREA_VTWEG\",\"modelName\":\"NewYardModel\"}"}]}
RESULT: undefined
COMMAND: POST /session/d53f532480bfbfa72ae7ae5ef7ef8f5b/execute/async - {"script":"<script> [776 bytes]","args":[{"enterText":"C2","selector":{"controlType":"sap.m.Input","viewName":"etm.portal.ui.manageyards.view.New","viewId":"application-manageyards-display-component---NewYard","bindingPath":{"path":"","propertyPath":"/SALES_AREA_VTWEG","modelName":"NewYardModel"},"interaction":{"idSuffix":"inner"}},"clearTextFirst":true,"interactionType":"ENTER_TEXT"}]}
RESULT: {"script":"<script> [776 bytes]","args":[{"enterText":"C2","selector":{"controlType":"sap.m.Input","viewName":"etm.portal.ui.manageyards.view.New","viewId":"application-manageyards-display-component---NewYard","bindingPath":{"path":"","propertyPath":"/SALES_AREA_VTWEG","modelName":"NewYardModel"},"interaction":{"idSuffix":"inner"}},"clearTextFirst":true,"interactionType":"ENTER_TEXT"}]}
COMMAND: POST /session/d53f532480bfbfa72ae7ae5ef7ef8f5b/execute/async - {"script":"<script> [1562 bytes]","args":[{"selector":{"controlType":"sap.m.Input","viewName":"etm.portal.ui.manageyards.view.New","viewId":"application-manageyards-display-component---NewYard","bindingPath":{"path":"","propertyPath":"/SALES_AREA_SPART","modelName":"NewYardModel"},"interaction":{"idSuffix":"inner"}},"wdio_ui5_key":"etmportal.ui.manageyards.view.Newsap.m.Input{\"path\":\"\",\"propertyPath\":\"/SALES_AREA_SPART\",\"modelName\":\"NewYardModel\"}"}]}
RESULT: {"script":"<script> [1562 bytes]","args":[{"selector":{"controlType":"sap.m.Input","viewName":"etm.portal.ui.manageyards.view.New","viewId":"application-manageyards-display-component---NewYard","bindingPath":{"path":"","propertyPath":"/SALES_AREA_SPART","modelName":"NewYardModel"},"interaction":{"idSuffix":"inner"}},"wdio_ui5_key":"etmportal.ui.manageyards.view.Newsap.m.Input{\"path\":\"\",\"propertyPath\":\"/SALES_AREA_SPART\",\"modelName\":\"NewYardModel\"}"}]}
RESULT: undefined
COMMAND: POST /session/d53f532480bfbfa72ae7ae5ef7ef8f5b/execute/async - {"script":"<script> [776 bytes]","args":[{"enterText":"C2","selector":{"controlType":"sap.m.Input","viewName":"etm.portal.ui.manageyards.view.New","viewId":"application-manageyards-display-component---NewYard","bindingPath":{"path":"","propertyPath":"/SALES_AREA_SPART","modelName":"NewYardModel"},"interaction":{"idSuffix":"inner"}},"clearTextFirst":true,"interactionType":"ENTER_TEXT"}]}
RESULT: {"script":"<script> [776 bytes]","args":[{"enterText":"C2","selector":{"controlType":"sap.m.Input","viewName":"etm.portal.ui.manageyards.view.New","viewId":"application-manageyards-display-component---NewYard","bindingPath":{"path":"","propertyPath":"/SALES_AREA_SPART","modelName":"NewYardModel"},"interaction":{"idSuffix":"inner"}},"clearTextFirst":true,"interactionType":"ENTER_TEXT"}]}
COMMAND: POST /session/d53f532480bfbfa72ae7ae5ef7ef8f5b/execute/async - {"script":"<script> [1562 bytes]","args":[{"selector":{"controlType":"sap.m.Input","viewName":"etm.portal.ui.manageyards.view.New","viewId":"application-manageyards-display-component---NewYard","bindingPath":{"path":"","propertyPath":"/SHIP_POINT","modelName":"NewYardModel"},"interaction":{"idSuffix":"inner"}},"wdio_ui5_key":"etmportal.ui.manageyards.view.Newsap.m.Input{\"path\":\"\",\"propertyPath\":\"/SHIP_POINT\",\"modelName\":\"NewYardModel\"}"}]}
RESULT: {"script":"<script> [1562 bytes]","args":[{"selector":{"controlType":"sap.m.Input","viewName":"etm.portal.ui.manageyards.view.New","viewId":"application-manageyards-display-component---NewYard","bindingPath":{"path":"","propertyPath":"/SHIP_POINT","modelName":"NewYardModel"},"interaction":{"idSuffix":"inner"}},"wdio_ui5_key":"etmportal.ui.manageyards.view.Newsap.m.Input{\"path\":\"\",\"propertyPath\":\"/SHIP_POINT\",\"modelName\":\"NewYardModel\"}"}]}
RESULT: undefined
COMMAND: POST /session/d53f532480bfbfa72ae7ae5ef7ef8f5b/execute/async - {"script":"<script> [776 bytes]","args":[{"enterText":"1710","selector":{"controlType":"sap.m.Input","viewName":"etm.portal.ui.manageyards.view.New","viewId":"application-manageyards-display-component---NewYard","bindingPath":{"path":"","propertyPath":"/SHIP_POINT","modelName":"NewYardModel"},"interaction":{"idSuffix":"inner"}},"clearTextFirst":true,"interactionType":"ENTER_TEXT"}]}
RESULT: {"script":"<script> [776 bytes]","args":[{"enterText":"1710","selector":{"controlType":"sap.m.Input","viewName":"etm.portal.ui.manageyards.view.New","viewId":"application-manageyards-display-component---NewYard","bindingPath":{"path":"","propertyPath":"/SHIP_POINT","modelName":"NewYardModel"},"interaction":{"idSuffix":"inner"}},"clearTextFirst":true,"interactionType":"ENTER_TEXT"}]}
COMMAND: POST /session/d53f532480bfbfa72ae7ae5ef7ef8f5b/execute/async - {"script":"<script> [1562 bytes]","args":[{"selector":{"controlType":"sap.m.Input","viewName":"etm.portal.ui.manageyards.view.New","viewId":"application-manageyards-display-component---NewYard","bindingPath":{"path":"","propertyPath":"/DELIVERY_TYPE","modelName":"NewYardModel"},"interaction":{"idSuffix":"inner"}},"wdio_ui5_key":"etmportal.ui.manageyards.view.Newsap.m.Input{\"path\":\"\",\"propertyPath\":\"/DELIVERY_TYPE\",\"modelName\":\"NewYardModel\"}"}]}
RESULT: {"script":"<script> [1562 bytes]","args":[{"selector":{"controlType":"sap.m.Input","viewName":"etm.portal.ui.manageyards.view.New","viewId":"application-manageyards-display-component---NewYard","bindingPath":{"path":"","propertyPath":"/DELIVERY_TYPE","modelName":"NewYardModel"},"interaction":{"idSuffix":"inner"}},"wdio_ui5_key":"etmportal.ui.manageyards.view.Newsap.m.Input{\"path\":\"\",\"propertyPath\":\"/DELIVERY_TYPE\",\"modelName\":\"NewYardModel\"}"}]}
RESULT: undefined
COMMAND: POST /session/d53f532480bfbfa72ae7ae5ef7ef8f5b/execute/async - {"script":"<script> [776 bytes]","args":[{"enterText":"ZL01","selector":{"controlType":"sap.m.Input","viewName":"etm.portal.ui.manageyards.view.New","viewId":"application-manageyards-display-component---NewYard","bindingPath":{"path":"","propertyPath":"/DELIVERY_TYPE","modelName":"NewYardModel"},"interaction":{"idSuffix":"inner"}},"clearTextFirst":true,"interactionType":"ENTER_TEXT"}]}
RESULT: {"script":"<script> [776 bytes]","args":[{"enterText":"ZL01","selector":{"controlType":"sap.m.Input","viewName":"etm.portal.ui.manageyards.view.New","viewId":"application-manageyards-display-component---NewYard","bindingPath":{"path":"","propertyPath":"/DELIVERY_TYPE","modelName":"NewYardModel"},"interaction":{"idSuffix":"inner"}},"clearTextFirst":true,"interactionType":"ENTER_TEXT"}]}
COMMAND: POST /session/d53f532480bfbfa72ae7ae5ef7ef8f5b/execute/async - {"script":"<script> [1562 bytes]","args":[{"selector":{"controlType":"sap.m.Input","viewName":"etm.portal.ui.manageyards.view.New","viewId":"application-manageyards-display-component---NewYard","bindingPath":{"path":"","propertyPath":"/AUART","modelName":"NewYardModel"},"interaction":{"idSuffix":"inner"}},"wdio_ui5_key":"etmportal.ui.manageyards.view.Newsap.m.Input{\"path\":\"\",\"propertyPath\":\"/AUART\",\"modelName\":\"NewYardModel\"}"}]}
RESULT: {"script":"<script> [1562 bytes]","args":[{"selector":{"controlType":"sap.m.Input","viewName":"etm.portal.ui.manageyards.view.New","viewId":"application-manageyards-display-component---NewYard","bindingPath":{"path":"","propertyPath":"/AUART","modelName":"NewYardModel"},"interaction":{"idSuffix":"inner"}},"wdio_ui5_key":"etmportal.ui.manageyards.view.Newsap.m.Input{\"path\":\"\",\"propertyPath\":\"/AUART\",\"modelName\":\"NewYardModel\"}"}]}
RESULT: undefined
COMMAND: POST /session/d53f532480bfbfa72ae7ae5ef7ef8f5b/execute/async - {"script":"<script> [776 bytes]","args":[{"enterText":"TA","selector":{"controlType":"sap.m.Input","viewName":"etm.portal.ui.manageyards.view.New","viewId":"application-manageyards-display-component---NewYard","bindingPath":{"path":"","propertyPath":"/AUART","modelName":"NewYardModel"},"interaction":{"idSuffix":"inner"}},"clearTextFirst":true,"interactionType":"ENTER_TEXT"}]}
RESULT: {"script":"<script> [776 bytes]","args":[{"enterText":"TA","selector":{"controlType":"sap.m.Input","viewName":"etm.portal.ui.manageyards.view.New","viewId":"application-manageyards-display-component---NewYard","bindingPath":{"path":"","propertyPath":"/AUART","modelName":"NewYardModel"},"interaction":{"idSuffix":"inner"}},"clearTextFirst":true,"interactionType":"ENTER_TEXT"}]}
COMMAND: POST /session/d53f532480bfbfa72ae7ae5ef7ef8f5b/element - {"using":"xpath","value":"//button[@data-kt=\"newYardSaveButton\"]"}
RESULT: {"using":"xpath","value":"//button[@data-kt=\"newYardSaveButton\"]"}
COMMAND: POST /session/d53f532480bfbfa72ae7ae5ef7ef8f5b/element/f.9714F2348D0A698B9780435C77649C65.d.A3BB4A8A2C7D42E5C4BD4A85D244F7E9.e.7120/click - {}
RESULT: {}
COMMAND: GET /session/d53f532480bfbfa72ae7ae5ef7ef8f5b/screenshot - {}
RESULT: {}
COMMAND: POST /session/d53f532480bfbfa72ae7ae5ef7ef8f5b/element - {"using":"xpath","value":"//header[contains(@id, 'ObjectPageLayout-headerTitle')]/div[1]/div[2]/div[1]/span[1]"}
RESULT: {"using":"xpath","value":"//header[contains(@id, 'ObjectPageLayout-headerTitle')]/div[1]/div[2]/div[1]/span[1]"}
COMMAND: POST /session/d53f532480bfbfa72ae7ae5ef7ef8f5b/elements - {"using":"xpath","value":"//header[contains(@id, 'ObjectPageLayout-headerTitle')]/div[1]/div[2]/div[1]/span[1]"}
RESULT: {"using":"xpath","value":"//header[contains(@id, 'ObjectPageLayout-headerTitle')]/div[1]/div[2]/div[1]/span[1]"}
COMMAND: POST /session/d53f532480bfbfa72ae7ae5ef7ef8f5b/execute/sync - {"script":"<script> [56 bytes]","args":[{"element-6066-11e4-a52e-4f735466cecf":"f.9714F2348D0A698B9780435C77649C65.d.A3BB4A8A2C7D42E5C4BD4A85D244F7E9.e.7430","ELEMENT":"f.9714F2348D0A698B9780435C77649C65.d.A3BB4A8A2C7D42E5C4BD4A85D244F7E9.e.7430"}]}
RESULT: {"script":"<script> [56 bytes]","args":[{"element-6066-11e4-a52e-4f735466cecf":"f.9714F2348D0A698B9780435C77649C65.d.A3BB4A8A2C7D42E5C4BD4A85D244F7E9.e.7430","ELEMENT":"f.9714F2348D0A698B9780435C77649C65.d.A3BB4A8A2C7D42E5C4BD4A85D244F7E9.e.7430"}]}
COMMAND: GET /session/d53f532480bfbfa72ae7ae5ef7ef8f5b/screenshot - {}
RESULT: {}
COMMAND: POST /session/d53f532480bfbfa72ae7ae5ef7ef8f5b/element - {"using":"css selector","value":"#shell-header-logo"}
RESULT: {"using":"css selector","value":"#shell-header-logo"}
COMMAND: POST /session/d53f532480bfbfa72ae7ae5ef7ef8f5b/element/f.9714F2348D0A698B9780435C77649C65.d.A3BB4A8A2C7D42E5C4BD4A85D244F7E9.e.6690/click - {}
RESULT: {}
COMMAND: GET /session/d53f532480bfbfa72ae7ae5ef7ef8f5b/screenshot - {}
RESULT: {}
COMMAND: POST /session/d53f532480bfbfa72ae7ae5ef7ef8f5b/execute/sync - {"script":"<script> [299 bytes]","args":[["getModel","getResource"]]}
RESULT: {"script":"<script> [299 bytes]","args":[["getModel","getResource"]]}
]]></system-out>
    </testcase>
    <testcase classname="chrome.135_0_7049_42.windows.Billing_Transfer_-_Intracompany_US127249" name="Should create a new partner" time="107.496">
      <system-out><![CDATA[
COMMAND: POST /session/d53f532480bfbfa72ae7ae5ef7ef8f5b/window/fullscreen - {}
COMMAND: GET /session/d53f532480bfbfa72ae7ae5ef7ef8f5b/screenshot - {}
RESULT: {}
COMMAND: POST /session/d53f532480bfbfa72ae7ae5ef7ef8f5b/execute/async - {"script":"<script> [1562 bytes]","args":[{"selector":{"controlType":"sap.m.GenericTile","properties":{"header":"Manage Partners"}},"wdio_ui5_key":"sapm.GenericTile{\"header\":\"Manage Partners\"}"}]}
RESULT: {}
RESULT: {"script":"<script> [1562 bytes]","args":[{"selector":{"controlType":"sap.m.GenericTile","properties":{"header":"Manage Partners"}},"wdio_ui5_key":"sapm.GenericTile{\"header\":\"Manage Partners\"}"}]}
RESULT: undefined
COMMAND: POST /session/d53f532480bfbfa72ae7ae5ef7ef8f5b/element - {"using":"xpath","value":"//*[@id=\"__tile38\"]"}
RESULT: {"using":"xpath","value":"//*[@id=\"__tile38\"]"}
COMMAND: POST /session/d53f532480bfbfa72ae7ae5ef7ef8f5b/element/f.9714F2348D0A698B9780435C77649C65.d.A3BB4A8A2C7D42E5C4BD4A85D244F7E9.e.6579/click - {}
RESULT: {}
COMMAND: POST /session/d53f532480bfbfa72ae7ae5ef7ef8f5b/element - {"using":"xpath","value":"//button[@data-kt=\"addButton\"]"}
COMMAND: GET /session/d53f532480bfbfa72ae7ae5ef7ef8f5b/screenshot - {}
RESULT: {"using":"xpath","value":"//button[@data-kt=\"addButton\"]"}
COMMAND: POST /session/d53f532480bfbfa72ae7ae5ef7ef8f5b/elements - {"using":"xpath","value":"//button[@data-kt=\"addButton\"]"}
RESULT: {}
RESULT: {"using":"xpath","value":"//button[@data-kt=\"addButton\"]"}
COMMAND: POST /session/d53f532480bfbfa72ae7ae5ef7ef8f5b/elements - {"using":"xpath","value":"//button[@data-kt=\"addButton\"]"}
RESULT: {"using":"xpath","value":"//button[@data-kt=\"addButton\"]"}
COMMAND: POST /session/d53f532480bfbfa72ae7ae5ef7ef8f5b/elements - {"using":"xpath","value":"//button[@data-kt=\"addButton\"]"}
RESULT: {"using":"xpath","value":"//button[@data-kt=\"addButton\"]"}
COMMAND: POST /session/d53f532480bfbfa72ae7ae5ef7ef8f5b/elements - {"using":"xpath","value":"//button[@data-kt=\"addButton\"]"}
RESULT: {"using":"xpath","value":"//button[@data-kt=\"addButton\"]"}
COMMAND: POST /session/d53f532480bfbfa72ae7ae5ef7ef8f5b/elements - {"using":"xpath","value":"//button[@data-kt=\"addButton\"]"}
RESULT: {"using":"xpath","value":"//button[@data-kt=\"addButton\"]"}
COMMAND: POST /session/d53f532480bfbfa72ae7ae5ef7ef8f5b/elements - {"using":"xpath","value":"//button[@data-kt=\"addButton\"]"}
RESULT: {"using":"xpath","value":"//button[@data-kt=\"addButton\"]"}
COMMAND: POST /session/d53f532480bfbfa72ae7ae5ef7ef8f5b/element - {"using":"xpath","value":"//button[@data-kt=\"addButton\"]"}
RESULT: {"using":"xpath","value":"//button[@data-kt=\"addButton\"]"}
COMMAND: POST /session/d53f532480bfbfa72ae7ae5ef7ef8f5b/execute/sync - {"script":"<script> [8489 bytes]","args":[{"element-6066-11e4-a52e-4f735466cecf":"f.9714F2348D0A698B9780435C77649C65.d.A3BB4A8A2C7D42E5C4BD4A85D244F7E9.e.7479","ELEMENT":"f.9714F2348D0A698B9780435C77649C65.d.A3BB4A8A2C7D42E5C4BD4A85D244F7E9.e.7479"}]}
RESULT: {"script":"<script> [8489 bytes]","args":[{"element-6066-11e4-a52e-4f735466cecf":"f.9714F2348D0A698B9780435C77649C65.d.A3BB4A8A2C7D42E5C4BD4A85D244F7E9.e.7479","ELEMENT":"f.9714F2348D0A698B9780435C77649C65.d.A3BB4A8A2C7D42E5C4BD4A85D244F7E9.e.7479"}]}
COMMAND: GET /session/d53f532480bfbfa72ae7ae5ef7ef8f5b/element/f.9714F2348D0A698B9780435C77649C65.d.A3BB4A8A2C7D42E5C4BD4A85D244F7E9.e.7479/enabled - {}
COMMAND: GET /session/d53f532480bfbfa72ae7ae5ef7ef8f5b/screenshot - {}
RESULT: {}
COMMAND: POST /session/d53f532480bfbfa72ae7ae5ef7ef8f5b/execute/sync - {"script":"<script> [8489 bytes]","args":[{"element-6066-11e4-a52e-4f735466cecf":"f.9714F2348D0A698B9780435C77649C65.d.A3BB4A8A2C7D42E5C4BD4A85D244F7E9.e.7479","ELEMENT":"f.9714F2348D0A698B9780435C77649C65.d.A3BB4A8A2C7D42E5C4BD4A85D244F7E9.e.7479"}]}
COMMAND: GET /session/d53f532480bfbfa72ae7ae5ef7ef8f5b/screenshot - {}
RESULT: {}
RESULT: {"script":"<script> [8489 bytes]","args":[{"element-6066-11e4-a52e-4f735466cecf":"f.9714F2348D0A698B9780435C77649C65.d.A3BB4A8A2C7D42E5C4BD4A85D244F7E9.e.7479","ELEMENT":"f.9714F2348D0A698B9780435C77649C65.d.A3BB4A8A2C7D42E5C4BD4A85D244F7E9.e.7479"}]}
COMMAND: POST /session/d53f532480bfbfa72ae7ae5ef7ef8f5b/execute/sync - {"script":"<script> [5351 bytes]","args":[{"element-6066-11e4-a52e-4f735466cecf":"f.9714F2348D0A698B9780435C77649C65.d.A3BB4A8A2C7D42E5C4BD4A85D244F7E9.e.7479","ELEMENT":"f.9714F2348D0A698B9780435C77649C65.d.A3BB4A8A2C7D42E5C4BD4A85D244F7E9.e.7479"}]}
COMMAND: GET /session/d53f532480bfbfa72ae7ae5ef7ef8f5b/screenshot - {}
RESULT: {}
RESULT: {"script":"<script> [5351 bytes]","args":[{"element-6066-11e4-a52e-4f735466cecf":"f.9714F2348D0A698B9780435C77649C65.d.A3BB4A8A2C7D42E5C4BD4A85D244F7E9.e.7479","ELEMENT":"f.9714F2348D0A698B9780435C77649C65.d.A3BB4A8A2C7D42E5C4BD4A85D244F7E9.e.7479"}]}
COMMAND: POST /session/d53f532480bfbfa72ae7ae5ef7ef8f5b/element/f.9714F2348D0A698B9780435C77649C65.d.A3BB4A8A2C7D42E5C4BD4A85D244F7E9.e.7479/click - {}
COMMAND: GET /session/d53f532480bfbfa72ae7ae5ef7ef8f5b/screenshot - {}
RESULT: {}
RESULT: {}
COMMAND: GET /session/d53f532480bfbfa72ae7ae5ef7ef8f5b/screenshot - {}
RESULT: {}
RESULT: {}
COMMAND: POST /session/d53f532480bfbfa72ae7ae5ef7ef8f5b/execute/async - {"script":"<script> [1562 bytes]","args":[{"selector":{"id":"application-managepartners-display-component---NewPartner--addressDetailDetailsName1","interaction":{"idSuffix":"inner"}},"wdio_ui5_key":"applicationmanagepartners-display-component---NewPartner--addressDetailDetailsName1"}]}
RESULT: {"script":"<script> [1562 bytes]","args":[{"selector":{"id":"application-managepartners-display-component---NewPartner--addressDetailDetailsName1","interaction":{"idSuffix":"inner"}},"wdio_ui5_key":"applicationmanagepartners-display-component---NewPartner--addressDetailDetailsName1"}]}
RESULT: undefined
COMMAND: POST /session/d53f532480bfbfa72ae7ae5ef7ef8f5b/execute/async - {"script":"<script> [776 bytes]","args":[{"enterText":"Intracompany Partner WDIO","selector":{"id":"application-managepartners-display-component---NewPartner--addressDetailDetailsName1","interaction":{"idSuffix":"inner"}},"clearTextFirst":true,"interactionType":"ENTER_TEXT"}]}
RESULT: {"script":"<script> [776 bytes]","args":[{"enterText":"Intracompany Partner WDIO","selector":{"id":"application-managepartners-display-component---NewPartner--addressDetailDetailsName1","interaction":{"idSuffix":"inner"}},"clearTextFirst":true,"interactionType":"ENTER_TEXT"}]}
COMMAND: POST /session/d53f532480bfbfa72ae7ae5ef7ef8f5b/execute/async - {"script":"<script> [1562 bytes]","args":[{"selector":{"id":"application-managepartners-display-component---NewPartner--addressDetailDetailsLanguage-arrow"},"wdio_ui5_key":"applicationmanagepartners-display-component---NewPartner--addressDetailDetailsLanguage-arrow"}]}
RESULT: {"script":"<script> [1562 bytes]","args":[{"selector":{"id":"application-managepartners-display-component---NewPartner--addressDetailDetailsLanguage-arrow"},"wdio_ui5_key":"applicationmanagepartners-display-component---NewPartner--addressDetailDetailsLanguage-arrow"}]}
RESULT: undefined
COMMAND: POST /session/d53f532480bfbfa72ae7ae5ef7ef8f5b/element - {"using":"xpath","value":"//*[@id=\"application-managepartners-display-component---NewPartner--addressDetailDetailsLanguage-arrow\"]"}
RESULT: {"using":"xpath","value":"//*[@id=\"application-managepartners-display-component---NewPartner--addressDetailDetailsLanguage-arrow\"]"}
COMMAND: POST /session/d53f532480bfbfa72ae7ae5ef7ef8f5b/element/f.9714F2348D0A698B9780435C77649C65.d.A3BB4A8A2C7D42E5C4BD4A85D244F7E9.e.7921/click - {}
RESULT: {}
COMMAND: POST /session/d53f532480bfbfa72ae7ae5ef7ef8f5b/element - {"using":"xpath","value":"//span[contains(text(), \"English\")]"}
COMMAND: GET /session/d53f532480bfbfa72ae7ae5ef7ef8f5b/screenshot - {}
RESULT: {"using":"xpath","value":"//span[contains(text(), \"English\")]"}
COMMAND: POST /session/d53f532480bfbfa72ae7ae5ef7ef8f5b/element/f.9714F2348D0A698B9780435C77649C65.d.A3BB4A8A2C7D42E5C4BD4A85D244F7E9.e.7922/click - {}
RESULT: {}
RESULT: {}
COMMAND: GET /session/d53f532480bfbfa72ae7ae5ef7ef8f5b/screenshot - {}
RESULT: {}
COMMAND: POST /session/d53f532480bfbfa72ae7ae5ef7ef8f5b/execute/async - {"script":"<script> [1562 bytes]","args":[{"selector":{"id":"application-managepartners-display-component---NewPartner--addressDetailDetailsCity1","interaction":{"idSuffix":"inner"}},"wdio_ui5_key":"applicationmanagepartners-display-component---NewPartner--addressDetailDetailsCity1"}]}
RESULT: {"script":"<script> [1562 bytes]","args":[{"selector":{"id":"application-managepartners-display-component---NewPartner--addressDetailDetailsCity1","interaction":{"idSuffix":"inner"}},"wdio_ui5_key":"applicationmanagepartners-display-component---NewPartner--addressDetailDetailsCity1"}]}
RESULT: undefined
COMMAND: POST /session/d53f532480bfbfa72ae7ae5ef7ef8f5b/execute/async - {"script":"<script> [776 bytes]","args":[{"enterText":"Rosario","selector":{"id":"application-managepartners-display-component---NewPartner--addressDetailDetailsCity1","interaction":{"idSuffix":"inner"}},"clearTextFirst":true,"interactionType":"ENTER_TEXT"}]}
RESULT: {"script":"<script> [776 bytes]","args":[{"enterText":"Rosario","selector":{"id":"application-managepartners-display-component---NewPartner--addressDetailDetailsCity1","interaction":{"idSuffix":"inner"}},"clearTextFirst":true,"interactionType":"ENTER_TEXT"}]}
COMMAND: POST /session/d53f532480bfbfa72ae7ae5ef7ef8f5b/execute/async - {"script":"<script> [1562 bytes]","args":[{"selector":{"id":"application-managepartners-display-component---NewPartner--addressDetailDetailsCountry-arrow"},"wdio_ui5_key":"applicationmanagepartners-display-component---NewPartner--addressDetailDetailsCountry-arrow"}]}
RESULT: {"script":"<script> [1562 bytes]","args":[{"selector":{"id":"application-managepartners-display-component---NewPartner--addressDetailDetailsCountry-arrow"},"wdio_ui5_key":"applicationmanagepartners-display-component---NewPartner--addressDetailDetailsCountry-arrow"}]}
RESULT: undefined
COMMAND: POST /session/d53f532480bfbfa72ae7ae5ef7ef8f5b/element - {"using":"xpath","value":"//*[@id=\"application-managepartners-display-component---NewPartner--addressDetailDetailsCountry-arrow\"]"}
RESULT: {"using":"xpath","value":"//*[@id=\"application-managepartners-display-component---NewPartner--addressDetailDetailsCountry-arrow\"]"}
COMMAND: POST /session/d53f532480bfbfa72ae7ae5ef7ef8f5b/element/f.9714F2348D0A698B9780435C77649C65.d.A3BB4A8A2C7D42E5C4BD4A85D244F7E9.e.7889/click - {}
RESULT: {}
COMMAND: POST /session/d53f532480bfbfa72ae7ae5ef7ef8f5b/element - {"using":"xpath","value":"//span[contains(text(), \"Argentina\")]"}
COMMAND: GET /session/d53f532480bfbfa72ae7ae5ef7ef8f5b/screenshot - {}
RESULT: {"using":"xpath","value":"//span[contains(text(), \"Argentina\")]"}
COMMAND: POST /session/d53f532480bfbfa72ae7ae5ef7ef8f5b/element/f.9714F2348D0A698B9780435C77649C65.d.A3BB4A8A2C7D42E5C4BD4A85D244F7E9.e.7924/click - {}
RESULT: {}
RESULT: {}
COMMAND: GET /session/d53f532480bfbfa72ae7ae5ef7ef8f5b/screenshot - {}
RESULT: {}
COMMAND: POST /session/d53f532480bfbfa72ae7ae5ef7ef8f5b/element - {"using":"xpath","value":"//bdi[contains(text(), \"Commercial\")]"}
RESULT: {"using":"xpath","value":"//bdi[contains(text(), \"Commercial\")]"}
COMMAND: POST /session/d53f532480bfbfa72ae7ae5ef7ef8f5b/element/f.9714F2348D0A698B9780435C77649C65.d.A3BB4A8A2C7D42E5C4BD4A85D244F7E9.e.7925/click - {}
RESULT: {}
COMMAND: GET /session/d53f532480bfbfa72ae7ae5ef7ef8f5b/screenshot - {}
RESULT: {}
COMMAND: POST /session/d53f532480bfbfa72ae7ae5ef7ef8f5b/execute/async - {"script":"<script> [1562 bytes]","args":[{"selector":{"id":"application-managepartners-display-component---NewPartner--partnerDetailInternal-arrow"},"wdio_ui5_key":"applicationmanagepartners-display-component---NewPartner--partnerDetailInternal-arrow"}]}
RESULT: {"script":"<script> [1562 bytes]","args":[{"selector":{"id":"application-managepartners-display-component---NewPartner--partnerDetailInternal-arrow"},"wdio_ui5_key":"applicationmanagepartners-display-component---NewPartner--partnerDetailInternal-arrow"}]}
RESULT: undefined
COMMAND: POST /session/d53f532480bfbfa72ae7ae5ef7ef8f5b/element - {"using":"xpath","value":"//*[@id=\"application-managepartners-display-component---NewPartner--partnerDetailInternal-arrow\"]"}
RESULT: {"using":"xpath","value":"//*[@id=\"application-managepartners-display-component---NewPartner--partnerDetailInternal-arrow\"]"}
COMMAND: POST /session/d53f532480bfbfa72ae7ae5ef7ef8f5b/element/f.9714F2348D0A698B9780435C77649C65.d.A3BB4A8A2C7D42E5C4BD4A85D244F7E9.e.7931/click - {}
RESULT: {}
COMMAND: POST /session/d53f532480bfbfa72ae7ae5ef7ef8f5b/element - {"using":"xpath","value":"//span[contains(text(), \"Affiliated company\")]"}
COMMAND: GET /session/d53f532480bfbfa72ae7ae5ef7ef8f5b/screenshot - {}
RESULT: {"using":"xpath","value":"//span[contains(text(), \"Affiliated company\")]"}
COMMAND: POST /session/d53f532480bfbfa72ae7ae5ef7ef8f5b/element/f.9714F2348D0A698B9780435C77649C65.d.A3BB4A8A2C7D42E5C4BD4A85D244F7E9.e.7932/click - {}
RESULT: {}
RESULT: {}
COMMAND: POST /session/d53f532480bfbfa72ae7ae5ef7ef8f5b/execute/async - {"script":"<script> [1562 bytes]","args":[{"selector":{"id":"application-managepartners-display-component---NewPartner--partnerDetailsCurrency-arrow"},"wdio_ui5_key":"applicationmanagepartners-display-component---NewPartner--partnerDetailsCurrency-arrow"}]}
COMMAND: GET /session/d53f532480bfbfa72ae7ae5ef7ef8f5b/screenshot - {}
RESULT: {"script":"<script> [1562 bytes]","args":[{"selector":{"id":"application-managepartners-display-component---NewPartner--partnerDetailsCurrency-arrow"},"wdio_ui5_key":"applicationmanagepartners-display-component---NewPartner--partnerDetailsCurrency-arrow"}]}
RESULT: undefined
COMMAND: POST /session/d53f532480bfbfa72ae7ae5ef7ef8f5b/element - {"using":"xpath","value":"//*[@id=\"application-managepartners-display-component---NewPartner--partnerDetailsCurrency-arrow\"]"}
RESULT: {}
RESULT: {"using":"xpath","value":"//*[@id=\"application-managepartners-display-component---NewPartner--partnerDetailsCurrency-arrow\"]"}
COMMAND: POST /session/d53f532480bfbfa72ae7ae5ef7ef8f5b/element/f.9714F2348D0A698B9780435C77649C65.d.A3BB4A8A2C7D42E5C4BD4A85D244F7E9.e.7939/click - {}
RESULT: {}
COMMAND: POST /session/d53f532480bfbfa72ae7ae5ef7ef8f5b/element - {"using":"xpath","value":"//span[contains(text(), \"Euro\")]"}
COMMAND: GET /session/d53f532480bfbfa72ae7ae5ef7ef8f5b/screenshot - {}
RESULT: {"using":"xpath","value":"//span[contains(text(), \"Euro\")]"}
COMMAND: POST /session/d53f532480bfbfa72ae7ae5ef7ef8f5b/element/f.9714F2348D0A698B9780435C77649C65.d.A3BB4A8A2C7D42E5C4BD4A85D244F7E9.e.7940/click - {}
RESULT: {}
RESULT: {}
COMMAND: POST /session/d53f532480bfbfa72ae7ae5ef7ef8f5b/execute/async - {"script":"<script> [1562 bytes]","args":[{"selector":{"id":"application-managepartners-display-component---NewPartner--addressEditDetailsCostObjectCstType-arrow"},"wdio_ui5_key":"applicationmanagepartners-display-component---NewPartner--addressEditDetailsCostObjectCstType-arrow"}]}
COMMAND: GET /session/d53f532480bfbfa72ae7ae5ef7ef8f5b/screenshot - {}
RESULT: {"script":"<script> [1562 bytes]","args":[{"selector":{"id":"application-managepartners-display-component---NewPartner--addressEditDetailsCostObjectCstType-arrow"},"wdio_ui5_key":"applicationmanagepartners-display-component---NewPartner--addressEditDetailsCostObjectCstType-arrow"}]}
RESULT: undefined
COMMAND: POST /session/d53f532480bfbfa72ae7ae5ef7ef8f5b/element - {"using":"xpath","value":"//*[@id=\"application-managepartners-display-component---NewPartner--addressEditDetailsCostObjectCstType-arrow\"]"}
RESULT: {}
RESULT: {"using":"xpath","value":"//*[@id=\"application-managepartners-display-component---NewPartner--addressEditDetailsCostObjectCstType-arrow\"]"}
COMMAND: POST /session/d53f532480bfbfa72ae7ae5ef7ef8f5b/element/f.9714F2348D0A698B9780435C77649C65.d.A3BB4A8A2C7D42E5C4BD4A85D244F7E9.e.7941/click - {}
RESULT: {}
COMMAND: POST /session/d53f532480bfbfa72ae7ae5ef7ef8f5b/element - {"using":"xpath","value":"//span[contains(text(), \"Cost Center\")]"}
COMMAND: GET /session/d53f532480bfbfa72ae7ae5ef7ef8f5b/screenshot - {}
RESULT: {"using":"xpath","value":"//span[contains(text(), \"Cost Center\")]"}
COMMAND: POST /session/d53f532480bfbfa72ae7ae5ef7ef8f5b/element/f.9714F2348D0A698B9780435C77649C65.d.A3BB4A8A2C7D42E5C4BD4A85D244F7E9.e.7942/click - {}
RESULT: {}
RESULT: {}
COMMAND: GET /session/d53f532480bfbfa72ae7ae5ef7ef8f5b/screenshot - {}
RESULT: {}
COMMAND: POST /session/d53f532480bfbfa72ae7ae5ef7ef8f5b/element - {"using":"xpath","value":"//span[@id=\"application-managepartners-display-component---NewPartner--addressNewCostObjectCstID-vhi\"]"}
RESULT: {"using":"xpath","value":"//span[@id=\"application-managepartners-display-component---NewPartner--addressNewCostObjectCstID-vhi\"]"}
COMMAND: POST /session/d53f532480bfbfa72ae7ae5ef7ef8f5b/execute/sync - {"script":"<script> [8489 bytes]","args":[{"element-6066-11e4-a52e-4f735466cecf":"f.9714F2348D0A698B9780435C77649C65.d.A3BB4A8A2C7D42E5C4BD4A85D244F7E9.e.7945","ELEMENT":"f.9714F2348D0A698B9780435C77649C65.d.A3BB4A8A2C7D42E5C4BD4A85D244F7E9.e.7945"}]}
RESULT: {"script":"<script> [8489 bytes]","args":[{"element-6066-11e4-a52e-4f735466cecf":"f.9714F2348D0A698B9780435C77649C65.d.A3BB4A8A2C7D42E5C4BD4A85D244F7E9.e.7945","ELEMENT":"f.9714F2348D0A698B9780435C77649C65.d.A3BB4A8A2C7D42E5C4BD4A85D244F7E9.e.7945"}]}
COMMAND: POST /session/d53f532480bfbfa72ae7ae5ef7ef8f5b/execute/async - {"script":"<script> [1562 bytes]","args":[{"selector":{"id":"application-managepartners-display-component---NewPartner--addressNewCostObjectCstID-vhi"},"wdio_ui5_key":"applicationmanagepartners-display-component---NewPartner--addressNewCostObjectCstID-vhi"}]}
COMMAND: GET /session/d53f532480bfbfa72ae7ae5ef7ef8f5b/screenshot - {}
RESULT: {"script":"<script> [1562 bytes]","args":[{"selector":{"id":"application-managepartners-display-component---NewPartner--addressNewCostObjectCstID-vhi"},"wdio_ui5_key":"applicationmanagepartners-display-component---NewPartner--addressNewCostObjectCstID-vhi"}]}
RESULT: undefined
COMMAND: POST /session/d53f532480bfbfa72ae7ae5ef7ef8f5b/element - {"using":"xpath","value":"//*[@id=\"application-managepartners-display-component---NewPartner--addressNewCostObjectCstID-vhi\"]"}
RESULT: {}
RESULT: {"using":"xpath","value":"//*[@id=\"application-managepartners-display-component---NewPartner--addressNewCostObjectCstID-vhi\"]"}
COMMAND: POST /session/d53f532480bfbfa72ae7ae5ef7ef8f5b/element/f.9714F2348D0A698B9780435C77649C65.d.A3BB4A8A2C7D42E5C4BD4A85D244F7E9.e.7945/click - {}
RESULT: {}
COMMAND: GET /session/d53f532480bfbfa72ae7ae5ef7ef8f5b/screenshot - {}
RESULT: {}
RESULT: undefined
COMMAND: POST /session/d53f532480bfbfa72ae7ae5ef7ef8f5b/execute/async - {"script":"<script> [776 bytes]","args":[{"enterText":"10001013","selector":{"controlType":"sap.m.SearchField","properties":{"placeholder":"Search"},"searchOpenDialogs":true,"interaction":{"idSuffix":"I"}},"clearTextFirst":true,"interactionType":"ENTER_TEXT"}]}
RESULT: {"script":"<script> [776 bytes]","args":[{"enterText":"10001013","selector":{"controlType":"sap.m.SearchField","properties":{"placeholder":"Search"},"searchOpenDialogs":true,"interaction":{"idSuffix":"I"}},"clearTextFirst":true,"interactionType":"ENTER_TEXT"}]}
COMMAND: POST /session/d53f532480bfbfa72ae7ae5ef7ef8f5b/actions - {"actions":[{"id":"action23","type":"key","parameters":{},"actions":[{"type":"keyDown","value":""},{"type":"pause","duration":10},{"type":"keyUp","value":""}]}]}
RESULT: {"actions":[{"id":"action23","type":"key","parameters":{},"actions":[{"type":"keyDown","value":""},{"type":"pause","duration":10},{"type":"keyUp","value":""}]}]}
COMMAND: GET /session/d53f532480bfbfa72ae7ae5ef7ef8f5b/screenshot - {}
RESULT: {}
COMMAND: POST /session/d53f532480bfbfa72ae7ae5ef7ef8f5b/element - {"using":"xpath","value":"//span[contains(text(), \"General Management\")]"}
RESULT: {"using":"xpath","value":"//span[contains(text(), \"General Management\")]"}
COMMAND: POST /session/d53f532480bfbfa72ae7ae5ef7ef8f5b/element/f.9714F2348D0A698B9780435C77649C65.d.A3BB4A8A2C7D42E5C4BD4A85D244F7E9.e.7984/click - {}
RESULT: {}
COMMAND: GET /session/d53f532480bfbfa72ae7ae5ef7ef8f5b/screenshot - {}
RESULT: {}
COMMAND: POST /session/d53f532480bfbfa72ae7ae5ef7ef8f5b/element - {"using":"xpath","value":"//bdi[contains(text(), \"OK\")]"}
RESULT: {"using":"xpath","value":"//bdi[contains(text(), \"OK\")]"}
COMMAND: POST /session/d53f532480bfbfa72ae7ae5ef7ef8f5b/element/f.9714F2348D0A698B9780435C77649C65.d.A3BB4A8A2C7D42E5C4BD4A85D244F7E9.e.7985/click - {}
RESULT: {}
COMMAND: GET /session/d53f532480bfbfa72ae7ae5ef7ef8f5b/screenshot - {}
RESULT: {}
COMMAND: POST /session/d53f532480bfbfa72ae7ae5ef7ef8f5b/element - {"using":"xpath","value":"//input[@id=\"application-managepartners-display-component---NewPartner--companyCodeComboBox-inner\"]"}
RESULT: {"using":"xpath","value":"//input[@id=\"application-managepartners-display-component---NewPartner--companyCodeComboBox-inner\"]"}
COMMAND: POST /session/d53f532480bfbfa72ae7ae5ef7ef8f5b/element/f.9714F2348D0A698B9780435C77649C65.d.A3BB4A8A2C7D42E5C4BD4A85D244F7E9.e.7779/clear - {}
RESULT: {}
COMMAND: POST /session/d53f532480bfbfa72ae7ae5ef7ef8f5b/element/f.9714F2348D0A698B9780435C77649C65.d.A3BB4A8A2C7D42E5C4BD4A85D244F7E9.e.7779/value - {"text":"1000"}
COMMAND: GET /session/d53f532480bfbfa72ae7ae5ef7ef8f5b/screenshot - {}
RESULT: {"text":"1000"}
COMMAND: GET /session/d53f532480bfbfa72ae7ae5ef7ef8f5b/screenshot - {}
RESULT: {}
RESULT: {}
COMMAND: POST /session/d53f532480bfbfa72ae7ae5ef7ef8f5b/element - {"using":"xpath","value":"//span[contains(text(), \"1000\")]"}
RESULT: {"using":"xpath","value":"//span[contains(text(), \"1000\")]"}
COMMAND: POST /session/d53f532480bfbfa72ae7ae5ef7ef8f5b/element/f.9714F2348D0A698B9780435C77649C65.d.A3BB4A8A2C7D42E5C4BD4A85D244F7E9.e.7991/click - {}
RESULT: {}
COMMAND: GET /session/d53f532480bfbfa72ae7ae5ef7ef8f5b/screenshot - {}
RESULT: {}
COMMAND: POST /session/d53f532480bfbfa72ae7ae5ef7ef8f5b/execute/async - {"script":"<script> [1562 bytes]","args":[{"selector":{"id":"application-managepartners-display-component---NewPartner--btnAddTableRow-img"},"wdio_ui5_key":"applicationmanagepartners-display-component---NewPartner--btnAddTableRow-img"}]}
RESULT: {"script":"<script> [1562 bytes]","args":[{"selector":{"id":"application-managepartners-display-component---NewPartner--btnAddTableRow-img"},"wdio_ui5_key":"applicationmanagepartners-display-component---NewPartner--btnAddTableRow-img"}]}
RESULT: undefined
COMMAND: POST /session/d53f532480bfbfa72ae7ae5ef7ef8f5b/element - {"using":"xpath","value":"//*[@id=\"application-managepartners-display-component---NewPartner--btnAddTableRow-img\"]"}
RESULT: {"using":"xpath","value":"//*[@id=\"application-managepartners-display-component---NewPartner--btnAddTableRow-img\"]"}
COMMAND: POST /session/d53f532480bfbfa72ae7ae5ef7ef8f5b/element/f.9714F2348D0A698B9780435C77649C65.d.A3BB4A8A2C7D42E5C4BD4A85D244F7E9.e.7992/click - {}
RESULT: {}
COMMAND: GET /session/d53f532480bfbfa72ae7ae5ef7ef8f5b/screenshot - {}
RESULT: {}
COMMAND: POST /session/d53f532480bfbfa72ae7ae5ef7ef8f5b/element - {"using":"xpath","value":"//input[@id=\"application-managepartners-display-component---NewPartner--assignmentYard-application-managepartners-display-component---NewPartner--assignmentsTable-0-inner\"]"}
RESULT: {"using":"xpath","value":"//input[@id=\"application-managepartners-display-component---NewPartner--assignmentYard-application-managepartners-display-component---NewPartner--assignmentsTable-0-inner\"]"}
COMMAND: POST /session/d53f532480bfbfa72ae7ae5ef7ef8f5b/element/f.9714F2348D0A698B9780435C77649C65.d.A3BB4A8A2C7D42E5C4BD4A85D244F7E9.e.7995/clear - {}
RESULT: {}
COMMAND: POST /session/d53f532480bfbfa72ae7ae5ef7ef8f5b/element/f.9714F2348D0A698B9780435C77649C65.d.A3BB4A8A2C7D42E5C4BD4A85D244F7E9.e.7995/value - {"text":"713"}
COMMAND: GET /session/d53f532480bfbfa72ae7ae5ef7ef8f5b/screenshot - {}
RESULT: {"text":"713"}
COMMAND: GET /session/d53f532480bfbfa72ae7ae5ef7ef8f5b/screenshot - {}
RESULT: {}
RESULT: {}
COMMAND: POST /session/d53f532480bfbfa72ae7ae5ef7ef8f5b/element - {"using":"xpath","value":"//li[.//span[text()='713']]"}
RESULT: {"using":"xpath","value":"//li[.//span[text()='713']]"}
COMMAND: POST /session/d53f532480bfbfa72ae7ae5ef7ef8f5b/element/f.9714F2348D0A698B9780435C77649C65.d.A3BB4A8A2C7D42E5C4BD4A85D244F7E9.e.8003/click - {}
RESULT: {}
COMMAND: GET /session/d53f532480bfbfa72ae7ae5ef7ef8f5b/screenshot - {}
RESULT: {}
COMMAND: POST /session/d53f532480bfbfa72ae7ae5ef7ef8f5b/actions - {"actions":[{"id":"action24","type":"key","parameters":{},"actions":[{"type":"keyDown","value":""},{"type":"pause","duration":10},{"type":"keyUp","value":""}]}]}
RESULT: {"actions":[{"id":"action24","type":"key","parameters":{},"actions":[{"type":"keyDown","value":""},{"type":"pause","duration":10},{"type":"keyUp","value":""}]}]}
COMMAND: POST /session/d53f532480bfbfa72ae7ae5ef7ef8f5b/execute/async - {"script":"<script> [1562 bytes]","args":[{"selector":{"id":"application-managepartners-display-component---NewPartner--externalCustomerComboBox-application-managepartners-display-component---NewPartner--assignmentsTable-0-vhi"},"wdio_ui5_key":"applicationmanagepartners-display-component---NewPartner--externalCustomerComboBox-application-managepartners-display-component---NewPartner--assignmentsTable-0-vhi"}]}
COMMAND: GET /session/d53f532480bfbfa72ae7ae5ef7ef8f5b/screenshot - {}
RESULT: {"script":"<script> [1562 bytes]","args":[{"selector":{"id":"application-managepartners-display-component---NewPartner--externalCustomerComboBox-application-managepartners-display-component---NewPartner--assignmentsTable-0-vhi"},"wdio_ui5_key":"applicationmanagepartners-display-component---NewPartner--externalCustomerComboBox-application-managepartners-display-component---NewPartner--assignmentsTable-0-vhi"}]}
RESULT: undefined
COMMAND: POST /session/d53f532480bfbfa72ae7ae5ef7ef8f5b/element - {"using":"xpath","value":"//*[@id=\"application-managepartners-display-component---NewPartner--externalCustomerComboBox-application-managepartners-display-component---NewPartner--assignmentsTable-0-vhi\"]"}
RESULT: {}
RESULT: {"using":"xpath","value":"//*[@id=\"application-managepartners-display-component---NewPartner--externalCustomerComboBox-application-managepartners-display-component---NewPartner--assignmentsTable-0-vhi\"]"}
COMMAND: POST /session/d53f532480bfbfa72ae7ae5ef7ef8f5b/element/f.9714F2348D0A698B9780435C77649C65.d.A3BB4A8A2C7D42E5C4BD4A85D244F7E9.e.8007/click - {}
RESULT: {}
RESULT: undefined
COMMAND: POST /session/d53f532480bfbfa72ae7ae5ef7ef8f5b/execute/async - {"script":"<script> [776 bytes]","args":[{"enterText":"300003","selector":{"controlType":"sap.m.SearchField","properties":{"placeholder":"Search"},"searchOpenDialogs":true,"interaction":{"idSuffix":"I"}},"clearTextFirst":true,"interactionType":"ENTER_TEXT"}]}
COMMAND: GET /session/d53f532480bfbfa72ae7ae5ef7ef8f5b/screenshot - {}
RESULT: {"script":"<script> [776 bytes]","args":[{"enterText":"300003","selector":{"controlType":"sap.m.SearchField","properties":{"placeholder":"Search"},"searchOpenDialogs":true,"interaction":{"idSuffix":"I"}},"clearTextFirst":true,"interactionType":"ENTER_TEXT"}]}
COMMAND: POST /session/d53f532480bfbfa72ae7ae5ef7ef8f5b/actions - {"actions":[{"id":"action25","type":"key","parameters":{},"actions":[{"type":"keyDown","value":""},{"type":"pause","duration":10},{"type":"keyUp","value":""}]}]}
RESULT: {}
RESULT: {"actions":[{"id":"action25","type":"key","parameters":{},"actions":[{"type":"keyDown","value":""},{"type":"pause","duration":10},{"type":"keyUp","value":""}]}]}
COMMAND: GET /session/d53f532480bfbfa72ae7ae5ef7ef8f5b/screenshot - {}
RESULT: {}
COMMAND: POST /session/d53f532480bfbfa72ae7ae5ef7ef8f5b/element - {"using":"xpath","value":"//span[contains(text(), \"300003\")]"}
RESULT: {"using":"xpath","value":"//span[contains(text(), \"300003\")]"}
COMMAND: POST /session/d53f532480bfbfa72ae7ae5ef7ef8f5b/element/f.9714F2348D0A698B9780435C77649C65.d.A3BB4A8A2C7D42E5C4BD4A85D244F7E9.e.8025/click - {}
RESULT: {}
COMMAND: GET /session/d53f532480bfbfa72ae7ae5ef7ef8f5b/screenshot - {}
RESULT: {}
COMMAND: POST /session/d53f532480bfbfa72ae7ae5ef7ef8f5b/element - {"using":"xpath","value":"//bdi[contains(text(), \"OK\")]"}
RESULT: {"using":"xpath","value":"//bdi[contains(text(), \"OK\")]"}
COMMAND: POST /session/d53f532480bfbfa72ae7ae5ef7ef8f5b/element/f.9714F2348D0A698B9780435C77649C65.d.A3BB4A8A2C7D42E5C4BD4A85D244F7E9.e.8027/click - {}
RESULT: {}
COMMAND: GET /session/d53f532480bfbfa72ae7ae5ef7ef8f5b/screenshot - {}
RESULT: {}
COMMAND: POST /session/d53f532480bfbfa72ae7ae5ef7ef8f5b/execute/async - {"script":"<script> [1562 bytes]","args":[{"selector":{"id":"application-managepartners-display-component---NewPartner--intercompVendorComboBox-application-managepartners-display-component---NewPartner--assignmentsTable-0-vhi"},"wdio_ui5_key":"applicationmanagepartners-display-component---NewPartner--intercompVendorComboBox-application-managepartners-display-component---NewPartner--assignmentsTable-0-vhi"}]}
RESULT: {"script":"<script> [1562 bytes]","args":[{"selector":{"id":"application-managepartners-display-component---NewPartner--intercompVendorComboBox-application-managepartners-display-component---NewPartner--assignmentsTable-0-vhi"},"wdio_ui5_key":"applicationmanagepartners-display-component---NewPartner--intercompVendorComboBox-application-managepartners-display-component---NewPartner--assignmentsTable-0-vhi"}]}
RESULT: undefined
COMMAND: POST /session/d53f532480bfbfa72ae7ae5ef7ef8f5b/element - {"using":"xpath","value":"//*[@id=\"application-managepartners-display-component---NewPartner--intercompVendorComboBox-application-managepartners-display-component---NewPartner--assignmentsTable-0-vhi\"]"}
RESULT: {"using":"xpath","value":"//*[@id=\"application-managepartners-display-component---NewPartner--intercompVendorComboBox-application-managepartners-display-component---NewPartner--assignmentsTable-0-vhi\"]"}
COMMAND: POST /session/d53f532480bfbfa72ae7ae5ef7ef8f5b/element/f.9714F2348D0A698B9780435C77649C65.d.A3BB4A8A2C7D42E5C4BD4A85D244F7E9.e.8030/click - {}
RESULT: {}
RESULT: undefined
COMMAND: POST /session/d53f532480bfbfa72ae7ae5ef7ef8f5b/execute/async - {"script":"<script> [776 bytes]","args":[{"enterText":"100005","selector":{"controlType":"sap.m.SearchField","properties":{"placeholder":"Search"},"searchOpenDialogs":true,"interaction":{"idSuffix":"I"}},"clearTextFirst":true,"interactionType":"ENTER_TEXT"}]}
COMMAND: GET /session/d53f532480bfbfa72ae7ae5ef7ef8f5b/screenshot - {}
RESULT: {"script":"<script> [776 bytes]","args":[{"enterText":"100005","selector":{"controlType":"sap.m.SearchField","properties":{"placeholder":"Search"},"searchOpenDialogs":true,"interaction":{"idSuffix":"I"}},"clearTextFirst":true,"interactionType":"ENTER_TEXT"}]}
COMMAND: POST /session/d53f532480bfbfa72ae7ae5ef7ef8f5b/actions - {"actions":[{"id":"action26","type":"key","parameters":{},"actions":[{"type":"keyDown","value":""},{"type":"pause","duration":10},{"type":"keyUp","value":""}]}]}
RESULT: {}
RESULT: {"actions":[{"id":"action26","type":"key","parameters":{},"actions":[{"type":"keyDown","value":""},{"type":"pause","duration":10},{"type":"keyUp","value":""}]}]}
COMMAND: GET /session/d53f532480bfbfa72ae7ae5ef7ef8f5b/screenshot - {}
RESULT: {}
COMMAND: POST /session/d53f532480bfbfa72ae7ae5ef7ef8f5b/element - {"using":"xpath","value":"//span[contains(text(), \"Penguins - Field/12345 Berlin\")]"}
RESULT: {"using":"xpath","value":"//span[contains(text(), \"Penguins - Field/12345 Berlin\")]"}
COMMAND: POST /session/d53f532480bfbfa72ae7ae5ef7ef8f5b/element/f.9714F2348D0A698B9780435C77649C65.d.A3BB4A8A2C7D42E5C4BD4A85D244F7E9.e.8048/click - {}
RESULT: {}
COMMAND: GET /session/d53f532480bfbfa72ae7ae5ef7ef8f5b/screenshot - {}
RESULT: {}
COMMAND: POST /session/d53f532480bfbfa72ae7ae5ef7ef8f5b/element - {"using":"xpath","value":"//bdi[contains(text(), \"OK\")]"}
RESULT: {"using":"xpath","value":"//bdi[contains(text(), \"OK\")]"}
COMMAND: POST /session/d53f532480bfbfa72ae7ae5ef7ef8f5b/element/f.9714F2348D0A698B9780435C77649C65.d.A3BB4A8A2C7D42E5C4BD4A85D244F7E9.e.8049/click - {}
RESULT: {}
COMMAND: GET /session/d53f532480bfbfa72ae7ae5ef7ef8f5b/screenshot - {}
RESULT: {}
COMMAND: POST /session/d53f532480bfbfa72ae7ae5ef7ef8f5b/element - {"using":"xpath","value":"//button[@data-kt=\"saveButton\"]"}
RESULT: {"using":"xpath","value":"//button[@data-kt=\"saveButton\"]"}
COMMAND: POST /session/d53f532480bfbfa72ae7ae5ef7ef8f5b/element/f.9714F2348D0A698B9780435C77649C65.d.A3BB4A8A2C7D42E5C4BD4A85D244F7E9.e.7858/click - {}
RESULT: {}
COMMAND: GET /session/d53f532480bfbfa72ae7ae5ef7ef8f5b/screenshot - {}
RESULT: {}
COMMAND: POST /session/d53f532480bfbfa72ae7ae5ef7ef8f5b/element - {"using":"xpath","value":"//header[contains(@id, 'ObjectPageLayout-headerTitle')]/div[1]/div[2]/div[2]/span[1]"}
RESULT: {"using":"xpath","value":"//header[contains(@id, 'ObjectPageLayout-headerTitle')]/div[1]/div[2]/div[2]/span[1]"}
COMMAND: POST /session/d53f532480bfbfa72ae7ae5ef7ef8f5b/elements - {"using":"xpath","value":"//header[contains(@id, 'ObjectPageLayout-headerTitle')]/div[1]/div[2]/div[2]/span[1]"}
RESULT: {"using":"xpath","value":"//header[contains(@id, 'ObjectPageLayout-headerTitle')]/div[1]/div[2]/div[2]/span[1]"}
COMMAND: POST /session/d53f532480bfbfa72ae7ae5ef7ef8f5b/execute/sync - {"script":"<script> [56 bytes]","args":[{"element-6066-11e4-a52e-4f735466cecf":"f.9714F2348D0A698B9780435C77649C65.d.A3BB4A8A2C7D42E5C4BD4A85D244F7E9.e.8212","ELEMENT":"f.9714F2348D0A698B9780435C77649C65.d.A3BB4A8A2C7D42E5C4BD4A85D244F7E9.e.8212"}]}
RESULT: {"script":"<script> [56 bytes]","args":[{"element-6066-11e4-a52e-4f735466cecf":"f.9714F2348D0A698B9780435C77649C65.d.A3BB4A8A2C7D42E5C4BD4A85D244F7E9.e.8212","ELEMENT":"f.9714F2348D0A698B9780435C77649C65.d.A3BB4A8A2C7D42E5C4BD4A85D244F7E9.e.8212"}]}
COMMAND: POST /session/d53f532480bfbfa72ae7ae5ef7ef8f5b/element - {"using":"css selector","value":"#shell-header-logo"}
COMMAND: GET /session/d53f532480bfbfa72ae7ae5ef7ef8f5b/screenshot - {}
RESULT: {"using":"css selector","value":"#shell-header-logo"}
COMMAND: POST /session/d53f532480bfbfa72ae7ae5ef7ef8f5b/element/f.9714F2348D0A698B9780435C77649C65.d.A3BB4A8A2C7D42E5C4BD4A85D244F7E9.e.7435/click - {}
RESULT: {}
RESULT: {}
COMMAND: GET /session/d53f532480bfbfa72ae7ae5ef7ef8f5b/screenshot - {}
RESULT: {}
COMMAND: POST /session/d53f532480bfbfa72ae7ae5ef7ef8f5b/execute/sync - {"script":"<script> [299 bytes]","args":[["getModel","getResource"]]}
RESULT: {"script":"<script> [299 bytes]","args":[["getModel","getResource"]]}
]]></system-out>
    </testcase>
    <testcase classname="chrome.135_0_7049_42.windows.Billing_Transfer_-_Intracompany_US127249" name="Should create a new site" time="79.541">
      <system-out><![CDATA[
COMMAND: GET /session/d53f532480bfbfa72ae7ae5ef7ef8f5b/screenshot - {}
COMMAND: POST /session/d53f532480bfbfa72ae7ae5ef7ef8f5b/execute/async - {"script":"<script> [1562 bytes]","args":[{"selector":{"controlType":"sap.m.TileContent","bindingPath":{"path":"","propertyPath":"/properties/info"},"ancestor":{"controlType":"sap.m.GenericTile","properties":{"header":"Manage Sites"}}},"wdio_ui5_key":"sapm.TileContent{\"path\":\"\",\"propertyPath\":\"/properties/info\"}{\"controlType\":\"sap.m.GenericTile\",\"properties\":{\"header\":\"Manage Sites\"}}"}]}
RESULT: {}
RESULT: {"script":"<script> [1562 bytes]","args":[{"selector":{"controlType":"sap.m.TileContent","bindingPath":{"path":"","propertyPath":"/properties/info"},"ancestor":{"controlType":"sap.m.GenericTile","properties":{"header":"Manage Sites"}}},"wdio_ui5_key":"sapm.TileContent{\"path\":\"\",\"propertyPath\":\"/properties/info\"}{\"controlType\":\"sap.m.GenericTile\",\"properties\":{\"header\":\"Manage Sites\"}}"}]}
RESULT: undefined
COMMAND: POST /session/d53f532480bfbfa72ae7ae5ef7ef8f5b/element - {"using":"xpath","value":"//*[@id=\"__xmlview7--numericTileContent\"]"}
RESULT: {"using":"xpath","value":"//*[@id=\"__xmlview7--numericTileContent\"]"}
COMMAND: POST /session/d53f532480bfbfa72ae7ae5ef7ef8f5b/element/f.9714F2348D0A698B9780435C77649C65.d.A3BB4A8A2C7D42E5C4BD4A85D244F7E9.e.8214/click - {}
RESULT: {}
COMMAND: POST /session/d53f532480bfbfa72ae7ae5ef7ef8f5b/element - {"using":"xpath","value":"//button[@data-kt=\"addOverflowToolbarButton\"]"}
COMMAND: GET /session/d53f532480bfbfa72ae7ae5ef7ef8f5b/screenshot - {}
RESULT: {"using":"xpath","value":"//button[@data-kt=\"addOverflowToolbarButton\"]"}
COMMAND: POST /session/d53f532480bfbfa72ae7ae5ef7ef8f5b/elements - {"using":"xpath","value":"//button[@data-kt=\"addOverflowToolbarButton\"]"}
RESULT: {}
RESULT: {"using":"xpath","value":"//button[@data-kt=\"addOverflowToolbarButton\"]"}
COMMAND: POST /session/d53f532480bfbfa72ae7ae5ef7ef8f5b/element - {"using":"xpath","value":"//button[@data-kt=\"addOverflowToolbarButton\"]"}
RESULT: {"using":"xpath","value":"//button[@data-kt=\"addOverflowToolbarButton\"]"}
COMMAND: POST /session/d53f532480bfbfa72ae7ae5ef7ef8f5b/execute/sync - {"script":"<script> [8489 bytes]","args":[{"element-6066-11e4-a52e-4f735466cecf":"f.9714F2348D0A698B9780435C77649C65.d.A3BB4A8A2C7D42E5C4BD4A85D244F7E9.e.8259","ELEMENT":"f.9714F2348D0A698B9780435C77649C65.d.A3BB4A8A2C7D42E5C4BD4A85D244F7E9.e.8259"}]}
RESULT: {"script":"<script> [8489 bytes]","args":[{"element-6066-11e4-a52e-4f735466cecf":"f.9714F2348D0A698B9780435C77649C65.d.A3BB4A8A2C7D42E5C4BD4A85D244F7E9.e.8259","ELEMENT":"f.9714F2348D0A698B9780435C77649C65.d.A3BB4A8A2C7D42E5C4BD4A85D244F7E9.e.8259"}]}
COMMAND: GET /session/d53f532480bfbfa72ae7ae5ef7ef8f5b/element/f.9714F2348D0A698B9780435C77649C65.d.A3BB4A8A2C7D42E5C4BD4A85D244F7E9.e.8259/enabled - {}
COMMAND: GET /session/d53f532480bfbfa72ae7ae5ef7ef8f5b/screenshot - {}
RESULT: {}
COMMAND: POST /session/d53f532480bfbfa72ae7ae5ef7ef8f5b/execute/sync - {"script":"<script> [8489 bytes]","args":[{"element-6066-11e4-a52e-4f735466cecf":"f.9714F2348D0A698B9780435C77649C65.d.A3BB4A8A2C7D42E5C4BD4A85D244F7E9.e.8259","ELEMENT":"f.9714F2348D0A698B9780435C77649C65.d.A3BB4A8A2C7D42E5C4BD4A85D244F7E9.e.8259"}]}
COMMAND: GET /session/d53f532480bfbfa72ae7ae5ef7ef8f5b/screenshot - {}
RESULT: {}
RESULT: {"script":"<script> [8489 bytes]","args":[{"element-6066-11e4-a52e-4f735466cecf":"f.9714F2348D0A698B9780435C77649C65.d.A3BB4A8A2C7D42E5C4BD4A85D244F7E9.e.8259","ELEMENT":"f.9714F2348D0A698B9780435C77649C65.d.A3BB4A8A2C7D42E5C4BD4A85D244F7E9.e.8259"}]}
COMMAND: POST /session/d53f532480bfbfa72ae7ae5ef7ef8f5b/execute/sync - {"script":"<script> [5351 bytes]","args":[{"element-6066-11e4-a52e-4f735466cecf":"f.9714F2348D0A698B9780435C77649C65.d.A3BB4A8A2C7D42E5C4BD4A85D244F7E9.e.8259","ELEMENT":"f.9714F2348D0A698B9780435C77649C65.d.A3BB4A8A2C7D42E5C4BD4A85D244F7E9.e.8259"}]}
COMMAND: GET /session/d53f532480bfbfa72ae7ae5ef7ef8f5b/screenshot - {}
RESULT: {}
RESULT: {"script":"<script> [5351 bytes]","args":[{"element-6066-11e4-a52e-4f735466cecf":"f.9714F2348D0A698B9780435C77649C65.d.A3BB4A8A2C7D42E5C4BD4A85D244F7E9.e.8259","ELEMENT":"f.9714F2348D0A698B9780435C77649C65.d.A3BB4A8A2C7D42E5C4BD4A85D244F7E9.e.8259"}]}
COMMAND: POST /session/d53f532480bfbfa72ae7ae5ef7ef8f5b/element/f.9714F2348D0A698B9780435C77649C65.d.A3BB4A8A2C7D42E5C4BD4A85D244F7E9.e.8259/click - {}
COMMAND: GET /session/d53f532480bfbfa72ae7ae5ef7ef8f5b/screenshot - {}
RESULT: {}
RESULT: {}
COMMAND: GET /session/d53f532480bfbfa72ae7ae5ef7ef8f5b/screenshot - {}
RESULT: {}
RESULT: {}
COMMAND: POST /session/d53f532480bfbfa72ae7ae5ef7ef8f5b/execute/async - {"script":"<script> [1562 bytes]","args":[{"selector":{"id":"application-managesites-display-component---NewSite--addressDetailDetailsName1","interaction":{"idSuffix":"inner"}},"wdio_ui5_key":"applicationmanagesites-display-component---NewSite--addressDetailDetailsName1"}]}
RESULT: {"script":"<script> [1562 bytes]","args":[{"selector":{"id":"application-managesites-display-component---NewSite--addressDetailDetailsName1","interaction":{"idSuffix":"inner"}},"wdio_ui5_key":"applicationmanagesites-display-component---NewSite--addressDetailDetailsName1"}]}
RESULT: undefined
COMMAND: POST /session/d53f532480bfbfa72ae7ae5ef7ef8f5b/execute/async - {"script":"<script> [776 bytes]","args":[{"enterText":"Intracompany Site wdIO","selector":{"id":"application-managesites-display-component---NewSite--addressDetailDetailsName1","interaction":{"idSuffix":"inner"}},"clearTextFirst":true,"interactionType":"ENTER_TEXT"}]}
RESULT: {"script":"<script> [776 bytes]","args":[{"enterText":"Intracompany Site wdIO","selector":{"id":"application-managesites-display-component---NewSite--addressDetailDetailsName1","interaction":{"idSuffix":"inner"}},"clearTextFirst":true,"interactionType":"ENTER_TEXT"}]}
COMMAND: POST /session/d53f532480bfbfa72ae7ae5ef7ef8f5b/execute/async - {"script":"<script> [1562 bytes]","args":[{"selector":{"id":"application-managesites-display-component---NewSite--addressDetailDetailsLanguage-arrow"},"wdio_ui5_key":"applicationmanagesites-display-component---NewSite--addressDetailDetailsLanguage-arrow"}]}
RESULT: {"script":"<script> [1562 bytes]","args":[{"selector":{"id":"application-managesites-display-component---NewSite--addressDetailDetailsLanguage-arrow"},"wdio_ui5_key":"applicationmanagesites-display-component---NewSite--addressDetailDetailsLanguage-arrow"}]}
RESULT: undefined
COMMAND: POST /session/d53f532480bfbfa72ae7ae5ef7ef8f5b/element - {"using":"xpath","value":"//*[@id=\"application-managesites-display-component---NewSite--addressDetailDetailsLanguage-arrow\"]"}
RESULT: {"using":"xpath","value":"//*[@id=\"application-managesites-display-component---NewSite--addressDetailDetailsLanguage-arrow\"]"}
COMMAND: POST /session/d53f532480bfbfa72ae7ae5ef7ef8f5b/element/f.9714F2348D0A698B9780435C77649C65.d.A3BB4A8A2C7D42E5C4BD4A85D244F7E9.e.8873/click - {}
RESULT: {}
COMMAND: POST /session/d53f532480bfbfa72ae7ae5ef7ef8f5b/element - {"using":"xpath","value":"//span[contains(text(), \"English\")]"}
COMMAND: GET /session/d53f532480bfbfa72ae7ae5ef7ef8f5b/screenshot - {}
RESULT: {"using":"xpath","value":"//span[contains(text(), \"English\")]"}
COMMAND: POST /session/d53f532480bfbfa72ae7ae5ef7ef8f5b/element/f.9714F2348D0A698B9780435C77649C65.d.A3BB4A8A2C7D42E5C4BD4A85D244F7E9.e.8874/click - {}
RESULT: {}
RESULT: {}
COMMAND: POST /session/d53f532480bfbfa72ae7ae5ef7ef8f5b/execute/async - {"script":"<script> [1562 bytes]","args":[{"selector":{"id":"application-managesites-display-component---NewSite--addressDetailDetailsCity1","interaction":{"idSuffix":"inner"}},"wdio_ui5_key":"applicationmanagesites-display-component---NewSite--addressDetailDetailsCity1"}]}
COMMAND: GET /session/d53f532480bfbfa72ae7ae5ef7ef8f5b/screenshot - {}
RESULT: {"script":"<script> [1562 bytes]","args":[{"selector":{"id":"application-managesites-display-component---NewSite--addressDetailDetailsCity1","interaction":{"idSuffix":"inner"}},"wdio_ui5_key":"applicationmanagesites-display-component---NewSite--addressDetailDetailsCity1"}]}
RESULT: undefined
COMMAND: POST /session/d53f532480bfbfa72ae7ae5ef7ef8f5b/execute/async - {"script":"<script> [776 bytes]","args":[{"enterText":"Rosario","selector":{"id":"application-managesites-display-component---NewSite--addressDetailDetailsCity1","interaction":{"idSuffix":"inner"}},"clearTextFirst":true,"interactionType":"ENTER_TEXT"}]}
RESULT: {}
RESULT: {"script":"<script> [776 bytes]","args":[{"enterText":"Rosario","selector":{"id":"application-managesites-display-component---NewSite--addressDetailDetailsCity1","interaction":{"idSuffix":"inner"}},"clearTextFirst":true,"interactionType":"ENTER_TEXT"}]}
COMMAND: POST /session/d53f532480bfbfa72ae7ae5ef7ef8f5b/execute/async - {"script":"<script> [1562 bytes]","args":[{"selector":{"id":"application-managesites-display-component---NewSite--addressDetailDetailsCountry-arrow"},"wdio_ui5_key":"applicationmanagesites-display-component---NewSite--addressDetailDetailsCountry-arrow"}]}
RESULT: {"script":"<script> [1562 bytes]","args":[{"selector":{"id":"application-managesites-display-component---NewSite--addressDetailDetailsCountry-arrow"},"wdio_ui5_key":"applicationmanagesites-display-component---NewSite--addressDetailDetailsCountry-arrow"}]}
RESULT: undefined
COMMAND: POST /session/d53f532480bfbfa72ae7ae5ef7ef8f5b/element - {"using":"xpath","value":"//*[@id=\"application-managesites-display-component---NewSite--addressDetailDetailsCountry-arrow\"]"}
RESULT: {"using":"xpath","value":"//*[@id=\"application-managesites-display-component---NewSite--addressDetailDetailsCountry-arrow\"]"}
COMMAND: POST /session/d53f532480bfbfa72ae7ae5ef7ef8f5b/element/f.9714F2348D0A698B9780435C77649C65.d.A3BB4A8A2C7D42E5C4BD4A85D244F7E9.e.8876/click - {}
RESULT: {}
COMMAND: POST /session/d53f532480bfbfa72ae7ae5ef7ef8f5b/element - {"using":"xpath","value":"//span[contains(text(), \"Argentina\")]"}
COMMAND: GET /session/d53f532480bfbfa72ae7ae5ef7ef8f5b/screenshot - {}
RESULT: {"using":"xpath","value":"//span[contains(text(), \"Argentina\")]"}
COMMAND: POST /session/d53f532480bfbfa72ae7ae5ef7ef8f5b/element/f.9714F2348D0A698B9780435C77649C65.d.A3BB4A8A2C7D42E5C4BD4A85D244F7E9.e.8878/click - {}
RESULT: {}
RESULT: {}
COMMAND: GET /session/d53f532480bfbfa72ae7ae5ef7ef8f5b/screenshot - {}
RESULT: {}
COMMAND: POST /session/d53f532480bfbfa72ae7ae5ef7ef8f5b/execute/async - {"script":"<script> [1562 bytes]","args":[{"selector":{"id":"application-managesites-display-component---NewSite--addressEditDetailsCostObjectCstType-arrow"},"wdio_ui5_key":"applicationmanagesites-display-component---NewSite--addressEditDetailsCostObjectCstType-arrow"}]}
RESULT: {"script":"<script> [1562 bytes]","args":[{"selector":{"id":"application-managesites-display-component---NewSite--addressEditDetailsCostObjectCstType-arrow"},"wdio_ui5_key":"applicationmanagesites-display-component---NewSite--addressEditDetailsCostObjectCstType-arrow"}]}
RESULT: undefined
COMMAND: POST /session/d53f532480bfbfa72ae7ae5ef7ef8f5b/element - {"using":"xpath","value":"//*[@id=\"application-managesites-display-component---NewSite--addressEditDetailsCostObjectCstType-arrow\"]"}
RESULT: {"using":"xpath","value":"//*[@id=\"application-managesites-display-component---NewSite--addressEditDetailsCostObjectCstType-arrow\"]"}
COMMAND: POST /session/d53f532480bfbfa72ae7ae5ef7ef8f5b/element/f.9714F2348D0A698B9780435C77649C65.d.A3BB4A8A2C7D42E5C4BD4A85D244F7E9.e.8879/click - {}
RESULT: {}
COMMAND: POST /session/d53f532480bfbfa72ae7ae5ef7ef8f5b/element - {"using":"xpath","value":"//span[contains(text(), \"Cost Center\")]"}
COMMAND: GET /session/d53f532480bfbfa72ae7ae5ef7ef8f5b/screenshot - {}
RESULT: {"using":"xpath","value":"//span[contains(text(), \"Cost Center\")]"}
COMMAND: POST /session/d53f532480bfbfa72ae7ae5ef7ef8f5b/element/f.9714F2348D0A698B9780435C77649C65.d.A3BB4A8A2C7D42E5C4BD4A85D244F7E9.e.8880/click - {}
RESULT: {}
RESULT: {}
COMMAND: GET /session/d53f532480bfbfa72ae7ae5ef7ef8f5b/screenshot - {}
RESULT: {}
COMMAND: POST /session/d53f532480bfbfa72ae7ae5ef7ef8f5b/element - {"using":"xpath","value":"//span[@id=\"application-managesites-display-component---NewSite--addressNewCostObjectCstID-vhi\"]"}
RESULT: {"using":"xpath","value":"//span[@id=\"application-managesites-display-component---NewSite--addressNewCostObjectCstID-vhi\"]"}
COMMAND: POST /session/d53f532480bfbfa72ae7ae5ef7ef8f5b/execute/sync - {"script":"<script> [8489 bytes]","args":[{"element-6066-11e4-a52e-4f735466cecf":"f.9714F2348D0A698B9780435C77649C65.d.A3BB4A8A2C7D42E5C4BD4A85D244F7E9.e.8884","ELEMENT":"f.9714F2348D0A698B9780435C77649C65.d.A3BB4A8A2C7D42E5C4BD4A85D244F7E9.e.8884"}]}
RESULT: {"script":"<script> [8489 bytes]","args":[{"element-6066-11e4-a52e-4f735466cecf":"f.9714F2348D0A698B9780435C77649C65.d.A3BB4A8A2C7D42E5C4BD4A85D244F7E9.e.8884","ELEMENT":"f.9714F2348D0A698B9780435C77649C65.d.A3BB4A8A2C7D42E5C4BD4A85D244F7E9.e.8884"}]}
COMMAND: POST /session/d53f532480bfbfa72ae7ae5ef7ef8f5b/execute/async - {"script":"<script> [1562 bytes]","args":[{"selector":{"id":"application-managesites-display-component---NewSite--addressNewCostObjectCstID-vhi"},"wdio_ui5_key":"applicationmanagesites-display-component---NewSite--addressNewCostObjectCstID-vhi"}]}
COMMAND: GET /session/d53f532480bfbfa72ae7ae5ef7ef8f5b/screenshot - {}
RESULT: {"script":"<script> [1562 bytes]","args":[{"selector":{"id":"application-managesites-display-component---NewSite--addressNewCostObjectCstID-vhi"},"wdio_ui5_key":"applicationmanagesites-display-component---NewSite--addressNewCostObjectCstID-vhi"}]}
RESULT: undefined
COMMAND: POST /session/d53f532480bfbfa72ae7ae5ef7ef8f5b/element - {"using":"xpath","value":"//*[@id=\"application-managesites-display-component---NewSite--addressNewCostObjectCstID-vhi\"]"}
RESULT: {}
RESULT: {"using":"xpath","value":"//*[@id=\"application-managesites-display-component---NewSite--addressNewCostObjectCstID-vhi\"]"}
COMMAND: POST /session/d53f532480bfbfa72ae7ae5ef7ef8f5b/element/f.9714F2348D0A698B9780435C77649C65.d.A3BB4A8A2C7D42E5C4BD4A85D244F7E9.e.8884/click - {}
RESULT: {}
COMMAND: GET /session/d53f532480bfbfa72ae7ae5ef7ef8f5b/screenshot - {}
RESULT: {}
RESULT: undefined
COMMAND: POST /session/d53f532480bfbfa72ae7ae5ef7ef8f5b/execute/async - {"script":"<script> [776 bytes]","args":[{"enterText":"10001013","selector":{"controlType":"sap.m.SearchField","properties":{"placeholder":"Search"},"searchOpenDialogs":true,"interaction":{"idSuffix":"I"}},"clearTextFirst":true,"interactionType":"ENTER_TEXT"}]}
RESULT: {"script":"<script> [776 bytes]","args":[{"enterText":"10001013","selector":{"controlType":"sap.m.SearchField","properties":{"placeholder":"Search"},"searchOpenDialogs":true,"interaction":{"idSuffix":"I"}},"clearTextFirst":true,"interactionType":"ENTER_TEXT"}]}
COMMAND: POST /session/d53f532480bfbfa72ae7ae5ef7ef8f5b/actions - {"actions":[{"id":"action27","type":"key","parameters":{},"actions":[{"type":"keyDown","value":""},{"type":"pause","duration":10},{"type":"keyUp","value":""}]}]}
RESULT: {"actions":[{"id":"action27","type":"key","parameters":{},"actions":[{"type":"keyDown","value":""},{"type":"pause","duration":10},{"type":"keyUp","value":""}]}]}
COMMAND: GET /session/d53f532480bfbfa72ae7ae5ef7ef8f5b/screenshot - {}
RESULT: {}
COMMAND: POST /session/d53f532480bfbfa72ae7ae5ef7ef8f5b/element - {"using":"xpath","value":"//span[contains(text(), \"General Management\")]"}
RESULT: {"using":"xpath","value":"//span[contains(text(), \"General Management\")]"}
COMMAND: POST /session/d53f532480bfbfa72ae7ae5ef7ef8f5b/element/f.9714F2348D0A698B9780435C77649C65.d.A3BB4A8A2C7D42E5C4BD4A85D244F7E9.e.8923/click - {}
RESULT: {}
COMMAND: GET /session/d53f532480bfbfa72ae7ae5ef7ef8f5b/screenshot - {}
RESULT: {}
COMMAND: POST /session/d53f532480bfbfa72ae7ae5ef7ef8f5b/element - {"using":"xpath","value":"//bdi[contains(text(), \"OK\")]"}
RESULT: {"using":"xpath","value":"//bdi[contains(text(), \"OK\")]"}
COMMAND: POST /session/d53f532480bfbfa72ae7ae5ef7ef8f5b/element/f.9714F2348D0A698B9780435C77649C65.d.A3BB4A8A2C7D42E5C4BD4A85D244F7E9.e.8924/click - {}
RESULT: {}
COMMAND: GET /session/d53f532480bfbfa72ae7ae5ef7ef8f5b/screenshot - {}
RESULT: {}
COMMAND: POST /session/d53f532480bfbfa72ae7ae5ef7ef8f5b/element - {"using":"xpath","value":"//input[@id=\"application-managesites-display-component---NewSite--addressDetailDetailsCalendar-inner\"]"}
RESULT: {"using":"xpath","value":"//input[@id=\"application-managesites-display-component---NewSite--addressDetailDetailsCalendar-inner\"]"}
COMMAND: POST /session/d53f532480bfbfa72ae7ae5ef7ef8f5b/element/f.9714F2348D0A698B9780435C77649C65.d.A3BB4A8A2C7D42E5C4BD4A85D244F7E9.e.8667/clear - {}
RESULT: {}
COMMAND: POST /session/d53f532480bfbfa72ae7ae5ef7ef8f5b/element/f.9714F2348D0A698B9780435C77649C65.d.A3BB4A8A2C7D42E5C4BD4A85D244F7E9.e.8667/value - {"text":"Unit"}
COMMAND: GET /session/d53f532480bfbfa72ae7ae5ef7ef8f5b/screenshot - {}
RESULT: {"text":"Unit"}
COMMAND: GET /session/d53f532480bfbfa72ae7ae5ef7ef8f5b/screenshot - {}
RESULT: {}
RESULT: {}
COMMAND: POST /session/d53f532480bfbfa72ae7ae5ef7ef8f5b/actions - {"actions":[{"id":"action28","type":"key","parameters":{},"actions":[{"type":"keyDown","value":""},{"type":"pause","duration":10},{"type":"keyUp","value":""}]}]}
RESULT: {"actions":[{"id":"action28","type":"key","parameters":{},"actions":[{"type":"keyDown","value":""},{"type":"pause","duration":10},{"type":"keyUp","value":""}]}]}
COMMAND: POST /session/d53f532480bfbfa72ae7ae5ef7ef8f5b/element - {"using":"xpath","value":"//input[@id=\"application-managesites-display-component---NewSite--addressDetailDetailsYard-inner\"]"}
COMMAND: GET /session/d53f532480bfbfa72ae7ae5ef7ef8f5b/screenshot - {}
RESULT: {"using":"xpath","value":"//input[@id=\"application-managesites-display-component---NewSite--addressDetailDetailsYard-inner\"]"}
COMMAND: POST /session/d53f532480bfbfa72ae7ae5ef7ef8f5b/element/f.9714F2348D0A698B9780435C77649C65.d.A3BB4A8A2C7D42E5C4BD4A85D244F7E9.e.8668/clear - {}
RESULT: {}
RESULT: {}
COMMAND: POST /session/d53f532480bfbfa72ae7ae5ef7ef8f5b/element/f.9714F2348D0A698B9780435C77649C65.d.A3BB4A8A2C7D42E5C4BD4A85D244F7E9.e.8668/value - {"text":"713"}
COMMAND: GET /session/d53f532480bfbfa72ae7ae5ef7ef8f5b/screenshot - {}
RESULT: {"text":"713"}
COMMAND: GET /session/d53f532480bfbfa72ae7ae5ef7ef8f5b/screenshot - {}
RESULT: {}
RESULT: {}
COMMAND: POST /session/d53f532480bfbfa72ae7ae5ef7ef8f5b/element - {"using":"xpath","value":"//li[.//span[text()='713']]"}
RESULT: {"using":"xpath","value":"//li[.//span[text()='713']]"}
COMMAND: POST /session/d53f532480bfbfa72ae7ae5ef7ef8f5b/element/f.9714F2348D0A698B9780435C77649C65.d.A3BB4A8A2C7D42E5C4BD4A85D244F7E9.e.8932/click - {}
RESULT: {}
COMMAND: GET /session/d53f532480bfbfa72ae7ae5ef7ef8f5b/screenshot - {}
RESULT: {}
COMMAND: POST /session/d53f532480bfbfa72ae7ae5ef7ef8f5b/element - {"using":"xpath","value":"//input[@id=\"application-managesites-display-component---NewSite--addressDetailDetailsPartner-inner\"]"}
RESULT: {"using":"xpath","value":"//input[@id=\"application-managesites-display-component---NewSite--addressDetailDetailsPartner-inner\"]"}
COMMAND: POST /session/d53f532480bfbfa72ae7ae5ef7ef8f5b/element - {"using":"xpath","value":"//input[@id=\"application-managesites-display-component---NewSite--addressDetailDetailsPartner-inner\"]"}
RESULT: {"using":"xpath","value":"//input[@id=\"application-managesites-display-component---NewSite--addressDetailDetailsPartner-inner\"]"}
COMMAND: POST /session/d53f532480bfbfa72ae7ae5ef7ef8f5b/element - {"using":"xpath","value":"//button[@data-kt=\"saveButton\"]"}
RESULT: {"using":"xpath","value":"//button[@data-kt=\"saveButton\"]"}
COMMAND: POST /session/d53f532480bfbfa72ae7ae5ef7ef8f5b/element/f.9714F2348D0A698B9780435C77649C65.d.A3BB4A8A2C7D42E5C4BD4A85D244F7E9.e.8816/click - {}
RESULT: {}
COMMAND: GET /session/d53f532480bfbfa72ae7ae5ef7ef8f5b/screenshot - {}
RESULT: {}
COMMAND: POST /session/d53f532480bfbfa72ae7ae5ef7ef8f5b/element - {"using":"xpath","value":"//header[contains(@id, 'ObjectPageLayout-headerTitle')]/div[1]/div[2]/div[2]/span[1]"}
RESULT: {"using":"xpath","value":"//header[contains(@id, 'ObjectPageLayout-headerTitle')]/div[1]/div[2]/div[2]/span[1]"}
COMMAND: POST /session/d53f532480bfbfa72ae7ae5ef7ef8f5b/elements - {"using":"xpath","value":"//header[contains(@id, 'ObjectPageLayout-headerTitle')]/div[1]/div[2]/div[2]/span[1]"}
RESULT: {"using":"xpath","value":"//header[contains(@id, 'ObjectPageLayout-headerTitle')]/div[1]/div[2]/div[2]/span[1]"}
COMMAND: POST /session/d53f532480bfbfa72ae7ae5ef7ef8f5b/execute/sync - {"script":"<script> [56 bytes]","args":[{"element-6066-11e4-a52e-4f735466cecf":"f.9714F2348D0A698B9780435C77649C65.d.A3BB4A8A2C7D42E5C4BD4A85D244F7E9.e.9132","ELEMENT":"f.9714F2348D0A698B9780435C77649C65.d.A3BB4A8A2C7D42E5C4BD4A85D244F7E9.e.9132"}]}
RESULT: {"script":"<script> [56 bytes]","args":[{"element-6066-11e4-a52e-4f735466cecf":"f.9714F2348D0A698B9780435C77649C65.d.A3BB4A8A2C7D42E5C4BD4A85D244F7E9.e.9132","ELEMENT":"f.9714F2348D0A698B9780435C77649C65.d.A3BB4A8A2C7D42E5C4BD4A85D244F7E9.e.9132"}]}
COMMAND: POST /session/d53f532480bfbfa72ae7ae5ef7ef8f5b/element - {"using":"css selector","value":"#shell-header-logo"}
COMMAND: GET /session/d53f532480bfbfa72ae7ae5ef7ef8f5b/screenshot - {}
RESULT: {"using":"css selector","value":"#shell-header-logo"}
COMMAND: POST /session/d53f532480bfbfa72ae7ae5ef7ef8f5b/element/f.9714F2348D0A698B9780435C77649C65.d.A3BB4A8A2C7D42E5C4BD4A85D244F7E9.e.8217/click - {}
RESULT: {}
RESULT: {}
COMMAND: GET /session/d53f532480bfbfa72ae7ae5ef7ef8f5b/screenshot - {}
RESULT: {}
COMMAND: POST /session/d53f532480bfbfa72ae7ae5ef7ef8f5b/execute/sync - {"script":"<script> [299 bytes]","args":[["getModel","getResource"]]}
RESULT: {"script":"<script> [299 bytes]","args":[["getModel","getResource"]]}
]]></system-out>
    </testcase>
    <testcase classname="chrome.135_0_7049_42.windows.Billing_Transfer_-_Intracompany_US127249" name="Should create a new equipment" time="113.248">
      <system-out><![CDATA[
COMMAND: GET /session/d53f532480bfbfa72ae7ae5ef7ef8f5b/screenshot - {}
COMMAND: POST /session/d53f532480bfbfa72ae7ae5ef7ef8f5b/execute/async - {"script":"<script> [1562 bytes]","args":[{"selector":{"controlType":"sap.m.GenericTile","properties":{"header":"Manage Resources"}},"wdio_ui5_key":"sapm.GenericTile{\"header\":\"Manage Resources\"}"}]}
RESULT: {}
RESULT: {"script":"<script> [1562 bytes]","args":[{"selector":{"controlType":"sap.m.GenericTile","properties":{"header":"Manage Resources"}},"wdio_ui5_key":"sapm.GenericTile{\"header\":\"Manage Resources\"}"}]}
RESULT: undefined
COMMAND: POST /session/d53f532480bfbfa72ae7ae5ef7ef8f5b/element - {"using":"xpath","value":"//*[@id=\"__tile39\"]"}
RESULT: {"using":"xpath","value":"//*[@id=\"__tile39\"]"}
COMMAND: POST /session/d53f532480bfbfa72ae7ae5ef7ef8f5b/element/f.9714F2348D0A698B9780435C77649C65.d.A3BB4A8A2C7D42E5C4BD4A85D244F7E9.e.6582/click - {}
RESULT: {}
COMMAND: POST /session/d53f532480bfbfa72ae7ae5ef7ef8f5b/element - {"using":"xpath","value":"//button[@data-kt=\"addNewRUOverflowToolbarButton\"]"}
COMMAND: GET /session/d53f532480bfbfa72ae7ae5ef7ef8f5b/screenshot - {}
RESULT: {"using":"xpath","value":"//button[@data-kt=\"addNewRUOverflowToolbarButton\"]"}
COMMAND: POST /session/d53f532480bfbfa72ae7ae5ef7ef8f5b/elements - {"using":"xpath","value":"//button[@data-kt=\"addNewRUOverflowToolbarButton\"]"}
RESULT: undefined
RESULT: undefined
RESULT: {}
RESULT: {"using":"xpath","value":"//button[@data-kt=\"addNewRUOverflowToolbarButton\"]"}
COMMAND: POST /session/d53f532480bfbfa72ae7ae5ef7ef8f5b/elements - {"using":"xpath","value":"//button[@data-kt=\"addNewRUOverflowToolbarButton\"]"}
RESULT: {"using":"xpath","value":"//button[@data-kt=\"addNewRUOverflowToolbarButton\"]"}
COMMAND: POST /session/d53f532480bfbfa72ae7ae5ef7ef8f5b/element - {"using":"xpath","value":"//button[@data-kt=\"addNewRUOverflowToolbarButton\"]"}
RESULT: {"using":"xpath","value":"//button[@data-kt=\"addNewRUOverflowToolbarButton\"]"}
COMMAND: POST /session/d53f532480bfbfa72ae7ae5ef7ef8f5b/execute/sync - {"script":"<script> [8489 bytes]","args":[{"element-6066-11e4-a52e-4f735466cecf":"f.9714F2348D0A698B9780435C77649C65.d.A3BB4A8A2C7D42E5C4BD4A85D244F7E9.e.9163","ELEMENT":"f.9714F2348D0A698B9780435C77649C65.d.A3BB4A8A2C7D42E5C4BD4A85D244F7E9.e.9163"}]}
RESULT: {"script":"<script> [8489 bytes]","args":[{"element-6066-11e4-a52e-4f735466cecf":"f.9714F2348D0A698B9780435C77649C65.d.A3BB4A8A2C7D42E5C4BD4A85D244F7E9.e.9163","ELEMENT":"f.9714F2348D0A698B9780435C77649C65.d.A3BB4A8A2C7D42E5C4BD4A85D244F7E9.e.9163"}]}
COMMAND: GET /session/d53f532480bfbfa72ae7ae5ef7ef8f5b/element/f.9714F2348D0A698B9780435C77649C65.d.A3BB4A8A2C7D42E5C4BD4A85D244F7E9.e.9163/enabled - {}
COMMAND: GET /session/d53f532480bfbfa72ae7ae5ef7ef8f5b/screenshot - {}
RESULT: {}
COMMAND: POST /session/d53f532480bfbfa72ae7ae5ef7ef8f5b/execute/sync - {"script":"<script> [8489 bytes]","args":[{"element-6066-11e4-a52e-4f735466cecf":"f.9714F2348D0A698B9780435C77649C65.d.A3BB4A8A2C7D42E5C4BD4A85D244F7E9.e.9163","ELEMENT":"f.9714F2348D0A698B9780435C77649C65.d.A3BB4A8A2C7D42E5C4BD4A85D244F7E9.e.9163"}]}
COMMAND: GET /session/d53f532480bfbfa72ae7ae5ef7ef8f5b/screenshot - {}
RESULT: {}
RESULT: {"script":"<script> [8489 bytes]","args":[{"element-6066-11e4-a52e-4f735466cecf":"f.9714F2348D0A698B9780435C77649C65.d.A3BB4A8A2C7D42E5C4BD4A85D244F7E9.e.9163","ELEMENT":"f.9714F2348D0A698B9780435C77649C65.d.A3BB4A8A2C7D42E5C4BD4A85D244F7E9.e.9163"}]}
COMMAND: POST /session/d53f532480bfbfa72ae7ae5ef7ef8f5b/execute/sync - {"script":"<script> [5351 bytes]","args":[{"element-6066-11e4-a52e-4f735466cecf":"f.9714F2348D0A698B9780435C77649C65.d.A3BB4A8A2C7D42E5C4BD4A85D244F7E9.e.9163","ELEMENT":"f.9714F2348D0A698B9780435C77649C65.d.A3BB4A8A2C7D42E5C4BD4A85D244F7E9.e.9163"}]}
COMMAND: GET /session/d53f532480bfbfa72ae7ae5ef7ef8f5b/screenshot - {}
RESULT: {}
RESULT: {"script":"<script> [5351 bytes]","args":[{"element-6066-11e4-a52e-4f735466cecf":"f.9714F2348D0A698B9780435C77649C65.d.A3BB4A8A2C7D42E5C4BD4A85D244F7E9.e.9163","ELEMENT":"f.9714F2348D0A698B9780435C77649C65.d.A3BB4A8A2C7D42E5C4BD4A85D244F7E9.e.9163"}]}
COMMAND: POST /session/d53f532480bfbfa72ae7ae5ef7ef8f5b/element/f.9714F2348D0A698B9780435C77649C65.d.A3BB4A8A2C7D42E5C4BD4A85D244F7E9.e.9163/click - {}
COMMAND: GET /session/d53f532480bfbfa72ae7ae5ef7ef8f5b/screenshot - {}
RESULT: {}
RESULT: {}
RESULT: {}
COMMAND: GET /session/d53f532480bfbfa72ae7ae5ef7ef8f5b/screenshot - {}
RESULT: {}
COMMAND: POST /session/d53f532480bfbfa72ae7ae5ef7ef8f5b/execute/async - {"script":"<script> [1562 bytes]","args":[{"selector":{"id":"application-manageresources-display-component---newResourceUnit--TYPE-arrow"},"wdio_ui5_key":"applicationmanageresources-display-component---newResourceUnit--TYPE-arrow"}]}
RESULT: {"script":"<script> [1562 bytes]","args":[{"selector":{"id":"application-manageresources-display-component---newResourceUnit--TYPE-arrow"},"wdio_ui5_key":"applicationmanageresources-display-component---newResourceUnit--TYPE-arrow"}]}
RESULT: undefined
COMMAND: POST /session/d53f532480bfbfa72ae7ae5ef7ef8f5b/element - {"using":"xpath","value":"//*[@id=\"application-manageresources-display-component---newResourceUnit--TYPE-arrow\"]"}
RESULT: {"using":"xpath","value":"//*[@id=\"application-manageresources-display-component---newResourceUnit--TYPE-arrow\"]"}
COMMAND: POST /session/d53f532480bfbfa72ae7ae5ef7ef8f5b/element/f.9714F2348D0A698B9780435C77649C65.d.A3BB4A8A2C7D42E5C4BD4A85D244F7E9.e.9332/click - {}
RESULT: {}
COMMAND: POST /session/d53f532480bfbfa72ae7ae5ef7ef8f5b/element - {"using":"xpath","value":"//input[@id=\"application-manageresources-display-component---newResourceUnit--TYPE-inner\"]"}
COMMAND: GET /session/d53f532480bfbfa72ae7ae5ef7ef8f5b/screenshot - {}
RESULT: {"using":"xpath","value":"//input[@id=\"application-manageresources-display-component---newResourceUnit--TYPE-inner\"]"}
COMMAND: POST /session/d53f532480bfbfa72ae7ae5ef7ef8f5b/element/f.9714F2348D0A698B9780435C77649C65.d.A3BB4A8A2C7D42E5C4BD4A85D244F7E9.e.9218/clear - {}
RESULT: {}
RESULT: {}
COMMAND: POST /session/d53f532480bfbfa72ae7ae5ef7ef8f5b/element/f.9714F2348D0A698B9780435C77649C65.d.A3BB4A8A2C7D42E5C4BD4A85D244F7E9.e.9218/value - {"text":"Equipment"}
COMMAND: GET /session/d53f532480bfbfa72ae7ae5ef7ef8f5b/screenshot - {}
RESULT: {"text":"Equipment"}
COMMAND: GET /session/d53f532480bfbfa72ae7ae5ef7ef8f5b/screenshot - {}
RESULT: {}
RESULT: {}
COMMAND: POST /session/d53f532480bfbfa72ae7ae5ef7ef8f5b/actions - {"actions":[{"id":"action29","type":"key","parameters":{},"actions":[{"type":"keyDown","value":""},{"type":"pause","duration":10},{"type":"keyUp","value":""}]}]}
RESULT: {"actions":[{"id":"action29","type":"key","parameters":{},"actions":[{"type":"keyDown","value":""},{"type":"pause","duration":10},{"type":"keyUp","value":""}]}]}
COMMAND: POST /session/d53f532480bfbfa72ae7ae5ef7ef8f5b/execute/async - {"script":"<script> [1562 bytes]","args":[{"selector":{"id":"application-manageresources-display-component---newResourceUnit--resourceId","interaction":{"idSuffix":"inner"}},"wdio_ui5_key":"applicationmanageresources-display-component---newResourceUnit--resourceId"}]}
COMMAND: GET /session/d53f532480bfbfa72ae7ae5ef7ef8f5b/screenshot - {}
RESULT: {"script":"<script> [1562 bytes]","args":[{"selector":{"id":"application-manageresources-display-component---newResourceUnit--resourceId","interaction":{"idSuffix":"inner"}},"wdio_ui5_key":"applicationmanageresources-display-component---newResourceUnit--resourceId"}]}
RESULT: undefined
COMMAND: POST /session/d53f532480bfbfa72ae7ae5ef7ef8f5b/execute/async - {"script":"<script> [776 bytes]","args":[{"enterText":"lNgvrvLAzS","selector":{"id":"application-manageresources-display-component---newResourceUnit--resourceId","interaction":{"idSuffix":"inner"}},"clearTextFirst":true,"interactionType":"ENTER_TEXT"}]}
RESULT: {}
RESULT: {"script":"<script> [776 bytes]","args":[{"enterText":"lNgvrvLAzS","selector":{"id":"application-manageresources-display-component---newResourceUnit--resourceId","interaction":{"idSuffix":"inner"}},"clearTextFirst":true,"interactionType":"ENTER_TEXT"}]}
COMMAND: POST /session/d53f532480bfbfa72ae7ae5ef7ef8f5b/execute/async - {"script":"<script> [1562 bytes]","args":[{"selector":{"id":"application-manageresources-display-component---newResourceUnit--SHORT_TEXT","interaction":{"idSuffix":"inner"}},"wdio_ui5_key":"applicationmanageresources-display-component---newResourceUnit--SHORT_TEXT"}]}
RESULT: {"script":"<script> [1562 bytes]","args":[{"selector":{"id":"application-manageresources-display-component---newResourceUnit--SHORT_TEXT","interaction":{"idSuffix":"inner"}},"wdio_ui5_key":"applicationmanageresources-display-component---newResourceUnit--SHORT_TEXT"}]}
RESULT: undefined
COMMAND: POST /session/d53f532480bfbfa72ae7ae5ef7ef8f5b/execute/async - {"script":"<script> [776 bytes]","args":[{"enterText":"Intercompany Equipment WDIO","selector":{"id":"application-manageresources-display-component---newResourceUnit--SHORT_TEXT","interaction":{"idSuffix":"inner"}},"clearTextFirst":true,"interactionType":"ENTER_TEXT"}]}
RESULT: {"script":"<script> [776 bytes]","args":[{"enterText":"Intercompany Equipment WDIO","selector":{"id":"application-manageresources-display-component---newResourceUnit--SHORT_TEXT","interaction":{"idSuffix":"inner"}},"clearTextFirst":true,"interactionType":"ENTER_TEXT"}]}
COMMAND: POST /session/d53f532480bfbfa72ae7ae5ef7ef8f5b/execute/async - {"script":"<script> [1562 bytes]","args":[{"selector":{"id":"application-manageresources-display-component---newResourceUnit--BASE_UNIT_OF_MEASURE","interaction":{"idSuffix":"inner"}},"wdio_ui5_key":"applicationmanageresources-display-component---newResourceUnit--BASE_UNIT_OF_MEASURE"}]}
RESULT: {"script":"<script> [1562 bytes]","args":[{"selector":{"id":"application-manageresources-display-component---newResourceUnit--BASE_UNIT_OF_MEASURE","interaction":{"idSuffix":"inner"}},"wdio_ui5_key":"applicationmanageresources-display-component---newResourceUnit--BASE_UNIT_OF_MEASURE"}]}
RESULT: undefined
COMMAND: POST /session/d53f532480bfbfa72ae7ae5ef7ef8f5b/execute/async - {"script":"<script> [776 bytes]","args":[{"enterText":"Piece","selector":{"id":"application-manageresources-display-component---newResourceUnit--BASE_UNIT_OF_MEASURE","interaction":{"idSuffix":"inner"}},"clearTextFirst":true,"interactionType":"ENTER_TEXT"}]}
RESULT: {"script":"<script> [776 bytes]","args":[{"enterText":"Piece","selector":{"id":"application-manageresources-display-component---newResourceUnit--BASE_UNIT_OF_MEASURE","interaction":{"idSuffix":"inner"}},"clearTextFirst":true,"interactionType":"ENTER_TEXT"}]}
COMMAND: POST /session/d53f532480bfbfa72ae7ae5ef7ef8f5b/execute/async - {"script":"<script> [1562 bytes]","args":[{"selector":{"id":"application-manageresources-display-component---newResourceUnit--WEIGHT_UNIT","interaction":{"idSuffix":"inner"}},"wdio_ui5_key":"applicationmanageresources-display-component---newResourceUnit--WEIGHT_UNIT"}]}
RESULT: {"script":"<script> [1562 bytes]","args":[{"selector":{"id":"application-manageresources-display-component---newResourceUnit--WEIGHT_UNIT","interaction":{"idSuffix":"inner"}},"wdio_ui5_key":"applicationmanageresources-display-component---newResourceUnit--WEIGHT_UNIT"}]}
RESULT: undefined
COMMAND: POST /session/d53f532480bfbfa72ae7ae5ef7ef8f5b/execute/async - {"script":"<script> [776 bytes]","args":[{"enterText":"Gram","selector":{"id":"application-manageresources-display-component---newResourceUnit--WEIGHT_UNIT","interaction":{"idSuffix":"inner"}},"clearTextFirst":true,"interactionType":"ENTER_TEXT"}]}
RESULT: {"script":"<script> [776 bytes]","args":[{"enterText":"Gram","selector":{"id":"application-manageresources-display-component---newResourceUnit--WEIGHT_UNIT","interaction":{"idSuffix":"inner"}},"clearTextFirst":true,"interactionType":"ENTER_TEXT"}]}
COMMAND: POST /session/d53f532480bfbfa72ae7ae5ef7ef8f5b/execute/async - {"script":"<script> [1562 bytes]","args":[{"selector":{"id":"application-manageresources-display-component---newResourceUnit--DIMENSION_UNIT","interaction":{"idSuffix":"inner"}},"wdio_ui5_key":"applicationmanageresources-display-component---newResourceUnit--DIMENSION_UNIT"}]}
RESULT: {"script":"<script> [1562 bytes]","args":[{"selector":{"id":"application-manageresources-display-component---newResourceUnit--DIMENSION_UNIT","interaction":{"idSuffix":"inner"}},"wdio_ui5_key":"applicationmanageresources-display-component---newResourceUnit--DIMENSION_UNIT"}]}
RESULT: undefined
COMMAND: POST /session/d53f532480bfbfa72ae7ae5ef7ef8f5b/execute/async - {"script":"<script> [776 bytes]","args":[{"enterText":"Meter","selector":{"id":"application-manageresources-display-component---newResourceUnit--DIMENSION_UNIT","interaction":{"idSuffix":"inner"}},"clearTextFirst":true,"interactionType":"ENTER_TEXT"}]}
RESULT: {"script":"<script> [776 bytes]","args":[{"enterText":"Meter","selector":{"id":"application-manageresources-display-component---newResourceUnit--DIMENSION_UNIT","interaction":{"idSuffix":"inner"}},"clearTextFirst":true,"interactionType":"ENTER_TEXT"}]}
COMMAND: POST /session/d53f532480bfbfa72ae7ae5ef7ef8f5b/execute/async - {"script":"<script> [1562 bytes]","args":[{"selector":{"id":"application-manageresources-display-component---newResourceUnit--newRRUPage-anchBar-application-manageresources-display-component---newResourceUnit--control-anchor","interaction":{"idSuffix":"BDI-content"}},"wdio_ui5_key":"applicationmanageresources-display-component---newResourceUnit--newRRUPage-anchBar-application-manageresources-display-component---newResourceUnit--control-anchor"}]}
RESULT: {"script":"<script> [1562 bytes]","args":[{"selector":{"id":"application-manageresources-display-component---newResourceUnit--newRRUPage-anchBar-application-manageresources-display-component---newResourceUnit--control-anchor","interaction":{"idSuffix":"BDI-content"}},"wdio_ui5_key":"applicationmanageresources-display-component---newResourceUnit--newRRUPage-anchBar-application-manageresources-display-component---newResourceUnit--control-anchor"}]}
RESULT: undefined
COMMAND: POST /session/d53f532480bfbfa72ae7ae5ef7ef8f5b/element - {"using":"xpath","value":"//*[@id=\"application-manageresources-display-component---newResourceUnit--newRRUPage-anchBar-application-manageresources-display-component---newResourceUnit--control-anchor\"]"}
RESULT: {"using":"xpath","value":"//*[@id=\"application-manageresources-display-component---newResourceUnit--newRRUPage-anchBar-application-manageresources-display-component---newResourceUnit--control-anchor\"]"}
COMMAND: POST /session/d53f532480bfbfa72ae7ae5ef7ef8f5b/element/f.9714F2348D0A698B9780435C77649C65.d.A3BB4A8A2C7D42E5C4BD4A85D244F7E9.e.9463/click - {}
RESULT: {}
COMMAND: POST /session/d53f532480bfbfa72ae7ae5ef7ef8f5b/execute/async - {"script":"<script> [1562 bytes]","args":[{"selector":{"id":"application-manageresources-display-component---newResourceUnit--PLANNING_GROUP","interaction":{"idSuffix":"inner"}},"wdio_ui5_key":"applicationmanageresources-display-component---newResourceUnit--PLANNING_GROUP"}]}
COMMAND: GET /session/d53f532480bfbfa72ae7ae5ef7ef8f5b/screenshot - {}
RESULT: {"script":"<script> [1562 bytes]","args":[{"selector":{"id":"application-manageresources-display-component---newResourceUnit--PLANNING_GROUP","interaction":{"idSuffix":"inner"}},"wdio_ui5_key":"applicationmanageresources-display-component---newResourceUnit--PLANNING_GROUP"}]}
RESULT: undefined
COMMAND: POST /session/d53f532480bfbfa72ae7ae5ef7ef8f5b/execute/async - {"script":"<script> [776 bytes]","args":[{"enterText":"Heavy Equi","selector":{"id":"application-manageresources-display-component---newResourceUnit--PLANNING_GROUP","interaction":{"idSuffix":"inner"}},"clearTextFirst":true,"interactionType":"ENTER_TEXT"}]}
RESULT: {}
RESULT: {"script":"<script> [776 bytes]","args":[{"enterText":"Heavy Equi","selector":{"id":"application-manageresources-display-component---newResourceUnit--PLANNING_GROUP","interaction":{"idSuffix":"inner"}},"clearTextFirst":true,"interactionType":"ENTER_TEXT"}]}
COMMAND: POST /session/d53f532480bfbfa72ae7ae5ef7ef8f5b/execute/async - {"script":"<script> [1562 bytes]","args":[{"selector":{"id":"application-manageresources-display-component---newResourceUnit--ITEM_TYPE-arrow"},"wdio_ui5_key":"applicationmanageresources-display-component---newResourceUnit--ITEM_TYPE-arrow"}]}
RESULT: {"script":"<script> [1562 bytes]","args":[{"selector":{"id":"application-manageresources-display-component---newResourceUnit--ITEM_TYPE-arrow"},"wdio_ui5_key":"applicationmanageresources-display-component---newResourceUnit--ITEM_TYPE-arrow"}]}
RESULT: undefined
COMMAND: POST /session/d53f532480bfbfa72ae7ae5ef7ef8f5b/element - {"using":"xpath","value":"//*[@id=\"application-manageresources-display-component---newResourceUnit--ITEM_TYPE-arrow\"]"}
RESULT: {"using":"xpath","value":"//*[@id=\"application-manageresources-display-component---newResourceUnit--ITEM_TYPE-arrow\"]"}
COMMAND: POST /session/d53f532480bfbfa72ae7ae5ef7ef8f5b/element/f.9714F2348D0A698B9780435C77649C65.d.A3BB4A8A2C7D42E5C4BD4A85D244F7E9.e.9470/click - {}
RESULT: {}
COMMAND: POST /session/d53f532480bfbfa72ae7ae5ef7ef8f5b/element - {"using":"xpath","value":"(//span[contains(text(), \"Resource Unit\")])[2]"}
COMMAND: GET /session/d53f532480bfbfa72ae7ae5ef7ef8f5b/screenshot - {}
RESULT: {"using":"xpath","value":"(//span[contains(text(), \"Resource Unit\")])[2]"}
COMMAND: POST /session/d53f532480bfbfa72ae7ae5ef7ef8f5b/element/f.9714F2348D0A698B9780435C77649C65.d.A3BB4A8A2C7D42E5C4BD4A85D244F7E9.e.9471/click - {}
RESULT: {}
RESULT: {}
COMMAND: GET /session/d53f532480bfbfa72ae7ae5ef7ef8f5b/screenshot - {}
RESULT: {}
COMMAND: POST /session/d53f532480bfbfa72ae7ae5ef7ef8f5b/element - {"using":"css selector","value":"#application-manageresources-display-component---newResourceUnit--btnAddTimeSegment"}
RESULT: {"using":"css selector","value":"#application-manageresources-display-component---newResourceUnit--btnAddTimeSegment"}
COMMAND: GET /session/d53f532480bfbfa72ae7ae5ef7ef8f5b/element/f.9714F2348D0A698B9780435C77649C65.d.A3BB4A8A2C7D42E5C4BD4A85D244F7E9.e.9472/rect - {}
RESULT: {}
COMMAND: GET /session/d53f532480bfbfa72ae7ae5ef7ef8f5b/window/rect - {}
RESULT: {}
COMMAND: POST /session/d53f532480bfbfa72ae7ae5ef7ef8f5b/execute/sync - {"script":"<script> [92 bytes]","args":[]}
RESULT: {"script":"<script> [92 bytes]","args":[]}
COMMAND: POST /session/d53f532480bfbfa72ae7ae5ef7ef8f5b/actions - {"actions":[{"id":"action30","type":"wheel","parameters":{},"actions":[{"type":"scroll","x":-1888,"y":-32,"deltaX":0,"deltaY":0,"duration":0,"origin":{"element-6066-11e4-a52e-4f735466cecf":"f.9714F2348D0A698B9780435C77649C65.d.A3BB4A8A2C7D42E5C4BD4A85D244F7E9.e.9472"}}]}]}
COMMAND: GET /session/d53f532480bfbfa72ae7ae5ef7ef8f5b/screenshot - {}
RESULT: {}
COMMAND: POST /session/d53f532480bfbfa72ae7ae5ef7ef8f5b/execute/sync - {"script":"<script> [79 bytes]","args":[{"element-6066-11e4-a52e-4f735466cecf":"f.9714F2348D0A698B9780435C77649C65.d.A3BB4A8A2C7D42E5C4BD4A85D244F7E9.e.9472","ELEMENT":"f.9714F2348D0A698B9780435C77649C65.d.A3BB4A8A2C7D42E5C4BD4A85D244F7E9.e.9472"},{"block":"start","inline":"nearest"}]}
RESULT: {"script":"<script> [79 bytes]","args":[{"element-6066-11e4-a52e-4f735466cecf":"f.9714F2348D0A698B9780435C77649C65.d.A3BB4A8A2C7D42E5C4BD4A85D244F7E9.e.9472","ELEMENT":"f.9714F2348D0A698B9780435C77649C65.d.A3BB4A8A2C7D42E5C4BD4A85D244F7E9.e.9472"},{"block":"start","inline":"nearest"}]}
COMMAND: POST /session/d53f532480bfbfa72ae7ae5ef7ef8f5b/execute/async - {"script":"<script> [1562 bytes]","args":[{"selector":{"id":"application-manageresources-display-component---newResourceUnit--btnAddTimeSegment","interaction":{"idSuffix":"inner"}},"wdio_ui5_key":"applicationmanageresources-display-component---newResourceUnit--btnAddTimeSegment"}]}
COMMAND: GET /session/d53f532480bfbfa72ae7ae5ef7ef8f5b/screenshot - {}
RESULT: {"script":"<script> [1562 bytes]","args":[{"selector":{"id":"application-manageresources-display-component---newResourceUnit--btnAddTimeSegment","interaction":{"idSuffix":"inner"}},"wdio_ui5_key":"applicationmanageresources-display-component---newResourceUnit--btnAddTimeSegment"}]}
RESULT: undefined
COMMAND: POST /session/d53f532480bfbfa72ae7ae5ef7ef8f5b/element - {"using":"xpath","value":"//*[@id=\"application-manageresources-display-component---newResourceUnit--btnAddTimeSegment\"]"}
RESULT: {}
RESULT: {"using":"xpath","value":"//*[@id=\"application-manageresources-display-component---newResourceUnit--btnAddTimeSegment\"]"}
COMMAND: POST /session/d53f532480bfbfa72ae7ae5ef7ef8f5b/element/f.9714F2348D0A698B9780435C77649C65.d.A3BB4A8A2C7D42E5C4BD4A85D244F7E9.e.9472/click - {}
RESULT: {}
COMMAND: GET /session/d53f532480bfbfa72ae7ae5ef7ef8f5b/screenshot - {}
RESULT: {}
COMMAND: POST /session/d53f532480bfbfa72ae7ae5ef7ef8f5b/element - {"using":"xpath","value":"//input[@id=\"application-manageresources-display-component---newResourceUnit--idRuTSAdmin-application-manageresources-display-component---newResourceUnit--RUTimeSegment-0-inner\"]"}
RESULT: {"using":"xpath","value":"//input[@id=\"application-manageresources-display-component---newResourceUnit--idRuTSAdmin-application-manageresources-display-component---newResourceUnit--RUTimeSegment-0-inner\"]"}
COMMAND: POST /session/d53f532480bfbfa72ae7ae5ef7ef8f5b/element/f.9714F2348D0A698B9780435C77649C65.d.A3BB4A8A2C7D42E5C4BD4A85D244F7E9.e.9478/clear - {}
RESULT: {}
COMMAND: POST /session/d53f532480bfbfa72ae7ae5ef7ef8f5b/element/f.9714F2348D0A698B9780435C77649C65.d.A3BB4A8A2C7D42E5C4BD4A85D244F7E9.e.9478/value - {"text":"713"}
COMMAND: GET /session/d53f532480bfbfa72ae7ae5ef7ef8f5b/screenshot - {}
RESULT: {"text":"713"}
COMMAND: GET /session/d53f532480bfbfa72ae7ae5ef7ef8f5b/screenshot - {}
RESULT: {}
RESULT: {}
COMMAND: POST /session/d53f532480bfbfa72ae7ae5ef7ef8f5b/element - {"using":"xpath","value":"//li[.//span[text()='713']]"}
RESULT: {"using":"xpath","value":"//li[.//span[text()='713']]"}
COMMAND: POST /session/d53f532480bfbfa72ae7ae5ef7ef8f5b/element/f.9714F2348D0A698B9780435C77649C65.d.A3BB4A8A2C7D42E5C4BD4A85D244F7E9.e.9490/click - {}
RESULT: {}
COMMAND: GET /session/d53f532480bfbfa72ae7ae5ef7ef8f5b/screenshot - {}
RESULT: {}
COMMAND: POST /session/d53f532480bfbfa72ae7ae5ef7ef8f5b/element - {"using":"xpath","value":"(//span[contains(@id, \"-application-manageresources-display-component---newResourceUnit--RUTimeSegment-0-arrow\")])[6]"}
RESULT: {"using":"xpath","value":"(//span[contains(@id, \"-application-manageresources-display-component---newResourceUnit--RUTimeSegment-0-arrow\")])[6]"}
COMMAND: POST /session/d53f532480bfbfa72ae7ae5ef7ef8f5b/element/f.9714F2348D0A698B9780435C77649C65.d.A3BB4A8A2C7D42E5C4BD4A85D244F7E9.e.9491/click - {}
RESULT: {}
COMMAND: POST /session/d53f532480bfbfa72ae7ae5ef7ef8f5b/element - {"using":"xpath","value":"//span[contains(text(), \"PM Order\")]"}
COMMAND: GET /session/d53f532480bfbfa72ae7ae5ef7ef8f5b/screenshot - {}
RESULT: {"using":"xpath","value":"//span[contains(text(), \"PM Order\")]"}
COMMAND: POST /session/d53f532480bfbfa72ae7ae5ef7ef8f5b/element/f.9714F2348D0A698B9780435C77649C65.d.A3BB4A8A2C7D42E5C4BD4A85D244F7E9.e.9494/click - {}
RESULT: {}
RESULT: {}
COMMAND: GET /session/d53f532480bfbfa72ae7ae5ef7ef8f5b/screenshot - {}
RESULT: {}
COMMAND: POST /session/d53f532480bfbfa72ae7ae5ef7ef8f5b/element - {"using":"xpath","value":"(//span[contains(@id ,\"manageresources-display-component---newResourceUnit--RUTimeSegment-0-vhi\")])[2]"}
RESULT: {"using":"xpath","value":"(//span[contains(@id ,\"manageresources-display-component---newResourceUnit--RUTimeSegment-0-vhi\")])[2]"}
COMMAND: POST /session/d53f532480bfbfa72ae7ae5ef7ef8f5b/element/f.9714F2348D0A698B9780435C77649C65.d.A3BB4A8A2C7D42E5C4BD4A85D244F7E9.e.9497/click - {}
RESULT: {}
COMMAND: GET /session/d53f532480bfbfa72ae7ae5ef7ef8f5b/screenshot - {}
RESULT: {}
RESULT: undefined
COMMAND: POST /session/d53f532480bfbfa72ae7ae5ef7ef8f5b/execute/async - {"script":"<script> [776 bytes]","args":[{"enterText":"4000360","selector":{"controlType":"sap.m.SearchField","properties":{"placeholder":"Search"},"searchOpenDialogs":true,"interaction":{"idSuffix":"I"}},"clearTextFirst":true,"interactionType":"ENTER_TEXT"}]}
RESULT: {"script":"<script> [776 bytes]","args":[{"enterText":"4000360","selector":{"controlType":"sap.m.SearchField","properties":{"placeholder":"Search"},"searchOpenDialogs":true,"interaction":{"idSuffix":"I"}},"clearTextFirst":true,"interactionType":"ENTER_TEXT"}]}
COMMAND: POST /session/d53f532480bfbfa72ae7ae5ef7ef8f5b/actions - {"actions":[{"id":"action31","type":"key","parameters":{},"actions":[{"type":"keyDown","value":""},{"type":"pause","duration":10},{"type":"keyUp","value":""}]}]}
RESULT: {"actions":[{"id":"action31","type":"key","parameters":{},"actions":[{"type":"keyDown","value":""},{"type":"pause","duration":10},{"type":"keyUp","value":""}]}]}
COMMAND: GET /session/d53f532480bfbfa72ae7ae5ef7ef8f5b/screenshot - {}
RESULT: {}
COMMAND: POST /session/d53f532480bfbfa72ae7ae5ef7ef8f5b/element - {"using":"xpath","value":"//td/div/span[contains(text(), \"BGL Vehicles\")]"}
RESULT: {"using":"xpath","value":"//td/div/span[contains(text(), \"BGL Vehicles\")]"}
COMMAND: POST /session/d53f532480bfbfa72ae7ae5ef7ef8f5b/element/f.9714F2348D0A698B9780435C77649C65.d.A3BB4A8A2C7D42E5C4BD4A85D244F7E9.e.9515/click - {}
RESULT: {}
COMMAND: GET /session/d53f532480bfbfa72ae7ae5ef7ef8f5b/screenshot - {}
RESULT: {}
COMMAND: POST /session/d53f532480bfbfa72ae7ae5ef7ef8f5b/element - {"using":"xpath","value":"//bdi[contains(text(), \"OK\")]"}
RESULT: {"using":"xpath","value":"//bdi[contains(text(), \"OK\")]"}
COMMAND: POST /session/d53f532480bfbfa72ae7ae5ef7ef8f5b/element/f.9714F2348D0A698B9780435C77649C65.d.A3BB4A8A2C7D42E5C4BD4A85D244F7E9.e.9516/click - {}
RESULT: {}
COMMAND: GET /session/d53f532480bfbfa72ae7ae5ef7ef8f5b/screenshot - {}
RESULT: {}
COMMAND: POST /session/d53f532480bfbfa72ae7ae5ef7ef8f5b/execute/async - {"script":"<script> [1562 bytes]","args":[{"selector":{"id":"application-manageresources-display-component---newResourceUnit--newRRUPage-anchBar-application-manageresources-display-component---newResourceUnit--resource-anchor","interaction":{"idSuffix":"BDI-content"}},"wdio_ui5_key":"applicationmanageresources-display-component---newResourceUnit--newRRUPage-anchBar-application-manageresources-display-component---newResourceUnit--resource-anchor"}]}
RESULT: {"script":"<script> [1562 bytes]","args":[{"selector":{"id":"application-manageresources-display-component---newResourceUnit--newRRUPage-anchBar-application-manageresources-display-component---newResourceUnit--resource-anchor","interaction":{"idSuffix":"BDI-content"}},"wdio_ui5_key":"applicationmanageresources-display-component---newResourceUnit--newRRUPage-anchBar-application-manageresources-display-component---newResourceUnit--resource-anchor"}]}
RESULT: undefined
COMMAND: POST /session/d53f532480bfbfa72ae7ae5ef7ef8f5b/element - {"using":"xpath","value":"//*[@id=\"application-manageresources-display-component---newResourceUnit--newRRUPage-anchBar-application-manageresources-display-component---newResourceUnit--resource-anchor\"]"}
RESULT: {"using":"xpath","value":"//*[@id=\"application-manageresources-display-component---newResourceUnit--newRRUPage-anchBar-application-manageresources-display-component---newResourceUnit--resource-anchor\"]"}
COMMAND: POST /session/d53f532480bfbfa72ae7ae5ef7ef8f5b/element/f.9714F2348D0A698B9780435C77649C65.d.A3BB4A8A2C7D42E5C4BD4A85D244F7E9.e.9520/click - {}
RESULT: {}
COMMAND: POST /session/d53f532480bfbfa72ae7ae5ef7ef8f5b/execute/async - {"script":"<script> [1562 bytes]","args":[{"selector":{"id":"application-manageresources-display-component---newResourceUnit--PLANNED_DELIVERY_DATE","interaction":{"idSuffix":"inner"}},"wdio_ui5_key":"applicationmanageresources-display-component---newResourceUnit--PLANNED_DELIVERY_DATE"}]}
COMMAND: GET /session/d53f532480bfbfa72ae7ae5ef7ef8f5b/screenshot - {}
RESULT: {"script":"<script> [1562 bytes]","args":[{"selector":{"id":"application-manageresources-display-component---newResourceUnit--PLANNED_DELIVERY_DATE","interaction":{"idSuffix":"inner"}},"wdio_ui5_key":"applicationmanageresources-display-component---newResourceUnit--PLANNED_DELIVERY_DATE"}]}
RESULT: undefined
COMMAND: POST /session/d53f532480bfbfa72ae7ae5ef7ef8f5b/execute/async - {"script":"<script> [6424 bytes]","args":[{"element-6066-11e4-a52e-4f735466cecf":"f.9714F2348D0A698B9780435C77649C65.d.A3BB4A8A2C7D42E5C4BD4A85D244F7E9.e.9386"},"setValue",["4/23/25"]]}
RESULT: {}
RESULT: {"script":"<script> [6424 bytes]","args":[{"element-6066-11e4-a52e-4f735466cecf":"f.9714F2348D0A698B9780435C77649C65.d.A3BB4A8A2C7D42E5C4BD4A85D244F7E9.e.9386"},"setValue",["4/23/25"]]}
COMMAND: POST /session/d53f532480bfbfa72ae7ae5ef7ef8f5b/element - {"using":"xpath","value":"//button[@data-kt=\"resourceUnitSaveButton\"]"}
RESULT: {"using":"xpath","value":"//button[@data-kt=\"resourceUnitSaveButton\"]"}
COMMAND: POST /session/d53f532480bfbfa72ae7ae5ef7ef8f5b/element/f.9714F2348D0A698B9780435C77649C65.d.A3BB4A8A2C7D42E5C4BD4A85D244F7E9.e.9347/click - {}
RESULT: {}
COMMAND: GET /session/d53f532480bfbfa72ae7ae5ef7ef8f5b/screenshot - {}
RESULT: {}
COMMAND: POST /session/d53f532480bfbfa72ae7ae5ef7ef8f5b/element - {"using":"xpath","value":"//bdi[contains(text(), \"Close\")]"}
RESULT: {"using":"xpath","value":"//bdi[contains(text(), \"Close\")]"}
COMMAND: POST /session/d53f532480bfbfa72ae7ae5ef7ef8f5b/element/f.9714F2348D0A698B9780435C77649C65.d.A3BB4A8A2C7D42E5C4BD4A85D244F7E9.e.9528/click - {}
RESULT: {}
COMMAND: GET /session/d53f532480bfbfa72ae7ae5ef7ef8f5b/screenshot - {}
RESULT: {}
COMMAND: POST /session/d53f532480bfbfa72ae7ae5ef7ef8f5b/element - {"using":"xpath","value":"(//button[contains(@id ,\"actionsToolbar-overflowButton\")])[1]"}
RESULT: {"using":"xpath","value":"(//button[contains(@id ,\"actionsToolbar-overflowButton\")])[1]"}
COMMAND: POST /session/d53f532480bfbfa72ae7ae5ef7ef8f5b/element/f.9714F2348D0A698B9780435C77649C65.d.A3BB4A8A2C7D42E5C4BD4A85D244F7E9.e.9558/click - {}
RESULT: {}
COMMAND: GET /session/d53f532480bfbfa72ae7ae5ef7ef8f5b/screenshot - {}
RESULT: {}
COMMAND: POST /session/d53f532480bfbfa72ae7ae5ef7ef8f5b/element - {"using":"xpath","value":"//button[@data-kt=\"priceInfoButton\"]"}
RESULT: {"using":"xpath","value":"//button[@data-kt=\"priceInfoButton\"]"}
COMMAND: POST /session/d53f532480bfbfa72ae7ae5ef7ef8f5b/element/f.9714F2348D0A698B9780435C77649C65.d.A3BB4A8A2C7D42E5C4BD4A85D244F7E9.e.9560/click - {}
RESULT: {}
COMMAND: GET /session/d53f532480bfbfa72ae7ae5ef7ef8f5b/screenshot - {}
]]></system-out>
    </testcase>
    <testcase classname="chrome.135_0_7049_42.windows.Billing_Transfer_-_Intracompany_US127249" name="Should create a pricing procedure" time="52.481">
      <system-out><![CDATA[
COMMAND: POST /session/d53f532480bfbfa72ae7ae5ef7ef8f5b/element - {"using":"xpath","value":"//button[@data-kt=\"addButton\"]"}
RESULT: {}
RESULT: {"using":"xpath","value":"//button[@data-kt=\"addButton\"]"}
COMMAND: POST /session/d53f532480bfbfa72ae7ae5ef7ef8f5b/elements - {"using":"xpath","value":"//button[@data-kt=\"addButton\"]"}
RESULT: {"using":"xpath","value":"//button[@data-kt=\"addButton\"]"}
COMMAND: POST /session/d53f532480bfbfa72ae7ae5ef7ef8f5b/execute/sync - {"script":"<script> [8489 bytes]","args":[{"element-6066-11e4-a52e-4f735466cecf":"f.9714F2348D0A698B9780435C77649C65.d.A3BB4A8A2C7D42E5C4BD4A85D244F7E9.e.9597","ELEMENT":"f.9714F2348D0A698B9780435C77649C65.d.A3BB4A8A2C7D42E5C4BD4A85D244F7E9.e.9597"}]}
RESULT: {"script":"<script> [8489 bytes]","args":[{"element-6066-11e4-a52e-4f735466cecf":"f.9714F2348D0A698B9780435C77649C65.d.A3BB4A8A2C7D42E5C4BD4A85D244F7E9.e.9597","ELEMENT":"f.9714F2348D0A698B9780435C77649C65.d.A3BB4A8A2C7D42E5C4BD4A85D244F7E9.e.9597"}]}
COMMAND: GET /session/d53f532480bfbfa72ae7ae5ef7ef8f5b/element/f.9714F2348D0A698B9780435C77649C65.d.A3BB4A8A2C7D42E5C4BD4A85D244F7E9.e.9597/enabled - {}
COMMAND: GET /session/d53f532480bfbfa72ae7ae5ef7ef8f5b/screenshot - {}
RESULT: {}
COMMAND: POST /session/d53f532480bfbfa72ae7ae5ef7ef8f5b/execute/sync - {"script":"<script> [8489 bytes]","args":[{"element-6066-11e4-a52e-4f735466cecf":"f.9714F2348D0A698B9780435C77649C65.d.A3BB4A8A2C7D42E5C4BD4A85D244F7E9.e.9597","ELEMENT":"f.9714F2348D0A698B9780435C77649C65.d.A3BB4A8A2C7D42E5C4BD4A85D244F7E9.e.9597"}]}
COMMAND: GET /session/d53f532480bfbfa72ae7ae5ef7ef8f5b/screenshot - {}
RESULT: {}
RESULT: {"script":"<script> [8489 bytes]","args":[{"element-6066-11e4-a52e-4f735466cecf":"f.9714F2348D0A698B9780435C77649C65.d.A3BB4A8A2C7D42E5C4BD4A85D244F7E9.e.9597","ELEMENT":"f.9714F2348D0A698B9780435C77649C65.d.A3BB4A8A2C7D42E5C4BD4A85D244F7E9.e.9597"}]}
COMMAND: POST /session/d53f532480bfbfa72ae7ae5ef7ef8f5b/execute/sync - {"script":"<script> [5351 bytes]","args":[{"element-6066-11e4-a52e-4f735466cecf":"f.9714F2348D0A698B9780435C77649C65.d.A3BB4A8A2C7D42E5C4BD4A85D244F7E9.e.9597","ELEMENT":"f.9714F2348D0A698B9780435C77649C65.d.A3BB4A8A2C7D42E5C4BD4A85D244F7E9.e.9597"}]}
COMMAND: GET /session/d53f532480bfbfa72ae7ae5ef7ef8f5b/screenshot - {}
RESULT: {}
RESULT: {"script":"<script> [5351 bytes]","args":[{"element-6066-11e4-a52e-4f735466cecf":"f.9714F2348D0A698B9780435C77649C65.d.A3BB4A8A2C7D42E5C4BD4A85D244F7E9.e.9597","ELEMENT":"f.9714F2348D0A698B9780435C77649C65.d.A3BB4A8A2C7D42E5C4BD4A85D244F7E9.e.9597"}]}
COMMAND: POST /session/d53f532480bfbfa72ae7ae5ef7ef8f5b/element/f.9714F2348D0A698B9780435C77649C65.d.A3BB4A8A2C7D42E5C4BD4A85D244F7E9.e.9597/click - {}
COMMAND: GET /session/d53f532480bfbfa72ae7ae5ef7ef8f5b/screenshot - {}
RESULT: {}
RESULT: {}
COMMAND: GET /session/d53f532480bfbfa72ae7ae5ef7ef8f5b/screenshot - {}
RESULT: {}
RESULT: {}
COMMAND: POST /session/d53f532480bfbfa72ae7ae5ef7ef8f5b/execute/async - {"script":"<script> [1562 bytes]","args":[{"selector":{"controlType":"sap.m.Title","viewName":"etm.portal.ui.managepricingrules.view.NewItem","viewId":"application-managepricingrules-display-component---newInfoPriceItem","properties":{"text":"New Pricing Rules - Item Level"}},"wdio_ui5_key":"etmportal.ui.managepricingrules.view.NewItemsap.m.Title{\"text\":\"New Pricing Rules - Item Level\"}"}]}
RESULT: {"script":"<script> [1562 bytes]","args":[{"selector":{"controlType":"sap.m.Title","viewName":"etm.portal.ui.managepricingrules.view.NewItem","viewId":"application-managepricingrules-display-component---newInfoPriceItem","properties":{"text":"New Pricing Rules - Item Level"}},"wdio_ui5_key":"etmportal.ui.managepricingrules.view.NewItemsap.m.Title{\"text\":\"New Pricing Rules - Item Level\"}"}]}
RESULT: undefined
COMMAND: POST /session/d53f532480bfbfa72ae7ae5ef7ef8f5b/execute/async - {"script":"<script> [6424 bytes]","args":[{"element-6066-11e4-a52e-4f735466cecf":"f.9714F2348D0A698B9780435C77649C65.d.A3BB4A8A2C7D42E5C4BD4A85D244F7E9.e.9766"},"getText",[]]}
RESULT: {"script":"<script> [6424 bytes]","args":[{"element-6066-11e4-a52e-4f735466cecf":"f.9714F2348D0A698B9780435C77649C65.d.A3BB4A8A2C7D42E5C4BD4A85D244F7E9.e.9766"},"getText",[]]}
COMMAND: POST /session/d53f532480bfbfa72ae7ae5ef7ef8f5b/execute/async - {"script":"<script> [1562 bytes]","args":[{"selector":{"id":"application-managepricingrules-display-component---newInfoPriceItem--condValidTo","interaction":{"idSuffix":"inner"}},"wdio_ui5_key":"applicationmanagepricingrules-display-component---newInfoPriceItem--condValidTo"}]}
RESULT: {"script":"<script> [1562 bytes]","args":[{"selector":{"id":"application-managepricingrules-display-component---newInfoPriceItem--condValidTo","interaction":{"idSuffix":"inner"}},"wdio_ui5_key":"applicationmanagepricingrules-display-component---newInfoPriceItem--condValidTo"}]}
RESULT: undefined
COMMAND: POST /session/d53f532480bfbfa72ae7ae5ef7ef8f5b/execute/async - {"script":"<script> [776 bytes]","args":[{"enterText":"12/23/25","selector":{"id":"application-managepricingrules-display-component---newInfoPriceItem--condValidTo","interaction":{"idSuffix":"inner"}},"clearTextFirst":true,"interactionType":"ENTER_TEXT"}]}
RESULT: {"script":"<script> [776 bytes]","args":[{"enterText":"12/23/25","selector":{"id":"application-managepricingrules-display-component---newInfoPriceItem--condValidTo","interaction":{"idSuffix":"inner"}},"clearTextFirst":true,"interactionType":"ENTER_TEXT"}]}
COMMAND: POST /session/d53f532480bfbfa72ae7ae5ef7ef8f5b/execute/async - {"script":"<script> [1562 bytes]","args":[{"selector":{"id":"application-managepricingrules-display-component---newInfoPriceItem--billType-arrow"},"wdio_ui5_key":"applicationmanagepricingrules-display-component---newInfoPriceItem--billType-arrow"}]}
RESULT: {"script":"<script> [1562 bytes]","args":[{"selector":{"id":"application-managepricingrules-display-component---newInfoPriceItem--billType-arrow"},"wdio_ui5_key":"applicationmanagepricingrules-display-component---newInfoPriceItem--billType-arrow"}]}
RESULT: undefined
COMMAND: POST /session/d53f532480bfbfa72ae7ae5ef7ef8f5b/element - {"using":"xpath","value":"//*[@id=\"application-managepricingrules-display-component---newInfoPriceItem--billType-arrow\"]"}
RESULT: {"using":"xpath","value":"//*[@id=\"application-managepricingrules-display-component---newInfoPriceItem--billType-arrow\"]"}
COMMAND: POST /session/d53f532480bfbfa72ae7ae5ef7ef8f5b/element/f.9714F2348D0A698B9780435C77649C65.d.A3BB4A8A2C7D42E5C4BD4A85D244F7E9.e.9726/click - {}
RESULT: {}
COMMAND: POST /session/d53f532480bfbfa72ae7ae5ef7ef8f5b/element - {"using":"xpath","value":"//span[contains(text(), \"TB - Time based\")]"}
COMMAND: GET /session/d53f532480bfbfa72ae7ae5ef7ef8f5b/screenshot - {}
RESULT: {"using":"xpath","value":"//span[contains(text(), \"TB - Time based\")]"}
COMMAND: POST /session/d53f532480bfbfa72ae7ae5ef7ef8f5b/element/f.9714F2348D0A698B9780435C77649C65.d.A3BB4A8A2C7D42E5C4BD4A85D244F7E9.e.9768/click - {}
RESULT: {}
RESULT: {}
COMMAND: POST /session/d53f532480bfbfa72ae7ae5ef7ef8f5b/execute/async - {"script":"<script> [1562 bytes]","args":[{"selector":{"id":"application-managepricingrules-display-component---newInfoPriceItem--priceProc-arrow"},"wdio_ui5_key":"applicationmanagepricingrules-display-component---newInfoPriceItem--priceProc-arrow"}]}
COMMAND: GET /session/d53f532480bfbfa72ae7ae5ef7ef8f5b/screenshot - {}
RESULT: {"script":"<script> [1562 bytes]","args":[{"selector":{"id":"application-managepricingrules-display-component---newInfoPriceItem--priceProc-arrow"},"wdio_ui5_key":"applicationmanagepricingrules-display-component---newInfoPriceItem--priceProc-arrow"}]}
RESULT: undefined
COMMAND: POST /session/d53f532480bfbfa72ae7ae5ef7ef8f5b/element - {"using":"xpath","value":"//*[@id=\"application-managepricingrules-display-component---newInfoPriceItem--priceProc-arrow\"]"}
RESULT: {}
RESULT: {"using":"xpath","value":"//*[@id=\"application-managepricingrules-display-component---newInfoPriceItem--priceProc-arrow\"]"}
COMMAND: POST /session/d53f532480bfbfa72ae7ae5ef7ef8f5b/element/f.9714F2348D0A698B9780435C77649C65.d.A3BB4A8A2C7D42E5C4BD4A85D244F7E9.e.9733/click - {}
RESULT: {}
COMMAND: POST /session/d53f532480bfbfa72ae7ae5ef7ef8f5b/element - {"using":"xpath","value":"//span[contains(text(), \"TBS - Time based standard\")]"}
COMMAND: GET /session/d53f532480bfbfa72ae7ae5ef7ef8f5b/screenshot - {}
RESULT: {"using":"xpath","value":"//span[contains(text(), \"TBS - Time based standard\")]"}
COMMAND: POST /session/d53f532480bfbfa72ae7ae5ef7ef8f5b/element/f.9714F2348D0A698B9780435C77649C65.d.A3BB4A8A2C7D42E5C4BD4A85D244F7E9.e.9769/click - {}
RESULT: {}
RESULT: {}
COMMAND: POST /session/d53f532480bfbfa72ae7ae5ef7ef8f5b/execute/async - {"script":"<script> [1562 bytes]","args":[{"selector":{"id":"application-managepricingrules-display-component---newInfoPriceItem--calcBase-arrow"},"wdio_ui5_key":"applicationmanagepricingrules-display-component---newInfoPriceItem--calcBase-arrow"}]}
COMMAND: GET /session/d53f532480bfbfa72ae7ae5ef7ef8f5b/screenshot - {}
RESULT: {"script":"<script> [1562 bytes]","args":[{"selector":{"id":"application-managepricingrules-display-component---newInfoPriceItem--calcBase-arrow"},"wdio_ui5_key":"applicationmanagepricingrules-display-component---newInfoPriceItem--calcBase-arrow"}]}
RESULT: undefined
COMMAND: POST /session/d53f532480bfbfa72ae7ae5ef7ef8f5b/element - {"using":"xpath","value":"//*[@id=\"application-managepricingrules-display-component---newInfoPriceItem--calcBase-arrow\"]"}
RESULT: {}
RESULT: {"using":"xpath","value":"//*[@id=\"application-managepricingrules-display-component---newInfoPriceItem--calcBase-arrow\"]"}
COMMAND: POST /session/d53f532480bfbfa72ae7ae5ef7ef8f5b/element/f.9714F2348D0A698B9780435C77649C65.d.A3BB4A8A2C7D42E5C4BD4A85D244F7E9.e.9740/click - {}
RESULT: {}
COMMAND: GET /session/d53f532480bfbfa72ae7ae5ef7ef8f5b/screenshot - {}
RESULT: {}
COMMAND: POST /session/d53f532480bfbfa72ae7ae5ef7ef8f5b/element - {"using":"xpath","value":"//span[contains(text(), \"0006 - TB(calendar days)\")]"}
RESULT: {"using":"xpath","value":"//span[contains(text(), \"0006 - TB(calendar days)\")]"}
COMMAND: POST /session/d53f532480bfbfa72ae7ae5ef7ef8f5b/element/f.9714F2348D0A698B9780435C77649C65.d.A3BB4A8A2C7D42E5C4BD4A85D244F7E9.e.9770/click - {}
RESULT: {}
COMMAND: GET /session/d53f532480bfbfa72ae7ae5ef7ef8f5b/screenshot - {}
RESULT: {}
COMMAND: POST /session/d53f532480bfbfa72ae7ae5ef7ef8f5b/execute/async - {"script":"<script> [1562 bytes]","args":[{"selector":{"id":"application-managepricingrules-display-component---newInfoPriceItem--daysMonth","interaction":{"idSuffix":"inner"}},"wdio_ui5_key":"applicationmanagepricingrules-display-component---newInfoPriceItem--daysMonth"}]}
RESULT: {"script":"<script> [1562 bytes]","args":[{"selector":{"id":"application-managepricingrules-display-component---newInfoPriceItem--daysMonth","interaction":{"idSuffix":"inner"}},"wdio_ui5_key":"applicationmanagepricingrules-display-component---newInfoPriceItem--daysMonth"}]}
RESULT: undefined
COMMAND: POST /session/d53f532480bfbfa72ae7ae5ef7ef8f5b/execute/async - {"script":"<script> [776 bytes]","args":[{"enterText":"30","selector":{"id":"application-managepricingrules-display-component---newInfoPriceItem--daysMonth","interaction":{"idSuffix":"inner"}},"clearTextFirst":true,"interactionType":"ENTER_TEXT"}]}
RESULT: {"script":"<script> [776 bytes]","args":[{"enterText":"30","selector":{"id":"application-managepricingrules-display-component---newInfoPriceItem--daysMonth","interaction":{"idSuffix":"inner"}},"clearTextFirst":true,"interactionType":"ENTER_TEXT"}]}
COMMAND: POST /session/d53f532480bfbfa72ae7ae5ef7ef8f5b/element - {"using":"xpath","value":"//button[@data-kt=\"saveNewRuleButton\"]"}
RESULT: {"using":"xpath","value":"//button[@data-kt=\"saveNewRuleButton\"]"}
COMMAND: POST /session/d53f532480bfbfa72ae7ae5ef7ef8f5b/element/f.9714F2348D0A698B9780435C77649C65.d.A3BB4A8A2C7D42E5C4BD4A85D244F7E9.e.9760/click - {}
RESULT: {}
COMMAND: GET /session/d53f532480bfbfa72ae7ae5ef7ef8f5b/screenshot - {}
RESULT: {}
COMMAND: POST /session/d53f532480bfbfa72ae7ae5ef7ef8f5b/execute/async - {"script":"<script> [1562 bytes]","args":[{"selector":{"id":"application-managepricingrules-display-component---priceInfoItem--smartFilterBar-btnBasicSearch","interaction":{"idSuffix":"I"}},"wdio_ui5_key":"applicationmanagepricingrules-display-component---priceInfoItem--smartFilterBar-btnBasicSearch"}]}
RESULT: {"script":"<script> [1562 bytes]","args":[{"selector":{"id":"application-managepricingrules-display-component---priceInfoItem--smartFilterBar-btnBasicSearch","interaction":{"idSuffix":"I"}},"wdio_ui5_key":"applicationmanagepricingrules-display-component---priceInfoItem--smartFilterBar-btnBasicSearch"}]}
RESULT: undefined
COMMAND: POST /session/d53f532480bfbfa72ae7ae5ef7ef8f5b/execute/async - {"script":"<script> [776 bytes]","args":[{"enterText":"lNgvrvLAzS","selector":{"id":"application-managepricingrules-display-component---priceInfoItem--smartFilterBar-btnBasicSearch","interaction":{"idSuffix":"I"}},"clearTextFirst":true,"interactionType":"ENTER_TEXT"}]}
RESULT: {"script":"<script> [776 bytes]","args":[{"enterText":"lNgvrvLAzS","selector":{"id":"application-managepricingrules-display-component---priceInfoItem--smartFilterBar-btnBasicSearch","interaction":{"idSuffix":"I"}},"clearTextFirst":true,"interactionType":"ENTER_TEXT"}]}
COMMAND: POST /session/d53f532480bfbfa72ae7ae5ef7ef8f5b/actions - {"actions":[{"id":"action32","type":"key","parameters":{},"actions":[{"type":"keyDown","value":""},{"type":"pause","duration":10},{"type":"keyUp","value":""}]}]}
RESULT: {"actions":[{"id":"action32","type":"key","parameters":{},"actions":[{"type":"keyDown","value":""},{"type":"pause","duration":10},{"type":"keyUp","value":""}]}]}
COMMAND: GET /session/d53f532480bfbfa72ae7ae5ef7ef8f5b/screenshot - {}
RESULT: {}
COMMAND: POST /session/d53f532480bfbfa72ae7ae5ef7ef8f5b/element - {"using":"xpath","value":"//span[@id=\"application-managepricingrules-display-component---priceInfoItem--smartTable-header-inner\"]"}
RESULT: {"using":"xpath","value":"//span[@id=\"application-managepricingrules-display-component---priceInfoItem--smartTable-header-inner\"]"}
COMMAND: POST /session/d53f532480bfbfa72ae7ae5ef7ef8f5b/elements - {"using":"xpath","value":"//span[@id=\"application-managepricingrules-display-component---priceInfoItem--smartTable-header-inner\"]"}
RESULT: {"using":"xpath","value":"//span[@id=\"application-managepricingrules-display-component---priceInfoItem--smartTable-header-inner\"]"}
COMMAND: POST /session/d53f532480bfbfa72ae7ae5ef7ef8f5b/execute/sync - {"script":"<script> [56 bytes]","args":[{"element-6066-11e4-a52e-4f735466cecf":"f.9714F2348D0A698B9780435C77649C65.d.A3BB4A8A2C7D42E5C4BD4A85D244F7E9.e.9795","ELEMENT":"f.9714F2348D0A698B9780435C77649C65.d.A3BB4A8A2C7D42E5C4BD4A85D244F7E9.e.9795"}]}
RESULT: {"script":"<script> [56 bytes]","args":[{"element-6066-11e4-a52e-4f735466cecf":"f.9714F2348D0A698B9780435C77649C65.d.A3BB4A8A2C7D42E5C4BD4A85D244F7E9.e.9795","ELEMENT":"f.9714F2348D0A698B9780435C77649C65.d.A3BB4A8A2C7D42E5C4BD4A85D244F7E9.e.9795"}]}
COMMAND: POST /session/d53f532480bfbfa72ae7ae5ef7ef8f5b/element - {"using":"css selector","value":"#shell-header-logo"}
COMMAND: GET /session/d53f532480bfbfa72ae7ae5ef7ef8f5b/screenshot - {}
RESULT: {}
RESULT: {"using":"css selector","value":"#shell-header-logo"}
COMMAND: POST /session/d53f532480bfbfa72ae7ae5ef7ef8f5b/element/f.9714F2348D0A698B9780435C77649C65.d.A3BB4A8A2C7D42E5C4BD4A85D244F7E9.e.9136/click - {}
RESULT: {}
COMMAND: GET /session/d53f532480bfbfa72ae7ae5ef7ef8f5b/screenshot - {}
RESULT: {}
]]></system-out>
    </testcase>
    <testcase classname="chrome.135_0_7049_42.windows.Billing_Transfer_-_Intracompany_US127249" name="Should manage conditions" time="65.288">
      <system-out><![CDATA[
COMMAND: POST /session/d53f532480bfbfa72ae7ae5ef7ef8f5b/execute/async - {"script":"<script> [1562 bytes]","args":[{"selector":{"controlType":"sap.m.Text","properties":{"text":"Manage Conditions & Prices"},"interaction":{"idSuffix":"inner"}},"wdio_ui5_key":"sapm.Text{\"text\":\"Manage Conditions & Prices\"}"}]}
RESULT: {"script":"<script> [1562 bytes]","args":[{"selector":{"controlType":"sap.m.Text","properties":{"text":"Manage Conditions & Prices"},"interaction":{"idSuffix":"inner"}},"wdio_ui5_key":"sapm.Text{\"text\":\"Manage Conditions & Prices\"}"}]}
RESULT: undefined
COMMAND: POST /session/d53f532480bfbfa72ae7ae5ef7ef8f5b/element - {"using":"xpath","value":"//*[@id=\"__tile53-title\"]"}
RESULT: {"using":"xpath","value":"//*[@id=\"__tile53-title\"]"}
COMMAND: POST /session/d53f532480bfbfa72ae7ae5ef7ef8f5b/element/f.9714F2348D0A698B9780435C77649C65.d.A3BB4A8A2C7D42E5C4BD4A85D244F7E9.e.9798/click - {}
RESULT: {}
COMMAND: POST /session/d53f532480bfbfa72ae7ae5ef7ef8f5b/element - {"using":"xpath","value":"//button[@aria-label=\"Create\"]"}
COMMAND: GET /session/d53f532480bfbfa72ae7ae5ef7ef8f5b/screenshot - {}
RESULT: {"using":"xpath","value":"//button[@aria-label=\"Create\"]"}
COMMAND: POST /session/d53f532480bfbfa72ae7ae5ef7ef8f5b/elements - {"using":"xpath","value":"//button[@aria-label=\"Create\"]"}
RESULT: {}
RESULT: {"using":"xpath","value":"//button[@aria-label=\"Create\"]"}
COMMAND: POST /session/d53f532480bfbfa72ae7ae5ef7ef8f5b/elements - {"using":"xpath","value":"//button[@aria-label=\"Create\"]"}
RESULT: {"using":"xpath","value":"//button[@aria-label=\"Create\"]"}
COMMAND: POST /session/d53f532480bfbfa72ae7ae5ef7ef8f5b/elements - {"using":"xpath","value":"//button[@aria-label=\"Create\"]"}
RESULT: {"using":"xpath","value":"//button[@aria-label=\"Create\"]"}
COMMAND: POST /session/d53f532480bfbfa72ae7ae5ef7ef8f5b/element - {"using":"xpath","value":"//button[@aria-label=\"Create\"]"}
RESULT: {"using":"xpath","value":"//button[@aria-label=\"Create\"]"}
COMMAND: POST /session/d53f532480bfbfa72ae7ae5ef7ef8f5b/execute/sync - {"script":"<script> [8489 bytes]","args":[{"element-6066-11e4-a52e-4f735466cecf":"f.9714F2348D0A698B9780435C77649C65.d.A3BB4A8A2C7D42E5C4BD4A85D244F7E9.e.9832","ELEMENT":"f.9714F2348D0A698B9780435C77649C65.d.A3BB4A8A2C7D42E5C4BD4A85D244F7E9.e.9832"}]}
RESULT: {"script":"<script> [8489 bytes]","args":[{"element-6066-11e4-a52e-4f735466cecf":"f.9714F2348D0A698B9780435C77649C65.d.A3BB4A8A2C7D42E5C4BD4A85D244F7E9.e.9832","ELEMENT":"f.9714F2348D0A698B9780435C77649C65.d.A3BB4A8A2C7D42E5C4BD4A85D244F7E9.e.9832"}]}
COMMAND: GET /session/d53f532480bfbfa72ae7ae5ef7ef8f5b/element/f.9714F2348D0A698B9780435C77649C65.d.A3BB4A8A2C7D42E5C4BD4A85D244F7E9.e.9832/enabled - {}
COMMAND: GET /session/d53f532480bfbfa72ae7ae5ef7ef8f5b/screenshot - {}
RESULT: {}
COMMAND: POST /session/d53f532480bfbfa72ae7ae5ef7ef8f5b/execute/sync - {"script":"<script> [8489 bytes]","args":[{"element-6066-11e4-a52e-4f735466cecf":"f.9714F2348D0A698B9780435C77649C65.d.A3BB4A8A2C7D42E5C4BD4A85D244F7E9.e.9832","ELEMENT":"f.9714F2348D0A698B9780435C77649C65.d.A3BB4A8A2C7D42E5C4BD4A85D244F7E9.e.9832"}]}
COMMAND: GET /session/d53f532480bfbfa72ae7ae5ef7ef8f5b/screenshot - {}
RESULT: {}
RESULT: {"script":"<script> [8489 bytes]","args":[{"element-6066-11e4-a52e-4f735466cecf":"f.9714F2348D0A698B9780435C77649C65.d.A3BB4A8A2C7D42E5C4BD4A85D244F7E9.e.9832","ELEMENT":"f.9714F2348D0A698B9780435C77649C65.d.A3BB4A8A2C7D42E5C4BD4A85D244F7E9.e.9832"}]}
COMMAND: POST /session/d53f532480bfbfa72ae7ae5ef7ef8f5b/execute/sync - {"script":"<script> [5351 bytes]","args":[{"element-6066-11e4-a52e-4f735466cecf":"f.9714F2348D0A698B9780435C77649C65.d.A3BB4A8A2C7D42E5C4BD4A85D244F7E9.e.9832","ELEMENT":"f.9714F2348D0A698B9780435C77649C65.d.A3BB4A8A2C7D42E5C4BD4A85D244F7E9.e.9832"}]}
COMMAND: GET /session/d53f532480bfbfa72ae7ae5ef7ef8f5b/screenshot - {}
RESULT: {}
RESULT: {"script":"<script> [5351 bytes]","args":[{"element-6066-11e4-a52e-4f735466cecf":"f.9714F2348D0A698B9780435C77649C65.d.A3BB4A8A2C7D42E5C4BD4A85D244F7E9.e.9832","ELEMENT":"f.9714F2348D0A698B9780435C77649C65.d.A3BB4A8A2C7D42E5C4BD4A85D244F7E9.e.9832"}]}
COMMAND: POST /session/d53f532480bfbfa72ae7ae5ef7ef8f5b/element/f.9714F2348D0A698B9780435C77649C65.d.A3BB4A8A2C7D42E5C4BD4A85D244F7E9.e.9832/click - {}
COMMAND: GET /session/d53f532480bfbfa72ae7ae5ef7ef8f5b/screenshot - {}
RESULT: {}
RESULT: {}
COMMAND: GET /session/d53f532480bfbfa72ae7ae5ef7ef8f5b/screenshot - {}
RESULT: {}
RESULT: {}
COMMAND: POST /session/d53f532480bfbfa72ae7ae5ef7ef8f5b/actions - {"actions":[{"id":"action33","type":"key","parameters":{},"actions":[{"type":"keyDown","value":""},{"type":"pause","duration":10},{"type":"keyUp","value":""}]}]}
RESULT: {"actions":[{"id":"action33","type":"key","parameters":{},"actions":[{"type":"keyDown","value":""},{"type":"pause","duration":10},{"type":"keyUp","value":""}]}]}
COMMAND: GET /session/d53f532480bfbfa72ae7ae5ef7ef8f5b/screenshot - {}
RESULT: {}
COMMAND: POST /session/d53f532480bfbfa72ae7ae5ef7ef8f5b/execute/async - {"script":"<script> [1562 bytes]","args":[{"selector":{"id":"application-manageconditionprice-display-component---newCondition--condBillCond-arrow"},"wdio_ui5_key":"applicationmanageconditionprice-display-component---newCondition--condBillCond-arrow"}]}
RESULT: {"script":"<script> [1562 bytes]","args":[{"selector":{"id":"application-manageconditionprice-display-component---newCondition--condBillCond-arrow"},"wdio_ui5_key":"applicationmanageconditionprice-display-component---newCondition--condBillCond-arrow"}]}
RESULT: undefined
COMMAND: POST /session/d53f532480bfbfa72ae7ae5ef7ef8f5b/element - {"using":"xpath","value":"//*[@id=\"application-manageconditionprice-display-component---newCondition--condBillCond-arrow\"]"}
RESULT: {"using":"xpath","value":"//*[@id=\"application-manageconditionprice-display-component---newCondition--condBillCond-arrow\"]"}
COMMAND: POST /session/d53f532480bfbfa72ae7ae5ef7ef8f5b/element/f.9714F2348D0A698B9780435C77649C65.d.A3BB4A8A2C7D42E5C4BD4A85D244F7E9.e.10012/click - {}
RESULT: {}
COMMAND: GET /session/d53f532480bfbfa72ae7ae5ef7ef8f5b/screenshot - {}
RESULT: {}
COMMAND: POST /session/d53f532480bfbfa72ae7ae5ef7ef8f5b/element - {"using":"xpath","value":"//li[.//span[contains(text(), \"DISP - D&I special price\")]]"}
RESULT: {"using":"xpath","value":"//li[.//span[contains(text(), \"DISP - D&I special price\")]]"}
COMMAND: POST /session/d53f532480bfbfa72ae7ae5ef7ef8f5b/element/f.9714F2348D0A698B9780435C77649C65.d.A3BB4A8A2C7D42E5C4BD4A85D244F7E9.e.10015/click - {}
RESULT: {}
COMMAND: GET /session/d53f532480bfbfa72ae7ae5ef7ef8f5b/screenshot - {}
RESULT: {}
COMMAND: POST /session/d53f532480bfbfa72ae7ae5ef7ef8f5b/execute/async - {"script":"<script> [1562 bytes]","args":[{"selector":{"id":"application-manageconditionprice-display-component---newCondition--condValidTo","interaction":{"idSuffix":"inner"}},"wdio_ui5_key":"applicationmanageconditionprice-display-component---newCondition--condValidTo"}]}
RESULT: {"script":"<script> [1562 bytes]","args":[{"selector":{"id":"application-manageconditionprice-display-component---newCondition--condValidTo","interaction":{"idSuffix":"inner"}},"wdio_ui5_key":"applicationmanageconditionprice-display-component---newCondition--condValidTo"}]}
RESULT: undefined
COMMAND: POST /session/d53f532480bfbfa72ae7ae5ef7ef8f5b/execute/async - {"script":"<script> [776 bytes]","args":[{"enterText":"12/23/25","selector":{"id":"application-manageconditionprice-display-component---newCondition--condValidTo","interaction":{"idSuffix":"inner"}},"clearTextFirst":true,"interactionType":"ENTER_TEXT"}]}
RESULT: {"script":"<script> [776 bytes]","args":[{"enterText":"12/23/25","selector":{"id":"application-manageconditionprice-display-component---newCondition--condValidTo","interaction":{"idSuffix":"inner"}},"clearTextFirst":true,"interactionType":"ENTER_TEXT"}]}
COMMAND: POST /session/d53f532480bfbfa72ae7ae5ef7ef8f5b/element - {"using":"xpath","value":"//input[@id=\"application-manageconditionprice-display-component---newCondition--condRU-inner\"]"}
RESULT: {"using":"xpath","value":"//input[@id=\"application-manageconditionprice-display-component---newCondition--condRU-inner\"]"}
COMMAND: POST /session/d53f532480bfbfa72ae7ae5ef7ef8f5b/element/f.9714F2348D0A698B9780435C77649C65.d.A3BB4A8A2C7D42E5C4BD4A85D244F7E9.e.9848/clear - {}
RESULT: {}
COMMAND: POST /session/d53f532480bfbfa72ae7ae5ef7ef8f5b/element/f.9714F2348D0A698B9780435C77649C65.d.A3BB4A8A2C7D42E5C4BD4A85D244F7E9.e.9848/value - {"text":"lNgvrvLAzS"}
COMMAND: GET /session/d53f532480bfbfa72ae7ae5ef7ef8f5b/screenshot - {}
RESULT: {"text":"lNgvrvLAzS"}
COMMAND: GET /session/d53f532480bfbfa72ae7ae5ef7ef8f5b/screenshot - {}
RESULT: {}
RESULT: {}
COMMAND: POST /session/d53f532480bfbfa72ae7ae5ef7ef8f5b/actions - {"actions":[{"id":"action34","type":"key","parameters":{},"actions":[{"type":"keyDown","value":""},{"type":"pause","duration":10},{"type":"keyUp","value":""}]}]}
RESULT: {"actions":[{"id":"action34","type":"key","parameters":{},"actions":[{"type":"keyDown","value":""},{"type":"pause","duration":10},{"type":"keyUp","value":""}]}]}
COMMAND: POST /session/d53f532480bfbfa72ae7ae5ef7ef8f5b/execute/async - {"script":"<script> [1562 bytes]","args":[{"selector":{"id":"application-manageconditionprice-display-component---newCondition--condBaseQty","interaction":{"idSuffix":"inner"}},"wdio_ui5_key":"applicationmanageconditionprice-display-component---newCondition--condBaseQty"}]}
COMMAND: GET /session/d53f532480bfbfa72ae7ae5ef7ef8f5b/screenshot - {}
RESULT: {"script":"<script> [1562 bytes]","args":[{"selector":{"id":"application-manageconditionprice-display-component---newCondition--condBaseQty","interaction":{"idSuffix":"inner"}},"wdio_ui5_key":"applicationmanageconditionprice-display-component---newCondition--condBaseQty"}]}
RESULT: undefined
COMMAND: POST /session/d53f532480bfbfa72ae7ae5ef7ef8f5b/execute/async - {"script":"<script> [776 bytes]","args":[{"enterText":"1","selector":{"id":"application-manageconditionprice-display-component---newCondition--condBaseQty","interaction":{"idSuffix":"inner"}},"clearTextFirst":true,"interactionType":"ENTER_TEXT"}]}
RESULT: {}
RESULT: {"script":"<script> [776 bytes]","args":[{"enterText":"1","selector":{"id":"application-manageconditionprice-display-component---newCondition--condBaseQty","interaction":{"idSuffix":"inner"}},"clearTextFirst":true,"interactionType":"ENTER_TEXT"}]}
COMMAND: POST /session/d53f532480bfbfa72ae7ae5ef7ef8f5b/execute/async - {"script":"<script> [1562 bytes]","args":[{"selector":{"id":"application-manageconditionprice-display-component---newCondition--condValue","interaction":{"idSuffix":"inner"}},"wdio_ui5_key":"applicationmanageconditionprice-display-component---newCondition--condValue"}]}
RESULT: {"script":"<script> [1562 bytes]","args":[{"selector":{"id":"application-manageconditionprice-display-component---newCondition--condValue","interaction":{"idSuffix":"inner"}},"wdio_ui5_key":"applicationmanageconditionprice-display-component---newCondition--condValue"}]}
RESULT: undefined
COMMAND: POST /session/d53f532480bfbfa72ae7ae5ef7ef8f5b/execute/async - {"script":"<script> [776 bytes]","args":[{"enterText":"200","selector":{"id":"application-manageconditionprice-display-component---newCondition--condValue","interaction":{"idSuffix":"inner"}},"clearTextFirst":true,"interactionType":"ENTER_TEXT"}]}
RESULT: {"script":"<script> [776 bytes]","args":[{"enterText":"200","selector":{"id":"application-manageconditionprice-display-component---newCondition--condValue","interaction":{"idSuffix":"inner"}},"clearTextFirst":true,"interactionType":"ENTER_TEXT"}]}
COMMAND: POST /session/d53f532480bfbfa72ae7ae5ef7ef8f5b/execute/async - {"script":"<script> [1562 bytes]","args":[{"selector":{"id":"application-manageconditionprice-display-component---newCondition--condCurr-arrow"},"wdio_ui5_key":"applicationmanageconditionprice-display-component---newCondition--condCurr-arrow"}]}
RESULT: {"script":"<script> [1562 bytes]","args":[{"selector":{"id":"application-manageconditionprice-display-component---newCondition--condCurr-arrow"},"wdio_ui5_key":"applicationmanageconditionprice-display-component---newCondition--condCurr-arrow"}]}
RESULT: undefined
COMMAND: POST /session/d53f532480bfbfa72ae7ae5ef7ef8f5b/element - {"using":"xpath","value":"//*[@id=\"application-manageconditionprice-display-component---newCondition--condCurr-arrow\"]"}
RESULT: {"using":"xpath","value":"//*[@id=\"application-manageconditionprice-display-component---newCondition--condCurr-arrow\"]"}
COMMAND: POST /session/d53f532480bfbfa72ae7ae5ef7ef8f5b/element/f.9714F2348D0A698B9780435C77649C65.d.A3BB4A8A2C7D42E5C4BD4A85D244F7E9.e.9980/click - {}
RESULT: {}
COMMAND: POST /session/d53f532480bfbfa72ae7ae5ef7ef8f5b/element - {"using":"xpath","value":"//span[contains(text(), \"Euro\")]"}
COMMAND: GET /session/d53f532480bfbfa72ae7ae5ef7ef8f5b/screenshot - {}
RESULT: {"using":"xpath","value":"//span[contains(text(), \"Euro\")]"}
COMMAND: POST /session/d53f532480bfbfa72ae7ae5ef7ef8f5b/element/f.9714F2348D0A698B9780435C77649C65.d.A3BB4A8A2C7D42E5C4BD4A85D244F7E9.e.10052/click - {}
RESULT: {}
RESULT: {}
COMMAND: POST /session/d53f532480bfbfa72ae7ae5ef7ef8f5b/element - {"using":"xpath","value":"//button[@data-kt=\"saveButton\"]"}
COMMAND: GET /session/d53f532480bfbfa72ae7ae5ef7ef8f5b/screenshot - {}
RESULT: {"using":"xpath","value":"//button[@data-kt=\"saveButton\"]"}
COMMAND: POST /session/d53f532480bfbfa72ae7ae5ef7ef8f5b/element/f.9714F2348D0A698B9780435C77649C65.d.A3BB4A8A2C7D42E5C4BD4A85D244F7E9.e.9981/click - {}
RESULT: {}
RESULT: {}
COMMAND: GET /session/d53f532480bfbfa72ae7ae5ef7ef8f5b/screenshot - {}
RESULT: {}
COMMAND: POST /session/d53f532480bfbfa72ae7ae5ef7ef8f5b/execute/async - {"script":"<script> [1562 bytes]","args":[{"selector":{"id":"application-manageconditionprice-display-component---conditions--smartFilterBar-btnBasicSearch","interaction":{"idSuffix":"I"}},"wdio_ui5_key":"applicationmanageconditionprice-display-component---conditions--smartFilterBar-btnBasicSearch"}]}
RESULT: {"script":"<script> [1562 bytes]","args":[{"selector":{"id":"application-manageconditionprice-display-component---conditions--smartFilterBar-btnBasicSearch","interaction":{"idSuffix":"I"}},"wdio_ui5_key":"applicationmanageconditionprice-display-component---conditions--smartFilterBar-btnBasicSearch"}]}
RESULT: undefined
COMMAND: POST /session/d53f532480bfbfa72ae7ae5ef7ef8f5b/execute/async - {"script":"<script> [776 bytes]","args":[{"enterText":"lNgvrvLAzS","selector":{"id":"application-manageconditionprice-display-component---conditions--smartFilterBar-btnBasicSearch","interaction":{"idSuffix":"I"}},"clearTextFirst":true,"interactionType":"ENTER_TEXT"}]}
RESULT: {"script":"<script> [776 bytes]","args":[{"enterText":"lNgvrvLAzS","selector":{"id":"application-manageconditionprice-display-component---conditions--smartFilterBar-btnBasicSearch","interaction":{"idSuffix":"I"}},"clearTextFirst":true,"interactionType":"ENTER_TEXT"}]}
COMMAND: POST /session/d53f532480bfbfa72ae7ae5ef7ef8f5b/actions - {"actions":[{"id":"action35","type":"key","parameters":{},"actions":[{"type":"keyDown","value":""},{"type":"pause","duration":10},{"type":"keyUp","value":""}]}]}
RESULT: {"actions":[{"id":"action35","type":"key","parameters":{},"actions":[{"type":"keyDown","value":""},{"type":"pause","duration":10},{"type":"keyUp","value":""}]}]}
COMMAND: GET /session/d53f532480bfbfa72ae7ae5ef7ef8f5b/screenshot - {}
RESULT: {}
COMMAND: POST /session/d53f532480bfbfa72ae7ae5ef7ef8f5b/execute/async - {"script":"<script> [1562 bytes]","args":[{"selector":{"id":"application-manageconditionprice-display-component---conditions--smartFilterBar-filterItemControl_BASIC-BILL_TYPES-vhi"},"wdio_ui5_key":"applicationmanageconditionprice-display-component---conditions--smartFilterBar-filterItemControl_BASIC-BILL_TYPES-vhi"}]}
RESULT: {"script":"<script> [1562 bytes]","args":[{"selector":{"id":"application-manageconditionprice-display-component---conditions--smartFilterBar-filterItemControl_BASIC-BILL_TYPES-vhi"},"wdio_ui5_key":"applicationmanageconditionprice-display-component---conditions--smartFilterBar-filterItemControl_BASIC-BILL_TYPES-vhi"}]}
RESULT: undefined
COMMAND: POST /session/d53f532480bfbfa72ae7ae5ef7ef8f5b/element - {"using":"xpath","value":"//*[@id=\"application-manageconditionprice-display-component---conditions--smartFilterBar-filterItemControl_BASIC-BILL_TYPES-vhi\"]"}
RESULT: {"using":"xpath","value":"//*[@id=\"application-manageconditionprice-display-component---conditions--smartFilterBar-filterItemControl_BASIC-BILL_TYPES-vhi\"]"}
COMMAND: POST /session/d53f532480bfbfa72ae7ae5ef7ef8f5b/element/f.9714F2348D0A698B9780435C77649C65.d.A3BB4A8A2C7D42E5C4BD4A85D244F7E9.e.10158/click - {}
RESULT: {}
COMMAND: POST /session/d53f532480bfbfa72ae7ae5ef7ef8f5b/execute/async - {"script":"<script> [1562 bytes]","args":[{"selector":{"id":"application-manageconditionprice-display-component---conditions--smartFilterBar-filterItemControl_BASIC-BILL_TYPES-valueHelpDialog-smartFilterBar-btnBasicSearch","searchOpenDialogs":true,"interaction":{"idSuffix":"I"}},"wdio_ui5_key":"applicationmanageconditionprice-display-component---conditions--smartFilterBar-filterItemControl_BASIC-BILL_TYPES-valueHelpDialog-smartFilterBar-btnBasicSearch"}]}
COMMAND: GET /session/d53f532480bfbfa72ae7ae5ef7ef8f5b/screenshot - {}
RESULT: {"script":"<script> [1562 bytes]","args":[{"selector":{"id":"application-manageconditionprice-display-component---conditions--smartFilterBar-filterItemControl_BASIC-BILL_TYPES-valueHelpDialog-smartFilterBar-btnBasicSearch","searchOpenDialogs":true,"interaction":{"idSuffix":"I"}},"wdio_ui5_key":"applicationmanageconditionprice-display-component---conditions--smartFilterBar-filterItemControl_BASIC-BILL_TYPES-valueHelpDialog-smartFilterBar-btnBasicSearch"}]}
RESULT: undefined
COMMAND: POST /session/d53f532480bfbfa72ae7ae5ef7ef8f5b/execute/async - {"script":"<script> [776 bytes]","args":[{"enterText":"TB","selector":{"id":"application-manageconditionprice-display-component---conditions--smartFilterBar-filterItemControl_BASIC-BILL_TYPES-valueHelpDialog-smartFilterBar-btnBasicSearch","searchOpenDialogs":true,"interaction":{"idSuffix":"I"}},"clearTextFirst":true,"interactionType":"ENTER_TEXT"}]}
RESULT: {}
RESULT: {"script":"<script> [776 bytes]","args":[{"enterText":"TB","selector":{"id":"application-manageconditionprice-display-component---conditions--smartFilterBar-filterItemControl_BASIC-BILL_TYPES-valueHelpDialog-smartFilterBar-btnBasicSearch","searchOpenDialogs":true,"interaction":{"idSuffix":"I"}},"clearTextFirst":true,"interactionType":"ENTER_TEXT"}]}
COMMAND: POST /session/d53f532480bfbfa72ae7ae5ef7ef8f5b/actions - {"actions":[{"id":"action36","type":"key","parameters":{},"actions":[{"type":"keyDown","value":""},{"type":"pause","duration":10},{"type":"keyUp","value":""}]}]}
RESULT: {"actions":[{"id":"action36","type":"key","parameters":{},"actions":[{"type":"keyDown","value":""},{"type":"pause","duration":10},{"type":"keyUp","value":""}]}]}
COMMAND: GET /session/d53f532480bfbfa72ae7ae5ef7ef8f5b/screenshot - {}
RESULT: {}
COMMAND: POST /session/d53f532480bfbfa72ae7ae5ef7ef8f5b/element - {"using":"xpath","value":"//div[contains(@id, 'application-manageconditionprice-display-component---conditions--smartFilterBar-filterItemControl_BASIC-BILL_TYPES-valueHelpDialog-table-rowsel0')]"}
RESULT: {"using":"xpath","value":"//div[contains(@id, 'application-manageconditionprice-display-component---conditions--smartFilterBar-filterItemControl_BASIC-BILL_TYPES-valueHelpDialog-table-rowsel0')]"}
COMMAND: POST /session/d53f532480bfbfa72ae7ae5ef7ef8f5b/element/f.9714F2348D0A698B9780435C77649C65.d.A3BB4A8A2C7D42E5C4BD4A85D244F7E9.e.10167/click - {}
RESULT: {}
COMMAND: GET /session/d53f532480bfbfa72ae7ae5ef7ef8f5b/screenshot - {}
RESULT: {}
COMMAND: POST /session/d53f532480bfbfa72ae7ae5ef7ef8f5b/element - {"using":"xpath","value":"//bdi[contains(text(), \"OK\")]"}
RESULT: {"using":"xpath","value":"//bdi[contains(text(), \"OK\")]"}
COMMAND: POST /session/d53f532480bfbfa72ae7ae5ef7ef8f5b/element/f.9714F2348D0A698B9780435C77649C65.d.A3BB4A8A2C7D42E5C4BD4A85D244F7E9.e.10169/click - {}
RESULT: {}
COMMAND: GET /session/d53f532480bfbfa72ae7ae5ef7ef8f5b/screenshot - {}
RESULT: {}
COMMAND: POST /session/d53f532480bfbfa72ae7ae5ef7ef8f5b/element - {"using":"xpath","value":"//span[@id=\"application-manageconditionprice-display-component---conditions--smartTable-header-inner\"]"}
RESULT: {"using":"xpath","value":"//span[@id=\"application-manageconditionprice-display-component---conditions--smartTable-header-inner\"]"}
COMMAND: POST /session/d53f532480bfbfa72ae7ae5ef7ef8f5b/elements - {"using":"xpath","value":"//span[@id=\"application-manageconditionprice-display-component---conditions--smartTable-header-inner\"]"}
RESULT: {"using":"xpath","value":"//span[@id=\"application-manageconditionprice-display-component---conditions--smartTable-header-inner\"]"}
COMMAND: POST /session/d53f532480bfbfa72ae7ae5ef7ef8f5b/execute/sync - {"script":"<script> [56 bytes]","args":[{"element-6066-11e4-a52e-4f735466cecf":"f.9714F2348D0A698B9780435C77649C65.d.A3BB4A8A2C7D42E5C4BD4A85D244F7E9.e.10172","ELEMENT":"f.9714F2348D0A698B9780435C77649C65.d.A3BB4A8A2C7D42E5C4BD4A85D244F7E9.e.10172"}]}
RESULT: {"script":"<script> [56 bytes]","args":[{"element-6066-11e4-a52e-4f735466cecf":"f.9714F2348D0A698B9780435C77649C65.d.A3BB4A8A2C7D42E5C4BD4A85D244F7E9.e.10172","ELEMENT":"f.9714F2348D0A698B9780435C77649C65.d.A3BB4A8A2C7D42E5C4BD4A85D244F7E9.e.10172"}]}
COMMAND: POST /session/d53f532480bfbfa72ae7ae5ef7ef8f5b/element - {"using":"css selector","value":"#shell-header-logo"}
COMMAND: GET /session/d53f532480bfbfa72ae7ae5ef7ef8f5b/screenshot - {}
RESULT: {"using":"css selector","value":"#shell-header-logo"}
COMMAND: POST /session/d53f532480bfbfa72ae7ae5ef7ef8f5b/element/f.9714F2348D0A698B9780435C77649C65.d.A3BB4A8A2C7D42E5C4BD4A85D244F7E9.e.9800/click - {}
RESULT: {}
RESULT: {}
COMMAND: GET /session/d53f532480bfbfa72ae7ae5ef7ef8f5b/screenshot - {}
RESULT: {}
]]></system-out>
    </testcase>
    <testcase classname="chrome.135_0_7049_42.windows.Billing_Transfer_-_Intracompany_US127249" name="Should do a stock increase handover" time="79.066">
      <system-out><![CDATA[
COMMAND: POST /session/d53f532480bfbfa72ae7ae5ef7ef8f5b/execute/async - {"script":"<script> [1562 bytes]","args":[{"selector":{"controlType":"sap.m.Text","viewName":"etm.portal.ui.managehandoverstile.view.Master","properties":{"text":"Manage Handovers"},"interaction":{"idSuffix":"inner"}},"wdio_ui5_key":"etmportal.ui.managehandoverstile.view.Mastersap.m.Text{\"text\":\"Manage Handovers\"}"}]}
RESULT: {"script":"<script> [1562 bytes]","args":[{"selector":{"controlType":"sap.m.Text","viewName":"etm.portal.ui.managehandoverstile.view.Master","properties":{"text":"Manage Handovers"},"interaction":{"idSuffix":"inner"}},"wdio_ui5_key":"etmportal.ui.managehandoverstile.view.Mastersap.m.Text{\"text\":\"Manage Handovers\"}"}]}
RESULT: undefined
COMMAND: POST /session/d53f532480bfbfa72ae7ae5ef7ef8f5b/element - {"using":"xpath","value":"//*[@id=\"__tile131-title\"]"}
RESULT: {"using":"xpath","value":"//*[@id=\"__tile131-title\"]"}
COMMAND: POST /session/d53f532480bfbfa72ae7ae5ef7ef8f5b/element/f.9714F2348D0A698B9780435C77649C65.d.A3BB4A8A2C7D42E5C4BD4A85D244F7E9.e.10177/click - {}
RESULT: {}
COMMAND: POST /session/d53f532480bfbfa72ae7ae5ef7ef8f5b/element - {"using":"xpath","value":"//button[@data-kt=\"masterHOAddButton\"]"}
COMMAND: GET /session/d53f532480bfbfa72ae7ae5ef7ef8f5b/screenshot - {}
RESULT: {"using":"xpath","value":"//button[@data-kt=\"masterHOAddButton\"]"}
COMMAND: POST /session/d53f532480bfbfa72ae7ae5ef7ef8f5b/elements - {"using":"xpath","value":"//button[@data-kt=\"masterHOAddButton\"]"}
RESULT: {}
RESULT: {"using":"xpath","value":"//button[@data-kt=\"masterHOAddButton\"]"}
COMMAND: POST /session/d53f532480bfbfa72ae7ae5ef7ef8f5b/elements - {"using":"xpath","value":"//button[@data-kt=\"masterHOAddButton\"]"}
RESULT: {"using":"xpath","value":"//button[@data-kt=\"masterHOAddButton\"]"}
COMMAND: POST /session/d53f532480bfbfa72ae7ae5ef7ef8f5b/elements - {"using":"xpath","value":"//button[@data-kt=\"masterHOAddButton\"]"}
RESULT: {"using":"xpath","value":"//button[@data-kt=\"masterHOAddButton\"]"}
COMMAND: POST /session/d53f532480bfbfa72ae7ae5ef7ef8f5b/elements - {"using":"xpath","value":"//button[@data-kt=\"masterHOAddButton\"]"}
RESULT: {"using":"xpath","value":"//button[@data-kt=\"masterHOAddButton\"]"}
COMMAND: POST /session/d53f532480bfbfa72ae7ae5ef7ef8f5b/elements - {"using":"xpath","value":"//button[@data-kt=\"masterHOAddButton\"]"}
RESULT: {"using":"xpath","value":"//button[@data-kt=\"masterHOAddButton\"]"}
COMMAND: POST /session/d53f532480bfbfa72ae7ae5ef7ef8f5b/elements - {"using":"xpath","value":"//button[@data-kt=\"masterHOAddButton\"]"}
RESULT: {"using":"xpath","value":"//button[@data-kt=\"masterHOAddButton\"]"}
COMMAND: POST /session/d53f532480bfbfa72ae7ae5ef7ef8f5b/elements - {"using":"xpath","value":"//button[@data-kt=\"masterHOAddButton\"]"}
RESULT: {"using":"xpath","value":"//button[@data-kt=\"masterHOAddButton\"]"}
COMMAND: POST /session/d53f532480bfbfa72ae7ae5ef7ef8f5b/elements - {"using":"xpath","value":"//button[@data-kt=\"masterHOAddButton\"]"}
RESULT: {"using":"xpath","value":"//button[@data-kt=\"masterHOAddButton\"]"}
COMMAND: POST /session/d53f532480bfbfa72ae7ae5ef7ef8f5b/elements - {"using":"xpath","value":"//button[@data-kt=\"masterHOAddButton\"]"}
RESULT: {"using":"xpath","value":"//button[@data-kt=\"masterHOAddButton\"]"}
COMMAND: POST /session/d53f532480bfbfa72ae7ae5ef7ef8f5b/elements - {"using":"xpath","value":"//button[@data-kt=\"masterHOAddButton\"]"}
RESULT: {"using":"xpath","value":"//button[@data-kt=\"masterHOAddButton\"]"}
COMMAND: POST /session/d53f532480bfbfa72ae7ae5ef7ef8f5b/elements - {"using":"xpath","value":"//button[@data-kt=\"masterHOAddButton\"]"}
RESULT: {"using":"xpath","value":"//button[@data-kt=\"masterHOAddButton\"]"}
COMMAND: POST /session/d53f532480bfbfa72ae7ae5ef7ef8f5b/elements - {"using":"xpath","value":"//button[@data-kt=\"masterHOAddButton\"]"}
RESULT: {"using":"xpath","value":"//button[@data-kt=\"masterHOAddButton\"]"}
COMMAND: POST /session/d53f532480bfbfa72ae7ae5ef7ef8f5b/elements - {"using":"xpath","value":"//button[@data-kt=\"masterHOAddButton\"]"}
RESULT: {"using":"xpath","value":"//button[@data-kt=\"masterHOAddButton\"]"}
COMMAND: POST /session/d53f532480bfbfa72ae7ae5ef7ef8f5b/elements - {"using":"xpath","value":"//button[@data-kt=\"masterHOAddButton\"]"}
RESULT: {"using":"xpath","value":"//button[@data-kt=\"masterHOAddButton\"]"}
COMMAND: POST /session/d53f532480bfbfa72ae7ae5ef7ef8f5b/elements - {"using":"xpath","value":"//button[@data-kt=\"masterHOAddButton\"]"}
RESULT: {"using":"xpath","value":"//button[@data-kt=\"masterHOAddButton\"]"}
COMMAND: POST /session/d53f532480bfbfa72ae7ae5ef7ef8f5b/elements - {"using":"xpath","value":"//button[@data-kt=\"masterHOAddButton\"]"}
RESULT: {"using":"xpath","value":"//button[@data-kt=\"masterHOAddButton\"]"}
COMMAND: POST /session/d53f532480bfbfa72ae7ae5ef7ef8f5b/elements - {"using":"xpath","value":"//button[@data-kt=\"masterHOAddButton\"]"}
RESULT: {"using":"xpath","value":"//button[@data-kt=\"masterHOAddButton\"]"}
COMMAND: POST /session/d53f532480bfbfa72ae7ae5ef7ef8f5b/element - {"using":"xpath","value":"//button[@data-kt=\"masterHOAddButton\"]"}
RESULT: {"using":"xpath","value":"//button[@data-kt=\"masterHOAddButton\"]"}
COMMAND: POST /session/d53f532480bfbfa72ae7ae5ef7ef8f5b/execute/sync - {"script":"<script> [8489 bytes]","args":[{"element-6066-11e4-a52e-4f735466cecf":"f.9714F2348D0A698B9780435C77649C65.d.A3BB4A8A2C7D42E5C4BD4A85D244F7E9.e.10216","ELEMENT":"f.9714F2348D0A698B9780435C77649C65.d.A3BB4A8A2C7D42E5C4BD4A85D244F7E9.e.10216"}]}
RESULT: {"script":"<script> [8489 bytes]","args":[{"element-6066-11e4-a52e-4f735466cecf":"f.9714F2348D0A698B9780435C77649C65.d.A3BB4A8A2C7D42E5C4BD4A85D244F7E9.e.10216","ELEMENT":"f.9714F2348D0A698B9780435C77649C65.d.A3BB4A8A2C7D42E5C4BD4A85D244F7E9.e.10216"}]}
COMMAND: GET /session/d53f532480bfbfa72ae7ae5ef7ef8f5b/element/f.9714F2348D0A698B9780435C77649C65.d.A3BB4A8A2C7D42E5C4BD4A85D244F7E9.e.10216/enabled - {}
COMMAND: GET /session/d53f532480bfbfa72ae7ae5ef7ef8f5b/screenshot - {}
RESULT: {}
COMMAND: POST /session/d53f532480bfbfa72ae7ae5ef7ef8f5b/execute/sync - {"script":"<script> [8489 bytes]","args":[{"element-6066-11e4-a52e-4f735466cecf":"f.9714F2348D0A698B9780435C77649C65.d.A3BB4A8A2C7D42E5C4BD4A85D244F7E9.e.10216","ELEMENT":"f.9714F2348D0A698B9780435C77649C65.d.A3BB4A8A2C7D42E5C4BD4A85D244F7E9.e.10216"}]}
COMMAND: GET /session/d53f532480bfbfa72ae7ae5ef7ef8f5b/screenshot - {}
RESULT: {}
RESULT: {"script":"<script> [8489 bytes]","args":[{"element-6066-11e4-a52e-4f735466cecf":"f.9714F2348D0A698B9780435C77649C65.d.A3BB4A8A2C7D42E5C4BD4A85D244F7E9.e.10216","ELEMENT":"f.9714F2348D0A698B9780435C77649C65.d.A3BB4A8A2C7D42E5C4BD4A85D244F7E9.e.10216"}]}
COMMAND: POST /session/d53f532480bfbfa72ae7ae5ef7ef8f5b/execute/sync - {"script":"<script> [5351 bytes]","args":[{"element-6066-11e4-a52e-4f735466cecf":"f.9714F2348D0A698B9780435C77649C65.d.A3BB4A8A2C7D42E5C4BD4A85D244F7E9.e.10216","ELEMENT":"f.9714F2348D0A698B9780435C77649C65.d.A3BB4A8A2C7D42E5C4BD4A85D244F7E9.e.10216"}]}
COMMAND: GET /session/d53f532480bfbfa72ae7ae5ef7ef8f5b/screenshot - {}
RESULT: {}
RESULT: {"script":"<script> [5351 bytes]","args":[{"element-6066-11e4-a52e-4f735466cecf":"f.9714F2348D0A698B9780435C77649C65.d.A3BB4A8A2C7D42E5C4BD4A85D244F7E9.e.10216","ELEMENT":"f.9714F2348D0A698B9780435C77649C65.d.A3BB4A8A2C7D42E5C4BD4A85D244F7E9.e.10216"}]}
COMMAND: POST /session/d53f532480bfbfa72ae7ae5ef7ef8f5b/element/f.9714F2348D0A698B9780435C77649C65.d.A3BB4A8A2C7D42E5C4BD4A85D244F7E9.e.10216/click - {}
COMMAND: GET /session/d53f532480bfbfa72ae7ae5ef7ef8f5b/screenshot - {}
RESULT: {}
RESULT: {}
COMMAND: GET /session/d53f532480bfbfa72ae7ae5ef7ef8f5b/screenshot - {}
RESULT: {}
RESULT: {}
COMMAND: POST /session/d53f532480bfbfa72ae7ae5ef7ef8f5b/element - {"using":"xpath","value":"//span[contains(@id ,\"AddNewHO--typeSelect-arrow\")]"}
RESULT: {"using":"xpath","value":"//span[contains(@id ,\"AddNewHO--typeSelect-arrow\")]"}
COMMAND: POST /session/d53f532480bfbfa72ae7ae5ef7ef8f5b/element/f.9714F2348D0A698B9780435C77649C65.d.A3BB4A8A2C7D42E5C4BD4A85D244F7E9.e.10569/click - {}
RESULT: {}
COMMAND: GET /session/d53f532480bfbfa72ae7ae5ef7ef8f5b/screenshot - {}
RESULT: {}
COMMAND: POST /session/d53f532480bfbfa72ae7ae5ef7ef8f5b/element - {"using":"xpath","value":"(//li[contains(text(), \"stock increase yard\")])[1]"}
RESULT: {"using":"xpath","value":"(//li[contains(text(), \"stock increase yard\")])[1]"}
COMMAND: POST /session/d53f532480bfbfa72ae7ae5ef7ef8f5b/element/f.9714F2348D0A698B9780435C77649C65.d.A3BB4A8A2C7D42E5C4BD4A85D244F7E9.e.10570/click - {}
RESULT: {}
COMMAND: GET /session/d53f532480bfbfa72ae7ae5ef7ef8f5b/screenshot - {}
RESULT: {}
COMMAND: POST /session/d53f532480bfbfa72ae7ae5ef7ef8f5b/execute/async - {"script":"<script> [1562 bytes]","args":[{"selector":{"id":"application-managehandovers-display-component---AddNewHO--dueDate","interaction":{"idSuffix":"inner"}},"wdio_ui5_key":"applicationmanagehandovers-display-component---AddNewHO--dueDate"}]}
RESULT: {"script":"<script> [1562 bytes]","args":[{"selector":{"id":"application-managehandovers-display-component---AddNewHO--dueDate","interaction":{"idSuffix":"inner"}},"wdio_ui5_key":"applicationmanagehandovers-display-component---AddNewHO--dueDate"}]}
RESULT: undefined
COMMAND: POST /session/d53f532480bfbfa72ae7ae5ef7ef8f5b/execute/async - {"script":"<script> [6424 bytes]","args":[{"element-6066-11e4-a52e-4f735466cecf":"f.9714F2348D0A698B9780435C77649C65.d.A3BB4A8A2C7D42E5C4BD4A85D244F7E9.e.10572"},"setValue",["04/23/2025"]]}
RESULT: {"script":"<script> [6424 bytes]","args":[{"element-6066-11e4-a52e-4f735466cecf":"f.9714F2348D0A698B9780435C77649C65.d.A3BB4A8A2C7D42E5C4BD4A85D244F7E9.e.10572"},"setValue",["04/23/2025"]]}
COMMAND: POST /session/d53f532480bfbfa72ae7ae5ef7ef8f5b/element - {"using":"xpath","value":"//input[@id=\"generalSectionFrg--receiveYard-inner\"]"}
RESULT: {"using":"xpath","value":"//input[@id=\"generalSectionFrg--receiveYard-inner\"]"}
COMMAND: POST /session/d53f532480bfbfa72ae7ae5ef7ef8f5b/element/f.9714F2348D0A698B9780435C77649C65.d.A3BB4A8A2C7D42E5C4BD4A85D244F7E9.e.10578/clear - {}
RESULT: {}
COMMAND: POST /session/d53f532480bfbfa72ae7ae5ef7ef8f5b/element/f.9714F2348D0A698B9780435C77649C65.d.A3BB4A8A2C7D42E5C4BD4A85D244F7E9.e.10578/value - {"text":"713"}
COMMAND: GET /session/d53f532480bfbfa72ae7ae5ef7ef8f5b/screenshot - {}
RESULT: {"text":"713"}
COMMAND: GET /session/d53f532480bfbfa72ae7ae5ef7ef8f5b/screenshot - {}
RESULT: {}
RESULT: {}
COMMAND: POST /session/d53f532480bfbfa72ae7ae5ef7ef8f5b/element - {"using":"xpath","value":"//li[.//span[text()='713']]"}
RESULT: {"using":"xpath","value":"//li[.//span[text()='713']]"}
COMMAND: POST /session/d53f532480bfbfa72ae7ae5ef7ef8f5b/element/f.9714F2348D0A698B9780435C77649C65.d.A3BB4A8A2C7D42E5C4BD4A85D244F7E9.e.10593/click - {}
RESULT: {}
COMMAND: GET /session/d53f532480bfbfa72ae7ae5ef7ef8f5b/screenshot - {}
RESULT: {}
COMMAND: POST /session/d53f532480bfbfa72ae7ae5ef7ef8f5b/execute/async - {"script":"<script> [1562 bytes]","args":[{"selector":{"id":"application-managehandovers-display-component---AddNewHO--ObjectPageLayout-anchBar-application-managehandovers-display-component---AddNewHO--section4-anchor","interaction":{"idSuffix":"BDI-content"}},"wdio_ui5_key":"applicationmanagehandovers-display-component---AddNewHO--ObjectPageLayout-anchBar-application-managehandovers-display-component---AddNewHO--section4-anchor"}]}
RESULT: {"script":"<script> [1562 bytes]","args":[{"selector":{"id":"application-managehandovers-display-component---AddNewHO--ObjectPageLayout-anchBar-application-managehandovers-display-component---AddNewHO--section4-anchor","interaction":{"idSuffix":"BDI-content"}},"wdio_ui5_key":"applicationmanagehandovers-display-component---AddNewHO--ObjectPageLayout-anchBar-application-managehandovers-display-component---AddNewHO--section4-anchor"}]}
RESULT: undefined
COMMAND: POST /session/d53f532480bfbfa72ae7ae5ef7ef8f5b/element - {"using":"xpath","value":"//*[@id=\"application-managehandovers-display-component---AddNewHO--ObjectPageLayout-anchBar-application-managehandovers-display-component---AddNewHO--section4-anchor\"]"}
RESULT: {"using":"xpath","value":"//*[@id=\"application-managehandovers-display-component---AddNewHO--ObjectPageLayout-anchBar-application-managehandovers-display-component---AddNewHO--section4-anchor\"]"}
COMMAND: POST /session/d53f532480bfbfa72ae7ae5ef7ef8f5b/element/f.9714F2348D0A698B9780435C77649C65.d.A3BB4A8A2C7D42E5C4BD4A85D244F7E9.e.10595/click - {}
RESULT: {}
COMMAND: POST /session/d53f532480bfbfa72ae7ae5ef7ef8f5b/element - {"using":"xpath","value":"//button[@aria-label=\"Add\"]"}
COMMAND: GET /session/d53f532480bfbfa72ae7ae5ef7ef8f5b/screenshot - {}
RESULT: {"using":"xpath","value":"//button[@aria-label=\"Add\"]"}
COMMAND: POST /session/d53f532480bfbfa72ae7ae5ef7ef8f5b/element/f.9714F2348D0A698B9780435C77649C65.d.A3BB4A8A2C7D42E5C4BD4A85D244F7E9.e.10599/click - {}
RESULT: {}
RESULT: {}
COMMAND: GET /session/d53f532480bfbfa72ae7ae5ef7ef8f5b/screenshot - {}
RESULT: {}
COMMAND: POST /session/d53f532480bfbfa72ae7ae5ef7ef8f5b/execute/async - {"script":"<script> [1562 bytes]","args":[{"selector":{"id":"application-managehandovers-display-component---AddNewHO--smartFilterBar-btnBasicSearch","searchOpenDialogs":true,"interaction":{"idSuffix":"I"}},"wdio_ui5_key":"applicationmanagehandovers-display-component---AddNewHO--smartFilterBar-btnBasicSearch"}]}
RESULT: {"script":"<script> [1562 bytes]","args":[{"selector":{"id":"application-managehandovers-display-component---AddNewHO--smartFilterBar-btnBasicSearch","searchOpenDialogs":true,"interaction":{"idSuffix":"I"}},"wdio_ui5_key":"applicationmanagehandovers-display-component---AddNewHO--smartFilterBar-btnBasicSearch"}]}
RESULT: undefined
COMMAND: POST /session/d53f532480bfbfa72ae7ae5ef7ef8f5b/execute/async - {"script":"<script> [776 bytes]","args":[{"enterText":"lNgvrvLAzS","selector":{"id":"application-managehandovers-display-component---AddNewHO--smartFilterBar-btnBasicSearch","searchOpenDialogs":true,"interaction":{"idSuffix":"I"}},"clearTextFirst":true,"interactionType":"ENTER_TEXT"}]}
RESULT: {"script":"<script> [776 bytes]","args":[{"enterText":"lNgvrvLAzS","selector":{"id":"application-managehandovers-display-component---AddNewHO--smartFilterBar-btnBasicSearch","searchOpenDialogs":true,"interaction":{"idSuffix":"I"}},"clearTextFirst":true,"interactionType":"ENTER_TEXT"}]}
COMMAND: POST /session/d53f532480bfbfa72ae7ae5ef7ef8f5b/actions - {"actions":[{"id":"action37","type":"key","parameters":{},"actions":[{"type":"keyDown","value":""},{"type":"pause","duration":10},{"type":"keyUp","value":""}]}]}
RESULT: {"actions":[{"id":"action37","type":"key","parameters":{},"actions":[{"type":"keyDown","value":""},{"type":"pause","duration":10},{"type":"keyUp","value":""}]}]}
COMMAND: GET /session/d53f532480bfbfa72ae7ae5ef7ef8f5b/screenshot - {}
RESULT: {}
COMMAND: POST /session/d53f532480bfbfa72ae7ae5ef7ef8f5b/execute/async - {"script":"<script> [1562 bytes]","args":[{"selector":{"id":"application-managehandovers-display-component---AddNewHO--popup-sa","searchOpenDialogs":true,"interaction":{"idSuffix":"CbBg"}},"wdio_ui5_key":"applicationmanagehandovers-display-component---AddNewHO--popup-sa"}]}
RESULT: {"script":"<script> [1562 bytes]","args":[{"selector":{"id":"application-managehandovers-display-component---AddNewHO--popup-sa","searchOpenDialogs":true,"interaction":{"idSuffix":"CbBg"}},"wdio_ui5_key":"applicationmanagehandovers-display-component---AddNewHO--popup-sa"}]}
RESULT: undefined
COMMAND: POST /session/d53f532480bfbfa72ae7ae5ef7ef8f5b/element - {"using":"xpath","value":"//*[@id=\"application-managehandovers-display-component---AddNewHO--popup-sa\"]"}
RESULT: {"using":"xpath","value":"//*[@id=\"application-managehandovers-display-component---AddNewHO--popup-sa\"]"}
COMMAND: POST /session/d53f532480bfbfa72ae7ae5ef7ef8f5b/element/f.9714F2348D0A698B9780435C77649C65.d.A3BB4A8A2C7D42E5C4BD4A85D244F7E9.e.10752/click - {}
RESULT: {}
COMMAND: GET /session/d53f532480bfbfa72ae7ae5ef7ef8f5b/screenshot - {}
RESULT: {}
COMMAND: POST /session/d53f532480bfbfa72ae7ae5ef7ef8f5b/element - {"using":"xpath","value":"//bdi[contains(text(), \"Select\")]"}
RESULT: {"using":"xpath","value":"//bdi[contains(text(), \"Select\")]"}
COMMAND: POST /session/d53f532480bfbfa72ae7ae5ef7ef8f5b/element/f.9714F2348D0A698B9780435C77649C65.d.A3BB4A8A2C7D42E5C4BD4A85D244F7E9.e.10753/click - {}
RESULT: {}
COMMAND: GET /session/d53f532480bfbfa72ae7ae5ef7ef8f5b/screenshot - {}
RESULT: {}
COMMAND: POST /session/d53f532480bfbfa72ae7ae5ef7ef8f5b/element - {"using":"xpath","value":"//button[@data-kt=\"AddNewHOSaveButton\"]"}
RESULT: {"using":"xpath","value":"//button[@data-kt=\"AddNewHOSaveButton\"]"}
COMMAND: POST /session/d53f532480bfbfa72ae7ae5ef7ef8f5b/element/f.9714F2348D0A698B9780435C77649C65.d.A3BB4A8A2C7D42E5C4BD4A85D244F7E9.e.10757/click - {}
RESULT: {}
COMMAND: GET /session/d53f532480bfbfa72ae7ae5ef7ef8f5b/screenshot - {}
RESULT: {}
COMMAND: POST /session/d53f532480bfbfa72ae7ae5ef7ef8f5b/execute/async - {"script":"<script> [1562 bytes]","args":[{"selector":{"id":"receiptDatePicker","viewName":"etm.portal.ui.managehandovers.view.DetailExecuteHO","interaction":{"idSuffix":"inner"}},"wdio_ui5_key":"receiptDatePickeretmportal.ui.managehandovers.view.DetailExecuteHO"}]}
RESULT: {"script":"<script> [1562 bytes]","args":[{"selector":{"id":"receiptDatePicker","viewName":"etm.portal.ui.managehandovers.view.DetailExecuteHO","interaction":{"idSuffix":"inner"}},"wdio_ui5_key":"receiptDatePickeretmportal.ui.managehandovers.view.DetailExecuteHO"}]}
RESULT: undefined
COMMAND: POST /session/d53f532480bfbfa72ae7ae5ef7ef8f5b/execute/async - {"script":"<script> [6424 bytes]","args":[{"element-6066-11e4-a52e-4f735466cecf":"f.9714F2348D0A698B9780435C77649C65.d.A3BB4A8A2C7D42E5C4BD4A85D244F7E9.e.10785"},"setValue",["04/23/2025"]]}
RESULT: {"script":"<script> [6424 bytes]","args":[{"element-6066-11e4-a52e-4f735466cecf":"f.9714F2348D0A698B9780435C77649C65.d.A3BB4A8A2C7D42E5C4BD4A85D244F7E9.e.10785"},"setValue",["04/23/2025"]]}
COMMAND: POST /session/d53f532480bfbfa72ae7ae5ef7ef8f5b/element - {"using":"xpath","value":"//button[@data-kt=\"PickingTableConfirmAllButton\"]"}
RESULT: {"using":"xpath","value":"//button[@data-kt=\"PickingTableConfirmAllButton\"]"}
COMMAND: POST /session/d53f532480bfbfa72ae7ae5ef7ef8f5b/element/f.9714F2348D0A698B9780435C77649C65.d.A3BB4A8A2C7D42E5C4BD4A85D244F7E9.e.10800/click - {}
RESULT: {}
COMMAND: GET /session/d53f532480bfbfa72ae7ae5ef7ef8f5b/screenshot - {}
RESULT: {}
COMMAND: POST /session/d53f532480bfbfa72ae7ae5ef7ef8f5b/element - {"using":"xpath","value":"//bdi[contains(text(), \"OK\")]"}
RESULT: {"using":"xpath","value":"//bdi[contains(text(), \"OK\")]"}
COMMAND: POST /session/d53f532480bfbfa72ae7ae5ef7ef8f5b/element/f.9714F2348D0A698B9780435C77649C65.d.A3BB4A8A2C7D42E5C4BD4A85D244F7E9.e.10802/click - {}
RESULT: {}
COMMAND: GET /session/d53f532480bfbfa72ae7ae5ef7ef8f5b/screenshot - {}
RESULT: {}
COMMAND: POST /session/d53f532480bfbfa72ae7ae5ef7ef8f5b/element - {"using":"xpath","value":"(//bdi[contains(text(), \"Receive\")])[2]"}
RESULT: {"using":"xpath","value":"(//bdi[contains(text(), \"Receive\")])[2]"}
COMMAND: POST /session/d53f532480bfbfa72ae7ae5ef7ef8f5b/element/f.9714F2348D0A698B9780435C77649C65.d.A3BB4A8A2C7D42E5C4BD4A85D244F7E9.e.10804/click - {}
RESULT: {}
COMMAND: GET /session/d53f532480bfbfa72ae7ae5ef7ef8f5b/screenshot - {}
RESULT: {}
COMMAND: POST /session/d53f532480bfbfa72ae7ae5ef7ef8f5b/element - {"using":"css selector","value":"#shell-header-logo"}
RESULT: {"using":"css selector","value":"#shell-header-logo"}
COMMAND: POST /session/d53f532480bfbfa72ae7ae5ef7ef8f5b/element/f.9714F2348D0A698B9780435C77649C65.d.A3BB4A8A2C7D42E5C4BD4A85D244F7E9.e.10179/click - {}
RESULT: {}
COMMAND: GET /session/d53f532480bfbfa72ae7ae5ef7ef8f5b/screenshot - {}
RESULT: {}
]]></system-out>
    </testcase>
    <testcase classname="chrome.135_0_7049_42.windows.Billing_Transfer_-_Intracompany_US127249" name="Should create a new contract" time="54.226">
      <system-out><![CDATA[
COMMAND: POST /session/d53f532480bfbfa72ae7ae5ef7ef8f5b/execute/async - {"script":"<script> [1562 bytes]","args":[{"selector":{"controlType":"sap.m.Text","viewName":"etm.portal.ui.managecontractstile.view.Master","properties":{"text":"Manage Contracts"},"interaction":{"idSuffix":"inner"}},"wdio_ui5_key":"etmportal.ui.managecontractstile.view.Mastersap.m.Text{\"text\":\"Manage Contracts\"}"}]}
RESULT: {"script":"<script> [1562 bytes]","args":[{"selector":{"controlType":"sap.m.Text","viewName":"etm.portal.ui.managecontractstile.view.Master","properties":{"text":"Manage Contracts"},"interaction":{"idSuffix":"inner"}},"wdio_ui5_key":"etmportal.ui.managecontractstile.view.Mastersap.m.Text{\"text\":\"Manage Contracts\"}"}]}
RESULT: undefined
COMMAND: POST /session/d53f532480bfbfa72ae7ae5ef7ef8f5b/element - {"using":"xpath","value":"//*[@id=\"__tile132-title\"]"}
RESULT: {"using":"xpath","value":"//*[@id=\"__tile132-title\"]"}
COMMAND: POST /session/d53f532480bfbfa72ae7ae5ef7ef8f5b/element/f.9714F2348D0A698B9780435C77649C65.d.A3BB4A8A2C7D42E5C4BD4A85D244F7E9.e.10973/click - {}
RESULT: {}
COMMAND: GET /session/d53f532480bfbfa72ae7ae5ef7ef8f5b/screenshot - {}
COMMAND: POST /session/d53f532480bfbfa72ae7ae5ef7ef8f5b/element - {"using":"xpath","value":"//button[@data-kt=\"addButton\"]"}
RESULT: {}
RESULT: undefined
RESULT: undefined
RESULT: {"using":"xpath","value":"//button[@data-kt=\"addButton\"]"}
COMMAND: POST /session/d53f532480bfbfa72ae7ae5ef7ef8f5b/elements - {"using":"xpath","value":"//button[@data-kt=\"addButton\"]"}
RESULT: {"using":"xpath","value":"//button[@data-kt=\"addButton\"]"}
COMMAND: POST /session/d53f532480bfbfa72ae7ae5ef7ef8f5b/execute/sync - {"script":"<script> [8489 bytes]","args":[{"element-6066-11e4-a52e-4f735466cecf":"f.9714F2348D0A698B9780435C77649C65.d.A3BB4A8A2C7D42E5C4BD4A85D244F7E9.e.11046","ELEMENT":"f.9714F2348D0A698B9780435C77649C65.d.A3BB4A8A2C7D42E5C4BD4A85D244F7E9.e.11046"}]}
RESULT: {"script":"<script> [8489 bytes]","args":[{"element-6066-11e4-a52e-4f735466cecf":"f.9714F2348D0A698B9780435C77649C65.d.A3BB4A8A2C7D42E5C4BD4A85D244F7E9.e.11046","ELEMENT":"f.9714F2348D0A698B9780435C77649C65.d.A3BB4A8A2C7D42E5C4BD4A85D244F7E9.e.11046"}]}
COMMAND: GET /session/d53f532480bfbfa72ae7ae5ef7ef8f5b/element/f.9714F2348D0A698B9780435C77649C65.d.A3BB4A8A2C7D42E5C4BD4A85D244F7E9.e.11046/enabled - {}
COMMAND: GET /session/d53f532480bfbfa72ae7ae5ef7ef8f5b/screenshot - {}
RESULT: {}
COMMAND: POST /session/d53f532480bfbfa72ae7ae5ef7ef8f5b/execute/sync - {"script":"<script> [8489 bytes]","args":[{"element-6066-11e4-a52e-4f735466cecf":"f.9714F2348D0A698B9780435C77649C65.d.A3BB4A8A2C7D42E5C4BD4A85D244F7E9.e.11046","ELEMENT":"f.9714F2348D0A698B9780435C77649C65.d.A3BB4A8A2C7D42E5C4BD4A85D244F7E9.e.11046"}]}
COMMAND: GET /session/d53f532480bfbfa72ae7ae5ef7ef8f5b/screenshot - {}
RESULT: {}
RESULT: {"script":"<script> [8489 bytes]","args":[{"element-6066-11e4-a52e-4f735466cecf":"f.9714F2348D0A698B9780435C77649C65.d.A3BB4A8A2C7D42E5C4BD4A85D244F7E9.e.11046","ELEMENT":"f.9714F2348D0A698B9780435C77649C65.d.A3BB4A8A2C7D42E5C4BD4A85D244F7E9.e.11046"}]}
COMMAND: POST /session/d53f532480bfbfa72ae7ae5ef7ef8f5b/execute/sync - {"script":"<script> [5351 bytes]","args":[{"element-6066-11e4-a52e-4f735466cecf":"f.9714F2348D0A698B9780435C77649C65.d.A3BB4A8A2C7D42E5C4BD4A85D244F7E9.e.11046","ELEMENT":"f.9714F2348D0A698B9780435C77649C65.d.A3BB4A8A2C7D42E5C4BD4A85D244F7E9.e.11046"}]}
COMMAND: GET /session/d53f532480bfbfa72ae7ae5ef7ef8f5b/screenshot - {}
RESULT: {}
RESULT: {"script":"<script> [5351 bytes]","args":[{"element-6066-11e4-a52e-4f735466cecf":"f.9714F2348D0A698B9780435C77649C65.d.A3BB4A8A2C7D42E5C4BD4A85D244F7E9.e.11046","ELEMENT":"f.9714F2348D0A698B9780435C77649C65.d.A3BB4A8A2C7D42E5C4BD4A85D244F7E9.e.11046"}]}
COMMAND: GET /session/d53f532480bfbfa72ae7ae5ef7ef8f5b/screenshot - {}
RESULT: {}
RESULT: {}
COMMAND: POST /session/d53f532480bfbfa72ae7ae5ef7ef8f5b/element/f.9714F2348D0A698B9780435C77649C65.d.A3BB4A8A2C7D42E5C4BD4A85D244F7E9.e.11046/click - {}
RESULT: {}
COMMAND: GET /session/d53f532480bfbfa72ae7ae5ef7ef8f5b/screenshot - {}
COMMAND: POST /session/d53f532480bfbfa72ae7ae5ef7ef8f5b/execute/async - {"script":"<script> [1562 bytes]","args":[{"selector":{"id":"application-managecontracts-display-component---AddNewContract--projectDescription","interaction":{"idSuffix":"inner"}},"wdio_ui5_key":"applicationmanagecontracts-display-component---AddNewContract--projectDescription"}]}
RESULT: {}
RESULT: {"script":"<script> [1562 bytes]","args":[{"selector":{"id":"application-managecontracts-display-component---AddNewContract--projectDescription","interaction":{"idSuffix":"inner"}},"wdio_ui5_key":"applicationmanagecontracts-display-component---AddNewContract--projectDescription"}]}
RESULT: undefined
COMMAND: POST /session/d53f532480bfbfa72ae7ae5ef7ef8f5b/execute/async - {"script":"<script> [776 bytes]","args":[{"enterText":"Contract WDIO","selector":{"id":"application-managecontracts-display-component---AddNewContract--projectDescription","interaction":{"idSuffix":"inner"}},"clearTextFirst":true,"interactionType":"ENTER_TEXT"}]}
RESULT: {"script":"<script> [776 bytes]","args":[{"enterText":"Contract WDIO","selector":{"id":"application-managecontracts-display-component---AddNewContract--projectDescription","interaction":{"idSuffix":"inner"}},"clearTextFirst":true,"interactionType":"ENTER_TEXT"}]}
COMMAND: POST /session/d53f532480bfbfa72ae7ae5ef7ef8f5b/element - {"using":"xpath","value":"//input[@id=\"application-managecontracts-display-component---AddNewContract--site-inner\"]"}
RESULT: {"using":"xpath","value":"//input[@id=\"application-managecontracts-display-component---AddNewContract--site-inner\"]"}
COMMAND: POST /session/d53f532480bfbfa72ae7ae5ef7ef8f5b/element/f.9714F2348D0A698B9780435C77649C65.d.A3BB4A8A2C7D42E5C4BD4A85D244F7E9.e.11341/clear - {}
RESULT: {}
COMMAND: POST /session/d53f532480bfbfa72ae7ae5ef7ef8f5b/element/f.9714F2348D0A698B9780435C77649C65.d.A3BB4A8A2C7D42E5C4BD4A85D244F7E9.e.11341/value - {"text":"2526"}
COMMAND: GET /session/d53f532480bfbfa72ae7ae5ef7ef8f5b/screenshot - {}
RESULT: {"text":"2526"}
COMMAND: GET /session/d53f532480bfbfa72ae7ae5ef7ef8f5b/screenshot - {}
RESULT: {}
RESULT: {}
COMMAND: POST /session/d53f532480bfbfa72ae7ae5ef7ef8f5b/element - {"using":"xpath","value":"//li[.//span[text()='2526']]"}
RESULT: {"using":"xpath","value":"//li[.//span[text()='2526']]"}
COMMAND: POST /session/d53f532480bfbfa72ae7ae5ef7ef8f5b/element/f.9714F2348D0A698B9780435C77649C65.d.A3BB4A8A2C7D42E5C4BD4A85D244F7E9.e.11363/click - {}
RESULT: {}
COMMAND: GET /session/d53f532480bfbfa72ae7ae5ef7ef8f5b/screenshot - {}
RESULT: {}
COMMAND: POST /session/d53f532480bfbfa72ae7ae5ef7ef8f5b/element - {"using":"xpath","value":"//input[@id=\"application-managecontracts-display-component---AddNewContract--yardId-inner\"]"}
RESULT: {"using":"xpath","value":"//input[@id=\"application-managecontracts-display-component---AddNewContract--yardId-inner\"]"}
COMMAND: GET /session/d53f532480bfbfa72ae7ae5ef7ef8f5b/element/f.9714F2348D0A698B9780435C77649C65.d.A3BB4A8A2C7D42E5C4BD4A85D244F7E9.e.11342/property/value - {}
RESULT: {}
COMMAND: POST /session/d53f532480bfbfa72ae7ae5ef7ef8f5b/element - {"using":"xpath","value":"//input[@id=\"application-managecontracts-display-component---AddNewContract--customerSelect-inner\"]"}
COMMAND: GET /session/d53f532480bfbfa72ae7ae5ef7ef8f5b/screenshot - {}
RESULT: {"using":"xpath","value":"//input[@id=\"application-managecontracts-display-component---AddNewContract--customerSelect-inner\"]"}
COMMAND: POST /session/d53f532480bfbfa72ae7ae5ef7ef8f5b/element/f.9714F2348D0A698B9780435C77649C65.d.A3BB4A8A2C7D42E5C4BD4A85D244F7E9.e.11340/clear - {}
RESULT: {}
RESULT: {}
COMMAND: POST /session/d53f532480bfbfa72ae7ae5ef7ef8f5b/element/f.9714F2348D0A698B9780435C77649C65.d.A3BB4A8A2C7D42E5C4BD4A85D244F7E9.e.11340/value - {"text":"1569"}
COMMAND: GET /session/d53f532480bfbfa72ae7ae5ef7ef8f5b/screenshot - {}
RESULT: {"text":"1569"}
COMMAND: GET /session/d53f532480bfbfa72ae7ae5ef7ef8f5b/screenshot - {}
RESULT: {}
RESULT: {}
COMMAND: POST /session/d53f532480bfbfa72ae7ae5ef7ef8f5b/element - {"using":"xpath","value":"//li[.//span[text()='1569']]"}
RESULT: {"using":"xpath","value":"//li[.//span[text()='1569']]"}
COMMAND: POST /session/d53f532480bfbfa72ae7ae5ef7ef8f5b/element/f.9714F2348D0A698B9780435C77649C65.d.A3BB4A8A2C7D42E5C4BD4A85D244F7E9.e.11366/click - {}
RESULT: {}
COMMAND: GET /session/d53f532480bfbfa72ae7ae5ef7ef8f5b/screenshot - {}
RESULT: {}
COMMAND: POST /session/d53f532480bfbfa72ae7ae5ef7ef8f5b/element - {"using":"xpath","value":"//button[@data-kt=\"saveButton\"]"}
RESULT: {"using":"xpath","value":"//button[@data-kt=\"saveButton\"]"}
COMMAND: POST /session/d53f532480bfbfa72ae7ae5ef7ef8f5b/element/f.9714F2348D0A698B9780435C77649C65.d.A3BB4A8A2C7D42E5C4BD4A85D244F7E9.e.11356/click - {}
RESULT: {}
COMMAND: GET /session/d53f532480bfbfa72ae7ae5ef7ef8f5b/screenshot - {}
RESULT: {}
COMMAND: POST /session/d53f532480bfbfa72ae7ae5ef7ef8f5b/element - {"using":"xpath","value":"//span[contains(@id ,\"contractDetailTitleNoExpanded\")]"}
RESULT: {"using":"xpath","value":"//span[contains(@id ,\"contractDetailTitleNoExpanded\")]"}
COMMAND: POST /session/d53f532480bfbfa72ae7ae5ef7ef8f5b/elements - {"using":"xpath","value":"//span[contains(@id ,\"contractDetailTitleNoExpanded\")]"}
RESULT: {"using":"xpath","value":"//span[contains(@id ,\"contractDetailTitleNoExpanded\")]"}
COMMAND: POST /session/d53f532480bfbfa72ae7ae5ef7ef8f5b/execute/sync - {"script":"<script> [56 bytes]","args":[{"element-6066-11e4-a52e-4f735466cecf":"f.9714F2348D0A698B9780435C77649C65.d.A3BB4A8A2C7D42E5C4BD4A85D244F7E9.e.11377","ELEMENT":"f.9714F2348D0A698B9780435C77649C65.d.A3BB4A8A2C7D42E5C4BD4A85D244F7E9.e.11377"}]}
RESULT: {"script":"<script> [56 bytes]","args":[{"element-6066-11e4-a52e-4f735466cecf":"f.9714F2348D0A698B9780435C77649C65.d.A3BB4A8A2C7D42E5C4BD4A85D244F7E9.e.11377","ELEMENT":"f.9714F2348D0A698B9780435C77649C65.d.A3BB4A8A2C7D42E5C4BD4A85D244F7E9.e.11377"}]}
COMMAND: GET /session/d53f532480bfbfa72ae7ae5ef7ef8f5b/screenshot - {}
RESULT: {}
]]></system-out>
    </testcase>
    <testcase classname="chrome.135_0_7049_42.windows.Billing_Transfer_-_Intracompany_US127249" name="Should add equipment to the contract" time="41.571">
      <system-out><![CDATA[
COMMAND: POST /session/d53f532480bfbfa72ae7ae5ef7ef8f5b/element - {"using":"xpath","value":"//button[@data-kt=\"contractDetailEditBtnButton\"]"}
RESULT: {"using":"xpath","value":"//button[@data-kt=\"contractDetailEditBtnButton\"]"}
COMMAND: POST /session/d53f532480bfbfa72ae7ae5ef7ef8f5b/element/f.9714F2348D0A698B9780435C77649C65.d.A3BB4A8A2C7D42E5C4BD4A85D244F7E9.e.11378/click - {}
RESULT: {}
COMMAND: GET /session/d53f532480bfbfa72ae7ae5ef7ef8f5b/screenshot - {}
RESULT: {}
COMMAND: POST /session/d53f532480bfbfa72ae7ae5ef7ef8f5b/element - {"using":"xpath","value":"(//span[contains(text(), \"Additional Addresses\")])[2]"}
RESULT: {"using":"xpath","value":"(//span[contains(text(), \"Additional Addresses\")])[2]"}
COMMAND: POST /session/d53f532480bfbfa72ae7ae5ef7ef8f5b/element/f.9714F2348D0A698B9780435C77649C65.d.A3BB4A8A2C7D42E5C4BD4A85D244F7E9.e.11434/click - {}
RESULT: {}
COMMAND: GET /session/d53f532480bfbfa72ae7ae5ef7ef8f5b/screenshot - {}
RESULT: {}
COMMAND: POST /session/d53f532480bfbfa72ae7ae5ef7ef8f5b/element - {"using":"xpath","value":"//button[@data-kt=\"btnAddTableRowOverflowToolbarButton\"]"}
RESULT: {"using":"xpath","value":"//button[@data-kt=\"btnAddTableRowOverflowToolbarButton\"]"}
COMMAND: POST /session/d53f532480bfbfa72ae7ae5ef7ef8f5b/element/f.9714F2348D0A698B9780435C77649C65.d.A3BB4A8A2C7D42E5C4BD4A85D244F7E9.e.11436/click - {}
RESULT: {}
COMMAND: GET /session/d53f532480bfbfa72ae7ae5ef7ef8f5b/screenshot - {}
RESULT: {}
COMMAND: POST /session/d53f532480bfbfa72ae7ae5ef7ef8f5b/element - {"using":"xpath","value":"//div[(text() = 'Standard Entry' or . = 'Standard Entry')]"}
RESULT: {"using":"xpath","value":"//div[(text() = 'Standard Entry' or . = 'Standard Entry')]"}
COMMAND: POST /session/d53f532480bfbfa72ae7ae5ef7ef8f5b/element/f.9714F2348D0A698B9780435C77649C65.d.A3BB4A8A2C7D42E5C4BD4A85D244F7E9.e.11438/click - {}
RESULT: {}
COMMAND: GET /session/d53f532480bfbfa72ae7ae5ef7ef8f5b/screenshot - {}
RESULT: {}
COMMAND: POST /session/d53f532480bfbfa72ae7ae5ef7ef8f5b/element - {"using":"xpath","value":"//td[7]/div/div/input"}
RESULT: {"using":"xpath","value":"//td[7]/div/div/input"}
COMMAND: POST /session/d53f532480bfbfa72ae7ae5ef7ef8f5b/element/f.9714F2348D0A698B9780435C77649C65.d.A3BB4A8A2C7D42E5C4BD4A85D244F7E9.e.11447/clear - {}
RESULT: {}
COMMAND: POST /session/d53f532480bfbfa72ae7ae5ef7ef8f5b/element/f.9714F2348D0A698B9780435C77649C65.d.A3BB4A8A2C7D42E5C4BD4A85D244F7E9.e.11447/value - {"text":"lNgvrvLAzS"}
COMMAND: GET /session/d53f532480bfbfa72ae7ae5ef7ef8f5b/screenshot - {}
RESULT: {"text":"lNgvrvLAzS"}
COMMAND: GET /session/d53f532480bfbfa72ae7ae5ef7ef8f5b/screenshot - {}
RESULT: {}
RESULT: {}
COMMAND: POST /session/d53f532480bfbfa72ae7ae5ef7ef8f5b/actions - {"actions":[{"id":"action38","type":"key","parameters":{},"actions":[{"type":"keyDown","value":""},{"type":"pause","duration":10},{"type":"keyUp","value":""}]}]}
RESULT: {"actions":[{"id":"action38","type":"key","parameters":{},"actions":[{"type":"keyDown","value":""},{"type":"pause","duration":10},{"type":"keyUp","value":""}]}]}
COMMAND: GET /session/d53f532480bfbfa72ae7ae5ef7ef8f5b/screenshot - {}
RESULT: {}
COMMAND: POST /session/d53f532480bfbfa72ae7ae5ef7ef8f5b/element - {"using":"xpath","value":"(//button[@data-kt=\"saveButton\"])[2]"}
RESULT: {"using":"xpath","value":"(//button[@data-kt=\"saveButton\"])[2]"}
COMMAND: POST /session/d53f532480bfbfa72ae7ae5ef7ef8f5b/element/f.9714F2348D0A698B9780435C77649C65.d.A3BB4A8A2C7D42E5C4BD4A85D244F7E9.e.11462/click - {}
RESULT: {}
COMMAND: GET /session/d53f532480bfbfa72ae7ae5ef7ef8f5b/screenshot - {}
RESULT: {}
COMMAND: POST /session/d53f532480bfbfa72ae7ae5ef7ef8f5b/element - {"using":"xpath","value":"//span[contains(@id ,\"contractItemsSmartTable-header-inner\")]"}
RESULT: {"using":"xpath","value":"//span[contains(@id ,\"contractItemsSmartTable-header-inner\")]"}
COMMAND: POST /session/d53f532480bfbfa72ae7ae5ef7ef8f5b/elements - {"using":"xpath","value":"//span[contains(@id ,\"contractItemsSmartTable-header-inner\")]"}
RESULT: {"using":"xpath","value":"//span[contains(@id ,\"contractItemsSmartTable-header-inner\")]"}
COMMAND: POST /session/d53f532480bfbfa72ae7ae5ef7ef8f5b/execute/sync - {"script":"<script> [56 bytes]","args":[{"element-6066-11e4-a52e-4f735466cecf":"f.9714F2348D0A698B9780435C77649C65.d.A3BB4A8A2C7D42E5C4BD4A85D244F7E9.e.11467","ELEMENT":"f.9714F2348D0A698B9780435C77649C65.d.A3BB4A8A2C7D42E5C4BD4A85D244F7E9.e.11467"}]}
RESULT: {"script":"<script> [56 bytes]","args":[{"element-6066-11e4-a52e-4f735466cecf":"f.9714F2348D0A698B9780435C77649C65.d.A3BB4A8A2C7D42E5C4BD4A85D244F7E9.e.11467","ELEMENT":"f.9714F2348D0A698B9780435C77649C65.d.A3BB4A8A2C7D42E5C4BD4A85D244F7E9.e.11467"}]}
]]></system-out>
    </testcase>
    <testcase classname="chrome.135_0_7049_42.windows.Billing_Transfer_-_Intracompany_US127249" name="Should do a provide to site handover" time="54.683">
      <system-out><![CDATA[
COMMAND: GET /session/d53f532480bfbfa72ae7ae5ef7ef8f5b/screenshot - {}
COMMAND: POST /session/d53f532480bfbfa72ae7ae5ef7ef8f5b/element - {"using":"xpath","value":"//button[@data-kt=\"provideButton\"]"}
RESULT: {}
RESULT: {"using":"xpath","value":"//button[@data-kt=\"provideButton\"]"}
COMMAND: POST /session/d53f532480bfbfa72ae7ae5ef7ef8f5b/element/f.9714F2348D0A698B9780435C77649C65.d.A3BB4A8A2C7D42E5C4BD4A85D244F7E9.e.11468/click - {}
RESULT: {}
COMMAND: GET /session/d53f532480bfbfa72ae7ae5ef7ef8f5b/screenshot - {}
RESULT: undefined
COMMAND: POST /session/d53f532480bfbfa72ae7ae5ef7ef8f5b/execute/async - {"script":"<script> [6424 bytes]","args":[{"element-6066-11e4-a52e-4f735466cecf":"f.9714F2348D0A698B9780435C77649C65.d.A3BB4A8A2C7D42E5C4BD4A85D244F7E9.e.10572"},"setValue",["04/23/2025"]]}
RESULT: {}
COMMAND: POST /session/d53f532480bfbfa72ae7ae5ef7ef8f5b/execute/async - {"script":"<script> [1562 bytes]","args":[{"selector":{"id":"application-managehandovers-display-component---AddNewHO--dueDate","interaction":{"idSuffix":"inner"}},"wdio_ui5_key":"applicationmanagehandovers-display-component---AddNewHO--dueDate"}]}
RESULT: {"script":"<script> [1562 bytes]","args":[{"selector":{"id":"application-managehandovers-display-component---AddNewHO--dueDate","interaction":{"idSuffix":"inner"}},"wdio_ui5_key":"applicationmanagehandovers-display-component---AddNewHO--dueDate"}]}
COMMAND: POST /session/d53f532480bfbfa72ae7ae5ef7ef8f5b/execute/async - {"script":"<script> [6424 bytes]","args":[{"element-6066-11e4-a52e-4f735466cecf":"f.9714F2348D0A698B9780435C77649C65.d.A3BB4A8A2C7D42E5C4BD4A85D244F7E9.e.11521"},"setValue",["04/23/2025"]]}
RESULT: {"script":"<script> [6424 bytes]","args":[{"element-6066-11e4-a52e-4f735466cecf":"f.9714F2348D0A698B9780435C77649C65.d.A3BB4A8A2C7D42E5C4BD4A85D244F7E9.e.11521"},"setValue",["04/23/2025"]]}
COMMAND: POST /session/d53f532480bfbfa72ae7ae5ef7ef8f5b/element - {"using":"xpath","value":"//bdi[contains(text(), \"Instructions\")]"}
RESULT: {"using":"xpath","value":"//bdi[contains(text(), \"Instructions\")]"}
COMMAND: POST /session/d53f532480bfbfa72ae7ae5ef7ef8f5b/element/f.9714F2348D0A698B9780435C77649C65.d.A3BB4A8A2C7D42E5C4BD4A85D244F7E9.e.11774/click - {}
RESULT: {}
COMMAND: GET /session/d53f532480bfbfa72ae7ae5ef7ef8f5b/screenshot - {}
RESULT: {}
COMMAND: POST /session/d53f532480bfbfa72ae7ae5ef7ef8f5b/element - {"using":"xpath","value":"//button[@data-kt=\"AddNewHOProvideAddItemsButton\"]"}
RESULT: {"using":"xpath","value":"//button[@data-kt=\"AddNewHOProvideAddItemsButton\"]"}
COMMAND: POST /session/d53f532480bfbfa72ae7ae5ef7ef8f5b/element/f.9714F2348D0A698B9780435C77649C65.d.A3BB4A8A2C7D42E5C4BD4A85D244F7E9.e.11778/click - {}
RESULT: {}
COMMAND: GET /session/d53f532480bfbfa72ae7ae5ef7ef8f5b/screenshot - {}
RESULT: {}
RESULT: undefined
COMMAND: POST /session/d53f532480bfbfa72ae7ae5ef7ef8f5b/element - {"using":"xpath","value":"//*[@id=\"application-managehandovers-display-component---AddNewHO--popup-sa\"]"}
RESULT: {"using":"xpath","value":"//*[@id=\"application-managehandovers-display-component---AddNewHO--popup-sa\"]"}
COMMAND: POST /session/d53f532480bfbfa72ae7ae5ef7ef8f5b/element/f.9714F2348D0A698B9780435C77649C65.d.A3BB4A8A2C7D42E5C4BD4A85D244F7E9.e.11787/click - {}
RESULT: {}
COMMAND: GET /session/d53f532480bfbfa72ae7ae5ef7ef8f5b/screenshot - {}
RESULT: {}
COMMAND: POST /session/d53f532480bfbfa72ae7ae5ef7ef8f5b/element - {"using":"xpath","value":"//*[contains(@id ,\"BDI-content\")][contains(text(), \"Select\")]"}
RESULT: {"using":"xpath","value":"//*[contains(@id ,\"BDI-content\")][contains(text(), \"Select\")]"}
COMMAND: POST /session/d53f532480bfbfa72ae7ae5ef7ef8f5b/element/f.9714F2348D0A698B9780435C77649C65.d.A3BB4A8A2C7D42E5C4BD4A85D244F7E9.e.11789/click - {}
RESULT: {}
COMMAND: GET /session/d53f532480bfbfa72ae7ae5ef7ef8f5b/screenshot - {}
RESULT: {}
COMMAND: POST /session/d53f532480bfbfa72ae7ae5ef7ef8f5b/execute/async - {"script":"<script> [1562 bytes]","args":[{"selector":{"id":"application-managehandovers-display-component---AddNewHO--confirmCreationButton","interaction":{"idSuffix":"BDI-content"}},"wdio_ui5_key":"applicationmanagehandovers-display-component---AddNewHO--confirmCreationButton"}]}
RESULT: {"script":"<script> [1562 bytes]","args":[{"selector":{"id":"application-managehandovers-display-component---AddNewHO--confirmCreationButton","interaction":{"idSuffix":"BDI-content"}},"wdio_ui5_key":"applicationmanagehandovers-display-component---AddNewHO--confirmCreationButton"}]}
RESULT: undefined
COMMAND: POST /session/d53f532480bfbfa72ae7ae5ef7ef8f5b/element - {"using":"xpath","value":"//*[@id=\"application-managehandovers-display-component---AddNewHO--confirmCreationButton\"]"}
RESULT: {"using":"xpath","value":"//*[@id=\"application-managehandovers-display-component---AddNewHO--confirmCreationButton\"]"}
COMMAND: POST /session/d53f532480bfbfa72ae7ae5ef7ef8f5b/element/f.9714F2348D0A698B9780435C77649C65.d.A3BB4A8A2C7D42E5C4BD4A85D244F7E9.e.11586/click - {}
RESULT: {}
COMMAND: GET /session/d53f532480bfbfa72ae7ae5ef7ef8f5b/screenshot - {}
RESULT: {}
COMMAND: POST /session/d53f532480bfbfa72ae7ae5ef7ef8f5b/element - {"using":"xpath","value":"//button[@data-kt=\"PickingTableConfirmAllButton\"]"}
RESULT: {"using":"xpath","value":"//button[@data-kt=\"PickingTableConfirmAllButton\"]"}
COMMAND: POST /session/d53f532480bfbfa72ae7ae5ef7ef8f5b/element/f.9714F2348D0A698B9780435C77649C65.d.A3BB4A8A2C7D42E5C4BD4A85D244F7E9.e.11827/click - {}
COMMAND: POST /session/d53f532480bfbfa72ae7ae5ef7ef8f5b/element - {"using":"xpath","value":"//button[@data-kt=\"PickingTableConfirmAllButton\"]"}
RESULT: {"using":"xpath","value":"//button[@data-kt=\"PickingTableConfirmAllButton\"]"}
COMMAND: POST /session/d53f532480bfbfa72ae7ae5ef7ef8f5b/element/f.9714F2348D0A698B9780435C77649C65.d.A3BB4A8A2C7D42E5C4BD4A85D244F7E9.e.11827/click - {}
COMMAND: POST /session/d53f532480bfbfa72ae7ae5ef7ef8f5b/element - {"using":"xpath","value":"//button[@data-kt=\"PickingTableConfirmAllButton\"]"}
RESULT: {"using":"xpath","value":"//button[@data-kt=\"PickingTableConfirmAllButton\"]"}
COMMAND: POST /session/d53f532480bfbfa72ae7ae5ef7ef8f5b/element/f.9714F2348D0A698B9780435C77649C65.d.A3BB4A8A2C7D42E5C4BD4A85D244F7E9.e.11847/click - {}
RESULT: {}
COMMAND: GET /session/d53f532480bfbfa72ae7ae5ef7ef8f5b/screenshot - {}
RESULT: {}
COMMAND: POST /session/d53f532480bfbfa72ae7ae5ef7ef8f5b/element - {"using":"xpath","value":"//bdi[contains(text(), \"OK\")]"}
RESULT: {"using":"xpath","value":"//bdi[contains(text(), \"OK\")]"}
COMMAND: POST /session/d53f532480bfbfa72ae7ae5ef7ef8f5b/element/f.9714F2348D0A698B9780435C77649C65.d.A3BB4A8A2C7D42E5C4BD4A85D244F7E9.e.11851/click - {}
RESULT: {}
COMMAND: GET /session/d53f532480bfbfa72ae7ae5ef7ef8f5b/screenshot - {}
RESULT: {}
COMMAND: POST /session/d53f532480bfbfa72ae7ae5ef7ef8f5b/element - {"using":"xpath","value":"//bdi[contains(text(), \"Issue\")]"}
RESULT: {"using":"xpath","value":"//bdi[contains(text(), \"Issue\")]"}
COMMAND: POST /session/d53f532480bfbfa72ae7ae5ef7ef8f5b/element/f.9714F2348D0A698B9780435C77649C65.d.A3BB4A8A2C7D42E5C4BD4A85D244F7E9.e.11852/click - {}
RESULT: {}
COMMAND: GET /session/d53f532480bfbfa72ae7ae5ef7ef8f5b/screenshot - {}
RESULT: {}
COMMAND: POST /session/d53f532480bfbfa72ae7ae5ef7ef8f5b/element - {"using":"css selector","value":"#shell-header-logo"}
RESULT: {"using":"css selector","value":"#shell-header-logo"}
COMMAND: POST /session/d53f532480bfbfa72ae7ae5ef7ef8f5b/element/f.9714F2348D0A698B9780435C77649C65.d.A3BB4A8A2C7D42E5C4BD4A85D244F7E9.e.10989/click - {}
RESULT: {}
COMMAND: GET /session/d53f532480bfbfa72ae7ae5ef7ef8f5b/screenshot - {}
RESULT: {}
]]></system-out>
    </testcase>
    <testcase classname="chrome.135_0_7049_42.windows.Billing_Transfer_-_Intracompany_US127249" name="Should go navigate to Manage Billings and trigger contract calculation check result" time="53.212">
      <system-out><![CDATA[
COMMAND: POST /session/d53f532480bfbfa72ae7ae5ef7ef8f5b/execute/async - {"script":"<script> [1562 bytes]","args":[{"selector":{"controlType":"sap.m.GenericTile","properties":{"header":"Manage Billings"}},"wdio_ui5_key":"sapm.GenericTile{\"header\":\"Manage Billings\"}"}]}
RESULT: {"script":"<script> [1562 bytes]","args":[{"selector":{"controlType":"sap.m.GenericTile","properties":{"header":"Manage Billings"}},"wdio_ui5_key":"sapm.GenericTile{\"header\":\"Manage Billings\"}"}]}
RESULT: undefined
COMMAND: POST /session/d53f532480bfbfa72ae7ae5ef7ef8f5b/element - {"using":"xpath","value":"//*[@id=\"__tile51\"]"}
RESULT: {"using":"xpath","value":"//*[@id=\"__tile51\"]"}
COMMAND: POST /session/d53f532480bfbfa72ae7ae5ef7ef8f5b/element/f.9714F2348D0A698B9780435C77649C65.d.A3BB4A8A2C7D42E5C4BD4A85D244F7E9.e.6624/click - {}
RESULT: {}
COMMAND: GET /session/d53f532480bfbfa72ae7ae5ef7ef8f5b/screenshot - {}
RESULT: {}
COMMAND: POST /session/d53f532480bfbfa72ae7ae5ef7ef8f5b/execute/async - {"script":"<script> [1562 bytes]","args":[{"selector":{"id":"application-managebillings-display-component---billRunCalcResult--smartFilterBar-btnBasicSearch","interaction":{"idSuffix":"I"}},"wdio_ui5_key":"applicationmanagebillings-display-component---billRunCalcResult--smartFilterBar-btnBasicSearch"}]}
RESULT: {"script":"<script> [1562 bytes]","args":[{"selector":{"id":"application-managebillings-display-component---billRunCalcResult--smartFilterBar-btnBasicSearch","interaction":{"idSuffix":"I"}},"wdio_ui5_key":"applicationmanagebillings-display-component---billRunCalcResult--smartFilterBar-btnBasicSearch"}]}
RESULT: undefined
COMMAND: POST /session/d53f532480bfbfa72ae7ae5ef7ef8f5b/execute/async - {"script":"<script> [776 bytes]","args":[{"enterText":"10600","selector":{"id":"application-managebillings-display-component---billRunCalcResult--smartFilterBar-btnBasicSearch","interaction":{"idSuffix":"I"}},"clearTextFirst":true,"interactionType":"ENTER_TEXT"}]}
RESULT: {"script":"<script> [776 bytes]","args":[{"enterText":"10600","selector":{"id":"application-managebillings-display-component---billRunCalcResult--smartFilterBar-btnBasicSearch","interaction":{"idSuffix":"I"}},"clearTextFirst":true,"interactionType":"ENTER_TEXT"}]}
COMMAND: POST /session/d53f532480bfbfa72ae7ae5ef7ef8f5b/actions - {"actions":[{"id":"action39","type":"key","parameters":{},"actions":[{"type":"keyDown","value":""},{"type":"pause","duration":10},{"type":"keyUp","value":""}]}]}
RESULT: {"actions":[{"id":"action39","type":"key","parameters":{},"actions":[{"type":"keyDown","value":""},{"type":"pause","duration":10},{"type":"keyUp","value":""}]}]}
COMMAND: GET /session/d53f532480bfbfa72ae7ae5ef7ef8f5b/screenshot - {}
RESULT: {}
COMMAND: POST /session/d53f532480bfbfa72ae7ae5ef7ef8f5b/element - {"using":"xpath","value":"//td[@aria-colindex=\"1\"]/div/div[contains(@class, \"sapMCbBg\")]"}
RESULT: {"using":"xpath","value":"//td[@aria-colindex=\"1\"]/div/div[contains(@class, \"sapMCbBg\")]"}
COMMAND: POST /session/d53f532480bfbfa72ae7ae5ef7ef8f5b/element/f.9714F2348D0A698B9780435C77649C65.d.A3BB4A8A2C7D42E5C4BD4A85D244F7E9.e.12349/click - {}
RESULT: {}
COMMAND: GET /session/d53f532480bfbfa72ae7ae5ef7ef8f5b/screenshot - {}
RESULT: {}
COMMAND: POST /session/d53f532480bfbfa72ae7ae5ef7ef8f5b/execute/async - {"script":"<script> [1562 bytes]","args":[{"selector":{"id":"application-managebillings-display-component---billRunCalcResult--contractBillRunDate","interaction":{"idSuffix":"inner"}},"wdio_ui5_key":"applicationmanagebillings-display-component---billRunCalcResult--contractBillRunDate"}]}
RESULT: {"script":"<script> [1562 bytes]","args":[{"selector":{"id":"application-managebillings-display-component---billRunCalcResult--contractBillRunDate","interaction":{"idSuffix":"inner"}},"wdio_ui5_key":"applicationmanagebillings-display-component---billRunCalcResult--contractBillRunDate"}]}
RESULT: undefined
COMMAND: POST /session/d53f532480bfbfa72ae7ae5ef7ef8f5b/execute/async - {"script":"<script> [776 bytes]","args":[{"enterText":"04/23/25","selector":{"id":"application-managebillings-display-component---billRunCalcResult--contractBillRunDate","interaction":{"idSuffix":"inner"}},"clearTextFirst":true,"interactionType":"ENTER_TEXT"}]}
RESULT: {"script":"<script> [776 bytes]","args":[{"enterText":"04/23/25","selector":{"id":"application-managebillings-display-component---billRunCalcResult--contractBillRunDate","interaction":{"idSuffix":"inner"}},"clearTextFirst":true,"interactionType":"ENTER_TEXT"}]}
COMMAND: POST /session/d53f532480bfbfa72ae7ae5ef7ef8f5b/element - {"using":"xpath","value":"//bdi[contains(text(), \"Trigger Calculation\")]"}
RESULT: {"using":"xpath","value":"//bdi[contains(text(), \"Trigger Calculation\")]"}
COMMAND: POST /session/d53f532480bfbfa72ae7ae5ef7ef8f5b/element/f.9714F2348D0A698B9780435C77649C65.d.A3BB4A8A2C7D42E5C4BD4A85D244F7E9.e.12400/click - {}
RESULT: {}
COMMAND: GET /session/d53f532480bfbfa72ae7ae5ef7ef8f5b/screenshot - {}
RESULT: {}
COMMAND: POST /session/d53f532480bfbfa72ae7ae5ef7ef8f5b/element - {"using":"xpath","value":"(//span[contains(@id, \"imgNav\")])[1]"}
RESULT: {"using":"xpath","value":"(//span[contains(@id, \"imgNav\")])[1]"}
COMMAND: POST /session/d53f532480bfbfa72ae7ae5ef7ef8f5b/element/f.9714F2348D0A698B9780435C77649C65.d.A3BB4A8A2C7D42E5C4BD4A85D244F7E9.e.12350/click - {}
RESULT: {}
COMMAND: GET /session/d53f532480bfbfa72ae7ae5ef7ef8f5b/screenshot - {}
RESULT: {}
COMMAND: POST /session/d53f532480bfbfa72ae7ae5ef7ef8f5b/element - {"using":"xpath","value":"//tr/td[6]/div[1]/span[1]/span[1]"}
RESULT: {"using":"xpath","value":"//tr/td[6]/div[1]/span[1]/span[1]"}
COMMAND: GET /session/d53f532480bfbfa72ae7ae5ef7ef8f5b/element/f.9714F2348D0A698B9780435C77649C65.d.A3BB4A8A2C7D42E5C4BD4A85D244F7E9.e.12404/text - {}
RESULT: {}
COMMAND: POST /session/d53f532480bfbfa72ae7ae5ef7ef8f5b/element - {"using":"xpath","value":"(//span[contains(@id, \"imgNav\")])[2]"}
RESULT: {"using":"xpath","value":"(//span[contains(@id, \"imgNav\")])[2]"}
COMMAND: POST /session/d53f532480bfbfa72ae7ae5ef7ef8f5b/element/f.9714F2348D0A698B9780435C77649C65.d.A3BB4A8A2C7D42E5C4BD4A85D244F7E9.e.12405/click - {}
RESULT: {}
COMMAND: POST /session/d53f532480bfbfa72ae7ae5ef7ef8f5b/element - {"using":"xpath","value":"//bdi[contains(text(), \"Business Confirm\")]"}
COMMAND: GET /session/d53f532480bfbfa72ae7ae5ef7ef8f5b/screenshot - {}
RESULT: {"using":"xpath","value":"//bdi[contains(text(), \"Business Confirm\")]"}
COMMAND: POST /session/d53f532480bfbfa72ae7ae5ef7ef8f5b/elements - {"using":"xpath","value":"//bdi[contains(text(), \"Business Confirm\")]"}
RESULT: {}
RESULT: {"using":"xpath","value":"//bdi[contains(text(), \"Business Confirm\")]"}
COMMAND: POST /session/d53f532480bfbfa72ae7ae5ef7ef8f5b/elements - {"using":"xpath","value":"//bdi[contains(text(), \"Business Confirm\")]"}
RESULT: {"using":"xpath","value":"//bdi[contains(text(), \"Business Confirm\")]"}
COMMAND: POST /session/d53f532480bfbfa72ae7ae5ef7ef8f5b/element - {"using":"xpath","value":"//bdi[contains(text(), \"Business Confirm\")]"}
RESULT: {"using":"xpath","value":"//bdi[contains(text(), \"Business Confirm\")]"}
COMMAND: POST /session/d53f532480bfbfa72ae7ae5ef7ef8f5b/element/f.9714F2348D0A698B9780435C77649C65.d.A3BB4A8A2C7D42E5C4BD4A85D244F7E9.e.12428/click - {}
RESULT: {}
COMMAND: POST /session/d53f532480bfbfa72ae7ae5ef7ef8f5b/element - {"using":"css selector","value":"#shell-header-logo"}
COMMAND: GET /session/d53f532480bfbfa72ae7ae5ef7ef8f5b/screenshot - {}
RESULT: {"using":"css selector","value":"#shell-header-logo"}
COMMAND: POST /session/d53f532480bfbfa72ae7ae5ef7ef8f5b/element/f.9714F2348D0A698B9780435C77649C65.d.A3BB4A8A2C7D42E5C4BD4A85D244F7E9.e.12142/click - {}
RESULT: {}
RESULT: {}
COMMAND: GET /session/d53f532480bfbfa72ae7ae5ef7ef8f5b/screenshot - {}
RESULT: {}
]]></system-out>
    </testcase>
    <testcase classname="chrome.135_0_7049_42.windows.Billing_Transfer_-_Intracompany_US127249" name="Should navigate to billing transfer and invoice the contract" time="69.466">
      <system-out><![CDATA[
COMMAND: POST /session/d53f532480bfbfa72ae7ae5ef7ef8f5b/execute/async - {"script":"<script> [1562 bytes]","args":[{"selector":{"controlType":"sap.m.GenericTile","properties":{"header":"Billing Transfer"}},"wdio_ui5_key":"sapm.GenericTile{\"header\":\"Billing Transfer\"}"}]}
RESULT: {"script":"<script> [1562 bytes]","args":[{"selector":{"controlType":"sap.m.GenericTile","properties":{"header":"Billing Transfer"}},"wdio_ui5_key":"sapm.GenericTile{\"header\":\"Billing Transfer\"}"}]}
RESULT: undefined
COMMAND: POST /session/d53f532480bfbfa72ae7ae5ef7ef8f5b/element - {"using":"xpath","value":"//*[@id=\"__tile50\"]"}
RESULT: {"using":"xpath","value":"//*[@id=\"__tile50\"]"}
COMMAND: POST /session/d53f532480bfbfa72ae7ae5ef7ef8f5b/element/f.9714F2348D0A698B9780435C77649C65.d.A3BB4A8A2C7D42E5C4BD4A85D244F7E9.e.6622/click - {}
RESULT: {}
COMMAND: POST /session/d53f532480bfbfa72ae7ae5ef7ef8f5b/element - {"using":"xpath","value":"//input[contains(@id ,\"application-billingtransfer-display-component---billingWorkbench--smartFilterBar-btnBasicSearch\")]"}
COMMAND: GET /session/d53f532480bfbfa72ae7ae5ef7ef8f5b/screenshot - {}
RESULT: {"using":"xpath","value":"//input[contains(@id ,\"application-billingtransfer-display-component---billingWorkbench--smartFilterBar-btnBasicSearch\")]"}
COMMAND: POST /session/d53f532480bfbfa72ae7ae5ef7ef8f5b/elements - {"using":"xpath","value":"//input[contains(@id ,\"application-billingtransfer-display-component---billingWorkbench--smartFilterBar-btnBasicSearch\")]"}
RESULT: {}
RESULT: {"using":"xpath","value":"//input[contains(@id ,\"application-billingtransfer-display-component---billingWorkbench--smartFilterBar-btnBasicSearch\")]"}
COMMAND: POST /session/d53f532480bfbfa72ae7ae5ef7ef8f5b/element - {"using":"xpath","value":"//input[contains(@id ,\"application-billingtransfer-display-component---billingWorkbench--smartFilterBar-btnBasicSearch\")]"}
RESULT: {"using":"xpath","value":"//input[contains(@id ,\"application-billingtransfer-display-component---billingWorkbench--smartFilterBar-btnBasicSearch\")]"}
COMMAND: POST /session/d53f532480bfbfa72ae7ae5ef7ef8f5b/execute/sync - {"script":"<script> [8489 bytes]","args":[{"element-6066-11e4-a52e-4f735466cecf":"f.9714F2348D0A698B9780435C77649C65.d.A3BB4A8A2C7D42E5C4BD4A85D244F7E9.e.12479","ELEMENT":"f.9714F2348D0A698B9780435C77649C65.d.A3BB4A8A2C7D42E5C4BD4A85D244F7E9.e.12479"}]}
RESULT: {"script":"<script> [8489 bytes]","args":[{"element-6066-11e4-a52e-4f735466cecf":"f.9714F2348D0A698B9780435C77649C65.d.A3BB4A8A2C7D42E5C4BD4A85D244F7E9.e.12479","ELEMENT":"f.9714F2348D0A698B9780435C77649C65.d.A3BB4A8A2C7D42E5C4BD4A85D244F7E9.e.12479"}]}
COMMAND: GET /session/d53f532480bfbfa72ae7ae5ef7ef8f5b/element/f.9714F2348D0A698B9780435C77649C65.d.A3BB4A8A2C7D42E5C4BD4A85D244F7E9.e.12479/enabled - {}
COMMAND: GET /session/d53f532480bfbfa72ae7ae5ef7ef8f5b/screenshot - {}
RESULT: {}
COMMAND: POST /session/d53f532480bfbfa72ae7ae5ef7ef8f5b/element/f.9714F2348D0A698B9780435C77649C65.d.A3BB4A8A2C7D42E5C4BD4A85D244F7E9.e.12479/click - {}
COMMAND: GET /session/d53f532480bfbfa72ae7ae5ef7ef8f5b/screenshot - {}
RESULT: {}
RESULT: {}
COMMAND: GET /session/d53f532480bfbfa72ae7ae5ef7ef8f5b/screenshot - {}
RESULT: {}
RESULT: {}
COMMAND: POST /session/d53f532480bfbfa72ae7ae5ef7ef8f5b/element/f.9714F2348D0A698B9780435C77649C65.d.A3BB4A8A2C7D42E5C4BD4A85D244F7E9.e.12479/clear - {}
RESULT: {}
COMMAND: POST /session/d53f532480bfbfa72ae7ae5ef7ef8f5b/element/f.9714F2348D0A698B9780435C77649C65.d.A3BB4A8A2C7D42E5C4BD4A85D244F7E9.e.12479/value - {"text":"10600"}
COMMAND: GET /session/d53f532480bfbfa72ae7ae5ef7ef8f5b/screenshot - {}
RESULT: {"text":"10600"}
COMMAND: POST /session/d53f532480bfbfa72ae7ae5ef7ef8f5b/actions - {"actions":[{"id":"action40","type":"key","parameters":{},"actions":[{"type":"keyDown","value":""},{"type":"pause","duration":10},{"type":"keyUp","value":""}]}]}
COMMAND: GET /session/d53f532480bfbfa72ae7ae5ef7ef8f5b/screenshot - {}
RESULT: {}
RESULT: {"actions":[{"id":"action40","type":"key","parameters":{},"actions":[{"type":"keyDown","value":""},{"type":"pause","duration":10},{"type":"keyUp","value":""}]}]}
COMMAND: GET /session/d53f532480bfbfa72ae7ae5ef7ef8f5b/screenshot - {}
RESULT: {}
RESULT: {}
COMMAND: POST /session/d53f532480bfbfa72ae7ae5ef7ef8f5b/element - {"using":"xpath","value":"//span[contains(@id ,\"application-billingtransfer-display-component---billingWorkbench--smartTableBillingRuns-header-inner\")]"}
RESULT: {"using":"xpath","value":"//span[contains(@id ,\"application-billingtransfer-display-component---billingWorkbench--smartTableBillingRuns-header-inner\")]"}
COMMAND: POST /session/d53f532480bfbfa72ae7ae5ef7ef8f5b/elements - {"using":"xpath","value":"//span[contains(@id ,\"application-billingtransfer-display-component---billingWorkbench--smartTableBillingRuns-header-inner\")]"}
RESULT: {"using":"xpath","value":"//span[contains(@id ,\"application-billingtransfer-display-component---billingWorkbench--smartTableBillingRuns-header-inner\")]"}
COMMAND: POST /session/d53f532480bfbfa72ae7ae5ef7ef8f5b/execute/sync - {"script":"<script> [56 bytes]","args":[{"element-6066-11e4-a52e-4f735466cecf":"f.9714F2348D0A698B9780435C77649C65.d.A3BB4A8A2C7D42E5C4BD4A85D244F7E9.e.12806","ELEMENT":"f.9714F2348D0A698B9780435C77649C65.d.A3BB4A8A2C7D42E5C4BD4A85D244F7E9.e.12806"}]}
RESULT: {"script":"<script> [56 bytes]","args":[{"element-6066-11e4-a52e-4f735466cecf":"f.9714F2348D0A698B9780435C77649C65.d.A3BB4A8A2C7D42E5C4BD4A85D244F7E9.e.12806","ELEMENT":"f.9714F2348D0A698B9780435C77649C65.d.A3BB4A8A2C7D42E5C4BD4A85D244F7E9.e.12806"}]}
COMMAND: POST /session/d53f532480bfbfa72ae7ae5ef7ef8f5b/element - {"using":"xpath","value":"//td[@aria-colindex=\"1\"]/div/div[contains(@class, \"sapMCbBg\")]"}
COMMAND: GET /session/d53f532480bfbfa72ae7ae5ef7ef8f5b/screenshot - {}
RESULT: {"using":"xpath","value":"//td[@aria-colindex=\"1\"]/div/div[contains(@class, \"sapMCbBg\")]"}
COMMAND: POST /session/d53f532480bfbfa72ae7ae5ef7ef8f5b/element/f.9714F2348D0A698B9780435C77649C65.d.A3BB4A8A2C7D42E5C4BD4A85D244F7E9.e.12798/click - {}
RESULT: {}
RESULT: {}
COMMAND: GET /session/d53f532480bfbfa72ae7ae5ef7ef8f5b/screenshot - {}
RESULT: {}
COMMAND: POST /session/d53f532480bfbfa72ae7ae5ef7ef8f5b/element - {"using":"xpath","value":"//bdi[contains(text(), \"Check\")]"}
RESULT: {"using":"xpath","value":"//bdi[contains(text(), \"Check\")]"}
COMMAND: POST /session/d53f532480bfbfa72ae7ae5ef7ef8f5b/element/f.9714F2348D0A698B9780435C77649C65.d.A3BB4A8A2C7D42E5C4BD4A85D244F7E9.e.12807/click - {}
RESULT: {}
COMMAND: GET /session/d53f532480bfbfa72ae7ae5ef7ef8f5b/screenshot - {}
RESULT: {}
COMMAND: POST /session/d53f532480bfbfa72ae7ae5ef7ef8f5b/element - {"using":"xpath","value":"//bdi[contains(text(), \"OK\")]"}
RESULT: {"using":"xpath","value":"//bdi[contains(text(), \"OK\")]"}
COMMAND: POST /session/d53f532480bfbfa72ae7ae5ef7ef8f5b/element/f.9714F2348D0A698B9780435C77649C65.d.A3BB4A8A2C7D42E5C4BD4A85D244F7E9.e.12810/click - {}
RESULT: {}
COMMAND: GET /session/d53f532480bfbfa72ae7ae5ef7ef8f5b/screenshot - {}
RESULT: {}
COMMAND: POST /session/d53f532480bfbfa72ae7ae5ef7ef8f5b/element - {"using":"xpath","value":"(//span[contains(text(), \"CO/SD checked\")]/parent::div/preceding-sibling::div/span)[1]"}
RESULT: {"using":"xpath","value":"(//span[contains(text(), \"CO/SD checked\")]/parent::div/preceding-sibling::div/span)[1]"}
COMMAND: POST /session/d53f532480bfbfa72ae7ae5ef7ef8f5b/element/f.9714F2348D0A698B9780435C77649C65.d.A3BB4A8A2C7D42E5C4BD4A85D244F7E9.e.12820/click - {}
RESULT: {}
COMMAND: GET /session/d53f532480bfbfa72ae7ae5ef7ef8f5b/screenshot - {}
RESULT: {}
COMMAND: POST /session/d53f532480bfbfa72ae7ae5ef7ef8f5b/element - {"using":"xpath","value":"//input[contains(@id ,\"application-billingtransfer-display-component---billingWorkbench--smartFilterBar-btnBasicSearch\")]"}
RESULT: {"using":"xpath","value":"//input[contains(@id ,\"application-billingtransfer-display-component---billingWorkbench--smartFilterBar-btnBasicSearch\")]"}
COMMAND: POST /session/d53f532480bfbfa72ae7ae5ef7ef8f5b/elements - {"using":"xpath","value":"//input[contains(@id ,\"application-billingtransfer-display-component---billingWorkbench--smartFilterBar-btnBasicSearch\")]"}
RESULT: {"using":"xpath","value":"//input[contains(@id ,\"application-billingtransfer-display-component---billingWorkbench--smartFilterBar-btnBasicSearch\")]"}
COMMAND: POST /session/d53f532480bfbfa72ae7ae5ef7ef8f5b/execute/sync - {"script":"<script> [8489 bytes]","args":[{"element-6066-11e4-a52e-4f735466cecf":"f.9714F2348D0A698B9780435C77649C65.d.A3BB4A8A2C7D42E5C4BD4A85D244F7E9.e.12479","ELEMENT":"f.9714F2348D0A698B9780435C77649C65.d.A3BB4A8A2C7D42E5C4BD4A85D244F7E9.e.12479"}]}
RESULT: {"script":"<script> [8489 bytes]","args":[{"element-6066-11e4-a52e-4f735466cecf":"f.9714F2348D0A698B9780435C77649C65.d.A3BB4A8A2C7D42E5C4BD4A85D244F7E9.e.12479","ELEMENT":"f.9714F2348D0A698B9780435C77649C65.d.A3BB4A8A2C7D42E5C4BD4A85D244F7E9.e.12479"}]}
COMMAND: GET /session/d53f532480bfbfa72ae7ae5ef7ef8f5b/element/f.9714F2348D0A698B9780435C77649C65.d.A3BB4A8A2C7D42E5C4BD4A85D244F7E9.e.12479/enabled - {}
COMMAND: GET /session/d53f532480bfbfa72ae7ae5ef7ef8f5b/screenshot - {}
RESULT: {}
COMMAND: POST /session/d53f532480bfbfa72ae7ae5ef7ef8f5b/element/f.9714F2348D0A698B9780435C77649C65.d.A3BB4A8A2C7D42E5C4BD4A85D244F7E9.e.12479/click - {}
COMMAND: GET /session/d53f532480bfbfa72ae7ae5ef7ef8f5b/screenshot - {}
RESULT: {}
RESULT: {}
COMMAND: GET /session/d53f532480bfbfa72ae7ae5ef7ef8f5b/screenshot - {}
RESULT: {}
RESULT: {}
COMMAND: POST /session/d53f532480bfbfa72ae7ae5ef7ef8f5b/element/f.9714F2348D0A698B9780435C77649C65.d.A3BB4A8A2C7D42E5C4BD4A85D244F7E9.e.12479/clear - {}
RESULT: {}
COMMAND: POST /session/d53f532480bfbfa72ae7ae5ef7ef8f5b/element/f.9714F2348D0A698B9780435C77649C65.d.A3BB4A8A2C7D42E5C4BD4A85D244F7E9.e.12479/value - {"text":"10600"}
COMMAND: GET /session/d53f532480bfbfa72ae7ae5ef7ef8f5b/screenshot - {}
RESULT: {"text":"10600"}
COMMAND: POST /session/d53f532480bfbfa72ae7ae5ef7ef8f5b/actions - {"actions":[{"id":"action41","type":"key","parameters":{},"actions":[{"type":"keyDown","value":""},{"type":"pause","duration":10},{"type":"keyUp","value":""}]}]}
COMMAND: GET /session/d53f532480bfbfa72ae7ae5ef7ef8f5b/screenshot - {}
RESULT: {}
RESULT: {"actions":[{"id":"action41","type":"key","parameters":{},"actions":[{"type":"keyDown","value":""},{"type":"pause","duration":10},{"type":"keyUp","value":""}]}]}
COMMAND: GET /session/d53f532480bfbfa72ae7ae5ef7ef8f5b/screenshot - {}
RESULT: {}
RESULT: {}
COMMAND: POST /session/d53f532480bfbfa72ae7ae5ef7ef8f5b/element - {"using":"xpath","value":"//span[contains(@id ,\"application-billingtransfer-display-component---billingWorkbench--smartTableBillingRuns-header-inner\")]"}
RESULT: {"using":"xpath","value":"//span[contains(@id ,\"application-billingtransfer-display-component---billingWorkbench--smartTableBillingRuns-header-inner\")]"}
COMMAND: POST /session/d53f532480bfbfa72ae7ae5ef7ef8f5b/elements - {"using":"xpath","value":"//span[contains(@id ,\"application-billingtransfer-display-component---billingWorkbench--smartTableBillingRuns-header-inner\")]"}
RESULT: {"using":"xpath","value":"//span[contains(@id ,\"application-billingtransfer-display-component---billingWorkbench--smartTableBillingRuns-header-inner\")]"}
COMMAND: POST /session/d53f532480bfbfa72ae7ae5ef7ef8f5b/execute/sync - {"script":"<script> [56 bytes]","args":[{"element-6066-11e4-a52e-4f735466cecf":"f.9714F2348D0A698B9780435C77649C65.d.A3BB4A8A2C7D42E5C4BD4A85D244F7E9.e.12806","ELEMENT":"f.9714F2348D0A698B9780435C77649C65.d.A3BB4A8A2C7D42E5C4BD4A85D244F7E9.e.12806"}]}
RESULT: {"script":"<script> [56 bytes]","args":[{"element-6066-11e4-a52e-4f735466cecf":"f.9714F2348D0A698B9780435C77649C65.d.A3BB4A8A2C7D42E5C4BD4A85D244F7E9.e.12806","ELEMENT":"f.9714F2348D0A698B9780435C77649C65.d.A3BB4A8A2C7D42E5C4BD4A85D244F7E9.e.12806"}]}
COMMAND: POST /session/d53f532480bfbfa72ae7ae5ef7ef8f5b/element - {"using":"xpath","value":"//td[@aria-colindex=\"1\"]/div/div[contains(@class, \"sapMCbBg\")]"}
COMMAND: GET /session/d53f532480bfbfa72ae7ae5ef7ef8f5b/screenshot - {}
RESULT: {"using":"xpath","value":"//td[@aria-colindex=\"1\"]/div/div[contains(@class, \"sapMCbBg\")]"}
COMMAND: POST /session/d53f532480bfbfa72ae7ae5ef7ef8f5b/element/f.9714F2348D0A698B9780435C77649C65.d.A3BB4A8A2C7D42E5C4BD4A85D244F7E9.e.12824/click - {}
RESULT: {}
RESULT: {}
COMMAND: GET /session/d53f532480bfbfa72ae7ae5ef7ef8f5b/screenshot - {}
RESULT: {}
COMMAND: POST /session/d53f532480bfbfa72ae7ae5ef7ef8f5b/element - {"using":"xpath","value":"//bdi[text()=\"Transfer\"]"}
RESULT: {"using":"xpath","value":"//bdi[text()=\"Transfer\"]"}
COMMAND: POST /session/d53f532480bfbfa72ae7ae5ef7ef8f5b/element/f.9714F2348D0A698B9780435C77649C65.d.A3BB4A8A2C7D42E5C4BD4A85D244F7E9.e.12825/click - {}
RESULT: {}
COMMAND: GET /session/d53f532480bfbfa72ae7ae5ef7ef8f5b/screenshot - {}
RESULT: {}
COMMAND: POST /session/d53f532480bfbfa72ae7ae5ef7ef8f5b/element - {"using":"xpath","value":"//bdi[contains(text(), \"OK\")]"}
RESULT: {"using":"xpath","value":"//bdi[contains(text(), \"OK\")]"}
COMMAND: POST /session/d53f532480bfbfa72ae7ae5ef7ef8f5b/element/f.9714F2348D0A698B9780435C77649C65.d.A3BB4A8A2C7D42E5C4BD4A85D244F7E9.e.12828/click - {}
RESULT: {}
COMMAND: GET /session/d53f532480bfbfa72ae7ae5ef7ef8f5b/screenshot - {}
RESULT: {}
COMMAND: POST /session/d53f532480bfbfa72ae7ae5ef7ef8f5b/element - {"using":"xpath","value":"(//span[contains(text(), \"Completed\")]/parent::div/preceding-sibling::div/span)[1]"}
RESULT: {"using":"xpath","value":"(//span[contains(text(), \"Completed\")]/parent::div/preceding-sibling::div/span)[1]"}
COMMAND: POST /session/d53f532480bfbfa72ae7ae5ef7ef8f5b/element/f.9714F2348D0A698B9780435C77649C65.d.A3BB4A8A2C7D42E5C4BD4A85D244F7E9.e.12836/click - {}
RESULT: {}
COMMAND: POST /session/d53f532480bfbfa72ae7ae5ef7ef8f5b/element - {"using":"xpath","value":"//input[contains(@id ,\"application-billingtransfer-display-component---billingWorkbench--smartFilterBar-btnBasicSearch\")]"}
COMMAND: GET /session/d53f532480bfbfa72ae7ae5ef7ef8f5b/screenshot - {}
RESULT: {"using":"xpath","value":"//input[contains(@id ,\"application-billingtransfer-display-component---billingWorkbench--smartFilterBar-btnBasicSearch\")]"}
COMMAND: POST /session/d53f532480bfbfa72ae7ae5ef7ef8f5b/elements - {"using":"xpath","value":"//input[contains(@id ,\"application-billingtransfer-display-component---billingWorkbench--smartFilterBar-btnBasicSearch\")]"}
RESULT: {}
RESULT: {"using":"xpath","value":"//input[contains(@id ,\"application-billingtransfer-display-component---billingWorkbench--smartFilterBar-btnBasicSearch\")]"}
COMMAND: POST /session/d53f532480bfbfa72ae7ae5ef7ef8f5b/execute/sync - {"script":"<script> [8489 bytes]","args":[{"element-6066-11e4-a52e-4f735466cecf":"f.9714F2348D0A698B9780435C77649C65.d.A3BB4A8A2C7D42E5C4BD4A85D244F7E9.e.12479","ELEMENT":"f.9714F2348D0A698B9780435C77649C65.d.A3BB4A8A2C7D42E5C4BD4A85D244F7E9.e.12479"}]}
RESULT: {"script":"<script> [8489 bytes]","args":[{"element-6066-11e4-a52e-4f735466cecf":"f.9714F2348D0A698B9780435C77649C65.d.A3BB4A8A2C7D42E5C4BD4A85D244F7E9.e.12479","ELEMENT":"f.9714F2348D0A698B9780435C77649C65.d.A3BB4A8A2C7D42E5C4BD4A85D244F7E9.e.12479"}]}
COMMAND: GET /session/d53f532480bfbfa72ae7ae5ef7ef8f5b/element/f.9714F2348D0A698B9780435C77649C65.d.A3BB4A8A2C7D42E5C4BD4A85D244F7E9.e.12479/enabled - {}
COMMAND: GET /session/d53f532480bfbfa72ae7ae5ef7ef8f5b/screenshot - {}
RESULT: {}
COMMAND: POST /session/d53f532480bfbfa72ae7ae5ef7ef8f5b/element/f.9714F2348D0A698B9780435C77649C65.d.A3BB4A8A2C7D42E5C4BD4A85D244F7E9.e.12479/click - {}
COMMAND: GET /session/d53f532480bfbfa72ae7ae5ef7ef8f5b/screenshot - {}
RESULT: {}
RESULT: {}
COMMAND: GET /session/d53f532480bfbfa72ae7ae5ef7ef8f5b/screenshot - {}
RESULT: {}
RESULT: {}
COMMAND: POST /session/d53f532480bfbfa72ae7ae5ef7ef8f5b/element/f.9714F2348D0A698B9780435C77649C65.d.A3BB4A8A2C7D42E5C4BD4A85D244F7E9.e.12479/clear - {}
RESULT: {}
COMMAND: POST /session/d53f532480bfbfa72ae7ae5ef7ef8f5b/element/f.9714F2348D0A698B9780435C77649C65.d.A3BB4A8A2C7D42E5C4BD4A85D244F7E9.e.12479/value - {"text":"10600"}
COMMAND: GET /session/d53f532480bfbfa72ae7ae5ef7ef8f5b/screenshot - {}
RESULT: {"text":"10600"}
COMMAND: POST /session/d53f532480bfbfa72ae7ae5ef7ef8f5b/actions - {"actions":[{"id":"action42","type":"key","parameters":{},"actions":[{"type":"keyDown","value":""},{"type":"pause","duration":10},{"type":"keyUp","value":""}]}]}
COMMAND: GET /session/d53f532480bfbfa72ae7ae5ef7ef8f5b/screenshot - {}
RESULT: {}
RESULT: {"actions":[{"id":"action42","type":"key","parameters":{},"actions":[{"type":"keyDown","value":""},{"type":"pause","duration":10},{"type":"keyUp","value":""}]}]}
COMMAND: GET /session/d53f532480bfbfa72ae7ae5ef7ef8f5b/screenshot - {}
RESULT: {}
RESULT: {}
COMMAND: POST /session/d53f532480bfbfa72ae7ae5ef7ef8f5b/element - {"using":"xpath","value":"//span[contains(@id ,\"application-billingtransfer-display-component---billingWorkbench--smartTableBillingRuns-header-inner\")]"}
RESULT: {"using":"xpath","value":"//span[contains(@id ,\"application-billingtransfer-display-component---billingWorkbench--smartTableBillingRuns-header-inner\")]"}
COMMAND: POST /session/d53f532480bfbfa72ae7ae5ef7ef8f5b/elements - {"using":"xpath","value":"//span[contains(@id ,\"application-billingtransfer-display-component---billingWorkbench--smartTableBillingRuns-header-inner\")]"}
RESULT: {"using":"xpath","value":"//span[contains(@id ,\"application-billingtransfer-display-component---billingWorkbench--smartTableBillingRuns-header-inner\")]"}
COMMAND: POST /session/d53f532480bfbfa72ae7ae5ef7ef8f5b/execute/sync - {"script":"<script> [56 bytes]","args":[{"element-6066-11e4-a52e-4f735466cecf":"f.9714F2348D0A698B9780435C77649C65.d.A3BB4A8A2C7D42E5C4BD4A85D244F7E9.e.12806","ELEMENT":"f.9714F2348D0A698B9780435C77649C65.d.A3BB4A8A2C7D42E5C4BD4A85D244F7E9.e.12806"}]}
RESULT: {"script":"<script> [56 bytes]","args":[{"element-6066-11e4-a52e-4f735466cecf":"f.9714F2348D0A698B9780435C77649C65.d.A3BB4A8A2C7D42E5C4BD4A85D244F7E9.e.12806","ELEMENT":"f.9714F2348D0A698B9780435C77649C65.d.A3BB4A8A2C7D42E5C4BD4A85D244F7E9.e.12806"}]}
COMMAND: POST /session/d53f532480bfbfa72ae7ae5ef7ef8f5b/element - {"using":"css selector","value":"#shell-header-logo"}
COMMAND: GET /session/d53f532480bfbfa72ae7ae5ef7ef8f5b/screenshot - {}
RESULT: {"using":"css selector","value":"#shell-header-logo"}
COMMAND: POST /session/d53f532480bfbfa72ae7ae5ef7ef8f5b/element/f.9714F2348D0A698B9780435C77649C65.d.A3BB4A8A2C7D42E5C4BD4A85D244F7E9.e.12477/click - {}
RESULT: {}
RESULT: {}
COMMAND: GET /session/d53f532480bfbfa72ae7ae5ef7ef8f5b/screenshot - {}
RESULT: {}
COMMAND: POST /session/d53f532480bfbfa72ae7ae5ef7ef8f5b/element - {"using":"css selector","value":"#j_username"}
COMMAND: POST /session/d53f532480bfbfa72ae7ae5ef7ef8f5b/url - {"url":"https://qa-testing-00-live-etm-ui.cfapps.eu10-004.hana.ondemand.com/"}
RESULT: {"using":"css selector","value":"#j_username"}
COMMAND: POST /session/d53f532480bfbfa72ae7ae5ef7ef8f5b/element - {"using":"css selector","value":"#j_username"}
RESULT: {"url":"https://qa-testing-00-live-etm-ui.cfapps.eu10-004.hana.ondemand.com/"}
RESULT: undefined
COMMAND: GET /session/d53f532480bfbfa72ae7ae5ef7ef8f5b/screenshot - {}
RESULT: {"using":"css selector","value":"#j_username"}
COMMAND: POST /session/d53f532480bfbfa72ae7ae5ef7ef8f5b/element - {"using":"css selector","value":"#shell-header-logo"}
RESULT: {}
RESULT: {"using":"css selector","value":"#shell-header-logo"}
COMMAND: POST /session/d53f532480bfbfa72ae7ae5ef7ef8f5b/execute/sync - {"script":"<script> [8489 bytes]","args":[{"element-6066-11e4-a52e-4f735466cecf":"f.9714F2348D0A698B9780435C77649C65.d.F05E224717BD98D3CCA0CA1FB5A503DB.e.12850","ELEMENT":"f.9714F2348D0A698B9780435C77649C65.d.F05E224717BD98D3CCA0CA1FB5A503DB.e.12850"}]}
RESULT: {"script":"<script> [8489 bytes]","args":[{"element-6066-11e4-a52e-4f735466cecf":"f.9714F2348D0A698B9780435C77649C65.d.F05E224717BD98D3CCA0CA1FB5A503DB.e.12850","ELEMENT":"f.9714F2348D0A698B9780435C77649C65.d.F05E224717BD98D3CCA0CA1FB5A503DB.e.12850"}]}
COMMAND: POST /session/d53f532480bfbfa72ae7ae5ef7ef8f5b/element - {"using":"css selector","value":"#shell-header-logo"}
COMMAND: GET /session/d53f532480bfbfa72ae7ae5ef7ef8f5b/screenshot - {}
RESULT: {"using":"css selector","value":"#shell-header-logo"}
COMMAND: POST /session/d53f532480bfbfa72ae7ae5ef7ef8f5b/execute/sync - {"script":"<script> [8489 bytes]","args":[{"element-6066-11e4-a52e-4f735466cecf":"f.9714F2348D0A698B9780435C77649C65.d.F05E224717BD98D3CCA0CA1FB5A503DB.e.12850","ELEMENT":"f.9714F2348D0A698B9780435C77649C65.d.F05E224717BD98D3CCA0CA1FB5A503DB.e.12850"}]}
RESULT: {}
RESULT: {"script":"<script> [8489 bytes]","args":[{"element-6066-11e4-a52e-4f735466cecf":"f.9714F2348D0A698B9780435C77649C65.d.F05E224717BD98D3CCA0CA1FB5A503DB.e.12850","ELEMENT":"f.9714F2348D0A698B9780435C77649C65.d.F05E224717BD98D3CCA0CA1FB5A503DB.e.12850"}]}
COMMAND: POST /session/d53f532480bfbfa72ae7ae5ef7ef8f5b/execute/sync - {"script":"<script> [5351 bytes]","args":[{"element-6066-11e4-a52e-4f735466cecf":"f.9714F2348D0A698B9780435C77649C65.d.F05E224717BD98D3CCA0CA1FB5A503DB.e.12850","ELEMENT":"f.9714F2348D0A698B9780435C77649C65.d.F05E224717BD98D3CCA0CA1FB5A503DB.e.12850"}]}
COMMAND: GET /session/d53f532480bfbfa72ae7ae5ef7ef8f5b/screenshot - {}
RESULT: {"script":"<script> [5351 bytes]","args":[{"element-6066-11e4-a52e-4f735466cecf":"f.9714F2348D0A698B9780435C77649C65.d.F05E224717BD98D3CCA0CA1FB5A503DB.e.12850","ELEMENT":"f.9714F2348D0A698B9780435C77649C65.d.F05E224717BD98D3CCA0CA1FB5A503DB.e.12850"}]}
COMMAND: POST /session/d53f532480bfbfa72ae7ae5ef7ef8f5b/element - {"using":"css selector","value":"#shell-header-logo"}
COMMAND: GET /session/d53f532480bfbfa72ae7ae5ef7ef8f5b/screenshot - {}
RESULT: {}
RESULT: {"using":"css selector","value":"#shell-header-logo"}
COMMAND: POST /session/d53f532480bfbfa72ae7ae5ef7ef8f5b/element/f.9714F2348D0A698B9780435C77649C65.d.F05E224717BD98D3CCA0CA1FB5A503DB.e.12850/click - {}
RESULT: {}
RESULT: {}
COMMAND: GET /session/d53f532480bfbfa72ae7ae5ef7ef8f5b/screenshot - {}
RESULT: {}
COMMAND: POST /session/d53f532480bfbfa72ae7ae5ef7ef8f5b/execute/async - {"script":"<script> [189 bytes]","args":[]}
RESULT: {"script":"<script> [189 bytes]","args":[]}
COMMAND: POST /session/d53f532480bfbfa72ae7ae5ef7ef8f5b/execute/async - {"script":"<script> [123 bytes]","args":[]}
RESULT: {"script":"<script> [123 bytes]","args":[]}
COMMAND: POST /session/d53f532480bfbfa72ae7ae5ef7ef8f5b/timeouts - {"script":"<number>"}
RESULT: {"script":"<number>"}
COMMAND: GET /session/d53f532480bfbfa72ae7ae5ef7ef8f5b/timeouts - {}
RESULT: {}
RESULT: undefined
COMMAND: POST /session/d53f532480bfbfa72ae7ae5ef7ef8f5b/execute/async - {"script":"<script> [2676 bytes]","args":[]}
RESULT: {"script":"<script> [2676 bytes]","args":[]}
COMMAND: POST /session/d53f532480bfbfa72ae7ae5ef7ef8f5b/execute/async - {"script":"<script> [2342 bytes]","args":[{"protocol":"http","hostname":"0.0.0.0","path":"/","capabilities":{"browserName":"chrome","goog:chromeOptions":{"binary":"C:\\Program Files\\Google\\Chrome\\Application\\chrome.exe","args":["--start-maximized"]}},"logLevel":"warn","connectionRetryTimeout":120000,"connectionRetryCount":3,"logLevels":{},"enableDirectConnect":true,"strictSSL":true,"_":"65 more keys: [\"cacheDir\",\"port\",\"requestedCapabilities\",\"automationProtocol\",\"baseUrl\",\"waitforInterval\",\"waitforTimeout\",\"onReload\",\"beforeCommand\",\"afterCommand\",\"rootDir\",\"specs\",\"suites\",\"exclude\",\"groupLogsByTestSpec\",\"excludeDriverLogs\",\"bail\",\"framework\",\"reporters\",\"services\",\"maxInstances\",\"maxInstancesPerCapability\",\"injectGlobals\",\"filesToWatch\",\"execArgv\",\"runnerEnv\",\"runner\",\"shard\",\"specFileRetries\",\"specFileRetriesDelay\",\"specFileRetriesDeferred\",\"reporterSyncInterval\",\"reporterSyncTimeout\",\"cucumberFeaturesWithLineNumbers\",\"autoCompileOpts\",\"mochaOpts\",\"jasmineOpts\",\"cucumberOpts\",\"onPrepare\",\"onWorkerStart\",\"onWorkerEnd\",\"before\",\"beforeSession\",\"beforeSuite\",\"beforeHook\",\"beforeTest\",\"afterTest\",\"afterHook\",\"afterSuite\",\"afterSession\",\"after\",\"onComplete\",\"beforeAssertion\",\"afterAssertion\",\"beforeFeature\",\"beforeScenario\",\"beforeStep\",\"afterStep\",\"afterScenario\",\"afterFeature\",\"_\",\"suite\",\"$0\",\"ignoredWorkerServices\",\"wdi5\"]"}]}
RESULT: {"script":"<script> [2342 bytes]","args":[{"protocol":"http","hostname":"0.0.0.0","path":"/","capabilities":{"browserName":"chrome","goog:chromeOptions":{"binary":"C:\\Program Files\\Google\\Chrome\\Application\\chrome.exe","args":["--start-maximized"]}},"logLevel":"warn","connectionRetryTimeout":120000,"connectionRetryCount":3,"logLevels":{},"enableDirectConnect":true,"strictSSL":true,"_":"65 more keys: [\"cacheDir\",\"port\",\"requestedCapabilities\",\"automationProtocol\",\"baseUrl\",\"waitforInterval\",\"waitforTimeout\",\"onReload\",\"beforeCommand\",\"afterCommand\",\"rootDir\",\"specs\",\"suites\",\"exclude\",\"groupLogsByTestSpec\",\"excludeDriverLogs\",\"bail\",\"framework\",\"reporters\",\"services\",\"maxInstances\",\"maxInstancesPerCapability\",\"injectGlobals\",\"filesToWatch\",\"execArgv\",\"runnerEnv\",\"runner\",\"shard\",\"specFileRetries\",\"specFileRetriesDelay\",\"specFileRetriesDeferred\",\"reporterSyncInterval\",\"reporterSyncTimeout\",\"cucumberFeaturesWithLineNumbers\",\"autoCompileOpts\",\"mochaOpts\",\"jasmineOpts\",\"cucumberOpts\",\"onPrepare\",\"onWorkerStart\",\"onWorkerEnd\",\"before\",\"beforeSession\",\"beforeSuite\",\"beforeHook\",\"beforeTest\",\"afterTest\",\"afterHook\",\"afterSuite\",\"afterSession\",\"after\",\"onComplete\",\"beforeAssertion\",\"afterAssertion\",\"beforeFeature\",\"beforeScenario\",\"beforeStep\",\"afterStep\",\"afterScenario\",\"afterFeature\",\"_\",\"suite\",\"$0\",\"ignoredWorkerServices\",\"wdi5\"]"}]}
COMMAND: POST /session/d53f532480bfbfa72ae7ae5ef7ef8f5b/execute/async - {"script":"<script> [21126 bytes]","args":[35000]}
RESULT: {"script":"<script> [21126 bytes]","args":[35000]}
COMMAND: POST /session/d53f532480bfbfa72ae7ae5ef7ef8f5b/window/maximize - {}
RESULT: {}
COMMAND: POST /session/d53f532480bfbfa72ae7ae5ef7ef8f5b/execute/async - {"script":"<script> [1562 bytes]","args":[{"selector":{"id":"shell-header","interaction":{"idSuffix":"icon"}},"wdio_ui5_key":"shellheader"}]}
COMMAND: GET /session/d53f532480bfbfa72ae7ae5ef7ef8f5b/screenshot - {}
RESULT: {"script":"<script> [1562 bytes]","args":[{"selector":{"id":"shell-header","interaction":{"idSuffix":"icon"}},"wdio_ui5_key":"shellheader"}]}
RESULT: undefined
COMMAND: POST /session/d53f532480bfbfa72ae7ae5ef7ef8f5b/refresh - {}
RESULT: {}
RESULT: {}
COMMAND: GET /session/d53f532480bfbfa72ae7ae5ef7ef8f5b/screenshot - {}
RESULT: {}
COMMAND: POST /session/d53f532480bfbfa72ae7ae5ef7ef8f5b/refresh - {}
RESULT: {}
COMMAND: GET /session/d53f532480bfbfa72ae7ae5ef7ef8f5b/screenshot - {}
RESULT: {}
COMMAND: POST /session/d53f532480bfbfa72ae7ae5ef7ef8f5b/window/fullscreen - {}
RESULT: {}
COMMAND: POST /session/d53f532480bfbfa72ae7ae5ef7ef8f5b/execute/async - {"script":"<script> [189 bytes]","args":[]}
RESULT: {"script":"<script> [189 bytes]","args":[]}
COMMAND: POST /session/d53f532480bfbfa72ae7ae5ef7ef8f5b/execute/async - {"script":"<script> [123 bytes]","args":[]}
RESULT: {"script":"<script> [123 bytes]","args":[]}
COMMAND: POST /session/d53f532480bfbfa72ae7ae5ef7ef8f5b/timeouts - {"script":"<number>"}
RESULT: {"script":"<number>"}
COMMAND: GET /session/d53f532480bfbfa72ae7ae5ef7ef8f5b/timeouts - {}
RESULT: {}
RESULT: undefined
COMMAND: POST /session/d53f532480bfbfa72ae7ae5ef7ef8f5b/execute/async - {"script":"<script> [2676 bytes]","args":[]}
RESULT: {"script":"<script> [2676 bytes]","args":[]}
COMMAND: POST /session/d53f532480bfbfa72ae7ae5ef7ef8f5b/execute/async - {"script":"<script> [2342 bytes]","args":[{"protocol":"http","hostname":"0.0.0.0","path":"/","capabilities":{"browserName":"chrome","goog:chromeOptions":{"binary":"C:\\Program Files\\Google\\Chrome\\Application\\chrome.exe","args":["--start-maximized"]}},"logLevel":"warn","connectionRetryTimeout":120000,"connectionRetryCount":3,"logLevels":{},"enableDirectConnect":true,"strictSSL":true,"_":"65 more keys: [\"cacheDir\",\"port\",\"requestedCapabilities\",\"automationProtocol\",\"baseUrl\",\"waitforInterval\",\"waitforTimeout\",\"onReload\",\"beforeCommand\",\"afterCommand\",\"rootDir\",\"specs\",\"suites\",\"exclude\",\"groupLogsByTestSpec\",\"excludeDriverLogs\",\"bail\",\"framework\",\"reporters\",\"services\",\"maxInstances\",\"maxInstancesPerCapability\",\"injectGlobals\",\"filesToWatch\",\"execArgv\",\"runnerEnv\",\"runner\",\"shard\",\"specFileRetries\",\"specFileRetriesDelay\",\"specFileRetriesDeferred\",\"reporterSyncInterval\",\"reporterSyncTimeout\",\"cucumberFeaturesWithLineNumbers\",\"autoCompileOpts\",\"mochaOpts\",\"jasmineOpts\",\"cucumberOpts\",\"onPrepare\",\"onWorkerStart\",\"onWorkerEnd\",\"before\",\"beforeSession\",\"beforeSuite\",\"beforeHook\",\"beforeTest\",\"afterTest\",\"afterHook\",\"afterSuite\",\"afterSession\",\"after\",\"onComplete\",\"beforeAssertion\",\"afterAssertion\",\"beforeFeature\",\"beforeScenario\",\"beforeStep\",\"afterStep\",\"afterScenario\",\"afterFeature\",\"_\",\"suite\",\"$0\",\"ignoredWorkerServices\",\"wdi5\"]"}]}
RESULT: {"script":"<script> [2342 bytes]","args":[{"protocol":"http","hostname":"0.0.0.0","path":"/","capabilities":{"browserName":"chrome","goog:chromeOptions":{"binary":"C:\\Program Files\\Google\\Chrome\\Application\\chrome.exe","args":["--start-maximized"]}},"logLevel":"warn","connectionRetryTimeout":120000,"connectionRetryCount":3,"logLevels":{},"enableDirectConnect":true,"strictSSL":true,"_":"65 more keys: [\"cacheDir\",\"port\",\"requestedCapabilities\",\"automationProtocol\",\"baseUrl\",\"waitforInterval\",\"waitforTimeout\",\"onReload\",\"beforeCommand\",\"afterCommand\",\"rootDir\",\"specs\",\"suites\",\"exclude\",\"groupLogsByTestSpec\",\"excludeDriverLogs\",\"bail\",\"framework\",\"reporters\",\"services\",\"maxInstances\",\"maxInstancesPerCapability\",\"injectGlobals\",\"filesToWatch\",\"execArgv\",\"runnerEnv\",\"runner\",\"shard\",\"specFileRetries\",\"specFileRetriesDelay\",\"specFileRetriesDeferred\",\"reporterSyncInterval\",\"reporterSyncTimeout\",\"cucumberFeaturesWithLineNumbers\",\"autoCompileOpts\",\"mochaOpts\",\"jasmineOpts\",\"cucumberOpts\",\"onPrepare\",\"onWorkerStart\",\"onWorkerEnd\",\"before\",\"beforeSession\",\"beforeSuite\",\"beforeHook\",\"beforeTest\",\"afterTest\",\"afterHook\",\"afterSuite\",\"afterSession\",\"after\",\"onComplete\",\"beforeAssertion\",\"afterAssertion\",\"beforeFeature\",\"beforeScenario\",\"beforeStep\",\"afterStep\",\"afterScenario\",\"afterFeature\",\"_\",\"suite\",\"$0\",\"ignoredWorkerServices\",\"wdi5\"]"}]}
COMMAND: POST /session/d53f532480bfbfa72ae7ae5ef7ef8f5b/execute/async - {"script":"<script> [21126 bytes]","args":[35000]}
RESULT: {"script":"<script> [21126 bytes]","args":[35000]}
]]></system-out>
    </testcase>
  </testsuite>
  <testsuite timestamp="2025-04-23T08:19:58" time="634.424" tests="12" failures="0" errors="0" skipped="0">
    <properties>
      <property name="specId" value="0"/>
      <property name="suiteName" value="Billing transfer US117289"/>
      <property name="capabilities" value="chrome.135_0_7049_42.windows"/>
      <property name="file" value="file:///D:/a/1/s/test/specs/BTS/billing-transfer.spec.js"/>
    </properties>
    <testcase classname="chrome.135_0_7049_42.windows.Billing_transfer_US117289" name="Should create a new yard" time="0.012">
      <system-out><![CDATA[
COMMAND: POST /session/d53f532480bfbfa72ae7ae5ef7ef8f5b/window/fullscreen - {}
RESULT: {}
]]></system-out>
    </testcase>
    <testcase classname="chrome.135_0_7049_42.windows.Billing_transfer_US117289" name="Should create a new partner" time="0.004"/>
    <testcase classname="chrome.135_0_7049_42.windows.Billing_transfer_US117289" name="Should create a new site" time="0.003"/>
    <testcase classname="chrome.135_0_7049_42.windows.Billing_transfer_US117289" name="Should create a new equipment" time="116.197">
      <system-out><![CDATA[
COMMAND: POST /session/d53f532480bfbfa72ae7ae5ef7ef8f5b/execute/async - {"script":"<script> [1562 bytes]","args":[{"selector":{"controlType":"sap.m.GenericTile","properties":{"header":"Manage Resources"}},"wdio_ui5_key":"sapm.GenericTile{\"header\":\"Manage Resources\"}"}]}
RESULT: {"script":"<script> [1562 bytes]","args":[{"selector":{"controlType":"sap.m.GenericTile","properties":{"header":"Manage Resources"}},"wdio_ui5_key":"sapm.GenericTile{\"header\":\"Manage Resources\"}"}]}
RESULT: undefined
COMMAND: POST /session/d53f532480bfbfa72ae7ae5ef7ef8f5b/element - {"using":"xpath","value":"//*[@id=\"__tile39\"]"}
RESULT: {"using":"xpath","value":"//*[@id=\"__tile39\"]"}
COMMAND: POST /session/d53f532480bfbfa72ae7ae5ef7ef8f5b/element/f.9714F2348D0A698B9780435C77649C65.d.6ECE8FCD9005B2667D0F3042FAE072A6.e.13013/click - {}
RESULT: {}
COMMAND: POST /session/d53f532480bfbfa72ae7ae5ef7ef8f5b/element - {"using":"xpath","value":"//button[@data-kt=\"addNewRUOverflowToolbarButton\"]"}
COMMAND: GET /session/d53f532480bfbfa72ae7ae5ef7ef8f5b/screenshot - {}
RESULT: {}
RESULT: {"using":"xpath","value":"//button[@data-kt=\"addNewRUOverflowToolbarButton\"]"}
COMMAND: POST /session/d53f532480bfbfa72ae7ae5ef7ef8f5b/elements - {"using":"xpath","value":"//button[@data-kt=\"addNewRUOverflowToolbarButton\"]"}
RESULT: {"using":"xpath","value":"//button[@data-kt=\"addNewRUOverflowToolbarButton\"]"}
COMMAND: POST /session/d53f532480bfbfa72ae7ae5ef7ef8f5b/elements - {"using":"xpath","value":"//button[@data-kt=\"addNewRUOverflowToolbarButton\"]"}
RESULT: {"using":"xpath","value":"//button[@data-kt=\"addNewRUOverflowToolbarButton\"]"}
RESULT: undefined
COMMAND: POST /session/d53f532480bfbfa72ae7ae5ef7ef8f5b/elements - {"using":"xpath","value":"//button[@data-kt=\"addNewRUOverflowToolbarButton\"]"}
RESULT: undefined
RESULT: {"using":"xpath","value":"//button[@data-kt=\"addNewRUOverflowToolbarButton\"]"}
COMMAND: POST /session/d53f532480bfbfa72ae7ae5ef7ef8f5b/elements - {"using":"xpath","value":"//button[@data-kt=\"addNewRUOverflowToolbarButton\"]"}
RESULT: {"using":"xpath","value":"//button[@data-kt=\"addNewRUOverflowToolbarButton\"]"}
COMMAND: POST /session/d53f532480bfbfa72ae7ae5ef7ef8f5b/elements - {"using":"xpath","value":"//button[@data-kt=\"addNewRUOverflowToolbarButton\"]"}
RESULT: {"using":"xpath","value":"//button[@data-kt=\"addNewRUOverflowToolbarButton\"]"}
COMMAND: POST /session/d53f532480bfbfa72ae7ae5ef7ef8f5b/elements - {"using":"xpath","value":"//button[@data-kt=\"addNewRUOverflowToolbarButton\"]"}
RESULT: {"using":"xpath","value":"//button[@data-kt=\"addNewRUOverflowToolbarButton\"]"}
COMMAND: POST /session/d53f532480bfbfa72ae7ae5ef7ef8f5b/elements - {"using":"xpath","value":"//button[@data-kt=\"addNewRUOverflowToolbarButton\"]"}
RESULT: {"using":"xpath","value":"//button[@data-kt=\"addNewRUOverflowToolbarButton\"]"}
COMMAND: POST /session/d53f532480bfbfa72ae7ae5ef7ef8f5b/elements - {"using":"xpath","value":"//button[@data-kt=\"addNewRUOverflowToolbarButton\"]"}
RESULT: {"using":"xpath","value":"//button[@data-kt=\"addNewRUOverflowToolbarButton\"]"}
COMMAND: POST /session/d53f532480bfbfa72ae7ae5ef7ef8f5b/elements - {"using":"xpath","value":"//button[@data-kt=\"addNewRUOverflowToolbarButton\"]"}
RESULT: {"using":"xpath","value":"//button[@data-kt=\"addNewRUOverflowToolbarButton\"]"}
COMMAND: POST /session/d53f532480bfbfa72ae7ae5ef7ef8f5b/element - {"using":"xpath","value":"//button[@data-kt=\"addNewRUOverflowToolbarButton\"]"}
RESULT: {"using":"xpath","value":"//button[@data-kt=\"addNewRUOverflowToolbarButton\"]"}
COMMAND: POST /session/d53f532480bfbfa72ae7ae5ef7ef8f5b/execute/sync - {"script":"<script> [8489 bytes]","args":[{"element-6066-11e4-a52e-4f735466cecf":"f.9714F2348D0A698B9780435C77649C65.d.6ECE8FCD9005B2667D0F3042FAE072A6.e.13162","ELEMENT":"f.9714F2348D0A698B9780435C77649C65.d.6ECE8FCD9005B2667D0F3042FAE072A6.e.13162"}]}
RESULT: {"script":"<script> [8489 bytes]","args":[{"element-6066-11e4-a52e-4f735466cecf":"f.9714F2348D0A698B9780435C77649C65.d.6ECE8FCD9005B2667D0F3042FAE072A6.e.13162","ELEMENT":"f.9714F2348D0A698B9780435C77649C65.d.6ECE8FCD9005B2667D0F3042FAE072A6.e.13162"}]}
COMMAND: GET /session/d53f532480bfbfa72ae7ae5ef7ef8f5b/element/f.9714F2348D0A698B9780435C77649C65.d.6ECE8FCD9005B2667D0F3042FAE072A6.e.13162/enabled - {}
COMMAND: GET /session/d53f532480bfbfa72ae7ae5ef7ef8f5b/screenshot - {}
RESULT: {}
COMMAND: POST /session/d53f532480bfbfa72ae7ae5ef7ef8f5b/execute/sync - {"script":"<script> [8489 bytes]","args":[{"element-6066-11e4-a52e-4f735466cecf":"f.9714F2348D0A698B9780435C77649C65.d.6ECE8FCD9005B2667D0F3042FAE072A6.e.13162","ELEMENT":"f.9714F2348D0A698B9780435C77649C65.d.6ECE8FCD9005B2667D0F3042FAE072A6.e.13162"}]}
COMMAND: GET /session/d53f532480bfbfa72ae7ae5ef7ef8f5b/screenshot - {}
RESULT: {}
RESULT: {"script":"<script> [8489 bytes]","args":[{"element-6066-11e4-a52e-4f735466cecf":"f.9714F2348D0A698B9780435C77649C65.d.6ECE8FCD9005B2667D0F3042FAE072A6.e.13162","ELEMENT":"f.9714F2348D0A698B9780435C77649C65.d.6ECE8FCD9005B2667D0F3042FAE072A6.e.13162"}]}
COMMAND: POST /session/d53f532480bfbfa72ae7ae5ef7ef8f5b/execute/sync - {"script":"<script> [5351 bytes]","args":[{"element-6066-11e4-a52e-4f735466cecf":"f.9714F2348D0A698B9780435C77649C65.d.6ECE8FCD9005B2667D0F3042FAE072A6.e.13162","ELEMENT":"f.9714F2348D0A698B9780435C77649C65.d.6ECE8FCD9005B2667D0F3042FAE072A6.e.13162"}]}
COMMAND: GET /session/d53f532480bfbfa72ae7ae5ef7ef8f5b/screenshot - {}
RESULT: {}
RESULT: {"script":"<script> [5351 bytes]","args":[{"element-6066-11e4-a52e-4f735466cecf":"f.9714F2348D0A698B9780435C77649C65.d.6ECE8FCD9005B2667D0F3042FAE072A6.e.13162","ELEMENT":"f.9714F2348D0A698B9780435C77649C65.d.6ECE8FCD9005B2667D0F3042FAE072A6.e.13162"}]}
COMMAND: POST /session/d53f532480bfbfa72ae7ae5ef7ef8f5b/element/f.9714F2348D0A698B9780435C77649C65.d.6ECE8FCD9005B2667D0F3042FAE072A6.e.13162/click - {}
COMMAND: GET /session/d53f532480bfbfa72ae7ae5ef7ef8f5b/screenshot - {}
RESULT: {}
RESULT: {}
COMMAND: GET /session/d53f532480bfbfa72ae7ae5ef7ef8f5b/screenshot - {}
RESULT: {}
COMMAND: POST /session/d53f532480bfbfa72ae7ae5ef7ef8f5b/execute/async - {"script":"<script> [1562 bytes]","args":[{"selector":{"id":"application-manageresources-display-component---newResourceUnit--TYPE-arrow"},"wdio_ui5_key":"applicationmanageresources-display-component---newResourceUnit--TYPE-arrow"}]}
RESULT: {}
RESULT: {"script":"<script> [1562 bytes]","args":[{"selector":{"id":"application-manageresources-display-component---newResourceUnit--TYPE-arrow"},"wdio_ui5_key":"applicationmanageresources-display-component---newResourceUnit--TYPE-arrow"}]}
RESULT: undefined
COMMAND: POST /session/d53f532480bfbfa72ae7ae5ef7ef8f5b/element - {"using":"xpath","value":"//*[@id=\"application-manageresources-display-component---newResourceUnit--TYPE-arrow\"]"}
RESULT: {"using":"xpath","value":"//*[@id=\"application-manageresources-display-component---newResourceUnit--TYPE-arrow\"]"}
COMMAND: POST /session/d53f532480bfbfa72ae7ae5ef7ef8f5b/element/f.9714F2348D0A698B9780435C77649C65.d.6ECE8FCD9005B2667D0F3042FAE072A6.e.13513/click - {}
RESULT: {}
COMMAND: POST /session/d53f532480bfbfa72ae7ae5ef7ef8f5b/element - {"using":"xpath","value":"//input[@id=\"application-manageresources-display-component---newResourceUnit--TYPE-inner\"]"}
COMMAND: GET /session/d53f532480bfbfa72ae7ae5ef7ef8f5b/screenshot - {}
RESULT: {"using":"xpath","value":"//input[@id=\"application-manageresources-display-component---newResourceUnit--TYPE-inner\"]"}
COMMAND: POST /session/d53f532480bfbfa72ae7ae5ef7ef8f5b/element/f.9714F2348D0A698B9780435C77649C65.d.6ECE8FCD9005B2667D0F3042FAE072A6.e.13503/clear - {}
RESULT: {}
RESULT: {}
COMMAND: POST /session/d53f532480bfbfa72ae7ae5ef7ef8f5b/element/f.9714F2348D0A698B9780435C77649C65.d.6ECE8FCD9005B2667D0F3042FAE072A6.e.13503/value - {"text":"Equipment"}
COMMAND: GET /session/d53f532480bfbfa72ae7ae5ef7ef8f5b/screenshot - {}
RESULT: {"text":"Equipment"}
COMMAND: GET /session/d53f532480bfbfa72ae7ae5ef7ef8f5b/screenshot - {}
RESULT: {}
RESULT: {}
COMMAND: POST /session/d53f532480bfbfa72ae7ae5ef7ef8f5b/actions - {"actions":[{"id":"action43","type":"key","parameters":{},"actions":[{"type":"keyDown","value":""},{"type":"pause","duration":10},{"type":"keyUp","value":""}]}]}
RESULT: {"actions":[{"id":"action43","type":"key","parameters":{},"actions":[{"type":"keyDown","value":""},{"type":"pause","duration":10},{"type":"keyUp","value":""}]}]}
COMMAND: POST /session/d53f532480bfbfa72ae7ae5ef7ef8f5b/execute/async - {"script":"<script> [1562 bytes]","args":[{"selector":{"id":"application-manageresources-display-component---newResourceUnit--resourceId","interaction":{"idSuffix":"inner"}},"wdio_ui5_key":"applicationmanageresources-display-component---newResourceUnit--resourceId"}]}
COMMAND: GET /session/d53f532480bfbfa72ae7ae5ef7ef8f5b/screenshot - {}
RESULT: {"script":"<script> [1562 bytes]","args":[{"selector":{"id":"application-manageresources-display-component---newResourceUnit--resourceId","interaction":{"idSuffix":"inner"}},"wdio_ui5_key":"applicationmanageresources-display-component---newResourceUnit--resourceId"}]}
RESULT: undefined
COMMAND: POST /session/d53f532480bfbfa72ae7ae5ef7ef8f5b/execute/async - {"script":"<script> [776 bytes]","args":[{"enterText":"4s0USHibJE","selector":{"id":"application-manageresources-display-component---newResourceUnit--resourceId","interaction":{"idSuffix":"inner"}},"clearTextFirst":true,"interactionType":"ENTER_TEXT"}]}
RESULT: {}
RESULT: {"script":"<script> [776 bytes]","args":[{"enterText":"4s0USHibJE","selector":{"id":"application-manageresources-display-component---newResourceUnit--resourceId","interaction":{"idSuffix":"inner"}},"clearTextFirst":true,"interactionType":"ENTER_TEXT"}]}
COMMAND: POST /session/d53f532480bfbfa72ae7ae5ef7ef8f5b/execute/async - {"script":"<script> [1562 bytes]","args":[{"selector":{"id":"application-manageresources-display-component---newResourceUnit--SHORT_TEXT","interaction":{"idSuffix":"inner"}},"wdio_ui5_key":"applicationmanageresources-display-component---newResourceUnit--SHORT_TEXT"}]}
RESULT: {"script":"<script> [1562 bytes]","args":[{"selector":{"id":"application-manageresources-display-component---newResourceUnit--SHORT_TEXT","interaction":{"idSuffix":"inner"}},"wdio_ui5_key":"applicationmanageresources-display-component---newResourceUnit--SHORT_TEXT"}]}
RESULT: undefined
COMMAND: POST /session/d53f532480bfbfa72ae7ae5ef7ef8f5b/execute/async - {"script":"<script> [776 bytes]","args":[{"enterText":"Intercompany Equipment WDIO","selector":{"id":"application-manageresources-display-component---newResourceUnit--SHORT_TEXT","interaction":{"idSuffix":"inner"}},"clearTextFirst":true,"interactionType":"ENTER_TEXT"}]}
RESULT: {"script":"<script> [776 bytes]","args":[{"enterText":"Intercompany Equipment WDIO","selector":{"id":"application-manageresources-display-component---newResourceUnit--SHORT_TEXT","interaction":{"idSuffix":"inner"}},"clearTextFirst":true,"interactionType":"ENTER_TEXT"}]}
COMMAND: POST /session/d53f532480bfbfa72ae7ae5ef7ef8f5b/execute/async - {"script":"<script> [1562 bytes]","args":[{"selector":{"id":"application-manageresources-display-component---newResourceUnit--BASE_UNIT_OF_MEASURE","interaction":{"idSuffix":"inner"}},"wdio_ui5_key":"applicationmanageresources-display-component---newResourceUnit--BASE_UNIT_OF_MEASURE"}]}
RESULT: {"script":"<script> [1562 bytes]","args":[{"selector":{"id":"application-manageresources-display-component---newResourceUnit--BASE_UNIT_OF_MEASURE","interaction":{"idSuffix":"inner"}},"wdio_ui5_key":"applicationmanageresources-display-component---newResourceUnit--BASE_UNIT_OF_MEASURE"}]}
RESULT: undefined
COMMAND: POST /session/d53f532480bfbfa72ae7ae5ef7ef8f5b/execute/async - {"script":"<script> [776 bytes]","args":[{"enterText":"Piece","selector":{"id":"application-manageresources-display-component---newResourceUnit--BASE_UNIT_OF_MEASURE","interaction":{"idSuffix":"inner"}},"clearTextFirst":true,"interactionType":"ENTER_TEXT"}]}
RESULT: {"script":"<script> [776 bytes]","args":[{"enterText":"Piece","selector":{"id":"application-manageresources-display-component---newResourceUnit--BASE_UNIT_OF_MEASURE","interaction":{"idSuffix":"inner"}},"clearTextFirst":true,"interactionType":"ENTER_TEXT"}]}
COMMAND: POST /session/d53f532480bfbfa72ae7ae5ef7ef8f5b/execute/async - {"script":"<script> [1562 bytes]","args":[{"selector":{"id":"application-manageresources-display-component---newResourceUnit--WEIGHT_UNIT","interaction":{"idSuffix":"inner"}},"wdio_ui5_key":"applicationmanageresources-display-component---newResourceUnit--WEIGHT_UNIT"}]}
RESULT: {"script":"<script> [1562 bytes]","args":[{"selector":{"id":"application-manageresources-display-component---newResourceUnit--WEIGHT_UNIT","interaction":{"idSuffix":"inner"}},"wdio_ui5_key":"applicationmanageresources-display-component---newResourceUnit--WEIGHT_UNIT"}]}
RESULT: undefined
COMMAND: POST /session/d53f532480bfbfa72ae7ae5ef7ef8f5b/execute/async - {"script":"<script> [776 bytes]","args":[{"enterText":"Gram","selector":{"id":"application-manageresources-display-component---newResourceUnit--WEIGHT_UNIT","interaction":{"idSuffix":"inner"}},"clearTextFirst":true,"interactionType":"ENTER_TEXT"}]}
RESULT: {"script":"<script> [776 bytes]","args":[{"enterText":"Gram","selector":{"id":"application-manageresources-display-component---newResourceUnit--WEIGHT_UNIT","interaction":{"idSuffix":"inner"}},"clearTextFirst":true,"interactionType":"ENTER_TEXT"}]}
COMMAND: POST /session/d53f532480bfbfa72ae7ae5ef7ef8f5b/execute/async - {"script":"<script> [1562 bytes]","args":[{"selector":{"id":"application-manageresources-display-component---newResourceUnit--DIMENSION_UNIT","interaction":{"idSuffix":"inner"}},"wdio_ui5_key":"applicationmanageresources-display-component---newResourceUnit--DIMENSION_UNIT"}]}
RESULT: {"script":"<script> [1562 bytes]","args":[{"selector":{"id":"application-manageresources-display-component---newResourceUnit--DIMENSION_UNIT","interaction":{"idSuffix":"inner"}},"wdio_ui5_key":"applicationmanageresources-display-component---newResourceUnit--DIMENSION_UNIT"}]}
RESULT: undefined
COMMAND: POST /session/d53f532480bfbfa72ae7ae5ef7ef8f5b/execute/async - {"script":"<script> [776 bytes]","args":[{"enterText":"Meter","selector":{"id":"application-manageresources-display-component---newResourceUnit--DIMENSION_UNIT","interaction":{"idSuffix":"inner"}},"clearTextFirst":true,"interactionType":"ENTER_TEXT"}]}
RESULT: {"script":"<script> [776 bytes]","args":[{"enterText":"Meter","selector":{"id":"application-manageresources-display-component---newResourceUnit--DIMENSION_UNIT","interaction":{"idSuffix":"inner"}},"clearTextFirst":true,"interactionType":"ENTER_TEXT"}]}
COMMAND: POST /session/d53f532480bfbfa72ae7ae5ef7ef8f5b/execute/async - {"script":"<script> [1562 bytes]","args":[{"selector":{"id":"application-manageresources-display-component---newResourceUnit--newRRUPage-anchBar-application-manageresources-display-component---newResourceUnit--control-anchor","interaction":{"idSuffix":"BDI-content"}},"wdio_ui5_key":"applicationmanageresources-display-component---newResourceUnit--newRRUPage-anchBar-application-manageresources-display-component---newResourceUnit--control-anchor"}]}
RESULT: {"script":"<script> [1562 bytes]","args":[{"selector":{"id":"application-manageresources-display-component---newResourceUnit--newRRUPage-anchBar-application-manageresources-display-component---newResourceUnit--control-anchor","interaction":{"idSuffix":"BDI-content"}},"wdio_ui5_key":"applicationmanageresources-display-component---newResourceUnit--newRRUPage-anchBar-application-manageresources-display-component---newResourceUnit--control-anchor"}]}
RESULT: undefined
COMMAND: POST /session/d53f532480bfbfa72ae7ae5ef7ef8f5b/element - {"using":"xpath","value":"//*[@id=\"application-manageresources-display-component---newResourceUnit--newRRUPage-anchBar-application-manageresources-display-component---newResourceUnit--control-anchor\"]"}
RESULT: {"using":"xpath","value":"//*[@id=\"application-manageresources-display-component---newResourceUnit--newRRUPage-anchBar-application-manageresources-display-component---newResourceUnit--control-anchor\"]"}
COMMAND: POST /session/d53f532480bfbfa72ae7ae5ef7ef8f5b/element/f.9714F2348D0A698B9780435C77649C65.d.6ECE8FCD9005B2667D0F3042FAE072A6.e.13647/click - {}
RESULT: {}
COMMAND: POST /session/d53f532480bfbfa72ae7ae5ef7ef8f5b/execute/async - {"script":"<script> [1562 bytes]","args":[{"selector":{"id":"application-manageresources-display-component---newResourceUnit--PLANNING_GROUP","interaction":{"idSuffix":"inner"}},"wdio_ui5_key":"applicationmanageresources-display-component---newResourceUnit--PLANNING_GROUP"}]}
COMMAND: GET /session/d53f532480bfbfa72ae7ae5ef7ef8f5b/screenshot - {}
RESULT: {"script":"<script> [1562 bytes]","args":[{"selector":{"id":"application-manageresources-display-component---newResourceUnit--PLANNING_GROUP","interaction":{"idSuffix":"inner"}},"wdio_ui5_key":"applicationmanageresources-display-component---newResourceUnit--PLANNING_GROUP"}]}
RESULT: undefined
COMMAND: POST /session/d53f532480bfbfa72ae7ae5ef7ef8f5b/execute/async - {"script":"<script> [776 bytes]","args":[{"enterText":"Heavy Equi","selector":{"id":"application-manageresources-display-component---newResourceUnit--PLANNING_GROUP","interaction":{"idSuffix":"inner"}},"clearTextFirst":true,"interactionType":"ENTER_TEXT"}]}
RESULT: {}
RESULT: {"script":"<script> [776 bytes]","args":[{"enterText":"Heavy Equi","selector":{"id":"application-manageresources-display-component---newResourceUnit--PLANNING_GROUP","interaction":{"idSuffix":"inner"}},"clearTextFirst":true,"interactionType":"ENTER_TEXT"}]}
COMMAND: POST /session/d53f532480bfbfa72ae7ae5ef7ef8f5b/execute/async - {"script":"<script> [1562 bytes]","args":[{"selector":{"id":"application-manageresources-display-component---newResourceUnit--ITEM_TYPE-arrow"},"wdio_ui5_key":"applicationmanageresources-display-component---newResourceUnit--ITEM_TYPE-arrow"}]}
RESULT: {"script":"<script> [1562 bytes]","args":[{"selector":{"id":"application-manageresources-display-component---newResourceUnit--ITEM_TYPE-arrow"},"wdio_ui5_key":"applicationmanageresources-display-component---newResourceUnit--ITEM_TYPE-arrow"}]}
RESULT: undefined
COMMAND: POST /session/d53f532480bfbfa72ae7ae5ef7ef8f5b/element - {"using":"xpath","value":"//*[@id=\"application-manageresources-display-component---newResourceUnit--ITEM_TYPE-arrow\"]"}
RESULT: {"using":"xpath","value":"//*[@id=\"application-manageresources-display-component---newResourceUnit--ITEM_TYPE-arrow\"]"}
COMMAND: POST /session/d53f532480bfbfa72ae7ae5ef7ef8f5b/element/f.9714F2348D0A698B9780435C77649C65.d.6ECE8FCD9005B2667D0F3042FAE072A6.e.13656/click - {}
RESULT: {}
COMMAND: POST /session/d53f532480bfbfa72ae7ae5ef7ef8f5b/element - {"using":"xpath","value":"(//span[contains(text(), \"Resource Unit\")])[2]"}
COMMAND: GET /session/d53f532480bfbfa72ae7ae5ef7ef8f5b/screenshot - {}
RESULT: {"using":"xpath","value":"(//span[contains(text(), \"Resource Unit\")])[2]"}
COMMAND: POST /session/d53f532480bfbfa72ae7ae5ef7ef8f5b/element/f.9714F2348D0A698B9780435C77649C65.d.6ECE8FCD9005B2667D0F3042FAE072A6.e.13657/click - {}
RESULT: {}
RESULT: {}
COMMAND: GET /session/d53f532480bfbfa72ae7ae5ef7ef8f5b/screenshot - {}
RESULT: {}
COMMAND: POST /session/d53f532480bfbfa72ae7ae5ef7ef8f5b/element - {"using":"css selector","value":"#application-manageresources-display-component---newResourceUnit--btnAddTimeSegment"}
RESULT: {"using":"css selector","value":"#application-manageresources-display-component---newResourceUnit--btnAddTimeSegment"}
COMMAND: GET /session/d53f532480bfbfa72ae7ae5ef7ef8f5b/element/f.9714F2348D0A698B9780435C77649C65.d.6ECE8FCD9005B2667D0F3042FAE072A6.e.13658/rect - {}
RESULT: {}
COMMAND: GET /session/d53f532480bfbfa72ae7ae5ef7ef8f5b/window/rect - {}
RESULT: {}
COMMAND: POST /session/d53f532480bfbfa72ae7ae5ef7ef8f5b/execute/sync - {"script":"<script> [92 bytes]","args":[]}
RESULT: {"script":"<script> [92 bytes]","args":[]}
COMMAND: POST /session/d53f532480bfbfa72ae7ae5ef7ef8f5b/actions - {"actions":[{"id":"action44","type":"wheel","parameters":{},"actions":[{"type":"scroll","x":-1888,"y":-32,"deltaX":0,"deltaY":0,"duration":0,"origin":{"element-6066-11e4-a52e-4f735466cecf":"f.9714F2348D0A698B9780435C77649C65.d.6ECE8FCD9005B2667D0F3042FAE072A6.e.13658"}}]}]}
COMMAND: GET /session/d53f532480bfbfa72ae7ae5ef7ef8f5b/screenshot - {}
RESULT: {}
COMMAND: POST /session/d53f532480bfbfa72ae7ae5ef7ef8f5b/execute/sync - {"script":"<script> [79 bytes]","args":[{"element-6066-11e4-a52e-4f735466cecf":"f.9714F2348D0A698B9780435C77649C65.d.6ECE8FCD9005B2667D0F3042FAE072A6.e.13658","ELEMENT":"f.9714F2348D0A698B9780435C77649C65.d.6ECE8FCD9005B2667D0F3042FAE072A6.e.13658"},{"block":"start","inline":"nearest"}]}
RESULT: {"script":"<script> [79 bytes]","args":[{"element-6066-11e4-a52e-4f735466cecf":"f.9714F2348D0A698B9780435C77649C65.d.6ECE8FCD9005B2667D0F3042FAE072A6.e.13658","ELEMENT":"f.9714F2348D0A698B9780435C77649C65.d.6ECE8FCD9005B2667D0F3042FAE072A6.e.13658"},{"block":"start","inline":"nearest"}]}
COMMAND: POST /session/d53f532480bfbfa72ae7ae5ef7ef8f5b/execute/async - {"script":"<script> [1562 bytes]","args":[{"selector":{"id":"application-manageresources-display-component---newResourceUnit--btnAddTimeSegment","interaction":{"idSuffix":"inner"}},"wdio_ui5_key":"applicationmanageresources-display-component---newResourceUnit--btnAddTimeSegment"}]}
COMMAND: GET /session/d53f532480bfbfa72ae7ae5ef7ef8f5b/screenshot - {}
RESULT: {"script":"<script> [1562 bytes]","args":[{"selector":{"id":"application-manageresources-display-component---newResourceUnit--btnAddTimeSegment","interaction":{"idSuffix":"inner"}},"wdio_ui5_key":"applicationmanageresources-display-component---newResourceUnit--btnAddTimeSegment"}]}
RESULT: undefined
COMMAND: POST /session/d53f532480bfbfa72ae7ae5ef7ef8f5b/element - {"using":"xpath","value":"//*[@id=\"application-manageresources-display-component---newResourceUnit--btnAddTimeSegment\"]"}
RESULT: {}
RESULT: {"using":"xpath","value":"//*[@id=\"application-manageresources-display-component---newResourceUnit--btnAddTimeSegment\"]"}
COMMAND: POST /session/d53f532480bfbfa72ae7ae5ef7ef8f5b/element/f.9714F2348D0A698B9780435C77649C65.d.6ECE8FCD9005B2667D0F3042FAE072A6.e.13658/click - {}
RESULT: {}
COMMAND: GET /session/d53f532480bfbfa72ae7ae5ef7ef8f5b/screenshot - {}
RESULT: {}
COMMAND: POST /session/d53f532480bfbfa72ae7ae5ef7ef8f5b/element - {"using":"xpath","value":"//input[@id=\"application-manageresources-display-component---newResourceUnit--idRuTSAdmin-application-manageresources-display-component---newResourceUnit--RUTimeSegment-0-inner\"]"}
RESULT: {"using":"xpath","value":"//input[@id=\"application-manageresources-display-component---newResourceUnit--idRuTSAdmin-application-manageresources-display-component---newResourceUnit--RUTimeSegment-0-inner\"]"}
COMMAND: POST /session/d53f532480bfbfa72ae7ae5ef7ef8f5b/element/f.9714F2348D0A698B9780435C77649C65.d.6ECE8FCD9005B2667D0F3042FAE072A6.e.13664/clear - {}
RESULT: {}
COMMAND: POST /session/d53f532480bfbfa72ae7ae5ef7ef8f5b/element/f.9714F2348D0A698B9780435C77649C65.d.6ECE8FCD9005B2667D0F3042FAE072A6.e.13664/value - {"text":"713"}
COMMAND: GET /session/d53f532480bfbfa72ae7ae5ef7ef8f5b/screenshot - {}
RESULT: {"text":"713"}
COMMAND: GET /session/d53f532480bfbfa72ae7ae5ef7ef8f5b/screenshot - {}
RESULT: {}
RESULT: {}
COMMAND: POST /session/d53f532480bfbfa72ae7ae5ef7ef8f5b/element - {"using":"xpath","value":"//li[.//span[text()='713']]"}
RESULT: {"using":"xpath","value":"//li[.//span[text()='713']]"}
COMMAND: POST /session/d53f532480bfbfa72ae7ae5ef7ef8f5b/element/f.9714F2348D0A698B9780435C77649C65.d.6ECE8FCD9005B2667D0F3042FAE072A6.e.13676/click - {}
RESULT: {}
COMMAND: GET /session/d53f532480bfbfa72ae7ae5ef7ef8f5b/screenshot - {}
RESULT: {}
COMMAND: POST /session/d53f532480bfbfa72ae7ae5ef7ef8f5b/element - {"using":"xpath","value":"(//span[contains(@id, \"-application-manageresources-display-component---newResourceUnit--RUTimeSegment-0-arrow\")])[6]"}
RESULT: {"using":"xpath","value":"(//span[contains(@id, \"-application-manageresources-display-component---newResourceUnit--RUTimeSegment-0-arrow\")])[6]"}
COMMAND: POST /session/d53f532480bfbfa72ae7ae5ef7ef8f5b/element/f.9714F2348D0A698B9780435C77649C65.d.6ECE8FCD9005B2667D0F3042FAE072A6.e.13677/click - {}
RESULT: {}
COMMAND: POST /session/d53f532480bfbfa72ae7ae5ef7ef8f5b/element - {"using":"xpath","value":"//span[contains(text(), \"PM Order\")]"}
COMMAND: GET /session/d53f532480bfbfa72ae7ae5ef7ef8f5b/screenshot - {}
RESULT: {"using":"xpath","value":"//span[contains(text(), \"PM Order\")]"}
COMMAND: POST /session/d53f532480bfbfa72ae7ae5ef7ef8f5b/element/f.9714F2348D0A698B9780435C77649C65.d.6ECE8FCD9005B2667D0F3042FAE072A6.e.13680/click - {}
RESULT: {}
RESULT: {}
COMMAND: GET /session/d53f532480bfbfa72ae7ae5ef7ef8f5b/screenshot - {}
RESULT: {}
COMMAND: POST /session/d53f532480bfbfa72ae7ae5ef7ef8f5b/element - {"using":"xpath","value":"(//span[contains(@id ,\"manageresources-display-component---newResourceUnit--RUTimeSegment-0-vhi\")])[2]"}
RESULT: {"using":"xpath","value":"(//span[contains(@id ,\"manageresources-display-component---newResourceUnit--RUTimeSegment-0-vhi\")])[2]"}
COMMAND: POST /session/d53f532480bfbfa72ae7ae5ef7ef8f5b/element/f.9714F2348D0A698B9780435C77649C65.d.6ECE8FCD9005B2667D0F3042FAE072A6.e.13683/click - {}
RESULT: {}
COMMAND: GET /session/d53f532480bfbfa72ae7ae5ef7ef8f5b/screenshot - {}
RESULT: {}
COMMAND: POST /session/d53f532480bfbfa72ae7ae5ef7ef8f5b/execute/async - {"script":"<script> [1562 bytes]","args":[{"selector":{"controlType":"sap.m.SearchField","properties":{"placeholder":"Search"},"searchOpenDialogs":true,"interaction":{"idSuffix":"I"}},"wdio_ui5_key":"sapm.SearchField{\"placeholder\":\"Search\"}"}]}
RESULT: {"script":"<script> [1562 bytes]","args":[{"selector":{"controlType":"sap.m.SearchField","properties":{"placeholder":"Search"},"searchOpenDialogs":true,"interaction":{"idSuffix":"I"}},"wdio_ui5_key":"sapm.SearchField{\"placeholder\":\"Search\"}"}]}
RESULT: undefined
COMMAND: POST /session/d53f532480bfbfa72ae7ae5ef7ef8f5b/execute/async - {"script":"<script> [776 bytes]","args":[{"enterText":"4000360","selector":{"controlType":"sap.m.SearchField","properties":{"placeholder":"Search"},"searchOpenDialogs":true,"interaction":{"idSuffix":"I"}},"clearTextFirst":true,"interactionType":"ENTER_TEXT"}]}
RESULT: {"script":"<script> [776 bytes]","args":[{"enterText":"4000360","selector":{"controlType":"sap.m.SearchField","properties":{"placeholder":"Search"},"searchOpenDialogs":true,"interaction":{"idSuffix":"I"}},"clearTextFirst":true,"interactionType":"ENTER_TEXT"}]}
COMMAND: POST /session/d53f532480bfbfa72ae7ae5ef7ef8f5b/actions - {"actions":[{"id":"action45","type":"key","parameters":{},"actions":[{"type":"keyDown","value":""},{"type":"pause","duration":10},{"type":"keyUp","value":""}]}]}
RESULT: {"actions":[{"id":"action45","type":"key","parameters":{},"actions":[{"type":"keyDown","value":""},{"type":"pause","duration":10},{"type":"keyUp","value":""}]}]}
COMMAND: GET /session/d53f532480bfbfa72ae7ae5ef7ef8f5b/screenshot - {}
RESULT: {}
COMMAND: POST /session/d53f532480bfbfa72ae7ae5ef7ef8f5b/element - {"using":"xpath","value":"//td/div/span[contains(text(), \"BGL Vehicles\")]"}
RESULT: {"using":"xpath","value":"//td/div/span[contains(text(), \"BGL Vehicles\")]"}
COMMAND: POST /session/d53f532480bfbfa72ae7ae5ef7ef8f5b/element/f.9714F2348D0A698B9780435C77649C65.d.6ECE8FCD9005B2667D0F3042FAE072A6.e.13703/click - {}
RESULT: {}
COMMAND: GET /session/d53f532480bfbfa72ae7ae5ef7ef8f5b/screenshot - {}
RESULT: {}
COMMAND: POST /session/d53f532480bfbfa72ae7ae5ef7ef8f5b/element - {"using":"xpath","value":"//bdi[contains(text(), \"OK\")]"}
RESULT: {"using":"xpath","value":"//bdi[contains(text(), \"OK\")]"}
COMMAND: POST /session/d53f532480bfbfa72ae7ae5ef7ef8f5b/element/f.9714F2348D0A698B9780435C77649C65.d.6ECE8FCD9005B2667D0F3042FAE072A6.e.13704/click - {}
RESULT: {}
COMMAND: GET /session/d53f532480bfbfa72ae7ae5ef7ef8f5b/screenshot - {}
RESULT: {}
COMMAND: POST /session/d53f532480bfbfa72ae7ae5ef7ef8f5b/execute/async - {"script":"<script> [1562 bytes]","args":[{"selector":{"id":"application-manageresources-display-component---newResourceUnit--newRRUPage-anchBar-application-manageresources-display-component---newResourceUnit--resource-anchor","interaction":{"idSuffix":"BDI-content"}},"wdio_ui5_key":"applicationmanageresources-display-component---newResourceUnit--newRRUPage-anchBar-application-manageresources-display-component---newResourceUnit--resource-anchor"}]}
RESULT: {"script":"<script> [1562 bytes]","args":[{"selector":{"id":"application-manageresources-display-component---newResourceUnit--newRRUPage-anchBar-application-manageresources-display-component---newResourceUnit--resource-anchor","interaction":{"idSuffix":"BDI-content"}},"wdio_ui5_key":"applicationmanageresources-display-component---newResourceUnit--newRRUPage-anchBar-application-manageresources-display-component---newResourceUnit--resource-anchor"}]}
RESULT: undefined
COMMAND: POST /session/d53f532480bfbfa72ae7ae5ef7ef8f5b/element - {"using":"xpath","value":"//*[@id=\"application-manageresources-display-component---newResourceUnit--newRRUPage-anchBar-application-manageresources-display-component---newResourceUnit--resource-anchor\"]"}
RESULT: {"using":"xpath","value":"//*[@id=\"application-manageresources-display-component---newResourceUnit--newRRUPage-anchBar-application-manageresources-display-component---newResourceUnit--resource-anchor\"]"}
COMMAND: POST /session/d53f532480bfbfa72ae7ae5ef7ef8f5b/element/f.9714F2348D0A698B9780435C77649C65.d.6ECE8FCD9005B2667D0F3042FAE072A6.e.13708/click - {}
RESULT: {}
COMMAND: POST /session/d53f532480bfbfa72ae7ae5ef7ef8f5b/execute/async - {"script":"<script> [1562 bytes]","args":[{"selector":{"id":"application-manageresources-display-component---newResourceUnit--PLANNED_DELIVERY_DATE","interaction":{"idSuffix":"inner"}},"wdio_ui5_key":"applicationmanageresources-display-component---newResourceUnit--PLANNED_DELIVERY_DATE"}]}
COMMAND: GET /session/d53f532480bfbfa72ae7ae5ef7ef8f5b/screenshot - {}
RESULT: {"script":"<script> [1562 bytes]","args":[{"selector":{"id":"application-manageresources-display-component---newResourceUnit--PLANNED_DELIVERY_DATE","interaction":{"idSuffix":"inner"}},"wdio_ui5_key":"applicationmanageresources-display-component---newResourceUnit--PLANNED_DELIVERY_DATE"}]}
RESULT: undefined
COMMAND: POST /session/d53f532480bfbfa72ae7ae5ef7ef8f5b/execute/async - {"script":"<script> [6424 bytes]","args":[{"element-6066-11e4-a52e-4f735466cecf":"f.9714F2348D0A698B9780435C77649C65.d.6ECE8FCD9005B2667D0F3042FAE072A6.e.13570"},"setValue",["4/23/25"]]}
RESULT: {}
RESULT: {"script":"<script> [6424 bytes]","args":[{"element-6066-11e4-a52e-4f735466cecf":"f.9714F2348D0A698B9780435C77649C65.d.6ECE8FCD9005B2667D0F3042FAE072A6.e.13570"},"setValue",["4/23/25"]]}
COMMAND: POST /session/d53f532480bfbfa72ae7ae5ef7ef8f5b/element - {"using":"xpath","value":"//button[@data-kt=\"resourceUnitSaveButton\"]"}
RESULT: {"using":"xpath","value":"//button[@data-kt=\"resourceUnitSaveButton\"]"}
COMMAND: POST /session/d53f532480bfbfa72ae7ae5ef7ef8f5b/element/f.9714F2348D0A698B9780435C77649C65.d.6ECE8FCD9005B2667D0F3042FAE072A6.e.13530/click - {}
RESULT: {}
COMMAND: GET /session/d53f532480bfbfa72ae7ae5ef7ef8f5b/screenshot - {}
RESULT: {}
COMMAND: POST /session/d53f532480bfbfa72ae7ae5ef7ef8f5b/element - {"using":"xpath","value":"//bdi[contains(text(), \"Close\")]"}
RESULT: {"using":"xpath","value":"//bdi[contains(text(), \"Close\")]"}
COMMAND: POST /session/d53f532480bfbfa72ae7ae5ef7ef8f5b/element/f.9714F2348D0A698B9780435C77649C65.d.6ECE8FCD9005B2667D0F3042FAE072A6.e.13716/click - {}
RESULT: {}
COMMAND: GET /session/d53f532480bfbfa72ae7ae5ef7ef8f5b/screenshot - {}
RESULT: {}
COMMAND: POST /session/d53f532480bfbfa72ae7ae5ef7ef8f5b/element - {"using":"xpath","value":"(//button[contains(@id ,\"actionsToolbar-overflowButton\")])[1]"}
RESULT: {"using":"xpath","value":"(//button[contains(@id ,\"actionsToolbar-overflowButton\")])[1]"}
COMMAND: POST /session/d53f532480bfbfa72ae7ae5ef7ef8f5b/element/f.9714F2348D0A698B9780435C77649C65.d.6ECE8FCD9005B2667D0F3042FAE072A6.e.13769/click - {}
RESULT: {}
COMMAND: GET /session/d53f532480bfbfa72ae7ae5ef7ef8f5b/screenshot - {}
RESULT: {}
COMMAND: POST /session/d53f532480bfbfa72ae7ae5ef7ef8f5b/element - {"using":"xpath","value":"//button[@data-kt=\"priceInfoButton\"]"}
RESULT: {"using":"xpath","value":"//button[@data-kt=\"priceInfoButton\"]"}
COMMAND: POST /session/d53f532480bfbfa72ae7ae5ef7ef8f5b/element/f.9714F2348D0A698B9780435C77649C65.d.6ECE8FCD9005B2667D0F3042FAE072A6.e.13771/click - {}
RESULT: {}
COMMAND: GET /session/d53f532480bfbfa72ae7ae5ef7ef8f5b/screenshot - {}
]]></system-out>
    </testcase>
    <testcase classname="chrome.135_0_7049_42.windows.Billing_transfer_US117289" name="Should create new pricing rule" time="51.617">
      <system-out><![CDATA[
COMMAND: POST /session/d53f532480bfbfa72ae7ae5ef7ef8f5b/element - {"using":"xpath","value":"//button[@data-kt=\"addButton\"]"}
RESULT: {}
RESULT: {"using":"xpath","value":"//button[@data-kt=\"addButton\"]"}
COMMAND: POST /session/d53f532480bfbfa72ae7ae5ef7ef8f5b/elements - {"using":"xpath","value":"//button[@data-kt=\"addButton\"]"}
RESULT: {"using":"xpath","value":"//button[@data-kt=\"addButton\"]"}
COMMAND: POST /session/d53f532480bfbfa72ae7ae5ef7ef8f5b/execute/sync - {"script":"<script> [8489 bytes]","args":[{"element-6066-11e4-a52e-4f735466cecf":"f.9714F2348D0A698B9780435C77649C65.d.6ECE8FCD9005B2667D0F3042FAE072A6.e.13807","ELEMENT":"f.9714F2348D0A698B9780435C77649C65.d.6ECE8FCD9005B2667D0F3042FAE072A6.e.13807"}]}
RESULT: {"script":"<script> [8489 bytes]","args":[{"element-6066-11e4-a52e-4f735466cecf":"f.9714F2348D0A698B9780435C77649C65.d.6ECE8FCD9005B2667D0F3042FAE072A6.e.13807","ELEMENT":"f.9714F2348D0A698B9780435C77649C65.d.6ECE8FCD9005B2667D0F3042FAE072A6.e.13807"}]}
COMMAND: GET /session/d53f532480bfbfa72ae7ae5ef7ef8f5b/element/f.9714F2348D0A698B9780435C77649C65.d.6ECE8FCD9005B2667D0F3042FAE072A6.e.13807/enabled - {}
COMMAND: GET /session/d53f532480bfbfa72ae7ae5ef7ef8f5b/screenshot - {}
RESULT: {}
COMMAND: POST /session/d53f532480bfbfa72ae7ae5ef7ef8f5b/execute/sync - {"script":"<script> [8489 bytes]","args":[{"element-6066-11e4-a52e-4f735466cecf":"f.9714F2348D0A698B9780435C77649C65.d.6ECE8FCD9005B2667D0F3042FAE072A6.e.13807","ELEMENT":"f.9714F2348D0A698B9780435C77649C65.d.6ECE8FCD9005B2667D0F3042FAE072A6.e.13807"}]}
COMMAND: GET /session/d53f532480bfbfa72ae7ae5ef7ef8f5b/screenshot - {}
RESULT: {}
RESULT: {"script":"<script> [8489 bytes]","args":[{"element-6066-11e4-a52e-4f735466cecf":"f.9714F2348D0A698B9780435C77649C65.d.6ECE8FCD9005B2667D0F3042FAE072A6.e.13807","ELEMENT":"f.9714F2348D0A698B9780435C77649C65.d.6ECE8FCD9005B2667D0F3042FAE072A6.e.13807"}]}
COMMAND: POST /session/d53f532480bfbfa72ae7ae5ef7ef8f5b/execute/sync - {"script":"<script> [5351 bytes]","args":[{"element-6066-11e4-a52e-4f735466cecf":"f.9714F2348D0A698B9780435C77649C65.d.6ECE8FCD9005B2667D0F3042FAE072A6.e.13807","ELEMENT":"f.9714F2348D0A698B9780435C77649C65.d.6ECE8FCD9005B2667D0F3042FAE072A6.e.13807"}]}
COMMAND: GET /session/d53f532480bfbfa72ae7ae5ef7ef8f5b/screenshot - {}
RESULT: {}
RESULT: {"script":"<script> [5351 bytes]","args":[{"element-6066-11e4-a52e-4f735466cecf":"f.9714F2348D0A698B9780435C77649C65.d.6ECE8FCD9005B2667D0F3042FAE072A6.e.13807","ELEMENT":"f.9714F2348D0A698B9780435C77649C65.d.6ECE8FCD9005B2667D0F3042FAE072A6.e.13807"}]}
COMMAND: POST /session/d53f532480bfbfa72ae7ae5ef7ef8f5b/element/f.9714F2348D0A698B9780435C77649C65.d.6ECE8FCD9005B2667D0F3042FAE072A6.e.13807/click - {}
COMMAND: GET /session/d53f532480bfbfa72ae7ae5ef7ef8f5b/screenshot - {}
RESULT: {}
RESULT: {}
COMMAND: GET /session/d53f532480bfbfa72ae7ae5ef7ef8f5b/screenshot - {}
RESULT: {}
COMMAND: POST /session/d53f532480bfbfa72ae7ae5ef7ef8f5b/execute/async - {"script":"<script> [1562 bytes]","args":[{"selector":{"controlType":"sap.m.Title","viewName":"etm.portal.ui.managepricingrules.view.NewItem","viewId":"application-managepricingrules-display-component---newInfoPriceItem","properties":{"text":"New Pricing Rules - Item Level"}},"wdio_ui5_key":"etmportal.ui.managepricingrules.view.NewItemsap.m.Title{\"text\":\"New Pricing Rules - Item Level\"}"}]}
RESULT: {}
RESULT: {"script":"<script> [1562 bytes]","args":[{"selector":{"controlType":"sap.m.Title","viewName":"etm.portal.ui.managepricingrules.view.NewItem","viewId":"application-managepricingrules-display-component---newInfoPriceItem","properties":{"text":"New Pricing Rules - Item Level"}},"wdio_ui5_key":"etmportal.ui.managepricingrules.view.NewItemsap.m.Title{\"text\":\"New Pricing Rules - Item Level\"}"}]}
RESULT: undefined
COMMAND: POST /session/d53f532480bfbfa72ae7ae5ef7ef8f5b/execute/async - {"script":"<script> [6424 bytes]","args":[{"element-6066-11e4-a52e-4f735466cecf":"f.9714F2348D0A698B9780435C77649C65.d.6ECE8FCD9005B2667D0F3042FAE072A6.e.13980"},"getText",[]]}
RESULT: {"script":"<script> [6424 bytes]","args":[{"element-6066-11e4-a52e-4f735466cecf":"f.9714F2348D0A698B9780435C77649C65.d.6ECE8FCD9005B2667D0F3042FAE072A6.e.13980"},"getText",[]]}
COMMAND: POST /session/d53f532480bfbfa72ae7ae5ef7ef8f5b/execute/async - {"script":"<script> [1562 bytes]","args":[{"selector":{"id":"application-managepricingrules-display-component---newInfoPriceItem--condValidTo","interaction":{"idSuffix":"inner"}},"wdio_ui5_key":"applicationmanagepricingrules-display-component---newInfoPriceItem--condValidTo"}]}
RESULT: {"script":"<script> [1562 bytes]","args":[{"selector":{"id":"application-managepricingrules-display-component---newInfoPriceItem--condValidTo","interaction":{"idSuffix":"inner"}},"wdio_ui5_key":"applicationmanagepricingrules-display-component---newInfoPriceItem--condValidTo"}]}
RESULT: undefined
COMMAND: POST /session/d53f532480bfbfa72ae7ae5ef7ef8f5b/execute/async - {"script":"<script> [776 bytes]","args":[{"enterText":"12/23/25","selector":{"id":"application-managepricingrules-display-component---newInfoPriceItem--condValidTo","interaction":{"idSuffix":"inner"}},"clearTextFirst":true,"interactionType":"ENTER_TEXT"}]}
RESULT: {"script":"<script> [776 bytes]","args":[{"enterText":"12/23/25","selector":{"id":"application-managepricingrules-display-component---newInfoPriceItem--condValidTo","interaction":{"idSuffix":"inner"}},"clearTextFirst":true,"interactionType":"ENTER_TEXT"}]}
COMMAND: POST /session/d53f532480bfbfa72ae7ae5ef7ef8f5b/execute/async - {"script":"<script> [1562 bytes]","args":[{"selector":{"id":"application-managepricingrules-display-component---newInfoPriceItem--billType-arrow"},"wdio_ui5_key":"applicationmanagepricingrules-display-component---newInfoPriceItem--billType-arrow"}]}
RESULT: {"script":"<script> [1562 bytes]","args":[{"selector":{"id":"application-managepricingrules-display-component---newInfoPriceItem--billType-arrow"},"wdio_ui5_key":"applicationmanagepricingrules-display-component---newInfoPriceItem--billType-arrow"}]}
RESULT: undefined
COMMAND: POST /session/d53f532480bfbfa72ae7ae5ef7ef8f5b/element - {"using":"xpath","value":"//*[@id=\"application-managepricingrules-display-component---newInfoPriceItem--billType-arrow\"]"}
RESULT: {"using":"xpath","value":"//*[@id=\"application-managepricingrules-display-component---newInfoPriceItem--billType-arrow\"]"}
COMMAND: POST /session/d53f532480bfbfa72ae7ae5ef7ef8f5b/element/f.9714F2348D0A698B9780435C77649C65.d.6ECE8FCD9005B2667D0F3042FAE072A6.e.13938/click - {}
RESULT: {}
COMMAND: POST /session/d53f532480bfbfa72ae7ae5ef7ef8f5b/element - {"using":"xpath","value":"//span[contains(text(), \"TB - Time based\")]"}
COMMAND: GET /session/d53f532480bfbfa72ae7ae5ef7ef8f5b/screenshot - {}
RESULT: {"using":"xpath","value":"//span[contains(text(), \"TB - Time based\")]"}
COMMAND: POST /session/d53f532480bfbfa72ae7ae5ef7ef8f5b/element/f.9714F2348D0A698B9780435C77649C65.d.6ECE8FCD9005B2667D0F3042FAE072A6.e.13982/click - {}
RESULT: {}
RESULT: {}
COMMAND: POST /session/d53f532480bfbfa72ae7ae5ef7ef8f5b/execute/async - {"script":"<script> [1562 bytes]","args":[{"selector":{"id":"application-managepricingrules-display-component---newInfoPriceItem--priceProc-arrow"},"wdio_ui5_key":"applicationmanagepricingrules-display-component---newInfoPriceItem--priceProc-arrow"}]}
COMMAND: GET /session/d53f532480bfbfa72ae7ae5ef7ef8f5b/screenshot - {}
RESULT: {"script":"<script> [1562 bytes]","args":[{"selector":{"id":"application-managepricingrules-display-component---newInfoPriceItem--priceProc-arrow"},"wdio_ui5_key":"applicationmanagepricingrules-display-component---newInfoPriceItem--priceProc-arrow"}]}
RESULT: undefined
COMMAND: POST /session/d53f532480bfbfa72ae7ae5ef7ef8f5b/element - {"using":"xpath","value":"//*[@id=\"application-managepricingrules-display-component---newInfoPriceItem--priceProc-arrow\"]"}
RESULT: {}
RESULT: {"using":"xpath","value":"//*[@id=\"application-managepricingrules-display-component---newInfoPriceItem--priceProc-arrow\"]"}
COMMAND: POST /session/d53f532480bfbfa72ae7ae5ef7ef8f5b/element/f.9714F2348D0A698B9780435C77649C65.d.6ECE8FCD9005B2667D0F3042FAE072A6.e.13945/click - {}
RESULT: {}
COMMAND: POST /session/d53f532480bfbfa72ae7ae5ef7ef8f5b/element - {"using":"xpath","value":"//span[contains(text(), \"TBS - Time based standard\")]"}
COMMAND: GET /session/d53f532480bfbfa72ae7ae5ef7ef8f5b/screenshot - {}
RESULT: {"using":"xpath","value":"//span[contains(text(), \"TBS - Time based standard\")]"}
COMMAND: POST /session/d53f532480bfbfa72ae7ae5ef7ef8f5b/element/f.9714F2348D0A698B9780435C77649C65.d.6ECE8FCD9005B2667D0F3042FAE072A6.e.13983/click - {}
RESULT: {}
RESULT: {}
COMMAND: POST /session/d53f532480bfbfa72ae7ae5ef7ef8f5b/execute/async - {"script":"<script> [1562 bytes]","args":[{"selector":{"id":"application-managepricingrules-display-component---newInfoPriceItem--calcBase-arrow"},"wdio_ui5_key":"applicationmanagepricingrules-display-component---newInfoPriceItem--calcBase-arrow"}]}
COMMAND: GET /session/d53f532480bfbfa72ae7ae5ef7ef8f5b/screenshot - {}
RESULT: {"script":"<script> [1562 bytes]","args":[{"selector":{"id":"application-managepricingrules-display-component---newInfoPriceItem--calcBase-arrow"},"wdio_ui5_key":"applicationmanagepricingrules-display-component---newInfoPriceItem--calcBase-arrow"}]}
RESULT: undefined
COMMAND: POST /session/d53f532480bfbfa72ae7ae5ef7ef8f5b/element - {"using":"xpath","value":"//*[@id=\"application-managepricingrules-display-component---newInfoPriceItem--calcBase-arrow\"]"}
RESULT: {}
RESULT: {"using":"xpath","value":"//*[@id=\"application-managepricingrules-display-component---newInfoPriceItem--calcBase-arrow\"]"}
COMMAND: POST /session/d53f532480bfbfa72ae7ae5ef7ef8f5b/element/f.9714F2348D0A698B9780435C77649C65.d.6ECE8FCD9005B2667D0F3042FAE072A6.e.13952/click - {}
RESULT: {}
COMMAND: GET /session/d53f532480bfbfa72ae7ae5ef7ef8f5b/screenshot - {}
RESULT: {}
COMMAND: POST /session/d53f532480bfbfa72ae7ae5ef7ef8f5b/element - {"using":"xpath","value":"//span[contains(text(), \"0006 - TB(calendar days)\")]"}
RESULT: {"using":"xpath","value":"//span[contains(text(), \"0006 - TB(calendar days)\")]"}
COMMAND: POST /session/d53f532480bfbfa72ae7ae5ef7ef8f5b/element/f.9714F2348D0A698B9780435C77649C65.d.6ECE8FCD9005B2667D0F3042FAE072A6.e.13984/click - {}
RESULT: {}
COMMAND: GET /session/d53f532480bfbfa72ae7ae5ef7ef8f5b/screenshot - {}
RESULT: {}
COMMAND: POST /session/d53f532480bfbfa72ae7ae5ef7ef8f5b/execute/async - {"script":"<script> [1562 bytes]","args":[{"selector":{"id":"application-managepricingrules-display-component---newInfoPriceItem--daysMonth","interaction":{"idSuffix":"inner"}},"wdio_ui5_key":"applicationmanagepricingrules-display-component---newInfoPriceItem--daysMonth"}]}
RESULT: {"script":"<script> [1562 bytes]","args":[{"selector":{"id":"application-managepricingrules-display-component---newInfoPriceItem--daysMonth","interaction":{"idSuffix":"inner"}},"wdio_ui5_key":"applicationmanagepricingrules-display-component---newInfoPriceItem--daysMonth"}]}
RESULT: undefined
COMMAND: POST /session/d53f532480bfbfa72ae7ae5ef7ef8f5b/execute/async - {"script":"<script> [776 bytes]","args":[{"enterText":"30","selector":{"id":"application-managepricingrules-display-component---newInfoPriceItem--daysMonth","interaction":{"idSuffix":"inner"}},"clearTextFirst":true,"interactionType":"ENTER_TEXT"}]}
RESULT: {"script":"<script> [776 bytes]","args":[{"enterText":"30","selector":{"id":"application-managepricingrules-display-component---newInfoPriceItem--daysMonth","interaction":{"idSuffix":"inner"}},"clearTextFirst":true,"interactionType":"ENTER_TEXT"}]}
COMMAND: POST /session/d53f532480bfbfa72ae7ae5ef7ef8f5b/element - {"using":"xpath","value":"//button[@data-kt=\"saveNewRuleButton\"]"}
RESULT: {"using":"xpath","value":"//button[@data-kt=\"saveNewRuleButton\"]"}
COMMAND: POST /session/d53f532480bfbfa72ae7ae5ef7ef8f5b/element/f.9714F2348D0A698B9780435C77649C65.d.6ECE8FCD9005B2667D0F3042FAE072A6.e.13972/click - {}
RESULT: {}
COMMAND: GET /session/d53f532480bfbfa72ae7ae5ef7ef8f5b/screenshot - {}
RESULT: {}
COMMAND: POST /session/d53f532480bfbfa72ae7ae5ef7ef8f5b/execute/async - {"script":"<script> [1562 bytes]","args":[{"selector":{"id":"application-managepricingrules-display-component---priceInfoItem--smartFilterBar-btnBasicSearch","interaction":{"idSuffix":"I"}},"wdio_ui5_key":"applicationmanagepricingrules-display-component---priceInfoItem--smartFilterBar-btnBasicSearch"}]}
RESULT: {"script":"<script> [1562 bytes]","args":[{"selector":{"id":"application-managepricingrules-display-component---priceInfoItem--smartFilterBar-btnBasicSearch","interaction":{"idSuffix":"I"}},"wdio_ui5_key":"applicationmanagepricingrules-display-component---priceInfoItem--smartFilterBar-btnBasicSearch"}]}
RESULT: undefined
COMMAND: POST /session/d53f532480bfbfa72ae7ae5ef7ef8f5b/execute/async - {"script":"<script> [776 bytes]","args":[{"enterText":"4s0USHibJE","selector":{"id":"application-managepricingrules-display-component---priceInfoItem--smartFilterBar-btnBasicSearch","interaction":{"idSuffix":"I"}},"clearTextFirst":true,"interactionType":"ENTER_TEXT"}]}
RESULT: {"script":"<script> [776 bytes]","args":[{"enterText":"4s0USHibJE","selector":{"id":"application-managepricingrules-display-component---priceInfoItem--smartFilterBar-btnBasicSearch","interaction":{"idSuffix":"I"}},"clearTextFirst":true,"interactionType":"ENTER_TEXT"}]}
COMMAND: POST /session/d53f532480bfbfa72ae7ae5ef7ef8f5b/actions - {"actions":[{"id":"action46","type":"key","parameters":{},"actions":[{"type":"keyDown","value":""},{"type":"pause","duration":10},{"type":"keyUp","value":""}]}]}
RESULT: {"actions":[{"id":"action46","type":"key","parameters":{},"actions":[{"type":"keyDown","value":""},{"type":"pause","duration":10},{"type":"keyUp","value":""}]}]}
COMMAND: GET /session/d53f532480bfbfa72ae7ae5ef7ef8f5b/screenshot - {}
RESULT: {}
COMMAND: POST /session/d53f532480bfbfa72ae7ae5ef7ef8f5b/element - {"using":"xpath","value":"//span[@id=\"application-managepricingrules-display-component---priceInfoItem--smartTable-header-inner\"]"}
RESULT: {"using":"xpath","value":"//span[@id=\"application-managepricingrules-display-component---priceInfoItem--smartTable-header-inner\"]"}
COMMAND: POST /session/d53f532480bfbfa72ae7ae5ef7ef8f5b/elements - {"using":"xpath","value":"//span[@id=\"application-managepricingrules-display-component---priceInfoItem--smartTable-header-inner\"]"}
RESULT: {"using":"xpath","value":"//span[@id=\"application-managepricingrules-display-component---priceInfoItem--smartTable-header-inner\"]"}
COMMAND: POST /session/d53f532480bfbfa72ae7ae5ef7ef8f5b/execute/sync - {"script":"<script> [56 bytes]","args":[{"element-6066-11e4-a52e-4f735466cecf":"f.9714F2348D0A698B9780435C77649C65.d.6ECE8FCD9005B2667D0F3042FAE072A6.e.14008","ELEMENT":"f.9714F2348D0A698B9780435C77649C65.d.6ECE8FCD9005B2667D0F3042FAE072A6.e.14008"}]}
RESULT: {"script":"<script> [56 bytes]","args":[{"element-6066-11e4-a52e-4f735466cecf":"f.9714F2348D0A698B9780435C77649C65.d.6ECE8FCD9005B2667D0F3042FAE072A6.e.14008","ELEMENT":"f.9714F2348D0A698B9780435C77649C65.d.6ECE8FCD9005B2667D0F3042FAE072A6.e.14008"}]}
COMMAND: POST /session/d53f532480bfbfa72ae7ae5ef7ef8f5b/element - {"using":"css selector","value":"#shell-header-logo"}
COMMAND: GET /session/d53f532480bfbfa72ae7ae5ef7ef8f5b/screenshot - {}
RESULT: {"using":"css selector","value":"#shell-header-logo"}
COMMAND: POST /session/d53f532480bfbfa72ae7ae5ef7ef8f5b/element/f.9714F2348D0A698B9780435C77649C65.d.6ECE8FCD9005B2667D0F3042FAE072A6.e.13120/click - {}
RESULT: {}
RESULT: {}
COMMAND: GET /session/d53f532480bfbfa72ae7ae5ef7ef8f5b/screenshot - {}
RESULT: {}
]]></system-out>
    </testcase>
    <testcase classname="chrome.135_0_7049_42.windows.Billing_transfer_US117289" name="Should create new condition for equipment" time="61.359">
      <system-out><![CDATA[
COMMAND: POST /session/d53f532480bfbfa72ae7ae5ef7ef8f5b/execute/async - {"script":"<script> [1562 bytes]","args":[{"selector":{"controlType":"sap.m.Text","properties":{"text":"Manage Conditions & Prices"},"interaction":{"idSuffix":"inner"}},"wdio_ui5_key":"sapm.Text{\"text\":\"Manage Conditions & Prices\"}"}]}
RESULT: {"script":"<script> [1562 bytes]","args":[{"selector":{"controlType":"sap.m.Text","properties":{"text":"Manage Conditions & Prices"},"interaction":{"idSuffix":"inner"}},"wdio_ui5_key":"sapm.Text{\"text\":\"Manage Conditions & Prices\"}"}]}
RESULT: undefined
COMMAND: POST /session/d53f532480bfbfa72ae7ae5ef7ef8f5b/element - {"using":"xpath","value":"//*[@id=\"__tile53-title\"]"}
RESULT: {"using":"xpath","value":"//*[@id=\"__tile53-title\"]"}
COMMAND: POST /session/d53f532480bfbfa72ae7ae5ef7ef8f5b/element/f.9714F2348D0A698B9780435C77649C65.d.6ECE8FCD9005B2667D0F3042FAE072A6.e.14011/click - {}
RESULT: {}
COMMAND: POST /session/d53f532480bfbfa72ae7ae5ef7ef8f5b/element - {"using":"xpath","value":"//button[@aria-label=\"Create\"]"}
COMMAND: GET /session/d53f532480bfbfa72ae7ae5ef7ef8f5b/screenshot - {}
RESULT: {"using":"xpath","value":"//button[@aria-label=\"Create\"]"}
COMMAND: POST /session/d53f532480bfbfa72ae7ae5ef7ef8f5b/elements - {"using":"xpath","value":"//button[@aria-label=\"Create\"]"}
RESULT: {}
RESULT: {"using":"xpath","value":"//button[@aria-label=\"Create\"]"}
COMMAND: POST /session/d53f532480bfbfa72ae7ae5ef7ef8f5b/element - {"using":"xpath","value":"//button[@aria-label=\"Create\"]"}
RESULT: {"using":"xpath","value":"//button[@aria-label=\"Create\"]"}
COMMAND: POST /session/d53f532480bfbfa72ae7ae5ef7ef8f5b/execute/sync - {"script":"<script> [8489 bytes]","args":[{"element-6066-11e4-a52e-4f735466cecf":"f.9714F2348D0A698B9780435C77649C65.d.6ECE8FCD9005B2667D0F3042FAE072A6.e.14045","ELEMENT":"f.9714F2348D0A698B9780435C77649C65.d.6ECE8FCD9005B2667D0F3042FAE072A6.e.14045"}]}
RESULT: {"script":"<script> [8489 bytes]","args":[{"element-6066-11e4-a52e-4f735466cecf":"f.9714F2348D0A698B9780435C77649C65.d.6ECE8FCD9005B2667D0F3042FAE072A6.e.14045","ELEMENT":"f.9714F2348D0A698B9780435C77649C65.d.6ECE8FCD9005B2667D0F3042FAE072A6.e.14045"}]}
COMMAND: GET /session/d53f532480bfbfa72ae7ae5ef7ef8f5b/element/f.9714F2348D0A698B9780435C77649C65.d.6ECE8FCD9005B2667D0F3042FAE072A6.e.14045/enabled - {}
COMMAND: GET /session/d53f532480bfbfa72ae7ae5ef7ef8f5b/screenshot - {}
RESULT: {}
COMMAND: POST /session/d53f532480bfbfa72ae7ae5ef7ef8f5b/execute/sync - {"script":"<script> [8489 bytes]","args":[{"element-6066-11e4-a52e-4f735466cecf":"f.9714F2348D0A698B9780435C77649C65.d.6ECE8FCD9005B2667D0F3042FAE072A6.e.14045","ELEMENT":"f.9714F2348D0A698B9780435C77649C65.d.6ECE8FCD9005B2667D0F3042FAE072A6.e.14045"}]}
COMMAND: GET /session/d53f532480bfbfa72ae7ae5ef7ef8f5b/screenshot - {}
RESULT: {}
RESULT: {"script":"<script> [8489 bytes]","args":[{"element-6066-11e4-a52e-4f735466cecf":"f.9714F2348D0A698B9780435C77649C65.d.6ECE8FCD9005B2667D0F3042FAE072A6.e.14045","ELEMENT":"f.9714F2348D0A698B9780435C77649C65.d.6ECE8FCD9005B2667D0F3042FAE072A6.e.14045"}]}
COMMAND: POST /session/d53f532480bfbfa72ae7ae5ef7ef8f5b/execute/sync - {"script":"<script> [5351 bytes]","args":[{"element-6066-11e4-a52e-4f735466cecf":"f.9714F2348D0A698B9780435C77649C65.d.6ECE8FCD9005B2667D0F3042FAE072A6.e.14045","ELEMENT":"f.9714F2348D0A698B9780435C77649C65.d.6ECE8FCD9005B2667D0F3042FAE072A6.e.14045"}]}
COMMAND: GET /session/d53f532480bfbfa72ae7ae5ef7ef8f5b/screenshot - {}
RESULT: {}
RESULT: {"script":"<script> [5351 bytes]","args":[{"element-6066-11e4-a52e-4f735466cecf":"f.9714F2348D0A698B9780435C77649C65.d.6ECE8FCD9005B2667D0F3042FAE072A6.e.14045","ELEMENT":"f.9714F2348D0A698B9780435C77649C65.d.6ECE8FCD9005B2667D0F3042FAE072A6.e.14045"}]}
COMMAND: POST /session/d53f532480bfbfa72ae7ae5ef7ef8f5b/element/f.9714F2348D0A698B9780435C77649C65.d.6ECE8FCD9005B2667D0F3042FAE072A6.e.14045/click - {}
COMMAND: GET /session/d53f532480bfbfa72ae7ae5ef7ef8f5b/screenshot - {}
RESULT: {}
RESULT: {}
COMMAND: GET /session/d53f532480bfbfa72ae7ae5ef7ef8f5b/screenshot - {}
RESULT: {}
RESULT: {}
COMMAND: POST /session/d53f532480bfbfa72ae7ae5ef7ef8f5b/actions - {"actions":[{"id":"action47","type":"key","parameters":{},"actions":[{"type":"keyDown","value":""},{"type":"pause","duration":10},{"type":"keyUp","value":""}]}]}
RESULT: {"actions":[{"id":"action47","type":"key","parameters":{},"actions":[{"type":"keyDown","value":""},{"type":"pause","duration":10},{"type":"keyUp","value":""}]}]}
COMMAND: GET /session/d53f532480bfbfa72ae7ae5ef7ef8f5b/screenshot - {}
RESULT: {}
COMMAND: POST /session/d53f532480bfbfa72ae7ae5ef7ef8f5b/execute/async - {"script":"<script> [1562 bytes]","args":[{"selector":{"id":"application-manageconditionprice-display-component---newCondition--condBillCond-arrow"},"wdio_ui5_key":"applicationmanageconditionprice-display-component---newCondition--condBillCond-arrow"}]}
RESULT: {"script":"<script> [1562 bytes]","args":[{"selector":{"id":"application-manageconditionprice-display-component---newCondition--condBillCond-arrow"},"wdio_ui5_key":"applicationmanageconditionprice-display-component---newCondition--condBillCond-arrow"}]}
RESULT: undefined
COMMAND: POST /session/d53f532480bfbfa72ae7ae5ef7ef8f5b/element - {"using":"xpath","value":"//*[@id=\"application-manageconditionprice-display-component---newCondition--condBillCond-arrow\"]"}
RESULT: {"using":"xpath","value":"//*[@id=\"application-manageconditionprice-display-component---newCondition--condBillCond-arrow\"]"}
COMMAND: POST /session/d53f532480bfbfa72ae7ae5ef7ef8f5b/element/f.9714F2348D0A698B9780435C77649C65.d.6ECE8FCD9005B2667D0F3042FAE072A6.e.14222/click - {}
RESULT: {}
COMMAND: GET /session/d53f532480bfbfa72ae7ae5ef7ef8f5b/screenshot - {}
RESULT: {}
COMMAND: POST /session/d53f532480bfbfa72ae7ae5ef7ef8f5b/element - {"using":"xpath","value":"//li[.//span[contains(text(), \"DISP - D&I special price\")]]"}
RESULT: {"using":"xpath","value":"//li[.//span[contains(text(), \"DISP - D&I special price\")]]"}
COMMAND: POST /session/d53f532480bfbfa72ae7ae5ef7ef8f5b/element/f.9714F2348D0A698B9780435C77649C65.d.6ECE8FCD9005B2667D0F3042FAE072A6.e.14225/click - {}
RESULT: {}
COMMAND: GET /session/d53f532480bfbfa72ae7ae5ef7ef8f5b/screenshot - {}
RESULT: {}
COMMAND: POST /session/d53f532480bfbfa72ae7ae5ef7ef8f5b/execute/async - {"script":"<script> [1562 bytes]","args":[{"selector":{"id":"application-manageconditionprice-display-component---newCondition--condValidTo","interaction":{"idSuffix":"inner"}},"wdio_ui5_key":"applicationmanageconditionprice-display-component---newCondition--condValidTo"}]}
RESULT: {"script":"<script> [1562 bytes]","args":[{"selector":{"id":"application-manageconditionprice-display-component---newCondition--condValidTo","interaction":{"idSuffix":"inner"}},"wdio_ui5_key":"applicationmanageconditionprice-display-component---newCondition--condValidTo"}]}
RESULT: undefined
COMMAND: POST /session/d53f532480bfbfa72ae7ae5ef7ef8f5b/execute/async - {"script":"<script> [776 bytes]","args":[{"enterText":"12/23/25","selector":{"id":"application-manageconditionprice-display-component---newCondition--condValidTo","interaction":{"idSuffix":"inner"}},"clearTextFirst":true,"interactionType":"ENTER_TEXT"}]}
RESULT: {"script":"<script> [776 bytes]","args":[{"enterText":"12/23/25","selector":{"id":"application-manageconditionprice-display-component---newCondition--condValidTo","interaction":{"idSuffix":"inner"}},"clearTextFirst":true,"interactionType":"ENTER_TEXT"}]}
COMMAND: POST /session/d53f532480bfbfa72ae7ae5ef7ef8f5b/element - {"using":"xpath","value":"//input[@id=\"application-manageconditionprice-display-component---newCondition--condRU-inner\"]"}
RESULT: {"using":"xpath","value":"//input[@id=\"application-manageconditionprice-display-component---newCondition--condRU-inner\"]"}
COMMAND: POST /session/d53f532480bfbfa72ae7ae5ef7ef8f5b/element/f.9714F2348D0A698B9780435C77649C65.d.6ECE8FCD9005B2667D0F3042FAE072A6.e.14087/clear - {}
RESULT: {}
COMMAND: POST /session/d53f532480bfbfa72ae7ae5ef7ef8f5b/element/f.9714F2348D0A698B9780435C77649C65.d.6ECE8FCD9005B2667D0F3042FAE072A6.e.14087/value - {"text":"4s0USHibJE"}
COMMAND: GET /session/d53f532480bfbfa72ae7ae5ef7ef8f5b/screenshot - {}
RESULT: {"text":"4s0USHibJE"}
COMMAND: GET /session/d53f532480bfbfa72ae7ae5ef7ef8f5b/screenshot - {}
RESULT: {}
RESULT: {}
COMMAND: POST /session/d53f532480bfbfa72ae7ae5ef7ef8f5b/actions - {"actions":[{"id":"action48","type":"key","parameters":{},"actions":[{"type":"keyDown","value":""},{"type":"pause","duration":10},{"type":"keyUp","value":""}]}]}
RESULT: {"actions":[{"id":"action48","type":"key","parameters":{},"actions":[{"type":"keyDown","value":""},{"type":"pause","duration":10},{"type":"keyUp","value":""}]}]}
COMMAND: POST /session/d53f532480bfbfa72ae7ae5ef7ef8f5b/execute/async - {"script":"<script> [1562 bytes]","args":[{"selector":{"id":"application-manageconditionprice-display-component---newCondition--condBaseQty","interaction":{"idSuffix":"inner"}},"wdio_ui5_key":"applicationmanageconditionprice-display-component---newCondition--condBaseQty"}]}
COMMAND: GET /session/d53f532480bfbfa72ae7ae5ef7ef8f5b/screenshot - {}
RESULT: {"script":"<script> [1562 bytes]","args":[{"selector":{"id":"application-manageconditionprice-display-component---newCondition--condBaseQty","interaction":{"idSuffix":"inner"}},"wdio_ui5_key":"applicationmanageconditionprice-display-component---newCondition--condBaseQty"}]}
RESULT: undefined
COMMAND: POST /session/d53f532480bfbfa72ae7ae5ef7ef8f5b/execute/async - {"script":"<script> [776 bytes]","args":[{"enterText":"1","selector":{"id":"application-manageconditionprice-display-component---newCondition--condBaseQty","interaction":{"idSuffix":"inner"}},"clearTextFirst":true,"interactionType":"ENTER_TEXT"}]}
RESULT: {}
RESULT: {"script":"<script> [776 bytes]","args":[{"enterText":"1","selector":{"id":"application-manageconditionprice-display-component---newCondition--condBaseQty","interaction":{"idSuffix":"inner"}},"clearTextFirst":true,"interactionType":"ENTER_TEXT"}]}
COMMAND: POST /session/d53f532480bfbfa72ae7ae5ef7ef8f5b/execute/async - {"script":"<script> [1562 bytes]","args":[{"selector":{"id":"application-manageconditionprice-display-component---newCondition--condValue","interaction":{"idSuffix":"inner"}},"wdio_ui5_key":"applicationmanageconditionprice-display-component---newCondition--condValue"}]}
RESULT: {"script":"<script> [1562 bytes]","args":[{"selector":{"id":"application-manageconditionprice-display-component---newCondition--condValue","interaction":{"idSuffix":"inner"}},"wdio_ui5_key":"applicationmanageconditionprice-display-component---newCondition--condValue"}]}
RESULT: undefined
COMMAND: POST /session/d53f532480bfbfa72ae7ae5ef7ef8f5b/execute/async - {"script":"<script> [776 bytes]","args":[{"enterText":"100","selector":{"id":"application-manageconditionprice-display-component---newCondition--condValue","interaction":{"idSuffix":"inner"}},"clearTextFirst":true,"interactionType":"ENTER_TEXT"}]}
RESULT: {"script":"<script> [776 bytes]","args":[{"enterText":"100","selector":{"id":"application-manageconditionprice-display-component---newCondition--condValue","interaction":{"idSuffix":"inner"}},"clearTextFirst":true,"interactionType":"ENTER_TEXT"}]}
COMMAND: POST /session/d53f532480bfbfa72ae7ae5ef7ef8f5b/execute/async - {"script":"<script> [1562 bytes]","args":[{"selector":{"id":"application-manageconditionprice-display-component---newCondition--condCurr-arrow"},"wdio_ui5_key":"applicationmanageconditionprice-display-component---newCondition--condCurr-arrow"}]}
RESULT: {"script":"<script> [1562 bytes]","args":[{"selector":{"id":"application-manageconditionprice-display-component---newCondition--condCurr-arrow"},"wdio_ui5_key":"applicationmanageconditionprice-display-component---newCondition--condCurr-arrow"}]}
RESULT: undefined
COMMAND: POST /session/d53f532480bfbfa72ae7ae5ef7ef8f5b/element - {"using":"xpath","value":"//*[@id=\"application-manageconditionprice-display-component---newCondition--condCurr-arrow\"]"}
RESULT: {"using":"xpath","value":"//*[@id=\"application-manageconditionprice-display-component---newCondition--condCurr-arrow\"]"}
COMMAND: POST /session/d53f532480bfbfa72ae7ae5ef7ef8f5b/element/f.9714F2348D0A698B9780435C77649C65.d.6ECE8FCD9005B2667D0F3042FAE072A6.e.14203/click - {}
RESULT: {}
COMMAND: POST /session/d53f532480bfbfa72ae7ae5ef7ef8f5b/element - {"using":"xpath","value":"//span[contains(text(), \"Euro\")]"}
COMMAND: GET /session/d53f532480bfbfa72ae7ae5ef7ef8f5b/screenshot - {}
RESULT: {"using":"xpath","value":"//span[contains(text(), \"Euro\")]"}
COMMAND: POST /session/d53f532480bfbfa72ae7ae5ef7ef8f5b/element/f.9714F2348D0A698B9780435C77649C65.d.6ECE8FCD9005B2667D0F3042FAE072A6.e.14263/click - {}
RESULT: {}
RESULT: {}
COMMAND: POST /session/d53f532480bfbfa72ae7ae5ef7ef8f5b/element - {"using":"xpath","value":"//button[@data-kt=\"saveButton\"]"}
COMMAND: GET /session/d53f532480bfbfa72ae7ae5ef7ef8f5b/screenshot - {}
RESULT: {"using":"xpath","value":"//button[@data-kt=\"saveButton\"]"}
COMMAND: POST /session/d53f532480bfbfa72ae7ae5ef7ef8f5b/element/f.9714F2348D0A698B9780435C77649C65.d.6ECE8FCD9005B2667D0F3042FAE072A6.e.14204/click - {}
RESULT: {}
RESULT: {}
COMMAND: GET /session/d53f532480bfbfa72ae7ae5ef7ef8f5b/screenshot - {}
RESULT: {}
COMMAND: POST /session/d53f532480bfbfa72ae7ae5ef7ef8f5b/execute/async - {"script":"<script> [1562 bytes]","args":[{"selector":{"id":"application-manageconditionprice-display-component---conditions--smartFilterBar-btnBasicSearch","interaction":{"idSuffix":"I"}},"wdio_ui5_key":"applicationmanageconditionprice-display-component---conditions--smartFilterBar-btnBasicSearch"}]}
RESULT: {"script":"<script> [1562 bytes]","args":[{"selector":{"id":"application-manageconditionprice-display-component---conditions--smartFilterBar-btnBasicSearch","interaction":{"idSuffix":"I"}},"wdio_ui5_key":"applicationmanageconditionprice-display-component---conditions--smartFilterBar-btnBasicSearch"}]}
RESULT: undefined
COMMAND: POST /session/d53f532480bfbfa72ae7ae5ef7ef8f5b/execute/async - {"script":"<script> [776 bytes]","args":[{"enterText":"4s0USHibJE","selector":{"id":"application-manageconditionprice-display-component---conditions--smartFilterBar-btnBasicSearch","interaction":{"idSuffix":"I"}},"clearTextFirst":true,"interactionType":"ENTER_TEXT"}]}
RESULT: {"script":"<script> [776 bytes]","args":[{"enterText":"4s0USHibJE","selector":{"id":"application-manageconditionprice-display-component---conditions--smartFilterBar-btnBasicSearch","interaction":{"idSuffix":"I"}},"clearTextFirst":true,"interactionType":"ENTER_TEXT"}]}
COMMAND: POST /session/d53f532480bfbfa72ae7ae5ef7ef8f5b/actions - {"actions":[{"id":"action49","type":"key","parameters":{},"actions":[{"type":"keyDown","value":""},{"type":"pause","duration":10},{"type":"keyUp","value":""}]}]}
RESULT: {"actions":[{"id":"action49","type":"key","parameters":{},"actions":[{"type":"keyDown","value":""},{"type":"pause","duration":10},{"type":"keyUp","value":""}]}]}
COMMAND: GET /session/d53f532480bfbfa72ae7ae5ef7ef8f5b/screenshot - {}
RESULT: {}
COMMAND: POST /session/d53f532480bfbfa72ae7ae5ef7ef8f5b/execute/async - {"script":"<script> [1562 bytes]","args":[{"selector":{"id":"application-manageconditionprice-display-component---conditions--smartFilterBar-filterItemControl_BASIC-BILL_TYPES-vhi"},"wdio_ui5_key":"applicationmanageconditionprice-display-component---conditions--smartFilterBar-filterItemControl_BASIC-BILL_TYPES-vhi"}]}
RESULT: {"script":"<script> [1562 bytes]","args":[{"selector":{"id":"application-manageconditionprice-display-component---conditions--smartFilterBar-filterItemControl_BASIC-BILL_TYPES-vhi"},"wdio_ui5_key":"applicationmanageconditionprice-display-component---conditions--smartFilterBar-filterItemControl_BASIC-BILL_TYPES-vhi"}]}
RESULT: undefined
COMMAND: POST /session/d53f532480bfbfa72ae7ae5ef7ef8f5b/element - {"using":"xpath","value":"//*[@id=\"application-manageconditionprice-display-component---conditions--smartFilterBar-filterItemControl_BASIC-BILL_TYPES-vhi\"]"}
RESULT: {"using":"xpath","value":"//*[@id=\"application-manageconditionprice-display-component---conditions--smartFilterBar-filterItemControl_BASIC-BILL_TYPES-vhi\"]"}
COMMAND: POST /session/d53f532480bfbfa72ae7ae5ef7ef8f5b/element/f.9714F2348D0A698B9780435C77649C65.d.6ECE8FCD9005B2667D0F3042FAE072A6.e.14369/click - {}
RESULT: {}
COMMAND: POST /session/d53f532480bfbfa72ae7ae5ef7ef8f5b/execute/async - {"script":"<script> [1562 bytes]","args":[{"selector":{"id":"application-manageconditionprice-display-component---conditions--smartFilterBar-filterItemControl_BASIC-BILL_TYPES-valueHelpDialog-smartFilterBar-btnBasicSearch","searchOpenDialogs":true,"interaction":{"idSuffix":"I"}},"wdio_ui5_key":"applicationmanageconditionprice-display-component---conditions--smartFilterBar-filterItemControl_BASIC-BILL_TYPES-valueHelpDialog-smartFilterBar-btnBasicSearch"}]}
COMMAND: GET /session/d53f532480bfbfa72ae7ae5ef7ef8f5b/screenshot - {}
RESULT: {"script":"<script> [1562 bytes]","args":[{"selector":{"id":"application-manageconditionprice-display-component---conditions--smartFilterBar-filterItemControl_BASIC-BILL_TYPES-valueHelpDialog-smartFilterBar-btnBasicSearch","searchOpenDialogs":true,"interaction":{"idSuffix":"I"}},"wdio_ui5_key":"applicationmanageconditionprice-display-component---conditions--smartFilterBar-filterItemControl_BASIC-BILL_TYPES-valueHelpDialog-smartFilterBar-btnBasicSearch"}]}
RESULT: undefined
COMMAND: POST /session/d53f532480bfbfa72ae7ae5ef7ef8f5b/execute/async - {"script":"<script> [776 bytes]","args":[{"enterText":"TB","selector":{"id":"application-manageconditionprice-display-component---conditions--smartFilterBar-filterItemControl_BASIC-BILL_TYPES-valueHelpDialog-smartFilterBar-btnBasicSearch","searchOpenDialogs":true,"interaction":{"idSuffix":"I"}},"clearTextFirst":true,"interactionType":"ENTER_TEXT"}]}
RESULT: {}
RESULT: {"script":"<script> [776 bytes]","args":[{"enterText":"TB","selector":{"id":"application-manageconditionprice-display-component---conditions--smartFilterBar-filterItemControl_BASIC-BILL_TYPES-valueHelpDialog-smartFilterBar-btnBasicSearch","searchOpenDialogs":true,"interaction":{"idSuffix":"I"}},"clearTextFirst":true,"interactionType":"ENTER_TEXT"}]}
COMMAND: POST /session/d53f532480bfbfa72ae7ae5ef7ef8f5b/actions - {"actions":[{"id":"action50","type":"key","parameters":{},"actions":[{"type":"keyDown","value":""},{"type":"pause","duration":10},{"type":"keyUp","value":""}]}]}
RESULT: {"actions":[{"id":"action50","type":"key","parameters":{},"actions":[{"type":"keyDown","value":""},{"type":"pause","duration":10},{"type":"keyUp","value":""}]}]}
COMMAND: GET /session/d53f532480bfbfa72ae7ae5ef7ef8f5b/screenshot - {}
RESULT: {}
COMMAND: POST /session/d53f532480bfbfa72ae7ae5ef7ef8f5b/element - {"using":"xpath","value":"//div[contains(@id, 'application-manageconditionprice-display-component---conditions--smartFilterBar-filterItemControl_BASIC-BILL_TYPES-valueHelpDialog-table-rowsel0')]"}
RESULT: {"using":"xpath","value":"//div[contains(@id, 'application-manageconditionprice-display-component---conditions--smartFilterBar-filterItemControl_BASIC-BILL_TYPES-valueHelpDialog-table-rowsel0')]"}
COMMAND: POST /session/d53f532480bfbfa72ae7ae5ef7ef8f5b/element/f.9714F2348D0A698B9780435C77649C65.d.6ECE8FCD9005B2667D0F3042FAE072A6.e.14378/click - {}
RESULT: {}
COMMAND: GET /session/d53f532480bfbfa72ae7ae5ef7ef8f5b/screenshot - {}
RESULT: {}
COMMAND: POST /session/d53f532480bfbfa72ae7ae5ef7ef8f5b/element - {"using":"xpath","value":"//bdi[contains(text(), \"OK\")]"}
RESULT: {"using":"xpath","value":"//bdi[contains(text(), \"OK\")]"}
COMMAND: POST /session/d53f532480bfbfa72ae7ae5ef7ef8f5b/element/f.9714F2348D0A698B9780435C77649C65.d.6ECE8FCD9005B2667D0F3042FAE072A6.e.14380/click - {}
RESULT: {}
COMMAND: GET /session/d53f532480bfbfa72ae7ae5ef7ef8f5b/screenshot - {}
RESULT: {}
COMMAND: POST /session/d53f532480bfbfa72ae7ae5ef7ef8f5b/element - {"using":"xpath","value":"//span[@id=\"application-manageconditionprice-display-component---conditions--smartTable-header-inner\"]"}
RESULT: {"using":"xpath","value":"//span[@id=\"application-manageconditionprice-display-component---conditions--smartTable-header-inner\"]"}
COMMAND: POST /session/d53f532480bfbfa72ae7ae5ef7ef8f5b/elements - {"using":"xpath","value":"//span[@id=\"application-manageconditionprice-display-component---conditions--smartTable-header-inner\"]"}
RESULT: {"using":"xpath","value":"//span[@id=\"application-manageconditionprice-display-component---conditions--smartTable-header-inner\"]"}
COMMAND: POST /session/d53f532480bfbfa72ae7ae5ef7ef8f5b/execute/sync - {"script":"<script> [56 bytes]","args":[{"element-6066-11e4-a52e-4f735466cecf":"f.9714F2348D0A698B9780435C77649C65.d.6ECE8FCD9005B2667D0F3042FAE072A6.e.14383","ELEMENT":"f.9714F2348D0A698B9780435C77649C65.d.6ECE8FCD9005B2667D0F3042FAE072A6.e.14383"}]}
RESULT: {"script":"<script> [56 bytes]","args":[{"element-6066-11e4-a52e-4f735466cecf":"f.9714F2348D0A698B9780435C77649C65.d.6ECE8FCD9005B2667D0F3042FAE072A6.e.14383","ELEMENT":"f.9714F2348D0A698B9780435C77649C65.d.6ECE8FCD9005B2667D0F3042FAE072A6.e.14383"}]}
COMMAND: POST /session/d53f532480bfbfa72ae7ae5ef7ef8f5b/element - {"using":"css selector","value":"#shell-header-logo"}
COMMAND: GET /session/d53f532480bfbfa72ae7ae5ef7ef8f5b/screenshot - {}
RESULT: {"using":"css selector","value":"#shell-header-logo"}
COMMAND: POST /session/d53f532480bfbfa72ae7ae5ef7ef8f5b/element/f.9714F2348D0A698B9780435C77649C65.d.6ECE8FCD9005B2667D0F3042FAE072A6.e.14013/click - {}
RESULT: {}
RESULT: {}
COMMAND: GET /session/d53f532480bfbfa72ae7ae5ef7ef8f5b/screenshot - {}
RESULT: {}
]]></system-out>
    </testcase>
    <testcase classname="chrome.135_0_7049_42.windows.Billing_transfer_US117289" name="Should do a stock increase" time="77.236">
      <system-out><![CDATA[
COMMAND: POST /session/d53f532480bfbfa72ae7ae5ef7ef8f5b/execute/async - {"script":"<script> [1562 bytes]","args":[{"selector":{"controlType":"sap.m.Text","viewName":"etm.portal.ui.managehandoverstile.view.Master","properties":{"text":"Manage Handovers"},"interaction":{"idSuffix":"inner"}},"wdio_ui5_key":"etmportal.ui.managehandoverstile.view.Mastersap.m.Text{\"text\":\"Manage Handovers\"}"}]}
RESULT: {"script":"<script> [1562 bytes]","args":[{"selector":{"controlType":"sap.m.Text","viewName":"etm.portal.ui.managehandoverstile.view.Master","properties":{"text":"Manage Handovers"},"interaction":{"idSuffix":"inner"}},"wdio_ui5_key":"etmportal.ui.managehandoverstile.view.Mastersap.m.Text{\"text\":\"Manage Handovers\"}"}]}
RESULT: undefined
COMMAND: POST /session/d53f532480bfbfa72ae7ae5ef7ef8f5b/element - {"using":"xpath","value":"//*[@id=\"__tile131-title\"]"}
RESULT: {"using":"xpath","value":"//*[@id=\"__tile131-title\"]"}
COMMAND: POST /session/d53f532480bfbfa72ae7ae5ef7ef8f5b/element/f.9714F2348D0A698B9780435C77649C65.d.6ECE8FCD9005B2667D0F3042FAE072A6.e.14388/click - {}
RESULT: {}
COMMAND: POST /session/d53f532480bfbfa72ae7ae5ef7ef8f5b/element - {"using":"xpath","value":"//button[@data-kt=\"masterHOAddButton\"]"}
COMMAND: GET /session/d53f532480bfbfa72ae7ae5ef7ef8f5b/screenshot - {}
RESULT: {"using":"xpath","value":"//button[@data-kt=\"masterHOAddButton\"]"}
COMMAND: POST /session/d53f532480bfbfa72ae7ae5ef7ef8f5b/elements - {"using":"xpath","value":"//button[@data-kt=\"masterHOAddButton\"]"}
RESULT: {}
RESULT: {"using":"xpath","value":"//button[@data-kt=\"masterHOAddButton\"]"}
COMMAND: POST /session/d53f532480bfbfa72ae7ae5ef7ef8f5b/elements - {"using":"xpath","value":"//button[@data-kt=\"masterHOAddButton\"]"}
RESULT: {"using":"xpath","value":"//button[@data-kt=\"masterHOAddButton\"]"}
COMMAND: POST /session/d53f532480bfbfa72ae7ae5ef7ef8f5b/elements - {"using":"xpath","value":"//button[@data-kt=\"masterHOAddButton\"]"}
RESULT: {"using":"xpath","value":"//button[@data-kt=\"masterHOAddButton\"]"}
COMMAND: POST /session/d53f532480bfbfa72ae7ae5ef7ef8f5b/elements - {"using":"xpath","value":"//button[@data-kt=\"masterHOAddButton\"]"}
RESULT: {"using":"xpath","value":"//button[@data-kt=\"masterHOAddButton\"]"}
COMMAND: POST /session/d53f532480bfbfa72ae7ae5ef7ef8f5b/elements - {"using":"xpath","value":"//button[@data-kt=\"masterHOAddButton\"]"}
RESULT: {"using":"xpath","value":"//button[@data-kt=\"masterHOAddButton\"]"}
COMMAND: POST /session/d53f532480bfbfa72ae7ae5ef7ef8f5b/elements - {"using":"xpath","value":"//button[@data-kt=\"masterHOAddButton\"]"}
RESULT: {"using":"xpath","value":"//button[@data-kt=\"masterHOAddButton\"]"}
COMMAND: POST /session/d53f532480bfbfa72ae7ae5ef7ef8f5b/elements - {"using":"xpath","value":"//button[@data-kt=\"masterHOAddButton\"]"}
RESULT: {"using":"xpath","value":"//button[@data-kt=\"masterHOAddButton\"]"}
COMMAND: POST /session/d53f532480bfbfa72ae7ae5ef7ef8f5b/elements - {"using":"xpath","value":"//button[@data-kt=\"masterHOAddButton\"]"}
RESULT: {"using":"xpath","value":"//button[@data-kt=\"masterHOAddButton\"]"}
COMMAND: POST /session/d53f532480bfbfa72ae7ae5ef7ef8f5b/elements - {"using":"xpath","value":"//button[@data-kt=\"masterHOAddButton\"]"}
RESULT: {"using":"xpath","value":"//button[@data-kt=\"masterHOAddButton\"]"}
COMMAND: POST /session/d53f532480bfbfa72ae7ae5ef7ef8f5b/elements - {"using":"xpath","value":"//button[@data-kt=\"masterHOAddButton\"]"}
RESULT: {"using":"xpath","value":"//button[@data-kt=\"masterHOAddButton\"]"}
COMMAND: POST /session/d53f532480bfbfa72ae7ae5ef7ef8f5b/elements - {"using":"xpath","value":"//button[@data-kt=\"masterHOAddButton\"]"}
RESULT: {"using":"xpath","value":"//button[@data-kt=\"masterHOAddButton\"]"}
COMMAND: POST /session/d53f532480bfbfa72ae7ae5ef7ef8f5b/elements - {"using":"xpath","value":"//button[@data-kt=\"masterHOAddButton\"]"}
RESULT: {"using":"xpath","value":"//button[@data-kt=\"masterHOAddButton\"]"}
COMMAND: POST /session/d53f532480bfbfa72ae7ae5ef7ef8f5b/elements - {"using":"xpath","value":"//button[@data-kt=\"masterHOAddButton\"]"}
RESULT: {"using":"xpath","value":"//button[@data-kt=\"masterHOAddButton\"]"}
COMMAND: POST /session/d53f532480bfbfa72ae7ae5ef7ef8f5b/element - {"using":"xpath","value":"//button[@data-kt=\"masterHOAddButton\"]"}
RESULT: {"using":"xpath","value":"//button[@data-kt=\"masterHOAddButton\"]"}
COMMAND: POST /session/d53f532480bfbfa72ae7ae5ef7ef8f5b/execute/sync - {"script":"<script> [8489 bytes]","args":[{"element-6066-11e4-a52e-4f735466cecf":"f.9714F2348D0A698B9780435C77649C65.d.6ECE8FCD9005B2667D0F3042FAE072A6.e.14429","ELEMENT":"f.9714F2348D0A698B9780435C77649C65.d.6ECE8FCD9005B2667D0F3042FAE072A6.e.14429"}]}
RESULT: {"script":"<script> [8489 bytes]","args":[{"element-6066-11e4-a52e-4f735466cecf":"f.9714F2348D0A698B9780435C77649C65.d.6ECE8FCD9005B2667D0F3042FAE072A6.e.14429","ELEMENT":"f.9714F2348D0A698B9780435C77649C65.d.6ECE8FCD9005B2667D0F3042FAE072A6.e.14429"}]}
COMMAND: GET /session/d53f532480bfbfa72ae7ae5ef7ef8f5b/element/f.9714F2348D0A698B9780435C77649C65.d.6ECE8FCD9005B2667D0F3042FAE072A6.e.14429/enabled - {}
COMMAND: GET /session/d53f532480bfbfa72ae7ae5ef7ef8f5b/screenshot - {}
RESULT: {}
COMMAND: POST /session/d53f532480bfbfa72ae7ae5ef7ef8f5b/execute/sync - {"script":"<script> [8489 bytes]","args":[{"element-6066-11e4-a52e-4f735466cecf":"f.9714F2348D0A698B9780435C77649C65.d.6ECE8FCD9005B2667D0F3042FAE072A6.e.14429","ELEMENT":"f.9714F2348D0A698B9780435C77649C65.d.6ECE8FCD9005B2667D0F3042FAE072A6.e.14429"}]}
COMMAND: GET /session/d53f532480bfbfa72ae7ae5ef7ef8f5b/screenshot - {}
RESULT: {}
RESULT: {"script":"<script> [8489 bytes]","args":[{"element-6066-11e4-a52e-4f735466cecf":"f.9714F2348D0A698B9780435C77649C65.d.6ECE8FCD9005B2667D0F3042FAE072A6.e.14429","ELEMENT":"f.9714F2348D0A698B9780435C77649C65.d.6ECE8FCD9005B2667D0F3042FAE072A6.e.14429"}]}
COMMAND: POST /session/d53f532480bfbfa72ae7ae5ef7ef8f5b/execute/sync - {"script":"<script> [5351 bytes]","args":[{"element-6066-11e4-a52e-4f735466cecf":"f.9714F2348D0A698B9780435C77649C65.d.6ECE8FCD9005B2667D0F3042FAE072A6.e.14429","ELEMENT":"f.9714F2348D0A698B9780435C77649C65.d.6ECE8FCD9005B2667D0F3042FAE072A6.e.14429"}]}
COMMAND: GET /session/d53f532480bfbfa72ae7ae5ef7ef8f5b/screenshot - {}
RESULT: {}
RESULT: {}
RESULT: {"script":"<script> [5351 bytes]","args":[{"element-6066-11e4-a52e-4f735466cecf":"f.9714F2348D0A698B9780435C77649C65.d.6ECE8FCD9005B2667D0F3042FAE072A6.e.14429","ELEMENT":"f.9714F2348D0A698B9780435C77649C65.d.6ECE8FCD9005B2667D0F3042FAE072A6.e.14429"}]}
COMMAND: POST /session/d53f532480bfbfa72ae7ae5ef7ef8f5b/element/f.9714F2348D0A698B9780435C77649C65.d.6ECE8FCD9005B2667D0F3042FAE072A6.e.14429/click - {}
COMMAND: GET /session/d53f532480bfbfa72ae7ae5ef7ef8f5b/screenshot - {}
RESULT: {}
COMMAND: GET /session/d53f532480bfbfa72ae7ae5ef7ef8f5b/screenshot - {}
RESULT: {}
RESULT: {}
COMMAND: POST /session/d53f532480bfbfa72ae7ae5ef7ef8f5b/element - {"using":"xpath","value":"//span[contains(@id ,\"AddNewHO--typeSelect-arrow\")]"}
RESULT: {"using":"xpath","value":"//span[contains(@id ,\"AddNewHO--typeSelect-arrow\")]"}
COMMAND: POST /session/d53f532480bfbfa72ae7ae5ef7ef8f5b/element/f.9714F2348D0A698B9780435C77649C65.d.6ECE8FCD9005B2667D0F3042FAE072A6.e.14785/click - {}
RESULT: {}
COMMAND: GET /session/d53f532480bfbfa72ae7ae5ef7ef8f5b/screenshot - {}
RESULT: {}
COMMAND: POST /session/d53f532480bfbfa72ae7ae5ef7ef8f5b/element - {"using":"xpath","value":"(//li[contains(text(), \"stock increase yard\")])[1]"}
RESULT: {"using":"xpath","value":"(//li[contains(text(), \"stock increase yard\")])[1]"}
COMMAND: POST /session/d53f532480bfbfa72ae7ae5ef7ef8f5b/element/f.9714F2348D0A698B9780435C77649C65.d.6ECE8FCD9005B2667D0F3042FAE072A6.e.14786/click - {}
RESULT: {}
COMMAND: GET /session/d53f532480bfbfa72ae7ae5ef7ef8f5b/screenshot - {}
RESULT: {}
COMMAND: POST /session/d53f532480bfbfa72ae7ae5ef7ef8f5b/execute/async - {"script":"<script> [1562 bytes]","args":[{"selector":{"id":"application-managehandovers-display-component---AddNewHO--dueDate","interaction":{"idSuffix":"inner"}},"wdio_ui5_key":"applicationmanagehandovers-display-component---AddNewHO--dueDate"}]}
RESULT: {"script":"<script> [1562 bytes]","args":[{"selector":{"id":"application-managehandovers-display-component---AddNewHO--dueDate","interaction":{"idSuffix":"inner"}},"wdio_ui5_key":"applicationmanagehandovers-display-component---AddNewHO--dueDate"}]}
RESULT: undefined
COMMAND: POST /session/d53f532480bfbfa72ae7ae5ef7ef8f5b/execute/async - {"script":"<script> [6424 bytes]","args":[{"element-6066-11e4-a52e-4f735466cecf":"f.9714F2348D0A698B9780435C77649C65.d.6ECE8FCD9005B2667D0F3042FAE072A6.e.14788"},"setValue",["04/23/2025"]]}
RESULT: {"script":"<script> [6424 bytes]","args":[{"element-6066-11e4-a52e-4f735466cecf":"f.9714F2348D0A698B9780435C77649C65.d.6ECE8FCD9005B2667D0F3042FAE072A6.e.14788"},"setValue",["04/23/2025"]]}
COMMAND: POST /session/d53f532480bfbfa72ae7ae5ef7ef8f5b/element - {"using":"xpath","value":"//input[@id=\"generalSectionFrg--receiveYard-inner\"]"}
RESULT: {"using":"xpath","value":"//input[@id=\"generalSectionFrg--receiveYard-inner\"]"}
COMMAND: POST /session/d53f532480bfbfa72ae7ae5ef7ef8f5b/element/f.9714F2348D0A698B9780435C77649C65.d.6ECE8FCD9005B2667D0F3042FAE072A6.e.14794/clear - {}
RESULT: {}
COMMAND: POST /session/d53f532480bfbfa72ae7ae5ef7ef8f5b/element/f.9714F2348D0A698B9780435C77649C65.d.6ECE8FCD9005B2667D0F3042FAE072A6.e.14794/value - {"text":"713"}
COMMAND: GET /session/d53f532480bfbfa72ae7ae5ef7ef8f5b/screenshot - {}
RESULT: {}
RESULT: {"text":"713"}
COMMAND: GET /session/d53f532480bfbfa72ae7ae5ef7ef8f5b/screenshot - {}
RESULT: {}
COMMAND: POST /session/d53f532480bfbfa72ae7ae5ef7ef8f5b/element - {"using":"xpath","value":"//li[.//span[text()='713']]"}
RESULT: {"using":"xpath","value":"//li[.//span[text()='713']]"}
COMMAND: POST /session/d53f532480bfbfa72ae7ae5ef7ef8f5b/element/f.9714F2348D0A698B9780435C77649C65.d.6ECE8FCD9005B2667D0F3042FAE072A6.e.14811/click - {}
RESULT: {}
COMMAND: GET /session/d53f532480bfbfa72ae7ae5ef7ef8f5b/screenshot - {}
RESULT: {}
COMMAND: POST /session/d53f532480bfbfa72ae7ae5ef7ef8f5b/execute/async - {"script":"<script> [1562 bytes]","args":[{"selector":{"id":"application-managehandovers-display-component---AddNewHO--ObjectPageLayout-anchBar-application-managehandovers-display-component---AddNewHO--section4-anchor","interaction":{"idSuffix":"BDI-content"}},"wdio_ui5_key":"applicationmanagehandovers-display-component---AddNewHO--ObjectPageLayout-anchBar-application-managehandovers-display-component---AddNewHO--section4-anchor"}]}
RESULT: {"script":"<script> [1562 bytes]","args":[{"selector":{"id":"application-managehandovers-display-component---AddNewHO--ObjectPageLayout-anchBar-application-managehandovers-display-component---AddNewHO--section4-anchor","interaction":{"idSuffix":"BDI-content"}},"wdio_ui5_key":"applicationmanagehandovers-display-component---AddNewHO--ObjectPageLayout-anchBar-application-managehandovers-display-component---AddNewHO--section4-anchor"}]}
RESULT: undefined
COMMAND: POST /session/d53f532480bfbfa72ae7ae5ef7ef8f5b/element - {"using":"xpath","value":"//*[@id=\"application-managehandovers-display-component---AddNewHO--ObjectPageLayout-anchBar-application-managehandovers-display-component---AddNewHO--section4-anchor\"]"}
RESULT: {"using":"xpath","value":"//*[@id=\"application-managehandovers-display-component---AddNewHO--ObjectPageLayout-anchBar-application-managehandovers-display-component---AddNewHO--section4-anchor\"]"}
COMMAND: POST /session/d53f532480bfbfa72ae7ae5ef7ef8f5b/element/f.9714F2348D0A698B9780435C77649C65.d.6ECE8FCD9005B2667D0F3042FAE072A6.e.14813/click - {}
RESULT: {}
COMMAND: POST /session/d53f532480bfbfa72ae7ae5ef7ef8f5b/element - {"using":"xpath","value":"//button[@aria-label=\"Add\"]"}
COMMAND: GET /session/d53f532480bfbfa72ae7ae5ef7ef8f5b/screenshot - {}
RESULT: {"using":"xpath","value":"//button[@aria-label=\"Add\"]"}
COMMAND: POST /session/d53f532480bfbfa72ae7ae5ef7ef8f5b/element/f.9714F2348D0A698B9780435C77649C65.d.6ECE8FCD9005B2667D0F3042FAE072A6.e.14815/click - {}
RESULT: {}
RESULT: {}
COMMAND: GET /session/d53f532480bfbfa72ae7ae5ef7ef8f5b/screenshot - {}
RESULT: {}
COMMAND: POST /session/d53f532480bfbfa72ae7ae5ef7ef8f5b/execute/async - {"script":"<script> [1562 bytes]","args":[{"selector":{"id":"application-managehandovers-display-component---AddNewHO--smartFilterBar-btnBasicSearch","searchOpenDialogs":true,"interaction":{"idSuffix":"I"}},"wdio_ui5_key":"applicationmanagehandovers-display-component---AddNewHO--smartFilterBar-btnBasicSearch"}]}
RESULT: {"script":"<script> [1562 bytes]","args":[{"selector":{"id":"application-managehandovers-display-component---AddNewHO--smartFilterBar-btnBasicSearch","searchOpenDialogs":true,"interaction":{"idSuffix":"I"}},"wdio_ui5_key":"applicationmanagehandovers-display-component---AddNewHO--smartFilterBar-btnBasicSearch"}]}
RESULT: undefined
COMMAND: POST /session/d53f532480bfbfa72ae7ae5ef7ef8f5b/execute/async - {"script":"<script> [776 bytes]","args":[{"enterText":"4s0USHibJE","selector":{"id":"application-managehandovers-display-component---AddNewHO--smartFilterBar-btnBasicSearch","searchOpenDialogs":true,"interaction":{"idSuffix":"I"}},"clearTextFirst":true,"interactionType":"ENTER_TEXT"}]}
RESULT: {"script":"<script> [776 bytes]","args":[{"enterText":"4s0USHibJE","selector":{"id":"application-managehandovers-display-component---AddNewHO--smartFilterBar-btnBasicSearch","searchOpenDialogs":true,"interaction":{"idSuffix":"I"}},"clearTextFirst":true,"interactionType":"ENTER_TEXT"}]}
COMMAND: POST /session/d53f532480bfbfa72ae7ae5ef7ef8f5b/actions - {"actions":[{"id":"action51","type":"key","parameters":{},"actions":[{"type":"keyDown","value":""},{"type":"pause","duration":10},{"type":"keyUp","value":""}]}]}
RESULT: {"actions":[{"id":"action51","type":"key","parameters":{},"actions":[{"type":"keyDown","value":""},{"type":"pause","duration":10},{"type":"keyUp","value":""}]}]}
COMMAND: GET /session/d53f532480bfbfa72ae7ae5ef7ef8f5b/screenshot - {}
RESULT: {}
COMMAND: POST /session/d53f532480bfbfa72ae7ae5ef7ef8f5b/execute/async - {"script":"<script> [1562 bytes]","args":[{"selector":{"id":"application-managehandovers-display-component---AddNewHO--popup-sa","searchOpenDialogs":true,"interaction":{"idSuffix":"CbBg"}},"wdio_ui5_key":"applicationmanagehandovers-display-component---AddNewHO--popup-sa"}]}
RESULT: {"script":"<script> [1562 bytes]","args":[{"selector":{"id":"application-managehandovers-display-component---AddNewHO--popup-sa","searchOpenDialogs":true,"interaction":{"idSuffix":"CbBg"}},"wdio_ui5_key":"applicationmanagehandovers-display-component---AddNewHO--popup-sa"}]}
RESULT: undefined
COMMAND: POST /session/d53f532480bfbfa72ae7ae5ef7ef8f5b/element - {"using":"xpath","value":"//*[@id=\"application-managehandovers-display-component---AddNewHO--popup-sa\"]"}
RESULT: {"using":"xpath","value":"//*[@id=\"application-managehandovers-display-component---AddNewHO--popup-sa\"]"}
COMMAND: POST /session/d53f532480bfbfa72ae7ae5ef7ef8f5b/element/f.9714F2348D0A698B9780435C77649C65.d.6ECE8FCD9005B2667D0F3042FAE072A6.e.14969/click - {}
RESULT: {}
COMMAND: GET /session/d53f532480bfbfa72ae7ae5ef7ef8f5b/screenshot - {}
RESULT: {}
COMMAND: POST /session/d53f532480bfbfa72ae7ae5ef7ef8f5b/element - {"using":"xpath","value":"//bdi[contains(text(), \"Select\")]"}
RESULT: {"using":"xpath","value":"//bdi[contains(text(), \"Select\")]"}
COMMAND: POST /session/d53f532480bfbfa72ae7ae5ef7ef8f5b/element/f.9714F2348D0A698B9780435C77649C65.d.6ECE8FCD9005B2667D0F3042FAE072A6.e.14970/click - {}
RESULT: {}
COMMAND: GET /session/d53f532480bfbfa72ae7ae5ef7ef8f5b/screenshot - {}
RESULT: {}
COMMAND: POST /session/d53f532480bfbfa72ae7ae5ef7ef8f5b/element - {"using":"xpath","value":"//button[@data-kt=\"AddNewHOSaveButton\"]"}
RESULT: {"using":"xpath","value":"//button[@data-kt=\"AddNewHOSaveButton\"]"}
COMMAND: POST /session/d53f532480bfbfa72ae7ae5ef7ef8f5b/element/f.9714F2348D0A698B9780435C77649C65.d.6ECE8FCD9005B2667D0F3042FAE072A6.e.14974/click - {}
RESULT: {}
COMMAND: GET /session/d53f532480bfbfa72ae7ae5ef7ef8f5b/screenshot - {}
RESULT: {}
COMMAND: POST /session/d53f532480bfbfa72ae7ae5ef7ef8f5b/execute/async - {"script":"<script> [1562 bytes]","args":[{"selector":{"id":"receiptDatePicker","viewName":"etm.portal.ui.managehandovers.view.DetailExecuteHO","interaction":{"idSuffix":"inner"}},"wdio_ui5_key":"receiptDatePickeretmportal.ui.managehandovers.view.DetailExecuteHO"}]}
RESULT: {"script":"<script> [1562 bytes]","args":[{"selector":{"id":"receiptDatePicker","viewName":"etm.portal.ui.managehandovers.view.DetailExecuteHO","interaction":{"idSuffix":"inner"}},"wdio_ui5_key":"receiptDatePickeretmportal.ui.managehandovers.view.DetailExecuteHO"}]}
RESULT: undefined
COMMAND: POST /session/d53f532480bfbfa72ae7ae5ef7ef8f5b/execute/async - {"script":"<script> [6424 bytes]","args":[{"element-6066-11e4-a52e-4f735466cecf":"f.9714F2348D0A698B9780435C77649C65.d.6ECE8FCD9005B2667D0F3042FAE072A6.e.15004"},"setValue",["04/23/2025"]]}
RESULT: {"script":"<script> [6424 bytes]","args":[{"element-6066-11e4-a52e-4f735466cecf":"f.9714F2348D0A698B9780435C77649C65.d.6ECE8FCD9005B2667D0F3042FAE072A6.e.15004"},"setValue",["04/23/2025"]]}
COMMAND: POST /session/d53f532480bfbfa72ae7ae5ef7ef8f5b/element - {"using":"xpath","value":"//button[@data-kt=\"PickingTableConfirmAllButton\"]"}
RESULT: {"using":"xpath","value":"//button[@data-kt=\"PickingTableConfirmAllButton\"]"}
COMMAND: POST /session/d53f532480bfbfa72ae7ae5ef7ef8f5b/element/f.9714F2348D0A698B9780435C77649C65.d.6ECE8FCD9005B2667D0F3042FAE072A6.e.15019/click - {}
RESULT: {}
COMMAND: GET /session/d53f532480bfbfa72ae7ae5ef7ef8f5b/screenshot - {}
RESULT: {}
COMMAND: POST /session/d53f532480bfbfa72ae7ae5ef7ef8f5b/element - {"using":"xpath","value":"//bdi[contains(text(), \"OK\")]"}
RESULT: {"using":"xpath","value":"//bdi[contains(text(), \"OK\")]"}
COMMAND: POST /session/d53f532480bfbfa72ae7ae5ef7ef8f5b/element/f.9714F2348D0A698B9780435C77649C65.d.6ECE8FCD9005B2667D0F3042FAE072A6.e.15021/click - {}
RESULT: {}
COMMAND: GET /session/d53f532480bfbfa72ae7ae5ef7ef8f5b/screenshot - {}
RESULT: {}
COMMAND: POST /session/d53f532480bfbfa72ae7ae5ef7ef8f5b/element - {"using":"xpath","value":"(//bdi[contains(text(), \"Receive\")])[2]"}
RESULT: {"using":"xpath","value":"(//bdi[contains(text(), \"Receive\")])[2]"}
COMMAND: POST /session/d53f532480bfbfa72ae7ae5ef7ef8f5b/element/f.9714F2348D0A698B9780435C77649C65.d.6ECE8FCD9005B2667D0F3042FAE072A6.e.15023/click - {}
RESULT: {}
COMMAND: GET /session/d53f532480bfbfa72ae7ae5ef7ef8f5b/screenshot - {}
RESULT: {}
COMMAND: POST /session/d53f532480bfbfa72ae7ae5ef7ef8f5b/element - {"using":"css selector","value":"#shell-header-logo"}
RESULT: {"using":"css selector","value":"#shell-header-logo"}
COMMAND: POST /session/d53f532480bfbfa72ae7ae5ef7ef8f5b/element/f.9714F2348D0A698B9780435C77649C65.d.6ECE8FCD9005B2667D0F3042FAE072A6.e.14390/click - {}
RESULT: {}
COMMAND: GET /session/d53f532480bfbfa72ae7ae5ef7ef8f5b/screenshot - {}
RESULT: {}
]]></system-out>
    </testcase>
    <testcase classname="chrome.135_0_7049_42.windows.Billing_transfer_US117289" name="Should create a new contract" time="47.669">
      <system-out><![CDATA[
COMMAND: POST /session/d53f532480bfbfa72ae7ae5ef7ef8f5b/execute/async - {"script":"<script> [1562 bytes]","args":[{"selector":{"controlType":"sap.m.Text","viewName":"etm.portal.ui.managecontractstile.view.Master","properties":{"text":"Manage Contracts"},"interaction":{"idSuffix":"inner"}},"wdio_ui5_key":"etmportal.ui.managecontractstile.view.Mastersap.m.Text{\"text\":\"Manage Contracts\"}"}]}
RESULT: {"script":"<script> [1562 bytes]","args":[{"selector":{"controlType":"sap.m.Text","viewName":"etm.portal.ui.managecontractstile.view.Master","properties":{"text":"Manage Contracts"},"interaction":{"idSuffix":"inner"}},"wdio_ui5_key":"etmportal.ui.managecontractstile.view.Mastersap.m.Text{\"text\":\"Manage Contracts\"}"}]}
RESULT: undefined
COMMAND: POST /session/d53f532480bfbfa72ae7ae5ef7ef8f5b/element - {"using":"xpath","value":"//*[@id=\"__tile133-title\"]"}
RESULT: {"using":"xpath","value":"//*[@id=\"__tile133-title\"]"}
COMMAND: POST /session/d53f532480bfbfa72ae7ae5ef7ef8f5b/element/f.9714F2348D0A698B9780435C77649C65.d.6ECE8FCD9005B2667D0F3042FAE072A6.e.15194/click - {}
RESULT: {}
COMMAND: GET /session/d53f532480bfbfa72ae7ae5ef7ef8f5b/screenshot - {}
COMMAND: POST /session/d53f532480bfbfa72ae7ae5ef7ef8f5b/element - {"using":"xpath","value":"//button[@data-kt=\"addButton\"]"}
RESULT: {}
RESULT: undefined
RESULT: undefined
RESULT: {"using":"xpath","value":"//button[@data-kt=\"addButton\"]"}
COMMAND: POST /session/d53f532480bfbfa72ae7ae5ef7ef8f5b/elements - {"using":"xpath","value":"//button[@data-kt=\"addButton\"]"}
RESULT: {"using":"xpath","value":"//button[@data-kt=\"addButton\"]"}
COMMAND: POST /session/d53f532480bfbfa72ae7ae5ef7ef8f5b/execute/sync - {"script":"<script> [8489 bytes]","args":[{"element-6066-11e4-a52e-4f735466cecf":"f.9714F2348D0A698B9780435C77649C65.d.6ECE8FCD9005B2667D0F3042FAE072A6.e.15226","ELEMENT":"f.9714F2348D0A698B9780435C77649C65.d.6ECE8FCD9005B2667D0F3042FAE072A6.e.15226"}]}
RESULT: {"script":"<script> [8489 bytes]","args":[{"element-6066-11e4-a52e-4f735466cecf":"f.9714F2348D0A698B9780435C77649C65.d.6ECE8FCD9005B2667D0F3042FAE072A6.e.15226","ELEMENT":"f.9714F2348D0A698B9780435C77649C65.d.6ECE8FCD9005B2667D0F3042FAE072A6.e.15226"}]}
COMMAND: GET /session/d53f532480bfbfa72ae7ae5ef7ef8f5b/element/f.9714F2348D0A698B9780435C77649C65.d.6ECE8FCD9005B2667D0F3042FAE072A6.e.15226/enabled - {}
COMMAND: GET /session/d53f532480bfbfa72ae7ae5ef7ef8f5b/screenshot - {}
RESULT: {}
COMMAND: POST /session/d53f532480bfbfa72ae7ae5ef7ef8f5b/execute/sync - {"script":"<script> [8489 bytes]","args":[{"element-6066-11e4-a52e-4f735466cecf":"f.9714F2348D0A698B9780435C77649C65.d.6ECE8FCD9005B2667D0F3042FAE072A6.e.15226","ELEMENT":"f.9714F2348D0A698B9780435C77649C65.d.6ECE8FCD9005B2667D0F3042FAE072A6.e.15226"}]}
COMMAND: GET /session/d53f532480bfbfa72ae7ae5ef7ef8f5b/screenshot - {}
RESULT: {}
RESULT: {"script":"<script> [8489 bytes]","args":[{"element-6066-11e4-a52e-4f735466cecf":"f.9714F2348D0A698B9780435C77649C65.d.6ECE8FCD9005B2667D0F3042FAE072A6.e.15226","ELEMENT":"f.9714F2348D0A698B9780435C77649C65.d.6ECE8FCD9005B2667D0F3042FAE072A6.e.15226"}]}
COMMAND: POST /session/d53f532480bfbfa72ae7ae5ef7ef8f5b/execute/sync - {"script":"<script> [5351 bytes]","args":[{"element-6066-11e4-a52e-4f735466cecf":"f.9714F2348D0A698B9780435C77649C65.d.6ECE8FCD9005B2667D0F3042FAE072A6.e.15226","ELEMENT":"f.9714F2348D0A698B9780435C77649C65.d.6ECE8FCD9005B2667D0F3042FAE072A6.e.15226"}]}
COMMAND: GET /session/d53f532480bfbfa72ae7ae5ef7ef8f5b/screenshot - {}
RESULT: {}
RESULT: {"script":"<script> [5351 bytes]","args":[{"element-6066-11e4-a52e-4f735466cecf":"f.9714F2348D0A698B9780435C77649C65.d.6ECE8FCD9005B2667D0F3042FAE072A6.e.15226","ELEMENT":"f.9714F2348D0A698B9780435C77649C65.d.6ECE8FCD9005B2667D0F3042FAE072A6.e.15226"}]}
COMMAND: GET /session/d53f532480bfbfa72ae7ae5ef7ef8f5b/screenshot - {}
RESULT: {}
RESULT: {}
COMMAND: POST /session/d53f532480bfbfa72ae7ae5ef7ef8f5b/element/f.9714F2348D0A698B9780435C77649C65.d.6ECE8FCD9005B2667D0F3042FAE072A6.e.15226/click - {}
RESULT: {}
COMMAND: GET /session/d53f532480bfbfa72ae7ae5ef7ef8f5b/screenshot - {}
COMMAND: POST /session/d53f532480bfbfa72ae7ae5ef7ef8f5b/execute/async - {"script":"<script> [1562 bytes]","args":[{"selector":{"id":"application-managecontracts-display-component---AddNewContract--projectDescription","interaction":{"idSuffix":"inner"}},"wdio_ui5_key":"applicationmanagecontracts-display-component---AddNewContract--projectDescription"}]}
RESULT: {}
RESULT: {"script":"<script> [1562 bytes]","args":[{"selector":{"id":"application-managecontracts-display-component---AddNewContract--projectDescription","interaction":{"idSuffix":"inner"}},"wdio_ui5_key":"applicationmanagecontracts-display-component---AddNewContract--projectDescription"}]}
RESULT: undefined
COMMAND: POST /session/d53f532480bfbfa72ae7ae5ef7ef8f5b/execute/async - {"script":"<script> [776 bytes]","args":[{"enterText":"Contract WDIO","selector":{"id":"application-managecontracts-display-component---AddNewContract--projectDescription","interaction":{"idSuffix":"inner"}},"clearTextFirst":true,"interactionType":"ENTER_TEXT"}]}
RESULT: {"script":"<script> [776 bytes]","args":[{"enterText":"Contract WDIO","selector":{"id":"application-managecontracts-display-component---AddNewContract--projectDescription","interaction":{"idSuffix":"inner"}},"clearTextFirst":true,"interactionType":"ENTER_TEXT"}]}
COMMAND: POST /session/d53f532480bfbfa72ae7ae5ef7ef8f5b/element - {"using":"xpath","value":"//input[@id=\"application-managecontracts-display-component---AddNewContract--site-inner\"]"}
RESULT: {"using":"xpath","value":"//input[@id=\"application-managecontracts-display-component---AddNewContract--site-inner\"]"}
COMMAND: POST /session/d53f532480bfbfa72ae7ae5ef7ef8f5b/element/f.9714F2348D0A698B9780435C77649C65.d.6ECE8FCD9005B2667D0F3042FAE072A6.e.15574/clear - {}
RESULT: {}
COMMAND: POST /session/d53f532480bfbfa72ae7ae5ef7ef8f5b/element/f.9714F2348D0A698B9780435C77649C65.d.6ECE8FCD9005B2667D0F3042FAE072A6.e.15574/value - {"text":"2526"}
COMMAND: GET /session/d53f532480bfbfa72ae7ae5ef7ef8f5b/screenshot - {}
RESULT: {"text":"2526"}
COMMAND: GET /session/d53f532480bfbfa72ae7ae5ef7ef8f5b/screenshot - {}
RESULT: {}
RESULT: {}
COMMAND: POST /session/d53f532480bfbfa72ae7ae5ef7ef8f5b/element - {"using":"xpath","value":"//li[.//span[text()='2526']]"}
RESULT: {"using":"xpath","value":"//li[.//span[text()='2526']]"}
COMMAND: POST /session/d53f532480bfbfa72ae7ae5ef7ef8f5b/element/f.9714F2348D0A698B9780435C77649C65.d.6ECE8FCD9005B2667D0F3042FAE072A6.e.15607/click - {}
RESULT: {}
COMMAND: GET /session/d53f532480bfbfa72ae7ae5ef7ef8f5b/screenshot - {}
RESULT: {}
COMMAND: POST /session/d53f532480bfbfa72ae7ae5ef7ef8f5b/element - {"using":"xpath","value":"//input[@id=\"application-managecontracts-display-component---AddNewContract--yardId-inner\"]"}
RESULT: {"using":"xpath","value":"//input[@id=\"application-managecontracts-display-component---AddNewContract--yardId-inner\"]"}
COMMAND: GET /session/d53f532480bfbfa72ae7ae5ef7ef8f5b/element/f.9714F2348D0A698B9780435C77649C65.d.6ECE8FCD9005B2667D0F3042FAE072A6.e.15575/property/value - {}
RESULT: {}
COMMAND: POST /session/d53f532480bfbfa72ae7ae5ef7ef8f5b/element - {"using":"xpath","value":"//input[@id=\"application-managecontracts-display-component---AddNewContract--customerSelect-inner\"]"}
COMMAND: GET /session/d53f532480bfbfa72ae7ae5ef7ef8f5b/screenshot - {}
RESULT: {"using":"xpath","value":"//input[@id=\"application-managecontracts-display-component---AddNewContract--customerSelect-inner\"]"}
COMMAND: POST /session/d53f532480bfbfa72ae7ae5ef7ef8f5b/element/f.9714F2348D0A698B9780435C77649C65.d.6ECE8FCD9005B2667D0F3042FAE072A6.e.15573/clear - {}
RESULT: {}
RESULT: {}
COMMAND: POST /session/d53f532480bfbfa72ae7ae5ef7ef8f5b/element/f.9714F2348D0A698B9780435C77649C65.d.6ECE8FCD9005B2667D0F3042FAE072A6.e.15573/value - {"text":"1569"}
COMMAND: GET /session/d53f532480bfbfa72ae7ae5ef7ef8f5b/screenshot - {}
RESULT: {"text":"1569"}
COMMAND: GET /session/d53f532480bfbfa72ae7ae5ef7ef8f5b/screenshot - {}
RESULT: {}
RESULT: {}
COMMAND: POST /session/d53f532480bfbfa72ae7ae5ef7ef8f5b/element - {"using":"xpath","value":"//li[.//span[text()='1569']]"}
RESULT: {"using":"xpath","value":"//li[.//span[text()='1569']]"}
COMMAND: POST /session/d53f532480bfbfa72ae7ae5ef7ef8f5b/element/f.9714F2348D0A698B9780435C77649C65.d.6ECE8FCD9005B2667D0F3042FAE072A6.e.15610/click - {}
RESULT: {}
COMMAND: GET /session/d53f532480bfbfa72ae7ae5ef7ef8f5b/screenshot - {}
RESULT: {}
COMMAND: POST /session/d53f532480bfbfa72ae7ae5ef7ef8f5b/element - {"using":"xpath","value":"//button[@data-kt=\"saveButton\"]"}
RESULT: {"using":"xpath","value":"//button[@data-kt=\"saveButton\"]"}
COMMAND: POST /session/d53f532480bfbfa72ae7ae5ef7ef8f5b/element/f.9714F2348D0A698B9780435C77649C65.d.6ECE8FCD9005B2667D0F3042FAE072A6.e.15600/click - {}
RESULT: {}
COMMAND: GET /session/d53f532480bfbfa72ae7ae5ef7ef8f5b/screenshot - {}
RESULT: {}
COMMAND: POST /session/d53f532480bfbfa72ae7ae5ef7ef8f5b/element - {"using":"xpath","value":"//span[contains(@id ,\"contractDetailTitleNoExpanded\")]"}
RESULT: {"using":"xpath","value":"//span[contains(@id ,\"contractDetailTitleNoExpanded\")]"}
COMMAND: POST /session/d53f532480bfbfa72ae7ae5ef7ef8f5b/elements - {"using":"xpath","value":"//span[contains(@id ,\"contractDetailTitleNoExpanded\")]"}
RESULT: {"using":"xpath","value":"//span[contains(@id ,\"contractDetailTitleNoExpanded\")]"}
COMMAND: POST /session/d53f532480bfbfa72ae7ae5ef7ef8f5b/execute/sync - {"script":"<script> [56 bytes]","args":[{"element-6066-11e4-a52e-4f735466cecf":"f.9714F2348D0A698B9780435C77649C65.d.6ECE8FCD9005B2667D0F3042FAE072A6.e.15680","ELEMENT":"f.9714F2348D0A698B9780435C77649C65.d.6ECE8FCD9005B2667D0F3042FAE072A6.e.15680"}]}
RESULT: {"script":"<script> [56 bytes]","args":[{"element-6066-11e4-a52e-4f735466cecf":"f.9714F2348D0A698B9780435C77649C65.d.6ECE8FCD9005B2667D0F3042FAE072A6.e.15680","ELEMENT":"f.9714F2348D0A698B9780435C77649C65.d.6ECE8FCD9005B2667D0F3042FAE072A6.e.15680"}]}
COMMAND: GET /session/d53f532480bfbfa72ae7ae5ef7ef8f5b/screenshot - {}
RESULT: {}
]]></system-out>
    </testcase>
    <testcase classname="chrome.135_0_7049_42.windows.Billing_transfer_US117289" name="Should add created equipment to contract" time="40.851">
      <system-out><![CDATA[
COMMAND: POST /session/d53f532480bfbfa72ae7ae5ef7ef8f5b/element - {"using":"xpath","value":"//button[@data-kt=\"contractDetailEditBtnButton\"]"}
RESULT: {"using":"xpath","value":"//button[@data-kt=\"contractDetailEditBtnButton\"]"}
COMMAND: POST /session/d53f532480bfbfa72ae7ae5ef7ef8f5b/element/f.9714F2348D0A698B9780435C77649C65.d.6ECE8FCD9005B2667D0F3042FAE072A6.e.15683/click - {}
RESULT: {}
COMMAND: GET /session/d53f532480bfbfa72ae7ae5ef7ef8f5b/screenshot - {}
RESULT: {}
COMMAND: POST /session/d53f532480bfbfa72ae7ae5ef7ef8f5b/element - {"using":"xpath","value":"(//span[contains(text(), \"Additional Addresses\")])[2]"}
RESULT: {"using":"xpath","value":"(//span[contains(text(), \"Additional Addresses\")])[2]"}
COMMAND: POST /session/d53f532480bfbfa72ae7ae5ef7ef8f5b/element/f.9714F2348D0A698B9780435C77649C65.d.6ECE8FCD9005B2667D0F3042FAE072A6.e.15737/click - {}
RESULT: {}
COMMAND: GET /session/d53f532480bfbfa72ae7ae5ef7ef8f5b/screenshot - {}
RESULT: {}
COMMAND: POST /session/d53f532480bfbfa72ae7ae5ef7ef8f5b/element - {"using":"xpath","value":"//button[@data-kt=\"btnAddTableRowOverflowToolbarButton\"]"}
RESULT: {"using":"xpath","value":"//button[@data-kt=\"btnAddTableRowOverflowToolbarButton\"]"}
COMMAND: POST /session/d53f532480bfbfa72ae7ae5ef7ef8f5b/element/f.9714F2348D0A698B9780435C77649C65.d.6ECE8FCD9005B2667D0F3042FAE072A6.e.15741/click - {}
RESULT: {}
COMMAND: GET /session/d53f532480bfbfa72ae7ae5ef7ef8f5b/screenshot - {}
RESULT: {}
COMMAND: POST /session/d53f532480bfbfa72ae7ae5ef7ef8f5b/element - {"using":"xpath","value":"//div[(text() = 'Standard Entry' or . = 'Standard Entry')]"}
RESULT: {"using":"xpath","value":"//div[(text() = 'Standard Entry' or . = 'Standard Entry')]"}
COMMAND: POST /session/d53f532480bfbfa72ae7ae5ef7ef8f5b/element/f.9714F2348D0A698B9780435C77649C65.d.6ECE8FCD9005B2667D0F3042FAE072A6.e.15743/click - {}
RESULT: {}
COMMAND: GET /session/d53f532480bfbfa72ae7ae5ef7ef8f5b/screenshot - {}
RESULT: {}
COMMAND: POST /session/d53f532480bfbfa72ae7ae5ef7ef8f5b/element - {"using":"xpath","value":"//td[7]/div/div/input"}
RESULT: {"using":"xpath","value":"//td[7]/div/div/input"}
COMMAND: POST /session/d53f532480bfbfa72ae7ae5ef7ef8f5b/element/f.9714F2348D0A698B9780435C77649C65.d.6ECE8FCD9005B2667D0F3042FAE072A6.e.15752/clear - {}
RESULT: {}
COMMAND: POST /session/d53f532480bfbfa72ae7ae5ef7ef8f5b/element/f.9714F2348D0A698B9780435C77649C65.d.6ECE8FCD9005B2667D0F3042FAE072A6.e.15752/value - {"text":"4s0USHibJE"}
COMMAND: GET /session/d53f532480bfbfa72ae7ae5ef7ef8f5b/screenshot - {}
RESULT: {"text":"4s0USHibJE"}
COMMAND: GET /session/d53f532480bfbfa72ae7ae5ef7ef8f5b/screenshot - {}
RESULT: {}
RESULT: {}
COMMAND: POST /session/d53f532480bfbfa72ae7ae5ef7ef8f5b/actions - {"actions":[{"id":"action52","type":"key","parameters":{},"actions":[{"type":"keyDown","value":""},{"type":"pause","duration":10},{"type":"keyUp","value":""}]}]}
RESULT: {"actions":[{"id":"action52","type":"key","parameters":{},"actions":[{"type":"keyDown","value":""},{"type":"pause","duration":10},{"type":"keyUp","value":""}]}]}
COMMAND: GET /session/d53f532480bfbfa72ae7ae5ef7ef8f5b/screenshot - {}
RESULT: {}
COMMAND: POST /session/d53f532480bfbfa72ae7ae5ef7ef8f5b/element - {"using":"xpath","value":"(//button[@data-kt=\"saveButton\"])[2]"}
RESULT: {"using":"xpath","value":"(//button[@data-kt=\"saveButton\"])[2]"}
COMMAND: POST /session/d53f532480bfbfa72ae7ae5ef7ef8f5b/element/f.9714F2348D0A698B9780435C77649C65.d.6ECE8FCD9005B2667D0F3042FAE072A6.e.15767/click - {}
RESULT: {}
COMMAND: GET /session/d53f532480bfbfa72ae7ae5ef7ef8f5b/screenshot - {}
RESULT: {}
COMMAND: POST /session/d53f532480bfbfa72ae7ae5ef7ef8f5b/element - {"using":"xpath","value":"//span[contains(@id ,\"contractItemsSmartTable-header-inner\")]"}
RESULT: {"using":"xpath","value":"//span[contains(@id ,\"contractItemsSmartTable-header-inner\")]"}
COMMAND: POST /session/d53f532480bfbfa72ae7ae5ef7ef8f5b/elements - {"using":"xpath","value":"//span[contains(@id ,\"contractItemsSmartTable-header-inner\")]"}
RESULT: {"using":"xpath","value":"//span[contains(@id ,\"contractItemsSmartTable-header-inner\")]"}
COMMAND: POST /session/d53f532480bfbfa72ae7ae5ef7ef8f5b/execute/sync - {"script":"<script> [56 bytes]","args":[{"element-6066-11e4-a52e-4f735466cecf":"f.9714F2348D0A698B9780435C77649C65.d.6ECE8FCD9005B2667D0F3042FAE072A6.e.15770","ELEMENT":"f.9714F2348D0A698B9780435C77649C65.d.6ECE8FCD9005B2667D0F3042FAE072A6.e.15770"}]}
RESULT: {"script":"<script> [56 bytes]","args":[{"element-6066-11e4-a52e-4f735466cecf":"f.9714F2348D0A698B9780435C77649C65.d.6ECE8FCD9005B2667D0F3042FAE072A6.e.15770","ELEMENT":"f.9714F2348D0A698B9780435C77649C65.d.6ECE8FCD9005B2667D0F3042FAE072A6.e.15770"}]}
]]></system-out>
    </testcase>
    <testcase classname="chrome.135_0_7049_42.windows.Billing_transfer_US117289" name="Should do a provide to site handover" time="48.463">
      <system-out><![CDATA[
COMMAND: GET /session/d53f532480bfbfa72ae7ae5ef7ef8f5b/screenshot - {}
COMMAND: POST /session/d53f532480bfbfa72ae7ae5ef7ef8f5b/element - {"using":"xpath","value":"//button[@data-kt=\"provideButton\"]"}
RESULT: {}
RESULT: {"using":"xpath","value":"//button[@data-kt=\"provideButton\"]"}
COMMAND: POST /session/d53f532480bfbfa72ae7ae5ef7ef8f5b/element/f.9714F2348D0A698B9780435C77649C65.d.6ECE8FCD9005B2667D0F3042FAE072A6.e.15773/click - {}
RESULT: {}
COMMAND: GET /session/d53f532480bfbfa72ae7ae5ef7ef8f5b/screenshot - {}
RESULT: undefined
COMMAND: POST /session/d53f532480bfbfa72ae7ae5ef7ef8f5b/execute/async - {"script":"<script> [6424 bytes]","args":[{"element-6066-11e4-a52e-4f735466cecf":"f.9714F2348D0A698B9780435C77649C65.d.6ECE8FCD9005B2667D0F3042FAE072A6.e.14788"},"setValue",["04/23/2025"]]}
RESULT: {}
COMMAND: POST /session/d53f532480bfbfa72ae7ae5ef7ef8f5b/execute/async - {"script":"<script> [1562 bytes]","args":[{"selector":{"id":"application-managehandovers-display-component---AddNewHO--dueDate","interaction":{"idSuffix":"inner"}},"wdio_ui5_key":"applicationmanagehandovers-display-component---AddNewHO--dueDate"}]}
RESULT: {"script":"<script> [1562 bytes]","args":[{"selector":{"id":"application-managehandovers-display-component---AddNewHO--dueDate","interaction":{"idSuffix":"inner"}},"wdio_ui5_key":"applicationmanagehandovers-display-component---AddNewHO--dueDate"}]}
COMMAND: POST /session/d53f532480bfbfa72ae7ae5ef7ef8f5b/execute/async - {"script":"<script> [6424 bytes]","args":[{"element-6066-11e4-a52e-4f735466cecf":"f.9714F2348D0A698B9780435C77649C65.d.6ECE8FCD9005B2667D0F3042FAE072A6.e.15845"},"setValue",["04/23/2025"]]}
RESULT: {"script":"<script> [6424 bytes]","args":[{"element-6066-11e4-a52e-4f735466cecf":"f.9714F2348D0A698B9780435C77649C65.d.6ECE8FCD9005B2667D0F3042FAE072A6.e.15845"},"setValue",["04/23/2025"]]}
COMMAND: POST /session/d53f532480bfbfa72ae7ae5ef7ef8f5b/element - {"using":"xpath","value":"//bdi[contains(text(), \"Instructions\")]"}
RESULT: {"using":"xpath","value":"//bdi[contains(text(), \"Instructions\")]"}
COMMAND: POST /session/d53f532480bfbfa72ae7ae5ef7ef8f5b/element/f.9714F2348D0A698B9780435C77649C65.d.6ECE8FCD9005B2667D0F3042FAE072A6.e.16083/click - {}
RESULT: {}
COMMAND: GET /session/d53f532480bfbfa72ae7ae5ef7ef8f5b/screenshot - {}
RESULT: {}
COMMAND: POST /session/d53f532480bfbfa72ae7ae5ef7ef8f5b/element - {"using":"xpath","value":"//button[@data-kt=\"AddNewHOProvideAddItemsButton\"]"}
RESULT: {"using":"xpath","value":"//button[@data-kt=\"AddNewHOProvideAddItemsButton\"]"}
COMMAND: POST /session/d53f532480bfbfa72ae7ae5ef7ef8f5b/element/f.9714F2348D0A698B9780435C77649C65.d.6ECE8FCD9005B2667D0F3042FAE072A6.e.16087/click - {}
RESULT: {}
COMMAND: GET /session/d53f532480bfbfa72ae7ae5ef7ef8f5b/screenshot - {}
RESULT: {}
RESULT: undefined
COMMAND: POST /session/d53f532480bfbfa72ae7ae5ef7ef8f5b/element - {"using":"xpath","value":"//*[@id=\"application-managehandovers-display-component---AddNewHO--popup-sa\"]"}
RESULT: {"using":"xpath","value":"//*[@id=\"application-managehandovers-display-component---AddNewHO--popup-sa\"]"}
COMMAND: POST /session/d53f532480bfbfa72ae7ae5ef7ef8f5b/element/f.9714F2348D0A698B9780435C77649C65.d.6ECE8FCD9005B2667D0F3042FAE072A6.e.16102/click - {}
RESULT: {}
COMMAND: GET /session/d53f532480bfbfa72ae7ae5ef7ef8f5b/screenshot - {}
RESULT: {}
COMMAND: POST /session/d53f532480bfbfa72ae7ae5ef7ef8f5b/element - {"using":"xpath","value":"//*[contains(@id ,\"BDI-content\")][contains(text(), \"Select\")]"}
RESULT: {"using":"xpath","value":"//*[contains(@id ,\"BDI-content\")][contains(text(), \"Select\")]"}
COMMAND: POST /session/d53f532480bfbfa72ae7ae5ef7ef8f5b/element/f.9714F2348D0A698B9780435C77649C65.d.6ECE8FCD9005B2667D0F3042FAE072A6.e.16104/click - {}
RESULT: {}
COMMAND: GET /session/d53f532480bfbfa72ae7ae5ef7ef8f5b/screenshot - {}
RESULT: {}
COMMAND: POST /session/d53f532480bfbfa72ae7ae5ef7ef8f5b/execute/async - {"script":"<script> [1562 bytes]","args":[{"selector":{"id":"application-managehandovers-display-component---AddNewHO--confirmCreationButton","interaction":{"idSuffix":"BDI-content"}},"wdio_ui5_key":"applicationmanagehandovers-display-component---AddNewHO--confirmCreationButton"}]}
RESULT: {"script":"<script> [1562 bytes]","args":[{"selector":{"id":"application-managehandovers-display-component---AddNewHO--confirmCreationButton","interaction":{"idSuffix":"BDI-content"}},"wdio_ui5_key":"applicationmanagehandovers-display-component---AddNewHO--confirmCreationButton"}]}
RESULT: undefined
COMMAND: POST /session/d53f532480bfbfa72ae7ae5ef7ef8f5b/element - {"using":"xpath","value":"//*[@id=\"application-managehandovers-display-component---AddNewHO--confirmCreationButton\"]"}
RESULT: {"using":"xpath","value":"//*[@id=\"application-managehandovers-display-component---AddNewHO--confirmCreationButton\"]"}
COMMAND: POST /session/d53f532480bfbfa72ae7ae5ef7ef8f5b/element/f.9714F2348D0A698B9780435C77649C65.d.6ECE8FCD9005B2667D0F3042FAE072A6.e.15890/click - {}
RESULT: {}
COMMAND: GET /session/d53f532480bfbfa72ae7ae5ef7ef8f5b/screenshot - {}
RESULT: {}
COMMAND: POST /session/d53f532480bfbfa72ae7ae5ef7ef8f5b/element - {"using":"xpath","value":"//button[@data-kt=\"PickingTableConfirmAllButton\"]"}
RESULT: {"using":"xpath","value":"//button[@data-kt=\"PickingTableConfirmAllButton\"]"}
COMMAND: POST /session/d53f532480bfbfa72ae7ae5ef7ef8f5b/element/f.9714F2348D0A698B9780435C77649C65.d.6ECE8FCD9005B2667D0F3042FAE072A6.e.16144/click - {}
COMMAND: POST /session/d53f532480bfbfa72ae7ae5ef7ef8f5b/element - {"using":"xpath","value":"//button[@data-kt=\"PickingTableConfirmAllButton\"]"}
RESULT: {"using":"xpath","value":"//button[@data-kt=\"PickingTableConfirmAllButton\"]"}
COMMAND: POST /session/d53f532480bfbfa72ae7ae5ef7ef8f5b/element/f.9714F2348D0A698B9780435C77649C65.d.6ECE8FCD9005B2667D0F3042FAE072A6.e.16144/click - {}
COMMAND: POST /session/d53f532480bfbfa72ae7ae5ef7ef8f5b/element - {"using":"xpath","value":"//button[@data-kt=\"PickingTableConfirmAllButton\"]"}
RESULT: {"using":"xpath","value":"//button[@data-kt=\"PickingTableConfirmAllButton\"]"}
COMMAND: POST /session/d53f532480bfbfa72ae7ae5ef7ef8f5b/element/f.9714F2348D0A698B9780435C77649C65.d.6ECE8FCD9005B2667D0F3042FAE072A6.e.16166/click - {}
RESULT: {}
COMMAND: GET /session/d53f532480bfbfa72ae7ae5ef7ef8f5b/screenshot - {}
RESULT: {}
COMMAND: POST /session/d53f532480bfbfa72ae7ae5ef7ef8f5b/element - {"using":"xpath","value":"//bdi[contains(text(), \"OK\")]"}
RESULT: {"using":"xpath","value":"//bdi[contains(text(), \"OK\")]"}
COMMAND: POST /session/d53f532480bfbfa72ae7ae5ef7ef8f5b/element/f.9714F2348D0A698B9780435C77649C65.d.6ECE8FCD9005B2667D0F3042FAE072A6.e.16169/click - {}
RESULT: {}
COMMAND: GET /session/d53f532480bfbfa72ae7ae5ef7ef8f5b/screenshot - {}
RESULT: {}
COMMAND: POST /session/d53f532480bfbfa72ae7ae5ef7ef8f5b/element - {"using":"xpath","value":"//bdi[contains(text(), \"Issue\")]"}
RESULT: {"using":"xpath","value":"//bdi[contains(text(), \"Issue\")]"}
COMMAND: POST /session/d53f532480bfbfa72ae7ae5ef7ef8f5b/element/f.9714F2348D0A698B9780435C77649C65.d.6ECE8FCD9005B2667D0F3042FAE072A6.e.16171/click - {}
RESULT: {}
COMMAND: GET /session/d53f532480bfbfa72ae7ae5ef7ef8f5b/screenshot - {}
RESULT: {}
COMMAND: POST /session/d53f532480bfbfa72ae7ae5ef7ef8f5b/element - {"using":"css selector","value":"#shell-header-logo"}
RESULT: {"using":"css selector","value":"#shell-header-logo"}
COMMAND: POST /session/d53f532480bfbfa72ae7ae5ef7ef8f5b/element/f.9714F2348D0A698B9780435C77649C65.d.6ECE8FCD9005B2667D0F3042FAE072A6.e.15196/click - {}
RESULT: {}
COMMAND: GET /session/d53f532480bfbfa72ae7ae5ef7ef8f5b/screenshot - {}
RESULT: {}
]]></system-out>
    </testcase>
    <testcase classname="chrome.135_0_7049_42.windows.Billing_transfer_US117289" name="Should navigate to Manage Billings and trigger contract calculation business confirm it" time="50.915">
      <system-out><![CDATA[
COMMAND: POST /session/d53f532480bfbfa72ae7ae5ef7ef8f5b/execute/async - {"script":"<script> [1562 bytes]","args":[{"selector":{"controlType":"sap.m.GenericTile","properties":{"header":"Manage Billings"}},"wdio_ui5_key":"sapm.GenericTile{\"header\":\"Manage Billings\"}"}]}
RESULT: {"script":"<script> [1562 bytes]","args":[{"selector":{"controlType":"sap.m.GenericTile","properties":{"header":"Manage Billings"}},"wdio_ui5_key":"sapm.GenericTile{\"header\":\"Manage Billings\"}"}]}
RESULT: undefined
COMMAND: POST /session/d53f532480bfbfa72ae7ae5ef7ef8f5b/element - {"using":"xpath","value":"//*[@id=\"__tile51\"]"}
RESULT: {"using":"xpath","value":"//*[@id=\"__tile51\"]"}
COMMAND: POST /session/d53f532480bfbfa72ae7ae5ef7ef8f5b/element/f.9714F2348D0A698B9780435C77649C65.d.6ECE8FCD9005B2667D0F3042FAE072A6.e.13056/click - {}
RESULT: {}
COMMAND: GET /session/d53f532480bfbfa72ae7ae5ef7ef8f5b/screenshot - {}
RESULT: {}
COMMAND: POST /session/d53f532480bfbfa72ae7ae5ef7ef8f5b/execute/async - {"script":"<script> [1562 bytes]","args":[{"selector":{"id":"application-managebillings-display-component---billRunCalcResult--smartFilterBar-btnBasicSearch","interaction":{"idSuffix":"I"}},"wdio_ui5_key":"applicationmanagebillings-display-component---billRunCalcResult--smartFilterBar-btnBasicSearch"}]}
RESULT: {"script":"<script> [1562 bytes]","args":[{"selector":{"id":"application-managebillings-display-component---billRunCalcResult--smartFilterBar-btnBasicSearch","interaction":{"idSuffix":"I"}},"wdio_ui5_key":"applicationmanagebillings-display-component---billRunCalcResult--smartFilterBar-btnBasicSearch"}]}
RESULT: undefined
COMMAND: POST /session/d53f532480bfbfa72ae7ae5ef7ef8f5b/execute/async - {"script":"<script> [776 bytes]","args":[{"enterText":"10601","selector":{"id":"application-managebillings-display-component---billRunCalcResult--smartFilterBar-btnBasicSearch","interaction":{"idSuffix":"I"}},"clearTextFirst":true,"interactionType":"ENTER_TEXT"}]}
RESULT: {"script":"<script> [776 bytes]","args":[{"enterText":"10601","selector":{"id":"application-managebillings-display-component---billRunCalcResult--smartFilterBar-btnBasicSearch","interaction":{"idSuffix":"I"}},"clearTextFirst":true,"interactionType":"ENTER_TEXT"}]}
COMMAND: POST /session/d53f532480bfbfa72ae7ae5ef7ef8f5b/actions - {"actions":[{"id":"action53","type":"key","parameters":{},"actions":[{"type":"keyDown","value":""},{"type":"pause","duration":10},{"type":"keyUp","value":""}]}]}
RESULT: {"actions":[{"id":"action53","type":"key","parameters":{},"actions":[{"type":"keyDown","value":""},{"type":"pause","duration":10},{"type":"keyUp","value":""}]}]}
COMMAND: GET /session/d53f532480bfbfa72ae7ae5ef7ef8f5b/screenshot - {}
RESULT: {}
COMMAND: POST /session/d53f532480bfbfa72ae7ae5ef7ef8f5b/element - {"using":"xpath","value":"//td[@aria-colindex=\"1\"]/div/div[contains(@class, \"sapMCbBg\")]"}
RESULT: {"using":"xpath","value":"//td[@aria-colindex=\"1\"]/div/div[contains(@class, \"sapMCbBg\")]"}
COMMAND: POST /session/d53f532480bfbfa72ae7ae5ef7ef8f5b/element/f.9714F2348D0A698B9780435C77649C65.d.6ECE8FCD9005B2667D0F3042FAE072A6.e.16713/click - {}
RESULT: {}
COMMAND: GET /session/d53f532480bfbfa72ae7ae5ef7ef8f5b/screenshot - {}
RESULT: {}
COMMAND: POST /session/d53f532480bfbfa72ae7ae5ef7ef8f5b/execute/async - {"script":"<script> [1562 bytes]","args":[{"selector":{"id":"application-managebillings-display-component---billRunCalcResult--contractBillRunDate","interaction":{"idSuffix":"inner"}},"wdio_ui5_key":"applicationmanagebillings-display-component---billRunCalcResult--contractBillRunDate"}]}
RESULT: {"script":"<script> [1562 bytes]","args":[{"selector":{"id":"application-managebillings-display-component---billRunCalcResult--contractBillRunDate","interaction":{"idSuffix":"inner"}},"wdio_ui5_key":"applicationmanagebillings-display-component---billRunCalcResult--contractBillRunDate"}]}
RESULT: undefined
COMMAND: POST /session/d53f532480bfbfa72ae7ae5ef7ef8f5b/execute/async - {"script":"<script> [776 bytes]","args":[{"enterText":"05/23/25","selector":{"id":"application-managebillings-display-component---billRunCalcResult--contractBillRunDate","interaction":{"idSuffix":"inner"}},"clearTextFirst":true,"interactionType":"ENTER_TEXT"}]}
RESULT: {"script":"<script> [776 bytes]","args":[{"enterText":"05/23/25","selector":{"id":"application-managebillings-display-component---billRunCalcResult--contractBillRunDate","interaction":{"idSuffix":"inner"}},"clearTextFirst":true,"interactionType":"ENTER_TEXT"}]}
COMMAND: POST /session/d53f532480bfbfa72ae7ae5ef7ef8f5b/element - {"using":"xpath","value":"//bdi[contains(text(), \"Trigger Calculation\")]"}
RESULT: {"using":"xpath","value":"//bdi[contains(text(), \"Trigger Calculation\")]"}
COMMAND: POST /session/d53f532480bfbfa72ae7ae5ef7ef8f5b/element/f.9714F2348D0A698B9780435C77649C65.d.6ECE8FCD9005B2667D0F3042FAE072A6.e.16765/click - {}
RESULT: {}
COMMAND: GET /session/d53f532480bfbfa72ae7ae5ef7ef8f5b/screenshot - {}
RESULT: {}
COMMAND: POST /session/d53f532480bfbfa72ae7ae5ef7ef8f5b/element - {"using":"xpath","value":"(//span[contains(@id, \"imgNav\")])[1]"}
RESULT: {"using":"xpath","value":"(//span[contains(@id, \"imgNav\")])[1]"}
COMMAND: POST /session/d53f532480bfbfa72ae7ae5ef7ef8f5b/element/f.9714F2348D0A698B9780435C77649C65.d.6ECE8FCD9005B2667D0F3042FAE072A6.e.16714/click - {}
RESULT: {}
COMMAND: GET /session/d53f532480bfbfa72ae7ae5ef7ef8f5b/screenshot - {}
RESULT: {}
COMMAND: POST /session/d53f532480bfbfa72ae7ae5ef7ef8f5b/execute/async - {"script":"<script> [1562 bytes]","args":[{"selector":{"controlType":"sap.ui.core.Icon","viewName":"etm.portal.ui.managebillings.view.Master","viewId":"application-managebillings-display-component---billRunCalcResult","properties":{"src":{"regex":{"source":"slim\\-arrow\\-right"}}}},"wdio_ui5_key":"etmportal.ui.managebillings.view.Mastersap.ui.core.Icon{\"src\":{\"regex\":{\"source\":\"slim\\\\-arrow\\\\-right\"}}}"}]}
RESULT: {"script":"<script> [1562 bytes]","args":[{"selector":{"controlType":"sap.ui.core.Icon","viewName":"etm.portal.ui.managebillings.view.Master","viewId":"application-managebillings-display-component---billRunCalcResult","properties":{"src":{"regex":{"source":"slim\\-arrow\\-right"}}}},"wdio_ui5_key":"etmportal.ui.managebillings.view.Mastersap.ui.core.Icon{\"src\":{\"regex\":{\"source\":\"slim\\\\-arrow\\\\-right\"}}}"}]}
RESULT: undefined
COMMAND: POST /session/d53f532480bfbfa72ae7ae5ef7ef8f5b/element - {"using":"xpath","value":"//*[@id=\"__item2701-application-managebillings-display-component---billRunCalcResult--billingRunsTable-0-imgNav\"]"}
RESULT: {"using":"xpath","value":"//*[@id=\"__item2701-application-managebillings-display-component---billRunCalcResult--billingRunsTable-0-imgNav\"]"}
COMMAND: POST /session/d53f532480bfbfa72ae7ae5ef7ef8f5b/element/f.9714F2348D0A698B9780435C77649C65.d.6ECE8FCD9005B2667D0F3042FAE072A6.e.16769/click - {}
RESULT: {}
COMMAND: POST /session/d53f532480bfbfa72ae7ae5ef7ef8f5b/execute/async - {"script":"<script> [1562 bytes]","args":[{"selector":{"id":"application-managebillings-display-component---billRunCalcResult--btnConf","interaction":{"idSuffix":"BDI-content"}},"wdio_ui5_key":"applicationmanagebillings-display-component---billRunCalcResult--btnConf"}]}
COMMAND: GET /session/d53f532480bfbfa72ae7ae5ef7ef8f5b/screenshot - {}
RESULT: {"script":"<script> [1562 bytes]","args":[{"selector":{"id":"application-managebillings-display-component---billRunCalcResult--btnConf","interaction":{"idSuffix":"BDI-content"}},"wdio_ui5_key":"applicationmanagebillings-display-component---billRunCalcResult--btnConf"}]}
RESULT: undefined
COMMAND: POST /session/d53f532480bfbfa72ae7ae5ef7ef8f5b/element - {"using":"xpath","value":"//*[@id=\"application-managebillings-display-component---billRunCalcResult--btnConf\"]"}
RESULT: {}
RESULT: {"using":"xpath","value":"//*[@id=\"application-managebillings-display-component---billRunCalcResult--btnConf\"]"}
COMMAND: POST /session/d53f532480bfbfa72ae7ae5ef7ef8f5b/element/f.9714F2348D0A698B9780435C77649C65.d.6ECE8FCD9005B2667D0F3042FAE072A6.e.16813/click - {}
RESULT: {}
COMMAND: POST /session/d53f532480bfbfa72ae7ae5ef7ef8f5b/element - {"using":"css selector","value":"#shell-header-logo"}
COMMAND: GET /session/d53f532480bfbfa72ae7ae5ef7ef8f5b/screenshot - {}
RESULT: {"using":"css selector","value":"#shell-header-logo"}
COMMAND: POST /session/d53f532480bfbfa72ae7ae5ef7ef8f5b/element/f.9714F2348D0A698B9780435C77649C65.d.6ECE8FCD9005B2667D0F3042FAE072A6.e.16502/click - {}
RESULT: {}
RESULT: {}
COMMAND: GET /session/d53f532480bfbfa72ae7ae5ef7ef8f5b/screenshot - {}
RESULT: {}
]]></system-out>
    </testcase>
    <testcase classname="chrome.135_0_7049_42.windows.Billing_transfer_US117289" name="Should trigger Billing Transfer process all the way to completion" time="91.119">
      <system-out><![CDATA[
COMMAND: POST /session/d53f532480bfbfa72ae7ae5ef7ef8f5b/execute/async - {"script":"<script> [1562 bytes]","args":[{"selector":{"controlType":"sap.m.GenericTile","properties":{"header":"Billing Transfer"}},"wdio_ui5_key":"sapm.GenericTile{\"header\":\"Billing Transfer\"}"}]}
RESULT: {"script":"<script> [1562 bytes]","args":[{"selector":{"controlType":"sap.m.GenericTile","properties":{"header":"Billing Transfer"}},"wdio_ui5_key":"sapm.GenericTile{\"header\":\"Billing Transfer\"}"}]}
RESULT: undefined
COMMAND: POST /session/d53f532480bfbfa72ae7ae5ef7ef8f5b/element - {"using":"xpath","value":"//*[@id=\"__tile50\"]"}
RESULT: {"using":"xpath","value":"//*[@id=\"__tile50\"]"}
COMMAND: POST /session/d53f532480bfbfa72ae7ae5ef7ef8f5b/element/f.9714F2348D0A698B9780435C77649C65.d.6ECE8FCD9005B2667D0F3042FAE072A6.e.13054/click - {}
RESULT: {}
COMMAND: POST /session/d53f532480bfbfa72ae7ae5ef7ef8f5b/element - {"using":"xpath","value":"//input[contains(@id ,\"application-billingtransfer-display-component---billingWorkbench--smartFilterBar-btnBasicSearch\")]"}
COMMAND: GET /session/d53f532480bfbfa72ae7ae5ef7ef8f5b/screenshot - {}
RESULT: {"using":"xpath","value":"//input[contains(@id ,\"application-billingtransfer-display-component---billingWorkbench--smartFilterBar-btnBasicSearch\")]"}
COMMAND: POST /session/d53f532480bfbfa72ae7ae5ef7ef8f5b/elements - {"using":"xpath","value":"//input[contains(@id ,\"application-billingtransfer-display-component---billingWorkbench--smartFilterBar-btnBasicSearch\")]"}
RESULT: {}
RESULT: {"using":"xpath","value":"//input[contains(@id ,\"application-billingtransfer-display-component---billingWorkbench--smartFilterBar-btnBasicSearch\")]"}
COMMAND: POST /session/d53f532480bfbfa72ae7ae5ef7ef8f5b/element - {"using":"xpath","value":"//input[contains(@id ,\"application-billingtransfer-display-component---billingWorkbench--smartFilterBar-btnBasicSearch\")]"}
RESULT: {"using":"xpath","value":"//input[contains(@id ,\"application-billingtransfer-display-component---billingWorkbench--smartFilterBar-btnBasicSearch\")]"}
COMMAND: POST /session/d53f532480bfbfa72ae7ae5ef7ef8f5b/execute/sync - {"script":"<script> [8489 bytes]","args":[{"element-6066-11e4-a52e-4f735466cecf":"f.9714F2348D0A698B9780435C77649C65.d.6ECE8FCD9005B2667D0F3042FAE072A6.e.16850","ELEMENT":"f.9714F2348D0A698B9780435C77649C65.d.6ECE8FCD9005B2667D0F3042FAE072A6.e.16850"}]}
RESULT: {"script":"<script> [8489 bytes]","args":[{"element-6066-11e4-a52e-4f735466cecf":"f.9714F2348D0A698B9780435C77649C65.d.6ECE8FCD9005B2667D0F3042FAE072A6.e.16850","ELEMENT":"f.9714F2348D0A698B9780435C77649C65.d.6ECE8FCD9005B2667D0F3042FAE072A6.e.16850"}]}
COMMAND: GET /session/d53f532480bfbfa72ae7ae5ef7ef8f5b/element/f.9714F2348D0A698B9780435C77649C65.d.6ECE8FCD9005B2667D0F3042FAE072A6.e.16850/enabled - {}
COMMAND: GET /session/d53f532480bfbfa72ae7ae5ef7ef8f5b/screenshot - {}
RESULT: {}
COMMAND: POST /session/d53f532480bfbfa72ae7ae5ef7ef8f5b/element/f.9714F2348D0A698B9780435C77649C65.d.6ECE8FCD9005B2667D0F3042FAE072A6.e.16850/click - {}
COMMAND: GET /session/d53f532480bfbfa72ae7ae5ef7ef8f5b/screenshot - {}
RESULT: {}
RESULT: {}
COMMAND: GET /session/d53f532480bfbfa72ae7ae5ef7ef8f5b/screenshot - {}
RESULT: {}
RESULT: {}
COMMAND: POST /session/d53f532480bfbfa72ae7ae5ef7ef8f5b/element/f.9714F2348D0A698B9780435C77649C65.d.6ECE8FCD9005B2667D0F3042FAE072A6.e.16850/clear - {}
RESULT: {}
COMMAND: POST /session/d53f532480bfbfa72ae7ae5ef7ef8f5b/element/f.9714F2348D0A698B9780435C77649C65.d.6ECE8FCD9005B2667D0F3042FAE072A6.e.16850/value - {"text":"10601"}
COMMAND: GET /session/d53f532480bfbfa72ae7ae5ef7ef8f5b/screenshot - {}
RESULT: {"text":"10601"}
COMMAND: POST /session/d53f532480bfbfa72ae7ae5ef7ef8f5b/actions - {"actions":[{"id":"action54","type":"key","parameters":{},"actions":[{"type":"keyDown","value":""},{"type":"pause","duration":10},{"type":"keyUp","value":""}]}]}
COMMAND: GET /session/d53f532480bfbfa72ae7ae5ef7ef8f5b/screenshot - {}
RESULT: {}
RESULT: {"actions":[{"id":"action54","type":"key","parameters":{},"actions":[{"type":"keyDown","value":""},{"type":"pause","duration":10},{"type":"keyUp","value":""}]}]}
COMMAND: GET /session/d53f532480bfbfa72ae7ae5ef7ef8f5b/screenshot - {}
RESULT: {}
RESULT: {}
COMMAND: POST /session/d53f532480bfbfa72ae7ae5ef7ef8f5b/element - {"using":"xpath","value":"//span[contains(@id ,\"application-billingtransfer-display-component---billingWorkbench--smartTableBillingRuns-header-inner\")]"}
RESULT: {"using":"xpath","value":"//span[contains(@id ,\"application-billingtransfer-display-component---billingWorkbench--smartTableBillingRuns-header-inner\")]"}
COMMAND: POST /session/d53f532480bfbfa72ae7ae5ef7ef8f5b/elements - {"using":"xpath","value":"//span[contains(@id ,\"application-billingtransfer-display-component---billingWorkbench--smartTableBillingRuns-header-inner\")]"}
RESULT: {"using":"xpath","value":"//span[contains(@id ,\"application-billingtransfer-display-component---billingWorkbench--smartTableBillingRuns-header-inner\")]"}
COMMAND: POST /session/d53f532480bfbfa72ae7ae5ef7ef8f5b/execute/sync - {"script":"<script> [56 bytes]","args":[{"element-6066-11e4-a52e-4f735466cecf":"f.9714F2348D0A698B9780435C77649C65.d.6ECE8FCD9005B2667D0F3042FAE072A6.e.16997","ELEMENT":"f.9714F2348D0A698B9780435C77649C65.d.6ECE8FCD9005B2667D0F3042FAE072A6.e.16997"}]}
RESULT: {"script":"<script> [56 bytes]","args":[{"element-6066-11e4-a52e-4f735466cecf":"f.9714F2348D0A698B9780435C77649C65.d.6ECE8FCD9005B2667D0F3042FAE072A6.e.16997","ELEMENT":"f.9714F2348D0A698B9780435C77649C65.d.6ECE8FCD9005B2667D0F3042FAE072A6.e.16997"}]}
COMMAND: POST /session/d53f532480bfbfa72ae7ae5ef7ef8f5b/element - {"using":"xpath","value":"//td[@aria-colindex=\"1\"]/div/div[contains(@class, \"sapMCbBg\")]"}
COMMAND: GET /session/d53f532480bfbfa72ae7ae5ef7ef8f5b/screenshot - {}
RESULT: {"using":"xpath","value":"//td[@aria-colindex=\"1\"]/div/div[contains(@class, \"sapMCbBg\")]"}
COMMAND: POST /session/d53f532480bfbfa72ae7ae5ef7ef8f5b/element/f.9714F2348D0A698B9780435C77649C65.d.6ECE8FCD9005B2667D0F3042FAE072A6.e.16981/click - {}
RESULT: {}
RESULT: {}
COMMAND: GET /session/d53f532480bfbfa72ae7ae5ef7ef8f5b/screenshot - {}
RESULT: {}
COMMAND: POST /session/d53f532480bfbfa72ae7ae5ef7ef8f5b/element - {"using":"xpath","value":"//bdi[contains(text(), \"Check\")]"}
RESULT: {"using":"xpath","value":"//bdi[contains(text(), \"Check\")]"}
COMMAND: POST /session/d53f532480bfbfa72ae7ae5ef7ef8f5b/element/f.9714F2348D0A698B9780435C77649C65.d.6ECE8FCD9005B2667D0F3042FAE072A6.e.16998/click - {}
RESULT: {}
COMMAND: GET /session/d53f532480bfbfa72ae7ae5ef7ef8f5b/screenshot - {}
RESULT: {}
COMMAND: POST /session/d53f532480bfbfa72ae7ae5ef7ef8f5b/element - {"using":"xpath","value":"//bdi[contains(text(), \"OK\")]"}
RESULT: {"using":"xpath","value":"//bdi[contains(text(), \"OK\")]"}
COMMAND: POST /session/d53f532480bfbfa72ae7ae5ef7ef8f5b/element/f.9714F2348D0A698B9780435C77649C65.d.6ECE8FCD9005B2667D0F3042FAE072A6.e.17001/click - {}
RESULT: {}
COMMAND: GET /session/d53f532480bfbfa72ae7ae5ef7ef8f5b/screenshot - {}
RESULT: {}
COMMAND: POST /session/d53f532480bfbfa72ae7ae5ef7ef8f5b/element - {"using":"xpath","value":"(//span[contains(text(), \"CO/SD checked\")]/parent::div/preceding-sibling::div/span)[1]"}
RESULT: {"using":"xpath","value":"(//span[contains(text(), \"CO/SD checked\")]/parent::div/preceding-sibling::div/span)[1]"}
COMMAND: POST /session/d53f532480bfbfa72ae7ae5ef7ef8f5b/element/f.9714F2348D0A698B9780435C77649C65.d.6ECE8FCD9005B2667D0F3042FAE072A6.e.17010/click - {}
RESULT: {}
COMMAND: GET /session/d53f532480bfbfa72ae7ae5ef7ef8f5b/screenshot - {}
RESULT: {}
COMMAND: POST /session/d53f532480bfbfa72ae7ae5ef7ef8f5b/element - {"using":"xpath","value":"//input[contains(@id ,\"application-billingtransfer-display-component---billingWorkbench--smartFilterBar-btnBasicSearch\")]"}
RESULT: {"using":"xpath","value":"//input[contains(@id ,\"application-billingtransfer-display-component---billingWorkbench--smartFilterBar-btnBasicSearch\")]"}
COMMAND: POST /session/d53f532480bfbfa72ae7ae5ef7ef8f5b/elements - {"using":"xpath","value":"//input[contains(@id ,\"application-billingtransfer-display-component---billingWorkbench--smartFilterBar-btnBasicSearch\")]"}
RESULT: {"using":"xpath","value":"//input[contains(@id ,\"application-billingtransfer-display-component---billingWorkbench--smartFilterBar-btnBasicSearch\")]"}
COMMAND: POST /session/d53f532480bfbfa72ae7ae5ef7ef8f5b/execute/sync - {"script":"<script> [8489 bytes]","args":[{"element-6066-11e4-a52e-4f735466cecf":"f.9714F2348D0A698B9780435C77649C65.d.6ECE8FCD9005B2667D0F3042FAE072A6.e.16850","ELEMENT":"f.9714F2348D0A698B9780435C77649C65.d.6ECE8FCD9005B2667D0F3042FAE072A6.e.16850"}]}
RESULT: {"script":"<script> [8489 bytes]","args":[{"element-6066-11e4-a52e-4f735466cecf":"f.9714F2348D0A698B9780435C77649C65.d.6ECE8FCD9005B2667D0F3042FAE072A6.e.16850","ELEMENT":"f.9714F2348D0A698B9780435C77649C65.d.6ECE8FCD9005B2667D0F3042FAE072A6.e.16850"}]}
COMMAND: GET /session/d53f532480bfbfa72ae7ae5ef7ef8f5b/element/f.9714F2348D0A698B9780435C77649C65.d.6ECE8FCD9005B2667D0F3042FAE072A6.e.16850/enabled - {}
COMMAND: GET /session/d53f532480bfbfa72ae7ae5ef7ef8f5b/screenshot - {}
RESULT: {}
COMMAND: POST /session/d53f532480bfbfa72ae7ae5ef7ef8f5b/element/f.9714F2348D0A698B9780435C77649C65.d.6ECE8FCD9005B2667D0F3042FAE072A6.e.16850/click - {}
COMMAND: GET /session/d53f532480bfbfa72ae7ae5ef7ef8f5b/screenshot - {}
RESULT: {}
RESULT: {}
COMMAND: GET /session/d53f532480bfbfa72ae7ae5ef7ef8f5b/screenshot - {}
RESULT: {}
RESULT: {}
COMMAND: POST /session/d53f532480bfbfa72ae7ae5ef7ef8f5b/element/f.9714F2348D0A698B9780435C77649C65.d.6ECE8FCD9005B2667D0F3042FAE072A6.e.16850/clear - {}
RESULT: {}
COMMAND: POST /session/d53f532480bfbfa72ae7ae5ef7ef8f5b/element/f.9714F2348D0A698B9780435C77649C65.d.6ECE8FCD9005B2667D0F3042FAE072A6.e.16850/value - {"text":"10601"}
COMMAND: GET /session/d53f532480bfbfa72ae7ae5ef7ef8f5b/screenshot - {}
RESULT: {"text":"10601"}
COMMAND: POST /session/d53f532480bfbfa72ae7ae5ef7ef8f5b/actions - {"actions":[{"id":"action55","type":"key","parameters":{},"actions":[{"type":"keyDown","value":""},{"type":"pause","duration":10},{"type":"keyUp","value":""}]}]}
COMMAND: GET /session/d53f532480bfbfa72ae7ae5ef7ef8f5b/screenshot - {}
RESULT: {}
RESULT: {"actions":[{"id":"action55","type":"key","parameters":{},"actions":[{"type":"keyDown","value":""},{"type":"pause","duration":10},{"type":"keyUp","value":""}]}]}
COMMAND: GET /session/d53f532480bfbfa72ae7ae5ef7ef8f5b/screenshot - {}
RESULT: {}
RESULT: {}
COMMAND: POST /session/d53f532480bfbfa72ae7ae5ef7ef8f5b/element - {"using":"xpath","value":"//span[contains(@id ,\"application-billingtransfer-display-component---billingWorkbench--smartTableBillingRuns-header-inner\")]"}
RESULT: {"using":"xpath","value":"//span[contains(@id ,\"application-billingtransfer-display-component---billingWorkbench--smartTableBillingRuns-header-inner\")]"}
COMMAND: POST /session/d53f532480bfbfa72ae7ae5ef7ef8f5b/elements - {"using":"xpath","value":"//span[contains(@id ,\"application-billingtransfer-display-component---billingWorkbench--smartTableBillingRuns-header-inner\")]"}
RESULT: {"using":"xpath","value":"//span[contains(@id ,\"application-billingtransfer-display-component---billingWorkbench--smartTableBillingRuns-header-inner\")]"}
COMMAND: POST /session/d53f532480bfbfa72ae7ae5ef7ef8f5b/execute/sync - {"script":"<script> [56 bytes]","args":[{"element-6066-11e4-a52e-4f735466cecf":"f.9714F2348D0A698B9780435C77649C65.d.6ECE8FCD9005B2667D0F3042FAE072A6.e.16997","ELEMENT":"f.9714F2348D0A698B9780435C77649C65.d.6ECE8FCD9005B2667D0F3042FAE072A6.e.16997"}]}
RESULT: {"script":"<script> [56 bytes]","args":[{"element-6066-11e4-a52e-4f735466cecf":"f.9714F2348D0A698B9780435C77649C65.d.6ECE8FCD9005B2667D0F3042FAE072A6.e.16997","ELEMENT":"f.9714F2348D0A698B9780435C77649C65.d.6ECE8FCD9005B2667D0F3042FAE072A6.e.16997"}]}
COMMAND: GET /session/d53f532480bfbfa72ae7ae5ef7ef8f5b/screenshot - {}
RESULT: {}
COMMAND: POST /session/d53f532480bfbfa72ae7ae5ef7ef8f5b/execute/sync - {"script":"<script> [56 bytes]","args":[{"element-6066-11e4-a52e-4f735466cecf":"f.9714F2348D0A698B9780435C77649C65.d.6ECE8FCD9005B2667D0F3042FAE072A6.e.16997","ELEMENT":"f.9714F2348D0A698B9780435C77649C65.d.6ECE8FCD9005B2667D0F3042FAE072A6.e.16997"}]}
RESULT: {"script":"<script> [56 bytes]","args":[{"element-6066-11e4-a52e-4f735466cecf":"f.9714F2348D0A698B9780435C77649C65.d.6ECE8FCD9005B2667D0F3042FAE072A6.e.16997","ELEMENT":"f.9714F2348D0A698B9780435C77649C65.d.6ECE8FCD9005B2667D0F3042FAE072A6.e.16997"}]}
COMMAND: GET /session/d53f532480bfbfa72ae7ae5ef7ef8f5b/screenshot - {}
RESULT: {}
COMMAND: POST /session/d53f532480bfbfa72ae7ae5ef7ef8f5b/execute/sync - {"script":"<script> [56 bytes]","args":[{"element-6066-11e4-a52e-4f735466cecf":"f.9714F2348D0A698B9780435C77649C65.d.6ECE8FCD9005B2667D0F3042FAE072A6.e.16997","ELEMENT":"f.9714F2348D0A698B9780435C77649C65.d.6ECE8FCD9005B2667D0F3042FAE072A6.e.16997"}]}
RESULT: {"script":"<script> [56 bytes]","args":[{"element-6066-11e4-a52e-4f735466cecf":"f.9714F2348D0A698B9780435C77649C65.d.6ECE8FCD9005B2667D0F3042FAE072A6.e.16997","ELEMENT":"f.9714F2348D0A698B9780435C77649C65.d.6ECE8FCD9005B2667D0F3042FAE072A6.e.16997"}]}
COMMAND: GET /session/d53f532480bfbfa72ae7ae5ef7ef8f5b/screenshot - {}
RESULT: {}
COMMAND: POST /session/d53f532480bfbfa72ae7ae5ef7ef8f5b/execute/sync - {"script":"<script> [56 bytes]","args":[{"element-6066-11e4-a52e-4f735466cecf":"f.9714F2348D0A698B9780435C77649C65.d.6ECE8FCD9005B2667D0F3042FAE072A6.e.16997","ELEMENT":"f.9714F2348D0A698B9780435C77649C65.d.6ECE8FCD9005B2667D0F3042FAE072A6.e.16997"}]}
RESULT: {"script":"<script> [56 bytes]","args":[{"element-6066-11e4-a52e-4f735466cecf":"f.9714F2348D0A698B9780435C77649C65.d.6ECE8FCD9005B2667D0F3042FAE072A6.e.16997","ELEMENT":"f.9714F2348D0A698B9780435C77649C65.d.6ECE8FCD9005B2667D0F3042FAE072A6.e.16997"}]}
COMMAND: GET /session/d53f532480bfbfa72ae7ae5ef7ef8f5b/screenshot - {}
RESULT: {}
COMMAND: POST /session/d53f532480bfbfa72ae7ae5ef7ef8f5b/execute/sync - {"script":"<script> [56 bytes]","args":[{"element-6066-11e4-a52e-4f735466cecf":"f.9714F2348D0A698B9780435C77649C65.d.6ECE8FCD9005B2667D0F3042FAE072A6.e.16997","ELEMENT":"f.9714F2348D0A698B9780435C77649C65.d.6ECE8FCD9005B2667D0F3042FAE072A6.e.16997"}]}
RESULT: {"script":"<script> [56 bytes]","args":[{"element-6066-11e4-a52e-4f735466cecf":"f.9714F2348D0A698B9780435C77649C65.d.6ECE8FCD9005B2667D0F3042FAE072A6.e.16997","ELEMENT":"f.9714F2348D0A698B9780435C77649C65.d.6ECE8FCD9005B2667D0F3042FAE072A6.e.16997"}]}
COMMAND: GET /session/d53f532480bfbfa72ae7ae5ef7ef8f5b/screenshot - {}
RESULT: {}
COMMAND: POST /session/d53f532480bfbfa72ae7ae5ef7ef8f5b/execute/sync - {"script":"<script> [56 bytes]","args":[{"element-6066-11e4-a52e-4f735466cecf":"f.9714F2348D0A698B9780435C77649C65.d.6ECE8FCD9005B2667D0F3042FAE072A6.e.16997","ELEMENT":"f.9714F2348D0A698B9780435C77649C65.d.6ECE8FCD9005B2667D0F3042FAE072A6.e.16997"}]}
RESULT: {"script":"<script> [56 bytes]","args":[{"element-6066-11e4-a52e-4f735466cecf":"f.9714F2348D0A698B9780435C77649C65.d.6ECE8FCD9005B2667D0F3042FAE072A6.e.16997","ELEMENT":"f.9714F2348D0A698B9780435C77649C65.d.6ECE8FCD9005B2667D0F3042FAE072A6.e.16997"}]}
COMMAND: GET /session/d53f532480bfbfa72ae7ae5ef7ef8f5b/screenshot - {}
RESULT: {}
COMMAND: POST /session/d53f532480bfbfa72ae7ae5ef7ef8f5b/execute/sync - {"script":"<script> [56 bytes]","args":[{"element-6066-11e4-a52e-4f735466cecf":"f.9714F2348D0A698B9780435C77649C65.d.6ECE8FCD9005B2667D0F3042FAE072A6.e.16997","ELEMENT":"f.9714F2348D0A698B9780435C77649C65.d.6ECE8FCD9005B2667D0F3042FAE072A6.e.16997"}]}
RESULT: {"script":"<script> [56 bytes]","args":[{"element-6066-11e4-a52e-4f735466cecf":"f.9714F2348D0A698B9780435C77649C65.d.6ECE8FCD9005B2667D0F3042FAE072A6.e.16997","ELEMENT":"f.9714F2348D0A698B9780435C77649C65.d.6ECE8FCD9005B2667D0F3042FAE072A6.e.16997"}]}
COMMAND: GET /session/d53f532480bfbfa72ae7ae5ef7ef8f5b/screenshot - {}
RESULT: {}
COMMAND: POST /session/d53f532480bfbfa72ae7ae5ef7ef8f5b/execute/sync - {"script":"<script> [56 bytes]","args":[{"element-6066-11e4-a52e-4f735466cecf":"f.9714F2348D0A698B9780435C77649C65.d.6ECE8FCD9005B2667D0F3042FAE072A6.e.16997","ELEMENT":"f.9714F2348D0A698B9780435C77649C65.d.6ECE8FCD9005B2667D0F3042FAE072A6.e.16997"}]}
RESULT: {"script":"<script> [56 bytes]","args":[{"element-6066-11e4-a52e-4f735466cecf":"f.9714F2348D0A698B9780435C77649C65.d.6ECE8FCD9005B2667D0F3042FAE072A6.e.16997","ELEMENT":"f.9714F2348D0A698B9780435C77649C65.d.6ECE8FCD9005B2667D0F3042FAE072A6.e.16997"}]}
COMMAND: GET /session/d53f532480bfbfa72ae7ae5ef7ef8f5b/screenshot - {}
RESULT: {}
COMMAND: POST /session/d53f532480bfbfa72ae7ae5ef7ef8f5b/execute/sync - {"script":"<script> [56 bytes]","args":[{"element-6066-11e4-a52e-4f735466cecf":"f.9714F2348D0A698B9780435C77649C65.d.6ECE8FCD9005B2667D0F3042FAE072A6.e.16997","ELEMENT":"f.9714F2348D0A698B9780435C77649C65.d.6ECE8FCD9005B2667D0F3042FAE072A6.e.16997"}]}
RESULT: {"script":"<script> [56 bytes]","args":[{"element-6066-11e4-a52e-4f735466cecf":"f.9714F2348D0A698B9780435C77649C65.d.6ECE8FCD9005B2667D0F3042FAE072A6.e.16997","ELEMENT":"f.9714F2348D0A698B9780435C77649C65.d.6ECE8FCD9005B2667D0F3042FAE072A6.e.16997"}]}
COMMAND: GET /session/d53f532480bfbfa72ae7ae5ef7ef8f5b/screenshot - {}
RESULT: {}
COMMAND: POST /session/d53f532480bfbfa72ae7ae5ef7ef8f5b/execute/sync - {"script":"<script> [56 bytes]","args":[{"element-6066-11e4-a52e-4f735466cecf":"f.9714F2348D0A698B9780435C77649C65.d.6ECE8FCD9005B2667D0F3042FAE072A6.e.16997","ELEMENT":"f.9714F2348D0A698B9780435C77649C65.d.6ECE8FCD9005B2667D0F3042FAE072A6.e.16997"}]}
RESULT: {"script":"<script> [56 bytes]","args":[{"element-6066-11e4-a52e-4f735466cecf":"f.9714F2348D0A698B9780435C77649C65.d.6ECE8FCD9005B2667D0F3042FAE072A6.e.16997","ELEMENT":"f.9714F2348D0A698B9780435C77649C65.d.6ECE8FCD9005B2667D0F3042FAE072A6.e.16997"}]}
COMMAND: GET /session/d53f532480bfbfa72ae7ae5ef7ef8f5b/screenshot - {}
RESULT: {}
COMMAND: POST /session/d53f532480bfbfa72ae7ae5ef7ef8f5b/execute/sync - {"script":"<script> [56 bytes]","args":[{"element-6066-11e4-a52e-4f735466cecf":"f.9714F2348D0A698B9780435C77649C65.d.6ECE8FCD9005B2667D0F3042FAE072A6.e.16997","ELEMENT":"f.9714F2348D0A698B9780435C77649C65.d.6ECE8FCD9005B2667D0F3042FAE072A6.e.16997"}]}
RESULT: {"script":"<script> [56 bytes]","args":[{"element-6066-11e4-a52e-4f735466cecf":"f.9714F2348D0A698B9780435C77649C65.d.6ECE8FCD9005B2667D0F3042FAE072A6.e.16997","ELEMENT":"f.9714F2348D0A698B9780435C77649C65.d.6ECE8FCD9005B2667D0F3042FAE072A6.e.16997"}]}
COMMAND: GET /session/d53f532480bfbfa72ae7ae5ef7ef8f5b/screenshot - {}
RESULT: {}
COMMAND: POST /session/d53f532480bfbfa72ae7ae5ef7ef8f5b/execute/sync - {"script":"<script> [56 bytes]","args":[{"element-6066-11e4-a52e-4f735466cecf":"f.9714F2348D0A698B9780435C77649C65.d.6ECE8FCD9005B2667D0F3042FAE072A6.e.16997","ELEMENT":"f.9714F2348D0A698B9780435C77649C65.d.6ECE8FCD9005B2667D0F3042FAE072A6.e.16997"}]}
RESULT: {"script":"<script> [56 bytes]","args":[{"element-6066-11e4-a52e-4f735466cecf":"f.9714F2348D0A698B9780435C77649C65.d.6ECE8FCD9005B2667D0F3042FAE072A6.e.16997","ELEMENT":"f.9714F2348D0A698B9780435C77649C65.d.6ECE8FCD9005B2667D0F3042FAE072A6.e.16997"}]}
COMMAND: GET /session/d53f532480bfbfa72ae7ae5ef7ef8f5b/screenshot - {}
RESULT: {}
COMMAND: POST /session/d53f532480bfbfa72ae7ae5ef7ef8f5b/execute/sync - {"script":"<script> [56 bytes]","args":[{"element-6066-11e4-a52e-4f735466cecf":"f.9714F2348D0A698B9780435C77649C65.d.6ECE8FCD9005B2667D0F3042FAE072A6.e.16997","ELEMENT":"f.9714F2348D0A698B9780435C77649C65.d.6ECE8FCD9005B2667D0F3042FAE072A6.e.16997"}]}
RESULT: {"script":"<script> [56 bytes]","args":[{"element-6066-11e4-a52e-4f735466cecf":"f.9714F2348D0A698B9780435C77649C65.d.6ECE8FCD9005B2667D0F3042FAE072A6.e.16997","ELEMENT":"f.9714F2348D0A698B9780435C77649C65.d.6ECE8FCD9005B2667D0F3042FAE072A6.e.16997"}]}
COMMAND: GET /session/d53f532480bfbfa72ae7ae5ef7ef8f5b/screenshot - {}
RESULT: {}
COMMAND: POST /session/d53f532480bfbfa72ae7ae5ef7ef8f5b/execute/sync - {"script":"<script> [56 bytes]","args":[{"element-6066-11e4-a52e-4f735466cecf":"f.9714F2348D0A698B9780435C77649C65.d.6ECE8FCD9005B2667D0F3042FAE072A6.e.16997","ELEMENT":"f.9714F2348D0A698B9780435C77649C65.d.6ECE8FCD9005B2667D0F3042FAE072A6.e.16997"}]}
RESULT: {"script":"<script> [56 bytes]","args":[{"element-6066-11e4-a52e-4f735466cecf":"f.9714F2348D0A698B9780435C77649C65.d.6ECE8FCD9005B2667D0F3042FAE072A6.e.16997","ELEMENT":"f.9714F2348D0A698B9780435C77649C65.d.6ECE8FCD9005B2667D0F3042FAE072A6.e.16997"}]}
COMMAND: GET /session/d53f532480bfbfa72ae7ae5ef7ef8f5b/screenshot - {}
COMMAND: POST /session/d53f532480bfbfa72ae7ae5ef7ef8f5b/execute/sync - {"script":"<script> [56 bytes]","args":[{"element-6066-11e4-a52e-4f735466cecf":"f.9714F2348D0A698B9780435C77649C65.d.6ECE8FCD9005B2667D0F3042FAE072A6.e.16997","ELEMENT":"f.9714F2348D0A698B9780435C77649C65.d.6ECE8FCD9005B2667D0F3042FAE072A6.e.16997"}]}
RESULT: {}
RESULT: {"script":"<script> [56 bytes]","args":[{"element-6066-11e4-a52e-4f735466cecf":"f.9714F2348D0A698B9780435C77649C65.d.6ECE8FCD9005B2667D0F3042FAE072A6.e.16997","ELEMENT":"f.9714F2348D0A698B9780435C77649C65.d.6ECE8FCD9005B2667D0F3042FAE072A6.e.16997"}]}
COMMAND: GET /session/d53f532480bfbfa72ae7ae5ef7ef8f5b/screenshot - {}
COMMAND: POST /session/d53f532480bfbfa72ae7ae5ef7ef8f5b/execute/sync - {"script":"<script> [56 bytes]","args":[{"element-6066-11e4-a52e-4f735466cecf":"f.9714F2348D0A698B9780435C77649C65.d.6ECE8FCD9005B2667D0F3042FAE072A6.e.16997","ELEMENT":"f.9714F2348D0A698B9780435C77649C65.d.6ECE8FCD9005B2667D0F3042FAE072A6.e.16997"}]}
RESULT: {}
RESULT: {"script":"<script> [56 bytes]","args":[{"element-6066-11e4-a52e-4f735466cecf":"f.9714F2348D0A698B9780435C77649C65.d.6ECE8FCD9005B2667D0F3042FAE072A6.e.16997","ELEMENT":"f.9714F2348D0A698B9780435C77649C65.d.6ECE8FCD9005B2667D0F3042FAE072A6.e.16997"}]}
COMMAND: GET /session/d53f532480bfbfa72ae7ae5ef7ef8f5b/screenshot - {}
RESULT: {}
COMMAND: POST /session/d53f532480bfbfa72ae7ae5ef7ef8f5b/execute/sync - {"script":"<script> [56 bytes]","args":[{"element-6066-11e4-a52e-4f735466cecf":"f.9714F2348D0A698B9780435C77649C65.d.6ECE8FCD9005B2667D0F3042FAE072A6.e.16997","ELEMENT":"f.9714F2348D0A698B9780435C77649C65.d.6ECE8FCD9005B2667D0F3042FAE072A6.e.16997"}]}
RESULT: {"script":"<script> [56 bytes]","args":[{"element-6066-11e4-a52e-4f735466cecf":"f.9714F2348D0A698B9780435C77649C65.d.6ECE8FCD9005B2667D0F3042FAE072A6.e.16997","ELEMENT":"f.9714F2348D0A698B9780435C77649C65.d.6ECE8FCD9005B2667D0F3042FAE072A6.e.16997"}]}
COMMAND: GET /session/d53f532480bfbfa72ae7ae5ef7ef8f5b/screenshot - {}
RESULT: {}
COMMAND: POST /session/d53f532480bfbfa72ae7ae5ef7ef8f5b/execute/sync - {"script":"<script> [56 bytes]","args":[{"element-6066-11e4-a52e-4f735466cecf":"f.9714F2348D0A698B9780435C77649C65.d.6ECE8FCD9005B2667D0F3042FAE072A6.e.16997","ELEMENT":"f.9714F2348D0A698B9780435C77649C65.d.6ECE8FCD9005B2667D0F3042FAE072A6.e.16997"}]}
RESULT: {"script":"<script> [56 bytes]","args":[{"element-6066-11e4-a52e-4f735466cecf":"f.9714F2348D0A698B9780435C77649C65.d.6ECE8FCD9005B2667D0F3042FAE072A6.e.16997","ELEMENT":"f.9714F2348D0A698B9780435C77649C65.d.6ECE8FCD9005B2667D0F3042FAE072A6.e.16997"}]}
COMMAND: GET /session/d53f532480bfbfa72ae7ae5ef7ef8f5b/screenshot - {}
RESULT: {}
COMMAND: POST /session/d53f532480bfbfa72ae7ae5ef7ef8f5b/execute/sync - {"script":"<script> [56 bytes]","args":[{"element-6066-11e4-a52e-4f735466cecf":"f.9714F2348D0A698B9780435C77649C65.d.6ECE8FCD9005B2667D0F3042FAE072A6.e.16997","ELEMENT":"f.9714F2348D0A698B9780435C77649C65.d.6ECE8FCD9005B2667D0F3042FAE072A6.e.16997"}]}
RESULT: {"script":"<script> [56 bytes]","args":[{"element-6066-11e4-a52e-4f735466cecf":"f.9714F2348D0A698B9780435C77649C65.d.6ECE8FCD9005B2667D0F3042FAE072A6.e.16997","ELEMENT":"f.9714F2348D0A698B9780435C77649C65.d.6ECE8FCD9005B2667D0F3042FAE072A6.e.16997"}]}
COMMAND: GET /session/d53f532480bfbfa72ae7ae5ef7ef8f5b/screenshot - {}
RESULT: {}
COMMAND: POST /session/d53f532480bfbfa72ae7ae5ef7ef8f5b/execute/sync - {"script":"<script> [56 bytes]","args":[{"element-6066-11e4-a52e-4f735466cecf":"f.9714F2348D0A698B9780435C77649C65.d.6ECE8FCD9005B2667D0F3042FAE072A6.e.16997","ELEMENT":"f.9714F2348D0A698B9780435C77649C65.d.6ECE8FCD9005B2667D0F3042FAE072A6.e.16997"}]}
RESULT: {"script":"<script> [56 bytes]","args":[{"element-6066-11e4-a52e-4f735466cecf":"f.9714F2348D0A698B9780435C77649C65.d.6ECE8FCD9005B2667D0F3042FAE072A6.e.16997","ELEMENT":"f.9714F2348D0A698B9780435C77649C65.d.6ECE8FCD9005B2667D0F3042FAE072A6.e.16997"}]}
COMMAND: GET /session/d53f532480bfbfa72ae7ae5ef7ef8f5b/screenshot - {}
RESULT: {}
COMMAND: POST /session/d53f532480bfbfa72ae7ae5ef7ef8f5b/execute/sync - {"script":"<script> [56 bytes]","args":[{"element-6066-11e4-a52e-4f735466cecf":"f.9714F2348D0A698B9780435C77649C65.d.6ECE8FCD9005B2667D0F3042FAE072A6.e.16997","ELEMENT":"f.9714F2348D0A698B9780435C77649C65.d.6ECE8FCD9005B2667D0F3042FAE072A6.e.16997"}]}
RESULT: {"script":"<script> [56 bytes]","args":[{"element-6066-11e4-a52e-4f735466cecf":"f.9714F2348D0A698B9780435C77649C65.d.6ECE8FCD9005B2667D0F3042FAE072A6.e.16997","ELEMENT":"f.9714F2348D0A698B9780435C77649C65.d.6ECE8FCD9005B2667D0F3042FAE072A6.e.16997"}]}
COMMAND: GET /session/d53f532480bfbfa72ae7ae5ef7ef8f5b/screenshot - {}
RESULT: {}
COMMAND: POST /session/d53f532480bfbfa72ae7ae5ef7ef8f5b/execute/sync - {"script":"<script> [56 bytes]","args":[{"element-6066-11e4-a52e-4f735466cecf":"f.9714F2348D0A698B9780435C77649C65.d.6ECE8FCD9005B2667D0F3042FAE072A6.e.16997","ELEMENT":"f.9714F2348D0A698B9780435C77649C65.d.6ECE8FCD9005B2667D0F3042FAE072A6.e.16997"}]}
RESULT: {"script":"<script> [56 bytes]","args":[{"element-6066-11e4-a52e-4f735466cecf":"f.9714F2348D0A698B9780435C77649C65.d.6ECE8FCD9005B2667D0F3042FAE072A6.e.16997","ELEMENT":"f.9714F2348D0A698B9780435C77649C65.d.6ECE8FCD9005B2667D0F3042FAE072A6.e.16997"}]}
COMMAND: GET /session/d53f532480bfbfa72ae7ae5ef7ef8f5b/screenshot - {}
RESULT: {}
COMMAND: POST /session/d53f532480bfbfa72ae7ae5ef7ef8f5b/execute/sync - {"script":"<script> [56 bytes]","args":[{"element-6066-11e4-a52e-4f735466cecf":"f.9714F2348D0A698B9780435C77649C65.d.6ECE8FCD9005B2667D0F3042FAE072A6.e.16997","ELEMENT":"f.9714F2348D0A698B9780435C77649C65.d.6ECE8FCD9005B2667D0F3042FAE072A6.e.16997"}]}
RESULT: {"script":"<script> [56 bytes]","args":[{"element-6066-11e4-a52e-4f735466cecf":"f.9714F2348D0A698B9780435C77649C65.d.6ECE8FCD9005B2667D0F3042FAE072A6.e.16997","ELEMENT":"f.9714F2348D0A698B9780435C77649C65.d.6ECE8FCD9005B2667D0F3042FAE072A6.e.16997"}]}
COMMAND: GET /session/d53f532480bfbfa72ae7ae5ef7ef8f5b/screenshot - {}
RESULT: {}
COMMAND: POST /session/d53f532480bfbfa72ae7ae5ef7ef8f5b/execute/sync - {"script":"<script> [56 bytes]","args":[{"element-6066-11e4-a52e-4f735466cecf":"f.9714F2348D0A698B9780435C77649C65.d.6ECE8FCD9005B2667D0F3042FAE072A6.e.16997","ELEMENT":"f.9714F2348D0A698B9780435C77649C65.d.6ECE8FCD9005B2667D0F3042FAE072A6.e.16997"}]}
RESULT: {"script":"<script> [56 bytes]","args":[{"element-6066-11e4-a52e-4f735466cecf":"f.9714F2348D0A698B9780435C77649C65.d.6ECE8FCD9005B2667D0F3042FAE072A6.e.16997","ELEMENT":"f.9714F2348D0A698B9780435C77649C65.d.6ECE8FCD9005B2667D0F3042FAE072A6.e.16997"}]}
COMMAND: GET /session/d53f532480bfbfa72ae7ae5ef7ef8f5b/screenshot - {}
RESULT: {}
COMMAND: POST /session/d53f532480bfbfa72ae7ae5ef7ef8f5b/execute/sync - {"script":"<script> [56 bytes]","args":[{"element-6066-11e4-a52e-4f735466cecf":"f.9714F2348D0A698B9780435C77649C65.d.6ECE8FCD9005B2667D0F3042FAE072A6.e.16997","ELEMENT":"f.9714F2348D0A698B9780435C77649C65.d.6ECE8FCD9005B2667D0F3042FAE072A6.e.16997"}]}
RESULT: {"script":"<script> [56 bytes]","args":[{"element-6066-11e4-a52e-4f735466cecf":"f.9714F2348D0A698B9780435C77649C65.d.6ECE8FCD9005B2667D0F3042FAE072A6.e.16997","ELEMENT":"f.9714F2348D0A698B9780435C77649C65.d.6ECE8FCD9005B2667D0F3042FAE072A6.e.16997"}]}
COMMAND: GET /session/d53f532480bfbfa72ae7ae5ef7ef8f5b/screenshot - {}
RESULT: {}
COMMAND: POST /session/d53f532480bfbfa72ae7ae5ef7ef8f5b/execute/sync - {"script":"<script> [56 bytes]","args":[{"element-6066-11e4-a52e-4f735466cecf":"f.9714F2348D0A698B9780435C77649C65.d.6ECE8FCD9005B2667D0F3042FAE072A6.e.16997","ELEMENT":"f.9714F2348D0A698B9780435C77649C65.d.6ECE8FCD9005B2667D0F3042FAE072A6.e.16997"}]}
RESULT: {"script":"<script> [56 bytes]","args":[{"element-6066-11e4-a52e-4f735466cecf":"f.9714F2348D0A698B9780435C77649C65.d.6ECE8FCD9005B2667D0F3042FAE072A6.e.16997","ELEMENT":"f.9714F2348D0A698B9780435C77649C65.d.6ECE8FCD9005B2667D0F3042FAE072A6.e.16997"}]}
COMMAND: GET /session/d53f532480bfbfa72ae7ae5ef7ef8f5b/screenshot - {}
RESULT: {}
COMMAND: POST /session/d53f532480bfbfa72ae7ae5ef7ef8f5b/execute/sync - {"script":"<script> [56 bytes]","args":[{"element-6066-11e4-a52e-4f735466cecf":"f.9714F2348D0A698B9780435C77649C65.d.6ECE8FCD9005B2667D0F3042FAE072A6.e.16997","ELEMENT":"f.9714F2348D0A698B9780435C77649C65.d.6ECE8FCD9005B2667D0F3042FAE072A6.e.16997"}]}
RESULT: {"script":"<script> [56 bytes]","args":[{"element-6066-11e4-a52e-4f735466cecf":"f.9714F2348D0A698B9780435C77649C65.d.6ECE8FCD9005B2667D0F3042FAE072A6.e.16997","ELEMENT":"f.9714F2348D0A698B9780435C77649C65.d.6ECE8FCD9005B2667D0F3042FAE072A6.e.16997"}]}
COMMAND: GET /session/d53f532480bfbfa72ae7ae5ef7ef8f5b/screenshot - {}
RESULT: {}
COMMAND: POST /session/d53f532480bfbfa72ae7ae5ef7ef8f5b/execute/sync - {"script":"<script> [56 bytes]","args":[{"element-6066-11e4-a52e-4f735466cecf":"f.9714F2348D0A698B9780435C77649C65.d.6ECE8FCD9005B2667D0F3042FAE072A6.e.16997","ELEMENT":"f.9714F2348D0A698B9780435C77649C65.d.6ECE8FCD9005B2667D0F3042FAE072A6.e.16997"}]}
RESULT: {"script":"<script> [56 bytes]","args":[{"element-6066-11e4-a52e-4f735466cecf":"f.9714F2348D0A698B9780435C77649C65.d.6ECE8FCD9005B2667D0F3042FAE072A6.e.16997","ELEMENT":"f.9714F2348D0A698B9780435C77649C65.d.6ECE8FCD9005B2667D0F3042FAE072A6.e.16997"}]}
COMMAND: GET /session/d53f532480bfbfa72ae7ae5ef7ef8f5b/screenshot - {}
RESULT: {}
COMMAND: POST /session/d53f532480bfbfa72ae7ae5ef7ef8f5b/execute/sync - {"script":"<script> [56 bytes]","args":[{"element-6066-11e4-a52e-4f735466cecf":"f.9714F2348D0A698B9780435C77649C65.d.6ECE8FCD9005B2667D0F3042FAE072A6.e.16997","ELEMENT":"f.9714F2348D0A698B9780435C77649C65.d.6ECE8FCD9005B2667D0F3042FAE072A6.e.16997"}]}
RESULT: {"script":"<script> [56 bytes]","args":[{"element-6066-11e4-a52e-4f735466cecf":"f.9714F2348D0A698B9780435C77649C65.d.6ECE8FCD9005B2667D0F3042FAE072A6.e.16997","ELEMENT":"f.9714F2348D0A698B9780435C77649C65.d.6ECE8FCD9005B2667D0F3042FAE072A6.e.16997"}]}
COMMAND: GET /session/d53f532480bfbfa72ae7ae5ef7ef8f5b/screenshot - {}
RESULT: {}
COMMAND: POST /session/d53f532480bfbfa72ae7ae5ef7ef8f5b/execute/sync - {"script":"<script> [56 bytes]","args":[{"element-6066-11e4-a52e-4f735466cecf":"f.9714F2348D0A698B9780435C77649C65.d.6ECE8FCD9005B2667D0F3042FAE072A6.e.16997","ELEMENT":"f.9714F2348D0A698B9780435C77649C65.d.6ECE8FCD9005B2667D0F3042FAE072A6.e.16997"}]}
RESULT: {"script":"<script> [56 bytes]","args":[{"element-6066-11e4-a52e-4f735466cecf":"f.9714F2348D0A698B9780435C77649C65.d.6ECE8FCD9005B2667D0F3042FAE072A6.e.16997","ELEMENT":"f.9714F2348D0A698B9780435C77649C65.d.6ECE8FCD9005B2667D0F3042FAE072A6.e.16997"}]}
COMMAND: POST /session/d53f532480bfbfa72ae7ae5ef7ef8f5b/element - {"using":"xpath","value":"//td[@aria-colindex=\"1\"]/div/div[contains(@class, \"sapMCbBg\")]"}
COMMAND: GET /session/d53f532480bfbfa72ae7ae5ef7ef8f5b/screenshot - {}
RESULT: {"using":"xpath","value":"//td[@aria-colindex=\"1\"]/div/div[contains(@class, \"sapMCbBg\")]"}
COMMAND: POST /session/d53f532480bfbfa72ae7ae5ef7ef8f5b/element/f.9714F2348D0A698B9780435C77649C65.d.6ECE8FCD9005B2667D0F3042FAE072A6.e.17015/click - {}
RESULT: {}
RESULT: {}
COMMAND: GET /session/d53f532480bfbfa72ae7ae5ef7ef8f5b/screenshot - {}
RESULT: {}
COMMAND: POST /session/d53f532480bfbfa72ae7ae5ef7ef8f5b/element - {"using":"xpath","value":"//bdi[text()=\"Transfer\"]"}
RESULT: {"using":"xpath","value":"//bdi[text()=\"Transfer\"]"}
COMMAND: POST /session/d53f532480bfbfa72ae7ae5ef7ef8f5b/element/f.9714F2348D0A698B9780435C77649C65.d.6ECE8FCD9005B2667D0F3042FAE072A6.e.17016/click - {}
RESULT: {}
COMMAND: GET /session/d53f532480bfbfa72ae7ae5ef7ef8f5b/screenshot - {}
RESULT: {}
COMMAND: POST /session/d53f532480bfbfa72ae7ae5ef7ef8f5b/element - {"using":"xpath","value":"//bdi[contains(text(), \"OK\")]"}
RESULT: {"using":"xpath","value":"//bdi[contains(text(), \"OK\")]"}
COMMAND: POST /session/d53f532480bfbfa72ae7ae5ef7ef8f5b/element/f.9714F2348D0A698B9780435C77649C65.d.6ECE8FCD9005B2667D0F3042FAE072A6.e.17019/click - {}
RESULT: {}
COMMAND: GET /session/d53f532480bfbfa72ae7ae5ef7ef8f5b/screenshot - {}
RESULT: {}
COMMAND: POST /session/d53f532480bfbfa72ae7ae5ef7ef8f5b/element - {"using":"xpath","value":"(//span[contains(text(), \"Completed\")]/parent::div/preceding-sibling::div/span)[1]"}
RESULT: {"using":"xpath","value":"(//span[contains(text(), \"Completed\")]/parent::div/preceding-sibling::div/span)[1]"}
COMMAND: POST /session/d53f532480bfbfa72ae7ae5ef7ef8f5b/element/f.9714F2348D0A698B9780435C77649C65.d.6ECE8FCD9005B2667D0F3042FAE072A6.e.17027/click - {}
RESULT: {}
COMMAND: POST /session/d53f532480bfbfa72ae7ae5ef7ef8f5b/element - {"using":"xpath","value":"//input[contains(@id ,\"application-billingtransfer-display-component---billingWorkbench--smartFilterBar-btnBasicSearch\")]"}
COMMAND: GET /session/d53f532480bfbfa72ae7ae5ef7ef8f5b/screenshot - {}
RESULT: {"using":"xpath","value":"//input[contains(@id ,\"application-billingtransfer-display-component---billingWorkbench--smartFilterBar-btnBasicSearch\")]"}
COMMAND: POST /session/d53f532480bfbfa72ae7ae5ef7ef8f5b/elements - {"using":"xpath","value":"//input[contains(@id ,\"application-billingtransfer-display-component---billingWorkbench--smartFilterBar-btnBasicSearch\")]"}
RESULT: {}
RESULT: {"using":"xpath","value":"//input[contains(@id ,\"application-billingtransfer-display-component---billingWorkbench--smartFilterBar-btnBasicSearch\")]"}
COMMAND: POST /session/d53f532480bfbfa72ae7ae5ef7ef8f5b/execute/sync - {"script":"<script> [8489 bytes]","args":[{"element-6066-11e4-a52e-4f735466cecf":"f.9714F2348D0A698B9780435C77649C65.d.6ECE8FCD9005B2667D0F3042FAE072A6.e.16850","ELEMENT":"f.9714F2348D0A698B9780435C77649C65.d.6ECE8FCD9005B2667D0F3042FAE072A6.e.16850"}]}
RESULT: {"script":"<script> [8489 bytes]","args":[{"element-6066-11e4-a52e-4f735466cecf":"f.9714F2348D0A698B9780435C77649C65.d.6ECE8FCD9005B2667D0F3042FAE072A6.e.16850","ELEMENT":"f.9714F2348D0A698B9780435C77649C65.d.6ECE8FCD9005B2667D0F3042FAE072A6.e.16850"}]}
COMMAND: GET /session/d53f532480bfbfa72ae7ae5ef7ef8f5b/element/f.9714F2348D0A698B9780435C77649C65.d.6ECE8FCD9005B2667D0F3042FAE072A6.e.16850/enabled - {}
COMMAND: GET /session/d53f532480bfbfa72ae7ae5ef7ef8f5b/screenshot - {}
RESULT: {}
COMMAND: POST /session/d53f532480bfbfa72ae7ae5ef7ef8f5b/element/f.9714F2348D0A698B9780435C77649C65.d.6ECE8FCD9005B2667D0F3042FAE072A6.e.16850/click - {}
COMMAND: GET /session/d53f532480bfbfa72ae7ae5ef7ef8f5b/screenshot - {}
RESULT: {}
RESULT: {}
COMMAND: GET /session/d53f532480bfbfa72ae7ae5ef7ef8f5b/screenshot - {}
RESULT: {}
RESULT: {}
COMMAND: POST /session/d53f532480bfbfa72ae7ae5ef7ef8f5b/element/f.9714F2348D0A698B9780435C77649C65.d.6ECE8FCD9005B2667D0F3042FAE072A6.e.16850/clear - {}
RESULT: {}
COMMAND: POST /session/d53f532480bfbfa72ae7ae5ef7ef8f5b/element/f.9714F2348D0A698B9780435C77649C65.d.6ECE8FCD9005B2667D0F3042FAE072A6.e.16850/value - {"text":"10601"}
COMMAND: GET /session/d53f532480bfbfa72ae7ae5ef7ef8f5b/screenshot - {}
RESULT: {"text":"10601"}
COMMAND: POST /session/d53f532480bfbfa72ae7ae5ef7ef8f5b/actions - {"actions":[{"id":"action56","type":"key","parameters":{},"actions":[{"type":"keyDown","value":""},{"type":"pause","duration":10},{"type":"keyUp","value":""}]}]}
COMMAND: GET /session/d53f532480bfbfa72ae7ae5ef7ef8f5b/screenshot - {}
RESULT: {}
RESULT: {"actions":[{"id":"action56","type":"key","parameters":{},"actions":[{"type":"keyDown","value":""},{"type":"pause","duration":10},{"type":"keyUp","value":""}]}]}
COMMAND: GET /session/d53f532480bfbfa72ae7ae5ef7ef8f5b/screenshot - {}
RESULT: {}
RESULT: {}
COMMAND: POST /session/d53f532480bfbfa72ae7ae5ef7ef8f5b/element - {"using":"xpath","value":"//span[contains(@id ,\"application-billingtransfer-display-component---billingWorkbench--smartTableBillingRuns-header-inner\")]"}
RESULT: {"using":"xpath","value":"//span[contains(@id ,\"application-billingtransfer-display-component---billingWorkbench--smartTableBillingRuns-header-inner\")]"}
COMMAND: POST /session/d53f532480bfbfa72ae7ae5ef7ef8f5b/elements - {"using":"xpath","value":"//span[contains(@id ,\"application-billingtransfer-display-component---billingWorkbench--smartTableBillingRuns-header-inner\")]"}
RESULT: {"using":"xpath","value":"//span[contains(@id ,\"application-billingtransfer-display-component---billingWorkbench--smartTableBillingRuns-header-inner\")]"}
COMMAND: POST /session/d53f532480bfbfa72ae7ae5ef7ef8f5b/execute/sync - {"script":"<script> [56 bytes]","args":[{"element-6066-11e4-a52e-4f735466cecf":"f.9714F2348D0A698B9780435C77649C65.d.6ECE8FCD9005B2667D0F3042FAE072A6.e.16997","ELEMENT":"f.9714F2348D0A698B9780435C77649C65.d.6ECE8FCD9005B2667D0F3042FAE072A6.e.16997"}]}
RESULT: {"script":"<script> [56 bytes]","args":[{"element-6066-11e4-a52e-4f735466cecf":"f.9714F2348D0A698B9780435C77649C65.d.6ECE8FCD9005B2667D0F3042FAE072A6.e.16997","ELEMENT":"f.9714F2348D0A698B9780435C77649C65.d.6ECE8FCD9005B2667D0F3042FAE072A6.e.16997"}]}
COMMAND: GET /session/d53f532480bfbfa72ae7ae5ef7ef8f5b/screenshot - {}
RESULT: {}
COMMAND: POST /session/d53f532480bfbfa72ae7ae5ef7ef8f5b/execute/sync - {"script":"<script> [56 bytes]","args":[{"element-6066-11e4-a52e-4f735466cecf":"f.9714F2348D0A698B9780435C77649C65.d.6ECE8FCD9005B2667D0F3042FAE072A6.e.16997","ELEMENT":"f.9714F2348D0A698B9780435C77649C65.d.6ECE8FCD9005B2667D0F3042FAE072A6.e.16997"}]}
RESULT: {"script":"<script> [56 bytes]","args":[{"element-6066-11e4-a52e-4f735466cecf":"f.9714F2348D0A698B9780435C77649C65.d.6ECE8FCD9005B2667D0F3042FAE072A6.e.16997","ELEMENT":"f.9714F2348D0A698B9780435C77649C65.d.6ECE8FCD9005B2667D0F3042FAE072A6.e.16997"}]}
COMMAND: GET /session/d53f532480bfbfa72ae7ae5ef7ef8f5b/screenshot - {}
RESULT: {}
COMMAND: POST /session/d53f532480bfbfa72ae7ae5ef7ef8f5b/execute/sync - {"script":"<script> [56 bytes]","args":[{"element-6066-11e4-a52e-4f735466cecf":"f.9714F2348D0A698B9780435C77649C65.d.6ECE8FCD9005B2667D0F3042FAE072A6.e.16997","ELEMENT":"f.9714F2348D0A698B9780435C77649C65.d.6ECE8FCD9005B2667D0F3042FAE072A6.e.16997"}]}
RESULT: {"script":"<script> [56 bytes]","args":[{"element-6066-11e4-a52e-4f735466cecf":"f.9714F2348D0A698B9780435C77649C65.d.6ECE8FCD9005B2667D0F3042FAE072A6.e.16997","ELEMENT":"f.9714F2348D0A698B9780435C77649C65.d.6ECE8FCD9005B2667D0F3042FAE072A6.e.16997"}]}
COMMAND: GET /session/d53f532480bfbfa72ae7ae5ef7ef8f5b/screenshot - {}
RESULT: {}
COMMAND: POST /session/d53f532480bfbfa72ae7ae5ef7ef8f5b/execute/sync - {"script":"<script> [56 bytes]","args":[{"element-6066-11e4-a52e-4f735466cecf":"f.9714F2348D0A698B9780435C77649C65.d.6ECE8FCD9005B2667D0F3042FAE072A6.e.16997","ELEMENT":"f.9714F2348D0A698B9780435C77649C65.d.6ECE8FCD9005B2667D0F3042FAE072A6.e.16997"}]}
RESULT: {"script":"<script> [56 bytes]","args":[{"element-6066-11e4-a52e-4f735466cecf":"f.9714F2348D0A698B9780435C77649C65.d.6ECE8FCD9005B2667D0F3042FAE072A6.e.16997","ELEMENT":"f.9714F2348D0A698B9780435C77649C65.d.6ECE8FCD9005B2667D0F3042FAE072A6.e.16997"}]}
COMMAND: GET /session/d53f532480bfbfa72ae7ae5ef7ef8f5b/screenshot - {}
RESULT: {}
COMMAND: POST /session/d53f532480bfbfa72ae7ae5ef7ef8f5b/execute/sync - {"script":"<script> [56 bytes]","args":[{"element-6066-11e4-a52e-4f735466cecf":"f.9714F2348D0A698B9780435C77649C65.d.6ECE8FCD9005B2667D0F3042FAE072A6.e.16997","ELEMENT":"f.9714F2348D0A698B9780435C77649C65.d.6ECE8FCD9005B2667D0F3042FAE072A6.e.16997"}]}
RESULT: {"script":"<script> [56 bytes]","args":[{"element-6066-11e4-a52e-4f735466cecf":"f.9714F2348D0A698B9780435C77649C65.d.6ECE8FCD9005B2667D0F3042FAE072A6.e.16997","ELEMENT":"f.9714F2348D0A698B9780435C77649C65.d.6ECE8FCD9005B2667D0F3042FAE072A6.e.16997"}]}
COMMAND: GET /session/d53f532480bfbfa72ae7ae5ef7ef8f5b/screenshot - {}
RESULT: {}
COMMAND: POST /session/d53f532480bfbfa72ae7ae5ef7ef8f5b/execute/sync - {"script":"<script> [56 bytes]","args":[{"element-6066-11e4-a52e-4f735466cecf":"f.9714F2348D0A698B9780435C77649C65.d.6ECE8FCD9005B2667D0F3042FAE072A6.e.16997","ELEMENT":"f.9714F2348D0A698B9780435C77649C65.d.6ECE8FCD9005B2667D0F3042FAE072A6.e.16997"}]}
RESULT: {"script":"<script> [56 bytes]","args":[{"element-6066-11e4-a52e-4f735466cecf":"f.9714F2348D0A698B9780435C77649C65.d.6ECE8FCD9005B2667D0F3042FAE072A6.e.16997","ELEMENT":"f.9714F2348D0A698B9780435C77649C65.d.6ECE8FCD9005B2667D0F3042FAE072A6.e.16997"}]}
COMMAND: GET /session/d53f532480bfbfa72ae7ae5ef7ef8f5b/screenshot - {}
RESULT: {}
COMMAND: POST /session/d53f532480bfbfa72ae7ae5ef7ef8f5b/execute/sync - {"script":"<script> [56 bytes]","args":[{"element-6066-11e4-a52e-4f735466cecf":"f.9714F2348D0A698B9780435C77649C65.d.6ECE8FCD9005B2667D0F3042FAE072A6.e.16997","ELEMENT":"f.9714F2348D0A698B9780435C77649C65.d.6ECE8FCD9005B2667D0F3042FAE072A6.e.16997"}]}
RESULT: {"script":"<script> [56 bytes]","args":[{"element-6066-11e4-a52e-4f735466cecf":"f.9714F2348D0A698B9780435C77649C65.d.6ECE8FCD9005B2667D0F3042FAE072A6.e.16997","ELEMENT":"f.9714F2348D0A698B9780435C77649C65.d.6ECE8FCD9005B2667D0F3042FAE072A6.e.16997"}]}
COMMAND: GET /session/d53f532480bfbfa72ae7ae5ef7ef8f5b/screenshot - {}
RESULT: {}
COMMAND: POST /session/d53f532480bfbfa72ae7ae5ef7ef8f5b/execute/sync - {"script":"<script> [56 bytes]","args":[{"element-6066-11e4-a52e-4f735466cecf":"f.9714F2348D0A698B9780435C77649C65.d.6ECE8FCD9005B2667D0F3042FAE072A6.e.16997","ELEMENT":"f.9714F2348D0A698B9780435C77649C65.d.6ECE8FCD9005B2667D0F3042FAE072A6.e.16997"}]}
RESULT: {"script":"<script> [56 bytes]","args":[{"element-6066-11e4-a52e-4f735466cecf":"f.9714F2348D0A698B9780435C77649C65.d.6ECE8FCD9005B2667D0F3042FAE072A6.e.16997","ELEMENT":"f.9714F2348D0A698B9780435C77649C65.d.6ECE8FCD9005B2667D0F3042FAE072A6.e.16997"}]}
COMMAND: GET /session/d53f532480bfbfa72ae7ae5ef7ef8f5b/screenshot - {}
RESULT: {}
COMMAND: POST /session/d53f532480bfbfa72ae7ae5ef7ef8f5b/execute/sync - {"script":"<script> [56 bytes]","args":[{"element-6066-11e4-a52e-4f735466cecf":"f.9714F2348D0A698B9780435C77649C65.d.6ECE8FCD9005B2667D0F3042FAE072A6.e.16997","ELEMENT":"f.9714F2348D0A698B9780435C77649C65.d.6ECE8FCD9005B2667D0F3042FAE072A6.e.16997"}]}
RESULT: {"script":"<script> [56 bytes]","args":[{"element-6066-11e4-a52e-4f735466cecf":"f.9714F2348D0A698B9780435C77649C65.d.6ECE8FCD9005B2667D0F3042FAE072A6.e.16997","ELEMENT":"f.9714F2348D0A698B9780435C77649C65.d.6ECE8FCD9005B2667D0F3042FAE072A6.e.16997"}]}
COMMAND: GET /session/d53f532480bfbfa72ae7ae5ef7ef8f5b/screenshot - {}
RESULT: {}
COMMAND: POST /session/d53f532480bfbfa72ae7ae5ef7ef8f5b/execute/sync - {"script":"<script> [56 bytes]","args":[{"element-6066-11e4-a52e-4f735466cecf":"f.9714F2348D0A698B9780435C77649C65.d.6ECE8FCD9005B2667D0F3042FAE072A6.e.16997","ELEMENT":"f.9714F2348D0A698B9780435C77649C65.d.6ECE8FCD9005B2667D0F3042FAE072A6.e.16997"}]}
RESULT: {"script":"<script> [56 bytes]","args":[{"element-6066-11e4-a52e-4f735466cecf":"f.9714F2348D0A698B9780435C77649C65.d.6ECE8FCD9005B2667D0F3042FAE072A6.e.16997","ELEMENT":"f.9714F2348D0A698B9780435C77649C65.d.6ECE8FCD9005B2667D0F3042FAE072A6.e.16997"}]}
COMMAND: GET /session/d53f532480bfbfa72ae7ae5ef7ef8f5b/screenshot - {}
RESULT: {}
COMMAND: POST /session/d53f532480bfbfa72ae7ae5ef7ef8f5b/execute/sync - {"script":"<script> [56 bytes]","args":[{"element-6066-11e4-a52e-4f735466cecf":"f.9714F2348D0A698B9780435C77649C65.d.6ECE8FCD9005B2667D0F3042FAE072A6.e.16997","ELEMENT":"f.9714F2348D0A698B9780435C77649C65.d.6ECE8FCD9005B2667D0F3042FAE072A6.e.16997"}]}
RESULT: {"script":"<script> [56 bytes]","args":[{"element-6066-11e4-a52e-4f735466cecf":"f.9714F2348D0A698B9780435C77649C65.d.6ECE8FCD9005B2667D0F3042FAE072A6.e.16997","ELEMENT":"f.9714F2348D0A698B9780435C77649C65.d.6ECE8FCD9005B2667D0F3042FAE072A6.e.16997"}]}
COMMAND: GET /session/d53f532480bfbfa72ae7ae5ef7ef8f5b/screenshot - {}
RESULT: {}
COMMAND: POST /session/d53f532480bfbfa72ae7ae5ef7ef8f5b/execute/sync - {"script":"<script> [56 bytes]","args":[{"element-6066-11e4-a52e-4f735466cecf":"f.9714F2348D0A698B9780435C77649C65.d.6ECE8FCD9005B2667D0F3042FAE072A6.e.16997","ELEMENT":"f.9714F2348D0A698B9780435C77649C65.d.6ECE8FCD9005B2667D0F3042FAE072A6.e.16997"}]}
RESULT: {"script":"<script> [56 bytes]","args":[{"element-6066-11e4-a52e-4f735466cecf":"f.9714F2348D0A698B9780435C77649C65.d.6ECE8FCD9005B2667D0F3042FAE072A6.e.16997","ELEMENT":"f.9714F2348D0A698B9780435C77649C65.d.6ECE8FCD9005B2667D0F3042FAE072A6.e.16997"}]}
COMMAND: GET /session/d53f532480bfbfa72ae7ae5ef7ef8f5b/screenshot - {}
RESULT: {}
COMMAND: POST /session/d53f532480bfbfa72ae7ae5ef7ef8f5b/execute/sync - {"script":"<script> [56 bytes]","args":[{"element-6066-11e4-a52e-4f735466cecf":"f.9714F2348D0A698B9780435C77649C65.d.6ECE8FCD9005B2667D0F3042FAE072A6.e.16997","ELEMENT":"f.9714F2348D0A698B9780435C77649C65.d.6ECE8FCD9005B2667D0F3042FAE072A6.e.16997"}]}
RESULT: {"script":"<script> [56 bytes]","args":[{"element-6066-11e4-a52e-4f735466cecf":"f.9714F2348D0A698B9780435C77649C65.d.6ECE8FCD9005B2667D0F3042FAE072A6.e.16997","ELEMENT":"f.9714F2348D0A698B9780435C77649C65.d.6ECE8FCD9005B2667D0F3042FAE072A6.e.16997"}]}
COMMAND: GET /session/d53f532480bfbfa72ae7ae5ef7ef8f5b/screenshot - {}
RESULT: {}
COMMAND: POST /session/d53f532480bfbfa72ae7ae5ef7ef8f5b/execute/sync - {"script":"<script> [56 bytes]","args":[{"element-6066-11e4-a52e-4f735466cecf":"f.9714F2348D0A698B9780435C77649C65.d.6ECE8FCD9005B2667D0F3042FAE072A6.e.16997","ELEMENT":"f.9714F2348D0A698B9780435C77649C65.d.6ECE8FCD9005B2667D0F3042FAE072A6.e.16997"}]}
RESULT: {"script":"<script> [56 bytes]","args":[{"element-6066-11e4-a52e-4f735466cecf":"f.9714F2348D0A698B9780435C77649C65.d.6ECE8FCD9005B2667D0F3042FAE072A6.e.16997","ELEMENT":"f.9714F2348D0A698B9780435C77649C65.d.6ECE8FCD9005B2667D0F3042FAE072A6.e.16997"}]}
COMMAND: GET /session/d53f532480bfbfa72ae7ae5ef7ef8f5b/screenshot - {}
RESULT: {}
COMMAND: POST /session/d53f532480bfbfa72ae7ae5ef7ef8f5b/execute/sync - {"script":"<script> [56 bytes]","args":[{"element-6066-11e4-a52e-4f735466cecf":"f.9714F2348D0A698B9780435C77649C65.d.6ECE8FCD9005B2667D0F3042FAE072A6.e.16997","ELEMENT":"f.9714F2348D0A698B9780435C77649C65.d.6ECE8FCD9005B2667D0F3042FAE072A6.e.16997"}]}
RESULT: {"script":"<script> [56 bytes]","args":[{"element-6066-11e4-a52e-4f735466cecf":"f.9714F2348D0A698B9780435C77649C65.d.6ECE8FCD9005B2667D0F3042FAE072A6.e.16997","ELEMENT":"f.9714F2348D0A698B9780435C77649C65.d.6ECE8FCD9005B2667D0F3042FAE072A6.e.16997"}]}
COMMAND: GET /session/d53f532480bfbfa72ae7ae5ef7ef8f5b/screenshot - {}
RESULT: {}
COMMAND: POST /session/d53f532480bfbfa72ae7ae5ef7ef8f5b/execute/sync - {"script":"<script> [56 bytes]","args":[{"element-6066-11e4-a52e-4f735466cecf":"f.9714F2348D0A698B9780435C77649C65.d.6ECE8FCD9005B2667D0F3042FAE072A6.e.16997","ELEMENT":"f.9714F2348D0A698B9780435C77649C65.d.6ECE8FCD9005B2667D0F3042FAE072A6.e.16997"}]}
RESULT: {"script":"<script> [56 bytes]","args":[{"element-6066-11e4-a52e-4f735466cecf":"f.9714F2348D0A698B9780435C77649C65.d.6ECE8FCD9005B2667D0F3042FAE072A6.e.16997","ELEMENT":"f.9714F2348D0A698B9780435C77649C65.d.6ECE8FCD9005B2667D0F3042FAE072A6.e.16997"}]}
COMMAND: GET /session/d53f532480bfbfa72ae7ae5ef7ef8f5b/screenshot - {}
RESULT: {}
COMMAND: POST /session/d53f532480bfbfa72ae7ae5ef7ef8f5b/execute/sync - {"script":"<script> [56 bytes]","args":[{"element-6066-11e4-a52e-4f735466cecf":"f.9714F2348D0A698B9780435C77649C65.d.6ECE8FCD9005B2667D0F3042FAE072A6.e.16997","ELEMENT":"f.9714F2348D0A698B9780435C77649C65.d.6ECE8FCD9005B2667D0F3042FAE072A6.e.16997"}]}
RESULT: {"script":"<script> [56 bytes]","args":[{"element-6066-11e4-a52e-4f735466cecf":"f.9714F2348D0A698B9780435C77649C65.d.6ECE8FCD9005B2667D0F3042FAE072A6.e.16997","ELEMENT":"f.9714F2348D0A698B9780435C77649C65.d.6ECE8FCD9005B2667D0F3042FAE072A6.e.16997"}]}
COMMAND: GET /session/d53f532480bfbfa72ae7ae5ef7ef8f5b/screenshot - {}
RESULT: {}
COMMAND: POST /session/d53f532480bfbfa72ae7ae5ef7ef8f5b/execute/sync - {"script":"<script> [56 bytes]","args":[{"element-6066-11e4-a52e-4f735466cecf":"f.9714F2348D0A698B9780435C77649C65.d.6ECE8FCD9005B2667D0F3042FAE072A6.e.16997","ELEMENT":"f.9714F2348D0A698B9780435C77649C65.d.6ECE8FCD9005B2667D0F3042FAE072A6.e.16997"}]}
RESULT: {"script":"<script> [56 bytes]","args":[{"element-6066-11e4-a52e-4f735466cecf":"f.9714F2348D0A698B9780435C77649C65.d.6ECE8FCD9005B2667D0F3042FAE072A6.e.16997","ELEMENT":"f.9714F2348D0A698B9780435C77649C65.d.6ECE8FCD9005B2667D0F3042FAE072A6.e.16997"}]}
COMMAND: GET /session/d53f532480bfbfa72ae7ae5ef7ef8f5b/screenshot - {}
RESULT: {}
COMMAND: POST /session/d53f532480bfbfa72ae7ae5ef7ef8f5b/execute/sync - {"script":"<script> [56 bytes]","args":[{"element-6066-11e4-a52e-4f735466cecf":"f.9714F2348D0A698B9780435C77649C65.d.6ECE8FCD9005B2667D0F3042FAE072A6.e.16997","ELEMENT":"f.9714F2348D0A698B9780435C77649C65.d.6ECE8FCD9005B2667D0F3042FAE072A6.e.16997"}]}
RESULT: {"script":"<script> [56 bytes]","args":[{"element-6066-11e4-a52e-4f735466cecf":"f.9714F2348D0A698B9780435C77649C65.d.6ECE8FCD9005B2667D0F3042FAE072A6.e.16997","ELEMENT":"f.9714F2348D0A698B9780435C77649C65.d.6ECE8FCD9005B2667D0F3042FAE072A6.e.16997"}]}
COMMAND: GET /session/d53f532480bfbfa72ae7ae5ef7ef8f5b/screenshot - {}
RESULT: {}
COMMAND: POST /session/d53f532480bfbfa72ae7ae5ef7ef8f5b/execute/sync - {"script":"<script> [56 bytes]","args":[{"element-6066-11e4-a52e-4f735466cecf":"f.9714F2348D0A698B9780435C77649C65.d.6ECE8FCD9005B2667D0F3042FAE072A6.e.16997","ELEMENT":"f.9714F2348D0A698B9780435C77649C65.d.6ECE8FCD9005B2667D0F3042FAE072A6.e.16997"}]}
RESULT: {"script":"<script> [56 bytes]","args":[{"element-6066-11e4-a52e-4f735466cecf":"f.9714F2348D0A698B9780435C77649C65.d.6ECE8FCD9005B2667D0F3042FAE072A6.e.16997","ELEMENT":"f.9714F2348D0A698B9780435C77649C65.d.6ECE8FCD9005B2667D0F3042FAE072A6.e.16997"}]}
COMMAND: GET /session/d53f532480bfbfa72ae7ae5ef7ef8f5b/screenshot - {}
RESULT: {}
COMMAND: POST /session/d53f532480bfbfa72ae7ae5ef7ef8f5b/execute/sync - {"script":"<script> [56 bytes]","args":[{"element-6066-11e4-a52e-4f735466cecf":"f.9714F2348D0A698B9780435C77649C65.d.6ECE8FCD9005B2667D0F3042FAE072A6.e.16997","ELEMENT":"f.9714F2348D0A698B9780435C77649C65.d.6ECE8FCD9005B2667D0F3042FAE072A6.e.16997"}]}
RESULT: {"script":"<script> [56 bytes]","args":[{"element-6066-11e4-a52e-4f735466cecf":"f.9714F2348D0A698B9780435C77649C65.d.6ECE8FCD9005B2667D0F3042FAE072A6.e.16997","ELEMENT":"f.9714F2348D0A698B9780435C77649C65.d.6ECE8FCD9005B2667D0F3042FAE072A6.e.16997"}]}
COMMAND: GET /session/d53f532480bfbfa72ae7ae5ef7ef8f5b/screenshot - {}
RESULT: {}
COMMAND: POST /session/d53f532480bfbfa72ae7ae5ef7ef8f5b/execute/sync - {"script":"<script> [56 bytes]","args":[{"element-6066-11e4-a52e-4f735466cecf":"f.9714F2348D0A698B9780435C77649C65.d.6ECE8FCD9005B2667D0F3042FAE072A6.e.16997","ELEMENT":"f.9714F2348D0A698B9780435C77649C65.d.6ECE8FCD9005B2667D0F3042FAE072A6.e.16997"}]}
RESULT: {"script":"<script> [56 bytes]","args":[{"element-6066-11e4-a52e-4f735466cecf":"f.9714F2348D0A698B9780435C77649C65.d.6ECE8FCD9005B2667D0F3042FAE072A6.e.16997","ELEMENT":"f.9714F2348D0A698B9780435C77649C65.d.6ECE8FCD9005B2667D0F3042FAE072A6.e.16997"}]}
COMMAND: POST /session/d53f532480bfbfa72ae7ae5ef7ef8f5b/element - {"using":"css selector","value":"#shell-header-logo"}
COMMAND: GET /session/d53f532480bfbfa72ae7ae5ef7ef8f5b/screenshot - {}
RESULT: {"using":"css selector","value":"#shell-header-logo"}
COMMAND: POST /session/d53f532480bfbfa72ae7ae5ef7ef8f5b/element/f.9714F2348D0A698B9780435C77649C65.d.6ECE8FCD9005B2667D0F3042FAE072A6.e.16848/click - {}
RESULT: {}
RESULT: {}
COMMAND: GET /session/d53f532480bfbfa72ae7ae5ef7ef8f5b/screenshot - {}
RESULT: {}
COMMAND: POST /session/d53f532480bfbfa72ae7ae5ef7ef8f5b/element - {"using":"css selector","value":"#j_username"}
COMMAND: POST /session/d53f532480bfbfa72ae7ae5ef7ef8f5b/url - {"url":"https://qa-testing-00-live-etm-ui.cfapps.eu10-004.hana.ondemand.com/"}
RESULT: {"using":"css selector","value":"#j_username"}
COMMAND: POST /session/d53f532480bfbfa72ae7ae5ef7ef8f5b/element - {"using":"css selector","value":"#j_username"}
RESULT: {"url":"https://qa-testing-00-live-etm-ui.cfapps.eu10-004.hana.ondemand.com/"}
RESULT: undefined
COMMAND: GET /session/d53f532480bfbfa72ae7ae5ef7ef8f5b/screenshot - {}
RESULT: {"using":"css selector","value":"#j_username"}
COMMAND: POST /session/d53f532480bfbfa72ae7ae5ef7ef8f5b/element - {"using":"css selector","value":"#shell-header-logo"}
RESULT: {}
RESULT: {"using":"css selector","value":"#shell-header-logo"}
COMMAND: POST /session/d53f532480bfbfa72ae7ae5ef7ef8f5b/execute/sync - {"script":"<script> [8489 bytes]","args":[{"element-6066-11e4-a52e-4f735466cecf":"f.9714F2348D0A698B9780435C77649C65.d.3A2628A23E594E599E6836CB681A8D24.e.17039","ELEMENT":"f.9714F2348D0A698B9780435C77649C65.d.3A2628A23E594E599E6836CB681A8D24.e.17039"}]}
RESULT: {"script":"<script> [8489 bytes]","args":[{"element-6066-11e4-a52e-4f735466cecf":"f.9714F2348D0A698B9780435C77649C65.d.3A2628A23E594E599E6836CB681A8D24.e.17039","ELEMENT":"f.9714F2348D0A698B9780435C77649C65.d.3A2628A23E594E599E6836CB681A8D24.e.17039"}]}
COMMAND: POST /session/d53f532480bfbfa72ae7ae5ef7ef8f5b/element - {"using":"css selector","value":"#shell-header-logo"}
COMMAND: GET /session/d53f532480bfbfa72ae7ae5ef7ef8f5b/screenshot - {}
RESULT: {"using":"css selector","value":"#shell-header-logo"}
COMMAND: POST /session/d53f532480bfbfa72ae7ae5ef7ef8f5b/execute/sync - {"script":"<script> [8489 bytes]","args":[{"element-6066-11e4-a52e-4f735466cecf":"f.9714F2348D0A698B9780435C77649C65.d.3A2628A23E594E599E6836CB681A8D24.e.17039","ELEMENT":"f.9714F2348D0A698B9780435C77649C65.d.3A2628A23E594E599E6836CB681A8D24.e.17039"}]}
RESULT: {}
RESULT: {"script":"<script> [8489 bytes]","args":[{"element-6066-11e4-a52e-4f735466cecf":"f.9714F2348D0A698B9780435C77649C65.d.3A2628A23E594E599E6836CB681A8D24.e.17039","ELEMENT":"f.9714F2348D0A698B9780435C77649C65.d.3A2628A23E594E599E6836CB681A8D24.e.17039"}]}
COMMAND: POST /session/d53f532480bfbfa72ae7ae5ef7ef8f5b/execute/sync - {"script":"<script> [5351 bytes]","args":[{"element-6066-11e4-a52e-4f735466cecf":"f.9714F2348D0A698B9780435C77649C65.d.3A2628A23E594E599E6836CB681A8D24.e.17039","ELEMENT":"f.9714F2348D0A698B9780435C77649C65.d.3A2628A23E594E599E6836CB681A8D24.e.17039"}]}
COMMAND: GET /session/d53f532480bfbfa72ae7ae5ef7ef8f5b/screenshot - {}
RESULT: {"script":"<script> [5351 bytes]","args":[{"element-6066-11e4-a52e-4f735466cecf":"f.9714F2348D0A698B9780435C77649C65.d.3A2628A23E594E599E6836CB681A8D24.e.17039","ELEMENT":"f.9714F2348D0A698B9780435C77649C65.d.3A2628A23E594E599E6836CB681A8D24.e.17039"}]}
COMMAND: POST /session/d53f532480bfbfa72ae7ae5ef7ef8f5b/element - {"using":"css selector","value":"#shell-header-logo"}
COMMAND: GET /session/d53f532480bfbfa72ae7ae5ef7ef8f5b/screenshot - {}
RESULT: {}
RESULT: {"using":"css selector","value":"#shell-header-logo"}
COMMAND: POST /session/d53f532480bfbfa72ae7ae5ef7ef8f5b/element/f.9714F2348D0A698B9780435C77649C65.d.3A2628A23E594E599E6836CB681A8D24.e.17039/click - {}
RESULT: {}
RESULT: {}
COMMAND: GET /session/d53f532480bfbfa72ae7ae5ef7ef8f5b/screenshot - {}
RESULT: {}
COMMAND: POST /session/d53f532480bfbfa72ae7ae5ef7ef8f5b/execute/async - {"script":"<script> [189 bytes]","args":[]}
RESULT: {"script":"<script> [189 bytes]","args":[]}
COMMAND: POST /session/d53f532480bfbfa72ae7ae5ef7ef8f5b/execute/async - {"script":"<script> [123 bytes]","args":[]}
RESULT: {"script":"<script> [123 bytes]","args":[]}
COMMAND: POST /session/d53f532480bfbfa72ae7ae5ef7ef8f5b/timeouts - {"script":"<number>"}
RESULT: {"script":"<number>"}
COMMAND: GET /session/d53f532480bfbfa72ae7ae5ef7ef8f5b/timeouts - {}
RESULT: {}
RESULT: undefined
COMMAND: POST /session/d53f532480bfbfa72ae7ae5ef7ef8f5b/execute/async - {"script":"<script> [2676 bytes]","args":[]}
RESULT: {"script":"<script> [2676 bytes]","args":[]}
COMMAND: POST /session/d53f532480bfbfa72ae7ae5ef7ef8f5b/execute/async - {"script":"<script> [2342 bytes]","args":[{"protocol":"http","hostname":"0.0.0.0","path":"/","capabilities":{"browserName":"chrome","goog:chromeOptions":{"binary":"C:\\Program Files\\Google\\Chrome\\Application\\chrome.exe","args":["--start-maximized"]}},"logLevel":"warn","connectionRetryTimeout":120000,"connectionRetryCount":3,"logLevels":{},"enableDirectConnect":true,"strictSSL":true,"_":"65 more keys: [\"cacheDir\",\"port\",\"requestedCapabilities\",\"automationProtocol\",\"baseUrl\",\"waitforInterval\",\"waitforTimeout\",\"onReload\",\"beforeCommand\",\"afterCommand\",\"rootDir\",\"specs\",\"suites\",\"exclude\",\"groupLogsByTestSpec\",\"excludeDriverLogs\",\"bail\",\"framework\",\"reporters\",\"services\",\"maxInstances\",\"maxInstancesPerCapability\",\"injectGlobals\",\"filesToWatch\",\"execArgv\",\"runnerEnv\",\"runner\",\"shard\",\"specFileRetries\",\"specFileRetriesDelay\",\"specFileRetriesDeferred\",\"reporterSyncInterval\",\"reporterSyncTimeout\",\"cucumberFeaturesWithLineNumbers\",\"autoCompileOpts\",\"mochaOpts\",\"jasmineOpts\",\"cucumberOpts\",\"onPrepare\",\"onWorkerStart\",\"onWorkerEnd\",\"before\",\"beforeSession\",\"beforeSuite\",\"beforeHook\",\"beforeTest\",\"afterTest\",\"afterHook\",\"afterSuite\",\"afterSession\",\"after\",\"onComplete\",\"beforeAssertion\",\"afterAssertion\",\"beforeFeature\",\"beforeScenario\",\"beforeStep\",\"afterStep\",\"afterScenario\",\"afterFeature\",\"_\",\"suite\",\"$0\",\"ignoredWorkerServices\",\"wdi5\"]"}]}
RESULT: {"script":"<script> [2342 bytes]","args":[{"protocol":"http","hostname":"0.0.0.0","path":"/","capabilities":{"browserName":"chrome","goog:chromeOptions":{"binary":"C:\\Program Files\\Google\\Chrome\\Application\\chrome.exe","args":["--start-maximized"]}},"logLevel":"warn","connectionRetryTimeout":120000,"connectionRetryCount":3,"logLevels":{},"enableDirectConnect":true,"strictSSL":true,"_":"65 more keys: [\"cacheDir\",\"port\",\"requestedCapabilities\",\"automationProtocol\",\"baseUrl\",\"waitforInterval\",\"waitforTimeout\",\"onReload\",\"beforeCommand\",\"afterCommand\",\"rootDir\",\"specs\",\"suites\",\"exclude\",\"groupLogsByTestSpec\",\"excludeDriverLogs\",\"bail\",\"framework\",\"reporters\",\"services\",\"maxInstances\",\"maxInstancesPerCapability\",\"injectGlobals\",\"filesToWatch\",\"execArgv\",\"runnerEnv\",\"runner\",\"shard\",\"specFileRetries\",\"specFileRetriesDelay\",\"specFileRetriesDeferred\",\"reporterSyncInterval\",\"reporterSyncTimeout\",\"cucumberFeaturesWithLineNumbers\",\"autoCompileOpts\",\"mochaOpts\",\"jasmineOpts\",\"cucumberOpts\",\"onPrepare\",\"onWorkerStart\",\"onWorkerEnd\",\"before\",\"beforeSession\",\"beforeSuite\",\"beforeHook\",\"beforeTest\",\"afterTest\",\"afterHook\",\"afterSuite\",\"afterSession\",\"after\",\"onComplete\",\"beforeAssertion\",\"afterAssertion\",\"beforeFeature\",\"beforeScenario\",\"beforeStep\",\"afterStep\",\"afterScenario\",\"afterFeature\",\"_\",\"suite\",\"$0\",\"ignoredWorkerServices\",\"wdi5\"]"}]}
COMMAND: POST /session/d53f532480bfbfa72ae7ae5ef7ef8f5b/execute/async - {"script":"<script> [21126 bytes]","args":[35000]}
RESULT: {"script":"<script> [21126 bytes]","args":[35000]}
COMMAND: POST /session/d53f532480bfbfa72ae7ae5ef7ef8f5b/window/maximize - {}
RESULT: {}
COMMAND: POST /session/d53f532480bfbfa72ae7ae5ef7ef8f5b/execute/async - {"script":"<script> [1562 bytes]","args":[{"selector":{"id":"shell-header","interaction":{"idSuffix":"icon"}},"wdio_ui5_key":"shellheader"}]}
COMMAND: GET /session/d53f532480bfbfa72ae7ae5ef7ef8f5b/screenshot - {}
RESULT: {"script":"<script> [1562 bytes]","args":[{"selector":{"id":"shell-header","interaction":{"idSuffix":"icon"}},"wdio_ui5_key":"shellheader"}]}
RESULT: undefined
COMMAND: POST /session/d53f532480bfbfa72ae7ae5ef7ef8f5b/refresh - {}
RESULT: {}
RESULT: {}
COMMAND: GET /session/d53f532480bfbfa72ae7ae5ef7ef8f5b/screenshot - {}
RESULT: {}
COMMAND: POST /session/d53f532480bfbfa72ae7ae5ef7ef8f5b/refresh - {}
RESULT: {}
COMMAND: GET /session/d53f532480bfbfa72ae7ae5ef7ef8f5b/screenshot - {}
RESULT: {}
COMMAND: POST /session/d53f532480bfbfa72ae7ae5ef7ef8f5b/window/fullscreen - {}
RESULT: {}
COMMAND: POST /session/d53f532480bfbfa72ae7ae5ef7ef8f5b/execute/async - {"script":"<script> [189 bytes]","args":[]}
RESULT: {"script":"<script> [189 bytes]","args":[]}
COMMAND: POST /session/d53f532480bfbfa72ae7ae5ef7ef8f5b/execute/async - {"script":"<script> [123 bytes]","args":[]}
RESULT: {"script":"<script> [123 bytes]","args":[]}
COMMAND: POST /session/d53f532480bfbfa72ae7ae5ef7ef8f5b/timeouts - {"script":"<number>"}
RESULT: {"script":"<number>"}
COMMAND: GET /session/d53f532480bfbfa72ae7ae5ef7ef8f5b/timeouts - {}
RESULT: {}
RESULT: undefined
COMMAND: POST /session/d53f532480bfbfa72ae7ae5ef7ef8f5b/execute/async - {"script":"<script> [2676 bytes]","args":[]}
RESULT: {"script":"<script> [2676 bytes]","args":[]}
COMMAND: POST /session/d53f532480bfbfa72ae7ae5ef7ef8f5b/execute/async - {"script":"<script> [2342 bytes]","args":[{"protocol":"http","hostname":"0.0.0.0","path":"/","capabilities":{"browserName":"chrome","goog:chromeOptions":{"binary":"C:\\Program Files\\Google\\Chrome\\Application\\chrome.exe","args":["--start-maximized"]}},"logLevel":"warn","connectionRetryTimeout":120000,"connectionRetryCount":3,"logLevels":{},"enableDirectConnect":true,"strictSSL":true,"_":"65 more keys: [\"cacheDir\",\"port\",\"requestedCapabilities\",\"automationProtocol\",\"baseUrl\",\"waitforInterval\",\"waitforTimeout\",\"onReload\",\"beforeCommand\",\"afterCommand\",\"rootDir\",\"specs\",\"suites\",\"exclude\",\"groupLogsByTestSpec\",\"excludeDriverLogs\",\"bail\",\"framework\",\"reporters\",\"services\",\"maxInstances\",\"maxInstancesPerCapability\",\"injectGlobals\",\"filesToWatch\",\"execArgv\",\"runnerEnv\",\"runner\",\"shard\",\"specFileRetries\",\"specFileRetriesDelay\",\"specFileRetriesDeferred\",\"reporterSyncInterval\",\"reporterSyncTimeout\",\"cucumberFeaturesWithLineNumbers\",\"autoCompileOpts\",\"mochaOpts\",\"jasmineOpts\",\"cucumberOpts\",\"onPrepare\",\"onWorkerStart\",\"onWorkerEnd\",\"before\",\"beforeSession\",\"beforeSuite\",\"beforeHook\",\"beforeTest\",\"afterTest\",\"afterHook\",\"afterSuite\",\"afterSession\",\"after\",\"onComplete\",\"beforeAssertion\",\"afterAssertion\",\"beforeFeature\",\"beforeScenario\",\"beforeStep\",\"afterStep\",\"afterScenario\",\"afterFeature\",\"_\",\"suite\",\"$0\",\"ignoredWorkerServices\",\"wdi5\"]"}]}
RESULT: {"script":"<script> [2342 bytes]","args":[{"protocol":"http","hostname":"0.0.0.0","path":"/","capabilities":{"browserName":"chrome","goog:chromeOptions":{"binary":"C:\\Program Files\\Google\\Chrome\\Application\\chrome.exe","args":["--start-maximized"]}},"logLevel":"warn","connectionRetryTimeout":120000,"connectionRetryCount":3,"logLevels":{},"enableDirectConnect":true,"strictSSL":true,"_":"65 more keys: [\"cacheDir\",\"port\",\"requestedCapabilities\",\"automationProtocol\",\"baseUrl\",\"waitforInterval\",\"waitforTimeout\",\"onReload\",\"beforeCommand\",\"afterCommand\",\"rootDir\",\"specs\",\"suites\",\"exclude\",\"groupLogsByTestSpec\",\"excludeDriverLogs\",\"bail\",\"framework\",\"reporters\",\"services\",\"maxInstances\",\"maxInstancesPerCapability\",\"injectGlobals\",\"filesToWatch\",\"execArgv\",\"runnerEnv\",\"runner\",\"shard\",\"specFileRetries\",\"specFileRetriesDelay\",\"specFileRetriesDeferred\",\"reporterSyncInterval\",\"reporterSyncTimeout\",\"cucumberFeaturesWithLineNumbers\",\"autoCompileOpts\",\"mochaOpts\",\"jasmineOpts\",\"cucumberOpts\",\"onPrepare\",\"onWorkerStart\",\"onWorkerEnd\",\"before\",\"beforeSession\",\"beforeSuite\",\"beforeHook\",\"beforeTest\",\"afterTest\",\"afterHook\",\"afterSuite\",\"afterSession\",\"after\",\"onComplete\",\"beforeAssertion\",\"afterAssertion\",\"beforeFeature\",\"beforeScenario\",\"beforeStep\",\"afterStep\",\"afterScenario\",\"afterFeature\",\"_\",\"suite\",\"$0\",\"ignoredWorkerServices\",\"wdi5\"]"}]}
COMMAND: POST /session/d53f532480bfbfa72ae7ae5ef7ef8f5b/execute/async - {"script":"<script> [21126 bytes]","args":[35000]}
RESULT: {"script":"<script> [21126 bytes]","args":[35000]}
]]></system-out>
    </testcase>
  </testsuite>
  <testsuite timestamp="2025-04-23T08:30:33" time="578.958" tests="12" failures="0" errors="0" skipped="0">
    <properties>
      <property name="specId" value="0"/>
      <property name="suiteName" value="Create Reverse Billing US127248"/>
      <property name="capabilities" value="chrome.135_0_7049_42.windows"/>
      <property name="file" value="file:///D:/a/1/s/test/specs/BTS/reverse-billing.spec.js"/>
    </properties>
    <testcase classname="chrome.135_0_7049_42.windows.Create_Reverse_Billing_US127248" name="Should create a new yard" time="0.133">
      <system-out><![CDATA[
COMMAND: POST /session/d53f532480bfbfa72ae7ae5ef7ef8f5b/window/fullscreen - {}
RESULT: {}
]]></system-out>
    </testcase>
    <testcase classname="chrome.135_0_7049_42.windows.Create_Reverse_Billing_US127248" name="Should create a new partner" time="0.005"/>
    <testcase classname="chrome.135_0_7049_42.windows.Create_Reverse_Billing_US127248" name="Should create a new site" time="0.004"/>
    <testcase classname="chrome.135_0_7049_42.windows.Create_Reverse_Billing_US127248" name="Should create a resource" time="113.776">
      <system-out><![CDATA[
COMMAND: POST /session/d53f532480bfbfa72ae7ae5ef7ef8f5b/execute/async - {"script":"<script> [1562 bytes]","args":[{"selector":{"controlType":"sap.m.GenericTile","properties":{"header":"Manage Resources"}},"wdio_ui5_key":"sapm.GenericTile{\"header\":\"Manage Resources\"}"}]}
RESULT: {"script":"<script> [1562 bytes]","args":[{"selector":{"controlType":"sap.m.GenericTile","properties":{"header":"Manage Resources"}},"wdio_ui5_key":"sapm.GenericTile{\"header\":\"Manage Resources\"}"}]}
RESULT: undefined
COMMAND: POST /session/d53f532480bfbfa72ae7ae5ef7ef8f5b/element - {"using":"xpath","value":"//*[@id=\"__tile39\"]"}
RESULT: {"using":"xpath","value":"//*[@id=\"__tile39\"]"}
COMMAND: POST /session/d53f532480bfbfa72ae7ae5ef7ef8f5b/element/f.9714F2348D0A698B9780435C77649C65.d.6E5155025AB262AFEDCBA338079AB551.e.17202/click - {}
RESULT: {}
COMMAND: POST /session/d53f532480bfbfa72ae7ae5ef7ef8f5b/element - {"using":"xpath","value":"//button[@data-kt=\"addNewRUOverflowToolbarButton\"]"}
COMMAND: GET /session/d53f532480bfbfa72ae7ae5ef7ef8f5b/screenshot - {}
RESULT: {"using":"xpath","value":"//button[@data-kt=\"addNewRUOverflowToolbarButton\"]"}
COMMAND: POST /session/d53f532480bfbfa72ae7ae5ef7ef8f5b/elements - {"using":"xpath","value":"//button[@data-kt=\"addNewRUOverflowToolbarButton\"]"}
RESULT: {}
RESULT: {"using":"xpath","value":"//button[@data-kt=\"addNewRUOverflowToolbarButton\"]"}
COMMAND: POST /session/d53f532480bfbfa72ae7ae5ef7ef8f5b/elements - {"using":"xpath","value":"//button[@data-kt=\"addNewRUOverflowToolbarButton\"]"}
RESULT: {"using":"xpath","value":"//button[@data-kt=\"addNewRUOverflowToolbarButton\"]"}
COMMAND: POST /session/d53f532480bfbfa72ae7ae5ef7ef8f5b/elements - {"using":"xpath","value":"//button[@data-kt=\"addNewRUOverflowToolbarButton\"]"}
RESULT: {"using":"xpath","value":"//button[@data-kt=\"addNewRUOverflowToolbarButton\"]"}
COMMAND: POST /session/d53f532480bfbfa72ae7ae5ef7ef8f5b/elements - {"using":"xpath","value":"//button[@data-kt=\"addNewRUOverflowToolbarButton\"]"}
RESULT: undefined
RESULT: undefined
RESULT: {"using":"xpath","value":"//button[@data-kt=\"addNewRUOverflowToolbarButton\"]"}
COMMAND: POST /session/d53f532480bfbfa72ae7ae5ef7ef8f5b/elements - {"using":"xpath","value":"//button[@data-kt=\"addNewRUOverflowToolbarButton\"]"}
RESULT: {"using":"xpath","value":"//button[@data-kt=\"addNewRUOverflowToolbarButton\"]"}
COMMAND: POST /session/d53f532480bfbfa72ae7ae5ef7ef8f5b/elements - {"using":"xpath","value":"//button[@data-kt=\"addNewRUOverflowToolbarButton\"]"}
RESULT: {"using":"xpath","value":"//button[@data-kt=\"addNewRUOverflowToolbarButton\"]"}
COMMAND: POST /session/d53f532480bfbfa72ae7ae5ef7ef8f5b/elements - {"using":"xpath","value":"//button[@data-kt=\"addNewRUOverflowToolbarButton\"]"}
RESULT: {"using":"xpath","value":"//button[@data-kt=\"addNewRUOverflowToolbarButton\"]"}
COMMAND: POST /session/d53f532480bfbfa72ae7ae5ef7ef8f5b/elements - {"using":"xpath","value":"//button[@data-kt=\"addNewRUOverflowToolbarButton\"]"}
RESULT: {"using":"xpath","value":"//button[@data-kt=\"addNewRUOverflowToolbarButton\"]"}
COMMAND: POST /session/d53f532480bfbfa72ae7ae5ef7ef8f5b/elements - {"using":"xpath","value":"//button[@data-kt=\"addNewRUOverflowToolbarButton\"]"}
RESULT: {"using":"xpath","value":"//button[@data-kt=\"addNewRUOverflowToolbarButton\"]"}
COMMAND: POST /session/d53f532480bfbfa72ae7ae5ef7ef8f5b/elements - {"using":"xpath","value":"//button[@data-kt=\"addNewRUOverflowToolbarButton\"]"}
RESULT: {"using":"xpath","value":"//button[@data-kt=\"addNewRUOverflowToolbarButton\"]"}
COMMAND: POST /session/d53f532480bfbfa72ae7ae5ef7ef8f5b/elements - {"using":"xpath","value":"//button[@data-kt=\"addNewRUOverflowToolbarButton\"]"}
RESULT: {"using":"xpath","value":"//button[@data-kt=\"addNewRUOverflowToolbarButton\"]"}
COMMAND: POST /session/d53f532480bfbfa72ae7ae5ef7ef8f5b/elements - {"using":"xpath","value":"//button[@data-kt=\"addNewRUOverflowToolbarButton\"]"}
RESULT: {"using":"xpath","value":"//button[@data-kt=\"addNewRUOverflowToolbarButton\"]"}
COMMAND: POST /session/d53f532480bfbfa72ae7ae5ef7ef8f5b/elements - {"using":"xpath","value":"//button[@data-kt=\"addNewRUOverflowToolbarButton\"]"}
RESULT: {"using":"xpath","value":"//button[@data-kt=\"addNewRUOverflowToolbarButton\"]"}
COMMAND: POST /session/d53f532480bfbfa72ae7ae5ef7ef8f5b/elements - {"using":"xpath","value":"//button[@data-kt=\"addNewRUOverflowToolbarButton\"]"}
RESULT: {"using":"xpath","value":"//button[@data-kt=\"addNewRUOverflowToolbarButton\"]"}
COMMAND: POST /session/d53f532480bfbfa72ae7ae5ef7ef8f5b/element - {"using":"xpath","value":"//button[@data-kt=\"addNewRUOverflowToolbarButton\"]"}
RESULT: {"using":"xpath","value":"//button[@data-kt=\"addNewRUOverflowToolbarButton\"]"}
COMMAND: POST /session/d53f532480bfbfa72ae7ae5ef7ef8f5b/execute/sync - {"script":"<script> [8489 bytes]","args":[{"element-6066-11e4-a52e-4f735466cecf":"f.9714F2348D0A698B9780435C77649C65.d.6E5155025AB262AFEDCBA338079AB551.e.17338","ELEMENT":"f.9714F2348D0A698B9780435C77649C65.d.6E5155025AB262AFEDCBA338079AB551.e.17338"}]}
RESULT: {"script":"<script> [8489 bytes]","args":[{"element-6066-11e4-a52e-4f735466cecf":"f.9714F2348D0A698B9780435C77649C65.d.6E5155025AB262AFEDCBA338079AB551.e.17338","ELEMENT":"f.9714F2348D0A698B9780435C77649C65.d.6E5155025AB262AFEDCBA338079AB551.e.17338"}]}
COMMAND: GET /session/d53f532480bfbfa72ae7ae5ef7ef8f5b/element/f.9714F2348D0A698B9780435C77649C65.d.6E5155025AB262AFEDCBA338079AB551.e.17338/enabled - {}
COMMAND: GET /session/d53f532480bfbfa72ae7ae5ef7ef8f5b/screenshot - {}
RESULT: {}
COMMAND: POST /session/d53f532480bfbfa72ae7ae5ef7ef8f5b/execute/sync - {"script":"<script> [8489 bytes]","args":[{"element-6066-11e4-a52e-4f735466cecf":"f.9714F2348D0A698B9780435C77649C65.d.6E5155025AB262AFEDCBA338079AB551.e.17338","ELEMENT":"f.9714F2348D0A698B9780435C77649C65.d.6E5155025AB262AFEDCBA338079AB551.e.17338"}]}
COMMAND: GET /session/d53f532480bfbfa72ae7ae5ef7ef8f5b/screenshot - {}
RESULT: {}
RESULT: {"script":"<script> [8489 bytes]","args":[{"element-6066-11e4-a52e-4f735466cecf":"f.9714F2348D0A698B9780435C77649C65.d.6E5155025AB262AFEDCBA338079AB551.e.17338","ELEMENT":"f.9714F2348D0A698B9780435C77649C65.d.6E5155025AB262AFEDCBA338079AB551.e.17338"}]}
COMMAND: POST /session/d53f532480bfbfa72ae7ae5ef7ef8f5b/execute/sync - {"script":"<script> [5351 bytes]","args":[{"element-6066-11e4-a52e-4f735466cecf":"f.9714F2348D0A698B9780435C77649C65.d.6E5155025AB262AFEDCBA338079AB551.e.17338","ELEMENT":"f.9714F2348D0A698B9780435C77649C65.d.6E5155025AB262AFEDCBA338079AB551.e.17338"}]}
RESULT: {}
COMMAND: GET /session/d53f532480bfbfa72ae7ae5ef7ef8f5b/screenshot - {}
RESULT: {"script":"<script> [5351 bytes]","args":[{"element-6066-11e4-a52e-4f735466cecf":"f.9714F2348D0A698B9780435C77649C65.d.6E5155025AB262AFEDCBA338079AB551.e.17338","ELEMENT":"f.9714F2348D0A698B9780435C77649C65.d.6E5155025AB262AFEDCBA338079AB551.e.17338"}]}
COMMAND: POST /session/d53f532480bfbfa72ae7ae5ef7ef8f5b/element/f.9714F2348D0A698B9780435C77649C65.d.6E5155025AB262AFEDCBA338079AB551.e.17338/click - {}
COMMAND: GET /session/d53f532480bfbfa72ae7ae5ef7ef8f5b/screenshot - {}
RESULT: {}
RESULT: {}
COMMAND: GET /session/d53f532480bfbfa72ae7ae5ef7ef8f5b/screenshot - {}
RESULT: {}
COMMAND: POST /session/d53f532480bfbfa72ae7ae5ef7ef8f5b/execute/async - {"script":"<script> [1562 bytes]","args":[{"selector":{"id":"application-manageresources-display-component---newResourceUnit--TYPE-arrow"},"wdio_ui5_key":"applicationmanageresources-display-component---newResourceUnit--TYPE-arrow"}]}
RESULT: {}
RESULT: {"script":"<script> [1562 bytes]","args":[{"selector":{"id":"application-manageresources-display-component---newResourceUnit--TYPE-arrow"},"wdio_ui5_key":"applicationmanageresources-display-component---newResourceUnit--TYPE-arrow"}]}
RESULT: undefined
COMMAND: POST /session/d53f532480bfbfa72ae7ae5ef7ef8f5b/element - {"using":"xpath","value":"//*[@id=\"application-manageresources-display-component---newResourceUnit--TYPE-arrow\"]"}
RESULT: {"using":"xpath","value":"//*[@id=\"application-manageresources-display-component---newResourceUnit--TYPE-arrow\"]"}
COMMAND: POST /session/d53f532480bfbfa72ae7ae5ef7ef8f5b/element/f.9714F2348D0A698B9780435C77649C65.d.6E5155025AB262AFEDCBA338079AB551.e.17700/click - {}
RESULT: {}
COMMAND: POST /session/d53f532480bfbfa72ae7ae5ef7ef8f5b/element - {"using":"xpath","value":"//input[@id=\"application-manageresources-display-component---newResourceUnit--TYPE-inner\"]"}
COMMAND: GET /session/d53f532480bfbfa72ae7ae5ef7ef8f5b/screenshot - {}
RESULT: {"using":"xpath","value":"//input[@id=\"application-manageresources-display-component---newResourceUnit--TYPE-inner\"]"}
COMMAND: POST /session/d53f532480bfbfa72ae7ae5ef7ef8f5b/element/f.9714F2348D0A698B9780435C77649C65.d.6E5155025AB262AFEDCBA338079AB551.e.17693/clear - {}
RESULT: {}
RESULT: {}
COMMAND: POST /session/d53f532480bfbfa72ae7ae5ef7ef8f5b/element/f.9714F2348D0A698B9780435C77649C65.d.6E5155025AB262AFEDCBA338079AB551.e.17693/value - {"text":"Equipment"}
COMMAND: GET /session/d53f532480bfbfa72ae7ae5ef7ef8f5b/screenshot - {}
RESULT: {"text":"Equipment"}
COMMAND: GET /session/d53f532480bfbfa72ae7ae5ef7ef8f5b/screenshot - {}
RESULT: {}
RESULT: {}
COMMAND: POST /session/d53f532480bfbfa72ae7ae5ef7ef8f5b/actions - {"actions":[{"id":"action57","type":"key","parameters":{},"actions":[{"type":"keyDown","value":""},{"type":"pause","duration":10},{"type":"keyUp","value":""}]}]}
RESULT: {"actions":[{"id":"action57","type":"key","parameters":{},"actions":[{"type":"keyDown","value":""},{"type":"pause","duration":10},{"type":"keyUp","value":""}]}]}
COMMAND: POST /session/d53f532480bfbfa72ae7ae5ef7ef8f5b/execute/async - {"script":"<script> [1562 bytes]","args":[{"selector":{"id":"application-manageresources-display-component---newResourceUnit--resourceId","interaction":{"idSuffix":"inner"}},"wdio_ui5_key":"applicationmanageresources-display-component---newResourceUnit--resourceId"}]}
COMMAND: GET /session/d53f532480bfbfa72ae7ae5ef7ef8f5b/screenshot - {}
RESULT: {"script":"<script> [1562 bytes]","args":[{"selector":{"id":"application-manageresources-display-component---newResourceUnit--resourceId","interaction":{"idSuffix":"inner"}},"wdio_ui5_key":"applicationmanageresources-display-component---newResourceUnit--resourceId"}]}
RESULT: undefined
COMMAND: POST /session/d53f532480bfbfa72ae7ae5ef7ef8f5b/execute/async - {"script":"<script> [776 bytes]","args":[{"enterText":"tUHXqrSj9m","selector":{"id":"application-manageresources-display-component---newResourceUnit--resourceId","interaction":{"idSuffix":"inner"}},"clearTextFirst":true,"interactionType":"ENTER_TEXT"}]}
RESULT: {}
RESULT: {"script":"<script> [776 bytes]","args":[{"enterText":"tUHXqrSj9m","selector":{"id":"application-manageresources-display-component---newResourceUnit--resourceId","interaction":{"idSuffix":"inner"}},"clearTextFirst":true,"interactionType":"ENTER_TEXT"}]}
COMMAND: POST /session/d53f532480bfbfa72ae7ae5ef7ef8f5b/execute/async - {"script":"<script> [1562 bytes]","args":[{"selector":{"id":"application-manageresources-display-component---newResourceUnit--SHORT_TEXT","interaction":{"idSuffix":"inner"}},"wdio_ui5_key":"applicationmanageresources-display-component---newResourceUnit--SHORT_TEXT"}]}
RESULT: {"script":"<script> [1562 bytes]","args":[{"selector":{"id":"application-manageresources-display-component---newResourceUnit--SHORT_TEXT","interaction":{"idSuffix":"inner"}},"wdio_ui5_key":"applicationmanageresources-display-component---newResourceUnit--SHORT_TEXT"}]}
RESULT: undefined
COMMAND: POST /session/d53f532480bfbfa72ae7ae5ef7ef8f5b/execute/async - {"script":"<script> [776 bytes]","args":[{"enterText":"Intercompany Equipment WDIO","selector":{"id":"application-manageresources-display-component---newResourceUnit--SHORT_TEXT","interaction":{"idSuffix":"inner"}},"clearTextFirst":true,"interactionType":"ENTER_TEXT"}]}
RESULT: {"script":"<script> [776 bytes]","args":[{"enterText":"Intercompany Equipment WDIO","selector":{"id":"application-manageresources-display-component---newResourceUnit--SHORT_TEXT","interaction":{"idSuffix":"inner"}},"clearTextFirst":true,"interactionType":"ENTER_TEXT"}]}
COMMAND: POST /session/d53f532480bfbfa72ae7ae5ef7ef8f5b/execute/async - {"script":"<script> [1562 bytes]","args":[{"selector":{"id":"application-manageresources-display-component---newResourceUnit--BASE_UNIT_OF_MEASURE","interaction":{"idSuffix":"inner"}},"wdio_ui5_key":"applicationmanageresources-display-component---newResourceUnit--BASE_UNIT_OF_MEASURE"}]}
RESULT: {"script":"<script> [1562 bytes]","args":[{"selector":{"id":"application-manageresources-display-component---newResourceUnit--BASE_UNIT_OF_MEASURE","interaction":{"idSuffix":"inner"}},"wdio_ui5_key":"applicationmanageresources-display-component---newResourceUnit--BASE_UNIT_OF_MEASURE"}]}
RESULT: undefined
COMMAND: POST /session/d53f532480bfbfa72ae7ae5ef7ef8f5b/execute/async - {"script":"<script> [776 bytes]","args":[{"enterText":"Piece","selector":{"id":"application-manageresources-display-component---newResourceUnit--BASE_UNIT_OF_MEASURE","interaction":{"idSuffix":"inner"}},"clearTextFirst":true,"interactionType":"ENTER_TEXT"}]}
RESULT: {"script":"<script> [776 bytes]","args":[{"enterText":"Piece","selector":{"id":"application-manageresources-display-component---newResourceUnit--BASE_UNIT_OF_MEASURE","interaction":{"idSuffix":"inner"}},"clearTextFirst":true,"interactionType":"ENTER_TEXT"}]}
COMMAND: POST /session/d53f532480bfbfa72ae7ae5ef7ef8f5b/execute/async - {"script":"<script> [1562 bytes]","args":[{"selector":{"id":"application-manageresources-display-component---newResourceUnit--WEIGHT_UNIT","interaction":{"idSuffix":"inner"}},"wdio_ui5_key":"applicationmanageresources-display-component---newResourceUnit--WEIGHT_UNIT"}]}
RESULT: {"script":"<script> [1562 bytes]","args":[{"selector":{"id":"application-manageresources-display-component---newResourceUnit--WEIGHT_UNIT","interaction":{"idSuffix":"inner"}},"wdio_ui5_key":"applicationmanageresources-display-component---newResourceUnit--WEIGHT_UNIT"}]}
RESULT: undefined
COMMAND: POST /session/d53f532480bfbfa72ae7ae5ef7ef8f5b/execute/async - {"script":"<script> [776 bytes]","args":[{"enterText":"Gram","selector":{"id":"application-manageresources-display-component---newResourceUnit--WEIGHT_UNIT","interaction":{"idSuffix":"inner"}},"clearTextFirst":true,"interactionType":"ENTER_TEXT"}]}
RESULT: {"script":"<script> [776 bytes]","args":[{"enterText":"Gram","selector":{"id":"application-manageresources-display-component---newResourceUnit--WEIGHT_UNIT","interaction":{"idSuffix":"inner"}},"clearTextFirst":true,"interactionType":"ENTER_TEXT"}]}
COMMAND: POST /session/d53f532480bfbfa72ae7ae5ef7ef8f5b/execute/async - {"script":"<script> [1562 bytes]","args":[{"selector":{"id":"application-manageresources-display-component---newResourceUnit--DIMENSION_UNIT","interaction":{"idSuffix":"inner"}},"wdio_ui5_key":"applicationmanageresources-display-component---newResourceUnit--DIMENSION_UNIT"}]}
RESULT: {"script":"<script> [1562 bytes]","args":[{"selector":{"id":"application-manageresources-display-component---newResourceUnit--DIMENSION_UNIT","interaction":{"idSuffix":"inner"}},"wdio_ui5_key":"applicationmanageresources-display-component---newResourceUnit--DIMENSION_UNIT"}]}
RESULT: undefined
COMMAND: POST /session/d53f532480bfbfa72ae7ae5ef7ef8f5b/execute/async - {"script":"<script> [776 bytes]","args":[{"enterText":"Meter","selector":{"id":"application-manageresources-display-component---newResourceUnit--DIMENSION_UNIT","interaction":{"idSuffix":"inner"}},"clearTextFirst":true,"interactionType":"ENTER_TEXT"}]}
RESULT: {"script":"<script> [776 bytes]","args":[{"enterText":"Meter","selector":{"id":"application-manageresources-display-component---newResourceUnit--DIMENSION_UNIT","interaction":{"idSuffix":"inner"}},"clearTextFirst":true,"interactionType":"ENTER_TEXT"}]}
COMMAND: POST /session/d53f532480bfbfa72ae7ae5ef7ef8f5b/execute/async - {"script":"<script> [1562 bytes]","args":[{"selector":{"id":"application-manageresources-display-component---newResourceUnit--newRRUPage-anchBar-application-manageresources-display-component---newResourceUnit--control-anchor","interaction":{"idSuffix":"BDI-content"}},"wdio_ui5_key":"applicationmanageresources-display-component---newResourceUnit--newRRUPage-anchBar-application-manageresources-display-component---newResourceUnit--control-anchor"}]}
RESULT: {"script":"<script> [1562 bytes]","args":[{"selector":{"id":"application-manageresources-display-component---newResourceUnit--newRRUPage-anchBar-application-manageresources-display-component---newResourceUnit--control-anchor","interaction":{"idSuffix":"BDI-content"}},"wdio_ui5_key":"applicationmanageresources-display-component---newResourceUnit--newRRUPage-anchBar-application-manageresources-display-component---newResourceUnit--control-anchor"}]}
RESULT: undefined
COMMAND: POST /session/d53f532480bfbfa72ae7ae5ef7ef8f5b/element - {"using":"xpath","value":"//*[@id=\"application-manageresources-display-component---newResourceUnit--newRRUPage-anchBar-application-manageresources-display-component---newResourceUnit--control-anchor\"]"}
RESULT: {"using":"xpath","value":"//*[@id=\"application-manageresources-display-component---newResourceUnit--newRRUPage-anchBar-application-manageresources-display-component---newResourceUnit--control-anchor\"]"}
COMMAND: POST /session/d53f532480bfbfa72ae7ae5ef7ef8f5b/element/f.9714F2348D0A698B9780435C77649C65.d.6E5155025AB262AFEDCBA338079AB551.e.17833/click - {}
RESULT: {}
COMMAND: POST /session/d53f532480bfbfa72ae7ae5ef7ef8f5b/execute/async - {"script":"<script> [1562 bytes]","args":[{"selector":{"id":"application-manageresources-display-component---newResourceUnit--PLANNING_GROUP","interaction":{"idSuffix":"inner"}},"wdio_ui5_key":"applicationmanageresources-display-component---newResourceUnit--PLANNING_GROUP"}]}
COMMAND: GET /session/d53f532480bfbfa72ae7ae5ef7ef8f5b/screenshot - {}
RESULT: {"script":"<script> [1562 bytes]","args":[{"selector":{"id":"application-manageresources-display-component---newResourceUnit--PLANNING_GROUP","interaction":{"idSuffix":"inner"}},"wdio_ui5_key":"applicationmanageresources-display-component---newResourceUnit--PLANNING_GROUP"}]}
RESULT: undefined
COMMAND: POST /session/d53f532480bfbfa72ae7ae5ef7ef8f5b/execute/async - {"script":"<script> [776 bytes]","args":[{"enterText":"Heavy Equi","selector":{"id":"application-manageresources-display-component---newResourceUnit--PLANNING_GROUP","interaction":{"idSuffix":"inner"}},"clearTextFirst":true,"interactionType":"ENTER_TEXT"}]}
RESULT: {}
RESULT: {"script":"<script> [776 bytes]","args":[{"enterText":"Heavy Equi","selector":{"id":"application-manageresources-display-component---newResourceUnit--PLANNING_GROUP","interaction":{"idSuffix":"inner"}},"clearTextFirst":true,"interactionType":"ENTER_TEXT"}]}
COMMAND: POST /session/d53f532480bfbfa72ae7ae5ef7ef8f5b/execute/async - {"script":"<script> [1562 bytes]","args":[{"selector":{"id":"application-manageresources-display-component---newResourceUnit--ITEM_TYPE-arrow"},"wdio_ui5_key":"applicationmanageresources-display-component---newResourceUnit--ITEM_TYPE-arrow"}]}
RESULT: {"script":"<script> [1562 bytes]","args":[{"selector":{"id":"application-manageresources-display-component---newResourceUnit--ITEM_TYPE-arrow"},"wdio_ui5_key":"applicationmanageresources-display-component---newResourceUnit--ITEM_TYPE-arrow"}]}
RESULT: undefined
COMMAND: POST /session/d53f532480bfbfa72ae7ae5ef7ef8f5b/element - {"using":"xpath","value":"//*[@id=\"application-manageresources-display-component---newResourceUnit--ITEM_TYPE-arrow\"]"}
RESULT: {"using":"xpath","value":"//*[@id=\"application-manageresources-display-component---newResourceUnit--ITEM_TYPE-arrow\"]"}
COMMAND: POST /session/d53f532480bfbfa72ae7ae5ef7ef8f5b/element/f.9714F2348D0A698B9780435C77649C65.d.6E5155025AB262AFEDCBA338079AB551.e.17842/click - {}
RESULT: {}
COMMAND: POST /session/d53f532480bfbfa72ae7ae5ef7ef8f5b/element - {"using":"xpath","value":"(//span[contains(text(), \"Resource Unit\")])[2]"}
COMMAND: GET /session/d53f532480bfbfa72ae7ae5ef7ef8f5b/screenshot - {}
RESULT: {"using":"xpath","value":"(//span[contains(text(), \"Resource Unit\")])[2]"}
COMMAND: POST /session/d53f532480bfbfa72ae7ae5ef7ef8f5b/element/f.9714F2348D0A698B9780435C77649C65.d.6E5155025AB262AFEDCBA338079AB551.e.17843/click - {}
RESULT: {}
RESULT: {}
COMMAND: GET /session/d53f532480bfbfa72ae7ae5ef7ef8f5b/screenshot - {}
RESULT: {}
COMMAND: POST /session/d53f532480bfbfa72ae7ae5ef7ef8f5b/element - {"using":"css selector","value":"#application-manageresources-display-component---newResourceUnit--btnAddTimeSegment"}
RESULT: {"using":"css selector","value":"#application-manageresources-display-component---newResourceUnit--btnAddTimeSegment"}
COMMAND: GET /session/d53f532480bfbfa72ae7ae5ef7ef8f5b/element/f.9714F2348D0A698B9780435C77649C65.d.6E5155025AB262AFEDCBA338079AB551.e.17844/rect - {}
RESULT: {}
COMMAND: GET /session/d53f532480bfbfa72ae7ae5ef7ef8f5b/window/rect - {}
RESULT: {}
COMMAND: POST /session/d53f532480bfbfa72ae7ae5ef7ef8f5b/execute/sync - {"script":"<script> [92 bytes]","args":[]}
RESULT: {"script":"<script> [92 bytes]","args":[]}
COMMAND: POST /session/d53f532480bfbfa72ae7ae5ef7ef8f5b/actions - {"actions":[{"id":"action58","type":"wheel","parameters":{},"actions":[{"type":"scroll","x":-1888,"y":-32,"deltaX":0,"deltaY":0,"duration":0,"origin":{"element-6066-11e4-a52e-4f735466cecf":"f.9714F2348D0A698B9780435C77649C65.d.6E5155025AB262AFEDCBA338079AB551.e.17844"}}]}]}
COMMAND: GET /session/d53f532480bfbfa72ae7ae5ef7ef8f5b/screenshot - {}
RESULT: {}
COMMAND: POST /session/d53f532480bfbfa72ae7ae5ef7ef8f5b/execute/sync - {"script":"<script> [79 bytes]","args":[{"element-6066-11e4-a52e-4f735466cecf":"f.9714F2348D0A698B9780435C77649C65.d.6E5155025AB262AFEDCBA338079AB551.e.17844","ELEMENT":"f.9714F2348D0A698B9780435C77649C65.d.6E5155025AB262AFEDCBA338079AB551.e.17844"},{"block":"start","inline":"nearest"}]}
RESULT: {"script":"<script> [79 bytes]","args":[{"element-6066-11e4-a52e-4f735466cecf":"f.9714F2348D0A698B9780435C77649C65.d.6E5155025AB262AFEDCBA338079AB551.e.17844","ELEMENT":"f.9714F2348D0A698B9780435C77649C65.d.6E5155025AB262AFEDCBA338079AB551.e.17844"},{"block":"start","inline":"nearest"}]}
COMMAND: POST /session/d53f532480bfbfa72ae7ae5ef7ef8f5b/execute/async - {"script":"<script> [1562 bytes]","args":[{"selector":{"id":"application-manageresources-display-component---newResourceUnit--btnAddTimeSegment","interaction":{"idSuffix":"inner"}},"wdio_ui5_key":"applicationmanageresources-display-component---newResourceUnit--btnAddTimeSegment"}]}
COMMAND: GET /session/d53f532480bfbfa72ae7ae5ef7ef8f5b/screenshot - {}
RESULT: {"script":"<script> [1562 bytes]","args":[{"selector":{"id":"application-manageresources-display-component---newResourceUnit--btnAddTimeSegment","interaction":{"idSuffix":"inner"}},"wdio_ui5_key":"applicationmanageresources-display-component---newResourceUnit--btnAddTimeSegment"}]}
RESULT: undefined
COMMAND: POST /session/d53f532480bfbfa72ae7ae5ef7ef8f5b/element - {"using":"xpath","value":"//*[@id=\"application-manageresources-display-component---newResourceUnit--btnAddTimeSegment\"]"}
RESULT: {}
RESULT: {"using":"xpath","value":"//*[@id=\"application-manageresources-display-component---newResourceUnit--btnAddTimeSegment\"]"}
COMMAND: POST /session/d53f532480bfbfa72ae7ae5ef7ef8f5b/element/f.9714F2348D0A698B9780435C77649C65.d.6E5155025AB262AFEDCBA338079AB551.e.17844/click - {}
RESULT: {}
COMMAND: GET /session/d53f532480bfbfa72ae7ae5ef7ef8f5b/screenshot - {}
RESULT: {}
COMMAND: POST /session/d53f532480bfbfa72ae7ae5ef7ef8f5b/element - {"using":"xpath","value":"//input[@id=\"application-manageresources-display-component---newResourceUnit--idRuTSAdmin-application-manageresources-display-component---newResourceUnit--RUTimeSegment-0-inner\"]"}
RESULT: {"using":"xpath","value":"//input[@id=\"application-manageresources-display-component---newResourceUnit--idRuTSAdmin-application-manageresources-display-component---newResourceUnit--RUTimeSegment-0-inner\"]"}
COMMAND: POST /session/d53f532480bfbfa72ae7ae5ef7ef8f5b/element/f.9714F2348D0A698B9780435C77649C65.d.6E5155025AB262AFEDCBA338079AB551.e.17850/clear - {}
RESULT: {}
COMMAND: POST /session/d53f532480bfbfa72ae7ae5ef7ef8f5b/element/f.9714F2348D0A698B9780435C77649C65.d.6E5155025AB262AFEDCBA338079AB551.e.17850/value - {"text":"713"}
COMMAND: GET /session/d53f532480bfbfa72ae7ae5ef7ef8f5b/screenshot - {}
RESULT: {"text":"713"}
COMMAND: GET /session/d53f532480bfbfa72ae7ae5ef7ef8f5b/screenshot - {}
RESULT: {}
RESULT: {}
COMMAND: POST /session/d53f532480bfbfa72ae7ae5ef7ef8f5b/element - {"using":"xpath","value":"//li[.//span[text()='713']]"}
RESULT: {"using":"xpath","value":"//li[.//span[text()='713']]"}
COMMAND: POST /session/d53f532480bfbfa72ae7ae5ef7ef8f5b/element/f.9714F2348D0A698B9780435C77649C65.d.6E5155025AB262AFEDCBA338079AB551.e.17862/click - {}
RESULT: {}
COMMAND: GET /session/d53f532480bfbfa72ae7ae5ef7ef8f5b/screenshot - {}
RESULT: {}
COMMAND: POST /session/d53f532480bfbfa72ae7ae5ef7ef8f5b/element - {"using":"xpath","value":"(//span[contains(@id, \"-application-manageresources-display-component---newResourceUnit--RUTimeSegment-0-arrow\")])[6]"}
RESULT: {"using":"xpath","value":"(//span[contains(@id, \"-application-manageresources-display-component---newResourceUnit--RUTimeSegment-0-arrow\")])[6]"}
COMMAND: POST /session/d53f532480bfbfa72ae7ae5ef7ef8f5b/element/f.9714F2348D0A698B9780435C77649C65.d.6E5155025AB262AFEDCBA338079AB551.e.17863/click - {}
RESULT: {}
COMMAND: POST /session/d53f532480bfbfa72ae7ae5ef7ef8f5b/element - {"using":"xpath","value":"//span[contains(text(), \"PM Order\")]"}
COMMAND: GET /session/d53f532480bfbfa72ae7ae5ef7ef8f5b/screenshot - {}
RESULT: {"using":"xpath","value":"//span[contains(text(), \"PM Order\")]"}
COMMAND: POST /session/d53f532480bfbfa72ae7ae5ef7ef8f5b/element/f.9714F2348D0A698B9780435C77649C65.d.6E5155025AB262AFEDCBA338079AB551.e.17866/click - {}
RESULT: {}
RESULT: {}
COMMAND: GET /session/d53f532480bfbfa72ae7ae5ef7ef8f5b/screenshot - {}
RESULT: {}
COMMAND: POST /session/d53f532480bfbfa72ae7ae5ef7ef8f5b/element - {"using":"xpath","value":"(//span[contains(@id ,\"manageresources-display-component---newResourceUnit--RUTimeSegment-0-vhi\")])[2]"}
RESULT: {"using":"xpath","value":"(//span[contains(@id ,\"manageresources-display-component---newResourceUnit--RUTimeSegment-0-vhi\")])[2]"}
COMMAND: POST /session/d53f532480bfbfa72ae7ae5ef7ef8f5b/element/f.9714F2348D0A698B9780435C77649C65.d.6E5155025AB262AFEDCBA338079AB551.e.17869/click - {}
RESULT: {}
COMMAND: GET /session/d53f532480bfbfa72ae7ae5ef7ef8f5b/screenshot - {}
RESULT: {}
COMMAND: POST /session/d53f532480bfbfa72ae7ae5ef7ef8f5b/execute/async - {"script":"<script> [1562 bytes]","args":[{"selector":{"controlType":"sap.m.SearchField","properties":{"placeholder":"Search"},"searchOpenDialogs":true,"interaction":{"idSuffix":"I"}},"wdio_ui5_key":"sapm.SearchField{\"placeholder\":\"Search\"}"}]}
RESULT: {"script":"<script> [1562 bytes]","args":[{"selector":{"controlType":"sap.m.SearchField","properties":{"placeholder":"Search"},"searchOpenDialogs":true,"interaction":{"idSuffix":"I"}},"wdio_ui5_key":"sapm.SearchField{\"placeholder\":\"Search\"}"}]}
RESULT: undefined
COMMAND: POST /session/d53f532480bfbfa72ae7ae5ef7ef8f5b/execute/async - {"script":"<script> [776 bytes]","args":[{"enterText":"4000360","selector":{"controlType":"sap.m.SearchField","properties":{"placeholder":"Search"},"searchOpenDialogs":true,"interaction":{"idSuffix":"I"}},"clearTextFirst":true,"interactionType":"ENTER_TEXT"}]}
RESULT: {"script":"<script> [776 bytes]","args":[{"enterText":"4000360","selector":{"controlType":"sap.m.SearchField","properties":{"placeholder":"Search"},"searchOpenDialogs":true,"interaction":{"idSuffix":"I"}},"clearTextFirst":true,"interactionType":"ENTER_TEXT"}]}
COMMAND: POST /session/d53f532480bfbfa72ae7ae5ef7ef8f5b/actions - {"actions":[{"id":"action59","type":"key","parameters":{},"actions":[{"type":"keyDown","value":""},{"type":"pause","duration":10},{"type":"keyUp","value":""}]}]}
RESULT: {"actions":[{"id":"action59","type":"key","parameters":{},"actions":[{"type":"keyDown","value":""},{"type":"pause","duration":10},{"type":"keyUp","value":""}]}]}
COMMAND: GET /session/d53f532480bfbfa72ae7ae5ef7ef8f5b/screenshot - {}
RESULT: {}
COMMAND: POST /session/d53f532480bfbfa72ae7ae5ef7ef8f5b/element - {"using":"xpath","value":"//td/div/span[contains(text(), \"BGL Vehicles\")]"}
RESULT: {"using":"xpath","value":"//td/div/span[contains(text(), \"BGL Vehicles\")]"}
COMMAND: POST /session/d53f532480bfbfa72ae7ae5ef7ef8f5b/element/f.9714F2348D0A698B9780435C77649C65.d.6E5155025AB262AFEDCBA338079AB551.e.17889/click - {}
RESULT: {}
COMMAND: GET /session/d53f532480bfbfa72ae7ae5ef7ef8f5b/screenshot - {}
RESULT: {}
COMMAND: POST /session/d53f532480bfbfa72ae7ae5ef7ef8f5b/element - {"using":"xpath","value":"//bdi[contains(text(), \"OK\")]"}
RESULT: {"using":"xpath","value":"//bdi[contains(text(), \"OK\")]"}
COMMAND: POST /session/d53f532480bfbfa72ae7ae5ef7ef8f5b/element/f.9714F2348D0A698B9780435C77649C65.d.6E5155025AB262AFEDCBA338079AB551.e.17890/click - {}
RESULT: {}
COMMAND: GET /session/d53f532480bfbfa72ae7ae5ef7ef8f5b/screenshot - {}
RESULT: {}
COMMAND: POST /session/d53f532480bfbfa72ae7ae5ef7ef8f5b/execute/async - {"script":"<script> [1562 bytes]","args":[{"selector":{"id":"application-manageresources-display-component---newResourceUnit--newRRUPage-anchBar-application-manageresources-display-component---newResourceUnit--resource-anchor","interaction":{"idSuffix":"BDI-content"}},"wdio_ui5_key":"applicationmanageresources-display-component---newResourceUnit--newRRUPage-anchBar-application-manageresources-display-component---newResourceUnit--resource-anchor"}]}
RESULT: {"script":"<script> [1562 bytes]","args":[{"selector":{"id":"application-manageresources-display-component---newResourceUnit--newRRUPage-anchBar-application-manageresources-display-component---newResourceUnit--resource-anchor","interaction":{"idSuffix":"BDI-content"}},"wdio_ui5_key":"applicationmanageresources-display-component---newResourceUnit--newRRUPage-anchBar-application-manageresources-display-component---newResourceUnit--resource-anchor"}]}
RESULT: undefined
COMMAND: POST /session/d53f532480bfbfa72ae7ae5ef7ef8f5b/element - {"using":"xpath","value":"//*[@id=\"application-manageresources-display-component---newResourceUnit--newRRUPage-anchBar-application-manageresources-display-component---newResourceUnit--resource-anchor\"]"}
RESULT: {"using":"xpath","value":"//*[@id=\"application-manageresources-display-component---newResourceUnit--newRRUPage-anchBar-application-manageresources-display-component---newResourceUnit--resource-anchor\"]"}
COMMAND: POST /session/d53f532480bfbfa72ae7ae5ef7ef8f5b/element/f.9714F2348D0A698B9780435C77649C65.d.6E5155025AB262AFEDCBA338079AB551.e.17894/click - {}
RESULT: {}
COMMAND: POST /session/d53f532480bfbfa72ae7ae5ef7ef8f5b/execute/async - {"script":"<script> [1562 bytes]","args":[{"selector":{"id":"application-manageresources-display-component---newResourceUnit--PLANNED_DELIVERY_DATE","interaction":{"idSuffix":"inner"}},"wdio_ui5_key":"applicationmanageresources-display-component---newResourceUnit--PLANNED_DELIVERY_DATE"}]}
COMMAND: GET /session/d53f532480bfbfa72ae7ae5ef7ef8f5b/screenshot - {}
RESULT: {"script":"<script> [1562 bytes]","args":[{"selector":{"id":"application-manageresources-display-component---newResourceUnit--PLANNED_DELIVERY_DATE","interaction":{"idSuffix":"inner"}},"wdio_ui5_key":"applicationmanageresources-display-component---newResourceUnit--PLANNED_DELIVERY_DATE"}]}
RESULT: undefined
COMMAND: POST /session/d53f532480bfbfa72ae7ae5ef7ef8f5b/execute/async - {"script":"<script> [6424 bytes]","args":[{"element-6066-11e4-a52e-4f735466cecf":"f.9714F2348D0A698B9780435C77649C65.d.6E5155025AB262AFEDCBA338079AB551.e.17756"},"setValue",["4/23/25"]]}
RESULT: {}
RESULT: {"script":"<script> [6424 bytes]","args":[{"element-6066-11e4-a52e-4f735466cecf":"f.9714F2348D0A698B9780435C77649C65.d.6E5155025AB262AFEDCBA338079AB551.e.17756"},"setValue",["4/23/25"]]}
COMMAND: POST /session/d53f532480bfbfa72ae7ae5ef7ef8f5b/element - {"using":"xpath","value":"//button[@data-kt=\"resourceUnitSaveButton\"]"}
RESULT: {"using":"xpath","value":"//button[@data-kt=\"resourceUnitSaveButton\"]"}
COMMAND: POST /session/d53f532480bfbfa72ae7ae5ef7ef8f5b/element/f.9714F2348D0A698B9780435C77649C65.d.6E5155025AB262AFEDCBA338079AB551.e.17716/click - {}
RESULT: {}
COMMAND: GET /session/d53f532480bfbfa72ae7ae5ef7ef8f5b/screenshot - {}
RESULT: {}
COMMAND: POST /session/d53f532480bfbfa72ae7ae5ef7ef8f5b/element - {"using":"xpath","value":"//bdi[contains(text(), \"Close\")]"}
RESULT: {"using":"xpath","value":"//bdi[contains(text(), \"Close\")]"}
COMMAND: POST /session/d53f532480bfbfa72ae7ae5ef7ef8f5b/element/f.9714F2348D0A698B9780435C77649C65.d.6E5155025AB262AFEDCBA338079AB551.e.17902/click - {}
RESULT: {}
COMMAND: GET /session/d53f532480bfbfa72ae7ae5ef7ef8f5b/screenshot - {}
RESULT: {}
COMMAND: POST /session/d53f532480bfbfa72ae7ae5ef7ef8f5b/element - {"using":"xpath","value":"(//button[contains(@id ,\"actionsToolbar-overflowButton\")])[1]"}
RESULT: {"using":"xpath","value":"(//button[contains(@id ,\"actionsToolbar-overflowButton\")])[1]"}
COMMAND: POST /session/d53f532480bfbfa72ae7ae5ef7ef8f5b/element/f.9714F2348D0A698B9780435C77649C65.d.6E5155025AB262AFEDCBA338079AB551.e.17933/click - {}
RESULT: {}
COMMAND: GET /session/d53f532480bfbfa72ae7ae5ef7ef8f5b/screenshot - {}
RESULT: {}
COMMAND: POST /session/d53f532480bfbfa72ae7ae5ef7ef8f5b/element - {"using":"xpath","value":"//button[@data-kt=\"priceInfoButton\"]"}
RESULT: {"using":"xpath","value":"//button[@data-kt=\"priceInfoButton\"]"}
COMMAND: POST /session/d53f532480bfbfa72ae7ae5ef7ef8f5b/element/f.9714F2348D0A698B9780435C77649C65.d.6E5155025AB262AFEDCBA338079AB551.e.17935/click - {}
RESULT: {}
COMMAND: GET /session/d53f532480bfbfa72ae7ae5ef7ef8f5b/screenshot - {}
]]></system-out>
    </testcase>
    <testcase classname="chrome.135_0_7049_42.windows.Create_Reverse_Billing_US127248" name="Should create a pricing procedure" time="49.318">
      <system-out><![CDATA[
COMMAND: POST /session/d53f532480bfbfa72ae7ae5ef7ef8f5b/element - {"using":"xpath","value":"//button[@data-kt=\"addButton\"]"}
RESULT: {}
RESULT: {"using":"xpath","value":"//button[@data-kt=\"addButton\"]"}
COMMAND: POST /session/d53f532480bfbfa72ae7ae5ef7ef8f5b/elements - {"using":"xpath","value":"//button[@data-kt=\"addButton\"]"}
RESULT: {"using":"xpath","value":"//button[@data-kt=\"addButton\"]"}
COMMAND: POST /session/d53f532480bfbfa72ae7ae5ef7ef8f5b/execute/sync - {"script":"<script> [8489 bytes]","args":[{"element-6066-11e4-a52e-4f735466cecf":"f.9714F2348D0A698B9780435C77649C65.d.6E5155025AB262AFEDCBA338079AB551.e.17971","ELEMENT":"f.9714F2348D0A698B9780435C77649C65.d.6E5155025AB262AFEDCBA338079AB551.e.17971"}]}
RESULT: {"script":"<script> [8489 bytes]","args":[{"element-6066-11e4-a52e-4f735466cecf":"f.9714F2348D0A698B9780435C77649C65.d.6E5155025AB262AFEDCBA338079AB551.e.17971","ELEMENT":"f.9714F2348D0A698B9780435C77649C65.d.6E5155025AB262AFEDCBA338079AB551.e.17971"}]}
COMMAND: GET /session/d53f532480bfbfa72ae7ae5ef7ef8f5b/element/f.9714F2348D0A698B9780435C77649C65.d.6E5155025AB262AFEDCBA338079AB551.e.17971/enabled - {}
COMMAND: GET /session/d53f532480bfbfa72ae7ae5ef7ef8f5b/screenshot - {}
RESULT: {}
COMMAND: POST /session/d53f532480bfbfa72ae7ae5ef7ef8f5b/execute/sync - {"script":"<script> [8489 bytes]","args":[{"element-6066-11e4-a52e-4f735466cecf":"f.9714F2348D0A698B9780435C77649C65.d.6E5155025AB262AFEDCBA338079AB551.e.17971","ELEMENT":"f.9714F2348D0A698B9780435C77649C65.d.6E5155025AB262AFEDCBA338079AB551.e.17971"}]}
COMMAND: GET /session/d53f532480bfbfa72ae7ae5ef7ef8f5b/screenshot - {}
RESULT: {}
RESULT: {"script":"<script> [8489 bytes]","args":[{"element-6066-11e4-a52e-4f735466cecf":"f.9714F2348D0A698B9780435C77649C65.d.6E5155025AB262AFEDCBA338079AB551.e.17971","ELEMENT":"f.9714F2348D0A698B9780435C77649C65.d.6E5155025AB262AFEDCBA338079AB551.e.17971"}]}
COMMAND: POST /session/d53f532480bfbfa72ae7ae5ef7ef8f5b/execute/sync - {"script":"<script> [5351 bytes]","args":[{"element-6066-11e4-a52e-4f735466cecf":"f.9714F2348D0A698B9780435C77649C65.d.6E5155025AB262AFEDCBA338079AB551.e.17971","ELEMENT":"f.9714F2348D0A698B9780435C77649C65.d.6E5155025AB262AFEDCBA338079AB551.e.17971"}]}
COMMAND: GET /session/d53f532480bfbfa72ae7ae5ef7ef8f5b/screenshot - {}
RESULT: {}
RESULT: {"script":"<script> [5351 bytes]","args":[{"element-6066-11e4-a52e-4f735466cecf":"f.9714F2348D0A698B9780435C77649C65.d.6E5155025AB262AFEDCBA338079AB551.e.17971","ELEMENT":"f.9714F2348D0A698B9780435C77649C65.d.6E5155025AB262AFEDCBA338079AB551.e.17971"}]}
COMMAND: POST /session/d53f532480bfbfa72ae7ae5ef7ef8f5b/element/f.9714F2348D0A698B9780435C77649C65.d.6E5155025AB262AFEDCBA338079AB551.e.17971/click - {}
COMMAND: GET /session/d53f532480bfbfa72ae7ae5ef7ef8f5b/screenshot - {}
RESULT: {}
RESULT: {}
COMMAND: GET /session/d53f532480bfbfa72ae7ae5ef7ef8f5b/screenshot - {}
RESULT: {}
RESULT: {}
COMMAND: POST /session/d53f532480bfbfa72ae7ae5ef7ef8f5b/execute/async - {"script":"<script> [1562 bytes]","args":[{"selector":{"controlType":"sap.m.Title","viewName":"etm.portal.ui.managepricingrules.view.NewItem","viewId":"application-managepricingrules-display-component---newInfoPriceItem","properties":{"text":"New Pricing Rules - Item Level"}},"wdio_ui5_key":"etmportal.ui.managepricingrules.view.NewItemsap.m.Title{\"text\":\"New Pricing Rules - Item Level\"}"}]}
RESULT: {"script":"<script> [1562 bytes]","args":[{"selector":{"controlType":"sap.m.Title","viewName":"etm.portal.ui.managepricingrules.view.NewItem","viewId":"application-managepricingrules-display-component---newInfoPriceItem","properties":{"text":"New Pricing Rules - Item Level"}},"wdio_ui5_key":"etmportal.ui.managepricingrules.view.NewItemsap.m.Title{\"text\":\"New Pricing Rules - Item Level\"}"}]}
RESULT: undefined
COMMAND: POST /session/d53f532480bfbfa72ae7ae5ef7ef8f5b/execute/async - {"script":"<script> [6424 bytes]","args":[{"element-6066-11e4-a52e-4f735466cecf":"f.9714F2348D0A698B9780435C77649C65.d.6E5155025AB262AFEDCBA338079AB551.e.18141"},"getText",[]]}
RESULT: {"script":"<script> [6424 bytes]","args":[{"element-6066-11e4-a52e-4f735466cecf":"f.9714F2348D0A698B9780435C77649C65.d.6E5155025AB262AFEDCBA338079AB551.e.18141"},"getText",[]]}
COMMAND: POST /session/d53f532480bfbfa72ae7ae5ef7ef8f5b/execute/async - {"script":"<script> [1562 bytes]","args":[{"selector":{"id":"application-managepricingrules-display-component---newInfoPriceItem--condValidTo","interaction":{"idSuffix":"inner"}},"wdio_ui5_key":"applicationmanagepricingrules-display-component---newInfoPriceItem--condValidTo"}]}
RESULT: {"script":"<script> [1562 bytes]","args":[{"selector":{"id":"application-managepricingrules-display-component---newInfoPriceItem--condValidTo","interaction":{"idSuffix":"inner"}},"wdio_ui5_key":"applicationmanagepricingrules-display-component---newInfoPriceItem--condValidTo"}]}
RESULT: undefined
COMMAND: POST /session/d53f532480bfbfa72ae7ae5ef7ef8f5b/execute/async - {"script":"<script> [776 bytes]","args":[{"enterText":"12/23/25","selector":{"id":"application-managepricingrules-display-component---newInfoPriceItem--condValidTo","interaction":{"idSuffix":"inner"}},"clearTextFirst":true,"interactionType":"ENTER_TEXT"}]}
RESULT: {"script":"<script> [776 bytes]","args":[{"enterText":"12/23/25","selector":{"id":"application-managepricingrules-display-component---newInfoPriceItem--condValidTo","interaction":{"idSuffix":"inner"}},"clearTextFirst":true,"interactionType":"ENTER_TEXT"}]}
COMMAND: POST /session/d53f532480bfbfa72ae7ae5ef7ef8f5b/execute/async - {"script":"<script> [1562 bytes]","args":[{"selector":{"id":"application-managepricingrules-display-component---newInfoPriceItem--billType-arrow"},"wdio_ui5_key":"applicationmanagepricingrules-display-component---newInfoPriceItem--billType-arrow"}]}
RESULT: {"script":"<script> [1562 bytes]","args":[{"selector":{"id":"application-managepricingrules-display-component---newInfoPriceItem--billType-arrow"},"wdio_ui5_key":"applicationmanagepricingrules-display-component---newInfoPriceItem--billType-arrow"}]}
RESULT: undefined
COMMAND: POST /session/d53f532480bfbfa72ae7ae5ef7ef8f5b/element - {"using":"xpath","value":"//*[@id=\"application-managepricingrules-display-component---newInfoPriceItem--billType-arrow\"]"}
RESULT: {"using":"xpath","value":"//*[@id=\"application-managepricingrules-display-component---newInfoPriceItem--billType-arrow\"]"}
COMMAND: POST /session/d53f532480bfbfa72ae7ae5ef7ef8f5b/element/f.9714F2348D0A698B9780435C77649C65.d.6E5155025AB262AFEDCBA338079AB551.e.18101/click - {}
RESULT: {}
COMMAND: POST /session/d53f532480bfbfa72ae7ae5ef7ef8f5b/element - {"using":"xpath","value":"//span[contains(text(), \"TB - Time based\")]"}
COMMAND: GET /session/d53f532480bfbfa72ae7ae5ef7ef8f5b/screenshot - {}
RESULT: {"using":"xpath","value":"//span[contains(text(), \"TB - Time based\")]"}
COMMAND: POST /session/d53f532480bfbfa72ae7ae5ef7ef8f5b/element/f.9714F2348D0A698B9780435C77649C65.d.6E5155025AB262AFEDCBA338079AB551.e.18143/click - {}
RESULT: {}
RESULT: {}
COMMAND: POST /session/d53f532480bfbfa72ae7ae5ef7ef8f5b/execute/async - {"script":"<script> [1562 bytes]","args":[{"selector":{"id":"application-managepricingrules-display-component---newInfoPriceItem--priceProc-arrow"},"wdio_ui5_key":"applicationmanagepricingrules-display-component---newInfoPriceItem--priceProc-arrow"}]}
COMMAND: GET /session/d53f532480bfbfa72ae7ae5ef7ef8f5b/screenshot - {}
RESULT: {"script":"<script> [1562 bytes]","args":[{"selector":{"id":"application-managepricingrules-display-component---newInfoPriceItem--priceProc-arrow"},"wdio_ui5_key":"applicationmanagepricingrules-display-component---newInfoPriceItem--priceProc-arrow"}]}
RESULT: undefined
COMMAND: POST /session/d53f532480bfbfa72ae7ae5ef7ef8f5b/element - {"using":"xpath","value":"//*[@id=\"application-managepricingrules-display-component---newInfoPriceItem--priceProc-arrow\"]"}
RESULT: {}
RESULT: {"using":"xpath","value":"//*[@id=\"application-managepricingrules-display-component---newInfoPriceItem--priceProc-arrow\"]"}
COMMAND: POST /session/d53f532480bfbfa72ae7ae5ef7ef8f5b/element/f.9714F2348D0A698B9780435C77649C65.d.6E5155025AB262AFEDCBA338079AB551.e.18108/click - {}
RESULT: {}
COMMAND: POST /session/d53f532480bfbfa72ae7ae5ef7ef8f5b/element - {"using":"xpath","value":"//span[contains(text(), \"TBS - Time based standard\")]"}
COMMAND: GET /session/d53f532480bfbfa72ae7ae5ef7ef8f5b/screenshot - {}
RESULT: {"using":"xpath","value":"//span[contains(text(), \"TBS - Time based standard\")]"}
COMMAND: POST /session/d53f532480bfbfa72ae7ae5ef7ef8f5b/element/f.9714F2348D0A698B9780435C77649C65.d.6E5155025AB262AFEDCBA338079AB551.e.18144/click - {}
RESULT: {}
RESULT: {}
COMMAND: POST /session/d53f532480bfbfa72ae7ae5ef7ef8f5b/execute/async - {"script":"<script> [1562 bytes]","args":[{"selector":{"id":"application-managepricingrules-display-component---newInfoPriceItem--calcBase-arrow"},"wdio_ui5_key":"applicationmanagepricingrules-display-component---newInfoPriceItem--calcBase-arrow"}]}
COMMAND: GET /session/d53f532480bfbfa72ae7ae5ef7ef8f5b/screenshot - {}
RESULT: {"script":"<script> [1562 bytes]","args":[{"selector":{"id":"application-managepricingrules-display-component---newInfoPriceItem--calcBase-arrow"},"wdio_ui5_key":"applicationmanagepricingrules-display-component---newInfoPriceItem--calcBase-arrow"}]}
RESULT: undefined
COMMAND: POST /session/d53f532480bfbfa72ae7ae5ef7ef8f5b/element - {"using":"xpath","value":"//*[@id=\"application-managepricingrules-display-component---newInfoPriceItem--calcBase-arrow\"]"}
RESULT: {}
RESULT: {"using":"xpath","value":"//*[@id=\"application-managepricingrules-display-component---newInfoPriceItem--calcBase-arrow\"]"}
COMMAND: POST /session/d53f532480bfbfa72ae7ae5ef7ef8f5b/element/f.9714F2348D0A698B9780435C77649C65.d.6E5155025AB262AFEDCBA338079AB551.e.18115/click - {}
RESULT: {}
COMMAND: GET /session/d53f532480bfbfa72ae7ae5ef7ef8f5b/screenshot - {}
RESULT: {}
COMMAND: POST /session/d53f532480bfbfa72ae7ae5ef7ef8f5b/element - {"using":"xpath","value":"//span[contains(text(), \"0006 - TB(calendar days)\")]"}
RESULT: {"using":"xpath","value":"//span[contains(text(), \"0006 - TB(calendar days)\")]"}
COMMAND: POST /session/d53f532480bfbfa72ae7ae5ef7ef8f5b/element/f.9714F2348D0A698B9780435C77649C65.d.6E5155025AB262AFEDCBA338079AB551.e.18145/click - {}
RESULT: {}
COMMAND: GET /session/d53f532480bfbfa72ae7ae5ef7ef8f5b/screenshot - {}
RESULT: {}
COMMAND: POST /session/d53f532480bfbfa72ae7ae5ef7ef8f5b/execute/async - {"script":"<script> [1562 bytes]","args":[{"selector":{"id":"application-managepricingrules-display-component---newInfoPriceItem--daysMonth","interaction":{"idSuffix":"inner"}},"wdio_ui5_key":"applicationmanagepricingrules-display-component---newInfoPriceItem--daysMonth"}]}
RESULT: {"script":"<script> [1562 bytes]","args":[{"selector":{"id":"application-managepricingrules-display-component---newInfoPriceItem--daysMonth","interaction":{"idSuffix":"inner"}},"wdio_ui5_key":"applicationmanagepricingrules-display-component---newInfoPriceItem--daysMonth"}]}
RESULT: undefined
COMMAND: POST /session/d53f532480bfbfa72ae7ae5ef7ef8f5b/execute/async - {"script":"<script> [776 bytes]","args":[{"enterText":"30","selector":{"id":"application-managepricingrules-display-component---newInfoPriceItem--daysMonth","interaction":{"idSuffix":"inner"}},"clearTextFirst":true,"interactionType":"ENTER_TEXT"}]}
RESULT: {"script":"<script> [776 bytes]","args":[{"enterText":"30","selector":{"id":"application-managepricingrules-display-component---newInfoPriceItem--daysMonth","interaction":{"idSuffix":"inner"}},"clearTextFirst":true,"interactionType":"ENTER_TEXT"}]}
COMMAND: POST /session/d53f532480bfbfa72ae7ae5ef7ef8f5b/element - {"using":"xpath","value":"//button[@data-kt=\"saveNewRuleButton\"]"}
RESULT: {"using":"xpath","value":"//button[@data-kt=\"saveNewRuleButton\"]"}
COMMAND: POST /session/d53f532480bfbfa72ae7ae5ef7ef8f5b/element/f.9714F2348D0A698B9780435C77649C65.d.6E5155025AB262AFEDCBA338079AB551.e.18135/click - {}
RESULT: {}
COMMAND: GET /session/d53f532480bfbfa72ae7ae5ef7ef8f5b/screenshot - {}
RESULT: {}
COMMAND: POST /session/d53f532480bfbfa72ae7ae5ef7ef8f5b/execute/async - {"script":"<script> [1562 bytes]","args":[{"selector":{"id":"application-managepricingrules-display-component---priceInfoItem--smartFilterBar-btnBasicSearch","interaction":{"idSuffix":"I"}},"wdio_ui5_key":"applicationmanagepricingrules-display-component---priceInfoItem--smartFilterBar-btnBasicSearch"}]}
RESULT: {"script":"<script> [1562 bytes]","args":[{"selector":{"id":"application-managepricingrules-display-component---priceInfoItem--smartFilterBar-btnBasicSearch","interaction":{"idSuffix":"I"}},"wdio_ui5_key":"applicationmanagepricingrules-display-component---priceInfoItem--smartFilterBar-btnBasicSearch"}]}
RESULT: undefined
COMMAND: POST /session/d53f532480bfbfa72ae7ae5ef7ef8f5b/execute/async - {"script":"<script> [776 bytes]","args":[{"enterText":"tUHXqrSj9m","selector":{"id":"application-managepricingrules-display-component---priceInfoItem--smartFilterBar-btnBasicSearch","interaction":{"idSuffix":"I"}},"clearTextFirst":true,"interactionType":"ENTER_TEXT"}]}
RESULT: {"script":"<script> [776 bytes]","args":[{"enterText":"tUHXqrSj9m","selector":{"id":"application-managepricingrules-display-component---priceInfoItem--smartFilterBar-btnBasicSearch","interaction":{"idSuffix":"I"}},"clearTextFirst":true,"interactionType":"ENTER_TEXT"}]}
COMMAND: POST /session/d53f532480bfbfa72ae7ae5ef7ef8f5b/actions - {"actions":[{"id":"action60","type":"key","parameters":{},"actions":[{"type":"keyDown","value":""},{"type":"pause","duration":10},{"type":"keyUp","value":""}]}]}
RESULT: {"actions":[{"id":"action60","type":"key","parameters":{},"actions":[{"type":"keyDown","value":""},{"type":"pause","duration":10},{"type":"keyUp","value":""}]}]}
COMMAND: GET /session/d53f532480bfbfa72ae7ae5ef7ef8f5b/screenshot - {}
RESULT: {}
COMMAND: POST /session/d53f532480bfbfa72ae7ae5ef7ef8f5b/element - {"using":"xpath","value":"//span[@id=\"application-managepricingrules-display-component---priceInfoItem--smartTable-header-inner\"]"}
RESULT: {"using":"xpath","value":"//span[@id=\"application-managepricingrules-display-component---priceInfoItem--smartTable-header-inner\"]"}
COMMAND: POST /session/d53f532480bfbfa72ae7ae5ef7ef8f5b/elements - {"using":"xpath","value":"//span[@id=\"application-managepricingrules-display-component---priceInfoItem--smartTable-header-inner\"]"}
RESULT: {"using":"xpath","value":"//span[@id=\"application-managepricingrules-display-component---priceInfoItem--smartTable-header-inner\"]"}
COMMAND: POST /session/d53f532480bfbfa72ae7ae5ef7ef8f5b/execute/sync - {"script":"<script> [56 bytes]","args":[{"element-6066-11e4-a52e-4f735466cecf":"f.9714F2348D0A698B9780435C77649C65.d.6E5155025AB262AFEDCBA338079AB551.e.18159","ELEMENT":"f.9714F2348D0A698B9780435C77649C65.d.6E5155025AB262AFEDCBA338079AB551.e.18159"}]}
RESULT: {"script":"<script> [56 bytes]","args":[{"element-6066-11e4-a52e-4f735466cecf":"f.9714F2348D0A698B9780435C77649C65.d.6E5155025AB262AFEDCBA338079AB551.e.18159","ELEMENT":"f.9714F2348D0A698B9780435C77649C65.d.6E5155025AB262AFEDCBA338079AB551.e.18159"}]}
COMMAND: POST /session/d53f532480bfbfa72ae7ae5ef7ef8f5b/element - {"using":"css selector","value":"#shell-header-logo"}
COMMAND: GET /session/d53f532480bfbfa72ae7ae5ef7ef8f5b/screenshot - {}
RESULT: {"using":"css selector","value":"#shell-header-logo"}
COMMAND: POST /session/d53f532480bfbfa72ae7ae5ef7ef8f5b/element/f.9714F2348D0A698B9780435C77649C65.d.6E5155025AB262AFEDCBA338079AB551.e.17311/click - {}
RESULT: {}
RESULT: {}
COMMAND: GET /session/d53f532480bfbfa72ae7ae5ef7ef8f5b/screenshot - {}
RESULT: {}
]]></system-out>
    </testcase>
    <testcase classname="chrome.135_0_7049_42.windows.Create_Reverse_Billing_US127248" name="Should manage conditions" time="59.516">
      <system-out><![CDATA[
COMMAND: POST /session/d53f532480bfbfa72ae7ae5ef7ef8f5b/execute/async - {"script":"<script> [1562 bytes]","args":[{"selector":{"controlType":"sap.m.Text","properties":{"text":"Manage Conditions & Prices"},"interaction":{"idSuffix":"inner"}},"wdio_ui5_key":"sapm.Text{\"text\":\"Manage Conditions & Prices\"}"}]}
RESULT: {"script":"<script> [1562 bytes]","args":[{"selector":{"controlType":"sap.m.Text","properties":{"text":"Manage Conditions & Prices"},"interaction":{"idSuffix":"inner"}},"wdio_ui5_key":"sapm.Text{\"text\":\"Manage Conditions & Prices\"}"}]}
RESULT: undefined
COMMAND: POST /session/d53f532480bfbfa72ae7ae5ef7ef8f5b/element - {"using":"xpath","value":"//*[@id=\"__tile53-title\"]"}
RESULT: {"using":"xpath","value":"//*[@id=\"__tile53-title\"]"}
COMMAND: POST /session/d53f532480bfbfa72ae7ae5ef7ef8f5b/element/f.9714F2348D0A698B9780435C77649C65.d.6E5155025AB262AFEDCBA338079AB551.e.18162/click - {}
RESULT: {}
COMMAND: POST /session/d53f532480bfbfa72ae7ae5ef7ef8f5b/element - {"using":"xpath","value":"//button[@aria-label=\"Create\"]"}
COMMAND: GET /session/d53f532480bfbfa72ae7ae5ef7ef8f5b/screenshot - {}
RESULT: {"using":"xpath","value":"//button[@aria-label=\"Create\"]"}
COMMAND: POST /session/d53f532480bfbfa72ae7ae5ef7ef8f5b/elements - {"using":"xpath","value":"//button[@aria-label=\"Create\"]"}
RESULT: {}
RESULT: {"using":"xpath","value":"//button[@aria-label=\"Create\"]"}
COMMAND: POST /session/d53f532480bfbfa72ae7ae5ef7ef8f5b/element - {"using":"xpath","value":"//button[@aria-label=\"Create\"]"}
RESULT: {"using":"xpath","value":"//button[@aria-label=\"Create\"]"}
COMMAND: POST /session/d53f532480bfbfa72ae7ae5ef7ef8f5b/execute/sync - {"script":"<script> [8489 bytes]","args":[{"element-6066-11e4-a52e-4f735466cecf":"f.9714F2348D0A698B9780435C77649C65.d.6E5155025AB262AFEDCBA338079AB551.e.18196","ELEMENT":"f.9714F2348D0A698B9780435C77649C65.d.6E5155025AB262AFEDCBA338079AB551.e.18196"}]}
RESULT: {"script":"<script> [8489 bytes]","args":[{"element-6066-11e4-a52e-4f735466cecf":"f.9714F2348D0A698B9780435C77649C65.d.6E5155025AB262AFEDCBA338079AB551.e.18196","ELEMENT":"f.9714F2348D0A698B9780435C77649C65.d.6E5155025AB262AFEDCBA338079AB551.e.18196"}]}
COMMAND: GET /session/d53f532480bfbfa72ae7ae5ef7ef8f5b/element/f.9714F2348D0A698B9780435C77649C65.d.6E5155025AB262AFEDCBA338079AB551.e.18196/enabled - {}
COMMAND: GET /session/d53f532480bfbfa72ae7ae5ef7ef8f5b/screenshot - {}
RESULT: {}
COMMAND: POST /session/d53f532480bfbfa72ae7ae5ef7ef8f5b/execute/sync - {"script":"<script> [8489 bytes]","args":[{"element-6066-11e4-a52e-4f735466cecf":"f.9714F2348D0A698B9780435C77649C65.d.6E5155025AB262AFEDCBA338079AB551.e.18196","ELEMENT":"f.9714F2348D0A698B9780435C77649C65.d.6E5155025AB262AFEDCBA338079AB551.e.18196"}]}
COMMAND: GET /session/d53f532480bfbfa72ae7ae5ef7ef8f5b/screenshot - {}
RESULT: {}
RESULT: {"script":"<script> [8489 bytes]","args":[{"element-6066-11e4-a52e-4f735466cecf":"f.9714F2348D0A698B9780435C77649C65.d.6E5155025AB262AFEDCBA338079AB551.e.18196","ELEMENT":"f.9714F2348D0A698B9780435C77649C65.d.6E5155025AB262AFEDCBA338079AB551.e.18196"}]}
COMMAND: POST /session/d53f532480bfbfa72ae7ae5ef7ef8f5b/execute/sync - {"script":"<script> [5351 bytes]","args":[{"element-6066-11e4-a52e-4f735466cecf":"f.9714F2348D0A698B9780435C77649C65.d.6E5155025AB262AFEDCBA338079AB551.e.18196","ELEMENT":"f.9714F2348D0A698B9780435C77649C65.d.6E5155025AB262AFEDCBA338079AB551.e.18196"}]}
COMMAND: GET /session/d53f532480bfbfa72ae7ae5ef7ef8f5b/screenshot - {}
RESULT: {}
RESULT: {"script":"<script> [5351 bytes]","args":[{"element-6066-11e4-a52e-4f735466cecf":"f.9714F2348D0A698B9780435C77649C65.d.6E5155025AB262AFEDCBA338079AB551.e.18196","ELEMENT":"f.9714F2348D0A698B9780435C77649C65.d.6E5155025AB262AFEDCBA338079AB551.e.18196"}]}
COMMAND: POST /session/d53f532480bfbfa72ae7ae5ef7ef8f5b/element/f.9714F2348D0A698B9780435C77649C65.d.6E5155025AB262AFEDCBA338079AB551.e.18196/click - {}
COMMAND: GET /session/d53f532480bfbfa72ae7ae5ef7ef8f5b/screenshot - {}
RESULT: {}
RESULT: {}
COMMAND: GET /session/d53f532480bfbfa72ae7ae5ef7ef8f5b/screenshot - {}
RESULT: {}
RESULT: {}
COMMAND: POST /session/d53f532480bfbfa72ae7ae5ef7ef8f5b/actions - {"actions":[{"id":"action61","type":"key","parameters":{},"actions":[{"type":"keyDown","value":""},{"type":"pause","duration":10},{"type":"keyUp","value":""}]}]}
RESULT: {"actions":[{"id":"action61","type":"key","parameters":{},"actions":[{"type":"keyDown","value":""},{"type":"pause","duration":10},{"type":"keyUp","value":""}]}]}
COMMAND: GET /session/d53f532480bfbfa72ae7ae5ef7ef8f5b/screenshot - {}
RESULT: {}
COMMAND: POST /session/d53f532480bfbfa72ae7ae5ef7ef8f5b/execute/async - {"script":"<script> [1562 bytes]","args":[{"selector":{"id":"application-manageconditionprice-display-component---newCondition--condBillCond-arrow"},"wdio_ui5_key":"applicationmanageconditionprice-display-component---newCondition--condBillCond-arrow"}]}
RESULT: {"script":"<script> [1562 bytes]","args":[{"selector":{"id":"application-manageconditionprice-display-component---newCondition--condBillCond-arrow"},"wdio_ui5_key":"applicationmanageconditionprice-display-component---newCondition--condBillCond-arrow"}]}
RESULT: undefined
COMMAND: POST /session/d53f532480bfbfa72ae7ae5ef7ef8f5b/element - {"using":"xpath","value":"//*[@id=\"application-manageconditionprice-display-component---newCondition--condBillCond-arrow\"]"}
RESULT: {"using":"xpath","value":"//*[@id=\"application-manageconditionprice-display-component---newCondition--condBillCond-arrow\"]"}
COMMAND: POST /session/d53f532480bfbfa72ae7ae5ef7ef8f5b/element/f.9714F2348D0A698B9780435C77649C65.d.6E5155025AB262AFEDCBA338079AB551.e.18376/click - {}
RESULT: {}
COMMAND: GET /session/d53f532480bfbfa72ae7ae5ef7ef8f5b/screenshot - {}
RESULT: {}
COMMAND: POST /session/d53f532480bfbfa72ae7ae5ef7ef8f5b/element - {"using":"xpath","value":"//li[.//span[contains(text(), \"DISP - D&I special price\")]]"}
RESULT: {"using":"xpath","value":"//li[.//span[contains(text(), \"DISP - D&I special price\")]]"}
COMMAND: POST /session/d53f532480bfbfa72ae7ae5ef7ef8f5b/element/f.9714F2348D0A698B9780435C77649C65.d.6E5155025AB262AFEDCBA338079AB551.e.18379/click - {}
RESULT: {}
COMMAND: GET /session/d53f532480bfbfa72ae7ae5ef7ef8f5b/screenshot - {}
RESULT: {}
COMMAND: POST /session/d53f532480bfbfa72ae7ae5ef7ef8f5b/execute/async - {"script":"<script> [1562 bytes]","args":[{"selector":{"id":"application-manageconditionprice-display-component---newCondition--condValidTo","interaction":{"idSuffix":"inner"}},"wdio_ui5_key":"applicationmanageconditionprice-display-component---newCondition--condValidTo"}]}
RESULT: {"script":"<script> [1562 bytes]","args":[{"selector":{"id":"application-manageconditionprice-display-component---newCondition--condValidTo","interaction":{"idSuffix":"inner"}},"wdio_ui5_key":"applicationmanageconditionprice-display-component---newCondition--condValidTo"}]}
RESULT: undefined
COMMAND: POST /session/d53f532480bfbfa72ae7ae5ef7ef8f5b/execute/async - {"script":"<script> [776 bytes]","args":[{"enterText":"12/23/25","selector":{"id":"application-manageconditionprice-display-component---newCondition--condValidTo","interaction":{"idSuffix":"inner"}},"clearTextFirst":true,"interactionType":"ENTER_TEXT"}]}
RESULT: {"script":"<script> [776 bytes]","args":[{"enterText":"12/23/25","selector":{"id":"application-manageconditionprice-display-component---newCondition--condValidTo","interaction":{"idSuffix":"inner"}},"clearTextFirst":true,"interactionType":"ENTER_TEXT"}]}
COMMAND: POST /session/d53f532480bfbfa72ae7ae5ef7ef8f5b/element - {"using":"xpath","value":"//input[@id=\"application-manageconditionprice-display-component---newCondition--condRU-inner\"]"}
RESULT: {"using":"xpath","value":"//input[@id=\"application-manageconditionprice-display-component---newCondition--condRU-inner\"]"}
COMMAND: POST /session/d53f532480bfbfa72ae7ae5ef7ef8f5b/element/f.9714F2348D0A698B9780435C77649C65.d.6E5155025AB262AFEDCBA338079AB551.e.18212/clear - {}
RESULT: {}
COMMAND: POST /session/d53f532480bfbfa72ae7ae5ef7ef8f5b/element/f.9714F2348D0A698B9780435C77649C65.d.6E5155025AB262AFEDCBA338079AB551.e.18212/value - {"text":"tUHXqrSj9m"}
COMMAND: GET /session/d53f532480bfbfa72ae7ae5ef7ef8f5b/screenshot - {}
RESULT: {"text":"tUHXqrSj9m"}
COMMAND: GET /session/d53f532480bfbfa72ae7ae5ef7ef8f5b/screenshot - {}
RESULT: {}
RESULT: {}
COMMAND: POST /session/d53f532480bfbfa72ae7ae5ef7ef8f5b/actions - {"actions":[{"id":"action62","type":"key","parameters":{},"actions":[{"type":"keyDown","value":""},{"type":"pause","duration":10},{"type":"keyUp","value":""}]}]}
RESULT: {"actions":[{"id":"action62","type":"key","parameters":{},"actions":[{"type":"keyDown","value":""},{"type":"pause","duration":10},{"type":"keyUp","value":""}]}]}
COMMAND: POST /session/d53f532480bfbfa72ae7ae5ef7ef8f5b/execute/async - {"script":"<script> [1562 bytes]","args":[{"selector":{"id":"application-manageconditionprice-display-component---newCondition--condBaseQty","interaction":{"idSuffix":"inner"}},"wdio_ui5_key":"applicationmanageconditionprice-display-component---newCondition--condBaseQty"}]}
COMMAND: GET /session/d53f532480bfbfa72ae7ae5ef7ef8f5b/screenshot - {}
RESULT: {"script":"<script> [1562 bytes]","args":[{"selector":{"id":"application-manageconditionprice-display-component---newCondition--condBaseQty","interaction":{"idSuffix":"inner"}},"wdio_ui5_key":"applicationmanageconditionprice-display-component---newCondition--condBaseQty"}]}
RESULT: undefined
COMMAND: POST /session/d53f532480bfbfa72ae7ae5ef7ef8f5b/execute/async - {"script":"<script> [776 bytes]","args":[{"enterText":"1","selector":{"id":"application-manageconditionprice-display-component---newCondition--condBaseQty","interaction":{"idSuffix":"inner"}},"clearTextFirst":true,"interactionType":"ENTER_TEXT"}]}
RESULT: {}
RESULT: {"script":"<script> [776 bytes]","args":[{"enterText":"1","selector":{"id":"application-manageconditionprice-display-component---newCondition--condBaseQty","interaction":{"idSuffix":"inner"}},"clearTextFirst":true,"interactionType":"ENTER_TEXT"}]}
COMMAND: POST /session/d53f532480bfbfa72ae7ae5ef7ef8f5b/execute/async - {"script":"<script> [1562 bytes]","args":[{"selector":{"id":"application-manageconditionprice-display-component---newCondition--condValue","interaction":{"idSuffix":"inner"}},"wdio_ui5_key":"applicationmanageconditionprice-display-component---newCondition--condValue"}]}
RESULT: {"script":"<script> [1562 bytes]","args":[{"selector":{"id":"application-manageconditionprice-display-component---newCondition--condValue","interaction":{"idSuffix":"inner"}},"wdio_ui5_key":"applicationmanageconditionprice-display-component---newCondition--condValue"}]}
RESULT: undefined
COMMAND: POST /session/d53f532480bfbfa72ae7ae5ef7ef8f5b/execute/async - {"script":"<script> [776 bytes]","args":[{"enterText":"200","selector":{"id":"application-manageconditionprice-display-component---newCondition--condValue","interaction":{"idSuffix":"inner"}},"clearTextFirst":true,"interactionType":"ENTER_TEXT"}]}
RESULT: {"script":"<script> [776 bytes]","args":[{"enterText":"200","selector":{"id":"application-manageconditionprice-display-component---newCondition--condValue","interaction":{"idSuffix":"inner"}},"clearTextFirst":true,"interactionType":"ENTER_TEXT"}]}
COMMAND: POST /session/d53f532480bfbfa72ae7ae5ef7ef8f5b/execute/async - {"script":"<script> [1562 bytes]","args":[{"selector":{"id":"application-manageconditionprice-display-component---newCondition--condCurr-arrow"},"wdio_ui5_key":"applicationmanageconditionprice-display-component---newCondition--condCurr-arrow"}]}
RESULT: {"script":"<script> [1562 bytes]","args":[{"selector":{"id":"application-manageconditionprice-display-component---newCondition--condCurr-arrow"},"wdio_ui5_key":"applicationmanageconditionprice-display-component---newCondition--condCurr-arrow"}]}
RESULT: undefined
COMMAND: POST /session/d53f532480bfbfa72ae7ae5ef7ef8f5b/element - {"using":"xpath","value":"//*[@id=\"application-manageconditionprice-display-component---newCondition--condCurr-arrow\"]"}
RESULT: {"using":"xpath","value":"//*[@id=\"application-manageconditionprice-display-component---newCondition--condCurr-arrow\"]"}
COMMAND: POST /session/d53f532480bfbfa72ae7ae5ef7ef8f5b/element/f.9714F2348D0A698B9780435C77649C65.d.6E5155025AB262AFEDCBA338079AB551.e.18358/click - {}
RESULT: {}
COMMAND: POST /session/d53f532480bfbfa72ae7ae5ef7ef8f5b/element - {"using":"xpath","value":"//span[contains(text(), \"Euro\")]"}
COMMAND: GET /session/d53f532480bfbfa72ae7ae5ef7ef8f5b/screenshot - {}
RESULT: {"using":"xpath","value":"//span[contains(text(), \"Euro\")]"}
COMMAND: POST /session/d53f532480bfbfa72ae7ae5ef7ef8f5b/element/f.9714F2348D0A698B9780435C77649C65.d.6E5155025AB262AFEDCBA338079AB551.e.18416/click - {}
RESULT: {}
RESULT: {}
COMMAND: POST /session/d53f532480bfbfa72ae7ae5ef7ef8f5b/element - {"using":"xpath","value":"//button[@data-kt=\"saveButton\"]"}
COMMAND: GET /session/d53f532480bfbfa72ae7ae5ef7ef8f5b/screenshot - {}
RESULT: {"using":"xpath","value":"//button[@data-kt=\"saveButton\"]"}
COMMAND: POST /session/d53f532480bfbfa72ae7ae5ef7ef8f5b/element/f.9714F2348D0A698B9780435C77649C65.d.6E5155025AB262AFEDCBA338079AB551.e.18359/click - {}
RESULT: {}
RESULT: {}
COMMAND: GET /session/d53f532480bfbfa72ae7ae5ef7ef8f5b/screenshot - {}
RESULT: {}
COMMAND: POST /session/d53f532480bfbfa72ae7ae5ef7ef8f5b/execute/async - {"script":"<script> [1562 bytes]","args":[{"selector":{"id":"application-manageconditionprice-display-component---conditions--smartFilterBar-btnBasicSearch","interaction":{"idSuffix":"I"}},"wdio_ui5_key":"applicationmanageconditionprice-display-component---conditions--smartFilterBar-btnBasicSearch"}]}
RESULT: {"script":"<script> [1562 bytes]","args":[{"selector":{"id":"application-manageconditionprice-display-component---conditions--smartFilterBar-btnBasicSearch","interaction":{"idSuffix":"I"}},"wdio_ui5_key":"applicationmanageconditionprice-display-component---conditions--smartFilterBar-btnBasicSearch"}]}
RESULT: undefined
COMMAND: POST /session/d53f532480bfbfa72ae7ae5ef7ef8f5b/execute/async - {"script":"<script> [776 bytes]","args":[{"enterText":"tUHXqrSj9m","selector":{"id":"application-manageconditionprice-display-component---conditions--smartFilterBar-btnBasicSearch","interaction":{"idSuffix":"I"}},"clearTextFirst":true,"interactionType":"ENTER_TEXT"}]}
RESULT: {"script":"<script> [776 bytes]","args":[{"enterText":"tUHXqrSj9m","selector":{"id":"application-manageconditionprice-display-component---conditions--smartFilterBar-btnBasicSearch","interaction":{"idSuffix":"I"}},"clearTextFirst":true,"interactionType":"ENTER_TEXT"}]}
COMMAND: POST /session/d53f532480bfbfa72ae7ae5ef7ef8f5b/actions - {"actions":[{"id":"action63","type":"key","parameters":{},"actions":[{"type":"keyDown","value":""},{"type":"pause","duration":10},{"type":"keyUp","value":""}]}]}
RESULT: {"actions":[{"id":"action63","type":"key","parameters":{},"actions":[{"type":"keyDown","value":""},{"type":"pause","duration":10},{"type":"keyUp","value":""}]}]}
COMMAND: GET /session/d53f532480bfbfa72ae7ae5ef7ef8f5b/screenshot - {}
RESULT: {}
COMMAND: POST /session/d53f532480bfbfa72ae7ae5ef7ef8f5b/execute/async - {"script":"<script> [1562 bytes]","args":[{"selector":{"id":"application-manageconditionprice-display-component---conditions--smartFilterBar-filterItemControl_BASIC-BILL_TYPES-vhi"},"wdio_ui5_key":"applicationmanageconditionprice-display-component---conditions--smartFilterBar-filterItemControl_BASIC-BILL_TYPES-vhi"}]}
RESULT: {"script":"<script> [1562 bytes]","args":[{"selector":{"id":"application-manageconditionprice-display-component---conditions--smartFilterBar-filterItemControl_BASIC-BILL_TYPES-vhi"},"wdio_ui5_key":"applicationmanageconditionprice-display-component---conditions--smartFilterBar-filterItemControl_BASIC-BILL_TYPES-vhi"}]}
RESULT: undefined
COMMAND: POST /session/d53f532480bfbfa72ae7ae5ef7ef8f5b/element - {"using":"xpath","value":"//*[@id=\"application-manageconditionprice-display-component---conditions--smartFilterBar-filterItemControl_BASIC-BILL_TYPES-vhi\"]"}
RESULT: {"using":"xpath","value":"//*[@id=\"application-manageconditionprice-display-component---conditions--smartFilterBar-filterItemControl_BASIC-BILL_TYPES-vhi\"]"}
COMMAND: POST /session/d53f532480bfbfa72ae7ae5ef7ef8f5b/element/f.9714F2348D0A698B9780435C77649C65.d.6E5155025AB262AFEDCBA338079AB551.e.18522/click - {}
RESULT: {}
COMMAND: POST /session/d53f532480bfbfa72ae7ae5ef7ef8f5b/execute/async - {"script":"<script> [1562 bytes]","args":[{"selector":{"id":"application-manageconditionprice-display-component---conditions--smartFilterBar-filterItemControl_BASIC-BILL_TYPES-valueHelpDialog-smartFilterBar-btnBasicSearch","searchOpenDialogs":true,"interaction":{"idSuffix":"I"}},"wdio_ui5_key":"applicationmanageconditionprice-display-component---conditions--smartFilterBar-filterItemControl_BASIC-BILL_TYPES-valueHelpDialog-smartFilterBar-btnBasicSearch"}]}
COMMAND: GET /session/d53f532480bfbfa72ae7ae5ef7ef8f5b/screenshot - {}
RESULT: {"script":"<script> [1562 bytes]","args":[{"selector":{"id":"application-manageconditionprice-display-component---conditions--smartFilterBar-filterItemControl_BASIC-BILL_TYPES-valueHelpDialog-smartFilterBar-btnBasicSearch","searchOpenDialogs":true,"interaction":{"idSuffix":"I"}},"wdio_ui5_key":"applicationmanageconditionprice-display-component---conditions--smartFilterBar-filterItemControl_BASIC-BILL_TYPES-valueHelpDialog-smartFilterBar-btnBasicSearch"}]}
RESULT: undefined
COMMAND: POST /session/d53f532480bfbfa72ae7ae5ef7ef8f5b/execute/async - {"script":"<script> [776 bytes]","args":[{"enterText":"TB","selector":{"id":"application-manageconditionprice-display-component---conditions--smartFilterBar-filterItemControl_BASIC-BILL_TYPES-valueHelpDialog-smartFilterBar-btnBasicSearch","searchOpenDialogs":true,"interaction":{"idSuffix":"I"}},"clearTextFirst":true,"interactionType":"ENTER_TEXT"}]}
RESULT: {}
RESULT: {"script":"<script> [776 bytes]","args":[{"enterText":"TB","selector":{"id":"application-manageconditionprice-display-component---conditions--smartFilterBar-filterItemControl_BASIC-BILL_TYPES-valueHelpDialog-smartFilterBar-btnBasicSearch","searchOpenDialogs":true,"interaction":{"idSuffix":"I"}},"clearTextFirst":true,"interactionType":"ENTER_TEXT"}]}
COMMAND: POST /session/d53f532480bfbfa72ae7ae5ef7ef8f5b/actions - {"actions":[{"id":"action64","type":"key","parameters":{},"actions":[{"type":"keyDown","value":""},{"type":"pause","duration":10},{"type":"keyUp","value":""}]}]}
RESULT: {"actions":[{"id":"action64","type":"key","parameters":{},"actions":[{"type":"keyDown","value":""},{"type":"pause","duration":10},{"type":"keyUp","value":""}]}]}
COMMAND: GET /session/d53f532480bfbfa72ae7ae5ef7ef8f5b/screenshot - {}
RESULT: {}
COMMAND: POST /session/d53f532480bfbfa72ae7ae5ef7ef8f5b/element - {"using":"xpath","value":"//div[contains(@id, 'application-manageconditionprice-display-component---conditions--smartFilterBar-filterItemControl_BASIC-BILL_TYPES-valueHelpDialog-table-rowsel0')]"}
RESULT: {"using":"xpath","value":"//div[contains(@id, 'application-manageconditionprice-display-component---conditions--smartFilterBar-filterItemControl_BASIC-BILL_TYPES-valueHelpDialog-table-rowsel0')]"}
COMMAND: POST /session/d53f532480bfbfa72ae7ae5ef7ef8f5b/element/f.9714F2348D0A698B9780435C77649C65.d.6E5155025AB262AFEDCBA338079AB551.e.18530/click - {}
RESULT: {}
COMMAND: GET /session/d53f532480bfbfa72ae7ae5ef7ef8f5b/screenshot - {}
RESULT: {}
COMMAND: POST /session/d53f532480bfbfa72ae7ae5ef7ef8f5b/element - {"using":"xpath","value":"//bdi[contains(text(), \"OK\")]"}
RESULT: {"using":"xpath","value":"//bdi[contains(text(), \"OK\")]"}
COMMAND: POST /session/d53f532480bfbfa72ae7ae5ef7ef8f5b/element/f.9714F2348D0A698B9780435C77649C65.d.6E5155025AB262AFEDCBA338079AB551.e.18532/click - {}
RESULT: {}
COMMAND: GET /session/d53f532480bfbfa72ae7ae5ef7ef8f5b/screenshot - {}
RESULT: {}
COMMAND: POST /session/d53f532480bfbfa72ae7ae5ef7ef8f5b/element - {"using":"xpath","value":"//span[@id=\"application-manageconditionprice-display-component---conditions--smartTable-header-inner\"]"}
RESULT: {"using":"xpath","value":"//span[@id=\"application-manageconditionprice-display-component---conditions--smartTable-header-inner\"]"}
COMMAND: POST /session/d53f532480bfbfa72ae7ae5ef7ef8f5b/elements - {"using":"xpath","value":"//span[@id=\"application-manageconditionprice-display-component---conditions--smartTable-header-inner\"]"}
RESULT: {"using":"xpath","value":"//span[@id=\"application-manageconditionprice-display-component---conditions--smartTable-header-inner\"]"}
COMMAND: POST /session/d53f532480bfbfa72ae7ae5ef7ef8f5b/execute/sync - {"script":"<script> [56 bytes]","args":[{"element-6066-11e4-a52e-4f735466cecf":"f.9714F2348D0A698B9780435C77649C65.d.6E5155025AB262AFEDCBA338079AB551.e.18535","ELEMENT":"f.9714F2348D0A698B9780435C77649C65.d.6E5155025AB262AFEDCBA338079AB551.e.18535"}]}
RESULT: {"script":"<script> [56 bytes]","args":[{"element-6066-11e4-a52e-4f735466cecf":"f.9714F2348D0A698B9780435C77649C65.d.6E5155025AB262AFEDCBA338079AB551.e.18535","ELEMENT":"f.9714F2348D0A698B9780435C77649C65.d.6E5155025AB262AFEDCBA338079AB551.e.18535"}]}
COMMAND: POST /session/d53f532480bfbfa72ae7ae5ef7ef8f5b/element - {"using":"css selector","value":"#shell-header-logo"}
COMMAND: GET /session/d53f532480bfbfa72ae7ae5ef7ef8f5b/screenshot - {}
RESULT: {"using":"css selector","value":"#shell-header-logo"}
COMMAND: POST /session/d53f532480bfbfa72ae7ae5ef7ef8f5b/element/f.9714F2348D0A698B9780435C77649C65.d.6E5155025AB262AFEDCBA338079AB551.e.18164/click - {}
RESULT: {}
RESULT: {}
COMMAND: GET /session/d53f532480bfbfa72ae7ae5ef7ef8f5b/screenshot - {}
RESULT: {}
]]></system-out>
    </testcase>
    <testcase classname="chrome.135_0_7049_42.windows.Create_Reverse_Billing_US127248" name="Should do a stock increase handover" time="76.482">
      <system-out><![CDATA[
COMMAND: POST /session/d53f532480bfbfa72ae7ae5ef7ef8f5b/execute/async - {"script":"<script> [1562 bytes]","args":[{"selector":{"controlType":"sap.m.Text","viewName":"etm.portal.ui.managehandoverstile.view.Master","properties":{"text":"Manage Handovers"},"interaction":{"idSuffix":"inner"}},"wdio_ui5_key":"etmportal.ui.managehandoverstile.view.Mastersap.m.Text{\"text\":\"Manage Handovers\"}"}]}
RESULT: {"script":"<script> [1562 bytes]","args":[{"selector":{"controlType":"sap.m.Text","viewName":"etm.portal.ui.managehandoverstile.view.Master","properties":{"text":"Manage Handovers"},"interaction":{"idSuffix":"inner"}},"wdio_ui5_key":"etmportal.ui.managehandoverstile.view.Mastersap.m.Text{\"text\":\"Manage Handovers\"}"}]}
RESULT: undefined
COMMAND: POST /session/d53f532480bfbfa72ae7ae5ef7ef8f5b/element - {"using":"xpath","value":"//*[@id=\"__tile132-title\"]"}
RESULT: {"using":"xpath","value":"//*[@id=\"__tile132-title\"]"}
COMMAND: POST /session/d53f532480bfbfa72ae7ae5ef7ef8f5b/element/f.9714F2348D0A698B9780435C77649C65.d.6E5155025AB262AFEDCBA338079AB551.e.18540/click - {}
RESULT: {}
COMMAND: POST /session/d53f532480bfbfa72ae7ae5ef7ef8f5b/element - {"using":"xpath","value":"//button[@data-kt=\"masterHOAddButton\"]"}
COMMAND: GET /session/d53f532480bfbfa72ae7ae5ef7ef8f5b/screenshot - {}
RESULT: {"using":"xpath","value":"//button[@data-kt=\"masterHOAddButton\"]"}
COMMAND: POST /session/d53f532480bfbfa72ae7ae5ef7ef8f5b/elements - {"using":"xpath","value":"//button[@data-kt=\"masterHOAddButton\"]"}
RESULT: {}
RESULT: {"using":"xpath","value":"//button[@data-kt=\"masterHOAddButton\"]"}
COMMAND: POST /session/d53f532480bfbfa72ae7ae5ef7ef8f5b/elements - {"using":"xpath","value":"//button[@data-kt=\"masterHOAddButton\"]"}
RESULT: {"using":"xpath","value":"//button[@data-kt=\"masterHOAddButton\"]"}
COMMAND: POST /session/d53f532480bfbfa72ae7ae5ef7ef8f5b/elements - {"using":"xpath","value":"//button[@data-kt=\"masterHOAddButton\"]"}
RESULT: {"using":"xpath","value":"//button[@data-kt=\"masterHOAddButton\"]"}
COMMAND: POST /session/d53f532480bfbfa72ae7ae5ef7ef8f5b/elements - {"using":"xpath","value":"//button[@data-kt=\"masterHOAddButton\"]"}
RESULT: {"using":"xpath","value":"//button[@data-kt=\"masterHOAddButton\"]"}
COMMAND: POST /session/d53f532480bfbfa72ae7ae5ef7ef8f5b/elements - {"using":"xpath","value":"//button[@data-kt=\"masterHOAddButton\"]"}
RESULT: {"using":"xpath","value":"//button[@data-kt=\"masterHOAddButton\"]"}
COMMAND: POST /session/d53f532480bfbfa72ae7ae5ef7ef8f5b/elements - {"using":"xpath","value":"//button[@data-kt=\"masterHOAddButton\"]"}
RESULT: {"using":"xpath","value":"//button[@data-kt=\"masterHOAddButton\"]"}
COMMAND: POST /session/d53f532480bfbfa72ae7ae5ef7ef8f5b/elements - {"using":"xpath","value":"//button[@data-kt=\"masterHOAddButton\"]"}
RESULT: {"using":"xpath","value":"//button[@data-kt=\"masterHOAddButton\"]"}
COMMAND: POST /session/d53f532480bfbfa72ae7ae5ef7ef8f5b/elements - {"using":"xpath","value":"//button[@data-kt=\"masterHOAddButton\"]"}
RESULT: {"using":"xpath","value":"//button[@data-kt=\"masterHOAddButton\"]"}
COMMAND: POST /session/d53f532480bfbfa72ae7ae5ef7ef8f5b/elements - {"using":"xpath","value":"//button[@data-kt=\"masterHOAddButton\"]"}
RESULT: {"using":"xpath","value":"//button[@data-kt=\"masterHOAddButton\"]"}
COMMAND: POST /session/d53f532480bfbfa72ae7ae5ef7ef8f5b/elements - {"using":"xpath","value":"//button[@data-kt=\"masterHOAddButton\"]"}
RESULT: {"using":"xpath","value":"//button[@data-kt=\"masterHOAddButton\"]"}
COMMAND: POST /session/d53f532480bfbfa72ae7ae5ef7ef8f5b/elements - {"using":"xpath","value":"//button[@data-kt=\"masterHOAddButton\"]"}
RESULT: {"using":"xpath","value":"//button[@data-kt=\"masterHOAddButton\"]"}
COMMAND: POST /session/d53f532480bfbfa72ae7ae5ef7ef8f5b/elements - {"using":"xpath","value":"//button[@data-kt=\"masterHOAddButton\"]"}
RESULT: {"using":"xpath","value":"//button[@data-kt=\"masterHOAddButton\"]"}
COMMAND: POST /session/d53f532480bfbfa72ae7ae5ef7ef8f5b/elements - {"using":"xpath","value":"//button[@data-kt=\"masterHOAddButton\"]"}
RESULT: {"using":"xpath","value":"//button[@data-kt=\"masterHOAddButton\"]"}
COMMAND: POST /session/d53f532480bfbfa72ae7ae5ef7ef8f5b/element - {"using":"xpath","value":"//button[@data-kt=\"masterHOAddButton\"]"}
RESULT: {"using":"xpath","value":"//button[@data-kt=\"masterHOAddButton\"]"}
COMMAND: POST /session/d53f532480bfbfa72ae7ae5ef7ef8f5b/execute/sync - {"script":"<script> [8489 bytes]","args":[{"element-6066-11e4-a52e-4f735466cecf":"f.9714F2348D0A698B9780435C77649C65.d.6E5155025AB262AFEDCBA338079AB551.e.18575","ELEMENT":"f.9714F2348D0A698B9780435C77649C65.d.6E5155025AB262AFEDCBA338079AB551.e.18575"}]}
RESULT: {"script":"<script> [8489 bytes]","args":[{"element-6066-11e4-a52e-4f735466cecf":"f.9714F2348D0A698B9780435C77649C65.d.6E5155025AB262AFEDCBA338079AB551.e.18575","ELEMENT":"f.9714F2348D0A698B9780435C77649C65.d.6E5155025AB262AFEDCBA338079AB551.e.18575"}]}
COMMAND: GET /session/d53f532480bfbfa72ae7ae5ef7ef8f5b/element/f.9714F2348D0A698B9780435C77649C65.d.6E5155025AB262AFEDCBA338079AB551.e.18575/enabled - {}
COMMAND: GET /session/d53f532480bfbfa72ae7ae5ef7ef8f5b/screenshot - {}
RESULT: {}
COMMAND: POST /session/d53f532480bfbfa72ae7ae5ef7ef8f5b/execute/sync - {"script":"<script> [8489 bytes]","args":[{"element-6066-11e4-a52e-4f735466cecf":"f.9714F2348D0A698B9780435C77649C65.d.6E5155025AB262AFEDCBA338079AB551.e.18575","ELEMENT":"f.9714F2348D0A698B9780435C77649C65.d.6E5155025AB262AFEDCBA338079AB551.e.18575"}]}
COMMAND: GET /session/d53f532480bfbfa72ae7ae5ef7ef8f5b/screenshot - {}
RESULT: {}
RESULT: {"script":"<script> [8489 bytes]","args":[{"element-6066-11e4-a52e-4f735466cecf":"f.9714F2348D0A698B9780435C77649C65.d.6E5155025AB262AFEDCBA338079AB551.e.18575","ELEMENT":"f.9714F2348D0A698B9780435C77649C65.d.6E5155025AB262AFEDCBA338079AB551.e.18575"}]}
COMMAND: POST /session/d53f532480bfbfa72ae7ae5ef7ef8f5b/execute/sync - {"script":"<script> [5351 bytes]","args":[{"element-6066-11e4-a52e-4f735466cecf":"f.9714F2348D0A698B9780435C77649C65.d.6E5155025AB262AFEDCBA338079AB551.e.18575","ELEMENT":"f.9714F2348D0A698B9780435C77649C65.d.6E5155025AB262AFEDCBA338079AB551.e.18575"}]}
COMMAND: GET /session/d53f532480bfbfa72ae7ae5ef7ef8f5b/screenshot - {}
RESULT: {}
RESULT: {"script":"<script> [5351 bytes]","args":[{"element-6066-11e4-a52e-4f735466cecf":"f.9714F2348D0A698B9780435C77649C65.d.6E5155025AB262AFEDCBA338079AB551.e.18575","ELEMENT":"f.9714F2348D0A698B9780435C77649C65.d.6E5155025AB262AFEDCBA338079AB551.e.18575"}]}
COMMAND: POST /session/d53f532480bfbfa72ae7ae5ef7ef8f5b/element/f.9714F2348D0A698B9780435C77649C65.d.6E5155025AB262AFEDCBA338079AB551.e.18575/click - {}
COMMAND: GET /session/d53f532480bfbfa72ae7ae5ef7ef8f5b/screenshot - {}
RESULT: {}
RESULT: {}
COMMAND: GET /session/d53f532480bfbfa72ae7ae5ef7ef8f5b/screenshot - {}
RESULT: {}
COMMAND: POST /session/d53f532480bfbfa72ae7ae5ef7ef8f5b/element - {"using":"xpath","value":"//span[contains(@id ,\"AddNewHO--typeSelect-arrow\")]"}
RESULT: {}
RESULT: {"using":"xpath","value":"//span[contains(@id ,\"AddNewHO--typeSelect-arrow\")]"}
COMMAND: POST /session/d53f532480bfbfa72ae7ae5ef7ef8f5b/element/f.9714F2348D0A698B9780435C77649C65.d.6E5155025AB262AFEDCBA338079AB551.e.18937/click - {}
RESULT: {}
COMMAND: GET /session/d53f532480bfbfa72ae7ae5ef7ef8f5b/screenshot - {}
RESULT: {}
COMMAND: POST /session/d53f532480bfbfa72ae7ae5ef7ef8f5b/element - {"using":"xpath","value":"(//li[contains(text(), \"stock increase yard\")])[1]"}
RESULT: {"using":"xpath","value":"(//li[contains(text(), \"stock increase yard\")])[1]"}
COMMAND: POST /session/d53f532480bfbfa72ae7ae5ef7ef8f5b/element/f.9714F2348D0A698B9780435C77649C65.d.6E5155025AB262AFEDCBA338079AB551.e.18938/click - {}
RESULT: {}
COMMAND: GET /session/d53f532480bfbfa72ae7ae5ef7ef8f5b/screenshot - {}
RESULT: {}
COMMAND: POST /session/d53f532480bfbfa72ae7ae5ef7ef8f5b/execute/async - {"script":"<script> [1562 bytes]","args":[{"selector":{"id":"application-managehandovers-display-component---AddNewHO--dueDate","interaction":{"idSuffix":"inner"}},"wdio_ui5_key":"applicationmanagehandovers-display-component---AddNewHO--dueDate"}]}
RESULT: {"script":"<script> [1562 bytes]","args":[{"selector":{"id":"application-managehandovers-display-component---AddNewHO--dueDate","interaction":{"idSuffix":"inner"}},"wdio_ui5_key":"applicationmanagehandovers-display-component---AddNewHO--dueDate"}]}
RESULT: undefined
COMMAND: POST /session/d53f532480bfbfa72ae7ae5ef7ef8f5b/execute/async - {"script":"<script> [6424 bytes]","args":[{"element-6066-11e4-a52e-4f735466cecf":"f.9714F2348D0A698B9780435C77649C65.d.6E5155025AB262AFEDCBA338079AB551.e.18940"},"setValue",["04/23/2025"]]}
RESULT: {"script":"<script> [6424 bytes]","args":[{"element-6066-11e4-a52e-4f735466cecf":"f.9714F2348D0A698B9780435C77649C65.d.6E5155025AB262AFEDCBA338079AB551.e.18940"},"setValue",["04/23/2025"]]}
COMMAND: POST /session/d53f532480bfbfa72ae7ae5ef7ef8f5b/element - {"using":"xpath","value":"//input[@id=\"generalSectionFrg--receiveYard-inner\"]"}
RESULT: {"using":"xpath","value":"//input[@id=\"generalSectionFrg--receiveYard-inner\"]"}
COMMAND: POST /session/d53f532480bfbfa72ae7ae5ef7ef8f5b/element/f.9714F2348D0A698B9780435C77649C65.d.6E5155025AB262AFEDCBA338079AB551.e.18946/clear - {}
RESULT: {}
COMMAND: POST /session/d53f532480bfbfa72ae7ae5ef7ef8f5b/element/f.9714F2348D0A698B9780435C77649C65.d.6E5155025AB262AFEDCBA338079AB551.e.18946/value - {"text":"713"}
COMMAND: GET /session/d53f532480bfbfa72ae7ae5ef7ef8f5b/screenshot - {}
RESULT: {"text":"713"}
COMMAND: GET /session/d53f532480bfbfa72ae7ae5ef7ef8f5b/screenshot - {}
RESULT: {}
RESULT: {}
COMMAND: POST /session/d53f532480bfbfa72ae7ae5ef7ef8f5b/element - {"using":"xpath","value":"//li[.//span[text()='713']]"}
RESULT: {"using":"xpath","value":"//li[.//span[text()='713']]"}
COMMAND: POST /session/d53f532480bfbfa72ae7ae5ef7ef8f5b/element/f.9714F2348D0A698B9780435C77649C65.d.6E5155025AB262AFEDCBA338079AB551.e.18963/click - {}
RESULT: {}
COMMAND: GET /session/d53f532480bfbfa72ae7ae5ef7ef8f5b/screenshot - {}
RESULT: {}
COMMAND: POST /session/d53f532480bfbfa72ae7ae5ef7ef8f5b/execute/async - {"script":"<script> [1562 bytes]","args":[{"selector":{"id":"application-managehandovers-display-component---AddNewHO--ObjectPageLayout-anchBar-application-managehandovers-display-component---AddNewHO--section4-anchor","interaction":{"idSuffix":"BDI-content"}},"wdio_ui5_key":"applicationmanagehandovers-display-component---AddNewHO--ObjectPageLayout-anchBar-application-managehandovers-display-component---AddNewHO--section4-anchor"}]}
RESULT: {"script":"<script> [1562 bytes]","args":[{"selector":{"id":"application-managehandovers-display-component---AddNewHO--ObjectPageLayout-anchBar-application-managehandovers-display-component---AddNewHO--section4-anchor","interaction":{"idSuffix":"BDI-content"}},"wdio_ui5_key":"applicationmanagehandovers-display-component---AddNewHO--ObjectPageLayout-anchBar-application-managehandovers-display-component---AddNewHO--section4-anchor"}]}
RESULT: undefined
COMMAND: POST /session/d53f532480bfbfa72ae7ae5ef7ef8f5b/element - {"using":"xpath","value":"//*[@id=\"application-managehandovers-display-component---AddNewHO--ObjectPageLayout-anchBar-application-managehandovers-display-component---AddNewHO--section4-anchor\"]"}
RESULT: {"using":"xpath","value":"//*[@id=\"application-managehandovers-display-component---AddNewHO--ObjectPageLayout-anchBar-application-managehandovers-display-component---AddNewHO--section4-anchor\"]"}
COMMAND: POST /session/d53f532480bfbfa72ae7ae5ef7ef8f5b/element/f.9714F2348D0A698B9780435C77649C65.d.6E5155025AB262AFEDCBA338079AB551.e.18965/click - {}
RESULT: {}
COMMAND: POST /session/d53f532480bfbfa72ae7ae5ef7ef8f5b/element - {"using":"xpath","value":"//button[@aria-label=\"Add\"]"}
COMMAND: GET /session/d53f532480bfbfa72ae7ae5ef7ef8f5b/screenshot - {}
RESULT: {"using":"xpath","value":"//button[@aria-label=\"Add\"]"}
COMMAND: POST /session/d53f532480bfbfa72ae7ae5ef7ef8f5b/element/f.9714F2348D0A698B9780435C77649C65.d.6E5155025AB262AFEDCBA338079AB551.e.18967/click - {}
RESULT: {}
RESULT: {}
COMMAND: GET /session/d53f532480bfbfa72ae7ae5ef7ef8f5b/screenshot - {}
RESULT: {}
COMMAND: POST /session/d53f532480bfbfa72ae7ae5ef7ef8f5b/execute/async - {"script":"<script> [1562 bytes]","args":[{"selector":{"id":"application-managehandovers-display-component---AddNewHO--smartFilterBar-btnBasicSearch","searchOpenDialogs":true,"interaction":{"idSuffix":"I"}},"wdio_ui5_key":"applicationmanagehandovers-display-component---AddNewHO--smartFilterBar-btnBasicSearch"}]}
RESULT: {"script":"<script> [1562 bytes]","args":[{"selector":{"id":"application-managehandovers-display-component---AddNewHO--smartFilterBar-btnBasicSearch","searchOpenDialogs":true,"interaction":{"idSuffix":"I"}},"wdio_ui5_key":"applicationmanagehandovers-display-component---AddNewHO--smartFilterBar-btnBasicSearch"}]}
RESULT: undefined
COMMAND: POST /session/d53f532480bfbfa72ae7ae5ef7ef8f5b/execute/async - {"script":"<script> [776 bytes]","args":[{"enterText":"tUHXqrSj9m","selector":{"id":"application-managehandovers-display-component---AddNewHO--smartFilterBar-btnBasicSearch","searchOpenDialogs":true,"interaction":{"idSuffix":"I"}},"clearTextFirst":true,"interactionType":"ENTER_TEXT"}]}
RESULT: {"script":"<script> [776 bytes]","args":[{"enterText":"tUHXqrSj9m","selector":{"id":"application-managehandovers-display-component---AddNewHO--smartFilterBar-btnBasicSearch","searchOpenDialogs":true,"interaction":{"idSuffix":"I"}},"clearTextFirst":true,"interactionType":"ENTER_TEXT"}]}
COMMAND: POST /session/d53f532480bfbfa72ae7ae5ef7ef8f5b/actions - {"actions":[{"id":"action65","type":"key","parameters":{},"actions":[{"type":"keyDown","value":""},{"type":"pause","duration":10},{"type":"keyUp","value":""}]}]}
RESULT: {"actions":[{"id":"action65","type":"key","parameters":{},"actions":[{"type":"keyDown","value":""},{"type":"pause","duration":10},{"type":"keyUp","value":""}]}]}
COMMAND: GET /session/d53f532480bfbfa72ae7ae5ef7ef8f5b/screenshot - {}
RESULT: {}
COMMAND: POST /session/d53f532480bfbfa72ae7ae5ef7ef8f5b/execute/async - {"script":"<script> [1562 bytes]","args":[{"selector":{"id":"application-managehandovers-display-component---AddNewHO--popup-sa","searchOpenDialogs":true,"interaction":{"idSuffix":"CbBg"}},"wdio_ui5_key":"applicationmanagehandovers-display-component---AddNewHO--popup-sa"}]}
RESULT: {"script":"<script> [1562 bytes]","args":[{"selector":{"id":"application-managehandovers-display-component---AddNewHO--popup-sa","searchOpenDialogs":true,"interaction":{"idSuffix":"CbBg"}},"wdio_ui5_key":"applicationmanagehandovers-display-component---AddNewHO--popup-sa"}]}
RESULT: undefined
COMMAND: POST /session/d53f532480bfbfa72ae7ae5ef7ef8f5b/element - {"using":"xpath","value":"//*[@id=\"application-managehandovers-display-component---AddNewHO--popup-sa\"]"}
RESULT: {"using":"xpath","value":"//*[@id=\"application-managehandovers-display-component---AddNewHO--popup-sa\"]"}
COMMAND: POST /session/d53f532480bfbfa72ae7ae5ef7ef8f5b/element/f.9714F2348D0A698B9780435C77649C65.d.6E5155025AB262AFEDCBA338079AB551.e.19120/click - {}
RESULT: {}
COMMAND: GET /session/d53f532480bfbfa72ae7ae5ef7ef8f5b/screenshot - {}
RESULT: {}
COMMAND: POST /session/d53f532480bfbfa72ae7ae5ef7ef8f5b/element - {"using":"xpath","value":"//bdi[contains(text(), \"Select\")]"}
RESULT: {"using":"xpath","value":"//bdi[contains(text(), \"Select\")]"}
COMMAND: POST /session/d53f532480bfbfa72ae7ae5ef7ef8f5b/element/f.9714F2348D0A698B9780435C77649C65.d.6E5155025AB262AFEDCBA338079AB551.e.19121/click - {}
RESULT: {}
COMMAND: GET /session/d53f532480bfbfa72ae7ae5ef7ef8f5b/screenshot - {}
RESULT: {}
COMMAND: POST /session/d53f532480bfbfa72ae7ae5ef7ef8f5b/element - {"using":"xpath","value":"//button[@data-kt=\"AddNewHOSaveButton\"]"}
RESULT: {"using":"xpath","value":"//button[@data-kt=\"AddNewHOSaveButton\"]"}
COMMAND: POST /session/d53f532480bfbfa72ae7ae5ef7ef8f5b/element/f.9714F2348D0A698B9780435C77649C65.d.6E5155025AB262AFEDCBA338079AB551.e.19125/click - {}
RESULT: {}
COMMAND: GET /session/d53f532480bfbfa72ae7ae5ef7ef8f5b/screenshot - {}
RESULT: {}
COMMAND: POST /session/d53f532480bfbfa72ae7ae5ef7ef8f5b/execute/async - {"script":"<script> [1562 bytes]","args":[{"selector":{"id":"receiptDatePicker","viewName":"etm.portal.ui.managehandovers.view.DetailExecuteHO","interaction":{"idSuffix":"inner"}},"wdio_ui5_key":"receiptDatePickeretmportal.ui.managehandovers.view.DetailExecuteHO"}]}
RESULT: {"script":"<script> [1562 bytes]","args":[{"selector":{"id":"receiptDatePicker","viewName":"etm.portal.ui.managehandovers.view.DetailExecuteHO","interaction":{"idSuffix":"inner"}},"wdio_ui5_key":"receiptDatePickeretmportal.ui.managehandovers.view.DetailExecuteHO"}]}
RESULT: undefined
COMMAND: POST /session/d53f532480bfbfa72ae7ae5ef7ef8f5b/execute/async - {"script":"<script> [6424 bytes]","args":[{"element-6066-11e4-a52e-4f735466cecf":"f.9714F2348D0A698B9780435C77649C65.d.6E5155025AB262AFEDCBA338079AB551.e.19156"},"setValue",["04/23/2025"]]}
RESULT: {"script":"<script> [6424 bytes]","args":[{"element-6066-11e4-a52e-4f735466cecf":"f.9714F2348D0A698B9780435C77649C65.d.6E5155025AB262AFEDCBA338079AB551.e.19156"},"setValue",["04/23/2025"]]}
COMMAND: POST /session/d53f532480bfbfa72ae7ae5ef7ef8f5b/element - {"using":"xpath","value":"//button[@data-kt=\"PickingTableConfirmAllButton\"]"}
RESULT: {"using":"xpath","value":"//button[@data-kt=\"PickingTableConfirmAllButton\"]"}
COMMAND: POST /session/d53f532480bfbfa72ae7ae5ef7ef8f5b/element/f.9714F2348D0A698B9780435C77649C65.d.6E5155025AB262AFEDCBA338079AB551.e.19171/click - {}
RESULT: {}
COMMAND: GET /session/d53f532480bfbfa72ae7ae5ef7ef8f5b/screenshot - {}
RESULT: {}
COMMAND: POST /session/d53f532480bfbfa72ae7ae5ef7ef8f5b/element - {"using":"xpath","value":"//bdi[contains(text(), \"OK\")]"}
RESULT: {"using":"xpath","value":"//bdi[contains(text(), \"OK\")]"}
COMMAND: POST /session/d53f532480bfbfa72ae7ae5ef7ef8f5b/element/f.9714F2348D0A698B9780435C77649C65.d.6E5155025AB262AFEDCBA338079AB551.e.19173/click - {}
RESULT: {}
COMMAND: GET /session/d53f532480bfbfa72ae7ae5ef7ef8f5b/screenshot - {}
RESULT: {}
COMMAND: POST /session/d53f532480bfbfa72ae7ae5ef7ef8f5b/element - {"using":"xpath","value":"(//bdi[contains(text(), \"Receive\")])[2]"}
RESULT: {"using":"xpath","value":"(//bdi[contains(text(), \"Receive\")])[2]"}
COMMAND: POST /session/d53f532480bfbfa72ae7ae5ef7ef8f5b/element/f.9714F2348D0A698B9780435C77649C65.d.6E5155025AB262AFEDCBA338079AB551.e.19175/click - {}
RESULT: {}
COMMAND: GET /session/d53f532480bfbfa72ae7ae5ef7ef8f5b/screenshot - {}
RESULT: {}
COMMAND: POST /session/d53f532480bfbfa72ae7ae5ef7ef8f5b/element - {"using":"css selector","value":"#shell-header-logo"}
RESULT: {"using":"css selector","value":"#shell-header-logo"}
COMMAND: POST /session/d53f532480bfbfa72ae7ae5ef7ef8f5b/element/f.9714F2348D0A698B9780435C77649C65.d.6E5155025AB262AFEDCBA338079AB551.e.18542/click - {}
RESULT: {}
COMMAND: GET /session/d53f532480bfbfa72ae7ae5ef7ef8f5b/screenshot - {}
RESULT: {}
]]></system-out>
    </testcase>
    <testcase classname="chrome.135_0_7049_42.windows.Create_Reverse_Billing_US127248" name="Should create a new contract" time="54.629">
      <system-out><![CDATA[
COMMAND: POST /session/d53f532480bfbfa72ae7ae5ef7ef8f5b/execute/async - {"script":"<script> [1562 bytes]","args":[{"selector":{"controlType":"sap.m.Text","viewName":"etm.portal.ui.managecontractstile.view.Master","properties":{"text":"Manage Contracts"},"interaction":{"idSuffix":"inner"}},"wdio_ui5_key":"etmportal.ui.managecontractstile.view.Mastersap.m.Text{\"text\":\"Manage Contracts\"}"}]}
RESULT: {"script":"<script> [1562 bytes]","args":[{"selector":{"controlType":"sap.m.Text","viewName":"etm.portal.ui.managecontractstile.view.Master","properties":{"text":"Manage Contracts"},"interaction":{"idSuffix":"inner"}},"wdio_ui5_key":"etmportal.ui.managecontractstile.view.Mastersap.m.Text{\"text\":\"Manage Contracts\"}"}]}
RESULT: undefined
COMMAND: POST /session/d53f532480bfbfa72ae7ae5ef7ef8f5b/element - {"using":"xpath","value":"//*[@id=\"__tile130-title\"]"}
RESULT: {"using":"xpath","value":"//*[@id=\"__tile130-title\"]"}
COMMAND: POST /session/d53f532480bfbfa72ae7ae5ef7ef8f5b/element/f.9714F2348D0A698B9780435C77649C65.d.6E5155025AB262AFEDCBA338079AB551.e.19345/click - {}
RESULT: {}
COMMAND: GET /session/d53f532480bfbfa72ae7ae5ef7ef8f5b/screenshot - {}
COMMAND: POST /session/d53f532480bfbfa72ae7ae5ef7ef8f5b/element - {"using":"xpath","value":"//button[@data-kt=\"addButton\"]"}
RESULT: {}
RESULT: undefined
RESULT: undefined
RESULT: {"using":"xpath","value":"//button[@data-kt=\"addButton\"]"}
COMMAND: POST /session/d53f532480bfbfa72ae7ae5ef7ef8f5b/elements - {"using":"xpath","value":"//button[@data-kt=\"addButton\"]"}
RESULT: {"using":"xpath","value":"//button[@data-kt=\"addButton\"]"}
COMMAND: POST /session/d53f532480bfbfa72ae7ae5ef7ef8f5b/execute/sync - {"script":"<script> [8489 bytes]","args":[{"element-6066-11e4-a52e-4f735466cecf":"f.9714F2348D0A698B9780435C77649C65.d.6E5155025AB262AFEDCBA338079AB551.e.19373","ELEMENT":"f.9714F2348D0A698B9780435C77649C65.d.6E5155025AB262AFEDCBA338079AB551.e.19373"}]}
RESULT: {"script":"<script> [8489 bytes]","args":[{"element-6066-11e4-a52e-4f735466cecf":"f.9714F2348D0A698B9780435C77649C65.d.6E5155025AB262AFEDCBA338079AB551.e.19373","ELEMENT":"f.9714F2348D0A698B9780435C77649C65.d.6E5155025AB262AFEDCBA338079AB551.e.19373"}]}
COMMAND: GET /session/d53f532480bfbfa72ae7ae5ef7ef8f5b/element/f.9714F2348D0A698B9780435C77649C65.d.6E5155025AB262AFEDCBA338079AB551.e.19373/enabled - {}
COMMAND: GET /session/d53f532480bfbfa72ae7ae5ef7ef8f5b/screenshot - {}
RESULT: {}
COMMAND: POST /session/d53f532480bfbfa72ae7ae5ef7ef8f5b/execute/sync - {"script":"<script> [8489 bytes]","args":[{"element-6066-11e4-a52e-4f735466cecf":"f.9714F2348D0A698B9780435C77649C65.d.6E5155025AB262AFEDCBA338079AB551.e.19373","ELEMENT":"f.9714F2348D0A698B9780435C77649C65.d.6E5155025AB262AFEDCBA338079AB551.e.19373"}]}
COMMAND: GET /session/d53f532480bfbfa72ae7ae5ef7ef8f5b/screenshot - {}
RESULT: {}
RESULT: {"script":"<script> [8489 bytes]","args":[{"element-6066-11e4-a52e-4f735466cecf":"f.9714F2348D0A698B9780435C77649C65.d.6E5155025AB262AFEDCBA338079AB551.e.19373","ELEMENT":"f.9714F2348D0A698B9780435C77649C65.d.6E5155025AB262AFEDCBA338079AB551.e.19373"}]}
COMMAND: POST /session/d53f532480bfbfa72ae7ae5ef7ef8f5b/execute/sync - {"script":"<script> [5351 bytes]","args":[{"element-6066-11e4-a52e-4f735466cecf":"f.9714F2348D0A698B9780435C77649C65.d.6E5155025AB262AFEDCBA338079AB551.e.19373","ELEMENT":"f.9714F2348D0A698B9780435C77649C65.d.6E5155025AB262AFEDCBA338079AB551.e.19373"}]}
COMMAND: GET /session/d53f532480bfbfa72ae7ae5ef7ef8f5b/screenshot - {}
RESULT: {}
RESULT: {"script":"<script> [5351 bytes]","args":[{"element-6066-11e4-a52e-4f735466cecf":"f.9714F2348D0A698B9780435C77649C65.d.6E5155025AB262AFEDCBA338079AB551.e.19373","ELEMENT":"f.9714F2348D0A698B9780435C77649C65.d.6E5155025AB262AFEDCBA338079AB551.e.19373"}]}
COMMAND: GET /session/d53f532480bfbfa72ae7ae5ef7ef8f5b/screenshot - {}
RESULT: {}
RESULT: {}
COMMAND: POST /session/d53f532480bfbfa72ae7ae5ef7ef8f5b/element/f.9714F2348D0A698B9780435C77649C65.d.6E5155025AB262AFEDCBA338079AB551.e.19373/click - {}
RESULT: {}
COMMAND: GET /session/d53f532480bfbfa72ae7ae5ef7ef8f5b/screenshot - {}
RESULT: {}
COMMAND: POST /session/d53f532480bfbfa72ae7ae5ef7ef8f5b/execute/async - {"script":"<script> [1562 bytes]","args":[{"selector":{"id":"application-managecontracts-display-component---AddNewContract--projectDescription","interaction":{"idSuffix":"inner"}},"wdio_ui5_key":"applicationmanagecontracts-display-component---AddNewContract--projectDescription"}]}
RESULT: {"script":"<script> [1562 bytes]","args":[{"selector":{"id":"application-managecontracts-display-component---AddNewContract--projectDescription","interaction":{"idSuffix":"inner"}},"wdio_ui5_key":"applicationmanagecontracts-display-component---AddNewContract--projectDescription"}]}
RESULT: undefined
COMMAND: POST /session/d53f532480bfbfa72ae7ae5ef7ef8f5b/execute/async - {"script":"<script> [776 bytes]","args":[{"enterText":"Contract WDIO","selector":{"id":"application-managecontracts-display-component---AddNewContract--projectDescription","interaction":{"idSuffix":"inner"}},"clearTextFirst":true,"interactionType":"ENTER_TEXT"}]}
RESULT: {"script":"<script> [776 bytes]","args":[{"enterText":"Contract WDIO","selector":{"id":"application-managecontracts-display-component---AddNewContract--projectDescription","interaction":{"idSuffix":"inner"}},"clearTextFirst":true,"interactionType":"ENTER_TEXT"}]}
COMMAND: POST /session/d53f532480bfbfa72ae7ae5ef7ef8f5b/element - {"using":"xpath","value":"//input[@id=\"application-managecontracts-display-component---AddNewContract--site-inner\"]"}
RESULT: {"using":"xpath","value":"//input[@id=\"application-managecontracts-display-component---AddNewContract--site-inner\"]"}
COMMAND: POST /session/d53f532480bfbfa72ae7ae5ef7ef8f5b/element/f.9714F2348D0A698B9780435C77649C65.d.6E5155025AB262AFEDCBA338079AB551.e.19728/clear - {}
RESULT: {}
COMMAND: POST /session/d53f532480bfbfa72ae7ae5ef7ef8f5b/element/f.9714F2348D0A698B9780435C77649C65.d.6E5155025AB262AFEDCBA338079AB551.e.19728/value - {"text":"2526"}
COMMAND: GET /session/d53f532480bfbfa72ae7ae5ef7ef8f5b/screenshot - {}
RESULT: {"text":"2526"}
COMMAND: GET /session/d53f532480bfbfa72ae7ae5ef7ef8f5b/screenshot - {}
RESULT: {}
RESULT: {}
COMMAND: POST /session/d53f532480bfbfa72ae7ae5ef7ef8f5b/element - {"using":"xpath","value":"//li[.//span[text()='2526']]"}
RESULT: {"using":"xpath","value":"//li[.//span[text()='2526']]"}
COMMAND: POST /session/d53f532480bfbfa72ae7ae5ef7ef8f5b/element/f.9714F2348D0A698B9780435C77649C65.d.6E5155025AB262AFEDCBA338079AB551.e.19759/click - {}
RESULT: {}
COMMAND: GET /session/d53f532480bfbfa72ae7ae5ef7ef8f5b/screenshot - {}
RESULT: {}
COMMAND: POST /session/d53f532480bfbfa72ae7ae5ef7ef8f5b/element - {"using":"xpath","value":"//input[@id=\"application-managecontracts-display-component---AddNewContract--yardId-inner\"]"}
RESULT: {"using":"xpath","value":"//input[@id=\"application-managecontracts-display-component---AddNewContract--yardId-inner\"]"}
COMMAND: GET /session/d53f532480bfbfa72ae7ae5ef7ef8f5b/element/f.9714F2348D0A698B9780435C77649C65.d.6E5155025AB262AFEDCBA338079AB551.e.19729/property/value - {}
RESULT: {}
COMMAND: POST /session/d53f532480bfbfa72ae7ae5ef7ef8f5b/element - {"using":"xpath","value":"//input[@id=\"application-managecontracts-display-component---AddNewContract--customerSelect-inner\"]"}
COMMAND: GET /session/d53f532480bfbfa72ae7ae5ef7ef8f5b/screenshot - {}
RESULT: {"using":"xpath","value":"//input[@id=\"application-managecontracts-display-component---AddNewContract--customerSelect-inner\"]"}
COMMAND: POST /session/d53f532480bfbfa72ae7ae5ef7ef8f5b/element/f.9714F2348D0A698B9780435C77649C65.d.6E5155025AB262AFEDCBA338079AB551.e.19727/clear - {}
RESULT: {}
RESULT: {}
COMMAND: POST /session/d53f532480bfbfa72ae7ae5ef7ef8f5b/element/f.9714F2348D0A698B9780435C77649C65.d.6E5155025AB262AFEDCBA338079AB551.e.19727/value - {"text":"1569"}
COMMAND: GET /session/d53f532480bfbfa72ae7ae5ef7ef8f5b/screenshot - {}
RESULT: {"text":"1569"}
COMMAND: GET /session/d53f532480bfbfa72ae7ae5ef7ef8f5b/screenshot - {}
RESULT: {}
RESULT: {}
COMMAND: POST /session/d53f532480bfbfa72ae7ae5ef7ef8f5b/element - {"using":"xpath","value":"//li[.//span[text()='1569']]"}
RESULT: {"using":"xpath","value":"//li[.//span[text()='1569']]"}
COMMAND: POST /session/d53f532480bfbfa72ae7ae5ef7ef8f5b/element/f.9714F2348D0A698B9780435C77649C65.d.6E5155025AB262AFEDCBA338079AB551.e.19762/click - {}
RESULT: {}
COMMAND: GET /session/d53f532480bfbfa72ae7ae5ef7ef8f5b/screenshot - {}
RESULT: {}
COMMAND: POST /session/d53f532480bfbfa72ae7ae5ef7ef8f5b/element - {"using":"xpath","value":"//button[@data-kt=\"saveButton\"]"}
RESULT: {"using":"xpath","value":"//button[@data-kt=\"saveButton\"]"}
COMMAND: POST /session/d53f532480bfbfa72ae7ae5ef7ef8f5b/element/f.9714F2348D0A698B9780435C77649C65.d.6E5155025AB262AFEDCBA338079AB551.e.19752/click - {}
RESULT: {}
COMMAND: GET /session/d53f532480bfbfa72ae7ae5ef7ef8f5b/screenshot - {}
RESULT: {}
COMMAND: POST /session/d53f532480bfbfa72ae7ae5ef7ef8f5b/element - {"using":"xpath","value":"//span[contains(@id ,\"contractDetailTitleNoExpanded\")]"}
RESULT: {"using":"xpath","value":"//span[contains(@id ,\"contractDetailTitleNoExpanded\")]"}
COMMAND: POST /session/d53f532480bfbfa72ae7ae5ef7ef8f5b/elements - {"using":"xpath","value":"//span[contains(@id ,\"contractDetailTitleNoExpanded\")]"}
RESULT: {"using":"xpath","value":"//span[contains(@id ,\"contractDetailTitleNoExpanded\")]"}
COMMAND: POST /session/d53f532480bfbfa72ae7ae5ef7ef8f5b/execute/sync - {"script":"<script> [56 bytes]","args":[{"element-6066-11e4-a52e-4f735466cecf":"f.9714F2348D0A698B9780435C77649C65.d.6E5155025AB262AFEDCBA338079AB551.e.19833","ELEMENT":"f.9714F2348D0A698B9780435C77649C65.d.6E5155025AB262AFEDCBA338079AB551.e.19833"}]}
RESULT: {"script":"<script> [56 bytes]","args":[{"element-6066-11e4-a52e-4f735466cecf":"f.9714F2348D0A698B9780435C77649C65.d.6E5155025AB262AFEDCBA338079AB551.e.19833","ELEMENT":"f.9714F2348D0A698B9780435C77649C65.d.6E5155025AB262AFEDCBA338079AB551.e.19833"}]}
COMMAND: GET /session/d53f532480bfbfa72ae7ae5ef7ef8f5b/screenshot - {}
RESULT: {}
]]></system-out>
    </testcase>
    <testcase classname="chrome.135_0_7049_42.windows.Create_Reverse_Billing_US127248" name="Should add equipment to the contract" time="40.161">
      <system-out><![CDATA[
COMMAND: POST /session/d53f532480bfbfa72ae7ae5ef7ef8f5b/element - {"using":"xpath","value":"//button[@data-kt=\"contractDetailEditBtnButton\"]"}
RESULT: {"using":"xpath","value":"//button[@data-kt=\"contractDetailEditBtnButton\"]"}
COMMAND: POST /session/d53f532480bfbfa72ae7ae5ef7ef8f5b/element/f.9714F2348D0A698B9780435C77649C65.d.6E5155025AB262AFEDCBA338079AB551.e.19836/click - {}
RESULT: {}
COMMAND: GET /session/d53f532480bfbfa72ae7ae5ef7ef8f5b/screenshot - {}
RESULT: {}
COMMAND: POST /session/d53f532480bfbfa72ae7ae5ef7ef8f5b/element - {"using":"xpath","value":"(//span[contains(text(), \"Additional Addresses\")])[2]"}
RESULT: {"using":"xpath","value":"(//span[contains(text(), \"Additional Addresses\")])[2]"}
COMMAND: POST /session/d53f532480bfbfa72ae7ae5ef7ef8f5b/element/f.9714F2348D0A698B9780435C77649C65.d.6E5155025AB262AFEDCBA338079AB551.e.19890/click - {}
RESULT: {}
COMMAND: GET /session/d53f532480bfbfa72ae7ae5ef7ef8f5b/screenshot - {}
RESULT: {}
COMMAND: POST /session/d53f532480bfbfa72ae7ae5ef7ef8f5b/element - {"using":"xpath","value":"//button[@data-kt=\"btnAddTableRowOverflowToolbarButton\"]"}
RESULT: {"using":"xpath","value":"//button[@data-kt=\"btnAddTableRowOverflowToolbarButton\"]"}
COMMAND: POST /session/d53f532480bfbfa72ae7ae5ef7ef8f5b/element/f.9714F2348D0A698B9780435C77649C65.d.6E5155025AB262AFEDCBA338079AB551.e.19892/click - {}
RESULT: {}
COMMAND: GET /session/d53f532480bfbfa72ae7ae5ef7ef8f5b/screenshot - {}
RESULT: {}
COMMAND: POST /session/d53f532480bfbfa72ae7ae5ef7ef8f5b/element - {"using":"xpath","value":"//div[(text() = 'Standard Entry' or . = 'Standard Entry')]"}
RESULT: {"using":"xpath","value":"//div[(text() = 'Standard Entry' or . = 'Standard Entry')]"}
COMMAND: POST /session/d53f532480bfbfa72ae7ae5ef7ef8f5b/element/f.9714F2348D0A698B9780435C77649C65.d.6E5155025AB262AFEDCBA338079AB551.e.19894/click - {}
RESULT: {}
COMMAND: GET /session/d53f532480bfbfa72ae7ae5ef7ef8f5b/screenshot - {}
RESULT: {}
COMMAND: POST /session/d53f532480bfbfa72ae7ae5ef7ef8f5b/element - {"using":"xpath","value":"//td[7]/div/div/input"}
RESULT: {"using":"xpath","value":"//td[7]/div/div/input"}
COMMAND: POST /session/d53f532480bfbfa72ae7ae5ef7ef8f5b/element/f.9714F2348D0A698B9780435C77649C65.d.6E5155025AB262AFEDCBA338079AB551.e.19903/clear - {}
RESULT: {}
COMMAND: POST /session/d53f532480bfbfa72ae7ae5ef7ef8f5b/element/f.9714F2348D0A698B9780435C77649C65.d.6E5155025AB262AFEDCBA338079AB551.e.19903/value - {"text":"tUHXqrSj9m"}
COMMAND: GET /session/d53f532480bfbfa72ae7ae5ef7ef8f5b/screenshot - {}
RESULT: {"text":"tUHXqrSj9m"}
COMMAND: GET /session/d53f532480bfbfa72ae7ae5ef7ef8f5b/screenshot - {}
RESULT: {}
RESULT: {}
COMMAND: POST /session/d53f532480bfbfa72ae7ae5ef7ef8f5b/actions - {"actions":[{"id":"action66","type":"key","parameters":{},"actions":[{"type":"keyDown","value":""},{"type":"pause","duration":10},{"type":"keyUp","value":""}]}]}
RESULT: {"actions":[{"id":"action66","type":"key","parameters":{},"actions":[{"type":"keyDown","value":""},{"type":"pause","duration":10},{"type":"keyUp","value":""}]}]}
COMMAND: GET /session/d53f532480bfbfa72ae7ae5ef7ef8f5b/screenshot - {}
RESULT: {}
COMMAND: POST /session/d53f532480bfbfa72ae7ae5ef7ef8f5b/element - {"using":"xpath","value":"(//button[@data-kt=\"saveButton\"])[2]"}
RESULT: {"using":"xpath","value":"(//button[@data-kt=\"saveButton\"])[2]"}
COMMAND: POST /session/d53f532480bfbfa72ae7ae5ef7ef8f5b/element/f.9714F2348D0A698B9780435C77649C65.d.6E5155025AB262AFEDCBA338079AB551.e.19918/click - {}
RESULT: {}
COMMAND: GET /session/d53f532480bfbfa72ae7ae5ef7ef8f5b/screenshot - {}
RESULT: {}
COMMAND: POST /session/d53f532480bfbfa72ae7ae5ef7ef8f5b/element - {"using":"xpath","value":"//span[contains(@id ,\"contractItemsSmartTable-header-inner\")]"}
RESULT: {"using":"xpath","value":"//span[contains(@id ,\"contractItemsSmartTable-header-inner\")]"}
COMMAND: POST /session/d53f532480bfbfa72ae7ae5ef7ef8f5b/elements - {"using":"xpath","value":"//span[contains(@id ,\"contractItemsSmartTable-header-inner\")]"}
RESULT: {"using":"xpath","value":"//span[contains(@id ,\"contractItemsSmartTable-header-inner\")]"}
COMMAND: POST /session/d53f532480bfbfa72ae7ae5ef7ef8f5b/execute/sync - {"script":"<script> [56 bytes]","args":[{"element-6066-11e4-a52e-4f735466cecf":"f.9714F2348D0A698B9780435C77649C65.d.6E5155025AB262AFEDCBA338079AB551.e.19923","ELEMENT":"f.9714F2348D0A698B9780435C77649C65.d.6E5155025AB262AFEDCBA338079AB551.e.19923"}]}
RESULT: {"script":"<script> [56 bytes]","args":[{"element-6066-11e4-a52e-4f735466cecf":"f.9714F2348D0A698B9780435C77649C65.d.6E5155025AB262AFEDCBA338079AB551.e.19923","ELEMENT":"f.9714F2348D0A698B9780435C77649C65.d.6E5155025AB262AFEDCBA338079AB551.e.19923"}]}
]]></system-out>
    </testcase>
    <testcase classname="chrome.135_0_7049_42.windows.Create_Reverse_Billing_US127248" name="Should do a provide to site handover" time="48.727">
      <system-out><![CDATA[
COMMAND: POST /session/d53f532480bfbfa72ae7ae5ef7ef8f5b/element - {"using":"xpath","value":"//button[@data-kt=\"provideButton\"]"}
COMMAND: GET /session/d53f532480bfbfa72ae7ae5ef7ef8f5b/screenshot - {}
RESULT: {"using":"xpath","value":"//button[@data-kt=\"provideButton\"]"}
COMMAND: POST /session/d53f532480bfbfa72ae7ae5ef7ef8f5b/element/f.9714F2348D0A698B9780435C77649C65.d.6E5155025AB262AFEDCBA338079AB551.e.19924/click - {}
RESULT: {}
RESULT: {}
COMMAND: GET /session/d53f532480bfbfa72ae7ae5ef7ef8f5b/screenshot - {}
RESULT: undefined
COMMAND: POST /session/d53f532480bfbfa72ae7ae5ef7ef8f5b/execute/async - {"script":"<script> [6424 bytes]","args":[{"element-6066-11e4-a52e-4f735466cecf":"f.9714F2348D0A698B9780435C77649C65.d.6E5155025AB262AFEDCBA338079AB551.e.18940"},"setValue",["04/23/2025"]]}
RESULT: {}
COMMAND: POST /session/d53f532480bfbfa72ae7ae5ef7ef8f5b/execute/async - {"script":"<script> [1562 bytes]","args":[{"selector":{"id":"application-managehandovers-display-component---AddNewHO--dueDate","interaction":{"idSuffix":"inner"}},"wdio_ui5_key":"applicationmanagehandovers-display-component---AddNewHO--dueDate"}]}
RESULT: {"script":"<script> [1562 bytes]","args":[{"selector":{"id":"application-managehandovers-display-component---AddNewHO--dueDate","interaction":{"idSuffix":"inner"}},"wdio_ui5_key":"applicationmanagehandovers-display-component---AddNewHO--dueDate"}]}
COMMAND: POST /session/d53f532480bfbfa72ae7ae5ef7ef8f5b/execute/async - {"script":"<script> [6424 bytes]","args":[{"element-6066-11e4-a52e-4f735466cecf":"f.9714F2348D0A698B9780435C77649C65.d.6E5155025AB262AFEDCBA338079AB551.e.19977"},"setValue",["04/23/2025"]]}
RESULT: {"script":"<script> [6424 bytes]","args":[{"element-6066-11e4-a52e-4f735466cecf":"f.9714F2348D0A698B9780435C77649C65.d.6E5155025AB262AFEDCBA338079AB551.e.19977"},"setValue",["04/23/2025"]]}
COMMAND: POST /session/d53f532480bfbfa72ae7ae5ef7ef8f5b/element - {"using":"xpath","value":"//bdi[contains(text(), \"Instructions\")]"}
RESULT: {"using":"xpath","value":"//bdi[contains(text(), \"Instructions\")]"}
COMMAND: POST /session/d53f532480bfbfa72ae7ae5ef7ef8f5b/element/f.9714F2348D0A698B9780435C77649C65.d.6E5155025AB262AFEDCBA338079AB551.e.20228/click - {}
RESULT: {}
COMMAND: GET /session/d53f532480bfbfa72ae7ae5ef7ef8f5b/screenshot - {}
RESULT: {}
COMMAND: POST /session/d53f532480bfbfa72ae7ae5ef7ef8f5b/element - {"using":"xpath","value":"//button[@data-kt=\"AddNewHOProvideAddItemsButton\"]"}
RESULT: {"using":"xpath","value":"//button[@data-kt=\"AddNewHOProvideAddItemsButton\"]"}
COMMAND: POST /session/d53f532480bfbfa72ae7ae5ef7ef8f5b/element/f.9714F2348D0A698B9780435C77649C65.d.6E5155025AB262AFEDCBA338079AB551.e.20232/click - {}
RESULT: {}
COMMAND: GET /session/d53f532480bfbfa72ae7ae5ef7ef8f5b/screenshot - {}
RESULT: {}
RESULT: undefined
COMMAND: POST /session/d53f532480bfbfa72ae7ae5ef7ef8f5b/element - {"using":"xpath","value":"//*[@id=\"application-managehandovers-display-component---AddNewHO--popup-sa\"]"}
RESULT: {"using":"xpath","value":"//*[@id=\"application-managehandovers-display-component---AddNewHO--popup-sa\"]"}
COMMAND: POST /session/d53f532480bfbfa72ae7ae5ef7ef8f5b/element/f.9714F2348D0A698B9780435C77649C65.d.6E5155025AB262AFEDCBA338079AB551.e.20241/click - {}
RESULT: {}
COMMAND: GET /session/d53f532480bfbfa72ae7ae5ef7ef8f5b/screenshot - {}
RESULT: {}
COMMAND: POST /session/d53f532480bfbfa72ae7ae5ef7ef8f5b/element - {"using":"xpath","value":"//*[contains(@id ,\"BDI-content\")][contains(text(), \"Select\")]"}
RESULT: {"using":"xpath","value":"//*[contains(@id ,\"BDI-content\")][contains(text(), \"Select\")]"}
COMMAND: POST /session/d53f532480bfbfa72ae7ae5ef7ef8f5b/element/f.9714F2348D0A698B9780435C77649C65.d.6E5155025AB262AFEDCBA338079AB551.e.20243/click - {}
RESULT: {}
COMMAND: GET /session/d53f532480bfbfa72ae7ae5ef7ef8f5b/screenshot - {}
RESULT: {}
COMMAND: POST /session/d53f532480bfbfa72ae7ae5ef7ef8f5b/execute/async - {"script":"<script> [1562 bytes]","args":[{"selector":{"id":"application-managehandovers-display-component---AddNewHO--confirmCreationButton","interaction":{"idSuffix":"BDI-content"}},"wdio_ui5_key":"applicationmanagehandovers-display-component---AddNewHO--confirmCreationButton"}]}
RESULT: {"script":"<script> [1562 bytes]","args":[{"selector":{"id":"application-managehandovers-display-component---AddNewHO--confirmCreationButton","interaction":{"idSuffix":"BDI-content"}},"wdio_ui5_key":"applicationmanagehandovers-display-component---AddNewHO--confirmCreationButton"}]}
RESULT: undefined
COMMAND: POST /session/d53f532480bfbfa72ae7ae5ef7ef8f5b/element - {"using":"xpath","value":"//*[@id=\"application-managehandovers-display-component---AddNewHO--confirmCreationButton\"]"}
RESULT: {"using":"xpath","value":"//*[@id=\"application-managehandovers-display-component---AddNewHO--confirmCreationButton\"]"}
COMMAND: POST /session/d53f532480bfbfa72ae7ae5ef7ef8f5b/element/f.9714F2348D0A698B9780435C77649C65.d.6E5155025AB262AFEDCBA338079AB551.e.20056/click - {}
RESULT: {}
COMMAND: GET /session/d53f532480bfbfa72ae7ae5ef7ef8f5b/screenshot - {}
RESULT: {}
COMMAND: POST /session/d53f532480bfbfa72ae7ae5ef7ef8f5b/element - {"using":"xpath","value":"//button[@data-kt=\"PickingTableConfirmAllButton\"]"}
RESULT: {"using":"xpath","value":"//button[@data-kt=\"PickingTableConfirmAllButton\"]"}
COMMAND: POST /session/d53f532480bfbfa72ae7ae5ef7ef8f5b/element/f.9714F2348D0A698B9780435C77649C65.d.6E5155025AB262AFEDCBA338079AB551.e.20298/click - {}
RESULT: {}
COMMAND: GET /session/d53f532480bfbfa72ae7ae5ef7ef8f5b/screenshot - {}
RESULT: {}
COMMAND: POST /session/d53f532480bfbfa72ae7ae5ef7ef8f5b/element - {"using":"xpath","value":"//bdi[contains(text(), \"OK\")]"}
RESULT: {"using":"xpath","value":"//bdi[contains(text(), \"OK\")]"}
COMMAND: POST /session/d53f532480bfbfa72ae7ae5ef7ef8f5b/element/f.9714F2348D0A698B9780435C77649C65.d.6E5155025AB262AFEDCBA338079AB551.e.20302/click - {}
RESULT: {}
COMMAND: GET /session/d53f532480bfbfa72ae7ae5ef7ef8f5b/screenshot - {}
RESULT: {}
COMMAND: POST /session/d53f532480bfbfa72ae7ae5ef7ef8f5b/element - {"using":"xpath","value":"//bdi[contains(text(), \"Issue\")]"}
RESULT: {"using":"xpath","value":"//bdi[contains(text(), \"Issue\")]"}
COMMAND: POST /session/d53f532480bfbfa72ae7ae5ef7ef8f5b/element/f.9714F2348D0A698B9780435C77649C65.d.6E5155025AB262AFEDCBA338079AB551.e.20304/click - {}
RESULT: {}
COMMAND: GET /session/d53f532480bfbfa72ae7ae5ef7ef8f5b/screenshot - {}
RESULT: {}
COMMAND: POST /session/d53f532480bfbfa72ae7ae5ef7ef8f5b/element - {"using":"css selector","value":"#shell-header-logo"}
RESULT: {"using":"css selector","value":"#shell-header-logo"}
COMMAND: POST /session/d53f532480bfbfa72ae7ae5ef7ef8f5b/element/f.9714F2348D0A698B9780435C77649C65.d.6E5155025AB262AFEDCBA338079AB551.e.19347/click - {}
RESULT: {}
COMMAND: GET /session/d53f532480bfbfa72ae7ae5ef7ef8f5b/screenshot - {}
RESULT: {}
]]></system-out>
    </testcase>
    <testcase classname="chrome.135_0_7049_42.windows.Create_Reverse_Billing_US127248" name="Should go navigate to Manage Billings and trigger contract calculation check result" time="53.344">
      <system-out><![CDATA[
COMMAND: POST /session/d53f532480bfbfa72ae7ae5ef7ef8f5b/execute/async - {"script":"<script> [1562 bytes]","args":[{"selector":{"controlType":"sap.m.GenericTile","properties":{"header":"Manage Billings"}},"wdio_ui5_key":"sapm.GenericTile{\"header\":\"Manage Billings\"}"}]}
RESULT: {"script":"<script> [1562 bytes]","args":[{"selector":{"controlType":"sap.m.GenericTile","properties":{"header":"Manage Billings"}},"wdio_ui5_key":"sapm.GenericTile{\"header\":\"Manage Billings\"}"}]}
RESULT: undefined
COMMAND: POST /session/d53f532480bfbfa72ae7ae5ef7ef8f5b/element - {"using":"xpath","value":"//*[@id=\"__tile51\"]"}
RESULT: {"using":"xpath","value":"//*[@id=\"__tile51\"]"}
COMMAND: POST /session/d53f532480bfbfa72ae7ae5ef7ef8f5b/element/f.9714F2348D0A698B9780435C77649C65.d.6E5155025AB262AFEDCBA338079AB551.e.17245/click - {}
RESULT: {}
COMMAND: GET /session/d53f532480bfbfa72ae7ae5ef7ef8f5b/screenshot - {}
RESULT: {}
COMMAND: POST /session/d53f532480bfbfa72ae7ae5ef7ef8f5b/execute/async - {"script":"<script> [1562 bytes]","args":[{"selector":{"id":"application-managebillings-display-component---billRunCalcResult--smartFilterBar-btnBasicSearch","interaction":{"idSuffix":"I"}},"wdio_ui5_key":"applicationmanagebillings-display-component---billRunCalcResult--smartFilterBar-btnBasicSearch"}]}
RESULT: {"script":"<script> [1562 bytes]","args":[{"selector":{"id":"application-managebillings-display-component---billRunCalcResult--smartFilterBar-btnBasicSearch","interaction":{"idSuffix":"I"}},"wdio_ui5_key":"applicationmanagebillings-display-component---billRunCalcResult--smartFilterBar-btnBasicSearch"}]}
RESULT: undefined
COMMAND: POST /session/d53f532480bfbfa72ae7ae5ef7ef8f5b/execute/async - {"script":"<script> [776 bytes]","args":[{"enterText":"10603","selector":{"id":"application-managebillings-display-component---billRunCalcResult--smartFilterBar-btnBasicSearch","interaction":{"idSuffix":"I"}},"clearTextFirst":true,"interactionType":"ENTER_TEXT"}]}
RESULT: {"script":"<script> [776 bytes]","args":[{"enterText":"10603","selector":{"id":"application-managebillings-display-component---billRunCalcResult--smartFilterBar-btnBasicSearch","interaction":{"idSuffix":"I"}},"clearTextFirst":true,"interactionType":"ENTER_TEXT"}]}
COMMAND: POST /session/d53f532480bfbfa72ae7ae5ef7ef8f5b/actions - {"actions":[{"id":"action67","type":"key","parameters":{},"actions":[{"type":"keyDown","value":""},{"type":"pause","duration":10},{"type":"keyUp","value":""}]}]}
RESULT: {"actions":[{"id":"action67","type":"key","parameters":{},"actions":[{"type":"keyDown","value":""},{"type":"pause","duration":10},{"type":"keyUp","value":""}]}]}
COMMAND: GET /session/d53f532480bfbfa72ae7ae5ef7ef8f5b/screenshot - {}
RESULT: {}
COMMAND: POST /session/d53f532480bfbfa72ae7ae5ef7ef8f5b/element - {"using":"xpath","value":"//td[@aria-colindex=\"1\"]/div/div[contains(@class, \"sapMCbBg\")]"}
RESULT: {"using":"xpath","value":"//td[@aria-colindex=\"1\"]/div/div[contains(@class, \"sapMCbBg\")]"}
COMMAND: POST /session/d53f532480bfbfa72ae7ae5ef7ef8f5b/element/f.9714F2348D0A698B9780435C77649C65.d.6E5155025AB262AFEDCBA338079AB551.e.20691/click - {}
RESULT: {}
COMMAND: GET /session/d53f532480bfbfa72ae7ae5ef7ef8f5b/screenshot - {}
RESULT: {}
COMMAND: POST /session/d53f532480bfbfa72ae7ae5ef7ef8f5b/execute/async - {"script":"<script> [1562 bytes]","args":[{"selector":{"id":"application-managebillings-display-component---billRunCalcResult--contractBillRunDate","interaction":{"idSuffix":"inner"}},"wdio_ui5_key":"applicationmanagebillings-display-component---billRunCalcResult--contractBillRunDate"}]}
RESULT: {"script":"<script> [1562 bytes]","args":[{"selector":{"id":"application-managebillings-display-component---billRunCalcResult--contractBillRunDate","interaction":{"idSuffix":"inner"}},"wdio_ui5_key":"applicationmanagebillings-display-component---billRunCalcResult--contractBillRunDate"}]}
RESULT: undefined
COMMAND: POST /session/d53f532480bfbfa72ae7ae5ef7ef8f5b/execute/async - {"script":"<script> [776 bytes]","args":[{"enterText":"05/23/25","selector":{"id":"application-managebillings-display-component---billRunCalcResult--contractBillRunDate","interaction":{"idSuffix":"inner"}},"clearTextFirst":true,"interactionType":"ENTER_TEXT"}]}
RESULT: {"script":"<script> [776 bytes]","args":[{"enterText":"05/23/25","selector":{"id":"application-managebillings-display-component---billRunCalcResult--contractBillRunDate","interaction":{"idSuffix":"inner"}},"clearTextFirst":true,"interactionType":"ENTER_TEXT"}]}
COMMAND: POST /session/d53f532480bfbfa72ae7ae5ef7ef8f5b/element - {"using":"xpath","value":"//bdi[contains(text(), \"Trigger Calculation\")]"}
RESULT: {"using":"xpath","value":"//bdi[contains(text(), \"Trigger Calculation\")]"}
COMMAND: POST /session/d53f532480bfbfa72ae7ae5ef7ef8f5b/element/f.9714F2348D0A698B9780435C77649C65.d.6E5155025AB262AFEDCBA338079AB551.e.20742/click - {}
RESULT: {}
COMMAND: GET /session/d53f532480bfbfa72ae7ae5ef7ef8f5b/screenshot - {}
RESULT: {}
COMMAND: POST /session/d53f532480bfbfa72ae7ae5ef7ef8f5b/element - {"using":"xpath","value":"(//span[contains(@id, \"imgNav\")])[1]"}
RESULT: {"using":"xpath","value":"(//span[contains(@id, \"imgNav\")])[1]"}
COMMAND: POST /session/d53f532480bfbfa72ae7ae5ef7ef8f5b/element/f.9714F2348D0A698B9780435C77649C65.d.6E5155025AB262AFEDCBA338079AB551.e.20692/click - {}
RESULT: {}
COMMAND: GET /session/d53f532480bfbfa72ae7ae5ef7ef8f5b/screenshot - {}
RESULT: {}
COMMAND: POST /session/d53f532480bfbfa72ae7ae5ef7ef8f5b/element - {"using":"xpath","value":"//tr/td[6]/div[1]/span[1]/span[1]"}
RESULT: {"using":"xpath","value":"//tr/td[6]/div[1]/span[1]/span[1]"}
COMMAND: GET /session/d53f532480bfbfa72ae7ae5ef7ef8f5b/element/f.9714F2348D0A698B9780435C77649C65.d.6E5155025AB262AFEDCBA338079AB551.e.20747/text - {}
RESULT: {}
COMMAND: POST /session/d53f532480bfbfa72ae7ae5ef7ef8f5b/element - {"using":"xpath","value":"(//span[contains(@id, \"imgNav\")])[2]"}
RESULT: {"using":"xpath","value":"(//span[contains(@id, \"imgNav\")])[2]"}
COMMAND: POST /session/d53f532480bfbfa72ae7ae5ef7ef8f5b/element/f.9714F2348D0A698B9780435C77649C65.d.6E5155025AB262AFEDCBA338079AB551.e.20748/click - {}
RESULT: {}
COMMAND: POST /session/d53f532480bfbfa72ae7ae5ef7ef8f5b/element - {"using":"xpath","value":"//bdi[contains(text(), \"Business Confirm\")]"}
COMMAND: GET /session/d53f532480bfbfa72ae7ae5ef7ef8f5b/screenshot - {}
RESULT: {}
RESULT: {"using":"xpath","value":"//bdi[contains(text(), \"Business Confirm\")]"}
COMMAND: POST /session/d53f532480bfbfa72ae7ae5ef7ef8f5b/elements - {"using":"xpath","value":"//bdi[contains(text(), \"Business Confirm\")]"}
RESULT: {"using":"xpath","value":"//bdi[contains(text(), \"Business Confirm\")]"}
COMMAND: POST /session/d53f532480bfbfa72ae7ae5ef7ef8f5b/elements - {"using":"xpath","value":"//bdi[contains(text(), \"Business Confirm\")]"}
RESULT: {"using":"xpath","value":"//bdi[contains(text(), \"Business Confirm\")]"}
COMMAND: POST /session/d53f532480bfbfa72ae7ae5ef7ef8f5b/element - {"using":"xpath","value":"//bdi[contains(text(), \"Business Confirm\")]"}
RESULT: {"using":"xpath","value":"//bdi[contains(text(), \"Business Confirm\")]"}
COMMAND: POST /session/d53f532480bfbfa72ae7ae5ef7ef8f5b/element/f.9714F2348D0A698B9780435C77649C65.d.6E5155025AB262AFEDCBA338079AB551.e.20800/click - {}
RESULT: {}
COMMAND: POST /session/d53f532480bfbfa72ae7ae5ef7ef8f5b/element - {"using":"css selector","value":"#shell-header-logo"}
COMMAND: GET /session/d53f532480bfbfa72ae7ae5ef7ef8f5b/screenshot - {}
RESULT: {"using":"css selector","value":"#shell-header-logo"}
COMMAND: POST /session/d53f532480bfbfa72ae7ae5ef7ef8f5b/element/f.9714F2348D0A698B9780435C77649C65.d.6E5155025AB262AFEDCBA338079AB551.e.20482/click - {}
RESULT: {}
RESULT: {}
COMMAND: GET /session/d53f532480bfbfa72ae7ae5ef7ef8f5b/screenshot - {}
RESULT: {}
]]></system-out>
    </testcase>
    <testcase classname="chrome.135_0_7049_42.windows.Create_Reverse_Billing_US127248" name="Should go into Billing Transfer and reverse the billing" time="35.375">
      <system-out><![CDATA[
COMMAND: POST /session/d53f532480bfbfa72ae7ae5ef7ef8f5b/execute/async - {"script":"<script> [1562 bytes]","args":[{"selector":{"controlType":"sap.m.GenericTile","properties":{"header":"Billing Transfer"}},"wdio_ui5_key":"sapm.GenericTile{\"header\":\"Billing Transfer\"}"}]}
RESULT: {"script":"<script> [1562 bytes]","args":[{"selector":{"controlType":"sap.m.GenericTile","properties":{"header":"Billing Transfer"}},"wdio_ui5_key":"sapm.GenericTile{\"header\":\"Billing Transfer\"}"}]}
RESULT: undefined
COMMAND: POST /session/d53f532480bfbfa72ae7ae5ef7ef8f5b/element - {"using":"xpath","value":"//*[@id=\"__tile50\"]"}
RESULT: {"using":"xpath","value":"//*[@id=\"__tile50\"]"}
COMMAND: POST /session/d53f532480bfbfa72ae7ae5ef7ef8f5b/element/f.9714F2348D0A698B9780435C77649C65.d.6E5155025AB262AFEDCBA338079AB551.e.17243/click - {}
RESULT: {}
COMMAND: POST /session/d53f532480bfbfa72ae7ae5ef7ef8f5b/element - {"using":"xpath","value":"//input[contains(@id ,\"application-billingtransfer-display-component---billingWorkbench--smartFilterBar-btnBasicSearch\")]"}
COMMAND: GET /session/d53f532480bfbfa72ae7ae5ef7ef8f5b/screenshot - {}
RESULT: {"using":"xpath","value":"//input[contains(@id ,\"application-billingtransfer-display-component---billingWorkbench--smartFilterBar-btnBasicSearch\")]"}
COMMAND: POST /session/d53f532480bfbfa72ae7ae5ef7ef8f5b/elements - {"using":"xpath","value":"//input[contains(@id ,\"application-billingtransfer-display-component---billingWorkbench--smartFilterBar-btnBasicSearch\")]"}
RESULT: {}
RESULT: {"using":"xpath","value":"//input[contains(@id ,\"application-billingtransfer-display-component---billingWorkbench--smartFilterBar-btnBasicSearch\")]"}
COMMAND: POST /session/d53f532480bfbfa72ae7ae5ef7ef8f5b/element - {"using":"xpath","value":"//input[contains(@id ,\"application-billingtransfer-display-component---billingWorkbench--smartFilterBar-btnBasicSearch\")]"}
RESULT: {"using":"xpath","value":"//input[contains(@id ,\"application-billingtransfer-display-component---billingWorkbench--smartFilterBar-btnBasicSearch\")]"}
COMMAND: POST /session/d53f532480bfbfa72ae7ae5ef7ef8f5b/execute/sync - {"script":"<script> [8489 bytes]","args":[{"element-6066-11e4-a52e-4f735466cecf":"f.9714F2348D0A698B9780435C77649C65.d.6E5155025AB262AFEDCBA338079AB551.e.20829","ELEMENT":"f.9714F2348D0A698B9780435C77649C65.d.6E5155025AB262AFEDCBA338079AB551.e.20829"}]}
RESULT: {"script":"<script> [8489 bytes]","args":[{"element-6066-11e4-a52e-4f735466cecf":"f.9714F2348D0A698B9780435C77649C65.d.6E5155025AB262AFEDCBA338079AB551.e.20829","ELEMENT":"f.9714F2348D0A698B9780435C77649C65.d.6E5155025AB262AFEDCBA338079AB551.e.20829"}]}
COMMAND: GET /session/d53f532480bfbfa72ae7ae5ef7ef8f5b/element/f.9714F2348D0A698B9780435C77649C65.d.6E5155025AB262AFEDCBA338079AB551.e.20829/enabled - {}
COMMAND: GET /session/d53f532480bfbfa72ae7ae5ef7ef8f5b/screenshot - {}
RESULT: {}
COMMAND: POST /session/d53f532480bfbfa72ae7ae5ef7ef8f5b/element/f.9714F2348D0A698B9780435C77649C65.d.6E5155025AB262AFEDCBA338079AB551.e.20829/click - {}
COMMAND: GET /session/d53f532480bfbfa72ae7ae5ef7ef8f5b/screenshot - {}
RESULT: {}
RESULT: {}
COMMAND: GET /session/d53f532480bfbfa72ae7ae5ef7ef8f5b/screenshot - {}
RESULT: {}
RESULT: {}
COMMAND: POST /session/d53f532480bfbfa72ae7ae5ef7ef8f5b/element/f.9714F2348D0A698B9780435C77649C65.d.6E5155025AB262AFEDCBA338079AB551.e.20829/clear - {}
RESULT: {}
COMMAND: POST /session/d53f532480bfbfa72ae7ae5ef7ef8f5b/element/f.9714F2348D0A698B9780435C77649C65.d.6E5155025AB262AFEDCBA338079AB551.e.20829/value - {"text":"10603"}
COMMAND: GET /session/d53f532480bfbfa72ae7ae5ef7ef8f5b/screenshot - {}
RESULT: {"text":"10603"}
COMMAND: POST /session/d53f532480bfbfa72ae7ae5ef7ef8f5b/actions - {"actions":[{"id":"action68","type":"key","parameters":{},"actions":[{"type":"keyDown","value":""},{"type":"pause","duration":10},{"type":"keyUp","value":""}]}]}
COMMAND: GET /session/d53f532480bfbfa72ae7ae5ef7ef8f5b/screenshot - {}
RESULT: {}
RESULT: {"actions":[{"id":"action68","type":"key","parameters":{},"actions":[{"type":"keyDown","value":""},{"type":"pause","duration":10},{"type":"keyUp","value":""}]}]}
COMMAND: GET /session/d53f532480bfbfa72ae7ae5ef7ef8f5b/screenshot - {}
RESULT: {}
RESULT: {}
COMMAND: POST /session/d53f532480bfbfa72ae7ae5ef7ef8f5b/element - {"using":"xpath","value":"//span[contains(@id ,\"application-billingtransfer-display-component---billingWorkbench--smartTableBillingRuns-header-inner\")]"}
RESULT: {"using":"xpath","value":"//span[contains(@id ,\"application-billingtransfer-display-component---billingWorkbench--smartTableBillingRuns-header-inner\")]"}
COMMAND: POST /session/d53f532480bfbfa72ae7ae5ef7ef8f5b/elements - {"using":"xpath","value":"//span[contains(@id ,\"application-billingtransfer-display-component---billingWorkbench--smartTableBillingRuns-header-inner\")]"}
RESULT: {"using":"xpath","value":"//span[contains(@id ,\"application-billingtransfer-display-component---billingWorkbench--smartTableBillingRuns-header-inner\")]"}
COMMAND: POST /session/d53f532480bfbfa72ae7ae5ef7ef8f5b/execute/sync - {"script":"<script> [56 bytes]","args":[{"element-6066-11e4-a52e-4f735466cecf":"f.9714F2348D0A698B9780435C77649C65.d.6E5155025AB262AFEDCBA338079AB551.e.21028","ELEMENT":"f.9714F2348D0A698B9780435C77649C65.d.6E5155025AB262AFEDCBA338079AB551.e.21028"}]}
RESULT: {"script":"<script> [56 bytes]","args":[{"element-6066-11e4-a52e-4f735466cecf":"f.9714F2348D0A698B9780435C77649C65.d.6E5155025AB262AFEDCBA338079AB551.e.21028","ELEMENT":"f.9714F2348D0A698B9780435C77649C65.d.6E5155025AB262AFEDCBA338079AB551.e.21028"}]}
COMMAND: POST /session/d53f532480bfbfa72ae7ae5ef7ef8f5b/element - {"using":"xpath","value":"//td[@aria-colindex=\"1\"]/div/div[contains(@class, \"sapMCbBg\")]"}
COMMAND: GET /session/d53f532480bfbfa72ae7ae5ef7ef8f5b/screenshot - {}
RESULT: {"using":"xpath","value":"//td[@aria-colindex=\"1\"]/div/div[contains(@class, \"sapMCbBg\")]"}
COMMAND: POST /session/d53f532480bfbfa72ae7ae5ef7ef8f5b/element/f.9714F2348D0A698B9780435C77649C65.d.6E5155025AB262AFEDCBA338079AB551.e.20950/click - {}
RESULT: {}
RESULT: {}
COMMAND: GET /session/d53f532480bfbfa72ae7ae5ef7ef8f5b/screenshot - {}
RESULT: {}
COMMAND: POST /session/d53f532480bfbfa72ae7ae5ef7ef8f5b/element - {"using":"xpath","value":"//bdi[contains(text(), \"Reverse\")]"}
RESULT: {"using":"xpath","value":"//bdi[contains(text(), \"Reverse\")]"}
COMMAND: POST /session/d53f532480bfbfa72ae7ae5ef7ef8f5b/element/f.9714F2348D0A698B9780435C77649C65.d.6E5155025AB262AFEDCBA338079AB551.e.21029/click - {}
RESULT: {}
COMMAND: GET /session/d53f532480bfbfa72ae7ae5ef7ef8f5b/screenshot - {}
RESULT: {}
COMMAND: POST /session/d53f532480bfbfa72ae7ae5ef7ef8f5b/element - {"using":"xpath","value":"//input[contains(@id ,\"application-billingtransfer-display-component---billingWorkbench--smartFilterBar-btnBasicSearch\")]"}
RESULT: {"using":"xpath","value":"//input[contains(@id ,\"application-billingtransfer-display-component---billingWorkbench--smartFilterBar-btnBasicSearch\")]"}
COMMAND: POST /session/d53f532480bfbfa72ae7ae5ef7ef8f5b/elements - {"using":"xpath","value":"//input[contains(@id ,\"application-billingtransfer-display-component---billingWorkbench--smartFilterBar-btnBasicSearch\")]"}
RESULT: {"using":"xpath","value":"//input[contains(@id ,\"application-billingtransfer-display-component---billingWorkbench--smartFilterBar-btnBasicSearch\")]"}
COMMAND: POST /session/d53f532480bfbfa72ae7ae5ef7ef8f5b/execute/sync - {"script":"<script> [8489 bytes]","args":[{"element-6066-11e4-a52e-4f735466cecf":"f.9714F2348D0A698B9780435C77649C65.d.6E5155025AB262AFEDCBA338079AB551.e.20829","ELEMENT":"f.9714F2348D0A698B9780435C77649C65.d.6E5155025AB262AFEDCBA338079AB551.e.20829"}]}
RESULT: {"script":"<script> [8489 bytes]","args":[{"element-6066-11e4-a52e-4f735466cecf":"f.9714F2348D0A698B9780435C77649C65.d.6E5155025AB262AFEDCBA338079AB551.e.20829","ELEMENT":"f.9714F2348D0A698B9780435C77649C65.d.6E5155025AB262AFEDCBA338079AB551.e.20829"}]}
COMMAND: GET /session/d53f532480bfbfa72ae7ae5ef7ef8f5b/element/f.9714F2348D0A698B9780435C77649C65.d.6E5155025AB262AFEDCBA338079AB551.e.20829/enabled - {}
COMMAND: GET /session/d53f532480bfbfa72ae7ae5ef7ef8f5b/screenshot - {}
RESULT: {}
RESULT: {}
COMMAND: POST /session/d53f532480bfbfa72ae7ae5ef7ef8f5b/element/f.9714F2348D0A698B9780435C77649C65.d.6E5155025AB262AFEDCBA338079AB551.e.20829/click - {}
COMMAND: GET /session/d53f532480bfbfa72ae7ae5ef7ef8f5b/screenshot - {}
RESULT: {}
COMMAND: GET /session/d53f532480bfbfa72ae7ae5ef7ef8f5b/screenshot - {}
RESULT: {}
RESULT: {}
COMMAND: POST /session/d53f532480bfbfa72ae7ae5ef7ef8f5b/element/f.9714F2348D0A698B9780435C77649C65.d.6E5155025AB262AFEDCBA338079AB551.e.20829/clear - {}
RESULT: {}
COMMAND: POST /session/d53f532480bfbfa72ae7ae5ef7ef8f5b/element/f.9714F2348D0A698B9780435C77649C65.d.6E5155025AB262AFEDCBA338079AB551.e.20829/value - {"text":"10603"}
COMMAND: GET /session/d53f532480bfbfa72ae7ae5ef7ef8f5b/screenshot - {}
RESULT: {"text":"10603"}
COMMAND: POST /session/d53f532480bfbfa72ae7ae5ef7ef8f5b/actions - {"actions":[{"id":"action69","type":"key","parameters":{},"actions":[{"type":"keyDown","value":""},{"type":"pause","duration":10},{"type":"keyUp","value":""}]}]}
COMMAND: GET /session/d53f532480bfbfa72ae7ae5ef7ef8f5b/screenshot - {}
RESULT: {}
RESULT: {"actions":[{"id":"action69","type":"key","parameters":{},"actions":[{"type":"keyDown","value":""},{"type":"pause","duration":10},{"type":"keyUp","value":""}]}]}
COMMAND: GET /session/d53f532480bfbfa72ae7ae5ef7ef8f5b/screenshot - {}
RESULT: {}
RESULT: {}
COMMAND: POST /session/d53f532480bfbfa72ae7ae5ef7ef8f5b/element - {"using":"xpath","value":"//span[contains(@id ,\"application-billingtransfer-display-component---billingWorkbench--smartTableBillingRuns-header-inner\")]"}
RESULT: {"using":"xpath","value":"//span[contains(@id ,\"application-billingtransfer-display-component---billingWorkbench--smartTableBillingRuns-header-inner\")]"}
COMMAND: POST /session/d53f532480bfbfa72ae7ae5ef7ef8f5b/elements - {"using":"xpath","value":"//span[contains(@id ,\"application-billingtransfer-display-component---billingWorkbench--smartTableBillingRuns-header-inner\")]"}
RESULT: {"using":"xpath","value":"//span[contains(@id ,\"application-billingtransfer-display-component---billingWorkbench--smartTableBillingRuns-header-inner\")]"}
COMMAND: POST /session/d53f532480bfbfa72ae7ae5ef7ef8f5b/execute/sync - {"script":"<script> [56 bytes]","args":[{"element-6066-11e4-a52e-4f735466cecf":"f.9714F2348D0A698B9780435C77649C65.d.6E5155025AB262AFEDCBA338079AB551.e.21028","ELEMENT":"f.9714F2348D0A698B9780435C77649C65.d.6E5155025AB262AFEDCBA338079AB551.e.21028"}]}
RESULT: {"script":"<script> [56 bytes]","args":[{"element-6066-11e4-a52e-4f735466cecf":"f.9714F2348D0A698B9780435C77649C65.d.6E5155025AB262AFEDCBA338079AB551.e.21028","ELEMENT":"f.9714F2348D0A698B9780435C77649C65.d.6E5155025AB262AFEDCBA338079AB551.e.21028"}]}
COMMAND: POST /session/d53f532480bfbfa72ae7ae5ef7ef8f5b/element - {"using":"css selector","value":"#shell-header-logo"}
COMMAND: GET /session/d53f532480bfbfa72ae7ae5ef7ef8f5b/screenshot - {}
RESULT: {"using":"css selector","value":"#shell-header-logo"}
COMMAND: POST /session/d53f532480bfbfa72ae7ae5ef7ef8f5b/element/f.9714F2348D0A698B9780435C77649C65.d.6E5155025AB262AFEDCBA338079AB551.e.20827/click - {}
RESULT: {}
RESULT: {}
COMMAND: GET /session/d53f532480bfbfa72ae7ae5ef7ef8f5b/screenshot - {}
RESULT: {}
COMMAND: DELETE /session/d53f532480bfbfa72ae7ae5ef7ef8f5b - {}
RESULT: {}
]]></system-out>
    </testcase>
  </testsuite>
</testsuites>