<?xml version="1.0" encoding="UTF-8"?>
<testsuites tests="80" failures="0" errors="0" skipped="0">
  <testsuite timestamp="2025-06-14T16:16:47" time="803.067" tests="8" failures="0" errors="0" skipped="0">
    <properties>
      <property name="specId" value="0"/>
      <property name="suiteName" value="Stock increase - with WHM US125587"/>
      <property name="capabilities" value="chrome.137_0_7151_69.windows"/>
      <property name="file" value="file:///D:/a/1/s/test/specs/HTR/stock-increase.spec.js"/>
    </properties>
    <testcase classname="chrome.137_0_7151_69.windows.Stock_increase_-_with_WHM_US125587" name="Should create a new WHM yard" time="140.692">
      <system-out><![CDATA[
COMMAND: POST /session/c560a4da8281d0ae87757c6686821c71/window/fullscreen - {}
RESULT: {}
COMMAND: POST /session/c560a4da8281d0ae87757c6686821c71/execute/async - {"script":"<script> [1562 bytes]","args":[{"selector":{"controlType":"sap.m.GenericTile","properties":{"header":"Manage Yards"}},"wdio_ui5_key":"sapm.GenericTile{\"header\":\"Manage Yards\"}"}]}
RESULT: {"script":"<script> [1562 bytes]","args":[{"selector":{"controlType":"sap.m.GenericTile","properties":{"header":"Manage Yards"}},"wdio_ui5_key":"sapm.GenericTile{\"header\":\"Manage Yards\"}"}]}
RESULT: undefined
COMMAND: POST /session/c560a4da8281d0ae87757c6686821c71/element - {"using":"xpath","value":"//*[@id=\"__tile42\"]"}
RESULT: {"using":"xpath","value":"//*[@id=\"__tile42\"]"}
COMMAND: POST /session/c560a4da8281d0ae87757c6686821c71/element/f.437C3BD069600255C914999B9931D078.d.CAD892528F2E5C64635C3332E03ADBD6.e.143/click - {}
RESULT: {}
COMMAND: GET /session/c560a4da8281d0ae87757c6686821c71/screenshot - {}
RESULT: {}
COMMAND: POST /session/c560a4da8281d0ae87757c6686821c71/elements - {"using":"xpath","value":"//span[text()='Error']"}
RESULT: {"using":"xpath","value":"//span[text()='Error']"}
COMMAND: POST /session/c560a4da8281d0ae87757c6686821c71/element - {"using":"xpath","value":"//button[@data-kt=\"addNewYardOverflowToolbarButton\"]"}
RESULT: {"using":"xpath","value":"//button[@data-kt=\"addNewYardOverflowToolbarButton\"]"}
COMMAND: POST /session/c560a4da8281d0ae87757c6686821c71/elements - {"using":"xpath","value":"//button[@data-kt=\"addNewYardOverflowToolbarButton\"]"}
RESULT: {"using":"xpath","value":"//button[@data-kt=\"addNewYardOverflowToolbarButton\"]"}
COMMAND: POST /session/c560a4da8281d0ae87757c6686821c71/elements - {"using":"xpath","value":"//button[@data-kt=\"addNewYardOverflowToolbarButton\"]"}
RESULT: {"using":"xpath","value":"//button[@data-kt=\"addNewYardOverflowToolbarButton\"]"}
COMMAND: POST /session/c560a4da8281d0ae87757c6686821c71/elements - {"using":"xpath","value":"//button[@data-kt=\"addNewYardOverflowToolbarButton\"]"}
RESULT: {"using":"xpath","value":"//button[@data-kt=\"addNewYardOverflowToolbarButton\"]"}
COMMAND: POST /session/c560a4da8281d0ae87757c6686821c71/elements - {"using":"xpath","value":"//button[@data-kt=\"addNewYardOverflowToolbarButton\"]"}
RESULT: {"using":"xpath","value":"//button[@data-kt=\"addNewYardOverflowToolbarButton\"]"}
COMMAND: POST /session/c560a4da8281d0ae87757c6686821c71/elements - {"using":"xpath","value":"//button[@data-kt=\"addNewYardOverflowToolbarButton\"]"}
RESULT: {"using":"xpath","value":"//button[@data-kt=\"addNewYardOverflowToolbarButton\"]"}
COMMAND: POST /session/c560a4da8281d0ae87757c6686821c71/elements - {"using":"xpath","value":"//button[@data-kt=\"addNewYardOverflowToolbarButton\"]"}
RESULT: {"using":"xpath","value":"//button[@data-kt=\"addNewYardOverflowToolbarButton\"]"}
COMMAND: POST /session/c560a4da8281d0ae87757c6686821c71/elements - {"using":"xpath","value":"//button[@data-kt=\"addNewYardOverflowToolbarButton\"]"}
RESULT: {"using":"xpath","value":"//button[@data-kt=\"addNewYardOverflowToolbarButton\"]"}
COMMAND: POST /session/c560a4da8281d0ae87757c6686821c71/element - {"using":"xpath","value":"//button[@data-kt=\"addNewYardOverflowToolbarButton\"]"}
RESULT: {"using":"xpath","value":"//button[@data-kt=\"addNewYardOverflowToolbarButton\"]"}
COMMAND: POST /session/c560a4da8281d0ae87757c6686821c71/execute/sync - {"script":"<script> [8489 bytes]","args":[{"element-6066-11e4-a52e-4f735466cecf":"f.437C3BD069600255C914999B9931D078.d.CAD892528F2E5C64635C3332E03ADBD6.e.281","ELEMENT":"f.437C3BD069600255C914999B9931D078.d.CAD892528F2E5C64635C3332E03ADBD6.e.281"}]}
RESULT: {"script":"<script> [8489 bytes]","args":[{"element-6066-11e4-a52e-4f735466cecf":"f.437C3BD069600255C914999B9931D078.d.CAD892528F2E5C64635C3332E03ADBD6.e.281","ELEMENT":"f.437C3BD069600255C914999B9931D078.d.CAD892528F2E5C64635C3332E03ADBD6.e.281"}]}
COMMAND: GET /session/c560a4da8281d0ae87757c6686821c71/element/f.437C3BD069600255C914999B9931D078.d.CAD892528F2E5C64635C3332E03ADBD6.e.281/enabled - {}
COMMAND: GET /session/c560a4da8281d0ae87757c6686821c71/screenshot - {}
RESULT: {}
COMMAND: POST /session/c560a4da8281d0ae87757c6686821c71/execute/sync - {"script":"<script> [8489 bytes]","args":[{"element-6066-11e4-a52e-4f735466cecf":"f.437C3BD069600255C914999B9931D078.d.CAD892528F2E5C64635C3332E03ADBD6.e.281","ELEMENT":"f.437C3BD069600255C914999B9931D078.d.CAD892528F2E5C64635C3332E03ADBD6.e.281"}]}
COMMAND: GET /session/c560a4da8281d0ae87757c6686821c71/screenshot - {}
RESULT: {}
RESULT: {"script":"<script> [8489 bytes]","args":[{"element-6066-11e4-a52e-4f735466cecf":"f.437C3BD069600255C914999B9931D078.d.CAD892528F2E5C64635C3332E03ADBD6.e.281","ELEMENT":"f.437C3BD069600255C914999B9931D078.d.CAD892528F2E5C64635C3332E03ADBD6.e.281"}]}
COMMAND: POST /session/c560a4da8281d0ae87757c6686821c71/execute/sync - {"script":"<script> [5351 bytes]","args":[{"element-6066-11e4-a52e-4f735466cecf":"f.437C3BD069600255C914999B9931D078.d.CAD892528F2E5C64635C3332E03ADBD6.e.281","ELEMENT":"f.437C3BD069600255C914999B9931D078.d.CAD892528F2E5C64635C3332E03ADBD6.e.281"}]}
COMMAND: GET /session/c560a4da8281d0ae87757c6686821c71/screenshot - {}
RESULT: {}
RESULT: {"script":"<script> [5351 bytes]","args":[{"element-6066-11e4-a52e-4f735466cecf":"f.437C3BD069600255C914999B9931D078.d.CAD892528F2E5C64635C3332E03ADBD6.e.281","ELEMENT":"f.437C3BD069600255C914999B9931D078.d.CAD892528F2E5C64635C3332E03ADBD6.e.281"}]}
COMMAND: POST /session/c560a4da8281d0ae87757c6686821c71/element/f.437C3BD069600255C914999B9931D078.d.CAD892528F2E5C64635C3332E03ADBD6.e.281/click - {}
COMMAND: GET /session/c560a4da8281d0ae87757c6686821c71/screenshot - {}
RESULT: {}
RESULT: {}
COMMAND: GET /session/c560a4da8281d0ae87757c6686821c71/screenshot - {}
RESULT: {}
COMMAND: POST /session/c560a4da8281d0ae87757c6686821c71/element - {"using":"xpath","value":"//input[@id=\"application-manageyards-display-component---NewYard--yardId-inner\"]"}
RESULT: {}
RESULT: {"using":"xpath","value":"//input[@id=\"application-manageyards-display-component---NewYard--yardId-inner\"]"}
COMMAND: POST /session/c560a4da8281d0ae87757c6686821c71/element - {"using":"xpath","value":"//input[@id=\"application-manageyards-display-component---NewYard--yardId-inner\"]"}
RESULT: {"using":"xpath","value":"//input[@id=\"application-manageyards-display-component---NewYard--yardId-inner\"]"}
COMMAND: POST /session/c560a4da8281d0ae87757c6686821c71/execute/async - {"script":"<script> [1562 bytes]","args":[{"selector":{"id":"application-manageyards-display-component---NewYard--addressDetailDetailsName1","interaction":{"idSuffix":"inner"}},"wdio_ui5_key":"applicationmanageyards-display-component---NewYard--addressDetailDetailsName1"}]}
RESULT: {"script":"<script> [1562 bytes]","args":[{"selector":{"id":"application-manageyards-display-component---NewYard--addressDetailDetailsName1","interaction":{"idSuffix":"inner"}},"wdio_ui5_key":"applicationmanageyards-display-component---NewYard--addressDetailDetailsName1"}]}
RESULT: undefined
COMMAND: POST /session/c560a4da8281d0ae87757c6686821c71/execute/async - {"script":"<script> [776 bytes]","args":[{"enterText":"Warehouse Managed WDIO","selector":{"id":"application-manageyards-display-component---NewYard--addressDetailDetailsName1","interaction":{"idSuffix":"inner"}},"clearTextFirst":true,"interactionType":"ENTER_TEXT"}]}
RESULT: {"script":"<script> [776 bytes]","args":[{"enterText":"Warehouse Managed WDIO","selector":{"id":"application-manageyards-display-component---NewYard--addressDetailDetailsName1","interaction":{"idSuffix":"inner"}},"clearTextFirst":true,"interactionType":"ENTER_TEXT"}]}
COMMAND: POST /session/c560a4da8281d0ae87757c6686821c71/execute/async - {"script":"<script> [1562 bytes]","args":[{"selector":{"id":"application-manageyards-display-component---NewYard--addressDetailDetailsLanguage-arrow"},"wdio_ui5_key":"applicationmanageyards-display-component---NewYard--addressDetailDetailsLanguage-arrow"}]}
RESULT: {"script":"<script> [1562 bytes]","args":[{"selector":{"id":"application-manageyards-display-component---NewYard--addressDetailDetailsLanguage-arrow"},"wdio_ui5_key":"applicationmanageyards-display-component---NewYard--addressDetailDetailsLanguage-arrow"}]}
RESULT: undefined
COMMAND: POST /session/c560a4da8281d0ae87757c6686821c71/element - {"using":"xpath","value":"//*[@id=\"application-manageyards-display-component---NewYard--addressDetailDetailsLanguage-arrow\"]"}
RESULT: {"using":"xpath","value":"//*[@id=\"application-manageyards-display-component---NewYard--addressDetailDetailsLanguage-arrow\"]"}
COMMAND: POST /session/c560a4da8281d0ae87757c6686821c71/element/f.437C3BD069600255C914999B9931D078.d.CAD892528F2E5C64635C3332E03ADBD6.e.714/click - {}
RESULT: {}
COMMAND: POST /session/c560a4da8281d0ae87757c6686821c71/element - {"using":"xpath","value":"//span[contains(text(), \"English\")]"}
COMMAND: GET /session/c560a4da8281d0ae87757c6686821c71/screenshot - {}
RESULT: {"using":"xpath","value":"//span[contains(text(), \"English\")]"}
COMMAND: POST /session/c560a4da8281d0ae87757c6686821c71/element/f.437C3BD069600255C914999B9931D078.d.CAD892528F2E5C64635C3332E03ADBD6.e.715/click - {}
RESULT: {}
RESULT: {}
COMMAND: POST /session/c560a4da8281d0ae87757c6686821c71/execute/async - {"script":"<script> [1562 bytes]","args":[{"selector":{"id":"application-manageyards-display-component---NewYard--addressDetailDetailsCity1","interaction":{"idSuffix":"inner"}},"wdio_ui5_key":"applicationmanageyards-display-component---NewYard--addressDetailDetailsCity1"}]}
COMMAND: GET /session/c560a4da8281d0ae87757c6686821c71/screenshot - {}
RESULT: {"script":"<script> [1562 bytes]","args":[{"selector":{"id":"application-manageyards-display-component---NewYard--addressDetailDetailsCity1","interaction":{"idSuffix":"inner"}},"wdio_ui5_key":"applicationmanageyards-display-component---NewYard--addressDetailDetailsCity1"}]}
RESULT: undefined
COMMAND: POST /session/c560a4da8281d0ae87757c6686821c71/execute/async - {"script":"<script> [776 bytes]","args":[{"enterText":"Rosario","selector":{"id":"application-manageyards-display-component---NewYard--addressDetailDetailsCity1","interaction":{"idSuffix":"inner"}},"clearTextFirst":true,"interactionType":"ENTER_TEXT"}]}
RESULT: {}
RESULT: {"script":"<script> [776 bytes]","args":[{"enterText":"Rosario","selector":{"id":"application-manageyards-display-component---NewYard--addressDetailDetailsCity1","interaction":{"idSuffix":"inner"}},"clearTextFirst":true,"interactionType":"ENTER_TEXT"}]}
COMMAND: POST /session/c560a4da8281d0ae87757c6686821c71/execute/async - {"script":"<script> [1562 bytes]","args":[{"selector":{"id":"application-manageyards-display-component---NewYard--addressDetailDetailsCountry-arrow"},"wdio_ui5_key":"applicationmanageyards-display-component---NewYard--addressDetailDetailsCountry-arrow"}]}
RESULT: {"script":"<script> [1562 bytes]","args":[{"selector":{"id":"application-manageyards-display-component---NewYard--addressDetailDetailsCountry-arrow"},"wdio_ui5_key":"applicationmanageyards-display-component---NewYard--addressDetailDetailsCountry-arrow"}]}
RESULT: undefined
COMMAND: POST /session/c560a4da8281d0ae87757c6686821c71/element - {"using":"xpath","value":"//*[@id=\"application-manageyards-display-component---NewYard--addressDetailDetailsCountry-arrow\"]"}
RESULT: {"using":"xpath","value":"//*[@id=\"application-manageyards-display-component---NewYard--addressDetailDetailsCountry-arrow\"]"}
COMMAND: POST /session/c560a4da8281d0ae87757c6686821c71/element/f.437C3BD069600255C914999B9931D078.d.CAD892528F2E5C64635C3332E03ADBD6.e.717/click - {}
RESULT: {}
COMMAND: POST /session/c560a4da8281d0ae87757c6686821c71/element - {"using":"xpath","value":"//span[contains(text(), \"Argentina\")]"}
COMMAND: GET /session/c560a4da8281d0ae87757c6686821c71/screenshot - {}
RESULT: {"using":"xpath","value":"//span[contains(text(), \"Argentina\")]"}
COMMAND: POST /session/c560a4da8281d0ae87757c6686821c71/element/f.437C3BD069600255C914999B9931D078.d.CAD892528F2E5C64635C3332E03ADBD6.e.718/click - {}
RESULT: {}
RESULT: {}
COMMAND: POST /session/c560a4da8281d0ae87757c6686821c71/execute/async - {"script":"<script> [1562 bytes]","args":[{"selector":{"id":"application-manageyards-display-component---NewYard--addressEditDetailsCostObjectCstType-arrow"},"wdio_ui5_key":"applicationmanageyards-display-component---NewYard--addressEditDetailsCostObjectCstType-arrow"}]}
COMMAND: GET /session/c560a4da8281d0ae87757c6686821c71/screenshot - {}
RESULT: {"script":"<script> [1562 bytes]","args":[{"selector":{"id":"application-manageyards-display-component---NewYard--addressEditDetailsCostObjectCstType-arrow"},"wdio_ui5_key":"applicationmanageyards-display-component---NewYard--addressEditDetailsCostObjectCstType-arrow"}]}
RESULT: undefined
COMMAND: POST /session/c560a4da8281d0ae87757c6686821c71/element - {"using":"xpath","value":"//*[@id=\"application-manageyards-display-component---NewYard--addressEditDetailsCostObjectCstType-arrow\"]"}
RESULT: {}
RESULT: {"using":"xpath","value":"//*[@id=\"application-manageyards-display-component---NewYard--addressEditDetailsCostObjectCstType-arrow\"]"}
COMMAND: POST /session/c560a4da8281d0ae87757c6686821c71/element/f.437C3BD069600255C914999B9931D078.d.CAD892528F2E5C64635C3332E03ADBD6.e.720/click - {}
RESULT: {}
COMMAND: POST /session/c560a4da8281d0ae87757c6686821c71/element - {"using":"xpath","value":"//span[contains(text(), \"Cost Center\")]"}
COMMAND: GET /session/c560a4da8281d0ae87757c6686821c71/screenshot - {}
RESULT: {"using":"xpath","value":"//span[contains(text(), \"Cost Center\")]"}
COMMAND: POST /session/c560a4da8281d0ae87757c6686821c71/element/f.437C3BD069600255C914999B9931D078.d.CAD892528F2E5C64635C3332E03ADBD6.e.721/click - {}
RESULT: {}
RESULT: {}
COMMAND: GET /session/c560a4da8281d0ae87757c6686821c71/screenshot - {}
RESULT: {}
COMMAND: POST /session/c560a4da8281d0ae87757c6686821c71/element - {"using":"xpath","value":"//span[@id=\"application-manageyards-display-component---NewYard--addressNewCostObjectCstID-vhi\"]"}
RESULT: {"using":"xpath","value":"//span[@id=\"application-manageyards-display-component---NewYard--addressNewCostObjectCstID-vhi\"]"}
COMMAND: POST /session/c560a4da8281d0ae87757c6686821c71/execute/sync - {"script":"<script> [8489 bytes]","args":[{"element-6066-11e4-a52e-4f735466cecf":"f.437C3BD069600255C914999B9931D078.d.CAD892528F2E5C64635C3332E03ADBD6.e.725","ELEMENT":"f.437C3BD069600255C914999B9931D078.d.CAD892528F2E5C64635C3332E03ADBD6.e.725"}]}
RESULT: {"script":"<script> [8489 bytes]","args":[{"element-6066-11e4-a52e-4f735466cecf":"f.437C3BD069600255C914999B9931D078.d.CAD892528F2E5C64635C3332E03ADBD6.e.725","ELEMENT":"f.437C3BD069600255C914999B9931D078.d.CAD892528F2E5C64635C3332E03ADBD6.e.725"}]}
COMMAND: POST /session/c560a4da8281d0ae87757c6686821c71/execute/async - {"script":"<script> [1562 bytes]","args":[{"selector":{"id":"application-manageyards-display-component---NewYard--addressNewCostObjectCstID-vhi"},"wdio_ui5_key":"applicationmanageyards-display-component---NewYard--addressNewCostObjectCstID-vhi"}]}
COMMAND: GET /session/c560a4da8281d0ae87757c6686821c71/screenshot - {}
RESULT: {"script":"<script> [1562 bytes]","args":[{"selector":{"id":"application-manageyards-display-component---NewYard--addressNewCostObjectCstID-vhi"},"wdio_ui5_key":"applicationmanageyards-display-component---NewYard--addressNewCostObjectCstID-vhi"}]}
RESULT: undefined
COMMAND: POST /session/c560a4da8281d0ae87757c6686821c71/element - {"using":"xpath","value":"//*[@id=\"application-manageyards-display-component---NewYard--addressNewCostObjectCstID-vhi\"]"}
RESULT: {}
RESULT: {"using":"xpath","value":"//*[@id=\"application-manageyards-display-component---NewYard--addressNewCostObjectCstID-vhi\"]"}
COMMAND: POST /session/c560a4da8281d0ae87757c6686821c71/element/f.437C3BD069600255C914999B9931D078.d.CAD892528F2E5C64635C3332E03ADBD6.e.725/click - {}
RESULT: {}
COMMAND: GET /session/c560a4da8281d0ae87757c6686821c71/screenshot - {}
RESULT: {}
COMMAND: POST /session/c560a4da8281d0ae87757c6686821c71/execute/async - {"script":"<script> [1562 bytes]","args":[{"selector":{"controlType":"sap.m.SearchField","properties":{"placeholder":"Search"},"searchOpenDialogs":true,"interaction":{"idSuffix":"I"}},"wdio_ui5_key":"sapm.SearchField{\"placeholder\":\"Search\"}"}]}
RESULT: {"script":"<script> [1562 bytes]","args":[{"selector":{"controlType":"sap.m.SearchField","properties":{"placeholder":"Search"},"searchOpenDialogs":true,"interaction":{"idSuffix":"I"}},"wdio_ui5_key":"sapm.SearchField{\"placeholder\":\"Search\"}"}]}
RESULT: undefined
COMMAND: POST /session/c560a4da8281d0ae87757c6686821c71/execute/async - {"script":"<script> [776 bytes]","args":[{"enterText":"bauh_b","selector":{"controlType":"sap.m.SearchField","properties":{"placeholder":"Search"},"searchOpenDialogs":true,"interaction":{"idSuffix":"I"}},"clearTextFirst":true,"interactionType":"ENTER_TEXT"}]}
RESULT: {"script":"<script> [776 bytes]","args":[{"enterText":"bauh_b","selector":{"controlType":"sap.m.SearchField","properties":{"placeholder":"Search"},"searchOpenDialogs":true,"interaction":{"idSuffix":"I"}},"clearTextFirst":true,"interactionType":"ENTER_TEXT"}]}
COMMAND: POST /session/c560a4da8281d0ae87757c6686821c71/actions - {"actions":[{"id":"action1","type":"key","parameters":{},"actions":[{"type":"keyDown","value":""},{"type":"pause","duration":10},{"type":"keyUp","value":""}]}]}
RESULT: {"actions":[{"id":"action1","type":"key","parameters":{},"actions":[{"type":"keyDown","value":""},{"type":"pause","duration":10},{"type":"keyUp","value":""}]}]}
COMMAND: GET /session/c560a4da8281d0ae87757c6686821c71/screenshot - {}
RESULT: {}
COMMAND: POST /session/c560a4da8281d0ae87757c6686821c71/element - {"using":"xpath","value":"//span[contains(text(), \"Demo Yard\")]"}
RESULT: {"using":"xpath","value":"//span[contains(text(), \"Demo Yard\")]"}
COMMAND: POST /session/c560a4da8281d0ae87757c6686821c71/element/f.437C3BD069600255C914999B9931D078.d.CAD892528F2E5C64635C3332E03ADBD6.e.766/click - {}
RESULT: {}
COMMAND: GET /session/c560a4da8281d0ae87757c6686821c71/screenshot - {}
RESULT: {}
COMMAND: POST /session/c560a4da8281d0ae87757c6686821c71/element - {"using":"xpath","value":"//bdi[contains(text(), \"OK\")]"}
RESULT: {"using":"xpath","value":"//bdi[contains(text(), \"OK\")]"}
COMMAND: POST /session/c560a4da8281d0ae87757c6686821c71/element/f.437C3BD069600255C914999B9931D078.d.CAD892528F2E5C64635C3332E03ADBD6.e.767/click - {}
RESULT: {}
COMMAND: GET /session/c560a4da8281d0ae87757c6686821c71/screenshot - {}
RESULT: {}
COMMAND: POST /session/c560a4da8281d0ae87757c6686821c71/execute/async - {"script":"<script> [1562 bytes]","args":[{"selector":{"id":"application-manageyards-display-component---NewYard--addressEditDetailsCurrency-arrow"},"wdio_ui5_key":"applicationmanageyards-display-component---NewYard--addressEditDetailsCurrency-arrow"}]}
RESULT: {"script":"<script> [1562 bytes]","args":[{"selector":{"id":"application-manageyards-display-component---NewYard--addressEditDetailsCurrency-arrow"},"wdio_ui5_key":"applicationmanageyards-display-component---NewYard--addressEditDetailsCurrency-arrow"}]}
RESULT: undefined
COMMAND: POST /session/c560a4da8281d0ae87757c6686821c71/element - {"using":"xpath","value":"//*[@id=\"application-manageyards-display-component---NewYard--addressEditDetailsCurrency-arrow\"]"}
RESULT: {"using":"xpath","value":"//*[@id=\"application-manageyards-display-component---NewYard--addressEditDetailsCurrency-arrow\"]"}
COMMAND: POST /session/c560a4da8281d0ae87757c6686821c71/element/f.437C3BD069600255C914999B9931D078.d.CAD892528F2E5C64635C3332E03ADBD6.e.770/click - {}
RESULT: {}
COMMAND: POST /session/c560a4da8281d0ae87757c6686821c71/element - {"using":"xpath","value":"//span[contains(text(), \"Euro\")]"}
COMMAND: GET /session/c560a4da8281d0ae87757c6686821c71/screenshot - {}
RESULT: {"using":"xpath","value":"//span[contains(text(), \"Euro\")]"}
COMMAND: POST /session/c560a4da8281d0ae87757c6686821c71/element/f.437C3BD069600255C914999B9931D078.d.CAD892528F2E5C64635C3332E03ADBD6.e.771/click - {}
RESULT: {}
RESULT: {}
COMMAND: POST /session/c560a4da8281d0ae87757c6686821c71/execute/async - {"script":"<script> [1562 bytes]","args":[{"selector":{"controlType":"sap.m.Input","viewName":"etm.portal.ui.manageyards.view.New","viewId":"application-manageyards-display-component---NewYard","bindingPath":{"path":"","propertyPath":"/CONTROLLING_AREA","modelName":"NewYardModel"},"interaction":{"idSuffix":"inner"}},"wdio_ui5_key":"etmportal.ui.manageyards.view.Newsap.m.Input{\"path\":\"\",\"propertyPath\":\"/CONTROLLING_AREA\",\"modelName\":\"NewYardModel\"}"}]}
COMMAND: GET /session/c560a4da8281d0ae87757c6686821c71/screenshot - {}
RESULT: {"script":"<script> [1562 bytes]","args":[{"selector":{"controlType":"sap.m.Input","viewName":"etm.portal.ui.manageyards.view.New","viewId":"application-manageyards-display-component---NewYard","bindingPath":{"path":"","propertyPath":"/CONTROLLING_AREA","modelName":"NewYardModel"},"interaction":{"idSuffix":"inner"}},"wdio_ui5_key":"etmportal.ui.manageyards.view.Newsap.m.Input{\"path\":\"\",\"propertyPath\":\"/CONTROLLING_AREA\",\"modelName\":\"NewYardModel\"}"}]}
RESULT: undefined
COMMAND: POST /session/c560a4da8281d0ae87757c6686821c71/execute/async - {"script":"<script> [776 bytes]","args":[{"enterText":"Z001","selector":{"controlType":"sap.m.Input","viewName":"etm.portal.ui.manageyards.view.New","viewId":"application-manageyards-display-component---NewYard","bindingPath":{"path":"","propertyPath":"/CONTROLLING_AREA","modelName":"NewYardModel"},"interaction":{"idSuffix":"inner"}},"clearTextFirst":true,"interactionType":"ENTER_TEXT"}]}
RESULT: {}
RESULT: {"script":"<script> [776 bytes]","args":[{"enterText":"Z001","selector":{"controlType":"sap.m.Input","viewName":"etm.portal.ui.manageyards.view.New","viewId":"application-manageyards-display-component---NewYard","bindingPath":{"path":"","propertyPath":"/CONTROLLING_AREA","modelName":"NewYardModel"},"interaction":{"idSuffix":"inner"}},"clearTextFirst":true,"interactionType":"ENTER_TEXT"}]}
COMMAND: POST /session/c560a4da8281d0ae87757c6686821c71/execute/async - {"script":"<script> [1562 bytes]","args":[{"selector":{"id":"application-manageyards-display-component---NewYard--companyCodeComboBox","interaction":{"idSuffix":"inner"}},"wdio_ui5_key":"applicationmanageyards-display-component---NewYard--companyCodeComboBox"}]}
RESULT: {"script":"<script> [1562 bytes]","args":[{"selector":{"id":"application-manageyards-display-component---NewYard--companyCodeComboBox","interaction":{"idSuffix":"inner"}},"wdio_ui5_key":"applicationmanageyards-display-component---NewYard--companyCodeComboBox"}]}
RESULT: undefined
COMMAND: POST /session/c560a4da8281d0ae87757c6686821c71/execute/async - {"script":"<script> [776 bytes]","args":[{"enterText":"1000","selector":{"id":"application-manageyards-display-component---NewYard--companyCodeComboBox","interaction":{"idSuffix":"inner"}},"clearTextFirst":true,"interactionType":"ENTER_TEXT"}]}
RESULT: {"script":"<script> [776 bytes]","args":[{"enterText":"1000","selector":{"id":"application-manageyards-display-component---NewYard--companyCodeComboBox","interaction":{"idSuffix":"inner"}},"clearTextFirst":true,"interactionType":"ENTER_TEXT"}]}
COMMAND: POST /session/c560a4da8281d0ae87757c6686821c71/execute/async - {"script":"<script> [1562 bytes]","args":[{"selector":{"controlType":"sap.m.Input","viewName":"etm.portal.ui.manageyards.view.New","viewId":"application-manageyards-display-component---NewYard","bindingPath":{"path":"","propertyPath":"/PLANT","modelName":"NewYardModel"},"interaction":{"idSuffix":"inner"}},"wdio_ui5_key":"etmportal.ui.manageyards.view.Newsap.m.Input{\"path\":\"\",\"propertyPath\":\"/PLANT\",\"modelName\":\"NewYardModel\"}"}]}
RESULT: {"script":"<script> [1562 bytes]","args":[{"selector":{"controlType":"sap.m.Input","viewName":"etm.portal.ui.manageyards.view.New","viewId":"application-manageyards-display-component---NewYard","bindingPath":{"path":"","propertyPath":"/PLANT","modelName":"NewYardModel"},"interaction":{"idSuffix":"inner"}},"wdio_ui5_key":"etmportal.ui.manageyards.view.Newsap.m.Input{\"path\":\"\",\"propertyPath\":\"/PLANT\",\"modelName\":\"NewYardModel\"}"}]}
RESULT: undefined
COMMAND: POST /session/c560a4da8281d0ae87757c6686821c71/execute/async - {"script":"<script> [776 bytes]","args":[{"enterText":"1001","selector":{"controlType":"sap.m.Input","viewName":"etm.portal.ui.manageyards.view.New","viewId":"application-manageyards-display-component---NewYard","bindingPath":{"path":"","propertyPath":"/PLANT","modelName":"NewYardModel"},"interaction":{"idSuffix":"inner"}},"clearTextFirst":true,"interactionType":"ENTER_TEXT"}]}
RESULT: {"script":"<script> [776 bytes]","args":[{"enterText":"1001","selector":{"controlType":"sap.m.Input","viewName":"etm.portal.ui.manageyards.view.New","viewId":"application-manageyards-display-component---NewYard","bindingPath":{"path":"","propertyPath":"/PLANT","modelName":"NewYardModel"},"interaction":{"idSuffix":"inner"}},"clearTextFirst":true,"interactionType":"ENTER_TEXT"}]}
COMMAND: POST /session/c560a4da8281d0ae87757c6686821c71/execute/async - {"script":"<script> [1562 bytes]","args":[{"selector":{"controlType":"sap.m.Input","viewName":"etm.portal.ui.manageyards.view.New","viewId":"application-manageyards-display-component---NewYard","bindingPath":{"path":"","propertyPath":"/SALES_AREA_VKORG","modelName":"NewYardModel"},"interaction":{"idSuffix":"inner"}},"wdio_ui5_key":"etmportal.ui.manageyards.view.Newsap.m.Input{\"path\":\"\",\"propertyPath\":\"/SALES_AREA_VKORG\",\"modelName\":\"NewYardModel\"}"}]}
RESULT: {"script":"<script> [1562 bytes]","args":[{"selector":{"controlType":"sap.m.Input","viewName":"etm.portal.ui.manageyards.view.New","viewId":"application-manageyards-display-component---NewYard","bindingPath":{"path":"","propertyPath":"/SALES_AREA_VKORG","modelName":"NewYardModel"},"interaction":{"idSuffix":"inner"}},"wdio_ui5_key":"etmportal.ui.manageyards.view.Newsap.m.Input{\"path\":\"\",\"propertyPath\":\"/SALES_AREA_VKORG\",\"modelName\":\"NewYardModel\"}"}]}
RESULT: undefined
COMMAND: POST /session/c560a4da8281d0ae87757c6686821c71/execute/async - {"script":"<script> [776 bytes]","args":[{"enterText":"C002","selector":{"controlType":"sap.m.Input","viewName":"etm.portal.ui.manageyards.view.New","viewId":"application-manageyards-display-component---NewYard","bindingPath":{"path":"","propertyPath":"/SALES_AREA_VKORG","modelName":"NewYardModel"},"interaction":{"idSuffix":"inner"}},"clearTextFirst":true,"interactionType":"ENTER_TEXT"}]}
RESULT: {"script":"<script> [776 bytes]","args":[{"enterText":"C002","selector":{"controlType":"sap.m.Input","viewName":"etm.portal.ui.manageyards.view.New","viewId":"application-manageyards-display-component---NewYard","bindingPath":{"path":"","propertyPath":"/SALES_AREA_VKORG","modelName":"NewYardModel"},"interaction":{"idSuffix":"inner"}},"clearTextFirst":true,"interactionType":"ENTER_TEXT"}]}
COMMAND: POST /session/c560a4da8281d0ae87757c6686821c71/execute/async - {"script":"<script> [1562 bytes]","args":[{"selector":{"controlType":"sap.m.Input","viewName":"etm.portal.ui.manageyards.view.New","viewId":"application-manageyards-display-component---NewYard","bindingPath":{"path":"","propertyPath":"/SALES_AREA_VTWEG","modelName":"NewYardModel"},"interaction":{"idSuffix":"inner"}},"wdio_ui5_key":"etmportal.ui.manageyards.view.Newsap.m.Input{\"path\":\"\",\"propertyPath\":\"/SALES_AREA_VTWEG\",\"modelName\":\"NewYardModel\"}"}]}
RESULT: {"script":"<script> [1562 bytes]","args":[{"selector":{"controlType":"sap.m.Input","viewName":"etm.portal.ui.manageyards.view.New","viewId":"application-manageyards-display-component---NewYard","bindingPath":{"path":"","propertyPath":"/SALES_AREA_VTWEG","modelName":"NewYardModel"},"interaction":{"idSuffix":"inner"}},"wdio_ui5_key":"etmportal.ui.manageyards.view.Newsap.m.Input{\"path\":\"\",\"propertyPath\":\"/SALES_AREA_VTWEG\",\"modelName\":\"NewYardModel\"}"}]}
RESULT: undefined
COMMAND: POST /session/c560a4da8281d0ae87757c6686821c71/execute/async - {"script":"<script> [776 bytes]","args":[{"enterText":"C2","selector":{"controlType":"sap.m.Input","viewName":"etm.portal.ui.manageyards.view.New","viewId":"application-manageyards-display-component---NewYard","bindingPath":{"path":"","propertyPath":"/SALES_AREA_VTWEG","modelName":"NewYardModel"},"interaction":{"idSuffix":"inner"}},"clearTextFirst":true,"interactionType":"ENTER_TEXT"}]}
RESULT: {"script":"<script> [776 bytes]","args":[{"enterText":"C2","selector":{"controlType":"sap.m.Input","viewName":"etm.portal.ui.manageyards.view.New","viewId":"application-manageyards-display-component---NewYard","bindingPath":{"path":"","propertyPath":"/SALES_AREA_VTWEG","modelName":"NewYardModel"},"interaction":{"idSuffix":"inner"}},"clearTextFirst":true,"interactionType":"ENTER_TEXT"}]}
COMMAND: POST /session/c560a4da8281d0ae87757c6686821c71/execute/async - {"script":"<script> [1562 bytes]","args":[{"selector":{"controlType":"sap.m.Input","viewName":"etm.portal.ui.manageyards.view.New","viewId":"application-manageyards-display-component---NewYard","bindingPath":{"path":"","propertyPath":"/SALES_AREA_SPART","modelName":"NewYardModel"},"interaction":{"idSuffix":"inner"}},"wdio_ui5_key":"etmportal.ui.manageyards.view.Newsap.m.Input{\"path\":\"\",\"propertyPath\":\"/SALES_AREA_SPART\",\"modelName\":\"NewYardModel\"}"}]}
RESULT: {"script":"<script> [1562 bytes]","args":[{"selector":{"controlType":"sap.m.Input","viewName":"etm.portal.ui.manageyards.view.New","viewId":"application-manageyards-display-component---NewYard","bindingPath":{"path":"","propertyPath":"/SALES_AREA_SPART","modelName":"NewYardModel"},"interaction":{"idSuffix":"inner"}},"wdio_ui5_key":"etmportal.ui.manageyards.view.Newsap.m.Input{\"path\":\"\",\"propertyPath\":\"/SALES_AREA_SPART\",\"modelName\":\"NewYardModel\"}"}]}
RESULT: undefined
COMMAND: POST /session/c560a4da8281d0ae87757c6686821c71/execute/async - {"script":"<script> [776 bytes]","args":[{"enterText":"C2","selector":{"controlType":"sap.m.Input","viewName":"etm.portal.ui.manageyards.view.New","viewId":"application-manageyards-display-component---NewYard","bindingPath":{"path":"","propertyPath":"/SALES_AREA_SPART","modelName":"NewYardModel"},"interaction":{"idSuffix":"inner"}},"clearTextFirst":true,"interactionType":"ENTER_TEXT"}]}
RESULT: {"script":"<script> [776 bytes]","args":[{"enterText":"C2","selector":{"controlType":"sap.m.Input","viewName":"etm.portal.ui.manageyards.view.New","viewId":"application-manageyards-display-component---NewYard","bindingPath":{"path":"","propertyPath":"/SALES_AREA_SPART","modelName":"NewYardModel"},"interaction":{"idSuffix":"inner"}},"clearTextFirst":true,"interactionType":"ENTER_TEXT"}]}
COMMAND: POST /session/c560a4da8281d0ae87757c6686821c71/execute/async - {"script":"<script> [1562 bytes]","args":[{"selector":{"controlType":"sap.m.Input","viewName":"etm.portal.ui.manageyards.view.New","viewId":"application-manageyards-display-component---NewYard","bindingPath":{"path":"","propertyPath":"/SHIP_POINT","modelName":"NewYardModel"},"interaction":{"idSuffix":"inner"}},"wdio_ui5_key":"etmportal.ui.manageyards.view.Newsap.m.Input{\"path\":\"\",\"propertyPath\":\"/SHIP_POINT\",\"modelName\":\"NewYardModel\"}"}]}
RESULT: {"script":"<script> [1562 bytes]","args":[{"selector":{"controlType":"sap.m.Input","viewName":"etm.portal.ui.manageyards.view.New","viewId":"application-manageyards-display-component---NewYard","bindingPath":{"path":"","propertyPath":"/SHIP_POINT","modelName":"NewYardModel"},"interaction":{"idSuffix":"inner"}},"wdio_ui5_key":"etmportal.ui.manageyards.view.Newsap.m.Input{\"path\":\"\",\"propertyPath\":\"/SHIP_POINT\",\"modelName\":\"NewYardModel\"}"}]}
RESULT: undefined
COMMAND: POST /session/c560a4da8281d0ae87757c6686821c71/execute/async - {"script":"<script> [776 bytes]","args":[{"enterText":"1710","selector":{"controlType":"sap.m.Input","viewName":"etm.portal.ui.manageyards.view.New","viewId":"application-manageyards-display-component---NewYard","bindingPath":{"path":"","propertyPath":"/SHIP_POINT","modelName":"NewYardModel"},"interaction":{"idSuffix":"inner"}},"clearTextFirst":true,"interactionType":"ENTER_TEXT"}]}
RESULT: {"script":"<script> [776 bytes]","args":[{"enterText":"1710","selector":{"controlType":"sap.m.Input","viewName":"etm.portal.ui.manageyards.view.New","viewId":"application-manageyards-display-component---NewYard","bindingPath":{"path":"","propertyPath":"/SHIP_POINT","modelName":"NewYardModel"},"interaction":{"idSuffix":"inner"}},"clearTextFirst":true,"interactionType":"ENTER_TEXT"}]}
COMMAND: POST /session/c560a4da8281d0ae87757c6686821c71/execute/async - {"script":"<script> [1562 bytes]","args":[{"selector":{"controlType":"sap.m.Input","viewName":"etm.portal.ui.manageyards.view.New","viewId":"application-manageyards-display-component---NewYard","bindingPath":{"path":"","propertyPath":"/DELIVERY_TYPE","modelName":"NewYardModel"},"interaction":{"idSuffix":"inner"}},"wdio_ui5_key":"etmportal.ui.manageyards.view.Newsap.m.Input{\"path\":\"\",\"propertyPath\":\"/DELIVERY_TYPE\",\"modelName\":\"NewYardModel\"}"}]}
RESULT: {"script":"<script> [1562 bytes]","args":[{"selector":{"controlType":"sap.m.Input","viewName":"etm.portal.ui.manageyards.view.New","viewId":"application-manageyards-display-component---NewYard","bindingPath":{"path":"","propertyPath":"/DELIVERY_TYPE","modelName":"NewYardModel"},"interaction":{"idSuffix":"inner"}},"wdio_ui5_key":"etmportal.ui.manageyards.view.Newsap.m.Input{\"path\":\"\",\"propertyPath\":\"/DELIVERY_TYPE\",\"modelName\":\"NewYardModel\"}"}]}
RESULT: undefined
COMMAND: POST /session/c560a4da8281d0ae87757c6686821c71/execute/async - {"script":"<script> [776 bytes]","args":[{"enterText":"ZL01","selector":{"controlType":"sap.m.Input","viewName":"etm.portal.ui.manageyards.view.New","viewId":"application-manageyards-display-component---NewYard","bindingPath":{"path":"","propertyPath":"/DELIVERY_TYPE","modelName":"NewYardModel"},"interaction":{"idSuffix":"inner"}},"clearTextFirst":true,"interactionType":"ENTER_TEXT"}]}
RESULT: {"script":"<script> [776 bytes]","args":[{"enterText":"ZL01","selector":{"controlType":"sap.m.Input","viewName":"etm.portal.ui.manageyards.view.New","viewId":"application-manageyards-display-component---NewYard","bindingPath":{"path":"","propertyPath":"/DELIVERY_TYPE","modelName":"NewYardModel"},"interaction":{"idSuffix":"inner"}},"clearTextFirst":true,"interactionType":"ENTER_TEXT"}]}
COMMAND: POST /session/c560a4da8281d0ae87757c6686821c71/execute/async - {"script":"<script> [1562 bytes]","args":[{"selector":{"controlType":"sap.m.Input","viewName":"etm.portal.ui.manageyards.view.New","viewId":"application-manageyards-display-component---NewYard","bindingPath":{"path":"","propertyPath":"/AUART","modelName":"NewYardModel"},"interaction":{"idSuffix":"inner"}},"wdio_ui5_key":"etmportal.ui.manageyards.view.Newsap.m.Input{\"path\":\"\",\"propertyPath\":\"/AUART\",\"modelName\":\"NewYardModel\"}"}]}
RESULT: {"script":"<script> [1562 bytes]","args":[{"selector":{"controlType":"sap.m.Input","viewName":"etm.portal.ui.manageyards.view.New","viewId":"application-manageyards-display-component---NewYard","bindingPath":{"path":"","propertyPath":"/AUART","modelName":"NewYardModel"},"interaction":{"idSuffix":"inner"}},"wdio_ui5_key":"etmportal.ui.manageyards.view.Newsap.m.Input{\"path\":\"\",\"propertyPath\":\"/AUART\",\"modelName\":\"NewYardModel\"}"}]}
RESULT: undefined
COMMAND: POST /session/c560a4da8281d0ae87757c6686821c71/execute/async - {"script":"<script> [776 bytes]","args":[{"enterText":"TA","selector":{"controlType":"sap.m.Input","viewName":"etm.portal.ui.manageyards.view.New","viewId":"application-manageyards-display-component---NewYard","bindingPath":{"path":"","propertyPath":"/AUART","modelName":"NewYardModel"},"interaction":{"idSuffix":"inner"}},"clearTextFirst":true,"interactionType":"ENTER_TEXT"}]}
RESULT: {"script":"<script> [776 bytes]","args":[{"enterText":"TA","selector":{"controlType":"sap.m.Input","viewName":"etm.portal.ui.manageyards.view.New","viewId":"application-manageyards-display-component---NewYard","bindingPath":{"path":"","propertyPath":"/AUART","modelName":"NewYardModel"},"interaction":{"idSuffix":"inner"}},"clearTextFirst":true,"interactionType":"ENTER_TEXT"}]}
COMMAND: POST /session/c560a4da8281d0ae87757c6686821c71/execute/async - {"script":"<script> [1562 bytes]","args":[{"selector":{"id":"application-manageyards-display-component---NewYard--whmCheckBox","interaction":{"idSuffix":"CbBg"}},"wdio_ui5_key":"applicationmanageyards-display-component---NewYard--whmCheckBox"}]}
RESULT: {"script":"<script> [1562 bytes]","args":[{"selector":{"id":"application-manageyards-display-component---NewYard--whmCheckBox","interaction":{"idSuffix":"CbBg"}},"wdio_ui5_key":"applicationmanageyards-display-component---NewYard--whmCheckBox"}]}
RESULT: undefined
COMMAND: POST /session/c560a4da8281d0ae87757c6686821c71/element - {"using":"xpath","value":"//*[@id=\"application-manageyards-display-component---NewYard--whmCheckBox\"]"}
RESULT: {"using":"xpath","value":"//*[@id=\"application-manageyards-display-component---NewYard--whmCheckBox\"]"}
COMMAND: POST /session/c560a4da8281d0ae87757c6686821c71/element/f.437C3BD069600255C914999B9931D078.d.CAD892528F2E5C64635C3332E03ADBD6.e.791/click - {}
RESULT: {}
COMMAND: GET /session/c560a4da8281d0ae87757c6686821c71/screenshot - {}
RESULT: {}
COMMAND: POST /session/c560a4da8281d0ae87757c6686821c71/element - {"using":"xpath","value":"//button[@data-kt=\"newYardSaveButton\"]"}
RESULT: {"using":"xpath","value":"//button[@data-kt=\"newYardSaveButton\"]"}
COMMAND: POST /session/c560a4da8281d0ae87757c6686821c71/element/f.437C3BD069600255C914999B9931D078.d.CAD892528F2E5C64635C3332E03ADBD6.e.699/click - {}
RESULT: {}
COMMAND: GET /session/c560a4da8281d0ae87757c6686821c71/screenshot - {}
RESULT: {}
COMMAND: POST /session/c560a4da8281d0ae87757c6686821c71/element - {"using":"xpath","value":"//header[contains(@id, 'ObjectPageLayout-headerTitle')]/div[1]/div[2]/div[1]/span[1]"}
RESULT: {"using":"xpath","value":"//header[contains(@id, 'ObjectPageLayout-headerTitle')]/div[1]/div[2]/div[1]/span[1]"}
COMMAND: POST /session/c560a4da8281d0ae87757c6686821c71/elements - {"using":"xpath","value":"//header[contains(@id, 'ObjectPageLayout-headerTitle')]/div[1]/div[2]/div[1]/span[1]"}
RESULT: {"using":"xpath","value":"//header[contains(@id, 'ObjectPageLayout-headerTitle')]/div[1]/div[2]/div[1]/span[1]"}
COMMAND: POST /session/c560a4da8281d0ae87757c6686821c71/execute/sync - {"script":"<script> [56 bytes]","args":[{"element-6066-11e4-a52e-4f735466cecf":"f.437C3BD069600255C914999B9931D078.d.CAD892528F2E5C64635C3332E03ADBD6.e.996","ELEMENT":"f.437C3BD069600255C914999B9931D078.d.CAD892528F2E5C64635C3332E03ADBD6.e.996"}]}
RESULT: {"script":"<script> [56 bytes]","args":[{"element-6066-11e4-a52e-4f735466cecf":"f.437C3BD069600255C914999B9931D078.d.CAD892528F2E5C64635C3332E03ADBD6.e.996","ELEMENT":"f.437C3BD069600255C914999B9931D078.d.CAD892528F2E5C64635C3332E03ADBD6.e.996"}]}
COMMAND: GET /session/c560a4da8281d0ae87757c6686821c71/screenshot - {}
RESULT: {}
COMMAND: POST /session/c560a4da8281d0ae87757c6686821c71/element - {"using":"css selector","value":"#shell-header-logo"}
RESULT: {"using":"css selector","value":"#shell-header-logo"}
COMMAND: POST /session/c560a4da8281d0ae87757c6686821c71/element/f.437C3BD069600255C914999B9931D078.d.CAD892528F2E5C64635C3332E03ADBD6.e.250/click - {}
RESULT: {}
COMMAND: GET /session/c560a4da8281d0ae87757c6686821c71/screenshot - {}
RESULT: {}
COMMAND: POST /session/c560a4da8281d0ae87757c6686821c71/execute/sync - {"script":"<script> [299 bytes]","args":[["getModel","getResource"]]}
RESULT: {"script":"<script> [299 bytes]","args":[["getModel","getResource"]]}
COMMAND: GET /session/c560a4da8281d0ae87757c6686821c71/screenshot - {}
]]></system-out>
    </testcase>
    <testcase classname="chrome.137_0_7151_69.windows.Stock_increase_-_with_WHM_US125587" name="Should create a new external WHM partner" time="106.678">
      <system-out><![CDATA[
COMMAND: POST /session/c560a4da8281d0ae87757c6686821c71/window/fullscreen - {}
RESULT: {}
RESULT: {}
COMMAND: POST /session/c560a4da8281d0ae87757c6686821c71/execute/async - {"script":"<script> [1562 bytes]","args":[{"selector":{"controlType":"sap.m.GenericTile","properties":{"header":"Manage Partners"}},"wdio_ui5_key":"sapm.GenericTile{\"header\":\"Manage Partners\"}"}]}
RESULT: {"script":"<script> [1562 bytes]","args":[{"selector":{"controlType":"sap.m.GenericTile","properties":{"header":"Manage Partners"}},"wdio_ui5_key":"sapm.GenericTile{\"header\":\"Manage Partners\"}"}]}
RESULT: undefined
COMMAND: POST /session/c560a4da8281d0ae87757c6686821c71/element - {"using":"xpath","value":"//*[@id=\"__tile39\"]"}
RESULT: {"using":"xpath","value":"//*[@id=\"__tile39\"]"}
COMMAND: POST /session/c560a4da8281d0ae87757c6686821c71/element/f.437C3BD069600255C914999B9931D078.d.CAD892528F2E5C64635C3332E03ADBD6.e.134/click - {}
RESULT: {}
COMMAND: GET /session/c560a4da8281d0ae87757c6686821c71/screenshot - {}
RESULT: {}
COMMAND: POST /session/c560a4da8281d0ae87757c6686821c71/elements - {"using":"xpath","value":"//span[text()='Error']"}
RESULT: {"using":"xpath","value":"//span[text()='Error']"}
COMMAND: POST /session/c560a4da8281d0ae87757c6686821c71/element - {"using":"xpath","value":"//button[@data-kt=\"addButton\"]"}
RESULT: {"using":"xpath","value":"//button[@data-kt=\"addButton\"]"}
COMMAND: POST /session/c560a4da8281d0ae87757c6686821c71/elements - {"using":"xpath","value":"//button[@data-kt=\"addButton\"]"}
RESULT: {"using":"xpath","value":"//button[@data-kt=\"addButton\"]"}
COMMAND: POST /session/c560a4da8281d0ae87757c6686821c71/element - {"using":"xpath","value":"//button[@data-kt=\"addButton\"]"}
RESULT: {"using":"xpath","value":"//button[@data-kt=\"addButton\"]"}
COMMAND: POST /session/c560a4da8281d0ae87757c6686821c71/execute/sync - {"script":"<script> [8489 bytes]","args":[{"element-6066-11e4-a52e-4f735466cecf":"f.437C3BD069600255C914999B9931D078.d.CAD892528F2E5C64635C3332E03ADBD6.e.1034","ELEMENT":"f.437C3BD069600255C914999B9931D078.d.CAD892528F2E5C64635C3332E03ADBD6.e.1034"}]}
RESULT: {"script":"<script> [8489 bytes]","args":[{"element-6066-11e4-a52e-4f735466cecf":"f.437C3BD069600255C914999B9931D078.d.CAD892528F2E5C64635C3332E03ADBD6.e.1034","ELEMENT":"f.437C3BD069600255C914999B9931D078.d.CAD892528F2E5C64635C3332E03ADBD6.e.1034"}]}
COMMAND: GET /session/c560a4da8281d0ae87757c6686821c71/element/f.437C3BD069600255C914999B9931D078.d.CAD892528F2E5C64635C3332E03ADBD6.e.1034/enabled - {}
COMMAND: GET /session/c560a4da8281d0ae87757c6686821c71/screenshot - {}
RESULT: {}
COMMAND: POST /session/c560a4da8281d0ae87757c6686821c71/execute/sync - {"script":"<script> [8489 bytes]","args":[{"element-6066-11e4-a52e-4f735466cecf":"f.437C3BD069600255C914999B9931D078.d.CAD892528F2E5C64635C3332E03ADBD6.e.1034","ELEMENT":"f.437C3BD069600255C914999B9931D078.d.CAD892528F2E5C64635C3332E03ADBD6.e.1034"}]}
COMMAND: GET /session/c560a4da8281d0ae87757c6686821c71/screenshot - {}
RESULT: {}
RESULT: {"script":"<script> [8489 bytes]","args":[{"element-6066-11e4-a52e-4f735466cecf":"f.437C3BD069600255C914999B9931D078.d.CAD892528F2E5C64635C3332E03ADBD6.e.1034","ELEMENT":"f.437C3BD069600255C914999B9931D078.d.CAD892528F2E5C64635C3332E03ADBD6.e.1034"}]}
COMMAND: POST /session/c560a4da8281d0ae87757c6686821c71/execute/sync - {"script":"<script> [5351 bytes]","args":[{"element-6066-11e4-a52e-4f735466cecf":"f.437C3BD069600255C914999B9931D078.d.CAD892528F2E5C64635C3332E03ADBD6.e.1034","ELEMENT":"f.437C3BD069600255C914999B9931D078.d.CAD892528F2E5C64635C3332E03ADBD6.e.1034"}]}
COMMAND: GET /session/c560a4da8281d0ae87757c6686821c71/screenshot - {}
RESULT: {}
RESULT: {"script":"<script> [5351 bytes]","args":[{"element-6066-11e4-a52e-4f735466cecf":"f.437C3BD069600255C914999B9931D078.d.CAD892528F2E5C64635C3332E03ADBD6.e.1034","ELEMENT":"f.437C3BD069600255C914999B9931D078.d.CAD892528F2E5C64635C3332E03ADBD6.e.1034"}]}
COMMAND: POST /session/c560a4da8281d0ae87757c6686821c71/element/f.437C3BD069600255C914999B9931D078.d.CAD892528F2E5C64635C3332E03ADBD6.e.1034/click - {}
COMMAND: GET /session/c560a4da8281d0ae87757c6686821c71/screenshot - {}
RESULT: {}
RESULT: {}
COMMAND: GET /session/c560a4da8281d0ae87757c6686821c71/screenshot - {}
RESULT: {}
RESULT: {}
COMMAND: POST /session/c560a4da8281d0ae87757c6686821c71/execute/async - {"script":"<script> [1562 bytes]","args":[{"selector":{"id":"application-managepartners-display-component---NewPartner--addressDetailDetailsName1","interaction":{"idSuffix":"inner"}},"wdio_ui5_key":"applicationmanagepartners-display-component---NewPartner--addressDetailDetailsName1"}]}
RESULT: {"script":"<script> [1562 bytes]","args":[{"selector":{"id":"application-managepartners-display-component---NewPartner--addressDetailDetailsName1","interaction":{"idSuffix":"inner"}},"wdio_ui5_key":"applicationmanagepartners-display-component---NewPartner--addressDetailDetailsName1"}]}
RESULT: undefined
COMMAND: POST /session/c560a4da8281d0ae87757c6686821c71/execute/async - {"script":"<script> [776 bytes]","args":[{"enterText":"External Partner WDIO","selector":{"id":"application-managepartners-display-component---NewPartner--addressDetailDetailsName1","interaction":{"idSuffix":"inner"}},"clearTextFirst":true,"interactionType":"ENTER_TEXT"}]}
RESULT: {"script":"<script> [776 bytes]","args":[{"enterText":"External Partner WDIO","selector":{"id":"application-managepartners-display-component---NewPartner--addressDetailDetailsName1","interaction":{"idSuffix":"inner"}},"clearTextFirst":true,"interactionType":"ENTER_TEXT"}]}
COMMAND: POST /session/c560a4da8281d0ae87757c6686821c71/execute/async - {"script":"<script> [1562 bytes]","args":[{"selector":{"id":"application-managepartners-display-component---NewPartner--addressDetailDetailsLanguage-arrow"},"wdio_ui5_key":"applicationmanagepartners-display-component---NewPartner--addressDetailDetailsLanguage-arrow"}]}
RESULT: {"script":"<script> [1562 bytes]","args":[{"selector":{"id":"application-managepartners-display-component---NewPartner--addressDetailDetailsLanguage-arrow"},"wdio_ui5_key":"applicationmanagepartners-display-component---NewPartner--addressDetailDetailsLanguage-arrow"}]}
RESULT: undefined
COMMAND: POST /session/c560a4da8281d0ae87757c6686821c71/element - {"using":"xpath","value":"//*[@id=\"application-managepartners-display-component---NewPartner--addressDetailDetailsLanguage-arrow\"]"}
RESULT: {"using":"xpath","value":"//*[@id=\"application-managepartners-display-component---NewPartner--addressDetailDetailsLanguage-arrow\"]"}
COMMAND: POST /session/c560a4da8281d0ae87757c6686821c71/element/f.437C3BD069600255C914999B9931D078.d.CAD892528F2E5C64635C3332E03ADBD6.e.1479/click - {}
RESULT: {}
COMMAND: POST /session/c560a4da8281d0ae87757c6686821c71/element - {"using":"xpath","value":"//span[contains(text(), \"English\")]"}
COMMAND: GET /session/c560a4da8281d0ae87757c6686821c71/screenshot - {}
RESULT: {"using":"xpath","value":"//span[contains(text(), \"English\")]"}
COMMAND: POST /session/c560a4da8281d0ae87757c6686821c71/element/f.437C3BD069600255C914999B9931D078.d.CAD892528F2E5C64635C3332E03ADBD6.e.1480/click - {}
RESULT: {}
RESULT: {}
COMMAND: GET /session/c560a4da8281d0ae87757c6686821c71/screenshot - {}
RESULT: {}
COMMAND: POST /session/c560a4da8281d0ae87757c6686821c71/execute/async - {"script":"<script> [1562 bytes]","args":[{"selector":{"id":"application-managepartners-display-component---NewPartner--addressDetailDetailsCity1","interaction":{"idSuffix":"inner"}},"wdio_ui5_key":"applicationmanagepartners-display-component---NewPartner--addressDetailDetailsCity1"}]}
RESULT: {"script":"<script> [1562 bytes]","args":[{"selector":{"id":"application-managepartners-display-component---NewPartner--addressDetailDetailsCity1","interaction":{"idSuffix":"inner"}},"wdio_ui5_key":"applicationmanagepartners-display-component---NewPartner--addressDetailDetailsCity1"}]}
RESULT: undefined
COMMAND: POST /session/c560a4da8281d0ae87757c6686821c71/execute/async - {"script":"<script> [776 bytes]","args":[{"enterText":"Rosario","selector":{"id":"application-managepartners-display-component---NewPartner--addressDetailDetailsCity1","interaction":{"idSuffix":"inner"}},"clearTextFirst":true,"interactionType":"ENTER_TEXT"}]}
RESULT: {"script":"<script> [776 bytes]","args":[{"enterText":"Rosario","selector":{"id":"application-managepartners-display-component---NewPartner--addressDetailDetailsCity1","interaction":{"idSuffix":"inner"}},"clearTextFirst":true,"interactionType":"ENTER_TEXT"}]}
COMMAND: POST /session/c560a4da8281d0ae87757c6686821c71/execute/async - {"script":"<script> [1562 bytes]","args":[{"selector":{"id":"application-managepartners-display-component---NewPartner--addressDetailDetailsCountry-arrow"},"wdio_ui5_key":"applicationmanagepartners-display-component---NewPartner--addressDetailDetailsCountry-arrow"}]}
RESULT: {"script":"<script> [1562 bytes]","args":[{"selector":{"id":"application-managepartners-display-component---NewPartner--addressDetailDetailsCountry-arrow"},"wdio_ui5_key":"applicationmanagepartners-display-component---NewPartner--addressDetailDetailsCountry-arrow"}]}
RESULT: undefined
COMMAND: POST /session/c560a4da8281d0ae87757c6686821c71/element - {"using":"xpath","value":"//*[@id=\"application-managepartners-display-component---NewPartner--addressDetailDetailsCountry-arrow\"]"}
RESULT: {"using":"xpath","value":"//*[@id=\"application-managepartners-display-component---NewPartner--addressDetailDetailsCountry-arrow\"]"}
COMMAND: POST /session/c560a4da8281d0ae87757c6686821c71/element/f.437C3BD069600255C914999B9931D078.d.CAD892528F2E5C64635C3332E03ADBD6.e.1442/click - {}
RESULT: {}
COMMAND: POST /session/c560a4da8281d0ae87757c6686821c71/element - {"using":"xpath","value":"//span[contains(text(), \"Argentina\")]"}
COMMAND: GET /session/c560a4da8281d0ae87757c6686821c71/screenshot - {}
RESULT: {"using":"xpath","value":"//span[contains(text(), \"Argentina\")]"}
COMMAND: POST /session/c560a4da8281d0ae87757c6686821c71/element/f.437C3BD069600255C914999B9931D078.d.CAD892528F2E5C64635C3332E03ADBD6.e.1482/click - {}
RESULT: {}
RESULT: {}
COMMAND: GET /session/c560a4da8281d0ae87757c6686821c71/screenshot - {}
RESULT: {}
COMMAND: POST /session/c560a4da8281d0ae87757c6686821c71/element - {"using":"xpath","value":"//bdi[contains(text(), \"Commercial\")]"}
RESULT: {"using":"xpath","value":"//bdi[contains(text(), \"Commercial\")]"}
COMMAND: POST /session/c560a4da8281d0ae87757c6686821c71/element/f.437C3BD069600255C914999B9931D078.d.CAD892528F2E5C64635C3332E03ADBD6.e.1483/click - {}
RESULT: {}
COMMAND: GET /session/c560a4da8281d0ae87757c6686821c71/screenshot - {}
RESULT: {}
COMMAND: POST /session/c560a4da8281d0ae87757c6686821c71/execute/async - {"script":"<script> [1562 bytes]","args":[{"selector":{"id":"application-managepartners-display-component---NewPartner--partnerDetailInternal-arrow"},"wdio_ui5_key":"applicationmanagepartners-display-component---NewPartner--partnerDetailInternal-arrow"}]}
RESULT: {"script":"<script> [1562 bytes]","args":[{"selector":{"id":"application-managepartners-display-component---NewPartner--partnerDetailInternal-arrow"},"wdio_ui5_key":"applicationmanagepartners-display-component---NewPartner--partnerDetailInternal-arrow"}]}
RESULT: undefined
COMMAND: POST /session/c560a4da8281d0ae87757c6686821c71/element - {"using":"xpath","value":"//*[@id=\"application-managepartners-display-component---NewPartner--partnerDetailInternal-arrow\"]"}
RESULT: {"using":"xpath","value":"//*[@id=\"application-managepartners-display-component---NewPartner--partnerDetailInternal-arrow\"]"}
COMMAND: POST /session/c560a4da8281d0ae87757c6686821c71/element/f.437C3BD069600255C914999B9931D078.d.CAD892528F2E5C64635C3332E03ADBD6.e.1489/click - {}
RESULT: {}
COMMAND: POST /session/c560a4da8281d0ae87757c6686821c71/element - {"using":"xpath","value":"//span[contains(text(), \"External partner\")]"}
COMMAND: GET /session/c560a4da8281d0ae87757c6686821c71/screenshot - {}
RESULT: {"using":"xpath","value":"//span[contains(text(), \"External partner\")]"}
COMMAND: POST /session/c560a4da8281d0ae87757c6686821c71/element/f.437C3BD069600255C914999B9931D078.d.CAD892528F2E5C64635C3332E03ADBD6.e.1490/click - {}
RESULT: {}
RESULT: {}
COMMAND: POST /session/c560a4da8281d0ae87757c6686821c71/execute/async - {"script":"<script> [1562 bytes]","args":[{"selector":{"id":"application-managepartners-display-component---NewPartner--partnerDetailsCurrency-arrow"},"wdio_ui5_key":"applicationmanagepartners-display-component---NewPartner--partnerDetailsCurrency-arrow"}]}
COMMAND: GET /session/c560a4da8281d0ae87757c6686821c71/screenshot - {}
RESULT: {"script":"<script> [1562 bytes]","args":[{"selector":{"id":"application-managepartners-display-component---NewPartner--partnerDetailsCurrency-arrow"},"wdio_ui5_key":"applicationmanagepartners-display-component---NewPartner--partnerDetailsCurrency-arrow"}]}
RESULT: undefined
COMMAND: POST /session/c560a4da8281d0ae87757c6686821c71/element - {"using":"xpath","value":"//*[@id=\"application-managepartners-display-component---NewPartner--partnerDetailsCurrency-arrow\"]"}
RESULT: {}
RESULT: {"using":"xpath","value":"//*[@id=\"application-managepartners-display-component---NewPartner--partnerDetailsCurrency-arrow\"]"}
COMMAND: POST /session/c560a4da8281d0ae87757c6686821c71/element/f.437C3BD069600255C914999B9931D078.d.CAD892528F2E5C64635C3332E03ADBD6.e.1495/click - {}
RESULT: {}
COMMAND: POST /session/c560a4da8281d0ae87757c6686821c71/element - {"using":"xpath","value":"//span[contains(text(), \"US Dollar\")]"}
COMMAND: GET /session/c560a4da8281d0ae87757c6686821c71/screenshot - {}
RESULT: {"using":"xpath","value":"//span[contains(text(), \"US Dollar\")]"}
COMMAND: POST /session/c560a4da8281d0ae87757c6686821c71/element/f.437C3BD069600255C914999B9931D078.d.CAD892528F2E5C64635C3332E03ADBD6.e.1496/click - {}
RESULT: {}
RESULT: {}
COMMAND: GET /session/c560a4da8281d0ae87757c6686821c71/screenshot - {}
RESULT: {}
COMMAND: POST /session/c560a4da8281d0ae87757c6686821c71/element - {"using":"xpath","value":"//input[@id=\"application-managepartners-display-component---NewPartner--companyCodeComboBox-inner\"]"}
RESULT: {"using":"xpath","value":"//input[@id=\"application-managepartners-display-component---NewPartner--companyCodeComboBox-inner\"]"}
COMMAND: POST /session/c560a4da8281d0ae87757c6686821c71/element/f.437C3BD069600255C914999B9931D078.d.CAD892528F2E5C64635C3332E03ADBD6.e.1384/clear - {}
RESULT: {}
COMMAND: POST /session/c560a4da8281d0ae87757c6686821c71/element/f.437C3BD069600255C914999B9931D078.d.CAD892528F2E5C64635C3332E03ADBD6.e.1384/value - {"text":"C002"}
COMMAND: GET /session/c560a4da8281d0ae87757c6686821c71/screenshot - {}
RESULT: {"text":"C002"}
COMMAND: GET /session/c560a4da8281d0ae87757c6686821c71/screenshot - {}
RESULT: {}
RESULT: {}
COMMAND: POST /session/c560a4da8281d0ae87757c6686821c71/element - {"using":"xpath","value":"//li[.//span[text()= \"C002\"]]"}
RESULT: {"using":"xpath","value":"//li[.//span[text()= \"C002\"]]"}
COMMAND: POST /session/c560a4da8281d0ae87757c6686821c71/element/f.437C3BD069600255C914999B9931D078.d.CAD892528F2E5C64635C3332E03ADBD6.e.1500/click - {}
RESULT: {}
COMMAND: GET /session/c560a4da8281d0ae87757c6686821c71/screenshot - {}
RESULT: {}
COMMAND: POST /session/c560a4da8281d0ae87757c6686821c71/execute/async - {"script":"<script> [1562 bytes]","args":[{"selector":{"controlType":"sap.ui.core.Icon","viewName":"etm.portal.ui.managepartners.view.NewPartner","viewId":"application-managepartners-display-component---NewPartner","properties":{"src":{"regex":{"source":"slim\\-arrow\\-down"}}},"ancestor":{"controlType":"sap.m.ComboBox","viewName":"etm.portal.ui.managepartners.view.NewPartner","viewId":"application-managepartners-display-component---NewPartner","bindingPath":{"path":"","propertyPath":"/CATALOG","modelName":"oNewPartnerModel"}}},"wdio_ui5_key":"etmportal.ui.managepartners.view.NewPartnersap.ui.core.Icon{\"src\":{\"regex\":{\"source\":\"slim\\\\-arrow\\\\-down\"}}}{\"controlType\":\"sap.m.ComboBox\",\"viewName\":\"etm.portal.ui.managepartners.view.NewPartner\",\"viewId\":\"application-managepartners-display-component---NewPartner\",\"bindingPath\":{\"path\":\"\",\"propertyPath\":\"/CATALOG\",\"modelName\":\"oNewPartnerModel\"}}"}]}
RESULT: {"script":"<script> [1562 bytes]","args":[{"selector":{"controlType":"sap.ui.core.Icon","viewName":"etm.portal.ui.managepartners.view.NewPartner","viewId":"application-managepartners-display-component---NewPartner","properties":{"src":{"regex":{"source":"slim\\-arrow\\-down"}}},"ancestor":{"controlType":"sap.m.ComboBox","viewName":"etm.portal.ui.managepartners.view.NewPartner","viewId":"application-managepartners-display-component---NewPartner","bindingPath":{"path":"","propertyPath":"/CATALOG","modelName":"oNewPartnerModel"}}},"wdio_ui5_key":"etmportal.ui.managepartners.view.NewPartnersap.ui.core.Icon{\"src\":{\"regex\":{\"source\":\"slim\\\\-arrow\\\\-down\"}}}{\"controlType\":\"sap.m.ComboBox\",\"viewName\":\"etm.portal.ui.managepartners.view.NewPartner\",\"viewId\":\"application-managepartners-display-component---NewPartner\",\"bindingPath\":{\"path\":\"\",\"propertyPath\":\"/CATALOG\",\"modelName\":\"oNewPartnerModel\"}}"}]}
RESULT: undefined
COMMAND: POST /session/c560a4da8281d0ae87757c6686821c71/element - {"using":"xpath","value":"//*[@id=\"__box22-arrow\"]"}
RESULT: {"using":"xpath","value":"//*[@id=\"__box22-arrow\"]"}
COMMAND: POST /session/c560a4da8281d0ae87757c6686821c71/element/f.437C3BD069600255C914999B9931D078.d.CAD892528F2E5C64635C3332E03ADBD6.e.1443/click - {}
RESULT: {}
COMMAND: GET /session/c560a4da8281d0ae87757c6686821c71/screenshot - {}
RESULT: {}
COMMAND: POST /session/c560a4da8281d0ae87757c6686821c71/element - {"using":"xpath","value":"//ul[contains(@id,\"popup-list-listUl\")]//li[.//span[text()= \"Webshop Catalog\"]]"}
RESULT: {"using":"xpath","value":"//ul[contains(@id,\"popup-list-listUl\")]//li[.//span[text()= \"Webshop Catalog\"]]"}
COMMAND: POST /session/c560a4da8281d0ae87757c6686821c71/element/f.437C3BD069600255C914999B9931D078.d.CAD892528F2E5C64635C3332E03ADBD6.e.1502/click - {}
RESULT: {}
COMMAND: GET /session/c560a4da8281d0ae87757c6686821c71/screenshot - {}
RESULT: {}
COMMAND: POST /session/c560a4da8281d0ae87757c6686821c71/execute/async - {"script":"<script> [1562 bytes]","args":[{"selector":{"id":"application-managepartners-display-component---NewPartner--btnAddTableRow-img"},"wdio_ui5_key":"applicationmanagepartners-display-component---NewPartner--btnAddTableRow-img"}]}
RESULT: {"script":"<script> [1562 bytes]","args":[{"selector":{"id":"application-managepartners-display-component---NewPartner--btnAddTableRow-img"},"wdio_ui5_key":"applicationmanagepartners-display-component---NewPartner--btnAddTableRow-img"}]}
RESULT: undefined
COMMAND: POST /session/c560a4da8281d0ae87757c6686821c71/element - {"using":"xpath","value":"//*[@id=\"application-managepartners-display-component---NewPartner--btnAddTableRow-img\"]"}
RESULT: {"using":"xpath","value":"//*[@id=\"application-managepartners-display-component---NewPartner--btnAddTableRow-img\"]"}
COMMAND: POST /session/c560a4da8281d0ae87757c6686821c71/element/f.437C3BD069600255C914999B9931D078.d.CAD892528F2E5C64635C3332E03ADBD6.e.1503/click - {}
RESULT: {}
COMMAND: GET /session/c560a4da8281d0ae87757c6686821c71/screenshot - {}
RESULT: {}
COMMAND: POST /session/c560a4da8281d0ae87757c6686821c71/element - {"using":"xpath","value":"//input[@id=\"application-managepartners-display-component---NewPartner--assignmentYard-application-managepartners-display-component---NewPartner--assignmentsTable-0-inner\"]"}
RESULT: {"using":"xpath","value":"//input[@id=\"application-managepartners-display-component---NewPartner--assignmentYard-application-managepartners-display-component---NewPartner--assignmentsTable-0-inner\"]"}
COMMAND: POST /session/c560a4da8281d0ae87757c6686821c71/element/f.437C3BD069600255C914999B9931D078.d.CAD892528F2E5C64635C3332E03ADBD6.e.1506/clear - {}
RESULT: {}
COMMAND: POST /session/c560a4da8281d0ae87757c6686821c71/element/f.437C3BD069600255C914999B9931D078.d.CAD892528F2E5C64635C3332E03ADBD6.e.1506/value - {"text":"263"}
COMMAND: GET /session/c560a4da8281d0ae87757c6686821c71/screenshot - {}
RESULT: {"text":"263"}
COMMAND: GET /session/c560a4da8281d0ae87757c6686821c71/screenshot - {}
RESULT: {}
RESULT: {}
COMMAND: POST /session/c560a4da8281d0ae87757c6686821c71/element - {"using":"xpath","value":"//ul[contains(@id,\"NewPartner--assignmentsTable-0-popup-list-listUl\")]//li[.//span[text()='263']]"}
RESULT: {"using":"xpath","value":"//ul[contains(@id,\"NewPartner--assignmentsTable-0-popup-list-listUl\")]//li[.//span[text()='263']]"}
COMMAND: POST /session/c560a4da8281d0ae87757c6686821c71/element/f.437C3BD069600255C914999B9931D078.d.CAD892528F2E5C64635C3332E03ADBD6.e.1514/click - {}
RESULT: {}
COMMAND: GET /session/c560a4da8281d0ae87757c6686821c71/screenshot - {}
RESULT: {}
COMMAND: POST /session/c560a4da8281d0ae87757c6686821c71/actions - {"actions":[{"id":"action2","type":"key","parameters":{},"actions":[{"type":"keyDown","value":""},{"type":"pause","duration":10},{"type":"keyUp","value":""}]}]}
RESULT: {"actions":[{"id":"action2","type":"key","parameters":{},"actions":[{"type":"keyDown","value":""},{"type":"pause","duration":10},{"type":"keyUp","value":""}]}]}
COMMAND: POST /session/c560a4da8281d0ae87757c6686821c71/element - {"using":"xpath","value":"//td[contains(@id, \"assignmentsTable-0-cell2\")]/div/div"}
COMMAND: GET /session/c560a4da8281d0ae87757c6686821c71/screenshot - {}
RESULT: {"using":"xpath","value":"//td[contains(@id, \"assignmentsTable-0-cell2\")]/div/div"}
COMMAND: POST /session/c560a4da8281d0ae87757c6686821c71/element/f.437C3BD069600255C914999B9931D078.d.CAD892528F2E5C64635C3332E03ADBD6.e.1517/click - {}
RESULT: {}
RESULT: {}
COMMAND: GET /session/c560a4da8281d0ae87757c6686821c71/screenshot - {}
RESULT: {}
COMMAND: POST /session/c560a4da8281d0ae87757c6686821c71/element - {"using":"xpath","value":"//button[@data-kt=\"saveButton\"]"}
RESULT: {"using":"xpath","value":"//button[@data-kt=\"saveButton\"]"}
COMMAND: POST /session/c560a4da8281d0ae87757c6686821c71/element/f.437C3BD069600255C914999B9931D078.d.CAD892528F2E5C64635C3332E03ADBD6.e.1463/click - {}
RESULT: {}
COMMAND: GET /session/c560a4da8281d0ae87757c6686821c71/screenshot - {}
RESULT: {}
COMMAND: POST /session/c560a4da8281d0ae87757c6686821c71/element - {"using":"xpath","value":"//header[contains(@id, 'ObjectPageLayout-headerTitle')]/div[1]/div[2]/div[2]/span[1]"}
RESULT: {"using":"xpath","value":"//header[contains(@id, 'ObjectPageLayout-headerTitle')]/div[1]/div[2]/div[2]/span[1]"}
COMMAND: POST /session/c560a4da8281d0ae87757c6686821c71/elements - {"using":"xpath","value":"//header[contains(@id, 'ObjectPageLayout-headerTitle')]/div[1]/div[2]/div[2]/span[1]"}
RESULT: {"using":"xpath","value":"//header[contains(@id, 'ObjectPageLayout-headerTitle')]/div[1]/div[2]/div[2]/span[1]"}
COMMAND: POST /session/c560a4da8281d0ae87757c6686821c71/execute/sync - {"script":"<script> [56 bytes]","args":[{"element-6066-11e4-a52e-4f735466cecf":"f.437C3BD069600255C914999B9931D078.d.CAD892528F2E5C64635C3332E03ADBD6.e.1678","ELEMENT":"f.437C3BD069600255C914999B9931D078.d.CAD892528F2E5C64635C3332E03ADBD6.e.1678"}]}
RESULT: {"script":"<script> [56 bytes]","args":[{"element-6066-11e4-a52e-4f735466cecf":"f.437C3BD069600255C914999B9931D078.d.CAD892528F2E5C64635C3332E03ADBD6.e.1678","ELEMENT":"f.437C3BD069600255C914999B9931D078.d.CAD892528F2E5C64635C3332E03ADBD6.e.1678"}]}
COMMAND: POST /session/c560a4da8281d0ae87757c6686821c71/element - {"using":"css selector","value":"#shell-header-logo"}
COMMAND: GET /session/c560a4da8281d0ae87757c6686821c71/screenshot - {}
RESULT: {"using":"css selector","value":"#shell-header-logo"}
COMMAND: POST /session/c560a4da8281d0ae87757c6686821c71/element/f.437C3BD069600255C914999B9931D078.d.CAD892528F2E5C64635C3332E03ADBD6.e.1000/click - {}
RESULT: {}
RESULT: {}
COMMAND: GET /session/c560a4da8281d0ae87757c6686821c71/screenshot - {}
RESULT: {}
COMMAND: POST /session/c560a4da8281d0ae87757c6686821c71/execute/sync - {"script":"<script> [299 bytes]","args":[["getModel","getResource"]]}
RESULT: {"script":"<script> [299 bytes]","args":[["getModel","getResource"]]}
]]></system-out>
    </testcase>
    <testcase classname="chrome.137_0_7151_69.windows.Stock_increase_-_with_WHM_US125587" name="Should create a new WHM site" time="105.75">
      <system-out><![CDATA[
COMMAND: GET /session/c560a4da8281d0ae87757c6686821c71/screenshot - {}
COMMAND: POST /session/c560a4da8281d0ae87757c6686821c71/execute/async - {"script":"<script> [1562 bytes]","args":[{"selector":{"controlType":"sap.m.GenericTile","properties":{"header":"Manage Sites"}},"wdio_ui5_key":"sapm.GenericTile{\"header\":\"Manage Sites\"}"}]}
RESULT: {}
RESULT: {"script":"<script> [1562 bytes]","args":[{"selector":{"controlType":"sap.m.GenericTile","properties":{"header":"Manage Sites"}},"wdio_ui5_key":"sapm.GenericTile{\"header\":\"Manage Sites\"}"}]}
RESULT: undefined
COMMAND: POST /session/c560a4da8281d0ae87757c6686821c71/element - {"using":"xpath","value":"//*[@id=\"__tile41\"]"}
RESULT: {"using":"xpath","value":"//*[@id=\"__tile41\"]"}
COMMAND: POST /session/c560a4da8281d0ae87757c6686821c71/element/f.437C3BD069600255C914999B9931D078.d.CAD892528F2E5C64635C3332E03ADBD6.e.140/click - {}
RESULT: {}
COMMAND: GET /session/c560a4da8281d0ae87757c6686821c71/screenshot - {}
RESULT: {}
COMMAND: POST /session/c560a4da8281d0ae87757c6686821c71/elements - {"using":"xpath","value":"//span[text()='Error']"}
RESULT: {"using":"xpath","value":"//span[text()='Error']"}
COMMAND: POST /session/c560a4da8281d0ae87757c6686821c71/element - {"using":"xpath","value":"//button[@data-kt=\"addOverflowToolbarButton\"]"}
RESULT: {"using":"xpath","value":"//button[@data-kt=\"addOverflowToolbarButton\"]"}
COMMAND: POST /session/c560a4da8281d0ae87757c6686821c71/elements - {"using":"xpath","value":"//button[@data-kt=\"addOverflowToolbarButton\"]"}
RESULT: {"using":"xpath","value":"//button[@data-kt=\"addOverflowToolbarButton\"]"}
COMMAND: POST /session/c560a4da8281d0ae87757c6686821c71/execute/sync - {"script":"<script> [8489 bytes]","args":[{"element-6066-11e4-a52e-4f735466cecf":"f.437C3BD069600255C914999B9931D078.d.CAD892528F2E5C64635C3332E03ADBD6.e.1726","ELEMENT":"f.437C3BD069600255C914999B9931D078.d.CAD892528F2E5C64635C3332E03ADBD6.e.1726"}]}
RESULT: {"script":"<script> [8489 bytes]","args":[{"element-6066-11e4-a52e-4f735466cecf":"f.437C3BD069600255C914999B9931D078.d.CAD892528F2E5C64635C3332E03ADBD6.e.1726","ELEMENT":"f.437C3BD069600255C914999B9931D078.d.CAD892528F2E5C64635C3332E03ADBD6.e.1726"}]}
COMMAND: GET /session/c560a4da8281d0ae87757c6686821c71/element/f.437C3BD069600255C914999B9931D078.d.CAD892528F2E5C64635C3332E03ADBD6.e.1726/enabled - {}
COMMAND: GET /session/c560a4da8281d0ae87757c6686821c71/screenshot - {}
RESULT: {}
COMMAND: POST /session/c560a4da8281d0ae87757c6686821c71/execute/sync - {"script":"<script> [8489 bytes]","args":[{"element-6066-11e4-a52e-4f735466cecf":"f.437C3BD069600255C914999B9931D078.d.CAD892528F2E5C64635C3332E03ADBD6.e.1726","ELEMENT":"f.437C3BD069600255C914999B9931D078.d.CAD892528F2E5C64635C3332E03ADBD6.e.1726"}]}
COMMAND: GET /session/c560a4da8281d0ae87757c6686821c71/screenshot - {}
RESULT: {}
RESULT: {"script":"<script> [8489 bytes]","args":[{"element-6066-11e4-a52e-4f735466cecf":"f.437C3BD069600255C914999B9931D078.d.CAD892528F2E5C64635C3332E03ADBD6.e.1726","ELEMENT":"f.437C3BD069600255C914999B9931D078.d.CAD892528F2E5C64635C3332E03ADBD6.e.1726"}]}
COMMAND: POST /session/c560a4da8281d0ae87757c6686821c71/execute/sync - {"script":"<script> [5351 bytes]","args":[{"element-6066-11e4-a52e-4f735466cecf":"f.437C3BD069600255C914999B9931D078.d.CAD892528F2E5C64635C3332E03ADBD6.e.1726","ELEMENT":"f.437C3BD069600255C914999B9931D078.d.CAD892528F2E5C64635C3332E03ADBD6.e.1726"}]}
COMMAND: GET /session/c560a4da8281d0ae87757c6686821c71/screenshot - {}
RESULT: {}
RESULT: {"script":"<script> [5351 bytes]","args":[{"element-6066-11e4-a52e-4f735466cecf":"f.437C3BD069600255C914999B9931D078.d.CAD892528F2E5C64635C3332E03ADBD6.e.1726","ELEMENT":"f.437C3BD069600255C914999B9931D078.d.CAD892528F2E5C64635C3332E03ADBD6.e.1726"}]}
COMMAND: POST /session/c560a4da8281d0ae87757c6686821c71/element/f.437C3BD069600255C914999B9931D078.d.CAD892528F2E5C64635C3332E03ADBD6.e.1726/click - {}
COMMAND: GET /session/c560a4da8281d0ae87757c6686821c71/screenshot - {}
RESULT: {}
RESULT: {}
COMMAND: GET /session/c560a4da8281d0ae87757c6686821c71/screenshot - {}
COMMAND: POST /session/c560a4da8281d0ae87757c6686821c71/element - {"using":"xpath","value":"//input[@id=\"application-managesites-display-component---NewSite--siteId-inner\"]"}
RESULT: {}
RESULT: {}
RESULT: {"using":"xpath","value":"//input[@id=\"application-managesites-display-component---NewSite--siteId-inner\"]"}
COMMAND: POST /session/c560a4da8281d0ae87757c6686821c71/element - {"using":"xpath","value":"//input[@id=\"application-managesites-display-component---NewSite--siteId-inner\"]"}
RESULT: {"using":"xpath","value":"//input[@id=\"application-managesites-display-component---NewSite--siteId-inner\"]"}
COMMAND: POST /session/c560a4da8281d0ae87757c6686821c71/execute/async - {"script":"<script> [1562 bytes]","args":[{"selector":{"id":"application-managesites-display-component---NewSite--addressDetailDetailsName1","interaction":{"idSuffix":"inner"}},"wdio_ui5_key":"applicationmanagesites-display-component---NewSite--addressDetailDetailsName1"}]}
RESULT: {"script":"<script> [1562 bytes]","args":[{"selector":{"id":"application-managesites-display-component---NewSite--addressDetailDetailsName1","interaction":{"idSuffix":"inner"}},"wdio_ui5_key":"applicationmanagesites-display-component---NewSite--addressDetailDetailsName1"}]}
RESULT: undefined
COMMAND: POST /session/c560a4da8281d0ae87757c6686821c71/execute/async - {"script":"<script> [776 bytes]","args":[{"enterText":"Warehouse Managed Site WDIO","selector":{"id":"application-managesites-display-component---NewSite--addressDetailDetailsName1","interaction":{"idSuffix":"inner"}},"clearTextFirst":true,"interactionType":"ENTER_TEXT"}]}
RESULT: {"script":"<script> [776 bytes]","args":[{"enterText":"Warehouse Managed Site WDIO","selector":{"id":"application-managesites-display-component---NewSite--addressDetailDetailsName1","interaction":{"idSuffix":"inner"}},"clearTextFirst":true,"interactionType":"ENTER_TEXT"}]}
COMMAND: POST /session/c560a4da8281d0ae87757c6686821c71/execute/async - {"script":"<script> [1562 bytes]","args":[{"selector":{"id":"application-managesites-display-component---NewSite--addressDetailDetailsLanguage-arrow"},"wdio_ui5_key":"applicationmanagesites-display-component---NewSite--addressDetailDetailsLanguage-arrow"}]}
RESULT: {"script":"<script> [1562 bytes]","args":[{"selector":{"id":"application-managesites-display-component---NewSite--addressDetailDetailsLanguage-arrow"},"wdio_ui5_key":"applicationmanagesites-display-component---NewSite--addressDetailDetailsLanguage-arrow"}]}
RESULT: undefined
COMMAND: POST /session/c560a4da8281d0ae87757c6686821c71/element - {"using":"xpath","value":"//*[@id=\"application-managesites-display-component---NewSite--addressDetailDetailsLanguage-arrow\"]"}
RESULT: {"using":"xpath","value":"//*[@id=\"application-managesites-display-component---NewSite--addressDetailDetailsLanguage-arrow\"]"}
COMMAND: POST /session/c560a4da8281d0ae87757c6686821c71/element/f.437C3BD069600255C914999B9931D078.d.CAD892528F2E5C64635C3332E03ADBD6.e.2342/click - {}
RESULT: {}
COMMAND: POST /session/c560a4da8281d0ae87757c6686821c71/element - {"using":"xpath","value":"//span[contains(text(), \"English\")]"}
COMMAND: GET /session/c560a4da8281d0ae87757c6686821c71/screenshot - {}
RESULT: {"using":"xpath","value":"//span[contains(text(), \"English\")]"}
COMMAND: POST /session/c560a4da8281d0ae87757c6686821c71/element/f.437C3BD069600255C914999B9931D078.d.CAD892528F2E5C64635C3332E03ADBD6.e.2343/click - {}
RESULT: {}
RESULT: {}
COMMAND: POST /session/c560a4da8281d0ae87757c6686821c71/execute/async - {"script":"<script> [1562 bytes]","args":[{"selector":{"id":"application-managesites-display-component---NewSite--addressDetailDetailsCity1","interaction":{"idSuffix":"inner"}},"wdio_ui5_key":"applicationmanagesites-display-component---NewSite--addressDetailDetailsCity1"}]}
COMMAND: GET /session/c560a4da8281d0ae87757c6686821c71/screenshot - {}
RESULT: {"script":"<script> [1562 bytes]","args":[{"selector":{"id":"application-managesites-display-component---NewSite--addressDetailDetailsCity1","interaction":{"idSuffix":"inner"}},"wdio_ui5_key":"applicationmanagesites-display-component---NewSite--addressDetailDetailsCity1"}]}
RESULT: undefined
COMMAND: POST /session/c560a4da8281d0ae87757c6686821c71/execute/async - {"script":"<script> [776 bytes]","args":[{"enterText":"Rosario","selector":{"id":"application-managesites-display-component---NewSite--addressDetailDetailsCity1","interaction":{"idSuffix":"inner"}},"clearTextFirst":true,"interactionType":"ENTER_TEXT"}]}
RESULT: {}
RESULT: {"script":"<script> [776 bytes]","args":[{"enterText":"Rosario","selector":{"id":"application-managesites-display-component---NewSite--addressDetailDetailsCity1","interaction":{"idSuffix":"inner"}},"clearTextFirst":true,"interactionType":"ENTER_TEXT"}]}
COMMAND: POST /session/c560a4da8281d0ae87757c6686821c71/execute/async - {"script":"<script> [1562 bytes]","args":[{"selector":{"id":"application-managesites-display-component---NewSite--addressDetailDetailsCountry-arrow"},"wdio_ui5_key":"applicationmanagesites-display-component---NewSite--addressDetailDetailsCountry-arrow"}]}
RESULT: {"script":"<script> [1562 bytes]","args":[{"selector":{"id":"application-managesites-display-component---NewSite--addressDetailDetailsCountry-arrow"},"wdio_ui5_key":"applicationmanagesites-display-component---NewSite--addressDetailDetailsCountry-arrow"}]}
RESULT: undefined
COMMAND: POST /session/c560a4da8281d0ae87757c6686821c71/element - {"using":"xpath","value":"//*[@id=\"application-managesites-display-component---NewSite--addressDetailDetailsCountry-arrow\"]"}
RESULT: {"using":"xpath","value":"//*[@id=\"application-managesites-display-component---NewSite--addressDetailDetailsCountry-arrow\"]"}
COMMAND: POST /session/c560a4da8281d0ae87757c6686821c71/element/f.437C3BD069600255C914999B9931D078.d.CAD892528F2E5C64635C3332E03ADBD6.e.2345/click - {}
RESULT: {}
COMMAND: POST /session/c560a4da8281d0ae87757c6686821c71/element - {"using":"xpath","value":"//span[contains(text(), \"Argentina\")]"}
COMMAND: GET /session/c560a4da8281d0ae87757c6686821c71/screenshot - {}
RESULT: {"using":"xpath","value":"//span[contains(text(), \"Argentina\")]"}
COMMAND: POST /session/c560a4da8281d0ae87757c6686821c71/element/f.437C3BD069600255C914999B9931D078.d.CAD892528F2E5C64635C3332E03ADBD6.e.2346/click - {}
RESULT: {}
RESULT: {}
COMMAND: GET /session/c560a4da8281d0ae87757c6686821c71/screenshot - {}
RESULT: {}
COMMAND: POST /session/c560a4da8281d0ae87757c6686821c71/execute/async - {"script":"<script> [1562 bytes]","args":[{"selector":{"id":"application-managesites-display-component---NewSite--addressEditDetailsCostObjectCstType-arrow"},"wdio_ui5_key":"applicationmanagesites-display-component---NewSite--addressEditDetailsCostObjectCstType-arrow"}]}
RESULT: {"script":"<script> [1562 bytes]","args":[{"selector":{"id":"application-managesites-display-component---NewSite--addressEditDetailsCostObjectCstType-arrow"},"wdio_ui5_key":"applicationmanagesites-display-component---NewSite--addressEditDetailsCostObjectCstType-arrow"}]}
RESULT: undefined
COMMAND: POST /session/c560a4da8281d0ae87757c6686821c71/element - {"using":"xpath","value":"//*[@id=\"application-managesites-display-component---NewSite--addressEditDetailsCostObjectCstType-arrow\"]"}
RESULT: {"using":"xpath","value":"//*[@id=\"application-managesites-display-component---NewSite--addressEditDetailsCostObjectCstType-arrow\"]"}
COMMAND: POST /session/c560a4da8281d0ae87757c6686821c71/element/f.437C3BD069600255C914999B9931D078.d.CAD892528F2E5C64635C3332E03ADBD6.e.2348/click - {}
RESULT: {}
COMMAND: POST /session/c560a4da8281d0ae87757c6686821c71/element - {"using":"xpath","value":"//span[contains(text(), \"Cost Center\")]"}
COMMAND: GET /session/c560a4da8281d0ae87757c6686821c71/screenshot - {}
RESULT: {"using":"xpath","value":"//span[contains(text(), \"Cost Center\")]"}
COMMAND: POST /session/c560a4da8281d0ae87757c6686821c71/element/f.437C3BD069600255C914999B9931D078.d.CAD892528F2E5C64635C3332E03ADBD6.e.2349/click - {}
RESULT: {}
RESULT: {}
COMMAND: GET /session/c560a4da8281d0ae87757c6686821c71/screenshot - {}
RESULT: {}
COMMAND: POST /session/c560a4da8281d0ae87757c6686821c71/element - {"using":"xpath","value":"//span[@id=\"application-managesites-display-component---NewSite--addressNewCostObjectCstID-vhi\"]"}
RESULT: {"using":"xpath","value":"//span[@id=\"application-managesites-display-component---NewSite--addressNewCostObjectCstID-vhi\"]"}
COMMAND: POST /session/c560a4da8281d0ae87757c6686821c71/execute/sync - {"script":"<script> [8489 bytes]","args":[{"element-6066-11e4-a52e-4f735466cecf":"f.437C3BD069600255C914999B9931D078.d.CAD892528F2E5C64635C3332E03ADBD6.e.2354","ELEMENT":"f.437C3BD069600255C914999B9931D078.d.CAD892528F2E5C64635C3332E03ADBD6.e.2354"}]}
RESULT: {"script":"<script> [8489 bytes]","args":[{"element-6066-11e4-a52e-4f735466cecf":"f.437C3BD069600255C914999B9931D078.d.CAD892528F2E5C64635C3332E03ADBD6.e.2354","ELEMENT":"f.437C3BD069600255C914999B9931D078.d.CAD892528F2E5C64635C3332E03ADBD6.e.2354"}]}
COMMAND: POST /session/c560a4da8281d0ae87757c6686821c71/execute/async - {"script":"<script> [1562 bytes]","args":[{"selector":{"id":"application-managesites-display-component---NewSite--addressNewCostObjectCstID-vhi"},"wdio_ui5_key":"applicationmanagesites-display-component---NewSite--addressNewCostObjectCstID-vhi"}]}
COMMAND: GET /session/c560a4da8281d0ae87757c6686821c71/screenshot - {}
RESULT: {"script":"<script> [1562 bytes]","args":[{"selector":{"id":"application-managesites-display-component---NewSite--addressNewCostObjectCstID-vhi"},"wdio_ui5_key":"applicationmanagesites-display-component---NewSite--addressNewCostObjectCstID-vhi"}]}
RESULT: undefined
COMMAND: POST /session/c560a4da8281d0ae87757c6686821c71/element - {"using":"xpath","value":"//*[@id=\"application-managesites-display-component---NewSite--addressNewCostObjectCstID-vhi\"]"}
RESULT: {}
RESULT: {"using":"xpath","value":"//*[@id=\"application-managesites-display-component---NewSite--addressNewCostObjectCstID-vhi\"]"}
COMMAND: POST /session/c560a4da8281d0ae87757c6686821c71/element/f.437C3BD069600255C914999B9931D078.d.CAD892528F2E5C64635C3332E03ADBD6.e.2354/click - {}
RESULT: {}
COMMAND: GET /session/c560a4da8281d0ae87757c6686821c71/screenshot - {}
RESULT: {}
RESULT: undefined
COMMAND: POST /session/c560a4da8281d0ae87757c6686821c71/execute/async - {"script":"<script> [776 bytes]","args":[{"enterText":"10001013","selector":{"controlType":"sap.m.SearchField","properties":{"placeholder":"Search"},"searchOpenDialogs":true,"interaction":{"idSuffix":"I"}},"clearTextFirst":true,"interactionType":"ENTER_TEXT"}]}
RESULT: {"script":"<script> [776 bytes]","args":[{"enterText":"10001013","selector":{"controlType":"sap.m.SearchField","properties":{"placeholder":"Search"},"searchOpenDialogs":true,"interaction":{"idSuffix":"I"}},"clearTextFirst":true,"interactionType":"ENTER_TEXT"}]}
COMMAND: POST /session/c560a4da8281d0ae87757c6686821c71/actions - {"actions":[{"id":"action3","type":"key","parameters":{},"actions":[{"type":"keyDown","value":""},{"type":"pause","duration":10},{"type":"keyUp","value":""}]}]}
RESULT: {"actions":[{"id":"action3","type":"key","parameters":{},"actions":[{"type":"keyDown","value":""},{"type":"pause","duration":10},{"type":"keyUp","value":""}]}]}
COMMAND: GET /session/c560a4da8281d0ae87757c6686821c71/screenshot - {}
RESULT: {}
COMMAND: POST /session/c560a4da8281d0ae87757c6686821c71/element - {"using":"xpath","value":"//span[contains(text(), \"General Management\")]"}
RESULT: {"using":"xpath","value":"//span[contains(text(), \"General Management\")]"}
COMMAND: POST /session/c560a4da8281d0ae87757c6686821c71/element/f.437C3BD069600255C914999B9931D078.d.CAD892528F2E5C64635C3332E03ADBD6.e.2393/click - {}
RESULT: {}
COMMAND: GET /session/c560a4da8281d0ae87757c6686821c71/screenshot - {}
RESULT: {}
COMMAND: POST /session/c560a4da8281d0ae87757c6686821c71/element - {"using":"xpath","value":"//bdi[contains(text(), \"OK\")]"}
RESULT: {"using":"xpath","value":"//bdi[contains(text(), \"OK\")]"}
COMMAND: POST /session/c560a4da8281d0ae87757c6686821c71/element/f.437C3BD069600255C914999B9931D078.d.CAD892528F2E5C64635C3332E03ADBD6.e.2394/click - {}
RESULT: {}
COMMAND: GET /session/c560a4da8281d0ae87757c6686821c71/screenshot - {}
RESULT: {}
COMMAND: POST /session/c560a4da8281d0ae87757c6686821c71/element - {"using":"xpath","value":"//input[@id=\"application-managesites-display-component---NewSite--addressDetailDetailsCalendar-inner\"]"}
RESULT: {"using":"xpath","value":"//input[@id=\"application-managesites-display-component---NewSite--addressDetailDetailsCalendar-inner\"]"}
COMMAND: POST /session/c560a4da8281d0ae87757c6686821c71/element/f.437C3BD069600255C914999B9931D078.d.CAD892528F2E5C64635C3332E03ADBD6.e.2137/clear - {}
RESULT: {}
COMMAND: POST /session/c560a4da8281d0ae87757c6686821c71/element/f.437C3BD069600255C914999B9931D078.d.CAD892528F2E5C64635C3332E03ADBD6.e.2137/value - {"text":"Unit"}
COMMAND: GET /session/c560a4da8281d0ae87757c6686821c71/screenshot - {}
RESULT: {"text":"Unit"}
COMMAND: GET /session/c560a4da8281d0ae87757c6686821c71/screenshot - {}
RESULT: {}
RESULT: {}
COMMAND: POST /session/c560a4da8281d0ae87757c6686821c71/actions - {"actions":[{"id":"action4","type":"key","parameters":{},"actions":[{"type":"keyDown","value":""},{"type":"pause","duration":10},{"type":"keyUp","value":""}]}]}
RESULT: {"actions":[{"id":"action4","type":"key","parameters":{},"actions":[{"type":"keyDown","value":""},{"type":"pause","duration":10},{"type":"keyUp","value":""}]}]}
COMMAND: POST /session/c560a4da8281d0ae87757c6686821c71/element - {"using":"xpath","value":"//input[@id=\"application-managesites-display-component---NewSite--addressDetailDetailsYard-inner\"]"}
COMMAND: GET /session/c560a4da8281d0ae87757c6686821c71/screenshot - {}
RESULT: {"using":"xpath","value":"//input[@id=\"application-managesites-display-component---NewSite--addressDetailDetailsYard-inner\"]"}
COMMAND: POST /session/c560a4da8281d0ae87757c6686821c71/element/f.437C3BD069600255C914999B9931D078.d.CAD892528F2E5C64635C3332E03ADBD6.e.2138/clear - {}
RESULT: {}
RESULT: {}
COMMAND: POST /session/c560a4da8281d0ae87757c6686821c71/element/f.437C3BD069600255C914999B9931D078.d.CAD892528F2E5C64635C3332E03ADBD6.e.2138/value - {"text":"263"}
COMMAND: GET /session/c560a4da8281d0ae87757c6686821c71/screenshot - {}
RESULT: {"text":"263"}
COMMAND: GET /session/c560a4da8281d0ae87757c6686821c71/screenshot - {}
RESULT: {}
RESULT: {}
COMMAND: POST /session/c560a4da8281d0ae87757c6686821c71/element - {"using":"xpath","value":"//li[.//span[text()='263']]"}
RESULT: {"using":"xpath","value":"//li[.//span[text()='263']]"}
COMMAND: POST /session/c560a4da8281d0ae87757c6686821c71/element/f.437C3BD069600255C914999B9931D078.d.CAD892528F2E5C64635C3332E03ADBD6.e.2402/click - {}
RESULT: {}
COMMAND: GET /session/c560a4da8281d0ae87757c6686821c71/screenshot - {}
RESULT: {}
COMMAND: POST /session/c560a4da8281d0ae87757c6686821c71/element - {"using":"xpath","value":"//input[@id=\"application-managesites-display-component---NewSite--addressDetailDetailsPartner-inner\"]"}
RESULT: {"using":"xpath","value":"//input[@id=\"application-managesites-display-component---NewSite--addressDetailDetailsPartner-inner\"]"}
COMMAND: POST /session/c560a4da8281d0ae87757c6686821c71/element - {"using":"xpath","value":"//input[@id=\"application-managesites-display-component---NewSite--addressDetailDetailsPartner-inner\"]"}
RESULT: {"using":"xpath","value":"//input[@id=\"application-managesites-display-component---NewSite--addressDetailDetailsPartner-inner\"]"}
COMMAND: POST /session/c560a4da8281d0ae87757c6686821c71/execute/async - {"script":"<script> [1562 bytes]","args":[{"selector":{"id":"application-managesites-display-component---NewSite--siteWhmCheckBox-label","interaction":{"idSuffix":"bdi"}},"wdio_ui5_key":"applicationmanagesites-display-component---NewSite--siteWhmCheckBox-label"}]}
RESULT: {"script":"<script> [1562 bytes]","args":[{"selector":{"id":"application-managesites-display-component---NewSite--siteWhmCheckBox-label","interaction":{"idSuffix":"bdi"}},"wdio_ui5_key":"applicationmanagesites-display-component---NewSite--siteWhmCheckBox-label"}]}
RESULT: undefined
COMMAND: POST /session/c560a4da8281d0ae87757c6686821c71/element - {"using":"xpath","value":"//*[@id=\"application-managesites-display-component---NewSite--siteWhmCheckBox-label\"]"}
RESULT: {"using":"xpath","value":"//*[@id=\"application-managesites-display-component---NewSite--siteWhmCheckBox-label\"]"}
COMMAND: POST /session/c560a4da8281d0ae87757c6686821c71/element/f.437C3BD069600255C914999B9931D078.d.CAD892528F2E5C64635C3332E03ADBD6.e.2404/click - {}
RESULT: {}
COMMAND: GET /session/c560a4da8281d0ae87757c6686821c71/screenshot - {}
RESULT: {}
COMMAND: POST /session/c560a4da8281d0ae87757c6686821c71/element - {"using":"xpath","value":"//button[@data-kt=\"saveButton\"]"}
RESULT: {"using":"xpath","value":"//button[@data-kt=\"saveButton\"]"}
COMMAND: POST /session/c560a4da8281d0ae87757c6686821c71/element/f.437C3BD069600255C914999B9931D078.d.CAD892528F2E5C64635C3332E03ADBD6.e.2327/click - {}
RESULT: {}
COMMAND: GET /session/c560a4da8281d0ae87757c6686821c71/screenshot - {}
RESULT: {}
COMMAND: POST /session/c560a4da8281d0ae87757c6686821c71/element - {"using":"xpath","value":"//header[contains(@id, 'ObjectPageLayout-headerTitle')]/div[1]/div[2]/div[2]/span[1]"}
RESULT: {"using":"xpath","value":"//header[contains(@id, 'ObjectPageLayout-headerTitle')]/div[1]/div[2]/div[2]/span[1]"}
COMMAND: POST /session/c560a4da8281d0ae87757c6686821c71/elements - {"using":"xpath","value":"//header[contains(@id, 'ObjectPageLayout-headerTitle')]/div[1]/div[2]/div[2]/span[1]"}
RESULT: {"using":"xpath","value":"//header[contains(@id, 'ObjectPageLayout-headerTitle')]/div[1]/div[2]/div[2]/span[1]"}
COMMAND: POST /session/c560a4da8281d0ae87757c6686821c71/execute/sync - {"script":"<script> [56 bytes]","args":[{"element-6066-11e4-a52e-4f735466cecf":"f.437C3BD069600255C914999B9931D078.d.CAD892528F2E5C64635C3332E03ADBD6.e.2610","ELEMENT":"f.437C3BD069600255C914999B9931D078.d.CAD892528F2E5C64635C3332E03ADBD6.e.2610"}]}
RESULT: {"script":"<script> [56 bytes]","args":[{"element-6066-11e4-a52e-4f735466cecf":"f.437C3BD069600255C914999B9931D078.d.CAD892528F2E5C64635C3332E03ADBD6.e.2610","ELEMENT":"f.437C3BD069600255C914999B9931D078.d.CAD892528F2E5C64635C3332E03ADBD6.e.2610"}]}
COMMAND: POST /session/c560a4da8281d0ae87757c6686821c71/element - {"using":"css selector","value":"#shell-header-logo"}
COMMAND: GET /session/c560a4da8281d0ae87757c6686821c71/screenshot - {}
RESULT: {"using":"css selector","value":"#shell-header-logo"}
COMMAND: POST /session/c560a4da8281d0ae87757c6686821c71/element/f.437C3BD069600255C914999B9931D078.d.CAD892528F2E5C64635C3332E03ADBD6.e.1683/click - {}
RESULT: {}
RESULT: {}
COMMAND: GET /session/c560a4da8281d0ae87757c6686821c71/screenshot - {}
RESULT: {}
COMMAND: POST /session/c560a4da8281d0ae87757c6686821c71/execute/sync - {"script":"<script> [299 bytes]","args":[["getModel","getResource"]]}
RESULT: {"script":"<script> [299 bytes]","args":[["getModel","getResource"]]}
COMMAND: GET /session/c560a4da8281d0ae87757c6686821c71/screenshot - {}
]]></system-out>
    </testcase>
    <testcase classname="chrome.137_0_7151_69.windows.Stock_increase_-_with_WHM_US125587" name="Should create a new material" time="122.995">
      <system-out><![CDATA[
COMMAND: POST /session/c560a4da8281d0ae87757c6686821c71/execute/async - {"script":"<script> [1562 bytes]","args":[{"selector":{"controlType":"sap.m.GenericTile","properties":{"header":"Manage Resources"}},"wdio_ui5_key":"sapm.GenericTile{\"header\":\"Manage Resources\"}"}]}
RESULT: {}
RESULT: {"script":"<script> [1562 bytes]","args":[{"selector":{"controlType":"sap.m.GenericTile","properties":{"header":"Manage Resources"}},"wdio_ui5_key":"sapm.GenericTile{\"header\":\"Manage Resources\"}"}]}
RESULT: undefined
COMMAND: POST /session/c560a4da8281d0ae87757c6686821c71/element - {"using":"xpath","value":"//*[@id=\"__tile40\"]"}
RESULT: {"using":"xpath","value":"//*[@id=\"__tile40\"]"}
COMMAND: POST /session/c560a4da8281d0ae87757c6686821c71/element/f.437C3BD069600255C914999B9931D078.d.CAD892528F2E5C64635C3332E03ADBD6.e.137/click - {}
RESULT: {}
COMMAND: GET /session/c560a4da8281d0ae87757c6686821c71/screenshot - {}
RESULT: {}
COMMAND: POST /session/c560a4da8281d0ae87757c6686821c71/elements - {"using":"xpath","value":"//span[text()='Error']"}
RESULT: {"using":"xpath","value":"//span[text()='Error']"}
COMMAND: POST /session/c560a4da8281d0ae87757c6686821c71/element - {"using":"xpath","value":"//button[@data-kt=\"addNewRUOverflowToolbarButton\"]"}
RESULT: {"using":"xpath","value":"//button[@data-kt=\"addNewRUOverflowToolbarButton\"]"}
COMMAND: POST /session/c560a4da8281d0ae87757c6686821c71/elements - {"using":"xpath","value":"//button[@data-kt=\"addNewRUOverflowToolbarButton\"]"}
RESULT: {"using":"xpath","value":"//button[@data-kt=\"addNewRUOverflowToolbarButton\"]"}
COMMAND: POST /session/c560a4da8281d0ae87757c6686821c71/elements - {"using":"xpath","value":"//button[@data-kt=\"addNewRUOverflowToolbarButton\"]"}
RESULT: {"using":"xpath","value":"//button[@data-kt=\"addNewRUOverflowToolbarButton\"]"}
COMMAND: POST /session/c560a4da8281d0ae87757c6686821c71/element - {"using":"xpath","value":"//button[@data-kt=\"addNewRUOverflowToolbarButton\"]"}
RESULT: {"using":"xpath","value":"//button[@data-kt=\"addNewRUOverflowToolbarButton\"]"}
COMMAND: POST /session/c560a4da8281d0ae87757c6686821c71/execute/sync - {"script":"<script> [8489 bytes]","args":[{"element-6066-11e4-a52e-4f735466cecf":"f.437C3BD069600255C914999B9931D078.d.CAD892528F2E5C64635C3332E03ADBD6.e.2654","ELEMENT":"f.437C3BD069600255C914999B9931D078.d.CAD892528F2E5C64635C3332E03ADBD6.e.2654"}]}
RESULT: {"script":"<script> [8489 bytes]","args":[{"element-6066-11e4-a52e-4f735466cecf":"f.437C3BD069600255C914999B9931D078.d.CAD892528F2E5C64635C3332E03ADBD6.e.2654","ELEMENT":"f.437C3BD069600255C914999B9931D078.d.CAD892528F2E5C64635C3332E03ADBD6.e.2654"}]}
COMMAND: GET /session/c560a4da8281d0ae87757c6686821c71/element/f.437C3BD069600255C914999B9931D078.d.CAD892528F2E5C64635C3332E03ADBD6.e.2654/enabled - {}
COMMAND: GET /session/c560a4da8281d0ae87757c6686821c71/screenshot - {}
RESULT: {}
COMMAND: POST /session/c560a4da8281d0ae87757c6686821c71/execute/sync - {"script":"<script> [8489 bytes]","args":[{"element-6066-11e4-a52e-4f735466cecf":"f.437C3BD069600255C914999B9931D078.d.CAD892528F2E5C64635C3332E03ADBD6.e.2654","ELEMENT":"f.437C3BD069600255C914999B9931D078.d.CAD892528F2E5C64635C3332E03ADBD6.e.2654"}]}
COMMAND: GET /session/c560a4da8281d0ae87757c6686821c71/screenshot - {}
RESULT: {}
RESULT: {"script":"<script> [8489 bytes]","args":[{"element-6066-11e4-a52e-4f735466cecf":"f.437C3BD069600255C914999B9931D078.d.CAD892528F2E5C64635C3332E03ADBD6.e.2654","ELEMENT":"f.437C3BD069600255C914999B9931D078.d.CAD892528F2E5C64635C3332E03ADBD6.e.2654"}]}
COMMAND: POST /session/c560a4da8281d0ae87757c6686821c71/execute/sync - {"script":"<script> [5351 bytes]","args":[{"element-6066-11e4-a52e-4f735466cecf":"f.437C3BD069600255C914999B9931D078.d.CAD892528F2E5C64635C3332E03ADBD6.e.2654","ELEMENT":"f.437C3BD069600255C914999B9931D078.d.CAD892528F2E5C64635C3332E03ADBD6.e.2654"}]}
COMMAND: GET /session/c560a4da8281d0ae87757c6686821c71/screenshot - {}
RESULT: {}
RESULT: {"script":"<script> [5351 bytes]","args":[{"element-6066-11e4-a52e-4f735466cecf":"f.437C3BD069600255C914999B9931D078.d.CAD892528F2E5C64635C3332E03ADBD6.e.2654","ELEMENT":"f.437C3BD069600255C914999B9931D078.d.CAD892528F2E5C64635C3332E03ADBD6.e.2654"}]}
COMMAND: POST /session/c560a4da8281d0ae87757c6686821c71/element/f.437C3BD069600255C914999B9931D078.d.CAD892528F2E5C64635C3332E03ADBD6.e.2654/click - {}
COMMAND: GET /session/c560a4da8281d0ae87757c6686821c71/screenshot - {}
RESULT: {}
RESULT: {}
COMMAND: GET /session/c560a4da8281d0ae87757c6686821c71/screenshot - {}
COMMAND: POST /session/c560a4da8281d0ae87757c6686821c71/execute/async - {"script":"<script> [1562 bytes]","args":[{"selector":{"id":"application-manageresources-display-component---newResourceUnit--TYPE-arrow"},"wdio_ui5_key":"applicationmanageresources-display-component---newResourceUnit--TYPE-arrow"}]}
RESULT: {}
RESULT: {}
RESULT: {"script":"<script> [1562 bytes]","args":[{"selector":{"id":"application-manageresources-display-component---newResourceUnit--TYPE-arrow"},"wdio_ui5_key":"applicationmanageresources-display-component---newResourceUnit--TYPE-arrow"}]}
RESULT: undefined
COMMAND: POST /session/c560a4da8281d0ae87757c6686821c71/element - {"using":"xpath","value":"//*[@id=\"application-manageresources-display-component---newResourceUnit--TYPE-arrow\"]"}
RESULT: {"using":"xpath","value":"//*[@id=\"application-manageresources-display-component---newResourceUnit--TYPE-arrow\"]"}
COMMAND: POST /session/c560a4da8281d0ae87757c6686821c71/element/f.437C3BD069600255C914999B9931D078.d.CAD892528F2E5C64635C3332E03ADBD6.e.3006/click - {}
RESULT: {}
COMMAND: POST /session/c560a4da8281d0ae87757c6686821c71/element - {"using":"xpath","value":"//input[@id=\"application-manageresources-display-component---newResourceUnit--TYPE-inner\"]"}
COMMAND: GET /session/c560a4da8281d0ae87757c6686821c71/screenshot - {}
RESULT: {"using":"xpath","value":"//input[@id=\"application-manageresources-display-component---newResourceUnit--TYPE-inner\"]"}
COMMAND: POST /session/c560a4da8281d0ae87757c6686821c71/element/f.437C3BD069600255C914999B9931D078.d.CAD892528F2E5C64635C3332E03ADBD6.e.2997/clear - {}
RESULT: {}
RESULT: {}
COMMAND: POST /session/c560a4da8281d0ae87757c6686821c71/element/f.437C3BD069600255C914999B9931D078.d.CAD892528F2E5C64635C3332E03ADBD6.e.2997/value - {"text":"Material"}
COMMAND: GET /session/c560a4da8281d0ae87757c6686821c71/screenshot - {}
RESULT: {"text":"Material"}
COMMAND: GET /session/c560a4da8281d0ae87757c6686821c71/screenshot - {}
RESULT: {}
RESULT: {}
COMMAND: POST /session/c560a4da8281d0ae87757c6686821c71/actions - {"actions":[{"id":"action5","type":"key","parameters":{},"actions":[{"type":"keyDown","value":""},{"type":"pause","duration":10},{"type":"keyUp","value":""}]}]}
RESULT: {"actions":[{"id":"action5","type":"key","parameters":{},"actions":[{"type":"keyDown","value":""},{"type":"pause","duration":10},{"type":"keyUp","value":""}]}]}
COMMAND: POST /session/c560a4da8281d0ae87757c6686821c71/execute/async - {"script":"<script> [1562 bytes]","args":[{"selector":{"id":"application-manageresources-display-component---newResourceUnit--SHORT_TEXT","interaction":{"idSuffix":"inner"}},"wdio_ui5_key":"applicationmanageresources-display-component---newResourceUnit--SHORT_TEXT"}]}
COMMAND: GET /session/c560a4da8281d0ae87757c6686821c71/screenshot - {}
RESULT: undefined
RESULT: {}
RESULT: {"script":"<script> [1562 bytes]","args":[{"selector":{"id":"application-manageresources-display-component---newResourceUnit--SHORT_TEXT","interaction":{"idSuffix":"inner"}},"wdio_ui5_key":"applicationmanageresources-display-component---newResourceUnit--SHORT_TEXT"}]}
RESULT: undefined
COMMAND: POST /session/c560a4da8281d0ae87757c6686821c71/execute/async - {"script":"<script> [776 bytes]","args":[{"enterText":"Cement WDIO","selector":{"id":"application-manageresources-display-component---newResourceUnit--SHORT_TEXT","interaction":{"idSuffix":"inner"}},"clearTextFirst":true,"interactionType":"ENTER_TEXT"}]}
RESULT: {"script":"<script> [776 bytes]","args":[{"enterText":"Cement WDIO","selector":{"id":"application-manageresources-display-component---newResourceUnit--SHORT_TEXT","interaction":{"idSuffix":"inner"}},"clearTextFirst":true,"interactionType":"ENTER_TEXT"}]}
COMMAND: POST /session/c560a4da8281d0ae87757c6686821c71/execute/async - {"script":"<script> [1562 bytes]","args":[{"selector":{"id":"application-manageresources-display-component---newResourceUnit--BASE_UNIT_OF_MEASURE","interaction":{"idSuffix":"inner"}},"wdio_ui5_key":"applicationmanageresources-display-component---newResourceUnit--BASE_UNIT_OF_MEASURE"}]}
RESULT: {"script":"<script> [1562 bytes]","args":[{"selector":{"id":"application-manageresources-display-component---newResourceUnit--BASE_UNIT_OF_MEASURE","interaction":{"idSuffix":"inner"}},"wdio_ui5_key":"applicationmanageresources-display-component---newResourceUnit--BASE_UNIT_OF_MEASURE"}]}
RESULT: undefined
COMMAND: POST /session/c560a4da8281d0ae87757c6686821c71/execute/async - {"script":"<script> [776 bytes]","args":[{"enterText":"Piece","selector":{"id":"application-manageresources-display-component---newResourceUnit--BASE_UNIT_OF_MEASURE","interaction":{"idSuffix":"inner"}},"clearTextFirst":true,"interactionType":"ENTER_TEXT"}]}
RESULT: {"script":"<script> [776 bytes]","args":[{"enterText":"Piece","selector":{"id":"application-manageresources-display-component---newResourceUnit--BASE_UNIT_OF_MEASURE","interaction":{"idSuffix":"inner"}},"clearTextFirst":true,"interactionType":"ENTER_TEXT"}]}
COMMAND: POST /session/c560a4da8281d0ae87757c6686821c71/execute/async - {"script":"<script> [1562 bytes]","args":[{"selector":{"id":"application-manageresources-display-component---newResourceUnit--WEIGHT_UNIT","interaction":{"idSuffix":"inner"}},"wdio_ui5_key":"applicationmanageresources-display-component---newResourceUnit--WEIGHT_UNIT"}]}
RESULT: {"script":"<script> [1562 bytes]","args":[{"selector":{"id":"application-manageresources-display-component---newResourceUnit--WEIGHT_UNIT","interaction":{"idSuffix":"inner"}},"wdio_ui5_key":"applicationmanageresources-display-component---newResourceUnit--WEIGHT_UNIT"}]}
RESULT: undefined
COMMAND: POST /session/c560a4da8281d0ae87757c6686821c71/execute/async - {"script":"<script> [776 bytes]","args":[{"enterText":"Gram","selector":{"id":"application-manageresources-display-component---newResourceUnit--WEIGHT_UNIT","interaction":{"idSuffix":"inner"}},"clearTextFirst":true,"interactionType":"ENTER_TEXT"}]}
RESULT: {"script":"<script> [776 bytes]","args":[{"enterText":"Gram","selector":{"id":"application-manageresources-display-component---newResourceUnit--WEIGHT_UNIT","interaction":{"idSuffix":"inner"}},"clearTextFirst":true,"interactionType":"ENTER_TEXT"}]}
COMMAND: POST /session/c560a4da8281d0ae87757c6686821c71/execute/async - {"script":"<script> [1562 bytes]","args":[{"selector":{"id":"application-manageresources-display-component---newResourceUnit--DIMENSION_UNIT","interaction":{"idSuffix":"inner"}},"wdio_ui5_key":"applicationmanageresources-display-component---newResourceUnit--DIMENSION_UNIT"}]}
RESULT: {"script":"<script> [1562 bytes]","args":[{"selector":{"id":"application-manageresources-display-component---newResourceUnit--DIMENSION_UNIT","interaction":{"idSuffix":"inner"}},"wdio_ui5_key":"applicationmanageresources-display-component---newResourceUnit--DIMENSION_UNIT"}]}
RESULT: undefined
COMMAND: POST /session/c560a4da8281d0ae87757c6686821c71/execute/async - {"script":"<script> [776 bytes]","args":[{"enterText":"Meter","selector":{"id":"application-manageresources-display-component---newResourceUnit--DIMENSION_UNIT","interaction":{"idSuffix":"inner"}},"clearTextFirst":true,"interactionType":"ENTER_TEXT"}]}
RESULT: {"script":"<script> [776 bytes]","args":[{"enterText":"Meter","selector":{"id":"application-manageresources-display-component---newResourceUnit--DIMENSION_UNIT","interaction":{"idSuffix":"inner"}},"clearTextFirst":true,"interactionType":"ENTER_TEXT"}]}
COMMAND: POST /session/c560a4da8281d0ae87757c6686821c71/execute/async - {"script":"<script> [1562 bytes]","args":[{"selector":{"id":"application-manageresources-display-component---newResourceUnit--newRRUPage-anchBar-application-manageresources-display-component---newResourceUnit--control-anchor","interaction":{"idSuffix":"BDI-content"}},"wdio_ui5_key":"applicationmanageresources-display-component---newResourceUnit--newRRUPage-anchBar-application-manageresources-display-component---newResourceUnit--control-anchor"}]}
RESULT: {"script":"<script> [1562 bytes]","args":[{"selector":{"id":"application-manageresources-display-component---newResourceUnit--newRRUPage-anchBar-application-manageresources-display-component---newResourceUnit--control-anchor","interaction":{"idSuffix":"BDI-content"}},"wdio_ui5_key":"applicationmanageresources-display-component---newResourceUnit--newRRUPage-anchBar-application-manageresources-display-component---newResourceUnit--control-anchor"}]}
RESULT: undefined
COMMAND: POST /session/c560a4da8281d0ae87757c6686821c71/element - {"using":"xpath","value":"//*[@id=\"application-manageresources-display-component---newResourceUnit--newRRUPage-anchBar-application-manageresources-display-component---newResourceUnit--control-anchor\"]"}
RESULT: {"using":"xpath","value":"//*[@id=\"application-manageresources-display-component---newResourceUnit--newRRUPage-anchBar-application-manageresources-display-component---newResourceUnit--control-anchor\"]"}
COMMAND: POST /session/c560a4da8281d0ae87757c6686821c71/element/f.437C3BD069600255C914999B9931D078.d.CAD892528F2E5C64635C3332E03ADBD6.e.3139/click - {}
RESULT: {}
COMMAND: POST /session/c560a4da8281d0ae87757c6686821c71/execute/async - {"script":"<script> [1562 bytes]","args":[{"selector":{"id":"application-manageresources-display-component---newResourceUnit--PLANNING_GROUP","interaction":{"idSuffix":"inner"}},"wdio_ui5_key":"applicationmanageresources-display-component---newResourceUnit--PLANNING_GROUP"}]}
COMMAND: GET /session/c560a4da8281d0ae87757c6686821c71/screenshot - {}
RESULT: {"script":"<script> [1562 bytes]","args":[{"selector":{"id":"application-manageresources-display-component---newResourceUnit--PLANNING_GROUP","interaction":{"idSuffix":"inner"}},"wdio_ui5_key":"applicationmanageresources-display-component---newResourceUnit--PLANNING_GROUP"}]}
RESULT: undefined
COMMAND: POST /session/c560a4da8281d0ae87757c6686821c71/execute/async - {"script":"<script> [776 bytes]","args":[{"enterText":"Material","selector":{"id":"application-manageresources-display-component---newResourceUnit--PLANNING_GROUP","interaction":{"idSuffix":"inner"}},"clearTextFirst":true,"interactionType":"ENTER_TEXT"}]}
RESULT: {}
RESULT: {"script":"<script> [776 bytes]","args":[{"enterText":"Material","selector":{"id":"application-manageresources-display-component---newResourceUnit--PLANNING_GROUP","interaction":{"idSuffix":"inner"}},"clearTextFirst":true,"interactionType":"ENTER_TEXT"}]}
COMMAND: POST /session/c560a4da8281d0ae87757c6686821c71/execute/async - {"script":"<script> [1562 bytes]","args":[{"selector":{"id":"application-manageresources-display-component---newResourceUnit--PLANNING_INDICATOR","interaction":{"idSuffix":"inner"}},"wdio_ui5_key":"applicationmanageresources-display-component---newResourceUnit--PLANNING_INDICATOR"}]}
RESULT: {"script":"<script> [1562 bytes]","args":[{"selector":{"id":"application-manageresources-display-component---newResourceUnit--PLANNING_INDICATOR","interaction":{"idSuffix":"inner"}},"wdio_ui5_key":"applicationmanageresources-display-component---newResourceUnit--PLANNING_INDICATOR"}]}
RESULT: undefined
COMMAND: POST /session/c560a4da8281d0ae87757c6686821c71/execute/async - {"script":"<script> [776 bytes]","args":[{"enterText":"10 - infinite","selector":{"id":"application-manageresources-display-component---newResourceUnit--PLANNING_INDICATOR","interaction":{"idSuffix":"inner"}},"clearTextFirst":true,"interactionType":"ENTER_TEXT"}]}
RESULT: {"script":"<script> [776 bytes]","args":[{"enterText":"10 - infinite","selector":{"id":"application-manageresources-display-component---newResourceUnit--PLANNING_INDICATOR","interaction":{"idSuffix":"inner"}},"clearTextFirst":true,"interactionType":"ENTER_TEXT"}]}
COMMAND: POST /session/c560a4da8281d0ae87757c6686821c71/element - {"using":"css selector","value":"#application-manageresources-display-component---newResourceUnit--btnAddTimeSegment"}
RESULT: {"using":"css selector","value":"#application-manageresources-display-component---newResourceUnit--btnAddTimeSegment"}
COMMAND: GET /session/c560a4da8281d0ae87757c6686821c71/element/f.437C3BD069600255C914999B9931D078.d.CAD892528F2E5C64635C3332E03ADBD6.e.3147/rect - {}
RESULT: {}
COMMAND: GET /session/c560a4da8281d0ae87757c6686821c71/window/rect - {}
RESULT: {}
COMMAND: POST /session/c560a4da8281d0ae87757c6686821c71/execute/sync - {"script":"<script> [92 bytes]","args":[]}
RESULT: {"script":"<script> [92 bytes]","args":[]}
COMMAND: POST /session/c560a4da8281d0ae87757c6686821c71/actions - {"actions":[{"id":"action6","type":"wheel","parameters":{},"actions":[{"type":"scroll","x":-1888,"y":-32,"deltaX":0,"deltaY":0,"duration":0,"origin":{"element-6066-11e4-a52e-4f735466cecf":"f.437C3BD069600255C914999B9931D078.d.CAD892528F2E5C64635C3332E03ADBD6.e.3147"}}]}]}
COMMAND: GET /session/c560a4da8281d0ae87757c6686821c71/screenshot - {}
RESULT: {}
COMMAND: POST /session/c560a4da8281d0ae87757c6686821c71/execute/sync - {"script":"<script> [79 bytes]","args":[{"element-6066-11e4-a52e-4f735466cecf":"f.437C3BD069600255C914999B9931D078.d.CAD892528F2E5C64635C3332E03ADBD6.e.3147","ELEMENT":"f.437C3BD069600255C914999B9931D078.d.CAD892528F2E5C64635C3332E03ADBD6.e.3147"},{"block":"start","inline":"nearest"}]}
RESULT: {"script":"<script> [79 bytes]","args":[{"element-6066-11e4-a52e-4f735466cecf":"f.437C3BD069600255C914999B9931D078.d.CAD892528F2E5C64635C3332E03ADBD6.e.3147","ELEMENT":"f.437C3BD069600255C914999B9931D078.d.CAD892528F2E5C64635C3332E03ADBD6.e.3147"},{"block":"start","inline":"nearest"}]}
COMMAND: POST /session/c560a4da8281d0ae87757c6686821c71/execute/async - {"script":"<script> [1562 bytes]","args":[{"selector":{"id":"application-manageresources-display-component---newResourceUnit--btnAddTimeSegment","interaction":{"idSuffix":"inner"}},"wdio_ui5_key":"applicationmanageresources-display-component---newResourceUnit--btnAddTimeSegment"}]}
COMMAND: GET /session/c560a4da8281d0ae87757c6686821c71/screenshot - {}
RESULT: {"script":"<script> [1562 bytes]","args":[{"selector":{"id":"application-manageresources-display-component---newResourceUnit--btnAddTimeSegment","interaction":{"idSuffix":"inner"}},"wdio_ui5_key":"applicationmanageresources-display-component---newResourceUnit--btnAddTimeSegment"}]}
RESULT: undefined
COMMAND: POST /session/c560a4da8281d0ae87757c6686821c71/element - {"using":"xpath","value":"//*[@id=\"application-manageresources-display-component---newResourceUnit--btnAddTimeSegment\"]"}
RESULT: {}
RESULT: {"using":"xpath","value":"//*[@id=\"application-manageresources-display-component---newResourceUnit--btnAddTimeSegment\"]"}
COMMAND: POST /session/c560a4da8281d0ae87757c6686821c71/element/f.437C3BD069600255C914999B9931D078.d.CAD892528F2E5C64635C3332E03ADBD6.e.3147/click - {}
RESULT: {}
COMMAND: GET /session/c560a4da8281d0ae87757c6686821c71/screenshot - {}
RESULT: {}
COMMAND: POST /session/c560a4da8281d0ae87757c6686821c71/element - {"using":"xpath","value":"//input[@id=\"application-manageresources-display-component---newResourceUnit--idRuTSAdmin-application-manageresources-display-component---newResourceUnit--RUTimeSegment-0-inner\"]"}
RESULT: {"using":"xpath","value":"//input[@id=\"application-manageresources-display-component---newResourceUnit--idRuTSAdmin-application-manageresources-display-component---newResourceUnit--RUTimeSegment-0-inner\"]"}
COMMAND: POST /session/c560a4da8281d0ae87757c6686821c71/element/f.437C3BD069600255C914999B9931D078.d.CAD892528F2E5C64635C3332E03ADBD6.e.3152/clear - {}
RESULT: {}
COMMAND: POST /session/c560a4da8281d0ae87757c6686821c71/element/f.437C3BD069600255C914999B9931D078.d.CAD892528F2E5C64635C3332E03ADBD6.e.3152/value - {"text":"263"}
COMMAND: GET /session/c560a4da8281d0ae87757c6686821c71/screenshot - {}
RESULT: {"text":"263"}
COMMAND: GET /session/c560a4da8281d0ae87757c6686821c71/screenshot - {}
RESULT: {}
RESULT: {}
COMMAND: POST /session/c560a4da8281d0ae87757c6686821c71/element - {"using":"xpath","value":"//li[.//span[text()='263']]"}
RESULT: {"using":"xpath","value":"//li[.//span[text()='263']]"}
COMMAND: POST /session/c560a4da8281d0ae87757c6686821c71/element/f.437C3BD069600255C914999B9931D078.d.CAD892528F2E5C64635C3332E03ADBD6.e.3161/click - {}
RESULT: {}
COMMAND: GET /session/c560a4da8281d0ae87757c6686821c71/screenshot - {}
RESULT: {}
COMMAND: POST /session/c560a4da8281d0ae87757c6686821c71/element - {"using":"xpath","value":"(//span[contains(@id, \"-application-manageresources-display-component---newResourceUnit--RUTimeSegment-0-arrow\")])[2]"}
RESULT: {"using":"xpath","value":"(//span[contains(@id, \"-application-manageresources-display-component---newResourceUnit--RUTimeSegment-0-arrow\")])[2]"}
COMMAND: POST /session/c560a4da8281d0ae87757c6686821c71/element/f.437C3BD069600255C914999B9931D078.d.CAD892528F2E5C64635C3332E03ADBD6.e.3162/click - {}
RESULT: {}
COMMAND: POST /session/c560a4da8281d0ae87757c6686821c71/element - {"using":"xpath","value":"//span[contains(text(), \"PM Order\")]"}
COMMAND: GET /session/c560a4da8281d0ae87757c6686821c71/screenshot - {}
RESULT: {"using":"xpath","value":"//span[contains(text(), \"PM Order\")]"}
COMMAND: POST /session/c560a4da8281d0ae87757c6686821c71/element/f.437C3BD069600255C914999B9931D078.d.CAD892528F2E5C64635C3332E03ADBD6.e.3163/click - {}
RESULT: {}
RESULT: {}
COMMAND: GET /session/c560a4da8281d0ae87757c6686821c71/screenshot - {}
RESULT: {}
COMMAND: POST /session/c560a4da8281d0ae87757c6686821c71/element - {"using":"xpath","value":"//td/div/div/div/span[contains(@id, \"newResourceUnit--RUTimeSegment-0-vhi\")][1]"}
RESULT: {"using":"xpath","value":"//td/div/div/div/span[contains(@id, \"newResourceUnit--RUTimeSegment-0-vhi\")][1]"}
COMMAND: GET /session/c560a4da8281d0ae87757c6686821c71/element/f.437C3BD069600255C914999B9931D078.d.CAD892528F2E5C64635C3332E03ADBD6.e.3167/rect - {}
RESULT: {}
COMMAND: GET /session/c560a4da8281d0ae87757c6686821c71/window/rect - {}
RESULT: {}
COMMAND: POST /session/c560a4da8281d0ae87757c6686821c71/execute/sync - {"script":"<script> [92 bytes]","args":[]}
RESULT: {"script":"<script> [92 bytes]","args":[]}
COMMAND: POST /session/c560a4da8281d0ae87757c6686821c71/actions - {"actions":[{"id":"action7","type":"wheel","parameters":{},"actions":[{"type":"scroll","x":-1888,"y":-24,"deltaX":0,"deltaY":0,"duration":0,"origin":{"element-6066-11e4-a52e-4f735466cecf":"f.437C3BD069600255C914999B9931D078.d.CAD892528F2E5C64635C3332E03ADBD6.e.3167"}}]}]}
COMMAND: GET /session/c560a4da8281d0ae87757c6686821c71/screenshot - {}
RESULT: {}
COMMAND: POST /session/c560a4da8281d0ae87757c6686821c71/execute/sync - {"script":"<script> [79 bytes]","args":[{"element-6066-11e4-a52e-4f735466cecf":"f.437C3BD069600255C914999B9931D078.d.CAD892528F2E5C64635C3332E03ADBD6.e.3167","ELEMENT":"f.437C3BD069600255C914999B9931D078.d.CAD892528F2E5C64635C3332E03ADBD6.e.3167"},{"block":"start","inline":"nearest"}]}
RESULT: {"script":"<script> [79 bytes]","args":[{"element-6066-11e4-a52e-4f735466cecf":"f.437C3BD069600255C914999B9931D078.d.CAD892528F2E5C64635C3332E03ADBD6.e.3167","ELEMENT":"f.437C3BD069600255C914999B9931D078.d.CAD892528F2E5C64635C3332E03ADBD6.e.3167"},{"block":"start","inline":"nearest"}]}
COMMAND: GET /session/c560a4da8281d0ae87757c6686821c71/screenshot - {}
RESULT: {}
COMMAND: POST /session/c560a4da8281d0ae87757c6686821c71/element/f.437C3BD069600255C914999B9931D078.d.CAD892528F2E5C64635C3332E03ADBD6.e.3167/click - {}
RESULT: {}
COMMAND: GET /session/c560a4da8281d0ae87757c6686821c71/screenshot - {}
RESULT: {}
RESULT: undefined
COMMAND: POST /session/c560a4da8281d0ae87757c6686821c71/execute/async - {"script":"<script> [776 bytes]","args":[{"enterText":"4000360","selector":{"controlType":"sap.m.SearchField","properties":{"placeholder":"Search"},"searchOpenDialogs":true,"interaction":{"idSuffix":"I"}},"clearTextFirst":true,"interactionType":"ENTER_TEXT"}]}
RESULT: {"script":"<script> [776 bytes]","args":[{"enterText":"4000360","selector":{"controlType":"sap.m.SearchField","properties":{"placeholder":"Search"},"searchOpenDialogs":true,"interaction":{"idSuffix":"I"}},"clearTextFirst":true,"interactionType":"ENTER_TEXT"}]}
COMMAND: POST /session/c560a4da8281d0ae87757c6686821c71/actions - {"actions":[{"id":"action8","type":"key","parameters":{},"actions":[{"type":"keyDown","value":""},{"type":"pause","duration":10},{"type":"keyUp","value":""}]}]}
RESULT: {"actions":[{"id":"action8","type":"key","parameters":{},"actions":[{"type":"keyDown","value":""},{"type":"pause","duration":10},{"type":"keyUp","value":""}]}]}
COMMAND: GET /session/c560a4da8281d0ae87757c6686821c71/screenshot - {}
RESULT: {}
COMMAND: POST /session/c560a4da8281d0ae87757c6686821c71/element - {"using":"xpath","value":"//td/div/span[contains(text(), \"BGL Vehicles\")]"}
RESULT: {"using":"xpath","value":"//td/div/span[contains(text(), \"BGL Vehicles\")]"}
COMMAND: POST /session/c560a4da8281d0ae87757c6686821c71/element/f.437C3BD069600255C914999B9931D078.d.CAD892528F2E5C64635C3332E03ADBD6.e.3187/click - {}
RESULT: {}
COMMAND: GET /session/c560a4da8281d0ae87757c6686821c71/screenshot - {}
RESULT: {}
COMMAND: POST /session/c560a4da8281d0ae87757c6686821c71/element - {"using":"xpath","value":"//bdi[contains(text(), \"OK\")]"}
RESULT: {"using":"xpath","value":"//bdi[contains(text(), \"OK\")]"}
COMMAND: POST /session/c560a4da8281d0ae87757c6686821c71/element/f.437C3BD069600255C914999B9931D078.d.CAD892528F2E5C64635C3332E03ADBD6.e.3188/click - {}
RESULT: {}
COMMAND: GET /session/c560a4da8281d0ae87757c6686821c71/screenshot - {}
RESULT: {}
COMMAND: POST /session/c560a4da8281d0ae87757c6686821c71/element - {"using":"xpath","value":"//label[contains(@class, 'sapMLabelRequired') and .//bdi[contains(text(), 'Planned Retirement')]]"}
RESULT: {"using":"xpath","value":"//label[contains(@class, 'sapMLabelRequired') and .//bdi[contains(text(), 'Planned Retirement')]]"}
COMMAND: POST /session/c560a4da8281d0ae87757c6686821c71/elements - {"using":"xpath","value":"//label[contains(@class, 'sapMLabelRequired') and .//bdi[contains(text(), 'Planned Retirement')]]"}
RESULT: {"using":"xpath","value":"//label[contains(@class, 'sapMLabelRequired') and .//bdi[contains(text(), 'Planned Retirement')]]"}
COMMAND: POST /session/c560a4da8281d0ae87757c6686821c71/element - {"using":"xpath","value":"//button[@data-kt=\"resourceUnitSaveButton\"]"}
RESULT: {"using":"xpath","value":"//button[@data-kt=\"resourceUnitSaveButton\"]"}
COMMAND: POST /session/c560a4da8281d0ae87757c6686821c71/element/f.437C3BD069600255C914999B9931D078.d.CAD892528F2E5C64635C3332E03ADBD6.e.3024/click - {}
RESULT: {}
COMMAND: GET /session/c560a4da8281d0ae87757c6686821c71/screenshot - {}
RESULT: {}
COMMAND: POST /session/c560a4da8281d0ae87757c6686821c71/element - {"using":"xpath","value":"//bdi[contains(text(), \"Close\")]"}
RESULT: {"using":"xpath","value":"//bdi[contains(text(), \"Close\")]"}
COMMAND: POST /session/c560a4da8281d0ae87757c6686821c71/element/f.437C3BD069600255C914999B9931D078.d.CAD892528F2E5C64635C3332E03ADBD6.e.3195/click - {}
RESULT: {}
COMMAND: GET /session/c560a4da8281d0ae87757c6686821c71/screenshot - {}
RESULT: {}
COMMAND: POST /session/c560a4da8281d0ae87757c6686821c71/element - {"using":"xpath","value":"//header[contains(@id, 'detailRruPage-headerTitle')]/div[1]/div[2]/div[2]/span[1]"}
RESULT: {"using":"xpath","value":"//header[contains(@id, 'detailRruPage-headerTitle')]/div[1]/div[2]/div[2]/span[1]"}
COMMAND: POST /session/c560a4da8281d0ae87757c6686821c71/elements - {"using":"xpath","value":"//header[contains(@id, 'detailRruPage-headerTitle')]/div[1]/div[2]/div[2]/span[1]"}
RESULT: {"using":"xpath","value":"//header[contains(@id, 'detailRruPage-headerTitle')]/div[1]/div[2]/div[2]/span[1]"}
COMMAND: POST /session/c560a4da8281d0ae87757c6686821c71/execute/sync - {"script":"<script> [56 bytes]","args":[{"element-6066-11e4-a52e-4f735466cecf":"f.437C3BD069600255C914999B9931D078.d.CAD892528F2E5C64635C3332E03ADBD6.e.3234","ELEMENT":"f.437C3BD069600255C914999B9931D078.d.CAD892528F2E5C64635C3332E03ADBD6.e.3234"}]}
RESULT: {"script":"<script> [56 bytes]","args":[{"element-6066-11e4-a52e-4f735466cecf":"f.437C3BD069600255C914999B9931D078.d.CAD892528F2E5C64635C3332E03ADBD6.e.3234","ELEMENT":"f.437C3BD069600255C914999B9931D078.d.CAD892528F2E5C64635C3332E03ADBD6.e.3234"}]}
COMMAND: POST /session/c560a4da8281d0ae87757c6686821c71/element - {"using":"css selector","value":"#shell-header-logo"}
COMMAND: GET /session/c560a4da8281d0ae87757c6686821c71/screenshot - {}
RESULT: {"using":"css selector","value":"#shell-header-logo"}
COMMAND: POST /session/c560a4da8281d0ae87757c6686821c71/element/f.437C3BD069600255C914999B9931D078.d.CAD892528F2E5C64635C3332E03ADBD6.e.2616/click - {}
RESULT: {}
RESULT: {}
COMMAND: GET /session/c560a4da8281d0ae87757c6686821c71/screenshot - {}
RESULT: {}
]]></system-out>
    </testcase>
    <testcase classname="chrome.137_0_7151_69.windows.Stock_increase_-_with_WHM_US125587" name="Bin Status Report Should Create New Organization yard" time="83.37">
      <system-out><![CDATA[
COMMAND: POST /session/c560a4da8281d0ae87757c6686821c71/execute/async - {"script":"<script> [1562 bytes]","args":[{"selector":{"controlType":"sap.m.GenericTile","properties":{"header":"Bin Status Report"}},"wdio_ui5_key":"sapm.GenericTile{\"header\":\"Bin Status Report\"}"}]}
RESULT: {"script":"<script> [1562 bytes]","args":[{"selector":{"controlType":"sap.m.GenericTile","properties":{"header":"Bin Status Report"}},"wdio_ui5_key":"sapm.GenericTile{\"header\":\"Bin Status Report\"}"}]}
RESULT: undefined
COMMAND: POST /session/c560a4da8281d0ae87757c6686821c71/element - {"using":"xpath","value":"//*[@id=\"__tile106\"]"}
RESULT: {"using":"xpath","value":"//*[@id=\"__tile106\"]"}
COMMAND: POST /session/c560a4da8281d0ae87757c6686821c71/element/f.437C3BD069600255C914999B9931D078.d.CAD892528F2E5C64635C3332E03ADBD6.e.3236/click - {}
RESULT: {}
COMMAND: GET /session/c560a4da8281d0ae87757c6686821c71/screenshot - {}
RESULT: {}
COMMAND: POST /session/c560a4da8281d0ae87757c6686821c71/elements - {"using":"xpath","value":"//span[text()='Error']"}
RESULT: {"using":"xpath","value":"//span[text()='Error']"}
COMMAND: POST /session/c560a4da8281d0ae87757c6686821c71/element - {"using":"xpath","value":"//button[@id=\"application-binstatusreport-display-component---warehousing--createOrgBtn\"]"}
RESULT: {"using":"xpath","value":"//button[@id=\"application-binstatusreport-display-component---warehousing--createOrgBtn\"]"}
COMMAND: POST /session/c560a4da8281d0ae87757c6686821c71/elements - {"using":"xpath","value":"//button[@id=\"application-binstatusreport-display-component---warehousing--createOrgBtn\"]"}
RESULT: {"using":"xpath","value":"//button[@id=\"application-binstatusreport-display-component---warehousing--createOrgBtn\"]"}
COMMAND: POST /session/c560a4da8281d0ae87757c6686821c71/execute/sync - {"script":"<script> [8489 bytes]","args":[{"element-6066-11e4-a52e-4f735466cecf":"f.437C3BD069600255C914999B9931D078.d.CAD892528F2E5C64635C3332E03ADBD6.e.3275","ELEMENT":"f.437C3BD069600255C914999B9931D078.d.CAD892528F2E5C64635C3332E03ADBD6.e.3275"}]}
RESULT: {"script":"<script> [8489 bytes]","args":[{"element-6066-11e4-a52e-4f735466cecf":"f.437C3BD069600255C914999B9931D078.d.CAD892528F2E5C64635C3332E03ADBD6.e.3275","ELEMENT":"f.437C3BD069600255C914999B9931D078.d.CAD892528F2E5C64635C3332E03ADBD6.e.3275"}]}
COMMAND: GET /session/c560a4da8281d0ae87757c6686821c71/element/f.437C3BD069600255C914999B9931D078.d.CAD892528F2E5C64635C3332E03ADBD6.e.3275/enabled - {}
COMMAND: GET /session/c560a4da8281d0ae87757c6686821c71/screenshot - {}
RESULT: {}
COMMAND: POST /session/c560a4da8281d0ae87757c6686821c71/execute/sync - {"script":"<script> [8489 bytes]","args":[{"element-6066-11e4-a52e-4f735466cecf":"f.437C3BD069600255C914999B9931D078.d.CAD892528F2E5C64635C3332E03ADBD6.e.3275","ELEMENT":"f.437C3BD069600255C914999B9931D078.d.CAD892528F2E5C64635C3332E03ADBD6.e.3275"}]}
COMMAND: GET /session/c560a4da8281d0ae87757c6686821c71/screenshot - {}
RESULT: {}
RESULT: {"script":"<script> [8489 bytes]","args":[{"element-6066-11e4-a52e-4f735466cecf":"f.437C3BD069600255C914999B9931D078.d.CAD892528F2E5C64635C3332E03ADBD6.e.3275","ELEMENT":"f.437C3BD069600255C914999B9931D078.d.CAD892528F2E5C64635C3332E03ADBD6.e.3275"}]}
COMMAND: POST /session/c560a4da8281d0ae87757c6686821c71/execute/sync - {"script":"<script> [5351 bytes]","args":[{"element-6066-11e4-a52e-4f735466cecf":"f.437C3BD069600255C914999B9931D078.d.CAD892528F2E5C64635C3332E03ADBD6.e.3275","ELEMENT":"f.437C3BD069600255C914999B9931D078.d.CAD892528F2E5C64635C3332E03ADBD6.e.3275"}]}
COMMAND: GET /session/c560a4da8281d0ae87757c6686821c71/screenshot - {}
RESULT: {}
RESULT: {"script":"<script> [5351 bytes]","args":[{"element-6066-11e4-a52e-4f735466cecf":"f.437C3BD069600255C914999B9931D078.d.CAD892528F2E5C64635C3332E03ADBD6.e.3275","ELEMENT":"f.437C3BD069600255C914999B9931D078.d.CAD892528F2E5C64635C3332E03ADBD6.e.3275"}]}
COMMAND: GET /session/c560a4da8281d0ae87757c6686821c71/screenshot - {}
RESULT: {}
RESULT: {}
COMMAND: POST /session/c560a4da8281d0ae87757c6686821c71/element/f.437C3BD069600255C914999B9931D078.d.CAD892528F2E5C64635C3332E03ADBD6.e.3275/click - {}
RESULT: {}
COMMAND: GET /session/c560a4da8281d0ae87757c6686821c71/screenshot - {}
RESULT: {}
COMMAND: POST /session/c560a4da8281d0ae87757c6686821c71/execute/async - {"script":"<script> [1562 bytes]","args":[{"selector":{"id":"createOrganizationPop--sectionInput","searchOpenDialogs":true,"interaction":{"idSuffix":"inner"}},"wdio_ui5_key":"createOrganizationPopsectionInput"}]}
RESULT: {"script":"<script> [1562 bytes]","args":[{"selector":{"id":"createOrganizationPop--sectionInput","searchOpenDialogs":true,"interaction":{"idSuffix":"inner"}},"wdio_ui5_key":"createOrganizationPopsectionInput"}]}
RESULT: undefined
COMMAND: POST /session/c560a4da8281d0ae87757c6686821c71/execute/async - {"script":"<script> [776 bytes]","args":[{"enterText":"WDIO-263","selector":{"id":"createOrganizationPop--sectionInput","searchOpenDialogs":true,"interaction":{"idSuffix":"inner"}},"clearTextFirst":true,"interactionType":"ENTER_TEXT"}]}
RESULT: {"script":"<script> [776 bytes]","args":[{"enterText":"WDIO-263","selector":{"id":"createOrganizationPop--sectionInput","searchOpenDialogs":true,"interaction":{"idSuffix":"inner"}},"clearTextFirst":true,"interactionType":"ENTER_TEXT"}]}
COMMAND: POST /session/c560a4da8281d0ae87757c6686821c71/execute/async - {"script":"<script> [1562 bytes]","args":[{"selector":{"id":"createOrganizationPop--descriptionInput","searchOpenDialogs":true,"interaction":{"idSuffix":"inner"}},"wdio_ui5_key":"createOrganizationPopdescriptionInput"}]}
RESULT: {"script":"<script> [1562 bytes]","args":[{"selector":{"id":"createOrganizationPop--descriptionInput","searchOpenDialogs":true,"interaction":{"idSuffix":"inner"}},"wdio_ui5_key":"createOrganizationPopdescriptionInput"}]}
RESULT: undefined
COMMAND: POST /session/c560a4da8281d0ae87757c6686821c71/execute/async - {"script":"<script> [776 bytes]","args":[{"enterText":"Shipping-263","selector":{"id":"createOrganizationPop--descriptionInput","searchOpenDialogs":true,"interaction":{"idSuffix":"inner"}},"clearTextFirst":true,"interactionType":"ENTER_TEXT"}]}
RESULT: {"script":"<script> [776 bytes]","args":[{"enterText":"Shipping-263","selector":{"id":"createOrganizationPop--descriptionInput","searchOpenDialogs":true,"interaction":{"idSuffix":"inner"}},"clearTextFirst":true,"interactionType":"ENTER_TEXT"}]}
COMMAND: POST /session/c560a4da8281d0ae87757c6686821c71/element - {"using":"css selector","value":"#createOrganizationPop--yardOrg-inner"}
RESULT: {"using":"css selector","value":"#createOrganizationPop--yardOrg-inner"}
COMMAND: POST /session/c560a4da8281d0ae87757c6686821c71/element/f.437C3BD069600255C914999B9931D078.d.CAD892528F2E5C64635C3332E03ADBD6.e.3324/clear - {}
RESULT: {}
COMMAND: POST /session/c560a4da8281d0ae87757c6686821c71/element/f.437C3BD069600255C914999B9931D078.d.CAD892528F2E5C64635C3332E03ADBD6.e.3324/value - {"text":"263"}
COMMAND: GET /session/c560a4da8281d0ae87757c6686821c71/screenshot - {}
RESULT: {"text":"263"}
COMMAND: GET /session/c560a4da8281d0ae87757c6686821c71/screenshot - {}
RESULT: {}
RESULT: {}
COMMAND: POST /session/c560a4da8281d0ae87757c6686821c71/actions - {"actions":[{"id":"action9","type":"key","parameters":{},"actions":[{"type":"keyDown","value":""},{"type":"pause","duration":10},{"type":"keyUp","value":""}]}]}
RESULT: {"actions":[{"id":"action9","type":"key","parameters":{},"actions":[{"type":"keyDown","value":""},{"type":"pause","duration":10},{"type":"keyUp","value":""}]}]}
COMMAND: POST /session/c560a4da8281d0ae87757c6686821c71/execute/async - {"script":"<script> [1562 bytes]","args":[{"selector":{"id":"createOrganizationPop--grZone","searchOpenDialogs":true,"interaction":{"idSuffix":"CbBg"}},"wdio_ui5_key":"createOrganizationPopgrZone"}]}
COMMAND: GET /session/c560a4da8281d0ae87757c6686821c71/screenshot - {}
RESULT: {"script":"<script> [1562 bytes]","args":[{"selector":{"id":"createOrganizationPop--grZone","searchOpenDialogs":true,"interaction":{"idSuffix":"CbBg"}},"wdio_ui5_key":"createOrganizationPopgrZone"}]}
RESULT: undefined
COMMAND: POST /session/c560a4da8281d0ae87757c6686821c71/element - {"using":"xpath","value":"//*[@id=\"createOrganizationPop--grZone\"]"}
RESULT: {}
RESULT: {"using":"xpath","value":"//*[@id=\"createOrganizationPop--grZone\"]"}
COMMAND: POST /session/c560a4da8281d0ae87757c6686821c71/element/f.437C3BD069600255C914999B9931D078.d.CAD892528F2E5C64635C3332E03ADBD6.e.3346/click - {}
RESULT: {}
COMMAND: GET /session/c560a4da8281d0ae87757c6686821c71/screenshot - {}
RESULT: {}
COMMAND: POST /session/c560a4da8281d0ae87757c6686821c71/execute/async - {"script":"<script> [1562 bytes]","args":[{"selector":{"id":"createOrganizationPop--giZone","searchOpenDialogs":true,"interaction":{"idSuffix":"CbBg"}},"wdio_ui5_key":"createOrganizationPopgiZone"}]}
RESULT: {"script":"<script> [1562 bytes]","args":[{"selector":{"id":"createOrganizationPop--giZone","searchOpenDialogs":true,"interaction":{"idSuffix":"CbBg"}},"wdio_ui5_key":"createOrganizationPopgiZone"}]}
RESULT: undefined
COMMAND: POST /session/c560a4da8281d0ae87757c6686821c71/element - {"using":"xpath","value":"//*[@id=\"createOrganizationPop--giZone\"]"}
RESULT: {"using":"xpath","value":"//*[@id=\"createOrganizationPop--giZone\"]"}
COMMAND: POST /session/c560a4da8281d0ae87757c6686821c71/element/f.437C3BD069600255C914999B9931D078.d.CAD892528F2E5C64635C3332E03ADBD6.e.3348/click - {}
RESULT: {}
COMMAND: GET /session/c560a4da8281d0ae87757c6686821c71/screenshot - {}
RESULT: {}
COMMAND: POST /session/c560a4da8281d0ae87757c6686821c71/execute/async - {"script":"<script> [1562 bytes]","args":[{"selector":{"id":"createOrganizationPop--binNoInput","searchOpenDialogs":true,"interaction":{"idSuffix":"inner"}},"wdio_ui5_key":"createOrganizationPopbinNoInput"}]}
RESULT: {"script":"<script> [1562 bytes]","args":[{"selector":{"id":"createOrganizationPop--binNoInput","searchOpenDialogs":true,"interaction":{"idSuffix":"inner"}},"wdio_ui5_key":"createOrganizationPopbinNoInput"}]}
RESULT: undefined
COMMAND: POST /session/c560a4da8281d0ae87757c6686821c71/execute/async - {"script":"<script> [776 bytes]","args":[{"enterText":"Bin-Wd","selector":{"id":"createOrganizationPop--binNoInput","searchOpenDialogs":true,"interaction":{"idSuffix":"inner"}},"clearTextFirst":true,"interactionType":"ENTER_TEXT"}]}
RESULT: {"script":"<script> [776 bytes]","args":[{"enterText":"Bin-Wd","selector":{"id":"createOrganizationPop--binNoInput","searchOpenDialogs":true,"interaction":{"idSuffix":"inner"}},"clearTextFirst":true,"interactionType":"ENTER_TEXT"}]}
COMMAND: POST /session/c560a4da8281d0ae87757c6686821c71/execute/async - {"script":"<script> [1562 bytes]","args":[{"selector":{"id":"createOrganizationPop--descriptionId","searchOpenDialogs":true,"interaction":{"idSuffix":"inner"}},"wdio_ui5_key":"createOrganizationPopdescriptionId"}]}
RESULT: {"script":"<script> [1562 bytes]","args":[{"selector":{"id":"createOrganizationPop--descriptionId","searchOpenDialogs":true,"interaction":{"idSuffix":"inner"}},"wdio_ui5_key":"createOrganizationPopdescriptionId"}]}
RESULT: undefined
COMMAND: POST /session/c560a4da8281d0ae87757c6686821c71/execute/async - {"script":"<script> [776 bytes]","args":[{"enterText":"Shipping-Wd","selector":{"id":"createOrganizationPop--descriptionId","searchOpenDialogs":true,"interaction":{"idSuffix":"inner"}},"clearTextFirst":true,"interactionType":"ENTER_TEXT"}]}
RESULT: {"script":"<script> [776 bytes]","args":[{"enterText":"Shipping-Wd","selector":{"id":"createOrganizationPop--descriptionId","searchOpenDialogs":true,"interaction":{"idSuffix":"inner"}},"clearTextFirst":true,"interactionType":"ENTER_TEXT"}]}
COMMAND: POST /session/c560a4da8281d0ae87757c6686821c71/execute/async - {"script":"<script> [1562 bytes]","args":[{"selector":{"controlType":"sap.m.CheckBox","viewName":"etm.portal.ui.binstatusreport.view.MasterWareBins","viewId":"application-binstatusreport-display-component---warehousing","bindingPath":{"path":"","propertyPath":"/ZONE","modelName":"newBin"},"searchOpenDialogs":true,"interaction":{"idSuffix":"CbBg"}},"wdio_ui5_key":"etmportal.ui.binstatusreport.view.MasterWareBinssap.m.CheckBox{\"path\":\"\",\"propertyPath\":\"/ZONE\",\"modelName\":\"newBin\"}"}]}
RESULT: {"script":"<script> [1562 bytes]","args":[{"selector":{"controlType":"sap.m.CheckBox","viewName":"etm.portal.ui.binstatusreport.view.MasterWareBins","viewId":"application-binstatusreport-display-component---warehousing","bindingPath":{"path":"","propertyPath":"/ZONE","modelName":"newBin"},"searchOpenDialogs":true,"interaction":{"idSuffix":"CbBg"}},"wdio_ui5_key":"etmportal.ui.binstatusreport.view.MasterWareBinssap.m.CheckBox{\"path\":\"\",\"propertyPath\":\"/ZONE\",\"modelName\":\"newBin\"}"}]}
RESULT: undefined
COMMAND: POST /session/c560a4da8281d0ae87757c6686821c71/element - {"using":"xpath","value":"//*[@id=\"__box56\"]"}
RESULT: {"using":"xpath","value":"//*[@id=\"__box56\"]"}
COMMAND: POST /session/c560a4da8281d0ae87757c6686821c71/element/f.437C3BD069600255C914999B9931D078.d.CAD892528F2E5C64635C3332E03ADBD6.e.3371/click - {}
RESULT: {}
COMMAND: GET /session/c560a4da8281d0ae87757c6686821c71/screenshot - {}
RESULT: {}
COMMAND: POST /session/c560a4da8281d0ae87757c6686821c71/execute/async - {"script":"<script> [1562 bytes]","args":[{"selector":{"id":"createOrganizationPop--binTypesCB","searchOpenDialogs":true,"interaction":{"idSuffix":"inner"}},"wdio_ui5_key":"createOrganizationPopbinTypesCB"}]}
RESULT: {"script":"<script> [1562 bytes]","args":[{"selector":{"id":"createOrganizationPop--binTypesCB","searchOpenDialogs":true,"interaction":{"idSuffix":"inner"}},"wdio_ui5_key":"createOrganizationPopbinTypesCB"}]}
RESULT: undefined
COMMAND: POST /session/c560a4da8281d0ae87757c6686821c71/execute/async - {"script":"<script> [776 bytes]","args":[{"enterText":"1 - General / No capacity check","selector":{"id":"createOrganizationPop--binTypesCB","searchOpenDialogs":true,"interaction":{"idSuffix":"inner"}},"clearTextFirst":true,"interactionType":"ENTER_TEXT"}]}
RESULT: {"script":"<script> [776 bytes]","args":[{"enterText":"1 - General / No capacity check","selector":{"id":"createOrganizationPop--binTypesCB","searchOpenDialogs":true,"interaction":{"idSuffix":"inner"}},"clearTextFirst":true,"interactionType":"ENTER_TEXT"}]}
COMMAND: POST /session/c560a4da8281d0ae87757c6686821c71/actions - {"actions":[{"id":"action10","type":"key","parameters":{},"actions":[{"type":"keyDown","value":""},{"type":"pause","duration":10},{"type":"keyUp","value":""}]}]}
RESULT: {"actions":[{"id":"action10","type":"key","parameters":{},"actions":[{"type":"keyDown","value":""},{"type":"pause","duration":10},{"type":"keyUp","value":""}]}]}
COMMAND: GET /session/c560a4da8281d0ae87757c6686821c71/screenshot - {}
RESULT: {}
COMMAND: POST /session/c560a4da8281d0ae87757c6686821c71/execute/async - {"script":"<script> [1562 bytes]","args":[{"selector":{"id":"createOrganizationPop--finishBtn","searchOpenDialogs":true,"interaction":{"idSuffix":"BDI-content"}},"wdio_ui5_key":"createOrganizationPopfinishBtn"}]}
RESULT: {"script":"<script> [1562 bytes]","args":[{"selector":{"id":"createOrganizationPop--finishBtn","searchOpenDialogs":true,"interaction":{"idSuffix":"BDI-content"}},"wdio_ui5_key":"createOrganizationPopfinishBtn"}]}
RESULT: undefined
COMMAND: POST /session/c560a4da8281d0ae87757c6686821c71/element - {"using":"xpath","value":"//*[@id=\"createOrganizationPop--finishBtn\"]"}
RESULT: {"using":"xpath","value":"//*[@id=\"createOrganizationPop--finishBtn\"]"}
COMMAND: POST /session/c560a4da8281d0ae87757c6686821c71/element/f.437C3BD069600255C914999B9931D078.d.CAD892528F2E5C64635C3332E03ADBD6.e.3382/click - {}
RESULT: {}
COMMAND: GET /session/c560a4da8281d0ae87757c6686821c71/screenshot - {}
RESULT: {}
COMMAND: POST /session/c560a4da8281d0ae87757c6686821c71/element - {"using":"css selector","value":"#shell-header-logo"}
RESULT: {"using":"css selector","value":"#shell-header-logo"}
COMMAND: POST /session/c560a4da8281d0ae87757c6686821c71/element/f.437C3BD069600255C914999B9931D078.d.CAD892528F2E5C64635C3332E03ADBD6.e.3243/click - {}
RESULT: {}
COMMAND: GET /session/c560a4da8281d0ae87757c6686821c71/screenshot - {}
RESULT: {}
]]></system-out>
    </testcase>
    <testcase classname="chrome.137_0_7151_69.windows.Stock_increase_-_with_WHM_US125587" name="Bin Status Report Should Create New Organization for Site" time="80.135">
      <system-out><![CDATA[
RESULT: undefined
COMMAND: POST /session/c560a4da8281d0ae87757c6686821c71/element - {"using":"xpath","value":"//*[@id=\"__tile106\"]"}
RESULT: {"using":"xpath","value":"//*[@id=\"__tile106\"]"}
COMMAND: POST /session/c560a4da8281d0ae87757c6686821c71/element/f.437C3BD069600255C914999B9931D078.d.CAD892528F2E5C64635C3332E03ADBD6.e.3236/click - {}
RESULT: {}
COMMAND: GET /session/c560a4da8281d0ae87757c6686821c71/screenshot - {}
RESULT: {}
COMMAND: POST /session/c560a4da8281d0ae87757c6686821c71/elements - {"using":"xpath","value":"//span[text()='Error']"}
RESULT: {"using":"xpath","value":"//span[text()='Error']"}
COMMAND: POST /session/c560a4da8281d0ae87757c6686821c71/element - {"using":"xpath","value":"//button[@id=\"application-binstatusreport-display-component---warehousing--createOrgBtn\"]"}
RESULT: {"using":"xpath","value":"//button[@id=\"application-binstatusreport-display-component---warehousing--createOrgBtn\"]"}
COMMAND: POST /session/c560a4da8281d0ae87757c6686821c71/elements - {"using":"xpath","value":"//button[@id=\"application-binstatusreport-display-component---warehousing--createOrgBtn\"]"}
RESULT: {"using":"xpath","value":"//button[@id=\"application-binstatusreport-display-component---warehousing--createOrgBtn\"]"}
COMMAND: POST /session/c560a4da8281d0ae87757c6686821c71/execute/sync - {"script":"<script> [8489 bytes]","args":[{"element-6066-11e4-a52e-4f735466cecf":"f.437C3BD069600255C914999B9931D078.d.CAD892528F2E5C64635C3332E03ADBD6.e.3443","ELEMENT":"f.437C3BD069600255C914999B9931D078.d.CAD892528F2E5C64635C3332E03ADBD6.e.3443"}]}
RESULT: {"script":"<script> [8489 bytes]","args":[{"element-6066-11e4-a52e-4f735466cecf":"f.437C3BD069600255C914999B9931D078.d.CAD892528F2E5C64635C3332E03ADBD6.e.3443","ELEMENT":"f.437C3BD069600255C914999B9931D078.d.CAD892528F2E5C64635C3332E03ADBD6.e.3443"}]}
COMMAND: GET /session/c560a4da8281d0ae87757c6686821c71/element/f.437C3BD069600255C914999B9931D078.d.CAD892528F2E5C64635C3332E03ADBD6.e.3443/enabled - {}
COMMAND: GET /session/c560a4da8281d0ae87757c6686821c71/screenshot - {}
RESULT: {}
COMMAND: POST /session/c560a4da8281d0ae87757c6686821c71/execute/sync - {"script":"<script> [8489 bytes]","args":[{"element-6066-11e4-a52e-4f735466cecf":"f.437C3BD069600255C914999B9931D078.d.CAD892528F2E5C64635C3332E03ADBD6.e.3443","ELEMENT":"f.437C3BD069600255C914999B9931D078.d.CAD892528F2E5C64635C3332E03ADBD6.e.3443"}]}
COMMAND: GET /session/c560a4da8281d0ae87757c6686821c71/screenshot - {}
RESULT: {}
RESULT: {"script":"<script> [8489 bytes]","args":[{"element-6066-11e4-a52e-4f735466cecf":"f.437C3BD069600255C914999B9931D078.d.CAD892528F2E5C64635C3332E03ADBD6.e.3443","ELEMENT":"f.437C3BD069600255C914999B9931D078.d.CAD892528F2E5C64635C3332E03ADBD6.e.3443"}]}
COMMAND: POST /session/c560a4da8281d0ae87757c6686821c71/execute/sync - {"script":"<script> [5351 bytes]","args":[{"element-6066-11e4-a52e-4f735466cecf":"f.437C3BD069600255C914999B9931D078.d.CAD892528F2E5C64635C3332E03ADBD6.e.3443","ELEMENT":"f.437C3BD069600255C914999B9931D078.d.CAD892528F2E5C64635C3332E03ADBD6.e.3443"}]}
COMMAND: GET /session/c560a4da8281d0ae87757c6686821c71/screenshot - {}
RESULT: {}
RESULT: {"script":"<script> [5351 bytes]","args":[{"element-6066-11e4-a52e-4f735466cecf":"f.437C3BD069600255C914999B9931D078.d.CAD892528F2E5C64635C3332E03ADBD6.e.3443","ELEMENT":"f.437C3BD069600255C914999B9931D078.d.CAD892528F2E5C64635C3332E03ADBD6.e.3443"}]}
COMMAND: GET /session/c560a4da8281d0ae87757c6686821c71/screenshot - {}
RESULT: {}
RESULT: {}
COMMAND: POST /session/c560a4da8281d0ae87757c6686821c71/element/f.437C3BD069600255C914999B9931D078.d.CAD892528F2E5C64635C3332E03ADBD6.e.3443/click - {}
RESULT: {}
COMMAND: GET /session/c560a4da8281d0ae87757c6686821c71/screenshot - {}
RESULT: {}
RESULT: undefined
COMMAND: POST /session/c560a4da8281d0ae87757c6686821c71/execute/async - {"script":"<script> [776 bytes]","args":[{"enterText":"2104","selector":{"id":"createOrganizationPop--sectionInput","searchOpenDialogs":true,"interaction":{"idSuffix":"inner"}},"clearTextFirst":true,"interactionType":"ENTER_TEXT"}]}
RESULT: {"script":"<script> [776 bytes]","args":[{"enterText":"2104","selector":{"id":"createOrganizationPop--sectionInput","searchOpenDialogs":true,"interaction":{"idSuffix":"inner"}},"clearTextFirst":true,"interactionType":"ENTER_TEXT"}]}
RESULT: undefined
COMMAND: POST /session/c560a4da8281d0ae87757c6686821c71/execute/async - {"script":"<script> [776 bytes]","args":[{"enterText":"WDIO-2104","selector":{"id":"createOrganizationPop--descriptionInput","searchOpenDialogs":true,"interaction":{"idSuffix":"inner"}},"clearTextFirst":true,"interactionType":"ENTER_TEXT"}]}
RESULT: {"script":"<script> [776 bytes]","args":[{"enterText":"WDIO-2104","selector":{"id":"createOrganizationPop--descriptionInput","searchOpenDialogs":true,"interaction":{"idSuffix":"inner"}},"clearTextFirst":true,"interactionType":"ENTER_TEXT"}]}
COMMAND: POST /session/c560a4da8281d0ae87757c6686821c71/element - {"using":"css selector","value":"#createOrganizationPop--siteOrg-inner"}
RESULT: {"using":"css selector","value":"#createOrganizationPop--siteOrg-inner"}
COMMAND: POST /session/c560a4da8281d0ae87757c6686821c71/element/f.437C3BD069600255C914999B9931D078.d.CAD892528F2E5C64635C3332E03ADBD6.e.3457/clear - {}
RESULT: {}
COMMAND: POST /session/c560a4da8281d0ae87757c6686821c71/element/f.437C3BD069600255C914999B9931D078.d.CAD892528F2E5C64635C3332E03ADBD6.e.3457/value - {"text":"2104"}
COMMAND: GET /session/c560a4da8281d0ae87757c6686821c71/screenshot - {}
RESULT: {"text":"2104"}
COMMAND: GET /session/c560a4da8281d0ae87757c6686821c71/screenshot - {}
RESULT: {}
RESULT: {}
COMMAND: POST /session/c560a4da8281d0ae87757c6686821c71/actions - {"actions":[{"id":"action11","type":"key","parameters":{},"actions":[{"type":"keyDown","value":""},{"type":"pause","duration":10},{"type":"keyUp","value":""}]}]}
RESULT: {"actions":[{"id":"action11","type":"key","parameters":{},"actions":[{"type":"keyDown","value":""},{"type":"pause","duration":10},{"type":"keyUp","value":""}]}]}
RESULT: undefined
COMMAND: POST /session/c560a4da8281d0ae87757c6686821c71/element - {"using":"xpath","value":"//*[@id=\"createOrganizationPop--giZone\"]"}
COMMAND: GET /session/c560a4da8281d0ae87757c6686821c71/screenshot - {}
RESULT: {"using":"xpath","value":"//*[@id=\"createOrganizationPop--giZone\"]"}
COMMAND: POST /session/c560a4da8281d0ae87757c6686821c71/element/f.437C3BD069600255C914999B9931D078.d.CAD892528F2E5C64635C3332E03ADBD6.e.3495/click - {}
RESULT: {}
RESULT: {}
COMMAND: GET /session/c560a4da8281d0ae87757c6686821c71/screenshot - {}
RESULT: {}
RESULT: undefined
COMMAND: POST /session/c560a4da8281d0ae87757c6686821c71/execute/async - {"script":"<script> [776 bytes]","args":[{"enterText":"WD-BIN","selector":{"id":"createOrganizationPop--binNoInput","searchOpenDialogs":true,"interaction":{"idSuffix":"inner"}},"clearTextFirst":true,"interactionType":"ENTER_TEXT"}]}
RESULT: {"script":"<script> [776 bytes]","args":[{"enterText":"WD-BIN","selector":{"id":"createOrganizationPop--binNoInput","searchOpenDialogs":true,"interaction":{"idSuffix":"inner"}},"clearTextFirst":true,"interactionType":"ENTER_TEXT"}]}
RESULT: undefined
COMMAND: POST /session/c560a4da8281d0ae87757c6686821c71/execute/async - {"script":"<script> [776 bytes]","args":[{"enterText":"WD-BIN","selector":{"id":"createOrganizationPop--descriptionId","searchOpenDialogs":true,"interaction":{"idSuffix":"inner"}},"clearTextFirst":true,"interactionType":"ENTER_TEXT"}]}
RESULT: {"script":"<script> [776 bytes]","args":[{"enterText":"WD-BIN","selector":{"id":"createOrganizationPop--descriptionId","searchOpenDialogs":true,"interaction":{"idSuffix":"inner"}},"clearTextFirst":true,"interactionType":"ENTER_TEXT"}]}
COMMAND: POST /session/c560a4da8281d0ae87757c6686821c71/execute/async - {"script":"<script> [1562 bytes]","args":[{"selector":{"controlType":"sap.m.CheckBox","viewName":"etm.portal.ui.binstatusreport.view.MasterWareBins","viewId":"application-binstatusreport-display-component---warehousing","bindingPath":{"propertyPath":"/ZONE","modelName":"newBin"},"searchOpenDialogs":true,"interaction":{"idSuffix":"CbBg"}},"wdio_ui5_key":"etmportal.ui.binstatusreport.view.MasterWareBinssap.m.CheckBox{\"propertyPath\":\"/ZONE\",\"modelName\":\"newBin\"}"}]}
RESULT: {"script":"<script> [1562 bytes]","args":[{"selector":{"controlType":"sap.m.CheckBox","viewName":"etm.portal.ui.binstatusreport.view.MasterWareBins","viewId":"application-binstatusreport-display-component---warehousing","bindingPath":{"propertyPath":"/ZONE","modelName":"newBin"},"searchOpenDialogs":true,"interaction":{"idSuffix":"CbBg"}},"wdio_ui5_key":"etmportal.ui.binstatusreport.view.MasterWareBinssap.m.CheckBox{\"propertyPath\":\"/ZONE\",\"modelName\":\"newBin\"}"}]}
RESULT: undefined
COMMAND: POST /session/c560a4da8281d0ae87757c6686821c71/element - {"using":"xpath","value":"//*[@id=\"__box68\"]"}
RESULT: {"using":"xpath","value":"//*[@id=\"__box68\"]"}
COMMAND: POST /session/c560a4da8281d0ae87757c6686821c71/element/f.437C3BD069600255C914999B9931D078.d.CAD892528F2E5C64635C3332E03ADBD6.e.3517/click - {}
RESULT: {}
COMMAND: GET /session/c560a4da8281d0ae87757c6686821c71/screenshot - {}
RESULT: {}
RESULT: undefined
COMMAND: POST /session/c560a4da8281d0ae87757c6686821c71/execute/async - {"script":"<script> [776 bytes]","args":[{"enterText":"1 - General / No capacity check","selector":{"id":"createOrganizationPop--binTypesCB","searchOpenDialogs":true,"interaction":{"idSuffix":"inner"}},"clearTextFirst":true,"interactionType":"ENTER_TEXT"}]}
RESULT: {"script":"<script> [776 bytes]","args":[{"enterText":"1 - General / No capacity check","selector":{"id":"createOrganizationPop--binTypesCB","searchOpenDialogs":true,"interaction":{"idSuffix":"inner"}},"clearTextFirst":true,"interactionType":"ENTER_TEXT"}]}
COMMAND: POST /session/c560a4da8281d0ae87757c6686821c71/execute/async - {"script":"<script> [1562 bytes]","args":[{"selector":{"id":"createOrganizationPop--capacityId","searchOpenDialogs":true,"interaction":{"idSuffix":"inner"}},"wdio_ui5_key":"createOrganizationPopcapacityId"}]}
RESULT: {"script":"<script> [1562 bytes]","args":[{"selector":{"id":"createOrganizationPop--capacityId","searchOpenDialogs":true,"interaction":{"idSuffix":"inner"}},"wdio_ui5_key":"createOrganizationPopcapacityId"}]}
RESULT: undefined
COMMAND: POST /session/c560a4da8281d0ae87757c6686821c71/actions - {"actions":[{"id":"action12","type":"key","parameters":{},"actions":[{"type":"keyDown","value":""},{"type":"pause","duration":10},{"type":"keyUp","value":""}]}]}
RESULT: {"actions":[{"id":"action12","type":"key","parameters":{},"actions":[{"type":"keyDown","value":""},{"type":"pause","duration":10},{"type":"keyUp","value":""}]}]}
COMMAND: GET /session/c560a4da8281d0ae87757c6686821c71/screenshot - {}
RESULT: {}
RESULT: undefined
COMMAND: POST /session/c560a4da8281d0ae87757c6686821c71/element - {"using":"xpath","value":"//*[@id=\"createOrganizationPop--finishBtn\"]"}
RESULT: {"using":"xpath","value":"//*[@id=\"createOrganizationPop--finishBtn\"]"}
COMMAND: POST /session/c560a4da8281d0ae87757c6686821c71/element/f.437C3BD069600255C914999B9931D078.d.CAD892528F2E5C64635C3332E03ADBD6.e.3531/click - {}
RESULT: {}
COMMAND: GET /session/c560a4da8281d0ae87757c6686821c71/screenshot - {}
RESULT: {}
COMMAND: POST /session/c560a4da8281d0ae87757c6686821c71/element - {"using":"css selector","value":"#shell-header-logo"}
RESULT: {"using":"css selector","value":"#shell-header-logo"}
COMMAND: POST /session/c560a4da8281d0ae87757c6686821c71/element/f.437C3BD069600255C914999B9931D078.d.CAD892528F2E5C64635C3332E03ADBD6.e.3391/click - {}
RESULT: {}
COMMAND: GET /session/c560a4da8281d0ae87757c6686821c71/screenshot - {}
RESULT: {}
]]></system-out>
    </testcase>
    <testcase classname="chrome.137_0_7151_69.windows.Stock_increase_-_with_WHM_US125587" name="Create a Warehouse Movement for created yard" time="47.126">
      <system-out><![CDATA[
COMMAND: POST /session/c560a4da8281d0ae87757c6686821c71/execute/async - {"script":"<script> [1562 bytes]","args":[{"selector":{"controlType":"sap.m.GenericTile","properties":{"header":"Manage Warehouse Movements"}},"wdio_ui5_key":"sapm.GenericTile{\"header\":\"Manage Warehouse Movements\"}"}]}
RESULT: {"script":"<script> [1562 bytes]","args":[{"selector":{"controlType":"sap.m.GenericTile","properties":{"header":"Manage Warehouse Movements"}},"wdio_ui5_key":"sapm.GenericTile{\"header\":\"Manage Warehouse Movements\"}"}]}
RESULT: undefined
COMMAND: POST /session/c560a4da8281d0ae87757c6686821c71/element - {"using":"xpath","value":"//*[@id=\"__tile107\"]"}
RESULT: {"using":"xpath","value":"//*[@id=\"__tile107\"]"}
COMMAND: POST /session/c560a4da8281d0ae87757c6686821c71/element/f.437C3BD069600255C914999B9931D078.d.CAD892528F2E5C64635C3332E03ADBD6.e.3561/click - {}
RESULT: {}
COMMAND: GET /session/c560a4da8281d0ae87757c6686821c71/screenshot - {}
RESULT: {}
COMMAND: POST /session/c560a4da8281d0ae87757c6686821c71/elements - {"using":"xpath","value":"//span[text()='Error']"}
RESULT: {"using":"xpath","value":"//span[text()='Error']"}
COMMAND: POST /session/c560a4da8281d0ae87757c6686821c71/element - {"using":"xpath","value":"//input[@id='application-warehousemovements-display-component---warehouseMovements--smartFilterBar-filterItemControl_BASIC-YARD-inner']"}
RESULT: {"using":"xpath","value":"//input[@id='application-warehousemovements-display-component---warehouseMovements--smartFilterBar-filterItemControl_BASIC-YARD-inner']"}
COMMAND: POST /session/c560a4da8281d0ae87757c6686821c71/elements - {"using":"xpath","value":"//input[@id='application-warehousemovements-display-component---warehouseMovements--smartFilterBar-filterItemControl_BASIC-YARD-inner']"}
RESULT: {"using":"xpath","value":"//input[@id='application-warehousemovements-display-component---warehouseMovements--smartFilterBar-filterItemControl_BASIC-YARD-inner']"}
COMMAND: POST /session/c560a4da8281d0ae87757c6686821c71/execute/sync - {"script":"<script> [8489 bytes]","args":[{"element-6066-11e4-a52e-4f735466cecf":"f.437C3BD069600255C914999B9931D078.d.CAD892528F2E5C64635C3332E03ADBD6.e.3583","ELEMENT":"f.437C3BD069600255C914999B9931D078.d.CAD892528F2E5C64635C3332E03ADBD6.e.3583"}]}
RESULT: {"script":"<script> [8489 bytes]","args":[{"element-6066-11e4-a52e-4f735466cecf":"f.437C3BD069600255C914999B9931D078.d.CAD892528F2E5C64635C3332E03ADBD6.e.3583","ELEMENT":"f.437C3BD069600255C914999B9931D078.d.CAD892528F2E5C64635C3332E03ADBD6.e.3583"}]}
COMMAND: GET /session/c560a4da8281d0ae87757c6686821c71/element/f.437C3BD069600255C914999B9931D078.d.CAD892528F2E5C64635C3332E03ADBD6.e.3583/enabled - {}
COMMAND: GET /session/c560a4da8281d0ae87757c6686821c71/screenshot - {}
RESULT: {}
COMMAND: POST /session/c560a4da8281d0ae87757c6686821c71/execute/sync - {"script":"<script> [8489 bytes]","args":[{"element-6066-11e4-a52e-4f735466cecf":"f.437C3BD069600255C914999B9931D078.d.CAD892528F2E5C64635C3332E03ADBD6.e.3583","ELEMENT":"f.437C3BD069600255C914999B9931D078.d.CAD892528F2E5C64635C3332E03ADBD6.e.3583"}]}
COMMAND: GET /session/c560a4da8281d0ae87757c6686821c71/screenshot - {}
RESULT: {}
RESULT: {"script":"<script> [8489 bytes]","args":[{"element-6066-11e4-a52e-4f735466cecf":"f.437C3BD069600255C914999B9931D078.d.CAD892528F2E5C64635C3332E03ADBD6.e.3583","ELEMENT":"f.437C3BD069600255C914999B9931D078.d.CAD892528F2E5C64635C3332E03ADBD6.e.3583"}]}
COMMAND: POST /session/c560a4da8281d0ae87757c6686821c71/execute/sync - {"script":"<script> [5351 bytes]","args":[{"element-6066-11e4-a52e-4f735466cecf":"f.437C3BD069600255C914999B9931D078.d.CAD892528F2E5C64635C3332E03ADBD6.e.3583","ELEMENT":"f.437C3BD069600255C914999B9931D078.d.CAD892528F2E5C64635C3332E03ADBD6.e.3583"}]}
COMMAND: GET /session/c560a4da8281d0ae87757c6686821c71/screenshot - {}
RESULT: {}
RESULT: {"script":"<script> [5351 bytes]","args":[{"element-6066-11e4-a52e-4f735466cecf":"f.437C3BD069600255C914999B9931D078.d.CAD892528F2E5C64635C3332E03ADBD6.e.3583","ELEMENT":"f.437C3BD069600255C914999B9931D078.d.CAD892528F2E5C64635C3332E03ADBD6.e.3583"}]}
COMMAND: GET /session/c560a4da8281d0ae87757c6686821c71/screenshot - {}
RESULT: {}
RESULT: {}
COMMAND: POST /session/c560a4da8281d0ae87757c6686821c71/element/f.437C3BD069600255C914999B9931D078.d.CAD892528F2E5C64635C3332E03ADBD6.e.3583/clear - {}
RESULT: {}
COMMAND: POST /session/c560a4da8281d0ae87757c6686821c71/element/f.437C3BD069600255C914999B9931D078.d.CAD892528F2E5C64635C3332E03ADBD6.e.3583/value - {"text":"263"}
COMMAND: GET /session/c560a4da8281d0ae87757c6686821c71/screenshot - {}
RESULT: {"text":"263"}
COMMAND: POST /session/c560a4da8281d0ae87757c6686821c71/actions - {"actions":[{"id":"action13","type":"key","parameters":{},"actions":[{"type":"keyDown","value":""},{"type":"pause","duration":10},{"type":"keyUp","value":""}]}]}
COMMAND: GET /session/c560a4da8281d0ae87757c6686821c71/screenshot - {}
RESULT: {}
RESULT: {"actions":[{"id":"action13","type":"key","parameters":{},"actions":[{"type":"keyDown","value":""},{"type":"pause","duration":10},{"type":"keyUp","value":""}]}]}
COMMAND: GET /session/c560a4da8281d0ae87757c6686821c71/screenshot - {}
RESULT: {}
RESULT: {}
COMMAND: POST /session/c560a4da8281d0ae87757c6686821c71/element - {"using":"xpath","value":"//button[contains(@data-kt, \"MasterMovementAddOverflowToolbarButton\")]"}
RESULT: {"using":"xpath","value":"//button[contains(@data-kt, \"MasterMovementAddOverflowToolbarButton\")]"}
COMMAND: POST /session/c560a4da8281d0ae87757c6686821c71/element/f.437C3BD069600255C914999B9931D078.d.CAD892528F2E5C64635C3332E03ADBD6.e.3606/click - {}
RESULT: {}
COMMAND: GET /session/c560a4da8281d0ae87757c6686821c71/screenshot - {}
RESULT: {}
COMMAND: POST /session/c560a4da8281d0ae87757c6686821c71/element - {"using":"xpath","value":"//*[@id=\"application-warehousemovements-display-component---addMovement--sectionsList-arrow\"]"}
RESULT: {"using":"xpath","value":"//*[@id=\"application-warehousemovements-display-component---addMovement--sectionsList-arrow\"]"}
COMMAND: POST /session/c560a4da8281d0ae87757c6686821c71/element/f.437C3BD069600255C914999B9931D078.d.CAD892528F2E5C64635C3332E03ADBD6.e.3769/click - {}
RESULT: {}
COMMAND: POST /session/c560a4da8281d0ae87757c6686821c71/actions - {"actions":[{"id":"action14","type":"key","parameters":{},"actions":[{"type":"keyDown","value":""},{"type":"pause","duration":10},{"type":"keyUp","value":""}]}]}
COMMAND: GET /session/c560a4da8281d0ae87757c6686821c71/screenshot - {}
RESULT: {"actions":[{"id":"action14","type":"key","parameters":{},"actions":[{"type":"keyDown","value":""},{"type":"pause","duration":10},{"type":"keyUp","value":""}]}]}
COMMAND: GET /session/c560a4da8281d0ae87757c6686821c71/screenshot - {}
RESULT: {}
RESULT: {}
COMMAND: POST /session/c560a4da8281d0ae87757c6686821c71/actions - {"actions":[{"id":"action15","type":"key","parameters":{},"actions":[{"type":"keyDown","value":""},{"type":"pause","duration":10},{"type":"keyUp","value":""}]}]}
RESULT: {"actions":[{"id":"action15","type":"key","parameters":{},"actions":[{"type":"keyDown","value":""},{"type":"pause","duration":10},{"type":"keyUp","value":""}]}]}
COMMAND: GET /session/c560a4da8281d0ae87757c6686821c71/screenshot - {}
RESULT: {}
COMMAND: POST /session/c560a4da8281d0ae87757c6686821c71/element - {"using":"xpath","value":"//*[@id=\"application-warehousemovements-display-component---addMovement--saveMovementBtn-BDI-content\" and text()=\"Save\"]"}
RESULT: {"using":"xpath","value":"//*[@id=\"application-warehousemovements-display-component---addMovement--saveMovementBtn-BDI-content\" and text()=\"Save\"]"}
COMMAND: POST /session/c560a4da8281d0ae87757c6686821c71/element/f.437C3BD069600255C914999B9931D078.d.CAD892528F2E5C64635C3332E03ADBD6.e.3770/click - {}
RESULT: {}
COMMAND: GET /session/c560a4da8281d0ae87757c6686821c71/screenshot - {}
RESULT: {}
COMMAND: POST /session/c560a4da8281d0ae87757c6686821c71/element - {"using":"css selector","value":"#shell-header-logo"}
RESULT: {"using":"css selector","value":"#shell-header-logo"}
COMMAND: POST /session/c560a4da8281d0ae87757c6686821c71/element/f.437C3BD069600255C914999B9931D078.d.CAD892528F2E5C64635C3332E03ADBD6.e.3564/click - {}
RESULT: {}
COMMAND: GET /session/c560a4da8281d0ae87757c6686821c71/screenshot - {}
RESULT: {}
]]></system-out>
    </testcase>
    <testcase classname="chrome.137_0_7151_69.windows.Stock_increase_-_with_WHM_US125587" name="Should do a stock increase handover" time="96.13">
      <system-out><![CDATA[
COMMAND: POST /session/c560a4da8281d0ae87757c6686821c71/execute/async - {"script":"<script> [1562 bytes]","args":[{"selector":{"controlType":"sap.m.GenericTile","properties":{"header":"Manage Handovers"}},"wdio_ui5_key":"sapm.GenericTile{\"header\":\"Manage Handovers\"}"}]}
RESULT: {"script":"<script> [1562 bytes]","args":[{"selector":{"controlType":"sap.m.GenericTile","properties":{"header":"Manage Handovers"}},"wdio_ui5_key":"sapm.GenericTile{\"header\":\"Manage Handovers\"}"}]}
RESULT: undefined
COMMAND: POST /session/c560a4da8281d0ae87757c6686821c71/element - {"using":"xpath","value":"//*[@id=\"__tile133\"]"}
RESULT: {"using":"xpath","value":"//*[@id=\"__tile133\"]"}
COMMAND: POST /session/c560a4da8281d0ae87757c6686821c71/element/f.437C3BD069600255C914999B9931D078.d.CAD892528F2E5C64635C3332E03ADBD6.e.225/click - {}
RESULT: {}
COMMAND: GET /session/c560a4da8281d0ae87757c6686821c71/screenshot - {}
RESULT: {}
COMMAND: POST /session/c560a4da8281d0ae87757c6686821c71/elements - {"using":"xpath","value":"//span[text()='Error']"}
RESULT: {"using":"xpath","value":"//span[text()='Error']"}
COMMAND: POST /session/c560a4da8281d0ae87757c6686821c71/element - {"using":"xpath","value":"//button[@data-kt=\"masterHOAddButton\"]"}
RESULT: {"using":"xpath","value":"//button[@data-kt=\"masterHOAddButton\"]"}
COMMAND: POST /session/c560a4da8281d0ae87757c6686821c71/elements - {"using":"xpath","value":"//button[@data-kt=\"masterHOAddButton\"]"}
RESULT: {"using":"xpath","value":"//button[@data-kt=\"masterHOAddButton\"]"}
COMMAND: POST /session/c560a4da8281d0ae87757c6686821c71/execute/sync - {"script":"<script> [8489 bytes]","args":[{"element-6066-11e4-a52e-4f735466cecf":"f.437C3BD069600255C914999B9931D078.d.CAD892528F2E5C64635C3332E03ADBD6.e.3811","ELEMENT":"f.437C3BD069600255C914999B9931D078.d.CAD892528F2E5C64635C3332E03ADBD6.e.3811"}]}
RESULT: {"script":"<script> [8489 bytes]","args":[{"element-6066-11e4-a52e-4f735466cecf":"f.437C3BD069600255C914999B9931D078.d.CAD892528F2E5C64635C3332E03ADBD6.e.3811","ELEMENT":"f.437C3BD069600255C914999B9931D078.d.CAD892528F2E5C64635C3332E03ADBD6.e.3811"}]}
COMMAND: GET /session/c560a4da8281d0ae87757c6686821c71/element/f.437C3BD069600255C914999B9931D078.d.CAD892528F2E5C64635C3332E03ADBD6.e.3811/enabled - {}
COMMAND: GET /session/c560a4da8281d0ae87757c6686821c71/screenshot - {}
RESULT: {}
COMMAND: POST /session/c560a4da8281d0ae87757c6686821c71/execute/sync - {"script":"<script> [8489 bytes]","args":[{"element-6066-11e4-a52e-4f735466cecf":"f.437C3BD069600255C914999B9931D078.d.CAD892528F2E5C64635C3332E03ADBD6.e.3811","ELEMENT":"f.437C3BD069600255C914999B9931D078.d.CAD892528F2E5C64635C3332E03ADBD6.e.3811"}]}
COMMAND: GET /session/c560a4da8281d0ae87757c6686821c71/screenshot - {}
RESULT: {}
RESULT: {"script":"<script> [8489 bytes]","args":[{"element-6066-11e4-a52e-4f735466cecf":"f.437C3BD069600255C914999B9931D078.d.CAD892528F2E5C64635C3332E03ADBD6.e.3811","ELEMENT":"f.437C3BD069600255C914999B9931D078.d.CAD892528F2E5C64635C3332E03ADBD6.e.3811"}]}
COMMAND: POST /session/c560a4da8281d0ae87757c6686821c71/execute/sync - {"script":"<script> [5351 bytes]","args":[{"element-6066-11e4-a52e-4f735466cecf":"f.437C3BD069600255C914999B9931D078.d.CAD892528F2E5C64635C3332E03ADBD6.e.3811","ELEMENT":"f.437C3BD069600255C914999B9931D078.d.CAD892528F2E5C64635C3332E03ADBD6.e.3811"}]}
COMMAND: GET /session/c560a4da8281d0ae87757c6686821c71/screenshot - {}
RESULT: {}
RESULT: {"script":"<script> [5351 bytes]","args":[{"element-6066-11e4-a52e-4f735466cecf":"f.437C3BD069600255C914999B9931D078.d.CAD892528F2E5C64635C3332E03ADBD6.e.3811","ELEMENT":"f.437C3BD069600255C914999B9931D078.d.CAD892528F2E5C64635C3332E03ADBD6.e.3811"}]}
COMMAND: POST /session/c560a4da8281d0ae87757c6686821c71/element/f.437C3BD069600255C914999B9931D078.d.CAD892528F2E5C64635C3332E03ADBD6.e.3811/click - {}
COMMAND: GET /session/c560a4da8281d0ae87757c6686821c71/screenshot - {}
RESULT: {}
RESULT: {}
COMMAND: GET /session/c560a4da8281d0ae87757c6686821c71/screenshot - {}
COMMAND: POST /session/c560a4da8281d0ae87757c6686821c71/element - {"using":"xpath","value":"//span[contains(@id ,\"AddNewHO--typeSelect-arrow\")]"}
RESULT: {}
RESULT: {}
RESULT: {"using":"xpath","value":"//span[contains(@id ,\"AddNewHO--typeSelect-arrow\")]"}
COMMAND: POST /session/c560a4da8281d0ae87757c6686821c71/element/f.437C3BD069600255C914999B9931D078.d.CAD892528F2E5C64635C3332E03ADBD6.e.4150/click - {}
RESULT: {}
COMMAND: GET /session/c560a4da8281d0ae87757c6686821c71/screenshot - {}
RESULT: {}
COMMAND: POST /session/c560a4da8281d0ae87757c6686821c71/element - {"using":"xpath","value":"(//li[contains(text(), \"stock increase yard\")])[1]"}
RESULT: {"using":"xpath","value":"(//li[contains(text(), \"stock increase yard\")])[1]"}
COMMAND: POST /session/c560a4da8281d0ae87757c6686821c71/element/f.437C3BD069600255C914999B9931D078.d.CAD892528F2E5C64635C3332E03ADBD6.e.4151/click - {}
RESULT: {}
COMMAND: GET /session/c560a4da8281d0ae87757c6686821c71/screenshot - {}
RESULT: {}
COMMAND: POST /session/c560a4da8281d0ae87757c6686821c71/execute/async - {"script":"<script> [1562 bytes]","args":[{"selector":{"id":"application-managehandovers-display-component---AddNewHO--dueDate","interaction":{"idSuffix":"inner"}},"wdio_ui5_key":"applicationmanagehandovers-display-component---AddNewHO--dueDate"}]}
RESULT: {"script":"<script> [1562 bytes]","args":[{"selector":{"id":"application-managehandovers-display-component---AddNewHO--dueDate","interaction":{"idSuffix":"inner"}},"wdio_ui5_key":"applicationmanagehandovers-display-component---AddNewHO--dueDate"}]}
RESULT: undefined
COMMAND: POST /session/c560a4da8281d0ae87757c6686821c71/execute/async - {"script":"<script> [6424 bytes]","args":[{"element-6066-11e4-a52e-4f735466cecf":"f.437C3BD069600255C914999B9931D078.d.CAD892528F2E5C64635C3332E03ADBD6.e.4153"},"setValue",["6/14/25"]]}
RESULT: {"script":"<script> [6424 bytes]","args":[{"element-6066-11e4-a52e-4f735466cecf":"f.437C3BD069600255C914999B9931D078.d.CAD892528F2E5C64635C3332E03ADBD6.e.4153"},"setValue",["6/14/25"]]}
COMMAND: POST /session/c560a4da8281d0ae87757c6686821c71/element - {"using":"xpath","value":"//input[@id=\"generalSectionFrg--receiveYard-inner\"]"}
RESULT: {"using":"xpath","value":"//input[@id=\"generalSectionFrg--receiveYard-inner\"]"}
COMMAND: POST /session/c560a4da8281d0ae87757c6686821c71/element/f.437C3BD069600255C914999B9931D078.d.CAD892528F2E5C64635C3332E03ADBD6.e.4159/clear - {}
RESULT: {}
COMMAND: POST /session/c560a4da8281d0ae87757c6686821c71/element/f.437C3BD069600255C914999B9931D078.d.CAD892528F2E5C64635C3332E03ADBD6.e.4159/value - {"text":"263"}
COMMAND: GET /session/c560a4da8281d0ae87757c6686821c71/screenshot - {}
RESULT: {"text":"263"}
COMMAND: GET /session/c560a4da8281d0ae87757c6686821c71/screenshot - {}
RESULT: {}
RESULT: {}
COMMAND: POST /session/c560a4da8281d0ae87757c6686821c71/element - {"using":"xpath","value":"//li[.//span[contains(normalize-space(.), '263 -')]]"}
RESULT: {"using":"xpath","value":"//li[.//span[contains(normalize-space(.), '263 -')]]"}
COMMAND: POST /session/c560a4da8281d0ae87757c6686821c71/element/f.437C3BD069600255C914999B9931D078.d.CAD892528F2E5C64635C3332E03ADBD6.e.4175/click - {}
RESULT: {}
COMMAND: GET /session/c560a4da8281d0ae87757c6686821c71/screenshot - {}
RESULT: {}
COMMAND: POST /session/c560a4da8281d0ae87757c6686821c71/execute/async - {"script":"<script> [1562 bytes]","args":[{"selector":{"id":"application-managehandovers-display-component---AddNewHO--ObjectPageLayout-anchBar-application-managehandovers-display-component---AddNewHO--section4-anchor","interaction":{"idSuffix":"BDI-content"}},"wdio_ui5_key":"applicationmanagehandovers-display-component---AddNewHO--ObjectPageLayout-anchBar-application-managehandovers-display-component---AddNewHO--section4-anchor"}]}
RESULT: {"script":"<script> [1562 bytes]","args":[{"selector":{"id":"application-managehandovers-display-component---AddNewHO--ObjectPageLayout-anchBar-application-managehandovers-display-component---AddNewHO--section4-anchor","interaction":{"idSuffix":"BDI-content"}},"wdio_ui5_key":"applicationmanagehandovers-display-component---AddNewHO--ObjectPageLayout-anchBar-application-managehandovers-display-component---AddNewHO--section4-anchor"}]}
RESULT: undefined
COMMAND: POST /session/c560a4da8281d0ae87757c6686821c71/element - {"using":"xpath","value":"//*[@id=\"application-managehandovers-display-component---AddNewHO--ObjectPageLayout-anchBar-application-managehandovers-display-component---AddNewHO--section4-anchor\"]"}
RESULT: {"using":"xpath","value":"//*[@id=\"application-managehandovers-display-component---AddNewHO--ObjectPageLayout-anchBar-application-managehandovers-display-component---AddNewHO--section4-anchor\"]"}
COMMAND: POST /session/c560a4da8281d0ae87757c6686821c71/element/f.437C3BD069600255C914999B9931D078.d.CAD892528F2E5C64635C3332E03ADBD6.e.4177/click - {}
RESULT: {}
COMMAND: GET /session/c560a4da8281d0ae87757c6686821c71/screenshot - {}
RESULT: {}
COMMAND: POST /session/c560a4da8281d0ae87757c6686821c71/element - {"using":"xpath","value":"//button[@aria-label=\"Add\"]"}
RESULT: {"using":"xpath","value":"//button[@aria-label=\"Add\"]"}
COMMAND: POST /session/c560a4da8281d0ae87757c6686821c71/element/f.437C3BD069600255C914999B9931D078.d.CAD892528F2E5C64635C3332E03ADBD6.e.4181/click - {}
RESULT: {}
COMMAND: GET /session/c560a4da8281d0ae87757c6686821c71/screenshot - {}
RESULT: {}
COMMAND: POST /session/c560a4da8281d0ae87757c6686821c71/execute/async - {"script":"<script> [1562 bytes]","args":[{"selector":{"id":"application-managehandovers-display-component---AddNewHO--smartFilterBar-btnBasicSearch","searchOpenDialogs":true,"interaction":{"idSuffix":"I"}},"wdio_ui5_key":"applicationmanagehandovers-display-component---AddNewHO--smartFilterBar-btnBasicSearch"}]}
RESULT: {"script":"<script> [1562 bytes]","args":[{"selector":{"id":"application-managehandovers-display-component---AddNewHO--smartFilterBar-btnBasicSearch","searchOpenDialogs":true,"interaction":{"idSuffix":"I"}},"wdio_ui5_key":"applicationmanagehandovers-display-component---AddNewHO--smartFilterBar-btnBasicSearch"}]}
RESULT: undefined
COMMAND: POST /session/c560a4da8281d0ae87757c6686821c71/execute/async - {"script":"<script> [776 bytes]","args":[{"enterText":"200132","selector":{"id":"application-managehandovers-display-component---AddNewHO--smartFilterBar-btnBasicSearch","searchOpenDialogs":true,"interaction":{"idSuffix":"I"}},"clearTextFirst":true,"interactionType":"ENTER_TEXT"}]}
RESULT: {"script":"<script> [776 bytes]","args":[{"enterText":"200132","selector":{"id":"application-managehandovers-display-component---AddNewHO--smartFilterBar-btnBasicSearch","searchOpenDialogs":true,"interaction":{"idSuffix":"I"}},"clearTextFirst":true,"interactionType":"ENTER_TEXT"}]}
COMMAND: POST /session/c560a4da8281d0ae87757c6686821c71/actions - {"actions":[{"id":"action16","type":"key","parameters":{},"actions":[{"type":"keyDown","value":""},{"type":"pause","duration":10},{"type":"keyUp","value":""}]}]}
RESULT: {"actions":[{"id":"action16","type":"key","parameters":{},"actions":[{"type":"keyDown","value":""},{"type":"pause","duration":10},{"type":"keyUp","value":""}]}]}
COMMAND: GET /session/c560a4da8281d0ae87757c6686821c71/screenshot - {}
RESULT: {}
COMMAND: POST /session/c560a4da8281d0ae87757c6686821c71/execute/async - {"script":"<script> [1562 bytes]","args":[{"selector":{"id":"application-managehandovers-display-component---AddNewHO--popup-sa","searchOpenDialogs":true,"interaction":{"idSuffix":"CbBg"}},"wdio_ui5_key":"applicationmanagehandovers-display-component---AddNewHO--popup-sa"}]}
RESULT: {"script":"<script> [1562 bytes]","args":[{"selector":{"id":"application-managehandovers-display-component---AddNewHO--popup-sa","searchOpenDialogs":true,"interaction":{"idSuffix":"CbBg"}},"wdio_ui5_key":"applicationmanagehandovers-display-component---AddNewHO--popup-sa"}]}
RESULT: undefined
COMMAND: POST /session/c560a4da8281d0ae87757c6686821c71/element - {"using":"xpath","value":"//*[@id=\"application-managehandovers-display-component---AddNewHO--popup-sa\"]"}
RESULT: {"using":"xpath","value":"//*[@id=\"application-managehandovers-display-component---AddNewHO--popup-sa\"]"}
COMMAND: POST /session/c560a4da8281d0ae87757c6686821c71/element/f.437C3BD069600255C914999B9931D078.d.CAD892528F2E5C64635C3332E03ADBD6.e.4336/click - {}
RESULT: {}
COMMAND: GET /session/c560a4da8281d0ae87757c6686821c71/screenshot - {}
RESULT: {}
COMMAND: POST /session/c560a4da8281d0ae87757c6686821c71/element - {"using":"xpath","value":"//bdi[contains(text(), \"Select\")]"}
RESULT: {"using":"xpath","value":"//bdi[contains(text(), \"Select\")]"}
COMMAND: POST /session/c560a4da8281d0ae87757c6686821c71/element/f.437C3BD069600255C914999B9931D078.d.CAD892528F2E5C64635C3332E03ADBD6.e.4337/click - {}
RESULT: {}
COMMAND: GET /session/c560a4da8281d0ae87757c6686821c71/screenshot - {}
RESULT: {}
COMMAND: POST /session/c560a4da8281d0ae87757c6686821c71/element - {"using":"xpath","value":"//button[@data-kt=\"AddNewHOSaveButton\"]"}
RESULT: {"using":"xpath","value":"//button[@data-kt=\"AddNewHOSaveButton\"]"}
COMMAND: POST /session/c560a4da8281d0ae87757c6686821c71/element/f.437C3BD069600255C914999B9931D078.d.CAD892528F2E5C64635C3332E03ADBD6.e.4341/click - {}
RESULT: {}
COMMAND: GET /session/c560a4da8281d0ae87757c6686821c71/screenshot - {}
RESULT: {}
COMMAND: POST /session/c560a4da8281d0ae87757c6686821c71/execute/async - {"script":"<script> [1562 bytes]","args":[{"selector":{"id":"receiptDatePicker","viewName":"etm.portal.ui.managehandovers.view.DetailExecuteHO","interaction":{"idSuffix":"inner"}},"wdio_ui5_key":"receiptDatePickeretmportal.ui.managehandovers.view.DetailExecuteHO"}]}
RESULT: {"script":"<script> [1562 bytes]","args":[{"selector":{"id":"receiptDatePicker","viewName":"etm.portal.ui.managehandovers.view.DetailExecuteHO","interaction":{"idSuffix":"inner"}},"wdio_ui5_key":"receiptDatePickeretmportal.ui.managehandovers.view.DetailExecuteHO"}]}
RESULT: undefined
COMMAND: POST /session/c560a4da8281d0ae87757c6686821c71/execute/async - {"script":"<script> [6424 bytes]","args":[{"element-6066-11e4-a52e-4f735466cecf":"f.437C3BD069600255C914999B9931D078.d.CAD892528F2E5C64635C3332E03ADBD6.e.4369"},"setValue",["6/14/25"]]}
RESULT: {"script":"<script> [6424 bytes]","args":[{"element-6066-11e4-a52e-4f735466cecf":"f.437C3BD069600255C914999B9931D078.d.CAD892528F2E5C64635C3332E03ADBD6.e.4369"},"setValue",["6/14/25"]]}
COMMAND: POST /session/c560a4da8281d0ae87757c6686821c71/element - {"using":"xpath","value":"//button[@data-kt=\"ReceivingTableConfirmAllButton\"]"}
RESULT: {"using":"xpath","value":"//button[@data-kt=\"ReceivingTableConfirmAllButton\"]"}
COMMAND: POST /session/c560a4da8281d0ae87757c6686821c71/element/f.437C3BD069600255C914999B9931D078.d.CAD892528F2E5C64635C3332E03ADBD6.e.4385/click - {}
RESULT: {}
COMMAND: GET /session/c560a4da8281d0ae87757c6686821c71/screenshot - {}
RESULT: {}
COMMAND: POST /session/c560a4da8281d0ae87757c6686821c71/element - {"using":"xpath","value":"//bdi[contains(text(), \"OK\")]"}
RESULT: {"using":"xpath","value":"//bdi[contains(text(), \"OK\")]"}
COMMAND: POST /session/c560a4da8281d0ae87757c6686821c71/element/f.437C3BD069600255C914999B9931D078.d.CAD892528F2E5C64635C3332E03ADBD6.e.4387/click - {}
RESULT: {}
COMMAND: GET /session/c560a4da8281d0ae87757c6686821c71/screenshot - {}
RESULT: {}
COMMAND: POST /session/c560a4da8281d0ae87757c6686821c71/element - {"using":"xpath","value":"(//bdi[contains(text(), \"Receive\")])[2]"}
RESULT: {"using":"xpath","value":"(//bdi[contains(text(), \"Receive\")])[2]"}
COMMAND: POST /session/c560a4da8281d0ae87757c6686821c71/element/f.437C3BD069600255C914999B9931D078.d.CAD892528F2E5C64635C3332E03ADBD6.e.4389/click - {}
RESULT: {}
COMMAND: GET /session/c560a4da8281d0ae87757c6686821c71/screenshot - {}
RESULT: {}
COMMAND: POST /session/c560a4da8281d0ae87757c6686821c71/element - {"using":"css selector","value":"#shell-header-logo"}
RESULT: {"using":"css selector","value":"#shell-header-logo"}
COMMAND: POST /session/c560a4da8281d0ae87757c6686821c71/element/f.437C3BD069600255C914999B9931D078.d.CAD892528F2E5C64635C3332E03ADBD6.e.3776/click - {}
RESULT: {}
COMMAND: GET /session/c560a4da8281d0ae87757c6686821c71/screenshot - {}
RESULT: {}
COMMAND: POST /session/c560a4da8281d0ae87757c6686821c71/element - {"using":"css selector","value":"#j_username"}
COMMAND: POST /session/c560a4da8281d0ae87757c6686821c71/url - {"url":"https://qa-testing-00-live-etm-ui.cfapps.eu10-004.hana.ondemand.com/"}
RESULT: {"using":"css selector","value":"#j_username"}
COMMAND: POST /session/c560a4da8281d0ae87757c6686821c71/element - {"using":"css selector","value":"#j_username"}
RESULT: {"url":"https://qa-testing-00-live-etm-ui.cfapps.eu10-004.hana.ondemand.com/"}
RESULT: undefined
COMMAND: GET /session/c560a4da8281d0ae87757c6686821c71/screenshot - {}
RESULT: {"using":"css selector","value":"#j_username"}
COMMAND: POST /session/c560a4da8281d0ae87757c6686821c71/element - {"using":"css selector","value":"#shell-header-logo"}
RESULT: {}
RESULT: {"using":"css selector","value":"#shell-header-logo"}
COMMAND: POST /session/c560a4da8281d0ae87757c6686821c71/execute/sync - {"script":"<script> [8489 bytes]","args":[{"element-6066-11e4-a52e-4f735466cecf":"f.437C3BD069600255C914999B9931D078.d.107D2B7BA53DF0A26338934C3071A540.e.4573","ELEMENT":"f.437C3BD069600255C914999B9931D078.d.107D2B7BA53DF0A26338934C3071A540.e.4573"}]}
RESULT: {"script":"<script> [8489 bytes]","args":[{"element-6066-11e4-a52e-4f735466cecf":"f.437C3BD069600255C914999B9931D078.d.107D2B7BA53DF0A26338934C3071A540.e.4573","ELEMENT":"f.437C3BD069600255C914999B9931D078.d.107D2B7BA53DF0A26338934C3071A540.e.4573"}]}
COMMAND: POST /session/c560a4da8281d0ae87757c6686821c71/element - {"using":"css selector","value":"#shell-header-logo"}
COMMAND: GET /session/c560a4da8281d0ae87757c6686821c71/screenshot - {}
RESULT: {"using":"css selector","value":"#shell-header-logo"}
COMMAND: POST /session/c560a4da8281d0ae87757c6686821c71/execute/sync - {"script":"<script> [8489 bytes]","args":[{"element-6066-11e4-a52e-4f735466cecf":"f.437C3BD069600255C914999B9931D078.d.107D2B7BA53DF0A26338934C3071A540.e.4573","ELEMENT":"f.437C3BD069600255C914999B9931D078.d.107D2B7BA53DF0A26338934C3071A540.e.4573"}]}
RESULT: {}
RESULT: {"script":"<script> [8489 bytes]","args":[{"element-6066-11e4-a52e-4f735466cecf":"f.437C3BD069600255C914999B9931D078.d.107D2B7BA53DF0A26338934C3071A540.e.4573","ELEMENT":"f.437C3BD069600255C914999B9931D078.d.107D2B7BA53DF0A26338934C3071A540.e.4573"}]}
COMMAND: POST /session/c560a4da8281d0ae87757c6686821c71/execute/sync - {"script":"<script> [5351 bytes]","args":[{"element-6066-11e4-a52e-4f735466cecf":"f.437C3BD069600255C914999B9931D078.d.107D2B7BA53DF0A26338934C3071A540.e.4573","ELEMENT":"f.437C3BD069600255C914999B9931D078.d.107D2B7BA53DF0A26338934C3071A540.e.4573"}]}
COMMAND: GET /session/c560a4da8281d0ae87757c6686821c71/screenshot - {}
RESULT: {"script":"<script> [5351 bytes]","args":[{"element-6066-11e4-a52e-4f735466cecf":"f.437C3BD069600255C914999B9931D078.d.107D2B7BA53DF0A26338934C3071A540.e.4573","ELEMENT":"f.437C3BD069600255C914999B9931D078.d.107D2B7BA53DF0A26338934C3071A540.e.4573"}]}
COMMAND: POST /session/c560a4da8281d0ae87757c6686821c71/element - {"using":"css selector","value":"#shell-header-logo"}
COMMAND: GET /session/c560a4da8281d0ae87757c6686821c71/screenshot - {}
RESULT: {}
RESULT: {"using":"css selector","value":"#shell-header-logo"}
COMMAND: POST /session/c560a4da8281d0ae87757c6686821c71/element/f.437C3BD069600255C914999B9931D078.d.107D2B7BA53DF0A26338934C3071A540.e.4573/click - {}
RESULT: {}
RESULT: {}
COMMAND: GET /session/c560a4da8281d0ae87757c6686821c71/screenshot - {}
RESULT: {}
COMMAND: POST /session/c560a4da8281d0ae87757c6686821c71/execute/async - {"script":"<script> [189 bytes]","args":[]}
RESULT: {"script":"<script> [189 bytes]","args":[]}
COMMAND: POST /session/c560a4da8281d0ae87757c6686821c71/execute/async - {"script":"<script> [123 bytes]","args":[]}
RESULT: {"script":"<script> [123 bytes]","args":[]}
COMMAND: POST /session/c560a4da8281d0ae87757c6686821c71/timeouts - {"script":"<number>"}
RESULT: {"script":"<number>"}
COMMAND: GET /session/c560a4da8281d0ae87757c6686821c71/timeouts - {}
RESULT: {}
RESULT: undefined
COMMAND: POST /session/c560a4da8281d0ae87757c6686821c71/execute/async - {"script":"<script> [2676 bytes]","args":[]}
RESULT: {"script":"<script> [2676 bytes]","args":[]}
COMMAND: POST /session/c560a4da8281d0ae87757c6686821c71/execute/async - {"script":"<script> [2342 bytes]","args":[{"protocol":"http","hostname":"0.0.0.0","path":"/","capabilities":{"browserName":"chrome","goog:chromeOptions":{"binary":"C:\\Program Files\\Google\\Chrome\\Application\\chrome.exe","args":["--start-maximized"]}},"logLevel":"warn","connectionRetryTimeout":120000,"connectionRetryCount":3,"logLevels":{},"enableDirectConnect":true,"strictSSL":true,"_":"65 more keys: [\"cacheDir\",\"port\",\"requestedCapabilities\",\"automationProtocol\",\"baseUrl\",\"waitforInterval\",\"waitforTimeout\",\"onReload\",\"beforeCommand\",\"afterCommand\",\"rootDir\",\"specs\",\"suites\",\"exclude\",\"groupLogsByTestSpec\",\"excludeDriverLogs\",\"bail\",\"framework\",\"reporters\",\"services\",\"maxInstances\",\"maxInstancesPerCapability\",\"injectGlobals\",\"filesToWatch\",\"execArgv\",\"runnerEnv\",\"runner\",\"shard\",\"specFileRetries\",\"specFileRetriesDelay\",\"specFileRetriesDeferred\",\"reporterSyncInterval\",\"reporterSyncTimeout\",\"cucumberFeaturesWithLineNumbers\",\"autoCompileOpts\",\"mochaOpts\",\"jasmineOpts\",\"cucumberOpts\",\"onPrepare\",\"onWorkerStart\",\"onWorkerEnd\",\"before\",\"beforeSession\",\"beforeSuite\",\"beforeHook\",\"beforeTest\",\"afterTest\",\"afterHook\",\"afterSuite\",\"afterSession\",\"after\",\"onComplete\",\"beforeAssertion\",\"afterAssertion\",\"beforeFeature\",\"beforeScenario\",\"beforeStep\",\"afterStep\",\"afterScenario\",\"afterFeature\",\"_\",\"suite\",\"$0\",\"ignoredWorkerServices\",\"wdi5\"]"}]}
RESULT: {"script":"<script> [2342 bytes]","args":[{"protocol":"http","hostname":"0.0.0.0","path":"/","capabilities":{"browserName":"chrome","goog:chromeOptions":{"binary":"C:\\Program Files\\Google\\Chrome\\Application\\chrome.exe","args":["--start-maximized"]}},"logLevel":"warn","connectionRetryTimeout":120000,"connectionRetryCount":3,"logLevels":{},"enableDirectConnect":true,"strictSSL":true,"_":"65 more keys: [\"cacheDir\",\"port\",\"requestedCapabilities\",\"automationProtocol\",\"baseUrl\",\"waitforInterval\",\"waitforTimeout\",\"onReload\",\"beforeCommand\",\"afterCommand\",\"rootDir\",\"specs\",\"suites\",\"exclude\",\"groupLogsByTestSpec\",\"excludeDriverLogs\",\"bail\",\"framework\",\"reporters\",\"services\",\"maxInstances\",\"maxInstancesPerCapability\",\"injectGlobals\",\"filesToWatch\",\"execArgv\",\"runnerEnv\",\"runner\",\"shard\",\"specFileRetries\",\"specFileRetriesDelay\",\"specFileRetriesDeferred\",\"reporterSyncInterval\",\"reporterSyncTimeout\",\"cucumberFeaturesWithLineNumbers\",\"autoCompileOpts\",\"mochaOpts\",\"jasmineOpts\",\"cucumberOpts\",\"onPrepare\",\"onWorkerStart\",\"onWorkerEnd\",\"before\",\"beforeSession\",\"beforeSuite\",\"beforeHook\",\"beforeTest\",\"afterTest\",\"afterHook\",\"afterSuite\",\"afterSession\",\"after\",\"onComplete\",\"beforeAssertion\",\"afterAssertion\",\"beforeFeature\",\"beforeScenario\",\"beforeStep\",\"afterStep\",\"afterScenario\",\"afterFeature\",\"_\",\"suite\",\"$0\",\"ignoredWorkerServices\",\"wdi5\"]"}]}
COMMAND: POST /session/c560a4da8281d0ae87757c6686821c71/execute/async - {"script":"<script> [21126 bytes]","args":[35000]}
RESULT: {"script":"<script> [21126 bytes]","args":[35000]}
COMMAND: POST /session/c560a4da8281d0ae87757c6686821c71/window/maximize - {}
RESULT: {}
COMMAND: POST /session/c560a4da8281d0ae87757c6686821c71/execute/async - {"script":"<script> [1562 bytes]","args":[{"selector":{"id":"shell-header","interaction":{"idSuffix":"icon"}},"wdio_ui5_key":"shellheader"}]}
COMMAND: GET /session/c560a4da8281d0ae87757c6686821c71/screenshot - {}
RESULT: {"script":"<script> [1562 bytes]","args":[{"selector":{"id":"shell-header","interaction":{"idSuffix":"icon"}},"wdio_ui5_key":"shellheader"}]}
RESULT: undefined
COMMAND: POST /session/c560a4da8281d0ae87757c6686821c71/window/fullscreen - {}
RESULT: {}
RESULT: {}
]]></system-out>
    </testcase>
  </testsuite>
  <testsuite timestamp="2025-06-14T16:30:10" time="144.974" tests="6" failures="0" errors="0" skipped="0">
    <properties>
      <property name="specId" value="0"/>
      <property name="suiteName" value="Provide to Site w/ warehouse management w/ clarification US115878"/>
      <property name="capabilities" value="chrome.137_0_7151_69.windows"/>
      <property name="file" value="file:///D:/a/1/s/test/specs/HTR/provide-to-site-w-warehouse-w-clarification.spec.js"/>
    </properties>
    <testcase classname="chrome.137_0_7151_69.windows.Provide_to_Site_w/_warehouse_management_w/_clarification_US115878" name="Should create a new WHM yard" time="0.023">
      <system-out><![CDATA[
COMMAND: POST /session/c560a4da8281d0ae87757c6686821c71/window/fullscreen - {}
RESULT: {}
]]></system-out>
    </testcase>
    <testcase classname="chrome.137_0_7151_69.windows.Provide_to_Site_w/_warehouse_management_w/_clarification_US115878" name="Should create a new external WHM partner" time="0.003"/>
    <testcase classname="chrome.137_0_7151_69.windows.Provide_to_Site_w/_warehouse_management_w/_clarification_US115878" name="Should create a new WHM site" time="0.002"/>
    <testcase classname="chrome.137_0_7151_69.windows.Provide_to_Site_w/_warehouse_management_w/_clarification_US115878" name="Should create a new material" time="126.461">
      <system-out><![CDATA[
COMMAND: POST /session/c560a4da8281d0ae87757c6686821c71/execute/async - {"script":"<script> [1562 bytes]","args":[{"selector":{"controlType":"sap.m.GenericTile","properties":{"header":"Manage Resources"}},"wdio_ui5_key":"sapm.GenericTile{\"header\":\"Manage Resources\"}"}]}
RESULT: {"script":"<script> [1562 bytes]","args":[{"selector":{"controlType":"sap.m.GenericTile","properties":{"header":"Manage Resources"}},"wdio_ui5_key":"sapm.GenericTile{\"header\":\"Manage Resources\"}"}]}
RESULT: undefined
COMMAND: POST /session/c560a4da8281d0ae87757c6686821c71/element - {"using":"xpath","value":"//*[@id=\"__tile32\"]"}
RESULT: {"using":"xpath","value":"//*[@id=\"__tile32\"]"}
COMMAND: POST /session/c560a4da8281d0ae87757c6686821c71/element/f.437C3BD069600255C914999B9931D078.d.107D2B7BA53DF0A26338934C3071A540.e.4594/click - {}
RESULT: {}
COMMAND: GET /session/c560a4da8281d0ae87757c6686821c71/screenshot - {}
RESULT: {}
COMMAND: POST /session/c560a4da8281d0ae87757c6686821c71/elements - {"using":"xpath","value":"//span[text()='Error']"}
RESULT: {"using":"xpath","value":"//span[text()='Error']"}
COMMAND: POST /session/c560a4da8281d0ae87757c6686821c71/element - {"using":"xpath","value":"//button[@data-kt=\"addNewRUOverflowToolbarButton\"]"}
RESULT: {"using":"xpath","value":"//button[@data-kt=\"addNewRUOverflowToolbarButton\"]"}
COMMAND: POST /session/c560a4da8281d0ae87757c6686821c71/elements - {"using":"xpath","value":"//button[@data-kt=\"addNewRUOverflowToolbarButton\"]"}
RESULT: {"using":"xpath","value":"//button[@data-kt=\"addNewRUOverflowToolbarButton\"]"}
COMMAND: POST /session/c560a4da8281d0ae87757c6686821c71/execute/sync - {"script":"<script> [8489 bytes]","args":[{"element-6066-11e4-a52e-4f735466cecf":"f.437C3BD069600255C914999B9931D078.d.107D2B7BA53DF0A26338934C3071A540.e.4725","ELEMENT":"f.437C3BD069600255C914999B9931D078.d.107D2B7BA53DF0A26338934C3071A540.e.4725"}]}
RESULT: {"script":"<script> [8489 bytes]","args":[{"element-6066-11e4-a52e-4f735466cecf":"f.437C3BD069600255C914999B9931D078.d.107D2B7BA53DF0A26338934C3071A540.e.4725","ELEMENT":"f.437C3BD069600255C914999B9931D078.d.107D2B7BA53DF0A26338934C3071A540.e.4725"}]}
COMMAND: GET /session/c560a4da8281d0ae87757c6686821c71/element/f.437C3BD069600255C914999B9931D078.d.107D2B7BA53DF0A26338934C3071A540.e.4725/enabled - {}
COMMAND: GET /session/c560a4da8281d0ae87757c6686821c71/screenshot - {}
RESULT: {}
COMMAND: POST /session/c560a4da8281d0ae87757c6686821c71/execute/sync - {"script":"<script> [8489 bytes]","args":[{"element-6066-11e4-a52e-4f735466cecf":"f.437C3BD069600255C914999B9931D078.d.107D2B7BA53DF0A26338934C3071A540.e.4725","ELEMENT":"f.437C3BD069600255C914999B9931D078.d.107D2B7BA53DF0A26338934C3071A540.e.4725"}]}
COMMAND: GET /session/c560a4da8281d0ae87757c6686821c71/screenshot - {}
RESULT: {}
RESULT: {"script":"<script> [8489 bytes]","args":[{"element-6066-11e4-a52e-4f735466cecf":"f.437C3BD069600255C914999B9931D078.d.107D2B7BA53DF0A26338934C3071A540.e.4725","ELEMENT":"f.437C3BD069600255C914999B9931D078.d.107D2B7BA53DF0A26338934C3071A540.e.4725"}]}
COMMAND: POST /session/c560a4da8281d0ae87757c6686821c71/execute/sync - {"script":"<script> [5351 bytes]","args":[{"element-6066-11e4-a52e-4f735466cecf":"f.437C3BD069600255C914999B9931D078.d.107D2B7BA53DF0A26338934C3071A540.e.4725","ELEMENT":"f.437C3BD069600255C914999B9931D078.d.107D2B7BA53DF0A26338934C3071A540.e.4725"}]}
COMMAND: GET /session/c560a4da8281d0ae87757c6686821c71/screenshot - {}
RESULT: {}
RESULT: {"script":"<script> [5351 bytes]","args":[{"element-6066-11e4-a52e-4f735466cecf":"f.437C3BD069600255C914999B9931D078.d.107D2B7BA53DF0A26338934C3071A540.e.4725","ELEMENT":"f.437C3BD069600255C914999B9931D078.d.107D2B7BA53DF0A26338934C3071A540.e.4725"}]}
COMMAND: POST /session/c560a4da8281d0ae87757c6686821c71/element/f.437C3BD069600255C914999B9931D078.d.107D2B7BA53DF0A26338934C3071A540.e.4725/click - {}
COMMAND: GET /session/c560a4da8281d0ae87757c6686821c71/screenshot - {}
RESULT: {}
RESULT: {}
COMMAND: GET /session/c560a4da8281d0ae87757c6686821c71/screenshot - {}
COMMAND: POST /session/c560a4da8281d0ae87757c6686821c71/execute/async - {"script":"<script> [1562 bytes]","args":[{"selector":{"id":"application-manageresources-display-component---newResourceUnit--TYPE-arrow"},"wdio_ui5_key":"applicationmanageresources-display-component---newResourceUnit--TYPE-arrow"}]}
RESULT: {}
RESULT: {}
RESULT: {"script":"<script> [1562 bytes]","args":[{"selector":{"id":"application-manageresources-display-component---newResourceUnit--TYPE-arrow"},"wdio_ui5_key":"applicationmanageresources-display-component---newResourceUnit--TYPE-arrow"}]}
RESULT: undefined
COMMAND: POST /session/c560a4da8281d0ae87757c6686821c71/element - {"using":"xpath","value":"//*[@id=\"application-manageresources-display-component---newResourceUnit--TYPE-arrow\"]"}
RESULT: {"using":"xpath","value":"//*[@id=\"application-manageresources-display-component---newResourceUnit--TYPE-arrow\"]"}
COMMAND: POST /session/c560a4da8281d0ae87757c6686821c71/element/f.437C3BD069600255C914999B9931D078.d.107D2B7BA53DF0A26338934C3071A540.e.5084/click - {}
RESULT: {}
COMMAND: POST /session/c560a4da8281d0ae87757c6686821c71/element - {"using":"xpath","value":"//input[@id=\"application-manageresources-display-component---newResourceUnit--TYPE-inner\"]"}
COMMAND: GET /session/c560a4da8281d0ae87757c6686821c71/screenshot - {}
RESULT: {"using":"xpath","value":"//input[@id=\"application-manageresources-display-component---newResourceUnit--TYPE-inner\"]"}
COMMAND: POST /session/c560a4da8281d0ae87757c6686821c71/element/f.437C3BD069600255C914999B9931D078.d.107D2B7BA53DF0A26338934C3071A540.e.5078/clear - {}
RESULT: {}
RESULT: {}
COMMAND: POST /session/c560a4da8281d0ae87757c6686821c71/element/f.437C3BD069600255C914999B9931D078.d.107D2B7BA53DF0A26338934C3071A540.e.5078/value - {"text":"Material"}
COMMAND: GET /session/c560a4da8281d0ae87757c6686821c71/screenshot - {}
RESULT: {"text":"Material"}
COMMAND: GET /session/c560a4da8281d0ae87757c6686821c71/screenshot - {}
RESULT: {}
RESULT: {}
COMMAND: POST /session/c560a4da8281d0ae87757c6686821c71/actions - {"actions":[{"id":"action17","type":"key","parameters":{},"actions":[{"type":"keyDown","value":""},{"type":"pause","duration":10},{"type":"keyUp","value":""}]}]}
RESULT: {"actions":[{"id":"action17","type":"key","parameters":{},"actions":[{"type":"keyDown","value":""},{"type":"pause","duration":10},{"type":"keyUp","value":""}]}]}
COMMAND: POST /session/c560a4da8281d0ae87757c6686821c71/execute/async - {"script":"<script> [1562 bytes]","args":[{"selector":{"id":"application-manageresources-display-component---newResourceUnit--SHORT_TEXT","interaction":{"idSuffix":"inner"}},"wdio_ui5_key":"applicationmanageresources-display-component---newResourceUnit--SHORT_TEXT"}]}
COMMAND: GET /session/c560a4da8281d0ae87757c6686821c71/screenshot - {}
RESULT: undefined
RESULT: undefined
RESULT: {"script":"<script> [1562 bytes]","args":[{"selector":{"id":"application-manageresources-display-component---newResourceUnit--SHORT_TEXT","interaction":{"idSuffix":"inner"}},"wdio_ui5_key":"applicationmanageresources-display-component---newResourceUnit--SHORT_TEXT"}]}
RESULT: undefined
COMMAND: POST /session/c560a4da8281d0ae87757c6686821c71/execute/async - {"script":"<script> [776 bytes]","args":[{"enterText":"Cement WDIO","selector":{"id":"application-manageresources-display-component---newResourceUnit--SHORT_TEXT","interaction":{"idSuffix":"inner"}},"clearTextFirst":true,"interactionType":"ENTER_TEXT"}]}
RESULT: {}
RESULT: {"script":"<script> [776 bytes]","args":[{"enterText":"Cement WDIO","selector":{"id":"application-manageresources-display-component---newResourceUnit--SHORT_TEXT","interaction":{"idSuffix":"inner"}},"clearTextFirst":true,"interactionType":"ENTER_TEXT"}]}
COMMAND: POST /session/c560a4da8281d0ae87757c6686821c71/execute/async - {"script":"<script> [1562 bytes]","args":[{"selector":{"id":"application-manageresources-display-component---newResourceUnit--BASE_UNIT_OF_MEASURE","interaction":{"idSuffix":"inner"}},"wdio_ui5_key":"applicationmanageresources-display-component---newResourceUnit--BASE_UNIT_OF_MEASURE"}]}
RESULT: {"script":"<script> [1562 bytes]","args":[{"selector":{"id":"application-manageresources-display-component---newResourceUnit--BASE_UNIT_OF_MEASURE","interaction":{"idSuffix":"inner"}},"wdio_ui5_key":"applicationmanageresources-display-component---newResourceUnit--BASE_UNIT_OF_MEASURE"}]}
RESULT: undefined
COMMAND: POST /session/c560a4da8281d0ae87757c6686821c71/execute/async - {"script":"<script> [776 bytes]","args":[{"enterText":"Piece","selector":{"id":"application-manageresources-display-component---newResourceUnit--BASE_UNIT_OF_MEASURE","interaction":{"idSuffix":"inner"}},"clearTextFirst":true,"interactionType":"ENTER_TEXT"}]}
RESULT: {"script":"<script> [776 bytes]","args":[{"enterText":"Piece","selector":{"id":"application-manageresources-display-component---newResourceUnit--BASE_UNIT_OF_MEASURE","interaction":{"idSuffix":"inner"}},"clearTextFirst":true,"interactionType":"ENTER_TEXT"}]}
COMMAND: POST /session/c560a4da8281d0ae87757c6686821c71/execute/async - {"script":"<script> [1562 bytes]","args":[{"selector":{"id":"application-manageresources-display-component---newResourceUnit--WEIGHT_UNIT","interaction":{"idSuffix":"inner"}},"wdio_ui5_key":"applicationmanageresources-display-component---newResourceUnit--WEIGHT_UNIT"}]}
RESULT: {"script":"<script> [1562 bytes]","args":[{"selector":{"id":"application-manageresources-display-component---newResourceUnit--WEIGHT_UNIT","interaction":{"idSuffix":"inner"}},"wdio_ui5_key":"applicationmanageresources-display-component---newResourceUnit--WEIGHT_UNIT"}]}
RESULT: undefined
COMMAND: POST /session/c560a4da8281d0ae87757c6686821c71/execute/async - {"script":"<script> [776 bytes]","args":[{"enterText":"Gram","selector":{"id":"application-manageresources-display-component---newResourceUnit--WEIGHT_UNIT","interaction":{"idSuffix":"inner"}},"clearTextFirst":true,"interactionType":"ENTER_TEXT"}]}
RESULT: {"script":"<script> [776 bytes]","args":[{"enterText":"Gram","selector":{"id":"application-manageresources-display-component---newResourceUnit--WEIGHT_UNIT","interaction":{"idSuffix":"inner"}},"clearTextFirst":true,"interactionType":"ENTER_TEXT"}]}
COMMAND: POST /session/c560a4da8281d0ae87757c6686821c71/execute/async - {"script":"<script> [1562 bytes]","args":[{"selector":{"id":"application-manageresources-display-component---newResourceUnit--DIMENSION_UNIT","interaction":{"idSuffix":"inner"}},"wdio_ui5_key":"applicationmanageresources-display-component---newResourceUnit--DIMENSION_UNIT"}]}
RESULT: {"script":"<script> [1562 bytes]","args":[{"selector":{"id":"application-manageresources-display-component---newResourceUnit--DIMENSION_UNIT","interaction":{"idSuffix":"inner"}},"wdio_ui5_key":"applicationmanageresources-display-component---newResourceUnit--DIMENSION_UNIT"}]}
RESULT: undefined
COMMAND: POST /session/c560a4da8281d0ae87757c6686821c71/execute/async - {"script":"<script> [776 bytes]","args":[{"enterText":"Meter","selector":{"id":"application-manageresources-display-component---newResourceUnit--DIMENSION_UNIT","interaction":{"idSuffix":"inner"}},"clearTextFirst":true,"interactionType":"ENTER_TEXT"}]}
RESULT: {"script":"<script> [776 bytes]","args":[{"enterText":"Meter","selector":{"id":"application-manageresources-display-component---newResourceUnit--DIMENSION_UNIT","interaction":{"idSuffix":"inner"}},"clearTextFirst":true,"interactionType":"ENTER_TEXT"}]}
COMMAND: POST /session/c560a4da8281d0ae87757c6686821c71/execute/async - {"script":"<script> [1562 bytes]","args":[{"selector":{"id":"application-manageresources-display-component---newResourceUnit--newRRUPage-anchBar-application-manageresources-display-component---newResourceUnit--control-anchor","interaction":{"idSuffix":"BDI-content"}},"wdio_ui5_key":"applicationmanageresources-display-component---newResourceUnit--newRRUPage-anchBar-application-manageresources-display-component---newResourceUnit--control-anchor"}]}
RESULT: {"script":"<script> [1562 bytes]","args":[{"selector":{"id":"application-manageresources-display-component---newResourceUnit--newRRUPage-anchBar-application-manageresources-display-component---newResourceUnit--control-anchor","interaction":{"idSuffix":"BDI-content"}},"wdio_ui5_key":"applicationmanageresources-display-component---newResourceUnit--newRRUPage-anchBar-application-manageresources-display-component---newResourceUnit--control-anchor"}]}
RESULT: undefined
COMMAND: POST /session/c560a4da8281d0ae87757c6686821c71/element - {"using":"xpath","value":"//*[@id=\"application-manageresources-display-component---newResourceUnit--newRRUPage-anchBar-application-manageresources-display-component---newResourceUnit--control-anchor\"]"}
RESULT: {"using":"xpath","value":"//*[@id=\"application-manageresources-display-component---newResourceUnit--newRRUPage-anchBar-application-manageresources-display-component---newResourceUnit--control-anchor\"]"}
COMMAND: POST /session/c560a4da8281d0ae87757c6686821c71/element/f.437C3BD069600255C914999B9931D078.d.107D2B7BA53DF0A26338934C3071A540.e.5218/click - {}
RESULT: {}
COMMAND: POST /session/c560a4da8281d0ae87757c6686821c71/execute/async - {"script":"<script> [1562 bytes]","args":[{"selector":{"id":"application-manageresources-display-component---newResourceUnit--PLANNING_GROUP","interaction":{"idSuffix":"inner"}},"wdio_ui5_key":"applicationmanageresources-display-component---newResourceUnit--PLANNING_GROUP"}]}
COMMAND: GET /session/c560a4da8281d0ae87757c6686821c71/screenshot - {}
RESULT: {"script":"<script> [1562 bytes]","args":[{"selector":{"id":"application-manageresources-display-component---newResourceUnit--PLANNING_GROUP","interaction":{"idSuffix":"inner"}},"wdio_ui5_key":"applicationmanageresources-display-component---newResourceUnit--PLANNING_GROUP"}]}
RESULT: undefined
COMMAND: POST /session/c560a4da8281d0ae87757c6686821c71/execute/async - {"script":"<script> [776 bytes]","args":[{"enterText":"Material","selector":{"id":"application-manageresources-display-component---newResourceUnit--PLANNING_GROUP","interaction":{"idSuffix":"inner"}},"clearTextFirst":true,"interactionType":"ENTER_TEXT"}]}
RESULT: {}
RESULT: {"script":"<script> [776 bytes]","args":[{"enterText":"Material","selector":{"id":"application-manageresources-display-component---newResourceUnit--PLANNING_GROUP","interaction":{"idSuffix":"inner"}},"clearTextFirst":true,"interactionType":"ENTER_TEXT"}]}
COMMAND: POST /session/c560a4da8281d0ae87757c6686821c71/execute/async - {"script":"<script> [1562 bytes]","args":[{"selector":{"id":"application-manageresources-display-component---newResourceUnit--PLANNING_INDICATOR","interaction":{"idSuffix":"inner"}},"wdio_ui5_key":"applicationmanageresources-display-component---newResourceUnit--PLANNING_INDICATOR"}]}
RESULT: {"script":"<script> [1562 bytes]","args":[{"selector":{"id":"application-manageresources-display-component---newResourceUnit--PLANNING_INDICATOR","interaction":{"idSuffix":"inner"}},"wdio_ui5_key":"applicationmanageresources-display-component---newResourceUnit--PLANNING_INDICATOR"}]}
RESULT: undefined
COMMAND: POST /session/c560a4da8281d0ae87757c6686821c71/execute/async - {"script":"<script> [776 bytes]","args":[{"enterText":"10 - infinite","selector":{"id":"application-manageresources-display-component---newResourceUnit--PLANNING_INDICATOR","interaction":{"idSuffix":"inner"}},"clearTextFirst":true,"interactionType":"ENTER_TEXT"}]}
RESULT: {"script":"<script> [776 bytes]","args":[{"enterText":"10 - infinite","selector":{"id":"application-manageresources-display-component---newResourceUnit--PLANNING_INDICATOR","interaction":{"idSuffix":"inner"}},"clearTextFirst":true,"interactionType":"ENTER_TEXT"}]}
COMMAND: POST /session/c560a4da8281d0ae87757c6686821c71/element - {"using":"css selector","value":"#application-manageresources-display-component---newResourceUnit--btnAddTimeSegment"}
RESULT: {"using":"css selector","value":"#application-manageresources-display-component---newResourceUnit--btnAddTimeSegment"}
COMMAND: GET /session/c560a4da8281d0ae87757c6686821c71/element/f.437C3BD069600255C914999B9931D078.d.107D2B7BA53DF0A26338934C3071A540.e.5226/rect - {}
RESULT: {}
COMMAND: GET /session/c560a4da8281d0ae87757c6686821c71/window/rect - {}
RESULT: {}
COMMAND: POST /session/c560a4da8281d0ae87757c6686821c71/execute/sync - {"script":"<script> [92 bytes]","args":[]}
RESULT: {"script":"<script> [92 bytes]","args":[]}
COMMAND: POST /session/c560a4da8281d0ae87757c6686821c71/actions - {"actions":[{"id":"action18","type":"wheel","parameters":{},"actions":[{"type":"scroll","x":-1888,"y":-32,"deltaX":0,"deltaY":0,"duration":0,"origin":{"element-6066-11e4-a52e-4f735466cecf":"f.437C3BD069600255C914999B9931D078.d.107D2B7BA53DF0A26338934C3071A540.e.5226"}}]}]}
COMMAND: GET /session/c560a4da8281d0ae87757c6686821c71/screenshot - {}
RESULT: {}
COMMAND: POST /session/c560a4da8281d0ae87757c6686821c71/execute/sync - {"script":"<script> [79 bytes]","args":[{"element-6066-11e4-a52e-4f735466cecf":"f.437C3BD069600255C914999B9931D078.d.107D2B7BA53DF0A26338934C3071A540.e.5226","ELEMENT":"f.437C3BD069600255C914999B9931D078.d.107D2B7BA53DF0A26338934C3071A540.e.5226"},{"block":"start","inline":"nearest"}]}
RESULT: {"script":"<script> [79 bytes]","args":[{"element-6066-11e4-a52e-4f735466cecf":"f.437C3BD069600255C914999B9931D078.d.107D2B7BA53DF0A26338934C3071A540.e.5226","ELEMENT":"f.437C3BD069600255C914999B9931D078.d.107D2B7BA53DF0A26338934C3071A540.e.5226"},{"block":"start","inline":"nearest"}]}
COMMAND: POST /session/c560a4da8281d0ae87757c6686821c71/execute/async - {"script":"<script> [1562 bytes]","args":[{"selector":{"id":"application-manageresources-display-component---newResourceUnit--btnAddTimeSegment","interaction":{"idSuffix":"inner"}},"wdio_ui5_key":"applicationmanageresources-display-component---newResourceUnit--btnAddTimeSegment"}]}
COMMAND: GET /session/c560a4da8281d0ae87757c6686821c71/screenshot - {}
RESULT: {"script":"<script> [1562 bytes]","args":[{"selector":{"id":"application-manageresources-display-component---newResourceUnit--btnAddTimeSegment","interaction":{"idSuffix":"inner"}},"wdio_ui5_key":"applicationmanageresources-display-component---newResourceUnit--btnAddTimeSegment"}]}
RESULT: undefined
COMMAND: POST /session/c560a4da8281d0ae87757c6686821c71/element - {"using":"xpath","value":"//*[@id=\"application-manageresources-display-component---newResourceUnit--btnAddTimeSegment\"]"}
RESULT: {}
RESULT: {"using":"xpath","value":"//*[@id=\"application-manageresources-display-component---newResourceUnit--btnAddTimeSegment\"]"}
COMMAND: POST /session/c560a4da8281d0ae87757c6686821c71/element/f.437C3BD069600255C914999B9931D078.d.107D2B7BA53DF0A26338934C3071A540.e.5226/click - {}
RESULT: {}
COMMAND: GET /session/c560a4da8281d0ae87757c6686821c71/screenshot - {}
RESULT: {}
COMMAND: POST /session/c560a4da8281d0ae87757c6686821c71/element - {"using":"xpath","value":"//input[@id=\"application-manageresources-display-component---newResourceUnit--idRuTSAdmin-application-manageresources-display-component---newResourceUnit--RUTimeSegment-0-inner\"]"}
RESULT: {"using":"xpath","value":"//input[@id=\"application-manageresources-display-component---newResourceUnit--idRuTSAdmin-application-manageresources-display-component---newResourceUnit--RUTimeSegment-0-inner\"]"}
COMMAND: POST /session/c560a4da8281d0ae87757c6686821c71/element/f.437C3BD069600255C914999B9931D078.d.107D2B7BA53DF0A26338934C3071A540.e.5231/clear - {}
RESULT: {}
COMMAND: POST /session/c560a4da8281d0ae87757c6686821c71/element/f.437C3BD069600255C914999B9931D078.d.107D2B7BA53DF0A26338934C3071A540.e.5231/value - {"text":"263"}
COMMAND: GET /session/c560a4da8281d0ae87757c6686821c71/screenshot - {}
RESULT: {"text":"263"}
COMMAND: GET /session/c560a4da8281d0ae87757c6686821c71/screenshot - {}
RESULT: {}
RESULT: {}
COMMAND: POST /session/c560a4da8281d0ae87757c6686821c71/element - {"using":"xpath","value":"//li[.//span[text()='263']]"}
RESULT: {"using":"xpath","value":"//li[.//span[text()='263']]"}
COMMAND: POST /session/c560a4da8281d0ae87757c6686821c71/element/f.437C3BD069600255C914999B9931D078.d.107D2B7BA53DF0A26338934C3071A540.e.5240/click - {}
RESULT: {}
COMMAND: GET /session/c560a4da8281d0ae87757c6686821c71/screenshot - {}
RESULT: {}
COMMAND: POST /session/c560a4da8281d0ae87757c6686821c71/element - {"using":"xpath","value":"(//span[contains(@id, \"-application-manageresources-display-component---newResourceUnit--RUTimeSegment-0-arrow\")])[2]"}
RESULT: {"using":"xpath","value":"(//span[contains(@id, \"-application-manageresources-display-component---newResourceUnit--RUTimeSegment-0-arrow\")])[2]"}
COMMAND: POST /session/c560a4da8281d0ae87757c6686821c71/element/f.437C3BD069600255C914999B9931D078.d.107D2B7BA53DF0A26338934C3071A540.e.5241/click - {}
RESULT: {}
COMMAND: POST /session/c560a4da8281d0ae87757c6686821c71/element - {"using":"xpath","value":"//span[contains(text(), \"PM Order\")]"}
COMMAND: GET /session/c560a4da8281d0ae87757c6686821c71/screenshot - {}
RESULT: {"using":"xpath","value":"//span[contains(text(), \"PM Order\")]"}
COMMAND: POST /session/c560a4da8281d0ae87757c6686821c71/element/f.437C3BD069600255C914999B9931D078.d.107D2B7BA53DF0A26338934C3071A540.e.5242/click - {}
RESULT: {}
RESULT: {}
COMMAND: GET /session/c560a4da8281d0ae87757c6686821c71/screenshot - {}
RESULT: {}
COMMAND: POST /session/c560a4da8281d0ae87757c6686821c71/element - {"using":"xpath","value":"//td/div/div/div/span[contains(@id, \"newResourceUnit--RUTimeSegment-0-vhi\")][1]"}
RESULT: {"using":"xpath","value":"//td/div/div/div/span[contains(@id, \"newResourceUnit--RUTimeSegment-0-vhi\")][1]"}
COMMAND: GET /session/c560a4da8281d0ae87757c6686821c71/element/f.437C3BD069600255C914999B9931D078.d.107D2B7BA53DF0A26338934C3071A540.e.5246/rect - {}
RESULT: {}
COMMAND: GET /session/c560a4da8281d0ae87757c6686821c71/window/rect - {}
RESULT: {}
COMMAND: POST /session/c560a4da8281d0ae87757c6686821c71/execute/sync - {"script":"<script> [92 bytes]","args":[]}
RESULT: {"script":"<script> [92 bytes]","args":[]}
COMMAND: POST /session/c560a4da8281d0ae87757c6686821c71/actions - {"actions":[{"id":"action19","type":"wheel","parameters":{},"actions":[{"type":"scroll","x":-1888,"y":-24,"deltaX":0,"deltaY":0,"duration":0,"origin":{"element-6066-11e4-a52e-4f735466cecf":"f.437C3BD069600255C914999B9931D078.d.107D2B7BA53DF0A26338934C3071A540.e.5246"}}]}]}
COMMAND: GET /session/c560a4da8281d0ae87757c6686821c71/screenshot - {}
RESULT: {}
COMMAND: POST /session/c560a4da8281d0ae87757c6686821c71/execute/sync - {"script":"<script> [79 bytes]","args":[{"element-6066-11e4-a52e-4f735466cecf":"f.437C3BD069600255C914999B9931D078.d.107D2B7BA53DF0A26338934C3071A540.e.5246","ELEMENT":"f.437C3BD069600255C914999B9931D078.d.107D2B7BA53DF0A26338934C3071A540.e.5246"},{"block":"start","inline":"nearest"}]}
RESULT: {"script":"<script> [79 bytes]","args":[{"element-6066-11e4-a52e-4f735466cecf":"f.437C3BD069600255C914999B9931D078.d.107D2B7BA53DF0A26338934C3071A540.e.5246","ELEMENT":"f.437C3BD069600255C914999B9931D078.d.107D2B7BA53DF0A26338934C3071A540.e.5246"},{"block":"start","inline":"nearest"}]}
COMMAND: GET /session/c560a4da8281d0ae87757c6686821c71/screenshot - {}
RESULT: {}
COMMAND: POST /session/c560a4da8281d0ae87757c6686821c71/element/f.437C3BD069600255C914999B9931D078.d.107D2B7BA53DF0A26338934C3071A540.e.5246/click - {}
RESULT: {}
COMMAND: GET /session/c560a4da8281d0ae87757c6686821c71/screenshot - {}
RESULT: {}
COMMAND: POST /session/c560a4da8281d0ae87757c6686821c71/execute/async - {"script":"<script> [1562 bytes]","args":[{"selector":{"controlType":"sap.m.SearchField","properties":{"placeholder":"Search"},"searchOpenDialogs":true,"interaction":{"idSuffix":"I"}},"wdio_ui5_key":"sapm.SearchField{\"placeholder\":\"Search\"}"}]}
RESULT: {"script":"<script> [1562 bytes]","args":[{"selector":{"controlType":"sap.m.SearchField","properties":{"placeholder":"Search"},"searchOpenDialogs":true,"interaction":{"idSuffix":"I"}},"wdio_ui5_key":"sapm.SearchField{\"placeholder\":\"Search\"}"}]}
RESULT: undefined
COMMAND: POST /session/c560a4da8281d0ae87757c6686821c71/execute/async - {"script":"<script> [776 bytes]","args":[{"enterText":"4000360","selector":{"controlType":"sap.m.SearchField","properties":{"placeholder":"Search"},"searchOpenDialogs":true,"interaction":{"idSuffix":"I"}},"clearTextFirst":true,"interactionType":"ENTER_TEXT"}]}
RESULT: {"script":"<script> [776 bytes]","args":[{"enterText":"4000360","selector":{"controlType":"sap.m.SearchField","properties":{"placeholder":"Search"},"searchOpenDialogs":true,"interaction":{"idSuffix":"I"}},"clearTextFirst":true,"interactionType":"ENTER_TEXT"}]}
COMMAND: POST /session/c560a4da8281d0ae87757c6686821c71/actions - {"actions":[{"id":"action20","type":"key","parameters":{},"actions":[{"type":"keyDown","value":""},{"type":"pause","duration":10},{"type":"keyUp","value":""}]}]}
RESULT: {"actions":[{"id":"action20","type":"key","parameters":{},"actions":[{"type":"keyDown","value":""},{"type":"pause","duration":10},{"type":"keyUp","value":""}]}]}
COMMAND: GET /session/c560a4da8281d0ae87757c6686821c71/screenshot - {}
RESULT: {}
COMMAND: POST /session/c560a4da8281d0ae87757c6686821c71/element - {"using":"xpath","value":"//td/div/span[contains(text(), \"BGL Vehicles\")]"}
RESULT: {"using":"xpath","value":"//td/div/span[contains(text(), \"BGL Vehicles\")]"}
COMMAND: POST /session/c560a4da8281d0ae87757c6686821c71/element/f.437C3BD069600255C914999B9931D078.d.107D2B7BA53DF0A26338934C3071A540.e.5268/click - {}
RESULT: {}
COMMAND: GET /session/c560a4da8281d0ae87757c6686821c71/screenshot - {}
RESULT: {}
COMMAND: POST /session/c560a4da8281d0ae87757c6686821c71/element - {"using":"xpath","value":"//bdi[contains(text(), \"OK\")]"}
RESULT: {"using":"xpath","value":"//bdi[contains(text(), \"OK\")]"}
COMMAND: POST /session/c560a4da8281d0ae87757c6686821c71/element/f.437C3BD069600255C914999B9931D078.d.107D2B7BA53DF0A26338934C3071A540.e.5269/click - {}
RESULT: {}
COMMAND: GET /session/c560a4da8281d0ae87757c6686821c71/screenshot - {}
RESULT: {}
COMMAND: POST /session/c560a4da8281d0ae87757c6686821c71/element - {"using":"xpath","value":"//label[contains(@class, 'sapMLabelRequired') and .//bdi[contains(text(), 'Planned Retirement')]]"}
RESULT: {"using":"xpath","value":"//label[contains(@class, 'sapMLabelRequired') and .//bdi[contains(text(), 'Planned Retirement')]]"}
COMMAND: POST /session/c560a4da8281d0ae87757c6686821c71/elements - {"using":"xpath","value":"//label[contains(@class, 'sapMLabelRequired') and .//bdi[contains(text(), 'Planned Retirement')]]"}
RESULT: {"using":"xpath","value":"//label[contains(@class, 'sapMLabelRequired') and .//bdi[contains(text(), 'Planned Retirement')]]"}
COMMAND: POST /session/c560a4da8281d0ae87757c6686821c71/element - {"using":"xpath","value":"//button[@data-kt=\"resourceUnitSaveButton\"]"}
RESULT: {"using":"xpath","value":"//button[@data-kt=\"resourceUnitSaveButton\"]"}
COMMAND: POST /session/c560a4da8281d0ae87757c6686821c71/element/f.437C3BD069600255C914999B9931D078.d.107D2B7BA53DF0A26338934C3071A540.e.5102/click - {}
RESULT: {}
COMMAND: GET /session/c560a4da8281d0ae87757c6686821c71/screenshot - {}
RESULT: {}
COMMAND: POST /session/c560a4da8281d0ae87757c6686821c71/element - {"using":"xpath","value":"//bdi[contains(text(), \"Close\")]"}
RESULT: {"using":"xpath","value":"//bdi[contains(text(), \"Close\")]"}
COMMAND: POST /session/c560a4da8281d0ae87757c6686821c71/element/f.437C3BD069600255C914999B9931D078.d.107D2B7BA53DF0A26338934C3071A540.e.5276/click - {}
RESULT: {}
COMMAND: GET /session/c560a4da8281d0ae87757c6686821c71/screenshot - {}
RESULT: {}
COMMAND: POST /session/c560a4da8281d0ae87757c6686821c71/element - {"using":"xpath","value":"//header[contains(@id, 'detailRruPage-headerTitle')]/div[1]/div[2]/div[2]/span[1]"}
RESULT: {"using":"xpath","value":"//header[contains(@id, 'detailRruPage-headerTitle')]/div[1]/div[2]/div[2]/span[1]"}
COMMAND: POST /session/c560a4da8281d0ae87757c6686821c71/elements - {"using":"xpath","value":"//header[contains(@id, 'detailRruPage-headerTitle')]/div[1]/div[2]/div[2]/span[1]"}
RESULT: {"using":"xpath","value":"//header[contains(@id, 'detailRruPage-headerTitle')]/div[1]/div[2]/div[2]/span[1]"}
COMMAND: POST /session/c560a4da8281d0ae87757c6686821c71/execute/sync - {"script":"<script> [56 bytes]","args":[{"element-6066-11e4-a52e-4f735466cecf":"f.437C3BD069600255C914999B9931D078.d.107D2B7BA53DF0A26338934C3071A540.e.5309","ELEMENT":"f.437C3BD069600255C914999B9931D078.d.107D2B7BA53DF0A26338934C3071A540.e.5309"}]}
RESULT: {"script":"<script> [56 bytes]","args":[{"element-6066-11e4-a52e-4f735466cecf":"f.437C3BD069600255C914999B9931D078.d.107D2B7BA53DF0A26338934C3071A540.e.5309","ELEMENT":"f.437C3BD069600255C914999B9931D078.d.107D2B7BA53DF0A26338934C3071A540.e.5309"}]}
COMMAND: POST /session/c560a4da8281d0ae87757c6686821c71/element - {"using":"css selector","value":"#shell-header-logo"}
COMMAND: GET /session/c560a4da8281d0ae87757c6686821c71/screenshot - {}
RESULT: {"using":"css selector","value":"#shell-header-logo"}
COMMAND: POST /session/c560a4da8281d0ae87757c6686821c71/element/f.437C3BD069600255C914999B9931D078.d.107D2B7BA53DF0A26338934C3071A540.e.4573/click - {}
RESULT: {}
RESULT: {}
COMMAND: GET /session/c560a4da8281d0ae87757c6686821c71/screenshot - {}
RESULT: {}
]]></system-out>
    </testcase>
    <testcase classname="chrome.137_0_7151_69.windows.Provide_to_Site_w/_warehouse_management_w/_clarification_US115878" name="Bin Status Report Should Create New Organization yard" time="0.003"/>
    <testcase classname="chrome.137_0_7151_69.windows.Provide_to_Site_w/_warehouse_management_w/_clarification_US115878" name="Bin Status Report Should Create New Organization for Site" time="0.004"/>
  </testsuite>
  <testsuite timestamp="2025-06-14T16:32:35" time="465.728" tests="6" failures="0" errors="0" skipped="0">
    <properties>
      <property name="specId" value="0"/>
      <property name="suiteName" value="Provide to Site w/ warehouse management w clarification"/>
      <property name="capabilities" value="chrome.137_0_7151_69.windows"/>
      <property name="file" value="file:///D:/a/1/s/test/specs/HTR/provide-to-site-w-warehouse-w-clarification.spec.js"/>
    </properties>
    <testcase classname="chrome.137_0_7151_69.windows.Provide_to_Site_w/_warehouse_management_w_clarification" name="Should do a stock increase handover" time="91.668">
      <system-out><![CDATA[
COMMAND: POST /session/c560a4da8281d0ae87757c6686821c71/execute/async - {"script":"<script> [1562 bytes]","args":[{"selector":{"controlType":"sap.m.GenericTile","properties":{"header":"Manage Handovers"}},"wdio_ui5_key":"sapm.GenericTile{\"header\":\"Manage Handovers\"}"}]}
RESULT: {"script":"<script> [1562 bytes]","args":[{"selector":{"controlType":"sap.m.GenericTile","properties":{"header":"Manage Handovers"}},"wdio_ui5_key":"sapm.GenericTile{\"header\":\"Manage Handovers\"}"}]}
RESULT: undefined
COMMAND: POST /session/c560a4da8281d0ae87757c6686821c71/element - {"using":"xpath","value":"//*[@id=\"__tile134\"]"}
RESULT: {"using":"xpath","value":"//*[@id=\"__tile134\"]"}
COMMAND: POST /session/c560a4da8281d0ae87757c6686821c71/element/f.437C3BD069600255C914999B9931D078.d.107D2B7BA53DF0A26338934C3071A540.e.4621/click - {}
RESULT: {}
COMMAND: GET /session/c560a4da8281d0ae87757c6686821c71/screenshot - {}
RESULT: {}
COMMAND: POST /session/c560a4da8281d0ae87757c6686821c71/elements - {"using":"xpath","value":"//span[text()='Error']"}
RESULT: {"using":"xpath","value":"//span[text()='Error']"}
COMMAND: POST /session/c560a4da8281d0ae87757c6686821c71/element - {"using":"xpath","value":"//button[@data-kt=\"masterHOAddButton\"]"}
RESULT: {"using":"xpath","value":"//button[@data-kt=\"masterHOAddButton\"]"}
COMMAND: POST /session/c560a4da8281d0ae87757c6686821c71/elements - {"using":"xpath","value":"//button[@data-kt=\"masterHOAddButton\"]"}
RESULT: {"using":"xpath","value":"//button[@data-kt=\"masterHOAddButton\"]"}
COMMAND: POST /session/c560a4da8281d0ae87757c6686821c71/execute/sync - {"script":"<script> [8489 bytes]","args":[{"element-6066-11e4-a52e-4f735466cecf":"f.437C3BD069600255C914999B9931D078.d.107D2B7BA53DF0A26338934C3071A540.e.5349","ELEMENT":"f.437C3BD069600255C914999B9931D078.d.107D2B7BA53DF0A26338934C3071A540.e.5349"}]}
RESULT: {"script":"<script> [8489 bytes]","args":[{"element-6066-11e4-a52e-4f735466cecf":"f.437C3BD069600255C914999B9931D078.d.107D2B7BA53DF0A26338934C3071A540.e.5349","ELEMENT":"f.437C3BD069600255C914999B9931D078.d.107D2B7BA53DF0A26338934C3071A540.e.5349"}]}
COMMAND: GET /session/c560a4da8281d0ae87757c6686821c71/element/f.437C3BD069600255C914999B9931D078.d.107D2B7BA53DF0A26338934C3071A540.e.5349/enabled - {}
COMMAND: GET /session/c560a4da8281d0ae87757c6686821c71/screenshot - {}
RESULT: {}
COMMAND: POST /session/c560a4da8281d0ae87757c6686821c71/execute/sync - {"script":"<script> [8489 bytes]","args":[{"element-6066-11e4-a52e-4f735466cecf":"f.437C3BD069600255C914999B9931D078.d.107D2B7BA53DF0A26338934C3071A540.e.5349","ELEMENT":"f.437C3BD069600255C914999B9931D078.d.107D2B7BA53DF0A26338934C3071A540.e.5349"}]}
COMMAND: GET /session/c560a4da8281d0ae87757c6686821c71/screenshot - {}
RESULT: {}
RESULT: {"script":"<script> [8489 bytes]","args":[{"element-6066-11e4-a52e-4f735466cecf":"f.437C3BD069600255C914999B9931D078.d.107D2B7BA53DF0A26338934C3071A540.e.5349","ELEMENT":"f.437C3BD069600255C914999B9931D078.d.107D2B7BA53DF0A26338934C3071A540.e.5349"}]}
COMMAND: POST /session/c560a4da8281d0ae87757c6686821c71/execute/sync - {"script":"<script> [5351 bytes]","args":[{"element-6066-11e4-a52e-4f735466cecf":"f.437C3BD069600255C914999B9931D078.d.107D2B7BA53DF0A26338934C3071A540.e.5349","ELEMENT":"f.437C3BD069600255C914999B9931D078.d.107D2B7BA53DF0A26338934C3071A540.e.5349"}]}
COMMAND: GET /session/c560a4da8281d0ae87757c6686821c71/screenshot - {}
RESULT: {}
RESULT: {"script":"<script> [5351 bytes]","args":[{"element-6066-11e4-a52e-4f735466cecf":"f.437C3BD069600255C914999B9931D078.d.107D2B7BA53DF0A26338934C3071A540.e.5349","ELEMENT":"f.437C3BD069600255C914999B9931D078.d.107D2B7BA53DF0A26338934C3071A540.e.5349"}]}
COMMAND: POST /session/c560a4da8281d0ae87757c6686821c71/element/f.437C3BD069600255C914999B9931D078.d.107D2B7BA53DF0A26338934C3071A540.e.5349/click - {}
COMMAND: GET /session/c560a4da8281d0ae87757c6686821c71/screenshot - {}
RESULT: {}
RESULT: {}
COMMAND: GET /session/c560a4da8281d0ae87757c6686821c71/screenshot - {}
COMMAND: POST /session/c560a4da8281d0ae87757c6686821c71/element - {"using":"xpath","value":"//span[contains(@id ,\"AddNewHO--typeSelect-arrow\")]"}
RESULT: {}
RESULT: {}
RESULT: {"using":"xpath","value":"//span[contains(@id ,\"AddNewHO--typeSelect-arrow\")]"}
COMMAND: POST /session/c560a4da8281d0ae87757c6686821c71/element/f.437C3BD069600255C914999B9931D078.d.107D2B7BA53DF0A26338934C3071A540.e.5690/click - {}
RESULT: {}
COMMAND: GET /session/c560a4da8281d0ae87757c6686821c71/screenshot - {}
RESULT: {}
COMMAND: POST /session/c560a4da8281d0ae87757c6686821c71/element - {"using":"xpath","value":"(//li[contains(text(), \"stock increase yard\")])[1]"}
RESULT: {"using":"xpath","value":"(//li[contains(text(), \"stock increase yard\")])[1]"}
COMMAND: POST /session/c560a4da8281d0ae87757c6686821c71/element/f.437C3BD069600255C914999B9931D078.d.107D2B7BA53DF0A26338934C3071A540.e.5691/click - {}
RESULT: {}
COMMAND: GET /session/c560a4da8281d0ae87757c6686821c71/screenshot - {}
RESULT: {}
COMMAND: POST /session/c560a4da8281d0ae87757c6686821c71/execute/async - {"script":"<script> [1562 bytes]","args":[{"selector":{"id":"application-managehandovers-display-component---AddNewHO--dueDate","interaction":{"idSuffix":"inner"}},"wdio_ui5_key":"applicationmanagehandovers-display-component---AddNewHO--dueDate"}]}
RESULT: {"script":"<script> [1562 bytes]","args":[{"selector":{"id":"application-managehandovers-display-component---AddNewHO--dueDate","interaction":{"idSuffix":"inner"}},"wdio_ui5_key":"applicationmanagehandovers-display-component---AddNewHO--dueDate"}]}
RESULT: undefined
COMMAND: POST /session/c560a4da8281d0ae87757c6686821c71/execute/async - {"script":"<script> [6424 bytes]","args":[{"element-6066-11e4-a52e-4f735466cecf":"f.437C3BD069600255C914999B9931D078.d.107D2B7BA53DF0A26338934C3071A540.e.5693"},"setValue",["6/14/25"]]}
RESULT: {"script":"<script> [6424 bytes]","args":[{"element-6066-11e4-a52e-4f735466cecf":"f.437C3BD069600255C914999B9931D078.d.107D2B7BA53DF0A26338934C3071A540.e.5693"},"setValue",["6/14/25"]]}
COMMAND: POST /session/c560a4da8281d0ae87757c6686821c71/element - {"using":"xpath","value":"//input[@id=\"generalSectionFrg--receiveYard-inner\"]"}
RESULT: {"using":"xpath","value":"//input[@id=\"generalSectionFrg--receiveYard-inner\"]"}
COMMAND: POST /session/c560a4da8281d0ae87757c6686821c71/element/f.437C3BD069600255C914999B9931D078.d.107D2B7BA53DF0A26338934C3071A540.e.5699/clear - {}
RESULT: {}
COMMAND: POST /session/c560a4da8281d0ae87757c6686821c71/element/f.437C3BD069600255C914999B9931D078.d.107D2B7BA53DF0A26338934C3071A540.e.5699/value - {"text":"263"}
COMMAND: GET /session/c560a4da8281d0ae87757c6686821c71/screenshot - {}
RESULT: {"text":"263"}
COMMAND: GET /session/c560a4da8281d0ae87757c6686821c71/screenshot - {}
RESULT: {}
RESULT: {}
COMMAND: POST /session/c560a4da8281d0ae87757c6686821c71/element - {"using":"xpath","value":"//li[.//span[contains(normalize-space(.), '263 -')]]"}
RESULT: {"using":"xpath","value":"//li[.//span[contains(normalize-space(.), '263 -')]]"}
COMMAND: POST /session/c560a4da8281d0ae87757c6686821c71/element/f.437C3BD069600255C914999B9931D078.d.107D2B7BA53DF0A26338934C3071A540.e.5717/click - {}
RESULT: {}
COMMAND: GET /session/c560a4da8281d0ae87757c6686821c71/screenshot - {}
RESULT: {}
COMMAND: POST /session/c560a4da8281d0ae87757c6686821c71/execute/async - {"script":"<script> [1562 bytes]","args":[{"selector":{"id":"application-managehandovers-display-component---AddNewHO--ObjectPageLayout-anchBar-application-managehandovers-display-component---AddNewHO--section4-anchor","interaction":{"idSuffix":"BDI-content"}},"wdio_ui5_key":"applicationmanagehandovers-display-component---AddNewHO--ObjectPageLayout-anchBar-application-managehandovers-display-component---AddNewHO--section4-anchor"}]}
RESULT: {"script":"<script> [1562 bytes]","args":[{"selector":{"id":"application-managehandovers-display-component---AddNewHO--ObjectPageLayout-anchBar-application-managehandovers-display-component---AddNewHO--section4-anchor","interaction":{"idSuffix":"BDI-content"}},"wdio_ui5_key":"applicationmanagehandovers-display-component---AddNewHO--ObjectPageLayout-anchBar-application-managehandovers-display-component---AddNewHO--section4-anchor"}]}
RESULT: undefined
COMMAND: POST /session/c560a4da8281d0ae87757c6686821c71/element - {"using":"xpath","value":"//*[@id=\"application-managehandovers-display-component---AddNewHO--ObjectPageLayout-anchBar-application-managehandovers-display-component---AddNewHO--section4-anchor\"]"}
RESULT: {"using":"xpath","value":"//*[@id=\"application-managehandovers-display-component---AddNewHO--ObjectPageLayout-anchBar-application-managehandovers-display-component---AddNewHO--section4-anchor\"]"}
COMMAND: POST /session/c560a4da8281d0ae87757c6686821c71/element/f.437C3BD069600255C914999B9931D078.d.107D2B7BA53DF0A26338934C3071A540.e.5719/click - {}
RESULT: {}
COMMAND: GET /session/c560a4da8281d0ae87757c6686821c71/screenshot - {}
RESULT: {}
COMMAND: POST /session/c560a4da8281d0ae87757c6686821c71/element - {"using":"xpath","value":"//button[@aria-label=\"Add\"]"}
RESULT: {"using":"xpath","value":"//button[@aria-label=\"Add\"]"}
COMMAND: POST /session/c560a4da8281d0ae87757c6686821c71/element/f.437C3BD069600255C914999B9931D078.d.107D2B7BA53DF0A26338934C3071A540.e.5725/click - {}
RESULT: {}
COMMAND: GET /session/c560a4da8281d0ae87757c6686821c71/screenshot - {}
RESULT: {}
COMMAND: POST /session/c560a4da8281d0ae87757c6686821c71/execute/async - {"script":"<script> [1562 bytes]","args":[{"selector":{"id":"application-managehandovers-display-component---AddNewHO--smartFilterBar-btnBasicSearch","searchOpenDialogs":true,"interaction":{"idSuffix":"I"}},"wdio_ui5_key":"applicationmanagehandovers-display-component---AddNewHO--smartFilterBar-btnBasicSearch"}]}
RESULT: {"script":"<script> [1562 bytes]","args":[{"selector":{"id":"application-managehandovers-display-component---AddNewHO--smartFilterBar-btnBasicSearch","searchOpenDialogs":true,"interaction":{"idSuffix":"I"}},"wdio_ui5_key":"applicationmanagehandovers-display-component---AddNewHO--smartFilterBar-btnBasicSearch"}]}
RESULT: undefined
COMMAND: POST /session/c560a4da8281d0ae87757c6686821c71/execute/async - {"script":"<script> [776 bytes]","args":[{"enterText":"200133","selector":{"id":"application-managehandovers-display-component---AddNewHO--smartFilterBar-btnBasicSearch","searchOpenDialogs":true,"interaction":{"idSuffix":"I"}},"clearTextFirst":true,"interactionType":"ENTER_TEXT"}]}
RESULT: {"script":"<script> [776 bytes]","args":[{"enterText":"200133","selector":{"id":"application-managehandovers-display-component---AddNewHO--smartFilterBar-btnBasicSearch","searchOpenDialogs":true,"interaction":{"idSuffix":"I"}},"clearTextFirst":true,"interactionType":"ENTER_TEXT"}]}
COMMAND: POST /session/c560a4da8281d0ae87757c6686821c71/actions - {"actions":[{"id":"action21","type":"key","parameters":{},"actions":[{"type":"keyDown","value":""},{"type":"pause","duration":10},{"type":"keyUp","value":""}]}]}
RESULT: {"actions":[{"id":"action21","type":"key","parameters":{},"actions":[{"type":"keyDown","value":""},{"type":"pause","duration":10},{"type":"keyUp","value":""}]}]}
COMMAND: GET /session/c560a4da8281d0ae87757c6686821c71/screenshot - {}
RESULT: {}
COMMAND: POST /session/c560a4da8281d0ae87757c6686821c71/execute/async - {"script":"<script> [1562 bytes]","args":[{"selector":{"id":"application-managehandovers-display-component---AddNewHO--popup-sa","searchOpenDialogs":true,"interaction":{"idSuffix":"CbBg"}},"wdio_ui5_key":"applicationmanagehandovers-display-component---AddNewHO--popup-sa"}]}
RESULT: {"script":"<script> [1562 bytes]","args":[{"selector":{"id":"application-managehandovers-display-component---AddNewHO--popup-sa","searchOpenDialogs":true,"interaction":{"idSuffix":"CbBg"}},"wdio_ui5_key":"applicationmanagehandovers-display-component---AddNewHO--popup-sa"}]}
RESULT: undefined
COMMAND: POST /session/c560a4da8281d0ae87757c6686821c71/element - {"using":"xpath","value":"//*[@id=\"application-managehandovers-display-component---AddNewHO--popup-sa\"]"}
RESULT: {"using":"xpath","value":"//*[@id=\"application-managehandovers-display-component---AddNewHO--popup-sa\"]"}
COMMAND: POST /session/c560a4da8281d0ae87757c6686821c71/element/f.437C3BD069600255C914999B9931D078.d.107D2B7BA53DF0A26338934C3071A540.e.5877/click - {}
RESULT: {}
COMMAND: GET /session/c560a4da8281d0ae87757c6686821c71/screenshot - {}
RESULT: {}
COMMAND: POST /session/c560a4da8281d0ae87757c6686821c71/element - {"using":"xpath","value":"//bdi[contains(text(), \"Select\")]"}
RESULT: {"using":"xpath","value":"//bdi[contains(text(), \"Select\")]"}
COMMAND: POST /session/c560a4da8281d0ae87757c6686821c71/element/f.437C3BD069600255C914999B9931D078.d.107D2B7BA53DF0A26338934C3071A540.e.5878/click - {}
RESULT: {}
COMMAND: GET /session/c560a4da8281d0ae87757c6686821c71/screenshot - {}
RESULT: {}
COMMAND: POST /session/c560a4da8281d0ae87757c6686821c71/element - {"using":"xpath","value":"//button[@data-kt=\"AddNewHOSaveButton\"]"}
RESULT: {"using":"xpath","value":"//button[@data-kt=\"AddNewHOSaveButton\"]"}
COMMAND: POST /session/c560a4da8281d0ae87757c6686821c71/element/f.437C3BD069600255C914999B9931D078.d.107D2B7BA53DF0A26338934C3071A540.e.5882/click - {}
RESULT: {}
COMMAND: GET /session/c560a4da8281d0ae87757c6686821c71/screenshot - {}
COMMAND: POST /session/c560a4da8281d0ae87757c6686821c71/execute/async - {"script":"<script> [1562 bytes]","args":[{"selector":{"id":"receiptDatePicker","viewName":"etm.portal.ui.managehandovers.view.DetailExecuteHO","interaction":{"idSuffix":"inner"}},"wdio_ui5_key":"receiptDatePickeretmportal.ui.managehandovers.view.DetailExecuteHO"}]}
RESULT: {}
RESULT: {"script":"<script> [1562 bytes]","args":[{"selector":{"id":"receiptDatePicker","viewName":"etm.portal.ui.managehandovers.view.DetailExecuteHO","interaction":{"idSuffix":"inner"}},"wdio_ui5_key":"receiptDatePickeretmportal.ui.managehandovers.view.DetailExecuteHO"}]}
RESULT: undefined
COMMAND: POST /session/c560a4da8281d0ae87757c6686821c71/execute/async - {"script":"<script> [6424 bytes]","args":[{"element-6066-11e4-a52e-4f735466cecf":"f.437C3BD069600255C914999B9931D078.d.107D2B7BA53DF0A26338934C3071A540.e.5911"},"setValue",["6/14/25"]]}
RESULT: {"script":"<script> [6424 bytes]","args":[{"element-6066-11e4-a52e-4f735466cecf":"f.437C3BD069600255C914999B9931D078.d.107D2B7BA53DF0A26338934C3071A540.e.5911"},"setValue",["6/14/25"]]}
COMMAND: POST /session/c560a4da8281d0ae87757c6686821c71/element - {"using":"xpath","value":"//button[@data-kt=\"ReceivingTableConfirmAllButton\"]"}
RESULT: {"using":"xpath","value":"//button[@data-kt=\"ReceivingTableConfirmAllButton\"]"}
COMMAND: POST /session/c560a4da8281d0ae87757c6686821c71/element/f.437C3BD069600255C914999B9931D078.d.107D2B7BA53DF0A26338934C3071A540.e.5927/click - {}
RESULT: {}
COMMAND: GET /session/c560a4da8281d0ae87757c6686821c71/screenshot - {}
RESULT: {}
COMMAND: POST /session/c560a4da8281d0ae87757c6686821c71/element - {"using":"xpath","value":"//bdi[contains(text(), \"OK\")]"}
RESULT: {"using":"xpath","value":"//bdi[contains(text(), \"OK\")]"}
COMMAND: POST /session/c560a4da8281d0ae87757c6686821c71/element/f.437C3BD069600255C914999B9931D078.d.107D2B7BA53DF0A26338934C3071A540.e.5929/click - {}
RESULT: {}
COMMAND: GET /session/c560a4da8281d0ae87757c6686821c71/screenshot - {}
RESULT: {}
COMMAND: POST /session/c560a4da8281d0ae87757c6686821c71/element - {"using":"xpath","value":"(//bdi[contains(text(), \"Receive\")])[2]"}
RESULT: {"using":"xpath","value":"(//bdi[contains(text(), \"Receive\")])[2]"}
COMMAND: POST /session/c560a4da8281d0ae87757c6686821c71/element/f.437C3BD069600255C914999B9931D078.d.107D2B7BA53DF0A26338934C3071A540.e.5931/click - {}
RESULT: {}
COMMAND: GET /session/c560a4da8281d0ae87757c6686821c71/screenshot - {}
RESULT: {}
COMMAND: POST /session/c560a4da8281d0ae87757c6686821c71/element - {"using":"css selector","value":"#shell-header-logo"}
RESULT: {"using":"css selector","value":"#shell-header-logo"}
COMMAND: POST /session/c560a4da8281d0ae87757c6686821c71/element/f.437C3BD069600255C914999B9931D078.d.107D2B7BA53DF0A26338934C3071A540.e.5314/click - {}
RESULT: {}
COMMAND: GET /session/c560a4da8281d0ae87757c6686821c71/screenshot - {}
RESULT: {}
]]></system-out>
    </testcase>
    <testcase classname="chrome.137_0_7151_69.windows.Provide_to_Site_w/_warehouse_management_w_clarification" name="Should create a new contract" time="60.878">
      <system-out><![CDATA[
COMMAND: POST /session/c560a4da8281d0ae87757c6686821c71/execute/async - {"script":"<script> [1562 bytes]","args":[{"selector":{"controlType":"sap.m.GenericTile","properties":{"header":"Manage Contracts"}},"wdio_ui5_key":"sapm.GenericTile{\"header\":\"Manage Contracts\"}"}]}
RESULT: {"script":"<script> [1562 bytes]","args":[{"selector":{"controlType":"sap.m.GenericTile","properties":{"header":"Manage Contracts"}},"wdio_ui5_key":"sapm.GenericTile{\"header\":\"Manage Contracts\"}"}]}
RESULT: undefined
COMMAND: POST /session/c560a4da8281d0ae87757c6686821c71/element - {"using":"xpath","value":"//*[@id=\"__tile132\"]"}
RESULT: {"using":"xpath","value":"//*[@id=\"__tile132\"]"}
COMMAND: POST /session/c560a4da8281d0ae87757c6686821c71/element/f.437C3BD069600255C914999B9931D078.d.107D2B7BA53DF0A26338934C3071A540.e.4610/click - {}
RESULT: {}
COMMAND: GET /session/c560a4da8281d0ae87757c6686821c71/screenshot - {}
RESULT: {}
COMMAND: POST /session/c560a4da8281d0ae87757c6686821c71/elements - {"using":"xpath","value":"//span[text()='Error']"}
RESULT: {"using":"xpath","value":"//span[text()='Error']"}
COMMAND: POST /session/c560a4da8281d0ae87757c6686821c71/element - {"using":"xpath","value":"//button[@data-kt=\"addButton\"]"}
RESULT: {"using":"xpath","value":"//button[@data-kt=\"addButton\"]"}
COMMAND: POST /session/c560a4da8281d0ae87757c6686821c71/elements - {"using":"xpath","value":"//button[@data-kt=\"addButton\"]"}
RESULT: {"using":"xpath","value":"//button[@data-kt=\"addButton\"]"}
COMMAND: POST /session/c560a4da8281d0ae87757c6686821c71/execute/sync - {"script":"<script> [8489 bytes]","args":[{"element-6066-11e4-a52e-4f735466cecf":"f.437C3BD069600255C914999B9931D078.d.107D2B7BA53DF0A26338934C3071A540.e.6153","ELEMENT":"f.437C3BD069600255C914999B9931D078.d.107D2B7BA53DF0A26338934C3071A540.e.6153"}]}
RESULT: {"script":"<script> [8489 bytes]","args":[{"element-6066-11e4-a52e-4f735466cecf":"f.437C3BD069600255C914999B9931D078.d.107D2B7BA53DF0A26338934C3071A540.e.6153","ELEMENT":"f.437C3BD069600255C914999B9931D078.d.107D2B7BA53DF0A26338934C3071A540.e.6153"}]}
COMMAND: GET /session/c560a4da8281d0ae87757c6686821c71/element/f.437C3BD069600255C914999B9931D078.d.107D2B7BA53DF0A26338934C3071A540.e.6153/enabled - {}
COMMAND: GET /session/c560a4da8281d0ae87757c6686821c71/screenshot - {}
RESULT: {}
COMMAND: POST /session/c560a4da8281d0ae87757c6686821c71/execute/sync - {"script":"<script> [8489 bytes]","args":[{"element-6066-11e4-a52e-4f735466cecf":"f.437C3BD069600255C914999B9931D078.d.107D2B7BA53DF0A26338934C3071A540.e.6153","ELEMENT":"f.437C3BD069600255C914999B9931D078.d.107D2B7BA53DF0A26338934C3071A540.e.6153"}]}
COMMAND: GET /session/c560a4da8281d0ae87757c6686821c71/screenshot - {}
RESULT: {}
RESULT: {"script":"<script> [8489 bytes]","args":[{"element-6066-11e4-a52e-4f735466cecf":"f.437C3BD069600255C914999B9931D078.d.107D2B7BA53DF0A26338934C3071A540.e.6153","ELEMENT":"f.437C3BD069600255C914999B9931D078.d.107D2B7BA53DF0A26338934C3071A540.e.6153"}]}
COMMAND: POST /session/c560a4da8281d0ae87757c6686821c71/execute/sync - {"script":"<script> [5351 bytes]","args":[{"element-6066-11e4-a52e-4f735466cecf":"f.437C3BD069600255C914999B9931D078.d.107D2B7BA53DF0A26338934C3071A540.e.6153","ELEMENT":"f.437C3BD069600255C914999B9931D078.d.107D2B7BA53DF0A26338934C3071A540.e.6153"}]}
COMMAND: GET /session/c560a4da8281d0ae87757c6686821c71/screenshot - {}
RESULT: {}
RESULT: {"script":"<script> [5351 bytes]","args":[{"element-6066-11e4-a52e-4f735466cecf":"f.437C3BD069600255C914999B9931D078.d.107D2B7BA53DF0A26338934C3071A540.e.6153","ELEMENT":"f.437C3BD069600255C914999B9931D078.d.107D2B7BA53DF0A26338934C3071A540.e.6153"}]}
COMMAND: GET /session/c560a4da8281d0ae87757c6686821c71/screenshot - {}
RESULT: {}
RESULT: {}
COMMAND: POST /session/c560a4da8281d0ae87757c6686821c71/element/f.437C3BD069600255C914999B9931D078.d.107D2B7BA53DF0A26338934C3071A540.e.6153/click - {}
RESULT: {}
COMMAND: GET /session/c560a4da8281d0ae87757c6686821c71/screenshot - {}
COMMAND: POST /session/c560a4da8281d0ae87757c6686821c71/execute/async - {"script":"<script> [1562 bytes]","args":[{"selector":{"id":"application-managecontracts-display-component---AddNewContract--projectDescription","interaction":{"idSuffix":"inner"}},"wdio_ui5_key":"applicationmanagecontracts-display-component---AddNewContract--projectDescription"}]}
RESULT: {}
RESULT: {"script":"<script> [1562 bytes]","args":[{"selector":{"id":"application-managecontracts-display-component---AddNewContract--projectDescription","interaction":{"idSuffix":"inner"}},"wdio_ui5_key":"applicationmanagecontracts-display-component---AddNewContract--projectDescription"}]}
RESULT: undefined
COMMAND: POST /session/c560a4da8281d0ae87757c6686821c71/execute/async - {"script":"<script> [776 bytes]","args":[{"enterText":"Contract WDIO","selector":{"id":"application-managecontracts-display-component---AddNewContract--projectDescription","interaction":{"idSuffix":"inner"}},"clearTextFirst":true,"interactionType":"ENTER_TEXT"}]}
RESULT: {"script":"<script> [776 bytes]","args":[{"enterText":"Contract WDIO","selector":{"id":"application-managecontracts-display-component---AddNewContract--projectDescription","interaction":{"idSuffix":"inner"}},"clearTextFirst":true,"interactionType":"ENTER_TEXT"}]}
COMMAND: POST /session/c560a4da8281d0ae87757c6686821c71/element - {"using":"xpath","value":"//input[@id=\"application-managecontracts-display-component---AddNewContract--site-inner\"]"}
RESULT: {"using":"xpath","value":"//input[@id=\"application-managecontracts-display-component---AddNewContract--site-inner\"]"}
COMMAND: POST /session/c560a4da8281d0ae87757c6686821c71/element/f.437C3BD069600255C914999B9931D078.d.107D2B7BA53DF0A26338934C3071A540.e.6469/clear - {}
RESULT: {}
COMMAND: POST /session/c560a4da8281d0ae87757c6686821c71/element/f.437C3BD069600255C914999B9931D078.d.107D2B7BA53DF0A26338934C3071A540.e.6469/value - {"text":"2104"}
COMMAND: GET /session/c560a4da8281d0ae87757c6686821c71/screenshot - {}
RESULT: {}
RESULT: {"text":"2104"}
COMMAND: GET /session/c560a4da8281d0ae87757c6686821c71/screenshot - {}
RESULT: {}
COMMAND: POST /session/c560a4da8281d0ae87757c6686821c71/element - {"using":"xpath","value":"//li[.//span[text()='2104']]"}
RESULT: {"using":"xpath","value":"//li[.//span[text()='2104']]"}
COMMAND: POST /session/c560a4da8281d0ae87757c6686821c71/element/f.437C3BD069600255C914999B9931D078.d.107D2B7BA53DF0A26338934C3071A540.e.6552/click - {}
RESULT: {}
COMMAND: GET /session/c560a4da8281d0ae87757c6686821c71/screenshot - {}
RESULT: {}
COMMAND: POST /session/c560a4da8281d0ae87757c6686821c71/element - {"using":"xpath","value":"//input[@id=\"application-managecontracts-display-component---AddNewContract--yardId-inner\"]"}
RESULT: {"using":"xpath","value":"//input[@id=\"application-managecontracts-display-component---AddNewContract--yardId-inner\"]"}
COMMAND: GET /session/c560a4da8281d0ae87757c6686821c71/element/f.437C3BD069600255C914999B9931D078.d.107D2B7BA53DF0A26338934C3071A540.e.6470/property/value - {}
RESULT: {}
COMMAND: POST /session/c560a4da8281d0ae87757c6686821c71/element - {"using":"xpath","value":"//input[@id=\"application-managecontracts-display-component---AddNewContract--customerSelect-inner\"]"}
COMMAND: GET /session/c560a4da8281d0ae87757c6686821c71/screenshot - {}
RESULT: {"using":"xpath","value":"//input[@id=\"application-managecontracts-display-component---AddNewContract--customerSelect-inner\"]"}
COMMAND: POST /session/c560a4da8281d0ae87757c6686821c71/element/f.437C3BD069600255C914999B9931D078.d.107D2B7BA53DF0A26338934C3071A540.e.6468/clear - {}
RESULT: {}
RESULT: {}
COMMAND: POST /session/c560a4da8281d0ae87757c6686821c71/element/f.437C3BD069600255C914999B9931D078.d.107D2B7BA53DF0A26338934C3071A540.e.6468/value - {"text":"1113"}
COMMAND: GET /session/c560a4da8281d0ae87757c6686821c71/screenshot - {}
RESULT: {"text":"1113"}
COMMAND: GET /session/c560a4da8281d0ae87757c6686821c71/screenshot - {}
RESULT: {}
RESULT: {}
COMMAND: POST /session/c560a4da8281d0ae87757c6686821c71/element - {"using":"xpath","value":"//li[.//span[text()='1113']]"}
RESULT: {"using":"xpath","value":"//li[.//span[text()='1113']]"}
COMMAND: POST /session/c560a4da8281d0ae87757c6686821c71/element/f.437C3BD069600255C914999B9931D078.d.107D2B7BA53DF0A26338934C3071A540.e.6555/click - {}
RESULT: {}
COMMAND: GET /session/c560a4da8281d0ae87757c6686821c71/screenshot - {}
RESULT: {}
COMMAND: POST /session/c560a4da8281d0ae87757c6686821c71/element - {"using":"xpath","value":"//button[@data-kt=\"saveButton\"]"}
RESULT: {"using":"xpath","value":"//button[@data-kt=\"saveButton\"]"}
COMMAND: POST /session/c560a4da8281d0ae87757c6686821c71/element/f.437C3BD069600255C914999B9931D078.d.107D2B7BA53DF0A26338934C3071A540.e.6545/click - {}
RESULT: {}
COMMAND: GET /session/c560a4da8281d0ae87757c6686821c71/screenshot - {}
RESULT: {}
COMMAND: POST /session/c560a4da8281d0ae87757c6686821c71/element - {"using":"xpath","value":"//span[contains(@id ,\"contractDetailTitleNoExpanded\")]"}
RESULT: {"using":"xpath","value":"//span[contains(@id ,\"contractDetailTitleNoExpanded\")]"}
COMMAND: POST /session/c560a4da8281d0ae87757c6686821c71/elements - {"using":"xpath","value":"//span[contains(@id ,\"contractDetailTitleNoExpanded\")]"}
RESULT: {"using":"xpath","value":"//span[contains(@id ,\"contractDetailTitleNoExpanded\")]"}
COMMAND: POST /session/c560a4da8281d0ae87757c6686821c71/execute/sync - {"script":"<script> [56 bytes]","args":[{"element-6066-11e4-a52e-4f735466cecf":"f.437C3BD069600255C914999B9931D078.d.107D2B7BA53DF0A26338934C3071A540.e.6627","ELEMENT":"f.437C3BD069600255C914999B9931D078.d.107D2B7BA53DF0A26338934C3071A540.e.6627"}]}
RESULT: {"script":"<script> [56 bytes]","args":[{"element-6066-11e4-a52e-4f735466cecf":"f.437C3BD069600255C914999B9931D078.d.107D2B7BA53DF0A26338934C3071A540.e.6627","ELEMENT":"f.437C3BD069600255C914999B9931D078.d.107D2B7BA53DF0A26338934C3071A540.e.6627"}]}
COMMAND: GET /session/c560a4da8281d0ae87757c6686821c71/screenshot - {}
RESULT: {}
]]></system-out>
    </testcase>
    <testcase classname="chrome.137_0_7151_69.windows.Provide_to_Site_w/_warehouse_management_w_clarification" name="Should add equipment to the contract" time="57.909">
      <system-out><![CDATA[
COMMAND: POST /session/c560a4da8281d0ae87757c6686821c71/element - {"using":"xpath","value":"//button[@data-kt=\"contractDetailEditBtnButton\"]"}
RESULT: {"using":"xpath","value":"//button[@data-kt=\"contractDetailEditBtnButton\"]"}
COMMAND: POST /session/c560a4da8281d0ae87757c6686821c71/element/f.437C3BD069600255C914999B9931D078.d.107D2B7BA53DF0A26338934C3071A540.e.6629/click - {}
RESULT: {}
COMMAND: GET /session/c560a4da8281d0ae87757c6686821c71/screenshot - {}
RESULT: {}
COMMAND: POST /session/c560a4da8281d0ae87757c6686821c71/element - {"using":"xpath","value":"(//span[contains(text(), \"Additional Addresses\")])[2]"}
RESULT: {"using":"xpath","value":"(//span[contains(text(), \"Additional Addresses\")])[2]"}
COMMAND: POST /session/c560a4da8281d0ae87757c6686821c71/element/f.437C3BD069600255C914999B9931D078.d.107D2B7BA53DF0A26338934C3071A540.e.6684/click - {}
RESULT: {}
COMMAND: GET /session/c560a4da8281d0ae87757c6686821c71/screenshot - {}
RESULT: {}
COMMAND: POST /session/c560a4da8281d0ae87757c6686821c71/element - {"using":"xpath","value":"//button[@data-kt=\"btnAddTableRowOverflowToolbarButton\"]"}
RESULT: {"using":"xpath","value":"//button[@data-kt=\"btnAddTableRowOverflowToolbarButton\"]"}
COMMAND: POST /session/c560a4da8281d0ae87757c6686821c71/element/f.437C3BD069600255C914999B9931D078.d.107D2B7BA53DF0A26338934C3071A540.e.6687/click - {}
RESULT: {}
COMMAND: GET /session/c560a4da8281d0ae87757c6686821c71/screenshot - {}
RESULT: {}
COMMAND: POST /session/c560a4da8281d0ae87757c6686821c71/element - {"using":"xpath","value":"//div[(text() = 'Standard Entry' or . = 'Standard Entry')]"}
RESULT: {"using":"xpath","value":"//div[(text() = 'Standard Entry' or . = 'Standard Entry')]"}
COMMAND: POST /session/c560a4da8281d0ae87757c6686821c71/element/f.437C3BD069600255C914999B9931D078.d.107D2B7BA53DF0A26338934C3071A540.e.6689/click - {}
RESULT: {}
COMMAND: GET /session/c560a4da8281d0ae87757c6686821c71/screenshot - {}
RESULT: {}
COMMAND: POST /session/c560a4da8281d0ae87757c6686821c71/element - {"using":"xpath","value":"//td[6]/div/div/div/span"}
RESULT: {"using":"xpath","value":"//td[6]/div/div/div/span"}
COMMAND: POST /session/c560a4da8281d0ae87757c6686821c71/element/f.437C3BD069600255C914999B9931D078.d.107D2B7BA53DF0A26338934C3071A540.e.6701/click - {}
RESULT: {}
COMMAND: GET /session/c560a4da8281d0ae87757c6686821c71/screenshot - {}
RESULT: {}
COMMAND: POST /session/c560a4da8281d0ae87757c6686821c71/element - {"using":"xpath","value":"(//span[contains(text(), \"Material\")])"}
RESULT: {"using":"xpath","value":"(//span[contains(text(), \"Material\")])"}
COMMAND: POST /session/c560a4da8281d0ae87757c6686821c71/element/f.437C3BD069600255C914999B9931D078.d.107D2B7BA53DF0A26338934C3071A540.e.6703/click - {}
RESULT: {}
COMMAND: GET /session/c560a4da8281d0ae87757c6686821c71/screenshot - {}
RESULT: {}
COMMAND: POST /session/c560a4da8281d0ae87757c6686821c71/element - {"using":"xpath","value":"//td[7]/div/div/input"}
RESULT: {"using":"xpath","value":"//td[7]/div/div/input"}
COMMAND: POST /session/c560a4da8281d0ae87757c6686821c71/element/f.437C3BD069600255C914999B9931D078.d.107D2B7BA53DF0A26338934C3071A540.e.6706/clear - {}
RESULT: {}
COMMAND: POST /session/c560a4da8281d0ae87757c6686821c71/element/f.437C3BD069600255C914999B9931D078.d.107D2B7BA53DF0A26338934C3071A540.e.6706/value - {"text":"200133"}
COMMAND: GET /session/c560a4da8281d0ae87757c6686821c71/screenshot - {}
RESULT: {"text":"200133"}
COMMAND: GET /session/c560a4da8281d0ae87757c6686821c71/screenshot - {}
RESULT: {}
RESULT: {}
COMMAND: POST /session/c560a4da8281d0ae87757c6686821c71/actions - {"actions":[{"id":"action22","type":"key","parameters":{},"actions":[{"type":"keyDown","value":""},{"type":"pause","duration":10},{"type":"keyUp","value":""}]}]}
RESULT: {"actions":[{"id":"action22","type":"key","parameters":{},"actions":[{"type":"keyDown","value":""},{"type":"pause","duration":10},{"type":"keyUp","value":""}]}]}
COMMAND: GET /session/c560a4da8281d0ae87757c6686821c71/screenshot - {}
RESULT: {}
COMMAND: POST /session/c560a4da8281d0ae87757c6686821c71/execute/sync - {"script":"<script> [276 bytes]","args":["No pricing information was found"]}
RESULT: {"script":"<script> [276 bytes]","args":["No pricing information was found"]}
COMMAND: POST /session/c560a4da8281d0ae87757c6686821c71/element - {"using":"xpath","value":"//bdi[contains(text(), \"OK\")]"}
COMMAND: GET /session/c560a4da8281d0ae87757c6686821c71/screenshot - {}
RESULT: {"using":"xpath","value":"//bdi[contains(text(), \"OK\")]"}
COMMAND: POST /session/c560a4da8281d0ae87757c6686821c71/element/f.437C3BD069600255C914999B9931D078.d.107D2B7BA53DF0A26338934C3071A540.e.6732/click - {}
RESULT: {}
RESULT: {}
COMMAND: GET /session/c560a4da8281d0ae87757c6686821c71/screenshot - {}
RESULT: {}
COMMAND: POST /session/c560a4da8281d0ae87757c6686821c71/element - {"using":"xpath","value":"(//button[@data-kt=\"saveButton\"])[2]"}
RESULT: {"using":"xpath","value":"(//button[@data-kt=\"saveButton\"])[2]"}
COMMAND: POST /session/c560a4da8281d0ae87757c6686821c71/element/f.437C3BD069600255C914999B9931D078.d.107D2B7BA53DF0A26338934C3071A540.e.6733/click - {}
RESULT: {}
COMMAND: GET /session/c560a4da8281d0ae87757c6686821c71/screenshot - {}
RESULT: {}
COMMAND: POST /session/c560a4da8281d0ae87757c6686821c71/execute/sync - {"script":"<script> [276 bytes]","args":["Some contract items are having rental validity exceeding header rental validity"]}
RESULT: {"script":"<script> [276 bytes]","args":["Some contract items are having rental validity exceeding header rental validity"]}
COMMAND: GET /session/c560a4da8281d0ae87757c6686821c71/screenshot - {}
RESULT: {}
COMMAND: POST /session/c560a4da8281d0ae87757c6686821c71/element - {"using":"xpath","value":"//span[contains(@id ,\"contractItemsSmartTable-header-inner\")]"}
RESULT: {"using":"xpath","value":"//span[contains(@id ,\"contractItemsSmartTable-header-inner\")]"}
COMMAND: POST /session/c560a4da8281d0ae87757c6686821c71/elements - {"using":"xpath","value":"//span[contains(@id ,\"contractItemsSmartTable-header-inner\")]"}
RESULT: {"using":"xpath","value":"//span[contains(@id ,\"contractItemsSmartTable-header-inner\")]"}
COMMAND: POST /session/c560a4da8281d0ae87757c6686821c71/execute/sync - {"script":"<script> [56 bytes]","args":[{"element-6066-11e4-a52e-4f735466cecf":"f.437C3BD069600255C914999B9931D078.d.107D2B7BA53DF0A26338934C3071A540.e.6738","ELEMENT":"f.437C3BD069600255C914999B9931D078.d.107D2B7BA53DF0A26338934C3071A540.e.6738"}]}
RESULT: {"script":"<script> [56 bytes]","args":[{"element-6066-11e4-a52e-4f735466cecf":"f.437C3BD069600255C914999B9931D078.d.107D2B7BA53DF0A26338934C3071A540.e.6738","ELEMENT":"f.437C3BD069600255C914999B9931D078.d.107D2B7BA53DF0A26338934C3071A540.e.6738"}]}
]]></system-out>
    </testcase>
    <testcase classname="chrome.137_0_7151_69.windows.Provide_to_Site_w/_warehouse_management_w_clarification" name="Should provide to site" time="38.766">
      <system-out><![CDATA[
COMMAND: GET /session/c560a4da8281d0ae87757c6686821c71/screenshot - {}
COMMAND: POST /session/c560a4da8281d0ae87757c6686821c71/element - {"using":"xpath","value":"//button[@data-kt=\"provideButton\"]"}
RESULT: {}
RESULT: {"using":"xpath","value":"//button[@data-kt=\"provideButton\"]"}
COMMAND: POST /session/c560a4da8281d0ae87757c6686821c71/element/f.437C3BD069600255C914999B9931D078.d.107D2B7BA53DF0A26338934C3071A540.e.6739/click - {}
RESULT: {}
COMMAND: GET /session/c560a4da8281d0ae87757c6686821c71/screenshot - {}
RESULT: undefined
COMMAND: POST /session/c560a4da8281d0ae87757c6686821c71/execute/async - {"script":"<script> [6424 bytes]","args":[{"element-6066-11e4-a52e-4f735466cecf":"f.437C3BD069600255C914999B9931D078.d.107D2B7BA53DF0A26338934C3071A540.e.5693"},"setValue",["06/14/25"]]}
RESULT: {}
COMMAND: POST /session/c560a4da8281d0ae87757c6686821c71/execute/async - {"script":"<script> [1562 bytes]","args":[{"selector":{"id":"application-managehandovers-display-component---AddNewHO--dueDate","interaction":{"idSuffix":"inner"}},"wdio_ui5_key":"applicationmanagehandovers-display-component---AddNewHO--dueDate"}]}
RESULT: {"script":"<script> [1562 bytes]","args":[{"selector":{"id":"application-managehandovers-display-component---AddNewHO--dueDate","interaction":{"idSuffix":"inner"}},"wdio_ui5_key":"applicationmanagehandovers-display-component---AddNewHO--dueDate"}]}
COMMAND: POST /session/c560a4da8281d0ae87757c6686821c71/execute/async - {"script":"<script> [6424 bytes]","args":[{"element-6066-11e4-a52e-4f735466cecf":"f.437C3BD069600255C914999B9931D078.d.107D2B7BA53DF0A26338934C3071A540.e.6796"},"setValue",["06/14/25"]]}
RESULT: {"script":"<script> [6424 bytes]","args":[{"element-6066-11e4-a52e-4f735466cecf":"f.437C3BD069600255C914999B9931D078.d.107D2B7BA53DF0A26338934C3071A540.e.6796"},"setValue",["06/14/25"]]}
COMMAND: POST /session/c560a4da8281d0ae87757c6686821c71/element - {"using":"xpath","value":"//bdi[contains(text(), \"Instructions\")]"}
RESULT: {"using":"xpath","value":"//bdi[contains(text(), \"Instructions\")]"}
COMMAND: POST /session/c560a4da8281d0ae87757c6686821c71/element/f.437C3BD069600255C914999B9931D078.d.107D2B7BA53DF0A26338934C3071A540.e.7052/click - {}
RESULT: {}
COMMAND: GET /session/c560a4da8281d0ae87757c6686821c71/screenshot - {}
RESULT: {}
COMMAND: POST /session/c560a4da8281d0ae87757c6686821c71/element - {"using":"xpath","value":"//button[@data-kt=\"AddNewHOProvideAddItemsButton\"]"}
RESULT: {"using":"xpath","value":"//button[@data-kt=\"AddNewHOProvideAddItemsButton\"]"}
COMMAND: POST /session/c560a4da8281d0ae87757c6686821c71/element/f.437C3BD069600255C914999B9931D078.d.107D2B7BA53DF0A26338934C3071A540.e.7056/click - {}
RESULT: {}
COMMAND: GET /session/c560a4da8281d0ae87757c6686821c71/screenshot - {}
RESULT: {}
RESULT: undefined
COMMAND: POST /session/c560a4da8281d0ae87757c6686821c71/element - {"using":"xpath","value":"//*[@id=\"application-managehandovers-display-component---AddNewHO--popup-sa\"]"}
RESULT: {"using":"xpath","value":"//*[@id=\"application-managehandovers-display-component---AddNewHO--popup-sa\"]"}
COMMAND: POST /session/c560a4da8281d0ae87757c6686821c71/element/f.437C3BD069600255C914999B9931D078.d.107D2B7BA53DF0A26338934C3071A540.e.7065/click - {}
RESULT: {}
COMMAND: GET /session/c560a4da8281d0ae87757c6686821c71/screenshot - {}
RESULT: {}
COMMAND: POST /session/c560a4da8281d0ae87757c6686821c71/element - {"using":"xpath","value":"//*[contains(@id ,\"BDI-content\")][contains(text(), \"Select\")]"}
RESULT: {"using":"xpath","value":"//*[contains(@id ,\"BDI-content\")][contains(text(), \"Select\")]"}
COMMAND: POST /session/c560a4da8281d0ae87757c6686821c71/element/f.437C3BD069600255C914999B9931D078.d.107D2B7BA53DF0A26338934C3071A540.e.7067/click - {}
RESULT: {}
COMMAND: GET /session/c560a4da8281d0ae87757c6686821c71/screenshot - {}
RESULT: {}
COMMAND: POST /session/c560a4da8281d0ae87757c6686821c71/element - {"using":"xpath","value":"//bdi[(text() = 'Save' or . = 'Save')]"}
RESULT: {"using":"xpath","value":"//bdi[(text() = 'Save' or . = 'Save')]"}
COMMAND: POST /session/c560a4da8281d0ae87757c6686821c71/element/f.437C3BD069600255C914999B9931D078.d.107D2B7BA53DF0A26338934C3071A540.e.7075/click - {}
RESULT: {}
COMMAND: GET /session/c560a4da8281d0ae87757c6686821c71/screenshot - {}
RESULT: {}
]]></system-out>
    </testcase>
    <testcase classname="chrome.137_0_7151_69.windows.Provide_to_Site_w/_warehouse_management_w_clarification" name="Should test for Handover Execution" time="150.528">
      <system-out><![CDATA[
COMMAND: POST /session/c560a4da8281d0ae87757c6686821c71/execute/async - {"script":"<script> [1562 bytes]","args":[{"selector":{"controlType":"sap.m.Link","viewName":"etm.portal.ui.managehandovers.view.DetailExecuteHO","bindingPath":{"path":"","propertyPath":"/wmDoc","modelName":"warehouseMovModel"}},"wdio_ui5_key":"etmportal.ui.managehandovers.view.DetailExecuteHOsap.m.Link{\"path\":\"\",\"propertyPath\":\"/wmDoc\",\"modelName\":\"warehouseMovModel\"}"}]}
RESULT: {"script":"<script> [1562 bytes]","args":[{"selector":{"controlType":"sap.m.Link","viewName":"etm.portal.ui.managehandovers.view.DetailExecuteHO","bindingPath":{"path":"","propertyPath":"/wmDoc","modelName":"warehouseMovModel"}},"wdio_ui5_key":"etmportal.ui.managehandovers.view.DetailExecuteHOsap.m.Link{\"path\":\"\",\"propertyPath\":\"/wmDoc\",\"modelName\":\"warehouseMovModel\"}"}]}
RESULT: undefined
COMMAND: POST /session/c560a4da8281d0ae87757c6686821c71/element - {"using":"xpath","value":"//*[@id=\"__link82\"]"}
RESULT: {"using":"xpath","value":"//*[@id=\"__link82\"]"}
COMMAND: POST /session/c560a4da8281d0ae87757c6686821c71/element/f.437C3BD069600255C914999B9931D078.d.107D2B7BA53DF0A26338934C3071A540.e.7120/click - {}
RESULT: {}
COMMAND: GET /session/c560a4da8281d0ae87757c6686821c71/screenshot - {}
RESULT: {}
COMMAND: POST /session/c560a4da8281d0ae87757c6686821c71/execute/async - {"script":"<script> [1562 bytes]","args":[{"selector":{"controlType":"sap.m.Link","viewName":"etm.portal.ui.managehandovers.view.DetailExecuteHO","properties":{"text":"Warehouse Overview"},"searchOpenDialogs":true},"wdio_ui5_key":"etmportal.ui.managehandovers.view.DetailExecuteHOsap.m.Link{\"text\":\"Warehouse Overview\"}"}]}
RESULT: {"script":"<script> [1562 bytes]","args":[{"selector":{"controlType":"sap.m.Link","viewName":"etm.portal.ui.managehandovers.view.DetailExecuteHO","properties":{"text":"Warehouse Overview"},"searchOpenDialogs":true},"wdio_ui5_key":"etmportal.ui.managehandovers.view.DetailExecuteHOsap.m.Link{\"text\":\"Warehouse Overview\"}"}]}
RESULT: undefined
COMMAND: POST /session/c560a4da8281d0ae87757c6686821c71/element - {"using":"xpath","value":"//*[@id=\"__link98\"]"}
RESULT: {"using":"xpath","value":"//*[@id=\"__link98\"]"}
COMMAND: POST /session/c560a4da8281d0ae87757c6686821c71/element/f.437C3BD069600255C914999B9931D078.d.107D2B7BA53DF0A26338934C3071A540.e.7122/click - {}
RESULT: {}
COMMAND: GET /session/c560a4da8281d0ae87757c6686821c71/screenshot - {}
RESULT: {}
COMMAND: POST /session/c560a4da8281d0ae87757c6686821c71/execute/async - {"script":"<script> [1562 bytes]","args":[{"selector":{"controlType":"sap.m.Button","viewName":"etm.portal.ui.warehousemovements.view.DisplayMovement","viewId":"application-warehousemovements-display-component---displayMovement","i18NText":{"propertyName":"text","key":"execution"},"interaction":{"idSuffix":"BDI-content"}},"wdio_ui5_key":"etmportal.ui.warehousemovements.view.DisplayMovementsap.m.Button{\"propertyName\":\"text\",\"key\":\"execution\"}"}]}
RESULT: {"script":"<script> [1562 bytes]","args":[{"selector":{"controlType":"sap.m.Button","viewName":"etm.portal.ui.warehousemovements.view.DisplayMovement","viewId":"application-warehousemovements-display-component---displayMovement","i18NText":{"propertyName":"text","key":"execution"},"interaction":{"idSuffix":"BDI-content"}},"wdio_ui5_key":"etmportal.ui.warehousemovements.view.DisplayMovementsap.m.Button{\"propertyName\":\"text\",\"key\":\"execution\"}"}]}
RESULT: undefined
COMMAND: POST /session/c560a4da8281d0ae87757c6686821c71/element - {"using":"xpath","value":"//*[@id=\"__button247\"]"}
RESULT: {"using":"xpath","value":"//*[@id=\"__button247\"]"}
COMMAND: POST /session/c560a4da8281d0ae87757c6686821c71/element/f.437C3BD069600255C914999B9931D078.d.107D2B7BA53DF0A26338934C3071A540.e.7289/click - {}
RESULT: {}
COMMAND: GET /session/c560a4da8281d0ae87757c6686821c71/screenshot - {}
RESULT: {}
COMMAND: POST /session/c560a4da8281d0ae87757c6686821c71/execute/async - {"script":"<script> [1562 bytes]","args":[{"selector":{"controlType":"sap.m.Button","viewName":"etm.portal.ui.warehousemovements.view.ExecuteMovement","viewId":"application-warehousemovements-display-component---executeMovement","properties":{"text":"Items"},"interaction":{"idSuffix":"BDI-content"}},"wdio_ui5_key":"etmportal.ui.warehousemovements.view.ExecuteMovementsap.m.Button{\"text\":\"Items\"}"}]}
RESULT: {"script":"<script> [1562 bytes]","args":[{"selector":{"controlType":"sap.m.Button","viewName":"etm.portal.ui.warehousemovements.view.ExecuteMovement","viewId":"application-warehousemovements-display-component---executeMovement","properties":{"text":"Items"},"interaction":{"idSuffix":"BDI-content"}},"wdio_ui5_key":"etmportal.ui.warehousemovements.view.ExecuteMovementsap.m.Button{\"text\":\"Items\"}"}]}
RESULT: undefined
COMMAND: POST /session/c560a4da8281d0ae87757c6686821c71/element - {"using":"xpath","value":"//*[@id=\"__layout381-anchBar-application-warehousemovements-display-component---executeMovement--itemsSection-anchor\"]"}
RESULT: {"using":"xpath","value":"//*[@id=\"__layout381-anchBar-application-warehousemovements-display-component---executeMovement--itemsSection-anchor\"]"}
COMMAND: POST /session/c560a4da8281d0ae87757c6686821c71/element/f.437C3BD069600255C914999B9931D078.d.107D2B7BA53DF0A26338934C3071A540.e.7385/click - {}
RESULT: {}
COMMAND: GET /session/c560a4da8281d0ae87757c6686821c71/screenshot - {}
RESULT: {}
COMMAND: POST /session/c560a4da8281d0ae87757c6686821c71/execute/async - {"script":"<script> [1562 bytes]","args":[{"selector":{"controlType":"sap.m.ToggleButton","viewName":"etm.portal.ui.warehousemovements.view.ExecuteMovement","viewId":"application-warehousemovements-display-component---executeMovement","bindingPath":{"propertyPath":"STATUS","modelName":"catalogModel"},"interaction":{"idSuffix":"BDI-content"}},"wdio_ui5_key":"etmportal.ui.warehousemovements.view.ExecuteMovementsap.m.ToggleButton{\"propertyPath\":\"STATUS\",\"modelName\":\"catalogModel\"}"}]}
RESULT: {"script":"<script> [1562 bytes]","args":[{"selector":{"controlType":"sap.m.ToggleButton","viewName":"etm.portal.ui.warehousemovements.view.ExecuteMovement","viewId":"application-warehousemovements-display-component---executeMovement","bindingPath":{"propertyPath":"STATUS","modelName":"catalogModel"},"interaction":{"idSuffix":"BDI-content"}},"wdio_ui5_key":"etmportal.ui.warehousemovements.view.ExecuteMovementsap.m.ToggleButton{\"propertyPath\":\"STATUS\",\"modelName\":\"catalogModel\"}"}]}
RESULT: undefined
COMMAND: POST /session/c560a4da8281d0ae87757c6686821c71/element - {"using":"xpath","value":"//*[@id=\"__button272-__clone2356\"]"}
RESULT: {"using":"xpath","value":"//*[@id=\"__button272-__clone2356\"]"}
COMMAND: POST /session/c560a4da8281d0ae87757c6686821c71/element/f.437C3BD069600255C914999B9931D078.d.107D2B7BA53DF0A26338934C3071A540.e.7363/click - {}
RESULT: {}
RESULT: undefined
COMMAND: POST /session/c560a4da8281d0ae87757c6686821c71/element - {"using":"xpath","value":"//*[@id=\"__button272-__clone2356\"]"}
COMMAND: GET /session/c560a4da8281d0ae87757c6686821c71/screenshot - {}
RESULT: {"using":"xpath","value":"//*[@id=\"__button272-__clone2356\"]"}
COMMAND: POST /session/c560a4da8281d0ae87757c6686821c71/element/f.437C3BD069600255C914999B9931D078.d.107D2B7BA53DF0A26338934C3071A540.e.7363/click - {}
RESULT: {}
RESULT: {}
COMMAND: GET /session/c560a4da8281d0ae87757c6686821c71/screenshot - {}
RESULT: {}
COMMAND: POST /session/c560a4da8281d0ae87757c6686821c71/element - {"using":"xpath","value":"//section[contains(@id,\"FC-NoHead\")]/div[1]/div[5]/div[2]/span"}
RESULT: {"using":"xpath","value":"//section[contains(@id,\"FC-NoHead\")]/div[1]/div[5]/div[2]/span"}
COMMAND: POST /session/c560a4da8281d0ae87757c6686821c71/elements - {"using":"xpath","value":"//section[contains(@id,\"FC-NoHead\")]/div[1]/div[5]/div[2]/span"}
RESULT: {"using":"xpath","value":"//section[contains(@id,\"FC-NoHead\")]/div[1]/div[5]/div[2]/span"}
COMMAND: POST /session/c560a4da8281d0ae87757c6686821c71/execute/sync - {"script":"<script> [56 bytes]","args":[{"element-6066-11e4-a52e-4f735466cecf":"f.437C3BD069600255C914999B9931D078.d.107D2B7BA53DF0A26338934C3071A540.e.7392","ELEMENT":"f.437C3BD069600255C914999B9931D078.d.107D2B7BA53DF0A26338934C3071A540.e.7392"}]}
RESULT: {"script":"<script> [56 bytes]","args":[{"element-6066-11e4-a52e-4f735466cecf":"f.437C3BD069600255C914999B9931D078.d.107D2B7BA53DF0A26338934C3071A540.e.7392","ELEMENT":"f.437C3BD069600255C914999B9931D078.d.107D2B7BA53DF0A26338934C3071A540.e.7392"}]}
COMMAND: POST /session/c560a4da8281d0ae87757c6686821c71/actions - {"actions":[{"id":"action23","type":"key","parameters":{},"actions":[{"type":"keyDown","value":""},{"type":"pause","duration":10},{"type":"keyUp","value":""}]}]}
COMMAND: GET /session/c560a4da8281d0ae87757c6686821c71/screenshot - {}
RESULT: {"actions":[{"id":"action23","type":"key","parameters":{},"actions":[{"type":"keyDown","value":""},{"type":"pause","duration":10},{"type":"keyUp","value":""}]}]}
COMMAND: POST /session/c560a4da8281d0ae87757c6686821c71/execute/async - {"script":"<script> [1562 bytes]","args":[{"selector":{"id":"application-warehousemovements-display-component---executeMovement--executeId","interaction":{"idSuffix":"BDI-content"}},"wdio_ui5_key":"applicationwarehousemovements-display-component---executeMovement--executeId"}]}
COMMAND: GET /session/c560a4da8281d0ae87757c6686821c71/screenshot - {}
RESULT: {}
RESULT: {"script":"<script> [1562 bytes]","args":[{"selector":{"id":"application-warehousemovements-display-component---executeMovement--executeId","interaction":{"idSuffix":"BDI-content"}},"wdio_ui5_key":"applicationwarehousemovements-display-component---executeMovement--executeId"}]}
RESULT: undefined
COMMAND: POST /session/c560a4da8281d0ae87757c6686821c71/element - {"using":"xpath","value":"//*[@id=\"application-warehousemovements-display-component---executeMovement--executeId\"]"}
RESULT: {}
RESULT: {"using":"xpath","value":"//*[@id=\"application-warehousemovements-display-component---executeMovement--executeId\"]"}
COMMAND: POST /session/c560a4da8281d0ae87757c6686821c71/element/f.437C3BD069600255C914999B9931D078.d.107D2B7BA53DF0A26338934C3071A540.e.7357/click - {}
RESULT: {}
COMMAND: GET /session/c560a4da8281d0ae87757c6686821c71/screenshot - {}
RESULT: {}
COMMAND: POST /session/c560a4da8281d0ae87757c6686821c71/element - {"using":"css selector","value":"#shell-header-logo"}
RESULT: {"using":"css selector","value":"#shell-header-logo"}
COMMAND: POST /session/c560a4da8281d0ae87757c6686821c71/element/f.437C3BD069600255C914999B9931D078.d.107D2B7BA53DF0A26338934C3071A540.e.6104/click - {}
RESULT: {}
COMMAND: GET /session/c560a4da8281d0ae87757c6686821c71/screenshot - {}
RESULT: {}
RESULT: undefined
COMMAND: POST /session/c560a4da8281d0ae87757c6686821c71/element - {"using":"xpath","value":"//*[@id=\"__tile134\"]"}
RESULT: {"using":"xpath","value":"//*[@id=\"__tile134\"]"}
COMMAND: POST /session/c560a4da8281d0ae87757c6686821c71/element/f.437C3BD069600255C914999B9931D078.d.107D2B7BA53DF0A26338934C3071A540.e.4621/click - {}
RESULT: {}
COMMAND: GET /session/c560a4da8281d0ae87757c6686821c71/screenshot - {}
RESULT: {}
COMMAND: POST /session/c560a4da8281d0ae87757c6686821c71/elements - {"using":"xpath","value":"//span[text()='Error']"}
RESULT: {"using":"xpath","value":"//span[text()='Error']"}
COMMAND: POST /session/c560a4da8281d0ae87757c6686821c71/execute/async - {"script":"<script> [1562 bytes]","args":[{"selector":{"controlType":"sap.m.SearchField","viewName":"etm.portal.ui.managehandovers.view.MasterHO","bindingPath":{"propertyPath":"/_BASIC_SEARCH_FIELD","modelName":"fi1t3rM0d31"},"interaction":{"idSuffix":"I"}},"wdio_ui5_key":"etmportal.ui.managehandovers.view.MasterHOsap.m.SearchField{\"propertyPath\":\"/_BASIC_SEARCH_FIELD\",\"modelName\":\"fi1t3rM0d31\"}"}]}
RESULT: {"script":"<script> [1562 bytes]","args":[{"selector":{"controlType":"sap.m.SearchField","viewName":"etm.portal.ui.managehandovers.view.MasterHO","bindingPath":{"propertyPath":"/_BASIC_SEARCH_FIELD","modelName":"fi1t3rM0d31"},"interaction":{"idSuffix":"I"}},"wdio_ui5_key":"etmportal.ui.managehandovers.view.MasterHOsap.m.SearchField{\"propertyPath\":\"/_BASIC_SEARCH_FIELD\",\"modelName\":\"fi1t3rM0d31\"}"}]}
RESULT: undefined
COMMAND: POST /session/c560a4da8281d0ae87757c6686821c71/execute/async - {"script":"<script> [776 bytes]","args":[{"enterText":"30418","selector":{"controlType":"sap.m.SearchField","viewName":"etm.portal.ui.managehandovers.view.MasterHO","bindingPath":{"propertyPath":"/_BASIC_SEARCH_FIELD","modelName":"fi1t3rM0d31"},"interaction":{"idSuffix":"I"}},"clearTextFirst":true,"interactionType":"ENTER_TEXT"}]}
RESULT: {"script":"<script> [776 bytes]","args":[{"enterText":"30418","selector":{"controlType":"sap.m.SearchField","viewName":"etm.portal.ui.managehandovers.view.MasterHO","bindingPath":{"propertyPath":"/_BASIC_SEARCH_FIELD","modelName":"fi1t3rM0d31"},"interaction":{"idSuffix":"I"}},"clearTextFirst":true,"interactionType":"ENTER_TEXT"}]}
COMMAND: POST /session/c560a4da8281d0ae87757c6686821c71/actions - {"actions":[{"id":"action24","type":"key","parameters":{},"actions":[{"type":"keyDown","value":""},{"type":"pause","duration":10},{"type":"keyUp","value":""}]}]}
RESULT: {"actions":[{"id":"action24","type":"key","parameters":{},"actions":[{"type":"keyDown","value":""},{"type":"pause","duration":10},{"type":"keyUp","value":""}]}]}
COMMAND: GET /session/c560a4da8281d0ae87757c6686821c71/screenshot - {}
RESULT: {}
COMMAND: POST /session/c560a4da8281d0ae87757c6686821c71/execute/async - {"script":"<script> [1562 bytes]","args":[{"selector":{"controlType":"sap.ui.core.Icon","viewName":"etm.portal.ui.managehandovers.view.MasterHO","properties":{"src":{"regex":{"source":"slim\\-arrow\\-right"}}}},"wdio_ui5_key":"etmportal.ui.managehandovers.view.MasterHOsap.ui.core.Icon{\"src\":{\"regex\":{\"source\":\"slim\\\\-arrow\\\\-right\"}}}"}]}
RESULT: {"script":"<script> [1562 bytes]","args":[{"selector":{"controlType":"sap.ui.core.Icon","viewName":"etm.portal.ui.managehandovers.view.MasterHO","properties":{"src":{"regex":{"source":"slim\\-arrow\\-right"}}}},"wdio_ui5_key":"etmportal.ui.managehandovers.view.MasterHOsap.ui.core.Icon{\"src\":{\"regex\":{\"source\":\"slim\\\\-arrow\\\\-right\"}}}"}]}
RESULT: undefined
COMMAND: POST /session/c560a4da8281d0ae87757c6686821c71/element - {"using":"xpath","value":"//*[@id=\"__item1229-__clone2435-imgNav\"]"}
RESULT: {"using":"xpath","value":"//*[@id=\"__item1229-__clone2435-imgNav\"]"}
COMMAND: POST /session/c560a4da8281d0ae87757c6686821c71/element/f.437C3BD069600255C914999B9931D078.d.107D2B7BA53DF0A26338934C3071A540.e.7719/click - {}
RESULT: {}
COMMAND: GET /session/c560a4da8281d0ae87757c6686821c71/screenshot - {}
RESULT: {}
COMMAND: POST /session/c560a4da8281d0ae87757c6686821c71/element - {"using":"xpath","value":"//button[@data-kt=\"IssuingTableConfirmAllButton\"]"}
RESULT: {"using":"xpath","value":"//button[@data-kt=\"IssuingTableConfirmAllButton\"]"}
COMMAND: POST /session/c560a4da8281d0ae87757c6686821c71/element/f.437C3BD069600255C914999B9931D078.d.107D2B7BA53DF0A26338934C3071A540.e.7816/click - {}
RESULT: {}
COMMAND: GET /session/c560a4da8281d0ae87757c6686821c71/screenshot - {}
RESULT: {}
COMMAND: POST /session/c560a4da8281d0ae87757c6686821c71/element - {"using":"xpath","value":"//bdi[contains(text(), \"OK\")]"}
RESULT: {"using":"xpath","value":"//bdi[contains(text(), \"OK\")]"}
COMMAND: POST /session/c560a4da8281d0ae87757c6686821c71/element/f.437C3BD069600255C914999B9931D078.d.107D2B7BA53DF0A26338934C3071A540.e.7823/click - {}
RESULT: {}
COMMAND: GET /session/c560a4da8281d0ae87757c6686821c71/screenshot - {}
RESULT: {}
COMMAND: POST /session/c560a4da8281d0ae87757c6686821c71/element - {"using":"xpath","value":"//button[@data-kt=\"execHoIssueButton\"]"}
RESULT: {"using":"xpath","value":"//button[@data-kt=\"execHoIssueButton\"]"}
COMMAND: POST /session/c560a4da8281d0ae87757c6686821c71/element/f.437C3BD069600255C914999B9931D078.d.107D2B7BA53DF0A26338934C3071A540.e.7825/click - {}
RESULT: {}
COMMAND: GET /session/c560a4da8281d0ae87757c6686821c71/screenshot - {}
RESULT: {}
RESULT: undefined
COMMAND: POST /session/c560a4da8281d0ae87757c6686821c71/execute/async - {"script":"<script> [776 bytes]","args":[{"enterText":"30418","selector":{"controlType":"sap.m.SearchField","viewName":"etm.portal.ui.managehandovers.view.MasterHO","bindingPath":{"propertyPath":"/_BASIC_SEARCH_FIELD","modelName":"fi1t3rM0d31"},"interaction":{"idSuffix":"I"}},"clearTextFirst":true,"interactionType":"ENTER_TEXT"}]}
RESULT: {"script":"<script> [776 bytes]","args":[{"enterText":"30418","selector":{"controlType":"sap.m.SearchField","viewName":"etm.portal.ui.managehandovers.view.MasterHO","bindingPath":{"propertyPath":"/_BASIC_SEARCH_FIELD","modelName":"fi1t3rM0d31"},"interaction":{"idSuffix":"I"}},"clearTextFirst":true,"interactionType":"ENTER_TEXT"}]}
COMMAND: POST /session/c560a4da8281d0ae87757c6686821c71/actions - {"actions":[{"id":"action25","type":"key","parameters":{},"actions":[{"type":"keyDown","value":""},{"type":"pause","duration":10},{"type":"keyUp","value":""}]}]}
RESULT: {"actions":[{"id":"action25","type":"key","parameters":{},"actions":[{"type":"keyDown","value":""},{"type":"pause","duration":10},{"type":"keyUp","value":""}]}]}
COMMAND: GET /session/c560a4da8281d0ae87757c6686821c71/screenshot - {}
RESULT: {}
COMMAND: POST /session/c560a4da8281d0ae87757c6686821c71/element - {"using":"xpath","value":"//span[(text() = '30418' or . = '30418')]"}
RESULT: {"using":"xpath","value":"//span[(text() = '30418' or . = '30418')]"}
COMMAND: POST /session/c560a4da8281d0ae87757c6686821c71/element/f.437C3BD069600255C914999B9931D078.d.107D2B7BA53DF0A26338934C3071A540.e.7869/click - {}
RESULT: {}
COMMAND: GET /session/c560a4da8281d0ae87757c6686821c71/screenshot - {}
RESULT: {}
COMMAND: POST /session/c560a4da8281d0ae87757c6686821c71/element - {"using":"xpath","value":"//span[contains(text(), \"Instructions\")]"}
RESULT: {"using":"xpath","value":"//span[contains(text(), \"Instructions\")]"}
COMMAND: POST /session/c560a4da8281d0ae87757c6686821c71/element/f.437C3BD069600255C914999B9931D078.d.107D2B7BA53DF0A26338934C3071A540.e.7914/click - {}
RESULT: {}
COMMAND: GET /session/c560a4da8281d0ae87757c6686821c71/screenshot - {}
RESULT: {}
COMMAND: POST /session/c560a4da8281d0ae87757c6686821c71/element - {"using":"xpath","value":"//span[contains(text(), \"Instructions\")]"}
RESULT: {"using":"xpath","value":"//span[contains(text(), \"Instructions\")]"}
COMMAND: POST /session/c560a4da8281d0ae87757c6686821c71/element/f.437C3BD069600255C914999B9931D078.d.107D2B7BA53DF0A26338934C3071A540.e.7914/click - {}
RESULT: {}
COMMAND: GET /session/c560a4da8281d0ae87757c6686821c71/screenshot - {}
RESULT: {}
COMMAND: POST /session/c560a4da8281d0ae87757c6686821c71/execute/async - {"script":"<script> [1562 bytes]","args":[{"selector":{"controlType":"sap.m.ComboBox","viewName":"etm.portal.ui.managehandovers.view.DetailExecuteHO","bindingPath":{"propertyPath":"RECEIVING_SECTION","modelName":"catalogModel"},"interaction":{"idSuffix":"inner"}},"wdio_ui5_key":"etmportal.ui.managehandovers.view.DetailExecuteHOsap.m.ComboBox{\"propertyPath\":\"RECEIVING_SECTION\",\"modelName\":\"catalogModel\"}"}]}
RESULT: {"script":"<script> [1562 bytes]","args":[{"selector":{"controlType":"sap.m.ComboBox","viewName":"etm.portal.ui.managehandovers.view.DetailExecuteHO","bindingPath":{"propertyPath":"RECEIVING_SECTION","modelName":"catalogModel"},"interaction":{"idSuffix":"inner"}},"wdio_ui5_key":"etmportal.ui.managehandovers.view.DetailExecuteHOsap.m.ComboBox{\"propertyPath\":\"RECEIVING_SECTION\",\"modelName\":\"catalogModel\"}"}]}
RESULT: undefined
COMMAND: POST /session/c560a4da8281d0ae87757c6686821c71/execute/async - {"script":"<script> [776 bytes]","args":[{"enterText":"WDIO-2104","selector":{"controlType":"sap.m.ComboBox","viewName":"etm.portal.ui.managehandovers.view.DetailExecuteHO","bindingPath":{"propertyPath":"RECEIVING_SECTION","modelName":"catalogModel"},"interaction":{"idSuffix":"inner"}},"clearTextFirst":true,"interactionType":"ENTER_TEXT"}]}
RESULT: {"script":"<script> [776 bytes]","args":[{"enterText":"WDIO-2104","selector":{"controlType":"sap.m.ComboBox","viewName":"etm.portal.ui.managehandovers.view.DetailExecuteHO","bindingPath":{"propertyPath":"RECEIVING_SECTION","modelName":"catalogModel"},"interaction":{"idSuffix":"inner"}},"clearTextFirst":true,"interactionType":"ENTER_TEXT"}]}
COMMAND: POST /session/c560a4da8281d0ae87757c6686821c71/actions - {"actions":[{"id":"action26","type":"key","parameters":{},"actions":[{"type":"keyDown","value":""},{"type":"pause","duration":10},{"type":"keyUp","value":""}]}]}
RESULT: {"actions":[{"id":"action26","type":"key","parameters":{},"actions":[{"type":"keyDown","value":""},{"type":"pause","duration":10},{"type":"keyUp","value":""}]}]}
COMMAND: GET /session/c560a4da8281d0ae87757c6686821c71/screenshot - {}
RESULT: {}
COMMAND: POST /session/c560a4da8281d0ae87757c6686821c71/element - {"using":"xpath","value":"//button[@data-kt= \"execHoReceiveButton\"]"}
RESULT: {"using":"xpath","value":"//button[@data-kt= \"execHoReceiveButton\"]"}
COMMAND: POST /session/c560a4da8281d0ae87757c6686821c71/element/f.437C3BD069600255C914999B9931D078.d.107D2B7BA53DF0A26338934C3071A540.e.7920/click - {}
RESULT: {}
COMMAND: GET /session/c560a4da8281d0ae87757c6686821c71/screenshot - {}
RESULT: {}
COMMAND: POST /session/c560a4da8281d0ae87757c6686821c71/execute/async - {"script":"<script> [1562 bytes]","args":[{"selector":{"controlType":"sap.m.Button","properties":{"text":"Continue"},"searchOpenDialogs":true,"interaction":{"idSuffix":"content"}},"wdio_ui5_key":"sapm.Button{\"text\":\"Continue\"}"}]}
RESULT: {"script":"<script> [1562 bytes]","args":[{"selector":{"controlType":"sap.m.Button","properties":{"text":"Continue"},"searchOpenDialogs":true,"interaction":{"idSuffix":"content"}},"wdio_ui5_key":"sapm.Button{\"text\":\"Continue\"}"}]}
RESULT: undefined
COMMAND: POST /session/c560a4da8281d0ae87757c6686821c71/element - {"using":"xpath","value":"//*[@id=\"__mbox-btn-6\"]"}
RESULT: {"using":"xpath","value":"//*[@id=\"__mbox-btn-6\"]"}
COMMAND: POST /session/c560a4da8281d0ae87757c6686821c71/element/f.437C3BD069600255C914999B9931D078.d.107D2B7BA53DF0A26338934C3071A540.e.7921/click - {}
RESULT: {}
COMMAND: GET /session/c560a4da8281d0ae87757c6686821c71/screenshot - {}
RESULT: {}
COMMAND: POST /session/c560a4da8281d0ae87757c6686821c71/element - {"using":"css selector","value":"#shell-header-logo"}
RESULT: {"using":"css selector","value":"#shell-header-logo"}
COMMAND: POST /session/c560a4da8281d0ae87757c6686821c71/element/f.437C3BD069600255C914999B9931D078.d.107D2B7BA53DF0A26338934C3071A540.e.7444/click - {}
RESULT: {}
COMMAND: GET /session/c560a4da8281d0ae87757c6686821c71/screenshot - {}
RESULT: {}
]]></system-out>
    </testcase>
    <testcase classname="chrome.137_0_7151_69.windows.Provide_to_Site_w/_warehouse_management_w_clarification" name="Should test for Clarification" time="65.973">
      <system-out><![CDATA[
RESULT: undefined
COMMAND: POST /session/c560a4da8281d0ae87757c6686821c71/element - {"using":"xpath","value":"//*[@id=\"__tile134\"]"}
RESULT: {"using":"xpath","value":"//*[@id=\"__tile134\"]"}
COMMAND: POST /session/c560a4da8281d0ae87757c6686821c71/element/f.437C3BD069600255C914999B9931D078.d.107D2B7BA53DF0A26338934C3071A540.e.4621/click - {}
RESULT: {}
COMMAND: GET /session/c560a4da8281d0ae87757c6686821c71/screenshot - {}
RESULT: {}
COMMAND: POST /session/c560a4da8281d0ae87757c6686821c71/elements - {"using":"xpath","value":"//span[text()='Error']"}
RESULT: {"using":"xpath","value":"//span[text()='Error']"}
RESULT: undefined
COMMAND: POST /session/c560a4da8281d0ae87757c6686821c71/execute/async - {"script":"<script> [776 bytes]","args":[{"enterText":"30418","selector":{"controlType":"sap.m.SearchField","viewName":"etm.portal.ui.managehandovers.view.MasterHO","bindingPath":{"propertyPath":"/_BASIC_SEARCH_FIELD","modelName":"fi1t3rM0d31"},"interaction":{"idSuffix":"I"}},"clearTextFirst":true,"interactionType":"ENTER_TEXT"}]}
RESULT: {"script":"<script> [776 bytes]","args":[{"enterText":"30418","selector":{"controlType":"sap.m.SearchField","viewName":"etm.portal.ui.managehandovers.view.MasterHO","bindingPath":{"propertyPath":"/_BASIC_SEARCH_FIELD","modelName":"fi1t3rM0d31"},"interaction":{"idSuffix":"I"}},"clearTextFirst":true,"interactionType":"ENTER_TEXT"}]}
COMMAND: POST /session/c560a4da8281d0ae87757c6686821c71/actions - {"actions":[{"id":"action27","type":"key","parameters":{},"actions":[{"type":"keyDown","value":""},{"type":"pause","duration":10},{"type":"keyUp","value":""}]}]}
RESULT: {"actions":[{"id":"action27","type":"key","parameters":{},"actions":[{"type":"keyDown","value":""},{"type":"pause","duration":10},{"type":"keyUp","value":""}]}]}
COMMAND: GET /session/c560a4da8281d0ae87757c6686821c71/screenshot - {}
RESULT: {}
COMMAND: POST /session/c560a4da8281d0ae87757c6686821c71/element - {"using":"xpath","value":"//span[(text() = '30418' or . = '30418')]"}
RESULT: {"using":"xpath","value":"//span[(text() = '30418' or . = '30418')]"}
COMMAND: POST /session/c560a4da8281d0ae87757c6686821c71/element/f.437C3BD069600255C914999B9931D078.d.107D2B7BA53DF0A26338934C3071A540.e.8218/click - {}
RESULT: {}
COMMAND: GET /session/c560a4da8281d0ae87757c6686821c71/screenshot - {}
RESULT: {}
COMMAND: POST /session/c560a4da8281d0ae87757c6686821c71/element - {"using":"xpath","value":"//span[contains(text(), \"Instructions\")]"}
RESULT: {"using":"xpath","value":"//span[contains(text(), \"Instructions\")]"}
COMMAND: POST /session/c560a4da8281d0ae87757c6686821c71/element/f.437C3BD069600255C914999B9931D078.d.107D2B7BA53DF0A26338934C3071A540.e.8313/click - {}
RESULT: {}
COMMAND: GET /session/c560a4da8281d0ae87757c6686821c71/screenshot - {}
RESULT: {}
COMMAND: POST /session/c560a4da8281d0ae87757c6686821c71/element - {"using":"xpath","value":"//span[contains(text(), \"Instructions\")]"}
RESULT: {"using":"xpath","value":"//span[contains(text(), \"Instructions\")]"}
COMMAND: POST /session/c560a4da8281d0ae87757c6686821c71/element/f.437C3BD069600255C914999B9931D078.d.107D2B7BA53DF0A26338934C3071A540.e.8313/click - {}
RESULT: {}
COMMAND: GET /session/c560a4da8281d0ae87757c6686821c71/screenshot - {}
RESULT: {}
COMMAND: POST /session/c560a4da8281d0ae87757c6686821c71/element - {"using":"xpath","value":"//button[.//bdi[text() = \"Refuse\"]]"}
RESULT: {"using":"xpath","value":"//button[.//bdi[text() = \"Refuse\"]]"}
COMMAND: POST /session/c560a4da8281d0ae87757c6686821c71/element/f.437C3BD069600255C914999B9931D078.d.107D2B7BA53DF0A26338934C3071A540.e.8319/click - {}
RESULT: {}
COMMAND: GET /session/c560a4da8281d0ae87757c6686821c71/screenshot - {}
RESULT: {}
COMMAND: POST /session/c560a4da8281d0ae87757c6686821c71/element - {"using":"xpath","value":"//button[@data-kt= \"execHoReceiveRefuseButton\"]"}
RESULT: {"using":"xpath","value":"//button[@data-kt= \"execHoReceiveRefuseButton\"]"}
COMMAND: POST /session/c560a4da8281d0ae87757c6686821c71/element/f.437C3BD069600255C914999B9931D078.d.107D2B7BA53DF0A26338934C3071A540.e.8321/click - {}
RESULT: {}
COMMAND: GET /session/c560a4da8281d0ae87757c6686821c71/screenshot - {}
RESULT: {}
COMMAND: POST /session/c560a4da8281d0ae87757c6686821c71/element - {"using":"css selector","value":"#shell-header-logo"}
RESULT: {"using":"css selector","value":"#shell-header-logo"}
COMMAND: POST /session/c560a4da8281d0ae87757c6686821c71/element/f.437C3BD069600255C914999B9931D078.d.107D2B7BA53DF0A26338934C3071A540.e.7964/click - {}
RESULT: {}
COMMAND: GET /session/c560a4da8281d0ae87757c6686821c71/screenshot - {}
RESULT: {}
COMMAND: POST /session/c560a4da8281d0ae87757c6686821c71/element - {"using":"css selector","value":"#j_username"}
COMMAND: POST /session/c560a4da8281d0ae87757c6686821c71/url - {"url":"https://qa-testing-00-live-etm-ui.cfapps.eu10-004.hana.ondemand.com/"}
RESULT: {"using":"css selector","value":"#j_username"}
COMMAND: POST /session/c560a4da8281d0ae87757c6686821c71/element - {"using":"css selector","value":"#j_username"}
RESULT: {"url":"https://qa-testing-00-live-etm-ui.cfapps.eu10-004.hana.ondemand.com/"}
RESULT: undefined
COMMAND: GET /session/c560a4da8281d0ae87757c6686821c71/screenshot - {}
RESULT: {"using":"css selector","value":"#j_username"}
COMMAND: POST /session/c560a4da8281d0ae87757c6686821c71/element - {"using":"css selector","value":"#shell-header-logo"}
RESULT: {}
RESULT: {"using":"css selector","value":"#shell-header-logo"}
COMMAND: POST /session/c560a4da8281d0ae87757c6686821c71/execute/sync - {"script":"<script> [8489 bytes]","args":[{"element-6066-11e4-a52e-4f735466cecf":"f.437C3BD069600255C914999B9931D078.d.4B27A7124D13B80C4C0F9240591F158D.e.8371","ELEMENT":"f.437C3BD069600255C914999B9931D078.d.4B27A7124D13B80C4C0F9240591F158D.e.8371"}]}
RESULT: {"script":"<script> [8489 bytes]","args":[{"element-6066-11e4-a52e-4f735466cecf":"f.437C3BD069600255C914999B9931D078.d.4B27A7124D13B80C4C0F9240591F158D.e.8371","ELEMENT":"f.437C3BD069600255C914999B9931D078.d.4B27A7124D13B80C4C0F9240591F158D.e.8371"}]}
COMMAND: POST /session/c560a4da8281d0ae87757c6686821c71/element - {"using":"css selector","value":"#shell-header-logo"}
COMMAND: GET /session/c560a4da8281d0ae87757c6686821c71/screenshot - {}
RESULT: {"using":"css selector","value":"#shell-header-logo"}
COMMAND: POST /session/c560a4da8281d0ae87757c6686821c71/execute/sync - {"script":"<script> [8489 bytes]","args":[{"element-6066-11e4-a52e-4f735466cecf":"f.437C3BD069600255C914999B9931D078.d.4B27A7124D13B80C4C0F9240591F158D.e.8371","ELEMENT":"f.437C3BD069600255C914999B9931D078.d.4B27A7124D13B80C4C0F9240591F158D.e.8371"}]}
RESULT: {}
RESULT: {"script":"<script> [8489 bytes]","args":[{"element-6066-11e4-a52e-4f735466cecf":"f.437C3BD069600255C914999B9931D078.d.4B27A7124D13B80C4C0F9240591F158D.e.8371","ELEMENT":"f.437C3BD069600255C914999B9931D078.d.4B27A7124D13B80C4C0F9240591F158D.e.8371"}]}
COMMAND: POST /session/c560a4da8281d0ae87757c6686821c71/execute/sync - {"script":"<script> [5351 bytes]","args":[{"element-6066-11e4-a52e-4f735466cecf":"f.437C3BD069600255C914999B9931D078.d.4B27A7124D13B80C4C0F9240591F158D.e.8371","ELEMENT":"f.437C3BD069600255C914999B9931D078.d.4B27A7124D13B80C4C0F9240591F158D.e.8371"}]}
COMMAND: GET /session/c560a4da8281d0ae87757c6686821c71/screenshot - {}
RESULT: {"script":"<script> [5351 bytes]","args":[{"element-6066-11e4-a52e-4f735466cecf":"f.437C3BD069600255C914999B9931D078.d.4B27A7124D13B80C4C0F9240591F158D.e.8371","ELEMENT":"f.437C3BD069600255C914999B9931D078.d.4B27A7124D13B80C4C0F9240591F158D.e.8371"}]}
COMMAND: POST /session/c560a4da8281d0ae87757c6686821c71/element - {"using":"css selector","value":"#shell-header-logo"}
COMMAND: GET /session/c560a4da8281d0ae87757c6686821c71/screenshot - {}
RESULT: {}
RESULT: {"using":"css selector","value":"#shell-header-logo"}
COMMAND: POST /session/c560a4da8281d0ae87757c6686821c71/element/f.437C3BD069600255C914999B9931D078.d.4B27A7124D13B80C4C0F9240591F158D.e.8371/click - {}
RESULT: {}
RESULT: {}
COMMAND: GET /session/c560a4da8281d0ae87757c6686821c71/screenshot - {}
RESULT: {}
COMMAND: POST /session/c560a4da8281d0ae87757c6686821c71/execute/async - {"script":"<script> [189 bytes]","args":[]}
RESULT: {"script":"<script> [189 bytes]","args":[]}
COMMAND: POST /session/c560a4da8281d0ae87757c6686821c71/execute/async - {"script":"<script> [123 bytes]","args":[]}
RESULT: {"script":"<script> [123 bytes]","args":[]}
COMMAND: POST /session/c560a4da8281d0ae87757c6686821c71/timeouts - {"script":"<number>"}
RESULT: {"script":"<number>"}
COMMAND: GET /session/c560a4da8281d0ae87757c6686821c71/timeouts - {}
RESULT: {}
RESULT: undefined
COMMAND: POST /session/c560a4da8281d0ae87757c6686821c71/execute/async - {"script":"<script> [2676 bytes]","args":[]}
RESULT: {"script":"<script> [2676 bytes]","args":[]}
COMMAND: POST /session/c560a4da8281d0ae87757c6686821c71/execute/async - {"script":"<script> [2342 bytes]","args":[{"protocol":"http","hostname":"0.0.0.0","path":"/","capabilities":{"browserName":"chrome","goog:chromeOptions":{"binary":"C:\\Program Files\\Google\\Chrome\\Application\\chrome.exe","args":["--start-maximized"]}},"logLevel":"warn","connectionRetryTimeout":120000,"connectionRetryCount":3,"logLevels":{},"enableDirectConnect":true,"strictSSL":true,"_":"65 more keys: [\"cacheDir\",\"port\",\"requestedCapabilities\",\"automationProtocol\",\"baseUrl\",\"waitforInterval\",\"waitforTimeout\",\"onReload\",\"beforeCommand\",\"afterCommand\",\"rootDir\",\"specs\",\"suites\",\"exclude\",\"groupLogsByTestSpec\",\"excludeDriverLogs\",\"bail\",\"framework\",\"reporters\",\"services\",\"maxInstances\",\"maxInstancesPerCapability\",\"injectGlobals\",\"filesToWatch\",\"execArgv\",\"runnerEnv\",\"runner\",\"shard\",\"specFileRetries\",\"specFileRetriesDelay\",\"specFileRetriesDeferred\",\"reporterSyncInterval\",\"reporterSyncTimeout\",\"cucumberFeaturesWithLineNumbers\",\"autoCompileOpts\",\"mochaOpts\",\"jasmineOpts\",\"cucumberOpts\",\"onPrepare\",\"onWorkerStart\",\"onWorkerEnd\",\"before\",\"beforeSession\",\"beforeSuite\",\"beforeHook\",\"beforeTest\",\"afterTest\",\"afterHook\",\"afterSuite\",\"afterSession\",\"after\",\"onComplete\",\"beforeAssertion\",\"afterAssertion\",\"beforeFeature\",\"beforeScenario\",\"beforeStep\",\"afterStep\",\"afterScenario\",\"afterFeature\",\"_\",\"suite\",\"$0\",\"ignoredWorkerServices\",\"wdi5\"]"}]}
RESULT: {"script":"<script> [2342 bytes]","args":[{"protocol":"http","hostname":"0.0.0.0","path":"/","capabilities":{"browserName":"chrome","goog:chromeOptions":{"binary":"C:\\Program Files\\Google\\Chrome\\Application\\chrome.exe","args":["--start-maximized"]}},"logLevel":"warn","connectionRetryTimeout":120000,"connectionRetryCount":3,"logLevels":{},"enableDirectConnect":true,"strictSSL":true,"_":"65 more keys: [\"cacheDir\",\"port\",\"requestedCapabilities\",\"automationProtocol\",\"baseUrl\",\"waitforInterval\",\"waitforTimeout\",\"onReload\",\"beforeCommand\",\"afterCommand\",\"rootDir\",\"specs\",\"suites\",\"exclude\",\"groupLogsByTestSpec\",\"excludeDriverLogs\",\"bail\",\"framework\",\"reporters\",\"services\",\"maxInstances\",\"maxInstancesPerCapability\",\"injectGlobals\",\"filesToWatch\",\"execArgv\",\"runnerEnv\",\"runner\",\"shard\",\"specFileRetries\",\"specFileRetriesDelay\",\"specFileRetriesDeferred\",\"reporterSyncInterval\",\"reporterSyncTimeout\",\"cucumberFeaturesWithLineNumbers\",\"autoCompileOpts\",\"mochaOpts\",\"jasmineOpts\",\"cucumberOpts\",\"onPrepare\",\"onWorkerStart\",\"onWorkerEnd\",\"before\",\"beforeSession\",\"beforeSuite\",\"beforeHook\",\"beforeTest\",\"afterTest\",\"afterHook\",\"afterSuite\",\"afterSession\",\"after\",\"onComplete\",\"beforeAssertion\",\"afterAssertion\",\"beforeFeature\",\"beforeScenario\",\"beforeStep\",\"afterStep\",\"afterScenario\",\"afterFeature\",\"_\",\"suite\",\"$0\",\"ignoredWorkerServices\",\"wdi5\"]"}]}
COMMAND: POST /session/c560a4da8281d0ae87757c6686821c71/execute/async - {"script":"<script> [21126 bytes]","args":[35000]}
RESULT: {"script":"<script> [21126 bytes]","args":[35000]}
COMMAND: POST /session/c560a4da8281d0ae87757c6686821c71/window/maximize - {}
RESULT: {}
COMMAND: POST /session/c560a4da8281d0ae87757c6686821c71/execute/async - {"script":"<script> [1562 bytes]","args":[{"selector":{"id":"shell-header","interaction":{"idSuffix":"icon"}},"wdio_ui5_key":"shellheader"}]}
COMMAND: GET /session/c560a4da8281d0ae87757c6686821c71/screenshot - {}
RESULT: {"script":"<script> [1562 bytes]","args":[{"selector":{"id":"shell-header","interaction":{"idSuffix":"icon"}},"wdio_ui5_key":"shellheader"}]}
RESULT: undefined
COMMAND: POST /session/c560a4da8281d0ae87757c6686821c71/window/fullscreen - {}
RESULT: {}
RESULT: {}
]]></system-out>
    </testcase>
  </testsuite>
  <testsuite timestamp="2025-06-14T16:40:20" time="140.844" tests="6" failures="0" errors="0" skipped="0">
    <properties>
      <property name="specId" value="0"/>
      <property name="suiteName" value="Provide to Site w/ warehouse management w/o clarification US113782 "/>
      <property name="capabilities" value="chrome.137_0_7151_69.windows"/>
      <property name="file" value="file:///D:/a/1/s/test/specs/HTR/provide-to-site-w-warehouse-wo-clarification.spec.js"/>
    </properties>
    <testcase classname="chrome.137_0_7151_69.windows.Provide_to_Site_w/_warehouse_management_w/o_clarification_US113782_" name="Should create a new WHM yard" time="0.084">
      <system-out><![CDATA[
COMMAND: POST /session/c560a4da8281d0ae87757c6686821c71/window/fullscreen - {}
RESULT: {}
]]></system-out>
    </testcase>
    <testcase classname="chrome.137_0_7151_69.windows.Provide_to_Site_w/_warehouse_management_w/o_clarification_US113782_" name="Should create a new external WHM partner" time="0.002"/>
    <testcase classname="chrome.137_0_7151_69.windows.Provide_to_Site_w/_warehouse_management_w/o_clarification_US113782_" name="Should create a new WHM site" time="0.002"/>
    <testcase classname="chrome.137_0_7151_69.windows.Provide_to_Site_w/_warehouse_management_w/o_clarification_US113782_" name="Should create a new material" time="127.684">
      <system-out><![CDATA[
COMMAND: POST /session/c560a4da8281d0ae87757c6686821c71/execute/async - {"script":"<script> [1562 bytes]","args":[{"selector":{"controlType":"sap.m.GenericTile","properties":{"header":"Manage Resources"}},"wdio_ui5_key":"sapm.GenericTile{\"header\":\"Manage Resources\"}"}]}
RESULT: {"script":"<script> [1562 bytes]","args":[{"selector":{"controlType":"sap.m.GenericTile","properties":{"header":"Manage Resources"}},"wdio_ui5_key":"sapm.GenericTile{\"header\":\"Manage Resources\"}"}]}
RESULT: undefined
COMMAND: POST /session/c560a4da8281d0ae87757c6686821c71/element - {"using":"xpath","value":"//*[@id=\"__tile32\"]"}
RESULT: {"using":"xpath","value":"//*[@id=\"__tile32\"]"}
COMMAND: POST /session/c560a4da8281d0ae87757c6686821c71/element/f.437C3BD069600255C914999B9931D078.d.4B27A7124D13B80C4C0F9240591F158D.e.8397/click - {}
RESULT: {}
COMMAND: GET /session/c560a4da8281d0ae87757c6686821c71/screenshot - {}
RESULT: {}
COMMAND: POST /session/c560a4da8281d0ae87757c6686821c71/elements - {"using":"xpath","value":"//span[text()='Error']"}
RESULT: {"using":"xpath","value":"//span[text()='Error']"}
COMMAND: POST /session/c560a4da8281d0ae87757c6686821c71/element - {"using":"xpath","value":"//button[@data-kt=\"addNewRUOverflowToolbarButton\"]"}
RESULT: {"using":"xpath","value":"//button[@data-kt=\"addNewRUOverflowToolbarButton\"]"}
COMMAND: POST /session/c560a4da8281d0ae87757c6686821c71/elements - {"using":"xpath","value":"//button[@data-kt=\"addNewRUOverflowToolbarButton\"]"}
RESULT: {"using":"xpath","value":"//button[@data-kt=\"addNewRUOverflowToolbarButton\"]"}
COMMAND: POST /session/c560a4da8281d0ae87757c6686821c71/elements - {"using":"xpath","value":"//button[@data-kt=\"addNewRUOverflowToolbarButton\"]"}
RESULT: {"using":"xpath","value":"//button[@data-kt=\"addNewRUOverflowToolbarButton\"]"}
COMMAND: POST /session/c560a4da8281d0ae87757c6686821c71/element - {"using":"xpath","value":"//button[@data-kt=\"addNewRUOverflowToolbarButton\"]"}
RESULT: {"using":"xpath","value":"//button[@data-kt=\"addNewRUOverflowToolbarButton\"]"}
COMMAND: POST /session/c560a4da8281d0ae87757c6686821c71/execute/sync - {"script":"<script> [8489 bytes]","args":[{"element-6066-11e4-a52e-4f735466cecf":"f.437C3BD069600255C914999B9931D078.d.4B27A7124D13B80C4C0F9240591F158D.e.8531","ELEMENT":"f.437C3BD069600255C914999B9931D078.d.4B27A7124D13B80C4C0F9240591F158D.e.8531"}]}
RESULT: {"script":"<script> [8489 bytes]","args":[{"element-6066-11e4-a52e-4f735466cecf":"f.437C3BD069600255C914999B9931D078.d.4B27A7124D13B80C4C0F9240591F158D.e.8531","ELEMENT":"f.437C3BD069600255C914999B9931D078.d.4B27A7124D13B80C4C0F9240591F158D.e.8531"}]}
COMMAND: GET /session/c560a4da8281d0ae87757c6686821c71/element/f.437C3BD069600255C914999B9931D078.d.4B27A7124D13B80C4C0F9240591F158D.e.8531/enabled - {}
COMMAND: GET /session/c560a4da8281d0ae87757c6686821c71/screenshot - {}
RESULT: {}
COMMAND: POST /session/c560a4da8281d0ae87757c6686821c71/execute/sync - {"script":"<script> [8489 bytes]","args":[{"element-6066-11e4-a52e-4f735466cecf":"f.437C3BD069600255C914999B9931D078.d.4B27A7124D13B80C4C0F9240591F158D.e.8531","ELEMENT":"f.437C3BD069600255C914999B9931D078.d.4B27A7124D13B80C4C0F9240591F158D.e.8531"}]}
COMMAND: GET /session/c560a4da8281d0ae87757c6686821c71/screenshot - {}
RESULT: {}
RESULT: {"script":"<script> [8489 bytes]","args":[{"element-6066-11e4-a52e-4f735466cecf":"f.437C3BD069600255C914999B9931D078.d.4B27A7124D13B80C4C0F9240591F158D.e.8531","ELEMENT":"f.437C3BD069600255C914999B9931D078.d.4B27A7124D13B80C4C0F9240591F158D.e.8531"}]}
COMMAND: POST /session/c560a4da8281d0ae87757c6686821c71/execute/sync - {"script":"<script> [5351 bytes]","args":[{"element-6066-11e4-a52e-4f735466cecf":"f.437C3BD069600255C914999B9931D078.d.4B27A7124D13B80C4C0F9240591F158D.e.8531","ELEMENT":"f.437C3BD069600255C914999B9931D078.d.4B27A7124D13B80C4C0F9240591F158D.e.8531"}]}
COMMAND: GET /session/c560a4da8281d0ae87757c6686821c71/screenshot - {}
RESULT: {}
RESULT: {"script":"<script> [5351 bytes]","args":[{"element-6066-11e4-a52e-4f735466cecf":"f.437C3BD069600255C914999B9931D078.d.4B27A7124D13B80C4C0F9240591F158D.e.8531","ELEMENT":"f.437C3BD069600255C914999B9931D078.d.4B27A7124D13B80C4C0F9240591F158D.e.8531"}]}
COMMAND: POST /session/c560a4da8281d0ae87757c6686821c71/element/f.437C3BD069600255C914999B9931D078.d.4B27A7124D13B80C4C0F9240591F158D.e.8531/click - {}
COMMAND: GET /session/c560a4da8281d0ae87757c6686821c71/screenshot - {}
RESULT: {}
RESULT: {}
COMMAND: GET /session/c560a4da8281d0ae87757c6686821c71/screenshot - {}
RESULT: {}
RESULT: {}
COMMAND: POST /session/c560a4da8281d0ae87757c6686821c71/execute/async - {"script":"<script> [1562 bytes]","args":[{"selector":{"id":"application-manageresources-display-component---newResourceUnit--TYPE-arrow"},"wdio_ui5_key":"applicationmanageresources-display-component---newResourceUnit--TYPE-arrow"}]}
RESULT: {"script":"<script> [1562 bytes]","args":[{"selector":{"id":"application-manageresources-display-component---newResourceUnit--TYPE-arrow"},"wdio_ui5_key":"applicationmanageresources-display-component---newResourceUnit--TYPE-arrow"}]}
RESULT: undefined
COMMAND: POST /session/c560a4da8281d0ae87757c6686821c71/element - {"using":"xpath","value":"//*[@id=\"application-manageresources-display-component---newResourceUnit--TYPE-arrow\"]"}
RESULT: {"using":"xpath","value":"//*[@id=\"application-manageresources-display-component---newResourceUnit--TYPE-arrow\"]"}
COMMAND: POST /session/c560a4da8281d0ae87757c6686821c71/element/f.437C3BD069600255C914999B9931D078.d.4B27A7124D13B80C4C0F9240591F158D.e.8702/click - {}
RESULT: {}
COMMAND: POST /session/c560a4da8281d0ae87757c6686821c71/element - {"using":"xpath","value":"//input[@id=\"application-manageresources-display-component---newResourceUnit--TYPE-inner\"]"}
COMMAND: GET /session/c560a4da8281d0ae87757c6686821c71/screenshot - {}
RESULT: {"using":"xpath","value":"//input[@id=\"application-manageresources-display-component---newResourceUnit--TYPE-inner\"]"}
COMMAND: POST /session/c560a4da8281d0ae87757c6686821c71/element/f.437C3BD069600255C914999B9931D078.d.4B27A7124D13B80C4C0F9240591F158D.e.8583/clear - {}
RESULT: {}
RESULT: {}
COMMAND: POST /session/c560a4da8281d0ae87757c6686821c71/element/f.437C3BD069600255C914999B9931D078.d.4B27A7124D13B80C4C0F9240591F158D.e.8583/value - {"text":"Material"}
COMMAND: GET /session/c560a4da8281d0ae87757c6686821c71/screenshot - {}
RESULT: {"text":"Material"}
COMMAND: GET /session/c560a4da8281d0ae87757c6686821c71/screenshot - {}
RESULT: {}
COMMAND: POST /session/c560a4da8281d0ae87757c6686821c71/actions - {"actions":[{"id":"action28","type":"key","parameters":{},"actions":[{"type":"keyDown","value":""},{"type":"pause","duration":10},{"type":"keyUp","value":""}]}]}
RESULT: {}
RESULT: {"actions":[{"id":"action28","type":"key","parameters":{},"actions":[{"type":"keyDown","value":""},{"type":"pause","duration":10},{"type":"keyUp","value":""}]}]}
COMMAND: POST /session/c560a4da8281d0ae87757c6686821c71/execute/async - {"script":"<script> [1562 bytes]","args":[{"selector":{"id":"application-manageresources-display-component---newResourceUnit--SHORT_TEXT","interaction":{"idSuffix":"inner"}},"wdio_ui5_key":"applicationmanageresources-display-component---newResourceUnit--SHORT_TEXT"}]}
COMMAND: GET /session/c560a4da8281d0ae87757c6686821c71/screenshot - {}
RESULT: undefined
RESULT: undefined
RESULT: {"script":"<script> [1562 bytes]","args":[{"selector":{"id":"application-manageresources-display-component---newResourceUnit--SHORT_TEXT","interaction":{"idSuffix":"inner"}},"wdio_ui5_key":"applicationmanageresources-display-component---newResourceUnit--SHORT_TEXT"}]}
RESULT: undefined
COMMAND: POST /session/c560a4da8281d0ae87757c6686821c71/execute/async - {"script":"<script> [776 bytes]","args":[{"enterText":"Cement WDIO","selector":{"id":"application-manageresources-display-component---newResourceUnit--SHORT_TEXT","interaction":{"idSuffix":"inner"}},"clearTextFirst":true,"interactionType":"ENTER_TEXT"}]}
RESULT: {}
RESULT: {"script":"<script> [776 bytes]","args":[{"enterText":"Cement WDIO","selector":{"id":"application-manageresources-display-component---newResourceUnit--SHORT_TEXT","interaction":{"idSuffix":"inner"}},"clearTextFirst":true,"interactionType":"ENTER_TEXT"}]}
COMMAND: POST /session/c560a4da8281d0ae87757c6686821c71/execute/async - {"script":"<script> [1562 bytes]","args":[{"selector":{"id":"application-manageresources-display-component---newResourceUnit--BASE_UNIT_OF_MEASURE","interaction":{"idSuffix":"inner"}},"wdio_ui5_key":"applicationmanageresources-display-component---newResourceUnit--BASE_UNIT_OF_MEASURE"}]}
RESULT: {"script":"<script> [1562 bytes]","args":[{"selector":{"id":"application-manageresources-display-component---newResourceUnit--BASE_UNIT_OF_MEASURE","interaction":{"idSuffix":"inner"}},"wdio_ui5_key":"applicationmanageresources-display-component---newResourceUnit--BASE_UNIT_OF_MEASURE"}]}
RESULT: undefined
COMMAND: POST /session/c560a4da8281d0ae87757c6686821c71/execute/async - {"script":"<script> [776 bytes]","args":[{"enterText":"Piece","selector":{"id":"application-manageresources-display-component---newResourceUnit--BASE_UNIT_OF_MEASURE","interaction":{"idSuffix":"inner"}},"clearTextFirst":true,"interactionType":"ENTER_TEXT"}]}
RESULT: {"script":"<script> [776 bytes]","args":[{"enterText":"Piece","selector":{"id":"application-manageresources-display-component---newResourceUnit--BASE_UNIT_OF_MEASURE","interaction":{"idSuffix":"inner"}},"clearTextFirst":true,"interactionType":"ENTER_TEXT"}]}
COMMAND: POST /session/c560a4da8281d0ae87757c6686821c71/execute/async - {"script":"<script> [1562 bytes]","args":[{"selector":{"id":"application-manageresources-display-component---newResourceUnit--WEIGHT_UNIT","interaction":{"idSuffix":"inner"}},"wdio_ui5_key":"applicationmanageresources-display-component---newResourceUnit--WEIGHT_UNIT"}]}
RESULT: {"script":"<script> [1562 bytes]","args":[{"selector":{"id":"application-manageresources-display-component---newResourceUnit--WEIGHT_UNIT","interaction":{"idSuffix":"inner"}},"wdio_ui5_key":"applicationmanageresources-display-component---newResourceUnit--WEIGHT_UNIT"}]}
RESULT: undefined
COMMAND: POST /session/c560a4da8281d0ae87757c6686821c71/execute/async - {"script":"<script> [776 bytes]","args":[{"enterText":"Gram","selector":{"id":"application-manageresources-display-component---newResourceUnit--WEIGHT_UNIT","interaction":{"idSuffix":"inner"}},"clearTextFirst":true,"interactionType":"ENTER_TEXT"}]}
RESULT: {"script":"<script> [776 bytes]","args":[{"enterText":"Gram","selector":{"id":"application-manageresources-display-component---newResourceUnit--WEIGHT_UNIT","interaction":{"idSuffix":"inner"}},"clearTextFirst":true,"interactionType":"ENTER_TEXT"}]}
COMMAND: POST /session/c560a4da8281d0ae87757c6686821c71/execute/async - {"script":"<script> [1562 bytes]","args":[{"selector":{"id":"application-manageresources-display-component---newResourceUnit--DIMENSION_UNIT","interaction":{"idSuffix":"inner"}},"wdio_ui5_key":"applicationmanageresources-display-component---newResourceUnit--DIMENSION_UNIT"}]}
RESULT: {"script":"<script> [1562 bytes]","args":[{"selector":{"id":"application-manageresources-display-component---newResourceUnit--DIMENSION_UNIT","interaction":{"idSuffix":"inner"}},"wdio_ui5_key":"applicationmanageresources-display-component---newResourceUnit--DIMENSION_UNIT"}]}
RESULT: undefined
COMMAND: POST /session/c560a4da8281d0ae87757c6686821c71/execute/async - {"script":"<script> [776 bytes]","args":[{"enterText":"Meter","selector":{"id":"application-manageresources-display-component---newResourceUnit--DIMENSION_UNIT","interaction":{"idSuffix":"inner"}},"clearTextFirst":true,"interactionType":"ENTER_TEXT"}]}
RESULT: {"script":"<script> [776 bytes]","args":[{"enterText":"Meter","selector":{"id":"application-manageresources-display-component---newResourceUnit--DIMENSION_UNIT","interaction":{"idSuffix":"inner"}},"clearTextFirst":true,"interactionType":"ENTER_TEXT"}]}
COMMAND: POST /session/c560a4da8281d0ae87757c6686821c71/execute/async - {"script":"<script> [1562 bytes]","args":[{"selector":{"id":"application-manageresources-display-component---newResourceUnit--newRRUPage-anchBar-application-manageresources-display-component---newResourceUnit--control-anchor","interaction":{"idSuffix":"BDI-content"}},"wdio_ui5_key":"applicationmanageresources-display-component---newResourceUnit--newRRUPage-anchBar-application-manageresources-display-component---newResourceUnit--control-anchor"}]}
RESULT: {"script":"<script> [1562 bytes]","args":[{"selector":{"id":"application-manageresources-display-component---newResourceUnit--newRRUPage-anchBar-application-manageresources-display-component---newResourceUnit--control-anchor","interaction":{"idSuffix":"BDI-content"}},"wdio_ui5_key":"applicationmanageresources-display-component---newResourceUnit--newRRUPage-anchBar-application-manageresources-display-component---newResourceUnit--control-anchor"}]}
RESULT: undefined
COMMAND: POST /session/c560a4da8281d0ae87757c6686821c71/element - {"using":"xpath","value":"//*[@id=\"application-manageresources-display-component---newResourceUnit--newRRUPage-anchBar-application-manageresources-display-component---newResourceUnit--control-anchor\"]"}
RESULT: {"using":"xpath","value":"//*[@id=\"application-manageresources-display-component---newResourceUnit--newRRUPage-anchBar-application-manageresources-display-component---newResourceUnit--control-anchor\"]"}
COMMAND: POST /session/c560a4da8281d0ae87757c6686821c71/element/f.437C3BD069600255C914999B9931D078.d.4B27A7124D13B80C4C0F9240591F158D.e.8836/click - {}
RESULT: {}
COMMAND: POST /session/c560a4da8281d0ae87757c6686821c71/execute/async - {"script":"<script> [1562 bytes]","args":[{"selector":{"id":"application-manageresources-display-component---newResourceUnit--PLANNING_GROUP","interaction":{"idSuffix":"inner"}},"wdio_ui5_key":"applicationmanageresources-display-component---newResourceUnit--PLANNING_GROUP"}]}
COMMAND: GET /session/c560a4da8281d0ae87757c6686821c71/screenshot - {}
RESULT: {"script":"<script> [1562 bytes]","args":[{"selector":{"id":"application-manageresources-display-component---newResourceUnit--PLANNING_GROUP","interaction":{"idSuffix":"inner"}},"wdio_ui5_key":"applicationmanageresources-display-component---newResourceUnit--PLANNING_GROUP"}]}
RESULT: undefined
COMMAND: POST /session/c560a4da8281d0ae87757c6686821c71/execute/async - {"script":"<script> [776 bytes]","args":[{"enterText":"Material","selector":{"id":"application-manageresources-display-component---newResourceUnit--PLANNING_GROUP","interaction":{"idSuffix":"inner"}},"clearTextFirst":true,"interactionType":"ENTER_TEXT"}]}
RESULT: {}
RESULT: {"script":"<script> [776 bytes]","args":[{"enterText":"Material","selector":{"id":"application-manageresources-display-component---newResourceUnit--PLANNING_GROUP","interaction":{"idSuffix":"inner"}},"clearTextFirst":true,"interactionType":"ENTER_TEXT"}]}
COMMAND: POST /session/c560a4da8281d0ae87757c6686821c71/execute/async - {"script":"<script> [1562 bytes]","args":[{"selector":{"id":"application-manageresources-display-component---newResourceUnit--PLANNING_INDICATOR","interaction":{"idSuffix":"inner"}},"wdio_ui5_key":"applicationmanageresources-display-component---newResourceUnit--PLANNING_INDICATOR"}]}
RESULT: {"script":"<script> [1562 bytes]","args":[{"selector":{"id":"application-manageresources-display-component---newResourceUnit--PLANNING_INDICATOR","interaction":{"idSuffix":"inner"}},"wdio_ui5_key":"applicationmanageresources-display-component---newResourceUnit--PLANNING_INDICATOR"}]}
RESULT: undefined
COMMAND: POST /session/c560a4da8281d0ae87757c6686821c71/execute/async - {"script":"<script> [776 bytes]","args":[{"enterText":"10 - infinite","selector":{"id":"application-manageresources-display-component---newResourceUnit--PLANNING_INDICATOR","interaction":{"idSuffix":"inner"}},"clearTextFirst":true,"interactionType":"ENTER_TEXT"}]}
RESULT: {"script":"<script> [776 bytes]","args":[{"enterText":"10 - infinite","selector":{"id":"application-manageresources-display-component---newResourceUnit--PLANNING_INDICATOR","interaction":{"idSuffix":"inner"}},"clearTextFirst":true,"interactionType":"ENTER_TEXT"}]}
COMMAND: POST /session/c560a4da8281d0ae87757c6686821c71/element - {"using":"css selector","value":"#application-manageresources-display-component---newResourceUnit--btnAddTimeSegment"}
RESULT: {"using":"css selector","value":"#application-manageresources-display-component---newResourceUnit--btnAddTimeSegment"}
COMMAND: GET /session/c560a4da8281d0ae87757c6686821c71/element/f.437C3BD069600255C914999B9931D078.d.4B27A7124D13B80C4C0F9240591F158D.e.8844/rect - {}
RESULT: {}
COMMAND: GET /session/c560a4da8281d0ae87757c6686821c71/window/rect - {}
RESULT: {}
COMMAND: POST /session/c560a4da8281d0ae87757c6686821c71/execute/sync - {"script":"<script> [92 bytes]","args":[]}
RESULT: {"script":"<script> [92 bytes]","args":[]}
COMMAND: POST /session/c560a4da8281d0ae87757c6686821c71/actions - {"actions":[{"id":"action29","type":"wheel","parameters":{},"actions":[{"type":"scroll","x":-1888,"y":-32,"deltaX":0,"deltaY":0,"duration":0,"origin":{"element-6066-11e4-a52e-4f735466cecf":"f.437C3BD069600255C914999B9931D078.d.4B27A7124D13B80C4C0F9240591F158D.e.8844"}}]}]}
COMMAND: GET /session/c560a4da8281d0ae87757c6686821c71/screenshot - {}
RESULT: {}
COMMAND: POST /session/c560a4da8281d0ae87757c6686821c71/execute/sync - {"script":"<script> [79 bytes]","args":[{"element-6066-11e4-a52e-4f735466cecf":"f.437C3BD069600255C914999B9931D078.d.4B27A7124D13B80C4C0F9240591F158D.e.8844","ELEMENT":"f.437C3BD069600255C914999B9931D078.d.4B27A7124D13B80C4C0F9240591F158D.e.8844"},{"block":"start","inline":"nearest"}]}
RESULT: {"script":"<script> [79 bytes]","args":[{"element-6066-11e4-a52e-4f735466cecf":"f.437C3BD069600255C914999B9931D078.d.4B27A7124D13B80C4C0F9240591F158D.e.8844","ELEMENT":"f.437C3BD069600255C914999B9931D078.d.4B27A7124D13B80C4C0F9240591F158D.e.8844"},{"block":"start","inline":"nearest"}]}
COMMAND: POST /session/c560a4da8281d0ae87757c6686821c71/execute/async - {"script":"<script> [1562 bytes]","args":[{"selector":{"id":"application-manageresources-display-component---newResourceUnit--btnAddTimeSegment","interaction":{"idSuffix":"inner"}},"wdio_ui5_key":"applicationmanageresources-display-component---newResourceUnit--btnAddTimeSegment"}]}
COMMAND: GET /session/c560a4da8281d0ae87757c6686821c71/screenshot - {}
RESULT: {"script":"<script> [1562 bytes]","args":[{"selector":{"id":"application-manageresources-display-component---newResourceUnit--btnAddTimeSegment","interaction":{"idSuffix":"inner"}},"wdio_ui5_key":"applicationmanageresources-display-component---newResourceUnit--btnAddTimeSegment"}]}
RESULT: undefined
COMMAND: POST /session/c560a4da8281d0ae87757c6686821c71/element - {"using":"xpath","value":"//*[@id=\"application-manageresources-display-component---newResourceUnit--btnAddTimeSegment\"]"}
RESULT: {}
RESULT: {"using":"xpath","value":"//*[@id=\"application-manageresources-display-component---newResourceUnit--btnAddTimeSegment\"]"}
COMMAND: POST /session/c560a4da8281d0ae87757c6686821c71/element/f.437C3BD069600255C914999B9931D078.d.4B27A7124D13B80C4C0F9240591F158D.e.8844/click - {}
RESULT: {}
COMMAND: GET /session/c560a4da8281d0ae87757c6686821c71/screenshot - {}
RESULT: {}
COMMAND: POST /session/c560a4da8281d0ae87757c6686821c71/element - {"using":"xpath","value":"//input[@id=\"application-manageresources-display-component---newResourceUnit--idRuTSAdmin-application-manageresources-display-component---newResourceUnit--RUTimeSegment-0-inner\"]"}
RESULT: {"using":"xpath","value":"//input[@id=\"application-manageresources-display-component---newResourceUnit--idRuTSAdmin-application-manageresources-display-component---newResourceUnit--RUTimeSegment-0-inner\"]"}
COMMAND: POST /session/c560a4da8281d0ae87757c6686821c71/element/f.437C3BD069600255C914999B9931D078.d.4B27A7124D13B80C4C0F9240591F158D.e.8849/clear - {}
RESULT: {}
COMMAND: POST /session/c560a4da8281d0ae87757c6686821c71/element/f.437C3BD069600255C914999B9931D078.d.4B27A7124D13B80C4C0F9240591F158D.e.8849/value - {"text":"263"}
COMMAND: GET /session/c560a4da8281d0ae87757c6686821c71/screenshot - {}
RESULT: {"text":"263"}
COMMAND: GET /session/c560a4da8281d0ae87757c6686821c71/screenshot - {}
RESULT: {}
RESULT: {}
COMMAND: POST /session/c560a4da8281d0ae87757c6686821c71/element - {"using":"xpath","value":"//li[.//span[text()='263']]"}
RESULT: {"using":"xpath","value":"//li[.//span[text()='263']]"}
COMMAND: POST /session/c560a4da8281d0ae87757c6686821c71/element/f.437C3BD069600255C914999B9931D078.d.4B27A7124D13B80C4C0F9240591F158D.e.8856/click - {}
RESULT: {}
COMMAND: GET /session/c560a4da8281d0ae87757c6686821c71/screenshot - {}
RESULT: {}
COMMAND: POST /session/c560a4da8281d0ae87757c6686821c71/element - {"using":"xpath","value":"(//span[contains(@id, \"-application-manageresources-display-component---newResourceUnit--RUTimeSegment-0-arrow\")])[2]"}
RESULT: {"using":"xpath","value":"(//span[contains(@id, \"-application-manageresources-display-component---newResourceUnit--RUTimeSegment-0-arrow\")])[2]"}
COMMAND: POST /session/c560a4da8281d0ae87757c6686821c71/element/f.437C3BD069600255C914999B9931D078.d.4B27A7124D13B80C4C0F9240591F158D.e.8857/click - {}
RESULT: {}
COMMAND: POST /session/c560a4da8281d0ae87757c6686821c71/element - {"using":"xpath","value":"//span[contains(text(), \"PM Order\")]"}
COMMAND: GET /session/c560a4da8281d0ae87757c6686821c71/screenshot - {}
RESULT: {"using":"xpath","value":"//span[contains(text(), \"PM Order\")]"}
COMMAND: POST /session/c560a4da8281d0ae87757c6686821c71/element/f.437C3BD069600255C914999B9931D078.d.4B27A7124D13B80C4C0F9240591F158D.e.8858/click - {}
RESULT: {}
RESULT: {}
COMMAND: GET /session/c560a4da8281d0ae87757c6686821c71/screenshot - {}
RESULT: {}
COMMAND: POST /session/c560a4da8281d0ae87757c6686821c71/element - {"using":"xpath","value":"//td/div/div/div/span[contains(@id, \"newResourceUnit--RUTimeSegment-0-vhi\")][1]"}
RESULT: {"using":"xpath","value":"//td/div/div/div/span[contains(@id, \"newResourceUnit--RUTimeSegment-0-vhi\")][1]"}
COMMAND: GET /session/c560a4da8281d0ae87757c6686821c71/element/f.437C3BD069600255C914999B9931D078.d.4B27A7124D13B80C4C0F9240591F158D.e.8862/rect - {}
RESULT: {}
COMMAND: GET /session/c560a4da8281d0ae87757c6686821c71/window/rect - {}
RESULT: {}
COMMAND: POST /session/c560a4da8281d0ae87757c6686821c71/execute/sync - {"script":"<script> [92 bytes]","args":[]}
RESULT: {"script":"<script> [92 bytes]","args":[]}
COMMAND: POST /session/c560a4da8281d0ae87757c6686821c71/actions - {"actions":[{"id":"action30","type":"wheel","parameters":{},"actions":[{"type":"scroll","x":-1888,"y":-24,"deltaX":0,"deltaY":0,"duration":0,"origin":{"element-6066-11e4-a52e-4f735466cecf":"f.437C3BD069600255C914999B9931D078.d.4B27A7124D13B80C4C0F9240591F158D.e.8862"}}]}]}
COMMAND: GET /session/c560a4da8281d0ae87757c6686821c71/screenshot - {}
RESULT: {}
COMMAND: POST /session/c560a4da8281d0ae87757c6686821c71/execute/sync - {"script":"<script> [79 bytes]","args":[{"element-6066-11e4-a52e-4f735466cecf":"f.437C3BD069600255C914999B9931D078.d.4B27A7124D13B80C4C0F9240591F158D.e.8862","ELEMENT":"f.437C3BD069600255C914999B9931D078.d.4B27A7124D13B80C4C0F9240591F158D.e.8862"},{"block":"start","inline":"nearest"}]}
RESULT: {"script":"<script> [79 bytes]","args":[{"element-6066-11e4-a52e-4f735466cecf":"f.437C3BD069600255C914999B9931D078.d.4B27A7124D13B80C4C0F9240591F158D.e.8862","ELEMENT":"f.437C3BD069600255C914999B9931D078.d.4B27A7124D13B80C4C0F9240591F158D.e.8862"},{"block":"start","inline":"nearest"}]}
COMMAND: GET /session/c560a4da8281d0ae87757c6686821c71/screenshot - {}
RESULT: {}
COMMAND: POST /session/c560a4da8281d0ae87757c6686821c71/element/f.437C3BD069600255C914999B9931D078.d.4B27A7124D13B80C4C0F9240591F158D.e.8862/click - {}
RESULT: {}
COMMAND: GET /session/c560a4da8281d0ae87757c6686821c71/screenshot - {}
RESULT: {}
COMMAND: POST /session/c560a4da8281d0ae87757c6686821c71/execute/async - {"script":"<script> [1562 bytes]","args":[{"selector":{"controlType":"sap.m.SearchField","properties":{"placeholder":"Search"},"searchOpenDialogs":true,"interaction":{"idSuffix":"I"}},"wdio_ui5_key":"sapm.SearchField{\"placeholder\":\"Search\"}"}]}
RESULT: {"script":"<script> [1562 bytes]","args":[{"selector":{"controlType":"sap.m.SearchField","properties":{"placeholder":"Search"},"searchOpenDialogs":true,"interaction":{"idSuffix":"I"}},"wdio_ui5_key":"sapm.SearchField{\"placeholder\":\"Search\"}"}]}
RESULT: undefined
COMMAND: POST /session/c560a4da8281d0ae87757c6686821c71/execute/async - {"script":"<script> [776 bytes]","args":[{"enterText":"4000360","selector":{"controlType":"sap.m.SearchField","properties":{"placeholder":"Search"},"searchOpenDialogs":true,"interaction":{"idSuffix":"I"}},"clearTextFirst":true,"interactionType":"ENTER_TEXT"}]}
RESULT: {"script":"<script> [776 bytes]","args":[{"enterText":"4000360","selector":{"controlType":"sap.m.SearchField","properties":{"placeholder":"Search"},"searchOpenDialogs":true,"interaction":{"idSuffix":"I"}},"clearTextFirst":true,"interactionType":"ENTER_TEXT"}]}
COMMAND: POST /session/c560a4da8281d0ae87757c6686821c71/actions - {"actions":[{"id":"action31","type":"key","parameters":{},"actions":[{"type":"keyDown","value":""},{"type":"pause","duration":10},{"type":"keyUp","value":""}]}]}
RESULT: {"actions":[{"id":"action31","type":"key","parameters":{},"actions":[{"type":"keyDown","value":""},{"type":"pause","duration":10},{"type":"keyUp","value":""}]}]}
COMMAND: GET /session/c560a4da8281d0ae87757c6686821c71/screenshot - {}
RESULT: {}
COMMAND: POST /session/c560a4da8281d0ae87757c6686821c71/element - {"using":"xpath","value":"//td/div/span[contains(text(), \"BGL Vehicles\")]"}
RESULT: {"using":"xpath","value":"//td/div/span[contains(text(), \"BGL Vehicles\")]"}
COMMAND: POST /session/c560a4da8281d0ae87757c6686821c71/element/f.437C3BD069600255C914999B9931D078.d.4B27A7124D13B80C4C0F9240591F158D.e.8883/click - {}
RESULT: {}
COMMAND: GET /session/c560a4da8281d0ae87757c6686821c71/screenshot - {}
RESULT: {}
COMMAND: POST /session/c560a4da8281d0ae87757c6686821c71/element - {"using":"xpath","value":"//bdi[contains(text(), \"OK\")]"}
RESULT: {"using":"xpath","value":"//bdi[contains(text(), \"OK\")]"}
COMMAND: POST /session/c560a4da8281d0ae87757c6686821c71/element/f.437C3BD069600255C914999B9931D078.d.4B27A7124D13B80C4C0F9240591F158D.e.8884/click - {}
RESULT: {}
COMMAND: GET /session/c560a4da8281d0ae87757c6686821c71/screenshot - {}
RESULT: {}
COMMAND: POST /session/c560a4da8281d0ae87757c6686821c71/element - {"using":"xpath","value":"//label[contains(@class, 'sapMLabelRequired') and .//bdi[contains(text(), 'Planned Retirement')]]"}
RESULT: {"using":"xpath","value":"//label[contains(@class, 'sapMLabelRequired') and .//bdi[contains(text(), 'Planned Retirement')]]"}
COMMAND: POST /session/c560a4da8281d0ae87757c6686821c71/elements - {"using":"xpath","value":"//label[contains(@class, 'sapMLabelRequired') and .//bdi[contains(text(), 'Planned Retirement')]]"}
RESULT: {"using":"xpath","value":"//label[contains(@class, 'sapMLabelRequired') and .//bdi[contains(text(), 'Planned Retirement')]]"}
COMMAND: POST /session/c560a4da8281d0ae87757c6686821c71/element - {"using":"xpath","value":"//button[@data-kt=\"resourceUnitSaveButton\"]"}
RESULT: {"using":"xpath","value":"//button[@data-kt=\"resourceUnitSaveButton\"]"}
COMMAND: POST /session/c560a4da8281d0ae87757c6686821c71/element/f.437C3BD069600255C914999B9931D078.d.4B27A7124D13B80C4C0F9240591F158D.e.8721/click - {}
RESULT: {}
COMMAND: GET /session/c560a4da8281d0ae87757c6686821c71/screenshot - {}
RESULT: {}
COMMAND: POST /session/c560a4da8281d0ae87757c6686821c71/element - {"using":"xpath","value":"//bdi[contains(text(), \"Close\")]"}
RESULT: {"using":"xpath","value":"//bdi[contains(text(), \"Close\")]"}
COMMAND: POST /session/c560a4da8281d0ae87757c6686821c71/element/f.437C3BD069600255C914999B9931D078.d.4B27A7124D13B80C4C0F9240591F158D.e.8890/click - {}
RESULT: {}
COMMAND: GET /session/c560a4da8281d0ae87757c6686821c71/screenshot - {}
RESULT: {}
COMMAND: POST /session/c560a4da8281d0ae87757c6686821c71/element - {"using":"xpath","value":"//header[contains(@id, 'detailRruPage-headerTitle')]/div[1]/div[2]/div[2]/span[1]"}
RESULT: {"using":"xpath","value":"//header[contains(@id, 'detailRruPage-headerTitle')]/div[1]/div[2]/div[2]/span[1]"}
COMMAND: POST /session/c560a4da8281d0ae87757c6686821c71/elements - {"using":"xpath","value":"//header[contains(@id, 'detailRruPage-headerTitle')]/div[1]/div[2]/div[2]/span[1]"}
RESULT: {"using":"xpath","value":"//header[contains(@id, 'detailRruPage-headerTitle')]/div[1]/div[2]/div[2]/span[1]"}
COMMAND: POST /session/c560a4da8281d0ae87757c6686821c71/execute/sync - {"script":"<script> [56 bytes]","args":[{"element-6066-11e4-a52e-4f735466cecf":"f.437C3BD069600255C914999B9931D078.d.4B27A7124D13B80C4C0F9240591F158D.e.8917","ELEMENT":"f.437C3BD069600255C914999B9931D078.d.4B27A7124D13B80C4C0F9240591F158D.e.8917"}]}
RESULT: {"script":"<script> [56 bytes]","args":[{"element-6066-11e4-a52e-4f735466cecf":"f.437C3BD069600255C914999B9931D078.d.4B27A7124D13B80C4C0F9240591F158D.e.8917","ELEMENT":"f.437C3BD069600255C914999B9931D078.d.4B27A7124D13B80C4C0F9240591F158D.e.8917"}]}
COMMAND: POST /session/c560a4da8281d0ae87757c6686821c71/element - {"using":"css selector","value":"#shell-header-logo"}
COMMAND: GET /session/c560a4da8281d0ae87757c6686821c71/screenshot - {}
RESULT: {"using":"css selector","value":"#shell-header-logo"}
COMMAND: POST /session/c560a4da8281d0ae87757c6686821c71/element/f.437C3BD069600255C914999B9931D078.d.4B27A7124D13B80C4C0F9240591F158D.e.8371/click - {}
RESULT: {}
RESULT: {}
COMMAND: GET /session/c560a4da8281d0ae87757c6686821c71/screenshot - {}
RESULT: {}
]]></system-out>
    </testcase>
    <testcase classname="chrome.137_0_7151_69.windows.Provide_to_Site_w/_warehouse_management_w/o_clarification_US113782_" name="Bin Status Report Should Create New Organization yard" time="0.002"/>
    <testcase classname="chrome.137_0_7151_69.windows.Provide_to_Site_w/_warehouse_management_w/o_clarification_US113782_" name="Bin Status Report Should Create New Organization for Site" time="0.002"/>
  </testsuite>
  <testsuite timestamp="2025-06-14T16:42:41" time="409.592" tests="5" failures="0" errors="0" skipped="0">
    <properties>
      <property name="specId" value="0"/>
      <property name="suiteName" value="Provide to Site w/ warehouse management wo clarification"/>
      <property name="capabilities" value="chrome.137_0_7151_69.windows"/>
      <property name="file" value="file:///D:/a/1/s/test/specs/HTR/provide-to-site-w-warehouse-wo-clarification.spec.js"/>
    </properties>
    <testcase classname="chrome.137_0_7151_69.windows.Provide_to_Site_w/_warehouse_management_wo_clarification" name="Should do a stock increase handover" time="91.305">
      <system-out><![CDATA[
COMMAND: POST /session/c560a4da8281d0ae87757c6686821c71/execute/async - {"script":"<script> [1562 bytes]","args":[{"selector":{"controlType":"sap.m.GenericTile","properties":{"header":"Manage Handovers"}},"wdio_ui5_key":"sapm.GenericTile{\"header\":\"Manage Handovers\"}"}]}
RESULT: {"script":"<script> [1562 bytes]","args":[{"selector":{"controlType":"sap.m.GenericTile","properties":{"header":"Manage Handovers"}},"wdio_ui5_key":"sapm.GenericTile{\"header\":\"Manage Handovers\"}"}]}
RESULT: undefined
COMMAND: POST /session/c560a4da8281d0ae87757c6686821c71/element - {"using":"xpath","value":"//*[@id=\"__tile132\"]"}
RESULT: {"using":"xpath","value":"//*[@id=\"__tile132\"]"}
COMMAND: POST /session/c560a4da8281d0ae87757c6686821c71/element/f.437C3BD069600255C914999B9931D078.d.4B27A7124D13B80C4C0F9240591F158D.e.8424/click - {}
RESULT: {}
COMMAND: GET /session/c560a4da8281d0ae87757c6686821c71/screenshot - {}
COMMAND: POST /session/c560a4da8281d0ae87757c6686821c71/elements - {"using":"xpath","value":"//span[text()='Error']"}
RESULT: {}
RESULT: {"using":"xpath","value":"//span[text()='Error']"}
COMMAND: POST /session/c560a4da8281d0ae87757c6686821c71/element - {"using":"xpath","value":"//button[@data-kt=\"masterHOAddButton\"]"}
RESULT: {"using":"xpath","value":"//button[@data-kt=\"masterHOAddButton\"]"}
COMMAND: POST /session/c560a4da8281d0ae87757c6686821c71/elements - {"using":"xpath","value":"//button[@data-kt=\"masterHOAddButton\"]"}
RESULT: {"using":"xpath","value":"//button[@data-kt=\"masterHOAddButton\"]"}
COMMAND: POST /session/c560a4da8281d0ae87757c6686821c71/elements - {"using":"xpath","value":"//button[@data-kt=\"masterHOAddButton\"]"}
RESULT: {"using":"xpath","value":"//button[@data-kt=\"masterHOAddButton\"]"}
COMMAND: POST /session/c560a4da8281d0ae87757c6686821c71/element - {"using":"xpath","value":"//button[@data-kt=\"masterHOAddButton\"]"}
RESULT: {"using":"xpath","value":"//button[@data-kt=\"masterHOAddButton\"]"}
COMMAND: POST /session/c560a4da8281d0ae87757c6686821c71/execute/sync - {"script":"<script> [8489 bytes]","args":[{"element-6066-11e4-a52e-4f735466cecf":"f.437C3BD069600255C914999B9931D078.d.4B27A7124D13B80C4C0F9240591F158D.e.8957","ELEMENT":"f.437C3BD069600255C914999B9931D078.d.4B27A7124D13B80C4C0F9240591F158D.e.8957"}]}
RESULT: {"script":"<script> [8489 bytes]","args":[{"element-6066-11e4-a52e-4f735466cecf":"f.437C3BD069600255C914999B9931D078.d.4B27A7124D13B80C4C0F9240591F158D.e.8957","ELEMENT":"f.437C3BD069600255C914999B9931D078.d.4B27A7124D13B80C4C0F9240591F158D.e.8957"}]}
COMMAND: GET /session/c560a4da8281d0ae87757c6686821c71/element/f.437C3BD069600255C914999B9931D078.d.4B27A7124D13B80C4C0F9240591F158D.e.8957/enabled - {}
COMMAND: GET /session/c560a4da8281d0ae87757c6686821c71/screenshot - {}
RESULT: {}
COMMAND: POST /session/c560a4da8281d0ae87757c6686821c71/execute/sync - {"script":"<script> [8489 bytes]","args":[{"element-6066-11e4-a52e-4f735466cecf":"f.437C3BD069600255C914999B9931D078.d.4B27A7124D13B80C4C0F9240591F158D.e.8957","ELEMENT":"f.437C3BD069600255C914999B9931D078.d.4B27A7124D13B80C4C0F9240591F158D.e.8957"}]}
COMMAND: GET /session/c560a4da8281d0ae87757c6686821c71/screenshot - {}
RESULT: {}
RESULT: {"script":"<script> [8489 bytes]","args":[{"element-6066-11e4-a52e-4f735466cecf":"f.437C3BD069600255C914999B9931D078.d.4B27A7124D13B80C4C0F9240591F158D.e.8957","ELEMENT":"f.437C3BD069600255C914999B9931D078.d.4B27A7124D13B80C4C0F9240591F158D.e.8957"}]}
COMMAND: POST /session/c560a4da8281d0ae87757c6686821c71/execute/sync - {"script":"<script> [5351 bytes]","args":[{"element-6066-11e4-a52e-4f735466cecf":"f.437C3BD069600255C914999B9931D078.d.4B27A7124D13B80C4C0F9240591F158D.e.8957","ELEMENT":"f.437C3BD069600255C914999B9931D078.d.4B27A7124D13B80C4C0F9240591F158D.e.8957"}]}
COMMAND: GET /session/c560a4da8281d0ae87757c6686821c71/screenshot - {}
RESULT: {}
RESULT: {"script":"<script> [5351 bytes]","args":[{"element-6066-11e4-a52e-4f735466cecf":"f.437C3BD069600255C914999B9931D078.d.4B27A7124D13B80C4C0F9240591F158D.e.8957","ELEMENT":"f.437C3BD069600255C914999B9931D078.d.4B27A7124D13B80C4C0F9240591F158D.e.8957"}]}
COMMAND: POST /session/c560a4da8281d0ae87757c6686821c71/element/f.437C3BD069600255C914999B9931D078.d.4B27A7124D13B80C4C0F9240591F158D.e.8957/click - {}
COMMAND: GET /session/c560a4da8281d0ae87757c6686821c71/screenshot - {}
RESULT: {}
RESULT: {}
COMMAND: GET /session/c560a4da8281d0ae87757c6686821c71/screenshot - {}
RESULT: {}
COMMAND: POST /session/c560a4da8281d0ae87757c6686821c71/element - {"using":"xpath","value":"//span[contains(@id ,\"AddNewHO--typeSelect-arrow\")]"}
RESULT: {}
RESULT: {"using":"xpath","value":"//span[contains(@id ,\"AddNewHO--typeSelect-arrow\")]"}
COMMAND: POST /session/c560a4da8281d0ae87757c6686821c71/element/f.437C3BD069600255C914999B9931D078.d.4B27A7124D13B80C4C0F9240591F158D.e.9294/click - {}
RESULT: {}
COMMAND: GET /session/c560a4da8281d0ae87757c6686821c71/screenshot - {}
RESULT: {}
COMMAND: POST /session/c560a4da8281d0ae87757c6686821c71/element - {"using":"xpath","value":"(//li[contains(text(), \"stock increase yard\")])[1]"}
RESULT: {"using":"xpath","value":"(//li[contains(text(), \"stock increase yard\")])[1]"}
COMMAND: POST /session/c560a4da8281d0ae87757c6686821c71/element/f.437C3BD069600255C914999B9931D078.d.4B27A7124D13B80C4C0F9240591F158D.e.9295/click - {}
RESULT: {}
COMMAND: GET /session/c560a4da8281d0ae87757c6686821c71/screenshot - {}
RESULT: {}
COMMAND: POST /session/c560a4da8281d0ae87757c6686821c71/execute/async - {"script":"<script> [1562 bytes]","args":[{"selector":{"id":"application-managehandovers-display-component---AddNewHO--dueDate","interaction":{"idSuffix":"inner"}},"wdio_ui5_key":"applicationmanagehandovers-display-component---AddNewHO--dueDate"}]}
RESULT: {"script":"<script> [1562 bytes]","args":[{"selector":{"id":"application-managehandovers-display-component---AddNewHO--dueDate","interaction":{"idSuffix":"inner"}},"wdio_ui5_key":"applicationmanagehandovers-display-component---AddNewHO--dueDate"}]}
RESULT: undefined
COMMAND: POST /session/c560a4da8281d0ae87757c6686821c71/execute/async - {"script":"<script> [6424 bytes]","args":[{"element-6066-11e4-a52e-4f735466cecf":"f.437C3BD069600255C914999B9931D078.d.4B27A7124D13B80C4C0F9240591F158D.e.9297"},"setValue",["6/14/25"]]}
RESULT: {"script":"<script> [6424 bytes]","args":[{"element-6066-11e4-a52e-4f735466cecf":"f.437C3BD069600255C914999B9931D078.d.4B27A7124D13B80C4C0F9240591F158D.e.9297"},"setValue",["6/14/25"]]}
COMMAND: POST /session/c560a4da8281d0ae87757c6686821c71/element - {"using":"xpath","value":"//input[@id=\"generalSectionFrg--receiveYard-inner\"]"}
RESULT: {"using":"xpath","value":"//input[@id=\"generalSectionFrg--receiveYard-inner\"]"}
COMMAND: POST /session/c560a4da8281d0ae87757c6686821c71/element/f.437C3BD069600255C914999B9931D078.d.4B27A7124D13B80C4C0F9240591F158D.e.9303/clear - {}
RESULT: {}
COMMAND: POST /session/c560a4da8281d0ae87757c6686821c71/element/f.437C3BD069600255C914999B9931D078.d.4B27A7124D13B80C4C0F9240591F158D.e.9303/value - {"text":"263"}
COMMAND: GET /session/c560a4da8281d0ae87757c6686821c71/screenshot - {}
RESULT: {"text":"263"}
COMMAND: GET /session/c560a4da8281d0ae87757c6686821c71/screenshot - {}
RESULT: {}
RESULT: {}
COMMAND: POST /session/c560a4da8281d0ae87757c6686821c71/element - {"using":"xpath","value":"//li[.//span[contains(normalize-space(.), '263 -')]]"}
RESULT: {"using":"xpath","value":"//li[.//span[contains(normalize-space(.), '263 -')]]"}
COMMAND: POST /session/c560a4da8281d0ae87757c6686821c71/element/f.437C3BD069600255C914999B9931D078.d.4B27A7124D13B80C4C0F9240591F158D.e.9319/click - {}
RESULT: {}
COMMAND: GET /session/c560a4da8281d0ae87757c6686821c71/screenshot - {}
RESULT: {}
COMMAND: POST /session/c560a4da8281d0ae87757c6686821c71/execute/async - {"script":"<script> [1562 bytes]","args":[{"selector":{"id":"application-managehandovers-display-component---AddNewHO--ObjectPageLayout-anchBar-application-managehandovers-display-component---AddNewHO--section4-anchor","interaction":{"idSuffix":"BDI-content"}},"wdio_ui5_key":"applicationmanagehandovers-display-component---AddNewHO--ObjectPageLayout-anchBar-application-managehandovers-display-component---AddNewHO--section4-anchor"}]}
RESULT: {"script":"<script> [1562 bytes]","args":[{"selector":{"id":"application-managehandovers-display-component---AddNewHO--ObjectPageLayout-anchBar-application-managehandovers-display-component---AddNewHO--section4-anchor","interaction":{"idSuffix":"BDI-content"}},"wdio_ui5_key":"applicationmanagehandovers-display-component---AddNewHO--ObjectPageLayout-anchBar-application-managehandovers-display-component---AddNewHO--section4-anchor"}]}
RESULT: undefined
COMMAND: POST /session/c560a4da8281d0ae87757c6686821c71/element - {"using":"xpath","value":"//*[@id=\"application-managehandovers-display-component---AddNewHO--ObjectPageLayout-anchBar-application-managehandovers-display-component---AddNewHO--section4-anchor\"]"}
RESULT: {"using":"xpath","value":"//*[@id=\"application-managehandovers-display-component---AddNewHO--ObjectPageLayout-anchBar-application-managehandovers-display-component---AddNewHO--section4-anchor\"]"}
COMMAND: POST /session/c560a4da8281d0ae87757c6686821c71/element/f.437C3BD069600255C914999B9931D078.d.4B27A7124D13B80C4C0F9240591F158D.e.9321/click - {}
RESULT: {}
COMMAND: GET /session/c560a4da8281d0ae87757c6686821c71/screenshot - {}
RESULT: {}
COMMAND: POST /session/c560a4da8281d0ae87757c6686821c71/element - {"using":"xpath","value":"//button[@aria-label=\"Add\"]"}
RESULT: {"using":"xpath","value":"//button[@aria-label=\"Add\"]"}
COMMAND: POST /session/c560a4da8281d0ae87757c6686821c71/element/f.437C3BD069600255C914999B9931D078.d.4B27A7124D13B80C4C0F9240591F158D.e.9325/click - {}
RESULT: {}
COMMAND: GET /session/c560a4da8281d0ae87757c6686821c71/screenshot - {}
RESULT: {}
COMMAND: POST /session/c560a4da8281d0ae87757c6686821c71/execute/async - {"script":"<script> [1562 bytes]","args":[{"selector":{"id":"application-managehandovers-display-component---AddNewHO--smartFilterBar-btnBasicSearch","searchOpenDialogs":true,"interaction":{"idSuffix":"I"}},"wdio_ui5_key":"applicationmanagehandovers-display-component---AddNewHO--smartFilterBar-btnBasicSearch"}]}
RESULT: {"script":"<script> [1562 bytes]","args":[{"selector":{"id":"application-managehandovers-display-component---AddNewHO--smartFilterBar-btnBasicSearch","searchOpenDialogs":true,"interaction":{"idSuffix":"I"}},"wdio_ui5_key":"applicationmanagehandovers-display-component---AddNewHO--smartFilterBar-btnBasicSearch"}]}
RESULT: undefined
COMMAND: POST /session/c560a4da8281d0ae87757c6686821c71/execute/async - {"script":"<script> [776 bytes]","args":[{"enterText":"200136","selector":{"id":"application-managehandovers-display-component---AddNewHO--smartFilterBar-btnBasicSearch","searchOpenDialogs":true,"interaction":{"idSuffix":"I"}},"clearTextFirst":true,"interactionType":"ENTER_TEXT"}]}
RESULT: {"script":"<script> [776 bytes]","args":[{"enterText":"200136","selector":{"id":"application-managehandovers-display-component---AddNewHO--smartFilterBar-btnBasicSearch","searchOpenDialogs":true,"interaction":{"idSuffix":"I"}},"clearTextFirst":true,"interactionType":"ENTER_TEXT"}]}
COMMAND: POST /session/c560a4da8281d0ae87757c6686821c71/actions - {"actions":[{"id":"action32","type":"key","parameters":{},"actions":[{"type":"keyDown","value":""},{"type":"pause","duration":10},{"type":"keyUp","value":""}]}]}
RESULT: {"actions":[{"id":"action32","type":"key","parameters":{},"actions":[{"type":"keyDown","value":""},{"type":"pause","duration":10},{"type":"keyUp","value":""}]}]}
COMMAND: GET /session/c560a4da8281d0ae87757c6686821c71/screenshot - {}
RESULT: {}
COMMAND: POST /session/c560a4da8281d0ae87757c6686821c71/execute/async - {"script":"<script> [1562 bytes]","args":[{"selector":{"id":"application-managehandovers-display-component---AddNewHO--popup-sa","searchOpenDialogs":true,"interaction":{"idSuffix":"CbBg"}},"wdio_ui5_key":"applicationmanagehandovers-display-component---AddNewHO--popup-sa"}]}
RESULT: {"script":"<script> [1562 bytes]","args":[{"selector":{"id":"application-managehandovers-display-component---AddNewHO--popup-sa","searchOpenDialogs":true,"interaction":{"idSuffix":"CbBg"}},"wdio_ui5_key":"applicationmanagehandovers-display-component---AddNewHO--popup-sa"}]}
RESULT: undefined
COMMAND: POST /session/c560a4da8281d0ae87757c6686821c71/element - {"using":"xpath","value":"//*[@id=\"application-managehandovers-display-component---AddNewHO--popup-sa\"]"}
RESULT: {"using":"xpath","value":"//*[@id=\"application-managehandovers-display-component---AddNewHO--popup-sa\"]"}
COMMAND: POST /session/c560a4da8281d0ae87757c6686821c71/element/f.437C3BD069600255C914999B9931D078.d.4B27A7124D13B80C4C0F9240591F158D.e.9477/click - {}
RESULT: {}
COMMAND: GET /session/c560a4da8281d0ae87757c6686821c71/screenshot - {}
RESULT: {}
COMMAND: POST /session/c560a4da8281d0ae87757c6686821c71/element - {"using":"xpath","value":"//bdi[contains(text(), \"Select\")]"}
RESULT: {"using":"xpath","value":"//bdi[contains(text(), \"Select\")]"}
COMMAND: POST /session/c560a4da8281d0ae87757c6686821c71/element/f.437C3BD069600255C914999B9931D078.d.4B27A7124D13B80C4C0F9240591F158D.e.9478/click - {}
RESULT: {}
COMMAND: GET /session/c560a4da8281d0ae87757c6686821c71/screenshot - {}
RESULT: {}
COMMAND: POST /session/c560a4da8281d0ae87757c6686821c71/element - {"using":"xpath","value":"//button[@data-kt=\"AddNewHOSaveButton\"]"}
RESULT: {"using":"xpath","value":"//button[@data-kt=\"AddNewHOSaveButton\"]"}
COMMAND: POST /session/c560a4da8281d0ae87757c6686821c71/element/f.437C3BD069600255C914999B9931D078.d.4B27A7124D13B80C4C0F9240591F158D.e.9482/click - {}
RESULT: {}
COMMAND: GET /session/c560a4da8281d0ae87757c6686821c71/screenshot - {}
RESULT: {}
COMMAND: POST /session/c560a4da8281d0ae87757c6686821c71/execute/async - {"script":"<script> [1562 bytes]","args":[{"selector":{"id":"receiptDatePicker","viewName":"etm.portal.ui.managehandovers.view.DetailExecuteHO","interaction":{"idSuffix":"inner"}},"wdio_ui5_key":"receiptDatePickeretmportal.ui.managehandovers.view.DetailExecuteHO"}]}
RESULT: {"script":"<script> [1562 bytes]","args":[{"selector":{"id":"receiptDatePicker","viewName":"etm.portal.ui.managehandovers.view.DetailExecuteHO","interaction":{"idSuffix":"inner"}},"wdio_ui5_key":"receiptDatePickeretmportal.ui.managehandovers.view.DetailExecuteHO"}]}
RESULT: undefined
COMMAND: POST /session/c560a4da8281d0ae87757c6686821c71/execute/async - {"script":"<script> [6424 bytes]","args":[{"element-6066-11e4-a52e-4f735466cecf":"f.437C3BD069600255C914999B9931D078.d.4B27A7124D13B80C4C0F9240591F158D.e.9511"},"setValue",["6/14/25"]]}
RESULT: {"script":"<script> [6424 bytes]","args":[{"element-6066-11e4-a52e-4f735466cecf":"f.437C3BD069600255C914999B9931D078.d.4B27A7124D13B80C4C0F9240591F158D.e.9511"},"setValue",["6/14/25"]]}
COMMAND: POST /session/c560a4da8281d0ae87757c6686821c71/element - {"using":"xpath","value":"//button[@data-kt=\"ReceivingTableConfirmAllButton\"]"}
RESULT: {"using":"xpath","value":"//button[@data-kt=\"ReceivingTableConfirmAllButton\"]"}
COMMAND: POST /session/c560a4da8281d0ae87757c6686821c71/element/f.437C3BD069600255C914999B9931D078.d.4B27A7124D13B80C4C0F9240591F158D.e.9527/click - {}
RESULT: {}
COMMAND: GET /session/c560a4da8281d0ae87757c6686821c71/screenshot - {}
RESULT: {}
COMMAND: POST /session/c560a4da8281d0ae87757c6686821c71/element - {"using":"xpath","value":"//bdi[contains(text(), \"OK\")]"}
RESULT: {"using":"xpath","value":"//bdi[contains(text(), \"OK\")]"}
COMMAND: POST /session/c560a4da8281d0ae87757c6686821c71/element/f.437C3BD069600255C914999B9931D078.d.4B27A7124D13B80C4C0F9240591F158D.e.9529/click - {}
RESULT: {}
COMMAND: GET /session/c560a4da8281d0ae87757c6686821c71/screenshot - {}
RESULT: {}
COMMAND: POST /session/c560a4da8281d0ae87757c6686821c71/element - {"using":"xpath","value":"(//bdi[contains(text(), \"Receive\")])[2]"}
RESULT: {"using":"xpath","value":"(//bdi[contains(text(), \"Receive\")])[2]"}
COMMAND: POST /session/c560a4da8281d0ae87757c6686821c71/element/f.437C3BD069600255C914999B9931D078.d.4B27A7124D13B80C4C0F9240591F158D.e.9531/click - {}
RESULT: {}
COMMAND: GET /session/c560a4da8281d0ae87757c6686821c71/screenshot - {}
RESULT: {}
COMMAND: POST /session/c560a4da8281d0ae87757c6686821c71/element - {"using":"css selector","value":"#shell-header-logo"}
RESULT: {"using":"css selector","value":"#shell-header-logo"}
COMMAND: POST /session/c560a4da8281d0ae87757c6686821c71/element/f.437C3BD069600255C914999B9931D078.d.4B27A7124D13B80C4C0F9240591F158D.e.8920/click - {}
RESULT: {}
COMMAND: GET /session/c560a4da8281d0ae87757c6686821c71/screenshot - {}
RESULT: {}
]]></system-out>
    </testcase>
    <testcase classname="chrome.137_0_7151_69.windows.Provide_to_Site_w/_warehouse_management_wo_clarification" name="Should create a new contract" time="61.504">
      <system-out><![CDATA[
COMMAND: POST /session/c560a4da8281d0ae87757c6686821c71/execute/async - {"script":"<script> [1562 bytes]","args":[{"selector":{"controlType":"sap.m.GenericTile","properties":{"header":"Manage Contracts"}},"wdio_ui5_key":"sapm.GenericTile{\"header\":\"Manage Contracts\"}"}]}
RESULT: {"script":"<script> [1562 bytes]","args":[{"selector":{"controlType":"sap.m.GenericTile","properties":{"header":"Manage Contracts"}},"wdio_ui5_key":"sapm.GenericTile{\"header\":\"Manage Contracts\"}"}]}
RESULT: undefined
COMMAND: POST /session/c560a4da8281d0ae87757c6686821c71/element - {"using":"xpath","value":"//*[@id=\"__tile133\"]"}
RESULT: {"using":"xpath","value":"//*[@id=\"__tile133\"]"}
COMMAND: POST /session/c560a4da8281d0ae87757c6686821c71/element/f.437C3BD069600255C914999B9931D078.d.4B27A7124D13B80C4C0F9240591F158D.e.8413/click - {}
RESULT: {}
COMMAND: GET /session/c560a4da8281d0ae87757c6686821c71/screenshot - {}
RESULT: {}
COMMAND: POST /session/c560a4da8281d0ae87757c6686821c71/elements - {"using":"xpath","value":"//span[text()='Error']"}
RESULT: {"using":"xpath","value":"//span[text()='Error']"}
COMMAND: POST /session/c560a4da8281d0ae87757c6686821c71/element - {"using":"xpath","value":"//button[@data-kt=\"addButton\"]"}
RESULT: {"using":"xpath","value":"//button[@data-kt=\"addButton\"]"}
COMMAND: POST /session/c560a4da8281d0ae87757c6686821c71/elements - {"using":"xpath","value":"//button[@data-kt=\"addButton\"]"}
RESULT: {"using":"xpath","value":"//button[@data-kt=\"addButton\"]"}
COMMAND: POST /session/c560a4da8281d0ae87757c6686821c71/execute/sync - {"script":"<script> [8489 bytes]","args":[{"element-6066-11e4-a52e-4f735466cecf":"f.437C3BD069600255C914999B9931D078.d.4B27A7124D13B80C4C0F9240591F158D.e.9749","ELEMENT":"f.437C3BD069600255C914999B9931D078.d.4B27A7124D13B80C4C0F9240591F158D.e.9749"}]}
RESULT: {"script":"<script> [8489 bytes]","args":[{"element-6066-11e4-a52e-4f735466cecf":"f.437C3BD069600255C914999B9931D078.d.4B27A7124D13B80C4C0F9240591F158D.e.9749","ELEMENT":"f.437C3BD069600255C914999B9931D078.d.4B27A7124D13B80C4C0F9240591F158D.e.9749"}]}
COMMAND: GET /session/c560a4da8281d0ae87757c6686821c71/element/f.437C3BD069600255C914999B9931D078.d.4B27A7124D13B80C4C0F9240591F158D.e.9749/enabled - {}
COMMAND: GET /session/c560a4da8281d0ae87757c6686821c71/screenshot - {}
RESULT: {}
RESULT: {}
COMMAND: POST /session/c560a4da8281d0ae87757c6686821c71/execute/sync - {"script":"<script> [8489 bytes]","args":[{"element-6066-11e4-a52e-4f735466cecf":"f.437C3BD069600255C914999B9931D078.d.4B27A7124D13B80C4C0F9240591F158D.e.9749","ELEMENT":"f.437C3BD069600255C914999B9931D078.d.4B27A7124D13B80C4C0F9240591F158D.e.9749"}]}
COMMAND: GET /session/c560a4da8281d0ae87757c6686821c71/screenshot - {}
RESULT: {"script":"<script> [8489 bytes]","args":[{"element-6066-11e4-a52e-4f735466cecf":"f.437C3BD069600255C914999B9931D078.d.4B27A7124D13B80C4C0F9240591F158D.e.9749","ELEMENT":"f.437C3BD069600255C914999B9931D078.d.4B27A7124D13B80C4C0F9240591F158D.e.9749"}]}
COMMAND: POST /session/c560a4da8281d0ae87757c6686821c71/execute/sync - {"script":"<script> [5351 bytes]","args":[{"element-6066-11e4-a52e-4f735466cecf":"f.437C3BD069600255C914999B9931D078.d.4B27A7124D13B80C4C0F9240591F158D.e.9749","ELEMENT":"f.437C3BD069600255C914999B9931D078.d.4B27A7124D13B80C4C0F9240591F158D.e.9749"}]}
COMMAND: GET /session/c560a4da8281d0ae87757c6686821c71/screenshot - {}
RESULT: {}
RESULT: {"script":"<script> [5351 bytes]","args":[{"element-6066-11e4-a52e-4f735466cecf":"f.437C3BD069600255C914999B9931D078.d.4B27A7124D13B80C4C0F9240591F158D.e.9749","ELEMENT":"f.437C3BD069600255C914999B9931D078.d.4B27A7124D13B80C4C0F9240591F158D.e.9749"}]}
COMMAND: GET /session/c560a4da8281d0ae87757c6686821c71/screenshot - {}
RESULT: {}
RESULT: {}
COMMAND: POST /session/c560a4da8281d0ae87757c6686821c71/element/f.437C3BD069600255C914999B9931D078.d.4B27A7124D13B80C4C0F9240591F158D.e.9749/click - {}
RESULT: {}
COMMAND: GET /session/c560a4da8281d0ae87757c6686821c71/screenshot - {}
COMMAND: POST /session/c560a4da8281d0ae87757c6686821c71/execute/async - {"script":"<script> [1562 bytes]","args":[{"selector":{"id":"application-managecontracts-display-component---AddNewContract--projectDescription","interaction":{"idSuffix":"inner"}},"wdio_ui5_key":"applicationmanagecontracts-display-component---AddNewContract--projectDescription"}]}
RESULT: {}
RESULT: {"script":"<script> [1562 bytes]","args":[{"selector":{"id":"application-managecontracts-display-component---AddNewContract--projectDescription","interaction":{"idSuffix":"inner"}},"wdio_ui5_key":"applicationmanagecontracts-display-component---AddNewContract--projectDescription"}]}
RESULT: undefined
COMMAND: POST /session/c560a4da8281d0ae87757c6686821c71/execute/async - {"script":"<script> [776 bytes]","args":[{"enterText":"Contract WDIO","selector":{"id":"application-managecontracts-display-component---AddNewContract--projectDescription","interaction":{"idSuffix":"inner"}},"clearTextFirst":true,"interactionType":"ENTER_TEXT"}]}
RESULT: {"script":"<script> [776 bytes]","args":[{"enterText":"Contract WDIO","selector":{"id":"application-managecontracts-display-component---AddNewContract--projectDescription","interaction":{"idSuffix":"inner"}},"clearTextFirst":true,"interactionType":"ENTER_TEXT"}]}
COMMAND: POST /session/c560a4da8281d0ae87757c6686821c71/element - {"using":"xpath","value":"//input[@id=\"application-managecontracts-display-component---AddNewContract--site-inner\"]"}
RESULT: {"using":"xpath","value":"//input[@id=\"application-managecontracts-display-component---AddNewContract--site-inner\"]"}
COMMAND: POST /session/c560a4da8281d0ae87757c6686821c71/element/f.437C3BD069600255C914999B9931D078.d.4B27A7124D13B80C4C0F9240591F158D.e.10068/clear - {}
RESULT: {}
COMMAND: POST /session/c560a4da8281d0ae87757c6686821c71/element/f.437C3BD069600255C914999B9931D078.d.4B27A7124D13B80C4C0F9240591F158D.e.10068/value - {"text":"2104"}
COMMAND: GET /session/c560a4da8281d0ae87757c6686821c71/screenshot - {}
RESULT: {"text":"2104"}
COMMAND: GET /session/c560a4da8281d0ae87757c6686821c71/screenshot - {}
RESULT: {}
RESULT: {}
COMMAND: POST /session/c560a4da8281d0ae87757c6686821c71/element - {"using":"xpath","value":"//li[.//span[text()='2104']]"}
RESULT: {"using":"xpath","value":"//li[.//span[text()='2104']]"}
COMMAND: POST /session/c560a4da8281d0ae87757c6686821c71/element/f.437C3BD069600255C914999B9931D078.d.4B27A7124D13B80C4C0F9240591F158D.e.10151/click - {}
RESULT: {}
COMMAND: GET /session/c560a4da8281d0ae87757c6686821c71/screenshot - {}
RESULT: {}
COMMAND: POST /session/c560a4da8281d0ae87757c6686821c71/element - {"using":"xpath","value":"//input[@id=\"application-managecontracts-display-component---AddNewContract--yardId-inner\"]"}
RESULT: {"using":"xpath","value":"//input[@id=\"application-managecontracts-display-component---AddNewContract--yardId-inner\"]"}
COMMAND: GET /session/c560a4da8281d0ae87757c6686821c71/element/f.437C3BD069600255C914999B9931D078.d.4B27A7124D13B80C4C0F9240591F158D.e.10069/property/value - {}
RESULT: {}
COMMAND: POST /session/c560a4da8281d0ae87757c6686821c71/element - {"using":"xpath","value":"//input[@id=\"application-managecontracts-display-component---AddNewContract--customerSelect-inner\"]"}
COMMAND: GET /session/c560a4da8281d0ae87757c6686821c71/screenshot - {}
RESULT: {"using":"xpath","value":"//input[@id=\"application-managecontracts-display-component---AddNewContract--customerSelect-inner\"]"}
COMMAND: POST /session/c560a4da8281d0ae87757c6686821c71/element/f.437C3BD069600255C914999B9931D078.d.4B27A7124D13B80C4C0F9240591F158D.e.10067/clear - {}
RESULT: {}
RESULT: {}
COMMAND: POST /session/c560a4da8281d0ae87757c6686821c71/element/f.437C3BD069600255C914999B9931D078.d.4B27A7124D13B80C4C0F9240591F158D.e.10067/value - {"text":"1113"}
COMMAND: GET /session/c560a4da8281d0ae87757c6686821c71/screenshot - {}
RESULT: {"text":"1113"}
COMMAND: GET /session/c560a4da8281d0ae87757c6686821c71/screenshot - {}
RESULT: {}
RESULT: {}
COMMAND: POST /session/c560a4da8281d0ae87757c6686821c71/element - {"using":"xpath","value":"//li[.//span[text()='1113']]"}
RESULT: {"using":"xpath","value":"//li[.//span[text()='1113']]"}
COMMAND: POST /session/c560a4da8281d0ae87757c6686821c71/element/f.437C3BD069600255C914999B9931D078.d.4B27A7124D13B80C4C0F9240591F158D.e.10154/click - {}
RESULT: {}
COMMAND: GET /session/c560a4da8281d0ae87757c6686821c71/screenshot - {}
RESULT: {}
COMMAND: POST /session/c560a4da8281d0ae87757c6686821c71/element - {"using":"xpath","value":"//button[@data-kt=\"saveButton\"]"}
RESULT: {"using":"xpath","value":"//button[@data-kt=\"saveButton\"]"}
COMMAND: POST /session/c560a4da8281d0ae87757c6686821c71/element/f.437C3BD069600255C914999B9931D078.d.4B27A7124D13B80C4C0F9240591F158D.e.10144/click - {}
RESULT: {}
COMMAND: GET /session/c560a4da8281d0ae87757c6686821c71/screenshot - {}
RESULT: {}
COMMAND: POST /session/c560a4da8281d0ae87757c6686821c71/element - {"using":"xpath","value":"//span[contains(@id ,\"contractDetailTitleNoExpanded\")]"}
RESULT: {"using":"xpath","value":"//span[contains(@id ,\"contractDetailTitleNoExpanded\")]"}
COMMAND: POST /session/c560a4da8281d0ae87757c6686821c71/elements - {"using":"xpath","value":"//span[contains(@id ,\"contractDetailTitleNoExpanded\")]"}
RESULT: {"using":"xpath","value":"//span[contains(@id ,\"contractDetailTitleNoExpanded\")]"}
COMMAND: POST /session/c560a4da8281d0ae87757c6686821c71/execute/sync - {"script":"<script> [56 bytes]","args":[{"element-6066-11e4-a52e-4f735466cecf":"f.437C3BD069600255C914999B9931D078.d.4B27A7124D13B80C4C0F9240591F158D.e.10224","ELEMENT":"f.437C3BD069600255C914999B9931D078.d.4B27A7124D13B80C4C0F9240591F158D.e.10224"}]}
RESULT: {"script":"<script> [56 bytes]","args":[{"element-6066-11e4-a52e-4f735466cecf":"f.437C3BD069600255C914999B9931D078.d.4B27A7124D13B80C4C0F9240591F158D.e.10224","ELEMENT":"f.437C3BD069600255C914999B9931D078.d.4B27A7124D13B80C4C0F9240591F158D.e.10224"}]}
COMMAND: GET /session/c560a4da8281d0ae87757c6686821c71/screenshot - {}
RESULT: {}
]]></system-out>
    </testcase>
    <testcase classname="chrome.137_0_7151_69.windows.Provide_to_Site_w/_warehouse_management_wo_clarification" name="Should add equipment to the contract" time="57.755">
      <system-out><![CDATA[
COMMAND: POST /session/c560a4da8281d0ae87757c6686821c71/element - {"using":"xpath","value":"//button[@data-kt=\"contractDetailEditBtnButton\"]"}
RESULT: {"using":"xpath","value":"//button[@data-kt=\"contractDetailEditBtnButton\"]"}
COMMAND: POST /session/c560a4da8281d0ae87757c6686821c71/element/f.437C3BD069600255C914999B9931D078.d.4B27A7124D13B80C4C0F9240591F158D.e.10227/click - {}
RESULT: {}
COMMAND: GET /session/c560a4da8281d0ae87757c6686821c71/screenshot - {}
RESULT: {}
COMMAND: POST /session/c560a4da8281d0ae87757c6686821c71/element - {"using":"xpath","value":"(//span[contains(text(), \"Additional Addresses\")])[2]"}
RESULT: {"using":"xpath","value":"(//span[contains(text(), \"Additional Addresses\")])[2]"}
COMMAND: POST /session/c560a4da8281d0ae87757c6686821c71/element/f.437C3BD069600255C914999B9931D078.d.4B27A7124D13B80C4C0F9240591F158D.e.10281/click - {}
RESULT: {}
COMMAND: GET /session/c560a4da8281d0ae87757c6686821c71/screenshot - {}
RESULT: {}
COMMAND: POST /session/c560a4da8281d0ae87757c6686821c71/element - {"using":"xpath","value":"//button[@data-kt=\"btnAddTableRowOverflowToolbarButton\"]"}
RESULT: {"using":"xpath","value":"//button[@data-kt=\"btnAddTableRowOverflowToolbarButton\"]"}
COMMAND: POST /session/c560a4da8281d0ae87757c6686821c71/element/f.437C3BD069600255C914999B9931D078.d.4B27A7124D13B80C4C0F9240591F158D.e.10285/click - {}
RESULT: {}
COMMAND: GET /session/c560a4da8281d0ae87757c6686821c71/screenshot - {}
RESULT: {}
COMMAND: POST /session/c560a4da8281d0ae87757c6686821c71/element - {"using":"xpath","value":"//div[(text() = 'Standard Entry' or . = 'Standard Entry')]"}
RESULT: {"using":"xpath","value":"//div[(text() = 'Standard Entry' or . = 'Standard Entry')]"}
COMMAND: POST /session/c560a4da8281d0ae87757c6686821c71/element/f.437C3BD069600255C914999B9931D078.d.4B27A7124D13B80C4C0F9240591F158D.e.10287/click - {}
RESULT: {}
COMMAND: GET /session/c560a4da8281d0ae87757c6686821c71/screenshot - {}
RESULT: {}
COMMAND: POST /session/c560a4da8281d0ae87757c6686821c71/element - {"using":"xpath","value":"//td[6]/div/div/div/span"}
RESULT: {"using":"xpath","value":"//td[6]/div/div/div/span"}
COMMAND: POST /session/c560a4da8281d0ae87757c6686821c71/element/f.437C3BD069600255C914999B9931D078.d.4B27A7124D13B80C4C0F9240591F158D.e.10299/click - {}
RESULT: {}
COMMAND: GET /session/c560a4da8281d0ae87757c6686821c71/screenshot - {}
RESULT: {}
COMMAND: POST /session/c560a4da8281d0ae87757c6686821c71/element - {"using":"xpath","value":"(//span[contains(text(), \"Material\")])"}
RESULT: {"using":"xpath","value":"(//span[contains(text(), \"Material\")])"}
COMMAND: POST /session/c560a4da8281d0ae87757c6686821c71/element/f.437C3BD069600255C914999B9931D078.d.4B27A7124D13B80C4C0F9240591F158D.e.10300/click - {}
RESULT: {}
COMMAND: GET /session/c560a4da8281d0ae87757c6686821c71/screenshot - {}
RESULT: {}
COMMAND: POST /session/c560a4da8281d0ae87757c6686821c71/element - {"using":"xpath","value":"//td[7]/div/div/input"}
RESULT: {"using":"xpath","value":"//td[7]/div/div/input"}
COMMAND: POST /session/c560a4da8281d0ae87757c6686821c71/element/f.437C3BD069600255C914999B9931D078.d.4B27A7124D13B80C4C0F9240591F158D.e.10304/clear - {}
RESULT: {}
COMMAND: POST /session/c560a4da8281d0ae87757c6686821c71/element/f.437C3BD069600255C914999B9931D078.d.4B27A7124D13B80C4C0F9240591F158D.e.10304/value - {"text":"200136"}
COMMAND: GET /session/c560a4da8281d0ae87757c6686821c71/screenshot - {}
RESULT: {"text":"200136"}
COMMAND: GET /session/c560a4da8281d0ae87757c6686821c71/screenshot - {}
RESULT: {}
RESULT: {}
COMMAND: POST /session/c560a4da8281d0ae87757c6686821c71/actions - {"actions":[{"id":"action33","type":"key","parameters":{},"actions":[{"type":"keyDown","value":""},{"type":"pause","duration":10},{"type":"keyUp","value":""}]}]}
RESULT: {"actions":[{"id":"action33","type":"key","parameters":{},"actions":[{"type":"keyDown","value":""},{"type":"pause","duration":10},{"type":"keyUp","value":""}]}]}
COMMAND: GET /session/c560a4da8281d0ae87757c6686821c71/screenshot - {}
RESULT: {}
COMMAND: POST /session/c560a4da8281d0ae87757c6686821c71/execute/sync - {"script":"<script> [276 bytes]","args":["No pricing information was found"]}
RESULT: {"script":"<script> [276 bytes]","args":["No pricing information was found"]}
COMMAND: POST /session/c560a4da8281d0ae87757c6686821c71/element - {"using":"xpath","value":"//bdi[contains(text(), \"OK\")]"}
COMMAND: GET /session/c560a4da8281d0ae87757c6686821c71/screenshot - {}
RESULT: {"using":"xpath","value":"//bdi[contains(text(), \"OK\")]"}
COMMAND: POST /session/c560a4da8281d0ae87757c6686821c71/element/f.437C3BD069600255C914999B9931D078.d.4B27A7124D13B80C4C0F9240591F158D.e.10330/click - {}
RESULT: {}
RESULT: {}
COMMAND: GET /session/c560a4da8281d0ae87757c6686821c71/screenshot - {}
RESULT: {}
COMMAND: POST /session/c560a4da8281d0ae87757c6686821c71/element - {"using":"xpath","value":"(//button[@data-kt=\"saveButton\"])[2]"}
RESULT: {"using":"xpath","value":"(//button[@data-kt=\"saveButton\"])[2]"}
COMMAND: POST /session/c560a4da8281d0ae87757c6686821c71/element/f.437C3BD069600255C914999B9931D078.d.4B27A7124D13B80C4C0F9240591F158D.e.10331/click - {}
RESULT: {}
COMMAND: GET /session/c560a4da8281d0ae87757c6686821c71/screenshot - {}
RESULT: {}
COMMAND: POST /session/c560a4da8281d0ae87757c6686821c71/execute/sync - {"script":"<script> [276 bytes]","args":["Some contract items are having rental validity exceeding header rental validity"]}
RESULT: {"script":"<script> [276 bytes]","args":["Some contract items are having rental validity exceeding header rental validity"]}
COMMAND: GET /session/c560a4da8281d0ae87757c6686821c71/screenshot - {}
RESULT: {}
COMMAND: POST /session/c560a4da8281d0ae87757c6686821c71/element - {"using":"xpath","value":"//span[contains(@id ,\"contractItemsSmartTable-header-inner\")]"}
RESULT: {"using":"xpath","value":"//span[contains(@id ,\"contractItemsSmartTable-header-inner\")]"}
COMMAND: POST /session/c560a4da8281d0ae87757c6686821c71/elements - {"using":"xpath","value":"//span[contains(@id ,\"contractItemsSmartTable-header-inner\")]"}
RESULT: {"using":"xpath","value":"//span[contains(@id ,\"contractItemsSmartTable-header-inner\")]"}
COMMAND: POST /session/c560a4da8281d0ae87757c6686821c71/execute/sync - {"script":"<script> [56 bytes]","args":[{"element-6066-11e4-a52e-4f735466cecf":"f.437C3BD069600255C914999B9931D078.d.4B27A7124D13B80C4C0F9240591F158D.e.10335","ELEMENT":"f.437C3BD069600255C914999B9931D078.d.4B27A7124D13B80C4C0F9240591F158D.e.10335"}]}
RESULT: {"script":"<script> [56 bytes]","args":[{"element-6066-11e4-a52e-4f735466cecf":"f.437C3BD069600255C914999B9931D078.d.4B27A7124D13B80C4C0F9240591F158D.e.10335","ELEMENT":"f.437C3BD069600255C914999B9931D078.d.4B27A7124D13B80C4C0F9240591F158D.e.10335"}]}
]]></system-out>
    </testcase>
    <testcase classname="chrome.137_0_7151_69.windows.Provide_to_Site_w/_warehouse_management_wo_clarification" name="Should provide to site" time="39.935">
      <system-out><![CDATA[
COMMAND: POST /session/c560a4da8281d0ae87757c6686821c71/element - {"using":"xpath","value":"//button[@data-kt=\"provideButton\"]"}
COMMAND: GET /session/c560a4da8281d0ae87757c6686821c71/screenshot - {}
RESULT: {"using":"xpath","value":"//button[@data-kt=\"provideButton\"]"}
COMMAND: POST /session/c560a4da8281d0ae87757c6686821c71/element/f.437C3BD069600255C914999B9931D078.d.4B27A7124D13B80C4C0F9240591F158D.e.10336/click - {}
RESULT: {}
RESULT: {}
COMMAND: GET /session/c560a4da8281d0ae87757c6686821c71/screenshot - {}
RESULT: {}
RESULT: undefined
COMMAND: POST /session/c560a4da8281d0ae87757c6686821c71/execute/async - {"script":"<script> [6424 bytes]","args":[{"element-6066-11e4-a52e-4f735466cecf":"f.437C3BD069600255C914999B9931D078.d.4B27A7124D13B80C4C0F9240591F158D.e.9297"},"setValue",["06/14/25"]]}
COMMAND: POST /session/c560a4da8281d0ae87757c6686821c71/execute/async - {"script":"<script> [1562 bytes]","args":[{"selector":{"id":"application-managehandovers-display-component---AddNewHO--dueDate","interaction":{"idSuffix":"inner"}},"wdio_ui5_key":"applicationmanagehandovers-display-component---AddNewHO--dueDate"}]}
RESULT: {"script":"<script> [1562 bytes]","args":[{"selector":{"id":"application-managehandovers-display-component---AddNewHO--dueDate","interaction":{"idSuffix":"inner"}},"wdio_ui5_key":"applicationmanagehandovers-display-component---AddNewHO--dueDate"}]}
COMMAND: POST /session/c560a4da8281d0ae87757c6686821c71/execute/async - {"script":"<script> [6424 bytes]","args":[{"element-6066-11e4-a52e-4f735466cecf":"f.437C3BD069600255C914999B9931D078.d.4B27A7124D13B80C4C0F9240591F158D.e.10426"},"setValue",["06/14/25"]]}
RESULT: {"script":"<script> [6424 bytes]","args":[{"element-6066-11e4-a52e-4f735466cecf":"f.437C3BD069600255C914999B9931D078.d.4B27A7124D13B80C4C0F9240591F158D.e.10426"},"setValue",["06/14/25"]]}
COMMAND: POST /session/c560a4da8281d0ae87757c6686821c71/element - {"using":"xpath","value":"//bdi[contains(text(), \"Instructions\")]"}
RESULT: {"using":"xpath","value":"//bdi[contains(text(), \"Instructions\")]"}
COMMAND: POST /session/c560a4da8281d0ae87757c6686821c71/element/f.437C3BD069600255C914999B9931D078.d.4B27A7124D13B80C4C0F9240591F158D.e.10651/click - {}
RESULT: {}
COMMAND: GET /session/c560a4da8281d0ae87757c6686821c71/screenshot - {}
RESULT: {}
COMMAND: POST /session/c560a4da8281d0ae87757c6686821c71/element - {"using":"xpath","value":"//button[@data-kt=\"AddNewHOProvideAddItemsButton\"]"}
RESULT: {"using":"xpath","value":"//button[@data-kt=\"AddNewHOProvideAddItemsButton\"]"}
COMMAND: POST /session/c560a4da8281d0ae87757c6686821c71/element/f.437C3BD069600255C914999B9931D078.d.4B27A7124D13B80C4C0F9240591F158D.e.10655/click - {}
RESULT: {}
COMMAND: GET /session/c560a4da8281d0ae87757c6686821c71/screenshot - {}
RESULT: {}
RESULT: undefined
COMMAND: POST /session/c560a4da8281d0ae87757c6686821c71/element - {"using":"xpath","value":"//*[@id=\"application-managehandovers-display-component---AddNewHO--popup-sa\"]"}
RESULT: {"using":"xpath","value":"//*[@id=\"application-managehandovers-display-component---AddNewHO--popup-sa\"]"}
COMMAND: POST /session/c560a4da8281d0ae87757c6686821c71/element/f.437C3BD069600255C914999B9931D078.d.4B27A7124D13B80C4C0F9240591F158D.e.10665/click - {}
RESULT: {}
COMMAND: GET /session/c560a4da8281d0ae87757c6686821c71/screenshot - {}
RESULT: {}
COMMAND: POST /session/c560a4da8281d0ae87757c6686821c71/element - {"using":"xpath","value":"//*[contains(@id ,\"BDI-content\")][contains(text(), \"Select\")]"}
RESULT: {"using":"xpath","value":"//*[contains(@id ,\"BDI-content\")][contains(text(), \"Select\")]"}
COMMAND: POST /session/c560a4da8281d0ae87757c6686821c71/element/f.437C3BD069600255C914999B9931D078.d.4B27A7124D13B80C4C0F9240591F158D.e.10666/click - {}
RESULT: {}
COMMAND: GET /session/c560a4da8281d0ae87757c6686821c71/screenshot - {}
RESULT: {}
COMMAND: POST /session/c560a4da8281d0ae87757c6686821c71/element - {"using":"xpath","value":"//bdi[(text() = 'Save' or . = 'Save')]"}
RESULT: {"using":"xpath","value":"//bdi[(text() = 'Save' or . = 'Save')]"}
COMMAND: POST /session/c560a4da8281d0ae87757c6686821c71/element/f.437C3BD069600255C914999B9931D078.d.4B27A7124D13B80C4C0F9240591F158D.e.10674/click - {}
RESULT: {}
COMMAND: GET /session/c560a4da8281d0ae87757c6686821c71/screenshot - {}
RESULT: {}
]]></system-out>
    </testcase>
    <testcase classname="chrome.137_0_7151_69.windows.Provide_to_Site_w/_warehouse_management_wo_clarification" name="Should Test for Handover Execution" time="159.085">
      <system-out><![CDATA[
COMMAND: POST /session/c560a4da8281d0ae87757c6686821c71/execute/async - {"script":"<script> [1562 bytes]","args":[{"selector":{"controlType":"sap.m.Link","viewName":"etm.portal.ui.managehandovers.view.DetailExecuteHO","bindingPath":{"path":"","propertyPath":"/wmDoc","modelName":"warehouseMovModel"}},"wdio_ui5_key":"etmportal.ui.managehandovers.view.DetailExecuteHOsap.m.Link{\"path\":\"\",\"propertyPath\":\"/wmDoc\",\"modelName\":\"warehouseMovModel\"}"}]}
RESULT: {"script":"<script> [1562 bytes]","args":[{"selector":{"controlType":"sap.m.Link","viewName":"etm.portal.ui.managehandovers.view.DetailExecuteHO","bindingPath":{"path":"","propertyPath":"/wmDoc","modelName":"warehouseMovModel"}},"wdio_ui5_key":"etmportal.ui.managehandovers.view.DetailExecuteHOsap.m.Link{\"path\":\"\",\"propertyPath\":\"/wmDoc\",\"modelName\":\"warehouseMovModel\"}"}]}
RESULT: undefined
COMMAND: POST /session/c560a4da8281d0ae87757c6686821c71/element - {"using":"xpath","value":"//*[@id=\"__link82\"]"}
RESULT: {"using":"xpath","value":"//*[@id=\"__link82\"]"}
COMMAND: POST /session/c560a4da8281d0ae87757c6686821c71/element/f.437C3BD069600255C914999B9931D078.d.4B27A7124D13B80C4C0F9240591F158D.e.10714/click - {}
RESULT: {}
COMMAND: GET /session/c560a4da8281d0ae87757c6686821c71/screenshot - {}
RESULT: {}
COMMAND: POST /session/c560a4da8281d0ae87757c6686821c71/execute/async - {"script":"<script> [1562 bytes]","args":[{"selector":{"controlType":"sap.m.Link","viewName":"etm.portal.ui.managehandovers.view.DetailExecuteHO","properties":{"text":"Warehouse Overview"},"searchOpenDialogs":true},"wdio_ui5_key":"etmportal.ui.managehandovers.view.DetailExecuteHOsap.m.Link{\"text\":\"Warehouse Overview\"}"}]}
RESULT: {"script":"<script> [1562 bytes]","args":[{"selector":{"controlType":"sap.m.Link","viewName":"etm.portal.ui.managehandovers.view.DetailExecuteHO","properties":{"text":"Warehouse Overview"},"searchOpenDialogs":true},"wdio_ui5_key":"etmportal.ui.managehandovers.view.DetailExecuteHOsap.m.Link{\"text\":\"Warehouse Overview\"}"}]}
RESULT: undefined
COMMAND: POST /session/c560a4da8281d0ae87757c6686821c71/element - {"using":"xpath","value":"//*[@id=\"__link98\"]"}
RESULT: {"using":"xpath","value":"//*[@id=\"__link98\"]"}
COMMAND: POST /session/c560a4da8281d0ae87757c6686821c71/element/f.437C3BD069600255C914999B9931D078.d.4B27A7124D13B80C4C0F9240591F158D.e.10716/click - {}
RESULT: {}
COMMAND: GET /session/c560a4da8281d0ae87757c6686821c71/screenshot - {}
COMMAND: POST /session/c560a4da8281d0ae87757c6686821c71/execute/async - {"script":"<script> [1562 bytes]","args":[{"selector":{"controlType":"sap.m.Button","viewName":"etm.portal.ui.warehousemovements.view.DisplayMovement","viewId":"application-warehousemovements-display-component---displayMovement","i18NText":{"propertyName":"text","key":"execution"},"interaction":{"idSuffix":"BDI-content"}},"wdio_ui5_key":"etmportal.ui.warehousemovements.view.DisplayMovementsap.m.Button{\"propertyName\":\"text\",\"key\":\"execution\"}"}]}
RESULT: {}
RESULT: {"script":"<script> [1562 bytes]","args":[{"selector":{"controlType":"sap.m.Button","viewName":"etm.portal.ui.warehousemovements.view.DisplayMovement","viewId":"application-warehousemovements-display-component---displayMovement","i18NText":{"propertyName":"text","key":"execution"},"interaction":{"idSuffix":"BDI-content"}},"wdio_ui5_key":"etmportal.ui.warehousemovements.view.DisplayMovementsap.m.Button{\"propertyName\":\"text\",\"key\":\"execution\"}"}]}
RESULT: undefined
COMMAND: POST /session/c560a4da8281d0ae87757c6686821c71/element - {"using":"xpath","value":"//*[@id=\"__button247\"]"}
RESULT: {"using":"xpath","value":"//*[@id=\"__button247\"]"}
COMMAND: POST /session/c560a4da8281d0ae87757c6686821c71/element/f.437C3BD069600255C914999B9931D078.d.4B27A7124D13B80C4C0F9240591F158D.e.10848/click - {}
RESULT: {}
COMMAND: GET /session/c560a4da8281d0ae87757c6686821c71/screenshot - {}
RESULT: {}
COMMAND: POST /session/c560a4da8281d0ae87757c6686821c71/execute/async - {"script":"<script> [1562 bytes]","args":[{"selector":{"controlType":"sap.m.Button","viewName":"etm.portal.ui.warehousemovements.view.ExecuteMovement","viewId":"application-warehousemovements-display-component---executeMovement","properties":{"text":"Items"},"interaction":{"idSuffix":"BDI-content"}},"wdio_ui5_key":"etmportal.ui.warehousemovements.view.ExecuteMovementsap.m.Button{\"text\":\"Items\"}"}]}
RESULT: {"script":"<script> [1562 bytes]","args":[{"selector":{"controlType":"sap.m.Button","viewName":"etm.portal.ui.warehousemovements.view.ExecuteMovement","viewId":"application-warehousemovements-display-component---executeMovement","properties":{"text":"Items"},"interaction":{"idSuffix":"BDI-content"}},"wdio_ui5_key":"etmportal.ui.warehousemovements.view.ExecuteMovementsap.m.Button{\"text\":\"Items\"}"}]}
RESULT: undefined
COMMAND: POST /session/c560a4da8281d0ae87757c6686821c71/element - {"using":"xpath","value":"//*[@id=\"__layout381-anchBar-application-warehousemovements-display-component---executeMovement--itemsSection-anchor\"]"}
RESULT: {"using":"xpath","value":"//*[@id=\"__layout381-anchBar-application-warehousemovements-display-component---executeMovement--itemsSection-anchor\"]"}
COMMAND: POST /session/c560a4da8281d0ae87757c6686821c71/element/f.437C3BD069600255C914999B9931D078.d.4B27A7124D13B80C4C0F9240591F158D.e.10933/click - {}
RESULT: {}
COMMAND: GET /session/c560a4da8281d0ae87757c6686821c71/screenshot - {}
RESULT: {}
COMMAND: POST /session/c560a4da8281d0ae87757c6686821c71/execute/async - {"script":"<script> [1562 bytes]","args":[{"selector":{"controlType":"sap.m.ToggleButton","viewName":"etm.portal.ui.warehousemovements.view.ExecuteMovement","viewId":"application-warehousemovements-display-component---executeMovement","bindingPath":{"propertyPath":"STATUS","modelName":"catalogModel"},"interaction":{"idSuffix":"BDI-content"}},"wdio_ui5_key":"etmportal.ui.warehousemovements.view.ExecuteMovementsap.m.ToggleButton{\"propertyPath\":\"STATUS\",\"modelName\":\"catalogModel\"}"}]}
RESULT: {"script":"<script> [1562 bytes]","args":[{"selector":{"controlType":"sap.m.ToggleButton","viewName":"etm.portal.ui.warehousemovements.view.ExecuteMovement","viewId":"application-warehousemovements-display-component---executeMovement","bindingPath":{"propertyPath":"STATUS","modelName":"catalogModel"},"interaction":{"idSuffix":"BDI-content"}},"wdio_ui5_key":"etmportal.ui.warehousemovements.view.ExecuteMovementsap.m.ToggleButton{\"propertyPath\":\"STATUS\",\"modelName\":\"catalogModel\"}"}]}
RESULT: undefined
COMMAND: POST /session/c560a4da8281d0ae87757c6686821c71/element - {"using":"xpath","value":"//*[@id=\"__button272-__clone2364\"]"}
RESULT: {"using":"xpath","value":"//*[@id=\"__button272-__clone2364\"]"}
COMMAND: POST /session/c560a4da8281d0ae87757c6686821c71/element/f.437C3BD069600255C914999B9931D078.d.4B27A7124D13B80C4C0F9240591F158D.e.10912/click - {}
RESULT: {}
RESULT: undefined
COMMAND: POST /session/c560a4da8281d0ae87757c6686821c71/element - {"using":"xpath","value":"//*[@id=\"__button272-__clone2364\"]"}
COMMAND: GET /session/c560a4da8281d0ae87757c6686821c71/screenshot - {}
RESULT: {"using":"xpath","value":"//*[@id=\"__button272-__clone2364\"]"}
COMMAND: POST /session/c560a4da8281d0ae87757c6686821c71/element/f.437C3BD069600255C914999B9931D078.d.4B27A7124D13B80C4C0F9240591F158D.e.10912/click - {}
RESULT: {}
RESULT: {}
COMMAND: GET /session/c560a4da8281d0ae87757c6686821c71/screenshot - {}
RESULT: {}
RESULT: undefined
COMMAND: POST /session/c560a4da8281d0ae87757c6686821c71/execute/async - {"script":"<script> [6424 bytes]","args":[{"element-6066-11e4-a52e-4f735466cecf":"f.437C3BD069600255C914999B9931D078.d.4B27A7124D13B80C4C0F9240591F158D.e.10938"},"getText",[]]}
RESULT: {"script":"<script> [6424 bytes]","args":[{"element-6066-11e4-a52e-4f735466cecf":"f.437C3BD069600255C914999B9931D078.d.4B27A7124D13B80C4C0F9240591F158D.e.10938"},"getText",[]]}
COMMAND: POST /session/c560a4da8281d0ae87757c6686821c71/element - {"using":"xpath","value":"//section[contains(@id,\"FC-NoHead\")]/div[1]/div[5]/div[2]/span"}
RESULT: {"using":"xpath","value":"//section[contains(@id,\"FC-NoHead\")]/div[1]/div[5]/div[2]/span"}
COMMAND: POST /session/c560a4da8281d0ae87757c6686821c71/elements - {"using":"xpath","value":"//section[contains(@id,\"FC-NoHead\")]/div[1]/div[5]/div[2]/span"}
RESULT: {"using":"xpath","value":"//section[contains(@id,\"FC-NoHead\")]/div[1]/div[5]/div[2]/span"}
COMMAND: POST /session/c560a4da8281d0ae87757c6686821c71/execute/sync - {"script":"<script> [56 bytes]","args":[{"element-6066-11e4-a52e-4f735466cecf":"f.437C3BD069600255C914999B9931D078.d.4B27A7124D13B80C4C0F9240591F158D.e.10940","ELEMENT":"f.437C3BD069600255C914999B9931D078.d.4B27A7124D13B80C4C0F9240591F158D.e.10940"}]}
RESULT: {"script":"<script> [56 bytes]","args":[{"element-6066-11e4-a52e-4f735466cecf":"f.437C3BD069600255C914999B9931D078.d.4B27A7124D13B80C4C0F9240591F158D.e.10940","ELEMENT":"f.437C3BD069600255C914999B9931D078.d.4B27A7124D13B80C4C0F9240591F158D.e.10940"}]}
COMMAND: POST /session/c560a4da8281d0ae87757c6686821c71/actions - {"actions":[{"id":"action34","type":"key","parameters":{},"actions":[{"type":"keyDown","value":""},{"type":"pause","duration":10},{"type":"keyUp","value":""}]}]}
COMMAND: GET /session/c560a4da8281d0ae87757c6686821c71/screenshot - {}
RESULT: {"actions":[{"id":"action34","type":"key","parameters":{},"actions":[{"type":"keyDown","value":""},{"type":"pause","duration":10},{"type":"keyUp","value":""}]}]}
COMMAND: POST /session/c560a4da8281d0ae87757c6686821c71/execute/async - {"script":"<script> [1562 bytes]","args":[{"selector":{"id":"application-warehousemovements-display-component---executeMovement--executeId","interaction":{"idSuffix":"BDI-content"}},"wdio_ui5_key":"applicationwarehousemovements-display-component---executeMovement--executeId"}]}
COMMAND: GET /session/c560a4da8281d0ae87757c6686821c71/screenshot - {}
RESULT: {}
RESULT: {"script":"<script> [1562 bytes]","args":[{"selector":{"id":"application-warehousemovements-display-component---executeMovement--executeId","interaction":{"idSuffix":"BDI-content"}},"wdio_ui5_key":"applicationwarehousemovements-display-component---executeMovement--executeId"}]}
RESULT: undefined
COMMAND: POST /session/c560a4da8281d0ae87757c6686821c71/element - {"using":"xpath","value":"//*[@id=\"application-warehousemovements-display-component---executeMovement--executeId\"]"}
RESULT: {}
RESULT: {"using":"xpath","value":"//*[@id=\"application-warehousemovements-display-component---executeMovement--executeId\"]"}
COMMAND: POST /session/c560a4da8281d0ae87757c6686821c71/element/f.437C3BD069600255C914999B9931D078.d.4B27A7124D13B80C4C0F9240591F158D.e.10906/click - {}
RESULT: {}
COMMAND: GET /session/c560a4da8281d0ae87757c6686821c71/screenshot - {}
RESULT: {}
COMMAND: POST /session/c560a4da8281d0ae87757c6686821c71/element - {"using":"css selector","value":"#shell-header-logo"}
RESULT: {"using":"css selector","value":"#shell-header-logo"}
COMMAND: POST /session/c560a4da8281d0ae87757c6686821c71/element/f.437C3BD069600255C914999B9931D078.d.4B27A7124D13B80C4C0F9240591F158D.e.9704/click - {}
RESULT: {}
COMMAND: GET /session/c560a4da8281d0ae87757c6686821c71/screenshot - {}
RESULT: {}
RESULT: undefined
COMMAND: POST /session/c560a4da8281d0ae87757c6686821c71/element - {"using":"xpath","value":"//*[@id=\"__tile132\"]"}
RESULT: {"using":"xpath","value":"//*[@id=\"__tile132\"]"}
COMMAND: POST /session/c560a4da8281d0ae87757c6686821c71/element/f.437C3BD069600255C914999B9931D078.d.4B27A7124D13B80C4C0F9240591F158D.e.8424/click - {}
RESULT: {}
COMMAND: GET /session/c560a4da8281d0ae87757c6686821c71/screenshot - {}
RESULT: {}
COMMAND: POST /session/c560a4da8281d0ae87757c6686821c71/elements - {"using":"xpath","value":"//span[text()='Error']"}
RESULT: {"using":"xpath","value":"//span[text()='Error']"}
COMMAND: POST /session/c560a4da8281d0ae87757c6686821c71/execute/async - {"script":"<script> [1562 bytes]","args":[{"selector":{"controlType":"sap.m.SearchField","viewName":"etm.portal.ui.managehandovers.view.MasterHO","bindingPath":{"propertyPath":"/_BASIC_SEARCH_FIELD","modelName":"fi1t3rM0d31"},"interaction":{"idSuffix":"I"}},"wdio_ui5_key":"etmportal.ui.managehandovers.view.MasterHOsap.m.SearchField{\"propertyPath\":\"/_BASIC_SEARCH_FIELD\",\"modelName\":\"fi1t3rM0d31\"}"}]}
RESULT: {"script":"<script> [1562 bytes]","args":[{"selector":{"controlType":"sap.m.SearchField","viewName":"etm.portal.ui.managehandovers.view.MasterHO","bindingPath":{"propertyPath":"/_BASIC_SEARCH_FIELD","modelName":"fi1t3rM0d31"},"interaction":{"idSuffix":"I"}},"wdio_ui5_key":"etmportal.ui.managehandovers.view.MasterHOsap.m.SearchField{\"propertyPath\":\"/_BASIC_SEARCH_FIELD\",\"modelName\":\"fi1t3rM0d31\"}"}]}
RESULT: undefined
COMMAND: POST /session/c560a4da8281d0ae87757c6686821c71/execute/async - {"script":"<script> [776 bytes]","args":[{"enterText":"30424","selector":{"controlType":"sap.m.SearchField","viewName":"etm.portal.ui.managehandovers.view.MasterHO","bindingPath":{"propertyPath":"/_BASIC_SEARCH_FIELD","modelName":"fi1t3rM0d31"},"interaction":{"idSuffix":"I"}},"clearTextFirst":true,"interactionType":"ENTER_TEXT"}]}
RESULT: {"script":"<script> [776 bytes]","args":[{"enterText":"30424","selector":{"controlType":"sap.m.SearchField","viewName":"etm.portal.ui.managehandovers.view.MasterHO","bindingPath":{"propertyPath":"/_BASIC_SEARCH_FIELD","modelName":"fi1t3rM0d31"},"interaction":{"idSuffix":"I"}},"clearTextFirst":true,"interactionType":"ENTER_TEXT"}]}
COMMAND: POST /session/c560a4da8281d0ae87757c6686821c71/actions - {"actions":[{"id":"action35","type":"key","parameters":{},"actions":[{"type":"keyDown","value":""},{"type":"pause","duration":10},{"type":"keyUp","value":""}]}]}
RESULT: {"actions":[{"id":"action35","type":"key","parameters":{},"actions":[{"type":"keyDown","value":""},{"type":"pause","duration":10},{"type":"keyUp","value":""}]}]}
COMMAND: GET /session/c560a4da8281d0ae87757c6686821c71/screenshot - {}
RESULT: {}
COMMAND: POST /session/c560a4da8281d0ae87757c6686821c71/execute/async - {"script":"<script> [1562 bytes]","args":[{"selector":{"controlType":"sap.ui.core.Icon","viewName":"etm.portal.ui.managehandovers.view.MasterHO","properties":{"src":{"regex":{"source":"slim\\-arrow\\-right"}}}},"wdio_ui5_key":"etmportal.ui.managehandovers.view.MasterHOsap.ui.core.Icon{\"src\":{\"regex\":{\"source\":\"slim\\\\-arrow\\\\-right\"}}}"}]}
RESULT: {"script":"<script> [1562 bytes]","args":[{"selector":{"controlType":"sap.ui.core.Icon","viewName":"etm.portal.ui.managehandovers.view.MasterHO","properties":{"src":{"regex":{"source":"slim\\-arrow\\-right"}}}},"wdio_ui5_key":"etmportal.ui.managehandovers.view.MasterHOsap.ui.core.Icon{\"src\":{\"regex\":{\"source\":\"slim\\\\-arrow\\\\-right\"}}}"}]}
RESULT: undefined
COMMAND: POST /session/c560a4da8281d0ae87757c6686821c71/element - {"using":"xpath","value":"//*[@id=\"__item1217-__clone2445-imgNav\"]"}
RESULT: {"using":"xpath","value":"//*[@id=\"__item1217-__clone2445-imgNav\"]"}
COMMAND: POST /session/c560a4da8281d0ae87757c6686821c71/element/f.437C3BD069600255C914999B9931D078.d.4B27A7124D13B80C4C0F9240591F158D.e.11242/click - {}
RESULT: {}
COMMAND: GET /session/c560a4da8281d0ae87757c6686821c71/screenshot - {}
RESULT: {}
COMMAND: POST /session/c560a4da8281d0ae87757c6686821c71/execute/async - {"script":"<script> [1562 bytes]","args":[{"selector":{"controlType":"sap.m.Button","viewName":"etm.portal.ui.managehandovers.view.DetailExecuteHO","i18NText":{"propertyName":"text","key":"confirmAll"},"interaction":{"idSuffix":"BDI-content"}},"wdio_ui5_key":"etmportal.ui.managehandovers.view.DetailExecuteHOsap.m.Button{\"propertyName\":\"text\",\"key\":\"confirmAll\"}"}]}
RESULT: {"script":"<script> [1562 bytes]","args":[{"selector":{"controlType":"sap.m.Button","viewName":"etm.portal.ui.managehandovers.view.DetailExecuteHO","i18NText":{"propertyName":"text","key":"confirmAll"},"interaction":{"idSuffix":"BDI-content"}},"wdio_ui5_key":"etmportal.ui.managehandovers.view.DetailExecuteHOsap.m.Button{\"propertyName\":\"text\",\"key\":\"confirmAll\"}"}]}
RESULT: undefined
COMMAND: POST /session/c560a4da8281d0ae87757c6686821c71/element - {"using":"xpath","value":"//*[@id=\"__button313\"]"}
RESULT: {"using":"xpath","value":"//*[@id=\"__button313\"]"}
COMMAND: POST /session/c560a4da8281d0ae87757c6686821c71/element/f.437C3BD069600255C914999B9931D078.d.4B27A7124D13B80C4C0F9240591F158D.e.11341/click - {}
RESULT: {}
COMMAND: GET /session/c560a4da8281d0ae87757c6686821c71/screenshot - {}
RESULT: {}
COMMAND: POST /session/c560a4da8281d0ae87757c6686821c71/actions - {"actions":[{"id":"action36","type":"key","parameters":{},"actions":[{"type":"keyDown","value":""},{"type":"pause","duration":10},{"type":"keyUp","value":""}]}]}
RESULT: {"actions":[{"id":"action36","type":"key","parameters":{},"actions":[{"type":"keyDown","value":""},{"type":"pause","duration":10},{"type":"keyUp","value":""}]}]}
COMMAND: GET /session/c560a4da8281d0ae87757c6686821c71/screenshot - {}
RESULT: {}
COMMAND: POST /session/c560a4da8281d0ae87757c6686821c71/element - {"using":"xpath","value":"//button[@data-kt=\"execHoIssueButton\"]"}
RESULT: {"using":"xpath","value":"//button[@data-kt=\"execHoIssueButton\"]"}
COMMAND: POST /session/c560a4da8281d0ae87757c6686821c71/element/f.437C3BD069600255C914999B9931D078.d.4B27A7124D13B80C4C0F9240591F158D.e.11345/click - {}
RESULT: {}
COMMAND: GET /session/c560a4da8281d0ae87757c6686821c71/screenshot - {}
RESULT: {}
RESULT: undefined
COMMAND: POST /session/c560a4da8281d0ae87757c6686821c71/execute/async - {"script":"<script> [776 bytes]","args":[{"enterText":"30424","selector":{"controlType":"sap.m.SearchField","viewName":"etm.portal.ui.managehandovers.view.MasterHO","bindingPath":{"propertyPath":"/_BASIC_SEARCH_FIELD","modelName":"fi1t3rM0d31"},"interaction":{"idSuffix":"I"}},"clearTextFirst":true,"interactionType":"ENTER_TEXT"}]}
RESULT: {"script":"<script> [776 bytes]","args":[{"enterText":"30424","selector":{"controlType":"sap.m.SearchField","viewName":"etm.portal.ui.managehandovers.view.MasterHO","bindingPath":{"propertyPath":"/_BASIC_SEARCH_FIELD","modelName":"fi1t3rM0d31"},"interaction":{"idSuffix":"I"}},"clearTextFirst":true,"interactionType":"ENTER_TEXT"}]}
COMMAND: POST /session/c560a4da8281d0ae87757c6686821c71/actions - {"actions":[{"id":"action37","type":"key","parameters":{},"actions":[{"type":"keyDown","value":""},{"type":"pause","duration":10},{"type":"keyUp","value":""}]}]}
RESULT: {"actions":[{"id":"action37","type":"key","parameters":{},"actions":[{"type":"keyDown","value":""},{"type":"pause","duration":10},{"type":"keyUp","value":""}]}]}
COMMAND: GET /session/c560a4da8281d0ae87757c6686821c71/screenshot - {}
RESULT: {}
COMMAND: POST /session/c560a4da8281d0ae87757c6686821c71/element - {"using":"xpath","value":"//span[(text() = '30424' or . = '30424')]"}
RESULT: {"using":"xpath","value":"//span[(text() = '30424' or . = '30424')]"}
COMMAND: POST /session/c560a4da8281d0ae87757c6686821c71/element/f.437C3BD069600255C914999B9931D078.d.4B27A7124D13B80C4C0F9240591F158D.e.11388/click - {}
RESULT: {}
COMMAND: GET /session/c560a4da8281d0ae87757c6686821c71/screenshot - {}
RESULT: {}
COMMAND: POST /session/c560a4da8281d0ae87757c6686821c71/element - {"using":"xpath","value":"//span[contains(text(), \"Instructions\")]"}
RESULT: {"using":"xpath","value":"//span[contains(text(), \"Instructions\")]"}
COMMAND: POST /session/c560a4da8281d0ae87757c6686821c71/element/f.437C3BD069600255C914999B9931D078.d.4B27A7124D13B80C4C0F9240591F158D.e.11432/click - {}
RESULT: {}
COMMAND: GET /session/c560a4da8281d0ae87757c6686821c71/screenshot - {}
RESULT: {}
COMMAND: POST /session/c560a4da8281d0ae87757c6686821c71/element - {"using":"xpath","value":"//span[contains(text(), \"Instructions\")]"}
RESULT: {"using":"xpath","value":"//span[contains(text(), \"Instructions\")]"}
COMMAND: POST /session/c560a4da8281d0ae87757c6686821c71/element/f.437C3BD069600255C914999B9931D078.d.4B27A7124D13B80C4C0F9240591F158D.e.11432/click - {}
RESULT: {}
COMMAND: GET /session/c560a4da8281d0ae87757c6686821c71/screenshot - {}
RESULT: {}
COMMAND: POST /session/c560a4da8281d0ae87757c6686821c71/execute/async - {"script":"<script> [1562 bytes]","args":[{"selector":{"controlType":"sap.m.ComboBox","viewName":"etm.portal.ui.managehandovers.view.DetailExecuteHO","bindingPath":{"propertyPath":"RECEIVING_SECTION","modelName":"catalogModel"},"interaction":{"idSuffix":"inner"}},"wdio_ui5_key":"etmportal.ui.managehandovers.view.DetailExecuteHOsap.m.ComboBox{\"propertyPath\":\"RECEIVING_SECTION\",\"modelName\":\"catalogModel\"}"}]}
RESULT: {"script":"<script> [1562 bytes]","args":[{"selector":{"controlType":"sap.m.ComboBox","viewName":"etm.portal.ui.managehandovers.view.DetailExecuteHO","bindingPath":{"propertyPath":"RECEIVING_SECTION","modelName":"catalogModel"},"interaction":{"idSuffix":"inner"}},"wdio_ui5_key":"etmportal.ui.managehandovers.view.DetailExecuteHOsap.m.ComboBox{\"propertyPath\":\"RECEIVING_SECTION\",\"modelName\":\"catalogModel\"}"}]}
RESULT: undefined
COMMAND: POST /session/c560a4da8281d0ae87757c6686821c71/execute/async - {"script":"<script> [776 bytes]","args":[{"enterText":"WDIO-2104","selector":{"controlType":"sap.m.ComboBox","viewName":"etm.portal.ui.managehandovers.view.DetailExecuteHO","bindingPath":{"propertyPath":"RECEIVING_SECTION","modelName":"catalogModel"},"interaction":{"idSuffix":"inner"}},"clearTextFirst":true,"interactionType":"ENTER_TEXT"}]}
RESULT: {"script":"<script> [776 bytes]","args":[{"enterText":"WDIO-2104","selector":{"controlType":"sap.m.ComboBox","viewName":"etm.portal.ui.managehandovers.view.DetailExecuteHO","bindingPath":{"propertyPath":"RECEIVING_SECTION","modelName":"catalogModel"},"interaction":{"idSuffix":"inner"}},"clearTextFirst":true,"interactionType":"ENTER_TEXT"}]}
COMMAND: POST /session/c560a4da8281d0ae87757c6686821c71/actions - {"actions":[{"id":"action38","type":"key","parameters":{},"actions":[{"type":"keyDown","value":""},{"type":"pause","duration":10},{"type":"keyUp","value":""}]}]}
RESULT: {"actions":[{"id":"action38","type":"key","parameters":{},"actions":[{"type":"keyDown","value":""},{"type":"pause","duration":10},{"type":"keyUp","value":""}]}]}
COMMAND: GET /session/c560a4da8281d0ae87757c6686821c71/screenshot - {}
RESULT: {}
COMMAND: POST /session/c560a4da8281d0ae87757c6686821c71/element - {"using":"xpath","value":"//button[@data-kt= \"execHoReceiveButton\"]"}
RESULT: {"using":"xpath","value":"//button[@data-kt= \"execHoReceiveButton\"]"}
COMMAND: POST /session/c560a4da8281d0ae87757c6686821c71/element/f.437C3BD069600255C914999B9931D078.d.4B27A7124D13B80C4C0F9240591F158D.e.11438/click - {}
RESULT: {}
COMMAND: GET /session/c560a4da8281d0ae87757c6686821c71/screenshot - {}
RESULT: {}
COMMAND: POST /session/c560a4da8281d0ae87757c6686821c71/execute/async - {"script":"<script> [1562 bytes]","args":[{"selector":{"controlType":"sap.m.Button","properties":{"text":"Continue"},"searchOpenDialogs":true,"interaction":{"idSuffix":"content"}},"wdio_ui5_key":"sapm.Button{\"text\":\"Continue\"}"}]}
RESULT: {"script":"<script> [1562 bytes]","args":[{"selector":{"controlType":"sap.m.Button","properties":{"text":"Continue"},"searchOpenDialogs":true,"interaction":{"idSuffix":"content"}},"wdio_ui5_key":"sapm.Button{\"text\":\"Continue\"}"}]}
RESULT: undefined
COMMAND: POST /session/c560a4da8281d0ae87757c6686821c71/element - {"using":"xpath","value":"//*[@id=\"__mbox-btn-6\"]"}
RESULT: {"using":"xpath","value":"//*[@id=\"__mbox-btn-6\"]"}
COMMAND: POST /session/c560a4da8281d0ae87757c6686821c71/element/f.437C3BD069600255C914999B9931D078.d.4B27A7124D13B80C4C0F9240591F158D.e.11439/click - {}
RESULT: {}
COMMAND: GET /session/c560a4da8281d0ae87757c6686821c71/screenshot - {}
RESULT: {}
COMMAND: POST /session/c560a4da8281d0ae87757c6686821c71/element - {"using":"css selector","value":"#shell-header-logo"}
RESULT: {"using":"css selector","value":"#shell-header-logo"}
COMMAND: POST /session/c560a4da8281d0ae87757c6686821c71/element/f.437C3BD069600255C914999B9931D078.d.4B27A7124D13B80C4C0F9240591F158D.e.10990/click - {}
RESULT: {}
COMMAND: GET /session/c560a4da8281d0ae87757c6686821c71/screenshot - {}
RESULT: {}
COMMAND: POST /session/c560a4da8281d0ae87757c6686821c71/element - {"using":"css selector","value":"#j_username"}
COMMAND: POST /session/c560a4da8281d0ae87757c6686821c71/url - {"url":"https://qa-testing-00-live-etm-ui.cfapps.eu10-004.hana.ondemand.com/"}
RESULT: {"using":"css selector","value":"#j_username"}
COMMAND: POST /session/c560a4da8281d0ae87757c6686821c71/element - {"using":"css selector","value":"#j_username"}
RESULT: {"url":"https://qa-testing-00-live-etm-ui.cfapps.eu10-004.hana.ondemand.com/"}
RESULT: undefined
COMMAND: GET /session/c560a4da8281d0ae87757c6686821c71/screenshot - {}
RESULT: {"using":"css selector","value":"#j_username"}
COMMAND: POST /session/c560a4da8281d0ae87757c6686821c71/element - {"using":"css selector","value":"#shell-header-logo"}
RESULT: {}
RESULT: {"using":"css selector","value":"#shell-header-logo"}
COMMAND: POST /session/c560a4da8281d0ae87757c6686821c71/execute/sync - {"script":"<script> [8489 bytes]","args":[{"element-6066-11e4-a52e-4f735466cecf":"f.437C3BD069600255C914999B9931D078.d.AC08D08A8626E75AC93ECA3C845E257C.e.11493","ELEMENT":"f.437C3BD069600255C914999B9931D078.d.AC08D08A8626E75AC93ECA3C845E257C.e.11493"}]}
RESULT: {"script":"<script> [8489 bytes]","args":[{"element-6066-11e4-a52e-4f735466cecf":"f.437C3BD069600255C914999B9931D078.d.AC08D08A8626E75AC93ECA3C845E257C.e.11493","ELEMENT":"f.437C3BD069600255C914999B9931D078.d.AC08D08A8626E75AC93ECA3C845E257C.e.11493"}]}
COMMAND: POST /session/c560a4da8281d0ae87757c6686821c71/element - {"using":"css selector","value":"#shell-header-logo"}
COMMAND: GET /session/c560a4da8281d0ae87757c6686821c71/screenshot - {}
RESULT: {"using":"css selector","value":"#shell-header-logo"}
COMMAND: POST /session/c560a4da8281d0ae87757c6686821c71/execute/sync - {"script":"<script> [8489 bytes]","args":[{"element-6066-11e4-a52e-4f735466cecf":"f.437C3BD069600255C914999B9931D078.d.AC08D08A8626E75AC93ECA3C845E257C.e.11493","ELEMENT":"f.437C3BD069600255C914999B9931D078.d.AC08D08A8626E75AC93ECA3C845E257C.e.11493"}]}
RESULT: {}
RESULT: {"script":"<script> [8489 bytes]","args":[{"element-6066-11e4-a52e-4f735466cecf":"f.437C3BD069600255C914999B9931D078.d.AC08D08A8626E75AC93ECA3C845E257C.e.11493","ELEMENT":"f.437C3BD069600255C914999B9931D078.d.AC08D08A8626E75AC93ECA3C845E257C.e.11493"}]}
COMMAND: POST /session/c560a4da8281d0ae87757c6686821c71/execute/sync - {"script":"<script> [5351 bytes]","args":[{"element-6066-11e4-a52e-4f735466cecf":"f.437C3BD069600255C914999B9931D078.d.AC08D08A8626E75AC93ECA3C845E257C.e.11493","ELEMENT":"f.437C3BD069600255C914999B9931D078.d.AC08D08A8626E75AC93ECA3C845E257C.e.11493"}]}
COMMAND: GET /session/c560a4da8281d0ae87757c6686821c71/screenshot - {}
RESULT: {"script":"<script> [5351 bytes]","args":[{"element-6066-11e4-a52e-4f735466cecf":"f.437C3BD069600255C914999B9931D078.d.AC08D08A8626E75AC93ECA3C845E257C.e.11493","ELEMENT":"f.437C3BD069600255C914999B9931D078.d.AC08D08A8626E75AC93ECA3C845E257C.e.11493"}]}
COMMAND: POST /session/c560a4da8281d0ae87757c6686821c71/element - {"using":"css selector","value":"#shell-header-logo"}
COMMAND: GET /session/c560a4da8281d0ae87757c6686821c71/screenshot - {}
RESULT: {}
RESULT: {"using":"css selector","value":"#shell-header-logo"}
COMMAND: POST /session/c560a4da8281d0ae87757c6686821c71/element/f.437C3BD069600255C914999B9931D078.d.AC08D08A8626E75AC93ECA3C845E257C.e.11493/click - {}
RESULT: {}
RESULT: {}
COMMAND: GET /session/c560a4da8281d0ae87757c6686821c71/screenshot - {}
RESULT: {}
COMMAND: POST /session/c560a4da8281d0ae87757c6686821c71/execute/async - {"script":"<script> [189 bytes]","args":[]}
RESULT: {"script":"<script> [189 bytes]","args":[]}
COMMAND: POST /session/c560a4da8281d0ae87757c6686821c71/execute/async - {"script":"<script> [123 bytes]","args":[]}
RESULT: {"script":"<script> [123 bytes]","args":[]}
COMMAND: POST /session/c560a4da8281d0ae87757c6686821c71/timeouts - {"script":"<number>"}
RESULT: {"script":"<number>"}
COMMAND: GET /session/c560a4da8281d0ae87757c6686821c71/timeouts - {}
RESULT: {}
RESULT: undefined
COMMAND: POST /session/c560a4da8281d0ae87757c6686821c71/execute/async - {"script":"<script> [2676 bytes]","args":[]}
RESULT: {"script":"<script> [2676 bytes]","args":[]}
COMMAND: POST /session/c560a4da8281d0ae87757c6686821c71/execute/async - {"script":"<script> [2342 bytes]","args":[{"protocol":"http","hostname":"0.0.0.0","path":"/","capabilities":{"browserName":"chrome","goog:chromeOptions":{"binary":"C:\\Program Files\\Google\\Chrome\\Application\\chrome.exe","args":["--start-maximized"]}},"logLevel":"warn","connectionRetryTimeout":120000,"connectionRetryCount":3,"logLevels":{},"enableDirectConnect":true,"strictSSL":true,"_":"65 more keys: [\"cacheDir\",\"port\",\"requestedCapabilities\",\"automationProtocol\",\"baseUrl\",\"waitforInterval\",\"waitforTimeout\",\"onReload\",\"beforeCommand\",\"afterCommand\",\"rootDir\",\"specs\",\"suites\",\"exclude\",\"groupLogsByTestSpec\",\"excludeDriverLogs\",\"bail\",\"framework\",\"reporters\",\"services\",\"maxInstances\",\"maxInstancesPerCapability\",\"injectGlobals\",\"filesToWatch\",\"execArgv\",\"runnerEnv\",\"runner\",\"shard\",\"specFileRetries\",\"specFileRetriesDelay\",\"specFileRetriesDeferred\",\"reporterSyncInterval\",\"reporterSyncTimeout\",\"cucumberFeaturesWithLineNumbers\",\"autoCompileOpts\",\"mochaOpts\",\"jasmineOpts\",\"cucumberOpts\",\"onPrepare\",\"onWorkerStart\",\"onWorkerEnd\",\"before\",\"beforeSession\",\"beforeSuite\",\"beforeHook\",\"beforeTest\",\"afterTest\",\"afterHook\",\"afterSuite\",\"afterSession\",\"after\",\"onComplete\",\"beforeAssertion\",\"afterAssertion\",\"beforeFeature\",\"beforeScenario\",\"beforeStep\",\"afterStep\",\"afterScenario\",\"afterFeature\",\"_\",\"suite\",\"$0\",\"ignoredWorkerServices\",\"wdi5\"]"}]}
RESULT: {"script":"<script> [2342 bytes]","args":[{"protocol":"http","hostname":"0.0.0.0","path":"/","capabilities":{"browserName":"chrome","goog:chromeOptions":{"binary":"C:\\Program Files\\Google\\Chrome\\Application\\chrome.exe","args":["--start-maximized"]}},"logLevel":"warn","connectionRetryTimeout":120000,"connectionRetryCount":3,"logLevels":{},"enableDirectConnect":true,"strictSSL":true,"_":"65 more keys: [\"cacheDir\",\"port\",\"requestedCapabilities\",\"automationProtocol\",\"baseUrl\",\"waitforInterval\",\"waitforTimeout\",\"onReload\",\"beforeCommand\",\"afterCommand\",\"rootDir\",\"specs\",\"suites\",\"exclude\",\"groupLogsByTestSpec\",\"excludeDriverLogs\",\"bail\",\"framework\",\"reporters\",\"services\",\"maxInstances\",\"maxInstancesPerCapability\",\"injectGlobals\",\"filesToWatch\",\"execArgv\",\"runnerEnv\",\"runner\",\"shard\",\"specFileRetries\",\"specFileRetriesDelay\",\"specFileRetriesDeferred\",\"reporterSyncInterval\",\"reporterSyncTimeout\",\"cucumberFeaturesWithLineNumbers\",\"autoCompileOpts\",\"mochaOpts\",\"jasmineOpts\",\"cucumberOpts\",\"onPrepare\",\"onWorkerStart\",\"onWorkerEnd\",\"before\",\"beforeSession\",\"beforeSuite\",\"beforeHook\",\"beforeTest\",\"afterTest\",\"afterHook\",\"afterSuite\",\"afterSession\",\"after\",\"onComplete\",\"beforeAssertion\",\"afterAssertion\",\"beforeFeature\",\"beforeScenario\",\"beforeStep\",\"afterStep\",\"afterScenario\",\"afterFeature\",\"_\",\"suite\",\"$0\",\"ignoredWorkerServices\",\"wdi5\"]"}]}
COMMAND: POST /session/c560a4da8281d0ae87757c6686821c71/execute/async - {"script":"<script> [21126 bytes]","args":[35000]}
RESULT: {"script":"<script> [21126 bytes]","args":[35000]}
COMMAND: POST /session/c560a4da8281d0ae87757c6686821c71/window/maximize - {}
RESULT: {}
COMMAND: POST /session/c560a4da8281d0ae87757c6686821c71/execute/async - {"script":"<script> [1562 bytes]","args":[{"selector":{"id":"shell-header","interaction":{"idSuffix":"icon"}},"wdio_ui5_key":"shellheader"}]}
COMMAND: GET /session/c560a4da8281d0ae87757c6686821c71/screenshot - {}
RESULT: undefined
RESULT: {"script":"<script> [1562 bytes]","args":[{"selector":{"id":"shell-header","interaction":{"idSuffix":"icon"}},"wdio_ui5_key":"shellheader"}]}
RESULT: undefined
COMMAND: POST /session/c560a4da8281d0ae87757c6686821c71/window/fullscreen - {}
RESULT: {}
RESULT: {}
]]></system-out>
    </testcase>
  </testsuite>
  <testsuite timestamp="2025-06-14T16:49:31" time="481.089" tests="4" failures="0" errors="0" skipped="0">
    <properties>
      <property name="specId" value="0"/>
      <property name="suiteName" value="Provide to Site w/o warehouse management w/ clarification US116605"/>
      <property name="capabilities" value="chrome.137_0_7151_69.windows"/>
      <property name="file" value="file:///D:/a/1/s/test/specs/HTR/provide-to-site-wo-warehouse-w-clarification.spec.js"/>
    </properties>
    <testcase classname="chrome.137_0_7151_69.windows.Provide_to_Site_w/o_warehouse_management_w/_clarification_US116605" name="Should create a new yard" time="127.766">
      <system-out><![CDATA[
COMMAND: POST /session/c560a4da8281d0ae87757c6686821c71/window/fullscreen - {}
RESULT: {}
COMMAND: POST /session/c560a4da8281d0ae87757c6686821c71/execute/async - {"script":"<script> [1562 bytes]","args":[{"selector":{"controlType":"sap.m.GenericTile","properties":{"header":"Manage Yards"}},"wdio_ui5_key":"sapm.GenericTile{\"header\":\"Manage Yards\"}"}]}
RESULT: {"script":"<script> [1562 bytes]","args":[{"selector":{"controlType":"sap.m.GenericTile","properties":{"header":"Manage Yards"}},"wdio_ui5_key":"sapm.GenericTile{\"header\":\"Manage Yards\"}"}]}
RESULT: undefined
COMMAND: POST /session/c560a4da8281d0ae87757c6686821c71/element - {"using":"xpath","value":"//*[@id=\"__tile34\"]"}
RESULT: {"using":"xpath","value":"//*[@id=\"__tile34\"]"}
COMMAND: POST /session/c560a4da8281d0ae87757c6686821c71/element/f.437C3BD069600255C914999B9931D078.d.AC08D08A8626E75AC93ECA3C845E257C.e.11518/click - {}
RESULT: {}
COMMAND: GET /session/c560a4da8281d0ae87757c6686821c71/screenshot - {}
RESULT: {}
COMMAND: POST /session/c560a4da8281d0ae87757c6686821c71/elements - {"using":"xpath","value":"//span[text()='Error']"}
RESULT: {"using":"xpath","value":"//span[text()='Error']"}
COMMAND: POST /session/c560a4da8281d0ae87757c6686821c71/element - {"using":"xpath","value":"//button[@data-kt=\"addNewYardOverflowToolbarButton\"]"}
RESULT: {"using":"xpath","value":"//button[@data-kt=\"addNewYardOverflowToolbarButton\"]"}
COMMAND: POST /session/c560a4da8281d0ae87757c6686821c71/elements - {"using":"xpath","value":"//button[@data-kt=\"addNewYardOverflowToolbarButton\"]"}
RESULT: {"using":"xpath","value":"//button[@data-kt=\"addNewYardOverflowToolbarButton\"]"}
COMMAND: POST /session/c560a4da8281d0ae87757c6686821c71/execute/sync - {"script":"<script> [8489 bytes]","args":[{"element-6066-11e4-a52e-4f735466cecf":"f.437C3BD069600255C914999B9931D078.d.AC08D08A8626E75AC93ECA3C845E257C.e.11640","ELEMENT":"f.437C3BD069600255C914999B9931D078.d.AC08D08A8626E75AC93ECA3C845E257C.e.11640"}]}
RESULT: {"script":"<script> [8489 bytes]","args":[{"element-6066-11e4-a52e-4f735466cecf":"f.437C3BD069600255C914999B9931D078.d.AC08D08A8626E75AC93ECA3C845E257C.e.11640","ELEMENT":"f.437C3BD069600255C914999B9931D078.d.AC08D08A8626E75AC93ECA3C845E257C.e.11640"}]}
COMMAND: GET /session/c560a4da8281d0ae87757c6686821c71/element/f.437C3BD069600255C914999B9931D078.d.AC08D08A8626E75AC93ECA3C845E257C.e.11640/enabled - {}
COMMAND: GET /session/c560a4da8281d0ae87757c6686821c71/screenshot - {}
RESULT: {}
COMMAND: POST /session/c560a4da8281d0ae87757c6686821c71/execute/sync - {"script":"<script> [8489 bytes]","args":[{"element-6066-11e4-a52e-4f735466cecf":"f.437C3BD069600255C914999B9931D078.d.AC08D08A8626E75AC93ECA3C845E257C.e.11640","ELEMENT":"f.437C3BD069600255C914999B9931D078.d.AC08D08A8626E75AC93ECA3C845E257C.e.11640"}]}
COMMAND: GET /session/c560a4da8281d0ae87757c6686821c71/screenshot - {}
RESULT: {}
RESULT: {"script":"<script> [8489 bytes]","args":[{"element-6066-11e4-a52e-4f735466cecf":"f.437C3BD069600255C914999B9931D078.d.AC08D08A8626E75AC93ECA3C845E257C.e.11640","ELEMENT":"f.437C3BD069600255C914999B9931D078.d.AC08D08A8626E75AC93ECA3C845E257C.e.11640"}]}
COMMAND: POST /session/c560a4da8281d0ae87757c6686821c71/execute/sync - {"script":"<script> [5351 bytes]","args":[{"element-6066-11e4-a52e-4f735466cecf":"f.437C3BD069600255C914999B9931D078.d.AC08D08A8626E75AC93ECA3C845E257C.e.11640","ELEMENT":"f.437C3BD069600255C914999B9931D078.d.AC08D08A8626E75AC93ECA3C845E257C.e.11640"}]}
COMMAND: GET /session/c560a4da8281d0ae87757c6686821c71/screenshot - {}
RESULT: {}
RESULT: {"script":"<script> [5351 bytes]","args":[{"element-6066-11e4-a52e-4f735466cecf":"f.437C3BD069600255C914999B9931D078.d.AC08D08A8626E75AC93ECA3C845E257C.e.11640","ELEMENT":"f.437C3BD069600255C914999B9931D078.d.AC08D08A8626E75AC93ECA3C845E257C.e.11640"}]}
COMMAND: POST /session/c560a4da8281d0ae87757c6686821c71/element/f.437C3BD069600255C914999B9931D078.d.AC08D08A8626E75AC93ECA3C845E257C.e.11640/click - {}
COMMAND: GET /session/c560a4da8281d0ae87757c6686821c71/screenshot - {}
RESULT: {}
RESULT: {}
COMMAND: GET /session/c560a4da8281d0ae87757c6686821c71/screenshot - {}
RESULT: {}
COMMAND: POST /session/c560a4da8281d0ae87757c6686821c71/element - {"using":"xpath","value":"//input[@id=\"application-manageyards-display-component---NewYard--yardId-inner\"]"}
RESULT: {}
RESULT: {"using":"xpath","value":"//input[@id=\"application-manageyards-display-component---NewYard--yardId-inner\"]"}
COMMAND: POST /session/c560a4da8281d0ae87757c6686821c71/element - {"using":"xpath","value":"//input[@id=\"application-manageyards-display-component---NewYard--yardId-inner\"]"}
RESULT: {"using":"xpath","value":"//input[@id=\"application-manageyards-display-component---NewYard--yardId-inner\"]"}
COMMAND: POST /session/c560a4da8281d0ae87757c6686821c71/execute/async - {"script":"<script> [1562 bytes]","args":[{"selector":{"id":"application-manageyards-display-component---NewYard--addressDetailDetailsName1","interaction":{"idSuffix":"inner"}},"wdio_ui5_key":"applicationmanageyards-display-component---NewYard--addressDetailDetailsName1"}]}
RESULT: {"script":"<script> [1562 bytes]","args":[{"selector":{"id":"application-manageyards-display-component---NewYard--addressDetailDetailsName1","interaction":{"idSuffix":"inner"}},"wdio_ui5_key":"applicationmanageyards-display-component---NewYard--addressDetailDetailsName1"}]}
RESULT: undefined
COMMAND: POST /session/c560a4da8281d0ae87757c6686821c71/execute/async - {"script":"<script> [776 bytes]","args":[{"enterText":"Other Yard WDIO","selector":{"id":"application-manageyards-display-component---NewYard--addressDetailDetailsName1","interaction":{"idSuffix":"inner"}},"clearTextFirst":true,"interactionType":"ENTER_TEXT"}]}
RESULT: {"script":"<script> [776 bytes]","args":[{"enterText":"Other Yard WDIO","selector":{"id":"application-manageyards-display-component---NewYard--addressDetailDetailsName1","interaction":{"idSuffix":"inner"}},"clearTextFirst":true,"interactionType":"ENTER_TEXT"}]}
COMMAND: POST /session/c560a4da8281d0ae87757c6686821c71/execute/async - {"script":"<script> [1562 bytes]","args":[{"selector":{"id":"application-manageyards-display-component---NewYard--addressDetailDetailsLanguage-arrow"},"wdio_ui5_key":"applicationmanageyards-display-component---NewYard--addressDetailDetailsLanguage-arrow"}]}
RESULT: {"script":"<script> [1562 bytes]","args":[{"selector":{"id":"application-manageyards-display-component---NewYard--addressDetailDetailsLanguage-arrow"},"wdio_ui5_key":"applicationmanageyards-display-component---NewYard--addressDetailDetailsLanguage-arrow"}]}
RESULT: undefined
COMMAND: POST /session/c560a4da8281d0ae87757c6686821c71/element - {"using":"xpath","value":"//*[@id=\"application-manageyards-display-component---NewYard--addressDetailDetailsLanguage-arrow\"]"}
RESULT: {"using":"xpath","value":"//*[@id=\"application-manageyards-display-component---NewYard--addressDetailDetailsLanguage-arrow\"]"}
COMMAND: POST /session/c560a4da8281d0ae87757c6686821c71/element/f.437C3BD069600255C914999B9931D078.d.AC08D08A8626E75AC93ECA3C845E257C.e.12077/click - {}
RESULT: {}
COMMAND: POST /session/c560a4da8281d0ae87757c6686821c71/element - {"using":"xpath","value":"//span[contains(text(), \"English\")]"}
COMMAND: GET /session/c560a4da8281d0ae87757c6686821c71/screenshot - {}
RESULT: {"using":"xpath","value":"//span[contains(text(), \"English\")]"}
COMMAND: POST /session/c560a4da8281d0ae87757c6686821c71/element/f.437C3BD069600255C914999B9931D078.d.AC08D08A8626E75AC93ECA3C845E257C.e.12078/click - {}
RESULT: {}
RESULT: {}
COMMAND: POST /session/c560a4da8281d0ae87757c6686821c71/execute/async - {"script":"<script> [1562 bytes]","args":[{"selector":{"id":"application-manageyards-display-component---NewYard--addressDetailDetailsCity1","interaction":{"idSuffix":"inner"}},"wdio_ui5_key":"applicationmanageyards-display-component---NewYard--addressDetailDetailsCity1"}]}
COMMAND: GET /session/c560a4da8281d0ae87757c6686821c71/screenshot - {}
RESULT: {"script":"<script> [1562 bytes]","args":[{"selector":{"id":"application-manageyards-display-component---NewYard--addressDetailDetailsCity1","interaction":{"idSuffix":"inner"}},"wdio_ui5_key":"applicationmanageyards-display-component---NewYard--addressDetailDetailsCity1"}]}
RESULT: undefined
COMMAND: POST /session/c560a4da8281d0ae87757c6686821c71/execute/async - {"script":"<script> [776 bytes]","args":[{"enterText":"Rosario","selector":{"id":"application-manageyards-display-component---NewYard--addressDetailDetailsCity1","interaction":{"idSuffix":"inner"}},"clearTextFirst":true,"interactionType":"ENTER_TEXT"}]}
RESULT: {}
RESULT: {"script":"<script> [776 bytes]","args":[{"enterText":"Rosario","selector":{"id":"application-manageyards-display-component---NewYard--addressDetailDetailsCity1","interaction":{"idSuffix":"inner"}},"clearTextFirst":true,"interactionType":"ENTER_TEXT"}]}
COMMAND: POST /session/c560a4da8281d0ae87757c6686821c71/execute/async - {"script":"<script> [1562 bytes]","args":[{"selector":{"id":"application-manageyards-display-component---NewYard--addressDetailDetailsCountry-arrow"},"wdio_ui5_key":"applicationmanageyards-display-component---NewYard--addressDetailDetailsCountry-arrow"}]}
RESULT: {"script":"<script> [1562 bytes]","args":[{"selector":{"id":"application-manageyards-display-component---NewYard--addressDetailDetailsCountry-arrow"},"wdio_ui5_key":"applicationmanageyards-display-component---NewYard--addressDetailDetailsCountry-arrow"}]}
RESULT: undefined
COMMAND: POST /session/c560a4da8281d0ae87757c6686821c71/element - {"using":"xpath","value":"//*[@id=\"application-manageyards-display-component---NewYard--addressDetailDetailsCountry-arrow\"]"}
RESULT: {"using":"xpath","value":"//*[@id=\"application-manageyards-display-component---NewYard--addressDetailDetailsCountry-arrow\"]"}
COMMAND: POST /session/c560a4da8281d0ae87757c6686821c71/element/f.437C3BD069600255C914999B9931D078.d.AC08D08A8626E75AC93ECA3C845E257C.e.12080/click - {}
RESULT: {}
COMMAND: POST /session/c560a4da8281d0ae87757c6686821c71/element - {"using":"xpath","value":"//span[contains(text(), \"Argentina\")]"}
COMMAND: GET /session/c560a4da8281d0ae87757c6686821c71/screenshot - {}
RESULT: {"using":"xpath","value":"//span[contains(text(), \"Argentina\")]"}
COMMAND: POST /session/c560a4da8281d0ae87757c6686821c71/element/f.437C3BD069600255C914999B9931D078.d.AC08D08A8626E75AC93ECA3C845E257C.e.12081/click - {}
RESULT: {}
RESULT: {}
COMMAND: POST /session/c560a4da8281d0ae87757c6686821c71/execute/async - {"script":"<script> [1562 bytes]","args":[{"selector":{"id":"application-manageyards-display-component---NewYard--addressEditDetailsCostObjectCstType-arrow"},"wdio_ui5_key":"applicationmanageyards-display-component---NewYard--addressEditDetailsCostObjectCstType-arrow"}]}
COMMAND: GET /session/c560a4da8281d0ae87757c6686821c71/screenshot - {}
RESULT: {"script":"<script> [1562 bytes]","args":[{"selector":{"id":"application-manageyards-display-component---NewYard--addressEditDetailsCostObjectCstType-arrow"},"wdio_ui5_key":"applicationmanageyards-display-component---NewYard--addressEditDetailsCostObjectCstType-arrow"}]}
RESULT: undefined
COMMAND: POST /session/c560a4da8281d0ae87757c6686821c71/element - {"using":"xpath","value":"//*[@id=\"application-manageyards-display-component---NewYard--addressEditDetailsCostObjectCstType-arrow\"]"}
RESULT: {}
RESULT: {"using":"xpath","value":"//*[@id=\"application-manageyards-display-component---NewYard--addressEditDetailsCostObjectCstType-arrow\"]"}
COMMAND: POST /session/c560a4da8281d0ae87757c6686821c71/element/f.437C3BD069600255C914999B9931D078.d.AC08D08A8626E75AC93ECA3C845E257C.e.12083/click - {}
RESULT: {}
COMMAND: POST /session/c560a4da8281d0ae87757c6686821c71/element - {"using":"xpath","value":"//span[contains(text(), \"Cost Center\")]"}
COMMAND: GET /session/c560a4da8281d0ae87757c6686821c71/screenshot - {}
RESULT: {"using":"xpath","value":"//span[contains(text(), \"Cost Center\")]"}
COMMAND: POST /session/c560a4da8281d0ae87757c6686821c71/element/f.437C3BD069600255C914999B9931D078.d.AC08D08A8626E75AC93ECA3C845E257C.e.12084/click - {}
RESULT: {}
RESULT: {}
COMMAND: GET /session/c560a4da8281d0ae87757c6686821c71/screenshot - {}
RESULT: {}
COMMAND: POST /session/c560a4da8281d0ae87757c6686821c71/element - {"using":"xpath","value":"//span[@id=\"application-manageyards-display-component---NewYard--addressNewCostObjectCstID-vhi\"]"}
RESULT: {"using":"xpath","value":"//span[@id=\"application-manageyards-display-component---NewYard--addressNewCostObjectCstID-vhi\"]"}
COMMAND: POST /session/c560a4da8281d0ae87757c6686821c71/execute/sync - {"script":"<script> [8489 bytes]","args":[{"element-6066-11e4-a52e-4f735466cecf":"f.437C3BD069600255C914999B9931D078.d.AC08D08A8626E75AC93ECA3C845E257C.e.12088","ELEMENT":"f.437C3BD069600255C914999B9931D078.d.AC08D08A8626E75AC93ECA3C845E257C.e.12088"}]}
RESULT: {"script":"<script> [8489 bytes]","args":[{"element-6066-11e4-a52e-4f735466cecf":"f.437C3BD069600255C914999B9931D078.d.AC08D08A8626E75AC93ECA3C845E257C.e.12088","ELEMENT":"f.437C3BD069600255C914999B9931D078.d.AC08D08A8626E75AC93ECA3C845E257C.e.12088"}]}
COMMAND: POST /session/c560a4da8281d0ae87757c6686821c71/execute/async - {"script":"<script> [1562 bytes]","args":[{"selector":{"id":"application-manageyards-display-component---NewYard--addressNewCostObjectCstID-vhi"},"wdio_ui5_key":"applicationmanageyards-display-component---NewYard--addressNewCostObjectCstID-vhi"}]}
COMMAND: GET /session/c560a4da8281d0ae87757c6686821c71/screenshot - {}
RESULT: {"script":"<script> [1562 bytes]","args":[{"selector":{"id":"application-manageyards-display-component---NewYard--addressNewCostObjectCstID-vhi"},"wdio_ui5_key":"applicationmanageyards-display-component---NewYard--addressNewCostObjectCstID-vhi"}]}
RESULT: undefined
COMMAND: POST /session/c560a4da8281d0ae87757c6686821c71/element - {"using":"xpath","value":"//*[@id=\"application-manageyards-display-component---NewYard--addressNewCostObjectCstID-vhi\"]"}
RESULT: {}
RESULT: {"using":"xpath","value":"//*[@id=\"application-manageyards-display-component---NewYard--addressNewCostObjectCstID-vhi\"]"}
COMMAND: POST /session/c560a4da8281d0ae87757c6686821c71/element/f.437C3BD069600255C914999B9931D078.d.AC08D08A8626E75AC93ECA3C845E257C.e.12088/click - {}
RESULT: {}
COMMAND: GET /session/c560a4da8281d0ae87757c6686821c71/screenshot - {}
RESULT: {}
COMMAND: POST /session/c560a4da8281d0ae87757c6686821c71/execute/async - {"script":"<script> [1562 bytes]","args":[{"selector":{"controlType":"sap.m.SearchField","properties":{"placeholder":"Search"},"searchOpenDialogs":true,"interaction":{"idSuffix":"I"}},"wdio_ui5_key":"sapm.SearchField{\"placeholder\":\"Search\"}"}]}
RESULT: {"script":"<script> [1562 bytes]","args":[{"selector":{"controlType":"sap.m.SearchField","properties":{"placeholder":"Search"},"searchOpenDialogs":true,"interaction":{"idSuffix":"I"}},"wdio_ui5_key":"sapm.SearchField{\"placeholder\":\"Search\"}"}]}
RESULT: undefined
COMMAND: POST /session/c560a4da8281d0ae87757c6686821c71/execute/async - {"script":"<script> [776 bytes]","args":[{"enterText":"bauh_b","selector":{"controlType":"sap.m.SearchField","properties":{"placeholder":"Search"},"searchOpenDialogs":true,"interaction":{"idSuffix":"I"}},"clearTextFirst":true,"interactionType":"ENTER_TEXT"}]}
RESULT: {"script":"<script> [776 bytes]","args":[{"enterText":"bauh_b","selector":{"controlType":"sap.m.SearchField","properties":{"placeholder":"Search"},"searchOpenDialogs":true,"interaction":{"idSuffix":"I"}},"clearTextFirst":true,"interactionType":"ENTER_TEXT"}]}
COMMAND: POST /session/c560a4da8281d0ae87757c6686821c71/actions - {"actions":[{"id":"action39","type":"key","parameters":{},"actions":[{"type":"keyDown","value":""},{"type":"pause","duration":10},{"type":"keyUp","value":""}]}]}
RESULT: {"actions":[{"id":"action39","type":"key","parameters":{},"actions":[{"type":"keyDown","value":""},{"type":"pause","duration":10},{"type":"keyUp","value":""}]}]}
COMMAND: GET /session/c560a4da8281d0ae87757c6686821c71/screenshot - {}
RESULT: {}
COMMAND: POST /session/c560a4da8281d0ae87757c6686821c71/element - {"using":"xpath","value":"//span[contains(text(), \"Demo Yard\")]"}
RESULT: {"using":"xpath","value":"//span[contains(text(), \"Demo Yard\")]"}
COMMAND: POST /session/c560a4da8281d0ae87757c6686821c71/element/f.437C3BD069600255C914999B9931D078.d.AC08D08A8626E75AC93ECA3C845E257C.e.12129/click - {}
RESULT: {}
COMMAND: GET /session/c560a4da8281d0ae87757c6686821c71/screenshot - {}
RESULT: {}
COMMAND: POST /session/c560a4da8281d0ae87757c6686821c71/element - {"using":"xpath","value":"//bdi[contains(text(), \"OK\")]"}
RESULT: {"using":"xpath","value":"//bdi[contains(text(), \"OK\")]"}
COMMAND: POST /session/c560a4da8281d0ae87757c6686821c71/element/f.437C3BD069600255C914999B9931D078.d.AC08D08A8626E75AC93ECA3C845E257C.e.12130/click - {}
RESULT: {}
COMMAND: GET /session/c560a4da8281d0ae87757c6686821c71/screenshot - {}
RESULT: {}
COMMAND: POST /session/c560a4da8281d0ae87757c6686821c71/execute/async - {"script":"<script> [1562 bytes]","args":[{"selector":{"id":"application-manageyards-display-component---NewYard--addressEditDetailsCurrency-arrow"},"wdio_ui5_key":"applicationmanageyards-display-component---NewYard--addressEditDetailsCurrency-arrow"}]}
RESULT: {"script":"<script> [1562 bytes]","args":[{"selector":{"id":"application-manageyards-display-component---NewYard--addressEditDetailsCurrency-arrow"},"wdio_ui5_key":"applicationmanageyards-display-component---NewYard--addressEditDetailsCurrency-arrow"}]}
RESULT: undefined
COMMAND: POST /session/c560a4da8281d0ae87757c6686821c71/element - {"using":"xpath","value":"//*[@id=\"application-manageyards-display-component---NewYard--addressEditDetailsCurrency-arrow\"]"}
RESULT: {"using":"xpath","value":"//*[@id=\"application-manageyards-display-component---NewYard--addressEditDetailsCurrency-arrow\"]"}
COMMAND: POST /session/c560a4da8281d0ae87757c6686821c71/element/f.437C3BD069600255C914999B9931D078.d.AC08D08A8626E75AC93ECA3C845E257C.e.12133/click - {}
RESULT: {}
COMMAND: POST /session/c560a4da8281d0ae87757c6686821c71/element - {"using":"xpath","value":"//span[contains(text(), \"Euro\")]"}
COMMAND: GET /session/c560a4da8281d0ae87757c6686821c71/screenshot - {}
RESULT: {"using":"xpath","value":"//span[contains(text(), \"Euro\")]"}
COMMAND: POST /session/c560a4da8281d0ae87757c6686821c71/element/f.437C3BD069600255C914999B9931D078.d.AC08D08A8626E75AC93ECA3C845E257C.e.12134/click - {}
RESULT: {}
RESULT: {}
COMMAND: POST /session/c560a4da8281d0ae87757c6686821c71/execute/async - {"script":"<script> [1562 bytes]","args":[{"selector":{"controlType":"sap.m.Input","viewName":"etm.portal.ui.manageyards.view.New","viewId":"application-manageyards-display-component---NewYard","bindingPath":{"path":"","propertyPath":"/CONTROLLING_AREA","modelName":"NewYardModel"},"interaction":{"idSuffix":"inner"}},"wdio_ui5_key":"etmportal.ui.manageyards.view.Newsap.m.Input{\"path\":\"\",\"propertyPath\":\"/CONTROLLING_AREA\",\"modelName\":\"NewYardModel\"}"}]}
COMMAND: GET /session/c560a4da8281d0ae87757c6686821c71/screenshot - {}
RESULT: {"script":"<script> [1562 bytes]","args":[{"selector":{"controlType":"sap.m.Input","viewName":"etm.portal.ui.manageyards.view.New","viewId":"application-manageyards-display-component---NewYard","bindingPath":{"path":"","propertyPath":"/CONTROLLING_AREA","modelName":"NewYardModel"},"interaction":{"idSuffix":"inner"}},"wdio_ui5_key":"etmportal.ui.manageyards.view.Newsap.m.Input{\"path\":\"\",\"propertyPath\":\"/CONTROLLING_AREA\",\"modelName\":\"NewYardModel\"}"}]}
RESULT: undefined
COMMAND: POST /session/c560a4da8281d0ae87757c6686821c71/execute/async - {"script":"<script> [776 bytes]","args":[{"enterText":"Z001","selector":{"controlType":"sap.m.Input","viewName":"etm.portal.ui.manageyards.view.New","viewId":"application-manageyards-display-component---NewYard","bindingPath":{"path":"","propertyPath":"/CONTROLLING_AREA","modelName":"NewYardModel"},"interaction":{"idSuffix":"inner"}},"clearTextFirst":true,"interactionType":"ENTER_TEXT"}]}
RESULT: {}
RESULT: {"script":"<script> [776 bytes]","args":[{"enterText":"Z001","selector":{"controlType":"sap.m.Input","viewName":"etm.portal.ui.manageyards.view.New","viewId":"application-manageyards-display-component---NewYard","bindingPath":{"path":"","propertyPath":"/CONTROLLING_AREA","modelName":"NewYardModel"},"interaction":{"idSuffix":"inner"}},"clearTextFirst":true,"interactionType":"ENTER_TEXT"}]}
COMMAND: POST /session/c560a4da8281d0ae87757c6686821c71/execute/async - {"script":"<script> [1562 bytes]","args":[{"selector":{"id":"application-manageyards-display-component---NewYard--companyCodeComboBox","interaction":{"idSuffix":"inner"}},"wdio_ui5_key":"applicationmanageyards-display-component---NewYard--companyCodeComboBox"}]}
RESULT: {"script":"<script> [1562 bytes]","args":[{"selector":{"id":"application-manageyards-display-component---NewYard--companyCodeComboBox","interaction":{"idSuffix":"inner"}},"wdio_ui5_key":"applicationmanageyards-display-component---NewYard--companyCodeComboBox"}]}
RESULT: undefined
COMMAND: POST /session/c560a4da8281d0ae87757c6686821c71/execute/async - {"script":"<script> [776 bytes]","args":[{"enterText":"1000","selector":{"id":"application-manageyards-display-component---NewYard--companyCodeComboBox","interaction":{"idSuffix":"inner"}},"clearTextFirst":true,"interactionType":"ENTER_TEXT"}]}
RESULT: {"script":"<script> [776 bytes]","args":[{"enterText":"1000","selector":{"id":"application-manageyards-display-component---NewYard--companyCodeComboBox","interaction":{"idSuffix":"inner"}},"clearTextFirst":true,"interactionType":"ENTER_TEXT"}]}
COMMAND: POST /session/c560a4da8281d0ae87757c6686821c71/execute/async - {"script":"<script> [1562 bytes]","args":[{"selector":{"controlType":"sap.m.Input","viewName":"etm.portal.ui.manageyards.view.New","viewId":"application-manageyards-display-component---NewYard","bindingPath":{"path":"","propertyPath":"/PLANT","modelName":"NewYardModel"},"interaction":{"idSuffix":"inner"}},"wdio_ui5_key":"etmportal.ui.manageyards.view.Newsap.m.Input{\"path\":\"\",\"propertyPath\":\"/PLANT\",\"modelName\":\"NewYardModel\"}"}]}
RESULT: {"script":"<script> [1562 bytes]","args":[{"selector":{"controlType":"sap.m.Input","viewName":"etm.portal.ui.manageyards.view.New","viewId":"application-manageyards-display-component---NewYard","bindingPath":{"path":"","propertyPath":"/PLANT","modelName":"NewYardModel"},"interaction":{"idSuffix":"inner"}},"wdio_ui5_key":"etmportal.ui.manageyards.view.Newsap.m.Input{\"path\":\"\",\"propertyPath\":\"/PLANT\",\"modelName\":\"NewYardModel\"}"}]}
RESULT: undefined
COMMAND: POST /session/c560a4da8281d0ae87757c6686821c71/execute/async - {"script":"<script> [776 bytes]","args":[{"enterText":"1001","selector":{"controlType":"sap.m.Input","viewName":"etm.portal.ui.manageyards.view.New","viewId":"application-manageyards-display-component---NewYard","bindingPath":{"path":"","propertyPath":"/PLANT","modelName":"NewYardModel"},"interaction":{"idSuffix":"inner"}},"clearTextFirst":true,"interactionType":"ENTER_TEXT"}]}
RESULT: {"script":"<script> [776 bytes]","args":[{"enterText":"1001","selector":{"controlType":"sap.m.Input","viewName":"etm.portal.ui.manageyards.view.New","viewId":"application-manageyards-display-component---NewYard","bindingPath":{"path":"","propertyPath":"/PLANT","modelName":"NewYardModel"},"interaction":{"idSuffix":"inner"}},"clearTextFirst":true,"interactionType":"ENTER_TEXT"}]}
COMMAND: POST /session/c560a4da8281d0ae87757c6686821c71/execute/async - {"script":"<script> [1562 bytes]","args":[{"selector":{"controlType":"sap.m.Input","viewName":"etm.portal.ui.manageyards.view.New","viewId":"application-manageyards-display-component---NewYard","bindingPath":{"path":"","propertyPath":"/SALES_AREA_VKORG","modelName":"NewYardModel"},"interaction":{"idSuffix":"inner"}},"wdio_ui5_key":"etmportal.ui.manageyards.view.Newsap.m.Input{\"path\":\"\",\"propertyPath\":\"/SALES_AREA_VKORG\",\"modelName\":\"NewYardModel\"}"}]}
RESULT: {"script":"<script> [1562 bytes]","args":[{"selector":{"controlType":"sap.m.Input","viewName":"etm.portal.ui.manageyards.view.New","viewId":"application-manageyards-display-component---NewYard","bindingPath":{"path":"","propertyPath":"/SALES_AREA_VKORG","modelName":"NewYardModel"},"interaction":{"idSuffix":"inner"}},"wdio_ui5_key":"etmportal.ui.manageyards.view.Newsap.m.Input{\"path\":\"\",\"propertyPath\":\"/SALES_AREA_VKORG\",\"modelName\":\"NewYardModel\"}"}]}
RESULT: undefined
COMMAND: POST /session/c560a4da8281d0ae87757c6686821c71/execute/async - {"script":"<script> [776 bytes]","args":[{"enterText":"C002","selector":{"controlType":"sap.m.Input","viewName":"etm.portal.ui.manageyards.view.New","viewId":"application-manageyards-display-component---NewYard","bindingPath":{"path":"","propertyPath":"/SALES_AREA_VKORG","modelName":"NewYardModel"},"interaction":{"idSuffix":"inner"}},"clearTextFirst":true,"interactionType":"ENTER_TEXT"}]}
RESULT: {"script":"<script> [776 bytes]","args":[{"enterText":"C002","selector":{"controlType":"sap.m.Input","viewName":"etm.portal.ui.manageyards.view.New","viewId":"application-manageyards-display-component---NewYard","bindingPath":{"path":"","propertyPath":"/SALES_AREA_VKORG","modelName":"NewYardModel"},"interaction":{"idSuffix":"inner"}},"clearTextFirst":true,"interactionType":"ENTER_TEXT"}]}
COMMAND: POST /session/c560a4da8281d0ae87757c6686821c71/execute/async - {"script":"<script> [1562 bytes]","args":[{"selector":{"controlType":"sap.m.Input","viewName":"etm.portal.ui.manageyards.view.New","viewId":"application-manageyards-display-component---NewYard","bindingPath":{"path":"","propertyPath":"/SALES_AREA_VTWEG","modelName":"NewYardModel"},"interaction":{"idSuffix":"inner"}},"wdio_ui5_key":"etmportal.ui.manageyards.view.Newsap.m.Input{\"path\":\"\",\"propertyPath\":\"/SALES_AREA_VTWEG\",\"modelName\":\"NewYardModel\"}"}]}
RESULT: {"script":"<script> [1562 bytes]","args":[{"selector":{"controlType":"sap.m.Input","viewName":"etm.portal.ui.manageyards.view.New","viewId":"application-manageyards-display-component---NewYard","bindingPath":{"path":"","propertyPath":"/SALES_AREA_VTWEG","modelName":"NewYardModel"},"interaction":{"idSuffix":"inner"}},"wdio_ui5_key":"etmportal.ui.manageyards.view.Newsap.m.Input{\"path\":\"\",\"propertyPath\":\"/SALES_AREA_VTWEG\",\"modelName\":\"NewYardModel\"}"}]}
RESULT: undefined
COMMAND: POST /session/c560a4da8281d0ae87757c6686821c71/execute/async - {"script":"<script> [776 bytes]","args":[{"enterText":"C2","selector":{"controlType":"sap.m.Input","viewName":"etm.portal.ui.manageyards.view.New","viewId":"application-manageyards-display-component---NewYard","bindingPath":{"path":"","propertyPath":"/SALES_AREA_VTWEG","modelName":"NewYardModel"},"interaction":{"idSuffix":"inner"}},"clearTextFirst":true,"interactionType":"ENTER_TEXT"}]}
RESULT: {"script":"<script> [776 bytes]","args":[{"enterText":"C2","selector":{"controlType":"sap.m.Input","viewName":"etm.portal.ui.manageyards.view.New","viewId":"application-manageyards-display-component---NewYard","bindingPath":{"path":"","propertyPath":"/SALES_AREA_VTWEG","modelName":"NewYardModel"},"interaction":{"idSuffix":"inner"}},"clearTextFirst":true,"interactionType":"ENTER_TEXT"}]}
COMMAND: POST /session/c560a4da8281d0ae87757c6686821c71/execute/async - {"script":"<script> [1562 bytes]","args":[{"selector":{"controlType":"sap.m.Input","viewName":"etm.portal.ui.manageyards.view.New","viewId":"application-manageyards-display-component---NewYard","bindingPath":{"path":"","propertyPath":"/SALES_AREA_SPART","modelName":"NewYardModel"},"interaction":{"idSuffix":"inner"}},"wdio_ui5_key":"etmportal.ui.manageyards.view.Newsap.m.Input{\"path\":\"\",\"propertyPath\":\"/SALES_AREA_SPART\",\"modelName\":\"NewYardModel\"}"}]}
RESULT: {"script":"<script> [1562 bytes]","args":[{"selector":{"controlType":"sap.m.Input","viewName":"etm.portal.ui.manageyards.view.New","viewId":"application-manageyards-display-component---NewYard","bindingPath":{"path":"","propertyPath":"/SALES_AREA_SPART","modelName":"NewYardModel"},"interaction":{"idSuffix":"inner"}},"wdio_ui5_key":"etmportal.ui.manageyards.view.Newsap.m.Input{\"path\":\"\",\"propertyPath\":\"/SALES_AREA_SPART\",\"modelName\":\"NewYardModel\"}"}]}
RESULT: undefined
COMMAND: POST /session/c560a4da8281d0ae87757c6686821c71/execute/async - {"script":"<script> [776 bytes]","args":[{"enterText":"C2","selector":{"controlType":"sap.m.Input","viewName":"etm.portal.ui.manageyards.view.New","viewId":"application-manageyards-display-component---NewYard","bindingPath":{"path":"","propertyPath":"/SALES_AREA_SPART","modelName":"NewYardModel"},"interaction":{"idSuffix":"inner"}},"clearTextFirst":true,"interactionType":"ENTER_TEXT"}]}
RESULT: {"script":"<script> [776 bytes]","args":[{"enterText":"C2","selector":{"controlType":"sap.m.Input","viewName":"etm.portal.ui.manageyards.view.New","viewId":"application-manageyards-display-component---NewYard","bindingPath":{"path":"","propertyPath":"/SALES_AREA_SPART","modelName":"NewYardModel"},"interaction":{"idSuffix":"inner"}},"clearTextFirst":true,"interactionType":"ENTER_TEXT"}]}
COMMAND: POST /session/c560a4da8281d0ae87757c6686821c71/execute/async - {"script":"<script> [1562 bytes]","args":[{"selector":{"controlType":"sap.m.Input","viewName":"etm.portal.ui.manageyards.view.New","viewId":"application-manageyards-display-component---NewYard","bindingPath":{"path":"","propertyPath":"/SHIP_POINT","modelName":"NewYardModel"},"interaction":{"idSuffix":"inner"}},"wdio_ui5_key":"etmportal.ui.manageyards.view.Newsap.m.Input{\"path\":\"\",\"propertyPath\":\"/SHIP_POINT\",\"modelName\":\"NewYardModel\"}"}]}
RESULT: {"script":"<script> [1562 bytes]","args":[{"selector":{"controlType":"sap.m.Input","viewName":"etm.portal.ui.manageyards.view.New","viewId":"application-manageyards-display-component---NewYard","bindingPath":{"path":"","propertyPath":"/SHIP_POINT","modelName":"NewYardModel"},"interaction":{"idSuffix":"inner"}},"wdio_ui5_key":"etmportal.ui.manageyards.view.Newsap.m.Input{\"path\":\"\",\"propertyPath\":\"/SHIP_POINT\",\"modelName\":\"NewYardModel\"}"}]}
RESULT: undefined
COMMAND: POST /session/c560a4da8281d0ae87757c6686821c71/execute/async - {"script":"<script> [776 bytes]","args":[{"enterText":"1710","selector":{"controlType":"sap.m.Input","viewName":"etm.portal.ui.manageyards.view.New","viewId":"application-manageyards-display-component---NewYard","bindingPath":{"path":"","propertyPath":"/SHIP_POINT","modelName":"NewYardModel"},"interaction":{"idSuffix":"inner"}},"clearTextFirst":true,"interactionType":"ENTER_TEXT"}]}
RESULT: {"script":"<script> [776 bytes]","args":[{"enterText":"1710","selector":{"controlType":"sap.m.Input","viewName":"etm.portal.ui.manageyards.view.New","viewId":"application-manageyards-display-component---NewYard","bindingPath":{"path":"","propertyPath":"/SHIP_POINT","modelName":"NewYardModel"},"interaction":{"idSuffix":"inner"}},"clearTextFirst":true,"interactionType":"ENTER_TEXT"}]}
COMMAND: POST /session/c560a4da8281d0ae87757c6686821c71/execute/async - {"script":"<script> [1562 bytes]","args":[{"selector":{"controlType":"sap.m.Input","viewName":"etm.portal.ui.manageyards.view.New","viewId":"application-manageyards-display-component---NewYard","bindingPath":{"path":"","propertyPath":"/DELIVERY_TYPE","modelName":"NewYardModel"},"interaction":{"idSuffix":"inner"}},"wdio_ui5_key":"etmportal.ui.manageyards.view.Newsap.m.Input{\"path\":\"\",\"propertyPath\":\"/DELIVERY_TYPE\",\"modelName\":\"NewYardModel\"}"}]}
RESULT: {"script":"<script> [1562 bytes]","args":[{"selector":{"controlType":"sap.m.Input","viewName":"etm.portal.ui.manageyards.view.New","viewId":"application-manageyards-display-component---NewYard","bindingPath":{"path":"","propertyPath":"/DELIVERY_TYPE","modelName":"NewYardModel"},"interaction":{"idSuffix":"inner"}},"wdio_ui5_key":"etmportal.ui.manageyards.view.Newsap.m.Input{\"path\":\"\",\"propertyPath\":\"/DELIVERY_TYPE\",\"modelName\":\"NewYardModel\"}"}]}
RESULT: undefined
COMMAND: POST /session/c560a4da8281d0ae87757c6686821c71/execute/async - {"script":"<script> [776 bytes]","args":[{"enterText":"ZL01","selector":{"controlType":"sap.m.Input","viewName":"etm.portal.ui.manageyards.view.New","viewId":"application-manageyards-display-component---NewYard","bindingPath":{"path":"","propertyPath":"/DELIVERY_TYPE","modelName":"NewYardModel"},"interaction":{"idSuffix":"inner"}},"clearTextFirst":true,"interactionType":"ENTER_TEXT"}]}
RESULT: {"script":"<script> [776 bytes]","args":[{"enterText":"ZL01","selector":{"controlType":"sap.m.Input","viewName":"etm.portal.ui.manageyards.view.New","viewId":"application-manageyards-display-component---NewYard","bindingPath":{"path":"","propertyPath":"/DELIVERY_TYPE","modelName":"NewYardModel"},"interaction":{"idSuffix":"inner"}},"clearTextFirst":true,"interactionType":"ENTER_TEXT"}]}
COMMAND: POST /session/c560a4da8281d0ae87757c6686821c71/execute/async - {"script":"<script> [1562 bytes]","args":[{"selector":{"controlType":"sap.m.Input","viewName":"etm.portal.ui.manageyards.view.New","viewId":"application-manageyards-display-component---NewYard","bindingPath":{"path":"","propertyPath":"/AUART","modelName":"NewYardModel"},"interaction":{"idSuffix":"inner"}},"wdio_ui5_key":"etmportal.ui.manageyards.view.Newsap.m.Input{\"path\":\"\",\"propertyPath\":\"/AUART\",\"modelName\":\"NewYardModel\"}"}]}
RESULT: {"script":"<script> [1562 bytes]","args":[{"selector":{"controlType":"sap.m.Input","viewName":"etm.portal.ui.manageyards.view.New","viewId":"application-manageyards-display-component---NewYard","bindingPath":{"path":"","propertyPath":"/AUART","modelName":"NewYardModel"},"interaction":{"idSuffix":"inner"}},"wdio_ui5_key":"etmportal.ui.manageyards.view.Newsap.m.Input{\"path\":\"\",\"propertyPath\":\"/AUART\",\"modelName\":\"NewYardModel\"}"}]}
RESULT: undefined
COMMAND: POST /session/c560a4da8281d0ae87757c6686821c71/execute/async - {"script":"<script> [776 bytes]","args":[{"enterText":"TA","selector":{"controlType":"sap.m.Input","viewName":"etm.portal.ui.manageyards.view.New","viewId":"application-manageyards-display-component---NewYard","bindingPath":{"path":"","propertyPath":"/AUART","modelName":"NewYardModel"},"interaction":{"idSuffix":"inner"}},"clearTextFirst":true,"interactionType":"ENTER_TEXT"}]}
RESULT: {"script":"<script> [776 bytes]","args":[{"enterText":"TA","selector":{"controlType":"sap.m.Input","viewName":"etm.portal.ui.manageyards.view.New","viewId":"application-manageyards-display-component---NewYard","bindingPath":{"path":"","propertyPath":"/AUART","modelName":"NewYardModel"},"interaction":{"idSuffix":"inner"}},"clearTextFirst":true,"interactionType":"ENTER_TEXT"}]}
COMMAND: POST /session/c560a4da8281d0ae87757c6686821c71/element - {"using":"xpath","value":"//button[@data-kt=\"newYardSaveButton\"]"}
RESULT: {"using":"xpath","value":"//button[@data-kt=\"newYardSaveButton\"]"}
COMMAND: POST /session/c560a4da8281d0ae87757c6686821c71/element/f.437C3BD069600255C914999B9931D078.d.AC08D08A8626E75AC93ECA3C845E257C.e.12062/click - {}
RESULT: {}
COMMAND: GET /session/c560a4da8281d0ae87757c6686821c71/screenshot - {}
RESULT: {}
COMMAND: POST /session/c560a4da8281d0ae87757c6686821c71/element - {"using":"xpath","value":"//header[contains(@id, 'ObjectPageLayout-headerTitle')]/div[1]/div[2]/div[1]/span[1]"}
RESULT: {"using":"xpath","value":"//header[contains(@id, 'ObjectPageLayout-headerTitle')]/div[1]/div[2]/div[1]/span[1]"}
COMMAND: POST /session/c560a4da8281d0ae87757c6686821c71/elements - {"using":"xpath","value":"//header[contains(@id, 'ObjectPageLayout-headerTitle')]/div[1]/div[2]/div[1]/span[1]"}
RESULT: {"using":"xpath","value":"//header[contains(@id, 'ObjectPageLayout-headerTitle')]/div[1]/div[2]/div[1]/span[1]"}
COMMAND: POST /session/c560a4da8281d0ae87757c6686821c71/execute/sync - {"script":"<script> [56 bytes]","args":[{"element-6066-11e4-a52e-4f735466cecf":"f.437C3BD069600255C914999B9931D078.d.AC08D08A8626E75AC93ECA3C845E257C.e.12358","ELEMENT":"f.437C3BD069600255C914999B9931D078.d.AC08D08A8626E75AC93ECA3C845E257C.e.12358"}]}
RESULT: {"script":"<script> [56 bytes]","args":[{"element-6066-11e4-a52e-4f735466cecf":"f.437C3BD069600255C914999B9931D078.d.AC08D08A8626E75AC93ECA3C845E257C.e.12358","ELEMENT":"f.437C3BD069600255C914999B9931D078.d.AC08D08A8626E75AC93ECA3C845E257C.e.12358"}]}
COMMAND: GET /session/c560a4da8281d0ae87757c6686821c71/screenshot - {}
RESULT: {}
COMMAND: POST /session/c560a4da8281d0ae87757c6686821c71/element - {"using":"css selector","value":"#shell-header-logo"}
RESULT: {"using":"css selector","value":"#shell-header-logo"}
COMMAND: POST /session/c560a4da8281d0ae87757c6686821c71/element/f.437C3BD069600255C914999B9931D078.d.AC08D08A8626E75AC93ECA3C845E257C.e.11493/click - {}
RESULT: {}
COMMAND: GET /session/c560a4da8281d0ae87757c6686821c71/screenshot - {}
RESULT: {}
COMMAND: POST /session/c560a4da8281d0ae87757c6686821c71/execute/sync - {"script":"<script> [299 bytes]","args":[["getModel","getResource"]]}
RESULT: {"script":"<script> [299 bytes]","args":[["getModel","getResource"]]}
]]></system-out>
    </testcase>
    <testcase classname="chrome.137_0_7151_69.windows.Provide_to_Site_w/o_warehouse_management_w/_clarification_US116605" name="Should create a new external partner" time="112.838">
      <system-out><![CDATA[
COMMAND: POST /session/c560a4da8281d0ae87757c6686821c71/window/fullscreen - {}
COMMAND: GET /session/c560a4da8281d0ae87757c6686821c71/screenshot - {}
RESULT: {}
COMMAND: POST /session/c560a4da8281d0ae87757c6686821c71/execute/async - {"script":"<script> [1562 bytes]","args":[{"selector":{"controlType":"sap.m.GenericTile","properties":{"header":"Manage Partners"}},"wdio_ui5_key":"sapm.GenericTile{\"header\":\"Manage Partners\"}"}]}
RESULT: {}
RESULT: {"script":"<script> [1562 bytes]","args":[{"selector":{"controlType":"sap.m.GenericTile","properties":{"header":"Manage Partners"}},"wdio_ui5_key":"sapm.GenericTile{\"header\":\"Manage Partners\"}"}]}
RESULT: undefined
COMMAND: POST /session/c560a4da8281d0ae87757c6686821c71/element - {"using":"xpath","value":"//*[@id=\"__tile31\"]"}
RESULT: {"using":"xpath","value":"//*[@id=\"__tile31\"]"}
COMMAND: POST /session/c560a4da8281d0ae87757c6686821c71/element/f.437C3BD069600255C914999B9931D078.d.AC08D08A8626E75AC93ECA3C845E257C.e.11509/click - {}
RESULT: {}
COMMAND: GET /session/c560a4da8281d0ae87757c6686821c71/screenshot - {}
RESULT: {}
COMMAND: POST /session/c560a4da8281d0ae87757c6686821c71/elements - {"using":"xpath","value":"//span[text()='Error']"}
RESULT: {"using":"xpath","value":"//span[text()='Error']"}
COMMAND: POST /session/c560a4da8281d0ae87757c6686821c71/element - {"using":"xpath","value":"//button[@data-kt=\"addButton\"]"}
RESULT: {"using":"xpath","value":"//button[@data-kt=\"addButton\"]"}
COMMAND: POST /session/c560a4da8281d0ae87757c6686821c71/elements - {"using":"xpath","value":"//button[@data-kt=\"addButton\"]"}
RESULT: {"using":"xpath","value":"//button[@data-kt=\"addButton\"]"}
COMMAND: POST /session/c560a4da8281d0ae87757c6686821c71/execute/sync - {"script":"<script> [8489 bytes]","args":[{"element-6066-11e4-a52e-4f735466cecf":"f.437C3BD069600255C914999B9931D078.d.AC08D08A8626E75AC93ECA3C845E257C.e.12397","ELEMENT":"f.437C3BD069600255C914999B9931D078.d.AC08D08A8626E75AC93ECA3C845E257C.e.12397"}]}
RESULT: {"script":"<script> [8489 bytes]","args":[{"element-6066-11e4-a52e-4f735466cecf":"f.437C3BD069600255C914999B9931D078.d.AC08D08A8626E75AC93ECA3C845E257C.e.12397","ELEMENT":"f.437C3BD069600255C914999B9931D078.d.AC08D08A8626E75AC93ECA3C845E257C.e.12397"}]}
COMMAND: GET /session/c560a4da8281d0ae87757c6686821c71/element/f.437C3BD069600255C914999B9931D078.d.AC08D08A8626E75AC93ECA3C845E257C.e.12397/enabled - {}
COMMAND: GET /session/c560a4da8281d0ae87757c6686821c71/screenshot - {}
RESULT: {}
COMMAND: POST /session/c560a4da8281d0ae87757c6686821c71/execute/sync - {"script":"<script> [8489 bytes]","args":[{"element-6066-11e4-a52e-4f735466cecf":"f.437C3BD069600255C914999B9931D078.d.AC08D08A8626E75AC93ECA3C845E257C.e.12397","ELEMENT":"f.437C3BD069600255C914999B9931D078.d.AC08D08A8626E75AC93ECA3C845E257C.e.12397"}]}
COMMAND: GET /session/c560a4da8281d0ae87757c6686821c71/screenshot - {}
RESULT: {}
RESULT: {"script":"<script> [8489 bytes]","args":[{"element-6066-11e4-a52e-4f735466cecf":"f.437C3BD069600255C914999B9931D078.d.AC08D08A8626E75AC93ECA3C845E257C.e.12397","ELEMENT":"f.437C3BD069600255C914999B9931D078.d.AC08D08A8626E75AC93ECA3C845E257C.e.12397"}]}
COMMAND: POST /session/c560a4da8281d0ae87757c6686821c71/execute/sync - {"script":"<script> [5351 bytes]","args":[{"element-6066-11e4-a52e-4f735466cecf":"f.437C3BD069600255C914999B9931D078.d.AC08D08A8626E75AC93ECA3C845E257C.e.12397","ELEMENT":"f.437C3BD069600255C914999B9931D078.d.AC08D08A8626E75AC93ECA3C845E257C.e.12397"}]}
COMMAND: GET /session/c560a4da8281d0ae87757c6686821c71/screenshot - {}
RESULT: {}
RESULT: {"script":"<script> [5351 bytes]","args":[{"element-6066-11e4-a52e-4f735466cecf":"f.437C3BD069600255C914999B9931D078.d.AC08D08A8626E75AC93ECA3C845E257C.e.12397","ELEMENT":"f.437C3BD069600255C914999B9931D078.d.AC08D08A8626E75AC93ECA3C845E257C.e.12397"}]}
COMMAND: POST /session/c560a4da8281d0ae87757c6686821c71/element/f.437C3BD069600255C914999B9931D078.d.AC08D08A8626E75AC93ECA3C845E257C.e.12397/click - {}
COMMAND: GET /session/c560a4da8281d0ae87757c6686821c71/screenshot - {}
RESULT: {}
RESULT: {}
COMMAND: GET /session/c560a4da8281d0ae87757c6686821c71/screenshot - {}
RESULT: {}
RESULT: {}
COMMAND: POST /session/c560a4da8281d0ae87757c6686821c71/execute/async - {"script":"<script> [1562 bytes]","args":[{"selector":{"id":"application-managepartners-display-component---NewPartner--addressDetailDetailsName1","interaction":{"idSuffix":"inner"}},"wdio_ui5_key":"applicationmanagepartners-display-component---NewPartner--addressDetailDetailsName1"}]}
RESULT: {"script":"<script> [1562 bytes]","args":[{"selector":{"id":"application-managepartners-display-component---NewPartner--addressDetailDetailsName1","interaction":{"idSuffix":"inner"}},"wdio_ui5_key":"applicationmanagepartners-display-component---NewPartner--addressDetailDetailsName1"}]}
RESULT: undefined
COMMAND: POST /session/c560a4da8281d0ae87757c6686821c71/execute/async - {"script":"<script> [776 bytes]","args":[{"enterText":"External Partner WDIO","selector":{"id":"application-managepartners-display-component---NewPartner--addressDetailDetailsName1","interaction":{"idSuffix":"inner"}},"clearTextFirst":true,"interactionType":"ENTER_TEXT"}]}
RESULT: {"script":"<script> [776 bytes]","args":[{"enterText":"External Partner WDIO","selector":{"id":"application-managepartners-display-component---NewPartner--addressDetailDetailsName1","interaction":{"idSuffix":"inner"}},"clearTextFirst":true,"interactionType":"ENTER_TEXT"}]}
COMMAND: POST /session/c560a4da8281d0ae87757c6686821c71/execute/async - {"script":"<script> [1562 bytes]","args":[{"selector":{"id":"application-managepartners-display-component---NewPartner--addressDetailDetailsLanguage-arrow"},"wdio_ui5_key":"applicationmanagepartners-display-component---NewPartner--addressDetailDetailsLanguage-arrow"}]}
RESULT: {"script":"<script> [1562 bytes]","args":[{"selector":{"id":"application-managepartners-display-component---NewPartner--addressDetailDetailsLanguage-arrow"},"wdio_ui5_key":"applicationmanagepartners-display-component---NewPartner--addressDetailDetailsLanguage-arrow"}]}
RESULT: undefined
COMMAND: POST /session/c560a4da8281d0ae87757c6686821c71/element - {"using":"xpath","value":"//*[@id=\"application-managepartners-display-component---NewPartner--addressDetailDetailsLanguage-arrow\"]"}
RESULT: {"using":"xpath","value":"//*[@id=\"application-managepartners-display-component---NewPartner--addressDetailDetailsLanguage-arrow\"]"}
COMMAND: POST /session/c560a4da8281d0ae87757c6686821c71/element/f.437C3BD069600255C914999B9931D078.d.AC08D08A8626E75AC93ECA3C845E257C.e.12848/click - {}
RESULT: {}
COMMAND: POST /session/c560a4da8281d0ae87757c6686821c71/element - {"using":"xpath","value":"//span[contains(text(), \"English\")]"}
COMMAND: GET /session/c560a4da8281d0ae87757c6686821c71/screenshot - {}
RESULT: {"using":"xpath","value":"//span[contains(text(), \"English\")]"}
COMMAND: POST /session/c560a4da8281d0ae87757c6686821c71/element/f.437C3BD069600255C914999B9931D078.d.AC08D08A8626E75AC93ECA3C845E257C.e.12849/click - {}
RESULT: {}
RESULT: {}
COMMAND: GET /session/c560a4da8281d0ae87757c6686821c71/screenshot - {}
RESULT: {}
COMMAND: POST /session/c560a4da8281d0ae87757c6686821c71/execute/async - {"script":"<script> [1562 bytes]","args":[{"selector":{"id":"application-managepartners-display-component---NewPartner--addressDetailDetailsCity1","interaction":{"idSuffix":"inner"}},"wdio_ui5_key":"applicationmanagepartners-display-component---NewPartner--addressDetailDetailsCity1"}]}
RESULT: {"script":"<script> [1562 bytes]","args":[{"selector":{"id":"application-managepartners-display-component---NewPartner--addressDetailDetailsCity1","interaction":{"idSuffix":"inner"}},"wdio_ui5_key":"applicationmanagepartners-display-component---NewPartner--addressDetailDetailsCity1"}]}
RESULT: undefined
COMMAND: POST /session/c560a4da8281d0ae87757c6686821c71/execute/async - {"script":"<script> [776 bytes]","args":[{"enterText":"Rosario","selector":{"id":"application-managepartners-display-component---NewPartner--addressDetailDetailsCity1","interaction":{"idSuffix":"inner"}},"clearTextFirst":true,"interactionType":"ENTER_TEXT"}]}
RESULT: {"script":"<script> [776 bytes]","args":[{"enterText":"Rosario","selector":{"id":"application-managepartners-display-component---NewPartner--addressDetailDetailsCity1","interaction":{"idSuffix":"inner"}},"clearTextFirst":true,"interactionType":"ENTER_TEXT"}]}
COMMAND: POST /session/c560a4da8281d0ae87757c6686821c71/execute/async - {"script":"<script> [1562 bytes]","args":[{"selector":{"id":"application-managepartners-display-component---NewPartner--addressDetailDetailsCountry-arrow"},"wdio_ui5_key":"applicationmanagepartners-display-component---NewPartner--addressDetailDetailsCountry-arrow"}]}
RESULT: {"script":"<script> [1562 bytes]","args":[{"selector":{"id":"application-managepartners-display-component---NewPartner--addressDetailDetailsCountry-arrow"},"wdio_ui5_key":"applicationmanagepartners-display-component---NewPartner--addressDetailDetailsCountry-arrow"}]}
RESULT: undefined
COMMAND: POST /session/c560a4da8281d0ae87757c6686821c71/element - {"using":"xpath","value":"//*[@id=\"application-managepartners-display-component---NewPartner--addressDetailDetailsCountry-arrow\"]"}
RESULT: {"using":"xpath","value":"//*[@id=\"application-managepartners-display-component---NewPartner--addressDetailDetailsCountry-arrow\"]"}
COMMAND: POST /session/c560a4da8281d0ae87757c6686821c71/element/f.437C3BD069600255C914999B9931D078.d.AC08D08A8626E75AC93ECA3C845E257C.e.12834/click - {}
RESULT: {}
COMMAND: POST /session/c560a4da8281d0ae87757c6686821c71/element - {"using":"xpath","value":"//span[contains(text(), \"Argentina\")]"}
COMMAND: GET /session/c560a4da8281d0ae87757c6686821c71/screenshot - {}
RESULT: {"using":"xpath","value":"//span[contains(text(), \"Argentina\")]"}
COMMAND: POST /session/c560a4da8281d0ae87757c6686821c71/element/f.437C3BD069600255C914999B9931D078.d.AC08D08A8626E75AC93ECA3C845E257C.e.12851/click - {}
RESULT: {}
RESULT: {}
COMMAND: GET /session/c560a4da8281d0ae87757c6686821c71/screenshot - {}
RESULT: {}
COMMAND: POST /session/c560a4da8281d0ae87757c6686821c71/element - {"using":"xpath","value":"//bdi[contains(text(), \"Commercial\")]"}
RESULT: {"using":"xpath","value":"//bdi[contains(text(), \"Commercial\")]"}
COMMAND: POST /session/c560a4da8281d0ae87757c6686821c71/element/f.437C3BD069600255C914999B9931D078.d.AC08D08A8626E75AC93ECA3C845E257C.e.12852/click - {}
RESULT: {}
COMMAND: GET /session/c560a4da8281d0ae87757c6686821c71/screenshot - {}
RESULT: {}
COMMAND: POST /session/c560a4da8281d0ae87757c6686821c71/execute/async - {"script":"<script> [1562 bytes]","args":[{"selector":{"id":"application-managepartners-display-component---NewPartner--partnerDetailInternal-arrow"},"wdio_ui5_key":"applicationmanagepartners-display-component---NewPartner--partnerDetailInternal-arrow"}]}
RESULT: {"script":"<script> [1562 bytes]","args":[{"selector":{"id":"application-managepartners-display-component---NewPartner--partnerDetailInternal-arrow"},"wdio_ui5_key":"applicationmanagepartners-display-component---NewPartner--partnerDetailInternal-arrow"}]}
RESULT: undefined
COMMAND: POST /session/c560a4da8281d0ae87757c6686821c71/element - {"using":"xpath","value":"//*[@id=\"application-managepartners-display-component---NewPartner--partnerDetailInternal-arrow\"]"}
RESULT: {"using":"xpath","value":"//*[@id=\"application-managepartners-display-component---NewPartner--partnerDetailInternal-arrow\"]"}
COMMAND: POST /session/c560a4da8281d0ae87757c6686821c71/element/f.437C3BD069600255C914999B9931D078.d.AC08D08A8626E75AC93ECA3C845E257C.e.12860/click - {}
RESULT: {}
COMMAND: POST /session/c560a4da8281d0ae87757c6686821c71/element - {"using":"xpath","value":"//span[contains(text(), \"External partner\")]"}
COMMAND: GET /session/c560a4da8281d0ae87757c6686821c71/screenshot - {}
RESULT: {"using":"xpath","value":"//span[contains(text(), \"External partner\")]"}
COMMAND: POST /session/c560a4da8281d0ae87757c6686821c71/element/f.437C3BD069600255C914999B9931D078.d.AC08D08A8626E75AC93ECA3C845E257C.e.12861/click - {}
RESULT: {}
RESULT: {}
COMMAND: POST /session/c560a4da8281d0ae87757c6686821c71/execute/async - {"script":"<script> [1562 bytes]","args":[{"selector":{"id":"application-managepartners-display-component---NewPartner--partnerDetailsCurrency-arrow"},"wdio_ui5_key":"applicationmanagepartners-display-component---NewPartner--partnerDetailsCurrency-arrow"}]}
COMMAND: GET /session/c560a4da8281d0ae87757c6686821c71/screenshot - {}
RESULT: {"script":"<script> [1562 bytes]","args":[{"selector":{"id":"application-managepartners-display-component---NewPartner--partnerDetailsCurrency-arrow"},"wdio_ui5_key":"applicationmanagepartners-display-component---NewPartner--partnerDetailsCurrency-arrow"}]}
RESULT: undefined
COMMAND: POST /session/c560a4da8281d0ae87757c6686821c71/element - {"using":"xpath","value":"//*[@id=\"application-managepartners-display-component---NewPartner--partnerDetailsCurrency-arrow\"]"}
RESULT: {}
RESULT: {"using":"xpath","value":"//*[@id=\"application-managepartners-display-component---NewPartner--partnerDetailsCurrency-arrow\"]"}
COMMAND: POST /session/c560a4da8281d0ae87757c6686821c71/element/f.437C3BD069600255C914999B9931D078.d.AC08D08A8626E75AC93ECA3C845E257C.e.12866/click - {}
RESULT: {}
COMMAND: POST /session/c560a4da8281d0ae87757c6686821c71/element - {"using":"xpath","value":"//span[contains(text(), \"US Dollar\")]"}
COMMAND: GET /session/c560a4da8281d0ae87757c6686821c71/screenshot - {}
RESULT: {"using":"xpath","value":"//span[contains(text(), \"US Dollar\")]"}
COMMAND: POST /session/c560a4da8281d0ae87757c6686821c71/element/f.437C3BD069600255C914999B9931D078.d.AC08D08A8626E75AC93ECA3C845E257C.e.12867/click - {}
RESULT: {}
RESULT: {}
COMMAND: GET /session/c560a4da8281d0ae87757c6686821c71/screenshot - {}
RESULT: {}
COMMAND: POST /session/c560a4da8281d0ae87757c6686821c71/element - {"using":"xpath","value":"//input[@id=\"application-managepartners-display-component---NewPartner--companyCodeComboBox-inner\"]"}
RESULT: {"using":"xpath","value":"//input[@id=\"application-managepartners-display-component---NewPartner--companyCodeComboBox-inner\"]"}
COMMAND: POST /session/c560a4da8281d0ae87757c6686821c71/element/f.437C3BD069600255C914999B9931D078.d.AC08D08A8626E75AC93ECA3C845E257C.e.12710/clear - {}
RESULT: {}
COMMAND: POST /session/c560a4da8281d0ae87757c6686821c71/element/f.437C3BD069600255C914999B9931D078.d.AC08D08A8626E75AC93ECA3C845E257C.e.12710/value - {"text":"C002"}
COMMAND: GET /session/c560a4da8281d0ae87757c6686821c71/screenshot - {}
RESULT: {"text":"C002"}
COMMAND: GET /session/c560a4da8281d0ae87757c6686821c71/screenshot - {}
RESULT: {}
RESULT: {}
COMMAND: POST /session/c560a4da8281d0ae87757c6686821c71/element - {"using":"xpath","value":"//li[.//span[text()= \"C002\"]]"}
RESULT: {"using":"xpath","value":"//li[.//span[text()= \"C002\"]]"}
COMMAND: POST /session/c560a4da8281d0ae87757c6686821c71/element/f.437C3BD069600255C914999B9931D078.d.AC08D08A8626E75AC93ECA3C845E257C.e.12871/click - {}
RESULT: {}
COMMAND: GET /session/c560a4da8281d0ae87757c6686821c71/screenshot - {}
RESULT: {}
COMMAND: POST /session/c560a4da8281d0ae87757c6686821c71/execute/async - {"script":"<script> [1562 bytes]","args":[{"selector":{"controlType":"sap.ui.core.Icon","viewName":"etm.portal.ui.managepartners.view.NewPartner","viewId":"application-managepartners-display-component---NewPartner","properties":{"src":{"regex":{"source":"slim\\-arrow\\-down"}}},"ancestor":{"controlType":"sap.m.ComboBox","viewName":"etm.portal.ui.managepartners.view.NewPartner","viewId":"application-managepartners-display-component---NewPartner","bindingPath":{"path":"","propertyPath":"/CATALOG","modelName":"oNewPartnerModel"}}},"wdio_ui5_key":"etmportal.ui.managepartners.view.NewPartnersap.ui.core.Icon{\"src\":{\"regex\":{\"source\":\"slim\\\\-arrow\\\\-down\"}}}{\"controlType\":\"sap.m.ComboBox\",\"viewName\":\"etm.portal.ui.managepartners.view.NewPartner\",\"viewId\":\"application-managepartners-display-component---NewPartner\",\"bindingPath\":{\"path\":\"\",\"propertyPath\":\"/CATALOG\",\"modelName\":\"oNewPartnerModel\"}}"}]}
RESULT: {"script":"<script> [1562 bytes]","args":[{"selector":{"controlType":"sap.ui.core.Icon","viewName":"etm.portal.ui.managepartners.view.NewPartner","viewId":"application-managepartners-display-component---NewPartner","properties":{"src":{"regex":{"source":"slim\\-arrow\\-down"}}},"ancestor":{"controlType":"sap.m.ComboBox","viewName":"etm.portal.ui.managepartners.view.NewPartner","viewId":"application-managepartners-display-component---NewPartner","bindingPath":{"path":"","propertyPath":"/CATALOG","modelName":"oNewPartnerModel"}}},"wdio_ui5_key":"etmportal.ui.managepartners.view.NewPartnersap.ui.core.Icon{\"src\":{\"regex\":{\"source\":\"slim\\\\-arrow\\\\-down\"}}}{\"controlType\":\"sap.m.ComboBox\",\"viewName\":\"etm.portal.ui.managepartners.view.NewPartner\",\"viewId\":\"application-managepartners-display-component---NewPartner\",\"bindingPath\":{\"path\":\"\",\"propertyPath\":\"/CATALOG\",\"modelName\":\"oNewPartnerModel\"}}"}]}
RESULT: undefined
COMMAND: POST /session/c560a4da8281d0ae87757c6686821c71/element - {"using":"xpath","value":"//*[@id=\"__box21-arrow\"]"}
RESULT: {"using":"xpath","value":"//*[@id=\"__box21-arrow\"]"}
COMMAND: POST /session/c560a4da8281d0ae87757c6686821c71/element/f.437C3BD069600255C914999B9931D078.d.AC08D08A8626E75AC93ECA3C845E257C.e.12835/click - {}
RESULT: {}
COMMAND: GET /session/c560a4da8281d0ae87757c6686821c71/screenshot - {}
RESULT: {}
COMMAND: POST /session/c560a4da8281d0ae87757c6686821c71/element - {"using":"xpath","value":"//ul[contains(@id,\"popup-list-listUl\")]//li[.//span[text()= \"Webshop Catalog\"]]"}
RESULT: {"using":"xpath","value":"//ul[contains(@id,\"popup-list-listUl\")]//li[.//span[text()= \"Webshop Catalog\"]]"}
COMMAND: POST /session/c560a4da8281d0ae87757c6686821c71/element/f.437C3BD069600255C914999B9931D078.d.AC08D08A8626E75AC93ECA3C845E257C.e.12873/click - {}
RESULT: {}
COMMAND: GET /session/c560a4da8281d0ae87757c6686821c71/screenshot - {}
RESULT: {}
COMMAND: POST /session/c560a4da8281d0ae87757c6686821c71/execute/async - {"script":"<script> [1562 bytes]","args":[{"selector":{"id":"application-managepartners-display-component---NewPartner--btnAddTableRow-img"},"wdio_ui5_key":"applicationmanagepartners-display-component---NewPartner--btnAddTableRow-img"}]}
RESULT: {"script":"<script> [1562 bytes]","args":[{"selector":{"id":"application-managepartners-display-component---NewPartner--btnAddTableRow-img"},"wdio_ui5_key":"applicationmanagepartners-display-component---NewPartner--btnAddTableRow-img"}]}
RESULT: undefined
COMMAND: POST /session/c560a4da8281d0ae87757c6686821c71/element - {"using":"xpath","value":"//*[@id=\"application-managepartners-display-component---NewPartner--btnAddTableRow-img\"]"}
RESULT: {"using":"xpath","value":"//*[@id=\"application-managepartners-display-component---NewPartner--btnAddTableRow-img\"]"}
COMMAND: POST /session/c560a4da8281d0ae87757c6686821c71/element/f.437C3BD069600255C914999B9931D078.d.AC08D08A8626E75AC93ECA3C845E257C.e.12874/click - {}
RESULT: {}
COMMAND: GET /session/c560a4da8281d0ae87757c6686821c71/screenshot - {}
RESULT: {}
COMMAND: POST /session/c560a4da8281d0ae87757c6686821c71/element - {"using":"xpath","value":"//input[@id=\"application-managepartners-display-component---NewPartner--assignmentYard-application-managepartners-display-component---NewPartner--assignmentsTable-0-inner\"]"}
RESULT: {"using":"xpath","value":"//input[@id=\"application-managepartners-display-component---NewPartner--assignmentYard-application-managepartners-display-component---NewPartner--assignmentsTable-0-inner\"]"}
COMMAND: POST /session/c560a4da8281d0ae87757c6686821c71/element/f.437C3BD069600255C914999B9931D078.d.AC08D08A8626E75AC93ECA3C845E257C.e.12877/clear - {}
RESULT: {}
COMMAND: POST /session/c560a4da8281d0ae87757c6686821c71/element/f.437C3BD069600255C914999B9931D078.d.AC08D08A8626E75AC93ECA3C845E257C.e.12877/value - {"text":"268"}
COMMAND: GET /session/c560a4da8281d0ae87757c6686821c71/screenshot - {}
RESULT: {"text":"268"}
COMMAND: GET /session/c560a4da8281d0ae87757c6686821c71/screenshot - {}
RESULT: {}
RESULT: {}
COMMAND: POST /session/c560a4da8281d0ae87757c6686821c71/element - {"using":"xpath","value":"//ul[contains(@id,\"NewPartner--assignmentsTable-0-popup-list-listUl\")]//li[.//span[text()='268']]"}
RESULT: {"using":"xpath","value":"//ul[contains(@id,\"NewPartner--assignmentsTable-0-popup-list-listUl\")]//li[.//span[text()='268']]"}
COMMAND: POST /session/c560a4da8281d0ae87757c6686821c71/element/f.437C3BD069600255C914999B9931D078.d.AC08D08A8626E75AC93ECA3C845E257C.e.12885/click - {}
RESULT: {}
COMMAND: GET /session/c560a4da8281d0ae87757c6686821c71/screenshot - {}
RESULT: {}
COMMAND: POST /session/c560a4da8281d0ae87757c6686821c71/actions - {"actions":[{"id":"action40","type":"key","parameters":{},"actions":[{"type":"keyDown","value":""},{"type":"pause","duration":10},{"type":"keyUp","value":""}]}]}
RESULT: {"actions":[{"id":"action40","type":"key","parameters":{},"actions":[{"type":"keyDown","value":""},{"type":"pause","duration":10},{"type":"keyUp","value":""}]}]}
COMMAND: POST /session/c560a4da8281d0ae87757c6686821c71/element - {"using":"xpath","value":"//td[contains(@id, \"assignmentsTable-0-cell2\")]/div/div"}
COMMAND: GET /session/c560a4da8281d0ae87757c6686821c71/screenshot - {}
RESULT: {"using":"xpath","value":"//td[contains(@id, \"assignmentsTable-0-cell2\")]/div/div"}
COMMAND: POST /session/c560a4da8281d0ae87757c6686821c71/element/f.437C3BD069600255C914999B9931D078.d.AC08D08A8626E75AC93ECA3C845E257C.e.12888/click - {}
RESULT: {}
RESULT: {}
COMMAND: GET /session/c560a4da8281d0ae87757c6686821c71/screenshot - {}
RESULT: {}
COMMAND: POST /session/c560a4da8281d0ae87757c6686821c71/element - {"using":"xpath","value":"//button[@data-kt=\"saveButton\"]"}
RESULT: {"using":"xpath","value":"//button[@data-kt=\"saveButton\"]"}
COMMAND: POST /session/c560a4da8281d0ae87757c6686821c71/element/f.437C3BD069600255C914999B9931D078.d.AC08D08A8626E75AC93ECA3C845E257C.e.12830/click - {}
RESULT: {}
COMMAND: GET /session/c560a4da8281d0ae87757c6686821c71/screenshot - {}
RESULT: {}
COMMAND: POST /session/c560a4da8281d0ae87757c6686821c71/element - {"using":"xpath","value":"//header[contains(@id, 'ObjectPageLayout-headerTitle')]/div[1]/div[2]/div[2]/span[1]"}
RESULT: {"using":"xpath","value":"//header[contains(@id, 'ObjectPageLayout-headerTitle')]/div[1]/div[2]/div[2]/span[1]"}
COMMAND: POST /session/c560a4da8281d0ae87757c6686821c71/elements - {"using":"xpath","value":"//header[contains(@id, 'ObjectPageLayout-headerTitle')]/div[1]/div[2]/div[2]/span[1]"}
RESULT: {"using":"xpath","value":"//header[contains(@id, 'ObjectPageLayout-headerTitle')]/div[1]/div[2]/div[2]/span[1]"}
COMMAND: POST /session/c560a4da8281d0ae87757c6686821c71/execute/sync - {"script":"<script> [56 bytes]","args":[{"element-6066-11e4-a52e-4f735466cecf":"f.437C3BD069600255C914999B9931D078.d.AC08D08A8626E75AC93ECA3C845E257C.e.13049","ELEMENT":"f.437C3BD069600255C914999B9931D078.d.AC08D08A8626E75AC93ECA3C845E257C.e.13049"}]}
RESULT: {"script":"<script> [56 bytes]","args":[{"element-6066-11e4-a52e-4f735466cecf":"f.437C3BD069600255C914999B9931D078.d.AC08D08A8626E75AC93ECA3C845E257C.e.13049","ELEMENT":"f.437C3BD069600255C914999B9931D078.d.AC08D08A8626E75AC93ECA3C845E257C.e.13049"}]}
COMMAND: POST /session/c560a4da8281d0ae87757c6686821c71/element - {"using":"css selector","value":"#shell-header-logo"}
COMMAND: GET /session/c560a4da8281d0ae87757c6686821c71/screenshot - {}
RESULT: {"using":"css selector","value":"#shell-header-logo"}
COMMAND: POST /session/c560a4da8281d0ae87757c6686821c71/element/f.437C3BD069600255C914999B9931D078.d.AC08D08A8626E75AC93ECA3C845E257C.e.12364/click - {}
RESULT: {}
RESULT: {}
COMMAND: GET /session/c560a4da8281d0ae87757c6686821c71/screenshot - {}
RESULT: {}
COMMAND: POST /session/c560a4da8281d0ae87757c6686821c71/execute/sync - {"script":"<script> [299 bytes]","args":[["getModel","getResource"]]}
RESULT: {"script":"<script> [299 bytes]","args":[["getModel","getResource"]]}
]]></system-out>
    </testcase>
    <testcase classname="chrome.137_0_7151_69.windows.Provide_to_Site_w/o_warehouse_management_w/_clarification_US116605" name="Should create a new site" time="100.35">
      <system-out><![CDATA[
COMMAND: POST /session/c560a4da8281d0ae87757c6686821c71/execute/async - {"script":"<script> [1562 bytes]","args":[{"selector":{"controlType":"sap.m.GenericTile","properties":{"header":"Manage Sites"}},"wdio_ui5_key":"sapm.GenericTile{\"header\":\"Manage Sites\"}"}]}
COMMAND: GET /session/c560a4da8281d0ae87757c6686821c71/screenshot - {}
RESULT: {"script":"<script> [1562 bytes]","args":[{"selector":{"controlType":"sap.m.GenericTile","properties":{"header":"Manage Sites"}},"wdio_ui5_key":"sapm.GenericTile{\"header\":\"Manage Sites\"}"}]}
RESULT: undefined
COMMAND: POST /session/c560a4da8281d0ae87757c6686821c71/element - {"using":"xpath","value":"//*[@id=\"__tile33\"]"}
RESULT: {}
RESULT: {"using":"xpath","value":"//*[@id=\"__tile33\"]"}
COMMAND: POST /session/c560a4da8281d0ae87757c6686821c71/element/f.437C3BD069600255C914999B9931D078.d.AC08D08A8626E75AC93ECA3C845E257C.e.11515/click - {}
RESULT: {}
COMMAND: GET /session/c560a4da8281d0ae87757c6686821c71/screenshot - {}
COMMAND: POST /session/c560a4da8281d0ae87757c6686821c71/elements - {"using":"xpath","value":"//span[text()='Error']"}
RESULT: {}
RESULT: {"using":"xpath","value":"//span[text()='Error']"}
COMMAND: POST /session/c560a4da8281d0ae87757c6686821c71/element - {"using":"xpath","value":"//button[@data-kt=\"addOverflowToolbarButton\"]"}
RESULT: {"using":"xpath","value":"//button[@data-kt=\"addOverflowToolbarButton\"]"}
COMMAND: POST /session/c560a4da8281d0ae87757c6686821c71/elements - {"using":"xpath","value":"//button[@data-kt=\"addOverflowToolbarButton\"]"}
RESULT: {"using":"xpath","value":"//button[@data-kt=\"addOverflowToolbarButton\"]"}
COMMAND: POST /session/c560a4da8281d0ae87757c6686821c71/execute/sync - {"script":"<script> [8489 bytes]","args":[{"element-6066-11e4-a52e-4f735466cecf":"f.437C3BD069600255C914999B9931D078.d.AC08D08A8626E75AC93ECA3C845E257C.e.13095","ELEMENT":"f.437C3BD069600255C914999B9931D078.d.AC08D08A8626E75AC93ECA3C845E257C.e.13095"}]}
RESULT: {"script":"<script> [8489 bytes]","args":[{"element-6066-11e4-a52e-4f735466cecf":"f.437C3BD069600255C914999B9931D078.d.AC08D08A8626E75AC93ECA3C845E257C.e.13095","ELEMENT":"f.437C3BD069600255C914999B9931D078.d.AC08D08A8626E75AC93ECA3C845E257C.e.13095"}]}
COMMAND: GET /session/c560a4da8281d0ae87757c6686821c71/element/f.437C3BD069600255C914999B9931D078.d.AC08D08A8626E75AC93ECA3C845E257C.e.13095/enabled - {}
COMMAND: GET /session/c560a4da8281d0ae87757c6686821c71/screenshot - {}
RESULT: {}
COMMAND: POST /session/c560a4da8281d0ae87757c6686821c71/execute/sync - {"script":"<script> [8489 bytes]","args":[{"element-6066-11e4-a52e-4f735466cecf":"f.437C3BD069600255C914999B9931D078.d.AC08D08A8626E75AC93ECA3C845E257C.e.13095","ELEMENT":"f.437C3BD069600255C914999B9931D078.d.AC08D08A8626E75AC93ECA3C845E257C.e.13095"}]}
COMMAND: GET /session/c560a4da8281d0ae87757c6686821c71/screenshot - {}
RESULT: {}
RESULT: {"script":"<script> [8489 bytes]","args":[{"element-6066-11e4-a52e-4f735466cecf":"f.437C3BD069600255C914999B9931D078.d.AC08D08A8626E75AC93ECA3C845E257C.e.13095","ELEMENT":"f.437C3BD069600255C914999B9931D078.d.AC08D08A8626E75AC93ECA3C845E257C.e.13095"}]}
COMMAND: POST /session/c560a4da8281d0ae87757c6686821c71/execute/sync - {"script":"<script> [5351 bytes]","args":[{"element-6066-11e4-a52e-4f735466cecf":"f.437C3BD069600255C914999B9931D078.d.AC08D08A8626E75AC93ECA3C845E257C.e.13095","ELEMENT":"f.437C3BD069600255C914999B9931D078.d.AC08D08A8626E75AC93ECA3C845E257C.e.13095"}]}
COMMAND: GET /session/c560a4da8281d0ae87757c6686821c71/screenshot - {}
RESULT: {}
RESULT: {"script":"<script> [5351 bytes]","args":[{"element-6066-11e4-a52e-4f735466cecf":"f.437C3BD069600255C914999B9931D078.d.AC08D08A8626E75AC93ECA3C845E257C.e.13095","ELEMENT":"f.437C3BD069600255C914999B9931D078.d.AC08D08A8626E75AC93ECA3C845E257C.e.13095"}]}
COMMAND: POST /session/c560a4da8281d0ae87757c6686821c71/element/f.437C3BD069600255C914999B9931D078.d.AC08D08A8626E75AC93ECA3C845E257C.e.13095/click - {}
COMMAND: GET /session/c560a4da8281d0ae87757c6686821c71/screenshot - {}
RESULT: {}
RESULT: {}
COMMAND: GET /session/c560a4da8281d0ae87757c6686821c71/screenshot - {}
COMMAND: POST /session/c560a4da8281d0ae87757c6686821c71/element - {"using":"xpath","value":"//input[@id=\"application-managesites-display-component---NewSite--siteId-inner\"]"}
RESULT: {}
RESULT: {}
RESULT: {"using":"xpath","value":"//input[@id=\"application-managesites-display-component---NewSite--siteId-inner\"]"}
COMMAND: POST /session/c560a4da8281d0ae87757c6686821c71/element - {"using":"xpath","value":"//input[@id=\"application-managesites-display-component---NewSite--siteId-inner\"]"}
RESULT: {"using":"xpath","value":"//input[@id=\"application-managesites-display-component---NewSite--siteId-inner\"]"}
COMMAND: POST /session/c560a4da8281d0ae87757c6686821c71/execute/async - {"script":"<script> [1562 bytes]","args":[{"selector":{"id":"application-managesites-display-component---NewSite--addressDetailDetailsName1","interaction":{"idSuffix":"inner"}},"wdio_ui5_key":"applicationmanagesites-display-component---NewSite--addressDetailDetailsName1"}]}
RESULT: {"script":"<script> [1562 bytes]","args":[{"selector":{"id":"application-managesites-display-component---NewSite--addressDetailDetailsName1","interaction":{"idSuffix":"inner"}},"wdio_ui5_key":"applicationmanagesites-display-component---NewSite--addressDetailDetailsName1"}]}
RESULT: undefined
COMMAND: POST /session/c560a4da8281d0ae87757c6686821c71/execute/async - {"script":"<script> [776 bytes]","args":[{"enterText":"Other Type Site WDIO","selector":{"id":"application-managesites-display-component---NewSite--addressDetailDetailsName1","interaction":{"idSuffix":"inner"}},"clearTextFirst":true,"interactionType":"ENTER_TEXT"}]}
RESULT: {"script":"<script> [776 bytes]","args":[{"enterText":"Other Type Site WDIO","selector":{"id":"application-managesites-display-component---NewSite--addressDetailDetailsName1","interaction":{"idSuffix":"inner"}},"clearTextFirst":true,"interactionType":"ENTER_TEXT"}]}
COMMAND: POST /session/c560a4da8281d0ae87757c6686821c71/execute/async - {"script":"<script> [1562 bytes]","args":[{"selector":{"id":"application-managesites-display-component---NewSite--addressDetailDetailsLanguage-arrow"},"wdio_ui5_key":"applicationmanagesites-display-component---NewSite--addressDetailDetailsLanguage-arrow"}]}
RESULT: {"script":"<script> [1562 bytes]","args":[{"selector":{"id":"application-managesites-display-component---NewSite--addressDetailDetailsLanguage-arrow"},"wdio_ui5_key":"applicationmanagesites-display-component---NewSite--addressDetailDetailsLanguage-arrow"}]}
RESULT: undefined
COMMAND: POST /session/c560a4da8281d0ae87757c6686821c71/element - {"using":"xpath","value":"//*[@id=\"application-managesites-display-component---NewSite--addressDetailDetailsLanguage-arrow\"]"}
RESULT: {"using":"xpath","value":"//*[@id=\"application-managesites-display-component---NewSite--addressDetailDetailsLanguage-arrow\"]"}
COMMAND: POST /session/c560a4da8281d0ae87757c6686821c71/element/f.437C3BD069600255C914999B9931D078.d.AC08D08A8626E75AC93ECA3C845E257C.e.13495/click - {}
RESULT: {}
COMMAND: POST /session/c560a4da8281d0ae87757c6686821c71/element - {"using":"xpath","value":"//span[contains(text(), \"English\")]"}
COMMAND: GET /session/c560a4da8281d0ae87757c6686821c71/screenshot - {}
RESULT: {"using":"xpath","value":"//span[contains(text(), \"English\")]"}
COMMAND: POST /session/c560a4da8281d0ae87757c6686821c71/element/f.437C3BD069600255C914999B9931D078.d.AC08D08A8626E75AC93ECA3C845E257C.e.13496/click - {}
RESULT: {}
RESULT: {}
COMMAND: POST /session/c560a4da8281d0ae87757c6686821c71/execute/async - {"script":"<script> [1562 bytes]","args":[{"selector":{"id":"application-managesites-display-component---NewSite--addressDetailDetailsCity1","interaction":{"idSuffix":"inner"}},"wdio_ui5_key":"applicationmanagesites-display-component---NewSite--addressDetailDetailsCity1"}]}
COMMAND: GET /session/c560a4da8281d0ae87757c6686821c71/screenshot - {}
RESULT: {"script":"<script> [1562 bytes]","args":[{"selector":{"id":"application-managesites-display-component---NewSite--addressDetailDetailsCity1","interaction":{"idSuffix":"inner"}},"wdio_ui5_key":"applicationmanagesites-display-component---NewSite--addressDetailDetailsCity1"}]}
RESULT: undefined
COMMAND: POST /session/c560a4da8281d0ae87757c6686821c71/execute/async - {"script":"<script> [776 bytes]","args":[{"enterText":"Rosario","selector":{"id":"application-managesites-display-component---NewSite--addressDetailDetailsCity1","interaction":{"idSuffix":"inner"}},"clearTextFirst":true,"interactionType":"ENTER_TEXT"}]}
RESULT: {}
RESULT: {"script":"<script> [776 bytes]","args":[{"enterText":"Rosario","selector":{"id":"application-managesites-display-component---NewSite--addressDetailDetailsCity1","interaction":{"idSuffix":"inner"}},"clearTextFirst":true,"interactionType":"ENTER_TEXT"}]}
COMMAND: POST /session/c560a4da8281d0ae87757c6686821c71/execute/async - {"script":"<script> [1562 bytes]","args":[{"selector":{"id":"application-managesites-display-component---NewSite--addressDetailDetailsCountry-arrow"},"wdio_ui5_key":"applicationmanagesites-display-component---NewSite--addressDetailDetailsCountry-arrow"}]}
RESULT: {"script":"<script> [1562 bytes]","args":[{"selector":{"id":"application-managesites-display-component---NewSite--addressDetailDetailsCountry-arrow"},"wdio_ui5_key":"applicationmanagesites-display-component---NewSite--addressDetailDetailsCountry-arrow"}]}
RESULT: undefined
COMMAND: POST /session/c560a4da8281d0ae87757c6686821c71/element - {"using":"xpath","value":"//*[@id=\"application-managesites-display-component---NewSite--addressDetailDetailsCountry-arrow\"]"}
RESULT: {"using":"xpath","value":"//*[@id=\"application-managesites-display-component---NewSite--addressDetailDetailsCountry-arrow\"]"}
COMMAND: POST /session/c560a4da8281d0ae87757c6686821c71/element/f.437C3BD069600255C914999B9931D078.d.AC08D08A8626E75AC93ECA3C845E257C.e.13498/click - {}
RESULT: {}
COMMAND: POST /session/c560a4da8281d0ae87757c6686821c71/element - {"using":"xpath","value":"//span[contains(text(), \"Argentina\")]"}
COMMAND: GET /session/c560a4da8281d0ae87757c6686821c71/screenshot - {}
RESULT: {"using":"xpath","value":"//span[contains(text(), \"Argentina\")]"}
COMMAND: POST /session/c560a4da8281d0ae87757c6686821c71/element/f.437C3BD069600255C914999B9931D078.d.AC08D08A8626E75AC93ECA3C845E257C.e.13499/click - {}
RESULT: {}
RESULT: {}
COMMAND: GET /session/c560a4da8281d0ae87757c6686821c71/screenshot - {}
RESULT: {}
COMMAND: POST /session/c560a4da8281d0ae87757c6686821c71/execute/async - {"script":"<script> [1562 bytes]","args":[{"selector":{"id":"application-managesites-display-component---NewSite--addressEditDetailsCostObjectCstType-arrow"},"wdio_ui5_key":"applicationmanagesites-display-component---NewSite--addressEditDetailsCostObjectCstType-arrow"}]}
RESULT: {"script":"<script> [1562 bytes]","args":[{"selector":{"id":"application-managesites-display-component---NewSite--addressEditDetailsCostObjectCstType-arrow"},"wdio_ui5_key":"applicationmanagesites-display-component---NewSite--addressEditDetailsCostObjectCstType-arrow"}]}
RESULT: undefined
COMMAND: POST /session/c560a4da8281d0ae87757c6686821c71/element - {"using":"xpath","value":"//*[@id=\"application-managesites-display-component---NewSite--addressEditDetailsCostObjectCstType-arrow\"]"}
RESULT: {"using":"xpath","value":"//*[@id=\"application-managesites-display-component---NewSite--addressEditDetailsCostObjectCstType-arrow\"]"}
COMMAND: POST /session/c560a4da8281d0ae87757c6686821c71/element/f.437C3BD069600255C914999B9931D078.d.AC08D08A8626E75AC93ECA3C845E257C.e.13501/click - {}
RESULT: {}
COMMAND: POST /session/c560a4da8281d0ae87757c6686821c71/element - {"using":"xpath","value":"//span[contains(text(), \"Cost Center\")]"}
COMMAND: GET /session/c560a4da8281d0ae87757c6686821c71/screenshot - {}
RESULT: {}
RESULT: {"using":"xpath","value":"//span[contains(text(), \"Cost Center\")]"}
COMMAND: POST /session/c560a4da8281d0ae87757c6686821c71/element/f.437C3BD069600255C914999B9931D078.d.AC08D08A8626E75AC93ECA3C845E257C.e.13503/click - {}
RESULT: {}
COMMAND: GET /session/c560a4da8281d0ae87757c6686821c71/screenshot - {}
RESULT: {}
COMMAND: POST /session/c560a4da8281d0ae87757c6686821c71/element - {"using":"xpath","value":"//span[@id=\"application-managesites-display-component---NewSite--addressNewCostObjectCstID-vhi\"]"}
RESULT: {"using":"xpath","value":"//span[@id=\"application-managesites-display-component---NewSite--addressNewCostObjectCstID-vhi\"]"}
COMMAND: POST /session/c560a4da8281d0ae87757c6686821c71/execute/sync - {"script":"<script> [8489 bytes]","args":[{"element-6066-11e4-a52e-4f735466cecf":"f.437C3BD069600255C914999B9931D078.d.AC08D08A8626E75AC93ECA3C845E257C.e.13507","ELEMENT":"f.437C3BD069600255C914999B9931D078.d.AC08D08A8626E75AC93ECA3C845E257C.e.13507"}]}
RESULT: {"script":"<script> [8489 bytes]","args":[{"element-6066-11e4-a52e-4f735466cecf":"f.437C3BD069600255C914999B9931D078.d.AC08D08A8626E75AC93ECA3C845E257C.e.13507","ELEMENT":"f.437C3BD069600255C914999B9931D078.d.AC08D08A8626E75AC93ECA3C845E257C.e.13507"}]}
COMMAND: POST /session/c560a4da8281d0ae87757c6686821c71/execute/async - {"script":"<script> [1562 bytes]","args":[{"selector":{"id":"application-managesites-display-component---NewSite--addressNewCostObjectCstID-vhi"},"wdio_ui5_key":"applicationmanagesites-display-component---NewSite--addressNewCostObjectCstID-vhi"}]}
COMMAND: GET /session/c560a4da8281d0ae87757c6686821c71/screenshot - {}
RESULT: {"script":"<script> [1562 bytes]","args":[{"selector":{"id":"application-managesites-display-component---NewSite--addressNewCostObjectCstID-vhi"},"wdio_ui5_key":"applicationmanagesites-display-component---NewSite--addressNewCostObjectCstID-vhi"}]}
RESULT: undefined
COMMAND: POST /session/c560a4da8281d0ae87757c6686821c71/element - {"using":"xpath","value":"//*[@id=\"application-managesites-display-component---NewSite--addressNewCostObjectCstID-vhi\"]"}
RESULT: {}
RESULT: {"using":"xpath","value":"//*[@id=\"application-managesites-display-component---NewSite--addressNewCostObjectCstID-vhi\"]"}
COMMAND: POST /session/c560a4da8281d0ae87757c6686821c71/element/f.437C3BD069600255C914999B9931D078.d.AC08D08A8626E75AC93ECA3C845E257C.e.13507/click - {}
RESULT: {}
COMMAND: GET /session/c560a4da8281d0ae87757c6686821c71/screenshot - {}
RESULT: {}
RESULT: undefined
COMMAND: POST /session/c560a4da8281d0ae87757c6686821c71/execute/async - {"script":"<script> [776 bytes]","args":[{"enterText":"10001013","selector":{"controlType":"sap.m.SearchField","properties":{"placeholder":"Search"},"searchOpenDialogs":true,"interaction":{"idSuffix":"I"}},"clearTextFirst":true,"interactionType":"ENTER_TEXT"}]}
RESULT: {"script":"<script> [776 bytes]","args":[{"enterText":"10001013","selector":{"controlType":"sap.m.SearchField","properties":{"placeholder":"Search"},"searchOpenDialogs":true,"interaction":{"idSuffix":"I"}},"clearTextFirst":true,"interactionType":"ENTER_TEXT"}]}
COMMAND: POST /session/c560a4da8281d0ae87757c6686821c71/actions - {"actions":[{"id":"action41","type":"key","parameters":{},"actions":[{"type":"keyDown","value":""},{"type":"pause","duration":10},{"type":"keyUp","value":""}]}]}
RESULT: {"actions":[{"id":"action41","type":"key","parameters":{},"actions":[{"type":"keyDown","value":""},{"type":"pause","duration":10},{"type":"keyUp","value":""}]}]}
COMMAND: GET /session/c560a4da8281d0ae87757c6686821c71/screenshot - {}
RESULT: {}
COMMAND: POST /session/c560a4da8281d0ae87757c6686821c71/element - {"using":"xpath","value":"//span[contains(text(), \"General Management\")]"}
RESULT: {"using":"xpath","value":"//span[contains(text(), \"General Management\")]"}
COMMAND: POST /session/c560a4da8281d0ae87757c6686821c71/element/f.437C3BD069600255C914999B9931D078.d.AC08D08A8626E75AC93ECA3C845E257C.e.13547/click - {}
RESULT: {}
COMMAND: GET /session/c560a4da8281d0ae87757c6686821c71/screenshot - {}
RESULT: {}
COMMAND: POST /session/c560a4da8281d0ae87757c6686821c71/element - {"using":"xpath","value":"//bdi[contains(text(), \"OK\")]"}
RESULT: {"using":"xpath","value":"//bdi[contains(text(), \"OK\")]"}
COMMAND: POST /session/c560a4da8281d0ae87757c6686821c71/element/f.437C3BD069600255C914999B9931D078.d.AC08D08A8626E75AC93ECA3C845E257C.e.13548/click - {}
RESULT: {}
COMMAND: GET /session/c560a4da8281d0ae87757c6686821c71/screenshot - {}
RESULT: {}
COMMAND: POST /session/c560a4da8281d0ae87757c6686821c71/element - {"using":"xpath","value":"//input[@id=\"application-managesites-display-component---NewSite--addressDetailDetailsCalendar-inner\"]"}
RESULT: {"using":"xpath","value":"//input[@id=\"application-managesites-display-component---NewSite--addressDetailDetailsCalendar-inner\"]"}
COMMAND: POST /session/c560a4da8281d0ae87757c6686821c71/element/f.437C3BD069600255C914999B9931D078.d.AC08D08A8626E75AC93ECA3C845E257C.e.13287/clear - {}
RESULT: {}
COMMAND: POST /session/c560a4da8281d0ae87757c6686821c71/element/f.437C3BD069600255C914999B9931D078.d.AC08D08A8626E75AC93ECA3C845E257C.e.13287/value - {"text":"Unit"}
COMMAND: GET /session/c560a4da8281d0ae87757c6686821c71/screenshot - {}
RESULT: {"text":"Unit"}
COMMAND: GET /session/c560a4da8281d0ae87757c6686821c71/screenshot - {}
RESULT: {}
RESULT: {}
COMMAND: POST /session/c560a4da8281d0ae87757c6686821c71/actions - {"actions":[{"id":"action42","type":"key","parameters":{},"actions":[{"type":"keyDown","value":""},{"type":"pause","duration":10},{"type":"keyUp","value":""}]}]}
RESULT: {"actions":[{"id":"action42","type":"key","parameters":{},"actions":[{"type":"keyDown","value":""},{"type":"pause","duration":10},{"type":"keyUp","value":""}]}]}
COMMAND: POST /session/c560a4da8281d0ae87757c6686821c71/element - {"using":"xpath","value":"//input[@id=\"application-managesites-display-component---NewSite--addressDetailDetailsYard-inner\"]"}
COMMAND: GET /session/c560a4da8281d0ae87757c6686821c71/screenshot - {}
RESULT: {}
RESULT: {"using":"xpath","value":"//input[@id=\"application-managesites-display-component---NewSite--addressDetailDetailsYard-inner\"]"}
COMMAND: POST /session/c560a4da8281d0ae87757c6686821c71/element/f.437C3BD069600255C914999B9931D078.d.AC08D08A8626E75AC93ECA3C845E257C.e.13288/clear - {}
RESULT: {}
COMMAND: POST /session/c560a4da8281d0ae87757c6686821c71/element/f.437C3BD069600255C914999B9931D078.d.AC08D08A8626E75AC93ECA3C845E257C.e.13288/value - {"text":"268"}
COMMAND: GET /session/c560a4da8281d0ae87757c6686821c71/screenshot - {}
RESULT: {"text":"268"}
COMMAND: GET /session/c560a4da8281d0ae87757c6686821c71/screenshot - {}
RESULT: {}
RESULT: {}
COMMAND: POST /session/c560a4da8281d0ae87757c6686821c71/element - {"using":"xpath","value":"//li[.//span[text()='268']]"}
RESULT: {"using":"xpath","value":"//li[.//span[text()='268']]"}
COMMAND: POST /session/c560a4da8281d0ae87757c6686821c71/element/f.437C3BD069600255C914999B9931D078.d.AC08D08A8626E75AC93ECA3C845E257C.e.13556/click - {}
RESULT: {}
COMMAND: GET /session/c560a4da8281d0ae87757c6686821c71/screenshot - {}
RESULT: {}
COMMAND: POST /session/c560a4da8281d0ae87757c6686821c71/element - {"using":"xpath","value":"//input[@id=\"application-managesites-display-component---NewSite--addressDetailDetailsPartner-inner\"]"}
RESULT: {"using":"xpath","value":"//input[@id=\"application-managesites-display-component---NewSite--addressDetailDetailsPartner-inner\"]"}
COMMAND: POST /session/c560a4da8281d0ae87757c6686821c71/element - {"using":"xpath","value":"//input[@id=\"application-managesites-display-component---NewSite--addressDetailDetailsPartner-inner\"]"}
RESULT: {"using":"xpath","value":"//input[@id=\"application-managesites-display-component---NewSite--addressDetailDetailsPartner-inner\"]"}
COMMAND: POST /session/c560a4da8281d0ae87757c6686821c71/element - {"using":"xpath","value":"//button[@data-kt=\"saveButton\"]"}
RESULT: {"using":"xpath","value":"//button[@data-kt=\"saveButton\"]"}
COMMAND: POST /session/c560a4da8281d0ae87757c6686821c71/element/f.437C3BD069600255C914999B9931D078.d.AC08D08A8626E75AC93ECA3C845E257C.e.13480/click - {}
RESULT: {}
COMMAND: GET /session/c560a4da8281d0ae87757c6686821c71/screenshot - {}
RESULT: {}
COMMAND: POST /session/c560a4da8281d0ae87757c6686821c71/element - {"using":"xpath","value":"//header[contains(@id, 'ObjectPageLayout-headerTitle')]/div[1]/div[2]/div[2]/span[1]"}
RESULT: {"using":"xpath","value":"//header[contains(@id, 'ObjectPageLayout-headerTitle')]/div[1]/div[2]/div[2]/span[1]"}
COMMAND: POST /session/c560a4da8281d0ae87757c6686821c71/elements - {"using":"xpath","value":"//header[contains(@id, 'ObjectPageLayout-headerTitle')]/div[1]/div[2]/div[2]/span[1]"}
RESULT: {"using":"xpath","value":"//header[contains(@id, 'ObjectPageLayout-headerTitle')]/div[1]/div[2]/div[2]/span[1]"}
COMMAND: POST /session/c560a4da8281d0ae87757c6686821c71/execute/sync - {"script":"<script> [56 bytes]","args":[{"element-6066-11e4-a52e-4f735466cecf":"f.437C3BD069600255C914999B9931D078.d.AC08D08A8626E75AC93ECA3C845E257C.e.13759","ELEMENT":"f.437C3BD069600255C914999B9931D078.d.AC08D08A8626E75AC93ECA3C845E257C.e.13759"}]}
RESULT: {"script":"<script> [56 bytes]","args":[{"element-6066-11e4-a52e-4f735466cecf":"f.437C3BD069600255C914999B9931D078.d.AC08D08A8626E75AC93ECA3C845E257C.e.13759","ELEMENT":"f.437C3BD069600255C914999B9931D078.d.AC08D08A8626E75AC93ECA3C845E257C.e.13759"}]}
COMMAND: POST /session/c560a4da8281d0ae87757c6686821c71/element - {"using":"css selector","value":"#shell-header-logo"}
COMMAND: GET /session/c560a4da8281d0ae87757c6686821c71/screenshot - {}
RESULT: {"using":"css selector","value":"#shell-header-logo"}
COMMAND: POST /session/c560a4da8281d0ae87757c6686821c71/element/f.437C3BD069600255C914999B9931D078.d.AC08D08A8626E75AC93ECA3C845E257C.e.13053/click - {}
RESULT: {}
RESULT: {}
COMMAND: GET /session/c560a4da8281d0ae87757c6686821c71/screenshot - {}
RESULT: {}
COMMAND: POST /session/c560a4da8281d0ae87757c6686821c71/execute/sync - {"script":"<script> [299 bytes]","args":[["getModel","getResource"]]}
RESULT: {"script":"<script> [299 bytes]","args":[["getModel","getResource"]]}
]]></system-out>
    </testcase>
    <testcase classname="chrome.137_0_7151_69.windows.Provide_to_Site_w/o_warehouse_management_w/_clarification_US116605" name="Should create a new material" time="122.996">
      <system-out><![CDATA[
COMMAND: POST /session/c560a4da8281d0ae87757c6686821c71/execute/async - {"script":"<script> [1562 bytes]","args":[{"selector":{"controlType":"sap.m.GenericTile","properties":{"header":"Manage Resources"}},"wdio_ui5_key":"sapm.GenericTile{\"header\":\"Manage Resources\"}"}]}
COMMAND: GET /session/c560a4da8281d0ae87757c6686821c71/screenshot - {}
RESULT: {"script":"<script> [1562 bytes]","args":[{"selector":{"controlType":"sap.m.GenericTile","properties":{"header":"Manage Resources"}},"wdio_ui5_key":"sapm.GenericTile{\"header\":\"Manage Resources\"}"}]}
RESULT: undefined
COMMAND: POST /session/c560a4da8281d0ae87757c6686821c71/element - {"using":"xpath","value":"//*[@id=\"__tile32\"]"}
RESULT: {}
RESULT: {"using":"xpath","value":"//*[@id=\"__tile32\"]"}
COMMAND: POST /session/c560a4da8281d0ae87757c6686821c71/element/f.437C3BD069600255C914999B9931D078.d.AC08D08A8626E75AC93ECA3C845E257C.e.11512/click - {}
RESULT: {}
COMMAND: GET /session/c560a4da8281d0ae87757c6686821c71/screenshot - {}
RESULT: {}
COMMAND: POST /session/c560a4da8281d0ae87757c6686821c71/elements - {"using":"xpath","value":"//span[text()='Error']"}
RESULT: {"using":"xpath","value":"//span[text()='Error']"}
COMMAND: POST /session/c560a4da8281d0ae87757c6686821c71/element - {"using":"xpath","value":"//button[@data-kt=\"addNewRUOverflowToolbarButton\"]"}
RESULT: {"using":"xpath","value":"//button[@data-kt=\"addNewRUOverflowToolbarButton\"]"}
COMMAND: POST /session/c560a4da8281d0ae87757c6686821c71/elements - {"using":"xpath","value":"//button[@data-kt=\"addNewRUOverflowToolbarButton\"]"}
RESULT: {"using":"xpath","value":"//button[@data-kt=\"addNewRUOverflowToolbarButton\"]"}
COMMAND: POST /session/c560a4da8281d0ae87757c6686821c71/element - {"using":"xpath","value":"//button[@data-kt=\"addNewRUOverflowToolbarButton\"]"}
RESULT: {"using":"xpath","value":"//button[@data-kt=\"addNewRUOverflowToolbarButton\"]"}
COMMAND: POST /session/c560a4da8281d0ae87757c6686821c71/execute/sync - {"script":"<script> [8489 bytes]","args":[{"element-6066-11e4-a52e-4f735466cecf":"f.437C3BD069600255C914999B9931D078.d.AC08D08A8626E75AC93ECA3C845E257C.e.13801","ELEMENT":"f.437C3BD069600255C914999B9931D078.d.AC08D08A8626E75AC93ECA3C845E257C.e.13801"}]}
RESULT: {"script":"<script> [8489 bytes]","args":[{"element-6066-11e4-a52e-4f735466cecf":"f.437C3BD069600255C914999B9931D078.d.AC08D08A8626E75AC93ECA3C845E257C.e.13801","ELEMENT":"f.437C3BD069600255C914999B9931D078.d.AC08D08A8626E75AC93ECA3C845E257C.e.13801"}]}
COMMAND: GET /session/c560a4da8281d0ae87757c6686821c71/element/f.437C3BD069600255C914999B9931D078.d.AC08D08A8626E75AC93ECA3C845E257C.e.13801/enabled - {}
COMMAND: GET /session/c560a4da8281d0ae87757c6686821c71/screenshot - {}
RESULT: {}
COMMAND: POST /session/c560a4da8281d0ae87757c6686821c71/execute/sync - {"script":"<script> [8489 bytes]","args":[{"element-6066-11e4-a52e-4f735466cecf":"f.437C3BD069600255C914999B9931D078.d.AC08D08A8626E75AC93ECA3C845E257C.e.13801","ELEMENT":"f.437C3BD069600255C914999B9931D078.d.AC08D08A8626E75AC93ECA3C845E257C.e.13801"}]}
COMMAND: GET /session/c560a4da8281d0ae87757c6686821c71/screenshot - {}
RESULT: {}
RESULT: {"script":"<script> [8489 bytes]","args":[{"element-6066-11e4-a52e-4f735466cecf":"f.437C3BD069600255C914999B9931D078.d.AC08D08A8626E75AC93ECA3C845E257C.e.13801","ELEMENT":"f.437C3BD069600255C914999B9931D078.d.AC08D08A8626E75AC93ECA3C845E257C.e.13801"}]}
COMMAND: POST /session/c560a4da8281d0ae87757c6686821c71/execute/sync - {"script":"<script> [5351 bytes]","args":[{"element-6066-11e4-a52e-4f735466cecf":"f.437C3BD069600255C914999B9931D078.d.AC08D08A8626E75AC93ECA3C845E257C.e.13801","ELEMENT":"f.437C3BD069600255C914999B9931D078.d.AC08D08A8626E75AC93ECA3C845E257C.e.13801"}]}
COMMAND: GET /session/c560a4da8281d0ae87757c6686821c71/screenshot - {}
RESULT: {}
RESULT: {"script":"<script> [5351 bytes]","args":[{"element-6066-11e4-a52e-4f735466cecf":"f.437C3BD069600255C914999B9931D078.d.AC08D08A8626E75AC93ECA3C845E257C.e.13801","ELEMENT":"f.437C3BD069600255C914999B9931D078.d.AC08D08A8626E75AC93ECA3C845E257C.e.13801"}]}
COMMAND: POST /session/c560a4da8281d0ae87757c6686821c71/element/f.437C3BD069600255C914999B9931D078.d.AC08D08A8626E75AC93ECA3C845E257C.e.13801/click - {}
COMMAND: GET /session/c560a4da8281d0ae87757c6686821c71/screenshot - {}
RESULT: {}
RESULT: {}
COMMAND: GET /session/c560a4da8281d0ae87757c6686821c71/screenshot - {}
RESULT: {}
RESULT: {}
COMMAND: POST /session/c560a4da8281d0ae87757c6686821c71/execute/async - {"script":"<script> [1562 bytes]","args":[{"selector":{"id":"application-manageresources-display-component---newResourceUnit--TYPE-arrow"},"wdio_ui5_key":"applicationmanageresources-display-component---newResourceUnit--TYPE-arrow"}]}
RESULT: {"script":"<script> [1562 bytes]","args":[{"selector":{"id":"application-manageresources-display-component---newResourceUnit--TYPE-arrow"},"wdio_ui5_key":"applicationmanageresources-display-component---newResourceUnit--TYPE-arrow"}]}
RESULT: undefined
COMMAND: POST /session/c560a4da8281d0ae87757c6686821c71/element - {"using":"xpath","value":"//*[@id=\"application-manageresources-display-component---newResourceUnit--TYPE-arrow\"]"}
RESULT: {"using":"xpath","value":"//*[@id=\"application-manageresources-display-component---newResourceUnit--TYPE-arrow\"]"}
COMMAND: POST /session/c560a4da8281d0ae87757c6686821c71/element/f.437C3BD069600255C914999B9931D078.d.AC08D08A8626E75AC93ECA3C845E257C.e.14152/click - {}
RESULT: {}
COMMAND: POST /session/c560a4da8281d0ae87757c6686821c71/element - {"using":"xpath","value":"//input[@id=\"application-manageresources-display-component---newResourceUnit--TYPE-inner\"]"}
COMMAND: GET /session/c560a4da8281d0ae87757c6686821c71/screenshot - {}
RESULT: {"using":"xpath","value":"//input[@id=\"application-manageresources-display-component---newResourceUnit--TYPE-inner\"]"}
COMMAND: POST /session/c560a4da8281d0ae87757c6686821c71/element/f.437C3BD069600255C914999B9931D078.d.AC08D08A8626E75AC93ECA3C845E257C.e.14146/clear - {}
RESULT: {}
RESULT: {}
COMMAND: POST /session/c560a4da8281d0ae87757c6686821c71/element/f.437C3BD069600255C914999B9931D078.d.AC08D08A8626E75AC93ECA3C845E257C.e.14146/value - {"text":"Material"}
COMMAND: GET /session/c560a4da8281d0ae87757c6686821c71/screenshot - {}
RESULT: {"text":"Material"}
COMMAND: GET /session/c560a4da8281d0ae87757c6686821c71/screenshot - {}
RESULT: {}
RESULT: {}
COMMAND: POST /session/c560a4da8281d0ae87757c6686821c71/actions - {"actions":[{"id":"action43","type":"key","parameters":{},"actions":[{"type":"keyDown","value":""},{"type":"pause","duration":10},{"type":"keyUp","value":""}]}]}
RESULT: {"actions":[{"id":"action43","type":"key","parameters":{},"actions":[{"type":"keyDown","value":""},{"type":"pause","duration":10},{"type":"keyUp","value":""}]}]}
COMMAND: POST /session/c560a4da8281d0ae87757c6686821c71/execute/async - {"script":"<script> [1562 bytes]","args":[{"selector":{"id":"application-manageresources-display-component---newResourceUnit--SHORT_TEXT","interaction":{"idSuffix":"inner"}},"wdio_ui5_key":"applicationmanageresources-display-component---newResourceUnit--SHORT_TEXT"}]}
COMMAND: GET /session/c560a4da8281d0ae87757c6686821c71/screenshot - {}
RESULT: undefined
RESULT: {"script":"<script> [1562 bytes]","args":[{"selector":{"id":"application-manageresources-display-component---newResourceUnit--SHORT_TEXT","interaction":{"idSuffix":"inner"}},"wdio_ui5_key":"applicationmanageresources-display-component---newResourceUnit--SHORT_TEXT"}]}
RESULT: undefined
COMMAND: POST /session/c560a4da8281d0ae87757c6686821c71/execute/async - {"script":"<script> [776 bytes]","args":[{"enterText":"Cement WDIO","selector":{"id":"application-manageresources-display-component---newResourceUnit--SHORT_TEXT","interaction":{"idSuffix":"inner"}},"clearTextFirst":true,"interactionType":"ENTER_TEXT"}]}
RESULT: {}
RESULT: {"script":"<script> [776 bytes]","args":[{"enterText":"Cement WDIO","selector":{"id":"application-manageresources-display-component---newResourceUnit--SHORT_TEXT","interaction":{"idSuffix":"inner"}},"clearTextFirst":true,"interactionType":"ENTER_TEXT"}]}
COMMAND: POST /session/c560a4da8281d0ae87757c6686821c71/execute/async - {"script":"<script> [1562 bytes]","args":[{"selector":{"id":"application-manageresources-display-component---newResourceUnit--BASE_UNIT_OF_MEASURE","interaction":{"idSuffix":"inner"}},"wdio_ui5_key":"applicationmanageresources-display-component---newResourceUnit--BASE_UNIT_OF_MEASURE"}]}
RESULT: {"script":"<script> [1562 bytes]","args":[{"selector":{"id":"application-manageresources-display-component---newResourceUnit--BASE_UNIT_OF_MEASURE","interaction":{"idSuffix":"inner"}},"wdio_ui5_key":"applicationmanageresources-display-component---newResourceUnit--BASE_UNIT_OF_MEASURE"}]}
RESULT: undefined
COMMAND: POST /session/c560a4da8281d0ae87757c6686821c71/execute/async - {"script":"<script> [776 bytes]","args":[{"enterText":"Piece","selector":{"id":"application-manageresources-display-component---newResourceUnit--BASE_UNIT_OF_MEASURE","interaction":{"idSuffix":"inner"}},"clearTextFirst":true,"interactionType":"ENTER_TEXT"}]}
RESULT: {"script":"<script> [776 bytes]","args":[{"enterText":"Piece","selector":{"id":"application-manageresources-display-component---newResourceUnit--BASE_UNIT_OF_MEASURE","interaction":{"idSuffix":"inner"}},"clearTextFirst":true,"interactionType":"ENTER_TEXT"}]}
COMMAND: POST /session/c560a4da8281d0ae87757c6686821c71/execute/async - {"script":"<script> [1562 bytes]","args":[{"selector":{"id":"application-manageresources-display-component---newResourceUnit--WEIGHT_UNIT","interaction":{"idSuffix":"inner"}},"wdio_ui5_key":"applicationmanageresources-display-component---newResourceUnit--WEIGHT_UNIT"}]}
RESULT: {"script":"<script> [1562 bytes]","args":[{"selector":{"id":"application-manageresources-display-component---newResourceUnit--WEIGHT_UNIT","interaction":{"idSuffix":"inner"}},"wdio_ui5_key":"applicationmanageresources-display-component---newResourceUnit--WEIGHT_UNIT"}]}
RESULT: undefined
COMMAND: POST /session/c560a4da8281d0ae87757c6686821c71/execute/async - {"script":"<script> [776 bytes]","args":[{"enterText":"Gram","selector":{"id":"application-manageresources-display-component---newResourceUnit--WEIGHT_UNIT","interaction":{"idSuffix":"inner"}},"clearTextFirst":true,"interactionType":"ENTER_TEXT"}]}
RESULT: {"script":"<script> [776 bytes]","args":[{"enterText":"Gram","selector":{"id":"application-manageresources-display-component---newResourceUnit--WEIGHT_UNIT","interaction":{"idSuffix":"inner"}},"clearTextFirst":true,"interactionType":"ENTER_TEXT"}]}
COMMAND: POST /session/c560a4da8281d0ae87757c6686821c71/execute/async - {"script":"<script> [1562 bytes]","args":[{"selector":{"id":"application-manageresources-display-component---newResourceUnit--DIMENSION_UNIT","interaction":{"idSuffix":"inner"}},"wdio_ui5_key":"applicationmanageresources-display-component---newResourceUnit--DIMENSION_UNIT"}]}
RESULT: {"script":"<script> [1562 bytes]","args":[{"selector":{"id":"application-manageresources-display-component---newResourceUnit--DIMENSION_UNIT","interaction":{"idSuffix":"inner"}},"wdio_ui5_key":"applicationmanageresources-display-component---newResourceUnit--DIMENSION_UNIT"}]}
RESULT: undefined
COMMAND: POST /session/c560a4da8281d0ae87757c6686821c71/execute/async - {"script":"<script> [776 bytes]","args":[{"enterText":"Meter","selector":{"id":"application-manageresources-display-component---newResourceUnit--DIMENSION_UNIT","interaction":{"idSuffix":"inner"}},"clearTextFirst":true,"interactionType":"ENTER_TEXT"}]}
RESULT: {"script":"<script> [776 bytes]","args":[{"enterText":"Meter","selector":{"id":"application-manageresources-display-component---newResourceUnit--DIMENSION_UNIT","interaction":{"idSuffix":"inner"}},"clearTextFirst":true,"interactionType":"ENTER_TEXT"}]}
COMMAND: POST /session/c560a4da8281d0ae87757c6686821c71/execute/async - {"script":"<script> [1562 bytes]","args":[{"selector":{"id":"application-manageresources-display-component---newResourceUnit--newRRUPage-anchBar-application-manageresources-display-component---newResourceUnit--control-anchor","interaction":{"idSuffix":"BDI-content"}},"wdio_ui5_key":"applicationmanageresources-display-component---newResourceUnit--newRRUPage-anchBar-application-manageresources-display-component---newResourceUnit--control-anchor"}]}
RESULT: {"script":"<script> [1562 bytes]","args":[{"selector":{"id":"application-manageresources-display-component---newResourceUnit--newRRUPage-anchBar-application-manageresources-display-component---newResourceUnit--control-anchor","interaction":{"idSuffix":"BDI-content"}},"wdio_ui5_key":"applicationmanageresources-display-component---newResourceUnit--newRRUPage-anchBar-application-manageresources-display-component---newResourceUnit--control-anchor"}]}
RESULT: undefined
COMMAND: POST /session/c560a4da8281d0ae87757c6686821c71/element - {"using":"xpath","value":"//*[@id=\"application-manageresources-display-component---newResourceUnit--newRRUPage-anchBar-application-manageresources-display-component---newResourceUnit--control-anchor\"]"}
RESULT: {"using":"xpath","value":"//*[@id=\"application-manageresources-display-component---newResourceUnit--newRRUPage-anchBar-application-manageresources-display-component---newResourceUnit--control-anchor\"]"}
COMMAND: POST /session/c560a4da8281d0ae87757c6686821c71/element/f.437C3BD069600255C914999B9931D078.d.AC08D08A8626E75AC93ECA3C845E257C.e.14284/click - {}
RESULT: {}
COMMAND: POST /session/c560a4da8281d0ae87757c6686821c71/execute/async - {"script":"<script> [1562 bytes]","args":[{"selector":{"id":"application-manageresources-display-component---newResourceUnit--PLANNING_GROUP","interaction":{"idSuffix":"inner"}},"wdio_ui5_key":"applicationmanageresources-display-component---newResourceUnit--PLANNING_GROUP"}]}
COMMAND: GET /session/c560a4da8281d0ae87757c6686821c71/screenshot - {}
RESULT: {"script":"<script> [1562 bytes]","args":[{"selector":{"id":"application-manageresources-display-component---newResourceUnit--PLANNING_GROUP","interaction":{"idSuffix":"inner"}},"wdio_ui5_key":"applicationmanageresources-display-component---newResourceUnit--PLANNING_GROUP"}]}
RESULT: undefined
COMMAND: POST /session/c560a4da8281d0ae87757c6686821c71/execute/async - {"script":"<script> [776 bytes]","args":[{"enterText":"Material","selector":{"id":"application-manageresources-display-component---newResourceUnit--PLANNING_GROUP","interaction":{"idSuffix":"inner"}},"clearTextFirst":true,"interactionType":"ENTER_TEXT"}]}
RESULT: {}
RESULT: {"script":"<script> [776 bytes]","args":[{"enterText":"Material","selector":{"id":"application-manageresources-display-component---newResourceUnit--PLANNING_GROUP","interaction":{"idSuffix":"inner"}},"clearTextFirst":true,"interactionType":"ENTER_TEXT"}]}
COMMAND: POST /session/c560a4da8281d0ae87757c6686821c71/execute/async - {"script":"<script> [1562 bytes]","args":[{"selector":{"id":"application-manageresources-display-component---newResourceUnit--PLANNING_INDICATOR","interaction":{"idSuffix":"inner"}},"wdio_ui5_key":"applicationmanageresources-display-component---newResourceUnit--PLANNING_INDICATOR"}]}
RESULT: {"script":"<script> [1562 bytes]","args":[{"selector":{"id":"application-manageresources-display-component---newResourceUnit--PLANNING_INDICATOR","interaction":{"idSuffix":"inner"}},"wdio_ui5_key":"applicationmanageresources-display-component---newResourceUnit--PLANNING_INDICATOR"}]}
RESULT: undefined
COMMAND: POST /session/c560a4da8281d0ae87757c6686821c71/execute/async - {"script":"<script> [776 bytes]","args":[{"enterText":"10 - infinite","selector":{"id":"application-manageresources-display-component---newResourceUnit--PLANNING_INDICATOR","interaction":{"idSuffix":"inner"}},"clearTextFirst":true,"interactionType":"ENTER_TEXT"}]}
RESULT: {"script":"<script> [776 bytes]","args":[{"enterText":"10 - infinite","selector":{"id":"application-manageresources-display-component---newResourceUnit--PLANNING_INDICATOR","interaction":{"idSuffix":"inner"}},"clearTextFirst":true,"interactionType":"ENTER_TEXT"}]}
COMMAND: POST /session/c560a4da8281d0ae87757c6686821c71/element - {"using":"css selector","value":"#application-manageresources-display-component---newResourceUnit--btnAddTimeSegment"}
RESULT: {"using":"css selector","value":"#application-manageresources-display-component---newResourceUnit--btnAddTimeSegment"}
COMMAND: GET /session/c560a4da8281d0ae87757c6686821c71/element/f.437C3BD069600255C914999B9931D078.d.AC08D08A8626E75AC93ECA3C845E257C.e.14292/rect - {}
RESULT: {}
COMMAND: GET /session/c560a4da8281d0ae87757c6686821c71/window/rect - {}
RESULT: {}
COMMAND: POST /session/c560a4da8281d0ae87757c6686821c71/execute/sync - {"script":"<script> [92 bytes]","args":[]}
RESULT: {"script":"<script> [92 bytes]","args":[]}
COMMAND: POST /session/c560a4da8281d0ae87757c6686821c71/actions - {"actions":[{"id":"action44","type":"wheel","parameters":{},"actions":[{"type":"scroll","x":-1888,"y":-32,"deltaX":0,"deltaY":0,"duration":0,"origin":{"element-6066-11e4-a52e-4f735466cecf":"f.437C3BD069600255C914999B9931D078.d.AC08D08A8626E75AC93ECA3C845E257C.e.14292"}}]}]}
COMMAND: GET /session/c560a4da8281d0ae87757c6686821c71/screenshot - {}
RESULT: {}
COMMAND: POST /session/c560a4da8281d0ae87757c6686821c71/execute/sync - {"script":"<script> [79 bytes]","args":[{"element-6066-11e4-a52e-4f735466cecf":"f.437C3BD069600255C914999B9931D078.d.AC08D08A8626E75AC93ECA3C845E257C.e.14292","ELEMENT":"f.437C3BD069600255C914999B9931D078.d.AC08D08A8626E75AC93ECA3C845E257C.e.14292"},{"block":"start","inline":"nearest"}]}
RESULT: {"script":"<script> [79 bytes]","args":[{"element-6066-11e4-a52e-4f735466cecf":"f.437C3BD069600255C914999B9931D078.d.AC08D08A8626E75AC93ECA3C845E257C.e.14292","ELEMENT":"f.437C3BD069600255C914999B9931D078.d.AC08D08A8626E75AC93ECA3C845E257C.e.14292"},{"block":"start","inline":"nearest"}]}
COMMAND: POST /session/c560a4da8281d0ae87757c6686821c71/execute/async - {"script":"<script> [1562 bytes]","args":[{"selector":{"id":"application-manageresources-display-component---newResourceUnit--btnAddTimeSegment","interaction":{"idSuffix":"inner"}},"wdio_ui5_key":"applicationmanageresources-display-component---newResourceUnit--btnAddTimeSegment"}]}
COMMAND: GET /session/c560a4da8281d0ae87757c6686821c71/screenshot - {}
RESULT: {"script":"<script> [1562 bytes]","args":[{"selector":{"id":"application-manageresources-display-component---newResourceUnit--btnAddTimeSegment","interaction":{"idSuffix":"inner"}},"wdio_ui5_key":"applicationmanageresources-display-component---newResourceUnit--btnAddTimeSegment"}]}
RESULT: undefined
COMMAND: POST /session/c560a4da8281d0ae87757c6686821c71/element - {"using":"xpath","value":"//*[@id=\"application-manageresources-display-component---newResourceUnit--btnAddTimeSegment\"]"}
RESULT: {}
RESULT: {"using":"xpath","value":"//*[@id=\"application-manageresources-display-component---newResourceUnit--btnAddTimeSegment\"]"}
COMMAND: POST /session/c560a4da8281d0ae87757c6686821c71/element/f.437C3BD069600255C914999B9931D078.d.AC08D08A8626E75AC93ECA3C845E257C.e.14292/click - {}
RESULT: {}
COMMAND: GET /session/c560a4da8281d0ae87757c6686821c71/screenshot - {}
RESULT: {}
COMMAND: POST /session/c560a4da8281d0ae87757c6686821c71/element - {"using":"xpath","value":"//input[@id=\"application-manageresources-display-component---newResourceUnit--idRuTSAdmin-application-manageresources-display-component---newResourceUnit--RUTimeSegment-0-inner\"]"}
RESULT: {"using":"xpath","value":"//input[@id=\"application-manageresources-display-component---newResourceUnit--idRuTSAdmin-application-manageresources-display-component---newResourceUnit--RUTimeSegment-0-inner\"]"}
COMMAND: POST /session/c560a4da8281d0ae87757c6686821c71/element/f.437C3BD069600255C914999B9931D078.d.AC08D08A8626E75AC93ECA3C845E257C.e.14297/clear - {}
RESULT: {}
COMMAND: POST /session/c560a4da8281d0ae87757c6686821c71/element/f.437C3BD069600255C914999B9931D078.d.AC08D08A8626E75AC93ECA3C845E257C.e.14297/value - {"text":"268"}
COMMAND: GET /session/c560a4da8281d0ae87757c6686821c71/screenshot - {}
RESULT: {"text":"268"}
COMMAND: GET /session/c560a4da8281d0ae87757c6686821c71/screenshot - {}
RESULT: {}
RESULT: {}
COMMAND: POST /session/c560a4da8281d0ae87757c6686821c71/element - {"using":"xpath","value":"//li[.//span[text()='268']]"}
RESULT: {"using":"xpath","value":"//li[.//span[text()='268']]"}
COMMAND: POST /session/c560a4da8281d0ae87757c6686821c71/element/f.437C3BD069600255C914999B9931D078.d.AC08D08A8626E75AC93ECA3C845E257C.e.14306/click - {}
RESULT: {}
COMMAND: GET /session/c560a4da8281d0ae87757c6686821c71/screenshot - {}
RESULT: {}
COMMAND: POST /session/c560a4da8281d0ae87757c6686821c71/element - {"using":"xpath","value":"(//span[contains(@id, \"-application-manageresources-display-component---newResourceUnit--RUTimeSegment-0-arrow\")])[2]"}
RESULT: {"using":"xpath","value":"(//span[contains(@id, \"-application-manageresources-display-component---newResourceUnit--RUTimeSegment-0-arrow\")])[2]"}
COMMAND: POST /session/c560a4da8281d0ae87757c6686821c71/element/f.437C3BD069600255C914999B9931D078.d.AC08D08A8626E75AC93ECA3C845E257C.e.14307/click - {}
RESULT: {}
COMMAND: POST /session/c560a4da8281d0ae87757c6686821c71/element - {"using":"xpath","value":"//span[contains(text(), \"PM Order\")]"}
COMMAND: GET /session/c560a4da8281d0ae87757c6686821c71/screenshot - {}
RESULT: {"using":"xpath","value":"//span[contains(text(), \"PM Order\")]"}
COMMAND: POST /session/c560a4da8281d0ae87757c6686821c71/element/f.437C3BD069600255C914999B9931D078.d.AC08D08A8626E75AC93ECA3C845E257C.e.14308/click - {}
RESULT: {}
RESULT: {}
COMMAND: GET /session/c560a4da8281d0ae87757c6686821c71/screenshot - {}
RESULT: {}
COMMAND: POST /session/c560a4da8281d0ae87757c6686821c71/element - {"using":"xpath","value":"//td/div/div/div/span[contains(@id, \"newResourceUnit--RUTimeSegment-0-vhi\")][1]"}
RESULT: {"using":"xpath","value":"//td/div/div/div/span[contains(@id, \"newResourceUnit--RUTimeSegment-0-vhi\")][1]"}
COMMAND: GET /session/c560a4da8281d0ae87757c6686821c71/element/f.437C3BD069600255C914999B9931D078.d.AC08D08A8626E75AC93ECA3C845E257C.e.14312/rect - {}
RESULT: {}
COMMAND: GET /session/c560a4da8281d0ae87757c6686821c71/window/rect - {}
RESULT: {}
COMMAND: POST /session/c560a4da8281d0ae87757c6686821c71/execute/sync - {"script":"<script> [92 bytes]","args":[]}
RESULT: {"script":"<script> [92 bytes]","args":[]}
COMMAND: POST /session/c560a4da8281d0ae87757c6686821c71/actions - {"actions":[{"id":"action45","type":"wheel","parameters":{},"actions":[{"type":"scroll","x":-1888,"y":-24,"deltaX":0,"deltaY":0,"duration":0,"origin":{"element-6066-11e4-a52e-4f735466cecf":"f.437C3BD069600255C914999B9931D078.d.AC08D08A8626E75AC93ECA3C845E257C.e.14312"}}]}]}
COMMAND: GET /session/c560a4da8281d0ae87757c6686821c71/screenshot - {}
RESULT: {}
COMMAND: POST /session/c560a4da8281d0ae87757c6686821c71/execute/sync - {"script":"<script> [79 bytes]","args":[{"element-6066-11e4-a52e-4f735466cecf":"f.437C3BD069600255C914999B9931D078.d.AC08D08A8626E75AC93ECA3C845E257C.e.14312","ELEMENT":"f.437C3BD069600255C914999B9931D078.d.AC08D08A8626E75AC93ECA3C845E257C.e.14312"},{"block":"start","inline":"nearest"}]}
RESULT: {"script":"<script> [79 bytes]","args":[{"element-6066-11e4-a52e-4f735466cecf":"f.437C3BD069600255C914999B9931D078.d.AC08D08A8626E75AC93ECA3C845E257C.e.14312","ELEMENT":"f.437C3BD069600255C914999B9931D078.d.AC08D08A8626E75AC93ECA3C845E257C.e.14312"},{"block":"start","inline":"nearest"}]}
COMMAND: GET /session/c560a4da8281d0ae87757c6686821c71/screenshot - {}
RESULT: {}
COMMAND: POST /session/c560a4da8281d0ae87757c6686821c71/element/f.437C3BD069600255C914999B9931D078.d.AC08D08A8626E75AC93ECA3C845E257C.e.14312/click - {}
RESULT: {}
COMMAND: GET /session/c560a4da8281d0ae87757c6686821c71/screenshot - {}
RESULT: {}
RESULT: undefined
COMMAND: POST /session/c560a4da8281d0ae87757c6686821c71/execute/async - {"script":"<script> [776 bytes]","args":[{"enterText":"4000360","selector":{"controlType":"sap.m.SearchField","properties":{"placeholder":"Search"},"searchOpenDialogs":true,"interaction":{"idSuffix":"I"}},"clearTextFirst":true,"interactionType":"ENTER_TEXT"}]}
RESULT: {"script":"<script> [776 bytes]","args":[{"enterText":"4000360","selector":{"controlType":"sap.m.SearchField","properties":{"placeholder":"Search"},"searchOpenDialogs":true,"interaction":{"idSuffix":"I"}},"clearTextFirst":true,"interactionType":"ENTER_TEXT"}]}
COMMAND: POST /session/c560a4da8281d0ae87757c6686821c71/actions - {"actions":[{"id":"action46","type":"key","parameters":{},"actions":[{"type":"keyDown","value":""},{"type":"pause","duration":10},{"type":"keyUp","value":""}]}]}
RESULT: {"actions":[{"id":"action46","type":"key","parameters":{},"actions":[{"type":"keyDown","value":""},{"type":"pause","duration":10},{"type":"keyUp","value":""}]}]}
COMMAND: GET /session/c560a4da8281d0ae87757c6686821c71/screenshot - {}
RESULT: {}
COMMAND: POST /session/c560a4da8281d0ae87757c6686821c71/element - {"using":"xpath","value":"//td/div/span[contains(text(), \"BGL Vehicles\")]"}
RESULT: {"using":"xpath","value":"//td/div/span[contains(text(), \"BGL Vehicles\")]"}
COMMAND: POST /session/c560a4da8281d0ae87757c6686821c71/element/f.437C3BD069600255C914999B9931D078.d.AC08D08A8626E75AC93ECA3C845E257C.e.14332/click - {}
RESULT: {}
COMMAND: GET /session/c560a4da8281d0ae87757c6686821c71/screenshot - {}
RESULT: {}
COMMAND: POST /session/c560a4da8281d0ae87757c6686821c71/element - {"using":"xpath","value":"//bdi[contains(text(), \"OK\")]"}
RESULT: {"using":"xpath","value":"//bdi[contains(text(), \"OK\")]"}
COMMAND: POST /session/c560a4da8281d0ae87757c6686821c71/element/f.437C3BD069600255C914999B9931D078.d.AC08D08A8626E75AC93ECA3C845E257C.e.14333/click - {}
RESULT: {}
COMMAND: GET /session/c560a4da8281d0ae87757c6686821c71/screenshot - {}
RESULT: {}
COMMAND: POST /session/c560a4da8281d0ae87757c6686821c71/element - {"using":"xpath","value":"//label[contains(@class, 'sapMLabelRequired') and .//bdi[contains(text(), 'Planned Retirement')]]"}
RESULT: {"using":"xpath","value":"//label[contains(@class, 'sapMLabelRequired') and .//bdi[contains(text(), 'Planned Retirement')]]"}
COMMAND: POST /session/c560a4da8281d0ae87757c6686821c71/elements - {"using":"xpath","value":"//label[contains(@class, 'sapMLabelRequired') and .//bdi[contains(text(), 'Planned Retirement')]]"}
RESULT: {"using":"xpath","value":"//label[contains(@class, 'sapMLabelRequired') and .//bdi[contains(text(), 'Planned Retirement')]]"}
COMMAND: POST /session/c560a4da8281d0ae87757c6686821c71/element - {"using":"xpath","value":"//button[@data-kt=\"resourceUnitSaveButton\"]"}
RESULT: {"using":"xpath","value":"//button[@data-kt=\"resourceUnitSaveButton\"]"}
COMMAND: POST /session/c560a4da8281d0ae87757c6686821c71/element/f.437C3BD069600255C914999B9931D078.d.AC08D08A8626E75AC93ECA3C845E257C.e.14169/click - {}
RESULT: {}
COMMAND: GET /session/c560a4da8281d0ae87757c6686821c71/screenshot - {}
RESULT: {}
COMMAND: POST /session/c560a4da8281d0ae87757c6686821c71/element - {"using":"xpath","value":"//bdi[contains(text(), \"Close\")]"}
RESULT: {"using":"xpath","value":"//bdi[contains(text(), \"Close\")]"}
COMMAND: POST /session/c560a4da8281d0ae87757c6686821c71/element/f.437C3BD069600255C914999B9931D078.d.AC08D08A8626E75AC93ECA3C845E257C.e.14340/click - {}
RESULT: {}
COMMAND: GET /session/c560a4da8281d0ae87757c6686821c71/screenshot - {}
RESULT: {}
COMMAND: POST /session/c560a4da8281d0ae87757c6686821c71/element - {"using":"xpath","value":"//header[contains(@id, 'detailRruPage-headerTitle')]/div[1]/div[2]/div[2]/span[1]"}
RESULT: {"using":"xpath","value":"//header[contains(@id, 'detailRruPage-headerTitle')]/div[1]/div[2]/div[2]/span[1]"}
COMMAND: POST /session/c560a4da8281d0ae87757c6686821c71/elements - {"using":"xpath","value":"//header[contains(@id, 'detailRruPage-headerTitle')]/div[1]/div[2]/div[2]/span[1]"}
RESULT: {"using":"xpath","value":"//header[contains(@id, 'detailRruPage-headerTitle')]/div[1]/div[2]/div[2]/span[1]"}
COMMAND: POST /session/c560a4da8281d0ae87757c6686821c71/execute/sync - {"script":"<script> [56 bytes]","args":[{"element-6066-11e4-a52e-4f735466cecf":"f.437C3BD069600255C914999B9931D078.d.AC08D08A8626E75AC93ECA3C845E257C.e.14376","ELEMENT":"f.437C3BD069600255C914999B9931D078.d.AC08D08A8626E75AC93ECA3C845E257C.e.14376"}]}
RESULT: {"script":"<script> [56 bytes]","args":[{"element-6066-11e4-a52e-4f735466cecf":"f.437C3BD069600255C914999B9931D078.d.AC08D08A8626E75AC93ECA3C845E257C.e.14376","ELEMENT":"f.437C3BD069600255C914999B9931D078.d.AC08D08A8626E75AC93ECA3C845E257C.e.14376"}]}
COMMAND: POST /session/c560a4da8281d0ae87757c6686821c71/element - {"using":"css selector","value":"#shell-header-logo"}
COMMAND: GET /session/c560a4da8281d0ae87757c6686821c71/screenshot - {}
RESULT: {"using":"css selector","value":"#shell-header-logo"}
COMMAND: POST /session/c560a4da8281d0ae87757c6686821c71/element/f.437C3BD069600255C914999B9931D078.d.AC08D08A8626E75AC93ECA3C845E257C.e.13762/click - {}
RESULT: {}
RESULT: {}
COMMAND: GET /session/c560a4da8281d0ae87757c6686821c71/screenshot - {}
RESULT: {}
]]></system-out>
    </testcase>
  </testsuite>
  <testsuite timestamp="2025-06-14T16:57:32" time="366.813" tests="6" failures="0" errors="0" skipped="0">
    <properties>
      <property name="specId" value="0"/>
      <property name="suiteName" value="Provide to Site w/o warehouse management w clarification"/>
      <property name="capabilities" value="chrome.137_0_7151_69.windows"/>
      <property name="file" value="file:///D:/a/1/s/test/specs/HTR/provide-to-site-wo-warehouse-w-clarification.spec.js"/>
    </properties>
    <testcase classname="chrome.137_0_7151_69.windows.Provide_to_Site_w/o_warehouse_management_w_clarification" name="Should do a stock increase handover" time="88.509">
      <system-out><![CDATA[
COMMAND: POST /session/c560a4da8281d0ae87757c6686821c71/execute/async - {"script":"<script> [1562 bytes]","args":[{"selector":{"controlType":"sap.m.GenericTile","properties":{"header":"Manage Handovers"}},"wdio_ui5_key":"sapm.GenericTile{\"header\":\"Manage Handovers\"}"}]}
RESULT: {"script":"<script> [1562 bytes]","args":[{"selector":{"controlType":"sap.m.GenericTile","properties":{"header":"Manage Handovers"}},"wdio_ui5_key":"sapm.GenericTile{\"header\":\"Manage Handovers\"}"}]}
RESULT: undefined
COMMAND: POST /session/c560a4da8281d0ae87757c6686821c71/element - {"using":"xpath","value":"//*[@id=\"__tile134\"]"}
RESULT: {"using":"xpath","value":"//*[@id=\"__tile134\"]"}
COMMAND: POST /session/c560a4da8281d0ae87757c6686821c71/element/f.437C3BD069600255C914999B9931D078.d.AC08D08A8626E75AC93ECA3C845E257C.e.11539/click - {}
RESULT: {}
COMMAND: GET /session/c560a4da8281d0ae87757c6686821c71/screenshot - {}
COMMAND: POST /session/c560a4da8281d0ae87757c6686821c71/elements - {"using":"xpath","value":"//span[text()='Error']"}
RESULT: {}
RESULT: {"using":"xpath","value":"//span[text()='Error']"}
COMMAND: POST /session/c560a4da8281d0ae87757c6686821c71/element - {"using":"xpath","value":"//button[@data-kt=\"masterHOAddButton\"]"}
RESULT: {"using":"xpath","value":"//button[@data-kt=\"masterHOAddButton\"]"}
COMMAND: POST /session/c560a4da8281d0ae87757c6686821c71/elements - {"using":"xpath","value":"//button[@data-kt=\"masterHOAddButton\"]"}
RESULT: {"using":"xpath","value":"//button[@data-kt=\"masterHOAddButton\"]"}
COMMAND: POST /session/c560a4da8281d0ae87757c6686821c71/element - {"using":"xpath","value":"//button[@data-kt=\"masterHOAddButton\"]"}
RESULT: {"using":"xpath","value":"//button[@data-kt=\"masterHOAddButton\"]"}
COMMAND: POST /session/c560a4da8281d0ae87757c6686821c71/execute/sync - {"script":"<script> [8489 bytes]","args":[{"element-6066-11e4-a52e-4f735466cecf":"f.437C3BD069600255C914999B9931D078.d.AC08D08A8626E75AC93ECA3C845E257C.e.14404","ELEMENT":"f.437C3BD069600255C914999B9931D078.d.AC08D08A8626E75AC93ECA3C845E257C.e.14404"}]}
RESULT: {"script":"<script> [8489 bytes]","args":[{"element-6066-11e4-a52e-4f735466cecf":"f.437C3BD069600255C914999B9931D078.d.AC08D08A8626E75AC93ECA3C845E257C.e.14404","ELEMENT":"f.437C3BD069600255C914999B9931D078.d.AC08D08A8626E75AC93ECA3C845E257C.e.14404"}]}
COMMAND: GET /session/c560a4da8281d0ae87757c6686821c71/element/f.437C3BD069600255C914999B9931D078.d.AC08D08A8626E75AC93ECA3C845E257C.e.14404/enabled - {}
COMMAND: GET /session/c560a4da8281d0ae87757c6686821c71/screenshot - {}
RESULT: {}
COMMAND: POST /session/c560a4da8281d0ae87757c6686821c71/execute/sync - {"script":"<script> [8489 bytes]","args":[{"element-6066-11e4-a52e-4f735466cecf":"f.437C3BD069600255C914999B9931D078.d.AC08D08A8626E75AC93ECA3C845E257C.e.14404","ELEMENT":"f.437C3BD069600255C914999B9931D078.d.AC08D08A8626E75AC93ECA3C845E257C.e.14404"}]}
COMMAND: GET /session/c560a4da8281d0ae87757c6686821c71/screenshot - {}
RESULT: {}
RESULT: {"script":"<script> [8489 bytes]","args":[{"element-6066-11e4-a52e-4f735466cecf":"f.437C3BD069600255C914999B9931D078.d.AC08D08A8626E75AC93ECA3C845E257C.e.14404","ELEMENT":"f.437C3BD069600255C914999B9931D078.d.AC08D08A8626E75AC93ECA3C845E257C.e.14404"}]}
COMMAND: POST /session/c560a4da8281d0ae87757c6686821c71/execute/sync - {"script":"<script> [5351 bytes]","args":[{"element-6066-11e4-a52e-4f735466cecf":"f.437C3BD069600255C914999B9931D078.d.AC08D08A8626E75AC93ECA3C845E257C.e.14404","ELEMENT":"f.437C3BD069600255C914999B9931D078.d.AC08D08A8626E75AC93ECA3C845E257C.e.14404"}]}
COMMAND: GET /session/c560a4da8281d0ae87757c6686821c71/screenshot - {}
RESULT: {}
RESULT: {"script":"<script> [5351 bytes]","args":[{"element-6066-11e4-a52e-4f735466cecf":"f.437C3BD069600255C914999B9931D078.d.AC08D08A8626E75AC93ECA3C845E257C.e.14404","ELEMENT":"f.437C3BD069600255C914999B9931D078.d.AC08D08A8626E75AC93ECA3C845E257C.e.14404"}]}
COMMAND: POST /session/c560a4da8281d0ae87757c6686821c71/element/f.437C3BD069600255C914999B9931D078.d.AC08D08A8626E75AC93ECA3C845E257C.e.14404/click - {}
COMMAND: GET /session/c560a4da8281d0ae87757c6686821c71/screenshot - {}
RESULT: {}
RESULT: {}
COMMAND: GET /session/c560a4da8281d0ae87757c6686821c71/screenshot - {}
RESULT: {}
RESULT: {}
COMMAND: POST /session/c560a4da8281d0ae87757c6686821c71/element - {"using":"xpath","value":"//span[contains(@id ,\"AddNewHO--typeSelect-arrow\")]"}
RESULT: {"using":"xpath","value":"//span[contains(@id ,\"AddNewHO--typeSelect-arrow\")]"}
COMMAND: POST /session/c560a4da8281d0ae87757c6686821c71/element/f.437C3BD069600255C914999B9931D078.d.AC08D08A8626E75AC93ECA3C845E257C.e.14756/click - {}
RESULT: {}
COMMAND: GET /session/c560a4da8281d0ae87757c6686821c71/screenshot - {}
RESULT: {}
COMMAND: POST /session/c560a4da8281d0ae87757c6686821c71/element - {"using":"xpath","value":"(//li[contains(text(), \"stock increase yard\")])[1]"}
RESULT: {"using":"xpath","value":"(//li[contains(text(), \"stock increase yard\")])[1]"}
COMMAND: POST /session/c560a4da8281d0ae87757c6686821c71/element/f.437C3BD069600255C914999B9931D078.d.AC08D08A8626E75AC93ECA3C845E257C.e.14757/click - {}
RESULT: {}
COMMAND: GET /session/c560a4da8281d0ae87757c6686821c71/screenshot - {}
RESULT: {}
COMMAND: POST /session/c560a4da8281d0ae87757c6686821c71/execute/async - {"script":"<script> [1562 bytes]","args":[{"selector":{"id":"application-managehandovers-display-component---AddNewHO--dueDate","interaction":{"idSuffix":"inner"}},"wdio_ui5_key":"applicationmanagehandovers-display-component---AddNewHO--dueDate"}]}
RESULT: {"script":"<script> [1562 bytes]","args":[{"selector":{"id":"application-managehandovers-display-component---AddNewHO--dueDate","interaction":{"idSuffix":"inner"}},"wdio_ui5_key":"applicationmanagehandovers-display-component---AddNewHO--dueDate"}]}
RESULT: undefined
COMMAND: POST /session/c560a4da8281d0ae87757c6686821c71/execute/async - {"script":"<script> [6424 bytes]","args":[{"element-6066-11e4-a52e-4f735466cecf":"f.437C3BD069600255C914999B9931D078.d.AC08D08A8626E75AC93ECA3C845E257C.e.14759"},"setValue",["6/14/25"]]}
RESULT: {"script":"<script> [6424 bytes]","args":[{"element-6066-11e4-a52e-4f735466cecf":"f.437C3BD069600255C914999B9931D078.d.AC08D08A8626E75AC93ECA3C845E257C.e.14759"},"setValue",["6/14/25"]]}
COMMAND: POST /session/c560a4da8281d0ae87757c6686821c71/element - {"using":"xpath","value":"//input[@id=\"generalSectionFrg--receiveYard-inner\"]"}
RESULT: {"using":"xpath","value":"//input[@id=\"generalSectionFrg--receiveYard-inner\"]"}
COMMAND: POST /session/c560a4da8281d0ae87757c6686821c71/element/f.437C3BD069600255C914999B9931D078.d.AC08D08A8626E75AC93ECA3C845E257C.e.14765/clear - {}
RESULT: {}
COMMAND: POST /session/c560a4da8281d0ae87757c6686821c71/element/f.437C3BD069600255C914999B9931D078.d.AC08D08A8626E75AC93ECA3C845E257C.e.14765/value - {"text":"268"}
COMMAND: GET /session/c560a4da8281d0ae87757c6686821c71/screenshot - {}
RESULT: {"text":"268"}
COMMAND: GET /session/c560a4da8281d0ae87757c6686821c71/screenshot - {}
RESULT: {}
RESULT: {}
COMMAND: POST /session/c560a4da8281d0ae87757c6686821c71/element - {"using":"xpath","value":"//li[.//span[contains(normalize-space(.), '268 -')]]"}
RESULT: {"using":"xpath","value":"//li[.//span[contains(normalize-space(.), '268 -')]]"}
COMMAND: POST /session/c560a4da8281d0ae87757c6686821c71/element/f.437C3BD069600255C914999B9931D078.d.AC08D08A8626E75AC93ECA3C845E257C.e.14781/click - {}
RESULT: {}
COMMAND: GET /session/c560a4da8281d0ae87757c6686821c71/screenshot - {}
RESULT: {}
COMMAND: POST /session/c560a4da8281d0ae87757c6686821c71/execute/async - {"script":"<script> [1562 bytes]","args":[{"selector":{"id":"application-managehandovers-display-component---AddNewHO--ObjectPageLayout-anchBar-application-managehandovers-display-component---AddNewHO--section4-anchor","interaction":{"idSuffix":"BDI-content"}},"wdio_ui5_key":"applicationmanagehandovers-display-component---AddNewHO--ObjectPageLayout-anchBar-application-managehandovers-display-component---AddNewHO--section4-anchor"}]}
RESULT: {"script":"<script> [1562 bytes]","args":[{"selector":{"id":"application-managehandovers-display-component---AddNewHO--ObjectPageLayout-anchBar-application-managehandovers-display-component---AddNewHO--section4-anchor","interaction":{"idSuffix":"BDI-content"}},"wdio_ui5_key":"applicationmanagehandovers-display-component---AddNewHO--ObjectPageLayout-anchBar-application-managehandovers-display-component---AddNewHO--section4-anchor"}]}
RESULT: undefined
COMMAND: POST /session/c560a4da8281d0ae87757c6686821c71/element - {"using":"xpath","value":"//*[@id=\"application-managehandovers-display-component---AddNewHO--ObjectPageLayout-anchBar-application-managehandovers-display-component---AddNewHO--section4-anchor\"]"}
RESULT: {"using":"xpath","value":"//*[@id=\"application-managehandovers-display-component---AddNewHO--ObjectPageLayout-anchBar-application-managehandovers-display-component---AddNewHO--section4-anchor\"]"}
COMMAND: POST /session/c560a4da8281d0ae87757c6686821c71/element/f.437C3BD069600255C914999B9931D078.d.AC08D08A8626E75AC93ECA3C845E257C.e.14783/click - {}
RESULT: {}
COMMAND: GET /session/c560a4da8281d0ae87757c6686821c71/screenshot - {}
RESULT: {}
COMMAND: POST /session/c560a4da8281d0ae87757c6686821c71/element - {"using":"xpath","value":"//button[@aria-label=\"Add\"]"}
RESULT: {"using":"xpath","value":"//button[@aria-label=\"Add\"]"}
COMMAND: POST /session/c560a4da8281d0ae87757c6686821c71/element/f.437C3BD069600255C914999B9931D078.d.AC08D08A8626E75AC93ECA3C845E257C.e.14787/click - {}
RESULT: {}
COMMAND: GET /session/c560a4da8281d0ae87757c6686821c71/screenshot - {}
RESULT: {}
COMMAND: POST /session/c560a4da8281d0ae87757c6686821c71/execute/async - {"script":"<script> [1562 bytes]","args":[{"selector":{"id":"application-managehandovers-display-component---AddNewHO--smartFilterBar-btnBasicSearch","searchOpenDialogs":true,"interaction":{"idSuffix":"I"}},"wdio_ui5_key":"applicationmanagehandovers-display-component---AddNewHO--smartFilterBar-btnBasicSearch"}]}
RESULT: {"script":"<script> [1562 bytes]","args":[{"selector":{"id":"application-managehandovers-display-component---AddNewHO--smartFilterBar-btnBasicSearch","searchOpenDialogs":true,"interaction":{"idSuffix":"I"}},"wdio_ui5_key":"applicationmanagehandovers-display-component---AddNewHO--smartFilterBar-btnBasicSearch"}]}
RESULT: undefined
COMMAND: POST /session/c560a4da8281d0ae87757c6686821c71/execute/async - {"script":"<script> [776 bytes]","args":[{"enterText":"200140","selector":{"id":"application-managehandovers-display-component---AddNewHO--smartFilterBar-btnBasicSearch","searchOpenDialogs":true,"interaction":{"idSuffix":"I"}},"clearTextFirst":true,"interactionType":"ENTER_TEXT"}]}
RESULT: {"script":"<script> [776 bytes]","args":[{"enterText":"200140","selector":{"id":"application-managehandovers-display-component---AddNewHO--smartFilterBar-btnBasicSearch","searchOpenDialogs":true,"interaction":{"idSuffix":"I"}},"clearTextFirst":true,"interactionType":"ENTER_TEXT"}]}
COMMAND: POST /session/c560a4da8281d0ae87757c6686821c71/actions - {"actions":[{"id":"action47","type":"key","parameters":{},"actions":[{"type":"keyDown","value":""},{"type":"pause","duration":10},{"type":"keyUp","value":""}]}]}
RESULT: {"actions":[{"id":"action47","type":"key","parameters":{},"actions":[{"type":"keyDown","value":""},{"type":"pause","duration":10},{"type":"keyUp","value":""}]}]}
COMMAND: GET /session/c560a4da8281d0ae87757c6686821c71/screenshot - {}
RESULT: {}
COMMAND: POST /session/c560a4da8281d0ae87757c6686821c71/execute/async - {"script":"<script> [1562 bytes]","args":[{"selector":{"id":"application-managehandovers-display-component---AddNewHO--popup-sa","searchOpenDialogs":true,"interaction":{"idSuffix":"CbBg"}},"wdio_ui5_key":"applicationmanagehandovers-display-component---AddNewHO--popup-sa"}]}
RESULT: {"script":"<script> [1562 bytes]","args":[{"selector":{"id":"application-managehandovers-display-component---AddNewHO--popup-sa","searchOpenDialogs":true,"interaction":{"idSuffix":"CbBg"}},"wdio_ui5_key":"applicationmanagehandovers-display-component---AddNewHO--popup-sa"}]}
RESULT: undefined
COMMAND: POST /session/c560a4da8281d0ae87757c6686821c71/element - {"using":"xpath","value":"//*[@id=\"application-managehandovers-display-component---AddNewHO--popup-sa\"]"}
RESULT: {"using":"xpath","value":"//*[@id=\"application-managehandovers-display-component---AddNewHO--popup-sa\"]"}
COMMAND: POST /session/c560a4da8281d0ae87757c6686821c71/element/f.437C3BD069600255C914999B9931D078.d.AC08D08A8626E75AC93ECA3C845E257C.e.14939/click - {}
RESULT: {}
COMMAND: GET /session/c560a4da8281d0ae87757c6686821c71/screenshot - {}
RESULT: {}
COMMAND: POST /session/c560a4da8281d0ae87757c6686821c71/element - {"using":"xpath","value":"//bdi[contains(text(), \"Select\")]"}
RESULT: {"using":"xpath","value":"//bdi[contains(text(), \"Select\")]"}
COMMAND: POST /session/c560a4da8281d0ae87757c6686821c71/element/f.437C3BD069600255C914999B9931D078.d.AC08D08A8626E75AC93ECA3C845E257C.e.14940/click - {}
RESULT: {}
COMMAND: GET /session/c560a4da8281d0ae87757c6686821c71/screenshot - {}
RESULT: {}
COMMAND: POST /session/c560a4da8281d0ae87757c6686821c71/element - {"using":"xpath","value":"//button[@data-kt=\"AddNewHOSaveButton\"]"}
RESULT: {"using":"xpath","value":"//button[@data-kt=\"AddNewHOSaveButton\"]"}
COMMAND: POST /session/c560a4da8281d0ae87757c6686821c71/element/f.437C3BD069600255C914999B9931D078.d.AC08D08A8626E75AC93ECA3C845E257C.e.14944/click - {}
RESULT: {}
COMMAND: GET /session/c560a4da8281d0ae87757c6686821c71/screenshot - {}
RESULT: {}
COMMAND: POST /session/c560a4da8281d0ae87757c6686821c71/execute/async - {"script":"<script> [1562 bytes]","args":[{"selector":{"id":"receiptDatePicker","viewName":"etm.portal.ui.managehandovers.view.DetailExecuteHO","interaction":{"idSuffix":"inner"}},"wdio_ui5_key":"receiptDatePickeretmportal.ui.managehandovers.view.DetailExecuteHO"}]}
RESULT: {"script":"<script> [1562 bytes]","args":[{"selector":{"id":"receiptDatePicker","viewName":"etm.portal.ui.managehandovers.view.DetailExecuteHO","interaction":{"idSuffix":"inner"}},"wdio_ui5_key":"receiptDatePickeretmportal.ui.managehandovers.view.DetailExecuteHO"}]}
RESULT: undefined
COMMAND: POST /session/c560a4da8281d0ae87757c6686821c71/execute/async - {"script":"<script> [6424 bytes]","args":[{"element-6066-11e4-a52e-4f735466cecf":"f.437C3BD069600255C914999B9931D078.d.AC08D08A8626E75AC93ECA3C845E257C.e.14973"},"setValue",["6/14/25"]]}
RESULT: {"script":"<script> [6424 bytes]","args":[{"element-6066-11e4-a52e-4f735466cecf":"f.437C3BD069600255C914999B9931D078.d.AC08D08A8626E75AC93ECA3C845E257C.e.14973"},"setValue",["6/14/25"]]}
COMMAND: POST /session/c560a4da8281d0ae87757c6686821c71/element - {"using":"xpath","value":"//button[@data-kt=\"ReceivingTableConfirmAllButton\"]"}
RESULT: {"using":"xpath","value":"//button[@data-kt=\"ReceivingTableConfirmAllButton\"]"}
COMMAND: POST /session/c560a4da8281d0ae87757c6686821c71/element/f.437C3BD069600255C914999B9931D078.d.AC08D08A8626E75AC93ECA3C845E257C.e.14986/click - {}
RESULT: {}
COMMAND: GET /session/c560a4da8281d0ae87757c6686821c71/screenshot - {}
RESULT: {}
COMMAND: POST /session/c560a4da8281d0ae87757c6686821c71/element - {"using":"xpath","value":"//bdi[contains(text(), \"OK\")]"}
RESULT: {"using":"xpath","value":"//bdi[contains(text(), \"OK\")]"}
COMMAND: POST /session/c560a4da8281d0ae87757c6686821c71/element/f.437C3BD069600255C914999B9931D078.d.AC08D08A8626E75AC93ECA3C845E257C.e.14988/click - {}
RESULT: {}
COMMAND: GET /session/c560a4da8281d0ae87757c6686821c71/screenshot - {}
RESULT: {}
COMMAND: POST /session/c560a4da8281d0ae87757c6686821c71/element - {"using":"xpath","value":"(//bdi[contains(text(), \"Receive\")])[2]"}
RESULT: {"using":"xpath","value":"(//bdi[contains(text(), \"Receive\")])[2]"}
COMMAND: POST /session/c560a4da8281d0ae87757c6686821c71/element/f.437C3BD069600255C914999B9931D078.d.AC08D08A8626E75AC93ECA3C845E257C.e.14990/click - {}
RESULT: {}
COMMAND: GET /session/c560a4da8281d0ae87757c6686821c71/screenshot - {}
RESULT: {}
COMMAND: POST /session/c560a4da8281d0ae87757c6686821c71/element - {"using":"css selector","value":"#shell-header-logo"}
RESULT: {"using":"css selector","value":"#shell-header-logo"}
COMMAND: POST /session/c560a4da8281d0ae87757c6686821c71/element/f.437C3BD069600255C914999B9931D078.d.AC08D08A8626E75AC93ECA3C845E257C.e.14379/click - {}
RESULT: {}
COMMAND: GET /session/c560a4da8281d0ae87757c6686821c71/screenshot - {}
RESULT: {}
]]></system-out>
    </testcase>
    <testcase classname="chrome.137_0_7151_69.windows.Provide_to_Site_w/o_warehouse_management_w_clarification" name="Should create a new contract" time="65.454">
      <system-out><![CDATA[
COMMAND: POST /session/c560a4da8281d0ae87757c6686821c71/execute/async - {"script":"<script> [1562 bytes]","args":[{"selector":{"controlType":"sap.m.GenericTile","properties":{"header":"Manage Contracts"}},"wdio_ui5_key":"sapm.GenericTile{\"header\":\"Manage Contracts\"}"}]}
RESULT: {"script":"<script> [1562 bytes]","args":[{"selector":{"controlType":"sap.m.GenericTile","properties":{"header":"Manage Contracts"}},"wdio_ui5_key":"sapm.GenericTile{\"header\":\"Manage Contracts\"}"}]}
RESULT: undefined
COMMAND: POST /session/c560a4da8281d0ae87757c6686821c71/element - {"using":"xpath","value":"//*[@id=\"__tile132\"]"}
RESULT: {"using":"xpath","value":"//*[@id=\"__tile132\"]"}
COMMAND: POST /session/c560a4da8281d0ae87757c6686821c71/element/f.437C3BD069600255C914999B9931D078.d.AC08D08A8626E75AC93ECA3C845E257C.e.11528/click - {}
RESULT: {}
COMMAND: GET /session/c560a4da8281d0ae87757c6686821c71/screenshot - {}
RESULT: {}
COMMAND: POST /session/c560a4da8281d0ae87757c6686821c71/elements - {"using":"xpath","value":"//span[text()='Error']"}
RESULT: {"using":"xpath","value":"//span[text()='Error']"}
COMMAND: POST /session/c560a4da8281d0ae87757c6686821c71/element - {"using":"xpath","value":"//button[@data-kt=\"addButton\"]"}
RESULT: {"using":"xpath","value":"//button[@data-kt=\"addButton\"]"}
COMMAND: POST /session/c560a4da8281d0ae87757c6686821c71/elements - {"using":"xpath","value":"//button[@data-kt=\"addButton\"]"}
RESULT: {"using":"xpath","value":"//button[@data-kt=\"addButton\"]"}
COMMAND: POST /session/c560a4da8281d0ae87757c6686821c71/execute/sync - {"script":"<script> [8489 bytes]","args":[{"element-6066-11e4-a52e-4f735466cecf":"f.437C3BD069600255C914999B9931D078.d.AC08D08A8626E75AC93ECA3C845E257C.e.15248","ELEMENT":"f.437C3BD069600255C914999B9931D078.d.AC08D08A8626E75AC93ECA3C845E257C.e.15248"}]}
RESULT: {"script":"<script> [8489 bytes]","args":[{"element-6066-11e4-a52e-4f735466cecf":"f.437C3BD069600255C914999B9931D078.d.AC08D08A8626E75AC93ECA3C845E257C.e.15248","ELEMENT":"f.437C3BD069600255C914999B9931D078.d.AC08D08A8626E75AC93ECA3C845E257C.e.15248"}]}
COMMAND: GET /session/c560a4da8281d0ae87757c6686821c71/element/f.437C3BD069600255C914999B9931D078.d.AC08D08A8626E75AC93ECA3C845E257C.e.15248/enabled - {}
COMMAND: GET /session/c560a4da8281d0ae87757c6686821c71/screenshot - {}
RESULT: {}
COMMAND: POST /session/c560a4da8281d0ae87757c6686821c71/execute/sync - {"script":"<script> [8489 bytes]","args":[{"element-6066-11e4-a52e-4f735466cecf":"f.437C3BD069600255C914999B9931D078.d.AC08D08A8626E75AC93ECA3C845E257C.e.15248","ELEMENT":"f.437C3BD069600255C914999B9931D078.d.AC08D08A8626E75AC93ECA3C845E257C.e.15248"}]}
COMMAND: GET /session/c560a4da8281d0ae87757c6686821c71/screenshot - {}
RESULT: {}
RESULT: {"script":"<script> [8489 bytes]","args":[{"element-6066-11e4-a52e-4f735466cecf":"f.437C3BD069600255C914999B9931D078.d.AC08D08A8626E75AC93ECA3C845E257C.e.15248","ELEMENT":"f.437C3BD069600255C914999B9931D078.d.AC08D08A8626E75AC93ECA3C845E257C.e.15248"}]}
COMMAND: POST /session/c560a4da8281d0ae87757c6686821c71/execute/sync - {"script":"<script> [5351 bytes]","args":[{"element-6066-11e4-a52e-4f735466cecf":"f.437C3BD069600255C914999B9931D078.d.AC08D08A8626E75AC93ECA3C845E257C.e.15248","ELEMENT":"f.437C3BD069600255C914999B9931D078.d.AC08D08A8626E75AC93ECA3C845E257C.e.15248"}]}
COMMAND: GET /session/c560a4da8281d0ae87757c6686821c71/screenshot - {}
RESULT: {}
RESULT: {"script":"<script> [5351 bytes]","args":[{"element-6066-11e4-a52e-4f735466cecf":"f.437C3BD069600255C914999B9931D078.d.AC08D08A8626E75AC93ECA3C845E257C.e.15248","ELEMENT":"f.437C3BD069600255C914999B9931D078.d.AC08D08A8626E75AC93ECA3C845E257C.e.15248"}]}
COMMAND: GET /session/c560a4da8281d0ae87757c6686821c71/screenshot - {}
RESULT: {}
RESULT: {}
COMMAND: POST /session/c560a4da8281d0ae87757c6686821c71/element/f.437C3BD069600255C914999B9931D078.d.AC08D08A8626E75AC93ECA3C845E257C.e.15248/click - {}
RESULT: {}
COMMAND: GET /session/c560a4da8281d0ae87757c6686821c71/screenshot - {}
RESULT: {}
COMMAND: POST /session/c560a4da8281d0ae87757c6686821c71/execute/async - {"script":"<script> [1562 bytes]","args":[{"selector":{"id":"application-managecontracts-display-component---AddNewContract--projectDescription","interaction":{"idSuffix":"inner"}},"wdio_ui5_key":"applicationmanagecontracts-display-component---AddNewContract--projectDescription"}]}
RESULT: {"script":"<script> [1562 bytes]","args":[{"selector":{"id":"application-managecontracts-display-component---AddNewContract--projectDescription","interaction":{"idSuffix":"inner"}},"wdio_ui5_key":"applicationmanagecontracts-display-component---AddNewContract--projectDescription"}]}
RESULT: undefined
COMMAND: POST /session/c560a4da8281d0ae87757c6686821c71/execute/async - {"script":"<script> [776 bytes]","args":[{"enterText":"Contract WDIO","selector":{"id":"application-managecontracts-display-component---AddNewContract--projectDescription","interaction":{"idSuffix":"inner"}},"clearTextFirst":true,"interactionType":"ENTER_TEXT"}]}
RESULT: {"script":"<script> [776 bytes]","args":[{"enterText":"Contract WDIO","selector":{"id":"application-managecontracts-display-component---AddNewContract--projectDescription","interaction":{"idSuffix":"inner"}},"clearTextFirst":true,"interactionType":"ENTER_TEXT"}]}
COMMAND: POST /session/c560a4da8281d0ae87757c6686821c71/element - {"using":"xpath","value":"//input[@id=\"application-managecontracts-display-component---AddNewContract--site-inner\"]"}
RESULT: {"using":"xpath","value":"//input[@id=\"application-managecontracts-display-component---AddNewContract--site-inner\"]"}
COMMAND: POST /session/c560a4da8281d0ae87757c6686821c71/element/f.437C3BD069600255C914999B9931D078.d.AC08D08A8626E75AC93ECA3C845E257C.e.15574/clear - {}
RESULT: {}
COMMAND: POST /session/c560a4da8281d0ae87757c6686821c71/element/f.437C3BD069600255C914999B9931D078.d.AC08D08A8626E75AC93ECA3C845E257C.e.15574/value - {"text":"2107"}
COMMAND: GET /session/c560a4da8281d0ae87757c6686821c71/screenshot - {}
RESULT: {"text":"2107"}
COMMAND: GET /session/c560a4da8281d0ae87757c6686821c71/screenshot - {}
RESULT: {}
RESULT: {}
COMMAND: POST /session/c560a4da8281d0ae87757c6686821c71/element - {"using":"xpath","value":"//li[.//span[text()='2107']]"}
RESULT: {"using":"xpath","value":"//li[.//span[text()='2107']]"}
COMMAND: POST /session/c560a4da8281d0ae87757c6686821c71/element/f.437C3BD069600255C914999B9931D078.d.AC08D08A8626E75AC93ECA3C845E257C.e.15657/click - {}
RESULT: {}
COMMAND: GET /session/c560a4da8281d0ae87757c6686821c71/screenshot - {}
RESULT: {}
COMMAND: POST /session/c560a4da8281d0ae87757c6686821c71/element - {"using":"xpath","value":"//input[@id=\"application-managecontracts-display-component---AddNewContract--yardId-inner\"]"}
RESULT: {"using":"xpath","value":"//input[@id=\"application-managecontracts-display-component---AddNewContract--yardId-inner\"]"}
COMMAND: GET /session/c560a4da8281d0ae87757c6686821c71/element/f.437C3BD069600255C914999B9931D078.d.AC08D08A8626E75AC93ECA3C845E257C.e.15575/property/value - {}
RESULT: {}
COMMAND: POST /session/c560a4da8281d0ae87757c6686821c71/element - {"using":"xpath","value":"//input[@id=\"application-managecontracts-display-component---AddNewContract--customerSelect-inner\"]"}
COMMAND: GET /session/c560a4da8281d0ae87757c6686821c71/screenshot - {}
RESULT: {"using":"xpath","value":"//input[@id=\"application-managecontracts-display-component---AddNewContract--customerSelect-inner\"]"}
COMMAND: POST /session/c560a4da8281d0ae87757c6686821c71/element/f.437C3BD069600255C914999B9931D078.d.AC08D08A8626E75AC93ECA3C845E257C.e.15573/clear - {}
RESULT: {}
RESULT: {}
COMMAND: POST /session/c560a4da8281d0ae87757c6686821c71/element/f.437C3BD069600255C914999B9931D078.d.AC08D08A8626E75AC93ECA3C845E257C.e.15573/value - {"text":"1116"}
COMMAND: GET /session/c560a4da8281d0ae87757c6686821c71/screenshot - {}
RESULT: {"text":"1116"}
COMMAND: GET /session/c560a4da8281d0ae87757c6686821c71/screenshot - {}
RESULT: {}
RESULT: {}
COMMAND: POST /session/c560a4da8281d0ae87757c6686821c71/element - {"using":"xpath","value":"//li[.//span[text()='1116']]"}
RESULT: {"using":"xpath","value":"//li[.//span[text()='1116']]"}
COMMAND: POST /session/c560a4da8281d0ae87757c6686821c71/element/f.437C3BD069600255C914999B9931D078.d.AC08D08A8626E75AC93ECA3C845E257C.e.15660/click - {}
RESULT: {}
COMMAND: GET /session/c560a4da8281d0ae87757c6686821c71/screenshot - {}
RESULT: {}
COMMAND: POST /session/c560a4da8281d0ae87757c6686821c71/element - {"using":"xpath","value":"//button[@data-kt=\"saveButton\"]"}
RESULT: {"using":"xpath","value":"//button[@data-kt=\"saveButton\"]"}
COMMAND: POST /session/c560a4da8281d0ae87757c6686821c71/element/f.437C3BD069600255C914999B9931D078.d.AC08D08A8626E75AC93ECA3C845E257C.e.15648/click - {}
RESULT: {}
COMMAND: GET /session/c560a4da8281d0ae87757c6686821c71/screenshot - {}
RESULT: {}
COMMAND: POST /session/c560a4da8281d0ae87757c6686821c71/element - {"using":"xpath","value":"//span[contains(@id ,\"contractDetailTitleNoExpanded\")]"}
RESULT: {"using":"xpath","value":"//span[contains(@id ,\"contractDetailTitleNoExpanded\")]"}
COMMAND: POST /session/c560a4da8281d0ae87757c6686821c71/elements - {"using":"xpath","value":"//span[contains(@id ,\"contractDetailTitleNoExpanded\")]"}
RESULT: {"using":"xpath","value":"//span[contains(@id ,\"contractDetailTitleNoExpanded\")]"}
COMMAND: POST /session/c560a4da8281d0ae87757c6686821c71/execute/sync - {"script":"<script> [56 bytes]","args":[{"element-6066-11e4-a52e-4f735466cecf":"f.437C3BD069600255C914999B9931D078.d.AC08D08A8626E75AC93ECA3C845E257C.e.15670","ELEMENT":"f.437C3BD069600255C914999B9931D078.d.AC08D08A8626E75AC93ECA3C845E257C.e.15670"}]}
RESULT: {"script":"<script> [56 bytes]","args":[{"element-6066-11e4-a52e-4f735466cecf":"f.437C3BD069600255C914999B9931D078.d.AC08D08A8626E75AC93ECA3C845E257C.e.15670","ELEMENT":"f.437C3BD069600255C914999B9931D078.d.AC08D08A8626E75AC93ECA3C845E257C.e.15670"}]}
COMMAND: GET /session/c560a4da8281d0ae87757c6686821c71/screenshot - {}
RESULT: {}
]]></system-out>
    </testcase>
    <testcase classname="chrome.137_0_7151_69.windows.Provide_to_Site_w/o_warehouse_management_w_clarification" name="Should add equipment to the contract" time="56.618">
      <system-out><![CDATA[
COMMAND: POST /session/c560a4da8281d0ae87757c6686821c71/element - {"using":"xpath","value":"//button[@data-kt=\"contractDetailEditBtnButton\"]"}
RESULT: {"using":"xpath","value":"//button[@data-kt=\"contractDetailEditBtnButton\"]"}
COMMAND: POST /session/c560a4da8281d0ae87757c6686821c71/element/f.437C3BD069600255C914999B9931D078.d.AC08D08A8626E75AC93ECA3C845E257C.e.15672/click - {}
RESULT: {}
COMMAND: GET /session/c560a4da8281d0ae87757c6686821c71/screenshot - {}
RESULT: {}
COMMAND: POST /session/c560a4da8281d0ae87757c6686821c71/element - {"using":"xpath","value":"(//span[contains(text(), \"Additional Addresses\")])[2]"}
RESULT: {"using":"xpath","value":"(//span[contains(text(), \"Additional Addresses\")])[2]"}
COMMAND: POST /session/c560a4da8281d0ae87757c6686821c71/element/f.437C3BD069600255C914999B9931D078.d.AC08D08A8626E75AC93ECA3C845E257C.e.15728/click - {}
RESULT: {}
COMMAND: GET /session/c560a4da8281d0ae87757c6686821c71/screenshot - {}
RESULT: {}
COMMAND: POST /session/c560a4da8281d0ae87757c6686821c71/element - {"using":"xpath","value":"//button[@data-kt=\"btnAddTableRowOverflowToolbarButton\"]"}
RESULT: {"using":"xpath","value":"//button[@data-kt=\"btnAddTableRowOverflowToolbarButton\"]"}
COMMAND: POST /session/c560a4da8281d0ae87757c6686821c71/element/f.437C3BD069600255C914999B9931D078.d.AC08D08A8626E75AC93ECA3C845E257C.e.15731/click - {}
RESULT: {}
COMMAND: GET /session/c560a4da8281d0ae87757c6686821c71/screenshot - {}
RESULT: {}
COMMAND: POST /session/c560a4da8281d0ae87757c6686821c71/element - {"using":"xpath","value":"//div[(text() = 'Standard Entry' or . = 'Standard Entry')]"}
RESULT: {"using":"xpath","value":"//div[(text() = 'Standard Entry' or . = 'Standard Entry')]"}
COMMAND: POST /session/c560a4da8281d0ae87757c6686821c71/element/f.437C3BD069600255C914999B9931D078.d.AC08D08A8626E75AC93ECA3C845E257C.e.15733/click - {}
RESULT: {}
COMMAND: GET /session/c560a4da8281d0ae87757c6686821c71/screenshot - {}
RESULT: {}
COMMAND: POST /session/c560a4da8281d0ae87757c6686821c71/element - {"using":"xpath","value":"//td[6]/div/div/div/span"}
RESULT: {"using":"xpath","value":"//td[6]/div/div/div/span"}
COMMAND: POST /session/c560a4da8281d0ae87757c6686821c71/element/f.437C3BD069600255C914999B9931D078.d.AC08D08A8626E75AC93ECA3C845E257C.e.15745/click - {}
RESULT: {}
COMMAND: GET /session/c560a4da8281d0ae87757c6686821c71/screenshot - {}
RESULT: {}
COMMAND: POST /session/c560a4da8281d0ae87757c6686821c71/element - {"using":"xpath","value":"(//span[contains(text(), \"Material\")])"}
RESULT: {"using":"xpath","value":"(//span[contains(text(), \"Material\")])"}
COMMAND: POST /session/c560a4da8281d0ae87757c6686821c71/element/f.437C3BD069600255C914999B9931D078.d.AC08D08A8626E75AC93ECA3C845E257C.e.15746/click - {}
RESULT: {}
COMMAND: GET /session/c560a4da8281d0ae87757c6686821c71/screenshot - {}
RESULT: {}
COMMAND: POST /session/c560a4da8281d0ae87757c6686821c71/element - {"using":"xpath","value":"//td[7]/div/div/input"}
RESULT: {"using":"xpath","value":"//td[7]/div/div/input"}
COMMAND: POST /session/c560a4da8281d0ae87757c6686821c71/element/f.437C3BD069600255C914999B9931D078.d.AC08D08A8626E75AC93ECA3C845E257C.e.15750/clear - {}
RESULT: {}
COMMAND: POST /session/c560a4da8281d0ae87757c6686821c71/element/f.437C3BD069600255C914999B9931D078.d.AC08D08A8626E75AC93ECA3C845E257C.e.15750/value - {"text":"200140"}
COMMAND: GET /session/c560a4da8281d0ae87757c6686821c71/screenshot - {}
RESULT: {"text":"200140"}
COMMAND: GET /session/c560a4da8281d0ae87757c6686821c71/screenshot - {}
RESULT: {}
RESULT: {}
COMMAND: POST /session/c560a4da8281d0ae87757c6686821c71/actions - {"actions":[{"id":"action48","type":"key","parameters":{},"actions":[{"type":"keyDown","value":""},{"type":"pause","duration":10},{"type":"keyUp","value":""}]}]}
RESULT: {"actions":[{"id":"action48","type":"key","parameters":{},"actions":[{"type":"keyDown","value":""},{"type":"pause","duration":10},{"type":"keyUp","value":""}]}]}
COMMAND: GET /session/c560a4da8281d0ae87757c6686821c71/screenshot - {}
RESULT: {}
COMMAND: POST /session/c560a4da8281d0ae87757c6686821c71/execute/sync - {"script":"<script> [276 bytes]","args":["No pricing information was found"]}
RESULT: {"script":"<script> [276 bytes]","args":["No pricing information was found"]}
COMMAND: POST /session/c560a4da8281d0ae87757c6686821c71/element - {"using":"xpath","value":"//bdi[contains(text(), \"OK\")]"}
COMMAND: GET /session/c560a4da8281d0ae87757c6686821c71/screenshot - {}
RESULT: {"using":"xpath","value":"//bdi[contains(text(), \"OK\")]"}
COMMAND: POST /session/c560a4da8281d0ae87757c6686821c71/element/f.437C3BD069600255C914999B9931D078.d.AC08D08A8626E75AC93ECA3C845E257C.e.15776/click - {}
RESULT: {}
RESULT: {}
COMMAND: GET /session/c560a4da8281d0ae87757c6686821c71/screenshot - {}
RESULT: {}
COMMAND: POST /session/c560a4da8281d0ae87757c6686821c71/element - {"using":"xpath","value":"(//button[@data-kt=\"saveButton\"])[2]"}
RESULT: {"using":"xpath","value":"(//button[@data-kt=\"saveButton\"])[2]"}
COMMAND: POST /session/c560a4da8281d0ae87757c6686821c71/element/f.437C3BD069600255C914999B9931D078.d.AC08D08A8626E75AC93ECA3C845E257C.e.15777/click - {}
RESULT: {}
COMMAND: GET /session/c560a4da8281d0ae87757c6686821c71/screenshot - {}
RESULT: {}
COMMAND: POST /session/c560a4da8281d0ae87757c6686821c71/execute/sync - {"script":"<script> [276 bytes]","args":["Some contract items are having rental validity exceeding header rental validity"]}
RESULT: {"script":"<script> [276 bytes]","args":["Some contract items are having rental validity exceeding header rental validity"]}
COMMAND: GET /session/c560a4da8281d0ae87757c6686821c71/screenshot - {}
RESULT: {}
COMMAND: POST /session/c560a4da8281d0ae87757c6686821c71/element - {"using":"xpath","value":"//span[contains(@id ,\"contractItemsSmartTable-header-inner\")]"}
RESULT: {"using":"xpath","value":"//span[contains(@id ,\"contractItemsSmartTable-header-inner\")]"}
COMMAND: POST /session/c560a4da8281d0ae87757c6686821c71/elements - {"using":"xpath","value":"//span[contains(@id ,\"contractItemsSmartTable-header-inner\")]"}
RESULT: {"using":"xpath","value":"//span[contains(@id ,\"contractItemsSmartTable-header-inner\")]"}
COMMAND: POST /session/c560a4da8281d0ae87757c6686821c71/execute/sync - {"script":"<script> [56 bytes]","args":[{"element-6066-11e4-a52e-4f735466cecf":"f.437C3BD069600255C914999B9931D078.d.AC08D08A8626E75AC93ECA3C845E257C.e.15781","ELEMENT":"f.437C3BD069600255C914999B9931D078.d.AC08D08A8626E75AC93ECA3C845E257C.e.15781"}]}
RESULT: {"script":"<script> [56 bytes]","args":[{"element-6066-11e4-a52e-4f735466cecf":"f.437C3BD069600255C914999B9931D078.d.AC08D08A8626E75AC93ECA3C845E257C.e.15781","ELEMENT":"f.437C3BD069600255C914999B9931D078.d.AC08D08A8626E75AC93ECA3C845E257C.e.15781"}]}
]]></system-out>
    </testcase>
    <testcase classname="chrome.137_0_7151_69.windows.Provide_to_Site_w/o_warehouse_management_w_clarification" name="Should do provide to site" time="142.304">
      <system-out><![CDATA[
COMMAND: POST /session/c560a4da8281d0ae87757c6686821c71/element - {"using":"xpath","value":"//button[@data-kt=\"provideButton\"]"}
COMMAND: GET /session/c560a4da8281d0ae87757c6686821c71/screenshot - {}
RESULT: {"using":"xpath","value":"//button[@data-kt=\"provideButton\"]"}
COMMAND: POST /session/c560a4da8281d0ae87757c6686821c71/element/f.437C3BD069600255C914999B9931D078.d.AC08D08A8626E75AC93ECA3C845E257C.e.15782/click - {}
RESULT: {}
RESULT: {}
COMMAND: GET /session/c560a4da8281d0ae87757c6686821c71/screenshot - {}
RESULT: {}
COMMAND: POST /session/c560a4da8281d0ae87757c6686821c71/element - {"using":"xpath","value":"(//div[contains(@id, \"application-managehandovers-display-component---AddNewHO--oneStep-CbBg\")])"}
RESULT: {"using":"xpath","value":"(//div[contains(@id, \"application-managehandovers-display-component---AddNewHO--oneStep-CbBg\")])"}
COMMAND: POST /session/c560a4da8281d0ae87757c6686821c71/element - {"using":"xpath","value":"(//div[contains(@id, \"application-managehandovers-display-component---AddNewHO--oneStep-CbBg\")])/input"}
RESULT: {"using":"xpath","value":"(//div[contains(@id, \"application-managehandovers-display-component---AddNewHO--oneStep-CbBg\")])/input"}
COMMAND: GET /session/c560a4da8281d0ae87757c6686821c71/element/f.437C3BD069600255C914999B9931D078.d.AC08D08A8626E75AC93ECA3C845E257C.e.15847/attribute/checked - {}
RESULT: {}
RESULT: undefined
COMMAND: POST /session/c560a4da8281d0ae87757c6686821c71/execute/async - {"script":"<script> [6424 bytes]","args":[{"element-6066-11e4-a52e-4f735466cecf":"f.437C3BD069600255C914999B9931D078.d.AC08D08A8626E75AC93ECA3C845E257C.e.14759"},"setValue",["06/14/25"]]}
COMMAND: POST /session/c560a4da8281d0ae87757c6686821c71/element/f.437C3BD069600255C914999B9931D078.d.AC08D08A8626E75AC93ECA3C845E257C.e.16059/click - {}
COMMAND: POST /session/c560a4da8281d0ae87757c6686821c71/execute/async - {"script":"<script> [1562 bytes]","args":[{"selector":{"id":"application-managehandovers-display-component---AddNewHO--dueDate","interaction":{"idSuffix":"inner"}},"wdio_ui5_key":"applicationmanagehandovers-display-component---AddNewHO--dueDate"}]}
RESULT: {}
COMMAND: GET /session/c560a4da8281d0ae87757c6686821c71/screenshot - {}
RESULT: {"script":"<script> [1562 bytes]","args":[{"selector":{"id":"application-managehandovers-display-component---AddNewHO--dueDate","interaction":{"idSuffix":"inner"}},"wdio_ui5_key":"applicationmanagehandovers-display-component---AddNewHO--dueDate"}]}
COMMAND: POST /session/c560a4da8281d0ae87757c6686821c71/execute/async - {"script":"<script> [6424 bytes]","args":[{"element-6066-11e4-a52e-4f735466cecf":"f.437C3BD069600255C914999B9931D078.d.AC08D08A8626E75AC93ECA3C845E257C.e.15845"},"setValue",["06/14/25"]]}
RESULT: {}
RESULT: {"script":"<script> [6424 bytes]","args":[{"element-6066-11e4-a52e-4f735466cecf":"f.437C3BD069600255C914999B9931D078.d.AC08D08A8626E75AC93ECA3C845E257C.e.15845"},"setValue",["06/14/25"]]}
COMMAND: POST /session/c560a4da8281d0ae87757c6686821c71/element - {"using":"xpath","value":"//bdi[contains(text(), \"Instructions\")]"}
RESULT: {"using":"xpath","value":"//bdi[contains(text(), \"Instructions\")]"}
COMMAND: POST /session/c560a4da8281d0ae87757c6686821c71/element/f.437C3BD069600255C914999B9931D078.d.AC08D08A8626E75AC93ECA3C845E257C.e.16061/click - {}
RESULT: {}
COMMAND: GET /session/c560a4da8281d0ae87757c6686821c71/screenshot - {}
RESULT: {}
COMMAND: POST /session/c560a4da8281d0ae87757c6686821c71/element - {"using":"xpath","value":"//button[@data-kt=\"AddNewHOProvideAddItemsButton\"]"}
RESULT: {"using":"xpath","value":"//button[@data-kt=\"AddNewHOProvideAddItemsButton\"]"}
COMMAND: POST /session/c560a4da8281d0ae87757c6686821c71/element/f.437C3BD069600255C914999B9931D078.d.AC08D08A8626E75AC93ECA3C845E257C.e.16066/click - {}
RESULT: {}
COMMAND: GET /session/c560a4da8281d0ae87757c6686821c71/screenshot - {}
RESULT: {}
RESULT: undefined
COMMAND: POST /session/c560a4da8281d0ae87757c6686821c71/element - {"using":"xpath","value":"//*[@id=\"application-managehandovers-display-component---AddNewHO--popup-sa\"]"}
RESULT: {"using":"xpath","value":"//*[@id=\"application-managehandovers-display-component---AddNewHO--popup-sa\"]"}
COMMAND: POST /session/c560a4da8281d0ae87757c6686821c71/element/f.437C3BD069600255C914999B9931D078.d.AC08D08A8626E75AC93ECA3C845E257C.e.16075/click - {}
RESULT: {}
COMMAND: GET /session/c560a4da8281d0ae87757c6686821c71/screenshot - {}
RESULT: {}
COMMAND: POST /session/c560a4da8281d0ae87757c6686821c71/element - {"using":"xpath","value":"//*[contains(@id ,\"BDI-content\")][contains(text(), \"Select\")]"}
RESULT: {"using":"xpath","value":"//*[contains(@id ,\"BDI-content\")][contains(text(), \"Select\")]"}
COMMAND: POST /session/c560a4da8281d0ae87757c6686821c71/element/f.437C3BD069600255C914999B9931D078.d.AC08D08A8626E75AC93ECA3C845E257C.e.16077/click - {}
RESULT: {}
COMMAND: GET /session/c560a4da8281d0ae87757c6686821c71/screenshot - {}
RESULT: {}
COMMAND: POST /session/c560a4da8281d0ae87757c6686821c71/execute/async - {"script":"<script> [1562 bytes]","args":[{"selector":{"id":"application-managehandovers-display-component---AddNewHO--confirmCreationButton","interaction":{"idSuffix":"BDI-content"}},"wdio_ui5_key":"applicationmanagehandovers-display-component---AddNewHO--confirmCreationButton"}]}
RESULT: {"script":"<script> [1562 bytes]","args":[{"selector":{"id":"application-managehandovers-display-component---AddNewHO--confirmCreationButton","interaction":{"idSuffix":"BDI-content"}},"wdio_ui5_key":"applicationmanagehandovers-display-component---AddNewHO--confirmCreationButton"}]}
RESULT: undefined
COMMAND: POST /session/c560a4da8281d0ae87757c6686821c71/element - {"using":"xpath","value":"//*[@id=\"application-managehandovers-display-component---AddNewHO--confirmCreationButton\"]"}
RESULT: {"using":"xpath","value":"//*[@id=\"application-managehandovers-display-component---AddNewHO--confirmCreationButton\"]"}
COMMAND: POST /session/c560a4da8281d0ae87757c6686821c71/element/f.437C3BD069600255C914999B9931D078.d.AC08D08A8626E75AC93ECA3C845E257C.e.16043/click - {}
RESULT: {}
COMMAND: GET /session/c560a4da8281d0ae87757c6686821c71/screenshot - {}
RESULT: {}
COMMAND: POST /session/c560a4da8281d0ae87757c6686821c71/execute/async - {"script":"<script> [1562 bytes]","args":[{"selector":{"id":"issueDatePicker","viewName":"etm.portal.ui.managehandovers.view.DetailExecuteHO","interaction":{"idSuffix":"inner"}},"wdio_ui5_key":"issueDatePickeretmportal.ui.managehandovers.view.DetailExecuteHO"}]}
RESULT: {"script":"<script> [1562 bytes]","args":[{"selector":{"id":"issueDatePicker","viewName":"etm.portal.ui.managehandovers.view.DetailExecuteHO","interaction":{"idSuffix":"inner"}},"wdio_ui5_key":"issueDatePickeretmportal.ui.managehandovers.view.DetailExecuteHO"}]}
RESULT: undefined
COMMAND: POST /session/c560a4da8281d0ae87757c6686821c71/execute/async - {"script":"<script> [776 bytes]","args":[{"enterText":"6/14/25","selector":{"id":"issueDatePicker","viewName":"etm.portal.ui.managehandovers.view.DetailExecuteHO","interaction":{"idSuffix":"inner"}},"clearTextFirst":true,"interactionType":"ENTER_TEXT"}]}
RESULT: {"script":"<script> [776 bytes]","args":[{"enterText":"6/14/25","selector":{"id":"issueDatePicker","viewName":"etm.portal.ui.managehandovers.view.DetailExecuteHO","interaction":{"idSuffix":"inner"}},"clearTextFirst":true,"interactionType":"ENTER_TEXT"}]}
COMMAND: POST /session/c560a4da8281d0ae87757c6686821c71/element - {"using":"xpath","value":"//button[@data-kt=\"PickingTableConfirmAllButton\"]"}
RESULT: {"using":"xpath","value":"//button[@data-kt=\"PickingTableConfirmAllButton\"]"}
COMMAND: POST /session/c560a4da8281d0ae87757c6686821c71/element/f.437C3BD069600255C914999B9931D078.d.AC08D08A8626E75AC93ECA3C845E257C.e.16135/click - {}
RESULT: {}
COMMAND: GET /session/c560a4da8281d0ae87757c6686821c71/screenshot - {}
RESULT: {}
COMMAND: POST /session/c560a4da8281d0ae87757c6686821c71/element - {"using":"xpath","value":"//bdi[contains(text(), \"OK\")]"}
RESULT: {"using":"xpath","value":"//bdi[contains(text(), \"OK\")]"}
COMMAND: POST /session/c560a4da8281d0ae87757c6686821c71/element/f.437C3BD069600255C914999B9931D078.d.AC08D08A8626E75AC93ECA3C845E257C.e.16138/click - {}
RESULT: {}
COMMAND: GET /session/c560a4da8281d0ae87757c6686821c71/screenshot - {}
RESULT: {}
COMMAND: POST /session/c560a4da8281d0ae87757c6686821c71/element - {"using":"xpath","value":"//button[@data-kt=\"execHoPickButton\"]"}
RESULT: {"using":"xpath","value":"//button[@data-kt=\"execHoPickButton\"]"}
COMMAND: POST /session/c560a4da8281d0ae87757c6686821c71/element/f.437C3BD069600255C914999B9931D078.d.AC08D08A8626E75AC93ECA3C845E257C.e.16140/click - {}
RESULT: {}
COMMAND: GET /session/c560a4da8281d0ae87757c6686821c71/screenshot - {}
RESULT: {}
COMMAND: POST /session/c560a4da8281d0ae87757c6686821c71/element - {"using":"xpath","value":"//span[contains(@id ,\"filterItemControl_BASIC-RECEIVE_CONTRACT-vhi\")]"}
RESULT: {"using":"xpath","value":"//span[contains(@id ,\"filterItemControl_BASIC-RECEIVE_CONTRACT-vhi\")]"}
COMMAND: POST /session/c560a4da8281d0ae87757c6686821c71/element/f.437C3BD069600255C914999B9931D078.d.AC08D08A8626E75AC93ECA3C845E257C.e.16425/click - {}
RESULT: {}
COMMAND: GET /session/c560a4da8281d0ae87757c6686821c71/screenshot - {}
RESULT: {}
COMMAND: POST /session/c560a4da8281d0ae87757c6686821c71/execute/async - {"script":"<script> [1562 bytes]","args":[{"selector":{"controlType":"sap.m.SearchField","viewName":"etm.portal.ui.managehandovers.view.MasterHO","bindingPath":{"path":"","propertyPath":"/_BASIC_SEARCH_FIELD","modelName":"fi1t3rM0d31"},"searchOpenDialogs":true,"interaction":{"idSuffix":"I"}},"wdio_ui5_key":"etmportal.ui.managehandovers.view.MasterHOsap.m.SearchField{\"path\":\"\",\"propertyPath\":\"/_BASIC_SEARCH_FIELD\",\"modelName\":\"fi1t3rM0d31\"}"}]}
RESULT: {"script":"<script> [1562 bytes]","args":[{"selector":{"controlType":"sap.m.SearchField","viewName":"etm.portal.ui.managehandovers.view.MasterHO","bindingPath":{"path":"","propertyPath":"/_BASIC_SEARCH_FIELD","modelName":"fi1t3rM0d31"},"searchOpenDialogs":true,"interaction":{"idSuffix":"I"}},"wdio_ui5_key":"etmportal.ui.managehandovers.view.MasterHOsap.m.SearchField{\"path\":\"\",\"propertyPath\":\"/_BASIC_SEARCH_FIELD\",\"modelName\":\"fi1t3rM0d31\"}"}]}
RESULT: undefined
COMMAND: POST /session/c560a4da8281d0ae87757c6686821c71/execute/async - {"script":"<script> [776 bytes]","args":[{"enterText":"10197","selector":{"controlType":"sap.m.SearchField","viewName":"etm.portal.ui.managehandovers.view.MasterHO","bindingPath":{"path":"","propertyPath":"/_BASIC_SEARCH_FIELD","modelName":"fi1t3rM0d31"},"searchOpenDialogs":true,"interaction":{"idSuffix":"I"}},"clearTextFirst":true,"interactionType":"ENTER_TEXT"}]}
RESULT: {"script":"<script> [776 bytes]","args":[{"enterText":"10197","selector":{"controlType":"sap.m.SearchField","viewName":"etm.portal.ui.managehandovers.view.MasterHO","bindingPath":{"path":"","propertyPath":"/_BASIC_SEARCH_FIELD","modelName":"fi1t3rM0d31"},"searchOpenDialogs":true,"interaction":{"idSuffix":"I"}},"clearTextFirst":true,"interactionType":"ENTER_TEXT"}]}
COMMAND: POST /session/c560a4da8281d0ae87757c6686821c71/actions - {"actions":[{"id":"action49","type":"key","parameters":{},"actions":[{"type":"keyDown","value":""},{"type":"pause","duration":10},{"type":"keyUp","value":""}]}]}
RESULT: {"actions":[{"id":"action49","type":"key","parameters":{},"actions":[{"type":"keyDown","value":""},{"type":"pause","duration":10},{"type":"keyUp","value":""}]}]}
COMMAND: GET /session/c560a4da8281d0ae87757c6686821c71/screenshot - {}
RESULT: {}
COMMAND: POST /session/c560a4da8281d0ae87757c6686821c71/element - {"using":"xpath","value":"//div[contains(@id, 'filterItemControl_BASIC-RECEIVE_CONTRACT-valueHelpDialog-table-rowsel0')]"}
RESULT: {"using":"xpath","value":"//div[contains(@id, 'filterItemControl_BASIC-RECEIVE_CONTRACT-valueHelpDialog-table-rowsel0')]"}
COMMAND: POST /session/c560a4da8281d0ae87757c6686821c71/element/f.437C3BD069600255C914999B9931D078.d.AC08D08A8626E75AC93ECA3C845E257C.e.16434/click - {}
RESULT: {}
COMMAND: GET /session/c560a4da8281d0ae87757c6686821c71/screenshot - {}
RESULT: {}
COMMAND: POST /session/c560a4da8281d0ae87757c6686821c71/element - {"using":"xpath","value":"//bdi[contains(text(), \"OK\")]"}
RESULT: {"using":"xpath","value":"//bdi[contains(text(), \"OK\")]"}
COMMAND: POST /session/c560a4da8281d0ae87757c6686821c71/element/f.437C3BD069600255C914999B9931D078.d.AC08D08A8626E75AC93ECA3C845E257C.e.16436/click - {}
RESULT: {}
COMMAND: GET /session/c560a4da8281d0ae87757c6686821c71/screenshot - {}
RESULT: {}
COMMAND: POST /session/c560a4da8281d0ae87757c6686821c71/element - {"using":"xpath","value":"//span[contains(@id, \"smartTable-header-inner\")]"}
RESULT: {"using":"xpath","value":"//span[contains(@id, \"smartTable-header-inner\")]"}
COMMAND: POST /session/c560a4da8281d0ae87757c6686821c71/elements - {"using":"xpath","value":"//span[contains(@id, \"smartTable-header-inner\")]"}
RESULT: {"using":"xpath","value":"//span[contains(@id, \"smartTable-header-inner\")]"}
COMMAND: POST /session/c560a4da8281d0ae87757c6686821c71/execute/sync - {"script":"<script> [56 bytes]","args":[{"element-6066-11e4-a52e-4f735466cecf":"f.437C3BD069600255C914999B9931D078.d.AC08D08A8626E75AC93ECA3C845E257C.e.16463","ELEMENT":"f.437C3BD069600255C914999B9931D078.d.AC08D08A8626E75AC93ECA3C845E257C.e.16463"}]}
RESULT: {"script":"<script> [56 bytes]","args":[{"element-6066-11e4-a52e-4f735466cecf":"f.437C3BD069600255C914999B9931D078.d.AC08D08A8626E75AC93ECA3C845E257C.e.16463","ELEMENT":"f.437C3BD069600255C914999B9931D078.d.AC08D08A8626E75AC93ECA3C845E257C.e.16463"}]}
COMMAND: POST /session/c560a4da8281d0ae87757c6686821c71/element - {"using":"xpath","value":"//table[contains(@id, \"customHandovers\")]//tbody/tr[1]/td[2]/span"}
COMMAND: GET /session/c560a4da8281d0ae87757c6686821c71/screenshot - {}
RESULT: {}
RESULT: {"using":"xpath","value":"//table[contains(@id, \"customHandovers\")]//tbody/tr[1]/td[2]/span"}
COMMAND: POST /session/c560a4da8281d0ae87757c6686821c71/execute/sync - {"script":"<script> [56 bytes]","args":[{"element-6066-11e4-a52e-4f735466cecf":"f.437C3BD069600255C914999B9931D078.d.AC08D08A8626E75AC93ECA3C845E257C.e.16464","ELEMENT":"f.437C3BD069600255C914999B9931D078.d.AC08D08A8626E75AC93ECA3C845E257C.e.16464"}]}
RESULT: {"script":"<script> [56 bytes]","args":[{"element-6066-11e4-a52e-4f735466cecf":"f.437C3BD069600255C914999B9931D078.d.AC08D08A8626E75AC93ECA3C845E257C.e.16464","ELEMENT":"f.437C3BD069600255C914999B9931D078.d.AC08D08A8626E75AC93ECA3C845E257C.e.16464"}]}
COMMAND: POST /session/c560a4da8281d0ae87757c6686821c71/element - {"using":"xpath","value":"(//span[contains(@id, \"imgNav\")])[1]"}
COMMAND: GET /session/c560a4da8281d0ae87757c6686821c71/screenshot - {}
RESULT: {"using":"xpath","value":"(//span[contains(@id, \"imgNav\")])[1]"}
COMMAND: POST /session/c560a4da8281d0ae87757c6686821c71/element/f.437C3BD069600255C914999B9931D078.d.AC08D08A8626E75AC93ECA3C845E257C.e.16460/click - {}
RESULT: {}
RESULT: {}
COMMAND: GET /session/c560a4da8281d0ae87757c6686821c71/screenshot - {}
RESULT: {}
RESULT: undefined
COMMAND: POST /session/c560a4da8281d0ae87757c6686821c71/execute/async - {"script":"<script> [776 bytes]","args":[{"enterText":"6/14/25","selector":{"id":"issueDatePicker","viewName":"etm.portal.ui.managehandovers.view.DetailExecuteHO","interaction":{"idSuffix":"inner"}},"clearTextFirst":true,"interactionType":"ENTER_TEXT"}]}
RESULT: {"script":"<script> [776 bytes]","args":[{"enterText":"6/14/25","selector":{"id":"issueDatePicker","viewName":"etm.portal.ui.managehandovers.view.DetailExecuteHO","interaction":{"idSuffix":"inner"}},"clearTextFirst":true,"interactionType":"ENTER_TEXT"}]}
COMMAND: POST /session/c560a4da8281d0ae87757c6686821c71/element - {"using":"xpath","value":"//button[@data-kt=\"IssuingTableConfirmAllButton\"]"}
RESULT: {"using":"xpath","value":"//button[@data-kt=\"IssuingTableConfirmAllButton\"]"}
COMMAND: POST /session/c560a4da8281d0ae87757c6686821c71/element/f.437C3BD069600255C914999B9931D078.d.AC08D08A8626E75AC93ECA3C845E257C.e.16503/click - {}
RESULT: {}
COMMAND: GET /session/c560a4da8281d0ae87757c6686821c71/screenshot - {}
RESULT: {}
COMMAND: POST /session/c560a4da8281d0ae87757c6686821c71/element - {"using":"xpath","value":"//bdi[contains(text(), \"OK\")]"}
RESULT: {"using":"xpath","value":"//bdi[contains(text(), \"OK\")]"}
COMMAND: POST /session/c560a4da8281d0ae87757c6686821c71/element/f.437C3BD069600255C914999B9931D078.d.AC08D08A8626E75AC93ECA3C845E257C.e.16518/click - {}
RESULT: {}
COMMAND: GET /session/c560a4da8281d0ae87757c6686821c71/screenshot - {}
RESULT: {}
COMMAND: POST /session/c560a4da8281d0ae87757c6686821c71/element - {"using":"xpath","value":"//button[@data-kt=\"execHoIssueButton\"]"}
RESULT: {"using":"xpath","value":"//button[@data-kt=\"execHoIssueButton\"]"}
COMMAND: POST /session/c560a4da8281d0ae87757c6686821c71/element/f.437C3BD069600255C914999B9931D078.d.AC08D08A8626E75AC93ECA3C845E257C.e.16520/click - {}
RESULT: {}
COMMAND: GET /session/c560a4da8281d0ae87757c6686821c71/screenshot - {}
RESULT: {}
COMMAND: POST /session/c560a4da8281d0ae87757c6686821c71/element - {"using":"xpath","value":"//input[contains(@id ,\"smartFilterBar-btnBasicSearch-I\")]"}
RESULT: {"using":"xpath","value":"//input[contains(@id ,\"smartFilterBar-btnBasicSearch-I\")]"}
COMMAND: POST /session/c560a4da8281d0ae87757c6686821c71/elements - {"using":"xpath","value":"//input[contains(@id ,\"smartFilterBar-btnBasicSearch-I\")]"}
RESULT: {"using":"xpath","value":"//input[contains(@id ,\"smartFilterBar-btnBasicSearch-I\")]"}
COMMAND: POST /session/c560a4da8281d0ae87757c6686821c71/execute/sync - {"script":"<script> [8489 bytes]","args":[{"element-6066-11e4-a52e-4f735466cecf":"f.437C3BD069600255C914999B9931D078.d.AC08D08A8626E75AC93ECA3C845E257C.e.15874","ELEMENT":"f.437C3BD069600255C914999B9931D078.d.AC08D08A8626E75AC93ECA3C845E257C.e.15874"}]}
RESULT: {"script":"<script> [8489 bytes]","args":[{"element-6066-11e4-a52e-4f735466cecf":"f.437C3BD069600255C914999B9931D078.d.AC08D08A8626E75AC93ECA3C845E257C.e.15874","ELEMENT":"f.437C3BD069600255C914999B9931D078.d.AC08D08A8626E75AC93ECA3C845E257C.e.15874"}]}
COMMAND: GET /session/c560a4da8281d0ae87757c6686821c71/element/f.437C3BD069600255C914999B9931D078.d.AC08D08A8626E75AC93ECA3C845E257C.e.15874/enabled - {}
COMMAND: GET /session/c560a4da8281d0ae87757c6686821c71/screenshot - {}
RESULT: {}
COMMAND: POST /session/c560a4da8281d0ae87757c6686821c71/element/f.437C3BD069600255C914999B9931D078.d.AC08D08A8626E75AC93ECA3C845E257C.e.15874/clear - {}
COMMAND: GET /session/c560a4da8281d0ae87757c6686821c71/screenshot - {}
RESULT: {}
RESULT: {}
COMMAND: POST /session/c560a4da8281d0ae87757c6686821c71/element/f.437C3BD069600255C914999B9931D078.d.AC08D08A8626E75AC93ECA3C845E257C.e.15874/value - {"text":"30430"}
COMMAND: GET /session/c560a4da8281d0ae87757c6686821c71/screenshot - {}
RESULT: {}
RESULT: {"text":"30430"}
COMMAND: GET /session/c560a4da8281d0ae87757c6686821c71/screenshot - {}
RESULT: {}
RESULT: {}
COMMAND: POST /session/c560a4da8281d0ae87757c6686821c71/actions - {"actions":[{"id":"action50","type":"key","parameters":{},"actions":[{"type":"keyDown","value":""},{"type":"pause","duration":10},{"type":"keyUp","value":""}]}]}
RESULT: {"actions":[{"id":"action50","type":"key","parameters":{},"actions":[{"type":"keyDown","value":""},{"type":"pause","duration":10},{"type":"keyUp","value":""}]}]}
COMMAND: GET /session/c560a4da8281d0ae87757c6686821c71/screenshot - {}
RESULT: {}
COMMAND: POST /session/c560a4da8281d0ae87757c6686821c71/element - {"using":"xpath","value":"//span[contains(@id, \"smartTable-header-inner\")]"}
RESULT: {"using":"xpath","value":"//span[contains(@id, \"smartTable-header-inner\")]"}
COMMAND: POST /session/c560a4da8281d0ae87757c6686821c71/elements - {"using":"xpath","value":"//span[contains(@id, \"smartTable-header-inner\")]"}
RESULT: {"using":"xpath","value":"//span[contains(@id, \"smartTable-header-inner\")]"}
COMMAND: POST /session/c560a4da8281d0ae87757c6686821c71/execute/sync - {"script":"<script> [56 bytes]","args":[{"element-6066-11e4-a52e-4f735466cecf":"f.437C3BD069600255C914999B9931D078.d.AC08D08A8626E75AC93ECA3C845E257C.e.16463","ELEMENT":"f.437C3BD069600255C914999B9931D078.d.AC08D08A8626E75AC93ECA3C845E257C.e.16463"}]}
RESULT: {"script":"<script> [56 bytes]","args":[{"element-6066-11e4-a52e-4f735466cecf":"f.437C3BD069600255C914999B9931D078.d.AC08D08A8626E75AC93ECA3C845E257C.e.16463","ELEMENT":"f.437C3BD069600255C914999B9931D078.d.AC08D08A8626E75AC93ECA3C845E257C.e.16463"}]}
COMMAND: POST /session/c560a4da8281d0ae87757c6686821c71/elements - {"using":"xpath","value":"//thead[contains(@class, \"sapMTableTH\")]/tr/th"}
COMMAND: GET /session/c560a4da8281d0ae87757c6686821c71/screenshot - {}
RESULT: {"using":"xpath","value":"//thead[contains(@class, \"sapMTableTH\")]/tr/th"}
COMMAND: GET /session/c560a4da8281d0ae87757c6686821c71/element/f.437C3BD069600255C914999B9931D078.d.AC08D08A8626E75AC93ECA3C845E257C.e.16568/text - {}
RESULT: {}
RESULT: {}
COMMAND: GET /session/c560a4da8281d0ae87757c6686821c71/element/f.437C3BD069600255C914999B9931D078.d.AC08D08A8626E75AC93ECA3C845E257C.e.16569/text - {}
RESULT: {}
COMMAND: GET /session/c560a4da8281d0ae87757c6686821c71/element/f.437C3BD069600255C914999B9931D078.d.AC08D08A8626E75AC93ECA3C845E257C.e.15890/text - {}
RESULT: {}
COMMAND: GET /session/c560a4da8281d0ae87757c6686821c71/element/f.437C3BD069600255C914999B9931D078.d.AC08D08A8626E75AC93ECA3C845E257C.e.15892/text - {}
RESULT: {}
COMMAND: GET /session/c560a4da8281d0ae87757c6686821c71/element/f.437C3BD069600255C914999B9931D078.d.AC08D08A8626E75AC93ECA3C845E257C.e.16524/text - {}
RESULT: {}
COMMAND: GET /session/c560a4da8281d0ae87757c6686821c71/element/f.437C3BD069600255C914999B9931D078.d.AC08D08A8626E75AC93ECA3C845E257C.e.16525/text - {}
RESULT: {}
COMMAND: GET /session/c560a4da8281d0ae87757c6686821c71/element/f.437C3BD069600255C914999B9931D078.d.AC08D08A8626E75AC93ECA3C845E257C.e.16526/text - {}
RESULT: {}
COMMAND: GET /session/c560a4da8281d0ae87757c6686821c71/element/f.437C3BD069600255C914999B9931D078.d.AC08D08A8626E75AC93ECA3C845E257C.e.16527/text - {}
RESULT: {}
COMMAND: GET /session/c560a4da8281d0ae87757c6686821c71/element/f.437C3BD069600255C914999B9931D078.d.AC08D08A8626E75AC93ECA3C845E257C.e.16528/text - {}
RESULT: {}
COMMAND: GET /session/c560a4da8281d0ae87757c6686821c71/element/f.437C3BD069600255C914999B9931D078.d.AC08D08A8626E75AC93ECA3C845E257C.e.16529/text - {}
RESULT: {}
COMMAND: GET /session/c560a4da8281d0ae87757c6686821c71/element/f.437C3BD069600255C914999B9931D078.d.AC08D08A8626E75AC93ECA3C845E257C.e.16530/text - {}
RESULT: {}
COMMAND: GET /session/c560a4da8281d0ae87757c6686821c71/element/f.437C3BD069600255C914999B9931D078.d.AC08D08A8626E75AC93ECA3C845E257C.e.16531/text - {}
RESULT: {}
COMMAND: GET /session/c560a4da8281d0ae87757c6686821c71/element/f.437C3BD069600255C914999B9931D078.d.AC08D08A8626E75AC93ECA3C845E257C.e.16532/text - {}
RESULT: {}
COMMAND: GET /session/c560a4da8281d0ae87757c6686821c71/element/f.437C3BD069600255C914999B9931D078.d.AC08D08A8626E75AC93ECA3C845E257C.e.15893/text - {}
RESULT: {}
COMMAND: POST /session/c560a4da8281d0ae87757c6686821c71/element - {"using":"xpath","value":"//tbody[contains(@id, \"customHandoversTable-tblBody\")]/tr[1]/td[14]/div/span"}
RESULT: {"using":"xpath","value":"//tbody[contains(@id, \"customHandoversTable-tblBody\")]/tr[1]/td[14]/div/span"}
COMMAND: POST /session/c560a4da8281d0ae87757c6686821c71/execute/sync - {"script":"<script> [56 bytes]","args":[{"element-6066-11e4-a52e-4f735466cecf":"f.437C3BD069600255C914999B9931D078.d.AC08D08A8626E75AC93ECA3C845E257C.e.16619","ELEMENT":"f.437C3BD069600255C914999B9931D078.d.AC08D08A8626E75AC93ECA3C845E257C.e.16619"}]}
RESULT: {"script":"<script> [56 bytes]","args":[{"element-6066-11e4-a52e-4f735466cecf":"f.437C3BD069600255C914999B9931D078.d.AC08D08A8626E75AC93ECA3C845E257C.e.16619","ELEMENT":"f.437C3BD069600255C914999B9931D078.d.AC08D08A8626E75AC93ECA3C845E257C.e.16619"}]}
COMMAND: POST /session/c560a4da8281d0ae87757c6686821c71/element - {"using":"xpath","value":"(//span[contains(@id, \"imgNav\")])[1]"}
COMMAND: GET /session/c560a4da8281d0ae87757c6686821c71/screenshot - {}
RESULT: {"using":"xpath","value":"(//span[contains(@id, \"imgNav\")])[1]"}
COMMAND: POST /session/c560a4da8281d0ae87757c6686821c71/element/f.437C3BD069600255C914999B9931D078.d.AC08D08A8626E75AC93ECA3C845E257C.e.16550/click - {}
RESULT: {}
RESULT: {}
COMMAND: GET /session/c560a4da8281d0ae87757c6686821c71/screenshot - {}
RESULT: {}
RESULT: undefined
COMMAND: POST /session/c560a4da8281d0ae87757c6686821c71/execute/async - {"script":"<script> [776 bytes]","args":[{"enterText":"06/14/25","selector":{"id":"receiptDatePicker","viewName":"etm.portal.ui.managehandovers.view.DetailExecuteHO","interaction":{"idSuffix":"inner"}},"clearTextFirst":true,"interactionType":"ENTER_TEXT"}]}
RESULT: {"script":"<script> [776 bytes]","args":[{"enterText":"06/14/25","selector":{"id":"receiptDatePicker","viewName":"etm.portal.ui.managehandovers.view.DetailExecuteHO","interaction":{"idSuffix":"inner"}},"clearTextFirst":true,"interactionType":"ENTER_TEXT"}]}
COMMAND: POST /session/c560a4da8281d0ae87757c6686821c71/element - {"using":"xpath","value":"//bdi[contains(text(), \"OK\")]"}
RESULT: {"using":"xpath","value":"//bdi[contains(text(), \"OK\")]"}
COMMAND: POST /session/c560a4da8281d0ae87757c6686821c71/element/f.437C3BD069600255C914999B9931D078.d.AC08D08A8626E75AC93ECA3C845E257C.e.16639/click - {}
RESULT: {}
COMMAND: GET /session/c560a4da8281d0ae87757c6686821c71/screenshot - {}
RESULT: {}
COMMAND: POST /session/c560a4da8281d0ae87757c6686821c71/element - {"using":"xpath","value":"//button[@data-kt=\"ReceivingTableConfirmAllButton\"]"}
RESULT: {"using":"xpath","value":"//button[@data-kt=\"ReceivingTableConfirmAllButton\"]"}
COMMAND: POST /session/c560a4da8281d0ae87757c6686821c71/element/f.437C3BD069600255C914999B9931D078.d.AC08D08A8626E75AC93ECA3C845E257C.e.16624/click - {}
RESULT: {}
COMMAND: GET /session/c560a4da8281d0ae87757c6686821c71/screenshot - {}
RESULT: {}
COMMAND: POST /session/c560a4da8281d0ae87757c6686821c71/element - {"using":"xpath","value":"//bdi[contains(text(), \"OK\")]"}
RESULT: {"using":"xpath","value":"//bdi[contains(text(), \"OK\")]"}
COMMAND: POST /session/c560a4da8281d0ae87757c6686821c71/element/f.437C3BD069600255C914999B9931D078.d.AC08D08A8626E75AC93ECA3C845E257C.e.16650/click - {}
RESULT: {}
COMMAND: GET /session/c560a4da8281d0ae87757c6686821c71/screenshot - {}
RESULT: {}
COMMAND: POST /session/c560a4da8281d0ae87757c6686821c71/element - {"using":"xpath","value":"//button[@data-kt= \"execHoReceiveButton\"]"}
RESULT: {"using":"xpath","value":"//button[@data-kt= \"execHoReceiveButton\"]"}
COMMAND: POST /session/c560a4da8281d0ae87757c6686821c71/element/f.437C3BD069600255C914999B9931D078.d.AC08D08A8626E75AC93ECA3C845E257C.e.16652/click - {}
RESULT: {}
COMMAND: GET /session/c560a4da8281d0ae87757c6686821c71/screenshot - {}
RESULT: {}
COMMAND: POST /session/c560a4da8281d0ae87757c6686821c71/element - {"using":"xpath","value":"//input[contains(@id ,\"smartFilterBar-btnBasicSearch-I\")]"}
RESULT: {"using":"xpath","value":"//input[contains(@id ,\"smartFilterBar-btnBasicSearch-I\")]"}
COMMAND: POST /session/c560a4da8281d0ae87757c6686821c71/elements - {"using":"xpath","value":"//input[contains(@id ,\"smartFilterBar-btnBasicSearch-I\")]"}
RESULT: {"using":"xpath","value":"//input[contains(@id ,\"smartFilterBar-btnBasicSearch-I\")]"}
COMMAND: POST /session/c560a4da8281d0ae87757c6686821c71/execute/sync - {"script":"<script> [8489 bytes]","args":[{"element-6066-11e4-a52e-4f735466cecf":"f.437C3BD069600255C914999B9931D078.d.AC08D08A8626E75AC93ECA3C845E257C.e.15874","ELEMENT":"f.437C3BD069600255C914999B9931D078.d.AC08D08A8626E75AC93ECA3C845E257C.e.15874"}]}
RESULT: {"script":"<script> [8489 bytes]","args":[{"element-6066-11e4-a52e-4f735466cecf":"f.437C3BD069600255C914999B9931D078.d.AC08D08A8626E75AC93ECA3C845E257C.e.15874","ELEMENT":"f.437C3BD069600255C914999B9931D078.d.AC08D08A8626E75AC93ECA3C845E257C.e.15874"}]}
COMMAND: GET /session/c560a4da8281d0ae87757c6686821c71/element/f.437C3BD069600255C914999B9931D078.d.AC08D08A8626E75AC93ECA3C845E257C.e.15874/enabled - {}
COMMAND: GET /session/c560a4da8281d0ae87757c6686821c71/screenshot - {}
RESULT: {}
COMMAND: POST /session/c560a4da8281d0ae87757c6686821c71/element/f.437C3BD069600255C914999B9931D078.d.AC08D08A8626E75AC93ECA3C845E257C.e.15874/clear - {}
COMMAND: GET /session/c560a4da8281d0ae87757c6686821c71/screenshot - {}
RESULT: {}
RESULT: {}
COMMAND: POST /session/c560a4da8281d0ae87757c6686821c71/element/f.437C3BD069600255C914999B9931D078.d.AC08D08A8626E75AC93ECA3C845E257C.e.15874/value - {"text":"30430"}
COMMAND: GET /session/c560a4da8281d0ae87757c6686821c71/screenshot - {}
RESULT: {}
RESULT: {"text":"30430"}
COMMAND: GET /session/c560a4da8281d0ae87757c6686821c71/screenshot - {}
RESULT: {}
RESULT: {}
COMMAND: POST /session/c560a4da8281d0ae87757c6686821c71/actions - {"actions":[{"id":"action51","type":"key","parameters":{},"actions":[{"type":"keyDown","value":""},{"type":"pause","duration":10},{"type":"keyUp","value":""}]}]}
RESULT: {"actions":[{"id":"action51","type":"key","parameters":{},"actions":[{"type":"keyDown","value":""},{"type":"pause","duration":10},{"type":"keyUp","value":""}]}]}
COMMAND: GET /session/c560a4da8281d0ae87757c6686821c71/screenshot - {}
RESULT: {}
COMMAND: POST /session/c560a4da8281d0ae87757c6686821c71/element - {"using":"xpath","value":"//span[contains(@id, \"smartTable-header-inner\")]"}
RESULT: {"using":"xpath","value":"//span[contains(@id, \"smartTable-header-inner\")]"}
COMMAND: POST /session/c560a4da8281d0ae87757c6686821c71/elements - {"using":"xpath","value":"//span[contains(@id, \"smartTable-header-inner\")]"}
RESULT: {"using":"xpath","value":"//span[contains(@id, \"smartTable-header-inner\")]"}
COMMAND: POST /session/c560a4da8281d0ae87757c6686821c71/execute/sync - {"script":"<script> [56 bytes]","args":[{"element-6066-11e4-a52e-4f735466cecf":"f.437C3BD069600255C914999B9931D078.d.AC08D08A8626E75AC93ECA3C845E257C.e.16463","ELEMENT":"f.437C3BD069600255C914999B9931D078.d.AC08D08A8626E75AC93ECA3C845E257C.e.16463"}]}
RESULT: {"script":"<script> [56 bytes]","args":[{"element-6066-11e4-a52e-4f735466cecf":"f.437C3BD069600255C914999B9931D078.d.AC08D08A8626E75AC93ECA3C845E257C.e.16463","ELEMENT":"f.437C3BD069600255C914999B9931D078.d.AC08D08A8626E75AC93ECA3C845E257C.e.16463"}]}
COMMAND: POST /session/c560a4da8281d0ae87757c6686821c71/elements - {"using":"xpath","value":"//thead[contains(@class, \"sapMTableTH\")]/tr/th"}
COMMAND: GET /session/c560a4da8281d0ae87757c6686821c71/screenshot - {}
RESULT: {"using":"xpath","value":"//thead[contains(@class, \"sapMTableTH\")]/tr/th"}
COMMAND: GET /session/c560a4da8281d0ae87757c6686821c71/element/f.437C3BD069600255C914999B9931D078.d.AC08D08A8626E75AC93ECA3C845E257C.e.16568/text - {}
RESULT: {}
RESULT: {}
COMMAND: GET /session/c560a4da8281d0ae87757c6686821c71/element/f.437C3BD069600255C914999B9931D078.d.AC08D08A8626E75AC93ECA3C845E257C.e.16569/text - {}
RESULT: {}
COMMAND: GET /session/c560a4da8281d0ae87757c6686821c71/element/f.437C3BD069600255C914999B9931D078.d.AC08D08A8626E75AC93ECA3C845E257C.e.15890/text - {}
RESULT: {}
COMMAND: GET /session/c560a4da8281d0ae87757c6686821c71/element/f.437C3BD069600255C914999B9931D078.d.AC08D08A8626E75AC93ECA3C845E257C.e.15892/text - {}
RESULT: {}
COMMAND: GET /session/c560a4da8281d0ae87757c6686821c71/element/f.437C3BD069600255C914999B9931D078.d.AC08D08A8626E75AC93ECA3C845E257C.e.16658/text - {}
RESULT: {}
COMMAND: GET /session/c560a4da8281d0ae87757c6686821c71/element/f.437C3BD069600255C914999B9931D078.d.AC08D08A8626E75AC93ECA3C845E257C.e.16659/text - {}
RESULT: {}
COMMAND: GET /session/c560a4da8281d0ae87757c6686821c71/element/f.437C3BD069600255C914999B9931D078.d.AC08D08A8626E75AC93ECA3C845E257C.e.16660/text - {}
RESULT: {}
COMMAND: GET /session/c560a4da8281d0ae87757c6686821c71/element/f.437C3BD069600255C914999B9931D078.d.AC08D08A8626E75AC93ECA3C845E257C.e.16661/text - {}
RESULT: {}
COMMAND: GET /session/c560a4da8281d0ae87757c6686821c71/element/f.437C3BD069600255C914999B9931D078.d.AC08D08A8626E75AC93ECA3C845E257C.e.16662/text - {}
RESULT: {}
COMMAND: GET /session/c560a4da8281d0ae87757c6686821c71/element/f.437C3BD069600255C914999B9931D078.d.AC08D08A8626E75AC93ECA3C845E257C.e.16663/text - {}
RESULT: {}
COMMAND: GET /session/c560a4da8281d0ae87757c6686821c71/element/f.437C3BD069600255C914999B9931D078.d.AC08D08A8626E75AC93ECA3C845E257C.e.16664/text - {}
RESULT: {}
COMMAND: GET /session/c560a4da8281d0ae87757c6686821c71/element/f.437C3BD069600255C914999B9931D078.d.AC08D08A8626E75AC93ECA3C845E257C.e.16665/text - {}
RESULT: {}
COMMAND: GET /session/c560a4da8281d0ae87757c6686821c71/element/f.437C3BD069600255C914999B9931D078.d.AC08D08A8626E75AC93ECA3C845E257C.e.16666/text - {}
RESULT: {}
COMMAND: GET /session/c560a4da8281d0ae87757c6686821c71/element/f.437C3BD069600255C914999B9931D078.d.AC08D08A8626E75AC93ECA3C845E257C.e.15893/text - {}
RESULT: {}
COMMAND: POST /session/c560a4da8281d0ae87757c6686821c71/element - {"using":"xpath","value":"//tbody[contains(@id, \"customHandoversTable-tblBody\")]/tr[1]/td[14]/div/span"}
RESULT: {"using":"xpath","value":"//tbody[contains(@id, \"customHandoversTable-tblBody\")]/tr[1]/td[14]/div/span"}
COMMAND: POST /session/c560a4da8281d0ae87757c6686821c71/execute/sync - {"script":"<script> [56 bytes]","args":[{"element-6066-11e4-a52e-4f735466cecf":"f.437C3BD069600255C914999B9931D078.d.AC08D08A8626E75AC93ECA3C845E257C.e.16708","ELEMENT":"f.437C3BD069600255C914999B9931D078.d.AC08D08A8626E75AC93ECA3C845E257C.e.16708"}]}
RESULT: {"script":"<script> [56 bytes]","args":[{"element-6066-11e4-a52e-4f735466cecf":"f.437C3BD069600255C914999B9931D078.d.AC08D08A8626E75AC93ECA3C845E257C.e.16708","ELEMENT":"f.437C3BD069600255C914999B9931D078.d.AC08D08A8626E75AC93ECA3C845E257C.e.16708"}]}
]]></system-out>
    </testcase>
    <testcase classname="chrome.137_0_7151_69.windows.Provide_to_Site_w/o_warehouse_management_w_clarification" name="Should Test for Handover Execution" time="13.894">
      <system-out><![CDATA[
COMMAND: POST /session/c560a4da8281d0ae87757c6686821c71/element - {"using":"xpath","value":"(//span[contains(@id, \"imgNav\")])[1]"}
COMMAND: GET /session/c560a4da8281d0ae87757c6686821c71/screenshot - {}
RESULT: {"using":"xpath","value":"(//span[contains(@id, \"imgNav\")])[1]"}
COMMAND: POST /session/c560a4da8281d0ae87757c6686821c71/element/f.437C3BD069600255C914999B9931D078.d.AC08D08A8626E75AC93ECA3C845E257C.e.16709/click - {}
RESULT: {}
RESULT: {}
COMMAND: GET /session/c560a4da8281d0ae87757c6686821c71/screenshot - {}
RESULT: {}
COMMAND: POST /session/c560a4da8281d0ae87757c6686821c71/element - {"using":"css selector","value":"#shell-header-logo"}
RESULT: {"using":"css selector","value":"#shell-header-logo"}
COMMAND: POST /session/c560a4da8281d0ae87757c6686821c71/element/f.437C3BD069600255C914999B9931D078.d.AC08D08A8626E75AC93ECA3C845E257C.e.15205/click - {}
RESULT: {}
COMMAND: GET /session/c560a4da8281d0ae87757c6686821c71/screenshot - {}
RESULT: {}
]]></system-out>
    </testcase>
    <testcase classname="chrome.137_0_7151_69.windows.Provide_to_Site_w/o_warehouse_management_w_clarification" name="Should test for Clarification" time="0.003">
      <system-out><![CDATA[
COMMAND: POST /session/c560a4da8281d0ae87757c6686821c71/element - {"using":"css selector","value":"#j_username"}
COMMAND: POST /session/c560a4da8281d0ae87757c6686821c71/url - {"url":"https://qa-testing-00-live-etm-ui.cfapps.eu10-004.hana.ondemand.com/"}
RESULT: {"using":"css selector","value":"#j_username"}
COMMAND: POST /session/c560a4da8281d0ae87757c6686821c71/element - {"using":"css selector","value":"#j_username"}
RESULT: {"url":"https://qa-testing-00-live-etm-ui.cfapps.eu10-004.hana.ondemand.com/"}
RESULT: undefined
COMMAND: GET /session/c560a4da8281d0ae87757c6686821c71/screenshot - {}
RESULT: {"using":"css selector","value":"#j_username"}
COMMAND: POST /session/c560a4da8281d0ae87757c6686821c71/element - {"using":"css selector","value":"#shell-header-logo"}
RESULT: {}
RESULT: {"using":"css selector","value":"#shell-header-logo"}
COMMAND: POST /session/c560a4da8281d0ae87757c6686821c71/execute/sync - {"script":"<script> [8489 bytes]","args":[{"element-6066-11e4-a52e-4f735466cecf":"f.437C3BD069600255C914999B9931D078.d.5DFE16B4551F7C1A40A16DC9FBB3910F.e.16762","ELEMENT":"f.437C3BD069600255C914999B9931D078.d.5DFE16B4551F7C1A40A16DC9FBB3910F.e.16762"}]}
RESULT: {"script":"<script> [8489 bytes]","args":[{"element-6066-11e4-a52e-4f735466cecf":"f.437C3BD069600255C914999B9931D078.d.5DFE16B4551F7C1A40A16DC9FBB3910F.e.16762","ELEMENT":"f.437C3BD069600255C914999B9931D078.d.5DFE16B4551F7C1A40A16DC9FBB3910F.e.16762"}]}
COMMAND: POST /session/c560a4da8281d0ae87757c6686821c71/element - {"using":"css selector","value":"#shell-header-logo"}
COMMAND: GET /session/c560a4da8281d0ae87757c6686821c71/screenshot - {}
RESULT: {"using":"css selector","value":"#shell-header-logo"}
COMMAND: POST /session/c560a4da8281d0ae87757c6686821c71/execute/sync - {"script":"<script> [8489 bytes]","args":[{"element-6066-11e4-a52e-4f735466cecf":"f.437C3BD069600255C914999B9931D078.d.5DFE16B4551F7C1A40A16DC9FBB3910F.e.16762","ELEMENT":"f.437C3BD069600255C914999B9931D078.d.5DFE16B4551F7C1A40A16DC9FBB3910F.e.16762"}]}
RESULT: {}
RESULT: {"script":"<script> [8489 bytes]","args":[{"element-6066-11e4-a52e-4f735466cecf":"f.437C3BD069600255C914999B9931D078.d.5DFE16B4551F7C1A40A16DC9FBB3910F.e.16762","ELEMENT":"f.437C3BD069600255C914999B9931D078.d.5DFE16B4551F7C1A40A16DC9FBB3910F.e.16762"}]}
COMMAND: POST /session/c560a4da8281d0ae87757c6686821c71/execute/sync - {"script":"<script> [5351 bytes]","args":[{"element-6066-11e4-a52e-4f735466cecf":"f.437C3BD069600255C914999B9931D078.d.5DFE16B4551F7C1A40A16DC9FBB3910F.e.16762","ELEMENT":"f.437C3BD069600255C914999B9931D078.d.5DFE16B4551F7C1A40A16DC9FBB3910F.e.16762"}]}
COMMAND: GET /session/c560a4da8281d0ae87757c6686821c71/screenshot - {}
RESULT: {"script":"<script> [5351 bytes]","args":[{"element-6066-11e4-a52e-4f735466cecf":"f.437C3BD069600255C914999B9931D078.d.5DFE16B4551F7C1A40A16DC9FBB3910F.e.16762","ELEMENT":"f.437C3BD069600255C914999B9931D078.d.5DFE16B4551F7C1A40A16DC9FBB3910F.e.16762"}]}
COMMAND: POST /session/c560a4da8281d0ae87757c6686821c71/element - {"using":"css selector","value":"#shell-header-logo"}
COMMAND: GET /session/c560a4da8281d0ae87757c6686821c71/screenshot - {}
RESULT: {}
RESULT: {"using":"css selector","value":"#shell-header-logo"}
COMMAND: POST /session/c560a4da8281d0ae87757c6686821c71/element/f.437C3BD069600255C914999B9931D078.d.5DFE16B4551F7C1A40A16DC9FBB3910F.e.16762/click - {}
RESULT: {}
RESULT: {}
COMMAND: GET /session/c560a4da8281d0ae87757c6686821c71/screenshot - {}
RESULT: {}
COMMAND: POST /session/c560a4da8281d0ae87757c6686821c71/execute/async - {"script":"<script> [189 bytes]","args":[]}
RESULT: {"script":"<script> [189 bytes]","args":[]}
COMMAND: POST /session/c560a4da8281d0ae87757c6686821c71/execute/async - {"script":"<script> [123 bytes]","args":[]}
RESULT: {"script":"<script> [123 bytes]","args":[]}
COMMAND: POST /session/c560a4da8281d0ae87757c6686821c71/timeouts - {"script":"<number>"}
RESULT: {"script":"<number>"}
COMMAND: GET /session/c560a4da8281d0ae87757c6686821c71/timeouts - {}
RESULT: {}
RESULT: undefined
COMMAND: POST /session/c560a4da8281d0ae87757c6686821c71/execute/async - {"script":"<script> [2676 bytes]","args":[]}
RESULT: {"script":"<script> [2676 bytes]","args":[]}
COMMAND: POST /session/c560a4da8281d0ae87757c6686821c71/execute/async - {"script":"<script> [2342 bytes]","args":[{"protocol":"http","hostname":"0.0.0.0","path":"/","capabilities":{"browserName":"chrome","goog:chromeOptions":{"binary":"C:\\Program Files\\Google\\Chrome\\Application\\chrome.exe","args":["--start-maximized"]}},"logLevel":"warn","connectionRetryTimeout":120000,"connectionRetryCount":3,"logLevels":{},"enableDirectConnect":true,"strictSSL":true,"_":"65 more keys: [\"cacheDir\",\"port\",\"requestedCapabilities\",\"automationProtocol\",\"baseUrl\",\"waitforInterval\",\"waitforTimeout\",\"onReload\",\"beforeCommand\",\"afterCommand\",\"rootDir\",\"specs\",\"suites\",\"exclude\",\"groupLogsByTestSpec\",\"excludeDriverLogs\",\"bail\",\"framework\",\"reporters\",\"services\",\"maxInstances\",\"maxInstancesPerCapability\",\"injectGlobals\",\"filesToWatch\",\"execArgv\",\"runnerEnv\",\"runner\",\"shard\",\"specFileRetries\",\"specFileRetriesDelay\",\"specFileRetriesDeferred\",\"reporterSyncInterval\",\"reporterSyncTimeout\",\"cucumberFeaturesWithLineNumbers\",\"autoCompileOpts\",\"mochaOpts\",\"jasmineOpts\",\"cucumberOpts\",\"onPrepare\",\"onWorkerStart\",\"onWorkerEnd\",\"before\",\"beforeSession\",\"beforeSuite\",\"beforeHook\",\"beforeTest\",\"afterTest\",\"afterHook\",\"afterSuite\",\"afterSession\",\"after\",\"onComplete\",\"beforeAssertion\",\"afterAssertion\",\"beforeFeature\",\"beforeScenario\",\"beforeStep\",\"afterStep\",\"afterScenario\",\"afterFeature\",\"_\",\"suite\",\"$0\",\"ignoredWorkerServices\",\"wdi5\"]"}]}
RESULT: {"script":"<script> [2342 bytes]","args":[{"protocol":"http","hostname":"0.0.0.0","path":"/","capabilities":{"browserName":"chrome","goog:chromeOptions":{"binary":"C:\\Program Files\\Google\\Chrome\\Application\\chrome.exe","args":["--start-maximized"]}},"logLevel":"warn","connectionRetryTimeout":120000,"connectionRetryCount":3,"logLevels":{},"enableDirectConnect":true,"strictSSL":true,"_":"65 more keys: [\"cacheDir\",\"port\",\"requestedCapabilities\",\"automationProtocol\",\"baseUrl\",\"waitforInterval\",\"waitforTimeout\",\"onReload\",\"beforeCommand\",\"afterCommand\",\"rootDir\",\"specs\",\"suites\",\"exclude\",\"groupLogsByTestSpec\",\"excludeDriverLogs\",\"bail\",\"framework\",\"reporters\",\"services\",\"maxInstances\",\"maxInstancesPerCapability\",\"injectGlobals\",\"filesToWatch\",\"execArgv\",\"runnerEnv\",\"runner\",\"shard\",\"specFileRetries\",\"specFileRetriesDelay\",\"specFileRetriesDeferred\",\"reporterSyncInterval\",\"reporterSyncTimeout\",\"cucumberFeaturesWithLineNumbers\",\"autoCompileOpts\",\"mochaOpts\",\"jasmineOpts\",\"cucumberOpts\",\"onPrepare\",\"onWorkerStart\",\"onWorkerEnd\",\"before\",\"beforeSession\",\"beforeSuite\",\"beforeHook\",\"beforeTest\",\"afterTest\",\"afterHook\",\"afterSuite\",\"afterSession\",\"after\",\"onComplete\",\"beforeAssertion\",\"afterAssertion\",\"beforeFeature\",\"beforeScenario\",\"beforeStep\",\"afterStep\",\"afterScenario\",\"afterFeature\",\"_\",\"suite\",\"$0\",\"ignoredWorkerServices\",\"wdi5\"]"}]}
COMMAND: POST /session/c560a4da8281d0ae87757c6686821c71/execute/async - {"script":"<script> [21126 bytes]","args":[35000]}
RESULT: {"script":"<script> [21126 bytes]","args":[35000]}
COMMAND: POST /session/c560a4da8281d0ae87757c6686821c71/window/maximize - {}
RESULT: {}
COMMAND: POST /session/c560a4da8281d0ae87757c6686821c71/execute/async - {"script":"<script> [1562 bytes]","args":[{"selector":{"id":"shell-header","interaction":{"idSuffix":"icon"}},"wdio_ui5_key":"shellheader"}]}
COMMAND: GET /session/c560a4da8281d0ae87757c6686821c71/screenshot - {}
RESULT: undefined
RESULT: {"script":"<script> [1562 bytes]","args":[{"selector":{"id":"shell-header","interaction":{"idSuffix":"icon"}},"wdio_ui5_key":"shellheader"}]}
RESULT: undefined
COMMAND: POST /session/c560a4da8281d0ae87757c6686821c71/window/fullscreen - {}
RESULT: {}
RESULT: {}
]]></system-out>
    </testcase>
  </testsuite>
  <testsuite timestamp="2025-06-14T17:03:39" time="147.045" tests="4" failures="0" errors="0" skipped="0">
    <properties>
      <property name="specId" value="0"/>
      <property name="suiteName" value="Provide to Site w/o warehouse management w/o clarification US116612"/>
      <property name="capabilities" value="chrome.137_0_7151_69.windows"/>
      <property name="file" value="file:///D:/a/1/s/test/specs/HTR/provide-to-site-wo-warehouse-wo-clarification.spec.js"/>
    </properties>
    <testcase classname="chrome.137_0_7151_69.windows.Provide_to_Site_w/o_warehouse_management_w/o_clarification_US116612" name="Should create a new yard" time="0.01">
      <system-out><![CDATA[
COMMAND: POST /session/c560a4da8281d0ae87757c6686821c71/window/fullscreen - {}
RESULT: {}
]]></system-out>
    </testcase>
    <testcase classname="chrome.137_0_7151_69.windows.Provide_to_Site_w/o_warehouse_management_w/o_clarification_US116612" name="Should create a new external partner" time="0.003"/>
    <testcase classname="chrome.137_0_7151_69.windows.Provide_to_Site_w/o_warehouse_management_w/o_clarification_US116612" name="Should create a new site" time="0.002"/>
    <testcase classname="chrome.137_0_7151_69.windows.Provide_to_Site_w/o_warehouse_management_w/o_clarification_US116612" name="Should create a new material" time="130.162">
      <system-out><![CDATA[
COMMAND: POST /session/c560a4da8281d0ae87757c6686821c71/execute/async - {"script":"<script> [1562 bytes]","args":[{"selector":{"controlType":"sap.m.GenericTile","properties":{"header":"Manage Resources"}},"wdio_ui5_key":"sapm.GenericTile{\"header\":\"Manage Resources\"}"}]}
RESULT: {"script":"<script> [1562 bytes]","args":[{"selector":{"controlType":"sap.m.GenericTile","properties":{"header":"Manage Resources"}},"wdio_ui5_key":"sapm.GenericTile{\"header\":\"Manage Resources\"}"}]}
RESULT: undefined
COMMAND: POST /session/c560a4da8281d0ae87757c6686821c71/element - {"using":"xpath","value":"//*[@id=\"__tile32\"]"}
RESULT: {"using":"xpath","value":"//*[@id=\"__tile32\"]"}
COMMAND: POST /session/c560a4da8281d0ae87757c6686821c71/element/f.437C3BD069600255C914999B9931D078.d.5DFE16B4551F7C1A40A16DC9FBB3910F.e.16781/click - {}
RESULT: {}
COMMAND: GET /session/c560a4da8281d0ae87757c6686821c71/screenshot - {}
RESULT: {}
COMMAND: POST /session/c560a4da8281d0ae87757c6686821c71/elements - {"using":"xpath","value":"//span[text()='Error']"}
RESULT: {"using":"xpath","value":"//span[text()='Error']"}
COMMAND: POST /session/c560a4da8281d0ae87757c6686821c71/element - {"using":"xpath","value":"//button[@data-kt=\"addNewRUOverflowToolbarButton\"]"}
RESULT: {"using":"xpath","value":"//button[@data-kt=\"addNewRUOverflowToolbarButton\"]"}
COMMAND: POST /session/c560a4da8281d0ae87757c6686821c71/elements - {"using":"xpath","value":"//button[@data-kt=\"addNewRUOverflowToolbarButton\"]"}
RESULT: {"using":"xpath","value":"//button[@data-kt=\"addNewRUOverflowToolbarButton\"]"}
COMMAND: POST /session/c560a4da8281d0ae87757c6686821c71/execute/sync - {"script":"<script> [8489 bytes]","args":[{"element-6066-11e4-a52e-4f735466cecf":"f.437C3BD069600255C914999B9931D078.d.5DFE16B4551F7C1A40A16DC9FBB3910F.e.16912","ELEMENT":"f.437C3BD069600255C914999B9931D078.d.5DFE16B4551F7C1A40A16DC9FBB3910F.e.16912"}]}
RESULT: {"script":"<script> [8489 bytes]","args":[{"element-6066-11e4-a52e-4f735466cecf":"f.437C3BD069600255C914999B9931D078.d.5DFE16B4551F7C1A40A16DC9FBB3910F.e.16912","ELEMENT":"f.437C3BD069600255C914999B9931D078.d.5DFE16B4551F7C1A40A16DC9FBB3910F.e.16912"}]}
COMMAND: GET /session/c560a4da8281d0ae87757c6686821c71/element/f.437C3BD069600255C914999B9931D078.d.5DFE16B4551F7C1A40A16DC9FBB3910F.e.16912/enabled - {}
COMMAND: GET /session/c560a4da8281d0ae87757c6686821c71/screenshot - {}
RESULT: {}
COMMAND: POST /session/c560a4da8281d0ae87757c6686821c71/execute/sync - {"script":"<script> [8489 bytes]","args":[{"element-6066-11e4-a52e-4f735466cecf":"f.437C3BD069600255C914999B9931D078.d.5DFE16B4551F7C1A40A16DC9FBB3910F.e.16912","ELEMENT":"f.437C3BD069600255C914999B9931D078.d.5DFE16B4551F7C1A40A16DC9FBB3910F.e.16912"}]}
COMMAND: GET /session/c560a4da8281d0ae87757c6686821c71/screenshot - {}
RESULT: {}
RESULT: {"script":"<script> [8489 bytes]","args":[{"element-6066-11e4-a52e-4f735466cecf":"f.437C3BD069600255C914999B9931D078.d.5DFE16B4551F7C1A40A16DC9FBB3910F.e.16912","ELEMENT":"f.437C3BD069600255C914999B9931D078.d.5DFE16B4551F7C1A40A16DC9FBB3910F.e.16912"}]}
COMMAND: POST /session/c560a4da8281d0ae87757c6686821c71/execute/sync - {"script":"<script> [5351 bytes]","args":[{"element-6066-11e4-a52e-4f735466cecf":"f.437C3BD069600255C914999B9931D078.d.5DFE16B4551F7C1A40A16DC9FBB3910F.e.16912","ELEMENT":"f.437C3BD069600255C914999B9931D078.d.5DFE16B4551F7C1A40A16DC9FBB3910F.e.16912"}]}
COMMAND: GET /session/c560a4da8281d0ae87757c6686821c71/screenshot - {}
RESULT: {}
RESULT: {"script":"<script> [5351 bytes]","args":[{"element-6066-11e4-a52e-4f735466cecf":"f.437C3BD069600255C914999B9931D078.d.5DFE16B4551F7C1A40A16DC9FBB3910F.e.16912","ELEMENT":"f.437C3BD069600255C914999B9931D078.d.5DFE16B4551F7C1A40A16DC9FBB3910F.e.16912"}]}
COMMAND: POST /session/c560a4da8281d0ae87757c6686821c71/element/f.437C3BD069600255C914999B9931D078.d.5DFE16B4551F7C1A40A16DC9FBB3910F.e.16912/click - {}
COMMAND: GET /session/c560a4da8281d0ae87757c6686821c71/screenshot - {}
RESULT: {}
RESULT: {}
COMMAND: GET /session/c560a4da8281d0ae87757c6686821c71/screenshot - {}
RESULT: {}
RESULT: {}
COMMAND: POST /session/c560a4da8281d0ae87757c6686821c71/execute/async - {"script":"<script> [1562 bytes]","args":[{"selector":{"id":"application-manageresources-display-component---newResourceUnit--TYPE-arrow"},"wdio_ui5_key":"applicationmanageresources-display-component---newResourceUnit--TYPE-arrow"}]}
RESULT: {"script":"<script> [1562 bytes]","args":[{"selector":{"id":"application-manageresources-display-component---newResourceUnit--TYPE-arrow"},"wdio_ui5_key":"applicationmanageresources-display-component---newResourceUnit--TYPE-arrow"}]}
RESULT: undefined
COMMAND: POST /session/c560a4da8281d0ae87757c6686821c71/element - {"using":"xpath","value":"//*[@id=\"application-manageresources-display-component---newResourceUnit--TYPE-arrow\"]"}
RESULT: {"using":"xpath","value":"//*[@id=\"application-manageresources-display-component---newResourceUnit--TYPE-arrow\"]"}
COMMAND: POST /session/c560a4da8281d0ae87757c6686821c71/element/f.437C3BD069600255C914999B9931D078.d.5DFE16B4551F7C1A40A16DC9FBB3910F.e.17278/click - {}
RESULT: {}
COMMAND: POST /session/c560a4da8281d0ae87757c6686821c71/element - {"using":"xpath","value":"//input[@id=\"application-manageresources-display-component---newResourceUnit--TYPE-inner\"]"}
COMMAND: GET /session/c560a4da8281d0ae87757c6686821c71/screenshot - {}
RESULT: {"using":"xpath","value":"//input[@id=\"application-manageresources-display-component---newResourceUnit--TYPE-inner\"]"}
COMMAND: POST /session/c560a4da8281d0ae87757c6686821c71/element/f.437C3BD069600255C914999B9931D078.d.5DFE16B4551F7C1A40A16DC9FBB3910F.e.17265/clear - {}
RESULT: {}
RESULT: {}
COMMAND: POST /session/c560a4da8281d0ae87757c6686821c71/element/f.437C3BD069600255C914999B9931D078.d.5DFE16B4551F7C1A40A16DC9FBB3910F.e.17265/value - {"text":"Material"}
COMMAND: GET /session/c560a4da8281d0ae87757c6686821c71/screenshot - {}
RESULT: {"text":"Material"}
COMMAND: GET /session/c560a4da8281d0ae87757c6686821c71/screenshot - {}
RESULT: {}
RESULT: {}
COMMAND: POST /session/c560a4da8281d0ae87757c6686821c71/actions - {"actions":[{"id":"action52","type":"key","parameters":{},"actions":[{"type":"keyDown","value":""},{"type":"pause","duration":10},{"type":"keyUp","value":""}]}]}
RESULT: undefined
RESULT: {"actions":[{"id":"action52","type":"key","parameters":{},"actions":[{"type":"keyDown","value":""},{"type":"pause","duration":10},{"type":"keyUp","value":""}]}]}
COMMAND: POST /session/c560a4da8281d0ae87757c6686821c71/execute/async - {"script":"<script> [1562 bytes]","args":[{"selector":{"id":"application-manageresources-display-component---newResourceUnit--SHORT_TEXT","interaction":{"idSuffix":"inner"}},"wdio_ui5_key":"applicationmanageresources-display-component---newResourceUnit--SHORT_TEXT"}]}
RESULT: undefined
COMMAND: GET /session/c560a4da8281d0ae87757c6686821c71/screenshot - {}
RESULT: {"script":"<script> [1562 bytes]","args":[{"selector":{"id":"application-manageresources-display-component---newResourceUnit--SHORT_TEXT","interaction":{"idSuffix":"inner"}},"wdio_ui5_key":"applicationmanageresources-display-component---newResourceUnit--SHORT_TEXT"}]}
RESULT: undefined
COMMAND: POST /session/c560a4da8281d0ae87757c6686821c71/execute/async - {"script":"<script> [776 bytes]","args":[{"enterText":"Cement WDIO","selector":{"id":"application-manageresources-display-component---newResourceUnit--SHORT_TEXT","interaction":{"idSuffix":"inner"}},"clearTextFirst":true,"interactionType":"ENTER_TEXT"}]}
RESULT: {}
RESULT: {"script":"<script> [776 bytes]","args":[{"enterText":"Cement WDIO","selector":{"id":"application-manageresources-display-component---newResourceUnit--SHORT_TEXT","interaction":{"idSuffix":"inner"}},"clearTextFirst":true,"interactionType":"ENTER_TEXT"}]}
COMMAND: POST /session/c560a4da8281d0ae87757c6686821c71/execute/async - {"script":"<script> [1562 bytes]","args":[{"selector":{"id":"application-manageresources-display-component---newResourceUnit--BASE_UNIT_OF_MEASURE","interaction":{"idSuffix":"inner"}},"wdio_ui5_key":"applicationmanageresources-display-component---newResourceUnit--BASE_UNIT_OF_MEASURE"}]}
RESULT: {"script":"<script> [1562 bytes]","args":[{"selector":{"id":"application-manageresources-display-component---newResourceUnit--BASE_UNIT_OF_MEASURE","interaction":{"idSuffix":"inner"}},"wdio_ui5_key":"applicationmanageresources-display-component---newResourceUnit--BASE_UNIT_OF_MEASURE"}]}
RESULT: undefined
COMMAND: POST /session/c560a4da8281d0ae87757c6686821c71/execute/async - {"script":"<script> [776 bytes]","args":[{"enterText":"Piece","selector":{"id":"application-manageresources-display-component---newResourceUnit--BASE_UNIT_OF_MEASURE","interaction":{"idSuffix":"inner"}},"clearTextFirst":true,"interactionType":"ENTER_TEXT"}]}
RESULT: {"script":"<script> [776 bytes]","args":[{"enterText":"Piece","selector":{"id":"application-manageresources-display-component---newResourceUnit--BASE_UNIT_OF_MEASURE","interaction":{"idSuffix":"inner"}},"clearTextFirst":true,"interactionType":"ENTER_TEXT"}]}
COMMAND: POST /session/c560a4da8281d0ae87757c6686821c71/execute/async - {"script":"<script> [1562 bytes]","args":[{"selector":{"id":"application-manageresources-display-component---newResourceUnit--WEIGHT_UNIT","interaction":{"idSuffix":"inner"}},"wdio_ui5_key":"applicationmanageresources-display-component---newResourceUnit--WEIGHT_UNIT"}]}
RESULT: {"script":"<script> [1562 bytes]","args":[{"selector":{"id":"application-manageresources-display-component---newResourceUnit--WEIGHT_UNIT","interaction":{"idSuffix":"inner"}},"wdio_ui5_key":"applicationmanageresources-display-component---newResourceUnit--WEIGHT_UNIT"}]}
RESULT: undefined
COMMAND: POST /session/c560a4da8281d0ae87757c6686821c71/execute/async - {"script":"<script> [776 bytes]","args":[{"enterText":"Gram","selector":{"id":"application-manageresources-display-component---newResourceUnit--WEIGHT_UNIT","interaction":{"idSuffix":"inner"}},"clearTextFirst":true,"interactionType":"ENTER_TEXT"}]}
RESULT: {"script":"<script> [776 bytes]","args":[{"enterText":"Gram","selector":{"id":"application-manageresources-display-component---newResourceUnit--WEIGHT_UNIT","interaction":{"idSuffix":"inner"}},"clearTextFirst":true,"interactionType":"ENTER_TEXT"}]}
COMMAND: POST /session/c560a4da8281d0ae87757c6686821c71/execute/async - {"script":"<script> [1562 bytes]","args":[{"selector":{"id":"application-manageresources-display-component---newResourceUnit--DIMENSION_UNIT","interaction":{"idSuffix":"inner"}},"wdio_ui5_key":"applicationmanageresources-display-component---newResourceUnit--DIMENSION_UNIT"}]}
RESULT: {"script":"<script> [1562 bytes]","args":[{"selector":{"id":"application-manageresources-display-component---newResourceUnit--DIMENSION_UNIT","interaction":{"idSuffix":"inner"}},"wdio_ui5_key":"applicationmanageresources-display-component---newResourceUnit--DIMENSION_UNIT"}]}
RESULT: undefined
COMMAND: POST /session/c560a4da8281d0ae87757c6686821c71/execute/async - {"script":"<script> [776 bytes]","args":[{"enterText":"Meter","selector":{"id":"application-manageresources-display-component---newResourceUnit--DIMENSION_UNIT","interaction":{"idSuffix":"inner"}},"clearTextFirst":true,"interactionType":"ENTER_TEXT"}]}
RESULT: {"script":"<script> [776 bytes]","args":[{"enterText":"Meter","selector":{"id":"application-manageresources-display-component---newResourceUnit--DIMENSION_UNIT","interaction":{"idSuffix":"inner"}},"clearTextFirst":true,"interactionType":"ENTER_TEXT"}]}
COMMAND: POST /session/c560a4da8281d0ae87757c6686821c71/execute/async - {"script":"<script> [1562 bytes]","args":[{"selector":{"id":"application-manageresources-display-component---newResourceUnit--newRRUPage-anchBar-application-manageresources-display-component---newResourceUnit--control-anchor","interaction":{"idSuffix":"BDI-content"}},"wdio_ui5_key":"applicationmanageresources-display-component---newResourceUnit--newRRUPage-anchBar-application-manageresources-display-component---newResourceUnit--control-anchor"}]}
RESULT: {"script":"<script> [1562 bytes]","args":[{"selector":{"id":"application-manageresources-display-component---newResourceUnit--newRRUPage-anchBar-application-manageresources-display-component---newResourceUnit--control-anchor","interaction":{"idSuffix":"BDI-content"}},"wdio_ui5_key":"applicationmanageresources-display-component---newResourceUnit--newRRUPage-anchBar-application-manageresources-display-component---newResourceUnit--control-anchor"}]}
RESULT: undefined
COMMAND: POST /session/c560a4da8281d0ae87757c6686821c71/element - {"using":"xpath","value":"//*[@id=\"application-manageresources-display-component---newResourceUnit--newRRUPage-anchBar-application-manageresources-display-component---newResourceUnit--control-anchor\"]"}
RESULT: {"using":"xpath","value":"//*[@id=\"application-manageresources-display-component---newResourceUnit--newRRUPage-anchBar-application-manageresources-display-component---newResourceUnit--control-anchor\"]"}
COMMAND: POST /session/c560a4da8281d0ae87757c6686821c71/element/f.437C3BD069600255C914999B9931D078.d.5DFE16B4551F7C1A40A16DC9FBB3910F.e.17412/click - {}
RESULT: {}
COMMAND: POST /session/c560a4da8281d0ae87757c6686821c71/execute/async - {"script":"<script> [1562 bytes]","args":[{"selector":{"id":"application-manageresources-display-component---newResourceUnit--PLANNING_GROUP","interaction":{"idSuffix":"inner"}},"wdio_ui5_key":"applicationmanageresources-display-component---newResourceUnit--PLANNING_GROUP"}]}
COMMAND: GET /session/c560a4da8281d0ae87757c6686821c71/screenshot - {}
RESULT: {"script":"<script> [1562 bytes]","args":[{"selector":{"id":"application-manageresources-display-component---newResourceUnit--PLANNING_GROUP","interaction":{"idSuffix":"inner"}},"wdio_ui5_key":"applicationmanageresources-display-component---newResourceUnit--PLANNING_GROUP"}]}
RESULT: undefined
COMMAND: POST /session/c560a4da8281d0ae87757c6686821c71/execute/async - {"script":"<script> [776 bytes]","args":[{"enterText":"Material","selector":{"id":"application-manageresources-display-component---newResourceUnit--PLANNING_GROUP","interaction":{"idSuffix":"inner"}},"clearTextFirst":true,"interactionType":"ENTER_TEXT"}]}
RESULT: {}
RESULT: {"script":"<script> [776 bytes]","args":[{"enterText":"Material","selector":{"id":"application-manageresources-display-component---newResourceUnit--PLANNING_GROUP","interaction":{"idSuffix":"inner"}},"clearTextFirst":true,"interactionType":"ENTER_TEXT"}]}
COMMAND: POST /session/c560a4da8281d0ae87757c6686821c71/execute/async - {"script":"<script> [1562 bytes]","args":[{"selector":{"id":"application-manageresources-display-component---newResourceUnit--PLANNING_INDICATOR","interaction":{"idSuffix":"inner"}},"wdio_ui5_key":"applicationmanageresources-display-component---newResourceUnit--PLANNING_INDICATOR"}]}
RESULT: {"script":"<script> [1562 bytes]","args":[{"selector":{"id":"application-manageresources-display-component---newResourceUnit--PLANNING_INDICATOR","interaction":{"idSuffix":"inner"}},"wdio_ui5_key":"applicationmanageresources-display-component---newResourceUnit--PLANNING_INDICATOR"}]}
RESULT: undefined
COMMAND: POST /session/c560a4da8281d0ae87757c6686821c71/execute/async - {"script":"<script> [776 bytes]","args":[{"enterText":"10 - infinite","selector":{"id":"application-manageresources-display-component---newResourceUnit--PLANNING_INDICATOR","interaction":{"idSuffix":"inner"}},"clearTextFirst":true,"interactionType":"ENTER_TEXT"}]}
RESULT: {"script":"<script> [776 bytes]","args":[{"enterText":"10 - infinite","selector":{"id":"application-manageresources-display-component---newResourceUnit--PLANNING_INDICATOR","interaction":{"idSuffix":"inner"}},"clearTextFirst":true,"interactionType":"ENTER_TEXT"}]}
COMMAND: POST /session/c560a4da8281d0ae87757c6686821c71/element - {"using":"css selector","value":"#application-manageresources-display-component---newResourceUnit--btnAddTimeSegment"}
RESULT: {"using":"css selector","value":"#application-manageresources-display-component---newResourceUnit--btnAddTimeSegment"}
COMMAND: GET /session/c560a4da8281d0ae87757c6686821c71/element/f.437C3BD069600255C914999B9931D078.d.5DFE16B4551F7C1A40A16DC9FBB3910F.e.17422/rect - {}
RESULT: {}
COMMAND: GET /session/c560a4da8281d0ae87757c6686821c71/window/rect - {}
RESULT: {}
COMMAND: POST /session/c560a4da8281d0ae87757c6686821c71/execute/sync - {"script":"<script> [92 bytes]","args":[]}
RESULT: {"script":"<script> [92 bytes]","args":[]}
COMMAND: POST /session/c560a4da8281d0ae87757c6686821c71/actions - {"actions":[{"id":"action53","type":"wheel","parameters":{},"actions":[{"type":"scroll","x":-1888,"y":-32,"deltaX":0,"deltaY":0,"duration":0,"origin":{"element-6066-11e4-a52e-4f735466cecf":"f.437C3BD069600255C914999B9931D078.d.5DFE16B4551F7C1A40A16DC9FBB3910F.e.17422"}}]}]}
COMMAND: GET /session/c560a4da8281d0ae87757c6686821c71/screenshot - {}
RESULT: {}
COMMAND: POST /session/c560a4da8281d0ae87757c6686821c71/execute/sync - {"script":"<script> [79 bytes]","args":[{"element-6066-11e4-a52e-4f735466cecf":"f.437C3BD069600255C914999B9931D078.d.5DFE16B4551F7C1A40A16DC9FBB3910F.e.17422","ELEMENT":"f.437C3BD069600255C914999B9931D078.d.5DFE16B4551F7C1A40A16DC9FBB3910F.e.17422"},{"block":"start","inline":"nearest"}]}
RESULT: {"script":"<script> [79 bytes]","args":[{"element-6066-11e4-a52e-4f735466cecf":"f.437C3BD069600255C914999B9931D078.d.5DFE16B4551F7C1A40A16DC9FBB3910F.e.17422","ELEMENT":"f.437C3BD069600255C914999B9931D078.d.5DFE16B4551F7C1A40A16DC9FBB3910F.e.17422"},{"block":"start","inline":"nearest"}]}
COMMAND: POST /session/c560a4da8281d0ae87757c6686821c71/execute/async - {"script":"<script> [1562 bytes]","args":[{"selector":{"id":"application-manageresources-display-component---newResourceUnit--btnAddTimeSegment","interaction":{"idSuffix":"inner"}},"wdio_ui5_key":"applicationmanageresources-display-component---newResourceUnit--btnAddTimeSegment"}]}
COMMAND: GET /session/c560a4da8281d0ae87757c6686821c71/screenshot - {}
RESULT: {"script":"<script> [1562 bytes]","args":[{"selector":{"id":"application-manageresources-display-component---newResourceUnit--btnAddTimeSegment","interaction":{"idSuffix":"inner"}},"wdio_ui5_key":"applicationmanageresources-display-component---newResourceUnit--btnAddTimeSegment"}]}
RESULT: undefined
COMMAND: POST /session/c560a4da8281d0ae87757c6686821c71/element - {"using":"xpath","value":"//*[@id=\"application-manageresources-display-component---newResourceUnit--btnAddTimeSegment\"]"}
RESULT: {}
RESULT: {"using":"xpath","value":"//*[@id=\"application-manageresources-display-component---newResourceUnit--btnAddTimeSegment\"]"}
COMMAND: POST /session/c560a4da8281d0ae87757c6686821c71/element/f.437C3BD069600255C914999B9931D078.d.5DFE16B4551F7C1A40A16DC9FBB3910F.e.17422/click - {}
RESULT: {}
COMMAND: GET /session/c560a4da8281d0ae87757c6686821c71/screenshot - {}
RESULT: {}
COMMAND: POST /session/c560a4da8281d0ae87757c6686821c71/element - {"using":"xpath","value":"//input[@id=\"application-manageresources-display-component---newResourceUnit--idRuTSAdmin-application-manageresources-display-component---newResourceUnit--RUTimeSegment-0-inner\"]"}
RESULT: {"using":"xpath","value":"//input[@id=\"application-manageresources-display-component---newResourceUnit--idRuTSAdmin-application-manageresources-display-component---newResourceUnit--RUTimeSegment-0-inner\"]"}
COMMAND: POST /session/c560a4da8281d0ae87757c6686821c71/element/f.437C3BD069600255C914999B9931D078.d.5DFE16B4551F7C1A40A16DC9FBB3910F.e.17427/clear - {}
RESULT: {}
COMMAND: POST /session/c560a4da8281d0ae87757c6686821c71/element/f.437C3BD069600255C914999B9931D078.d.5DFE16B4551F7C1A40A16DC9FBB3910F.e.17427/value - {"text":"268"}
COMMAND: GET /session/c560a4da8281d0ae87757c6686821c71/screenshot - {}
RESULT: {"text":"268"}
COMMAND: GET /session/c560a4da8281d0ae87757c6686821c71/screenshot - {}
RESULT: {}
RESULT: {}
COMMAND: POST /session/c560a4da8281d0ae87757c6686821c71/element - {"using":"xpath","value":"//li[.//span[text()='268']]"}
RESULT: {"using":"xpath","value":"//li[.//span[text()='268']]"}
COMMAND: POST /session/c560a4da8281d0ae87757c6686821c71/element/f.437C3BD069600255C914999B9931D078.d.5DFE16B4551F7C1A40A16DC9FBB3910F.e.17435/click - {}
RESULT: {}
COMMAND: GET /session/c560a4da8281d0ae87757c6686821c71/screenshot - {}
RESULT: {}
COMMAND: POST /session/c560a4da8281d0ae87757c6686821c71/element - {"using":"xpath","value":"(//span[contains(@id, \"-application-manageresources-display-component---newResourceUnit--RUTimeSegment-0-arrow\")])[2]"}
RESULT: {"using":"xpath","value":"(//span[contains(@id, \"-application-manageresources-display-component---newResourceUnit--RUTimeSegment-0-arrow\")])[2]"}
COMMAND: POST /session/c560a4da8281d0ae87757c6686821c71/element/f.437C3BD069600255C914999B9931D078.d.5DFE16B4551F7C1A40A16DC9FBB3910F.e.17436/click - {}
RESULT: {}
COMMAND: POST /session/c560a4da8281d0ae87757c6686821c71/element - {"using":"xpath","value":"//span[contains(text(), \"PM Order\")]"}
COMMAND: GET /session/c560a4da8281d0ae87757c6686821c71/screenshot - {}
RESULT: {"using":"xpath","value":"//span[contains(text(), \"PM Order\")]"}
COMMAND: POST /session/c560a4da8281d0ae87757c6686821c71/element/f.437C3BD069600255C914999B9931D078.d.5DFE16B4551F7C1A40A16DC9FBB3910F.e.17437/click - {}
RESULT: {}
RESULT: {}
COMMAND: GET /session/c560a4da8281d0ae87757c6686821c71/screenshot - {}
RESULT: {}
COMMAND: POST /session/c560a4da8281d0ae87757c6686821c71/element - {"using":"xpath","value":"//td/div/div/div/span[contains(@id, \"newResourceUnit--RUTimeSegment-0-vhi\")][1]"}
RESULT: {"using":"xpath","value":"//td/div/div/div/span[contains(@id, \"newResourceUnit--RUTimeSegment-0-vhi\")][1]"}
COMMAND: GET /session/c560a4da8281d0ae87757c6686821c71/element/f.437C3BD069600255C914999B9931D078.d.5DFE16B4551F7C1A40A16DC9FBB3910F.e.17441/rect - {}
RESULT: {}
COMMAND: GET /session/c560a4da8281d0ae87757c6686821c71/window/rect - {}
RESULT: {}
COMMAND: POST /session/c560a4da8281d0ae87757c6686821c71/execute/sync - {"script":"<script> [92 bytes]","args":[]}
RESULT: {"script":"<script> [92 bytes]","args":[]}
COMMAND: POST /session/c560a4da8281d0ae87757c6686821c71/actions - {"actions":[{"id":"action54","type":"wheel","parameters":{},"actions":[{"type":"scroll","x":-1888,"y":-24,"deltaX":0,"deltaY":0,"duration":0,"origin":{"element-6066-11e4-a52e-4f735466cecf":"f.437C3BD069600255C914999B9931D078.d.5DFE16B4551F7C1A40A16DC9FBB3910F.e.17441"}}]}]}
COMMAND: GET /session/c560a4da8281d0ae87757c6686821c71/screenshot - {}
RESULT: {}
COMMAND: POST /session/c560a4da8281d0ae87757c6686821c71/execute/sync - {"script":"<script> [79 bytes]","args":[{"element-6066-11e4-a52e-4f735466cecf":"f.437C3BD069600255C914999B9931D078.d.5DFE16B4551F7C1A40A16DC9FBB3910F.e.17441","ELEMENT":"f.437C3BD069600255C914999B9931D078.d.5DFE16B4551F7C1A40A16DC9FBB3910F.e.17441"},{"block":"start","inline":"nearest"}]}
RESULT: {"script":"<script> [79 bytes]","args":[{"element-6066-11e4-a52e-4f735466cecf":"f.437C3BD069600255C914999B9931D078.d.5DFE16B4551F7C1A40A16DC9FBB3910F.e.17441","ELEMENT":"f.437C3BD069600255C914999B9931D078.d.5DFE16B4551F7C1A40A16DC9FBB3910F.e.17441"},{"block":"start","inline":"nearest"}]}
COMMAND: GET /session/c560a4da8281d0ae87757c6686821c71/screenshot - {}
RESULT: {}
COMMAND: POST /session/c560a4da8281d0ae87757c6686821c71/element/f.437C3BD069600255C914999B9931D078.d.5DFE16B4551F7C1A40A16DC9FBB3910F.e.17441/click - {}
RESULT: {}
COMMAND: GET /session/c560a4da8281d0ae87757c6686821c71/screenshot - {}
RESULT: {}
COMMAND: POST /session/c560a4da8281d0ae87757c6686821c71/execute/async - {"script":"<script> [1562 bytes]","args":[{"selector":{"controlType":"sap.m.SearchField","properties":{"placeholder":"Search"},"searchOpenDialogs":true,"interaction":{"idSuffix":"I"}},"wdio_ui5_key":"sapm.SearchField{\"placeholder\":\"Search\"}"}]}
RESULT: {"script":"<script> [1562 bytes]","args":[{"selector":{"controlType":"sap.m.SearchField","properties":{"placeholder":"Search"},"searchOpenDialogs":true,"interaction":{"idSuffix":"I"}},"wdio_ui5_key":"sapm.SearchField{\"placeholder\":\"Search\"}"}]}
RESULT: undefined
COMMAND: POST /session/c560a4da8281d0ae87757c6686821c71/execute/async - {"script":"<script> [776 bytes]","args":[{"enterText":"4000360","selector":{"controlType":"sap.m.SearchField","properties":{"placeholder":"Search"},"searchOpenDialogs":true,"interaction":{"idSuffix":"I"}},"clearTextFirst":true,"interactionType":"ENTER_TEXT"}]}
RESULT: {"script":"<script> [776 bytes]","args":[{"enterText":"4000360","selector":{"controlType":"sap.m.SearchField","properties":{"placeholder":"Search"},"searchOpenDialogs":true,"interaction":{"idSuffix":"I"}},"clearTextFirst":true,"interactionType":"ENTER_TEXT"}]}
COMMAND: POST /session/c560a4da8281d0ae87757c6686821c71/actions - {"actions":[{"id":"action55","type":"key","parameters":{},"actions":[{"type":"keyDown","value":""},{"type":"pause","duration":10},{"type":"keyUp","value":""}]}]}
RESULT: {"actions":[{"id":"action55","type":"key","parameters":{},"actions":[{"type":"keyDown","value":""},{"type":"pause","duration":10},{"type":"keyUp","value":""}]}]}
COMMAND: GET /session/c560a4da8281d0ae87757c6686821c71/screenshot - {}
RESULT: {}
COMMAND: POST /session/c560a4da8281d0ae87757c6686821c71/element - {"using":"xpath","value":"//td/div/span[contains(text(), \"BGL Vehicles\")]"}
RESULT: {"using":"xpath","value":"//td/div/span[contains(text(), \"BGL Vehicles\")]"}
COMMAND: POST /session/c560a4da8281d0ae87757c6686821c71/element/f.437C3BD069600255C914999B9931D078.d.5DFE16B4551F7C1A40A16DC9FBB3910F.e.17463/click - {}
RESULT: {}
COMMAND: GET /session/c560a4da8281d0ae87757c6686821c71/screenshot - {}
RESULT: {}
COMMAND: POST /session/c560a4da8281d0ae87757c6686821c71/element - {"using":"xpath","value":"//bdi[contains(text(), \"OK\")]"}
RESULT: {"using":"xpath","value":"//bdi[contains(text(), \"OK\")]"}
COMMAND: POST /session/c560a4da8281d0ae87757c6686821c71/element/f.437C3BD069600255C914999B9931D078.d.5DFE16B4551F7C1A40A16DC9FBB3910F.e.17464/click - {}
RESULT: {}
COMMAND: GET /session/c560a4da8281d0ae87757c6686821c71/screenshot - {}
RESULT: {}
COMMAND: POST /session/c560a4da8281d0ae87757c6686821c71/element - {"using":"xpath","value":"//label[contains(@class, 'sapMLabelRequired') and .//bdi[contains(text(), 'Planned Retirement')]]"}
RESULT: {"using":"xpath","value":"//label[contains(@class, 'sapMLabelRequired') and .//bdi[contains(text(), 'Planned Retirement')]]"}
COMMAND: POST /session/c560a4da8281d0ae87757c6686821c71/elements - {"using":"xpath","value":"//label[contains(@class, 'sapMLabelRequired') and .//bdi[contains(text(), 'Planned Retirement')]]"}
RESULT: {"using":"xpath","value":"//label[contains(@class, 'sapMLabelRequired') and .//bdi[contains(text(), 'Planned Retirement')]]"}
COMMAND: POST /session/c560a4da8281d0ae87757c6686821c71/element - {"using":"xpath","value":"//button[@data-kt=\"resourceUnitSaveButton\"]"}
RESULT: {"using":"xpath","value":"//button[@data-kt=\"resourceUnitSaveButton\"]"}
COMMAND: POST /session/c560a4da8281d0ae87757c6686821c71/element/f.437C3BD069600255C914999B9931D078.d.5DFE16B4551F7C1A40A16DC9FBB3910F.e.17296/click - {}
RESULT: {}
COMMAND: GET /session/c560a4da8281d0ae87757c6686821c71/screenshot - {}
RESULT: {}
COMMAND: POST /session/c560a4da8281d0ae87757c6686821c71/element - {"using":"xpath","value":"//bdi[contains(text(), \"Close\")]"}
RESULT: {"using":"xpath","value":"//bdi[contains(text(), \"Close\")]"}
COMMAND: POST /session/c560a4da8281d0ae87757c6686821c71/element/f.437C3BD069600255C914999B9931D078.d.5DFE16B4551F7C1A40A16DC9FBB3910F.e.17470/click - {}
RESULT: {}
COMMAND: GET /session/c560a4da8281d0ae87757c6686821c71/screenshot - {}
RESULT: {}
COMMAND: POST /session/c560a4da8281d0ae87757c6686821c71/element - {"using":"xpath","value":"//header[contains(@id, 'detailRruPage-headerTitle')]/div[1]/div[2]/div[2]/span[1]"}
RESULT: {"using":"xpath","value":"//header[contains(@id, 'detailRruPage-headerTitle')]/div[1]/div[2]/div[2]/span[1]"}
COMMAND: POST /session/c560a4da8281d0ae87757c6686821c71/elements - {"using":"xpath","value":"//header[contains(@id, 'detailRruPage-headerTitle')]/div[1]/div[2]/div[2]/span[1]"}
RESULT: {"using":"xpath","value":"//header[contains(@id, 'detailRruPage-headerTitle')]/div[1]/div[2]/div[2]/span[1]"}
COMMAND: POST /session/c560a4da8281d0ae87757c6686821c71/execute/sync - {"script":"<script> [56 bytes]","args":[{"element-6066-11e4-a52e-4f735466cecf":"f.437C3BD069600255C914999B9931D078.d.5DFE16B4551F7C1A40A16DC9FBB3910F.e.17504","ELEMENT":"f.437C3BD069600255C914999B9931D078.d.5DFE16B4551F7C1A40A16DC9FBB3910F.e.17504"}]}
RESULT: {"script":"<script> [56 bytes]","args":[{"element-6066-11e4-a52e-4f735466cecf":"f.437C3BD069600255C914999B9931D078.d.5DFE16B4551F7C1A40A16DC9FBB3910F.e.17504","ELEMENT":"f.437C3BD069600255C914999B9931D078.d.5DFE16B4551F7C1A40A16DC9FBB3910F.e.17504"}]}
COMMAND: POST /session/c560a4da8281d0ae87757c6686821c71/element - {"using":"css selector","value":"#shell-header-logo"}
COMMAND: GET /session/c560a4da8281d0ae87757c6686821c71/screenshot - {}
RESULT: {"using":"css selector","value":"#shell-header-logo"}
COMMAND: POST /session/c560a4da8281d0ae87757c6686821c71/element/f.437C3BD069600255C914999B9931D078.d.5DFE16B4551F7C1A40A16DC9FBB3910F.e.16762/click - {}
RESULT: {}
RESULT: {}
COMMAND: GET /session/c560a4da8281d0ae87757c6686821c71/screenshot - {}
RESULT: {}
]]></system-out>
    </testcase>
  </testsuite>
  <testsuite timestamp="2025-06-14T17:06:06" time="366.333" tests="6" failures="0" errors="0" skipped="0">
    <properties>
      <property name="specId" value="0"/>
      <property name="suiteName" value="Provide to Site w/o warehouse management w/o clarification"/>
      <property name="capabilities" value="chrome.137_0_7151_69.windows"/>
      <property name="file" value="file:///D:/a/1/s/test/specs/HTR/provide-to-site-wo-warehouse-wo-clarification.spec.js"/>
    </properties>
    <testcase classname="chrome.137_0_7151_69.windows.Provide_to_Site_w/o_warehouse_management_w/o_clarification" name="Should do a stock increase handover" time="95.009">
      <system-out><![CDATA[
COMMAND: POST /session/c560a4da8281d0ae87757c6686821c71/execute/async - {"script":"<script> [1562 bytes]","args":[{"selector":{"controlType":"sap.m.GenericTile","properties":{"header":"Manage Handovers"}},"wdio_ui5_key":"sapm.GenericTile{\"header\":\"Manage Handovers\"}"}]}
RESULT: {"script":"<script> [1562 bytes]","args":[{"selector":{"controlType":"sap.m.GenericTile","properties":{"header":"Manage Handovers"}},"wdio_ui5_key":"sapm.GenericTile{\"header\":\"Manage Handovers\"}"}]}
RESULT: undefined
COMMAND: POST /session/c560a4da8281d0ae87757c6686821c71/element - {"using":"xpath","value":"//*[@id=\"__tile134\"]"}
RESULT: {"using":"xpath","value":"//*[@id=\"__tile134\"]"}
COMMAND: POST /session/c560a4da8281d0ae87757c6686821c71/element/f.437C3BD069600255C914999B9931D078.d.5DFE16B4551F7C1A40A16DC9FBB3910F.e.16808/click - {}
RESULT: {}
COMMAND: GET /session/c560a4da8281d0ae87757c6686821c71/screenshot - {}
RESULT: {}
COMMAND: POST /session/c560a4da8281d0ae87757c6686821c71/elements - {"using":"xpath","value":"//span[text()='Error']"}
RESULT: {"using":"xpath","value":"//span[text()='Error']"}
COMMAND: POST /session/c560a4da8281d0ae87757c6686821c71/element - {"using":"xpath","value":"//button[@data-kt=\"masterHOAddButton\"]"}
RESULT: {"using":"xpath","value":"//button[@data-kt=\"masterHOAddButton\"]"}
COMMAND: POST /session/c560a4da8281d0ae87757c6686821c71/elements - {"using":"xpath","value":"//button[@data-kt=\"masterHOAddButton\"]"}
RESULT: {"using":"xpath","value":"//button[@data-kt=\"masterHOAddButton\"]"}
COMMAND: POST /session/c560a4da8281d0ae87757c6686821c71/execute/sync - {"script":"<script> [8489 bytes]","args":[{"element-6066-11e4-a52e-4f735466cecf":"f.437C3BD069600255C914999B9931D078.d.5DFE16B4551F7C1A40A16DC9FBB3910F.e.17544","ELEMENT":"f.437C3BD069600255C914999B9931D078.d.5DFE16B4551F7C1A40A16DC9FBB3910F.e.17544"}]}
RESULT: {"script":"<script> [8489 bytes]","args":[{"element-6066-11e4-a52e-4f735466cecf":"f.437C3BD069600255C914999B9931D078.d.5DFE16B4551F7C1A40A16DC9FBB3910F.e.17544","ELEMENT":"f.437C3BD069600255C914999B9931D078.d.5DFE16B4551F7C1A40A16DC9FBB3910F.e.17544"}]}
COMMAND: GET /session/c560a4da8281d0ae87757c6686821c71/element/f.437C3BD069600255C914999B9931D078.d.5DFE16B4551F7C1A40A16DC9FBB3910F.e.17544/enabled - {}
COMMAND: GET /session/c560a4da8281d0ae87757c6686821c71/screenshot - {}
RESULT: {}
COMMAND: POST /session/c560a4da8281d0ae87757c6686821c71/execute/sync - {"script":"<script> [8489 bytes]","args":[{"element-6066-11e4-a52e-4f735466cecf":"f.437C3BD069600255C914999B9931D078.d.5DFE16B4551F7C1A40A16DC9FBB3910F.e.17544","ELEMENT":"f.437C3BD069600255C914999B9931D078.d.5DFE16B4551F7C1A40A16DC9FBB3910F.e.17544"}]}
COMMAND: GET /session/c560a4da8281d0ae87757c6686821c71/screenshot - {}
RESULT: {}
RESULT: {"script":"<script> [8489 bytes]","args":[{"element-6066-11e4-a52e-4f735466cecf":"f.437C3BD069600255C914999B9931D078.d.5DFE16B4551F7C1A40A16DC9FBB3910F.e.17544","ELEMENT":"f.437C3BD069600255C914999B9931D078.d.5DFE16B4551F7C1A40A16DC9FBB3910F.e.17544"}]}
COMMAND: POST /session/c560a4da8281d0ae87757c6686821c71/execute/sync - {"script":"<script> [5351 bytes]","args":[{"element-6066-11e4-a52e-4f735466cecf":"f.437C3BD069600255C914999B9931D078.d.5DFE16B4551F7C1A40A16DC9FBB3910F.e.17544","ELEMENT":"f.437C3BD069600255C914999B9931D078.d.5DFE16B4551F7C1A40A16DC9FBB3910F.e.17544"}]}
COMMAND: GET /session/c560a4da8281d0ae87757c6686821c71/screenshot - {}
RESULT: {}
RESULT: {"script":"<script> [5351 bytes]","args":[{"element-6066-11e4-a52e-4f735466cecf":"f.437C3BD069600255C914999B9931D078.d.5DFE16B4551F7C1A40A16DC9FBB3910F.e.17544","ELEMENT":"f.437C3BD069600255C914999B9931D078.d.5DFE16B4551F7C1A40A16DC9FBB3910F.e.17544"}]}
COMMAND: POST /session/c560a4da8281d0ae87757c6686821c71/element/f.437C3BD069600255C914999B9931D078.d.5DFE16B4551F7C1A40A16DC9FBB3910F.e.17544/click - {}
COMMAND: GET /session/c560a4da8281d0ae87757c6686821c71/screenshot - {}
RESULT: {}
RESULT: {}
COMMAND: GET /session/c560a4da8281d0ae87757c6686821c71/screenshot - {}
RESULT: {}
RESULT: {}
COMMAND: POST /session/c560a4da8281d0ae87757c6686821c71/element - {"using":"xpath","value":"//span[contains(@id ,\"AddNewHO--typeSelect-arrow\")]"}
RESULT: {"using":"xpath","value":"//span[contains(@id ,\"AddNewHO--typeSelect-arrow\")]"}
COMMAND: POST /session/c560a4da8281d0ae87757c6686821c71/element/f.437C3BD069600255C914999B9931D078.d.5DFE16B4551F7C1A40A16DC9FBB3910F.e.17881/click - {}
RESULT: {}
COMMAND: GET /session/c560a4da8281d0ae87757c6686821c71/screenshot - {}
RESULT: {}
COMMAND: POST /session/c560a4da8281d0ae87757c6686821c71/element - {"using":"xpath","value":"(//li[contains(text(), \"stock increase yard\")])[1]"}
RESULT: {"using":"xpath","value":"(//li[contains(text(), \"stock increase yard\")])[1]"}
COMMAND: POST /session/c560a4da8281d0ae87757c6686821c71/element/f.437C3BD069600255C914999B9931D078.d.5DFE16B4551F7C1A40A16DC9FBB3910F.e.17882/click - {}
RESULT: {}
COMMAND: GET /session/c560a4da8281d0ae87757c6686821c71/screenshot - {}
RESULT: {}
COMMAND: POST /session/c560a4da8281d0ae87757c6686821c71/execute/async - {"script":"<script> [1562 bytes]","args":[{"selector":{"id":"application-managehandovers-display-component---AddNewHO--dueDate","interaction":{"idSuffix":"inner"}},"wdio_ui5_key":"applicationmanagehandovers-display-component---AddNewHO--dueDate"}]}
RESULT: {"script":"<script> [1562 bytes]","args":[{"selector":{"id":"application-managehandovers-display-component---AddNewHO--dueDate","interaction":{"idSuffix":"inner"}},"wdio_ui5_key":"applicationmanagehandovers-display-component---AddNewHO--dueDate"}]}
RESULT: undefined
COMMAND: POST /session/c560a4da8281d0ae87757c6686821c71/execute/async - {"script":"<script> [6424 bytes]","args":[{"element-6066-11e4-a52e-4f735466cecf":"f.437C3BD069600255C914999B9931D078.d.5DFE16B4551F7C1A40A16DC9FBB3910F.e.17886"},"setValue",["6/14/25"]]}
RESULT: {"script":"<script> [6424 bytes]","args":[{"element-6066-11e4-a52e-4f735466cecf":"f.437C3BD069600255C914999B9931D078.d.5DFE16B4551F7C1A40A16DC9FBB3910F.e.17886"},"setValue",["6/14/25"]]}
COMMAND: POST /session/c560a4da8281d0ae87757c6686821c71/element - {"using":"xpath","value":"//input[@id=\"generalSectionFrg--receiveYard-inner\"]"}
RESULT: {"using":"xpath","value":"//input[@id=\"generalSectionFrg--receiveYard-inner\"]"}
COMMAND: POST /session/c560a4da8281d0ae87757c6686821c71/element/f.437C3BD069600255C914999B9931D078.d.5DFE16B4551F7C1A40A16DC9FBB3910F.e.17892/clear - {}
RESULT: {}
COMMAND: POST /session/c560a4da8281d0ae87757c6686821c71/element/f.437C3BD069600255C914999B9931D078.d.5DFE16B4551F7C1A40A16DC9FBB3910F.e.17892/value - {"text":"268"}
COMMAND: GET /session/c560a4da8281d0ae87757c6686821c71/screenshot - {}
RESULT: {"text":"268"}
COMMAND: GET /session/c560a4da8281d0ae87757c6686821c71/screenshot - {}
RESULT: {}
RESULT: {}
COMMAND: POST /session/c560a4da8281d0ae87757c6686821c71/element - {"using":"xpath","value":"//li[.//span[contains(normalize-space(.), '268 -')]]"}
RESULT: {"using":"xpath","value":"//li[.//span[contains(normalize-space(.), '268 -')]]"}
COMMAND: POST /session/c560a4da8281d0ae87757c6686821c71/element/f.437C3BD069600255C914999B9931D078.d.5DFE16B4551F7C1A40A16DC9FBB3910F.e.17908/click - {}
RESULT: {}
COMMAND: GET /session/c560a4da8281d0ae87757c6686821c71/screenshot - {}
RESULT: {}
COMMAND: POST /session/c560a4da8281d0ae87757c6686821c71/execute/async - {"script":"<script> [1562 bytes]","args":[{"selector":{"id":"application-managehandovers-display-component---AddNewHO--ObjectPageLayout-anchBar-application-managehandovers-display-component---AddNewHO--section4-anchor","interaction":{"idSuffix":"BDI-content"}},"wdio_ui5_key":"applicationmanagehandovers-display-component---AddNewHO--ObjectPageLayout-anchBar-application-managehandovers-display-component---AddNewHO--section4-anchor"}]}
RESULT: {"script":"<script> [1562 bytes]","args":[{"selector":{"id":"application-managehandovers-display-component---AddNewHO--ObjectPageLayout-anchBar-application-managehandovers-display-component---AddNewHO--section4-anchor","interaction":{"idSuffix":"BDI-content"}},"wdio_ui5_key":"applicationmanagehandovers-display-component---AddNewHO--ObjectPageLayout-anchBar-application-managehandovers-display-component---AddNewHO--section4-anchor"}]}
RESULT: undefined
COMMAND: POST /session/c560a4da8281d0ae87757c6686821c71/element - {"using":"xpath","value":"//*[@id=\"application-managehandovers-display-component---AddNewHO--ObjectPageLayout-anchBar-application-managehandovers-display-component---AddNewHO--section4-anchor\"]"}
RESULT: {"using":"xpath","value":"//*[@id=\"application-managehandovers-display-component---AddNewHO--ObjectPageLayout-anchBar-application-managehandovers-display-component---AddNewHO--section4-anchor\"]"}
COMMAND: POST /session/c560a4da8281d0ae87757c6686821c71/element/f.437C3BD069600255C914999B9931D078.d.5DFE16B4551F7C1A40A16DC9FBB3910F.e.17910/click - {}
RESULT: {}
COMMAND: GET /session/c560a4da8281d0ae87757c6686821c71/screenshot - {}
RESULT: {}
COMMAND: POST /session/c560a4da8281d0ae87757c6686821c71/element - {"using":"xpath","value":"//button[@aria-label=\"Add\"]"}
RESULT: {"using":"xpath","value":"//button[@aria-label=\"Add\"]"}
COMMAND: POST /session/c560a4da8281d0ae87757c6686821c71/element/f.437C3BD069600255C914999B9931D078.d.5DFE16B4551F7C1A40A16DC9FBB3910F.e.17914/click - {}
RESULT: {}
COMMAND: GET /session/c560a4da8281d0ae87757c6686821c71/screenshot - {}
RESULT: {}
COMMAND: POST /session/c560a4da8281d0ae87757c6686821c71/execute/async - {"script":"<script> [1562 bytes]","args":[{"selector":{"id":"application-managehandovers-display-component---AddNewHO--smartFilterBar-btnBasicSearch","searchOpenDialogs":true,"interaction":{"idSuffix":"I"}},"wdio_ui5_key":"applicationmanagehandovers-display-component---AddNewHO--smartFilterBar-btnBasicSearch"}]}
RESULT: {"script":"<script> [1562 bytes]","args":[{"selector":{"id":"application-managehandovers-display-component---AddNewHO--smartFilterBar-btnBasicSearch","searchOpenDialogs":true,"interaction":{"idSuffix":"I"}},"wdio_ui5_key":"applicationmanagehandovers-display-component---AddNewHO--smartFilterBar-btnBasicSearch"}]}
RESULT: undefined
COMMAND: POST /session/c560a4da8281d0ae87757c6686821c71/execute/async - {"script":"<script> [776 bytes]","args":[{"enterText":"200141","selector":{"id":"application-managehandovers-display-component---AddNewHO--smartFilterBar-btnBasicSearch","searchOpenDialogs":true,"interaction":{"idSuffix":"I"}},"clearTextFirst":true,"interactionType":"ENTER_TEXT"}]}
RESULT: {"script":"<script> [776 bytes]","args":[{"enterText":"200141","selector":{"id":"application-managehandovers-display-component---AddNewHO--smartFilterBar-btnBasicSearch","searchOpenDialogs":true,"interaction":{"idSuffix":"I"}},"clearTextFirst":true,"interactionType":"ENTER_TEXT"}]}
COMMAND: POST /session/c560a4da8281d0ae87757c6686821c71/actions - {"actions":[{"id":"action56","type":"key","parameters":{},"actions":[{"type":"keyDown","value":""},{"type":"pause","duration":10},{"type":"keyUp","value":""}]}]}
RESULT: {"actions":[{"id":"action56","type":"key","parameters":{},"actions":[{"type":"keyDown","value":""},{"type":"pause","duration":10},{"type":"keyUp","value":""}]}]}
COMMAND: GET /session/c560a4da8281d0ae87757c6686821c71/screenshot - {}
RESULT: {}
COMMAND: POST /session/c560a4da8281d0ae87757c6686821c71/execute/async - {"script":"<script> [1562 bytes]","args":[{"selector":{"id":"application-managehandovers-display-component---AddNewHO--popup-sa","searchOpenDialogs":true,"interaction":{"idSuffix":"CbBg"}},"wdio_ui5_key":"applicationmanagehandovers-display-component---AddNewHO--popup-sa"}]}
RESULT: {"script":"<script> [1562 bytes]","args":[{"selector":{"id":"application-managehandovers-display-component---AddNewHO--popup-sa","searchOpenDialogs":true,"interaction":{"idSuffix":"CbBg"}},"wdio_ui5_key":"applicationmanagehandovers-display-component---AddNewHO--popup-sa"}]}
RESULT: undefined
COMMAND: POST /session/c560a4da8281d0ae87757c6686821c71/element - {"using":"xpath","value":"//*[@id=\"application-managehandovers-display-component---AddNewHO--popup-sa\"]"}
RESULT: {"using":"xpath","value":"//*[@id=\"application-managehandovers-display-component---AddNewHO--popup-sa\"]"}
COMMAND: POST /session/c560a4da8281d0ae87757c6686821c71/element/f.437C3BD069600255C914999B9931D078.d.5DFE16B4551F7C1A40A16DC9FBB3910F.e.18065/click - {}
RESULT: {}
COMMAND: GET /session/c560a4da8281d0ae87757c6686821c71/screenshot - {}
RESULT: {}
COMMAND: POST /session/c560a4da8281d0ae87757c6686821c71/element - {"using":"xpath","value":"//bdi[contains(text(), \"Select\")]"}
RESULT: {"using":"xpath","value":"//bdi[contains(text(), \"Select\")]"}
COMMAND: POST /session/c560a4da8281d0ae87757c6686821c71/element/f.437C3BD069600255C914999B9931D078.d.5DFE16B4551F7C1A40A16DC9FBB3910F.e.18066/click - {}
RESULT: {}
COMMAND: GET /session/c560a4da8281d0ae87757c6686821c71/screenshot - {}
RESULT: {}
COMMAND: POST /session/c560a4da8281d0ae87757c6686821c71/element - {"using":"xpath","value":"//button[@data-kt=\"AddNewHOSaveButton\"]"}
RESULT: {"using":"xpath","value":"//button[@data-kt=\"AddNewHOSaveButton\"]"}
COMMAND: POST /session/c560a4da8281d0ae87757c6686821c71/element/f.437C3BD069600255C914999B9931D078.d.5DFE16B4551F7C1A40A16DC9FBB3910F.e.18070/click - {}
RESULT: {}
COMMAND: GET /session/c560a4da8281d0ae87757c6686821c71/screenshot - {}
COMMAND: POST /session/c560a4da8281d0ae87757c6686821c71/execute/async - {"script":"<script> [1562 bytes]","args":[{"selector":{"id":"receiptDatePicker","viewName":"etm.portal.ui.managehandovers.view.DetailExecuteHO","interaction":{"idSuffix":"inner"}},"wdio_ui5_key":"receiptDatePickeretmportal.ui.managehandovers.view.DetailExecuteHO"}]}
RESULT: {}
RESULT: {"script":"<script> [1562 bytes]","args":[{"selector":{"id":"receiptDatePicker","viewName":"etm.portal.ui.managehandovers.view.DetailExecuteHO","interaction":{"idSuffix":"inner"}},"wdio_ui5_key":"receiptDatePickeretmportal.ui.managehandovers.view.DetailExecuteHO"}]}
RESULT: undefined
COMMAND: POST /session/c560a4da8281d0ae87757c6686821c71/execute/async - {"script":"<script> [6424 bytes]","args":[{"element-6066-11e4-a52e-4f735466cecf":"f.437C3BD069600255C914999B9931D078.d.5DFE16B4551F7C1A40A16DC9FBB3910F.e.18094"},"setValue",["6/14/25"]]}
RESULT: {"script":"<script> [6424 bytes]","args":[{"element-6066-11e4-a52e-4f735466cecf":"f.437C3BD069600255C914999B9931D078.d.5DFE16B4551F7C1A40A16DC9FBB3910F.e.18094"},"setValue",["6/14/25"]]}
COMMAND: POST /session/c560a4da8281d0ae87757c6686821c71/element - {"using":"xpath","value":"//button[@data-kt=\"ReceivingTableConfirmAllButton\"]"}
RESULT: {"using":"xpath","value":"//button[@data-kt=\"ReceivingTableConfirmAllButton\"]"}
COMMAND: POST /session/c560a4da8281d0ae87757c6686821c71/element/f.437C3BD069600255C914999B9931D078.d.5DFE16B4551F7C1A40A16DC9FBB3910F.e.18108/click - {}
RESULT: {}
COMMAND: GET /session/c560a4da8281d0ae87757c6686821c71/screenshot - {}
RESULT: {}
COMMAND: POST /session/c560a4da8281d0ae87757c6686821c71/element - {"using":"xpath","value":"//bdi[contains(text(), \"OK\")]"}
RESULT: {"using":"xpath","value":"//bdi[contains(text(), \"OK\")]"}
COMMAND: POST /session/c560a4da8281d0ae87757c6686821c71/element/f.437C3BD069600255C914999B9931D078.d.5DFE16B4551F7C1A40A16DC9FBB3910F.e.18110/click - {}
RESULT: {}
COMMAND: GET /session/c560a4da8281d0ae87757c6686821c71/screenshot - {}
RESULT: {}
COMMAND: POST /session/c560a4da8281d0ae87757c6686821c71/element - {"using":"xpath","value":"(//bdi[contains(text(), \"Receive\")])[2]"}
RESULT: {"using":"xpath","value":"(//bdi[contains(text(), \"Receive\")])[2]"}
COMMAND: POST /session/c560a4da8281d0ae87757c6686821c71/element/f.437C3BD069600255C914999B9931D078.d.5DFE16B4551F7C1A40A16DC9FBB3910F.e.18112/click - {}
RESULT: {}
COMMAND: GET /session/c560a4da8281d0ae87757c6686821c71/screenshot - {}
RESULT: {}
COMMAND: POST /session/c560a4da8281d0ae87757c6686821c71/element - {"using":"css selector","value":"#shell-header-logo"}
RESULT: {"using":"css selector","value":"#shell-header-logo"}
COMMAND: POST /session/c560a4da8281d0ae87757c6686821c71/element/f.437C3BD069600255C914999B9931D078.d.5DFE16B4551F7C1A40A16DC9FBB3910F.e.17507/click - {}
RESULT: {}
COMMAND: GET /session/c560a4da8281d0ae87757c6686821c71/screenshot - {}
RESULT: {}
]]></system-out>
    </testcase>
    <testcase classname="chrome.137_0_7151_69.windows.Provide_to_Site_w/o_warehouse_management_w/o_clarification" name="Should create a new contract" time="56.13">
      <system-out><![CDATA[
COMMAND: POST /session/c560a4da8281d0ae87757c6686821c71/execute/async - {"script":"<script> [1562 bytes]","args":[{"selector":{"controlType":"sap.m.GenericTile","properties":{"header":"Manage Contracts"}},"wdio_ui5_key":"sapm.GenericTile{\"header\":\"Manage Contracts\"}"}]}
RESULT: {"script":"<script> [1562 bytes]","args":[{"selector":{"controlType":"sap.m.GenericTile","properties":{"header":"Manage Contracts"}},"wdio_ui5_key":"sapm.GenericTile{\"header\":\"Manage Contracts\"}"}]}
RESULT: undefined
COMMAND: POST /session/c560a4da8281d0ae87757c6686821c71/element - {"using":"xpath","value":"//*[@id=\"__tile132\"]"}
RESULT: {"using":"xpath","value":"//*[@id=\"__tile132\"]"}
COMMAND: POST /session/c560a4da8281d0ae87757c6686821c71/element/f.437C3BD069600255C914999B9931D078.d.5DFE16B4551F7C1A40A16DC9FBB3910F.e.16797/click - {}
RESULT: {}
COMMAND: GET /session/c560a4da8281d0ae87757c6686821c71/screenshot - {}
RESULT: {}
COMMAND: POST /session/c560a4da8281d0ae87757c6686821c71/elements - {"using":"xpath","value":"//span[text()='Error']"}
RESULT: {"using":"xpath","value":"//span[text()='Error']"}
COMMAND: POST /session/c560a4da8281d0ae87757c6686821c71/element - {"using":"xpath","value":"//button[@data-kt=\"addButton\"]"}
RESULT: {"using":"xpath","value":"//button[@data-kt=\"addButton\"]"}
COMMAND: POST /session/c560a4da8281d0ae87757c6686821c71/elements - {"using":"xpath","value":"//button[@data-kt=\"addButton\"]"}
RESULT: {"using":"xpath","value":"//button[@data-kt=\"addButton\"]"}
COMMAND: POST /session/c560a4da8281d0ae87757c6686821c71/execute/sync - {"script":"<script> [8489 bytes]","args":[{"element-6066-11e4-a52e-4f735466cecf":"f.437C3BD069600255C914999B9931D078.d.5DFE16B4551F7C1A40A16DC9FBB3910F.e.18436","ELEMENT":"f.437C3BD069600255C914999B9931D078.d.5DFE16B4551F7C1A40A16DC9FBB3910F.e.18436"}]}
RESULT: {"script":"<script> [8489 bytes]","args":[{"element-6066-11e4-a52e-4f735466cecf":"f.437C3BD069600255C914999B9931D078.d.5DFE16B4551F7C1A40A16DC9FBB3910F.e.18436","ELEMENT":"f.437C3BD069600255C914999B9931D078.d.5DFE16B4551F7C1A40A16DC9FBB3910F.e.18436"}]}
COMMAND: GET /session/c560a4da8281d0ae87757c6686821c71/element/f.437C3BD069600255C914999B9931D078.d.5DFE16B4551F7C1A40A16DC9FBB3910F.e.18436/enabled - {}
COMMAND: GET /session/c560a4da8281d0ae87757c6686821c71/screenshot - {}
RESULT: {}
COMMAND: POST /session/c560a4da8281d0ae87757c6686821c71/execute/sync - {"script":"<script> [8489 bytes]","args":[{"element-6066-11e4-a52e-4f735466cecf":"f.437C3BD069600255C914999B9931D078.d.5DFE16B4551F7C1A40A16DC9FBB3910F.e.18436","ELEMENT":"f.437C3BD069600255C914999B9931D078.d.5DFE16B4551F7C1A40A16DC9FBB3910F.e.18436"}]}
COMMAND: GET /session/c560a4da8281d0ae87757c6686821c71/screenshot - {}
RESULT: {}
RESULT: {"script":"<script> [8489 bytes]","args":[{"element-6066-11e4-a52e-4f735466cecf":"f.437C3BD069600255C914999B9931D078.d.5DFE16B4551F7C1A40A16DC9FBB3910F.e.18436","ELEMENT":"f.437C3BD069600255C914999B9931D078.d.5DFE16B4551F7C1A40A16DC9FBB3910F.e.18436"}]}
COMMAND: POST /session/c560a4da8281d0ae87757c6686821c71/execute/sync - {"script":"<script> [5351 bytes]","args":[{"element-6066-11e4-a52e-4f735466cecf":"f.437C3BD069600255C914999B9931D078.d.5DFE16B4551F7C1A40A16DC9FBB3910F.e.18436","ELEMENT":"f.437C3BD069600255C914999B9931D078.d.5DFE16B4551F7C1A40A16DC9FBB3910F.e.18436"}]}
COMMAND: GET /session/c560a4da8281d0ae87757c6686821c71/screenshot - {}
RESULT: {}
RESULT: {"script":"<script> [5351 bytes]","args":[{"element-6066-11e4-a52e-4f735466cecf":"f.437C3BD069600255C914999B9931D078.d.5DFE16B4551F7C1A40A16DC9FBB3910F.e.18436","ELEMENT":"f.437C3BD069600255C914999B9931D078.d.5DFE16B4551F7C1A40A16DC9FBB3910F.e.18436"}]}
COMMAND: GET /session/c560a4da8281d0ae87757c6686821c71/screenshot - {}
RESULT: {}
RESULT: {}
COMMAND: POST /session/c560a4da8281d0ae87757c6686821c71/element/f.437C3BD069600255C914999B9931D078.d.5DFE16B4551F7C1A40A16DC9FBB3910F.e.18436/click - {}
RESULT: {}
COMMAND: GET /session/c560a4da8281d0ae87757c6686821c71/screenshot - {}
RESULT: {}
COMMAND: POST /session/c560a4da8281d0ae87757c6686821c71/execute/async - {"script":"<script> [1562 bytes]","args":[{"selector":{"id":"application-managecontracts-display-component---AddNewContract--projectDescription","interaction":{"idSuffix":"inner"}},"wdio_ui5_key":"applicationmanagecontracts-display-component---AddNewContract--projectDescription"}]}
RESULT: {"script":"<script> [1562 bytes]","args":[{"selector":{"id":"application-managecontracts-display-component---AddNewContract--projectDescription","interaction":{"idSuffix":"inner"}},"wdio_ui5_key":"applicationmanagecontracts-display-component---AddNewContract--projectDescription"}]}
RESULT: undefined
COMMAND: POST /session/c560a4da8281d0ae87757c6686821c71/execute/async - {"script":"<script> [776 bytes]","args":[{"enterText":"Contract WDIO","selector":{"id":"application-managecontracts-display-component---AddNewContract--projectDescription","interaction":{"idSuffix":"inner"}},"clearTextFirst":true,"interactionType":"ENTER_TEXT"}]}
RESULT: {"script":"<script> [776 bytes]","args":[{"enterText":"Contract WDIO","selector":{"id":"application-managecontracts-display-component---AddNewContract--projectDescription","interaction":{"idSuffix":"inner"}},"clearTextFirst":true,"interactionType":"ENTER_TEXT"}]}
COMMAND: POST /session/c560a4da8281d0ae87757c6686821c71/element - {"using":"xpath","value":"//input[@id=\"application-managecontracts-display-component---AddNewContract--site-inner\"]"}
RESULT: {"using":"xpath","value":"//input[@id=\"application-managecontracts-display-component---AddNewContract--site-inner\"]"}
COMMAND: POST /session/c560a4da8281d0ae87757c6686821c71/element/f.437C3BD069600255C914999B9931D078.d.5DFE16B4551F7C1A40A16DC9FBB3910F.e.18759/clear - {}
RESULT: {}
COMMAND: POST /session/c560a4da8281d0ae87757c6686821c71/element/f.437C3BD069600255C914999B9931D078.d.5DFE16B4551F7C1A40A16DC9FBB3910F.e.18759/value - {"text":"2107"}
COMMAND: GET /session/c560a4da8281d0ae87757c6686821c71/screenshot - {}
RESULT: {"text":"2107"}
COMMAND: GET /session/c560a4da8281d0ae87757c6686821c71/screenshot - {}
RESULT: {}
RESULT: {}
COMMAND: POST /session/c560a4da8281d0ae87757c6686821c71/element - {"using":"xpath","value":"//li[.//span[text()='2107']]"}
RESULT: {"using":"xpath","value":"//li[.//span[text()='2107']]"}
COMMAND: POST /session/c560a4da8281d0ae87757c6686821c71/element/f.437C3BD069600255C914999B9931D078.d.5DFE16B4551F7C1A40A16DC9FBB3910F.e.18842/click - {}
RESULT: {}
COMMAND: GET /session/c560a4da8281d0ae87757c6686821c71/screenshot - {}
RESULT: {}
COMMAND: POST /session/c560a4da8281d0ae87757c6686821c71/element - {"using":"xpath","value":"//input[@id=\"application-managecontracts-display-component---AddNewContract--yardId-inner\"]"}
RESULT: {"using":"xpath","value":"//input[@id=\"application-managecontracts-display-component---AddNewContract--yardId-inner\"]"}
COMMAND: GET /session/c560a4da8281d0ae87757c6686821c71/element/f.437C3BD069600255C914999B9931D078.d.5DFE16B4551F7C1A40A16DC9FBB3910F.e.18760/property/value - {}
RESULT: {}
COMMAND: POST /session/c560a4da8281d0ae87757c6686821c71/element - {"using":"xpath","value":"//input[@id=\"application-managecontracts-display-component---AddNewContract--customerSelect-inner\"]"}
COMMAND: GET /session/c560a4da8281d0ae87757c6686821c71/screenshot - {}
RESULT: {"using":"xpath","value":"//input[@id=\"application-managecontracts-display-component---AddNewContract--customerSelect-inner\"]"}
COMMAND: POST /session/c560a4da8281d0ae87757c6686821c71/element/f.437C3BD069600255C914999B9931D078.d.5DFE16B4551F7C1A40A16DC9FBB3910F.e.18758/clear - {}
RESULT: {}
RESULT: {}
COMMAND: POST /session/c560a4da8281d0ae87757c6686821c71/element/f.437C3BD069600255C914999B9931D078.d.5DFE16B4551F7C1A40A16DC9FBB3910F.e.18758/value - {"text":"1116"}
COMMAND: GET /session/c560a4da8281d0ae87757c6686821c71/screenshot - {}
RESULT: {"text":"1116"}
COMMAND: GET /session/c560a4da8281d0ae87757c6686821c71/screenshot - {}
RESULT: {}
RESULT: {}
COMMAND: POST /session/c560a4da8281d0ae87757c6686821c71/element - {"using":"xpath","value":"//li[.//span[text()='1116']]"}
RESULT: {"using":"xpath","value":"//li[.//span[text()='1116']]"}
COMMAND: POST /session/c560a4da8281d0ae87757c6686821c71/element/f.437C3BD069600255C914999B9931D078.d.5DFE16B4551F7C1A40A16DC9FBB3910F.e.18845/click - {}
RESULT: {}
COMMAND: GET /session/c560a4da8281d0ae87757c6686821c71/screenshot - {}
RESULT: {}
COMMAND: POST /session/c560a4da8281d0ae87757c6686821c71/element - {"using":"xpath","value":"//button[@data-kt=\"saveButton\"]"}
RESULT: {"using":"xpath","value":"//button[@data-kt=\"saveButton\"]"}
COMMAND: POST /session/c560a4da8281d0ae87757c6686821c71/element/f.437C3BD069600255C914999B9931D078.d.5DFE16B4551F7C1A40A16DC9FBB3910F.e.18835/click - {}
RESULT: {}
COMMAND: GET /session/c560a4da8281d0ae87757c6686821c71/screenshot - {}
RESULT: {}
COMMAND: POST /session/c560a4da8281d0ae87757c6686821c71/element - {"using":"xpath","value":"//span[contains(@id ,\"contractDetailTitleNoExpanded\")]"}
RESULT: {"using":"xpath","value":"//span[contains(@id ,\"contractDetailTitleNoExpanded\")]"}
COMMAND: POST /session/c560a4da8281d0ae87757c6686821c71/elements - {"using":"xpath","value":"//span[contains(@id ,\"contractDetailTitleNoExpanded\")]"}
RESULT: {"using":"xpath","value":"//span[contains(@id ,\"contractDetailTitleNoExpanded\")]"}
COMMAND: POST /session/c560a4da8281d0ae87757c6686821c71/execute/sync - {"script":"<script> [56 bytes]","args":[{"element-6066-11e4-a52e-4f735466cecf":"f.437C3BD069600255C914999B9931D078.d.5DFE16B4551F7C1A40A16DC9FBB3910F.e.18853","ELEMENT":"f.437C3BD069600255C914999B9931D078.d.5DFE16B4551F7C1A40A16DC9FBB3910F.e.18853"}]}
RESULT: {"script":"<script> [56 bytes]","args":[{"element-6066-11e4-a52e-4f735466cecf":"f.437C3BD069600255C914999B9931D078.d.5DFE16B4551F7C1A40A16DC9FBB3910F.e.18853","ELEMENT":"f.437C3BD069600255C914999B9931D078.d.5DFE16B4551F7C1A40A16DC9FBB3910F.e.18853"}]}
COMMAND: GET /session/c560a4da8281d0ae87757c6686821c71/screenshot - {}
RESULT: {}
]]></system-out>
    </testcase>
    <testcase classname="chrome.137_0_7151_69.windows.Provide_to_Site_w/o_warehouse_management_w/o_clarification" name="Should add equipment to the contract" time="58.902">
      <system-out><![CDATA[
COMMAND: POST /session/c560a4da8281d0ae87757c6686821c71/element - {"using":"xpath","value":"//button[@data-kt=\"contractDetailEditBtnButton\"]"}
RESULT: {"using":"xpath","value":"//button[@data-kt=\"contractDetailEditBtnButton\"]"}
COMMAND: POST /session/c560a4da8281d0ae87757c6686821c71/element/f.437C3BD069600255C914999B9931D078.d.5DFE16B4551F7C1A40A16DC9FBB3910F.e.18856/click - {}
RESULT: {}
COMMAND: GET /session/c560a4da8281d0ae87757c6686821c71/screenshot - {}
RESULT: {}
COMMAND: POST /session/c560a4da8281d0ae87757c6686821c71/element - {"using":"xpath","value":"(//span[contains(text(), \"Additional Addresses\")])[2]"}
RESULT: {"using":"xpath","value":"(//span[contains(text(), \"Additional Addresses\")])[2]"}
COMMAND: POST /session/c560a4da8281d0ae87757c6686821c71/element/f.437C3BD069600255C914999B9931D078.d.5DFE16B4551F7C1A40A16DC9FBB3910F.e.18912/click - {}
RESULT: {}
COMMAND: GET /session/c560a4da8281d0ae87757c6686821c71/screenshot - {}
RESULT: {}
COMMAND: POST /session/c560a4da8281d0ae87757c6686821c71/element - {"using":"xpath","value":"//button[@data-kt=\"btnAddTableRowOverflowToolbarButton\"]"}
RESULT: {"using":"xpath","value":"//button[@data-kt=\"btnAddTableRowOverflowToolbarButton\"]"}
COMMAND: POST /session/c560a4da8281d0ae87757c6686821c71/element/f.437C3BD069600255C914999B9931D078.d.5DFE16B4551F7C1A40A16DC9FBB3910F.e.18914/click - {}
RESULT: {}
COMMAND: GET /session/c560a4da8281d0ae87757c6686821c71/screenshot - {}
RESULT: {}
COMMAND: POST /session/c560a4da8281d0ae87757c6686821c71/element - {"using":"xpath","value":"//div[(text() = 'Standard Entry' or . = 'Standard Entry')]"}
RESULT: {"using":"xpath","value":"//div[(text() = 'Standard Entry' or . = 'Standard Entry')]"}
COMMAND: POST /session/c560a4da8281d0ae87757c6686821c71/element/f.437C3BD069600255C914999B9931D078.d.5DFE16B4551F7C1A40A16DC9FBB3910F.e.18916/click - {}
RESULT: {}
COMMAND: GET /session/c560a4da8281d0ae87757c6686821c71/screenshot - {}
RESULT: {}
COMMAND: POST /session/c560a4da8281d0ae87757c6686821c71/element - {"using":"xpath","value":"//td[6]/div/div/div/span"}
RESULT: {"using":"xpath","value":"//td[6]/div/div/div/span"}
COMMAND: POST /session/c560a4da8281d0ae87757c6686821c71/element/f.437C3BD069600255C914999B9931D078.d.5DFE16B4551F7C1A40A16DC9FBB3910F.e.18928/click - {}
RESULT: {}
COMMAND: GET /session/c560a4da8281d0ae87757c6686821c71/screenshot - {}
RESULT: {}
COMMAND: POST /session/c560a4da8281d0ae87757c6686821c71/element - {"using":"xpath","value":"(//span[contains(text(), \"Material\")])"}
RESULT: {"using":"xpath","value":"(//span[contains(text(), \"Material\")])"}
COMMAND: POST /session/c560a4da8281d0ae87757c6686821c71/element/f.437C3BD069600255C914999B9931D078.d.5DFE16B4551F7C1A40A16DC9FBB3910F.e.18929/click - {}
RESULT: {}
COMMAND: GET /session/c560a4da8281d0ae87757c6686821c71/screenshot - {}
RESULT: {}
COMMAND: POST /session/c560a4da8281d0ae87757c6686821c71/element - {"using":"xpath","value":"//td[7]/div/div/input"}
RESULT: {"using":"xpath","value":"//td[7]/div/div/input"}
COMMAND: POST /session/c560a4da8281d0ae87757c6686821c71/element/f.437C3BD069600255C914999B9931D078.d.5DFE16B4551F7C1A40A16DC9FBB3910F.e.18933/clear - {}
RESULT: {}
COMMAND: POST /session/c560a4da8281d0ae87757c6686821c71/element/f.437C3BD069600255C914999B9931D078.d.5DFE16B4551F7C1A40A16DC9FBB3910F.e.18933/value - {"text":"200141"}
COMMAND: GET /session/c560a4da8281d0ae87757c6686821c71/screenshot - {}
RESULT: {"text":"200141"}
COMMAND: GET /session/c560a4da8281d0ae87757c6686821c71/screenshot - {}
RESULT: {}
RESULT: {}
COMMAND: POST /session/c560a4da8281d0ae87757c6686821c71/actions - {"actions":[{"id":"action57","type":"key","parameters":{},"actions":[{"type":"keyDown","value":""},{"type":"pause","duration":10},{"type":"keyUp","value":""}]}]}
RESULT: {"actions":[{"id":"action57","type":"key","parameters":{},"actions":[{"type":"keyDown","value":""},{"type":"pause","duration":10},{"type":"keyUp","value":""}]}]}
COMMAND: GET /session/c560a4da8281d0ae87757c6686821c71/screenshot - {}
RESULT: {}
COMMAND: POST /session/c560a4da8281d0ae87757c6686821c71/execute/sync - {"script":"<script> [276 bytes]","args":["No pricing information was found"]}
RESULT: {"script":"<script> [276 bytes]","args":["No pricing information was found"]}
COMMAND: POST /session/c560a4da8281d0ae87757c6686821c71/element - {"using":"xpath","value":"//bdi[contains(text(), \"OK\")]"}
COMMAND: GET /session/c560a4da8281d0ae87757c6686821c71/screenshot - {}
RESULT: {"using":"xpath","value":"//bdi[contains(text(), \"OK\")]"}
COMMAND: POST /session/c560a4da8281d0ae87757c6686821c71/element/f.437C3BD069600255C914999B9931D078.d.5DFE16B4551F7C1A40A16DC9FBB3910F.e.18959/click - {}
RESULT: {}
RESULT: {}
COMMAND: GET /session/c560a4da8281d0ae87757c6686821c71/screenshot - {}
RESULT: {}
COMMAND: POST /session/c560a4da8281d0ae87757c6686821c71/element - {"using":"xpath","value":"(//button[@data-kt=\"saveButton\"])[2]"}
RESULT: {"using":"xpath","value":"(//button[@data-kt=\"saveButton\"])[2]"}
COMMAND: POST /session/c560a4da8281d0ae87757c6686821c71/element/f.437C3BD069600255C914999B9931D078.d.5DFE16B4551F7C1A40A16DC9FBB3910F.e.18960/click - {}
RESULT: {}
COMMAND: GET /session/c560a4da8281d0ae87757c6686821c71/screenshot - {}
RESULT: {}
COMMAND: POST /session/c560a4da8281d0ae87757c6686821c71/execute/sync - {"script":"<script> [276 bytes]","args":["Some contract items are having rental validity exceeding header rental validity"]}
RESULT: {"script":"<script> [276 bytes]","args":["Some contract items are having rental validity exceeding header rental validity"]}
COMMAND: GET /session/c560a4da8281d0ae87757c6686821c71/screenshot - {}
RESULT: {}
COMMAND: POST /session/c560a4da8281d0ae87757c6686821c71/element - {"using":"xpath","value":"//span[contains(@id ,\"contractItemsSmartTable-header-inner\")]"}
RESULT: {"using":"xpath","value":"//span[contains(@id ,\"contractItemsSmartTable-header-inner\")]"}
COMMAND: POST /session/c560a4da8281d0ae87757c6686821c71/elements - {"using":"xpath","value":"//span[contains(@id ,\"contractItemsSmartTable-header-inner\")]"}
RESULT: {"using":"xpath","value":"//span[contains(@id ,\"contractItemsSmartTable-header-inner\")]"}
COMMAND: POST /session/c560a4da8281d0ae87757c6686821c71/execute/sync - {"script":"<script> [56 bytes]","args":[{"element-6066-11e4-a52e-4f735466cecf":"f.437C3BD069600255C914999B9931D078.d.5DFE16B4551F7C1A40A16DC9FBB3910F.e.18964","ELEMENT":"f.437C3BD069600255C914999B9931D078.d.5DFE16B4551F7C1A40A16DC9FBB3910F.e.18964"}]}
RESULT: {"script":"<script> [56 bytes]","args":[{"element-6066-11e4-a52e-4f735466cecf":"f.437C3BD069600255C914999B9931D078.d.5DFE16B4551F7C1A40A16DC9FBB3910F.e.18964","ELEMENT":"f.437C3BD069600255C914999B9931D078.d.5DFE16B4551F7C1A40A16DC9FBB3910F.e.18964"}]}
]]></system-out>
    </testcase>
    <testcase classname="chrome.137_0_7151_69.windows.Provide_to_Site_w/o_warehouse_management_w/o_clarification" name="Should do provide to site" time="142.611">
      <system-out><![CDATA[
COMMAND: POST /session/c560a4da8281d0ae87757c6686821c71/element - {"using":"xpath","value":"//button[@data-kt=\"provideButton\"]"}
COMMAND: GET /session/c560a4da8281d0ae87757c6686821c71/screenshot - {}
RESULT: {"using":"xpath","value":"//button[@data-kt=\"provideButton\"]"}
COMMAND: POST /session/c560a4da8281d0ae87757c6686821c71/element/f.437C3BD069600255C914999B9931D078.d.5DFE16B4551F7C1A40A16DC9FBB3910F.e.18965/click - {}
RESULT: {}
RESULT: {}
COMMAND: GET /session/c560a4da8281d0ae87757c6686821c71/screenshot - {}
RESULT: {}
COMMAND: POST /session/c560a4da8281d0ae87757c6686821c71/element - {"using":"xpath","value":"(//div[contains(@id, \"application-managehandovers-display-component---AddNewHO--oneStep-CbBg\")])"}
RESULT: {"using":"xpath","value":"(//div[contains(@id, \"application-managehandovers-display-component---AddNewHO--oneStep-CbBg\")])"}
COMMAND: POST /session/c560a4da8281d0ae87757c6686821c71/element - {"using":"xpath","value":"(//div[contains(@id, \"application-managehandovers-display-component---AddNewHO--oneStep-CbBg\")])/input"}
RESULT: {"using":"xpath","value":"(//div[contains(@id, \"application-managehandovers-display-component---AddNewHO--oneStep-CbBg\")])/input"}
COMMAND: GET /session/c560a4da8281d0ae87757c6686821c71/element/f.437C3BD069600255C914999B9931D078.d.5DFE16B4551F7C1A40A16DC9FBB3910F.e.19045/attribute/checked - {}
RESULT: {}
RESULT: undefined
COMMAND: POST /session/c560a4da8281d0ae87757c6686821c71/execute/async - {"script":"<script> [6424 bytes]","args":[{"element-6066-11e4-a52e-4f735466cecf":"f.437C3BD069600255C914999B9931D078.d.5DFE16B4551F7C1A40A16DC9FBB3910F.e.17886"},"setValue",["06/14/25"]]}
COMMAND: POST /session/c560a4da8281d0ae87757c6686821c71/element/f.437C3BD069600255C914999B9931D078.d.5DFE16B4551F7C1A40A16DC9FBB3910F.e.19274/click - {}
COMMAND: POST /session/c560a4da8281d0ae87757c6686821c71/execute/async - {"script":"<script> [1562 bytes]","args":[{"selector":{"id":"application-managehandovers-display-component---AddNewHO--dueDate","interaction":{"idSuffix":"inner"}},"wdio_ui5_key":"applicationmanagehandovers-display-component---AddNewHO--dueDate"}]}
RESULT: {}
COMMAND: GET /session/c560a4da8281d0ae87757c6686821c71/screenshot - {}
RESULT: {"script":"<script> [1562 bytes]","args":[{"selector":{"id":"application-managehandovers-display-component---AddNewHO--dueDate","interaction":{"idSuffix":"inner"}},"wdio_ui5_key":"applicationmanagehandovers-display-component---AddNewHO--dueDate"}]}
COMMAND: POST /session/c560a4da8281d0ae87757c6686821c71/execute/async - {"script":"<script> [6424 bytes]","args":[{"element-6066-11e4-a52e-4f735466cecf":"f.437C3BD069600255C914999B9931D078.d.5DFE16B4551F7C1A40A16DC9FBB3910F.e.19041"},"setValue",["06/14/25"]]}
RESULT: {}
RESULT: {"script":"<script> [6424 bytes]","args":[{"element-6066-11e4-a52e-4f735466cecf":"f.437C3BD069600255C914999B9931D078.d.5DFE16B4551F7C1A40A16DC9FBB3910F.e.19041"},"setValue",["06/14/25"]]}
COMMAND: POST /session/c560a4da8281d0ae87757c6686821c71/element - {"using":"xpath","value":"//bdi[contains(text(), \"Instructions\")]"}
RESULT: {"using":"xpath","value":"//bdi[contains(text(), \"Instructions\")]"}
COMMAND: POST /session/c560a4da8281d0ae87757c6686821c71/element/f.437C3BD069600255C914999B9931D078.d.5DFE16B4551F7C1A40A16DC9FBB3910F.e.19276/click - {}
RESULT: {}
COMMAND: GET /session/c560a4da8281d0ae87757c6686821c71/screenshot - {}
RESULT: {}
COMMAND: POST /session/c560a4da8281d0ae87757c6686821c71/element - {"using":"xpath","value":"//button[@data-kt=\"AddNewHOProvideAddItemsButton\"]"}
RESULT: {"using":"xpath","value":"//button[@data-kt=\"AddNewHOProvideAddItemsButton\"]"}
COMMAND: POST /session/c560a4da8281d0ae87757c6686821c71/element/f.437C3BD069600255C914999B9931D078.d.5DFE16B4551F7C1A40A16DC9FBB3910F.e.19280/click - {}
RESULT: {}
COMMAND: GET /session/c560a4da8281d0ae87757c6686821c71/screenshot - {}
RESULT: {}
RESULT: undefined
COMMAND: POST /session/c560a4da8281d0ae87757c6686821c71/element - {"using":"xpath","value":"//*[@id=\"application-managehandovers-display-component---AddNewHO--popup-sa\"]"}
RESULT: {"using":"xpath","value":"//*[@id=\"application-managehandovers-display-component---AddNewHO--popup-sa\"]"}
COMMAND: POST /session/c560a4da8281d0ae87757c6686821c71/element/f.437C3BD069600255C914999B9931D078.d.5DFE16B4551F7C1A40A16DC9FBB3910F.e.19290/click - {}
RESULT: {}
COMMAND: GET /session/c560a4da8281d0ae87757c6686821c71/screenshot - {}
RESULT: {}
COMMAND: POST /session/c560a4da8281d0ae87757c6686821c71/element - {"using":"xpath","value":"//*[contains(@id ,\"BDI-content\")][contains(text(), \"Select\")]"}
RESULT: {"using":"xpath","value":"//*[contains(@id ,\"BDI-content\")][contains(text(), \"Select\")]"}
COMMAND: POST /session/c560a4da8281d0ae87757c6686821c71/element/f.437C3BD069600255C914999B9931D078.d.5DFE16B4551F7C1A40A16DC9FBB3910F.e.19291/click - {}
RESULT: {}
COMMAND: GET /session/c560a4da8281d0ae87757c6686821c71/screenshot - {}
RESULT: {}
COMMAND: POST /session/c560a4da8281d0ae87757c6686821c71/execute/async - {"script":"<script> [1562 bytes]","args":[{"selector":{"id":"application-managehandovers-display-component---AddNewHO--confirmCreationButton","interaction":{"idSuffix":"BDI-content"}},"wdio_ui5_key":"applicationmanagehandovers-display-component---AddNewHO--confirmCreationButton"}]}
RESULT: {"script":"<script> [1562 bytes]","args":[{"selector":{"id":"application-managehandovers-display-component---AddNewHO--confirmCreationButton","interaction":{"idSuffix":"BDI-content"}},"wdio_ui5_key":"applicationmanagehandovers-display-component---AddNewHO--confirmCreationButton"}]}
RESULT: undefined
COMMAND: POST /session/c560a4da8281d0ae87757c6686821c71/element - {"using":"xpath","value":"//*[@id=\"application-managehandovers-display-component---AddNewHO--confirmCreationButton\"]"}
RESULT: {"using":"xpath","value":"//*[@id=\"application-managehandovers-display-component---AddNewHO--confirmCreationButton\"]"}
COMMAND: POST /session/c560a4da8281d0ae87757c6686821c71/element/f.437C3BD069600255C914999B9931D078.d.5DFE16B4551F7C1A40A16DC9FBB3910F.e.19088/click - {}
RESULT: {}
COMMAND: GET /session/c560a4da8281d0ae87757c6686821c71/screenshot - {}
RESULT: {}
COMMAND: POST /session/c560a4da8281d0ae87757c6686821c71/execute/async - {"script":"<script> [1562 bytes]","args":[{"selector":{"id":"issueDatePicker","viewName":"etm.portal.ui.managehandovers.view.DetailExecuteHO","interaction":{"idSuffix":"inner"}},"wdio_ui5_key":"issueDatePickeretmportal.ui.managehandovers.view.DetailExecuteHO"}]}
RESULT: {"script":"<script> [1562 bytes]","args":[{"selector":{"id":"issueDatePicker","viewName":"etm.portal.ui.managehandovers.view.DetailExecuteHO","interaction":{"idSuffix":"inner"}},"wdio_ui5_key":"issueDatePickeretmportal.ui.managehandovers.view.DetailExecuteHO"}]}
RESULT: undefined
COMMAND: POST /session/c560a4da8281d0ae87757c6686821c71/execute/async - {"script":"<script> [776 bytes]","args":[{"enterText":"6/14/25","selector":{"id":"issueDatePicker","viewName":"etm.portal.ui.managehandovers.view.DetailExecuteHO","interaction":{"idSuffix":"inner"}},"clearTextFirst":true,"interactionType":"ENTER_TEXT"}]}
RESULT: {"script":"<script> [776 bytes]","args":[{"enterText":"6/14/25","selector":{"id":"issueDatePicker","viewName":"etm.portal.ui.managehandovers.view.DetailExecuteHO","interaction":{"idSuffix":"inner"}},"clearTextFirst":true,"interactionType":"ENTER_TEXT"}]}
COMMAND: POST /session/c560a4da8281d0ae87757c6686821c71/element - {"using":"xpath","value":"//button[@data-kt=\"PickingTableConfirmAllButton\"]"}
RESULT: {"using":"xpath","value":"//button[@data-kt=\"PickingTableConfirmAllButton\"]"}
COMMAND: POST /session/c560a4da8281d0ae87757c6686821c71/element/f.437C3BD069600255C914999B9931D078.d.5DFE16B4551F7C1A40A16DC9FBB3910F.e.19349/click - {}
RESULT: {}
COMMAND: GET /session/c560a4da8281d0ae87757c6686821c71/screenshot - {}
RESULT: {}
COMMAND: POST /session/c560a4da8281d0ae87757c6686821c71/element - {"using":"xpath","value":"//bdi[contains(text(), \"OK\")]"}
RESULT: {"using":"xpath","value":"//bdi[contains(text(), \"OK\")]"}
COMMAND: POST /session/c560a4da8281d0ae87757c6686821c71/element/f.437C3BD069600255C914999B9931D078.d.5DFE16B4551F7C1A40A16DC9FBB3910F.e.19352/click - {}
RESULT: {}
COMMAND: GET /session/c560a4da8281d0ae87757c6686821c71/screenshot - {}
RESULT: {}
COMMAND: POST /session/c560a4da8281d0ae87757c6686821c71/element - {"using":"xpath","value":"//button[@data-kt=\"execHoPickButton\"]"}
RESULT: {"using":"xpath","value":"//button[@data-kt=\"execHoPickButton\"]"}
COMMAND: POST /session/c560a4da8281d0ae87757c6686821c71/element/f.437C3BD069600255C914999B9931D078.d.5DFE16B4551F7C1A40A16DC9FBB3910F.e.19354/click - {}
RESULT: {}
COMMAND: GET /session/c560a4da8281d0ae87757c6686821c71/screenshot - {}
RESULT: {}
COMMAND: POST /session/c560a4da8281d0ae87757c6686821c71/element - {"using":"xpath","value":"//span[contains(@id ,\"filterItemControl_BASIC-RECEIVE_CONTRACT-vhi\")]"}
RESULT: {"using":"xpath","value":"//span[contains(@id ,\"filterItemControl_BASIC-RECEIVE_CONTRACT-vhi\")]"}
COMMAND: POST /session/c560a4da8281d0ae87757c6686821c71/element/f.437C3BD069600255C914999B9931D078.d.5DFE16B4551F7C1A40A16DC9FBB3910F.e.19712/click - {}
RESULT: {}
COMMAND: GET /session/c560a4da8281d0ae87757c6686821c71/screenshot - {}
RESULT: {}
COMMAND: POST /session/c560a4da8281d0ae87757c6686821c71/execute/async - {"script":"<script> [1562 bytes]","args":[{"selector":{"controlType":"sap.m.SearchField","viewName":"etm.portal.ui.managehandovers.view.MasterHO","bindingPath":{"path":"","propertyPath":"/_BASIC_SEARCH_FIELD","modelName":"fi1t3rM0d31"},"searchOpenDialogs":true,"interaction":{"idSuffix":"I"}},"wdio_ui5_key":"etmportal.ui.managehandovers.view.MasterHOsap.m.SearchField{\"path\":\"\",\"propertyPath\":\"/_BASIC_SEARCH_FIELD\",\"modelName\":\"fi1t3rM0d31\"}"}]}
RESULT: {"script":"<script> [1562 bytes]","args":[{"selector":{"controlType":"sap.m.SearchField","viewName":"etm.portal.ui.managehandovers.view.MasterHO","bindingPath":{"path":"","propertyPath":"/_BASIC_SEARCH_FIELD","modelName":"fi1t3rM0d31"},"searchOpenDialogs":true,"interaction":{"idSuffix":"I"}},"wdio_ui5_key":"etmportal.ui.managehandovers.view.MasterHOsap.m.SearchField{\"path\":\"\",\"propertyPath\":\"/_BASIC_SEARCH_FIELD\",\"modelName\":\"fi1t3rM0d31\"}"}]}
RESULT: undefined
COMMAND: POST /session/c560a4da8281d0ae87757c6686821c71/execute/async - {"script":"<script> [776 bytes]","args":[{"enterText":"10198","selector":{"controlType":"sap.m.SearchField","viewName":"etm.portal.ui.managehandovers.view.MasterHO","bindingPath":{"path":"","propertyPath":"/_BASIC_SEARCH_FIELD","modelName":"fi1t3rM0d31"},"searchOpenDialogs":true,"interaction":{"idSuffix":"I"}},"clearTextFirst":true,"interactionType":"ENTER_TEXT"}]}
RESULT: {"script":"<script> [776 bytes]","args":[{"enterText":"10198","selector":{"controlType":"sap.m.SearchField","viewName":"etm.portal.ui.managehandovers.view.MasterHO","bindingPath":{"path":"","propertyPath":"/_BASIC_SEARCH_FIELD","modelName":"fi1t3rM0d31"},"searchOpenDialogs":true,"interaction":{"idSuffix":"I"}},"clearTextFirst":true,"interactionType":"ENTER_TEXT"}]}
COMMAND: POST /session/c560a4da8281d0ae87757c6686821c71/actions - {"actions":[{"id":"action58","type":"key","parameters":{},"actions":[{"type":"keyDown","value":""},{"type":"pause","duration":10},{"type":"keyUp","value":""}]}]}
RESULT: {"actions":[{"id":"action58","type":"key","parameters":{},"actions":[{"type":"keyDown","value":""},{"type":"pause","duration":10},{"type":"keyUp","value":""}]}]}
COMMAND: GET /session/c560a4da8281d0ae87757c6686821c71/screenshot - {}
RESULT: {}
COMMAND: POST /session/c560a4da8281d0ae87757c6686821c71/element - {"using":"xpath","value":"//div[contains(@id, 'filterItemControl_BASIC-RECEIVE_CONTRACT-valueHelpDialog-table-rowsel0')]"}
RESULT: {"using":"xpath","value":"//div[contains(@id, 'filterItemControl_BASIC-RECEIVE_CONTRACT-valueHelpDialog-table-rowsel0')]"}
COMMAND: POST /session/c560a4da8281d0ae87757c6686821c71/element/f.437C3BD069600255C914999B9931D078.d.5DFE16B4551F7C1A40A16DC9FBB3910F.e.19721/click - {}
RESULT: {}
COMMAND: GET /session/c560a4da8281d0ae87757c6686821c71/screenshot - {}
RESULT: {}
COMMAND: POST /session/c560a4da8281d0ae87757c6686821c71/element - {"using":"xpath","value":"//bdi[contains(text(), \"OK\")]"}
RESULT: {"using":"xpath","value":"//bdi[contains(text(), \"OK\")]"}
COMMAND: POST /session/c560a4da8281d0ae87757c6686821c71/element/f.437C3BD069600255C914999B9931D078.d.5DFE16B4551F7C1A40A16DC9FBB3910F.e.19723/click - {}
RESULT: {}
COMMAND: GET /session/c560a4da8281d0ae87757c6686821c71/screenshot - {}
RESULT: {}
COMMAND: POST /session/c560a4da8281d0ae87757c6686821c71/element - {"using":"xpath","value":"//span[contains(@id, \"smartTable-header-inner\")]"}
RESULT: {"using":"xpath","value":"//span[contains(@id, \"smartTable-header-inner\")]"}
COMMAND: POST /session/c560a4da8281d0ae87757c6686821c71/elements - {"using":"xpath","value":"//span[contains(@id, \"smartTable-header-inner\")]"}
RESULT: {"using":"xpath","value":"//span[contains(@id, \"smartTable-header-inner\")]"}
COMMAND: POST /session/c560a4da8281d0ae87757c6686821c71/execute/sync - {"script":"<script> [56 bytes]","args":[{"element-6066-11e4-a52e-4f735466cecf":"f.437C3BD069600255C914999B9931D078.d.5DFE16B4551F7C1A40A16DC9FBB3910F.e.19749","ELEMENT":"f.437C3BD069600255C914999B9931D078.d.5DFE16B4551F7C1A40A16DC9FBB3910F.e.19749"}]}
RESULT: {"script":"<script> [56 bytes]","args":[{"element-6066-11e4-a52e-4f735466cecf":"f.437C3BD069600255C914999B9931D078.d.5DFE16B4551F7C1A40A16DC9FBB3910F.e.19749","ELEMENT":"f.437C3BD069600255C914999B9931D078.d.5DFE16B4551F7C1A40A16DC9FBB3910F.e.19749"}]}
COMMAND: POST /session/c560a4da8281d0ae87757c6686821c71/element - {"using":"xpath","value":"//table[contains(@id, \"customHandovers\")]//tbody/tr[1]/td[2]/span"}
COMMAND: GET /session/c560a4da8281d0ae87757c6686821c71/screenshot - {}
RESULT: {"using":"xpath","value":"//table[contains(@id, \"customHandovers\")]//tbody/tr[1]/td[2]/span"}
COMMAND: POST /session/c560a4da8281d0ae87757c6686821c71/execute/sync - {"script":"<script> [56 bytes]","args":[{"element-6066-11e4-a52e-4f735466cecf":"f.437C3BD069600255C914999B9931D078.d.5DFE16B4551F7C1A40A16DC9FBB3910F.e.19750","ELEMENT":"f.437C3BD069600255C914999B9931D078.d.5DFE16B4551F7C1A40A16DC9FBB3910F.e.19750"}]}
RESULT: {}
RESULT: {"script":"<script> [56 bytes]","args":[{"element-6066-11e4-a52e-4f735466cecf":"f.437C3BD069600255C914999B9931D078.d.5DFE16B4551F7C1A40A16DC9FBB3910F.e.19750","ELEMENT":"f.437C3BD069600255C914999B9931D078.d.5DFE16B4551F7C1A40A16DC9FBB3910F.e.19750"}]}
COMMAND: POST /session/c560a4da8281d0ae87757c6686821c71/element - {"using":"xpath","value":"(//span[contains(@id, \"imgNav\")])[1]"}
COMMAND: GET /session/c560a4da8281d0ae87757c6686821c71/screenshot - {}
RESULT: {"using":"xpath","value":"(//span[contains(@id, \"imgNav\")])[1]"}
COMMAND: POST /session/c560a4da8281d0ae87757c6686821c71/element/f.437C3BD069600255C914999B9931D078.d.5DFE16B4551F7C1A40A16DC9FBB3910F.e.19747/click - {}
RESULT: {}
RESULT: {}
COMMAND: GET /session/c560a4da8281d0ae87757c6686821c71/screenshot - {}
RESULT: {}
RESULT: undefined
COMMAND: POST /session/c560a4da8281d0ae87757c6686821c71/execute/async - {"script":"<script> [776 bytes]","args":[{"enterText":"6/14/25","selector":{"id":"issueDatePicker","viewName":"etm.portal.ui.managehandovers.view.DetailExecuteHO","interaction":{"idSuffix":"inner"}},"clearTextFirst":true,"interactionType":"ENTER_TEXT"}]}
RESULT: {"script":"<script> [776 bytes]","args":[{"enterText":"6/14/25","selector":{"id":"issueDatePicker","viewName":"etm.portal.ui.managehandovers.view.DetailExecuteHO","interaction":{"idSuffix":"inner"}},"clearTextFirst":true,"interactionType":"ENTER_TEXT"}]}
COMMAND: POST /session/c560a4da8281d0ae87757c6686821c71/element - {"using":"xpath","value":"//button[@data-kt=\"IssuingTableConfirmAllButton\"]"}
RESULT: {"using":"xpath","value":"//button[@data-kt=\"IssuingTableConfirmAllButton\"]"}
COMMAND: POST /session/c560a4da8281d0ae87757c6686821c71/element/f.437C3BD069600255C914999B9931D078.d.5DFE16B4551F7C1A40A16DC9FBB3910F.e.19791/click - {}
RESULT: {}
COMMAND: GET /session/c560a4da8281d0ae87757c6686821c71/screenshot - {}
RESULT: {}
COMMAND: POST /session/c560a4da8281d0ae87757c6686821c71/element - {"using":"xpath","value":"//bdi[contains(text(), \"OK\")]"}
RESULT: {"using":"xpath","value":"//bdi[contains(text(), \"OK\")]"}
COMMAND: POST /session/c560a4da8281d0ae87757c6686821c71/element/f.437C3BD069600255C914999B9931D078.d.5DFE16B4551F7C1A40A16DC9FBB3910F.e.19807/click - {}
RESULT: {}
COMMAND: GET /session/c560a4da8281d0ae87757c6686821c71/screenshot - {}
RESULT: {}
COMMAND: POST /session/c560a4da8281d0ae87757c6686821c71/element - {"using":"xpath","value":"//button[@data-kt=\"execHoIssueButton\"]"}
RESULT: {"using":"xpath","value":"//button[@data-kt=\"execHoIssueButton\"]"}
COMMAND: POST /session/c560a4da8281d0ae87757c6686821c71/element/f.437C3BD069600255C914999B9931D078.d.5DFE16B4551F7C1A40A16DC9FBB3910F.e.19808/click - {}
RESULT: {}
COMMAND: GET /session/c560a4da8281d0ae87757c6686821c71/screenshot - {}
RESULT: {}
COMMAND: POST /session/c560a4da8281d0ae87757c6686821c71/element - {"using":"xpath","value":"//input[contains(@id ,\"smartFilterBar-btnBasicSearch-I\")]"}
RESULT: {"using":"xpath","value":"//input[contains(@id ,\"smartFilterBar-btnBasicSearch-I\")]"}
COMMAND: POST /session/c560a4da8281d0ae87757c6686821c71/elements - {"using":"xpath","value":"//input[contains(@id ,\"smartFilterBar-btnBasicSearch-I\")]"}
RESULT: {"using":"xpath","value":"//input[contains(@id ,\"smartFilterBar-btnBasicSearch-I\")]"}
COMMAND: POST /session/c560a4da8281d0ae87757c6686821c71/execute/sync - {"script":"<script> [8489 bytes]","args":[{"element-6066-11e4-a52e-4f735466cecf":"f.437C3BD069600255C914999B9931D078.d.5DFE16B4551F7C1A40A16DC9FBB3910F.e.19040","ELEMENT":"f.437C3BD069600255C914999B9931D078.d.5DFE16B4551F7C1A40A16DC9FBB3910F.e.19040"}]}
RESULT: {"script":"<script> [8489 bytes]","args":[{"element-6066-11e4-a52e-4f735466cecf":"f.437C3BD069600255C914999B9931D078.d.5DFE16B4551F7C1A40A16DC9FBB3910F.e.19040","ELEMENT":"f.437C3BD069600255C914999B9931D078.d.5DFE16B4551F7C1A40A16DC9FBB3910F.e.19040"}]}
COMMAND: GET /session/c560a4da8281d0ae87757c6686821c71/element/f.437C3BD069600255C914999B9931D078.d.5DFE16B4551F7C1A40A16DC9FBB3910F.e.19040/enabled - {}
COMMAND: GET /session/c560a4da8281d0ae87757c6686821c71/screenshot - {}
RESULT: {}
COMMAND: POST /session/c560a4da8281d0ae87757c6686821c71/element/f.437C3BD069600255C914999B9931D078.d.5DFE16B4551F7C1A40A16DC9FBB3910F.e.19040/clear - {}
COMMAND: GET /session/c560a4da8281d0ae87757c6686821c71/screenshot - {}
RESULT: {}
RESULT: {}
COMMAND: POST /session/c560a4da8281d0ae87757c6686821c71/element/f.437C3BD069600255C914999B9931D078.d.5DFE16B4551F7C1A40A16DC9FBB3910F.e.19040/value - {"text":"30432"}
COMMAND: GET /session/c560a4da8281d0ae87757c6686821c71/screenshot - {}
RESULT: {}
RESULT: {"text":"30432"}
COMMAND: GET /session/c560a4da8281d0ae87757c6686821c71/screenshot - {}
RESULT: {}
RESULT: {}
COMMAND: POST /session/c560a4da8281d0ae87757c6686821c71/actions - {"actions":[{"id":"action59","type":"key","parameters":{},"actions":[{"type":"keyDown","value":""},{"type":"pause","duration":10},{"type":"keyUp","value":""}]}]}
RESULT: {"actions":[{"id":"action59","type":"key","parameters":{},"actions":[{"type":"keyDown","value":""},{"type":"pause","duration":10},{"type":"keyUp","value":""}]}]}
COMMAND: GET /session/c560a4da8281d0ae87757c6686821c71/screenshot - {}
RESULT: {}
COMMAND: POST /session/c560a4da8281d0ae87757c6686821c71/element - {"using":"xpath","value":"//span[contains(@id, \"smartTable-header-inner\")]"}
RESULT: {"using":"xpath","value":"//span[contains(@id, \"smartTable-header-inner\")]"}
COMMAND: POST /session/c560a4da8281d0ae87757c6686821c71/elements - {"using":"xpath","value":"//span[contains(@id, \"smartTable-header-inner\")]"}
RESULT: {"using":"xpath","value":"//span[contains(@id, \"smartTable-header-inner\")]"}
COMMAND: POST /session/c560a4da8281d0ae87757c6686821c71/execute/sync - {"script":"<script> [56 bytes]","args":[{"element-6066-11e4-a52e-4f735466cecf":"f.437C3BD069600255C914999B9931D078.d.5DFE16B4551F7C1A40A16DC9FBB3910F.e.19749","ELEMENT":"f.437C3BD069600255C914999B9931D078.d.5DFE16B4551F7C1A40A16DC9FBB3910F.e.19749"}]}
RESULT: {"script":"<script> [56 bytes]","args":[{"element-6066-11e4-a52e-4f735466cecf":"f.437C3BD069600255C914999B9931D078.d.5DFE16B4551F7C1A40A16DC9FBB3910F.e.19749","ELEMENT":"f.437C3BD069600255C914999B9931D078.d.5DFE16B4551F7C1A40A16DC9FBB3910F.e.19749"}]}
COMMAND: POST /session/c560a4da8281d0ae87757c6686821c71/elements - {"using":"xpath","value":"//thead[contains(@class, \"sapMTableTH\")]/tr/th"}
COMMAND: GET /session/c560a4da8281d0ae87757c6686821c71/screenshot - {}
RESULT: {"using":"xpath","value":"//thead[contains(@class, \"sapMTableTH\")]/tr/th"}
COMMAND: GET /session/c560a4da8281d0ae87757c6686821c71/element/f.437C3BD069600255C914999B9931D078.d.5DFE16B4551F7C1A40A16DC9FBB3910F.e.19856/text - {}
RESULT: {}
RESULT: {}
COMMAND: GET /session/c560a4da8281d0ae87757c6686821c71/element/f.437C3BD069600255C914999B9931D078.d.5DFE16B4551F7C1A40A16DC9FBB3910F.e.19857/text - {}
RESULT: {}
COMMAND: GET /session/c560a4da8281d0ae87757c6686821c71/element/f.437C3BD069600255C914999B9931D078.d.5DFE16B4551F7C1A40A16DC9FBB3910F.e.19034/text - {}
RESULT: {}
COMMAND: GET /session/c560a4da8281d0ae87757c6686821c71/element/f.437C3BD069600255C914999B9931D078.d.5DFE16B4551F7C1A40A16DC9FBB3910F.e.19036/text - {}
RESULT: {}
COMMAND: GET /session/c560a4da8281d0ae87757c6686821c71/element/f.437C3BD069600255C914999B9931D078.d.5DFE16B4551F7C1A40A16DC9FBB3910F.e.19812/text - {}
RESULT: {}
COMMAND: GET /session/c560a4da8281d0ae87757c6686821c71/element/f.437C3BD069600255C914999B9931D078.d.5DFE16B4551F7C1A40A16DC9FBB3910F.e.19813/text - {}
RESULT: {}
COMMAND: GET /session/c560a4da8281d0ae87757c6686821c71/element/f.437C3BD069600255C914999B9931D078.d.5DFE16B4551F7C1A40A16DC9FBB3910F.e.19814/text - {}
RESULT: {}
COMMAND: GET /session/c560a4da8281d0ae87757c6686821c71/element/f.437C3BD069600255C914999B9931D078.d.5DFE16B4551F7C1A40A16DC9FBB3910F.e.19815/text - {}
RESULT: {}
COMMAND: GET /session/c560a4da8281d0ae87757c6686821c71/element/f.437C3BD069600255C914999B9931D078.d.5DFE16B4551F7C1A40A16DC9FBB3910F.e.19816/text - {}
RESULT: {}
COMMAND: GET /session/c560a4da8281d0ae87757c6686821c71/element/f.437C3BD069600255C914999B9931D078.d.5DFE16B4551F7C1A40A16DC9FBB3910F.e.19817/text - {}
RESULT: {}
COMMAND: GET /session/c560a4da8281d0ae87757c6686821c71/element/f.437C3BD069600255C914999B9931D078.d.5DFE16B4551F7C1A40A16DC9FBB3910F.e.19818/text - {}
RESULT: {}
COMMAND: GET /session/c560a4da8281d0ae87757c6686821c71/element/f.437C3BD069600255C914999B9931D078.d.5DFE16B4551F7C1A40A16DC9FBB3910F.e.19819/text - {}
RESULT: {}
COMMAND: GET /session/c560a4da8281d0ae87757c6686821c71/element/f.437C3BD069600255C914999B9931D078.d.5DFE16B4551F7C1A40A16DC9FBB3910F.e.19820/text - {}
RESULT: {}
COMMAND: GET /session/c560a4da8281d0ae87757c6686821c71/element/f.437C3BD069600255C914999B9931D078.d.5DFE16B4551F7C1A40A16DC9FBB3910F.e.19037/text - {}
RESULT: {}
COMMAND: POST /session/c560a4da8281d0ae87757c6686821c71/element - {"using":"xpath","value":"//tbody[contains(@id, \"customHandoversTable-tblBody\")]/tr[1]/td[14]/div/span"}
RESULT: {"using":"xpath","value":"//tbody[contains(@id, \"customHandoversTable-tblBody\")]/tr[1]/td[14]/div/span"}
COMMAND: POST /session/c560a4da8281d0ae87757c6686821c71/execute/sync - {"script":"<script> [56 bytes]","args":[{"element-6066-11e4-a52e-4f735466cecf":"f.437C3BD069600255C914999B9931D078.d.5DFE16B4551F7C1A40A16DC9FBB3910F.e.19906","ELEMENT":"f.437C3BD069600255C914999B9931D078.d.5DFE16B4551F7C1A40A16DC9FBB3910F.e.19906"}]}
RESULT: {"script":"<script> [56 bytes]","args":[{"element-6066-11e4-a52e-4f735466cecf":"f.437C3BD069600255C914999B9931D078.d.5DFE16B4551F7C1A40A16DC9FBB3910F.e.19906","ELEMENT":"f.437C3BD069600255C914999B9931D078.d.5DFE16B4551F7C1A40A16DC9FBB3910F.e.19906"}]}
COMMAND: POST /session/c560a4da8281d0ae87757c6686821c71/element - {"using":"xpath","value":"(//span[contains(@id, \"imgNav\")])[1]"}
COMMAND: GET /session/c560a4da8281d0ae87757c6686821c71/screenshot - {}
RESULT: {"using":"xpath","value":"(//span[contains(@id, \"imgNav\")])[1]"}
COMMAND: POST /session/c560a4da8281d0ae87757c6686821c71/element/f.437C3BD069600255C914999B9931D078.d.5DFE16B4551F7C1A40A16DC9FBB3910F.e.19853/click - {}
RESULT: {}
RESULT: {}
COMMAND: GET /session/c560a4da8281d0ae87757c6686821c71/screenshot - {}
RESULT: {}
RESULT: undefined
COMMAND: POST /session/c560a4da8281d0ae87757c6686821c71/execute/async - {"script":"<script> [776 bytes]","args":[{"enterText":"06/14/25","selector":{"id":"receiptDatePicker","viewName":"etm.portal.ui.managehandovers.view.DetailExecuteHO","interaction":{"idSuffix":"inner"}},"clearTextFirst":true,"interactionType":"ENTER_TEXT"}]}
RESULT: {"script":"<script> [776 bytes]","args":[{"enterText":"06/14/25","selector":{"id":"receiptDatePicker","viewName":"etm.portal.ui.managehandovers.view.DetailExecuteHO","interaction":{"idSuffix":"inner"}},"clearTextFirst":true,"interactionType":"ENTER_TEXT"}]}
COMMAND: POST /session/c560a4da8281d0ae87757c6686821c71/element - {"using":"xpath","value":"//bdi[contains(text(), \"OK\")]"}
RESULT: {"using":"xpath","value":"//bdi[contains(text(), \"OK\")]"}
COMMAND: POST /session/c560a4da8281d0ae87757c6686821c71/element/f.437C3BD069600255C914999B9931D078.d.5DFE16B4551F7C1A40A16DC9FBB3910F.e.19927/click - {}
RESULT: {}
COMMAND: GET /session/c560a4da8281d0ae87757c6686821c71/screenshot - {}
RESULT: {}
COMMAND: POST /session/c560a4da8281d0ae87757c6686821c71/element - {"using":"xpath","value":"//button[@data-kt=\"ReceivingTableConfirmAllButton\"]"}
RESULT: {"using":"xpath","value":"//button[@data-kt=\"ReceivingTableConfirmAllButton\"]"}
COMMAND: POST /session/c560a4da8281d0ae87757c6686821c71/element/f.437C3BD069600255C914999B9931D078.d.5DFE16B4551F7C1A40A16DC9FBB3910F.e.19916/click - {}
RESULT: {}
COMMAND: GET /session/c560a4da8281d0ae87757c6686821c71/screenshot - {}
RESULT: {}
COMMAND: POST /session/c560a4da8281d0ae87757c6686821c71/element - {"using":"xpath","value":"//bdi[contains(text(), \"OK\")]"}
RESULT: {"using":"xpath","value":"//bdi[contains(text(), \"OK\")]"}
COMMAND: POST /session/c560a4da8281d0ae87757c6686821c71/element/f.437C3BD069600255C914999B9931D078.d.5DFE16B4551F7C1A40A16DC9FBB3910F.e.19937/click - {}
RESULT: {}
COMMAND: GET /session/c560a4da8281d0ae87757c6686821c71/screenshot - {}
RESULT: {}
COMMAND: POST /session/c560a4da8281d0ae87757c6686821c71/element - {"using":"xpath","value":"//button[@data-kt= \"execHoReceiveButton\"]"}
RESULT: {"using":"xpath","value":"//button[@data-kt= \"execHoReceiveButton\"]"}
COMMAND: POST /session/c560a4da8281d0ae87757c6686821c71/element/f.437C3BD069600255C914999B9931D078.d.5DFE16B4551F7C1A40A16DC9FBB3910F.e.19939/click - {}
RESULT: {}
COMMAND: GET /session/c560a4da8281d0ae87757c6686821c71/screenshot - {}
RESULT: {}
COMMAND: POST /session/c560a4da8281d0ae87757c6686821c71/element - {"using":"xpath","value":"//input[contains(@id ,\"smartFilterBar-btnBasicSearch-I\")]"}
RESULT: {"using":"xpath","value":"//input[contains(@id ,\"smartFilterBar-btnBasicSearch-I\")]"}
COMMAND: POST /session/c560a4da8281d0ae87757c6686821c71/elements - {"using":"xpath","value":"//input[contains(@id ,\"smartFilterBar-btnBasicSearch-I\")]"}
RESULT: {"using":"xpath","value":"//input[contains(@id ,\"smartFilterBar-btnBasicSearch-I\")]"}
COMMAND: POST /session/c560a4da8281d0ae87757c6686821c71/execute/sync - {"script":"<script> [8489 bytes]","args":[{"element-6066-11e4-a52e-4f735466cecf":"f.437C3BD069600255C914999B9931D078.d.5DFE16B4551F7C1A40A16DC9FBB3910F.e.19040","ELEMENT":"f.437C3BD069600255C914999B9931D078.d.5DFE16B4551F7C1A40A16DC9FBB3910F.e.19040"}]}
RESULT: {"script":"<script> [8489 bytes]","args":[{"element-6066-11e4-a52e-4f735466cecf":"f.437C3BD069600255C914999B9931D078.d.5DFE16B4551F7C1A40A16DC9FBB3910F.e.19040","ELEMENT":"f.437C3BD069600255C914999B9931D078.d.5DFE16B4551F7C1A40A16DC9FBB3910F.e.19040"}]}
COMMAND: GET /session/c560a4da8281d0ae87757c6686821c71/element/f.437C3BD069600255C914999B9931D078.d.5DFE16B4551F7C1A40A16DC9FBB3910F.e.19040/enabled - {}
COMMAND: GET /session/c560a4da8281d0ae87757c6686821c71/screenshot - {}
RESULT: {}
COMMAND: POST /session/c560a4da8281d0ae87757c6686821c71/element/f.437C3BD069600255C914999B9931D078.d.5DFE16B4551F7C1A40A16DC9FBB3910F.e.19040/clear - {}
COMMAND: GET /session/c560a4da8281d0ae87757c6686821c71/screenshot - {}
RESULT: {}
RESULT: {}
COMMAND: POST /session/c560a4da8281d0ae87757c6686821c71/element/f.437C3BD069600255C914999B9931D078.d.5DFE16B4551F7C1A40A16DC9FBB3910F.e.19040/value - {"text":"30432"}
COMMAND: GET /session/c560a4da8281d0ae87757c6686821c71/screenshot - {}
RESULT: {}
RESULT: {"text":"30432"}
COMMAND: GET /session/c560a4da8281d0ae87757c6686821c71/screenshot - {}
RESULT: {}
RESULT: {}
COMMAND: POST /session/c560a4da8281d0ae87757c6686821c71/actions - {"actions":[{"id":"action60","type":"key","parameters":{},"actions":[{"type":"keyDown","value":""},{"type":"pause","duration":10},{"type":"keyUp","value":""}]}]}
RESULT: {"actions":[{"id":"action60","type":"key","parameters":{},"actions":[{"type":"keyDown","value":""},{"type":"pause","duration":10},{"type":"keyUp","value":""}]}]}
COMMAND: GET /session/c560a4da8281d0ae87757c6686821c71/screenshot - {}
RESULT: {}
COMMAND: POST /session/c560a4da8281d0ae87757c6686821c71/element - {"using":"xpath","value":"//span[contains(@id, \"smartTable-header-inner\")]"}
RESULT: {"using":"xpath","value":"//span[contains(@id, \"smartTable-header-inner\")]"}
COMMAND: POST /session/c560a4da8281d0ae87757c6686821c71/elements - {"using":"xpath","value":"//span[contains(@id, \"smartTable-header-inner\")]"}
RESULT: {"using":"xpath","value":"//span[contains(@id, \"smartTable-header-inner\")]"}
COMMAND: POST /session/c560a4da8281d0ae87757c6686821c71/execute/sync - {"script":"<script> [56 bytes]","args":[{"element-6066-11e4-a52e-4f735466cecf":"f.437C3BD069600255C914999B9931D078.d.5DFE16B4551F7C1A40A16DC9FBB3910F.e.19749","ELEMENT":"f.437C3BD069600255C914999B9931D078.d.5DFE16B4551F7C1A40A16DC9FBB3910F.e.19749"}]}
RESULT: {"script":"<script> [56 bytes]","args":[{"element-6066-11e4-a52e-4f735466cecf":"f.437C3BD069600255C914999B9931D078.d.5DFE16B4551F7C1A40A16DC9FBB3910F.e.19749","ELEMENT":"f.437C3BD069600255C914999B9931D078.d.5DFE16B4551F7C1A40A16DC9FBB3910F.e.19749"}]}
COMMAND: POST /session/c560a4da8281d0ae87757c6686821c71/elements - {"using":"xpath","value":"//thead[contains(@class, \"sapMTableTH\")]/tr/th"}
COMMAND: GET /session/c560a4da8281d0ae87757c6686821c71/screenshot - {}
RESULT: {"using":"xpath","value":"//thead[contains(@class, \"sapMTableTH\")]/tr/th"}
COMMAND: GET /session/c560a4da8281d0ae87757c6686821c71/element/f.437C3BD069600255C914999B9931D078.d.5DFE16B4551F7C1A40A16DC9FBB3910F.e.19856/text - {}
RESULT: {}
RESULT: {}
COMMAND: GET /session/c560a4da8281d0ae87757c6686821c71/element/f.437C3BD069600255C914999B9931D078.d.5DFE16B4551F7C1A40A16DC9FBB3910F.e.19857/text - {}
RESULT: {}
COMMAND: GET /session/c560a4da8281d0ae87757c6686821c71/element/f.437C3BD069600255C914999B9931D078.d.5DFE16B4551F7C1A40A16DC9FBB3910F.e.19034/text - {}
RESULT: {}
COMMAND: GET /session/c560a4da8281d0ae87757c6686821c71/element/f.437C3BD069600255C914999B9931D078.d.5DFE16B4551F7C1A40A16DC9FBB3910F.e.19036/text - {}
RESULT: {}
COMMAND: GET /session/c560a4da8281d0ae87757c6686821c71/element/f.437C3BD069600255C914999B9931D078.d.5DFE16B4551F7C1A40A16DC9FBB3910F.e.19944/text - {}
RESULT: {}
COMMAND: GET /session/c560a4da8281d0ae87757c6686821c71/element/f.437C3BD069600255C914999B9931D078.d.5DFE16B4551F7C1A40A16DC9FBB3910F.e.19945/text - {}
RESULT: {}
COMMAND: GET /session/c560a4da8281d0ae87757c6686821c71/element/f.437C3BD069600255C914999B9931D078.d.5DFE16B4551F7C1A40A16DC9FBB3910F.e.19946/text - {}
RESULT: {}
COMMAND: GET /session/c560a4da8281d0ae87757c6686821c71/element/f.437C3BD069600255C914999B9931D078.d.5DFE16B4551F7C1A40A16DC9FBB3910F.e.19947/text - {}
RESULT: {}
COMMAND: GET /session/c560a4da8281d0ae87757c6686821c71/element/f.437C3BD069600255C914999B9931D078.d.5DFE16B4551F7C1A40A16DC9FBB3910F.e.19948/text - {}
RESULT: {}
COMMAND: GET /session/c560a4da8281d0ae87757c6686821c71/element/f.437C3BD069600255C914999B9931D078.d.5DFE16B4551F7C1A40A16DC9FBB3910F.e.19949/text - {}
RESULT: {}
COMMAND: GET /session/c560a4da8281d0ae87757c6686821c71/element/f.437C3BD069600255C914999B9931D078.d.5DFE16B4551F7C1A40A16DC9FBB3910F.e.19950/text - {}
RESULT: {}
COMMAND: GET /session/c560a4da8281d0ae87757c6686821c71/element/f.437C3BD069600255C914999B9931D078.d.5DFE16B4551F7C1A40A16DC9FBB3910F.e.19951/text - {}
RESULT: {}
COMMAND: GET /session/c560a4da8281d0ae87757c6686821c71/element/f.437C3BD069600255C914999B9931D078.d.5DFE16B4551F7C1A40A16DC9FBB3910F.e.19952/text - {}
RESULT: {}
COMMAND: GET /session/c560a4da8281d0ae87757c6686821c71/element/f.437C3BD069600255C914999B9931D078.d.5DFE16B4551F7C1A40A16DC9FBB3910F.e.19037/text - {}
RESULT: {}
COMMAND: POST /session/c560a4da8281d0ae87757c6686821c71/element - {"using":"xpath","value":"//tbody[contains(@id, \"customHandoversTable-tblBody\")]/tr[1]/td[14]/div/span"}
RESULT: {"using":"xpath","value":"//tbody[contains(@id, \"customHandoversTable-tblBody\")]/tr[1]/td[14]/div/span"}
COMMAND: POST /session/c560a4da8281d0ae87757c6686821c71/execute/sync - {"script":"<script> [56 bytes]","args":[{"element-6066-11e4-a52e-4f735466cecf":"f.437C3BD069600255C914999B9931D078.d.5DFE16B4551F7C1A40A16DC9FBB3910F.e.19999","ELEMENT":"f.437C3BD069600255C914999B9931D078.d.5DFE16B4551F7C1A40A16DC9FBB3910F.e.19999"}]}
RESULT: {"script":"<script> [56 bytes]","args":[{"element-6066-11e4-a52e-4f735466cecf":"f.437C3BD069600255C914999B9931D078.d.5DFE16B4551F7C1A40A16DC9FBB3910F.e.19999","ELEMENT":"f.437C3BD069600255C914999B9931D078.d.5DFE16B4551F7C1A40A16DC9FBB3910F.e.19999"}]}
COMMAND: GET /session/c560a4da8281d0ae87757c6686821c71/screenshot - {}
]]></system-out>
    </testcase>
    <testcase classname="chrome.137_0_7151_69.windows.Provide_to_Site_w/o_warehouse_management_w/o_clarification" name="Should Test for Handover Execution" time="13.672">
      <system-out><![CDATA[
COMMAND: POST /session/c560a4da8281d0ae87757c6686821c71/element - {"using":"xpath","value":"(//span[contains(@id, \"imgNav\")])[1]"}
RESULT: {}
RESULT: {"using":"xpath","value":"(//span[contains(@id, \"imgNav\")])[1]"}
COMMAND: POST /session/c560a4da8281d0ae87757c6686821c71/element/f.437C3BD069600255C914999B9931D078.d.5DFE16B4551F7C1A40A16DC9FBB3910F.e.20000/click - {}
RESULT: {}
COMMAND: GET /session/c560a4da8281d0ae87757c6686821c71/screenshot - {}
RESULT: {}
COMMAND: POST /session/c560a4da8281d0ae87757c6686821c71/element - {"using":"css selector","value":"#shell-header-logo"}
RESULT: {"using":"css selector","value":"#shell-header-logo"}
COMMAND: POST /session/c560a4da8281d0ae87757c6686821c71/element/f.437C3BD069600255C914999B9931D078.d.5DFE16B4551F7C1A40A16DC9FBB3910F.e.18395/click - {}
RESULT: {}
COMMAND: GET /session/c560a4da8281d0ae87757c6686821c71/screenshot - {}
RESULT: {}
]]></system-out>
    </testcase>
    <testcase classname="chrome.137_0_7151_69.windows.Provide_to_Site_w/o_warehouse_management_w/o_clarification" name="Should test for Clarification" time="0.002">
      <system-out><![CDATA[
COMMAND: POST /session/c560a4da8281d0ae87757c6686821c71/element - {"using":"css selector","value":"#j_username"}
COMMAND: POST /session/c560a4da8281d0ae87757c6686821c71/url - {"url":"https://qa-testing-00-live-etm-ui.cfapps.eu10-004.hana.ondemand.com/"}
RESULT: {"using":"css selector","value":"#j_username"}
COMMAND: POST /session/c560a4da8281d0ae87757c6686821c71/element - {"using":"css selector","value":"#j_username"}
RESULT: {"url":"https://qa-testing-00-live-etm-ui.cfapps.eu10-004.hana.ondemand.com/"}
RESULT: undefined
COMMAND: GET /session/c560a4da8281d0ae87757c6686821c71/screenshot - {}
RESULT: {"using":"css selector","value":"#j_username"}
COMMAND: POST /session/c560a4da8281d0ae87757c6686821c71/element - {"using":"css selector","value":"#shell-header-logo"}
RESULT: {}
RESULT: {"using":"css selector","value":"#shell-header-logo"}
COMMAND: POST /session/c560a4da8281d0ae87757c6686821c71/execute/sync - {"script":"<script> [8489 bytes]","args":[{"element-6066-11e4-a52e-4f735466cecf":"f.437C3BD069600255C914999B9931D078.d.DB2A4347C10FFD2E43D6B09E0203EAB1.e.20053","ELEMENT":"f.437C3BD069600255C914999B9931D078.d.DB2A4347C10FFD2E43D6B09E0203EAB1.e.20053"}]}
RESULT: {"script":"<script> [8489 bytes]","args":[{"element-6066-11e4-a52e-4f735466cecf":"f.437C3BD069600255C914999B9931D078.d.DB2A4347C10FFD2E43D6B09E0203EAB1.e.20053","ELEMENT":"f.437C3BD069600255C914999B9931D078.d.DB2A4347C10FFD2E43D6B09E0203EAB1.e.20053"}]}
COMMAND: POST /session/c560a4da8281d0ae87757c6686821c71/element - {"using":"css selector","value":"#shell-header-logo"}
COMMAND: GET /session/c560a4da8281d0ae87757c6686821c71/screenshot - {}
RESULT: {"using":"css selector","value":"#shell-header-logo"}
COMMAND: POST /session/c560a4da8281d0ae87757c6686821c71/execute/sync - {"script":"<script> [8489 bytes]","args":[{"element-6066-11e4-a52e-4f735466cecf":"f.437C3BD069600255C914999B9931D078.d.DB2A4347C10FFD2E43D6B09E0203EAB1.e.20053","ELEMENT":"f.437C3BD069600255C914999B9931D078.d.DB2A4347C10FFD2E43D6B09E0203EAB1.e.20053"}]}
RESULT: {}
RESULT: {"script":"<script> [8489 bytes]","args":[{"element-6066-11e4-a52e-4f735466cecf":"f.437C3BD069600255C914999B9931D078.d.DB2A4347C10FFD2E43D6B09E0203EAB1.e.20053","ELEMENT":"f.437C3BD069600255C914999B9931D078.d.DB2A4347C10FFD2E43D6B09E0203EAB1.e.20053"}]}
COMMAND: POST /session/c560a4da8281d0ae87757c6686821c71/execute/sync - {"script":"<script> [5351 bytes]","args":[{"element-6066-11e4-a52e-4f735466cecf":"f.437C3BD069600255C914999B9931D078.d.DB2A4347C10FFD2E43D6B09E0203EAB1.e.20053","ELEMENT":"f.437C3BD069600255C914999B9931D078.d.DB2A4347C10FFD2E43D6B09E0203EAB1.e.20053"}]}
COMMAND: GET /session/c560a4da8281d0ae87757c6686821c71/screenshot - {}
RESULT: {}
RESULT: {"script":"<script> [5351 bytes]","args":[{"element-6066-11e4-a52e-4f735466cecf":"f.437C3BD069600255C914999B9931D078.d.DB2A4347C10FFD2E43D6B09E0203EAB1.e.20053","ELEMENT":"f.437C3BD069600255C914999B9931D078.d.DB2A4347C10FFD2E43D6B09E0203EAB1.e.20053"}]}
COMMAND: POST /session/c560a4da8281d0ae87757c6686821c71/element - {"using":"css selector","value":"#shell-header-logo"}
COMMAND: GET /session/c560a4da8281d0ae87757c6686821c71/screenshot - {}
RESULT: {"using":"css selector","value":"#shell-header-logo"}
COMMAND: POST /session/c560a4da8281d0ae87757c6686821c71/element/f.437C3BD069600255C914999B9931D078.d.DB2A4347C10FFD2E43D6B09E0203EAB1.e.20053/click - {}
RESULT: {}
RESULT: {}
COMMAND: GET /session/c560a4da8281d0ae87757c6686821c71/screenshot - {}
RESULT: {}
COMMAND: POST /session/c560a4da8281d0ae87757c6686821c71/execute/async - {"script":"<script> [189 bytes]","args":[]}
RESULT: {"script":"<script> [189 bytes]","args":[]}
COMMAND: POST /session/c560a4da8281d0ae87757c6686821c71/execute/async - {"script":"<script> [123 bytes]","args":[]}
RESULT: {"script":"<script> [123 bytes]","args":[]}
COMMAND: POST /session/c560a4da8281d0ae87757c6686821c71/timeouts - {"script":"<number>"}
RESULT: {"script":"<number>"}
COMMAND: GET /session/c560a4da8281d0ae87757c6686821c71/timeouts - {}
RESULT: {}
RESULT: undefined
COMMAND: POST /session/c560a4da8281d0ae87757c6686821c71/execute/async - {"script":"<script> [2676 bytes]","args":[]}
RESULT: {"script":"<script> [2676 bytes]","args":[]}
COMMAND: POST /session/c560a4da8281d0ae87757c6686821c71/execute/async - {"script":"<script> [2342 bytes]","args":[{"protocol":"http","hostname":"0.0.0.0","path":"/","capabilities":{"browserName":"chrome","goog:chromeOptions":{"binary":"C:\\Program Files\\Google\\Chrome\\Application\\chrome.exe","args":["--start-maximized"]}},"logLevel":"warn","connectionRetryTimeout":120000,"connectionRetryCount":3,"logLevels":{},"enableDirectConnect":true,"strictSSL":true,"_":"65 more keys: [\"cacheDir\",\"port\",\"requestedCapabilities\",\"automationProtocol\",\"baseUrl\",\"waitforInterval\",\"waitforTimeout\",\"onReload\",\"beforeCommand\",\"afterCommand\",\"rootDir\",\"specs\",\"suites\",\"exclude\",\"groupLogsByTestSpec\",\"excludeDriverLogs\",\"bail\",\"framework\",\"reporters\",\"services\",\"maxInstances\",\"maxInstancesPerCapability\",\"injectGlobals\",\"filesToWatch\",\"execArgv\",\"runnerEnv\",\"runner\",\"shard\",\"specFileRetries\",\"specFileRetriesDelay\",\"specFileRetriesDeferred\",\"reporterSyncInterval\",\"reporterSyncTimeout\",\"cucumberFeaturesWithLineNumbers\",\"autoCompileOpts\",\"mochaOpts\",\"jasmineOpts\",\"cucumberOpts\",\"onPrepare\",\"onWorkerStart\",\"onWorkerEnd\",\"before\",\"beforeSession\",\"beforeSuite\",\"beforeHook\",\"beforeTest\",\"afterTest\",\"afterHook\",\"afterSuite\",\"afterSession\",\"after\",\"onComplete\",\"beforeAssertion\",\"afterAssertion\",\"beforeFeature\",\"beforeScenario\",\"beforeStep\",\"afterStep\",\"afterScenario\",\"afterFeature\",\"_\",\"suite\",\"$0\",\"ignoredWorkerServices\",\"wdi5\"]"}]}
RESULT: {"script":"<script> [2342 bytes]","args":[{"protocol":"http","hostname":"0.0.0.0","path":"/","capabilities":{"browserName":"chrome","goog:chromeOptions":{"binary":"C:\\Program Files\\Google\\Chrome\\Application\\chrome.exe","args":["--start-maximized"]}},"logLevel":"warn","connectionRetryTimeout":120000,"connectionRetryCount":3,"logLevels":{},"enableDirectConnect":true,"strictSSL":true,"_":"65 more keys: [\"cacheDir\",\"port\",\"requestedCapabilities\",\"automationProtocol\",\"baseUrl\",\"waitforInterval\",\"waitforTimeout\",\"onReload\",\"beforeCommand\",\"afterCommand\",\"rootDir\",\"specs\",\"suites\",\"exclude\",\"groupLogsByTestSpec\",\"excludeDriverLogs\",\"bail\",\"framework\",\"reporters\",\"services\",\"maxInstances\",\"maxInstancesPerCapability\",\"injectGlobals\",\"filesToWatch\",\"execArgv\",\"runnerEnv\",\"runner\",\"shard\",\"specFileRetries\",\"specFileRetriesDelay\",\"specFileRetriesDeferred\",\"reporterSyncInterval\",\"reporterSyncTimeout\",\"cucumberFeaturesWithLineNumbers\",\"autoCompileOpts\",\"mochaOpts\",\"jasmineOpts\",\"cucumberOpts\",\"onPrepare\",\"onWorkerStart\",\"onWorkerEnd\",\"before\",\"beforeSession\",\"beforeSuite\",\"beforeHook\",\"beforeTest\",\"afterTest\",\"afterHook\",\"afterSuite\",\"afterSession\",\"after\",\"onComplete\",\"beforeAssertion\",\"afterAssertion\",\"beforeFeature\",\"beforeScenario\",\"beforeStep\",\"afterStep\",\"afterScenario\",\"afterFeature\",\"_\",\"suite\",\"$0\",\"ignoredWorkerServices\",\"wdi5\"]"}]}
COMMAND: POST /session/c560a4da8281d0ae87757c6686821c71/execute/async - {"script":"<script> [21126 bytes]","args":[35000]}
RESULT: {"script":"<script> [21126 bytes]","args":[35000]}
COMMAND: POST /session/c560a4da8281d0ae87757c6686821c71/window/maximize - {}
RESULT: {}
COMMAND: POST /session/c560a4da8281d0ae87757c6686821c71/execute/async - {"script":"<script> [1562 bytes]","args":[{"selector":{"id":"shell-header","interaction":{"idSuffix":"icon"}},"wdio_ui5_key":"shellheader"}]}
COMMAND: GET /session/c560a4da8281d0ae87757c6686821c71/screenshot - {}
RESULT: {"script":"<script> [1562 bytes]","args":[{"selector":{"id":"shell-header","interaction":{"idSuffix":"icon"}},"wdio_ui5_key":"shellheader"}]}
RESULT: undefined
COMMAND: POST /session/c560a4da8281d0ae87757c6686821c71/refresh - {}
RESULT: {}
RESULT: {}
COMMAND: GET /session/c560a4da8281d0ae87757c6686821c71/screenshot - {}
RESULT: {}
COMMAND: POST /session/c560a4da8281d0ae87757c6686821c71/refresh - {}
RESULT: {}
COMMAND: GET /session/c560a4da8281d0ae87757c6686821c71/screenshot - {}
RESULT: {}
COMMAND: POST /session/c560a4da8281d0ae87757c6686821c71/window/fullscreen - {}
RESULT: {}
COMMAND: POST /session/c560a4da8281d0ae87757c6686821c71/execute/async - {"script":"<script> [189 bytes]","args":[]}
RESULT: {"script":"<script> [189 bytes]","args":[]}
COMMAND: POST /session/c560a4da8281d0ae87757c6686821c71/execute/async - {"script":"<script> [123 bytes]","args":[]}
RESULT: {"script":"<script> [123 bytes]","args":[]}
COMMAND: POST /session/c560a4da8281d0ae87757c6686821c71/timeouts - {"script":"<number>"}
RESULT: {"script":"<number>"}
COMMAND: GET /session/c560a4da8281d0ae87757c6686821c71/timeouts - {}
RESULT: {}
RESULT: undefined
COMMAND: POST /session/c560a4da8281d0ae87757c6686821c71/execute/async - {"script":"<script> [2676 bytes]","args":[]}
RESULT: {"script":"<script> [2676 bytes]","args":[]}
COMMAND: POST /session/c560a4da8281d0ae87757c6686821c71/execute/async - {"script":"<script> [2342 bytes]","args":[{"protocol":"http","hostname":"0.0.0.0","path":"/","capabilities":{"browserName":"chrome","goog:chromeOptions":{"binary":"C:\\Program Files\\Google\\Chrome\\Application\\chrome.exe","args":["--start-maximized"]}},"logLevel":"warn","connectionRetryTimeout":120000,"connectionRetryCount":3,"logLevels":{},"enableDirectConnect":true,"strictSSL":true,"_":"65 more keys: [\"cacheDir\",\"port\",\"requestedCapabilities\",\"automationProtocol\",\"baseUrl\",\"waitforInterval\",\"waitforTimeout\",\"onReload\",\"beforeCommand\",\"afterCommand\",\"rootDir\",\"specs\",\"suites\",\"exclude\",\"groupLogsByTestSpec\",\"excludeDriverLogs\",\"bail\",\"framework\",\"reporters\",\"services\",\"maxInstances\",\"maxInstancesPerCapability\",\"injectGlobals\",\"filesToWatch\",\"execArgv\",\"runnerEnv\",\"runner\",\"shard\",\"specFileRetries\",\"specFileRetriesDelay\",\"specFileRetriesDeferred\",\"reporterSyncInterval\",\"reporterSyncTimeout\",\"cucumberFeaturesWithLineNumbers\",\"autoCompileOpts\",\"mochaOpts\",\"jasmineOpts\",\"cucumberOpts\",\"onPrepare\",\"onWorkerStart\",\"onWorkerEnd\",\"before\",\"beforeSession\",\"beforeSuite\",\"beforeHook\",\"beforeTest\",\"afterTest\",\"afterHook\",\"afterSuite\",\"afterSession\",\"after\",\"onComplete\",\"beforeAssertion\",\"afterAssertion\",\"beforeFeature\",\"beforeScenario\",\"beforeStep\",\"afterStep\",\"afterScenario\",\"afterFeature\",\"_\",\"suite\",\"$0\",\"ignoredWorkerServices\",\"wdi5\"]"}]}
RESULT: {"script":"<script> [2342 bytes]","args":[{"protocol":"http","hostname":"0.0.0.0","path":"/","capabilities":{"browserName":"chrome","goog:chromeOptions":{"binary":"C:\\Program Files\\Google\\Chrome\\Application\\chrome.exe","args":["--start-maximized"]}},"logLevel":"warn","connectionRetryTimeout":120000,"connectionRetryCount":3,"logLevels":{},"enableDirectConnect":true,"strictSSL":true,"_":"65 more keys: [\"cacheDir\",\"port\",\"requestedCapabilities\",\"automationProtocol\",\"baseUrl\",\"waitforInterval\",\"waitforTimeout\",\"onReload\",\"beforeCommand\",\"afterCommand\",\"rootDir\",\"specs\",\"suites\",\"exclude\",\"groupLogsByTestSpec\",\"excludeDriverLogs\",\"bail\",\"framework\",\"reporters\",\"services\",\"maxInstances\",\"maxInstancesPerCapability\",\"injectGlobals\",\"filesToWatch\",\"execArgv\",\"runnerEnv\",\"runner\",\"shard\",\"specFileRetries\",\"specFileRetriesDelay\",\"specFileRetriesDeferred\",\"reporterSyncInterval\",\"reporterSyncTimeout\",\"cucumberFeaturesWithLineNumbers\",\"autoCompileOpts\",\"mochaOpts\",\"jasmineOpts\",\"cucumberOpts\",\"onPrepare\",\"onWorkerStart\",\"onWorkerEnd\",\"before\",\"beforeSession\",\"beforeSuite\",\"beforeHook\",\"beforeTest\",\"afterTest\",\"afterHook\",\"afterSuite\",\"afterSession\",\"after\",\"onComplete\",\"beforeAssertion\",\"afterAssertion\",\"beforeFeature\",\"beforeScenario\",\"beforeStep\",\"afterStep\",\"afterScenario\",\"afterFeature\",\"_\",\"suite\",\"$0\",\"ignoredWorkerServices\",\"wdi5\"]"}]}
COMMAND: POST /session/c560a4da8281d0ae87757c6686821c71/execute/async - {"script":"<script> [21126 bytes]","args":[35000]}
RESULT: {"script":"<script> [21126 bytes]","args":[35000]}
]]></system-out>
    </testcase>
  </testsuite>
  <testsuite timestamp="2025-06-14T17:12:12" time="180.199" tests="6" failures="0" errors="0" skipped="0">
    <properties>
      <property name="specId" value="0"/>
      <property name="suiteName" value="Return from Site w/ warehouse management w/ clarification US125588"/>
      <property name="capabilities" value="chrome.137_0_7151_69.windows"/>
      <property name="file" value="file:///D:/a/1/s/test/specs/HTR/return-from-site-w-warehouse-management-w-clarification.spec.js"/>
    </properties>
    <testcase classname="chrome.137_0_7151_69.windows.Return_from_Site_w/_warehouse_management_w/_clarification_US125588" name="Should create a new WHM yard" time="0.012">
      <system-out><![CDATA[
COMMAND: POST /session/c560a4da8281d0ae87757c6686821c71/window/fullscreen - {}
RESULT: {}
]]></system-out>
    </testcase>
    <testcase classname="chrome.137_0_7151_69.windows.Return_from_Site_w/_warehouse_management_w/_clarification_US125588" name="Should create a new external WHM partner" time="0.006"/>
    <testcase classname="chrome.137_0_7151_69.windows.Return_from_Site_w/_warehouse_management_w/_clarification_US125588" name="Should create a new WHM site" time="0.002"/>
    <testcase classname="chrome.137_0_7151_69.windows.Return_from_Site_w/_warehouse_management_w/_clarification_US125588" name="Should create a new material" time="130.299">
      <system-out><![CDATA[
COMMAND: POST /session/c560a4da8281d0ae87757c6686821c71/execute/async - {"script":"<script> [1562 bytes]","args":[{"selector":{"controlType":"sap.m.GenericTile","properties":{"header":"Manage Resources"}},"wdio_ui5_key":"sapm.GenericTile{\"header\":\"Manage Resources\"}"}]}
RESULT: {"script":"<script> [1562 bytes]","args":[{"selector":{"controlType":"sap.m.GenericTile","properties":{"header":"Manage Resources"}},"wdio_ui5_key":"sapm.GenericTile{\"header\":\"Manage Resources\"}"}]}
RESULT: undefined
COMMAND: POST /session/c560a4da8281d0ae87757c6686821c71/element - {"using":"xpath","value":"//*[@id=\"__tile40\"]"}
RESULT: {"using":"xpath","value":"//*[@id=\"__tile40\"]"}
COMMAND: POST /session/c560a4da8281d0ae87757c6686821c71/element/f.437C3BD069600255C914999B9931D078.d.9402FB99E5B56D09D0C8CC4DC4E29591.e.20206/click - {}
RESULT: {}
COMMAND: GET /session/c560a4da8281d0ae87757c6686821c71/screenshot - {}
RESULT: {}
COMMAND: POST /session/c560a4da8281d0ae87757c6686821c71/elements - {"using":"xpath","value":"//span[text()='Error']"}
RESULT: {"using":"xpath","value":"//span[text()='Error']"}
COMMAND: POST /session/c560a4da8281d0ae87757c6686821c71/element - {"using":"xpath","value":"//button[@data-kt=\"addNewRUOverflowToolbarButton\"]"}
RESULT: {"using":"xpath","value":"//button[@data-kt=\"addNewRUOverflowToolbarButton\"]"}
COMMAND: POST /session/c560a4da8281d0ae87757c6686821c71/elements - {"using":"xpath","value":"//button[@data-kt=\"addNewRUOverflowToolbarButton\"]"}
RESULT: {"using":"xpath","value":"//button[@data-kt=\"addNewRUOverflowToolbarButton\"]"}
COMMAND: POST /session/c560a4da8281d0ae87757c6686821c71/execute/sync - {"script":"<script> [8489 bytes]","args":[{"element-6066-11e4-a52e-4f735466cecf":"f.437C3BD069600255C914999B9931D078.d.9402FB99E5B56D09D0C8CC4DC4E29591.e.20360","ELEMENT":"f.437C3BD069600255C914999B9931D078.d.9402FB99E5B56D09D0C8CC4DC4E29591.e.20360"}]}
RESULT: {"script":"<script> [8489 bytes]","args":[{"element-6066-11e4-a52e-4f735466cecf":"f.437C3BD069600255C914999B9931D078.d.9402FB99E5B56D09D0C8CC4DC4E29591.e.20360","ELEMENT":"f.437C3BD069600255C914999B9931D078.d.9402FB99E5B56D09D0C8CC4DC4E29591.e.20360"}]}
COMMAND: GET /session/c560a4da8281d0ae87757c6686821c71/element/f.437C3BD069600255C914999B9931D078.d.9402FB99E5B56D09D0C8CC4DC4E29591.e.20360/enabled - {}
COMMAND: GET /session/c560a4da8281d0ae87757c6686821c71/screenshot - {}
RESULT: {}
COMMAND: POST /session/c560a4da8281d0ae87757c6686821c71/execute/sync - {"script":"<script> [8489 bytes]","args":[{"element-6066-11e4-a52e-4f735466cecf":"f.437C3BD069600255C914999B9931D078.d.9402FB99E5B56D09D0C8CC4DC4E29591.e.20360","ELEMENT":"f.437C3BD069600255C914999B9931D078.d.9402FB99E5B56D09D0C8CC4DC4E29591.e.20360"}]}
COMMAND: GET /session/c560a4da8281d0ae87757c6686821c71/screenshot - {}
RESULT: {}
RESULT: {"script":"<script> [8489 bytes]","args":[{"element-6066-11e4-a52e-4f735466cecf":"f.437C3BD069600255C914999B9931D078.d.9402FB99E5B56D09D0C8CC4DC4E29591.e.20360","ELEMENT":"f.437C3BD069600255C914999B9931D078.d.9402FB99E5B56D09D0C8CC4DC4E29591.e.20360"}]}
COMMAND: POST /session/c560a4da8281d0ae87757c6686821c71/execute/sync - {"script":"<script> [5351 bytes]","args":[{"element-6066-11e4-a52e-4f735466cecf":"f.437C3BD069600255C914999B9931D078.d.9402FB99E5B56D09D0C8CC4DC4E29591.e.20360","ELEMENT":"f.437C3BD069600255C914999B9931D078.d.9402FB99E5B56D09D0C8CC4DC4E29591.e.20360"}]}
COMMAND: GET /session/c560a4da8281d0ae87757c6686821c71/screenshot - {}
RESULT: {}
RESULT: {"script":"<script> [5351 bytes]","args":[{"element-6066-11e4-a52e-4f735466cecf":"f.437C3BD069600255C914999B9931D078.d.9402FB99E5B56D09D0C8CC4DC4E29591.e.20360","ELEMENT":"f.437C3BD069600255C914999B9931D078.d.9402FB99E5B56D09D0C8CC4DC4E29591.e.20360"}]}
COMMAND: POST /session/c560a4da8281d0ae87757c6686821c71/element/f.437C3BD069600255C914999B9931D078.d.9402FB99E5B56D09D0C8CC4DC4E29591.e.20360/click - {}
COMMAND: GET /session/c560a4da8281d0ae87757c6686821c71/screenshot - {}
RESULT: {}
RESULT: {}
COMMAND: GET /session/c560a4da8281d0ae87757c6686821c71/screenshot - {}
RESULT: {}
RESULT: {}
COMMAND: POST /session/c560a4da8281d0ae87757c6686821c71/execute/async - {"script":"<script> [1562 bytes]","args":[{"selector":{"id":"application-manageresources-display-component---newResourceUnit--TYPE-arrow"},"wdio_ui5_key":"applicationmanageresources-display-component---newResourceUnit--TYPE-arrow"}]}
RESULT: {"script":"<script> [1562 bytes]","args":[{"selector":{"id":"application-manageresources-display-component---newResourceUnit--TYPE-arrow"},"wdio_ui5_key":"applicationmanageresources-display-component---newResourceUnit--TYPE-arrow"}]}
RESULT: undefined
COMMAND: POST /session/c560a4da8281d0ae87757c6686821c71/element - {"using":"xpath","value":"//*[@id=\"application-manageresources-display-component---newResourceUnit--TYPE-arrow\"]"}
RESULT: {"using":"xpath","value":"//*[@id=\"application-manageresources-display-component---newResourceUnit--TYPE-arrow\"]"}
COMMAND: POST /session/c560a4da8281d0ae87757c6686821c71/element/f.437C3BD069600255C914999B9931D078.d.9402FB99E5B56D09D0C8CC4DC4E29591.e.20710/click - {}
RESULT: {}
COMMAND: POST /session/c560a4da8281d0ae87757c6686821c71/element - {"using":"xpath","value":"//input[@id=\"application-manageresources-display-component---newResourceUnit--TYPE-inner\"]"}
COMMAND: GET /session/c560a4da8281d0ae87757c6686821c71/screenshot - {}
RESULT: {"using":"xpath","value":"//input[@id=\"application-manageresources-display-component---newResourceUnit--TYPE-inner\"]"}
COMMAND: POST /session/c560a4da8281d0ae87757c6686821c71/element/f.437C3BD069600255C914999B9931D078.d.9402FB99E5B56D09D0C8CC4DC4E29591.e.20706/clear - {}
RESULT: {}
RESULT: {}
COMMAND: POST /session/c560a4da8281d0ae87757c6686821c71/element/f.437C3BD069600255C914999B9931D078.d.9402FB99E5B56D09D0C8CC4DC4E29591.e.20706/value - {"text":"Material"}
COMMAND: GET /session/c560a4da8281d0ae87757c6686821c71/screenshot - {}
RESULT: {"text":"Material"}
COMMAND: GET /session/c560a4da8281d0ae87757c6686821c71/screenshot - {}
RESULT: {}
RESULT: {}
COMMAND: POST /session/c560a4da8281d0ae87757c6686821c71/actions - {"actions":[{"id":"action61","type":"key","parameters":{},"actions":[{"type":"keyDown","value":""},{"type":"pause","duration":10},{"type":"keyUp","value":""}]}]}
RESULT: undefined
RESULT: undefined
RESULT: {"actions":[{"id":"action61","type":"key","parameters":{},"actions":[{"type":"keyDown","value":""},{"type":"pause","duration":10},{"type":"keyUp","value":""}]}]}
COMMAND: POST /session/c560a4da8281d0ae87757c6686821c71/execute/async - {"script":"<script> [1562 bytes]","args":[{"selector":{"id":"application-manageresources-display-component---newResourceUnit--SHORT_TEXT","interaction":{"idSuffix":"inner"}},"wdio_ui5_key":"applicationmanageresources-display-component---newResourceUnit--SHORT_TEXT"}]}
COMMAND: GET /session/c560a4da8281d0ae87757c6686821c71/screenshot - {}
RESULT: {"script":"<script> [1562 bytes]","args":[{"selector":{"id":"application-manageresources-display-component---newResourceUnit--SHORT_TEXT","interaction":{"idSuffix":"inner"}},"wdio_ui5_key":"applicationmanageresources-display-component---newResourceUnit--SHORT_TEXT"}]}
RESULT: undefined
COMMAND: POST /session/c560a4da8281d0ae87757c6686821c71/execute/async - {"script":"<script> [776 bytes]","args":[{"enterText":"Cement WDIO","selector":{"id":"application-manageresources-display-component---newResourceUnit--SHORT_TEXT","interaction":{"idSuffix":"inner"}},"clearTextFirst":true,"interactionType":"ENTER_TEXT"}]}
RESULT: {}
RESULT: {"script":"<script> [776 bytes]","args":[{"enterText":"Cement WDIO","selector":{"id":"application-manageresources-display-component---newResourceUnit--SHORT_TEXT","interaction":{"idSuffix":"inner"}},"clearTextFirst":true,"interactionType":"ENTER_TEXT"}]}
COMMAND: POST /session/c560a4da8281d0ae87757c6686821c71/execute/async - {"script":"<script> [1562 bytes]","args":[{"selector":{"id":"application-manageresources-display-component---newResourceUnit--BASE_UNIT_OF_MEASURE","interaction":{"idSuffix":"inner"}},"wdio_ui5_key":"applicationmanageresources-display-component---newResourceUnit--BASE_UNIT_OF_MEASURE"}]}
RESULT: {"script":"<script> [1562 bytes]","args":[{"selector":{"id":"application-manageresources-display-component---newResourceUnit--BASE_UNIT_OF_MEASURE","interaction":{"idSuffix":"inner"}},"wdio_ui5_key":"applicationmanageresources-display-component---newResourceUnit--BASE_UNIT_OF_MEASURE"}]}
RESULT: undefined
COMMAND: POST /session/c560a4da8281d0ae87757c6686821c71/execute/async - {"script":"<script> [776 bytes]","args":[{"enterText":"Piece","selector":{"id":"application-manageresources-display-component---newResourceUnit--BASE_UNIT_OF_MEASURE","interaction":{"idSuffix":"inner"}},"clearTextFirst":true,"interactionType":"ENTER_TEXT"}]}
RESULT: {"script":"<script> [776 bytes]","args":[{"enterText":"Piece","selector":{"id":"application-manageresources-display-component---newResourceUnit--BASE_UNIT_OF_MEASURE","interaction":{"idSuffix":"inner"}},"clearTextFirst":true,"interactionType":"ENTER_TEXT"}]}
COMMAND: POST /session/c560a4da8281d0ae87757c6686821c71/execute/async - {"script":"<script> [1562 bytes]","args":[{"selector":{"id":"application-manageresources-display-component---newResourceUnit--WEIGHT_UNIT","interaction":{"idSuffix":"inner"}},"wdio_ui5_key":"applicationmanageresources-display-component---newResourceUnit--WEIGHT_UNIT"}]}
RESULT: {"script":"<script> [1562 bytes]","args":[{"selector":{"id":"application-manageresources-display-component---newResourceUnit--WEIGHT_UNIT","interaction":{"idSuffix":"inner"}},"wdio_ui5_key":"applicationmanageresources-display-component---newResourceUnit--WEIGHT_UNIT"}]}
RESULT: undefined
COMMAND: POST /session/c560a4da8281d0ae87757c6686821c71/execute/async - {"script":"<script> [776 bytes]","args":[{"enterText":"Gram","selector":{"id":"application-manageresources-display-component---newResourceUnit--WEIGHT_UNIT","interaction":{"idSuffix":"inner"}},"clearTextFirst":true,"interactionType":"ENTER_TEXT"}]}
RESULT: {"script":"<script> [776 bytes]","args":[{"enterText":"Gram","selector":{"id":"application-manageresources-display-component---newResourceUnit--WEIGHT_UNIT","interaction":{"idSuffix":"inner"}},"clearTextFirst":true,"interactionType":"ENTER_TEXT"}]}
COMMAND: POST /session/c560a4da8281d0ae87757c6686821c71/execute/async - {"script":"<script> [1562 bytes]","args":[{"selector":{"id":"application-manageresources-display-component---newResourceUnit--DIMENSION_UNIT","interaction":{"idSuffix":"inner"}},"wdio_ui5_key":"applicationmanageresources-display-component---newResourceUnit--DIMENSION_UNIT"}]}
RESULT: {"script":"<script> [1562 bytes]","args":[{"selector":{"id":"application-manageresources-display-component---newResourceUnit--DIMENSION_UNIT","interaction":{"idSuffix":"inner"}},"wdio_ui5_key":"applicationmanageresources-display-component---newResourceUnit--DIMENSION_UNIT"}]}
RESULT: undefined
COMMAND: POST /session/c560a4da8281d0ae87757c6686821c71/execute/async - {"script":"<script> [776 bytes]","args":[{"enterText":"Meter","selector":{"id":"application-manageresources-display-component---newResourceUnit--DIMENSION_UNIT","interaction":{"idSuffix":"inner"}},"clearTextFirst":true,"interactionType":"ENTER_TEXT"}]}
RESULT: {"script":"<script> [776 bytes]","args":[{"enterText":"Meter","selector":{"id":"application-manageresources-display-component---newResourceUnit--DIMENSION_UNIT","interaction":{"idSuffix":"inner"}},"clearTextFirst":true,"interactionType":"ENTER_TEXT"}]}
COMMAND: POST /session/c560a4da8281d0ae87757c6686821c71/execute/async - {"script":"<script> [1562 bytes]","args":[{"selector":{"id":"application-manageresources-display-component---newResourceUnit--newRRUPage-anchBar-application-manageresources-display-component---newResourceUnit--control-anchor","interaction":{"idSuffix":"BDI-content"}},"wdio_ui5_key":"applicationmanageresources-display-component---newResourceUnit--newRRUPage-anchBar-application-manageresources-display-component---newResourceUnit--control-anchor"}]}
RESULT: {"script":"<script> [1562 bytes]","args":[{"selector":{"id":"application-manageresources-display-component---newResourceUnit--newRRUPage-anchBar-application-manageresources-display-component---newResourceUnit--control-anchor","interaction":{"idSuffix":"BDI-content"}},"wdio_ui5_key":"applicationmanageresources-display-component---newResourceUnit--newRRUPage-anchBar-application-manageresources-display-component---newResourceUnit--control-anchor"}]}
RESULT: undefined
COMMAND: POST /session/c560a4da8281d0ae87757c6686821c71/element - {"using":"xpath","value":"//*[@id=\"application-manageresources-display-component---newResourceUnit--newRRUPage-anchBar-application-manageresources-display-component---newResourceUnit--control-anchor\"]"}
RESULT: {"using":"xpath","value":"//*[@id=\"application-manageresources-display-component---newResourceUnit--newRRUPage-anchBar-application-manageresources-display-component---newResourceUnit--control-anchor\"]"}
COMMAND: POST /session/c560a4da8281d0ae87757c6686821c71/element/f.437C3BD069600255C914999B9931D078.d.9402FB99E5B56D09D0C8CC4DC4E29591.e.20843/click - {}
RESULT: {}
COMMAND: POST /session/c560a4da8281d0ae87757c6686821c71/execute/async - {"script":"<script> [1562 bytes]","args":[{"selector":{"id":"application-manageresources-display-component---newResourceUnit--PLANNING_GROUP","interaction":{"idSuffix":"inner"}},"wdio_ui5_key":"applicationmanageresources-display-component---newResourceUnit--PLANNING_GROUP"}]}
COMMAND: GET /session/c560a4da8281d0ae87757c6686821c71/screenshot - {}
RESULT: {"script":"<script> [1562 bytes]","args":[{"selector":{"id":"application-manageresources-display-component---newResourceUnit--PLANNING_GROUP","interaction":{"idSuffix":"inner"}},"wdio_ui5_key":"applicationmanageresources-display-component---newResourceUnit--PLANNING_GROUP"}]}
RESULT: undefined
COMMAND: POST /session/c560a4da8281d0ae87757c6686821c71/execute/async - {"script":"<script> [776 bytes]","args":[{"enterText":"Material","selector":{"id":"application-manageresources-display-component---newResourceUnit--PLANNING_GROUP","interaction":{"idSuffix":"inner"}},"clearTextFirst":true,"interactionType":"ENTER_TEXT"}]}
RESULT: {}
RESULT: {"script":"<script> [776 bytes]","args":[{"enterText":"Material","selector":{"id":"application-manageresources-display-component---newResourceUnit--PLANNING_GROUP","interaction":{"idSuffix":"inner"}},"clearTextFirst":true,"interactionType":"ENTER_TEXT"}]}
COMMAND: POST /session/c560a4da8281d0ae87757c6686821c71/execute/async - {"script":"<script> [1562 bytes]","args":[{"selector":{"id":"application-manageresources-display-component---newResourceUnit--PLANNING_INDICATOR","interaction":{"idSuffix":"inner"}},"wdio_ui5_key":"applicationmanageresources-display-component---newResourceUnit--PLANNING_INDICATOR"}]}
RESULT: {"script":"<script> [1562 bytes]","args":[{"selector":{"id":"application-manageresources-display-component---newResourceUnit--PLANNING_INDICATOR","interaction":{"idSuffix":"inner"}},"wdio_ui5_key":"applicationmanageresources-display-component---newResourceUnit--PLANNING_INDICATOR"}]}
RESULT: undefined
COMMAND: POST /session/c560a4da8281d0ae87757c6686821c71/execute/async - {"script":"<script> [776 bytes]","args":[{"enterText":"10 - infinite","selector":{"id":"application-manageresources-display-component---newResourceUnit--PLANNING_INDICATOR","interaction":{"idSuffix":"inner"}},"clearTextFirst":true,"interactionType":"ENTER_TEXT"}]}
RESULT: {"script":"<script> [776 bytes]","args":[{"enterText":"10 - infinite","selector":{"id":"application-manageresources-display-component---newResourceUnit--PLANNING_INDICATOR","interaction":{"idSuffix":"inner"}},"clearTextFirst":true,"interactionType":"ENTER_TEXT"}]}
COMMAND: POST /session/c560a4da8281d0ae87757c6686821c71/element - {"using":"css selector","value":"#application-manageresources-display-component---newResourceUnit--btnAddTimeSegment"}
RESULT: {"using":"css selector","value":"#application-manageresources-display-component---newResourceUnit--btnAddTimeSegment"}
COMMAND: GET /session/c560a4da8281d0ae87757c6686821c71/element/f.437C3BD069600255C914999B9931D078.d.9402FB99E5B56D09D0C8CC4DC4E29591.e.20853/rect - {}
RESULT: {}
COMMAND: GET /session/c560a4da8281d0ae87757c6686821c71/window/rect - {}
RESULT: {}
COMMAND: POST /session/c560a4da8281d0ae87757c6686821c71/execute/sync - {"script":"<script> [92 bytes]","args":[]}
RESULT: {"script":"<script> [92 bytes]","args":[]}
COMMAND: POST /session/c560a4da8281d0ae87757c6686821c71/actions - {"actions":[{"id":"action62","type":"wheel","parameters":{},"actions":[{"type":"scroll","x":-1888,"y":-32,"deltaX":0,"deltaY":0,"duration":0,"origin":{"element-6066-11e4-a52e-4f735466cecf":"f.437C3BD069600255C914999B9931D078.d.9402FB99E5B56D09D0C8CC4DC4E29591.e.20853"}}]}]}
COMMAND: GET /session/c560a4da8281d0ae87757c6686821c71/screenshot - {}
RESULT: {}
COMMAND: POST /session/c560a4da8281d0ae87757c6686821c71/execute/sync - {"script":"<script> [79 bytes]","args":[{"element-6066-11e4-a52e-4f735466cecf":"f.437C3BD069600255C914999B9931D078.d.9402FB99E5B56D09D0C8CC4DC4E29591.e.20853","ELEMENT":"f.437C3BD069600255C914999B9931D078.d.9402FB99E5B56D09D0C8CC4DC4E29591.e.20853"},{"block":"start","inline":"nearest"}]}
RESULT: {"script":"<script> [79 bytes]","args":[{"element-6066-11e4-a52e-4f735466cecf":"f.437C3BD069600255C914999B9931D078.d.9402FB99E5B56D09D0C8CC4DC4E29591.e.20853","ELEMENT":"f.437C3BD069600255C914999B9931D078.d.9402FB99E5B56D09D0C8CC4DC4E29591.e.20853"},{"block":"start","inline":"nearest"}]}
COMMAND: POST /session/c560a4da8281d0ae87757c6686821c71/execute/async - {"script":"<script> [1562 bytes]","args":[{"selector":{"id":"application-manageresources-display-component---newResourceUnit--btnAddTimeSegment","interaction":{"idSuffix":"inner"}},"wdio_ui5_key":"applicationmanageresources-display-component---newResourceUnit--btnAddTimeSegment"}]}
COMMAND: GET /session/c560a4da8281d0ae87757c6686821c71/screenshot - {}
RESULT: {"script":"<script> [1562 bytes]","args":[{"selector":{"id":"application-manageresources-display-component---newResourceUnit--btnAddTimeSegment","interaction":{"idSuffix":"inner"}},"wdio_ui5_key":"applicationmanageresources-display-component---newResourceUnit--btnAddTimeSegment"}]}
RESULT: undefined
COMMAND: POST /session/c560a4da8281d0ae87757c6686821c71/element - {"using":"xpath","value":"//*[@id=\"application-manageresources-display-component---newResourceUnit--btnAddTimeSegment\"]"}
RESULT: {}
RESULT: {"using":"xpath","value":"//*[@id=\"application-manageresources-display-component---newResourceUnit--btnAddTimeSegment\"]"}
COMMAND: POST /session/c560a4da8281d0ae87757c6686821c71/element/f.437C3BD069600255C914999B9931D078.d.9402FB99E5B56D09D0C8CC4DC4E29591.e.20853/click - {}
RESULT: {}
COMMAND: GET /session/c560a4da8281d0ae87757c6686821c71/screenshot - {}
RESULT: {}
COMMAND: POST /session/c560a4da8281d0ae87757c6686821c71/element - {"using":"xpath","value":"//input[@id=\"application-manageresources-display-component---newResourceUnit--idRuTSAdmin-application-manageresources-display-component---newResourceUnit--RUTimeSegment-0-inner\"]"}
RESULT: {"using":"xpath","value":"//input[@id=\"application-manageresources-display-component---newResourceUnit--idRuTSAdmin-application-manageresources-display-component---newResourceUnit--RUTimeSegment-0-inner\"]"}
COMMAND: POST /session/c560a4da8281d0ae87757c6686821c71/element/f.437C3BD069600255C914999B9931D078.d.9402FB99E5B56D09D0C8CC4DC4E29591.e.20858/clear - {}
RESULT: {}
COMMAND: POST /session/c560a4da8281d0ae87757c6686821c71/element/f.437C3BD069600255C914999B9931D078.d.9402FB99E5B56D09D0C8CC4DC4E29591.e.20858/value - {"text":"263"}
COMMAND: GET /session/c560a4da8281d0ae87757c6686821c71/screenshot - {}
RESULT: {"text":"263"}
COMMAND: GET /session/c560a4da8281d0ae87757c6686821c71/screenshot - {}
RESULT: {}
RESULT: {}
COMMAND: POST /session/c560a4da8281d0ae87757c6686821c71/element - {"using":"xpath","value":"//li[.//span[text()='263']]"}
RESULT: {"using":"xpath","value":"//li[.//span[text()='263']]"}
COMMAND: POST /session/c560a4da8281d0ae87757c6686821c71/element/f.437C3BD069600255C914999B9931D078.d.9402FB99E5B56D09D0C8CC4DC4E29591.e.20867/click - {}
RESULT: {}
COMMAND: GET /session/c560a4da8281d0ae87757c6686821c71/screenshot - {}
RESULT: {}
COMMAND: POST /session/c560a4da8281d0ae87757c6686821c71/element - {"using":"xpath","value":"(//span[contains(@id, \"-application-manageresources-display-component---newResourceUnit--RUTimeSegment-0-arrow\")])[2]"}
RESULT: {"using":"xpath","value":"(//span[contains(@id, \"-application-manageresources-display-component---newResourceUnit--RUTimeSegment-0-arrow\")])[2]"}
COMMAND: POST /session/c560a4da8281d0ae87757c6686821c71/element/f.437C3BD069600255C914999B9931D078.d.9402FB99E5B56D09D0C8CC4DC4E29591.e.20868/click - {}
RESULT: {}
COMMAND: POST /session/c560a4da8281d0ae87757c6686821c71/element - {"using":"xpath","value":"//span[contains(text(), \"PM Order\")]"}
COMMAND: GET /session/c560a4da8281d0ae87757c6686821c71/screenshot - {}
RESULT: {"using":"xpath","value":"//span[contains(text(), \"PM Order\")]"}
COMMAND: POST /session/c560a4da8281d0ae87757c6686821c71/element/f.437C3BD069600255C914999B9931D078.d.9402FB99E5B56D09D0C8CC4DC4E29591.e.20869/click - {}
RESULT: {}
RESULT: {}
COMMAND: GET /session/c560a4da8281d0ae87757c6686821c71/screenshot - {}
RESULT: {}
COMMAND: POST /session/c560a4da8281d0ae87757c6686821c71/element - {"using":"xpath","value":"//td/div/div/div/span[contains(@id, \"newResourceUnit--RUTimeSegment-0-vhi\")][1]"}
RESULT: {"using":"xpath","value":"//td/div/div/div/span[contains(@id, \"newResourceUnit--RUTimeSegment-0-vhi\")][1]"}
COMMAND: GET /session/c560a4da8281d0ae87757c6686821c71/element/f.437C3BD069600255C914999B9931D078.d.9402FB99E5B56D09D0C8CC4DC4E29591.e.20873/rect - {}
RESULT: {}
COMMAND: GET /session/c560a4da8281d0ae87757c6686821c71/window/rect - {}
RESULT: {}
COMMAND: POST /session/c560a4da8281d0ae87757c6686821c71/execute/sync - {"script":"<script> [92 bytes]","args":[]}
RESULT: {"script":"<script> [92 bytes]","args":[]}
COMMAND: POST /session/c560a4da8281d0ae87757c6686821c71/actions - {"actions":[{"id":"action63","type":"wheel","parameters":{},"actions":[{"type":"scroll","x":-1888,"y":-24,"deltaX":0,"deltaY":0,"duration":0,"origin":{"element-6066-11e4-a52e-4f735466cecf":"f.437C3BD069600255C914999B9931D078.d.9402FB99E5B56D09D0C8CC4DC4E29591.e.20873"}}]}]}
COMMAND: GET /session/c560a4da8281d0ae87757c6686821c71/screenshot - {}
RESULT: {}
COMMAND: POST /session/c560a4da8281d0ae87757c6686821c71/execute/sync - {"script":"<script> [79 bytes]","args":[{"element-6066-11e4-a52e-4f735466cecf":"f.437C3BD069600255C914999B9931D078.d.9402FB99E5B56D09D0C8CC4DC4E29591.e.20873","ELEMENT":"f.437C3BD069600255C914999B9931D078.d.9402FB99E5B56D09D0C8CC4DC4E29591.e.20873"},{"block":"start","inline":"nearest"}]}
RESULT: {"script":"<script> [79 bytes]","args":[{"element-6066-11e4-a52e-4f735466cecf":"f.437C3BD069600255C914999B9931D078.d.9402FB99E5B56D09D0C8CC4DC4E29591.e.20873","ELEMENT":"f.437C3BD069600255C914999B9931D078.d.9402FB99E5B56D09D0C8CC4DC4E29591.e.20873"},{"block":"start","inline":"nearest"}]}
COMMAND: GET /session/c560a4da8281d0ae87757c6686821c71/screenshot - {}
RESULT: {}
COMMAND: POST /session/c560a4da8281d0ae87757c6686821c71/element/f.437C3BD069600255C914999B9931D078.d.9402FB99E5B56D09D0C8CC4DC4E29591.e.20873/click - {}
RESULT: {}
COMMAND: GET /session/c560a4da8281d0ae87757c6686821c71/screenshot - {}
RESULT: {}
COMMAND: POST /session/c560a4da8281d0ae87757c6686821c71/execute/async - {"script":"<script> [1562 bytes]","args":[{"selector":{"controlType":"sap.m.SearchField","properties":{"placeholder":"Search"},"searchOpenDialogs":true,"interaction":{"idSuffix":"I"}},"wdio_ui5_key":"sapm.SearchField{\"placeholder\":\"Search\"}"}]}
RESULT: {"script":"<script> [1562 bytes]","args":[{"selector":{"controlType":"sap.m.SearchField","properties":{"placeholder":"Search"},"searchOpenDialogs":true,"interaction":{"idSuffix":"I"}},"wdio_ui5_key":"sapm.SearchField{\"placeholder\":\"Search\"}"}]}
RESULT: undefined
COMMAND: POST /session/c560a4da8281d0ae87757c6686821c71/execute/async - {"script":"<script> [776 bytes]","args":[{"enterText":"4000360","selector":{"controlType":"sap.m.SearchField","properties":{"placeholder":"Search"},"searchOpenDialogs":true,"interaction":{"idSuffix":"I"}},"clearTextFirst":true,"interactionType":"ENTER_TEXT"}]}
RESULT: {"script":"<script> [776 bytes]","args":[{"enterText":"4000360","selector":{"controlType":"sap.m.SearchField","properties":{"placeholder":"Search"},"searchOpenDialogs":true,"interaction":{"idSuffix":"I"}},"clearTextFirst":true,"interactionType":"ENTER_TEXT"}]}
COMMAND: POST /session/c560a4da8281d0ae87757c6686821c71/actions - {"actions":[{"id":"action64","type":"key","parameters":{},"actions":[{"type":"keyDown","value":""},{"type":"pause","duration":10},{"type":"keyUp","value":""}]}]}
RESULT: {"actions":[{"id":"action64","type":"key","parameters":{},"actions":[{"type":"keyDown","value":""},{"type":"pause","duration":10},{"type":"keyUp","value":""}]}]}
COMMAND: GET /session/c560a4da8281d0ae87757c6686821c71/screenshot - {}
RESULT: {}
COMMAND: POST /session/c560a4da8281d0ae87757c6686821c71/element - {"using":"xpath","value":"//td/div/span[contains(text(), \"BGL Vehicles\")]"}
RESULT: {"using":"xpath","value":"//td/div/span[contains(text(), \"BGL Vehicles\")]"}
COMMAND: POST /session/c560a4da8281d0ae87757c6686821c71/element/f.437C3BD069600255C914999B9931D078.d.9402FB99E5B56D09D0C8CC4DC4E29591.e.20895/click - {}
RESULT: {}
COMMAND: GET /session/c560a4da8281d0ae87757c6686821c71/screenshot - {}
RESULT: {}
COMMAND: POST /session/c560a4da8281d0ae87757c6686821c71/element - {"using":"xpath","value":"//bdi[contains(text(), \"OK\")]"}
RESULT: {"using":"xpath","value":"//bdi[contains(text(), \"OK\")]"}
COMMAND: POST /session/c560a4da8281d0ae87757c6686821c71/element/f.437C3BD069600255C914999B9931D078.d.9402FB99E5B56D09D0C8CC4DC4E29591.e.20896/click - {}
RESULT: {}
COMMAND: GET /session/c560a4da8281d0ae87757c6686821c71/screenshot - {}
RESULT: {}
COMMAND: POST /session/c560a4da8281d0ae87757c6686821c71/element - {"using":"xpath","value":"//label[contains(@class, 'sapMLabelRequired') and .//bdi[contains(text(), 'Planned Retirement')]]"}
RESULT: {"using":"xpath","value":"//label[contains(@class, 'sapMLabelRequired') and .//bdi[contains(text(), 'Planned Retirement')]]"}
COMMAND: POST /session/c560a4da8281d0ae87757c6686821c71/elements - {"using":"xpath","value":"//label[contains(@class, 'sapMLabelRequired') and .//bdi[contains(text(), 'Planned Retirement')]]"}
RESULT: {"using":"xpath","value":"//label[contains(@class, 'sapMLabelRequired') and .//bdi[contains(text(), 'Planned Retirement')]]"}
COMMAND: POST /session/c560a4da8281d0ae87757c6686821c71/element - {"using":"xpath","value":"//button[@data-kt=\"resourceUnitSaveButton\"]"}
RESULT: {"using":"xpath","value":"//button[@data-kt=\"resourceUnitSaveButton\"]"}
COMMAND: POST /session/c560a4da8281d0ae87757c6686821c71/element/f.437C3BD069600255C914999B9931D078.d.9402FB99E5B56D09D0C8CC4DC4E29591.e.20727/click - {}
RESULT: {}
COMMAND: GET /session/c560a4da8281d0ae87757c6686821c71/screenshot - {}
RESULT: {}
COMMAND: POST /session/c560a4da8281d0ae87757c6686821c71/element - {"using":"xpath","value":"//bdi[contains(text(), \"Close\")]"}
RESULT: {"using":"xpath","value":"//bdi[contains(text(), \"Close\")]"}
COMMAND: POST /session/c560a4da8281d0ae87757c6686821c71/element/f.437C3BD069600255C914999B9931D078.d.9402FB99E5B56D09D0C8CC4DC4E29591.e.20903/click - {}
RESULT: {}
COMMAND: GET /session/c560a4da8281d0ae87757c6686821c71/screenshot - {}
RESULT: {}
COMMAND: POST /session/c560a4da8281d0ae87757c6686821c71/element - {"using":"xpath","value":"//header[contains(@id, 'detailRruPage-headerTitle')]/div[1]/div[2]/div[2]/span[1]"}
RESULT: {"using":"xpath","value":"//header[contains(@id, 'detailRruPage-headerTitle')]/div[1]/div[2]/div[2]/span[1]"}
COMMAND: POST /session/c560a4da8281d0ae87757c6686821c71/elements - {"using":"xpath","value":"//header[contains(@id, 'detailRruPage-headerTitle')]/div[1]/div[2]/div[2]/span[1]"}
RESULT: {"using":"xpath","value":"//header[contains(@id, 'detailRruPage-headerTitle')]/div[1]/div[2]/div[2]/span[1]"}
COMMAND: POST /session/c560a4da8281d0ae87757c6686821c71/execute/sync - {"script":"<script> [56 bytes]","args":[{"element-6066-11e4-a52e-4f735466cecf":"f.437C3BD069600255C914999B9931D078.d.9402FB99E5B56D09D0C8CC4DC4E29591.e.20940","ELEMENT":"f.437C3BD069600255C914999B9931D078.d.9402FB99E5B56D09D0C8CC4DC4E29591.e.20940"}]}
RESULT: {"script":"<script> [56 bytes]","args":[{"element-6066-11e4-a52e-4f735466cecf":"f.437C3BD069600255C914999B9931D078.d.9402FB99E5B56D09D0C8CC4DC4E29591.e.20940","ELEMENT":"f.437C3BD069600255C914999B9931D078.d.9402FB99E5B56D09D0C8CC4DC4E29591.e.20940"}]}
COMMAND: POST /session/c560a4da8281d0ae87757c6686821c71/element - {"using":"css selector","value":"#shell-header-logo"}
COMMAND: GET /session/c560a4da8281d0ae87757c6686821c71/screenshot - {}
RESULT: {"using":"css selector","value":"#shell-header-logo"}
COMMAND: POST /session/c560a4da8281d0ae87757c6686821c71/element/f.437C3BD069600255C914999B9931D078.d.9402FB99E5B56D09D0C8CC4DC4E29591.e.20317/click - {}
RESULT: {}
RESULT: {}
COMMAND: GET /session/c560a4da8281d0ae87757c6686821c71/screenshot - {}
RESULT: {}
]]></system-out>
    </testcase>
    <testcase classname="chrome.137_0_7151_69.windows.Return_from_Site_w/_warehouse_management_w/_clarification_US125588" name="Bin Status Report Should Create New Organization yard" time="0.003"/>
    <testcase classname="chrome.137_0_7151_69.windows.Return_from_Site_w/_warehouse_management_w/_clarification_US125588" name="Bin Status Report Should Create New Organization for Site" time="0.004"/>
  </testsuite>
  <testsuite timestamp="2025-06-14T17:15:12" time="697.532" tests="7" failures="0" errors="0" skipped="0">
    <properties>
      <property name="specId" value="0"/>
      <property name="suiteName" value="Return from Site w/ warehouse management w clarification"/>
      <property name="capabilities" value="chrome.137_0_7151_69.windows"/>
      <property name="file" value="file:///D:/a/1/s/test/specs/HTR/return-from-site-w-warehouse-management-w-clarification.spec.js"/>
    </properties>
    <testcase classname="chrome.137_0_7151_69.windows.Return_from_Site_w/_warehouse_management_w_clarification" name="Should do a stock increase handover" time="95.028">
      <system-out><![CDATA[
COMMAND: POST /session/c560a4da8281d0ae87757c6686821c71/execute/async - {"script":"<script> [1562 bytes]","args":[{"selector":{"controlType":"sap.m.GenericTile","properties":{"header":"Manage Handovers"}},"wdio_ui5_key":"sapm.GenericTile{\"header\":\"Manage Handovers\"}"}]}
RESULT: {"script":"<script> [1562 bytes]","args":[{"selector":{"controlType":"sap.m.GenericTile","properties":{"header":"Manage Handovers"}},"wdio_ui5_key":"sapm.GenericTile{\"header\":\"Manage Handovers\"}"}]}
RESULT: undefined
COMMAND: POST /session/c560a4da8281d0ae87757c6686821c71/element - {"using":"xpath","value":"//*[@id=\"__tile134\"]"}
RESULT: {"using":"xpath","value":"//*[@id=\"__tile134\"]"}
COMMAND: POST /session/c560a4da8281d0ae87757c6686821c71/element/f.437C3BD069600255C914999B9931D078.d.9402FB99E5B56D09D0C8CC4DC4E29591.e.20294/click - {}
RESULT: {}
COMMAND: GET /session/c560a4da8281d0ae87757c6686821c71/screenshot - {}
COMMAND: POST /session/c560a4da8281d0ae87757c6686821c71/elements - {"using":"xpath","value":"//span[text()='Error']"}
RESULT: {}
RESULT: {"using":"xpath","value":"//span[text()='Error']"}
COMMAND: POST /session/c560a4da8281d0ae87757c6686821c71/element - {"using":"xpath","value":"//button[@data-kt=\"masterHOAddButton\"]"}
RESULT: {"using":"xpath","value":"//button[@data-kt=\"masterHOAddButton\"]"}
COMMAND: POST /session/c560a4da8281d0ae87757c6686821c71/elements - {"using":"xpath","value":"//button[@data-kt=\"masterHOAddButton\"]"}
RESULT: {"using":"xpath","value":"//button[@data-kt=\"masterHOAddButton\"]"}
COMMAND: POST /session/c560a4da8281d0ae87757c6686821c71/execute/sync - {"script":"<script> [8489 bytes]","args":[{"element-6066-11e4-a52e-4f735466cecf":"f.437C3BD069600255C914999B9931D078.d.9402FB99E5B56D09D0C8CC4DC4E29591.e.20978","ELEMENT":"f.437C3BD069600255C914999B9931D078.d.9402FB99E5B56D09D0C8CC4DC4E29591.e.20978"}]}
RESULT: {"script":"<script> [8489 bytes]","args":[{"element-6066-11e4-a52e-4f735466cecf":"f.437C3BD069600255C914999B9931D078.d.9402FB99E5B56D09D0C8CC4DC4E29591.e.20978","ELEMENT":"f.437C3BD069600255C914999B9931D078.d.9402FB99E5B56D09D0C8CC4DC4E29591.e.20978"}]}
COMMAND: GET /session/c560a4da8281d0ae87757c6686821c71/element/f.437C3BD069600255C914999B9931D078.d.9402FB99E5B56D09D0C8CC4DC4E29591.e.20978/enabled - {}
COMMAND: GET /session/c560a4da8281d0ae87757c6686821c71/screenshot - {}
RESULT: {}
COMMAND: POST /session/c560a4da8281d0ae87757c6686821c71/execute/sync - {"script":"<script> [8489 bytes]","args":[{"element-6066-11e4-a52e-4f735466cecf":"f.437C3BD069600255C914999B9931D078.d.9402FB99E5B56D09D0C8CC4DC4E29591.e.20978","ELEMENT":"f.437C3BD069600255C914999B9931D078.d.9402FB99E5B56D09D0C8CC4DC4E29591.e.20978"}]}
COMMAND: GET /session/c560a4da8281d0ae87757c6686821c71/screenshot - {}
RESULT: {}
RESULT: {"script":"<script> [8489 bytes]","args":[{"element-6066-11e4-a52e-4f735466cecf":"f.437C3BD069600255C914999B9931D078.d.9402FB99E5B56D09D0C8CC4DC4E29591.e.20978","ELEMENT":"f.437C3BD069600255C914999B9931D078.d.9402FB99E5B56D09D0C8CC4DC4E29591.e.20978"}]}
COMMAND: POST /session/c560a4da8281d0ae87757c6686821c71/execute/sync - {"script":"<script> [5351 bytes]","args":[{"element-6066-11e4-a52e-4f735466cecf":"f.437C3BD069600255C914999B9931D078.d.9402FB99E5B56D09D0C8CC4DC4E29591.e.20978","ELEMENT":"f.437C3BD069600255C914999B9931D078.d.9402FB99E5B56D09D0C8CC4DC4E29591.e.20978"}]}
COMMAND: GET /session/c560a4da8281d0ae87757c6686821c71/screenshot - {}
RESULT: {}
RESULT: {"script":"<script> [5351 bytes]","args":[{"element-6066-11e4-a52e-4f735466cecf":"f.437C3BD069600255C914999B9931D078.d.9402FB99E5B56D09D0C8CC4DC4E29591.e.20978","ELEMENT":"f.437C3BD069600255C914999B9931D078.d.9402FB99E5B56D09D0C8CC4DC4E29591.e.20978"}]}
COMMAND: POST /session/c560a4da8281d0ae87757c6686821c71/element/f.437C3BD069600255C914999B9931D078.d.9402FB99E5B56D09D0C8CC4DC4E29591.e.20978/click - {}
COMMAND: GET /session/c560a4da8281d0ae87757c6686821c71/screenshot - {}
RESULT: {}
RESULT: {}
COMMAND: GET /session/c560a4da8281d0ae87757c6686821c71/screenshot - {}
RESULT: {}
COMMAND: POST /session/c560a4da8281d0ae87757c6686821c71/element - {"using":"xpath","value":"//span[contains(@id ,\"AddNewHO--typeSelect-arrow\")]"}
RESULT: {}
RESULT: {"using":"xpath","value":"//span[contains(@id ,\"AddNewHO--typeSelect-arrow\")]"}
COMMAND: POST /session/c560a4da8281d0ae87757c6686821c71/element/f.437C3BD069600255C914999B9931D078.d.9402FB99E5B56D09D0C8CC4DC4E29591.e.21332/click - {}
RESULT: {}
COMMAND: GET /session/c560a4da8281d0ae87757c6686821c71/screenshot - {}
RESULT: {}
COMMAND: POST /session/c560a4da8281d0ae87757c6686821c71/element - {"using":"xpath","value":"(//li[contains(text(), \"stock increase yard\")])[1]"}
RESULT: {"using":"xpath","value":"(//li[contains(text(), \"stock increase yard\")])[1]"}
COMMAND: POST /session/c560a4da8281d0ae87757c6686821c71/element/f.437C3BD069600255C914999B9931D078.d.9402FB99E5B56D09D0C8CC4DC4E29591.e.21333/click - {}
RESULT: {}
COMMAND: GET /session/c560a4da8281d0ae87757c6686821c71/screenshot - {}
RESULT: {}
COMMAND: POST /session/c560a4da8281d0ae87757c6686821c71/execute/async - {"script":"<script> [1562 bytes]","args":[{"selector":{"id":"application-managehandovers-display-component---AddNewHO--dueDate","interaction":{"idSuffix":"inner"}},"wdio_ui5_key":"applicationmanagehandovers-display-component---AddNewHO--dueDate"}]}
RESULT: {"script":"<script> [1562 bytes]","args":[{"selector":{"id":"application-managehandovers-display-component---AddNewHO--dueDate","interaction":{"idSuffix":"inner"}},"wdio_ui5_key":"applicationmanagehandovers-display-component---AddNewHO--dueDate"}]}
RESULT: undefined
COMMAND: POST /session/c560a4da8281d0ae87757c6686821c71/execute/async - {"script":"<script> [6424 bytes]","args":[{"element-6066-11e4-a52e-4f735466cecf":"f.437C3BD069600255C914999B9931D078.d.9402FB99E5B56D09D0C8CC4DC4E29591.e.21337"},"setValue",["6/14/25"]]}
RESULT: {"script":"<script> [6424 bytes]","args":[{"element-6066-11e4-a52e-4f735466cecf":"f.437C3BD069600255C914999B9931D078.d.9402FB99E5B56D09D0C8CC4DC4E29591.e.21337"},"setValue",["6/14/25"]]}
COMMAND: POST /session/c560a4da8281d0ae87757c6686821c71/element - {"using":"xpath","value":"//input[@id=\"generalSectionFrg--receiveYard-inner\"]"}
RESULT: {"using":"xpath","value":"//input[@id=\"generalSectionFrg--receiveYard-inner\"]"}
COMMAND: POST /session/c560a4da8281d0ae87757c6686821c71/element/f.437C3BD069600255C914999B9931D078.d.9402FB99E5B56D09D0C8CC4DC4E29591.e.21343/clear - {}
RESULT: {}
COMMAND: POST /session/c560a4da8281d0ae87757c6686821c71/element/f.437C3BD069600255C914999B9931D078.d.9402FB99E5B56D09D0C8CC4DC4E29591.e.21343/value - {"text":"263"}
COMMAND: GET /session/c560a4da8281d0ae87757c6686821c71/screenshot - {}
RESULT: {"text":"263"}
COMMAND: GET /session/c560a4da8281d0ae87757c6686821c71/screenshot - {}
RESULT: {}
RESULT: {}
COMMAND: POST /session/c560a4da8281d0ae87757c6686821c71/element - {"using":"xpath","value":"//li[.//span[contains(normalize-space(.), '263 -')]]"}
RESULT: {"using":"xpath","value":"//li[.//span[contains(normalize-space(.), '263 -')]]"}
COMMAND: POST /session/c560a4da8281d0ae87757c6686821c71/element/f.437C3BD069600255C914999B9931D078.d.9402FB99E5B56D09D0C8CC4DC4E29591.e.21357/click - {}
RESULT: {}
COMMAND: GET /session/c560a4da8281d0ae87757c6686821c71/screenshot - {}
RESULT: {}
COMMAND: POST /session/c560a4da8281d0ae87757c6686821c71/execute/async - {"script":"<script> [1562 bytes]","args":[{"selector":{"id":"application-managehandovers-display-component---AddNewHO--ObjectPageLayout-anchBar-application-managehandovers-display-component---AddNewHO--section4-anchor","interaction":{"idSuffix":"BDI-content"}},"wdio_ui5_key":"applicationmanagehandovers-display-component---AddNewHO--ObjectPageLayout-anchBar-application-managehandovers-display-component---AddNewHO--section4-anchor"}]}
RESULT: {"script":"<script> [1562 bytes]","args":[{"selector":{"id":"application-managehandovers-display-component---AddNewHO--ObjectPageLayout-anchBar-application-managehandovers-display-component---AddNewHO--section4-anchor","interaction":{"idSuffix":"BDI-content"}},"wdio_ui5_key":"applicationmanagehandovers-display-component---AddNewHO--ObjectPageLayout-anchBar-application-managehandovers-display-component---AddNewHO--section4-anchor"}]}
RESULT: undefined
COMMAND: POST /session/c560a4da8281d0ae87757c6686821c71/element - {"using":"xpath","value":"//*[@id=\"application-managehandovers-display-component---AddNewHO--ObjectPageLayout-anchBar-application-managehandovers-display-component---AddNewHO--section4-anchor\"]"}
RESULT: {"using":"xpath","value":"//*[@id=\"application-managehandovers-display-component---AddNewHO--ObjectPageLayout-anchBar-application-managehandovers-display-component---AddNewHO--section4-anchor\"]"}
COMMAND: POST /session/c560a4da8281d0ae87757c6686821c71/element/f.437C3BD069600255C914999B9931D078.d.9402FB99E5B56D09D0C8CC4DC4E29591.e.21359/click - {}
RESULT: {}
COMMAND: GET /session/c560a4da8281d0ae87757c6686821c71/screenshot - {}
RESULT: {}
COMMAND: POST /session/c560a4da8281d0ae87757c6686821c71/element - {"using":"xpath","value":"//button[@aria-label=\"Add\"]"}
RESULT: {"using":"xpath","value":"//button[@aria-label=\"Add\"]"}
COMMAND: POST /session/c560a4da8281d0ae87757c6686821c71/element/f.437C3BD069600255C914999B9931D078.d.9402FB99E5B56D09D0C8CC4DC4E29591.e.21363/click - {}
RESULT: {}
COMMAND: GET /session/c560a4da8281d0ae87757c6686821c71/screenshot - {}
RESULT: {}
COMMAND: POST /session/c560a4da8281d0ae87757c6686821c71/execute/async - {"script":"<script> [1562 bytes]","args":[{"selector":{"id":"application-managehandovers-display-component---AddNewHO--smartFilterBar-btnBasicSearch","searchOpenDialogs":true,"interaction":{"idSuffix":"I"}},"wdio_ui5_key":"applicationmanagehandovers-display-component---AddNewHO--smartFilterBar-btnBasicSearch"}]}
RESULT: {"script":"<script> [1562 bytes]","args":[{"selector":{"id":"application-managehandovers-display-component---AddNewHO--smartFilterBar-btnBasicSearch","searchOpenDialogs":true,"interaction":{"idSuffix":"I"}},"wdio_ui5_key":"applicationmanagehandovers-display-component---AddNewHO--smartFilterBar-btnBasicSearch"}]}
RESULT: undefined
COMMAND: POST /session/c560a4da8281d0ae87757c6686821c71/execute/async - {"script":"<script> [776 bytes]","args":[{"enterText":"200142","selector":{"id":"application-managehandovers-display-component---AddNewHO--smartFilterBar-btnBasicSearch","searchOpenDialogs":true,"interaction":{"idSuffix":"I"}},"clearTextFirst":true,"interactionType":"ENTER_TEXT"}]}
RESULT: {"script":"<script> [776 bytes]","args":[{"enterText":"200142","selector":{"id":"application-managehandovers-display-component---AddNewHO--smartFilterBar-btnBasicSearch","searchOpenDialogs":true,"interaction":{"idSuffix":"I"}},"clearTextFirst":true,"interactionType":"ENTER_TEXT"}]}
COMMAND: POST /session/c560a4da8281d0ae87757c6686821c71/actions - {"actions":[{"id":"action65","type":"key","parameters":{},"actions":[{"type":"keyDown","value":""},{"type":"pause","duration":10},{"type":"keyUp","value":""}]}]}
RESULT: {"actions":[{"id":"action65","type":"key","parameters":{},"actions":[{"type":"keyDown","value":""},{"type":"pause","duration":10},{"type":"keyUp","value":""}]}]}
COMMAND: GET /session/c560a4da8281d0ae87757c6686821c71/screenshot - {}
RESULT: {}
COMMAND: POST /session/c560a4da8281d0ae87757c6686821c71/execute/async - {"script":"<script> [1562 bytes]","args":[{"selector":{"id":"application-managehandovers-display-component---AddNewHO--popup-sa","searchOpenDialogs":true,"interaction":{"idSuffix":"CbBg"}},"wdio_ui5_key":"applicationmanagehandovers-display-component---AddNewHO--popup-sa"}]}
RESULT: {"script":"<script> [1562 bytes]","args":[{"selector":{"id":"application-managehandovers-display-component---AddNewHO--popup-sa","searchOpenDialogs":true,"interaction":{"idSuffix":"CbBg"}},"wdio_ui5_key":"applicationmanagehandovers-display-component---AddNewHO--popup-sa"}]}
RESULT: undefined
COMMAND: POST /session/c560a4da8281d0ae87757c6686821c71/element - {"using":"xpath","value":"//*[@id=\"application-managehandovers-display-component---AddNewHO--popup-sa\"]"}
RESULT: {"using":"xpath","value":"//*[@id=\"application-managehandovers-display-component---AddNewHO--popup-sa\"]"}
COMMAND: POST /session/c560a4da8281d0ae87757c6686821c71/element/f.437C3BD069600255C914999B9931D078.d.9402FB99E5B56D09D0C8CC4DC4E29591.e.21514/click - {}
RESULT: {}
COMMAND: GET /session/c560a4da8281d0ae87757c6686821c71/screenshot - {}
RESULT: {}
COMMAND: POST /session/c560a4da8281d0ae87757c6686821c71/element - {"using":"xpath","value":"//bdi[contains(text(), \"Select\")]"}
RESULT: {"using":"xpath","value":"//bdi[contains(text(), \"Select\")]"}
COMMAND: POST /session/c560a4da8281d0ae87757c6686821c71/element/f.437C3BD069600255C914999B9931D078.d.9402FB99E5B56D09D0C8CC4DC4E29591.e.21515/click - {}
RESULT: {}
COMMAND: GET /session/c560a4da8281d0ae87757c6686821c71/screenshot - {}
RESULT: {}
COMMAND: POST /session/c560a4da8281d0ae87757c6686821c71/element - {"using":"xpath","value":"//button[@data-kt=\"AddNewHOSaveButton\"]"}
RESULT: {"using":"xpath","value":"//button[@data-kt=\"AddNewHOSaveButton\"]"}
COMMAND: POST /session/c560a4da8281d0ae87757c6686821c71/element/f.437C3BD069600255C914999B9931D078.d.9402FB99E5B56D09D0C8CC4DC4E29591.e.21519/click - {}
RESULT: {}
COMMAND: GET /session/c560a4da8281d0ae87757c6686821c71/screenshot - {}
RESULT: {}
COMMAND: POST /session/c560a4da8281d0ae87757c6686821c71/execute/async - {"script":"<script> [1562 bytes]","args":[{"selector":{"id":"receiptDatePicker","viewName":"etm.portal.ui.managehandovers.view.DetailExecuteHO","interaction":{"idSuffix":"inner"}},"wdio_ui5_key":"receiptDatePickeretmportal.ui.managehandovers.view.DetailExecuteHO"}]}
RESULT: {"script":"<script> [1562 bytes]","args":[{"selector":{"id":"receiptDatePicker","viewName":"etm.portal.ui.managehandovers.view.DetailExecuteHO","interaction":{"idSuffix":"inner"}},"wdio_ui5_key":"receiptDatePickeretmportal.ui.managehandovers.view.DetailExecuteHO"}]}
RESULT: undefined
COMMAND: POST /session/c560a4da8281d0ae87757c6686821c71/execute/async - {"script":"<script> [6424 bytes]","args":[{"element-6066-11e4-a52e-4f735466cecf":"f.437C3BD069600255C914999B9931D078.d.9402FB99E5B56D09D0C8CC4DC4E29591.e.21547"},"setValue",["6/14/25"]]}
RESULT: {"script":"<script> [6424 bytes]","args":[{"element-6066-11e4-a52e-4f735466cecf":"f.437C3BD069600255C914999B9931D078.d.9402FB99E5B56D09D0C8CC4DC4E29591.e.21547"},"setValue",["6/14/25"]]}
COMMAND: POST /session/c560a4da8281d0ae87757c6686821c71/element - {"using":"xpath","value":"//button[@data-kt=\"ReceivingTableConfirmAllButton\"]"}
RESULT: {"using":"xpath","value":"//button[@data-kt=\"ReceivingTableConfirmAllButton\"]"}
COMMAND: POST /session/c560a4da8281d0ae87757c6686821c71/element/f.437C3BD069600255C914999B9931D078.d.9402FB99E5B56D09D0C8CC4DC4E29591.e.21563/click - {}
RESULT: {}
COMMAND: GET /session/c560a4da8281d0ae87757c6686821c71/screenshot - {}
RESULT: {}
COMMAND: POST /session/c560a4da8281d0ae87757c6686821c71/element - {"using":"xpath","value":"//bdi[contains(text(), \"OK\")]"}
RESULT: {"using":"xpath","value":"//bdi[contains(text(), \"OK\")]"}
COMMAND: POST /session/c560a4da8281d0ae87757c6686821c71/element/f.437C3BD069600255C914999B9931D078.d.9402FB99E5B56D09D0C8CC4DC4E29591.e.21565/click - {}
RESULT: {}
COMMAND: GET /session/c560a4da8281d0ae87757c6686821c71/screenshot - {}
RESULT: {}
COMMAND: POST /session/c560a4da8281d0ae87757c6686821c71/element - {"using":"xpath","value":"(//bdi[contains(text(), \"Receive\")])[2]"}
RESULT: {"using":"xpath","value":"(//bdi[contains(text(), \"Receive\")])[2]"}
COMMAND: POST /session/c560a4da8281d0ae87757c6686821c71/element/f.437C3BD069600255C914999B9931D078.d.9402FB99E5B56D09D0C8CC4DC4E29591.e.21567/click - {}
RESULT: {}
COMMAND: GET /session/c560a4da8281d0ae87757c6686821c71/screenshot - {}
RESULT: {}
COMMAND: POST /session/c560a4da8281d0ae87757c6686821c71/element - {"using":"css selector","value":"#shell-header-logo"}
RESULT: {"using":"css selector","value":"#shell-header-logo"}
COMMAND: POST /session/c560a4da8281d0ae87757c6686821c71/element/f.437C3BD069600255C914999B9931D078.d.9402FB99E5B56D09D0C8CC4DC4E29591.e.20943/click - {}
RESULT: {}
COMMAND: GET /session/c560a4da8281d0ae87757c6686821c71/screenshot - {}
RESULT: {}
]]></system-out>
    </testcase>
    <testcase classname="chrome.137_0_7151_69.windows.Return_from_Site_w/_warehouse_management_w_clarification" name="Should create a new contract" time="58.98">
      <system-out><![CDATA[
COMMAND: POST /session/c560a4da8281d0ae87757c6686821c71/execute/async - {"script":"<script> [1562 bytes]","args":[{"selector":{"controlType":"sap.m.GenericTile","properties":{"header":"Manage Contracts"}},"wdio_ui5_key":"sapm.GenericTile{\"header\":\"Manage Contracts\"}"}]}
RESULT: {"script":"<script> [1562 bytes]","args":[{"selector":{"controlType":"sap.m.GenericTile","properties":{"header":"Manage Contracts"}},"wdio_ui5_key":"sapm.GenericTile{\"header\":\"Manage Contracts\"}"}]}
RESULT: undefined
COMMAND: POST /session/c560a4da8281d0ae87757c6686821c71/element - {"using":"xpath","value":"//*[@id=\"__tile132\"]"}
RESULT: {"using":"xpath","value":"//*[@id=\"__tile132\"]"}
COMMAND: POST /session/c560a4da8281d0ae87757c6686821c71/element/f.437C3BD069600255C914999B9931D078.d.9402FB99E5B56D09D0C8CC4DC4E29591.e.20222/click - {}
RESULT: {}
COMMAND: GET /session/c560a4da8281d0ae87757c6686821c71/screenshot - {}
RESULT: {}
COMMAND: POST /session/c560a4da8281d0ae87757c6686821c71/elements - {"using":"xpath","value":"//span[text()='Error']"}
RESULT: {"using":"xpath","value":"//span[text()='Error']"}
COMMAND: POST /session/c560a4da8281d0ae87757c6686821c71/element - {"using":"xpath","value":"//button[@data-kt=\"addButton\"]"}
RESULT: {"using":"xpath","value":"//button[@data-kt=\"addButton\"]"}
COMMAND: POST /session/c560a4da8281d0ae87757c6686821c71/elements - {"using":"xpath","value":"//button[@data-kt=\"addButton\"]"}
RESULT: {"using":"xpath","value":"//button[@data-kt=\"addButton\"]"}
COMMAND: POST /session/c560a4da8281d0ae87757c6686821c71/execute/sync - {"script":"<script> [8489 bytes]","args":[{"element-6066-11e4-a52e-4f735466cecf":"f.437C3BD069600255C914999B9931D078.d.9402FB99E5B56D09D0C8CC4DC4E29591.e.21896","ELEMENT":"f.437C3BD069600255C914999B9931D078.d.9402FB99E5B56D09D0C8CC4DC4E29591.e.21896"}]}
RESULT: {"script":"<script> [8489 bytes]","args":[{"element-6066-11e4-a52e-4f735466cecf":"f.437C3BD069600255C914999B9931D078.d.9402FB99E5B56D09D0C8CC4DC4E29591.e.21896","ELEMENT":"f.437C3BD069600255C914999B9931D078.d.9402FB99E5B56D09D0C8CC4DC4E29591.e.21896"}]}
COMMAND: GET /session/c560a4da8281d0ae87757c6686821c71/element/f.437C3BD069600255C914999B9931D078.d.9402FB99E5B56D09D0C8CC4DC4E29591.e.21896/enabled - {}
COMMAND: GET /session/c560a4da8281d0ae87757c6686821c71/screenshot - {}
RESULT: {}
COMMAND: POST /session/c560a4da8281d0ae87757c6686821c71/execute/sync - {"script":"<script> [8489 bytes]","args":[{"element-6066-11e4-a52e-4f735466cecf":"f.437C3BD069600255C914999B9931D078.d.9402FB99E5B56D09D0C8CC4DC4E29591.e.21896","ELEMENT":"f.437C3BD069600255C914999B9931D078.d.9402FB99E5B56D09D0C8CC4DC4E29591.e.21896"}]}
COMMAND: GET /session/c560a4da8281d0ae87757c6686821c71/screenshot - {}
RESULT: {}
RESULT: {"script":"<script> [8489 bytes]","args":[{"element-6066-11e4-a52e-4f735466cecf":"f.437C3BD069600255C914999B9931D078.d.9402FB99E5B56D09D0C8CC4DC4E29591.e.21896","ELEMENT":"f.437C3BD069600255C914999B9931D078.d.9402FB99E5B56D09D0C8CC4DC4E29591.e.21896"}]}
COMMAND: POST /session/c560a4da8281d0ae87757c6686821c71/execute/sync - {"script":"<script> [5351 bytes]","args":[{"element-6066-11e4-a52e-4f735466cecf":"f.437C3BD069600255C914999B9931D078.d.9402FB99E5B56D09D0C8CC4DC4E29591.e.21896","ELEMENT":"f.437C3BD069600255C914999B9931D078.d.9402FB99E5B56D09D0C8CC4DC4E29591.e.21896"}]}
COMMAND: GET /session/c560a4da8281d0ae87757c6686821c71/screenshot - {}
RESULT: {}
RESULT: {"script":"<script> [5351 bytes]","args":[{"element-6066-11e4-a52e-4f735466cecf":"f.437C3BD069600255C914999B9931D078.d.9402FB99E5B56D09D0C8CC4DC4E29591.e.21896","ELEMENT":"f.437C3BD069600255C914999B9931D078.d.9402FB99E5B56D09D0C8CC4DC4E29591.e.21896"}]}
COMMAND: GET /session/c560a4da8281d0ae87757c6686821c71/screenshot - {}
RESULT: {}
RESULT: {}
COMMAND: POST /session/c560a4da8281d0ae87757c6686821c71/element/f.437C3BD069600255C914999B9931D078.d.9402FB99E5B56D09D0C8CC4DC4E29591.e.21896/click - {}
RESULT: {}
COMMAND: GET /session/c560a4da8281d0ae87757c6686821c71/screenshot - {}
COMMAND: POST /session/c560a4da8281d0ae87757c6686821c71/execute/async - {"script":"<script> [1562 bytes]","args":[{"selector":{"id":"application-managecontracts-display-component---AddNewContract--projectDescription","interaction":{"idSuffix":"inner"}},"wdio_ui5_key":"applicationmanagecontracts-display-component---AddNewContract--projectDescription"}]}
RESULT: {}
RESULT: {"script":"<script> [1562 bytes]","args":[{"selector":{"id":"application-managecontracts-display-component---AddNewContract--projectDescription","interaction":{"idSuffix":"inner"}},"wdio_ui5_key":"applicationmanagecontracts-display-component---AddNewContract--projectDescription"}]}
RESULT: undefined
COMMAND: POST /session/c560a4da8281d0ae87757c6686821c71/execute/async - {"script":"<script> [776 bytes]","args":[{"enterText":"Contract WDIO","selector":{"id":"application-managecontracts-display-component---AddNewContract--projectDescription","interaction":{"idSuffix":"inner"}},"clearTextFirst":true,"interactionType":"ENTER_TEXT"}]}
RESULT: {"script":"<script> [776 bytes]","args":[{"enterText":"Contract WDIO","selector":{"id":"application-managecontracts-display-component---AddNewContract--projectDescription","interaction":{"idSuffix":"inner"}},"clearTextFirst":true,"interactionType":"ENTER_TEXT"}]}
COMMAND: POST /session/c560a4da8281d0ae87757c6686821c71/element - {"using":"xpath","value":"//input[@id=\"application-managecontracts-display-component---AddNewContract--site-inner\"]"}
RESULT: {"using":"xpath","value":"//input[@id=\"application-managecontracts-display-component---AddNewContract--site-inner\"]"}
COMMAND: POST /session/c560a4da8281d0ae87757c6686821c71/element/f.437C3BD069600255C914999B9931D078.d.9402FB99E5B56D09D0C8CC4DC4E29591.e.22217/clear - {}
RESULT: {}
COMMAND: POST /session/c560a4da8281d0ae87757c6686821c71/element/f.437C3BD069600255C914999B9931D078.d.9402FB99E5B56D09D0C8CC4DC4E29591.e.22217/value - {"text":"2104"}
COMMAND: GET /session/c560a4da8281d0ae87757c6686821c71/screenshot - {}
RESULT: {"text":"2104"}
COMMAND: GET /session/c560a4da8281d0ae87757c6686821c71/screenshot - {}
RESULT: {}
RESULT: {}
COMMAND: POST /session/c560a4da8281d0ae87757c6686821c71/element - {"using":"xpath","value":"//li[.//span[text()='2104']]"}
RESULT: {"using":"xpath","value":"//li[.//span[text()='2104']]"}
COMMAND: POST /session/c560a4da8281d0ae87757c6686821c71/element/f.437C3BD069600255C914999B9931D078.d.9402FB99E5B56D09D0C8CC4DC4E29591.e.22300/click - {}
RESULT: {}
COMMAND: GET /session/c560a4da8281d0ae87757c6686821c71/screenshot - {}
RESULT: {}
COMMAND: POST /session/c560a4da8281d0ae87757c6686821c71/element - {"using":"xpath","value":"//input[@id=\"application-managecontracts-display-component---AddNewContract--yardId-inner\"]"}
RESULT: {"using":"xpath","value":"//input[@id=\"application-managecontracts-display-component---AddNewContract--yardId-inner\"]"}
COMMAND: GET /session/c560a4da8281d0ae87757c6686821c71/element/f.437C3BD069600255C914999B9931D078.d.9402FB99E5B56D09D0C8CC4DC4E29591.e.22218/property/value - {}
RESULT: {}
COMMAND: POST /session/c560a4da8281d0ae87757c6686821c71/element - {"using":"xpath","value":"//input[@id=\"application-managecontracts-display-component---AddNewContract--customerSelect-inner\"]"}
COMMAND: GET /session/c560a4da8281d0ae87757c6686821c71/screenshot - {}
RESULT: {"using":"xpath","value":"//input[@id=\"application-managecontracts-display-component---AddNewContract--customerSelect-inner\"]"}
COMMAND: POST /session/c560a4da8281d0ae87757c6686821c71/element/f.437C3BD069600255C914999B9931D078.d.9402FB99E5B56D09D0C8CC4DC4E29591.e.22216/clear - {}
RESULT: {}
RESULT: {}
COMMAND: POST /session/c560a4da8281d0ae87757c6686821c71/element/f.437C3BD069600255C914999B9931D078.d.9402FB99E5B56D09D0C8CC4DC4E29591.e.22216/value - {"text":"1113"}
COMMAND: GET /session/c560a4da8281d0ae87757c6686821c71/screenshot - {}
RESULT: {"text":"1113"}
COMMAND: GET /session/c560a4da8281d0ae87757c6686821c71/screenshot - {}
RESULT: {}
RESULT: {}
COMMAND: POST /session/c560a4da8281d0ae87757c6686821c71/element - {"using":"xpath","value":"//li[.//span[text()='1113']]"}
RESULT: {"using":"xpath","value":"//li[.//span[text()='1113']]"}
COMMAND: POST /session/c560a4da8281d0ae87757c6686821c71/element/f.437C3BD069600255C914999B9931D078.d.9402FB99E5B56D09D0C8CC4DC4E29591.e.22303/click - {}
RESULT: {}
COMMAND: GET /session/c560a4da8281d0ae87757c6686821c71/screenshot - {}
RESULT: {}
COMMAND: POST /session/c560a4da8281d0ae87757c6686821c71/element - {"using":"xpath","value":"//button[@data-kt=\"saveButton\"]"}
RESULT: {"using":"xpath","value":"//button[@data-kt=\"saveButton\"]"}
COMMAND: POST /session/c560a4da8281d0ae87757c6686821c71/element/f.437C3BD069600255C914999B9931D078.d.9402FB99E5B56D09D0C8CC4DC4E29591.e.22293/click - {}
RESULT: {}
COMMAND: GET /session/c560a4da8281d0ae87757c6686821c71/screenshot - {}
RESULT: {}
COMMAND: POST /session/c560a4da8281d0ae87757c6686821c71/element - {"using":"xpath","value":"//span[contains(@id ,\"contractDetailTitleNoExpanded\")]"}
RESULT: {"using":"xpath","value":"//span[contains(@id ,\"contractDetailTitleNoExpanded\")]"}
COMMAND: POST /session/c560a4da8281d0ae87757c6686821c71/elements - {"using":"xpath","value":"//span[contains(@id ,\"contractDetailTitleNoExpanded\")]"}
RESULT: {"using":"xpath","value":"//span[contains(@id ,\"contractDetailTitleNoExpanded\")]"}
COMMAND: POST /session/c560a4da8281d0ae87757c6686821c71/execute/sync - {"script":"<script> [56 bytes]","args":[{"element-6066-11e4-a52e-4f735466cecf":"f.437C3BD069600255C914999B9931D078.d.9402FB99E5B56D09D0C8CC4DC4E29591.e.22376","ELEMENT":"f.437C3BD069600255C914999B9931D078.d.9402FB99E5B56D09D0C8CC4DC4E29591.e.22376"}]}
RESULT: {"script":"<script> [56 bytes]","args":[{"element-6066-11e4-a52e-4f735466cecf":"f.437C3BD069600255C914999B9931D078.d.9402FB99E5B56D09D0C8CC4DC4E29591.e.22376","ELEMENT":"f.437C3BD069600255C914999B9931D078.d.9402FB99E5B56D09D0C8CC4DC4E29591.e.22376"}]}
COMMAND: GET /session/c560a4da8281d0ae87757c6686821c71/screenshot - {}
RESULT: {}
]]></system-out>
    </testcase>
    <testcase classname="chrome.137_0_7151_69.windows.Return_from_Site_w/_warehouse_management_w_clarification" name="Should add equipment to the contract" time="59.044">
      <system-out><![CDATA[
COMMAND: POST /session/c560a4da8281d0ae87757c6686821c71/element - {"using":"xpath","value":"//button[@data-kt=\"contractDetailEditBtnButton\"]"}
RESULT: {"using":"xpath","value":"//button[@data-kt=\"contractDetailEditBtnButton\"]"}
COMMAND: POST /session/c560a4da8281d0ae87757c6686821c71/element/f.437C3BD069600255C914999B9931D078.d.9402FB99E5B56D09D0C8CC4DC4E29591.e.22378/click - {}
RESULT: {}
COMMAND: GET /session/c560a4da8281d0ae87757c6686821c71/screenshot - {}
RESULT: {}
COMMAND: POST /session/c560a4da8281d0ae87757c6686821c71/element - {"using":"xpath","value":"(//span[contains(text(), \"Additional Addresses\")])[2]"}
RESULT: {"using":"xpath","value":"(//span[contains(text(), \"Additional Addresses\")])[2]"}
COMMAND: POST /session/c560a4da8281d0ae87757c6686821c71/element/f.437C3BD069600255C914999B9931D078.d.9402FB99E5B56D09D0C8CC4DC4E29591.e.22434/click - {}
RESULT: {}
COMMAND: GET /session/c560a4da8281d0ae87757c6686821c71/screenshot - {}
RESULT: {}
COMMAND: POST /session/c560a4da8281d0ae87757c6686821c71/element - {"using":"xpath","value":"//button[@data-kt=\"btnAddTableRowOverflowToolbarButton\"]"}
RESULT: {"using":"xpath","value":"//button[@data-kt=\"btnAddTableRowOverflowToolbarButton\"]"}
COMMAND: POST /session/c560a4da8281d0ae87757c6686821c71/element/f.437C3BD069600255C914999B9931D078.d.9402FB99E5B56D09D0C8CC4DC4E29591.e.22436/click - {}
RESULT: {}
COMMAND: GET /session/c560a4da8281d0ae87757c6686821c71/screenshot - {}
RESULT: {}
COMMAND: POST /session/c560a4da8281d0ae87757c6686821c71/element - {"using":"xpath","value":"//div[(text() = 'Standard Entry' or . = 'Standard Entry')]"}
RESULT: {"using":"xpath","value":"//div[(text() = 'Standard Entry' or . = 'Standard Entry')]"}
COMMAND: POST /session/c560a4da8281d0ae87757c6686821c71/element/f.437C3BD069600255C914999B9931D078.d.9402FB99E5B56D09D0C8CC4DC4E29591.e.22438/click - {}
RESULT: {}
COMMAND: GET /session/c560a4da8281d0ae87757c6686821c71/screenshot - {}
RESULT: {}
COMMAND: POST /session/c560a4da8281d0ae87757c6686821c71/element - {"using":"xpath","value":"//td[6]/div/div/div/span"}
RESULT: {"using":"xpath","value":"//td[6]/div/div/div/span"}
COMMAND: POST /session/c560a4da8281d0ae87757c6686821c71/element/f.437C3BD069600255C914999B9931D078.d.9402FB99E5B56D09D0C8CC4DC4E29591.e.22450/click - {}
RESULT: {}
COMMAND: GET /session/c560a4da8281d0ae87757c6686821c71/screenshot - {}
RESULT: {}
COMMAND: POST /session/c560a4da8281d0ae87757c6686821c71/element - {"using":"xpath","value":"(//span[contains(text(), \"Material\")])"}
RESULT: {"using":"xpath","value":"(//span[contains(text(), \"Material\")])"}
COMMAND: POST /session/c560a4da8281d0ae87757c6686821c71/element/f.437C3BD069600255C914999B9931D078.d.9402FB99E5B56D09D0C8CC4DC4E29591.e.22451/click - {}
RESULT: {}
COMMAND: GET /session/c560a4da8281d0ae87757c6686821c71/screenshot - {}
RESULT: {}
COMMAND: POST /session/c560a4da8281d0ae87757c6686821c71/element - {"using":"xpath","value":"//td[7]/div/div/input"}
RESULT: {"using":"xpath","value":"//td[7]/div/div/input"}
COMMAND: POST /session/c560a4da8281d0ae87757c6686821c71/element/f.437C3BD069600255C914999B9931D078.d.9402FB99E5B56D09D0C8CC4DC4E29591.e.22455/clear - {}
RESULT: {}
COMMAND: POST /session/c560a4da8281d0ae87757c6686821c71/element/f.437C3BD069600255C914999B9931D078.d.9402FB99E5B56D09D0C8CC4DC4E29591.e.22455/value - {"text":"200142"}
COMMAND: GET /session/c560a4da8281d0ae87757c6686821c71/screenshot - {}
RESULT: {"text":"200142"}
COMMAND: GET /session/c560a4da8281d0ae87757c6686821c71/screenshot - {}
RESULT: {}
RESULT: {}
COMMAND: POST /session/c560a4da8281d0ae87757c6686821c71/actions - {"actions":[{"id":"action66","type":"key","parameters":{},"actions":[{"type":"keyDown","value":""},{"type":"pause","duration":10},{"type":"keyUp","value":""}]}]}
RESULT: {"actions":[{"id":"action66","type":"key","parameters":{},"actions":[{"type":"keyDown","value":""},{"type":"pause","duration":10},{"type":"keyUp","value":""}]}]}
COMMAND: GET /session/c560a4da8281d0ae87757c6686821c71/screenshot - {}
RESULT: {}
COMMAND: POST /session/c560a4da8281d0ae87757c6686821c71/execute/sync - {"script":"<script> [276 bytes]","args":["No pricing information was found"]}
RESULT: {"script":"<script> [276 bytes]","args":["No pricing information was found"]}
COMMAND: POST /session/c560a4da8281d0ae87757c6686821c71/element - {"using":"xpath","value":"//bdi[contains(text(), \"OK\")]"}
COMMAND: GET /session/c560a4da8281d0ae87757c6686821c71/screenshot - {}
RESULT: {}
RESULT: {"using":"xpath","value":"//bdi[contains(text(), \"OK\")]"}
COMMAND: POST /session/c560a4da8281d0ae87757c6686821c71/element/f.437C3BD069600255C914999B9931D078.d.9402FB99E5B56D09D0C8CC4DC4E29591.e.22481/click - {}
RESULT: {}
COMMAND: GET /session/c560a4da8281d0ae87757c6686821c71/screenshot - {}
RESULT: {}
COMMAND: POST /session/c560a4da8281d0ae87757c6686821c71/element - {"using":"xpath","value":"(//button[@data-kt=\"saveButton\"])[2]"}
RESULT: {"using":"xpath","value":"(//button[@data-kt=\"saveButton\"])[2]"}
COMMAND: POST /session/c560a4da8281d0ae87757c6686821c71/element/f.437C3BD069600255C914999B9931D078.d.9402FB99E5B56D09D0C8CC4DC4E29591.e.22482/click - {}
RESULT: {}
COMMAND: GET /session/c560a4da8281d0ae87757c6686821c71/screenshot - {}
RESULT: {}
COMMAND: POST /session/c560a4da8281d0ae87757c6686821c71/execute/sync - {"script":"<script> [276 bytes]","args":["Some contract items are having rental validity exceeding header rental validity"]}
RESULT: {"script":"<script> [276 bytes]","args":["Some contract items are having rental validity exceeding header rental validity"]}
COMMAND: GET /session/c560a4da8281d0ae87757c6686821c71/screenshot - {}
RESULT: {}
COMMAND: POST /session/c560a4da8281d0ae87757c6686821c71/element - {"using":"xpath","value":"//span[contains(@id ,\"contractItemsSmartTable-header-inner\")]"}
RESULT: {"using":"xpath","value":"//span[contains(@id ,\"contractItemsSmartTable-header-inner\")]"}
COMMAND: POST /session/c560a4da8281d0ae87757c6686821c71/elements - {"using":"xpath","value":"//span[contains(@id ,\"contractItemsSmartTable-header-inner\")]"}
RESULT: {"using":"xpath","value":"//span[contains(@id ,\"contractItemsSmartTable-header-inner\")]"}
COMMAND: POST /session/c560a4da8281d0ae87757c6686821c71/execute/sync - {"script":"<script> [56 bytes]","args":[{"element-6066-11e4-a52e-4f735466cecf":"f.437C3BD069600255C914999B9931D078.d.9402FB99E5B56D09D0C8CC4DC4E29591.e.22486","ELEMENT":"f.437C3BD069600255C914999B9931D078.d.9402FB99E5B56D09D0C8CC4DC4E29591.e.22486"}]}
RESULT: {"script":"<script> [56 bytes]","args":[{"element-6066-11e4-a52e-4f735466cecf":"f.437C3BD069600255C914999B9931D078.d.9402FB99E5B56D09D0C8CC4DC4E29591.e.22486","ELEMENT":"f.437C3BD069600255C914999B9931D078.d.9402FB99E5B56D09D0C8CC4DC4E29591.e.22486"}]}
COMMAND: GET /session/c560a4da8281d0ae87757c6686821c71/screenshot - {}
]]></system-out>
    </testcase>
    <testcase classname="chrome.137_0_7151_69.windows.Return_from_Site_w/_warehouse_management_w_clarification" name="Should provide to site" time="41.236">
      <system-out><![CDATA[
COMMAND: POST /session/c560a4da8281d0ae87757c6686821c71/element - {"using":"xpath","value":"//button[@data-kt=\"provideButton\"]"}
RESULT: {}
RESULT: {"using":"xpath","value":"//button[@data-kt=\"provideButton\"]"}
COMMAND: POST /session/c560a4da8281d0ae87757c6686821c71/element/f.437C3BD069600255C914999B9931D078.d.9402FB99E5B56D09D0C8CC4DC4E29591.e.22487/click - {}
RESULT: {}
COMMAND: GET /session/c560a4da8281d0ae87757c6686821c71/screenshot - {}
RESULT: {}
RESULT: undefined
COMMAND: POST /session/c560a4da8281d0ae87757c6686821c71/execute/async - {"script":"<script> [6424 bytes]","args":[{"element-6066-11e4-a52e-4f735466cecf":"f.437C3BD069600255C914999B9931D078.d.9402FB99E5B56D09D0C8CC4DC4E29591.e.21337"},"setValue",["06/14/25"]]}
COMMAND: POST /session/c560a4da8281d0ae87757c6686821c71/execute/async - {"script":"<script> [1562 bytes]","args":[{"selector":{"id":"application-managehandovers-display-component---AddNewHO--dueDate","interaction":{"idSuffix":"inner"}},"wdio_ui5_key":"applicationmanagehandovers-display-component---AddNewHO--dueDate"}]}
RESULT: {"script":"<script> [1562 bytes]","args":[{"selector":{"id":"application-managehandovers-display-component---AddNewHO--dueDate","interaction":{"idSuffix":"inner"}},"wdio_ui5_key":"applicationmanagehandovers-display-component---AddNewHO--dueDate"}]}
COMMAND: POST /session/c560a4da8281d0ae87757c6686821c71/execute/async - {"script":"<script> [6424 bytes]","args":[{"element-6066-11e4-a52e-4f735466cecf":"f.437C3BD069600255C914999B9931D078.d.9402FB99E5B56D09D0C8CC4DC4E29591.e.22550"},"setValue",["06/14/25"]]}
RESULT: {"script":"<script> [6424 bytes]","args":[{"element-6066-11e4-a52e-4f735466cecf":"f.437C3BD069600255C914999B9931D078.d.9402FB99E5B56D09D0C8CC4DC4E29591.e.22550"},"setValue",["06/14/25"]]}
COMMAND: POST /session/c560a4da8281d0ae87757c6686821c71/element - {"using":"xpath","value":"//bdi[contains(text(), \"Instructions\")]"}
RESULT: {"using":"xpath","value":"//bdi[contains(text(), \"Instructions\")]"}
COMMAND: POST /session/c560a4da8281d0ae87757c6686821c71/element/f.437C3BD069600255C914999B9931D078.d.9402FB99E5B56D09D0C8CC4DC4E29591.e.22762/click - {}
RESULT: {}
COMMAND: GET /session/c560a4da8281d0ae87757c6686821c71/screenshot - {}
RESULT: {}
COMMAND: POST /session/c560a4da8281d0ae87757c6686821c71/element - {"using":"xpath","value":"//button[@data-kt=\"AddNewHOProvideAddItemsButton\"]"}
RESULT: {"using":"xpath","value":"//button[@data-kt=\"AddNewHOProvideAddItemsButton\"]"}
COMMAND: POST /session/c560a4da8281d0ae87757c6686821c71/element/f.437C3BD069600255C914999B9931D078.d.9402FB99E5B56D09D0C8CC4DC4E29591.e.22766/click - {}
RESULT: {}
COMMAND: GET /session/c560a4da8281d0ae87757c6686821c71/screenshot - {}
RESULT: {}
RESULT: undefined
COMMAND: POST /session/c560a4da8281d0ae87757c6686821c71/element - {"using":"xpath","value":"//*[@id=\"application-managehandovers-display-component---AddNewHO--popup-sa\"]"}
RESULT: {"using":"xpath","value":"//*[@id=\"application-managehandovers-display-component---AddNewHO--popup-sa\"]"}
COMMAND: POST /session/c560a4da8281d0ae87757c6686821c71/element/f.437C3BD069600255C914999B9931D078.d.9402FB99E5B56D09D0C8CC4DC4E29591.e.22775/click - {}
RESULT: {}
COMMAND: GET /session/c560a4da8281d0ae87757c6686821c71/screenshot - {}
RESULT: {}
COMMAND: POST /session/c560a4da8281d0ae87757c6686821c71/element - {"using":"xpath","value":"//*[contains(@id ,\"BDI-content\")][contains(text(), \"Select\")]"}
RESULT: {"using":"xpath","value":"//*[contains(@id ,\"BDI-content\")][contains(text(), \"Select\")]"}
COMMAND: POST /session/c560a4da8281d0ae87757c6686821c71/element/f.437C3BD069600255C914999B9931D078.d.9402FB99E5B56D09D0C8CC4DC4E29591.e.22777/click - {}
RESULT: {}
COMMAND: GET /session/c560a4da8281d0ae87757c6686821c71/screenshot - {}
RESULT: {}
COMMAND: POST /session/c560a4da8281d0ae87757c6686821c71/element - {"using":"xpath","value":"//bdi[(text() = 'Save' or . = 'Save')]"}
RESULT: {"using":"xpath","value":"//bdi[(text() = 'Save' or . = 'Save')]"}
COMMAND: POST /session/c560a4da8281d0ae87757c6686821c71/element/f.437C3BD069600255C914999B9931D078.d.9402FB99E5B56D09D0C8CC4DC4E29591.e.22785/click - {}
RESULT: {}
COMMAND: GET /session/c560a4da8281d0ae87757c6686821c71/screenshot - {}
RESULT: {}
]]></system-out>
    </testcase>
    <testcase classname="chrome.137_0_7151_69.windows.Return_from_Site_w/_warehouse_management_w_clarification" name="Should test for Handover Execution" time="159.796">
      <system-out><![CDATA[
COMMAND: POST /session/c560a4da8281d0ae87757c6686821c71/execute/async - {"script":"<script> [1562 bytes]","args":[{"selector":{"controlType":"sap.m.Link","viewName":"etm.portal.ui.managehandovers.view.DetailExecuteHO","bindingPath":{"path":"","propertyPath":"/wmDoc","modelName":"warehouseMovModel"}},"wdio_ui5_key":"etmportal.ui.managehandovers.view.DetailExecuteHOsap.m.Link{\"path\":\"\",\"propertyPath\":\"/wmDoc\",\"modelName\":\"warehouseMovModel\"}"}]}
RESULT: {"script":"<script> [1562 bytes]","args":[{"selector":{"controlType":"sap.m.Link","viewName":"etm.portal.ui.managehandovers.view.DetailExecuteHO","bindingPath":{"path":"","propertyPath":"/wmDoc","modelName":"warehouseMovModel"}},"wdio_ui5_key":"etmportal.ui.managehandovers.view.DetailExecuteHOsap.m.Link{\"path\":\"\",\"propertyPath\":\"/wmDoc\",\"modelName\":\"warehouseMovModel\"}"}]}
RESULT: undefined
COMMAND: POST /session/c560a4da8281d0ae87757c6686821c71/element - {"using":"xpath","value":"//*[@id=\"__link82\"]"}
RESULT: {"using":"xpath","value":"//*[@id=\"__link82\"]"}
COMMAND: POST /session/c560a4da8281d0ae87757c6686821c71/element/f.437C3BD069600255C914999B9931D078.d.9402FB99E5B56D09D0C8CC4DC4E29591.e.22827/click - {}
RESULT: {}
COMMAND: GET /session/c560a4da8281d0ae87757c6686821c71/screenshot - {}
RESULT: {}
COMMAND: POST /session/c560a4da8281d0ae87757c6686821c71/execute/async - {"script":"<script> [1562 bytes]","args":[{"selector":{"controlType":"sap.m.Link","viewName":"etm.portal.ui.managehandovers.view.DetailExecuteHO","properties":{"text":"Warehouse Overview"},"searchOpenDialogs":true},"wdio_ui5_key":"etmportal.ui.managehandovers.view.DetailExecuteHOsap.m.Link{\"text\":\"Warehouse Overview\"}"}]}
RESULT: {"script":"<script> [1562 bytes]","args":[{"selector":{"controlType":"sap.m.Link","viewName":"etm.portal.ui.managehandovers.view.DetailExecuteHO","properties":{"text":"Warehouse Overview"},"searchOpenDialogs":true},"wdio_ui5_key":"etmportal.ui.managehandovers.view.DetailExecuteHOsap.m.Link{\"text\":\"Warehouse Overview\"}"}]}
RESULT: undefined
COMMAND: POST /session/c560a4da8281d0ae87757c6686821c71/element - {"using":"xpath","value":"//*[@id=\"__link98\"]"}
RESULT: {"using":"xpath","value":"//*[@id=\"__link98\"]"}
COMMAND: POST /session/c560a4da8281d0ae87757c6686821c71/element/f.437C3BD069600255C914999B9931D078.d.9402FB99E5B56D09D0C8CC4DC4E29591.e.22829/click - {}
RESULT: {}
COMMAND: GET /session/c560a4da8281d0ae87757c6686821c71/screenshot - {}
COMMAND: POST /session/c560a4da8281d0ae87757c6686821c71/execute/async - {"script":"<script> [1562 bytes]","args":[{"selector":{"controlType":"sap.m.Button","viewName":"etm.portal.ui.warehousemovements.view.DisplayMovement","viewId":"application-warehousemovements-display-component---displayMovement","i18NText":{"propertyName":"text","key":"execution"},"interaction":{"idSuffix":"BDI-content"}},"wdio_ui5_key":"etmportal.ui.warehousemovements.view.DisplayMovementsap.m.Button{\"propertyName\":\"text\",\"key\":\"execution\"}"}]}
RESULT: {}
RESULT: {"script":"<script> [1562 bytes]","args":[{"selector":{"controlType":"sap.m.Button","viewName":"etm.portal.ui.warehousemovements.view.DisplayMovement","viewId":"application-warehousemovements-display-component---displayMovement","i18NText":{"propertyName":"text","key":"execution"},"interaction":{"idSuffix":"BDI-content"}},"wdio_ui5_key":"etmportal.ui.warehousemovements.view.DisplayMovementsap.m.Button{\"propertyName\":\"text\",\"key\":\"execution\"}"}]}
RESULT: undefined
COMMAND: POST /session/c560a4da8281d0ae87757c6686821c71/element - {"using":"xpath","value":"//*[@id=\"__button247\"]"}
RESULT: {"using":"xpath","value":"//*[@id=\"__button247\"]"}
COMMAND: POST /session/c560a4da8281d0ae87757c6686821c71/element/f.437C3BD069600255C914999B9931D078.d.9402FB99E5B56D09D0C8CC4DC4E29591.e.22963/click - {}
RESULT: {}
COMMAND: GET /session/c560a4da8281d0ae87757c6686821c71/screenshot - {}
RESULT: {}
COMMAND: POST /session/c560a4da8281d0ae87757c6686821c71/execute/async - {"script":"<script> [1562 bytes]","args":[{"selector":{"controlType":"sap.m.Button","viewName":"etm.portal.ui.warehousemovements.view.ExecuteMovement","viewId":"application-warehousemovements-display-component---executeMovement","properties":{"text":"Items"},"interaction":{"idSuffix":"BDI-content"}},"wdio_ui5_key":"etmportal.ui.warehousemovements.view.ExecuteMovementsap.m.Button{\"text\":\"Items\"}"}]}
RESULT: {"script":"<script> [1562 bytes]","args":[{"selector":{"controlType":"sap.m.Button","viewName":"etm.portal.ui.warehousemovements.view.ExecuteMovement","viewId":"application-warehousemovements-display-component---executeMovement","properties":{"text":"Items"},"interaction":{"idSuffix":"BDI-content"}},"wdio_ui5_key":"etmportal.ui.warehousemovements.view.ExecuteMovementsap.m.Button{\"text\":\"Items\"}"}]}
RESULT: undefined
COMMAND: POST /session/c560a4da8281d0ae87757c6686821c71/element - {"using":"xpath","value":"//*[@id=\"__layout381-anchBar-application-warehousemovements-display-component---executeMovement--itemsSection-anchor\"]"}
RESULT: {"using":"xpath","value":"//*[@id=\"__layout381-anchBar-application-warehousemovements-display-component---executeMovement--itemsSection-anchor\"]"}
COMMAND: POST /session/c560a4da8281d0ae87757c6686821c71/element/f.437C3BD069600255C914999B9931D078.d.9402FB99E5B56D09D0C8CC4DC4E29591.e.23051/click - {}
RESULT: {}
COMMAND: GET /session/c560a4da8281d0ae87757c6686821c71/screenshot - {}
RESULT: {}
COMMAND: POST /session/c560a4da8281d0ae87757c6686821c71/execute/async - {"script":"<script> [1562 bytes]","args":[{"selector":{"controlType":"sap.m.ToggleButton","viewName":"etm.portal.ui.warehousemovements.view.ExecuteMovement","viewId":"application-warehousemovements-display-component---executeMovement","bindingPath":{"propertyPath":"STATUS","modelName":"catalogModel"},"interaction":{"idSuffix":"BDI-content"}},"wdio_ui5_key":"etmportal.ui.warehousemovements.view.ExecuteMovementsap.m.ToggleButton{\"propertyPath\":\"STATUS\",\"modelName\":\"catalogModel\"}"}]}
RESULT: {"script":"<script> [1562 bytes]","args":[{"selector":{"controlType":"sap.m.ToggleButton","viewName":"etm.portal.ui.warehousemovements.view.ExecuteMovement","viewId":"application-warehousemovements-display-component---executeMovement","bindingPath":{"propertyPath":"STATUS","modelName":"catalogModel"},"interaction":{"idSuffix":"BDI-content"}},"wdio_ui5_key":"etmportal.ui.warehousemovements.view.ExecuteMovementsap.m.ToggleButton{\"propertyPath\":\"STATUS\",\"modelName\":\"catalogModel\"}"}]}
RESULT: undefined
COMMAND: POST /session/c560a4da8281d0ae87757c6686821c71/element - {"using":"xpath","value":"//*[@id=\"__button272-__clone2379\"]"}
RESULT: {"using":"xpath","value":"//*[@id=\"__button272-__clone2379\"]"}
COMMAND: POST /session/c560a4da8281d0ae87757c6686821c71/element/f.437C3BD069600255C914999B9931D078.d.9402FB99E5B56D09D0C8CC4DC4E29591.e.23028/click - {}
RESULT: {}
RESULT: undefined
COMMAND: POST /session/c560a4da8281d0ae87757c6686821c71/element - {"using":"xpath","value":"//*[@id=\"__button272-__clone2379\"]"}
COMMAND: GET /session/c560a4da8281d0ae87757c6686821c71/screenshot - {}
RESULT: {"using":"xpath","value":"//*[@id=\"__button272-__clone2379\"]"}
COMMAND: POST /session/c560a4da8281d0ae87757c6686821c71/element/f.437C3BD069600255C914999B9931D078.d.9402FB99E5B56D09D0C8CC4DC4E29591.e.23028/click - {}
RESULT: {}
RESULT: {}
COMMAND: GET /session/c560a4da8281d0ae87757c6686821c71/screenshot - {}
RESULT: {}
COMMAND: POST /session/c560a4da8281d0ae87757c6686821c71/element - {"using":"xpath","value":"//section[contains(@id,\"FC-NoHead\")]/div[1]/div[5]/div[2]/span"}
RESULT: {"using":"xpath","value":"//section[contains(@id,\"FC-NoHead\")]/div[1]/div[5]/div[2]/span"}
COMMAND: POST /session/c560a4da8281d0ae87757c6686821c71/elements - {"using":"xpath","value":"//section[contains(@id,\"FC-NoHead\")]/div[1]/div[5]/div[2]/span"}
RESULT: {"using":"xpath","value":"//section[contains(@id,\"FC-NoHead\")]/div[1]/div[5]/div[2]/span"}
COMMAND: POST /session/c560a4da8281d0ae87757c6686821c71/execute/sync - {"script":"<script> [56 bytes]","args":[{"element-6066-11e4-a52e-4f735466cecf":"f.437C3BD069600255C914999B9931D078.d.9402FB99E5B56D09D0C8CC4DC4E29591.e.23057","ELEMENT":"f.437C3BD069600255C914999B9931D078.d.9402FB99E5B56D09D0C8CC4DC4E29591.e.23057"}]}
RESULT: {"script":"<script> [56 bytes]","args":[{"element-6066-11e4-a52e-4f735466cecf":"f.437C3BD069600255C914999B9931D078.d.9402FB99E5B56D09D0C8CC4DC4E29591.e.23057","ELEMENT":"f.437C3BD069600255C914999B9931D078.d.9402FB99E5B56D09D0C8CC4DC4E29591.e.23057"}]}
COMMAND: POST /session/c560a4da8281d0ae87757c6686821c71/actions - {"actions":[{"id":"action67","type":"key","parameters":{},"actions":[{"type":"keyDown","value":""},{"type":"pause","duration":10},{"type":"keyUp","value":""}]}]}
COMMAND: GET /session/c560a4da8281d0ae87757c6686821c71/screenshot - {}
RESULT: {"actions":[{"id":"action67","type":"key","parameters":{},"actions":[{"type":"keyDown","value":""},{"type":"pause","duration":10},{"type":"keyUp","value":""}]}]}
COMMAND: POST /session/c560a4da8281d0ae87757c6686821c71/execute/async - {"script":"<script> [1562 bytes]","args":[{"selector":{"id":"application-warehousemovements-display-component---executeMovement--executeId","interaction":{"idSuffix":"BDI-content"}},"wdio_ui5_key":"applicationwarehousemovements-display-component---executeMovement--executeId"}]}
COMMAND: GET /session/c560a4da8281d0ae87757c6686821c71/screenshot - {}
RESULT: {}
RESULT: {"script":"<script> [1562 bytes]","args":[{"selector":{"id":"application-warehousemovements-display-component---executeMovement--executeId","interaction":{"idSuffix":"BDI-content"}},"wdio_ui5_key":"applicationwarehousemovements-display-component---executeMovement--executeId"}]}
RESULT: undefined
COMMAND: POST /session/c560a4da8281d0ae87757c6686821c71/element - {"using":"xpath","value":"//*[@id=\"application-warehousemovements-display-component---executeMovement--executeId\"]"}
RESULT: {}
RESULT: {"using":"xpath","value":"//*[@id=\"application-warehousemovements-display-component---executeMovement--executeId\"]"}
COMMAND: POST /session/c560a4da8281d0ae87757c6686821c71/element/f.437C3BD069600255C914999B9931D078.d.9402FB99E5B56D09D0C8CC4DC4E29591.e.23022/click - {}
RESULT: {}
COMMAND: GET /session/c560a4da8281d0ae87757c6686821c71/screenshot - {}
RESULT: {}
COMMAND: POST /session/c560a4da8281d0ae87757c6686821c71/element - {"using":"css selector","value":"#shell-header-logo"}
RESULT: {"using":"css selector","value":"#shell-header-logo"}
COMMAND: POST /session/c560a4da8281d0ae87757c6686821c71/element/f.437C3BD069600255C914999B9931D078.d.9402FB99E5B56D09D0C8CC4DC4E29591.e.21851/click - {}
RESULT: {}
COMMAND: GET /session/c560a4da8281d0ae87757c6686821c71/screenshot - {}
RESULT: {}
RESULT: undefined
COMMAND: POST /session/c560a4da8281d0ae87757c6686821c71/element - {"using":"xpath","value":"//*[@id=\"__tile134\"]"}
RESULT: {"using":"xpath","value":"//*[@id=\"__tile134\"]"}
COMMAND: POST /session/c560a4da8281d0ae87757c6686821c71/element/f.437C3BD069600255C914999B9931D078.d.9402FB99E5B56D09D0C8CC4DC4E29591.e.20294/click - {}
RESULT: {}
COMMAND: GET /session/c560a4da8281d0ae87757c6686821c71/screenshot - {}
RESULT: {}
COMMAND: POST /session/c560a4da8281d0ae87757c6686821c71/elements - {"using":"xpath","value":"//span[text()='Error']"}
RESULT: {"using":"xpath","value":"//span[text()='Error']"}
COMMAND: POST /session/c560a4da8281d0ae87757c6686821c71/execute/async - {"script":"<script> [1562 bytes]","args":[{"selector":{"controlType":"sap.m.SearchField","viewName":"etm.portal.ui.managehandovers.view.MasterHO","bindingPath":{"propertyPath":"/_BASIC_SEARCH_FIELD","modelName":"fi1t3rM0d31"},"interaction":{"idSuffix":"I"}},"wdio_ui5_key":"etmportal.ui.managehandovers.view.MasterHOsap.m.SearchField{\"propertyPath\":\"/_BASIC_SEARCH_FIELD\",\"modelName\":\"fi1t3rM0d31\"}"}]}
RESULT: {"script":"<script> [1562 bytes]","args":[{"selector":{"controlType":"sap.m.SearchField","viewName":"etm.portal.ui.managehandovers.view.MasterHO","bindingPath":{"propertyPath":"/_BASIC_SEARCH_FIELD","modelName":"fi1t3rM0d31"},"interaction":{"idSuffix":"I"}},"wdio_ui5_key":"etmportal.ui.managehandovers.view.MasterHOsap.m.SearchField{\"propertyPath\":\"/_BASIC_SEARCH_FIELD\",\"modelName\":\"fi1t3rM0d31\"}"}]}
RESULT: undefined
COMMAND: POST /session/c560a4da8281d0ae87757c6686821c71/execute/async - {"script":"<script> [776 bytes]","args":[{"enterText":"30434","selector":{"controlType":"sap.m.SearchField","viewName":"etm.portal.ui.managehandovers.view.MasterHO","bindingPath":{"propertyPath":"/_BASIC_SEARCH_FIELD","modelName":"fi1t3rM0d31"},"interaction":{"idSuffix":"I"}},"clearTextFirst":true,"interactionType":"ENTER_TEXT"}]}
RESULT: {"script":"<script> [776 bytes]","args":[{"enterText":"30434","selector":{"controlType":"sap.m.SearchField","viewName":"etm.portal.ui.managehandovers.view.MasterHO","bindingPath":{"propertyPath":"/_BASIC_SEARCH_FIELD","modelName":"fi1t3rM0d31"},"interaction":{"idSuffix":"I"}},"clearTextFirst":true,"interactionType":"ENTER_TEXT"}]}
COMMAND: POST /session/c560a4da8281d0ae87757c6686821c71/actions - {"actions":[{"id":"action68","type":"key","parameters":{},"actions":[{"type":"keyDown","value":""},{"type":"pause","duration":10},{"type":"keyUp","value":""}]}]}
RESULT: {"actions":[{"id":"action68","type":"key","parameters":{},"actions":[{"type":"keyDown","value":""},{"type":"pause","duration":10},{"type":"keyUp","value":""}]}]}
COMMAND: GET /session/c560a4da8281d0ae87757c6686821c71/screenshot - {}
RESULT: {}
COMMAND: POST /session/c560a4da8281d0ae87757c6686821c71/execute/async - {"script":"<script> [1562 bytes]","args":[{"selector":{"controlType":"sap.ui.core.Icon","viewName":"etm.portal.ui.managehandovers.view.MasterHO","properties":{"src":{"regex":{"source":"slim\\-arrow\\-right"}}}},"wdio_ui5_key":"etmportal.ui.managehandovers.view.MasterHOsap.ui.core.Icon{\"src\":{\"regex\":{\"source\":\"slim\\\\-arrow\\\\-right\"}}}"}]}
RESULT: {"script":"<script> [1562 bytes]","args":[{"selector":{"controlType":"sap.ui.core.Icon","viewName":"etm.portal.ui.managehandovers.view.MasterHO","properties":{"src":{"regex":{"source":"slim\\-arrow\\-right"}}}},"wdio_ui5_key":"etmportal.ui.managehandovers.view.MasterHOsap.ui.core.Icon{\"src\":{\"regex\":{\"source\":\"slim\\\\-arrow\\\\-right\"}}}"}]}
RESULT: undefined
COMMAND: POST /session/c560a4da8281d0ae87757c6686821c71/element - {"using":"xpath","value":"//*[@id=\"__item1242-__clone2458-imgNav\"]"}
RESULT: {"using":"xpath","value":"//*[@id=\"__item1242-__clone2458-imgNav\"]"}
COMMAND: POST /session/c560a4da8281d0ae87757c6686821c71/element/f.437C3BD069600255C914999B9931D078.d.9402FB99E5B56D09D0C8CC4DC4E29591.e.23230/click - {}
RESULT: {}
COMMAND: GET /session/c560a4da8281d0ae87757c6686821c71/screenshot - {}
RESULT: {}
COMMAND: POST /session/c560a4da8281d0ae87757c6686821c71/element - {"using":"xpath","value":"//button[@data-kt=\"IssuingTableConfirmAllButton\"]"}
RESULT: {"using":"xpath","value":"//button[@data-kt=\"IssuingTableConfirmAllButton\"]"}
COMMAND: POST /session/c560a4da8281d0ae87757c6686821c71/element/f.437C3BD069600255C914999B9931D078.d.9402FB99E5B56D09D0C8CC4DC4E29591.e.23324/click - {}
RESULT: {}
COMMAND: GET /session/c560a4da8281d0ae87757c6686821c71/screenshot - {}
RESULT: {}
COMMAND: POST /session/c560a4da8281d0ae87757c6686821c71/element - {"using":"xpath","value":"//bdi[contains(text(), \"OK\")]"}
RESULT: {"using":"xpath","value":"//bdi[contains(text(), \"OK\")]"}
COMMAND: POST /session/c560a4da8281d0ae87757c6686821c71/element/f.437C3BD069600255C914999B9931D078.d.9402FB99E5B56D09D0C8CC4DC4E29591.e.23332/click - {}
RESULT: {}
COMMAND: GET /session/c560a4da8281d0ae87757c6686821c71/screenshot - {}
RESULT: {}
COMMAND: POST /session/c560a4da8281d0ae87757c6686821c71/element - {"using":"xpath","value":"//button[@data-kt=\"execHoIssueButton\"]"}
RESULT: {"using":"xpath","value":"//button[@data-kt=\"execHoIssueButton\"]"}
COMMAND: POST /session/c560a4da8281d0ae87757c6686821c71/element/f.437C3BD069600255C914999B9931D078.d.9402FB99E5B56D09D0C8CC4DC4E29591.e.23333/click - {}
RESULT: {}
COMMAND: GET /session/c560a4da8281d0ae87757c6686821c71/screenshot - {}
RESULT: {}
RESULT: undefined
COMMAND: POST /session/c560a4da8281d0ae87757c6686821c71/execute/async - {"script":"<script> [776 bytes]","args":[{"enterText":"30434","selector":{"controlType":"sap.m.SearchField","viewName":"etm.portal.ui.managehandovers.view.MasterHO","bindingPath":{"propertyPath":"/_BASIC_SEARCH_FIELD","modelName":"fi1t3rM0d31"},"interaction":{"idSuffix":"I"}},"clearTextFirst":true,"interactionType":"ENTER_TEXT"}]}
RESULT: {"script":"<script> [776 bytes]","args":[{"enterText":"30434","selector":{"controlType":"sap.m.SearchField","viewName":"etm.portal.ui.managehandovers.view.MasterHO","bindingPath":{"propertyPath":"/_BASIC_SEARCH_FIELD","modelName":"fi1t3rM0d31"},"interaction":{"idSuffix":"I"}},"clearTextFirst":true,"interactionType":"ENTER_TEXT"}]}
COMMAND: POST /session/c560a4da8281d0ae87757c6686821c71/actions - {"actions":[{"id":"action69","type":"key","parameters":{},"actions":[{"type":"keyDown","value":""},{"type":"pause","duration":10},{"type":"keyUp","value":""}]}]}
RESULT: {"actions":[{"id":"action69","type":"key","parameters":{},"actions":[{"type":"keyDown","value":""},{"type":"pause","duration":10},{"type":"keyUp","value":""}]}]}
COMMAND: GET /session/c560a4da8281d0ae87757c6686821c71/screenshot - {}
RESULT: {}
COMMAND: POST /session/c560a4da8281d0ae87757c6686821c71/element - {"using":"xpath","value":"//span[(text() = '30434' or . = '30434')]"}
RESULT: {"using":"xpath","value":"//span[(text() = '30434' or . = '30434')]"}
COMMAND: POST /session/c560a4da8281d0ae87757c6686821c71/element/f.437C3BD069600255C914999B9931D078.d.9402FB99E5B56D09D0C8CC4DC4E29591.e.23376/click - {}
RESULT: {}
COMMAND: GET /session/c560a4da8281d0ae87757c6686821c71/screenshot - {}
RESULT: {}
COMMAND: POST /session/c560a4da8281d0ae87757c6686821c71/element - {"using":"xpath","value":"//span[contains(text(), \"Instructions\")]"}
RESULT: {"using":"xpath","value":"//span[contains(text(), \"Instructions\")]"}
COMMAND: POST /session/c560a4da8281d0ae87757c6686821c71/element/f.437C3BD069600255C914999B9931D078.d.9402FB99E5B56D09D0C8CC4DC4E29591.e.23421/click - {}
RESULT: {}
COMMAND: GET /session/c560a4da8281d0ae87757c6686821c71/screenshot - {}
RESULT: {}
COMMAND: POST /session/c560a4da8281d0ae87757c6686821c71/element - {"using":"xpath","value":"//span[contains(text(), \"Instructions\")]"}
RESULT: {"using":"xpath","value":"//span[contains(text(), \"Instructions\")]"}
COMMAND: POST /session/c560a4da8281d0ae87757c6686821c71/element/f.437C3BD069600255C914999B9931D078.d.9402FB99E5B56D09D0C8CC4DC4E29591.e.23421/click - {}
RESULT: {}
COMMAND: GET /session/c560a4da8281d0ae87757c6686821c71/screenshot - {}
RESULT: {}
COMMAND: POST /session/c560a4da8281d0ae87757c6686821c71/execute/async - {"script":"<script> [1562 bytes]","args":[{"selector":{"controlType":"sap.m.ComboBox","viewName":"etm.portal.ui.managehandovers.view.DetailExecuteHO","bindingPath":{"propertyPath":"RECEIVING_SECTION","modelName":"catalogModel"},"interaction":{"idSuffix":"inner"}},"wdio_ui5_key":"etmportal.ui.managehandovers.view.DetailExecuteHOsap.m.ComboBox{\"propertyPath\":\"RECEIVING_SECTION\",\"modelName\":\"catalogModel\"}"}]}
RESULT: {"script":"<script> [1562 bytes]","args":[{"selector":{"controlType":"sap.m.ComboBox","viewName":"etm.portal.ui.managehandovers.view.DetailExecuteHO","bindingPath":{"propertyPath":"RECEIVING_SECTION","modelName":"catalogModel"},"interaction":{"idSuffix":"inner"}},"wdio_ui5_key":"etmportal.ui.managehandovers.view.DetailExecuteHOsap.m.ComboBox{\"propertyPath\":\"RECEIVING_SECTION\",\"modelName\":\"catalogModel\"}"}]}
RESULT: undefined
COMMAND: POST /session/c560a4da8281d0ae87757c6686821c71/execute/async - {"script":"<script> [776 bytes]","args":[{"enterText":"WDIO-2104","selector":{"controlType":"sap.m.ComboBox","viewName":"etm.portal.ui.managehandovers.view.DetailExecuteHO","bindingPath":{"propertyPath":"RECEIVING_SECTION","modelName":"catalogModel"},"interaction":{"idSuffix":"inner"}},"clearTextFirst":true,"interactionType":"ENTER_TEXT"}]}
RESULT: {"script":"<script> [776 bytes]","args":[{"enterText":"WDIO-2104","selector":{"controlType":"sap.m.ComboBox","viewName":"etm.portal.ui.managehandovers.view.DetailExecuteHO","bindingPath":{"propertyPath":"RECEIVING_SECTION","modelName":"catalogModel"},"interaction":{"idSuffix":"inner"}},"clearTextFirst":true,"interactionType":"ENTER_TEXT"}]}
COMMAND: POST /session/c560a4da8281d0ae87757c6686821c71/actions - {"actions":[{"id":"action70","type":"key","parameters":{},"actions":[{"type":"keyDown","value":""},{"type":"pause","duration":10},{"type":"keyUp","value":""}]}]}
RESULT: {"actions":[{"id":"action70","type":"key","parameters":{},"actions":[{"type":"keyDown","value":""},{"type":"pause","duration":10},{"type":"keyUp","value":""}]}]}
COMMAND: GET /session/c560a4da8281d0ae87757c6686821c71/screenshot - {}
RESULT: {}
COMMAND: POST /session/c560a4da8281d0ae87757c6686821c71/element - {"using":"xpath","value":"//button[@data-kt= \"execHoReceiveButton\"]"}
RESULT: {"using":"xpath","value":"//button[@data-kt= \"execHoReceiveButton\"]"}
COMMAND: POST /session/c560a4da8281d0ae87757c6686821c71/element/f.437C3BD069600255C914999B9931D078.d.9402FB99E5B56D09D0C8CC4DC4E29591.e.23427/click - {}
RESULT: {}
COMMAND: GET /session/c560a4da8281d0ae87757c6686821c71/screenshot - {}
RESULT: {}
COMMAND: POST /session/c560a4da8281d0ae87757c6686821c71/execute/async - {"script":"<script> [1562 bytes]","args":[{"selector":{"controlType":"sap.m.Button","properties":{"text":"Continue"},"searchOpenDialogs":true,"interaction":{"idSuffix":"content"}},"wdio_ui5_key":"sapm.Button{\"text\":\"Continue\"}"}]}
RESULT: {"script":"<script> [1562 bytes]","args":[{"selector":{"controlType":"sap.m.Button","properties":{"text":"Continue"},"searchOpenDialogs":true,"interaction":{"idSuffix":"content"}},"wdio_ui5_key":"sapm.Button{\"text\":\"Continue\"}"}]}
RESULT: undefined
COMMAND: POST /session/c560a4da8281d0ae87757c6686821c71/element - {"using":"xpath","value":"//*[@id=\"__mbox-btn-6\"]"}
RESULT: {"using":"xpath","value":"//*[@id=\"__mbox-btn-6\"]"}
COMMAND: POST /session/c560a4da8281d0ae87757c6686821c71/element/f.437C3BD069600255C914999B9931D078.d.9402FB99E5B56D09D0C8CC4DC4E29591.e.23428/click - {}
RESULT: {}
COMMAND: GET /session/c560a4da8281d0ae87757c6686821c71/screenshot - {}
RESULT: {}
COMMAND: POST /session/c560a4da8281d0ae87757c6686821c71/element - {"using":"css selector","value":"#shell-header-logo"}
RESULT: {"using":"css selector","value":"#shell-header-logo"}
COMMAND: POST /session/c560a4da8281d0ae87757c6686821c71/element/f.437C3BD069600255C914999B9931D078.d.9402FB99E5B56D09D0C8CC4DC4E29591.e.23108/click - {}
RESULT: {}
COMMAND: GET /session/c560a4da8281d0ae87757c6686821c71/screenshot - {}
RESULT: {}
]]></system-out>
    </testcase>
    <testcase classname="chrome.137_0_7151_69.windows.Return_from_Site_w/_warehouse_management_w_clarification" name="Should test for Clarification" time="69.636">
      <system-out><![CDATA[
RESULT: undefined
COMMAND: POST /session/c560a4da8281d0ae87757c6686821c71/element - {"using":"xpath","value":"//*[@id=\"__tile134\"]"}
RESULT: {"using":"xpath","value":"//*[@id=\"__tile134\"]"}
COMMAND: POST /session/c560a4da8281d0ae87757c6686821c71/element/f.437C3BD069600255C914999B9931D078.d.9402FB99E5B56D09D0C8CC4DC4E29591.e.20294/click - {}
RESULT: {}
COMMAND: GET /session/c560a4da8281d0ae87757c6686821c71/screenshot - {}
RESULT: {}
COMMAND: POST /session/c560a4da8281d0ae87757c6686821c71/elements - {"using":"xpath","value":"//span[text()='Error']"}
RESULT: {"using":"xpath","value":"//span[text()='Error']"}
RESULT: undefined
COMMAND: POST /session/c560a4da8281d0ae87757c6686821c71/execute/async - {"script":"<script> [776 bytes]","args":[{"enterText":"30434","selector":{"controlType":"sap.m.SearchField","viewName":"etm.portal.ui.managehandovers.view.MasterHO","bindingPath":{"propertyPath":"/_BASIC_SEARCH_FIELD","modelName":"fi1t3rM0d31"},"interaction":{"idSuffix":"I"}},"clearTextFirst":true,"interactionType":"ENTER_TEXT"}]}
RESULT: {"script":"<script> [776 bytes]","args":[{"enterText":"30434","selector":{"controlType":"sap.m.SearchField","viewName":"etm.portal.ui.managehandovers.view.MasterHO","bindingPath":{"propertyPath":"/_BASIC_SEARCH_FIELD","modelName":"fi1t3rM0d31"},"interaction":{"idSuffix":"I"}},"clearTextFirst":true,"interactionType":"ENTER_TEXT"}]}
COMMAND: POST /session/c560a4da8281d0ae87757c6686821c71/actions - {"actions":[{"id":"action71","type":"key","parameters":{},"actions":[{"type":"keyDown","value":""},{"type":"pause","duration":10},{"type":"keyUp","value":""}]}]}
RESULT: {"actions":[{"id":"action71","type":"key","parameters":{},"actions":[{"type":"keyDown","value":""},{"type":"pause","duration":10},{"type":"keyUp","value":""}]}]}
COMMAND: GET /session/c560a4da8281d0ae87757c6686821c71/screenshot - {}
RESULT: {}
COMMAND: POST /session/c560a4da8281d0ae87757c6686821c71/element - {"using":"xpath","value":"//span[(text() = '30434' or . = '30434')]"}
RESULT: {"using":"xpath","value":"//span[(text() = '30434' or . = '30434')]"}
COMMAND: POST /session/c560a4da8281d0ae87757c6686821c71/element/f.437C3BD069600255C914999B9931D078.d.9402FB99E5B56D09D0C8CC4DC4E29591.e.23716/click - {}
RESULT: {}
COMMAND: GET /session/c560a4da8281d0ae87757c6686821c71/screenshot - {}
RESULT: {}
COMMAND: POST /session/c560a4da8281d0ae87757c6686821c71/element - {"using":"xpath","value":"//span[contains(text(), \"Instructions\")]"}
RESULT: {"using":"xpath","value":"//span[contains(text(), \"Instructions\")]"}
COMMAND: POST /session/c560a4da8281d0ae87757c6686821c71/element/f.437C3BD069600255C914999B9931D078.d.9402FB99E5B56D09D0C8CC4DC4E29591.e.23810/click - {}
RESULT: {}
COMMAND: GET /session/c560a4da8281d0ae87757c6686821c71/screenshot - {}
RESULT: {}
COMMAND: POST /session/c560a4da8281d0ae87757c6686821c71/element - {"using":"xpath","value":"//span[contains(text(), \"Instructions\")]"}
RESULT: {"using":"xpath","value":"//span[contains(text(), \"Instructions\")]"}
COMMAND: POST /session/c560a4da8281d0ae87757c6686821c71/element/f.437C3BD069600255C914999B9931D078.d.9402FB99E5B56D09D0C8CC4DC4E29591.e.23810/click - {}
RESULT: {}
COMMAND: GET /session/c560a4da8281d0ae87757c6686821c71/screenshot - {}
RESULT: {}
COMMAND: POST /session/c560a4da8281d0ae87757c6686821c71/element - {"using":"xpath","value":"//button[.//bdi[text() = \"Receive\"]]"}
RESULT: {"using":"xpath","value":"//button[.//bdi[text() = \"Receive\"]]"}
COMMAND: POST /session/c560a4da8281d0ae87757c6686821c71/element/f.437C3BD069600255C914999B9931D078.d.9402FB99E5B56D09D0C8CC4DC4E29591.e.23816/click - {}
RESULT: {}
COMMAND: GET /session/c560a4da8281d0ae87757c6686821c71/screenshot - {}
RESULT: {}
COMMAND: POST /session/c560a4da8281d0ae87757c6686821c71/element - {"using":"xpath","value":"//button[@data-kt= \"execHoReceiveRefuseButton\"]"}
RESULT: {"using":"xpath","value":"//button[@data-kt= \"execHoReceiveRefuseButton\"]"}
COMMAND: POST /session/c560a4da8281d0ae87757c6686821c71/element/f.437C3BD069600255C914999B9931D078.d.9402FB99E5B56D09D0C8CC4DC4E29591.e.23819/click - {}
RESULT: {}
COMMAND: GET /session/c560a4da8281d0ae87757c6686821c71/screenshot - {}
RESULT: {}
COMMAND: POST /session/c560a4da8281d0ae87757c6686821c71/element - {"using":"css selector","value":"#shell-header-logo"}
RESULT: {"using":"css selector","value":"#shell-header-logo"}
COMMAND: POST /session/c560a4da8281d0ae87757c6686821c71/element/f.437C3BD069600255C914999B9931D078.d.9402FB99E5B56D09D0C8CC4DC4E29591.e.23472/click - {}
RESULT: {}
COMMAND: GET /session/c560a4da8281d0ae87757c6686821c71/screenshot - {}
RESULT: {}
]]></system-out>
    </testcase>
    <testcase classname="chrome.137_0_7151_69.windows.Return_from_Site_w/_warehouse_management_w_clarification" name="Should do a return to site from the contracts screen in one step" time="213.803">
      <system-out><![CDATA[
RESULT: undefined
COMMAND: POST /session/c560a4da8281d0ae87757c6686821c71/element - {"using":"xpath","value":"//*[@id=\"__tile132\"]"}
RESULT: {"using":"xpath","value":"//*[@id=\"__tile132\"]"}
COMMAND: POST /session/c560a4da8281d0ae87757c6686821c71/element/f.437C3BD069600255C914999B9931D078.d.9402FB99E5B56D09D0C8CC4DC4E29591.e.20222/click - {}
RESULT: {}
COMMAND: GET /session/c560a4da8281d0ae87757c6686821c71/screenshot - {}
RESULT: {}
COMMAND: POST /session/c560a4da8281d0ae87757c6686821c71/elements - {"using":"xpath","value":"//span[text()='Error']"}
RESULT: {"using":"xpath","value":"//span[text()='Error']"}
COMMAND: POST /session/c560a4da8281d0ae87757c6686821c71/element - {"using":"xpath","value":"//button[@data-kt=\"addButton\"]"}
RESULT: {"using":"xpath","value":"//button[@data-kt=\"addButton\"]"}
COMMAND: POST /session/c560a4da8281d0ae87757c6686821c71/elements - {"using":"xpath","value":"//button[@data-kt=\"addButton\"]"}
RESULT: {"using":"xpath","value":"//button[@data-kt=\"addButton\"]"}
COMMAND: POST /session/c560a4da8281d0ae87757c6686821c71/execute/sync - {"script":"<script> [8489 bytes]","args":[{"element-6066-11e4-a52e-4f735466cecf":"f.437C3BD069600255C914999B9931D078.d.9402FB99E5B56D09D0C8CC4DC4E29591.e.23908","ELEMENT":"f.437C3BD069600255C914999B9931D078.d.9402FB99E5B56D09D0C8CC4DC4E29591.e.23908"}]}
RESULT: {"script":"<script> [8489 bytes]","args":[{"element-6066-11e4-a52e-4f735466cecf":"f.437C3BD069600255C914999B9931D078.d.9402FB99E5B56D09D0C8CC4DC4E29591.e.23908","ELEMENT":"f.437C3BD069600255C914999B9931D078.d.9402FB99E5B56D09D0C8CC4DC4E29591.e.23908"}]}
COMMAND: GET /session/c560a4da8281d0ae87757c6686821c71/element/f.437C3BD069600255C914999B9931D078.d.9402FB99E5B56D09D0C8CC4DC4E29591.e.23908/enabled - {}
COMMAND: GET /session/c560a4da8281d0ae87757c6686821c71/screenshot - {}
RESULT: {}
COMMAND: POST /session/c560a4da8281d0ae87757c6686821c71/execute/sync - {"script":"<script> [8489 bytes]","args":[{"element-6066-11e4-a52e-4f735466cecf":"f.437C3BD069600255C914999B9931D078.d.9402FB99E5B56D09D0C8CC4DC4E29591.e.23908","ELEMENT":"f.437C3BD069600255C914999B9931D078.d.9402FB99E5B56D09D0C8CC4DC4E29591.e.23908"}]}
COMMAND: GET /session/c560a4da8281d0ae87757c6686821c71/screenshot - {}
RESULT: {}
RESULT: {"script":"<script> [8489 bytes]","args":[{"element-6066-11e4-a52e-4f735466cecf":"f.437C3BD069600255C914999B9931D078.d.9402FB99E5B56D09D0C8CC4DC4E29591.e.23908","ELEMENT":"f.437C3BD069600255C914999B9931D078.d.9402FB99E5B56D09D0C8CC4DC4E29591.e.23908"}]}
COMMAND: POST /session/c560a4da8281d0ae87757c6686821c71/execute/sync - {"script":"<script> [5351 bytes]","args":[{"element-6066-11e4-a52e-4f735466cecf":"f.437C3BD069600255C914999B9931D078.d.9402FB99E5B56D09D0C8CC4DC4E29591.e.23908","ELEMENT":"f.437C3BD069600255C914999B9931D078.d.9402FB99E5B56D09D0C8CC4DC4E29591.e.23908"}]}
COMMAND: GET /session/c560a4da8281d0ae87757c6686821c71/screenshot - {}
RESULT: {}
RESULT: {"script":"<script> [5351 bytes]","args":[{"element-6066-11e4-a52e-4f735466cecf":"f.437C3BD069600255C914999B9931D078.d.9402FB99E5B56D09D0C8CC4DC4E29591.e.23908","ELEMENT":"f.437C3BD069600255C914999B9931D078.d.9402FB99E5B56D09D0C8CC4DC4E29591.e.23908"}]}
COMMAND: GET /session/c560a4da8281d0ae87757c6686821c71/screenshot - {}
RESULT: {}
RESULT: {}
COMMAND: POST /session/c560a4da8281d0ae87757c6686821c71/element - {"using":"xpath","value":"//input[contains(@id ,\"smartContractFilterBar-btnBasicSearch-I\")]"}
RESULT: {"using":"xpath","value":"//input[contains(@id ,\"smartContractFilterBar-btnBasicSearch-I\")]"}
COMMAND: POST /session/c560a4da8281d0ae87757c6686821c71/elements - {"using":"xpath","value":"//input[contains(@id ,\"smartContractFilterBar-btnBasicSearch-I\")]"}
RESULT: {"using":"xpath","value":"//input[contains(@id ,\"smartContractFilterBar-btnBasicSearch-I\")]"}
COMMAND: POST /session/c560a4da8281d0ae87757c6686821c71/execute/sync - {"script":"<script> [8489 bytes]","args":[{"element-6066-11e4-a52e-4f735466cecf":"f.437C3BD069600255C914999B9931D078.d.9402FB99E5B56D09D0C8CC4DC4E29591.e.23871","ELEMENT":"f.437C3BD069600255C914999B9931D078.d.9402FB99E5B56D09D0C8CC4DC4E29591.e.23871"}]}
RESULT: {"script":"<script> [8489 bytes]","args":[{"element-6066-11e4-a52e-4f735466cecf":"f.437C3BD069600255C914999B9931D078.d.9402FB99E5B56D09D0C8CC4DC4E29591.e.23871","ELEMENT":"f.437C3BD069600255C914999B9931D078.d.9402FB99E5B56D09D0C8CC4DC4E29591.e.23871"}]}
COMMAND: GET /session/c560a4da8281d0ae87757c6686821c71/element/f.437C3BD069600255C914999B9931D078.d.9402FB99E5B56D09D0C8CC4DC4E29591.e.23871/enabled - {}
COMMAND: GET /session/c560a4da8281d0ae87757c6686821c71/screenshot - {}
RESULT: {}
COMMAND: POST /session/c560a4da8281d0ae87757c6686821c71/element/f.437C3BD069600255C914999B9931D078.d.9402FB99E5B56D09D0C8CC4DC4E29591.e.23871/clear - {}
COMMAND: GET /session/c560a4da8281d0ae87757c6686821c71/screenshot - {}
RESULT: {}
RESULT: {}
COMMAND: POST /session/c560a4da8281d0ae87757c6686821c71/element/f.437C3BD069600255C914999B9931D078.d.9402FB99E5B56D09D0C8CC4DC4E29591.e.23871/value - {"text":"10199"}
COMMAND: GET /session/c560a4da8281d0ae87757c6686821c71/screenshot - {}
RESULT: {}
RESULT: {"text":"10199"}
COMMAND: GET /session/c560a4da8281d0ae87757c6686821c71/screenshot - {}
RESULT: {}
RESULT: {}
COMMAND: POST /session/c560a4da8281d0ae87757c6686821c71/actions - {"actions":[{"id":"action72","type":"key","parameters":{},"actions":[{"type":"keyDown","value":""},{"type":"pause","duration":10},{"type":"keyUp","value":""}]}]}
RESULT: {"actions":[{"id":"action72","type":"key","parameters":{},"actions":[{"type":"keyDown","value":""},{"type":"pause","duration":10},{"type":"keyUp","value":""}]}]}
COMMAND: GET /session/c560a4da8281d0ae87757c6686821c71/screenshot - {}
RESULT: {}
COMMAND: POST /session/c560a4da8281d0ae87757c6686821c71/element - {"using":"xpath","value":"//span[contains(@id, \"masterListContractsSmartTable-header-inner\")]"}
RESULT: {"using":"xpath","value":"//span[contains(@id, \"masterListContractsSmartTable-header-inner\")]"}
COMMAND: POST /session/c560a4da8281d0ae87757c6686821c71/elements - {"using":"xpath","value":"//span[contains(@id, \"masterListContractsSmartTable-header-inner\")]"}
RESULT: {"using":"xpath","value":"//span[contains(@id, \"masterListContractsSmartTable-header-inner\")]"}
COMMAND: POST /session/c560a4da8281d0ae87757c6686821c71/execute/sync - {"script":"<script> [56 bytes]","args":[{"element-6066-11e4-a52e-4f735466cecf":"f.437C3BD069600255C914999B9931D078.d.9402FB99E5B56D09D0C8CC4DC4E29591.e.23975","ELEMENT":"f.437C3BD069600255C914999B9931D078.d.9402FB99E5B56D09D0C8CC4DC4E29591.e.23975"}]}
RESULT: {"script":"<script> [56 bytes]","args":[{"element-6066-11e4-a52e-4f735466cecf":"f.437C3BD069600255C914999B9931D078.d.9402FB99E5B56D09D0C8CC4DC4E29591.e.23975","ELEMENT":"f.437C3BD069600255C914999B9931D078.d.9402FB99E5B56D09D0C8CC4DC4E29591.e.23975"}]}
COMMAND: POST /session/c560a4da8281d0ae87757c6686821c71/element - {"using":"xpath","value":"(//span[contains(@id, \"imgNav\")])[1]"}
COMMAND: GET /session/c560a4da8281d0ae87757c6686821c71/screenshot - {}
RESULT: {"using":"xpath","value":"(//span[contains(@id, \"imgNav\")])[1]"}
COMMAND: POST /session/c560a4da8281d0ae87757c6686821c71/element/f.437C3BD069600255C914999B9931D078.d.9402FB99E5B56D09D0C8CC4DC4E29591.e.23974/click - {}
RESULT: {}
RESULT: {}
COMMAND: GET /session/c560a4da8281d0ae87757c6686821c71/screenshot - {}
RESULT: {}
COMMAND: POST /session/c560a4da8281d0ae87757c6686821c71/element - {"using":"xpath","value":"//button[contains(@id, \"contractDetailReturnButton\")]"}
RESULT: {"using":"xpath","value":"//button[contains(@id, \"contractDetailReturnButton\")]"}
COMMAND: POST /session/c560a4da8281d0ae87757c6686821c71/element/f.437C3BD069600255C914999B9931D078.d.9402FB99E5B56D09D0C8CC4DC4E29591.e.24050/click - {}
RESULT: {}
COMMAND: GET /session/c560a4da8281d0ae87757c6686821c71/screenshot - {}
RESULT: undefined
COMMAND: POST /session/c560a4da8281d0ae87757c6686821c71/execute/async - {"script":"<script> [6424 bytes]","args":[{"element-6066-11e4-a52e-4f735466cecf":"f.437C3BD069600255C914999B9931D078.d.9402FB99E5B56D09D0C8CC4DC4E29591.e.21337"},"setValue",["06/14/25"]]}
RESULT: {}
COMMAND: POST /session/c560a4da8281d0ae87757c6686821c71/execute/async - {"script":"<script> [1562 bytes]","args":[{"selector":{"id":"application-managehandovers-display-component---AddNewHO--dueDate","interaction":{"idSuffix":"inner"}},"wdio_ui5_key":"applicationmanagehandovers-display-component---AddNewHO--dueDate"}]}
RESULT: {"script":"<script> [1562 bytes]","args":[{"selector":{"id":"application-managehandovers-display-component---AddNewHO--dueDate","interaction":{"idSuffix":"inner"}},"wdio_ui5_key":"applicationmanagehandovers-display-component---AddNewHO--dueDate"}]}
COMMAND: POST /session/c560a4da8281d0ae87757c6686821c71/execute/async - {"script":"<script> [6424 bytes]","args":[{"element-6066-11e4-a52e-4f735466cecf":"f.437C3BD069600255C914999B9931D078.d.9402FB99E5B56D09D0C8CC4DC4E29591.e.24231"},"setValue",["06/14/25"]]}
RESULT: {"script":"<script> [6424 bytes]","args":[{"element-6066-11e4-a52e-4f735466cecf":"f.437C3BD069600255C914999B9931D078.d.9402FB99E5B56D09D0C8CC4DC4E29591.e.24231"},"setValue",["06/14/25"]]}
COMMAND: POST /session/c560a4da8281d0ae87757c6686821c71/element - {"using":"xpath","value":"//bdi[contains(text(), \"Instructions\")]"}
RESULT: {"using":"xpath","value":"//bdi[contains(text(), \"Instructions\")]"}
COMMAND: POST /session/c560a4da8281d0ae87757c6686821c71/element/f.437C3BD069600255C914999B9931D078.d.9402FB99E5B56D09D0C8CC4DC4E29591.e.24454/click - {}
RESULT: {}
COMMAND: GET /session/c560a4da8281d0ae87757c6686821c71/screenshot - {}
RESULT: {}
COMMAND: POST /session/c560a4da8281d0ae87757c6686821c71/element - {"using":"xpath","value":"//button[@data-kt=\"AddNewHOProvideAddItemsButton\"]"}
RESULT: {"using":"xpath","value":"//button[@data-kt=\"AddNewHOProvideAddItemsButton\"]"}
COMMAND: POST /session/c560a4da8281d0ae87757c6686821c71/element/f.437C3BD069600255C914999B9931D078.d.9402FB99E5B56D09D0C8CC4DC4E29591.e.24268/click - {}
RESULT: {}
COMMAND: GET /session/c560a4da8281d0ae87757c6686821c71/screenshot - {}
RESULT: {}
RESULT: undefined
COMMAND: POST /session/c560a4da8281d0ae87757c6686821c71/element - {"using":"xpath","value":"//*[@id=\"application-managehandovers-display-component---AddNewHO--popup-sa\"]"}
RESULT: {"using":"xpath","value":"//*[@id=\"application-managehandovers-display-component---AddNewHO--popup-sa\"]"}
COMMAND: POST /session/c560a4da8281d0ae87757c6686821c71/element/f.437C3BD069600255C914999B9931D078.d.9402FB99E5B56D09D0C8CC4DC4E29591.e.24473/click - {}
RESULT: {}
COMMAND: GET /session/c560a4da8281d0ae87757c6686821c71/screenshot - {}
RESULT: {}
COMMAND: POST /session/c560a4da8281d0ae87757c6686821c71/element - {"using":"xpath","value":"//*[contains(@id ,\"BDI-content\")][contains(text(), \"Select\")]"}
RESULT: {"using":"xpath","value":"//*[contains(@id ,\"BDI-content\")][contains(text(), \"Select\")]"}
COMMAND: POST /session/c560a4da8281d0ae87757c6686821c71/element/f.437C3BD069600255C914999B9931D078.d.9402FB99E5B56D09D0C8CC4DC4E29591.e.24475/click - {}
RESULT: {}
COMMAND: GET /session/c560a4da8281d0ae87757c6686821c71/screenshot - {}
RESULT: {}
COMMAND: POST /session/c560a4da8281d0ae87757c6686821c71/element - {"using":"xpath","value":"//bdi[(text() = 'Save' or . = 'Save')]"}
RESULT: {"using":"xpath","value":"//bdi[(text() = 'Save' or . = 'Save')]"}
COMMAND: POST /session/c560a4da8281d0ae87757c6686821c71/element/f.437C3BD069600255C914999B9931D078.d.9402FB99E5B56D09D0C8CC4DC4E29591.e.24483/click - {}
RESULT: {}
COMMAND: GET /session/c560a4da8281d0ae87757c6686821c71/screenshot - {}
RESULT: {}
COMMAND: POST /session/c560a4da8281d0ae87757c6686821c71/element - {"using":"xpath","value":"//a[@data-kt=\"execHoWhMovementLink\"]"}
RESULT: {"using":"xpath","value":"//a[@data-kt=\"execHoWhMovementLink\"]"}
COMMAND: POST /session/c560a4da8281d0ae87757c6686821c71/element/f.437C3BD069600255C914999B9931D078.d.9402FB99E5B56D09D0C8CC4DC4E29591.e.24516/click - {}
RESULT: {}
COMMAND: GET /session/c560a4da8281d0ae87757c6686821c71/screenshot - {}
RESULT: {}
COMMAND: POST /session/c560a4da8281d0ae87757c6686821c71/element - {"using":"xpath","value":"(//div[contains(@class, \"sapMPopover\") and .//div[contains(@style, \"display: block\")]])[last()]//a"}
RESULT: {"using":"xpath","value":"(//div[contains(@class, \"sapMPopover\") and .//div[contains(@style, \"display: block\")]])[last()]//a"}
COMMAND: POST /session/c560a4da8281d0ae87757c6686821c71/element/f.437C3BD069600255C914999B9931D078.d.9402FB99E5B56D09D0C8CC4DC4E29591.e.24518/click - {}
RESULT: {}
COMMAND: GET /session/c560a4da8281d0ae87757c6686821c71/screenshot - {}
RESULT: {}
COMMAND: POST /session/c560a4da8281d0ae87757c6686821c71/element - {"using":"xpath","value":"//button[@data-kt=\"executionButton\"]"}
RESULT: {"using":"xpath","value":"//button[@data-kt=\"executionButton\"]"}
COMMAND: POST /session/c560a4da8281d0ae87757c6686821c71/element/f.437C3BD069600255C914999B9931D078.d.9402FB99E5B56D09D0C8CC4DC4E29591.e.24649/click - {}
RESULT: {}
COMMAND: GET /session/c560a4da8281d0ae87757c6686821c71/screenshot - {}
RESULT: {}
COMMAND: POST /session/c560a4da8281d0ae87757c6686821c71/element - {"using":"xpath","value":"//button[contains(@id,\"executeMovement--itemsSection-anchor\")]"}
RESULT: {"using":"xpath","value":"//button[contains(@id,\"executeMovement--itemsSection-anchor\")]"}
COMMAND: POST /session/c560a4da8281d0ae87757c6686821c71/element/f.437C3BD069600255C914999B9931D078.d.9402FB99E5B56D09D0C8CC4DC4E29591.e.24732/click - {}
RESULT: {}
COMMAND: GET /session/c560a4da8281d0ae87757c6686821c71/screenshot - {}
RESULT: {}
COMMAND: POST /session/c560a4da8281d0ae87757c6686821c71/element - {"using":"xpath","value":"//table[contains(@id,\"executeMovement--movementItemsTbl-listUl\")]/tbody/tr[1]/td[2]/button"}
RESULT: {"using":"xpath","value":"//table[contains(@id,\"executeMovement--movementItemsTbl-listUl\")]/tbody/tr[1]/td[2]/button"}
COMMAND: POST /session/c560a4da8281d0ae87757c6686821c71/element/f.437C3BD069600255C914999B9931D078.d.9402FB99E5B56D09D0C8CC4DC4E29591.e.24737/click - {}
RESULT: {}
COMMAND: GET /session/c560a4da8281d0ae87757c6686821c71/screenshot - {}
RESULT: {}
COMMAND: POST /session/c560a4da8281d0ae87757c6686821c71/element - {"using":"xpath","value":"//table[contains(@id,\"executeMovement--movementItemsTbl-listUl\")]/tbody/tr[1]/td[2]/button"}
RESULT: {"using":"xpath","value":"//table[contains(@id,\"executeMovement--movementItemsTbl-listUl\")]/tbody/tr[1]/td[2]/button"}
COMMAND: POST /session/c560a4da8281d0ae87757c6686821c71/element/f.437C3BD069600255C914999B9931D078.d.9402FB99E5B56D09D0C8CC4DC4E29591.e.24737/click - {}
RESULT: {}
COMMAND: GET /session/c560a4da8281d0ae87757c6686821c71/screenshot - {}
RESULT: {}
COMMAND: POST /session/c560a4da8281d0ae87757c6686821c71/element - {"using":"xpath","value":"//section[contains(@id,\"FC-NoHead\")]/div[1]/div[5]/div[2]/span"}
RESULT: {"using":"xpath","value":"//section[contains(@id,\"FC-NoHead\")]/div[1]/div[5]/div[2]/span"}
COMMAND: POST /session/c560a4da8281d0ae87757c6686821c71/elements - {"using":"xpath","value":"//section[contains(@id,\"FC-NoHead\")]/div[1]/div[5]/div[2]/span"}
RESULT: {"using":"xpath","value":"//section[contains(@id,\"FC-NoHead\")]/div[1]/div[5]/div[2]/span"}
COMMAND: POST /session/c560a4da8281d0ae87757c6686821c71/execute/sync - {"script":"<script> [56 bytes]","args":[{"element-6066-11e4-a52e-4f735466cecf":"f.437C3BD069600255C914999B9931D078.d.9402FB99E5B56D09D0C8CC4DC4E29591.e.24739","ELEMENT":"f.437C3BD069600255C914999B9931D078.d.9402FB99E5B56D09D0C8CC4DC4E29591.e.24739"}]}
RESULT: {"script":"<script> [56 bytes]","args":[{"element-6066-11e4-a52e-4f735466cecf":"f.437C3BD069600255C914999B9931D078.d.9402FB99E5B56D09D0C8CC4DC4E29591.e.24739","ELEMENT":"f.437C3BD069600255C914999B9931D078.d.9402FB99E5B56D09D0C8CC4DC4E29591.e.24739"}]}
COMMAND: POST /session/c560a4da8281d0ae87757c6686821c71/actions - {"actions":[{"id":"action73","type":"key","parameters":{},"actions":[{"type":"keyDown","value":""},{"type":"pause","duration":10},{"type":"keyUp","value":""}]}]}
COMMAND: GET /session/c560a4da8281d0ae87757c6686821c71/screenshot - {}
RESULT: {"actions":[{"id":"action73","type":"key","parameters":{},"actions":[{"type":"keyDown","value":""},{"type":"pause","duration":10},{"type":"keyUp","value":""}]}]}
COMMAND: POST /session/c560a4da8281d0ae87757c6686821c71/element - {"using":"xpath","value":"//button[contains(@id,\"executeMovement--executeId\")]"}
COMMAND: GET /session/c560a4da8281d0ae87757c6686821c71/screenshot - {}
RESULT: {}
RESULT: {"using":"xpath","value":"//button[contains(@id,\"executeMovement--executeId\")]"}
COMMAND: POST /session/c560a4da8281d0ae87757c6686821c71/element/f.437C3BD069600255C914999B9931D078.d.9402FB99E5B56D09D0C8CC4DC4E29591.e.24721/click - {}
RESULT: {}
RESULT: {}
COMMAND: GET /session/c560a4da8281d0ae87757c6686821c71/screenshot - {}
RESULT: {}
COMMAND: POST /session/c560a4da8281d0ae87757c6686821c71/element - {"using":"css selector","value":"#shell-header-logo"}
RESULT: {"using":"css selector","value":"#shell-header-logo"}
COMMAND: POST /session/c560a4da8281d0ae87757c6686821c71/element/f.437C3BD069600255C914999B9931D078.d.9402FB99E5B56D09D0C8CC4DC4E29591.e.23862/click - {}
RESULT: {}
COMMAND: GET /session/c560a4da8281d0ae87757c6686821c71/screenshot - {}
RESULT: {}
RESULT: undefined
COMMAND: POST /session/c560a4da8281d0ae87757c6686821c71/element - {"using":"xpath","value":"//*[@id=\"__tile134\"]"}
RESULT: {"using":"xpath","value":"//*[@id=\"__tile134\"]"}
COMMAND: POST /session/c560a4da8281d0ae87757c6686821c71/element/f.437C3BD069600255C914999B9931D078.d.9402FB99E5B56D09D0C8CC4DC4E29591.e.20294/click - {}
RESULT: {}
COMMAND: GET /session/c560a4da8281d0ae87757c6686821c71/screenshot - {}
RESULT: {}
COMMAND: POST /session/c560a4da8281d0ae87757c6686821c71/elements - {"using":"xpath","value":"//span[text()='Error']"}
RESULT: {"using":"xpath","value":"//span[text()='Error']"}
RESULT: undefined
COMMAND: POST /session/c560a4da8281d0ae87757c6686821c71/execute/async - {"script":"<script> [776 bytes]","args":[{"enterText":"30435","selector":{"controlType":"sap.m.SearchField","viewName":"etm.portal.ui.managehandovers.view.MasterHO","bindingPath":{"propertyPath":"/_BASIC_SEARCH_FIELD","modelName":"fi1t3rM0d31"},"interaction":{"idSuffix":"I"}},"clearTextFirst":true,"interactionType":"ENTER_TEXT"}]}
RESULT: {"script":"<script> [776 bytes]","args":[{"enterText":"30435","selector":{"controlType":"sap.m.SearchField","viewName":"etm.portal.ui.managehandovers.view.MasterHO","bindingPath":{"propertyPath":"/_BASIC_SEARCH_FIELD","modelName":"fi1t3rM0d31"},"interaction":{"idSuffix":"I"}},"clearTextFirst":true,"interactionType":"ENTER_TEXT"}]}
COMMAND: POST /session/c560a4da8281d0ae87757c6686821c71/actions - {"actions":[{"id":"action74","type":"key","parameters":{},"actions":[{"type":"keyDown","value":""},{"type":"pause","duration":10},{"type":"keyUp","value":""}]}]}
RESULT: {"actions":[{"id":"action74","type":"key","parameters":{},"actions":[{"type":"keyDown","value":""},{"type":"pause","duration":10},{"type":"keyUp","value":""}]}]}
COMMAND: GET /session/c560a4da8281d0ae87757c6686821c71/screenshot - {}
RESULT: {}
COMMAND: POST /session/c560a4da8281d0ae87757c6686821c71/element - {"using":"xpath","value":"(//span[contains(@id, \"imgNav\")])[1]"}
RESULT: {"using":"xpath","value":"(//span[contains(@id, \"imgNav\")])[1]"}
COMMAND: POST /session/c560a4da8281d0ae87757c6686821c71/element/f.437C3BD069600255C914999B9931D078.d.9402FB99E5B56D09D0C8CC4DC4E29591.e.25039/click - {}
RESULT: {}
COMMAND: GET /session/c560a4da8281d0ae87757c6686821c71/screenshot - {}
RESULT: {}
COMMAND: POST /session/c560a4da8281d0ae87757c6686821c71/element - {"using":"xpath","value":"//button[@data-kt=\"IssuingTableConfirmAllButton\"]"}
RESULT: {"using":"xpath","value":"//button[@data-kt=\"IssuingTableConfirmAllButton\"]"}
COMMAND: POST /session/c560a4da8281d0ae87757c6686821c71/element/f.437C3BD069600255C914999B9931D078.d.9402FB99E5B56D09D0C8CC4DC4E29591.e.25134/click - {}
RESULT: {}
COMMAND: GET /session/c560a4da8281d0ae87757c6686821c71/screenshot - {}
RESULT: {}
COMMAND: POST /session/c560a4da8281d0ae87757c6686821c71/element - {"using":"xpath","value":"//bdi[contains(text(), \"OK\")]"}
RESULT: {"using":"xpath","value":"//bdi[contains(text(), \"OK\")]"}
COMMAND: POST /session/c560a4da8281d0ae87757c6686821c71/element/f.437C3BD069600255C914999B9931D078.d.9402FB99E5B56D09D0C8CC4DC4E29591.e.25143/click - {}
RESULT: {}
COMMAND: GET /session/c560a4da8281d0ae87757c6686821c71/screenshot - {}
RESULT: {}
COMMAND: POST /session/c560a4da8281d0ae87757c6686821c71/element - {"using":"xpath","value":"//button[@data-kt=\"execHoIssueButton\"]"}
RESULT: {"using":"xpath","value":"//button[@data-kt=\"execHoIssueButton\"]"}
COMMAND: POST /session/c560a4da8281d0ae87757c6686821c71/element/f.437C3BD069600255C914999B9931D078.d.9402FB99E5B56D09D0C8CC4DC4E29591.e.25145/click - {}
RESULT: {}
COMMAND: GET /session/c560a4da8281d0ae87757c6686821c71/screenshot - {}
RESULT: {}
RESULT: undefined
COMMAND: POST /session/c560a4da8281d0ae87757c6686821c71/execute/async - {"script":"<script> [776 bytes]","args":[{"enterText":"30435","selector":{"controlType":"sap.m.SearchField","viewName":"etm.portal.ui.managehandovers.view.MasterHO","bindingPath":{"propertyPath":"/_BASIC_SEARCH_FIELD","modelName":"fi1t3rM0d31"},"interaction":{"idSuffix":"I"}},"clearTextFirst":true,"interactionType":"ENTER_TEXT"}]}
RESULT: {"script":"<script> [776 bytes]","args":[{"enterText":"30435","selector":{"controlType":"sap.m.SearchField","viewName":"etm.portal.ui.managehandovers.view.MasterHO","bindingPath":{"propertyPath":"/_BASIC_SEARCH_FIELD","modelName":"fi1t3rM0d31"},"interaction":{"idSuffix":"I"}},"clearTextFirst":true,"interactionType":"ENTER_TEXT"}]}
COMMAND: POST /session/c560a4da8281d0ae87757c6686821c71/actions - {"actions":[{"id":"action75","type":"key","parameters":{},"actions":[{"type":"keyDown","value":""},{"type":"pause","duration":10},{"type":"keyUp","value":""}]}]}
RESULT: {"actions":[{"id":"action75","type":"key","parameters":{},"actions":[{"type":"keyDown","value":""},{"type":"pause","duration":10},{"type":"keyUp","value":""}]}]}
COMMAND: GET /session/c560a4da8281d0ae87757c6686821c71/screenshot - {}
RESULT: {}
COMMAND: POST /session/c560a4da8281d0ae87757c6686821c71/element - {"using":"xpath","value":"(//span[contains(@id, \"imgNav\")])[1]"}
RESULT: {"using":"xpath","value":"(//span[contains(@id, \"imgNav\")])[1]"}
COMMAND: POST /session/c560a4da8281d0ae87757c6686821c71/element/f.437C3BD069600255C914999B9931D078.d.9402FB99E5B56D09D0C8CC4DC4E29591.e.25188/click - {}
RESULT: {}
COMMAND: GET /session/c560a4da8281d0ae87757c6686821c71/screenshot - {}
RESULT: {}
COMMAND: POST /session/c560a4da8281d0ae87757c6686821c71/execute/async - {"script":"<script> [1562 bytes]","args":[{"selector":{"id":"application-managehandovers-display-component---detailManageHO--completedItemsTableTitle"},"wdio_ui5_key":"applicationmanagehandovers-display-component---detailManageHO--completedItemsTableTitle"}]}
RESULT: {"script":"<script> [1562 bytes]","args":[{"selector":{"id":"application-managehandovers-display-component---detailManageHO--completedItemsTableTitle"},"wdio_ui5_key":"applicationmanagehandovers-display-component---detailManageHO--completedItemsTableTitle"}]}
RESULT: undefined
COMMAND: POST /session/c560a4da8281d0ae87757c6686821c71/execute/async - {"script":"<script> [6424 bytes]","args":[{"element-6066-11e4-a52e-4f735466cecf":"f.437C3BD069600255C914999B9931D078.d.9402FB99E5B56D09D0C8CC4DC4E29591.e.25227"},"getText",[]]}
RESULT: {"script":"<script> [6424 bytes]","args":[{"element-6066-11e4-a52e-4f735466cecf":"f.437C3BD069600255C914999B9931D078.d.9402FB99E5B56D09D0C8CC4DC4E29591.e.25227"},"getText",[]]}
COMMAND: POST /session/c560a4da8281d0ae87757c6686821c71/element - {"using":"xpath","value":"//div[contains(@id, \"detailManageHO--headerContentForm--FC-NoHead-content\")]/div[4]/div[2]/div/span"}
RESULT: {"using":"xpath","value":"//div[contains(@id, \"detailManageHO--headerContentForm--FC-NoHead-content\")]/div[4]/div[2]/div/span"}
COMMAND: POST /session/c560a4da8281d0ae87757c6686821c71/execute/sync - {"script":"<script> [56 bytes]","args":[{"element-6066-11e4-a52e-4f735466cecf":"f.437C3BD069600255C914999B9931D078.d.9402FB99E5B56D09D0C8CC4DC4E29591.e.25228","ELEMENT":"f.437C3BD069600255C914999B9931D078.d.9402FB99E5B56D09D0C8CC4DC4E29591.e.25228"}]}
RESULT: {"script":"<script> [56 bytes]","args":[{"element-6066-11e4-a52e-4f735466cecf":"f.437C3BD069600255C914999B9931D078.d.9402FB99E5B56D09D0C8CC4DC4E29591.e.25228","ELEMENT":"f.437C3BD069600255C914999B9931D078.d.9402FB99E5B56D09D0C8CC4DC4E29591.e.25228"}]}
COMMAND: GET /session/c560a4da8281d0ae87757c6686821c71/screenshot - {}
RESULT: {}
COMMAND: POST /session/c560a4da8281d0ae87757c6686821c71/element - {"using":"css selector","value":"#shell-header-logo"}
RESULT: {"using":"css selector","value":"#shell-header-logo"}
COMMAND: POST /session/c560a4da8281d0ae87757c6686821c71/element/f.437C3BD069600255C914999B9931D078.d.9402FB99E5B56D09D0C8CC4DC4E29591.e.24789/click - {}
RESULT: {}
COMMAND: GET /session/c560a4da8281d0ae87757c6686821c71/screenshot - {}
RESULT: {}
COMMAND: POST /session/c560a4da8281d0ae87757c6686821c71/element - {"using":"css selector","value":"#j_username"}
COMMAND: POST /session/c560a4da8281d0ae87757c6686821c71/url - {"url":"https://qa-testing-00-live-etm-ui.cfapps.eu10-004.hana.ondemand.com/"}
RESULT: {"using":"css selector","value":"#j_username"}
COMMAND: POST /session/c560a4da8281d0ae87757c6686821c71/element - {"using":"css selector","value":"#j_username"}
RESULT: {"url":"https://qa-testing-00-live-etm-ui.cfapps.eu10-004.hana.ondemand.com/"}
RESULT: undefined
COMMAND: GET /session/c560a4da8281d0ae87757c6686821c71/screenshot - {}
RESULT: {"using":"css selector","value":"#j_username"}
COMMAND: POST /session/c560a4da8281d0ae87757c6686821c71/element - {"using":"css selector","value":"#shell-header-logo"}
RESULT: {}
RESULT: {"using":"css selector","value":"#shell-header-logo"}
COMMAND: POST /session/c560a4da8281d0ae87757c6686821c71/execute/sync - {"script":"<script> [8489 bytes]","args":[{"element-6066-11e4-a52e-4f735466cecf":"f.437C3BD069600255C914999B9931D078.d.EB1DEF721AA869E3FB8F76CF67389548.e.25244","ELEMENT":"f.437C3BD069600255C914999B9931D078.d.EB1DEF721AA869E3FB8F76CF67389548.e.25244"}]}
RESULT: {"script":"<script> [8489 bytes]","args":[{"element-6066-11e4-a52e-4f735466cecf":"f.437C3BD069600255C914999B9931D078.d.EB1DEF721AA869E3FB8F76CF67389548.e.25244","ELEMENT":"f.437C3BD069600255C914999B9931D078.d.EB1DEF721AA869E3FB8F76CF67389548.e.25244"}]}
COMMAND: POST /session/c560a4da8281d0ae87757c6686821c71/element - {"using":"css selector","value":"#shell-header-logo"}
COMMAND: GET /session/c560a4da8281d0ae87757c6686821c71/screenshot - {}
RESULT: {"using":"css selector","value":"#shell-header-logo"}
COMMAND: POST /session/c560a4da8281d0ae87757c6686821c71/execute/sync - {"script":"<script> [8489 bytes]","args":[{"element-6066-11e4-a52e-4f735466cecf":"f.437C3BD069600255C914999B9931D078.d.EB1DEF721AA869E3FB8F76CF67389548.e.25244","ELEMENT":"f.437C3BD069600255C914999B9931D078.d.EB1DEF721AA869E3FB8F76CF67389548.e.25244"}]}
RESULT: {}
RESULT: {"script":"<script> [8489 bytes]","args":[{"element-6066-11e4-a52e-4f735466cecf":"f.437C3BD069600255C914999B9931D078.d.EB1DEF721AA869E3FB8F76CF67389548.e.25244","ELEMENT":"f.437C3BD069600255C914999B9931D078.d.EB1DEF721AA869E3FB8F76CF67389548.e.25244"}]}
COMMAND: POST /session/c560a4da8281d0ae87757c6686821c71/execute/sync - {"script":"<script> [5351 bytes]","args":[{"element-6066-11e4-a52e-4f735466cecf":"f.437C3BD069600255C914999B9931D078.d.EB1DEF721AA869E3FB8F76CF67389548.e.25244","ELEMENT":"f.437C3BD069600255C914999B9931D078.d.EB1DEF721AA869E3FB8F76CF67389548.e.25244"}]}
COMMAND: GET /session/c560a4da8281d0ae87757c6686821c71/screenshot - {}
RESULT: {"script":"<script> [5351 bytes]","args":[{"element-6066-11e4-a52e-4f735466cecf":"f.437C3BD069600255C914999B9931D078.d.EB1DEF721AA869E3FB8F76CF67389548.e.25244","ELEMENT":"f.437C3BD069600255C914999B9931D078.d.EB1DEF721AA869E3FB8F76CF67389548.e.25244"}]}
COMMAND: POST /session/c560a4da8281d0ae87757c6686821c71/element - {"using":"css selector","value":"#shell-header-logo"}
COMMAND: GET /session/c560a4da8281d0ae87757c6686821c71/screenshot - {}
RESULT: {}
RESULT: {"using":"css selector","value":"#shell-header-logo"}
COMMAND: POST /session/c560a4da8281d0ae87757c6686821c71/element/f.437C3BD069600255C914999B9931D078.d.EB1DEF721AA869E3FB8F76CF67389548.e.25244/click - {}
RESULT: {}
RESULT: {}
COMMAND: GET /session/c560a4da8281d0ae87757c6686821c71/screenshot - {}
RESULT: {}
COMMAND: POST /session/c560a4da8281d0ae87757c6686821c71/execute/async - {"script":"<script> [189 bytes]","args":[]}
RESULT: {"script":"<script> [189 bytes]","args":[]}
COMMAND: POST /session/c560a4da8281d0ae87757c6686821c71/execute/async - {"script":"<script> [123 bytes]","args":[]}
RESULT: {"script":"<script> [123 bytes]","args":[]}
COMMAND: POST /session/c560a4da8281d0ae87757c6686821c71/timeouts - {"script":"<number>"}
RESULT: {"script":"<number>"}
COMMAND: GET /session/c560a4da8281d0ae87757c6686821c71/timeouts - {}
RESULT: {}
RESULT: undefined
COMMAND: POST /session/c560a4da8281d0ae87757c6686821c71/execute/async - {"script":"<script> [2676 bytes]","args":[]}
RESULT: {"script":"<script> [2676 bytes]","args":[]}
COMMAND: POST /session/c560a4da8281d0ae87757c6686821c71/execute/async - {"script":"<script> [2342 bytes]","args":[{"protocol":"http","hostname":"0.0.0.0","path":"/","capabilities":{"browserName":"chrome","goog:chromeOptions":{"binary":"C:\\Program Files\\Google\\Chrome\\Application\\chrome.exe","args":["--start-maximized"]}},"logLevel":"warn","connectionRetryTimeout":120000,"connectionRetryCount":3,"logLevels":{},"enableDirectConnect":true,"strictSSL":true,"_":"65 more keys: [\"cacheDir\",\"port\",\"requestedCapabilities\",\"automationProtocol\",\"baseUrl\",\"waitforInterval\",\"waitforTimeout\",\"onReload\",\"beforeCommand\",\"afterCommand\",\"rootDir\",\"specs\",\"suites\",\"exclude\",\"groupLogsByTestSpec\",\"excludeDriverLogs\",\"bail\",\"framework\",\"reporters\",\"services\",\"maxInstances\",\"maxInstancesPerCapability\",\"injectGlobals\",\"filesToWatch\",\"execArgv\",\"runnerEnv\",\"runner\",\"shard\",\"specFileRetries\",\"specFileRetriesDelay\",\"specFileRetriesDeferred\",\"reporterSyncInterval\",\"reporterSyncTimeout\",\"cucumberFeaturesWithLineNumbers\",\"autoCompileOpts\",\"mochaOpts\",\"jasmineOpts\",\"cucumberOpts\",\"onPrepare\",\"onWorkerStart\",\"onWorkerEnd\",\"before\",\"beforeSession\",\"beforeSuite\",\"beforeHook\",\"beforeTest\",\"afterTest\",\"afterHook\",\"afterSuite\",\"afterSession\",\"after\",\"onComplete\",\"beforeAssertion\",\"afterAssertion\",\"beforeFeature\",\"beforeScenario\",\"beforeStep\",\"afterStep\",\"afterScenario\",\"afterFeature\",\"_\",\"suite\",\"$0\",\"ignoredWorkerServices\",\"wdi5\"]"}]}
RESULT: {"script":"<script> [2342 bytes]","args":[{"protocol":"http","hostname":"0.0.0.0","path":"/","capabilities":{"browserName":"chrome","goog:chromeOptions":{"binary":"C:\\Program Files\\Google\\Chrome\\Application\\chrome.exe","args":["--start-maximized"]}},"logLevel":"warn","connectionRetryTimeout":120000,"connectionRetryCount":3,"logLevels":{},"enableDirectConnect":true,"strictSSL":true,"_":"65 more keys: [\"cacheDir\",\"port\",\"requestedCapabilities\",\"automationProtocol\",\"baseUrl\",\"waitforInterval\",\"waitforTimeout\",\"onReload\",\"beforeCommand\",\"afterCommand\",\"rootDir\",\"specs\",\"suites\",\"exclude\",\"groupLogsByTestSpec\",\"excludeDriverLogs\",\"bail\",\"framework\",\"reporters\",\"services\",\"maxInstances\",\"maxInstancesPerCapability\",\"injectGlobals\",\"filesToWatch\",\"execArgv\",\"runnerEnv\",\"runner\",\"shard\",\"specFileRetries\",\"specFileRetriesDelay\",\"specFileRetriesDeferred\",\"reporterSyncInterval\",\"reporterSyncTimeout\",\"cucumberFeaturesWithLineNumbers\",\"autoCompileOpts\",\"mochaOpts\",\"jasmineOpts\",\"cucumberOpts\",\"onPrepare\",\"onWorkerStart\",\"onWorkerEnd\",\"before\",\"beforeSession\",\"beforeSuite\",\"beforeHook\",\"beforeTest\",\"afterTest\",\"afterHook\",\"afterSuite\",\"afterSession\",\"after\",\"onComplete\",\"beforeAssertion\",\"afterAssertion\",\"beforeFeature\",\"beforeScenario\",\"beforeStep\",\"afterStep\",\"afterScenario\",\"afterFeature\",\"_\",\"suite\",\"$0\",\"ignoredWorkerServices\",\"wdi5\"]"}]}
COMMAND: POST /session/c560a4da8281d0ae87757c6686821c71/execute/async - {"script":"<script> [21126 bytes]","args":[35000]}
RESULT: {"script":"<script> [21126 bytes]","args":[35000]}
COMMAND: POST /session/c560a4da8281d0ae87757c6686821c71/window/maximize - {}
RESULT: {}
COMMAND: POST /session/c560a4da8281d0ae87757c6686821c71/execute/async - {"script":"<script> [1562 bytes]","args":[{"selector":{"id":"shell-header","interaction":{"idSuffix":"icon"}},"wdio_ui5_key":"shellheader"}]}
COMMAND: GET /session/c560a4da8281d0ae87757c6686821c71/screenshot - {}
RESULT: undefined
RESULT: {"script":"<script> [1562 bytes]","args":[{"selector":{"id":"shell-header","interaction":{"idSuffix":"icon"}},"wdio_ui5_key":"shellheader"}]}
RESULT: undefined
COMMAND: POST /session/c560a4da8281d0ae87757c6686821c71/window/fullscreen - {}
RESULT: {}
RESULT: {}
]]></system-out>
    </testcase>
  </testsuite>
  <testsuite timestamp="2025-06-14T17:26:50" time="457.707" tests="9" failures="0" errors="0" skipped="0">
    <properties>
      <property name="specId" value="0"/>
      <property name="suiteName" value="Create masterdata for Yard Overview - trigger provide US130988"/>
      <property name="capabilities" value="chrome.137_0_7151_69.windows"/>
      <property name="file" value="file:///D:/a/1/s/test/specs/HTR/stock-decrease.spec.js"/>
    </properties>
    <testcase classname="chrome.137_0_7151_69.windows.Create_masterdata_for_Yard_Overview_-_trigger_provide_US130988" name="Should create a new WHM yard" time="0.01">
      <system-out><![CDATA[
COMMAND: POST /session/c560a4da8281d0ae87757c6686821c71/window/fullscreen - {}
RESULT: {}
]]></system-out>
    </testcase>
    <testcase classname="chrome.137_0_7151_69.windows.Create_masterdata_for_Yard_Overview_-_trigger_provide_US130988" name="Should create a new partner" time="0.002"/>
    <testcase classname="chrome.137_0_7151_69.windows.Create_masterdata_for_Yard_Overview_-_trigger_provide_US130988" name="Should create a new site" time="0.002"/>
    <testcase classname="chrome.137_0_7151_69.windows.Create_masterdata_for_Yard_Overview_-_trigger_provide_US130988" name="Should create a new material" time="130.973">
      <system-out><![CDATA[
COMMAND: POST /session/c560a4da8281d0ae87757c6686821c71/execute/async - {"script":"<script> [1562 bytes]","args":[{"selector":{"controlType":"sap.m.GenericTile","properties":{"header":"Manage Resources"}},"wdio_ui5_key":"sapm.GenericTile{\"header\":\"Manage Resources\"}"}]}
RESULT: {"script":"<script> [1562 bytes]","args":[{"selector":{"controlType":"sap.m.GenericTile","properties":{"header":"Manage Resources"}},"wdio_ui5_key":"sapm.GenericTile{\"header\":\"Manage Resources\"}"}]}
RESULT: undefined
COMMAND: POST /session/c560a4da8281d0ae87757c6686821c71/element - {"using":"xpath","value":"//*[@id=\"__tile32\"]"}
RESULT: {"using":"xpath","value":"//*[@id=\"__tile32\"]"}
COMMAND: POST /session/c560a4da8281d0ae87757c6686821c71/element/f.437C3BD069600255C914999B9931D078.d.EB1DEF721AA869E3FB8F76CF67389548.e.25261/click - {}
RESULT: {}
COMMAND: GET /session/c560a4da8281d0ae87757c6686821c71/screenshot - {}
RESULT: {}
COMMAND: POST /session/c560a4da8281d0ae87757c6686821c71/elements - {"using":"xpath","value":"//span[text()='Error']"}
RESULT: {"using":"xpath","value":"//span[text()='Error']"}
COMMAND: POST /session/c560a4da8281d0ae87757c6686821c71/element - {"using":"xpath","value":"//button[@data-kt=\"addNewRUOverflowToolbarButton\"]"}
RESULT: {"using":"xpath","value":"//button[@data-kt=\"addNewRUOverflowToolbarButton\"]"}
COMMAND: POST /session/c560a4da8281d0ae87757c6686821c71/elements - {"using":"xpath","value":"//button[@data-kt=\"addNewRUOverflowToolbarButton\"]"}
RESULT: {"using":"xpath","value":"//button[@data-kt=\"addNewRUOverflowToolbarButton\"]"}
COMMAND: POST /session/c560a4da8281d0ae87757c6686821c71/element - {"using":"xpath","value":"//button[@data-kt=\"addNewRUOverflowToolbarButton\"]"}
RESULT: {"using":"xpath","value":"//button[@data-kt=\"addNewRUOverflowToolbarButton\"]"}
COMMAND: POST /session/c560a4da8281d0ae87757c6686821c71/execute/sync - {"script":"<script> [8489 bytes]","args":[{"element-6066-11e4-a52e-4f735466cecf":"f.437C3BD069600255C914999B9931D078.d.EB1DEF721AA869E3FB8F76CF67389548.e.25391","ELEMENT":"f.437C3BD069600255C914999B9931D078.d.EB1DEF721AA869E3FB8F76CF67389548.e.25391"}]}
RESULT: {"script":"<script> [8489 bytes]","args":[{"element-6066-11e4-a52e-4f735466cecf":"f.437C3BD069600255C914999B9931D078.d.EB1DEF721AA869E3FB8F76CF67389548.e.25391","ELEMENT":"f.437C3BD069600255C914999B9931D078.d.EB1DEF721AA869E3FB8F76CF67389548.e.25391"}]}
COMMAND: GET /session/c560a4da8281d0ae87757c6686821c71/element/f.437C3BD069600255C914999B9931D078.d.EB1DEF721AA869E3FB8F76CF67389548.e.25391/enabled - {}
COMMAND: GET /session/c560a4da8281d0ae87757c6686821c71/screenshot - {}
RESULT: {}
COMMAND: POST /session/c560a4da8281d0ae87757c6686821c71/execute/sync - {"script":"<script> [8489 bytes]","args":[{"element-6066-11e4-a52e-4f735466cecf":"f.437C3BD069600255C914999B9931D078.d.EB1DEF721AA869E3FB8F76CF67389548.e.25391","ELEMENT":"f.437C3BD069600255C914999B9931D078.d.EB1DEF721AA869E3FB8F76CF67389548.e.25391"}]}
COMMAND: GET /session/c560a4da8281d0ae87757c6686821c71/screenshot - {}
RESULT: {}
RESULT: {"script":"<script> [8489 bytes]","args":[{"element-6066-11e4-a52e-4f735466cecf":"f.437C3BD069600255C914999B9931D078.d.EB1DEF721AA869E3FB8F76CF67389548.e.25391","ELEMENT":"f.437C3BD069600255C914999B9931D078.d.EB1DEF721AA869E3FB8F76CF67389548.e.25391"}]}
COMMAND: POST /session/c560a4da8281d0ae87757c6686821c71/execute/sync - {"script":"<script> [5351 bytes]","args":[{"element-6066-11e4-a52e-4f735466cecf":"f.437C3BD069600255C914999B9931D078.d.EB1DEF721AA869E3FB8F76CF67389548.e.25391","ELEMENT":"f.437C3BD069600255C914999B9931D078.d.EB1DEF721AA869E3FB8F76CF67389548.e.25391"}]}
COMMAND: GET /session/c560a4da8281d0ae87757c6686821c71/screenshot - {}
RESULT: {}
RESULT: {"script":"<script> [5351 bytes]","args":[{"element-6066-11e4-a52e-4f735466cecf":"f.437C3BD069600255C914999B9931D078.d.EB1DEF721AA869E3FB8F76CF67389548.e.25391","ELEMENT":"f.437C3BD069600255C914999B9931D078.d.EB1DEF721AA869E3FB8F76CF67389548.e.25391"}]}
COMMAND: POST /session/c560a4da8281d0ae87757c6686821c71/element/f.437C3BD069600255C914999B9931D078.d.EB1DEF721AA869E3FB8F76CF67389548.e.25391/click - {}
COMMAND: GET /session/c560a4da8281d0ae87757c6686821c71/screenshot - {}
RESULT: {}
RESULT: {}
COMMAND: GET /session/c560a4da8281d0ae87757c6686821c71/screenshot - {}
COMMAND: POST /session/c560a4da8281d0ae87757c6686821c71/execute/async - {"script":"<script> [1562 bytes]","args":[{"selector":{"id":"application-manageresources-display-component---newResourceUnit--TYPE-arrow"},"wdio_ui5_key":"applicationmanageresources-display-component---newResourceUnit--TYPE-arrow"}]}
RESULT: {}
RESULT: {}
RESULT: {"script":"<script> [1562 bytes]","args":[{"selector":{"id":"application-manageresources-display-component---newResourceUnit--TYPE-arrow"},"wdio_ui5_key":"applicationmanageresources-display-component---newResourceUnit--TYPE-arrow"}]}
RESULT: undefined
COMMAND: POST /session/c560a4da8281d0ae87757c6686821c71/element - {"using":"xpath","value":"//*[@id=\"application-manageresources-display-component---newResourceUnit--TYPE-arrow\"]"}
RESULT: {"using":"xpath","value":"//*[@id=\"application-manageresources-display-component---newResourceUnit--TYPE-arrow\"]"}
COMMAND: POST /session/c560a4da8281d0ae87757c6686821c71/element/f.437C3BD069600255C914999B9931D078.d.EB1DEF721AA869E3FB8F76CF67389548.e.25758/click - {}
RESULT: {}
COMMAND: POST /session/c560a4da8281d0ae87757c6686821c71/element - {"using":"xpath","value":"//input[@id=\"application-manageresources-display-component---newResourceUnit--TYPE-inner\"]"}
COMMAND: GET /session/c560a4da8281d0ae87757c6686821c71/screenshot - {}
RESULT: {"using":"xpath","value":"//input[@id=\"application-manageresources-display-component---newResourceUnit--TYPE-inner\"]"}
COMMAND: POST /session/c560a4da8281d0ae87757c6686821c71/element/f.437C3BD069600255C914999B9931D078.d.EB1DEF721AA869E3FB8F76CF67389548.e.25745/clear - {}
RESULT: {}
RESULT: {}
COMMAND: POST /session/c560a4da8281d0ae87757c6686821c71/element/f.437C3BD069600255C914999B9931D078.d.EB1DEF721AA869E3FB8F76CF67389548.e.25745/value - {"text":"Material"}
COMMAND: GET /session/c560a4da8281d0ae87757c6686821c71/screenshot - {}
RESULT: {"text":"Material"}
COMMAND: GET /session/c560a4da8281d0ae87757c6686821c71/screenshot - {}
RESULT: {}
RESULT: {}
COMMAND: POST /session/c560a4da8281d0ae87757c6686821c71/actions - {"actions":[{"id":"action76","type":"key","parameters":{},"actions":[{"type":"keyDown","value":""},{"type":"pause","duration":10},{"type":"keyUp","value":""}]}]}
RESULT: undefined
RESULT: undefined
RESULT: {"actions":[{"id":"action76","type":"key","parameters":{},"actions":[{"type":"keyDown","value":""},{"type":"pause","duration":10},{"type":"keyUp","value":""}]}]}
COMMAND: POST /session/c560a4da8281d0ae87757c6686821c71/execute/async - {"script":"<script> [1562 bytes]","args":[{"selector":{"id":"application-manageresources-display-component---newResourceUnit--SHORT_TEXT","interaction":{"idSuffix":"inner"}},"wdio_ui5_key":"applicationmanageresources-display-component---newResourceUnit--SHORT_TEXT"}]}
COMMAND: GET /session/c560a4da8281d0ae87757c6686821c71/screenshot - {}
RESULT: {"script":"<script> [1562 bytes]","args":[{"selector":{"id":"application-manageresources-display-component---newResourceUnit--SHORT_TEXT","interaction":{"idSuffix":"inner"}},"wdio_ui5_key":"applicationmanageresources-display-component---newResourceUnit--SHORT_TEXT"}]}
RESULT: undefined
COMMAND: POST /session/c560a4da8281d0ae87757c6686821c71/execute/async - {"script":"<script> [776 bytes]","args":[{"enterText":"Cement WDIO","selector":{"id":"application-manageresources-display-component---newResourceUnit--SHORT_TEXT","interaction":{"idSuffix":"inner"}},"clearTextFirst":true,"interactionType":"ENTER_TEXT"}]}
RESULT: {}
RESULT: {"script":"<script> [776 bytes]","args":[{"enterText":"Cement WDIO","selector":{"id":"application-manageresources-display-component---newResourceUnit--SHORT_TEXT","interaction":{"idSuffix":"inner"}},"clearTextFirst":true,"interactionType":"ENTER_TEXT"}]}
COMMAND: POST /session/c560a4da8281d0ae87757c6686821c71/execute/async - {"script":"<script> [1562 bytes]","args":[{"selector":{"id":"application-manageresources-display-component---newResourceUnit--BASE_UNIT_OF_MEASURE","interaction":{"idSuffix":"inner"}},"wdio_ui5_key":"applicationmanageresources-display-component---newResourceUnit--BASE_UNIT_OF_MEASURE"}]}
RESULT: {"script":"<script> [1562 bytes]","args":[{"selector":{"id":"application-manageresources-display-component---newResourceUnit--BASE_UNIT_OF_MEASURE","interaction":{"idSuffix":"inner"}},"wdio_ui5_key":"applicationmanageresources-display-component---newResourceUnit--BASE_UNIT_OF_MEASURE"}]}
RESULT: undefined
COMMAND: POST /session/c560a4da8281d0ae87757c6686821c71/execute/async - {"script":"<script> [776 bytes]","args":[{"enterText":"Piece","selector":{"id":"application-manageresources-display-component---newResourceUnit--BASE_UNIT_OF_MEASURE","interaction":{"idSuffix":"inner"}},"clearTextFirst":true,"interactionType":"ENTER_TEXT"}]}
RESULT: {"script":"<script> [776 bytes]","args":[{"enterText":"Piece","selector":{"id":"application-manageresources-display-component---newResourceUnit--BASE_UNIT_OF_MEASURE","interaction":{"idSuffix":"inner"}},"clearTextFirst":true,"interactionType":"ENTER_TEXT"}]}
COMMAND: POST /session/c560a4da8281d0ae87757c6686821c71/execute/async - {"script":"<script> [1562 bytes]","args":[{"selector":{"id":"application-manageresources-display-component---newResourceUnit--WEIGHT_UNIT","interaction":{"idSuffix":"inner"}},"wdio_ui5_key":"applicationmanageresources-display-component---newResourceUnit--WEIGHT_UNIT"}]}
RESULT: {"script":"<script> [1562 bytes]","args":[{"selector":{"id":"application-manageresources-display-component---newResourceUnit--WEIGHT_UNIT","interaction":{"idSuffix":"inner"}},"wdio_ui5_key":"applicationmanageresources-display-component---newResourceUnit--WEIGHT_UNIT"}]}
RESULT: undefined
COMMAND: POST /session/c560a4da8281d0ae87757c6686821c71/execute/async - {"script":"<script> [776 bytes]","args":[{"enterText":"Gram","selector":{"id":"application-manageresources-display-component---newResourceUnit--WEIGHT_UNIT","interaction":{"idSuffix":"inner"}},"clearTextFirst":true,"interactionType":"ENTER_TEXT"}]}
RESULT: {"script":"<script> [776 bytes]","args":[{"enterText":"Gram","selector":{"id":"application-manageresources-display-component---newResourceUnit--WEIGHT_UNIT","interaction":{"idSuffix":"inner"}},"clearTextFirst":true,"interactionType":"ENTER_TEXT"}]}
COMMAND: POST /session/c560a4da8281d0ae87757c6686821c71/execute/async - {"script":"<script> [1562 bytes]","args":[{"selector":{"id":"application-manageresources-display-component---newResourceUnit--DIMENSION_UNIT","interaction":{"idSuffix":"inner"}},"wdio_ui5_key":"applicationmanageresources-display-component---newResourceUnit--DIMENSION_UNIT"}]}
RESULT: {"script":"<script> [1562 bytes]","args":[{"selector":{"id":"application-manageresources-display-component---newResourceUnit--DIMENSION_UNIT","interaction":{"idSuffix":"inner"}},"wdio_ui5_key":"applicationmanageresources-display-component---newResourceUnit--DIMENSION_UNIT"}]}
RESULT: undefined
COMMAND: POST /session/c560a4da8281d0ae87757c6686821c71/execute/async - {"script":"<script> [776 bytes]","args":[{"enterText":"Meter","selector":{"id":"application-manageresources-display-component---newResourceUnit--DIMENSION_UNIT","interaction":{"idSuffix":"inner"}},"clearTextFirst":true,"interactionType":"ENTER_TEXT"}]}
RESULT: {"script":"<script> [776 bytes]","args":[{"enterText":"Meter","selector":{"id":"application-manageresources-display-component---newResourceUnit--DIMENSION_UNIT","interaction":{"idSuffix":"inner"}},"clearTextFirst":true,"interactionType":"ENTER_TEXT"}]}
COMMAND: POST /session/c560a4da8281d0ae87757c6686821c71/execute/async - {"script":"<script> [1562 bytes]","args":[{"selector":{"id":"application-manageresources-display-component---newResourceUnit--newRRUPage-anchBar-application-manageresources-display-component---newResourceUnit--control-anchor","interaction":{"idSuffix":"BDI-content"}},"wdio_ui5_key":"applicationmanageresources-display-component---newResourceUnit--newRRUPage-anchBar-application-manageresources-display-component---newResourceUnit--control-anchor"}]}
RESULT: {"script":"<script> [1562 bytes]","args":[{"selector":{"id":"application-manageresources-display-component---newResourceUnit--newRRUPage-anchBar-application-manageresources-display-component---newResourceUnit--control-anchor","interaction":{"idSuffix":"BDI-content"}},"wdio_ui5_key":"applicationmanageresources-display-component---newResourceUnit--newRRUPage-anchBar-application-manageresources-display-component---newResourceUnit--control-anchor"}]}
RESULT: undefined
COMMAND: POST /session/c560a4da8281d0ae87757c6686821c71/element - {"using":"xpath","value":"//*[@id=\"application-manageresources-display-component---newResourceUnit--newRRUPage-anchBar-application-manageresources-display-component---newResourceUnit--control-anchor\"]"}
RESULT: {"using":"xpath","value":"//*[@id=\"application-manageresources-display-component---newResourceUnit--newRRUPage-anchBar-application-manageresources-display-component---newResourceUnit--control-anchor\"]"}
COMMAND: POST /session/c560a4da8281d0ae87757c6686821c71/element/f.437C3BD069600255C914999B9931D078.d.EB1DEF721AA869E3FB8F76CF67389548.e.25893/click - {}
RESULT: {}
COMMAND: POST /session/c560a4da8281d0ae87757c6686821c71/execute/async - {"script":"<script> [1562 bytes]","args":[{"selector":{"id":"application-manageresources-display-component---newResourceUnit--PLANNING_GROUP","interaction":{"idSuffix":"inner"}},"wdio_ui5_key":"applicationmanageresources-display-component---newResourceUnit--PLANNING_GROUP"}]}
COMMAND: GET /session/c560a4da8281d0ae87757c6686821c71/screenshot - {}
RESULT: {"script":"<script> [1562 bytes]","args":[{"selector":{"id":"application-manageresources-display-component---newResourceUnit--PLANNING_GROUP","interaction":{"idSuffix":"inner"}},"wdio_ui5_key":"applicationmanageresources-display-component---newResourceUnit--PLANNING_GROUP"}]}
RESULT: undefined
COMMAND: POST /session/c560a4da8281d0ae87757c6686821c71/execute/async - {"script":"<script> [776 bytes]","args":[{"enterText":"Material","selector":{"id":"application-manageresources-display-component---newResourceUnit--PLANNING_GROUP","interaction":{"idSuffix":"inner"}},"clearTextFirst":true,"interactionType":"ENTER_TEXT"}]}
RESULT: {}
RESULT: {"script":"<script> [776 bytes]","args":[{"enterText":"Material","selector":{"id":"application-manageresources-display-component---newResourceUnit--PLANNING_GROUP","interaction":{"idSuffix":"inner"}},"clearTextFirst":true,"interactionType":"ENTER_TEXT"}]}
COMMAND: POST /session/c560a4da8281d0ae87757c6686821c71/execute/async - {"script":"<script> [1562 bytes]","args":[{"selector":{"id":"application-manageresources-display-component---newResourceUnit--PLANNING_INDICATOR","interaction":{"idSuffix":"inner"}},"wdio_ui5_key":"applicationmanageresources-display-component---newResourceUnit--PLANNING_INDICATOR"}]}
RESULT: {"script":"<script> [1562 bytes]","args":[{"selector":{"id":"application-manageresources-display-component---newResourceUnit--PLANNING_INDICATOR","interaction":{"idSuffix":"inner"}},"wdio_ui5_key":"applicationmanageresources-display-component---newResourceUnit--PLANNING_INDICATOR"}]}
RESULT: undefined
COMMAND: POST /session/c560a4da8281d0ae87757c6686821c71/execute/async - {"script":"<script> [776 bytes]","args":[{"enterText":"10 - infinite","selector":{"id":"application-manageresources-display-component---newResourceUnit--PLANNING_INDICATOR","interaction":{"idSuffix":"inner"}},"clearTextFirst":true,"interactionType":"ENTER_TEXT"}]}
RESULT: {"script":"<script> [776 bytes]","args":[{"enterText":"10 - infinite","selector":{"id":"application-manageresources-display-component---newResourceUnit--PLANNING_INDICATOR","interaction":{"idSuffix":"inner"}},"clearTextFirst":true,"interactionType":"ENTER_TEXT"}]}
COMMAND: POST /session/c560a4da8281d0ae87757c6686821c71/element - {"using":"css selector","value":"#application-manageresources-display-component---newResourceUnit--btnAddTimeSegment"}
RESULT: {"using":"css selector","value":"#application-manageresources-display-component---newResourceUnit--btnAddTimeSegment"}
COMMAND: GET /session/c560a4da8281d0ae87757c6686821c71/element/f.437C3BD069600255C914999B9931D078.d.EB1DEF721AA869E3FB8F76CF67389548.e.25901/rect - {}
RESULT: {}
COMMAND: GET /session/c560a4da8281d0ae87757c6686821c71/window/rect - {}
RESULT: {}
COMMAND: POST /session/c560a4da8281d0ae87757c6686821c71/execute/sync - {"script":"<script> [92 bytes]","args":[]}
RESULT: {"script":"<script> [92 bytes]","args":[]}
COMMAND: POST /session/c560a4da8281d0ae87757c6686821c71/actions - {"actions":[{"id":"action77","type":"wheel","parameters":{},"actions":[{"type":"scroll","x":-1888,"y":-32,"deltaX":0,"deltaY":0,"duration":0,"origin":{"element-6066-11e4-a52e-4f735466cecf":"f.437C3BD069600255C914999B9931D078.d.EB1DEF721AA869E3FB8F76CF67389548.e.25901"}}]}]}
COMMAND: GET /session/c560a4da8281d0ae87757c6686821c71/screenshot - {}
RESULT: {}
COMMAND: POST /session/c560a4da8281d0ae87757c6686821c71/execute/sync - {"script":"<script> [79 bytes]","args":[{"element-6066-11e4-a52e-4f735466cecf":"f.437C3BD069600255C914999B9931D078.d.EB1DEF721AA869E3FB8F76CF67389548.e.25901","ELEMENT":"f.437C3BD069600255C914999B9931D078.d.EB1DEF721AA869E3FB8F76CF67389548.e.25901"},{"block":"start","inline":"nearest"}]}
RESULT: {"script":"<script> [79 bytes]","args":[{"element-6066-11e4-a52e-4f735466cecf":"f.437C3BD069600255C914999B9931D078.d.EB1DEF721AA869E3FB8F76CF67389548.e.25901","ELEMENT":"f.437C3BD069600255C914999B9931D078.d.EB1DEF721AA869E3FB8F76CF67389548.e.25901"},{"block":"start","inline":"nearest"}]}
COMMAND: POST /session/c560a4da8281d0ae87757c6686821c71/execute/async - {"script":"<script> [1562 bytes]","args":[{"selector":{"id":"application-manageresources-display-component---newResourceUnit--btnAddTimeSegment","interaction":{"idSuffix":"inner"}},"wdio_ui5_key":"applicationmanageresources-display-component---newResourceUnit--btnAddTimeSegment"}]}
COMMAND: GET /session/c560a4da8281d0ae87757c6686821c71/screenshot - {}
RESULT: {"script":"<script> [1562 bytes]","args":[{"selector":{"id":"application-manageresources-display-component---newResourceUnit--btnAddTimeSegment","interaction":{"idSuffix":"inner"}},"wdio_ui5_key":"applicationmanageresources-display-component---newResourceUnit--btnAddTimeSegment"}]}
RESULT: undefined
COMMAND: POST /session/c560a4da8281d0ae87757c6686821c71/element - {"using":"xpath","value":"//*[@id=\"application-manageresources-display-component---newResourceUnit--btnAddTimeSegment\"]"}
RESULT: {}
RESULT: {"using":"xpath","value":"//*[@id=\"application-manageresources-display-component---newResourceUnit--btnAddTimeSegment\"]"}
COMMAND: POST /session/c560a4da8281d0ae87757c6686821c71/element/f.437C3BD069600255C914999B9931D078.d.EB1DEF721AA869E3FB8F76CF67389548.e.25901/click - {}
RESULT: {}
COMMAND: GET /session/c560a4da8281d0ae87757c6686821c71/screenshot - {}
RESULT: {}
COMMAND: POST /session/c560a4da8281d0ae87757c6686821c71/element - {"using":"xpath","value":"//input[@id=\"application-manageresources-display-component---newResourceUnit--idRuTSAdmin-application-manageresources-display-component---newResourceUnit--RUTimeSegment-0-inner\"]"}
RESULT: {"using":"xpath","value":"//input[@id=\"application-manageresources-display-component---newResourceUnit--idRuTSAdmin-application-manageresources-display-component---newResourceUnit--RUTimeSegment-0-inner\"]"}
COMMAND: POST /session/c560a4da8281d0ae87757c6686821c71/element/f.437C3BD069600255C914999B9931D078.d.EB1DEF721AA869E3FB8F76CF67389548.e.25906/clear - {}
RESULT: {}
COMMAND: POST /session/c560a4da8281d0ae87757c6686821c71/element/f.437C3BD069600255C914999B9931D078.d.EB1DEF721AA869E3FB8F76CF67389548.e.25906/value - {"text":"263"}
COMMAND: GET /session/c560a4da8281d0ae87757c6686821c71/screenshot - {}
RESULT: {"text":"263"}
COMMAND: GET /session/c560a4da8281d0ae87757c6686821c71/screenshot - {}
RESULT: {}
RESULT: {}
COMMAND: POST /session/c560a4da8281d0ae87757c6686821c71/element - {"using":"xpath","value":"//li[.//span[text()='263']]"}
RESULT: {"using":"xpath","value":"//li[.//span[text()='263']]"}
COMMAND: POST /session/c560a4da8281d0ae87757c6686821c71/element/f.437C3BD069600255C914999B9931D078.d.EB1DEF721AA869E3FB8F76CF67389548.e.25915/click - {}
RESULT: {}
COMMAND: GET /session/c560a4da8281d0ae87757c6686821c71/screenshot - {}
RESULT: {}
COMMAND: POST /session/c560a4da8281d0ae87757c6686821c71/element - {"using":"xpath","value":"(//span[contains(@id, \"-application-manageresources-display-component---newResourceUnit--RUTimeSegment-0-arrow\")])[2]"}
RESULT: {"using":"xpath","value":"(//span[contains(@id, \"-application-manageresources-display-component---newResourceUnit--RUTimeSegment-0-arrow\")])[2]"}
COMMAND: POST /session/c560a4da8281d0ae87757c6686821c71/element/f.437C3BD069600255C914999B9931D078.d.EB1DEF721AA869E3FB8F76CF67389548.e.25916/click - {}
RESULT: {}
COMMAND: POST /session/c560a4da8281d0ae87757c6686821c71/element - {"using":"xpath","value":"//span[contains(text(), \"PM Order\")]"}
COMMAND: GET /session/c560a4da8281d0ae87757c6686821c71/screenshot - {}
RESULT: {"using":"xpath","value":"//span[contains(text(), \"PM Order\")]"}
COMMAND: POST /session/c560a4da8281d0ae87757c6686821c71/element/f.437C3BD069600255C914999B9931D078.d.EB1DEF721AA869E3FB8F76CF67389548.e.25917/click - {}
RESULT: {}
RESULT: {}
COMMAND: GET /session/c560a4da8281d0ae87757c6686821c71/screenshot - {}
RESULT: {}
COMMAND: POST /session/c560a4da8281d0ae87757c6686821c71/element - {"using":"xpath","value":"//td/div/div/div/span[contains(@id, \"newResourceUnit--RUTimeSegment-0-vhi\")][1]"}
RESULT: {"using":"xpath","value":"//td/div/div/div/span[contains(@id, \"newResourceUnit--RUTimeSegment-0-vhi\")][1]"}
COMMAND: GET /session/c560a4da8281d0ae87757c6686821c71/element/f.437C3BD069600255C914999B9931D078.d.EB1DEF721AA869E3FB8F76CF67389548.e.25921/rect - {}
RESULT: {}
COMMAND: GET /session/c560a4da8281d0ae87757c6686821c71/window/rect - {}
RESULT: {}
COMMAND: POST /session/c560a4da8281d0ae87757c6686821c71/execute/sync - {"script":"<script> [92 bytes]","args":[]}
RESULT: {"script":"<script> [92 bytes]","args":[]}
COMMAND: POST /session/c560a4da8281d0ae87757c6686821c71/actions - {"actions":[{"id":"action78","type":"wheel","parameters":{},"actions":[{"type":"scroll","x":-1888,"y":-24,"deltaX":0,"deltaY":0,"duration":0,"origin":{"element-6066-11e4-a52e-4f735466cecf":"f.437C3BD069600255C914999B9931D078.d.EB1DEF721AA869E3FB8F76CF67389548.e.25921"}}]}]}
COMMAND: GET /session/c560a4da8281d0ae87757c6686821c71/screenshot - {}
RESULT: {}
COMMAND: POST /session/c560a4da8281d0ae87757c6686821c71/execute/sync - {"script":"<script> [79 bytes]","args":[{"element-6066-11e4-a52e-4f735466cecf":"f.437C3BD069600255C914999B9931D078.d.EB1DEF721AA869E3FB8F76CF67389548.e.25921","ELEMENT":"f.437C3BD069600255C914999B9931D078.d.EB1DEF721AA869E3FB8F76CF67389548.e.25921"},{"block":"start","inline":"nearest"}]}
RESULT: {"script":"<script> [79 bytes]","args":[{"element-6066-11e4-a52e-4f735466cecf":"f.437C3BD069600255C914999B9931D078.d.EB1DEF721AA869E3FB8F76CF67389548.e.25921","ELEMENT":"f.437C3BD069600255C914999B9931D078.d.EB1DEF721AA869E3FB8F76CF67389548.e.25921"},{"block":"start","inline":"nearest"}]}
COMMAND: GET /session/c560a4da8281d0ae87757c6686821c71/screenshot - {}
RESULT: {}
COMMAND: POST /session/c560a4da8281d0ae87757c6686821c71/element/f.437C3BD069600255C914999B9931D078.d.EB1DEF721AA869E3FB8F76CF67389548.e.25921/click - {}
RESULT: {}
COMMAND: GET /session/c560a4da8281d0ae87757c6686821c71/screenshot - {}
RESULT: {}
COMMAND: POST /session/c560a4da8281d0ae87757c6686821c71/execute/async - {"script":"<script> [1562 bytes]","args":[{"selector":{"controlType":"sap.m.SearchField","properties":{"placeholder":"Search"},"searchOpenDialogs":true,"interaction":{"idSuffix":"I"}},"wdio_ui5_key":"sapm.SearchField{\"placeholder\":\"Search\"}"}]}
RESULT: {"script":"<script> [1562 bytes]","args":[{"selector":{"controlType":"sap.m.SearchField","properties":{"placeholder":"Search"},"searchOpenDialogs":true,"interaction":{"idSuffix":"I"}},"wdio_ui5_key":"sapm.SearchField{\"placeholder\":\"Search\"}"}]}
RESULT: undefined
COMMAND: POST /session/c560a4da8281d0ae87757c6686821c71/execute/async - {"script":"<script> [776 bytes]","args":[{"enterText":"4000360","selector":{"controlType":"sap.m.SearchField","properties":{"placeholder":"Search"},"searchOpenDialogs":true,"interaction":{"idSuffix":"I"}},"clearTextFirst":true,"interactionType":"ENTER_TEXT"}]}
RESULT: {"script":"<script> [776 bytes]","args":[{"enterText":"4000360","selector":{"controlType":"sap.m.SearchField","properties":{"placeholder":"Search"},"searchOpenDialogs":true,"interaction":{"idSuffix":"I"}},"clearTextFirst":true,"interactionType":"ENTER_TEXT"}]}
COMMAND: POST /session/c560a4da8281d0ae87757c6686821c71/actions - {"actions":[{"id":"action79","type":"key","parameters":{},"actions":[{"type":"keyDown","value":""},{"type":"pause","duration":10},{"type":"keyUp","value":""}]}]}
RESULT: {"actions":[{"id":"action79","type":"key","parameters":{},"actions":[{"type":"keyDown","value":""},{"type":"pause","duration":10},{"type":"keyUp","value":""}]}]}
COMMAND: GET /session/c560a4da8281d0ae87757c6686821c71/screenshot - {}
RESULT: {}
COMMAND: POST /session/c560a4da8281d0ae87757c6686821c71/element - {"using":"xpath","value":"//td/div/span[contains(text(), \"BGL Vehicles\")]"}
RESULT: {"using":"xpath","value":"//td/div/span[contains(text(), \"BGL Vehicles\")]"}
COMMAND: POST /session/c560a4da8281d0ae87757c6686821c71/element/f.437C3BD069600255C914999B9931D078.d.EB1DEF721AA869E3FB8F76CF67389548.e.25943/click - {}
RESULT: {}
COMMAND: GET /session/c560a4da8281d0ae87757c6686821c71/screenshot - {}
RESULT: {}
COMMAND: POST /session/c560a4da8281d0ae87757c6686821c71/element - {"using":"xpath","value":"//bdi[contains(text(), \"OK\")]"}
RESULT: {"using":"xpath","value":"//bdi[contains(text(), \"OK\")]"}
COMMAND: POST /session/c560a4da8281d0ae87757c6686821c71/element/f.437C3BD069600255C914999B9931D078.d.EB1DEF721AA869E3FB8F76CF67389548.e.25944/click - {}
RESULT: {}
COMMAND: GET /session/c560a4da8281d0ae87757c6686821c71/screenshot - {}
RESULT: {}
COMMAND: POST /session/c560a4da8281d0ae87757c6686821c71/element - {"using":"xpath","value":"//label[contains(@class, 'sapMLabelRequired') and .//bdi[contains(text(), 'Planned Retirement')]]"}
RESULT: {"using":"xpath","value":"//label[contains(@class, 'sapMLabelRequired') and .//bdi[contains(text(), 'Planned Retirement')]]"}
COMMAND: POST /session/c560a4da8281d0ae87757c6686821c71/elements - {"using":"xpath","value":"//label[contains(@class, 'sapMLabelRequired') and .//bdi[contains(text(), 'Planned Retirement')]]"}
RESULT: {"using":"xpath","value":"//label[contains(@class, 'sapMLabelRequired') and .//bdi[contains(text(), 'Planned Retirement')]]"}
COMMAND: POST /session/c560a4da8281d0ae87757c6686821c71/element - {"using":"xpath","value":"//button[@data-kt=\"resourceUnitSaveButton\"]"}
RESULT: {"using":"xpath","value":"//button[@data-kt=\"resourceUnitSaveButton\"]"}
COMMAND: POST /session/c560a4da8281d0ae87757c6686821c71/element/f.437C3BD069600255C914999B9931D078.d.EB1DEF721AA869E3FB8F76CF67389548.e.25778/click - {}
RESULT: {}
COMMAND: GET /session/c560a4da8281d0ae87757c6686821c71/screenshot - {}
RESULT: {}
COMMAND: POST /session/c560a4da8281d0ae87757c6686821c71/element - {"using":"xpath","value":"//bdi[contains(text(), \"Close\")]"}
RESULT: {"using":"xpath","value":"//bdi[contains(text(), \"Close\")]"}
COMMAND: POST /session/c560a4da8281d0ae87757c6686821c71/element/f.437C3BD069600255C914999B9931D078.d.EB1DEF721AA869E3FB8F76CF67389548.e.25950/click - {}
RESULT: {}
COMMAND: GET /session/c560a4da8281d0ae87757c6686821c71/screenshot - {}
RESULT: {}
COMMAND: POST /session/c560a4da8281d0ae87757c6686821c71/element - {"using":"xpath","value":"//header[contains(@id, 'detailRruPage-headerTitle')]/div[1]/div[2]/div[2]/span[1]"}
RESULT: {"using":"xpath","value":"//header[contains(@id, 'detailRruPage-headerTitle')]/div[1]/div[2]/div[2]/span[1]"}
COMMAND: POST /session/c560a4da8281d0ae87757c6686821c71/elements - {"using":"xpath","value":"//header[contains(@id, 'detailRruPage-headerTitle')]/div[1]/div[2]/div[2]/span[1]"}
RESULT: {"using":"xpath","value":"//header[contains(@id, 'detailRruPage-headerTitle')]/div[1]/div[2]/div[2]/span[1]"}
COMMAND: POST /session/c560a4da8281d0ae87757c6686821c71/execute/sync - {"script":"<script> [56 bytes]","args":[{"element-6066-11e4-a52e-4f735466cecf":"f.437C3BD069600255C914999B9931D078.d.EB1DEF721AA869E3FB8F76CF67389548.e.25984","ELEMENT":"f.437C3BD069600255C914999B9931D078.d.EB1DEF721AA869E3FB8F76CF67389548.e.25984"}]}
RESULT: {"script":"<script> [56 bytes]","args":[{"element-6066-11e4-a52e-4f735466cecf":"f.437C3BD069600255C914999B9931D078.d.EB1DEF721AA869E3FB8F76CF67389548.e.25984","ELEMENT":"f.437C3BD069600255C914999B9931D078.d.EB1DEF721AA869E3FB8F76CF67389548.e.25984"}]}
COMMAND: POST /session/c560a4da8281d0ae87757c6686821c71/element - {"using":"css selector","value":"#shell-header-logo"}
COMMAND: GET /session/c560a4da8281d0ae87757c6686821c71/screenshot - {}
RESULT: {"using":"css selector","value":"#shell-header-logo"}
COMMAND: POST /session/c560a4da8281d0ae87757c6686821c71/element/f.437C3BD069600255C914999B9931D078.d.EB1DEF721AA869E3FB8F76CF67389548.e.25244/click - {}
RESULT: {}
RESULT: {}
COMMAND: GET /session/c560a4da8281d0ae87757c6686821c71/screenshot - {}
RESULT: {}
]]></system-out>
    </testcase>
    <testcase classname="chrome.137_0_7151_69.windows.Create_masterdata_for_Yard_Overview_-_trigger_provide_US130988" name="Bin Status Report Should Create New Organization yard" time="0.007"/>
    <testcase classname="chrome.137_0_7151_69.windows.Create_masterdata_for_Yard_Overview_-_trigger_provide_US130988" name="Create a Warehouse Movement for created yard" time="46.166">
      <system-out><![CDATA[
COMMAND: POST /session/c560a4da8281d0ae87757c6686821c71/execute/async - {"script":"<script> [1562 bytes]","args":[{"selector":{"controlType":"sap.m.GenericTile","properties":{"header":"Manage Warehouse Movements"}},"wdio_ui5_key":"sapm.GenericTile{\"header\":\"Manage Warehouse Movements\"}"}]}
RESULT: {"script":"<script> [1562 bytes]","args":[{"selector":{"controlType":"sap.m.GenericTile","properties":{"header":"Manage Warehouse Movements"}},"wdio_ui5_key":"sapm.GenericTile{\"header\":\"Manage Warehouse Movements\"}"}]}
RESULT: undefined
COMMAND: POST /session/c560a4da8281d0ae87757c6686821c71/element - {"using":"xpath","value":"//*[@id=\"__tile107\"]"}
RESULT: {"using":"xpath","value":"//*[@id=\"__tile107\"]"}
COMMAND: POST /session/c560a4da8281d0ae87757c6686821c71/element/f.437C3BD069600255C914999B9931D078.d.EB1DEF721AA869E3FB8F76CF67389548.e.25988/click - {}
RESULT: {}
COMMAND: POST /session/c560a4da8281d0ae87757c6686821c71/element - {"using":"xpath","value":"//input[@id='application-warehousemovements-display-component---warehouseMovements--smartFilterBar-filterItemControl_BASIC-YARD-inner']"}
COMMAND: GET /session/c560a4da8281d0ae87757c6686821c71/screenshot - {}
RESULT: {"using":"xpath","value":"//input[@id='application-warehousemovements-display-component---warehouseMovements--smartFilterBar-filterItemControl_BASIC-YARD-inner']"}
COMMAND: POST /session/c560a4da8281d0ae87757c6686821c71/elements - {"using":"xpath","value":"//input[@id='application-warehousemovements-display-component---warehouseMovements--smartFilterBar-filterItemControl_BASIC-YARD-inner']"}
RESULT: {}
RESULT: {"using":"xpath","value":"//input[@id='application-warehousemovements-display-component---warehouseMovements--smartFilterBar-filterItemControl_BASIC-YARD-inner']"}
COMMAND: POST /session/c560a4da8281d0ae87757c6686821c71/elements - {"using":"xpath","value":"//input[@id='application-warehousemovements-display-component---warehouseMovements--smartFilterBar-filterItemControl_BASIC-YARD-inner']"}
RESULT: {"using":"xpath","value":"//input[@id='application-warehousemovements-display-component---warehouseMovements--smartFilterBar-filterItemControl_BASIC-YARD-inner']"}
COMMAND: POST /session/c560a4da8281d0ae87757c6686821c71/elements - {"using":"xpath","value":"//input[@id='application-warehousemovements-display-component---warehouseMovements--smartFilterBar-filterItemControl_BASIC-YARD-inner']"}
RESULT: {"using":"xpath","value":"//input[@id='application-warehousemovements-display-component---warehouseMovements--smartFilterBar-filterItemControl_BASIC-YARD-inner']"}
COMMAND: POST /session/c560a4da8281d0ae87757c6686821c71/elements - {"using":"xpath","value":"//input[@id='application-warehousemovements-display-component---warehouseMovements--smartFilterBar-filterItemControl_BASIC-YARD-inner']"}
RESULT: {"using":"xpath","value":"//input[@id='application-warehousemovements-display-component---warehouseMovements--smartFilterBar-filterItemControl_BASIC-YARD-inner']"}
COMMAND: POST /session/c560a4da8281d0ae87757c6686821c71/elements - {"using":"xpath","value":"//input[@id='application-warehousemovements-display-component---warehouseMovements--smartFilterBar-filterItemControl_BASIC-YARD-inner']"}
RESULT: {"using":"xpath","value":"//input[@id='application-warehousemovements-display-component---warehouseMovements--smartFilterBar-filterItemControl_BASIC-YARD-inner']"}
COMMAND: POST /session/c560a4da8281d0ae87757c6686821c71/elements - {"using":"xpath","value":"//input[@id='application-warehousemovements-display-component---warehouseMovements--smartFilterBar-filterItemControl_BASIC-YARD-inner']"}
RESULT: {"using":"xpath","value":"//input[@id='application-warehousemovements-display-component---warehouseMovements--smartFilterBar-filterItemControl_BASIC-YARD-inner']"}
COMMAND: POST /session/c560a4da8281d0ae87757c6686821c71/elements - {"using":"xpath","value":"//input[@id='application-warehousemovements-display-component---warehouseMovements--smartFilterBar-filterItemControl_BASIC-YARD-inner']"}
RESULT: {"using":"xpath","value":"//input[@id='application-warehousemovements-display-component---warehouseMovements--smartFilterBar-filterItemControl_BASIC-YARD-inner']"}
COMMAND: POST /session/c560a4da8281d0ae87757c6686821c71/elements - {"using":"xpath","value":"//input[@id='application-warehousemovements-display-component---warehouseMovements--smartFilterBar-filterItemControl_BASIC-YARD-inner']"}
RESULT: {"using":"xpath","value":"//input[@id='application-warehousemovements-display-component---warehouseMovements--smartFilterBar-filterItemControl_BASIC-YARD-inner']"}
COMMAND: POST /session/c560a4da8281d0ae87757c6686821c71/elements - {"using":"xpath","value":"//input[@id='application-warehousemovements-display-component---warehouseMovements--smartFilterBar-filterItemControl_BASIC-YARD-inner']"}
RESULT: {"using":"xpath","value":"//input[@id='application-warehousemovements-display-component---warehouseMovements--smartFilterBar-filterItemControl_BASIC-YARD-inner']"}
COMMAND: POST /session/c560a4da8281d0ae87757c6686821c71/elements - {"using":"xpath","value":"//input[@id='application-warehousemovements-display-component---warehouseMovements--smartFilterBar-filterItemControl_BASIC-YARD-inner']"}
RESULT: {"using":"xpath","value":"//input[@id='application-warehousemovements-display-component---warehouseMovements--smartFilterBar-filterItemControl_BASIC-YARD-inner']"}
COMMAND: POST /session/c560a4da8281d0ae87757c6686821c71/elements - {"using":"xpath","value":"//input[@id='application-warehousemovements-display-component---warehouseMovements--smartFilterBar-filterItemControl_BASIC-YARD-inner']"}
RESULT: {"using":"xpath","value":"//input[@id='application-warehousemovements-display-component---warehouseMovements--smartFilterBar-filterItemControl_BASIC-YARD-inner']"}
COMMAND: POST /session/c560a4da8281d0ae87757c6686821c71/elements - {"using":"xpath","value":"//input[@id='application-warehousemovements-display-component---warehouseMovements--smartFilterBar-filterItemControl_BASIC-YARD-inner']"}
RESULT: {"using":"xpath","value":"//input[@id='application-warehousemovements-display-component---warehouseMovements--smartFilterBar-filterItemControl_BASIC-YARD-inner']"}
COMMAND: POST /session/c560a4da8281d0ae87757c6686821c71/elements - {"using":"xpath","value":"//input[@id='application-warehousemovements-display-component---warehouseMovements--smartFilterBar-filterItemControl_BASIC-YARD-inner']"}
RESULT: {"using":"xpath","value":"//input[@id='application-warehousemovements-display-component---warehouseMovements--smartFilterBar-filterItemControl_BASIC-YARD-inner']"}
COMMAND: POST /session/c560a4da8281d0ae87757c6686821c71/elements - {"using":"xpath","value":"//input[@id='application-warehousemovements-display-component---warehouseMovements--smartFilterBar-filterItemControl_BASIC-YARD-inner']"}
RESULT: {"using":"xpath","value":"//input[@id='application-warehousemovements-display-component---warehouseMovements--smartFilterBar-filterItemControl_BASIC-YARD-inner']"}
COMMAND: POST /session/c560a4da8281d0ae87757c6686821c71/elements - {"using":"xpath","value":"//input[@id='application-warehousemovements-display-component---warehouseMovements--smartFilterBar-filterItemControl_BASIC-YARD-inner']"}
RESULT: {"using":"xpath","value":"//input[@id='application-warehousemovements-display-component---warehouseMovements--smartFilterBar-filterItemControl_BASIC-YARD-inner']"}
COMMAND: POST /session/c560a4da8281d0ae87757c6686821c71/element - {"using":"xpath","value":"//input[@id='application-warehousemovements-display-component---warehouseMovements--smartFilterBar-filterItemControl_BASIC-YARD-inner']"}
RESULT: {"using":"xpath","value":"//input[@id='application-warehousemovements-display-component---warehouseMovements--smartFilterBar-filterItemControl_BASIC-YARD-inner']"}
COMMAND: POST /session/c560a4da8281d0ae87757c6686821c71/execute/sync - {"script":"<script> [8489 bytes]","args":[{"element-6066-11e4-a52e-4f735466cecf":"f.437C3BD069600255C914999B9931D078.d.EB1DEF721AA869E3FB8F76CF67389548.e.25997","ELEMENT":"f.437C3BD069600255C914999B9931D078.d.EB1DEF721AA869E3FB8F76CF67389548.e.25997"}]}
RESULT: {"script":"<script> [8489 bytes]","args":[{"element-6066-11e4-a52e-4f735466cecf":"f.437C3BD069600255C914999B9931D078.d.EB1DEF721AA869E3FB8F76CF67389548.e.25997","ELEMENT":"f.437C3BD069600255C914999B9931D078.d.EB1DEF721AA869E3FB8F76CF67389548.e.25997"}]}
COMMAND: GET /session/c560a4da8281d0ae87757c6686821c71/element/f.437C3BD069600255C914999B9931D078.d.EB1DEF721AA869E3FB8F76CF67389548.e.25997/enabled - {}
COMMAND: GET /session/c560a4da8281d0ae87757c6686821c71/screenshot - {}
RESULT: {}
COMMAND: POST /session/c560a4da8281d0ae87757c6686821c71/execute/sync - {"script":"<script> [8489 bytes]","args":[{"element-6066-11e4-a52e-4f735466cecf":"f.437C3BD069600255C914999B9931D078.d.EB1DEF721AA869E3FB8F76CF67389548.e.25997","ELEMENT":"f.437C3BD069600255C914999B9931D078.d.EB1DEF721AA869E3FB8F76CF67389548.e.25997"}]}
COMMAND: GET /session/c560a4da8281d0ae87757c6686821c71/screenshot - {}
RESULT: {}
RESULT: {"script":"<script> [8489 bytes]","args":[{"element-6066-11e4-a52e-4f735466cecf":"f.437C3BD069600255C914999B9931D078.d.EB1DEF721AA869E3FB8F76CF67389548.e.25997","ELEMENT":"f.437C3BD069600255C914999B9931D078.d.EB1DEF721AA869E3FB8F76CF67389548.e.25997"}]}
COMMAND: POST /session/c560a4da8281d0ae87757c6686821c71/execute/sync - {"script":"<script> [5351 bytes]","args":[{"element-6066-11e4-a52e-4f735466cecf":"f.437C3BD069600255C914999B9931D078.d.EB1DEF721AA869E3FB8F76CF67389548.e.25997","ELEMENT":"f.437C3BD069600255C914999B9931D078.d.EB1DEF721AA869E3FB8F76CF67389548.e.25997"}]}
COMMAND: GET /session/c560a4da8281d0ae87757c6686821c71/screenshot - {}
RESULT: {}
RESULT: {"script":"<script> [5351 bytes]","args":[{"element-6066-11e4-a52e-4f735466cecf":"f.437C3BD069600255C914999B9931D078.d.EB1DEF721AA869E3FB8F76CF67389548.e.25997","ELEMENT":"f.437C3BD069600255C914999B9931D078.d.EB1DEF721AA869E3FB8F76CF67389548.e.25997"}]}
COMMAND: GET /session/c560a4da8281d0ae87757c6686821c71/screenshot - {}
RESULT: {}
RESULT: {}
COMMAND: POST /session/c560a4da8281d0ae87757c6686821c71/element/f.437C3BD069600255C914999B9931D078.d.EB1DEF721AA869E3FB8F76CF67389548.e.25997/clear - {}
RESULT: {}
COMMAND: POST /session/c560a4da8281d0ae87757c6686821c71/element/f.437C3BD069600255C914999B9931D078.d.EB1DEF721AA869E3FB8F76CF67389548.e.25997/value - {"text":"263"}
COMMAND: GET /session/c560a4da8281d0ae87757c6686821c71/screenshot - {}
RESULT: {"text":"263"}
COMMAND: POST /session/c560a4da8281d0ae87757c6686821c71/actions - {"actions":[{"id":"action80","type":"key","parameters":{},"actions":[{"type":"keyDown","value":""},{"type":"pause","duration":10},{"type":"keyUp","value":""}]}]}
COMMAND: GET /session/c560a4da8281d0ae87757c6686821c71/screenshot - {}
RESULT: {}
RESULT: {"actions":[{"id":"action80","type":"key","parameters":{},"actions":[{"type":"keyDown","value":""},{"type":"pause","duration":10},{"type":"keyUp","value":""}]}]}
COMMAND: GET /session/c560a4da8281d0ae87757c6686821c71/screenshot - {}
RESULT: {}
RESULT: {}
COMMAND: POST /session/c560a4da8281d0ae87757c6686821c71/element - {"using":"xpath","value":"//button[contains(@data-kt, \"MasterMovementAddOverflowToolbarButton\")]"}
RESULT: {"using":"xpath","value":"//button[contains(@data-kt, \"MasterMovementAddOverflowToolbarButton\")]"}
COMMAND: POST /session/c560a4da8281d0ae87757c6686821c71/element/f.437C3BD069600255C914999B9931D078.d.EB1DEF721AA869E3FB8F76CF67389548.e.26035/click - {}
RESULT: {}
COMMAND: GET /session/c560a4da8281d0ae87757c6686821c71/screenshot - {}
RESULT: {}
COMMAND: POST /session/c560a4da8281d0ae87757c6686821c71/element - {"using":"xpath","value":"//*[@id=\"application-warehousemovements-display-component---addMovement--sectionsList-arrow\"]"}
RESULT: {"using":"xpath","value":"//*[@id=\"application-warehousemovements-display-component---addMovement--sectionsList-arrow\"]"}
COMMAND: POST /session/c560a4da8281d0ae87757c6686821c71/element/f.437C3BD069600255C914999B9931D078.d.EB1DEF721AA869E3FB8F76CF67389548.e.26219/click - {}
RESULT: {}
COMMAND: POST /session/c560a4da8281d0ae87757c6686821c71/actions - {"actions":[{"id":"action81","type":"key","parameters":{},"actions":[{"type":"keyDown","value":""},{"type":"pause","duration":10},{"type":"keyUp","value":""}]}]}
COMMAND: GET /session/c560a4da8281d0ae87757c6686821c71/screenshot - {}
RESULT: {"actions":[{"id":"action81","type":"key","parameters":{},"actions":[{"type":"keyDown","value":""},{"type":"pause","duration":10},{"type":"keyUp","value":""}]}]}
COMMAND: GET /session/c560a4da8281d0ae87757c6686821c71/screenshot - {}
RESULT: {}
RESULT: {}
COMMAND: POST /session/c560a4da8281d0ae87757c6686821c71/actions - {"actions":[{"id":"action82","type":"key","parameters":{},"actions":[{"type":"keyDown","value":""},{"type":"pause","duration":10},{"type":"keyUp","value":""}]}]}
RESULT: {"actions":[{"id":"action82","type":"key","parameters":{},"actions":[{"type":"keyDown","value":""},{"type":"pause","duration":10},{"type":"keyUp","value":""}]}]}
COMMAND: GET /session/c560a4da8281d0ae87757c6686821c71/screenshot - {}
RESULT: {}
COMMAND: POST /session/c560a4da8281d0ae87757c6686821c71/element - {"using":"xpath","value":"//*[@id=\"application-warehousemovements-display-component---addMovement--saveMovementBtn-BDI-content\" and text()=\"Save\"]"}
RESULT: {"using":"xpath","value":"//*[@id=\"application-warehousemovements-display-component---addMovement--saveMovementBtn-BDI-content\" and text()=\"Save\"]"}
COMMAND: POST /session/c560a4da8281d0ae87757c6686821c71/element/f.437C3BD069600255C914999B9931D078.d.EB1DEF721AA869E3FB8F76CF67389548.e.26220/click - {}
RESULT: {}
COMMAND: GET /session/c560a4da8281d0ae87757c6686821c71/screenshot - {}
RESULT: {}
COMMAND: POST /session/c560a4da8281d0ae87757c6686821c71/element - {"using":"css selector","value":"#shell-header-logo"}
RESULT: {"using":"css selector","value":"#shell-header-logo"}
COMMAND: POST /session/c560a4da8281d0ae87757c6686821c71/element/f.437C3BD069600255C914999B9931D078.d.EB1DEF721AA869E3FB8F76CF67389548.e.25992/click - {}
RESULT: {}
COMMAND: GET /session/c560a4da8281d0ae87757c6686821c71/screenshot - {}
RESULT: {}
]]></system-out>
    </testcase>
    <testcase classname="chrome.137_0_7151_69.windows.Create_masterdata_for_Yard_Overview_-_trigger_provide_US130988" name="Should do a stock increase handover for equipment" time="97.659">
      <system-out><![CDATA[
COMMAND: POST /session/c560a4da8281d0ae87757c6686821c71/execute/async - {"script":"<script> [1562 bytes]","args":[{"selector":{"controlType":"sap.m.GenericTile","properties":{"header":"Manage Handovers"}},"wdio_ui5_key":"sapm.GenericTile{\"header\":\"Manage Handovers\"}"}]}
RESULT: {"script":"<script> [1562 bytes]","args":[{"selector":{"controlType":"sap.m.GenericTile","properties":{"header":"Manage Handovers"}},"wdio_ui5_key":"sapm.GenericTile{\"header\":\"Manage Handovers\"}"}]}
RESULT: undefined
COMMAND: POST /session/c560a4da8281d0ae87757c6686821c71/element - {"using":"xpath","value":"//*[@id=\"__tile135\"]"}
RESULT: {"using":"xpath","value":"//*[@id=\"__tile135\"]"}
COMMAND: POST /session/c560a4da8281d0ae87757c6686821c71/element/f.437C3BD069600255C914999B9931D078.d.EB1DEF721AA869E3FB8F76CF67389548.e.25288/click - {}
RESULT: {}
COMMAND: GET /session/c560a4da8281d0ae87757c6686821c71/screenshot - {}
RESULT: {}
COMMAND: POST /session/c560a4da8281d0ae87757c6686821c71/elements - {"using":"xpath","value":"//span[text()='Error']"}
RESULT: {"using":"xpath","value":"//span[text()='Error']"}
COMMAND: POST /session/c560a4da8281d0ae87757c6686821c71/element - {"using":"xpath","value":"//button[@data-kt=\"masterHOAddButton\"]"}
RESULT: {"using":"xpath","value":"//button[@data-kt=\"masterHOAddButton\"]"}
COMMAND: POST /session/c560a4da8281d0ae87757c6686821c71/elements - {"using":"xpath","value":"//button[@data-kt=\"masterHOAddButton\"]"}
RESULT: {"using":"xpath","value":"//button[@data-kt=\"masterHOAddButton\"]"}
COMMAND: POST /session/c560a4da8281d0ae87757c6686821c71/execute/sync - {"script":"<script> [8489 bytes]","args":[{"element-6066-11e4-a52e-4f735466cecf":"f.437C3BD069600255C914999B9931D078.d.EB1DEF721AA869E3FB8F76CF67389548.e.26264","ELEMENT":"f.437C3BD069600255C914999B9931D078.d.EB1DEF721AA869E3FB8F76CF67389548.e.26264"}]}
RESULT: {"script":"<script> [8489 bytes]","args":[{"element-6066-11e4-a52e-4f735466cecf":"f.437C3BD069600255C914999B9931D078.d.EB1DEF721AA869E3FB8F76CF67389548.e.26264","ELEMENT":"f.437C3BD069600255C914999B9931D078.d.EB1DEF721AA869E3FB8F76CF67389548.e.26264"}]}
COMMAND: GET /session/c560a4da8281d0ae87757c6686821c71/element/f.437C3BD069600255C914999B9931D078.d.EB1DEF721AA869E3FB8F76CF67389548.e.26264/enabled - {}
COMMAND: GET /session/c560a4da8281d0ae87757c6686821c71/screenshot - {}
RESULT: {}
COMMAND: POST /session/c560a4da8281d0ae87757c6686821c71/execute/sync - {"script":"<script> [8489 bytes]","args":[{"element-6066-11e4-a52e-4f735466cecf":"f.437C3BD069600255C914999B9931D078.d.EB1DEF721AA869E3FB8F76CF67389548.e.26264","ELEMENT":"f.437C3BD069600255C914999B9931D078.d.EB1DEF721AA869E3FB8F76CF67389548.e.26264"}]}
COMMAND: GET /session/c560a4da8281d0ae87757c6686821c71/screenshot - {}
RESULT: {}
RESULT: {"script":"<script> [8489 bytes]","args":[{"element-6066-11e4-a52e-4f735466cecf":"f.437C3BD069600255C914999B9931D078.d.EB1DEF721AA869E3FB8F76CF67389548.e.26264","ELEMENT":"f.437C3BD069600255C914999B9931D078.d.EB1DEF721AA869E3FB8F76CF67389548.e.26264"}]}
COMMAND: POST /session/c560a4da8281d0ae87757c6686821c71/execute/sync - {"script":"<script> [5351 bytes]","args":[{"element-6066-11e4-a52e-4f735466cecf":"f.437C3BD069600255C914999B9931D078.d.EB1DEF721AA869E3FB8F76CF67389548.e.26264","ELEMENT":"f.437C3BD069600255C914999B9931D078.d.EB1DEF721AA869E3FB8F76CF67389548.e.26264"}]}
COMMAND: GET /session/c560a4da8281d0ae87757c6686821c71/screenshot - {}
RESULT: {}
RESULT: {"script":"<script> [5351 bytes]","args":[{"element-6066-11e4-a52e-4f735466cecf":"f.437C3BD069600255C914999B9931D078.d.EB1DEF721AA869E3FB8F76CF67389548.e.26264","ELEMENT":"f.437C3BD069600255C914999B9931D078.d.EB1DEF721AA869E3FB8F76CF67389548.e.26264"}]}
COMMAND: POST /session/c560a4da8281d0ae87757c6686821c71/element/f.437C3BD069600255C914999B9931D078.d.EB1DEF721AA869E3FB8F76CF67389548.e.26264/click - {}
COMMAND: GET /session/c560a4da8281d0ae87757c6686821c71/screenshot - {}
RESULT: {}
RESULT: {}
COMMAND: GET /session/c560a4da8281d0ae87757c6686821c71/screenshot - {}
RESULT: {}
RESULT: {}
COMMAND: POST /session/c560a4da8281d0ae87757c6686821c71/element - {"using":"xpath","value":"//span[contains(@id ,\"AddNewHO--typeSelect-arrow\")]"}
RESULT: {"using":"xpath","value":"//span[contains(@id ,\"AddNewHO--typeSelect-arrow\")]"}
COMMAND: POST /session/c560a4da8281d0ae87757c6686821c71/element/f.437C3BD069600255C914999B9931D078.d.EB1DEF721AA869E3FB8F76CF67389548.e.26614/click - {}
RESULT: {}
COMMAND: GET /session/c560a4da8281d0ae87757c6686821c71/screenshot - {}
RESULT: {}
COMMAND: POST /session/c560a4da8281d0ae87757c6686821c71/element - {"using":"xpath","value":"(//li[contains(text(), \"stock increase yard\")])[1]"}
RESULT: {"using":"xpath","value":"(//li[contains(text(), \"stock increase yard\")])[1]"}
COMMAND: POST /session/c560a4da8281d0ae87757c6686821c71/element/f.437C3BD069600255C914999B9931D078.d.EB1DEF721AA869E3FB8F76CF67389548.e.26615/click - {}
RESULT: {}
COMMAND: GET /session/c560a4da8281d0ae87757c6686821c71/screenshot - {}
RESULT: {}
COMMAND: POST /session/c560a4da8281d0ae87757c6686821c71/execute/async - {"script":"<script> [1562 bytes]","args":[{"selector":{"id":"application-managehandovers-display-component---AddNewHO--dueDate","interaction":{"idSuffix":"inner"}},"wdio_ui5_key":"applicationmanagehandovers-display-component---AddNewHO--dueDate"}]}
RESULT: {"script":"<script> [1562 bytes]","args":[{"selector":{"id":"application-managehandovers-display-component---AddNewHO--dueDate","interaction":{"idSuffix":"inner"}},"wdio_ui5_key":"applicationmanagehandovers-display-component---AddNewHO--dueDate"}]}
RESULT: undefined
COMMAND: POST /session/c560a4da8281d0ae87757c6686821c71/execute/async - {"script":"<script> [6424 bytes]","args":[{"element-6066-11e4-a52e-4f735466cecf":"f.437C3BD069600255C914999B9931D078.d.EB1DEF721AA869E3FB8F76CF67389548.e.26619"},"setValue",["6/14/25"]]}
RESULT: {"script":"<script> [6424 bytes]","args":[{"element-6066-11e4-a52e-4f735466cecf":"f.437C3BD069600255C914999B9931D078.d.EB1DEF721AA869E3FB8F76CF67389548.e.26619"},"setValue",["6/14/25"]]}
COMMAND: POST /session/c560a4da8281d0ae87757c6686821c71/element - {"using":"xpath","value":"//input[@id=\"generalSectionFrg--receiveYard-inner\"]"}
RESULT: {"using":"xpath","value":"//input[@id=\"generalSectionFrg--receiveYard-inner\"]"}
COMMAND: POST /session/c560a4da8281d0ae87757c6686821c71/element/f.437C3BD069600255C914999B9931D078.d.EB1DEF721AA869E3FB8F76CF67389548.e.26625/clear - {}
RESULT: {}
COMMAND: POST /session/c560a4da8281d0ae87757c6686821c71/element/f.437C3BD069600255C914999B9931D078.d.EB1DEF721AA869E3FB8F76CF67389548.e.26625/value - {"text":"263"}
COMMAND: GET /session/c560a4da8281d0ae87757c6686821c71/screenshot - {}
RESULT: {"text":"263"}
COMMAND: GET /session/c560a4da8281d0ae87757c6686821c71/screenshot - {}
RESULT: {}
RESULT: {}
COMMAND: POST /session/c560a4da8281d0ae87757c6686821c71/element - {"using":"xpath","value":"//li[.//span[contains(normalize-space(.), '263 -')]]"}
RESULT: {"using":"xpath","value":"//li[.//span[contains(normalize-space(.), '263 -')]]"}
COMMAND: POST /session/c560a4da8281d0ae87757c6686821c71/element/f.437C3BD069600255C914999B9931D078.d.EB1DEF721AA869E3FB8F76CF67389548.e.26641/click - {}
RESULT: {}
COMMAND: GET /session/c560a4da8281d0ae87757c6686821c71/screenshot - {}
RESULT: {}
COMMAND: POST /session/c560a4da8281d0ae87757c6686821c71/execute/async - {"script":"<script> [1562 bytes]","args":[{"selector":{"id":"application-managehandovers-display-component---AddNewHO--ObjectPageLayout-anchBar-application-managehandovers-display-component---AddNewHO--section4-anchor","interaction":{"idSuffix":"BDI-content"}},"wdio_ui5_key":"applicationmanagehandovers-display-component---AddNewHO--ObjectPageLayout-anchBar-application-managehandovers-display-component---AddNewHO--section4-anchor"}]}
RESULT: {"script":"<script> [1562 bytes]","args":[{"selector":{"id":"application-managehandovers-display-component---AddNewHO--ObjectPageLayout-anchBar-application-managehandovers-display-component---AddNewHO--section4-anchor","interaction":{"idSuffix":"BDI-content"}},"wdio_ui5_key":"applicationmanagehandovers-display-component---AddNewHO--ObjectPageLayout-anchBar-application-managehandovers-display-component---AddNewHO--section4-anchor"}]}
RESULT: undefined
COMMAND: POST /session/c560a4da8281d0ae87757c6686821c71/element - {"using":"xpath","value":"//*[@id=\"application-managehandovers-display-component---AddNewHO--ObjectPageLayout-anchBar-application-managehandovers-display-component---AddNewHO--section4-anchor\"]"}
RESULT: {"using":"xpath","value":"//*[@id=\"application-managehandovers-display-component---AddNewHO--ObjectPageLayout-anchBar-application-managehandovers-display-component---AddNewHO--section4-anchor\"]"}
COMMAND: POST /session/c560a4da8281d0ae87757c6686821c71/element/f.437C3BD069600255C914999B9931D078.d.EB1DEF721AA869E3FB8F76CF67389548.e.26643/click - {}
RESULT: {}
COMMAND: GET /session/c560a4da8281d0ae87757c6686821c71/screenshot - {}
RESULT: {}
COMMAND: POST /session/c560a4da8281d0ae87757c6686821c71/element - {"using":"xpath","value":"//button[@aria-label=\"Add\"]"}
RESULT: {"using":"xpath","value":"//button[@aria-label=\"Add\"]"}
COMMAND: POST /session/c560a4da8281d0ae87757c6686821c71/element/f.437C3BD069600255C914999B9931D078.d.EB1DEF721AA869E3FB8F76CF67389548.e.26647/click - {}
RESULT: {}
COMMAND: GET /session/c560a4da8281d0ae87757c6686821c71/screenshot - {}
RESULT: {}
COMMAND: POST /session/c560a4da8281d0ae87757c6686821c71/execute/async - {"script":"<script> [1562 bytes]","args":[{"selector":{"id":"application-managehandovers-display-component---AddNewHO--smartFilterBar-btnBasicSearch","searchOpenDialogs":true,"interaction":{"idSuffix":"I"}},"wdio_ui5_key":"applicationmanagehandovers-display-component---AddNewHO--smartFilterBar-btnBasicSearch"}]}
RESULT: {"script":"<script> [1562 bytes]","args":[{"selector":{"id":"application-managehandovers-display-component---AddNewHO--smartFilterBar-btnBasicSearch","searchOpenDialogs":true,"interaction":{"idSuffix":"I"}},"wdio_ui5_key":"applicationmanagehandovers-display-component---AddNewHO--smartFilterBar-btnBasicSearch"}]}
RESULT: undefined
COMMAND: POST /session/c560a4da8281d0ae87757c6686821c71/execute/async - {"script":"<script> [776 bytes]","args":[{"enterText":"200144","selector":{"id":"application-managehandovers-display-component---AddNewHO--smartFilterBar-btnBasicSearch","searchOpenDialogs":true,"interaction":{"idSuffix":"I"}},"clearTextFirst":true,"interactionType":"ENTER_TEXT"}]}
RESULT: {"script":"<script> [776 bytes]","args":[{"enterText":"200144","selector":{"id":"application-managehandovers-display-component---AddNewHO--smartFilterBar-btnBasicSearch","searchOpenDialogs":true,"interaction":{"idSuffix":"I"}},"clearTextFirst":true,"interactionType":"ENTER_TEXT"}]}
COMMAND: POST /session/c560a4da8281d0ae87757c6686821c71/actions - {"actions":[{"id":"action83","type":"key","parameters":{},"actions":[{"type":"keyDown","value":""},{"type":"pause","duration":10},{"type":"keyUp","value":""}]}]}
RESULT: {"actions":[{"id":"action83","type":"key","parameters":{},"actions":[{"type":"keyDown","value":""},{"type":"pause","duration":10},{"type":"keyUp","value":""}]}]}
COMMAND: GET /session/c560a4da8281d0ae87757c6686821c71/screenshot - {}
RESULT: {}
COMMAND: POST /session/c560a4da8281d0ae87757c6686821c71/execute/async - {"script":"<script> [1562 bytes]","args":[{"selector":{"id":"application-managehandovers-display-component---AddNewHO--popup-sa","searchOpenDialogs":true,"interaction":{"idSuffix":"CbBg"}},"wdio_ui5_key":"applicationmanagehandovers-display-component---AddNewHO--popup-sa"}]}
RESULT: {"script":"<script> [1562 bytes]","args":[{"selector":{"id":"application-managehandovers-display-component---AddNewHO--popup-sa","searchOpenDialogs":true,"interaction":{"idSuffix":"CbBg"}},"wdio_ui5_key":"applicationmanagehandovers-display-component---AddNewHO--popup-sa"}]}
RESULT: undefined
COMMAND: POST /session/c560a4da8281d0ae87757c6686821c71/element - {"using":"xpath","value":"//*[@id=\"application-managehandovers-display-component---AddNewHO--popup-sa\"]"}
RESULT: {"using":"xpath","value":"//*[@id=\"application-managehandovers-display-component---AddNewHO--popup-sa\"]"}
COMMAND: POST /session/c560a4da8281d0ae87757c6686821c71/element/f.437C3BD069600255C914999B9931D078.d.EB1DEF721AA869E3FB8F76CF67389548.e.26800/click - {}
RESULT: {}
COMMAND: GET /session/c560a4da8281d0ae87757c6686821c71/screenshot - {}
RESULT: {}
COMMAND: POST /session/c560a4da8281d0ae87757c6686821c71/element - {"using":"xpath","value":"//bdi[contains(text(), \"Select\")]"}
RESULT: {"using":"xpath","value":"//bdi[contains(text(), \"Select\")]"}
COMMAND: POST /session/c560a4da8281d0ae87757c6686821c71/element/f.437C3BD069600255C914999B9931D078.d.EB1DEF721AA869E3FB8F76CF67389548.e.26801/click - {}
RESULT: {}
COMMAND: GET /session/c560a4da8281d0ae87757c6686821c71/screenshot - {}
RESULT: {}
COMMAND: POST /session/c560a4da8281d0ae87757c6686821c71/element - {"using":"xpath","value":"//button[@data-kt=\"AddNewHOSaveButton\"]"}
RESULT: {"using":"xpath","value":"//button[@data-kt=\"AddNewHOSaveButton\"]"}
COMMAND: POST /session/c560a4da8281d0ae87757c6686821c71/element/f.437C3BD069600255C914999B9931D078.d.EB1DEF721AA869E3FB8F76CF67389548.e.26805/click - {}
RESULT: {}
COMMAND: GET /session/c560a4da8281d0ae87757c6686821c71/screenshot - {}
RESULT: {}
COMMAND: POST /session/c560a4da8281d0ae87757c6686821c71/execute/async - {"script":"<script> [1562 bytes]","args":[{"selector":{"id":"receiptDatePicker","viewName":"etm.portal.ui.managehandovers.view.DetailExecuteHO","interaction":{"idSuffix":"inner"}},"wdio_ui5_key":"receiptDatePickeretmportal.ui.managehandovers.view.DetailExecuteHO"}]}
RESULT: {"script":"<script> [1562 bytes]","args":[{"selector":{"id":"receiptDatePicker","viewName":"etm.portal.ui.managehandovers.view.DetailExecuteHO","interaction":{"idSuffix":"inner"}},"wdio_ui5_key":"receiptDatePickeretmportal.ui.managehandovers.view.DetailExecuteHO"}]}
RESULT: undefined
COMMAND: POST /session/c560a4da8281d0ae87757c6686821c71/execute/async - {"script":"<script> [6424 bytes]","args":[{"element-6066-11e4-a52e-4f735466cecf":"f.437C3BD069600255C914999B9931D078.d.EB1DEF721AA869E3FB8F76CF67389548.e.26829"},"setValue",["6/14/25"]]}
RESULT: {"script":"<script> [6424 bytes]","args":[{"element-6066-11e4-a52e-4f735466cecf":"f.437C3BD069600255C914999B9931D078.d.EB1DEF721AA869E3FB8F76CF67389548.e.26829"},"setValue",["6/14/25"]]}
COMMAND: POST /session/c560a4da8281d0ae87757c6686821c71/element - {"using":"xpath","value":"//button[@data-kt=\"ReceivingTableConfirmAllButton\"]"}
RESULT: {"using":"xpath","value":"//button[@data-kt=\"ReceivingTableConfirmAllButton\"]"}
COMMAND: POST /session/c560a4da8281d0ae87757c6686821c71/element/f.437C3BD069600255C914999B9931D078.d.EB1DEF721AA869E3FB8F76CF67389548.e.26849/click - {}
RESULT: {}
COMMAND: GET /session/c560a4da8281d0ae87757c6686821c71/screenshot - {}
RESULT: {}
COMMAND: POST /session/c560a4da8281d0ae87757c6686821c71/element - {"using":"xpath","value":"//bdi[contains(text(), \"OK\")]"}
RESULT: {"using":"xpath","value":"//bdi[contains(text(), \"OK\")]"}
COMMAND: POST /session/c560a4da8281d0ae87757c6686821c71/element/f.437C3BD069600255C914999B9931D078.d.EB1DEF721AA869E3FB8F76CF67389548.e.26851/click - {}
RESULT: {}
COMMAND: GET /session/c560a4da8281d0ae87757c6686821c71/screenshot - {}
RESULT: {}
COMMAND: POST /session/c560a4da8281d0ae87757c6686821c71/element - {"using":"xpath","value":"(//bdi[contains(text(), \"Receive\")])[2]"}
RESULT: {"using":"xpath","value":"(//bdi[contains(text(), \"Receive\")])[2]"}
COMMAND: POST /session/c560a4da8281d0ae87757c6686821c71/element/f.437C3BD069600255C914999B9931D078.d.EB1DEF721AA869E3FB8F76CF67389548.e.26853/click - {}
RESULT: {}
COMMAND: GET /session/c560a4da8281d0ae87757c6686821c71/screenshot - {}
RESULT: {}
COMMAND: POST /session/c560a4da8281d0ae87757c6686821c71/element - {"using":"css selector","value":"#shell-header-logo"}
RESULT: {"using":"css selector","value":"#shell-header-logo"}
COMMAND: POST /session/c560a4da8281d0ae87757c6686821c71/element/f.437C3BD069600255C914999B9931D078.d.EB1DEF721AA869E3FB8F76CF67389548.e.26227/click - {}
RESULT: {}
COMMAND: GET /session/c560a4da8281d0ae87757c6686821c71/screenshot - {}
RESULT: {}
]]></system-out>
    </testcase>
    <testcase classname="chrome.137_0_7151_69.windows.Create_masterdata_for_Yard_Overview_-_trigger_provide_US130988" name="Set status to defect" time="58.618">
      <system-out><![CDATA[
COMMAND: POST /session/c560a4da8281d0ae87757c6686821c71/execute/async - {"script":"<script> [1562 bytes]","args":[{"selector":{"controlType":"sap.m.GenericTile","properties":{"header":"Manage States & Performance"}},"wdio_ui5_key":"sapm.GenericTile{\"header\":\"Manage States & Performance\"}"}]}
RESULT: {"script":"<script> [1562 bytes]","args":[{"selector":{"controlType":"sap.m.GenericTile","properties":{"header":"Manage States & Performance"}},"wdio_ui5_key":"sapm.GenericTile{\"header\":\"Manage States & Performance\"}"}]}
RESULT: undefined
COMMAND: POST /session/c560a4da8281d0ae87757c6686821c71/element - {"using":"xpath","value":"//*[@id=\"__tile98\"]"}
RESULT: {"using":"xpath","value":"//*[@id=\"__tile98\"]"}
COMMAND: POST /session/c560a4da8281d0ae87757c6686821c71/element/f.437C3BD069600255C914999B9931D078.d.EB1DEF721AA869E3FB8F76CF67389548.e.25335/click - {}
RESULT: {}
COMMAND: GET /session/c560a4da8281d0ae87757c6686821c71/screenshot - {}
RESULT: {}
COMMAND: POST /session/c560a4da8281d0ae87757c6686821c71/elements - {"using":"xpath","value":"//span[text()='Error']"}
RESULT: {"using":"xpath","value":"//span[text()='Error']"}
COMMAND: POST /session/c560a4da8281d0ae87757c6686821c71/execute/async - {"script":"<script> [1562 bytes]","args":[{"selector":{"controlType":"sap.ui.core.Icon","viewName":"etm.portal.ui.managestatesandperformance.view.Master","viewId":"application-managestatesandperformance-display-component---stateAndPerform","properties":{"src":{"regex":{"source":"inventory"}}}},"wdio_ui5_key":"etmportal.ui.managestatesandperformance.view.Mastersap.ui.core.Icon{\"src\":{\"regex\":{\"source\":\"inventory\"}}}"}]}
RESULT: {"script":"<script> [1562 bytes]","args":[{"selector":{"controlType":"sap.ui.core.Icon","viewName":"etm.portal.ui.managestatesandperformance.view.Master","viewId":"application-managestatesandperformance-display-component---stateAndPerform","properties":{"src":{"regex":{"source":"inventory"}}}},"wdio_ui5_key":"etmportal.ui.managestatesandperformance.view.Mastersap.ui.core.Icon{\"src\":{\"regex\":{\"source\":\"inventory\"}}}"}]}
RESULT: undefined
COMMAND: POST /session/c560a4da8281d0ae87757c6686821c71/element - {"using":"xpath","value":"//*[@id=\"__filter43-icon\"]"}
RESULT: {"using":"xpath","value":"//*[@id=\"__filter43-icon\"]"}
COMMAND: POST /session/c560a4da8281d0ae87757c6686821c71/element/f.437C3BD069600255C914999B9931D078.d.EB1DEF721AA869E3FB8F76CF67389548.e.27208/click - {}
RESULT: {}
COMMAND: POST /session/c560a4da8281d0ae87757c6686821c71/execute/async - {"script":"<script> [1562 bytes]","args":[{"selector":{"id":"application-managestatesandperformance-display-component---stateAndPerform--smartFilterBarYard-btnBasicSearch","interaction":{"idSuffix":"I"}},"wdio_ui5_key":"applicationmanagestatesandperformance-display-component---stateAndPerform--smartFilterBarYard-btnBasicSearch"}]}
COMMAND: GET /session/c560a4da8281d0ae87757c6686821c71/screenshot - {}
RESULT: {"script":"<script> [1562 bytes]","args":[{"selector":{"id":"application-managestatesandperformance-display-component---stateAndPerform--smartFilterBarYard-btnBasicSearch","interaction":{"idSuffix":"I"}},"wdio_ui5_key":"applicationmanagestatesandperformance-display-component---stateAndPerform--smartFilterBarYard-btnBasicSearch"}]}
RESULT: undefined
COMMAND: POST /session/c560a4da8281d0ae87757c6686821c71/execute/async - {"script":"<script> [776 bytes]","args":[{"enterText":"200144","selector":{"id":"application-managestatesandperformance-display-component---stateAndPerform--smartFilterBarYard-btnBasicSearch","interaction":{"idSuffix":"I"}},"clearTextFirst":true,"interactionType":"ENTER_TEXT"}]}
RESULT: {}
RESULT: {"script":"<script> [776 bytes]","args":[{"enterText":"200144","selector":{"id":"application-managestatesandperformance-display-component---stateAndPerform--smartFilterBarYard-btnBasicSearch","interaction":{"idSuffix":"I"}},"clearTextFirst":true,"interactionType":"ENTER_TEXT"}]}
COMMAND: POST /session/c560a4da8281d0ae87757c6686821c71/actions - {"actions":[{"id":"action84","type":"key","parameters":{},"actions":[{"type":"keyDown","value":""},{"type":"pause","duration":10},{"type":"keyUp","value":""}]}]}
RESULT: {"actions":[{"id":"action84","type":"key","parameters":{},"actions":[{"type":"keyDown","value":""},{"type":"pause","duration":10},{"type":"keyUp","value":""}]}]}
COMMAND: GET /session/c560a4da8281d0ae87757c6686821c71/screenshot - {}
RESULT: {}
COMMAND: POST /session/c560a4da8281d0ae87757c6686821c71/element - {"using":"xpath","value":"(//span[contains(@id, \"imgNav\")])[1]"}
RESULT: {"using":"xpath","value":"(//span[contains(@id, \"imgNav\")])[1]"}
COMMAND: POST /session/c560a4da8281d0ae87757c6686821c71/element/f.437C3BD069600255C914999B9931D078.d.EB1DEF721AA869E3FB8F76CF67389548.e.27288/click - {}
RESULT: {}
COMMAND: GET /session/c560a4da8281d0ae87757c6686821c71/screenshot - {}
RESULT: {}
COMMAND: POST /session/c560a4da8281d0ae87757c6686821c71/execute/async - {"script":"<script> [1562 bytes]","args":[{"selector":{"controlType":"sap.m.Button","viewName":"etm.portal.ui.managestatesandperformance.view.Detail","viewId":"application-managestatesandperformance-display-component---detailStateAndPerform","i18NText":{"propertyName":"text","key":"createStateChange"},"interaction":{"idSuffix":"content"}},"wdio_ui5_key":"etmportal.ui.managestatesandperformance.view.Detailsap.m.Button{\"propertyName\":\"text\",\"key\":\"createStateChange\"}"}]}
RESULT: {"script":"<script> [1562 bytes]","args":[{"selector":{"controlType":"sap.m.Button","viewName":"etm.portal.ui.managestatesandperformance.view.Detail","viewId":"application-managestatesandperformance-display-component---detailStateAndPerform","i18NText":{"propertyName":"text","key":"createStateChange"},"interaction":{"idSuffix":"content"}},"wdio_ui5_key":"etmportal.ui.managestatesandperformance.view.Detailsap.m.Button{\"propertyName\":\"text\",\"key\":\"createStateChange\"}"}]}
RESULT: undefined
COMMAND: POST /session/c560a4da8281d0ae87757c6686821c71/element - {"using":"xpath","value":"//*[@id=\"__button167\"]"}
RESULT: {"using":"xpath","value":"//*[@id=\"__button167\"]"}
COMMAND: POST /session/c560a4da8281d0ae87757c6686821c71/element/f.437C3BD069600255C914999B9931D078.d.EB1DEF721AA869E3FB8F76CF67389548.e.27329/click - {}
RESULT: {}
COMMAND: GET /session/c560a4da8281d0ae87757c6686821c71/screenshot - {}
RESULT: {}
COMMAND: POST /session/c560a4da8281d0ae87757c6686821c71/execute/async - {"script":"<script> [1562 bytes]","args":[{"selector":{"id":"addStateDialog--stateSelect","searchOpenDialogs":true,"interaction":{"idSuffix":"arrow"}},"wdio_ui5_key":"addStateDialogstateSelect"}]}
RESULT: {"script":"<script> [1562 bytes]","args":[{"selector":{"id":"addStateDialog--stateSelect","searchOpenDialogs":true,"interaction":{"idSuffix":"arrow"}},"wdio_ui5_key":"addStateDialogstateSelect"}]}
RESULT: undefined
COMMAND: POST /session/c560a4da8281d0ae87757c6686821c71/element - {"using":"xpath","value":"//*[@id=\"addStateDialog--stateSelect\"]"}
RESULT: {"using":"xpath","value":"//*[@id=\"addStateDialog--stateSelect\"]"}
COMMAND: POST /session/c560a4da8281d0ae87757c6686821c71/element/f.437C3BD069600255C914999B9931D078.d.EB1DEF721AA869E3FB8F76CF67389548.e.27354/click - {}
RESULT: {}
COMMAND: GET /session/c560a4da8281d0ae87757c6686821c71/screenshot - {}
RESULT: {}
COMMAND: POST /session/c560a4da8281d0ae87757c6686821c71/element - {"using":"xpath","value":"//li[text()=\"defect\"]"}
RESULT: {"using":"xpath","value":"//li[text()=\"defect\"]"}
COMMAND: POST /session/c560a4da8281d0ae87757c6686821c71/element/f.437C3BD069600255C914999B9931D078.d.EB1DEF721AA869E3FB8F76CF67389548.e.27357/click - {}
RESULT: {}
COMMAND: GET /session/c560a4da8281d0ae87757c6686821c71/screenshot - {}
RESULT: {}
COMMAND: POST /session/c560a4da8281d0ae87757c6686821c71/element - {"using":"xpath","value":"//span[contains(@id,\"incrementBtn\")]"}
RESULT: {"using":"xpath","value":"//span[contains(@id,\"incrementBtn\")]"}
COMMAND: POST /session/c560a4da8281d0ae87757c6686821c71/element/f.437C3BD069600255C914999B9931D078.d.EB1DEF721AA869E3FB8F76CF67389548.e.27358/click - {}
RESULT: {}
COMMAND: GET /session/c560a4da8281d0ae87757c6686821c71/screenshot - {}
RESULT: {}
COMMAND: POST /session/c560a4da8281d0ae87757c6686821c71/element - {"using":"xpath","value":"//button[@data-kt=\"confirmAddStateButton\"]"}
RESULT: {"using":"xpath","value":"//button[@data-kt=\"confirmAddStateButton\"]"}
COMMAND: POST /session/c560a4da8281d0ae87757c6686821c71/element/f.437C3BD069600255C914999B9931D078.d.EB1DEF721AA869E3FB8F76CF67389548.e.27359/click - {}
RESULT: {}
COMMAND: GET /session/c560a4da8281d0ae87757c6686821c71/screenshot - {}
RESULT: {}
COMMAND: POST /session/c560a4da8281d0ae87757c6686821c71/element - {"using":"css selector","value":"#shell-header-logo"}
RESULT: {"using":"css selector","value":"#shell-header-logo"}
COMMAND: POST /session/c560a4da8281d0ae87757c6686821c71/element/f.437C3BD069600255C914999B9931D078.d.EB1DEF721AA869E3FB8F76CF67389548.e.27140/click - {}
RESULT: {}
COMMAND: GET /session/c560a4da8281d0ae87757c6686821c71/screenshot - {}
RESULT: {}
]]></system-out>
    </testcase>
    <testcase classname="chrome.137_0_7151_69.windows.Create_masterdata_for_Yard_Overview_-_trigger_provide_US130988" name="Should do a Stock Decrease" time="105.742">
      <system-out><![CDATA[
RESULT: undefined
COMMAND: POST /session/c560a4da8281d0ae87757c6686821c71/element - {"using":"xpath","value":"//*[@id=\"__tile135\"]"}
RESULT: {"using":"xpath","value":"//*[@id=\"__tile135\"]"}
COMMAND: POST /session/c560a4da8281d0ae87757c6686821c71/element/f.437C3BD069600255C914999B9931D078.d.EB1DEF721AA869E3FB8F76CF67389548.e.25288/click - {}
RESULT: {}
COMMAND: GET /session/c560a4da8281d0ae87757c6686821c71/screenshot - {}
RESULT: {}
COMMAND: POST /session/c560a4da8281d0ae87757c6686821c71/elements - {"using":"xpath","value":"//span[text()='Error']"}
RESULT: {"using":"xpath","value":"//span[text()='Error']"}
COMMAND: POST /session/c560a4da8281d0ae87757c6686821c71/element - {"using":"xpath","value":"//button[@data-kt=\"masterHOAddButton\"]"}
RESULT: {"using":"xpath","value":"//button[@data-kt=\"masterHOAddButton\"]"}
COMMAND: POST /session/c560a4da8281d0ae87757c6686821c71/elements - {"using":"xpath","value":"//button[@data-kt=\"masterHOAddButton\"]"}
RESULT: {"using":"xpath","value":"//button[@data-kt=\"masterHOAddButton\"]"}
COMMAND: POST /session/c560a4da8281d0ae87757c6686821c71/execute/sync - {"script":"<script> [8489 bytes]","args":[{"element-6066-11e4-a52e-4f735466cecf":"f.437C3BD069600255C914999B9931D078.d.EB1DEF721AA869E3FB8F76CF67389548.e.27392","ELEMENT":"f.437C3BD069600255C914999B9931D078.d.EB1DEF721AA869E3FB8F76CF67389548.e.27392"}]}
RESULT: {"script":"<script> [8489 bytes]","args":[{"element-6066-11e4-a52e-4f735466cecf":"f.437C3BD069600255C914999B9931D078.d.EB1DEF721AA869E3FB8F76CF67389548.e.27392","ELEMENT":"f.437C3BD069600255C914999B9931D078.d.EB1DEF721AA869E3FB8F76CF67389548.e.27392"}]}
COMMAND: GET /session/c560a4da8281d0ae87757c6686821c71/element/f.437C3BD069600255C914999B9931D078.d.EB1DEF721AA869E3FB8F76CF67389548.e.27392/enabled - {}
COMMAND: GET /session/c560a4da8281d0ae87757c6686821c71/screenshot - {}
RESULT: {}
COMMAND: POST /session/c560a4da8281d0ae87757c6686821c71/execute/sync - {"script":"<script> [8489 bytes]","args":[{"element-6066-11e4-a52e-4f735466cecf":"f.437C3BD069600255C914999B9931D078.d.EB1DEF721AA869E3FB8F76CF67389548.e.27392","ELEMENT":"f.437C3BD069600255C914999B9931D078.d.EB1DEF721AA869E3FB8F76CF67389548.e.27392"}]}
COMMAND: GET /session/c560a4da8281d0ae87757c6686821c71/screenshot - {}
RESULT: {}
RESULT: {"script":"<script> [8489 bytes]","args":[{"element-6066-11e4-a52e-4f735466cecf":"f.437C3BD069600255C914999B9931D078.d.EB1DEF721AA869E3FB8F76CF67389548.e.27392","ELEMENT":"f.437C3BD069600255C914999B9931D078.d.EB1DEF721AA869E3FB8F76CF67389548.e.27392"}]}
COMMAND: POST /session/c560a4da8281d0ae87757c6686821c71/execute/sync - {"script":"<script> [5351 bytes]","args":[{"element-6066-11e4-a52e-4f735466cecf":"f.437C3BD069600255C914999B9931D078.d.EB1DEF721AA869E3FB8F76CF67389548.e.27392","ELEMENT":"f.437C3BD069600255C914999B9931D078.d.EB1DEF721AA869E3FB8F76CF67389548.e.27392"}]}
COMMAND: GET /session/c560a4da8281d0ae87757c6686821c71/screenshot - {}
RESULT: {}
RESULT: {"script":"<script> [5351 bytes]","args":[{"element-6066-11e4-a52e-4f735466cecf":"f.437C3BD069600255C914999B9931D078.d.EB1DEF721AA869E3FB8F76CF67389548.e.27392","ELEMENT":"f.437C3BD069600255C914999B9931D078.d.EB1DEF721AA869E3FB8F76CF67389548.e.27392"}]}
COMMAND: POST /session/c560a4da8281d0ae87757c6686821c71/element/f.437C3BD069600255C914999B9931D078.d.EB1DEF721AA869E3FB8F76CF67389548.e.27392/click - {}
COMMAND: GET /session/c560a4da8281d0ae87757c6686821c71/screenshot - {}
RESULT: {}
RESULT: {}
COMMAND: GET /session/c560a4da8281d0ae87757c6686821c71/screenshot - {}
RESULT: {}
RESULT: {}
COMMAND: POST /session/c560a4da8281d0ae87757c6686821c71/element - {"using":"xpath","value":"//span[contains(@id ,\"AddNewHO--typeSelect-arrow\")]"}
RESULT: {"using":"xpath","value":"//span[contains(@id ,\"AddNewHO--typeSelect-arrow\")]"}
COMMAND: POST /session/c560a4da8281d0ae87757c6686821c71/element/f.437C3BD069600255C914999B9931D078.d.EB1DEF721AA869E3FB8F76CF67389548.e.27815/click - {}
RESULT: {}
COMMAND: GET /session/c560a4da8281d0ae87757c6686821c71/screenshot - {}
RESULT: {}
COMMAND: POST /session/c560a4da8281d0ae87757c6686821c71/element - {"using":"xpath","value":"(//li[contains(text(), \"stock decrease yard\")])[1]"}
RESULT: {"using":"xpath","value":"(//li[contains(text(), \"stock decrease yard\")])[1]"}
COMMAND: POST /session/c560a4da8281d0ae87757c6686821c71/element/f.437C3BD069600255C914999B9931D078.d.EB1DEF721AA869E3FB8F76CF67389548.e.27816/click - {}
RESULT: {}
COMMAND: GET /session/c560a4da8281d0ae87757c6686821c71/screenshot - {}
RESULT: {}
RESULT: undefined
COMMAND: POST /session/c560a4da8281d0ae87757c6686821c71/execute/async - {"script":"<script> [6424 bytes]","args":[{"element-6066-11e4-a52e-4f735466cecf":"f.437C3BD069600255C914999B9931D078.d.EB1DEF721AA869E3FB8F76CF67389548.e.26619"},"setValue",["6/14/25"]]}
COMMAND: POST /session/c560a4da8281d0ae87757c6686821c71/execute/async - {"script":"<script> [1562 bytes]","args":[{"selector":{"id":"application-managehandovers-display-component---AddNewHO--dueDate","interaction":{"idSuffix":"inner"}},"wdio_ui5_key":"applicationmanagehandovers-display-component---AddNewHO--dueDate"}]}
RESULT: {"script":"<script> [1562 bytes]","args":[{"selector":{"id":"application-managehandovers-display-component---AddNewHO--dueDate","interaction":{"idSuffix":"inner"}},"wdio_ui5_key":"applicationmanagehandovers-display-component---AddNewHO--dueDate"}]}
COMMAND: POST /session/c560a4da8281d0ae87757c6686821c71/execute/async - {"script":"<script> [6424 bytes]","args":[{"element-6066-11e4-a52e-4f735466cecf":"f.437C3BD069600255C914999B9931D078.d.EB1DEF721AA869E3FB8F76CF67389548.e.27830"},"setValue",["6/14/25"]]}
RESULT: {"script":"<script> [6424 bytes]","args":[{"element-6066-11e4-a52e-4f735466cecf":"f.437C3BD069600255C914999B9931D078.d.EB1DEF721AA869E3FB8F76CF67389548.e.27830"},"setValue",["6/14/25"]]}
COMMAND: POST /session/c560a4da8281d0ae87757c6686821c71/element - {"using":"xpath","value":"//input[@id=\"generalSectionFrg--sendYard-inner\"]"}
RESULT: {"using":"xpath","value":"//input[@id=\"generalSectionFrg--sendYard-inner\"]"}
COMMAND: POST /session/c560a4da8281d0ae87757c6686821c71/element/f.437C3BD069600255C914999B9931D078.d.EB1DEF721AA869E3FB8F76CF67389548.e.27836/clear - {}
RESULT: {}
COMMAND: POST /session/c560a4da8281d0ae87757c6686821c71/element/f.437C3BD069600255C914999B9931D078.d.EB1DEF721AA869E3FB8F76CF67389548.e.27836/value - {"text":"263"}
COMMAND: GET /session/c560a4da8281d0ae87757c6686821c71/screenshot - {}
RESULT: {"text":"263"}
COMMAND: GET /session/c560a4da8281d0ae87757c6686821c71/screenshot - {}
RESULT: {}
RESULT: {}
COMMAND: POST /session/c560a4da8281d0ae87757c6686821c71/element - {"using":"xpath","value":"//li[.//span[text()='263']]"}
RESULT: {"using":"xpath","value":"//li[.//span[text()='263']]"}
COMMAND: POST /session/c560a4da8281d0ae87757c6686821c71/element/f.437C3BD069600255C914999B9931D078.d.EB1DEF721AA869E3FB8F76CF67389548.e.27853/click - {}
RESULT: {}
COMMAND: GET /session/c560a4da8281d0ae87757c6686821c71/screenshot - {}
RESULT: {}
COMMAND: POST /session/c560a4da8281d0ae87757c6686821c71/execute/async - {"script":"<script> [1562 bytes]","args":[{"selector":{"controlType":"sap.ui.core.Icon","viewName":"etm.portal.ui.managehandovers.view.AddNewHO","viewId":"application-managehandovers-display-component---AddNewHO","properties":{"src":{"regex":{"source":"slim\\-arrow\\-down"}}},"ancestor":{"controlType":"etm.portal.ui.reusables.customControls.LiveSearchComboBox","viewName":"etm.portal.ui.managehandovers.view.AddNewHO","viewId":"application-managehandovers-display-component---AddNewHO","bindingPath":{"path":"","propertyPath":"/FORWARDER","modelName":"hoItemsModel"}}},"wdio_ui5_key":"etmportal.ui.managehandovers.view.AddNewHOsap.ui.core.Icon{\"src\":{\"regex\":{\"source\":\"slim\\\\-arrow\\\\-down\"}}}{\"controlType\":\"etm.portal.ui.reusables.customControls.LiveSearchComboBox\",\"viewName\":\"etm.portal.ui.managehandovers.view.AddNewHO\",\"viewId\":\"application-managehandovers-display-component---AddNewHO\",\"bindingPath\":{\"path\":\"\",\"propertyPath\":\"/FORWARDER\",\"modelName\":\"hoItemsModel\"}}"}]}
RESULT: {"script":"<script> [1562 bytes]","args":[{"selector":{"controlType":"sap.ui.core.Icon","viewName":"etm.portal.ui.managehandovers.view.AddNewHO","viewId":"application-managehandovers-display-component---AddNewHO","properties":{"src":{"regex":{"source":"slim\\-arrow\\-down"}}},"ancestor":{"controlType":"etm.portal.ui.reusables.customControls.LiveSearchComboBox","viewName":"etm.portal.ui.managehandovers.view.AddNewHO","viewId":"application-managehandovers-display-component---AddNewHO","bindingPath":{"path":"","propertyPath":"/FORWARDER","modelName":"hoItemsModel"}}},"wdio_ui5_key":"etmportal.ui.managehandovers.view.AddNewHOsap.ui.core.Icon{\"src\":{\"regex\":{\"source\":\"slim\\\\-arrow\\\\-down\"}}}{\"controlType\":\"etm.portal.ui.reusables.customControls.LiveSearchComboBox\",\"viewName\":\"etm.portal.ui.managehandovers.view.AddNewHO\",\"viewId\":\"application-managehandovers-display-component---AddNewHO\",\"bindingPath\":{\"path\":\"\",\"propertyPath\":\"/FORWARDER\",\"modelName\":\"hoItemsModel\"}}"}]}
RESULT: undefined
COMMAND: POST /session/c560a4da8281d0ae87757c6686821c71/element - {"using":"xpath","value":"//*[@id=\"__box41-arrow\"]"}
RESULT: {"using":"xpath","value":"//*[@id=\"__box41-arrow\"]"}
COMMAND: POST /session/c560a4da8281d0ae87757c6686821c71/element/f.437C3BD069600255C914999B9931D078.d.EB1DEF721AA869E3FB8F76CF67389548.e.27854/click - {}
RESULT: {}
COMMAND: GET /session/c560a4da8281d0ae87757c6686821c71/screenshot - {}
RESULT: {}
COMMAND: POST /session/c560a4da8281d0ae87757c6686821c71/execute/async - {"script":"<script> [1562 bytes]","args":[{"selector":{"controlType":"sap.m.StandardListItem","viewName":"etm.portal.ui.managehandovers.view.AddNewHO","viewId":"application-managehandovers-display-component---AddNewHO","properties":{"title":"1002 - Test "},"searchOpenDialogs":true,"interaction":{"idSuffix":"content"}},"wdio_ui5_key":"etmportal.ui.managehandovers.view.AddNewHOsap.m.StandardListItem{\"title\":\"1002 - Test \"}"}]}
RESULT: {"script":"<script> [1562 bytes]","args":[{"selector":{"controlType":"sap.m.StandardListItem","viewName":"etm.portal.ui.managehandovers.view.AddNewHO","viewId":"application-managehandovers-display-component---AddNewHO","properties":{"title":"1002 - Test "},"searchOpenDialogs":true,"interaction":{"idSuffix":"content"}},"wdio_ui5_key":"etmportal.ui.managehandovers.view.AddNewHOsap.m.StandardListItem{\"title\":\"1002 - Test \"}"}]}
RESULT: undefined
COMMAND: POST /session/c560a4da8281d0ae87757c6686821c71/element - {"using":"xpath","value":"//*[@id=\"__item971\"]"}
RESULT: {"using":"xpath","value":"//*[@id=\"__item971\"]"}
COMMAND: POST /session/c560a4da8281d0ae87757c6686821c71/element/f.437C3BD069600255C914999B9931D078.d.EB1DEF721AA869E3FB8F76CF67389548.e.27857/click - {}
RESULT: {}
COMMAND: GET /session/c560a4da8281d0ae87757c6686821c71/screenshot - {}
RESULT: {}
COMMAND: POST /session/c560a4da8281d0ae87757c6686821c71/execute/async - {"script":"<script> [1562 bytes]","args":[{"selector":{"controlType":"sap.m.Input","viewName":"etm.portal.ui.managehandovers.view.AddNewHO","viewId":"application-managehandovers-display-component---AddNewHO","bindingPath":{"path":"","propertyPath":"/DRIVER","modelName":"hoItemsModel"},"interaction":{"idSuffix":"inner"}},"wdio_ui5_key":"etmportal.ui.managehandovers.view.AddNewHOsap.m.Input{\"path\":\"\",\"propertyPath\":\"/DRIVER\",\"modelName\":\"hoItemsModel\"}"}]}
RESULT: {"script":"<script> [1562 bytes]","args":[{"selector":{"controlType":"sap.m.Input","viewName":"etm.portal.ui.managehandovers.view.AddNewHO","viewId":"application-managehandovers-display-component---AddNewHO","bindingPath":{"path":"","propertyPath":"/DRIVER","modelName":"hoItemsModel"},"interaction":{"idSuffix":"inner"}},"wdio_ui5_key":"etmportal.ui.managehandovers.view.AddNewHOsap.m.Input{\"path\":\"\",\"propertyPath\":\"/DRIVER\",\"modelName\":\"hoItemsModel\"}"}]}
RESULT: undefined
COMMAND: POST /session/c560a4da8281d0ae87757c6686821c71/execute/async - {"script":"<script> [776 bytes]","args":[{"enterText":"StockDecrease Driver","selector":{"controlType":"sap.m.Input","viewName":"etm.portal.ui.managehandovers.view.AddNewHO","viewId":"application-managehandovers-display-component---AddNewHO","bindingPath":{"path":"","propertyPath":"/DRIVER","modelName":"hoItemsModel"},"interaction":{"idSuffix":"inner"}},"clearTextFirst":true,"interactionType":"ENTER_TEXT"}]}
RESULT: {"script":"<script> [776 bytes]","args":[{"enterText":"StockDecrease Driver","selector":{"controlType":"sap.m.Input","viewName":"etm.portal.ui.managehandovers.view.AddNewHO","viewId":"application-managehandovers-display-component---AddNewHO","bindingPath":{"path":"","propertyPath":"/DRIVER","modelName":"hoItemsModel"},"interaction":{"idSuffix":"inner"}},"clearTextFirst":true,"interactionType":"ENTER_TEXT"}]}
COMMAND: POST /session/c560a4da8281d0ae87757c6686821c71/execute/async - {"script":"<script> [1562 bytes]","args":[{"selector":{"id":"application-managehandovers-display-component---AddNewHO--responsibleCB-arrow"},"wdio_ui5_key":"applicationmanagehandovers-display-component---AddNewHO--responsibleCB-arrow"}]}
RESULT: {"script":"<script> [1562 bytes]","args":[{"selector":{"id":"application-managehandovers-display-component---AddNewHO--responsibleCB-arrow"},"wdio_ui5_key":"applicationmanagehandovers-display-component---AddNewHO--responsibleCB-arrow"}]}
RESULT: undefined
COMMAND: POST /session/c560a4da8281d0ae87757c6686821c71/element - {"using":"xpath","value":"//*[@id=\"application-managehandovers-display-component---AddNewHO--responsibleCB-arrow\"]"}
RESULT: {"using":"xpath","value":"//*[@id=\"application-managehandovers-display-component---AddNewHO--responsibleCB-arrow\"]"}
COMMAND: POST /session/c560a4da8281d0ae87757c6686821c71/element/f.437C3BD069600255C914999B9931D078.d.EB1DEF721AA869E3FB8F76CF67389548.e.27859/click - {}
RESULT: {}
COMMAND: GET /session/c560a4da8281d0ae87757c6686821c71/screenshot - {}
RESULT: {}
COMMAND: POST /session/c560a4da8281d0ae87757c6686821c71/execute/async - {"script":"<script> [1562 bytes]","args":[{"selector":{"controlType":"sap.m.StandardListItem","viewName":"etm.portal.ui.managehandovers.view.AddNewHO","viewId":"application-managehandovers-display-component---AddNewHO","properties":{"title":"1 - Test unit Update "},"searchOpenDialogs":true},"wdio_ui5_key":"etmportal.ui.managehandovers.view.AddNewHOsap.m.StandardListItem{\"title\":\"1 - Test unit Update \"}"}]}
RESULT: {"script":"<script> [1562 bytes]","args":[{"selector":{"controlType":"sap.m.StandardListItem","viewName":"etm.portal.ui.managehandovers.view.AddNewHO","viewId":"application-managehandovers-display-component---AddNewHO","properties":{"title":"1 - Test unit Update "},"searchOpenDialogs":true},"wdio_ui5_key":"etmportal.ui.managehandovers.view.AddNewHOsap.m.StandardListItem{\"title\":\"1 - Test unit Update \"}"}]}
RESULT: undefined
COMMAND: POST /session/c560a4da8281d0ae87757c6686821c71/element - {"using":"xpath","value":"//*[@id=\"__item1070\"]"}
RESULT: {"using":"xpath","value":"//*[@id=\"__item1070\"]"}
COMMAND: POST /session/c560a4da8281d0ae87757c6686821c71/element/f.437C3BD069600255C914999B9931D078.d.EB1DEF721AA869E3FB8F76CF67389548.e.27860/click - {}
RESULT: {}
COMMAND: GET /session/c560a4da8281d0ae87757c6686821c71/screenshot - {}
RESULT: {}
RESULT: undefined
COMMAND: POST /session/c560a4da8281d0ae87757c6686821c71/element - {"using":"xpath","value":"//*[@id=\"application-managehandovers-display-component---AddNewHO--ObjectPageLayout-anchBar-application-managehandovers-display-component---AddNewHO--section4-anchor\"]"}
RESULT: {"using":"xpath","value":"//*[@id=\"application-managehandovers-display-component---AddNewHO--ObjectPageLayout-anchBar-application-managehandovers-display-component---AddNewHO--section4-anchor\"]"}
COMMAND: POST /session/c560a4da8281d0ae87757c6686821c71/element/f.437C3BD069600255C914999B9931D078.d.EB1DEF721AA869E3FB8F76CF67389548.e.27861/click - {}
RESULT: {}
COMMAND: GET /session/c560a4da8281d0ae87757c6686821c71/screenshot - {}
RESULT: {}
COMMAND: POST /session/c560a4da8281d0ae87757c6686821c71/execute/async - {"script":"<script> [1562 bytes]","args":[{"selector":{"controlType":"sap.ui.core.Icon","viewName":"etm.portal.ui.managehandovers.view.AddNewHO","viewId":"application-managehandovers-display-component---AddNewHO","properties":{"src":{"regex":{"source":"add"}}}},"wdio_ui5_key":"etmportal.ui.managehandovers.view.AddNewHOsap.ui.core.Icon{\"src\":{\"regex\":{\"source\":\"add\"}}}"}]}
RESULT: {"script":"<script> [1562 bytes]","args":[{"selector":{"controlType":"sap.ui.core.Icon","viewName":"etm.portal.ui.managehandovers.view.AddNewHO","viewId":"application-managehandovers-display-component---AddNewHO","properties":{"src":{"regex":{"source":"add"}}}},"wdio_ui5_key":"etmportal.ui.managehandovers.view.AddNewHOsap.ui.core.Icon{\"src\":{\"regex\":{\"source\":\"add\"}}}"}]}
RESULT: undefined
COMMAND: POST /session/c560a4da8281d0ae87757c6686821c71/element - {"using":"xpath","value":"//*[@id=\"__button201-img\"]"}
RESULT: {"using":"xpath","value":"//*[@id=\"__button201-img\"]"}
COMMAND: POST /session/c560a4da8281d0ae87757c6686821c71/element/f.437C3BD069600255C914999B9931D078.d.EB1DEF721AA869E3FB8F76CF67389548.e.27865/click - {}
RESULT: {}
RESULT: undefined
COMMAND: POST /session/c560a4da8281d0ae87757c6686821c71/execute/async - {"script":"<script> [776 bytes]","args":[{"enterText":"200144","selector":{"id":"application-managehandovers-display-component---AddNewHO--smartFilterBar-btnBasicSearch","searchOpenDialogs":true,"interaction":{"idSuffix":"I"}},"clearTextFirst":true,"interactionType":"ENTER_TEXT"}]}
COMMAND: GET /session/c560a4da8281d0ae87757c6686821c71/screenshot - {}
RESULT: {"script":"<script> [776 bytes]","args":[{"enterText":"200144","selector":{"id":"application-managehandovers-display-component---AddNewHO--smartFilterBar-btnBasicSearch","searchOpenDialogs":true,"interaction":{"idSuffix":"I"}},"clearTextFirst":true,"interactionType":"ENTER_TEXT"}]}
RESULT: {}
RESULT: undefined
COMMAND: POST /session/c560a4da8281d0ae87757c6686821c71/element - {"using":"xpath","value":"//*[@id=\"application-managehandovers-display-component---AddNewHO--popup-sa\"]"}
RESULT: {"using":"xpath","value":"//*[@id=\"application-managehandovers-display-component---AddNewHO--popup-sa\"]"}
COMMAND: POST /session/c560a4da8281d0ae87757c6686821c71/element/f.437C3BD069600255C914999B9931D078.d.EB1DEF721AA869E3FB8F76CF67389548.e.27901/click - {}
RESULT: {}
COMMAND: GET /session/c560a4da8281d0ae87757c6686821c71/screenshot - {}
RESULT: {}
COMMAND: POST /session/c560a4da8281d0ae87757c6686821c71/element - {"using":"xpath","value":"//*[contains(@id ,\"BDI-content\")][contains(text(), \"Select\")]"}
RESULT: {"using":"xpath","value":"//*[contains(@id ,\"BDI-content\")][contains(text(), \"Select\")]"}
COMMAND: POST /session/c560a4da8281d0ae87757c6686821c71/element/f.437C3BD069600255C914999B9931D078.d.EB1DEF721AA869E3FB8F76CF67389548.e.27902/click - {}
RESULT: {}
COMMAND: POST /session/c560a4da8281d0ae87757c6686821c71/execute/async - {"script":"<script> [1562 bytes]","args":[{"selector":{"controlType":"sap.m.Button","viewName":"etm.portal.ui.managehandovers.view.AddNewHO","viewId":"application-managehandovers-display-component---AddNewHO","bindingPath":{"path":"/items/0","propertyPath":"QUANTITY","modelName":"hoItemsModel"},"interaction":{"idSuffix":"inner"}},"wdio_ui5_key":"etmportal.ui.managehandovers.view.AddNewHOsap.m.Button{\"path\":\"/items/0\",\"propertyPath\":\"QUANTITY\",\"modelName\":\"hoItemsModel\"}"}]}
COMMAND: GET /session/c560a4da8281d0ae87757c6686821c71/screenshot - {}
RESULT: {"script":"<script> [1562 bytes]","args":[{"selector":{"controlType":"sap.m.Button","viewName":"etm.portal.ui.managehandovers.view.AddNewHO","viewId":"application-managehandovers-display-component---AddNewHO","bindingPath":{"path":"/items/0","propertyPath":"QUANTITY","modelName":"hoItemsModel"},"interaction":{"idSuffix":"inner"}},"wdio_ui5_key":"etmportal.ui.managehandovers.view.AddNewHOsap.m.Button{\"path\":\"/items/0\",\"propertyPath\":\"QUANTITY\",\"modelName\":\"hoItemsModel\"}"}]}
RESULT: undefined
COMMAND: POST /session/c560a4da8281d0ae87757c6686821c71/element - {"using":"xpath","value":"//*[@id=\"__button202-__clone1921\"]"}
RESULT: {}
RESULT: {"using":"xpath","value":"//*[@id=\"__button202-__clone1921\"]"}
COMMAND: POST /session/c560a4da8281d0ae87757c6686821c71/element/f.437C3BD069600255C914999B9931D078.d.EB1DEF721AA869E3FB8F76CF67389548.e.27906/click - {}
RESULT: {}
COMMAND: GET /session/c560a4da8281d0ae87757c6686821c71/screenshot - {}
RESULT: {}
COMMAND: POST /session/c560a4da8281d0ae87757c6686821c71/element - {"using":"xpath","value":"//span[contains(@id,\"incrementBtn\")]"}
RESULT: {"using":"xpath","value":"//span[contains(@id,\"incrementBtn\")]"}
COMMAND: POST /session/c560a4da8281d0ae87757c6686821c71/element/f.437C3BD069600255C914999B9931D078.d.EB1DEF721AA869E3FB8F76CF67389548.e.27915/click - {}
RESULT: {}
COMMAND: GET /session/c560a4da8281d0ae87757c6686821c71/screenshot - {}
RESULT: {}
COMMAND: POST /session/c560a4da8281d0ae87757c6686821c71/execute/async - {"script":"<script> [1562 bytes]","args":[{"selector":{"controlType":"sap.m.Button","viewName":"etm.portal.ui.managehandovers.view.AddNewHO","viewId":"application-managehandovers-display-component---AddNewHO","i18NText":{"propertyName":"text","key":"confirm"},"searchOpenDialogs":true,"interaction":{"idSuffix":"BDI-content"}},"wdio_ui5_key":"etmportal.ui.managehandovers.view.AddNewHOsap.m.Button{\"propertyName\":\"text\",\"key\":\"confirm\"}"}]}
RESULT: {"script":"<script> [1562 bytes]","args":[{"selector":{"controlType":"sap.m.Button","viewName":"etm.portal.ui.managehandovers.view.AddNewHO","viewId":"application-managehandovers-display-component---AddNewHO","i18NText":{"propertyName":"text","key":"confirm"},"searchOpenDialogs":true,"interaction":{"idSuffix":"BDI-content"}},"wdio_ui5_key":"etmportal.ui.managehandovers.view.AddNewHOsap.m.Button{\"propertyName\":\"text\",\"key\":\"confirm\"}"}]}
RESULT: undefined
COMMAND: POST /session/c560a4da8281d0ae87757c6686821c71/element - {"using":"xpath","value":"//*[@id=\"__button205\"]"}
RESULT: {"using":"xpath","value":"//*[@id=\"__button205\"]"}
COMMAND: POST /session/c560a4da8281d0ae87757c6686821c71/element/f.437C3BD069600255C914999B9931D078.d.EB1DEF721AA869E3FB8F76CF67389548.e.27907/click - {}
RESULT: {}
COMMAND: GET /session/c560a4da8281d0ae87757c6686821c71/screenshot - {}
RESULT: {}
COMMAND: POST /session/c560a4da8281d0ae87757c6686821c71/execute/async - {"script":"<script> [1562 bytes]","args":[{"selector":{"id":"application-managehandovers-display-component---AddNewHO--confirmCreationButton","interaction":{"idSuffix":"inner"}},"wdio_ui5_key":"applicationmanagehandovers-display-component---AddNewHO--confirmCreationButton"}]}
RESULT: {"script":"<script> [1562 bytes]","args":[{"selector":{"id":"application-managehandovers-display-component---AddNewHO--confirmCreationButton","interaction":{"idSuffix":"inner"}},"wdio_ui5_key":"applicationmanagehandovers-display-component---AddNewHO--confirmCreationButton"}]}
RESULT: undefined
COMMAND: POST /session/c560a4da8281d0ae87757c6686821c71/element - {"using":"xpath","value":"//*[@id=\"application-managehandovers-display-component---AddNewHO--confirmCreationButton\"]"}
RESULT: {"using":"xpath","value":"//*[@id=\"application-managehandovers-display-component---AddNewHO--confirmCreationButton\"]"}
COMMAND: POST /session/c560a4da8281d0ae87757c6686821c71/element/f.437C3BD069600255C914999B9931D078.d.EB1DEF721AA869E3FB8F76CF67389548.e.27918/click - {}
RESULT: {}
COMMAND: GET /session/c560a4da8281d0ae87757c6686821c71/screenshot - {}
RESULT: {}
RESULT: undefined
COMMAND: POST /session/c560a4da8281d0ae87757c6686821c71/execute/async - {"script":"<script> [776 bytes]","args":[{"enterText":"6/14/25","selector":{"id":"receiptDatePicker","viewName":"etm.portal.ui.managehandovers.view.DetailExecuteHO","interaction":{"idSuffix":"inner"}},"clearTextFirst":true,"interactionType":"ENTER_TEXT"}]}
RESULT: {"script":"<script> [776 bytes]","args":[{"enterText":"6/14/25","selector":{"id":"receiptDatePicker","viewName":"etm.portal.ui.managehandovers.view.DetailExecuteHO","interaction":{"idSuffix":"inner"}},"clearTextFirst":true,"interactionType":"ENTER_TEXT"}]}
COMMAND: POST /session/c560a4da8281d0ae87757c6686821c71/element - {"using":"xpath","value":"//button[@data-kt=\"IssuingTableConfirmAllButton\"]"}
RESULT: {"using":"xpath","value":"//button[@data-kt=\"IssuingTableConfirmAllButton\"]"}
COMMAND: POST /session/c560a4da8281d0ae87757c6686821c71/element/f.437C3BD069600255C914999B9931D078.d.EB1DEF721AA869E3FB8F76CF67389548.e.27960/click - {}
RESULT: {}
COMMAND: GET /session/c560a4da8281d0ae87757c6686821c71/screenshot - {}
RESULT: {}
COMMAND: POST /session/c560a4da8281d0ae87757c6686821c71/element - {"using":"xpath","value":"//bdi[contains(text(), \"OK\")]"}
RESULT: {"using":"xpath","value":"//bdi[contains(text(), \"OK\")]"}
COMMAND: POST /session/c560a4da8281d0ae87757c6686821c71/element/f.437C3BD069600255C914999B9931D078.d.EB1DEF721AA869E3FB8F76CF67389548.e.27962/click - {}
RESULT: {}
COMMAND: GET /session/c560a4da8281d0ae87757c6686821c71/screenshot - {}
RESULT: {}
COMMAND: POST /session/c560a4da8281d0ae87757c6686821c71/element - {"using":"xpath","value":"//bdi[contains(text(), \"Issue\")]"}
RESULT: {"using":"xpath","value":"//bdi[contains(text(), \"Issue\")]"}
COMMAND: POST /session/c560a4da8281d0ae87757c6686821c71/element/f.437C3BD069600255C914999B9931D078.d.EB1DEF721AA869E3FB8F76CF67389548.e.27964/click - {}
RESULT: {}
COMMAND: GET /session/c560a4da8281d0ae87757c6686821c71/screenshot - {}
RESULT: {}
COMMAND: POST /session/c560a4da8281d0ae87757c6686821c71/element - {"using":"css selector","value":"#shell-header-logo"}
RESULT: {"using":"css selector","value":"#shell-header-logo"}
COMMAND: POST /session/c560a4da8281d0ae87757c6686821c71/element/f.437C3BD069600255C914999B9931D078.d.EB1DEF721AA869E3FB8F76CF67389548.e.27364/click - {}
RESULT: {}
COMMAND: GET /session/c560a4da8281d0ae87757c6686821c71/screenshot - {}
RESULT: {}
COMMAND: POST /session/c560a4da8281d0ae87757c6686821c71/element - {"using":"css selector","value":"#j_username"}
COMMAND: POST /session/c560a4da8281d0ae87757c6686821c71/url - {"url":"https://qa-testing-00-live-etm-ui.cfapps.eu10-004.hana.ondemand.com/"}
RESULT: {"using":"css selector","value":"#j_username"}
COMMAND: POST /session/c560a4da8281d0ae87757c6686821c71/element - {"using":"css selector","value":"#j_username"}
RESULT: {"url":"https://qa-testing-00-live-etm-ui.cfapps.eu10-004.hana.ondemand.com/"}
RESULT: undefined
COMMAND: GET /session/c560a4da8281d0ae87757c6686821c71/screenshot - {}
RESULT: {"using":"css selector","value":"#j_username"}
COMMAND: POST /session/c560a4da8281d0ae87757c6686821c71/element - {"using":"css selector","value":"#shell-header-logo"}
RESULT: {}
RESULT: {"using":"css selector","value":"#shell-header-logo"}
COMMAND: POST /session/c560a4da8281d0ae87757c6686821c71/execute/sync - {"script":"<script> [8489 bytes]","args":[{"element-6066-11e4-a52e-4f735466cecf":"f.437C3BD069600255C914999B9931D078.d.322D3DEB28EF41EF2090993438A9FE88.e.28147","ELEMENT":"f.437C3BD069600255C914999B9931D078.d.322D3DEB28EF41EF2090993438A9FE88.e.28147"}]}
RESULT: {"script":"<script> [8489 bytes]","args":[{"element-6066-11e4-a52e-4f735466cecf":"f.437C3BD069600255C914999B9931D078.d.322D3DEB28EF41EF2090993438A9FE88.e.28147","ELEMENT":"f.437C3BD069600255C914999B9931D078.d.322D3DEB28EF41EF2090993438A9FE88.e.28147"}]}
COMMAND: POST /session/c560a4da8281d0ae87757c6686821c71/element - {"using":"css selector","value":"#shell-header-logo"}
COMMAND: GET /session/c560a4da8281d0ae87757c6686821c71/screenshot - {}
RESULT: {"using":"css selector","value":"#shell-header-logo"}
COMMAND: POST /session/c560a4da8281d0ae87757c6686821c71/execute/sync - {"script":"<script> [8489 bytes]","args":[{"element-6066-11e4-a52e-4f735466cecf":"f.437C3BD069600255C914999B9931D078.d.322D3DEB28EF41EF2090993438A9FE88.e.28147","ELEMENT":"f.437C3BD069600255C914999B9931D078.d.322D3DEB28EF41EF2090993438A9FE88.e.28147"}]}
RESULT: {}
RESULT: {"script":"<script> [8489 bytes]","args":[{"element-6066-11e4-a52e-4f735466cecf":"f.437C3BD069600255C914999B9931D078.d.322D3DEB28EF41EF2090993438A9FE88.e.28147","ELEMENT":"f.437C3BD069600255C914999B9931D078.d.322D3DEB28EF41EF2090993438A9FE88.e.28147"}]}
COMMAND: POST /session/c560a4da8281d0ae87757c6686821c71/execute/sync - {"script":"<script> [5351 bytes]","args":[{"element-6066-11e4-a52e-4f735466cecf":"f.437C3BD069600255C914999B9931D078.d.322D3DEB28EF41EF2090993438A9FE88.e.28147","ELEMENT":"f.437C3BD069600255C914999B9931D078.d.322D3DEB28EF41EF2090993438A9FE88.e.28147"}]}
COMMAND: GET /session/c560a4da8281d0ae87757c6686821c71/screenshot - {}
RESULT: {"script":"<script> [5351 bytes]","args":[{"element-6066-11e4-a52e-4f735466cecf":"f.437C3BD069600255C914999B9931D078.d.322D3DEB28EF41EF2090993438A9FE88.e.28147","ELEMENT":"f.437C3BD069600255C914999B9931D078.d.322D3DEB28EF41EF2090993438A9FE88.e.28147"}]}
COMMAND: POST /session/c560a4da8281d0ae87757c6686821c71/element - {"using":"css selector","value":"#shell-header-logo"}
COMMAND: GET /session/c560a4da8281d0ae87757c6686821c71/screenshot - {}
RESULT: {}
RESULT: {"using":"css selector","value":"#shell-header-logo"}
COMMAND: POST /session/c560a4da8281d0ae87757c6686821c71/element/f.437C3BD069600255C914999B9931D078.d.322D3DEB28EF41EF2090993438A9FE88.e.28147/click - {}
RESULT: {}
RESULT: {}
COMMAND: GET /session/c560a4da8281d0ae87757c6686821c71/screenshot - {}
RESULT: {}
COMMAND: POST /session/c560a4da8281d0ae87757c6686821c71/execute/async - {"script":"<script> [189 bytes]","args":[]}
RESULT: {"script":"<script> [189 bytes]","args":[]}
COMMAND: POST /session/c560a4da8281d0ae87757c6686821c71/execute/async - {"script":"<script> [123 bytes]","args":[]}
RESULT: {"script":"<script> [123 bytes]","args":[]}
COMMAND: POST /session/c560a4da8281d0ae87757c6686821c71/timeouts - {"script":"<number>"}
RESULT: {"script":"<number>"}
COMMAND: GET /session/c560a4da8281d0ae87757c6686821c71/timeouts - {}
RESULT: {}
RESULT: undefined
COMMAND: POST /session/c560a4da8281d0ae87757c6686821c71/execute/async - {"script":"<script> [2676 bytes]","args":[]}
RESULT: {"script":"<script> [2676 bytes]","args":[]}
COMMAND: POST /session/c560a4da8281d0ae87757c6686821c71/execute/async - {"script":"<script> [2342 bytes]","args":[{"protocol":"http","hostname":"0.0.0.0","path":"/","capabilities":{"browserName":"chrome","goog:chromeOptions":{"binary":"C:\\Program Files\\Google\\Chrome\\Application\\chrome.exe","args":["--start-maximized"]}},"logLevel":"warn","connectionRetryTimeout":120000,"connectionRetryCount":3,"logLevels":{},"enableDirectConnect":true,"strictSSL":true,"_":"65 more keys: [\"cacheDir\",\"port\",\"requestedCapabilities\",\"automationProtocol\",\"baseUrl\",\"waitforInterval\",\"waitforTimeout\",\"onReload\",\"beforeCommand\",\"afterCommand\",\"rootDir\",\"specs\",\"suites\",\"exclude\",\"groupLogsByTestSpec\",\"excludeDriverLogs\",\"bail\",\"framework\",\"reporters\",\"services\",\"maxInstances\",\"maxInstancesPerCapability\",\"injectGlobals\",\"filesToWatch\",\"execArgv\",\"runnerEnv\",\"runner\",\"shard\",\"specFileRetries\",\"specFileRetriesDelay\",\"specFileRetriesDeferred\",\"reporterSyncInterval\",\"reporterSyncTimeout\",\"cucumberFeaturesWithLineNumbers\",\"autoCompileOpts\",\"mochaOpts\",\"jasmineOpts\",\"cucumberOpts\",\"onPrepare\",\"onWorkerStart\",\"onWorkerEnd\",\"before\",\"beforeSession\",\"beforeSuite\",\"beforeHook\",\"beforeTest\",\"afterTest\",\"afterHook\",\"afterSuite\",\"afterSession\",\"after\",\"onComplete\",\"beforeAssertion\",\"afterAssertion\",\"beforeFeature\",\"beforeScenario\",\"beforeStep\",\"afterStep\",\"afterScenario\",\"afterFeature\",\"_\",\"suite\",\"$0\",\"ignoredWorkerServices\",\"wdi5\"]"}]}
RESULT: {"script":"<script> [2342 bytes]","args":[{"protocol":"http","hostname":"0.0.0.0","path":"/","capabilities":{"browserName":"chrome","goog:chromeOptions":{"binary":"C:\\Program Files\\Google\\Chrome\\Application\\chrome.exe","args":["--start-maximized"]}},"logLevel":"warn","connectionRetryTimeout":120000,"connectionRetryCount":3,"logLevels":{},"enableDirectConnect":true,"strictSSL":true,"_":"65 more keys: [\"cacheDir\",\"port\",\"requestedCapabilities\",\"automationProtocol\",\"baseUrl\",\"waitforInterval\",\"waitforTimeout\",\"onReload\",\"beforeCommand\",\"afterCommand\",\"rootDir\",\"specs\",\"suites\",\"exclude\",\"groupLogsByTestSpec\",\"excludeDriverLogs\",\"bail\",\"framework\",\"reporters\",\"services\",\"maxInstances\",\"maxInstancesPerCapability\",\"injectGlobals\",\"filesToWatch\",\"execArgv\",\"runnerEnv\",\"runner\",\"shard\",\"specFileRetries\",\"specFileRetriesDelay\",\"specFileRetriesDeferred\",\"reporterSyncInterval\",\"reporterSyncTimeout\",\"cucumberFeaturesWithLineNumbers\",\"autoCompileOpts\",\"mochaOpts\",\"jasmineOpts\",\"cucumberOpts\",\"onPrepare\",\"onWorkerStart\",\"onWorkerEnd\",\"before\",\"beforeSession\",\"beforeSuite\",\"beforeHook\",\"beforeTest\",\"afterTest\",\"afterHook\",\"afterSuite\",\"afterSession\",\"after\",\"onComplete\",\"beforeAssertion\",\"afterAssertion\",\"beforeFeature\",\"beforeScenario\",\"beforeStep\",\"afterStep\",\"afterScenario\",\"afterFeature\",\"_\",\"suite\",\"$0\",\"ignoredWorkerServices\",\"wdi5\"]"}]}
COMMAND: POST /session/c560a4da8281d0ae87757c6686821c71/execute/async - {"script":"<script> [21126 bytes]","args":[35000]}
RESULT: {"script":"<script> [21126 bytes]","args":[35000]}
COMMAND: POST /session/c560a4da8281d0ae87757c6686821c71/window/maximize - {}
RESULT: {}
COMMAND: POST /session/c560a4da8281d0ae87757c6686821c71/execute/async - {"script":"<script> [1562 bytes]","args":[{"selector":{"id":"shell-header","interaction":{"idSuffix":"icon"}},"wdio_ui5_key":"shellheader"}]}
COMMAND: GET /session/c560a4da8281d0ae87757c6686821c71/screenshot - {}
RESULT: {"script":"<script> [1562 bytes]","args":[{"selector":{"id":"shell-header","interaction":{"idSuffix":"icon"}},"wdio_ui5_key":"shellheader"}]}
RESULT: undefined
COMMAND: POST /session/c560a4da8281d0ae87757c6686821c71/window/fullscreen - {}
RESULT: {}
RESULT: {}
]]></system-out>
    </testcase>
  </testsuite>
  <testsuite timestamp="2025-06-14T17:34:28" time="729.764" tests="7" failures="0" errors="0" skipped="0">
    <properties>
      <property name="specId" value="0"/>
      <property name="suiteName" value="Transfer Yard to Yard US131076"/>
      <property name="capabilities" value="chrome.137_0_7151_69.windows"/>
      <property name="file" value="file:///D:/a/1/s/test/specs/HTR/transfer-yard-to-yard.spec.js"/>
    </properties>
    <testcase classname="chrome.137_0_7151_69.windows.Transfer_Yard_to_Yard_US131076" name="Should create a new yard" time="0.028">
      <system-out><![CDATA[
COMMAND: POST /session/c560a4da8281d0ae87757c6686821c71/window/fullscreen - {}
RESULT: {}
]]></system-out>
    </testcase>
    <testcase classname="chrome.137_0_7151_69.windows.Transfer_Yard_to_Yard_US131076" name="Should create a new 2nd yard" time="121.269">
      <system-out><![CDATA[
COMMAND: POST /session/c560a4da8281d0ae87757c6686821c71/window/fullscreen - {}
RESULT: {}
COMMAND: POST /session/c560a4da8281d0ae87757c6686821c71/execute/async - {"script":"<script> [1562 bytes]","args":[{"selector":{"controlType":"sap.m.GenericTile","properties":{"header":"Manage Yards"}},"wdio_ui5_key":"sapm.GenericTile{\"header\":\"Manage Yards\"}"}]}
RESULT: {"script":"<script> [1562 bytes]","args":[{"selector":{"controlType":"sap.m.GenericTile","properties":{"header":"Manage Yards"}},"wdio_ui5_key":"sapm.GenericTile{\"header\":\"Manage Yards\"}"}]}
RESULT: undefined
COMMAND: POST /session/c560a4da8281d0ae87757c6686821c71/element - {"using":"xpath","value":"//*[@id=\"__tile34\"]"}
RESULT: {"using":"xpath","value":"//*[@id=\"__tile34\"]"}
COMMAND: POST /session/c560a4da8281d0ae87757c6686821c71/element/f.437C3BD069600255C914999B9931D078.d.322D3DEB28EF41EF2090993438A9FE88.e.28172/click - {}
RESULT: {}
COMMAND: GET /session/c560a4da8281d0ae87757c6686821c71/screenshot - {}
RESULT: {}
COMMAND: POST /session/c560a4da8281d0ae87757c6686821c71/elements - {"using":"xpath","value":"//span[text()='Error']"}
RESULT: {"using":"xpath","value":"//span[text()='Error']"}
COMMAND: POST /session/c560a4da8281d0ae87757c6686821c71/element - {"using":"xpath","value":"//button[@data-kt=\"addNewYardOverflowToolbarButton\"]"}
RESULT: {"using":"xpath","value":"//button[@data-kt=\"addNewYardOverflowToolbarButton\"]"}
COMMAND: POST /session/c560a4da8281d0ae87757c6686821c71/elements - {"using":"xpath","value":"//button[@data-kt=\"addNewYardOverflowToolbarButton\"]"}
RESULT: {"using":"xpath","value":"//button[@data-kt=\"addNewYardOverflowToolbarButton\"]"}
COMMAND: POST /session/c560a4da8281d0ae87757c6686821c71/elements - {"using":"xpath","value":"//button[@data-kt=\"addNewYardOverflowToolbarButton\"]"}
RESULT: {"using":"xpath","value":"//button[@data-kt=\"addNewYardOverflowToolbarButton\"]"}
COMMAND: POST /session/c560a4da8281d0ae87757c6686821c71/element - {"using":"xpath","value":"//button[@data-kt=\"addNewYardOverflowToolbarButton\"]"}
RESULT: {"using":"xpath","value":"//button[@data-kt=\"addNewYardOverflowToolbarButton\"]"}
COMMAND: POST /session/c560a4da8281d0ae87757c6686821c71/execute/sync - {"script":"<script> [8489 bytes]","args":[{"element-6066-11e4-a52e-4f735466cecf":"f.437C3BD069600255C914999B9931D078.d.322D3DEB28EF41EF2090993438A9FE88.e.28298","ELEMENT":"f.437C3BD069600255C914999B9931D078.d.322D3DEB28EF41EF2090993438A9FE88.e.28298"}]}
RESULT: {"script":"<script> [8489 bytes]","args":[{"element-6066-11e4-a52e-4f735466cecf":"f.437C3BD069600255C914999B9931D078.d.322D3DEB28EF41EF2090993438A9FE88.e.28298","ELEMENT":"f.437C3BD069600255C914999B9931D078.d.322D3DEB28EF41EF2090993438A9FE88.e.28298"}]}
COMMAND: GET /session/c560a4da8281d0ae87757c6686821c71/element/f.437C3BD069600255C914999B9931D078.d.322D3DEB28EF41EF2090993438A9FE88.e.28298/enabled - {}
COMMAND: GET /session/c560a4da8281d0ae87757c6686821c71/screenshot - {}
RESULT: {}
COMMAND: POST /session/c560a4da8281d0ae87757c6686821c71/execute/sync - {"script":"<script> [8489 bytes]","args":[{"element-6066-11e4-a52e-4f735466cecf":"f.437C3BD069600255C914999B9931D078.d.322D3DEB28EF41EF2090993438A9FE88.e.28298","ELEMENT":"f.437C3BD069600255C914999B9931D078.d.322D3DEB28EF41EF2090993438A9FE88.e.28298"}]}
COMMAND: GET /session/c560a4da8281d0ae87757c6686821c71/screenshot - {}
RESULT: {}
RESULT: {"script":"<script> [8489 bytes]","args":[{"element-6066-11e4-a52e-4f735466cecf":"f.437C3BD069600255C914999B9931D078.d.322D3DEB28EF41EF2090993438A9FE88.e.28298","ELEMENT":"f.437C3BD069600255C914999B9931D078.d.322D3DEB28EF41EF2090993438A9FE88.e.28298"}]}
COMMAND: POST /session/c560a4da8281d0ae87757c6686821c71/execute/sync - {"script":"<script> [5351 bytes]","args":[{"element-6066-11e4-a52e-4f735466cecf":"f.437C3BD069600255C914999B9931D078.d.322D3DEB28EF41EF2090993438A9FE88.e.28298","ELEMENT":"f.437C3BD069600255C914999B9931D078.d.322D3DEB28EF41EF2090993438A9FE88.e.28298"}]}
COMMAND: GET /session/c560a4da8281d0ae87757c6686821c71/screenshot - {}
RESULT: {}
RESULT: {"script":"<script> [5351 bytes]","args":[{"element-6066-11e4-a52e-4f735466cecf":"f.437C3BD069600255C914999B9931D078.d.322D3DEB28EF41EF2090993438A9FE88.e.28298","ELEMENT":"f.437C3BD069600255C914999B9931D078.d.322D3DEB28EF41EF2090993438A9FE88.e.28298"}]}
COMMAND: POST /session/c560a4da8281d0ae87757c6686821c71/element/f.437C3BD069600255C914999B9931D078.d.322D3DEB28EF41EF2090993438A9FE88.e.28298/click - {}
COMMAND: GET /session/c560a4da8281d0ae87757c6686821c71/screenshot - {}
RESULT: {}
RESULT: {}
COMMAND: GET /session/c560a4da8281d0ae87757c6686821c71/screenshot - {}
RESULT: {}
COMMAND: POST /session/c560a4da8281d0ae87757c6686821c71/element - {"using":"xpath","value":"//input[@id=\"application-manageyards-display-component---NewYard--yardId-inner\"]"}
RESULT: {}
RESULT: {"using":"xpath","value":"//input[@id=\"application-manageyards-display-component---NewYard--yardId-inner\"]"}
COMMAND: POST /session/c560a4da8281d0ae87757c6686821c71/element - {"using":"xpath","value":"//input[@id=\"application-manageyards-display-component---NewYard--yardId-inner\"]"}
RESULT: {"using":"xpath","value":"//input[@id=\"application-manageyards-display-component---NewYard--yardId-inner\"]"}
COMMAND: POST /session/c560a4da8281d0ae87757c6686821c71/execute/async - {"script":"<script> [1562 bytes]","args":[{"selector":{"id":"application-manageyards-display-component---NewYard--addressDetailDetailsName1","interaction":{"idSuffix":"inner"}},"wdio_ui5_key":"applicationmanageyards-display-component---NewYard--addressDetailDetailsName1"}]}
RESULT: {"script":"<script> [1562 bytes]","args":[{"selector":{"id":"application-manageyards-display-component---NewYard--addressDetailDetailsName1","interaction":{"idSuffix":"inner"}},"wdio_ui5_key":"applicationmanageyards-display-component---NewYard--addressDetailDetailsName1"}]}
RESULT: undefined
COMMAND: POST /session/c560a4da8281d0ae87757c6686821c71/execute/async - {"script":"<script> [776 bytes]","args":[{"enterText":"Intracompany Yard wdIO","selector":{"id":"application-manageyards-display-component---NewYard--addressDetailDetailsName1","interaction":{"idSuffix":"inner"}},"clearTextFirst":true,"interactionType":"ENTER_TEXT"}]}
RESULT: {"script":"<script> [776 bytes]","args":[{"enterText":"Intracompany Yard wdIO","selector":{"id":"application-manageyards-display-component---NewYard--addressDetailDetailsName1","interaction":{"idSuffix":"inner"}},"clearTextFirst":true,"interactionType":"ENTER_TEXT"}]}
COMMAND: POST /session/c560a4da8281d0ae87757c6686821c71/execute/async - {"script":"<script> [1562 bytes]","args":[{"selector":{"id":"application-manageyards-display-component---NewYard--addressDetailDetailsLanguage-arrow"},"wdio_ui5_key":"applicationmanageyards-display-component---NewYard--addressDetailDetailsLanguage-arrow"}]}
RESULT: {"script":"<script> [1562 bytes]","args":[{"selector":{"id":"application-manageyards-display-component---NewYard--addressDetailDetailsLanguage-arrow"},"wdio_ui5_key":"applicationmanageyards-display-component---NewYard--addressDetailDetailsLanguage-arrow"}]}
RESULT: undefined
COMMAND: POST /session/c560a4da8281d0ae87757c6686821c71/element - {"using":"xpath","value":"//*[@id=\"application-manageyards-display-component---NewYard--addressDetailDetailsLanguage-arrow\"]"}
RESULT: {"using":"xpath","value":"//*[@id=\"application-manageyards-display-component---NewYard--addressDetailDetailsLanguage-arrow\"]"}
COMMAND: POST /session/c560a4da8281d0ae87757c6686821c71/element/f.437C3BD069600255C914999B9931D078.d.322D3DEB28EF41EF2090993438A9FE88.e.28734/click - {}
RESULT: {}
COMMAND: POST /session/c560a4da8281d0ae87757c6686821c71/element - {"using":"xpath","value":"//span[contains(text(), \"English\")]"}
COMMAND: GET /session/c560a4da8281d0ae87757c6686821c71/screenshot - {}
RESULT: {"using":"xpath","value":"//span[contains(text(), \"English\")]"}
COMMAND: POST /session/c560a4da8281d0ae87757c6686821c71/element/f.437C3BD069600255C914999B9931D078.d.322D3DEB28EF41EF2090993438A9FE88.e.28735/click - {}
RESULT: {}
RESULT: {}
COMMAND: POST /session/c560a4da8281d0ae87757c6686821c71/execute/async - {"script":"<script> [1562 bytes]","args":[{"selector":{"id":"application-manageyards-display-component---NewYard--addressDetailDetailsCity1","interaction":{"idSuffix":"inner"}},"wdio_ui5_key":"applicationmanageyards-display-component---NewYard--addressDetailDetailsCity1"}]}
COMMAND: GET /session/c560a4da8281d0ae87757c6686821c71/screenshot - {}
RESULT: {"script":"<script> [1562 bytes]","args":[{"selector":{"id":"application-manageyards-display-component---NewYard--addressDetailDetailsCity1","interaction":{"idSuffix":"inner"}},"wdio_ui5_key":"applicationmanageyards-display-component---NewYard--addressDetailDetailsCity1"}]}
RESULT: undefined
COMMAND: POST /session/c560a4da8281d0ae87757c6686821c71/execute/async - {"script":"<script> [776 bytes]","args":[{"enterText":"Rosario","selector":{"id":"application-manageyards-display-component---NewYard--addressDetailDetailsCity1","interaction":{"idSuffix":"inner"}},"clearTextFirst":true,"interactionType":"ENTER_TEXT"}]}
RESULT: {}
RESULT: {"script":"<script> [776 bytes]","args":[{"enterText":"Rosario","selector":{"id":"application-manageyards-display-component---NewYard--addressDetailDetailsCity1","interaction":{"idSuffix":"inner"}},"clearTextFirst":true,"interactionType":"ENTER_TEXT"}]}
COMMAND: POST /session/c560a4da8281d0ae87757c6686821c71/execute/async - {"script":"<script> [1562 bytes]","args":[{"selector":{"id":"application-manageyards-display-component---NewYard--addressDetailDetailsCountry-arrow"},"wdio_ui5_key":"applicationmanageyards-display-component---NewYard--addressDetailDetailsCountry-arrow"}]}
RESULT: {"script":"<script> [1562 bytes]","args":[{"selector":{"id":"application-manageyards-display-component---NewYard--addressDetailDetailsCountry-arrow"},"wdio_ui5_key":"applicationmanageyards-display-component---NewYard--addressDetailDetailsCountry-arrow"}]}
RESULT: undefined
COMMAND: POST /session/c560a4da8281d0ae87757c6686821c71/element - {"using":"xpath","value":"//*[@id=\"application-manageyards-display-component---NewYard--addressDetailDetailsCountry-arrow\"]"}
RESULT: {"using":"xpath","value":"//*[@id=\"application-manageyards-display-component---NewYard--addressDetailDetailsCountry-arrow\"]"}
COMMAND: POST /session/c560a4da8281d0ae87757c6686821c71/element/f.437C3BD069600255C914999B9931D078.d.322D3DEB28EF41EF2090993438A9FE88.e.28737/click - {}
RESULT: {}
COMMAND: POST /session/c560a4da8281d0ae87757c6686821c71/element - {"using":"xpath","value":"//span[contains(text(), \"Argentina\")]"}
COMMAND: GET /session/c560a4da8281d0ae87757c6686821c71/screenshot - {}
RESULT: {"using":"xpath","value":"//span[contains(text(), \"Argentina\")]"}
COMMAND: POST /session/c560a4da8281d0ae87757c6686821c71/element/f.437C3BD069600255C914999B9931D078.d.322D3DEB28EF41EF2090993438A9FE88.e.28738/click - {}
RESULT: {}
RESULT: {}
COMMAND: POST /session/c560a4da8281d0ae87757c6686821c71/execute/async - {"script":"<script> [1562 bytes]","args":[{"selector":{"id":"application-manageyards-display-component---NewYard--addressEditDetailsCostObjectCstType-arrow"},"wdio_ui5_key":"applicationmanageyards-display-component---NewYard--addressEditDetailsCostObjectCstType-arrow"}]}
COMMAND: GET /session/c560a4da8281d0ae87757c6686821c71/screenshot - {}
RESULT: {"script":"<script> [1562 bytes]","args":[{"selector":{"id":"application-manageyards-display-component---NewYard--addressEditDetailsCostObjectCstType-arrow"},"wdio_ui5_key":"applicationmanageyards-display-component---NewYard--addressEditDetailsCostObjectCstType-arrow"}]}
RESULT: undefined
COMMAND: POST /session/c560a4da8281d0ae87757c6686821c71/element - {"using":"xpath","value":"//*[@id=\"application-manageyards-display-component---NewYard--addressEditDetailsCostObjectCstType-arrow\"]"}
RESULT: {}
RESULT: {"using":"xpath","value":"//*[@id=\"application-manageyards-display-component---NewYard--addressEditDetailsCostObjectCstType-arrow\"]"}
COMMAND: POST /session/c560a4da8281d0ae87757c6686821c71/element/f.437C3BD069600255C914999B9931D078.d.322D3DEB28EF41EF2090993438A9FE88.e.28740/click - {}
RESULT: {}
COMMAND: POST /session/c560a4da8281d0ae87757c6686821c71/element - {"using":"xpath","value":"//span[contains(text(), \"Cost Center\")]"}
COMMAND: GET /session/c560a4da8281d0ae87757c6686821c71/screenshot - {}
RESULT: {"using":"xpath","value":"//span[contains(text(), \"Cost Center\")]"}
COMMAND: POST /session/c560a4da8281d0ae87757c6686821c71/element/f.437C3BD069600255C914999B9931D078.d.322D3DEB28EF41EF2090993438A9FE88.e.28741/click - {}
RESULT: {}
RESULT: {}
COMMAND: GET /session/c560a4da8281d0ae87757c6686821c71/screenshot - {}
RESULT: {}
COMMAND: POST /session/c560a4da8281d0ae87757c6686821c71/element - {"using":"xpath","value":"//span[@id=\"application-manageyards-display-component---NewYard--addressNewCostObjectCstID-vhi\"]"}
RESULT: {"using":"xpath","value":"//span[@id=\"application-manageyards-display-component---NewYard--addressNewCostObjectCstID-vhi\"]"}
COMMAND: POST /session/c560a4da8281d0ae87757c6686821c71/execute/sync - {"script":"<script> [8489 bytes]","args":[{"element-6066-11e4-a52e-4f735466cecf":"f.437C3BD069600255C914999B9931D078.d.322D3DEB28EF41EF2090993438A9FE88.e.28745","ELEMENT":"f.437C3BD069600255C914999B9931D078.d.322D3DEB28EF41EF2090993438A9FE88.e.28745"}]}
RESULT: {"script":"<script> [8489 bytes]","args":[{"element-6066-11e4-a52e-4f735466cecf":"f.437C3BD069600255C914999B9931D078.d.322D3DEB28EF41EF2090993438A9FE88.e.28745","ELEMENT":"f.437C3BD069600255C914999B9931D078.d.322D3DEB28EF41EF2090993438A9FE88.e.28745"}]}
COMMAND: POST /session/c560a4da8281d0ae87757c6686821c71/execute/async - {"script":"<script> [1562 bytes]","args":[{"selector":{"id":"application-manageyards-display-component---NewYard--addressNewCostObjectCstID-vhi"},"wdio_ui5_key":"applicationmanageyards-display-component---NewYard--addressNewCostObjectCstID-vhi"}]}
COMMAND: GET /session/c560a4da8281d0ae87757c6686821c71/screenshot - {}
RESULT: {"script":"<script> [1562 bytes]","args":[{"selector":{"id":"application-manageyards-display-component---NewYard--addressNewCostObjectCstID-vhi"},"wdio_ui5_key":"applicationmanageyards-display-component---NewYard--addressNewCostObjectCstID-vhi"}]}
RESULT: undefined
COMMAND: POST /session/c560a4da8281d0ae87757c6686821c71/element - {"using":"xpath","value":"//*[@id=\"application-manageyards-display-component---NewYard--addressNewCostObjectCstID-vhi\"]"}
RESULT: {}
RESULT: {"using":"xpath","value":"//*[@id=\"application-manageyards-display-component---NewYard--addressNewCostObjectCstID-vhi\"]"}
COMMAND: POST /session/c560a4da8281d0ae87757c6686821c71/element/f.437C3BD069600255C914999B9931D078.d.322D3DEB28EF41EF2090993438A9FE88.e.28745/click - {}
RESULT: {}
COMMAND: GET /session/c560a4da8281d0ae87757c6686821c71/screenshot - {}
RESULT: {}
COMMAND: POST /session/c560a4da8281d0ae87757c6686821c71/execute/async - {"script":"<script> [1562 bytes]","args":[{"selector":{"controlType":"sap.m.SearchField","properties":{"placeholder":"Search"},"searchOpenDialogs":true,"interaction":{"idSuffix":"I"}},"wdio_ui5_key":"sapm.SearchField{\"placeholder\":\"Search\"}"}]}
RESULT: {"script":"<script> [1562 bytes]","args":[{"selector":{"controlType":"sap.m.SearchField","properties":{"placeholder":"Search"},"searchOpenDialogs":true,"interaction":{"idSuffix":"I"}},"wdio_ui5_key":"sapm.SearchField{\"placeholder\":\"Search\"}"}]}
RESULT: undefined
COMMAND: POST /session/c560a4da8281d0ae87757c6686821c71/execute/async - {"script":"<script> [776 bytes]","args":[{"enterText":"bauh_b","selector":{"controlType":"sap.m.SearchField","properties":{"placeholder":"Search"},"searchOpenDialogs":true,"interaction":{"idSuffix":"I"}},"clearTextFirst":true,"interactionType":"ENTER_TEXT"}]}
RESULT: {"script":"<script> [776 bytes]","args":[{"enterText":"bauh_b","selector":{"controlType":"sap.m.SearchField","properties":{"placeholder":"Search"},"searchOpenDialogs":true,"interaction":{"idSuffix":"I"}},"clearTextFirst":true,"interactionType":"ENTER_TEXT"}]}
COMMAND: POST /session/c560a4da8281d0ae87757c6686821c71/actions - {"actions":[{"id":"action85","type":"key","parameters":{},"actions":[{"type":"keyDown","value":""},{"type":"pause","duration":10},{"type":"keyUp","value":""}]}]}
RESULT: {"actions":[{"id":"action85","type":"key","parameters":{},"actions":[{"type":"keyDown","value":""},{"type":"pause","duration":10},{"type":"keyUp","value":""}]}]}
COMMAND: GET /session/c560a4da8281d0ae87757c6686821c71/screenshot - {}
RESULT: {}
COMMAND: POST /session/c560a4da8281d0ae87757c6686821c71/element - {"using":"xpath","value":"//span[contains(text(), \"Demo Yard\")]"}
RESULT: {"using":"xpath","value":"//span[contains(text(), \"Demo Yard\")]"}
COMMAND: POST /session/c560a4da8281d0ae87757c6686821c71/element/f.437C3BD069600255C914999B9931D078.d.322D3DEB28EF41EF2090993438A9FE88.e.28785/click - {}
RESULT: {}
COMMAND: GET /session/c560a4da8281d0ae87757c6686821c71/screenshot - {}
RESULT: {}
COMMAND: POST /session/c560a4da8281d0ae87757c6686821c71/element - {"using":"xpath","value":"//bdi[contains(text(), \"OK\")]"}
RESULT: {"using":"xpath","value":"//bdi[contains(text(), \"OK\")]"}
COMMAND: POST /session/c560a4da8281d0ae87757c6686821c71/element/f.437C3BD069600255C914999B9931D078.d.322D3DEB28EF41EF2090993438A9FE88.e.28786/click - {}
RESULT: {}
COMMAND: GET /session/c560a4da8281d0ae87757c6686821c71/screenshot - {}
RESULT: {}
COMMAND: POST /session/c560a4da8281d0ae87757c6686821c71/execute/async - {"script":"<script> [1562 bytes]","args":[{"selector":{"id":"application-manageyards-display-component---NewYard--addressEditDetailsCurrency-arrow"},"wdio_ui5_key":"applicationmanageyards-display-component---NewYard--addressEditDetailsCurrency-arrow"}]}
RESULT: {"script":"<script> [1562 bytes]","args":[{"selector":{"id":"application-manageyards-display-component---NewYard--addressEditDetailsCurrency-arrow"},"wdio_ui5_key":"applicationmanageyards-display-component---NewYard--addressEditDetailsCurrency-arrow"}]}
RESULT: undefined
COMMAND: POST /session/c560a4da8281d0ae87757c6686821c71/element - {"using":"xpath","value":"//*[@id=\"application-manageyards-display-component---NewYard--addressEditDetailsCurrency-arrow\"]"}
RESULT: {"using":"xpath","value":"//*[@id=\"application-manageyards-display-component---NewYard--addressEditDetailsCurrency-arrow\"]"}
COMMAND: POST /session/c560a4da8281d0ae87757c6686821c71/element/f.437C3BD069600255C914999B9931D078.d.322D3DEB28EF41EF2090993438A9FE88.e.28789/click - {}
RESULT: {}
COMMAND: POST /session/c560a4da8281d0ae87757c6686821c71/element - {"using":"xpath","value":"//span[contains(text(), \"Euro\")]"}
COMMAND: GET /session/c560a4da8281d0ae87757c6686821c71/screenshot - {}
RESULT: {"using":"xpath","value":"//span[contains(text(), \"Euro\")]"}
COMMAND: POST /session/c560a4da8281d0ae87757c6686821c71/element/f.437C3BD069600255C914999B9931D078.d.322D3DEB28EF41EF2090993438A9FE88.e.28790/click - {}
RESULT: {}
RESULT: {}
COMMAND: POST /session/c560a4da8281d0ae87757c6686821c71/execute/async - {"script":"<script> [1562 bytes]","args":[{"selector":{"controlType":"sap.m.Input","viewName":"etm.portal.ui.manageyards.view.New","viewId":"application-manageyards-display-component---NewYard","bindingPath":{"path":"","propertyPath":"/CONTROLLING_AREA","modelName":"NewYardModel"},"interaction":{"idSuffix":"inner"}},"wdio_ui5_key":"etmportal.ui.manageyards.view.Newsap.m.Input{\"path\":\"\",\"propertyPath\":\"/CONTROLLING_AREA\",\"modelName\":\"NewYardModel\"}"}]}
COMMAND: GET /session/c560a4da8281d0ae87757c6686821c71/screenshot - {}
RESULT: {"script":"<script> [1562 bytes]","args":[{"selector":{"controlType":"sap.m.Input","viewName":"etm.portal.ui.manageyards.view.New","viewId":"application-manageyards-display-component---NewYard","bindingPath":{"path":"","propertyPath":"/CONTROLLING_AREA","modelName":"NewYardModel"},"interaction":{"idSuffix":"inner"}},"wdio_ui5_key":"etmportal.ui.manageyards.view.Newsap.m.Input{\"path\":\"\",\"propertyPath\":\"/CONTROLLING_AREA\",\"modelName\":\"NewYardModel\"}"}]}
RESULT: undefined
COMMAND: POST /session/c560a4da8281d0ae87757c6686821c71/execute/async - {"script":"<script> [776 bytes]","args":[{"enterText":"Z001","selector":{"controlType":"sap.m.Input","viewName":"etm.portal.ui.manageyards.view.New","viewId":"application-manageyards-display-component---NewYard","bindingPath":{"path":"","propertyPath":"/CONTROLLING_AREA","modelName":"NewYardModel"},"interaction":{"idSuffix":"inner"}},"clearTextFirst":true,"interactionType":"ENTER_TEXT"}]}
RESULT: {}
RESULT: {"script":"<script> [776 bytes]","args":[{"enterText":"Z001","selector":{"controlType":"sap.m.Input","viewName":"etm.portal.ui.manageyards.view.New","viewId":"application-manageyards-display-component---NewYard","bindingPath":{"path":"","propertyPath":"/CONTROLLING_AREA","modelName":"NewYardModel"},"interaction":{"idSuffix":"inner"}},"clearTextFirst":true,"interactionType":"ENTER_TEXT"}]}
COMMAND: POST /session/c560a4da8281d0ae87757c6686821c71/execute/async - {"script":"<script> [1562 bytes]","args":[{"selector":{"id":"application-manageyards-display-component---NewYard--companyCodeComboBox","interaction":{"idSuffix":"inner"}},"wdio_ui5_key":"applicationmanageyards-display-component---NewYard--companyCodeComboBox"}]}
RESULT: {"script":"<script> [1562 bytes]","args":[{"selector":{"id":"application-manageyards-display-component---NewYard--companyCodeComboBox","interaction":{"idSuffix":"inner"}},"wdio_ui5_key":"applicationmanageyards-display-component---NewYard--companyCodeComboBox"}]}
RESULT: undefined
COMMAND: POST /session/c560a4da8281d0ae87757c6686821c71/execute/async - {"script":"<script> [776 bytes]","args":[{"enterText":"1000","selector":{"id":"application-manageyards-display-component---NewYard--companyCodeComboBox","interaction":{"idSuffix":"inner"}},"clearTextFirst":true,"interactionType":"ENTER_TEXT"}]}
RESULT: {"script":"<script> [776 bytes]","args":[{"enterText":"1000","selector":{"id":"application-manageyards-display-component---NewYard--companyCodeComboBox","interaction":{"idSuffix":"inner"}},"clearTextFirst":true,"interactionType":"ENTER_TEXT"}]}
COMMAND: POST /session/c560a4da8281d0ae87757c6686821c71/execute/async - {"script":"<script> [1562 bytes]","args":[{"selector":{"controlType":"sap.m.Input","viewName":"etm.portal.ui.manageyards.view.New","viewId":"application-manageyards-display-component---NewYard","bindingPath":{"path":"","propertyPath":"/PLANT","modelName":"NewYardModel"},"interaction":{"idSuffix":"inner"}},"wdio_ui5_key":"etmportal.ui.manageyards.view.Newsap.m.Input{\"path\":\"\",\"propertyPath\":\"/PLANT\",\"modelName\":\"NewYardModel\"}"}]}
RESULT: {"script":"<script> [1562 bytes]","args":[{"selector":{"controlType":"sap.m.Input","viewName":"etm.portal.ui.manageyards.view.New","viewId":"application-manageyards-display-component---NewYard","bindingPath":{"path":"","propertyPath":"/PLANT","modelName":"NewYardModel"},"interaction":{"idSuffix":"inner"}},"wdio_ui5_key":"etmportal.ui.manageyards.view.Newsap.m.Input{\"path\":\"\",\"propertyPath\":\"/PLANT\",\"modelName\":\"NewYardModel\"}"}]}
RESULT: undefined
COMMAND: POST /session/c560a4da8281d0ae87757c6686821c71/execute/async - {"script":"<script> [776 bytes]","args":[{"enterText":"1001","selector":{"controlType":"sap.m.Input","viewName":"etm.portal.ui.manageyards.view.New","viewId":"application-manageyards-display-component---NewYard","bindingPath":{"path":"","propertyPath":"/PLANT","modelName":"NewYardModel"},"interaction":{"idSuffix":"inner"}},"clearTextFirst":true,"interactionType":"ENTER_TEXT"}]}
RESULT: {"script":"<script> [776 bytes]","args":[{"enterText":"1001","selector":{"controlType":"sap.m.Input","viewName":"etm.portal.ui.manageyards.view.New","viewId":"application-manageyards-display-component---NewYard","bindingPath":{"path":"","propertyPath":"/PLANT","modelName":"NewYardModel"},"interaction":{"idSuffix":"inner"}},"clearTextFirst":true,"interactionType":"ENTER_TEXT"}]}
COMMAND: POST /session/c560a4da8281d0ae87757c6686821c71/execute/async - {"script":"<script> [1562 bytes]","args":[{"selector":{"controlType":"sap.m.Input","viewName":"etm.portal.ui.manageyards.view.New","viewId":"application-manageyards-display-component---NewYard","bindingPath":{"path":"","propertyPath":"/SALES_AREA_VKORG","modelName":"NewYardModel"},"interaction":{"idSuffix":"inner"}},"wdio_ui5_key":"etmportal.ui.manageyards.view.Newsap.m.Input{\"path\":\"\",\"propertyPath\":\"/SALES_AREA_VKORG\",\"modelName\":\"NewYardModel\"}"}]}
RESULT: {"script":"<script> [1562 bytes]","args":[{"selector":{"controlType":"sap.m.Input","viewName":"etm.portal.ui.manageyards.view.New","viewId":"application-manageyards-display-component---NewYard","bindingPath":{"path":"","propertyPath":"/SALES_AREA_VKORG","modelName":"NewYardModel"},"interaction":{"idSuffix":"inner"}},"wdio_ui5_key":"etmportal.ui.manageyards.view.Newsap.m.Input{\"path\":\"\",\"propertyPath\":\"/SALES_AREA_VKORG\",\"modelName\":\"NewYardModel\"}"}]}
RESULT: undefined
COMMAND: POST /session/c560a4da8281d0ae87757c6686821c71/execute/async - {"script":"<script> [776 bytes]","args":[{"enterText":"C002","selector":{"controlType":"sap.m.Input","viewName":"etm.portal.ui.manageyards.view.New","viewId":"application-manageyards-display-component---NewYard","bindingPath":{"path":"","propertyPath":"/SALES_AREA_VKORG","modelName":"NewYardModel"},"interaction":{"idSuffix":"inner"}},"clearTextFirst":true,"interactionType":"ENTER_TEXT"}]}
RESULT: {"script":"<script> [776 bytes]","args":[{"enterText":"C002","selector":{"controlType":"sap.m.Input","viewName":"etm.portal.ui.manageyards.view.New","viewId":"application-manageyards-display-component---NewYard","bindingPath":{"path":"","propertyPath":"/SALES_AREA_VKORG","modelName":"NewYardModel"},"interaction":{"idSuffix":"inner"}},"clearTextFirst":true,"interactionType":"ENTER_TEXT"}]}
COMMAND: POST /session/c560a4da8281d0ae87757c6686821c71/execute/async - {"script":"<script> [1562 bytes]","args":[{"selector":{"controlType":"sap.m.Input","viewName":"etm.portal.ui.manageyards.view.New","viewId":"application-manageyards-display-component---NewYard","bindingPath":{"path":"","propertyPath":"/SALES_AREA_VTWEG","modelName":"NewYardModel"},"interaction":{"idSuffix":"inner"}},"wdio_ui5_key":"etmportal.ui.manageyards.view.Newsap.m.Input{\"path\":\"\",\"propertyPath\":\"/SALES_AREA_VTWEG\",\"modelName\":\"NewYardModel\"}"}]}
RESULT: {"script":"<script> [1562 bytes]","args":[{"selector":{"controlType":"sap.m.Input","viewName":"etm.portal.ui.manageyards.view.New","viewId":"application-manageyards-display-component---NewYard","bindingPath":{"path":"","propertyPath":"/SALES_AREA_VTWEG","modelName":"NewYardModel"},"interaction":{"idSuffix":"inner"}},"wdio_ui5_key":"etmportal.ui.manageyards.view.Newsap.m.Input{\"path\":\"\",\"propertyPath\":\"/SALES_AREA_VTWEG\",\"modelName\":\"NewYardModel\"}"}]}
RESULT: undefined
COMMAND: POST /session/c560a4da8281d0ae87757c6686821c71/execute/async - {"script":"<script> [776 bytes]","args":[{"enterText":"C2","selector":{"controlType":"sap.m.Input","viewName":"etm.portal.ui.manageyards.view.New","viewId":"application-manageyards-display-component---NewYard","bindingPath":{"path":"","propertyPath":"/SALES_AREA_VTWEG","modelName":"NewYardModel"},"interaction":{"idSuffix":"inner"}},"clearTextFirst":true,"interactionType":"ENTER_TEXT"}]}
RESULT: {"script":"<script> [776 bytes]","args":[{"enterText":"C2","selector":{"controlType":"sap.m.Input","viewName":"etm.portal.ui.manageyards.view.New","viewId":"application-manageyards-display-component---NewYard","bindingPath":{"path":"","propertyPath":"/SALES_AREA_VTWEG","modelName":"NewYardModel"},"interaction":{"idSuffix":"inner"}},"clearTextFirst":true,"interactionType":"ENTER_TEXT"}]}
COMMAND: POST /session/c560a4da8281d0ae87757c6686821c71/execute/async - {"script":"<script> [1562 bytes]","args":[{"selector":{"controlType":"sap.m.Input","viewName":"etm.portal.ui.manageyards.view.New","viewId":"application-manageyards-display-component---NewYard","bindingPath":{"path":"","propertyPath":"/SALES_AREA_SPART","modelName":"NewYardModel"},"interaction":{"idSuffix":"inner"}},"wdio_ui5_key":"etmportal.ui.manageyards.view.Newsap.m.Input{\"path\":\"\",\"propertyPath\":\"/SALES_AREA_SPART\",\"modelName\":\"NewYardModel\"}"}]}
RESULT: {"script":"<script> [1562 bytes]","args":[{"selector":{"controlType":"sap.m.Input","viewName":"etm.portal.ui.manageyards.view.New","viewId":"application-manageyards-display-component---NewYard","bindingPath":{"path":"","propertyPath":"/SALES_AREA_SPART","modelName":"NewYardModel"},"interaction":{"idSuffix":"inner"}},"wdio_ui5_key":"etmportal.ui.manageyards.view.Newsap.m.Input{\"path\":\"\",\"propertyPath\":\"/SALES_AREA_SPART\",\"modelName\":\"NewYardModel\"}"}]}
RESULT: undefined
COMMAND: POST /session/c560a4da8281d0ae87757c6686821c71/execute/async - {"script":"<script> [776 bytes]","args":[{"enterText":"C2","selector":{"controlType":"sap.m.Input","viewName":"etm.portal.ui.manageyards.view.New","viewId":"application-manageyards-display-component---NewYard","bindingPath":{"path":"","propertyPath":"/SALES_AREA_SPART","modelName":"NewYardModel"},"interaction":{"idSuffix":"inner"}},"clearTextFirst":true,"interactionType":"ENTER_TEXT"}]}
RESULT: {"script":"<script> [776 bytes]","args":[{"enterText":"C2","selector":{"controlType":"sap.m.Input","viewName":"etm.portal.ui.manageyards.view.New","viewId":"application-manageyards-display-component---NewYard","bindingPath":{"path":"","propertyPath":"/SALES_AREA_SPART","modelName":"NewYardModel"},"interaction":{"idSuffix":"inner"}},"clearTextFirst":true,"interactionType":"ENTER_TEXT"}]}
COMMAND: POST /session/c560a4da8281d0ae87757c6686821c71/execute/async - {"script":"<script> [1562 bytes]","args":[{"selector":{"controlType":"sap.m.Input","viewName":"etm.portal.ui.manageyards.view.New","viewId":"application-manageyards-display-component---NewYard","bindingPath":{"path":"","propertyPath":"/SHIP_POINT","modelName":"NewYardModel"},"interaction":{"idSuffix":"inner"}},"wdio_ui5_key":"etmportal.ui.manageyards.view.Newsap.m.Input{\"path\":\"\",\"propertyPath\":\"/SHIP_POINT\",\"modelName\":\"NewYardModel\"}"}]}
RESULT: {"script":"<script> [1562 bytes]","args":[{"selector":{"controlType":"sap.m.Input","viewName":"etm.portal.ui.manageyards.view.New","viewId":"application-manageyards-display-component---NewYard","bindingPath":{"path":"","propertyPath":"/SHIP_POINT","modelName":"NewYardModel"},"interaction":{"idSuffix":"inner"}},"wdio_ui5_key":"etmportal.ui.manageyards.view.Newsap.m.Input{\"path\":\"\",\"propertyPath\":\"/SHIP_POINT\",\"modelName\":\"NewYardModel\"}"}]}
RESULT: undefined
COMMAND: POST /session/c560a4da8281d0ae87757c6686821c71/execute/async - {"script":"<script> [776 bytes]","args":[{"enterText":"1710","selector":{"controlType":"sap.m.Input","viewName":"etm.portal.ui.manageyards.view.New","viewId":"application-manageyards-display-component---NewYard","bindingPath":{"path":"","propertyPath":"/SHIP_POINT","modelName":"NewYardModel"},"interaction":{"idSuffix":"inner"}},"clearTextFirst":true,"interactionType":"ENTER_TEXT"}]}
RESULT: {"script":"<script> [776 bytes]","args":[{"enterText":"1710","selector":{"controlType":"sap.m.Input","viewName":"etm.portal.ui.manageyards.view.New","viewId":"application-manageyards-display-component---NewYard","bindingPath":{"path":"","propertyPath":"/SHIP_POINT","modelName":"NewYardModel"},"interaction":{"idSuffix":"inner"}},"clearTextFirst":true,"interactionType":"ENTER_TEXT"}]}
COMMAND: POST /session/c560a4da8281d0ae87757c6686821c71/execute/async - {"script":"<script> [1562 bytes]","args":[{"selector":{"controlType":"sap.m.Input","viewName":"etm.portal.ui.manageyards.view.New","viewId":"application-manageyards-display-component---NewYard","bindingPath":{"path":"","propertyPath":"/DELIVERY_TYPE","modelName":"NewYardModel"},"interaction":{"idSuffix":"inner"}},"wdio_ui5_key":"etmportal.ui.manageyards.view.Newsap.m.Input{\"path\":\"\",\"propertyPath\":\"/DELIVERY_TYPE\",\"modelName\":\"NewYardModel\"}"}]}
RESULT: {"script":"<script> [1562 bytes]","args":[{"selector":{"controlType":"sap.m.Input","viewName":"etm.portal.ui.manageyards.view.New","viewId":"application-manageyards-display-component---NewYard","bindingPath":{"path":"","propertyPath":"/DELIVERY_TYPE","modelName":"NewYardModel"},"interaction":{"idSuffix":"inner"}},"wdio_ui5_key":"etmportal.ui.manageyards.view.Newsap.m.Input{\"path\":\"\",\"propertyPath\":\"/DELIVERY_TYPE\",\"modelName\":\"NewYardModel\"}"}]}
RESULT: undefined
COMMAND: POST /session/c560a4da8281d0ae87757c6686821c71/execute/async - {"script":"<script> [776 bytes]","args":[{"enterText":"ZL01","selector":{"controlType":"sap.m.Input","viewName":"etm.portal.ui.manageyards.view.New","viewId":"application-manageyards-display-component---NewYard","bindingPath":{"path":"","propertyPath":"/DELIVERY_TYPE","modelName":"NewYardModel"},"interaction":{"idSuffix":"inner"}},"clearTextFirst":true,"interactionType":"ENTER_TEXT"}]}
RESULT: {"script":"<script> [776 bytes]","args":[{"enterText":"ZL01","selector":{"controlType":"sap.m.Input","viewName":"etm.portal.ui.manageyards.view.New","viewId":"application-manageyards-display-component---NewYard","bindingPath":{"path":"","propertyPath":"/DELIVERY_TYPE","modelName":"NewYardModel"},"interaction":{"idSuffix":"inner"}},"clearTextFirst":true,"interactionType":"ENTER_TEXT"}]}
COMMAND: POST /session/c560a4da8281d0ae87757c6686821c71/execute/async - {"script":"<script> [1562 bytes]","args":[{"selector":{"controlType":"sap.m.Input","viewName":"etm.portal.ui.manageyards.view.New","viewId":"application-manageyards-display-component---NewYard","bindingPath":{"path":"","propertyPath":"/AUART","modelName":"NewYardModel"},"interaction":{"idSuffix":"inner"}},"wdio_ui5_key":"etmportal.ui.manageyards.view.Newsap.m.Input{\"path\":\"\",\"propertyPath\":\"/AUART\",\"modelName\":\"NewYardModel\"}"}]}
RESULT: {"script":"<script> [1562 bytes]","args":[{"selector":{"controlType":"sap.m.Input","viewName":"etm.portal.ui.manageyards.view.New","viewId":"application-manageyards-display-component---NewYard","bindingPath":{"path":"","propertyPath":"/AUART","modelName":"NewYardModel"},"interaction":{"idSuffix":"inner"}},"wdio_ui5_key":"etmportal.ui.manageyards.view.Newsap.m.Input{\"path\":\"\",\"propertyPath\":\"/AUART\",\"modelName\":\"NewYardModel\"}"}]}
RESULT: undefined
COMMAND: POST /session/c560a4da8281d0ae87757c6686821c71/execute/async - {"script":"<script> [776 bytes]","args":[{"enterText":"TA","selector":{"controlType":"sap.m.Input","viewName":"etm.portal.ui.manageyards.view.New","viewId":"application-manageyards-display-component---NewYard","bindingPath":{"path":"","propertyPath":"/AUART","modelName":"NewYardModel"},"interaction":{"idSuffix":"inner"}},"clearTextFirst":true,"interactionType":"ENTER_TEXT"}]}
RESULT: {"script":"<script> [776 bytes]","args":[{"enterText":"TA","selector":{"controlType":"sap.m.Input","viewName":"etm.portal.ui.manageyards.view.New","viewId":"application-manageyards-display-component---NewYard","bindingPath":{"path":"","propertyPath":"/AUART","modelName":"NewYardModel"},"interaction":{"idSuffix":"inner"}},"clearTextFirst":true,"interactionType":"ENTER_TEXT"}]}
COMMAND: POST /session/c560a4da8281d0ae87757c6686821c71/element - {"using":"xpath","value":"//button[@data-kt=\"newYardSaveButton\"]"}
RESULT: {"using":"xpath","value":"//button[@data-kt=\"newYardSaveButton\"]"}
COMMAND: POST /session/c560a4da8281d0ae87757c6686821c71/element/f.437C3BD069600255C914999B9931D078.d.322D3DEB28EF41EF2090993438A9FE88.e.28717/click - {}
RESULT: {}
COMMAND: GET /session/c560a4da8281d0ae87757c6686821c71/screenshot - {}
RESULT: {}
COMMAND: POST /session/c560a4da8281d0ae87757c6686821c71/element - {"using":"xpath","value":"//header[contains(@id, 'ObjectPageLayout-headerTitle')]/div[1]/div[2]/div[1]/span[1]"}
RESULT: {"using":"xpath","value":"//header[contains(@id, 'ObjectPageLayout-headerTitle')]/div[1]/div[2]/div[1]/span[1]"}
COMMAND: POST /session/c560a4da8281d0ae87757c6686821c71/elements - {"using":"xpath","value":"//header[contains(@id, 'ObjectPageLayout-headerTitle')]/div[1]/div[2]/div[1]/span[1]"}
RESULT: {"using":"xpath","value":"//header[contains(@id, 'ObjectPageLayout-headerTitle')]/div[1]/div[2]/div[1]/span[1]"}
COMMAND: POST /session/c560a4da8281d0ae87757c6686821c71/execute/sync - {"script":"<script> [56 bytes]","args":[{"element-6066-11e4-a52e-4f735466cecf":"f.437C3BD069600255C914999B9931D078.d.322D3DEB28EF41EF2090993438A9FE88.e.29013","ELEMENT":"f.437C3BD069600255C914999B9931D078.d.322D3DEB28EF41EF2090993438A9FE88.e.29013"}]}
RESULT: {"script":"<script> [56 bytes]","args":[{"element-6066-11e4-a52e-4f735466cecf":"f.437C3BD069600255C914999B9931D078.d.322D3DEB28EF41EF2090993438A9FE88.e.29013","ELEMENT":"f.437C3BD069600255C914999B9931D078.d.322D3DEB28EF41EF2090993438A9FE88.e.29013"}]}
COMMAND: GET /session/c560a4da8281d0ae87757c6686821c71/screenshot - {}
RESULT: {}
COMMAND: POST /session/c560a4da8281d0ae87757c6686821c71/element - {"using":"css selector","value":"#shell-header-logo"}
RESULT: {"using":"css selector","value":"#shell-header-logo"}
COMMAND: POST /session/c560a4da8281d0ae87757c6686821c71/element/f.437C3BD069600255C914999B9931D078.d.322D3DEB28EF41EF2090993438A9FE88.e.28147/click - {}
RESULT: {}
COMMAND: GET /session/c560a4da8281d0ae87757c6686821c71/screenshot - {}
RESULT: {}
COMMAND: POST /session/c560a4da8281d0ae87757c6686821c71/execute/sync - {"script":"<script> [299 bytes]","args":[["getModel","getResource"]]}
RESULT: {"script":"<script> [299 bytes]","args":[["getModel","getResource"]]}
]]></system-out>
    </testcase>
    <testcase classname="chrome.137_0_7151_69.windows.Transfer_Yard_to_Yard_US131076" name="Should create an equipment" time="149.376">
      <system-out><![CDATA[
COMMAND: POST /session/c560a4da8281d0ae87757c6686821c71/execute/async - {"script":"<script> [1562 bytes]","args":[{"selector":{"controlType":"sap.m.GenericTile","properties":{"header":"Manage Resources"}},"wdio_ui5_key":"sapm.GenericTile{\"header\":\"Manage Resources\"}"}]}
COMMAND: GET /session/c560a4da8281d0ae87757c6686821c71/screenshot - {}
RESULT: {"script":"<script> [1562 bytes]","args":[{"selector":{"controlType":"sap.m.GenericTile","properties":{"header":"Manage Resources"}},"wdio_ui5_key":"sapm.GenericTile{\"header\":\"Manage Resources\"}"}]}
RESULT: undefined
COMMAND: POST /session/c560a4da8281d0ae87757c6686821c71/element - {"using":"xpath","value":"//*[@id=\"__tile32\"]"}
RESULT: {}
RESULT: {"using":"xpath","value":"//*[@id=\"__tile32\"]"}
COMMAND: POST /session/c560a4da8281d0ae87757c6686821c71/element/f.437C3BD069600255C914999B9931D078.d.322D3DEB28EF41EF2090993438A9FE88.e.28166/click - {}
RESULT: {}
COMMAND: GET /session/c560a4da8281d0ae87757c6686821c71/screenshot - {}
RESULT: {}
COMMAND: POST /session/c560a4da8281d0ae87757c6686821c71/elements - {"using":"xpath","value":"//span[text()='Error']"}
RESULT: {"using":"xpath","value":"//span[text()='Error']"}
COMMAND: POST /session/c560a4da8281d0ae87757c6686821c71/element - {"using":"xpath","value":"//button[@data-kt=\"addNewRUOverflowToolbarButton\"]"}
RESULT: {"using":"xpath","value":"//button[@data-kt=\"addNewRUOverflowToolbarButton\"]"}
COMMAND: POST /session/c560a4da8281d0ae87757c6686821c71/elements - {"using":"xpath","value":"//button[@data-kt=\"addNewRUOverflowToolbarButton\"]"}
RESULT: {"using":"xpath","value":"//button[@data-kt=\"addNewRUOverflowToolbarButton\"]"}
COMMAND: POST /session/c560a4da8281d0ae87757c6686821c71/execute/sync - {"script":"<script> [8489 bytes]","args":[{"element-6066-11e4-a52e-4f735466cecf":"f.437C3BD069600255C914999B9931D078.d.322D3DEB28EF41EF2090993438A9FE88.e.29060","ELEMENT":"f.437C3BD069600255C914999B9931D078.d.322D3DEB28EF41EF2090993438A9FE88.e.29060"}]}
RESULT: {"script":"<script> [8489 bytes]","args":[{"element-6066-11e4-a52e-4f735466cecf":"f.437C3BD069600255C914999B9931D078.d.322D3DEB28EF41EF2090993438A9FE88.e.29060","ELEMENT":"f.437C3BD069600255C914999B9931D078.d.322D3DEB28EF41EF2090993438A9FE88.e.29060"}]}
COMMAND: GET /session/c560a4da8281d0ae87757c6686821c71/element/f.437C3BD069600255C914999B9931D078.d.322D3DEB28EF41EF2090993438A9FE88.e.29060/enabled - {}
COMMAND: GET /session/c560a4da8281d0ae87757c6686821c71/screenshot - {}
RESULT: {}
COMMAND: POST /session/c560a4da8281d0ae87757c6686821c71/execute/sync - {"script":"<script> [8489 bytes]","args":[{"element-6066-11e4-a52e-4f735466cecf":"f.437C3BD069600255C914999B9931D078.d.322D3DEB28EF41EF2090993438A9FE88.e.29060","ELEMENT":"f.437C3BD069600255C914999B9931D078.d.322D3DEB28EF41EF2090993438A9FE88.e.29060"}]}
COMMAND: GET /session/c560a4da8281d0ae87757c6686821c71/screenshot - {}
RESULT: {}
RESULT: {"script":"<script> [8489 bytes]","args":[{"element-6066-11e4-a52e-4f735466cecf":"f.437C3BD069600255C914999B9931D078.d.322D3DEB28EF41EF2090993438A9FE88.e.29060","ELEMENT":"f.437C3BD069600255C914999B9931D078.d.322D3DEB28EF41EF2090993438A9FE88.e.29060"}]}
COMMAND: POST /session/c560a4da8281d0ae87757c6686821c71/execute/sync - {"script":"<script> [5351 bytes]","args":[{"element-6066-11e4-a52e-4f735466cecf":"f.437C3BD069600255C914999B9931D078.d.322D3DEB28EF41EF2090993438A9FE88.e.29060","ELEMENT":"f.437C3BD069600255C914999B9931D078.d.322D3DEB28EF41EF2090993438A9FE88.e.29060"}]}
COMMAND: GET /session/c560a4da8281d0ae87757c6686821c71/screenshot - {}
RESULT: {}
RESULT: {"script":"<script> [5351 bytes]","args":[{"element-6066-11e4-a52e-4f735466cecf":"f.437C3BD069600255C914999B9931D078.d.322D3DEB28EF41EF2090993438A9FE88.e.29060","ELEMENT":"f.437C3BD069600255C914999B9931D078.d.322D3DEB28EF41EF2090993438A9FE88.e.29060"}]}
COMMAND: POST /session/c560a4da8281d0ae87757c6686821c71/element/f.437C3BD069600255C914999B9931D078.d.322D3DEB28EF41EF2090993438A9FE88.e.29060/click - {}
COMMAND: GET /session/c560a4da8281d0ae87757c6686821c71/screenshot - {}
RESULT: {}
RESULT: {}
COMMAND: GET /session/c560a4da8281d0ae87757c6686821c71/screenshot - {}
RESULT: {}
RESULT: {}
COMMAND: POST /session/c560a4da8281d0ae87757c6686821c71/execute/async - {"script":"<script> [1562 bytes]","args":[{"selector":{"id":"application-manageresources-display-component---newResourceUnit--TYPE-arrow"},"wdio_ui5_key":"applicationmanageresources-display-component---newResourceUnit--TYPE-arrow"}]}
RESULT: {"script":"<script> [1562 bytes]","args":[{"selector":{"id":"application-manageresources-display-component---newResourceUnit--TYPE-arrow"},"wdio_ui5_key":"applicationmanageresources-display-component---newResourceUnit--TYPE-arrow"}]}
RESULT: undefined
COMMAND: POST /session/c560a4da8281d0ae87757c6686821c71/element - {"using":"xpath","value":"//*[@id=\"application-manageresources-display-component---newResourceUnit--TYPE-arrow\"]"}
RESULT: {"using":"xpath","value":"//*[@id=\"application-manageresources-display-component---newResourceUnit--TYPE-arrow\"]"}
COMMAND: POST /session/c560a4da8281d0ae87757c6686821c71/element/f.437C3BD069600255C914999B9931D078.d.322D3DEB28EF41EF2090993438A9FE88.e.29415/click - {}
RESULT: {}
COMMAND: POST /session/c560a4da8281d0ae87757c6686821c71/element - {"using":"xpath","value":"//input[@id=\"application-manageresources-display-component---newResourceUnit--TYPE-inner\"]"}
COMMAND: GET /session/c560a4da8281d0ae87757c6686821c71/screenshot - {}
RESULT: {"using":"xpath","value":"//input[@id=\"application-manageresources-display-component---newResourceUnit--TYPE-inner\"]"}
COMMAND: POST /session/c560a4da8281d0ae87757c6686821c71/element/f.437C3BD069600255C914999B9931D078.d.322D3DEB28EF41EF2090993438A9FE88.e.29402/clear - {}
RESULT: {}
RESULT: {}
COMMAND: POST /session/c560a4da8281d0ae87757c6686821c71/element/f.437C3BD069600255C914999B9931D078.d.322D3DEB28EF41EF2090993438A9FE88.e.29402/value - {"text":"Equipment"}
COMMAND: GET /session/c560a4da8281d0ae87757c6686821c71/screenshot - {}
RESULT: {"text":"Equipment"}
COMMAND: GET /session/c560a4da8281d0ae87757c6686821c71/screenshot - {}
RESULT: {}
RESULT: {}
COMMAND: POST /session/c560a4da8281d0ae87757c6686821c71/actions - {"actions":[{"id":"action86","type":"key","parameters":{},"actions":[{"type":"keyDown","value":""},{"type":"pause","duration":10},{"type":"keyUp","value":""}]}]}
RESULT: {"actions":[{"id":"action86","type":"key","parameters":{},"actions":[{"type":"keyDown","value":""},{"type":"pause","duration":10},{"type":"keyUp","value":""}]}]}
COMMAND: POST /session/c560a4da8281d0ae87757c6686821c71/execute/async - {"script":"<script> [1562 bytes]","args":[{"selector":{"id":"application-manageresources-display-component---newResourceUnit--resourceId","interaction":{"idSuffix":"inner"}},"wdio_ui5_key":"applicationmanageresources-display-component---newResourceUnit--resourceId"}]}
COMMAND: GET /session/c560a4da8281d0ae87757c6686821c71/screenshot - {}
RESULT: {"script":"<script> [1562 bytes]","args":[{"selector":{"id":"application-manageresources-display-component---newResourceUnit--resourceId","interaction":{"idSuffix":"inner"}},"wdio_ui5_key":"applicationmanageresources-display-component---newResourceUnit--resourceId"}]}
RESULT: undefined
COMMAND: POST /session/c560a4da8281d0ae87757c6686821c71/execute/async - {"script":"<script> [776 bytes]","args":[{"enterText":"UxNvY1kIrn","selector":{"id":"application-manageresources-display-component---newResourceUnit--resourceId","interaction":{"idSuffix":"inner"}},"clearTextFirst":true,"interactionType":"ENTER_TEXT"}]}
RESULT: {}
RESULT: {"script":"<script> [776 bytes]","args":[{"enterText":"UxNvY1kIrn","selector":{"id":"application-manageresources-display-component---newResourceUnit--resourceId","interaction":{"idSuffix":"inner"}},"clearTextFirst":true,"interactionType":"ENTER_TEXT"}]}
COMMAND: POST /session/c560a4da8281d0ae87757c6686821c71/execute/async - {"script":"<script> [1562 bytes]","args":[{"selector":{"id":"application-manageresources-display-component---newResourceUnit--SHORT_TEXT","interaction":{"idSuffix":"inner"}},"wdio_ui5_key":"applicationmanageresources-display-component---newResourceUnit--SHORT_TEXT"}]}
RESULT: {"script":"<script> [1562 bytes]","args":[{"selector":{"id":"application-manageresources-display-component---newResourceUnit--SHORT_TEXT","interaction":{"idSuffix":"inner"}},"wdio_ui5_key":"applicationmanageresources-display-component---newResourceUnit--SHORT_TEXT"}]}
RESULT: undefined
COMMAND: POST /session/c560a4da8281d0ae87757c6686821c71/execute/async - {"script":"<script> [776 bytes]","args":[{"enterText":"Intercompany Equipment WDIO","selector":{"id":"application-manageresources-display-component---newResourceUnit--SHORT_TEXT","interaction":{"idSuffix":"inner"}},"clearTextFirst":true,"interactionType":"ENTER_TEXT"}]}
RESULT: {"script":"<script> [776 bytes]","args":[{"enterText":"Intercompany Equipment WDIO","selector":{"id":"application-manageresources-display-component---newResourceUnit--SHORT_TEXT","interaction":{"idSuffix":"inner"}},"clearTextFirst":true,"interactionType":"ENTER_TEXT"}]}
COMMAND: POST /session/c560a4da8281d0ae87757c6686821c71/execute/async - {"script":"<script> [1562 bytes]","args":[{"selector":{"id":"application-manageresources-display-component---newResourceUnit--BASE_UNIT_OF_MEASURE","interaction":{"idSuffix":"inner"}},"wdio_ui5_key":"applicationmanageresources-display-component---newResourceUnit--BASE_UNIT_OF_MEASURE"}]}
RESULT: {"script":"<script> [1562 bytes]","args":[{"selector":{"id":"application-manageresources-display-component---newResourceUnit--BASE_UNIT_OF_MEASURE","interaction":{"idSuffix":"inner"}},"wdio_ui5_key":"applicationmanageresources-display-component---newResourceUnit--BASE_UNIT_OF_MEASURE"}]}
RESULT: undefined
COMMAND: POST /session/c560a4da8281d0ae87757c6686821c71/execute/async - {"script":"<script> [776 bytes]","args":[{"enterText":"Piece","selector":{"id":"application-manageresources-display-component---newResourceUnit--BASE_UNIT_OF_MEASURE","interaction":{"idSuffix":"inner"}},"clearTextFirst":true,"interactionType":"ENTER_TEXT"}]}
RESULT: {"script":"<script> [776 bytes]","args":[{"enterText":"Piece","selector":{"id":"application-manageresources-display-component---newResourceUnit--BASE_UNIT_OF_MEASURE","interaction":{"idSuffix":"inner"}},"clearTextFirst":true,"interactionType":"ENTER_TEXT"}]}
COMMAND: POST /session/c560a4da8281d0ae87757c6686821c71/execute/async - {"script":"<script> [1562 bytes]","args":[{"selector":{"id":"application-manageresources-display-component---newResourceUnit--WEIGHT_UNIT","interaction":{"idSuffix":"inner"}},"wdio_ui5_key":"applicationmanageresources-display-component---newResourceUnit--WEIGHT_UNIT"}]}
RESULT: {"script":"<script> [1562 bytes]","args":[{"selector":{"id":"application-manageresources-display-component---newResourceUnit--WEIGHT_UNIT","interaction":{"idSuffix":"inner"}},"wdio_ui5_key":"applicationmanageresources-display-component---newResourceUnit--WEIGHT_UNIT"}]}
RESULT: undefined
COMMAND: POST /session/c560a4da8281d0ae87757c6686821c71/execute/async - {"script":"<script> [776 bytes]","args":[{"enterText":"Gram","selector":{"id":"application-manageresources-display-component---newResourceUnit--WEIGHT_UNIT","interaction":{"idSuffix":"inner"}},"clearTextFirst":true,"interactionType":"ENTER_TEXT"}]}
RESULT: {"script":"<script> [776 bytes]","args":[{"enterText":"Gram","selector":{"id":"application-manageresources-display-component---newResourceUnit--WEIGHT_UNIT","interaction":{"idSuffix":"inner"}},"clearTextFirst":true,"interactionType":"ENTER_TEXT"}]}
COMMAND: POST /session/c560a4da8281d0ae87757c6686821c71/execute/async - {"script":"<script> [1562 bytes]","args":[{"selector":{"id":"application-manageresources-display-component---newResourceUnit--DIMENSION_UNIT","interaction":{"idSuffix":"inner"}},"wdio_ui5_key":"applicationmanageresources-display-component---newResourceUnit--DIMENSION_UNIT"}]}
RESULT: {"script":"<script> [1562 bytes]","args":[{"selector":{"id":"application-manageresources-display-component---newResourceUnit--DIMENSION_UNIT","interaction":{"idSuffix":"inner"}},"wdio_ui5_key":"applicationmanageresources-display-component---newResourceUnit--DIMENSION_UNIT"}]}
RESULT: undefined
COMMAND: POST /session/c560a4da8281d0ae87757c6686821c71/execute/async - {"script":"<script> [776 bytes]","args":[{"enterText":"Meter","selector":{"id":"application-manageresources-display-component---newResourceUnit--DIMENSION_UNIT","interaction":{"idSuffix":"inner"}},"clearTextFirst":true,"interactionType":"ENTER_TEXT"}]}
RESULT: {"script":"<script> [776 bytes]","args":[{"enterText":"Meter","selector":{"id":"application-manageresources-display-component---newResourceUnit--DIMENSION_UNIT","interaction":{"idSuffix":"inner"}},"clearTextFirst":true,"interactionType":"ENTER_TEXT"}]}
COMMAND: POST /session/c560a4da8281d0ae87757c6686821c71/execute/async - {"script":"<script> [1562 bytes]","args":[{"selector":{"id":"application-manageresources-display-component---newResourceUnit--newRRUPage-anchBar-application-manageresources-display-component---newResourceUnit--control-anchor","interaction":{"idSuffix":"BDI-content"}},"wdio_ui5_key":"applicationmanageresources-display-component---newResourceUnit--newRRUPage-anchBar-application-manageresources-display-component---newResourceUnit--control-anchor"}]}
RESULT: {"script":"<script> [1562 bytes]","args":[{"selector":{"id":"application-manageresources-display-component---newResourceUnit--newRRUPage-anchBar-application-manageresources-display-component---newResourceUnit--control-anchor","interaction":{"idSuffix":"BDI-content"}},"wdio_ui5_key":"applicationmanageresources-display-component---newResourceUnit--newRRUPage-anchBar-application-manageresources-display-component---newResourceUnit--control-anchor"}]}
RESULT: undefined
COMMAND: POST /session/c560a4da8281d0ae87757c6686821c71/element - {"using":"xpath","value":"//*[@id=\"application-manageresources-display-component---newResourceUnit--newRRUPage-anchBar-application-manageresources-display-component---newResourceUnit--control-anchor\"]"}
RESULT: {"using":"xpath","value":"//*[@id=\"application-manageresources-display-component---newResourceUnit--newRRUPage-anchBar-application-manageresources-display-component---newResourceUnit--control-anchor\"]"}
COMMAND: POST /session/c560a4da8281d0ae87757c6686821c71/element/f.437C3BD069600255C914999B9931D078.d.322D3DEB28EF41EF2090993438A9FE88.e.29573/click - {}
RESULT: {}
COMMAND: POST /session/c560a4da8281d0ae87757c6686821c71/execute/async - {"script":"<script> [1562 bytes]","args":[{"selector":{"id":"application-manageresources-display-component---newResourceUnit--PLANNING_GROUP","interaction":{"idSuffix":"inner"}},"wdio_ui5_key":"applicationmanageresources-display-component---newResourceUnit--PLANNING_GROUP"}]}
COMMAND: GET /session/c560a4da8281d0ae87757c6686821c71/screenshot - {}
RESULT: {"script":"<script> [1562 bytes]","args":[{"selector":{"id":"application-manageresources-display-component---newResourceUnit--PLANNING_GROUP","interaction":{"idSuffix":"inner"}},"wdio_ui5_key":"applicationmanageresources-display-component---newResourceUnit--PLANNING_GROUP"}]}
RESULT: undefined
COMMAND: POST /session/c560a4da8281d0ae87757c6686821c71/execute/async - {"script":"<script> [776 bytes]","args":[{"enterText":"Heavy Equi","selector":{"id":"application-manageresources-display-component---newResourceUnit--PLANNING_GROUP","interaction":{"idSuffix":"inner"}},"clearTextFirst":true,"interactionType":"ENTER_TEXT"}]}
RESULT: {}
RESULT: {"script":"<script> [776 bytes]","args":[{"enterText":"Heavy Equi","selector":{"id":"application-manageresources-display-component---newResourceUnit--PLANNING_GROUP","interaction":{"idSuffix":"inner"}},"clearTextFirst":true,"interactionType":"ENTER_TEXT"}]}
COMMAND: POST /session/c560a4da8281d0ae87757c6686821c71/execute/async - {"script":"<script> [1562 bytes]","args":[{"selector":{"id":"application-manageresources-display-component---newResourceUnit--ITEM_TYPE-arrow"},"wdio_ui5_key":"applicationmanageresources-display-component---newResourceUnit--ITEM_TYPE-arrow"}]}
RESULT: {"script":"<script> [1562 bytes]","args":[{"selector":{"id":"application-manageresources-display-component---newResourceUnit--ITEM_TYPE-arrow"},"wdio_ui5_key":"applicationmanageresources-display-component---newResourceUnit--ITEM_TYPE-arrow"}]}
RESULT: undefined
COMMAND: POST /session/c560a4da8281d0ae87757c6686821c71/element - {"using":"xpath","value":"//*[@id=\"application-manageresources-display-component---newResourceUnit--ITEM_TYPE-arrow\"]"}
RESULT: {"using":"xpath","value":"//*[@id=\"application-manageresources-display-component---newResourceUnit--ITEM_TYPE-arrow\"]"}
COMMAND: POST /session/c560a4da8281d0ae87757c6686821c71/element/f.437C3BD069600255C914999B9931D078.d.322D3DEB28EF41EF2090993438A9FE88.e.29580/click - {}
RESULT: {}
COMMAND: POST /session/c560a4da8281d0ae87757c6686821c71/element - {"using":"xpath","value":"//ul[contains(@id,\"ITEM_TYPE-popup-list-listUl\")]//li[.//span[contains(text(),\"Resource Unit\")]]"}
COMMAND: GET /session/c560a4da8281d0ae87757c6686821c71/screenshot - {}
RESULT: {"using":"xpath","value":"//ul[contains(@id,\"ITEM_TYPE-popup-list-listUl\")]//li[.//span[contains(text(),\"Resource Unit\")]]"}
COMMAND: POST /session/c560a4da8281d0ae87757c6686821c71/element/f.437C3BD069600255C914999B9931D078.d.322D3DEB28EF41EF2090993438A9FE88.e.29581/click - {}
RESULT: {}
RESULT: {}
COMMAND: GET /session/c560a4da8281d0ae87757c6686821c71/screenshot - {}
RESULT: {}
COMMAND: POST /session/c560a4da8281d0ae87757c6686821c71/element - {"using":"css selector","value":"#application-manageresources-display-component---newResourceUnit--btnAddTimeSegment"}
RESULT: {"using":"css selector","value":"#application-manageresources-display-component---newResourceUnit--btnAddTimeSegment"}
COMMAND: GET /session/c560a4da8281d0ae87757c6686821c71/element/f.437C3BD069600255C914999B9931D078.d.322D3DEB28EF41EF2090993438A9FE88.e.29590/rect - {}
RESULT: {}
COMMAND: GET /session/c560a4da8281d0ae87757c6686821c71/window/rect - {}
RESULT: {}
COMMAND: POST /session/c560a4da8281d0ae87757c6686821c71/execute/sync - {"script":"<script> [92 bytes]","args":[]}
RESULT: {"script":"<script> [92 bytes]","args":[]}
COMMAND: POST /session/c560a4da8281d0ae87757c6686821c71/actions - {"actions":[{"id":"action87","type":"wheel","parameters":{},"actions":[{"type":"scroll","x":-1888,"y":-32,"deltaX":0,"deltaY":0,"duration":0,"origin":{"element-6066-11e4-a52e-4f735466cecf":"f.437C3BD069600255C914999B9931D078.d.322D3DEB28EF41EF2090993438A9FE88.e.29590"}}]}]}
COMMAND: GET /session/c560a4da8281d0ae87757c6686821c71/screenshot - {}
RESULT: {}
COMMAND: POST /session/c560a4da8281d0ae87757c6686821c71/execute/sync - {"script":"<script> [79 bytes]","args":[{"element-6066-11e4-a52e-4f735466cecf":"f.437C3BD069600255C914999B9931D078.d.322D3DEB28EF41EF2090993438A9FE88.e.29590","ELEMENT":"f.437C3BD069600255C914999B9931D078.d.322D3DEB28EF41EF2090993438A9FE88.e.29590"},{"block":"start","inline":"nearest"}]}
RESULT: {"script":"<script> [79 bytes]","args":[{"element-6066-11e4-a52e-4f735466cecf":"f.437C3BD069600255C914999B9931D078.d.322D3DEB28EF41EF2090993438A9FE88.e.29590","ELEMENT":"f.437C3BD069600255C914999B9931D078.d.322D3DEB28EF41EF2090993438A9FE88.e.29590"},{"block":"start","inline":"nearest"}]}
COMMAND: POST /session/c560a4da8281d0ae87757c6686821c71/execute/async - {"script":"<script> [1562 bytes]","args":[{"selector":{"id":"application-manageresources-display-component---newResourceUnit--btnAddTimeSegment","interaction":{"idSuffix":"inner"}},"wdio_ui5_key":"applicationmanageresources-display-component---newResourceUnit--btnAddTimeSegment"}]}
COMMAND: GET /session/c560a4da8281d0ae87757c6686821c71/screenshot - {}
RESULT: {"script":"<script> [1562 bytes]","args":[{"selector":{"id":"application-manageresources-display-component---newResourceUnit--btnAddTimeSegment","interaction":{"idSuffix":"inner"}},"wdio_ui5_key":"applicationmanageresources-display-component---newResourceUnit--btnAddTimeSegment"}]}
RESULT: undefined
COMMAND: POST /session/c560a4da8281d0ae87757c6686821c71/element - {"using":"xpath","value":"//*[@id=\"application-manageresources-display-component---newResourceUnit--btnAddTimeSegment\"]"}
RESULT: {}
RESULT: {"using":"xpath","value":"//*[@id=\"application-manageresources-display-component---newResourceUnit--btnAddTimeSegment\"]"}
COMMAND: POST /session/c560a4da8281d0ae87757c6686821c71/element/f.437C3BD069600255C914999B9931D078.d.322D3DEB28EF41EF2090993438A9FE88.e.29590/click - {}
RESULT: {}
COMMAND: GET /session/c560a4da8281d0ae87757c6686821c71/screenshot - {}
RESULT: {}
COMMAND: POST /session/c560a4da8281d0ae87757c6686821c71/element - {"using":"xpath","value":"//input[@id=\"application-manageresources-display-component---newResourceUnit--idRuTSAdmin-application-manageresources-display-component---newResourceUnit--RUTimeSegment-0-inner\"]"}
RESULT: {"using":"xpath","value":"//input[@id=\"application-manageresources-display-component---newResourceUnit--idRuTSAdmin-application-manageresources-display-component---newResourceUnit--RUTimeSegment-0-inner\"]"}
COMMAND: POST /session/c560a4da8281d0ae87757c6686821c71/element/f.437C3BD069600255C914999B9931D078.d.322D3DEB28EF41EF2090993438A9FE88.e.29596/clear - {}
RESULT: {}
COMMAND: POST /session/c560a4da8281d0ae87757c6686821c71/element/f.437C3BD069600255C914999B9931D078.d.322D3DEB28EF41EF2090993438A9FE88.e.29596/value - {"text":"268"}
COMMAND: GET /session/c560a4da8281d0ae87757c6686821c71/screenshot - {}
RESULT: {"text":"268"}
COMMAND: GET /session/c560a4da8281d0ae87757c6686821c71/screenshot - {}
RESULT: {}
RESULT: {}
COMMAND: POST /session/c560a4da8281d0ae87757c6686821c71/element - {"using":"xpath","value":"//li[.//span[text()='268']]"}
RESULT: {"using":"xpath","value":"//li[.//span[text()='268']]"}
COMMAND: POST /session/c560a4da8281d0ae87757c6686821c71/element/f.437C3BD069600255C914999B9931D078.d.322D3DEB28EF41EF2090993438A9FE88.e.29608/click - {}
RESULT: {}
COMMAND: GET /session/c560a4da8281d0ae87757c6686821c71/screenshot - {}
RESULT: {}
COMMAND: POST /session/c560a4da8281d0ae87757c6686821c71/element - {"using":"xpath","value":"(//span[contains(@id, \"-application-manageresources-display-component---newResourceUnit--RUTimeSegment-0-arrow\")])[6]"}
RESULT: {"using":"xpath","value":"(//span[contains(@id, \"-application-manageresources-display-component---newResourceUnit--RUTimeSegment-0-arrow\")])[6]"}
COMMAND: POST /session/c560a4da8281d0ae87757c6686821c71/element/f.437C3BD069600255C914999B9931D078.d.322D3DEB28EF41EF2090993438A9FE88.e.29609/click - {}
RESULT: {}
COMMAND: GET /session/c560a4da8281d0ae87757c6686821c71/screenshot - {}
RESULT: {}
COMMAND: POST /session/c560a4da8281d0ae87757c6686821c71/element - {"using":"xpath","value":"//span[contains(text(), \"PM Order\")]"}
RESULT: {"using":"xpath","value":"//span[contains(text(), \"PM Order\")]"}
COMMAND: POST /session/c560a4da8281d0ae87757c6686821c71/element/f.437C3BD069600255C914999B9931D078.d.322D3DEB28EF41EF2090993438A9FE88.e.29612/click - {}
RESULT: {}
COMMAND: GET /session/c560a4da8281d0ae87757c6686821c71/screenshot - {}
RESULT: {}
COMMAND: POST /session/c560a4da8281d0ae87757c6686821c71/element - {"using":"xpath","value":"(//span[contains(@id ,\"manageresources-display-component---newResourceUnit--RUTimeSegment-0-vhi\")])[1]"}
RESULT: {"using":"xpath","value":"(//span[contains(@id ,\"manageresources-display-component---newResourceUnit--RUTimeSegment-0-vhi\")])[1]"}
COMMAND: GET /session/c560a4da8281d0ae87757c6686821c71/element/f.437C3BD069600255C914999B9931D078.d.322D3DEB28EF41EF2090993438A9FE88.e.29616/rect - {}
RESULT: {}
COMMAND: GET /session/c560a4da8281d0ae87757c6686821c71/window/rect - {}
RESULT: {}
COMMAND: POST /session/c560a4da8281d0ae87757c6686821c71/execute/sync - {"script":"<script> [92 bytes]","args":[]}
RESULT: {"script":"<script> [92 bytes]","args":[]}
COMMAND: POST /session/c560a4da8281d0ae87757c6686821c71/actions - {"actions":[{"id":"action88","type":"wheel","parameters":{},"actions":[{"type":"scroll","x":-869,"y":-24,"deltaX":0,"deltaY":0,"duration":0,"origin":{"element-6066-11e4-a52e-4f735466cecf":"f.437C3BD069600255C914999B9931D078.d.322D3DEB28EF41EF2090993438A9FE88.e.29616"}}]}]}
COMMAND: GET /session/c560a4da8281d0ae87757c6686821c71/screenshot - {}
RESULT: {"actions":[{"id":"action88","type":"wheel","parameters":{},"actions":[{"type":"scroll","x":-869,"y":-24,"deltaX":0,"deltaY":0,"duration":0,"origin":{"element-6066-11e4-a52e-4f735466cecf":"f.437C3BD069600255C914999B9931D078.d.322D3DEB28EF41EF2090993438A9FE88.e.29616"}}]}]}
COMMAND: DELETE /session/c560a4da8281d0ae87757c6686821c71/actions - {}
COMMAND: GET /session/c560a4da8281d0ae87757c6686821c71/screenshot - {}
RESULT: {}
RESULT: {}
COMMAND: GET /session/c560a4da8281d0ae87757c6686821c71/screenshot - {}
RESULT: {}
RESULT: {}
COMMAND: POST /session/c560a4da8281d0ae87757c6686821c71/element/f.437C3BD069600255C914999B9931D078.d.322D3DEB28EF41EF2090993438A9FE88.e.29616/click - {}
RESULT: {}
COMMAND: GET /session/c560a4da8281d0ae87757c6686821c71/screenshot - {}
RESULT: {}
RESULT: undefined
COMMAND: POST /session/c560a4da8281d0ae87757c6686821c71/execute/async - {"script":"<script> [776 bytes]","args":[{"enterText":"4000360","selector":{"controlType":"sap.m.SearchField","properties":{"placeholder":"Search"},"searchOpenDialogs":true,"interaction":{"idSuffix":"I"}},"clearTextFirst":true,"interactionType":"ENTER_TEXT"}]}
RESULT: {"script":"<script> [776 bytes]","args":[{"enterText":"4000360","selector":{"controlType":"sap.m.SearchField","properties":{"placeholder":"Search"},"searchOpenDialogs":true,"interaction":{"idSuffix":"I"}},"clearTextFirst":true,"interactionType":"ENTER_TEXT"}]}
COMMAND: POST /session/c560a4da8281d0ae87757c6686821c71/actions - {"actions":[{"id":"action89","type":"key","parameters":{},"actions":[{"type":"keyDown","value":""},{"type":"pause","duration":10},{"type":"keyUp","value":""}]}]}
RESULT: {"actions":[{"id":"action89","type":"key","parameters":{},"actions":[{"type":"keyDown","value":""},{"type":"pause","duration":10},{"type":"keyUp","value":""}]}]}
COMMAND: GET /session/c560a4da8281d0ae87757c6686821c71/screenshot - {}
RESULT: {}
COMMAND: POST /session/c560a4da8281d0ae87757c6686821c71/element - {"using":"xpath","value":"//td/div/span[contains(text(), \"BGL Vehicles\")]"}
RESULT: {"using":"xpath","value":"//td/div/span[contains(text(), \"BGL Vehicles\")]"}
COMMAND: POST /session/c560a4da8281d0ae87757c6686821c71/element/f.437C3BD069600255C914999B9931D078.d.322D3DEB28EF41EF2090993438A9FE88.e.29636/click - {}
RESULT: {}
COMMAND: GET /session/c560a4da8281d0ae87757c6686821c71/screenshot - {}
RESULT: {}
COMMAND: POST /session/c560a4da8281d0ae87757c6686821c71/element - {"using":"xpath","value":"//bdi[contains(text(), \"OK\")]"}
RESULT: {"using":"xpath","value":"//bdi[contains(text(), \"OK\")]"}
COMMAND: POST /session/c560a4da8281d0ae87757c6686821c71/element/f.437C3BD069600255C914999B9931D078.d.322D3DEB28EF41EF2090993438A9FE88.e.29637/click - {}
RESULT: {}
COMMAND: GET /session/c560a4da8281d0ae87757c6686821c71/screenshot - {}
RESULT: {}
COMMAND: POST /session/c560a4da8281d0ae87757c6686821c71/execute/async - {"script":"<script> [1562 bytes]","args":[{"selector":{"id":"application-manageresources-display-component---newResourceUnit--newRRUPage-anchBar-application-manageresources-display-component---newResourceUnit--resource-anchor","interaction":{"idSuffix":"BDI-content"}},"wdio_ui5_key":"applicationmanageresources-display-component---newResourceUnit--newRRUPage-anchBar-application-manageresources-display-component---newResourceUnit--resource-anchor"}]}
RESULT: {"script":"<script> [1562 bytes]","args":[{"selector":{"id":"application-manageresources-display-component---newResourceUnit--newRRUPage-anchBar-application-manageresources-display-component---newResourceUnit--resource-anchor","interaction":{"idSuffix":"BDI-content"}},"wdio_ui5_key":"applicationmanageresources-display-component---newResourceUnit--newRRUPage-anchBar-application-manageresources-display-component---newResourceUnit--resource-anchor"}]}
RESULT: undefined
COMMAND: POST /session/c560a4da8281d0ae87757c6686821c71/element - {"using":"xpath","value":"//*[@id=\"application-manageresources-display-component---newResourceUnit--newRRUPage-anchBar-application-manageresources-display-component---newResourceUnit--resource-anchor\"]"}
RESULT: {"using":"xpath","value":"//*[@id=\"application-manageresources-display-component---newResourceUnit--newRRUPage-anchBar-application-manageresources-display-component---newResourceUnit--resource-anchor\"]"}
COMMAND: POST /session/c560a4da8281d0ae87757c6686821c71/element/f.437C3BD069600255C914999B9931D078.d.322D3DEB28EF41EF2090993438A9FE88.e.29641/click - {}
RESULT: {}
COMMAND: POST /session/c560a4da8281d0ae87757c6686821c71/execute/async - {"script":"<script> [1562 bytes]","args":[{"selector":{"id":"application-manageresources-display-component---newResourceUnit--PLANNED_DELIVERY_DATE","interaction":{"idSuffix":"inner"}},"wdio_ui5_key":"applicationmanageresources-display-component---newResourceUnit--PLANNED_DELIVERY_DATE"}]}
COMMAND: GET /session/c560a4da8281d0ae87757c6686821c71/screenshot - {}
RESULT: {"script":"<script> [1562 bytes]","args":[{"selector":{"id":"application-manageresources-display-component---newResourceUnit--PLANNED_DELIVERY_DATE","interaction":{"idSuffix":"inner"}},"wdio_ui5_key":"applicationmanageresources-display-component---newResourceUnit--PLANNED_DELIVERY_DATE"}]}
RESULT: undefined
COMMAND: POST /session/c560a4da8281d0ae87757c6686821c71/execute/async - {"script":"<script> [6424 bytes]","args":[{"element-6066-11e4-a52e-4f735466cecf":"f.437C3BD069600255C914999B9931D078.d.322D3DEB28EF41EF2090993438A9FE88.e.29472"},"setValue",["6/14/25"]]}
RESULT: {}
RESULT: {"script":"<script> [6424 bytes]","args":[{"element-6066-11e4-a52e-4f735466cecf":"f.437C3BD069600255C914999B9931D078.d.322D3DEB28EF41EF2090993438A9FE88.e.29472"},"setValue",["6/14/25"]]}
COMMAND: POST /session/c560a4da8281d0ae87757c6686821c71/element - {"using":"xpath","value":"//label[contains(@class, 'sapMLabelRequired') and .//bdi[contains(text(), 'Planned Retirement')]]"}
RESULT: {"using":"xpath","value":"//label[contains(@class, 'sapMLabelRequired') and .//bdi[contains(text(), 'Planned Retirement')]]"}
COMMAND: POST /session/c560a4da8281d0ae87757c6686821c71/elements - {"using":"xpath","value":"//label[contains(@class, 'sapMLabelRequired') and .//bdi[contains(text(), 'Planned Retirement')]]"}
RESULT: {"using":"xpath","value":"//label[contains(@class, 'sapMLabelRequired') and .//bdi[contains(text(), 'Planned Retirement')]]"}
COMMAND: POST /session/c560a4da8281d0ae87757c6686821c71/element - {"using":"xpath","value":"//button[@data-kt=\"resourceUnitSaveButton\"]"}
RESULT: {"using":"xpath","value":"//button[@data-kt=\"resourceUnitSaveButton\"]"}
COMMAND: POST /session/c560a4da8281d0ae87757c6686821c71/element/f.437C3BD069600255C914999B9931D078.d.322D3DEB28EF41EF2090993438A9FE88.e.29432/click - {}
RESULT: {}
COMMAND: GET /session/c560a4da8281d0ae87757c6686821c71/screenshot - {}
RESULT: {}
COMMAND: POST /session/c560a4da8281d0ae87757c6686821c71/element - {"using":"xpath","value":"//bdi[contains(text(), \"Close\")]"}
RESULT: {"using":"xpath","value":"//bdi[contains(text(), \"Close\")]"}
COMMAND: POST /session/c560a4da8281d0ae87757c6686821c71/element/f.437C3BD069600255C914999B9931D078.d.322D3DEB28EF41EF2090993438A9FE88.e.29649/click - {}
RESULT: {}
COMMAND: GET /session/c560a4da8281d0ae87757c6686821c71/screenshot - {}
RESULT: {}
COMMAND: POST /session/c560a4da8281d0ae87757c6686821c71/element - {"using":"xpath","value":"(//button[contains(@id ,\"actionsToolbar-overflowButton\")])[1]"}
RESULT: {"using":"xpath","value":"(//button[contains(@id ,\"actionsToolbar-overflowButton\")])[1]"}
COMMAND: POST /session/c560a4da8281d0ae87757c6686821c71/element/f.437C3BD069600255C914999B9931D078.d.322D3DEB28EF41EF2090993438A9FE88.e.29680/click - {}
RESULT: {}
COMMAND: GET /session/c560a4da8281d0ae87757c6686821c71/screenshot - {}
RESULT: {}
COMMAND: POST /session/c560a4da8281d0ae87757c6686821c71/element - {"using":"xpath","value":"//button[@data-kt=\"priceInfoButton\"]"}
RESULT: {"using":"xpath","value":"//button[@data-kt=\"priceInfoButton\"]"}
COMMAND: POST /session/c560a4da8281d0ae87757c6686821c71/element/f.437C3BD069600255C914999B9931D078.d.322D3DEB28EF41EF2090993438A9FE88.e.29684/click - {}
RESULT: {}
COMMAND: GET /session/c560a4da8281d0ae87757c6686821c71/screenshot - {}
RESULT: {}
COMMAND: POST /session/c560a4da8281d0ae87757c6686821c71/element - {"using":"css selector","value":"#shell-header-logo"}
RESULT: {"using":"css selector","value":"#shell-header-logo"}
COMMAND: POST /session/c560a4da8281d0ae87757c6686821c71/element/f.437C3BD069600255C914999B9931D078.d.322D3DEB28EF41EF2090993438A9FE88.e.29020/click - {}
RESULT: {}
COMMAND: GET /session/c560a4da8281d0ae87757c6686821c71/screenshot - {}
RESULT: {}
]]></system-out>
    </testcase>
    <testcase classname="chrome.137_0_7151_69.windows.Transfer_Yard_to_Yard_US131076" name="Prereq Should create a new equipment multipart" time="124">
      <system-out><![CDATA[
RESULT: undefined
COMMAND: POST /session/c560a4da8281d0ae87757c6686821c71/element - {"using":"xpath","value":"//*[@id=\"__tile32\"]"}
RESULT: {"using":"xpath","value":"//*[@id=\"__tile32\"]"}
COMMAND: POST /session/c560a4da8281d0ae87757c6686821c71/element/f.437C3BD069600255C914999B9931D078.d.322D3DEB28EF41EF2090993438A9FE88.e.28166/click - {}
RESULT: {}
COMMAND: GET /session/c560a4da8281d0ae87757c6686821c71/screenshot - {}
RESULT: {}
COMMAND: POST /session/c560a4da8281d0ae87757c6686821c71/elements - {"using":"xpath","value":"//span[text()='Error']"}
RESULT: {"using":"xpath","value":"//span[text()='Error']"}
COMMAND: POST /session/c560a4da8281d0ae87757c6686821c71/element - {"using":"xpath","value":"//button[@data-kt=\"addNewRUOverflowToolbarButton\"]"}
RESULT: {"using":"xpath","value":"//button[@data-kt=\"addNewRUOverflowToolbarButton\"]"}
COMMAND: POST /session/c560a4da8281d0ae87757c6686821c71/elements - {"using":"xpath","value":"//button[@data-kt=\"addNewRUOverflowToolbarButton\"]"}
RESULT: {"using":"xpath","value":"//button[@data-kt=\"addNewRUOverflowToolbarButton\"]"}
COMMAND: POST /session/c560a4da8281d0ae87757c6686821c71/execute/sync - {"script":"<script> [8489 bytes]","args":[{"element-6066-11e4-a52e-4f735466cecf":"f.437C3BD069600255C914999B9931D078.d.322D3DEB28EF41EF2090993438A9FE88.e.29760","ELEMENT":"f.437C3BD069600255C914999B9931D078.d.322D3DEB28EF41EF2090993438A9FE88.e.29760"}]}
RESULT: {"script":"<script> [8489 bytes]","args":[{"element-6066-11e4-a52e-4f735466cecf":"f.437C3BD069600255C914999B9931D078.d.322D3DEB28EF41EF2090993438A9FE88.e.29760","ELEMENT":"f.437C3BD069600255C914999B9931D078.d.322D3DEB28EF41EF2090993438A9FE88.e.29760"}]}
COMMAND: GET /session/c560a4da8281d0ae87757c6686821c71/element/f.437C3BD069600255C914999B9931D078.d.322D3DEB28EF41EF2090993438A9FE88.e.29760/enabled - {}
COMMAND: GET /session/c560a4da8281d0ae87757c6686821c71/screenshot - {}
RESULT: {}
COMMAND: POST /session/c560a4da8281d0ae87757c6686821c71/execute/sync - {"script":"<script> [8489 bytes]","args":[{"element-6066-11e4-a52e-4f735466cecf":"f.437C3BD069600255C914999B9931D078.d.322D3DEB28EF41EF2090993438A9FE88.e.29760","ELEMENT":"f.437C3BD069600255C914999B9931D078.d.322D3DEB28EF41EF2090993438A9FE88.e.29760"}]}
COMMAND: GET /session/c560a4da8281d0ae87757c6686821c71/screenshot - {}
RESULT: {}
RESULT: {"script":"<script> [8489 bytes]","args":[{"element-6066-11e4-a52e-4f735466cecf":"f.437C3BD069600255C914999B9931D078.d.322D3DEB28EF41EF2090993438A9FE88.e.29760","ELEMENT":"f.437C3BD069600255C914999B9931D078.d.322D3DEB28EF41EF2090993438A9FE88.e.29760"}]}
COMMAND: POST /session/c560a4da8281d0ae87757c6686821c71/execute/sync - {"script":"<script> [5351 bytes]","args":[{"element-6066-11e4-a52e-4f735466cecf":"f.437C3BD069600255C914999B9931D078.d.322D3DEB28EF41EF2090993438A9FE88.e.29760","ELEMENT":"f.437C3BD069600255C914999B9931D078.d.322D3DEB28EF41EF2090993438A9FE88.e.29760"}]}
COMMAND: GET /session/c560a4da8281d0ae87757c6686821c71/screenshot - {}
RESULT: {}
RESULT: {"script":"<script> [5351 bytes]","args":[{"element-6066-11e4-a52e-4f735466cecf":"f.437C3BD069600255C914999B9931D078.d.322D3DEB28EF41EF2090993438A9FE88.e.29760","ELEMENT":"f.437C3BD069600255C914999B9931D078.d.322D3DEB28EF41EF2090993438A9FE88.e.29760"}]}
COMMAND: POST /session/c560a4da8281d0ae87757c6686821c71/element/f.437C3BD069600255C914999B9931D078.d.322D3DEB28EF41EF2090993438A9FE88.e.29760/click - {}
COMMAND: GET /session/c560a4da8281d0ae87757c6686821c71/screenshot - {}
RESULT: {}
RESULT: {}
COMMAND: GET /session/c560a4da8281d0ae87757c6686821c71/screenshot - {}
RESULT: undefined
COMMAND: POST /session/c560a4da8281d0ae87757c6686821c71/element - {"using":"xpath","value":"//*[@id=\"application-manageresources-display-component---newResourceUnit--TYPE-arrow\"]"}
RESULT: {}
RESULT: {}
RESULT: {"using":"xpath","value":"//*[@id=\"application-manageresources-display-component---newResourceUnit--TYPE-arrow\"]"}
COMMAND: POST /session/c560a4da8281d0ae87757c6686821c71/element/f.437C3BD069600255C914999B9931D078.d.322D3DEB28EF41EF2090993438A9FE88.e.29928/click - {}
RESULT: {}
COMMAND: POST /session/c560a4da8281d0ae87757c6686821c71/element - {"using":"xpath","value":"//input[@id=\"application-manageresources-display-component---newResourceUnit--TYPE-inner\"]"}
COMMAND: GET /session/c560a4da8281d0ae87757c6686821c71/screenshot - {}
RESULT: {"using":"xpath","value":"//input[@id=\"application-manageresources-display-component---newResourceUnit--TYPE-inner\"]"}
COMMAND: POST /session/c560a4da8281d0ae87757c6686821c71/element/f.437C3BD069600255C914999B9931D078.d.322D3DEB28EF41EF2090993438A9FE88.e.29813/clear - {}
RESULT: {}
RESULT: {}
COMMAND: POST /session/c560a4da8281d0ae87757c6686821c71/element/f.437C3BD069600255C914999B9931D078.d.322D3DEB28EF41EF2090993438A9FE88.e.29813/value - {"text":"Equi Multipart"}
COMMAND: GET /session/c560a4da8281d0ae87757c6686821c71/screenshot - {}
RESULT: {"text":"Equi Multipart"}
COMMAND: GET /session/c560a4da8281d0ae87757c6686821c71/screenshot - {}
RESULT: {}
RESULT: {}
COMMAND: POST /session/c560a4da8281d0ae87757c6686821c71/actions - {"actions":[{"id":"action90","type":"key","parameters":{},"actions":[{"type":"keyDown","value":""},{"type":"pause","duration":10},{"type":"keyUp","value":""}]}]}
RESULT: {"actions":[{"id":"action90","type":"key","parameters":{},"actions":[{"type":"keyDown","value":""},{"type":"pause","duration":10},{"type":"keyUp","value":""}]}]}
RESULT: undefined
COMMAND: POST /session/c560a4da8281d0ae87757c6686821c71/execute/async - {"script":"<script> [776 bytes]","args":[{"enterText":"Equipment Multipart WDIO","selector":{"id":"application-manageresources-display-component---newResourceUnit--SHORT_TEXT","interaction":{"idSuffix":"inner"}},"clearTextFirst":true,"interactionType":"ENTER_TEXT"}]}
COMMAND: GET /session/c560a4da8281d0ae87757c6686821c71/screenshot - {}
RESULT: {"script":"<script> [776 bytes]","args":[{"enterText":"Equipment Multipart WDIO","selector":{"id":"application-manageresources-display-component---newResourceUnit--SHORT_TEXT","interaction":{"idSuffix":"inner"}},"clearTextFirst":true,"interactionType":"ENTER_TEXT"}]}
RESULT: undefined
COMMAND: POST /session/c560a4da8281d0ae87757c6686821c71/execute/async - {"script":"<script> [776 bytes]","args":[{"enterText":"Piece","selector":{"id":"application-manageresources-display-component---newResourceUnit--BASE_UNIT_OF_MEASURE","interaction":{"idSuffix":"inner"}},"clearTextFirst":true,"interactionType":"ENTER_TEXT"}]}
RESULT: {}
RESULT: {"script":"<script> [776 bytes]","args":[{"enterText":"Piece","selector":{"id":"application-manageresources-display-component---newResourceUnit--BASE_UNIT_OF_MEASURE","interaction":{"idSuffix":"inner"}},"clearTextFirst":true,"interactionType":"ENTER_TEXT"}]}
RESULT: undefined
COMMAND: POST /session/c560a4da8281d0ae87757c6686821c71/execute/async - {"script":"<script> [776 bytes]","args":[{"enterText":"Gram","selector":{"id":"application-manageresources-display-component---newResourceUnit--WEIGHT_UNIT","interaction":{"idSuffix":"inner"}},"clearTextFirst":true,"interactionType":"ENTER_TEXT"}]}
RESULT: {"script":"<script> [776 bytes]","args":[{"enterText":"Gram","selector":{"id":"application-manageresources-display-component---newResourceUnit--WEIGHT_UNIT","interaction":{"idSuffix":"inner"}},"clearTextFirst":true,"interactionType":"ENTER_TEXT"}]}
RESULT: undefined
COMMAND: POST /session/c560a4da8281d0ae87757c6686821c71/execute/async - {"script":"<script> [776 bytes]","args":[{"enterText":"Meter","selector":{"id":"application-manageresources-display-component---newResourceUnit--DIMENSION_UNIT","interaction":{"idSuffix":"inner"}},"clearTextFirst":true,"interactionType":"ENTER_TEXT"}]}
RESULT: {"script":"<script> [776 bytes]","args":[{"enterText":"Meter","selector":{"id":"application-manageresources-display-component---newResourceUnit--DIMENSION_UNIT","interaction":{"idSuffix":"inner"}},"clearTextFirst":true,"interactionType":"ENTER_TEXT"}]}
RESULT: undefined
COMMAND: POST /session/c560a4da8281d0ae87757c6686821c71/element - {"using":"xpath","value":"//*[@id=\"application-manageresources-display-component---newResourceUnit--newRRUPage-anchBar-application-manageresources-display-component---newResourceUnit--control-anchor\"]"}
RESULT: {"using":"xpath","value":"//*[@id=\"application-manageresources-display-component---newResourceUnit--newRRUPage-anchBar-application-manageresources-display-component---newResourceUnit--control-anchor\"]"}
COMMAND: POST /session/c560a4da8281d0ae87757c6686821c71/element/f.437C3BD069600255C914999B9931D078.d.322D3DEB28EF41EF2090993438A9FE88.e.30057/click - {}
RESULT: {}
RESULT: undefined
COMMAND: POST /session/c560a4da8281d0ae87757c6686821c71/execute/async - {"script":"<script> [776 bytes]","args":[{"enterText":"Heavy Equi","selector":{"id":"application-manageresources-display-component---newResourceUnit--PLANNING_GROUP","interaction":{"idSuffix":"inner"}},"clearTextFirst":true,"interactionType":"ENTER_TEXT"}]}
COMMAND: GET /session/c560a4da8281d0ae87757c6686821c71/screenshot - {}
RESULT: {"script":"<script> [776 bytes]","args":[{"enterText":"Heavy Equi","selector":{"id":"application-manageresources-display-component---newResourceUnit--PLANNING_GROUP","interaction":{"idSuffix":"inner"}},"clearTextFirst":true,"interactionType":"ENTER_TEXT"}]}
RESULT: {}
COMMAND: POST /session/c560a4da8281d0ae87757c6686821c71/execute/async - {"script":"<script> [1562 bytes]","args":[{"selector":{"id":"application-manageresources-display-component---newResourceUnit--PLANNING_INDICATOR","interaction":{"idSuffix":"inner"}},"wdio_ui5_key":"applicationmanageresources-display-component---newResourceUnit--PLANNING_INDICATOR"}]}
RESULT: {"script":"<script> [1562 bytes]","args":[{"selector":{"id":"application-manageresources-display-component---newResourceUnit--PLANNING_INDICATOR","interaction":{"idSuffix":"inner"}},"wdio_ui5_key":"applicationmanageresources-display-component---newResourceUnit--PLANNING_INDICATOR"}]}
RESULT: undefined
COMMAND: POST /session/c560a4da8281d0ae87757c6686821c71/execute/async - {"script":"<script> [776 bytes]","args":[{"enterText":"10 - infinite","selector":{"id":"application-manageresources-display-component---newResourceUnit--PLANNING_INDICATOR","interaction":{"idSuffix":"inner"}},"clearTextFirst":true,"interactionType":"ENTER_TEXT"}]}
RESULT: {"script":"<script> [776 bytes]","args":[{"enterText":"10 - infinite","selector":{"id":"application-manageresources-display-component---newResourceUnit--PLANNING_INDICATOR","interaction":{"idSuffix":"inner"}},"clearTextFirst":true,"interactionType":"ENTER_TEXT"}]}
RESULT: undefined
COMMAND: POST /session/c560a4da8281d0ae87757c6686821c71/element - {"using":"xpath","value":"//*[@id=\"application-manageresources-display-component---newResourceUnit--ITEM_TYPE-arrow\"]"}
RESULT: {"using":"xpath","value":"//*[@id=\"application-manageresources-display-component---newResourceUnit--ITEM_TYPE-arrow\"]"}
COMMAND: POST /session/c560a4da8281d0ae87757c6686821c71/element/f.437C3BD069600255C914999B9931D078.d.322D3DEB28EF41EF2090993438A9FE88.e.30064/click - {}
RESULT: {}
COMMAND: GET /session/c560a4da8281d0ae87757c6686821c71/screenshot - {}
RESULT: {}
COMMAND: POST /session/c560a4da8281d0ae87757c6686821c71/execute/async - {"script":"<script> [1562 bytes]","args":[{"selector":{"controlType":"sap.m.StandardListItem","viewName":"reusables.view.manageresources.NewResourceUnit","viewId":"application-manageresources-display-component---newResourceUnit","properties":{"title":"Pool Equipment"},"searchOpenDialogs":true,"interaction":{"idSuffix":"content"}},"wdio_ui5_key":"reusablesview.manageresources.NewResourceUnitsap.m.StandardListItem{\"title\":\"Pool Equipment\"}"}]}
RESULT: {"script":"<script> [1562 bytes]","args":[{"selector":{"controlType":"sap.m.StandardListItem","viewName":"reusables.view.manageresources.NewResourceUnit","viewId":"application-manageresources-display-component---newResourceUnit","properties":{"title":"Pool Equipment"},"searchOpenDialogs":true,"interaction":{"idSuffix":"content"}},"wdio_ui5_key":"reusablesview.manageresources.NewResourceUnitsap.m.StandardListItem{\"title\":\"Pool Equipment\"}"}]}
RESULT: undefined
COMMAND: POST /session/c560a4da8281d0ae87757c6686821c71/element - {"using":"xpath","value":"//*[@id=\"__item1132\"]"}
RESULT: {"using":"xpath","value":"//*[@id=\"__item1132\"]"}
COMMAND: POST /session/c560a4da8281d0ae87757c6686821c71/element/f.437C3BD069600255C914999B9931D078.d.322D3DEB28EF41EF2090993438A9FE88.e.30066/click - {}
RESULT: {}
COMMAND: GET /session/c560a4da8281d0ae87757c6686821c71/screenshot - {}
RESULT: {}
COMMAND: POST /session/c560a4da8281d0ae87757c6686821c71/element - {"using":"css selector","value":"#application-manageresources-display-component---newResourceUnit--btnAddTimeSegment"}
RESULT: {"using":"css selector","value":"#application-manageresources-display-component---newResourceUnit--btnAddTimeSegment"}
COMMAND: GET /session/c560a4da8281d0ae87757c6686821c71/element/f.437C3BD069600255C914999B9931D078.d.322D3DEB28EF41EF2090993438A9FE88.e.30128/rect - {}
RESULT: {}
COMMAND: GET /session/c560a4da8281d0ae87757c6686821c71/window/rect - {}
RESULT: {}
COMMAND: POST /session/c560a4da8281d0ae87757c6686821c71/execute/sync - {"script":"<script> [92 bytes]","args":[]}
RESULT: {"script":"<script> [92 bytes]","args":[]}
COMMAND: POST /session/c560a4da8281d0ae87757c6686821c71/actions - {"actions":[{"id":"action91","type":"wheel","parameters":{},"actions":[{"type":"scroll","x":-1888,"y":-32,"deltaX":0,"deltaY":0,"duration":0,"origin":{"element-6066-11e4-a52e-4f735466cecf":"f.437C3BD069600255C914999B9931D078.d.322D3DEB28EF41EF2090993438A9FE88.e.30128"}}]}]}
COMMAND: GET /session/c560a4da8281d0ae87757c6686821c71/screenshot - {}
RESULT: {}
COMMAND: POST /session/c560a4da8281d0ae87757c6686821c71/execute/sync - {"script":"<script> [79 bytes]","args":[{"element-6066-11e4-a52e-4f735466cecf":"f.437C3BD069600255C914999B9931D078.d.322D3DEB28EF41EF2090993438A9FE88.e.30128","ELEMENT":"f.437C3BD069600255C914999B9931D078.d.322D3DEB28EF41EF2090993438A9FE88.e.30128"},{"block":"start","inline":"nearest"}]}
RESULT: {"script":"<script> [79 bytes]","args":[{"element-6066-11e4-a52e-4f735466cecf":"f.437C3BD069600255C914999B9931D078.d.322D3DEB28EF41EF2090993438A9FE88.e.30128","ELEMENT":"f.437C3BD069600255C914999B9931D078.d.322D3DEB28EF41EF2090993438A9FE88.e.30128"},{"block":"start","inline":"nearest"}]}
RESULT: undefined
COMMAND: POST /session/c560a4da8281d0ae87757c6686821c71/element - {"using":"xpath","value":"//*[@id=\"application-manageresources-display-component---newResourceUnit--btnAddTimeSegment\"]"}
COMMAND: GET /session/c560a4da8281d0ae87757c6686821c71/screenshot - {}
RESULT: {"using":"xpath","value":"//*[@id=\"application-manageresources-display-component---newResourceUnit--btnAddTimeSegment\"]"}
COMMAND: POST /session/c560a4da8281d0ae87757c6686821c71/element/f.437C3BD069600255C914999B9931D078.d.322D3DEB28EF41EF2090993438A9FE88.e.30128/click - {}
RESULT: {}
RESULT: {}
COMMAND: GET /session/c560a4da8281d0ae87757c6686821c71/screenshot - {}
RESULT: {}
COMMAND: POST /session/c560a4da8281d0ae87757c6686821c71/element - {"using":"xpath","value":"//input[@id=\"application-manageresources-display-component---newResourceUnit--idRuTSAdmin-application-manageresources-display-component---newResourceUnit--RUTimeSegment-0-inner\"]"}
RESULT: {"using":"xpath","value":"//input[@id=\"application-manageresources-display-component---newResourceUnit--idRuTSAdmin-application-manageresources-display-component---newResourceUnit--RUTimeSegment-0-inner\"]"}
COMMAND: POST /session/c560a4da8281d0ae87757c6686821c71/element/f.437C3BD069600255C914999B9931D078.d.322D3DEB28EF41EF2090993438A9FE88.e.30133/clear - {}
RESULT: {}
COMMAND: POST /session/c560a4da8281d0ae87757c6686821c71/element/f.437C3BD069600255C914999B9931D078.d.322D3DEB28EF41EF2090993438A9FE88.e.30133/value - {"text":"268"}
COMMAND: GET /session/c560a4da8281d0ae87757c6686821c71/screenshot - {}
RESULT: {"text":"268"}
COMMAND: GET /session/c560a4da8281d0ae87757c6686821c71/screenshot - {}
RESULT: {}
RESULT: {}
COMMAND: POST /session/c560a4da8281d0ae87757c6686821c71/element - {"using":"xpath","value":"//li[.//span[text()='268']]"}
RESULT: {"using":"xpath","value":"//li[.//span[text()='268']]"}
COMMAND: POST /session/c560a4da8281d0ae87757c6686821c71/element/f.437C3BD069600255C914999B9931D078.d.322D3DEB28EF41EF2090993438A9FE88.e.30144/click - {}
RESULT: {}
COMMAND: GET /session/c560a4da8281d0ae87757c6686821c71/screenshot - {}
RESULT: {}
COMMAND: POST /session/c560a4da8281d0ae87757c6686821c71/element - {"using":"xpath","value":"(//span[contains(@id, \"-application-manageresources-display-component---newResourceUnit--RUTimeSegment-0-arrow\")])[5]"}
RESULT: {"using":"xpath","value":"(//span[contains(@id, \"-application-manageresources-display-component---newResourceUnit--RUTimeSegment-0-arrow\")])[5]"}
COMMAND: POST /session/c560a4da8281d0ae87757c6686821c71/element/f.437C3BD069600255C914999B9931D078.d.322D3DEB28EF41EF2090993438A9FE88.e.30145/click - {}
RESULT: {}
COMMAND: GET /session/c560a4da8281d0ae87757c6686821c71/screenshot - {}
RESULT: {}
COMMAND: POST /session/c560a4da8281d0ae87757c6686821c71/element - {"using":"xpath","value":"//span[contains(text(), \"PM Order\")]"}
RESULT: {"using":"xpath","value":"//span[contains(text(), \"PM Order\")]"}
COMMAND: POST /session/c560a4da8281d0ae87757c6686821c71/element/f.437C3BD069600255C914999B9931D078.d.322D3DEB28EF41EF2090993438A9FE88.e.30146/click - {}
RESULT: {}
COMMAND: GET /session/c560a4da8281d0ae87757c6686821c71/screenshot - {}
RESULT: {}
COMMAND: POST /session/c560a4da8281d0ae87757c6686821c71/element - {"using":"xpath","value":"(//span[contains(@id ,\"manageresources-display-component---newResourceUnit--RUTimeSegment-0-vhi\")])[1]"}
RESULT: {"using":"xpath","value":"(//span[contains(@id ,\"manageresources-display-component---newResourceUnit--RUTimeSegment-0-vhi\")])[1]"}
COMMAND: GET /session/c560a4da8281d0ae87757c6686821c71/element/f.437C3BD069600255C914999B9931D078.d.322D3DEB28EF41EF2090993438A9FE88.e.30150/rect - {}
RESULT: {}
COMMAND: GET /session/c560a4da8281d0ae87757c6686821c71/window/rect - {}
RESULT: {}
COMMAND: POST /session/c560a4da8281d0ae87757c6686821c71/execute/sync - {"script":"<script> [92 bytes]","args":[]}
RESULT: {"script":"<script> [92 bytes]","args":[]}
COMMAND: POST /session/c560a4da8281d0ae87757c6686821c71/actions - {"actions":[{"id":"action92","type":"wheel","parameters":{},"actions":[{"type":"scroll","x":-1888,"y":-24,"deltaX":0,"deltaY":0,"duration":0,"origin":{"element-6066-11e4-a52e-4f735466cecf":"f.437C3BD069600255C914999B9931D078.d.322D3DEB28EF41EF2090993438A9FE88.e.30150"}}]}]}
COMMAND: GET /session/c560a4da8281d0ae87757c6686821c71/screenshot - {}
RESULT: {}
COMMAND: POST /session/c560a4da8281d0ae87757c6686821c71/execute/sync - {"script":"<script> [79 bytes]","args":[{"element-6066-11e4-a52e-4f735466cecf":"f.437C3BD069600255C914999B9931D078.d.322D3DEB28EF41EF2090993438A9FE88.e.30150","ELEMENT":"f.437C3BD069600255C914999B9931D078.d.322D3DEB28EF41EF2090993438A9FE88.e.30150"},{"block":"start","inline":"nearest"}]}
RESULT: {"script":"<script> [79 bytes]","args":[{"element-6066-11e4-a52e-4f735466cecf":"f.437C3BD069600255C914999B9931D078.d.322D3DEB28EF41EF2090993438A9FE88.e.30150","ELEMENT":"f.437C3BD069600255C914999B9931D078.d.322D3DEB28EF41EF2090993438A9FE88.e.30150"},{"block":"start","inline":"nearest"}]}
COMMAND: GET /session/c560a4da8281d0ae87757c6686821c71/screenshot - {}
RESULT: {}
COMMAND: POST /session/c560a4da8281d0ae87757c6686821c71/element/f.437C3BD069600255C914999B9931D078.d.322D3DEB28EF41EF2090993438A9FE88.e.30150/click - {}
RESULT: {}
COMMAND: GET /session/c560a4da8281d0ae87757c6686821c71/screenshot - {}
RESULT: {}
RESULT: undefined
COMMAND: POST /session/c560a4da8281d0ae87757c6686821c71/execute/async - {"script":"<script> [776 bytes]","args":[{"enterText":"4000360","selector":{"controlType":"sap.m.SearchField","properties":{"placeholder":"Search"},"searchOpenDialogs":true,"interaction":{"idSuffix":"I"}},"clearTextFirst":true,"interactionType":"ENTER_TEXT"}]}
RESULT: {"script":"<script> [776 bytes]","args":[{"enterText":"4000360","selector":{"controlType":"sap.m.SearchField","properties":{"placeholder":"Search"},"searchOpenDialogs":true,"interaction":{"idSuffix":"I"}},"clearTextFirst":true,"interactionType":"ENTER_TEXT"}]}
COMMAND: POST /session/c560a4da8281d0ae87757c6686821c71/actions - {"actions":[{"id":"action93","type":"key","parameters":{},"actions":[{"type":"keyDown","value":""},{"type":"pause","duration":10},{"type":"keyUp","value":""}]}]}
RESULT: {"actions":[{"id":"action93","type":"key","parameters":{},"actions":[{"type":"keyDown","value":""},{"type":"pause","duration":10},{"type":"keyUp","value":""}]}]}
COMMAND: GET /session/c560a4da8281d0ae87757c6686821c71/screenshot - {}
RESULT: {}
COMMAND: POST /session/c560a4da8281d0ae87757c6686821c71/element - {"using":"xpath","value":"//td/div/span[contains(text(), \"BGL Vehicles\")]"}
RESULT: {"using":"xpath","value":"//td/div/span[contains(text(), \"BGL Vehicles\")]"}
COMMAND: POST /session/c560a4da8281d0ae87757c6686821c71/element/f.437C3BD069600255C914999B9931D078.d.322D3DEB28EF41EF2090993438A9FE88.e.30169/click - {}
RESULT: {}
COMMAND: GET /session/c560a4da8281d0ae87757c6686821c71/screenshot - {}
RESULT: {}
COMMAND: POST /session/c560a4da8281d0ae87757c6686821c71/element - {"using":"xpath","value":"//bdi[contains(text(), \"OK\")]"}
RESULT: {"using":"xpath","value":"//bdi[contains(text(), \"OK\")]"}
COMMAND: POST /session/c560a4da8281d0ae87757c6686821c71/element/f.437C3BD069600255C914999B9931D078.d.322D3DEB28EF41EF2090993438A9FE88.e.30170/click - {}
RESULT: {}
COMMAND: GET /session/c560a4da8281d0ae87757c6686821c71/screenshot - {}
RESULT: {}
COMMAND: POST /session/c560a4da8281d0ae87757c6686821c71/element - {"using":"xpath","value":"//label[contains(@class, 'sapMLabelRequired') and .//bdi[contains(text(), 'Planned Retirement')]]"}
RESULT: {"using":"xpath","value":"//label[contains(@class, 'sapMLabelRequired') and .//bdi[contains(text(), 'Planned Retirement')]]"}
COMMAND: POST /session/c560a4da8281d0ae87757c6686821c71/elements - {"using":"xpath","value":"//label[contains(@class, 'sapMLabelRequired') and .//bdi[contains(text(), 'Planned Retirement')]]"}
RESULT: {"using":"xpath","value":"//label[contains(@class, 'sapMLabelRequired') and .//bdi[contains(text(), 'Planned Retirement')]]"}
COMMAND: POST /session/c560a4da8281d0ae87757c6686821c71/element - {"using":"xpath","value":"//button[@data-kt=\"resourceUnitSaveButton\"]"}
RESULT: {"using":"xpath","value":"//button[@data-kt=\"resourceUnitSaveButton\"]"}
COMMAND: POST /session/c560a4da8281d0ae87757c6686821c71/element/f.437C3BD069600255C914999B9931D078.d.322D3DEB28EF41EF2090993438A9FE88.e.29945/click - {}
RESULT: {}
COMMAND: GET /session/c560a4da8281d0ae87757c6686821c71/screenshot - {}
RESULT: {}
COMMAND: POST /session/c560a4da8281d0ae87757c6686821c71/element - {"using":"xpath","value":"//bdi[contains(text(), \"Close\")]"}
RESULT: {"using":"xpath","value":"//bdi[contains(text(), \"Close\")]"}
COMMAND: POST /session/c560a4da8281d0ae87757c6686821c71/element/f.437C3BD069600255C914999B9931D078.d.322D3DEB28EF41EF2090993438A9FE88.e.30177/click - {}
RESULT: {}
COMMAND: GET /session/c560a4da8281d0ae87757c6686821c71/screenshot - {}
RESULT: {}
COMMAND: POST /session/c560a4da8281d0ae87757c6686821c71/element - {"using":"xpath","value":"//header[contains(@id, 'detailRruPage-headerTitle')]/div[1]/div[2]/div[2]/span[1]"}
RESULT: {"using":"xpath","value":"//header[contains(@id, 'detailRruPage-headerTitle')]/div[1]/div[2]/div[2]/span[1]"}
COMMAND: POST /session/c560a4da8281d0ae87757c6686821c71/elements - {"using":"xpath","value":"//header[contains(@id, 'detailRruPage-headerTitle')]/div[1]/div[2]/div[2]/span[1]"}
RESULT: {"using":"xpath","value":"//header[contains(@id, 'detailRruPage-headerTitle')]/div[1]/div[2]/div[2]/span[1]"}
COMMAND: POST /session/c560a4da8281d0ae87757c6686821c71/execute/sync - {"script":"<script> [56 bytes]","args":[{"element-6066-11e4-a52e-4f735466cecf":"f.437C3BD069600255C914999B9931D078.d.322D3DEB28EF41EF2090993438A9FE88.e.30200","ELEMENT":"f.437C3BD069600255C914999B9931D078.d.322D3DEB28EF41EF2090993438A9FE88.e.30200"}]}
RESULT: {"script":"<script> [56 bytes]","args":[{"element-6066-11e4-a52e-4f735466cecf":"f.437C3BD069600255C914999B9931D078.d.322D3DEB28EF41EF2090993438A9FE88.e.30200","ELEMENT":"f.437C3BD069600255C914999B9931D078.d.322D3DEB28EF41EF2090993438A9FE88.e.30200"}]}
COMMAND: POST /session/c560a4da8281d0ae87757c6686821c71/element - {"using":"css selector","value":"#shell-header-logo"}
COMMAND: GET /session/c560a4da8281d0ae87757c6686821c71/screenshot - {}
RESULT: {"using":"css selector","value":"#shell-header-logo"}
COMMAND: POST /session/c560a4da8281d0ae87757c6686821c71/element/f.437C3BD069600255C914999B9931D078.d.322D3DEB28EF41EF2090993438A9FE88.e.29732/click - {}
RESULT: {}
RESULT: {}
COMMAND: GET /session/c560a4da8281d0ae87757c6686821c71/screenshot - {}
RESULT: {}
]]></system-out>
    </testcase>
    <testcase classname="chrome.137_0_7151_69.windows.Transfer_Yard_to_Yard_US131076" name="Should do a stock increase handover for equipment" time="91.412">
      <system-out><![CDATA[
COMMAND: POST /session/c560a4da8281d0ae87757c6686821c71/execute/async - {"script":"<script> [1562 bytes]","args":[{"selector":{"controlType":"sap.m.GenericTile","properties":{"header":"Manage Handovers"}},"wdio_ui5_key":"sapm.GenericTile{\"header\":\"Manage Handovers\"}"}]}
RESULT: {"script":"<script> [1562 bytes]","args":[{"selector":{"controlType":"sap.m.GenericTile","properties":{"header":"Manage Handovers"}},"wdio_ui5_key":"sapm.GenericTile{\"header\":\"Manage Handovers\"}"}]}
RESULT: undefined
COMMAND: POST /session/c560a4da8281d0ae87757c6686821c71/element - {"using":"xpath","value":"//*[@id=\"__tile134\"]"}
RESULT: {"using":"xpath","value":"//*[@id=\"__tile134\"]"}
COMMAND: POST /session/c560a4da8281d0ae87757c6686821c71/element/f.437C3BD069600255C914999B9931D078.d.322D3DEB28EF41EF2090993438A9FE88.e.28193/click - {}
RESULT: {}
COMMAND: GET /session/c560a4da8281d0ae87757c6686821c71/screenshot - {}
RESULT: {}
COMMAND: POST /session/c560a4da8281d0ae87757c6686821c71/elements - {"using":"xpath","value":"//span[text()='Error']"}
RESULT: {"using":"xpath","value":"//span[text()='Error']"}
COMMAND: POST /session/c560a4da8281d0ae87757c6686821c71/element - {"using":"xpath","value":"//button[@data-kt=\"masterHOAddButton\"]"}
RESULT: {"using":"xpath","value":"//button[@data-kt=\"masterHOAddButton\"]"}
COMMAND: POST /session/c560a4da8281d0ae87757c6686821c71/elements - {"using":"xpath","value":"//button[@data-kt=\"masterHOAddButton\"]"}
RESULT: {"using":"xpath","value":"//button[@data-kt=\"masterHOAddButton\"]"}
COMMAND: POST /session/c560a4da8281d0ae87757c6686821c71/execute/sync - {"script":"<script> [8489 bytes]","args":[{"element-6066-11e4-a52e-4f735466cecf":"f.437C3BD069600255C914999B9931D078.d.322D3DEB28EF41EF2090993438A9FE88.e.30234","ELEMENT":"f.437C3BD069600255C914999B9931D078.d.322D3DEB28EF41EF2090993438A9FE88.e.30234"}]}
RESULT: {"script":"<script> [8489 bytes]","args":[{"element-6066-11e4-a52e-4f735466cecf":"f.437C3BD069600255C914999B9931D078.d.322D3DEB28EF41EF2090993438A9FE88.e.30234","ELEMENT":"f.437C3BD069600255C914999B9931D078.d.322D3DEB28EF41EF2090993438A9FE88.e.30234"}]}
COMMAND: GET /session/c560a4da8281d0ae87757c6686821c71/element/f.437C3BD069600255C914999B9931D078.d.322D3DEB28EF41EF2090993438A9FE88.e.30234/enabled - {}
COMMAND: GET /session/c560a4da8281d0ae87757c6686821c71/screenshot - {}
RESULT: {}
COMMAND: POST /session/c560a4da8281d0ae87757c6686821c71/execute/sync - {"script":"<script> [8489 bytes]","args":[{"element-6066-11e4-a52e-4f735466cecf":"f.437C3BD069600255C914999B9931D078.d.322D3DEB28EF41EF2090993438A9FE88.e.30234","ELEMENT":"f.437C3BD069600255C914999B9931D078.d.322D3DEB28EF41EF2090993438A9FE88.e.30234"}]}
COMMAND: GET /session/c560a4da8281d0ae87757c6686821c71/screenshot - {}
RESULT: {}
RESULT: {"script":"<script> [8489 bytes]","args":[{"element-6066-11e4-a52e-4f735466cecf":"f.437C3BD069600255C914999B9931D078.d.322D3DEB28EF41EF2090993438A9FE88.e.30234","ELEMENT":"f.437C3BD069600255C914999B9931D078.d.322D3DEB28EF41EF2090993438A9FE88.e.30234"}]}
COMMAND: POST /session/c560a4da8281d0ae87757c6686821c71/execute/sync - {"script":"<script> [5351 bytes]","args":[{"element-6066-11e4-a52e-4f735466cecf":"f.437C3BD069600255C914999B9931D078.d.322D3DEB28EF41EF2090993438A9FE88.e.30234","ELEMENT":"f.437C3BD069600255C914999B9931D078.d.322D3DEB28EF41EF2090993438A9FE88.e.30234"}]}
COMMAND: GET /session/c560a4da8281d0ae87757c6686821c71/screenshot - {}
RESULT: {}
RESULT: {"script":"<script> [5351 bytes]","args":[{"element-6066-11e4-a52e-4f735466cecf":"f.437C3BD069600255C914999B9931D078.d.322D3DEB28EF41EF2090993438A9FE88.e.30234","ELEMENT":"f.437C3BD069600255C914999B9931D078.d.322D3DEB28EF41EF2090993438A9FE88.e.30234"}]}
COMMAND: POST /session/c560a4da8281d0ae87757c6686821c71/element/f.437C3BD069600255C914999B9931D078.d.322D3DEB28EF41EF2090993438A9FE88.e.30234/click - {}
COMMAND: GET /session/c560a4da8281d0ae87757c6686821c71/screenshot - {}
RESULT: {}
RESULT: {}
COMMAND: GET /session/c560a4da8281d0ae87757c6686821c71/screenshot - {}
RESULT: {}
RESULT: {}
COMMAND: POST /session/c560a4da8281d0ae87757c6686821c71/element - {"using":"xpath","value":"//span[contains(@id ,\"AddNewHO--typeSelect-arrow\")]"}
RESULT: {"using":"xpath","value":"//span[contains(@id ,\"AddNewHO--typeSelect-arrow\")]"}
COMMAND: POST /session/c560a4da8281d0ae87757c6686821c71/element/f.437C3BD069600255C914999B9931D078.d.322D3DEB28EF41EF2090993438A9FE88.e.30579/click - {}
RESULT: {}
COMMAND: GET /session/c560a4da8281d0ae87757c6686821c71/screenshot - {}
RESULT: {}
COMMAND: POST /session/c560a4da8281d0ae87757c6686821c71/element - {"using":"xpath","value":"(//li[contains(text(), \"stock increase yard\")])[1]"}
RESULT: {"using":"xpath","value":"(//li[contains(text(), \"stock increase yard\")])[1]"}
COMMAND: POST /session/c560a4da8281d0ae87757c6686821c71/element/f.437C3BD069600255C914999B9931D078.d.322D3DEB28EF41EF2090993438A9FE88.e.30580/click - {}
RESULT: {}
COMMAND: GET /session/c560a4da8281d0ae87757c6686821c71/screenshot - {}
RESULT: {}
COMMAND: POST /session/c560a4da8281d0ae87757c6686821c71/execute/async - {"script":"<script> [1562 bytes]","args":[{"selector":{"id":"application-managehandovers-display-component---AddNewHO--dueDate","interaction":{"idSuffix":"inner"}},"wdio_ui5_key":"applicationmanagehandovers-display-component---AddNewHO--dueDate"}]}
RESULT: {"script":"<script> [1562 bytes]","args":[{"selector":{"id":"application-managehandovers-display-component---AddNewHO--dueDate","interaction":{"idSuffix":"inner"}},"wdio_ui5_key":"applicationmanagehandovers-display-component---AddNewHO--dueDate"}]}
RESULT: undefined
COMMAND: POST /session/c560a4da8281d0ae87757c6686821c71/execute/async - {"script":"<script> [6424 bytes]","args":[{"element-6066-11e4-a52e-4f735466cecf":"f.437C3BD069600255C914999B9931D078.d.322D3DEB28EF41EF2090993438A9FE88.e.30582"},"setValue",["6/14/25"]]}
RESULT: {"script":"<script> [6424 bytes]","args":[{"element-6066-11e4-a52e-4f735466cecf":"f.437C3BD069600255C914999B9931D078.d.322D3DEB28EF41EF2090993438A9FE88.e.30582"},"setValue",["6/14/25"]]}
COMMAND: POST /session/c560a4da8281d0ae87757c6686821c71/element - {"using":"xpath","value":"//input[@id=\"generalSectionFrg--receiveYard-inner\"]"}
RESULT: {"using":"xpath","value":"//input[@id=\"generalSectionFrg--receiveYard-inner\"]"}
COMMAND: POST /session/c560a4da8281d0ae87757c6686821c71/element/f.437C3BD069600255C914999B9931D078.d.322D3DEB28EF41EF2090993438A9FE88.e.30588/clear - {}
RESULT: {}
COMMAND: POST /session/c560a4da8281d0ae87757c6686821c71/element/f.437C3BD069600255C914999B9931D078.d.322D3DEB28EF41EF2090993438A9FE88.e.30588/value - {"text":"268"}
COMMAND: GET /session/c560a4da8281d0ae87757c6686821c71/screenshot - {}
RESULT: {"text":"268"}
COMMAND: GET /session/c560a4da8281d0ae87757c6686821c71/screenshot - {}
RESULT: {}
RESULT: {}
COMMAND: POST /session/c560a4da8281d0ae87757c6686821c71/element - {"using":"xpath","value":"//li[.//span[contains(normalize-space(.), '268 -')]]"}
RESULT: {"using":"xpath","value":"//li[.//span[contains(normalize-space(.), '268 -')]]"}
COMMAND: POST /session/c560a4da8281d0ae87757c6686821c71/element/f.437C3BD069600255C914999B9931D078.d.322D3DEB28EF41EF2090993438A9FE88.e.30604/click - {}
RESULT: {}
COMMAND: GET /session/c560a4da8281d0ae87757c6686821c71/screenshot - {}
RESULT: {}
COMMAND: POST /session/c560a4da8281d0ae87757c6686821c71/execute/async - {"script":"<script> [1562 bytes]","args":[{"selector":{"id":"application-managehandovers-display-component---AddNewHO--ObjectPageLayout-anchBar-application-managehandovers-display-component---AddNewHO--section4-anchor","interaction":{"idSuffix":"BDI-content"}},"wdio_ui5_key":"applicationmanagehandovers-display-component---AddNewHO--ObjectPageLayout-anchBar-application-managehandovers-display-component---AddNewHO--section4-anchor"}]}
RESULT: {"script":"<script> [1562 bytes]","args":[{"selector":{"id":"application-managehandovers-display-component---AddNewHO--ObjectPageLayout-anchBar-application-managehandovers-display-component---AddNewHO--section4-anchor","interaction":{"idSuffix":"BDI-content"}},"wdio_ui5_key":"applicationmanagehandovers-display-component---AddNewHO--ObjectPageLayout-anchBar-application-managehandovers-display-component---AddNewHO--section4-anchor"}]}
RESULT: undefined
COMMAND: POST /session/c560a4da8281d0ae87757c6686821c71/element - {"using":"xpath","value":"//*[@id=\"application-managehandovers-display-component---AddNewHO--ObjectPageLayout-anchBar-application-managehandovers-display-component---AddNewHO--section4-anchor\"]"}
RESULT: {"using":"xpath","value":"//*[@id=\"application-managehandovers-display-component---AddNewHO--ObjectPageLayout-anchBar-application-managehandovers-display-component---AddNewHO--section4-anchor\"]"}
COMMAND: POST /session/c560a4da8281d0ae87757c6686821c71/element/f.437C3BD069600255C914999B9931D078.d.322D3DEB28EF41EF2090993438A9FE88.e.30606/click - {}
RESULT: {}
COMMAND: GET /session/c560a4da8281d0ae87757c6686821c71/screenshot - {}
RESULT: {}
COMMAND: POST /session/c560a4da8281d0ae87757c6686821c71/element - {"using":"xpath","value":"//button[@aria-label=\"Add\"]"}
RESULT: {"using":"xpath","value":"//button[@aria-label=\"Add\"]"}
COMMAND: POST /session/c560a4da8281d0ae87757c6686821c71/element/f.437C3BD069600255C914999B9931D078.d.322D3DEB28EF41EF2090993438A9FE88.e.30610/click - {}
RESULT: {}
COMMAND: GET /session/c560a4da8281d0ae87757c6686821c71/screenshot - {}
RESULT: {}
COMMAND: POST /session/c560a4da8281d0ae87757c6686821c71/execute/async - {"script":"<script> [1562 bytes]","args":[{"selector":{"id":"application-managehandovers-display-component---AddNewHO--smartFilterBar-btnBasicSearch","searchOpenDialogs":true,"interaction":{"idSuffix":"I"}},"wdio_ui5_key":"applicationmanagehandovers-display-component---AddNewHO--smartFilterBar-btnBasicSearch"}]}
RESULT: {"script":"<script> [1562 bytes]","args":[{"selector":{"id":"application-managehandovers-display-component---AddNewHO--smartFilterBar-btnBasicSearch","searchOpenDialogs":true,"interaction":{"idSuffix":"I"}},"wdio_ui5_key":"applicationmanagehandovers-display-component---AddNewHO--smartFilterBar-btnBasicSearch"}]}
RESULT: undefined
COMMAND: POST /session/c560a4da8281d0ae87757c6686821c71/execute/async - {"script":"<script> [776 bytes]","args":[{"enterText":"UxNvY1kIrn","selector":{"id":"application-managehandovers-display-component---AddNewHO--smartFilterBar-btnBasicSearch","searchOpenDialogs":true,"interaction":{"idSuffix":"I"}},"clearTextFirst":true,"interactionType":"ENTER_TEXT"}]}
RESULT: {"script":"<script> [776 bytes]","args":[{"enterText":"UxNvY1kIrn","selector":{"id":"application-managehandovers-display-component---AddNewHO--smartFilterBar-btnBasicSearch","searchOpenDialogs":true,"interaction":{"idSuffix":"I"}},"clearTextFirst":true,"interactionType":"ENTER_TEXT"}]}
COMMAND: POST /session/c560a4da8281d0ae87757c6686821c71/actions - {"actions":[{"id":"action94","type":"key","parameters":{},"actions":[{"type":"keyDown","value":""},{"type":"pause","duration":10},{"type":"keyUp","value":""}]}]}
RESULT: {"actions":[{"id":"action94","type":"key","parameters":{},"actions":[{"type":"keyDown","value":""},{"type":"pause","duration":10},{"type":"keyUp","value":""}]}]}
COMMAND: GET /session/c560a4da8281d0ae87757c6686821c71/screenshot - {}
RESULT: {}
COMMAND: POST /session/c560a4da8281d0ae87757c6686821c71/execute/async - {"script":"<script> [1562 bytes]","args":[{"selector":{"id":"application-managehandovers-display-component---AddNewHO--popup-sa","searchOpenDialogs":true,"interaction":{"idSuffix":"CbBg"}},"wdio_ui5_key":"applicationmanagehandovers-display-component---AddNewHO--popup-sa"}]}
RESULT: {"script":"<script> [1562 bytes]","args":[{"selector":{"id":"application-managehandovers-display-component---AddNewHO--popup-sa","searchOpenDialogs":true,"interaction":{"idSuffix":"CbBg"}},"wdio_ui5_key":"applicationmanagehandovers-display-component---AddNewHO--popup-sa"}]}
RESULT: undefined
COMMAND: POST /session/c560a4da8281d0ae87757c6686821c71/element - {"using":"xpath","value":"//*[@id=\"application-managehandovers-display-component---AddNewHO--popup-sa\"]"}
RESULT: {"using":"xpath","value":"//*[@id=\"application-managehandovers-display-component---AddNewHO--popup-sa\"]"}
COMMAND: POST /session/c560a4da8281d0ae87757c6686821c71/element/f.437C3BD069600255C914999B9931D078.d.322D3DEB28EF41EF2090993438A9FE88.e.30763/click - {}
RESULT: {}
COMMAND: GET /session/c560a4da8281d0ae87757c6686821c71/screenshot - {}
RESULT: {}
COMMAND: POST /session/c560a4da8281d0ae87757c6686821c71/element - {"using":"xpath","value":"//bdi[contains(text(), \"Select\")]"}
RESULT: {"using":"xpath","value":"//bdi[contains(text(), \"Select\")]"}
COMMAND: POST /session/c560a4da8281d0ae87757c6686821c71/element/f.437C3BD069600255C914999B9931D078.d.322D3DEB28EF41EF2090993438A9FE88.e.30764/click - {}
RESULT: {}
COMMAND: GET /session/c560a4da8281d0ae87757c6686821c71/screenshot - {}
RESULT: {}
COMMAND: POST /session/c560a4da8281d0ae87757c6686821c71/element - {"using":"xpath","value":"//button[@data-kt=\"AddNewHOSaveButton\"]"}
RESULT: {"using":"xpath","value":"//button[@data-kt=\"AddNewHOSaveButton\"]"}
COMMAND: POST /session/c560a4da8281d0ae87757c6686821c71/element/f.437C3BD069600255C914999B9931D078.d.322D3DEB28EF41EF2090993438A9FE88.e.30768/click - {}
RESULT: {}
COMMAND: GET /session/c560a4da8281d0ae87757c6686821c71/screenshot - {}
RESULT: {}
COMMAND: POST /session/c560a4da8281d0ae87757c6686821c71/execute/async - {"script":"<script> [1562 bytes]","args":[{"selector":{"id":"receiptDatePicker","viewName":"etm.portal.ui.managehandovers.view.DetailExecuteHO","interaction":{"idSuffix":"inner"}},"wdio_ui5_key":"receiptDatePickeretmportal.ui.managehandovers.view.DetailExecuteHO"}]}
RESULT: {"script":"<script> [1562 bytes]","args":[{"selector":{"id":"receiptDatePicker","viewName":"etm.portal.ui.managehandovers.view.DetailExecuteHO","interaction":{"idSuffix":"inner"}},"wdio_ui5_key":"receiptDatePickeretmportal.ui.managehandovers.view.DetailExecuteHO"}]}
RESULT: undefined
COMMAND: POST /session/c560a4da8281d0ae87757c6686821c71/execute/async - {"script":"<script> [6424 bytes]","args":[{"element-6066-11e4-a52e-4f735466cecf":"f.437C3BD069600255C914999B9931D078.d.322D3DEB28EF41EF2090993438A9FE88.e.30778"},"setValue",["6/14/25"]]}
RESULT: {"script":"<script> [6424 bytes]","args":[{"element-6066-11e4-a52e-4f735466cecf":"f.437C3BD069600255C914999B9931D078.d.322D3DEB28EF41EF2090993438A9FE88.e.30778"},"setValue",["6/14/25"]]}
COMMAND: POST /session/c560a4da8281d0ae87757c6686821c71/element - {"using":"xpath","value":"//button[@data-kt=\"ReceivingTableConfirmAllButton\"]"}
RESULT: {"using":"xpath","value":"//button[@data-kt=\"ReceivingTableConfirmAllButton\"]"}
COMMAND: POST /session/c560a4da8281d0ae87757c6686821c71/element/f.437C3BD069600255C914999B9931D078.d.322D3DEB28EF41EF2090993438A9FE88.e.30823/click - {}
RESULT: {}
COMMAND: GET /session/c560a4da8281d0ae87757c6686821c71/screenshot - {}
RESULT: {}
COMMAND: POST /session/c560a4da8281d0ae87757c6686821c71/element - {"using":"xpath","value":"//bdi[contains(text(), \"OK\")]"}
RESULT: {"using":"xpath","value":"//bdi[contains(text(), \"OK\")]"}
COMMAND: POST /session/c560a4da8281d0ae87757c6686821c71/element/f.437C3BD069600255C914999B9931D078.d.322D3DEB28EF41EF2090993438A9FE88.e.30826/click - {}
RESULT: {}
COMMAND: GET /session/c560a4da8281d0ae87757c6686821c71/screenshot - {}
RESULT: {}
COMMAND: POST /session/c560a4da8281d0ae87757c6686821c71/element - {"using":"xpath","value":"(//bdi[contains(text(), \"Receive\")])[2]"}
RESULT: {"using":"xpath","value":"(//bdi[contains(text(), \"Receive\")])[2]"}
COMMAND: POST /session/c560a4da8281d0ae87757c6686821c71/element/f.437C3BD069600255C914999B9931D078.d.322D3DEB28EF41EF2090993438A9FE88.e.30827/click - {}
RESULT: {}
COMMAND: GET /session/c560a4da8281d0ae87757c6686821c71/screenshot - {}
RESULT: {}
COMMAND: POST /session/c560a4da8281d0ae87757c6686821c71/element - {"using":"css selector","value":"#shell-header-logo"}
RESULT: {"using":"css selector","value":"#shell-header-logo"}
COMMAND: POST /session/c560a4da8281d0ae87757c6686821c71/element/f.437C3BD069600255C914999B9931D078.d.322D3DEB28EF41EF2090993438A9FE88.e.30203/click - {}
RESULT: {}
COMMAND: GET /session/c560a4da8281d0ae87757c6686821c71/screenshot - {}
RESULT: {}
]]></system-out>
    </testcase>
    <testcase classname="chrome.137_0_7151_69.windows.Transfer_Yard_to_Yard_US131076" name="Should do a stock increase handover for equipment multipart" time="91.256">
      <system-out><![CDATA[
RESULT: undefined
COMMAND: POST /session/c560a4da8281d0ae87757c6686821c71/element - {"using":"xpath","value":"//*[@id=\"__tile134\"]"}
RESULT: {"using":"xpath","value":"//*[@id=\"__tile134\"]"}
COMMAND: POST /session/c560a4da8281d0ae87757c6686821c71/element/f.437C3BD069600255C914999B9931D078.d.322D3DEB28EF41EF2090993438A9FE88.e.28193/click - {}
RESULT: {}
COMMAND: GET /session/c560a4da8281d0ae87757c6686821c71/screenshot - {}
RESULT: {}
COMMAND: POST /session/c560a4da8281d0ae87757c6686821c71/elements - {"using":"xpath","value":"//span[text()='Error']"}
RESULT: {"using":"xpath","value":"//span[text()='Error']"}
COMMAND: POST /session/c560a4da8281d0ae87757c6686821c71/element - {"using":"xpath","value":"//button[@data-kt=\"masterHOAddButton\"]"}
RESULT: {"using":"xpath","value":"//button[@data-kt=\"masterHOAddButton\"]"}
COMMAND: POST /session/c560a4da8281d0ae87757c6686821c71/elements - {"using":"xpath","value":"//button[@data-kt=\"masterHOAddButton\"]"}
RESULT: {"using":"xpath","value":"//button[@data-kt=\"masterHOAddButton\"]"}
COMMAND: POST /session/c560a4da8281d0ae87757c6686821c71/execute/sync - {"script":"<script> [8489 bytes]","args":[{"element-6066-11e4-a52e-4f735466cecf":"f.437C3BD069600255C914999B9931D078.d.322D3DEB28EF41EF2090993438A9FE88.e.31224","ELEMENT":"f.437C3BD069600255C914999B9931D078.d.322D3DEB28EF41EF2090993438A9FE88.e.31224"}]}
RESULT: {"script":"<script> [8489 bytes]","args":[{"element-6066-11e4-a52e-4f735466cecf":"f.437C3BD069600255C914999B9931D078.d.322D3DEB28EF41EF2090993438A9FE88.e.31224","ELEMENT":"f.437C3BD069600255C914999B9931D078.d.322D3DEB28EF41EF2090993438A9FE88.e.31224"}]}
COMMAND: GET /session/c560a4da8281d0ae87757c6686821c71/element/f.437C3BD069600255C914999B9931D078.d.322D3DEB28EF41EF2090993438A9FE88.e.31224/enabled - {}
COMMAND: GET /session/c560a4da8281d0ae87757c6686821c71/screenshot - {}
RESULT: {}
COMMAND: POST /session/c560a4da8281d0ae87757c6686821c71/execute/sync - {"script":"<script> [8489 bytes]","args":[{"element-6066-11e4-a52e-4f735466cecf":"f.437C3BD069600255C914999B9931D078.d.322D3DEB28EF41EF2090993438A9FE88.e.31224","ELEMENT":"f.437C3BD069600255C914999B9931D078.d.322D3DEB28EF41EF2090993438A9FE88.e.31224"}]}
COMMAND: GET /session/c560a4da8281d0ae87757c6686821c71/screenshot - {}
RESULT: {}
RESULT: {"script":"<script> [8489 bytes]","args":[{"element-6066-11e4-a52e-4f735466cecf":"f.437C3BD069600255C914999B9931D078.d.322D3DEB28EF41EF2090993438A9FE88.e.31224","ELEMENT":"f.437C3BD069600255C914999B9931D078.d.322D3DEB28EF41EF2090993438A9FE88.e.31224"}]}
COMMAND: POST /session/c560a4da8281d0ae87757c6686821c71/execute/sync - {"script":"<script> [5351 bytes]","args":[{"element-6066-11e4-a52e-4f735466cecf":"f.437C3BD069600255C914999B9931D078.d.322D3DEB28EF41EF2090993438A9FE88.e.31224","ELEMENT":"f.437C3BD069600255C914999B9931D078.d.322D3DEB28EF41EF2090993438A9FE88.e.31224"}]}
COMMAND: GET /session/c560a4da8281d0ae87757c6686821c71/screenshot - {}
RESULT: {}
RESULT: {"script":"<script> [5351 bytes]","args":[{"element-6066-11e4-a52e-4f735466cecf":"f.437C3BD069600255C914999B9931D078.d.322D3DEB28EF41EF2090993438A9FE88.e.31224","ELEMENT":"f.437C3BD069600255C914999B9931D078.d.322D3DEB28EF41EF2090993438A9FE88.e.31224"}]}
COMMAND: POST /session/c560a4da8281d0ae87757c6686821c71/element/f.437C3BD069600255C914999B9931D078.d.322D3DEB28EF41EF2090993438A9FE88.e.31224/click - {}
COMMAND: GET /session/c560a4da8281d0ae87757c6686821c71/screenshot - {}
RESULT: {}
RESULT: {}
RESULT: {}
COMMAND: GET /session/c560a4da8281d0ae87757c6686821c71/screenshot - {}
RESULT: {}
COMMAND: POST /session/c560a4da8281d0ae87757c6686821c71/element - {"using":"xpath","value":"//span[contains(@id ,\"AddNewHO--typeSelect-arrow\")]"}
RESULT: {"using":"xpath","value":"//span[contains(@id ,\"AddNewHO--typeSelect-arrow\")]"}
COMMAND: POST /session/c560a4da8281d0ae87757c6686821c71/element/f.437C3BD069600255C914999B9931D078.d.322D3DEB28EF41EF2090993438A9FE88.e.31638/click - {}
RESULT: {}
COMMAND: GET /session/c560a4da8281d0ae87757c6686821c71/screenshot - {}
RESULT: {}
COMMAND: POST /session/c560a4da8281d0ae87757c6686821c71/element - {"using":"xpath","value":"(//li[contains(text(), \"stock increase yard\")])[1]"}
RESULT: {"using":"xpath","value":"(//li[contains(text(), \"stock increase yard\")])[1]"}
COMMAND: POST /session/c560a4da8281d0ae87757c6686821c71/element/f.437C3BD069600255C914999B9931D078.d.322D3DEB28EF41EF2090993438A9FE88.e.31639/click - {}
RESULT: {}
COMMAND: GET /session/c560a4da8281d0ae87757c6686821c71/screenshot - {}
RESULT: {}
RESULT: undefined
COMMAND: POST /session/c560a4da8281d0ae87757c6686821c71/execute/async - {"script":"<script> [6424 bytes]","args":[{"element-6066-11e4-a52e-4f735466cecf":"f.437C3BD069600255C914999B9931D078.d.322D3DEB28EF41EF2090993438A9FE88.e.30582"},"setValue",["6/14/25"]]}
COMMAND: POST /session/c560a4da8281d0ae87757c6686821c71/execute/async - {"script":"<script> [1562 bytes]","args":[{"selector":{"id":"application-managehandovers-display-component---AddNewHO--dueDate","interaction":{"idSuffix":"inner"}},"wdio_ui5_key":"applicationmanagehandovers-display-component---AddNewHO--dueDate"}]}
RESULT: {"script":"<script> [1562 bytes]","args":[{"selector":{"id":"application-managehandovers-display-component---AddNewHO--dueDate","interaction":{"idSuffix":"inner"}},"wdio_ui5_key":"applicationmanagehandovers-display-component---AddNewHO--dueDate"}]}
COMMAND: POST /session/c560a4da8281d0ae87757c6686821c71/execute/async - {"script":"<script> [6424 bytes]","args":[{"element-6066-11e4-a52e-4f735466cecf":"f.437C3BD069600255C914999B9931D078.d.322D3DEB28EF41EF2090993438A9FE88.e.31641"},"setValue",["6/14/25"]]}
RESULT: {"script":"<script> [6424 bytes]","args":[{"element-6066-11e4-a52e-4f735466cecf":"f.437C3BD069600255C914999B9931D078.d.322D3DEB28EF41EF2090993438A9FE88.e.31641"},"setValue",["6/14/25"]]}
COMMAND: POST /session/c560a4da8281d0ae87757c6686821c71/element - {"using":"xpath","value":"//input[@id=\"generalSectionFrg--receiveYard-inner\"]"}
RESULT: {"using":"xpath","value":"//input[@id=\"generalSectionFrg--receiveYard-inner\"]"}
COMMAND: POST /session/c560a4da8281d0ae87757c6686821c71/element/f.437C3BD069600255C914999B9931D078.d.322D3DEB28EF41EF2090993438A9FE88.e.31647/clear - {}
RESULT: {}
COMMAND: POST /session/c560a4da8281d0ae87757c6686821c71/element/f.437C3BD069600255C914999B9931D078.d.322D3DEB28EF41EF2090993438A9FE88.e.31647/value - {"text":"268"}
COMMAND: GET /session/c560a4da8281d0ae87757c6686821c71/screenshot - {}
RESULT: {"text":"268"}
COMMAND: GET /session/c560a4da8281d0ae87757c6686821c71/screenshot - {}
RESULT: {}
RESULT: {}
COMMAND: POST /session/c560a4da8281d0ae87757c6686821c71/element - {"using":"xpath","value":"//li[.//span[contains(normalize-space(.), '268 -')]]"}
RESULT: {"using":"xpath","value":"//li[.//span[contains(normalize-space(.), '268 -')]]"}
COMMAND: POST /session/c560a4da8281d0ae87757c6686821c71/element/f.437C3BD069600255C914999B9931D078.d.322D3DEB28EF41EF2090993438A9FE88.e.31663/click - {}
RESULT: {}
COMMAND: GET /session/c560a4da8281d0ae87757c6686821c71/screenshot - {}
RESULT: {}
RESULT: undefined
COMMAND: POST /session/c560a4da8281d0ae87757c6686821c71/element - {"using":"xpath","value":"//*[@id=\"application-managehandovers-display-component---AddNewHO--ObjectPageLayout-anchBar-application-managehandovers-display-component---AddNewHO--section4-anchor\"]"}
RESULT: {"using":"xpath","value":"//*[@id=\"application-managehandovers-display-component---AddNewHO--ObjectPageLayout-anchBar-application-managehandovers-display-component---AddNewHO--section4-anchor\"]"}
COMMAND: POST /session/c560a4da8281d0ae87757c6686821c71/element/f.437C3BD069600255C914999B9931D078.d.322D3DEB28EF41EF2090993438A9FE88.e.31664/click - {}
RESULT: {}
COMMAND: GET /session/c560a4da8281d0ae87757c6686821c71/screenshot - {}
RESULT: {}
COMMAND: POST /session/c560a4da8281d0ae87757c6686821c71/element - {"using":"xpath","value":"//button[@aria-label=\"Add\"]"}
RESULT: {"using":"xpath","value":"//button[@aria-label=\"Add\"]"}
COMMAND: POST /session/c560a4da8281d0ae87757c6686821c71/element/f.437C3BD069600255C914999B9931D078.d.322D3DEB28EF41EF2090993438A9FE88.e.31668/click - {}
RESULT: {}
COMMAND: GET /session/c560a4da8281d0ae87757c6686821c71/screenshot - {}
RESULT: {}
RESULT: undefined
COMMAND: POST /session/c560a4da8281d0ae87757c6686821c71/execute/async - {"script":"<script> [776 bytes]","args":[{"enterText":"400015","selector":{"id":"application-managehandovers-display-component---AddNewHO--smartFilterBar-btnBasicSearch","searchOpenDialogs":true,"interaction":{"idSuffix":"I"}},"clearTextFirst":true,"interactionType":"ENTER_TEXT"}]}
RESULT: {"script":"<script> [776 bytes]","args":[{"enterText":"400015","selector":{"id":"application-managehandovers-display-component---AddNewHO--smartFilterBar-btnBasicSearch","searchOpenDialogs":true,"interaction":{"idSuffix":"I"}},"clearTextFirst":true,"interactionType":"ENTER_TEXT"}]}
COMMAND: POST /session/c560a4da8281d0ae87757c6686821c71/actions - {"actions":[{"id":"action95","type":"key","parameters":{},"actions":[{"type":"keyDown","value":""},{"type":"pause","duration":10},{"type":"keyUp","value":""}]}]}
RESULT: {"actions":[{"id":"action95","type":"key","parameters":{},"actions":[{"type":"keyDown","value":""},{"type":"pause","duration":10},{"type":"keyUp","value":""}]}]}
COMMAND: GET /session/c560a4da8281d0ae87757c6686821c71/screenshot - {}
RESULT: {}
RESULT: undefined
COMMAND: POST /session/c560a4da8281d0ae87757c6686821c71/element - {"using":"xpath","value":"//*[@id=\"application-managehandovers-display-component---AddNewHO--popup-sa\"]"}
RESULT: {"using":"xpath","value":"//*[@id=\"application-managehandovers-display-component---AddNewHO--popup-sa\"]"}
COMMAND: POST /session/c560a4da8281d0ae87757c6686821c71/element/f.437C3BD069600255C914999B9931D078.d.322D3DEB28EF41EF2090993438A9FE88.e.31819/click - {}
RESULT: {}
COMMAND: GET /session/c560a4da8281d0ae87757c6686821c71/screenshot - {}
RESULT: {}
COMMAND: POST /session/c560a4da8281d0ae87757c6686821c71/element - {"using":"xpath","value":"//bdi[contains(text(), \"Select\")]"}
RESULT: {"using":"xpath","value":"//bdi[contains(text(), \"Select\")]"}
COMMAND: POST /session/c560a4da8281d0ae87757c6686821c71/element/f.437C3BD069600255C914999B9931D078.d.322D3DEB28EF41EF2090993438A9FE88.e.31820/click - {}
RESULT: {}
COMMAND: GET /session/c560a4da8281d0ae87757c6686821c71/screenshot - {}
RESULT: {}
COMMAND: POST /session/c560a4da8281d0ae87757c6686821c71/element - {"using":"xpath","value":"//button[@data-kt=\"AddNewHOSaveButton\"]"}
RESULT: {"using":"xpath","value":"//button[@data-kt=\"AddNewHOSaveButton\"]"}
COMMAND: POST /session/c560a4da8281d0ae87757c6686821c71/element/f.437C3BD069600255C914999B9931D078.d.322D3DEB28EF41EF2090993438A9FE88.e.31824/click - {}
RESULT: {}
COMMAND: GET /session/c560a4da8281d0ae87757c6686821c71/screenshot - {}
RESULT: {}
RESULT: undefined
COMMAND: POST /session/c560a4da8281d0ae87757c6686821c71/execute/async - {"script":"<script> [6424 bytes]","args":[{"element-6066-11e4-a52e-4f735466cecf":"f.437C3BD069600255C914999B9931D078.d.322D3DEB28EF41EF2090993438A9FE88.e.30778"},"setValue",["6/14/25"]]}
COMMAND: POST /session/c560a4da8281d0ae87757c6686821c71/execute/async - {"script":"<script> [1562 bytes]","args":[{"selector":{"id":"receiptDatePicker","viewName":"etm.portal.ui.managehandovers.view.DetailExecuteHO","interaction":{"idSuffix":"inner"}},"wdio_ui5_key":"receiptDatePickeretmportal.ui.managehandovers.view.DetailExecuteHO"}]}
RESULT: {"script":"<script> [1562 bytes]","args":[{"selector":{"id":"receiptDatePicker","viewName":"etm.portal.ui.managehandovers.view.DetailExecuteHO","interaction":{"idSuffix":"inner"}},"wdio_ui5_key":"receiptDatePickeretmportal.ui.managehandovers.view.DetailExecuteHO"}]}
COMMAND: POST /session/c560a4da8281d0ae87757c6686821c71/execute/async - {"script":"<script> [6424 bytes]","args":[{"element-6066-11e4-a52e-4f735466cecf":"f.437C3BD069600255C914999B9931D078.d.322D3DEB28EF41EF2090993438A9FE88.e.31853"},"setValue",["6/14/25"]]}
RESULT: {"script":"<script> [6424 bytes]","args":[{"element-6066-11e4-a52e-4f735466cecf":"f.437C3BD069600255C914999B9931D078.d.322D3DEB28EF41EF2090993438A9FE88.e.31853"},"setValue",["6/14/25"]]}
COMMAND: POST /session/c560a4da8281d0ae87757c6686821c71/element - {"using":"xpath","value":"//button[@data-kt=\"ReceivingTableConfirmAllButton\"]"}
RESULT: {"using":"xpath","value":"//button[@data-kt=\"ReceivingTableConfirmAllButton\"]"}
COMMAND: POST /session/c560a4da8281d0ae87757c6686821c71/element/f.437C3BD069600255C914999B9931D078.d.322D3DEB28EF41EF2090993438A9FE88.e.31866/click - {}
RESULT: {}
COMMAND: GET /session/c560a4da8281d0ae87757c6686821c71/screenshot - {}
RESULT: {}
COMMAND: POST /session/c560a4da8281d0ae87757c6686821c71/element - {"using":"xpath","value":"//bdi[contains(text(), \"OK\")]"}
RESULT: {"using":"xpath","value":"//bdi[contains(text(), \"OK\")]"}
COMMAND: POST /session/c560a4da8281d0ae87757c6686821c71/element/f.437C3BD069600255C914999B9931D078.d.322D3DEB28EF41EF2090993438A9FE88.e.31868/click - {}
RESULT: {}
COMMAND: GET /session/c560a4da8281d0ae87757c6686821c71/screenshot - {}
RESULT: {}
COMMAND: POST /session/c560a4da8281d0ae87757c6686821c71/element - {"using":"xpath","value":"(//bdi[contains(text(), \"Receive\")])[2]"}
RESULT: {"using":"xpath","value":"(//bdi[contains(text(), \"Receive\")])[2]"}
COMMAND: POST /session/c560a4da8281d0ae87757c6686821c71/element/f.437C3BD069600255C914999B9931D078.d.322D3DEB28EF41EF2090993438A9FE88.e.31870/click - {}
RESULT: {}
COMMAND: GET /session/c560a4da8281d0ae87757c6686821c71/screenshot - {}
RESULT: {}
COMMAND: POST /session/c560a4da8281d0ae87757c6686821c71/element - {"using":"css selector","value":"#shell-header-logo"}
RESULT: {"using":"css selector","value":"#shell-header-logo"}
COMMAND: POST /session/c560a4da8281d0ae87757c6686821c71/element/f.437C3BD069600255C914999B9931D078.d.322D3DEB28EF41EF2090993438A9FE88.e.31199/click - {}
RESULT: {}
COMMAND: GET /session/c560a4da8281d0ae87757c6686821c71/screenshot - {}
RESULT: {}
]]></system-out>
    </testcase>
    <testcase classname="chrome.137_0_7151_69.windows.Transfer_Yard_to_Yard_US131076" name="Should create a yard to yard transfer handover" time="135.227">
      <system-out><![CDATA[
RESULT: undefined
COMMAND: POST /session/c560a4da8281d0ae87757c6686821c71/element - {"using":"xpath","value":"//*[@id=\"__tile134\"]"}
RESULT: {"using":"xpath","value":"//*[@id=\"__tile134\"]"}
COMMAND: POST /session/c560a4da8281d0ae87757c6686821c71/element/f.437C3BD069600255C914999B9931D078.d.322D3DEB28EF41EF2090993438A9FE88.e.28193/click - {}
RESULT: {}
COMMAND: GET /session/c560a4da8281d0ae87757c6686821c71/screenshot - {}
RESULT: {}
COMMAND: POST /session/c560a4da8281d0ae87757c6686821c71/elements - {"using":"xpath","value":"//span[text()='Error']"}
RESULT: {"using":"xpath","value":"//span[text()='Error']"}
COMMAND: POST /session/c560a4da8281d0ae87757c6686821c71/element - {"using":"xpath","value":"//button[@data-kt=\"masterHOAddButton\"]"}
RESULT: {"using":"xpath","value":"//button[@data-kt=\"masterHOAddButton\"]"}
COMMAND: POST /session/c560a4da8281d0ae87757c6686821c71/elements - {"using":"xpath","value":"//button[@data-kt=\"masterHOAddButton\"]"}
RESULT: {"using":"xpath","value":"//button[@data-kt=\"masterHOAddButton\"]"}
COMMAND: POST /session/c560a4da8281d0ae87757c6686821c71/execute/sync - {"script":"<script> [8489 bytes]","args":[{"element-6066-11e4-a52e-4f735466cecf":"f.437C3BD069600255C914999B9931D078.d.322D3DEB28EF41EF2090993438A9FE88.e.32242","ELEMENT":"f.437C3BD069600255C914999B9931D078.d.322D3DEB28EF41EF2090993438A9FE88.e.32242"}]}
RESULT: {"script":"<script> [8489 bytes]","args":[{"element-6066-11e4-a52e-4f735466cecf":"f.437C3BD069600255C914999B9931D078.d.322D3DEB28EF41EF2090993438A9FE88.e.32242","ELEMENT":"f.437C3BD069600255C914999B9931D078.d.322D3DEB28EF41EF2090993438A9FE88.e.32242"}]}
COMMAND: GET /session/c560a4da8281d0ae87757c6686821c71/element/f.437C3BD069600255C914999B9931D078.d.322D3DEB28EF41EF2090993438A9FE88.e.32242/enabled - {}
COMMAND: GET /session/c560a4da8281d0ae87757c6686821c71/screenshot - {}
RESULT: {}
COMMAND: POST /session/c560a4da8281d0ae87757c6686821c71/execute/sync - {"script":"<script> [8489 bytes]","args":[{"element-6066-11e4-a52e-4f735466cecf":"f.437C3BD069600255C914999B9931D078.d.322D3DEB28EF41EF2090993438A9FE88.e.32242","ELEMENT":"f.437C3BD069600255C914999B9931D078.d.322D3DEB28EF41EF2090993438A9FE88.e.32242"}]}
COMMAND: GET /session/c560a4da8281d0ae87757c6686821c71/screenshot - {}
RESULT: {}
RESULT: {"script":"<script> [8489 bytes]","args":[{"element-6066-11e4-a52e-4f735466cecf":"f.437C3BD069600255C914999B9931D078.d.322D3DEB28EF41EF2090993438A9FE88.e.32242","ELEMENT":"f.437C3BD069600255C914999B9931D078.d.322D3DEB28EF41EF2090993438A9FE88.e.32242"}]}
COMMAND: POST /session/c560a4da8281d0ae87757c6686821c71/execute/sync - {"script":"<script> [5351 bytes]","args":[{"element-6066-11e4-a52e-4f735466cecf":"f.437C3BD069600255C914999B9931D078.d.322D3DEB28EF41EF2090993438A9FE88.e.32242","ELEMENT":"f.437C3BD069600255C914999B9931D078.d.322D3DEB28EF41EF2090993438A9FE88.e.32242"}]}
COMMAND: GET /session/c560a4da8281d0ae87757c6686821c71/screenshot - {}
RESULT: {}
RESULT: {"script":"<script> [5351 bytes]","args":[{"element-6066-11e4-a52e-4f735466cecf":"f.437C3BD069600255C914999B9931D078.d.322D3DEB28EF41EF2090993438A9FE88.e.32242","ELEMENT":"f.437C3BD069600255C914999B9931D078.d.322D3DEB28EF41EF2090993438A9FE88.e.32242"}]}
COMMAND: POST /session/c560a4da8281d0ae87757c6686821c71/element/f.437C3BD069600255C914999B9931D078.d.322D3DEB28EF41EF2090993438A9FE88.e.32242/click - {}
COMMAND: GET /session/c560a4da8281d0ae87757c6686821c71/screenshot - {}
RESULT: {}
RESULT: {}
COMMAND: GET /session/c560a4da8281d0ae87757c6686821c71/screenshot - {}
RESULT: {}
RESULT: {}
COMMAND: POST /session/c560a4da8281d0ae87757c6686821c71/element - {"using":"xpath","value":"//span[contains(@id ,\"AddNewHO--typeSelect-arrow\")]"}
RESULT: {"using":"xpath","value":"//span[contains(@id ,\"AddNewHO--typeSelect-arrow\")]"}
COMMAND: POST /session/c560a4da8281d0ae87757c6686821c71/element/f.437C3BD069600255C914999B9931D078.d.322D3DEB28EF41EF2090993438A9FE88.e.32664/click - {}
RESULT: {}
COMMAND: GET /session/c560a4da8281d0ae87757c6686821c71/screenshot - {}
RESULT: {}
COMMAND: POST /session/c560a4da8281d0ae87757c6686821c71/element - {"using":"xpath","value":"(//li[contains(text(), \"transfer\")])[1]"}
RESULT: {"using":"xpath","value":"(//li[contains(text(), \"transfer\")])[1]"}
COMMAND: POST /session/c560a4da8281d0ae87757c6686821c71/element/f.437C3BD069600255C914999B9931D078.d.322D3DEB28EF41EF2090993438A9FE88.e.32665/click - {}
RESULT: {}
COMMAND: GET /session/c560a4da8281d0ae87757c6686821c71/screenshot - {}
RESULT: {}
RESULT: undefined
COMMAND: POST /session/c560a4da8281d0ae87757c6686821c71/execute/async - {"script":"<script> [6424 bytes]","args":[{"element-6066-11e4-a52e-4f735466cecf":"f.437C3BD069600255C914999B9931D078.d.322D3DEB28EF41EF2090993438A9FE88.e.30582"},"setValue",["06/14/25"]]}
COMMAND: POST /session/c560a4da8281d0ae87757c6686821c71/execute/async - {"script":"<script> [1562 bytes]","args":[{"selector":{"id":"application-managehandovers-display-component---AddNewHO--dueDate","interaction":{"idSuffix":"inner"}},"wdio_ui5_key":"applicationmanagehandovers-display-component---AddNewHO--dueDate"}]}
RESULT: {"script":"<script> [1562 bytes]","args":[{"selector":{"id":"application-managehandovers-display-component---AddNewHO--dueDate","interaction":{"idSuffix":"inner"}},"wdio_ui5_key":"applicationmanagehandovers-display-component---AddNewHO--dueDate"}]}
COMMAND: POST /session/c560a4da8281d0ae87757c6686821c71/execute/async - {"script":"<script> [6424 bytes]","args":[{"element-6066-11e4-a52e-4f735466cecf":"f.437C3BD069600255C914999B9931D078.d.322D3DEB28EF41EF2090993438A9FE88.e.32669"},"setValue",["06/14/25"]]}
RESULT: {"script":"<script> [6424 bytes]","args":[{"element-6066-11e4-a52e-4f735466cecf":"f.437C3BD069600255C914999B9931D078.d.322D3DEB28EF41EF2090993438A9FE88.e.32669"},"setValue",["06/14/25"]]}
COMMAND: POST /session/c560a4da8281d0ae87757c6686821c71/element - {"using":"xpath","value":"//input[@id=\"generalSectionFrg--sendYard-inner\"]"}
RESULT: {"using":"xpath","value":"//input[@id=\"generalSectionFrg--sendYard-inner\"]"}
COMMAND: POST /session/c560a4da8281d0ae87757c6686821c71/element/f.437C3BD069600255C914999B9931D078.d.322D3DEB28EF41EF2090993438A9FE88.e.32675/clear - {}
RESULT: {}
COMMAND: POST /session/c560a4da8281d0ae87757c6686821c71/element/f.437C3BD069600255C914999B9931D078.d.322D3DEB28EF41EF2090993438A9FE88.e.32675/value - {"text":"268"}
COMMAND: GET /session/c560a4da8281d0ae87757c6686821c71/screenshot - {}
RESULT: {"text":"268"}
COMMAND: GET /session/c560a4da8281d0ae87757c6686821c71/screenshot - {}
RESULT: {}
RESULT: {}
COMMAND: POST /session/c560a4da8281d0ae87757c6686821c71/element - {"using":"xpath","value":"//li[.//span[text()='268']]"}
RESULT: {"using":"xpath","value":"//li[.//span[text()='268']]"}
COMMAND: POST /session/c560a4da8281d0ae87757c6686821c71/element/f.437C3BD069600255C914999B9931D078.d.322D3DEB28EF41EF2090993438A9FE88.e.32693/click - {}
RESULT: {}
COMMAND: GET /session/c560a4da8281d0ae87757c6686821c71/screenshot - {}
RESULT: {}
COMMAND: POST /session/c560a4da8281d0ae87757c6686821c71/element - {"using":"xpath","value":"//input[@id=\"generalSectionFrg--receiveYard-inner\"]"}
RESULT: {"using":"xpath","value":"//input[@id=\"generalSectionFrg--receiveYard-inner\"]"}
COMMAND: POST /session/c560a4da8281d0ae87757c6686821c71/element/f.437C3BD069600255C914999B9931D078.d.322D3DEB28EF41EF2090993438A9FE88.e.32676/clear - {}
RESULT: {}
COMMAND: POST /session/c560a4da8281d0ae87757c6686821c71/element/f.437C3BD069600255C914999B9931D078.d.322D3DEB28EF41EF2090993438A9FE88.e.32676/value - {"text":"272"}
COMMAND: GET /session/c560a4da8281d0ae87757c6686821c71/screenshot - {}
RESULT: {"text":"272"}
COMMAND: GET /session/c560a4da8281d0ae87757c6686821c71/screenshot - {}
RESULT: {}
RESULT: {}
COMMAND: POST /session/c560a4da8281d0ae87757c6686821c71/element - {"using":"xpath","value":"//li[.//span[text()='272']]"}
RESULT: {"using":"xpath","value":"//li[.//span[text()='272']]"}
COMMAND: POST /session/c560a4da8281d0ae87757c6686821c71/element/f.437C3BD069600255C914999B9931D078.d.322D3DEB28EF41EF2090993438A9FE88.e.32695/click - {}
RESULT: {}
COMMAND: GET /session/c560a4da8281d0ae87757c6686821c71/screenshot - {}
RESULT: {}
RESULT: undefined
COMMAND: POST /session/c560a4da8281d0ae87757c6686821c71/element - {"using":"xpath","value":"//*[@id=\"application-managehandovers-display-component---AddNewHO--ObjectPageLayout-anchBar-application-managehandovers-display-component---AddNewHO--section4-anchor\"]"}
RESULT: {"using":"xpath","value":"//*[@id=\"application-managehandovers-display-component---AddNewHO--ObjectPageLayout-anchBar-application-managehandovers-display-component---AddNewHO--section4-anchor\"]"}
COMMAND: POST /session/c560a4da8281d0ae87757c6686821c71/element/f.437C3BD069600255C914999B9931D078.d.322D3DEB28EF41EF2090993438A9FE88.e.32696/click - {}
RESULT: {}
COMMAND: GET /session/c560a4da8281d0ae87757c6686821c71/screenshot - {}
RESULT: {}
COMMAND: POST /session/c560a4da8281d0ae87757c6686821c71/element - {"using":"xpath","value":"//button[@data-kt=\"AddNewHOProvideAddItemsButton\"]"}
RESULT: {"using":"xpath","value":"//button[@data-kt=\"AddNewHOProvideAddItemsButton\"]"}
COMMAND: POST /session/c560a4da8281d0ae87757c6686821c71/element/f.437C3BD069600255C914999B9931D078.d.322D3DEB28EF41EF2090993438A9FE88.e.32699/click - {}
RESULT: {}
COMMAND: GET /session/c560a4da8281d0ae87757c6686821c71/screenshot - {}
RESULT: {}
COMMAND: POST /session/c560a4da8281d0ae87757c6686821c71/element - {"using":"xpath","value":"//div[contains(@id,\"AddNewHO--TransferHOTypesRuDialogTable-sa-CbBg\")]"}
RESULT: {"using":"xpath","value":"//div[contains(@id,\"AddNewHO--TransferHOTypesRuDialogTable-sa-CbBg\")]"}
COMMAND: POST /session/c560a4da8281d0ae87757c6686821c71/element/f.437C3BD069600255C914999B9931D078.d.322D3DEB28EF41EF2090993438A9FE88.e.32724/click - {}
RESULT: {}
COMMAND: GET /session/c560a4da8281d0ae87757c6686821c71/screenshot - {}
RESULT: {}
COMMAND: POST /session/c560a4da8281d0ae87757c6686821c71/element - {"using":"xpath","value":"//table[contains(@id,\"AddNewHO--TransferHOTypesRuDialogTable-listUl\")]/tbody/tr[1]/td[6]/div/div/input"}
RESULT: {"using":"xpath","value":"//table[contains(@id,\"AddNewHO--TransferHOTypesRuDialogTable-listUl\")]/tbody/tr[1]/td[6]/div/div/input"}
COMMAND: POST /session/c560a4da8281d0ae87757c6686821c71/elements - {"using":"xpath","value":"//table[contains(@id,\"AddNewHO--TransferHOTypesRuDialogTable-listUl\")]/tbody/tr[1]/td[6]/div/div/input"}
RESULT: {"using":"xpath","value":"//table[contains(@id,\"AddNewHO--TransferHOTypesRuDialogTable-listUl\")]/tbody/tr[1]/td[6]/div/div/input"}
COMMAND: GET /session/c560a4da8281d0ae87757c6686821c71/element/f.437C3BD069600255C914999B9931D078.d.322D3DEB28EF41EF2090993438A9FE88.e.32720/attribute/readonly - {}
RESULT: {}
COMMAND: POST /session/c560a4da8281d0ae87757c6686821c71/element - {"using":"xpath","value":"//table[contains(@id,\"AddNewHO--TransferHOTypesRuDialogTable-listUl\")]/tbody/tr[1]/td[6]/div/div/input"}
RESULT: {"using":"xpath","value":"//table[contains(@id,\"AddNewHO--TransferHOTypesRuDialogTable-listUl\")]/tbody/tr[1]/td[6]/div/div/input"}
COMMAND: POST /session/c560a4da8281d0ae87757c6686821c71/element/f.437C3BD069600255C914999B9931D078.d.322D3DEB28EF41EF2090993438A9FE88.e.32720/clear - {}
RESULT: {}
COMMAND: POST /session/c560a4da8281d0ae87757c6686821c71/element/f.437C3BD069600255C914999B9931D078.d.322D3DEB28EF41EF2090993438A9FE88.e.32720/value - {"text":"1"}
COMMAND: GET /session/c560a4da8281d0ae87757c6686821c71/screenshot - {}
RESULT: {"text":"1"}
COMMAND: GET /session/c560a4da8281d0ae87757c6686821c71/screenshot - {}
RESULT: {}
RESULT: {}
COMMAND: POST /session/c560a4da8281d0ae87757c6686821c71/element - {"using":"xpath","value":"//bdi[contains(text(), \"OK\")]"}
RESULT: {"using":"xpath","value":"//bdi[contains(text(), \"OK\")]"}
COMMAND: POST /session/c560a4da8281d0ae87757c6686821c71/element/f.437C3BD069600255C914999B9931D078.d.322D3DEB28EF41EF2090993438A9FE88.e.32728/click - {}
RESULT: {}
COMMAND: GET /session/c560a4da8281d0ae87757c6686821c71/screenshot - {}
RESULT: {}
COMMAND: POST /session/c560a4da8281d0ae87757c6686821c71/execute/async - {"script":"<script> [1562 bytes]","args":[{"selector":{"id":"application-managehandovers-display-component---AddNewHO--confirmCreationButton","interaction":{"idSuffix":"BDI-content"}},"wdio_ui5_key":"applicationmanagehandovers-display-component---AddNewHO--confirmCreationButton"}]}
RESULT: {"script":"<script> [1562 bytes]","args":[{"selector":{"id":"application-managehandovers-display-component---AddNewHO--confirmCreationButton","interaction":{"idSuffix":"BDI-content"}},"wdio_ui5_key":"applicationmanagehandovers-display-component---AddNewHO--confirmCreationButton"}]}
RESULT: undefined
COMMAND: POST /session/c560a4da8281d0ae87757c6686821c71/element - {"using":"xpath","value":"//*[@id=\"application-managehandovers-display-component---AddNewHO--confirmCreationButton\"]"}
RESULT: {"using":"xpath","value":"//*[@id=\"application-managehandovers-display-component---AddNewHO--confirmCreationButton\"]"}
COMMAND: POST /session/c560a4da8281d0ae87757c6686821c71/element/f.437C3BD069600255C914999B9931D078.d.322D3DEB28EF41EF2090993438A9FE88.e.32743/click - {}
RESULT: {}
COMMAND: GET /session/c560a4da8281d0ae87757c6686821c71/screenshot - {}
RESULT: {}
COMMAND: POST /session/c560a4da8281d0ae87757c6686821c71/element - {"using":"xpath","value":"(//section[contains(@id,\"headerContentForm--FC-NoHead\")])[2]/div[1]/div[5]/div[2]/div/span"}
RESULT: {"using":"xpath","value":"(//section[contains(@id,\"headerContentForm--FC-NoHead\")])[2]/div[1]/div[5]/div[2]/div/span"}
COMMAND: POST /session/c560a4da8281d0ae87757c6686821c71/execute/sync - {"script":"<script> [56 bytes]","args":[{"element-6066-11e4-a52e-4f735466cecf":"f.437C3BD069600255C914999B9931D078.d.322D3DEB28EF41EF2090993438A9FE88.e.32811","ELEMENT":"f.437C3BD069600255C914999B9931D078.d.322D3DEB28EF41EF2090993438A9FE88.e.32811"}]}
RESULT: {"script":"<script> [56 bytes]","args":[{"element-6066-11e4-a52e-4f735466cecf":"f.437C3BD069600255C914999B9931D078.d.322D3DEB28EF41EF2090993438A9FE88.e.32811","ELEMENT":"f.437C3BD069600255C914999B9931D078.d.322D3DEB28EF41EF2090993438A9FE88.e.32811"}]}
COMMAND: POST /session/c560a4da8281d0ae87757c6686821c71/execute/async - {"script":"<script> [1562 bytes]","args":[{"selector":{"id":"issueDatePicker","viewName":"etm.portal.ui.managehandovers.view.DetailExecuteHO","interaction":{"idSuffix":"inner"}},"wdio_ui5_key":"issueDatePickeretmportal.ui.managehandovers.view.DetailExecuteHO"}]}
COMMAND: GET /session/c560a4da8281d0ae87757c6686821c71/screenshot - {}
RESULT: {"script":"<script> [1562 bytes]","args":[{"selector":{"id":"issueDatePicker","viewName":"etm.portal.ui.managehandovers.view.DetailExecuteHO","interaction":{"idSuffix":"inner"}},"wdio_ui5_key":"issueDatePickeretmportal.ui.managehandovers.view.DetailExecuteHO"}]}
RESULT: undefined
COMMAND: POST /session/c560a4da8281d0ae87757c6686821c71/execute/async - {"script":"<script> [776 bytes]","args":[{"enterText":"6/15/25","selector":{"id":"issueDatePicker","viewName":"etm.portal.ui.managehandovers.view.DetailExecuteHO","interaction":{"idSuffix":"inner"}},"clearTextFirst":true,"interactionType":"ENTER_TEXT"}]}
RESULT: {}
RESULT: {"script":"<script> [776 bytes]","args":[{"enterText":"6/15/25","selector":{"id":"issueDatePicker","viewName":"etm.portal.ui.managehandovers.view.DetailExecuteHO","interaction":{"idSuffix":"inner"}},"clearTextFirst":true,"interactionType":"ENTER_TEXT"}]}
COMMAND: POST /session/c560a4da8281d0ae87757c6686821c71/element - {"using":"xpath","value":"//bdi[contains(text(), \"OK\")]"}
RESULT: {"using":"xpath","value":"//bdi[contains(text(), \"OK\")]"}
COMMAND: POST /session/c560a4da8281d0ae87757c6686821c71/element/f.437C3BD069600255C914999B9931D078.d.322D3DEB28EF41EF2090993438A9FE88.e.32816/click - {}
RESULT: {}
COMMAND: GET /session/c560a4da8281d0ae87757c6686821c71/screenshot - {}
RESULT: {}
COMMAND: POST /session/c560a4da8281d0ae87757c6686821c71/execute/async - {"script":"<script> [1562 bytes]","args":[{"selector":{"controlType":"sap.m.Button","viewName":"etm.portal.ui.managehandovers.view.DetailExecuteHO","i18NText":{"propertyName":"text","key":"pickQty"},"interaction":{"idSuffix":"content"}},"wdio_ui5_key":"etmportal.ui.managehandovers.view.DetailExecuteHOsap.m.Button{\"propertyName\":\"text\",\"key\":\"pickQty\"}"}]}
RESULT: {"script":"<script> [1562 bytes]","args":[{"selector":{"controlType":"sap.m.Button","viewName":"etm.portal.ui.managehandovers.view.DetailExecuteHO","i18NText":{"propertyName":"text","key":"pickQty"},"interaction":{"idSuffix":"content"}},"wdio_ui5_key":"etmportal.ui.managehandovers.view.DetailExecuteHOsap.m.Button{\"propertyName\":\"text\",\"key\":\"pickQty\"}"}]}
RESULT: undefined
COMMAND: POST /session/c560a4da8281d0ae87757c6686821c71/element - {"using":"xpath","value":"//*[@id=\"__button437\"]"}
RESULT: {"using":"xpath","value":"//*[@id=\"__button437\"]"}
COMMAND: POST /session/c560a4da8281d0ae87757c6686821c71/element/f.437C3BD069600255C914999B9931D078.d.322D3DEB28EF41EF2090993438A9FE88.e.32824/click - {}
RESULT: {}
COMMAND: GET /session/c560a4da8281d0ae87757c6686821c71/screenshot - {}
RESULT: {}
COMMAND: POST /session/c560a4da8281d0ae87757c6686821c71/execute/async - {"script":"<script> [1562 bytes]","args":[{"selector":{"controlType":"sap.m.NumericInput","viewName":"etm.portal.ui.managehandovers.view.DetailExecuteHO","properties":{"value":"0"},"searchOpenDialogs":true,"interaction":{"idSuffix":"inner"}},"wdio_ui5_key":"etmportal.ui.managehandovers.view.DetailExecuteHOsap.m.NumericInput{\"value\":\"0\"}"}]}
RESULT: {"script":"<script> [1562 bytes]","args":[{"selector":{"controlType":"sap.m.NumericInput","viewName":"etm.portal.ui.managehandovers.view.DetailExecuteHO","properties":{"value":"0"},"searchOpenDialogs":true,"interaction":{"idSuffix":"inner"}},"wdio_ui5_key":"etmportal.ui.managehandovers.view.DetailExecuteHOsap.m.NumericInput{\"value\":\"0\"}"}]}
RESULT: undefined
COMMAND: POST /session/c560a4da8281d0ae87757c6686821c71/execute/async - {"script":"<script> [1562 bytes]","args":[{"selector":{"id":"statesDialog--okBttnStatesDialog","searchOpenDialogs":true,"interaction":{"idSuffix":"BDI-content"}},"wdio_ui5_key":"statesDialogokBttnStatesDialog"}]}
RESULT: {"script":"<script> [1562 bytes]","args":[{"selector":{"id":"statesDialog--okBttnStatesDialog","searchOpenDialogs":true,"interaction":{"idSuffix":"BDI-content"}},"wdio_ui5_key":"statesDialogokBttnStatesDialog"}]}
RESULT: undefined
COMMAND: POST /session/c560a4da8281d0ae87757c6686821c71/element - {"using":"xpath","value":"//*[@id=\"statesDialog--okBttnStatesDialog\"]"}
RESULT: {"using":"xpath","value":"//*[@id=\"statesDialog--okBttnStatesDialog\"]"}
COMMAND: POST /session/c560a4da8281d0ae87757c6686821c71/element/f.437C3BD069600255C914999B9931D078.d.322D3DEB28EF41EF2090993438A9FE88.e.32831/click - {}
RESULT: {}
COMMAND: GET /session/c560a4da8281d0ae87757c6686821c71/screenshot - {}
RESULT: {}
COMMAND: POST /session/c560a4da8281d0ae87757c6686821c71/element - {"using":"xpath","value":"//button[@data-kt=\"PickingTableConfirmAllButton\"]"}
RESULT: {"using":"xpath","value":"//button[@data-kt=\"PickingTableConfirmAllButton\"]"}
COMMAND: POST /session/c560a4da8281d0ae87757c6686821c71/element/f.437C3BD069600255C914999B9931D078.d.322D3DEB28EF41EF2090993438A9FE88.e.32837/click - {}
RESULT: {}
COMMAND: GET /session/c560a4da8281d0ae87757c6686821c71/screenshot - {}
RESULT: {}
COMMAND: POST /session/c560a4da8281d0ae87757c6686821c71/element - {"using":"xpath","value":"//bdi[contains(text(), \"OK\")]"}
RESULT: {"using":"xpath","value":"//bdi[contains(text(), \"OK\")]"}
COMMAND: POST /session/c560a4da8281d0ae87757c6686821c71/element/f.437C3BD069600255C914999B9931D078.d.322D3DEB28EF41EF2090993438A9FE88.e.32841/click - {}
RESULT: {}
COMMAND: GET /session/c560a4da8281d0ae87757c6686821c71/screenshot - {}
RESULT: {}
COMMAND: POST /session/c560a4da8281d0ae87757c6686821c71/element - {"using":"xpath","value":"//header[contains(@id,\"headerTitle\") and @aria-roledescription=\"Object page header\"]/div[1]/div[2]/div[1]/span"}
RESULT: {"using":"xpath","value":"//header[contains(@id,\"headerTitle\") and @aria-roledescription=\"Object page header\"]/div[1]/div[2]/div[1]/span"}
COMMAND: POST /session/c560a4da8281d0ae87757c6686821c71/elements - {"using":"xpath","value":"//header[contains(@id,\"headerTitle\") and @aria-roledescription=\"Object page header\"]/div[1]/div[2]/div[1]/span"}
RESULT: {"using":"xpath","value":"//header[contains(@id,\"headerTitle\") and @aria-roledescription=\"Object page header\"]/div[1]/div[2]/div[1]/span"}
COMMAND: POST /session/c560a4da8281d0ae87757c6686821c71/execute/sync - {"script":"<script> [56 bytes]","args":[{"element-6066-11e4-a52e-4f735466cecf":"f.437C3BD069600255C914999B9931D078.d.322D3DEB28EF41EF2090993438A9FE88.e.32842","ELEMENT":"f.437C3BD069600255C914999B9931D078.d.322D3DEB28EF41EF2090993438A9FE88.e.32842"}]}
RESULT: {"script":"<script> [56 bytes]","args":[{"element-6066-11e4-a52e-4f735466cecf":"f.437C3BD069600255C914999B9931D078.d.322D3DEB28EF41EF2090993438A9FE88.e.32842","ELEMENT":"f.437C3BD069600255C914999B9931D078.d.322D3DEB28EF41EF2090993438A9FE88.e.32842"}]}
COMMAND: POST /session/c560a4da8281d0ae87757c6686821c71/element - {"using":"xpath","value":"//bdi[contains(text(), \"Issue\")]"}
COMMAND: GET /session/c560a4da8281d0ae87757c6686821c71/screenshot - {}
RESULT: {"using":"xpath","value":"//bdi[contains(text(), \"Issue\")]"}
COMMAND: POST /session/c560a4da8281d0ae87757c6686821c71/element/f.437C3BD069600255C914999B9931D078.d.322D3DEB28EF41EF2090993438A9FE88.e.32843/click - {}
RESULT: {}
RESULT: {}
COMMAND: GET /session/c560a4da8281d0ae87757c6686821c71/screenshot - {}
RESULT: {}
COMMAND: POST /session/c560a4da8281d0ae87757c6686821c71/element - {"using":"xpath","value":"//input[contains(@id ,\"smartFilterBar-btnBasicSearch-I\")]"}
RESULT: {"using":"xpath","value":"//input[contains(@id ,\"smartFilterBar-btnBasicSearch-I\")]"}
COMMAND: POST /session/c560a4da8281d0ae87757c6686821c71/elements - {"using":"xpath","value":"//input[contains(@id ,\"smartFilterBar-btnBasicSearch-I\")]"}
RESULT: {"using":"xpath","value":"//input[contains(@id ,\"smartFilterBar-btnBasicSearch-I\")]"}
COMMAND: POST /session/c560a4da8281d0ae87757c6686821c71/execute/sync - {"script":"<script> [8489 bytes]","args":[{"element-6066-11e4-a52e-4f735466cecf":"f.437C3BD069600255C914999B9931D078.d.322D3DEB28EF41EF2090993438A9FE88.e.32216","ELEMENT":"f.437C3BD069600255C914999B9931D078.d.322D3DEB28EF41EF2090993438A9FE88.e.32216"}]}
RESULT: {"script":"<script> [8489 bytes]","args":[{"element-6066-11e4-a52e-4f735466cecf":"f.437C3BD069600255C914999B9931D078.d.322D3DEB28EF41EF2090993438A9FE88.e.32216","ELEMENT":"f.437C3BD069600255C914999B9931D078.d.322D3DEB28EF41EF2090993438A9FE88.e.32216"}]}
COMMAND: GET /session/c560a4da8281d0ae87757c6686821c71/element/f.437C3BD069600255C914999B9931D078.d.322D3DEB28EF41EF2090993438A9FE88.e.32216/enabled - {}
COMMAND: GET /session/c560a4da8281d0ae87757c6686821c71/screenshot - {}
RESULT: {}
COMMAND: POST /session/c560a4da8281d0ae87757c6686821c71/element/f.437C3BD069600255C914999B9931D078.d.322D3DEB28EF41EF2090993438A9FE88.e.32216/clear - {}
COMMAND: GET /session/c560a4da8281d0ae87757c6686821c71/screenshot - {}
RESULT: {}
RESULT: {}
COMMAND: POST /session/c560a4da8281d0ae87757c6686821c71/element/f.437C3BD069600255C914999B9931D078.d.322D3DEB28EF41EF2090993438A9FE88.e.32216/value - {"text":"30442"}
COMMAND: GET /session/c560a4da8281d0ae87757c6686821c71/screenshot - {}
RESULT: {}
RESULT: {"text":"30442"}
COMMAND: GET /session/c560a4da8281d0ae87757c6686821c71/screenshot - {}
RESULT: {}
RESULT: {}
COMMAND: POST /session/c560a4da8281d0ae87757c6686821c71/actions - {"actions":[{"id":"action96","type":"key","parameters":{},"actions":[{"type":"keyDown","value":""},{"type":"pause","duration":10},{"type":"keyUp","value":""}]}]}
RESULT: {"actions":[{"id":"action96","type":"key","parameters":{},"actions":[{"type":"keyDown","value":""},{"type":"pause","duration":10},{"type":"keyUp","value":""}]}]}
COMMAND: GET /session/c560a4da8281d0ae87757c6686821c71/screenshot - {}
RESULT: {}
COMMAND: POST /session/c560a4da8281d0ae87757c6686821c71/element - {"using":"xpath","value":"//span[contains(@id, \"smartTable-header-inner\")]"}
RESULT: {"using":"xpath","value":"//span[contains(@id, \"smartTable-header-inner\")]"}
COMMAND: POST /session/c560a4da8281d0ae87757c6686821c71/elements - {"using":"xpath","value":"//span[contains(@id, \"smartTable-header-inner\")]"}
RESULT: {"using":"xpath","value":"//span[contains(@id, \"smartTable-header-inner\")]"}
COMMAND: POST /session/c560a4da8281d0ae87757c6686821c71/execute/sync - {"script":"<script> [56 bytes]","args":[{"element-6066-11e4-a52e-4f735466cecf":"f.437C3BD069600255C914999B9931D078.d.322D3DEB28EF41EF2090993438A9FE88.e.33141","ELEMENT":"f.437C3BD069600255C914999B9931D078.d.322D3DEB28EF41EF2090993438A9FE88.e.33141"}]}
RESULT: {"script":"<script> [56 bytes]","args":[{"element-6066-11e4-a52e-4f735466cecf":"f.437C3BD069600255C914999B9931D078.d.322D3DEB28EF41EF2090993438A9FE88.e.33141","ELEMENT":"f.437C3BD069600255C914999B9931D078.d.322D3DEB28EF41EF2090993438A9FE88.e.33141"}]}
COMMAND: POST /session/c560a4da8281d0ae87757c6686821c71/element - {"using":"xpath","value":"(//span[contains(@id, \"imgNav\")])[1]"}
COMMAND: GET /session/c560a4da8281d0ae87757c6686821c71/screenshot - {}
RESULT: {"using":"xpath","value":"(//span[contains(@id, \"imgNav\")])[1]"}
COMMAND: POST /session/c560a4da8281d0ae87757c6686821c71/element/f.437C3BD069600255C914999B9931D078.d.322D3DEB28EF41EF2090993438A9FE88.e.33139/click - {}
RESULT: {}
RESULT: {}
COMMAND: GET /session/c560a4da8281d0ae87757c6686821c71/screenshot - {}
RESULT: {}
COMMAND: POST /session/c560a4da8281d0ae87757c6686821c71/execute/async - {"script":"<script> [1562 bytes]","args":[{"selector":{"controlType":"sap.m.ObjectStatus","viewName":"etm.portal.ui.managehandovers.view.DetailManageHO","viewId":"application-managehandovers-display-component---detailManageHO","bindingPath":{"propertyPath":"LINK_TO_STATUS/DESCRIPTION","modelName":"catalogModel"}},"wdio_ui5_key":"etmportal.ui.managehandovers.view.DetailManageHOsap.m.ObjectStatus{\"propertyPath\":\"LINK_TO_STATUS/DESCRIPTION\",\"modelName\":\"catalogModel\"}"}]}
RESULT: {"script":"<script> [1562 bytes]","args":[{"selector":{"controlType":"sap.m.ObjectStatus","viewName":"etm.portal.ui.managehandovers.view.DetailManageHO","viewId":"application-managehandovers-display-component---detailManageHO","bindingPath":{"propertyPath":"LINK_TO_STATUS/DESCRIPTION","modelName":"catalogModel"}},"wdio_ui5_key":"etmportal.ui.managehandovers.view.DetailManageHOsap.m.ObjectStatus{\"propertyPath\":\"LINK_TO_STATUS/DESCRIPTION\",\"modelName\":\"catalogModel\"}"}]}
RESULT: undefined
COMMAND: POST /session/c560a4da8281d0ae87757c6686821c71/execute/async - {"script":"<script> [6424 bytes]","args":[{"element-6066-11e4-a52e-4f735466cecf":"f.437C3BD069600255C914999B9931D078.d.322D3DEB28EF41EF2090993438A9FE88.e.33186"},"getText",[]]}
RESULT: {"script":"<script> [6424 bytes]","args":[{"element-6066-11e4-a52e-4f735466cecf":"f.437C3BD069600255C914999B9931D078.d.322D3DEB28EF41EF2090993438A9FE88.e.33186"},"getText",[]]}
COMMAND: POST /session/c560a4da8281d0ae87757c6686821c71/element - {"using":"xpath","value":"//header[contains(@id ,\"detailManageHO--ObjectPageLayout-headerTitle\")]/div[1]/div[2]/div[1]/div[1]/div[1]/div[2]/div/span"}
RESULT: {"using":"xpath","value":"//header[contains(@id ,\"detailManageHO--ObjectPageLayout-headerTitle\")]/div[1]/div[2]/div[1]/div[1]/div[1]/div[2]/div/span"}
COMMAND: POST /session/c560a4da8281d0ae87757c6686821c71/execute/sync - {"script":"<script> [56 bytes]","args":[{"element-6066-11e4-a52e-4f735466cecf":"f.437C3BD069600255C914999B9931D078.d.322D3DEB28EF41EF2090993438A9FE88.e.33187","ELEMENT":"f.437C3BD069600255C914999B9931D078.d.322D3DEB28EF41EF2090993438A9FE88.e.33187"}]}
RESULT: {"script":"<script> [56 bytes]","args":[{"element-6066-11e4-a52e-4f735466cecf":"f.437C3BD069600255C914999B9931D078.d.322D3DEB28EF41EF2090993438A9FE88.e.33187","ELEMENT":"f.437C3BD069600255C914999B9931D078.d.322D3DEB28EF41EF2090993438A9FE88.e.33187"}]}
COMMAND: GET /session/c560a4da8281d0ae87757c6686821c71/screenshot - {}
RESULT: {}
COMMAND: DELETE /session/c560a4da8281d0ae87757c6686821c71 - {}
RESULT: {}
]]></system-out>
    </testcase>
  </testsuite>
</testsuites>