<?xml version="1.0" encoding="UTF-8"?>
<testsuites tests="21" failures="0" errors="0" skipped="0">
  <testsuite timestamp="2025-05-07T17:03:15" time="411.798" tests="3" failures="0" errors="0" skipped="0">
    <properties>
      <property name="specId" value="0" />
      <property name="suiteName" value="Create condition pricing US117289 US134625" />
      <property name="capabilities" value="chrome.135_0_7049_115.windows" />
      <property name="file" value="file:///D:/a/1/s/test/specs/BTS/create-condition-pricing.spec.js" />
    </properties>
    <testcase classname="chrome.135_0_7049_115.windows.Create_condition_pricing_US117289_US134625" name="Should create a new yard used for all following tests" time="134.23">
      <system-out><![CDATA[
COMMAND: POST /session/555fcffa8aa83dd925f7bd1343d4074b/window/fullscreen - {}
RESULT: {}
COMMAND: POST /session/555fcffa8aa83dd925f7bd1343d4074b/execute/async - {"script":"<script> [1562 bytes]","args":[{"selector":{"controlType":"sap.m.GenericTile","properties":{"header":"Manage Yards"}},"wdio_ui5_key":"sapm.GenericTile{\"header\":\"Manage Yards\"}"}]}
RESULT: {"script":"<script> [1562 bytes]","args":[{"selector":{"controlType":"sap.m.GenericTile","properties":{"header":"Manage Yards"}},"wdio_ui5_key":"sapm.GenericTile{\"header\":\"Manage Yards\"}"}]}
RESULT: undefined
COMMAND: POST /session/555fcffa8aa83dd925f7bd1343d4074b/element - {"using":"xpath","value":"//*[@id=\"__tile41\"]"}
RESULT: {"using":"xpath","value":"//*[@id=\"__tile41\"]"}
COMMAND: POST /session/555fcffa8aa83dd925f7bd1343d4074b/element/f.9C1E946C17B1C55FC69CCE7EB9D2133F.d.FBF65388DA4F4BC75C21E01C85973C7C.e.160/click - {}
RESULT: {}
COMMAND: POST /session/555fcffa8aa83dd925f7bd1343d4074b/element - {"using":"xpath","value":"//button[@data-kt=\"addNewYardOverflowToolbarButton\"]"}
COMMAND: GET /session/555fcffa8aa83dd925f7bd1343d4074b/screenshot - {}
RESULT: {"using":"xpath","value":"//button[@data-kt=\"addNewYardOverflowToolbarButton\"]"}
COMMAND: POST /session/555fcffa8aa83dd925f7bd1343d4074b/elements - {"using":"xpath","value":"//button[@data-kt=\"addNewYardOverflowToolbarButton\"]"}
RESULT: {}
RESULT: {"using":"xpath","value":"//button[@data-kt=\"addNewYardOverflowToolbarButton\"]"}
COMMAND: POST /session/555fcffa8aa83dd925f7bd1343d4074b/elements - {"using":"xpath","value":"//button[@data-kt=\"addNewYardOverflowToolbarButton\"]"}
RESULT: {"using":"xpath","value":"//button[@data-kt=\"addNewYardOverflowToolbarButton\"]"}
COMMAND: POST /session/555fcffa8aa83dd925f7bd1343d4074b/elements - {"using":"xpath","value":"//button[@data-kt=\"addNewYardOverflowToolbarButton\"]"}
RESULT: {"using":"xpath","value":"//button[@data-kt=\"addNewYardOverflowToolbarButton\"]"}
COMMAND: POST /session/555fcffa8aa83dd925f7bd1343d4074b/elements - {"using":"xpath","value":"//button[@data-kt=\"addNewYardOverflowToolbarButton\"]"}
RESULT: {"using":"xpath","value":"//button[@data-kt=\"addNewYardOverflowToolbarButton\"]"}
COMMAND: POST /session/555fcffa8aa83dd925f7bd1343d4074b/elements - {"using":"xpath","value":"//button[@data-kt=\"addNewYardOverflowToolbarButton\"]"}
RESULT: {"using":"xpath","value":"//button[@data-kt=\"addNewYardOverflowToolbarButton\"]"}
COMMAND: POST /session/555fcffa8aa83dd925f7bd1343d4074b/elements - {"using":"xpath","value":"//button[@data-kt=\"addNewYardOverflowToolbarButton\"]"}
RESULT: {"using":"xpath","value":"//button[@data-kt=\"addNewYardOverflowToolbarButton\"]"}
COMMAND: POST /session/555fcffa8aa83dd925f7bd1343d4074b/elements - {"using":"xpath","value":"//button[@data-kt=\"addNewYardOverflowToolbarButton\"]"}
RESULT: {"using":"xpath","value":"//button[@data-kt=\"addNewYardOverflowToolbarButton\"]"}
COMMAND: POST /session/555fcffa8aa83dd925f7bd1343d4074b/elements - {"using":"xpath","value":"//button[@data-kt=\"addNewYardOverflowToolbarButton\"]"}
RESULT: {"using":"xpath","value":"//button[@data-kt=\"addNewYardOverflowToolbarButton\"]"}
COMMAND: POST /session/555fcffa8aa83dd925f7bd1343d4074b/elements - {"using":"xpath","value":"//button[@data-kt=\"addNewYardOverflowToolbarButton\"]"}
RESULT: {"using":"xpath","value":"//button[@data-kt=\"addNewYardOverflowToolbarButton\"]"}
COMMAND: POST /session/555fcffa8aa83dd925f7bd1343d4074b/elements - {"using":"xpath","value":"//button[@data-kt=\"addNewYardOverflowToolbarButton\"]"}
RESULT: {"using":"xpath","value":"//button[@data-kt=\"addNewYardOverflowToolbarButton\"]"}
COMMAND: POST /session/555fcffa8aa83dd925f7bd1343d4074b/elements - {"using":"xpath","value":"//button[@data-kt=\"addNewYardOverflowToolbarButton\"]"}
RESULT: {"using":"xpath","value":"//button[@data-kt=\"addNewYardOverflowToolbarButton\"]"}
COMMAND: POST /session/555fcffa8aa83dd925f7bd1343d4074b/elements - {"using":"xpath","value":"//button[@data-kt=\"addNewYardOverflowToolbarButton\"]"}
RESULT: {"using":"xpath","value":"//button[@data-kt=\"addNewYardOverflowToolbarButton\"]"}
COMMAND: POST /session/555fcffa8aa83dd925f7bd1343d4074b/elements - {"using":"xpath","value":"//button[@data-kt=\"addNewYardOverflowToolbarButton\"]"}
RESULT: {"using":"xpath","value":"//button[@data-kt=\"addNewYardOverflowToolbarButton\"]"}
COMMAND: POST /session/555fcffa8aa83dd925f7bd1343d4074b/elements - {"using":"xpath","value":"//button[@data-kt=\"addNewYardOverflowToolbarButton\"]"}
RESULT: {"using":"xpath","value":"//button[@data-kt=\"addNewYardOverflowToolbarButton\"]"}
COMMAND: POST /session/555fcffa8aa83dd925f7bd1343d4074b/elements - {"using":"xpath","value":"//button[@data-kt=\"addNewYardOverflowToolbarButton\"]"}
RESULT: {"using":"xpath","value":"//button[@data-kt=\"addNewYardOverflowToolbarButton\"]"}
COMMAND: POST /session/555fcffa8aa83dd925f7bd1343d4074b/elements - {"using":"xpath","value":"//button[@data-kt=\"addNewYardOverflowToolbarButton\"]"}
RESULT: {"using":"xpath","value":"//button[@data-kt=\"addNewYardOverflowToolbarButton\"]"}
COMMAND: POST /session/555fcffa8aa83dd925f7bd1343d4074b/elements - {"using":"xpath","value":"//button[@data-kt=\"addNewYardOverflowToolbarButton\"]"}
RESULT: {"using":"xpath","value":"//button[@data-kt=\"addNewYardOverflowToolbarButton\"]"}
COMMAND: POST /session/555fcffa8aa83dd925f7bd1343d4074b/elements - {"using":"xpath","value":"//button[@data-kt=\"addNewYardOverflowToolbarButton\"]"}
RESULT: {"using":"xpath","value":"//button[@data-kt=\"addNewYardOverflowToolbarButton\"]"}
COMMAND: POST /session/555fcffa8aa83dd925f7bd1343d4074b/elements - {"using":"xpath","value":"//button[@data-kt=\"addNewYardOverflowToolbarButton\"]"}
RESULT: {"using":"xpath","value":"//button[@data-kt=\"addNewYardOverflowToolbarButton\"]"}
COMMAND: POST /session/555fcffa8aa83dd925f7bd1343d4074b/elements - {"using":"xpath","value":"//button[@data-kt=\"addNewYardOverflowToolbarButton\"]"}
RESULT: {"using":"xpath","value":"//button[@data-kt=\"addNewYardOverflowToolbarButton\"]"}
COMMAND: POST /session/555fcffa8aa83dd925f7bd1343d4074b/elements - {"using":"xpath","value":"//button[@data-kt=\"addNewYardOverflowToolbarButton\"]"}
RESULT: {"using":"xpath","value":"//button[@data-kt=\"addNewYardOverflowToolbarButton\"]"}
COMMAND: POST /session/555fcffa8aa83dd925f7bd1343d4074b/elements - {"using":"xpath","value":"//button[@data-kt=\"addNewYardOverflowToolbarButton\"]"}
RESULT: {"using":"xpath","value":"//button[@data-kt=\"addNewYardOverflowToolbarButton\"]"}
COMMAND: POST /session/555fcffa8aa83dd925f7bd1343d4074b/elements - {"using":"xpath","value":"//button[@data-kt=\"addNewYardOverflowToolbarButton\"]"}
RESULT: {"using":"xpath","value":"//button[@data-kt=\"addNewYardOverflowToolbarButton\"]"}
COMMAND: POST /session/555fcffa8aa83dd925f7bd1343d4074b/elements - {"using":"xpath","value":"//button[@data-kt=\"addNewYardOverflowToolbarButton\"]"}
RESULT: {"using":"xpath","value":"//button[@data-kt=\"addNewYardOverflowToolbarButton\"]"}
COMMAND: POST /session/555fcffa8aa83dd925f7bd1343d4074b/elements - {"using":"xpath","value":"//button[@data-kt=\"addNewYardOverflowToolbarButton\"]"}
RESULT: {"using":"xpath","value":"//button[@data-kt=\"addNewYardOverflowToolbarButton\"]"}
COMMAND: POST /session/555fcffa8aa83dd925f7bd1343d4074b/elements - {"using":"xpath","value":"//button[@data-kt=\"addNewYardOverflowToolbarButton\"]"}
RESULT: {"using":"xpath","value":"//button[@data-kt=\"addNewYardOverflowToolbarButton\"]"}
COMMAND: POST /session/555fcffa8aa83dd925f7bd1343d4074b/elements - {"using":"xpath","value":"//button[@data-kt=\"addNewYardOverflowToolbarButton\"]"}
RESULT: {"using":"xpath","value":"//button[@data-kt=\"addNewYardOverflowToolbarButton\"]"}
COMMAND: POST /session/555fcffa8aa83dd925f7bd1343d4074b/elements - {"using":"xpath","value":"//button[@data-kt=\"addNewYardOverflowToolbarButton\"]"}
RESULT: {"using":"xpath","value":"//button[@data-kt=\"addNewYardOverflowToolbarButton\"]"}
COMMAND: POST /session/555fcffa8aa83dd925f7bd1343d4074b/elements - {"using":"xpath","value":"//button[@data-kt=\"addNewYardOverflowToolbarButton\"]"}
RESULT: {"using":"xpath","value":"//button[@data-kt=\"addNewYardOverflowToolbarButton\"]"}
COMMAND: POST /session/555fcffa8aa83dd925f7bd1343d4074b/elements - {"using":"xpath","value":"//button[@data-kt=\"addNewYardOverflowToolbarButton\"]"}
RESULT: {"using":"xpath","value":"//button[@data-kt=\"addNewYardOverflowToolbarButton\"]"}
COMMAND: POST /session/555fcffa8aa83dd925f7bd1343d4074b/elements - {"using":"xpath","value":"//button[@data-kt=\"addNewYardOverflowToolbarButton\"]"}
RESULT: {"using":"xpath","value":"//button[@data-kt=\"addNewYardOverflowToolbarButton\"]"}
COMMAND: POST /session/555fcffa8aa83dd925f7bd1343d4074b/elements - {"using":"xpath","value":"//button[@data-kt=\"addNewYardOverflowToolbarButton\"]"}
RESULT: {"using":"xpath","value":"//button[@data-kt=\"addNewYardOverflowToolbarButton\"]"}
COMMAND: POST /session/555fcffa8aa83dd925f7bd1343d4074b/elements - {"using":"xpath","value":"//button[@data-kt=\"addNewYardOverflowToolbarButton\"]"}
RESULT: {"using":"xpath","value":"//button[@data-kt=\"addNewYardOverflowToolbarButton\"]"}
COMMAND: POST /session/555fcffa8aa83dd925f7bd1343d4074b/elements - {"using":"xpath","value":"//button[@data-kt=\"addNewYardOverflowToolbarButton\"]"}
RESULT: {"using":"xpath","value":"//button[@data-kt=\"addNewYardOverflowToolbarButton\"]"}
COMMAND: POST /session/555fcffa8aa83dd925f7bd1343d4074b/elements - {"using":"xpath","value":"//button[@data-kt=\"addNewYardOverflowToolbarButton\"]"}
RESULT: {"using":"xpath","value":"//button[@data-kt=\"addNewYardOverflowToolbarButton\"]"}
COMMAND: POST /session/555fcffa8aa83dd925f7bd1343d4074b/elements - {"using":"xpath","value":"//button[@data-kt=\"addNewYardOverflowToolbarButton\"]"}
RESULT: {"using":"xpath","value":"//button[@data-kt=\"addNewYardOverflowToolbarButton\"]"}
COMMAND: POST /session/555fcffa8aa83dd925f7bd1343d4074b/elements - {"using":"xpath","value":"//button[@data-kt=\"addNewYardOverflowToolbarButton\"]"}
RESULT: {"using":"xpath","value":"//button[@data-kt=\"addNewYardOverflowToolbarButton\"]"}
COMMAND: POST /session/555fcffa8aa83dd925f7bd1343d4074b/elements - {"using":"xpath","value":"//button[@data-kt=\"addNewYardOverflowToolbarButton\"]"}
RESULT: {"using":"xpath","value":"//button[@data-kt=\"addNewYardOverflowToolbarButton\"]"}
COMMAND: POST /session/555fcffa8aa83dd925f7bd1343d4074b/element - {"using":"xpath","value":"//button[@data-kt=\"addNewYardOverflowToolbarButton\"]"}
RESULT: {"using":"xpath","value":"//button[@data-kt=\"addNewYardOverflowToolbarButton\"]"}
COMMAND: POST /session/555fcffa8aa83dd925f7bd1343d4074b/execute/sync - {"script":"<script> [8489 bytes]","args":[{"element-6066-11e4-a52e-4f735466cecf":"f.9C1E946C17B1C55FC69CCE7EB9D2133F.d.FBF65388DA4F4BC75C21E01C85973C7C.e.301","ELEMENT":"f.9C1E946C17B1C55FC69CCE7EB9D2133F.d.FBF65388DA4F4BC75C21E01C85973C7C.e.301"}]}
RESULT: {"script":"<script> [8489 bytes]","args":[{"element-6066-11e4-a52e-4f735466cecf":"f.9C1E946C17B1C55FC69CCE7EB9D2133F.d.FBF65388DA4F4BC75C21E01C85973C7C.e.301","ELEMENT":"f.9C1E946C17B1C55FC69CCE7EB9D2133F.d.FBF65388DA4F4BC75C21E01C85973C7C.e.301"}]}
COMMAND: GET /session/555fcffa8aa83dd925f7bd1343d4074b/element/f.9C1E946C17B1C55FC69CCE7EB9D2133F.d.FBF65388DA4F4BC75C21E01C85973C7C.e.301/enabled - {}
COMMAND: GET /session/555fcffa8aa83dd925f7bd1343d4074b/screenshot - {}
RESULT: {}
COMMAND: POST /session/555fcffa8aa83dd925f7bd1343d4074b/execute/sync - {"script":"<script> [8489 bytes]","args":[{"element-6066-11e4-a52e-4f735466cecf":"f.9C1E946C17B1C55FC69CCE7EB9D2133F.d.FBF65388DA4F4BC75C21E01C85973C7C.e.301","ELEMENT":"f.9C1E946C17B1C55FC69CCE7EB9D2133F.d.FBF65388DA4F4BC75C21E01C85973C7C.e.301"}]}
COMMAND: GET /session/555fcffa8aa83dd925f7bd1343d4074b/screenshot - {}
RESULT: {}
RESULT: {"script":"<script> [8489 bytes]","args":[{"element-6066-11e4-a52e-4f735466cecf":"f.9C1E946C17B1C55FC69CCE7EB9D2133F.d.FBF65388DA4F4BC75C21E01C85973C7C.e.301","ELEMENT":"f.9C1E946C17B1C55FC69CCE7EB9D2133F.d.FBF65388DA4F4BC75C21E01C85973C7C.e.301"}]}
COMMAND: POST /session/555fcffa8aa83dd925f7bd1343d4074b/execute/sync - {"script":"<script> [5351 bytes]","args":[{"element-6066-11e4-a52e-4f735466cecf":"f.9C1E946C17B1C55FC69CCE7EB9D2133F.d.FBF65388DA4F4BC75C21E01C85973C7C.e.301","ELEMENT":"f.9C1E946C17B1C55FC69CCE7EB9D2133F.d.FBF65388DA4F4BC75C21E01C85973C7C.e.301"}]}
COMMAND: GET /session/555fcffa8aa83dd925f7bd1343d4074b/screenshot - {}
RESULT: {}
RESULT: {"script":"<script> [5351 bytes]","args":[{"element-6066-11e4-a52e-4f735466cecf":"f.9C1E946C17B1C55FC69CCE7EB9D2133F.d.FBF65388DA4F4BC75C21E01C85973C7C.e.301","ELEMENT":"f.9C1E946C17B1C55FC69CCE7EB9D2133F.d.FBF65388DA4F4BC75C21E01C85973C7C.e.301"}]}
COMMAND: POST /session/555fcffa8aa83dd925f7bd1343d4074b/element/f.9C1E946C17B1C55FC69CCE7EB9D2133F.d.FBF65388DA4F4BC75C21E01C85973C7C.e.301/click - {}
COMMAND: GET /session/555fcffa8aa83dd925f7bd1343d4074b/screenshot - {}
RESULT: {}
RESULT: {}
COMMAND: GET /session/555fcffa8aa83dd925f7bd1343d4074b/screenshot - {}
COMMAND: POST /session/555fcffa8aa83dd925f7bd1343d4074b/element - {"using":"xpath","value":"//input[@id=\"application-manageyards-display-component---NewYard--yardId-inner\"]"}
RESULT: {}
RESULT: {}
RESULT: {"using":"xpath","value":"//input[@id=\"application-manageyards-display-component---NewYard--yardId-inner\"]"}
COMMAND: POST /session/555fcffa8aa83dd925f7bd1343d4074b/element - {"using":"xpath","value":"//input[@id=\"application-manageyards-display-component---NewYard--yardId-inner\"]"}
RESULT: {"using":"xpath","value":"//input[@id=\"application-manageyards-display-component---NewYard--yardId-inner\"]"}
COMMAND: POST /session/555fcffa8aa83dd925f7bd1343d4074b/execute/async - {"script":"<script> [1562 bytes]","args":[{"selector":{"id":"application-manageyards-display-component---NewYard--addressDetailDetailsName1","interaction":{"idSuffix":"inner"}},"wdio_ui5_key":"applicationmanageyards-display-component---NewYard--addressDetailDetailsName1"}]}
RESULT: {"script":"<script> [1562 bytes]","args":[{"selector":{"id":"application-manageyards-display-component---NewYard--addressDetailDetailsName1","interaction":{"idSuffix":"inner"}},"wdio_ui5_key":"applicationmanageyards-display-component---NewYard--addressDetailDetailsName1"}]}
RESULT: undefined
COMMAND: POST /session/555fcffa8aa83dd925f7bd1343d4074b/execute/async - {"script":"<script> [776 bytes]","args":[{"enterText":"DailyPrice WDIO","selector":{"id":"application-manageyards-display-component---NewYard--addressDetailDetailsName1","interaction":{"idSuffix":"inner"}},"clearTextFirst":true,"interactionType":"ENTER_TEXT"}]}
RESULT: {"script":"<script> [776 bytes]","args":[{"enterText":"DailyPrice WDIO","selector":{"id":"application-manageyards-display-component---NewYard--addressDetailDetailsName1","interaction":{"idSuffix":"inner"}},"clearTextFirst":true,"interactionType":"ENTER_TEXT"}]}
COMMAND: POST /session/555fcffa8aa83dd925f7bd1343d4074b/execute/async - {"script":"<script> [1562 bytes]","args":[{"selector":{"id":"application-manageyards-display-component---NewYard--addressDetailDetailsLanguage-arrow"},"wdio_ui5_key":"applicationmanageyards-display-component---NewYard--addressDetailDetailsLanguage-arrow"}]}
RESULT: {"script":"<script> [1562 bytes]","args":[{"selector":{"id":"application-manageyards-display-component---NewYard--addressDetailDetailsLanguage-arrow"},"wdio_ui5_key":"applicationmanageyards-display-component---NewYard--addressDetailDetailsLanguage-arrow"}]}
RESULT: undefined
COMMAND: POST /session/555fcffa8aa83dd925f7bd1343d4074b/element - {"using":"xpath","value":"//*[@id=\"application-manageyards-display-component---NewYard--addressDetailDetailsLanguage-arrow\"]"}
RESULT: {"using":"xpath","value":"//*[@id=\"application-manageyards-display-component---NewYard--addressDetailDetailsLanguage-arrow\"]"}
COMMAND: POST /session/555fcffa8aa83dd925f7bd1343d4074b/element/f.9C1E946C17B1C55FC69CCE7EB9D2133F.d.FBF65388DA4F4BC75C21E01C85973C7C.e.729/click - {}
RESULT: {}
COMMAND: POST /session/555fcffa8aa83dd925f7bd1343d4074b/element - {"using":"xpath","value":"//span[contains(text(), \"English\")]"}
COMMAND: GET /session/555fcffa8aa83dd925f7bd1343d4074b/screenshot - {}
RESULT: {"using":"xpath","value":"//span[contains(text(), \"English\")]"}
COMMAND: POST /session/555fcffa8aa83dd925f7bd1343d4074b/element/f.9C1E946C17B1C55FC69CCE7EB9D2133F.d.FBF65388DA4F4BC75C21E01C85973C7C.e.730/click - {}
RESULT: {}
RESULT: {}
COMMAND: POST /session/555fcffa8aa83dd925f7bd1343d4074b/execute/async - {"script":"<script> [1562 bytes]","args":[{"selector":{"id":"application-manageyards-display-component---NewYard--addressDetailDetailsCity1","interaction":{"idSuffix":"inner"}},"wdio_ui5_key":"applicationmanageyards-display-component---NewYard--addressDetailDetailsCity1"}]}
COMMAND: GET /session/555fcffa8aa83dd925f7bd1343d4074b/screenshot - {}
RESULT: {"script":"<script> [1562 bytes]","args":[{"selector":{"id":"application-manageyards-display-component---NewYard--addressDetailDetailsCity1","interaction":{"idSuffix":"inner"}},"wdio_ui5_key":"applicationmanageyards-display-component---NewYard--addressDetailDetailsCity1"}]}
RESULT: undefined
COMMAND: POST /session/555fcffa8aa83dd925f7bd1343d4074b/execute/async - {"script":"<script> [776 bytes]","args":[{"enterText":"Rosario","selector":{"id":"application-manageyards-display-component---NewYard--addressDetailDetailsCity1","interaction":{"idSuffix":"inner"}},"clearTextFirst":true,"interactionType":"ENTER_TEXT"}]}
RESULT: {}
RESULT: {"script":"<script> [776 bytes]","args":[{"enterText":"Rosario","selector":{"id":"application-manageyards-display-component---NewYard--addressDetailDetailsCity1","interaction":{"idSuffix":"inner"}},"clearTextFirst":true,"interactionType":"ENTER_TEXT"}]}
COMMAND: POST /session/555fcffa8aa83dd925f7bd1343d4074b/execute/async - {"script":"<script> [1562 bytes]","args":[{"selector":{"id":"application-manageyards-display-component---NewYard--addressDetailDetailsCountry-arrow"},"wdio_ui5_key":"applicationmanageyards-display-component---NewYard--addressDetailDetailsCountry-arrow"}]}
RESULT: {"script":"<script> [1562 bytes]","args":[{"selector":{"id":"application-manageyards-display-component---NewYard--addressDetailDetailsCountry-arrow"},"wdio_ui5_key":"applicationmanageyards-display-component---NewYard--addressDetailDetailsCountry-arrow"}]}
RESULT: undefined
COMMAND: POST /session/555fcffa8aa83dd925f7bd1343d4074b/element - {"using":"xpath","value":"//*[@id=\"application-manageyards-display-component---NewYard--addressDetailDetailsCountry-arrow\"]"}
RESULT: {"using":"xpath","value":"//*[@id=\"application-manageyards-display-component---NewYard--addressDetailDetailsCountry-arrow\"]"}
COMMAND: POST /session/555fcffa8aa83dd925f7bd1343d4074b/element/f.9C1E946C17B1C55FC69CCE7EB9D2133F.d.FBF65388DA4F4BC75C21E01C85973C7C.e.732/click - {}
RESULT: {}
COMMAND: POST /session/555fcffa8aa83dd925f7bd1343d4074b/element - {"using":"xpath","value":"//span[contains(text(), \"Argentina\")]"}
COMMAND: GET /session/555fcffa8aa83dd925f7bd1343d4074b/screenshot - {}
RESULT: {"using":"xpath","value":"//span[contains(text(), \"Argentina\")]"}
COMMAND: POST /session/555fcffa8aa83dd925f7bd1343d4074b/element/f.9C1E946C17B1C55FC69CCE7EB9D2133F.d.FBF65388DA4F4BC75C21E01C85973C7C.e.734/click - {}
RESULT: {}
RESULT: {}
COMMAND: POST /session/555fcffa8aa83dd925f7bd1343d4074b/execute/async - {"script":"<script> [1562 bytes]","args":[{"selector":{"id":"application-manageyards-display-component---NewYard--addressEditDetailsCostObjectCstType-arrow"},"wdio_ui5_key":"applicationmanageyards-display-component---NewYard--addressEditDetailsCostObjectCstType-arrow"}]}
COMMAND: GET /session/555fcffa8aa83dd925f7bd1343d4074b/screenshot - {}
RESULT: {"script":"<script> [1562 bytes]","args":[{"selector":{"id":"application-manageyards-display-component---NewYard--addressEditDetailsCostObjectCstType-arrow"},"wdio_ui5_key":"applicationmanageyards-display-component---NewYard--addressEditDetailsCostObjectCstType-arrow"}]}
RESULT: undefined
COMMAND: POST /session/555fcffa8aa83dd925f7bd1343d4074b/element - {"using":"xpath","value":"//*[@id=\"application-manageyards-display-component---NewYard--addressEditDetailsCostObjectCstType-arrow\"]"}
RESULT: {}
RESULT: {"using":"xpath","value":"//*[@id=\"application-manageyards-display-component---NewYard--addressEditDetailsCostObjectCstType-arrow\"]"}
COMMAND: POST /session/555fcffa8aa83dd925f7bd1343d4074b/element/f.9C1E946C17B1C55FC69CCE7EB9D2133F.d.FBF65388DA4F4BC75C21E01C85973C7C.e.735/click - {}
RESULT: {}
COMMAND: POST /session/555fcffa8aa83dd925f7bd1343d4074b/element - {"using":"xpath","value":"//span[contains(text(), \"Cost Center\")]"}
COMMAND: GET /session/555fcffa8aa83dd925f7bd1343d4074b/screenshot - {}
RESULT: {"using":"xpath","value":"//span[contains(text(), \"Cost Center\")]"}
COMMAND: POST /session/555fcffa8aa83dd925f7bd1343d4074b/element/f.9C1E946C17B1C55FC69CCE7EB9D2133F.d.FBF65388DA4F4BC75C21E01C85973C7C.e.736/click - {}
RESULT: {}
RESULT: {}
COMMAND: GET /session/555fcffa8aa83dd925f7bd1343d4074b/screenshot - {}
RESULT: {}
COMMAND: POST /session/555fcffa8aa83dd925f7bd1343d4074b/element - {"using":"xpath","value":"//span[@id=\"application-manageyards-display-component---NewYard--addressNewCostObjectCstID-vhi\"]"}
RESULT: {"using":"xpath","value":"//span[@id=\"application-manageyards-display-component---NewYard--addressNewCostObjectCstID-vhi\"]"}
COMMAND: POST /session/555fcffa8aa83dd925f7bd1343d4074b/execute/sync - {"script":"<script> [8489 bytes]","args":[{"element-6066-11e4-a52e-4f735466cecf":"f.9C1E946C17B1C55FC69CCE7EB9D2133F.d.FBF65388DA4F4BC75C21E01C85973C7C.e.740","ELEMENT":"f.9C1E946C17B1C55FC69CCE7EB9D2133F.d.FBF65388DA4F4BC75C21E01C85973C7C.e.740"}]}
RESULT: {"script":"<script> [8489 bytes]","args":[{"element-6066-11e4-a52e-4f735466cecf":"f.9C1E946C17B1C55FC69CCE7EB9D2133F.d.FBF65388DA4F4BC75C21E01C85973C7C.e.740","ELEMENT":"f.9C1E946C17B1C55FC69CCE7EB9D2133F.d.FBF65388DA4F4BC75C21E01C85973C7C.e.740"}]}
COMMAND: POST /session/555fcffa8aa83dd925f7bd1343d4074b/execute/async - {"script":"<script> [1562 bytes]","args":[{"selector":{"id":"application-manageyards-display-component---NewYard--addressNewCostObjectCstID-vhi"},"wdio_ui5_key":"applicationmanageyards-display-component---NewYard--addressNewCostObjectCstID-vhi"}]}
COMMAND: GET /session/555fcffa8aa83dd925f7bd1343d4074b/screenshot - {}
RESULT: {"script":"<script> [1562 bytes]","args":[{"selector":{"id":"application-manageyards-display-component---NewYard--addressNewCostObjectCstID-vhi"},"wdio_ui5_key":"applicationmanageyards-display-component---NewYard--addressNewCostObjectCstID-vhi"}]}
RESULT: undefined
COMMAND: POST /session/555fcffa8aa83dd925f7bd1343d4074b/element - {"using":"xpath","value":"//*[@id=\"application-manageyards-display-component---NewYard--addressNewCostObjectCstID-vhi\"]"}
RESULT: {}
RESULT: {"using":"xpath","value":"//*[@id=\"application-manageyards-display-component---NewYard--addressNewCostObjectCstID-vhi\"]"}
COMMAND: POST /session/555fcffa8aa83dd925f7bd1343d4074b/element/f.9C1E946C17B1C55FC69CCE7EB9D2133F.d.FBF65388DA4F4BC75C21E01C85973C7C.e.740/click - {}
RESULT: {}
COMMAND: GET /session/555fcffa8aa83dd925f7bd1343d4074b/screenshot - {}
RESULT: {}
COMMAND: POST /session/555fcffa8aa83dd925f7bd1343d4074b/execute/async - {"script":"<script> [1562 bytes]","args":[{"selector":{"controlType":"sap.m.SearchField","properties":{"placeholder":"Search"},"searchOpenDialogs":true,"interaction":{"idSuffix":"I"}},"wdio_ui5_key":"sapm.SearchField{\"placeholder\":\"Search\"}"}]}
RESULT: {"script":"<script> [1562 bytes]","args":[{"selector":{"controlType":"sap.m.SearchField","properties":{"placeholder":"Search"},"searchOpenDialogs":true,"interaction":{"idSuffix":"I"}},"wdio_ui5_key":"sapm.SearchField{\"placeholder\":\"Search\"}"}]}
RESULT: undefined
COMMAND: POST /session/555fcffa8aa83dd925f7bd1343d4074b/execute/async - {"script":"<script> [776 bytes]","args":[{"enterText":"10001013","selector":{"controlType":"sap.m.SearchField","properties":{"placeholder":"Search"},"searchOpenDialogs":true,"interaction":{"idSuffix":"I"}},"clearTextFirst":true,"interactionType":"ENTER_TEXT"}]}
RESULT: {"script":"<script> [776 bytes]","args":[{"enterText":"10001013","selector":{"controlType":"sap.m.SearchField","properties":{"placeholder":"Search"},"searchOpenDialogs":true,"interaction":{"idSuffix":"I"}},"clearTextFirst":true,"interactionType":"ENTER_TEXT"}]}
COMMAND: POST /session/555fcffa8aa83dd925f7bd1343d4074b/actions - {"actions":[{"id":"action1","type":"key","parameters":{},"actions":[{"type":"keyDown","value":"î€‡"},{"type":"pause","duration":10},{"type":"keyUp","value":"î€‡"}]}]}
RESULT: {"actions":[{"id":"action1","type":"key","parameters":{},"actions":[{"type":"keyDown","value":"î€‡"},{"type":"pause","duration":10},{"type":"keyUp","value":"î€‡"}]}]}
COMMAND: GET /session/555fcffa8aa83dd925f7bd1343d4074b/screenshot - {}
RESULT: {}
COMMAND: POST /session/555fcffa8aa83dd925f7bd1343d4074b/element - {"using":"xpath","value":"//span[contains(text(), \"General Management\")]"}
RESULT: {"using":"xpath","value":"//span[contains(text(), \"General Management\")]"}
COMMAND: POST /session/555fcffa8aa83dd925f7bd1343d4074b/element/f.9C1E946C17B1C55FC69CCE7EB9D2133F.d.FBF65388DA4F4BC75C21E01C85973C7C.e.781/click - {}
RESULT: {}
COMMAND: GET /session/555fcffa8aa83dd925f7bd1343d4074b/screenshot - {}
RESULT: {}
COMMAND: POST /session/555fcffa8aa83dd925f7bd1343d4074b/element - {"using":"xpath","value":"//bdi[contains(text(), \"OK\")]"}
RESULT: {"using":"xpath","value":"//bdi[contains(text(), \"OK\")]"}
COMMAND: POST /session/555fcffa8aa83dd925f7bd1343d4074b/element/f.9C1E946C17B1C55FC69CCE7EB9D2133F.d.FBF65388DA4F4BC75C21E01C85973C7C.e.782/click - {}
RESULT: {}
COMMAND: GET /session/555fcffa8aa83dd925f7bd1343d4074b/screenshot - {}
RESULT: {}
COMMAND: POST /session/555fcffa8aa83dd925f7bd1343d4074b/execute/async - {"script":"<script> [1562 bytes]","args":[{"selector":{"id":"application-manageyards-display-component---NewYard--addressEditDetailsCurrency-arrow"},"wdio_ui5_key":"applicationmanageyards-display-component---NewYard--addressEditDetailsCurrency-arrow"}]}
RESULT: {"script":"<script> [1562 bytes]","args":[{"selector":{"id":"application-manageyards-display-component---NewYard--addressEditDetailsCurrency-arrow"},"wdio_ui5_key":"applicationmanageyards-display-component---NewYard--addressEditDetailsCurrency-arrow"}]}
RESULT: undefined
COMMAND: POST /session/555fcffa8aa83dd925f7bd1343d4074b/element - {"using":"xpath","value":"//*[@id=\"application-manageyards-display-component---NewYard--addressEditDetailsCurrency-arrow\"]"}
RESULT: {"using":"xpath","value":"//*[@id=\"application-manageyards-display-component---NewYard--addressEditDetailsCurrency-arrow\"]"}
COMMAND: POST /session/555fcffa8aa83dd925f7bd1343d4074b/element/f.9C1E946C17B1C55FC69CCE7EB9D2133F.d.FBF65388DA4F4BC75C21E01C85973C7C.e.785/click - {}
RESULT: {}
COMMAND: POST /session/555fcffa8aa83dd925f7bd1343d4074b/element - {"using":"xpath","value":"//span[contains(text(), \"Euro\")]"}
COMMAND: GET /session/555fcffa8aa83dd925f7bd1343d4074b/screenshot - {}
RESULT: {"using":"xpath","value":"//span[contains(text(), \"Euro\")]"}
COMMAND: POST /session/555fcffa8aa83dd925f7bd1343d4074b/element/f.9C1E946C17B1C55FC69CCE7EB9D2133F.d.FBF65388DA4F4BC75C21E01C85973C7C.e.786/click - {}
RESULT: {}
RESULT: {}
COMMAND: POST /session/555fcffa8aa83dd925f7bd1343d4074b/execute/async - {"script":"<script> [1562 bytes]","args":[{"selector":{"controlType":"sap.m.Input","viewName":"etm.portal.ui.manageyards.view.New","viewId":"application-manageyards-display-component---NewYard","bindingPath":{"path":"","propertyPath":"/CONTROLLING_AREA","modelName":"NewYardModel"},"interaction":{"idSuffix":"inner"}},"wdio_ui5_key":"etmportal.ui.manageyards.view.Newsap.m.Input{\"path\":\"\",\"propertyPath\":\"/CONTROLLING_AREA\",\"modelName\":\"NewYardModel\"}"}]}
COMMAND: GET /session/555fcffa8aa83dd925f7bd1343d4074b/screenshot - {}
RESULT: {"script":"<script> [1562 bytes]","args":[{"selector":{"controlType":"sap.m.Input","viewName":"etm.portal.ui.manageyards.view.New","viewId":"application-manageyards-display-component---NewYard","bindingPath":{"path":"","propertyPath":"/CONTROLLING_AREA","modelName":"NewYardModel"},"interaction":{"idSuffix":"inner"}},"wdio_ui5_key":"etmportal.ui.manageyards.view.Newsap.m.Input{\"path\":\"\",\"propertyPath\":\"/CONTROLLING_AREA\",\"modelName\":\"NewYardModel\"}"}]}
RESULT: undefined
COMMAND: POST /session/555fcffa8aa83dd925f7bd1343d4074b/execute/async - {"script":"<script> [776 bytes]","args":[{"enterText":"Z001","selector":{"controlType":"sap.m.Input","viewName":"etm.portal.ui.manageyards.view.New","viewId":"application-manageyards-display-component---NewYard","bindingPath":{"path":"","propertyPath":"/CONTROLLING_AREA","modelName":"NewYardModel"},"interaction":{"idSuffix":"inner"}},"clearTextFirst":true,"interactionType":"ENTER_TEXT"}]}
RESULT: {}
RESULT: {"script":"<script> [776 bytes]","args":[{"enterText":"Z001","selector":{"controlType":"sap.m.Input","viewName":"etm.portal.ui.manageyards.view.New","viewId":"application-manageyards-display-component---NewYard","bindingPath":{"path":"","propertyPath":"/CONTROLLING_AREA","modelName":"NewYardModel"},"interaction":{"idSuffix":"inner"}},"clearTextFirst":true,"interactionType":"ENTER_TEXT"}]}
COMMAND: POST /session/555fcffa8aa83dd925f7bd1343d4074b/execute/async - {"script":"<script> [1562 bytes]","args":[{"selector":{"id":"application-manageyards-display-component---NewYard--companyCodeComboBox","interaction":{"idSuffix":"inner"}},"wdio_ui5_key":"applicationmanageyards-display-component---NewYard--companyCodeComboBox"}]}
RESULT: {"script":"<script> [1562 bytes]","args":[{"selector":{"id":"application-manageyards-display-component---NewYard--companyCodeComboBox","interaction":{"idSuffix":"inner"}},"wdio_ui5_key":"applicationmanageyards-display-component---NewYard--companyCodeComboBox"}]}
RESULT: undefined
COMMAND: POST /session/555fcffa8aa83dd925f7bd1343d4074b/execute/async - {"script":"<script> [776 bytes]","args":[{"enterText":"1000","selector":{"id":"application-manageyards-display-component---NewYard--companyCodeComboBox","interaction":{"idSuffix":"inner"}},"clearTextFirst":true,"interactionType":"ENTER_TEXT"}]}
RESULT: {"script":"<script> [776 bytes]","args":[{"enterText":"1000","selector":{"id":"application-manageyards-display-component---NewYard--companyCodeComboBox","interaction":{"idSuffix":"inner"}},"clearTextFirst":true,"interactionType":"ENTER_TEXT"}]}
COMMAND: POST /session/555fcffa8aa83dd925f7bd1343d4074b/execute/async - {"script":"<script> [1562 bytes]","args":[{"selector":{"controlType":"sap.m.Input","viewName":"etm.portal.ui.manageyards.view.New","viewId":"application-manageyards-display-component---NewYard","bindingPath":{"path":"","propertyPath":"/PLANT","modelName":"NewYardModel"},"interaction":{"idSuffix":"inner"}},"wdio_ui5_key":"etmportal.ui.manageyards.view.Newsap.m.Input{\"path\":\"\",\"propertyPath\":\"/PLANT\",\"modelName\":\"NewYardModel\"}"}]}
RESULT: {"script":"<script> [1562 bytes]","args":[{"selector":{"controlType":"sap.m.Input","viewName":"etm.portal.ui.manageyards.view.New","viewId":"application-manageyards-display-component---NewYard","bindingPath":{"path":"","propertyPath":"/PLANT","modelName":"NewYardModel"},"interaction":{"idSuffix":"inner"}},"wdio_ui5_key":"etmportal.ui.manageyards.view.Newsap.m.Input{\"path\":\"\",\"propertyPath\":\"/PLANT\",\"modelName\":\"NewYardModel\"}"}]}
RESULT: undefined
COMMAND: POST /session/555fcffa8aa83dd925f7bd1343d4074b/execute/async - {"script":"<script> [776 bytes]","args":[{"enterText":"1001","selector":{"controlType":"sap.m.Input","viewName":"etm.portal.ui.manageyards.view.New","viewId":"application-manageyards-display-component---NewYard","bindingPath":{"path":"","propertyPath":"/PLANT","modelName":"NewYardModel"},"interaction":{"idSuffix":"inner"}},"clearTextFirst":true,"interactionType":"ENTER_TEXT"}]}
RESULT: {"script":"<script> [776 bytes]","args":[{"enterText":"1001","selector":{"controlType":"sap.m.Input","viewName":"etm.portal.ui.manageyards.view.New","viewId":"application-manageyards-display-component---NewYard","bindingPath":{"path":"","propertyPath":"/PLANT","modelName":"NewYardModel"},"interaction":{"idSuffix":"inner"}},"clearTextFirst":true,"interactionType":"ENTER_TEXT"}]}
COMMAND: POST /session/555fcffa8aa83dd925f7bd1343d4074b/execute/async - {"script":"<script> [1562 bytes]","args":[{"selector":{"controlType":"sap.m.Input","viewName":"etm.portal.ui.manageyards.view.New","viewId":"application-manageyards-display-component---NewYard","bindingPath":{"path":"","propertyPath":"/SALES_AREA_VKORG","modelName":"NewYardModel"},"interaction":{"idSuffix":"inner"}},"wdio_ui5_key":"etmportal.ui.manageyards.view.Newsap.m.Input{\"path\":\"\",\"propertyPath\":\"/SALES_AREA_VKORG\",\"modelName\":\"NewYardModel\"}"}]}
RESULT: {"script":"<script> [1562 bytes]","args":[{"selector":{"controlType":"sap.m.Input","viewName":"etm.portal.ui.manageyards.view.New","viewId":"application-manageyards-display-component---NewYard","bindingPath":{"path":"","propertyPath":"/SALES_AREA_VKORG","modelName":"NewYardModel"},"interaction":{"idSuffix":"inner"}},"wdio_ui5_key":"etmportal.ui.manageyards.view.Newsap.m.Input{\"path\":\"\",\"propertyPath\":\"/SALES_AREA_VKORG\",\"modelName\":\"NewYardModel\"}"}]}
RESULT: undefined
COMMAND: POST /session/555fcffa8aa83dd925f7bd1343d4074b/execute/async - {"script":"<script> [776 bytes]","args":[{"enterText":"C002","selector":{"controlType":"sap.m.Input","viewName":"etm.portal.ui.manageyards.view.New","viewId":"application-manageyards-display-component---NewYard","bindingPath":{"path":"","propertyPath":"/SALES_AREA_VKORG","modelName":"NewYardModel"},"interaction":{"idSuffix":"inner"}},"clearTextFirst":true,"interactionType":"ENTER_TEXT"}]}
RESULT: {"script":"<script> [776 bytes]","args":[{"enterText":"C002","selector":{"controlType":"sap.m.Input","viewName":"etm.portal.ui.manageyards.view.New","viewId":"application-manageyards-display-component---NewYard","bindingPath":{"path":"","propertyPath":"/SALES_AREA_VKORG","modelName":"NewYardModel"},"interaction":{"idSuffix":"inner"}},"clearTextFirst":true,"interactionType":"ENTER_TEXT"}]}
COMMAND: POST /session/555fcffa8aa83dd925f7bd1343d4074b/execute/async - {"script":"<script> [1562 bytes]","args":[{"selector":{"controlType":"sap.m.Input","viewName":"etm.portal.ui.manageyards.view.New","viewId":"application-manageyards-display-component---NewYard","bindingPath":{"path":"","propertyPath":"/SALES_AREA_VTWEG","modelName":"NewYardModel"},"interaction":{"idSuffix":"inner"}},"wdio_ui5_key":"etmportal.ui.manageyards.view.Newsap.m.Input{\"path\":\"\",\"propertyPath\":\"/SALES_AREA_VTWEG\",\"modelName\":\"NewYardModel\"}"}]}
RESULT: {"script":"<script> [1562 bytes]","args":[{"selector":{"controlType":"sap.m.Input","viewName":"etm.portal.ui.manageyards.view.New","viewId":"application-manageyards-display-component---NewYard","bindingPath":{"path":"","propertyPath":"/SALES_AREA_VTWEG","modelName":"NewYardModel"},"interaction":{"idSuffix":"inner"}},"wdio_ui5_key":"etmportal.ui.manageyards.view.Newsap.m.Input{\"path\":\"\",\"propertyPath\":\"/SALES_AREA_VTWEG\",\"modelName\":\"NewYardModel\"}"}]}
RESULT: undefined
COMMAND: POST /session/555fcffa8aa83dd925f7bd1343d4074b/execute/async - {"script":"<script> [776 bytes]","args":[{"enterText":"C2","selector":{"controlType":"sap.m.Input","viewName":"etm.portal.ui.manageyards.view.New","viewId":"application-manageyards-display-component---NewYard","bindingPath":{"path":"","propertyPath":"/SALES_AREA_VTWEG","modelName":"NewYardModel"},"interaction":{"idSuffix":"inner"}},"clearTextFirst":true,"interactionType":"ENTER_TEXT"}]}
RESULT: {"script":"<script> [776 bytes]","args":[{"enterText":"C2","selector":{"controlType":"sap.m.Input","viewName":"etm.portal.ui.manageyards.view.New","viewId":"application-manageyards-display-component---NewYard","bindingPath":{"path":"","propertyPath":"/SALES_AREA_VTWEG","modelName":"NewYardModel"},"interaction":{"idSuffix":"inner"}},"clearTextFirst":true,"interactionType":"ENTER_TEXT"}]}
COMMAND: POST /session/555fcffa8aa83dd925f7bd1343d4074b/execute/async - {"script":"<script> [1562 bytes]","args":[{"selector":{"controlType":"sap.m.Input","viewName":"etm.portal.ui.manageyards.view.New","viewId":"application-manageyards-display-component---NewYard","bindingPath":{"path":"","propertyPath":"/SALES_AREA_SPART","modelName":"NewYardModel"},"interaction":{"idSuffix":"inner"}},"wdio_ui5_key":"etmportal.ui.manageyards.view.Newsap.m.Input{\"path\":\"\",\"propertyPath\":\"/SALES_AREA_SPART\",\"modelName\":\"NewYardModel\"}"}]}
RESULT: {"script":"<script> [1562 bytes]","args":[{"selector":{"controlType":"sap.m.Input","viewName":"etm.portal.ui.manageyards.view.New","viewId":"application-manageyards-display-component---NewYard","bindingPath":{"path":"","propertyPath":"/SALES_AREA_SPART","modelName":"NewYardModel"},"interaction":{"idSuffix":"inner"}},"wdio_ui5_key":"etmportal.ui.manageyards.view.Newsap.m.Input{\"path\":\"\",\"propertyPath\":\"/SALES_AREA_SPART\",\"modelName\":\"NewYardModel\"}"}]}
RESULT: undefined
COMMAND: POST /session/555fcffa8aa83dd925f7bd1343d4074b/execute/async - {"script":"<script> [776 bytes]","args":[{"enterText":"C2","selector":{"controlType":"sap.m.Input","viewName":"etm.portal.ui.manageyards.view.New","viewId":"application-manageyards-display-component---NewYard","bindingPath":{"path":"","propertyPath":"/SALES_AREA_SPART","modelName":"NewYardModel"},"interaction":{"idSuffix":"inner"}},"clearTextFirst":true,"interactionType":"ENTER_TEXT"}]}
RESULT: {"script":"<script> [776 bytes]","args":[{"enterText":"C2","selector":{"controlType":"sap.m.Input","viewName":"etm.portal.ui.manageyards.view.New","viewId":"application-manageyards-display-component---NewYard","bindingPath":{"path":"","propertyPath":"/SALES_AREA_SPART","modelName":"NewYardModel"},"interaction":{"idSuffix":"inner"}},"clearTextFirst":true,"interactionType":"ENTER_TEXT"}]}
COMMAND: POST /session/555fcffa8aa83dd925f7bd1343d4074b/execute/async - {"script":"<script> [1562 bytes]","args":[{"selector":{"controlType":"sap.m.Input","viewName":"etm.portal.ui.manageyards.view.New","viewId":"application-manageyards-display-component---NewYard","bindingPath":{"path":"","propertyPath":"/SHIP_POINT","modelName":"NewYardModel"},"interaction":{"idSuffix":"inner"}},"wdio_ui5_key":"etmportal.ui.manageyards.view.Newsap.m.Input{\"path\":\"\",\"propertyPath\":\"/SHIP_POINT\",\"modelName\":\"NewYardModel\"}"}]}
RESULT: {"script":"<script> [1562 bytes]","args":[{"selector":{"controlType":"sap.m.Input","viewName":"etm.portal.ui.manageyards.view.New","viewId":"application-manageyards-display-component---NewYard","bindingPath":{"path":"","propertyPath":"/SHIP_POINT","modelName":"NewYardModel"},"interaction":{"idSuffix":"inner"}},"wdio_ui5_key":"etmportal.ui.manageyards.view.Newsap.m.Input{\"path\":\"\",\"propertyPath\":\"/SHIP_POINT\",\"modelName\":\"NewYardModel\"}"}]}
RESULT: undefined
COMMAND: POST /session/555fcffa8aa83dd925f7bd1343d4074b/execute/async - {"script":"<script> [776 bytes]","args":[{"enterText":"1710","selector":{"controlType":"sap.m.Input","viewName":"etm.portal.ui.manageyards.view.New","viewId":"application-manageyards-display-component---NewYard","bindingPath":{"path":"","propertyPath":"/SHIP_POINT","modelName":"NewYardModel"},"interaction":{"idSuffix":"inner"}},"clearTextFirst":true,"interactionType":"ENTER_TEXT"}]}
RESULT: {"script":"<script> [776 bytes]","args":[{"enterText":"1710","selector":{"controlType":"sap.m.Input","viewName":"etm.portal.ui.manageyards.view.New","viewId":"application-manageyards-display-component---NewYard","bindingPath":{"path":"","propertyPath":"/SHIP_POINT","modelName":"NewYardModel"},"interaction":{"idSuffix":"inner"}},"clearTextFirst":true,"interactionType":"ENTER_TEXT"}]}
COMMAND: POST /session/555fcffa8aa83dd925f7bd1343d4074b/execute/async - {"script":"<script> [1562 bytes]","args":[{"selector":{"controlType":"sap.m.Input","viewName":"etm.portal.ui.manageyards.view.New","viewId":"application-manageyards-display-component---NewYard","bindingPath":{"path":"","propertyPath":"/DELIVERY_TYPE","modelName":"NewYardModel"},"interaction":{"idSuffix":"inner"}},"wdio_ui5_key":"etmportal.ui.manageyards.view.Newsap.m.Input{\"path\":\"\",\"propertyPath\":\"/DELIVERY_TYPE\",\"modelName\":\"NewYardModel\"}"}]}
RESULT: {"script":"<script> [1562 bytes]","args":[{"selector":{"controlType":"sap.m.Input","viewName":"etm.portal.ui.manageyards.view.New","viewId":"application-manageyards-display-component---NewYard","bindingPath":{"path":"","propertyPath":"/DELIVERY_TYPE","modelName":"NewYardModel"},"interaction":{"idSuffix":"inner"}},"wdio_ui5_key":"etmportal.ui.manageyards.view.Newsap.m.Input{\"path\":\"\",\"propertyPath\":\"/DELIVERY_TYPE\",\"modelName\":\"NewYardModel\"}"}]}
RESULT: undefined
COMMAND: POST /session/555fcffa8aa83dd925f7bd1343d4074b/execute/async - {"script":"<script> [776 bytes]","args":[{"enterText":"ZL01","selector":{"controlType":"sap.m.Input","viewName":"etm.portal.ui.manageyards.view.New","viewId":"application-manageyards-display-component---NewYard","bindingPath":{"path":"","propertyPath":"/DELIVERY_TYPE","modelName":"NewYardModel"},"interaction":{"idSuffix":"inner"}},"clearTextFirst":true,"interactionType":"ENTER_TEXT"}]}
RESULT: {"script":"<script> [776 bytes]","args":[{"enterText":"ZL01","selector":{"controlType":"sap.m.Input","viewName":"etm.portal.ui.manageyards.view.New","viewId":"application-manageyards-display-component---NewYard","bindingPath":{"path":"","propertyPath":"/DELIVERY_TYPE","modelName":"NewYardModel"},"interaction":{"idSuffix":"inner"}},"clearTextFirst":true,"interactionType":"ENTER_TEXT"}]}
COMMAND: POST /session/555fcffa8aa83dd925f7bd1343d4074b/execute/async - {"script":"<script> [1562 bytes]","args":[{"selector":{"controlType":"sap.m.Input","viewName":"etm.portal.ui.manageyards.view.New","viewId":"application-manageyards-display-component---NewYard","bindingPath":{"path":"","propertyPath":"/AUART","modelName":"NewYardModel"},"interaction":{"idSuffix":"inner"}},"wdio_ui5_key":"etmportal.ui.manageyards.view.Newsap.m.Input{\"path\":\"\",\"propertyPath\":\"/AUART\",\"modelName\":\"NewYardModel\"}"}]}
RESULT: {"script":"<script> [1562 bytes]","args":[{"selector":{"controlType":"sap.m.Input","viewName":"etm.portal.ui.manageyards.view.New","viewId":"application-manageyards-display-component---NewYard","bindingPath":{"path":"","propertyPath":"/AUART","modelName":"NewYardModel"},"interaction":{"idSuffix":"inner"}},"wdio_ui5_key":"etmportal.ui.manageyards.view.Newsap.m.Input{\"path\":\"\",\"propertyPath\":\"/AUART\",\"modelName\":\"NewYardModel\"}"}]}
RESULT: undefined
COMMAND: POST /session/555fcffa8aa83dd925f7bd1343d4074b/execute/async - {"script":"<script> [776 bytes]","args":[{"enterText":"TA","selector":{"controlType":"sap.m.Input","viewName":"etm.portal.ui.manageyards.view.New","viewId":"application-manageyards-display-component---NewYard","bindingPath":{"path":"","propertyPath":"/AUART","modelName":"NewYardModel"},"interaction":{"idSuffix":"inner"}},"clearTextFirst":true,"interactionType":"ENTER_TEXT"}]}
RESULT: {"script":"<script> [776 bytes]","args":[{"enterText":"TA","selector":{"controlType":"sap.m.Input","viewName":"etm.portal.ui.manageyards.view.New","viewId":"application-manageyards-display-component---NewYard","bindingPath":{"path":"","propertyPath":"/AUART","modelName":"NewYardModel"},"interaction":{"idSuffix":"inner"}},"clearTextFirst":true,"interactionType":"ENTER_TEXT"}]}
COMMAND: POST /session/555fcffa8aa83dd925f7bd1343d4074b/element - {"using":"xpath","value":"//button[@data-kt=\"newYardSaveButton\"]"}
RESULT: {"using":"xpath","value":"//button[@data-kt=\"newYardSaveButton\"]"}
COMMAND: POST /session/555fcffa8aa83dd925f7bd1343d4074b/element/f.9C1E946C17B1C55FC69CCE7EB9D2133F.d.FBF65388DA4F4BC75C21E01C85973C7C.e.714/click - {}
RESULT: {}
COMMAND: GET /session/555fcffa8aa83dd925f7bd1343d4074b/screenshot - {}
RESULT: {}
COMMAND: POST /session/555fcffa8aa83dd925f7bd1343d4074b/element - {"using":"xpath","value":"//header[contains(@id, 'ObjectPageLayout-headerTitle')]/div[1]/div[2]/div[1]/span[1]"}
RESULT: {"using":"xpath","value":"//header[contains(@id, 'ObjectPageLayout-headerTitle')]/div[1]/div[2]/div[1]/span[1]"}
COMMAND: POST /session/555fcffa8aa83dd925f7bd1343d4074b/elements - {"using":"xpath","value":"//header[contains(@id, 'ObjectPageLayout-headerTitle')]/div[1]/div[2]/div[1]/span[1]"}
RESULT: {"using":"xpath","value":"//header[contains(@id, 'ObjectPageLayout-headerTitle')]/div[1]/div[2]/div[1]/span[1]"}
COMMAND: POST /session/555fcffa8aa83dd925f7bd1343d4074b/execute/sync - {"script":"<script> [56 bytes]","args":[{"element-6066-11e4-a52e-4f735466cecf":"f.9C1E946C17B1C55FC69CCE7EB9D2133F.d.FBF65388DA4F4BC75C21E01C85973C7C.e.1011","ELEMENT":"f.9C1E946C17B1C55FC69CCE7EB9D2133F.d.FBF65388DA4F4BC75C21E01C85973C7C.e.1011"}]}
RESULT: {"script":"<script> [56 bytes]","args":[{"element-6066-11e4-a52e-4f735466cecf":"f.9C1E946C17B1C55FC69CCE7EB9D2133F.d.FBF65388DA4F4BC75C21E01C85973C7C.e.1011","ELEMENT":"f.9C1E946C17B1C55FC69CCE7EB9D2133F.d.FBF65388DA4F4BC75C21E01C85973C7C.e.1011"}]}
COMMAND: GET /session/555fcffa8aa83dd925f7bd1343d4074b/screenshot - {}
COMMAND: POST /session/555fcffa8aa83dd925f7bd1343d4074b/execute/sync - {"script":"<script> [56 bytes]","args":[{"element-6066-11e4-a52e-4f735466cecf":"f.9C1E946C17B1C55FC69CCE7EB9D2133F.d.FBF65388DA4F4BC75C21E01C85973C7C.e.1011","ELEMENT":"f.9C1E946C17B1C55FC69CCE7EB9D2133F.d.FBF65388DA4F4BC75C21E01C85973C7C.e.1011"}]}
RESULT: {}
RESULT: {"script":"<script> [56 bytes]","args":[{"element-6066-11e4-a52e-4f735466cecf":"f.9C1E946C17B1C55FC69CCE7EB9D2133F.d.FBF65388DA4F4BC75C21E01C85973C7C.e.1011","ELEMENT":"f.9C1E946C17B1C55FC69CCE7EB9D2133F.d.FBF65388DA4F4BC75C21E01C85973C7C.e.1011"}]}
COMMAND: GET /session/555fcffa8aa83dd925f7bd1343d4074b/screenshot - {}
RESULT: {}
COMMAND: POST /session/555fcffa8aa83dd925f7bd1343d4074b/element - {"using":"css selector","value":"#shell-header-logo"}
RESULT: {"using":"css selector","value":"#shell-header-logo"}
COMMAND: POST /session/555fcffa8aa83dd925f7bd1343d4074b/element/f.9C1E946C17B1C55FC69CCE7EB9D2133F.d.FBF65388DA4F4BC75C21E01C85973C7C.e.259/click - {}
RESULT: {}
COMMAND: GET /session/555fcffa8aa83dd925f7bd1343d4074b/screenshot - {}
RESULT: {}
COMMAND: POST /session/555fcffa8aa83dd925f7bd1343d4074b/execute/sync - {"script":"<script> [299 bytes]","args":[["getModel","getResource"]]}
RESULT: {"script":"<script> [299 bytes]","args":[["getModel","getResource"]]}
]]></system-out>
    </testcase>
    <testcase classname="chrome.135_0_7049_115.windows.Create_condition_pricing_US117289_US134625" name="Should create a new equipment used for all following tests" time="143.214">
      <system-out><![CDATA[
COMMAND: GET /session/555fcffa8aa83dd925f7bd1343d4074b/screenshot - {}
COMMAND: POST /session/555fcffa8aa83dd925f7bd1343d4074b/execute/async - {"script":"<script> [1562 bytes]","args":[{"selector":{"controlType":"sap.m.GenericTile","properties":{"header":"Manage Resources"}},"wdio_ui5_key":"sapm.GenericTile{\"header\":\"Manage Resources\"}"}]}
RESULT: {}
RESULT: {"script":"<script> [1562 bytes]","args":[{"selector":{"controlType":"sap.m.GenericTile","properties":{"header":"Manage Resources"}},"wdio_ui5_key":"sapm.GenericTile{\"header\":\"Manage Resources\"}"}]}
RESULT: undefined
COMMAND: POST /session/555fcffa8aa83dd925f7bd1343d4074b/element - {"using":"xpath","value":"//*[@id=\"__tile39\"]"}
RESULT: {"using":"xpath","value":"//*[@id=\"__tile39\"]"}
COMMAND: POST /session/555fcffa8aa83dd925f7bd1343d4074b/element/f.9C1E946C17B1C55FC69CCE7EB9D2133F.d.FBF65388DA4F4BC75C21E01C85973C7C.e.154/click - {}
RESULT: {}
COMMAND: POST /session/555fcffa8aa83dd925f7bd1343d4074b/element - {"using":"xpath","value":"//button[@data-kt=\"addNewRUOverflowToolbarButton\"]"}
COMMAND: GET /session/555fcffa8aa83dd925f7bd1343d4074b/screenshot - {}
RESULT: {"using":"xpath","value":"//button[@data-kt=\"addNewRUOverflowToolbarButton\"]"}
COMMAND: POST /session/555fcffa8aa83dd925f7bd1343d4074b/elements - {"using":"xpath","value":"//button[@data-kt=\"addNewRUOverflowToolbarButton\"]"}
RESULT: {}
RESULT: {"using":"xpath","value":"//button[@data-kt=\"addNewRUOverflowToolbarButton\"]"}
COMMAND: POST /session/555fcffa8aa83dd925f7bd1343d4074b/elements - {"using":"xpath","value":"//button[@data-kt=\"addNewRUOverflowToolbarButton\"]"}
RESULT: {"using":"xpath","value":"//button[@data-kt=\"addNewRUOverflowToolbarButton\"]"}
COMMAND: POST /session/555fcffa8aa83dd925f7bd1343d4074b/elements - {"using":"xpath","value":"//button[@data-kt=\"addNewRUOverflowToolbarButton\"]"}
RESULT: {"using":"xpath","value":"//button[@data-kt=\"addNewRUOverflowToolbarButton\"]"}
COMMAND: POST /session/555fcffa8aa83dd925f7bd1343d4074b/elements - {"using":"xpath","value":"//button[@data-kt=\"addNewRUOverflowToolbarButton\"]"}
RESULT: {"using":"xpath","value":"//button[@data-kt=\"addNewRUOverflowToolbarButton\"]"}
COMMAND: POST /session/555fcffa8aa83dd925f7bd1343d4074b/elements - {"using":"xpath","value":"//button[@data-kt=\"addNewRUOverflowToolbarButton\"]"}
RESULT: {"using":"xpath","value":"//button[@data-kt=\"addNewRUOverflowToolbarButton\"]"}
COMMAND: POST /session/555fcffa8aa83dd925f7bd1343d4074b/elements - {"using":"xpath","value":"//button[@data-kt=\"addNewRUOverflowToolbarButton\"]"}
RESULT: {"using":"xpath","value":"//button[@data-kt=\"addNewRUOverflowToolbarButton\"]"}
COMMAND: POST /session/555fcffa8aa83dd925f7bd1343d4074b/elements - {"using":"xpath","value":"//button[@data-kt=\"addNewRUOverflowToolbarButton\"]"}
RESULT: {"using":"xpath","value":"//button[@data-kt=\"addNewRUOverflowToolbarButton\"]"}
COMMAND: POST /session/555fcffa8aa83dd925f7bd1343d4074b/elements - {"using":"xpath","value":"//button[@data-kt=\"addNewRUOverflowToolbarButton\"]"}
RESULT: {"using":"xpath","value":"//button[@data-kt=\"addNewRUOverflowToolbarButton\"]"}
COMMAND: POST /session/555fcffa8aa83dd925f7bd1343d4074b/elements - {"using":"xpath","value":"//button[@data-kt=\"addNewRUOverflowToolbarButton\"]"}
RESULT: {"using":"xpath","value":"//button[@data-kt=\"addNewRUOverflowToolbarButton\"]"}
COMMAND: POST /session/555fcffa8aa83dd925f7bd1343d4074b/elements - {"using":"xpath","value":"//button[@data-kt=\"addNewRUOverflowToolbarButton\"]"}
RESULT: {"using":"xpath","value":"//button[@data-kt=\"addNewRUOverflowToolbarButton\"]"}
COMMAND: POST /session/555fcffa8aa83dd925f7bd1343d4074b/elements - {"using":"xpath","value":"//button[@data-kt=\"addNewRUOverflowToolbarButton\"]"}
RESULT: {"using":"xpath","value":"//button[@data-kt=\"addNewRUOverflowToolbarButton\"]"}
COMMAND: POST /session/555fcffa8aa83dd925f7bd1343d4074b/elements - {"using":"xpath","value":"//button[@data-kt=\"addNewRUOverflowToolbarButton\"]"}
RESULT: {"using":"xpath","value":"//button[@data-kt=\"addNewRUOverflowToolbarButton\"]"}
COMMAND: POST /session/555fcffa8aa83dd925f7bd1343d4074b/elements - {"using":"xpath","value":"//button[@data-kt=\"addNewRUOverflowToolbarButton\"]"}
RESULT: {"using":"xpath","value":"//button[@data-kt=\"addNewRUOverflowToolbarButton\"]"}
COMMAND: POST /session/555fcffa8aa83dd925f7bd1343d4074b/elements - {"using":"xpath","value":"//button[@data-kt=\"addNewRUOverflowToolbarButton\"]"}
RESULT: {"using":"xpath","value":"//button[@data-kt=\"addNewRUOverflowToolbarButton\"]"}
COMMAND: POST /session/555fcffa8aa83dd925f7bd1343d4074b/elements - {"using":"xpath","value":"//button[@data-kt=\"addNewRUOverflowToolbarButton\"]"}
RESULT: {"using":"xpath","value":"//button[@data-kt=\"addNewRUOverflowToolbarButton\"]"}
COMMAND: POST /session/555fcffa8aa83dd925f7bd1343d4074b/elements - {"using":"xpath","value":"//button[@data-kt=\"addNewRUOverflowToolbarButton\"]"}
RESULT: {"using":"xpath","value":"//button[@data-kt=\"addNewRUOverflowToolbarButton\"]"}
COMMAND: POST /session/555fcffa8aa83dd925f7bd1343d4074b/elements - {"using":"xpath","value":"//button[@data-kt=\"addNewRUOverflowToolbarButton\"]"}
RESULT: {"using":"xpath","value":"//button[@data-kt=\"addNewRUOverflowToolbarButton\"]"}
COMMAND: POST /session/555fcffa8aa83dd925f7bd1343d4074b/elements - {"using":"xpath","value":"//button[@data-kt=\"addNewRUOverflowToolbarButton\"]"}
RESULT: {"using":"xpath","value":"//button[@data-kt=\"addNewRUOverflowToolbarButton\"]"}
COMMAND: POST /session/555fcffa8aa83dd925f7bd1343d4074b/elements - {"using":"xpath","value":"//button[@data-kt=\"addNewRUOverflowToolbarButton\"]"}
RESULT: {"using":"xpath","value":"//button[@data-kt=\"addNewRUOverflowToolbarButton\"]"}
COMMAND: POST /session/555fcffa8aa83dd925f7bd1343d4074b/element - {"using":"xpath","value":"//button[@data-kt=\"addNewRUOverflowToolbarButton\"]"}
RESULT: {"using":"xpath","value":"//button[@data-kt=\"addNewRUOverflowToolbarButton\"]"}
COMMAND: POST /session/555fcffa8aa83dd925f7bd1343d4074b/execute/sync - {"script":"<script> [8489 bytes]","args":[{"element-6066-11e4-a52e-4f735466cecf":"f.9C1E946C17B1C55FC69CCE7EB9D2133F.d.FBF65388DA4F4BC75C21E01C85973C7C.e.1048","ELEMENT":"f.9C1E946C17B1C55FC69CCE7EB9D2133F.d.FBF65388DA4F4BC75C21E01C85973C7C.e.1048"}]}
RESULT: {"script":"<script> [8489 bytes]","args":[{"element-6066-11e4-a52e-4f735466cecf":"f.9C1E946C17B1C55FC69CCE7EB9D2133F.d.FBF65388DA4F4BC75C21E01C85973C7C.e.1048","ELEMENT":"f.9C1E946C17B1C55FC69CCE7EB9D2133F.d.FBF65388DA4F4BC75C21E01C85973C7C.e.1048"}]}
COMMAND: GET /session/555fcffa8aa83dd925f7bd1343d4074b/element/f.9C1E946C17B1C55FC69CCE7EB9D2133F.d.FBF65388DA4F4BC75C21E01C85973C7C.e.1048/enabled - {}
COMMAND: GET /session/555fcffa8aa83dd925f7bd1343d4074b/screenshot - {}
RESULT: {}
COMMAND: POST /session/555fcffa8aa83dd925f7bd1343d4074b/execute/sync - {"script":"<script> [8489 bytes]","args":[{"element-6066-11e4-a52e-4f735466cecf":"f.9C1E946C17B1C55FC69CCE7EB9D2133F.d.FBF65388DA4F4BC75C21E01C85973C7C.e.1048","ELEMENT":"f.9C1E946C17B1C55FC69CCE7EB9D2133F.d.FBF65388DA4F4BC75C21E01C85973C7C.e.1048"}]}
COMMAND: GET /session/555fcffa8aa83dd925f7bd1343d4074b/screenshot - {}
RESULT: {}
RESULT: {"script":"<script> [8489 bytes]","args":[{"element-6066-11e4-a52e-4f735466cecf":"f.9C1E946C17B1C55FC69CCE7EB9D2133F.d.FBF65388DA4F4BC75C21E01C85973C7C.e.1048","ELEMENT":"f.9C1E946C17B1C55FC69CCE7EB9D2133F.d.FBF65388DA4F4BC75C21E01C85973C7C.e.1048"}]}
COMMAND: POST /session/555fcffa8aa83dd925f7bd1343d4074b/execute/sync - {"script":"<script> [5351 bytes]","args":[{"element-6066-11e4-a52e-4f735466cecf":"f.9C1E946C17B1C55FC69CCE7EB9D2133F.d.FBF65388DA4F4BC75C21E01C85973C7C.e.1048","ELEMENT":"f.9C1E946C17B1C55FC69CCE7EB9D2133F.d.FBF65388DA4F4BC75C21E01C85973C7C.e.1048"}]}
COMMAND: GET /session/555fcffa8aa83dd925f7bd1343d4074b/screenshot - {}
RESULT: {}
RESULT: {"script":"<script> [5351 bytes]","args":[{"element-6066-11e4-a52e-4f735466cecf":"f.9C1E946C17B1C55FC69CCE7EB9D2133F.d.FBF65388DA4F4BC75C21E01C85973C7C.e.1048","ELEMENT":"f.9C1E946C17B1C55FC69CCE7EB9D2133F.d.FBF65388DA4F4BC75C21E01C85973C7C.e.1048"}]}
COMMAND: POST /session/555fcffa8aa83dd925f7bd1343d4074b/element/f.9C1E946C17B1C55FC69CCE7EB9D2133F.d.FBF65388DA4F4BC75C21E01C85973C7C.e.1048/click - {}
COMMAND: GET /session/555fcffa8aa83dd925f7bd1343d4074b/screenshot - {}
RESULT: {}
RESULT: {}
COMMAND: GET /session/555fcffa8aa83dd925f7bd1343d4074b/screenshot - {}
RESULT: {}
RESULT: {}
COMMAND: POST /session/555fcffa8aa83dd925f7bd1343d4074b/execute/async - {"script":"<script> [1562 bytes]","args":[{"selector":{"id":"application-manageresources-display-component---newResourceUnit--TYPE-arrow"},"wdio_ui5_key":"applicationmanageresources-display-component---newResourceUnit--TYPE-arrow"}]}
RESULT: {"script":"<script> [1562 bytes]","args":[{"selector":{"id":"application-manageresources-display-component---newResourceUnit--TYPE-arrow"},"wdio_ui5_key":"applicationmanageresources-display-component---newResourceUnit--TYPE-arrow"}]}
RESULT: undefined
COMMAND: POST /session/555fcffa8aa83dd925f7bd1343d4074b/element - {"using":"xpath","value":"//*[@id=\"application-manageresources-display-component---newResourceUnit--TYPE-arrow\"]"}
RESULT: {"using":"xpath","value":"//*[@id=\"application-manageresources-display-component---newResourceUnit--TYPE-arrow\"]"}
COMMAND: POST /session/555fcffa8aa83dd925f7bd1343d4074b/element/f.9C1E946C17B1C55FC69CCE7EB9D2133F.d.FBF65388DA4F4BC75C21E01C85973C7C.e.1409/click - {}
RESULT: {}
COMMAND: POST /session/555fcffa8aa83dd925f7bd1343d4074b/element - {"using":"xpath","value":"//input[@id=\"application-manageresources-display-component---newResourceUnit--TYPE-inner\"]"}
COMMAND: GET /session/555fcffa8aa83dd925f7bd1343d4074b/screenshot - {}
RESULT: {"using":"xpath","value":"//input[@id=\"application-manageresources-display-component---newResourceUnit--TYPE-inner\"]"}
COMMAND: POST /session/555fcffa8aa83dd925f7bd1343d4074b/element/f.9C1E946C17B1C55FC69CCE7EB9D2133F.d.FBF65388DA4F4BC75C21E01C85973C7C.e.1400/clear - {}
RESULT: {}
RESULT: {}
COMMAND: POST /session/555fcffa8aa83dd925f7bd1343d4074b/element/f.9C1E946C17B1C55FC69CCE7EB9D2133F.d.FBF65388DA4F4BC75C21E01C85973C7C.e.1400/value - {"text":"Equipment"}
COMMAND: GET /session/555fcffa8aa83dd925f7bd1343d4074b/screenshot - {}
RESULT: {"text":"Equipment"}
COMMAND: GET /session/555fcffa8aa83dd925f7bd1343d4074b/screenshot - {}
RESULT: {}
RESULT: {}
COMMAND: POST /session/555fcffa8aa83dd925f7bd1343d4074b/actions - {"actions":[{"id":"action2","type":"key","parameters":{},"actions":[{"type":"keyDown","value":"î€‡"},{"type":"pause","duration":10},{"type":"keyUp","value":"î€‡"}]}]}
RESULT: {"actions":[{"id":"action2","type":"key","parameters":{},"actions":[{"type":"keyDown","value":"î€‡"},{"type":"pause","duration":10},{"type":"keyUp","value":"î€‡"}]}]}
COMMAND: POST /session/555fcffa8aa83dd925f7bd1343d4074b/execute/async - {"script":"<script> [1562 bytes]","args":[{"selector":{"id":"application-manageresources-display-component---newResourceUnit--resourceId","interaction":{"idSuffix":"inner"}},"wdio_ui5_key":"applicationmanageresources-display-component---newResourceUnit--resourceId"}]}
COMMAND: GET /session/555fcffa8aa83dd925f7bd1343d4074b/screenshot - {}
RESULT: {"script":"<script> [1562 bytes]","args":[{"selector":{"id":"application-manageresources-display-component---newResourceUnit--resourceId","interaction":{"idSuffix":"inner"}},"wdio_ui5_key":"applicationmanageresources-display-component---newResourceUnit--resourceId"}]}
RESULT: undefined
COMMAND: POST /session/555fcffa8aa83dd925f7bd1343d4074b/execute/async - {"script":"<script> [776 bytes]","args":[{"enterText":"MPKQHDuE5a","selector":{"id":"application-manageresources-display-component---newResourceUnit--resourceId","interaction":{"idSuffix":"inner"}},"clearTextFirst":true,"interactionType":"ENTER_TEXT"}]}
RESULT: {}
RESULT: {"script":"<script> [776 bytes]","args":[{"enterText":"MPKQHDuE5a","selector":{"id":"application-manageresources-display-component---newResourceUnit--resourceId","interaction":{"idSuffix":"inner"}},"clearTextFirst":true,"interactionType":"ENTER_TEXT"}]}
COMMAND: POST /session/555fcffa8aa83dd925f7bd1343d4074b/execute/async - {"script":"<script> [1562 bytes]","args":[{"selector":{"id":"application-manageresources-display-component---newResourceUnit--SHORT_TEXT","interaction":{"idSuffix":"inner"}},"wdio_ui5_key":"applicationmanageresources-display-component---newResourceUnit--SHORT_TEXT"}]}
RESULT: {"script":"<script> [1562 bytes]","args":[{"selector":{"id":"application-manageresources-display-component---newResourceUnit--SHORT_TEXT","interaction":{"idSuffix":"inner"}},"wdio_ui5_key":"applicationmanageresources-display-component---newResourceUnit--SHORT_TEXT"}]}
RESULT: undefined
COMMAND: POST /session/555fcffa8aa83dd925f7bd1343d4074b/execute/async - {"script":"<script> [776 bytes]","args":[{"enterText":"Intercompany Equipment WDIO","selector":{"id":"application-manageresources-display-component---newResourceUnit--SHORT_TEXT","interaction":{"idSuffix":"inner"}},"clearTextFirst":true,"interactionType":"ENTER_TEXT"}]}
RESULT: {"script":"<script> [776 bytes]","args":[{"enterText":"Intercompany Equipment WDIO","selector":{"id":"application-manageresources-display-component---newResourceUnit--SHORT_TEXT","interaction":{"idSuffix":"inner"}},"clearTextFirst":true,"interactionType":"ENTER_TEXT"}]}
COMMAND: POST /session/555fcffa8aa83dd925f7bd1343d4074b/execute/async - {"script":"<script> [1562 bytes]","args":[{"selector":{"id":"application-manageresources-display-component---newResourceUnit--BASE_UNIT_OF_MEASURE","interaction":{"idSuffix":"inner"}},"wdio_ui5_key":"applicationmanageresources-display-component---newResourceUnit--BASE_UNIT_OF_MEASURE"}]}
RESULT: {"script":"<script> [1562 bytes]","args":[{"selector":{"id":"application-manageresources-display-component---newResourceUnit--BASE_UNIT_OF_MEASURE","interaction":{"idSuffix":"inner"}},"wdio_ui5_key":"applicationmanageresources-display-component---newResourceUnit--BASE_UNIT_OF_MEASURE"}]}
RESULT: undefined
COMMAND: POST /session/555fcffa8aa83dd925f7bd1343d4074b/execute/async - {"script":"<script> [776 bytes]","args":[{"enterText":"Piece","selector":{"id":"application-manageresources-display-component---newResourceUnit--BASE_UNIT_OF_MEASURE","interaction":{"idSuffix":"inner"}},"clearTextFirst":true,"interactionType":"ENTER_TEXT"}]}
RESULT: {"script":"<script> [776 bytes]","args":[{"enterText":"Piece","selector":{"id":"application-manageresources-display-component---newResourceUnit--BASE_UNIT_OF_MEASURE","interaction":{"idSuffix":"inner"}},"clearTextFirst":true,"interactionType":"ENTER_TEXT"}]}
COMMAND: POST /session/555fcffa8aa83dd925f7bd1343d4074b/execute/async - {"script":"<script> [1562 bytes]","args":[{"selector":{"id":"application-manageresources-display-component---newResourceUnit--WEIGHT_UNIT","interaction":{"idSuffix":"inner"}},"wdio_ui5_key":"applicationmanageresources-display-component---newResourceUnit--WEIGHT_UNIT"}]}
RESULT: {"script":"<script> [1562 bytes]","args":[{"selector":{"id":"application-manageresources-display-component---newResourceUnit--WEIGHT_UNIT","interaction":{"idSuffix":"inner"}},"wdio_ui5_key":"applicationmanageresources-display-component---newResourceUnit--WEIGHT_UNIT"}]}
RESULT: undefined
COMMAND: POST /session/555fcffa8aa83dd925f7bd1343d4074b/execute/async - {"script":"<script> [776 bytes]","args":[{"enterText":"Gram","selector":{"id":"application-manageresources-display-component---newResourceUnit--WEIGHT_UNIT","interaction":{"idSuffix":"inner"}},"clearTextFirst":true,"interactionType":"ENTER_TEXT"}]}
RESULT: {"script":"<script> [776 bytes]","args":[{"enterText":"Gram","selector":{"id":"application-manageresources-display-component---newResourceUnit--WEIGHT_UNIT","interaction":{"idSuffix":"inner"}},"clearTextFirst":true,"interactionType":"ENTER_TEXT"}]}
COMMAND: POST /session/555fcffa8aa83dd925f7bd1343d4074b/execute/async - {"script":"<script> [1562 bytes]","args":[{"selector":{"id":"application-manageresources-display-component---newResourceUnit--DIMENSION_UNIT","interaction":{"idSuffix":"inner"}},"wdio_ui5_key":"applicationmanageresources-display-component---newResourceUnit--DIMENSION_UNIT"}]}
RESULT: {"script":"<script> [1562 bytes]","args":[{"selector":{"id":"application-manageresources-display-component---newResourceUnit--DIMENSION_UNIT","interaction":{"idSuffix":"inner"}},"wdio_ui5_key":"applicationmanageresources-display-component---newResourceUnit--DIMENSION_UNIT"}]}
RESULT: undefined
COMMAND: POST /session/555fcffa8aa83dd925f7bd1343d4074b/execute/async - {"script":"<script> [776 bytes]","args":[{"enterText":"Meter","selector":{"id":"application-manageresources-display-component---newResourceUnit--DIMENSION_UNIT","interaction":{"idSuffix":"inner"}},"clearTextFirst":true,"interactionType":"ENTER_TEXT"}]}
RESULT: {"script":"<script> [776 bytes]","args":[{"enterText":"Meter","selector":{"id":"application-manageresources-display-component---newResourceUnit--DIMENSION_UNIT","interaction":{"idSuffix":"inner"}},"clearTextFirst":true,"interactionType":"ENTER_TEXT"}]}
COMMAND: POST /session/555fcffa8aa83dd925f7bd1343d4074b/execute/async - {"script":"<script> [1562 bytes]","args":[{"selector":{"id":"application-manageresources-display-component---newResourceUnit--newRRUPage-anchBar-application-manageresources-display-component---newResourceUnit--control-anchor","interaction":{"idSuffix":"BDI-content"}},"wdio_ui5_key":"applicationmanageresources-display-component---newResourceUnit--newRRUPage-anchBar-application-manageresources-display-component---newResourceUnit--control-anchor"}]}
RESULT: {"script":"<script> [1562 bytes]","args":[{"selector":{"id":"application-manageresources-display-component---newResourceUnit--newRRUPage-anchBar-application-manageresources-display-component---newResourceUnit--control-anchor","interaction":{"idSuffix":"BDI-content"}},"wdio_ui5_key":"applicationmanageresources-display-component---newResourceUnit--newRRUPage-anchBar-application-manageresources-display-component---newResourceUnit--control-anchor"}]}
RESULT: undefined
COMMAND: POST /session/555fcffa8aa83dd925f7bd1343d4074b/element - {"using":"xpath","value":"//*[@id=\"application-manageresources-display-component---newResourceUnit--newRRUPage-anchBar-application-manageresources-display-component---newResourceUnit--control-anchor\"]"}
RESULT: {"using":"xpath","value":"//*[@id=\"application-manageresources-display-component---newResourceUnit--newRRUPage-anchBar-application-manageresources-display-component---newResourceUnit--control-anchor\"]"}
COMMAND: POST /session/555fcffa8aa83dd925f7bd1343d4074b/element/f.9C1E946C17B1C55FC69CCE7EB9D2133F.d.FBF65388DA4F4BC75C21E01C85973C7C.e.1541/click - {}
RESULT: {}
COMMAND: POST /session/555fcffa8aa83dd925f7bd1343d4074b/execute/async - {"script":"<script> [1562 bytes]","args":[{"selector":{"id":"application-manageresources-display-component---newResourceUnit--PLANNING_GROUP","interaction":{"idSuffix":"inner"}},"wdio_ui5_key":"applicationmanageresources-display-component---newResourceUnit--PLANNING_GROUP"}]}
COMMAND: GET /session/555fcffa8aa83dd925f7bd1343d4074b/screenshot - {}
RESULT: {"script":"<script> [1562 bytes]","args":[{"selector":{"id":"application-manageresources-display-component---newResourceUnit--PLANNING_GROUP","interaction":{"idSuffix":"inner"}},"wdio_ui5_key":"applicationmanageresources-display-component---newResourceUnit--PLANNING_GROUP"}]}
RESULT: undefined
COMMAND: POST /session/555fcffa8aa83dd925f7bd1343d4074b/execute/async - {"script":"<script> [776 bytes]","args":[{"enterText":"Heavy Equi","selector":{"id":"application-manageresources-display-component---newResourceUnit--PLANNING_GROUP","interaction":{"idSuffix":"inner"}},"clearTextFirst":true,"interactionType":"ENTER_TEXT"}]}
RESULT: {}
RESULT: {"script":"<script> [776 bytes]","args":[{"enterText":"Heavy Equi","selector":{"id":"application-manageresources-display-component---newResourceUnit--PLANNING_GROUP","interaction":{"idSuffix":"inner"}},"clearTextFirst":true,"interactionType":"ENTER_TEXT"}]}
COMMAND: POST /session/555fcffa8aa83dd925f7bd1343d4074b/execute/async - {"script":"<script> [1562 bytes]","args":[{"selector":{"id":"application-manageresources-display-component---newResourceUnit--ITEM_TYPE-arrow"},"wdio_ui5_key":"applicationmanageresources-display-component---newResourceUnit--ITEM_TYPE-arrow"}]}
RESULT: {"script":"<script> [1562 bytes]","args":[{"selector":{"id":"application-manageresources-display-component---newResourceUnit--ITEM_TYPE-arrow"},"wdio_ui5_key":"applicationmanageresources-display-component---newResourceUnit--ITEM_TYPE-arrow"}]}
RESULT: undefined
COMMAND: POST /session/555fcffa8aa83dd925f7bd1343d4074b/element - {"using":"xpath","value":"//*[@id=\"application-manageresources-display-component---newResourceUnit--ITEM_TYPE-arrow\"]"}
RESULT: {"using":"xpath","value":"//*[@id=\"application-manageresources-display-component---newResourceUnit--ITEM_TYPE-arrow\"]"}
COMMAND: POST /session/555fcffa8aa83dd925f7bd1343d4074b/element/f.9C1E946C17B1C55FC69CCE7EB9D2133F.d.FBF65388DA4F4BC75C21E01C85973C7C.e.1550/click - {}
RESULT: {}
COMMAND: POST /session/555fcffa8aa83dd925f7bd1343d4074b/element - {"using":"xpath","value":"(//span[contains(text(), \"Resource Unit\")])[2]"}
COMMAND: GET /session/555fcffa8aa83dd925f7bd1343d4074b/screenshot - {}
RESULT: {"using":"xpath","value":"(//span[contains(text(), \"Resource Unit\")])[2]"}
COMMAND: POST /session/555fcffa8aa83dd925f7bd1343d4074b/element/f.9C1E946C17B1C55FC69CCE7EB9D2133F.d.FBF65388DA4F4BC75C21E01C85973C7C.e.1551/click - {}
RESULT: {}
RESULT: {}
COMMAND: GET /session/555fcffa8aa83dd925f7bd1343d4074b/screenshot - {}
RESULT: {}
COMMAND: POST /session/555fcffa8aa83dd925f7bd1343d4074b/element - {"using":"css selector","value":"#application-manageresources-display-component---newResourceUnit--btnAddTimeSegment"}
RESULT: {"using":"css selector","value":"#application-manageresources-display-component---newResourceUnit--btnAddTimeSegment"}
COMMAND: GET /session/555fcffa8aa83dd925f7bd1343d4074b/element/f.9C1E946C17B1C55FC69CCE7EB9D2133F.d.FBF65388DA4F4BC75C21E01C85973C7C.e.1552/rect - {}
RESULT: {}
COMMAND: GET /session/555fcffa8aa83dd925f7bd1343d4074b/window/rect - {}
RESULT: {}
COMMAND: POST /session/555fcffa8aa83dd925f7bd1343d4074b/execute/sync - {"script":"<script> [92 bytes]","args":[]}
RESULT: {"script":"<script> [92 bytes]","args":[]}
COMMAND: POST /session/555fcffa8aa83dd925f7bd1343d4074b/actions - {"actions":[{"id":"action3","type":"wheel","parameters":{},"actions":[{"type":"scroll","x":-1888,"y":-32,"deltaX":0,"deltaY":0,"duration":0,"origin":{"element-6066-11e4-a52e-4f735466cecf":"f.9C1E946C17B1C55FC69CCE7EB9D2133F.d.FBF65388DA4F4BC75C21E01C85973C7C.e.1552"}}]}]}
COMMAND: GET /session/555fcffa8aa83dd925f7bd1343d4074b/screenshot - {}
RESULT: {}
COMMAND: POST /session/555fcffa8aa83dd925f7bd1343d4074b/execute/sync - {"script":"<script> [79 bytes]","args":[{"element-6066-11e4-a52e-4f735466cecf":"f.9C1E946C17B1C55FC69CCE7EB9D2133F.d.FBF65388DA4F4BC75C21E01C85973C7C.e.1552","ELEMENT":"f.9C1E946C17B1C55FC69CCE7EB9D2133F.d.FBF65388DA4F4BC75C21E01C85973C7C.e.1552"},{"block":"start","inline":"nearest"}]}
RESULT: {"script":"<script> [79 bytes]","args":[{"element-6066-11e4-a52e-4f735466cecf":"f.9C1E946C17B1C55FC69CCE7EB9D2133F.d.FBF65388DA4F4BC75C21E01C85973C7C.e.1552","ELEMENT":"f.9C1E946C17B1C55FC69CCE7EB9D2133F.d.FBF65388DA4F4BC75C21E01C85973C7C.e.1552"},{"block":"start","inline":"nearest"}]}
COMMAND: POST /session/555fcffa8aa83dd925f7bd1343d4074b/execute/async - {"script":"<script> [1562 bytes]","args":[{"selector":{"id":"application-manageresources-display-component---newResourceUnit--btnAddTimeSegment","interaction":{"idSuffix":"inner"}},"wdio_ui5_key":"applicationmanageresources-display-component---newResourceUnit--btnAddTimeSegment"}]}
COMMAND: GET /session/555fcffa8aa83dd925f7bd1343d4074b/screenshot - {}
RESULT: {"script":"<script> [1562 bytes]","args":[{"selector":{"id":"application-manageresources-display-component---newResourceUnit--btnAddTimeSegment","interaction":{"idSuffix":"inner"}},"wdio_ui5_key":"applicationmanageresources-display-component---newResourceUnit--btnAddTimeSegment"}]}
RESULT: undefined
COMMAND: POST /session/555fcffa8aa83dd925f7bd1343d4074b/element - {"using":"xpath","value":"//*[@id=\"application-manageresources-display-component---newResourceUnit--btnAddTimeSegment\"]"}
RESULT: {}
RESULT: {"using":"xpath","value":"//*[@id=\"application-manageresources-display-component---newResourceUnit--btnAddTimeSegment\"]"}
COMMAND: POST /session/555fcffa8aa83dd925f7bd1343d4074b/element/f.9C1E946C17B1C55FC69CCE7EB9D2133F.d.FBF65388DA4F4BC75C21E01C85973C7C.e.1552/click - {}
RESULT: {}
COMMAND: GET /session/555fcffa8aa83dd925f7bd1343d4074b/screenshot - {}
RESULT: {}
COMMAND: POST /session/555fcffa8aa83dd925f7bd1343d4074b/element - {"using":"xpath","value":"//input[@id=\"application-manageresources-display-component---newResourceUnit--idRuTSAdmin-application-manageresources-display-component---newResourceUnit--RUTimeSegment-0-inner\"]"}
RESULT: {"using":"xpath","value":"//input[@id=\"application-manageresources-display-component---newResourceUnit--idRuTSAdmin-application-manageresources-display-component---newResourceUnit--RUTimeSegment-0-inner\"]"}
COMMAND: POST /session/555fcffa8aa83dd925f7bd1343d4074b/element/f.9C1E946C17B1C55FC69CCE7EB9D2133F.d.FBF65388DA4F4BC75C21E01C85973C7C.e.1558/clear - {}
RESULT: {}
COMMAND: POST /session/555fcffa8aa83dd925f7bd1343d4074b/element/f.9C1E946C17B1C55FC69CCE7EB9D2133F.d.FBF65388DA4F4BC75C21E01C85973C7C.e.1558/value - {"text":"666"}
COMMAND: GET /session/555fcffa8aa83dd925f7bd1343d4074b/screenshot - {}
RESULT: {"text":"666"}
COMMAND: GET /session/555fcffa8aa83dd925f7bd1343d4074b/screenshot - {}
RESULT: {}
RESULT: {}
COMMAND: POST /session/555fcffa8aa83dd925f7bd1343d4074b/element - {"using":"xpath","value":"//li[.//span[text()='666']]"}
RESULT: {"using":"xpath","value":"//li[.//span[text()='666']]"}
COMMAND: POST /session/555fcffa8aa83dd925f7bd1343d4074b/element/f.9C1E946C17B1C55FC69CCE7EB9D2133F.d.FBF65388DA4F4BC75C21E01C85973C7C.e.1570/click - {}
RESULT: {}
COMMAND: GET /session/555fcffa8aa83dd925f7bd1343d4074b/screenshot - {}
RESULT: {}
COMMAND: POST /session/555fcffa8aa83dd925f7bd1343d4074b/element - {"using":"xpath","value":"(//span[contains(@id, \"-application-manageresources-display-component---newResourceUnit--RUTimeSegment-0-arrow\")])[6]"}
RESULT: {"using":"xpath","value":"(//span[contains(@id, \"-application-manageresources-display-component---newResourceUnit--RUTimeSegment-0-arrow\")])[6]"}
COMMAND: POST /session/555fcffa8aa83dd925f7bd1343d4074b/element/f.9C1E946C17B1C55FC69CCE7EB9D2133F.d.FBF65388DA4F4BC75C21E01C85973C7C.e.1571/click - {}
RESULT: {}
COMMAND: GET /session/555fcffa8aa83dd925f7bd1343d4074b/screenshot - {}
RESULT: {}
COMMAND: POST /session/555fcffa8aa83dd925f7bd1343d4074b/element - {"using":"xpath","value":"//span[contains(text(), \"PM Order\")]"}
RESULT: {"using":"xpath","value":"//span[contains(text(), \"PM Order\")]"}
COMMAND: POST /session/555fcffa8aa83dd925f7bd1343d4074b/element/f.9C1E946C17B1C55FC69CCE7EB9D2133F.d.FBF65388DA4F4BC75C21E01C85973C7C.e.1574/click - {}
RESULT: {}
COMMAND: GET /session/555fcffa8aa83dd925f7bd1343d4074b/screenshot - {}
RESULT: {}
COMMAND: POST /session/555fcffa8aa83dd925f7bd1343d4074b/element - {"using":"xpath","value":"(//span[contains(@id ,\"manageresources-display-component---newResourceUnit--RUTimeSegment-0-vhi\")])[1]"}
RESULT: {"using":"xpath","value":"(//span[contains(@id ,\"manageresources-display-component---newResourceUnit--RUTimeSegment-0-vhi\")])[1]"}
COMMAND: GET /session/555fcffa8aa83dd925f7bd1343d4074b/element/f.9C1E946C17B1C55FC69CCE7EB9D2133F.d.FBF65388DA4F4BC75C21E01C85973C7C.e.1578/rect - {}
RESULT: {}
COMMAND: GET /session/555fcffa8aa83dd925f7bd1343d4074b/window/rect - {}
RESULT: {}
COMMAND: POST /session/555fcffa8aa83dd925f7bd1343d4074b/execute/sync - {"script":"<script> [92 bytes]","args":[]}
RESULT: {"script":"<script> [92 bytes]","args":[]}
COMMAND: POST /session/555fcffa8aa83dd925f7bd1343d4074b/actions - {"actions":[{"id":"action4","type":"wheel","parameters":{},"actions":[{"type":"scroll","x":-869,"y":-24,"deltaX":0,"deltaY":0,"duration":0,"origin":{"element-6066-11e4-a52e-4f735466cecf":"f.9C1E946C17B1C55FC69CCE7EB9D2133F.d.FBF65388DA4F4BC75C21E01C85973C7C.e.1578"}}]}]}
COMMAND: GET /session/555fcffa8aa83dd925f7bd1343d4074b/screenshot - {}
RESULT: {"actions":[{"id":"action4","type":"wheel","parameters":{},"actions":[{"type":"scroll","x":-869,"y":-24,"deltaX":0,"deltaY":0,"duration":0,"origin":{"element-6066-11e4-a52e-4f735466cecf":"f.9C1E946C17B1C55FC69CCE7EB9D2133F.d.FBF65388DA4F4BC75C21E01C85973C7C.e.1578"}}]}]}
COMMAND: DELETE /session/555fcffa8aa83dd925f7bd1343d4074b/actions - {}
COMMAND: GET /session/555fcffa8aa83dd925f7bd1343d4074b/screenshot - {}
RESULT: {}
RESULT: {}
COMMAND: GET /session/555fcffa8aa83dd925f7bd1343d4074b/screenshot - {}
RESULT: {}
RESULT: {}
COMMAND: POST /session/555fcffa8aa83dd925f7bd1343d4074b/element/f.9C1E946C17B1C55FC69CCE7EB9D2133F.d.FBF65388DA4F4BC75C21E01C85973C7C.e.1578/click - {}
RESULT: {}
COMMAND: GET /session/555fcffa8aa83dd925f7bd1343d4074b/screenshot - {}
RESULT: {}
RESULT: undefined
COMMAND: POST /session/555fcffa8aa83dd925f7bd1343d4074b/execute/async - {"script":"<script> [776 bytes]","args":[{"enterText":"4000360","selector":{"controlType":"sap.m.SearchField","properties":{"placeholder":"Search"},"searchOpenDialogs":true,"interaction":{"idSuffix":"I"}},"clearTextFirst":true,"interactionType":"ENTER_TEXT"}]}
RESULT: {"script":"<script> [776 bytes]","args":[{"enterText":"4000360","selector":{"controlType":"sap.m.SearchField","properties":{"placeholder":"Search"},"searchOpenDialogs":true,"interaction":{"idSuffix":"I"}},"clearTextFirst":true,"interactionType":"ENTER_TEXT"}]}
COMMAND: POST /session/555fcffa8aa83dd925f7bd1343d4074b/actions - {"actions":[{"id":"action5","type":"key","parameters":{},"actions":[{"type":"keyDown","value":"î€‡"},{"type":"pause","duration":10},{"type":"keyUp","value":"î€‡"}]}]}
RESULT: {"actions":[{"id":"action5","type":"key","parameters":{},"actions":[{"type":"keyDown","value":"î€‡"},{"type":"pause","duration":10},{"type":"keyUp","value":"î€‡"}]}]}
COMMAND: GET /session/555fcffa8aa83dd925f7bd1343d4074b/screenshot - {}
RESULT: {}
COMMAND: POST /session/555fcffa8aa83dd925f7bd1343d4074b/element - {"using":"xpath","value":"//td/div/span[contains(text(), \"BGL Vehicles\")]"}
RESULT: {"using":"xpath","value":"//td/div/span[contains(text(), \"BGL Vehicles\")]"}
COMMAND: POST /session/555fcffa8aa83dd925f7bd1343d4074b/element/f.9C1E946C17B1C55FC69CCE7EB9D2133F.d.FBF65388DA4F4BC75C21E01C85973C7C.e.1598/click - {}
RESULT: {}
COMMAND: GET /session/555fcffa8aa83dd925f7bd1343d4074b/screenshot - {}
RESULT: {}
COMMAND: POST /session/555fcffa8aa83dd925f7bd1343d4074b/element - {"using":"xpath","value":"//bdi[contains(text(), \"OK\")]"}
RESULT: {"using":"xpath","value":"//bdi[contains(text(), \"OK\")]"}
COMMAND: POST /session/555fcffa8aa83dd925f7bd1343d4074b/element/f.9C1E946C17B1C55FC69CCE7EB9D2133F.d.FBF65388DA4F4BC75C21E01C85973C7C.e.1599/click - {}
RESULT: {}
COMMAND: GET /session/555fcffa8aa83dd925f7bd1343d4074b/screenshot - {}
RESULT: {}
COMMAND: POST /session/555fcffa8aa83dd925f7bd1343d4074b/execute/async - {"script":"<script> [1562 bytes]","args":[{"selector":{"id":"application-manageresources-display-component---newResourceUnit--newRRUPage-anchBar-application-manageresources-display-component---newResourceUnit--resource-anchor","interaction":{"idSuffix":"BDI-content"}},"wdio_ui5_key":"applicationmanageresources-display-component---newResourceUnit--newRRUPage-anchBar-application-manageresources-display-component---newResourceUnit--resource-anchor"}]}
RESULT: {"script":"<script> [1562 bytes]","args":[{"selector":{"id":"application-manageresources-display-component---newResourceUnit--newRRUPage-anchBar-application-manageresources-display-component---newResourceUnit--resource-anchor","interaction":{"idSuffix":"BDI-content"}},"wdio_ui5_key":"applicationmanageresources-display-component---newResourceUnit--newRRUPage-anchBar-application-manageresources-display-component---newResourceUnit--resource-anchor"}]}
RESULT: undefined
COMMAND: POST /session/555fcffa8aa83dd925f7bd1343d4074b/element - {"using":"xpath","value":"//*[@id=\"application-manageresources-display-component---newResourceUnit--newRRUPage-anchBar-application-manageresources-display-component---newResourceUnit--resource-anchor\"]"}
RESULT: {"using":"xpath","value":"//*[@id=\"application-manageresources-display-component---newResourceUnit--newRRUPage-anchBar-application-manageresources-display-component---newResourceUnit--resource-anchor\"]"}
COMMAND: POST /session/555fcffa8aa83dd925f7bd1343d4074b/element/f.9C1E946C17B1C55FC69CCE7EB9D2133F.d.FBF65388DA4F4BC75C21E01C85973C7C.e.1603/click - {}
RESULT: {}
COMMAND: POST /session/555fcffa8aa83dd925f7bd1343d4074b/execute/async - {"script":"<script> [1562 bytes]","args":[{"selector":{"id":"application-manageresources-display-component---newResourceUnit--PLANNED_DELIVERY_DATE","interaction":{"idSuffix":"inner"}},"wdio_ui5_key":"applicationmanageresources-display-component---newResourceUnit--PLANNED_DELIVERY_DATE"}]}
COMMAND: GET /session/555fcffa8aa83dd925f7bd1343d4074b/screenshot - {}
RESULT: {"script":"<script> [1562 bytes]","args":[{"selector":{"id":"application-manageresources-display-component---newResourceUnit--PLANNED_DELIVERY_DATE","interaction":{"idSuffix":"inner"}},"wdio_ui5_key":"applicationmanageresources-display-component---newResourceUnit--PLANNED_DELIVERY_DATE"}]}
RESULT: undefined
COMMAND: POST /session/555fcffa8aa83dd925f7bd1343d4074b/execute/async - {"script":"<script> [6424 bytes]","args":[{"element-6066-11e4-a52e-4f735466cecf":"f.9C1E946C17B1C55FC69CCE7EB9D2133F.d.FBF65388DA4F4BC75C21E01C85973C7C.e.1464"},"setValue",["5/7/25"]]}
RESULT: {}
RESULT: {"script":"<script> [6424 bytes]","args":[{"element-6066-11e4-a52e-4f735466cecf":"f.9C1E946C17B1C55FC69CCE7EB9D2133F.d.FBF65388DA4F4BC75C21E01C85973C7C.e.1464"},"setValue",["5/7/25"]]}
COMMAND: POST /session/555fcffa8aa83dd925f7bd1343d4074b/element - {"using":"xpath","value":"//label[contains(@class, 'sapMLabelRequired') and .//bdi[contains(text(), 'Planned Retirement')]]"}
RESULT: {"using":"xpath","value":"//label[contains(@class, 'sapMLabelRequired') and .//bdi[contains(text(), 'Planned Retirement')]]"}
COMMAND: POST /session/555fcffa8aa83dd925f7bd1343d4074b/elements - {"using":"xpath","value":"//label[contains(@class, 'sapMLabelRequired') and .//bdi[contains(text(), 'Planned Retirement')]]"}
RESULT: {"using":"xpath","value":"//label[contains(@class, 'sapMLabelRequired') and .//bdi[contains(text(), 'Planned Retirement')]]"}
COMMAND: POST /session/555fcffa8aa83dd925f7bd1343d4074b/element - {"using":"xpath","value":"//button[@data-kt=\"resourceUnitSaveButton\"]"}
RESULT: {"using":"xpath","value":"//button[@data-kt=\"resourceUnitSaveButton\"]"}
COMMAND: POST /session/555fcffa8aa83dd925f7bd1343d4074b/element/f.9C1E946C17B1C55FC69CCE7EB9D2133F.d.FBF65388DA4F4BC75C21E01C85973C7C.e.1425/click - {}
RESULT: {}
COMMAND: GET /session/555fcffa8aa83dd925f7bd1343d4074b/screenshot - {}
RESULT: {}
COMMAND: POST /session/555fcffa8aa83dd925f7bd1343d4074b/element - {"using":"xpath","value":"//bdi[contains(text(), \"Close\")]"}
RESULT: {"using":"xpath","value":"//bdi[contains(text(), \"Close\")]"}
COMMAND: POST /session/555fcffa8aa83dd925f7bd1343d4074b/element/f.9C1E946C17B1C55FC69CCE7EB9D2133F.d.FBF65388DA4F4BC75C21E01C85973C7C.e.1611/click - {}
RESULT: {}
COMMAND: GET /session/555fcffa8aa83dd925f7bd1343d4074b/screenshot - {}
RESULT: {}
COMMAND: POST /session/555fcffa8aa83dd925f7bd1343d4074b/element - {"using":"xpath","value":"(//button[contains(@id ,\"actionsToolbar-overflowButton\")])[1]"}
RESULT: {"using":"xpath","value":"(//button[contains(@id ,\"actionsToolbar-overflowButton\")])[1]"}
COMMAND: POST /session/555fcffa8aa83dd925f7bd1343d4074b/element/f.9C1E946C17B1C55FC69CCE7EB9D2133F.d.FBF65388DA4F4BC75C21E01C85973C7C.e.1665/click - {}
RESULT: {}
COMMAND: GET /session/555fcffa8aa83dd925f7bd1343d4074b/screenshot - {}
RESULT: {}
COMMAND: POST /session/555fcffa8aa83dd925f7bd1343d4074b/element - {"using":"xpath","value":"//button[@data-kt=\"priceInfoButton\"]"}
RESULT: {"using":"xpath","value":"//button[@data-kt=\"priceInfoButton\"]"}
COMMAND: POST /session/555fcffa8aa83dd925f7bd1343d4074b/element/f.9C1E946C17B1C55FC69CCE7EB9D2133F.d.FBF65388DA4F4BC75C21E01C85973C7C.e.1667/click - {}
RESULT: {}
COMMAND: GET /session/555fcffa8aa83dd925f7bd1343d4074b/screenshot - {}
RESULT: {}
COMMAND: POST /session/555fcffa8aa83dd925f7bd1343d4074b/element - {"using":"css selector","value":"#shell-header-logo"}
RESULT: {"using":"css selector","value":"#shell-header-logo"}
COMMAND: POST /session/555fcffa8aa83dd925f7bd1343d4074b/element/f.9C1E946C17B1C55FC69CCE7EB9D2133F.d.FBF65388DA4F4BC75C21E01C85973C7C.e.1020/click - {}
RESULT: {}
]]></system-out>
    </testcase>
    <testcase classname="chrome.135_0_7049_115.windows.Create_condition_pricing_US117289_US134625" name="Should create new condition" time="69.939">
      <system-out><![CDATA[
COMMAND: POST /session/555fcffa8aa83dd925f7bd1343d4074b/execute/async - {"script":"<script> [1562 bytes]","args":[{"selector":{"controlType":"sap.m.Text","properties":{"text":"Manage Conditions & Prices"},"interaction":{"idSuffix":"inner"}},"wdio_ui5_key":"sapm.Text{\"text\":\"Manage Conditions & Prices\"}"}]}
COMMAND: GET /session/555fcffa8aa83dd925f7bd1343d4074b/screenshot - {}
RESULT: {"script":"<script> [1562 bytes]","args":[{"selector":{"controlType":"sap.m.Text","properties":{"text":"Manage Conditions & Prices"},"interaction":{"idSuffix":"inner"}},"wdio_ui5_key":"sapm.Text{\"text\":\"Manage Conditions & Prices\"}"}]}
RESULT: undefined
COMMAND: POST /session/555fcffa8aa83dd925f7bd1343d4074b/element - {"using":"xpath","value":"//*[@id=\"__tile53-title\"]"}
RESULT: {}
RESULT: {"using":"xpath","value":"//*[@id=\"__tile53-title\"]"}
COMMAND: POST /session/555fcffa8aa83dd925f7bd1343d4074b/element/f.9C1E946C17B1C55FC69CCE7EB9D2133F.d.FBF65388DA4F4BC75C21E01C85973C7C.e.1673/click - {}
RESULT: {}
COMMAND: POST /session/555fcffa8aa83dd925f7bd1343d4074b/element - {"using":"xpath","value":"//button[@aria-label=\"Create\"]"}
COMMAND: GET /session/555fcffa8aa83dd925f7bd1343d4074b/screenshot - {}
RESULT: {"using":"xpath","value":"//button[@aria-label=\"Create\"]"}
COMMAND: POST /session/555fcffa8aa83dd925f7bd1343d4074b/elements - {"using":"xpath","value":"//button[@aria-label=\"Create\"]"}
RESULT: {}
RESULT: {"using":"xpath","value":"//button[@aria-label=\"Create\"]"}
COMMAND: POST /session/555fcffa8aa83dd925f7bd1343d4074b/elements - {"using":"xpath","value":"//button[@aria-label=\"Create\"]"}
RESULT: {"using":"xpath","value":"//button[@aria-label=\"Create\"]"}
COMMAND: POST /session/555fcffa8aa83dd925f7bd1343d4074b/elements - {"using":"xpath","value":"//button[@aria-label=\"Create\"]"}
RESULT: {"using":"xpath","value":"//button[@aria-label=\"Create\"]"}
COMMAND: POST /session/555fcffa8aa83dd925f7bd1343d4074b/elements - {"using":"xpath","value":"//button[@aria-label=\"Create\"]"}
RESULT: {"using":"xpath","value":"//button[@aria-label=\"Create\"]"}
COMMAND: POST /session/555fcffa8aa83dd925f7bd1343d4074b/elements - {"using":"xpath","value":"//button[@aria-label=\"Create\"]"}
RESULT: {"using":"xpath","value":"//button[@aria-label=\"Create\"]"}
COMMAND: POST /session/555fcffa8aa83dd925f7bd1343d4074b/elements - {"using":"xpath","value":"//button[@aria-label=\"Create\"]"}
RESULT: {"using":"xpath","value":"//button[@aria-label=\"Create\"]"}
COMMAND: POST /session/555fcffa8aa83dd925f7bd1343d4074b/elements - {"using":"xpath","value":"//button[@aria-label=\"Create\"]"}
RESULT: {"using":"xpath","value":"//button[@aria-label=\"Create\"]"}
COMMAND: POST /session/555fcffa8aa83dd925f7bd1343d4074b/elements - {"using":"xpath","value":"//button[@aria-label=\"Create\"]"}
RESULT: {"using":"xpath","value":"//button[@aria-label=\"Create\"]"}
COMMAND: POST /session/555fcffa8aa83dd925f7bd1343d4074b/elements - {"using":"xpath","value":"//button[@aria-label=\"Create\"]"}
RESULT: {"using":"xpath","value":"//button[@aria-label=\"Create\"]"}
COMMAND: POST /session/555fcffa8aa83dd925f7bd1343d4074b/elements - {"using":"xpath","value":"//button[@aria-label=\"Create\"]"}
RESULT: {"using":"xpath","value":"//button[@aria-label=\"Create\"]"}
COMMAND: POST /session/555fcffa8aa83dd925f7bd1343d4074b/elements - {"using":"xpath","value":"//button[@aria-label=\"Create\"]"}
RESULT: {"using":"xpath","value":"//button[@aria-label=\"Create\"]"}
COMMAND: POST /session/555fcffa8aa83dd925f7bd1343d4074b/elements - {"using":"xpath","value":"//button[@aria-label=\"Create\"]"}
RESULT: {"using":"xpath","value":"//button[@aria-label=\"Create\"]"}
COMMAND: POST /session/555fcffa8aa83dd925f7bd1343d4074b/elements - {"using":"xpath","value":"//button[@aria-label=\"Create\"]"}
RESULT: {"using":"xpath","value":"//button[@aria-label=\"Create\"]"}
COMMAND: POST /session/555fcffa8aa83dd925f7bd1343d4074b/elements - {"using":"xpath","value":"//button[@aria-label=\"Create\"]"}
RESULT: {"using":"xpath","value":"//button[@aria-label=\"Create\"]"}
COMMAND: POST /session/555fcffa8aa83dd925f7bd1343d4074b/elements - {"using":"xpath","value":"//button[@aria-label=\"Create\"]"}
RESULT: {"using":"xpath","value":"//button[@aria-label=\"Create\"]"}
COMMAND: POST /session/555fcffa8aa83dd925f7bd1343d4074b/elements - {"using":"xpath","value":"//button[@aria-label=\"Create\"]"}
RESULT: {"using":"xpath","value":"//button[@aria-label=\"Create\"]"}
COMMAND: POST /session/555fcffa8aa83dd925f7bd1343d4074b/elements - {"using":"xpath","value":"//button[@aria-label=\"Create\"]"}
RESULT: {"using":"xpath","value":"//button[@aria-label=\"Create\"]"}
COMMAND: POST /session/555fcffa8aa83dd925f7bd1343d4074b/elements - {"using":"xpath","value":"//button[@aria-label=\"Create\"]"}
RESULT: {"using":"xpath","value":"//button[@aria-label=\"Create\"]"}
COMMAND: POST /session/555fcffa8aa83dd925f7bd1343d4074b/elements - {"using":"xpath","value":"//button[@aria-label=\"Create\"]"}
RESULT: {"using":"xpath","value":"//button[@aria-label=\"Create\"]"}
COMMAND: POST /session/555fcffa8aa83dd925f7bd1343d4074b/element - {"using":"xpath","value":"//button[@aria-label=\"Create\"]"}
RESULT: {"using":"xpath","value":"//button[@aria-label=\"Create\"]"}
COMMAND: POST /session/555fcffa8aa83dd925f7bd1343d4074b/execute/sync - {"script":"<script> [8489 bytes]","args":[{"element-6066-11e4-a52e-4f735466cecf":"f.9C1E946C17B1C55FC69CCE7EB9D2133F.d.FBF65388DA4F4BC75C21E01C85973C7C.e.1708","ELEMENT":"f.9C1E946C17B1C55FC69CCE7EB9D2133F.d.FBF65388DA4F4BC75C21E01C85973C7C.e.1708"}]}
RESULT: {"script":"<script> [8489 bytes]","args":[{"element-6066-11e4-a52e-4f735466cecf":"f.9C1E946C17B1C55FC69CCE7EB9D2133F.d.FBF65388DA4F4BC75C21E01C85973C7C.e.1708","ELEMENT":"f.9C1E946C17B1C55FC69CCE7EB9D2133F.d.FBF65388DA4F4BC75C21E01C85973C7C.e.1708"}]}
COMMAND: GET /session/555fcffa8aa83dd925f7bd1343d4074b/element/f.9C1E946C17B1C55FC69CCE7EB9D2133F.d.FBF65388DA4F4BC75C21E01C85973C7C.e.1708/enabled - {}
COMMAND: GET /session/555fcffa8aa83dd925f7bd1343d4074b/screenshot - {}
RESULT: {}
COMMAND: POST /session/555fcffa8aa83dd925f7bd1343d4074b/execute/sync - {"script":"<script> [8489 bytes]","args":[{"element-6066-11e4-a52e-4f735466cecf":"f.9C1E946C17B1C55FC69CCE7EB9D2133F.d.FBF65388DA4F4BC75C21E01C85973C7C.e.1708","ELEMENT":"f.9C1E946C17B1C55FC69CCE7EB9D2133F.d.FBF65388DA4F4BC75C21E01C85973C7C.e.1708"}]}
COMMAND: GET /session/555fcffa8aa83dd925f7bd1343d4074b/screenshot - {}
RESULT: {}
RESULT: {"script":"<script> [8489 bytes]","args":[{"element-6066-11e4-a52e-4f735466cecf":"f.9C1E946C17B1C55FC69CCE7EB9D2133F.d.FBF65388DA4F4BC75C21E01C85973C7C.e.1708","ELEMENT":"f.9C1E946C17B1C55FC69CCE7EB9D2133F.d.FBF65388DA4F4BC75C21E01C85973C7C.e.1708"}]}
COMMAND: POST /session/555fcffa8aa83dd925f7bd1343d4074b/execute/sync - {"script":"<script> [5351 bytes]","args":[{"element-6066-11e4-a52e-4f735466cecf":"f.9C1E946C17B1C55FC69CCE7EB9D2133F.d.FBF65388DA4F4BC75C21E01C85973C7C.e.1708","ELEMENT":"f.9C1E946C17B1C55FC69CCE7EB9D2133F.d.FBF65388DA4F4BC75C21E01C85973C7C.e.1708"}]}
COMMAND: GET /session/555fcffa8aa83dd925f7bd1343d4074b/screenshot - {}
RESULT: {}
RESULT: {"script":"<script> [5351 bytes]","args":[{"element-6066-11e4-a52e-4f735466cecf":"f.9C1E946C17B1C55FC69CCE7EB9D2133F.d.FBF65388DA4F4BC75C21E01C85973C7C.e.1708","ELEMENT":"f.9C1E946C17B1C55FC69CCE7EB9D2133F.d.FBF65388DA4F4BC75C21E01C85973C7C.e.1708"}]}
COMMAND: POST /session/555fcffa8aa83dd925f7bd1343d4074b/element/f.9C1E946C17B1C55FC69CCE7EB9D2133F.d.FBF65388DA4F4BC75C21E01C85973C7C.e.1708/click - {}
COMMAND: GET /session/555fcffa8aa83dd925f7bd1343d4074b/screenshot - {}
RESULT: {}
RESULT: {}
COMMAND: GET /session/555fcffa8aa83dd925f7bd1343d4074b/screenshot - {}
RESULT: {}
RESULT: {}
COMMAND: POST /session/555fcffa8aa83dd925f7bd1343d4074b/actions - {"actions":[{"id":"action6","type":"key","parameters":{},"actions":[{"type":"keyDown","value":"î€‡"},{"type":"pause","duration":10},{"type":"keyUp","value":"î€‡"}]}]}
RESULT: {"actions":[{"id":"action6","type":"key","parameters":{},"actions":[{"type":"keyDown","value":"î€‡"},{"type":"pause","duration":10},{"type":"keyUp","value":"î€‡"}]}]}
COMMAND: GET /session/555fcffa8aa83dd925f7bd1343d4074b/screenshot - {}
RESULT: {}
COMMAND: POST /session/555fcffa8aa83dd925f7bd1343d4074b/execute/async - {"script":"<script> [1562 bytes]","args":[{"selector":{"id":"application-manageconditionprice-display-component---newCondition--condBillCond-arrow"},"wdio_ui5_key":"applicationmanageconditionprice-display-component---newCondition--condBillCond-arrow"}]}
RESULT: {"script":"<script> [1562 bytes]","args":[{"selector":{"id":"application-manageconditionprice-display-component---newCondition--condBillCond-arrow"},"wdio_ui5_key":"applicationmanageconditionprice-display-component---newCondition--condBillCond-arrow"}]}
RESULT: undefined
COMMAND: POST /session/555fcffa8aa83dd925f7bd1343d4074b/element - {"using":"xpath","value":"//*[@id=\"application-manageconditionprice-display-component---newCondition--condBillCond-arrow\"]"}
RESULT: {"using":"xpath","value":"//*[@id=\"application-manageconditionprice-display-component---newCondition--condBillCond-arrow\"]"}
COMMAND: POST /session/555fcffa8aa83dd925f7bd1343d4074b/element/f.9C1E946C17B1C55FC69CCE7EB9D2133F.d.FBF65388DA4F4BC75C21E01C85973C7C.e.1922/click - {}
RESULT: {}
COMMAND: GET /session/555fcffa8aa83dd925f7bd1343d4074b/screenshot - {}
RESULT: {}
COMMAND: POST /session/555fcffa8aa83dd925f7bd1343d4074b/element - {"using":"xpath","value":"//li[.//span[contains(text(), \"SAPR - Sales price\")]]"}
RESULT: {"using":"xpath","value":"//li[.//span[contains(text(), \"SAPR - Sales price\")]]"}
COMMAND: POST /session/555fcffa8aa83dd925f7bd1343d4074b/element/f.9C1E946C17B1C55FC69CCE7EB9D2133F.d.FBF65388DA4F4BC75C21E01C85973C7C.e.1925/click - {}
RESULT: {}
COMMAND: GET /session/555fcffa8aa83dd925f7bd1343d4074b/screenshot - {}
RESULT: {}
COMMAND: POST /session/555fcffa8aa83dd925f7bd1343d4074b/execute/async - {"script":"<script> [1562 bytes]","args":[{"selector":{"id":"application-manageconditionprice-display-component---newCondition--condValidTo","interaction":{"idSuffix":"inner"}},"wdio_ui5_key":"applicationmanageconditionprice-display-component---newCondition--condValidTo"}]}
RESULT: {"script":"<script> [1562 bytes]","args":[{"selector":{"id":"application-manageconditionprice-display-component---newCondition--condValidTo","interaction":{"idSuffix":"inner"}},"wdio_ui5_key":"applicationmanageconditionprice-display-component---newCondition--condValidTo"}]}
RESULT: undefined
COMMAND: POST /session/555fcffa8aa83dd925f7bd1343d4074b/execute/async - {"script":"<script> [776 bytes]","args":[{"enterText":"01/07/26","selector":{"id":"application-manageconditionprice-display-component---newCondition--condValidTo","interaction":{"idSuffix":"inner"}},"clearTextFirst":true,"interactionType":"ENTER_TEXT"}]}
RESULT: {"script":"<script> [776 bytes]","args":[{"enterText":"01/07/26","selector":{"id":"application-manageconditionprice-display-component---newCondition--condValidTo","interaction":{"idSuffix":"inner"}},"clearTextFirst":true,"interactionType":"ENTER_TEXT"}]}
COMMAND: POST /session/555fcffa8aa83dd925f7bd1343d4074b/element - {"using":"xpath","value":"//input[@id=\"application-manageconditionprice-display-component---newCondition--condRU-inner\"]"}
RESULT: {"using":"xpath","value":"//input[@id=\"application-manageconditionprice-display-component---newCondition--condRU-inner\"]"}
COMMAND: POST /session/555fcffa8aa83dd925f7bd1343d4074b/element/f.9C1E946C17B1C55FC69CCE7EB9D2133F.d.FBF65388DA4F4BC75C21E01C85973C7C.e.1786/clear - {}
RESULT: {}
COMMAND: POST /session/555fcffa8aa83dd925f7bd1343d4074b/element/f.9C1E946C17B1C55FC69CCE7EB9D2133F.d.FBF65388DA4F4BC75C21E01C85973C7C.e.1786/value - {"text":"MPKQHDuE5a"}
COMMAND: GET /session/555fcffa8aa83dd925f7bd1343d4074b/screenshot - {}
RESULT: {"text":"MPKQHDuE5a"}
COMMAND: GET /session/555fcffa8aa83dd925f7bd1343d4074b/screenshot - {}
RESULT: {}
RESULT: {}
COMMAND: POST /session/555fcffa8aa83dd925f7bd1343d4074b/actions - {"actions":[{"id":"action7","type":"key","parameters":{},"actions":[{"type":"keyDown","value":"î€‡"},{"type":"pause","duration":10},{"type":"keyUp","value":"î€‡"}]}]}
RESULT: {"actions":[{"id":"action7","type":"key","parameters":{},"actions":[{"type":"keyDown","value":"î€‡"},{"type":"pause","duration":10},{"type":"keyUp","value":"î€‡"}]}]}
COMMAND: POST /session/555fcffa8aa83dd925f7bd1343d4074b/execute/async - {"script":"<script> [1562 bytes]","args":[{"selector":{"id":"application-manageconditionprice-display-component---newCondition--condBaseQty","interaction":{"idSuffix":"inner"}},"wdio_ui5_key":"applicationmanageconditionprice-display-component---newCondition--condBaseQty"}]}
COMMAND: GET /session/555fcffa8aa83dd925f7bd1343d4074b/screenshot - {}
RESULT: {"script":"<script> [1562 bytes]","args":[{"selector":{"id":"application-manageconditionprice-display-component---newCondition--condBaseQty","interaction":{"idSuffix":"inner"}},"wdio_ui5_key":"applicationmanageconditionprice-display-component---newCondition--condBaseQty"}]}
RESULT: undefined
COMMAND: POST /session/555fcffa8aa83dd925f7bd1343d4074b/execute/async - {"script":"<script> [776 bytes]","args":[{"enterText":"1","selector":{"id":"application-manageconditionprice-display-component---newCondition--condBaseQty","interaction":{"idSuffix":"inner"}},"clearTextFirst":true,"interactionType":"ENTER_TEXT"}]}
RESULT: {}
RESULT: {"script":"<script> [776 bytes]","args":[{"enterText":"1","selector":{"id":"application-manageconditionprice-display-component---newCondition--condBaseQty","interaction":{"idSuffix":"inner"}},"clearTextFirst":true,"interactionType":"ENTER_TEXT"}]}
COMMAND: POST /session/555fcffa8aa83dd925f7bd1343d4074b/execute/async - {"script":"<script> [1562 bytes]","args":[{"selector":{"id":"application-manageconditionprice-display-component---newCondition--condValue","interaction":{"idSuffix":"inner"}},"wdio_ui5_key":"applicationmanageconditionprice-display-component---newCondition--condValue"}]}
RESULT: {"script":"<script> [1562 bytes]","args":[{"selector":{"id":"application-manageconditionprice-display-component---newCondition--condValue","interaction":{"idSuffix":"inner"}},"wdio_ui5_key":"applicationmanageconditionprice-display-component---newCondition--condValue"}]}
RESULT: undefined
COMMAND: POST /session/555fcffa8aa83dd925f7bd1343d4074b/execute/async - {"script":"<script> [776 bytes]","args":[{"enterText":"200","selector":{"id":"application-manageconditionprice-display-component---newCondition--condValue","interaction":{"idSuffix":"inner"}},"clearTextFirst":true,"interactionType":"ENTER_TEXT"}]}
RESULT: {"script":"<script> [776 bytes]","args":[{"enterText":"200","selector":{"id":"application-manageconditionprice-display-component---newCondition--condValue","interaction":{"idSuffix":"inner"}},"clearTextFirst":true,"interactionType":"ENTER_TEXT"}]}
COMMAND: POST /session/555fcffa8aa83dd925f7bd1343d4074b/execute/async - {"script":"<script> [1562 bytes]","args":[{"selector":{"id":"application-manageconditionprice-display-component---newCondition--condCurr-arrow"},"wdio_ui5_key":"applicationmanageconditionprice-display-component---newCondition--condCurr-arrow"}]}
RESULT: {"script":"<script> [1562 bytes]","args":[{"selector":{"id":"application-manageconditionprice-display-component---newCondition--condCurr-arrow"},"wdio_ui5_key":"applicationmanageconditionprice-display-component---newCondition--condCurr-arrow"}]}
RESULT: undefined
COMMAND: POST /session/555fcffa8aa83dd925f7bd1343d4074b/element - {"using":"xpath","value":"//*[@id=\"application-manageconditionprice-display-component---newCondition--condCurr-arrow\"]"}
RESULT: {"using":"xpath","value":"//*[@id=\"application-manageconditionprice-display-component---newCondition--condCurr-arrow\"]"}
COMMAND: POST /session/555fcffa8aa83dd925f7bd1343d4074b/element/f.9C1E946C17B1C55FC69CCE7EB9D2133F.d.FBF65388DA4F4BC75C21E01C85973C7C.e.1881/click - {}
RESULT: {}
COMMAND: POST /session/555fcffa8aa83dd925f7bd1343d4074b/element - {"using":"xpath","value":"//span[contains(text(), \"Euro\")]"}
COMMAND: GET /session/555fcffa8aa83dd925f7bd1343d4074b/screenshot - {}
RESULT: {"using":"xpath","value":"//span[contains(text(), \"Euro\")]"}
COMMAND: POST /session/555fcffa8aa83dd925f7bd1343d4074b/element/f.9C1E946C17B1C55FC69CCE7EB9D2133F.d.FBF65388DA4F4BC75C21E01C85973C7C.e.1963/click - {}
RESULT: {}
RESULT: {}
COMMAND: POST /session/555fcffa8aa83dd925f7bd1343d4074b/element - {"using":"xpath","value":"//button[@data-kt=\"saveButton\"]"}
COMMAND: GET /session/555fcffa8aa83dd925f7bd1343d4074b/screenshot - {}
RESULT: {"using":"xpath","value":"//button[@data-kt=\"saveButton\"]"}
COMMAND: POST /session/555fcffa8aa83dd925f7bd1343d4074b/element/f.9C1E946C17B1C55FC69CCE7EB9D2133F.d.FBF65388DA4F4BC75C21E01C85973C7C.e.1882/click - {}
RESULT: {}
RESULT: {}
COMMAND: GET /session/555fcffa8aa83dd925f7bd1343d4074b/screenshot - {}
RESULT: {}
COMMAND: POST /session/555fcffa8aa83dd925f7bd1343d4074b/execute/async - {"script":"<script> [1562 bytes]","args":[{"selector":{"id":"application-manageconditionprice-display-component---conditions--smartFilterBar-btnBasicSearch","interaction":{"idSuffix":"I"}},"wdio_ui5_key":"applicationmanageconditionprice-display-component---conditions--smartFilterBar-btnBasicSearch"}]}
RESULT: {"script":"<script> [1562 bytes]","args":[{"selector":{"id":"application-manageconditionprice-display-component---conditions--smartFilterBar-btnBasicSearch","interaction":{"idSuffix":"I"}},"wdio_ui5_key":"applicationmanageconditionprice-display-component---conditions--smartFilterBar-btnBasicSearch"}]}
RESULT: undefined
COMMAND: POST /session/555fcffa8aa83dd925f7bd1343d4074b/execute/async - {"script":"<script> [776 bytes]","args":[{"enterText":"MPKQHDuE5a","selector":{"id":"application-manageconditionprice-display-component---conditions--smartFilterBar-btnBasicSearch","interaction":{"idSuffix":"I"}},"clearTextFirst":true,"interactionType":"ENTER_TEXT"}]}
RESULT: {"script":"<script> [776 bytes]","args":[{"enterText":"MPKQHDuE5a","selector":{"id":"application-manageconditionprice-display-component---conditions--smartFilterBar-btnBasicSearch","interaction":{"idSuffix":"I"}},"clearTextFirst":true,"interactionType":"ENTER_TEXT"}]}
COMMAND: POST /session/555fcffa8aa83dd925f7bd1343d4074b/actions - {"actions":[{"id":"action8","type":"key","parameters":{},"actions":[{"type":"keyDown","value":"î€‡"},{"type":"pause","duration":10},{"type":"keyUp","value":"î€‡"}]}]}
RESULT: {"actions":[{"id":"action8","type":"key","parameters":{},"actions":[{"type":"keyDown","value":"î€‡"},{"type":"pause","duration":10},{"type":"keyUp","value":"î€‡"}]}]}
COMMAND: GET /session/555fcffa8aa83dd925f7bd1343d4074b/screenshot - {}
RESULT: {}
COMMAND: POST /session/555fcffa8aa83dd925f7bd1343d4074b/execute/async - {"script":"<script> [1562 bytes]","args":[{"selector":{"id":"application-manageconditionprice-display-component---conditions--smartFilterBar-filterItemControl_BASIC-BILL_TYPES-vhi"},"wdio_ui5_key":"applicationmanageconditionprice-display-component---conditions--smartFilterBar-filterItemControl_BASIC-BILL_TYPES-vhi"}]}
RESULT: {"script":"<script> [1562 bytes]","args":[{"selector":{"id":"application-manageconditionprice-display-component---conditions--smartFilterBar-filterItemControl_BASIC-BILL_TYPES-vhi"},"wdio_ui5_key":"applicationmanageconditionprice-display-component---conditions--smartFilterBar-filterItemControl_BASIC-BILL_TYPES-vhi"}]}
RESULT: undefined
COMMAND: POST /session/555fcffa8aa83dd925f7bd1343d4074b/element - {"using":"xpath","value":"//*[@id=\"application-manageconditionprice-display-component---conditions--smartFilterBar-filterItemControl_BASIC-BILL_TYPES-vhi\"]"}
RESULT: {"using":"xpath","value":"//*[@id=\"application-manageconditionprice-display-component---conditions--smartFilterBar-filterItemControl_BASIC-BILL_TYPES-vhi\"]"}
COMMAND: POST /session/555fcffa8aa83dd925f7bd1343d4074b/element/f.9C1E946C17B1C55FC69CCE7EB9D2133F.d.FBF65388DA4F4BC75C21E01C85973C7C.e.2071/click - {}
RESULT: {}
COMMAND: POST /session/555fcffa8aa83dd925f7bd1343d4074b/execute/async - {"script":"<script> [1562 bytes]","args":[{"selector":{"id":"application-manageconditionprice-display-component---conditions--smartFilterBar-filterItemControl_BASIC-BILL_TYPES-valueHelpDialog-smartFilterBar-btnBasicSearch","searchOpenDialogs":true,"interaction":{"idSuffix":"I"}},"wdio_ui5_key":"applicationmanageconditionprice-display-component---conditions--smartFilterBar-filterItemControl_BASIC-BILL_TYPES-valueHelpDialog-smartFilterBar-btnBasicSearch"}]}
COMMAND: GET /session/555fcffa8aa83dd925f7bd1343d4074b/screenshot - {}
RESULT: {"script":"<script> [1562 bytes]","args":[{"selector":{"id":"application-manageconditionprice-display-component---conditions--smartFilterBar-filterItemControl_BASIC-BILL_TYPES-valueHelpDialog-smartFilterBar-btnBasicSearch","searchOpenDialogs":true,"interaction":{"idSuffix":"I"}},"wdio_ui5_key":"applicationmanageconditionprice-display-component---conditions--smartFilterBar-filterItemControl_BASIC-BILL_TYPES-valueHelpDialog-smartFilterBar-btnBasicSearch"}]}
RESULT: undefined
COMMAND: POST /session/555fcffa8aa83dd925f7bd1343d4074b/execute/async - {"script":"<script> [776 bytes]","args":[{"enterText":"one","selector":{"id":"application-manageconditionprice-display-component---conditions--smartFilterBar-filterItemControl_BASIC-BILL_TYPES-valueHelpDialog-smartFilterBar-btnBasicSearch","searchOpenDialogs":true,"interaction":{"idSuffix":"I"}},"clearTextFirst":true,"interactionType":"ENTER_TEXT"}]}
RESULT: {}
RESULT: {"script":"<script> [776 bytes]","args":[{"enterText":"one","selector":{"id":"application-manageconditionprice-display-component---conditions--smartFilterBar-filterItemControl_BASIC-BILL_TYPES-valueHelpDialog-smartFilterBar-btnBasicSearch","searchOpenDialogs":true,"interaction":{"idSuffix":"I"}},"clearTextFirst":true,"interactionType":"ENTER_TEXT"}]}
COMMAND: POST /session/555fcffa8aa83dd925f7bd1343d4074b/actions - {"actions":[{"id":"action9","type":"key","parameters":{},"actions":[{"type":"keyDown","value":"î€‡"},{"type":"pause","duration":10},{"type":"keyUp","value":"î€‡"}]}]}
RESULT: {"actions":[{"id":"action9","type":"key","parameters":{},"actions":[{"type":"keyDown","value":"î€‡"},{"type":"pause","duration":10},{"type":"keyUp","value":"î€‡"}]}]}
COMMAND: GET /session/555fcffa8aa83dd925f7bd1343d4074b/screenshot - {}
RESULT: {}
COMMAND: POST /session/555fcffa8aa83dd925f7bd1343d4074b/element - {"using":"xpath","value":"//div[contains(@id, 'application-manageconditionprice-display-component---conditions--smartFilterBar-filterItemControl_BASIC-BILL_TYPES-valueHelpDialog-table-rowsel0')]"}
RESULT: {"using":"xpath","value":"//div[contains(@id, 'application-manageconditionprice-display-component---conditions--smartFilterBar-filterItemControl_BASIC-BILL_TYPES-valueHelpDialog-table-rowsel0')]"}
COMMAND: POST /session/555fcffa8aa83dd925f7bd1343d4074b/element/f.9C1E946C17B1C55FC69CCE7EB9D2133F.d.FBF65388DA4F4BC75C21E01C85973C7C.e.2081/click - {}
RESULT: {}
COMMAND: GET /session/555fcffa8aa83dd925f7bd1343d4074b/screenshot - {}
RESULT: {}
COMMAND: POST /session/555fcffa8aa83dd925f7bd1343d4074b/element - {"using":"xpath","value":"//bdi[contains(text(), \"OK\")]"}
RESULT: {"using":"xpath","value":"//bdi[contains(text(), \"OK\")]"}
COMMAND: POST /session/555fcffa8aa83dd925f7bd1343d4074b/element/f.9C1E946C17B1C55FC69CCE7EB9D2133F.d.FBF65388DA4F4BC75C21E01C85973C7C.e.2083/click - {}
RESULT: {}
COMMAND: GET /session/555fcffa8aa83dd925f7bd1343d4074b/screenshot - {}
RESULT: {}
COMMAND: POST /session/555fcffa8aa83dd925f7bd1343d4074b/element - {"using":"xpath","value":"//span[@id=\"application-manageconditionprice-display-component---conditions--smartTable-header-inner\"]"}
RESULT: {"using":"xpath","value":"//span[@id=\"application-manageconditionprice-display-component---conditions--smartTable-header-inner\"]"}
COMMAND: POST /session/555fcffa8aa83dd925f7bd1343d4074b/elements - {"using":"xpath","value":"//span[@id=\"application-manageconditionprice-display-component---conditions--smartTable-header-inner\"]"}
RESULT: {"using":"xpath","value":"//span[@id=\"application-manageconditionprice-display-component---conditions--smartTable-header-inner\"]"}
COMMAND: POST /session/555fcffa8aa83dd925f7bd1343d4074b/execute/sync - {"script":"<script> [56 bytes]","args":[{"element-6066-11e4-a52e-4f735466cecf":"f.9C1E946C17B1C55FC69CCE7EB9D2133F.d.FBF65388DA4F4BC75C21E01C85973C7C.e.2086","ELEMENT":"f.9C1E946C17B1C55FC69CCE7EB9D2133F.d.FBF65388DA4F4BC75C21E01C85973C7C.e.2086"}]}
RESULT: {"script":"<script> [56 bytes]","args":[{"element-6066-11e4-a52e-4f735466cecf":"f.9C1E946C17B1C55FC69CCE7EB9D2133F.d.FBF65388DA4F4BC75C21E01C85973C7C.e.2086","ELEMENT":"f.9C1E946C17B1C55FC69CCE7EB9D2133F.d.FBF65388DA4F4BC75C21E01C85973C7C.e.2086"}]}
COMMAND: POST /session/555fcffa8aa83dd925f7bd1343d4074b/element - {"using":"css selector","value":"#shell-header-logo"}
COMMAND: GET /session/555fcffa8aa83dd925f7bd1343d4074b/screenshot - {}
RESULT: {"using":"css selector","value":"#shell-header-logo"}
COMMAND: POST /session/555fcffa8aa83dd925f7bd1343d4074b/element/f.9C1E946C17B1C55FC69CCE7EB9D2133F.d.FBF65388DA4F4BC75C21E01C85973C7C.e.1675/click - {}
RESULT: {}
RESULT: {}
COMMAND: GET /session/555fcffa8aa83dd925f7bd1343d4074b/screenshot - {}
RESULT: {}
COMMAND: POST /session/555fcffa8aa83dd925f7bd1343d4074b/element - {"using":"css selector","value":"#j_username"}
COMMAND: POST /session/555fcffa8aa83dd925f7bd1343d4074b/url - {"url":"https://qa-testing-00-live-etm-ui.cfapps.eu10-004.hana.ondemand.com/"}
RESULT: {"using":"css selector","value":"#j_username"}
COMMAND: POST /session/555fcffa8aa83dd925f7bd1343d4074b/element - {"using":"css selector","value":"#j_username"}
RESULT: {"url":"https://qa-testing-00-live-etm-ui.cfapps.eu10-004.hana.ondemand.com/"}
RESULT: undefined
COMMAND: GET /session/555fcffa8aa83dd925f7bd1343d4074b/screenshot - {}
RESULT: {"using":"css selector","value":"#j_username"}
COMMAND: POST /session/555fcffa8aa83dd925f7bd1343d4074b/element - {"using":"css selector","value":"#shell-header-logo"}
RESULT: {}
RESULT: {"using":"css selector","value":"#shell-header-logo"}
COMMAND: POST /session/555fcffa8aa83dd925f7bd1343d4074b/execute/sync - {"script":"<script> [8489 bytes]","args":[{"element-6066-11e4-a52e-4f735466cecf":"f.9C1E946C17B1C55FC69CCE7EB9D2133F.d.7C5EC2D233E7F68102AE9C749FC30A99.e.2100","ELEMENT":"f.9C1E946C17B1C55FC69CCE7EB9D2133F.d.7C5EC2D233E7F68102AE9C749FC30A99.e.2100"}]}
RESULT: {"script":"<script> [8489 bytes]","args":[{"element-6066-11e4-a52e-4f735466cecf":"f.9C1E946C17B1C55FC69CCE7EB9D2133F.d.7C5EC2D233E7F68102AE9C749FC30A99.e.2100","ELEMENT":"f.9C1E946C17B1C55FC69CCE7EB9D2133F.d.7C5EC2D233E7F68102AE9C749FC30A99.e.2100"}]}
COMMAND: POST /session/555fcffa8aa83dd925f7bd1343d4074b/element - {"using":"css selector","value":"#shell-header-logo"}
COMMAND: GET /session/555fcffa8aa83dd925f7bd1343d4074b/screenshot - {}
RESULT: {"using":"css selector","value":"#shell-header-logo"}
COMMAND: POST /session/555fcffa8aa83dd925f7bd1343d4074b/execute/sync - {"script":"<script> [8489 bytes]","args":[{"element-6066-11e4-a52e-4f735466cecf":"f.9C1E946C17B1C55FC69CCE7EB9D2133F.d.7C5EC2D233E7F68102AE9C749FC30A99.e.2100","ELEMENT":"f.9C1E946C17B1C55FC69CCE7EB9D2133F.d.7C5EC2D233E7F68102AE9C749FC30A99.e.2100"}]}
RESULT: {}
RESULT: {"script":"<script> [8489 bytes]","args":[{"element-6066-11e4-a52e-4f735466cecf":"f.9C1E946C17B1C55FC69CCE7EB9D2133F.d.7C5EC2D233E7F68102AE9C749FC30A99.e.2100","ELEMENT":"f.9C1E946C17B1C55FC69CCE7EB9D2133F.d.7C5EC2D233E7F68102AE9C749FC30A99.e.2100"}]}
COMMAND: POST /session/555fcffa8aa83dd925f7bd1343d4074b/execute/sync - {"script":"<script> [5351 bytes]","args":[{"element-6066-11e4-a52e-4f735466cecf":"f.9C1E946C17B1C55FC69CCE7EB9D2133F.d.7C5EC2D233E7F68102AE9C749FC30A99.e.2100","ELEMENT":"f.9C1E946C17B1C55FC69CCE7EB9D2133F.d.7C5EC2D233E7F68102AE9C749FC30A99.e.2100"}]}
COMMAND: GET /session/555fcffa8aa83dd925f7bd1343d4074b/screenshot - {}
RESULT: {"script":"<script> [5351 bytes]","args":[{"element-6066-11e4-a52e-4f735466cecf":"f.9C1E946C17B1C55FC69CCE7EB9D2133F.d.7C5EC2D233E7F68102AE9C749FC30A99.e.2100","ELEMENT":"f.9C1E946C17B1C55FC69CCE7EB9D2133F.d.7C5EC2D233E7F68102AE9C749FC30A99.e.2100"}]}
COMMAND: POST /session/555fcffa8aa83dd925f7bd1343d4074b/element - {"using":"css selector","value":"#shell-header-logo"}
COMMAND: GET /session/555fcffa8aa83dd925f7bd1343d4074b/screenshot - {}
RESULT: {}
RESULT: {"using":"css selector","value":"#shell-header-logo"}
COMMAND: POST /session/555fcffa8aa83dd925f7bd1343d4074b/element/f.9C1E946C17B1C55FC69CCE7EB9D2133F.d.7C5EC2D233E7F68102AE9C749FC30A99.e.2100/click - {}
RESULT: {}
RESULT: {}
COMMAND: GET /session/555fcffa8aa83dd925f7bd1343d4074b/screenshot - {}
RESULT: {}
COMMAND: POST /session/555fcffa8aa83dd925f7bd1343d4074b/execute/async - {"script":"<script> [189 bytes]","args":[]}
RESULT: {"script":"<script> [189 bytes]","args":[]}
COMMAND: POST /session/555fcffa8aa83dd925f7bd1343d4074b/execute/async - {"script":"<script> [123 bytes]","args":[]}
RESULT: {"script":"<script> [123 bytes]","args":[]}
COMMAND: POST /session/555fcffa8aa83dd925f7bd1343d4074b/timeouts - {"script":"<number>"}
RESULT: {"script":"<number>"}
COMMAND: GET /session/555fcffa8aa83dd925f7bd1343d4074b/timeouts - {}
RESULT: {}
RESULT: undefined
COMMAND: POST /session/555fcffa8aa83dd925f7bd1343d4074b/execute/async - {"script":"<script> [2676 bytes]","args":[]}
RESULT: {"script":"<script> [2676 bytes]","args":[]}
COMMAND: POST /session/555fcffa8aa83dd925f7bd1343d4074b/execute/async - {"script":"<script> [2342 bytes]","args":[{"protocol":"http","hostname":"0.0.0.0","path":"/","capabilities":{"browserName":"chrome","goog:chromeOptions":{"binary":"C:\\Program Files\\Google\\Chrome\\Application\\chrome.exe","args":["--start-maximized"]}},"logLevel":"warn","connectionRetryTimeout":120000,"connectionRetryCount":3,"logLevels":{},"enableDirectConnect":true,"strictSSL":true,"_":"65 more keys: [\"cacheDir\",\"port\",\"requestedCapabilities\",\"automationProtocol\",\"baseUrl\",\"waitforInterval\",\"waitforTimeout\",\"onReload\",\"beforeCommand\",\"afterCommand\",\"rootDir\",\"specs\",\"suites\",\"exclude\",\"groupLogsByTestSpec\",\"excludeDriverLogs\",\"bail\",\"framework\",\"reporters\",\"services\",\"maxInstances\",\"maxInstancesPerCapability\",\"injectGlobals\",\"filesToWatch\",\"execArgv\",\"runnerEnv\",\"runner\",\"shard\",\"specFileRetries\",\"specFileRetriesDelay\",\"specFileRetriesDeferred\",\"reporterSyncInterval\",\"reporterSyncTimeout\",\"cucumberFeaturesWithLineNumbers\",\"autoCompileOpts\",\"mochaOpts\",\"jasmineOpts\",\"cucumberOpts\",\"onPrepare\",\"onWorkerStart\",\"onWorkerEnd\",\"before\",\"beforeSession\",\"beforeSuite\",\"beforeHook\",\"beforeTest\",\"afterTest\",\"afterHook\",\"afterSuite\",\"afterSession\",\"after\",\"onComplete\",\"beforeAssertion\",\"afterAssertion\",\"beforeFeature\",\"beforeScenario\",\"beforeStep\",\"afterStep\",\"afterScenario\",\"afterFeature\",\"_\",\"suite\",\"$0\",\"ignoredWorkerServices\",\"wdi5\"]"}]}
RESULT: {"script":"<script> [2342 bytes]","args":[{"protocol":"http","hostname":"0.0.0.0","path":"/","capabilities":{"browserName":"chrome","goog:chromeOptions":{"binary":"C:\\Program Files\\Google\\Chrome\\Application\\chrome.exe","args":["--start-maximized"]}},"logLevel":"warn","connectionRetryTimeout":120000,"connectionRetryCount":3,"logLevels":{},"enableDirectConnect":true,"strictSSL":true,"_":"65 more keys: [\"cacheDir\",\"port\",\"requestedCapabilities\",\"automationProtocol\",\"baseUrl\",\"waitforInterval\",\"waitforTimeout\",\"onReload\",\"beforeCommand\",\"afterCommand\",\"rootDir\",\"specs\",\"suites\",\"exclude\",\"groupLogsByTestSpec\",\"excludeDriverLogs\",\"bail\",\"framework\",\"reporters\",\"services\",\"maxInstances\",\"maxInstancesPerCapability\",\"injectGlobals\",\"filesToWatch\",\"execArgv\",\"runnerEnv\",\"runner\",\"shard\",\"specFileRetries\",\"specFileRetriesDelay\",\"specFileRetriesDeferred\",\"reporterSyncInterval\",\"reporterSyncTimeout\",\"cucumberFeaturesWithLineNumbers\",\"autoCompileOpts\",\"mochaOpts\",\"jasmineOpts\",\"cucumberOpts\",\"onPrepare\",\"onWorkerStart\",\"onWorkerEnd\",\"before\",\"beforeSession\",\"beforeSuite\",\"beforeHook\",\"beforeTest\",\"afterTest\",\"afterHook\",\"afterSuite\",\"afterSession\",\"after\",\"onComplete\",\"beforeAssertion\",\"afterAssertion\",\"beforeFeature\",\"beforeScenario\",\"beforeStep\",\"afterStep\",\"afterScenario\",\"afterFeature\",\"_\",\"suite\",\"$0\",\"ignoredWorkerServices\",\"wdi5\"]"}]}
COMMAND: POST /session/555fcffa8aa83dd925f7bd1343d4074b/execute/async - {"script":"<script> [21126 bytes]","args":[35000]}
RESULT: {"script":"<script> [21126 bytes]","args":[35000]}
COMMAND: POST /session/555fcffa8aa83dd925f7bd1343d4074b/window/maximize - {}
RESULT: {}
COMMAND: POST /session/555fcffa8aa83dd925f7bd1343d4074b/execute/async - {"script":"<script> [1562 bytes]","args":[{"selector":{"id":"shell-header","interaction":{"idSuffix":"icon"}},"wdio_ui5_key":"shellheader"}]}
COMMAND: GET /session/555fcffa8aa83dd925f7bd1343d4074b/screenshot - {}
RESULT: {"script":"<script> [1562 bytes]","args":[{"selector":{"id":"shell-header","interaction":{"idSuffix":"icon"}},"wdio_ui5_key":"shellheader"}]}
RESULT: undefined
COMMAND: POST /session/555fcffa8aa83dd925f7bd1343d4074b/refresh - {}
RESULT: {}
RESULT: {}
COMMAND: GET /session/555fcffa8aa83dd925f7bd1343d4074b/screenshot - {}
RESULT: {}
COMMAND: POST /session/555fcffa8aa83dd925f7bd1343d4074b/refresh - {}
RESULT: {}
COMMAND: GET /session/555fcffa8aa83dd925f7bd1343d4074b/screenshot - {}
RESULT: {}
COMMAND: POST /session/555fcffa8aa83dd925f7bd1343d4074b/window/fullscreen - {}
RESULT: {}
COMMAND: POST /session/555fcffa8aa83dd925f7bd1343d4074b/execute/async - {"script":"<script> [189 bytes]","args":[]}
RESULT: {"script":"<script> [189 bytes]","args":[]}
COMMAND: POST /session/555fcffa8aa83dd925f7bd1343d4074b/execute/async - {"script":"<script> [123 bytes]","args":[]}
RESULT: {"script":"<script> [123 bytes]","args":[]}
COMMAND: POST /session/555fcffa8aa83dd925f7bd1343d4074b/timeouts - {"script":"<number>"}
RESULT: {"script":"<number>"}
COMMAND: GET /session/555fcffa8aa83dd925f7bd1343d4074b/timeouts - {}
RESULT: {}
RESULT: undefined
COMMAND: POST /session/555fcffa8aa83dd925f7bd1343d4074b/execute/async - {"script":"<script> [2676 bytes]","args":[]}
RESULT: {"script":"<script> [2676 bytes]","args":[]}
COMMAND: POST /session/555fcffa8aa83dd925f7bd1343d4074b/execute/async - {"script":"<script> [2342 bytes]","args":[{"protocol":"http","hostname":"0.0.0.0","path":"/","capabilities":{"browserName":"chrome","goog:chromeOptions":{"binary":"C:\\Program Files\\Google\\Chrome\\Application\\chrome.exe","args":["--start-maximized"]}},"logLevel":"warn","connectionRetryTimeout":120000,"connectionRetryCount":3,"logLevels":{},"enableDirectConnect":true,"strictSSL":true,"_":"65 more keys: [\"cacheDir\",\"port\",\"requestedCapabilities\",\"automationProtocol\",\"baseUrl\",\"waitforInterval\",\"waitforTimeout\",\"onReload\",\"beforeCommand\",\"afterCommand\",\"rootDir\",\"specs\",\"suites\",\"exclude\",\"groupLogsByTestSpec\",\"excludeDriverLogs\",\"bail\",\"framework\",\"reporters\",\"services\",\"maxInstances\",\"maxInstancesPerCapability\",\"injectGlobals\",\"filesToWatch\",\"execArgv\",\"runnerEnv\",\"runner\",\"shard\",\"specFileRetries\",\"specFileRetriesDelay\",\"specFileRetriesDeferred\",\"reporterSyncInterval\",\"reporterSyncTimeout\",\"cucumberFeaturesWithLineNumbers\",\"autoCompileOpts\",\"mochaOpts\",\"jasmineOpts\",\"cucumberOpts\",\"onPrepare\",\"onWorkerStart\",\"onWorkerEnd\",\"before\",\"beforeSession\",\"beforeSuite\",\"beforeHook\",\"beforeTest\",\"afterTest\",\"afterHook\",\"afterSuite\",\"afterSession\",\"after\",\"onComplete\",\"beforeAssertion\",\"afterAssertion\",\"beforeFeature\",\"beforeScenario\",\"beforeStep\",\"afterStep\",\"afterScenario\",\"afterFeature\",\"_\",\"suite\",\"$0\",\"ignoredWorkerServices\",\"wdi5\"]"}]}
RESULT: {"script":"<script> [2342 bytes]","args":[{"protocol":"http","hostname":"0.0.0.0","path":"/","capabilities":{"browserName":"chrome","goog:chromeOptions":{"binary":"C:\\Program Files\\Google\\Chrome\\Application\\chrome.exe","args":["--start-maximized"]}},"logLevel":"warn","connectionRetryTimeout":120000,"connectionRetryCount":3,"logLevels":{},"enableDirectConnect":true,"strictSSL":true,"_":"65 more keys: [\"cacheDir\",\"port\",\"requestedCapabilities\",\"automationProtocol\",\"baseUrl\",\"waitforInterval\",\"waitforTimeout\",\"onReload\",\"beforeCommand\",\"afterCommand\",\"rootDir\",\"specs\",\"suites\",\"exclude\",\"groupLogsByTestSpec\",\"excludeDriverLogs\",\"bail\",\"framework\",\"reporters\",\"services\",\"maxInstances\",\"maxInstancesPerCapability\",\"injectGlobals\",\"filesToWatch\",\"execArgv\",\"runnerEnv\",\"runner\",\"shard\",\"specFileRetries\",\"specFileRetriesDelay\",\"specFileRetriesDeferred\",\"reporterSyncInterval\",\"reporterSyncTimeout\",\"cucumberFeaturesWithLineNumbers\",\"autoCompileOpts\",\"mochaOpts\",\"jasmineOpts\",\"cucumberOpts\",\"onPrepare\",\"onWorkerStart\",\"onWorkerEnd\",\"before\",\"beforeSession\",\"beforeSuite\",\"beforeHook\",\"beforeTest\",\"afterTest\",\"afterHook\",\"afterSuite\",\"afterSession\",\"after\",\"onComplete\",\"beforeAssertion\",\"afterAssertion\",\"beforeFeature\",\"beforeScenario\",\"beforeStep\",\"afterStep\",\"afterScenario\",\"afterFeature\",\"_\",\"suite\",\"$0\",\"ignoredWorkerServices\",\"wdi5\"]"}]}
COMMAND: POST /session/555fcffa8aa83dd925f7bd1343d4074b/execute/async - {"script":"<script> [21126 bytes]","args":[35000]}
RESULT: {"script":"<script> [21126 bytes]","args":[35000]}
]]></system-out>
    </testcase>
  </testsuite>
  <testsuite timestamp="2025-05-07T17:10:07" time="132.074" tests="3" failures="0" errors="0" skipped="0">
    <properties>
      <property name="specId" value="0" />
      <property name="suiteName" value="Set up pricing rule(OT) 104624" />
      <property name="capabilities" value="chrome.135_0_7049_115.windows" />
      <property name="file" value="file:///D:/a/1/s/test/specs/BTS/create-pricing-rule.spec.js" />
    </properties>
    <testcase classname="chrome.135_0_7049_115.windows.Set_up_pricing_rule(OT)_104624" name="Should create a new yard used for all following tests" time="0.019">
      <system-out><![CDATA[
COMMAND: POST /session/555fcffa8aa83dd925f7bd1343d4074b/window/fullscreen - {}
RESULT: {}
]]></system-out>
    </testcase>
    <testcase classname="chrome.135_0_7049_115.windows.Set_up_pricing_rule(OT)_104624" name="Should create a new equipment used for all following tests" time="0.006" />
    <testcase classname="chrome.135_0_7049_115.windows.Set_up_pricing_rule(OT)_104624" name="Should create new pricing rule on the created resource from earlier module or above" time="79.276">
      <system-out><![CDATA[
COMMAND: POST /session/555fcffa8aa83dd925f7bd1343d4074b/execute/async - {"script":"<script> [1562 bytes]","args":[{"selector":{"controlType":"sap.m.Text","properties":{"text":"Manage Pricing Rules"},"interaction":{"idSuffix":"inner"}},"wdio_ui5_key":"sapm.Text{\"text\":\"Manage Pricing Rules\"}"}]}
RESULT: {"script":"<script> [1562 bytes]","args":[{"selector":{"controlType":"sap.m.Text","properties":{"text":"Manage Pricing Rules"},"interaction":{"idSuffix":"inner"}},"wdio_ui5_key":"sapm.Text{\"text\":\"Manage Pricing Rules\"}"}]}
RESULT: undefined
COMMAND: POST /session/555fcffa8aa83dd925f7bd1343d4074b/element - {"using":"xpath","value":"//*[@id=\"__tile55-title\"]"}
RESULT: {"using":"xpath","value":"//*[@id=\"__tile55-title\"]"}
COMMAND: POST /session/555fcffa8aa83dd925f7bd1343d4074b/element/f.9C1E946C17B1C55FC69CCE7EB9D2133F.d.4F86E94DEB530D6D127EB37445AA7996.e.2367/click - {}
RESULT: {}
COMMAND: POST /session/555fcffa8aa83dd925f7bd1343d4074b/execute/async - {"script":"<script> [1562 bytes]","args":[{"selector":{"controlType":"sap.ui.core.Icon","viewName":"etm.portal.ui.managepricingrules.view.MasterHeader","viewId":"application-managepricingrules-display-component---priceInfoHeader","properties":{"src":{"regex":{"source":"activity\\-items"}}}},"wdio_ui5_key":"etmportal.ui.managepricingrules.view.MasterHeadersap.ui.core.Icon{\"src\":{\"regex\":{\"source\":\"activity\\\\-items\"}}}"}]}
COMMAND: GET /session/555fcffa8aa83dd925f7bd1343d4074b/screenshot - {}
RESULT: {"script":"<script> [1562 bytes]","args":[{"selector":{"controlType":"sap.ui.core.Icon","viewName":"etm.portal.ui.managepricingrules.view.MasterHeader","viewId":"application-managepricingrules-display-component---priceInfoHeader","properties":{"src":{"regex":{"source":"activity\\-items"}}}},"wdio_ui5_key":"etmportal.ui.managepricingrules.view.MasterHeadersap.ui.core.Icon{\"src\":{\"regex\":{\"source\":\"activity\\\\-items\"}}}"}]}
RESULT: undefined
COMMAND: POST /session/555fcffa8aa83dd925f7bd1343d4074b/element - {"using":"xpath","value":"//*[@id=\"__filter1-icon\"]"}
RESULT: {}
RESULT: {"using":"xpath","value":"//*[@id=\"__filter1-icon\"]"}
COMMAND: POST /session/555fcffa8aa83dd925f7bd1343d4074b/element/f.9C1E946C17B1C55FC69CCE7EB9D2133F.d.4F86E94DEB530D6D127EB37445AA7996.e.2416/click - {}
RESULT: {}
COMMAND: GET /session/555fcffa8aa83dd925f7bd1343d4074b/screenshot - {}
RESULT: {}
COMMAND: POST /session/555fcffa8aa83dd925f7bd1343d4074b/element - {"using":"xpath","value":"//button[@data-kt=\"addButton\"]"}
RESULT: {"using":"xpath","value":"//button[@data-kt=\"addButton\"]"}
COMMAND: POST /session/555fcffa8aa83dd925f7bd1343d4074b/elements - {"using":"xpath","value":"//button[@data-kt=\"addButton\"]"}
RESULT: {"using":"xpath","value":"//button[@data-kt=\"addButton\"]"}
COMMAND: POST /session/555fcffa8aa83dd925f7bd1343d4074b/execute/sync - {"script":"<script> [8489 bytes]","args":[{"element-6066-11e4-a52e-4f735466cecf":"f.9C1E946C17B1C55FC69CCE7EB9D2133F.d.4F86E94DEB530D6D127EB37445AA7996.e.2466","ELEMENT":"f.9C1E946C17B1C55FC69CCE7EB9D2133F.d.4F86E94DEB530D6D127EB37445AA7996.e.2466"}]}
RESULT: {"script":"<script> [8489 bytes]","args":[{"element-6066-11e4-a52e-4f735466cecf":"f.9C1E946C17B1C55FC69CCE7EB9D2133F.d.4F86E94DEB530D6D127EB37445AA7996.e.2466","ELEMENT":"f.9C1E946C17B1C55FC69CCE7EB9D2133F.d.4F86E94DEB530D6D127EB37445AA7996.e.2466"}]}
COMMAND: GET /session/555fcffa8aa83dd925f7bd1343d4074b/element/f.9C1E946C17B1C55FC69CCE7EB9D2133F.d.4F86E94DEB530D6D127EB37445AA7996.e.2466/enabled - {}
COMMAND: GET /session/555fcffa8aa83dd925f7bd1343d4074b/screenshot - {}
RESULT: {}
COMMAND: POST /session/555fcffa8aa83dd925f7bd1343d4074b/execute/sync - {"script":"<script> [8489 bytes]","args":[{"element-6066-11e4-a52e-4f735466cecf":"f.9C1E946C17B1C55FC69CCE7EB9D2133F.d.4F86E94DEB530D6D127EB37445AA7996.e.2466","ELEMENT":"f.9C1E946C17B1C55FC69CCE7EB9D2133F.d.4F86E94DEB530D6D127EB37445AA7996.e.2466"}]}
COMMAND: GET /session/555fcffa8aa83dd925f7bd1343d4074b/screenshot - {}
RESULT: {}
RESULT: {"script":"<script> [8489 bytes]","args":[{"element-6066-11e4-a52e-4f735466cecf":"f.9C1E946C17B1C55FC69CCE7EB9D2133F.d.4F86E94DEB530D6D127EB37445AA7996.e.2466","ELEMENT":"f.9C1E946C17B1C55FC69CCE7EB9D2133F.d.4F86E94DEB530D6D127EB37445AA7996.e.2466"}]}
COMMAND: POST /session/555fcffa8aa83dd925f7bd1343d4074b/execute/sync - {"script":"<script> [5351 bytes]","args":[{"element-6066-11e4-a52e-4f735466cecf":"f.9C1E946C17B1C55FC69CCE7EB9D2133F.d.4F86E94DEB530D6D127EB37445AA7996.e.2466","ELEMENT":"f.9C1E946C17B1C55FC69CCE7EB9D2133F.d.4F86E94DEB530D6D127EB37445AA7996.e.2466"}]}
COMMAND: GET /session/555fcffa8aa83dd925f7bd1343d4074b/screenshot - {}
RESULT: {}
RESULT: {"script":"<script> [5351 bytes]","args":[{"element-6066-11e4-a52e-4f735466cecf":"f.9C1E946C17B1C55FC69CCE7EB9D2133F.d.4F86E94DEB530D6D127EB37445AA7996.e.2466","ELEMENT":"f.9C1E946C17B1C55FC69CCE7EB9D2133F.d.4F86E94DEB530D6D127EB37445AA7996.e.2466"}]}
COMMAND: POST /session/555fcffa8aa83dd925f7bd1343d4074b/element/f.9C1E946C17B1C55FC69CCE7EB9D2133F.d.4F86E94DEB530D6D127EB37445AA7996.e.2466/click - {}
COMMAND: GET /session/555fcffa8aa83dd925f7bd1343d4074b/screenshot - {}
RESULT: {}
RESULT: {}
COMMAND: GET /session/555fcffa8aa83dd925f7bd1343d4074b/screenshot - {}
RESULT: {}
RESULT: {}
COMMAND: POST /session/555fcffa8aa83dd925f7bd1343d4074b/execute/async - {"script":"<script> [1562 bytes]","args":[{"selector":{"controlType":"sap.m.Title","viewName":"etm.portal.ui.managepricingrules.view.NewItem","viewId":"application-managepricingrules-display-component---newInfoPriceItem","properties":{"text":"New Pricing Rules - Item Level"}},"wdio_ui5_key":"etmportal.ui.managepricingrules.view.NewItemsap.m.Title{\"text\":\"New Pricing Rules - Item Level\"}"}]}
RESULT: {"script":"<script> [1562 bytes]","args":[{"selector":{"controlType":"sap.m.Title","viewName":"etm.portal.ui.managepricingrules.view.NewItem","viewId":"application-managepricingrules-display-component---newInfoPriceItem","properties":{"text":"New Pricing Rules - Item Level"}},"wdio_ui5_key":"etmportal.ui.managepricingrules.view.NewItemsap.m.Title{\"text\":\"New Pricing Rules - Item Level\"}"}]}
RESULT: undefined
COMMAND: POST /session/555fcffa8aa83dd925f7bd1343d4074b/execute/async - {"script":"<script> [6424 bytes]","args":[{"element-6066-11e4-a52e-4f735466cecf":"f.9C1E946C17B1C55FC69CCE7EB9D2133F.d.4F86E94DEB530D6D127EB37445AA7996.e.2748"},"getText",[]]}
RESULT: {"script":"<script> [6424 bytes]","args":[{"element-6066-11e4-a52e-4f735466cecf":"f.9C1E946C17B1C55FC69CCE7EB9D2133F.d.4F86E94DEB530D6D127EB37445AA7996.e.2748"},"getText",[]]}
COMMAND: POST /session/555fcffa8aa83dd925f7bd1343d4074b/execute/async - {"script":"<script> [1562 bytes]","args":[{"selector":{"id":"application-managepricingrules-display-component---newInfoPriceItem--condValidTo","interaction":{"idSuffix":"inner"}},"wdio_ui5_key":"applicationmanagepricingrules-display-component---newInfoPriceItem--condValidTo"}]}
RESULT: {"script":"<script> [1562 bytes]","args":[{"selector":{"id":"application-managepricingrules-display-component---newInfoPriceItem--condValidTo","interaction":{"idSuffix":"inner"}},"wdio_ui5_key":"applicationmanagepricingrules-display-component---newInfoPriceItem--condValidTo"}]}
RESULT: undefined
COMMAND: POST /session/555fcffa8aa83dd925f7bd1343d4074b/execute/async - {"script":"<script> [776 bytes]","args":[{"enterText":"01/07/26","selector":{"id":"application-managepricingrules-display-component---newInfoPriceItem--condValidTo","interaction":{"idSuffix":"inner"}},"clearTextFirst":true,"interactionType":"ENTER_TEXT"}]}
RESULT: {"script":"<script> [776 bytes]","args":[{"enterText":"01/07/26","selector":{"id":"application-managepricingrules-display-component---newInfoPriceItem--condValidTo","interaction":{"idSuffix":"inner"}},"clearTextFirst":true,"interactionType":"ENTER_TEXT"}]}
COMMAND: POST /session/555fcffa8aa83dd925f7bd1343d4074b/element - {"using":"xpath","value":"//input[@id=\"application-managepricingrules-display-component---newInfoPriceItem--condRU-inner\"]"}
RESULT: {"using":"xpath","value":"//input[@id=\"application-managepricingrules-display-component---newInfoPriceItem--condRU-inner\"]"}
COMMAND: POST /session/555fcffa8aa83dd925f7bd1343d4074b/element/f.9C1E946C17B1C55FC69CCE7EB9D2133F.d.4F86E94DEB530D6D127EB37445AA7996.e.2717/clear - {}
RESULT: {}
COMMAND: POST /session/555fcffa8aa83dd925f7bd1343d4074b/element/f.9C1E946C17B1C55FC69CCE7EB9D2133F.d.4F86E94DEB530D6D127EB37445AA7996.e.2717/value - {"text":"MPKQHDuE5a"}
COMMAND: GET /session/555fcffa8aa83dd925f7bd1343d4074b/screenshot - {}
RESULT: {"text":"MPKQHDuE5a"}
COMMAND: GET /session/555fcffa8aa83dd925f7bd1343d4074b/screenshot - {}
RESULT: {}
RESULT: {}
COMMAND: POST /session/555fcffa8aa83dd925f7bd1343d4074b/execute/async - {"script":"<script> [1562 bytes]","args":[{"selector":{"id":"application-managepricingrules-display-component---newInfoPriceItem--billType-arrow"},"wdio_ui5_key":"applicationmanagepricingrules-display-component---newInfoPriceItem--billType-arrow"}]}
RESULT: {"script":"<script> [1562 bytes]","args":[{"selector":{"id":"application-managepricingrules-display-component---newInfoPriceItem--billType-arrow"},"wdio_ui5_key":"applicationmanagepricingrules-display-component---newInfoPriceItem--billType-arrow"}]}
RESULT: undefined
COMMAND: POST /session/555fcffa8aa83dd925f7bd1343d4074b/element - {"using":"xpath","value":"//*[@id=\"application-managepricingrules-display-component---newInfoPriceItem--billType-arrow\"]"}
RESULT: {"using":"xpath","value":"//*[@id=\"application-managepricingrules-display-component---newInfoPriceItem--billType-arrow\"]"}
COMMAND: POST /session/555fcffa8aa83dd925f7bd1343d4074b/element/f.9C1E946C17B1C55FC69CCE7EB9D2133F.d.4F86E94DEB530D6D127EB37445AA7996.e.2809/click - {}
RESULT: {}
COMMAND: POST /session/555fcffa8aa83dd925f7bd1343d4074b/element - {"using":"xpath","value":"//span[contains(text(), \"OT - Sales (one-time)\")]"}
COMMAND: GET /session/555fcffa8aa83dd925f7bd1343d4074b/screenshot - {}
RESULT: {"using":"xpath","value":"//span[contains(text(), \"OT - Sales (one-time)\")]"}
COMMAND: POST /session/555fcffa8aa83dd925f7bd1343d4074b/element/f.9C1E946C17B1C55FC69CCE7EB9D2133F.d.4F86E94DEB530D6D127EB37445AA7996.e.2850/click - {}
RESULT: {}
RESULT: {}
COMMAND: POST /session/555fcffa8aa83dd925f7bd1343d4074b/execute/async - {"script":"<script> [1562 bytes]","args":[{"selector":{"id":"application-managepricingrules-display-component---newInfoPriceItem--priceProc-arrow"},"wdio_ui5_key":"applicationmanagepricingrules-display-component---newInfoPriceItem--priceProc-arrow"}]}
COMMAND: GET /session/555fcffa8aa83dd925f7bd1343d4074b/screenshot - {}
RESULT: {"script":"<script> [1562 bytes]","args":[{"selector":{"id":"application-managepricingrules-display-component---newInfoPriceItem--priceProc-arrow"},"wdio_ui5_key":"applicationmanagepricingrules-display-component---newInfoPriceItem--priceProc-arrow"}]}
RESULT: undefined
COMMAND: POST /session/555fcffa8aa83dd925f7bd1343d4074b/element - {"using":"xpath","value":"//*[@id=\"application-managepricingrules-display-component---newInfoPriceItem--priceProc-arrow\"]"}
RESULT: {}
RESULT: {"using":"xpath","value":"//*[@id=\"application-managepricingrules-display-component---newInfoPriceItem--priceProc-arrow\"]"}
COMMAND: POST /session/555fcffa8aa83dd925f7bd1343d4074b/element/f.9C1E946C17B1C55FC69CCE7EB9D2133F.d.4F86E94DEB530D6D127EB37445AA7996.e.2816/click - {}
RESULT: {}
COMMAND: POST /session/555fcffa8aa83dd925f7bd1343d4074b/element - {"using":"xpath","value":"//span[contains(text(), \"MAT - Material\")]"}
COMMAND: GET /session/555fcffa8aa83dd925f7bd1343d4074b/screenshot - {}
RESULT: {"using":"xpath","value":"//span[contains(text(), \"MAT - Material\")]"}
COMMAND: POST /session/555fcffa8aa83dd925f7bd1343d4074b/element/f.9C1E946C17B1C55FC69CCE7EB9D2133F.d.4F86E94DEB530D6D127EB37445AA7996.e.2851/click - {}
RESULT: {}
RESULT: {}
COMMAND: POST /session/555fcffa8aa83dd925f7bd1343d4074b/execute/async - {"script":"<script> [1562 bytes]","args":[{"selector":{"id":"application-managepricingrules-display-component---newInfoPriceItem--calcBase-arrow"},"wdio_ui5_key":"applicationmanagepricingrules-display-component---newInfoPriceItem--calcBase-arrow"}]}
COMMAND: GET /session/555fcffa8aa83dd925f7bd1343d4074b/screenshot - {}
RESULT: {"script":"<script> [1562 bytes]","args":[{"selector":{"id":"application-managepricingrules-display-component---newInfoPriceItem--calcBase-arrow"},"wdio_ui5_key":"applicationmanagepricingrules-display-component---newInfoPriceItem--calcBase-arrow"}]}
RESULT: undefined
COMMAND: POST /session/555fcffa8aa83dd925f7bd1343d4074b/element - {"using":"xpath","value":"//*[@id=\"application-managepricingrules-display-component---newInfoPriceItem--calcBase-arrow\"]"}
RESULT: {}
RESULT: {"using":"xpath","value":"//*[@id=\"application-managepricingrules-display-component---newInfoPriceItem--calcBase-arrow\"]"}
COMMAND: POST /session/555fcffa8aa83dd925f7bd1343d4074b/element/f.9C1E946C17B1C55FC69CCE7EB9D2133F.d.4F86E94DEB530D6D127EB37445AA7996.e.2823/click - {}
RESULT: {}
COMMAND: GET /session/555fcffa8aa83dd925f7bd1343d4074b/screenshot - {}
RESULT: {}
COMMAND: POST /session/555fcffa8aa83dd925f7bd1343d4074b/element - {"using":"xpath","value":"//span[contains(text(), \"0001 - TB(exact month + cal_days)\")]"}
RESULT: {"using":"xpath","value":"//span[contains(text(), \"0001 - TB(exact month + cal_days)\")]"}
COMMAND: POST /session/555fcffa8aa83dd925f7bd1343d4074b/element/f.9C1E946C17B1C55FC69CCE7EB9D2133F.d.4F86E94DEB530D6D127EB37445AA7996.e.2852/click - {}
RESULT: {}
COMMAND: GET /session/555fcffa8aa83dd925f7bd1343d4074b/screenshot - {}
RESULT: {}
COMMAND: POST /session/555fcffa8aa83dd925f7bd1343d4074b/element - {"using":"xpath","value":"//button[@data-kt=\"saveNewRuleButton\"]"}
RESULT: {"using":"xpath","value":"//button[@data-kt=\"saveNewRuleButton\"]"}
COMMAND: POST /session/555fcffa8aa83dd925f7bd1343d4074b/element/f.9C1E946C17B1C55FC69CCE7EB9D2133F.d.4F86E94DEB530D6D127EB37445AA7996.e.2843/click - {}
RESULT: {}
COMMAND: GET /session/555fcffa8aa83dd925f7bd1343d4074b/screenshot - {}
RESULT: {}
COMMAND: POST /session/555fcffa8aa83dd925f7bd1343d4074b/execute/async - {"script":"<script> [1562 bytes]","args":[{"selector":{"id":"application-managepricingrules-display-component---priceInfoItem--smartFilterBar-btnBasicSearch","interaction":{"idSuffix":"I"}},"wdio_ui5_key":"applicationmanagepricingrules-display-component---priceInfoItem--smartFilterBar-btnBasicSearch"}]}
RESULT: {"script":"<script> [1562 bytes]","args":[{"selector":{"id":"application-managepricingrules-display-component---priceInfoItem--smartFilterBar-btnBasicSearch","interaction":{"idSuffix":"I"}},"wdio_ui5_key":"applicationmanagepricingrules-display-component---priceInfoItem--smartFilterBar-btnBasicSearch"}]}
RESULT: undefined
COMMAND: POST /session/555fcffa8aa83dd925f7bd1343d4074b/execute/async - {"script":"<script> [776 bytes]","args":[{"enterText":"MPKQHDuE5a","selector":{"id":"application-managepricingrules-display-component---priceInfoItem--smartFilterBar-btnBasicSearch","interaction":{"idSuffix":"I"}},"clearTextFirst":true,"interactionType":"ENTER_TEXT"}]}
RESULT: {"script":"<script> [776 bytes]","args":[{"enterText":"MPKQHDuE5a","selector":{"id":"application-managepricingrules-display-component---priceInfoItem--smartFilterBar-btnBasicSearch","interaction":{"idSuffix":"I"}},"clearTextFirst":true,"interactionType":"ENTER_TEXT"}]}
COMMAND: POST /session/555fcffa8aa83dd925f7bd1343d4074b/actions - {"actions":[{"id":"action10","type":"key","parameters":{},"actions":[{"type":"keyDown","value":"î€‡"},{"type":"pause","duration":10},{"type":"keyUp","value":"î€‡"}]}]}
RESULT: {"actions":[{"id":"action10","type":"key","parameters":{},"actions":[{"type":"keyDown","value":"î€‡"},{"type":"pause","duration":10},{"type":"keyUp","value":"î€‡"}]}]}
COMMAND: GET /session/555fcffa8aa83dd925f7bd1343d4074b/screenshot - {}
RESULT: {}
COMMAND: POST /session/555fcffa8aa83dd925f7bd1343d4074b/element - {"using":"xpath","value":"//span[@id=\"application-managepricingrules-display-component---priceInfoItem--smartTable-header-inner\"]"}
RESULT: {"using":"xpath","value":"//span[@id=\"application-managepricingrules-display-component---priceInfoItem--smartTable-header-inner\"]"}
COMMAND: POST /session/555fcffa8aa83dd925f7bd1343d4074b/elements - {"using":"xpath","value":"//span[@id=\"application-managepricingrules-display-component---priceInfoItem--smartTable-header-inner\"]"}
RESULT: {"using":"xpath","value":"//span[@id=\"application-managepricingrules-display-component---priceInfoItem--smartTable-header-inner\"]"}
COMMAND: POST /session/555fcffa8aa83dd925f7bd1343d4074b/execute/sync - {"script":"<script> [56 bytes]","args":[{"element-6066-11e4-a52e-4f735466cecf":"f.9C1E946C17B1C55FC69CCE7EB9D2133F.d.4F86E94DEB530D6D127EB37445AA7996.e.2871","ELEMENT":"f.9C1E946C17B1C55FC69CCE7EB9D2133F.d.4F86E94DEB530D6D127EB37445AA7996.e.2871"}]}
RESULT: {"script":"<script> [56 bytes]","args":[{"element-6066-11e4-a52e-4f735466cecf":"f.9C1E946C17B1C55FC69CCE7EB9D2133F.d.4F86E94DEB530D6D127EB37445AA7996.e.2871","ELEMENT":"f.9C1E946C17B1C55FC69CCE7EB9D2133F.d.4F86E94DEB530D6D127EB37445AA7996.e.2871"}]}
COMMAND: POST /session/555fcffa8aa83dd925f7bd1343d4074b/element - {"using":"css selector","value":"#shell-header-logo"}
COMMAND: GET /session/555fcffa8aa83dd925f7bd1343d4074b/screenshot - {}
RESULT: {"using":"css selector","value":"#shell-header-logo"}
COMMAND: POST /session/555fcffa8aa83dd925f7bd1343d4074b/element/f.9C1E946C17B1C55FC69CCE7EB9D2133F.d.4F86E94DEB530D6D127EB37445AA7996.e.2368/click - {}
RESULT: {}
RESULT: {}
COMMAND: GET /session/555fcffa8aa83dd925f7bd1343d4074b/screenshot - {}
RESULT: {}
COMMAND: POST /session/555fcffa8aa83dd925f7bd1343d4074b/element - {"using":"css selector","value":"#j_username"}
COMMAND: POST /session/555fcffa8aa83dd925f7bd1343d4074b/url - {"url":"https://qa-testing-00-live-etm-ui.cfapps.eu10-004.hana.ondemand.com/"}
RESULT: {"using":"css selector","value":"#j_username"}
COMMAND: POST /session/555fcffa8aa83dd925f7bd1343d4074b/element - {"using":"css selector","value":"#j_username"}
RESULT: {"url":"https://qa-testing-00-live-etm-ui.cfapps.eu10-004.hana.ondemand.com/"}
RESULT: undefined
RESULT: {"using":"css selector","value":"#j_username"}
COMMAND: POST /session/555fcffa8aa83dd925f7bd1343d4074b/element - {"using":"css selector","value":"#shell-header-logo"}
RESULT: {"using":"css selector","value":"#shell-header-logo"}
COMMAND: POST /session/555fcffa8aa83dd925f7bd1343d4074b/execute/sync - {"script":"<script> [8489 bytes]","args":[{"element-6066-11e4-a52e-4f735466cecf":"f.9C1E946C17B1C55FC69CCE7EB9D2133F.d.C29FC33894783FC44A5A23F40169DD53.e.2888","ELEMENT":"f.9C1E946C17B1C55FC69CCE7EB9D2133F.d.C29FC33894783FC44A5A23F40169DD53.e.2888"}]}
RESULT: {"script":"<script> [8489 bytes]","args":[{"element-6066-11e4-a52e-4f735466cecf":"f.9C1E946C17B1C55FC69CCE7EB9D2133F.d.C29FC33894783FC44A5A23F40169DD53.e.2888","ELEMENT":"f.9C1E946C17B1C55FC69CCE7EB9D2133F.d.C29FC33894783FC44A5A23F40169DD53.e.2888"}]}
COMMAND: POST /session/555fcffa8aa83dd925f7bd1343d4074b/element - {"using":"css selector","value":"#shell-header-logo"}
RESULT: {"using":"css selector","value":"#shell-header-logo"}
COMMAND: POST /session/555fcffa8aa83dd925f7bd1343d4074b/execute/sync - {"script":"<script> [8489 bytes]","args":[{"element-6066-11e4-a52e-4f735466cecf":"f.9C1E946C17B1C55FC69CCE7EB9D2133F.d.C29FC33894783FC44A5A23F40169DD53.e.2888","ELEMENT":"f.9C1E946C17B1C55FC69CCE7EB9D2133F.d.C29FC33894783FC44A5A23F40169DD53.e.2888"}]}
RESULT: {"script":"<script> [8489 bytes]","args":[{"element-6066-11e4-a52e-4f735466cecf":"f.9C1E946C17B1C55FC69CCE7EB9D2133F.d.C29FC33894783FC44A5A23F40169DD53.e.2888","ELEMENT":"f.9C1E946C17B1C55FC69CCE7EB9D2133F.d.C29FC33894783FC44A5A23F40169DD53.e.2888"}]}
COMMAND: POST /session/555fcffa8aa83dd925f7bd1343d4074b/execute/sync - {"script":"<script> [5351 bytes]","args":[{"element-6066-11e4-a52e-4f735466cecf":"f.9C1E946C17B1C55FC69CCE7EB9D2133F.d.C29FC33894783FC44A5A23F40169DD53.e.2888","ELEMENT":"f.9C1E946C17B1C55FC69CCE7EB9D2133F.d.C29FC33894783FC44A5A23F40169DD53.e.2888"}]}
COMMAND: GET /session/555fcffa8aa83dd925f7bd1343d4074b/screenshot - {}
COMMAND: GET /session/555fcffa8aa83dd925f7bd1343d4074b/screenshot - {}
COMMAND: GET /session/555fcffa8aa83dd925f7bd1343d4074b/screenshot - {}
RESULT: {"script":"<script> [5351 bytes]","args":[{"element-6066-11e4-a52e-4f735466cecf":"f.9C1E946C17B1C55FC69CCE7EB9D2133F.d.C29FC33894783FC44A5A23F40169DD53.e.2888","ELEMENT":"f.9C1E946C17B1C55FC69CCE7EB9D2133F.d.C29FC33894783FC44A5A23F40169DD53.e.2888"}]}
COMMAND: POST /session/555fcffa8aa83dd925f7bd1343d4074b/element - {"using":"css selector","value":"#shell-header-logo"}
COMMAND: GET /session/555fcffa8aa83dd925f7bd1343d4074b/screenshot - {}
RESULT: {}
RESULT: {}
RESULT: {}
RESULT: {"using":"css selector","value":"#shell-header-logo"}
COMMAND: POST /session/555fcffa8aa83dd925f7bd1343d4074b/element/f.9C1E946C17B1C55FC69CCE7EB9D2133F.d.C29FC33894783FC44A5A23F40169DD53.e.2888/click - {}
RESULT: {}
RESULT: {}
COMMAND: GET /session/555fcffa8aa83dd925f7bd1343d4074b/screenshot - {}
RESULT: {}
COMMAND: POST /session/555fcffa8aa83dd925f7bd1343d4074b/execute/async - {"script":"<script> [189 bytes]","args":[]}
RESULT: {"script":"<script> [189 bytes]","args":[]}
COMMAND: POST /session/555fcffa8aa83dd925f7bd1343d4074b/execute/async - {"script":"<script> [123 bytes]","args":[]}
RESULT: {"script":"<script> [123 bytes]","args":[]}
COMMAND: POST /session/555fcffa8aa83dd925f7bd1343d4074b/timeouts - {"script":"<number>"}
RESULT: {"script":"<number>"}
COMMAND: GET /session/555fcffa8aa83dd925f7bd1343d4074b/timeouts - {}
RESULT: {}
RESULT: undefined
COMMAND: POST /session/555fcffa8aa83dd925f7bd1343d4074b/execute/async - {"script":"<script> [2676 bytes]","args":[]}
RESULT: {"script":"<script> [2676 bytes]","args":[]}
COMMAND: POST /session/555fcffa8aa83dd925f7bd1343d4074b/execute/async - {"script":"<script> [2342 bytes]","args":[{"protocol":"http","hostname":"0.0.0.0","path":"/","capabilities":{"browserName":"chrome","goog:chromeOptions":{"binary":"C:\\Program Files\\Google\\Chrome\\Application\\chrome.exe","args":["--start-maximized"]}},"logLevel":"warn","connectionRetryTimeout":120000,"connectionRetryCount":3,"logLevels":{},"enableDirectConnect":true,"strictSSL":true,"_":"65 more keys: [\"cacheDir\",\"port\",\"requestedCapabilities\",\"automationProtocol\",\"baseUrl\",\"waitforInterval\",\"waitforTimeout\",\"onReload\",\"beforeCommand\",\"afterCommand\",\"rootDir\",\"specs\",\"suites\",\"exclude\",\"groupLogsByTestSpec\",\"excludeDriverLogs\",\"bail\",\"framework\",\"reporters\",\"services\",\"maxInstances\",\"maxInstancesPerCapability\",\"injectGlobals\",\"filesToWatch\",\"execArgv\",\"runnerEnv\",\"runner\",\"shard\",\"specFileRetries\",\"specFileRetriesDelay\",\"specFileRetriesDeferred\",\"reporterSyncInterval\",\"reporterSyncTimeout\",\"cucumberFeaturesWithLineNumbers\",\"autoCompileOpts\",\"mochaOpts\",\"jasmineOpts\",\"cucumberOpts\",\"onPrepare\",\"onWorkerStart\",\"onWorkerEnd\",\"before\",\"beforeSession\",\"beforeSuite\",\"beforeHook\",\"beforeTest\",\"afterTest\",\"afterHook\",\"afterSuite\",\"afterSession\",\"after\",\"onComplete\",\"beforeAssertion\",\"afterAssertion\",\"beforeFeature\",\"beforeScenario\",\"beforeStep\",\"afterStep\",\"afterScenario\",\"afterFeature\",\"_\",\"suite\",\"$0\",\"ignoredWorkerServices\",\"wdi5\"]"}]}
RESULT: {"script":"<script> [2342 bytes]","args":[{"protocol":"http","hostname":"0.0.0.0","path":"/","capabilities":{"browserName":"chrome","goog:chromeOptions":{"binary":"C:\\Program Files\\Google\\Chrome\\Application\\chrome.exe","args":["--start-maximized"]}},"logLevel":"warn","connectionRetryTimeout":120000,"connectionRetryCount":3,"logLevels":{},"enableDirectConnect":true,"strictSSL":true,"_":"65 more keys: [\"cacheDir\",\"port\",\"requestedCapabilities\",\"automationProtocol\",\"baseUrl\",\"waitforInterval\",\"waitforTimeout\",\"onReload\",\"beforeCommand\",\"afterCommand\",\"rootDir\",\"specs\",\"suites\",\"exclude\",\"groupLogsByTestSpec\",\"excludeDriverLogs\",\"bail\",\"framework\",\"reporters\",\"services\",\"maxInstances\",\"maxInstancesPerCapability\",\"injectGlobals\",\"filesToWatch\",\"execArgv\",\"runnerEnv\",\"runner\",\"shard\",\"specFileRetries\",\"specFileRetriesDelay\",\"specFileRetriesDeferred\",\"reporterSyncInterval\",\"reporterSyncTimeout\",\"cucumberFeaturesWithLineNumbers\",\"autoCompileOpts\",\"mochaOpts\",\"jasmineOpts\",\"cucumberOpts\",\"onPrepare\",\"onWorkerStart\",\"onWorkerEnd\",\"before\",\"beforeSession\",\"beforeSuite\",\"beforeHook\",\"beforeTest\",\"afterTest\",\"afterHook\",\"afterSuite\",\"afterSession\",\"after\",\"onComplete\",\"beforeAssertion\",\"afterAssertion\",\"beforeFeature\",\"beforeScenario\",\"beforeStep\",\"afterStep\",\"afterScenario\",\"afterFeature\",\"_\",\"suite\",\"$0\",\"ignoredWorkerServices\",\"wdi5\"]"}]}
COMMAND: POST /session/555fcffa8aa83dd925f7bd1343d4074b/execute/async - {"script":"<script> [21126 bytes]","args":[35000]}
RESULT: {"script":"<script> [21126 bytes]","args":[35000]}
COMMAND: POST /session/555fcffa8aa83dd925f7bd1343d4074b/window/maximize - {}
RESULT: {}
COMMAND: POST /session/555fcffa8aa83dd925f7bd1343d4074b/execute/async - {"script":"<script> [1562 bytes]","args":[{"selector":{"id":"shell-header","interaction":{"idSuffix":"icon"}},"wdio_ui5_key":"shellheader"}]}
COMMAND: GET /session/555fcffa8aa83dd925f7bd1343d4074b/screenshot - {}
RESULT: {"script":"<script> [1562 bytes]","args":[{"selector":{"id":"shell-header","interaction":{"idSuffix":"icon"}},"wdio_ui5_key":"shellheader"}]}
RESULT: undefined
COMMAND: POST /session/555fcffa8aa83dd925f7bd1343d4074b/refresh - {}
RESULT: {}
RESULT: {}
COMMAND: GET /session/555fcffa8aa83dd925f7bd1343d4074b/screenshot - {}
RESULT: {}
COMMAND: POST /session/555fcffa8aa83dd925f7bd1343d4074b/refresh - {}
RESULT: {}
COMMAND: GET /session/555fcffa8aa83dd925f7bd1343d4074b/screenshot - {}
RESULT: {}
COMMAND: POST /session/555fcffa8aa83dd925f7bd1343d4074b/window/fullscreen - {}
RESULT: {}
COMMAND: POST /session/555fcffa8aa83dd925f7bd1343d4074b/execute/async - {"script":"<script> [189 bytes]","args":[]}
RESULT: {"script":"<script> [189 bytes]","args":[]}
COMMAND: POST /session/555fcffa8aa83dd925f7bd1343d4074b/execute/async - {"script":"<script> [123 bytes]","args":[]}
RESULT: {"script":"<script> [123 bytes]","args":[]}
COMMAND: POST /session/555fcffa8aa83dd925f7bd1343d4074b/timeouts - {"script":"<number>"}
RESULT: {"script":"<number>"}
COMMAND: GET /session/555fcffa8aa83dd925f7bd1343d4074b/timeouts - {}
RESULT: {}
RESULT: undefined
COMMAND: POST /session/555fcffa8aa83dd925f7bd1343d4074b/execute/async - {"script":"<script> [2676 bytes]","args":[]}
RESULT: {"script":"<script> [2676 bytes]","args":[]}
COMMAND: POST /session/555fcffa8aa83dd925f7bd1343d4074b/execute/async - {"script":"<script> [2342 bytes]","args":[{"protocol":"http","hostname":"0.0.0.0","path":"/","capabilities":{"browserName":"chrome","goog:chromeOptions":{"binary":"C:\\Program Files\\Google\\Chrome\\Application\\chrome.exe","args":["--start-maximized"]}},"logLevel":"warn","connectionRetryTimeout":120000,"connectionRetryCount":3,"logLevels":{},"enableDirectConnect":true,"strictSSL":true,"_":"65 more keys: [\"cacheDir\",\"port\",\"requestedCapabilities\",\"automationProtocol\",\"baseUrl\",\"waitforInterval\",\"waitforTimeout\",\"onReload\",\"beforeCommand\",\"afterCommand\",\"rootDir\",\"specs\",\"suites\",\"exclude\",\"groupLogsByTestSpec\",\"excludeDriverLogs\",\"bail\",\"framework\",\"reporters\",\"services\",\"maxInstances\",\"maxInstancesPerCapability\",\"injectGlobals\",\"filesToWatch\",\"execArgv\",\"runnerEnv\",\"runner\",\"shard\",\"specFileRetries\",\"specFileRetriesDelay\",\"specFileRetriesDeferred\",\"reporterSyncInterval\",\"reporterSyncTimeout\",\"cucumberFeaturesWithLineNumbers\",\"autoCompileOpts\",\"mochaOpts\",\"jasmineOpts\",\"cucumberOpts\",\"onPrepare\",\"onWorkerStart\",\"onWorkerEnd\",\"before\",\"beforeSession\",\"beforeSuite\",\"beforeHook\",\"beforeTest\",\"afterTest\",\"afterHook\",\"afterSuite\",\"afterSession\",\"after\",\"onComplete\",\"beforeAssertion\",\"afterAssertion\",\"beforeFeature\",\"beforeScenario\",\"beforeStep\",\"afterStep\",\"afterScenario\",\"afterFeature\",\"_\",\"suite\",\"$0\",\"ignoredWorkerServices\",\"wdi5\"]"}]}
RESULT: {"script":"<script> [2342 bytes]","args":[{"protocol":"http","hostname":"0.0.0.0","path":"/","capabilities":{"browserName":"chrome","goog:chromeOptions":{"binary":"C:\\Program Files\\Google\\Chrome\\Application\\chrome.exe","args":["--start-maximized"]}},"logLevel":"warn","connectionRetryTimeout":120000,"connectionRetryCount":3,"logLevels":{},"enableDirectConnect":true,"strictSSL":true,"_":"65 more keys: [\"cacheDir\",\"port\",\"requestedCapabilities\",\"automationProtocol\",\"baseUrl\",\"waitforInterval\",\"waitforTimeout\",\"onReload\",\"beforeCommand\",\"afterCommand\",\"rootDir\",\"specs\",\"suites\",\"exclude\",\"groupLogsByTestSpec\",\"excludeDriverLogs\",\"bail\",\"framework\",\"reporters\",\"services\",\"maxInstances\",\"maxInstancesPerCapability\",\"injectGlobals\",\"filesToWatch\",\"execArgv\",\"runnerEnv\",\"runner\",\"shard\",\"specFileRetries\",\"specFileRetriesDelay\",\"specFileRetriesDeferred\",\"reporterSyncInterval\",\"reporterSyncTimeout\",\"cucumberFeaturesWithLineNumbers\",\"autoCompileOpts\",\"mochaOpts\",\"jasmineOpts\",\"cucumberOpts\",\"onPrepare\",\"onWorkerStart\",\"onWorkerEnd\",\"before\",\"beforeSession\",\"beforeSuite\",\"beforeHook\",\"beforeTest\",\"afterTest\",\"afterHook\",\"afterSuite\",\"afterSession\",\"after\",\"onComplete\",\"beforeAssertion\",\"afterAssertion\",\"beforeFeature\",\"beforeScenario\",\"beforeStep\",\"afterStep\",\"afterScenario\",\"afterFeature\",\"_\",\"suite\",\"$0\",\"ignoredWorkerServices\",\"wdi5\"]"}]}
COMMAND: POST /session/555fcffa8aa83dd925f7bd1343d4074b/execute/async - {"script":"<script> [21126 bytes]","args":[35000]}
RESULT: {"script":"<script> [21126 bytes]","args":[35000]}
]]></system-out>
    </testcase>
  </testsuite>
  <testsuite timestamp="2025-05-07T17:12:19" time="446.895" tests="6" failures="0" errors="0" skipped="0">
    <properties>
      <property name="specId" value="0" />
      <property name="suiteName" value="Edit and delete daily price US134629 US134627" />
      <property name="capabilities" value="chrome.135_0_7049_115.windows" />
      <property name="file" value="file:///D:/a/1/s/test/specs/BTS/conditions-prices-daily-price.spec.js" />
    </properties>
    <testcase classname="chrome.135_0_7049_115.windows.Edit_and_delete_daily_price_US134629_US134627" name="Should create a new yard used for all following tests" time="0.016">
      <system-out><![CDATA[
COMMAND: POST /session/555fcffa8aa83dd925f7bd1343d4074b/window/fullscreen - {}
RESULT: {}
]]></system-out>
    </testcase>
    <testcase classname="chrome.135_0_7049_115.windows.Edit_and_delete_daily_price_US134629_US134627" name="Should create a new partner" time="156.105">
      <system-out><![CDATA[
COMMAND: POST /session/555fcffa8aa83dd925f7bd1343d4074b/window/fullscreen - {}
RESULT: {}
COMMAND: POST /session/555fcffa8aa83dd925f7bd1343d4074b/execute/async - {"script":"<script> [1562 bytes]","args":[{"selector":{"controlType":"sap.m.GenericTile","properties":{"header":"Manage Partners"}},"wdio_ui5_key":"sapm.GenericTile{\"header\":\"Manage Partners\"}"}]}
RESULT: {"script":"<script> [1562 bytes]","args":[{"selector":{"controlType":"sap.m.GenericTile","properties":{"header":"Manage Partners"}},"wdio_ui5_key":"sapm.GenericTile{\"header\":\"Manage Partners\"}"}]}
RESULT: undefined
COMMAND: POST /session/555fcffa8aa83dd925f7bd1343d4074b/element - {"using":"xpath","value":"//*[@id=\"__tile38\"]"}
RESULT: {"using":"xpath","value":"//*[@id=\"__tile38\"]"}
COMMAND: POST /session/555fcffa8aa83dd925f7bd1343d4074b/element/f.9C1E946C17B1C55FC69CCE7EB9D2133F.d.4FCC53AA96521B7B15233118CDD1352C.e.3043/click - {}
RESULT: {}
COMMAND: POST /session/555fcffa8aa83dd925f7bd1343d4074b/element - {"using":"xpath","value":"//button[@data-kt=\"addButton\"]"}
COMMAND: GET /session/555fcffa8aa83dd925f7bd1343d4074b/screenshot - {}
RESULT: {"using":"xpath","value":"//button[@data-kt=\"addButton\"]"}
COMMAND: POST /session/555fcffa8aa83dd925f7bd1343d4074b/elements - {"using":"xpath","value":"//button[@data-kt=\"addButton\"]"}
RESULT: {}
RESULT: {"using":"xpath","value":"//button[@data-kt=\"addButton\"]"}
COMMAND: POST /session/555fcffa8aa83dd925f7bd1343d4074b/elements - {"using":"xpath","value":"//button[@data-kt=\"addButton\"]"}
RESULT: {"using":"xpath","value":"//button[@data-kt=\"addButton\"]"}
COMMAND: POST /session/555fcffa8aa83dd925f7bd1343d4074b/elements - {"using":"xpath","value":"//button[@data-kt=\"addButton\"]"}
RESULT: {"using":"xpath","value":"//button[@data-kt=\"addButton\"]"}
COMMAND: POST /session/555fcffa8aa83dd925f7bd1343d4074b/elements - {"using":"xpath","value":"//button[@data-kt=\"addButton\"]"}
RESULT: {"using":"xpath","value":"//button[@data-kt=\"addButton\"]"}
COMMAND: POST /session/555fcffa8aa83dd925f7bd1343d4074b/elements - {"using":"xpath","value":"//button[@data-kt=\"addButton\"]"}
RESULT: {"using":"xpath","value":"//button[@data-kt=\"addButton\"]"}
COMMAND: POST /session/555fcffa8aa83dd925f7bd1343d4074b/elements - {"using":"xpath","value":"//button[@data-kt=\"addButton\"]"}
RESULT: {"using":"xpath","value":"//button[@data-kt=\"addButton\"]"}
COMMAND: POST /session/555fcffa8aa83dd925f7bd1343d4074b/elements - {"using":"xpath","value":"//button[@data-kt=\"addButton\"]"}
RESULT: {"using":"xpath","value":"//button[@data-kt=\"addButton\"]"}
COMMAND: POST /session/555fcffa8aa83dd925f7bd1343d4074b/elements - {"using":"xpath","value":"//button[@data-kt=\"addButton\"]"}
RESULT: {"using":"xpath","value":"//button[@data-kt=\"addButton\"]"}
COMMAND: POST /session/555fcffa8aa83dd925f7bd1343d4074b/elements - {"using":"xpath","value":"//button[@data-kt=\"addButton\"]"}
RESULT: {"using":"xpath","value":"//button[@data-kt=\"addButton\"]"}
COMMAND: POST /session/555fcffa8aa83dd925f7bd1343d4074b/elements - {"using":"xpath","value":"//button[@data-kt=\"addButton\"]"}
RESULT: {"using":"xpath","value":"//button[@data-kt=\"addButton\"]"}
COMMAND: POST /session/555fcffa8aa83dd925f7bd1343d4074b/elements - {"using":"xpath","value":"//button[@data-kt=\"addButton\"]"}
RESULT: {"using":"xpath","value":"//button[@data-kt=\"addButton\"]"}
COMMAND: POST /session/555fcffa8aa83dd925f7bd1343d4074b/elements - {"using":"xpath","value":"//button[@data-kt=\"addButton\"]"}
RESULT: {"using":"xpath","value":"//button[@data-kt=\"addButton\"]"}
COMMAND: POST /session/555fcffa8aa83dd925f7bd1343d4074b/elements - {"using":"xpath","value":"//button[@data-kt=\"addButton\"]"}
RESULT: {"using":"xpath","value":"//button[@data-kt=\"addButton\"]"}
COMMAND: POST /session/555fcffa8aa83dd925f7bd1343d4074b/elements - {"using":"xpath","value":"//button[@data-kt=\"addButton\"]"}
RESULT: {"using":"xpath","value":"//button[@data-kt=\"addButton\"]"}
COMMAND: POST /session/555fcffa8aa83dd925f7bd1343d4074b/elements - {"using":"xpath","value":"//button[@data-kt=\"addButton\"]"}
RESULT: {"using":"xpath","value":"//button[@data-kt=\"addButton\"]"}
COMMAND: POST /session/555fcffa8aa83dd925f7bd1343d4074b/elements - {"using":"xpath","value":"//button[@data-kt=\"addButton\"]"}
RESULT: {"using":"xpath","value":"//button[@data-kt=\"addButton\"]"}
COMMAND: POST /session/555fcffa8aa83dd925f7bd1343d4074b/elements - {"using":"xpath","value":"//button[@data-kt=\"addButton\"]"}
RESULT: {"using":"xpath","value":"//button[@data-kt=\"addButton\"]"}
COMMAND: POST /session/555fcffa8aa83dd925f7bd1343d4074b/elements - {"using":"xpath","value":"//button[@data-kt=\"addButton\"]"}
RESULT: {"using":"xpath","value":"//button[@data-kt=\"addButton\"]"}
COMMAND: POST /session/555fcffa8aa83dd925f7bd1343d4074b/elements - {"using":"xpath","value":"//button[@data-kt=\"addButton\"]"}
RESULT: {"using":"xpath","value":"//button[@data-kt=\"addButton\"]"}
COMMAND: POST /session/555fcffa8aa83dd925f7bd1343d4074b/elements - {"using":"xpath","value":"//button[@data-kt=\"addButton\"]"}
RESULT: {"using":"xpath","value":"//button[@data-kt=\"addButton\"]"}
COMMAND: POST /session/555fcffa8aa83dd925f7bd1343d4074b/elements - {"using":"xpath","value":"//button[@data-kt=\"addButton\"]"}
RESULT: {"using":"xpath","value":"//button[@data-kt=\"addButton\"]"}
COMMAND: POST /session/555fcffa8aa83dd925f7bd1343d4074b/elements - {"using":"xpath","value":"//button[@data-kt=\"addButton\"]"}
RESULT: {"using":"xpath","value":"//button[@data-kt=\"addButton\"]"}
COMMAND: POST /session/555fcffa8aa83dd925f7bd1343d4074b/elements - {"using":"xpath","value":"//button[@data-kt=\"addButton\"]"}
RESULT: {"using":"xpath","value":"//button[@data-kt=\"addButton\"]"}
COMMAND: POST /session/555fcffa8aa83dd925f7bd1343d4074b/elements - {"using":"xpath","value":"//button[@data-kt=\"addButton\"]"}
RESULT: {"using":"xpath","value":"//button[@data-kt=\"addButton\"]"}
COMMAND: POST /session/555fcffa8aa83dd925f7bd1343d4074b/elements - {"using":"xpath","value":"//button[@data-kt=\"addButton\"]"}
RESULT: {"using":"xpath","value":"//button[@data-kt=\"addButton\"]"}
COMMAND: POST /session/555fcffa8aa83dd925f7bd1343d4074b/elements - {"using":"xpath","value":"//button[@data-kt=\"addButton\"]"}
RESULT: {"using":"xpath","value":"//button[@data-kt=\"addButton\"]"}
COMMAND: POST /session/555fcffa8aa83dd925f7bd1343d4074b/elements - {"using":"xpath","value":"//button[@data-kt=\"addButton\"]"}
RESULT: {"using":"xpath","value":"//button[@data-kt=\"addButton\"]"}
COMMAND: POST /session/555fcffa8aa83dd925f7bd1343d4074b/elements - {"using":"xpath","value":"//button[@data-kt=\"addButton\"]"}
RESULT: {"using":"xpath","value":"//button[@data-kt=\"addButton\"]"}
COMMAND: POST /session/555fcffa8aa83dd925f7bd1343d4074b/elements - {"using":"xpath","value":"//button[@data-kt=\"addButton\"]"}
RESULT: {"using":"xpath","value":"//button[@data-kt=\"addButton\"]"}
COMMAND: POST /session/555fcffa8aa83dd925f7bd1343d4074b/elements - {"using":"xpath","value":"//button[@data-kt=\"addButton\"]"}
RESULT: {"using":"xpath","value":"//button[@data-kt=\"addButton\"]"}
COMMAND: POST /session/555fcffa8aa83dd925f7bd1343d4074b/elements - {"using":"xpath","value":"//button[@data-kt=\"addButton\"]"}
RESULT: {"using":"xpath","value":"//button[@data-kt=\"addButton\"]"}
COMMAND: POST /session/555fcffa8aa83dd925f7bd1343d4074b/elements - {"using":"xpath","value":"//button[@data-kt=\"addButton\"]"}
RESULT: {"using":"xpath","value":"//button[@data-kt=\"addButton\"]"}
COMMAND: POST /session/555fcffa8aa83dd925f7bd1343d4074b/elements - {"using":"xpath","value":"//button[@data-kt=\"addButton\"]"}
RESULT: {"using":"xpath","value":"//button[@data-kt=\"addButton\"]"}
COMMAND: POST /session/555fcffa8aa83dd925f7bd1343d4074b/elements - {"using":"xpath","value":"//button[@data-kt=\"addButton\"]"}
RESULT: {"using":"xpath","value":"//button[@data-kt=\"addButton\"]"}
COMMAND: POST /session/555fcffa8aa83dd925f7bd1343d4074b/elements - {"using":"xpath","value":"//button[@data-kt=\"addButton\"]"}
RESULT: {"using":"xpath","value":"//button[@data-kt=\"addButton\"]"}
COMMAND: POST /session/555fcffa8aa83dd925f7bd1343d4074b/elements - {"using":"xpath","value":"//button[@data-kt=\"addButton\"]"}
RESULT: {"using":"xpath","value":"//button[@data-kt=\"addButton\"]"}
COMMAND: POST /session/555fcffa8aa83dd925f7bd1343d4074b/elements - {"using":"xpath","value":"//button[@data-kt=\"addButton\"]"}
RESULT: {"using":"xpath","value":"//button[@data-kt=\"addButton\"]"}
COMMAND: POST /session/555fcffa8aa83dd925f7bd1343d4074b/elements - {"using":"xpath","value":"//button[@data-kt=\"addButton\"]"}
RESULT: {"using":"xpath","value":"//button[@data-kt=\"addButton\"]"}
COMMAND: POST /session/555fcffa8aa83dd925f7bd1343d4074b/elements - {"using":"xpath","value":"//button[@data-kt=\"addButton\"]"}
RESULT: {"using":"xpath","value":"//button[@data-kt=\"addButton\"]"}
COMMAND: POST /session/555fcffa8aa83dd925f7bd1343d4074b/elements - {"using":"xpath","value":"//button[@data-kt=\"addButton\"]"}
RESULT: {"using":"xpath","value":"//button[@data-kt=\"addButton\"]"}
COMMAND: POST /session/555fcffa8aa83dd925f7bd1343d4074b/elements - {"using":"xpath","value":"//button[@data-kt=\"addButton\"]"}
RESULT: {"using":"xpath","value":"//button[@data-kt=\"addButton\"]"}
COMMAND: POST /session/555fcffa8aa83dd925f7bd1343d4074b/elements - {"using":"xpath","value":"//button[@data-kt=\"addButton\"]"}
RESULT: {"using":"xpath","value":"//button[@data-kt=\"addButton\"]"}
COMMAND: POST /session/555fcffa8aa83dd925f7bd1343d4074b/elements - {"using":"xpath","value":"//button[@data-kt=\"addButton\"]"}
RESULT: {"using":"xpath","value":"//button[@data-kt=\"addButton\"]"}
COMMAND: POST /session/555fcffa8aa83dd925f7bd1343d4074b/elements - {"using":"xpath","value":"//button[@data-kt=\"addButton\"]"}
RESULT: {"using":"xpath","value":"//button[@data-kt=\"addButton\"]"}
COMMAND: POST /session/555fcffa8aa83dd925f7bd1343d4074b/elements - {"using":"xpath","value":"//button[@data-kt=\"addButton\"]"}
RESULT: {"using":"xpath","value":"//button[@data-kt=\"addButton\"]"}
COMMAND: POST /session/555fcffa8aa83dd925f7bd1343d4074b/elements - {"using":"xpath","value":"//button[@data-kt=\"addButton\"]"}
RESULT: {"using":"xpath","value":"//button[@data-kt=\"addButton\"]"}
COMMAND: POST /session/555fcffa8aa83dd925f7bd1343d4074b/elements - {"using":"xpath","value":"//button[@data-kt=\"addButton\"]"}
RESULT: {"using":"xpath","value":"//button[@data-kt=\"addButton\"]"}
COMMAND: POST /session/555fcffa8aa83dd925f7bd1343d4074b/elements - {"using":"xpath","value":"//button[@data-kt=\"addButton\"]"}
RESULT: {"using":"xpath","value":"//button[@data-kt=\"addButton\"]"}
COMMAND: POST /session/555fcffa8aa83dd925f7bd1343d4074b/elements - {"using":"xpath","value":"//button[@data-kt=\"addButton\"]"}
RESULT: {"using":"xpath","value":"//button[@data-kt=\"addButton\"]"}
COMMAND: POST /session/555fcffa8aa83dd925f7bd1343d4074b/elements - {"using":"xpath","value":"//button[@data-kt=\"addButton\"]"}
RESULT: {"using":"xpath","value":"//button[@data-kt=\"addButton\"]"}
COMMAND: POST /session/555fcffa8aa83dd925f7bd1343d4074b/elements - {"using":"xpath","value":"//button[@data-kt=\"addButton\"]"}
RESULT: {"using":"xpath","value":"//button[@data-kt=\"addButton\"]"}
COMMAND: POST /session/555fcffa8aa83dd925f7bd1343d4074b/elements - {"using":"xpath","value":"//button[@data-kt=\"addButton\"]"}
RESULT: {"using":"xpath","value":"//button[@data-kt=\"addButton\"]"}
COMMAND: POST /session/555fcffa8aa83dd925f7bd1343d4074b/elements - {"using":"xpath","value":"//button[@data-kt=\"addButton\"]"}
RESULT: {"using":"xpath","value":"//button[@data-kt=\"addButton\"]"}
COMMAND: POST /session/555fcffa8aa83dd925f7bd1343d4074b/elements - {"using":"xpath","value":"//button[@data-kt=\"addButton\"]"}
RESULT: {"using":"xpath","value":"//button[@data-kt=\"addButton\"]"}
COMMAND: POST /session/555fcffa8aa83dd925f7bd1343d4074b/elements - {"using":"xpath","value":"//button[@data-kt=\"addButton\"]"}
RESULT: {"using":"xpath","value":"//button[@data-kt=\"addButton\"]"}
COMMAND: POST /session/555fcffa8aa83dd925f7bd1343d4074b/elements - {"using":"xpath","value":"//button[@data-kt=\"addButton\"]"}
RESULT: {"using":"xpath","value":"//button[@data-kt=\"addButton\"]"}
COMMAND: POST /session/555fcffa8aa83dd925f7bd1343d4074b/elements - {"using":"xpath","value":"//button[@data-kt=\"addButton\"]"}
RESULT: {"using":"xpath","value":"//button[@data-kt=\"addButton\"]"}
COMMAND: POST /session/555fcffa8aa83dd925f7bd1343d4074b/elements - {"using":"xpath","value":"//button[@data-kt=\"addButton\"]"}
RESULT: {"using":"xpath","value":"//button[@data-kt=\"addButton\"]"}
COMMAND: POST /session/555fcffa8aa83dd925f7bd1343d4074b/elements - {"using":"xpath","value":"//button[@data-kt=\"addButton\"]"}
RESULT: {"using":"xpath","value":"//button[@data-kt=\"addButton\"]"}
COMMAND: POST /session/555fcffa8aa83dd925f7bd1343d4074b/elements - {"using":"xpath","value":"//button[@data-kt=\"addButton\"]"}
RESULT: {"using":"xpath","value":"//button[@data-kt=\"addButton\"]"}
COMMAND: POST /session/555fcffa8aa83dd925f7bd1343d4074b/elements - {"using":"xpath","value":"//button[@data-kt=\"addButton\"]"}
RESULT: {"using":"xpath","value":"//button[@data-kt=\"addButton\"]"}
COMMAND: POST /session/555fcffa8aa83dd925f7bd1343d4074b/element - {"using":"xpath","value":"//button[@data-kt=\"addButton\"]"}
RESULT: {"using":"xpath","value":"//button[@data-kt=\"addButton\"]"}
COMMAND: POST /session/555fcffa8aa83dd925f7bd1343d4074b/execute/sync - {"script":"<script> [8489 bytes]","args":[{"element-6066-11e4-a52e-4f735466cecf":"f.9C1E946C17B1C55FC69CCE7EB9D2133F.d.4FCC53AA96521B7B15233118CDD1352C.e.3193","ELEMENT":"f.9C1E946C17B1C55FC69CCE7EB9D2133F.d.4FCC53AA96521B7B15233118CDD1352C.e.3193"}]}
RESULT: {"script":"<script> [8489 bytes]","args":[{"element-6066-11e4-a52e-4f735466cecf":"f.9C1E946C17B1C55FC69CCE7EB9D2133F.d.4FCC53AA96521B7B15233118CDD1352C.e.3193","ELEMENT":"f.9C1E946C17B1C55FC69CCE7EB9D2133F.d.4FCC53AA96521B7B15233118CDD1352C.e.3193"}]}
COMMAND: GET /session/555fcffa8aa83dd925f7bd1343d4074b/element/f.9C1E946C17B1C55FC69CCE7EB9D2133F.d.4FCC53AA96521B7B15233118CDD1352C.e.3193/enabled - {}
COMMAND: GET /session/555fcffa8aa83dd925f7bd1343d4074b/screenshot - {}
RESULT: {}
COMMAND: POST /session/555fcffa8aa83dd925f7bd1343d4074b/execute/sync - {"script":"<script> [8489 bytes]","args":[{"element-6066-11e4-a52e-4f735466cecf":"f.9C1E946C17B1C55FC69CCE7EB9D2133F.d.4FCC53AA96521B7B15233118CDD1352C.e.3193","ELEMENT":"f.9C1E946C17B1C55FC69CCE7EB9D2133F.d.4FCC53AA96521B7B15233118CDD1352C.e.3193"}]}
COMMAND: GET /session/555fcffa8aa83dd925f7bd1343d4074b/screenshot - {}
RESULT: {}
RESULT: {"script":"<script> [8489 bytes]","args":[{"element-6066-11e4-a52e-4f735466cecf":"f.9C1E946C17B1C55FC69CCE7EB9D2133F.d.4FCC53AA96521B7B15233118CDD1352C.e.3193","ELEMENT":"f.9C1E946C17B1C55FC69CCE7EB9D2133F.d.4FCC53AA96521B7B15233118CDD1352C.e.3193"}]}
COMMAND: POST /session/555fcffa8aa83dd925f7bd1343d4074b/execute/sync - {"script":"<script> [5351 bytes]","args":[{"element-6066-11e4-a52e-4f735466cecf":"f.9C1E946C17B1C55FC69CCE7EB9D2133F.d.4FCC53AA96521B7B15233118CDD1352C.e.3193","ELEMENT":"f.9C1E946C17B1C55FC69CCE7EB9D2133F.d.4FCC53AA96521B7B15233118CDD1352C.e.3193"}]}
COMMAND: GET /session/555fcffa8aa83dd925f7bd1343d4074b/screenshot - {}
RESULT: {}
RESULT: {"script":"<script> [5351 bytes]","args":[{"element-6066-11e4-a52e-4f735466cecf":"f.9C1E946C17B1C55FC69CCE7EB9D2133F.d.4FCC53AA96521B7B15233118CDD1352C.e.3193","ELEMENT":"f.9C1E946C17B1C55FC69CCE7EB9D2133F.d.4FCC53AA96521B7B15233118CDD1352C.e.3193"}]}
COMMAND: POST /session/555fcffa8aa83dd925f7bd1343d4074b/element/f.9C1E946C17B1C55FC69CCE7EB9D2133F.d.4FCC53AA96521B7B15233118CDD1352C.e.3193/click - {}
COMMAND: GET /session/555fcffa8aa83dd925f7bd1343d4074b/screenshot - {}
RESULT: {}
RESULT: {}
COMMAND: GET /session/555fcffa8aa83dd925f7bd1343d4074b/screenshot - {}
RESULT: {}
COMMAND: POST /session/555fcffa8aa83dd925f7bd1343d4074b/execute/async - {"script":"<script> [1562 bytes]","args":[{"selector":{"id":"application-managepartners-display-component---NewPartner--addressDetailDetailsName1","interaction":{"idSuffix":"inner"}},"wdio_ui5_key":"applicationmanagepartners-display-component---NewPartner--addressDetailDetailsName1"}]}
RESULT: {}
RESULT: {"script":"<script> [1562 bytes]","args":[{"selector":{"id":"application-managepartners-display-component---NewPartner--addressDetailDetailsName1","interaction":{"idSuffix":"inner"}},"wdio_ui5_key":"applicationmanagepartners-display-component---NewPartner--addressDetailDetailsName1"}]}
RESULT: undefined
COMMAND: POST /session/555fcffa8aa83dd925f7bd1343d4074b/execute/async - {"script":"<script> [776 bytes]","args":[{"enterText":"DailyPrice Partner WDIO","selector":{"id":"application-managepartners-display-component---NewPartner--addressDetailDetailsName1","interaction":{"idSuffix":"inner"}},"clearTextFirst":true,"interactionType":"ENTER_TEXT"}]}
RESULT: {"script":"<script> [776 bytes]","args":[{"enterText":"DailyPrice Partner WDIO","selector":{"id":"application-managepartners-display-component---NewPartner--addressDetailDetailsName1","interaction":{"idSuffix":"inner"}},"clearTextFirst":true,"interactionType":"ENTER_TEXT"}]}
COMMAND: POST /session/555fcffa8aa83dd925f7bd1343d4074b/execute/async - {"script":"<script> [1562 bytes]","args":[{"selector":{"id":"application-managepartners-display-component---NewPartner--addressDetailDetailsLanguage-arrow"},"wdio_ui5_key":"applicationmanagepartners-display-component---NewPartner--addressDetailDetailsLanguage-arrow"}]}
RESULT: {"script":"<script> [1562 bytes]","args":[{"selector":{"id":"application-managepartners-display-component---NewPartner--addressDetailDetailsLanguage-arrow"},"wdio_ui5_key":"applicationmanagepartners-display-component---NewPartner--addressDetailDetailsLanguage-arrow"}]}
RESULT: undefined
COMMAND: POST /session/555fcffa8aa83dd925f7bd1343d4074b/element - {"using":"xpath","value":"//*[@id=\"application-managepartners-display-component---NewPartner--addressDetailDetailsLanguage-arrow\"]"}
RESULT: {"using":"xpath","value":"//*[@id=\"application-managepartners-display-component---NewPartner--addressDetailDetailsLanguage-arrow\"]"}
COMMAND: POST /session/555fcffa8aa83dd925f7bd1343d4074b/element/f.9C1E946C17B1C55FC69CCE7EB9D2133F.d.4FCC53AA96521B7B15233118CDD1352C.e.3644/click - {}
RESULT: {}
COMMAND: POST /session/555fcffa8aa83dd925f7bd1343d4074b/element - {"using":"xpath","value":"//span[contains(text(), \"English\")]"}
COMMAND: GET /session/555fcffa8aa83dd925f7bd1343d4074b/screenshot - {}
RESULT: {"using":"xpath","value":"//span[contains(text(), \"English\")]"}
COMMAND: POST /session/555fcffa8aa83dd925f7bd1343d4074b/element/f.9C1E946C17B1C55FC69CCE7EB9D2133F.d.4FCC53AA96521B7B15233118CDD1352C.e.3645/click - {}
RESULT: {}
RESULT: {}
COMMAND: GET /session/555fcffa8aa83dd925f7bd1343d4074b/screenshot - {}
RESULT: {}
COMMAND: POST /session/555fcffa8aa83dd925f7bd1343d4074b/execute/async - {"script":"<script> [1562 bytes]","args":[{"selector":{"id":"application-managepartners-display-component---NewPartner--addressDetailDetailsCity1","interaction":{"idSuffix":"inner"}},"wdio_ui5_key":"applicationmanagepartners-display-component---NewPartner--addressDetailDetailsCity1"}]}
RESULT: {"script":"<script> [1562 bytes]","args":[{"selector":{"id":"application-managepartners-display-component---NewPartner--addressDetailDetailsCity1","interaction":{"idSuffix":"inner"}},"wdio_ui5_key":"applicationmanagepartners-display-component---NewPartner--addressDetailDetailsCity1"}]}
RESULT: undefined
COMMAND: POST /session/555fcffa8aa83dd925f7bd1343d4074b/execute/async - {"script":"<script> [776 bytes]","args":[{"enterText":"Rosario","selector":{"id":"application-managepartners-display-component---NewPartner--addressDetailDetailsCity1","interaction":{"idSuffix":"inner"}},"clearTextFirst":true,"interactionType":"ENTER_TEXT"}]}
RESULT: {"script":"<script> [776 bytes]","args":[{"enterText":"Rosario","selector":{"id":"application-managepartners-display-component---NewPartner--addressDetailDetailsCity1","interaction":{"idSuffix":"inner"}},"clearTextFirst":true,"interactionType":"ENTER_TEXT"}]}
COMMAND: POST /session/555fcffa8aa83dd925f7bd1343d4074b/execute/async - {"script":"<script> [1562 bytes]","args":[{"selector":{"id":"application-managepartners-display-component---NewPartner--addressDetailDetailsCountry-arrow"},"wdio_ui5_key":"applicationmanagepartners-display-component---NewPartner--addressDetailDetailsCountry-arrow"}]}
RESULT: {"script":"<script> [1562 bytes]","args":[{"selector":{"id":"application-managepartners-display-component---NewPartner--addressDetailDetailsCountry-arrow"},"wdio_ui5_key":"applicationmanagepartners-display-component---NewPartner--addressDetailDetailsCountry-arrow"}]}
RESULT: undefined
COMMAND: POST /session/555fcffa8aa83dd925f7bd1343d4074b/element - {"using":"xpath","value":"//*[@id=\"application-managepartners-display-component---NewPartner--addressDetailDetailsCountry-arrow\"]"}
RESULT: {"using":"xpath","value":"//*[@id=\"application-managepartners-display-component---NewPartner--addressDetailDetailsCountry-arrow\"]"}
COMMAND: POST /session/555fcffa8aa83dd925f7bd1343d4074b/element/f.9C1E946C17B1C55FC69CCE7EB9D2133F.d.4FCC53AA96521B7B15233118CDD1352C.e.3619/click - {}
RESULT: {}
COMMAND: POST /session/555fcffa8aa83dd925f7bd1343d4074b/element - {"using":"xpath","value":"//span[contains(text(), \"Argentina\")]"}
COMMAND: GET /session/555fcffa8aa83dd925f7bd1343d4074b/screenshot - {}
RESULT: {"using":"xpath","value":"//span[contains(text(), \"Argentina\")]"}
COMMAND: POST /session/555fcffa8aa83dd925f7bd1343d4074b/element/f.9C1E946C17B1C55FC69CCE7EB9D2133F.d.4FCC53AA96521B7B15233118CDD1352C.e.3647/click - {}
RESULT: {}
RESULT: {}
COMMAND: GET /session/555fcffa8aa83dd925f7bd1343d4074b/screenshot - {}
RESULT: {}
COMMAND: POST /session/555fcffa8aa83dd925f7bd1343d4074b/element - {"using":"xpath","value":"//bdi[contains(text(), \"Commercial\")]"}
RESULT: {"using":"xpath","value":"//bdi[contains(text(), \"Commercial\")]"}
COMMAND: POST /session/555fcffa8aa83dd925f7bd1343d4074b/element/f.9C1E946C17B1C55FC69CCE7EB9D2133F.d.4FCC53AA96521B7B15233118CDD1352C.e.3648/click - {}
RESULT: {}
COMMAND: GET /session/555fcffa8aa83dd925f7bd1343d4074b/screenshot - {}
RESULT: {}
COMMAND: POST /session/555fcffa8aa83dd925f7bd1343d4074b/execute/async - {"script":"<script> [1562 bytes]","args":[{"selector":{"id":"application-managepartners-display-component---NewPartner--partnerDetailInternal-arrow"},"wdio_ui5_key":"applicationmanagepartners-display-component---NewPartner--partnerDetailInternal-arrow"}]}
RESULT: {"script":"<script> [1562 bytes]","args":[{"selector":{"id":"application-managepartners-display-component---NewPartner--partnerDetailInternal-arrow"},"wdio_ui5_key":"applicationmanagepartners-display-component---NewPartner--partnerDetailInternal-arrow"}]}
RESULT: undefined
COMMAND: POST /session/555fcffa8aa83dd925f7bd1343d4074b/element - {"using":"xpath","value":"//*[@id=\"application-managepartners-display-component---NewPartner--partnerDetailInternal-arrow\"]"}
RESULT: {"using":"xpath","value":"//*[@id=\"application-managepartners-display-component---NewPartner--partnerDetailInternal-arrow\"]"}
COMMAND: POST /session/555fcffa8aa83dd925f7bd1343d4074b/element/f.9C1E946C17B1C55FC69CCE7EB9D2133F.d.4FCC53AA96521B7B15233118CDD1352C.e.3654/click - {}
RESULT: {}
COMMAND: POST /session/555fcffa8aa83dd925f7bd1343d4074b/element - {"using":"xpath","value":"//span[contains(text(), \"Affiliated company\")]"}
COMMAND: GET /session/555fcffa8aa83dd925f7bd1343d4074b/screenshot - {}
RESULT: {"using":"xpath","value":"//span[contains(text(), \"Affiliated company\")]"}
COMMAND: POST /session/555fcffa8aa83dd925f7bd1343d4074b/element/f.9C1E946C17B1C55FC69CCE7EB9D2133F.d.4FCC53AA96521B7B15233118CDD1352C.e.3657/click - {}
RESULT: {}
RESULT: {}
COMMAND: POST /session/555fcffa8aa83dd925f7bd1343d4074b/execute/async - {"script":"<script> [1562 bytes]","args":[{"selector":{"id":"application-managepartners-display-component---NewPartner--partnerDetailsCurrency-arrow"},"wdio_ui5_key":"applicationmanagepartners-display-component---NewPartner--partnerDetailsCurrency-arrow"}]}
COMMAND: GET /session/555fcffa8aa83dd925f7bd1343d4074b/screenshot - {}
RESULT: {"script":"<script> [1562 bytes]","args":[{"selector":{"id":"application-managepartners-display-component---NewPartner--partnerDetailsCurrency-arrow"},"wdio_ui5_key":"applicationmanagepartners-display-component---NewPartner--partnerDetailsCurrency-arrow"}]}
RESULT: undefined
COMMAND: POST /session/555fcffa8aa83dd925f7bd1343d4074b/element - {"using":"xpath","value":"//*[@id=\"application-managepartners-display-component---NewPartner--partnerDetailsCurrency-arrow\"]"}
RESULT: {}
RESULT: {"using":"xpath","value":"//*[@id=\"application-managepartners-display-component---NewPartner--partnerDetailsCurrency-arrow\"]"}
COMMAND: POST /session/555fcffa8aa83dd925f7bd1343d4074b/element/f.9C1E946C17B1C55FC69CCE7EB9D2133F.d.4FCC53AA96521B7B15233118CDD1352C.e.3664/click - {}
RESULT: {}
COMMAND: POST /session/555fcffa8aa83dd925f7bd1343d4074b/element - {"using":"xpath","value":"//span[contains(text(), \"Euro\")]"}
RESULT: {"using":"xpath","value":"//span[contains(text(), \"Euro\")]"}
COMMAND: POST /session/555fcffa8aa83dd925f7bd1343d4074b/element/f.9C1E946C17B1C55FC69CCE7EB9D2133F.d.4FCC53AA96521B7B15233118CDD1352C.e.3665/click - {}
COMMAND: GET /session/555fcffa8aa83dd925f7bd1343d4074b/screenshot - {}
RESULT: {}
COMMAND: POST /session/555fcffa8aa83dd925f7bd1343d4074b/execute/async - {"script":"<script> [1562 bytes]","args":[{"selector":{"id":"application-managepartners-display-component---NewPartner--addressEditDetailsCostObjectCstType-arrow"},"wdio_ui5_key":"applicationmanagepartners-display-component---NewPartner--addressEditDetailsCostObjectCstType-arrow"}]}
COMMAND: GET /session/555fcffa8aa83dd925f7bd1343d4074b/screenshot - {}
RESULT: {}
RESULT: {"script":"<script> [1562 bytes]","args":[{"selector":{"id":"application-managepartners-display-component---NewPartner--addressEditDetailsCostObjectCstType-arrow"},"wdio_ui5_key":"applicationmanagepartners-display-component---NewPartner--addressEditDetailsCostObjectCstType-arrow"}]}
RESULT: undefined
COMMAND: POST /session/555fcffa8aa83dd925f7bd1343d4074b/element - {"using":"xpath","value":"//*[@id=\"application-managepartners-display-component---NewPartner--addressEditDetailsCostObjectCstType-arrow\"]"}
RESULT: {}
RESULT: {"using":"xpath","value":"//*[@id=\"application-managepartners-display-component---NewPartner--addressEditDetailsCostObjectCstType-arrow\"]"}
COMMAND: POST /session/555fcffa8aa83dd925f7bd1343d4074b/element/f.9C1E946C17B1C55FC69CCE7EB9D2133F.d.4FCC53AA96521B7B15233118CDD1352C.e.3666/click - {}
RESULT: {}
COMMAND: POST /session/555fcffa8aa83dd925f7bd1343d4074b/element - {"using":"xpath","value":"//span[contains(text(), \"Cost Center\")]"}
COMMAND: GET /session/555fcffa8aa83dd925f7bd1343d4074b/screenshot - {}
RESULT: {"using":"xpath","value":"//span[contains(text(), \"Cost Center\")]"}
COMMAND: POST /session/555fcffa8aa83dd925f7bd1343d4074b/element/f.9C1E946C17B1C55FC69CCE7EB9D2133F.d.4FCC53AA96521B7B15233118CDD1352C.e.3667/click - {}
RESULT: {}
RESULT: {}
COMMAND: GET /session/555fcffa8aa83dd925f7bd1343d4074b/screenshot - {}
RESULT: {}
COMMAND: POST /session/555fcffa8aa83dd925f7bd1343d4074b/element - {"using":"xpath","value":"//span[@id=\"application-managepartners-display-component---NewPartner--addressNewCostObjectCstID-vhi\"]"}
RESULT: {"using":"xpath","value":"//span[@id=\"application-managepartners-display-component---NewPartner--addressNewCostObjectCstID-vhi\"]"}
COMMAND: POST /session/555fcffa8aa83dd925f7bd1343d4074b/execute/sync - {"script":"<script> [8489 bytes]","args":[{"element-6066-11e4-a52e-4f735466cecf":"f.9C1E946C17B1C55FC69CCE7EB9D2133F.d.4FCC53AA96521B7B15233118CDD1352C.e.3671","ELEMENT":"f.9C1E946C17B1C55FC69CCE7EB9D2133F.d.4FCC53AA96521B7B15233118CDD1352C.e.3671"}]}
RESULT: {"script":"<script> [8489 bytes]","args":[{"element-6066-11e4-a52e-4f735466cecf":"f.9C1E946C17B1C55FC69CCE7EB9D2133F.d.4FCC53AA96521B7B15233118CDD1352C.e.3671","ELEMENT":"f.9C1E946C17B1C55FC69CCE7EB9D2133F.d.4FCC53AA96521B7B15233118CDD1352C.e.3671"}]}
COMMAND: POST /session/555fcffa8aa83dd925f7bd1343d4074b/execute/async - {"script":"<script> [1562 bytes]","args":[{"selector":{"id":"application-managepartners-display-component---NewPartner--addressNewCostObjectCstID-vhi"},"wdio_ui5_key":"applicationmanagepartners-display-component---NewPartner--addressNewCostObjectCstID-vhi"}]}
COMMAND: GET /session/555fcffa8aa83dd925f7bd1343d4074b/screenshot - {}
RESULT: {"script":"<script> [1562 bytes]","args":[{"selector":{"id":"application-managepartners-display-component---NewPartner--addressNewCostObjectCstID-vhi"},"wdio_ui5_key":"applicationmanagepartners-display-component---NewPartner--addressNewCostObjectCstID-vhi"}]}
RESULT: undefined
COMMAND: POST /session/555fcffa8aa83dd925f7bd1343d4074b/element - {"using":"xpath","value":"//*[@id=\"application-managepartners-display-component---NewPartner--addressNewCostObjectCstID-vhi\"]"}
RESULT: {}
RESULT: {"using":"xpath","value":"//*[@id=\"application-managepartners-display-component---NewPartner--addressNewCostObjectCstID-vhi\"]"}
COMMAND: POST /session/555fcffa8aa83dd925f7bd1343d4074b/element/f.9C1E946C17B1C55FC69CCE7EB9D2133F.d.4FCC53AA96521B7B15233118CDD1352C.e.3671/click - {}
RESULT: {}
COMMAND: GET /session/555fcffa8aa83dd925f7bd1343d4074b/screenshot - {}
RESULT: {}
COMMAND: POST /session/555fcffa8aa83dd925f7bd1343d4074b/execute/async - {"script":"<script> [1562 bytes]","args":[{"selector":{"controlType":"sap.m.SearchField","properties":{"placeholder":"Search"},"searchOpenDialogs":true,"interaction":{"idSuffix":"I"}},"wdio_ui5_key":"sapm.SearchField{\"placeholder\":\"Search\"}"}]}
RESULT: {"script":"<script> [1562 bytes]","args":[{"selector":{"controlType":"sap.m.SearchField","properties":{"placeholder":"Search"},"searchOpenDialogs":true,"interaction":{"idSuffix":"I"}},"wdio_ui5_key":"sapm.SearchField{\"placeholder\":\"Search\"}"}]}
RESULT: undefined
COMMAND: POST /session/555fcffa8aa83dd925f7bd1343d4074b/execute/async - {"script":"<script> [776 bytes]","args":[{"enterText":"10001013","selector":{"controlType":"sap.m.SearchField","properties":{"placeholder":"Search"},"searchOpenDialogs":true,"interaction":{"idSuffix":"I"}},"clearTextFirst":true,"interactionType":"ENTER_TEXT"}]}
RESULT: {"script":"<script> [776 bytes]","args":[{"enterText":"10001013","selector":{"controlType":"sap.m.SearchField","properties":{"placeholder":"Search"},"searchOpenDialogs":true,"interaction":{"idSuffix":"I"}},"clearTextFirst":true,"interactionType":"ENTER_TEXT"}]}
COMMAND: POST /session/555fcffa8aa83dd925f7bd1343d4074b/actions - {"actions":[{"id":"action11","type":"key","parameters":{},"actions":[{"type":"keyDown","value":"î€‡"},{"type":"pause","duration":10},{"type":"keyUp","value":"î€‡"}]}]}
RESULT: {"actions":[{"id":"action11","type":"key","parameters":{},"actions":[{"type":"keyDown","value":"î€‡"},{"type":"pause","duration":10},{"type":"keyUp","value":"î€‡"}]}]}
COMMAND: GET /session/555fcffa8aa83dd925f7bd1343d4074b/screenshot - {}
RESULT: {}
COMMAND: POST /session/555fcffa8aa83dd925f7bd1343d4074b/element - {"using":"xpath","value":"//span[contains(text(), \"General Management\")]"}
RESULT: {"using":"xpath","value":"//span[contains(text(), \"General Management\")]"}
COMMAND: POST /session/555fcffa8aa83dd925f7bd1343d4074b/element/f.9C1E946C17B1C55FC69CCE7EB9D2133F.d.4FCC53AA96521B7B15233118CDD1352C.e.3680/click - {}
RESULT: {}
COMMAND: GET /session/555fcffa8aa83dd925f7bd1343d4074b/screenshot - {}
RESULT: {}
COMMAND: POST /session/555fcffa8aa83dd925f7bd1343d4074b/element - {"using":"xpath","value":"//bdi[contains(text(), \"OK\")]"}
RESULT: {"using":"xpath","value":"//bdi[contains(text(), \"OK\")]"}
COMMAND: POST /session/555fcffa8aa83dd925f7bd1343d4074b/element/f.9C1E946C17B1C55FC69CCE7EB9D2133F.d.4FCC53AA96521B7B15233118CDD1352C.e.3682/click - {}
RESULT: {}
COMMAND: GET /session/555fcffa8aa83dd925f7bd1343d4074b/screenshot - {}
RESULT: {}
COMMAND: POST /session/555fcffa8aa83dd925f7bd1343d4074b/element - {"using":"xpath","value":"//input[@id=\"application-managepartners-display-component---NewPartner--companyCodeComboBox-inner\"]"}
RESULT: {"using":"xpath","value":"//input[@id=\"application-managepartners-display-component---NewPartner--companyCodeComboBox-inner\"]"}
COMMAND: POST /session/555fcffa8aa83dd925f7bd1343d4074b/element/f.9C1E946C17B1C55FC69CCE7EB9D2133F.d.4FCC53AA96521B7B15233118CDD1352C.e.3557/clear - {}
RESULT: {}
COMMAND: POST /session/555fcffa8aa83dd925f7bd1343d4074b/element/f.9C1E946C17B1C55FC69CCE7EB9D2133F.d.4FCC53AA96521B7B15233118CDD1352C.e.3557/value - {"text":"C002"}
COMMAND: GET /session/555fcffa8aa83dd925f7bd1343d4074b/screenshot - {}
RESULT: {"text":"C002"}
COMMAND: GET /session/555fcffa8aa83dd925f7bd1343d4074b/screenshot - {}
RESULT: {}
RESULT: {}
COMMAND: POST /session/555fcffa8aa83dd925f7bd1343d4074b/element - {"using":"xpath","value":"//li[.//span[text()= \"C002\"]]"}
RESULT: {"using":"xpath","value":"//li[.//span[text()= \"C002\"]]"}
COMMAND: POST /session/555fcffa8aa83dd925f7bd1343d4074b/element/f.9C1E946C17B1C55FC69CCE7EB9D2133F.d.4FCC53AA96521B7B15233118CDD1352C.e.3688/click - {}
RESULT: {}
COMMAND: GET /session/555fcffa8aa83dd925f7bd1343d4074b/screenshot - {}
RESULT: {}
COMMAND: POST /session/555fcffa8aa83dd925f7bd1343d4074b/execute/async - {"script":"<script> [1562 bytes]","args":[{"selector":{"id":"application-managepartners-display-component---NewPartner--btnAddTableRow-img"},"wdio_ui5_key":"applicationmanagepartners-display-component---NewPartner--btnAddTableRow-img"}]}
RESULT: {"script":"<script> [1562 bytes]","args":[{"selector":{"id":"application-managepartners-display-component---NewPartner--btnAddTableRow-img"},"wdio_ui5_key":"applicationmanagepartners-display-component---NewPartner--btnAddTableRow-img"}]}
RESULT: undefined
COMMAND: POST /session/555fcffa8aa83dd925f7bd1343d4074b/element - {"using":"xpath","value":"//*[@id=\"application-managepartners-display-component---NewPartner--btnAddTableRow-img\"]"}
RESULT: {"using":"xpath","value":"//*[@id=\"application-managepartners-display-component---NewPartner--btnAddTableRow-img\"]"}
COMMAND: POST /session/555fcffa8aa83dd925f7bd1343d4074b/element/f.9C1E946C17B1C55FC69CCE7EB9D2133F.d.4FCC53AA96521B7B15233118CDD1352C.e.3689/click - {}
RESULT: {}
COMMAND: GET /session/555fcffa8aa83dd925f7bd1343d4074b/screenshot - {}
RESULT: {}
COMMAND: POST /session/555fcffa8aa83dd925f7bd1343d4074b/element - {"using":"xpath","value":"//input[@id=\"application-managepartners-display-component---NewPartner--assignmentYard-application-managepartners-display-component---NewPartner--assignmentsTable-0-inner\"]"}
RESULT: {"using":"xpath","value":"//input[@id=\"application-managepartners-display-component---NewPartner--assignmentYard-application-managepartners-display-component---NewPartner--assignmentsTable-0-inner\"]"}
COMMAND: POST /session/555fcffa8aa83dd925f7bd1343d4074b/element/f.9C1E946C17B1C55FC69CCE7EB9D2133F.d.4FCC53AA96521B7B15233118CDD1352C.e.3692/clear - {}
RESULT: {}
COMMAND: POST /session/555fcffa8aa83dd925f7bd1343d4074b/element/f.9C1E946C17B1C55FC69CCE7EB9D2133F.d.4FCC53AA96521B7B15233118CDD1352C.e.3692/value - {"text":"666"}
COMMAND: GET /session/555fcffa8aa83dd925f7bd1343d4074b/screenshot - {}
RESULT: {"text":"666"}
COMMAND: GET /session/555fcffa8aa83dd925f7bd1343d4074b/screenshot - {}
RESULT: {}
RESULT: {}
COMMAND: POST /session/555fcffa8aa83dd925f7bd1343d4074b/element - {"using":"xpath","value":"//li[.//span[text()='666']]"}
RESULT: {"using":"xpath","value":"//li[.//span[text()='666']]"}
COMMAND: POST /session/555fcffa8aa83dd925f7bd1343d4074b/element/f.9C1E946C17B1C55FC69CCE7EB9D2133F.d.4FCC53AA96521B7B15233118CDD1352C.e.3701/click - {}
RESULT: {}
COMMAND: GET /session/555fcffa8aa83dd925f7bd1343d4074b/screenshot - {}
RESULT: {}
COMMAND: POST /session/555fcffa8aa83dd925f7bd1343d4074b/actions - {"actions":[{"id":"action12","type":"key","parameters":{},"actions":[{"type":"keyDown","value":"î€‡"},{"type":"pause","duration":10},{"type":"keyUp","value":"î€‡"}]}]}
RESULT: {"actions":[{"id":"action12","type":"key","parameters":{},"actions":[{"type":"keyDown","value":"î€‡"},{"type":"pause","duration":10},{"type":"keyUp","value":"î€‡"}]}]}
COMMAND: POST /session/555fcffa8aa83dd925f7bd1343d4074b/execute/async - {"script":"<script> [1562 bytes]","args":[{"selector":{"id":"application-managepartners-display-component---NewPartner--externalCustomerComboBox-application-managepartners-display-component---NewPartner--assignmentsTable-0-vhi"},"wdio_ui5_key":"applicationmanagepartners-display-component---NewPartner--externalCustomerComboBox-application-managepartners-display-component---NewPartner--assignmentsTable-0-vhi"}]}
COMMAND: GET /session/555fcffa8aa83dd925f7bd1343d4074b/screenshot - {}
RESULT: {"script":"<script> [1562 bytes]","args":[{"selector":{"id":"application-managepartners-display-component---NewPartner--externalCustomerComboBox-application-managepartners-display-component---NewPartner--assignmentsTable-0-vhi"},"wdio_ui5_key":"applicationmanagepartners-display-component---NewPartner--externalCustomerComboBox-application-managepartners-display-component---NewPartner--assignmentsTable-0-vhi"}]}
RESULT: undefined
COMMAND: POST /session/555fcffa8aa83dd925f7bd1343d4074b/element - {"using":"xpath","value":"//*[@id=\"application-managepartners-display-component---NewPartner--externalCustomerComboBox-application-managepartners-display-component---NewPartner--assignmentsTable-0-vhi\"]"}
RESULT: {}
RESULT: {"using":"xpath","value":"//*[@id=\"application-managepartners-display-component---NewPartner--externalCustomerComboBox-application-managepartners-display-component---NewPartner--assignmentsTable-0-vhi\"]"}
COMMAND: POST /session/555fcffa8aa83dd925f7bd1343d4074b/element/f.9C1E946C17B1C55FC69CCE7EB9D2133F.d.4FCC53AA96521B7B15233118CDD1352C.e.3705/click - {}
RESULT: {}
RESULT: undefined
COMMAND: POST /session/555fcffa8aa83dd925f7bd1343d4074b/execute/async - {"script":"<script> [776 bytes]","args":[{"enterText":"300003","selector":{"controlType":"sap.m.SearchField","properties":{"placeholder":"Search"},"searchOpenDialogs":true,"interaction":{"idSuffix":"I"}},"clearTextFirst":true,"interactionType":"ENTER_TEXT"}]}
COMMAND: GET /session/555fcffa8aa83dd925f7bd1343d4074b/screenshot - {}
RESULT: {"script":"<script> [776 bytes]","args":[{"enterText":"300003","selector":{"controlType":"sap.m.SearchField","properties":{"placeholder":"Search"},"searchOpenDialogs":true,"interaction":{"idSuffix":"I"}},"clearTextFirst":true,"interactionType":"ENTER_TEXT"}]}
COMMAND: POST /session/555fcffa8aa83dd925f7bd1343d4074b/actions - {"actions":[{"id":"action13","type":"key","parameters":{},"actions":[{"type":"keyDown","value":"î€‡"},{"type":"pause","duration":10},{"type":"keyUp","value":"î€‡"}]}]}
RESULT: {}
RESULT: {"actions":[{"id":"action13","type":"key","parameters":{},"actions":[{"type":"keyDown","value":"î€‡"},{"type":"pause","duration":10},{"type":"keyUp","value":"î€‡"}]}]}
COMMAND: GET /session/555fcffa8aa83dd925f7bd1343d4074b/screenshot - {}
RESULT: {}
COMMAND: POST /session/555fcffa8aa83dd925f7bd1343d4074b/element - {"using":"xpath","value":"//span[contains(text(), \"300003\")]"}
RESULT: {"using":"xpath","value":"//span[contains(text(), \"300003\")]"}
COMMAND: POST /session/555fcffa8aa83dd925f7bd1343d4074b/element/f.9C1E946C17B1C55FC69CCE7EB9D2133F.d.4FCC53AA96521B7B15233118CDD1352C.e.3723/click - {}
RESULT: {}
COMMAND: GET /session/555fcffa8aa83dd925f7bd1343d4074b/screenshot - {}
RESULT: {}
COMMAND: POST /session/555fcffa8aa83dd925f7bd1343d4074b/element - {"using":"xpath","value":"//bdi[contains(text(), \"OK\")]"}
RESULT: {"using":"xpath","value":"//bdi[contains(text(), \"OK\")]"}
COMMAND: POST /session/555fcffa8aa83dd925f7bd1343d4074b/element/f.9C1E946C17B1C55FC69CCE7EB9D2133F.d.4FCC53AA96521B7B15233118CDD1352C.e.3725/click - {}
RESULT: {}
COMMAND: GET /session/555fcffa8aa83dd925f7bd1343d4074b/screenshot - {}
RESULT: {}
COMMAND: POST /session/555fcffa8aa83dd925f7bd1343d4074b/execute/async - {"script":"<script> [1562 bytes]","args":[{"selector":{"id":"application-managepartners-display-component---NewPartner--intercompVendorComboBox-application-managepartners-display-component---NewPartner--assignmentsTable-0-vhi"},"wdio_ui5_key":"applicationmanagepartners-display-component---NewPartner--intercompVendorComboBox-application-managepartners-display-component---NewPartner--assignmentsTable-0-vhi"}]}
RESULT: {"script":"<script> [1562 bytes]","args":[{"selector":{"id":"application-managepartners-display-component---NewPartner--intercompVendorComboBox-application-managepartners-display-component---NewPartner--assignmentsTable-0-vhi"},"wdio_ui5_key":"applicationmanagepartners-display-component---NewPartner--intercompVendorComboBox-application-managepartners-display-component---NewPartner--assignmentsTable-0-vhi"}]}
RESULT: undefined
COMMAND: POST /session/555fcffa8aa83dd925f7bd1343d4074b/element - {"using":"xpath","value":"//*[@id=\"application-managepartners-display-component---NewPartner--intercompVendorComboBox-application-managepartners-display-component---NewPartner--assignmentsTable-0-vhi\"]"}
RESULT: {"using":"xpath","value":"//*[@id=\"application-managepartners-display-component---NewPartner--intercompVendorComboBox-application-managepartners-display-component---NewPartner--assignmentsTable-0-vhi\"]"}
COMMAND: POST /session/555fcffa8aa83dd925f7bd1343d4074b/element/f.9C1E946C17B1C55FC69CCE7EB9D2133F.d.4FCC53AA96521B7B15233118CDD1352C.e.3729/click - {}
RESULT: {}
RESULT: undefined
COMMAND: POST /session/555fcffa8aa83dd925f7bd1343d4074b/execute/async - {"script":"<script> [776 bytes]","args":[{"enterText":"100005","selector":{"controlType":"sap.m.SearchField","properties":{"placeholder":"Search"},"searchOpenDialogs":true,"interaction":{"idSuffix":"I"}},"clearTextFirst":true,"interactionType":"ENTER_TEXT"}]}
COMMAND: GET /session/555fcffa8aa83dd925f7bd1343d4074b/screenshot - {}
RESULT: {"script":"<script> [776 bytes]","args":[{"enterText":"100005","selector":{"controlType":"sap.m.SearchField","properties":{"placeholder":"Search"},"searchOpenDialogs":true,"interaction":{"idSuffix":"I"}},"clearTextFirst":true,"interactionType":"ENTER_TEXT"}]}
COMMAND: POST /session/555fcffa8aa83dd925f7bd1343d4074b/actions - {"actions":[{"id":"action14","type":"key","parameters":{},"actions":[{"type":"keyDown","value":"î€‡"},{"type":"pause","duration":10},{"type":"keyUp","value":"î€‡"}]}]}
RESULT: {}
RESULT: {"actions":[{"id":"action14","type":"key","parameters":{},"actions":[{"type":"keyDown","value":"î€‡"},{"type":"pause","duration":10},{"type":"keyUp","value":"î€‡"}]}]}
COMMAND: GET /session/555fcffa8aa83dd925f7bd1343d4074b/screenshot - {}
RESULT: {}
COMMAND: POST /session/555fcffa8aa83dd925f7bd1343d4074b/element - {"using":"xpath","value":"//span[contains(text(), \"Penguins - Field/12345 Berlin\")]"}
RESULT: {"using":"xpath","value":"//span[contains(text(), \"Penguins - Field/12345 Berlin\")]"}
COMMAND: POST /session/555fcffa8aa83dd925f7bd1343d4074b/element/f.9C1E946C17B1C55FC69CCE7EB9D2133F.d.4FCC53AA96521B7B15233118CDD1352C.e.3748/click - {}
RESULT: {}
COMMAND: GET /session/555fcffa8aa83dd925f7bd1343d4074b/screenshot - {}
RESULT: {}
COMMAND: POST /session/555fcffa8aa83dd925f7bd1343d4074b/element - {"using":"xpath","value":"//bdi[contains(text(), \"OK\")]"}
RESULT: {"using":"xpath","value":"//bdi[contains(text(), \"OK\")]"}
COMMAND: POST /session/555fcffa8aa83dd925f7bd1343d4074b/element/f.9C1E946C17B1C55FC69CCE7EB9D2133F.d.4FCC53AA96521B7B15233118CDD1352C.e.3749/click - {}
RESULT: {}
COMMAND: GET /session/555fcffa8aa83dd925f7bd1343d4074b/screenshot - {}
RESULT: {}
COMMAND: POST /session/555fcffa8aa83dd925f7bd1343d4074b/element - {"using":"xpath","value":"//button[@data-kt=\"saveButton\"]"}
RESULT: {"using":"xpath","value":"//button[@data-kt=\"saveButton\"]"}
COMMAND: POST /session/555fcffa8aa83dd925f7bd1343d4074b/element/f.9C1E946C17B1C55FC69CCE7EB9D2133F.d.4FCC53AA96521B7B15233118CDD1352C.e.3621/click - {}
RESULT: {}
COMMAND: GET /session/555fcffa8aa83dd925f7bd1343d4074b/screenshot - {}
RESULT: {}
COMMAND: POST /session/555fcffa8aa83dd925f7bd1343d4074b/element - {"using":"xpath","value":"//header[contains(@id, 'ObjectPageLayout-headerTitle')]/div[1]/div[2]/div[2]/span[1]"}
RESULT: {"using":"xpath","value":"//header[contains(@id, 'ObjectPageLayout-headerTitle')]/div[1]/div[2]/div[2]/span[1]"}
COMMAND: POST /session/555fcffa8aa83dd925f7bd1343d4074b/elements - {"using":"xpath","value":"//header[contains(@id, 'ObjectPageLayout-headerTitle')]/div[1]/div[2]/div[2]/span[1]"}
RESULT: {"using":"xpath","value":"//header[contains(@id, 'ObjectPageLayout-headerTitle')]/div[1]/div[2]/div[2]/span[1]"}
COMMAND: POST /session/555fcffa8aa83dd925f7bd1343d4074b/execute/sync - {"script":"<script> [56 bytes]","args":[{"element-6066-11e4-a52e-4f735466cecf":"f.9C1E946C17B1C55FC69CCE7EB9D2133F.d.4FCC53AA96521B7B15233118CDD1352C.e.3915","ELEMENT":"f.9C1E946C17B1C55FC69CCE7EB9D2133F.d.4FCC53AA96521B7B15233118CDD1352C.e.3915"}]}
RESULT: {"script":"<script> [56 bytes]","args":[{"element-6066-11e4-a52e-4f735466cecf":"f.9C1E946C17B1C55FC69CCE7EB9D2133F.d.4FCC53AA96521B7B15233118CDD1352C.e.3915","ELEMENT":"f.9C1E946C17B1C55FC69CCE7EB9D2133F.d.4FCC53AA96521B7B15233118CDD1352C.e.3915"}]}
COMMAND: POST /session/555fcffa8aa83dd925f7bd1343d4074b/element - {"using":"css selector","value":"#shell-header-logo"}
COMMAND: GET /session/555fcffa8aa83dd925f7bd1343d4074b/screenshot - {}
RESULT: {"using":"css selector","value":"#shell-header-logo"}
COMMAND: POST /session/555fcffa8aa83dd925f7bd1343d4074b/element/f.9C1E946C17B1C55FC69CCE7EB9D2133F.d.4FCC53AA96521B7B15233118CDD1352C.e.3159/click - {}
RESULT: {}
RESULT: {}
COMMAND: GET /session/555fcffa8aa83dd925f7bd1343d4074b/screenshot - {}
RESULT: {}
COMMAND: POST /session/555fcffa8aa83dd925f7bd1343d4074b/execute/sync - {"script":"<script> [299 bytes]","args":[["getModel","getResource"]]}
RESULT: {"script":"<script> [299 bytes]","args":[["getModel","getResource"]]}
COMMAND: GET /session/555fcffa8aa83dd925f7bd1343d4074b/screenshot - {}
]]></system-out>
    </testcase>
    <testcase classname="chrome.135_0_7049_115.windows.Edit_and_delete_daily_price_US134629_US134627" name="Should create a new site used for following tests" time="104.294">
      <system-out><![CDATA[
COMMAND: POST /session/555fcffa8aa83dd925f7bd1343d4074b/execute/async - {"script":"<script> [1562 bytes]","args":[{"selector":{"controlType":"sap.m.TileContent","bindingPath":{"path":"","propertyPath":"/properties/info"},"ancestor":{"controlType":"sap.m.GenericTile","properties":{"header":"Manage Sites"}}},"wdio_ui5_key":"sapm.TileContent{\"path\":\"\",\"propertyPath\":\"/properties/info\"}{\"controlType\":\"sap.m.GenericTile\",\"properties\":{\"header\":\"Manage Sites\"}}"}]}
RESULT: {"script":"<script> [1562 bytes]","args":[{"selector":{"controlType":"sap.m.TileContent","bindingPath":{"path":"","propertyPath":"/properties/info"},"ancestor":{"controlType":"sap.m.GenericTile","properties":{"header":"Manage Sites"}}},"wdio_ui5_key":"sapm.TileContent{\"path\":\"\",\"propertyPath\":\"/properties/info\"}{\"controlType\":\"sap.m.GenericTile\",\"properties\":{\"header\":\"Manage Sites\"}}"}]}
RESULT: undefined
COMMAND: POST /session/555fcffa8aa83dd925f7bd1343d4074b/element - {"using":"xpath","value":"//*[@id=\"__xmlview7--numericTileContent\"]"}
RESULT: {}
RESULT: {"using":"xpath","value":"//*[@id=\"__xmlview7--numericTileContent\"]"}
COMMAND: POST /session/555fcffa8aa83dd925f7bd1343d4074b/element/f.9C1E946C17B1C55FC69CCE7EB9D2133F.d.4FCC53AA96521B7B15233118CDD1352C.e.3917/click - {}
RESULT: {}
COMMAND: POST /session/555fcffa8aa83dd925f7bd1343d4074b/element - {"using":"xpath","value":"//button[@data-kt=\"addOverflowToolbarButton\"]"}
COMMAND: GET /session/555fcffa8aa83dd925f7bd1343d4074b/screenshot - {}
RESULT: {"using":"xpath","value":"//button[@data-kt=\"addOverflowToolbarButton\"]"}
COMMAND: POST /session/555fcffa8aa83dd925f7bd1343d4074b/elements - {"using":"xpath","value":"//button[@data-kt=\"addOverflowToolbarButton\"]"}
RESULT: {}
RESULT: {"using":"xpath","value":"//button[@data-kt=\"addOverflowToolbarButton\"]"}
COMMAND: POST /session/555fcffa8aa83dd925f7bd1343d4074b/elements - {"using":"xpath","value":"//button[@data-kt=\"addOverflowToolbarButton\"]"}
RESULT: {"using":"xpath","value":"//button[@data-kt=\"addOverflowToolbarButton\"]"}
COMMAND: POST /session/555fcffa8aa83dd925f7bd1343d4074b/elements - {"using":"xpath","value":"//button[@data-kt=\"addOverflowToolbarButton\"]"}
RESULT: {"using":"xpath","value":"//button[@data-kt=\"addOverflowToolbarButton\"]"}
COMMAND: POST /session/555fcffa8aa83dd925f7bd1343d4074b/elements - {"using":"xpath","value":"//button[@data-kt=\"addOverflowToolbarButton\"]"}
RESULT: {"using":"xpath","value":"//button[@data-kt=\"addOverflowToolbarButton\"]"}
COMMAND: POST /session/555fcffa8aa83dd925f7bd1343d4074b/element - {"using":"xpath","value":"//button[@data-kt=\"addOverflowToolbarButton\"]"}
RESULT: {"using":"xpath","value":"//button[@data-kt=\"addOverflowToolbarButton\"]"}
COMMAND: POST /session/555fcffa8aa83dd925f7bd1343d4074b/execute/sync - {"script":"<script> [8489 bytes]","args":[{"element-6066-11e4-a52e-4f735466cecf":"f.9C1E946C17B1C55FC69CCE7EB9D2133F.d.4FCC53AA96521B7B15233118CDD1352C.e.3963","ELEMENT":"f.9C1E946C17B1C55FC69CCE7EB9D2133F.d.4FCC53AA96521B7B15233118CDD1352C.e.3963"}]}
RESULT: {"script":"<script> [8489 bytes]","args":[{"element-6066-11e4-a52e-4f735466cecf":"f.9C1E946C17B1C55FC69CCE7EB9D2133F.d.4FCC53AA96521B7B15233118CDD1352C.e.3963","ELEMENT":"f.9C1E946C17B1C55FC69CCE7EB9D2133F.d.4FCC53AA96521B7B15233118CDD1352C.e.3963"}]}
COMMAND: GET /session/555fcffa8aa83dd925f7bd1343d4074b/element/f.9C1E946C17B1C55FC69CCE7EB9D2133F.d.4FCC53AA96521B7B15233118CDD1352C.e.3963/enabled - {}
COMMAND: GET /session/555fcffa8aa83dd925f7bd1343d4074b/screenshot - {}
RESULT: {}
COMMAND: POST /session/555fcffa8aa83dd925f7bd1343d4074b/execute/sync - {"script":"<script> [8489 bytes]","args":[{"element-6066-11e4-a52e-4f735466cecf":"f.9C1E946C17B1C55FC69CCE7EB9D2133F.d.4FCC53AA96521B7B15233118CDD1352C.e.3963","ELEMENT":"f.9C1E946C17B1C55FC69CCE7EB9D2133F.d.4FCC53AA96521B7B15233118CDD1352C.e.3963"}]}
COMMAND: GET /session/555fcffa8aa83dd925f7bd1343d4074b/screenshot - {}
RESULT: {}
RESULT: {"script":"<script> [8489 bytes]","args":[{"element-6066-11e4-a52e-4f735466cecf":"f.9C1E946C17B1C55FC69CCE7EB9D2133F.d.4FCC53AA96521B7B15233118CDD1352C.e.3963","ELEMENT":"f.9C1E946C17B1C55FC69CCE7EB9D2133F.d.4FCC53AA96521B7B15233118CDD1352C.e.3963"}]}
COMMAND: POST /session/555fcffa8aa83dd925f7bd1343d4074b/execute/sync - {"script":"<script> [5351 bytes]","args":[{"element-6066-11e4-a52e-4f735466cecf":"f.9C1E946C17B1C55FC69CCE7EB9D2133F.d.4FCC53AA96521B7B15233118CDD1352C.e.3963","ELEMENT":"f.9C1E946C17B1C55FC69CCE7EB9D2133F.d.4FCC53AA96521B7B15233118CDD1352C.e.3963"}]}
COMMAND: GET /session/555fcffa8aa83dd925f7bd1343d4074b/screenshot - {}
RESULT: {}
RESULT: {"script":"<script> [5351 bytes]","args":[{"element-6066-11e4-a52e-4f735466cecf":"f.9C1E946C17B1C55FC69CCE7EB9D2133F.d.4FCC53AA96521B7B15233118CDD1352C.e.3963","ELEMENT":"f.9C1E946C17B1C55FC69CCE7EB9D2133F.d.4FCC53AA96521B7B15233118CDD1352C.e.3963"}]}
COMMAND: POST /session/555fcffa8aa83dd925f7bd1343d4074b/element/f.9C1E946C17B1C55FC69CCE7EB9D2133F.d.4FCC53AA96521B7B15233118CDD1352C.e.3963/click - {}
COMMAND: GET /session/555fcffa8aa83dd925f7bd1343d4074b/screenshot - {}
RESULT: {}
RESULT: {}
COMMAND: GET /session/555fcffa8aa83dd925f7bd1343d4074b/screenshot - {}
COMMAND: POST /session/555fcffa8aa83dd925f7bd1343d4074b/element - {"using":"xpath","value":"//input[@id=\"application-managesites-display-component---NewSite--siteId-inner\"]"}
RESULT: {}
RESULT: {}
RESULT: {"using":"xpath","value":"//input[@id=\"application-managesites-display-component---NewSite--siteId-inner\"]"}
COMMAND: POST /session/555fcffa8aa83dd925f7bd1343d4074b/element - {"using":"xpath","value":"//input[@id=\"application-managesites-display-component---NewSite--siteId-inner\"]"}
RESULT: {"using":"xpath","value":"//input[@id=\"application-managesites-display-component---NewSite--siteId-inner\"]"}
COMMAND: POST /session/555fcffa8aa83dd925f7bd1343d4074b/execute/async - {"script":"<script> [1562 bytes]","args":[{"selector":{"id":"application-managesites-display-component---NewSite--addressDetailDetailsName1","interaction":{"idSuffix":"inner"}},"wdio_ui5_key":"applicationmanagesites-display-component---NewSite--addressDetailDetailsName1"}]}
RESULT: {"script":"<script> [1562 bytes]","args":[{"selector":{"id":"application-managesites-display-component---NewSite--addressDetailDetailsName1","interaction":{"idSuffix":"inner"}},"wdio_ui5_key":"applicationmanagesites-display-component---NewSite--addressDetailDetailsName1"}]}
RESULT: undefined
COMMAND: POST /session/555fcffa8aa83dd925f7bd1343d4074b/execute/async - {"script":"<script> [776 bytes]","args":[{"enterText":"DailyPrice WDIO","selector":{"id":"application-managesites-display-component---NewSite--addressDetailDetailsName1","interaction":{"idSuffix":"inner"}},"clearTextFirst":true,"interactionType":"ENTER_TEXT"}]}
RESULT: {"script":"<script> [776 bytes]","args":[{"enterText":"DailyPrice WDIO","selector":{"id":"application-managesites-display-component---NewSite--addressDetailDetailsName1","interaction":{"idSuffix":"inner"}},"clearTextFirst":true,"interactionType":"ENTER_TEXT"}]}
COMMAND: POST /session/555fcffa8aa83dd925f7bd1343d4074b/execute/async - {"script":"<script> [1562 bytes]","args":[{"selector":{"id":"application-managesites-display-component---NewSite--addressDetailDetailsLanguage-arrow"},"wdio_ui5_key":"applicationmanagesites-display-component---NewSite--addressDetailDetailsLanguage-arrow"}]}
RESULT: {"script":"<script> [1562 bytes]","args":[{"selector":{"id":"application-managesites-display-component---NewSite--addressDetailDetailsLanguage-arrow"},"wdio_ui5_key":"applicationmanagesites-display-component---NewSite--addressDetailDetailsLanguage-arrow"}]}
RESULT: undefined
COMMAND: POST /session/555fcffa8aa83dd925f7bd1343d4074b/element - {"using":"xpath","value":"//*[@id=\"application-managesites-display-component---NewSite--addressDetailDetailsLanguage-arrow\"]"}
RESULT: {"using":"xpath","value":"//*[@id=\"application-managesites-display-component---NewSite--addressDetailDetailsLanguage-arrow\"]"}
COMMAND: POST /session/555fcffa8aa83dd925f7bd1343d4074b/element/f.9C1E946C17B1C55FC69CCE7EB9D2133F.d.4FCC53AA96521B7B15233118CDD1352C.e.4593/click - {}
RESULT: {}
COMMAND: POST /session/555fcffa8aa83dd925f7bd1343d4074b/element - {"using":"xpath","value":"//span[contains(text(), \"English\")]"}
COMMAND: GET /session/555fcffa8aa83dd925f7bd1343d4074b/screenshot - {}
RESULT: {"using":"xpath","value":"//span[contains(text(), \"English\")]"}
COMMAND: POST /session/555fcffa8aa83dd925f7bd1343d4074b/element/f.9C1E946C17B1C55FC69CCE7EB9D2133F.d.4FCC53AA96521B7B15233118CDD1352C.e.4594/click - {}
RESULT: {}
RESULT: {}
COMMAND: POST /session/555fcffa8aa83dd925f7bd1343d4074b/execute/async - {"script":"<script> [1562 bytes]","args":[{"selector":{"id":"application-managesites-display-component---NewSite--addressDetailDetailsCity1","interaction":{"idSuffix":"inner"}},"wdio_ui5_key":"applicationmanagesites-display-component---NewSite--addressDetailDetailsCity1"}]}
COMMAND: GET /session/555fcffa8aa83dd925f7bd1343d4074b/screenshot - {}
RESULT: {"script":"<script> [1562 bytes]","args":[{"selector":{"id":"application-managesites-display-component---NewSite--addressDetailDetailsCity1","interaction":{"idSuffix":"inner"}},"wdio_ui5_key":"applicationmanagesites-display-component---NewSite--addressDetailDetailsCity1"}]}
RESULT: undefined
COMMAND: POST /session/555fcffa8aa83dd925f7bd1343d4074b/execute/async - {"script":"<script> [776 bytes]","args":[{"enterText":"Rosario","selector":{"id":"application-managesites-display-component---NewSite--addressDetailDetailsCity1","interaction":{"idSuffix":"inner"}},"clearTextFirst":true,"interactionType":"ENTER_TEXT"}]}
RESULT: {}
RESULT: {"script":"<script> [776 bytes]","args":[{"enterText":"Rosario","selector":{"id":"application-managesites-display-component---NewSite--addressDetailDetailsCity1","interaction":{"idSuffix":"inner"}},"clearTextFirst":true,"interactionType":"ENTER_TEXT"}]}
COMMAND: POST /session/555fcffa8aa83dd925f7bd1343d4074b/execute/async - {"script":"<script> [1562 bytes]","args":[{"selector":{"id":"application-managesites-display-component---NewSite--addressDetailDetailsCountry-arrow"},"wdio_ui5_key":"applicationmanagesites-display-component---NewSite--addressDetailDetailsCountry-arrow"}]}
RESULT: {"script":"<script> [1562 bytes]","args":[{"selector":{"id":"application-managesites-display-component---NewSite--addressDetailDetailsCountry-arrow"},"wdio_ui5_key":"applicationmanagesites-display-component---NewSite--addressDetailDetailsCountry-arrow"}]}
RESULT: undefined
COMMAND: POST /session/555fcffa8aa83dd925f7bd1343d4074b/element - {"using":"xpath","value":"//*[@id=\"application-managesites-display-component---NewSite--addressDetailDetailsCountry-arrow\"]"}
RESULT: {"using":"xpath","value":"//*[@id=\"application-managesites-display-component---NewSite--addressDetailDetailsCountry-arrow\"]"}
COMMAND: POST /session/555fcffa8aa83dd925f7bd1343d4074b/element/f.9C1E946C17B1C55FC69CCE7EB9D2133F.d.4FCC53AA96521B7B15233118CDD1352C.e.4596/click - {}
RESULT: {}
COMMAND: POST /session/555fcffa8aa83dd925f7bd1343d4074b/element - {"using":"xpath","value":"//span[contains(text(), \"Argentina\")]"}
COMMAND: GET /session/555fcffa8aa83dd925f7bd1343d4074b/screenshot - {}
RESULT: {"using":"xpath","value":"//span[contains(text(), \"Argentina\")]"}
COMMAND: POST /session/555fcffa8aa83dd925f7bd1343d4074b/element/f.9C1E946C17B1C55FC69CCE7EB9D2133F.d.4FCC53AA96521B7B15233118CDD1352C.e.4598/click - {}
RESULT: {}
RESULT: {}
COMMAND: GET /session/555fcffa8aa83dd925f7bd1343d4074b/screenshot - {}
RESULT: {}
COMMAND: POST /session/555fcffa8aa83dd925f7bd1343d4074b/execute/async - {"script":"<script> [1562 bytes]","args":[{"selector":{"id":"application-managesites-display-component---NewSite--addressEditDetailsCostObjectCstType-arrow"},"wdio_ui5_key":"applicationmanagesites-display-component---NewSite--addressEditDetailsCostObjectCstType-arrow"}]}
RESULT: {"script":"<script> [1562 bytes]","args":[{"selector":{"id":"application-managesites-display-component---NewSite--addressEditDetailsCostObjectCstType-arrow"},"wdio_ui5_key":"applicationmanagesites-display-component---NewSite--addressEditDetailsCostObjectCstType-arrow"}]}
RESULT: undefined
COMMAND: POST /session/555fcffa8aa83dd925f7bd1343d4074b/element - {"using":"xpath","value":"//*[@id=\"application-managesites-display-component---NewSite--addressEditDetailsCostObjectCstType-arrow\"]"}
RESULT: {"using":"xpath","value":"//*[@id=\"application-managesites-display-component---NewSite--addressEditDetailsCostObjectCstType-arrow\"]"}
COMMAND: POST /session/555fcffa8aa83dd925f7bd1343d4074b/element/f.9C1E946C17B1C55FC69CCE7EB9D2133F.d.4FCC53AA96521B7B15233118CDD1352C.e.4599/click - {}
RESULT: {}
COMMAND: POST /session/555fcffa8aa83dd925f7bd1343d4074b/element - {"using":"xpath","value":"//span[contains(text(), \"Cost Center\")]"}
COMMAND: GET /session/555fcffa8aa83dd925f7bd1343d4074b/screenshot - {}
RESULT: {"using":"xpath","value":"//span[contains(text(), \"Cost Center\")]"}
COMMAND: POST /session/555fcffa8aa83dd925f7bd1343d4074b/element/f.9C1E946C17B1C55FC69CCE7EB9D2133F.d.4FCC53AA96521B7B15233118CDD1352C.e.4600/click - {}
RESULT: {}
RESULT: {}
COMMAND: GET /session/555fcffa8aa83dd925f7bd1343d4074b/screenshot - {}
RESULT: {}
COMMAND: POST /session/555fcffa8aa83dd925f7bd1343d4074b/element - {"using":"xpath","value":"//span[@id=\"application-managesites-display-component---NewSite--addressNewCostObjectCstID-vhi\"]"}
RESULT: {"using":"xpath","value":"//span[@id=\"application-managesites-display-component---NewSite--addressNewCostObjectCstID-vhi\"]"}
COMMAND: POST /session/555fcffa8aa83dd925f7bd1343d4074b/execute/sync - {"script":"<script> [8489 bytes]","args":[{"element-6066-11e4-a52e-4f735466cecf":"f.9C1E946C17B1C55FC69CCE7EB9D2133F.d.4FCC53AA96521B7B15233118CDD1352C.e.4604","ELEMENT":"f.9C1E946C17B1C55FC69CCE7EB9D2133F.d.4FCC53AA96521B7B15233118CDD1352C.e.4604"}]}
RESULT: {"script":"<script> [8489 bytes]","args":[{"element-6066-11e4-a52e-4f735466cecf":"f.9C1E946C17B1C55FC69CCE7EB9D2133F.d.4FCC53AA96521B7B15233118CDD1352C.e.4604","ELEMENT":"f.9C1E946C17B1C55FC69CCE7EB9D2133F.d.4FCC53AA96521B7B15233118CDD1352C.e.4604"}]}
COMMAND: POST /session/555fcffa8aa83dd925f7bd1343d4074b/execute/async - {"script":"<script> [1562 bytes]","args":[{"selector":{"id":"application-managesites-display-component---NewSite--addressNewCostObjectCstID-vhi"},"wdio_ui5_key":"applicationmanagesites-display-component---NewSite--addressNewCostObjectCstID-vhi"}]}
COMMAND: GET /session/555fcffa8aa83dd925f7bd1343d4074b/screenshot - {}
RESULT: {"script":"<script> [1562 bytes]","args":[{"selector":{"id":"application-managesites-display-component---NewSite--addressNewCostObjectCstID-vhi"},"wdio_ui5_key":"applicationmanagesites-display-component---NewSite--addressNewCostObjectCstID-vhi"}]}
RESULT: undefined
COMMAND: POST /session/555fcffa8aa83dd925f7bd1343d4074b/element - {"using":"xpath","value":"//*[@id=\"application-managesites-display-component---NewSite--addressNewCostObjectCstID-vhi\"]"}
RESULT: {}
RESULT: {"using":"xpath","value":"//*[@id=\"application-managesites-display-component---NewSite--addressNewCostObjectCstID-vhi\"]"}
COMMAND: POST /session/555fcffa8aa83dd925f7bd1343d4074b/element/f.9C1E946C17B1C55FC69CCE7EB9D2133F.d.4FCC53AA96521B7B15233118CDD1352C.e.4604/click - {}
RESULT: {}
COMMAND: GET /session/555fcffa8aa83dd925f7bd1343d4074b/screenshot - {}
RESULT: {}
RESULT: undefined
COMMAND: POST /session/555fcffa8aa83dd925f7bd1343d4074b/execute/async - {"script":"<script> [776 bytes]","args":[{"enterText":"10001013","selector":{"controlType":"sap.m.SearchField","properties":{"placeholder":"Search"},"searchOpenDialogs":true,"interaction":{"idSuffix":"I"}},"clearTextFirst":true,"interactionType":"ENTER_TEXT"}]}
RESULT: {"script":"<script> [776 bytes]","args":[{"enterText":"10001013","selector":{"controlType":"sap.m.SearchField","properties":{"placeholder":"Search"},"searchOpenDialogs":true,"interaction":{"idSuffix":"I"}},"clearTextFirst":true,"interactionType":"ENTER_TEXT"}]}
COMMAND: POST /session/555fcffa8aa83dd925f7bd1343d4074b/actions - {"actions":[{"id":"action15","type":"key","parameters":{},"actions":[{"type":"keyDown","value":"î€‡"},{"type":"pause","duration":10},{"type":"keyUp","value":"î€‡"}]}]}
RESULT: {"actions":[{"id":"action15","type":"key","parameters":{},"actions":[{"type":"keyDown","value":"î€‡"},{"type":"pause","duration":10},{"type":"keyUp","value":"î€‡"}]}]}
COMMAND: GET /session/555fcffa8aa83dd925f7bd1343d4074b/screenshot - {}
RESULT: {}
COMMAND: POST /session/555fcffa8aa83dd925f7bd1343d4074b/element - {"using":"xpath","value":"//span[contains(text(), \"General Management\")]"}
RESULT: {"using":"xpath","value":"//span[contains(text(), \"General Management\")]"}
COMMAND: POST /session/555fcffa8aa83dd925f7bd1343d4074b/element/f.9C1E946C17B1C55FC69CCE7EB9D2133F.d.4FCC53AA96521B7B15233118CDD1352C.e.4642/click - {}
RESULT: {}
COMMAND: GET /session/555fcffa8aa83dd925f7bd1343d4074b/screenshot - {}
RESULT: {}
COMMAND: POST /session/555fcffa8aa83dd925f7bd1343d4074b/element - {"using":"xpath","value":"//bdi[contains(text(), \"OK\")]"}
RESULT: {"using":"xpath","value":"//bdi[contains(text(), \"OK\")]"}
COMMAND: POST /session/555fcffa8aa83dd925f7bd1343d4074b/element/f.9C1E946C17B1C55FC69CCE7EB9D2133F.d.4FCC53AA96521B7B15233118CDD1352C.e.4643/click - {}
RESULT: {}
COMMAND: GET /session/555fcffa8aa83dd925f7bd1343d4074b/screenshot - {}
RESULT: {}
COMMAND: POST /session/555fcffa8aa83dd925f7bd1343d4074b/element - {"using":"xpath","value":"//input[@id=\"application-managesites-display-component---NewSite--addressDetailDetailsCalendar-inner\"]"}
RESULT: {"using":"xpath","value":"//input[@id=\"application-managesites-display-component---NewSite--addressDetailDetailsCalendar-inner\"]"}
COMMAND: POST /session/555fcffa8aa83dd925f7bd1343d4074b/element/f.9C1E946C17B1C55FC69CCE7EB9D2133F.d.4FCC53AA96521B7B15233118CDD1352C.e.4393/clear - {}
RESULT: {}
COMMAND: POST /session/555fcffa8aa83dd925f7bd1343d4074b/element/f.9C1E946C17B1C55FC69CCE7EB9D2133F.d.4FCC53AA96521B7B15233118CDD1352C.e.4393/value - {"text":"Unit"}
COMMAND: GET /session/555fcffa8aa83dd925f7bd1343d4074b/screenshot - {}
RESULT: {"text":"Unit"}
COMMAND: GET /session/555fcffa8aa83dd925f7bd1343d4074b/screenshot - {}
RESULT: {}
RESULT: {}
COMMAND: POST /session/555fcffa8aa83dd925f7bd1343d4074b/actions - {"actions":[{"id":"action16","type":"key","parameters":{},"actions":[{"type":"keyDown","value":"î€‡"},{"type":"pause","duration":10},{"type":"keyUp","value":"î€‡"}]}]}
RESULT: {"actions":[{"id":"action16","type":"key","parameters":{},"actions":[{"type":"keyDown","value":"î€‡"},{"type":"pause","duration":10},{"type":"keyUp","value":"î€‡"}]}]}
COMMAND: POST /session/555fcffa8aa83dd925f7bd1343d4074b/element - {"using":"xpath","value":"//input[@id=\"application-managesites-display-component---NewSite--addressDetailDetailsYard-inner\"]"}
COMMAND: GET /session/555fcffa8aa83dd925f7bd1343d4074b/screenshot - {}
RESULT: {"using":"xpath","value":"//input[@id=\"application-managesites-display-component---NewSite--addressDetailDetailsYard-inner\"]"}
COMMAND: POST /session/555fcffa8aa83dd925f7bd1343d4074b/element/f.9C1E946C17B1C55FC69CCE7EB9D2133F.d.4FCC53AA96521B7B15233118CDD1352C.e.4394/clear - {}
RESULT: {}
COMMAND: POST /session/555fcffa8aa83dd925f7bd1343d4074b/element/f.9C1E946C17B1C55FC69CCE7EB9D2133F.d.4FCC53AA96521B7B15233118CDD1352C.e.4394/value - {"text":"666"}
RESULT: {}
COMMAND: GET /session/555fcffa8aa83dd925f7bd1343d4074b/screenshot - {}
RESULT: {"text":"666"}
COMMAND: GET /session/555fcffa8aa83dd925f7bd1343d4074b/screenshot - {}
RESULT: {}
RESULT: {}
COMMAND: POST /session/555fcffa8aa83dd925f7bd1343d4074b/element - {"using":"xpath","value":"//li[.//span[text()='666']]"}
RESULT: {"using":"xpath","value":"//li[.//span[text()='666']]"}
COMMAND: POST /session/555fcffa8aa83dd925f7bd1343d4074b/element/f.9C1E946C17B1C55FC69CCE7EB9D2133F.d.4FCC53AA96521B7B15233118CDD1352C.e.4651/click - {}
RESULT: {}
COMMAND: GET /session/555fcffa8aa83dd925f7bd1343d4074b/screenshot - {}
RESULT: {}
COMMAND: POST /session/555fcffa8aa83dd925f7bd1343d4074b/element - {"using":"xpath","value":"//input[@id=\"application-managesites-display-component---NewSite--addressDetailDetailsPartner-inner\"]"}
RESULT: {"using":"xpath","value":"//input[@id=\"application-managesites-display-component---NewSite--addressDetailDetailsPartner-inner\"]"}
COMMAND: POST /session/555fcffa8aa83dd925f7bd1343d4074b/element - {"using":"xpath","value":"//input[@id=\"application-managesites-display-component---NewSite--addressDetailDetailsPartner-inner\"]"}
RESULT: {"using":"xpath","value":"//input[@id=\"application-managesites-display-component---NewSite--addressDetailDetailsPartner-inner\"]"}
COMMAND: POST /session/555fcffa8aa83dd925f7bd1343d4074b/element - {"using":"xpath","value":"//button[@data-kt=\"saveButton\"]"}
RESULT: {"using":"xpath","value":"//button[@data-kt=\"saveButton\"]"}
COMMAND: POST /session/555fcffa8aa83dd925f7bd1343d4074b/element/f.9C1E946C17B1C55FC69CCE7EB9D2133F.d.4FCC53AA96521B7B15233118CDD1352C.e.4586/click - {}
RESULT: {}
COMMAND: GET /session/555fcffa8aa83dd925f7bd1343d4074b/screenshot - {}
COMMAND: POST /session/555fcffa8aa83dd925f7bd1343d4074b/element - {"using":"xpath","value":"//header[contains(@id, 'ObjectPageLayout-headerTitle')]/div[1]/div[2]/div[2]/span[1]"}
RESULT: {}
RESULT: {"using":"xpath","value":"//header[contains(@id, 'ObjectPageLayout-headerTitle')]/div[1]/div[2]/div[2]/span[1]"}
COMMAND: POST /session/555fcffa8aa83dd925f7bd1343d4074b/elements - {"using":"xpath","value":"//header[contains(@id, 'ObjectPageLayout-headerTitle')]/div[1]/div[2]/div[2]/span[1]"}
RESULT: {"using":"xpath","value":"//header[contains(@id, 'ObjectPageLayout-headerTitle')]/div[1]/div[2]/div[2]/span[1]"}
COMMAND: POST /session/555fcffa8aa83dd925f7bd1343d4074b/execute/sync - {"script":"<script> [56 bytes]","args":[{"element-6066-11e4-a52e-4f735466cecf":"f.9C1E946C17B1C55FC69CCE7EB9D2133F.d.4FCC53AA96521B7B15233118CDD1352C.e.4857","ELEMENT":"f.9C1E946C17B1C55FC69CCE7EB9D2133F.d.4FCC53AA96521B7B15233118CDD1352C.e.4857"}]}
RESULT: {"script":"<script> [56 bytes]","args":[{"element-6066-11e4-a52e-4f735466cecf":"f.9C1E946C17B1C55FC69CCE7EB9D2133F.d.4FCC53AA96521B7B15233118CDD1352C.e.4857","ELEMENT":"f.9C1E946C17B1C55FC69CCE7EB9D2133F.d.4FCC53AA96521B7B15233118CDD1352C.e.4857"}]}
COMMAND: POST /session/555fcffa8aa83dd925f7bd1343d4074b/element - {"using":"css selector","value":"#shell-header-logo"}
COMMAND: GET /session/555fcffa8aa83dd925f7bd1343d4074b/screenshot - {}
RESULT: {"using":"css selector","value":"#shell-header-logo"}
COMMAND: POST /session/555fcffa8aa83dd925f7bd1343d4074b/element/f.9C1E946C17B1C55FC69CCE7EB9D2133F.d.4FCC53AA96521B7B15233118CDD1352C.e.3921/click - {}
RESULT: {}
RESULT: {}
COMMAND: GET /session/555fcffa8aa83dd925f7bd1343d4074b/screenshot - {}
RESULT: {}
COMMAND: POST /session/555fcffa8aa83dd925f7bd1343d4074b/execute/sync - {"script":"<script> [299 bytes]","args":[["getModel","getResource"]]}
RESULT: {"script":"<script> [299 bytes]","args":[["getModel","getResource"]]}
COMMAND: GET /session/555fcffa8aa83dd925f7bd1343d4074b/screenshot - {}
]]></system-out>
    </testcase>
    <testcase classname="chrome.135_0_7049_115.windows.Edit_and_delete_daily_price_US134629_US134627" name="Should go to Manage Conditions Daily Price and add the 2 rows one with yard site and one with yard" time="87.082">
      <system-out><![CDATA[
COMMAND: POST /session/555fcffa8aa83dd925f7bd1343d4074b/window/fullscreen - {}
RESULT: {}
RESULT: {}
COMMAND: POST /session/555fcffa8aa83dd925f7bd1343d4074b/execute/async - {"script":"<script> [1562 bytes]","args":[{"selector":{"controlType":"sap.m.GenericTile","properties":{"header":"Manage Conditions & Prices"}},"wdio_ui5_key":"sapm.GenericTile{\"header\":\"Manage Conditions & Prices\"}"}]}
RESULT: {"script":"<script> [1562 bytes]","args":[{"selector":{"controlType":"sap.m.GenericTile","properties":{"header":"Manage Conditions & Prices"}},"wdio_ui5_key":"sapm.GenericTile{\"header\":\"Manage Conditions & Prices\"}"}]}
RESULT: undefined
COMMAND: POST /session/555fcffa8aa83dd925f7bd1343d4074b/element - {"using":"xpath","value":"//*[@id=\"__tile53\"]"}
RESULT: {"using":"xpath","value":"//*[@id=\"__tile53\"]"}
COMMAND: POST /session/555fcffa8aa83dd925f7bd1343d4074b/element/f.9C1E946C17B1C55FC69CCE7EB9D2133F.d.4FCC53AA96521B7B15233118CDD1352C.e.3093/click - {}
RESULT: {}
COMMAND: POST /session/555fcffa8aa83dd925f7bd1343d4074b/element - {"using":"xpath","value":"//button[@aria-label=\"Create\"]"}
COMMAND: GET /session/555fcffa8aa83dd925f7bd1343d4074b/screenshot - {}
RESULT: {"using":"xpath","value":"//button[@aria-label=\"Create\"]"}
COMMAND: POST /session/555fcffa8aa83dd925f7bd1343d4074b/elements - {"using":"xpath","value":"//button[@aria-label=\"Create\"]"}
RESULT: {}
RESULT: {"using":"xpath","value":"//button[@aria-label=\"Create\"]"}
COMMAND: POST /session/555fcffa8aa83dd925f7bd1343d4074b/elements - {"using":"xpath","value":"//button[@aria-label=\"Create\"]"}
RESULT: {"using":"xpath","value":"//button[@aria-label=\"Create\"]"}
COMMAND: POST /session/555fcffa8aa83dd925f7bd1343d4074b/elements - {"using":"xpath","value":"//button[@aria-label=\"Create\"]"}
RESULT: {"using":"xpath","value":"//button[@aria-label=\"Create\"]"}
COMMAND: POST /session/555fcffa8aa83dd925f7bd1343d4074b/elements - {"using":"xpath","value":"//button[@aria-label=\"Create\"]"}
RESULT: {"using":"xpath","value":"//button[@aria-label=\"Create\"]"}
COMMAND: POST /session/555fcffa8aa83dd925f7bd1343d4074b/elements - {"using":"xpath","value":"//button[@aria-label=\"Create\"]"}
RESULT: {"using":"xpath","value":"//button[@aria-label=\"Create\"]"}
COMMAND: POST /session/555fcffa8aa83dd925f7bd1343d4074b/elements - {"using":"xpath","value":"//button[@aria-label=\"Create\"]"}
RESULT: {"using":"xpath","value":"//button[@aria-label=\"Create\"]"}
COMMAND: POST /session/555fcffa8aa83dd925f7bd1343d4074b/elements - {"using":"xpath","value":"//button[@aria-label=\"Create\"]"}
RESULT: {"using":"xpath","value":"//button[@aria-label=\"Create\"]"}
COMMAND: POST /session/555fcffa8aa83dd925f7bd1343d4074b/elements - {"using":"xpath","value":"//button[@aria-label=\"Create\"]"}
RESULT: {"using":"xpath","value":"//button[@aria-label=\"Create\"]"}
COMMAND: POST /session/555fcffa8aa83dd925f7bd1343d4074b/elements - {"using":"xpath","value":"//button[@aria-label=\"Create\"]"}
RESULT: {"using":"xpath","value":"//button[@aria-label=\"Create\"]"}
COMMAND: POST /session/555fcffa8aa83dd925f7bd1343d4074b/elements - {"using":"xpath","value":"//button[@aria-label=\"Create\"]"}
RESULT: {"using":"xpath","value":"//button[@aria-label=\"Create\"]"}
COMMAND: POST /session/555fcffa8aa83dd925f7bd1343d4074b/elements - {"using":"xpath","value":"//button[@aria-label=\"Create\"]"}
RESULT: {"using":"xpath","value":"//button[@aria-label=\"Create\"]"}
COMMAND: POST /session/555fcffa8aa83dd925f7bd1343d4074b/elements - {"using":"xpath","value":"//button[@aria-label=\"Create\"]"}
RESULT: {"using":"xpath","value":"//button[@aria-label=\"Create\"]"}
COMMAND: POST /session/555fcffa8aa83dd925f7bd1343d4074b/elements - {"using":"xpath","value":"//button[@aria-label=\"Create\"]"}
RESULT: {"using":"xpath","value":"//button[@aria-label=\"Create\"]"}
COMMAND: POST /session/555fcffa8aa83dd925f7bd1343d4074b/elements - {"using":"xpath","value":"//button[@aria-label=\"Create\"]"}
RESULT: {"using":"xpath","value":"//button[@aria-label=\"Create\"]"}
COMMAND: POST /session/555fcffa8aa83dd925f7bd1343d4074b/elements - {"using":"xpath","value":"//button[@aria-label=\"Create\"]"}
RESULT: {"using":"xpath","value":"//button[@aria-label=\"Create\"]"}
COMMAND: POST /session/555fcffa8aa83dd925f7bd1343d4074b/elements - {"using":"xpath","value":"//button[@aria-label=\"Create\"]"}
RESULT: {"using":"xpath","value":"//button[@aria-label=\"Create\"]"}
COMMAND: POST /session/555fcffa8aa83dd925f7bd1343d4074b/elements - {"using":"xpath","value":"//button[@aria-label=\"Create\"]"}
RESULT: {"using":"xpath","value":"//button[@aria-label=\"Create\"]"}
COMMAND: POST /session/555fcffa8aa83dd925f7bd1343d4074b/elements - {"using":"xpath","value":"//button[@aria-label=\"Create\"]"}
RESULT: {"using":"xpath","value":"//button[@aria-label=\"Create\"]"}
COMMAND: POST /session/555fcffa8aa83dd925f7bd1343d4074b/elements - {"using":"xpath","value":"//button[@aria-label=\"Create\"]"}
RESULT: {"using":"xpath","value":"//button[@aria-label=\"Create\"]"}
COMMAND: POST /session/555fcffa8aa83dd925f7bd1343d4074b/element - {"using":"xpath","value":"//button[@aria-label=\"Create\"]"}
RESULT: {"using":"xpath","value":"//button[@aria-label=\"Create\"]"}
COMMAND: POST /session/555fcffa8aa83dd925f7bd1343d4074b/element/f.9C1E946C17B1C55FC69CCE7EB9D2133F.d.4FCC53AA96521B7B15233118CDD1352C.e.4888/click - {}
RESULT: {}
COMMAND: GET /session/555fcffa8aa83dd925f7bd1343d4074b/screenshot - {}
COMMAND: POST /session/555fcffa8aa83dd925f7bd1343d4074b/actions - {"actions":[{"id":"action17","type":"key","parameters":{},"actions":[{"type":"keyDown","value":"î€•"},{"type":"pause","duration":10},{"type":"keyUp","value":"î€•"}]}]}
RESULT: {}
RESULT: {"actions":[{"id":"action17","type":"key","parameters":{},"actions":[{"type":"keyDown","value":"î€•"},{"type":"pause","duration":10},{"type":"keyUp","value":"î€•"}]}]}
COMMAND: POST /session/555fcffa8aa83dd925f7bd1343d4074b/actions - {"actions":[{"id":"action18","type":"key","parameters":{},"actions":[{"type":"keyDown","value":"î€‡"},{"type":"pause","duration":10},{"type":"keyUp","value":"î€‡"}]}]}
COMMAND: GET /session/555fcffa8aa83dd925f7bd1343d4074b/screenshot - {}
RESULT: {"actions":[{"id":"action18","type":"key","parameters":{},"actions":[{"type":"keyDown","value":"î€‡"},{"type":"pause","duration":10},{"type":"keyUp","value":"î€‡"}]}]}
COMMAND: POST /session/555fcffa8aa83dd925f7bd1343d4074b/execute/async - {"script":"<script> [1562 bytes]","args":[{"selector":{"controlType":"sap.m.Title","viewName":"etm.portal.ui.manageconditionprice.view.DailyPrices","viewId":"application-manageconditionprice-display-component---dailyPrices","i18NText":{"propertyName":"text","key":"dailyPrices"}},"wdio_ui5_key":"etmportal.ui.manageconditionprice.view.DailyPricessap.m.Title{\"propertyName\":\"text\",\"key\":\"dailyPrices\"}"}]}
COMMAND: GET /session/555fcffa8aa83dd925f7bd1343d4074b/screenshot - {}
RESULT: {}
RESULT: {"script":"<script> [1562 bytes]","args":[{"selector":{"controlType":"sap.m.Title","viewName":"etm.portal.ui.manageconditionprice.view.DailyPrices","viewId":"application-manageconditionprice-display-component---dailyPrices","i18NText":{"propertyName":"text","key":"dailyPrices"}},"wdio_ui5_key":"etmportal.ui.manageconditionprice.view.DailyPricessap.m.Title{\"propertyName\":\"text\",\"key\":\"dailyPrices\"}"}]}
RESULT: undefined
COMMAND: POST /session/555fcffa8aa83dd925f7bd1343d4074b/execute/async - {"script":"<script> [6424 bytes]","args":[{"element-6066-11e4-a52e-4f735466cecf":"f.9C1E946C17B1C55FC69CCE7EB9D2133F.d.4FCC53AA96521B7B15233118CDD1352C.e.5261"},"getText",[]]}
RESULT: {}
RESULT: {"script":"<script> [6424 bytes]","args":[{"element-6066-11e4-a52e-4f735466cecf":"f.9C1E946C17B1C55FC69CCE7EB9D2133F.d.4FCC53AA96521B7B15233118CDD1352C.e.5261"},"getText",[]]}
COMMAND: POST /session/555fcffa8aa83dd925f7bd1343d4074b/execute/async - {"script":"<script> [1562 bytes]","args":[{"selector":{"id":"application-manageconditionprice-display-component---dailyPrices--condBillCond","interaction":{"idSuffix":"inner"}},"wdio_ui5_key":"applicationmanageconditionprice-display-component---dailyPrices--condBillCond"}]}
RESULT: {"script":"<script> [1562 bytes]","args":[{"selector":{"id":"application-manageconditionprice-display-component---dailyPrices--condBillCond","interaction":{"idSuffix":"inner"}},"wdio_ui5_key":"applicationmanageconditionprice-display-component---dailyPrices--condBillCond"}]}
RESULT: undefined
COMMAND: POST /session/555fcffa8aa83dd925f7bd1343d4074b/execute/async - {"script":"<script> [776 bytes]","args":[{"enterText":"Residual Value %","selector":{"id":"application-manageconditionprice-display-component---dailyPrices--condBillCond","interaction":{"idSuffix":"inner"}},"clearTextFirst":true,"interactionType":"ENTER_TEXT"}]}
RESULT: {"script":"<script> [776 bytes]","args":[{"enterText":"Residual Value %","selector":{"id":"application-manageconditionprice-display-component---dailyPrices--condBillCond","interaction":{"idSuffix":"inner"}},"clearTextFirst":true,"interactionType":"ENTER_TEXT"}]}
COMMAND: POST /session/555fcffa8aa83dd925f7bd1343d4074b/execute/async - {"script":"<script> [1562 bytes]","args":[{"selector":{"controlType":"sap.m.StandardListItem","viewName":"etm.portal.ui.manageconditionprice.view.DailyPrices","viewId":"application-manageconditionprice-display-component---dailyPrices","properties":{"type":"Active"},"searchOpenDialogs":true,"interaction":{"idSuffix":"titleText"}},"wdio_ui5_key":"etmportal.ui.manageconditionprice.view.DailyPricessap.m.StandardListItem{\"type\":\"Active\"}"}]}
RESULT: {"script":"<script> [1562 bytes]","args":[{"selector":{"controlType":"sap.m.StandardListItem","viewName":"etm.portal.ui.manageconditionprice.view.DailyPrices","viewId":"application-manageconditionprice-display-component---dailyPrices","properties":{"type":"Active"},"searchOpenDialogs":true,"interaction":{"idSuffix":"titleText"}},"wdio_ui5_key":"etmportal.ui.manageconditionprice.view.DailyPricessap.m.StandardListItem{\"type\":\"Active\"}"}]}
RESULT: undefined
COMMAND: POST /session/555fcffa8aa83dd925f7bd1343d4074b/element - {"using":"xpath","value":"//*[@id=\"__item1366\"]"}
RESULT: {"using":"xpath","value":"//*[@id=\"__item1366\"]"}
COMMAND: POST /session/555fcffa8aa83dd925f7bd1343d4074b/element/f.9C1E946C17B1C55FC69CCE7EB9D2133F.d.4FCC53AA96521B7B15233118CDD1352C.e.5265/click - {}
RESULT: {}
COMMAND: POST /session/555fcffa8aa83dd925f7bd1343d4074b/execute/async - {"script":"<script> [1562 bytes]","args":[{"selector":{"id":"application-manageconditionprice-display-component---dailyPrices--editBtn","interaction":{"idSuffix":"BDI-content"}},"wdio_ui5_key":"applicationmanageconditionprice-display-component---dailyPrices--editBtn"}]}
COMMAND: GET /session/555fcffa8aa83dd925f7bd1343d4074b/screenshot - {}
RESULT: {"script":"<script> [1562 bytes]","args":[{"selector":{"id":"application-manageconditionprice-display-component---dailyPrices--editBtn","interaction":{"idSuffix":"BDI-content"}},"wdio_ui5_key":"applicationmanageconditionprice-display-component---dailyPrices--editBtn"}]}
RESULT: undefined
COMMAND: POST /session/555fcffa8aa83dd925f7bd1343d4074b/element - {"using":"xpath","value":"//*[@id=\"application-manageconditionprice-display-component---dailyPrices--editBtn\"]"}
RESULT: {}
RESULT: {"using":"xpath","value":"//*[@id=\"application-manageconditionprice-display-component---dailyPrices--editBtn\"]"}
COMMAND: POST /session/555fcffa8aa83dd925f7bd1343d4074b/element/f.9C1E946C17B1C55FC69CCE7EB9D2133F.d.4FCC53AA96521B7B15233118CDD1352C.e.5263/click - {}
RESULT: {}
COMMAND: POST /session/555fcffa8aa83dd925f7bd1343d4074b/execute/async - {"script":"<script> [1562 bytes]","args":[{"selector":{"controlType":"sap.m.Button","viewName":"etm.portal.ui.manageconditionprice.view.DailyPrices","viewId":"application-manageconditionprice-display-component---dailyPrices","i18NText":{"propertyName":"text","key":"add"},"interaction":{"idSuffix":"BDI-content"}},"wdio_ui5_key":"etmportal.ui.manageconditionprice.view.DailyPricessap.m.Button{\"propertyName\":\"text\",\"key\":\"add\"}"}]}
COMMAND: GET /session/555fcffa8aa83dd925f7bd1343d4074b/screenshot - {}
RESULT: {"script":"<script> [1562 bytes]","args":[{"selector":{"controlType":"sap.m.Button","viewName":"etm.portal.ui.manageconditionprice.view.DailyPrices","viewId":"application-manageconditionprice-display-component---dailyPrices","i18NText":{"propertyName":"text","key":"add"},"interaction":{"idSuffix":"BDI-content"}},"wdio_ui5_key":"etmportal.ui.manageconditionprice.view.DailyPricessap.m.Button{\"propertyName\":\"text\",\"key\":\"add\"}"}]}
RESULT: undefined
COMMAND: POST /session/555fcffa8aa83dd925f7bd1343d4074b/element - {"using":"xpath","value":"//*[@id=\"__button113\"]"}
RESULT: {}
RESULT: {"using":"xpath","value":"//*[@id=\"__button113\"]"}
COMMAND: POST /session/555fcffa8aa83dd925f7bd1343d4074b/element/f.9C1E946C17B1C55FC69CCE7EB9D2133F.d.4FCC53AA96521B7B15233118CDD1352C.e.5273/click - {}
RESULT: {}
COMMAND: POST /session/555fcffa8aa83dd925f7bd1343d4074b/elements - {"using":"css selector","value":"table tr"}
COMMAND: GET /session/555fcffa8aa83dd925f7bd1343d4074b/screenshot - {}
RESULT: {"using":"css selector","value":"table tr"}
COMMAND: POST /session/555fcffa8aa83dd925f7bd1343d4074b/element/f.9C1E946C17B1C55FC69CCE7EB9D2133F.d.4FCC53AA96521B7B15233118CDD1352C.e.5471/elements - {"using":"css selector","value":"input"}
RESULT: {}
RESULT: {"using":"css selector","value":"input"}
COMMAND: POST /session/555fcffa8aa83dd925f7bd1343d4074b/element/f.9C1E946C17B1C55FC69CCE7EB9D2133F.d.4FCC53AA96521B7B15233118CDD1352C.e.5474/clear - {}
COMMAND: POST /session/555fcffa8aa83dd925f7bd1343d4074b/element/f.9C1E946C17B1C55FC69CCE7EB9D2133F.d.4FCC53AA96521B7B15233118CDD1352C.e.5472/clear - {}
COMMAND: POST /session/555fcffa8aa83dd925f7bd1343d4074b/element/f.9C1E946C17B1C55FC69CCE7EB9D2133F.d.4FCC53AA96521B7B15233118CDD1352C.e.5475/clear - {}
COMMAND: POST /session/555fcffa8aa83dd925f7bd1343d4074b/element/f.9C1E946C17B1C55FC69CCE7EB9D2133F.d.4FCC53AA96521B7B15233118CDD1352C.e.5473/clear - {}
COMMAND: POST /session/555fcffa8aa83dd925f7bd1343d4074b/element/f.9C1E946C17B1C55FC69CCE7EB9D2133F.d.4FCC53AA96521B7B15233118CDD1352C.e.5471/elements - {"using":"css selector","value":"td"}
RESULT: {}
COMMAND: POST /session/555fcffa8aa83dd925f7bd1343d4074b/element/f.9C1E946C17B1C55FC69CCE7EB9D2133F.d.4FCC53AA96521B7B15233118CDD1352C.e.5474/value - {"text":"705.60"}
COMMAND: GET /session/555fcffa8aa83dd925f7bd1343d4074b/screenshot - {}
RESULT: {}
COMMAND: POST /session/555fcffa8aa83dd925f7bd1343d4074b/element/f.9C1E946C17B1C55FC69CCE7EB9D2133F.d.4FCC53AA96521B7B15233118CDD1352C.e.5472/value - {"text":"05/07/25"}
COMMAND: GET /session/555fcffa8aa83dd925f7bd1343d4074b/screenshot - {}
RESULT: {}
COMMAND: POST /session/555fcffa8aa83dd925f7bd1343d4074b/element/f.9C1E946C17B1C55FC69CCE7EB9D2133F.d.4FCC53AA96521B7B15233118CDD1352C.e.5475/value - {"text":"Euro"}
COMMAND: GET /session/555fcffa8aa83dd925f7bd1343d4074b/screenshot - {}
RESULT: {}
COMMAND: POST /session/555fcffa8aa83dd925f7bd1343d4074b/element/f.9C1E946C17B1C55FC69CCE7EB9D2133F.d.4FCC53AA96521B7B15233118CDD1352C.e.5473/value - {"text":"10/07/25"}
COMMAND: GET /session/555fcffa8aa83dd925f7bd1343d4074b/screenshot - {}
RESULT: {"using":"css selector","value":"td"}
COMMAND: POST /session/555fcffa8aa83dd925f7bd1343d4074b/element - {"using":"xpath","value":".//li[contains(., \"2495\") and not(.//li)]"}
COMMAND: POST /session/555fcffa8aa83dd925f7bd1343d4074b/element/f.9C1E946C17B1C55FC69CCE7EB9D2133F.d.4FCC53AA96521B7B15233118CDD1352C.e.5493/element - {"using":"css selector","value":"input"}
COMMAND: POST /session/555fcffa8aa83dd925f7bd1343d4074b/element/f.9C1E946C17B1C55FC69CCE7EB9D2133F.d.4FCC53AA96521B7B15233118CDD1352C.e.5493/element - {"using":"css selector","value":"input"}
RESULT: {"text":"705.60"}
COMMAND: GET /session/555fcffa8aa83dd925f7bd1343d4074b/screenshot - {}
RESULT: {}
RESULT: {"text":"05/07/25"}
COMMAND: GET /session/555fcffa8aa83dd925f7bd1343d4074b/screenshot - {}
RESULT: {}
RESULT: {"text":"Euro"}
COMMAND: GET /session/555fcffa8aa83dd925f7bd1343d4074b/screenshot - {}
RESULT: {}
RESULT: {"text":"10/07/25"}
COMMAND: GET /session/555fcffa8aa83dd925f7bd1343d4074b/screenshot - {}
RESULT: {}
RESULT: {"using":"xpath","value":".//li[contains(., \"2495\") and not(.//li)]"}
RESULT: {"using":"css selector","value":"input"}
COMMAND: POST /session/555fcffa8aa83dd925f7bd1343d4074b/element/f.9C1E946C17B1C55FC69CCE7EB9D2133F.d.4FCC53AA96521B7B15233118CDD1352C.e.5476/click - {}
RESULT: {"using":"css selector","value":"input"}
COMMAND: POST /session/555fcffa8aa83dd925f7bd1343d4074b/element/f.9C1E946C17B1C55FC69CCE7EB9D2133F.d.4FCC53AA96521B7B15233118CDD1352C.e.5476/clear - {}
RESULT: {}
RESULT: {}
RESULT: {}
COMMAND: POST /session/555fcffa8aa83dd925f7bd1343d4074b/elements - {"using":"xpath","value":".//li[contains(., \"2495\") and not(.//li)]"}
RESULT: {}
RESULT: {}
COMMAND: GET /session/555fcffa8aa83dd925f7bd1343d4074b/screenshot - {}
RESULT: {}
COMMAND: POST /session/555fcffa8aa83dd925f7bd1343d4074b/element/f.9C1E946C17B1C55FC69CCE7EB9D2133F.d.4FCC53AA96521B7B15233118CDD1352C.e.5476/value - {"text":"2495"}
COMMAND: GET /session/555fcffa8aa83dd925f7bd1343d4074b/screenshot - {}
RESULT: {"using":"xpath","value":".//li[contains(., \"2495\") and not(.//li)]"}
COMMAND: POST /session/555fcffa8aa83dd925f7bd1343d4074b/elements - {"using":"xpath","value":".//li[contains(., \"2495\") and not(.//li)]"}
RESULT: {}
RESULT: {"text":"2495"}
COMMAND: GET /session/555fcffa8aa83dd925f7bd1343d4074b/screenshot - {}
RESULT: {}
RESULT: {"using":"xpath","value":".//li[contains(., \"2495\") and not(.//li)]"}
COMMAND: POST /session/555fcffa8aa83dd925f7bd1343d4074b/elements - {"using":"xpath","value":".//li[contains(., \"2495\") and not(.//li)]"}
RESULT: {}
RESULT: {"using":"xpath","value":".//li[contains(., \"2495\") and not(.//li)]"}
COMMAND: POST /session/555fcffa8aa83dd925f7bd1343d4074b/elements - {"using":"xpath","value":".//li[contains(., \"2495\") and not(.//li)]"}
RESULT: {"using":"xpath","value":".//li[contains(., \"2495\") and not(.//li)]"}
COMMAND: POST /session/555fcffa8aa83dd925f7bd1343d4074b/element - {"using":"xpath","value":".//li[contains(., \"2495\") and not(.//li)]"}
RESULT: {"using":"xpath","value":".//li[contains(., \"2495\") and not(.//li)]"}
COMMAND: POST /session/555fcffa8aa83dd925f7bd1343d4074b/element/f.9C1E946C17B1C55FC69CCE7EB9D2133F.d.4FCC53AA96521B7B15233118CDD1352C.e.5502/click - {}
RESULT: {}
COMMAND: POST /session/555fcffa8aa83dd925f7bd1343d4074b/element - {"using":"xpath","value":".//li[contains(., \"666\") and not(.//li)]"}
COMMAND: POST /session/555fcffa8aa83dd925f7bd1343d4074b/element/f.9C1E946C17B1C55FC69CCE7EB9D2133F.d.4FCC53AA96521B7B15233118CDD1352C.e.5494/element - {"using":"css selector","value":"input"}
COMMAND: POST /session/555fcffa8aa83dd925f7bd1343d4074b/element/f.9C1E946C17B1C55FC69CCE7EB9D2133F.d.4FCC53AA96521B7B15233118CDD1352C.e.5494/element - {"using":"css selector","value":"input"}
COMMAND: GET /session/555fcffa8aa83dd925f7bd1343d4074b/screenshot - {}
RESULT: {"using":"css selector","value":"input"}
COMMAND: POST /session/555fcffa8aa83dd925f7bd1343d4074b/element/f.9C1E946C17B1C55FC69CCE7EB9D2133F.d.4FCC53AA96521B7B15233118CDD1352C.e.5477/click - {}
RESULT: {"using":"css selector","value":"input"}
COMMAND: POST /session/555fcffa8aa83dd925f7bd1343d4074b/element/f.9C1E946C17B1C55FC69CCE7EB9D2133F.d.4FCC53AA96521B7B15233118CDD1352C.e.5477/clear - {}
RESULT: {"using":"xpath","value":".//li[contains(., \"666\") and not(.//li)]"}
RESULT: {}
RESULT: {}
COMMAND: GET /session/555fcffa8aa83dd925f7bd1343d4074b/screenshot - {}
RESULT: {}
COMMAND: POST /session/555fcffa8aa83dd925f7bd1343d4074b/element/f.9C1E946C17B1C55FC69CCE7EB9D2133F.d.4FCC53AA96521B7B15233118CDD1352C.e.5477/value - {"text":"666"}
COMMAND: GET /session/555fcffa8aa83dd925f7bd1343d4074b/screenshot - {}
RESULT: {}
COMMAND: POST /session/555fcffa8aa83dd925f7bd1343d4074b/elements - {"using":"xpath","value":".//li[contains(., \"666\") and not(.//li)]"}
RESULT: {"text":"666"}
COMMAND: GET /session/555fcffa8aa83dd925f7bd1343d4074b/screenshot - {}
RESULT: {}
RESULT: {"using":"xpath","value":".//li[contains(., \"666\") and not(.//li)]"}
COMMAND: POST /session/555fcffa8aa83dd925f7bd1343d4074b/element - {"using":"xpath","value":".//li[contains(., \"666\") and not(.//li)]"}
RESULT: {}
RESULT: {"using":"xpath","value":".//li[contains(., \"666\") and not(.//li)]"}
COMMAND: POST /session/555fcffa8aa83dd925f7bd1343d4074b/element/f.9C1E946C17B1C55FC69CCE7EB9D2133F.d.4FCC53AA96521B7B15233118CDD1352C.e.5503/click - {}
RESULT: {}
RESULT: undefined
COMMAND: POST /session/555fcffa8aa83dd925f7bd1343d4074b/element - {"using":"xpath","value":"//*[@id=\"__button113\"]"}
COMMAND: GET /session/555fcffa8aa83dd925f7bd1343d4074b/screenshot - {}
RESULT: {"using":"xpath","value":"//*[@id=\"__button113\"]"}
COMMAND: POST /session/555fcffa8aa83dd925f7bd1343d4074b/element/f.9C1E946C17B1C55FC69CCE7EB9D2133F.d.4FCC53AA96521B7B15233118CDD1352C.e.5273/click - {}
RESULT: {}
RESULT: {}
COMMAND: POST /session/555fcffa8aa83dd925f7bd1343d4074b/elements - {"using":"css selector","value":"table tr"}
COMMAND: GET /session/555fcffa8aa83dd925f7bd1343d4074b/screenshot - {}
RESULT: {"using":"css selector","value":"table tr"}
COMMAND: POST /session/555fcffa8aa83dd925f7bd1343d4074b/element/f.9C1E946C17B1C55FC69CCE7EB9D2133F.d.4FCC53AA96521B7B15233118CDD1352C.e.5512/elements - {"using":"css selector","value":"input"}
RESULT: {}
RESULT: {"using":"css selector","value":"input"}
COMMAND: POST /session/555fcffa8aa83dd925f7bd1343d4074b/element/f.9C1E946C17B1C55FC69CCE7EB9D2133F.d.4FCC53AA96521B7B15233118CDD1352C.e.5507/clear - {}
COMMAND: POST /session/555fcffa8aa83dd925f7bd1343d4074b/element/f.9C1E946C17B1C55FC69CCE7EB9D2133F.d.4FCC53AA96521B7B15233118CDD1352C.e.5505/clear - {}
COMMAND: POST /session/555fcffa8aa83dd925f7bd1343d4074b/element/f.9C1E946C17B1C55FC69CCE7EB9D2133F.d.4FCC53AA96521B7B15233118CDD1352C.e.5508/clear - {}
COMMAND: POST /session/555fcffa8aa83dd925f7bd1343d4074b/element/f.9C1E946C17B1C55FC69CCE7EB9D2133F.d.4FCC53AA96521B7B15233118CDD1352C.e.5506/clear - {}
COMMAND: POST /session/555fcffa8aa83dd925f7bd1343d4074b/element/f.9C1E946C17B1C55FC69CCE7EB9D2133F.d.4FCC53AA96521B7B15233118CDD1352C.e.5512/elements - {"using":"css selector","value":"td"}
RESULT: {"using":"css selector","value":"td"}
COMMAND: POST /session/555fcffa8aa83dd925f7bd1343d4074b/element - {"using":"xpath","value":"(//li[div//span[contains(text(), '2495')]])[2]"}
COMMAND: POST /session/555fcffa8aa83dd925f7bd1343d4074b/element/f.9C1E946C17B1C55FC69CCE7EB9D2133F.d.4FCC53AA96521B7B15233118CDD1352C.e.5527/element - {"using":"css selector","value":"input"}
COMMAND: POST /session/555fcffa8aa83dd925f7bd1343d4074b/element/f.9C1E946C17B1C55FC69CCE7EB9D2133F.d.4FCC53AA96521B7B15233118CDD1352C.e.5527/element - {"using":"css selector","value":"input"}
RESULT: {}
COMMAND: POST /session/555fcffa8aa83dd925f7bd1343d4074b/element/f.9C1E946C17B1C55FC69CCE7EB9D2133F.d.4FCC53AA96521B7B15233118CDD1352C.e.5506/value - {"text":"10/07/25"}
COMMAND: GET /session/555fcffa8aa83dd925f7bd1343d4074b/screenshot - {}
RESULT: {}
COMMAND: POST /session/555fcffa8aa83dd925f7bd1343d4074b/element/f.9C1E946C17B1C55FC69CCE7EB9D2133F.d.4FCC53AA96521B7B15233118CDD1352C.e.5508/value - {"text":"US Dollar"}
COMMAND: GET /session/555fcffa8aa83dd925f7bd1343d4074b/screenshot - {}
RESULT: {}
COMMAND: POST /session/555fcffa8aa83dd925f7bd1343d4074b/element/f.9C1E946C17B1C55FC69CCE7EB9D2133F.d.4FCC53AA96521B7B15233118CDD1352C.e.5505/value - {"text":"05/07/25"}
COMMAND: GET /session/555fcffa8aa83dd925f7bd1343d4074b/screenshot - {}
RESULT: {}
COMMAND: POST /session/555fcffa8aa83dd925f7bd1343d4074b/element/f.9C1E946C17B1C55FC69CCE7EB9D2133F.d.4FCC53AA96521B7B15233118CDD1352C.e.5507/value - {"text":"99.5"}
COMMAND: GET /session/555fcffa8aa83dd925f7bd1343d4074b/screenshot - {}
RESULT: {"using":"css selector","value":"input"}
COMMAND: POST /session/555fcffa8aa83dd925f7bd1343d4074b/element/f.9C1E946C17B1C55FC69CCE7EB9D2133F.d.4FCC53AA96521B7B15233118CDD1352C.e.5509/clear - {}
RESULT: {"using":"css selector","value":"input"}
COMMAND: POST /session/555fcffa8aa83dd925f7bd1343d4074b/element/f.9C1E946C17B1C55FC69CCE7EB9D2133F.d.4FCC53AA96521B7B15233118CDD1352C.e.5509/click - {}
RESULT: {"using":"xpath","value":"(//li[div//span[contains(text(), '2495')]])[2]"}
RESULT: {"text":"10/07/25"}
COMMAND: GET /session/555fcffa8aa83dd925f7bd1343d4074b/screenshot - {}
RESULT: {}
COMMAND: POST /session/555fcffa8aa83dd925f7bd1343d4074b/elements - {"using":"xpath","value":"(//li[div//span[contains(text(), '2495')]])[2]"}
RESULT: {"text":"US Dollar"}
COMMAND: GET /session/555fcffa8aa83dd925f7bd1343d4074b/screenshot - {}
RESULT: {}
RESULT: {"text":"05/07/25"}
COMMAND: GET /session/555fcffa8aa83dd925f7bd1343d4074b/screenshot - {}
RESULT: {}
RESULT: {"text":"99.5"}
COMMAND: GET /session/555fcffa8aa83dd925f7bd1343d4074b/screenshot - {}
RESULT: {}
RESULT: {}
COMMAND: POST /session/555fcffa8aa83dd925f7bd1343d4074b/element/f.9C1E946C17B1C55FC69CCE7EB9D2133F.d.4FCC53AA96521B7B15233118CDD1352C.e.5509/value - {"text":"2495"}
COMMAND: GET /session/555fcffa8aa83dd925f7bd1343d4074b/screenshot - {}
RESULT: {}
COMMAND: GET /session/555fcffa8aa83dd925f7bd1343d4074b/screenshot - {}
RESULT: {}
RESULT: {"using":"xpath","value":"(//li[div//span[contains(text(), '2495')]])[2]"}
COMMAND: POST /session/555fcffa8aa83dd925f7bd1343d4074b/elements - {"using":"xpath","value":"(//li[div//span[contains(text(), '2495')]])[2]"}
RESULT: {}
RESULT: {}
RESULT: {}
RESULT: {"text":"2495"}
COMMAND: GET /session/555fcffa8aa83dd925f7bd1343d4074b/screenshot - {}
RESULT: {}
RESULT: {}
RESULT: {"using":"xpath","value":"(//li[div//span[contains(text(), '2495')]])[2]"}
COMMAND: POST /session/555fcffa8aa83dd925f7bd1343d4074b/element - {"using":"xpath","value":"(//li[div//span[contains(text(), '2495')]])[2]"}
RESULT: {}
RESULT: {"using":"xpath","value":"(//li[div//span[contains(text(), '2495')]])[2]"}
COMMAND: POST /session/555fcffa8aa83dd925f7bd1343d4074b/element/f.9C1E946C17B1C55FC69CCE7EB9D2133F.d.4FCC53AA96521B7B15233118CDD1352C.e.5536/click - {}
RESULT: {}
COMMAND: POST /session/555fcffa8aa83dd925f7bd1343d4074b/execute/async - {"script":"<script> [1562 bytes]","args":[{"selector":{"controlType":"sap.m.Button","viewName":"etm.portal.ui.manageconditionprice.view.DailyPrices","viewId":"application-manageconditionprice-display-component---dailyPrices","i18NText":{"propertyName":"tooltip","key":"save"},"interaction":{"idSuffix":"BDI-content"}},"wdio_ui5_key":"etmportal.ui.manageconditionprice.view.DailyPricessap.m.Button{\"propertyName\":\"tooltip\",\"key\":\"save\"}"}]}
COMMAND: GET /session/555fcffa8aa83dd925f7bd1343d4074b/screenshot - {}
RESULT: {"script":"<script> [1562 bytes]","args":[{"selector":{"controlType":"sap.m.Button","viewName":"etm.portal.ui.manageconditionprice.view.DailyPrices","viewId":"application-manageconditionprice-display-component---dailyPrices","i18NText":{"propertyName":"tooltip","key":"save"},"interaction":{"idSuffix":"BDI-content"}},"wdio_ui5_key":"etmportal.ui.manageconditionprice.view.DailyPricessap.m.Button{\"propertyName\":\"tooltip\",\"key\":\"save\"}"}]}
RESULT: undefined
COMMAND: POST /session/555fcffa8aa83dd925f7bd1343d4074b/element - {"using":"xpath","value":"//*[@id=\"__button115\"]"}
RESULT: {}
RESULT: {"using":"xpath","value":"//*[@id=\"__button115\"]"}
COMMAND: POST /session/555fcffa8aa83dd925f7bd1343d4074b/element/f.9C1E946C17B1C55FC69CCE7EB9D2133F.d.4FCC53AA96521B7B15233118CDD1352C.e.5267/click - {}
RESULT: {}
COMMAND: GET /session/555fcffa8aa83dd925f7bd1343d4074b/screenshot - {}
RESULT: {}
]]></system-out>
    </testcase>
    <testcase classname="chrome.135_0_7049_115.windows.Edit_and_delete_daily_price_US134629_US134627" name="Should check whether the 2 rows have been added then edit one of the rows s currency and value and save and check the edited values" time="13.552">
      <system-out><![CDATA[
COMMAND: POST /session/555fcffa8aa83dd925f7bd1343d4074b/elements - {"using":"css selector","value":"table tr"}
RESULT: {"using":"css selector","value":"table tr"}
COMMAND: POST /session/555fcffa8aa83dd925f7bd1343d4074b/element/f.9C1E946C17B1C55FC69CCE7EB9D2133F.d.4FCC53AA96521B7B15233118CDD1352C.e.5512/elements - {"using":"css selector","value":"td"}
RESULT: {"using":"css selector","value":"td"}
COMMAND: POST /session/555fcffa8aa83dd925f7bd1343d4074b/element/f.9C1E946C17B1C55FC69CCE7EB9D2133F.d.4FCC53AA96521B7B15233118CDD1352C.e.5471/elements - {"using":"css selector","value":"td"}
RESULT: {"using":"css selector","value":"td"}
COMMAND: POST /session/555fcffa8aa83dd925f7bd1343d4074b/element/f.9C1E946C17B1C55FC69CCE7EB9D2133F.d.4FCC53AA96521B7B15233118CDD1352C.e.5539/element - {"using":"css selector","value":".sapMObjectNumberText"}
RESULT: {"using":"css selector","value":".sapMObjectNumberText"}
COMMAND: GET /session/555fcffa8aa83dd925f7bd1343d4074b/element/f.9C1E946C17B1C55FC69CCE7EB9D2133F.d.4FCC53AA96521B7B15233118CDD1352C.e.5541/text - {}
RESULT: {}
COMMAND: POST /session/555fcffa8aa83dd925f7bd1343d4074b/element/f.9C1E946C17B1C55FC69CCE7EB9D2133F.d.4FCC53AA96521B7B15233118CDD1352C.e.5540/element - {"using":"css selector","value":".sapMObjectNumberText"}
RESULT: {"using":"css selector","value":".sapMObjectNumberText"}
COMMAND: GET /session/555fcffa8aa83dd925f7bd1343d4074b/element/f.9C1E946C17B1C55FC69CCE7EB9D2133F.d.4FCC53AA96521B7B15233118CDD1352C.e.5542/text - {}
RESULT: {}
RESULT: undefined
COMMAND: POST /session/555fcffa8aa83dd925f7bd1343d4074b/element - {"using":"xpath","value":"//*[@id=\"application-manageconditionprice-display-component---dailyPrices--editBtn\"]"}
RESULT: {"using":"xpath","value":"//*[@id=\"application-manageconditionprice-display-component---dailyPrices--editBtn\"]"}
COMMAND: POST /session/555fcffa8aa83dd925f7bd1343d4074b/element/f.9C1E946C17B1C55FC69CCE7EB9D2133F.d.4FCC53AA96521B7B15233118CDD1352C.e.5538/click - {}
RESULT: {}
COMMAND: POST /session/555fcffa8aa83dd925f7bd1343d4074b/elements - {"using":"css selector","value":"table tr"}
COMMAND: GET /session/555fcffa8aa83dd925f7bd1343d4074b/screenshot - {}
RESULT: {"using":"css selector","value":"table tr"}
COMMAND: POST /session/555fcffa8aa83dd925f7bd1343d4074b/element/f.9C1E946C17B1C55FC69CCE7EB9D2133F.d.4FCC53AA96521B7B15233118CDD1352C.e.5512/elements - {"using":"css selector","value":"input"}
RESULT: {}
RESULT: {"using":"css selector","value":"input"}
COMMAND: POST /session/555fcffa8aa83dd925f7bd1343d4074b/element/f.9C1E946C17B1C55FC69CCE7EB9D2133F.d.4FCC53AA96521B7B15233118CDD1352C.e.5557/clear - {}
COMMAND: POST /session/555fcffa8aa83dd925f7bd1343d4074b/element/f.9C1E946C17B1C55FC69CCE7EB9D2133F.d.4FCC53AA96521B7B15233118CDD1352C.e.5558/clear - {}
RESULT: {}
COMMAND: POST /session/555fcffa8aa83dd925f7bd1343d4074b/element/f.9C1E946C17B1C55FC69CCE7EB9D2133F.d.4FCC53AA96521B7B15233118CDD1352C.e.5558/value - {"text":"US Dollar"}
COMMAND: GET /session/555fcffa8aa83dd925f7bd1343d4074b/screenshot - {}
RESULT: {}
COMMAND: POST /session/555fcffa8aa83dd925f7bd1343d4074b/element/f.9C1E946C17B1C55FC69CCE7EB9D2133F.d.4FCC53AA96521B7B15233118CDD1352C.e.5557/value - {"text":"566.1"}
COMMAND: GET /session/555fcffa8aa83dd925f7bd1343d4074b/screenshot - {}
RESULT: {"text":"US Dollar"}
COMMAND: GET /session/555fcffa8aa83dd925f7bd1343d4074b/screenshot - {}
RESULT: undefined
COMMAND: POST /session/555fcffa8aa83dd925f7bd1343d4074b/element - {"using":"xpath","value":"//*[@id=\"__button115\"]"}
RESULT: {}
RESULT: {"text":"566.1"}
COMMAND: GET /session/555fcffa8aa83dd925f7bd1343d4074b/screenshot - {}
RESULT: {}
RESULT: {}
RESULT: {"using":"xpath","value":"//*[@id=\"__button115\"]"}
COMMAND: POST /session/555fcffa8aa83dd925f7bd1343d4074b/element/f.9C1E946C17B1C55FC69CCE7EB9D2133F.d.4FCC53AA96521B7B15233118CDD1352C.e.5543/click - {}
RESULT: {}
RESULT: {}
COMMAND: GET /session/555fcffa8aa83dd925f7bd1343d4074b/screenshot - {}
RESULT: {}
COMMAND: POST /session/555fcffa8aa83dd925f7bd1343d4074b/elements - {"using":"css selector","value":"table tr"}
RESULT: {"using":"css selector","value":"table tr"}
COMMAND: POST /session/555fcffa8aa83dd925f7bd1343d4074b/element/f.9C1E946C17B1C55FC69CCE7EB9D2133F.d.4FCC53AA96521B7B15233118CDD1352C.e.5512/elements - {"using":"css selector","value":"td"}
RESULT: {"using":"css selector","value":"td"}
COMMAND: POST /session/555fcffa8aa83dd925f7bd1343d4074b/element/f.9C1E946C17B1C55FC69CCE7EB9D2133F.d.4FCC53AA96521B7B15233118CDD1352C.e.5562/element - {"using":"css selector","value":".sapMObjectNumberText"}
RESULT: {"using":"css selector","value":".sapMObjectNumberText"}
COMMAND: GET /session/555fcffa8aa83dd925f7bd1343d4074b/element/f.9C1E946C17B1C55FC69CCE7EB9D2133F.d.4FCC53AA96521B7B15233118CDD1352C.e.5564/text - {}
RESULT: {}
]]></system-out>
    </testcase>
    <testcase classname="chrome.135_0_7049_115.windows.Edit_and_delete_daily_price_US134629_US134627" name="Should go into edit and delete all the rows that match the yard we have created for this scenario check if all rows deleted" time="32.206">
      <system-out><![CDATA[
RESULT: undefined
COMMAND: POST /session/555fcffa8aa83dd925f7bd1343d4074b/element - {"using":"xpath","value":"//*[@id=\"application-manageconditionprice-display-component---dailyPrices--editBtn\"]"}
RESULT: {"using":"xpath","value":"//*[@id=\"application-manageconditionprice-display-component---dailyPrices--editBtn\"]"}
COMMAND: POST /session/555fcffa8aa83dd925f7bd1343d4074b/element/f.9C1E946C17B1C55FC69CCE7EB9D2133F.d.4FCC53AA96521B7B15233118CDD1352C.e.5561/click - {}
RESULT: {}
COMMAND: GET /session/555fcffa8aa83dd925f7bd1343d4074b/screenshot - {}
RESULT: {}
COMMAND: POST /session/555fcffa8aa83dd925f7bd1343d4074b/elements - {"using":"css selector","value":"table tr"}
RESULT: {"using":"css selector","value":"table tr"}
COMMAND: POST /session/555fcffa8aa83dd925f7bd1343d4074b/element/f.9C1E946C17B1C55FC69CCE7EB9D2133F.d.4FCC53AA96521B7B15233118CDD1352C.e.5275/elements - {"using":"css selector","value":"td"}
RESULT: {"using":"css selector","value":"td"}
COMMAND: POST /session/555fcffa8aa83dd925f7bd1343d4074b/element/f.9C1E946C17B1C55FC69CCE7EB9D2133F.d.4FCC53AA96521B7B15233118CDD1352C.e.5276/elements - {"using":"css selector","value":"td"}
RESULT: {"using":"css selector","value":"td"}
COMMAND: POST /session/555fcffa8aa83dd925f7bd1343d4074b/element/f.9C1E946C17B1C55FC69CCE7EB9D2133F.d.4FCC53AA96521B7B15233118CDD1352C.e.5277/elements - {"using":"css selector","value":"td"}
RESULT: {"using":"css selector","value":"td"}
COMMAND: POST /session/555fcffa8aa83dd925f7bd1343d4074b/element/f.9C1E946C17B1C55FC69CCE7EB9D2133F.d.4FCC53AA96521B7B15233118CDD1352C.e.5178/elements - {"using":"css selector","value":"td"}
RESULT: {"using":"css selector","value":"td"}
COMMAND: POST /session/555fcffa8aa83dd925f7bd1343d4074b/element/f.9C1E946C17B1C55FC69CCE7EB9D2133F.d.4FCC53AA96521B7B15233118CDD1352C.e.5179/elements - {"using":"css selector","value":"td"}
RESULT: {"using":"css selector","value":"td"}
COMMAND: POST /session/555fcffa8aa83dd925f7bd1343d4074b/element/f.9C1E946C17B1C55FC69CCE7EB9D2133F.d.4FCC53AA96521B7B15233118CDD1352C.e.5188/elements - {"using":"css selector","value":"td"}
RESULT: {"using":"css selector","value":"td"}
COMMAND: POST /session/555fcffa8aa83dd925f7bd1343d4074b/element/f.9C1E946C17B1C55FC69CCE7EB9D2133F.d.4FCC53AA96521B7B15233118CDD1352C.e.5189/elements - {"using":"css selector","value":"td"}
RESULT: {"using":"css selector","value":"td"}
COMMAND: POST /session/555fcffa8aa83dd925f7bd1343d4074b/element/f.9C1E946C17B1C55FC69CCE7EB9D2133F.d.4FCC53AA96521B7B15233118CDD1352C.e.5195/elements - {"using":"css selector","value":"td"}
RESULT: {"using":"css selector","value":"td"}
COMMAND: POST /session/555fcffa8aa83dd925f7bd1343d4074b/element/f.9C1E946C17B1C55FC69CCE7EB9D2133F.d.4FCC53AA96521B7B15233118CDD1352C.e.5196/elements - {"using":"css selector","value":"td"}
RESULT: {"using":"css selector","value":"td"}
COMMAND: POST /session/555fcffa8aa83dd925f7bd1343d4074b/element/f.9C1E946C17B1C55FC69CCE7EB9D2133F.d.4FCC53AA96521B7B15233118CDD1352C.e.5202/elements - {"using":"css selector","value":"td"}
RESULT: {"using":"css selector","value":"td"}
COMMAND: POST /session/555fcffa8aa83dd925f7bd1343d4074b/element/f.9C1E946C17B1C55FC69CCE7EB9D2133F.d.4FCC53AA96521B7B15233118CDD1352C.e.5278/elements - {"using":"css selector","value":"td"}
RESULT: {"using":"css selector","value":"td"}
COMMAND: POST /session/555fcffa8aa83dd925f7bd1343d4074b/element/f.9C1E946C17B1C55FC69CCE7EB9D2133F.d.4FCC53AA96521B7B15233118CDD1352C.e.5279/elements - {"using":"css selector","value":"td"}
RESULT: {"using":"css selector","value":"td"}
COMMAND: POST /session/555fcffa8aa83dd925f7bd1343d4074b/element/f.9C1E946C17B1C55FC69CCE7EB9D2133F.d.4FCC53AA96521B7B15233118CDD1352C.e.5280/elements - {"using":"css selector","value":"td"}
RESULT: {"using":"css selector","value":"td"}
COMMAND: POST /session/555fcffa8aa83dd925f7bd1343d4074b/element/f.9C1E946C17B1C55FC69CCE7EB9D2133F.d.4FCC53AA96521B7B15233118CDD1352C.e.5281/elements - {"using":"css selector","value":"td"}
RESULT: {"using":"css selector","value":"td"}
COMMAND: POST /session/555fcffa8aa83dd925f7bd1343d4074b/element/f.9C1E946C17B1C55FC69CCE7EB9D2133F.d.4FCC53AA96521B7B15233118CDD1352C.e.5282/elements - {"using":"css selector","value":"td"}
RESULT: {"using":"css selector","value":"td"}
COMMAND: POST /session/555fcffa8aa83dd925f7bd1343d4074b/element/f.9C1E946C17B1C55FC69CCE7EB9D2133F.d.4FCC53AA96521B7B15233118CDD1352C.e.5283/elements - {"using":"css selector","value":"td"}
RESULT: {"using":"css selector","value":"td"}
COMMAND: POST /session/555fcffa8aa83dd925f7bd1343d4074b/element/f.9C1E946C17B1C55FC69CCE7EB9D2133F.d.4FCC53AA96521B7B15233118CDD1352C.e.5284/elements - {"using":"css selector","value":"td"}
RESULT: {"using":"css selector","value":"td"}
COMMAND: POST /session/555fcffa8aa83dd925f7bd1343d4074b/element/f.9C1E946C17B1C55FC69CCE7EB9D2133F.d.4FCC53AA96521B7B15233118CDD1352C.e.5285/elements - {"using":"css selector","value":"td"}
RESULT: {"using":"css selector","value":"td"}
COMMAND: POST /session/555fcffa8aa83dd925f7bd1343d4074b/element/f.9C1E946C17B1C55FC69CCE7EB9D2133F.d.4FCC53AA96521B7B15233118CDD1352C.e.5286/elements - {"using":"css selector","value":"td"}
RESULT: {"using":"css selector","value":"td"}
COMMAND: POST /session/555fcffa8aa83dd925f7bd1343d4074b/element/f.9C1E946C17B1C55FC69CCE7EB9D2133F.d.4FCC53AA96521B7B15233118CDD1352C.e.5287/elements - {"using":"css selector","value":"td"}
RESULT: {"using":"css selector","value":"td"}
COMMAND: POST /session/555fcffa8aa83dd925f7bd1343d4074b/element/f.9C1E946C17B1C55FC69CCE7EB9D2133F.d.4FCC53AA96521B7B15233118CDD1352C.e.5288/elements - {"using":"css selector","value":"td"}
RESULT: {"using":"css selector","value":"td"}
COMMAND: POST /session/555fcffa8aa83dd925f7bd1343d4074b/element/f.9C1E946C17B1C55FC69CCE7EB9D2133F.d.4FCC53AA96521B7B15233118CDD1352C.e.5289/elements - {"using":"css selector","value":"td"}
RESULT: {"using":"css selector","value":"td"}
COMMAND: POST /session/555fcffa8aa83dd925f7bd1343d4074b/element/f.9C1E946C17B1C55FC69CCE7EB9D2133F.d.4FCC53AA96521B7B15233118CDD1352C.e.5290/elements - {"using":"css selector","value":"td"}
RESULT: {"using":"css selector","value":"td"}
COMMAND: POST /session/555fcffa8aa83dd925f7bd1343d4074b/element/f.9C1E946C17B1C55FC69CCE7EB9D2133F.d.4FCC53AA96521B7B15233118CDD1352C.e.5291/elements - {"using":"css selector","value":"td"}
RESULT: {"using":"css selector","value":"td"}
COMMAND: POST /session/555fcffa8aa83dd925f7bd1343d4074b/element/f.9C1E946C17B1C55FC69CCE7EB9D2133F.d.4FCC53AA96521B7B15233118CDD1352C.e.5292/elements - {"using":"css selector","value":"td"}
RESULT: {"using":"css selector","value":"td"}
COMMAND: POST /session/555fcffa8aa83dd925f7bd1343d4074b/element/f.9C1E946C17B1C55FC69CCE7EB9D2133F.d.4FCC53AA96521B7B15233118CDD1352C.e.5293/elements - {"using":"css selector","value":"td"}
RESULT: {"using":"css selector","value":"td"}
COMMAND: POST /session/555fcffa8aa83dd925f7bd1343d4074b/element/f.9C1E946C17B1C55FC69CCE7EB9D2133F.d.4FCC53AA96521B7B15233118CDD1352C.e.5294/elements - {"using":"css selector","value":"td"}
RESULT: {"using":"css selector","value":"td"}
COMMAND: POST /session/555fcffa8aa83dd925f7bd1343d4074b/element/f.9C1E946C17B1C55FC69CCE7EB9D2133F.d.4FCC53AA96521B7B15233118CDD1352C.e.5295/elements - {"using":"css selector","value":"td"}
RESULT: {"using":"css selector","value":"td"}
COMMAND: POST /session/555fcffa8aa83dd925f7bd1343d4074b/element/f.9C1E946C17B1C55FC69CCE7EB9D2133F.d.4FCC53AA96521B7B15233118CDD1352C.e.5296/elements - {"using":"css selector","value":"td"}
RESULT: {"using":"css selector","value":"td"}
COMMAND: POST /session/555fcffa8aa83dd925f7bd1343d4074b/element/f.9C1E946C17B1C55FC69CCE7EB9D2133F.d.4FCC53AA96521B7B15233118CDD1352C.e.5297/elements - {"using":"css selector","value":"td"}
RESULT: {"using":"css selector","value":"td"}
COMMAND: POST /session/555fcffa8aa83dd925f7bd1343d4074b/element/f.9C1E946C17B1C55FC69CCE7EB9D2133F.d.4FCC53AA96521B7B15233118CDD1352C.e.5298/elements - {"using":"css selector","value":"td"}
RESULT: {"using":"css selector","value":"td"}
COMMAND: POST /session/555fcffa8aa83dd925f7bd1343d4074b/element/f.9C1E946C17B1C55FC69CCE7EB9D2133F.d.4FCC53AA96521B7B15233118CDD1352C.e.5299/elements - {"using":"css selector","value":"td"}
RESULT: {"using":"css selector","value":"td"}
COMMAND: POST /session/555fcffa8aa83dd925f7bd1343d4074b/element/f.9C1E946C17B1C55FC69CCE7EB9D2133F.d.4FCC53AA96521B7B15233118CDD1352C.e.5300/elements - {"using":"css selector","value":"td"}
RESULT: {"using":"css selector","value":"td"}
COMMAND: POST /session/555fcffa8aa83dd925f7bd1343d4074b/element/f.9C1E946C17B1C55FC69CCE7EB9D2133F.d.4FCC53AA96521B7B15233118CDD1352C.e.5301/elements - {"using":"css selector","value":"td"}
RESULT: {"using":"css selector","value":"td"}
COMMAND: POST /session/555fcffa8aa83dd925f7bd1343d4074b/element/f.9C1E946C17B1C55FC69CCE7EB9D2133F.d.4FCC53AA96521B7B15233118CDD1352C.e.5302/elements - {"using":"css selector","value":"td"}
RESULT: {"using":"css selector","value":"td"}
COMMAND: POST /session/555fcffa8aa83dd925f7bd1343d4074b/element/f.9C1E946C17B1C55FC69CCE7EB9D2133F.d.4FCC53AA96521B7B15233118CDD1352C.e.5303/elements - {"using":"css selector","value":"td"}
RESULT: {"using":"css selector","value":"td"}
COMMAND: POST /session/555fcffa8aa83dd925f7bd1343d4074b/element/f.9C1E946C17B1C55FC69CCE7EB9D2133F.d.4FCC53AA96521B7B15233118CDD1352C.e.5304/elements - {"using":"css selector","value":"td"}
RESULT: {"using":"css selector","value":"td"}
COMMAND: POST /session/555fcffa8aa83dd925f7bd1343d4074b/element/f.9C1E946C17B1C55FC69CCE7EB9D2133F.d.4FCC53AA96521B7B15233118CDD1352C.e.5305/elements - {"using":"css selector","value":"td"}
RESULT: {"using":"css selector","value":"td"}
COMMAND: POST /session/555fcffa8aa83dd925f7bd1343d4074b/element/f.9C1E946C17B1C55FC69CCE7EB9D2133F.d.4FCC53AA96521B7B15233118CDD1352C.e.5306/elements - {"using":"css selector","value":"td"}
RESULT: {"using":"css selector","value":"td"}
COMMAND: POST /session/555fcffa8aa83dd925f7bd1343d4074b/element/f.9C1E946C17B1C55FC69CCE7EB9D2133F.d.4FCC53AA96521B7B15233118CDD1352C.e.5307/elements - {"using":"css selector","value":"td"}
RESULT: {"using":"css selector","value":"td"}
COMMAND: POST /session/555fcffa8aa83dd925f7bd1343d4074b/element/f.9C1E946C17B1C55FC69CCE7EB9D2133F.d.4FCC53AA96521B7B15233118CDD1352C.e.5308/elements - {"using":"css selector","value":"td"}
RESULT: {"using":"css selector","value":"td"}
COMMAND: POST /session/555fcffa8aa83dd925f7bd1343d4074b/element/f.9C1E946C17B1C55FC69CCE7EB9D2133F.d.4FCC53AA96521B7B15233118CDD1352C.e.5309/elements - {"using":"css selector","value":"td"}
RESULT: {"using":"css selector","value":"td"}
COMMAND: POST /session/555fcffa8aa83dd925f7bd1343d4074b/element/f.9C1E946C17B1C55FC69CCE7EB9D2133F.d.4FCC53AA96521B7B15233118CDD1352C.e.5310/elements - {"using":"css selector","value":"td"}
RESULT: {"using":"css selector","value":"td"}
COMMAND: POST /session/555fcffa8aa83dd925f7bd1343d4074b/element/f.9C1E946C17B1C55FC69CCE7EB9D2133F.d.4FCC53AA96521B7B15233118CDD1352C.e.5311/elements - {"using":"css selector","value":"td"}
RESULT: {"using":"css selector","value":"td"}
COMMAND: POST /session/555fcffa8aa83dd925f7bd1343d4074b/element/f.9C1E946C17B1C55FC69CCE7EB9D2133F.d.4FCC53AA96521B7B15233118CDD1352C.e.5312/elements - {"using":"css selector","value":"td"}
RESULT: {"using":"css selector","value":"td"}
COMMAND: POST /session/555fcffa8aa83dd925f7bd1343d4074b/element/f.9C1E946C17B1C55FC69CCE7EB9D2133F.d.4FCC53AA96521B7B15233118CDD1352C.e.5313/elements - {"using":"css selector","value":"td"}
RESULT: {"using":"css selector","value":"td"}
COMMAND: POST /session/555fcffa8aa83dd925f7bd1343d4074b/element/f.9C1E946C17B1C55FC69CCE7EB9D2133F.d.4FCC53AA96521B7B15233118CDD1352C.e.5314/elements - {"using":"css selector","value":"td"}
RESULT: {"using":"css selector","value":"td"}
COMMAND: POST /session/555fcffa8aa83dd925f7bd1343d4074b/element/f.9C1E946C17B1C55FC69CCE7EB9D2133F.d.4FCC53AA96521B7B15233118CDD1352C.e.5315/elements - {"using":"css selector","value":"td"}
RESULT: {"using":"css selector","value":"td"}
COMMAND: POST /session/555fcffa8aa83dd925f7bd1343d4074b/element/f.9C1E946C17B1C55FC69CCE7EB9D2133F.d.4FCC53AA96521B7B15233118CDD1352C.e.5316/elements - {"using":"css selector","value":"td"}
RESULT: {"using":"css selector","value":"td"}
COMMAND: POST /session/555fcffa8aa83dd925f7bd1343d4074b/element/f.9C1E946C17B1C55FC69CCE7EB9D2133F.d.4FCC53AA96521B7B15233118CDD1352C.e.5317/elements - {"using":"css selector","value":"td"}
RESULT: {"using":"css selector","value":"td"}
COMMAND: POST /session/555fcffa8aa83dd925f7bd1343d4074b/element/f.9C1E946C17B1C55FC69CCE7EB9D2133F.d.4FCC53AA96521B7B15233118CDD1352C.e.5318/elements - {"using":"css selector","value":"td"}
RESULT: {"using":"css selector","value":"td"}
COMMAND: POST /session/555fcffa8aa83dd925f7bd1343d4074b/element/f.9C1E946C17B1C55FC69CCE7EB9D2133F.d.4FCC53AA96521B7B15233118CDD1352C.e.5319/elements - {"using":"css selector","value":"td"}
RESULT: {"using":"css selector","value":"td"}
COMMAND: POST /session/555fcffa8aa83dd925f7bd1343d4074b/element/f.9C1E946C17B1C55FC69CCE7EB9D2133F.d.4FCC53AA96521B7B15233118CDD1352C.e.5320/elements - {"using":"css selector","value":"td"}
RESULT: {"using":"css selector","value":"td"}
COMMAND: POST /session/555fcffa8aa83dd925f7bd1343d4074b/element/f.9C1E946C17B1C55FC69CCE7EB9D2133F.d.4FCC53AA96521B7B15233118CDD1352C.e.5321/elements - {"using":"css selector","value":"td"}
RESULT: {"using":"css selector","value":"td"}
COMMAND: POST /session/555fcffa8aa83dd925f7bd1343d4074b/element/f.9C1E946C17B1C55FC69CCE7EB9D2133F.d.4FCC53AA96521B7B15233118CDD1352C.e.5322/elements - {"using":"css selector","value":"td"}
RESULT: {"using":"css selector","value":"td"}
COMMAND: POST /session/555fcffa8aa83dd925f7bd1343d4074b/element/f.9C1E946C17B1C55FC69CCE7EB9D2133F.d.4FCC53AA96521B7B15233118CDD1352C.e.5323/elements - {"using":"css selector","value":"td"}
RESULT: {"using":"css selector","value":"td"}
COMMAND: POST /session/555fcffa8aa83dd925f7bd1343d4074b/element/f.9C1E946C17B1C55FC69CCE7EB9D2133F.d.4FCC53AA96521B7B15233118CDD1352C.e.5324/elements - {"using":"css selector","value":"td"}
RESULT: {"using":"css selector","value":"td"}
COMMAND: POST /session/555fcffa8aa83dd925f7bd1343d4074b/element/f.9C1E946C17B1C55FC69CCE7EB9D2133F.d.4FCC53AA96521B7B15233118CDD1352C.e.5325/elements - {"using":"css selector","value":"td"}
RESULT: {"using":"css selector","value":"td"}
COMMAND: POST /session/555fcffa8aa83dd925f7bd1343d4074b/element/f.9C1E946C17B1C55FC69CCE7EB9D2133F.d.4FCC53AA96521B7B15233118CDD1352C.e.5326/elements - {"using":"css selector","value":"td"}
RESULT: {"using":"css selector","value":"td"}
COMMAND: POST /session/555fcffa8aa83dd925f7bd1343d4074b/element/f.9C1E946C17B1C55FC69CCE7EB9D2133F.d.4FCC53AA96521B7B15233118CDD1352C.e.5327/elements - {"using":"css selector","value":"td"}
RESULT: {"using":"css selector","value":"td"}
COMMAND: POST /session/555fcffa8aa83dd925f7bd1343d4074b/element/f.9C1E946C17B1C55FC69CCE7EB9D2133F.d.4FCC53AA96521B7B15233118CDD1352C.e.5328/elements - {"using":"css selector","value":"td"}
RESULT: {"using":"css selector","value":"td"}
COMMAND: POST /session/555fcffa8aa83dd925f7bd1343d4074b/element/f.9C1E946C17B1C55FC69CCE7EB9D2133F.d.4FCC53AA96521B7B15233118CDD1352C.e.5329/elements - {"using":"css selector","value":"td"}
RESULT: {"using":"css selector","value":"td"}
COMMAND: POST /session/555fcffa8aa83dd925f7bd1343d4074b/element/f.9C1E946C17B1C55FC69CCE7EB9D2133F.d.4FCC53AA96521B7B15233118CDD1352C.e.5330/elements - {"using":"css selector","value":"td"}
RESULT: {"using":"css selector","value":"td"}
COMMAND: POST /session/555fcffa8aa83dd925f7bd1343d4074b/element/f.9C1E946C17B1C55FC69CCE7EB9D2133F.d.4FCC53AA96521B7B15233118CDD1352C.e.5331/elements - {"using":"css selector","value":"td"}
RESULT: {"using":"css selector","value":"td"}
COMMAND: POST /session/555fcffa8aa83dd925f7bd1343d4074b/element/f.9C1E946C17B1C55FC69CCE7EB9D2133F.d.4FCC53AA96521B7B15233118CDD1352C.e.5332/elements - {"using":"css selector","value":"td"}
RESULT: {"using":"css selector","value":"td"}
COMMAND: POST /session/555fcffa8aa83dd925f7bd1343d4074b/element/f.9C1E946C17B1C55FC69CCE7EB9D2133F.d.4FCC53AA96521B7B15233118CDD1352C.e.5333/elements - {"using":"css selector","value":"td"}
RESULT: {"using":"css selector","value":"td"}
COMMAND: POST /session/555fcffa8aa83dd925f7bd1343d4074b/element/f.9C1E946C17B1C55FC69CCE7EB9D2133F.d.4FCC53AA96521B7B15233118CDD1352C.e.5334/elements - {"using":"css selector","value":"td"}
RESULT: {"using":"css selector","value":"td"}
COMMAND: POST /session/555fcffa8aa83dd925f7bd1343d4074b/element/f.9C1E946C17B1C55FC69CCE7EB9D2133F.d.4FCC53AA96521B7B15233118CDD1352C.e.5335/elements - {"using":"css selector","value":"td"}
RESULT: {"using":"css selector","value":"td"}
COMMAND: POST /session/555fcffa8aa83dd925f7bd1343d4074b/element/f.9C1E946C17B1C55FC69CCE7EB9D2133F.d.4FCC53AA96521B7B15233118CDD1352C.e.5336/elements - {"using":"css selector","value":"td"}
RESULT: {"using":"css selector","value":"td"}
COMMAND: POST /session/555fcffa8aa83dd925f7bd1343d4074b/element/f.9C1E946C17B1C55FC69CCE7EB9D2133F.d.4FCC53AA96521B7B15233118CDD1352C.e.5337/elements - {"using":"css selector","value":"td"}
RESULT: {"using":"css selector","value":"td"}
COMMAND: POST /session/555fcffa8aa83dd925f7bd1343d4074b/element/f.9C1E946C17B1C55FC69CCE7EB9D2133F.d.4FCC53AA96521B7B15233118CDD1352C.e.5338/elements - {"using":"css selector","value":"td"}
RESULT: {"using":"css selector","value":"td"}
COMMAND: POST /session/555fcffa8aa83dd925f7bd1343d4074b/element/f.9C1E946C17B1C55FC69CCE7EB9D2133F.d.4FCC53AA96521B7B15233118CDD1352C.e.5339/elements - {"using":"css selector","value":"td"}
RESULT: {"using":"css selector","value":"td"}
COMMAND: POST /session/555fcffa8aa83dd925f7bd1343d4074b/element/f.9C1E946C17B1C55FC69CCE7EB9D2133F.d.4FCC53AA96521B7B15233118CDD1352C.e.5340/elements - {"using":"css selector","value":"td"}
RESULT: {"using":"css selector","value":"td"}
COMMAND: POST /session/555fcffa8aa83dd925f7bd1343d4074b/element/f.9C1E946C17B1C55FC69CCE7EB9D2133F.d.4FCC53AA96521B7B15233118CDD1352C.e.5341/elements - {"using":"css selector","value":"td"}
RESULT: {"using":"css selector","value":"td"}
COMMAND: POST /session/555fcffa8aa83dd925f7bd1343d4074b/element/f.9C1E946C17B1C55FC69CCE7EB9D2133F.d.4FCC53AA96521B7B15233118CDD1352C.e.5342/elements - {"using":"css selector","value":"td"}
RESULT: {"using":"css selector","value":"td"}
COMMAND: POST /session/555fcffa8aa83dd925f7bd1343d4074b/element/f.9C1E946C17B1C55FC69CCE7EB9D2133F.d.4FCC53AA96521B7B15233118CDD1352C.e.5343/elements - {"using":"css selector","value":"td"}
RESULT: {"using":"css selector","value":"td"}
COMMAND: POST /session/555fcffa8aa83dd925f7bd1343d4074b/element/f.9C1E946C17B1C55FC69CCE7EB9D2133F.d.4FCC53AA96521B7B15233118CDD1352C.e.5344/elements - {"using":"css selector","value":"td"}
RESULT: {"using":"css selector","value":"td"}
COMMAND: POST /session/555fcffa8aa83dd925f7bd1343d4074b/element/f.9C1E946C17B1C55FC69CCE7EB9D2133F.d.4FCC53AA96521B7B15233118CDD1352C.e.5345/elements - {"using":"css selector","value":"td"}
RESULT: {"using":"css selector","value":"td"}
COMMAND: POST /session/555fcffa8aa83dd925f7bd1343d4074b/element/f.9C1E946C17B1C55FC69CCE7EB9D2133F.d.4FCC53AA96521B7B15233118CDD1352C.e.5346/elements - {"using":"css selector","value":"td"}
RESULT: {"using":"css selector","value":"td"}
COMMAND: POST /session/555fcffa8aa83dd925f7bd1343d4074b/element/f.9C1E946C17B1C55FC69CCE7EB9D2133F.d.4FCC53AA96521B7B15233118CDD1352C.e.5347/elements - {"using":"css selector","value":"td"}
RESULT: {"using":"css selector","value":"td"}
COMMAND: POST /session/555fcffa8aa83dd925f7bd1343d4074b/element/f.9C1E946C17B1C55FC69CCE7EB9D2133F.d.4FCC53AA96521B7B15233118CDD1352C.e.5348/elements - {"using":"css selector","value":"td"}
RESULT: {"using":"css selector","value":"td"}
COMMAND: POST /session/555fcffa8aa83dd925f7bd1343d4074b/element/f.9C1E946C17B1C55FC69CCE7EB9D2133F.d.4FCC53AA96521B7B15233118CDD1352C.e.5349/elements - {"using":"css selector","value":"td"}
RESULT: {"using":"css selector","value":"td"}
COMMAND: POST /session/555fcffa8aa83dd925f7bd1343d4074b/element/f.9C1E946C17B1C55FC69CCE7EB9D2133F.d.4FCC53AA96521B7B15233118CDD1352C.e.5350/elements - {"using":"css selector","value":"td"}
RESULT: {"using":"css selector","value":"td"}
COMMAND: POST /session/555fcffa8aa83dd925f7bd1343d4074b/element/f.9C1E946C17B1C55FC69CCE7EB9D2133F.d.4FCC53AA96521B7B15233118CDD1352C.e.5351/elements - {"using":"css selector","value":"td"}
RESULT: {"using":"css selector","value":"td"}
COMMAND: POST /session/555fcffa8aa83dd925f7bd1343d4074b/element/f.9C1E946C17B1C55FC69CCE7EB9D2133F.d.4FCC53AA96521B7B15233118CDD1352C.e.5352/elements - {"using":"css selector","value":"td"}
RESULT: {"using":"css selector","value":"td"}
COMMAND: POST /session/555fcffa8aa83dd925f7bd1343d4074b/element/f.9C1E946C17B1C55FC69CCE7EB9D2133F.d.4FCC53AA96521B7B15233118CDD1352C.e.5353/elements - {"using":"css selector","value":"td"}
RESULT: {"using":"css selector","value":"td"}
COMMAND: POST /session/555fcffa8aa83dd925f7bd1343d4074b/element/f.9C1E946C17B1C55FC69CCE7EB9D2133F.d.4FCC53AA96521B7B15233118CDD1352C.e.5354/elements - {"using":"css selector","value":"td"}
RESULT: {"using":"css selector","value":"td"}
COMMAND: POST /session/555fcffa8aa83dd925f7bd1343d4074b/element/f.9C1E946C17B1C55FC69CCE7EB9D2133F.d.4FCC53AA96521B7B15233118CDD1352C.e.5355/elements - {"using":"css selector","value":"td"}
RESULT: {"using":"css selector","value":"td"}
COMMAND: POST /session/555fcffa8aa83dd925f7bd1343d4074b/element/f.9C1E946C17B1C55FC69CCE7EB9D2133F.d.4FCC53AA96521B7B15233118CDD1352C.e.5356/elements - {"using":"css selector","value":"td"}
RESULT: {"using":"css selector","value":"td"}
COMMAND: POST /session/555fcffa8aa83dd925f7bd1343d4074b/element/f.9C1E946C17B1C55FC69CCE7EB9D2133F.d.4FCC53AA96521B7B15233118CDD1352C.e.5357/elements - {"using":"css selector","value":"td"}
RESULT: {"using":"css selector","value":"td"}
COMMAND: POST /session/555fcffa8aa83dd925f7bd1343d4074b/element/f.9C1E946C17B1C55FC69CCE7EB9D2133F.d.4FCC53AA96521B7B15233118CDD1352C.e.5358/elements - {"using":"css selector","value":"td"}
RESULT: {"using":"css selector","value":"td"}
COMMAND: POST /session/555fcffa8aa83dd925f7bd1343d4074b/element/f.9C1E946C17B1C55FC69CCE7EB9D2133F.d.4FCC53AA96521B7B15233118CDD1352C.e.5359/elements - {"using":"css selector","value":"td"}
RESULT: {"using":"css selector","value":"td"}
COMMAND: POST /session/555fcffa8aa83dd925f7bd1343d4074b/element/f.9C1E946C17B1C55FC69CCE7EB9D2133F.d.4FCC53AA96521B7B15233118CDD1352C.e.5360/elements - {"using":"css selector","value":"td"}
RESULT: {"using":"css selector","value":"td"}
COMMAND: POST /session/555fcffa8aa83dd925f7bd1343d4074b/element/f.9C1E946C17B1C55FC69CCE7EB9D2133F.d.4FCC53AA96521B7B15233118CDD1352C.e.5361/elements - {"using":"css selector","value":"td"}
RESULT: {"using":"css selector","value":"td"}
COMMAND: POST /session/555fcffa8aa83dd925f7bd1343d4074b/element/f.9C1E946C17B1C55FC69CCE7EB9D2133F.d.4FCC53AA96521B7B15233118CDD1352C.e.5362/elements - {"using":"css selector","value":"td"}
RESULT: {"using":"css selector","value":"td"}
COMMAND: POST /session/555fcffa8aa83dd925f7bd1343d4074b/element/f.9C1E946C17B1C55FC69CCE7EB9D2133F.d.4FCC53AA96521B7B15233118CDD1352C.e.5363/elements - {"using":"css selector","value":"td"}
RESULT: {"using":"css selector","value":"td"}
COMMAND: POST /session/555fcffa8aa83dd925f7bd1343d4074b/element/f.9C1E946C17B1C55FC69CCE7EB9D2133F.d.4FCC53AA96521B7B15233118CDD1352C.e.5364/elements - {"using":"css selector","value":"td"}
RESULT: {"using":"css selector","value":"td"}
COMMAND: POST /session/555fcffa8aa83dd925f7bd1343d4074b/element/f.9C1E946C17B1C55FC69CCE7EB9D2133F.d.4FCC53AA96521B7B15233118CDD1352C.e.5365/elements - {"using":"css selector","value":"td"}
RESULT: {"using":"css selector","value":"td"}
COMMAND: POST /session/555fcffa8aa83dd925f7bd1343d4074b/element/f.9C1E946C17B1C55FC69CCE7EB9D2133F.d.4FCC53AA96521B7B15233118CDD1352C.e.5366/elements - {"using":"css selector","value":"td"}
RESULT: {"using":"css selector","value":"td"}
COMMAND: POST /session/555fcffa8aa83dd925f7bd1343d4074b/element/f.9C1E946C17B1C55FC69CCE7EB9D2133F.d.4FCC53AA96521B7B15233118CDD1352C.e.5367/elements - {"using":"css selector","value":"td"}
RESULT: {"using":"css selector","value":"td"}
COMMAND: POST /session/555fcffa8aa83dd925f7bd1343d4074b/element/f.9C1E946C17B1C55FC69CCE7EB9D2133F.d.4FCC53AA96521B7B15233118CDD1352C.e.5368/elements - {"using":"css selector","value":"td"}
RESULT: {"using":"css selector","value":"td"}
COMMAND: POST /session/555fcffa8aa83dd925f7bd1343d4074b/element/f.9C1E946C17B1C55FC69CCE7EB9D2133F.d.4FCC53AA96521B7B15233118CDD1352C.e.5369/elements - {"using":"css selector","value":"td"}
RESULT: {"using":"css selector","value":"td"}
COMMAND: POST /session/555fcffa8aa83dd925f7bd1343d4074b/element/f.9C1E946C17B1C55FC69CCE7EB9D2133F.d.4FCC53AA96521B7B15233118CDD1352C.e.5370/elements - {"using":"css selector","value":"td"}
RESULT: {"using":"css selector","value":"td"}
COMMAND: POST /session/555fcffa8aa83dd925f7bd1343d4074b/element/f.9C1E946C17B1C55FC69CCE7EB9D2133F.d.4FCC53AA96521B7B15233118CDD1352C.e.5371/elements - {"using":"css selector","value":"td"}
RESULT: {"using":"css selector","value":"td"}
COMMAND: POST /session/555fcffa8aa83dd925f7bd1343d4074b/element/f.9C1E946C17B1C55FC69CCE7EB9D2133F.d.4FCC53AA96521B7B15233118CDD1352C.e.5372/elements - {"using":"css selector","value":"td"}
RESULT: {"using":"css selector","value":"td"}
COMMAND: POST /session/555fcffa8aa83dd925f7bd1343d4074b/element/f.9C1E946C17B1C55FC69CCE7EB9D2133F.d.4FCC53AA96521B7B15233118CDD1352C.e.5373/elements - {"using":"css selector","value":"td"}
RESULT: {"using":"css selector","value":"td"}
COMMAND: POST /session/555fcffa8aa83dd925f7bd1343d4074b/element/f.9C1E946C17B1C55FC69CCE7EB9D2133F.d.4FCC53AA96521B7B15233118CDD1352C.e.5374/elements - {"using":"css selector","value":"td"}
RESULT: {"using":"css selector","value":"td"}
COMMAND: POST /session/555fcffa8aa83dd925f7bd1343d4074b/element/f.9C1E946C17B1C55FC69CCE7EB9D2133F.d.4FCC53AA96521B7B15233118CDD1352C.e.5375/elements - {"using":"css selector","value":"td"}
RESULT: {"using":"css selector","value":"td"}
COMMAND: POST /session/555fcffa8aa83dd925f7bd1343d4074b/element/f.9C1E946C17B1C55FC69CCE7EB9D2133F.d.4FCC53AA96521B7B15233118CDD1352C.e.5376/elements - {"using":"css selector","value":"td"}
RESULT: {"using":"css selector","value":"td"}
COMMAND: POST /session/555fcffa8aa83dd925f7bd1343d4074b/element/f.9C1E946C17B1C55FC69CCE7EB9D2133F.d.4FCC53AA96521B7B15233118CDD1352C.e.5377/elements - {"using":"css selector","value":"td"}
RESULT: {"using":"css selector","value":"td"}
COMMAND: POST /session/555fcffa8aa83dd925f7bd1343d4074b/element/f.9C1E946C17B1C55FC69CCE7EB9D2133F.d.4FCC53AA96521B7B15233118CDD1352C.e.5378/elements - {"using":"css selector","value":"td"}
RESULT: {"using":"css selector","value":"td"}
COMMAND: POST /session/555fcffa8aa83dd925f7bd1343d4074b/element/f.9C1E946C17B1C55FC69CCE7EB9D2133F.d.4FCC53AA96521B7B15233118CDD1352C.e.5379/elements - {"using":"css selector","value":"td"}
RESULT: {"using":"css selector","value":"td"}
COMMAND: POST /session/555fcffa8aa83dd925f7bd1343d4074b/element/f.9C1E946C17B1C55FC69CCE7EB9D2133F.d.4FCC53AA96521B7B15233118CDD1352C.e.5380/elements - {"using":"css selector","value":"td"}
RESULT: {"using":"css selector","value":"td"}
COMMAND: POST /session/555fcffa8aa83dd925f7bd1343d4074b/element/f.9C1E946C17B1C55FC69CCE7EB9D2133F.d.4FCC53AA96521B7B15233118CDD1352C.e.5381/elements - {"using":"css selector","value":"td"}
RESULT: {"using":"css selector","value":"td"}
COMMAND: POST /session/555fcffa8aa83dd925f7bd1343d4074b/element/f.9C1E946C17B1C55FC69CCE7EB9D2133F.d.4FCC53AA96521B7B15233118CDD1352C.e.5382/elements - {"using":"css selector","value":"td"}
RESULT: {"using":"css selector","value":"td"}
COMMAND: POST /session/555fcffa8aa83dd925f7bd1343d4074b/element/f.9C1E946C17B1C55FC69CCE7EB9D2133F.d.4FCC53AA96521B7B15233118CDD1352C.e.5383/elements - {"using":"css selector","value":"td"}
RESULT: {"using":"css selector","value":"td"}
COMMAND: POST /session/555fcffa8aa83dd925f7bd1343d4074b/element/f.9C1E946C17B1C55FC69CCE7EB9D2133F.d.4FCC53AA96521B7B15233118CDD1352C.e.5384/elements - {"using":"css selector","value":"td"}
RESULT: {"using":"css selector","value":"td"}
COMMAND: POST /session/555fcffa8aa83dd925f7bd1343d4074b/element/f.9C1E946C17B1C55FC69CCE7EB9D2133F.d.4FCC53AA96521B7B15233118CDD1352C.e.5385/elements - {"using":"css selector","value":"td"}
RESULT: {"using":"css selector","value":"td"}
COMMAND: POST /session/555fcffa8aa83dd925f7bd1343d4074b/element/f.9C1E946C17B1C55FC69CCE7EB9D2133F.d.4FCC53AA96521B7B15233118CDD1352C.e.5386/elements - {"using":"css selector","value":"td"}
RESULT: {"using":"css selector","value":"td"}
COMMAND: POST /session/555fcffa8aa83dd925f7bd1343d4074b/element/f.9C1E946C17B1C55FC69CCE7EB9D2133F.d.4FCC53AA96521B7B15233118CDD1352C.e.5387/elements - {"using":"css selector","value":"td"}
RESULT: {"using":"css selector","value":"td"}
COMMAND: POST /session/555fcffa8aa83dd925f7bd1343d4074b/element/f.9C1E946C17B1C55FC69CCE7EB9D2133F.d.4FCC53AA96521B7B15233118CDD1352C.e.5388/elements - {"using":"css selector","value":"td"}
RESULT: {"using":"css selector","value":"td"}
COMMAND: POST /session/555fcffa8aa83dd925f7bd1343d4074b/element/f.9C1E946C17B1C55FC69CCE7EB9D2133F.d.4FCC53AA96521B7B15233118CDD1352C.e.5389/elements - {"using":"css selector","value":"td"}
RESULT: {"using":"css selector","value":"td"}
COMMAND: POST /session/555fcffa8aa83dd925f7bd1343d4074b/element/f.9C1E946C17B1C55FC69CCE7EB9D2133F.d.4FCC53AA96521B7B15233118CDD1352C.e.5390/elements - {"using":"css selector","value":"td"}
RESULT: {"using":"css selector","value":"td"}
COMMAND: POST /session/555fcffa8aa83dd925f7bd1343d4074b/element/f.9C1E946C17B1C55FC69CCE7EB9D2133F.d.4FCC53AA96521B7B15233118CDD1352C.e.5391/elements - {"using":"css selector","value":"td"}
RESULT: {"using":"css selector","value":"td"}
COMMAND: POST /session/555fcffa8aa83dd925f7bd1343d4074b/element/f.9C1E946C17B1C55FC69CCE7EB9D2133F.d.4FCC53AA96521B7B15233118CDD1352C.e.5392/elements - {"using":"css selector","value":"td"}
RESULT: {"using":"css selector","value":"td"}
COMMAND: POST /session/555fcffa8aa83dd925f7bd1343d4074b/element/f.9C1E946C17B1C55FC69CCE7EB9D2133F.d.4FCC53AA96521B7B15233118CDD1352C.e.5393/elements - {"using":"css selector","value":"td"}
RESULT: {"using":"css selector","value":"td"}
COMMAND: POST /session/555fcffa8aa83dd925f7bd1343d4074b/element/f.9C1E946C17B1C55FC69CCE7EB9D2133F.d.4FCC53AA96521B7B15233118CDD1352C.e.5394/elements - {"using":"css selector","value":"td"}
RESULT: {"using":"css selector","value":"td"}
COMMAND: POST /session/555fcffa8aa83dd925f7bd1343d4074b/element/f.9C1E946C17B1C55FC69CCE7EB9D2133F.d.4FCC53AA96521B7B15233118CDD1352C.e.5395/elements - {"using":"css selector","value":"td"}
RESULT: {"using":"css selector","value":"td"}
COMMAND: POST /session/555fcffa8aa83dd925f7bd1343d4074b/element/f.9C1E946C17B1C55FC69CCE7EB9D2133F.d.4FCC53AA96521B7B15233118CDD1352C.e.5396/elements - {"using":"css selector","value":"td"}
RESULT: {"using":"css selector","value":"td"}
COMMAND: POST /session/555fcffa8aa83dd925f7bd1343d4074b/element/f.9C1E946C17B1C55FC69CCE7EB9D2133F.d.4FCC53AA96521B7B15233118CDD1352C.e.5397/elements - {"using":"css selector","value":"td"}
RESULT: {"using":"css selector","value":"td"}
COMMAND: POST /session/555fcffa8aa83dd925f7bd1343d4074b/element/f.9C1E946C17B1C55FC69CCE7EB9D2133F.d.4FCC53AA96521B7B15233118CDD1352C.e.5398/elements - {"using":"css selector","value":"td"}
RESULT: {"using":"css selector","value":"td"}
COMMAND: POST /session/555fcffa8aa83dd925f7bd1343d4074b/element/f.9C1E946C17B1C55FC69CCE7EB9D2133F.d.4FCC53AA96521B7B15233118CDD1352C.e.5399/elements - {"using":"css selector","value":"td"}
RESULT: {"using":"css selector","value":"td"}
COMMAND: POST /session/555fcffa8aa83dd925f7bd1343d4074b/element/f.9C1E946C17B1C55FC69CCE7EB9D2133F.d.4FCC53AA96521B7B15233118CDD1352C.e.5400/elements - {"using":"css selector","value":"td"}
RESULT: {"using":"css selector","value":"td"}
COMMAND: POST /session/555fcffa8aa83dd925f7bd1343d4074b/element/f.9C1E946C17B1C55FC69CCE7EB9D2133F.d.4FCC53AA96521B7B15233118CDD1352C.e.5401/elements - {"using":"css selector","value":"td"}
RESULT: {"using":"css selector","value":"td"}
COMMAND: POST /session/555fcffa8aa83dd925f7bd1343d4074b/element/f.9C1E946C17B1C55FC69CCE7EB9D2133F.d.4FCC53AA96521B7B15233118CDD1352C.e.5402/elements - {"using":"css selector","value":"td"}
RESULT: {"using":"css selector","value":"td"}
COMMAND: POST /session/555fcffa8aa83dd925f7bd1343d4074b/element/f.9C1E946C17B1C55FC69CCE7EB9D2133F.d.4FCC53AA96521B7B15233118CDD1352C.e.5403/elements - {"using":"css selector","value":"td"}
RESULT: {"using":"css selector","value":"td"}
COMMAND: POST /session/555fcffa8aa83dd925f7bd1343d4074b/element/f.9C1E946C17B1C55FC69CCE7EB9D2133F.d.4FCC53AA96521B7B15233118CDD1352C.e.5404/elements - {"using":"css selector","value":"td"}
RESULT: {"using":"css selector","value":"td"}
COMMAND: POST /session/555fcffa8aa83dd925f7bd1343d4074b/element/f.9C1E946C17B1C55FC69CCE7EB9D2133F.d.4FCC53AA96521B7B15233118CDD1352C.e.5405/elements - {"using":"css selector","value":"td"}
RESULT: {"using":"css selector","value":"td"}
COMMAND: POST /session/555fcffa8aa83dd925f7bd1343d4074b/element/f.9C1E946C17B1C55FC69CCE7EB9D2133F.d.4FCC53AA96521B7B15233118CDD1352C.e.5406/elements - {"using":"css selector","value":"td"}
RESULT: {"using":"css selector","value":"td"}
COMMAND: POST /session/555fcffa8aa83dd925f7bd1343d4074b/element/f.9C1E946C17B1C55FC69CCE7EB9D2133F.d.4FCC53AA96521B7B15233118CDD1352C.e.5407/elements - {"using":"css selector","value":"td"}
RESULT: {"using":"css selector","value":"td"}
COMMAND: POST /session/555fcffa8aa83dd925f7bd1343d4074b/element/f.9C1E946C17B1C55FC69CCE7EB9D2133F.d.4FCC53AA96521B7B15233118CDD1352C.e.5408/elements - {"using":"css selector","value":"td"}
RESULT: {"using":"css selector","value":"td"}
COMMAND: POST /session/555fcffa8aa83dd925f7bd1343d4074b/element/f.9C1E946C17B1C55FC69CCE7EB9D2133F.d.4FCC53AA96521B7B15233118CDD1352C.e.5409/elements - {"using":"css selector","value":"td"}
RESULT: {"using":"css selector","value":"td"}
COMMAND: POST /session/555fcffa8aa83dd925f7bd1343d4074b/element/f.9C1E946C17B1C55FC69CCE7EB9D2133F.d.4FCC53AA96521B7B15233118CDD1352C.e.5410/elements - {"using":"css selector","value":"td"}
RESULT: {"using":"css selector","value":"td"}
COMMAND: POST /session/555fcffa8aa83dd925f7bd1343d4074b/element/f.9C1E946C17B1C55FC69CCE7EB9D2133F.d.4FCC53AA96521B7B15233118CDD1352C.e.5411/elements - {"using":"css selector","value":"td"}
RESULT: {"using":"css selector","value":"td"}
COMMAND: POST /session/555fcffa8aa83dd925f7bd1343d4074b/element/f.9C1E946C17B1C55FC69CCE7EB9D2133F.d.4FCC53AA96521B7B15233118CDD1352C.e.5412/elements - {"using":"css selector","value":"td"}
RESULT: {"using":"css selector","value":"td"}
COMMAND: POST /session/555fcffa8aa83dd925f7bd1343d4074b/element/f.9C1E946C17B1C55FC69CCE7EB9D2133F.d.4FCC53AA96521B7B15233118CDD1352C.e.5413/elements - {"using":"css selector","value":"td"}
RESULT: {"using":"css selector","value":"td"}
COMMAND: POST /session/555fcffa8aa83dd925f7bd1343d4074b/element/f.9C1E946C17B1C55FC69CCE7EB9D2133F.d.4FCC53AA96521B7B15233118CDD1352C.e.5414/elements - {"using":"css selector","value":"td"}
RESULT: {"using":"css selector","value":"td"}
COMMAND: POST /session/555fcffa8aa83dd925f7bd1343d4074b/element/f.9C1E946C17B1C55FC69CCE7EB9D2133F.d.4FCC53AA96521B7B15233118CDD1352C.e.5415/elements - {"using":"css selector","value":"td"}
RESULT: {"using":"css selector","value":"td"}
COMMAND: POST /session/555fcffa8aa83dd925f7bd1343d4074b/element/f.9C1E946C17B1C55FC69CCE7EB9D2133F.d.4FCC53AA96521B7B15233118CDD1352C.e.5416/elements - {"using":"css selector","value":"td"}
RESULT: {"using":"css selector","value":"td"}
COMMAND: POST /session/555fcffa8aa83dd925f7bd1343d4074b/element/f.9C1E946C17B1C55FC69CCE7EB9D2133F.d.4FCC53AA96521B7B15233118CDD1352C.e.5417/elements - {"using":"css selector","value":"td"}
RESULT: {"using":"css selector","value":"td"}
COMMAND: POST /session/555fcffa8aa83dd925f7bd1343d4074b/element/f.9C1E946C17B1C55FC69CCE7EB9D2133F.d.4FCC53AA96521B7B15233118CDD1352C.e.5418/elements - {"using":"css selector","value":"td"}
RESULT: {"using":"css selector","value":"td"}
COMMAND: POST /session/555fcffa8aa83dd925f7bd1343d4074b/element/f.9C1E946C17B1C55FC69CCE7EB9D2133F.d.4FCC53AA96521B7B15233118CDD1352C.e.5419/elements - {"using":"css selector","value":"td"}
RESULT: {"using":"css selector","value":"td"}
COMMAND: POST /session/555fcffa8aa83dd925f7bd1343d4074b/element/f.9C1E946C17B1C55FC69CCE7EB9D2133F.d.4FCC53AA96521B7B15233118CDD1352C.e.5420/elements - {"using":"css selector","value":"td"}
RESULT: {"using":"css selector","value":"td"}
COMMAND: POST /session/555fcffa8aa83dd925f7bd1343d4074b/element/f.9C1E946C17B1C55FC69CCE7EB9D2133F.d.4FCC53AA96521B7B15233118CDD1352C.e.5421/elements - {"using":"css selector","value":"td"}
RESULT: {"using":"css selector","value":"td"}
COMMAND: POST /session/555fcffa8aa83dd925f7bd1343d4074b/element/f.9C1E946C17B1C55FC69CCE7EB9D2133F.d.4FCC53AA96521B7B15233118CDD1352C.e.5422/elements - {"using":"css selector","value":"td"}
RESULT: {"using":"css selector","value":"td"}
COMMAND: POST /session/555fcffa8aa83dd925f7bd1343d4074b/element/f.9C1E946C17B1C55FC69CCE7EB9D2133F.d.4FCC53AA96521B7B15233118CDD1352C.e.5423/elements - {"using":"css selector","value":"td"}
RESULT: {"using":"css selector","value":"td"}
COMMAND: POST /session/555fcffa8aa83dd925f7bd1343d4074b/element/f.9C1E946C17B1C55FC69CCE7EB9D2133F.d.4FCC53AA96521B7B15233118CDD1352C.e.5424/elements - {"using":"css selector","value":"td"}
RESULT: {"using":"css selector","value":"td"}
COMMAND: POST /session/555fcffa8aa83dd925f7bd1343d4074b/element/f.9C1E946C17B1C55FC69CCE7EB9D2133F.d.4FCC53AA96521B7B15233118CDD1352C.e.5425/elements - {"using":"css selector","value":"td"}
RESULT: {"using":"css selector","value":"td"}
COMMAND: POST /session/555fcffa8aa83dd925f7bd1343d4074b/element/f.9C1E946C17B1C55FC69CCE7EB9D2133F.d.4FCC53AA96521B7B15233118CDD1352C.e.5426/elements - {"using":"css selector","value":"td"}
RESULT: {"using":"css selector","value":"td"}
COMMAND: POST /session/555fcffa8aa83dd925f7bd1343d4074b/element/f.9C1E946C17B1C55FC69CCE7EB9D2133F.d.4FCC53AA96521B7B15233118CDD1352C.e.5427/elements - {"using":"css selector","value":"td"}
RESULT: {"using":"css selector","value":"td"}
COMMAND: POST /session/555fcffa8aa83dd925f7bd1343d4074b/element/f.9C1E946C17B1C55FC69CCE7EB9D2133F.d.4FCC53AA96521B7B15233118CDD1352C.e.5428/elements - {"using":"css selector","value":"td"}
RESULT: {"using":"css selector","value":"td"}
COMMAND: POST /session/555fcffa8aa83dd925f7bd1343d4074b/element/f.9C1E946C17B1C55FC69CCE7EB9D2133F.d.4FCC53AA96521B7B15233118CDD1352C.e.5429/elements - {"using":"css selector","value":"td"}
RESULT: {"using":"css selector","value":"td"}
COMMAND: POST /session/555fcffa8aa83dd925f7bd1343d4074b/element/f.9C1E946C17B1C55FC69CCE7EB9D2133F.d.4FCC53AA96521B7B15233118CDD1352C.e.5430/elements - {"using":"css selector","value":"td"}
RESULT: {"using":"css selector","value":"td"}
COMMAND: POST /session/555fcffa8aa83dd925f7bd1343d4074b/element/f.9C1E946C17B1C55FC69CCE7EB9D2133F.d.4FCC53AA96521B7B15233118CDD1352C.e.5431/elements - {"using":"css selector","value":"td"}
RESULT: {"using":"css selector","value":"td"}
COMMAND: POST /session/555fcffa8aa83dd925f7bd1343d4074b/element/f.9C1E946C17B1C55FC69CCE7EB9D2133F.d.4FCC53AA96521B7B15233118CDD1352C.e.5432/elements - {"using":"css selector","value":"td"}
RESULT: {"using":"css selector","value":"td"}
COMMAND: POST /session/555fcffa8aa83dd925f7bd1343d4074b/element/f.9C1E946C17B1C55FC69CCE7EB9D2133F.d.4FCC53AA96521B7B15233118CDD1352C.e.5433/elements - {"using":"css selector","value":"td"}
RESULT: {"using":"css selector","value":"td"}
COMMAND: POST /session/555fcffa8aa83dd925f7bd1343d4074b/element/f.9C1E946C17B1C55FC69CCE7EB9D2133F.d.4FCC53AA96521B7B15233118CDD1352C.e.5434/elements - {"using":"css selector","value":"td"}
RESULT: {"using":"css selector","value":"td"}
COMMAND: POST /session/555fcffa8aa83dd925f7bd1343d4074b/element/f.9C1E946C17B1C55FC69CCE7EB9D2133F.d.4FCC53AA96521B7B15233118CDD1352C.e.5435/elements - {"using":"css selector","value":"td"}
RESULT: {"using":"css selector","value":"td"}
COMMAND: POST /session/555fcffa8aa83dd925f7bd1343d4074b/element/f.9C1E946C17B1C55FC69CCE7EB9D2133F.d.4FCC53AA96521B7B15233118CDD1352C.e.5436/elements - {"using":"css selector","value":"td"}
RESULT: {"using":"css selector","value":"td"}
COMMAND: POST /session/555fcffa8aa83dd925f7bd1343d4074b/element/f.9C1E946C17B1C55FC69CCE7EB9D2133F.d.4FCC53AA96521B7B15233118CDD1352C.e.5437/elements - {"using":"css selector","value":"td"}
RESULT: {"using":"css selector","value":"td"}
COMMAND: POST /session/555fcffa8aa83dd925f7bd1343d4074b/element/f.9C1E946C17B1C55FC69CCE7EB9D2133F.d.4FCC53AA96521B7B15233118CDD1352C.e.5438/elements - {"using":"css selector","value":"td"}
RESULT: {"using":"css selector","value":"td"}
COMMAND: POST /session/555fcffa8aa83dd925f7bd1343d4074b/element/f.9C1E946C17B1C55FC69CCE7EB9D2133F.d.4FCC53AA96521B7B15233118CDD1352C.e.5439/elements - {"using":"css selector","value":"td"}
RESULT: {"using":"css selector","value":"td"}
COMMAND: POST /session/555fcffa8aa83dd925f7bd1343d4074b/element/f.9C1E946C17B1C55FC69CCE7EB9D2133F.d.4FCC53AA96521B7B15233118CDD1352C.e.5440/elements - {"using":"css selector","value":"td"}
RESULT: {"using":"css selector","value":"td"}
COMMAND: POST /session/555fcffa8aa83dd925f7bd1343d4074b/element/f.9C1E946C17B1C55FC69CCE7EB9D2133F.d.4FCC53AA96521B7B15233118CDD1352C.e.5441/elements - {"using":"css selector","value":"td"}
RESULT: {"using":"css selector","value":"td"}
COMMAND: POST /session/555fcffa8aa83dd925f7bd1343d4074b/element/f.9C1E946C17B1C55FC69CCE7EB9D2133F.d.4FCC53AA96521B7B15233118CDD1352C.e.5442/elements - {"using":"css selector","value":"td"}
RESULT: {"using":"css selector","value":"td"}
COMMAND: POST /session/555fcffa8aa83dd925f7bd1343d4074b/element/f.9C1E946C17B1C55FC69CCE7EB9D2133F.d.4FCC53AA96521B7B15233118CDD1352C.e.5443/elements - {"using":"css selector","value":"td"}
RESULT: {"using":"css selector","value":"td"}
COMMAND: POST /session/555fcffa8aa83dd925f7bd1343d4074b/element/f.9C1E946C17B1C55FC69CCE7EB9D2133F.d.4FCC53AA96521B7B15233118CDD1352C.e.5444/elements - {"using":"css selector","value":"td"}
RESULT: {"using":"css selector","value":"td"}
COMMAND: POST /session/555fcffa8aa83dd925f7bd1343d4074b/element/f.9C1E946C17B1C55FC69CCE7EB9D2133F.d.4FCC53AA96521B7B15233118CDD1352C.e.5445/elements - {"using":"css selector","value":"td"}
RESULT: {"using":"css selector","value":"td"}
COMMAND: POST /session/555fcffa8aa83dd925f7bd1343d4074b/element/f.9C1E946C17B1C55FC69CCE7EB9D2133F.d.4FCC53AA96521B7B15233118CDD1352C.e.5446/elements - {"using":"css selector","value":"td"}
RESULT: {"using":"css selector","value":"td"}
COMMAND: POST /session/555fcffa8aa83dd925f7bd1343d4074b/element/f.9C1E946C17B1C55FC69CCE7EB9D2133F.d.4FCC53AA96521B7B15233118CDD1352C.e.5447/elements - {"using":"css selector","value":"td"}
RESULT: {"using":"css selector","value":"td"}
COMMAND: POST /session/555fcffa8aa83dd925f7bd1343d4074b/element/f.9C1E946C17B1C55FC69CCE7EB9D2133F.d.4FCC53AA96521B7B15233118CDD1352C.e.5448/elements - {"using":"css selector","value":"td"}
RESULT: {"using":"css selector","value":"td"}
COMMAND: POST /session/555fcffa8aa83dd925f7bd1343d4074b/element/f.9C1E946C17B1C55FC69CCE7EB9D2133F.d.4FCC53AA96521B7B15233118CDD1352C.e.5449/elements - {"using":"css selector","value":"td"}
RESULT: {"using":"css selector","value":"td"}
COMMAND: POST /session/555fcffa8aa83dd925f7bd1343d4074b/element/f.9C1E946C17B1C55FC69CCE7EB9D2133F.d.4FCC53AA96521B7B15233118CDD1352C.e.5450/elements - {"using":"css selector","value":"td"}
RESULT: {"using":"css selector","value":"td"}
COMMAND: POST /session/555fcffa8aa83dd925f7bd1343d4074b/element/f.9C1E946C17B1C55FC69CCE7EB9D2133F.d.4FCC53AA96521B7B15233118CDD1352C.e.5451/elements - {"using":"css selector","value":"td"}
RESULT: {"using":"css selector","value":"td"}
COMMAND: POST /session/555fcffa8aa83dd925f7bd1343d4074b/element/f.9C1E946C17B1C55FC69CCE7EB9D2133F.d.4FCC53AA96521B7B15233118CDD1352C.e.5452/elements - {"using":"css selector","value":"td"}
RESULT: {"using":"css selector","value":"td"}
COMMAND: POST /session/555fcffa8aa83dd925f7bd1343d4074b/element/f.9C1E946C17B1C55FC69CCE7EB9D2133F.d.4FCC53AA96521B7B15233118CDD1352C.e.5453/elements - {"using":"css selector","value":"td"}
RESULT: {"using":"css selector","value":"td"}
COMMAND: POST /session/555fcffa8aa83dd925f7bd1343d4074b/element/f.9C1E946C17B1C55FC69CCE7EB9D2133F.d.4FCC53AA96521B7B15233118CDD1352C.e.5454/elements - {"using":"css selector","value":"td"}
RESULT: {"using":"css selector","value":"td"}
COMMAND: POST /session/555fcffa8aa83dd925f7bd1343d4074b/element/f.9C1E946C17B1C55FC69CCE7EB9D2133F.d.4FCC53AA96521B7B15233118CDD1352C.e.5455/elements - {"using":"css selector","value":"td"}
RESULT: {"using":"css selector","value":"td"}
COMMAND: POST /session/555fcffa8aa83dd925f7bd1343d4074b/element/f.9C1E946C17B1C55FC69CCE7EB9D2133F.d.4FCC53AA96521B7B15233118CDD1352C.e.5456/elements - {"using":"css selector","value":"td"}
RESULT: {"using":"css selector","value":"td"}
COMMAND: POST /session/555fcffa8aa83dd925f7bd1343d4074b/element/f.9C1E946C17B1C55FC69CCE7EB9D2133F.d.4FCC53AA96521B7B15233118CDD1352C.e.5457/elements - {"using":"css selector","value":"td"}
RESULT: {"using":"css selector","value":"td"}
COMMAND: POST /session/555fcffa8aa83dd925f7bd1343d4074b/element/f.9C1E946C17B1C55FC69CCE7EB9D2133F.d.4FCC53AA96521B7B15233118CDD1352C.e.5458/elements - {"using":"css selector","value":"td"}
RESULT: {"using":"css selector","value":"td"}
COMMAND: POST /session/555fcffa8aa83dd925f7bd1343d4074b/element/f.9C1E946C17B1C55FC69CCE7EB9D2133F.d.4FCC53AA96521B7B15233118CDD1352C.e.5459/elements - {"using":"css selector","value":"td"}
RESULT: {"using":"css selector","value":"td"}
COMMAND: POST /session/555fcffa8aa83dd925f7bd1343d4074b/element/f.9C1E946C17B1C55FC69CCE7EB9D2133F.d.4FCC53AA96521B7B15233118CDD1352C.e.5460/elements - {"using":"css selector","value":"td"}
RESULT: {"using":"css selector","value":"td"}
COMMAND: POST /session/555fcffa8aa83dd925f7bd1343d4074b/element/f.9C1E946C17B1C55FC69CCE7EB9D2133F.d.4FCC53AA96521B7B15233118CDD1352C.e.5461/elements - {"using":"css selector","value":"td"}
RESULT: {"using":"css selector","value":"td"}
COMMAND: POST /session/555fcffa8aa83dd925f7bd1343d4074b/element/f.9C1E946C17B1C55FC69CCE7EB9D2133F.d.4FCC53AA96521B7B15233118CDD1352C.e.5462/elements - {"using":"css selector","value":"td"}
RESULT: {"using":"css selector","value":"td"}
COMMAND: POST /session/555fcffa8aa83dd925f7bd1343d4074b/element/f.9C1E946C17B1C55FC69CCE7EB9D2133F.d.4FCC53AA96521B7B15233118CDD1352C.e.5463/elements - {"using":"css selector","value":"td"}
RESULT: {"using":"css selector","value":"td"}
COMMAND: POST /session/555fcffa8aa83dd925f7bd1343d4074b/element/f.9C1E946C17B1C55FC69CCE7EB9D2133F.d.4FCC53AA96521B7B15233118CDD1352C.e.5464/elements - {"using":"css selector","value":"td"}
RESULT: {"using":"css selector","value":"td"}
COMMAND: POST /session/555fcffa8aa83dd925f7bd1343d4074b/element/f.9C1E946C17B1C55FC69CCE7EB9D2133F.d.4FCC53AA96521B7B15233118CDD1352C.e.5465/elements - {"using":"css selector","value":"td"}
RESULT: {"using":"css selector","value":"td"}
COMMAND: POST /session/555fcffa8aa83dd925f7bd1343d4074b/element/f.9C1E946C17B1C55FC69CCE7EB9D2133F.d.4FCC53AA96521B7B15233118CDD1352C.e.5466/elements - {"using":"css selector","value":"td"}
RESULT: {"using":"css selector","value":"td"}
COMMAND: POST /session/555fcffa8aa83dd925f7bd1343d4074b/element/f.9C1E946C17B1C55FC69CCE7EB9D2133F.d.4FCC53AA96521B7B15233118CDD1352C.e.5467/elements - {"using":"css selector","value":"td"}
RESULT: {"using":"css selector","value":"td"}
COMMAND: POST /session/555fcffa8aa83dd925f7bd1343d4074b/element/f.9C1E946C17B1C55FC69CCE7EB9D2133F.d.4FCC53AA96521B7B15233118CDD1352C.e.5468/elements - {"using":"css selector","value":"td"}
RESULT: {"using":"css selector","value":"td"}
COMMAND: POST /session/555fcffa8aa83dd925f7bd1343d4074b/element/f.9C1E946C17B1C55FC69CCE7EB9D2133F.d.4FCC53AA96521B7B15233118CDD1352C.e.5469/elements - {"using":"css selector","value":"td"}
RESULT: {"using":"css selector","value":"td"}
COMMAND: POST /session/555fcffa8aa83dd925f7bd1343d4074b/element/f.9C1E946C17B1C55FC69CCE7EB9D2133F.d.4FCC53AA96521B7B15233118CDD1352C.e.5470/elements - {"using":"css selector","value":"td"}
RESULT: {"using":"css selector","value":"td"}
COMMAND: POST /session/555fcffa8aa83dd925f7bd1343d4074b/element/f.9C1E946C17B1C55FC69CCE7EB9D2133F.d.4FCC53AA96521B7B15233118CDD1352C.e.5471/elements - {"using":"css selector","value":"td"}
RESULT: {"using":"css selector","value":"td"}
COMMAND: POST /session/555fcffa8aa83dd925f7bd1343d4074b/element/f.9C1E946C17B1C55FC69CCE7EB9D2133F.d.4FCC53AA96521B7B15233118CDD1352C.e.5493/element - {"using":"css selector","value":"input"}
RESULT: {"using":"css selector","value":"input"}
COMMAND: GET /session/555fcffa8aa83dd925f7bd1343d4074b/element/f.9C1E946C17B1C55FC69CCE7EB9D2133F.d.4FCC53AA96521B7B15233118CDD1352C.e.5476/property/value - {}
RESULT: {}
COMMAND: POST /session/555fcffa8aa83dd925f7bd1343d4074b/element/f.9C1E946C17B1C55FC69CCE7EB9D2133F.d.4FCC53AA96521B7B15233118CDD1352C.e.5471/element - {"using":"css selector","value":".sapMCbBg"}
COMMAND: GET /session/555fcffa8aa83dd925f7bd1343d4074b/screenshot - {}
RESULT: {"using":"css selector","value":".sapMCbBg"}
COMMAND: GET /session/555fcffa8aa83dd925f7bd1343d4074b/element/f.9C1E946C17B1C55FC69CCE7EB9D2133F.d.4FCC53AA96521B7B15233118CDD1352C.e.6370/selected - {}
RESULT: {}
RESULT: {}
COMMAND: POST /session/555fcffa8aa83dd925f7bd1343d4074b/element/f.9C1E946C17B1C55FC69CCE7EB9D2133F.d.4FCC53AA96521B7B15233118CDD1352C.e.6370/click - {}
COMMAND: GET /session/555fcffa8aa83dd925f7bd1343d4074b/screenshot - {}
RESULT: {}
COMMAND: POST /session/555fcffa8aa83dd925f7bd1343d4074b/element/f.9C1E946C17B1C55FC69CCE7EB9D2133F.d.4FCC53AA96521B7B15233118CDD1352C.e.5512/elements - {"using":"css selector","value":"td"}
COMMAND: GET /session/555fcffa8aa83dd925f7bd1343d4074b/screenshot - {}
RESULT: {}
RESULT: {}
RESULT: {"using":"css selector","value":"td"}
COMMAND: POST /session/555fcffa8aa83dd925f7bd1343d4074b/element/f.9C1E946C17B1C55FC69CCE7EB9D2133F.d.4FCC53AA96521B7B15233118CDD1352C.e.5527/element - {"using":"css selector","value":"input"}
RESULT: {"using":"css selector","value":"input"}
COMMAND: GET /session/555fcffa8aa83dd925f7bd1343d4074b/element/f.9C1E946C17B1C55FC69CCE7EB9D2133F.d.4FCC53AA96521B7B15233118CDD1352C.e.5509/property/value - {}
RESULT: {}
COMMAND: POST /session/555fcffa8aa83dd925f7bd1343d4074b/element/f.9C1E946C17B1C55FC69CCE7EB9D2133F.d.4FCC53AA96521B7B15233118CDD1352C.e.5512/element - {"using":"css selector","value":".sapMCbBg"}
COMMAND: GET /session/555fcffa8aa83dd925f7bd1343d4074b/screenshot - {}
RESULT: {"using":"css selector","value":".sapMCbBg"}
COMMAND: GET /session/555fcffa8aa83dd925f7bd1343d4074b/element/f.9C1E946C17B1C55FC69CCE7EB9D2133F.d.4FCC53AA96521B7B15233118CDD1352C.e.6374/selected - {}
RESULT: {}
RESULT: {}
COMMAND: POST /session/555fcffa8aa83dd925f7bd1343d4074b/element/f.9C1E946C17B1C55FC69CCE7EB9D2133F.d.4FCC53AA96521B7B15233118CDD1352C.e.6374/click - {}
COMMAND: GET /session/555fcffa8aa83dd925f7bd1343d4074b/screenshot - {}
RESULT: {}
COMMAND: GET /session/555fcffa8aa83dd925f7bd1343d4074b/screenshot - {}
RESULT: {}
RESULT: {}
COMMAND: POST /session/555fcffa8aa83dd925f7bd1343d4074b/execute/async - {"script":"<script> [1562 bytes]","args":[{"selector":{"id":"application-manageconditionprice-display-component---dailyPrices--deleteBtn","interaction":{"idSuffix":"content"}},"wdio_ui5_key":"applicationmanageconditionprice-display-component---dailyPrices--deleteBtn"}]}
RESULT: {"script":"<script> [1562 bytes]","args":[{"selector":{"id":"application-manageconditionprice-display-component---dailyPrices--deleteBtn","interaction":{"idSuffix":"content"}},"wdio_ui5_key":"applicationmanageconditionprice-display-component---dailyPrices--deleteBtn"}]}
RESULT: undefined
COMMAND: POST /session/555fcffa8aa83dd925f7bd1343d4074b/element - {"using":"xpath","value":"//*[@id=\"application-manageconditionprice-display-component---dailyPrices--deleteBtn\"]"}
RESULT: {"using":"xpath","value":"//*[@id=\"application-manageconditionprice-display-component---dailyPrices--deleteBtn\"]"}
COMMAND: POST /session/555fcffa8aa83dd925f7bd1343d4074b/element/f.9C1E946C17B1C55FC69CCE7EB9D2133F.d.4FCC53AA96521B7B15233118CDD1352C.e.6376/click - {}
RESULT: {}
COMMAND: POST /session/555fcffa8aa83dd925f7bd1343d4074b/execute/async - {"script":"<script> [1562 bytes]","args":[{"selector":{"controlType":"sap.m.Button","properties":{"text":"OK"},"searchOpenDialogs":true,"interaction":{"idSuffix":"BDI-content"}},"wdio_ui5_key":"sapm.Button{\"text\":\"OK\"}"}]}
COMMAND: GET /session/555fcffa8aa83dd925f7bd1343d4074b/screenshot - {}
RESULT: {"script":"<script> [1562 bytes]","args":[{"selector":{"controlType":"sap.m.Button","properties":{"text":"OK"},"searchOpenDialogs":true,"interaction":{"idSuffix":"BDI-content"}},"wdio_ui5_key":"sapm.Button{\"text\":\"OK\"}"}]}
RESULT: undefined
COMMAND: POST /session/555fcffa8aa83dd925f7bd1343d4074b/element - {"using":"xpath","value":"//*[@id=\"__mbox-btn-0\"]"}
RESULT: {}
RESULT: {"using":"xpath","value":"//*[@id=\"__mbox-btn-0\"]"}
COMMAND: POST /session/555fcffa8aa83dd925f7bd1343d4074b/element/f.9C1E946C17B1C55FC69CCE7EB9D2133F.d.4FCC53AA96521B7B15233118CDD1352C.e.6377/click - {}
RESULT: {}
COMMAND: GET /session/555fcffa8aa83dd925f7bd1343d4074b/screenshot - {}
RESULT: {}
RESULT: undefined
COMMAND: POST /session/555fcffa8aa83dd925f7bd1343d4074b/element - {"using":"xpath","value":"//*[@id=\"__button115\"]"}
RESULT: {"using":"xpath","value":"//*[@id=\"__button115\"]"}
COMMAND: POST /session/555fcffa8aa83dd925f7bd1343d4074b/element/f.9C1E946C17B1C55FC69CCE7EB9D2133F.d.4FCC53AA96521B7B15233118CDD1352C.e.5565/click - {}
RESULT: {}
COMMAND: GET /session/555fcffa8aa83dd925f7bd1343d4074b/screenshot - {}
RESULT: {}
COMMAND: POST /session/555fcffa8aa83dd925f7bd1343d4074b/elements - {"using":"css selector","value":"table tr"}
RESULT: {"using":"css selector","value":"table tr"}
COMMAND: POST /session/555fcffa8aa83dd925f7bd1343d4074b/element/f.9C1E946C17B1C55FC69CCE7EB9D2133F.d.4FCC53AA96521B7B15233118CDD1352C.e.5275/elements - {"using":"css selector","value":"td"}
RESULT: {"using":"css selector","value":"td"}
COMMAND: POST /session/555fcffa8aa83dd925f7bd1343d4074b/element/f.9C1E946C17B1C55FC69CCE7EB9D2133F.d.4FCC53AA96521B7B15233118CDD1352C.e.5276/elements - {"using":"css selector","value":"td"}
RESULT: {"using":"css selector","value":"td"}
COMMAND: POST /session/555fcffa8aa83dd925f7bd1343d4074b/element/f.9C1E946C17B1C55FC69CCE7EB9D2133F.d.4FCC53AA96521B7B15233118CDD1352C.e.5277/elements - {"using":"css selector","value":"td"}
RESULT: {"using":"css selector","value":"td"}
COMMAND: POST /session/555fcffa8aa83dd925f7bd1343d4074b/element/f.9C1E946C17B1C55FC69CCE7EB9D2133F.d.4FCC53AA96521B7B15233118CDD1352C.e.5178/elements - {"using":"css selector","value":"td"}
RESULT: {"using":"css selector","value":"td"}
COMMAND: POST /session/555fcffa8aa83dd925f7bd1343d4074b/element/f.9C1E946C17B1C55FC69CCE7EB9D2133F.d.4FCC53AA96521B7B15233118CDD1352C.e.5179/elements - {"using":"css selector","value":"td"}
RESULT: {"using":"css selector","value":"td"}
COMMAND: POST /session/555fcffa8aa83dd925f7bd1343d4074b/element/f.9C1E946C17B1C55FC69CCE7EB9D2133F.d.4FCC53AA96521B7B15233118CDD1352C.e.5188/elements - {"using":"css selector","value":"td"}
RESULT: {"using":"css selector","value":"td"}
COMMAND: POST /session/555fcffa8aa83dd925f7bd1343d4074b/element/f.9C1E946C17B1C55FC69CCE7EB9D2133F.d.4FCC53AA96521B7B15233118CDD1352C.e.5189/elements - {"using":"css selector","value":"td"}
RESULT: {"using":"css selector","value":"td"}
COMMAND: POST /session/555fcffa8aa83dd925f7bd1343d4074b/element/f.9C1E946C17B1C55FC69CCE7EB9D2133F.d.4FCC53AA96521B7B15233118CDD1352C.e.5195/elements - {"using":"css selector","value":"td"}
RESULT: {"using":"css selector","value":"td"}
COMMAND: POST /session/555fcffa8aa83dd925f7bd1343d4074b/element/f.9C1E946C17B1C55FC69CCE7EB9D2133F.d.4FCC53AA96521B7B15233118CDD1352C.e.5196/elements - {"using":"css selector","value":"td"}
RESULT: {"using":"css selector","value":"td"}
COMMAND: POST /session/555fcffa8aa83dd925f7bd1343d4074b/element/f.9C1E946C17B1C55FC69CCE7EB9D2133F.d.4FCC53AA96521B7B15233118CDD1352C.e.5202/elements - {"using":"css selector","value":"td"}
RESULT: {"using":"css selector","value":"td"}
COMMAND: POST /session/555fcffa8aa83dd925f7bd1343d4074b/element/f.9C1E946C17B1C55FC69CCE7EB9D2133F.d.4FCC53AA96521B7B15233118CDD1352C.e.5278/elements - {"using":"css selector","value":"td"}
RESULT: {"using":"css selector","value":"td"}
COMMAND: POST /session/555fcffa8aa83dd925f7bd1343d4074b/element/f.9C1E946C17B1C55FC69CCE7EB9D2133F.d.4FCC53AA96521B7B15233118CDD1352C.e.5279/elements - {"using":"css selector","value":"td"}
RESULT: {"using":"css selector","value":"td"}
COMMAND: POST /session/555fcffa8aa83dd925f7bd1343d4074b/element/f.9C1E946C17B1C55FC69CCE7EB9D2133F.d.4FCC53AA96521B7B15233118CDD1352C.e.5280/elements - {"using":"css selector","value":"td"}
RESULT: {"using":"css selector","value":"td"}
COMMAND: POST /session/555fcffa8aa83dd925f7bd1343d4074b/element/f.9C1E946C17B1C55FC69CCE7EB9D2133F.d.4FCC53AA96521B7B15233118CDD1352C.e.5281/elements - {"using":"css selector","value":"td"}
RESULT: {"using":"css selector","value":"td"}
COMMAND: POST /session/555fcffa8aa83dd925f7bd1343d4074b/element/f.9C1E946C17B1C55FC69CCE7EB9D2133F.d.4FCC53AA96521B7B15233118CDD1352C.e.5282/elements - {"using":"css selector","value":"td"}
RESULT: {"using":"css selector","value":"td"}
COMMAND: POST /session/555fcffa8aa83dd925f7bd1343d4074b/element/f.9C1E946C17B1C55FC69CCE7EB9D2133F.d.4FCC53AA96521B7B15233118CDD1352C.e.5283/elements - {"using":"css selector","value":"td"}
RESULT: {"using":"css selector","value":"td"}
COMMAND: POST /session/555fcffa8aa83dd925f7bd1343d4074b/element/f.9C1E946C17B1C55FC69CCE7EB9D2133F.d.4FCC53AA96521B7B15233118CDD1352C.e.5284/elements - {"using":"css selector","value":"td"}
RESULT: {"using":"css selector","value":"td"}
COMMAND: POST /session/555fcffa8aa83dd925f7bd1343d4074b/element/f.9C1E946C17B1C55FC69CCE7EB9D2133F.d.4FCC53AA96521B7B15233118CDD1352C.e.5285/elements - {"using":"css selector","value":"td"}
RESULT: {"using":"css selector","value":"td"}
COMMAND: POST /session/555fcffa8aa83dd925f7bd1343d4074b/element/f.9C1E946C17B1C55FC69CCE7EB9D2133F.d.4FCC53AA96521B7B15233118CDD1352C.e.5286/elements - {"using":"css selector","value":"td"}
RESULT: {"using":"css selector","value":"td"}
COMMAND: POST /session/555fcffa8aa83dd925f7bd1343d4074b/element/f.9C1E946C17B1C55FC69CCE7EB9D2133F.d.4FCC53AA96521B7B15233118CDD1352C.e.5287/elements - {"using":"css selector","value":"td"}
RESULT: {"using":"css selector","value":"td"}
COMMAND: POST /session/555fcffa8aa83dd925f7bd1343d4074b/element/f.9C1E946C17B1C55FC69CCE7EB9D2133F.d.4FCC53AA96521B7B15233118CDD1352C.e.5288/elements - {"using":"css selector","value":"td"}
RESULT: {"using":"css selector","value":"td"}
COMMAND: POST /session/555fcffa8aa83dd925f7bd1343d4074b/element/f.9C1E946C17B1C55FC69CCE7EB9D2133F.d.4FCC53AA96521B7B15233118CDD1352C.e.5289/elements - {"using":"css selector","value":"td"}
RESULT: {"using":"css selector","value":"td"}
COMMAND: POST /session/555fcffa8aa83dd925f7bd1343d4074b/element/f.9C1E946C17B1C55FC69CCE7EB9D2133F.d.4FCC53AA96521B7B15233118CDD1352C.e.5290/elements - {"using":"css selector","value":"td"}
RESULT: {"using":"css selector","value":"td"}
COMMAND: POST /session/555fcffa8aa83dd925f7bd1343d4074b/element/f.9C1E946C17B1C55FC69CCE7EB9D2133F.d.4FCC53AA96521B7B15233118CDD1352C.e.5291/elements - {"using":"css selector","value":"td"}
RESULT: {"using":"css selector","value":"td"}
COMMAND: POST /session/555fcffa8aa83dd925f7bd1343d4074b/element/f.9C1E946C17B1C55FC69CCE7EB9D2133F.d.4FCC53AA96521B7B15233118CDD1352C.e.5292/elements - {"using":"css selector","value":"td"}
RESULT: {"using":"css selector","value":"td"}
COMMAND: POST /session/555fcffa8aa83dd925f7bd1343d4074b/element/f.9C1E946C17B1C55FC69CCE7EB9D2133F.d.4FCC53AA96521B7B15233118CDD1352C.e.5293/elements - {"using":"css selector","value":"td"}
RESULT: {"using":"css selector","value":"td"}
COMMAND: POST /session/555fcffa8aa83dd925f7bd1343d4074b/element/f.9C1E946C17B1C55FC69CCE7EB9D2133F.d.4FCC53AA96521B7B15233118CDD1352C.e.5294/elements - {"using":"css selector","value":"td"}
RESULT: {"using":"css selector","value":"td"}
COMMAND: POST /session/555fcffa8aa83dd925f7bd1343d4074b/element/f.9C1E946C17B1C55FC69CCE7EB9D2133F.d.4FCC53AA96521B7B15233118CDD1352C.e.5295/elements - {"using":"css selector","value":"td"}
RESULT: {"using":"css selector","value":"td"}
COMMAND: POST /session/555fcffa8aa83dd925f7bd1343d4074b/element/f.9C1E946C17B1C55FC69CCE7EB9D2133F.d.4FCC53AA96521B7B15233118CDD1352C.e.5296/elements - {"using":"css selector","value":"td"}
RESULT: {"using":"css selector","value":"td"}
COMMAND: POST /session/555fcffa8aa83dd925f7bd1343d4074b/element/f.9C1E946C17B1C55FC69CCE7EB9D2133F.d.4FCC53AA96521B7B15233118CDD1352C.e.5297/elements - {"using":"css selector","value":"td"}
RESULT: {"using":"css selector","value":"td"}
COMMAND: POST /session/555fcffa8aa83dd925f7bd1343d4074b/element/f.9C1E946C17B1C55FC69CCE7EB9D2133F.d.4FCC53AA96521B7B15233118CDD1352C.e.5298/elements - {"using":"css selector","value":"td"}
RESULT: {"using":"css selector","value":"td"}
COMMAND: POST /session/555fcffa8aa83dd925f7bd1343d4074b/element/f.9C1E946C17B1C55FC69CCE7EB9D2133F.d.4FCC53AA96521B7B15233118CDD1352C.e.5299/elements - {"using":"css selector","value":"td"}
RESULT: {"using":"css selector","value":"td"}
COMMAND: POST /session/555fcffa8aa83dd925f7bd1343d4074b/element/f.9C1E946C17B1C55FC69CCE7EB9D2133F.d.4FCC53AA96521B7B15233118CDD1352C.e.5300/elements - {"using":"css selector","value":"td"}
RESULT: {"using":"css selector","value":"td"}
COMMAND: POST /session/555fcffa8aa83dd925f7bd1343d4074b/element/f.9C1E946C17B1C55FC69CCE7EB9D2133F.d.4FCC53AA96521B7B15233118CDD1352C.e.5301/elements - {"using":"css selector","value":"td"}
RESULT: {"using":"css selector","value":"td"}
COMMAND: POST /session/555fcffa8aa83dd925f7bd1343d4074b/element/f.9C1E946C17B1C55FC69CCE7EB9D2133F.d.4FCC53AA96521B7B15233118CDD1352C.e.5302/elements - {"using":"css selector","value":"td"}
RESULT: {"using":"css selector","value":"td"}
COMMAND: POST /session/555fcffa8aa83dd925f7bd1343d4074b/element/f.9C1E946C17B1C55FC69CCE7EB9D2133F.d.4FCC53AA96521B7B15233118CDD1352C.e.5303/elements - {"using":"css selector","value":"td"}
RESULT: {"using":"css selector","value":"td"}
COMMAND: POST /session/555fcffa8aa83dd925f7bd1343d4074b/element/f.9C1E946C17B1C55FC69CCE7EB9D2133F.d.4FCC53AA96521B7B15233118CDD1352C.e.5304/elements - {"using":"css selector","value":"td"}
RESULT: {"using":"css selector","value":"td"}
COMMAND: POST /session/555fcffa8aa83dd925f7bd1343d4074b/element/f.9C1E946C17B1C55FC69CCE7EB9D2133F.d.4FCC53AA96521B7B15233118CDD1352C.e.5305/elements - {"using":"css selector","value":"td"}
RESULT: {"using":"css selector","value":"td"}
COMMAND: POST /session/555fcffa8aa83dd925f7bd1343d4074b/element/f.9C1E946C17B1C55FC69CCE7EB9D2133F.d.4FCC53AA96521B7B15233118CDD1352C.e.5306/elements - {"using":"css selector","value":"td"}
RESULT: {"using":"css selector","value":"td"}
COMMAND: POST /session/555fcffa8aa83dd925f7bd1343d4074b/element/f.9C1E946C17B1C55FC69CCE7EB9D2133F.d.4FCC53AA96521B7B15233118CDD1352C.e.5307/elements - {"using":"css selector","value":"td"}
RESULT: {"using":"css selector","value":"td"}
COMMAND: POST /session/555fcffa8aa83dd925f7bd1343d4074b/element/f.9C1E946C17B1C55FC69CCE7EB9D2133F.d.4FCC53AA96521B7B15233118CDD1352C.e.5308/elements - {"using":"css selector","value":"td"}
RESULT: {"using":"css selector","value":"td"}
COMMAND: POST /session/555fcffa8aa83dd925f7bd1343d4074b/element/f.9C1E946C17B1C55FC69CCE7EB9D2133F.d.4FCC53AA96521B7B15233118CDD1352C.e.5309/elements - {"using":"css selector","value":"td"}
RESULT: {"using":"css selector","value":"td"}
COMMAND: POST /session/555fcffa8aa83dd925f7bd1343d4074b/element/f.9C1E946C17B1C55FC69CCE7EB9D2133F.d.4FCC53AA96521B7B15233118CDD1352C.e.5310/elements - {"using":"css selector","value":"td"}
RESULT: {"using":"css selector","value":"td"}
COMMAND: POST /session/555fcffa8aa83dd925f7bd1343d4074b/element/f.9C1E946C17B1C55FC69CCE7EB9D2133F.d.4FCC53AA96521B7B15233118CDD1352C.e.5311/elements - {"using":"css selector","value":"td"}
RESULT: {"using":"css selector","value":"td"}
COMMAND: POST /session/555fcffa8aa83dd925f7bd1343d4074b/element/f.9C1E946C17B1C55FC69CCE7EB9D2133F.d.4FCC53AA96521B7B15233118CDD1352C.e.5312/elements - {"using":"css selector","value":"td"}
RESULT: {"using":"css selector","value":"td"}
COMMAND: POST /session/555fcffa8aa83dd925f7bd1343d4074b/element/f.9C1E946C17B1C55FC69CCE7EB9D2133F.d.4FCC53AA96521B7B15233118CDD1352C.e.5313/elements - {"using":"css selector","value":"td"}
RESULT: {"using":"css selector","value":"td"}
COMMAND: POST /session/555fcffa8aa83dd925f7bd1343d4074b/element/f.9C1E946C17B1C55FC69CCE7EB9D2133F.d.4FCC53AA96521B7B15233118CDD1352C.e.5314/elements - {"using":"css selector","value":"td"}
RESULT: {"using":"css selector","value":"td"}
COMMAND: POST /session/555fcffa8aa83dd925f7bd1343d4074b/element/f.9C1E946C17B1C55FC69CCE7EB9D2133F.d.4FCC53AA96521B7B15233118CDD1352C.e.5315/elements - {"using":"css selector","value":"td"}
RESULT: {"using":"css selector","value":"td"}
COMMAND: POST /session/555fcffa8aa83dd925f7bd1343d4074b/element/f.9C1E946C17B1C55FC69CCE7EB9D2133F.d.4FCC53AA96521B7B15233118CDD1352C.e.5316/elements - {"using":"css selector","value":"td"}
RESULT: {"using":"css selector","value":"td"}
COMMAND: POST /session/555fcffa8aa83dd925f7bd1343d4074b/element/f.9C1E946C17B1C55FC69CCE7EB9D2133F.d.4FCC53AA96521B7B15233118CDD1352C.e.5317/elements - {"using":"css selector","value":"td"}
RESULT: {"using":"css selector","value":"td"}
COMMAND: POST /session/555fcffa8aa83dd925f7bd1343d4074b/element/f.9C1E946C17B1C55FC69CCE7EB9D2133F.d.4FCC53AA96521B7B15233118CDD1352C.e.5318/elements - {"using":"css selector","value":"td"}
RESULT: {"using":"css selector","value":"td"}
COMMAND: POST /session/555fcffa8aa83dd925f7bd1343d4074b/element/f.9C1E946C17B1C55FC69CCE7EB9D2133F.d.4FCC53AA96521B7B15233118CDD1352C.e.5319/elements - {"using":"css selector","value":"td"}
RESULT: {"using":"css selector","value":"td"}
COMMAND: POST /session/555fcffa8aa83dd925f7bd1343d4074b/element/f.9C1E946C17B1C55FC69CCE7EB9D2133F.d.4FCC53AA96521B7B15233118CDD1352C.e.5320/elements - {"using":"css selector","value":"td"}
RESULT: {"using":"css selector","value":"td"}
COMMAND: POST /session/555fcffa8aa83dd925f7bd1343d4074b/element/f.9C1E946C17B1C55FC69CCE7EB9D2133F.d.4FCC53AA96521B7B15233118CDD1352C.e.5321/elements - {"using":"css selector","value":"td"}
RESULT: {"using":"css selector","value":"td"}
COMMAND: POST /session/555fcffa8aa83dd925f7bd1343d4074b/element/f.9C1E946C17B1C55FC69CCE7EB9D2133F.d.4FCC53AA96521B7B15233118CDD1352C.e.5322/elements - {"using":"css selector","value":"td"}
RESULT: {"using":"css selector","value":"td"}
COMMAND: POST /session/555fcffa8aa83dd925f7bd1343d4074b/element/f.9C1E946C17B1C55FC69CCE7EB9D2133F.d.4FCC53AA96521B7B15233118CDD1352C.e.5323/elements - {"using":"css selector","value":"td"}
RESULT: {"using":"css selector","value":"td"}
COMMAND: POST /session/555fcffa8aa83dd925f7bd1343d4074b/element/f.9C1E946C17B1C55FC69CCE7EB9D2133F.d.4FCC53AA96521B7B15233118CDD1352C.e.5324/elements - {"using":"css selector","value":"td"}
RESULT: {"using":"css selector","value":"td"}
COMMAND: POST /session/555fcffa8aa83dd925f7bd1343d4074b/element/f.9C1E946C17B1C55FC69CCE7EB9D2133F.d.4FCC53AA96521B7B15233118CDD1352C.e.5325/elements - {"using":"css selector","value":"td"}
RESULT: {"using":"css selector","value":"td"}
COMMAND: POST /session/555fcffa8aa83dd925f7bd1343d4074b/element/f.9C1E946C17B1C55FC69CCE7EB9D2133F.d.4FCC53AA96521B7B15233118CDD1352C.e.5326/elements - {"using":"css selector","value":"td"}
RESULT: {"using":"css selector","value":"td"}
COMMAND: POST /session/555fcffa8aa83dd925f7bd1343d4074b/element/f.9C1E946C17B1C55FC69CCE7EB9D2133F.d.4FCC53AA96521B7B15233118CDD1352C.e.5327/elements - {"using":"css selector","value":"td"}
RESULT: {"using":"css selector","value":"td"}
COMMAND: POST /session/555fcffa8aa83dd925f7bd1343d4074b/element/f.9C1E946C17B1C55FC69CCE7EB9D2133F.d.4FCC53AA96521B7B15233118CDD1352C.e.5328/elements - {"using":"css selector","value":"td"}
RESULT: {"using":"css selector","value":"td"}
COMMAND: POST /session/555fcffa8aa83dd925f7bd1343d4074b/element/f.9C1E946C17B1C55FC69CCE7EB9D2133F.d.4FCC53AA96521B7B15233118CDD1352C.e.5329/elements - {"using":"css selector","value":"td"}
RESULT: {"using":"css selector","value":"td"}
COMMAND: POST /session/555fcffa8aa83dd925f7bd1343d4074b/element/f.9C1E946C17B1C55FC69CCE7EB9D2133F.d.4FCC53AA96521B7B15233118CDD1352C.e.5330/elements - {"using":"css selector","value":"td"}
RESULT: {"using":"css selector","value":"td"}
COMMAND: POST /session/555fcffa8aa83dd925f7bd1343d4074b/element/f.9C1E946C17B1C55FC69CCE7EB9D2133F.d.4FCC53AA96521B7B15233118CDD1352C.e.5331/elements - {"using":"css selector","value":"td"}
RESULT: {"using":"css selector","value":"td"}
COMMAND: POST /session/555fcffa8aa83dd925f7bd1343d4074b/element/f.9C1E946C17B1C55FC69CCE7EB9D2133F.d.4FCC53AA96521B7B15233118CDD1352C.e.5332/elements - {"using":"css selector","value":"td"}
RESULT: {"using":"css selector","value":"td"}
COMMAND: POST /session/555fcffa8aa83dd925f7bd1343d4074b/element/f.9C1E946C17B1C55FC69CCE7EB9D2133F.d.4FCC53AA96521B7B15233118CDD1352C.e.5333/elements - {"using":"css selector","value":"td"}
RESULT: {"using":"css selector","value":"td"}
COMMAND: POST /session/555fcffa8aa83dd925f7bd1343d4074b/element/f.9C1E946C17B1C55FC69CCE7EB9D2133F.d.4FCC53AA96521B7B15233118CDD1352C.e.5334/elements - {"using":"css selector","value":"td"}
RESULT: {"using":"css selector","value":"td"}
COMMAND: POST /session/555fcffa8aa83dd925f7bd1343d4074b/element/f.9C1E946C17B1C55FC69CCE7EB9D2133F.d.4FCC53AA96521B7B15233118CDD1352C.e.5335/elements - {"using":"css selector","value":"td"}
RESULT: {"using":"css selector","value":"td"}
COMMAND: POST /session/555fcffa8aa83dd925f7bd1343d4074b/element/f.9C1E946C17B1C55FC69CCE7EB9D2133F.d.4FCC53AA96521B7B15233118CDD1352C.e.5336/elements - {"using":"css selector","value":"td"}
RESULT: {"using":"css selector","value":"td"}
COMMAND: POST /session/555fcffa8aa83dd925f7bd1343d4074b/element/f.9C1E946C17B1C55FC69CCE7EB9D2133F.d.4FCC53AA96521B7B15233118CDD1352C.e.5337/elements - {"using":"css selector","value":"td"}
RESULT: {"using":"css selector","value":"td"}
COMMAND: POST /session/555fcffa8aa83dd925f7bd1343d4074b/element/f.9C1E946C17B1C55FC69CCE7EB9D2133F.d.4FCC53AA96521B7B15233118CDD1352C.e.5338/elements - {"using":"css selector","value":"td"}
RESULT: {"using":"css selector","value":"td"}
COMMAND: POST /session/555fcffa8aa83dd925f7bd1343d4074b/element/f.9C1E946C17B1C55FC69CCE7EB9D2133F.d.4FCC53AA96521B7B15233118CDD1352C.e.5339/elements - {"using":"css selector","value":"td"}
RESULT: {"using":"css selector","value":"td"}
COMMAND: POST /session/555fcffa8aa83dd925f7bd1343d4074b/element/f.9C1E946C17B1C55FC69CCE7EB9D2133F.d.4FCC53AA96521B7B15233118CDD1352C.e.5340/elements - {"using":"css selector","value":"td"}
RESULT: {"using":"css selector","value":"td"}
COMMAND: POST /session/555fcffa8aa83dd925f7bd1343d4074b/element/f.9C1E946C17B1C55FC69CCE7EB9D2133F.d.4FCC53AA96521B7B15233118CDD1352C.e.5341/elements - {"using":"css selector","value":"td"}
RESULT: {"using":"css selector","value":"td"}
COMMAND: POST /session/555fcffa8aa83dd925f7bd1343d4074b/element/f.9C1E946C17B1C55FC69CCE7EB9D2133F.d.4FCC53AA96521B7B15233118CDD1352C.e.5342/elements - {"using":"css selector","value":"td"}
RESULT: {"using":"css selector","value":"td"}
COMMAND: POST /session/555fcffa8aa83dd925f7bd1343d4074b/element/f.9C1E946C17B1C55FC69CCE7EB9D2133F.d.4FCC53AA96521B7B15233118CDD1352C.e.5343/elements - {"using":"css selector","value":"td"}
RESULT: {"using":"css selector","value":"td"}
COMMAND: POST /session/555fcffa8aa83dd925f7bd1343d4074b/element/f.9C1E946C17B1C55FC69CCE7EB9D2133F.d.4FCC53AA96521B7B15233118CDD1352C.e.5344/elements - {"using":"css selector","value":"td"}
RESULT: {"using":"css selector","value":"td"}
COMMAND: POST /session/555fcffa8aa83dd925f7bd1343d4074b/element/f.9C1E946C17B1C55FC69CCE7EB9D2133F.d.4FCC53AA96521B7B15233118CDD1352C.e.5345/elements - {"using":"css selector","value":"td"}
RESULT: {"using":"css selector","value":"td"}
COMMAND: POST /session/555fcffa8aa83dd925f7bd1343d4074b/element/f.9C1E946C17B1C55FC69CCE7EB9D2133F.d.4FCC53AA96521B7B15233118CDD1352C.e.5346/elements - {"using":"css selector","value":"td"}
RESULT: {"using":"css selector","value":"td"}
COMMAND: POST /session/555fcffa8aa83dd925f7bd1343d4074b/element/f.9C1E946C17B1C55FC69CCE7EB9D2133F.d.4FCC53AA96521B7B15233118CDD1352C.e.5347/elements - {"using":"css selector","value":"td"}
RESULT: {"using":"css selector","value":"td"}
COMMAND: POST /session/555fcffa8aa83dd925f7bd1343d4074b/element/f.9C1E946C17B1C55FC69CCE7EB9D2133F.d.4FCC53AA96521B7B15233118CDD1352C.e.5348/elements - {"using":"css selector","value":"td"}
RESULT: {"using":"css selector","value":"td"}
COMMAND: POST /session/555fcffa8aa83dd925f7bd1343d4074b/element/f.9C1E946C17B1C55FC69CCE7EB9D2133F.d.4FCC53AA96521B7B15233118CDD1352C.e.5349/elements - {"using":"css selector","value":"td"}
RESULT: {"using":"css selector","value":"td"}
COMMAND: POST /session/555fcffa8aa83dd925f7bd1343d4074b/element/f.9C1E946C17B1C55FC69CCE7EB9D2133F.d.4FCC53AA96521B7B15233118CDD1352C.e.5350/elements - {"using":"css selector","value":"td"}
RESULT: {"using":"css selector","value":"td"}
COMMAND: POST /session/555fcffa8aa83dd925f7bd1343d4074b/element/f.9C1E946C17B1C55FC69CCE7EB9D2133F.d.4FCC53AA96521B7B15233118CDD1352C.e.5351/elements - {"using":"css selector","value":"td"}
RESULT: {"using":"css selector","value":"td"}
COMMAND: POST /session/555fcffa8aa83dd925f7bd1343d4074b/element/f.9C1E946C17B1C55FC69CCE7EB9D2133F.d.4FCC53AA96521B7B15233118CDD1352C.e.5352/elements - {"using":"css selector","value":"td"}
RESULT: {"using":"css selector","value":"td"}
COMMAND: POST /session/555fcffa8aa83dd925f7bd1343d4074b/element/f.9C1E946C17B1C55FC69CCE7EB9D2133F.d.4FCC53AA96521B7B15233118CDD1352C.e.5353/elements - {"using":"css selector","value":"td"}
RESULT: {"using":"css selector","value":"td"}
COMMAND: POST /session/555fcffa8aa83dd925f7bd1343d4074b/element/f.9C1E946C17B1C55FC69CCE7EB9D2133F.d.4FCC53AA96521B7B15233118CDD1352C.e.5354/elements - {"using":"css selector","value":"td"}
RESULT: {"using":"css selector","value":"td"}
COMMAND: POST /session/555fcffa8aa83dd925f7bd1343d4074b/element/f.9C1E946C17B1C55FC69CCE7EB9D2133F.d.4FCC53AA96521B7B15233118CDD1352C.e.5355/elements - {"using":"css selector","value":"td"}
RESULT: {"using":"css selector","value":"td"}
COMMAND: POST /session/555fcffa8aa83dd925f7bd1343d4074b/element/f.9C1E946C17B1C55FC69CCE7EB9D2133F.d.4FCC53AA96521B7B15233118CDD1352C.e.5356/elements - {"using":"css selector","value":"td"}
RESULT: {"using":"css selector","value":"td"}
COMMAND: POST /session/555fcffa8aa83dd925f7bd1343d4074b/element/f.9C1E946C17B1C55FC69CCE7EB9D2133F.d.4FCC53AA96521B7B15233118CDD1352C.e.5357/elements - {"using":"css selector","value":"td"}
RESULT: {"using":"css selector","value":"td"}
COMMAND: POST /session/555fcffa8aa83dd925f7bd1343d4074b/element/f.9C1E946C17B1C55FC69CCE7EB9D2133F.d.4FCC53AA96521B7B15233118CDD1352C.e.5358/elements - {"using":"css selector","value":"td"}
RESULT: {"using":"css selector","value":"td"}
COMMAND: POST /session/555fcffa8aa83dd925f7bd1343d4074b/element/f.9C1E946C17B1C55FC69CCE7EB9D2133F.d.4FCC53AA96521B7B15233118CDD1352C.e.5359/elements - {"using":"css selector","value":"td"}
RESULT: {"using":"css selector","value":"td"}
COMMAND: POST /session/555fcffa8aa83dd925f7bd1343d4074b/element/f.9C1E946C17B1C55FC69CCE7EB9D2133F.d.4FCC53AA96521B7B15233118CDD1352C.e.5360/elements - {"using":"css selector","value":"td"}
RESULT: {"using":"css selector","value":"td"}
COMMAND: POST /session/555fcffa8aa83dd925f7bd1343d4074b/element/f.9C1E946C17B1C55FC69CCE7EB9D2133F.d.4FCC53AA96521B7B15233118CDD1352C.e.5361/elements - {"using":"css selector","value":"td"}
RESULT: {"using":"css selector","value":"td"}
COMMAND: POST /session/555fcffa8aa83dd925f7bd1343d4074b/element/f.9C1E946C17B1C55FC69CCE7EB9D2133F.d.4FCC53AA96521B7B15233118CDD1352C.e.5362/elements - {"using":"css selector","value":"td"}
RESULT: {"using":"css selector","value":"td"}
COMMAND: POST /session/555fcffa8aa83dd925f7bd1343d4074b/element/f.9C1E946C17B1C55FC69CCE7EB9D2133F.d.4FCC53AA96521B7B15233118CDD1352C.e.5363/elements - {"using":"css selector","value":"td"}
RESULT: {"using":"css selector","value":"td"}
COMMAND: POST /session/555fcffa8aa83dd925f7bd1343d4074b/element/f.9C1E946C17B1C55FC69CCE7EB9D2133F.d.4FCC53AA96521B7B15233118CDD1352C.e.5364/elements - {"using":"css selector","value":"td"}
RESULT: {"using":"css selector","value":"td"}
COMMAND: POST /session/555fcffa8aa83dd925f7bd1343d4074b/element/f.9C1E946C17B1C55FC69CCE7EB9D2133F.d.4FCC53AA96521B7B15233118CDD1352C.e.5365/elements - {"using":"css selector","value":"td"}
RESULT: {"using":"css selector","value":"td"}
COMMAND: POST /session/555fcffa8aa83dd925f7bd1343d4074b/element/f.9C1E946C17B1C55FC69CCE7EB9D2133F.d.4FCC53AA96521B7B15233118CDD1352C.e.5366/elements - {"using":"css selector","value":"td"}
RESULT: {"using":"css selector","value":"td"}
COMMAND: POST /session/555fcffa8aa83dd925f7bd1343d4074b/element/f.9C1E946C17B1C55FC69CCE7EB9D2133F.d.4FCC53AA96521B7B15233118CDD1352C.e.5367/elements - {"using":"css selector","value":"td"}
RESULT: {"using":"css selector","value":"td"}
COMMAND: POST /session/555fcffa8aa83dd925f7bd1343d4074b/element/f.9C1E946C17B1C55FC69CCE7EB9D2133F.d.4FCC53AA96521B7B15233118CDD1352C.e.5368/elements - {"using":"css selector","value":"td"}
RESULT: {"using":"css selector","value":"td"}
COMMAND: POST /session/555fcffa8aa83dd925f7bd1343d4074b/element/f.9C1E946C17B1C55FC69CCE7EB9D2133F.d.4FCC53AA96521B7B15233118CDD1352C.e.5369/elements - {"using":"css selector","value":"td"}
RESULT: {"using":"css selector","value":"td"}
COMMAND: POST /session/555fcffa8aa83dd925f7bd1343d4074b/element/f.9C1E946C17B1C55FC69CCE7EB9D2133F.d.4FCC53AA96521B7B15233118CDD1352C.e.5370/elements - {"using":"css selector","value":"td"}
RESULT: {"using":"css selector","value":"td"}
COMMAND: POST /session/555fcffa8aa83dd925f7bd1343d4074b/element/f.9C1E946C17B1C55FC69CCE7EB9D2133F.d.4FCC53AA96521B7B15233118CDD1352C.e.5371/elements - {"using":"css selector","value":"td"}
RESULT: {"using":"css selector","value":"td"}
COMMAND: POST /session/555fcffa8aa83dd925f7bd1343d4074b/element/f.9C1E946C17B1C55FC69CCE7EB9D2133F.d.4FCC53AA96521B7B15233118CDD1352C.e.5372/elements - {"using":"css selector","value":"td"}
RESULT: {"using":"css selector","value":"td"}
COMMAND: POST /session/555fcffa8aa83dd925f7bd1343d4074b/element/f.9C1E946C17B1C55FC69CCE7EB9D2133F.d.4FCC53AA96521B7B15233118CDD1352C.e.5373/elements - {"using":"css selector","value":"td"}
RESULT: {"using":"css selector","value":"td"}
COMMAND: POST /session/555fcffa8aa83dd925f7bd1343d4074b/element/f.9C1E946C17B1C55FC69CCE7EB9D2133F.d.4FCC53AA96521B7B15233118CDD1352C.e.5374/elements - {"using":"css selector","value":"td"}
RESULT: {"using":"css selector","value":"td"}
COMMAND: POST /session/555fcffa8aa83dd925f7bd1343d4074b/element/f.9C1E946C17B1C55FC69CCE7EB9D2133F.d.4FCC53AA96521B7B15233118CDD1352C.e.5375/elements - {"using":"css selector","value":"td"}
RESULT: {"using":"css selector","value":"td"}
COMMAND: POST /session/555fcffa8aa83dd925f7bd1343d4074b/element/f.9C1E946C17B1C55FC69CCE7EB9D2133F.d.4FCC53AA96521B7B15233118CDD1352C.e.5376/elements - {"using":"css selector","value":"td"}
RESULT: {"using":"css selector","value":"td"}
COMMAND: POST /session/555fcffa8aa83dd925f7bd1343d4074b/element/f.9C1E946C17B1C55FC69CCE7EB9D2133F.d.4FCC53AA96521B7B15233118CDD1352C.e.5377/elements - {"using":"css selector","value":"td"}
RESULT: {"using":"css selector","value":"td"}
COMMAND: POST /session/555fcffa8aa83dd925f7bd1343d4074b/element/f.9C1E946C17B1C55FC69CCE7EB9D2133F.d.4FCC53AA96521B7B15233118CDD1352C.e.5378/elements - {"using":"css selector","value":"td"}
RESULT: {"using":"css selector","value":"td"}
COMMAND: POST /session/555fcffa8aa83dd925f7bd1343d4074b/element/f.9C1E946C17B1C55FC69CCE7EB9D2133F.d.4FCC53AA96521B7B15233118CDD1352C.e.5379/elements - {"using":"css selector","value":"td"}
RESULT: {"using":"css selector","value":"td"}
COMMAND: POST /session/555fcffa8aa83dd925f7bd1343d4074b/element/f.9C1E946C17B1C55FC69CCE7EB9D2133F.d.4FCC53AA96521B7B15233118CDD1352C.e.5380/elements - {"using":"css selector","value":"td"}
RESULT: {"using":"css selector","value":"td"}
COMMAND: POST /session/555fcffa8aa83dd925f7bd1343d4074b/element/f.9C1E946C17B1C55FC69CCE7EB9D2133F.d.4FCC53AA96521B7B15233118CDD1352C.e.5381/elements - {"using":"css selector","value":"td"}
RESULT: {"using":"css selector","value":"td"}
COMMAND: POST /session/555fcffa8aa83dd925f7bd1343d4074b/element/f.9C1E946C17B1C55FC69CCE7EB9D2133F.d.4FCC53AA96521B7B15233118CDD1352C.e.5382/elements - {"using":"css selector","value":"td"}
RESULT: {"using":"css selector","value":"td"}
COMMAND: POST /session/555fcffa8aa83dd925f7bd1343d4074b/element/f.9C1E946C17B1C55FC69CCE7EB9D2133F.d.4FCC53AA96521B7B15233118CDD1352C.e.5383/elements - {"using":"css selector","value":"td"}
RESULT: {"using":"css selector","value":"td"}
COMMAND: POST /session/555fcffa8aa83dd925f7bd1343d4074b/element/f.9C1E946C17B1C55FC69CCE7EB9D2133F.d.4FCC53AA96521B7B15233118CDD1352C.e.5384/elements - {"using":"css selector","value":"td"}
RESULT: {"using":"css selector","value":"td"}
COMMAND: POST /session/555fcffa8aa83dd925f7bd1343d4074b/element/f.9C1E946C17B1C55FC69CCE7EB9D2133F.d.4FCC53AA96521B7B15233118CDD1352C.e.5385/elements - {"using":"css selector","value":"td"}
RESULT: {"using":"css selector","value":"td"}
COMMAND: POST /session/555fcffa8aa83dd925f7bd1343d4074b/element/f.9C1E946C17B1C55FC69CCE7EB9D2133F.d.4FCC53AA96521B7B15233118CDD1352C.e.5386/elements - {"using":"css selector","value":"td"}
RESULT: {"using":"css selector","value":"td"}
COMMAND: POST /session/555fcffa8aa83dd925f7bd1343d4074b/element/f.9C1E946C17B1C55FC69CCE7EB9D2133F.d.4FCC53AA96521B7B15233118CDD1352C.e.5387/elements - {"using":"css selector","value":"td"}
RESULT: {"using":"css selector","value":"td"}
COMMAND: POST /session/555fcffa8aa83dd925f7bd1343d4074b/element/f.9C1E946C17B1C55FC69CCE7EB9D2133F.d.4FCC53AA96521B7B15233118CDD1352C.e.5388/elements - {"using":"css selector","value":"td"}
RESULT: {"using":"css selector","value":"td"}
COMMAND: POST /session/555fcffa8aa83dd925f7bd1343d4074b/element/f.9C1E946C17B1C55FC69CCE7EB9D2133F.d.4FCC53AA96521B7B15233118CDD1352C.e.5389/elements - {"using":"css selector","value":"td"}
RESULT: {"using":"css selector","value":"td"}
COMMAND: POST /session/555fcffa8aa83dd925f7bd1343d4074b/element/f.9C1E946C17B1C55FC69CCE7EB9D2133F.d.4FCC53AA96521B7B15233118CDD1352C.e.5390/elements - {"using":"css selector","value":"td"}
RESULT: {"using":"css selector","value":"td"}
COMMAND: POST /session/555fcffa8aa83dd925f7bd1343d4074b/element/f.9C1E946C17B1C55FC69CCE7EB9D2133F.d.4FCC53AA96521B7B15233118CDD1352C.e.5391/elements - {"using":"css selector","value":"td"}
RESULT: {"using":"css selector","value":"td"}
COMMAND: POST /session/555fcffa8aa83dd925f7bd1343d4074b/element/f.9C1E946C17B1C55FC69CCE7EB9D2133F.d.4FCC53AA96521B7B15233118CDD1352C.e.5392/elements - {"using":"css selector","value":"td"}
RESULT: {"using":"css selector","value":"td"}
COMMAND: POST /session/555fcffa8aa83dd925f7bd1343d4074b/element/f.9C1E946C17B1C55FC69CCE7EB9D2133F.d.4FCC53AA96521B7B15233118CDD1352C.e.5393/elements - {"using":"css selector","value":"td"}
RESULT: {"using":"css selector","value":"td"}
COMMAND: POST /session/555fcffa8aa83dd925f7bd1343d4074b/element/f.9C1E946C17B1C55FC69CCE7EB9D2133F.d.4FCC53AA96521B7B15233118CDD1352C.e.5394/elements - {"using":"css selector","value":"td"}
RESULT: {"using":"css selector","value":"td"}
COMMAND: POST /session/555fcffa8aa83dd925f7bd1343d4074b/element/f.9C1E946C17B1C55FC69CCE7EB9D2133F.d.4FCC53AA96521B7B15233118CDD1352C.e.5395/elements - {"using":"css selector","value":"td"}
RESULT: {"using":"css selector","value":"td"}
COMMAND: POST /session/555fcffa8aa83dd925f7bd1343d4074b/element/f.9C1E946C17B1C55FC69CCE7EB9D2133F.d.4FCC53AA96521B7B15233118CDD1352C.e.5396/elements - {"using":"css selector","value":"td"}
RESULT: {"using":"css selector","value":"td"}
COMMAND: POST /session/555fcffa8aa83dd925f7bd1343d4074b/element/f.9C1E946C17B1C55FC69CCE7EB9D2133F.d.4FCC53AA96521B7B15233118CDD1352C.e.5397/elements - {"using":"css selector","value":"td"}
RESULT: {"using":"css selector","value":"td"}
COMMAND: POST /session/555fcffa8aa83dd925f7bd1343d4074b/element/f.9C1E946C17B1C55FC69CCE7EB9D2133F.d.4FCC53AA96521B7B15233118CDD1352C.e.5398/elements - {"using":"css selector","value":"td"}
RESULT: {"using":"css selector","value":"td"}
COMMAND: POST /session/555fcffa8aa83dd925f7bd1343d4074b/element/f.9C1E946C17B1C55FC69CCE7EB9D2133F.d.4FCC53AA96521B7B15233118CDD1352C.e.5399/elements - {"using":"css selector","value":"td"}
RESULT: {"using":"css selector","value":"td"}
COMMAND: POST /session/555fcffa8aa83dd925f7bd1343d4074b/element/f.9C1E946C17B1C55FC69CCE7EB9D2133F.d.4FCC53AA96521B7B15233118CDD1352C.e.5400/elements - {"using":"css selector","value":"td"}
RESULT: {"using":"css selector","value":"td"}
COMMAND: POST /session/555fcffa8aa83dd925f7bd1343d4074b/element/f.9C1E946C17B1C55FC69CCE7EB9D2133F.d.4FCC53AA96521B7B15233118CDD1352C.e.5401/elements - {"using":"css selector","value":"td"}
RESULT: {"using":"css selector","value":"td"}
COMMAND: POST /session/555fcffa8aa83dd925f7bd1343d4074b/element/f.9C1E946C17B1C55FC69CCE7EB9D2133F.d.4FCC53AA96521B7B15233118CDD1352C.e.5402/elements - {"using":"css selector","value":"td"}
RESULT: {"using":"css selector","value":"td"}
COMMAND: POST /session/555fcffa8aa83dd925f7bd1343d4074b/element/f.9C1E946C17B1C55FC69CCE7EB9D2133F.d.4FCC53AA96521B7B15233118CDD1352C.e.5403/elements - {"using":"css selector","value":"td"}
RESULT: {"using":"css selector","value":"td"}
COMMAND: POST /session/555fcffa8aa83dd925f7bd1343d4074b/element/f.9C1E946C17B1C55FC69CCE7EB9D2133F.d.4FCC53AA96521B7B15233118CDD1352C.e.5404/elements - {"using":"css selector","value":"td"}
RESULT: {"using":"css selector","value":"td"}
COMMAND: POST /session/555fcffa8aa83dd925f7bd1343d4074b/element/f.9C1E946C17B1C55FC69CCE7EB9D2133F.d.4FCC53AA96521B7B15233118CDD1352C.e.5405/elements - {"using":"css selector","value":"td"}
RESULT: {"using":"css selector","value":"td"}
COMMAND: POST /session/555fcffa8aa83dd925f7bd1343d4074b/element/f.9C1E946C17B1C55FC69CCE7EB9D2133F.d.4FCC53AA96521B7B15233118CDD1352C.e.5406/elements - {"using":"css selector","value":"td"}
RESULT: {"using":"css selector","value":"td"}
COMMAND: POST /session/555fcffa8aa83dd925f7bd1343d4074b/element/f.9C1E946C17B1C55FC69CCE7EB9D2133F.d.4FCC53AA96521B7B15233118CDD1352C.e.5407/elements - {"using":"css selector","value":"td"}
RESULT: {"using":"css selector","value":"td"}
COMMAND: POST /session/555fcffa8aa83dd925f7bd1343d4074b/element/f.9C1E946C17B1C55FC69CCE7EB9D2133F.d.4FCC53AA96521B7B15233118CDD1352C.e.5408/elements - {"using":"css selector","value":"td"}
RESULT: {"using":"css selector","value":"td"}
COMMAND: POST /session/555fcffa8aa83dd925f7bd1343d4074b/element/f.9C1E946C17B1C55FC69CCE7EB9D2133F.d.4FCC53AA96521B7B15233118CDD1352C.e.5409/elements - {"using":"css selector","value":"td"}
RESULT: {"using":"css selector","value":"td"}
COMMAND: POST /session/555fcffa8aa83dd925f7bd1343d4074b/element/f.9C1E946C17B1C55FC69CCE7EB9D2133F.d.4FCC53AA96521B7B15233118CDD1352C.e.5410/elements - {"using":"css selector","value":"td"}
RESULT: {"using":"css selector","value":"td"}
COMMAND: POST /session/555fcffa8aa83dd925f7bd1343d4074b/element/f.9C1E946C17B1C55FC69CCE7EB9D2133F.d.4FCC53AA96521B7B15233118CDD1352C.e.5411/elements - {"using":"css selector","value":"td"}
RESULT: {"using":"css selector","value":"td"}
COMMAND: POST /session/555fcffa8aa83dd925f7bd1343d4074b/element/f.9C1E946C17B1C55FC69CCE7EB9D2133F.d.4FCC53AA96521B7B15233118CDD1352C.e.5412/elements - {"using":"css selector","value":"td"}
RESULT: {"using":"css selector","value":"td"}
COMMAND: POST /session/555fcffa8aa83dd925f7bd1343d4074b/element/f.9C1E946C17B1C55FC69CCE7EB9D2133F.d.4FCC53AA96521B7B15233118CDD1352C.e.5413/elements - {"using":"css selector","value":"td"}
RESULT: {"using":"css selector","value":"td"}
COMMAND: POST /session/555fcffa8aa83dd925f7bd1343d4074b/element/f.9C1E946C17B1C55FC69CCE7EB9D2133F.d.4FCC53AA96521B7B15233118CDD1352C.e.5414/elements - {"using":"css selector","value":"td"}
RESULT: {"using":"css selector","value":"td"}
COMMAND: POST /session/555fcffa8aa83dd925f7bd1343d4074b/element/f.9C1E946C17B1C55FC69CCE7EB9D2133F.d.4FCC53AA96521B7B15233118CDD1352C.e.5415/elements - {"using":"css selector","value":"td"}
RESULT: {"using":"css selector","value":"td"}
COMMAND: POST /session/555fcffa8aa83dd925f7bd1343d4074b/element/f.9C1E946C17B1C55FC69CCE7EB9D2133F.d.4FCC53AA96521B7B15233118CDD1352C.e.5416/elements - {"using":"css selector","value":"td"}
RESULT: {"using":"css selector","value":"td"}
COMMAND: POST /session/555fcffa8aa83dd925f7bd1343d4074b/element/f.9C1E946C17B1C55FC69CCE7EB9D2133F.d.4FCC53AA96521B7B15233118CDD1352C.e.5417/elements - {"using":"css selector","value":"td"}
RESULT: {"using":"css selector","value":"td"}
COMMAND: POST /session/555fcffa8aa83dd925f7bd1343d4074b/element/f.9C1E946C17B1C55FC69CCE7EB9D2133F.d.4FCC53AA96521B7B15233118CDD1352C.e.5418/elements - {"using":"css selector","value":"td"}
RESULT: {"using":"css selector","value":"td"}
COMMAND: POST /session/555fcffa8aa83dd925f7bd1343d4074b/element/f.9C1E946C17B1C55FC69CCE7EB9D2133F.d.4FCC53AA96521B7B15233118CDD1352C.e.5419/elements - {"using":"css selector","value":"td"}
RESULT: {"using":"css selector","value":"td"}
COMMAND: POST /session/555fcffa8aa83dd925f7bd1343d4074b/element/f.9C1E946C17B1C55FC69CCE7EB9D2133F.d.4FCC53AA96521B7B15233118CDD1352C.e.5420/elements - {"using":"css selector","value":"td"}
RESULT: {"using":"css selector","value":"td"}
COMMAND: POST /session/555fcffa8aa83dd925f7bd1343d4074b/element/f.9C1E946C17B1C55FC69CCE7EB9D2133F.d.4FCC53AA96521B7B15233118CDD1352C.e.5421/elements - {"using":"css selector","value":"td"}
RESULT: {"using":"css selector","value":"td"}
COMMAND: POST /session/555fcffa8aa83dd925f7bd1343d4074b/element/f.9C1E946C17B1C55FC69CCE7EB9D2133F.d.4FCC53AA96521B7B15233118CDD1352C.e.5422/elements - {"using":"css selector","value":"td"}
RESULT: {"using":"css selector","value":"td"}
COMMAND: POST /session/555fcffa8aa83dd925f7bd1343d4074b/element/f.9C1E946C17B1C55FC69CCE7EB9D2133F.d.4FCC53AA96521B7B15233118CDD1352C.e.5423/elements - {"using":"css selector","value":"td"}
RESULT: {"using":"css selector","value":"td"}
COMMAND: POST /session/555fcffa8aa83dd925f7bd1343d4074b/element/f.9C1E946C17B1C55FC69CCE7EB9D2133F.d.4FCC53AA96521B7B15233118CDD1352C.e.5424/elements - {"using":"css selector","value":"td"}
RESULT: {"using":"css selector","value":"td"}
COMMAND: POST /session/555fcffa8aa83dd925f7bd1343d4074b/element/f.9C1E946C17B1C55FC69CCE7EB9D2133F.d.4FCC53AA96521B7B15233118CDD1352C.e.5425/elements - {"using":"css selector","value":"td"}
RESULT: {"using":"css selector","value":"td"}
COMMAND: POST /session/555fcffa8aa83dd925f7bd1343d4074b/element/f.9C1E946C17B1C55FC69CCE7EB9D2133F.d.4FCC53AA96521B7B15233118CDD1352C.e.5426/elements - {"using":"css selector","value":"td"}
RESULT: {"using":"css selector","value":"td"}
COMMAND: POST /session/555fcffa8aa83dd925f7bd1343d4074b/element/f.9C1E946C17B1C55FC69CCE7EB9D2133F.d.4FCC53AA96521B7B15233118CDD1352C.e.5427/elements - {"using":"css selector","value":"td"}
RESULT: {"using":"css selector","value":"td"}
COMMAND: POST /session/555fcffa8aa83dd925f7bd1343d4074b/element/f.9C1E946C17B1C55FC69CCE7EB9D2133F.d.4FCC53AA96521B7B15233118CDD1352C.e.5428/elements - {"using":"css selector","value":"td"}
RESULT: {"using":"css selector","value":"td"}
COMMAND: POST /session/555fcffa8aa83dd925f7bd1343d4074b/element/f.9C1E946C17B1C55FC69CCE7EB9D2133F.d.4FCC53AA96521B7B15233118CDD1352C.e.5429/elements - {"using":"css selector","value":"td"}
RESULT: {"using":"css selector","value":"td"}
COMMAND: POST /session/555fcffa8aa83dd925f7bd1343d4074b/element/f.9C1E946C17B1C55FC69CCE7EB9D2133F.d.4FCC53AA96521B7B15233118CDD1352C.e.5430/elements - {"using":"css selector","value":"td"}
RESULT: {"using":"css selector","value":"td"}
COMMAND: POST /session/555fcffa8aa83dd925f7bd1343d4074b/element/f.9C1E946C17B1C55FC69CCE7EB9D2133F.d.4FCC53AA96521B7B15233118CDD1352C.e.5431/elements - {"using":"css selector","value":"td"}
RESULT: {"using":"css selector","value":"td"}
COMMAND: POST /session/555fcffa8aa83dd925f7bd1343d4074b/element/f.9C1E946C17B1C55FC69CCE7EB9D2133F.d.4FCC53AA96521B7B15233118CDD1352C.e.5432/elements - {"using":"css selector","value":"td"}
RESULT: {"using":"css selector","value":"td"}
COMMAND: POST /session/555fcffa8aa83dd925f7bd1343d4074b/element/f.9C1E946C17B1C55FC69CCE7EB9D2133F.d.4FCC53AA96521B7B15233118CDD1352C.e.5433/elements - {"using":"css selector","value":"td"}
RESULT: {"using":"css selector","value":"td"}
COMMAND: POST /session/555fcffa8aa83dd925f7bd1343d4074b/element/f.9C1E946C17B1C55FC69CCE7EB9D2133F.d.4FCC53AA96521B7B15233118CDD1352C.e.5434/elements - {"using":"css selector","value":"td"}
RESULT: {"using":"css selector","value":"td"}
COMMAND: POST /session/555fcffa8aa83dd925f7bd1343d4074b/element/f.9C1E946C17B1C55FC69CCE7EB9D2133F.d.4FCC53AA96521B7B15233118CDD1352C.e.5435/elements - {"using":"css selector","value":"td"}
RESULT: {"using":"css selector","value":"td"}
COMMAND: POST /session/555fcffa8aa83dd925f7bd1343d4074b/element/f.9C1E946C17B1C55FC69CCE7EB9D2133F.d.4FCC53AA96521B7B15233118CDD1352C.e.5436/elements - {"using":"css selector","value":"td"}
RESULT: {"using":"css selector","value":"td"}
COMMAND: POST /session/555fcffa8aa83dd925f7bd1343d4074b/element/f.9C1E946C17B1C55FC69CCE7EB9D2133F.d.4FCC53AA96521B7B15233118CDD1352C.e.5437/elements - {"using":"css selector","value":"td"}
RESULT: {"using":"css selector","value":"td"}
COMMAND: POST /session/555fcffa8aa83dd925f7bd1343d4074b/element/f.9C1E946C17B1C55FC69CCE7EB9D2133F.d.4FCC53AA96521B7B15233118CDD1352C.e.5438/elements - {"using":"css selector","value":"td"}
RESULT: {"using":"css selector","value":"td"}
COMMAND: POST /session/555fcffa8aa83dd925f7bd1343d4074b/element/f.9C1E946C17B1C55FC69CCE7EB9D2133F.d.4FCC53AA96521B7B15233118CDD1352C.e.5439/elements - {"using":"css selector","value":"td"}
RESULT: {"using":"css selector","value":"td"}
COMMAND: POST /session/555fcffa8aa83dd925f7bd1343d4074b/element/f.9C1E946C17B1C55FC69CCE7EB9D2133F.d.4FCC53AA96521B7B15233118CDD1352C.e.5440/elements - {"using":"css selector","value":"td"}
RESULT: {"using":"css selector","value":"td"}
COMMAND: POST /session/555fcffa8aa83dd925f7bd1343d4074b/element/f.9C1E946C17B1C55FC69CCE7EB9D2133F.d.4FCC53AA96521B7B15233118CDD1352C.e.5441/elements - {"using":"css selector","value":"td"}
RESULT: {"using":"css selector","value":"td"}
COMMAND: POST /session/555fcffa8aa83dd925f7bd1343d4074b/element/f.9C1E946C17B1C55FC69CCE7EB9D2133F.d.4FCC53AA96521B7B15233118CDD1352C.e.5442/elements - {"using":"css selector","value":"td"}
RESULT: {"using":"css selector","value":"td"}
COMMAND: POST /session/555fcffa8aa83dd925f7bd1343d4074b/element/f.9C1E946C17B1C55FC69CCE7EB9D2133F.d.4FCC53AA96521B7B15233118CDD1352C.e.5443/elements - {"using":"css selector","value":"td"}
RESULT: {"using":"css selector","value":"td"}
COMMAND: POST /session/555fcffa8aa83dd925f7bd1343d4074b/element/f.9C1E946C17B1C55FC69CCE7EB9D2133F.d.4FCC53AA96521B7B15233118CDD1352C.e.5444/elements - {"using":"css selector","value":"td"}
RESULT: {"using":"css selector","value":"td"}
COMMAND: POST /session/555fcffa8aa83dd925f7bd1343d4074b/element/f.9C1E946C17B1C55FC69CCE7EB9D2133F.d.4FCC53AA96521B7B15233118CDD1352C.e.5445/elements - {"using":"css selector","value":"td"}
RESULT: {"using":"css selector","value":"td"}
COMMAND: POST /session/555fcffa8aa83dd925f7bd1343d4074b/element/f.9C1E946C17B1C55FC69CCE7EB9D2133F.d.4FCC53AA96521B7B15233118CDD1352C.e.5446/elements - {"using":"css selector","value":"td"}
RESULT: {"using":"css selector","value":"td"}
COMMAND: POST /session/555fcffa8aa83dd925f7bd1343d4074b/element/f.9C1E946C17B1C55FC69CCE7EB9D2133F.d.4FCC53AA96521B7B15233118CDD1352C.e.5447/elements - {"using":"css selector","value":"td"}
RESULT: {"using":"css selector","value":"td"}
COMMAND: POST /session/555fcffa8aa83dd925f7bd1343d4074b/element/f.9C1E946C17B1C55FC69CCE7EB9D2133F.d.4FCC53AA96521B7B15233118CDD1352C.e.5448/elements - {"using":"css selector","value":"td"}
RESULT: {"using":"css selector","value":"td"}
COMMAND: POST /session/555fcffa8aa83dd925f7bd1343d4074b/element/f.9C1E946C17B1C55FC69CCE7EB9D2133F.d.4FCC53AA96521B7B15233118CDD1352C.e.5449/elements - {"using":"css selector","value":"td"}
RESULT: {"using":"css selector","value":"td"}
COMMAND: POST /session/555fcffa8aa83dd925f7bd1343d4074b/element/f.9C1E946C17B1C55FC69CCE7EB9D2133F.d.4FCC53AA96521B7B15233118CDD1352C.e.5450/elements - {"using":"css selector","value":"td"}
RESULT: {"using":"css selector","value":"td"}
COMMAND: POST /session/555fcffa8aa83dd925f7bd1343d4074b/element/f.9C1E946C17B1C55FC69CCE7EB9D2133F.d.4FCC53AA96521B7B15233118CDD1352C.e.5451/elements - {"using":"css selector","value":"td"}
RESULT: {"using":"css selector","value":"td"}
COMMAND: POST /session/555fcffa8aa83dd925f7bd1343d4074b/element/f.9C1E946C17B1C55FC69CCE7EB9D2133F.d.4FCC53AA96521B7B15233118CDD1352C.e.5452/elements - {"using":"css selector","value":"td"}
RESULT: {"using":"css selector","value":"td"}
COMMAND: POST /session/555fcffa8aa83dd925f7bd1343d4074b/element/f.9C1E946C17B1C55FC69CCE7EB9D2133F.d.4FCC53AA96521B7B15233118CDD1352C.e.5453/elements - {"using":"css selector","value":"td"}
RESULT: {"using":"css selector","value":"td"}
COMMAND: POST /session/555fcffa8aa83dd925f7bd1343d4074b/element/f.9C1E946C17B1C55FC69CCE7EB9D2133F.d.4FCC53AA96521B7B15233118CDD1352C.e.5454/elements - {"using":"css selector","value":"td"}
RESULT: {"using":"css selector","value":"td"}
COMMAND: POST /session/555fcffa8aa83dd925f7bd1343d4074b/element/f.9C1E946C17B1C55FC69CCE7EB9D2133F.d.4FCC53AA96521B7B15233118CDD1352C.e.5455/elements - {"using":"css selector","value":"td"}
RESULT: {"using":"css selector","value":"td"}
COMMAND: POST /session/555fcffa8aa83dd925f7bd1343d4074b/element/f.9C1E946C17B1C55FC69CCE7EB9D2133F.d.4FCC53AA96521B7B15233118CDD1352C.e.5456/elements - {"using":"css selector","value":"td"}
RESULT: {"using":"css selector","value":"td"}
COMMAND: POST /session/555fcffa8aa83dd925f7bd1343d4074b/element/f.9C1E946C17B1C55FC69CCE7EB9D2133F.d.4FCC53AA96521B7B15233118CDD1352C.e.5457/elements - {"using":"css selector","value":"td"}
RESULT: {"using":"css selector","value":"td"}
COMMAND: POST /session/555fcffa8aa83dd925f7bd1343d4074b/element/f.9C1E946C17B1C55FC69CCE7EB9D2133F.d.4FCC53AA96521B7B15233118CDD1352C.e.5458/elements - {"using":"css selector","value":"td"}
RESULT: {"using":"css selector","value":"td"}
COMMAND: POST /session/555fcffa8aa83dd925f7bd1343d4074b/element/f.9C1E946C17B1C55FC69CCE7EB9D2133F.d.4FCC53AA96521B7B15233118CDD1352C.e.5459/elements - {"using":"css selector","value":"td"}
RESULT: {"using":"css selector","value":"td"}
COMMAND: POST /session/555fcffa8aa83dd925f7bd1343d4074b/element/f.9C1E946C17B1C55FC69CCE7EB9D2133F.d.4FCC53AA96521B7B15233118CDD1352C.e.5460/elements - {"using":"css selector","value":"td"}
RESULT: {"using":"css selector","value":"td"}
COMMAND: POST /session/555fcffa8aa83dd925f7bd1343d4074b/element/f.9C1E946C17B1C55FC69CCE7EB9D2133F.d.4FCC53AA96521B7B15233118CDD1352C.e.5461/elements - {"using":"css selector","value":"td"}
RESULT: {"using":"css selector","value":"td"}
COMMAND: POST /session/555fcffa8aa83dd925f7bd1343d4074b/element/f.9C1E946C17B1C55FC69CCE7EB9D2133F.d.4FCC53AA96521B7B15233118CDD1352C.e.5462/elements - {"using":"css selector","value":"td"}
RESULT: {"using":"css selector","value":"td"}
COMMAND: POST /session/555fcffa8aa83dd925f7bd1343d4074b/element/f.9C1E946C17B1C55FC69CCE7EB9D2133F.d.4FCC53AA96521B7B15233118CDD1352C.e.5463/elements - {"using":"css selector","value":"td"}
RESULT: {"using":"css selector","value":"td"}
COMMAND: POST /session/555fcffa8aa83dd925f7bd1343d4074b/element/f.9C1E946C17B1C55FC69CCE7EB9D2133F.d.4FCC53AA96521B7B15233118CDD1352C.e.5464/elements - {"using":"css selector","value":"td"}
RESULT: {"using":"css selector","value":"td"}
COMMAND: POST /session/555fcffa8aa83dd925f7bd1343d4074b/element/f.9C1E946C17B1C55FC69CCE7EB9D2133F.d.4FCC53AA96521B7B15233118CDD1352C.e.5465/elements - {"using":"css selector","value":"td"}
RESULT: {"using":"css selector","value":"td"}
COMMAND: POST /session/555fcffa8aa83dd925f7bd1343d4074b/element/f.9C1E946C17B1C55FC69CCE7EB9D2133F.d.4FCC53AA96521B7B15233118CDD1352C.e.5466/elements - {"using":"css selector","value":"td"}
RESULT: {"using":"css selector","value":"td"}
COMMAND: POST /session/555fcffa8aa83dd925f7bd1343d4074b/element/f.9C1E946C17B1C55FC69CCE7EB9D2133F.d.4FCC53AA96521B7B15233118CDD1352C.e.5467/elements - {"using":"css selector","value":"td"}
RESULT: {"using":"css selector","value":"td"}
COMMAND: POST /session/555fcffa8aa83dd925f7bd1343d4074b/element/f.9C1E946C17B1C55FC69CCE7EB9D2133F.d.4FCC53AA96521B7B15233118CDD1352C.e.5468/elements - {"using":"css selector","value":"td"}
RESULT: {"using":"css selector","value":"td"}
COMMAND: POST /session/555fcffa8aa83dd925f7bd1343d4074b/element/f.9C1E946C17B1C55FC69CCE7EB9D2133F.d.4FCC53AA96521B7B15233118CDD1352C.e.5469/elements - {"using":"css selector","value":"td"}
RESULT: {"using":"css selector","value":"td"}
COMMAND: POST /session/555fcffa8aa83dd925f7bd1343d4074b/element/f.9C1E946C17B1C55FC69CCE7EB9D2133F.d.4FCC53AA96521B7B15233118CDD1352C.e.5470/elements - {"using":"css selector","value":"td"}
RESULT: {"using":"css selector","value":"td"}
COMMAND: POST /session/555fcffa8aa83dd925f7bd1343d4074b/element/f.9C1E946C17B1C55FC69CCE7EB9D2133F.d.4FCC53AA96521B7B15233118CDD1352C.e.6382/elements - {"using":"css selector","value":"td"}
RESULT: {"using":"css selector","value":"td"}
COMMAND: POST /session/555fcffa8aa83dd925f7bd1343d4074b/element - {"using":"css selector","value":"#j_username"}
COMMAND: POST /session/555fcffa8aa83dd925f7bd1343d4074b/url - {"url":"https://qa-testing-00-live-etm-ui.cfapps.eu10-004.hana.ondemand.com/"}
RESULT: {"using":"css selector","value":"#j_username"}
COMMAND: POST /session/555fcffa8aa83dd925f7bd1343d4074b/element - {"using":"css selector","value":"#j_username"}
RESULT: {"url":"https://qa-testing-00-live-etm-ui.cfapps.eu10-004.hana.ondemand.com/"}
RESULT: undefined
COMMAND: GET /session/555fcffa8aa83dd925f7bd1343d4074b/screenshot - {}
RESULT: {"using":"css selector","value":"#j_username"}
COMMAND: POST /session/555fcffa8aa83dd925f7bd1343d4074b/element - {"using":"css selector","value":"#shell-header-logo"}
RESULT: {}
RESULT: {"using":"css selector","value":"#shell-header-logo"}
COMMAND: POST /session/555fcffa8aa83dd925f7bd1343d4074b/execute/sync - {"script":"<script> [8489 bytes]","args":[{"element-6066-11e4-a52e-4f735466cecf":"f.9C1E946C17B1C55FC69CCE7EB9D2133F.d.6E5E7A88EDF99635F980DBD4DC884432.e.6395","ELEMENT":"f.9C1E946C17B1C55FC69CCE7EB9D2133F.d.6E5E7A88EDF99635F980DBD4DC884432.e.6395"}]}
RESULT: {"script":"<script> [8489 bytes]","args":[{"element-6066-11e4-a52e-4f735466cecf":"f.9C1E946C17B1C55FC69CCE7EB9D2133F.d.6E5E7A88EDF99635F980DBD4DC884432.e.6395","ELEMENT":"f.9C1E946C17B1C55FC69CCE7EB9D2133F.d.6E5E7A88EDF99635F980DBD4DC884432.e.6395"}]}
COMMAND: POST /session/555fcffa8aa83dd925f7bd1343d4074b/element - {"using":"css selector","value":"#shell-header-logo"}
COMMAND: GET /session/555fcffa8aa83dd925f7bd1343d4074b/screenshot - {}
RESULT: {"using":"css selector","value":"#shell-header-logo"}
COMMAND: POST /session/555fcffa8aa83dd925f7bd1343d4074b/execute/sync - {"script":"<script> [8489 bytes]","args":[{"element-6066-11e4-a52e-4f735466cecf":"f.9C1E946C17B1C55FC69CCE7EB9D2133F.d.6E5E7A88EDF99635F980DBD4DC884432.e.6395","ELEMENT":"f.9C1E946C17B1C55FC69CCE7EB9D2133F.d.6E5E7A88EDF99635F980DBD4DC884432.e.6395"}]}
RESULT: {}
RESULT: {"script":"<script> [8489 bytes]","args":[{"element-6066-11e4-a52e-4f735466cecf":"f.9C1E946C17B1C55FC69CCE7EB9D2133F.d.6E5E7A88EDF99635F980DBD4DC884432.e.6395","ELEMENT":"f.9C1E946C17B1C55FC69CCE7EB9D2133F.d.6E5E7A88EDF99635F980DBD4DC884432.e.6395"}]}
COMMAND: POST /session/555fcffa8aa83dd925f7bd1343d4074b/execute/sync - {"script":"<script> [5351 bytes]","args":[{"element-6066-11e4-a52e-4f735466cecf":"f.9C1E946C17B1C55FC69CCE7EB9D2133F.d.6E5E7A88EDF99635F980DBD4DC884432.e.6395","ELEMENT":"f.9C1E946C17B1C55FC69CCE7EB9D2133F.d.6E5E7A88EDF99635F980DBD4DC884432.e.6395"}]}
COMMAND: GET /session/555fcffa8aa83dd925f7bd1343d4074b/screenshot - {}
RESULT: {"script":"<script> [5351 bytes]","args":[{"element-6066-11e4-a52e-4f735466cecf":"f.9C1E946C17B1C55FC69CCE7EB9D2133F.d.6E5E7A88EDF99635F980DBD4DC884432.e.6395","ELEMENT":"f.9C1E946C17B1C55FC69CCE7EB9D2133F.d.6E5E7A88EDF99635F980DBD4DC884432.e.6395"}]}
COMMAND: POST /session/555fcffa8aa83dd925f7bd1343d4074b/element - {"using":"css selector","value":"#shell-header-logo"}
COMMAND: GET /session/555fcffa8aa83dd925f7bd1343d4074b/screenshot - {}
RESULT: {}
RESULT: {"using":"css selector","value":"#shell-header-logo"}
COMMAND: POST /session/555fcffa8aa83dd925f7bd1343d4074b/element/f.9C1E946C17B1C55FC69CCE7EB9D2133F.d.6E5E7A88EDF99635F980DBD4DC884432.e.6395/click - {}
RESULT: {}
RESULT: {}
COMMAND: GET /session/555fcffa8aa83dd925f7bd1343d4074b/screenshot - {}
RESULT: {}
COMMAND: POST /session/555fcffa8aa83dd925f7bd1343d4074b/execute/async - {"script":"<script> [189 bytes]","args":[]}
RESULT: {"script":"<script> [189 bytes]","args":[]}
COMMAND: POST /session/555fcffa8aa83dd925f7bd1343d4074b/execute/async - {"script":"<script> [123 bytes]","args":[]}
RESULT: {"script":"<script> [123 bytes]","args":[]}
COMMAND: POST /session/555fcffa8aa83dd925f7bd1343d4074b/timeouts - {"script":"<number>"}
RESULT: {"script":"<number>"}
COMMAND: GET /session/555fcffa8aa83dd925f7bd1343d4074b/timeouts - {}
RESULT: {}
RESULT: undefined
COMMAND: POST /session/555fcffa8aa83dd925f7bd1343d4074b/execute/async - {"script":"<script> [2676 bytes]","args":[]}
RESULT: {"script":"<script> [2676 bytes]","args":[]}
COMMAND: POST /session/555fcffa8aa83dd925f7bd1343d4074b/execute/async - {"script":"<script> [2342 bytes]","args":[{"protocol":"http","hostname":"0.0.0.0","path":"/","capabilities":{"browserName":"chrome","goog:chromeOptions":{"binary":"C:\\Program Files\\Google\\Chrome\\Application\\chrome.exe","args":["--start-maximized"]}},"logLevel":"warn","connectionRetryTimeout":120000,"connectionRetryCount":3,"logLevels":{},"enableDirectConnect":true,"strictSSL":true,"_":"65 more keys: [\"cacheDir\",\"port\",\"requestedCapabilities\",\"automationProtocol\",\"baseUrl\",\"waitforInterval\",\"waitforTimeout\",\"onReload\",\"beforeCommand\",\"afterCommand\",\"rootDir\",\"specs\",\"suites\",\"exclude\",\"groupLogsByTestSpec\",\"excludeDriverLogs\",\"bail\",\"framework\",\"reporters\",\"services\",\"maxInstances\",\"maxInstancesPerCapability\",\"injectGlobals\",\"filesToWatch\",\"execArgv\",\"runnerEnv\",\"runner\",\"shard\",\"specFileRetries\",\"specFileRetriesDelay\",\"specFileRetriesDeferred\",\"reporterSyncInterval\",\"reporterSyncTimeout\",\"cucumberFeaturesWithLineNumbers\",\"autoCompileOpts\",\"mochaOpts\",\"jasmineOpts\",\"cucumberOpts\",\"onPrepare\",\"onWorkerStart\",\"onWorkerEnd\",\"before\",\"beforeSession\",\"beforeSuite\",\"beforeHook\",\"beforeTest\",\"afterTest\",\"afterHook\",\"afterSuite\",\"afterSession\",\"after\",\"onComplete\",\"beforeAssertion\",\"afterAssertion\",\"beforeFeature\",\"beforeScenario\",\"beforeStep\",\"afterStep\",\"afterScenario\",\"afterFeature\",\"_\",\"suite\",\"$0\",\"ignoredWorkerServices\",\"wdi5\"]"}]}
RESULT: {"script":"<script> [2342 bytes]","args":[{"protocol":"http","hostname":"0.0.0.0","path":"/","capabilities":{"browserName":"chrome","goog:chromeOptions":{"binary":"C:\\Program Files\\Google\\Chrome\\Application\\chrome.exe","args":["--start-maximized"]}},"logLevel":"warn","connectionRetryTimeout":120000,"connectionRetryCount":3,"logLevels":{},"enableDirectConnect":true,"strictSSL":true,"_":"65 more keys: [\"cacheDir\",\"port\",\"requestedCapabilities\",\"automationProtocol\",\"baseUrl\",\"waitforInterval\",\"waitforTimeout\",\"onReload\",\"beforeCommand\",\"afterCommand\",\"rootDir\",\"specs\",\"suites\",\"exclude\",\"groupLogsByTestSpec\",\"excludeDriverLogs\",\"bail\",\"framework\",\"reporters\",\"services\",\"maxInstances\",\"maxInstancesPerCapability\",\"injectGlobals\",\"filesToWatch\",\"execArgv\",\"runnerEnv\",\"runner\",\"shard\",\"specFileRetries\",\"specFileRetriesDelay\",\"specFileRetriesDeferred\",\"reporterSyncInterval\",\"reporterSyncTimeout\",\"cucumberFeaturesWithLineNumbers\",\"autoCompileOpts\",\"mochaOpts\",\"jasmineOpts\",\"cucumberOpts\",\"onPrepare\",\"onWorkerStart\",\"onWorkerEnd\",\"before\",\"beforeSession\",\"beforeSuite\",\"beforeHook\",\"beforeTest\",\"afterTest\",\"afterHook\",\"afterSuite\",\"afterSession\",\"after\",\"onComplete\",\"beforeAssertion\",\"afterAssertion\",\"beforeFeature\",\"beforeScenario\",\"beforeStep\",\"afterStep\",\"afterScenario\",\"afterFeature\",\"_\",\"suite\",\"$0\",\"ignoredWorkerServices\",\"wdi5\"]"}]}
COMMAND: POST /session/555fcffa8aa83dd925f7bd1343d4074b/execute/async - {"script":"<script> [21126 bytes]","args":[35000]}
RESULT: {"script":"<script> [21126 bytes]","args":[35000]}
COMMAND: POST /session/555fcffa8aa83dd925f7bd1343d4074b/window/maximize - {}
RESULT: {}
COMMAND: POST /session/555fcffa8aa83dd925f7bd1343d4074b/execute/async - {"script":"<script> [1562 bytes]","args":[{"selector":{"id":"shell-header","interaction":{"idSuffix":"icon"}},"wdio_ui5_key":"shellheader"}]}
COMMAND: GET /session/555fcffa8aa83dd925f7bd1343d4074b/screenshot - {}
RESULT: {"script":"<script> [1562 bytes]","args":[{"selector":{"id":"shell-header","interaction":{"idSuffix":"icon"}},"wdio_ui5_key":"shellheader"}]}
RESULT: undefined
COMMAND: POST /session/555fcffa8aa83dd925f7bd1343d4074b/refresh - {}
RESULT: {}
RESULT: {}
COMMAND: GET /session/555fcffa8aa83dd925f7bd1343d4074b/screenshot - {}
RESULT: {}
COMMAND: POST /session/555fcffa8aa83dd925f7bd1343d4074b/refresh - {}
RESULT: {}
COMMAND: GET /session/555fcffa8aa83dd925f7bd1343d4074b/screenshot - {}
RESULT: {}
COMMAND: POST /session/555fcffa8aa83dd925f7bd1343d4074b/window/fullscreen - {}
RESULT: {}
COMMAND: POST /session/555fcffa8aa83dd925f7bd1343d4074b/execute/async - {"script":"<script> [189 bytes]","args":[]}
RESULT: {"script":"<script> [189 bytes]","args":[]}
COMMAND: POST /session/555fcffa8aa83dd925f7bd1343d4074b/execute/async - {"script":"<script> [123 bytes]","args":[]}
RESULT: {"script":"<script> [123 bytes]","args":[]}
COMMAND: POST /session/555fcffa8aa83dd925f7bd1343d4074b/timeouts - {"script":"<number>"}
RESULT: {"script":"<number>"}
COMMAND: GET /session/555fcffa8aa83dd925f7bd1343d4074b/timeouts - {}
RESULT: {}
RESULT: undefined
COMMAND: POST /session/555fcffa8aa83dd925f7bd1343d4074b/execute/async - {"script":"<script> [2676 bytes]","args":[]}
RESULT: {"script":"<script> [2676 bytes]","args":[]}
COMMAND: POST /session/555fcffa8aa83dd925f7bd1343d4074b/execute/async - {"script":"<script> [2342 bytes]","args":[{"protocol":"http","hostname":"0.0.0.0","path":"/","capabilities":{"browserName":"chrome","goog:chromeOptions":{"binary":"C:\\Program Files\\Google\\Chrome\\Application\\chrome.exe","args":["--start-maximized"]}},"logLevel":"warn","connectionRetryTimeout":120000,"connectionRetryCount":3,"logLevels":{},"enableDirectConnect":true,"strictSSL":true,"_":"65 more keys: [\"cacheDir\",\"port\",\"requestedCapabilities\",\"automationProtocol\",\"baseUrl\",\"waitforInterval\",\"waitforTimeout\",\"onReload\",\"beforeCommand\",\"afterCommand\",\"rootDir\",\"specs\",\"suites\",\"exclude\",\"groupLogsByTestSpec\",\"excludeDriverLogs\",\"bail\",\"framework\",\"reporters\",\"services\",\"maxInstances\",\"maxInstancesPerCapability\",\"injectGlobals\",\"filesToWatch\",\"execArgv\",\"runnerEnv\",\"runner\",\"shard\",\"specFileRetries\",\"specFileRetriesDelay\",\"specFileRetriesDeferred\",\"reporterSyncInterval\",\"reporterSyncTimeout\",\"cucumberFeaturesWithLineNumbers\",\"autoCompileOpts\",\"mochaOpts\",\"jasmineOpts\",\"cucumberOpts\",\"onPrepare\",\"onWorkerStart\",\"onWorkerEnd\",\"before\",\"beforeSession\",\"beforeSuite\",\"beforeHook\",\"beforeTest\",\"afterTest\",\"afterHook\",\"afterSuite\",\"afterSession\",\"after\",\"onComplete\",\"beforeAssertion\",\"afterAssertion\",\"beforeFeature\",\"beforeScenario\",\"beforeStep\",\"afterStep\",\"afterScenario\",\"afterFeature\",\"_\",\"suite\",\"$0\",\"ignoredWorkerServices\",\"wdi5\"]"}]}
RESULT: {"script":"<script> [2342 bytes]","args":[{"protocol":"http","hostname":"0.0.0.0","path":"/","capabilities":{"browserName":"chrome","goog:chromeOptions":{"binary":"C:\\Program Files\\Google\\Chrome\\Application\\chrome.exe","args":["--start-maximized"]}},"logLevel":"warn","connectionRetryTimeout":120000,"connectionRetryCount":3,"logLevels":{},"enableDirectConnect":true,"strictSSL":true,"_":"65 more keys: [\"cacheDir\",\"port\",\"requestedCapabilities\",\"automationProtocol\",\"baseUrl\",\"waitforInterval\",\"waitforTimeout\",\"onReload\",\"beforeCommand\",\"afterCommand\",\"rootDir\",\"specs\",\"suites\",\"exclude\",\"groupLogsByTestSpec\",\"excludeDriverLogs\",\"bail\",\"framework\",\"reporters\",\"services\",\"maxInstances\",\"maxInstancesPerCapability\",\"injectGlobals\",\"filesToWatch\",\"execArgv\",\"runnerEnv\",\"runner\",\"shard\",\"specFileRetries\",\"specFileRetriesDelay\",\"specFileRetriesDeferred\",\"reporterSyncInterval\",\"reporterSyncTimeout\",\"cucumberFeaturesWithLineNumbers\",\"autoCompileOpts\",\"mochaOpts\",\"jasmineOpts\",\"cucumberOpts\",\"onPrepare\",\"onWorkerStart\",\"onWorkerEnd\",\"before\",\"beforeSession\",\"beforeSuite\",\"beforeHook\",\"beforeTest\",\"afterTest\",\"afterHook\",\"afterSuite\",\"afterSession\",\"after\",\"onComplete\",\"beforeAssertion\",\"afterAssertion\",\"beforeFeature\",\"beforeScenario\",\"beforeStep\",\"afterStep\",\"afterScenario\",\"afterFeature\",\"_\",\"suite\",\"$0\",\"ignoredWorkerServices\",\"wdi5\"]"}]}
COMMAND: POST /session/555fcffa8aa83dd925f7bd1343d4074b/execute/async - {"script":"<script> [21126 bytes]","args":[35000]}
RESULT: {"script":"<script> [21126 bytes]","args":[35000]}
]]></system-out>
    </testcase>
  </testsuite>
  <testsuite timestamp="2025-05-07T17:19:46" time="462.877" tests="9" failures="0" errors="0" skipped="0">
    <properties>
      <property name="specId" value="0" />
      <property name="suiteName" value="US134625 Set up price condition - one time" />
      <property name="capabilities" value="chrome.135_0_7049_115.windows" />
      <property name="file" value="file:///D:/a/1/s/test/specs/BTS/set-up-price-condition-one-time.spec.js" />
    </properties>
    <testcase classname="chrome.135_0_7049_115.windows.US134625_Set_up_price_condition_-_one_time" name="Should create a new yard used for all following tests" time="0.014">
      <system-out><![CDATA[
COMMAND: POST /session/555fcffa8aa83dd925f7bd1343d4074b/window/fullscreen - {}
RESULT: {}
]]></system-out>
    </testcase>
    <testcase classname="chrome.135_0_7049_115.windows.US134625_Set_up_price_condition_-_one_time" name="Should create a new partner" time="0.004" />
    <testcase classname="chrome.135_0_7049_115.windows.US134625_Set_up_price_condition_-_one_time" name="Should create a new site used for following tests" time="0.004" />
    <testcase classname="chrome.135_0_7049_115.windows.US134625_Set_up_price_condition_-_one_time" name="Should create a new material for billing type one time" time="128.79">
      <system-out><![CDATA[
COMMAND: POST /session/555fcffa8aa83dd925f7bd1343d4074b/execute/async - {"script":"<script> [1562 bytes]","args":[{"selector":{"controlType":"sap.m.GenericTile","properties":{"header":"Manage Resources"}},"wdio_ui5_key":"sapm.GenericTile{\"header\":\"Manage Resources\"}"}]}
RESULT: {"script":"<script> [1562 bytes]","args":[{"selector":{"controlType":"sap.m.GenericTile","properties":{"header":"Manage Resources"}},"wdio_ui5_key":"sapm.GenericTile{\"header\":\"Manage Resources\"}"}]}
RESULT: undefined
COMMAND: POST /session/555fcffa8aa83dd925f7bd1343d4074b/element - {"using":"xpath","value":"//*[@id=\"__tile39\"]"}
RESULT: {"using":"xpath","value":"//*[@id=\"__tile39\"]"}
COMMAND: POST /session/555fcffa8aa83dd925f7bd1343d4074b/element/f.9C1E946C17B1C55FC69CCE7EB9D2133F.d.1856369A5B7719169DF7AD77F0CD0A86.e.6555/click - {}
RESULT: {}
COMMAND: POST /session/555fcffa8aa83dd925f7bd1343d4074b/element - {"using":"xpath","value":"//button[@data-kt=\"addNewRUOverflowToolbarButton\"]"}
COMMAND: GET /session/555fcffa8aa83dd925f7bd1343d4074b/screenshot - {}
RESULT: {"using":"xpath","value":"//button[@data-kt=\"addNewRUOverflowToolbarButton\"]"}
COMMAND: POST /session/555fcffa8aa83dd925f7bd1343d4074b/elements - {"using":"xpath","value":"//button[@data-kt=\"addNewRUOverflowToolbarButton\"]"}
RESULT: {}
RESULT: {"using":"xpath","value":"//button[@data-kt=\"addNewRUOverflowToolbarButton\"]"}
COMMAND: POST /session/555fcffa8aa83dd925f7bd1343d4074b/elements - {"using":"xpath","value":"//button[@data-kt=\"addNewRUOverflowToolbarButton\"]"}
RESULT: {"using":"xpath","value":"//button[@data-kt=\"addNewRUOverflowToolbarButton\"]"}
COMMAND: POST /session/555fcffa8aa83dd925f7bd1343d4074b/elements - {"using":"xpath","value":"//button[@data-kt=\"addNewRUOverflowToolbarButton\"]"}
RESULT: {"using":"xpath","value":"//button[@data-kt=\"addNewRUOverflowToolbarButton\"]"}
COMMAND: POST /session/555fcffa8aa83dd925f7bd1343d4074b/elements - {"using":"xpath","value":"//button[@data-kt=\"addNewRUOverflowToolbarButton\"]"}
RESULT: {"using":"xpath","value":"//button[@data-kt=\"addNewRUOverflowToolbarButton\"]"}
COMMAND: POST /session/555fcffa8aa83dd925f7bd1343d4074b/elements - {"using":"xpath","value":"//button[@data-kt=\"addNewRUOverflowToolbarButton\"]"}
RESULT: {"using":"xpath","value":"//button[@data-kt=\"addNewRUOverflowToolbarButton\"]"}
COMMAND: POST /session/555fcffa8aa83dd925f7bd1343d4074b/elements - {"using":"xpath","value":"//button[@data-kt=\"addNewRUOverflowToolbarButton\"]"}
RESULT: {"using":"xpath","value":"//button[@data-kt=\"addNewRUOverflowToolbarButton\"]"}
COMMAND: POST /session/555fcffa8aa83dd925f7bd1343d4074b/elements - {"using":"xpath","value":"//button[@data-kt=\"addNewRUOverflowToolbarButton\"]"}
RESULT: {"using":"xpath","value":"//button[@data-kt=\"addNewRUOverflowToolbarButton\"]"}
COMMAND: POST /session/555fcffa8aa83dd925f7bd1343d4074b/elements - {"using":"xpath","value":"//button[@data-kt=\"addNewRUOverflowToolbarButton\"]"}
RESULT: {"using":"xpath","value":"//button[@data-kt=\"addNewRUOverflowToolbarButton\"]"}
COMMAND: POST /session/555fcffa8aa83dd925f7bd1343d4074b/elements - {"using":"xpath","value":"//button[@data-kt=\"addNewRUOverflowToolbarButton\"]"}
RESULT: {"using":"xpath","value":"//button[@data-kt=\"addNewRUOverflowToolbarButton\"]"}
COMMAND: POST /session/555fcffa8aa83dd925f7bd1343d4074b/elements - {"using":"xpath","value":"//button[@data-kt=\"addNewRUOverflowToolbarButton\"]"}
RESULT: {"using":"xpath","value":"//button[@data-kt=\"addNewRUOverflowToolbarButton\"]"}
COMMAND: POST /session/555fcffa8aa83dd925f7bd1343d4074b/element - {"using":"xpath","value":"//button[@data-kt=\"addNewRUOverflowToolbarButton\"]"}
RESULT: {"using":"xpath","value":"//button[@data-kt=\"addNewRUOverflowToolbarButton\"]"}
COMMAND: POST /session/555fcffa8aa83dd925f7bd1343d4074b/execute/sync - {"script":"<script> [8489 bytes]","args":[{"element-6066-11e4-a52e-4f735466cecf":"f.9C1E946C17B1C55FC69CCE7EB9D2133F.d.1856369A5B7719169DF7AD77F0CD0A86.e.6692","ELEMENT":"f.9C1E946C17B1C55FC69CCE7EB9D2133F.d.1856369A5B7719169DF7AD77F0CD0A86.e.6692"}]}
RESULT: {"script":"<script> [8489 bytes]","args":[{"element-6066-11e4-a52e-4f735466cecf":"f.9C1E946C17B1C55FC69CCE7EB9D2133F.d.1856369A5B7719169DF7AD77F0CD0A86.e.6692","ELEMENT":"f.9C1E946C17B1C55FC69CCE7EB9D2133F.d.1856369A5B7719169DF7AD77F0CD0A86.e.6692"}]}
COMMAND: GET /session/555fcffa8aa83dd925f7bd1343d4074b/element/f.9C1E946C17B1C55FC69CCE7EB9D2133F.d.1856369A5B7719169DF7AD77F0CD0A86.e.6692/enabled - {}
COMMAND: GET /session/555fcffa8aa83dd925f7bd1343d4074b/screenshot - {}
RESULT: {}
COMMAND: POST /session/555fcffa8aa83dd925f7bd1343d4074b/execute/sync - {"script":"<script> [8489 bytes]","args":[{"element-6066-11e4-a52e-4f735466cecf":"f.9C1E946C17B1C55FC69CCE7EB9D2133F.d.1856369A5B7719169DF7AD77F0CD0A86.e.6692","ELEMENT":"f.9C1E946C17B1C55FC69CCE7EB9D2133F.d.1856369A5B7719169DF7AD77F0CD0A86.e.6692"}]}
COMMAND: GET /session/555fcffa8aa83dd925f7bd1343d4074b/screenshot - {}
RESULT: {}
RESULT: {"script":"<script> [8489 bytes]","args":[{"element-6066-11e4-a52e-4f735466cecf":"f.9C1E946C17B1C55FC69CCE7EB9D2133F.d.1856369A5B7719169DF7AD77F0CD0A86.e.6692","ELEMENT":"f.9C1E946C17B1C55FC69CCE7EB9D2133F.d.1856369A5B7719169DF7AD77F0CD0A86.e.6692"}]}
COMMAND: POST /session/555fcffa8aa83dd925f7bd1343d4074b/execute/sync - {"script":"<script> [5351 bytes]","args":[{"element-6066-11e4-a52e-4f735466cecf":"f.9C1E946C17B1C55FC69CCE7EB9D2133F.d.1856369A5B7719169DF7AD77F0CD0A86.e.6692","ELEMENT":"f.9C1E946C17B1C55FC69CCE7EB9D2133F.d.1856369A5B7719169DF7AD77F0CD0A86.e.6692"}]}
COMMAND: GET /session/555fcffa8aa83dd925f7bd1343d4074b/screenshot - {}
RESULT: {}
RESULT: {"script":"<script> [5351 bytes]","args":[{"element-6066-11e4-a52e-4f735466cecf":"f.9C1E946C17B1C55FC69CCE7EB9D2133F.d.1856369A5B7719169DF7AD77F0CD0A86.e.6692","ELEMENT":"f.9C1E946C17B1C55FC69CCE7EB9D2133F.d.1856369A5B7719169DF7AD77F0CD0A86.e.6692"}]}
COMMAND: POST /session/555fcffa8aa83dd925f7bd1343d4074b/element/f.9C1E946C17B1C55FC69CCE7EB9D2133F.d.1856369A5B7719169DF7AD77F0CD0A86.e.6692/click - {}
COMMAND: GET /session/555fcffa8aa83dd925f7bd1343d4074b/screenshot - {}
RESULT: {}
RESULT: {}
COMMAND: GET /session/555fcffa8aa83dd925f7bd1343d4074b/screenshot - {}
RESULT: {}
COMMAND: POST /session/555fcffa8aa83dd925f7bd1343d4074b/execute/async - {"script":"<script> [1562 bytes]","args":[{"selector":{"id":"application-manageresources-display-component---newResourceUnit--TYPE-arrow"},"wdio_ui5_key":"applicationmanageresources-display-component---newResourceUnit--TYPE-arrow"}]}
RESULT: {}
RESULT: {"script":"<script> [1562 bytes]","args":[{"selector":{"id":"application-manageresources-display-component---newResourceUnit--TYPE-arrow"},"wdio_ui5_key":"applicationmanageresources-display-component---newResourceUnit--TYPE-arrow"}]}
RESULT: undefined
COMMAND: POST /session/555fcffa8aa83dd925f7bd1343d4074b/element - {"using":"xpath","value":"//*[@id=\"application-manageresources-display-component---newResourceUnit--TYPE-arrow\"]"}
RESULT: {"using":"xpath","value":"//*[@id=\"application-manageresources-display-component---newResourceUnit--TYPE-arrow\"]"}
COMMAND: POST /session/555fcffa8aa83dd925f7bd1343d4074b/element/f.9C1E946C17B1C55FC69CCE7EB9D2133F.d.1856369A5B7719169DF7AD77F0CD0A86.e.7052/click - {}
RESULT: {}
COMMAND: POST /session/555fcffa8aa83dd925f7bd1343d4074b/element - {"using":"xpath","value":"//input[@id=\"application-manageresources-display-component---newResourceUnit--TYPE-inner\"]"}
COMMAND: GET /session/555fcffa8aa83dd925f7bd1343d4074b/screenshot - {}
RESULT: {"using":"xpath","value":"//input[@id=\"application-manageresources-display-component---newResourceUnit--TYPE-inner\"]"}
COMMAND: POST /session/555fcffa8aa83dd925f7bd1343d4074b/element/f.9C1E946C17B1C55FC69CCE7EB9D2133F.d.1856369A5B7719169DF7AD77F0CD0A86.e.7043/clear - {}
RESULT: {}
RESULT: {}
COMMAND: POST /session/555fcffa8aa83dd925f7bd1343d4074b/element/f.9C1E946C17B1C55FC69CCE7EB9D2133F.d.1856369A5B7719169DF7AD77F0CD0A86.e.7043/value - {"text":"Material"}
COMMAND: GET /session/555fcffa8aa83dd925f7bd1343d4074b/screenshot - {}
RESULT: {"text":"Material"}
COMMAND: GET /session/555fcffa8aa83dd925f7bd1343d4074b/screenshot - {}
RESULT: {}
RESULT: {}
COMMAND: POST /session/555fcffa8aa83dd925f7bd1343d4074b/actions - {"actions":[{"id":"action19","type":"key","parameters":{},"actions":[{"type":"keyDown","value":"î€‡"},{"type":"pause","duration":10},{"type":"keyUp","value":"î€‡"}]}]}
RESULT: {"actions":[{"id":"action19","type":"key","parameters":{},"actions":[{"type":"keyDown","value":"î€‡"},{"type":"pause","duration":10},{"type":"keyUp","value":"î€‡"}]}]}
COMMAND: POST /session/555fcffa8aa83dd925f7bd1343d4074b/execute/async - {"script":"<script> [1562 bytes]","args":[{"selector":{"id":"application-manageresources-display-component---newResourceUnit--SHORT_TEXT","interaction":{"idSuffix":"inner"}},"wdio_ui5_key":"applicationmanageresources-display-component---newResourceUnit--SHORT_TEXT"}]}
COMMAND: GET /session/555fcffa8aa83dd925f7bd1343d4074b/screenshot - {}
RESULT: {"script":"<script> [1562 bytes]","args":[{"selector":{"id":"application-manageresources-display-component---newResourceUnit--SHORT_TEXT","interaction":{"idSuffix":"inner"}},"wdio_ui5_key":"applicationmanageresources-display-component---newResourceUnit--SHORT_TEXT"}]}
RESULT: undefined
COMMAND: POST /session/555fcffa8aa83dd925f7bd1343d4074b/execute/async - {"script":"<script> [776 bytes]","args":[{"enterText":"Cement WDIO","selector":{"id":"application-manageresources-display-component---newResourceUnit--SHORT_TEXT","interaction":{"idSuffix":"inner"}},"clearTextFirst":true,"interactionType":"ENTER_TEXT"}]}
RESULT: {}
RESULT: {"script":"<script> [776 bytes]","args":[{"enterText":"Cement WDIO","selector":{"id":"application-manageresources-display-component---newResourceUnit--SHORT_TEXT","interaction":{"idSuffix":"inner"}},"clearTextFirst":true,"interactionType":"ENTER_TEXT"}]}
COMMAND: POST /session/555fcffa8aa83dd925f7bd1343d4074b/execute/async - {"script":"<script> [1562 bytes]","args":[{"selector":{"id":"application-manageresources-display-component---newResourceUnit--BASE_UNIT_OF_MEASURE","interaction":{"idSuffix":"inner"}},"wdio_ui5_key":"applicationmanageresources-display-component---newResourceUnit--BASE_UNIT_OF_MEASURE"}]}
RESULT: {"script":"<script> [1562 bytes]","args":[{"selector":{"id":"application-manageresources-display-component---newResourceUnit--BASE_UNIT_OF_MEASURE","interaction":{"idSuffix":"inner"}},"wdio_ui5_key":"applicationmanageresources-display-component---newResourceUnit--BASE_UNIT_OF_MEASURE"}]}
RESULT: undefined
COMMAND: POST /session/555fcffa8aa83dd925f7bd1343d4074b/execute/async - {"script":"<script> [776 bytes]","args":[{"enterText":"Piece","selector":{"id":"application-manageresources-display-component---newResourceUnit--BASE_UNIT_OF_MEASURE","interaction":{"idSuffix":"inner"}},"clearTextFirst":true,"interactionType":"ENTER_TEXT"}]}
RESULT: {"script":"<script> [776 bytes]","args":[{"enterText":"Piece","selector":{"id":"application-manageresources-display-component---newResourceUnit--BASE_UNIT_OF_MEASURE","interaction":{"idSuffix":"inner"}},"clearTextFirst":true,"interactionType":"ENTER_TEXT"}]}
COMMAND: POST /session/555fcffa8aa83dd925f7bd1343d4074b/execute/async - {"script":"<script> [1562 bytes]","args":[{"selector":{"id":"application-manageresources-display-component---newResourceUnit--WEIGHT_UNIT","interaction":{"idSuffix":"inner"}},"wdio_ui5_key":"applicationmanageresources-display-component---newResourceUnit--WEIGHT_UNIT"}]}
RESULT: {"script":"<script> [1562 bytes]","args":[{"selector":{"id":"application-manageresources-display-component---newResourceUnit--WEIGHT_UNIT","interaction":{"idSuffix":"inner"}},"wdio_ui5_key":"applicationmanageresources-display-component---newResourceUnit--WEIGHT_UNIT"}]}
RESULT: undefined
COMMAND: POST /session/555fcffa8aa83dd925f7bd1343d4074b/execute/async - {"script":"<script> [776 bytes]","args":[{"enterText":"Gram","selector":{"id":"application-manageresources-display-component---newResourceUnit--WEIGHT_UNIT","interaction":{"idSuffix":"inner"}},"clearTextFirst":true,"interactionType":"ENTER_TEXT"}]}
RESULT: {"script":"<script> [776 bytes]","args":[{"enterText":"Gram","selector":{"id":"application-manageresources-display-component---newResourceUnit--WEIGHT_UNIT","interaction":{"idSuffix":"inner"}},"clearTextFirst":true,"interactionType":"ENTER_TEXT"}]}
COMMAND: POST /session/555fcffa8aa83dd925f7bd1343d4074b/execute/async - {"script":"<script> [1562 bytes]","args":[{"selector":{"id":"application-manageresources-display-component---newResourceUnit--DIMENSION_UNIT","interaction":{"idSuffix":"inner"}},"wdio_ui5_key":"applicationmanageresources-display-component---newResourceUnit--DIMENSION_UNIT"}]}
RESULT: {"script":"<script> [1562 bytes]","args":[{"selector":{"id":"application-manageresources-display-component---newResourceUnit--DIMENSION_UNIT","interaction":{"idSuffix":"inner"}},"wdio_ui5_key":"applicationmanageresources-display-component---newResourceUnit--DIMENSION_UNIT"}]}
RESULT: undefined
COMMAND: POST /session/555fcffa8aa83dd925f7bd1343d4074b/execute/async - {"script":"<script> [776 bytes]","args":[{"enterText":"Meter","selector":{"id":"application-manageresources-display-component---newResourceUnit--DIMENSION_UNIT","interaction":{"idSuffix":"inner"}},"clearTextFirst":true,"interactionType":"ENTER_TEXT"}]}
RESULT: {"script":"<script> [776 bytes]","args":[{"enterText":"Meter","selector":{"id":"application-manageresources-display-component---newResourceUnit--DIMENSION_UNIT","interaction":{"idSuffix":"inner"}},"clearTextFirst":true,"interactionType":"ENTER_TEXT"}]}
COMMAND: POST /session/555fcffa8aa83dd925f7bd1343d4074b/execute/async - {"script":"<script> [1562 bytes]","args":[{"selector":{"id":"application-manageresources-display-component---newResourceUnit--newRRUPage-anchBar-application-manageresources-display-component---newResourceUnit--control-anchor","interaction":{"idSuffix":"BDI-content"}},"wdio_ui5_key":"applicationmanageresources-display-component---newResourceUnit--newRRUPage-anchBar-application-manageresources-display-component---newResourceUnit--control-anchor"}]}
RESULT: {"script":"<script> [1562 bytes]","args":[{"selector":{"id":"application-manageresources-display-component---newResourceUnit--newRRUPage-anchBar-application-manageresources-display-component---newResourceUnit--control-anchor","interaction":{"idSuffix":"BDI-content"}},"wdio_ui5_key":"applicationmanageresources-display-component---newResourceUnit--newRRUPage-anchBar-application-manageresources-display-component---newResourceUnit--control-anchor"}]}
RESULT: undefined
COMMAND: POST /session/555fcffa8aa83dd925f7bd1343d4074b/element - {"using":"xpath","value":"//*[@id=\"application-manageresources-display-component---newResourceUnit--newRRUPage-anchBar-application-manageresources-display-component---newResourceUnit--control-anchor\"]"}
RESULT: {"using":"xpath","value":"//*[@id=\"application-manageresources-display-component---newResourceUnit--newRRUPage-anchBar-application-manageresources-display-component---newResourceUnit--control-anchor\"]"}
COMMAND: POST /session/555fcffa8aa83dd925f7bd1343d4074b/element/f.9C1E946C17B1C55FC69CCE7EB9D2133F.d.1856369A5B7719169DF7AD77F0CD0A86.e.7120/click - {}
RESULT: {}
COMMAND: POST /session/555fcffa8aa83dd925f7bd1343d4074b/execute/async - {"script":"<script> [1562 bytes]","args":[{"selector":{"id":"application-manageresources-display-component---newResourceUnit--PLANNING_GROUP","interaction":{"idSuffix":"inner"}},"wdio_ui5_key":"applicationmanageresources-display-component---newResourceUnit--PLANNING_GROUP"}]}
COMMAND: GET /session/555fcffa8aa83dd925f7bd1343d4074b/screenshot - {}
RESULT: {"script":"<script> [1562 bytes]","args":[{"selector":{"id":"application-manageresources-display-component---newResourceUnit--PLANNING_GROUP","interaction":{"idSuffix":"inner"}},"wdio_ui5_key":"applicationmanageresources-display-component---newResourceUnit--PLANNING_GROUP"}]}
RESULT: undefined
COMMAND: POST /session/555fcffa8aa83dd925f7bd1343d4074b/execute/async - {"script":"<script> [776 bytes]","args":[{"enterText":"Material","selector":{"id":"application-manageresources-display-component---newResourceUnit--PLANNING_GROUP","interaction":{"idSuffix":"inner"}},"clearTextFirst":true,"interactionType":"ENTER_TEXT"}]}
RESULT: {}
RESULT: {"script":"<script> [776 bytes]","args":[{"enterText":"Material","selector":{"id":"application-manageresources-display-component---newResourceUnit--PLANNING_GROUP","interaction":{"idSuffix":"inner"}},"clearTextFirst":true,"interactionType":"ENTER_TEXT"}]}
COMMAND: POST /session/555fcffa8aa83dd925f7bd1343d4074b/execute/async - {"script":"<script> [1562 bytes]","args":[{"selector":{"id":"application-manageresources-display-component---newResourceUnit--PLANNING_INDICATOR","interaction":{"idSuffix":"inner"}},"wdio_ui5_key":"applicationmanageresources-display-component---newResourceUnit--PLANNING_INDICATOR"}]}
RESULT: {"script":"<script> [1562 bytes]","args":[{"selector":{"id":"application-manageresources-display-component---newResourceUnit--PLANNING_INDICATOR","interaction":{"idSuffix":"inner"}},"wdio_ui5_key":"applicationmanageresources-display-component---newResourceUnit--PLANNING_INDICATOR"}]}
RESULT: undefined
COMMAND: POST /session/555fcffa8aa83dd925f7bd1343d4074b/execute/async - {"script":"<script> [776 bytes]","args":[{"enterText":"10 - infinite","selector":{"id":"application-manageresources-display-component---newResourceUnit--PLANNING_INDICATOR","interaction":{"idSuffix":"inner"}},"clearTextFirst":true,"interactionType":"ENTER_TEXT"}]}
RESULT: {"script":"<script> [776 bytes]","args":[{"enterText":"10 - infinite","selector":{"id":"application-manageresources-display-component---newResourceUnit--PLANNING_INDICATOR","interaction":{"idSuffix":"inner"}},"clearTextFirst":true,"interactionType":"ENTER_TEXT"}]}
COMMAND: POST /session/555fcffa8aa83dd925f7bd1343d4074b/element - {"using":"css selector","value":"#application-manageresources-display-component---newResourceUnit--btnAddTimeSegment"}
RESULT: {"using":"css selector","value":"#application-manageresources-display-component---newResourceUnit--btnAddTimeSegment"}
COMMAND: GET /session/555fcffa8aa83dd925f7bd1343d4074b/element/f.9C1E946C17B1C55FC69CCE7EB9D2133F.d.1856369A5B7719169DF7AD77F0CD0A86.e.7129/rect - {}
RESULT: {}
COMMAND: GET /session/555fcffa8aa83dd925f7bd1343d4074b/window/rect - {}
RESULT: {}
COMMAND: POST /session/555fcffa8aa83dd925f7bd1343d4074b/execute/sync - {"script":"<script> [92 bytes]","args":[]}
RESULT: {"script":"<script> [92 bytes]","args":[]}
COMMAND: POST /session/555fcffa8aa83dd925f7bd1343d4074b/actions - {"actions":[{"id":"action20","type":"wheel","parameters":{},"actions":[{"type":"scroll","x":-1888,"y":-32,"deltaX":0,"deltaY":0,"duration":0,"origin":{"element-6066-11e4-a52e-4f735466cecf":"f.9C1E946C17B1C55FC69CCE7EB9D2133F.d.1856369A5B7719169DF7AD77F0CD0A86.e.7129"}}]}]}
COMMAND: GET /session/555fcffa8aa83dd925f7bd1343d4074b/screenshot - {}
RESULT: {}
COMMAND: POST /session/555fcffa8aa83dd925f7bd1343d4074b/execute/sync - {"script":"<script> [79 bytes]","args":[{"element-6066-11e4-a52e-4f735466cecf":"f.9C1E946C17B1C55FC69CCE7EB9D2133F.d.1856369A5B7719169DF7AD77F0CD0A86.e.7129","ELEMENT":"f.9C1E946C17B1C55FC69CCE7EB9D2133F.d.1856369A5B7719169DF7AD77F0CD0A86.e.7129"},{"block":"start","inline":"nearest"}]}
RESULT: {"script":"<script> [79 bytes]","args":[{"element-6066-11e4-a52e-4f735466cecf":"f.9C1E946C17B1C55FC69CCE7EB9D2133F.d.1856369A5B7719169DF7AD77F0CD0A86.e.7129","ELEMENT":"f.9C1E946C17B1C55FC69CCE7EB9D2133F.d.1856369A5B7719169DF7AD77F0CD0A86.e.7129"},{"block":"start","inline":"nearest"}]}
COMMAND: POST /session/555fcffa8aa83dd925f7bd1343d4074b/execute/async - {"script":"<script> [1562 bytes]","args":[{"selector":{"id":"application-manageresources-display-component---newResourceUnit--btnAddTimeSegment","interaction":{"idSuffix":"inner"}},"wdio_ui5_key":"applicationmanageresources-display-component---newResourceUnit--btnAddTimeSegment"}]}
COMMAND: GET /session/555fcffa8aa83dd925f7bd1343d4074b/screenshot - {}
RESULT: {"script":"<script> [1562 bytes]","args":[{"selector":{"id":"application-manageresources-display-component---newResourceUnit--btnAddTimeSegment","interaction":{"idSuffix":"inner"}},"wdio_ui5_key":"applicationmanageresources-display-component---newResourceUnit--btnAddTimeSegment"}]}
RESULT: undefined
COMMAND: POST /session/555fcffa8aa83dd925f7bd1343d4074b/element - {"using":"xpath","value":"//*[@id=\"application-manageresources-display-component---newResourceUnit--btnAddTimeSegment\"]"}
RESULT: {}
RESULT: {"using":"xpath","value":"//*[@id=\"application-manageresources-display-component---newResourceUnit--btnAddTimeSegment\"]"}
COMMAND: POST /session/555fcffa8aa83dd925f7bd1343d4074b/element/f.9C1E946C17B1C55FC69CCE7EB9D2133F.d.1856369A5B7719169DF7AD77F0CD0A86.e.7129/click - {}
RESULT: {}
COMMAND: GET /session/555fcffa8aa83dd925f7bd1343d4074b/screenshot - {}
RESULT: {}
COMMAND: POST /session/555fcffa8aa83dd925f7bd1343d4074b/element - {"using":"xpath","value":"//input[@id=\"application-manageresources-display-component---newResourceUnit--idRuTSAdmin-application-manageresources-display-component---newResourceUnit--RUTimeSegment-0-inner\"]"}
RESULT: {"using":"xpath","value":"//input[@id=\"application-manageresources-display-component---newResourceUnit--idRuTSAdmin-application-manageresources-display-component---newResourceUnit--RUTimeSegment-0-inner\"]"}
COMMAND: POST /session/555fcffa8aa83dd925f7bd1343d4074b/element/f.9C1E946C17B1C55FC69CCE7EB9D2133F.d.1856369A5B7719169DF7AD77F0CD0A86.e.7134/clear - {}
RESULT: {}
COMMAND: POST /session/555fcffa8aa83dd925f7bd1343d4074b/element/f.9C1E946C17B1C55FC69CCE7EB9D2133F.d.1856369A5B7719169DF7AD77F0CD0A86.e.7134/value - {"text":"666"}
COMMAND: GET /session/555fcffa8aa83dd925f7bd1343d4074b/screenshot - {}
RESULT: {"text":"666"}
COMMAND: GET /session/555fcffa8aa83dd925f7bd1343d4074b/screenshot - {}
RESULT: {}
RESULT: {}
COMMAND: POST /session/555fcffa8aa83dd925f7bd1343d4074b/element - {"using":"xpath","value":"//li[.//span[text()='666']]"}
RESULT: {"using":"xpath","value":"//li[.//span[text()='666']]"}
COMMAND: POST /session/555fcffa8aa83dd925f7bd1343d4074b/element/f.9C1E946C17B1C55FC69CCE7EB9D2133F.d.1856369A5B7719169DF7AD77F0CD0A86.e.7146/click - {}
RESULT: {}
COMMAND: GET /session/555fcffa8aa83dd925f7bd1343d4074b/screenshot - {}
RESULT: {}
COMMAND: POST /session/555fcffa8aa83dd925f7bd1343d4074b/element - {"using":"xpath","value":"(//span[contains(@id, \"-application-manageresources-display-component---newResourceUnit--RUTimeSegment-0-arrow\")])[2]"}
RESULT: {"using":"xpath","value":"(//span[contains(@id, \"-application-manageresources-display-component---newResourceUnit--RUTimeSegment-0-arrow\")])[2]"}
COMMAND: POST /session/555fcffa8aa83dd925f7bd1343d4074b/element/f.9C1E946C17B1C55FC69CCE7EB9D2133F.d.1856369A5B7719169DF7AD77F0CD0A86.e.7147/click - {}
RESULT: {}
COMMAND: POST /session/555fcffa8aa83dd925f7bd1343d4074b/element - {"using":"xpath","value":"//span[contains(text(), \"PM Order\")]"}
COMMAND: GET /session/555fcffa8aa83dd925f7bd1343d4074b/screenshot - {}
RESULT: {"using":"xpath","value":"//span[contains(text(), \"PM Order\")]"}
COMMAND: POST /session/555fcffa8aa83dd925f7bd1343d4074b/element/f.9C1E946C17B1C55FC69CCE7EB9D2133F.d.1856369A5B7719169DF7AD77F0CD0A86.e.7148/click - {}
RESULT: {}
RESULT: {}
COMMAND: GET /session/555fcffa8aa83dd925f7bd1343d4074b/screenshot - {}
RESULT: {}
COMMAND: POST /session/555fcffa8aa83dd925f7bd1343d4074b/element - {"using":"xpath","value":"//td/div/div/div/span[contains(@id, \"newResourceUnit--RUTimeSegment-0-vhi\")][1]"}
RESULT: {"using":"xpath","value":"//td/div/div/div/span[contains(@id, \"newResourceUnit--RUTimeSegment-0-vhi\")][1]"}
COMMAND: GET /session/555fcffa8aa83dd925f7bd1343d4074b/element/f.9C1E946C17B1C55FC69CCE7EB9D2133F.d.1856369A5B7719169DF7AD77F0CD0A86.e.7152/rect - {}
RESULT: {}
COMMAND: GET /session/555fcffa8aa83dd925f7bd1343d4074b/window/rect - {}
RESULT: {}
COMMAND: POST /session/555fcffa8aa83dd925f7bd1343d4074b/execute/sync - {"script":"<script> [92 bytes]","args":[]}
RESULT: {"script":"<script> [92 bytes]","args":[]}
COMMAND: POST /session/555fcffa8aa83dd925f7bd1343d4074b/actions - {"actions":[{"id":"action21","type":"wheel","parameters":{},"actions":[{"type":"scroll","x":-1888,"y":-24,"deltaX":0,"deltaY":0,"duration":0,"origin":{"element-6066-11e4-a52e-4f735466cecf":"f.9C1E946C17B1C55FC69CCE7EB9D2133F.d.1856369A5B7719169DF7AD77F0CD0A86.e.7152"}}]}]}
COMMAND: GET /session/555fcffa8aa83dd925f7bd1343d4074b/screenshot - {}
RESULT: {}
COMMAND: POST /session/555fcffa8aa83dd925f7bd1343d4074b/execute/sync - {"script":"<script> [79 bytes]","args":[{"element-6066-11e4-a52e-4f735466cecf":"f.9C1E946C17B1C55FC69CCE7EB9D2133F.d.1856369A5B7719169DF7AD77F0CD0A86.e.7152","ELEMENT":"f.9C1E946C17B1C55FC69CCE7EB9D2133F.d.1856369A5B7719169DF7AD77F0CD0A86.e.7152"},{"block":"start","inline":"nearest"}]}
RESULT: {"script":"<script> [79 bytes]","args":[{"element-6066-11e4-a52e-4f735466cecf":"f.9C1E946C17B1C55FC69CCE7EB9D2133F.d.1856369A5B7719169DF7AD77F0CD0A86.e.7152","ELEMENT":"f.9C1E946C17B1C55FC69CCE7EB9D2133F.d.1856369A5B7719169DF7AD77F0CD0A86.e.7152"},{"block":"start","inline":"nearest"}]}
COMMAND: GET /session/555fcffa8aa83dd925f7bd1343d4074b/screenshot - {}
RESULT: {}
COMMAND: POST /session/555fcffa8aa83dd925f7bd1343d4074b/element/f.9C1E946C17B1C55FC69CCE7EB9D2133F.d.1856369A5B7719169DF7AD77F0CD0A86.e.7152/click - {}
RESULT: {}
COMMAND: GET /session/555fcffa8aa83dd925f7bd1343d4074b/screenshot - {}
RESULT: {}
COMMAND: POST /session/555fcffa8aa83dd925f7bd1343d4074b/execute/async - {"script":"<script> [1562 bytes]","args":[{"selector":{"controlType":"sap.m.SearchField","properties":{"placeholder":"Search"},"searchOpenDialogs":true,"interaction":{"idSuffix":"I"}},"wdio_ui5_key":"sapm.SearchField{\"placeholder\":\"Search\"}"}]}
RESULT: {"script":"<script> [1562 bytes]","args":[{"selector":{"controlType":"sap.m.SearchField","properties":{"placeholder":"Search"},"searchOpenDialogs":true,"interaction":{"idSuffix":"I"}},"wdio_ui5_key":"sapm.SearchField{\"placeholder\":\"Search\"}"}]}
RESULT: undefined
COMMAND: POST /session/555fcffa8aa83dd925f7bd1343d4074b/execute/async - {"script":"<script> [776 bytes]","args":[{"enterText":"4000360","selector":{"controlType":"sap.m.SearchField","properties":{"placeholder":"Search"},"searchOpenDialogs":true,"interaction":{"idSuffix":"I"}},"clearTextFirst":true,"interactionType":"ENTER_TEXT"}]}
RESULT: {"script":"<script> [776 bytes]","args":[{"enterText":"4000360","selector":{"controlType":"sap.m.SearchField","properties":{"placeholder":"Search"},"searchOpenDialogs":true,"interaction":{"idSuffix":"I"}},"clearTextFirst":true,"interactionType":"ENTER_TEXT"}]}
COMMAND: POST /session/555fcffa8aa83dd925f7bd1343d4074b/actions - {"actions":[{"id":"action22","type":"key","parameters":{},"actions":[{"type":"keyDown","value":"î€‡"},{"type":"pause","duration":10},{"type":"keyUp","value":"î€‡"}]}]}
RESULT: {"actions":[{"id":"action22","type":"key","parameters":{},"actions":[{"type":"keyDown","value":"î€‡"},{"type":"pause","duration":10},{"type":"keyUp","value":"î€‡"}]}]}
COMMAND: GET /session/555fcffa8aa83dd925f7bd1343d4074b/screenshot - {}
RESULT: {}
COMMAND: POST /session/555fcffa8aa83dd925f7bd1343d4074b/element - {"using":"xpath","value":"//td/div/span[contains(text(), \"BGL Vehicles\")]"}
RESULT: {"using":"xpath","value":"//td/div/span[contains(text(), \"BGL Vehicles\")]"}
COMMAND: POST /session/555fcffa8aa83dd925f7bd1343d4074b/element/f.9C1E946C17B1C55FC69CCE7EB9D2133F.d.1856369A5B7719169DF7AD77F0CD0A86.e.7174/click - {}
RESULT: {}
COMMAND: GET /session/555fcffa8aa83dd925f7bd1343d4074b/screenshot - {}
RESULT: {}
COMMAND: POST /session/555fcffa8aa83dd925f7bd1343d4074b/element - {"using":"xpath","value":"//bdi[contains(text(), \"OK\")]"}
RESULT: {"using":"xpath","value":"//bdi[contains(text(), \"OK\")]"}
COMMAND: POST /session/555fcffa8aa83dd925f7bd1343d4074b/element/f.9C1E946C17B1C55FC69CCE7EB9D2133F.d.1856369A5B7719169DF7AD77F0CD0A86.e.7175/click - {}
RESULT: {}
COMMAND: GET /session/555fcffa8aa83dd925f7bd1343d4074b/screenshot - {}
RESULT: {}
COMMAND: POST /session/555fcffa8aa83dd925f7bd1343d4074b/element - {"using":"xpath","value":"//label[contains(@class, 'sapMLabelRequired') and .//bdi[contains(text(), 'Planned Retirement')]]"}
RESULT: {"using":"xpath","value":"//label[contains(@class, 'sapMLabelRequired') and .//bdi[contains(text(), 'Planned Retirement')]]"}
COMMAND: POST /session/555fcffa8aa83dd925f7bd1343d4074b/elements - {"using":"xpath","value":"//label[contains(@class, 'sapMLabelRequired') and .//bdi[contains(text(), 'Planned Retirement')]]"}
RESULT: {"using":"xpath","value":"//label[contains(@class, 'sapMLabelRequired') and .//bdi[contains(text(), 'Planned Retirement')]]"}
COMMAND: POST /session/555fcffa8aa83dd925f7bd1343d4074b/element - {"using":"xpath","value":"//button[@data-kt=\"resourceUnitSaveButton\"]"}
RESULT: {"using":"xpath","value":"//button[@data-kt=\"resourceUnitSaveButton\"]"}
COMMAND: POST /session/555fcffa8aa83dd925f7bd1343d4074b/element/f.9C1E946C17B1C55FC69CCE7EB9D2133F.d.1856369A5B7719169DF7AD77F0CD0A86.e.7070/click - {}
RESULT: {}
COMMAND: GET /session/555fcffa8aa83dd925f7bd1343d4074b/screenshot - {}
RESULT: {}
COMMAND: POST /session/555fcffa8aa83dd925f7bd1343d4074b/element - {"using":"xpath","value":"//bdi[contains(text(), \"Close\")]"}
RESULT: {"using":"xpath","value":"//bdi[contains(text(), \"Close\")]"}
COMMAND: POST /session/555fcffa8aa83dd925f7bd1343d4074b/element/f.9C1E946C17B1C55FC69CCE7EB9D2133F.d.1856369A5B7719169DF7AD77F0CD0A86.e.7181/click - {}
RESULT: {}
COMMAND: GET /session/555fcffa8aa83dd925f7bd1343d4074b/screenshot - {}
RESULT: {}
COMMAND: POST /session/555fcffa8aa83dd925f7bd1343d4074b/element - {"using":"xpath","value":"//header[contains(@id, 'detailRruPage-headerTitle')]/div[1]/div[2]/div[2]/span[1]"}
RESULT: {"using":"xpath","value":"//header[contains(@id, 'detailRruPage-headerTitle')]/div[1]/div[2]/div[2]/span[1]"}
COMMAND: POST /session/555fcffa8aa83dd925f7bd1343d4074b/elements - {"using":"xpath","value":"//header[contains(@id, 'detailRruPage-headerTitle')]/div[1]/div[2]/div[2]/span[1]"}
RESULT: {"using":"xpath","value":"//header[contains(@id, 'detailRruPage-headerTitle')]/div[1]/div[2]/div[2]/span[1]"}
COMMAND: POST /session/555fcffa8aa83dd925f7bd1343d4074b/execute/sync - {"script":"<script> [56 bytes]","args":[{"element-6066-11e4-a52e-4f735466cecf":"f.9C1E946C17B1C55FC69CCE7EB9D2133F.d.1856369A5B7719169DF7AD77F0CD0A86.e.7206","ELEMENT":"f.9C1E946C17B1C55FC69CCE7EB9D2133F.d.1856369A5B7719169DF7AD77F0CD0A86.e.7206"}]}
RESULT: {"script":"<script> [56 bytes]","args":[{"element-6066-11e4-a52e-4f735466cecf":"f.9C1E946C17B1C55FC69CCE7EB9D2133F.d.1856369A5B7719169DF7AD77F0CD0A86.e.7206","ELEMENT":"f.9C1E946C17B1C55FC69CCE7EB9D2133F.d.1856369A5B7719169DF7AD77F0CD0A86.e.7206"}]}
]]></system-out>
    </testcase>
    <testcase classname="chrome.135_0_7049_115.windows.US134625_Set_up_price_condition_-_one_time" name="Should create new pricing rule one time" time="69.067">
      <system-out><![CDATA[
COMMAND: GET /session/555fcffa8aa83dd925f7bd1343d4074b/screenshot - {}
COMMAND: POST /session/555fcffa8aa83dd925f7bd1343d4074b/element - {"using":"xpath","value":"(//button[contains(@id ,\"actionsToolbar-overflowButton\")])[1]"}
RESULT: {}
RESULT: {"using":"xpath","value":"(//button[contains(@id ,\"actionsToolbar-overflowButton\")])[1]"}
COMMAND: POST /session/555fcffa8aa83dd925f7bd1343d4074b/element/f.9C1E946C17B1C55FC69CCE7EB9D2133F.d.1856369A5B7719169DF7AD77F0CD0A86.e.7209/click - {}
RESULT: {}
COMMAND: GET /session/555fcffa8aa83dd925f7bd1343d4074b/screenshot - {}
RESULT: {}
COMMAND: POST /session/555fcffa8aa83dd925f7bd1343d4074b/element - {"using":"xpath","value":"//button[@data-kt=\"priceInfoButton\"]"}
RESULT: {"using":"xpath","value":"//button[@data-kt=\"priceInfoButton\"]"}
COMMAND: POST /session/555fcffa8aa83dd925f7bd1343d4074b/element/f.9C1E946C17B1C55FC69CCE7EB9D2133F.d.1856369A5B7719169DF7AD77F0CD0A86.e.7211/click - {}
RESULT: {}
COMMAND: GET /session/555fcffa8aa83dd925f7bd1343d4074b/screenshot - {}
RESULT: {}
COMMAND: POST /session/555fcffa8aa83dd925f7bd1343d4074b/element - {"using":"xpath","value":"//button[@data-kt=\"addButton\"]"}
RESULT: {"using":"xpath","value":"//button[@data-kt=\"addButton\"]"}
COMMAND: POST /session/555fcffa8aa83dd925f7bd1343d4074b/elements - {"using":"xpath","value":"//button[@data-kt=\"addButton\"]"}
RESULT: {"using":"xpath","value":"//button[@data-kt=\"addButton\"]"}
COMMAND: POST /session/555fcffa8aa83dd925f7bd1343d4074b/execute/sync - {"script":"<script> [8489 bytes]","args":[{"element-6066-11e4-a52e-4f735466cecf":"f.9C1E946C17B1C55FC69CCE7EB9D2133F.d.1856369A5B7719169DF7AD77F0CD0A86.e.7247","ELEMENT":"f.9C1E946C17B1C55FC69CCE7EB9D2133F.d.1856369A5B7719169DF7AD77F0CD0A86.e.7247"}]}
RESULT: {"script":"<script> [8489 bytes]","args":[{"element-6066-11e4-a52e-4f735466cecf":"f.9C1E946C17B1C55FC69CCE7EB9D2133F.d.1856369A5B7719169DF7AD77F0CD0A86.e.7247","ELEMENT":"f.9C1E946C17B1C55FC69CCE7EB9D2133F.d.1856369A5B7719169DF7AD77F0CD0A86.e.7247"}]}
COMMAND: GET /session/555fcffa8aa83dd925f7bd1343d4074b/element/f.9C1E946C17B1C55FC69CCE7EB9D2133F.d.1856369A5B7719169DF7AD77F0CD0A86.e.7247/enabled - {}
COMMAND: GET /session/555fcffa8aa83dd925f7bd1343d4074b/screenshot - {}
RESULT: {}
COMMAND: POST /session/555fcffa8aa83dd925f7bd1343d4074b/execute/sync - {"script":"<script> [8489 bytes]","args":[{"element-6066-11e4-a52e-4f735466cecf":"f.9C1E946C17B1C55FC69CCE7EB9D2133F.d.1856369A5B7719169DF7AD77F0CD0A86.e.7247","ELEMENT":"f.9C1E946C17B1C55FC69CCE7EB9D2133F.d.1856369A5B7719169DF7AD77F0CD0A86.e.7247"}]}
COMMAND: GET /session/555fcffa8aa83dd925f7bd1343d4074b/screenshot - {}
RESULT: {}
RESULT: {}
RESULT: {"script":"<script> [8489 bytes]","args":[{"element-6066-11e4-a52e-4f735466cecf":"f.9C1E946C17B1C55FC69CCE7EB9D2133F.d.1856369A5B7719169DF7AD77F0CD0A86.e.7247","ELEMENT":"f.9C1E946C17B1C55FC69CCE7EB9D2133F.d.1856369A5B7719169DF7AD77F0CD0A86.e.7247"}]}
COMMAND: POST /session/555fcffa8aa83dd925f7bd1343d4074b/execute/sync - {"script":"<script> [5351 bytes]","args":[{"element-6066-11e4-a52e-4f735466cecf":"f.9C1E946C17B1C55FC69CCE7EB9D2133F.d.1856369A5B7719169DF7AD77F0CD0A86.e.7247","ELEMENT":"f.9C1E946C17B1C55FC69CCE7EB9D2133F.d.1856369A5B7719169DF7AD77F0CD0A86.e.7247"}]}
COMMAND: GET /session/555fcffa8aa83dd925f7bd1343d4074b/screenshot - {}
RESULT: {"script":"<script> [5351 bytes]","args":[{"element-6066-11e4-a52e-4f735466cecf":"f.9C1E946C17B1C55FC69CCE7EB9D2133F.d.1856369A5B7719169DF7AD77F0CD0A86.e.7247","ELEMENT":"f.9C1E946C17B1C55FC69CCE7EB9D2133F.d.1856369A5B7719169DF7AD77F0CD0A86.e.7247"}]}
COMMAND: POST /session/555fcffa8aa83dd925f7bd1343d4074b/element/f.9C1E946C17B1C55FC69CCE7EB9D2133F.d.1856369A5B7719169DF7AD77F0CD0A86.e.7247/click - {}
COMMAND: GET /session/555fcffa8aa83dd925f7bd1343d4074b/screenshot - {}
RESULT: {}
RESULT: {}
COMMAND: GET /session/555fcffa8aa83dd925f7bd1343d4074b/screenshot - {}
RESULT: {}
RESULT: {}
COMMAND: POST /session/555fcffa8aa83dd925f7bd1343d4074b/execute/async - {"script":"<script> [1562 bytes]","args":[{"selector":{"controlType":"sap.m.Title","viewName":"etm.portal.ui.managepricingrules.view.NewItem","viewId":"application-managepricingrules-display-component---newInfoPriceItem","properties":{"text":"New Pricing Rules - Item Level"}},"wdio_ui5_key":"etmportal.ui.managepricingrules.view.NewItemsap.m.Title{\"text\":\"New Pricing Rules - Item Level\"}"}]}
RESULT: {"script":"<script> [1562 bytes]","args":[{"selector":{"controlType":"sap.m.Title","viewName":"etm.portal.ui.managepricingrules.view.NewItem","viewId":"application-managepricingrules-display-component---newInfoPriceItem","properties":{"text":"New Pricing Rules - Item Level"}},"wdio_ui5_key":"etmportal.ui.managepricingrules.view.NewItemsap.m.Title{\"text\":\"New Pricing Rules - Item Level\"}"}]}
RESULT: undefined
COMMAND: POST /session/555fcffa8aa83dd925f7bd1343d4074b/execute/async - {"script":"<script> [6424 bytes]","args":[{"element-6066-11e4-a52e-4f735466cecf":"f.9C1E946C17B1C55FC69CCE7EB9D2133F.d.1856369A5B7719169DF7AD77F0CD0A86.e.7418"},"getText",[]]}
RESULT: {"script":"<script> [6424 bytes]","args":[{"element-6066-11e4-a52e-4f735466cecf":"f.9C1E946C17B1C55FC69CCE7EB9D2133F.d.1856369A5B7719169DF7AD77F0CD0A86.e.7418"},"getText",[]]}
COMMAND: POST /session/555fcffa8aa83dd925f7bd1343d4074b/execute/async - {"script":"<script> [1562 bytes]","args":[{"selector":{"id":"application-managepricingrules-display-component---newInfoPriceItem--condValidTo","interaction":{"idSuffix":"inner"}},"wdio_ui5_key":"applicationmanagepricingrules-display-component---newInfoPriceItem--condValidTo"}]}
RESULT: {"script":"<script> [1562 bytes]","args":[{"selector":{"id":"application-managepricingrules-display-component---newInfoPriceItem--condValidTo","interaction":{"idSuffix":"inner"}},"wdio_ui5_key":"applicationmanagepricingrules-display-component---newInfoPriceItem--condValidTo"}]}
RESULT: undefined
COMMAND: POST /session/555fcffa8aa83dd925f7bd1343d4074b/execute/async - {"script":"<script> [776 bytes]","args":[{"enterText":"01/07/26","selector":{"id":"application-managepricingrules-display-component---newInfoPriceItem--condValidTo","interaction":{"idSuffix":"inner"}},"clearTextFirst":true,"interactionType":"ENTER_TEXT"}]}
RESULT: {"script":"<script> [776 bytes]","args":[{"enterText":"01/07/26","selector":{"id":"application-managepricingrules-display-component---newInfoPriceItem--condValidTo","interaction":{"idSuffix":"inner"}},"clearTextFirst":true,"interactionType":"ENTER_TEXT"}]}
COMMAND: POST /session/555fcffa8aa83dd925f7bd1343d4074b/execute/async - {"script":"<script> [1562 bytes]","args":[{"selector":{"id":"application-managepricingrules-display-component---newInfoPriceItem--billType-arrow"},"wdio_ui5_key":"applicationmanagepricingrules-display-component---newInfoPriceItem--billType-arrow"}]}
RESULT: {"script":"<script> [1562 bytes]","args":[{"selector":{"id":"application-managepricingrules-display-component---newInfoPriceItem--billType-arrow"},"wdio_ui5_key":"applicationmanagepricingrules-display-component---newInfoPriceItem--billType-arrow"}]}
RESULT: undefined
COMMAND: POST /session/555fcffa8aa83dd925f7bd1343d4074b/element - {"using":"xpath","value":"//*[@id=\"application-managepricingrules-display-component---newInfoPriceItem--billType-arrow\"]"}
RESULT: {"using":"xpath","value":"//*[@id=\"application-managepricingrules-display-component---newInfoPriceItem--billType-arrow\"]"}
COMMAND: POST /session/555fcffa8aa83dd925f7bd1343d4074b/element/f.9C1E946C17B1C55FC69CCE7EB9D2133F.d.1856369A5B7719169DF7AD77F0CD0A86.e.7378/click - {}
RESULT: {}
COMMAND: POST /session/555fcffa8aa83dd925f7bd1343d4074b/element - {"using":"xpath","value":"//span[contains(text(), \"OT - Sales (one-time)\")]"}
COMMAND: GET /session/555fcffa8aa83dd925f7bd1343d4074b/screenshot - {}
RESULT: {"using":"xpath","value":"//span[contains(text(), \"OT - Sales (one-time)\")]"}
COMMAND: POST /session/555fcffa8aa83dd925f7bd1343d4074b/element/f.9C1E946C17B1C55FC69CCE7EB9D2133F.d.1856369A5B7719169DF7AD77F0CD0A86.e.7420/click - {}
RESULT: {}
RESULT: {}
COMMAND: POST /session/555fcffa8aa83dd925f7bd1343d4074b/execute/async - {"script":"<script> [1562 bytes]","args":[{"selector":{"id":"application-managepricingrules-display-component---newInfoPriceItem--priceProc-arrow"},"wdio_ui5_key":"applicationmanagepricingrules-display-component---newInfoPriceItem--priceProc-arrow"}]}
COMMAND: GET /session/555fcffa8aa83dd925f7bd1343d4074b/screenshot - {}
RESULT: {"script":"<script> [1562 bytes]","args":[{"selector":{"id":"application-managepricingrules-display-component---newInfoPriceItem--priceProc-arrow"},"wdio_ui5_key":"applicationmanagepricingrules-display-component---newInfoPriceItem--priceProc-arrow"}]}
RESULT: undefined
COMMAND: POST /session/555fcffa8aa83dd925f7bd1343d4074b/element - {"using":"xpath","value":"//*[@id=\"application-managepricingrules-display-component---newInfoPriceItem--priceProc-arrow\"]"}
RESULT: {}
RESULT: {"using":"xpath","value":"//*[@id=\"application-managepricingrules-display-component---newInfoPriceItem--priceProc-arrow\"]"}
COMMAND: POST /session/555fcffa8aa83dd925f7bd1343d4074b/element/f.9C1E946C17B1C55FC69CCE7EB9D2133F.d.1856369A5B7719169DF7AD77F0CD0A86.e.7385/click - {}
RESULT: {}
COMMAND: POST /session/555fcffa8aa83dd925f7bd1343d4074b/element - {"using":"xpath","value":"//span[contains(text(), \"MAT - Material\")]"}
COMMAND: GET /session/555fcffa8aa83dd925f7bd1343d4074b/screenshot - {}
RESULT: {"using":"xpath","value":"//span[contains(text(), \"MAT - Material\")]"}
COMMAND: POST /session/555fcffa8aa83dd925f7bd1343d4074b/element/f.9C1E946C17B1C55FC69CCE7EB9D2133F.d.1856369A5B7719169DF7AD77F0CD0A86.e.7421/click - {}
RESULT: {}
RESULT: {}
COMMAND: POST /session/555fcffa8aa83dd925f7bd1343d4074b/execute/async - {"script":"<script> [1562 bytes]","args":[{"selector":{"id":"application-managepricingrules-display-component---newInfoPriceItem--calcBase-arrow"},"wdio_ui5_key":"applicationmanagepricingrules-display-component---newInfoPriceItem--calcBase-arrow"}]}
COMMAND: GET /session/555fcffa8aa83dd925f7bd1343d4074b/screenshot - {}
RESULT: {"script":"<script> [1562 bytes]","args":[{"selector":{"id":"application-managepricingrules-display-component---newInfoPriceItem--calcBase-arrow"},"wdio_ui5_key":"applicationmanagepricingrules-display-component---newInfoPriceItem--calcBase-arrow"}]}
RESULT: undefined
COMMAND: POST /session/555fcffa8aa83dd925f7bd1343d4074b/element - {"using":"xpath","value":"//*[@id=\"application-managepricingrules-display-component---newInfoPriceItem--calcBase-arrow\"]"}
RESULT: {}
RESULT: {"using":"xpath","value":"//*[@id=\"application-managepricingrules-display-component---newInfoPriceItem--calcBase-arrow\"]"}
COMMAND: POST /session/555fcffa8aa83dd925f7bd1343d4074b/element/f.9C1E946C17B1C55FC69CCE7EB9D2133F.d.1856369A5B7719169DF7AD77F0CD0A86.e.7392/click - {}
RESULT: {}
COMMAND: GET /session/555fcffa8aa83dd925f7bd1343d4074b/screenshot - {}
RESULT: {}
COMMAND: POST /session/555fcffa8aa83dd925f7bd1343d4074b/element - {"using":"xpath","value":"//span[contains(text(), \"0001 - TB(exact month + cal_days)\")]"}
RESULT: {"using":"xpath","value":"//span[contains(text(), \"0001 - TB(exact month + cal_days)\")]"}
COMMAND: POST /session/555fcffa8aa83dd925f7bd1343d4074b/element/f.9C1E946C17B1C55FC69CCE7EB9D2133F.d.1856369A5B7719169DF7AD77F0CD0A86.e.7422/click - {}
RESULT: {}
COMMAND: GET /session/555fcffa8aa83dd925f7bd1343d4074b/screenshot - {}
RESULT: {}
COMMAND: POST /session/555fcffa8aa83dd925f7bd1343d4074b/element - {"using":"xpath","value":"//button[@data-kt=\"saveNewRuleButton\"]"}
RESULT: {"using":"xpath","value":"//button[@data-kt=\"saveNewRuleButton\"]"}
COMMAND: POST /session/555fcffa8aa83dd925f7bd1343d4074b/element/f.9C1E946C17B1C55FC69CCE7EB9D2133F.d.1856369A5B7719169DF7AD77F0CD0A86.e.7412/click - {}
RESULT: {}
COMMAND: GET /session/555fcffa8aa83dd925f7bd1343d4074b/screenshot - {}
RESULT: {}
COMMAND: POST /session/555fcffa8aa83dd925f7bd1343d4074b/execute/async - {"script":"<script> [1562 bytes]","args":[{"selector":{"id":"application-managepricingrules-display-component---priceInfoItem--smartFilterBar-btnBasicSearch","interaction":{"idSuffix":"I"}},"wdio_ui5_key":"applicationmanagepricingrules-display-component---priceInfoItem--smartFilterBar-btnBasicSearch"}]}
RESULT: {"script":"<script> [1562 bytes]","args":[{"selector":{"id":"application-managepricingrules-display-component---priceInfoItem--smartFilterBar-btnBasicSearch","interaction":{"idSuffix":"I"}},"wdio_ui5_key":"applicationmanagepricingrules-display-component---priceInfoItem--smartFilterBar-btnBasicSearch"}]}
RESULT: undefined
COMMAND: POST /session/555fcffa8aa83dd925f7bd1343d4074b/execute/async - {"script":"<script> [776 bytes]","args":[{"enterText":"200370","selector":{"id":"application-managepricingrules-display-component---priceInfoItem--smartFilterBar-btnBasicSearch","interaction":{"idSuffix":"I"}},"clearTextFirst":true,"interactionType":"ENTER_TEXT"}]}
RESULT: {"script":"<script> [776 bytes]","args":[{"enterText":"200370","selector":{"id":"application-managepricingrules-display-component---priceInfoItem--smartFilterBar-btnBasicSearch","interaction":{"idSuffix":"I"}},"clearTextFirst":true,"interactionType":"ENTER_TEXT"}]}
COMMAND: POST /session/555fcffa8aa83dd925f7bd1343d4074b/actions - {"actions":[{"id":"action23","type":"key","parameters":{},"actions":[{"type":"keyDown","value":"î€‡"},{"type":"pause","duration":10},{"type":"keyUp","value":"î€‡"}]}]}
RESULT: {"actions":[{"id":"action23","type":"key","parameters":{},"actions":[{"type":"keyDown","value":"î€‡"},{"type":"pause","duration":10},{"type":"keyUp","value":"î€‡"}]}]}
COMMAND: GET /session/555fcffa8aa83dd925f7bd1343d4074b/screenshot - {}
RESULT: {}
COMMAND: POST /session/555fcffa8aa83dd925f7bd1343d4074b/element - {"using":"xpath","value":"//span[@id=\"application-managepricingrules-display-component---priceInfoItem--smartTable-header-inner\"]"}
RESULT: {"using":"xpath","value":"//span[@id=\"application-managepricingrules-display-component---priceInfoItem--smartTable-header-inner\"]"}
COMMAND: POST /session/555fcffa8aa83dd925f7bd1343d4074b/elements - {"using":"xpath","value":"//span[@id=\"application-managepricingrules-display-component---priceInfoItem--smartTable-header-inner\"]"}
RESULT: {"using":"xpath","value":"//span[@id=\"application-managepricingrules-display-component---priceInfoItem--smartTable-header-inner\"]"}
COMMAND: POST /session/555fcffa8aa83dd925f7bd1343d4074b/execute/sync - {"script":"<script> [56 bytes]","args":[{"element-6066-11e4-a52e-4f735466cecf":"f.9C1E946C17B1C55FC69CCE7EB9D2133F.d.1856369A5B7719169DF7AD77F0CD0A86.e.7446","ELEMENT":"f.9C1E946C17B1C55FC69CCE7EB9D2133F.d.1856369A5B7719169DF7AD77F0CD0A86.e.7446"}]}
RESULT: {"script":"<script> [56 bytes]","args":[{"element-6066-11e4-a52e-4f735466cecf":"f.9C1E946C17B1C55FC69CCE7EB9D2133F.d.1856369A5B7719169DF7AD77F0CD0A86.e.7446","ELEMENT":"f.9C1E946C17B1C55FC69CCE7EB9D2133F.d.1856369A5B7719169DF7AD77F0CD0A86.e.7446"}]}
COMMAND: POST /session/555fcffa8aa83dd925f7bd1343d4074b/element - {"using":"css selector","value":"#shell-header-logo"}
COMMAND: GET /session/555fcffa8aa83dd925f7bd1343d4074b/screenshot - {}
RESULT: {"using":"css selector","value":"#shell-header-logo"}
COMMAND: POST /session/555fcffa8aa83dd925f7bd1343d4074b/element/f.9C1E946C17B1C55FC69CCE7EB9D2133F.d.1856369A5B7719169DF7AD77F0CD0A86.e.6662/click - {}
RESULT: {}
RESULT: {}
COMMAND: GET /session/555fcffa8aa83dd925f7bd1343d4074b/screenshot - {}
RESULT: {}
]]></system-out>
    </testcase>
    <testcase classname="chrome.135_0_7049_115.windows.US134625_Set_up_price_condition_-_one_time" name="Should create new condition one time" time="70.818">
      <system-out><![CDATA[
COMMAND: POST /session/555fcffa8aa83dd925f7bd1343d4074b/execute/async - {"script":"<script> [1562 bytes]","args":[{"selector":{"controlType":"sap.m.Text","properties":{"text":"Manage Conditions & Prices"},"interaction":{"idSuffix":"inner"}},"wdio_ui5_key":"sapm.Text{\"text\":\"Manage Conditions & Prices\"}"}]}
RESULT: {"script":"<script> [1562 bytes]","args":[{"selector":{"controlType":"sap.m.Text","properties":{"text":"Manage Conditions & Prices"},"interaction":{"idSuffix":"inner"}},"wdio_ui5_key":"sapm.Text{\"text\":\"Manage Conditions & Prices\"}"}]}
RESULT: undefined
COMMAND: POST /session/555fcffa8aa83dd925f7bd1343d4074b/element - {"using":"xpath","value":"//*[@id=\"__tile53-title\"]"}
RESULT: {"using":"xpath","value":"//*[@id=\"__tile53-title\"]"}
COMMAND: POST /session/555fcffa8aa83dd925f7bd1343d4074b/element/f.9C1E946C17B1C55FC69CCE7EB9D2133F.d.1856369A5B7719169DF7AD77F0CD0A86.e.7449/click - {}
RESULT: {}
COMMAND: POST /session/555fcffa8aa83dd925f7bd1343d4074b/element - {"using":"xpath","value":"//button[@aria-label=\"Create\"]"}
COMMAND: GET /session/555fcffa8aa83dd925f7bd1343d4074b/screenshot - {}
RESULT: {"using":"xpath","value":"//button[@aria-label=\"Create\"]"}
COMMAND: POST /session/555fcffa8aa83dd925f7bd1343d4074b/elements - {"using":"xpath","value":"//button[@aria-label=\"Create\"]"}
RESULT: {}
RESULT: {"using":"xpath","value":"//button[@aria-label=\"Create\"]"}
COMMAND: POST /session/555fcffa8aa83dd925f7bd1343d4074b/element - {"using":"xpath","value":"//button[@aria-label=\"Create\"]"}
RESULT: {"using":"xpath","value":"//button[@aria-label=\"Create\"]"}
COMMAND: POST /session/555fcffa8aa83dd925f7bd1343d4074b/execute/sync - {"script":"<script> [8489 bytes]","args":[{"element-6066-11e4-a52e-4f735466cecf":"f.9C1E946C17B1C55FC69CCE7EB9D2133F.d.1856369A5B7719169DF7AD77F0CD0A86.e.7484","ELEMENT":"f.9C1E946C17B1C55FC69CCE7EB9D2133F.d.1856369A5B7719169DF7AD77F0CD0A86.e.7484"}]}
RESULT: {"script":"<script> [8489 bytes]","args":[{"element-6066-11e4-a52e-4f735466cecf":"f.9C1E946C17B1C55FC69CCE7EB9D2133F.d.1856369A5B7719169DF7AD77F0CD0A86.e.7484","ELEMENT":"f.9C1E946C17B1C55FC69CCE7EB9D2133F.d.1856369A5B7719169DF7AD77F0CD0A86.e.7484"}]}
COMMAND: GET /session/555fcffa8aa83dd925f7bd1343d4074b/element/f.9C1E946C17B1C55FC69CCE7EB9D2133F.d.1856369A5B7719169DF7AD77F0CD0A86.e.7484/enabled - {}
COMMAND: GET /session/555fcffa8aa83dd925f7bd1343d4074b/screenshot - {}
RESULT: {}
COMMAND: POST /session/555fcffa8aa83dd925f7bd1343d4074b/execute/sync - {"script":"<script> [8489 bytes]","args":[{"element-6066-11e4-a52e-4f735466cecf":"f.9C1E946C17B1C55FC69CCE7EB9D2133F.d.1856369A5B7719169DF7AD77F0CD0A86.e.7484","ELEMENT":"f.9C1E946C17B1C55FC69CCE7EB9D2133F.d.1856369A5B7719169DF7AD77F0CD0A86.e.7484"}]}
COMMAND: GET /session/555fcffa8aa83dd925f7bd1343d4074b/screenshot - {}
RESULT: {}
RESULT: {"script":"<script> [8489 bytes]","args":[{"element-6066-11e4-a52e-4f735466cecf":"f.9C1E946C17B1C55FC69CCE7EB9D2133F.d.1856369A5B7719169DF7AD77F0CD0A86.e.7484","ELEMENT":"f.9C1E946C17B1C55FC69CCE7EB9D2133F.d.1856369A5B7719169DF7AD77F0CD0A86.e.7484"}]}
COMMAND: POST /session/555fcffa8aa83dd925f7bd1343d4074b/execute/sync - {"script":"<script> [5351 bytes]","args":[{"element-6066-11e4-a52e-4f735466cecf":"f.9C1E946C17B1C55FC69CCE7EB9D2133F.d.1856369A5B7719169DF7AD77F0CD0A86.e.7484","ELEMENT":"f.9C1E946C17B1C55FC69CCE7EB9D2133F.d.1856369A5B7719169DF7AD77F0CD0A86.e.7484"}]}
COMMAND: GET /session/555fcffa8aa83dd925f7bd1343d4074b/screenshot - {}
RESULT: {}
RESULT: {"script":"<script> [5351 bytes]","args":[{"element-6066-11e4-a52e-4f735466cecf":"f.9C1E946C17B1C55FC69CCE7EB9D2133F.d.1856369A5B7719169DF7AD77F0CD0A86.e.7484","ELEMENT":"f.9C1E946C17B1C55FC69CCE7EB9D2133F.d.1856369A5B7719169DF7AD77F0CD0A86.e.7484"}]}
COMMAND: POST /session/555fcffa8aa83dd925f7bd1343d4074b/element/f.9C1E946C17B1C55FC69CCE7EB9D2133F.d.1856369A5B7719169DF7AD77F0CD0A86.e.7484/click - {}
COMMAND: GET /session/555fcffa8aa83dd925f7bd1343d4074b/screenshot - {}
RESULT: {}
RESULT: {}
COMMAND: GET /session/555fcffa8aa83dd925f7bd1343d4074b/screenshot - {}
RESULT: {}
RESULT: {}
COMMAND: POST /session/555fcffa8aa83dd925f7bd1343d4074b/actions - {"actions":[{"id":"action24","type":"key","parameters":{},"actions":[{"type":"keyDown","value":"î€‡"},{"type":"pause","duration":10},{"type":"keyUp","value":"î€‡"}]}]}
RESULT: {"actions":[{"id":"action24","type":"key","parameters":{},"actions":[{"type":"keyDown","value":"î€‡"},{"type":"pause","duration":10},{"type":"keyUp","value":"î€‡"}]}]}
COMMAND: GET /session/555fcffa8aa83dd925f7bd1343d4074b/screenshot - {}
RESULT: {}
COMMAND: POST /session/555fcffa8aa83dd925f7bd1343d4074b/execute/async - {"script":"<script> [1562 bytes]","args":[{"selector":{"id":"application-manageconditionprice-display-component---newCondition--condBillCond-arrow"},"wdio_ui5_key":"applicationmanageconditionprice-display-component---newCondition--condBillCond-arrow"}]}
RESULT: {"script":"<script> [1562 bytes]","args":[{"selector":{"id":"application-manageconditionprice-display-component---newCondition--condBillCond-arrow"},"wdio_ui5_key":"applicationmanageconditionprice-display-component---newCondition--condBillCond-arrow"}]}
RESULT: undefined
COMMAND: POST /session/555fcffa8aa83dd925f7bd1343d4074b/element - {"using":"xpath","value":"//*[@id=\"application-manageconditionprice-display-component---newCondition--condBillCond-arrow\"]"}
RESULT: {"using":"xpath","value":"//*[@id=\"application-manageconditionprice-display-component---newCondition--condBillCond-arrow\"]"}
COMMAND: POST /session/555fcffa8aa83dd925f7bd1343d4074b/element/f.9C1E946C17B1C55FC69CCE7EB9D2133F.d.1856369A5B7719169DF7AD77F0CD0A86.e.7668/click - {}
RESULT: {}
COMMAND: GET /session/555fcffa8aa83dd925f7bd1343d4074b/screenshot - {}
RESULT: {}
COMMAND: POST /session/555fcffa8aa83dd925f7bd1343d4074b/element - {"using":"xpath","value":"//li[.//span[contains(text(), \"SAPR - Sales price\")]]"}
RESULT: {"using":"xpath","value":"//li[.//span[contains(text(), \"SAPR - Sales price\")]]"}
COMMAND: POST /session/555fcffa8aa83dd925f7bd1343d4074b/element/f.9C1E946C17B1C55FC69CCE7EB9D2133F.d.1856369A5B7719169DF7AD77F0CD0A86.e.7671/click - {}
RESULT: {}
COMMAND: GET /session/555fcffa8aa83dd925f7bd1343d4074b/screenshot - {}
RESULT: {}
COMMAND: POST /session/555fcffa8aa83dd925f7bd1343d4074b/execute/async - {"script":"<script> [1562 bytes]","args":[{"selector":{"id":"application-manageconditionprice-display-component---newCondition--condValidTo","interaction":{"idSuffix":"inner"}},"wdio_ui5_key":"applicationmanageconditionprice-display-component---newCondition--condValidTo"}]}
RESULT: {"script":"<script> [1562 bytes]","args":[{"selector":{"id":"application-manageconditionprice-display-component---newCondition--condValidTo","interaction":{"idSuffix":"inner"}},"wdio_ui5_key":"applicationmanageconditionprice-display-component---newCondition--condValidTo"}]}
RESULT: undefined
COMMAND: POST /session/555fcffa8aa83dd925f7bd1343d4074b/execute/async - {"script":"<script> [776 bytes]","args":[{"enterText":"01/07/26","selector":{"id":"application-manageconditionprice-display-component---newCondition--condValidTo","interaction":{"idSuffix":"inner"}},"clearTextFirst":true,"interactionType":"ENTER_TEXT"}]}
RESULT: {"script":"<script> [776 bytes]","args":[{"enterText":"01/07/26","selector":{"id":"application-manageconditionprice-display-component---newCondition--condValidTo","interaction":{"idSuffix":"inner"}},"clearTextFirst":true,"interactionType":"ENTER_TEXT"}]}
COMMAND: POST /session/555fcffa8aa83dd925f7bd1343d4074b/element - {"using":"xpath","value":"//input[@id=\"application-manageconditionprice-display-component---newCondition--condRU-inner\"]"}
RESULT: {"using":"xpath","value":"//input[@id=\"application-manageconditionprice-display-component---newCondition--condRU-inner\"]"}
COMMAND: POST /session/555fcffa8aa83dd925f7bd1343d4074b/element/f.9C1E946C17B1C55FC69CCE7EB9D2133F.d.1856369A5B7719169DF7AD77F0CD0A86.e.7500/clear - {}
RESULT: {}
COMMAND: POST /session/555fcffa8aa83dd925f7bd1343d4074b/element/f.9C1E946C17B1C55FC69CCE7EB9D2133F.d.1856369A5B7719169DF7AD77F0CD0A86.e.7500/value - {"text":"200370"}
COMMAND: GET /session/555fcffa8aa83dd925f7bd1343d4074b/screenshot - {}
RESULT: {"text":"200370"}
COMMAND: GET /session/555fcffa8aa83dd925f7bd1343d4074b/screenshot - {}
RESULT: {}
RESULT: {}
COMMAND: POST /session/555fcffa8aa83dd925f7bd1343d4074b/actions - {"actions":[{"id":"action25","type":"key","parameters":{},"actions":[{"type":"keyDown","value":"î€‡"},{"type":"pause","duration":10},{"type":"keyUp","value":"î€‡"}]}]}
RESULT: {"actions":[{"id":"action25","type":"key","parameters":{},"actions":[{"type":"keyDown","value":"î€‡"},{"type":"pause","duration":10},{"type":"keyUp","value":"î€‡"}]}]}
COMMAND: POST /session/555fcffa8aa83dd925f7bd1343d4074b/execute/async - {"script":"<script> [1562 bytes]","args":[{"selector":{"id":"application-manageconditionprice-display-component---newCondition--condBaseQty","interaction":{"idSuffix":"inner"}},"wdio_ui5_key":"applicationmanageconditionprice-display-component---newCondition--condBaseQty"}]}
COMMAND: GET /session/555fcffa8aa83dd925f7bd1343d4074b/screenshot - {}
RESULT: {"script":"<script> [1562 bytes]","args":[{"selector":{"id":"application-manageconditionprice-display-component---newCondition--condBaseQty","interaction":{"idSuffix":"inner"}},"wdio_ui5_key":"applicationmanageconditionprice-display-component---newCondition--condBaseQty"}]}
RESULT: undefined
COMMAND: POST /session/555fcffa8aa83dd925f7bd1343d4074b/execute/async - {"script":"<script> [776 bytes]","args":[{"enterText":"1","selector":{"id":"application-manageconditionprice-display-component---newCondition--condBaseQty","interaction":{"idSuffix":"inner"}},"clearTextFirst":true,"interactionType":"ENTER_TEXT"}]}
RESULT: {}
RESULT: {"script":"<script> [776 bytes]","args":[{"enterText":"1","selector":{"id":"application-manageconditionprice-display-component---newCondition--condBaseQty","interaction":{"idSuffix":"inner"}},"clearTextFirst":true,"interactionType":"ENTER_TEXT"}]}
COMMAND: POST /session/555fcffa8aa83dd925f7bd1343d4074b/execute/async - {"script":"<script> [1562 bytes]","args":[{"selector":{"id":"application-manageconditionprice-display-component---newCondition--condValue","interaction":{"idSuffix":"inner"}},"wdio_ui5_key":"applicationmanageconditionprice-display-component---newCondition--condValue"}]}
RESULT: {"script":"<script> [1562 bytes]","args":[{"selector":{"id":"application-manageconditionprice-display-component---newCondition--condValue","interaction":{"idSuffix":"inner"}},"wdio_ui5_key":"applicationmanageconditionprice-display-component---newCondition--condValue"}]}
RESULT: undefined
COMMAND: POST /session/555fcffa8aa83dd925f7bd1343d4074b/execute/async - {"script":"<script> [776 bytes]","args":[{"enterText":"100.00","selector":{"id":"application-manageconditionprice-display-component---newCondition--condValue","interaction":{"idSuffix":"inner"}},"clearTextFirst":true,"interactionType":"ENTER_TEXT"}]}
RESULT: {"script":"<script> [776 bytes]","args":[{"enterText":"100.00","selector":{"id":"application-manageconditionprice-display-component---newCondition--condValue","interaction":{"idSuffix":"inner"}},"clearTextFirst":true,"interactionType":"ENTER_TEXT"}]}
COMMAND: POST /session/555fcffa8aa83dd925f7bd1343d4074b/execute/async - {"script":"<script> [1562 bytes]","args":[{"selector":{"id":"application-manageconditionprice-display-component---newCondition--condCurr-arrow"},"wdio_ui5_key":"applicationmanageconditionprice-display-component---newCondition--condCurr-arrow"}]}
RESULT: {"script":"<script> [1562 bytes]","args":[{"selector":{"id":"application-manageconditionprice-display-component---newCondition--condCurr-arrow"},"wdio_ui5_key":"applicationmanageconditionprice-display-component---newCondition--condCurr-arrow"}]}
RESULT: undefined
COMMAND: POST /session/555fcffa8aa83dd925f7bd1343d4074b/element - {"using":"xpath","value":"//*[@id=\"application-manageconditionprice-display-component---newCondition--condCurr-arrow\"]"}
RESULT: {"using":"xpath","value":"//*[@id=\"application-manageconditionprice-display-component---newCondition--condCurr-arrow\"]"}
COMMAND: POST /session/555fcffa8aa83dd925f7bd1343d4074b/element/f.9C1E946C17B1C55FC69CCE7EB9D2133F.d.1856369A5B7719169DF7AD77F0CD0A86.e.7647/click - {}
RESULT: {}
COMMAND: POST /session/555fcffa8aa83dd925f7bd1343d4074b/element - {"using":"xpath","value":"//span[contains(text(), \"Euro\")]"}
COMMAND: GET /session/555fcffa8aa83dd925f7bd1343d4074b/screenshot - {}
RESULT: {"using":"xpath","value":"//span[contains(text(), \"Euro\")]"}
COMMAND: POST /session/555fcffa8aa83dd925f7bd1343d4074b/element/f.9C1E946C17B1C55FC69CCE7EB9D2133F.d.1856369A5B7719169DF7AD77F0CD0A86.e.7711/click - {}
RESULT: {}
RESULT: {}
COMMAND: POST /session/555fcffa8aa83dd925f7bd1343d4074b/element - {"using":"xpath","value":"//button[@data-kt=\"saveButton\"]"}
COMMAND: GET /session/555fcffa8aa83dd925f7bd1343d4074b/screenshot - {}
RESULT: {"using":"xpath","value":"//button[@data-kt=\"saveButton\"]"}
COMMAND: POST /session/555fcffa8aa83dd925f7bd1343d4074b/element/f.9C1E946C17B1C55FC69CCE7EB9D2133F.d.1856369A5B7719169DF7AD77F0CD0A86.e.7648/click - {}
RESULT: {}
RESULT: {}
COMMAND: GET /session/555fcffa8aa83dd925f7bd1343d4074b/screenshot - {}
RESULT: {}
COMMAND: POST /session/555fcffa8aa83dd925f7bd1343d4074b/execute/async - {"script":"<script> [1562 bytes]","args":[{"selector":{"id":"application-manageconditionprice-display-component---conditions--smartFilterBar-btnBasicSearch","interaction":{"idSuffix":"I"}},"wdio_ui5_key":"applicationmanageconditionprice-display-component---conditions--smartFilterBar-btnBasicSearch"}]}
RESULT: {"script":"<script> [1562 bytes]","args":[{"selector":{"id":"application-manageconditionprice-display-component---conditions--smartFilterBar-btnBasicSearch","interaction":{"idSuffix":"I"}},"wdio_ui5_key":"applicationmanageconditionprice-display-component---conditions--smartFilterBar-btnBasicSearch"}]}
RESULT: undefined
COMMAND: POST /session/555fcffa8aa83dd925f7bd1343d4074b/execute/async - {"script":"<script> [776 bytes]","args":[{"enterText":"200370","selector":{"id":"application-manageconditionprice-display-component---conditions--smartFilterBar-btnBasicSearch","interaction":{"idSuffix":"I"}},"clearTextFirst":true,"interactionType":"ENTER_TEXT"}]}
RESULT: {"script":"<script> [776 bytes]","args":[{"enterText":"200370","selector":{"id":"application-manageconditionprice-display-component---conditions--smartFilterBar-btnBasicSearch","interaction":{"idSuffix":"I"}},"clearTextFirst":true,"interactionType":"ENTER_TEXT"}]}
COMMAND: POST /session/555fcffa8aa83dd925f7bd1343d4074b/actions - {"actions":[{"id":"action26","type":"key","parameters":{},"actions":[{"type":"keyDown","value":"î€‡"},{"type":"pause","duration":10},{"type":"keyUp","value":"î€‡"}]}]}
RESULT: {"actions":[{"id":"action26","type":"key","parameters":{},"actions":[{"type":"keyDown","value":"î€‡"},{"type":"pause","duration":10},{"type":"keyUp","value":"î€‡"}]}]}
COMMAND: GET /session/555fcffa8aa83dd925f7bd1343d4074b/screenshot - {}
RESULT: {}
COMMAND: POST /session/555fcffa8aa83dd925f7bd1343d4074b/execute/async - {"script":"<script> [1562 bytes]","args":[{"selector":{"id":"application-manageconditionprice-display-component---conditions--smartFilterBar-filterItemControl_BASIC-BILL_TYPES-vhi"},"wdio_ui5_key":"applicationmanageconditionprice-display-component---conditions--smartFilterBar-filterItemControl_BASIC-BILL_TYPES-vhi"}]}
RESULT: {"script":"<script> [1562 bytes]","args":[{"selector":{"id":"application-manageconditionprice-display-component---conditions--smartFilterBar-filterItemControl_BASIC-BILL_TYPES-vhi"},"wdio_ui5_key":"applicationmanageconditionprice-display-component---conditions--smartFilterBar-filterItemControl_BASIC-BILL_TYPES-vhi"}]}
RESULT: undefined
COMMAND: POST /session/555fcffa8aa83dd925f7bd1343d4074b/element - {"using":"xpath","value":"//*[@id=\"application-manageconditionprice-display-component---conditions--smartFilterBar-filterItemControl_BASIC-BILL_TYPES-vhi\"]"}
RESULT: {"using":"xpath","value":"//*[@id=\"application-manageconditionprice-display-component---conditions--smartFilterBar-filterItemControl_BASIC-BILL_TYPES-vhi\"]"}
COMMAND: POST /session/555fcffa8aa83dd925f7bd1343d4074b/element/f.9C1E946C17B1C55FC69CCE7EB9D2133F.d.1856369A5B7719169DF7AD77F0CD0A86.e.7817/click - {}
RESULT: {}
COMMAND: POST /session/555fcffa8aa83dd925f7bd1343d4074b/execute/async - {"script":"<script> [1562 bytes]","args":[{"selector":{"id":"application-manageconditionprice-display-component---conditions--smartFilterBar-filterItemControl_BASIC-BILL_TYPES-valueHelpDialog-smartFilterBar-btnBasicSearch","searchOpenDialogs":true,"interaction":{"idSuffix":"I"}},"wdio_ui5_key":"applicationmanageconditionprice-display-component---conditions--smartFilterBar-filterItemControl_BASIC-BILL_TYPES-valueHelpDialog-smartFilterBar-btnBasicSearch"}]}
COMMAND: GET /session/555fcffa8aa83dd925f7bd1343d4074b/screenshot - {}
RESULT: {"script":"<script> [1562 bytes]","args":[{"selector":{"id":"application-manageconditionprice-display-component---conditions--smartFilterBar-filterItemControl_BASIC-BILL_TYPES-valueHelpDialog-smartFilterBar-btnBasicSearch","searchOpenDialogs":true,"interaction":{"idSuffix":"I"}},"wdio_ui5_key":"applicationmanageconditionprice-display-component---conditions--smartFilterBar-filterItemControl_BASIC-BILL_TYPES-valueHelpDialog-smartFilterBar-btnBasicSearch"}]}
RESULT: undefined
COMMAND: POST /session/555fcffa8aa83dd925f7bd1343d4074b/execute/async - {"script":"<script> [776 bytes]","args":[{"enterText":"one","selector":{"id":"application-manageconditionprice-display-component---conditions--smartFilterBar-filterItemControl_BASIC-BILL_TYPES-valueHelpDialog-smartFilterBar-btnBasicSearch","searchOpenDialogs":true,"interaction":{"idSuffix":"I"}},"clearTextFirst":true,"interactionType":"ENTER_TEXT"}]}
RESULT: {}
RESULT: {"script":"<script> [776 bytes]","args":[{"enterText":"one","selector":{"id":"application-manageconditionprice-display-component---conditions--smartFilterBar-filterItemControl_BASIC-BILL_TYPES-valueHelpDialog-smartFilterBar-btnBasicSearch","searchOpenDialogs":true,"interaction":{"idSuffix":"I"}},"clearTextFirst":true,"interactionType":"ENTER_TEXT"}]}
COMMAND: POST /session/555fcffa8aa83dd925f7bd1343d4074b/actions - {"actions":[{"id":"action27","type":"key","parameters":{},"actions":[{"type":"keyDown","value":"î€‡"},{"type":"pause","duration":10},{"type":"keyUp","value":"î€‡"}]}]}
RESULT: {"actions":[{"id":"action27","type":"key","parameters":{},"actions":[{"type":"keyDown","value":"î€‡"},{"type":"pause","duration":10},{"type":"keyUp","value":"î€‡"}]}]}
COMMAND: GET /session/555fcffa8aa83dd925f7bd1343d4074b/screenshot - {}
RESULT: {}
COMMAND: POST /session/555fcffa8aa83dd925f7bd1343d4074b/element - {"using":"xpath","value":"//div[contains(@id, 'application-manageconditionprice-display-component---conditions--smartFilterBar-filterItemControl_BASIC-BILL_TYPES-valueHelpDialog-table-rowsel0')]"}
RESULT: {"using":"xpath","value":"//div[contains(@id, 'application-manageconditionprice-display-component---conditions--smartFilterBar-filterItemControl_BASIC-BILL_TYPES-valueHelpDialog-table-rowsel0')]"}
COMMAND: POST /session/555fcffa8aa83dd925f7bd1343d4074b/element/f.9C1E946C17B1C55FC69CCE7EB9D2133F.d.1856369A5B7719169DF7AD77F0CD0A86.e.7827/click - {}
RESULT: {}
COMMAND: GET /session/555fcffa8aa83dd925f7bd1343d4074b/screenshot - {}
RESULT: {}
COMMAND: POST /session/555fcffa8aa83dd925f7bd1343d4074b/element - {"using":"xpath","value":"//bdi[contains(text(), \"OK\")]"}
RESULT: {"using":"xpath","value":"//bdi[contains(text(), \"OK\")]"}
COMMAND: POST /session/555fcffa8aa83dd925f7bd1343d4074b/element/f.9C1E946C17B1C55FC69CCE7EB9D2133F.d.1856369A5B7719169DF7AD77F0CD0A86.e.7829/click - {}
RESULT: {}
COMMAND: GET /session/555fcffa8aa83dd925f7bd1343d4074b/screenshot - {}
RESULT: {}
COMMAND: POST /session/555fcffa8aa83dd925f7bd1343d4074b/element - {"using":"xpath","value":"//span[@id=\"application-manageconditionprice-display-component---conditions--smartTable-header-inner\"]"}
RESULT: {"using":"xpath","value":"//span[@id=\"application-manageconditionprice-display-component---conditions--smartTable-header-inner\"]"}
COMMAND: POST /session/555fcffa8aa83dd925f7bd1343d4074b/elements - {"using":"xpath","value":"//span[@id=\"application-manageconditionprice-display-component---conditions--smartTable-header-inner\"]"}
RESULT: {"using":"xpath","value":"//span[@id=\"application-manageconditionprice-display-component---conditions--smartTable-header-inner\"]"}
COMMAND: POST /session/555fcffa8aa83dd925f7bd1343d4074b/execute/sync - {"script":"<script> [56 bytes]","args":[{"element-6066-11e4-a52e-4f735466cecf":"f.9C1E946C17B1C55FC69CCE7EB9D2133F.d.1856369A5B7719169DF7AD77F0CD0A86.e.7832","ELEMENT":"f.9C1E946C17B1C55FC69CCE7EB9D2133F.d.1856369A5B7719169DF7AD77F0CD0A86.e.7832"}]}
RESULT: {"script":"<script> [56 bytes]","args":[{"element-6066-11e4-a52e-4f735466cecf":"f.9C1E946C17B1C55FC69CCE7EB9D2133F.d.1856369A5B7719169DF7AD77F0CD0A86.e.7832","ELEMENT":"f.9C1E946C17B1C55FC69CCE7EB9D2133F.d.1856369A5B7719169DF7AD77F0CD0A86.e.7832"}]}
COMMAND: POST /session/555fcffa8aa83dd925f7bd1343d4074b/element - {"using":"css selector","value":"#shell-header-logo"}
COMMAND: GET /session/555fcffa8aa83dd925f7bd1343d4074b/screenshot - {}
RESULT: {"using":"css selector","value":"#shell-header-logo"}
COMMAND: POST /session/555fcffa8aa83dd925f7bd1343d4074b/element/f.9C1E946C17B1C55FC69CCE7EB9D2133F.d.1856369A5B7719169DF7AD77F0CD0A86.e.7451/click - {}
RESULT: {}
RESULT: {}
COMMAND: GET /session/555fcffa8aa83dd925f7bd1343d4074b/screenshot - {}
RESULT: {}
]]></system-out>
    </testcase>
    <testcase classname="chrome.135_0_7049_115.windows.US134625_Set_up_price_condition_-_one_time" name="Should create a new contract" time="67.77">
      <system-out><![CDATA[
COMMAND: POST /session/555fcffa8aa83dd925f7bd1343d4074b/execute/async - {"script":"<script> [1562 bytes]","args":[{"selector":{"controlType":"sap.m.Text","viewName":"etm.portal.ui.managecontractstile.view.Master","properties":{"text":"Manage Contracts"},"interaction":{"idSuffix":"inner"}},"wdio_ui5_key":"etmportal.ui.managecontractstile.view.Mastersap.m.Text{\"text\":\"Manage Contracts\"}"}]}
RESULT: {"script":"<script> [1562 bytes]","args":[{"selector":{"controlType":"sap.m.Text","viewName":"etm.portal.ui.managecontractstile.view.Master","properties":{"text":"Manage Contracts"},"interaction":{"idSuffix":"inner"}},"wdio_ui5_key":"etmportal.ui.managecontractstile.view.Mastersap.m.Text{\"text\":\"Manage Contracts\"}"}]}
RESULT: undefined
COMMAND: POST /session/555fcffa8aa83dd925f7bd1343d4074b/element - {"using":"xpath","value":"//*[@id=\"__tile130-title\"]"}
RESULT: {"using":"xpath","value":"//*[@id=\"__tile130-title\"]"}
COMMAND: POST /session/555fcffa8aa83dd925f7bd1343d4074b/element/f.9C1E946C17B1C55FC69CCE7EB9D2133F.d.1856369A5B7719169DF7AD77F0CD0A86.e.7838/click - {}
RESULT: {}
COMMAND: GET /session/555fcffa8aa83dd925f7bd1343d4074b/screenshot - {}
RESULT: {}
COMMAND: POST /session/555fcffa8aa83dd925f7bd1343d4074b/element - {"using":"xpath","value":"//button[@data-kt=\"addButton\"]"}
RESULT: {"using":"xpath","value":"//button[@data-kt=\"addButton\"]"}
COMMAND: POST /session/555fcffa8aa83dd925f7bd1343d4074b/elements - {"using":"xpath","value":"//button[@data-kt=\"addButton\"]"}
RESULT: {"using":"xpath","value":"//button[@data-kt=\"addButton\"]"}
COMMAND: POST /session/555fcffa8aa83dd925f7bd1343d4074b/elements - {"using":"xpath","value":"//button[@data-kt=\"addButton\"]"}
RESULT: {"using":"xpath","value":"//button[@data-kt=\"addButton\"]"}
COMMAND: POST /session/555fcffa8aa83dd925f7bd1343d4074b/element - {"using":"xpath","value":"//button[@data-kt=\"addButton\"]"}
RESULT: {"using":"xpath","value":"//button[@data-kt=\"addButton\"]"}
COMMAND: POST /session/555fcffa8aa83dd925f7bd1343d4074b/execute/sync - {"script":"<script> [8489 bytes]","args":[{"element-6066-11e4-a52e-4f735466cecf":"f.9C1E946C17B1C55FC69CCE7EB9D2133F.d.1856369A5B7719169DF7AD77F0CD0A86.e.7888","ELEMENT":"f.9C1E946C17B1C55FC69CCE7EB9D2133F.d.1856369A5B7719169DF7AD77F0CD0A86.e.7888"}]}
RESULT: {"script":"<script> [8489 bytes]","args":[{"element-6066-11e4-a52e-4f735466cecf":"f.9C1E946C17B1C55FC69CCE7EB9D2133F.d.1856369A5B7719169DF7AD77F0CD0A86.e.7888","ELEMENT":"f.9C1E946C17B1C55FC69CCE7EB9D2133F.d.1856369A5B7719169DF7AD77F0CD0A86.e.7888"}]}
COMMAND: GET /session/555fcffa8aa83dd925f7bd1343d4074b/element/f.9C1E946C17B1C55FC69CCE7EB9D2133F.d.1856369A5B7719169DF7AD77F0CD0A86.e.7888/enabled - {}
COMMAND: GET /session/555fcffa8aa83dd925f7bd1343d4074b/screenshot - {}
RESULT: {}
COMMAND: POST /session/555fcffa8aa83dd925f7bd1343d4074b/execute/sync - {"script":"<script> [8489 bytes]","args":[{"element-6066-11e4-a52e-4f735466cecf":"f.9C1E946C17B1C55FC69CCE7EB9D2133F.d.1856369A5B7719169DF7AD77F0CD0A86.e.7888","ELEMENT":"f.9C1E946C17B1C55FC69CCE7EB9D2133F.d.1856369A5B7719169DF7AD77F0CD0A86.e.7888"}]}
COMMAND: GET /session/555fcffa8aa83dd925f7bd1343d4074b/screenshot - {}
RESULT: {}
RESULT: {"script":"<script> [8489 bytes]","args":[{"element-6066-11e4-a52e-4f735466cecf":"f.9C1E946C17B1C55FC69CCE7EB9D2133F.d.1856369A5B7719169DF7AD77F0CD0A86.e.7888","ELEMENT":"f.9C1E946C17B1C55FC69CCE7EB9D2133F.d.1856369A5B7719169DF7AD77F0CD0A86.e.7888"}]}
COMMAND: POST /session/555fcffa8aa83dd925f7bd1343d4074b/execute/sync - {"script":"<script> [5351 bytes]","args":[{"element-6066-11e4-a52e-4f735466cecf":"f.9C1E946C17B1C55FC69CCE7EB9D2133F.d.1856369A5B7719169DF7AD77F0CD0A86.e.7888","ELEMENT":"f.9C1E946C17B1C55FC69CCE7EB9D2133F.d.1856369A5B7719169DF7AD77F0CD0A86.e.7888"}]}
COMMAND: GET /session/555fcffa8aa83dd925f7bd1343d4074b/screenshot - {}
RESULT: {}
RESULT: {"script":"<script> [5351 bytes]","args":[{"element-6066-11e4-a52e-4f735466cecf":"f.9C1E946C17B1C55FC69CCE7EB9D2133F.d.1856369A5B7719169DF7AD77F0CD0A86.e.7888","ELEMENT":"f.9C1E946C17B1C55FC69CCE7EB9D2133F.d.1856369A5B7719169DF7AD77F0CD0A86.e.7888"}]}
COMMAND: GET /session/555fcffa8aa83dd925f7bd1343d4074b/screenshot - {}
RESULT: {}
RESULT: {}
COMMAND: POST /session/555fcffa8aa83dd925f7bd1343d4074b/element/f.9C1E946C17B1C55FC69CCE7EB9D2133F.d.1856369A5B7719169DF7AD77F0CD0A86.e.7888/click - {}
RESULT: {}
COMMAND: GET /session/555fcffa8aa83dd925f7bd1343d4074b/screenshot - {}
RESULT: {}
COMMAND: POST /session/555fcffa8aa83dd925f7bd1343d4074b/execute/async - {"script":"<script> [1562 bytes]","args":[{"selector":{"id":"application-managecontracts-display-component---AddNewContract--projectDescription","interaction":{"idSuffix":"inner"}},"wdio_ui5_key":"applicationmanagecontracts-display-component---AddNewContract--projectDescription"}]}
RESULT: {"script":"<script> [1562 bytes]","args":[{"selector":{"id":"application-managecontracts-display-component---AddNewContract--projectDescription","interaction":{"idSuffix":"inner"}},"wdio_ui5_key":"applicationmanagecontracts-display-component---AddNewContract--projectDescription"}]}
RESULT: undefined
COMMAND: POST /session/555fcffa8aa83dd925f7bd1343d4074b/execute/async - {"script":"<script> [776 bytes]","args":[{"enterText":"Intercompany Contract WDIO","selector":{"id":"application-managecontracts-display-component---AddNewContract--projectDescription","interaction":{"idSuffix":"inner"}},"clearTextFirst":true,"interactionType":"ENTER_TEXT"}]}
RESULT: {"script":"<script> [776 bytes]","args":[{"enterText":"Intercompany Contract WDIO","selector":{"id":"application-managecontracts-display-component---AddNewContract--projectDescription","interaction":{"idSuffix":"inner"}},"clearTextFirst":true,"interactionType":"ENTER_TEXT"}]}
COMMAND: POST /session/555fcffa8aa83dd925f7bd1343d4074b/element - {"using":"xpath","value":"//input[@id=\"application-managecontracts-display-component---AddNewContract--site-inner\"]"}
RESULT: {"using":"xpath","value":"//input[@id=\"application-managecontracts-display-component---AddNewContract--site-inner\"]"}
COMMAND: POST /session/555fcffa8aa83dd925f7bd1343d4074b/element/f.9C1E946C17B1C55FC69CCE7EB9D2133F.d.1856369A5B7719169DF7AD77F0CD0A86.e.8220/clear - {}
RESULT: {}
COMMAND: POST /session/555fcffa8aa83dd925f7bd1343d4074b/element/f.9C1E946C17B1C55FC69CCE7EB9D2133F.d.1856369A5B7719169DF7AD77F0CD0A86.e.8220/value - {"text":"2495"}
COMMAND: GET /session/555fcffa8aa83dd925f7bd1343d4074b/screenshot - {}
RESULT: {"text":"2495"}
COMMAND: GET /session/555fcffa8aa83dd925f7bd1343d4074b/screenshot - {}
COMMAND: POST /session/555fcffa8aa83dd925f7bd1343d4074b/element - {"using":"xpath","value":"//li[.//span[text()='2495']]"}
RESULT: {}
RESULT: {}
RESULT: {"using":"xpath","value":"//li[.//span[text()='2495']]"}
COMMAND: POST /session/555fcffa8aa83dd925f7bd1343d4074b/element/f.9C1E946C17B1C55FC69CCE7EB9D2133F.d.1856369A5B7719169DF7AD77F0CD0A86.e.8243/click - {}
RESULT: {}
COMMAND: GET /session/555fcffa8aa83dd925f7bd1343d4074b/screenshot - {}
RESULT: {}
COMMAND: POST /session/555fcffa8aa83dd925f7bd1343d4074b/element - {"using":"xpath","value":"//input[@id=\"application-managecontracts-display-component---AddNewContract--yardId-inner\"]"}
RESULT: {"using":"xpath","value":"//input[@id=\"application-managecontracts-display-component---AddNewContract--yardId-inner\"]"}
COMMAND: GET /session/555fcffa8aa83dd925f7bd1343d4074b/element/f.9C1E946C17B1C55FC69CCE7EB9D2133F.d.1856369A5B7719169DF7AD77F0CD0A86.e.8221/property/value - {}
RESULT: {}
COMMAND: POST /session/555fcffa8aa83dd925f7bd1343d4074b/element - {"using":"xpath","value":"//input[@id=\"application-managecontracts-display-component---AddNewContract--customerSelect-inner\"]"}
COMMAND: GET /session/555fcffa8aa83dd925f7bd1343d4074b/screenshot - {}
RESULT: {"using":"xpath","value":"//input[@id=\"application-managecontracts-display-component---AddNewContract--customerSelect-inner\"]"}
COMMAND: POST /session/555fcffa8aa83dd925f7bd1343d4074b/element/f.9C1E946C17B1C55FC69CCE7EB9D2133F.d.1856369A5B7719169DF7AD77F0CD0A86.e.8219/clear - {}
RESULT: {}
RESULT: {}
COMMAND: POST /session/555fcffa8aa83dd925f7bd1343d4074b/element/f.9C1E946C17B1C55FC69CCE7EB9D2133F.d.1856369A5B7719169DF7AD77F0CD0A86.e.8219/value - {"text":"1540"}
COMMAND: GET /session/555fcffa8aa83dd925f7bd1343d4074b/screenshot - {}
RESULT: {"text":"1540"}
COMMAND: GET /session/555fcffa8aa83dd925f7bd1343d4074b/screenshot - {}
RESULT: {}
RESULT: {}
COMMAND: POST /session/555fcffa8aa83dd925f7bd1343d4074b/element - {"using":"xpath","value":"//li[.//span[text()='1540']]"}
RESULT: {"using":"xpath","value":"//li[.//span[text()='1540']]"}
COMMAND: POST /session/555fcffa8aa83dd925f7bd1343d4074b/element/f.9C1E946C17B1C55FC69CCE7EB9D2133F.d.1856369A5B7719169DF7AD77F0CD0A86.e.8246/click - {}
RESULT: {}
COMMAND: GET /session/555fcffa8aa83dd925f7bd1343d4074b/screenshot - {}
RESULT: {}
COMMAND: POST /session/555fcffa8aa83dd925f7bd1343d4074b/element - {"using":"xpath","value":"//button[@data-kt=\"saveButton\"]"}
RESULT: {"using":"xpath","value":"//button[@data-kt=\"saveButton\"]"}
COMMAND: POST /session/555fcffa8aa83dd925f7bd1343d4074b/element/f.9C1E946C17B1C55FC69CCE7EB9D2133F.d.1856369A5B7719169DF7AD77F0CD0A86.e.8234/click - {}
RESULT: {}
COMMAND: GET /session/555fcffa8aa83dd925f7bd1343d4074b/screenshot - {}
RESULT: {}
COMMAND: POST /session/555fcffa8aa83dd925f7bd1343d4074b/element - {"using":"xpath","value":"//span[contains(@id ,\"contractDetailTitleNoExpanded\")]"}
RESULT: {"using":"xpath","value":"//span[contains(@id ,\"contractDetailTitleNoExpanded\")]"}
COMMAND: POST /session/555fcffa8aa83dd925f7bd1343d4074b/elements - {"using":"xpath","value":"//span[contains(@id ,\"contractDetailTitleNoExpanded\")]"}
RESULT: {"using":"xpath","value":"//span[contains(@id ,\"contractDetailTitleNoExpanded\")]"}
COMMAND: POST /session/555fcffa8aa83dd925f7bd1343d4074b/execute/sync - {"script":"<script> [56 bytes]","args":[{"element-6066-11e4-a52e-4f735466cecf":"f.9C1E946C17B1C55FC69CCE7EB9D2133F.d.1856369A5B7719169DF7AD77F0CD0A86.e.8318","ELEMENT":"f.9C1E946C17B1C55FC69CCE7EB9D2133F.d.1856369A5B7719169DF7AD77F0CD0A86.e.8318"}]}
RESULT: {"script":"<script> [56 bytes]","args":[{"element-6066-11e4-a52e-4f735466cecf":"f.9C1E946C17B1C55FC69CCE7EB9D2133F.d.1856369A5B7719169DF7AD77F0CD0A86.e.8318","ELEMENT":"f.9C1E946C17B1C55FC69CCE7EB9D2133F.d.1856369A5B7719169DF7AD77F0CD0A86.e.8318"}]}
COMMAND: GET /session/555fcffa8aa83dd925f7bd1343d4074b/screenshot - {}
RESULT: {}
]]></system-out>
    </testcase>
    <testcase classname="chrome.135_0_7049_115.windows.US134625_Set_up_price_condition_-_one_time" name="Should add the material to the contract" time="58.979">
      <system-out><![CDATA[
COMMAND: POST /session/555fcffa8aa83dd925f7bd1343d4074b/element - {"using":"xpath","value":"//button[@data-kt=\"contractDetailEditBtnButton\"]"}
RESULT: {"using":"xpath","value":"//button[@data-kt=\"contractDetailEditBtnButton\"]"}
COMMAND: POST /session/555fcffa8aa83dd925f7bd1343d4074b/element/f.9C1E946C17B1C55FC69CCE7EB9D2133F.d.1856369A5B7719169DF7AD77F0CD0A86.e.8319/click - {}
RESULT: {}
COMMAND: GET /session/555fcffa8aa83dd925f7bd1343d4074b/screenshot - {}
RESULT: {}
COMMAND: POST /session/555fcffa8aa83dd925f7bd1343d4074b/element - {"using":"xpath","value":"(//span[contains(text(), \"Additional Addresses\")])[2]"}
RESULT: {"using":"xpath","value":"(//span[contains(text(), \"Additional Addresses\")])[2]"}
COMMAND: POST /session/555fcffa8aa83dd925f7bd1343d4074b/element/f.9C1E946C17B1C55FC69CCE7EB9D2133F.d.1856369A5B7719169DF7AD77F0CD0A86.e.8375/click - {}
RESULT: {}
COMMAND: GET /session/555fcffa8aa83dd925f7bd1343d4074b/screenshot - {}
RESULT: {}
COMMAND: POST /session/555fcffa8aa83dd925f7bd1343d4074b/element - {"using":"xpath","value":"//button[@data-kt=\"btnAddTableRowOverflowToolbarButton\"]"}
RESULT: {"using":"xpath","value":"//button[@data-kt=\"btnAddTableRowOverflowToolbarButton\"]"}
COMMAND: POST /session/555fcffa8aa83dd925f7bd1343d4074b/element/f.9C1E946C17B1C55FC69CCE7EB9D2133F.d.1856369A5B7719169DF7AD77F0CD0A86.e.8378/click - {}
RESULT: {}
COMMAND: GET /session/555fcffa8aa83dd925f7bd1343d4074b/screenshot - {}
RESULT: {}
COMMAND: POST /session/555fcffa8aa83dd925f7bd1343d4074b/element - {"using":"xpath","value":"//div[(text() = 'Standard Entry' or . = 'Standard Entry')]"}
RESULT: {"using":"xpath","value":"//div[(text() = 'Standard Entry' or . = 'Standard Entry')]"}
COMMAND: POST /session/555fcffa8aa83dd925f7bd1343d4074b/element/f.9C1E946C17B1C55FC69CCE7EB9D2133F.d.1856369A5B7719169DF7AD77F0CD0A86.e.8380/click - {}
RESULT: {}
COMMAND: GET /session/555fcffa8aa83dd925f7bd1343d4074b/screenshot - {}
RESULT: {}
COMMAND: POST /session/555fcffa8aa83dd925f7bd1343d4074b/element - {"using":"xpath","value":"//td[6]/div/div/div/span"}
RESULT: {"using":"xpath","value":"//td[6]/div/div/div/span"}
COMMAND: POST /session/555fcffa8aa83dd925f7bd1343d4074b/element/f.9C1E946C17B1C55FC69CCE7EB9D2133F.d.1856369A5B7719169DF7AD77F0CD0A86.e.8392/click - {}
RESULT: {}
COMMAND: GET /session/555fcffa8aa83dd925f7bd1343d4074b/screenshot - {}
RESULT: {}
COMMAND: POST /session/555fcffa8aa83dd925f7bd1343d4074b/element - {"using":"xpath","value":"(//span[contains(text(), \"Material\")])"}
RESULT: {"using":"xpath","value":"(//span[contains(text(), \"Material\")])"}
COMMAND: POST /session/555fcffa8aa83dd925f7bd1343d4074b/element/f.9C1E946C17B1C55FC69CCE7EB9D2133F.d.1856369A5B7719169DF7AD77F0CD0A86.e.8393/click - {}
RESULT: {}
COMMAND: GET /session/555fcffa8aa83dd925f7bd1343d4074b/screenshot - {}
RESULT: {}
COMMAND: POST /session/555fcffa8aa83dd925f7bd1343d4074b/element - {"using":"xpath","value":"//td[7]/div/div/input"}
RESULT: {"using":"xpath","value":"//td[7]/div/div/input"}
COMMAND: POST /session/555fcffa8aa83dd925f7bd1343d4074b/element/f.9C1E946C17B1C55FC69CCE7EB9D2133F.d.1856369A5B7719169DF7AD77F0CD0A86.e.8397/clear - {}
RESULT: {}
COMMAND: POST /session/555fcffa8aa83dd925f7bd1343d4074b/element/f.9C1E946C17B1C55FC69CCE7EB9D2133F.d.1856369A5B7719169DF7AD77F0CD0A86.e.8397/value - {"text":"200370"}
COMMAND: GET /session/555fcffa8aa83dd925f7bd1343d4074b/screenshot - {}
RESULT: {"text":"200370"}
COMMAND: GET /session/555fcffa8aa83dd925f7bd1343d4074b/screenshot - {}
RESULT: {}
RESULT: {}
COMMAND: POST /session/555fcffa8aa83dd925f7bd1343d4074b/actions - {"actions":[{"id":"action28","type":"key","parameters":{},"actions":[{"type":"keyDown","value":"î€‡"},{"type":"pause","duration":10},{"type":"keyUp","value":"î€‡"}]}]}
RESULT: {"actions":[{"id":"action28","type":"key","parameters":{},"actions":[{"type":"keyDown","value":"î€‡"},{"type":"pause","duration":10},{"type":"keyUp","value":"î€‡"}]}]}
COMMAND: GET /session/555fcffa8aa83dd925f7bd1343d4074b/screenshot - {}
COMMAND: POST /session/555fcffa8aa83dd925f7bd1343d4074b/execute/sync - {"script":"<script> [276 bytes]","args":["No pricing information was found"]}
RESULT: {}
RESULT: {"script":"<script> [276 bytes]","args":["No pricing information was found"]}
COMMAND: POST /session/555fcffa8aa83dd925f7bd1343d4074b/element - {"using":"xpath","value":"(//button[@data-kt=\"saveButton\"])[2]"}
COMMAND: GET /session/555fcffa8aa83dd925f7bd1343d4074b/screenshot - {}
RESULT: {"using":"xpath","value":"(//button[@data-kt=\"saveButton\"])[2]"}
COMMAND: POST /session/555fcffa8aa83dd925f7bd1343d4074b/element/f.9C1E946C17B1C55FC69CCE7EB9D2133F.d.1856369A5B7719169DF7AD77F0CD0A86.e.8420/click - {}
RESULT: {}
RESULT: {}
COMMAND: GET /session/555fcffa8aa83dd925f7bd1343d4074b/screenshot - {}
RESULT: {}
COMMAND: POST /session/555fcffa8aa83dd925f7bd1343d4074b/execute/sync - {"script":"<script> [276 bytes]","args":["Some contract items are having rental validity exceeding header rental validity"]}
RESULT: {"script":"<script> [276 bytes]","args":["Some contract items are having rental validity exceeding header rental validity"]}
COMMAND: GET /session/555fcffa8aa83dd925f7bd1343d4074b/screenshot - {}
RESULT: {}
COMMAND: POST /session/555fcffa8aa83dd925f7bd1343d4074b/element - {"using":"xpath","value":"//span[contains(@id ,\"contractItemsSmartTable-header-inner\")]"}
RESULT: {"using":"xpath","value":"//span[contains(@id ,\"contractItemsSmartTable-header-inner\")]"}
COMMAND: POST /session/555fcffa8aa83dd925f7bd1343d4074b/elements - {"using":"xpath","value":"//span[contains(@id ,\"contractItemsSmartTable-header-inner\")]"}
RESULT: {"using":"xpath","value":"//span[contains(@id ,\"contractItemsSmartTable-header-inner\")]"}
COMMAND: POST /session/555fcffa8aa83dd925f7bd1343d4074b/execute/sync - {"script":"<script> [56 bytes]","args":[{"element-6066-11e4-a52e-4f735466cecf":"f.9C1E946C17B1C55FC69CCE7EB9D2133F.d.1856369A5B7719169DF7AD77F0CD0A86.e.8427","ELEMENT":"f.9C1E946C17B1C55FC69CCE7EB9D2133F.d.1856369A5B7719169DF7AD77F0CD0A86.e.8427"}]}
RESULT: {"script":"<script> [56 bytes]","args":[{"element-6066-11e4-a52e-4f735466cecf":"f.9C1E946C17B1C55FC69CCE7EB9D2133F.d.1856369A5B7719169DF7AD77F0CD0A86.e.8427","ELEMENT":"f.9C1E946C17B1C55FC69CCE7EB9D2133F.d.1856369A5B7719169DF7AD77F0CD0A86.e.8427"}]}
]]></system-out>
    </testcase>
    <testcase classname="chrome.135_0_7049_115.windows.US134625_Set_up_price_condition_-_one_time" name="Should verify the bill item creation and pricing condition" time="13.356">
      <system-out><![CDATA[
COMMAND: POST /session/555fcffa8aa83dd925f7bd1343d4074b/execute/async - {"script":"<script> [1562 bytes]","args":[{"selector":{"controlType":"sap.ui.core.Icon","viewName":"etm.portal.ui.managecontracts.view.Detail","properties":{"src":{"regex":{"source":"slim\\-arrow\\-right"}}}},"wdio_ui5_key":"etmportal.ui.managecontracts.view.Detailsap.ui.core.Icon{\"src\":{\"regex\":{\"source\":\"slim\\\\-arrow\\\\-right\"}}}"}]}
COMMAND: GET /session/555fcffa8aa83dd925f7bd1343d4074b/screenshot - {}
RESULT: {"script":"<script> [1562 bytes]","args":[{"selector":{"controlType":"sap.ui.core.Icon","viewName":"etm.portal.ui.managecontracts.view.Detail","properties":{"src":{"regex":{"source":"slim\\-arrow\\-right"}}}},"wdio_ui5_key":"etmportal.ui.managecontracts.view.Detailsap.ui.core.Icon{\"src\":{\"regex\":{\"source\":\"slim\\\\-arrow\\\\-right\"}}}"}]}
RESULT: undefined
COMMAND: POST /session/555fcffa8aa83dd925f7bd1343d4074b/element - {"using":"xpath","value":"//*[@id=\"__item2402-__clone4806-imgNav\"]"}
RESULT: {}
RESULT: {"using":"xpath","value":"//*[@id=\"__item2402-__clone4806-imgNav\"]"}
COMMAND: POST /session/555fcffa8aa83dd925f7bd1343d4074b/element/f.9C1E946C17B1C55FC69CCE7EB9D2133F.d.1856369A5B7719169DF7AD77F0CD0A86.e.8428/click - {}
RESULT: {}
COMMAND: GET /session/555fcffa8aa83dd925f7bd1343d4074b/screenshot - {}
COMMAND: POST /session/555fcffa8aa83dd925f7bd1343d4074b/execute/async - {"script":"<script> [1562 bytes]","args":[{"selector":{"controlType":"sap.m.Text","viewName":"etm.portal.ui.managecontracts.view.BillingItem","viewId":"application-managecontracts-display-component---BillingItem","bindingPath":{"propertyPath":"LINK_TO_C_BILL_TYPES/DESCRIPTION"}},"wdio_ui5_key":"etmportal.ui.managecontracts.view.BillingItemsap.m.Text{\"propertyPath\":\"LINK_TO_C_BILL_TYPES/DESCRIPTION\"}"}]}
RESULT: {}
RESULT: {"script":"<script> [1562 bytes]","args":[{"selector":{"controlType":"sap.m.Text","viewName":"etm.portal.ui.managecontracts.view.BillingItem","viewId":"application-managecontracts-display-component---BillingItem","bindingPath":{"propertyPath":"LINK_TO_C_BILL_TYPES/DESCRIPTION"}},"wdio_ui5_key":"etmportal.ui.managecontracts.view.BillingItemsap.m.Text{\"propertyPath\":\"LINK_TO_C_BILL_TYPES/DESCRIPTION\"}"}]}
RESULT: undefined
COMMAND: POST /session/555fcffa8aa83dd925f7bd1343d4074b/execute/async - {"script":"<script> [6424 bytes]","args":[{"element-6066-11e4-a52e-4f735466cecf":"f.9C1E946C17B1C55FC69CCE7EB9D2133F.d.1856369A5B7719169DF7AD77F0CD0A86.e.8469"},"getText",[]]}
RESULT: {"script":"<script> [6424 bytes]","args":[{"element-6066-11e4-a52e-4f735466cecf":"f.9C1E946C17B1C55FC69CCE7EB9D2133F.d.1856369A5B7719169DF7AD77F0CD0A86.e.8469"},"getText",[]]}
COMMAND: POST /session/555fcffa8aa83dd925f7bd1343d4074b/execute/async - {"script":"<script> [1562 bytes]","args":[{"selector":{"controlType":"sap.m.ObjectNumber","viewName":"etm.portal.ui.managecontracts.view.BillingItem","viewId":"application-managecontracts-display-component---BillingItem","bindingPath":{"propertyPath":"BASE_PRICE"}},"wdio_ui5_key":"etmportal.ui.managecontracts.view.BillingItemsap.m.ObjectNumber{\"propertyPath\":\"BASE_PRICE\"}"}]}
RESULT: {"script":"<script> [1562 bytes]","args":[{"selector":{"controlType":"sap.m.ObjectNumber","viewName":"etm.portal.ui.managecontracts.view.BillingItem","viewId":"application-managecontracts-display-component---BillingItem","bindingPath":{"propertyPath":"BASE_PRICE"}},"wdio_ui5_key":"etmportal.ui.managecontracts.view.BillingItemsap.m.ObjectNumber{\"propertyPath\":\"BASE_PRICE\"}"}]}
RESULT: undefined
COMMAND: POST /session/555fcffa8aa83dd925f7bd1343d4074b/execute/async - {"script":"<script> [6424 bytes]","args":[{"element-6066-11e4-a52e-4f735466cecf":"f.9C1E946C17B1C55FC69CCE7EB9D2133F.d.1856369A5B7719169DF7AD77F0CD0A86.e.8470"},"getNumber",[]]}
RESULT: {"script":"<script> [6424 bytes]","args":[{"element-6066-11e4-a52e-4f735466cecf":"f.9C1E946C17B1C55FC69CCE7EB9D2133F.d.1856369A5B7719169DF7AD77F0CD0A86.e.8470"},"getNumber",[]]}
COMMAND: POST /session/555fcffa8aa83dd925f7bd1343d4074b/execute/async - {"script":"<script> [1562 bytes]","args":[{"selector":{"controlType":"sap.m.ObjectNumber","viewName":"etm.portal.ui.managecontracts.view.BillingItem","viewId":"application-managecontracts-display-component---BillingItem","bindingPath":{"propertyPath":"BASE_QUANTITY"}},"wdio_ui5_key":"etmportal.ui.managecontracts.view.BillingItemsap.m.ObjectNumber{\"propertyPath\":\"BASE_QUANTITY\"}"}]}
RESULT: {"script":"<script> [1562 bytes]","args":[{"selector":{"controlType":"sap.m.ObjectNumber","viewName":"etm.portal.ui.managecontracts.view.BillingItem","viewId":"application-managecontracts-display-component---BillingItem","bindingPath":{"propertyPath":"BASE_QUANTITY"}},"wdio_ui5_key":"etmportal.ui.managecontracts.view.BillingItemsap.m.ObjectNumber{\"propertyPath\":\"BASE_QUANTITY\"}"}]}
RESULT: undefined
COMMAND: POST /session/555fcffa8aa83dd925f7bd1343d4074b/execute/async - {"script":"<script> [6424 bytes]","args":[{"element-6066-11e4-a52e-4f735466cecf":"f.9C1E946C17B1C55FC69CCE7EB9D2133F.d.1856369A5B7719169DF7AD77F0CD0A86.e.8471"},"getNumber",[]]}
RESULT: {"script":"<script> [6424 bytes]","args":[{"element-6066-11e4-a52e-4f735466cecf":"f.9C1E946C17B1C55FC69CCE7EB9D2133F.d.1856369A5B7719169DF7AD77F0CD0A86.e.8471"},"getNumber",[]]}
COMMAND: DELETE /session/555fcffa8aa83dd925f7bd1343d4074b - {}
RESULT: {}
]]></system-out>
    </testcase>
  </testsuite>
</testsuites>