<?xml version="1.0" encoding="UTF-8"?>
<testsuites tests="17" failures="1" errors="1" skipped="0">
  <testsuite timestamp="2025-06-13T17:27:53" time="2084.614" tests="13" failures="0" errors="0" skipped="0">
    <properties>
      <property name="specId" value="0"/>
      <property name="suiteName" value="Partner specific tests US150819 US151080 US151654 US151176 US103444 US151078 US151079 US151109 US151174 US151175 US151189"/>
      <property name="capabilities" value="chrome.137_0_7151_69.windows"/>
      <property name="file" value="file:///D:/a/1/s/test/specs/BTS/manage-partners.spec.js"/>
    </properties>
    <testcase classname="chrome.137_0_7151_69.windows.Partner_specific_tests_US150819_US151080_US151654_US151176_US103444_US151078_US151079_US151109_US151174_US151175_US151189" name="Should create a new yard prerequisite" time="156.833">
      <system-out><![CDATA[
COMMAND: POST /session/e9da8fc7d2e5c6d9fcb370d825f3b6fb/window/fullscreen - {}
RESULT: {}
COMMAND: POST /session/e9da8fc7d2e5c6d9fcb370d825f3b6fb/element - {"using":"xpath","value":"//li[.//span[text()=\"Manage Partners\"]]"}
RESULT: {"using":"xpath","value":"//li[.//span[text()=\"Manage Partners\"]]"}
COMMAND: POST /session/e9da8fc7d2e5c6d9fcb370d825f3b6fb/element - {"using":"xpath","value":"//li[.//span[text()=\"Manage Partners\"]]"}
RESULT: {"using":"xpath","value":"//li[.//span[text()=\"Manage Partners\"]]"}
COMMAND: POST /session/e9da8fc7d2e5c6d9fcb370d825f3b6fb/element - {"using":"css selector","value":"#shell-header-logo"}
RESULT: {"using":"css selector","value":"#shell-header-logo"}
COMMAND: POST /session/e9da8fc7d2e5c6d9fcb370d825f3b6fb/element/f.EB7466E535C2126E60AFBA1E962AA512.d.EEC94729866FBBA70DDFAAEBEB8364FC.e.271/click - {}
COMMAND: POST /session/e9da8fc7d2e5c6d9fcb370d825f3b6fb/execute/sync - {"script":"<script> [8489 bytes]","args":[{"element-6066-11e4-a52e-4f735466cecf":"f.EB7466E535C2126E60AFBA1E962AA512.d.EEC94729866FBBA70DDFAAEBEB8364FC.e.271","ELEMENT":"f.EB7466E535C2126E60AFBA1E962AA512.d.EEC94729866FBBA70DDFAAEBEB8364FC.e.271"}]}
RESULT: {"script":"<script> [8489 bytes]","args":[{"element-6066-11e4-a52e-4f735466cecf":"f.EB7466E535C2126E60AFBA1E962AA512.d.EEC94729866FBBA70DDFAAEBEB8364FC.e.271","ELEMENT":"f.EB7466E535C2126E60AFBA1E962AA512.d.EEC94729866FBBA70DDFAAEBEB8364FC.e.271"}]}
COMMAND: POST /session/e9da8fc7d2e5c6d9fcb370d825f3b6fb/execute/sync - {"script":"<script> [5351 bytes]","args":[{"element-6066-11e4-a52e-4f735466cecf":"f.EB7466E535C2126E60AFBA1E962AA512.d.EEC94729866FBBA70DDFAAEBEB8364FC.e.271","ELEMENT":"f.EB7466E535C2126E60AFBA1E962AA512.d.EEC94729866FBBA70DDFAAEBEB8364FC.e.271"}]}
COMMAND: GET /session/e9da8fc7d2e5c6d9fcb370d825f3b6fb/screenshot - {}
RESULT: {}
COMMAND: GET /session/e9da8fc7d2e5c6d9fcb370d825f3b6fb/screenshot - {}
RESULT: {"script":"<script> [5351 bytes]","args":[{"element-6066-11e4-a52e-4f735466cecf":"f.EB7466E535C2126E60AFBA1E962AA512.d.EEC94729866FBBA70DDFAAEBEB8364FC.e.271","ELEMENT":"f.EB7466E535C2126E60AFBA1E962AA512.d.EEC94729866FBBA70DDFAAEBEB8364FC.e.271"}]}
COMMAND: GET /session/e9da8fc7d2e5c6d9fcb370d825f3b6fb/screenshot - {}
RESULT: {}
RESULT: {}
RESULT: {}
COMMAND: POST /session/e9da8fc7d2e5c6d9fcb370d825f3b6fb/execute/async - {"script":"<script> [1562 bytes]","args":[{"selector":{"controlType":"sap.m.GenericTile","properties":{"header":"Manage Yards"}},"wdio_ui5_key":"sapm.GenericTile{\"header\":\"Manage Yards\"}"}]}
RESULT: {"script":"<script> [1562 bytes]","args":[{"selector":{"controlType":"sap.m.GenericTile","properties":{"header":"Manage Yards"}},"wdio_ui5_key":"sapm.GenericTile{\"header\":\"Manage Yards\"}"}]}
RESULT: undefined
COMMAND: POST /session/e9da8fc7d2e5c6d9fcb370d825f3b6fb/element - {"using":"xpath","value":"//*[@id=\"__tile42\"]"}
RESULT: {"using":"xpath","value":"//*[@id=\"__tile42\"]"}
COMMAND: POST /session/e9da8fc7d2e5c6d9fcb370d825f3b6fb/element/f.EB7466E535C2126E60AFBA1E962AA512.d.EEC94729866FBBA70DDFAAEBEB8364FC.e.175/click - {}
RESULT: {}
COMMAND: GET /session/e9da8fc7d2e5c6d9fcb370d825f3b6fb/screenshot - {}
RESULT: {}
COMMAND: POST /session/e9da8fc7d2e5c6d9fcb370d825f3b6fb/elements - {"using":"xpath","value":"//span[text()='Error']"}
RESULT: {"using":"xpath","value":"//span[text()='Error']"}
COMMAND: POST /session/e9da8fc7d2e5c6d9fcb370d825f3b6fb/element - {"using":"xpath","value":"//button[@data-kt=\"addNewYardOverflowToolbarButton\"]"}
RESULT: {"using":"xpath","value":"//button[@data-kt=\"addNewYardOverflowToolbarButton\"]"}
COMMAND: POST /session/e9da8fc7d2e5c6d9fcb370d825f3b6fb/elements - {"using":"xpath","value":"//button[@data-kt=\"addNewYardOverflowToolbarButton\"]"}
RESULT: {"using":"xpath","value":"//button[@data-kt=\"addNewYardOverflowToolbarButton\"]"}
COMMAND: POST /session/e9da8fc7d2e5c6d9fcb370d825f3b6fb/elements - {"using":"xpath","value":"//button[@data-kt=\"addNewYardOverflowToolbarButton\"]"}
RESULT: {"using":"xpath","value":"//button[@data-kt=\"addNewYardOverflowToolbarButton\"]"}
COMMAND: POST /session/e9da8fc7d2e5c6d9fcb370d825f3b6fb/elements - {"using":"xpath","value":"//button[@data-kt=\"addNewYardOverflowToolbarButton\"]"}
RESULT: {"using":"xpath","value":"//button[@data-kt=\"addNewYardOverflowToolbarButton\"]"}
COMMAND: POST /session/e9da8fc7d2e5c6d9fcb370d825f3b6fb/elements - {"using":"xpath","value":"//button[@data-kt=\"addNewYardOverflowToolbarButton\"]"}
RESULT: {"using":"xpath","value":"//button[@data-kt=\"addNewYardOverflowToolbarButton\"]"}
COMMAND: POST /session/e9da8fc7d2e5c6d9fcb370d825f3b6fb/elements - {"using":"xpath","value":"//button[@data-kt=\"addNewYardOverflowToolbarButton\"]"}
RESULT: {"using":"xpath","value":"//button[@data-kt=\"addNewYardOverflowToolbarButton\"]"}
COMMAND: POST /session/e9da8fc7d2e5c6d9fcb370d825f3b6fb/elements - {"using":"xpath","value":"//button[@data-kt=\"addNewYardOverflowToolbarButton\"]"}
RESULT: {"using":"xpath","value":"//button[@data-kt=\"addNewYardOverflowToolbarButton\"]"}
COMMAND: POST /session/e9da8fc7d2e5c6d9fcb370d825f3b6fb/elements - {"using":"xpath","value":"//button[@data-kt=\"addNewYardOverflowToolbarButton\"]"}
RESULT: {"using":"xpath","value":"//button[@data-kt=\"addNewYardOverflowToolbarButton\"]"}
COMMAND: POST /session/e9da8fc7d2e5c6d9fcb370d825f3b6fb/elements - {"using":"xpath","value":"//button[@data-kt=\"addNewYardOverflowToolbarButton\"]"}
RESULT: {"using":"xpath","value":"//button[@data-kt=\"addNewYardOverflowToolbarButton\"]"}
COMMAND: POST /session/e9da8fc7d2e5c6d9fcb370d825f3b6fb/elements - {"using":"xpath","value":"//button[@data-kt=\"addNewYardOverflowToolbarButton\"]"}
RESULT: {"using":"xpath","value":"//button[@data-kt=\"addNewYardOverflowToolbarButton\"]"}
COMMAND: POST /session/e9da8fc7d2e5c6d9fcb370d825f3b6fb/elements - {"using":"xpath","value":"//button[@data-kt=\"addNewYardOverflowToolbarButton\"]"}
RESULT: {"using":"xpath","value":"//button[@data-kt=\"addNewYardOverflowToolbarButton\"]"}
COMMAND: POST /session/e9da8fc7d2e5c6d9fcb370d825f3b6fb/elements - {"using":"xpath","value":"//button[@data-kt=\"addNewYardOverflowToolbarButton\"]"}
RESULT: {"using":"xpath","value":"//button[@data-kt=\"addNewYardOverflowToolbarButton\"]"}
COMMAND: POST /session/e9da8fc7d2e5c6d9fcb370d825f3b6fb/elements - {"using":"xpath","value":"//button[@data-kt=\"addNewYardOverflowToolbarButton\"]"}
RESULT: {"using":"xpath","value":"//button[@data-kt=\"addNewYardOverflowToolbarButton\"]"}
COMMAND: POST /session/e9da8fc7d2e5c6d9fcb370d825f3b6fb/elements - {"using":"xpath","value":"//button[@data-kt=\"addNewYardOverflowToolbarButton\"]"}
RESULT: {"using":"xpath","value":"//button[@data-kt=\"addNewYardOverflowToolbarButton\"]"}
COMMAND: POST /session/e9da8fc7d2e5c6d9fcb370d825f3b6fb/elements - {"using":"xpath","value":"//button[@data-kt=\"addNewYardOverflowToolbarButton\"]"}
RESULT: {"using":"xpath","value":"//button[@data-kt=\"addNewYardOverflowToolbarButton\"]"}
COMMAND: POST /session/e9da8fc7d2e5c6d9fcb370d825f3b6fb/elements - {"using":"xpath","value":"//button[@data-kt=\"addNewYardOverflowToolbarButton\"]"}
RESULT: {"using":"xpath","value":"//button[@data-kt=\"addNewYardOverflowToolbarButton\"]"}
COMMAND: POST /session/e9da8fc7d2e5c6d9fcb370d825f3b6fb/elements - {"using":"xpath","value":"//button[@data-kt=\"addNewYardOverflowToolbarButton\"]"}
RESULT: {"using":"xpath","value":"//button[@data-kt=\"addNewYardOverflowToolbarButton\"]"}
COMMAND: POST /session/e9da8fc7d2e5c6d9fcb370d825f3b6fb/elements - {"using":"xpath","value":"//button[@data-kt=\"addNewYardOverflowToolbarButton\"]"}
RESULT: {"using":"xpath","value":"//button[@data-kt=\"addNewYardOverflowToolbarButton\"]"}
COMMAND: POST /session/e9da8fc7d2e5c6d9fcb370d825f3b6fb/elements - {"using":"xpath","value":"//button[@data-kt=\"addNewYardOverflowToolbarButton\"]"}
RESULT: {"using":"xpath","value":"//button[@data-kt=\"addNewYardOverflowToolbarButton\"]"}
COMMAND: POST /session/e9da8fc7d2e5c6d9fcb370d825f3b6fb/elements - {"using":"xpath","value":"//button[@data-kt=\"addNewYardOverflowToolbarButton\"]"}
RESULT: {"using":"xpath","value":"//button[@data-kt=\"addNewYardOverflowToolbarButton\"]"}
COMMAND: POST /session/e9da8fc7d2e5c6d9fcb370d825f3b6fb/elements - {"using":"xpath","value":"//button[@data-kt=\"addNewYardOverflowToolbarButton\"]"}
RESULT: {"using":"xpath","value":"//button[@data-kt=\"addNewYardOverflowToolbarButton\"]"}
COMMAND: POST /session/e9da8fc7d2e5c6d9fcb370d825f3b6fb/elements - {"using":"xpath","value":"//button[@data-kt=\"addNewYardOverflowToolbarButton\"]"}
RESULT: {"using":"xpath","value":"//button[@data-kt=\"addNewYardOverflowToolbarButton\"]"}
COMMAND: POST /session/e9da8fc7d2e5c6d9fcb370d825f3b6fb/elements - {"using":"xpath","value":"//button[@data-kt=\"addNewYardOverflowToolbarButton\"]"}
RESULT: {"using":"xpath","value":"//button[@data-kt=\"addNewYardOverflowToolbarButton\"]"}
COMMAND: POST /session/e9da8fc7d2e5c6d9fcb370d825f3b6fb/elements - {"using":"xpath","value":"//button[@data-kt=\"addNewYardOverflowToolbarButton\"]"}
RESULT: {"using":"xpath","value":"//button[@data-kt=\"addNewYardOverflowToolbarButton\"]"}
COMMAND: POST /session/e9da8fc7d2e5c6d9fcb370d825f3b6fb/elements - {"using":"xpath","value":"//button[@data-kt=\"addNewYardOverflowToolbarButton\"]"}
RESULT: {"using":"xpath","value":"//button[@data-kt=\"addNewYardOverflowToolbarButton\"]"}
COMMAND: POST /session/e9da8fc7d2e5c6d9fcb370d825f3b6fb/elements - {"using":"xpath","value":"//button[@data-kt=\"addNewYardOverflowToolbarButton\"]"}
RESULT: {"using":"xpath","value":"//button[@data-kt=\"addNewYardOverflowToolbarButton\"]"}
COMMAND: POST /session/e9da8fc7d2e5c6d9fcb370d825f3b6fb/elements - {"using":"xpath","value":"//button[@data-kt=\"addNewYardOverflowToolbarButton\"]"}
RESULT: {"using":"xpath","value":"//button[@data-kt=\"addNewYardOverflowToolbarButton\"]"}
COMMAND: POST /session/e9da8fc7d2e5c6d9fcb370d825f3b6fb/elements - {"using":"xpath","value":"//button[@data-kt=\"addNewYardOverflowToolbarButton\"]"}
RESULT: {"using":"xpath","value":"//button[@data-kt=\"addNewYardOverflowToolbarButton\"]"}
COMMAND: POST /session/e9da8fc7d2e5c6d9fcb370d825f3b6fb/elements - {"using":"xpath","value":"//button[@data-kt=\"addNewYardOverflowToolbarButton\"]"}
RESULT: {"using":"xpath","value":"//button[@data-kt=\"addNewYardOverflowToolbarButton\"]"}
COMMAND: POST /session/e9da8fc7d2e5c6d9fcb370d825f3b6fb/element - {"using":"xpath","value":"//button[@data-kt=\"addNewYardOverflowToolbarButton\"]"}
RESULT: {"using":"xpath","value":"//button[@data-kt=\"addNewYardOverflowToolbarButton\"]"}
COMMAND: POST /session/e9da8fc7d2e5c6d9fcb370d825f3b6fb/execute/sync - {"script":"<script> [8489 bytes]","args":[{"element-6066-11e4-a52e-4f735466cecf":"f.EB7466E535C2126E60AFBA1E962AA512.d.EEC94729866FBBA70DDFAAEBEB8364FC.e.299","ELEMENT":"f.EB7466E535C2126E60AFBA1E962AA512.d.EEC94729866FBBA70DDFAAEBEB8364FC.e.299"}]}
RESULT: {"script":"<script> [8489 bytes]","args":[{"element-6066-11e4-a52e-4f735466cecf":"f.EB7466E535C2126E60AFBA1E962AA512.d.EEC94729866FBBA70DDFAAEBEB8364FC.e.299","ELEMENT":"f.EB7466E535C2126E60AFBA1E962AA512.d.EEC94729866FBBA70DDFAAEBEB8364FC.e.299"}]}
COMMAND: GET /session/e9da8fc7d2e5c6d9fcb370d825f3b6fb/element/f.EB7466E535C2126E60AFBA1E962AA512.d.EEC94729866FBBA70DDFAAEBEB8364FC.e.299/enabled - {}
COMMAND: GET /session/e9da8fc7d2e5c6d9fcb370d825f3b6fb/screenshot - {}
RESULT: {}
COMMAND: POST /session/e9da8fc7d2e5c6d9fcb370d825f3b6fb/execute/sync - {"script":"<script> [8489 bytes]","args":[{"element-6066-11e4-a52e-4f735466cecf":"f.EB7466E535C2126E60AFBA1E962AA512.d.EEC94729866FBBA70DDFAAEBEB8364FC.e.299","ELEMENT":"f.EB7466E535C2126E60AFBA1E962AA512.d.EEC94729866FBBA70DDFAAEBEB8364FC.e.299"}]}
COMMAND: GET /session/e9da8fc7d2e5c6d9fcb370d825f3b6fb/screenshot - {}
RESULT: {}
RESULT: {"script":"<script> [8489 bytes]","args":[{"element-6066-11e4-a52e-4f735466cecf":"f.EB7466E535C2126E60AFBA1E962AA512.d.EEC94729866FBBA70DDFAAEBEB8364FC.e.299","ELEMENT":"f.EB7466E535C2126E60AFBA1E962AA512.d.EEC94729866FBBA70DDFAAEBEB8364FC.e.299"}]}
COMMAND: POST /session/e9da8fc7d2e5c6d9fcb370d825f3b6fb/execute/sync - {"script":"<script> [5351 bytes]","args":[{"element-6066-11e4-a52e-4f735466cecf":"f.EB7466E535C2126E60AFBA1E962AA512.d.EEC94729866FBBA70DDFAAEBEB8364FC.e.299","ELEMENT":"f.EB7466E535C2126E60AFBA1E962AA512.d.EEC94729866FBBA70DDFAAEBEB8364FC.e.299"}]}
COMMAND: GET /session/e9da8fc7d2e5c6d9fcb370d825f3b6fb/screenshot - {}
RESULT: {}
RESULT: {"script":"<script> [5351 bytes]","args":[{"element-6066-11e4-a52e-4f735466cecf":"f.EB7466E535C2126E60AFBA1E962AA512.d.EEC94729866FBBA70DDFAAEBEB8364FC.e.299","ELEMENT":"f.EB7466E535C2126E60AFBA1E962AA512.d.EEC94729866FBBA70DDFAAEBEB8364FC.e.299"}]}
COMMAND: POST /session/e9da8fc7d2e5c6d9fcb370d825f3b6fb/element/f.EB7466E535C2126E60AFBA1E962AA512.d.EEC94729866FBBA70DDFAAEBEB8364FC.e.299/click - {}
COMMAND: GET /session/e9da8fc7d2e5c6d9fcb370d825f3b6fb/screenshot - {}
RESULT: {}
RESULT: {}
COMMAND: GET /session/e9da8fc7d2e5c6d9fcb370d825f3b6fb/screenshot - {}
RESULT: {}
RESULT: {}
COMMAND: POST /session/e9da8fc7d2e5c6d9fcb370d825f3b6fb/element - {"using":"xpath","value":"//input[@id=\"application-manageyards-display-component---NewYard--yardId-inner\"]"}
RESULT: {"using":"xpath","value":"//input[@id=\"application-manageyards-display-component---NewYard--yardId-inner\"]"}
COMMAND: POST /session/e9da8fc7d2e5c6d9fcb370d825f3b6fb/element - {"using":"xpath","value":"//input[@id=\"application-manageyards-display-component---NewYard--yardId-inner\"]"}
RESULT: {"using":"xpath","value":"//input[@id=\"application-manageyards-display-component---NewYard--yardId-inner\"]"}
COMMAND: POST /session/e9da8fc7d2e5c6d9fcb370d825f3b6fb/execute/async - {"script":"<script> [1562 bytes]","args":[{"selector":{"id":"application-manageyards-display-component---NewYard--addressDetailDetailsName1","interaction":{"idSuffix":"inner"}},"wdio_ui5_key":"applicationmanageyards-display-component---NewYard--addressDetailDetailsName1"}]}
RESULT: {"script":"<script> [1562 bytes]","args":[{"selector":{"id":"application-manageyards-display-component---NewYard--addressDetailDetailsName1","interaction":{"idSuffix":"inner"}},"wdio_ui5_key":"applicationmanageyards-display-component---NewYard--addressDetailDetailsName1"}]}
RESULT: undefined
COMMAND: POST /session/e9da8fc7d2e5c6d9fcb370d825f3b6fb/execute/async - {"script":"<script> [776 bytes]","args":[{"enterText":"Intracompany Yard wdIO","selector":{"id":"application-manageyards-display-component---NewYard--addressDetailDetailsName1","interaction":{"idSuffix":"inner"}},"clearTextFirst":true,"interactionType":"ENTER_TEXT"}]}
RESULT: {"script":"<script> [776 bytes]","args":[{"enterText":"Intracompany Yard wdIO","selector":{"id":"application-manageyards-display-component---NewYard--addressDetailDetailsName1","interaction":{"idSuffix":"inner"}},"clearTextFirst":true,"interactionType":"ENTER_TEXT"}]}
COMMAND: POST /session/e9da8fc7d2e5c6d9fcb370d825f3b6fb/execute/async - {"script":"<script> [1562 bytes]","args":[{"selector":{"id":"application-manageyards-display-component---NewYard--addressDetailDetailsLanguage-arrow"},"wdio_ui5_key":"applicationmanageyards-display-component---NewYard--addressDetailDetailsLanguage-arrow"}]}
RESULT: {"script":"<script> [1562 bytes]","args":[{"selector":{"id":"application-manageyards-display-component---NewYard--addressDetailDetailsLanguage-arrow"},"wdio_ui5_key":"applicationmanageyards-display-component---NewYard--addressDetailDetailsLanguage-arrow"}]}
RESULT: undefined
COMMAND: POST /session/e9da8fc7d2e5c6d9fcb370d825f3b6fb/element - {"using":"xpath","value":"//*[@id=\"application-manageyards-display-component---NewYard--addressDetailDetailsLanguage-arrow\"]"}
RESULT: {"using":"xpath","value":"//*[@id=\"application-manageyards-display-component---NewYard--addressDetailDetailsLanguage-arrow\"]"}
COMMAND: POST /session/e9da8fc7d2e5c6d9fcb370d825f3b6fb/element/f.EB7466E535C2126E60AFBA1E962AA512.d.EEC94729866FBBA70DDFAAEBEB8364FC.e.733/click - {}
RESULT: {}
COMMAND: POST /session/e9da8fc7d2e5c6d9fcb370d825f3b6fb/element - {"using":"xpath","value":"//span[contains(text(), \"English\")]"}
COMMAND: GET /session/e9da8fc7d2e5c6d9fcb370d825f3b6fb/screenshot - {}
RESULT: {"using":"xpath","value":"//span[contains(text(), \"English\")]"}
COMMAND: POST /session/e9da8fc7d2e5c6d9fcb370d825f3b6fb/element/f.EB7466E535C2126E60AFBA1E962AA512.d.EEC94729866FBBA70DDFAAEBEB8364FC.e.734/click - {}
RESULT: {}
RESULT: {}
COMMAND: POST /session/e9da8fc7d2e5c6d9fcb370d825f3b6fb/execute/async - {"script":"<script> [1562 bytes]","args":[{"selector":{"id":"application-manageyards-display-component---NewYard--addressDetailDetailsCity1","interaction":{"idSuffix":"inner"}},"wdio_ui5_key":"applicationmanageyards-display-component---NewYard--addressDetailDetailsCity1"}]}
COMMAND: GET /session/e9da8fc7d2e5c6d9fcb370d825f3b6fb/screenshot - {}
RESULT: {"script":"<script> [1562 bytes]","args":[{"selector":{"id":"application-manageyards-display-component---NewYard--addressDetailDetailsCity1","interaction":{"idSuffix":"inner"}},"wdio_ui5_key":"applicationmanageyards-display-component---NewYard--addressDetailDetailsCity1"}]}
RESULT: undefined
COMMAND: POST /session/e9da8fc7d2e5c6d9fcb370d825f3b6fb/execute/async - {"script":"<script> [776 bytes]","args":[{"enterText":"Rosario","selector":{"id":"application-manageyards-display-component---NewYard--addressDetailDetailsCity1","interaction":{"idSuffix":"inner"}},"clearTextFirst":true,"interactionType":"ENTER_TEXT"}]}
RESULT: {}
RESULT: {"script":"<script> [776 bytes]","args":[{"enterText":"Rosario","selector":{"id":"application-manageyards-display-component---NewYard--addressDetailDetailsCity1","interaction":{"idSuffix":"inner"}},"clearTextFirst":true,"interactionType":"ENTER_TEXT"}]}
COMMAND: POST /session/e9da8fc7d2e5c6d9fcb370d825f3b6fb/execute/async - {"script":"<script> [1562 bytes]","args":[{"selector":{"id":"application-manageyards-display-component---NewYard--addressDetailDetailsCountry-arrow"},"wdio_ui5_key":"applicationmanageyards-display-component---NewYard--addressDetailDetailsCountry-arrow"}]}
RESULT: {"script":"<script> [1562 bytes]","args":[{"selector":{"id":"application-manageyards-display-component---NewYard--addressDetailDetailsCountry-arrow"},"wdio_ui5_key":"applicationmanageyards-display-component---NewYard--addressDetailDetailsCountry-arrow"}]}
RESULT: undefined
COMMAND: POST /session/e9da8fc7d2e5c6d9fcb370d825f3b6fb/element - {"using":"xpath","value":"//*[@id=\"application-manageyards-display-component---NewYard--addressDetailDetailsCountry-arrow\"]"}
RESULT: {"using":"xpath","value":"//*[@id=\"application-manageyards-display-component---NewYard--addressDetailDetailsCountry-arrow\"]"}
COMMAND: POST /session/e9da8fc7d2e5c6d9fcb370d825f3b6fb/element/f.EB7466E535C2126E60AFBA1E962AA512.d.EEC94729866FBBA70DDFAAEBEB8364FC.e.736/click - {}
RESULT: {}
COMMAND: POST /session/e9da8fc7d2e5c6d9fcb370d825f3b6fb/element - {"using":"xpath","value":"//span[contains(text(), \"Argentina\")]"}
COMMAND: GET /session/e9da8fc7d2e5c6d9fcb370d825f3b6fb/screenshot - {}
RESULT: {"using":"xpath","value":"//span[contains(text(), \"Argentina\")]"}
COMMAND: POST /session/e9da8fc7d2e5c6d9fcb370d825f3b6fb/element/f.EB7466E535C2126E60AFBA1E962AA512.d.EEC94729866FBBA70DDFAAEBEB8364FC.e.738/click - {}
RESULT: {}
RESULT: {}
COMMAND: POST /session/e9da8fc7d2e5c6d9fcb370d825f3b6fb/execute/async - {"script":"<script> [1562 bytes]","args":[{"selector":{"id":"application-manageyards-display-component---NewYard--addressEditDetailsCostObjectCstType-arrow"},"wdio_ui5_key":"applicationmanageyards-display-component---NewYard--addressEditDetailsCostObjectCstType-arrow"}]}
COMMAND: GET /session/e9da8fc7d2e5c6d9fcb370d825f3b6fb/screenshot - {}
RESULT: {"script":"<script> [1562 bytes]","args":[{"selector":{"id":"application-manageyards-display-component---NewYard--addressEditDetailsCostObjectCstType-arrow"},"wdio_ui5_key":"applicationmanageyards-display-component---NewYard--addressEditDetailsCostObjectCstType-arrow"}]}
RESULT: undefined
COMMAND: POST /session/e9da8fc7d2e5c6d9fcb370d825f3b6fb/element - {"using":"xpath","value":"//*[@id=\"application-manageyards-display-component---NewYard--addressEditDetailsCostObjectCstType-arrow\"]"}
RESULT: {}
RESULT: {"using":"xpath","value":"//*[@id=\"application-manageyards-display-component---NewYard--addressEditDetailsCostObjectCstType-arrow\"]"}
COMMAND: POST /session/e9da8fc7d2e5c6d9fcb370d825f3b6fb/element/f.EB7466E535C2126E60AFBA1E962AA512.d.EEC94729866FBBA70DDFAAEBEB8364FC.e.739/click - {}
RESULT: {}
COMMAND: POST /session/e9da8fc7d2e5c6d9fcb370d825f3b6fb/element - {"using":"xpath","value":"//span[contains(text(), \"Cost Center\")]"}
COMMAND: GET /session/e9da8fc7d2e5c6d9fcb370d825f3b6fb/screenshot - {}
RESULT: {"using":"xpath","value":"//span[contains(text(), \"Cost Center\")]"}
COMMAND: POST /session/e9da8fc7d2e5c6d9fcb370d825f3b6fb/element/f.EB7466E535C2126E60AFBA1E962AA512.d.EEC94729866FBBA70DDFAAEBEB8364FC.e.740/click - {}
RESULT: {}
RESULT: {}
COMMAND: GET /session/e9da8fc7d2e5c6d9fcb370d825f3b6fb/screenshot - {}
RESULT: {}
COMMAND: POST /session/e9da8fc7d2e5c6d9fcb370d825f3b6fb/element - {"using":"xpath","value":"//span[@id=\"application-manageyards-display-component---NewYard--addressNewCostObjectCstID-vhi\"]"}
RESULT: {"using":"xpath","value":"//span[@id=\"application-manageyards-display-component---NewYard--addressNewCostObjectCstID-vhi\"]"}
COMMAND: POST /session/e9da8fc7d2e5c6d9fcb370d825f3b6fb/execute/sync - {"script":"<script> [8489 bytes]","args":[{"element-6066-11e4-a52e-4f735466cecf":"f.EB7466E535C2126E60AFBA1E962AA512.d.EEC94729866FBBA70DDFAAEBEB8364FC.e.744","ELEMENT":"f.EB7466E535C2126E60AFBA1E962AA512.d.EEC94729866FBBA70DDFAAEBEB8364FC.e.744"}]}
RESULT: {"script":"<script> [8489 bytes]","args":[{"element-6066-11e4-a52e-4f735466cecf":"f.EB7466E535C2126E60AFBA1E962AA512.d.EEC94729866FBBA70DDFAAEBEB8364FC.e.744","ELEMENT":"f.EB7466E535C2126E60AFBA1E962AA512.d.EEC94729866FBBA70DDFAAEBEB8364FC.e.744"}]}
COMMAND: POST /session/e9da8fc7d2e5c6d9fcb370d825f3b6fb/execute/async - {"script":"<script> [1562 bytes]","args":[{"selector":{"id":"application-manageyards-display-component---NewYard--addressNewCostObjectCstID-vhi"},"wdio_ui5_key":"applicationmanageyards-display-component---NewYard--addressNewCostObjectCstID-vhi"}]}
COMMAND: GET /session/e9da8fc7d2e5c6d9fcb370d825f3b6fb/screenshot - {}
RESULT: {"script":"<script> [1562 bytes]","args":[{"selector":{"id":"application-manageyards-display-component---NewYard--addressNewCostObjectCstID-vhi"},"wdio_ui5_key":"applicationmanageyards-display-component---NewYard--addressNewCostObjectCstID-vhi"}]}
RESULT: undefined
COMMAND: POST /session/e9da8fc7d2e5c6d9fcb370d825f3b6fb/element - {"using":"xpath","value":"//*[@id=\"application-manageyards-display-component---NewYard--addressNewCostObjectCstID-vhi\"]"}
RESULT: {}
RESULT: {"using":"xpath","value":"//*[@id=\"application-manageyards-display-component---NewYard--addressNewCostObjectCstID-vhi\"]"}
COMMAND: POST /session/e9da8fc7d2e5c6d9fcb370d825f3b6fb/element/f.EB7466E535C2126E60AFBA1E962AA512.d.EEC94729866FBBA70DDFAAEBEB8364FC.e.744/click - {}
RESULT: {}
COMMAND: GET /session/e9da8fc7d2e5c6d9fcb370d825f3b6fb/screenshot - {}
RESULT: {}
COMMAND: POST /session/e9da8fc7d2e5c6d9fcb370d825f3b6fb/execute/async - {"script":"<script> [1562 bytes]","args":[{"selector":{"controlType":"sap.m.SearchField","properties":{"placeholder":"Search"},"searchOpenDialogs":true,"interaction":{"idSuffix":"I"}},"wdio_ui5_key":"sapm.SearchField{\"placeholder\":\"Search\"}"}]}
RESULT: {"script":"<script> [1562 bytes]","args":[{"selector":{"controlType":"sap.m.SearchField","properties":{"placeholder":"Search"},"searchOpenDialogs":true,"interaction":{"idSuffix":"I"}},"wdio_ui5_key":"sapm.SearchField{\"placeholder\":\"Search\"}"}]}
RESULT: undefined
COMMAND: POST /session/e9da8fc7d2e5c6d9fcb370d825f3b6fb/execute/async - {"script":"<script> [776 bytes]","args":[{"enterText":"bauh_b","selector":{"controlType":"sap.m.SearchField","properties":{"placeholder":"Search"},"searchOpenDialogs":true,"interaction":{"idSuffix":"I"}},"clearTextFirst":true,"interactionType":"ENTER_TEXT"}]}
RESULT: {"script":"<script> [776 bytes]","args":[{"enterText":"bauh_b","selector":{"controlType":"sap.m.SearchField","properties":{"placeholder":"Search"},"searchOpenDialogs":true,"interaction":{"idSuffix":"I"}},"clearTextFirst":true,"interactionType":"ENTER_TEXT"}]}
COMMAND: POST /session/e9da8fc7d2e5c6d9fcb370d825f3b6fb/actions - {"actions":[{"id":"action1","type":"key","parameters":{},"actions":[{"type":"keyDown","value":""},{"type":"pause","duration":10},{"type":"keyUp","value":""}]}]}
RESULT: {"actions":[{"id":"action1","type":"key","parameters":{},"actions":[{"type":"keyDown","value":""},{"type":"pause","duration":10},{"type":"keyUp","value":""}]}]}
COMMAND: GET /session/e9da8fc7d2e5c6d9fcb370d825f3b6fb/screenshot - {}
RESULT: {}
COMMAND: POST /session/e9da8fc7d2e5c6d9fcb370d825f3b6fb/element - {"using":"xpath","value":"//span[contains(text(), \"Demo Yard\")]"}
RESULT: {"using":"xpath","value":"//span[contains(text(), \"Demo Yard\")]"}
COMMAND: POST /session/e9da8fc7d2e5c6d9fcb370d825f3b6fb/element/f.EB7466E535C2126E60AFBA1E962AA512.d.EEC94729866FBBA70DDFAAEBEB8364FC.e.785/click - {}
RESULT: {}
COMMAND: GET /session/e9da8fc7d2e5c6d9fcb370d825f3b6fb/screenshot - {}
RESULT: {}
COMMAND: POST /session/e9da8fc7d2e5c6d9fcb370d825f3b6fb/element - {"using":"xpath","value":"//bdi[contains(text(), \"OK\")]"}
RESULT: {"using":"xpath","value":"//bdi[contains(text(), \"OK\")]"}
COMMAND: POST /session/e9da8fc7d2e5c6d9fcb370d825f3b6fb/element/f.EB7466E535C2126E60AFBA1E962AA512.d.EEC94729866FBBA70DDFAAEBEB8364FC.e.786/click - {}
RESULT: {}
COMMAND: GET /session/e9da8fc7d2e5c6d9fcb370d825f3b6fb/screenshot - {}
RESULT: {}
COMMAND: POST /session/e9da8fc7d2e5c6d9fcb370d825f3b6fb/execute/async - {"script":"<script> [1562 bytes]","args":[{"selector":{"id":"application-manageyards-display-component---NewYard--addressEditDetailsCurrency-arrow"},"wdio_ui5_key":"applicationmanageyards-display-component---NewYard--addressEditDetailsCurrency-arrow"}]}
RESULT: {"script":"<script> [1562 bytes]","args":[{"selector":{"id":"application-manageyards-display-component---NewYard--addressEditDetailsCurrency-arrow"},"wdio_ui5_key":"applicationmanageyards-display-component---NewYard--addressEditDetailsCurrency-arrow"}]}
RESULT: undefined
COMMAND: POST /session/e9da8fc7d2e5c6d9fcb370d825f3b6fb/element - {"using":"xpath","value":"//*[@id=\"application-manageyards-display-component---NewYard--addressEditDetailsCurrency-arrow\"]"}
RESULT: {"using":"xpath","value":"//*[@id=\"application-manageyards-display-component---NewYard--addressEditDetailsCurrency-arrow\"]"}
COMMAND: POST /session/e9da8fc7d2e5c6d9fcb370d825f3b6fb/element/f.EB7466E535C2126E60AFBA1E962AA512.d.EEC94729866FBBA70DDFAAEBEB8364FC.e.789/click - {}
RESULT: {}
COMMAND: POST /session/e9da8fc7d2e5c6d9fcb370d825f3b6fb/element - {"using":"xpath","value":"//span[contains(text(), \"Euro\")]"}
COMMAND: GET /session/e9da8fc7d2e5c6d9fcb370d825f3b6fb/screenshot - {}
RESULT: {"using":"xpath","value":"//span[contains(text(), \"Euro\")]"}
COMMAND: POST /session/e9da8fc7d2e5c6d9fcb370d825f3b6fb/element/f.EB7466E535C2126E60AFBA1E962AA512.d.EEC94729866FBBA70DDFAAEBEB8364FC.e.790/click - {}
RESULT: {}
RESULT: {}
COMMAND: POST /session/e9da8fc7d2e5c6d9fcb370d825f3b6fb/execute/async - {"script":"<script> [1562 bytes]","args":[{"selector":{"controlType":"sap.m.Input","viewName":"etm.portal.ui.manageyards.view.New","viewId":"application-manageyards-display-component---NewYard","bindingPath":{"path":"","propertyPath":"/CONTROLLING_AREA","modelName":"NewYardModel"},"interaction":{"idSuffix":"inner"}},"wdio_ui5_key":"etmportal.ui.manageyards.view.Newsap.m.Input{\"path\":\"\",\"propertyPath\":\"/CONTROLLING_AREA\",\"modelName\":\"NewYardModel\"}"}]}
COMMAND: GET /session/e9da8fc7d2e5c6d9fcb370d825f3b6fb/screenshot - {}
RESULT: {"script":"<script> [1562 bytes]","args":[{"selector":{"controlType":"sap.m.Input","viewName":"etm.portal.ui.manageyards.view.New","viewId":"application-manageyards-display-component---NewYard","bindingPath":{"path":"","propertyPath":"/CONTROLLING_AREA","modelName":"NewYardModel"},"interaction":{"idSuffix":"inner"}},"wdio_ui5_key":"etmportal.ui.manageyards.view.Newsap.m.Input{\"path\":\"\",\"propertyPath\":\"/CONTROLLING_AREA\",\"modelName\":\"NewYardModel\"}"}]}
RESULT: undefined
COMMAND: POST /session/e9da8fc7d2e5c6d9fcb370d825f3b6fb/execute/async - {"script":"<script> [776 bytes]","args":[{"enterText":"Z001","selector":{"controlType":"sap.m.Input","viewName":"etm.portal.ui.manageyards.view.New","viewId":"application-manageyards-display-component---NewYard","bindingPath":{"path":"","propertyPath":"/CONTROLLING_AREA","modelName":"NewYardModel"},"interaction":{"idSuffix":"inner"}},"clearTextFirst":true,"interactionType":"ENTER_TEXT"}]}
RESULT: {}
RESULT: {"script":"<script> [776 bytes]","args":[{"enterText":"Z001","selector":{"controlType":"sap.m.Input","viewName":"etm.portal.ui.manageyards.view.New","viewId":"application-manageyards-display-component---NewYard","bindingPath":{"path":"","propertyPath":"/CONTROLLING_AREA","modelName":"NewYardModel"},"interaction":{"idSuffix":"inner"}},"clearTextFirst":true,"interactionType":"ENTER_TEXT"}]}
COMMAND: POST /session/e9da8fc7d2e5c6d9fcb370d825f3b6fb/execute/async - {"script":"<script> [1562 bytes]","args":[{"selector":{"id":"application-manageyards-display-component---NewYard--companyCodeComboBox","interaction":{"idSuffix":"inner"}},"wdio_ui5_key":"applicationmanageyards-display-component---NewYard--companyCodeComboBox"}]}
RESULT: {"script":"<script> [1562 bytes]","args":[{"selector":{"id":"application-manageyards-display-component---NewYard--companyCodeComboBox","interaction":{"idSuffix":"inner"}},"wdio_ui5_key":"applicationmanageyards-display-component---NewYard--companyCodeComboBox"}]}
RESULT: undefined
COMMAND: POST /session/e9da8fc7d2e5c6d9fcb370d825f3b6fb/execute/async - {"script":"<script> [776 bytes]","args":[{"enterText":"1000","selector":{"id":"application-manageyards-display-component---NewYard--companyCodeComboBox","interaction":{"idSuffix":"inner"}},"clearTextFirst":true,"interactionType":"ENTER_TEXT"}]}
RESULT: {"script":"<script> [776 bytes]","args":[{"enterText":"1000","selector":{"id":"application-manageyards-display-component---NewYard--companyCodeComboBox","interaction":{"idSuffix":"inner"}},"clearTextFirst":true,"interactionType":"ENTER_TEXT"}]}
COMMAND: POST /session/e9da8fc7d2e5c6d9fcb370d825f3b6fb/execute/async - {"script":"<script> [1562 bytes]","args":[{"selector":{"controlType":"sap.m.Input","viewName":"etm.portal.ui.manageyards.view.New","viewId":"application-manageyards-display-component---NewYard","bindingPath":{"path":"","propertyPath":"/PLANT","modelName":"NewYardModel"},"interaction":{"idSuffix":"inner"}},"wdio_ui5_key":"etmportal.ui.manageyards.view.Newsap.m.Input{\"path\":\"\",\"propertyPath\":\"/PLANT\",\"modelName\":\"NewYardModel\"}"}]}
RESULT: {"script":"<script> [1562 bytes]","args":[{"selector":{"controlType":"sap.m.Input","viewName":"etm.portal.ui.manageyards.view.New","viewId":"application-manageyards-display-component---NewYard","bindingPath":{"path":"","propertyPath":"/PLANT","modelName":"NewYardModel"},"interaction":{"idSuffix":"inner"}},"wdio_ui5_key":"etmportal.ui.manageyards.view.Newsap.m.Input{\"path\":\"\",\"propertyPath\":\"/PLANT\",\"modelName\":\"NewYardModel\"}"}]}
RESULT: undefined
COMMAND: POST /session/e9da8fc7d2e5c6d9fcb370d825f3b6fb/execute/async - {"script":"<script> [776 bytes]","args":[{"enterText":"1001","selector":{"controlType":"sap.m.Input","viewName":"etm.portal.ui.manageyards.view.New","viewId":"application-manageyards-display-component---NewYard","bindingPath":{"path":"","propertyPath":"/PLANT","modelName":"NewYardModel"},"interaction":{"idSuffix":"inner"}},"clearTextFirst":true,"interactionType":"ENTER_TEXT"}]}
RESULT: {"script":"<script> [776 bytes]","args":[{"enterText":"1001","selector":{"controlType":"sap.m.Input","viewName":"etm.portal.ui.manageyards.view.New","viewId":"application-manageyards-display-component---NewYard","bindingPath":{"path":"","propertyPath":"/PLANT","modelName":"NewYardModel"},"interaction":{"idSuffix":"inner"}},"clearTextFirst":true,"interactionType":"ENTER_TEXT"}]}
COMMAND: POST /session/e9da8fc7d2e5c6d9fcb370d825f3b6fb/execute/async - {"script":"<script> [1562 bytes]","args":[{"selector":{"controlType":"sap.m.Input","viewName":"etm.portal.ui.manageyards.view.New","viewId":"application-manageyards-display-component---NewYard","bindingPath":{"path":"","propertyPath":"/SALES_AREA_VKORG","modelName":"NewYardModel"},"interaction":{"idSuffix":"inner"}},"wdio_ui5_key":"etmportal.ui.manageyards.view.Newsap.m.Input{\"path\":\"\",\"propertyPath\":\"/SALES_AREA_VKORG\",\"modelName\":\"NewYardModel\"}"}]}
RESULT: {"script":"<script> [1562 bytes]","args":[{"selector":{"controlType":"sap.m.Input","viewName":"etm.portal.ui.manageyards.view.New","viewId":"application-manageyards-display-component---NewYard","bindingPath":{"path":"","propertyPath":"/SALES_AREA_VKORG","modelName":"NewYardModel"},"interaction":{"idSuffix":"inner"}},"wdio_ui5_key":"etmportal.ui.manageyards.view.Newsap.m.Input{\"path\":\"\",\"propertyPath\":\"/SALES_AREA_VKORG\",\"modelName\":\"NewYardModel\"}"}]}
RESULT: undefined
COMMAND: POST /session/e9da8fc7d2e5c6d9fcb370d825f3b6fb/execute/async - {"script":"<script> [776 bytes]","args":[{"enterText":"C002","selector":{"controlType":"sap.m.Input","viewName":"etm.portal.ui.manageyards.view.New","viewId":"application-manageyards-display-component---NewYard","bindingPath":{"path":"","propertyPath":"/SALES_AREA_VKORG","modelName":"NewYardModel"},"interaction":{"idSuffix":"inner"}},"clearTextFirst":true,"interactionType":"ENTER_TEXT"}]}
RESULT: {"script":"<script> [776 bytes]","args":[{"enterText":"C002","selector":{"controlType":"sap.m.Input","viewName":"etm.portal.ui.manageyards.view.New","viewId":"application-manageyards-display-component---NewYard","bindingPath":{"path":"","propertyPath":"/SALES_AREA_VKORG","modelName":"NewYardModel"},"interaction":{"idSuffix":"inner"}},"clearTextFirst":true,"interactionType":"ENTER_TEXT"}]}
COMMAND: POST /session/e9da8fc7d2e5c6d9fcb370d825f3b6fb/execute/async - {"script":"<script> [1562 bytes]","args":[{"selector":{"controlType":"sap.m.Input","viewName":"etm.portal.ui.manageyards.view.New","viewId":"application-manageyards-display-component---NewYard","bindingPath":{"path":"","propertyPath":"/SALES_AREA_VTWEG","modelName":"NewYardModel"},"interaction":{"idSuffix":"inner"}},"wdio_ui5_key":"etmportal.ui.manageyards.view.Newsap.m.Input{\"path\":\"\",\"propertyPath\":\"/SALES_AREA_VTWEG\",\"modelName\":\"NewYardModel\"}"}]}
RESULT: {"script":"<script> [1562 bytes]","args":[{"selector":{"controlType":"sap.m.Input","viewName":"etm.portal.ui.manageyards.view.New","viewId":"application-manageyards-display-component---NewYard","bindingPath":{"path":"","propertyPath":"/SALES_AREA_VTWEG","modelName":"NewYardModel"},"interaction":{"idSuffix":"inner"}},"wdio_ui5_key":"etmportal.ui.manageyards.view.Newsap.m.Input{\"path\":\"\",\"propertyPath\":\"/SALES_AREA_VTWEG\",\"modelName\":\"NewYardModel\"}"}]}
RESULT: undefined
COMMAND: POST /session/e9da8fc7d2e5c6d9fcb370d825f3b6fb/execute/async - {"script":"<script> [776 bytes]","args":[{"enterText":"C2","selector":{"controlType":"sap.m.Input","viewName":"etm.portal.ui.manageyards.view.New","viewId":"application-manageyards-display-component---NewYard","bindingPath":{"path":"","propertyPath":"/SALES_AREA_VTWEG","modelName":"NewYardModel"},"interaction":{"idSuffix":"inner"}},"clearTextFirst":true,"interactionType":"ENTER_TEXT"}]}
RESULT: {"script":"<script> [776 bytes]","args":[{"enterText":"C2","selector":{"controlType":"sap.m.Input","viewName":"etm.portal.ui.manageyards.view.New","viewId":"application-manageyards-display-component---NewYard","bindingPath":{"path":"","propertyPath":"/SALES_AREA_VTWEG","modelName":"NewYardModel"},"interaction":{"idSuffix":"inner"}},"clearTextFirst":true,"interactionType":"ENTER_TEXT"}]}
COMMAND: POST /session/e9da8fc7d2e5c6d9fcb370d825f3b6fb/execute/async - {"script":"<script> [1562 bytes]","args":[{"selector":{"controlType":"sap.m.Input","viewName":"etm.portal.ui.manageyards.view.New","viewId":"application-manageyards-display-component---NewYard","bindingPath":{"path":"","propertyPath":"/SALES_AREA_SPART","modelName":"NewYardModel"},"interaction":{"idSuffix":"inner"}},"wdio_ui5_key":"etmportal.ui.manageyards.view.Newsap.m.Input{\"path\":\"\",\"propertyPath\":\"/SALES_AREA_SPART\",\"modelName\":\"NewYardModel\"}"}]}
RESULT: {"script":"<script> [1562 bytes]","args":[{"selector":{"controlType":"sap.m.Input","viewName":"etm.portal.ui.manageyards.view.New","viewId":"application-manageyards-display-component---NewYard","bindingPath":{"path":"","propertyPath":"/SALES_AREA_SPART","modelName":"NewYardModel"},"interaction":{"idSuffix":"inner"}},"wdio_ui5_key":"etmportal.ui.manageyards.view.Newsap.m.Input{\"path\":\"\",\"propertyPath\":\"/SALES_AREA_SPART\",\"modelName\":\"NewYardModel\"}"}]}
RESULT: undefined
COMMAND: POST /session/e9da8fc7d2e5c6d9fcb370d825f3b6fb/execute/async - {"script":"<script> [776 bytes]","args":[{"enterText":"C2","selector":{"controlType":"sap.m.Input","viewName":"etm.portal.ui.manageyards.view.New","viewId":"application-manageyards-display-component---NewYard","bindingPath":{"path":"","propertyPath":"/SALES_AREA_SPART","modelName":"NewYardModel"},"interaction":{"idSuffix":"inner"}},"clearTextFirst":true,"interactionType":"ENTER_TEXT"}]}
RESULT: {"script":"<script> [776 bytes]","args":[{"enterText":"C2","selector":{"controlType":"sap.m.Input","viewName":"etm.portal.ui.manageyards.view.New","viewId":"application-manageyards-display-component---NewYard","bindingPath":{"path":"","propertyPath":"/SALES_AREA_SPART","modelName":"NewYardModel"},"interaction":{"idSuffix":"inner"}},"clearTextFirst":true,"interactionType":"ENTER_TEXT"}]}
COMMAND: POST /session/e9da8fc7d2e5c6d9fcb370d825f3b6fb/execute/async - {"script":"<script> [1562 bytes]","args":[{"selector":{"controlType":"sap.m.Input","viewName":"etm.portal.ui.manageyards.view.New","viewId":"application-manageyards-display-component---NewYard","bindingPath":{"path":"","propertyPath":"/SHIP_POINT","modelName":"NewYardModel"},"interaction":{"idSuffix":"inner"}},"wdio_ui5_key":"etmportal.ui.manageyards.view.Newsap.m.Input{\"path\":\"\",\"propertyPath\":\"/SHIP_POINT\",\"modelName\":\"NewYardModel\"}"}]}
RESULT: {"script":"<script> [1562 bytes]","args":[{"selector":{"controlType":"sap.m.Input","viewName":"etm.portal.ui.manageyards.view.New","viewId":"application-manageyards-display-component---NewYard","bindingPath":{"path":"","propertyPath":"/SHIP_POINT","modelName":"NewYardModel"},"interaction":{"idSuffix":"inner"}},"wdio_ui5_key":"etmportal.ui.manageyards.view.Newsap.m.Input{\"path\":\"\",\"propertyPath\":\"/SHIP_POINT\",\"modelName\":\"NewYardModel\"}"}]}
RESULT: undefined
COMMAND: POST /session/e9da8fc7d2e5c6d9fcb370d825f3b6fb/execute/async - {"script":"<script> [776 bytes]","args":[{"enterText":"1710","selector":{"controlType":"sap.m.Input","viewName":"etm.portal.ui.manageyards.view.New","viewId":"application-manageyards-display-component---NewYard","bindingPath":{"path":"","propertyPath":"/SHIP_POINT","modelName":"NewYardModel"},"interaction":{"idSuffix":"inner"}},"clearTextFirst":true,"interactionType":"ENTER_TEXT"}]}
RESULT: {"script":"<script> [776 bytes]","args":[{"enterText":"1710","selector":{"controlType":"sap.m.Input","viewName":"etm.portal.ui.manageyards.view.New","viewId":"application-manageyards-display-component---NewYard","bindingPath":{"path":"","propertyPath":"/SHIP_POINT","modelName":"NewYardModel"},"interaction":{"idSuffix":"inner"}},"clearTextFirst":true,"interactionType":"ENTER_TEXT"}]}
COMMAND: POST /session/e9da8fc7d2e5c6d9fcb370d825f3b6fb/execute/async - {"script":"<script> [1562 bytes]","args":[{"selector":{"controlType":"sap.m.Input","viewName":"etm.portal.ui.manageyards.view.New","viewId":"application-manageyards-display-component---NewYard","bindingPath":{"path":"","propertyPath":"/DELIVERY_TYPE","modelName":"NewYardModel"},"interaction":{"idSuffix":"inner"}},"wdio_ui5_key":"etmportal.ui.manageyards.view.Newsap.m.Input{\"path\":\"\",\"propertyPath\":\"/DELIVERY_TYPE\",\"modelName\":\"NewYardModel\"}"}]}
RESULT: {"script":"<script> [1562 bytes]","args":[{"selector":{"controlType":"sap.m.Input","viewName":"etm.portal.ui.manageyards.view.New","viewId":"application-manageyards-display-component---NewYard","bindingPath":{"path":"","propertyPath":"/DELIVERY_TYPE","modelName":"NewYardModel"},"interaction":{"idSuffix":"inner"}},"wdio_ui5_key":"etmportal.ui.manageyards.view.Newsap.m.Input{\"path\":\"\",\"propertyPath\":\"/DELIVERY_TYPE\",\"modelName\":\"NewYardModel\"}"}]}
RESULT: undefined
COMMAND: POST /session/e9da8fc7d2e5c6d9fcb370d825f3b6fb/execute/async - {"script":"<script> [776 bytes]","args":[{"enterText":"ZL01","selector":{"controlType":"sap.m.Input","viewName":"etm.portal.ui.manageyards.view.New","viewId":"application-manageyards-display-component---NewYard","bindingPath":{"path":"","propertyPath":"/DELIVERY_TYPE","modelName":"NewYardModel"},"interaction":{"idSuffix":"inner"}},"clearTextFirst":true,"interactionType":"ENTER_TEXT"}]}
RESULT: {"script":"<script> [776 bytes]","args":[{"enterText":"ZL01","selector":{"controlType":"sap.m.Input","viewName":"etm.portal.ui.manageyards.view.New","viewId":"application-manageyards-display-component---NewYard","bindingPath":{"path":"","propertyPath":"/DELIVERY_TYPE","modelName":"NewYardModel"},"interaction":{"idSuffix":"inner"}},"clearTextFirst":true,"interactionType":"ENTER_TEXT"}]}
COMMAND: POST /session/e9da8fc7d2e5c6d9fcb370d825f3b6fb/execute/async - {"script":"<script> [1562 bytes]","args":[{"selector":{"controlType":"sap.m.Input","viewName":"etm.portal.ui.manageyards.view.New","viewId":"application-manageyards-display-component---NewYard","bindingPath":{"path":"","propertyPath":"/AUART","modelName":"NewYardModel"},"interaction":{"idSuffix":"inner"}},"wdio_ui5_key":"etmportal.ui.manageyards.view.Newsap.m.Input{\"path\":\"\",\"propertyPath\":\"/AUART\",\"modelName\":\"NewYardModel\"}"}]}
RESULT: {"script":"<script> [1562 bytes]","args":[{"selector":{"controlType":"sap.m.Input","viewName":"etm.portal.ui.manageyards.view.New","viewId":"application-manageyards-display-component---NewYard","bindingPath":{"path":"","propertyPath":"/AUART","modelName":"NewYardModel"},"interaction":{"idSuffix":"inner"}},"wdio_ui5_key":"etmportal.ui.manageyards.view.Newsap.m.Input{\"path\":\"\",\"propertyPath\":\"/AUART\",\"modelName\":\"NewYardModel\"}"}]}
RESULT: undefined
COMMAND: POST /session/e9da8fc7d2e5c6d9fcb370d825f3b6fb/execute/async - {"script":"<script> [776 bytes]","args":[{"enterText":"TA","selector":{"controlType":"sap.m.Input","viewName":"etm.portal.ui.manageyards.view.New","viewId":"application-manageyards-display-component---NewYard","bindingPath":{"path":"","propertyPath":"/AUART","modelName":"NewYardModel"},"interaction":{"idSuffix":"inner"}},"clearTextFirst":true,"interactionType":"ENTER_TEXT"}]}
RESULT: {"script":"<script> [776 bytes]","args":[{"enterText":"TA","selector":{"controlType":"sap.m.Input","viewName":"etm.portal.ui.manageyards.view.New","viewId":"application-manageyards-display-component---NewYard","bindingPath":{"path":"","propertyPath":"/AUART","modelName":"NewYardModel"},"interaction":{"idSuffix":"inner"}},"clearTextFirst":true,"interactionType":"ENTER_TEXT"}]}
COMMAND: POST /session/e9da8fc7d2e5c6d9fcb370d825f3b6fb/element - {"using":"xpath","value":"//button[@data-kt=\"newYardSaveButton\"]"}
RESULT: {"using":"xpath","value":"//button[@data-kt=\"newYardSaveButton\"]"}
COMMAND: POST /session/e9da8fc7d2e5c6d9fcb370d825f3b6fb/element/f.EB7466E535C2126E60AFBA1E962AA512.d.EEC94729866FBBA70DDFAAEBEB8364FC.e.726/click - {}
RESULT: {}
COMMAND: GET /session/e9da8fc7d2e5c6d9fcb370d825f3b6fb/screenshot - {}
RESULT: {}
COMMAND: POST /session/e9da8fc7d2e5c6d9fcb370d825f3b6fb/element - {"using":"xpath","value":"//header[contains(@id, 'ObjectPageLayout-headerTitle')]/div[1]/div[2]/div[1]/span[1]"}
RESULT: {"using":"xpath","value":"//header[contains(@id, 'ObjectPageLayout-headerTitle')]/div[1]/div[2]/div[1]/span[1]"}
COMMAND: POST /session/e9da8fc7d2e5c6d9fcb370d825f3b6fb/elements - {"using":"xpath","value":"//header[contains(@id, 'ObjectPageLayout-headerTitle')]/div[1]/div[2]/div[1]/span[1]"}
RESULT: {"using":"xpath","value":"//header[contains(@id, 'ObjectPageLayout-headerTitle')]/div[1]/div[2]/div[1]/span[1]"}
COMMAND: POST /session/e9da8fc7d2e5c6d9fcb370d825f3b6fb/execute/sync - {"script":"<script> [56 bytes]","args":[{"element-6066-11e4-a52e-4f735466cecf":"f.EB7466E535C2126E60AFBA1E962AA512.d.EEC94729866FBBA70DDFAAEBEB8364FC.e.1016","ELEMENT":"f.EB7466E535C2126E60AFBA1E962AA512.d.EEC94729866FBBA70DDFAAEBEB8364FC.e.1016"}]}
RESULT: {"script":"<script> [56 bytes]","args":[{"element-6066-11e4-a52e-4f735466cecf":"f.EB7466E535C2126E60AFBA1E962AA512.d.EEC94729866FBBA70DDFAAEBEB8364FC.e.1016","ELEMENT":"f.EB7466E535C2126E60AFBA1E962AA512.d.EEC94729866FBBA70DDFAAEBEB8364FC.e.1016"}]}
COMMAND: GET /session/e9da8fc7d2e5c6d9fcb370d825f3b6fb/screenshot - {}
RESULT: {}
COMMAND: POST /session/e9da8fc7d2e5c6d9fcb370d825f3b6fb/element - {"using":"css selector","value":"#shell-header-logo"}
RESULT: {"using":"css selector","value":"#shell-header-logo"}
COMMAND: POST /session/e9da8fc7d2e5c6d9fcb370d825f3b6fb/element/f.EB7466E535C2126E60AFBA1E962AA512.d.EEC94729866FBBA70DDFAAEBEB8364FC.e.271/click - {}
RESULT: {}
COMMAND: GET /session/e9da8fc7d2e5c6d9fcb370d825f3b6fb/screenshot - {}
RESULT: {}
COMMAND: POST /session/e9da8fc7d2e5c6d9fcb370d825f3b6fb/execute/sync - {"script":"<script> [299 bytes]","args":[["getModel","getResource"]]}
RESULT: {"script":"<script> [299 bytes]","args":[["getModel","getResource"]]}
COMMAND: GET /session/e9da8fc7d2e5c6d9fcb370d825f3b6fb/screenshot - {}
]]></system-out>
    </testcase>
    <testcase classname="chrome.137_0_7151_69.windows.Partner_specific_tests_US150819_US151080_US151654_US151176_US103444_US151078_US151079_US151109_US151174_US151175_US151189" name="Should create new external partner US150819" time="122.279">
      <system-out><![CDATA[
COMMAND: POST /session/e9da8fc7d2e5c6d9fcb370d825f3b6fb/element - {"using":"xpath","value":"//li[.//span[text()=\"Manage Partners\"]]"}
RESULT: {"using":"xpath","value":"//li[.//span[text()=\"Manage Partners\"]]"}
COMMAND: POST /session/e9da8fc7d2e5c6d9fcb370d825f3b6fb/element - {"using":"xpath","value":"//li[.//span[text()=\"Manage Partners\"]]"}
RESULT: {}
RESULT: {"using":"xpath","value":"//li[.//span[text()=\"Manage Partners\"]]"}
COMMAND: POST /session/e9da8fc7d2e5c6d9fcb370d825f3b6fb/element - {"using":"css selector","value":"#shell-header-logo"}
RESULT: {"using":"css selector","value":"#shell-header-logo"}
COMMAND: POST /session/e9da8fc7d2e5c6d9fcb370d825f3b6fb/element/f.EB7466E535C2126E60AFBA1E962AA512.d.EEC94729866FBBA70DDFAAEBEB8364FC.e.1018/click - {}
COMMAND: POST /session/e9da8fc7d2e5c6d9fcb370d825f3b6fb/execute/sync - {"script":"<script> [8489 bytes]","args":[{"element-6066-11e4-a52e-4f735466cecf":"f.EB7466E535C2126E60AFBA1E962AA512.d.EEC94729866FBBA70DDFAAEBEB8364FC.e.1018","ELEMENT":"f.EB7466E535C2126E60AFBA1E962AA512.d.EEC94729866FBBA70DDFAAEBEB8364FC.e.1018"}]}
RESULT: {"script":"<script> [8489 bytes]","args":[{"element-6066-11e4-a52e-4f735466cecf":"f.EB7466E535C2126E60AFBA1E962AA512.d.EEC94729866FBBA70DDFAAEBEB8364FC.e.1018","ELEMENT":"f.EB7466E535C2126E60AFBA1E962AA512.d.EEC94729866FBBA70DDFAAEBEB8364FC.e.1018"}]}
COMMAND: POST /session/e9da8fc7d2e5c6d9fcb370d825f3b6fb/execute/sync - {"script":"<script> [5351 bytes]","args":[{"element-6066-11e4-a52e-4f735466cecf":"f.EB7466E535C2126E60AFBA1E962AA512.d.EEC94729866FBBA70DDFAAEBEB8364FC.e.1018","ELEMENT":"f.EB7466E535C2126E60AFBA1E962AA512.d.EEC94729866FBBA70DDFAAEBEB8364FC.e.1018"}]}
COMMAND: GET /session/e9da8fc7d2e5c6d9fcb370d825f3b6fb/screenshot - {}
RESULT: {}
COMMAND: GET /session/e9da8fc7d2e5c6d9fcb370d825f3b6fb/screenshot - {}
RESULT: {"script":"<script> [5351 bytes]","args":[{"element-6066-11e4-a52e-4f735466cecf":"f.EB7466E535C2126E60AFBA1E962AA512.d.EEC94729866FBBA70DDFAAEBEB8364FC.e.1018","ELEMENT":"f.EB7466E535C2126E60AFBA1E962AA512.d.EEC94729866FBBA70DDFAAEBEB8364FC.e.1018"}]}
COMMAND: GET /session/e9da8fc7d2e5c6d9fcb370d825f3b6fb/screenshot - {}
RESULT: {}
RESULT: {}
RESULT: {}
COMMAND: POST /session/e9da8fc7d2e5c6d9fcb370d825f3b6fb/window/fullscreen - {}
RESULT: {}
COMMAND: POST /session/e9da8fc7d2e5c6d9fcb370d825f3b6fb/execute/async - {"script":"<script> [1562 bytes]","args":[{"selector":{"controlType":"sap.m.GenericTile","properties":{"header":"Manage Partners"}},"wdio_ui5_key":"sapm.GenericTile{\"header\":\"Manage Partners\"}"}]}
RESULT: {"script":"<script> [1562 bytes]","args":[{"selector":{"controlType":"sap.m.GenericTile","properties":{"header":"Manage Partners"}},"wdio_ui5_key":"sapm.GenericTile{\"header\":\"Manage Partners\"}"}]}
RESULT: undefined
COMMAND: POST /session/e9da8fc7d2e5c6d9fcb370d825f3b6fb/element - {"using":"xpath","value":"//*[@id=\"__tile39\"]"}
RESULT: {"using":"xpath","value":"//*[@id=\"__tile39\"]"}
COMMAND: POST /session/e9da8fc7d2e5c6d9fcb370d825f3b6fb/element/f.EB7466E535C2126E60AFBA1E962AA512.d.EEC94729866FBBA70DDFAAEBEB8364FC.e.166/click - {}
RESULT: {}
COMMAND: GET /session/e9da8fc7d2e5c6d9fcb370d825f3b6fb/screenshot - {}
RESULT: {}
COMMAND: POST /session/e9da8fc7d2e5c6d9fcb370d825f3b6fb/elements - {"using":"xpath","value":"//span[text()='Error']"}
RESULT: {"using":"xpath","value":"//span[text()='Error']"}
COMMAND: POST /session/e9da8fc7d2e5c6d9fcb370d825f3b6fb/element - {"using":"xpath","value":"//button[@data-kt=\"addButton\"]"}
RESULT: {"using":"xpath","value":"//button[@data-kt=\"addButton\"]"}
COMMAND: POST /session/e9da8fc7d2e5c6d9fcb370d825f3b6fb/elements - {"using":"xpath","value":"//button[@data-kt=\"addButton\"]"}
RESULT: {"using":"xpath","value":"//button[@data-kt=\"addButton\"]"}
COMMAND: POST /session/e9da8fc7d2e5c6d9fcb370d825f3b6fb/elements - {"using":"xpath","value":"//button[@data-kt=\"addButton\"]"}
RESULT: {"using":"xpath","value":"//button[@data-kt=\"addButton\"]"}
COMMAND: POST /session/e9da8fc7d2e5c6d9fcb370d825f3b6fb/elements - {"using":"xpath","value":"//button[@data-kt=\"addButton\"]"}
RESULT: {"using":"xpath","value":"//button[@data-kt=\"addButton\"]"}
COMMAND: POST /session/e9da8fc7d2e5c6d9fcb370d825f3b6fb/elements - {"using":"xpath","value":"//button[@data-kt=\"addButton\"]"}
RESULT: {"using":"xpath","value":"//button[@data-kt=\"addButton\"]"}
COMMAND: POST /session/e9da8fc7d2e5c6d9fcb370d825f3b6fb/elements - {"using":"xpath","value":"//button[@data-kt=\"addButton\"]"}
RESULT: {"using":"xpath","value":"//button[@data-kt=\"addButton\"]"}
COMMAND: POST /session/e9da8fc7d2e5c6d9fcb370d825f3b6fb/element - {"using":"xpath","value":"//button[@data-kt=\"addButton\"]"}
RESULT: {"using":"xpath","value":"//button[@data-kt=\"addButton\"]"}
COMMAND: POST /session/e9da8fc7d2e5c6d9fcb370d825f3b6fb/execute/sync - {"script":"<script> [8489 bytes]","args":[{"element-6066-11e4-a52e-4f735466cecf":"f.EB7466E535C2126E60AFBA1E962AA512.d.EEC94729866FBBA70DDFAAEBEB8364FC.e.1053","ELEMENT":"f.EB7466E535C2126E60AFBA1E962AA512.d.EEC94729866FBBA70DDFAAEBEB8364FC.e.1053"}]}
RESULT: {"script":"<script> [8489 bytes]","args":[{"element-6066-11e4-a52e-4f735466cecf":"f.EB7466E535C2126E60AFBA1E962AA512.d.EEC94729866FBBA70DDFAAEBEB8364FC.e.1053","ELEMENT":"f.EB7466E535C2126E60AFBA1E962AA512.d.EEC94729866FBBA70DDFAAEBEB8364FC.e.1053"}]}
COMMAND: GET /session/e9da8fc7d2e5c6d9fcb370d825f3b6fb/element/f.EB7466E535C2126E60AFBA1E962AA512.d.EEC94729866FBBA70DDFAAEBEB8364FC.e.1053/enabled - {}
COMMAND: GET /session/e9da8fc7d2e5c6d9fcb370d825f3b6fb/screenshot - {}
RESULT: {}
COMMAND: POST /session/e9da8fc7d2e5c6d9fcb370d825f3b6fb/execute/sync - {"script":"<script> [8489 bytes]","args":[{"element-6066-11e4-a52e-4f735466cecf":"f.EB7466E535C2126E60AFBA1E962AA512.d.EEC94729866FBBA70DDFAAEBEB8364FC.e.1053","ELEMENT":"f.EB7466E535C2126E60AFBA1E962AA512.d.EEC94729866FBBA70DDFAAEBEB8364FC.e.1053"}]}
COMMAND: GET /session/e9da8fc7d2e5c6d9fcb370d825f3b6fb/screenshot - {}
RESULT: {}
RESULT: {"script":"<script> [8489 bytes]","args":[{"element-6066-11e4-a52e-4f735466cecf":"f.EB7466E535C2126E60AFBA1E962AA512.d.EEC94729866FBBA70DDFAAEBEB8364FC.e.1053","ELEMENT":"f.EB7466E535C2126E60AFBA1E962AA512.d.EEC94729866FBBA70DDFAAEBEB8364FC.e.1053"}]}
COMMAND: POST /session/e9da8fc7d2e5c6d9fcb370d825f3b6fb/execute/sync - {"script":"<script> [5351 bytes]","args":[{"element-6066-11e4-a52e-4f735466cecf":"f.EB7466E535C2126E60AFBA1E962AA512.d.EEC94729866FBBA70DDFAAEBEB8364FC.e.1053","ELEMENT":"f.EB7466E535C2126E60AFBA1E962AA512.d.EEC94729866FBBA70DDFAAEBEB8364FC.e.1053"}]}
COMMAND: GET /session/e9da8fc7d2e5c6d9fcb370d825f3b6fb/screenshot - {}
RESULT: {}
RESULT: {"script":"<script> [5351 bytes]","args":[{"element-6066-11e4-a52e-4f735466cecf":"f.EB7466E535C2126E60AFBA1E962AA512.d.EEC94729866FBBA70DDFAAEBEB8364FC.e.1053","ELEMENT":"f.EB7466E535C2126E60AFBA1E962AA512.d.EEC94729866FBBA70DDFAAEBEB8364FC.e.1053"}]}
COMMAND: POST /session/e9da8fc7d2e5c6d9fcb370d825f3b6fb/element/f.EB7466E535C2126E60AFBA1E962AA512.d.EEC94729866FBBA70DDFAAEBEB8364FC.e.1053/click - {}
COMMAND: GET /session/e9da8fc7d2e5c6d9fcb370d825f3b6fb/screenshot - {}
RESULT: {}
RESULT: {}
COMMAND: GET /session/e9da8fc7d2e5c6d9fcb370d825f3b6fb/screenshot - {}
RESULT: {}
RESULT: {}
COMMAND: POST /session/e9da8fc7d2e5c6d9fcb370d825f3b6fb/execute/async - {"script":"<script> [1562 bytes]","args":[{"selector":{"id":"application-managepartners-display-component---NewPartner--addressDetailDetailsName1","interaction":{"idSuffix":"inner"}},"wdio_ui5_key":"applicationmanagepartners-display-component---NewPartner--addressDetailDetailsName1"}]}
RESULT: {"script":"<script> [1562 bytes]","args":[{"selector":{"id":"application-managepartners-display-component---NewPartner--addressDetailDetailsName1","interaction":{"idSuffix":"inner"}},"wdio_ui5_key":"applicationmanagepartners-display-component---NewPartner--addressDetailDetailsName1"}]}
RESULT: undefined
COMMAND: POST /session/e9da8fc7d2e5c6d9fcb370d825f3b6fb/execute/async - {"script":"<script> [776 bytes]","args":[{"enterText":"External Partner WDIO","selector":{"id":"application-managepartners-display-component---NewPartner--addressDetailDetailsName1","interaction":{"idSuffix":"inner"}},"clearTextFirst":true,"interactionType":"ENTER_TEXT"}]}
RESULT: {"script":"<script> [776 bytes]","args":[{"enterText":"External Partner WDIO","selector":{"id":"application-managepartners-display-component---NewPartner--addressDetailDetailsName1","interaction":{"idSuffix":"inner"}},"clearTextFirst":true,"interactionType":"ENTER_TEXT"}]}
COMMAND: POST /session/e9da8fc7d2e5c6d9fcb370d825f3b6fb/execute/async - {"script":"<script> [1562 bytes]","args":[{"selector":{"id":"application-managepartners-display-component---NewPartner--addressDetailDetailsLanguage-arrow"},"wdio_ui5_key":"applicationmanagepartners-display-component---NewPartner--addressDetailDetailsLanguage-arrow"}]}
RESULT: {"script":"<script> [1562 bytes]","args":[{"selector":{"id":"application-managepartners-display-component---NewPartner--addressDetailDetailsLanguage-arrow"},"wdio_ui5_key":"applicationmanagepartners-display-component---NewPartner--addressDetailDetailsLanguage-arrow"}]}
RESULT: undefined
COMMAND: POST /session/e9da8fc7d2e5c6d9fcb370d825f3b6fb/element - {"using":"xpath","value":"//*[@id=\"application-managepartners-display-component---NewPartner--addressDetailDetailsLanguage-arrow\"]"}
RESULT: {"using":"xpath","value":"//*[@id=\"application-managepartners-display-component---NewPartner--addressDetailDetailsLanguage-arrow\"]"}
COMMAND: POST /session/e9da8fc7d2e5c6d9fcb370d825f3b6fb/element/f.EB7466E535C2126E60AFBA1E962AA512.d.EEC94729866FBBA70DDFAAEBEB8364FC.e.1496/click - {}
RESULT: {}
COMMAND: POST /session/e9da8fc7d2e5c6d9fcb370d825f3b6fb/element - {"using":"xpath","value":"//span[contains(text(), \"English\")]"}
COMMAND: GET /session/e9da8fc7d2e5c6d9fcb370d825f3b6fb/screenshot - {}
RESULT: {"using":"xpath","value":"//span[contains(text(), \"English\")]"}
COMMAND: POST /session/e9da8fc7d2e5c6d9fcb370d825f3b6fb/element/f.EB7466E535C2126E60AFBA1E962AA512.d.EEC94729866FBBA70DDFAAEBEB8364FC.e.1497/click - {}
RESULT: {}
RESULT: {}
COMMAND: GET /session/e9da8fc7d2e5c6d9fcb370d825f3b6fb/screenshot - {}
RESULT: {}
COMMAND: POST /session/e9da8fc7d2e5c6d9fcb370d825f3b6fb/execute/async - {"script":"<script> [1562 bytes]","args":[{"selector":{"id":"application-managepartners-display-component---NewPartner--addressDetailDetailsCity1","interaction":{"idSuffix":"inner"}},"wdio_ui5_key":"applicationmanagepartners-display-component---NewPartner--addressDetailDetailsCity1"}]}
RESULT: {"script":"<script> [1562 bytes]","args":[{"selector":{"id":"application-managepartners-display-component---NewPartner--addressDetailDetailsCity1","interaction":{"idSuffix":"inner"}},"wdio_ui5_key":"applicationmanagepartners-display-component---NewPartner--addressDetailDetailsCity1"}]}
RESULT: undefined
COMMAND: POST /session/e9da8fc7d2e5c6d9fcb370d825f3b6fb/execute/async - {"script":"<script> [776 bytes]","args":[{"enterText":"Rosario","selector":{"id":"application-managepartners-display-component---NewPartner--addressDetailDetailsCity1","interaction":{"idSuffix":"inner"}},"clearTextFirst":true,"interactionType":"ENTER_TEXT"}]}
RESULT: {"script":"<script> [776 bytes]","args":[{"enterText":"Rosario","selector":{"id":"application-managepartners-display-component---NewPartner--addressDetailDetailsCity1","interaction":{"idSuffix":"inner"}},"clearTextFirst":true,"interactionType":"ENTER_TEXT"}]}
COMMAND: POST /session/e9da8fc7d2e5c6d9fcb370d825f3b6fb/execute/async - {"script":"<script> [1562 bytes]","args":[{"selector":{"id":"application-managepartners-display-component---NewPartner--addressDetailDetailsCountry-arrow"},"wdio_ui5_key":"applicationmanagepartners-display-component---NewPartner--addressDetailDetailsCountry-arrow"}]}
RESULT: {"script":"<script> [1562 bytes]","args":[{"selector":{"id":"application-managepartners-display-component---NewPartner--addressDetailDetailsCountry-arrow"},"wdio_ui5_key":"applicationmanagepartners-display-component---NewPartner--addressDetailDetailsCountry-arrow"}]}
RESULT: undefined
COMMAND: POST /session/e9da8fc7d2e5c6d9fcb370d825f3b6fb/element - {"using":"xpath","value":"//*[@id=\"application-managepartners-display-component---NewPartner--addressDetailDetailsCountry-arrow\"]"}
RESULT: {"using":"xpath","value":"//*[@id=\"application-managepartners-display-component---NewPartner--addressDetailDetailsCountry-arrow\"]"}
COMMAND: POST /session/e9da8fc7d2e5c6d9fcb370d825f3b6fb/element/f.EB7466E535C2126E60AFBA1E962AA512.d.EEC94729866FBBA70DDFAAEBEB8364FC.e.1460/click - {}
RESULT: {}
COMMAND: POST /session/e9da8fc7d2e5c6d9fcb370d825f3b6fb/element - {"using":"xpath","value":"//span[contains(text(), \"Argentina\")]"}
COMMAND: GET /session/e9da8fc7d2e5c6d9fcb370d825f3b6fb/screenshot - {}
RESULT: {"using":"xpath","value":"//span[contains(text(), \"Argentina\")]"}
COMMAND: POST /session/e9da8fc7d2e5c6d9fcb370d825f3b6fb/element/f.EB7466E535C2126E60AFBA1E962AA512.d.EEC94729866FBBA70DDFAAEBEB8364FC.e.1499/click - {}
RESULT: {}
RESULT: {}
COMMAND: GET /session/e9da8fc7d2e5c6d9fcb370d825f3b6fb/screenshot - {}
RESULT: {}
COMMAND: POST /session/e9da8fc7d2e5c6d9fcb370d825f3b6fb/element - {"using":"xpath","value":"//bdi[contains(text(), \"Commercial\")]"}
RESULT: {"using":"xpath","value":"//bdi[contains(text(), \"Commercial\")]"}
COMMAND: POST /session/e9da8fc7d2e5c6d9fcb370d825f3b6fb/element/f.EB7466E535C2126E60AFBA1E962AA512.d.EEC94729866FBBA70DDFAAEBEB8364FC.e.1500/click - {}
RESULT: {}
COMMAND: GET /session/e9da8fc7d2e5c6d9fcb370d825f3b6fb/screenshot - {}
RESULT: {}
COMMAND: POST /session/e9da8fc7d2e5c6d9fcb370d825f3b6fb/execute/async - {"script":"<script> [1562 bytes]","args":[{"selector":{"id":"application-managepartners-display-component---NewPartner--partnerDetailInternal-arrow"},"wdio_ui5_key":"applicationmanagepartners-display-component---NewPartner--partnerDetailInternal-arrow"}]}
RESULT: {"script":"<script> [1562 bytes]","args":[{"selector":{"id":"application-managepartners-display-component---NewPartner--partnerDetailInternal-arrow"},"wdio_ui5_key":"applicationmanagepartners-display-component---NewPartner--partnerDetailInternal-arrow"}]}
RESULT: undefined
COMMAND: POST /session/e9da8fc7d2e5c6d9fcb370d825f3b6fb/element - {"using":"xpath","value":"//*[@id=\"application-managepartners-display-component---NewPartner--partnerDetailInternal-arrow\"]"}
RESULT: {"using":"xpath","value":"//*[@id=\"application-managepartners-display-component---NewPartner--partnerDetailInternal-arrow\"]"}
COMMAND: POST /session/e9da8fc7d2e5c6d9fcb370d825f3b6fb/element/f.EB7466E535C2126E60AFBA1E962AA512.d.EEC94729866FBBA70DDFAAEBEB8364FC.e.1508/click - {}
RESULT: {}
COMMAND: POST /session/e9da8fc7d2e5c6d9fcb370d825f3b6fb/element - {"using":"xpath","value":"//span[contains(text(), \"External partner\")]"}
COMMAND: GET /session/e9da8fc7d2e5c6d9fcb370d825f3b6fb/screenshot - {}
RESULT: {"using":"xpath","value":"//span[contains(text(), \"External partner\")]"}
COMMAND: POST /session/e9da8fc7d2e5c6d9fcb370d825f3b6fb/element/f.EB7466E535C2126E60AFBA1E962AA512.d.EEC94729866FBBA70DDFAAEBEB8364FC.e.1509/click - {}
RESULT: {}
RESULT: {}
COMMAND: POST /session/e9da8fc7d2e5c6d9fcb370d825f3b6fb/execute/async - {"script":"<script> [1562 bytes]","args":[{"selector":{"id":"application-managepartners-display-component---NewPartner--partnerDetailsCurrency-arrow"},"wdio_ui5_key":"applicationmanagepartners-display-component---NewPartner--partnerDetailsCurrency-arrow"}]}
COMMAND: GET /session/e9da8fc7d2e5c6d9fcb370d825f3b6fb/screenshot - {}
RESULT: {"script":"<script> [1562 bytes]","args":[{"selector":{"id":"application-managepartners-display-component---NewPartner--partnerDetailsCurrency-arrow"},"wdio_ui5_key":"applicationmanagepartners-display-component---NewPartner--partnerDetailsCurrency-arrow"}]}
RESULT: undefined
COMMAND: POST /session/e9da8fc7d2e5c6d9fcb370d825f3b6fb/element - {"using":"xpath","value":"//*[@id=\"application-managepartners-display-component---NewPartner--partnerDetailsCurrency-arrow\"]"}
RESULT: {}
RESULT: {"using":"xpath","value":"//*[@id=\"application-managepartners-display-component---NewPartner--partnerDetailsCurrency-arrow\"]"}
COMMAND: POST /session/e9da8fc7d2e5c6d9fcb370d825f3b6fb/element/f.EB7466E535C2126E60AFBA1E962AA512.d.EEC94729866FBBA70DDFAAEBEB8364FC.e.1514/click - {}
RESULT: {}
COMMAND: POST /session/e9da8fc7d2e5c6d9fcb370d825f3b6fb/element - {"using":"xpath","value":"//span[contains(text(), \"US Dollar\")]"}
COMMAND: GET /session/e9da8fc7d2e5c6d9fcb370d825f3b6fb/screenshot - {}
RESULT: {"using":"xpath","value":"//span[contains(text(), \"US Dollar\")]"}
COMMAND: POST /session/e9da8fc7d2e5c6d9fcb370d825f3b6fb/element/f.EB7466E535C2126E60AFBA1E962AA512.d.EEC94729866FBBA70DDFAAEBEB8364FC.e.1515/click - {}
RESULT: {}
RESULT: {}
COMMAND: GET /session/e9da8fc7d2e5c6d9fcb370d825f3b6fb/screenshot - {}
RESULT: {}
COMMAND: POST /session/e9da8fc7d2e5c6d9fcb370d825f3b6fb/element - {"using":"xpath","value":"//input[@id=\"application-managepartners-display-component---NewPartner--companyCodeComboBox-inner\"]"}
RESULT: {"using":"xpath","value":"//input[@id=\"application-managepartners-display-component---NewPartner--companyCodeComboBox-inner\"]"}
COMMAND: POST /session/e9da8fc7d2e5c6d9fcb370d825f3b6fb/element/f.EB7466E535C2126E60AFBA1E962AA512.d.EEC94729866FBBA70DDFAAEBEB8364FC.e.1455/clear - {}
RESULT: {}
COMMAND: POST /session/e9da8fc7d2e5c6d9fcb370d825f3b6fb/element/f.EB7466E535C2126E60AFBA1E962AA512.d.EEC94729866FBBA70DDFAAEBEB8364FC.e.1455/value - {"text":"C002"}
COMMAND: GET /session/e9da8fc7d2e5c6d9fcb370d825f3b6fb/screenshot - {}
RESULT: {"text":"C002"}
COMMAND: GET /session/e9da8fc7d2e5c6d9fcb370d825f3b6fb/screenshot - {}
RESULT: {}
RESULT: {}
COMMAND: POST /session/e9da8fc7d2e5c6d9fcb370d825f3b6fb/element - {"using":"xpath","value":"//li[.//span[text()= \"C002\"]]"}
RESULT: {"using":"xpath","value":"//li[.//span[text()= \"C002\"]]"}
COMMAND: POST /session/e9da8fc7d2e5c6d9fcb370d825f3b6fb/element/f.EB7466E535C2126E60AFBA1E962AA512.d.EEC94729866FBBA70DDFAAEBEB8364FC.e.1519/click - {}
RESULT: {}
COMMAND: GET /session/e9da8fc7d2e5c6d9fcb370d825f3b6fb/screenshot - {}
RESULT: {}
COMMAND: POST /session/e9da8fc7d2e5c6d9fcb370d825f3b6fb/execute/async - {"script":"<script> [1562 bytes]","args":[{"selector":{"controlType":"sap.ui.core.Icon","viewName":"etm.portal.ui.managepartners.view.NewPartner","viewId":"application-managepartners-display-component---NewPartner","properties":{"src":{"regex":{"source":"slim\\-arrow\\-down"}}},"ancestor":{"controlType":"sap.m.ComboBox","viewName":"etm.portal.ui.managepartners.view.NewPartner","viewId":"application-managepartners-display-component---NewPartner","bindingPath":{"path":"","propertyPath":"/CATALOG","modelName":"oNewPartnerModel"}}},"wdio_ui5_key":"etmportal.ui.managepartners.view.NewPartnersap.ui.core.Icon{\"src\":{\"regex\":{\"source\":\"slim\\\\-arrow\\\\-down\"}}}{\"controlType\":\"sap.m.ComboBox\",\"viewName\":\"etm.portal.ui.managepartners.view.NewPartner\",\"viewId\":\"application-managepartners-display-component---NewPartner\",\"bindingPath\":{\"path\":\"\",\"propertyPath\":\"/CATALOG\",\"modelName\":\"oNewPartnerModel\"}}"}]}
RESULT: {"script":"<script> [1562 bytes]","args":[{"selector":{"controlType":"sap.ui.core.Icon","viewName":"etm.portal.ui.managepartners.view.NewPartner","viewId":"application-managepartners-display-component---NewPartner","properties":{"src":{"regex":{"source":"slim\\-arrow\\-down"}}},"ancestor":{"controlType":"sap.m.ComboBox","viewName":"etm.portal.ui.managepartners.view.NewPartner","viewId":"application-managepartners-display-component---NewPartner","bindingPath":{"path":"","propertyPath":"/CATALOG","modelName":"oNewPartnerModel"}}},"wdio_ui5_key":"etmportal.ui.managepartners.view.NewPartnersap.ui.core.Icon{\"src\":{\"regex\":{\"source\":\"slim\\\\-arrow\\\\-down\"}}}{\"controlType\":\"sap.m.ComboBox\",\"viewName\":\"etm.portal.ui.managepartners.view.NewPartner\",\"viewId\":\"application-managepartners-display-component---NewPartner\",\"bindingPath\":{\"path\":\"\",\"propertyPath\":\"/CATALOG\",\"modelName\":\"oNewPartnerModel\"}}"}]}
RESULT: undefined
COMMAND: POST /session/e9da8fc7d2e5c6d9fcb370d825f3b6fb/element - {"using":"xpath","value":"//*[@id=\"__box22-arrow\"]"}
RESULT: {"using":"xpath","value":"//*[@id=\"__box22-arrow\"]"}
COMMAND: POST /session/e9da8fc7d2e5c6d9fcb370d825f3b6fb/element/f.EB7466E535C2126E60AFBA1E962AA512.d.EEC94729866FBBA70DDFAAEBEB8364FC.e.1461/click - {}
RESULT: {}
COMMAND: GET /session/e9da8fc7d2e5c6d9fcb370d825f3b6fb/screenshot - {}
RESULT: {}
COMMAND: POST /session/e9da8fc7d2e5c6d9fcb370d825f3b6fb/element - {"using":"xpath","value":"//ul[contains(@id,\"popup-list-listUl\")]//li[.//span[text()= \"Webshop Catalog\"]]"}
RESULT: {"using":"xpath","value":"//ul[contains(@id,\"popup-list-listUl\")]//li[.//span[text()= \"Webshop Catalog\"]]"}
COMMAND: POST /session/e9da8fc7d2e5c6d9fcb370d825f3b6fb/element/f.EB7466E535C2126E60AFBA1E962AA512.d.EEC94729866FBBA70DDFAAEBEB8364FC.e.1521/click - {}
RESULT: {}
COMMAND: GET /session/e9da8fc7d2e5c6d9fcb370d825f3b6fb/screenshot - {}
RESULT: {}
COMMAND: POST /session/e9da8fc7d2e5c6d9fcb370d825f3b6fb/execute/async - {"script":"<script> [1562 bytes]","args":[{"selector":{"id":"application-managepartners-display-component---NewPartner--btnAddTableRow-img"},"wdio_ui5_key":"applicationmanagepartners-display-component---NewPartner--btnAddTableRow-img"}]}
RESULT: {"script":"<script> [1562 bytes]","args":[{"selector":{"id":"application-managepartners-display-component---NewPartner--btnAddTableRow-img"},"wdio_ui5_key":"applicationmanagepartners-display-component---NewPartner--btnAddTableRow-img"}]}
RESULT: undefined
COMMAND: POST /session/e9da8fc7d2e5c6d9fcb370d825f3b6fb/element - {"using":"xpath","value":"//*[@id=\"application-managepartners-display-component---NewPartner--btnAddTableRow-img\"]"}
RESULT: {"using":"xpath","value":"//*[@id=\"application-managepartners-display-component---NewPartner--btnAddTableRow-img\"]"}
COMMAND: POST /session/e9da8fc7d2e5c6d9fcb370d825f3b6fb/element/f.EB7466E535C2126E60AFBA1E962AA512.d.EEC94729866FBBA70DDFAAEBEB8364FC.e.1522/click - {}
RESULT: {}
COMMAND: GET /session/e9da8fc7d2e5c6d9fcb370d825f3b6fb/screenshot - {}
RESULT: {}
COMMAND: POST /session/e9da8fc7d2e5c6d9fcb370d825f3b6fb/element - {"using":"xpath","value":"//input[@id=\"application-managepartners-display-component---NewPartner--assignmentYard-application-managepartners-display-component---NewPartner--assignmentsTable-0-inner\"]"}
RESULT: {"using":"xpath","value":"//input[@id=\"application-managepartners-display-component---NewPartner--assignmentYard-application-managepartners-display-component---NewPartner--assignmentsTable-0-inner\"]"}
COMMAND: POST /session/e9da8fc7d2e5c6d9fcb370d825f3b6fb/element/f.EB7466E535C2126E60AFBA1E962AA512.d.EEC94729866FBBA70DDFAAEBEB8364FC.e.1525/clear - {}
RESULT: {}
COMMAND: POST /session/e9da8fc7d2e5c6d9fcb370d825f3b6fb/element/f.EB7466E535C2126E60AFBA1E962AA512.d.EEC94729866FBBA70DDFAAEBEB8364FC.e.1525/value - {"text":"247"}
COMMAND: GET /session/e9da8fc7d2e5c6d9fcb370d825f3b6fb/screenshot - {}
RESULT: {"text":"247"}
COMMAND: GET /session/e9da8fc7d2e5c6d9fcb370d825f3b6fb/screenshot - {}
RESULT: {}
RESULT: {}
COMMAND: POST /session/e9da8fc7d2e5c6d9fcb370d825f3b6fb/element - {"using":"xpath","value":"//ul[contains(@id,\"NewPartner--assignmentsTable-0-popup-list-listUl\")]//li[.//span[text()='247']]"}
RESULT: {"using":"xpath","value":"//ul[contains(@id,\"NewPartner--assignmentsTable-0-popup-list-listUl\")]//li[.//span[text()='247']]"}
COMMAND: POST /session/e9da8fc7d2e5c6d9fcb370d825f3b6fb/element/f.EB7466E535C2126E60AFBA1E962AA512.d.EEC94729866FBBA70DDFAAEBEB8364FC.e.1534/click - {}
RESULT: {}
COMMAND: GET /session/e9da8fc7d2e5c6d9fcb370d825f3b6fb/screenshot - {}
RESULT: {}
COMMAND: POST /session/e9da8fc7d2e5c6d9fcb370d825f3b6fb/actions - {"actions":[{"id":"action2","type":"key","parameters":{},"actions":[{"type":"keyDown","value":""},{"type":"pause","duration":10},{"type":"keyUp","value":""}]}]}
RESULT: {"actions":[{"id":"action2","type":"key","parameters":{},"actions":[{"type":"keyDown","value":""},{"type":"pause","duration":10},{"type":"keyUp","value":""}]}]}
COMMAND: POST /session/e9da8fc7d2e5c6d9fcb370d825f3b6fb/element - {"using":"xpath","value":"//td[contains(@id, \"assignmentsTable-0-cell2\")]/div/div"}
COMMAND: GET /session/e9da8fc7d2e5c6d9fcb370d825f3b6fb/screenshot - {}
RESULT: {"using":"xpath","value":"//td[contains(@id, \"assignmentsTable-0-cell2\")]/div/div"}
COMMAND: POST /session/e9da8fc7d2e5c6d9fcb370d825f3b6fb/element/f.EB7466E535C2126E60AFBA1E962AA512.d.EEC94729866FBBA70DDFAAEBEB8364FC.e.1537/click - {}
RESULT: {}
RESULT: {}
COMMAND: GET /session/e9da8fc7d2e5c6d9fcb370d825f3b6fb/screenshot - {}
RESULT: {}
COMMAND: POST /session/e9da8fc7d2e5c6d9fcb370d825f3b6fb/element - {"using":"xpath","value":"//button[@data-kt=\"saveButton\"]"}
RESULT: {"using":"xpath","value":"//button[@data-kt=\"saveButton\"]"}
COMMAND: POST /session/e9da8fc7d2e5c6d9fcb370d825f3b6fb/element/f.EB7466E535C2126E60AFBA1E962AA512.d.EEC94729866FBBA70DDFAAEBEB8364FC.e.1481/click - {}
RESULT: {}
COMMAND: GET /session/e9da8fc7d2e5c6d9fcb370d825f3b6fb/screenshot - {}
RESULT: {}
COMMAND: POST /session/e9da8fc7d2e5c6d9fcb370d825f3b6fb/element - {"using":"xpath","value":"//header[contains(@id, 'ObjectPageLayout-headerTitle')]/div[1]/div[2]/div[2]/span[1]"}
RESULT: {"using":"xpath","value":"//header[contains(@id, 'ObjectPageLayout-headerTitle')]/div[1]/div[2]/div[2]/span[1]"}
COMMAND: POST /session/e9da8fc7d2e5c6d9fcb370d825f3b6fb/elements - {"using":"xpath","value":"//header[contains(@id, 'ObjectPageLayout-headerTitle')]/div[1]/div[2]/div[2]/span[1]"}
RESULT: {"using":"xpath","value":"//header[contains(@id, 'ObjectPageLayout-headerTitle')]/div[1]/div[2]/div[2]/span[1]"}
COMMAND: POST /session/e9da8fc7d2e5c6d9fcb370d825f3b6fb/execute/sync - {"script":"<script> [56 bytes]","args":[{"element-6066-11e4-a52e-4f735466cecf":"f.EB7466E535C2126E60AFBA1E962AA512.d.EEC94729866FBBA70DDFAAEBEB8364FC.e.1693","ELEMENT":"f.EB7466E535C2126E60AFBA1E962AA512.d.EEC94729866FBBA70DDFAAEBEB8364FC.e.1693"}]}
RESULT: {"script":"<script> [56 bytes]","args":[{"element-6066-11e4-a52e-4f735466cecf":"f.EB7466E535C2126E60AFBA1E962AA512.d.EEC94729866FBBA70DDFAAEBEB8364FC.e.1693","ELEMENT":"f.EB7466E535C2126E60AFBA1E962AA512.d.EEC94729866FBBA70DDFAAEBEB8364FC.e.1693"}]}
COMMAND: POST /session/e9da8fc7d2e5c6d9fcb370d825f3b6fb/element - {"using":"css selector","value":"#shell-header-logo"}
COMMAND: GET /session/e9da8fc7d2e5c6d9fcb370d825f3b6fb/screenshot - {}
RESULT: {"using":"css selector","value":"#shell-header-logo"}
COMMAND: POST /session/e9da8fc7d2e5c6d9fcb370d825f3b6fb/element/f.EB7466E535C2126E60AFBA1E962AA512.d.EEC94729866FBBA70DDFAAEBEB8364FC.e.1018/click - {}
RESULT: {}
RESULT: {}
COMMAND: GET /session/e9da8fc7d2e5c6d9fcb370d825f3b6fb/screenshot - {}
RESULT: {}
COMMAND: POST /session/e9da8fc7d2e5c6d9fcb370d825f3b6fb/execute/sync - {"script":"<script> [299 bytes]","args":[["getModel","getResource"]]}
RESULT: {"script":"<script> [299 bytes]","args":[["getModel","getResource"]]}
]]></system-out>
    </testcase>
    <testcase classname="chrome.137_0_7151_69.windows.Partner_specific_tests_US150819_US151080_US151654_US151176_US103444_US151078_US151079_US151109_US151174_US151175_US151189" name="Should filter and search partners US151080" time="99.343">
      <system-out><![CDATA[
COMMAND: POST /session/e9da8fc7d2e5c6d9fcb370d825f3b6fb/element - {"using":"xpath","value":"//li[.//span[text()=\"Manage Partners\"]]"}
COMMAND: GET /session/e9da8fc7d2e5c6d9fcb370d825f3b6fb/screenshot - {}
RESULT: {"using":"xpath","value":"//li[.//span[text()=\"Manage Partners\"]]"}
COMMAND: POST /session/e9da8fc7d2e5c6d9fcb370d825f3b6fb/element - {"using":"xpath","value":"//li[.//span[text()=\"Manage Partners\"]]"}
RESULT: {}
RESULT: {"using":"xpath","value":"//li[.//span[text()=\"Manage Partners\"]]"}
COMMAND: POST /session/e9da8fc7d2e5c6d9fcb370d825f3b6fb/element - {"using":"css selector","value":"#shell-header-logo"}
RESULT: {"using":"css selector","value":"#shell-header-logo"}
COMMAND: POST /session/e9da8fc7d2e5c6d9fcb370d825f3b6fb/element/f.EB7466E535C2126E60AFBA1E962AA512.d.EEC94729866FBBA70DDFAAEBEB8364FC.e.1695/click - {}
COMMAND: POST /session/e9da8fc7d2e5c6d9fcb370d825f3b6fb/execute/sync - {"script":"<script> [8489 bytes]","args":[{"element-6066-11e4-a52e-4f735466cecf":"f.EB7466E535C2126E60AFBA1E962AA512.d.EEC94729866FBBA70DDFAAEBEB8364FC.e.1695","ELEMENT":"f.EB7466E535C2126E60AFBA1E962AA512.d.EEC94729866FBBA70DDFAAEBEB8364FC.e.1695"}]}
RESULT: {}
COMMAND: GET /session/e9da8fc7d2e5c6d9fcb370d825f3b6fb/screenshot - {}
RESULT: {"script":"<script> [8489 bytes]","args":[{"element-6066-11e4-a52e-4f735466cecf":"f.EB7466E535C2126E60AFBA1E962AA512.d.EEC94729866FBBA70DDFAAEBEB8364FC.e.1695","ELEMENT":"f.EB7466E535C2126E60AFBA1E962AA512.d.EEC94729866FBBA70DDFAAEBEB8364FC.e.1695"}]}
COMMAND: POST /session/e9da8fc7d2e5c6d9fcb370d825f3b6fb/execute/sync - {"script":"<script> [5351 bytes]","args":[{"element-6066-11e4-a52e-4f735466cecf":"f.EB7466E535C2126E60AFBA1E962AA512.d.EEC94729866FBBA70DDFAAEBEB8364FC.e.1695","ELEMENT":"f.EB7466E535C2126E60AFBA1E962AA512.d.EEC94729866FBBA70DDFAAEBEB8364FC.e.1695"}]}
COMMAND: GET /session/e9da8fc7d2e5c6d9fcb370d825f3b6fb/screenshot - {}
RESULT: {}
RESULT: {"script":"<script> [5351 bytes]","args":[{"element-6066-11e4-a52e-4f735466cecf":"f.EB7466E535C2126E60AFBA1E962AA512.d.EEC94729866FBBA70DDFAAEBEB8364FC.e.1695","ELEMENT":"f.EB7466E535C2126E60AFBA1E962AA512.d.EEC94729866FBBA70DDFAAEBEB8364FC.e.1695"}]}
COMMAND: GET /session/e9da8fc7d2e5c6d9fcb370d825f3b6fb/screenshot - {}
RESULT: {}
RESULT: {}
RESULT: undefined
COMMAND: POST /session/e9da8fc7d2e5c6d9fcb370d825f3b6fb/element - {"using":"xpath","value":"//*[@id=\"__tile39\"]"}
RESULT: {"using":"xpath","value":"//*[@id=\"__tile39\"]"}
COMMAND: POST /session/e9da8fc7d2e5c6d9fcb370d825f3b6fb/element/f.EB7466E535C2126E60AFBA1E962AA512.d.EEC94729866FBBA70DDFAAEBEB8364FC.e.166/click - {}
RESULT: {}
COMMAND: GET /session/e9da8fc7d2e5c6d9fcb370d825f3b6fb/screenshot - {}
RESULT: {}
COMMAND: POST /session/e9da8fc7d2e5c6d9fcb370d825f3b6fb/elements - {"using":"xpath","value":"//span[text()='Error']"}
RESULT: {"using":"xpath","value":"//span[text()='Error']"}
COMMAND: POST /session/e9da8fc7d2e5c6d9fcb370d825f3b6fb/element - {"using":"xpath","value":"//button[@data-kt=\"addButton\"]"}
RESULT: {"using":"xpath","value":"//button[@data-kt=\"addButton\"]"}
COMMAND: POST /session/e9da8fc7d2e5c6d9fcb370d825f3b6fb/elements - {"using":"xpath","value":"//button[@data-kt=\"addButton\"]"}
RESULT: {"using":"xpath","value":"//button[@data-kt=\"addButton\"]"}
COMMAND: POST /session/e9da8fc7d2e5c6d9fcb370d825f3b6fb/execute/sync - {"script":"<script> [8489 bytes]","args":[{"element-6066-11e4-a52e-4f735466cecf":"f.EB7466E535C2126E60AFBA1E962AA512.d.EEC94729866FBBA70DDFAAEBEB8364FC.e.1741","ELEMENT":"f.EB7466E535C2126E60AFBA1E962AA512.d.EEC94729866FBBA70DDFAAEBEB8364FC.e.1741"}]}
RESULT: {"script":"<script> [8489 bytes]","args":[{"element-6066-11e4-a52e-4f735466cecf":"f.EB7466E535C2126E60AFBA1E962AA512.d.EEC94729866FBBA70DDFAAEBEB8364FC.e.1741","ELEMENT":"f.EB7466E535C2126E60AFBA1E962AA512.d.EEC94729866FBBA70DDFAAEBEB8364FC.e.1741"}]}
COMMAND: GET /session/e9da8fc7d2e5c6d9fcb370d825f3b6fb/element/f.EB7466E535C2126E60AFBA1E962AA512.d.EEC94729866FBBA70DDFAAEBEB8364FC.e.1741/enabled - {}
COMMAND: GET /session/e9da8fc7d2e5c6d9fcb370d825f3b6fb/screenshot - {}
RESULT: {}
COMMAND: POST /session/e9da8fc7d2e5c6d9fcb370d825f3b6fb/execute/sync - {"script":"<script> [8489 bytes]","args":[{"element-6066-11e4-a52e-4f735466cecf":"f.EB7466E535C2126E60AFBA1E962AA512.d.EEC94729866FBBA70DDFAAEBEB8364FC.e.1741","ELEMENT":"f.EB7466E535C2126E60AFBA1E962AA512.d.EEC94729866FBBA70DDFAAEBEB8364FC.e.1741"}]}
COMMAND: GET /session/e9da8fc7d2e5c6d9fcb370d825f3b6fb/screenshot - {}
RESULT: {}
RESULT: {"script":"<script> [8489 bytes]","args":[{"element-6066-11e4-a52e-4f735466cecf":"f.EB7466E535C2126E60AFBA1E962AA512.d.EEC94729866FBBA70DDFAAEBEB8364FC.e.1741","ELEMENT":"f.EB7466E535C2126E60AFBA1E962AA512.d.EEC94729866FBBA70DDFAAEBEB8364FC.e.1741"}]}
COMMAND: POST /session/e9da8fc7d2e5c6d9fcb370d825f3b6fb/execute/sync - {"script":"<script> [5351 bytes]","args":[{"element-6066-11e4-a52e-4f735466cecf":"f.EB7466E535C2126E60AFBA1E962AA512.d.EEC94729866FBBA70DDFAAEBEB8364FC.e.1741","ELEMENT":"f.EB7466E535C2126E60AFBA1E962AA512.d.EEC94729866FBBA70DDFAAEBEB8364FC.e.1741"}]}
COMMAND: GET /session/e9da8fc7d2e5c6d9fcb370d825f3b6fb/screenshot - {}
RESULT: {}
RESULT: {"script":"<script> [5351 bytes]","args":[{"element-6066-11e4-a52e-4f735466cecf":"f.EB7466E535C2126E60AFBA1E962AA512.d.EEC94729866FBBA70DDFAAEBEB8364FC.e.1741","ELEMENT":"f.EB7466E535C2126E60AFBA1E962AA512.d.EEC94729866FBBA70DDFAAEBEB8364FC.e.1741"}]}
COMMAND: GET /session/e9da8fc7d2e5c6d9fcb370d825f3b6fb/screenshot - {}
RESULT: {}
RESULT: {}
COMMAND: POST /session/e9da8fc7d2e5c6d9fcb370d825f3b6fb/execute/async - {"script":"<script> [1562 bytes]","args":[{"selector":{"id":"application-managepartners-display-component---masterPtm--smartTable-btnPersonalisation-img"},"wdio_ui5_key":"applicationmanagepartners-display-component---masterPtm--smartTable-btnPersonalisation-img"}]}
RESULT: {"script":"<script> [1562 bytes]","args":[{"selector":{"id":"application-managepartners-display-component---masterPtm--smartTable-btnPersonalisation-img"},"wdio_ui5_key":"applicationmanagepartners-display-component---masterPtm--smartTable-btnPersonalisation-img"}]}
RESULT: undefined
COMMAND: POST /session/e9da8fc7d2e5c6d9fcb370d825f3b6fb/element - {"using":"xpath","value":"//*[@id=\"application-managepartners-display-component---masterPtm--smartTable-btnPersonalisation-img\"]"}
RESULT: {"using":"xpath","value":"//*[@id=\"application-managepartners-display-component---masterPtm--smartTable-btnPersonalisation-img\"]"}
COMMAND: POST /session/e9da8fc7d2e5c6d9fcb370d825f3b6fb/element/f.EB7466E535C2126E60AFBA1E962AA512.d.EEC94729866FBBA70DDFAAEBEB8364FC.e.1746/click - {}
RESULT: {}
COMMAND: GET /session/e9da8fc7d2e5c6d9fcb370d825f3b6fb/screenshot - {}
RESULT: {}
COMMAND: POST /session/e9da8fc7d2e5c6d9fcb370d825f3b6fb/execute/async - {"script":"<script> [1562 bytes]","args":[{"selector":{"controlType":"sap.m.IconTabFilter","viewName":"etm.portal.ui.managepartners.view.Master","viewId":"application-managepartners-display-component---masterPtm","properties":{"text":"Sort"},"searchOpenDialogs":true,"interaction":{"idSuffix":"text"}},"wdio_ui5_key":"etmportal.ui.managepartners.view.Mastersap.m.IconTabFilter{\"text\":\"Sort\"}"}]}
RESULT: {"script":"<script> [1562 bytes]","args":[{"selector":{"controlType":"sap.m.IconTabFilter","viewName":"etm.portal.ui.managepartners.view.Master","viewId":"application-managepartners-display-component---masterPtm","properties":{"text":"Sort"},"searchOpenDialogs":true,"interaction":{"idSuffix":"text"}},"wdio_ui5_key":"etmportal.ui.managepartners.view.Mastersap.m.IconTabFilter{\"text\":\"Sort\"}"}]}
RESULT: undefined
COMMAND: POST /session/e9da8fc7d2e5c6d9fcb370d825f3b6fb/element - {"using":"xpath","value":"//*[@id=\"__filter1\"]"}
RESULT: {"using":"xpath","value":"//*[@id=\"__filter1\"]"}
COMMAND: POST /session/e9da8fc7d2e5c6d9fcb370d825f3b6fb/element/f.EB7466E535C2126E60AFBA1E962AA512.d.EEC94729866FBBA70DDFAAEBEB8364FC.e.1883/click - {}
RESULT: {}
COMMAND: GET /session/e9da8fc7d2e5c6d9fcb370d825f3b6fb/screenshot - {}
RESULT: {}
COMMAND: POST /session/e9da8fc7d2e5c6d9fcb370d825f3b6fb/element - {"using":"xpath","value":"//input[@placeholder=\"Sort by\"]/following-sibling::div//span"}
RESULT: {"using":"xpath","value":"//input[@placeholder=\"Sort by\"]/following-sibling::div//span"}
COMMAND: POST /session/e9da8fc7d2e5c6d9fcb370d825f3b6fb/element/f.EB7466E535C2126E60AFBA1E962AA512.d.EEC94729866FBBA70DDFAAEBEB8364FC.e.1885/click - {}
RESULT: {}
COMMAND: GET /session/e9da8fc7d2e5c6d9fcb370d825f3b6fb/screenshot - {}
RESULT: {}
COMMAND: POST /session/e9da8fc7d2e5c6d9fcb370d825f3b6fb/element - {"using":"xpath","value":"//li[.//span[text()=\"Language\"]]"}
RESULT: {"using":"xpath","value":"//li[.//span[text()=\"Language\"]]"}
COMMAND: POST /session/e9da8fc7d2e5c6d9fcb370d825f3b6fb/element/f.EB7466E535C2126E60AFBA1E962AA512.d.EEC94729866FBBA70DDFAAEBEB8364FC.e.1886/click - {}
RESULT: {}
COMMAND: GET /session/e9da8fc7d2e5c6d9fcb370d825f3b6fb/screenshot - {}
RESULT: {}
COMMAND: POST /session/e9da8fc7d2e5c6d9fcb370d825f3b6fb/element - {"using":"xpath","value":"//bdi[contains(text(), \"OK\")]"}
RESULT: {"using":"xpath","value":"//bdi[contains(text(), \"OK\")]"}
COMMAND: POST /session/e9da8fc7d2e5c6d9fcb370d825f3b6fb/element/f.EB7466E535C2126E60AFBA1E962AA512.d.EEC94729866FBBA70DDFAAEBEB8364FC.e.1890/click - {}
RESULT: {}
COMMAND: GET /session/e9da8fc7d2e5c6d9fcb370d825f3b6fb/screenshot - {}
RESULT: {}
COMMAND: POST /session/e9da8fc7d2e5c6d9fcb370d825f3b6fb/element - {"using":"xpath","value":"//table[contains(@id, \"customPartnersTable\")]//tbody/tr[1]/td[3]/span"}
RESULT: {"using":"xpath","value":"//table[contains(@id, \"customPartnersTable\")]//tbody/tr[1]/td[3]/span"}
COMMAND: POST /session/e9da8fc7d2e5c6d9fcb370d825f3b6fb/execute/sync - {"script":"<script> [56 bytes]","args":[{"element-6066-11e4-a52e-4f735466cecf":"f.EB7466E535C2126E60AFBA1E962AA512.d.EEC94729866FBBA70DDFAAEBEB8364FC.e.2001","ELEMENT":"f.EB7466E535C2126E60AFBA1E962AA512.d.EEC94729866FBBA70DDFAAEBEB8364FC.e.2001"}]}
RESULT: {"script":"<script> [56 bytes]","args":[{"element-6066-11e4-a52e-4f735466cecf":"f.EB7466E535C2126E60AFBA1E962AA512.d.EEC94729866FBBA70DDFAAEBEB8364FC.e.2001","ELEMENT":"f.EB7466E535C2126E60AFBA1E962AA512.d.EEC94729866FBBA70DDFAAEBEB8364FC.e.2001"}]}
RESULT: undefined
COMMAND: POST /session/e9da8fc7d2e5c6d9fcb370d825f3b6fb/element - {"using":"xpath","value":"//*[@id=\"application-managepartners-display-component---masterPtm--smartTable-btnPersonalisation-img\"]"}
COMMAND: GET /session/e9da8fc7d2e5c6d9fcb370d825f3b6fb/screenshot - {}
RESULT: {"using":"xpath","value":"//*[@id=\"application-managepartners-display-component---masterPtm--smartTable-btnPersonalisation-img\"]"}
COMMAND: POST /session/e9da8fc7d2e5c6d9fcb370d825f3b6fb/element/f.EB7466E535C2126E60AFBA1E962AA512.d.EEC94729866FBBA70DDFAAEBEB8364FC.e.1746/click - {}
RESULT: {}
RESULT: {}
COMMAND: GET /session/e9da8fc7d2e5c6d9fcb370d825f3b6fb/screenshot - {}
RESULT: {}
COMMAND: POST /session/e9da8fc7d2e5c6d9fcb370d825f3b6fb/element - {"using":"xpath","value":"//bdi[contains(text(), \"Reset\")]"}
RESULT: {"using":"xpath","value":"//bdi[contains(text(), \"Reset\")]"}
COMMAND: POST /session/e9da8fc7d2e5c6d9fcb370d825f3b6fb/element/f.EB7466E535C2126E60AFBA1E962AA512.d.EEC94729866FBBA70DDFAAEBEB8364FC.e.2007/click - {}
RESULT: {}
COMMAND: GET /session/e9da8fc7d2e5c6d9fcb370d825f3b6fb/screenshot - {}
RESULT: {}
COMMAND: POST /session/e9da8fc7d2e5c6d9fcb370d825f3b6fb/element - {"using":"xpath","value":"(//bdi[contains(text(), \"OK\")])[2]"}
RESULT: {"using":"xpath","value":"(//bdi[contains(text(), \"OK\")])[2]"}
COMMAND: POST /session/e9da8fc7d2e5c6d9fcb370d825f3b6fb/element/f.EB7466E535C2126E60AFBA1E962AA512.d.EEC94729866FBBA70DDFAAEBEB8364FC.e.2009/click - {}
RESULT: {}
COMMAND: GET /session/e9da8fc7d2e5c6d9fcb370d825f3b6fb/screenshot - {}
RESULT: {}
COMMAND: POST /session/e9da8fc7d2e5c6d9fcb370d825f3b6fb/element - {"using":"xpath","value":"//bdi[contains(text(), \"OK\")]"}
RESULT: {"using":"xpath","value":"//bdi[contains(text(), \"OK\")]"}
COMMAND: POST /session/e9da8fc7d2e5c6d9fcb370d825f3b6fb/element/f.EB7466E535C2126E60AFBA1E962AA512.d.EEC94729866FBBA70DDFAAEBEB8364FC.e.2050/click - {}
RESULT: {}
COMMAND: GET /session/e9da8fc7d2e5c6d9fcb370d825f3b6fb/screenshot - {}
RESULT: {}
COMMAND: POST /session/e9da8fc7d2e5c6d9fcb370d825f3b6fb/element - {"using":"xpath","value":"//table[contains(@id, \"customPartnersTable\")]//tbody/tr[1]/td[3]/span"}
RESULT: {"using":"xpath","value":"//table[contains(@id, \"customPartnersTable\")]//tbody/tr[1]/td[3]/span"}
COMMAND: POST /session/e9da8fc7d2e5c6d9fcb370d825f3b6fb/execute/sync - {"script":"<script> [56 bytes]","args":[{"element-6066-11e4-a52e-4f735466cecf":"f.EB7466E535C2126E60AFBA1E962AA512.d.EEC94729866FBBA70DDFAAEBEB8364FC.e.2053","ELEMENT":"f.EB7466E535C2126E60AFBA1E962AA512.d.EEC94729866FBBA70DDFAAEBEB8364FC.e.2053"}]}
RESULT: {"script":"<script> [56 bytes]","args":[{"element-6066-11e4-a52e-4f735466cecf":"f.EB7466E535C2126E60AFBA1E962AA512.d.EEC94729866FBBA70DDFAAEBEB8364FC.e.2053","ELEMENT":"f.EB7466E535C2126E60AFBA1E962AA512.d.EEC94729866FBBA70DDFAAEBEB8364FC.e.2053"}]}
RESULT: undefined
COMMAND: POST /session/e9da8fc7d2e5c6d9fcb370d825f3b6fb/element - {"using":"xpath","value":"//*[@id=\"application-managepartners-display-component---masterPtm--smartTable-btnPersonalisation-img\"]"}
COMMAND: GET /session/e9da8fc7d2e5c6d9fcb370d825f3b6fb/screenshot - {}
RESULT: {"using":"xpath","value":"//*[@id=\"application-managepartners-display-component---masterPtm--smartTable-btnPersonalisation-img\"]"}
COMMAND: POST /session/e9da8fc7d2e5c6d9fcb370d825f3b6fb/element/f.EB7466E535C2126E60AFBA1E962AA512.d.EEC94729866FBBA70DDFAAEBEB8364FC.e.1746/click - {}
RESULT: {}
RESULT: {}
COMMAND: GET /session/e9da8fc7d2e5c6d9fcb370d825f3b6fb/screenshot - {}
RESULT: {}
COMMAND: POST /session/e9da8fc7d2e5c6d9fcb370d825f3b6fb/execute/async - {"script":"<script> [1562 bytes]","args":[{"selector":{"controlType":"sap.m.IconTabFilter","viewName":"etm.portal.ui.managepartners.view.Master","viewId":"application-managepartners-display-component---masterPtm","properties":{"text":"Filter"},"searchOpenDialogs":true,"interaction":{"idSuffix":"text"}},"wdio_ui5_key":"etmportal.ui.managepartners.view.Mastersap.m.IconTabFilter{\"text\":\"Filter\"}"}]}
RESULT: {"script":"<script> [1562 bytes]","args":[{"selector":{"controlType":"sap.m.IconTabFilter","viewName":"etm.portal.ui.managepartners.view.Master","viewId":"application-managepartners-display-component---masterPtm","properties":{"text":"Filter"},"searchOpenDialogs":true,"interaction":{"idSuffix":"text"}},"wdio_ui5_key":"etmportal.ui.managepartners.view.Mastersap.m.IconTabFilter{\"text\":\"Filter\"}"}]}
RESULT: undefined
COMMAND: POST /session/e9da8fc7d2e5c6d9fcb370d825f3b6fb/element - {"using":"xpath","value":"//*[@id=\"__filter10\"]"}
RESULT: {"using":"xpath","value":"//*[@id=\"__filter10\"]"}
COMMAND: POST /session/e9da8fc7d2e5c6d9fcb370d825f3b6fb/element/f.EB7466E535C2126E60AFBA1E962AA512.d.EEC94729866FBBA70DDFAAEBEB8364FC.e.2058/click - {}
RESULT: {}
COMMAND: GET /session/e9da8fc7d2e5c6d9fcb370d825f3b6fb/screenshot - {}
RESULT: {}
COMMAND: POST /session/e9da8fc7d2e5c6d9fcb370d825f3b6fb/element - {"using":"xpath","value":"//input[@placeholder=\"Filter by\"]/following-sibling::div//span"}
RESULT: {"using":"xpath","value":"//input[@placeholder=\"Filter by\"]/following-sibling::div//span"}
COMMAND: POST /session/e9da8fc7d2e5c6d9fcb370d825f3b6fb/element/f.EB7466E535C2126E60AFBA1E962AA512.d.EEC94729866FBBA70DDFAAEBEB8364FC.e.2060/click - {}
RESULT: {}
COMMAND: GET /session/e9da8fc7d2e5c6d9fcb370d825f3b6fb/screenshot - {}
RESULT: {}
COMMAND: POST /session/e9da8fc7d2e5c6d9fcb370d825f3b6fb/element - {"using":"xpath","value":"//li[.//span[text()=\"Preferred Yard\"]]"}
RESULT: {"using":"xpath","value":"//li[.//span[text()=\"Preferred Yard\"]]"}
COMMAND: POST /session/e9da8fc7d2e5c6d9fcb370d825f3b6fb/element/f.EB7466E535C2126E60AFBA1E962AA512.d.EEC94729866FBBA70DDFAAEBEB8364FC.e.2061/click - {}
RESULT: {}
COMMAND: GET /session/e9da8fc7d2e5c6d9fcb370d825f3b6fb/screenshot - {}
RESULT: {}
COMMAND: POST /session/e9da8fc7d2e5c6d9fcb370d825f3b6fb/execute/async - {"script":"<script> [1562 bytes]","args":[{"selector":{"id":"FilterPanel-filterItemControl_BASIC-application-managepartners-display-component---masterPtm--smartTable-YARDYARD-vhi","searchOpenDialogs":true},"wdio_ui5_key":"FilterPanelfilterItemControl_BASIC-application-managepartners-display-component---masterPtm--smartTable-YARDYARD-vhi"}]}
RESULT: {"script":"<script> [1562 bytes]","args":[{"selector":{"id":"FilterPanel-filterItemControl_BASIC-application-managepartners-display-component---masterPtm--smartTable-YARDYARD-vhi","searchOpenDialogs":true},"wdio_ui5_key":"FilterPanelfilterItemControl_BASIC-application-managepartners-display-component---masterPtm--smartTable-YARDYARD-vhi"}]}
RESULT: undefined
COMMAND: POST /session/e9da8fc7d2e5c6d9fcb370d825f3b6fb/element - {"using":"xpath","value":"//*[@id=\"FilterPanel-filterItemControl_BASIC-application-managepartners-display-component---masterPtm--smartTable-YARDYARD-vhi\"]"}
RESULT: {"using":"xpath","value":"//*[@id=\"FilterPanel-filterItemControl_BASIC-application-managepartners-display-component---masterPtm--smartTable-YARDYARD-vhi\"]"}
COMMAND: POST /session/e9da8fc7d2e5c6d9fcb370d825f3b6fb/element/f.EB7466E535C2126E60AFBA1E962AA512.d.EEC94729866FBBA70DDFAAEBEB8364FC.e.2064/click - {}
RESULT: {}
COMMAND: GET /session/e9da8fc7d2e5c6d9fcb370d825f3b6fb/screenshot - {}
RESULT: {}
COMMAND: POST /session/e9da8fc7d2e5c6d9fcb370d825f3b6fb/execute/async - {"script":"<script> [1562 bytes]","args":[{"selector":{"id":"FilterPanel-filterItemControl_BASIC-application-managepartners-display-component---masterPtm--smartTable-YARDYARD-valueHelpDialog-smartFilterBar-btnBasicSearch","searchOpenDialogs":true,"interaction":{"idSuffix":"I"}},"wdio_ui5_key":"FilterPanelfilterItemControl_BASIC-application-managepartners-display-component---masterPtm--smartTable-YARDYARD-valueHelpDialog-smartFilterBar-btnBasicSearch"}]}
RESULT: {"script":"<script> [1562 bytes]","args":[{"selector":{"id":"FilterPanel-filterItemControl_BASIC-application-managepartners-display-component---masterPtm--smartTable-YARDYARD-valueHelpDialog-smartFilterBar-btnBasicSearch","searchOpenDialogs":true,"interaction":{"idSuffix":"I"}},"wdio_ui5_key":"FilterPanelfilterItemControl_BASIC-application-managepartners-display-component---masterPtm--smartTable-YARDYARD-valueHelpDialog-smartFilterBar-btnBasicSearch"}]}
RESULT: undefined
COMMAND: POST /session/e9da8fc7d2e5c6d9fcb370d825f3b6fb/execute/async - {"script":"<script> [776 bytes]","args":[{"enterText":"247","selector":{"id":"FilterPanel-filterItemControl_BASIC-application-managepartners-display-component---masterPtm--smartTable-YARDYARD-valueHelpDialog-smartFilterBar-btnBasicSearch","searchOpenDialogs":true,"interaction":{"idSuffix":"I"}},"clearTextFirst":true,"interactionType":"ENTER_TEXT"}]}
RESULT: {"script":"<script> [776 bytes]","args":[{"enterText":"247","selector":{"id":"FilterPanel-filterItemControl_BASIC-application-managepartners-display-component---masterPtm--smartTable-YARDYARD-valueHelpDialog-smartFilterBar-btnBasicSearch","searchOpenDialogs":true,"interaction":{"idSuffix":"I"}},"clearTextFirst":true,"interactionType":"ENTER_TEXT"}]}
COMMAND: POST /session/e9da8fc7d2e5c6d9fcb370d825f3b6fb/actions - {"actions":[{"id":"action3","type":"key","parameters":{},"actions":[{"type":"keyDown","value":""},{"type":"pause","duration":10},{"type":"keyUp","value":""}]}]}
RESULT: {"actions":[{"id":"action3","type":"key","parameters":{},"actions":[{"type":"keyDown","value":""},{"type":"pause","duration":10},{"type":"keyUp","value":""}]}]}
COMMAND: GET /session/e9da8fc7d2e5c6d9fcb370d825f3b6fb/screenshot - {}
RESULT: {}
COMMAND: POST /session/e9da8fc7d2e5c6d9fcb370d825f3b6fb/elements - {"using":"xpath","value":"//table[contains(@id, \"smartTable-YARDYARD-valueHelpDialog-table-table\")]/tbody/tr"}
RESULT: {"using":"xpath","value":"//table[contains(@id, \"smartTable-YARDYARD-valueHelpDialog-table-table\")]/tbody/tr"}
COMMAND: POST /session/e9da8fc7d2e5c6d9fcb370d825f3b6fb/element - {"using":"xpath","value":"//table[contains(@id, \"smartTable-YARDYARD-valueHelpDialog-table-table\")]/tbody/tr[1]/td[1]/div/span"}
RESULT: {"using":"xpath","value":"//table[contains(@id, \"smartTable-YARDYARD-valueHelpDialog-table-table\")]/tbody/tr[1]/td[1]/div/span"}
COMMAND: POST /session/e9da8fc7d2e5c6d9fcb370d825f3b6fb/elements - {"using":"xpath","value":"//table[contains(@id, \"smartTable-YARDYARD-valueHelpDialog-table-table\")]/tbody/tr[1]/td[1]/div/span"}
RESULT: {"using":"xpath","value":"//table[contains(@id, \"smartTable-YARDYARD-valueHelpDialog-table-table\")]/tbody/tr[1]/td[1]/div/span"}
COMMAND: POST /session/e9da8fc7d2e5c6d9fcb370d825f3b6fb/execute/sync - {"script":"<script> [56 bytes]","args":[{"element-6066-11e4-a52e-4f735466cecf":"f.EB7466E535C2126E60AFBA1E962AA512.d.EEC94729866FBBA70DDFAAEBEB8364FC.e.2083","ELEMENT":"f.EB7466E535C2126E60AFBA1E962AA512.d.EEC94729866FBBA70DDFAAEBEB8364FC.e.2083"}]}
RESULT: {"script":"<script> [56 bytes]","args":[{"element-6066-11e4-a52e-4f735466cecf":"f.EB7466E535C2126E60AFBA1E962AA512.d.EEC94729866FBBA70DDFAAEBEB8364FC.e.2083","ELEMENT":"f.EB7466E535C2126E60AFBA1E962AA512.d.EEC94729866FBBA70DDFAAEBEB8364FC.e.2083"}]}
COMMAND: POST /session/e9da8fc7d2e5c6d9fcb370d825f3b6fb/element - {"using":"xpath","value":"//div[contains(@id, \"YARDYARD-valueHelpDialog-table-rowsel0\")]"}
COMMAND: GET /session/e9da8fc7d2e5c6d9fcb370d825f3b6fb/screenshot - {}
RESULT: {"using":"xpath","value":"//div[contains(@id, \"YARDYARD-valueHelpDialog-table-rowsel0\")]"}
COMMAND: POST /session/e9da8fc7d2e5c6d9fcb370d825f3b6fb/element/f.EB7466E535C2126E60AFBA1E962AA512.d.EEC94729866FBBA70DDFAAEBEB8364FC.e.2084/click - {}
RESULT: {}
RESULT: {}
COMMAND: GET /session/e9da8fc7d2e5c6d9fcb370d825f3b6fb/screenshot - {}
RESULT: {}
COMMAND: POST /session/e9da8fc7d2e5c6d9fcb370d825f3b6fb/element - {"using":"xpath","value":"(//bdi[contains(text(), \"OK\")])[2]"}
RESULT: {"using":"xpath","value":"(//bdi[contains(text(), \"OK\")])[2]"}
COMMAND: POST /session/e9da8fc7d2e5c6d9fcb370d825f3b6fb/element/f.EB7466E535C2126E60AFBA1E962AA512.d.EEC94729866FBBA70DDFAAEBEB8364FC.e.2086/click - {}
RESULT: {}
COMMAND: GET /session/e9da8fc7d2e5c6d9fcb370d825f3b6fb/screenshot - {}
RESULT: {}
COMMAND: POST /session/e9da8fc7d2e5c6d9fcb370d825f3b6fb/element - {"using":"xpath","value":"//bdi[contains(text(), \"OK\")]"}
RESULT: {"using":"xpath","value":"//bdi[contains(text(), \"OK\")]"}
COMMAND: POST /session/e9da8fc7d2e5c6d9fcb370d825f3b6fb/element/f.EB7466E535C2126E60AFBA1E962AA512.d.EEC94729866FBBA70DDFAAEBEB8364FC.e.2089/click - {}
RESULT: {}
COMMAND: GET /session/e9da8fc7d2e5c6d9fcb370d825f3b6fb/screenshot - {}
RESULT: {}
COMMAND: POST /session/e9da8fc7d2e5c6d9fcb370d825f3b6fb/element - {"using":"xpath","value":"//table[contains(@id, \"customPartnersTable\")]//tbody/tr[1]/td[3]/span"}
RESULT: {"using":"xpath","value":"//table[contains(@id, \"customPartnersTable\")]//tbody/tr[1]/td[3]/span"}
COMMAND: POST /session/e9da8fc7d2e5c6d9fcb370d825f3b6fb/execute/sync - {"script":"<script> [56 bytes]","args":[{"element-6066-11e4-a52e-4f735466cecf":"f.EB7466E535C2126E60AFBA1E962AA512.d.EEC94729866FBBA70DDFAAEBEB8364FC.e.2146","ELEMENT":"f.EB7466E535C2126E60AFBA1E962AA512.d.EEC94729866FBBA70DDFAAEBEB8364FC.e.2146"}]}
RESULT: {"script":"<script> [56 bytes]","args":[{"element-6066-11e4-a52e-4f735466cecf":"f.EB7466E535C2126E60AFBA1E962AA512.d.EEC94729866FBBA70DDFAAEBEB8364FC.e.2146","ELEMENT":"f.EB7466E535C2126E60AFBA1E962AA512.d.EEC94729866FBBA70DDFAAEBEB8364FC.e.2146"}]}
COMMAND: POST /session/e9da8fc7d2e5c6d9fcb370d825f3b6fb/element - {"using":"css selector","value":"#shell-header-logo"}
COMMAND: GET /session/e9da8fc7d2e5c6d9fcb370d825f3b6fb/screenshot - {}
RESULT: {"using":"css selector","value":"#shell-header-logo"}
COMMAND: POST /session/e9da8fc7d2e5c6d9fcb370d825f3b6fb/element/f.EB7466E535C2126E60AFBA1E962AA512.d.EEC94729866FBBA70DDFAAEBEB8364FC.e.1695/click - {}
RESULT: {}
RESULT: {}
COMMAND: GET /session/e9da8fc7d2e5c6d9fcb370d825f3b6fb/screenshot - {}
RESULT: {}
]]></system-out>
    </testcase>
    <testcase classname="chrome.137_0_7151_69.windows.Partner_specific_tests_US150819_US151080_US151654_US151176_US103444_US151078_US151079_US151109_US151174_US151175_US151189" name="Should deactivate the created partner in earlier step US151654" time="56.029">
      <system-out><![CDATA[
COMMAND: POST /session/e9da8fc7d2e5c6d9fcb370d825f3b6fb/element - {"using":"xpath","value":"//li[.//span[text()=\"Manage Partners\"]]"}
RESULT: {"using":"xpath","value":"//li[.//span[text()=\"Manage Partners\"]]"}
COMMAND: POST /session/e9da8fc7d2e5c6d9fcb370d825f3b6fb/element - {"using":"xpath","value":"//li[.//span[text()=\"Manage Partners\"]]"}
RESULT: {"using":"xpath","value":"//li[.//span[text()=\"Manage Partners\"]]"}
COMMAND: POST /session/e9da8fc7d2e5c6d9fcb370d825f3b6fb/element - {"using":"css selector","value":"#shell-header-logo"}
RESULT: {"using":"css selector","value":"#shell-header-logo"}
COMMAND: POST /session/e9da8fc7d2e5c6d9fcb370d825f3b6fb/element/f.EB7466E535C2126E60AFBA1E962AA512.d.EEC94729866FBBA70DDFAAEBEB8364FC.e.2148/click - {}
COMMAND: POST /session/e9da8fc7d2e5c6d9fcb370d825f3b6fb/execute/sync - {"script":"<script> [8489 bytes]","args":[{"element-6066-11e4-a52e-4f735466cecf":"f.EB7466E535C2126E60AFBA1E962AA512.d.EEC94729866FBBA70DDFAAEBEB8364FC.e.2148","ELEMENT":"f.EB7466E535C2126E60AFBA1E962AA512.d.EEC94729866FBBA70DDFAAEBEB8364FC.e.2148"}]}
RESULT: {"script":"<script> [8489 bytes]","args":[{"element-6066-11e4-a52e-4f735466cecf":"f.EB7466E535C2126E60AFBA1E962AA512.d.EEC94729866FBBA70DDFAAEBEB8364FC.e.2148","ELEMENT":"f.EB7466E535C2126E60AFBA1E962AA512.d.EEC94729866FBBA70DDFAAEBEB8364FC.e.2148"}]}
COMMAND: POST /session/e9da8fc7d2e5c6d9fcb370d825f3b6fb/execute/sync - {"script":"<script> [5351 bytes]","args":[{"element-6066-11e4-a52e-4f735466cecf":"f.EB7466E535C2126E60AFBA1E962AA512.d.EEC94729866FBBA70DDFAAEBEB8364FC.e.2148","ELEMENT":"f.EB7466E535C2126E60AFBA1E962AA512.d.EEC94729866FBBA70DDFAAEBEB8364FC.e.2148"}]}
COMMAND: GET /session/e9da8fc7d2e5c6d9fcb370d825f3b6fb/screenshot - {}
RESULT: {}
COMMAND: GET /session/e9da8fc7d2e5c6d9fcb370d825f3b6fb/screenshot - {}
RESULT: {"script":"<script> [5351 bytes]","args":[{"element-6066-11e4-a52e-4f735466cecf":"f.EB7466E535C2126E60AFBA1E962AA512.d.EEC94729866FBBA70DDFAAEBEB8364FC.e.2148","ELEMENT":"f.EB7466E535C2126E60AFBA1E962AA512.d.EEC94729866FBBA70DDFAAEBEB8364FC.e.2148"}]}
COMMAND: GET /session/e9da8fc7d2e5c6d9fcb370d825f3b6fb/screenshot - {}
RESULT: {}
RESULT: {}
RESULT: {}
RESULT: undefined
COMMAND: POST /session/e9da8fc7d2e5c6d9fcb370d825f3b6fb/element - {"using":"xpath","value":"//*[@id=\"__tile39\"]"}
RESULT: {"using":"xpath","value":"//*[@id=\"__tile39\"]"}
COMMAND: POST /session/e9da8fc7d2e5c6d9fcb370d825f3b6fb/element/f.EB7466E535C2126E60AFBA1E962AA512.d.EEC94729866FBBA70DDFAAEBEB8364FC.e.166/click - {}
RESULT: {}
COMMAND: GET /session/e9da8fc7d2e5c6d9fcb370d825f3b6fb/screenshot - {}
RESULT: {}
COMMAND: POST /session/e9da8fc7d2e5c6d9fcb370d825f3b6fb/elements - {"using":"xpath","value":"//span[text()='Error']"}
RESULT: {"using":"xpath","value":"//span[text()='Error']"}
COMMAND: POST /session/e9da8fc7d2e5c6d9fcb370d825f3b6fb/element - {"using":"xpath","value":"//button[@data-kt=\"addButton\"]"}
RESULT: {"using":"xpath","value":"//button[@data-kt=\"addButton\"]"}
COMMAND: POST /session/e9da8fc7d2e5c6d9fcb370d825f3b6fb/elements - {"using":"xpath","value":"//button[@data-kt=\"addButton\"]"}
RESULT: {"using":"xpath","value":"//button[@data-kt=\"addButton\"]"}
COMMAND: POST /session/e9da8fc7d2e5c6d9fcb370d825f3b6fb/execute/sync - {"script":"<script> [8489 bytes]","args":[{"element-6066-11e4-a52e-4f735466cecf":"f.EB7466E535C2126E60AFBA1E962AA512.d.EEC94729866FBBA70DDFAAEBEB8364FC.e.2182","ELEMENT":"f.EB7466E535C2126E60AFBA1E962AA512.d.EEC94729866FBBA70DDFAAEBEB8364FC.e.2182"}]}
RESULT: {"script":"<script> [8489 bytes]","args":[{"element-6066-11e4-a52e-4f735466cecf":"f.EB7466E535C2126E60AFBA1E962AA512.d.EEC94729866FBBA70DDFAAEBEB8364FC.e.2182","ELEMENT":"f.EB7466E535C2126E60AFBA1E962AA512.d.EEC94729866FBBA70DDFAAEBEB8364FC.e.2182"}]}
COMMAND: GET /session/e9da8fc7d2e5c6d9fcb370d825f3b6fb/element/f.EB7466E535C2126E60AFBA1E962AA512.d.EEC94729866FBBA70DDFAAEBEB8364FC.e.2182/enabled - {}
COMMAND: GET /session/e9da8fc7d2e5c6d9fcb370d825f3b6fb/screenshot - {}
RESULT: {}
COMMAND: POST /session/e9da8fc7d2e5c6d9fcb370d825f3b6fb/execute/sync - {"script":"<script> [8489 bytes]","args":[{"element-6066-11e4-a52e-4f735466cecf":"f.EB7466E535C2126E60AFBA1E962AA512.d.EEC94729866FBBA70DDFAAEBEB8364FC.e.2182","ELEMENT":"f.EB7466E535C2126E60AFBA1E962AA512.d.EEC94729866FBBA70DDFAAEBEB8364FC.e.2182"}]}
COMMAND: GET /session/e9da8fc7d2e5c6d9fcb370d825f3b6fb/screenshot - {}
RESULT: {}
RESULT: {"script":"<script> [8489 bytes]","args":[{"element-6066-11e4-a52e-4f735466cecf":"f.EB7466E535C2126E60AFBA1E962AA512.d.EEC94729866FBBA70DDFAAEBEB8364FC.e.2182","ELEMENT":"f.EB7466E535C2126E60AFBA1E962AA512.d.EEC94729866FBBA70DDFAAEBEB8364FC.e.2182"}]}
COMMAND: POST /session/e9da8fc7d2e5c6d9fcb370d825f3b6fb/execute/sync - {"script":"<script> [5351 bytes]","args":[{"element-6066-11e4-a52e-4f735466cecf":"f.EB7466E535C2126E60AFBA1E962AA512.d.EEC94729866FBBA70DDFAAEBEB8364FC.e.2182","ELEMENT":"f.EB7466E535C2126E60AFBA1E962AA512.d.EEC94729866FBBA70DDFAAEBEB8364FC.e.2182"}]}
COMMAND: GET /session/e9da8fc7d2e5c6d9fcb370d825f3b6fb/screenshot - {}
RESULT: {}
RESULT: {"script":"<script> [5351 bytes]","args":[{"element-6066-11e4-a52e-4f735466cecf":"f.EB7466E535C2126E60AFBA1E962AA512.d.EEC94729866FBBA70DDFAAEBEB8364FC.e.2182","ELEMENT":"f.EB7466E535C2126E60AFBA1E962AA512.d.EEC94729866FBBA70DDFAAEBEB8364FC.e.2182"}]}
COMMAND: GET /session/e9da8fc7d2e5c6d9fcb370d825f3b6fb/screenshot - {}
RESULT: {}
RESULT: {}
COMMAND: POST /session/e9da8fc7d2e5c6d9fcb370d825f3b6fb/execute/async - {"script":"<script> [1562 bytes]","args":[{"selector":{"id":"application-managepartners-display-component---masterPtm--smartFilterBar-btnBasicSearch","interaction":{"idSuffix":"I"}},"wdio_ui5_key":"applicationmanagepartners-display-component---masterPtm--smartFilterBar-btnBasicSearch"}]}
RESULT: {"script":"<script> [1562 bytes]","args":[{"selector":{"id":"application-managepartners-display-component---masterPtm--smartFilterBar-btnBasicSearch","interaction":{"idSuffix":"I"}},"wdio_ui5_key":"applicationmanagepartners-display-component---masterPtm--smartFilterBar-btnBasicSearch"}]}
RESULT: undefined
COMMAND: POST /session/e9da8fc7d2e5c6d9fcb370d825f3b6fb/execute/async - {"script":"<script> [776 bytes]","args":[{"enterText":"1099","selector":{"id":"application-managepartners-display-component---masterPtm--smartFilterBar-btnBasicSearch","interaction":{"idSuffix":"I"}},"clearTextFirst":true,"interactionType":"ENTER_TEXT"}]}
RESULT: {"script":"<script> [776 bytes]","args":[{"enterText":"1099","selector":{"id":"application-managepartners-display-component---masterPtm--smartFilterBar-btnBasicSearch","interaction":{"idSuffix":"I"}},"clearTextFirst":true,"interactionType":"ENTER_TEXT"}]}
COMMAND: POST /session/e9da8fc7d2e5c6d9fcb370d825f3b6fb/actions - {"actions":[{"id":"action4","type":"key","parameters":{},"actions":[{"type":"keyDown","value":""},{"type":"pause","duration":10},{"type":"keyUp","value":""}]}]}
RESULT: {"actions":[{"id":"action4","type":"key","parameters":{},"actions":[{"type":"keyDown","value":""},{"type":"pause","duration":10},{"type":"keyUp","value":""}]}]}
COMMAND: GET /session/e9da8fc7d2e5c6d9fcb370d825f3b6fb/screenshot - {}
RESULT: {}
COMMAND: POST /session/e9da8fc7d2e5c6d9fcb370d825f3b6fb/elements - {"using":"xpath","value":"//table[contains(@id, \"customPartnersTable-listUl\")]/tbody/tr"}
RESULT: {"using":"xpath","value":"//table[contains(@id, \"customPartnersTable-listUl\")]/tbody/tr"}
COMMAND: POST /session/e9da8fc7d2e5c6d9fcb370d825f3b6fb/element - {"using":"xpath","value":"//table[contains(@id, \"customPartnersTable-listUl\")]/tbody/tr[1]/td[3]/span"}
RESULT: {"using":"xpath","value":"//table[contains(@id, \"customPartnersTable-listUl\")]/tbody/tr[1]/td[3]/span"}
COMMAND: POST /session/e9da8fc7d2e5c6d9fcb370d825f3b6fb/elements - {"using":"xpath","value":"//table[contains(@id, \"customPartnersTable-listUl\")]/tbody/tr[1]/td[3]/span"}
RESULT: {"using":"xpath","value":"//table[contains(@id, \"customPartnersTable-listUl\")]/tbody/tr[1]/td[3]/span"}
COMMAND: POST /session/e9da8fc7d2e5c6d9fcb370d825f3b6fb/execute/sync - {"script":"<script> [56 bytes]","args":[{"element-6066-11e4-a52e-4f735466cecf":"f.EB7466E535C2126E60AFBA1E962AA512.d.EEC94729866FBBA70DDFAAEBEB8364FC.e.2328","ELEMENT":"f.EB7466E535C2126E60AFBA1E962AA512.d.EEC94729866FBBA70DDFAAEBEB8364FC.e.2328"}]}
RESULT: {"script":"<script> [56 bytes]","args":[{"element-6066-11e4-a52e-4f735466cecf":"f.EB7466E535C2126E60AFBA1E962AA512.d.EEC94729866FBBA70DDFAAEBEB8364FC.e.2328","ELEMENT":"f.EB7466E535C2126E60AFBA1E962AA512.d.EEC94729866FBBA70DDFAAEBEB8364FC.e.2328"}]}
COMMAND: POST /session/e9da8fc7d2e5c6d9fcb370d825f3b6fb/element - {"using":"xpath","value":"//table[contains(@id, \"customPartnersTable-listUl\")]/tbody/tr[1]/td[7]/div/span"}
COMMAND: GET /session/e9da8fc7d2e5c6d9fcb370d825f3b6fb/screenshot - {}
RESULT: {"using":"xpath","value":"//table[contains(@id, \"customPartnersTable-listUl\")]/tbody/tr[1]/td[7]/div/span"}
COMMAND: POST /session/e9da8fc7d2e5c6d9fcb370d825f3b6fb/execute/sync - {"script":"<script> [56 bytes]","args":[{"element-6066-11e4-a52e-4f735466cecf":"f.EB7466E535C2126E60AFBA1E962AA512.d.EEC94729866FBBA70DDFAAEBEB8364FC.e.2329","ELEMENT":"f.EB7466E535C2126E60AFBA1E962AA512.d.EEC94729866FBBA70DDFAAEBEB8364FC.e.2329"}]}
RESULT: {}
RESULT: {"script":"<script> [56 bytes]","args":[{"element-6066-11e4-a52e-4f735466cecf":"f.EB7466E535C2126E60AFBA1E962AA512.d.EEC94729866FBBA70DDFAAEBEB8364FC.e.2329","ELEMENT":"f.EB7466E535C2126E60AFBA1E962AA512.d.EEC94729866FBBA70DDFAAEBEB8364FC.e.2329"}]}
COMMAND: POST /session/e9da8fc7d2e5c6d9fcb370d825f3b6fb/element - {"using":"xpath","value":"//table[contains(@id, \"customPartnersTable-listUl\")]/tbody/tr[1]/td[2]/div/div"}
COMMAND: GET /session/e9da8fc7d2e5c6d9fcb370d825f3b6fb/screenshot - {}
RESULT: {"using":"xpath","value":"//table[contains(@id, \"customPartnersTable-listUl\")]/tbody/tr[1]/td[2]/div/div"}
COMMAND: POST /session/e9da8fc7d2e5c6d9fcb370d825f3b6fb/element/f.EB7466E535C2126E60AFBA1E962AA512.d.EEC94729866FBBA70DDFAAEBEB8364FC.e.2321/click - {}
RESULT: {}
RESULT: {}
COMMAND: GET /session/e9da8fc7d2e5c6d9fcb370d825f3b6fb/screenshot - {}
RESULT: {}
COMMAND: POST /session/e9da8fc7d2e5c6d9fcb370d825f3b6fb/element - {"using":"xpath","value":"//bdi[contains(text(), \"Deactivate\")]"}
RESULT: {"using":"xpath","value":"//bdi[contains(text(), \"Deactivate\")]"}
COMMAND: POST /session/e9da8fc7d2e5c6d9fcb370d825f3b6fb/element/f.EB7466E535C2126E60AFBA1E962AA512.d.EEC94729866FBBA70DDFAAEBEB8364FC.e.2330/click - {}
RESULT: {}
COMMAND: GET /session/e9da8fc7d2e5c6d9fcb370d825f3b6fb/screenshot - {}
RESULT: {}
COMMAND: POST /session/e9da8fc7d2e5c6d9fcb370d825f3b6fb/element - {"using":"xpath","value":"//bdi[contains(text(), \"Yes\")]"}
RESULT: {"using":"xpath","value":"//bdi[contains(text(), \"Yes\")]"}
COMMAND: POST /session/e9da8fc7d2e5c6d9fcb370d825f3b6fb/element/f.EB7466E535C2126E60AFBA1E962AA512.d.EEC94729866FBBA70DDFAAEBEB8364FC.e.2332/click - {}
RESULT: {}
COMMAND: GET /session/e9da8fc7d2e5c6d9fcb370d825f3b6fb/screenshot - {}
RESULT: {}
COMMAND: POST /session/e9da8fc7d2e5c6d9fcb370d825f3b6fb/element - {"using":"xpath","value":"//table[contains(@id, \"customPartnersTable-listUl\")]/tbody/tr[1]/td[7]/div/span"}
RESULT: {"using":"xpath","value":"//table[contains(@id, \"customPartnersTable-listUl\")]/tbody/tr[1]/td[7]/div/span"}
COMMAND: POST /session/e9da8fc7d2e5c6d9fcb370d825f3b6fb/execute/sync - {"script":"<script> [56 bytes]","args":[{"element-6066-11e4-a52e-4f735466cecf":"f.EB7466E535C2126E60AFBA1E962AA512.d.EEC94729866FBBA70DDFAAEBEB8364FC.e.2329","ELEMENT":"f.EB7466E535C2126E60AFBA1E962AA512.d.EEC94729866FBBA70DDFAAEBEB8364FC.e.2329"}]}
RESULT: {"script":"<script> [56 bytes]","args":[{"element-6066-11e4-a52e-4f735466cecf":"f.EB7466E535C2126E60AFBA1E962AA512.d.EEC94729866FBBA70DDFAAEBEB8364FC.e.2329","ELEMENT":"f.EB7466E535C2126E60AFBA1E962AA512.d.EEC94729866FBBA70DDFAAEBEB8364FC.e.2329"}]}
COMMAND: GET /session/e9da8fc7d2e5c6d9fcb370d825f3b6fb/screenshot - {}
RESULT: {}
COMMAND: POST /session/e9da8fc7d2e5c6d9fcb370d825f3b6fb/element - {"using":"css selector","value":"#shell-header-logo"}
RESULT: {"using":"css selector","value":"#shell-header-logo"}
COMMAND: POST /session/e9da8fc7d2e5c6d9fcb370d825f3b6fb/element/f.EB7466E535C2126E60AFBA1E962AA512.d.EEC94729866FBBA70DDFAAEBEB8364FC.e.2148/click - {}
RESULT: {}
COMMAND: GET /session/e9da8fc7d2e5c6d9fcb370d825f3b6fb/screenshot - {}
RESULT: {}
]]></system-out>
    </testcase>
    <testcase classname="chrome.137_0_7151_69.windows.Partner_specific_tests_US150819_US151080_US151654_US151176_US103444_US151078_US151079_US151109_US151174_US151175_US151189" name="Should activate the created partner again US151176" time="60.357">
      <system-out><![CDATA[
COMMAND: POST /session/e9da8fc7d2e5c6d9fcb370d825f3b6fb/element - {"using":"xpath","value":"//li[.//span[text()=\"Manage Partners\"]]"}
RESULT: {"using":"xpath","value":"//li[.//span[text()=\"Manage Partners\"]]"}
COMMAND: POST /session/e9da8fc7d2e5c6d9fcb370d825f3b6fb/element - {"using":"xpath","value":"//li[.//span[text()=\"Manage Partners\"]]"}
RESULT: {"using":"xpath","value":"//li[.//span[text()=\"Manage Partners\"]]"}
COMMAND: POST /session/e9da8fc7d2e5c6d9fcb370d825f3b6fb/element - {"using":"css selector","value":"#shell-header-logo"}
RESULT: {"using":"css selector","value":"#shell-header-logo"}
COMMAND: POST /session/e9da8fc7d2e5c6d9fcb370d825f3b6fb/element/f.EB7466E535C2126E60AFBA1E962AA512.d.EEC94729866FBBA70DDFAAEBEB8364FC.e.2336/click - {}
COMMAND: POST /session/e9da8fc7d2e5c6d9fcb370d825f3b6fb/execute/sync - {"script":"<script> [8489 bytes]","args":[{"element-6066-11e4-a52e-4f735466cecf":"f.EB7466E535C2126E60AFBA1E962AA512.d.EEC94729866FBBA70DDFAAEBEB8364FC.e.2336","ELEMENT":"f.EB7466E535C2126E60AFBA1E962AA512.d.EEC94729866FBBA70DDFAAEBEB8364FC.e.2336"}]}
RESULT: {}
COMMAND: GET /session/e9da8fc7d2e5c6d9fcb370d825f3b6fb/screenshot - {}
RESULT: {"script":"<script> [8489 bytes]","args":[{"element-6066-11e4-a52e-4f735466cecf":"f.EB7466E535C2126E60AFBA1E962AA512.d.EEC94729866FBBA70DDFAAEBEB8364FC.e.2336","ELEMENT":"f.EB7466E535C2126E60AFBA1E962AA512.d.EEC94729866FBBA70DDFAAEBEB8364FC.e.2336"}]}
COMMAND: POST /session/e9da8fc7d2e5c6d9fcb370d825f3b6fb/execute/sync - {"script":"<script> [5351 bytes]","args":[{"element-6066-11e4-a52e-4f735466cecf":"f.EB7466E535C2126E60AFBA1E962AA512.d.EEC94729866FBBA70DDFAAEBEB8364FC.e.2336","ELEMENT":"f.EB7466E535C2126E60AFBA1E962AA512.d.EEC94729866FBBA70DDFAAEBEB8364FC.e.2336"}]}
COMMAND: GET /session/e9da8fc7d2e5c6d9fcb370d825f3b6fb/screenshot - {}
RESULT: {}
RESULT: {"script":"<script> [5351 bytes]","args":[{"element-6066-11e4-a52e-4f735466cecf":"f.EB7466E535C2126E60AFBA1E962AA512.d.EEC94729866FBBA70DDFAAEBEB8364FC.e.2336","ELEMENT":"f.EB7466E535C2126E60AFBA1E962AA512.d.EEC94729866FBBA70DDFAAEBEB8364FC.e.2336"}]}
COMMAND: GET /session/e9da8fc7d2e5c6d9fcb370d825f3b6fb/screenshot - {}
RESULT: {}
RESULT: {}
RESULT: undefined
COMMAND: POST /session/e9da8fc7d2e5c6d9fcb370d825f3b6fb/element - {"using":"xpath","value":"//*[@id=\"__tile39\"]"}
RESULT: {"using":"xpath","value":"//*[@id=\"__tile39\"]"}
COMMAND: POST /session/e9da8fc7d2e5c6d9fcb370d825f3b6fb/element/f.EB7466E535C2126E60AFBA1E962AA512.d.EEC94729866FBBA70DDFAAEBEB8364FC.e.166/click - {}
RESULT: {}
COMMAND: GET /session/e9da8fc7d2e5c6d9fcb370d825f3b6fb/screenshot - {}
RESULT: {}
COMMAND: POST /session/e9da8fc7d2e5c6d9fcb370d825f3b6fb/elements - {"using":"xpath","value":"//span[text()='Error']"}
RESULT: {"using":"xpath","value":"//span[text()='Error']"}
COMMAND: POST /session/e9da8fc7d2e5c6d9fcb370d825f3b6fb/element - {"using":"xpath","value":"//button[@data-kt=\"addButton\"]"}
RESULT: {"using":"xpath","value":"//button[@data-kt=\"addButton\"]"}
COMMAND: POST /session/e9da8fc7d2e5c6d9fcb370d825f3b6fb/elements - {"using":"xpath","value":"//button[@data-kt=\"addButton\"]"}
RESULT: {"using":"xpath","value":"//button[@data-kt=\"addButton\"]"}
COMMAND: POST /session/e9da8fc7d2e5c6d9fcb370d825f3b6fb/execute/sync - {"script":"<script> [8489 bytes]","args":[{"element-6066-11e4-a52e-4f735466cecf":"f.EB7466E535C2126E60AFBA1E962AA512.d.EEC94729866FBBA70DDFAAEBEB8364FC.e.2382","ELEMENT":"f.EB7466E535C2126E60AFBA1E962AA512.d.EEC94729866FBBA70DDFAAEBEB8364FC.e.2382"}]}
RESULT: {"script":"<script> [8489 bytes]","args":[{"element-6066-11e4-a52e-4f735466cecf":"f.EB7466E535C2126E60AFBA1E962AA512.d.EEC94729866FBBA70DDFAAEBEB8364FC.e.2382","ELEMENT":"f.EB7466E535C2126E60AFBA1E962AA512.d.EEC94729866FBBA70DDFAAEBEB8364FC.e.2382"}]}
COMMAND: GET /session/e9da8fc7d2e5c6d9fcb370d825f3b6fb/element/f.EB7466E535C2126E60AFBA1E962AA512.d.EEC94729866FBBA70DDFAAEBEB8364FC.e.2382/enabled - {}
COMMAND: GET /session/e9da8fc7d2e5c6d9fcb370d825f3b6fb/screenshot - {}
RESULT: {}
COMMAND: POST /session/e9da8fc7d2e5c6d9fcb370d825f3b6fb/execute/sync - {"script":"<script> [8489 bytes]","args":[{"element-6066-11e4-a52e-4f735466cecf":"f.EB7466E535C2126E60AFBA1E962AA512.d.EEC94729866FBBA70DDFAAEBEB8364FC.e.2382","ELEMENT":"f.EB7466E535C2126E60AFBA1E962AA512.d.EEC94729866FBBA70DDFAAEBEB8364FC.e.2382"}]}
COMMAND: GET /session/e9da8fc7d2e5c6d9fcb370d825f3b6fb/screenshot - {}
RESULT: {}
RESULT: {"script":"<script> [8489 bytes]","args":[{"element-6066-11e4-a52e-4f735466cecf":"f.EB7466E535C2126E60AFBA1E962AA512.d.EEC94729866FBBA70DDFAAEBEB8364FC.e.2382","ELEMENT":"f.EB7466E535C2126E60AFBA1E962AA512.d.EEC94729866FBBA70DDFAAEBEB8364FC.e.2382"}]}
COMMAND: POST /session/e9da8fc7d2e5c6d9fcb370d825f3b6fb/execute/sync - {"script":"<script> [5351 bytes]","args":[{"element-6066-11e4-a52e-4f735466cecf":"f.EB7466E535C2126E60AFBA1E962AA512.d.EEC94729866FBBA70DDFAAEBEB8364FC.e.2382","ELEMENT":"f.EB7466E535C2126E60AFBA1E962AA512.d.EEC94729866FBBA70DDFAAEBEB8364FC.e.2382"}]}
COMMAND: GET /session/e9da8fc7d2e5c6d9fcb370d825f3b6fb/screenshot - {}
RESULT: {}
RESULT: {"script":"<script> [5351 bytes]","args":[{"element-6066-11e4-a52e-4f735466cecf":"f.EB7466E535C2126E60AFBA1E962AA512.d.EEC94729866FBBA70DDFAAEBEB8364FC.e.2382","ELEMENT":"f.EB7466E535C2126E60AFBA1E962AA512.d.EEC94729866FBBA70DDFAAEBEB8364FC.e.2382"}]}
COMMAND: GET /session/e9da8fc7d2e5c6d9fcb370d825f3b6fb/screenshot - {}
RESULT: {}
RESULT: {}
RESULT: undefined
COMMAND: POST /session/e9da8fc7d2e5c6d9fcb370d825f3b6fb/execute/async - {"script":"<script> [776 bytes]","args":[{"enterText":"1099","selector":{"id":"application-managepartners-display-component---masterPtm--smartFilterBar-btnBasicSearch","interaction":{"idSuffix":"I"}},"clearTextFirst":true,"interactionType":"ENTER_TEXT"}]}
RESULT: {"script":"<script> [776 bytes]","args":[{"enterText":"1099","selector":{"id":"application-managepartners-display-component---masterPtm--smartFilterBar-btnBasicSearch","interaction":{"idSuffix":"I"}},"clearTextFirst":true,"interactionType":"ENTER_TEXT"}]}
COMMAND: POST /session/e9da8fc7d2e5c6d9fcb370d825f3b6fb/actions - {"actions":[{"id":"action5","type":"key","parameters":{},"actions":[{"type":"keyDown","value":""},{"type":"pause","duration":10},{"type":"keyUp","value":""}]}]}
RESULT: {"actions":[{"id":"action5","type":"key","parameters":{},"actions":[{"type":"keyDown","value":""},{"type":"pause","duration":10},{"type":"keyUp","value":""}]}]}
COMMAND: GET /session/e9da8fc7d2e5c6d9fcb370d825f3b6fb/screenshot - {}
RESULT: {}
COMMAND: POST /session/e9da8fc7d2e5c6d9fcb370d825f3b6fb/elements - {"using":"xpath","value":"//table[contains(@id, \"customPartnersTable-listUl\")]/tbody/tr"}
RESULT: {"using":"xpath","value":"//table[contains(@id, \"customPartnersTable-listUl\")]/tbody/tr"}
COMMAND: POST /session/e9da8fc7d2e5c6d9fcb370d825f3b6fb/element - {"using":"xpath","value":"//table[contains(@id, \"customPartnersTable-listUl\")]/tbody/tr[1]/td[3]/span"}
RESULT: {"using":"xpath","value":"//table[contains(@id, \"customPartnersTable-listUl\")]/tbody/tr[1]/td[3]/span"}
COMMAND: POST /session/e9da8fc7d2e5c6d9fcb370d825f3b6fb/elements - {"using":"xpath","value":"//table[contains(@id, \"customPartnersTable-listUl\")]/tbody/tr[1]/td[3]/span"}
RESULT: {"using":"xpath","value":"//table[contains(@id, \"customPartnersTable-listUl\")]/tbody/tr[1]/td[3]/span"}
COMMAND: POST /session/e9da8fc7d2e5c6d9fcb370d825f3b6fb/execute/sync - {"script":"<script> [56 bytes]","args":[{"element-6066-11e4-a52e-4f735466cecf":"f.EB7466E535C2126E60AFBA1E962AA512.d.EEC94729866FBBA70DDFAAEBEB8364FC.e.2516","ELEMENT":"f.EB7466E535C2126E60AFBA1E962AA512.d.EEC94729866FBBA70DDFAAEBEB8364FC.e.2516"}]}
RESULT: {"script":"<script> [56 bytes]","args":[{"element-6066-11e4-a52e-4f735466cecf":"f.EB7466E535C2126E60AFBA1E962AA512.d.EEC94729866FBBA70DDFAAEBEB8364FC.e.2516","ELEMENT":"f.EB7466E535C2126E60AFBA1E962AA512.d.EEC94729866FBBA70DDFAAEBEB8364FC.e.2516"}]}
COMMAND: POST /session/e9da8fc7d2e5c6d9fcb370d825f3b6fb/element - {"using":"xpath","value":"//table[contains(@id, \"customPartnersTable-listUl\")]/tbody/tr[1]/td[7]/div/span"}
COMMAND: GET /session/e9da8fc7d2e5c6d9fcb370d825f3b6fb/screenshot - {}
RESULT: {"using":"xpath","value":"//table[contains(@id, \"customPartnersTable-listUl\")]/tbody/tr[1]/td[7]/div/span"}
COMMAND: POST /session/e9da8fc7d2e5c6d9fcb370d825f3b6fb/execute/sync - {"script":"<script> [56 bytes]","args":[{"element-6066-11e4-a52e-4f735466cecf":"f.EB7466E535C2126E60AFBA1E962AA512.d.EEC94729866FBBA70DDFAAEBEB8364FC.e.2517","ELEMENT":"f.EB7466E535C2126E60AFBA1E962AA512.d.EEC94729866FBBA70DDFAAEBEB8364FC.e.2517"}]}
RESULT: {}
RESULT: {"script":"<script> [56 bytes]","args":[{"element-6066-11e4-a52e-4f735466cecf":"f.EB7466E535C2126E60AFBA1E962AA512.d.EEC94729866FBBA70DDFAAEBEB8364FC.e.2517","ELEMENT":"f.EB7466E535C2126E60AFBA1E962AA512.d.EEC94729866FBBA70DDFAAEBEB8364FC.e.2517"}]}
COMMAND: POST /session/e9da8fc7d2e5c6d9fcb370d825f3b6fb/element - {"using":"xpath","value":"//table[contains(@id, \"customPartnersTable-listUl\")]/tbody/tr[1]/td[2]/div/div"}
COMMAND: GET /session/e9da8fc7d2e5c6d9fcb370d825f3b6fb/screenshot - {}
RESULT: {"using":"xpath","value":"//table[contains(@id, \"customPartnersTable-listUl\")]/tbody/tr[1]/td[2]/div/div"}
COMMAND: POST /session/e9da8fc7d2e5c6d9fcb370d825f3b6fb/element/f.EB7466E535C2126E60AFBA1E962AA512.d.EEC94729866FBBA70DDFAAEBEB8364FC.e.2509/click - {}
RESULT: {}
RESULT: {}
COMMAND: GET /session/e9da8fc7d2e5c6d9fcb370d825f3b6fb/screenshot - {}
RESULT: {}
COMMAND: POST /session/e9da8fc7d2e5c6d9fcb370d825f3b6fb/element - {"using":"xpath","value":"//bdi[contains(text(), \"Activate\")]"}
RESULT: {"using":"xpath","value":"//bdi[contains(text(), \"Activate\")]"}
COMMAND: POST /session/e9da8fc7d2e5c6d9fcb370d825f3b6fb/element/f.EB7466E535C2126E60AFBA1E962AA512.d.EEC94729866FBBA70DDFAAEBEB8364FC.e.2518/click - {}
RESULT: {}
COMMAND: GET /session/e9da8fc7d2e5c6d9fcb370d825f3b6fb/screenshot - {}
RESULT: {}
COMMAND: POST /session/e9da8fc7d2e5c6d9fcb370d825f3b6fb/element - {"using":"xpath","value":"//bdi[contains(text(), \"Yes\")]"}
RESULT: {"using":"xpath","value":"//bdi[contains(text(), \"Yes\")]"}
COMMAND: POST /session/e9da8fc7d2e5c6d9fcb370d825f3b6fb/element/f.EB7466E535C2126E60AFBA1E962AA512.d.EEC94729866FBBA70DDFAAEBEB8364FC.e.2521/click - {}
RESULT: {}
COMMAND: GET /session/e9da8fc7d2e5c6d9fcb370d825f3b6fb/screenshot - {}
RESULT: {}
COMMAND: POST /session/e9da8fc7d2e5c6d9fcb370d825f3b6fb/element - {"using":"xpath","value":"//table[contains(@id, \"customPartnersTable-listUl\")]/tbody/tr[1]/td[7]/div/span"}
RESULT: {"using":"xpath","value":"//table[contains(@id, \"customPartnersTable-listUl\")]/tbody/tr[1]/td[7]/div/span"}
COMMAND: POST /session/e9da8fc7d2e5c6d9fcb370d825f3b6fb/execute/sync - {"script":"<script> [56 bytes]","args":[{"element-6066-11e4-a52e-4f735466cecf":"f.EB7466E535C2126E60AFBA1E962AA512.d.EEC94729866FBBA70DDFAAEBEB8364FC.e.2517","ELEMENT":"f.EB7466E535C2126E60AFBA1E962AA512.d.EEC94729866FBBA70DDFAAEBEB8364FC.e.2517"}]}
RESULT: {"script":"<script> [56 bytes]","args":[{"element-6066-11e4-a52e-4f735466cecf":"f.EB7466E535C2126E60AFBA1E962AA512.d.EEC94729866FBBA70DDFAAEBEB8364FC.e.2517","ELEMENT":"f.EB7466E535C2126E60AFBA1E962AA512.d.EEC94729866FBBA70DDFAAEBEB8364FC.e.2517"}]}
COMMAND: GET /session/e9da8fc7d2e5c6d9fcb370d825f3b6fb/screenshot - {}
RESULT: {}
COMMAND: POST /session/e9da8fc7d2e5c6d9fcb370d825f3b6fb/element - {"using":"css selector","value":"#shell-header-logo"}
RESULT: {"using":"css selector","value":"#shell-header-logo"}
COMMAND: POST /session/e9da8fc7d2e5c6d9fcb370d825f3b6fb/element/f.EB7466E535C2126E60AFBA1E962AA512.d.EEC94729866FBBA70DDFAAEBEB8364FC.e.2336/click - {}
RESULT: {}
COMMAND: GET /session/e9da8fc7d2e5c6d9fcb370d825f3b6fb/screenshot - {}
RESULT: {}
]]></system-out>
    </testcase>
    <testcase classname="chrome.137_0_7151_69.windows.Partner_specific_tests_US150819_US151080_US151654_US151176_US103444_US151078_US151079_US151109_US151174_US151175_US151189" name="Should edit the created external partner and save it and check its content US103444" time="65.906">
      <system-out><![CDATA[
COMMAND: POST /session/e9da8fc7d2e5c6d9fcb370d825f3b6fb/element - {"using":"xpath","value":"//li[.//span[text()=\"Manage Partners\"]]"}
RESULT: {"using":"xpath","value":"//li[.//span[text()=\"Manage Partners\"]]"}
COMMAND: POST /session/e9da8fc7d2e5c6d9fcb370d825f3b6fb/element - {"using":"xpath","value":"//li[.//span[text()=\"Manage Partners\"]]"}
RESULT: {"using":"xpath","value":"//li[.//span[text()=\"Manage Partners\"]]"}
COMMAND: POST /session/e9da8fc7d2e5c6d9fcb370d825f3b6fb/element - {"using":"css selector","value":"#shell-header-logo"}
RESULT: {"using":"css selector","value":"#shell-header-logo"}
COMMAND: POST /session/e9da8fc7d2e5c6d9fcb370d825f3b6fb/element/f.EB7466E535C2126E60AFBA1E962AA512.d.EEC94729866FBBA70DDFAAEBEB8364FC.e.2524/click - {}
COMMAND: POST /session/e9da8fc7d2e5c6d9fcb370d825f3b6fb/execute/sync - {"script":"<script> [8489 bytes]","args":[{"element-6066-11e4-a52e-4f735466cecf":"f.EB7466E535C2126E60AFBA1E962AA512.d.EEC94729866FBBA70DDFAAEBEB8364FC.e.2524","ELEMENT":"f.EB7466E535C2126E60AFBA1E962AA512.d.EEC94729866FBBA70DDFAAEBEB8364FC.e.2524"}]}
RESULT: {}
COMMAND: GET /session/e9da8fc7d2e5c6d9fcb370d825f3b6fb/screenshot - {}
RESULT: {"script":"<script> [8489 bytes]","args":[{"element-6066-11e4-a52e-4f735466cecf":"f.EB7466E535C2126E60AFBA1E962AA512.d.EEC94729866FBBA70DDFAAEBEB8364FC.e.2524","ELEMENT":"f.EB7466E535C2126E60AFBA1E962AA512.d.EEC94729866FBBA70DDFAAEBEB8364FC.e.2524"}]}
COMMAND: POST /session/e9da8fc7d2e5c6d9fcb370d825f3b6fb/execute/sync - {"script":"<script> [5351 bytes]","args":[{"element-6066-11e4-a52e-4f735466cecf":"f.EB7466E535C2126E60AFBA1E962AA512.d.EEC94729866FBBA70DDFAAEBEB8364FC.e.2524","ELEMENT":"f.EB7466E535C2126E60AFBA1E962AA512.d.EEC94729866FBBA70DDFAAEBEB8364FC.e.2524"}]}
COMMAND: GET /session/e9da8fc7d2e5c6d9fcb370d825f3b6fb/screenshot - {}
RESULT: {}
RESULT: {"script":"<script> [5351 bytes]","args":[{"element-6066-11e4-a52e-4f735466cecf":"f.EB7466E535C2126E60AFBA1E962AA512.d.EEC94729866FBBA70DDFAAEBEB8364FC.e.2524","ELEMENT":"f.EB7466E535C2126E60AFBA1E962AA512.d.EEC94729866FBBA70DDFAAEBEB8364FC.e.2524"}]}
COMMAND: GET /session/e9da8fc7d2e5c6d9fcb370d825f3b6fb/screenshot - {}
RESULT: {}
RESULT: {}
RESULT: undefined
COMMAND: POST /session/e9da8fc7d2e5c6d9fcb370d825f3b6fb/element - {"using":"xpath","value":"//*[@id=\"__tile39\"]"}
RESULT: {"using":"xpath","value":"//*[@id=\"__tile39\"]"}
COMMAND: POST /session/e9da8fc7d2e5c6d9fcb370d825f3b6fb/element/f.EB7466E535C2126E60AFBA1E962AA512.d.EEC94729866FBBA70DDFAAEBEB8364FC.e.166/click - {}
RESULT: {}
COMMAND: GET /session/e9da8fc7d2e5c6d9fcb370d825f3b6fb/screenshot - {}
RESULT: {}
COMMAND: POST /session/e9da8fc7d2e5c6d9fcb370d825f3b6fb/elements - {"using":"xpath","value":"//span[text()='Error']"}
RESULT: {"using":"xpath","value":"//span[text()='Error']"}
COMMAND: POST /session/e9da8fc7d2e5c6d9fcb370d825f3b6fb/element - {"using":"xpath","value":"//button[@data-kt=\"addButton\"]"}
RESULT: {"using":"xpath","value":"//button[@data-kt=\"addButton\"]"}
COMMAND: POST /session/e9da8fc7d2e5c6d9fcb370d825f3b6fb/elements - {"using":"xpath","value":"//button[@data-kt=\"addButton\"]"}
RESULT: {"using":"xpath","value":"//button[@data-kt=\"addButton\"]"}
COMMAND: POST /session/e9da8fc7d2e5c6d9fcb370d825f3b6fb/execute/sync - {"script":"<script> [8489 bytes]","args":[{"element-6066-11e4-a52e-4f735466cecf":"f.EB7466E535C2126E60AFBA1E962AA512.d.EEC94729866FBBA70DDFAAEBEB8364FC.e.2559","ELEMENT":"f.EB7466E535C2126E60AFBA1E962AA512.d.EEC94729866FBBA70DDFAAEBEB8364FC.e.2559"}]}
RESULT: {"script":"<script> [8489 bytes]","args":[{"element-6066-11e4-a52e-4f735466cecf":"f.EB7466E535C2126E60AFBA1E962AA512.d.EEC94729866FBBA70DDFAAEBEB8364FC.e.2559","ELEMENT":"f.EB7466E535C2126E60AFBA1E962AA512.d.EEC94729866FBBA70DDFAAEBEB8364FC.e.2559"}]}
COMMAND: GET /session/e9da8fc7d2e5c6d9fcb370d825f3b6fb/element/f.EB7466E535C2126E60AFBA1E962AA512.d.EEC94729866FBBA70DDFAAEBEB8364FC.e.2559/enabled - {}
COMMAND: GET /session/e9da8fc7d2e5c6d9fcb370d825f3b6fb/screenshot - {}
RESULT: {}
COMMAND: POST /session/e9da8fc7d2e5c6d9fcb370d825f3b6fb/execute/sync - {"script":"<script> [8489 bytes]","args":[{"element-6066-11e4-a52e-4f735466cecf":"f.EB7466E535C2126E60AFBA1E962AA512.d.EEC94729866FBBA70DDFAAEBEB8364FC.e.2559","ELEMENT":"f.EB7466E535C2126E60AFBA1E962AA512.d.EEC94729866FBBA70DDFAAEBEB8364FC.e.2559"}]}
COMMAND: GET /session/e9da8fc7d2e5c6d9fcb370d825f3b6fb/screenshot - {}
RESULT: {}
RESULT: {"script":"<script> [8489 bytes]","args":[{"element-6066-11e4-a52e-4f735466cecf":"f.EB7466E535C2126E60AFBA1E962AA512.d.EEC94729866FBBA70DDFAAEBEB8364FC.e.2559","ELEMENT":"f.EB7466E535C2126E60AFBA1E962AA512.d.EEC94729866FBBA70DDFAAEBEB8364FC.e.2559"}]}
COMMAND: POST /session/e9da8fc7d2e5c6d9fcb370d825f3b6fb/execute/sync - {"script":"<script> [5351 bytes]","args":[{"element-6066-11e4-a52e-4f735466cecf":"f.EB7466E535C2126E60AFBA1E962AA512.d.EEC94729866FBBA70DDFAAEBEB8364FC.e.2559","ELEMENT":"f.EB7466E535C2126E60AFBA1E962AA512.d.EEC94729866FBBA70DDFAAEBEB8364FC.e.2559"}]}
COMMAND: GET /session/e9da8fc7d2e5c6d9fcb370d825f3b6fb/screenshot - {}
RESULT: {}
RESULT: {"script":"<script> [5351 bytes]","args":[{"element-6066-11e4-a52e-4f735466cecf":"f.EB7466E535C2126E60AFBA1E962AA512.d.EEC94729866FBBA70DDFAAEBEB8364FC.e.2559","ELEMENT":"f.EB7466E535C2126E60AFBA1E962AA512.d.EEC94729866FBBA70DDFAAEBEB8364FC.e.2559"}]}
COMMAND: GET /session/e9da8fc7d2e5c6d9fcb370d825f3b6fb/screenshot - {}
RESULT: {}
RESULT: {}
RESULT: undefined
COMMAND: POST /session/e9da8fc7d2e5c6d9fcb370d825f3b6fb/execute/async - {"script":"<script> [776 bytes]","args":[{"enterText":"1099","selector":{"id":"application-managepartners-display-component---masterPtm--smartFilterBar-btnBasicSearch","interaction":{"idSuffix":"I"}},"clearTextFirst":true,"interactionType":"ENTER_TEXT"}]}
RESULT: {"script":"<script> [776 bytes]","args":[{"enterText":"1099","selector":{"id":"application-managepartners-display-component---masterPtm--smartFilterBar-btnBasicSearch","interaction":{"idSuffix":"I"}},"clearTextFirst":true,"interactionType":"ENTER_TEXT"}]}
COMMAND: POST /session/e9da8fc7d2e5c6d9fcb370d825f3b6fb/actions - {"actions":[{"id":"action6","type":"key","parameters":{},"actions":[{"type":"keyDown","value":""},{"type":"pause","duration":10},{"type":"keyUp","value":""}]}]}
RESULT: {"actions":[{"id":"action6","type":"key","parameters":{},"actions":[{"type":"keyDown","value":""},{"type":"pause","duration":10},{"type":"keyUp","value":""}]}]}
COMMAND: GET /session/e9da8fc7d2e5c6d9fcb370d825f3b6fb/screenshot - {}
RESULT: {}
COMMAND: POST /session/e9da8fc7d2e5c6d9fcb370d825f3b6fb/elements - {"using":"xpath","value":"//table[contains(@id, \"customPartnersTable-listUl\")]/tbody/tr"}
RESULT: {"using":"xpath","value":"//table[contains(@id, \"customPartnersTable-listUl\")]/tbody/tr"}
COMMAND: POST /session/e9da8fc7d2e5c6d9fcb370d825f3b6fb/element - {"using":"xpath","value":"//table[contains(@id, \"customPartnersTable-listUl\")]/tbody/tr[1]/td[3]/span"}
RESULT: {"using":"xpath","value":"//table[contains(@id, \"customPartnersTable-listUl\")]/tbody/tr[1]/td[3]/span"}
COMMAND: POST /session/e9da8fc7d2e5c6d9fcb370d825f3b6fb/elements - {"using":"xpath","value":"//table[contains(@id, \"customPartnersTable-listUl\")]/tbody/tr[1]/td[3]/span"}
RESULT: {"using":"xpath","value":"//table[contains(@id, \"customPartnersTable-listUl\")]/tbody/tr[1]/td[3]/span"}
COMMAND: POST /session/e9da8fc7d2e5c6d9fcb370d825f3b6fb/execute/sync - {"script":"<script> [56 bytes]","args":[{"element-6066-11e4-a52e-4f735466cecf":"f.EB7466E535C2126E60AFBA1E962AA512.d.EEC94729866FBBA70DDFAAEBEB8364FC.e.2706","ELEMENT":"f.EB7466E535C2126E60AFBA1E962AA512.d.EEC94729866FBBA70DDFAAEBEB8364FC.e.2706"}]}
RESULT: {"script":"<script> [56 bytes]","args":[{"element-6066-11e4-a52e-4f735466cecf":"f.EB7466E535C2126E60AFBA1E962AA512.d.EEC94729866FBBA70DDFAAEBEB8364FC.e.2706","ELEMENT":"f.EB7466E535C2126E60AFBA1E962AA512.d.EEC94729866FBBA70DDFAAEBEB8364FC.e.2706"}]}
COMMAND: POST /session/e9da8fc7d2e5c6d9fcb370d825f3b6fb/element - {"using":"xpath","value":"(//span[contains(@id, \"imgNav\")])[1]"}
COMMAND: GET /session/e9da8fc7d2e5c6d9fcb370d825f3b6fb/screenshot - {}
RESULT: {"using":"xpath","value":"(//span[contains(@id, \"imgNav\")])[1]"}
COMMAND: POST /session/e9da8fc7d2e5c6d9fcb370d825f3b6fb/element/f.EB7466E535C2126E60AFBA1E962AA512.d.EEC94729866FBBA70DDFAAEBEB8364FC.e.2705/click - {}
RESULT: {}
RESULT: {}
COMMAND: GET /session/e9da8fc7d2e5c6d9fcb370d825f3b6fb/screenshot - {}
RESULT: {}
COMMAND: POST /session/e9da8fc7d2e5c6d9fcb370d825f3b6fb/element - {"using":"xpath","value":"//bdi[contains(text(), \"Edit\")]"}
RESULT: {"using":"xpath","value":"//bdi[contains(text(), \"Edit\")]"}
COMMAND: POST /session/e9da8fc7d2e5c6d9fcb370d825f3b6fb/element/f.EB7466E535C2126E60AFBA1E962AA512.d.EEC94729866FBBA70DDFAAEBEB8364FC.e.2847/click - {}
RESULT: {}
COMMAND: GET /session/e9da8fc7d2e5c6d9fcb370d825f3b6fb/screenshot - {}
RESULT: {}
COMMAND: POST /session/e9da8fc7d2e5c6d9fcb370d825f3b6fb/execute/async - {"script":"<script> [1562 bytes]","args":[{"selector":{"controlType":"sap.m.Input","viewName":"etm.portal.ui.managepartners.view.EditDetail","labelFor":{"text":"Name"},"interaction":{"idSuffix":"inner"}},"wdio_ui5_key":"etmportal.ui.managepartners.view.EditDetailsap.m.Input{\"text\":\"Name\"}"}]}
RESULT: {"script":"<script> [1562 bytes]","args":[{"selector":{"controlType":"sap.m.Input","viewName":"etm.portal.ui.managepartners.view.EditDetail","labelFor":{"text":"Name"},"interaction":{"idSuffix":"inner"}},"wdio_ui5_key":"etmportal.ui.managepartners.view.EditDetailsap.m.Input{\"text\":\"Name\"}"}]}
RESULT: undefined
COMMAND: POST /session/e9da8fc7d2e5c6d9fcb370d825f3b6fb/execute/async - {"script":"<script> [776 bytes]","args":[{"enterText":"External EDIT","selector":{"controlType":"sap.m.Input","viewName":"etm.portal.ui.managepartners.view.EditDetail","labelFor":{"text":"Name"},"interaction":{"idSuffix":"inner"}},"clearTextFirst":true,"interactionType":"ENTER_TEXT"}]}
RESULT: {"script":"<script> [776 bytes]","args":[{"enterText":"External EDIT","selector":{"controlType":"sap.m.Input","viewName":"etm.portal.ui.managepartners.view.EditDetail","labelFor":{"text":"Name"},"interaction":{"idSuffix":"inner"}},"clearTextFirst":true,"interactionType":"ENTER_TEXT"}]}
COMMAND: POST /session/e9da8fc7d2e5c6d9fcb370d825f3b6fb/element - {"using":"xpath","value":"(//span[contains(@id,\"addressDetailDetailsLanguage-arrow\")])[1]"}
RESULT: {"using":"xpath","value":"(//span[contains(@id,\"addressDetailDetailsLanguage-arrow\")])[1]"}
COMMAND: POST /session/e9da8fc7d2e5c6d9fcb370d825f3b6fb/element/f.EB7466E535C2126E60AFBA1E962AA512.d.EEC94729866FBBA70DDFAAEBEB8364FC.e.2925/click - {}
RESULT: {}
COMMAND: POST /session/e9da8fc7d2e5c6d9fcb370d825f3b6fb/element - {"using":"xpath","value":"//span[contains(text(), \"Chinese\")]"}
COMMAND: GET /session/e9da8fc7d2e5c6d9fcb370d825f3b6fb/screenshot - {}
RESULT: {"using":"xpath","value":"//span[contains(text(), \"Chinese\")]"}
COMMAND: POST /session/e9da8fc7d2e5c6d9fcb370d825f3b6fb/element/f.EB7466E535C2126E60AFBA1E962AA512.d.EEC94729866FBBA70DDFAAEBEB8364FC.e.2926/click - {}
RESULT: {}
RESULT: {}
COMMAND: GET /session/e9da8fc7d2e5c6d9fcb370d825f3b6fb/screenshot - {}
RESULT: {}
COMMAND: POST /session/e9da8fc7d2e5c6d9fcb370d825f3b6fb/execute/async - {"script":"<script> [1562 bytes]","args":[{"selector":{"controlType":"sap.m.Input","viewName":"etm.portal.ui.managepartners.view.EditDetail","labelFor":{"text":"City"},"interaction":{"idSuffix":"inner"}},"wdio_ui5_key":"etmportal.ui.managepartners.view.EditDetailsap.m.Input{\"text\":\"City\"}"}]}
RESULT: {"script":"<script> [1562 bytes]","args":[{"selector":{"controlType":"sap.m.Input","viewName":"etm.portal.ui.managepartners.view.EditDetail","labelFor":{"text":"City"},"interaction":{"idSuffix":"inner"}},"wdio_ui5_key":"etmportal.ui.managepartners.view.EditDetailsap.m.Input{\"text\":\"City\"}"}]}
RESULT: undefined
COMMAND: POST /session/e9da8fc7d2e5c6d9fcb370d825f3b6fb/execute/async - {"script":"<script> [776 bytes]","args":[{"enterText":"Clooj-Napoca","selector":{"controlType":"sap.m.Input","viewName":"etm.portal.ui.managepartners.view.EditDetail","labelFor":{"text":"City"},"interaction":{"idSuffix":"inner"}},"clearTextFirst":true,"interactionType":"ENTER_TEXT"}]}
RESULT: {"script":"<script> [776 bytes]","args":[{"enterText":"Clooj-Napoca","selector":{"controlType":"sap.m.Input","viewName":"etm.portal.ui.managepartners.view.EditDetail","labelFor":{"text":"City"},"interaction":{"idSuffix":"inner"}},"clearTextFirst":true,"interactionType":"ENTER_TEXT"}]}
COMMAND: POST /session/e9da8fc7d2e5c6d9fcb370d825f3b6fb/element - {"using":"xpath","value":"//button[@data-kt=\"saveButton\"]"}
RESULT: {"using":"xpath","value":"//button[@data-kt=\"saveButton\"]"}
COMMAND: POST /session/e9da8fc7d2e5c6d9fcb370d825f3b6fb/element/f.EB7466E535C2126E60AFBA1E962AA512.d.EEC94729866FBBA70DDFAAEBEB8364FC.e.2910/click - {}
RESULT: {}
COMMAND: GET /session/e9da8fc7d2e5c6d9fcb370d825f3b6fb/screenshot - {}
RESULT: {}
COMMAND: POST /session/e9da8fc7d2e5c6d9fcb370d825f3b6fb/execute/async - {"script":"<script> [1562 bytes]","args":[{"selector":{"id":"application-managepartners-display-component---detailPtm--addressDetailDetailsName1"},"wdio_ui5_key":"applicationmanagepartners-display-component---detailPtm--addressDetailDetailsName1"}]}
RESULT: {"script":"<script> [1562 bytes]","args":[{"selector":{"id":"application-managepartners-display-component---detailPtm--addressDetailDetailsName1"},"wdio_ui5_key":"applicationmanagepartners-display-component---detailPtm--addressDetailDetailsName1"}]}
RESULT: undefined
COMMAND: POST /session/e9da8fc7d2e5c6d9fcb370d825f3b6fb/execute/async - {"script":"<script> [6424 bytes]","args":[{"element-6066-11e4-a52e-4f735466cecf":"f.EB7466E535C2126E60AFBA1E962AA512.d.EEC94729866FBBA70DDFAAEBEB8364FC.e.2957"},"getValue",[]]}
RESULT: {"script":"<script> [6424 bytes]","args":[{"element-6066-11e4-a52e-4f735466cecf":"f.EB7466E535C2126E60AFBA1E962AA512.d.EEC94729866FBBA70DDFAAEBEB8364FC.e.2957"},"getValue",[]]}
COMMAND: POST /session/e9da8fc7d2e5c6d9fcb370d825f3b6fb/element - {"using":"xpath","value":"//input[@id = \"application-managepartners-display-component---detailPtm--addressDetailDetailsLanguage-inner\"]"}
RESULT: {"using":"xpath","value":"//input[@id = \"application-managepartners-display-component---detailPtm--addressDetailDetailsLanguage-inner\"]"}
COMMAND: GET /session/e9da8fc7d2e5c6d9fcb370d825f3b6fb/element/f.EB7466E535C2126E60AFBA1E962AA512.d.EEC94729866FBBA70DDFAAEBEB8364FC.e.2958/property/value - {}
RESULT: {}
COMMAND: POST /session/e9da8fc7d2e5c6d9fcb370d825f3b6fb/execute/async - {"script":"<script> [1562 bytes]","args":[{"selector":{"id":"application-managepartners-display-component---detailPtm--addressDetailDetailsCity1"},"wdio_ui5_key":"applicationmanagepartners-display-component---detailPtm--addressDetailDetailsCity1"}]}
COMMAND: GET /session/e9da8fc7d2e5c6d9fcb370d825f3b6fb/screenshot - {}
RESULT: {"script":"<script> [1562 bytes]","args":[{"selector":{"id":"application-managepartners-display-component---detailPtm--addressDetailDetailsCity1"},"wdio_ui5_key":"applicationmanagepartners-display-component---detailPtm--addressDetailDetailsCity1"}]}
RESULT: undefined
COMMAND: POST /session/e9da8fc7d2e5c6d9fcb370d825f3b6fb/execute/async - {"script":"<script> [6424 bytes]","args":[{"element-6066-11e4-a52e-4f735466cecf":"f.EB7466E535C2126E60AFBA1E962AA512.d.EEC94729866FBBA70DDFAAEBEB8364FC.e.2959"},"getValue",[]]}
RESULT: {}
RESULT: {"script":"<script> [6424 bytes]","args":[{"element-6066-11e4-a52e-4f735466cecf":"f.EB7466E535C2126E60AFBA1E962AA512.d.EEC94729866FBBA70DDFAAEBEB8364FC.e.2959"},"getValue",[]]}
COMMAND: POST /session/e9da8fc7d2e5c6d9fcb370d825f3b6fb/element - {"using":"css selector","value":"#shell-header-logo"}
RESULT: {"using":"css selector","value":"#shell-header-logo"}
COMMAND: POST /session/e9da8fc7d2e5c6d9fcb370d825f3b6fb/element/f.EB7466E535C2126E60AFBA1E962AA512.d.EEC94729866FBBA70DDFAAEBEB8364FC.e.2524/click - {}
RESULT: {}
COMMAND: GET /session/e9da8fc7d2e5c6d9fcb370d825f3b6fb/screenshot - {}
RESULT: {}
]]></system-out>
    </testcase>
    <testcase classname="chrome.137_0_7151_69.windows.Partner_specific_tests_US150819_US151080_US151654_US151176_US103444_US151078_US151079_US151109_US151174_US151175_US151189" name="Should create a new intercompany partner edit some of its fields US151078" time="266.41">
      <system-out><![CDATA[
COMMAND: POST /session/e9da8fc7d2e5c6d9fcb370d825f3b6fb/element - {"using":"xpath","value":"//li[.//span[text()=\"Manage Partners\"]]"}
RESULT: {"using":"xpath","value":"//li[.//span[text()=\"Manage Partners\"]]"}
COMMAND: POST /session/e9da8fc7d2e5c6d9fcb370d825f3b6fb/element - {"using":"xpath","value":"//li[.//span[text()=\"Manage Partners\"]]"}
RESULT: {"using":"xpath","value":"//li[.//span[text()=\"Manage Partners\"]]"}
COMMAND: POST /session/e9da8fc7d2e5c6d9fcb370d825f3b6fb/element - {"using":"css selector","value":"#shell-header-logo"}
RESULT: {"using":"css selector","value":"#shell-header-logo"}
COMMAND: POST /session/e9da8fc7d2e5c6d9fcb370d825f3b6fb/element/f.EB7466E535C2126E60AFBA1E962AA512.d.EEC94729866FBBA70DDFAAEBEB8364FC.e.2989/click - {}
COMMAND: POST /session/e9da8fc7d2e5c6d9fcb370d825f3b6fb/execute/sync - {"script":"<script> [8489 bytes]","args":[{"element-6066-11e4-a52e-4f735466cecf":"f.EB7466E535C2126E60AFBA1E962AA512.d.EEC94729866FBBA70DDFAAEBEB8364FC.e.2989","ELEMENT":"f.EB7466E535C2126E60AFBA1E962AA512.d.EEC94729866FBBA70DDFAAEBEB8364FC.e.2989"}]}
RESULT: {"script":"<script> [8489 bytes]","args":[{"element-6066-11e4-a52e-4f735466cecf":"f.EB7466E535C2126E60AFBA1E962AA512.d.EEC94729866FBBA70DDFAAEBEB8364FC.e.2989","ELEMENT":"f.EB7466E535C2126E60AFBA1E962AA512.d.EEC94729866FBBA70DDFAAEBEB8364FC.e.2989"}]}
COMMAND: POST /session/e9da8fc7d2e5c6d9fcb370d825f3b6fb/execute/sync - {"script":"<script> [5351 bytes]","args":[{"element-6066-11e4-a52e-4f735466cecf":"f.EB7466E535C2126E60AFBA1E962AA512.d.EEC94729866FBBA70DDFAAEBEB8364FC.e.2989","ELEMENT":"f.EB7466E535C2126E60AFBA1E962AA512.d.EEC94729866FBBA70DDFAAEBEB8364FC.e.2989"}]}
COMMAND: GET /session/e9da8fc7d2e5c6d9fcb370d825f3b6fb/screenshot - {}
RESULT: {}
COMMAND: GET /session/e9da8fc7d2e5c6d9fcb370d825f3b6fb/screenshot - {}
RESULT: {"script":"<script> [5351 bytes]","args":[{"element-6066-11e4-a52e-4f735466cecf":"f.EB7466E535C2126E60AFBA1E962AA512.d.EEC94729866FBBA70DDFAAEBEB8364FC.e.2989","ELEMENT":"f.EB7466E535C2126E60AFBA1E962AA512.d.EEC94729866FBBA70DDFAAEBEB8364FC.e.2989"}]}
COMMAND: GET /session/e9da8fc7d2e5c6d9fcb370d825f3b6fb/screenshot - {}
RESULT: {}
RESULT: {}
RESULT: {}
COMMAND: POST /session/e9da8fc7d2e5c6d9fcb370d825f3b6fb/refresh - {}
RESULT: {}
COMMAND: GET /session/e9da8fc7d2e5c6d9fcb370d825f3b6fb/screenshot - {}
RESULT: {}
COMMAND: POST /session/e9da8fc7d2e5c6d9fcb370d825f3b6fb/refresh - {}
RESULT: {}
COMMAND: GET /session/e9da8fc7d2e5c6d9fcb370d825f3b6fb/screenshot - {}
RESULT: {}
COMMAND: POST /session/e9da8fc7d2e5c6d9fcb370d825f3b6fb/window/fullscreen - {}
RESULT: {}
RESULT: undefined
COMMAND: POST /session/e9da8fc7d2e5c6d9fcb370d825f3b6fb/execute/async - {"script":"<script> [189 bytes]","args":[]}
RESULT: {"script":"<script> [189 bytes]","args":[]}
COMMAND: POST /session/e9da8fc7d2e5c6d9fcb370d825f3b6fb/execute/async - {"script":"<script> [123 bytes]","args":[]}
RESULT: {"script":"<script> [123 bytes]","args":[]}
COMMAND: POST /session/e9da8fc7d2e5c6d9fcb370d825f3b6fb/timeouts - {"script":"<number>"}
RESULT: {"script":"<number>"}
COMMAND: GET /session/e9da8fc7d2e5c6d9fcb370d825f3b6fb/timeouts - {}
RESULT: {}
RESULT: undefined
COMMAND: POST /session/e9da8fc7d2e5c6d9fcb370d825f3b6fb/execute/async - {"script":"<script> [2676 bytes]","args":[]}
RESULT: {"script":"<script> [2676 bytes]","args":[]}
COMMAND: POST /session/e9da8fc7d2e5c6d9fcb370d825f3b6fb/execute/async - {"script":"<script> [2342 bytes]","args":[{"protocol":"http","hostname":"0.0.0.0","path":"/","capabilities":{"browserName":"chrome","goog:chromeOptions":{"binary":"C:\\Program Files\\Google\\Chrome\\Application\\chrome.exe","args":["--start-maximized"]}},"logLevel":"warn","connectionRetryTimeout":120000,"connectionRetryCount":3,"logLevels":{},"enableDirectConnect":true,"strictSSL":true,"_":"65 more keys: [\"cacheDir\",\"port\",\"requestedCapabilities\",\"automationProtocol\",\"baseUrl\",\"waitforInterval\",\"waitforTimeout\",\"onReload\",\"beforeCommand\",\"afterCommand\",\"rootDir\",\"specs\",\"suites\",\"exclude\",\"groupLogsByTestSpec\",\"excludeDriverLogs\",\"bail\",\"framework\",\"reporters\",\"services\",\"maxInstances\",\"maxInstancesPerCapability\",\"injectGlobals\",\"filesToWatch\",\"execArgv\",\"runnerEnv\",\"runner\",\"shard\",\"specFileRetries\",\"specFileRetriesDelay\",\"specFileRetriesDeferred\",\"reporterSyncInterval\",\"reporterSyncTimeout\",\"cucumberFeaturesWithLineNumbers\",\"autoCompileOpts\",\"mochaOpts\",\"jasmineOpts\",\"cucumberOpts\",\"onPrepare\",\"onWorkerStart\",\"onWorkerEnd\",\"before\",\"beforeSession\",\"beforeSuite\",\"beforeHook\",\"beforeTest\",\"afterTest\",\"afterHook\",\"afterSuite\",\"afterSession\",\"after\",\"onComplete\",\"beforeAssertion\",\"afterAssertion\",\"beforeFeature\",\"beforeScenario\",\"beforeStep\",\"afterStep\",\"afterScenario\",\"afterFeature\",\"_\",\"suite\",\"$0\",\"ignoredWorkerServices\",\"wdi5\"]"}]}
RESULT: {"script":"<script> [2342 bytes]","args":[{"protocol":"http","hostname":"0.0.0.0","path":"/","capabilities":{"browserName":"chrome","goog:chromeOptions":{"binary":"C:\\Program Files\\Google\\Chrome\\Application\\chrome.exe","args":["--start-maximized"]}},"logLevel":"warn","connectionRetryTimeout":120000,"connectionRetryCount":3,"logLevels":{},"enableDirectConnect":true,"strictSSL":true,"_":"65 more keys: [\"cacheDir\",\"port\",\"requestedCapabilities\",\"automationProtocol\",\"baseUrl\",\"waitforInterval\",\"waitforTimeout\",\"onReload\",\"beforeCommand\",\"afterCommand\",\"rootDir\",\"specs\",\"suites\",\"exclude\",\"groupLogsByTestSpec\",\"excludeDriverLogs\",\"bail\",\"framework\",\"reporters\",\"services\",\"maxInstances\",\"maxInstancesPerCapability\",\"injectGlobals\",\"filesToWatch\",\"execArgv\",\"runnerEnv\",\"runner\",\"shard\",\"specFileRetries\",\"specFileRetriesDelay\",\"specFileRetriesDeferred\",\"reporterSyncInterval\",\"reporterSyncTimeout\",\"cucumberFeaturesWithLineNumbers\",\"autoCompileOpts\",\"mochaOpts\",\"jasmineOpts\",\"cucumberOpts\",\"onPrepare\",\"onWorkerStart\",\"onWorkerEnd\",\"before\",\"beforeSession\",\"beforeSuite\",\"beforeHook\",\"beforeTest\",\"afterTest\",\"afterHook\",\"afterSuite\",\"afterSession\",\"after\",\"onComplete\",\"beforeAssertion\",\"afterAssertion\",\"beforeFeature\",\"beforeScenario\",\"beforeStep\",\"afterStep\",\"afterScenario\",\"afterFeature\",\"_\",\"suite\",\"$0\",\"ignoredWorkerServices\",\"wdi5\"]"}]}
COMMAND: POST /session/e9da8fc7d2e5c6d9fcb370d825f3b6fb/execute/async - {"script":"<script> [21126 bytes]","args":[35000]}
RESULT: {"script":"<script> [21126 bytes]","args":[35000]}
COMMAND: POST /session/e9da8fc7d2e5c6d9fcb370d825f3b6fb/window/fullscreen - {}
RESULT: {}
COMMAND: POST /session/e9da8fc7d2e5c6d9fcb370d825f3b6fb/window/fullscreen - {}
RESULT: {}
COMMAND: POST /session/e9da8fc7d2e5c6d9fcb370d825f3b6fb/execute/async - {"script":"<script> [1562 bytes]","args":[{"selector":{"controlType":"sap.m.GenericTile","properties":{"header":"Manage Partners"}},"wdio_ui5_key":"sapm.GenericTile{\"header\":\"Manage Partners\"}"}]}
RESULT: {"script":"<script> [1562 bytes]","args":[{"selector":{"controlType":"sap.m.GenericTile","properties":{"header":"Manage Partners"}},"wdio_ui5_key":"sapm.GenericTile{\"header\":\"Manage Partners\"}"}]}
RESULT: undefined
COMMAND: POST /session/e9da8fc7d2e5c6d9fcb370d825f3b6fb/element - {"using":"xpath","value":"//*[@id=\"__tile31\"]"}
RESULT: {"using":"xpath","value":"//*[@id=\"__tile31\"]"}
COMMAND: POST /session/e9da8fc7d2e5c6d9fcb370d825f3b6fb/element/f.EB7466E535C2126E60AFBA1E962AA512.d.4E777CF664FD3630E225DA8A902E85EF.e.3059/click - {}
RESULT: {}
COMMAND: GET /session/e9da8fc7d2e5c6d9fcb370d825f3b6fb/screenshot - {}
RESULT: {}
COMMAND: POST /session/e9da8fc7d2e5c6d9fcb370d825f3b6fb/elements - {"using":"xpath","value":"//span[text()='Error']"}
RESULT: {"using":"xpath","value":"//span[text()='Error']"}
COMMAND: POST /session/e9da8fc7d2e5c6d9fcb370d825f3b6fb/element - {"using":"xpath","value":"//button[@data-kt=\"addButton\"]"}
RESULT: {"using":"xpath","value":"//button[@data-kt=\"addButton\"]"}
COMMAND: POST /session/e9da8fc7d2e5c6d9fcb370d825f3b6fb/elements - {"using":"xpath","value":"//button[@data-kt=\"addButton\"]"}
RESULT: {"using":"xpath","value":"//button[@data-kt=\"addButton\"]"}
COMMAND: POST /session/e9da8fc7d2e5c6d9fcb370d825f3b6fb/elements - {"using":"xpath","value":"//button[@data-kt=\"addButton\"]"}
RESULT: {"using":"xpath","value":"//button[@data-kt=\"addButton\"]"}
COMMAND: POST /session/e9da8fc7d2e5c6d9fcb370d825f3b6fb/elements - {"using":"xpath","value":"//button[@data-kt=\"addButton\"]"}
RESULT: {"using":"xpath","value":"//button[@data-kt=\"addButton\"]"}
COMMAND: POST /session/e9da8fc7d2e5c6d9fcb370d825f3b6fb/elements - {"using":"xpath","value":"//button[@data-kt=\"addButton\"]"}
RESULT: {"using":"xpath","value":"//button[@data-kt=\"addButton\"]"}
COMMAND: POST /session/e9da8fc7d2e5c6d9fcb370d825f3b6fb/elements - {"using":"xpath","value":"//button[@data-kt=\"addButton\"]"}
RESULT: {"using":"xpath","value":"//button[@data-kt=\"addButton\"]"}
COMMAND: POST /session/e9da8fc7d2e5c6d9fcb370d825f3b6fb/elements - {"using":"xpath","value":"//button[@data-kt=\"addButton\"]"}
RESULT: {"using":"xpath","value":"//button[@data-kt=\"addButton\"]"}
COMMAND: POST /session/e9da8fc7d2e5c6d9fcb370d825f3b6fb/elements - {"using":"xpath","value":"//button[@data-kt=\"addButton\"]"}
RESULT: {"using":"xpath","value":"//button[@data-kt=\"addButton\"]"}
COMMAND: POST /session/e9da8fc7d2e5c6d9fcb370d825f3b6fb/elements - {"using":"xpath","value":"//button[@data-kt=\"addButton\"]"}
RESULT: {"using":"xpath","value":"//button[@data-kt=\"addButton\"]"}
COMMAND: POST /session/e9da8fc7d2e5c6d9fcb370d825f3b6fb/elements - {"using":"xpath","value":"//button[@data-kt=\"addButton\"]"}
RESULT: {"using":"xpath","value":"//button[@data-kt=\"addButton\"]"}
COMMAND: POST /session/e9da8fc7d2e5c6d9fcb370d825f3b6fb/elements - {"using":"xpath","value":"//button[@data-kt=\"addButton\"]"}
RESULT: {"using":"xpath","value":"//button[@data-kt=\"addButton\"]"}
COMMAND: POST /session/e9da8fc7d2e5c6d9fcb370d825f3b6fb/element - {"using":"xpath","value":"//button[@data-kt=\"addButton\"]"}
RESULT: {"using":"xpath","value":"//button[@data-kt=\"addButton\"]"}
COMMAND: POST /session/e9da8fc7d2e5c6d9fcb370d825f3b6fb/execute/sync - {"script":"<script> [8489 bytes]","args":[{"element-6066-11e4-a52e-4f735466cecf":"f.EB7466E535C2126E60AFBA1E962AA512.d.4E777CF664FD3630E225DA8A902E85EF.e.3176","ELEMENT":"f.EB7466E535C2126E60AFBA1E962AA512.d.4E777CF664FD3630E225DA8A902E85EF.e.3176"}]}
RESULT: {"script":"<script> [8489 bytes]","args":[{"element-6066-11e4-a52e-4f735466cecf":"f.EB7466E535C2126E60AFBA1E962AA512.d.4E777CF664FD3630E225DA8A902E85EF.e.3176","ELEMENT":"f.EB7466E535C2126E60AFBA1E962AA512.d.4E777CF664FD3630E225DA8A902E85EF.e.3176"}]}
COMMAND: GET /session/e9da8fc7d2e5c6d9fcb370d825f3b6fb/element/f.EB7466E535C2126E60AFBA1E962AA512.d.4E777CF664FD3630E225DA8A902E85EF.e.3176/enabled - {}
COMMAND: GET /session/e9da8fc7d2e5c6d9fcb370d825f3b6fb/screenshot - {}
RESULT: {}
COMMAND: POST /session/e9da8fc7d2e5c6d9fcb370d825f3b6fb/execute/sync - {"script":"<script> [8489 bytes]","args":[{"element-6066-11e4-a52e-4f735466cecf":"f.EB7466E535C2126E60AFBA1E962AA512.d.4E777CF664FD3630E225DA8A902E85EF.e.3176","ELEMENT":"f.EB7466E535C2126E60AFBA1E962AA512.d.4E777CF664FD3630E225DA8A902E85EF.e.3176"}]}
COMMAND: GET /session/e9da8fc7d2e5c6d9fcb370d825f3b6fb/screenshot - {}
RESULT: {}
RESULT: {"script":"<script> [8489 bytes]","args":[{"element-6066-11e4-a52e-4f735466cecf":"f.EB7466E535C2126E60AFBA1E962AA512.d.4E777CF664FD3630E225DA8A902E85EF.e.3176","ELEMENT":"f.EB7466E535C2126E60AFBA1E962AA512.d.4E777CF664FD3630E225DA8A902E85EF.e.3176"}]}
COMMAND: POST /session/e9da8fc7d2e5c6d9fcb370d825f3b6fb/execute/sync - {"script":"<script> [5351 bytes]","args":[{"element-6066-11e4-a52e-4f735466cecf":"f.EB7466E535C2126E60AFBA1E962AA512.d.4E777CF664FD3630E225DA8A902E85EF.e.3176","ELEMENT":"f.EB7466E535C2126E60AFBA1E962AA512.d.4E777CF664FD3630E225DA8A902E85EF.e.3176"}]}
COMMAND: GET /session/e9da8fc7d2e5c6d9fcb370d825f3b6fb/screenshot - {}
RESULT: {}
RESULT: {"script":"<script> [5351 bytes]","args":[{"element-6066-11e4-a52e-4f735466cecf":"f.EB7466E535C2126E60AFBA1E962AA512.d.4E777CF664FD3630E225DA8A902E85EF.e.3176","ELEMENT":"f.EB7466E535C2126E60AFBA1E962AA512.d.4E777CF664FD3630E225DA8A902E85EF.e.3176"}]}
COMMAND: POST /session/e9da8fc7d2e5c6d9fcb370d825f3b6fb/element/f.EB7466E535C2126E60AFBA1E962AA512.d.4E777CF664FD3630E225DA8A902E85EF.e.3176/click - {}
COMMAND: GET /session/e9da8fc7d2e5c6d9fcb370d825f3b6fb/screenshot - {}
RESULT: {}
RESULT: {}
COMMAND: GET /session/e9da8fc7d2e5c6d9fcb370d825f3b6fb/screenshot - {}
COMMAND: POST /session/e9da8fc7d2e5c6d9fcb370d825f3b6fb/execute/async - {"script":"<script> [1562 bytes]","args":[{"selector":{"id":"application-managepartners-display-component---NewPartner--addressDetailDetailsName1","interaction":{"idSuffix":"inner"}},"wdio_ui5_key":"applicationmanagepartners-display-component---NewPartner--addressDetailDetailsName1"}]}
RESULT: {}
RESULT: {}
RESULT: {"script":"<script> [1562 bytes]","args":[{"selector":{"id":"application-managepartners-display-component---NewPartner--addressDetailDetailsName1","interaction":{"idSuffix":"inner"}},"wdio_ui5_key":"applicationmanagepartners-display-component---NewPartner--addressDetailDetailsName1"}]}
RESULT: undefined
COMMAND: POST /session/e9da8fc7d2e5c6d9fcb370d825f3b6fb/execute/async - {"script":"<script> [776 bytes]","args":[{"enterText":"Intercompany Partner WDIO","selector":{"id":"application-managepartners-display-component---NewPartner--addressDetailDetailsName1","interaction":{"idSuffix":"inner"}},"clearTextFirst":true,"interactionType":"ENTER_TEXT"}]}
RESULT: {"script":"<script> [776 bytes]","args":[{"enterText":"Intercompany Partner WDIO","selector":{"id":"application-managepartners-display-component---NewPartner--addressDetailDetailsName1","interaction":{"idSuffix":"inner"}},"clearTextFirst":true,"interactionType":"ENTER_TEXT"}]}
COMMAND: POST /session/e9da8fc7d2e5c6d9fcb370d825f3b6fb/execute/async - {"script":"<script> [1562 bytes]","args":[{"selector":{"id":"application-managepartners-display-component---NewPartner--addressDetailDetailsLanguage-arrow"},"wdio_ui5_key":"applicationmanagepartners-display-component---NewPartner--addressDetailDetailsLanguage-arrow"}]}
RESULT: {"script":"<script> [1562 bytes]","args":[{"selector":{"id":"application-managepartners-display-component---NewPartner--addressDetailDetailsLanguage-arrow"},"wdio_ui5_key":"applicationmanagepartners-display-component---NewPartner--addressDetailDetailsLanguage-arrow"}]}
RESULT: undefined
COMMAND: POST /session/e9da8fc7d2e5c6d9fcb370d825f3b6fb/element - {"using":"xpath","value":"//*[@id=\"application-managepartners-display-component---NewPartner--addressDetailDetailsLanguage-arrow\"]"}
RESULT: {"using":"xpath","value":"//*[@id=\"application-managepartners-display-component---NewPartner--addressDetailDetailsLanguage-arrow\"]"}
COMMAND: POST /session/e9da8fc7d2e5c6d9fcb370d825f3b6fb/element/f.EB7466E535C2126E60AFBA1E962AA512.d.4E777CF664FD3630E225DA8A902E85EF.e.3613/click - {}
RESULT: {}
COMMAND: POST /session/e9da8fc7d2e5c6d9fcb370d825f3b6fb/element - {"using":"xpath","value":"//span[contains(text(), \"English\")]"}
COMMAND: GET /session/e9da8fc7d2e5c6d9fcb370d825f3b6fb/screenshot - {}
RESULT: {"using":"xpath","value":"//span[contains(text(), \"English\")]"}
COMMAND: POST /session/e9da8fc7d2e5c6d9fcb370d825f3b6fb/element/f.EB7466E535C2126E60AFBA1E962AA512.d.4E777CF664FD3630E225DA8A902E85EF.e.3614/click - {}
RESULT: {}
RESULT: {}
COMMAND: GET /session/e9da8fc7d2e5c6d9fcb370d825f3b6fb/screenshot - {}
RESULT: {}
COMMAND: POST /session/e9da8fc7d2e5c6d9fcb370d825f3b6fb/execute/async - {"script":"<script> [1562 bytes]","args":[{"selector":{"id":"application-managepartners-display-component---NewPartner--addressDetailDetailsCity1","interaction":{"idSuffix":"inner"}},"wdio_ui5_key":"applicationmanagepartners-display-component---NewPartner--addressDetailDetailsCity1"}]}
RESULT: {"script":"<script> [1562 bytes]","args":[{"selector":{"id":"application-managepartners-display-component---NewPartner--addressDetailDetailsCity1","interaction":{"idSuffix":"inner"}},"wdio_ui5_key":"applicationmanagepartners-display-component---NewPartner--addressDetailDetailsCity1"}]}
RESULT: undefined
COMMAND: POST /session/e9da8fc7d2e5c6d9fcb370d825f3b6fb/execute/async - {"script":"<script> [776 bytes]","args":[{"enterText":"Rosario","selector":{"id":"application-managepartners-display-component---NewPartner--addressDetailDetailsCity1","interaction":{"idSuffix":"inner"}},"clearTextFirst":true,"interactionType":"ENTER_TEXT"}]}
RESULT: {"script":"<script> [776 bytes]","args":[{"enterText":"Rosario","selector":{"id":"application-managepartners-display-component---NewPartner--addressDetailDetailsCity1","interaction":{"idSuffix":"inner"}},"clearTextFirst":true,"interactionType":"ENTER_TEXT"}]}
COMMAND: POST /session/e9da8fc7d2e5c6d9fcb370d825f3b6fb/execute/async - {"script":"<script> [1562 bytes]","args":[{"selector":{"id":"application-managepartners-display-component---NewPartner--addressDetailDetailsCountry-arrow"},"wdio_ui5_key":"applicationmanagepartners-display-component---NewPartner--addressDetailDetailsCountry-arrow"}]}
RESULT: {"script":"<script> [1562 bytes]","args":[{"selector":{"id":"application-managepartners-display-component---NewPartner--addressDetailDetailsCountry-arrow"},"wdio_ui5_key":"applicationmanagepartners-display-component---NewPartner--addressDetailDetailsCountry-arrow"}]}
RESULT: undefined
COMMAND: POST /session/e9da8fc7d2e5c6d9fcb370d825f3b6fb/element - {"using":"xpath","value":"//*[@id=\"application-managepartners-display-component---NewPartner--addressDetailDetailsCountry-arrow\"]"}
RESULT: {"using":"xpath","value":"//*[@id=\"application-managepartners-display-component---NewPartner--addressDetailDetailsCountry-arrow\"]"}
COMMAND: POST /session/e9da8fc7d2e5c6d9fcb370d825f3b6fb/element/f.EB7466E535C2126E60AFBA1E962AA512.d.4E777CF664FD3630E225DA8A902E85EF.e.3570/click - {}
RESULT: {}
COMMAND: POST /session/e9da8fc7d2e5c6d9fcb370d825f3b6fb/element - {"using":"xpath","value":"//span[contains(text(), \"Argentina\")]"}
COMMAND: GET /session/e9da8fc7d2e5c6d9fcb370d825f3b6fb/screenshot - {}
RESULT: {"using":"xpath","value":"//span[contains(text(), \"Argentina\")]"}
COMMAND: POST /session/e9da8fc7d2e5c6d9fcb370d825f3b6fb/element/f.EB7466E535C2126E60AFBA1E962AA512.d.4E777CF664FD3630E225DA8A902E85EF.e.3616/click - {}
RESULT: {}
RESULT: {}
COMMAND: GET /session/e9da8fc7d2e5c6d9fcb370d825f3b6fb/screenshot - {}
RESULT: {}
COMMAND: POST /session/e9da8fc7d2e5c6d9fcb370d825f3b6fb/element - {"using":"xpath","value":"//bdi[contains(text(), \"Commercial\")]"}
RESULT: {"using":"xpath","value":"//bdi[contains(text(), \"Commercial\")]"}
COMMAND: POST /session/e9da8fc7d2e5c6d9fcb370d825f3b6fb/element/f.EB7466E535C2126E60AFBA1E962AA512.d.4E777CF664FD3630E225DA8A902E85EF.e.3617/click - {}
RESULT: {}
COMMAND: GET /session/e9da8fc7d2e5c6d9fcb370d825f3b6fb/screenshot - {}
RESULT: {}
COMMAND: POST /session/e9da8fc7d2e5c6d9fcb370d825f3b6fb/execute/async - {"script":"<script> [1562 bytes]","args":[{"selector":{"id":"application-managepartners-display-component---NewPartner--partnerDetailInternal-arrow"},"wdio_ui5_key":"applicationmanagepartners-display-component---NewPartner--partnerDetailInternal-arrow"}]}
RESULT: {"script":"<script> [1562 bytes]","args":[{"selector":{"id":"application-managepartners-display-component---NewPartner--partnerDetailInternal-arrow"},"wdio_ui5_key":"applicationmanagepartners-display-component---NewPartner--partnerDetailInternal-arrow"}]}
RESULT: undefined
COMMAND: POST /session/e9da8fc7d2e5c6d9fcb370d825f3b6fb/element - {"using":"xpath","value":"//*[@id=\"application-managepartners-display-component---NewPartner--partnerDetailInternal-arrow\"]"}
RESULT: {"using":"xpath","value":"//*[@id=\"application-managepartners-display-component---NewPartner--partnerDetailInternal-arrow\"]"}
COMMAND: POST /session/e9da8fc7d2e5c6d9fcb370d825f3b6fb/element/f.EB7466E535C2126E60AFBA1E962AA512.d.4E777CF664FD3630E225DA8A902E85EF.e.3623/click - {}
RESULT: {}
COMMAND: POST /session/e9da8fc7d2e5c6d9fcb370d825f3b6fb/element - {"using":"xpath","value":"//span[contains(text(), \"Affiliated company\")]"}
COMMAND: GET /session/e9da8fc7d2e5c6d9fcb370d825f3b6fb/screenshot - {}
RESULT: {"using":"xpath","value":"//span[contains(text(), \"Affiliated company\")]"}
COMMAND: POST /session/e9da8fc7d2e5c6d9fcb370d825f3b6fb/element/f.EB7466E535C2126E60AFBA1E962AA512.d.4E777CF664FD3630E225DA8A902E85EF.e.3626/click - {}
RESULT: {}
RESULT: {}
COMMAND: POST /session/e9da8fc7d2e5c6d9fcb370d825f3b6fb/execute/async - {"script":"<script> [1562 bytes]","args":[{"selector":{"id":"application-managepartners-display-component---NewPartner--partnerDetailsCurrency-arrow"},"wdio_ui5_key":"applicationmanagepartners-display-component---NewPartner--partnerDetailsCurrency-arrow"}]}
COMMAND: GET /session/e9da8fc7d2e5c6d9fcb370d825f3b6fb/screenshot - {}
RESULT: {"script":"<script> [1562 bytes]","args":[{"selector":{"id":"application-managepartners-display-component---NewPartner--partnerDetailsCurrency-arrow"},"wdio_ui5_key":"applicationmanagepartners-display-component---NewPartner--partnerDetailsCurrency-arrow"}]}
RESULT: undefined
COMMAND: POST /session/e9da8fc7d2e5c6d9fcb370d825f3b6fb/element - {"using":"xpath","value":"//*[@id=\"application-managepartners-display-component---NewPartner--partnerDetailsCurrency-arrow\"]"}
RESULT: {}
RESULT: {"using":"xpath","value":"//*[@id=\"application-managepartners-display-component---NewPartner--partnerDetailsCurrency-arrow\"]"}
COMMAND: POST /session/e9da8fc7d2e5c6d9fcb370d825f3b6fb/element/f.EB7466E535C2126E60AFBA1E962AA512.d.4E777CF664FD3630E225DA8A902E85EF.e.3633/click - {}
RESULT: {}
COMMAND: POST /session/e9da8fc7d2e5c6d9fcb370d825f3b6fb/element - {"using":"xpath","value":"//span[contains(text(), \"Euro\")]"}
COMMAND: GET /session/e9da8fc7d2e5c6d9fcb370d825f3b6fb/screenshot - {}
RESULT: {"using":"xpath","value":"//span[contains(text(), \"Euro\")]"}
COMMAND: POST /session/e9da8fc7d2e5c6d9fcb370d825f3b6fb/element/f.EB7466E535C2126E60AFBA1E962AA512.d.4E777CF664FD3630E225DA8A902E85EF.e.3634/click - {}
RESULT: {}
RESULT: {}
COMMAND: POST /session/e9da8fc7d2e5c6d9fcb370d825f3b6fb/execute/async - {"script":"<script> [1562 bytes]","args":[{"selector":{"id":"application-managepartners-display-component---NewPartner--addressEditDetailsCostObjectCstType-arrow"},"wdio_ui5_key":"applicationmanagepartners-display-component---NewPartner--addressEditDetailsCostObjectCstType-arrow"}]}
COMMAND: GET /session/e9da8fc7d2e5c6d9fcb370d825f3b6fb/screenshot - {}
RESULT: {"script":"<script> [1562 bytes]","args":[{"selector":{"id":"application-managepartners-display-component---NewPartner--addressEditDetailsCostObjectCstType-arrow"},"wdio_ui5_key":"applicationmanagepartners-display-component---NewPartner--addressEditDetailsCostObjectCstType-arrow"}]}
RESULT: undefined
COMMAND: POST /session/e9da8fc7d2e5c6d9fcb370d825f3b6fb/element - {"using":"xpath","value":"//*[@id=\"application-managepartners-display-component---NewPartner--addressEditDetailsCostObjectCstType-arrow\"]"}
RESULT: {}
RESULT: {"using":"xpath","value":"//*[@id=\"application-managepartners-display-component---NewPartner--addressEditDetailsCostObjectCstType-arrow\"]"}
COMMAND: POST /session/e9da8fc7d2e5c6d9fcb370d825f3b6fb/element/f.EB7466E535C2126E60AFBA1E962AA512.d.4E777CF664FD3630E225DA8A902E85EF.e.3635/click - {}
RESULT: {}
COMMAND: POST /session/e9da8fc7d2e5c6d9fcb370d825f3b6fb/element - {"using":"xpath","value":"//span[contains(text(), \"Cost Center\")]"}
COMMAND: GET /session/e9da8fc7d2e5c6d9fcb370d825f3b6fb/screenshot - {}
RESULT: {"using":"xpath","value":"//span[contains(text(), \"Cost Center\")]"}
COMMAND: POST /session/e9da8fc7d2e5c6d9fcb370d825f3b6fb/element/f.EB7466E535C2126E60AFBA1E962AA512.d.4E777CF664FD3630E225DA8A902E85EF.e.3636/click - {}
RESULT: {}
RESULT: {}
COMMAND: GET /session/e9da8fc7d2e5c6d9fcb370d825f3b6fb/screenshot - {}
RESULT: {}
COMMAND: POST /session/e9da8fc7d2e5c6d9fcb370d825f3b6fb/element - {"using":"xpath","value":"//span[@id=\"application-managepartners-display-component---NewPartner--addressNewCostObjectCstID-vhi\"]"}
RESULT: {"using":"xpath","value":"//span[@id=\"application-managepartners-display-component---NewPartner--addressNewCostObjectCstID-vhi\"]"}
COMMAND: POST /session/e9da8fc7d2e5c6d9fcb370d825f3b6fb/execute/sync - {"script":"<script> [8489 bytes]","args":[{"element-6066-11e4-a52e-4f735466cecf":"f.EB7466E535C2126E60AFBA1E962AA512.d.4E777CF664FD3630E225DA8A902E85EF.e.3640","ELEMENT":"f.EB7466E535C2126E60AFBA1E962AA512.d.4E777CF664FD3630E225DA8A902E85EF.e.3640"}]}
RESULT: {"script":"<script> [8489 bytes]","args":[{"element-6066-11e4-a52e-4f735466cecf":"f.EB7466E535C2126E60AFBA1E962AA512.d.4E777CF664FD3630E225DA8A902E85EF.e.3640","ELEMENT":"f.EB7466E535C2126E60AFBA1E962AA512.d.4E777CF664FD3630E225DA8A902E85EF.e.3640"}]}
COMMAND: POST /session/e9da8fc7d2e5c6d9fcb370d825f3b6fb/execute/async - {"script":"<script> [1562 bytes]","args":[{"selector":{"id":"application-managepartners-display-component---NewPartner--addressNewCostObjectCstID-vhi"},"wdio_ui5_key":"applicationmanagepartners-display-component---NewPartner--addressNewCostObjectCstID-vhi"}]}
COMMAND: GET /session/e9da8fc7d2e5c6d9fcb370d825f3b6fb/screenshot - {}
RESULT: {"script":"<script> [1562 bytes]","args":[{"selector":{"id":"application-managepartners-display-component---NewPartner--addressNewCostObjectCstID-vhi"},"wdio_ui5_key":"applicationmanagepartners-display-component---NewPartner--addressNewCostObjectCstID-vhi"}]}
RESULT: undefined
COMMAND: POST /session/e9da8fc7d2e5c6d9fcb370d825f3b6fb/element - {"using":"xpath","value":"//*[@id=\"application-managepartners-display-component---NewPartner--addressNewCostObjectCstID-vhi\"]"}
RESULT: {}
RESULT: {"using":"xpath","value":"//*[@id=\"application-managepartners-display-component---NewPartner--addressNewCostObjectCstID-vhi\"]"}
COMMAND: POST /session/e9da8fc7d2e5c6d9fcb370d825f3b6fb/element/f.EB7466E535C2126E60AFBA1E962AA512.d.4E777CF664FD3630E225DA8A902E85EF.e.3640/click - {}
RESULT: {}
COMMAND: GET /session/e9da8fc7d2e5c6d9fcb370d825f3b6fb/screenshot - {}
RESULT: {}
COMMAND: POST /session/e9da8fc7d2e5c6d9fcb370d825f3b6fb/execute/async - {"script":"<script> [1562 bytes]","args":[{"selector":{"controlType":"sap.m.SearchField","properties":{"placeholder":"Search"},"searchOpenDialogs":true,"interaction":{"idSuffix":"I"}},"wdio_ui5_key":"sapm.SearchField{\"placeholder\":\"Search\"}"}]}
RESULT: {"script":"<script> [1562 bytes]","args":[{"selector":{"controlType":"sap.m.SearchField","properties":{"placeholder":"Search"},"searchOpenDialogs":true,"interaction":{"idSuffix":"I"}},"wdio_ui5_key":"sapm.SearchField{\"placeholder\":\"Search\"}"}]}
RESULT: undefined
COMMAND: POST /session/e9da8fc7d2e5c6d9fcb370d825f3b6fb/execute/async - {"script":"<script> [776 bytes]","args":[{"enterText":"10001013","selector":{"controlType":"sap.m.SearchField","properties":{"placeholder":"Search"},"searchOpenDialogs":true,"interaction":{"idSuffix":"I"}},"clearTextFirst":true,"interactionType":"ENTER_TEXT"}]}
RESULT: {"script":"<script> [776 bytes]","args":[{"enterText":"10001013","selector":{"controlType":"sap.m.SearchField","properties":{"placeholder":"Search"},"searchOpenDialogs":true,"interaction":{"idSuffix":"I"}},"clearTextFirst":true,"interactionType":"ENTER_TEXT"}]}
COMMAND: POST /session/e9da8fc7d2e5c6d9fcb370d825f3b6fb/actions - {"actions":[{"id":"action7","type":"key","parameters":{},"actions":[{"type":"keyDown","value":""},{"type":"pause","duration":10},{"type":"keyUp","value":""}]}]}
RESULT: {"actions":[{"id":"action7","type":"key","parameters":{},"actions":[{"type":"keyDown","value":""},{"type":"pause","duration":10},{"type":"keyUp","value":""}]}]}
COMMAND: GET /session/e9da8fc7d2e5c6d9fcb370d825f3b6fb/screenshot - {}
RESULT: {}
COMMAND: POST /session/e9da8fc7d2e5c6d9fcb370d825f3b6fb/element - {"using":"xpath","value":"//span[contains(text(), \"General Management\")]"}
RESULT: {"using":"xpath","value":"//span[contains(text(), \"General Management\")]"}
COMMAND: POST /session/e9da8fc7d2e5c6d9fcb370d825f3b6fb/element/f.EB7466E535C2126E60AFBA1E962AA512.d.4E777CF664FD3630E225DA8A902E85EF.e.3682/click - {}
RESULT: {}
COMMAND: GET /session/e9da8fc7d2e5c6d9fcb370d825f3b6fb/screenshot - {}
RESULT: {}
COMMAND: POST /session/e9da8fc7d2e5c6d9fcb370d825f3b6fb/element - {"using":"xpath","value":"//bdi[contains(text(), \"OK\")]"}
RESULT: {"using":"xpath","value":"//bdi[contains(text(), \"OK\")]"}
COMMAND: POST /session/e9da8fc7d2e5c6d9fcb370d825f3b6fb/element/f.EB7466E535C2126E60AFBA1E962AA512.d.4E777CF664FD3630E225DA8A902E85EF.e.3683/click - {}
RESULT: {}
COMMAND: GET /session/e9da8fc7d2e5c6d9fcb370d825f3b6fb/screenshot - {}
RESULT: {}
COMMAND: POST /session/e9da8fc7d2e5c6d9fcb370d825f3b6fb/element - {"using":"xpath","value":"//input[@id=\"application-managepartners-display-component---NewPartner--companyCodeComboBox-inner\"]"}
RESULT: {"using":"xpath","value":"//input[@id=\"application-managepartners-display-component---NewPartner--companyCodeComboBox-inner\"]"}
COMMAND: POST /session/e9da8fc7d2e5c6d9fcb370d825f3b6fb/element/f.EB7466E535C2126E60AFBA1E962AA512.d.4E777CF664FD3630E225DA8A902E85EF.e.3527/clear - {}
RESULT: {}
COMMAND: POST /session/e9da8fc7d2e5c6d9fcb370d825f3b6fb/element/f.EB7466E535C2126E60AFBA1E962AA512.d.4E777CF664FD3630E225DA8A902E85EF.e.3527/value - {"text":"C002"}
COMMAND: GET /session/e9da8fc7d2e5c6d9fcb370d825f3b6fb/screenshot - {}
RESULT: {"text":"C002"}
COMMAND: GET /session/e9da8fc7d2e5c6d9fcb370d825f3b6fb/screenshot - {}
RESULT: {}
RESULT: {}
COMMAND: POST /session/e9da8fc7d2e5c6d9fcb370d825f3b6fb/element - {"using":"xpath","value":"//li[.//span[text()= \"C002\"]]"}
RESULT: {"using":"xpath","value":"//li[.//span[text()= \"C002\"]]"}
COMMAND: POST /session/e9da8fc7d2e5c6d9fcb370d825f3b6fb/element/f.EB7466E535C2126E60AFBA1E962AA512.d.4E777CF664FD3630E225DA8A902E85EF.e.3689/click - {}
RESULT: {}
COMMAND: GET /session/e9da8fc7d2e5c6d9fcb370d825f3b6fb/screenshot - {}
RESULT: {}
COMMAND: POST /session/e9da8fc7d2e5c6d9fcb370d825f3b6fb/execute/async - {"script":"<script> [1562 bytes]","args":[{"selector":{"id":"application-managepartners-display-component---NewPartner--btnAddTableRow-img"},"wdio_ui5_key":"applicationmanagepartners-display-component---NewPartner--btnAddTableRow-img"}]}
RESULT: {"script":"<script> [1562 bytes]","args":[{"selector":{"id":"application-managepartners-display-component---NewPartner--btnAddTableRow-img"},"wdio_ui5_key":"applicationmanagepartners-display-component---NewPartner--btnAddTableRow-img"}]}
RESULT: undefined
COMMAND: POST /session/e9da8fc7d2e5c6d9fcb370d825f3b6fb/element - {"using":"xpath","value":"//*[@id=\"application-managepartners-display-component---NewPartner--btnAddTableRow-img\"]"}
RESULT: {"using":"xpath","value":"//*[@id=\"application-managepartners-display-component---NewPartner--btnAddTableRow-img\"]"}
COMMAND: POST /session/e9da8fc7d2e5c6d9fcb370d825f3b6fb/element/f.EB7466E535C2126E60AFBA1E962AA512.d.4E777CF664FD3630E225DA8A902E85EF.e.3690/click - {}
RESULT: {}
COMMAND: GET /session/e9da8fc7d2e5c6d9fcb370d825f3b6fb/screenshot - {}
RESULT: {}
COMMAND: POST /session/e9da8fc7d2e5c6d9fcb370d825f3b6fb/element - {"using":"xpath","value":"//input[@id=\"application-managepartners-display-component---NewPartner--assignmentYard-application-managepartners-display-component---NewPartner--assignmentsTable-0-inner\"]"}
RESULT: {"using":"xpath","value":"//input[@id=\"application-managepartners-display-component---NewPartner--assignmentYard-application-managepartners-display-component---NewPartner--assignmentsTable-0-inner\"]"}
COMMAND: POST /session/e9da8fc7d2e5c6d9fcb370d825f3b6fb/element/f.EB7466E535C2126E60AFBA1E962AA512.d.4E777CF664FD3630E225DA8A902E85EF.e.3693/clear - {}
RESULT: {}
COMMAND: POST /session/e9da8fc7d2e5c6d9fcb370d825f3b6fb/element/f.EB7466E535C2126E60AFBA1E962AA512.d.4E777CF664FD3630E225DA8A902E85EF.e.3693/value - {"text":"247"}
COMMAND: GET /session/e9da8fc7d2e5c6d9fcb370d825f3b6fb/screenshot - {}
RESULT: {"text":"247"}
COMMAND: GET /session/e9da8fc7d2e5c6d9fcb370d825f3b6fb/screenshot - {}
RESULT: {}
RESULT: {}
COMMAND: POST /session/e9da8fc7d2e5c6d9fcb370d825f3b6fb/element - {"using":"xpath","value":"//ul[contains(@id,\"NewPartner--assignmentsTable-0-popup-list-listUl\")]//li[.//span[text()='247']]"}
RESULT: {"using":"xpath","value":"//ul[contains(@id,\"NewPartner--assignmentsTable-0-popup-list-listUl\")]//li[.//span[text()='247']]"}
COMMAND: POST /session/e9da8fc7d2e5c6d9fcb370d825f3b6fb/element/f.EB7466E535C2126E60AFBA1E962AA512.d.4E777CF664FD3630E225DA8A902E85EF.e.3702/click - {}
RESULT: {}
COMMAND: GET /session/e9da8fc7d2e5c6d9fcb370d825f3b6fb/screenshot - {}
RESULT: {}
COMMAND: POST /session/e9da8fc7d2e5c6d9fcb370d825f3b6fb/actions - {"actions":[{"id":"action8","type":"key","parameters":{},"actions":[{"type":"keyDown","value":""},{"type":"pause","duration":10},{"type":"keyUp","value":""}]}]}
RESULT: {"actions":[{"id":"action8","type":"key","parameters":{},"actions":[{"type":"keyDown","value":""},{"type":"pause","duration":10},{"type":"keyUp","value":""}]}]}
COMMAND: POST /session/e9da8fc7d2e5c6d9fcb370d825f3b6fb/execute/async - {"script":"<script> [1562 bytes]","args":[{"selector":{"id":"application-managepartners-display-component---NewPartner--externalCustomerComboBox-application-managepartners-display-component---NewPartner--assignmentsTable-0-vhi"},"wdio_ui5_key":"applicationmanagepartners-display-component---NewPartner--externalCustomerComboBox-application-managepartners-display-component---NewPartner--assignmentsTable-0-vhi"}]}
COMMAND: GET /session/e9da8fc7d2e5c6d9fcb370d825f3b6fb/screenshot - {}
RESULT: {"script":"<script> [1562 bytes]","args":[{"selector":{"id":"application-managepartners-display-component---NewPartner--externalCustomerComboBox-application-managepartners-display-component---NewPartner--assignmentsTable-0-vhi"},"wdio_ui5_key":"applicationmanagepartners-display-component---NewPartner--externalCustomerComboBox-application-managepartners-display-component---NewPartner--assignmentsTable-0-vhi"}]}
RESULT: undefined
COMMAND: POST /session/e9da8fc7d2e5c6d9fcb370d825f3b6fb/element - {"using":"xpath","value":"//*[@id=\"application-managepartners-display-component---NewPartner--externalCustomerComboBox-application-managepartners-display-component---NewPartner--assignmentsTable-0-vhi\"]"}
RESULT: {}
RESULT: {"using":"xpath","value":"//*[@id=\"application-managepartners-display-component---NewPartner--externalCustomerComboBox-application-managepartners-display-component---NewPartner--assignmentsTable-0-vhi\"]"}
COMMAND: POST /session/e9da8fc7d2e5c6d9fcb370d825f3b6fb/element/f.EB7466E535C2126E60AFBA1E962AA512.d.4E777CF664FD3630E225DA8A902E85EF.e.3706/click - {}
RESULT: {}
RESULT: undefined
COMMAND: POST /session/e9da8fc7d2e5c6d9fcb370d825f3b6fb/execute/async - {"script":"<script> [776 bytes]","args":[{"enterText":"300003","selector":{"controlType":"sap.m.SearchField","properties":{"placeholder":"Search"},"searchOpenDialogs":true,"interaction":{"idSuffix":"I"}},"clearTextFirst":true,"interactionType":"ENTER_TEXT"}]}
COMMAND: GET /session/e9da8fc7d2e5c6d9fcb370d825f3b6fb/screenshot - {}
RESULT: {"script":"<script> [776 bytes]","args":[{"enterText":"300003","selector":{"controlType":"sap.m.SearchField","properties":{"placeholder":"Search"},"searchOpenDialogs":true,"interaction":{"idSuffix":"I"}},"clearTextFirst":true,"interactionType":"ENTER_TEXT"}]}
COMMAND: POST /session/e9da8fc7d2e5c6d9fcb370d825f3b6fb/actions - {"actions":[{"id":"action9","type":"key","parameters":{},"actions":[{"type":"keyDown","value":""},{"type":"pause","duration":10},{"type":"keyUp","value":""}]}]}
RESULT: {}
RESULT: {"actions":[{"id":"action9","type":"key","parameters":{},"actions":[{"type":"keyDown","value":""},{"type":"pause","duration":10},{"type":"keyUp","value":""}]}]}
COMMAND: GET /session/e9da8fc7d2e5c6d9fcb370d825f3b6fb/screenshot - {}
RESULT: {}
COMMAND: POST /session/e9da8fc7d2e5c6d9fcb370d825f3b6fb/element - {"using":"xpath","value":"//span[contains(text(), \"300003\")]"}
RESULT: {"using":"xpath","value":"//span[contains(text(), \"300003\")]"}
COMMAND: POST /session/e9da8fc7d2e5c6d9fcb370d825f3b6fb/element/f.EB7466E535C2126E60AFBA1E962AA512.d.4E777CF664FD3630E225DA8A902E85EF.e.3757/click - {}
RESULT: {}
COMMAND: GET /session/e9da8fc7d2e5c6d9fcb370d825f3b6fb/screenshot - {}
RESULT: {}
COMMAND: POST /session/e9da8fc7d2e5c6d9fcb370d825f3b6fb/element - {"using":"xpath","value":"//bdi[contains(text(), \"OK\")]"}
RESULT: {"using":"xpath","value":"//bdi[contains(text(), \"OK\")]"}
COMMAND: POST /session/e9da8fc7d2e5c6d9fcb370d825f3b6fb/element/f.EB7466E535C2126E60AFBA1E962AA512.d.4E777CF664FD3630E225DA8A902E85EF.e.3759/click - {}
RESULT: {}
COMMAND: GET /session/e9da8fc7d2e5c6d9fcb370d825f3b6fb/screenshot - {}
RESULT: {}
COMMAND: POST /session/e9da8fc7d2e5c6d9fcb370d825f3b6fb/execute/async - {"script":"<script> [1562 bytes]","args":[{"selector":{"id":"application-managepartners-display-component---NewPartner--intercompVendorComboBox-application-managepartners-display-component---NewPartner--assignmentsTable-0-vhi"},"wdio_ui5_key":"applicationmanagepartners-display-component---NewPartner--intercompVendorComboBox-application-managepartners-display-component---NewPartner--assignmentsTable-0-vhi"}]}
RESULT: {"script":"<script> [1562 bytes]","args":[{"selector":{"id":"application-managepartners-display-component---NewPartner--intercompVendorComboBox-application-managepartners-display-component---NewPartner--assignmentsTable-0-vhi"},"wdio_ui5_key":"applicationmanagepartners-display-component---NewPartner--intercompVendorComboBox-application-managepartners-display-component---NewPartner--assignmentsTable-0-vhi"}]}
RESULT: undefined
COMMAND: POST /session/e9da8fc7d2e5c6d9fcb370d825f3b6fb/element - {"using":"xpath","value":"//*[@id=\"application-managepartners-display-component---NewPartner--intercompVendorComboBox-application-managepartners-display-component---NewPartner--assignmentsTable-0-vhi\"]"}
RESULT: {"using":"xpath","value":"//*[@id=\"application-managepartners-display-component---NewPartner--intercompVendorComboBox-application-managepartners-display-component---NewPartner--assignmentsTable-0-vhi\"]"}
COMMAND: POST /session/e9da8fc7d2e5c6d9fcb370d825f3b6fb/element/f.EB7466E535C2126E60AFBA1E962AA512.d.4E777CF664FD3630E225DA8A902E85EF.e.3762/click - {}
RESULT: {}
RESULT: undefined
COMMAND: POST /session/e9da8fc7d2e5c6d9fcb370d825f3b6fb/execute/async - {"script":"<script> [776 bytes]","args":[{"enterText":"100005","selector":{"controlType":"sap.m.SearchField","properties":{"placeholder":"Search"},"searchOpenDialogs":true,"interaction":{"idSuffix":"I"}},"clearTextFirst":true,"interactionType":"ENTER_TEXT"}]}
COMMAND: GET /session/e9da8fc7d2e5c6d9fcb370d825f3b6fb/screenshot - {}
RESULT: {"script":"<script> [776 bytes]","args":[{"enterText":"100005","selector":{"controlType":"sap.m.SearchField","properties":{"placeholder":"Search"},"searchOpenDialogs":true,"interaction":{"idSuffix":"I"}},"clearTextFirst":true,"interactionType":"ENTER_TEXT"}]}
COMMAND: POST /session/e9da8fc7d2e5c6d9fcb370d825f3b6fb/actions - {"actions":[{"id":"action10","type":"key","parameters":{},"actions":[{"type":"keyDown","value":""},{"type":"pause","duration":10},{"type":"keyUp","value":""}]}]}
RESULT: {}
RESULT: {"actions":[{"id":"action10","type":"key","parameters":{},"actions":[{"type":"keyDown","value":""},{"type":"pause","duration":10},{"type":"keyUp","value":""}]}]}
COMMAND: GET /session/e9da8fc7d2e5c6d9fcb370d825f3b6fb/screenshot - {}
RESULT: {}
COMMAND: POST /session/e9da8fc7d2e5c6d9fcb370d825f3b6fb/element - {"using":"xpath","value":"//span[contains(text(), \"Penguins - Field/12345 Berlin\")]"}
RESULT: {"using":"xpath","value":"//span[contains(text(), \"Penguins - Field/12345 Berlin\")]"}
COMMAND: POST /session/e9da8fc7d2e5c6d9fcb370d825f3b6fb/element/f.EB7466E535C2126E60AFBA1E962AA512.d.4E777CF664FD3630E225DA8A902E85EF.e.3779/click - {}
RESULT: {}
COMMAND: GET /session/e9da8fc7d2e5c6d9fcb370d825f3b6fb/screenshot - {}
RESULT: {}
COMMAND: POST /session/e9da8fc7d2e5c6d9fcb370d825f3b6fb/element - {"using":"xpath","value":"//bdi[contains(text(), \"OK\")]"}
RESULT: {"using":"xpath","value":"//bdi[contains(text(), \"OK\")]"}
COMMAND: POST /session/e9da8fc7d2e5c6d9fcb370d825f3b6fb/element/f.EB7466E535C2126E60AFBA1E962AA512.d.4E777CF664FD3630E225DA8A902E85EF.e.3780/click - {}
RESULT: {}
COMMAND: GET /session/e9da8fc7d2e5c6d9fcb370d825f3b6fb/screenshot - {}
RESULT: {}
COMMAND: POST /session/e9da8fc7d2e5c6d9fcb370d825f3b6fb/element - {"using":"xpath","value":"//button[@data-kt=\"saveButton\"]"}
RESULT: {"using":"xpath","value":"//button[@data-kt=\"saveButton\"]"}
COMMAND: POST /session/e9da8fc7d2e5c6d9fcb370d825f3b6fb/element/f.EB7466E535C2126E60AFBA1E962AA512.d.4E777CF664FD3630E225DA8A902E85EF.e.3591/click - {}
RESULT: {}
COMMAND: GET /session/e9da8fc7d2e5c6d9fcb370d825f3b6fb/screenshot - {}
RESULT: {}
COMMAND: POST /session/e9da8fc7d2e5c6d9fcb370d825f3b6fb/element - {"using":"xpath","value":"//header[contains(@id, 'ObjectPageLayout-headerTitle')]/div[1]/div[2]/div[2]/span[1]"}
RESULT: {"using":"xpath","value":"//header[contains(@id, 'ObjectPageLayout-headerTitle')]/div[1]/div[2]/div[2]/span[1]"}
COMMAND: POST /session/e9da8fc7d2e5c6d9fcb370d825f3b6fb/elements - {"using":"xpath","value":"//header[contains(@id, 'ObjectPageLayout-headerTitle')]/div[1]/div[2]/div[2]/span[1]"}
RESULT: {"using":"xpath","value":"//header[contains(@id, 'ObjectPageLayout-headerTitle')]/div[1]/div[2]/div[2]/span[1]"}
COMMAND: POST /session/e9da8fc7d2e5c6d9fcb370d825f3b6fb/execute/sync - {"script":"<script> [56 bytes]","args":[{"element-6066-11e4-a52e-4f735466cecf":"f.EB7466E535C2126E60AFBA1E962AA512.d.4E777CF664FD3630E225DA8A902E85EF.e.3947","ELEMENT":"f.EB7466E535C2126E60AFBA1E962AA512.d.4E777CF664FD3630E225DA8A902E85EF.e.3947"}]}
RESULT: {"script":"<script> [56 bytes]","args":[{"element-6066-11e4-a52e-4f735466cecf":"f.EB7466E535C2126E60AFBA1E962AA512.d.4E777CF664FD3630E225DA8A902E85EF.e.3947","ELEMENT":"f.EB7466E535C2126E60AFBA1E962AA512.d.4E777CF664FD3630E225DA8A902E85EF.e.3947"}]}
COMMAND: POST /session/e9da8fc7d2e5c6d9fcb370d825f3b6fb/element - {"using":"css selector","value":"#shell-header-logo"}
COMMAND: GET /session/e9da8fc7d2e5c6d9fcb370d825f3b6fb/screenshot - {}
RESULT: {"using":"css selector","value":"#shell-header-logo"}
COMMAND: POST /session/e9da8fc7d2e5c6d9fcb370d825f3b6fb/element/f.EB7466E535C2126E60AFBA1E962AA512.d.4E777CF664FD3630E225DA8A902E85EF.e.3141/click - {}
RESULT: {}
RESULT: {}
COMMAND: GET /session/e9da8fc7d2e5c6d9fcb370d825f3b6fb/screenshot - {}
RESULT: {}
COMMAND: POST /session/e9da8fc7d2e5c6d9fcb370d825f3b6fb/execute/sync - {"script":"<script> [299 bytes]","args":[["getModel","getResource"]]}
RESULT: {"script":"<script> [299 bytes]","args":[["getModel","getResource"]]}
RESULT: undefined
COMMAND: POST /session/e9da8fc7d2e5c6d9fcb370d825f3b6fb/element - {"using":"xpath","value":"//*[@id=\"__tile31\"]"}
COMMAND: GET /session/e9da8fc7d2e5c6d9fcb370d825f3b6fb/screenshot - {}
RESULT: {"using":"xpath","value":"//*[@id=\"__tile31\"]"}
COMMAND: POST /session/e9da8fc7d2e5c6d9fcb370d825f3b6fb/element/f.EB7466E535C2126E60AFBA1E962AA512.d.4E777CF664FD3630E225DA8A902E85EF.e.3059/click - {}
RESULT: {}
RESULT: {}
COMMAND: GET /session/e9da8fc7d2e5c6d9fcb370d825f3b6fb/screenshot - {}
COMMAND: POST /session/e9da8fc7d2e5c6d9fcb370d825f3b6fb/elements - {"using":"xpath","value":"//span[text()='Error']"}
RESULT: {}
RESULT: {"using":"xpath","value":"//span[text()='Error']"}
COMMAND: POST /session/e9da8fc7d2e5c6d9fcb370d825f3b6fb/element - {"using":"xpath","value":"//button[@data-kt=\"addButton\"]"}
RESULT: {"using":"xpath","value":"//button[@data-kt=\"addButton\"]"}
COMMAND: POST /session/e9da8fc7d2e5c6d9fcb370d825f3b6fb/elements - {"using":"xpath","value":"//button[@data-kt=\"addButton\"]"}
RESULT: {"using":"xpath","value":"//button[@data-kt=\"addButton\"]"}
COMMAND: POST /session/e9da8fc7d2e5c6d9fcb370d825f3b6fb/elements - {"using":"xpath","value":"//button[@data-kt=\"addButton\"]"}
RESULT: {"using":"xpath","value":"//button[@data-kt=\"addButton\"]"}
COMMAND: POST /session/e9da8fc7d2e5c6d9fcb370d825f3b6fb/elements - {"using":"xpath","value":"//button[@data-kt=\"addButton\"]"}
RESULT: {"using":"xpath","value":"//button[@data-kt=\"addButton\"]"}
COMMAND: POST /session/e9da8fc7d2e5c6d9fcb370d825f3b6fb/elements - {"using":"xpath","value":"//button[@data-kt=\"addButton\"]"}
RESULT: {"using":"xpath","value":"//button[@data-kt=\"addButton\"]"}
COMMAND: POST /session/e9da8fc7d2e5c6d9fcb370d825f3b6fb/elements - {"using":"xpath","value":"//button[@data-kt=\"addButton\"]"}
RESULT: {"using":"xpath","value":"//button[@data-kt=\"addButton\"]"}
COMMAND: POST /session/e9da8fc7d2e5c6d9fcb370d825f3b6fb/element - {"using":"xpath","value":"//button[@data-kt=\"addButton\"]"}
RESULT: {"using":"xpath","value":"//button[@data-kt=\"addButton\"]"}
COMMAND: POST /session/e9da8fc7d2e5c6d9fcb370d825f3b6fb/execute/sync - {"script":"<script> [8489 bytes]","args":[{"element-6066-11e4-a52e-4f735466cecf":"f.EB7466E535C2126E60AFBA1E962AA512.d.4E777CF664FD3630E225DA8A902E85EF.e.3995","ELEMENT":"f.EB7466E535C2126E60AFBA1E962AA512.d.4E777CF664FD3630E225DA8A902E85EF.e.3995"}]}
RESULT: {"script":"<script> [8489 bytes]","args":[{"element-6066-11e4-a52e-4f735466cecf":"f.EB7466E535C2126E60AFBA1E962AA512.d.4E777CF664FD3630E225DA8A902E85EF.e.3995","ELEMENT":"f.EB7466E535C2126E60AFBA1E962AA512.d.4E777CF664FD3630E225DA8A902E85EF.e.3995"}]}
COMMAND: GET /session/e9da8fc7d2e5c6d9fcb370d825f3b6fb/element/f.EB7466E535C2126E60AFBA1E962AA512.d.4E777CF664FD3630E225DA8A902E85EF.e.3995/enabled - {}
COMMAND: GET /session/e9da8fc7d2e5c6d9fcb370d825f3b6fb/screenshot - {}
RESULT: {}
COMMAND: POST /session/e9da8fc7d2e5c6d9fcb370d825f3b6fb/execute/sync - {"script":"<script> [8489 bytes]","args":[{"element-6066-11e4-a52e-4f735466cecf":"f.EB7466E535C2126E60AFBA1E962AA512.d.4E777CF664FD3630E225DA8A902E85EF.e.3995","ELEMENT":"f.EB7466E535C2126E60AFBA1E962AA512.d.4E777CF664FD3630E225DA8A902E85EF.e.3995"}]}
COMMAND: GET /session/e9da8fc7d2e5c6d9fcb370d825f3b6fb/screenshot - {}
RESULT: {}
RESULT: {"script":"<script> [8489 bytes]","args":[{"element-6066-11e4-a52e-4f735466cecf":"f.EB7466E535C2126E60AFBA1E962AA512.d.4E777CF664FD3630E225DA8A902E85EF.e.3995","ELEMENT":"f.EB7466E535C2126E60AFBA1E962AA512.d.4E777CF664FD3630E225DA8A902E85EF.e.3995"}]}
COMMAND: POST /session/e9da8fc7d2e5c6d9fcb370d825f3b6fb/execute/sync - {"script":"<script> [5351 bytes]","args":[{"element-6066-11e4-a52e-4f735466cecf":"f.EB7466E535C2126E60AFBA1E962AA512.d.4E777CF664FD3630E225DA8A902E85EF.e.3995","ELEMENT":"f.EB7466E535C2126E60AFBA1E962AA512.d.4E777CF664FD3630E225DA8A902E85EF.e.3995"}]}
COMMAND: GET /session/e9da8fc7d2e5c6d9fcb370d825f3b6fb/screenshot - {}
RESULT: {}
RESULT: {"script":"<script> [5351 bytes]","args":[{"element-6066-11e4-a52e-4f735466cecf":"f.EB7466E535C2126E60AFBA1E962AA512.d.4E777CF664FD3630E225DA8A902E85EF.e.3995","ELEMENT":"f.EB7466E535C2126E60AFBA1E962AA512.d.4E777CF664FD3630E225DA8A902E85EF.e.3995"}]}
COMMAND: GET /session/e9da8fc7d2e5c6d9fcb370d825f3b6fb/screenshot - {}
RESULT: {}
RESULT: {}
COMMAND: POST /session/e9da8fc7d2e5c6d9fcb370d825f3b6fb/execute/async - {"script":"<script> [1562 bytes]","args":[{"selector":{"id":"application-managepartners-display-component---masterPtm--smartFilterBar-btnBasicSearch","interaction":{"idSuffix":"I"}},"wdio_ui5_key":"applicationmanagepartners-display-component---masterPtm--smartFilterBar-btnBasicSearch"}]}
RESULT: {"script":"<script> [1562 bytes]","args":[{"selector":{"id":"application-managepartners-display-component---masterPtm--smartFilterBar-btnBasicSearch","interaction":{"idSuffix":"I"}},"wdio_ui5_key":"applicationmanagepartners-display-component---masterPtm--smartFilterBar-btnBasicSearch"}]}
RESULT: undefined
COMMAND: POST /session/e9da8fc7d2e5c6d9fcb370d825f3b6fb/execute/async - {"script":"<script> [776 bytes]","args":[{"enterText":"1100","selector":{"id":"application-managepartners-display-component---masterPtm--smartFilterBar-btnBasicSearch","interaction":{"idSuffix":"I"}},"clearTextFirst":true,"interactionType":"ENTER_TEXT"}]}
RESULT: {"script":"<script> [776 bytes]","args":[{"enterText":"1100","selector":{"id":"application-managepartners-display-component---masterPtm--smartFilterBar-btnBasicSearch","interaction":{"idSuffix":"I"}},"clearTextFirst":true,"interactionType":"ENTER_TEXT"}]}
COMMAND: POST /session/e9da8fc7d2e5c6d9fcb370d825f3b6fb/actions - {"actions":[{"id":"action11","type":"key","parameters":{},"actions":[{"type":"keyDown","value":""},{"type":"pause","duration":10},{"type":"keyUp","value":""}]}]}
RESULT: {"actions":[{"id":"action11","type":"key","parameters":{},"actions":[{"type":"keyDown","value":""},{"type":"pause","duration":10},{"type":"keyUp","value":""}]}]}
COMMAND: GET /session/e9da8fc7d2e5c6d9fcb370d825f3b6fb/screenshot - {}
RESULT: {}
COMMAND: POST /session/e9da8fc7d2e5c6d9fcb370d825f3b6fb/elements - {"using":"xpath","value":"//table[contains(@id, \"customPartnersTable-listUl\")]/tbody/tr"}
RESULT: {"using":"xpath","value":"//table[contains(@id, \"customPartnersTable-listUl\")]/tbody/tr"}
COMMAND: POST /session/e9da8fc7d2e5c6d9fcb370d825f3b6fb/element - {"using":"xpath","value":"//table[contains(@id, \"customPartnersTable-listUl\")]/tbody/tr[1]/td[3]/span"}
RESULT: {"using":"xpath","value":"//table[contains(@id, \"customPartnersTable-listUl\")]/tbody/tr[1]/td[3]/span"}
COMMAND: POST /session/e9da8fc7d2e5c6d9fcb370d825f3b6fb/elements - {"using":"xpath","value":"//table[contains(@id, \"customPartnersTable-listUl\")]/tbody/tr[1]/td[3]/span"}
RESULT: {"using":"xpath","value":"//table[contains(@id, \"customPartnersTable-listUl\")]/tbody/tr[1]/td[3]/span"}
COMMAND: POST /session/e9da8fc7d2e5c6d9fcb370d825f3b6fb/execute/sync - {"script":"<script> [56 bytes]","args":[{"element-6066-11e4-a52e-4f735466cecf":"f.EB7466E535C2126E60AFBA1E962AA512.d.4E777CF664FD3630E225DA8A902E85EF.e.4131","ELEMENT":"f.EB7466E535C2126E60AFBA1E962AA512.d.4E777CF664FD3630E225DA8A902E85EF.e.4131"}]}
RESULT: {"script":"<script> [56 bytes]","args":[{"element-6066-11e4-a52e-4f735466cecf":"f.EB7466E535C2126E60AFBA1E962AA512.d.4E777CF664FD3630E225DA8A902E85EF.e.4131","ELEMENT":"f.EB7466E535C2126E60AFBA1E962AA512.d.4E777CF664FD3630E225DA8A902E85EF.e.4131"}]}
COMMAND: POST /session/e9da8fc7d2e5c6d9fcb370d825f3b6fb/element - {"using":"xpath","value":"(//span[contains(@id, \"imgNav\")])[1]"}
COMMAND: GET /session/e9da8fc7d2e5c6d9fcb370d825f3b6fb/screenshot - {}
RESULT: {"using":"xpath","value":"(//span[contains(@id, \"imgNav\")])[1]"}
COMMAND: POST /session/e9da8fc7d2e5c6d9fcb370d825f3b6fb/element/f.EB7466E535C2126E60AFBA1E962AA512.d.4E777CF664FD3630E225DA8A902E85EF.e.4129/click - {}
RESULT: {}
RESULT: {}
COMMAND: GET /session/e9da8fc7d2e5c6d9fcb370d825f3b6fb/screenshot - {}
RESULT: {}
COMMAND: POST /session/e9da8fc7d2e5c6d9fcb370d825f3b6fb/element - {"using":"xpath","value":"//bdi[contains(text(), \"Edit\")]"}
RESULT: {"using":"xpath","value":"//bdi[contains(text(), \"Edit\")]"}
COMMAND: POST /session/e9da8fc7d2e5c6d9fcb370d825f3b6fb/element/f.EB7466E535C2126E60AFBA1E962AA512.d.4E777CF664FD3630E225DA8A902E85EF.e.4275/click - {}
RESULT: {}
COMMAND: GET /session/e9da8fc7d2e5c6d9fcb370d825f3b6fb/screenshot - {}
RESULT: {}
COMMAND: POST /session/e9da8fc7d2e5c6d9fcb370d825f3b6fb/execute/async - {"script":"<script> [1562 bytes]","args":[{"selector":{"controlType":"sap.m.Input","viewName":"etm.portal.ui.managepartners.view.EditDetail","labelFor":{"text":"Name"},"interaction":{"idSuffix":"inner"}},"wdio_ui5_key":"etmportal.ui.managepartners.view.EditDetailsap.m.Input{\"text\":\"Name\"}"}]}
RESULT: {"script":"<script> [1562 bytes]","args":[{"selector":{"controlType":"sap.m.Input","viewName":"etm.portal.ui.managepartners.view.EditDetail","labelFor":{"text":"Name"},"interaction":{"idSuffix":"inner"}},"wdio_ui5_key":"etmportal.ui.managepartners.view.EditDetailsap.m.Input{\"text\":\"Name\"}"}]}
RESULT: undefined
COMMAND: POST /session/e9da8fc7d2e5c6d9fcb370d825f3b6fb/execute/async - {"script":"<script> [776 bytes]","args":[{"enterText":"Intercompany EDIT","selector":{"controlType":"sap.m.Input","viewName":"etm.portal.ui.managepartners.view.EditDetail","labelFor":{"text":"Name"},"interaction":{"idSuffix":"inner"}},"clearTextFirst":true,"interactionType":"ENTER_TEXT"}]}
RESULT: {"script":"<script> [776 bytes]","args":[{"enterText":"Intercompany EDIT","selector":{"controlType":"sap.m.Input","viewName":"etm.portal.ui.managepartners.view.EditDetail","labelFor":{"text":"Name"},"interaction":{"idSuffix":"inner"}},"clearTextFirst":true,"interactionType":"ENTER_TEXT"}]}
COMMAND: POST /session/e9da8fc7d2e5c6d9fcb370d825f3b6fb/element - {"using":"xpath","value":"(//span[contains(@id,\"addressDetailDetailsLanguage-arrow\")])[1]"}
RESULT: {"using":"xpath","value":"(//span[contains(@id,\"addressDetailDetailsLanguage-arrow\")])[1]"}
COMMAND: POST /session/e9da8fc7d2e5c6d9fcb370d825f3b6fb/element/f.EB7466E535C2126E60AFBA1E962AA512.d.4E777CF664FD3630E225DA8A902E85EF.e.4360/click - {}
RESULT: {}
COMMAND: POST /session/e9da8fc7d2e5c6d9fcb370d825f3b6fb/element - {"using":"xpath","value":"//span[contains(text(), \"Chinese\")]"}
COMMAND: GET /session/e9da8fc7d2e5c6d9fcb370d825f3b6fb/screenshot - {}
RESULT: {"using":"xpath","value":"//span[contains(text(), \"Chinese\")]"}
COMMAND: POST /session/e9da8fc7d2e5c6d9fcb370d825f3b6fb/element/f.EB7466E535C2126E60AFBA1E962AA512.d.4E777CF664FD3630E225DA8A902E85EF.e.4361/click - {}
RESULT: {}
RESULT: {}
COMMAND: GET /session/e9da8fc7d2e5c6d9fcb370d825f3b6fb/screenshot - {}
RESULT: {}
COMMAND: POST /session/e9da8fc7d2e5c6d9fcb370d825f3b6fb/execute/async - {"script":"<script> [1562 bytes]","args":[{"selector":{"controlType":"sap.m.Input","viewName":"etm.portal.ui.managepartners.view.EditDetail","labelFor":{"text":"City"},"interaction":{"idSuffix":"inner"}},"wdio_ui5_key":"etmportal.ui.managepartners.view.EditDetailsap.m.Input{\"text\":\"City\"}"}]}
RESULT: {"script":"<script> [1562 bytes]","args":[{"selector":{"controlType":"sap.m.Input","viewName":"etm.portal.ui.managepartners.view.EditDetail","labelFor":{"text":"City"},"interaction":{"idSuffix":"inner"}},"wdio_ui5_key":"etmportal.ui.managepartners.view.EditDetailsap.m.Input{\"text\":\"City\"}"}]}
RESULT: undefined
COMMAND: POST /session/e9da8fc7d2e5c6d9fcb370d825f3b6fb/execute/async - {"script":"<script> [776 bytes]","args":[{"enterText":"Clooj-Napoca","selector":{"controlType":"sap.m.Input","viewName":"etm.portal.ui.managepartners.view.EditDetail","labelFor":{"text":"City"},"interaction":{"idSuffix":"inner"}},"clearTextFirst":true,"interactionType":"ENTER_TEXT"}]}
RESULT: {"script":"<script> [776 bytes]","args":[{"enterText":"Clooj-Napoca","selector":{"controlType":"sap.m.Input","viewName":"etm.portal.ui.managepartners.view.EditDetail","labelFor":{"text":"City"},"interaction":{"idSuffix":"inner"}},"clearTextFirst":true,"interactionType":"ENTER_TEXT"}]}
COMMAND: POST /session/e9da8fc7d2e5c6d9fcb370d825f3b6fb/element - {"using":"xpath","value":"//button[@data-kt=\"saveButton\"]"}
RESULT: {"using":"xpath","value":"//button[@data-kt=\"saveButton\"]"}
COMMAND: POST /session/e9da8fc7d2e5c6d9fcb370d825f3b6fb/element/f.EB7466E535C2126E60AFBA1E962AA512.d.4E777CF664FD3630E225DA8A902E85EF.e.4337/click - {}
RESULT: {}
COMMAND: GET /session/e9da8fc7d2e5c6d9fcb370d825f3b6fb/screenshot - {}
RESULT: {}
COMMAND: POST /session/e9da8fc7d2e5c6d9fcb370d825f3b6fb/execute/async - {"script":"<script> [1562 bytes]","args":[{"selector":{"id":"application-managepartners-display-component---detailPtm--addressDetailDetailsName1"},"wdio_ui5_key":"applicationmanagepartners-display-component---detailPtm--addressDetailDetailsName1"}]}
RESULT: {"script":"<script> [1562 bytes]","args":[{"selector":{"id":"application-managepartners-display-component---detailPtm--addressDetailDetailsName1"},"wdio_ui5_key":"applicationmanagepartners-display-component---detailPtm--addressDetailDetailsName1"}]}
RESULT: undefined
COMMAND: POST /session/e9da8fc7d2e5c6d9fcb370d825f3b6fb/execute/async - {"script":"<script> [6424 bytes]","args":[{"element-6066-11e4-a52e-4f735466cecf":"f.EB7466E535C2126E60AFBA1E962AA512.d.4E777CF664FD3630E225DA8A902E85EF.e.4392"},"getValue",[]]}
RESULT: {"script":"<script> [6424 bytes]","args":[{"element-6066-11e4-a52e-4f735466cecf":"f.EB7466E535C2126E60AFBA1E962AA512.d.4E777CF664FD3630E225DA8A902E85EF.e.4392"},"getValue",[]]}
COMMAND: POST /session/e9da8fc7d2e5c6d9fcb370d825f3b6fb/element - {"using":"xpath","value":"//input[@id = \"application-managepartners-display-component---detailPtm--addressDetailDetailsLanguage-inner\"]"}
RESULT: {"using":"xpath","value":"//input[@id = \"application-managepartners-display-component---detailPtm--addressDetailDetailsLanguage-inner\"]"}
COMMAND: GET /session/e9da8fc7d2e5c6d9fcb370d825f3b6fb/element/f.EB7466E535C2126E60AFBA1E962AA512.d.4E777CF664FD3630E225DA8A902E85EF.e.4393/property/value - {}
RESULT: {}
COMMAND: POST /session/e9da8fc7d2e5c6d9fcb370d825f3b6fb/execute/async - {"script":"<script> [1562 bytes]","args":[{"selector":{"id":"application-managepartners-display-component---detailPtm--addressDetailDetailsCity1"},"wdio_ui5_key":"applicationmanagepartners-display-component---detailPtm--addressDetailDetailsCity1"}]}
COMMAND: GET /session/e9da8fc7d2e5c6d9fcb370d825f3b6fb/screenshot - {}
RESULT: {"script":"<script> [1562 bytes]","args":[{"selector":{"id":"application-managepartners-display-component---detailPtm--addressDetailDetailsCity1"},"wdio_ui5_key":"applicationmanagepartners-display-component---detailPtm--addressDetailDetailsCity1"}]}
RESULT: undefined
COMMAND: POST /session/e9da8fc7d2e5c6d9fcb370d825f3b6fb/execute/async - {"script":"<script> [6424 bytes]","args":[{"element-6066-11e4-a52e-4f735466cecf":"f.EB7466E535C2126E60AFBA1E962AA512.d.4E777CF664FD3630E225DA8A902E85EF.e.4394"},"getValue",[]]}
RESULT: {}
RESULT: {"script":"<script> [6424 bytes]","args":[{"element-6066-11e4-a52e-4f735466cecf":"f.EB7466E535C2126E60AFBA1E962AA512.d.4E777CF664FD3630E225DA8A902E85EF.e.4394"},"getValue",[]]}
COMMAND: POST /session/e9da8fc7d2e5c6d9fcb370d825f3b6fb/element - {"using":"css selector","value":"#shell-header-logo"}
RESULT: {"using":"css selector","value":"#shell-header-logo"}
COMMAND: POST /session/e9da8fc7d2e5c6d9fcb370d825f3b6fb/element/f.EB7466E535C2126E60AFBA1E962AA512.d.4E777CF664FD3630E225DA8A902E85EF.e.3950/click - {}
RESULT: {}
COMMAND: GET /session/e9da8fc7d2e5c6d9fcb370d825f3b6fb/screenshot - {}
RESULT: {}
]]></system-out>
    </testcase>
    <testcase classname="chrome.137_0_7151_69.windows.Partner_specific_tests_US150819_US151080_US151654_US151176_US103444_US151078_US151079_US151109_US151174_US151175_US151189" name="Should create a new intracompany partner edit some of its fields US151079" time="269.491">
      <system-out><![CDATA[
COMMAND: POST /session/e9da8fc7d2e5c6d9fcb370d825f3b6fb/element - {"using":"xpath","value":"//li[.//span[text()=\"Manage Partners\"]]"}
RESULT: {"using":"xpath","value":"//li[.//span[text()=\"Manage Partners\"]]"}
COMMAND: POST /session/e9da8fc7d2e5c6d9fcb370d825f3b6fb/element - {"using":"xpath","value":"//li[.//span[text()=\"Manage Partners\"]]"}
RESULT: {"using":"xpath","value":"//li[.//span[text()=\"Manage Partners\"]]"}
COMMAND: POST /session/e9da8fc7d2e5c6d9fcb370d825f3b6fb/element - {"using":"css selector","value":"#shell-header-logo"}
RESULT: {"using":"css selector","value":"#shell-header-logo"}
COMMAND: POST /session/e9da8fc7d2e5c6d9fcb370d825f3b6fb/element/f.EB7466E535C2126E60AFBA1E962AA512.d.4E777CF664FD3630E225DA8A902E85EF.e.4424/click - {}
COMMAND: POST /session/e9da8fc7d2e5c6d9fcb370d825f3b6fb/execute/sync - {"script":"<script> [8489 bytes]","args":[{"element-6066-11e4-a52e-4f735466cecf":"f.EB7466E535C2126E60AFBA1E962AA512.d.4E777CF664FD3630E225DA8A902E85EF.e.4424","ELEMENT":"f.EB7466E535C2126E60AFBA1E962AA512.d.4E777CF664FD3630E225DA8A902E85EF.e.4424"}]}
RESULT: {}
COMMAND: GET /session/e9da8fc7d2e5c6d9fcb370d825f3b6fb/screenshot - {}
RESULT: {"script":"<script> [8489 bytes]","args":[{"element-6066-11e4-a52e-4f735466cecf":"f.EB7466E535C2126E60AFBA1E962AA512.d.4E777CF664FD3630E225DA8A902E85EF.e.4424","ELEMENT":"f.EB7466E535C2126E60AFBA1E962AA512.d.4E777CF664FD3630E225DA8A902E85EF.e.4424"}]}
COMMAND: POST /session/e9da8fc7d2e5c6d9fcb370d825f3b6fb/execute/sync - {"script":"<script> [5351 bytes]","args":[{"element-6066-11e4-a52e-4f735466cecf":"f.EB7466E535C2126E60AFBA1E962AA512.d.4E777CF664FD3630E225DA8A902E85EF.e.4424","ELEMENT":"f.EB7466E535C2126E60AFBA1E962AA512.d.4E777CF664FD3630E225DA8A902E85EF.e.4424"}]}
COMMAND: GET /session/e9da8fc7d2e5c6d9fcb370d825f3b6fb/screenshot - {}
RESULT: {}
RESULT: {"script":"<script> [5351 bytes]","args":[{"element-6066-11e4-a52e-4f735466cecf":"f.EB7466E535C2126E60AFBA1E962AA512.d.4E777CF664FD3630E225DA8A902E85EF.e.4424","ELEMENT":"f.EB7466E535C2126E60AFBA1E962AA512.d.4E777CF664FD3630E225DA8A902E85EF.e.4424"}]}
COMMAND: GET /session/e9da8fc7d2e5c6d9fcb370d825f3b6fb/screenshot - {}
RESULT: {}
RESULT: {}
COMMAND: POST /session/e9da8fc7d2e5c6d9fcb370d825f3b6fb/refresh - {}
RESULT: {}
COMMAND: GET /session/e9da8fc7d2e5c6d9fcb370d825f3b6fb/screenshot - {}
RESULT: {}
COMMAND: POST /session/e9da8fc7d2e5c6d9fcb370d825f3b6fb/refresh - {}
RESULT: {}
COMMAND: GET /session/e9da8fc7d2e5c6d9fcb370d825f3b6fb/screenshot - {}
RESULT: {}
COMMAND: POST /session/e9da8fc7d2e5c6d9fcb370d825f3b6fb/window/fullscreen - {}
RESULT: {}
COMMAND: POST /session/e9da8fc7d2e5c6d9fcb370d825f3b6fb/execute/async - {"script":"<script> [189 bytes]","args":[]}
RESULT: {"script":"<script> [189 bytes]","args":[]}
COMMAND: POST /session/e9da8fc7d2e5c6d9fcb370d825f3b6fb/execute/async - {"script":"<script> [123 bytes]","args":[]}
RESULT: {"script":"<script> [123 bytes]","args":[]}
COMMAND: POST /session/e9da8fc7d2e5c6d9fcb370d825f3b6fb/timeouts - {"script":"<number>"}
RESULT: {"script":"<number>"}
COMMAND: GET /session/e9da8fc7d2e5c6d9fcb370d825f3b6fb/timeouts - {}
RESULT: {}
RESULT: undefined
COMMAND: POST /session/e9da8fc7d2e5c6d9fcb370d825f3b6fb/execute/async - {"script":"<script> [2676 bytes]","args":[]}
RESULT: {"script":"<script> [2676 bytes]","args":[]}
COMMAND: POST /session/e9da8fc7d2e5c6d9fcb370d825f3b6fb/execute/async - {"script":"<script> [2342 bytes]","args":[{"protocol":"http","hostname":"0.0.0.0","path":"/","capabilities":{"browserName":"chrome","goog:chromeOptions":{"binary":"C:\\Program Files\\Google\\Chrome\\Application\\chrome.exe","args":["--start-maximized"]}},"logLevel":"warn","connectionRetryTimeout":120000,"connectionRetryCount":3,"logLevels":{},"enableDirectConnect":true,"strictSSL":true,"_":"65 more keys: [\"cacheDir\",\"port\",\"requestedCapabilities\",\"automationProtocol\",\"baseUrl\",\"waitforInterval\",\"waitforTimeout\",\"onReload\",\"beforeCommand\",\"afterCommand\",\"rootDir\",\"specs\",\"suites\",\"exclude\",\"groupLogsByTestSpec\",\"excludeDriverLogs\",\"bail\",\"framework\",\"reporters\",\"services\",\"maxInstances\",\"maxInstancesPerCapability\",\"injectGlobals\",\"filesToWatch\",\"execArgv\",\"runnerEnv\",\"runner\",\"shard\",\"specFileRetries\",\"specFileRetriesDelay\",\"specFileRetriesDeferred\",\"reporterSyncInterval\",\"reporterSyncTimeout\",\"cucumberFeaturesWithLineNumbers\",\"autoCompileOpts\",\"mochaOpts\",\"jasmineOpts\",\"cucumberOpts\",\"onPrepare\",\"onWorkerStart\",\"onWorkerEnd\",\"before\",\"beforeSession\",\"beforeSuite\",\"beforeHook\",\"beforeTest\",\"afterTest\",\"afterHook\",\"afterSuite\",\"afterSession\",\"after\",\"onComplete\",\"beforeAssertion\",\"afterAssertion\",\"beforeFeature\",\"beforeScenario\",\"beforeStep\",\"afterStep\",\"afterScenario\",\"afterFeature\",\"_\",\"suite\",\"$0\",\"ignoredWorkerServices\",\"wdi5\"]"}]}
RESULT: {"script":"<script> [2342 bytes]","args":[{"protocol":"http","hostname":"0.0.0.0","path":"/","capabilities":{"browserName":"chrome","goog:chromeOptions":{"binary":"C:\\Program Files\\Google\\Chrome\\Application\\chrome.exe","args":["--start-maximized"]}},"logLevel":"warn","connectionRetryTimeout":120000,"connectionRetryCount":3,"logLevels":{},"enableDirectConnect":true,"strictSSL":true,"_":"65 more keys: [\"cacheDir\",\"port\",\"requestedCapabilities\",\"automationProtocol\",\"baseUrl\",\"waitforInterval\",\"waitforTimeout\",\"onReload\",\"beforeCommand\",\"afterCommand\",\"rootDir\",\"specs\",\"suites\",\"exclude\",\"groupLogsByTestSpec\",\"excludeDriverLogs\",\"bail\",\"framework\",\"reporters\",\"services\",\"maxInstances\",\"maxInstancesPerCapability\",\"injectGlobals\",\"filesToWatch\",\"execArgv\",\"runnerEnv\",\"runner\",\"shard\",\"specFileRetries\",\"specFileRetriesDelay\",\"specFileRetriesDeferred\",\"reporterSyncInterval\",\"reporterSyncTimeout\",\"cucumberFeaturesWithLineNumbers\",\"autoCompileOpts\",\"mochaOpts\",\"jasmineOpts\",\"cucumberOpts\",\"onPrepare\",\"onWorkerStart\",\"onWorkerEnd\",\"before\",\"beforeSession\",\"beforeSuite\",\"beforeHook\",\"beforeTest\",\"afterTest\",\"afterHook\",\"afterSuite\",\"afterSession\",\"after\",\"onComplete\",\"beforeAssertion\",\"afterAssertion\",\"beforeFeature\",\"beforeScenario\",\"beforeStep\",\"afterStep\",\"afterScenario\",\"afterFeature\",\"_\",\"suite\",\"$0\",\"ignoredWorkerServices\",\"wdi5\"]"}]}
COMMAND: POST /session/e9da8fc7d2e5c6d9fcb370d825f3b6fb/execute/async - {"script":"<script> [21126 bytes]","args":[35000]}
RESULT: {"script":"<script> [21126 bytes]","args":[35000]}
COMMAND: POST /session/e9da8fc7d2e5c6d9fcb370d825f3b6fb/window/fullscreen - {}
RESULT: {}
COMMAND: POST /session/e9da8fc7d2e5c6d9fcb370d825f3b6fb/window/fullscreen - {}
RESULT: {}
COMMAND: POST /session/e9da8fc7d2e5c6d9fcb370d825f3b6fb/execute/async - {"script":"<script> [1562 bytes]","args":[{"selector":{"controlType":"sap.m.GenericTile","properties":{"header":"Manage Partners"}},"wdio_ui5_key":"sapm.GenericTile{\"header\":\"Manage Partners\"}"}]}
RESULT: {"script":"<script> [1562 bytes]","args":[{"selector":{"controlType":"sap.m.GenericTile","properties":{"header":"Manage Partners"}},"wdio_ui5_key":"sapm.GenericTile{\"header\":\"Manage Partners\"}"}]}
RESULT: undefined
COMMAND: POST /session/e9da8fc7d2e5c6d9fcb370d825f3b6fb/element - {"using":"xpath","value":"//*[@id=\"__tile31\"]"}
RESULT: {"using":"xpath","value":"//*[@id=\"__tile31\"]"}
COMMAND: POST /session/e9da8fc7d2e5c6d9fcb370d825f3b6fb/element/f.EB7466E535C2126E60AFBA1E962AA512.d.EF0CA3C1B82424305A4FD8E5223BFD61.e.4487/click - {}
RESULT: {}
COMMAND: GET /session/e9da8fc7d2e5c6d9fcb370d825f3b6fb/screenshot - {}
RESULT: {}
COMMAND: POST /session/e9da8fc7d2e5c6d9fcb370d825f3b6fb/elements - {"using":"xpath","value":"//span[text()='Error']"}
RESULT: {"using":"xpath","value":"//span[text()='Error']"}
COMMAND: POST /session/e9da8fc7d2e5c6d9fcb370d825f3b6fb/element - {"using":"xpath","value":"//button[@data-kt=\"addButton\"]"}
RESULT: {"using":"xpath","value":"//button[@data-kt=\"addButton\"]"}
COMMAND: POST /session/e9da8fc7d2e5c6d9fcb370d825f3b6fb/elements - {"using":"xpath","value":"//button[@data-kt=\"addButton\"]"}
RESULT: {"using":"xpath","value":"//button[@data-kt=\"addButton\"]"}
COMMAND: POST /session/e9da8fc7d2e5c6d9fcb370d825f3b6fb/elements - {"using":"xpath","value":"//button[@data-kt=\"addButton\"]"}
RESULT: {"using":"xpath","value":"//button[@data-kt=\"addButton\"]"}
COMMAND: POST /session/e9da8fc7d2e5c6d9fcb370d825f3b6fb/elements - {"using":"xpath","value":"//button[@data-kt=\"addButton\"]"}
RESULT: {"using":"xpath","value":"//button[@data-kt=\"addButton\"]"}
COMMAND: POST /session/e9da8fc7d2e5c6d9fcb370d825f3b6fb/element - {"using":"xpath","value":"//button[@data-kt=\"addButton\"]"}
RESULT: {"using":"xpath","value":"//button[@data-kt=\"addButton\"]"}
COMMAND: POST /session/e9da8fc7d2e5c6d9fcb370d825f3b6fb/execute/sync - {"script":"<script> [8489 bytes]","args":[{"element-6066-11e4-a52e-4f735466cecf":"f.EB7466E535C2126E60AFBA1E962AA512.d.EF0CA3C1B82424305A4FD8E5223BFD61.e.4617","ELEMENT":"f.EB7466E535C2126E60AFBA1E962AA512.d.EF0CA3C1B82424305A4FD8E5223BFD61.e.4617"}]}
RESULT: {"script":"<script> [8489 bytes]","args":[{"element-6066-11e4-a52e-4f735466cecf":"f.EB7466E535C2126E60AFBA1E962AA512.d.EF0CA3C1B82424305A4FD8E5223BFD61.e.4617","ELEMENT":"f.EB7466E535C2126E60AFBA1E962AA512.d.EF0CA3C1B82424305A4FD8E5223BFD61.e.4617"}]}
COMMAND: GET /session/e9da8fc7d2e5c6d9fcb370d825f3b6fb/element/f.EB7466E535C2126E60AFBA1E962AA512.d.EF0CA3C1B82424305A4FD8E5223BFD61.e.4617/enabled - {}
COMMAND: GET /session/e9da8fc7d2e5c6d9fcb370d825f3b6fb/screenshot - {}
RESULT: {}
COMMAND: POST /session/e9da8fc7d2e5c6d9fcb370d825f3b6fb/execute/sync - {"script":"<script> [8489 bytes]","args":[{"element-6066-11e4-a52e-4f735466cecf":"f.EB7466E535C2126E60AFBA1E962AA512.d.EF0CA3C1B82424305A4FD8E5223BFD61.e.4617","ELEMENT":"f.EB7466E535C2126E60AFBA1E962AA512.d.EF0CA3C1B82424305A4FD8E5223BFD61.e.4617"}]}
COMMAND: GET /session/e9da8fc7d2e5c6d9fcb370d825f3b6fb/screenshot - {}
RESULT: {}
RESULT: {"script":"<script> [8489 bytes]","args":[{"element-6066-11e4-a52e-4f735466cecf":"f.EB7466E535C2126E60AFBA1E962AA512.d.EF0CA3C1B82424305A4FD8E5223BFD61.e.4617","ELEMENT":"f.EB7466E535C2126E60AFBA1E962AA512.d.EF0CA3C1B82424305A4FD8E5223BFD61.e.4617"}]}
COMMAND: POST /session/e9da8fc7d2e5c6d9fcb370d825f3b6fb/execute/sync - {"script":"<script> [5351 bytes]","args":[{"element-6066-11e4-a52e-4f735466cecf":"f.EB7466E535C2126E60AFBA1E962AA512.d.EF0CA3C1B82424305A4FD8E5223BFD61.e.4617","ELEMENT":"f.EB7466E535C2126E60AFBA1E962AA512.d.EF0CA3C1B82424305A4FD8E5223BFD61.e.4617"}]}
COMMAND: GET /session/e9da8fc7d2e5c6d9fcb370d825f3b6fb/screenshot - {}
RESULT: {}
RESULT: {"script":"<script> [5351 bytes]","args":[{"element-6066-11e4-a52e-4f735466cecf":"f.EB7466E535C2126E60AFBA1E962AA512.d.EF0CA3C1B82424305A4FD8E5223BFD61.e.4617","ELEMENT":"f.EB7466E535C2126E60AFBA1E962AA512.d.EF0CA3C1B82424305A4FD8E5223BFD61.e.4617"}]}
COMMAND: POST /session/e9da8fc7d2e5c6d9fcb370d825f3b6fb/element/f.EB7466E535C2126E60AFBA1E962AA512.d.EF0CA3C1B82424305A4FD8E5223BFD61.e.4617/click - {}
COMMAND: GET /session/e9da8fc7d2e5c6d9fcb370d825f3b6fb/screenshot - {}
RESULT: {}
RESULT: {}
COMMAND: GET /session/e9da8fc7d2e5c6d9fcb370d825f3b6fb/screenshot - {}
RESULT: {}
RESULT: {}
COMMAND: POST /session/e9da8fc7d2e5c6d9fcb370d825f3b6fb/execute/async - {"script":"<script> [1562 bytes]","args":[{"selector":{"id":"application-managepartners-display-component---NewPartner--addressDetailDetailsName1","interaction":{"idSuffix":"inner"}},"wdio_ui5_key":"applicationmanagepartners-display-component---NewPartner--addressDetailDetailsName1"}]}
RESULT: {"script":"<script> [1562 bytes]","args":[{"selector":{"id":"application-managepartners-display-component---NewPartner--addressDetailDetailsName1","interaction":{"idSuffix":"inner"}},"wdio_ui5_key":"applicationmanagepartners-display-component---NewPartner--addressDetailDetailsName1"}]}
RESULT: undefined
COMMAND: POST /session/e9da8fc7d2e5c6d9fcb370d825f3b6fb/execute/async - {"script":"<script> [776 bytes]","args":[{"enterText":"Intracompany Partner WDIO","selector":{"id":"application-managepartners-display-component---NewPartner--addressDetailDetailsName1","interaction":{"idSuffix":"inner"}},"clearTextFirst":true,"interactionType":"ENTER_TEXT"}]}
RESULT: {"script":"<script> [776 bytes]","args":[{"enterText":"Intracompany Partner WDIO","selector":{"id":"application-managepartners-display-component---NewPartner--addressDetailDetailsName1","interaction":{"idSuffix":"inner"}},"clearTextFirst":true,"interactionType":"ENTER_TEXT"}]}
COMMAND: POST /session/e9da8fc7d2e5c6d9fcb370d825f3b6fb/execute/async - {"script":"<script> [1562 bytes]","args":[{"selector":{"id":"application-managepartners-display-component---NewPartner--addressDetailDetailsLanguage-arrow"},"wdio_ui5_key":"applicationmanagepartners-display-component---NewPartner--addressDetailDetailsLanguage-arrow"}]}
RESULT: {"script":"<script> [1562 bytes]","args":[{"selector":{"id":"application-managepartners-display-component---NewPartner--addressDetailDetailsLanguage-arrow"},"wdio_ui5_key":"applicationmanagepartners-display-component---NewPartner--addressDetailDetailsLanguage-arrow"}]}
RESULT: undefined
COMMAND: POST /session/e9da8fc7d2e5c6d9fcb370d825f3b6fb/element - {"using":"xpath","value":"//*[@id=\"application-managepartners-display-component---NewPartner--addressDetailDetailsLanguage-arrow\"]"}
RESULT: {"using":"xpath","value":"//*[@id=\"application-managepartners-display-component---NewPartner--addressDetailDetailsLanguage-arrow\"]"}
COMMAND: POST /session/e9da8fc7d2e5c6d9fcb370d825f3b6fb/element/f.EB7466E535C2126E60AFBA1E962AA512.d.EF0CA3C1B82424305A4FD8E5223BFD61.e.5054/click - {}
RESULT: {}
COMMAND: POST /session/e9da8fc7d2e5c6d9fcb370d825f3b6fb/element - {"using":"xpath","value":"//span[contains(text(), \"English\")]"}
COMMAND: GET /session/e9da8fc7d2e5c6d9fcb370d825f3b6fb/screenshot - {}
RESULT: {"using":"xpath","value":"//span[contains(text(), \"English\")]"}
COMMAND: POST /session/e9da8fc7d2e5c6d9fcb370d825f3b6fb/element/f.EB7466E535C2126E60AFBA1E962AA512.d.EF0CA3C1B82424305A4FD8E5223BFD61.e.5055/click - {}
RESULT: {}
RESULT: {}
COMMAND: GET /session/e9da8fc7d2e5c6d9fcb370d825f3b6fb/screenshot - {}
RESULT: {}
COMMAND: POST /session/e9da8fc7d2e5c6d9fcb370d825f3b6fb/execute/async - {"script":"<script> [1562 bytes]","args":[{"selector":{"id":"application-managepartners-display-component---NewPartner--addressDetailDetailsCity1","interaction":{"idSuffix":"inner"}},"wdio_ui5_key":"applicationmanagepartners-display-component---NewPartner--addressDetailDetailsCity1"}]}
RESULT: {"script":"<script> [1562 bytes]","args":[{"selector":{"id":"application-managepartners-display-component---NewPartner--addressDetailDetailsCity1","interaction":{"idSuffix":"inner"}},"wdio_ui5_key":"applicationmanagepartners-display-component---NewPartner--addressDetailDetailsCity1"}]}
RESULT: undefined
COMMAND: POST /session/e9da8fc7d2e5c6d9fcb370d825f3b6fb/execute/async - {"script":"<script> [776 bytes]","args":[{"enterText":"Rosario","selector":{"id":"application-managepartners-display-component---NewPartner--addressDetailDetailsCity1","interaction":{"idSuffix":"inner"}},"clearTextFirst":true,"interactionType":"ENTER_TEXT"}]}
RESULT: {"script":"<script> [776 bytes]","args":[{"enterText":"Rosario","selector":{"id":"application-managepartners-display-component---NewPartner--addressDetailDetailsCity1","interaction":{"idSuffix":"inner"}},"clearTextFirst":true,"interactionType":"ENTER_TEXT"}]}
COMMAND: POST /session/e9da8fc7d2e5c6d9fcb370d825f3b6fb/execute/async - {"script":"<script> [1562 bytes]","args":[{"selector":{"id":"application-managepartners-display-component---NewPartner--addressDetailDetailsCountry-arrow"},"wdio_ui5_key":"applicationmanagepartners-display-component---NewPartner--addressDetailDetailsCountry-arrow"}]}
RESULT: {"script":"<script> [1562 bytes]","args":[{"selector":{"id":"application-managepartners-display-component---NewPartner--addressDetailDetailsCountry-arrow"},"wdio_ui5_key":"applicationmanagepartners-display-component---NewPartner--addressDetailDetailsCountry-arrow"}]}
RESULT: undefined
COMMAND: POST /session/e9da8fc7d2e5c6d9fcb370d825f3b6fb/element - {"using":"xpath","value":"//*[@id=\"application-managepartners-display-component---NewPartner--addressDetailDetailsCountry-arrow\"]"}
RESULT: {"using":"xpath","value":"//*[@id=\"application-managepartners-display-component---NewPartner--addressDetailDetailsCountry-arrow\"]"}
COMMAND: POST /session/e9da8fc7d2e5c6d9fcb370d825f3b6fb/element/f.EB7466E535C2126E60AFBA1E962AA512.d.EF0CA3C1B82424305A4FD8E5223BFD61.e.5033/click - {}
RESULT: {}
COMMAND: POST /session/e9da8fc7d2e5c6d9fcb370d825f3b6fb/element - {"using":"xpath","value":"//span[contains(text(), \"Argentina\")]"}
COMMAND: GET /session/e9da8fc7d2e5c6d9fcb370d825f3b6fb/screenshot - {}
RESULT: {"using":"xpath","value":"//span[contains(text(), \"Argentina\")]"}
COMMAND: POST /session/e9da8fc7d2e5c6d9fcb370d825f3b6fb/element/f.EB7466E535C2126E60AFBA1E962AA512.d.EF0CA3C1B82424305A4FD8E5223BFD61.e.5057/click - {}
RESULT: {}
RESULT: {}
COMMAND: GET /session/e9da8fc7d2e5c6d9fcb370d825f3b6fb/screenshot - {}
RESULT: {}
COMMAND: POST /session/e9da8fc7d2e5c6d9fcb370d825f3b6fb/element - {"using":"xpath","value":"//bdi[contains(text(), \"Commercial\")]"}
RESULT: {"using":"xpath","value":"//bdi[contains(text(), \"Commercial\")]"}
COMMAND: POST /session/e9da8fc7d2e5c6d9fcb370d825f3b6fb/element/f.EB7466E535C2126E60AFBA1E962AA512.d.EF0CA3C1B82424305A4FD8E5223BFD61.e.5058/click - {}
RESULT: {}
COMMAND: GET /session/e9da8fc7d2e5c6d9fcb370d825f3b6fb/screenshot - {}
RESULT: {}
COMMAND: POST /session/e9da8fc7d2e5c6d9fcb370d825f3b6fb/execute/async - {"script":"<script> [1562 bytes]","args":[{"selector":{"id":"application-managepartners-display-component---NewPartner--partnerDetailInternal-arrow"},"wdio_ui5_key":"applicationmanagepartners-display-component---NewPartner--partnerDetailInternal-arrow"}]}
RESULT: {"script":"<script> [1562 bytes]","args":[{"selector":{"id":"application-managepartners-display-component---NewPartner--partnerDetailInternal-arrow"},"wdio_ui5_key":"applicationmanagepartners-display-component---NewPartner--partnerDetailInternal-arrow"}]}
RESULT: undefined
COMMAND: POST /session/e9da8fc7d2e5c6d9fcb370d825f3b6fb/element - {"using":"xpath","value":"//*[@id=\"application-managepartners-display-component---NewPartner--partnerDetailInternal-arrow\"]"}
RESULT: {"using":"xpath","value":"//*[@id=\"application-managepartners-display-component---NewPartner--partnerDetailInternal-arrow\"]"}
COMMAND: POST /session/e9da8fc7d2e5c6d9fcb370d825f3b6fb/element/f.EB7466E535C2126E60AFBA1E962AA512.d.EF0CA3C1B82424305A4FD8E5223BFD61.e.5064/click - {}
RESULT: {}
COMMAND: POST /session/e9da8fc7d2e5c6d9fcb370d825f3b6fb/element - {"using":"xpath","value":"//span[contains(text(), \"Affiliated company\")]"}
COMMAND: GET /session/e9da8fc7d2e5c6d9fcb370d825f3b6fb/screenshot - {}
RESULT: {"using":"xpath","value":"//span[contains(text(), \"Affiliated company\")]"}
COMMAND: POST /session/e9da8fc7d2e5c6d9fcb370d825f3b6fb/element/f.EB7466E535C2126E60AFBA1E962AA512.d.EF0CA3C1B82424305A4FD8E5223BFD61.e.5065/click - {}
RESULT: {}
RESULT: {}
COMMAND: POST /session/e9da8fc7d2e5c6d9fcb370d825f3b6fb/execute/async - {"script":"<script> [1562 bytes]","args":[{"selector":{"id":"application-managepartners-display-component---NewPartner--partnerDetailsCurrency-arrow"},"wdio_ui5_key":"applicationmanagepartners-display-component---NewPartner--partnerDetailsCurrency-arrow"}]}
COMMAND: GET /session/e9da8fc7d2e5c6d9fcb370d825f3b6fb/screenshot - {}
RESULT: {"script":"<script> [1562 bytes]","args":[{"selector":{"id":"application-managepartners-display-component---NewPartner--partnerDetailsCurrency-arrow"},"wdio_ui5_key":"applicationmanagepartners-display-component---NewPartner--partnerDetailsCurrency-arrow"}]}
RESULT: undefined
COMMAND: POST /session/e9da8fc7d2e5c6d9fcb370d825f3b6fb/element - {"using":"xpath","value":"//*[@id=\"application-managepartners-display-component---NewPartner--partnerDetailsCurrency-arrow\"]"}
RESULT: {}
RESULT: {"using":"xpath","value":"//*[@id=\"application-managepartners-display-component---NewPartner--partnerDetailsCurrency-arrow\"]"}
COMMAND: POST /session/e9da8fc7d2e5c6d9fcb370d825f3b6fb/element/f.EB7466E535C2126E60AFBA1E962AA512.d.EF0CA3C1B82424305A4FD8E5223BFD61.e.5072/click - {}
RESULT: {}
COMMAND: POST /session/e9da8fc7d2e5c6d9fcb370d825f3b6fb/element - {"using":"xpath","value":"//span[contains(text(), \"Euro\")]"}
COMMAND: GET /session/e9da8fc7d2e5c6d9fcb370d825f3b6fb/screenshot - {}
RESULT: {"using":"xpath","value":"//span[contains(text(), \"Euro\")]"}
COMMAND: POST /session/e9da8fc7d2e5c6d9fcb370d825f3b6fb/element/f.EB7466E535C2126E60AFBA1E962AA512.d.EF0CA3C1B82424305A4FD8E5223BFD61.e.5073/click - {}
RESULT: {}
RESULT: {}
COMMAND: POST /session/e9da8fc7d2e5c6d9fcb370d825f3b6fb/execute/async - {"script":"<script> [1562 bytes]","args":[{"selector":{"id":"application-managepartners-display-component---NewPartner--addressEditDetailsCostObjectCstType-arrow"},"wdio_ui5_key":"applicationmanagepartners-display-component---NewPartner--addressEditDetailsCostObjectCstType-arrow"}]}
COMMAND: GET /session/e9da8fc7d2e5c6d9fcb370d825f3b6fb/screenshot - {}
RESULT: {"script":"<script> [1562 bytes]","args":[{"selector":{"id":"application-managepartners-display-component---NewPartner--addressEditDetailsCostObjectCstType-arrow"},"wdio_ui5_key":"applicationmanagepartners-display-component---NewPartner--addressEditDetailsCostObjectCstType-arrow"}]}
RESULT: undefined
COMMAND: POST /session/e9da8fc7d2e5c6d9fcb370d825f3b6fb/element - {"using":"xpath","value":"//*[@id=\"application-managepartners-display-component---NewPartner--addressEditDetailsCostObjectCstType-arrow\"]"}
RESULT: {}
RESULT: {"using":"xpath","value":"//*[@id=\"application-managepartners-display-component---NewPartner--addressEditDetailsCostObjectCstType-arrow\"]"}
COMMAND: POST /session/e9da8fc7d2e5c6d9fcb370d825f3b6fb/element/f.EB7466E535C2126E60AFBA1E962AA512.d.EF0CA3C1B82424305A4FD8E5223BFD61.e.5074/click - {}
RESULT: {}
COMMAND: POST /session/e9da8fc7d2e5c6d9fcb370d825f3b6fb/element - {"using":"xpath","value":"//span[contains(text(), \"Cost Center\")]"}
COMMAND: GET /session/e9da8fc7d2e5c6d9fcb370d825f3b6fb/screenshot - {}
RESULT: {"using":"xpath","value":"//span[contains(text(), \"Cost Center\")]"}
COMMAND: POST /session/e9da8fc7d2e5c6d9fcb370d825f3b6fb/element/f.EB7466E535C2126E60AFBA1E962AA512.d.EF0CA3C1B82424305A4FD8E5223BFD61.e.5075/click - {}
RESULT: {}
RESULT: {}
COMMAND: GET /session/e9da8fc7d2e5c6d9fcb370d825f3b6fb/screenshot - {}
RESULT: {}
COMMAND: POST /session/e9da8fc7d2e5c6d9fcb370d825f3b6fb/element - {"using":"xpath","value":"//span[@id=\"application-managepartners-display-component---NewPartner--addressNewCostObjectCstID-vhi\"]"}
RESULT: {"using":"xpath","value":"//span[@id=\"application-managepartners-display-component---NewPartner--addressNewCostObjectCstID-vhi\"]"}
COMMAND: POST /session/e9da8fc7d2e5c6d9fcb370d825f3b6fb/execute/sync - {"script":"<script> [8489 bytes]","args":[{"element-6066-11e4-a52e-4f735466cecf":"f.EB7466E535C2126E60AFBA1E962AA512.d.EF0CA3C1B82424305A4FD8E5223BFD61.e.5079","ELEMENT":"f.EB7466E535C2126E60AFBA1E962AA512.d.EF0CA3C1B82424305A4FD8E5223BFD61.e.5079"}]}
RESULT: {"script":"<script> [8489 bytes]","args":[{"element-6066-11e4-a52e-4f735466cecf":"f.EB7466E535C2126E60AFBA1E962AA512.d.EF0CA3C1B82424305A4FD8E5223BFD61.e.5079","ELEMENT":"f.EB7466E535C2126E60AFBA1E962AA512.d.EF0CA3C1B82424305A4FD8E5223BFD61.e.5079"}]}
COMMAND: POST /session/e9da8fc7d2e5c6d9fcb370d825f3b6fb/execute/async - {"script":"<script> [1562 bytes]","args":[{"selector":{"id":"application-managepartners-display-component---NewPartner--addressNewCostObjectCstID-vhi"},"wdio_ui5_key":"applicationmanagepartners-display-component---NewPartner--addressNewCostObjectCstID-vhi"}]}
COMMAND: GET /session/e9da8fc7d2e5c6d9fcb370d825f3b6fb/screenshot - {}
RESULT: {"script":"<script> [1562 bytes]","args":[{"selector":{"id":"application-managepartners-display-component---NewPartner--addressNewCostObjectCstID-vhi"},"wdio_ui5_key":"applicationmanagepartners-display-component---NewPartner--addressNewCostObjectCstID-vhi"}]}
RESULT: undefined
COMMAND: POST /session/e9da8fc7d2e5c6d9fcb370d825f3b6fb/element - {"using":"xpath","value":"//*[@id=\"application-managepartners-display-component---NewPartner--addressNewCostObjectCstID-vhi\"]"}
RESULT: {}
RESULT: {"using":"xpath","value":"//*[@id=\"application-managepartners-display-component---NewPartner--addressNewCostObjectCstID-vhi\"]"}
COMMAND: POST /session/e9da8fc7d2e5c6d9fcb370d825f3b6fb/element/f.EB7466E535C2126E60AFBA1E962AA512.d.EF0CA3C1B82424305A4FD8E5223BFD61.e.5079/click - {}
RESULT: {}
COMMAND: GET /session/e9da8fc7d2e5c6d9fcb370d825f3b6fb/screenshot - {}
RESULT: {}
COMMAND: POST /session/e9da8fc7d2e5c6d9fcb370d825f3b6fb/execute/async - {"script":"<script> [1562 bytes]","args":[{"selector":{"controlType":"sap.m.SearchField","properties":{"placeholder":"Search"},"searchOpenDialogs":true,"interaction":{"idSuffix":"I"}},"wdio_ui5_key":"sapm.SearchField{\"placeholder\":\"Search\"}"}]}
RESULT: {"script":"<script> [1562 bytes]","args":[{"selector":{"controlType":"sap.m.SearchField","properties":{"placeholder":"Search"},"searchOpenDialogs":true,"interaction":{"idSuffix":"I"}},"wdio_ui5_key":"sapm.SearchField{\"placeholder\":\"Search\"}"}]}
RESULT: undefined
COMMAND: POST /session/e9da8fc7d2e5c6d9fcb370d825f3b6fb/execute/async - {"script":"<script> [776 bytes]","args":[{"enterText":"10001013","selector":{"controlType":"sap.m.SearchField","properties":{"placeholder":"Search"},"searchOpenDialogs":true,"interaction":{"idSuffix":"I"}},"clearTextFirst":true,"interactionType":"ENTER_TEXT"}]}
RESULT: {"script":"<script> [776 bytes]","args":[{"enterText":"10001013","selector":{"controlType":"sap.m.SearchField","properties":{"placeholder":"Search"},"searchOpenDialogs":true,"interaction":{"idSuffix":"I"}},"clearTextFirst":true,"interactionType":"ENTER_TEXT"}]}
COMMAND: POST /session/e9da8fc7d2e5c6d9fcb370d825f3b6fb/actions - {"actions":[{"id":"action12","type":"key","parameters":{},"actions":[{"type":"keyDown","value":""},{"type":"pause","duration":10},{"type":"keyUp","value":""}]}]}
RESULT: {"actions":[{"id":"action12","type":"key","parameters":{},"actions":[{"type":"keyDown","value":""},{"type":"pause","duration":10},{"type":"keyUp","value":""}]}]}
COMMAND: GET /session/e9da8fc7d2e5c6d9fcb370d825f3b6fb/screenshot - {}
RESULT: {}
COMMAND: POST /session/e9da8fc7d2e5c6d9fcb370d825f3b6fb/element - {"using":"xpath","value":"//span[contains(text(), \"General Management\")]"}
RESULT: {"using":"xpath","value":"//span[contains(text(), \"General Management\")]"}
COMMAND: POST /session/e9da8fc7d2e5c6d9fcb370d825f3b6fb/element/f.EB7466E535C2126E60AFBA1E962AA512.d.EF0CA3C1B82424305A4FD8E5223BFD61.e.5121/click - {}
RESULT: {}
COMMAND: GET /session/e9da8fc7d2e5c6d9fcb370d825f3b6fb/screenshot - {}
RESULT: {}
COMMAND: POST /session/e9da8fc7d2e5c6d9fcb370d825f3b6fb/element - {"using":"xpath","value":"//bdi[contains(text(), \"OK\")]"}
RESULT: {"using":"xpath","value":"//bdi[contains(text(), \"OK\")]"}
COMMAND: POST /session/e9da8fc7d2e5c6d9fcb370d825f3b6fb/element/f.EB7466E535C2126E60AFBA1E962AA512.d.EF0CA3C1B82424305A4FD8E5223BFD61.e.5122/click - {}
RESULT: {}
COMMAND: GET /session/e9da8fc7d2e5c6d9fcb370d825f3b6fb/screenshot - {}
RESULT: {}
COMMAND: POST /session/e9da8fc7d2e5c6d9fcb370d825f3b6fb/element - {"using":"xpath","value":"//input[@id=\"application-managepartners-display-component---NewPartner--companyCodeComboBox-inner\"]"}
RESULT: {"using":"xpath","value":"//input[@id=\"application-managepartners-display-component---NewPartner--companyCodeComboBox-inner\"]"}
COMMAND: POST /session/e9da8fc7d2e5c6d9fcb370d825f3b6fb/element/f.EB7466E535C2126E60AFBA1E962AA512.d.EF0CA3C1B82424305A4FD8E5223BFD61.e.4967/clear - {}
RESULT: {}
COMMAND: POST /session/e9da8fc7d2e5c6d9fcb370d825f3b6fb/element/f.EB7466E535C2126E60AFBA1E962AA512.d.EF0CA3C1B82424305A4FD8E5223BFD61.e.4967/value - {"text":"1000"}
COMMAND: GET /session/e9da8fc7d2e5c6d9fcb370d825f3b6fb/screenshot - {}
RESULT: {"text":"1000"}
COMMAND: GET /session/e9da8fc7d2e5c6d9fcb370d825f3b6fb/screenshot - {}
RESULT: {}
RESULT: {}
COMMAND: POST /session/e9da8fc7d2e5c6d9fcb370d825f3b6fb/element - {"using":"xpath","value":"//li[.//span[text()= \"1000\"]]"}
RESULT: {"using":"xpath","value":"//li[.//span[text()= \"1000\"]]"}
COMMAND: POST /session/e9da8fc7d2e5c6d9fcb370d825f3b6fb/element/f.EB7466E535C2126E60AFBA1E962AA512.d.EF0CA3C1B82424305A4FD8E5223BFD61.e.5128/click - {}
RESULT: {}
COMMAND: GET /session/e9da8fc7d2e5c6d9fcb370d825f3b6fb/screenshot - {}
RESULT: {}
COMMAND: POST /session/e9da8fc7d2e5c6d9fcb370d825f3b6fb/execute/async - {"script":"<script> [1562 bytes]","args":[{"selector":{"id":"application-managepartners-display-component---NewPartner--btnAddTableRow-img"},"wdio_ui5_key":"applicationmanagepartners-display-component---NewPartner--btnAddTableRow-img"}]}
RESULT: {"script":"<script> [1562 bytes]","args":[{"selector":{"id":"application-managepartners-display-component---NewPartner--btnAddTableRow-img"},"wdio_ui5_key":"applicationmanagepartners-display-component---NewPartner--btnAddTableRow-img"}]}
RESULT: undefined
COMMAND: POST /session/e9da8fc7d2e5c6d9fcb370d825f3b6fb/element - {"using":"xpath","value":"//*[@id=\"application-managepartners-display-component---NewPartner--btnAddTableRow-img\"]"}
RESULT: {"using":"xpath","value":"//*[@id=\"application-managepartners-display-component---NewPartner--btnAddTableRow-img\"]"}
COMMAND: POST /session/e9da8fc7d2e5c6d9fcb370d825f3b6fb/element/f.EB7466E535C2126E60AFBA1E962AA512.d.EF0CA3C1B82424305A4FD8E5223BFD61.e.5129/click - {}
RESULT: {}
COMMAND: GET /session/e9da8fc7d2e5c6d9fcb370d825f3b6fb/screenshot - {}
RESULT: {}
COMMAND: POST /session/e9da8fc7d2e5c6d9fcb370d825f3b6fb/element - {"using":"xpath","value":"//input[@id=\"application-managepartners-display-component---NewPartner--assignmentYard-application-managepartners-display-component---NewPartner--assignmentsTable-0-inner\"]"}
RESULT: {"using":"xpath","value":"//input[@id=\"application-managepartners-display-component---NewPartner--assignmentYard-application-managepartners-display-component---NewPartner--assignmentsTable-0-inner\"]"}
COMMAND: POST /session/e9da8fc7d2e5c6d9fcb370d825f3b6fb/element/f.EB7466E535C2126E60AFBA1E962AA512.d.EF0CA3C1B82424305A4FD8E5223BFD61.e.5132/clear - {}
RESULT: {}
COMMAND: POST /session/e9da8fc7d2e5c6d9fcb370d825f3b6fb/element/f.EB7466E535C2126E60AFBA1E962AA512.d.EF0CA3C1B82424305A4FD8E5223BFD61.e.5132/value - {"text":"247"}
COMMAND: GET /session/e9da8fc7d2e5c6d9fcb370d825f3b6fb/screenshot - {}
RESULT: {"text":"247"}
COMMAND: GET /session/e9da8fc7d2e5c6d9fcb370d825f3b6fb/screenshot - {}
RESULT: {}
RESULT: {}
COMMAND: POST /session/e9da8fc7d2e5c6d9fcb370d825f3b6fb/element - {"using":"xpath","value":"//ul[contains(@id,\"NewPartner--assignmentsTable-0-popup-list-listUl\")]//li[.//span[text()='247']]"}
RESULT: {"using":"xpath","value":"//ul[contains(@id,\"NewPartner--assignmentsTable-0-popup-list-listUl\")]//li[.//span[text()='247']]"}
COMMAND: POST /session/e9da8fc7d2e5c6d9fcb370d825f3b6fb/element/f.EB7466E535C2126E60AFBA1E962AA512.d.EF0CA3C1B82424305A4FD8E5223BFD61.e.5141/click - {}
RESULT: {}
COMMAND: GET /session/e9da8fc7d2e5c6d9fcb370d825f3b6fb/screenshot - {}
RESULT: {}
COMMAND: POST /session/e9da8fc7d2e5c6d9fcb370d825f3b6fb/actions - {"actions":[{"id":"action13","type":"key","parameters":{},"actions":[{"type":"keyDown","value":""},{"type":"pause","duration":10},{"type":"keyUp","value":""}]}]}
RESULT: {"actions":[{"id":"action13","type":"key","parameters":{},"actions":[{"type":"keyDown","value":""},{"type":"pause","duration":10},{"type":"keyUp","value":""}]}]}
COMMAND: POST /session/e9da8fc7d2e5c6d9fcb370d825f3b6fb/execute/async - {"script":"<script> [1562 bytes]","args":[{"selector":{"id":"application-managepartners-display-component---NewPartner--externalCustomerComboBox-application-managepartners-display-component---NewPartner--assignmentsTable-0-vhi"},"wdio_ui5_key":"applicationmanagepartners-display-component---NewPartner--externalCustomerComboBox-application-managepartners-display-component---NewPartner--assignmentsTable-0-vhi"}]}
COMMAND: GET /session/e9da8fc7d2e5c6d9fcb370d825f3b6fb/screenshot - {}
RESULT: {"script":"<script> [1562 bytes]","args":[{"selector":{"id":"application-managepartners-display-component---NewPartner--externalCustomerComboBox-application-managepartners-display-component---NewPartner--assignmentsTable-0-vhi"},"wdio_ui5_key":"applicationmanagepartners-display-component---NewPartner--externalCustomerComboBox-application-managepartners-display-component---NewPartner--assignmentsTable-0-vhi"}]}
RESULT: undefined
COMMAND: POST /session/e9da8fc7d2e5c6d9fcb370d825f3b6fb/element - {"using":"xpath","value":"//*[@id=\"application-managepartners-display-component---NewPartner--externalCustomerComboBox-application-managepartners-display-component---NewPartner--assignmentsTable-0-vhi\"]"}
RESULT: {}
RESULT: {"using":"xpath","value":"//*[@id=\"application-managepartners-display-component---NewPartner--externalCustomerComboBox-application-managepartners-display-component---NewPartner--assignmentsTable-0-vhi\"]"}
COMMAND: POST /session/e9da8fc7d2e5c6d9fcb370d825f3b6fb/element/f.EB7466E535C2126E60AFBA1E962AA512.d.EF0CA3C1B82424305A4FD8E5223BFD61.e.5145/click - {}
RESULT: {}
RESULT: undefined
COMMAND: POST /session/e9da8fc7d2e5c6d9fcb370d825f3b6fb/execute/async - {"script":"<script> [776 bytes]","args":[{"enterText":"300003","selector":{"controlType":"sap.m.SearchField","properties":{"placeholder":"Search"},"searchOpenDialogs":true,"interaction":{"idSuffix":"I"}},"clearTextFirst":true,"interactionType":"ENTER_TEXT"}]}
COMMAND: GET /session/e9da8fc7d2e5c6d9fcb370d825f3b6fb/screenshot - {}
RESULT: {"script":"<script> [776 bytes]","args":[{"enterText":"300003","selector":{"controlType":"sap.m.SearchField","properties":{"placeholder":"Search"},"searchOpenDialogs":true,"interaction":{"idSuffix":"I"}},"clearTextFirst":true,"interactionType":"ENTER_TEXT"}]}
COMMAND: POST /session/e9da8fc7d2e5c6d9fcb370d825f3b6fb/actions - {"actions":[{"id":"action14","type":"key","parameters":{},"actions":[{"type":"keyDown","value":""},{"type":"pause","duration":10},{"type":"keyUp","value":""}]}]}
RESULT: {}
RESULT: {"actions":[{"id":"action14","type":"key","parameters":{},"actions":[{"type":"keyDown","value":""},{"type":"pause","duration":10},{"type":"keyUp","value":""}]}]}
COMMAND: GET /session/e9da8fc7d2e5c6d9fcb370d825f3b6fb/screenshot - {}
RESULT: {}
COMMAND: POST /session/e9da8fc7d2e5c6d9fcb370d825f3b6fb/element - {"using":"xpath","value":"//span[contains(text(), \"300003\")]"}
RESULT: {"using":"xpath","value":"//span[contains(text(), \"300003\")]"}
COMMAND: POST /session/e9da8fc7d2e5c6d9fcb370d825f3b6fb/element/f.EB7466E535C2126E60AFBA1E962AA512.d.EF0CA3C1B82424305A4FD8E5223BFD61.e.5195/click - {}
RESULT: {}
COMMAND: GET /session/e9da8fc7d2e5c6d9fcb370d825f3b6fb/screenshot - {}
RESULT: {}
COMMAND: POST /session/e9da8fc7d2e5c6d9fcb370d825f3b6fb/element - {"using":"xpath","value":"//bdi[contains(text(), \"OK\")]"}
RESULT: {"using":"xpath","value":"//bdi[contains(text(), \"OK\")]"}
COMMAND: POST /session/e9da8fc7d2e5c6d9fcb370d825f3b6fb/element/f.EB7466E535C2126E60AFBA1E962AA512.d.EF0CA3C1B82424305A4FD8E5223BFD61.e.5197/click - {}
RESULT: {}
COMMAND: GET /session/e9da8fc7d2e5c6d9fcb370d825f3b6fb/screenshot - {}
RESULT: {}
COMMAND: POST /session/e9da8fc7d2e5c6d9fcb370d825f3b6fb/execute/async - {"script":"<script> [1562 bytes]","args":[{"selector":{"id":"application-managepartners-display-component---NewPartner--intercompVendorComboBox-application-managepartners-display-component---NewPartner--assignmentsTable-0-vhi"},"wdio_ui5_key":"applicationmanagepartners-display-component---NewPartner--intercompVendorComboBox-application-managepartners-display-component---NewPartner--assignmentsTable-0-vhi"}]}
RESULT: {"script":"<script> [1562 bytes]","args":[{"selector":{"id":"application-managepartners-display-component---NewPartner--intercompVendorComboBox-application-managepartners-display-component---NewPartner--assignmentsTable-0-vhi"},"wdio_ui5_key":"applicationmanagepartners-display-component---NewPartner--intercompVendorComboBox-application-managepartners-display-component---NewPartner--assignmentsTable-0-vhi"}]}
RESULT: undefined
COMMAND: POST /session/e9da8fc7d2e5c6d9fcb370d825f3b6fb/element - {"using":"xpath","value":"//*[@id=\"application-managepartners-display-component---NewPartner--intercompVendorComboBox-application-managepartners-display-component---NewPartner--assignmentsTable-0-vhi\"]"}
RESULT: {"using":"xpath","value":"//*[@id=\"application-managepartners-display-component---NewPartner--intercompVendorComboBox-application-managepartners-display-component---NewPartner--assignmentsTable-0-vhi\"]"}
COMMAND: POST /session/e9da8fc7d2e5c6d9fcb370d825f3b6fb/element/f.EB7466E535C2126E60AFBA1E962AA512.d.EF0CA3C1B82424305A4FD8E5223BFD61.e.5201/click - {}
RESULT: {}
RESULT: undefined
COMMAND: POST /session/e9da8fc7d2e5c6d9fcb370d825f3b6fb/execute/async - {"script":"<script> [776 bytes]","args":[{"enterText":"100005","selector":{"controlType":"sap.m.SearchField","properties":{"placeholder":"Search"},"searchOpenDialogs":true,"interaction":{"idSuffix":"I"}},"clearTextFirst":true,"interactionType":"ENTER_TEXT"}]}
COMMAND: GET /session/e9da8fc7d2e5c6d9fcb370d825f3b6fb/screenshot - {}
RESULT: {"script":"<script> [776 bytes]","args":[{"enterText":"100005","selector":{"controlType":"sap.m.SearchField","properties":{"placeholder":"Search"},"searchOpenDialogs":true,"interaction":{"idSuffix":"I"}},"clearTextFirst":true,"interactionType":"ENTER_TEXT"}]}
COMMAND: POST /session/e9da8fc7d2e5c6d9fcb370d825f3b6fb/actions - {"actions":[{"id":"action15","type":"key","parameters":{},"actions":[{"type":"keyDown","value":""},{"type":"pause","duration":10},{"type":"keyUp","value":""}]}]}
RESULT: {}
RESULT: {"actions":[{"id":"action15","type":"key","parameters":{},"actions":[{"type":"keyDown","value":""},{"type":"pause","duration":10},{"type":"keyUp","value":""}]}]}
COMMAND: GET /session/e9da8fc7d2e5c6d9fcb370d825f3b6fb/screenshot - {}
RESULT: {}
COMMAND: POST /session/e9da8fc7d2e5c6d9fcb370d825f3b6fb/element - {"using":"xpath","value":"//span[contains(text(), \"Penguins - Field/12345 Berlin\")]"}
RESULT: {"using":"xpath","value":"//span[contains(text(), \"Penguins - Field/12345 Berlin\")]"}
COMMAND: POST /session/e9da8fc7d2e5c6d9fcb370d825f3b6fb/element/f.EB7466E535C2126E60AFBA1E962AA512.d.EF0CA3C1B82424305A4FD8E5223BFD61.e.5218/click - {}
RESULT: {}
COMMAND: GET /session/e9da8fc7d2e5c6d9fcb370d825f3b6fb/screenshot - {}
RESULT: {}
COMMAND: POST /session/e9da8fc7d2e5c6d9fcb370d825f3b6fb/element - {"using":"xpath","value":"//bdi[contains(text(), \"OK\")]"}
RESULT: {"using":"xpath","value":"//bdi[contains(text(), \"OK\")]"}
COMMAND: POST /session/e9da8fc7d2e5c6d9fcb370d825f3b6fb/element/f.EB7466E535C2126E60AFBA1E962AA512.d.EF0CA3C1B82424305A4FD8E5223BFD61.e.5219/click - {}
RESULT: {}
COMMAND: GET /session/e9da8fc7d2e5c6d9fcb370d825f3b6fb/screenshot - {}
RESULT: {}
COMMAND: POST /session/e9da8fc7d2e5c6d9fcb370d825f3b6fb/element - {"using":"xpath","value":"//button[@data-kt=\"saveButton\"]"}
RESULT: {"using":"xpath","value":"//button[@data-kt=\"saveButton\"]"}
COMMAND: POST /session/e9da8fc7d2e5c6d9fcb370d825f3b6fb/element/f.EB7466E535C2126E60AFBA1E962AA512.d.EF0CA3C1B82424305A4FD8E5223BFD61.e.5029/click - {}
RESULT: {}
COMMAND: GET /session/e9da8fc7d2e5c6d9fcb370d825f3b6fb/screenshot - {}
RESULT: {}
COMMAND: POST /session/e9da8fc7d2e5c6d9fcb370d825f3b6fb/element - {"using":"xpath","value":"//header[contains(@id, 'ObjectPageLayout-headerTitle')]/div[1]/div[2]/div[2]/span[1]"}
RESULT: {"using":"xpath","value":"//header[contains(@id, 'ObjectPageLayout-headerTitle')]/div[1]/div[2]/div[2]/span[1]"}
COMMAND: POST /session/e9da8fc7d2e5c6d9fcb370d825f3b6fb/elements - {"using":"xpath","value":"//header[contains(@id, 'ObjectPageLayout-headerTitle')]/div[1]/div[2]/div[2]/span[1]"}
RESULT: {"using":"xpath","value":"//header[contains(@id, 'ObjectPageLayout-headerTitle')]/div[1]/div[2]/div[2]/span[1]"}
COMMAND: POST /session/e9da8fc7d2e5c6d9fcb370d825f3b6fb/execute/sync - {"script":"<script> [56 bytes]","args":[{"element-6066-11e4-a52e-4f735466cecf":"f.EB7466E535C2126E60AFBA1E962AA512.d.EF0CA3C1B82424305A4FD8E5223BFD61.e.5381","ELEMENT":"f.EB7466E535C2126E60AFBA1E962AA512.d.EF0CA3C1B82424305A4FD8E5223BFD61.e.5381"}]}
RESULT: {"script":"<script> [56 bytes]","args":[{"element-6066-11e4-a52e-4f735466cecf":"f.EB7466E535C2126E60AFBA1E962AA512.d.EF0CA3C1B82424305A4FD8E5223BFD61.e.5381","ELEMENT":"f.EB7466E535C2126E60AFBA1E962AA512.d.EF0CA3C1B82424305A4FD8E5223BFD61.e.5381"}]}
COMMAND: POST /session/e9da8fc7d2e5c6d9fcb370d825f3b6fb/element - {"using":"css selector","value":"#shell-header-logo"}
COMMAND: GET /session/e9da8fc7d2e5c6d9fcb370d825f3b6fb/screenshot - {}
RESULT: {"using":"css selector","value":"#shell-header-logo"}
COMMAND: POST /session/e9da8fc7d2e5c6d9fcb370d825f3b6fb/element/f.EB7466E535C2126E60AFBA1E962AA512.d.EF0CA3C1B82424305A4FD8E5223BFD61.e.4570/click - {}
RESULT: {}
RESULT: {}
COMMAND: GET /session/e9da8fc7d2e5c6d9fcb370d825f3b6fb/screenshot - {}
RESULT: {}
COMMAND: POST /session/e9da8fc7d2e5c6d9fcb370d825f3b6fb/execute/sync - {"script":"<script> [299 bytes]","args":[["getModel","getResource"]]}
RESULT: {"script":"<script> [299 bytes]","args":[["getModel","getResource"]]}
RESULT: undefined
COMMAND: POST /session/e9da8fc7d2e5c6d9fcb370d825f3b6fb/element - {"using":"xpath","value":"//*[@id=\"__tile31\"]"}
COMMAND: GET /session/e9da8fc7d2e5c6d9fcb370d825f3b6fb/screenshot - {}
RESULT: {"using":"xpath","value":"//*[@id=\"__tile31\"]"}
COMMAND: POST /session/e9da8fc7d2e5c6d9fcb370d825f3b6fb/element/f.EB7466E535C2126E60AFBA1E962AA512.d.EF0CA3C1B82424305A4FD8E5223BFD61.e.4487/click - {}
RESULT: {}
RESULT: {}
COMMAND: GET /session/e9da8fc7d2e5c6d9fcb370d825f3b6fb/screenshot - {}
RESULT: {}
COMMAND: POST /session/e9da8fc7d2e5c6d9fcb370d825f3b6fb/elements - {"using":"xpath","value":"//span[text()='Error']"}
RESULT: {"using":"xpath","value":"//span[text()='Error']"}
COMMAND: POST /session/e9da8fc7d2e5c6d9fcb370d825f3b6fb/element - {"using":"xpath","value":"//button[@data-kt=\"addButton\"]"}
RESULT: {"using":"xpath","value":"//button[@data-kt=\"addButton\"]"}
COMMAND: POST /session/e9da8fc7d2e5c6d9fcb370d825f3b6fb/elements - {"using":"xpath","value":"//button[@data-kt=\"addButton\"]"}
RESULT: {"using":"xpath","value":"//button[@data-kt=\"addButton\"]"}
COMMAND: POST /session/e9da8fc7d2e5c6d9fcb370d825f3b6fb/execute/sync - {"script":"<script> [8489 bytes]","args":[{"element-6066-11e4-a52e-4f735466cecf":"f.EB7466E535C2126E60AFBA1E962AA512.d.EF0CA3C1B82424305A4FD8E5223BFD61.e.5428","ELEMENT":"f.EB7466E535C2126E60AFBA1E962AA512.d.EF0CA3C1B82424305A4FD8E5223BFD61.e.5428"}]}
RESULT: {"script":"<script> [8489 bytes]","args":[{"element-6066-11e4-a52e-4f735466cecf":"f.EB7466E535C2126E60AFBA1E962AA512.d.EF0CA3C1B82424305A4FD8E5223BFD61.e.5428","ELEMENT":"f.EB7466E535C2126E60AFBA1E962AA512.d.EF0CA3C1B82424305A4FD8E5223BFD61.e.5428"}]}
COMMAND: GET /session/e9da8fc7d2e5c6d9fcb370d825f3b6fb/element/f.EB7466E535C2126E60AFBA1E962AA512.d.EF0CA3C1B82424305A4FD8E5223BFD61.e.5428/enabled - {}
COMMAND: GET /session/e9da8fc7d2e5c6d9fcb370d825f3b6fb/screenshot - {}
RESULT: {}
COMMAND: POST /session/e9da8fc7d2e5c6d9fcb370d825f3b6fb/execute/sync - {"script":"<script> [8489 bytes]","args":[{"element-6066-11e4-a52e-4f735466cecf":"f.EB7466E535C2126E60AFBA1E962AA512.d.EF0CA3C1B82424305A4FD8E5223BFD61.e.5428","ELEMENT":"f.EB7466E535C2126E60AFBA1E962AA512.d.EF0CA3C1B82424305A4FD8E5223BFD61.e.5428"}]}
COMMAND: GET /session/e9da8fc7d2e5c6d9fcb370d825f3b6fb/screenshot - {}
RESULT: {}
RESULT: {"script":"<script> [8489 bytes]","args":[{"element-6066-11e4-a52e-4f735466cecf":"f.EB7466E535C2126E60AFBA1E962AA512.d.EF0CA3C1B82424305A4FD8E5223BFD61.e.5428","ELEMENT":"f.EB7466E535C2126E60AFBA1E962AA512.d.EF0CA3C1B82424305A4FD8E5223BFD61.e.5428"}]}
COMMAND: POST /session/e9da8fc7d2e5c6d9fcb370d825f3b6fb/execute/sync - {"script":"<script> [5351 bytes]","args":[{"element-6066-11e4-a52e-4f735466cecf":"f.EB7466E535C2126E60AFBA1E962AA512.d.EF0CA3C1B82424305A4FD8E5223BFD61.e.5428","ELEMENT":"f.EB7466E535C2126E60AFBA1E962AA512.d.EF0CA3C1B82424305A4FD8E5223BFD61.e.5428"}]}
COMMAND: GET /session/e9da8fc7d2e5c6d9fcb370d825f3b6fb/screenshot - {}
RESULT: {}
RESULT: {"script":"<script> [5351 bytes]","args":[{"element-6066-11e4-a52e-4f735466cecf":"f.EB7466E535C2126E60AFBA1E962AA512.d.EF0CA3C1B82424305A4FD8E5223BFD61.e.5428","ELEMENT":"f.EB7466E535C2126E60AFBA1E962AA512.d.EF0CA3C1B82424305A4FD8E5223BFD61.e.5428"}]}
COMMAND: GET /session/e9da8fc7d2e5c6d9fcb370d825f3b6fb/screenshot - {}
RESULT: {}
RESULT: {}
COMMAND: POST /session/e9da8fc7d2e5c6d9fcb370d825f3b6fb/execute/async - {"script":"<script> [1562 bytes]","args":[{"selector":{"id":"application-managepartners-display-component---masterPtm--smartFilterBar-btnBasicSearch","interaction":{"idSuffix":"I"}},"wdio_ui5_key":"applicationmanagepartners-display-component---masterPtm--smartFilterBar-btnBasicSearch"}]}
RESULT: {"script":"<script> [1562 bytes]","args":[{"selector":{"id":"application-managepartners-display-component---masterPtm--smartFilterBar-btnBasicSearch","interaction":{"idSuffix":"I"}},"wdio_ui5_key":"applicationmanagepartners-display-component---masterPtm--smartFilterBar-btnBasicSearch"}]}
RESULT: undefined
COMMAND: POST /session/e9da8fc7d2e5c6d9fcb370d825f3b6fb/execute/async - {"script":"<script> [776 bytes]","args":[{"enterText":"1101","selector":{"id":"application-managepartners-display-component---masterPtm--smartFilterBar-btnBasicSearch","interaction":{"idSuffix":"I"}},"clearTextFirst":true,"interactionType":"ENTER_TEXT"}]}
RESULT: {"script":"<script> [776 bytes]","args":[{"enterText":"1101","selector":{"id":"application-managepartners-display-component---masterPtm--smartFilterBar-btnBasicSearch","interaction":{"idSuffix":"I"}},"clearTextFirst":true,"interactionType":"ENTER_TEXT"}]}
COMMAND: POST /session/e9da8fc7d2e5c6d9fcb370d825f3b6fb/actions - {"actions":[{"id":"action16","type":"key","parameters":{},"actions":[{"type":"keyDown","value":""},{"type":"pause","duration":10},{"type":"keyUp","value":""}]}]}
RESULT: {"actions":[{"id":"action16","type":"key","parameters":{},"actions":[{"type":"keyDown","value":""},{"type":"pause","duration":10},{"type":"keyUp","value":""}]}]}
COMMAND: GET /session/e9da8fc7d2e5c6d9fcb370d825f3b6fb/screenshot - {}
RESULT: {}
COMMAND: POST /session/e9da8fc7d2e5c6d9fcb370d825f3b6fb/elements - {"using":"xpath","value":"//table[contains(@id, \"customPartnersTable-listUl\")]/tbody/tr"}
RESULT: {"using":"xpath","value":"//table[contains(@id, \"customPartnersTable-listUl\")]/tbody/tr"}
COMMAND: POST /session/e9da8fc7d2e5c6d9fcb370d825f3b6fb/element - {"using":"xpath","value":"//table[contains(@id, \"customPartnersTable-listUl\")]/tbody/tr[1]/td[3]/span"}
RESULT: {"using":"xpath","value":"//table[contains(@id, \"customPartnersTable-listUl\")]/tbody/tr[1]/td[3]/span"}
COMMAND: POST /session/e9da8fc7d2e5c6d9fcb370d825f3b6fb/elements - {"using":"xpath","value":"//table[contains(@id, \"customPartnersTable-listUl\")]/tbody/tr[1]/td[3]/span"}
RESULT: {"using":"xpath","value":"//table[contains(@id, \"customPartnersTable-listUl\")]/tbody/tr[1]/td[3]/span"}
COMMAND: POST /session/e9da8fc7d2e5c6d9fcb370d825f3b6fb/execute/sync - {"script":"<script> [56 bytes]","args":[{"element-6066-11e4-a52e-4f735466cecf":"f.EB7466E535C2126E60AFBA1E962AA512.d.EF0CA3C1B82424305A4FD8E5223BFD61.e.5567","ELEMENT":"f.EB7466E535C2126E60AFBA1E962AA512.d.EF0CA3C1B82424305A4FD8E5223BFD61.e.5567"}]}
RESULT: {"script":"<script> [56 bytes]","args":[{"element-6066-11e4-a52e-4f735466cecf":"f.EB7466E535C2126E60AFBA1E962AA512.d.EF0CA3C1B82424305A4FD8E5223BFD61.e.5567","ELEMENT":"f.EB7466E535C2126E60AFBA1E962AA512.d.EF0CA3C1B82424305A4FD8E5223BFD61.e.5567"}]}
COMMAND: POST /session/e9da8fc7d2e5c6d9fcb370d825f3b6fb/element - {"using":"xpath","value":"(//span[contains(@id, \"imgNav\")])[1]"}
COMMAND: GET /session/e9da8fc7d2e5c6d9fcb370d825f3b6fb/screenshot - {}
RESULT: {"using":"xpath","value":"(//span[contains(@id, \"imgNav\")])[1]"}
COMMAND: POST /session/e9da8fc7d2e5c6d9fcb370d825f3b6fb/element/f.EB7466E535C2126E60AFBA1E962AA512.d.EF0CA3C1B82424305A4FD8E5223BFD61.e.5565/click - {}
RESULT: {}
RESULT: {}
COMMAND: GET /session/e9da8fc7d2e5c6d9fcb370d825f3b6fb/screenshot - {}
RESULT: {}
COMMAND: POST /session/e9da8fc7d2e5c6d9fcb370d825f3b6fb/element - {"using":"xpath","value":"//bdi[contains(text(), \"Edit\")]"}
RESULT: {"using":"xpath","value":"//bdi[contains(text(), \"Edit\")]"}
COMMAND: POST /session/e9da8fc7d2e5c6d9fcb370d825f3b6fb/element/f.EB7466E535C2126E60AFBA1E962AA512.d.EF0CA3C1B82424305A4FD8E5223BFD61.e.5712/click - {}
RESULT: {}
COMMAND: GET /session/e9da8fc7d2e5c6d9fcb370d825f3b6fb/screenshot - {}
RESULT: {}
COMMAND: POST /session/e9da8fc7d2e5c6d9fcb370d825f3b6fb/execute/async - {"script":"<script> [1562 bytes]","args":[{"selector":{"controlType":"sap.m.Input","viewName":"etm.portal.ui.managepartners.view.EditDetail","labelFor":{"text":"Name"},"interaction":{"idSuffix":"inner"}},"wdio_ui5_key":"etmportal.ui.managepartners.view.EditDetailsap.m.Input{\"text\":\"Name\"}"}]}
RESULT: {"script":"<script> [1562 bytes]","args":[{"selector":{"controlType":"sap.m.Input","viewName":"etm.portal.ui.managepartners.view.EditDetail","labelFor":{"text":"Name"},"interaction":{"idSuffix":"inner"}},"wdio_ui5_key":"etmportal.ui.managepartners.view.EditDetailsap.m.Input{\"text\":\"Name\"}"}]}
RESULT: undefined
COMMAND: POST /session/e9da8fc7d2e5c6d9fcb370d825f3b6fb/execute/async - {"script":"<script> [776 bytes]","args":[{"enterText":"Intracompany EDIT","selector":{"controlType":"sap.m.Input","viewName":"etm.portal.ui.managepartners.view.EditDetail","labelFor":{"text":"Name"},"interaction":{"idSuffix":"inner"}},"clearTextFirst":true,"interactionType":"ENTER_TEXT"}]}
RESULT: {"script":"<script> [776 bytes]","args":[{"enterText":"Intracompany EDIT","selector":{"controlType":"sap.m.Input","viewName":"etm.portal.ui.managepartners.view.EditDetail","labelFor":{"text":"Name"},"interaction":{"idSuffix":"inner"}},"clearTextFirst":true,"interactionType":"ENTER_TEXT"}]}
COMMAND: POST /session/e9da8fc7d2e5c6d9fcb370d825f3b6fb/element - {"using":"xpath","value":"(//span[contains(@id,\"addressDetailDetailsLanguage-arrow\")])[1]"}
RESULT: {"using":"xpath","value":"(//span[contains(@id,\"addressDetailDetailsLanguage-arrow\")])[1]"}
COMMAND: POST /session/e9da8fc7d2e5c6d9fcb370d825f3b6fb/element/f.EB7466E535C2126E60AFBA1E962AA512.d.EF0CA3C1B82424305A4FD8E5223BFD61.e.5796/click - {}
RESULT: {}
COMMAND: POST /session/e9da8fc7d2e5c6d9fcb370d825f3b6fb/element - {"using":"xpath","value":"//span[contains(text(), \"Chinese\")]"}
COMMAND: GET /session/e9da8fc7d2e5c6d9fcb370d825f3b6fb/screenshot - {}
RESULT: {"using":"xpath","value":"//span[contains(text(), \"Chinese\")]"}
COMMAND: POST /session/e9da8fc7d2e5c6d9fcb370d825f3b6fb/element/f.EB7466E535C2126E60AFBA1E962AA512.d.EF0CA3C1B82424305A4FD8E5223BFD61.e.5797/click - {}
RESULT: {}
RESULT: {}
COMMAND: GET /session/e9da8fc7d2e5c6d9fcb370d825f3b6fb/screenshot - {}
RESULT: {}
COMMAND: POST /session/e9da8fc7d2e5c6d9fcb370d825f3b6fb/execute/async - {"script":"<script> [1562 bytes]","args":[{"selector":{"controlType":"sap.m.Input","viewName":"etm.portal.ui.managepartners.view.EditDetail","labelFor":{"text":"City"},"interaction":{"idSuffix":"inner"}},"wdio_ui5_key":"etmportal.ui.managepartners.view.EditDetailsap.m.Input{\"text\":\"City\"}"}]}
RESULT: {"script":"<script> [1562 bytes]","args":[{"selector":{"controlType":"sap.m.Input","viewName":"etm.portal.ui.managepartners.view.EditDetail","labelFor":{"text":"City"},"interaction":{"idSuffix":"inner"}},"wdio_ui5_key":"etmportal.ui.managepartners.view.EditDetailsap.m.Input{\"text\":\"City\"}"}]}
RESULT: undefined
COMMAND: POST /session/e9da8fc7d2e5c6d9fcb370d825f3b6fb/execute/async - {"script":"<script> [776 bytes]","args":[{"enterText":"Clooj-Napoca","selector":{"controlType":"sap.m.Input","viewName":"etm.portal.ui.managepartners.view.EditDetail","labelFor":{"text":"City"},"interaction":{"idSuffix":"inner"}},"clearTextFirst":true,"interactionType":"ENTER_TEXT"}]}
RESULT: {"script":"<script> [776 bytes]","args":[{"enterText":"Clooj-Napoca","selector":{"controlType":"sap.m.Input","viewName":"etm.portal.ui.managepartners.view.EditDetail","labelFor":{"text":"City"},"interaction":{"idSuffix":"inner"}},"clearTextFirst":true,"interactionType":"ENTER_TEXT"}]}
COMMAND: POST /session/e9da8fc7d2e5c6d9fcb370d825f3b6fb/element - {"using":"xpath","value":"//button[@data-kt=\"saveButton\"]"}
RESULT: {"using":"xpath","value":"//button[@data-kt=\"saveButton\"]"}
COMMAND: POST /session/e9da8fc7d2e5c6d9fcb370d825f3b6fb/element/f.EB7466E535C2126E60AFBA1E962AA512.d.EF0CA3C1B82424305A4FD8E5223BFD61.e.5774/click - {}
RESULT: {}
COMMAND: GET /session/e9da8fc7d2e5c6d9fcb370d825f3b6fb/screenshot - {}
RESULT: {}
COMMAND: POST /session/e9da8fc7d2e5c6d9fcb370d825f3b6fb/execute/async - {"script":"<script> [1562 bytes]","args":[{"selector":{"id":"application-managepartners-display-component---detailPtm--addressDetailDetailsName1"},"wdio_ui5_key":"applicationmanagepartners-display-component---detailPtm--addressDetailDetailsName1"}]}
RESULT: {"script":"<script> [1562 bytes]","args":[{"selector":{"id":"application-managepartners-display-component---detailPtm--addressDetailDetailsName1"},"wdio_ui5_key":"applicationmanagepartners-display-component---detailPtm--addressDetailDetailsName1"}]}
RESULT: undefined
COMMAND: POST /session/e9da8fc7d2e5c6d9fcb370d825f3b6fb/execute/async - {"script":"<script> [6424 bytes]","args":[{"element-6066-11e4-a52e-4f735466cecf":"f.EB7466E535C2126E60AFBA1E962AA512.d.EF0CA3C1B82424305A4FD8E5223BFD61.e.5828"},"getValue",[]]}
RESULT: {"script":"<script> [6424 bytes]","args":[{"element-6066-11e4-a52e-4f735466cecf":"f.EB7466E535C2126E60AFBA1E962AA512.d.EF0CA3C1B82424305A4FD8E5223BFD61.e.5828"},"getValue",[]]}
COMMAND: POST /session/e9da8fc7d2e5c6d9fcb370d825f3b6fb/element - {"using":"xpath","value":"//input[@id = \"application-managepartners-display-component---detailPtm--addressDetailDetailsLanguage-inner\"]"}
RESULT: {"using":"xpath","value":"//input[@id = \"application-managepartners-display-component---detailPtm--addressDetailDetailsLanguage-inner\"]"}
COMMAND: GET /session/e9da8fc7d2e5c6d9fcb370d825f3b6fb/element/f.EB7466E535C2126E60AFBA1E962AA512.d.EF0CA3C1B82424305A4FD8E5223BFD61.e.5829/property/value - {}
RESULT: {}
COMMAND: POST /session/e9da8fc7d2e5c6d9fcb370d825f3b6fb/execute/async - {"script":"<script> [1562 bytes]","args":[{"selector":{"id":"application-managepartners-display-component---detailPtm--addressDetailDetailsCity1"},"wdio_ui5_key":"applicationmanagepartners-display-component---detailPtm--addressDetailDetailsCity1"}]}
COMMAND: GET /session/e9da8fc7d2e5c6d9fcb370d825f3b6fb/screenshot - {}
RESULT: {"script":"<script> [1562 bytes]","args":[{"selector":{"id":"application-managepartners-display-component---detailPtm--addressDetailDetailsCity1"},"wdio_ui5_key":"applicationmanagepartners-display-component---detailPtm--addressDetailDetailsCity1"}]}
RESULT: undefined
COMMAND: POST /session/e9da8fc7d2e5c6d9fcb370d825f3b6fb/execute/async - {"script":"<script> [6424 bytes]","args":[{"element-6066-11e4-a52e-4f735466cecf":"f.EB7466E535C2126E60AFBA1E962AA512.d.EF0CA3C1B82424305A4FD8E5223BFD61.e.5830"},"getValue",[]]}
RESULT: {}
RESULT: {"script":"<script> [6424 bytes]","args":[{"element-6066-11e4-a52e-4f735466cecf":"f.EB7466E535C2126E60AFBA1E962AA512.d.EF0CA3C1B82424305A4FD8E5223BFD61.e.5830"},"getValue",[]]}
COMMAND: POST /session/e9da8fc7d2e5c6d9fcb370d825f3b6fb/element - {"using":"css selector","value":"#shell-header-logo"}
RESULT: {"using":"css selector","value":"#shell-header-logo"}
COMMAND: POST /session/e9da8fc7d2e5c6d9fcb370d825f3b6fb/element/f.EB7466E535C2126E60AFBA1E962AA512.d.EF0CA3C1B82424305A4FD8E5223BFD61.e.5384/click - {}
RESULT: {}
COMMAND: GET /session/e9da8fc7d2e5c6d9fcb370d825f3b6fb/screenshot - {}
RESULT: {}
]]></system-out>
    </testcase>
    <testcase classname="chrome.137_0_7151_69.windows.Partner_specific_tests_US150819_US151080_US151654_US151176_US103444_US151078_US151079_US151109_US151174_US151175_US151189" name="Should do filtering and navigation tests US151109" time="172.495">
      <system-out><![CDATA[
COMMAND: POST /session/e9da8fc7d2e5c6d9fcb370d825f3b6fb/element - {"using":"xpath","value":"//li[.//span[text()=\"Manage Partners\"]]"}
RESULT: {"using":"xpath","value":"//li[.//span[text()=\"Manage Partners\"]]"}
COMMAND: POST /session/e9da8fc7d2e5c6d9fcb370d825f3b6fb/element - {"using":"xpath","value":"//li[.//span[text()=\"Manage Partners\"]]"}
RESULT: {"using":"xpath","value":"//li[.//span[text()=\"Manage Partners\"]]"}
COMMAND: POST /session/e9da8fc7d2e5c6d9fcb370d825f3b6fb/element - {"using":"css selector","value":"#shell-header-logo"}
RESULT: {"using":"css selector","value":"#shell-header-logo"}
COMMAND: POST /session/e9da8fc7d2e5c6d9fcb370d825f3b6fb/element/f.EB7466E535C2126E60AFBA1E962AA512.d.EF0CA3C1B82424305A4FD8E5223BFD61.e.5860/click - {}
COMMAND: POST /session/e9da8fc7d2e5c6d9fcb370d825f3b6fb/execute/sync - {"script":"<script> [8489 bytes]","args":[{"element-6066-11e4-a52e-4f735466cecf":"f.EB7466E535C2126E60AFBA1E962AA512.d.EF0CA3C1B82424305A4FD8E5223BFD61.e.5860","ELEMENT":"f.EB7466E535C2126E60AFBA1E962AA512.d.EF0CA3C1B82424305A4FD8E5223BFD61.e.5860"}]}
RESULT: {}
COMMAND: GET /session/e9da8fc7d2e5c6d9fcb370d825f3b6fb/screenshot - {}
RESULT: {"script":"<script> [8489 bytes]","args":[{"element-6066-11e4-a52e-4f735466cecf":"f.EB7466E535C2126E60AFBA1E962AA512.d.EF0CA3C1B82424305A4FD8E5223BFD61.e.5860","ELEMENT":"f.EB7466E535C2126E60AFBA1E962AA512.d.EF0CA3C1B82424305A4FD8E5223BFD61.e.5860"}]}
COMMAND: POST /session/e9da8fc7d2e5c6d9fcb370d825f3b6fb/execute/sync - {"script":"<script> [5351 bytes]","args":[{"element-6066-11e4-a52e-4f735466cecf":"f.EB7466E535C2126E60AFBA1E962AA512.d.EF0CA3C1B82424305A4FD8E5223BFD61.e.5860","ELEMENT":"f.EB7466E535C2126E60AFBA1E962AA512.d.EF0CA3C1B82424305A4FD8E5223BFD61.e.5860"}]}
COMMAND: GET /session/e9da8fc7d2e5c6d9fcb370d825f3b6fb/screenshot - {}
RESULT: {}
RESULT: {"script":"<script> [5351 bytes]","args":[{"element-6066-11e4-a52e-4f735466cecf":"f.EB7466E535C2126E60AFBA1E962AA512.d.EF0CA3C1B82424305A4FD8E5223BFD61.e.5860","ELEMENT":"f.EB7466E535C2126E60AFBA1E962AA512.d.EF0CA3C1B82424305A4FD8E5223BFD61.e.5860"}]}
COMMAND: GET /session/e9da8fc7d2e5c6d9fcb370d825f3b6fb/screenshot - {}
RESULT: {}
RESULT: {}
RESULT: undefined
COMMAND: POST /session/e9da8fc7d2e5c6d9fcb370d825f3b6fb/element - {"using":"xpath","value":"//*[@id=\"__tile31\"]"}
RESULT: {"using":"xpath","value":"//*[@id=\"__tile31\"]"}
COMMAND: POST /session/e9da8fc7d2e5c6d9fcb370d825f3b6fb/element/f.EB7466E535C2126E60AFBA1E962AA512.d.EF0CA3C1B82424305A4FD8E5223BFD61.e.4487/click - {}
RESULT: {}
COMMAND: GET /session/e9da8fc7d2e5c6d9fcb370d825f3b6fb/screenshot - {}
RESULT: {}
COMMAND: POST /session/e9da8fc7d2e5c6d9fcb370d825f3b6fb/elements - {"using":"xpath","value":"//span[text()='Error']"}
RESULT: {"using":"xpath","value":"//span[text()='Error']"}
COMMAND: POST /session/e9da8fc7d2e5c6d9fcb370d825f3b6fb/element - {"using":"xpath","value":"//button[@data-kt=\"addButton\"]"}
RESULT: {"using":"xpath","value":"//button[@data-kt=\"addButton\"]"}
COMMAND: POST /session/e9da8fc7d2e5c6d9fcb370d825f3b6fb/elements - {"using":"xpath","value":"//button[@data-kt=\"addButton\"]"}
RESULT: {"using":"xpath","value":"//button[@data-kt=\"addButton\"]"}
COMMAND: POST /session/e9da8fc7d2e5c6d9fcb370d825f3b6fb/execute/sync - {"script":"<script> [8489 bytes]","args":[{"element-6066-11e4-a52e-4f735466cecf":"f.EB7466E535C2126E60AFBA1E962AA512.d.EF0CA3C1B82424305A4FD8E5223BFD61.e.5906","ELEMENT":"f.EB7466E535C2126E60AFBA1E962AA512.d.EF0CA3C1B82424305A4FD8E5223BFD61.e.5906"}]}
RESULT: {"script":"<script> [8489 bytes]","args":[{"element-6066-11e4-a52e-4f735466cecf":"f.EB7466E535C2126E60AFBA1E962AA512.d.EF0CA3C1B82424305A4FD8E5223BFD61.e.5906","ELEMENT":"f.EB7466E535C2126E60AFBA1E962AA512.d.EF0CA3C1B82424305A4FD8E5223BFD61.e.5906"}]}
COMMAND: GET /session/e9da8fc7d2e5c6d9fcb370d825f3b6fb/element/f.EB7466E535C2126E60AFBA1E962AA512.d.EF0CA3C1B82424305A4FD8E5223BFD61.e.5906/enabled - {}
COMMAND: GET /session/e9da8fc7d2e5c6d9fcb370d825f3b6fb/screenshot - {}
RESULT: {}
COMMAND: POST /session/e9da8fc7d2e5c6d9fcb370d825f3b6fb/execute/sync - {"script":"<script> [8489 bytes]","args":[{"element-6066-11e4-a52e-4f735466cecf":"f.EB7466E535C2126E60AFBA1E962AA512.d.EF0CA3C1B82424305A4FD8E5223BFD61.e.5906","ELEMENT":"f.EB7466E535C2126E60AFBA1E962AA512.d.EF0CA3C1B82424305A4FD8E5223BFD61.e.5906"}]}
COMMAND: GET /session/e9da8fc7d2e5c6d9fcb370d825f3b6fb/screenshot - {}
RESULT: {}
RESULT: {"script":"<script> [8489 bytes]","args":[{"element-6066-11e4-a52e-4f735466cecf":"f.EB7466E535C2126E60AFBA1E962AA512.d.EF0CA3C1B82424305A4FD8E5223BFD61.e.5906","ELEMENT":"f.EB7466E535C2126E60AFBA1E962AA512.d.EF0CA3C1B82424305A4FD8E5223BFD61.e.5906"}]}
COMMAND: POST /session/e9da8fc7d2e5c6d9fcb370d825f3b6fb/execute/sync - {"script":"<script> [5351 bytes]","args":[{"element-6066-11e4-a52e-4f735466cecf":"f.EB7466E535C2126E60AFBA1E962AA512.d.EF0CA3C1B82424305A4FD8E5223BFD61.e.5906","ELEMENT":"f.EB7466E535C2126E60AFBA1E962AA512.d.EF0CA3C1B82424305A4FD8E5223BFD61.e.5906"}]}
COMMAND: GET /session/e9da8fc7d2e5c6d9fcb370d825f3b6fb/screenshot - {}
RESULT: {}
RESULT: {"script":"<script> [5351 bytes]","args":[{"element-6066-11e4-a52e-4f735466cecf":"f.EB7466E535C2126E60AFBA1E962AA512.d.EF0CA3C1B82424305A4FD8E5223BFD61.e.5906","ELEMENT":"f.EB7466E535C2126E60AFBA1E962AA512.d.EF0CA3C1B82424305A4FD8E5223BFD61.e.5906"}]}
COMMAND: GET /session/e9da8fc7d2e5c6d9fcb370d825f3b6fb/screenshot - {}
RESULT: {}
RESULT: {}
COMMAND: POST /session/e9da8fc7d2e5c6d9fcb370d825f3b6fb/element - {"using":"xpath","value":"//span[@id=\"application-managepartners-display-component---masterPtm--smartTable-header-inner\"]"}
RESULT: {"using":"xpath","value":"//span[@id=\"application-managepartners-display-component---masterPtm--smartTable-header-inner\"]"}
COMMAND: POST /session/e9da8fc7d2e5c6d9fcb370d825f3b6fb/elements - {"using":"xpath","value":"//span[@id=\"application-managepartners-display-component---masterPtm--smartTable-header-inner\"]"}
RESULT: {"using":"xpath","value":"//span[@id=\"application-managepartners-display-component---masterPtm--smartTable-header-inner\"]"}
COMMAND: POST /session/e9da8fc7d2e5c6d9fcb370d825f3b6fb/execute/sync - {"script":"<script> [56 bytes]","args":[{"element-6066-11e4-a52e-4f735466cecf":"f.EB7466E535C2126E60AFBA1E962AA512.d.EF0CA3C1B82424305A4FD8E5223BFD61.e.6030","ELEMENT":"f.EB7466E535C2126E60AFBA1E962AA512.d.EF0CA3C1B82424305A4FD8E5223BFD61.e.6030"}]}
RESULT: {"script":"<script> [56 bytes]","args":[{"element-6066-11e4-a52e-4f735466cecf":"f.EB7466E535C2126E60AFBA1E962AA512.d.EF0CA3C1B82424305A4FD8E5223BFD61.e.6030","ELEMENT":"f.EB7466E535C2126E60AFBA1E962AA512.d.EF0CA3C1B82424305A4FD8E5223BFD61.e.6030"}]}
RESULT: undefined
COMMAND: POST /session/e9da8fc7d2e5c6d9fcb370d825f3b6fb/execute/async - {"script":"<script> [776 bytes]","args":[{"enterText":"External Partner WDIO","selector":{"id":"application-managepartners-display-component---masterPtm--smartFilterBar-btnBasicSearch","interaction":{"idSuffix":"I"}},"clearTextFirst":true,"interactionType":"ENTER_TEXT"}]}
COMMAND: GET /session/e9da8fc7d2e5c6d9fcb370d825f3b6fb/screenshot - {}
RESULT: {"script":"<script> [776 bytes]","args":[{"enterText":"External Partner WDIO","selector":{"id":"application-managepartners-display-component---masterPtm--smartFilterBar-btnBasicSearch","interaction":{"idSuffix":"I"}},"clearTextFirst":true,"interactionType":"ENTER_TEXT"}]}
RESULT: {}
COMMAND: POST /session/e9da8fc7d2e5c6d9fcb370d825f3b6fb/actions - {"actions":[{"id":"action17","type":"key","parameters":{},"actions":[{"type":"keyDown","value":""},{"type":"pause","duration":10},{"type":"keyUp","value":""}]}]}
RESULT: {"actions":[{"id":"action17","type":"key","parameters":{},"actions":[{"type":"keyDown","value":""},{"type":"pause","duration":10},{"type":"keyUp","value":""}]}]}
COMMAND: GET /session/e9da8fc7d2e5c6d9fcb370d825f3b6fb/screenshot - {}
RESULT: {}
COMMAND: POST /session/e9da8fc7d2e5c6d9fcb370d825f3b6fb/element - {"using":"xpath","value":"//span[@id=\"application-managepartners-display-component---masterPtm--smartTable-header-inner\"]"}
RESULT: {"using":"xpath","value":"//span[@id=\"application-managepartners-display-component---masterPtm--smartTable-header-inner\"]"}
COMMAND: POST /session/e9da8fc7d2e5c6d9fcb370d825f3b6fb/elements - {"using":"xpath","value":"//span[@id=\"application-managepartners-display-component---masterPtm--smartTable-header-inner\"]"}
RESULT: {"using":"xpath","value":"//span[@id=\"application-managepartners-display-component---masterPtm--smartTable-header-inner\"]"}
COMMAND: POST /session/e9da8fc7d2e5c6d9fcb370d825f3b6fb/execute/sync - {"script":"<script> [56 bytes]","args":[{"element-6066-11e4-a52e-4f735466cecf":"f.EB7466E535C2126E60AFBA1E962AA512.d.EF0CA3C1B82424305A4FD8E5223BFD61.e.6030","ELEMENT":"f.EB7466E535C2126E60AFBA1E962AA512.d.EF0CA3C1B82424305A4FD8E5223BFD61.e.6030"}]}
RESULT: {"script":"<script> [56 bytes]","args":[{"element-6066-11e4-a52e-4f735466cecf":"f.EB7466E535C2126E60AFBA1E962AA512.d.EF0CA3C1B82424305A4FD8E5223BFD61.e.6030","ELEMENT":"f.EB7466E535C2126E60AFBA1E962AA512.d.EF0CA3C1B82424305A4FD8E5223BFD61.e.6030"}]}
COMMAND: POST /session/e9da8fc7d2e5c6d9fcb370d825f3b6fb/element - {"using":"xpath","value":"//div[contains(@id, \"managepartners-display-component---masterPtm--smartFilterBar-btnBasicSearch-reset\")]"}
COMMAND: GET /session/e9da8fc7d2e5c6d9fcb370d825f3b6fb/screenshot - {}
RESULT: {"using":"xpath","value":"//div[contains(@id, \"managepartners-display-component---masterPtm--smartFilterBar-btnBasicSearch-reset\")]"}
COMMAND: POST /session/e9da8fc7d2e5c6d9fcb370d825f3b6fb/element/f.EB7466E535C2126E60AFBA1E962AA512.d.EF0CA3C1B82424305A4FD8E5223BFD61.e.6197/click - {}
RESULT: {}
RESULT: {}
COMMAND: GET /session/e9da8fc7d2e5c6d9fcb370d825f3b6fb/screenshot - {}
RESULT: {}
COMMAND: POST /session/e9da8fc7d2e5c6d9fcb370d825f3b6fb/execute/async - {"script":"<script> [1562 bytes]","args":[{"selector":{"id":"application-managepartners-display-component---masterPtm--smartFilterBar-filterItemControl_BASIC-MAIN_ADDRESS-vhi"},"wdio_ui5_key":"applicationmanagepartners-display-component---masterPtm--smartFilterBar-filterItemControl_BASIC-MAIN_ADDRESS-vhi"}]}
RESULT: {"script":"<script> [1562 bytes]","args":[{"selector":{"id":"application-managepartners-display-component---masterPtm--smartFilterBar-filterItemControl_BASIC-MAIN_ADDRESS-vhi"},"wdio_ui5_key":"applicationmanagepartners-display-component---masterPtm--smartFilterBar-filterItemControl_BASIC-MAIN_ADDRESS-vhi"}]}
RESULT: undefined
COMMAND: POST /session/e9da8fc7d2e5c6d9fcb370d825f3b6fb/element - {"using":"xpath","value":"//*[@id=\"application-managepartners-display-component---masterPtm--smartFilterBar-filterItemControl_BASIC-MAIN_ADDRESS-vhi\"]"}
RESULT: {"using":"xpath","value":"//*[@id=\"application-managepartners-display-component---masterPtm--smartFilterBar-filterItemControl_BASIC-MAIN_ADDRESS-vhi\"]"}
COMMAND: POST /session/e9da8fc7d2e5c6d9fcb370d825f3b6fb/element/f.EB7466E535C2126E60AFBA1E962AA512.d.EF0CA3C1B82424305A4FD8E5223BFD61.e.6283/click - {}
RESULT: {}
COMMAND: GET /session/e9da8fc7d2e5c6d9fcb370d825f3b6fb/screenshot - {}
RESULT: {}
COMMAND: POST /session/e9da8fc7d2e5c6d9fcb370d825f3b6fb/execute/async - {"script":"<script> [1562 bytes]","args":[{"selector":{"id":"application-managepartners-display-component---masterPtm--smartFilterBar-filterItemControl_BASIC-MAIN_ADDRESS-valueHelpDialog-smartFilterBar-btnBasicSearch","searchOpenDialogs":true,"interaction":{"idSuffix":"I"}},"wdio_ui5_key":"applicationmanagepartners-display-component---masterPtm--smartFilterBar-filterItemControl_BASIC-MAIN_ADDRESS-valueHelpDialog-smartFilterBar-btnBasicSearch"}]}
RESULT: {"script":"<script> [1562 bytes]","args":[{"selector":{"id":"application-managepartners-display-component---masterPtm--smartFilterBar-filterItemControl_BASIC-MAIN_ADDRESS-valueHelpDialog-smartFilterBar-btnBasicSearch","searchOpenDialogs":true,"interaction":{"idSuffix":"I"}},"wdio_ui5_key":"applicationmanagepartners-display-component---masterPtm--smartFilterBar-filterItemControl_BASIC-MAIN_ADDRESS-valueHelpDialog-smartFilterBar-btnBasicSearch"}]}
RESULT: undefined
COMMAND: POST /session/e9da8fc7d2e5c6d9fcb370d825f3b6fb/execute/async - {"script":"<script> [776 bytes]","args":[{"enterText":"Romania","selector":{"id":"application-managepartners-display-component---masterPtm--smartFilterBar-filterItemControl_BASIC-MAIN_ADDRESS-valueHelpDialog-smartFilterBar-btnBasicSearch","searchOpenDialogs":true,"interaction":{"idSuffix":"I"}},"clearTextFirst":true,"interactionType":"ENTER_TEXT"}]}
RESULT: {"script":"<script> [776 bytes]","args":[{"enterText":"Romania","selector":{"id":"application-managepartners-display-component---masterPtm--smartFilterBar-filterItemControl_BASIC-MAIN_ADDRESS-valueHelpDialog-smartFilterBar-btnBasicSearch","searchOpenDialogs":true,"interaction":{"idSuffix":"I"}},"clearTextFirst":true,"interactionType":"ENTER_TEXT"}]}
COMMAND: POST /session/e9da8fc7d2e5c6d9fcb370d825f3b6fb/actions - {"actions":[{"id":"action18","type":"key","parameters":{},"actions":[{"type":"keyDown","value":""},{"type":"pause","duration":10},{"type":"keyUp","value":""}]}]}
RESULT: {"actions":[{"id":"action18","type":"key","parameters":{},"actions":[{"type":"keyDown","value":""},{"type":"pause","duration":10},{"type":"keyUp","value":""}]}]}
COMMAND: POST /session/e9da8fc7d2e5c6d9fcb370d825f3b6fb/elements - {"using":"xpath","value":"//table[contains(@id, \"smartFilterBar-filterItemControl_BASIC-MAIN_ADDRESS-valueHelpDialog-table-table\")]/tbody/tr"}
COMMAND: GET /session/e9da8fc7d2e5c6d9fcb370d825f3b6fb/screenshot - {}
RESULT: {"using":"xpath","value":"//table[contains(@id, \"smartFilterBar-filterItemControl_BASIC-MAIN_ADDRESS-valueHelpDialog-table-table\")]/tbody/tr"}
COMMAND: POST /session/e9da8fc7d2e5c6d9fcb370d825f3b6fb/element - {"using":"xpath","value":"//table[contains(@id, \"smartFilterBar-filterItemControl_BASIC-MAIN_ADDRESS-valueHelpDialog-table-table\")]/tbody/tr[1]/td[1]/div/span"}
RESULT: {}
RESULT: {"using":"xpath","value":"//table[contains(@id, \"smartFilterBar-filterItemControl_BASIC-MAIN_ADDRESS-valueHelpDialog-table-table\")]/tbody/tr[1]/td[1]/div/span"}
COMMAND: POST /session/e9da8fc7d2e5c6d9fcb370d825f3b6fb/elements - {"using":"xpath","value":"//table[contains(@id, \"smartFilterBar-filterItemControl_BASIC-MAIN_ADDRESS-valueHelpDialog-table-table\")]/tbody/tr[1]/td[1]/div/span"}
RESULT: {"using":"xpath","value":"//table[contains(@id, \"smartFilterBar-filterItemControl_BASIC-MAIN_ADDRESS-valueHelpDialog-table-table\")]/tbody/tr[1]/td[1]/div/span"}
COMMAND: POST /session/e9da8fc7d2e5c6d9fcb370d825f3b6fb/execute/sync - {"script":"<script> [56 bytes]","args":[{"element-6066-11e4-a52e-4f735466cecf":"f.EB7466E535C2126E60AFBA1E962AA512.d.EF0CA3C1B82424305A4FD8E5223BFD61.e.6305","ELEMENT":"f.EB7466E535C2126E60AFBA1E962AA512.d.EF0CA3C1B82424305A4FD8E5223BFD61.e.6305"}]}
RESULT: {"script":"<script> [56 bytes]","args":[{"element-6066-11e4-a52e-4f735466cecf":"f.EB7466E535C2126E60AFBA1E962AA512.d.EF0CA3C1B82424305A4FD8E5223BFD61.e.6305","ELEMENT":"f.EB7466E535C2126E60AFBA1E962AA512.d.EF0CA3C1B82424305A4FD8E5223BFD61.e.6305"}]}
COMMAND: POST /session/e9da8fc7d2e5c6d9fcb370d825f3b6fb/element - {"using":"xpath","value":"//div[contains(@id, \"filterItemControl_BASIC-MAIN_ADDRESS-valueHelpDialog-table-rowsel0\")]"}
COMMAND: GET /session/e9da8fc7d2e5c6d9fcb370d825f3b6fb/screenshot - {}
RESULT: {"using":"xpath","value":"//div[contains(@id, \"filterItemControl_BASIC-MAIN_ADDRESS-valueHelpDialog-table-rowsel0\")]"}
COMMAND: POST /session/e9da8fc7d2e5c6d9fcb370d825f3b6fb/element/f.EB7466E535C2126E60AFBA1E962AA512.d.EF0CA3C1B82424305A4FD8E5223BFD61.e.6306/click - {}
RESULT: {}
RESULT: {}
COMMAND: GET /session/e9da8fc7d2e5c6d9fcb370d825f3b6fb/screenshot - {}
RESULT: {}
COMMAND: POST /session/e9da8fc7d2e5c6d9fcb370d825f3b6fb/element - {"using":"xpath","value":"(//bdi[contains(text(), \"OK\")])[1]"}
RESULT: {"using":"xpath","value":"(//bdi[contains(text(), \"OK\")])[1]"}
COMMAND: POST /session/e9da8fc7d2e5c6d9fcb370d825f3b6fb/element/f.EB7466E535C2126E60AFBA1E962AA512.d.EF0CA3C1B82424305A4FD8E5223BFD61.e.6308/click - {}
RESULT: {}
COMMAND: GET /session/e9da8fc7d2e5c6d9fcb370d825f3b6fb/screenshot - {}
RESULT: {}
COMMAND: POST /session/e9da8fc7d2e5c6d9fcb370d825f3b6fb/element - {"using":"xpath","value":"//span[@id=\"application-managepartners-display-component---masterPtm--smartTable-header-inner\"]"}
RESULT: {"using":"xpath","value":"//span[@id=\"application-managepartners-display-component---masterPtm--smartTable-header-inner\"]"}
COMMAND: POST /session/e9da8fc7d2e5c6d9fcb370d825f3b6fb/elements - {"using":"xpath","value":"//span[@id=\"application-managepartners-display-component---masterPtm--smartTable-header-inner\"]"}
RESULT: {"using":"xpath","value":"//span[@id=\"application-managepartners-display-component---masterPtm--smartTable-header-inner\"]"}
COMMAND: POST /session/e9da8fc7d2e5c6d9fcb370d825f3b6fb/execute/sync - {"script":"<script> [56 bytes]","args":[{"element-6066-11e4-a52e-4f735466cecf":"f.EB7466E535C2126E60AFBA1E962AA512.d.EF0CA3C1B82424305A4FD8E5223BFD61.e.6030","ELEMENT":"f.EB7466E535C2126E60AFBA1E962AA512.d.EF0CA3C1B82424305A4FD8E5223BFD61.e.6030"}]}
RESULT: {"script":"<script> [56 bytes]","args":[{"element-6066-11e4-a52e-4f735466cecf":"f.EB7466E535C2126E60AFBA1E962AA512.d.EF0CA3C1B82424305A4FD8E5223BFD61.e.6030","ELEMENT":"f.EB7466E535C2126E60AFBA1E962AA512.d.EF0CA3C1B82424305A4FD8E5223BFD61.e.6030"}]}
COMMAND: POST /session/e9da8fc7d2e5c6d9fcb370d825f3b6fb/element - {"using":"xpath","value":"//span[contains(@title, \"Remove\")]"}
COMMAND: GET /session/e9da8fc7d2e5c6d9fcb370d825f3b6fb/screenshot - {}
RESULT: {"using":"xpath","value":"//span[contains(@title, \"Remove\")]"}
COMMAND: POST /session/e9da8fc7d2e5c6d9fcb370d825f3b6fb/element/f.EB7466E535C2126E60AFBA1E962AA512.d.EF0CA3C1B82424305A4FD8E5223BFD61.e.6321/click - {}
RESULT: {}
RESULT: {}
COMMAND: GET /session/e9da8fc7d2e5c6d9fcb370d825f3b6fb/screenshot - {}
COMMAND: POST /session/e9da8fc7d2e5c6d9fcb370d825f3b6fb/element - {"using":"xpath","value":"//span[@id=\"application-managepartners-display-component---masterPtm--smartTable-header-inner\"]"}
RESULT: {}
RESULT: {"using":"xpath","value":"//span[@id=\"application-managepartners-display-component---masterPtm--smartTable-header-inner\"]"}
COMMAND: POST /session/e9da8fc7d2e5c6d9fcb370d825f3b6fb/elements - {"using":"xpath","value":"//span[@id=\"application-managepartners-display-component---masterPtm--smartTable-header-inner\"]"}
RESULT: {"using":"xpath","value":"//span[@id=\"application-managepartners-display-component---masterPtm--smartTable-header-inner\"]"}
COMMAND: POST /session/e9da8fc7d2e5c6d9fcb370d825f3b6fb/execute/sync - {"script":"<script> [56 bytes]","args":[{"element-6066-11e4-a52e-4f735466cecf":"f.EB7466E535C2126E60AFBA1E962AA512.d.EF0CA3C1B82424305A4FD8E5223BFD61.e.6030","ELEMENT":"f.EB7466E535C2126E60AFBA1E962AA512.d.EF0CA3C1B82424305A4FD8E5223BFD61.e.6030"}]}
RESULT: {"script":"<script> [56 bytes]","args":[{"element-6066-11e4-a52e-4f735466cecf":"f.EB7466E535C2126E60AFBA1E962AA512.d.EF0CA3C1B82424305A4FD8E5223BFD61.e.6030","ELEMENT":"f.EB7466E535C2126E60AFBA1E962AA512.d.EF0CA3C1B82424305A4FD8E5223BFD61.e.6030"}]}
COMMAND: POST /session/e9da8fc7d2e5c6d9fcb370d825f3b6fb/execute/async - {"script":"<script> [1562 bytes]","args":[{"selector":{"id":"application-managepartners-display-component---masterPtm--smartFilterBar-filterItemControl_BASIC-YARD-vhi"},"wdio_ui5_key":"applicationmanagepartners-display-component---masterPtm--smartFilterBar-filterItemControl_BASIC-YARD-vhi"}]}
COMMAND: GET /session/e9da8fc7d2e5c6d9fcb370d825f3b6fb/screenshot - {}
RESULT: {"script":"<script> [1562 bytes]","args":[{"selector":{"id":"application-managepartners-display-component---masterPtm--smartFilterBar-filterItemControl_BASIC-YARD-vhi"},"wdio_ui5_key":"applicationmanagepartners-display-component---masterPtm--smartFilterBar-filterItemControl_BASIC-YARD-vhi"}]}
RESULT: undefined
COMMAND: POST /session/e9da8fc7d2e5c6d9fcb370d825f3b6fb/element - {"using":"xpath","value":"//*[@id=\"application-managepartners-display-component---masterPtm--smartFilterBar-filterItemControl_BASIC-YARD-vhi\"]"}
RESULT: {}
RESULT: {"using":"xpath","value":"//*[@id=\"application-managepartners-display-component---masterPtm--smartFilterBar-filterItemControl_BASIC-YARD-vhi\"]"}
COMMAND: POST /session/e9da8fc7d2e5c6d9fcb370d825f3b6fb/element/f.EB7466E535C2126E60AFBA1E962AA512.d.EF0CA3C1B82424305A4FD8E5223BFD61.e.6426/click - {}
RESULT: {}
COMMAND: GET /session/e9da8fc7d2e5c6d9fcb370d825f3b6fb/screenshot - {}
RESULT: {}
COMMAND: POST /session/e9da8fc7d2e5c6d9fcb370d825f3b6fb/execute/async - {"script":"<script> [1562 bytes]","args":[{"selector":{"id":"application-managepartners-display-component---masterPtm--smartFilterBar-filterItemControl_BASIC-YARD-valueHelpDialog-smartFilterBar-btnBasicSearch","searchOpenDialogs":true,"interaction":{"idSuffix":"I"}},"wdio_ui5_key":"applicationmanagepartners-display-component---masterPtm--smartFilterBar-filterItemControl_BASIC-YARD-valueHelpDialog-smartFilterBar-btnBasicSearch"}]}
RESULT: {"script":"<script> [1562 bytes]","args":[{"selector":{"id":"application-managepartners-display-component---masterPtm--smartFilterBar-filterItemControl_BASIC-YARD-valueHelpDialog-smartFilterBar-btnBasicSearch","searchOpenDialogs":true,"interaction":{"idSuffix":"I"}},"wdio_ui5_key":"applicationmanagepartners-display-component---masterPtm--smartFilterBar-filterItemControl_BASIC-YARD-valueHelpDialog-smartFilterBar-btnBasicSearch"}]}
RESULT: undefined
COMMAND: POST /session/e9da8fc7d2e5c6d9fcb370d825f3b6fb/execute/async - {"script":"<script> [776 bytes]","args":[{"enterText":"Test","selector":{"id":"application-managepartners-display-component---masterPtm--smartFilterBar-filterItemControl_BASIC-YARD-valueHelpDialog-smartFilterBar-btnBasicSearch","searchOpenDialogs":true,"interaction":{"idSuffix":"I"}},"clearTextFirst":true,"interactionType":"ENTER_TEXT"}]}
RESULT: {"script":"<script> [776 bytes]","args":[{"enterText":"Test","selector":{"id":"application-managepartners-display-component---masterPtm--smartFilterBar-filterItemControl_BASIC-YARD-valueHelpDialog-smartFilterBar-btnBasicSearch","searchOpenDialogs":true,"interaction":{"idSuffix":"I"}},"clearTextFirst":true,"interactionType":"ENTER_TEXT"}]}
COMMAND: POST /session/e9da8fc7d2e5c6d9fcb370d825f3b6fb/actions - {"actions":[{"id":"action19","type":"key","parameters":{},"actions":[{"type":"keyDown","value":""},{"type":"pause","duration":10},{"type":"keyUp","value":""}]}]}
RESULT: {"actions":[{"id":"action19","type":"key","parameters":{},"actions":[{"type":"keyDown","value":""},{"type":"pause","duration":10},{"type":"keyUp","value":""}]}]}
COMMAND: POST /session/e9da8fc7d2e5c6d9fcb370d825f3b6fb/elements - {"using":"xpath","value":"//table[contains(@id, \"smartFilterBar-filterItemControl_BASIC-YARD-valueHelpDialog-table-table\")]/tbody/tr"}
COMMAND: GET /session/e9da8fc7d2e5c6d9fcb370d825f3b6fb/screenshot - {}
RESULT: {"using":"xpath","value":"//table[contains(@id, \"smartFilterBar-filterItemControl_BASIC-YARD-valueHelpDialog-table-table\")]/tbody/tr"}
COMMAND: POST /session/e9da8fc7d2e5c6d9fcb370d825f3b6fb/element - {"using":"xpath","value":"//table[contains(@id, \"smartFilterBar-filterItemControl_BASIC-YARD-valueHelpDialog-table-table\")]/tbody/tr[1]/td[1]/div/span"}
RESULT: {}
RESULT: {"using":"xpath","value":"//table[contains(@id, \"smartFilterBar-filterItemControl_BASIC-YARD-valueHelpDialog-table-table\")]/tbody/tr[1]/td[1]/div/span"}
COMMAND: POST /session/e9da8fc7d2e5c6d9fcb370d825f3b6fb/elements - {"using":"xpath","value":"//table[contains(@id, \"smartFilterBar-filterItemControl_BASIC-YARD-valueHelpDialog-table-table\")]/tbody/tr[1]/td[1]/div/span"}
RESULT: {"using":"xpath","value":"//table[contains(@id, \"smartFilterBar-filterItemControl_BASIC-YARD-valueHelpDialog-table-table\")]/tbody/tr[1]/td[1]/div/span"}
COMMAND: POST /session/e9da8fc7d2e5c6d9fcb370d825f3b6fb/execute/sync - {"script":"<script> [56 bytes]","args":[{"element-6066-11e4-a52e-4f735466cecf":"f.EB7466E535C2126E60AFBA1E962AA512.d.EF0CA3C1B82424305A4FD8E5223BFD61.e.6447","ELEMENT":"f.EB7466E535C2126E60AFBA1E962AA512.d.EF0CA3C1B82424305A4FD8E5223BFD61.e.6447"}]}
RESULT: {"script":"<script> [56 bytes]","args":[{"element-6066-11e4-a52e-4f735466cecf":"f.EB7466E535C2126E60AFBA1E962AA512.d.EF0CA3C1B82424305A4FD8E5223BFD61.e.6447","ELEMENT":"f.EB7466E535C2126E60AFBA1E962AA512.d.EF0CA3C1B82424305A4FD8E5223BFD61.e.6447"}]}
COMMAND: POST /session/e9da8fc7d2e5c6d9fcb370d825f3b6fb/element - {"using":"xpath","value":"//table[contains(@id, \"smartFilterBar-filterItemControl_BASIC-YARD-valueHelpDialog-table-table\")]/tbody/tr[2]/td[1]/div/span"}
COMMAND: GET /session/e9da8fc7d2e5c6d9fcb370d825f3b6fb/screenshot - {}
RESULT: {"using":"xpath","value":"//table[contains(@id, \"smartFilterBar-filterItemControl_BASIC-YARD-valueHelpDialog-table-table\")]/tbody/tr[2]/td[1]/div/span"}
COMMAND: POST /session/e9da8fc7d2e5c6d9fcb370d825f3b6fb/elements - {"using":"xpath","value":"//table[contains(@id, \"smartFilterBar-filterItemControl_BASIC-YARD-valueHelpDialog-table-table\")]/tbody/tr[2]/td[1]/div/span"}
RESULT: {}
RESULT: {"using":"xpath","value":"//table[contains(@id, \"smartFilterBar-filterItemControl_BASIC-YARD-valueHelpDialog-table-table\")]/tbody/tr[2]/td[1]/div/span"}
COMMAND: POST /session/e9da8fc7d2e5c6d9fcb370d825f3b6fb/execute/sync - {"script":"<script> [56 bytes]","args":[{"element-6066-11e4-a52e-4f735466cecf":"f.EB7466E535C2126E60AFBA1E962AA512.d.EF0CA3C1B82424305A4FD8E5223BFD61.e.6448","ELEMENT":"f.EB7466E535C2126E60AFBA1E962AA512.d.EF0CA3C1B82424305A4FD8E5223BFD61.e.6448"}]}
RESULT: {"script":"<script> [56 bytes]","args":[{"element-6066-11e4-a52e-4f735466cecf":"f.EB7466E535C2126E60AFBA1E962AA512.d.EF0CA3C1B82424305A4FD8E5223BFD61.e.6448","ELEMENT":"f.EB7466E535C2126E60AFBA1E962AA512.d.EF0CA3C1B82424305A4FD8E5223BFD61.e.6448"}]}
COMMAND: POST /session/e9da8fc7d2e5c6d9fcb370d825f3b6fb/element - {"using":"xpath","value":"//table[contains(@id, \"smartFilterBar-filterItemControl_BASIC-YARD-valueHelpDialog-table-table\")]/tbody/tr[3]/td[1]/div/span"}
COMMAND: GET /session/e9da8fc7d2e5c6d9fcb370d825f3b6fb/screenshot - {}
RESULT: {"using":"xpath","value":"//table[contains(@id, \"smartFilterBar-filterItemControl_BASIC-YARD-valueHelpDialog-table-table\")]/tbody/tr[3]/td[1]/div/span"}
COMMAND: POST /session/e9da8fc7d2e5c6d9fcb370d825f3b6fb/elements - {"using":"xpath","value":"//table[contains(@id, \"smartFilterBar-filterItemControl_BASIC-YARD-valueHelpDialog-table-table\")]/tbody/tr[3]/td[1]/div/span"}
RESULT: {}
RESULT: {"using":"xpath","value":"//table[contains(@id, \"smartFilterBar-filterItemControl_BASIC-YARD-valueHelpDialog-table-table\")]/tbody/tr[3]/td[1]/div/span"}
COMMAND: POST /session/e9da8fc7d2e5c6d9fcb370d825f3b6fb/execute/sync - {"script":"<script> [56 bytes]","args":[{"element-6066-11e4-a52e-4f735466cecf":"f.EB7466E535C2126E60AFBA1E962AA512.d.EF0CA3C1B82424305A4FD8E5223BFD61.e.6449","ELEMENT":"f.EB7466E535C2126E60AFBA1E962AA512.d.EF0CA3C1B82424305A4FD8E5223BFD61.e.6449"}]}
RESULT: {"script":"<script> [56 bytes]","args":[{"element-6066-11e4-a52e-4f735466cecf":"f.EB7466E535C2126E60AFBA1E962AA512.d.EF0CA3C1B82424305A4FD8E5223BFD61.e.6449","ELEMENT":"f.EB7466E535C2126E60AFBA1E962AA512.d.EF0CA3C1B82424305A4FD8E5223BFD61.e.6449"}]}
COMMAND: POST /session/e9da8fc7d2e5c6d9fcb370d825f3b6fb/element - {"using":"xpath","value":"//div[contains(@id, \"filterItemControl_BASIC-YARD-valueHelpDialog-table-rowsel2\")]"}
COMMAND: GET /session/e9da8fc7d2e5c6d9fcb370d825f3b6fb/screenshot - {}
RESULT: {"using":"xpath","value":"//div[contains(@id, \"filterItemControl_BASIC-YARD-valueHelpDialog-table-rowsel2\")]"}
COMMAND: POST /session/e9da8fc7d2e5c6d9fcb370d825f3b6fb/element/f.EB7466E535C2126E60AFBA1E962AA512.d.EF0CA3C1B82424305A4FD8E5223BFD61.e.6450/click - {}
RESULT: {}
RESULT: {}
COMMAND: GET /session/e9da8fc7d2e5c6d9fcb370d825f3b6fb/screenshot - {}
RESULT: {}
COMMAND: POST /session/e9da8fc7d2e5c6d9fcb370d825f3b6fb/element - {"using":"xpath","value":"(//bdi[contains(text(), \"OK\")])[1]"}
RESULT: {"using":"xpath","value":"(//bdi[contains(text(), \"OK\")])[1]"}
COMMAND: POST /session/e9da8fc7d2e5c6d9fcb370d825f3b6fb/element/f.EB7466E535C2126E60AFBA1E962AA512.d.EF0CA3C1B82424305A4FD8E5223BFD61.e.6452/click - {}
RESULT: {}
COMMAND: GET /session/e9da8fc7d2e5c6d9fcb370d825f3b6fb/screenshot - {}
RESULT: {}
COMMAND: POST /session/e9da8fc7d2e5c6d9fcb370d825f3b6fb/element - {"using":"xpath","value":"//span[@id=\"application-managepartners-display-component---masterPtm--smartTable-header-inner\"]"}
RESULT: {"using":"xpath","value":"//span[@id=\"application-managepartners-display-component---masterPtm--smartTable-header-inner\"]"}
COMMAND: POST /session/e9da8fc7d2e5c6d9fcb370d825f3b6fb/elements - {"using":"xpath","value":"//span[@id=\"application-managepartners-display-component---masterPtm--smartTable-header-inner\"]"}
RESULT: {"using":"xpath","value":"//span[@id=\"application-managepartners-display-component---masterPtm--smartTable-header-inner\"]"}
COMMAND: POST /session/e9da8fc7d2e5c6d9fcb370d825f3b6fb/execute/sync - {"script":"<script> [56 bytes]","args":[{"element-6066-11e4-a52e-4f735466cecf":"f.EB7466E535C2126E60AFBA1E962AA512.d.EF0CA3C1B82424305A4FD8E5223BFD61.e.6030","ELEMENT":"f.EB7466E535C2126E60AFBA1E962AA512.d.EF0CA3C1B82424305A4FD8E5223BFD61.e.6030"}]}
RESULT: {"script":"<script> [56 bytes]","args":[{"element-6066-11e4-a52e-4f735466cecf":"f.EB7466E535C2126E60AFBA1E962AA512.d.EF0CA3C1B82424305A4FD8E5223BFD61.e.6030","ELEMENT":"f.EB7466E535C2126E60AFBA1E962AA512.d.EF0CA3C1B82424305A4FD8E5223BFD61.e.6030"}]}
COMMAND: POST /session/e9da8fc7d2e5c6d9fcb370d825f3b6fb/element - {"using":"xpath","value":"//span[contains(@title, \"Remove\")]"}
COMMAND: GET /session/e9da8fc7d2e5c6d9fcb370d825f3b6fb/screenshot - {}
RESULT: {"using":"xpath","value":"//span[contains(@title, \"Remove\")]"}
COMMAND: POST /session/e9da8fc7d2e5c6d9fcb370d825f3b6fb/element/f.EB7466E535C2126E60AFBA1E962AA512.d.EF0CA3C1B82424305A4FD8E5223BFD61.e.6466/click - {}
RESULT: {}
RESULT: {}
COMMAND: GET /session/e9da8fc7d2e5c6d9fcb370d825f3b6fb/screenshot - {}
RESULT: {}
COMMAND: POST /session/e9da8fc7d2e5c6d9fcb370d825f3b6fb/element - {"using":"xpath","value":"//span[@id=\"application-managepartners-display-component---masterPtm--smartTable-header-inner\"]"}
RESULT: {"using":"xpath","value":"//span[@id=\"application-managepartners-display-component---masterPtm--smartTable-header-inner\"]"}
COMMAND: POST /session/e9da8fc7d2e5c6d9fcb370d825f3b6fb/elements - {"using":"xpath","value":"//span[@id=\"application-managepartners-display-component---masterPtm--smartTable-header-inner\"]"}
RESULT: {"using":"xpath","value":"//span[@id=\"application-managepartners-display-component---masterPtm--smartTable-header-inner\"]"}
COMMAND: POST /session/e9da8fc7d2e5c6d9fcb370d825f3b6fb/execute/sync - {"script":"<script> [56 bytes]","args":[{"element-6066-11e4-a52e-4f735466cecf":"f.EB7466E535C2126E60AFBA1E962AA512.d.EF0CA3C1B82424305A4FD8E5223BFD61.e.6030","ELEMENT":"f.EB7466E535C2126E60AFBA1E962AA512.d.EF0CA3C1B82424305A4FD8E5223BFD61.e.6030"}]}
RESULT: {"script":"<script> [56 bytes]","args":[{"element-6066-11e4-a52e-4f735466cecf":"f.EB7466E535C2126E60AFBA1E962AA512.d.EF0CA3C1B82424305A4FD8E5223BFD61.e.6030","ELEMENT":"f.EB7466E535C2126E60AFBA1E962AA512.d.EF0CA3C1B82424305A4FD8E5223BFD61.e.6030"}]}
COMMAND: POST /session/e9da8fc7d2e5c6d9fcb370d825f3b6fb/execute/async - {"script":"<script> [1562 bytes]","args":[{"selector":{"id":"application-managepartners-display-component---masterPtm--smartFilterBar-filterItemControl_BASIC-ALL_TAGS-vhi"},"wdio_ui5_key":"applicationmanagepartners-display-component---masterPtm--smartFilterBar-filterItemControl_BASIC-ALL_TAGS-vhi"}]}
COMMAND: GET /session/e9da8fc7d2e5c6d9fcb370d825f3b6fb/screenshot - {}
RESULT: {"script":"<script> [1562 bytes]","args":[{"selector":{"id":"application-managepartners-display-component---masterPtm--smartFilterBar-filterItemControl_BASIC-ALL_TAGS-vhi"},"wdio_ui5_key":"applicationmanagepartners-display-component---masterPtm--smartFilterBar-filterItemControl_BASIC-ALL_TAGS-vhi"}]}
RESULT: undefined
COMMAND: POST /session/e9da8fc7d2e5c6d9fcb370d825f3b6fb/element - {"using":"xpath","value":"//*[@id=\"application-managepartners-display-component---masterPtm--smartFilterBar-filterItemControl_BASIC-ALL_TAGS-vhi\"]"}
RESULT: {}
RESULT: {"using":"xpath","value":"//*[@id=\"application-managepartners-display-component---masterPtm--smartFilterBar-filterItemControl_BASIC-ALL_TAGS-vhi\"]"}
COMMAND: POST /session/e9da8fc7d2e5c6d9fcb370d825f3b6fb/element/f.EB7466E535C2126E60AFBA1E962AA512.d.EF0CA3C1B82424305A4FD8E5223BFD61.e.6571/click - {}
RESULT: {}
COMMAND: GET /session/e9da8fc7d2e5c6d9fcb370d825f3b6fb/screenshot - {}
RESULT: {}
COMMAND: POST /session/e9da8fc7d2e5c6d9fcb370d825f3b6fb/execute/async - {"script":"<script> [1562 bytes]","args":[{"selector":{"id":"application-managepartners-display-component---masterPtm--smartFilterBar-filterItemControl_BASIC-ALL_TAGS-valueHelpDialog-smartFilterBar-btnBasicSearch","searchOpenDialogs":true,"interaction":{"idSuffix":"I"}},"wdio_ui5_key":"applicationmanagepartners-display-component---masterPtm--smartFilterBar-filterItemControl_BASIC-ALL_TAGS-valueHelpDialog-smartFilterBar-btnBasicSearch"}]}
RESULT: {"script":"<script> [1562 bytes]","args":[{"selector":{"id":"application-managepartners-display-component---masterPtm--smartFilterBar-filterItemControl_BASIC-ALL_TAGS-valueHelpDialog-smartFilterBar-btnBasicSearch","searchOpenDialogs":true,"interaction":{"idSuffix":"I"}},"wdio_ui5_key":"applicationmanagepartners-display-component---masterPtm--smartFilterBar-filterItemControl_BASIC-ALL_TAGS-valueHelpDialog-smartFilterBar-btnBasicSearch"}]}
RESULT: undefined
COMMAND: POST /session/e9da8fc7d2e5c6d9fcb370d825f3b6fb/execute/async - {"script":"<script> [776 bytes]","args":[{"enterText":"test-tag-1","selector":{"id":"application-managepartners-display-component---masterPtm--smartFilterBar-filterItemControl_BASIC-ALL_TAGS-valueHelpDialog-smartFilterBar-btnBasicSearch","searchOpenDialogs":true,"interaction":{"idSuffix":"I"}},"clearTextFirst":true,"interactionType":"ENTER_TEXT"}]}
RESULT: {"script":"<script> [776 bytes]","args":[{"enterText":"test-tag-1","selector":{"id":"application-managepartners-display-component---masterPtm--smartFilterBar-filterItemControl_BASIC-ALL_TAGS-valueHelpDialog-smartFilterBar-btnBasicSearch","searchOpenDialogs":true,"interaction":{"idSuffix":"I"}},"clearTextFirst":true,"interactionType":"ENTER_TEXT"}]}
COMMAND: POST /session/e9da8fc7d2e5c6d9fcb370d825f3b6fb/actions - {"actions":[{"id":"action20","type":"key","parameters":{},"actions":[{"type":"keyDown","value":""},{"type":"pause","duration":10},{"type":"keyUp","value":""}]}]}
RESULT: {"actions":[{"id":"action20","type":"key","parameters":{},"actions":[{"type":"keyDown","value":""},{"type":"pause","duration":10},{"type":"keyUp","value":""}]}]}
COMMAND: POST /session/e9da8fc7d2e5c6d9fcb370d825f3b6fb/elements - {"using":"xpath","value":"//table[contains(@id, \"smartFilterBar-filterItemControl_BASIC-ALL_TAGS-valueHelpDialog-table-table\")]/tbody/tr"}
COMMAND: GET /session/e9da8fc7d2e5c6d9fcb370d825f3b6fb/screenshot - {}
RESULT: {"using":"xpath","value":"//table[contains(@id, \"smartFilterBar-filterItemControl_BASIC-ALL_TAGS-valueHelpDialog-table-table\")]/tbody/tr"}
COMMAND: POST /session/e9da8fc7d2e5c6d9fcb370d825f3b6fb/element - {"using":"xpath","value":"//table[contains(@id, \"smartFilterBar-filterItemControl_BASIC-ALL_TAGS-valueHelpDialog-table-table\")]/tbody/tr[1]/td[1]/div/span"}
RESULT: {}
RESULT: {"using":"xpath","value":"//table[contains(@id, \"smartFilterBar-filterItemControl_BASIC-ALL_TAGS-valueHelpDialog-table-table\")]/tbody/tr[1]/td[1]/div/span"}
COMMAND: POST /session/e9da8fc7d2e5c6d9fcb370d825f3b6fb/elements - {"using":"xpath","value":"//table[contains(@id, \"smartFilterBar-filterItemControl_BASIC-ALL_TAGS-valueHelpDialog-table-table\")]/tbody/tr[1]/td[1]/div/span"}
RESULT: {"using":"xpath","value":"//table[contains(@id, \"smartFilterBar-filterItemControl_BASIC-ALL_TAGS-valueHelpDialog-table-table\")]/tbody/tr[1]/td[1]/div/span"}
COMMAND: POST /session/e9da8fc7d2e5c6d9fcb370d825f3b6fb/execute/sync - {"script":"<script> [56 bytes]","args":[{"element-6066-11e4-a52e-4f735466cecf":"f.EB7466E535C2126E60AFBA1E962AA512.d.EF0CA3C1B82424305A4FD8E5223BFD61.e.6593","ELEMENT":"f.EB7466E535C2126E60AFBA1E962AA512.d.EF0CA3C1B82424305A4FD8E5223BFD61.e.6593"}]}
RESULT: {"script":"<script> [56 bytes]","args":[{"element-6066-11e4-a52e-4f735466cecf":"f.EB7466E535C2126E60AFBA1E962AA512.d.EF0CA3C1B82424305A4FD8E5223BFD61.e.6593","ELEMENT":"f.EB7466E535C2126E60AFBA1E962AA512.d.EF0CA3C1B82424305A4FD8E5223BFD61.e.6593"}]}
COMMAND: POST /session/e9da8fc7d2e5c6d9fcb370d825f3b6fb/element - {"using":"xpath","value":"//div[contains(@id, \"filterItemControl_BASIC-ALL_TAGS-valueHelpDialog-table-rowsel0\")]"}
COMMAND: GET /session/e9da8fc7d2e5c6d9fcb370d825f3b6fb/screenshot - {}
RESULT: {"using":"xpath","value":"//div[contains(@id, \"filterItemControl_BASIC-ALL_TAGS-valueHelpDialog-table-rowsel0\")]"}
COMMAND: POST /session/e9da8fc7d2e5c6d9fcb370d825f3b6fb/element/f.EB7466E535C2126E60AFBA1E962AA512.d.EF0CA3C1B82424305A4FD8E5223BFD61.e.6594/click - {}
RESULT: {}
RESULT: {}
COMMAND: GET /session/e9da8fc7d2e5c6d9fcb370d825f3b6fb/screenshot - {}
RESULT: {}
COMMAND: POST /session/e9da8fc7d2e5c6d9fcb370d825f3b6fb/element - {"using":"xpath","value":"(//bdi[contains(text(), \"OK\")])[1]"}
RESULT: {"using":"xpath","value":"(//bdi[contains(text(), \"OK\")])[1]"}
COMMAND: POST /session/e9da8fc7d2e5c6d9fcb370d825f3b6fb/element/f.EB7466E535C2126E60AFBA1E962AA512.d.EF0CA3C1B82424305A4FD8E5223BFD61.e.6596/click - {}
RESULT: {}
COMMAND: GET /session/e9da8fc7d2e5c6d9fcb370d825f3b6fb/screenshot - {}
RESULT: {}
COMMAND: POST /session/e9da8fc7d2e5c6d9fcb370d825f3b6fb/element - {"using":"xpath","value":"//span[@id=\"application-managepartners-display-component---masterPtm--smartTable-header-inner\"]"}
RESULT: {"using":"xpath","value":"//span[@id=\"application-managepartners-display-component---masterPtm--smartTable-header-inner\"]"}
COMMAND: POST /session/e9da8fc7d2e5c6d9fcb370d825f3b6fb/elements - {"using":"xpath","value":"//span[@id=\"application-managepartners-display-component---masterPtm--smartTable-header-inner\"]"}
RESULT: {"using":"xpath","value":"//span[@id=\"application-managepartners-display-component---masterPtm--smartTable-header-inner\"]"}
COMMAND: POST /session/e9da8fc7d2e5c6d9fcb370d825f3b6fb/execute/sync - {"script":"<script> [56 bytes]","args":[{"element-6066-11e4-a52e-4f735466cecf":"f.EB7466E535C2126E60AFBA1E962AA512.d.EF0CA3C1B82424305A4FD8E5223BFD61.e.6030","ELEMENT":"f.EB7466E535C2126E60AFBA1E962AA512.d.EF0CA3C1B82424305A4FD8E5223BFD61.e.6030"}]}
RESULT: {"script":"<script> [56 bytes]","args":[{"element-6066-11e4-a52e-4f735466cecf":"f.EB7466E535C2126E60AFBA1E962AA512.d.EF0CA3C1B82424305A4FD8E5223BFD61.e.6030","ELEMENT":"f.EB7466E535C2126E60AFBA1E962AA512.d.EF0CA3C1B82424305A4FD8E5223BFD61.e.6030"}]}
COMMAND: POST /session/e9da8fc7d2e5c6d9fcb370d825f3b6fb/element - {"using":"xpath","value":"//span[contains(@title, \"Remove\")]"}
COMMAND: GET /session/e9da8fc7d2e5c6d9fcb370d825f3b6fb/screenshot - {}
RESULT: {"using":"xpath","value":"//span[contains(@title, \"Remove\")]"}
COMMAND: POST /session/e9da8fc7d2e5c6d9fcb370d825f3b6fb/element/f.EB7466E535C2126E60AFBA1E962AA512.d.EF0CA3C1B82424305A4FD8E5223BFD61.e.6618/click - {}
RESULT: {}
RESULT: {}
COMMAND: GET /session/e9da8fc7d2e5c6d9fcb370d825f3b6fb/screenshot - {}
RESULT: {}
COMMAND: POST /session/e9da8fc7d2e5c6d9fcb370d825f3b6fb/execute/async - {"script":"<script> [1562 bytes]","args":[{"selector":{"id":"application-managepartners-display-component---masterPtm--partnerTypes-arrow"},"wdio_ui5_key":"applicationmanagepartners-display-component---masterPtm--partnerTypes-arrow"}]}
RESULT: {"script":"<script> [1562 bytes]","args":[{"selector":{"id":"application-managepartners-display-component---masterPtm--partnerTypes-arrow"},"wdio_ui5_key":"applicationmanagepartners-display-component---masterPtm--partnerTypes-arrow"}]}
RESULT: undefined
COMMAND: POST /session/e9da8fc7d2e5c6d9fcb370d825f3b6fb/element - {"using":"xpath","value":"//*[@id=\"application-managepartners-display-component---masterPtm--partnerTypes-arrow\"]"}
RESULT: {"using":"xpath","value":"//*[@id=\"application-managepartners-display-component---masterPtm--partnerTypes-arrow\"]"}
COMMAND: POST /session/e9da8fc7d2e5c6d9fcb370d825f3b6fb/element/f.EB7466E535C2126E60AFBA1E962AA512.d.EF0CA3C1B82424305A4FD8E5223BFD61.e.6723/click - {}
RESULT: {}
COMMAND: GET /session/e9da8fc7d2e5c6d9fcb370d825f3b6fb/screenshot - {}
RESULT: {}
COMMAND: POST /session/e9da8fc7d2e5c6d9fcb370d825f3b6fb/element - {"using":"xpath","value":"//li[.//span[text()=\"External partner\"]]//div[contains(@class,\"sapMCbBg\")]"}
RESULT: {"using":"xpath","value":"//li[.//span[text()=\"External partner\"]]//div[contains(@class,\"sapMCbBg\")]"}
COMMAND: POST /session/e9da8fc7d2e5c6d9fcb370d825f3b6fb/element/f.EB7466E535C2126E60AFBA1E962AA512.d.EF0CA3C1B82424305A4FD8E5223BFD61.e.6726/click - {}
RESULT: {}
COMMAND: GET /session/e9da8fc7d2e5c6d9fcb370d825f3b6fb/screenshot - {}
RESULT: {}
COMMAND: POST /session/e9da8fc7d2e5c6d9fcb370d825f3b6fb/element - {"using":"xpath","value":"//div[contains(@id,\"application-managepartners-display-component---masterPtm--smartFilterBar-btnBasicSearch-search\")]"}
RESULT: {"using":"xpath","value":"//div[contains(@id,\"application-managepartners-display-component---masterPtm--smartFilterBar-btnBasicSearch-search\")]"}
COMMAND: POST /session/e9da8fc7d2e5c6d9fcb370d825f3b6fb/element/f.EB7466E535C2126E60AFBA1E962AA512.d.EF0CA3C1B82424305A4FD8E5223BFD61.e.6768/click - {}
RESULT: {}
COMMAND: GET /session/e9da8fc7d2e5c6d9fcb370d825f3b6fb/screenshot - {}
RESULT: {}
COMMAND: POST /session/e9da8fc7d2e5c6d9fcb370d825f3b6fb/element - {"using":"xpath","value":"//span[@id=\"application-managepartners-display-component---masterPtm--smartTable-header-inner\"]"}
RESULT: {"using":"xpath","value":"//span[@id=\"application-managepartners-display-component---masterPtm--smartTable-header-inner\"]"}
COMMAND: POST /session/e9da8fc7d2e5c6d9fcb370d825f3b6fb/elements - {"using":"xpath","value":"//span[@id=\"application-managepartners-display-component---masterPtm--smartTable-header-inner\"]"}
RESULT: {"using":"xpath","value":"//span[@id=\"application-managepartners-display-component---masterPtm--smartTable-header-inner\"]"}
COMMAND: POST /session/e9da8fc7d2e5c6d9fcb370d825f3b6fb/execute/sync - {"script":"<script> [56 bytes]","args":[{"element-6066-11e4-a52e-4f735466cecf":"f.EB7466E535C2126E60AFBA1E962AA512.d.EF0CA3C1B82424305A4FD8E5223BFD61.e.6030","ELEMENT":"f.EB7466E535C2126E60AFBA1E962AA512.d.EF0CA3C1B82424305A4FD8E5223BFD61.e.6030"}]}
RESULT: {"script":"<script> [56 bytes]","args":[{"element-6066-11e4-a52e-4f735466cecf":"f.EB7466E535C2126E60AFBA1E962AA512.d.EF0CA3C1B82424305A4FD8E5223BFD61.e.6030","ELEMENT":"f.EB7466E535C2126E60AFBA1E962AA512.d.EF0CA3C1B82424305A4FD8E5223BFD61.e.6030"}]}
COMMAND: POST /session/e9da8fc7d2e5c6d9fcb370d825f3b6fb/element - {"using":"xpath","value":"//span[contains(@title, \"Remove\")]"}
COMMAND: GET /session/e9da8fc7d2e5c6d9fcb370d825f3b6fb/screenshot - {}
RESULT: {"using":"xpath","value":"//span[contains(@title, \"Remove\")]"}
COMMAND: POST /session/e9da8fc7d2e5c6d9fcb370d825f3b6fb/element/f.EB7466E535C2126E60AFBA1E962AA512.d.EF0CA3C1B82424305A4FD8E5223BFD61.e.6771/click - {}
RESULT: {}
RESULT: {}
COMMAND: GET /session/e9da8fc7d2e5c6d9fcb370d825f3b6fb/screenshot - {}
RESULT: {}
COMMAND: POST /session/e9da8fc7d2e5c6d9fcb370d825f3b6fb/execute/async - {"script":"<script> [1562 bytes]","args":[{"selector":{"id":"application-managepartners-display-component---masterPtm--smartFilterBar-btnFilters","interaction":{"idSuffix":"BDI-content"}},"wdio_ui5_key":"applicationmanagepartners-display-component---masterPtm--smartFilterBar-btnFilters"}]}
RESULT: {"script":"<script> [1562 bytes]","args":[{"selector":{"id":"application-managepartners-display-component---masterPtm--smartFilterBar-btnFilters","interaction":{"idSuffix":"BDI-content"}},"wdio_ui5_key":"applicationmanagepartners-display-component---masterPtm--smartFilterBar-btnFilters"}]}
RESULT: undefined
COMMAND: POST /session/e9da8fc7d2e5c6d9fcb370d825f3b6fb/element - {"using":"xpath","value":"//*[@id=\"application-managepartners-display-component---masterPtm--smartFilterBar-btnFilters\"]"}
RESULT: {"using":"xpath","value":"//*[@id=\"application-managepartners-display-component---masterPtm--smartFilterBar-btnFilters\"]"}
COMMAND: POST /session/e9da8fc7d2e5c6d9fcb370d825f3b6fb/element/f.EB7466E535C2126E60AFBA1E962AA512.d.EF0CA3C1B82424305A4FD8E5223BFD61.e.5870/click - {}
RESULT: {}
COMMAND: GET /session/e9da8fc7d2e5c6d9fcb370d825f3b6fb/screenshot - {}
RESULT: {}
COMMAND: POST /session/e9da8fc7d2e5c6d9fcb370d825f3b6fb/elements - {"using":"xpath","value":"//table[contains(@id, \"listView-innerSelectionPanelTable-listUl\")]/tbody/tr"}
RESULT: {"using":"xpath","value":"//table[contains(@id, \"listView-innerSelectionPanelTable-listUl\")]/tbody/tr"}
COMMAND: POST /session/e9da8fc7d2e5c6d9fcb370d825f3b6fb/element - {"using":"xpath","value":"//table[contains(@id, \"listView-innerSelectionPanelTable-listUl\")]/tbody/tr[2]/td[2]/div/div"}
RESULT: {"using":"xpath","value":"//table[contains(@id, \"listView-innerSelectionPanelTable-listUl\")]/tbody/tr[2]/td[2]/div/div"}
COMMAND: POST /session/e9da8fc7d2e5c6d9fcb370d825f3b6fb/element - {"using":"xpath","value":"//table[contains(@id, \"listView-innerSelectionPanelTable-listUl\")]/tbody/tr[2]/td[2]/div"}
RESULT: {"using":"xpath","value":"//table[contains(@id, \"listView-innerSelectionPanelTable-listUl\")]/tbody/tr[2]/td[2]/div"}
COMMAND: POST /session/e9da8fc7d2e5c6d9fcb370d825f3b6fb/element - {"using":"xpath","value":"//table[contains(@id, \"listView-innerSelectionPanelTable-listUl\")]/tbody/tr[2]/td[3]/div/div/span/span[1]/bdi"}
RESULT: {"using":"xpath","value":"//table[contains(@id, \"listView-innerSelectionPanelTable-listUl\")]/tbody/tr[2]/td[3]/div/div/span/span[1]/bdi"}
COMMAND: POST /session/e9da8fc7d2e5c6d9fcb370d825f3b6fb/execute/sync - {"script":"<script> [56 bytes]","args":[{"element-6066-11e4-a52e-4f735466cecf":"f.EB7466E535C2126E60AFBA1E962AA512.d.EF0CA3C1B82424305A4FD8E5223BFD61.e.6889","ELEMENT":"f.EB7466E535C2126E60AFBA1E962AA512.d.EF0CA3C1B82424305A4FD8E5223BFD61.e.6889"}]}
RESULT: {"script":"<script> [56 bytes]","args":[{"element-6066-11e4-a52e-4f735466cecf":"f.EB7466E535C2126E60AFBA1E962AA512.d.EF0CA3C1B82424305A4FD8E5223BFD61.e.6889","ELEMENT":"f.EB7466E535C2126E60AFBA1E962AA512.d.EF0CA3C1B82424305A4FD8E5223BFD61.e.6889"}]}
COMMAND: GET /session/e9da8fc7d2e5c6d9fcb370d825f3b6fb/element/f.EB7466E535C2126E60AFBA1E962AA512.d.EF0CA3C1B82424305A4FD8E5223BFD61.e.6888/attribute/aria-checked - {}
COMMAND: GET /session/e9da8fc7d2e5c6d9fcb370d825f3b6fb/screenshot - {}
RESULT: {}
COMMAND: POST /session/e9da8fc7d2e5c6d9fcb370d825f3b6fb/element - {"using":"xpath","value":"//table[contains(@id, \"listView-innerSelectionPanelTable-listUl\")]/tbody/tr[3]/td[2]/div/div"}
RESULT: {}
RESULT: {"using":"xpath","value":"//table[contains(@id, \"listView-innerSelectionPanelTable-listUl\")]/tbody/tr[3]/td[2]/div/div"}
COMMAND: POST /session/e9da8fc7d2e5c6d9fcb370d825f3b6fb/element - {"using":"xpath","value":"//table[contains(@id, \"listView-innerSelectionPanelTable-listUl\")]/tbody/tr[3]/td[2]/div"}
RESULT: {"using":"xpath","value":"//table[contains(@id, \"listView-innerSelectionPanelTable-listUl\")]/tbody/tr[3]/td[2]/div"}
COMMAND: POST /session/e9da8fc7d2e5c6d9fcb370d825f3b6fb/element - {"using":"xpath","value":"//table[contains(@id, \"listView-innerSelectionPanelTable-listUl\")]/tbody/tr[3]/td[3]/div/div/span/span[1]/bdi"}
RESULT: {"using":"xpath","value":"//table[contains(@id, \"listView-innerSelectionPanelTable-listUl\")]/tbody/tr[3]/td[3]/div/div/span/span[1]/bdi"}
COMMAND: POST /session/e9da8fc7d2e5c6d9fcb370d825f3b6fb/execute/sync - {"script":"<script> [56 bytes]","args":[{"element-6066-11e4-a52e-4f735466cecf":"f.EB7466E535C2126E60AFBA1E962AA512.d.EF0CA3C1B82424305A4FD8E5223BFD61.e.6892","ELEMENT":"f.EB7466E535C2126E60AFBA1E962AA512.d.EF0CA3C1B82424305A4FD8E5223BFD61.e.6892"}]}
RESULT: {"script":"<script> [56 bytes]","args":[{"element-6066-11e4-a52e-4f735466cecf":"f.EB7466E535C2126E60AFBA1E962AA512.d.EF0CA3C1B82424305A4FD8E5223BFD61.e.6892","ELEMENT":"f.EB7466E535C2126E60AFBA1E962AA512.d.EF0CA3C1B82424305A4FD8E5223BFD61.e.6892"}]}
COMMAND: GET /session/e9da8fc7d2e5c6d9fcb370d825f3b6fb/element/f.EB7466E535C2126E60AFBA1E962AA512.d.EF0CA3C1B82424305A4FD8E5223BFD61.e.6891/attribute/aria-checked - {}
COMMAND: GET /session/e9da8fc7d2e5c6d9fcb370d825f3b6fb/screenshot - {}
RESULT: {}
COMMAND: POST /session/e9da8fc7d2e5c6d9fcb370d825f3b6fb/element - {"using":"xpath","value":"//table[contains(@id, \"listView-innerSelectionPanelTable-listUl\")]/tbody/tr[4]/td[2]/div/div"}
RESULT: {}
RESULT: {"using":"xpath","value":"//table[contains(@id, \"listView-innerSelectionPanelTable-listUl\")]/tbody/tr[4]/td[2]/div/div"}
COMMAND: POST /session/e9da8fc7d2e5c6d9fcb370d825f3b6fb/element - {"using":"xpath","value":"//table[contains(@id, \"listView-innerSelectionPanelTable-listUl\")]/tbody/tr[4]/td[2]/div"}
RESULT: {"using":"xpath","value":"//table[contains(@id, \"listView-innerSelectionPanelTable-listUl\")]/tbody/tr[4]/td[2]/div"}
COMMAND: POST /session/e9da8fc7d2e5c6d9fcb370d825f3b6fb/element - {"using":"xpath","value":"//table[contains(@id, \"listView-innerSelectionPanelTable-listUl\")]/tbody/tr[4]/td[3]/div/div/span/span[1]/bdi"}
RESULT: {"using":"xpath","value":"//table[contains(@id, \"listView-innerSelectionPanelTable-listUl\")]/tbody/tr[4]/td[3]/div/div/span/span[1]/bdi"}
COMMAND: POST /session/e9da8fc7d2e5c6d9fcb370d825f3b6fb/execute/sync - {"script":"<script> [56 bytes]","args":[{"element-6066-11e4-a52e-4f735466cecf":"f.EB7466E535C2126E60AFBA1E962AA512.d.EF0CA3C1B82424305A4FD8E5223BFD61.e.6895","ELEMENT":"f.EB7466E535C2126E60AFBA1E962AA512.d.EF0CA3C1B82424305A4FD8E5223BFD61.e.6895"}]}
RESULT: {"script":"<script> [56 bytes]","args":[{"element-6066-11e4-a52e-4f735466cecf":"f.EB7466E535C2126E60AFBA1E962AA512.d.EF0CA3C1B82424305A4FD8E5223BFD61.e.6895","ELEMENT":"f.EB7466E535C2126E60AFBA1E962AA512.d.EF0CA3C1B82424305A4FD8E5223BFD61.e.6895"}]}
COMMAND: GET /session/e9da8fc7d2e5c6d9fcb370d825f3b6fb/element/f.EB7466E535C2126E60AFBA1E962AA512.d.EF0CA3C1B82424305A4FD8E5223BFD61.e.6894/attribute/aria-checked - {}
COMMAND: GET /session/e9da8fc7d2e5c6d9fcb370d825f3b6fb/screenshot - {}
RESULT: {}
COMMAND: POST /session/e9da8fc7d2e5c6d9fcb370d825f3b6fb/element - {"using":"xpath","value":"//table[contains(@id, \"listView-innerSelectionPanelTable-listUl\")]/tbody/tr[5]/td[2]/div/div"}
RESULT: {}
RESULT: {"using":"xpath","value":"//table[contains(@id, \"listView-innerSelectionPanelTable-listUl\")]/tbody/tr[5]/td[2]/div/div"}
COMMAND: POST /session/e9da8fc7d2e5c6d9fcb370d825f3b6fb/element - {"using":"xpath","value":"//table[contains(@id, \"listView-innerSelectionPanelTable-listUl\")]/tbody/tr[5]/td[2]/div"}
RESULT: {"using":"xpath","value":"//table[contains(@id, \"listView-innerSelectionPanelTable-listUl\")]/tbody/tr[5]/td[2]/div"}
COMMAND: POST /session/e9da8fc7d2e5c6d9fcb370d825f3b6fb/element - {"using":"xpath","value":"//table[contains(@id, \"listView-innerSelectionPanelTable-listUl\")]/tbody/tr[5]/td[3]/div/div/span/span[1]/bdi"}
RESULT: {"using":"xpath","value":"//table[contains(@id, \"listView-innerSelectionPanelTable-listUl\")]/tbody/tr[5]/td[3]/div/div/span/span[1]/bdi"}
COMMAND: POST /session/e9da8fc7d2e5c6d9fcb370d825f3b6fb/execute/sync - {"script":"<script> [56 bytes]","args":[{"element-6066-11e4-a52e-4f735466cecf":"f.EB7466E535C2126E60AFBA1E962AA512.d.EF0CA3C1B82424305A4FD8E5223BFD61.e.6898","ELEMENT":"f.EB7466E535C2126E60AFBA1E962AA512.d.EF0CA3C1B82424305A4FD8E5223BFD61.e.6898"}]}
RESULT: {"script":"<script> [56 bytes]","args":[{"element-6066-11e4-a52e-4f735466cecf":"f.EB7466E535C2126E60AFBA1E962AA512.d.EF0CA3C1B82424305A4FD8E5223BFD61.e.6898","ELEMENT":"f.EB7466E535C2126E60AFBA1E962AA512.d.EF0CA3C1B82424305A4FD8E5223BFD61.e.6898"}]}
COMMAND: GET /session/e9da8fc7d2e5c6d9fcb370d825f3b6fb/element/f.EB7466E535C2126E60AFBA1E962AA512.d.EF0CA3C1B82424305A4FD8E5223BFD61.e.6897/attribute/aria-checked - {}
COMMAND: GET /session/e9da8fc7d2e5c6d9fcb370d825f3b6fb/screenshot - {}
RESULT: {}
COMMAND: POST /session/e9da8fc7d2e5c6d9fcb370d825f3b6fb/element - {"using":"xpath","value":"//table[contains(@id, \"listView-innerSelectionPanelTable-listUl\")]/tbody/tr[6]/td[2]/div/div"}
RESULT: {}
RESULT: {"using":"xpath","value":"//table[contains(@id, \"listView-innerSelectionPanelTable-listUl\")]/tbody/tr[6]/td[2]/div/div"}
COMMAND: POST /session/e9da8fc7d2e5c6d9fcb370d825f3b6fb/element - {"using":"xpath","value":"//table[contains(@id, \"listView-innerSelectionPanelTable-listUl\")]/tbody/tr[6]/td[2]/div"}
RESULT: {"using":"xpath","value":"//table[contains(@id, \"listView-innerSelectionPanelTable-listUl\")]/tbody/tr[6]/td[2]/div"}
COMMAND: POST /session/e9da8fc7d2e5c6d9fcb370d825f3b6fb/element - {"using":"xpath","value":"//table[contains(@id, \"listView-innerSelectionPanelTable-listUl\")]/tbody/tr[6]/td[3]/div/div/span/span[1]/bdi"}
RESULT: {"using":"xpath","value":"//table[contains(@id, \"listView-innerSelectionPanelTable-listUl\")]/tbody/tr[6]/td[3]/div/div/span/span[1]/bdi"}
COMMAND: POST /session/e9da8fc7d2e5c6d9fcb370d825f3b6fb/execute/sync - {"script":"<script> [56 bytes]","args":[{"element-6066-11e4-a52e-4f735466cecf":"f.EB7466E535C2126E60AFBA1E962AA512.d.EF0CA3C1B82424305A4FD8E5223BFD61.e.6901","ELEMENT":"f.EB7466E535C2126E60AFBA1E962AA512.d.EF0CA3C1B82424305A4FD8E5223BFD61.e.6901"}]}
RESULT: {"script":"<script> [56 bytes]","args":[{"element-6066-11e4-a52e-4f735466cecf":"f.EB7466E535C2126E60AFBA1E962AA512.d.EF0CA3C1B82424305A4FD8E5223BFD61.e.6901","ELEMENT":"f.EB7466E535C2126E60AFBA1E962AA512.d.EF0CA3C1B82424305A4FD8E5223BFD61.e.6901"}]}
COMMAND: GET /session/e9da8fc7d2e5c6d9fcb370d825f3b6fb/element/f.EB7466E535C2126E60AFBA1E962AA512.d.EF0CA3C1B82424305A4FD8E5223BFD61.e.6900/attribute/aria-checked - {}
COMMAND: GET /session/e9da8fc7d2e5c6d9fcb370d825f3b6fb/screenshot - {}
RESULT: {}
COMMAND: POST /session/e9da8fc7d2e5c6d9fcb370d825f3b6fb/element - {"using":"xpath","value":"//table[contains(@id, \"listView-innerSelectionPanelTable-listUl\")]/tbody/tr[7]/td[2]/div/div"}
RESULT: {}
RESULT: {"using":"xpath","value":"//table[contains(@id, \"listView-innerSelectionPanelTable-listUl\")]/tbody/tr[7]/td[2]/div/div"}
COMMAND: POST /session/e9da8fc7d2e5c6d9fcb370d825f3b6fb/element - {"using":"xpath","value":"//table[contains(@id, \"listView-innerSelectionPanelTable-listUl\")]/tbody/tr[7]/td[2]/div"}
RESULT: {"using":"xpath","value":"//table[contains(@id, \"listView-innerSelectionPanelTable-listUl\")]/tbody/tr[7]/td[2]/div"}
COMMAND: POST /session/e9da8fc7d2e5c6d9fcb370d825f3b6fb/element - {"using":"xpath","value":"//table[contains(@id, \"listView-innerSelectionPanelTable-listUl\")]/tbody/tr[7]/td[3]/div/div/span/span[1]/bdi"}
RESULT: {"using":"xpath","value":"//table[contains(@id, \"listView-innerSelectionPanelTable-listUl\")]/tbody/tr[7]/td[3]/div/div/span/span[1]/bdi"}
COMMAND: POST /session/e9da8fc7d2e5c6d9fcb370d825f3b6fb/execute/sync - {"script":"<script> [56 bytes]","args":[{"element-6066-11e4-a52e-4f735466cecf":"f.EB7466E535C2126E60AFBA1E962AA512.d.EF0CA3C1B82424305A4FD8E5223BFD61.e.6904","ELEMENT":"f.EB7466E535C2126E60AFBA1E962AA512.d.EF0CA3C1B82424305A4FD8E5223BFD61.e.6904"}]}
RESULT: {"script":"<script> [56 bytes]","args":[{"element-6066-11e4-a52e-4f735466cecf":"f.EB7466E535C2126E60AFBA1E962AA512.d.EF0CA3C1B82424305A4FD8E5223BFD61.e.6904","ELEMENT":"f.EB7466E535C2126E60AFBA1E962AA512.d.EF0CA3C1B82424305A4FD8E5223BFD61.e.6904"}]}
COMMAND: GET /session/e9da8fc7d2e5c6d9fcb370d825f3b6fb/element/f.EB7466E535C2126E60AFBA1E962AA512.d.EF0CA3C1B82424305A4FD8E5223BFD61.e.6903/attribute/aria-checked - {}
COMMAND: GET /session/e9da8fc7d2e5c6d9fcb370d825f3b6fb/screenshot - {}
RESULT: {}
COMMAND: POST /session/e9da8fc7d2e5c6d9fcb370d825f3b6fb/element - {"using":"xpath","value":"//table[contains(@id, \"listView-innerSelectionPanelTable-listUl\")]/tbody/tr[8]/td[2]/div/div"}
RESULT: {}
RESULT: {"using":"xpath","value":"//table[contains(@id, \"listView-innerSelectionPanelTable-listUl\")]/tbody/tr[8]/td[2]/div/div"}
COMMAND: POST /session/e9da8fc7d2e5c6d9fcb370d825f3b6fb/element - {"using":"xpath","value":"//table[contains(@id, \"listView-innerSelectionPanelTable-listUl\")]/tbody/tr[8]/td[2]/div"}
RESULT: {"using":"xpath","value":"//table[contains(@id, \"listView-innerSelectionPanelTable-listUl\")]/tbody/tr[8]/td[2]/div"}
COMMAND: POST /session/e9da8fc7d2e5c6d9fcb370d825f3b6fb/element - {"using":"xpath","value":"//table[contains(@id, \"listView-innerSelectionPanelTable-listUl\")]/tbody/tr[8]/td[3]/div/div/span/span[1]/bdi"}
RESULT: {"using":"xpath","value":"//table[contains(@id, \"listView-innerSelectionPanelTable-listUl\")]/tbody/tr[8]/td[3]/div/div/span/span[1]/bdi"}
COMMAND: POST /session/e9da8fc7d2e5c6d9fcb370d825f3b6fb/execute/sync - {"script":"<script> [56 bytes]","args":[{"element-6066-11e4-a52e-4f735466cecf":"f.EB7466E535C2126E60AFBA1E962AA512.d.EF0CA3C1B82424305A4FD8E5223BFD61.e.6907","ELEMENT":"f.EB7466E535C2126E60AFBA1E962AA512.d.EF0CA3C1B82424305A4FD8E5223BFD61.e.6907"}]}
RESULT: {"script":"<script> [56 bytes]","args":[{"element-6066-11e4-a52e-4f735466cecf":"f.EB7466E535C2126E60AFBA1E962AA512.d.EF0CA3C1B82424305A4FD8E5223BFD61.e.6907","ELEMENT":"f.EB7466E535C2126E60AFBA1E962AA512.d.EF0CA3C1B82424305A4FD8E5223BFD61.e.6907"}]}
COMMAND: GET /session/e9da8fc7d2e5c6d9fcb370d825f3b6fb/element/f.EB7466E535C2126E60AFBA1E962AA512.d.EF0CA3C1B82424305A4FD8E5223BFD61.e.6906/attribute/aria-checked - {}
COMMAND: GET /session/e9da8fc7d2e5c6d9fcb370d825f3b6fb/screenshot - {}
RESULT: {}
COMMAND: POST /session/e9da8fc7d2e5c6d9fcb370d825f3b6fb/element - {"using":"xpath","value":"//table[contains(@id, \"listView-innerSelectionPanelTable-listUl\")]/tbody/tr[9]/td[2]/div/div"}
RESULT: {}
RESULT: {"using":"xpath","value":"//table[contains(@id, \"listView-innerSelectionPanelTable-listUl\")]/tbody/tr[9]/td[2]/div/div"}
COMMAND: POST /session/e9da8fc7d2e5c6d9fcb370d825f3b6fb/element - {"using":"xpath","value":"//table[contains(@id, \"listView-innerSelectionPanelTable-listUl\")]/tbody/tr[9]/td[2]/div"}
RESULT: {"using":"xpath","value":"//table[contains(@id, \"listView-innerSelectionPanelTable-listUl\")]/tbody/tr[9]/td[2]/div"}
COMMAND: POST /session/e9da8fc7d2e5c6d9fcb370d825f3b6fb/element - {"using":"xpath","value":"//table[contains(@id, \"listView-innerSelectionPanelTable-listUl\")]/tbody/tr[9]/td[3]/div/div/span/span[1]/bdi"}
RESULT: {"using":"xpath","value":"//table[contains(@id, \"listView-innerSelectionPanelTable-listUl\")]/tbody/tr[9]/td[3]/div/div/span/span[1]/bdi"}
COMMAND: POST /session/e9da8fc7d2e5c6d9fcb370d825f3b6fb/execute/sync - {"script":"<script> [56 bytes]","args":[{"element-6066-11e4-a52e-4f735466cecf":"f.EB7466E535C2126E60AFBA1E962AA512.d.EF0CA3C1B82424305A4FD8E5223BFD61.e.6910","ELEMENT":"f.EB7466E535C2126E60AFBA1E962AA512.d.EF0CA3C1B82424305A4FD8E5223BFD61.e.6910"}]}
RESULT: {"script":"<script> [56 bytes]","args":[{"element-6066-11e4-a52e-4f735466cecf":"f.EB7466E535C2126E60AFBA1E962AA512.d.EF0CA3C1B82424305A4FD8E5223BFD61.e.6910","ELEMENT":"f.EB7466E535C2126E60AFBA1E962AA512.d.EF0CA3C1B82424305A4FD8E5223BFD61.e.6910"}]}
COMMAND: GET /session/e9da8fc7d2e5c6d9fcb370d825f3b6fb/element/f.EB7466E535C2126E60AFBA1E962AA512.d.EF0CA3C1B82424305A4FD8E5223BFD61.e.6909/attribute/aria-checked - {}
COMMAND: GET /session/e9da8fc7d2e5c6d9fcb370d825f3b6fb/screenshot - {}
RESULT: {}
COMMAND: POST /session/e9da8fc7d2e5c6d9fcb370d825f3b6fb/element - {"using":"xpath","value":"//table[contains(@id, \"listView-innerSelectionPanelTable-listUl\")]/tbody/tr[10]/td[2]/div/div"}
RESULT: {}
RESULT: {"using":"xpath","value":"//table[contains(@id, \"listView-innerSelectionPanelTable-listUl\")]/tbody/tr[10]/td[2]/div/div"}
COMMAND: POST /session/e9da8fc7d2e5c6d9fcb370d825f3b6fb/element - {"using":"xpath","value":"//table[contains(@id, \"listView-innerSelectionPanelTable-listUl\")]/tbody/tr[10]/td[2]/div"}
RESULT: {"using":"xpath","value":"//table[contains(@id, \"listView-innerSelectionPanelTable-listUl\")]/tbody/tr[10]/td[2]/div"}
COMMAND: POST /session/e9da8fc7d2e5c6d9fcb370d825f3b6fb/element - {"using":"xpath","value":"//table[contains(@id, \"listView-innerSelectionPanelTable-listUl\")]/tbody/tr[10]/td[3]/div/div/span/span[1]/bdi"}
RESULT: {"using":"xpath","value":"//table[contains(@id, \"listView-innerSelectionPanelTable-listUl\")]/tbody/tr[10]/td[3]/div/div/span/span[1]/bdi"}
COMMAND: POST /session/e9da8fc7d2e5c6d9fcb370d825f3b6fb/execute/sync - {"script":"<script> [56 bytes]","args":[{"element-6066-11e4-a52e-4f735466cecf":"f.EB7466E535C2126E60AFBA1E962AA512.d.EF0CA3C1B82424305A4FD8E5223BFD61.e.6913","ELEMENT":"f.EB7466E535C2126E60AFBA1E962AA512.d.EF0CA3C1B82424305A4FD8E5223BFD61.e.6913"}]}
RESULT: {"script":"<script> [56 bytes]","args":[{"element-6066-11e4-a52e-4f735466cecf":"f.EB7466E535C2126E60AFBA1E962AA512.d.EF0CA3C1B82424305A4FD8E5223BFD61.e.6913","ELEMENT":"f.EB7466E535C2126E60AFBA1E962AA512.d.EF0CA3C1B82424305A4FD8E5223BFD61.e.6913"}]}
COMMAND: GET /session/e9da8fc7d2e5c6d9fcb370d825f3b6fb/element/f.EB7466E535C2126E60AFBA1E962AA512.d.EF0CA3C1B82424305A4FD8E5223BFD61.e.6912/attribute/aria-checked - {}
COMMAND: GET /session/e9da8fc7d2e5c6d9fcb370d825f3b6fb/screenshot - {}
RESULT: {}
COMMAND: POST /session/e9da8fc7d2e5c6d9fcb370d825f3b6fb/element - {"using":"xpath","value":"//table[contains(@id, \"listView-innerSelectionPanelTable-listUl\")]/tbody/tr[11]/td[2]/div/div"}
RESULT: {}
RESULT: {"using":"xpath","value":"//table[contains(@id, \"listView-innerSelectionPanelTable-listUl\")]/tbody/tr[11]/td[2]/div/div"}
COMMAND: POST /session/e9da8fc7d2e5c6d9fcb370d825f3b6fb/element - {"using":"xpath","value":"//table[contains(@id, \"listView-innerSelectionPanelTable-listUl\")]/tbody/tr[11]/td[2]/div"}
RESULT: {"using":"xpath","value":"//table[contains(@id, \"listView-innerSelectionPanelTable-listUl\")]/tbody/tr[11]/td[2]/div"}
COMMAND: POST /session/e9da8fc7d2e5c6d9fcb370d825f3b6fb/element - {"using":"xpath","value":"//table[contains(@id, \"listView-innerSelectionPanelTable-listUl\")]/tbody/tr[11]/td[3]/div/div/span/span[1]/bdi"}
RESULT: {"using":"xpath","value":"//table[contains(@id, \"listView-innerSelectionPanelTable-listUl\")]/tbody/tr[11]/td[3]/div/div/span/span[1]/bdi"}
COMMAND: POST /session/e9da8fc7d2e5c6d9fcb370d825f3b6fb/execute/sync - {"script":"<script> [56 bytes]","args":[{"element-6066-11e4-a52e-4f735466cecf":"f.EB7466E535C2126E60AFBA1E962AA512.d.EF0CA3C1B82424305A4FD8E5223BFD61.e.6916","ELEMENT":"f.EB7466E535C2126E60AFBA1E962AA512.d.EF0CA3C1B82424305A4FD8E5223BFD61.e.6916"}]}
RESULT: {"script":"<script> [56 bytes]","args":[{"element-6066-11e4-a52e-4f735466cecf":"f.EB7466E535C2126E60AFBA1E962AA512.d.EF0CA3C1B82424305A4FD8E5223BFD61.e.6916","ELEMENT":"f.EB7466E535C2126E60AFBA1E962AA512.d.EF0CA3C1B82424305A4FD8E5223BFD61.e.6916"}]}
COMMAND: GET /session/e9da8fc7d2e5c6d9fcb370d825f3b6fb/element/f.EB7466E535C2126E60AFBA1E962AA512.d.EF0CA3C1B82424305A4FD8E5223BFD61.e.6915/attribute/aria-checked - {}
COMMAND: GET /session/e9da8fc7d2e5c6d9fcb370d825f3b6fb/screenshot - {}
RESULT: {}
COMMAND: POST /session/e9da8fc7d2e5c6d9fcb370d825f3b6fb/element - {"using":"xpath","value":"//table[contains(@id, \"listView-innerSelectionPanelTable-listUl\")]/tbody/tr[12]/td[2]/div/div"}
RESULT: {}
RESULT: {"using":"xpath","value":"//table[contains(@id, \"listView-innerSelectionPanelTable-listUl\")]/tbody/tr[12]/td[2]/div/div"}
COMMAND: POST /session/e9da8fc7d2e5c6d9fcb370d825f3b6fb/element - {"using":"xpath","value":"//table[contains(@id, \"listView-innerSelectionPanelTable-listUl\")]/tbody/tr[12]/td[2]/div"}
RESULT: {"using":"xpath","value":"//table[contains(@id, \"listView-innerSelectionPanelTable-listUl\")]/tbody/tr[12]/td[2]/div"}
COMMAND: POST /session/e9da8fc7d2e5c6d9fcb370d825f3b6fb/element - {"using":"xpath","value":"//table[contains(@id, \"listView-innerSelectionPanelTable-listUl\")]/tbody/tr[12]/td[3]/div/div/span/span[1]/bdi"}
RESULT: {"using":"xpath","value":"//table[contains(@id, \"listView-innerSelectionPanelTable-listUl\")]/tbody/tr[12]/td[3]/div/div/span/span[1]/bdi"}
COMMAND: POST /session/e9da8fc7d2e5c6d9fcb370d825f3b6fb/execute/sync - {"script":"<script> [56 bytes]","args":[{"element-6066-11e4-a52e-4f735466cecf":"f.EB7466E535C2126E60AFBA1E962AA512.d.EF0CA3C1B82424305A4FD8E5223BFD61.e.6919","ELEMENT":"f.EB7466E535C2126E60AFBA1E962AA512.d.EF0CA3C1B82424305A4FD8E5223BFD61.e.6919"}]}
RESULT: {"script":"<script> [56 bytes]","args":[{"element-6066-11e4-a52e-4f735466cecf":"f.EB7466E535C2126E60AFBA1E962AA512.d.EF0CA3C1B82424305A4FD8E5223BFD61.e.6919","ELEMENT":"f.EB7466E535C2126E60AFBA1E962AA512.d.EF0CA3C1B82424305A4FD8E5223BFD61.e.6919"}]}
COMMAND: GET /session/e9da8fc7d2e5c6d9fcb370d825f3b6fb/element/f.EB7466E535C2126E60AFBA1E962AA512.d.EF0CA3C1B82424305A4FD8E5223BFD61.e.6918/attribute/aria-checked - {}
COMMAND: GET /session/e9da8fc7d2e5c6d9fcb370d825f3b6fb/screenshot - {}
RESULT: {}
COMMAND: POST /session/e9da8fc7d2e5c6d9fcb370d825f3b6fb/element - {"using":"xpath","value":"//table[contains(@id, \"listView-innerSelectionPanelTable-listUl\")]/tbody/tr[13]/td[2]/div/div"}
RESULT: {}
RESULT: {"using":"xpath","value":"//table[contains(@id, \"listView-innerSelectionPanelTable-listUl\")]/tbody/tr[13]/td[2]/div/div"}
COMMAND: POST /session/e9da8fc7d2e5c6d9fcb370d825f3b6fb/element - {"using":"xpath","value":"//table[contains(@id, \"listView-innerSelectionPanelTable-listUl\")]/tbody/tr[13]/td[2]/div"}
RESULT: {"using":"xpath","value":"//table[contains(@id, \"listView-innerSelectionPanelTable-listUl\")]/tbody/tr[13]/td[2]/div"}
COMMAND: POST /session/e9da8fc7d2e5c6d9fcb370d825f3b6fb/element - {"using":"xpath","value":"//table[contains(@id, \"listView-innerSelectionPanelTable-listUl\")]/tbody/tr[13]/td[3]/div/div/span/span[1]/bdi"}
RESULT: {"using":"xpath","value":"//table[contains(@id, \"listView-innerSelectionPanelTable-listUl\")]/tbody/tr[13]/td[3]/div/div/span/span[1]/bdi"}
COMMAND: POST /session/e9da8fc7d2e5c6d9fcb370d825f3b6fb/execute/sync - {"script":"<script> [56 bytes]","args":[{"element-6066-11e4-a52e-4f735466cecf":"f.EB7466E535C2126E60AFBA1E962AA512.d.EF0CA3C1B82424305A4FD8E5223BFD61.e.6922","ELEMENT":"f.EB7466E535C2126E60AFBA1E962AA512.d.EF0CA3C1B82424305A4FD8E5223BFD61.e.6922"}]}
RESULT: {"script":"<script> [56 bytes]","args":[{"element-6066-11e4-a52e-4f735466cecf":"f.EB7466E535C2126E60AFBA1E962AA512.d.EF0CA3C1B82424305A4FD8E5223BFD61.e.6922","ELEMENT":"f.EB7466E535C2126E60AFBA1E962AA512.d.EF0CA3C1B82424305A4FD8E5223BFD61.e.6922"}]}
COMMAND: GET /session/e9da8fc7d2e5c6d9fcb370d825f3b6fb/element/f.EB7466E535C2126E60AFBA1E962AA512.d.EF0CA3C1B82424305A4FD8E5223BFD61.e.6921/attribute/aria-checked - {}
COMMAND: GET /session/e9da8fc7d2e5c6d9fcb370d825f3b6fb/screenshot - {}
RESULT: {}
COMMAND: POST /session/e9da8fc7d2e5c6d9fcb370d825f3b6fb/element - {"using":"xpath","value":"//table[contains(@id, \"listView-innerSelectionPanelTable-listUl\")]/tbody/tr[14]/td[2]/div/div"}
COMMAND: POST /session/e9da8fc7d2e5c6d9fcb370d825f3b6fb/element/f.EB7466E535C2126E60AFBA1E962AA512.d.EF0CA3C1B82424305A4FD8E5223BFD61.e.6920/click - {}
RESULT: {}
RESULT: {}
COMMAND: GET /session/e9da8fc7d2e5c6d9fcb370d825f3b6fb/screenshot - {}
RESULT: {"using":"xpath","value":"//table[contains(@id, \"listView-innerSelectionPanelTable-listUl\")]/tbody/tr[14]/td[2]/div/div"}
COMMAND: POST /session/e9da8fc7d2e5c6d9fcb370d825f3b6fb/element - {"using":"xpath","value":"//table[contains(@id, \"listView-innerSelectionPanelTable-listUl\")]/tbody/tr[14]/td[2]/div"}
RESULT: {}
RESULT: {"using":"xpath","value":"//table[contains(@id, \"listView-innerSelectionPanelTable-listUl\")]/tbody/tr[14]/td[2]/div"}
COMMAND: POST /session/e9da8fc7d2e5c6d9fcb370d825f3b6fb/element - {"using":"xpath","value":"//table[contains(@id, \"listView-innerSelectionPanelTable-listUl\")]/tbody/tr[14]/td[3]/div/div/span/span[1]/bdi"}
RESULT: {"using":"xpath","value":"//table[contains(@id, \"listView-innerSelectionPanelTable-listUl\")]/tbody/tr[14]/td[3]/div/div/span/span[1]/bdi"}
COMMAND: POST /session/e9da8fc7d2e5c6d9fcb370d825f3b6fb/execute/sync - {"script":"<script> [56 bytes]","args":[{"element-6066-11e4-a52e-4f735466cecf":"f.EB7466E535C2126E60AFBA1E962AA512.d.EF0CA3C1B82424305A4FD8E5223BFD61.e.6926","ELEMENT":"f.EB7466E535C2126E60AFBA1E962AA512.d.EF0CA3C1B82424305A4FD8E5223BFD61.e.6926"}]}
RESULT: {"script":"<script> [56 bytes]","args":[{"element-6066-11e4-a52e-4f735466cecf":"f.EB7466E535C2126E60AFBA1E962AA512.d.EF0CA3C1B82424305A4FD8E5223BFD61.e.6926","ELEMENT":"f.EB7466E535C2126E60AFBA1E962AA512.d.EF0CA3C1B82424305A4FD8E5223BFD61.e.6926"}]}
COMMAND: GET /session/e9da8fc7d2e5c6d9fcb370d825f3b6fb/element/f.EB7466E535C2126E60AFBA1E962AA512.d.EF0CA3C1B82424305A4FD8E5223BFD61.e.6925/attribute/aria-checked - {}
COMMAND: GET /session/e9da8fc7d2e5c6d9fcb370d825f3b6fb/screenshot - {}
RESULT: {}
COMMAND: POST /session/e9da8fc7d2e5c6d9fcb370d825f3b6fb/element - {"using":"xpath","value":"//table[contains(@id, \"listView-innerSelectionPanelTable-listUl\")]/tbody/tr[15]/td[2]/div/div"}
RESULT: {}
RESULT: {"using":"xpath","value":"//table[contains(@id, \"listView-innerSelectionPanelTable-listUl\")]/tbody/tr[15]/td[2]/div/div"}
COMMAND: POST /session/e9da8fc7d2e5c6d9fcb370d825f3b6fb/element - {"using":"xpath","value":"//table[contains(@id, \"listView-innerSelectionPanelTable-listUl\")]/tbody/tr[15]/td[2]/div"}
RESULT: {"using":"xpath","value":"//table[contains(@id, \"listView-innerSelectionPanelTable-listUl\")]/tbody/tr[15]/td[2]/div"}
COMMAND: POST /session/e9da8fc7d2e5c6d9fcb370d825f3b6fb/element - {"using":"xpath","value":"//table[contains(@id, \"listView-innerSelectionPanelTable-listUl\")]/tbody/tr[15]/td[3]/div/div/span/span[1]/bdi"}
RESULT: {"using":"xpath","value":"//table[contains(@id, \"listView-innerSelectionPanelTable-listUl\")]/tbody/tr[15]/td[3]/div/div/span/span[1]/bdi"}
COMMAND: POST /session/e9da8fc7d2e5c6d9fcb370d825f3b6fb/execute/sync - {"script":"<script> [56 bytes]","args":[{"element-6066-11e4-a52e-4f735466cecf":"f.EB7466E535C2126E60AFBA1E962AA512.d.EF0CA3C1B82424305A4FD8E5223BFD61.e.6929","ELEMENT":"f.EB7466E535C2126E60AFBA1E962AA512.d.EF0CA3C1B82424305A4FD8E5223BFD61.e.6929"}]}
RESULT: {"script":"<script> [56 bytes]","args":[{"element-6066-11e4-a52e-4f735466cecf":"f.EB7466E535C2126E60AFBA1E962AA512.d.EF0CA3C1B82424305A4FD8E5223BFD61.e.6929","ELEMENT":"f.EB7466E535C2126E60AFBA1E962AA512.d.EF0CA3C1B82424305A4FD8E5223BFD61.e.6929"}]}
COMMAND: GET /session/e9da8fc7d2e5c6d9fcb370d825f3b6fb/element/f.EB7466E535C2126E60AFBA1E962AA512.d.EF0CA3C1B82424305A4FD8E5223BFD61.e.6928/attribute/aria-checked - {}
COMMAND: GET /session/e9da8fc7d2e5c6d9fcb370d825f3b6fb/screenshot - {}
RESULT: {}
COMMAND: POST /session/e9da8fc7d2e5c6d9fcb370d825f3b6fb/element - {"using":"xpath","value":"//table[contains(@id, \"listView-innerSelectionPanelTable-listUl\")]/tbody/tr[16]/td[2]/div/div"}
RESULT: {}
RESULT: {"using":"xpath","value":"//table[contains(@id, \"listView-innerSelectionPanelTable-listUl\")]/tbody/tr[16]/td[2]/div/div"}
COMMAND: POST /session/e9da8fc7d2e5c6d9fcb370d825f3b6fb/element - {"using":"xpath","value":"//table[contains(@id, \"listView-innerSelectionPanelTable-listUl\")]/tbody/tr[16]/td[2]/div"}
RESULT: {"using":"xpath","value":"//table[contains(@id, \"listView-innerSelectionPanelTable-listUl\")]/tbody/tr[16]/td[2]/div"}
COMMAND: POST /session/e9da8fc7d2e5c6d9fcb370d825f3b6fb/element - {"using":"xpath","value":"//table[contains(@id, \"listView-innerSelectionPanelTable-listUl\")]/tbody/tr[16]/td[3]/div/div/span/span[1]/bdi"}
RESULT: {"using":"xpath","value":"//table[contains(@id, \"listView-innerSelectionPanelTable-listUl\")]/tbody/tr[16]/td[3]/div/div/span/span[1]/bdi"}
COMMAND: POST /session/e9da8fc7d2e5c6d9fcb370d825f3b6fb/execute/sync - {"script":"<script> [56 bytes]","args":[{"element-6066-11e4-a52e-4f735466cecf":"f.EB7466E535C2126E60AFBA1E962AA512.d.EF0CA3C1B82424305A4FD8E5223BFD61.e.6932","ELEMENT":"f.EB7466E535C2126E60AFBA1E962AA512.d.EF0CA3C1B82424305A4FD8E5223BFD61.e.6932"}]}
RESULT: {"script":"<script> [56 bytes]","args":[{"element-6066-11e4-a52e-4f735466cecf":"f.EB7466E535C2126E60AFBA1E962AA512.d.EF0CA3C1B82424305A4FD8E5223BFD61.e.6932","ELEMENT":"f.EB7466E535C2126E60AFBA1E962AA512.d.EF0CA3C1B82424305A4FD8E5223BFD61.e.6932"}]}
COMMAND: GET /session/e9da8fc7d2e5c6d9fcb370d825f3b6fb/element/f.EB7466E535C2126E60AFBA1E962AA512.d.EF0CA3C1B82424305A4FD8E5223BFD61.e.6931/attribute/aria-checked - {}
COMMAND: GET /session/e9da8fc7d2e5c6d9fcb370d825f3b6fb/screenshot - {}
RESULT: {}
COMMAND: POST /session/e9da8fc7d2e5c6d9fcb370d825f3b6fb/element - {"using":"xpath","value":"//table[contains(@id, \"listView-innerSelectionPanelTable-listUl\")]/tbody/tr[17]/td[2]/div/div"}
RESULT: {}
RESULT: {"using":"xpath","value":"//table[contains(@id, \"listView-innerSelectionPanelTable-listUl\")]/tbody/tr[17]/td[2]/div/div"}
COMMAND: POST /session/e9da8fc7d2e5c6d9fcb370d825f3b6fb/element - {"using":"xpath","value":"//table[contains(@id, \"listView-innerSelectionPanelTable-listUl\")]/tbody/tr[17]/td[2]/div"}
RESULT: {"using":"xpath","value":"//table[contains(@id, \"listView-innerSelectionPanelTable-listUl\")]/tbody/tr[17]/td[2]/div"}
COMMAND: POST /session/e9da8fc7d2e5c6d9fcb370d825f3b6fb/element - {"using":"xpath","value":"//table[contains(@id, \"listView-innerSelectionPanelTable-listUl\")]/tbody/tr[17]/td[3]/div/div/span/span[1]/bdi"}
RESULT: {"using":"xpath","value":"//table[contains(@id, \"listView-innerSelectionPanelTable-listUl\")]/tbody/tr[17]/td[3]/div/div/span/span[1]/bdi"}
COMMAND: POST /session/e9da8fc7d2e5c6d9fcb370d825f3b6fb/execute/sync - {"script":"<script> [56 bytes]","args":[{"element-6066-11e4-a52e-4f735466cecf":"f.EB7466E535C2126E60AFBA1E962AA512.d.EF0CA3C1B82424305A4FD8E5223BFD61.e.6935","ELEMENT":"f.EB7466E535C2126E60AFBA1E962AA512.d.EF0CA3C1B82424305A4FD8E5223BFD61.e.6935"}]}
RESULT: {"script":"<script> [56 bytes]","args":[{"element-6066-11e4-a52e-4f735466cecf":"f.EB7466E535C2126E60AFBA1E962AA512.d.EF0CA3C1B82424305A4FD8E5223BFD61.e.6935","ELEMENT":"f.EB7466E535C2126E60AFBA1E962AA512.d.EF0CA3C1B82424305A4FD8E5223BFD61.e.6935"}]}
COMMAND: GET /session/e9da8fc7d2e5c6d9fcb370d825f3b6fb/element/f.EB7466E535C2126E60AFBA1E962AA512.d.EF0CA3C1B82424305A4FD8E5223BFD61.e.6934/attribute/aria-checked - {}
COMMAND: GET /session/e9da8fc7d2e5c6d9fcb370d825f3b6fb/screenshot - {}
RESULT: {}
COMMAND: POST /session/e9da8fc7d2e5c6d9fcb370d825f3b6fb/element - {"using":"xpath","value":"//table[contains(@id, \"listView-innerSelectionPanelTable-listUl\")]/tbody/tr[18]/td[2]/div/div"}
RESULT: {}
RESULT: {"using":"xpath","value":"//table[contains(@id, \"listView-innerSelectionPanelTable-listUl\")]/tbody/tr[18]/td[2]/div/div"}
COMMAND: POST /session/e9da8fc7d2e5c6d9fcb370d825f3b6fb/element - {"using":"xpath","value":"//table[contains(@id, \"listView-innerSelectionPanelTable-listUl\")]/tbody/tr[18]/td[2]/div"}
RESULT: {"using":"xpath","value":"//table[contains(@id, \"listView-innerSelectionPanelTable-listUl\")]/tbody/tr[18]/td[2]/div"}
COMMAND: POST /session/e9da8fc7d2e5c6d9fcb370d825f3b6fb/element - {"using":"xpath","value":"//table[contains(@id, \"listView-innerSelectionPanelTable-listUl\")]/tbody/tr[18]/td[3]/div/div/span/span[1]/bdi"}
RESULT: {"using":"xpath","value":"//table[contains(@id, \"listView-innerSelectionPanelTable-listUl\")]/tbody/tr[18]/td[3]/div/div/span/span[1]/bdi"}
COMMAND: POST /session/e9da8fc7d2e5c6d9fcb370d825f3b6fb/execute/sync - {"script":"<script> [56 bytes]","args":[{"element-6066-11e4-a52e-4f735466cecf":"f.EB7466E535C2126E60AFBA1E962AA512.d.EF0CA3C1B82424305A4FD8E5223BFD61.e.6938","ELEMENT":"f.EB7466E535C2126E60AFBA1E962AA512.d.EF0CA3C1B82424305A4FD8E5223BFD61.e.6938"}]}
RESULT: {"script":"<script> [56 bytes]","args":[{"element-6066-11e4-a52e-4f735466cecf":"f.EB7466E535C2126E60AFBA1E962AA512.d.EF0CA3C1B82424305A4FD8E5223BFD61.e.6938","ELEMENT":"f.EB7466E535C2126E60AFBA1E962AA512.d.EF0CA3C1B82424305A4FD8E5223BFD61.e.6938"}]}
COMMAND: GET /session/e9da8fc7d2e5c6d9fcb370d825f3b6fb/element/f.EB7466E535C2126E60AFBA1E962AA512.d.EF0CA3C1B82424305A4FD8E5223BFD61.e.6937/attribute/aria-checked - {}
COMMAND: GET /session/e9da8fc7d2e5c6d9fcb370d825f3b6fb/screenshot - {}
RESULT: {}
COMMAND: POST /session/e9da8fc7d2e5c6d9fcb370d825f3b6fb/element - {"using":"xpath","value":"//table[contains(@id, \"listView-innerSelectionPanelTable-listUl\")]/tbody/tr[19]/td[2]/div/div"}
RESULT: {}
RESULT: {"using":"xpath","value":"//table[contains(@id, \"listView-innerSelectionPanelTable-listUl\")]/tbody/tr[19]/td[2]/div/div"}
COMMAND: POST /session/e9da8fc7d2e5c6d9fcb370d825f3b6fb/element - {"using":"xpath","value":"//table[contains(@id, \"listView-innerSelectionPanelTable-listUl\")]/tbody/tr[19]/td[2]/div"}
RESULT: {"using":"xpath","value":"//table[contains(@id, \"listView-innerSelectionPanelTable-listUl\")]/tbody/tr[19]/td[2]/div"}
COMMAND: POST /session/e9da8fc7d2e5c6d9fcb370d825f3b6fb/element - {"using":"xpath","value":"//table[contains(@id, \"listView-innerSelectionPanelTable-listUl\")]/tbody/tr[19]/td[3]/div/div/span/span[1]/bdi"}
RESULT: {"using":"xpath","value":"//table[contains(@id, \"listView-innerSelectionPanelTable-listUl\")]/tbody/tr[19]/td[3]/div/div/span/span[1]/bdi"}
COMMAND: POST /session/e9da8fc7d2e5c6d9fcb370d825f3b6fb/execute/sync - {"script":"<script> [56 bytes]","args":[{"element-6066-11e4-a52e-4f735466cecf":"f.EB7466E535C2126E60AFBA1E962AA512.d.EF0CA3C1B82424305A4FD8E5223BFD61.e.6941","ELEMENT":"f.EB7466E535C2126E60AFBA1E962AA512.d.EF0CA3C1B82424305A4FD8E5223BFD61.e.6941"}]}
RESULT: {"script":"<script> [56 bytes]","args":[{"element-6066-11e4-a52e-4f735466cecf":"f.EB7466E535C2126E60AFBA1E962AA512.d.EF0CA3C1B82424305A4FD8E5223BFD61.e.6941","ELEMENT":"f.EB7466E535C2126E60AFBA1E962AA512.d.EF0CA3C1B82424305A4FD8E5223BFD61.e.6941"}]}
COMMAND: GET /session/e9da8fc7d2e5c6d9fcb370d825f3b6fb/element/f.EB7466E535C2126E60AFBA1E962AA512.d.EF0CA3C1B82424305A4FD8E5223BFD61.e.6940/attribute/aria-checked - {}
COMMAND: GET /session/e9da8fc7d2e5c6d9fcb370d825f3b6fb/screenshot - {}
RESULT: {}
COMMAND: POST /session/e9da8fc7d2e5c6d9fcb370d825f3b6fb/element - {"using":"xpath","value":"//table[contains(@id, \"listView-innerSelectionPanelTable-listUl\")]/tbody/tr[20]/td[2]/div/div"}
RESULT: {}
RESULT: {"using":"xpath","value":"//table[contains(@id, \"listView-innerSelectionPanelTable-listUl\")]/tbody/tr[20]/td[2]/div/div"}
COMMAND: POST /session/e9da8fc7d2e5c6d9fcb370d825f3b6fb/element - {"using":"xpath","value":"//table[contains(@id, \"listView-innerSelectionPanelTable-listUl\")]/tbody/tr[20]/td[2]/div"}
RESULT: {"using":"xpath","value":"//table[contains(@id, \"listView-innerSelectionPanelTable-listUl\")]/tbody/tr[20]/td[2]/div"}
COMMAND: POST /session/e9da8fc7d2e5c6d9fcb370d825f3b6fb/element - {"using":"xpath","value":"//table[contains(@id, \"listView-innerSelectionPanelTable-listUl\")]/tbody/tr[20]/td[3]/div/div/span/span[1]/bdi"}
RESULT: {"using":"xpath","value":"//table[contains(@id, \"listView-innerSelectionPanelTable-listUl\")]/tbody/tr[20]/td[3]/div/div/span/span[1]/bdi"}
COMMAND: POST /session/e9da8fc7d2e5c6d9fcb370d825f3b6fb/execute/sync - {"script":"<script> [56 bytes]","args":[{"element-6066-11e4-a52e-4f735466cecf":"f.EB7466E535C2126E60AFBA1E962AA512.d.EF0CA3C1B82424305A4FD8E5223BFD61.e.6944","ELEMENT":"f.EB7466E535C2126E60AFBA1E962AA512.d.EF0CA3C1B82424305A4FD8E5223BFD61.e.6944"}]}
RESULT: {"script":"<script> [56 bytes]","args":[{"element-6066-11e4-a52e-4f735466cecf":"f.EB7466E535C2126E60AFBA1E962AA512.d.EF0CA3C1B82424305A4FD8E5223BFD61.e.6944","ELEMENT":"f.EB7466E535C2126E60AFBA1E962AA512.d.EF0CA3C1B82424305A4FD8E5223BFD61.e.6944"}]}
COMMAND: GET /session/e9da8fc7d2e5c6d9fcb370d825f3b6fb/element/f.EB7466E535C2126E60AFBA1E962AA512.d.EF0CA3C1B82424305A4FD8E5223BFD61.e.6943/attribute/aria-checked - {}
COMMAND: GET /session/e9da8fc7d2e5c6d9fcb370d825f3b6fb/screenshot - {}
RESULT: {}
COMMAND: POST /session/e9da8fc7d2e5c6d9fcb370d825f3b6fb/element - {"using":"xpath","value":"//table[contains(@id, \"listView-innerSelectionPanelTable-listUl\")]/tbody/tr[21]/td[2]/div/div"}
RESULT: {}
RESULT: {"using":"xpath","value":"//table[contains(@id, \"listView-innerSelectionPanelTable-listUl\")]/tbody/tr[21]/td[2]/div/div"}
COMMAND: POST /session/e9da8fc7d2e5c6d9fcb370d825f3b6fb/element - {"using":"xpath","value":"//table[contains(@id, \"listView-innerSelectionPanelTable-listUl\")]/tbody/tr[21]/td[2]/div"}
RESULT: {"using":"xpath","value":"//table[contains(@id, \"listView-innerSelectionPanelTable-listUl\")]/tbody/tr[21]/td[2]/div"}
COMMAND: POST /session/e9da8fc7d2e5c6d9fcb370d825f3b6fb/element - {"using":"xpath","value":"//table[contains(@id, \"listView-innerSelectionPanelTable-listUl\")]/tbody/tr[21]/td[3]/div/div/span/span[1]/bdi"}
RESULT: {"using":"xpath","value":"//table[contains(@id, \"listView-innerSelectionPanelTable-listUl\")]/tbody/tr[21]/td[3]/div/div/span/span[1]/bdi"}
COMMAND: POST /session/e9da8fc7d2e5c6d9fcb370d825f3b6fb/execute/sync - {"script":"<script> [56 bytes]","args":[{"element-6066-11e4-a52e-4f735466cecf":"f.EB7466E535C2126E60AFBA1E962AA512.d.EF0CA3C1B82424305A4FD8E5223BFD61.e.6947","ELEMENT":"f.EB7466E535C2126E60AFBA1E962AA512.d.EF0CA3C1B82424305A4FD8E5223BFD61.e.6947"}]}
RESULT: {"script":"<script> [56 bytes]","args":[{"element-6066-11e4-a52e-4f735466cecf":"f.EB7466E535C2126E60AFBA1E962AA512.d.EF0CA3C1B82424305A4FD8E5223BFD61.e.6947","ELEMENT":"f.EB7466E535C2126E60AFBA1E962AA512.d.EF0CA3C1B82424305A4FD8E5223BFD61.e.6947"}]}
COMMAND: GET /session/e9da8fc7d2e5c6d9fcb370d825f3b6fb/element/f.EB7466E535C2126E60AFBA1E962AA512.d.EF0CA3C1B82424305A4FD8E5223BFD61.e.6946/attribute/aria-checked - {}
COMMAND: GET /session/e9da8fc7d2e5c6d9fcb370d825f3b6fb/screenshot - {}
RESULT: {}
COMMAND: POST /session/e9da8fc7d2e5c6d9fcb370d825f3b6fb/element - {"using":"xpath","value":"//table[contains(@id, \"listView-innerSelectionPanelTable-listUl\")]/tbody/tr[22]/td[2]/div/div"}
RESULT: {}
RESULT: {"using":"xpath","value":"//table[contains(@id, \"listView-innerSelectionPanelTable-listUl\")]/tbody/tr[22]/td[2]/div/div"}
COMMAND: POST /session/e9da8fc7d2e5c6d9fcb370d825f3b6fb/element - {"using":"xpath","value":"//table[contains(@id, \"listView-innerSelectionPanelTable-listUl\")]/tbody/tr[22]/td[2]/div"}
RESULT: {"using":"xpath","value":"//table[contains(@id, \"listView-innerSelectionPanelTable-listUl\")]/tbody/tr[22]/td[2]/div"}
COMMAND: POST /session/e9da8fc7d2e5c6d9fcb370d825f3b6fb/element - {"using":"xpath","value":"//table[contains(@id, \"listView-innerSelectionPanelTable-listUl\")]/tbody/tr[22]/td[3]/div/div/span/span[1]/bdi"}
RESULT: {"using":"xpath","value":"//table[contains(@id, \"listView-innerSelectionPanelTable-listUl\")]/tbody/tr[22]/td[3]/div/div/span/span[1]/bdi"}
COMMAND: POST /session/e9da8fc7d2e5c6d9fcb370d825f3b6fb/execute/sync - {"script":"<script> [56 bytes]","args":[{"element-6066-11e4-a52e-4f735466cecf":"f.EB7466E535C2126E60AFBA1E962AA512.d.EF0CA3C1B82424305A4FD8E5223BFD61.e.6950","ELEMENT":"f.EB7466E535C2126E60AFBA1E962AA512.d.EF0CA3C1B82424305A4FD8E5223BFD61.e.6950"}]}
RESULT: {"script":"<script> [56 bytes]","args":[{"element-6066-11e4-a52e-4f735466cecf":"f.EB7466E535C2126E60AFBA1E962AA512.d.EF0CA3C1B82424305A4FD8E5223BFD61.e.6950","ELEMENT":"f.EB7466E535C2126E60AFBA1E962AA512.d.EF0CA3C1B82424305A4FD8E5223BFD61.e.6950"}]}
COMMAND: GET /session/e9da8fc7d2e5c6d9fcb370d825f3b6fb/element/f.EB7466E535C2126E60AFBA1E962AA512.d.EF0CA3C1B82424305A4FD8E5223BFD61.e.6949/attribute/aria-checked - {}
COMMAND: GET /session/e9da8fc7d2e5c6d9fcb370d825f3b6fb/screenshot - {}
RESULT: {}
COMMAND: POST /session/e9da8fc7d2e5c6d9fcb370d825f3b6fb/element - {"using":"xpath","value":"//table[contains(@id, \"listView-innerSelectionPanelTable-listUl\")]/tbody/tr[23]/td[2]/div/div"}
RESULT: {}
RESULT: {"using":"xpath","value":"//table[contains(@id, \"listView-innerSelectionPanelTable-listUl\")]/tbody/tr[23]/td[2]/div/div"}
COMMAND: POST /session/e9da8fc7d2e5c6d9fcb370d825f3b6fb/element - {"using":"xpath","value":"//table[contains(@id, \"listView-innerSelectionPanelTable-listUl\")]/tbody/tr[23]/td[2]/div"}
RESULT: {"using":"xpath","value":"//table[contains(@id, \"listView-innerSelectionPanelTable-listUl\")]/tbody/tr[23]/td[2]/div"}
COMMAND: POST /session/e9da8fc7d2e5c6d9fcb370d825f3b6fb/element - {"using":"xpath","value":"//table[contains(@id, \"listView-innerSelectionPanelTable-listUl\")]/tbody/tr[23]/td[3]/div/div/span/span[1]/bdi"}
RESULT: {"using":"xpath","value":"//table[contains(@id, \"listView-innerSelectionPanelTable-listUl\")]/tbody/tr[23]/td[3]/div/div/span/span[1]/bdi"}
COMMAND: POST /session/e9da8fc7d2e5c6d9fcb370d825f3b6fb/execute/sync - {"script":"<script> [56 bytes]","args":[{"element-6066-11e4-a52e-4f735466cecf":"f.EB7466E535C2126E60AFBA1E962AA512.d.EF0CA3C1B82424305A4FD8E5223BFD61.e.6953","ELEMENT":"f.EB7466E535C2126E60AFBA1E962AA512.d.EF0CA3C1B82424305A4FD8E5223BFD61.e.6953"}]}
RESULT: {"script":"<script> [56 bytes]","args":[{"element-6066-11e4-a52e-4f735466cecf":"f.EB7466E535C2126E60AFBA1E962AA512.d.EF0CA3C1B82424305A4FD8E5223BFD61.e.6953","ELEMENT":"f.EB7466E535C2126E60AFBA1E962AA512.d.EF0CA3C1B82424305A4FD8E5223BFD61.e.6953"}]}
COMMAND: GET /session/e9da8fc7d2e5c6d9fcb370d825f3b6fb/element/f.EB7466E535C2126E60AFBA1E962AA512.d.EF0CA3C1B82424305A4FD8E5223BFD61.e.6952/attribute/aria-checked - {}
COMMAND: GET /session/e9da8fc7d2e5c6d9fcb370d825f3b6fb/screenshot - {}
RESULT: {}
COMMAND: POST /session/e9da8fc7d2e5c6d9fcb370d825f3b6fb/element - {"using":"xpath","value":"//table[contains(@id, \"listView-innerSelectionPanelTable-listUl\")]/tbody/tr[24]/td[2]/div/div"}
RESULT: {}
RESULT: {"using":"xpath","value":"//table[contains(@id, \"listView-innerSelectionPanelTable-listUl\")]/tbody/tr[24]/td[2]/div/div"}
COMMAND: POST /session/e9da8fc7d2e5c6d9fcb370d825f3b6fb/element - {"using":"xpath","value":"//table[contains(@id, \"listView-innerSelectionPanelTable-listUl\")]/tbody/tr[24]/td[2]/div"}
RESULT: {"using":"xpath","value":"//table[contains(@id, \"listView-innerSelectionPanelTable-listUl\")]/tbody/tr[24]/td[2]/div"}
COMMAND: POST /session/e9da8fc7d2e5c6d9fcb370d825f3b6fb/element - {"using":"xpath","value":"//table[contains(@id, \"listView-innerSelectionPanelTable-listUl\")]/tbody/tr[24]/td[3]/div/div/span/span[1]/bdi"}
RESULT: {"using":"xpath","value":"//table[contains(@id, \"listView-innerSelectionPanelTable-listUl\")]/tbody/tr[24]/td[3]/div/div/span/span[1]/bdi"}
COMMAND: POST /session/e9da8fc7d2e5c6d9fcb370d825f3b6fb/execute/sync - {"script":"<script> [56 bytes]","args":[{"element-6066-11e4-a52e-4f735466cecf":"f.EB7466E535C2126E60AFBA1E962AA512.d.EF0CA3C1B82424305A4FD8E5223BFD61.e.6956","ELEMENT":"f.EB7466E535C2126E60AFBA1E962AA512.d.EF0CA3C1B82424305A4FD8E5223BFD61.e.6956"}]}
RESULT: {"script":"<script> [56 bytes]","args":[{"element-6066-11e4-a52e-4f735466cecf":"f.EB7466E535C2126E60AFBA1E962AA512.d.EF0CA3C1B82424305A4FD8E5223BFD61.e.6956","ELEMENT":"f.EB7466E535C2126E60AFBA1E962AA512.d.EF0CA3C1B82424305A4FD8E5223BFD61.e.6956"}]}
COMMAND: GET /session/e9da8fc7d2e5c6d9fcb370d825f3b6fb/element/f.EB7466E535C2126E60AFBA1E962AA512.d.EF0CA3C1B82424305A4FD8E5223BFD61.e.6955/attribute/aria-checked - {}
COMMAND: GET /session/e9da8fc7d2e5c6d9fcb370d825f3b6fb/screenshot - {}
RESULT: {}
COMMAND: POST /session/e9da8fc7d2e5c6d9fcb370d825f3b6fb/element - {"using":"xpath","value":"//table[contains(@id, \"listView-innerSelectionPanelTable-listUl\")]/tbody/tr[25]/td[2]/div/div"}
RESULT: {}
RESULT: {"using":"xpath","value":"//table[contains(@id, \"listView-innerSelectionPanelTable-listUl\")]/tbody/tr[25]/td[2]/div/div"}
COMMAND: POST /session/e9da8fc7d2e5c6d9fcb370d825f3b6fb/element - {"using":"xpath","value":"//table[contains(@id, \"listView-innerSelectionPanelTable-listUl\")]/tbody/tr[25]/td[2]/div"}
RESULT: {"using":"xpath","value":"//table[contains(@id, \"listView-innerSelectionPanelTable-listUl\")]/tbody/tr[25]/td[2]/div"}
COMMAND: POST /session/e9da8fc7d2e5c6d9fcb370d825f3b6fb/element - {"using":"xpath","value":"//table[contains(@id, \"listView-innerSelectionPanelTable-listUl\")]/tbody/tr[25]/td[3]/div/div/span/span[1]/bdi"}
RESULT: {"using":"xpath","value":"//table[contains(@id, \"listView-innerSelectionPanelTable-listUl\")]/tbody/tr[25]/td[3]/div/div/span/span[1]/bdi"}
COMMAND: POST /session/e9da8fc7d2e5c6d9fcb370d825f3b6fb/execute/sync - {"script":"<script> [56 bytes]","args":[{"element-6066-11e4-a52e-4f735466cecf":"f.EB7466E535C2126E60AFBA1E962AA512.d.EF0CA3C1B82424305A4FD8E5223BFD61.e.6959","ELEMENT":"f.EB7466E535C2126E60AFBA1E962AA512.d.EF0CA3C1B82424305A4FD8E5223BFD61.e.6959"}]}
RESULT: {"script":"<script> [56 bytes]","args":[{"element-6066-11e4-a52e-4f735466cecf":"f.EB7466E535C2126E60AFBA1E962AA512.d.EF0CA3C1B82424305A4FD8E5223BFD61.e.6959","ELEMENT":"f.EB7466E535C2126E60AFBA1E962AA512.d.EF0CA3C1B82424305A4FD8E5223BFD61.e.6959"}]}
COMMAND: GET /session/e9da8fc7d2e5c6d9fcb370d825f3b6fb/element/f.EB7466E535C2126E60AFBA1E962AA512.d.EF0CA3C1B82424305A4FD8E5223BFD61.e.6958/attribute/aria-checked - {}
COMMAND: GET /session/e9da8fc7d2e5c6d9fcb370d825f3b6fb/screenshot - {}
RESULT: {}
COMMAND: POST /session/e9da8fc7d2e5c6d9fcb370d825f3b6fb/element - {"using":"xpath","value":"//bdi[contains(text(), \"OK\")]"}
RESULT: {}
RESULT: {"using":"xpath","value":"//bdi[contains(text(), \"OK\")]"}
COMMAND: POST /session/e9da8fc7d2e5c6d9fcb370d825f3b6fb/element/f.EB7466E535C2126E60AFBA1E962AA512.d.EF0CA3C1B82424305A4FD8E5223BFD61.e.6960/click - {}
RESULT: {}
COMMAND: GET /session/e9da8fc7d2e5c6d9fcb370d825f3b6fb/screenshot - {}
RESULT: {}
COMMAND: POST /session/e9da8fc7d2e5c6d9fcb370d825f3b6fb/execute/async - {"script":"<script> [1562 bytes]","args":[{"selector":{"id":"application-managepartners-display-component---masterPtm--smartFilterBar-filterItemControlA_-LINK_TO_ADDRESSES_MAIN.CITY1-vhi"},"wdio_ui5_key":"applicationmanagepartners-display-component---masterPtm--smartFilterBar-filterItemControlA_-LINK_TO_ADDRESSES_MAIN.CITY1-vhi"}]}
RESULT: {"script":"<script> [1562 bytes]","args":[{"selector":{"id":"application-managepartners-display-component---masterPtm--smartFilterBar-filterItemControlA_-LINK_TO_ADDRESSES_MAIN.CITY1-vhi"},"wdio_ui5_key":"applicationmanagepartners-display-component---masterPtm--smartFilterBar-filterItemControlA_-LINK_TO_ADDRESSES_MAIN.CITY1-vhi"}]}
RESULT: undefined
COMMAND: POST /session/e9da8fc7d2e5c6d9fcb370d825f3b6fb/element - {"using":"xpath","value":"//*[@id=\"application-managepartners-display-component---masterPtm--smartFilterBar-filterItemControlA_-LINK_TO_ADDRESSES_MAIN.CITY1-vhi\"]"}
RESULT: {"using":"xpath","value":"//*[@id=\"application-managepartners-display-component---masterPtm--smartFilterBar-filterItemControlA_-LINK_TO_ADDRESSES_MAIN.CITY1-vhi\"]"}
COMMAND: POST /session/e9da8fc7d2e5c6d9fcb370d825f3b6fb/element/f.EB7466E535C2126E60AFBA1E962AA512.d.EF0CA3C1B82424305A4FD8E5223BFD61.e.6974/click - {}
RESULT: {}
COMMAND: GET /session/e9da8fc7d2e5c6d9fcb370d825f3b6fb/screenshot - {}
RESULT: {}
COMMAND: POST /session/e9da8fc7d2e5c6d9fcb370d825f3b6fb/execute/async - {"script":"<script> [1562 bytes]","args":[{"selector":{"controlType":"sap.m.Input","viewName":"etm.portal.ui.managepartners.view.Master","viewId":"application-managepartners-display-component---masterPtm","properties":{"valueState":"None"},"searchOpenDialogs":true,"interaction":{"idSuffix":"inner"}},"wdio_ui5_key":"etmportal.ui.managepartners.view.Mastersap.m.Input{\"valueState\":\"None\"}"}]}
RESULT: {"script":"<script> [1562 bytes]","args":[{"selector":{"controlType":"sap.m.Input","viewName":"etm.portal.ui.managepartners.view.Master","viewId":"application-managepartners-display-component---masterPtm","properties":{"valueState":"None"},"searchOpenDialogs":true,"interaction":{"idSuffix":"inner"}},"wdio_ui5_key":"etmportal.ui.managepartners.view.Mastersap.m.Input{\"valueState\":\"None\"}"}]}
RESULT: undefined
COMMAND: POST /session/e9da8fc7d2e5c6d9fcb370d825f3b6fb/execute/async - {"script":"<script> [776 bytes]","args":[{"enterText":"Bucure","selector":{"controlType":"sap.m.Input","viewName":"etm.portal.ui.managepartners.view.Master","viewId":"application-managepartners-display-component---masterPtm","properties":{"valueState":"None"},"searchOpenDialogs":true,"interaction":{"idSuffix":"inner"}},"clearTextFirst":true,"interactionType":"ENTER_TEXT"}]}
RESULT: {"script":"<script> [776 bytes]","args":[{"enterText":"Bucure","selector":{"controlType":"sap.m.Input","viewName":"etm.portal.ui.managepartners.view.Master","viewId":"application-managepartners-display-component---masterPtm","properties":{"valueState":"None"},"searchOpenDialogs":true,"interaction":{"idSuffix":"inner"}},"clearTextFirst":true,"interactionType":"ENTER_TEXT"}]}
COMMAND: POST /session/e9da8fc7d2e5c6d9fcb370d825f3b6fb/actions - {"actions":[{"id":"action21","type":"key","parameters":{},"actions":[{"type":"keyDown","value":""},{"type":"pause","duration":10},{"type":"keyUp","value":""}]}]}
RESULT: {"actions":[{"id":"action21","type":"key","parameters":{},"actions":[{"type":"keyDown","value":""},{"type":"pause","duration":10},{"type":"keyUp","value":""}]}]}
COMMAND: GET /session/e9da8fc7d2e5c6d9fcb370d825f3b6fb/screenshot - {}
RESULT: {}
COMMAND: POST /session/e9da8fc7d2e5c6d9fcb370d825f3b6fb/element - {"using":"xpath","value":"(//bdi[contains(text(), \"OK\")])[1]"}
RESULT: {"using":"xpath","value":"(//bdi[contains(text(), \"OK\")])[1]"}
COMMAND: POST /session/e9da8fc7d2e5c6d9fcb370d825f3b6fb/element/f.EB7466E535C2126E60AFBA1E962AA512.d.EF0CA3C1B82424305A4FD8E5223BFD61.e.6980/click - {}
RESULT: {}
COMMAND: GET /session/e9da8fc7d2e5c6d9fcb370d825f3b6fb/screenshot - {}
RESULT: {}
COMMAND: POST /session/e9da8fc7d2e5c6d9fcb370d825f3b6fb/element - {"using":"xpath","value":"//span[@id=\"application-managepartners-display-component---masterPtm--smartTable-header-inner\"]"}
RESULT: {"using":"xpath","value":"//span[@id=\"application-managepartners-display-component---masterPtm--smartTable-header-inner\"]"}
COMMAND: POST /session/e9da8fc7d2e5c6d9fcb370d825f3b6fb/elements - {"using":"xpath","value":"//span[@id=\"application-managepartners-display-component---masterPtm--smartTable-header-inner\"]"}
RESULT: {"using":"xpath","value":"//span[@id=\"application-managepartners-display-component---masterPtm--smartTable-header-inner\"]"}
COMMAND: POST /session/e9da8fc7d2e5c6d9fcb370d825f3b6fb/execute/sync - {"script":"<script> [56 bytes]","args":[{"element-6066-11e4-a52e-4f735466cecf":"f.EB7466E535C2126E60AFBA1E962AA512.d.EF0CA3C1B82424305A4FD8E5223BFD61.e.6030","ELEMENT":"f.EB7466E535C2126E60AFBA1E962AA512.d.EF0CA3C1B82424305A4FD8E5223BFD61.e.6030"}]}
RESULT: {"script":"<script> [56 bytes]","args":[{"element-6066-11e4-a52e-4f735466cecf":"f.EB7466E535C2126E60AFBA1E962AA512.d.EF0CA3C1B82424305A4FD8E5223BFD61.e.6030","ELEMENT":"f.EB7466E535C2126E60AFBA1E962AA512.d.EF0CA3C1B82424305A4FD8E5223BFD61.e.6030"}]}
COMMAND: POST /session/e9da8fc7d2e5c6d9fcb370d825f3b6fb/element - {"using":"xpath","value":"//span[contains(@title, \"Remove\")]"}
COMMAND: GET /session/e9da8fc7d2e5c6d9fcb370d825f3b6fb/screenshot - {}
RESULT: {"using":"xpath","value":"//span[contains(@title, \"Remove\")]"}
COMMAND: POST /session/e9da8fc7d2e5c6d9fcb370d825f3b6fb/element/f.EB7466E535C2126E60AFBA1E962AA512.d.EF0CA3C1B82424305A4FD8E5223BFD61.e.7055/click - {}
RESULT: {}
RESULT: {}
COMMAND: GET /session/e9da8fc7d2e5c6d9fcb370d825f3b6fb/screenshot - {}
RESULT: {}
COMMAND: POST /session/e9da8fc7d2e5c6d9fcb370d825f3b6fb/element - {"using":"xpath","value":"//span[@id=\"application-managepartners-display-component---masterPtm--smartTable-header-inner\"]"}
RESULT: {"using":"xpath","value":"//span[@id=\"application-managepartners-display-component---masterPtm--smartTable-header-inner\"]"}
COMMAND: POST /session/e9da8fc7d2e5c6d9fcb370d825f3b6fb/elements - {"using":"xpath","value":"//span[@id=\"application-managepartners-display-component---masterPtm--smartTable-header-inner\"]"}
RESULT: {"using":"xpath","value":"//span[@id=\"application-managepartners-display-component---masterPtm--smartTable-header-inner\"]"}
COMMAND: POST /session/e9da8fc7d2e5c6d9fcb370d825f3b6fb/execute/sync - {"script":"<script> [56 bytes]","args":[{"element-6066-11e4-a52e-4f735466cecf":"f.EB7466E535C2126E60AFBA1E962AA512.d.EF0CA3C1B82424305A4FD8E5223BFD61.e.6030","ELEMENT":"f.EB7466E535C2126E60AFBA1E962AA512.d.EF0CA3C1B82424305A4FD8E5223BFD61.e.6030"}]}
RESULT: {"script":"<script> [56 bytes]","args":[{"element-6066-11e4-a52e-4f735466cecf":"f.EB7466E535C2126E60AFBA1E962AA512.d.EF0CA3C1B82424305A4FD8E5223BFD61.e.6030","ELEMENT":"f.EB7466E535C2126E60AFBA1E962AA512.d.EF0CA3C1B82424305A4FD8E5223BFD61.e.6030"}]}
COMMAND: POST /session/e9da8fc7d2e5c6d9fcb370d825f3b6fb/element - {"using":"css selector","value":"#shell-header-logo"}
COMMAND: GET /session/e9da8fc7d2e5c6d9fcb370d825f3b6fb/screenshot - {}
RESULT: {"using":"css selector","value":"#shell-header-logo"}
COMMAND: POST /session/e9da8fc7d2e5c6d9fcb370d825f3b6fb/element/f.EB7466E535C2126E60AFBA1E962AA512.d.EF0CA3C1B82424305A4FD8E5223BFD61.e.5860/click - {}
RESULT: {}
RESULT: {}
COMMAND: GET /session/e9da8fc7d2e5c6d9fcb370d825f3b6fb/screenshot - {}
RESULT: {}
]]></system-out>
    </testcase>
    <testcase classname="chrome.137_0_7151_69.windows.Partner_specific_tests_US150819_US151080_US151654_US151176_US103444_US151078_US151079_US151109_US151174_US151175_US151189" name="Should try to save empty partner US151174" time="54.338">
      <system-out><![CDATA[
COMMAND: POST /session/e9da8fc7d2e5c6d9fcb370d825f3b6fb/element - {"using":"xpath","value":"//li[.//span[text()=\"Manage Partners\"]]"}
RESULT: {"using":"xpath","value":"//li[.//span[text()=\"Manage Partners\"]]"}
COMMAND: POST /session/e9da8fc7d2e5c6d9fcb370d825f3b6fb/element - {"using":"xpath","value":"//li[.//span[text()=\"Manage Partners\"]]"}
RESULT: {"using":"xpath","value":"//li[.//span[text()=\"Manage Partners\"]]"}
COMMAND: POST /session/e9da8fc7d2e5c6d9fcb370d825f3b6fb/element - {"using":"css selector","value":"#shell-header-logo"}
RESULT: {"using":"css selector","value":"#shell-header-logo"}
COMMAND: POST /session/e9da8fc7d2e5c6d9fcb370d825f3b6fb/element/f.EB7466E535C2126E60AFBA1E962AA512.d.EF0CA3C1B82424305A4FD8E5223BFD61.e.7153/click - {}
COMMAND: POST /session/e9da8fc7d2e5c6d9fcb370d825f3b6fb/execute/sync - {"script":"<script> [8489 bytes]","args":[{"element-6066-11e4-a52e-4f735466cecf":"f.EB7466E535C2126E60AFBA1E962AA512.d.EF0CA3C1B82424305A4FD8E5223BFD61.e.7153","ELEMENT":"f.EB7466E535C2126E60AFBA1E962AA512.d.EF0CA3C1B82424305A4FD8E5223BFD61.e.7153"}]}
RESULT: {"script":"<script> [8489 bytes]","args":[{"element-6066-11e4-a52e-4f735466cecf":"f.EB7466E535C2126E60AFBA1E962AA512.d.EF0CA3C1B82424305A4FD8E5223BFD61.e.7153","ELEMENT":"f.EB7466E535C2126E60AFBA1E962AA512.d.EF0CA3C1B82424305A4FD8E5223BFD61.e.7153"}]}
COMMAND: POST /session/e9da8fc7d2e5c6d9fcb370d825f3b6fb/execute/sync - {"script":"<script> [5351 bytes]","args":[{"element-6066-11e4-a52e-4f735466cecf":"f.EB7466E535C2126E60AFBA1E962AA512.d.EF0CA3C1B82424305A4FD8E5223BFD61.e.7153","ELEMENT":"f.EB7466E535C2126E60AFBA1E962AA512.d.EF0CA3C1B82424305A4FD8E5223BFD61.e.7153"}]}
COMMAND: GET /session/e9da8fc7d2e5c6d9fcb370d825f3b6fb/screenshot - {}
RESULT: {}
COMMAND: GET /session/e9da8fc7d2e5c6d9fcb370d825f3b6fb/screenshot - {}
RESULT: {"script":"<script> [5351 bytes]","args":[{"element-6066-11e4-a52e-4f735466cecf":"f.EB7466E535C2126E60AFBA1E962AA512.d.EF0CA3C1B82424305A4FD8E5223BFD61.e.7153","ELEMENT":"f.EB7466E535C2126E60AFBA1E962AA512.d.EF0CA3C1B82424305A4FD8E5223BFD61.e.7153"}]}
COMMAND: GET /session/e9da8fc7d2e5c6d9fcb370d825f3b6fb/screenshot - {}
RESULT: {}
RESULT: {}
RESULT: {}
RESULT: undefined
COMMAND: POST /session/e9da8fc7d2e5c6d9fcb370d825f3b6fb/element - {"using":"xpath","value":"//*[@id=\"__tile31\"]"}
RESULT: {"using":"xpath","value":"//*[@id=\"__tile31\"]"}
COMMAND: POST /session/e9da8fc7d2e5c6d9fcb370d825f3b6fb/element/f.EB7466E535C2126E60AFBA1E962AA512.d.EF0CA3C1B82424305A4FD8E5223BFD61.e.4487/click - {}
RESULT: {}
COMMAND: GET /session/e9da8fc7d2e5c6d9fcb370d825f3b6fb/screenshot - {}
RESULT: {}
COMMAND: POST /session/e9da8fc7d2e5c6d9fcb370d825f3b6fb/elements - {"using":"xpath","value":"//span[text()='Error']"}
RESULT: {"using":"xpath","value":"//span[text()='Error']"}
COMMAND: POST /session/e9da8fc7d2e5c6d9fcb370d825f3b6fb/element - {"using":"xpath","value":"//button[@data-kt=\"addButton\"]"}
RESULT: {"using":"xpath","value":"//button[@data-kt=\"addButton\"]"}
COMMAND: POST /session/e9da8fc7d2e5c6d9fcb370d825f3b6fb/elements - {"using":"xpath","value":"//button[@data-kt=\"addButton\"]"}
RESULT: {"using":"xpath","value":"//button[@data-kt=\"addButton\"]"}
COMMAND: POST /session/e9da8fc7d2e5c6d9fcb370d825f3b6fb/execute/sync - {"script":"<script> [8489 bytes]","args":[{"element-6066-11e4-a52e-4f735466cecf":"f.EB7466E535C2126E60AFBA1E962AA512.d.EF0CA3C1B82424305A4FD8E5223BFD61.e.7198","ELEMENT":"f.EB7466E535C2126E60AFBA1E962AA512.d.EF0CA3C1B82424305A4FD8E5223BFD61.e.7198"}]}
RESULT: {"script":"<script> [8489 bytes]","args":[{"element-6066-11e4-a52e-4f735466cecf":"f.EB7466E535C2126E60AFBA1E962AA512.d.EF0CA3C1B82424305A4FD8E5223BFD61.e.7198","ELEMENT":"f.EB7466E535C2126E60AFBA1E962AA512.d.EF0CA3C1B82424305A4FD8E5223BFD61.e.7198"}]}
COMMAND: GET /session/e9da8fc7d2e5c6d9fcb370d825f3b6fb/element/f.EB7466E535C2126E60AFBA1E962AA512.d.EF0CA3C1B82424305A4FD8E5223BFD61.e.7198/enabled - {}
COMMAND: GET /session/e9da8fc7d2e5c6d9fcb370d825f3b6fb/screenshot - {}
RESULT: {}
COMMAND: POST /session/e9da8fc7d2e5c6d9fcb370d825f3b6fb/execute/sync - {"script":"<script> [8489 bytes]","args":[{"element-6066-11e4-a52e-4f735466cecf":"f.EB7466E535C2126E60AFBA1E962AA512.d.EF0CA3C1B82424305A4FD8E5223BFD61.e.7198","ELEMENT":"f.EB7466E535C2126E60AFBA1E962AA512.d.EF0CA3C1B82424305A4FD8E5223BFD61.e.7198"}]}
COMMAND: GET /session/e9da8fc7d2e5c6d9fcb370d825f3b6fb/screenshot - {}
RESULT: {}
RESULT: {"script":"<script> [8489 bytes]","args":[{"element-6066-11e4-a52e-4f735466cecf":"f.EB7466E535C2126E60AFBA1E962AA512.d.EF0CA3C1B82424305A4FD8E5223BFD61.e.7198","ELEMENT":"f.EB7466E535C2126E60AFBA1E962AA512.d.EF0CA3C1B82424305A4FD8E5223BFD61.e.7198"}]}
COMMAND: POST /session/e9da8fc7d2e5c6d9fcb370d825f3b6fb/execute/sync - {"script":"<script> [5351 bytes]","args":[{"element-6066-11e4-a52e-4f735466cecf":"f.EB7466E535C2126E60AFBA1E962AA512.d.EF0CA3C1B82424305A4FD8E5223BFD61.e.7198","ELEMENT":"f.EB7466E535C2126E60AFBA1E962AA512.d.EF0CA3C1B82424305A4FD8E5223BFD61.e.7198"}]}
COMMAND: GET /session/e9da8fc7d2e5c6d9fcb370d825f3b6fb/screenshot - {}
RESULT: {}
RESULT: {"script":"<script> [5351 bytes]","args":[{"element-6066-11e4-a52e-4f735466cecf":"f.EB7466E535C2126E60AFBA1E962AA512.d.EF0CA3C1B82424305A4FD8E5223BFD61.e.7198","ELEMENT":"f.EB7466E535C2126E60AFBA1E962AA512.d.EF0CA3C1B82424305A4FD8E5223BFD61.e.7198"}]}
COMMAND: POST /session/e9da8fc7d2e5c6d9fcb370d825f3b6fb/element/f.EB7466E535C2126E60AFBA1E962AA512.d.EF0CA3C1B82424305A4FD8E5223BFD61.e.7198/click - {}
COMMAND: GET /session/e9da8fc7d2e5c6d9fcb370d825f3b6fb/screenshot - {}
RESULT: {}
RESULT: {}
COMMAND: GET /session/e9da8fc7d2e5c6d9fcb370d825f3b6fb/screenshot - {}
COMMAND: POST /session/e9da8fc7d2e5c6d9fcb370d825f3b6fb/element - {"using":"xpath","value":"//button[@data-kt=\"saveButton\"]"}
RESULT: {}
RESULT: {}
RESULT: {"using":"xpath","value":"//button[@data-kt=\"saveButton\"]"}
COMMAND: POST /session/e9da8fc7d2e5c6d9fcb370d825f3b6fb/element/f.EB7466E535C2126E60AFBA1E962AA512.d.EF0CA3C1B82424305A4FD8E5223BFD61.e.7614/click - {}
RESULT: {}
COMMAND: GET /session/e9da8fc7d2e5c6d9fcb370d825f3b6fb/screenshot - {}
RESULT: {}
COMMAND: POST /session/e9da8fc7d2e5c6d9fcb370d825f3b6fb/element - {"using":"xpath","value":"//span[contains(@class, \"sapMMsgBoxText\")]"}
RESULT: {"using":"xpath","value":"//span[contains(@class, \"sapMMsgBoxText\")]"}
COMMAND: POST /session/e9da8fc7d2e5c6d9fcb370d825f3b6fb/execute/sync - {"script":"<script> [56 bytes]","args":[{"element-6066-11e4-a52e-4f735466cecf":"f.EB7466E535C2126E60AFBA1E962AA512.d.EF0CA3C1B82424305A4FD8E5223BFD61.e.7639","ELEMENT":"f.EB7466E535C2126E60AFBA1E962AA512.d.EF0CA3C1B82424305A4FD8E5223BFD61.e.7639"}]}
RESULT: {"script":"<script> [56 bytes]","args":[{"element-6066-11e4-a52e-4f735466cecf":"f.EB7466E535C2126E60AFBA1E962AA512.d.EF0CA3C1B82424305A4FD8E5223BFD61.e.7639","ELEMENT":"f.EB7466E535C2126E60AFBA1E962AA512.d.EF0CA3C1B82424305A4FD8E5223BFD61.e.7639"}]}
COMMAND: POST /session/e9da8fc7d2e5c6d9fcb370d825f3b6fb/element - {"using":"xpath","value":"(//bdi[contains(text(), \"Close\")])[1]"}
COMMAND: POST /session/e9da8fc7d2e5c6d9fcb370d825f3b6fb/elements - {"using":"xpath","value":"//span[contains(@class, \"sapMMsgBoxText\")]"}
COMMAND: GET /session/e9da8fc7d2e5c6d9fcb370d825f3b6fb/screenshot - {}
RESULT: {"using":"xpath","value":"//span[contains(@class, \"sapMMsgBoxText\")]"}
RESULT: {"using":"xpath","value":"(//bdi[contains(text(), \"Close\")])[1]"}
COMMAND: POST /session/e9da8fc7d2e5c6d9fcb370d825f3b6fb/element/f.EB7466E535C2126E60AFBA1E962AA512.d.EF0CA3C1B82424305A4FD8E5223BFD61.e.7640/click - {}
RESULT: {}
RESULT: {}
COMMAND: GET /session/e9da8fc7d2e5c6d9fcb370d825f3b6fb/screenshot - {}
RESULT: {}
COMMAND: POST /session/e9da8fc7d2e5c6d9fcb370d825f3b6fb/element - {"using":"css selector","value":"#shell-header-logo"}
RESULT: {"using":"css selector","value":"#shell-header-logo"}
COMMAND: POST /session/e9da8fc7d2e5c6d9fcb370d825f3b6fb/element/f.EB7466E535C2126E60AFBA1E962AA512.d.EF0CA3C1B82424305A4FD8E5223BFD61.e.7153/click - {}
RESULT: {}
COMMAND: GET /session/e9da8fc7d2e5c6d9fcb370d825f3b6fb/screenshot - {}
RESULT: {}
]]></system-out>
    </testcase>
    <testcase classname="chrome.137_0_7151_69.windows.Partner_specific_tests_US150819_US151080_US151654_US151176_US103444_US151078_US151079_US151109_US151174_US151175_US151189" name="Should do various searches US151175" time="169.014">
      <system-out><![CDATA[
COMMAND: POST /session/e9da8fc7d2e5c6d9fcb370d825f3b6fb/element - {"using":"xpath","value":"//li[.//span[text()=\"Manage Partners\"]]"}
RESULT: {"using":"xpath","value":"//li[.//span[text()=\"Manage Partners\"]]"}
COMMAND: POST /session/e9da8fc7d2e5c6d9fcb370d825f3b6fb/element - {"using":"xpath","value":"//li[.//span[text()=\"Manage Partners\"]]"}
RESULT: {"using":"xpath","value":"//li[.//span[text()=\"Manage Partners\"]]"}
COMMAND: POST /session/e9da8fc7d2e5c6d9fcb370d825f3b6fb/element - {"using":"css selector","value":"#shell-header-logo"}
RESULT: {"using":"css selector","value":"#shell-header-logo"}
COMMAND: POST /session/e9da8fc7d2e5c6d9fcb370d825f3b6fb/element/f.EB7466E535C2126E60AFBA1E962AA512.d.EF0CA3C1B82424305A4FD8E5223BFD61.e.7642/click - {}
COMMAND: POST /session/e9da8fc7d2e5c6d9fcb370d825f3b6fb/execute/sync - {"script":"<script> [8489 bytes]","args":[{"element-6066-11e4-a52e-4f735466cecf":"f.EB7466E535C2126E60AFBA1E962AA512.d.EF0CA3C1B82424305A4FD8E5223BFD61.e.7642","ELEMENT":"f.EB7466E535C2126E60AFBA1E962AA512.d.EF0CA3C1B82424305A4FD8E5223BFD61.e.7642"}]}
RESULT: {"script":"<script> [8489 bytes]","args":[{"element-6066-11e4-a52e-4f735466cecf":"f.EB7466E535C2126E60AFBA1E962AA512.d.EF0CA3C1B82424305A4FD8E5223BFD61.e.7642","ELEMENT":"f.EB7466E535C2126E60AFBA1E962AA512.d.EF0CA3C1B82424305A4FD8E5223BFD61.e.7642"}]}
COMMAND: POST /session/e9da8fc7d2e5c6d9fcb370d825f3b6fb/execute/sync - {"script":"<script> [5351 bytes]","args":[{"element-6066-11e4-a52e-4f735466cecf":"f.EB7466E535C2126E60AFBA1E962AA512.d.EF0CA3C1B82424305A4FD8E5223BFD61.e.7642","ELEMENT":"f.EB7466E535C2126E60AFBA1E962AA512.d.EF0CA3C1B82424305A4FD8E5223BFD61.e.7642"}]}
COMMAND: GET /session/e9da8fc7d2e5c6d9fcb370d825f3b6fb/screenshot - {}
RESULT: {}
COMMAND: GET /session/e9da8fc7d2e5c6d9fcb370d825f3b6fb/screenshot - {}
RESULT: {"script":"<script> [5351 bytes]","args":[{"element-6066-11e4-a52e-4f735466cecf":"f.EB7466E535C2126E60AFBA1E962AA512.d.EF0CA3C1B82424305A4FD8E5223BFD61.e.7642","ELEMENT":"f.EB7466E535C2126E60AFBA1E962AA512.d.EF0CA3C1B82424305A4FD8E5223BFD61.e.7642"}]}
COMMAND: GET /session/e9da8fc7d2e5c6d9fcb370d825f3b6fb/screenshot - {}
RESULT: {}
RESULT: {}
RESULT: {}
RESULT: undefined
COMMAND: POST /session/e9da8fc7d2e5c6d9fcb370d825f3b6fb/element - {"using":"xpath","value":"//*[@id=\"__tile31\"]"}
RESULT: {"using":"xpath","value":"//*[@id=\"__tile31\"]"}
COMMAND: POST /session/e9da8fc7d2e5c6d9fcb370d825f3b6fb/element/f.EB7466E535C2126E60AFBA1E962AA512.d.EF0CA3C1B82424305A4FD8E5223BFD61.e.4487/click - {}
RESULT: {}
COMMAND: GET /session/e9da8fc7d2e5c6d9fcb370d825f3b6fb/screenshot - {}
RESULT: {}
COMMAND: POST /session/e9da8fc7d2e5c6d9fcb370d825f3b6fb/elements - {"using":"xpath","value":"//span[text()='Error']"}
RESULT: {"using":"xpath","value":"//span[text()='Error']"}
COMMAND: POST /session/e9da8fc7d2e5c6d9fcb370d825f3b6fb/element - {"using":"xpath","value":"//button[@data-kt=\"addButton\"]"}
RESULT: {"using":"xpath","value":"//button[@data-kt=\"addButton\"]"}
COMMAND: POST /session/e9da8fc7d2e5c6d9fcb370d825f3b6fb/elements - {"using":"xpath","value":"//button[@data-kt=\"addButton\"]"}
RESULT: {"using":"xpath","value":"//button[@data-kt=\"addButton\"]"}
COMMAND: POST /session/e9da8fc7d2e5c6d9fcb370d825f3b6fb/execute/sync - {"script":"<script> [8489 bytes]","args":[{"element-6066-11e4-a52e-4f735466cecf":"f.EB7466E535C2126E60AFBA1E962AA512.d.EF0CA3C1B82424305A4FD8E5223BFD61.e.7687","ELEMENT":"f.EB7466E535C2126E60AFBA1E962AA512.d.EF0CA3C1B82424305A4FD8E5223BFD61.e.7687"}]}
RESULT: {"script":"<script> [8489 bytes]","args":[{"element-6066-11e4-a52e-4f735466cecf":"f.EB7466E535C2126E60AFBA1E962AA512.d.EF0CA3C1B82424305A4FD8E5223BFD61.e.7687","ELEMENT":"f.EB7466E535C2126E60AFBA1E962AA512.d.EF0CA3C1B82424305A4FD8E5223BFD61.e.7687"}]}
COMMAND: GET /session/e9da8fc7d2e5c6d9fcb370d825f3b6fb/element/f.EB7466E535C2126E60AFBA1E962AA512.d.EF0CA3C1B82424305A4FD8E5223BFD61.e.7687/enabled - {}
COMMAND: GET /session/e9da8fc7d2e5c6d9fcb370d825f3b6fb/screenshot - {}
RESULT: {}
COMMAND: POST /session/e9da8fc7d2e5c6d9fcb370d825f3b6fb/execute/sync - {"script":"<script> [8489 bytes]","args":[{"element-6066-11e4-a52e-4f735466cecf":"f.EB7466E535C2126E60AFBA1E962AA512.d.EF0CA3C1B82424305A4FD8E5223BFD61.e.7687","ELEMENT":"f.EB7466E535C2126E60AFBA1E962AA512.d.EF0CA3C1B82424305A4FD8E5223BFD61.e.7687"}]}
COMMAND: GET /session/e9da8fc7d2e5c6d9fcb370d825f3b6fb/screenshot - {}
RESULT: {}
RESULT: {"script":"<script> [8489 bytes]","args":[{"element-6066-11e4-a52e-4f735466cecf":"f.EB7466E535C2126E60AFBA1E962AA512.d.EF0CA3C1B82424305A4FD8E5223BFD61.e.7687","ELEMENT":"f.EB7466E535C2126E60AFBA1E962AA512.d.EF0CA3C1B82424305A4FD8E5223BFD61.e.7687"}]}
COMMAND: POST /session/e9da8fc7d2e5c6d9fcb370d825f3b6fb/execute/sync - {"script":"<script> [5351 bytes]","args":[{"element-6066-11e4-a52e-4f735466cecf":"f.EB7466E535C2126E60AFBA1E962AA512.d.EF0CA3C1B82424305A4FD8E5223BFD61.e.7687","ELEMENT":"f.EB7466E535C2126E60AFBA1E962AA512.d.EF0CA3C1B82424305A4FD8E5223BFD61.e.7687"}]}
COMMAND: GET /session/e9da8fc7d2e5c6d9fcb370d825f3b6fb/screenshot - {}
RESULT: {}
RESULT: {"script":"<script> [5351 bytes]","args":[{"element-6066-11e4-a52e-4f735466cecf":"f.EB7466E535C2126E60AFBA1E962AA512.d.EF0CA3C1B82424305A4FD8E5223BFD61.e.7687","ELEMENT":"f.EB7466E535C2126E60AFBA1E962AA512.d.EF0CA3C1B82424305A4FD8E5223BFD61.e.7687"}]}
COMMAND: GET /session/e9da8fc7d2e5c6d9fcb370d825f3b6fb/screenshot - {}
RESULT: {}
RESULT: {}
COMMAND: POST /session/e9da8fc7d2e5c6d9fcb370d825f3b6fb/element - {"using":"xpath","value":"//span[@id=\"application-managepartners-display-component---masterPtm--smartTable-header-inner\"]"}
RESULT: {"using":"xpath","value":"//span[@id=\"application-managepartners-display-component---masterPtm--smartTable-header-inner\"]"}
COMMAND: POST /session/e9da8fc7d2e5c6d9fcb370d825f3b6fb/elements - {"using":"xpath","value":"//span[@id=\"application-managepartners-display-component---masterPtm--smartTable-header-inner\"]"}
RESULT: {"using":"xpath","value":"//span[@id=\"application-managepartners-display-component---masterPtm--smartTable-header-inner\"]"}
COMMAND: POST /session/e9da8fc7d2e5c6d9fcb370d825f3b6fb/execute/sync - {"script":"<script> [56 bytes]","args":[{"element-6066-11e4-a52e-4f735466cecf":"f.EB7466E535C2126E60AFBA1E962AA512.d.EF0CA3C1B82424305A4FD8E5223BFD61.e.7814","ELEMENT":"f.EB7466E535C2126E60AFBA1E962AA512.d.EF0CA3C1B82424305A4FD8E5223BFD61.e.7814"}]}
RESULT: {"script":"<script> [56 bytes]","args":[{"element-6066-11e4-a52e-4f735466cecf":"f.EB7466E535C2126E60AFBA1E962AA512.d.EF0CA3C1B82424305A4FD8E5223BFD61.e.7814","ELEMENT":"f.EB7466E535C2126E60AFBA1E962AA512.d.EF0CA3C1B82424305A4FD8E5223BFD61.e.7814"}]}
RESULT: undefined
COMMAND: POST /session/e9da8fc7d2e5c6d9fcb370d825f3b6fb/element - {"using":"xpath","value":"//*[@id=\"application-managepartners-display-component---masterPtm--smartFilterBar-btnFilters\"]"}
COMMAND: GET /session/e9da8fc7d2e5c6d9fcb370d825f3b6fb/screenshot - {}
RESULT: {"using":"xpath","value":"//*[@id=\"application-managepartners-display-component---masterPtm--smartFilterBar-btnFilters\"]"}
COMMAND: POST /session/e9da8fc7d2e5c6d9fcb370d825f3b6fb/element/f.EB7466E535C2126E60AFBA1E962AA512.d.EF0CA3C1B82424305A4FD8E5223BFD61.e.7652/click - {}
RESULT: {}
RESULT: {}
COMMAND: GET /session/e9da8fc7d2e5c6d9fcb370d825f3b6fb/screenshot - {}
RESULT: {}
COMMAND: POST /session/e9da8fc7d2e5c6d9fcb370d825f3b6fb/elements - {"using":"xpath","value":"//table[contains(@id, \"listView-innerSelectionPanelTable-listUl\")]/tbody/tr"}
RESULT: {"using":"xpath","value":"//table[contains(@id, \"listView-innerSelectionPanelTable-listUl\")]/tbody/tr"}
COMMAND: POST /session/e9da8fc7d2e5c6d9fcb370d825f3b6fb/element - {"using":"xpath","value":"//table[contains(@id, \"listView-innerSelectionPanelTable-listUl\")]/tbody/tr[2]/td[2]/div/div"}
RESULT: {"using":"xpath","value":"//table[contains(@id, \"listView-innerSelectionPanelTable-listUl\")]/tbody/tr[2]/td[2]/div/div"}
COMMAND: POST /session/e9da8fc7d2e5c6d9fcb370d825f3b6fb/element - {"using":"xpath","value":"//table[contains(@id, \"listView-innerSelectionPanelTable-listUl\")]/tbody/tr[2]/td[2]/div"}
RESULT: {"using":"xpath","value":"//table[contains(@id, \"listView-innerSelectionPanelTable-listUl\")]/tbody/tr[2]/td[2]/div"}
COMMAND: POST /session/e9da8fc7d2e5c6d9fcb370d825f3b6fb/element - {"using":"xpath","value":"//table[contains(@id, \"listView-innerSelectionPanelTable-listUl\")]/tbody/tr[2]/td[3]/div/div/span/span[1]/bdi"}
RESULT: {"using":"xpath","value":"//table[contains(@id, \"listView-innerSelectionPanelTable-listUl\")]/tbody/tr[2]/td[3]/div/div/span/span[1]/bdi"}
COMMAND: POST /session/e9da8fc7d2e5c6d9fcb370d825f3b6fb/execute/sync - {"script":"<script> [56 bytes]","args":[{"element-6066-11e4-a52e-4f735466cecf":"f.EB7466E535C2126E60AFBA1E962AA512.d.EF0CA3C1B82424305A4FD8E5223BFD61.e.7882","ELEMENT":"f.EB7466E535C2126E60AFBA1E962AA512.d.EF0CA3C1B82424305A4FD8E5223BFD61.e.7882"}]}
RESULT: {"script":"<script> [56 bytes]","args":[{"element-6066-11e4-a52e-4f735466cecf":"f.EB7466E535C2126E60AFBA1E962AA512.d.EF0CA3C1B82424305A4FD8E5223BFD61.e.7882","ELEMENT":"f.EB7466E535C2126E60AFBA1E962AA512.d.EF0CA3C1B82424305A4FD8E5223BFD61.e.7882"}]}
COMMAND: GET /session/e9da8fc7d2e5c6d9fcb370d825f3b6fb/element/f.EB7466E535C2126E60AFBA1E962AA512.d.EF0CA3C1B82424305A4FD8E5223BFD61.e.7881/attribute/aria-checked - {}
COMMAND: GET /session/e9da8fc7d2e5c6d9fcb370d825f3b6fb/screenshot - {}
RESULT: {}
COMMAND: POST /session/e9da8fc7d2e5c6d9fcb370d825f3b6fb/element - {"using":"xpath","value":"//table[contains(@id, \"listView-innerSelectionPanelTable-listUl\")]/tbody/tr[3]/td[2]/div/div"}
RESULT: {}
RESULT: {"using":"xpath","value":"//table[contains(@id, \"listView-innerSelectionPanelTable-listUl\")]/tbody/tr[3]/td[2]/div/div"}
COMMAND: POST /session/e9da8fc7d2e5c6d9fcb370d825f3b6fb/element - {"using":"xpath","value":"//table[contains(@id, \"listView-innerSelectionPanelTable-listUl\")]/tbody/tr[3]/td[2]/div"}
RESULT: {"using":"xpath","value":"//table[contains(@id, \"listView-innerSelectionPanelTable-listUl\")]/tbody/tr[3]/td[2]/div"}
COMMAND: POST /session/e9da8fc7d2e5c6d9fcb370d825f3b6fb/element - {"using":"xpath","value":"//table[contains(@id, \"listView-innerSelectionPanelTable-listUl\")]/tbody/tr[3]/td[3]/div/div/span/span[1]/bdi"}
RESULT: {"using":"xpath","value":"//table[contains(@id, \"listView-innerSelectionPanelTable-listUl\")]/tbody/tr[3]/td[3]/div/div/span/span[1]/bdi"}
COMMAND: POST /session/e9da8fc7d2e5c6d9fcb370d825f3b6fb/execute/sync - {"script":"<script> [56 bytes]","args":[{"element-6066-11e4-a52e-4f735466cecf":"f.EB7466E535C2126E60AFBA1E962AA512.d.EF0CA3C1B82424305A4FD8E5223BFD61.e.7885","ELEMENT":"f.EB7466E535C2126E60AFBA1E962AA512.d.EF0CA3C1B82424305A4FD8E5223BFD61.e.7885"}]}
RESULT: {"script":"<script> [56 bytes]","args":[{"element-6066-11e4-a52e-4f735466cecf":"f.EB7466E535C2126E60AFBA1E962AA512.d.EF0CA3C1B82424305A4FD8E5223BFD61.e.7885","ELEMENT":"f.EB7466E535C2126E60AFBA1E962AA512.d.EF0CA3C1B82424305A4FD8E5223BFD61.e.7885"}]}
COMMAND: GET /session/e9da8fc7d2e5c6d9fcb370d825f3b6fb/element/f.EB7466E535C2126E60AFBA1E962AA512.d.EF0CA3C1B82424305A4FD8E5223BFD61.e.7884/attribute/aria-checked - {}
COMMAND: GET /session/e9da8fc7d2e5c6d9fcb370d825f3b6fb/screenshot - {}
RESULT: {}
COMMAND: POST /session/e9da8fc7d2e5c6d9fcb370d825f3b6fb/element - {"using":"xpath","value":"//table[contains(@id, \"listView-innerSelectionPanelTable-listUl\")]/tbody/tr[4]/td[2]/div/div"}
RESULT: {}
RESULT: {"using":"xpath","value":"//table[contains(@id, \"listView-innerSelectionPanelTable-listUl\")]/tbody/tr[4]/td[2]/div/div"}
COMMAND: POST /session/e9da8fc7d2e5c6d9fcb370d825f3b6fb/element - {"using":"xpath","value":"//table[contains(@id, \"listView-innerSelectionPanelTable-listUl\")]/tbody/tr[4]/td[2]/div"}
RESULT: {"using":"xpath","value":"//table[contains(@id, \"listView-innerSelectionPanelTable-listUl\")]/tbody/tr[4]/td[2]/div"}
COMMAND: POST /session/e9da8fc7d2e5c6d9fcb370d825f3b6fb/element - {"using":"xpath","value":"//table[contains(@id, \"listView-innerSelectionPanelTable-listUl\")]/tbody/tr[4]/td[3]/div/div/span/span[1]/bdi"}
RESULT: {"using":"xpath","value":"//table[contains(@id, \"listView-innerSelectionPanelTable-listUl\")]/tbody/tr[4]/td[3]/div/div/span/span[1]/bdi"}
COMMAND: POST /session/e9da8fc7d2e5c6d9fcb370d825f3b6fb/execute/sync - {"script":"<script> [56 bytes]","args":[{"element-6066-11e4-a52e-4f735466cecf":"f.EB7466E535C2126E60AFBA1E962AA512.d.EF0CA3C1B82424305A4FD8E5223BFD61.e.7888","ELEMENT":"f.EB7466E535C2126E60AFBA1E962AA512.d.EF0CA3C1B82424305A4FD8E5223BFD61.e.7888"}]}
RESULT: {"script":"<script> [56 bytes]","args":[{"element-6066-11e4-a52e-4f735466cecf":"f.EB7466E535C2126E60AFBA1E962AA512.d.EF0CA3C1B82424305A4FD8E5223BFD61.e.7888","ELEMENT":"f.EB7466E535C2126E60AFBA1E962AA512.d.EF0CA3C1B82424305A4FD8E5223BFD61.e.7888"}]}
COMMAND: GET /session/e9da8fc7d2e5c6d9fcb370d825f3b6fb/element/f.EB7466E535C2126E60AFBA1E962AA512.d.EF0CA3C1B82424305A4FD8E5223BFD61.e.7887/attribute/aria-checked - {}
COMMAND: GET /session/e9da8fc7d2e5c6d9fcb370d825f3b6fb/screenshot - {}
RESULT: {}
COMMAND: POST /session/e9da8fc7d2e5c6d9fcb370d825f3b6fb/element - {"using":"xpath","value":"//table[contains(@id, \"listView-innerSelectionPanelTable-listUl\")]/tbody/tr[5]/td[2]/div/div"}
RESULT: {}
RESULT: {"using":"xpath","value":"//table[contains(@id, \"listView-innerSelectionPanelTable-listUl\")]/tbody/tr[5]/td[2]/div/div"}
COMMAND: POST /session/e9da8fc7d2e5c6d9fcb370d825f3b6fb/element - {"using":"xpath","value":"//table[contains(@id, \"listView-innerSelectionPanelTable-listUl\")]/tbody/tr[5]/td[2]/div"}
RESULT: {"using":"xpath","value":"//table[contains(@id, \"listView-innerSelectionPanelTable-listUl\")]/tbody/tr[5]/td[2]/div"}
COMMAND: POST /session/e9da8fc7d2e5c6d9fcb370d825f3b6fb/element - {"using":"xpath","value":"//table[contains(@id, \"listView-innerSelectionPanelTable-listUl\")]/tbody/tr[5]/td[3]/div/div/span/span[1]/bdi"}
RESULT: {"using":"xpath","value":"//table[contains(@id, \"listView-innerSelectionPanelTable-listUl\")]/tbody/tr[5]/td[3]/div/div/span/span[1]/bdi"}
COMMAND: POST /session/e9da8fc7d2e5c6d9fcb370d825f3b6fb/execute/sync - {"script":"<script> [56 bytes]","args":[{"element-6066-11e4-a52e-4f735466cecf":"f.EB7466E535C2126E60AFBA1E962AA512.d.EF0CA3C1B82424305A4FD8E5223BFD61.e.7891","ELEMENT":"f.EB7466E535C2126E60AFBA1E962AA512.d.EF0CA3C1B82424305A4FD8E5223BFD61.e.7891"}]}
RESULT: {"script":"<script> [56 bytes]","args":[{"element-6066-11e4-a52e-4f735466cecf":"f.EB7466E535C2126E60AFBA1E962AA512.d.EF0CA3C1B82424305A4FD8E5223BFD61.e.7891","ELEMENT":"f.EB7466E535C2126E60AFBA1E962AA512.d.EF0CA3C1B82424305A4FD8E5223BFD61.e.7891"}]}
COMMAND: GET /session/e9da8fc7d2e5c6d9fcb370d825f3b6fb/element/f.EB7466E535C2126E60AFBA1E962AA512.d.EF0CA3C1B82424305A4FD8E5223BFD61.e.7890/attribute/aria-checked - {}
COMMAND: GET /session/e9da8fc7d2e5c6d9fcb370d825f3b6fb/screenshot - {}
RESULT: {}
COMMAND: POST /session/e9da8fc7d2e5c6d9fcb370d825f3b6fb/element - {"using":"xpath","value":"//table[contains(@id, \"listView-innerSelectionPanelTable-listUl\")]/tbody/tr[6]/td[2]/div/div"}
RESULT: {}
RESULT: {"using":"xpath","value":"//table[contains(@id, \"listView-innerSelectionPanelTable-listUl\")]/tbody/tr[6]/td[2]/div/div"}
COMMAND: POST /session/e9da8fc7d2e5c6d9fcb370d825f3b6fb/element - {"using":"xpath","value":"//table[contains(@id, \"listView-innerSelectionPanelTable-listUl\")]/tbody/tr[6]/td[2]/div"}
RESULT: {"using":"xpath","value":"//table[contains(@id, \"listView-innerSelectionPanelTable-listUl\")]/tbody/tr[6]/td[2]/div"}
COMMAND: POST /session/e9da8fc7d2e5c6d9fcb370d825f3b6fb/element - {"using":"xpath","value":"//table[contains(@id, \"listView-innerSelectionPanelTable-listUl\")]/tbody/tr[6]/td[3]/div/div/span/span[1]/bdi"}
RESULT: {"using":"xpath","value":"//table[contains(@id, \"listView-innerSelectionPanelTable-listUl\")]/tbody/tr[6]/td[3]/div/div/span/span[1]/bdi"}
COMMAND: POST /session/e9da8fc7d2e5c6d9fcb370d825f3b6fb/execute/sync - {"script":"<script> [56 bytes]","args":[{"element-6066-11e4-a52e-4f735466cecf":"f.EB7466E535C2126E60AFBA1E962AA512.d.EF0CA3C1B82424305A4FD8E5223BFD61.e.7894","ELEMENT":"f.EB7466E535C2126E60AFBA1E962AA512.d.EF0CA3C1B82424305A4FD8E5223BFD61.e.7894"}]}
RESULT: {"script":"<script> [56 bytes]","args":[{"element-6066-11e4-a52e-4f735466cecf":"f.EB7466E535C2126E60AFBA1E962AA512.d.EF0CA3C1B82424305A4FD8E5223BFD61.e.7894","ELEMENT":"f.EB7466E535C2126E60AFBA1E962AA512.d.EF0CA3C1B82424305A4FD8E5223BFD61.e.7894"}]}
COMMAND: GET /session/e9da8fc7d2e5c6d9fcb370d825f3b6fb/element/f.EB7466E535C2126E60AFBA1E962AA512.d.EF0CA3C1B82424305A4FD8E5223BFD61.e.7893/attribute/aria-checked - {}
COMMAND: GET /session/e9da8fc7d2e5c6d9fcb370d825f3b6fb/screenshot - {}
RESULT: {}
COMMAND: POST /session/e9da8fc7d2e5c6d9fcb370d825f3b6fb/element - {"using":"xpath","value":"//table[contains(@id, \"listView-innerSelectionPanelTable-listUl\")]/tbody/tr[7]/td[2]/div/div"}
RESULT: {}
RESULT: {"using":"xpath","value":"//table[contains(@id, \"listView-innerSelectionPanelTable-listUl\")]/tbody/tr[7]/td[2]/div/div"}
COMMAND: POST /session/e9da8fc7d2e5c6d9fcb370d825f3b6fb/element - {"using":"xpath","value":"//table[contains(@id, \"listView-innerSelectionPanelTable-listUl\")]/tbody/tr[7]/td[2]/div"}
RESULT: {"using":"xpath","value":"//table[contains(@id, \"listView-innerSelectionPanelTable-listUl\")]/tbody/tr[7]/td[2]/div"}
COMMAND: POST /session/e9da8fc7d2e5c6d9fcb370d825f3b6fb/element - {"using":"xpath","value":"//table[contains(@id, \"listView-innerSelectionPanelTable-listUl\")]/tbody/tr[7]/td[3]/div/div/span/span[1]/bdi"}
RESULT: {"using":"xpath","value":"//table[contains(@id, \"listView-innerSelectionPanelTable-listUl\")]/tbody/tr[7]/td[3]/div/div/span/span[1]/bdi"}
COMMAND: POST /session/e9da8fc7d2e5c6d9fcb370d825f3b6fb/execute/sync - {"script":"<script> [56 bytes]","args":[{"element-6066-11e4-a52e-4f735466cecf":"f.EB7466E535C2126E60AFBA1E962AA512.d.EF0CA3C1B82424305A4FD8E5223BFD61.e.7897","ELEMENT":"f.EB7466E535C2126E60AFBA1E962AA512.d.EF0CA3C1B82424305A4FD8E5223BFD61.e.7897"}]}
RESULT: {"script":"<script> [56 bytes]","args":[{"element-6066-11e4-a52e-4f735466cecf":"f.EB7466E535C2126E60AFBA1E962AA512.d.EF0CA3C1B82424305A4FD8E5223BFD61.e.7897","ELEMENT":"f.EB7466E535C2126E60AFBA1E962AA512.d.EF0CA3C1B82424305A4FD8E5223BFD61.e.7897"}]}
COMMAND: GET /session/e9da8fc7d2e5c6d9fcb370d825f3b6fb/element/f.EB7466E535C2126E60AFBA1E962AA512.d.EF0CA3C1B82424305A4FD8E5223BFD61.e.7896/attribute/aria-checked - {}
COMMAND: GET /session/e9da8fc7d2e5c6d9fcb370d825f3b6fb/screenshot - {}
RESULT: {}
COMMAND: POST /session/e9da8fc7d2e5c6d9fcb370d825f3b6fb/element - {"using":"xpath","value":"//table[contains(@id, \"listView-innerSelectionPanelTable-listUl\")]/tbody/tr[8]/td[2]/div/div"}
RESULT: {}
RESULT: {"using":"xpath","value":"//table[contains(@id, \"listView-innerSelectionPanelTable-listUl\")]/tbody/tr[8]/td[2]/div/div"}
COMMAND: POST /session/e9da8fc7d2e5c6d9fcb370d825f3b6fb/element - {"using":"xpath","value":"//table[contains(@id, \"listView-innerSelectionPanelTable-listUl\")]/tbody/tr[8]/td[2]/div"}
RESULT: {"using":"xpath","value":"//table[contains(@id, \"listView-innerSelectionPanelTable-listUl\")]/tbody/tr[8]/td[2]/div"}
COMMAND: POST /session/e9da8fc7d2e5c6d9fcb370d825f3b6fb/element - {"using":"xpath","value":"//table[contains(@id, \"listView-innerSelectionPanelTable-listUl\")]/tbody/tr[8]/td[3]/div/div/span/span[1]/bdi"}
RESULT: {"using":"xpath","value":"//table[contains(@id, \"listView-innerSelectionPanelTable-listUl\")]/tbody/tr[8]/td[3]/div/div/span/span[1]/bdi"}
COMMAND: POST /session/e9da8fc7d2e5c6d9fcb370d825f3b6fb/execute/sync - {"script":"<script> [56 bytes]","args":[{"element-6066-11e4-a52e-4f735466cecf":"f.EB7466E535C2126E60AFBA1E962AA512.d.EF0CA3C1B82424305A4FD8E5223BFD61.e.7900","ELEMENT":"f.EB7466E535C2126E60AFBA1E962AA512.d.EF0CA3C1B82424305A4FD8E5223BFD61.e.7900"}]}
RESULT: {"script":"<script> [56 bytes]","args":[{"element-6066-11e4-a52e-4f735466cecf":"f.EB7466E535C2126E60AFBA1E962AA512.d.EF0CA3C1B82424305A4FD8E5223BFD61.e.7900","ELEMENT":"f.EB7466E535C2126E60AFBA1E962AA512.d.EF0CA3C1B82424305A4FD8E5223BFD61.e.7900"}]}
COMMAND: GET /session/e9da8fc7d2e5c6d9fcb370d825f3b6fb/element/f.EB7466E535C2126E60AFBA1E962AA512.d.EF0CA3C1B82424305A4FD8E5223BFD61.e.7899/attribute/aria-checked - {}
COMMAND: GET /session/e9da8fc7d2e5c6d9fcb370d825f3b6fb/screenshot - {}
RESULT: {}
COMMAND: POST /session/e9da8fc7d2e5c6d9fcb370d825f3b6fb/element - {"using":"xpath","value":"//table[contains(@id, \"listView-innerSelectionPanelTable-listUl\")]/tbody/tr[9]/td[2]/div/div"}
RESULT: {}
RESULT: {"using":"xpath","value":"//table[contains(@id, \"listView-innerSelectionPanelTable-listUl\")]/tbody/tr[9]/td[2]/div/div"}
COMMAND: POST /session/e9da8fc7d2e5c6d9fcb370d825f3b6fb/element - {"using":"xpath","value":"//table[contains(@id, \"listView-innerSelectionPanelTable-listUl\")]/tbody/tr[9]/td[2]/div"}
RESULT: {"using":"xpath","value":"//table[contains(@id, \"listView-innerSelectionPanelTable-listUl\")]/tbody/tr[9]/td[2]/div"}
COMMAND: POST /session/e9da8fc7d2e5c6d9fcb370d825f3b6fb/element - {"using":"xpath","value":"//table[contains(@id, \"listView-innerSelectionPanelTable-listUl\")]/tbody/tr[9]/td[3]/div/div/span/span[1]/bdi"}
RESULT: {"using":"xpath","value":"//table[contains(@id, \"listView-innerSelectionPanelTable-listUl\")]/tbody/tr[9]/td[3]/div/div/span/span[1]/bdi"}
COMMAND: POST /session/e9da8fc7d2e5c6d9fcb370d825f3b6fb/execute/sync - {"script":"<script> [56 bytes]","args":[{"element-6066-11e4-a52e-4f735466cecf":"f.EB7466E535C2126E60AFBA1E962AA512.d.EF0CA3C1B82424305A4FD8E5223BFD61.e.7903","ELEMENT":"f.EB7466E535C2126E60AFBA1E962AA512.d.EF0CA3C1B82424305A4FD8E5223BFD61.e.7903"}]}
RESULT: {"script":"<script> [56 bytes]","args":[{"element-6066-11e4-a52e-4f735466cecf":"f.EB7466E535C2126E60AFBA1E962AA512.d.EF0CA3C1B82424305A4FD8E5223BFD61.e.7903","ELEMENT":"f.EB7466E535C2126E60AFBA1E962AA512.d.EF0CA3C1B82424305A4FD8E5223BFD61.e.7903"}]}
COMMAND: GET /session/e9da8fc7d2e5c6d9fcb370d825f3b6fb/element/f.EB7466E535C2126E60AFBA1E962AA512.d.EF0CA3C1B82424305A4FD8E5223BFD61.e.7902/attribute/aria-checked - {}
COMMAND: GET /session/e9da8fc7d2e5c6d9fcb370d825f3b6fb/screenshot - {}
RESULT: {}
COMMAND: POST /session/e9da8fc7d2e5c6d9fcb370d825f3b6fb/element - {"using":"xpath","value":"//table[contains(@id, \"listView-innerSelectionPanelTable-listUl\")]/tbody/tr[10]/td[2]/div/div"}
RESULT: {}
RESULT: {"using":"xpath","value":"//table[contains(@id, \"listView-innerSelectionPanelTable-listUl\")]/tbody/tr[10]/td[2]/div/div"}
COMMAND: POST /session/e9da8fc7d2e5c6d9fcb370d825f3b6fb/element - {"using":"xpath","value":"//table[contains(@id, \"listView-innerSelectionPanelTable-listUl\")]/tbody/tr[10]/td[2]/div"}
RESULT: {"using":"xpath","value":"//table[contains(@id, \"listView-innerSelectionPanelTable-listUl\")]/tbody/tr[10]/td[2]/div"}
COMMAND: POST /session/e9da8fc7d2e5c6d9fcb370d825f3b6fb/element - {"using":"xpath","value":"//table[contains(@id, \"listView-innerSelectionPanelTable-listUl\")]/tbody/tr[10]/td[3]/div/div/span/span[1]/bdi"}
RESULT: {"using":"xpath","value":"//table[contains(@id, \"listView-innerSelectionPanelTable-listUl\")]/tbody/tr[10]/td[3]/div/div/span/span[1]/bdi"}
COMMAND: POST /session/e9da8fc7d2e5c6d9fcb370d825f3b6fb/execute/sync - {"script":"<script> [56 bytes]","args":[{"element-6066-11e4-a52e-4f735466cecf":"f.EB7466E535C2126E60AFBA1E962AA512.d.EF0CA3C1B82424305A4FD8E5223BFD61.e.7906","ELEMENT":"f.EB7466E535C2126E60AFBA1E962AA512.d.EF0CA3C1B82424305A4FD8E5223BFD61.e.7906"}]}
RESULT: {"script":"<script> [56 bytes]","args":[{"element-6066-11e4-a52e-4f735466cecf":"f.EB7466E535C2126E60AFBA1E962AA512.d.EF0CA3C1B82424305A4FD8E5223BFD61.e.7906","ELEMENT":"f.EB7466E535C2126E60AFBA1E962AA512.d.EF0CA3C1B82424305A4FD8E5223BFD61.e.7906"}]}
COMMAND: GET /session/e9da8fc7d2e5c6d9fcb370d825f3b6fb/element/f.EB7466E535C2126E60AFBA1E962AA512.d.EF0CA3C1B82424305A4FD8E5223BFD61.e.7905/attribute/aria-checked - {}
COMMAND: GET /session/e9da8fc7d2e5c6d9fcb370d825f3b6fb/screenshot - {}
RESULT: {}
COMMAND: POST /session/e9da8fc7d2e5c6d9fcb370d825f3b6fb/element - {"using":"xpath","value":"//table[contains(@id, \"listView-innerSelectionPanelTable-listUl\")]/tbody/tr[11]/td[2]/div/div"}
RESULT: {}
RESULT: {"using":"xpath","value":"//table[contains(@id, \"listView-innerSelectionPanelTable-listUl\")]/tbody/tr[11]/td[2]/div/div"}
COMMAND: POST /session/e9da8fc7d2e5c6d9fcb370d825f3b6fb/element - {"using":"xpath","value":"//table[contains(@id, \"listView-innerSelectionPanelTable-listUl\")]/tbody/tr[11]/td[2]/div"}
RESULT: {"using":"xpath","value":"//table[contains(@id, \"listView-innerSelectionPanelTable-listUl\")]/tbody/tr[11]/td[2]/div"}
COMMAND: POST /session/e9da8fc7d2e5c6d9fcb370d825f3b6fb/element - {"using":"xpath","value":"//table[contains(@id, \"listView-innerSelectionPanelTable-listUl\")]/tbody/tr[11]/td[3]/div/div/span/span[1]/bdi"}
RESULT: {"using":"xpath","value":"//table[contains(@id, \"listView-innerSelectionPanelTable-listUl\")]/tbody/tr[11]/td[3]/div/div/span/span[1]/bdi"}
COMMAND: POST /session/e9da8fc7d2e5c6d9fcb370d825f3b6fb/execute/sync - {"script":"<script> [56 bytes]","args":[{"element-6066-11e4-a52e-4f735466cecf":"f.EB7466E535C2126E60AFBA1E962AA512.d.EF0CA3C1B82424305A4FD8E5223BFD61.e.7909","ELEMENT":"f.EB7466E535C2126E60AFBA1E962AA512.d.EF0CA3C1B82424305A4FD8E5223BFD61.e.7909"}]}
RESULT: {"script":"<script> [56 bytes]","args":[{"element-6066-11e4-a52e-4f735466cecf":"f.EB7466E535C2126E60AFBA1E962AA512.d.EF0CA3C1B82424305A4FD8E5223BFD61.e.7909","ELEMENT":"f.EB7466E535C2126E60AFBA1E962AA512.d.EF0CA3C1B82424305A4FD8E5223BFD61.e.7909"}]}
COMMAND: GET /session/e9da8fc7d2e5c6d9fcb370d825f3b6fb/element/f.EB7466E535C2126E60AFBA1E962AA512.d.EF0CA3C1B82424305A4FD8E5223BFD61.e.7908/attribute/aria-checked - {}
COMMAND: GET /session/e9da8fc7d2e5c6d9fcb370d825f3b6fb/screenshot - {}
RESULT: {}
COMMAND: POST /session/e9da8fc7d2e5c6d9fcb370d825f3b6fb/element - {"using":"xpath","value":"//table[contains(@id, \"listView-innerSelectionPanelTable-listUl\")]/tbody/tr[12]/td[2]/div/div"}
RESULT: {}
RESULT: {"using":"xpath","value":"//table[contains(@id, \"listView-innerSelectionPanelTable-listUl\")]/tbody/tr[12]/td[2]/div/div"}
COMMAND: POST /session/e9da8fc7d2e5c6d9fcb370d825f3b6fb/element - {"using":"xpath","value":"//table[contains(@id, \"listView-innerSelectionPanelTable-listUl\")]/tbody/tr[12]/td[2]/div"}
RESULT: {"using":"xpath","value":"//table[contains(@id, \"listView-innerSelectionPanelTable-listUl\")]/tbody/tr[12]/td[2]/div"}
COMMAND: POST /session/e9da8fc7d2e5c6d9fcb370d825f3b6fb/element - {"using":"xpath","value":"//table[contains(@id, \"listView-innerSelectionPanelTable-listUl\")]/tbody/tr[12]/td[3]/div/div/span/span[1]/bdi"}
RESULT: {"using":"xpath","value":"//table[contains(@id, \"listView-innerSelectionPanelTable-listUl\")]/tbody/tr[12]/td[3]/div/div/span/span[1]/bdi"}
COMMAND: POST /session/e9da8fc7d2e5c6d9fcb370d825f3b6fb/execute/sync - {"script":"<script> [56 bytes]","args":[{"element-6066-11e4-a52e-4f735466cecf":"f.EB7466E535C2126E60AFBA1E962AA512.d.EF0CA3C1B82424305A4FD8E5223BFD61.e.7912","ELEMENT":"f.EB7466E535C2126E60AFBA1E962AA512.d.EF0CA3C1B82424305A4FD8E5223BFD61.e.7912"}]}
RESULT: {"script":"<script> [56 bytes]","args":[{"element-6066-11e4-a52e-4f735466cecf":"f.EB7466E535C2126E60AFBA1E962AA512.d.EF0CA3C1B82424305A4FD8E5223BFD61.e.7912","ELEMENT":"f.EB7466E535C2126E60AFBA1E962AA512.d.EF0CA3C1B82424305A4FD8E5223BFD61.e.7912"}]}
COMMAND: GET /session/e9da8fc7d2e5c6d9fcb370d825f3b6fb/element/f.EB7466E535C2126E60AFBA1E962AA512.d.EF0CA3C1B82424305A4FD8E5223BFD61.e.7911/attribute/aria-checked - {}
COMMAND: GET /session/e9da8fc7d2e5c6d9fcb370d825f3b6fb/screenshot - {}
RESULT: {}
COMMAND: POST /session/e9da8fc7d2e5c6d9fcb370d825f3b6fb/element - {"using":"xpath","value":"//table[contains(@id, \"listView-innerSelectionPanelTable-listUl\")]/tbody/tr[13]/td[2]/div/div"}
RESULT: {}
RESULT: {"using":"xpath","value":"//table[contains(@id, \"listView-innerSelectionPanelTable-listUl\")]/tbody/tr[13]/td[2]/div/div"}
COMMAND: POST /session/e9da8fc7d2e5c6d9fcb370d825f3b6fb/element - {"using":"xpath","value":"//table[contains(@id, \"listView-innerSelectionPanelTable-listUl\")]/tbody/tr[13]/td[2]/div"}
RESULT: {"using":"xpath","value":"//table[contains(@id, \"listView-innerSelectionPanelTable-listUl\")]/tbody/tr[13]/td[2]/div"}
COMMAND: POST /session/e9da8fc7d2e5c6d9fcb370d825f3b6fb/element - {"using":"xpath","value":"//table[contains(@id, \"listView-innerSelectionPanelTable-listUl\")]/tbody/tr[13]/td[3]/div/div/span/span[1]/bdi"}
RESULT: {"using":"xpath","value":"//table[contains(@id, \"listView-innerSelectionPanelTable-listUl\")]/tbody/tr[13]/td[3]/div/div/span/span[1]/bdi"}
COMMAND: POST /session/e9da8fc7d2e5c6d9fcb370d825f3b6fb/execute/sync - {"script":"<script> [56 bytes]","args":[{"element-6066-11e4-a52e-4f735466cecf":"f.EB7466E535C2126E60AFBA1E962AA512.d.EF0CA3C1B82424305A4FD8E5223BFD61.e.7915","ELEMENT":"f.EB7466E535C2126E60AFBA1E962AA512.d.EF0CA3C1B82424305A4FD8E5223BFD61.e.7915"}]}
RESULT: {"script":"<script> [56 bytes]","args":[{"element-6066-11e4-a52e-4f735466cecf":"f.EB7466E535C2126E60AFBA1E962AA512.d.EF0CA3C1B82424305A4FD8E5223BFD61.e.7915","ELEMENT":"f.EB7466E535C2126E60AFBA1E962AA512.d.EF0CA3C1B82424305A4FD8E5223BFD61.e.7915"}]}
COMMAND: GET /session/e9da8fc7d2e5c6d9fcb370d825f3b6fb/element/f.EB7466E535C2126E60AFBA1E962AA512.d.EF0CA3C1B82424305A4FD8E5223BFD61.e.7914/attribute/aria-checked - {}
COMMAND: GET /session/e9da8fc7d2e5c6d9fcb370d825f3b6fb/screenshot - {}
RESULT: {}
COMMAND: POST /session/e9da8fc7d2e5c6d9fcb370d825f3b6fb/element - {"using":"xpath","value":"//table[contains(@id, \"listView-innerSelectionPanelTable-listUl\")]/tbody/tr[14]/td[2]/div/div"}
RESULT: {}
RESULT: {"using":"xpath","value":"//table[contains(@id, \"listView-innerSelectionPanelTable-listUl\")]/tbody/tr[14]/td[2]/div/div"}
COMMAND: POST /session/e9da8fc7d2e5c6d9fcb370d825f3b6fb/element - {"using":"xpath","value":"//table[contains(@id, \"listView-innerSelectionPanelTable-listUl\")]/tbody/tr[14]/td[2]/div"}
RESULT: {"using":"xpath","value":"//table[contains(@id, \"listView-innerSelectionPanelTable-listUl\")]/tbody/tr[14]/td[2]/div"}
COMMAND: POST /session/e9da8fc7d2e5c6d9fcb370d825f3b6fb/element - {"using":"xpath","value":"//table[contains(@id, \"listView-innerSelectionPanelTable-listUl\")]/tbody/tr[14]/td[3]/div/div/span/span[1]/bdi"}
RESULT: {"using":"xpath","value":"//table[contains(@id, \"listView-innerSelectionPanelTable-listUl\")]/tbody/tr[14]/td[3]/div/div/span/span[1]/bdi"}
COMMAND: POST /session/e9da8fc7d2e5c6d9fcb370d825f3b6fb/execute/sync - {"script":"<script> [56 bytes]","args":[{"element-6066-11e4-a52e-4f735466cecf":"f.EB7466E535C2126E60AFBA1E962AA512.d.EF0CA3C1B82424305A4FD8E5223BFD61.e.7918","ELEMENT":"f.EB7466E535C2126E60AFBA1E962AA512.d.EF0CA3C1B82424305A4FD8E5223BFD61.e.7918"}]}
RESULT: {"script":"<script> [56 bytes]","args":[{"element-6066-11e4-a52e-4f735466cecf":"f.EB7466E535C2126E60AFBA1E962AA512.d.EF0CA3C1B82424305A4FD8E5223BFD61.e.7918","ELEMENT":"f.EB7466E535C2126E60AFBA1E962AA512.d.EF0CA3C1B82424305A4FD8E5223BFD61.e.7918"}]}
COMMAND: GET /session/e9da8fc7d2e5c6d9fcb370d825f3b6fb/element/f.EB7466E535C2126E60AFBA1E962AA512.d.EF0CA3C1B82424305A4FD8E5223BFD61.e.7917/attribute/aria-checked - {}
COMMAND: GET /session/e9da8fc7d2e5c6d9fcb370d825f3b6fb/screenshot - {}
RESULT: {}
COMMAND: POST /session/e9da8fc7d2e5c6d9fcb370d825f3b6fb/element - {"using":"xpath","value":"//table[contains(@id, \"listView-innerSelectionPanelTable-listUl\")]/tbody/tr[15]/td[2]/div/div"}
RESULT: {}
RESULT: {"using":"xpath","value":"//table[contains(@id, \"listView-innerSelectionPanelTable-listUl\")]/tbody/tr[15]/td[2]/div/div"}
COMMAND: POST /session/e9da8fc7d2e5c6d9fcb370d825f3b6fb/element - {"using":"xpath","value":"//table[contains(@id, \"listView-innerSelectionPanelTable-listUl\")]/tbody/tr[15]/td[2]/div"}
RESULT: {"using":"xpath","value":"//table[contains(@id, \"listView-innerSelectionPanelTable-listUl\")]/tbody/tr[15]/td[2]/div"}
COMMAND: POST /session/e9da8fc7d2e5c6d9fcb370d825f3b6fb/element - {"using":"xpath","value":"//table[contains(@id, \"listView-innerSelectionPanelTable-listUl\")]/tbody/tr[15]/td[3]/div/div/span/span[1]/bdi"}
RESULT: {"using":"xpath","value":"//table[contains(@id, \"listView-innerSelectionPanelTable-listUl\")]/tbody/tr[15]/td[3]/div/div/span/span[1]/bdi"}
COMMAND: POST /session/e9da8fc7d2e5c6d9fcb370d825f3b6fb/execute/sync - {"script":"<script> [56 bytes]","args":[{"element-6066-11e4-a52e-4f735466cecf":"f.EB7466E535C2126E60AFBA1E962AA512.d.EF0CA3C1B82424305A4FD8E5223BFD61.e.7921","ELEMENT":"f.EB7466E535C2126E60AFBA1E962AA512.d.EF0CA3C1B82424305A4FD8E5223BFD61.e.7921"}]}
RESULT: {"script":"<script> [56 bytes]","args":[{"element-6066-11e4-a52e-4f735466cecf":"f.EB7466E535C2126E60AFBA1E962AA512.d.EF0CA3C1B82424305A4FD8E5223BFD61.e.7921","ELEMENT":"f.EB7466E535C2126E60AFBA1E962AA512.d.EF0CA3C1B82424305A4FD8E5223BFD61.e.7921"}]}
COMMAND: GET /session/e9da8fc7d2e5c6d9fcb370d825f3b6fb/element/f.EB7466E535C2126E60AFBA1E962AA512.d.EF0CA3C1B82424305A4FD8E5223BFD61.e.7920/attribute/aria-checked - {}
COMMAND: GET /session/e9da8fc7d2e5c6d9fcb370d825f3b6fb/screenshot - {}
RESULT: {}
COMMAND: POST /session/e9da8fc7d2e5c6d9fcb370d825f3b6fb/element - {"using":"xpath","value":"//table[contains(@id, \"listView-innerSelectionPanelTable-listUl\")]/tbody/tr[16]/td[2]/div/div"}
RESULT: {}
RESULT: {"using":"xpath","value":"//table[contains(@id, \"listView-innerSelectionPanelTable-listUl\")]/tbody/tr[16]/td[2]/div/div"}
COMMAND: POST /session/e9da8fc7d2e5c6d9fcb370d825f3b6fb/element - {"using":"xpath","value":"//table[contains(@id, \"listView-innerSelectionPanelTable-listUl\")]/tbody/tr[16]/td[2]/div"}
RESULT: {"using":"xpath","value":"//table[contains(@id, \"listView-innerSelectionPanelTable-listUl\")]/tbody/tr[16]/td[2]/div"}
COMMAND: POST /session/e9da8fc7d2e5c6d9fcb370d825f3b6fb/element - {"using":"xpath","value":"//table[contains(@id, \"listView-innerSelectionPanelTable-listUl\")]/tbody/tr[16]/td[3]/div/div/span/span[1]/bdi"}
RESULT: {"using":"xpath","value":"//table[contains(@id, \"listView-innerSelectionPanelTable-listUl\")]/tbody/tr[16]/td[3]/div/div/span/span[1]/bdi"}
COMMAND: POST /session/e9da8fc7d2e5c6d9fcb370d825f3b6fb/execute/sync - {"script":"<script> [56 bytes]","args":[{"element-6066-11e4-a52e-4f735466cecf":"f.EB7466E535C2126E60AFBA1E962AA512.d.EF0CA3C1B82424305A4FD8E5223BFD61.e.7924","ELEMENT":"f.EB7466E535C2126E60AFBA1E962AA512.d.EF0CA3C1B82424305A4FD8E5223BFD61.e.7924"}]}
RESULT: {"script":"<script> [56 bytes]","args":[{"element-6066-11e4-a52e-4f735466cecf":"f.EB7466E535C2126E60AFBA1E962AA512.d.EF0CA3C1B82424305A4FD8E5223BFD61.e.7924","ELEMENT":"f.EB7466E535C2126E60AFBA1E962AA512.d.EF0CA3C1B82424305A4FD8E5223BFD61.e.7924"}]}
COMMAND: GET /session/e9da8fc7d2e5c6d9fcb370d825f3b6fb/element/f.EB7466E535C2126E60AFBA1E962AA512.d.EF0CA3C1B82424305A4FD8E5223BFD61.e.7923/attribute/aria-checked - {}
COMMAND: GET /session/e9da8fc7d2e5c6d9fcb370d825f3b6fb/screenshot - {}
RESULT: {}
RESULT: {}
COMMAND: POST /session/e9da8fc7d2e5c6d9fcb370d825f3b6fb/element - {"using":"xpath","value":"//table[contains(@id, \"listView-innerSelectionPanelTable-listUl\")]/tbody/tr[17]/td[2]/div/div"}
RESULT: {"using":"xpath","value":"//table[contains(@id, \"listView-innerSelectionPanelTable-listUl\")]/tbody/tr[17]/td[2]/div/div"}
COMMAND: POST /session/e9da8fc7d2e5c6d9fcb370d825f3b6fb/element - {"using":"xpath","value":"//table[contains(@id, \"listView-innerSelectionPanelTable-listUl\")]/tbody/tr[17]/td[2]/div"}
RESULT: {"using":"xpath","value":"//table[contains(@id, \"listView-innerSelectionPanelTable-listUl\")]/tbody/tr[17]/td[2]/div"}
COMMAND: POST /session/e9da8fc7d2e5c6d9fcb370d825f3b6fb/element - {"using":"xpath","value":"//table[contains(@id, \"listView-innerSelectionPanelTable-listUl\")]/tbody/tr[17]/td[3]/div/div/span/span[1]/bdi"}
RESULT: {"using":"xpath","value":"//table[contains(@id, \"listView-innerSelectionPanelTable-listUl\")]/tbody/tr[17]/td[3]/div/div/span/span[1]/bdi"}
COMMAND: POST /session/e9da8fc7d2e5c6d9fcb370d825f3b6fb/execute/sync - {"script":"<script> [56 bytes]","args":[{"element-6066-11e4-a52e-4f735466cecf":"f.EB7466E535C2126E60AFBA1E962AA512.d.EF0CA3C1B82424305A4FD8E5223BFD61.e.7927","ELEMENT":"f.EB7466E535C2126E60AFBA1E962AA512.d.EF0CA3C1B82424305A4FD8E5223BFD61.e.7927"}]}
RESULT: {"script":"<script> [56 bytes]","args":[{"element-6066-11e4-a52e-4f735466cecf":"f.EB7466E535C2126E60AFBA1E962AA512.d.EF0CA3C1B82424305A4FD8E5223BFD61.e.7927","ELEMENT":"f.EB7466E535C2126E60AFBA1E962AA512.d.EF0CA3C1B82424305A4FD8E5223BFD61.e.7927"}]}
COMMAND: GET /session/e9da8fc7d2e5c6d9fcb370d825f3b6fb/element/f.EB7466E535C2126E60AFBA1E962AA512.d.EF0CA3C1B82424305A4FD8E5223BFD61.e.7926/attribute/aria-checked - {}
COMMAND: GET /session/e9da8fc7d2e5c6d9fcb370d825f3b6fb/screenshot - {}
RESULT: {}
COMMAND: POST /session/e9da8fc7d2e5c6d9fcb370d825f3b6fb/element - {"using":"xpath","value":"//table[contains(@id, \"listView-innerSelectionPanelTable-listUl\")]/tbody/tr[18]/td[2]/div/div"}
RESULT: {}
RESULT: {"using":"xpath","value":"//table[contains(@id, \"listView-innerSelectionPanelTable-listUl\")]/tbody/tr[18]/td[2]/div/div"}
COMMAND: POST /session/e9da8fc7d2e5c6d9fcb370d825f3b6fb/element - {"using":"xpath","value":"//table[contains(@id, \"listView-innerSelectionPanelTable-listUl\")]/tbody/tr[18]/td[2]/div"}
RESULT: {"using":"xpath","value":"//table[contains(@id, \"listView-innerSelectionPanelTable-listUl\")]/tbody/tr[18]/td[2]/div"}
COMMAND: POST /session/e9da8fc7d2e5c6d9fcb370d825f3b6fb/element - {"using":"xpath","value":"//table[contains(@id, \"listView-innerSelectionPanelTable-listUl\")]/tbody/tr[18]/td[3]/div/div/span/span[1]/bdi"}
RESULT: {"using":"xpath","value":"//table[contains(@id, \"listView-innerSelectionPanelTable-listUl\")]/tbody/tr[18]/td[3]/div/div/span/span[1]/bdi"}
COMMAND: POST /session/e9da8fc7d2e5c6d9fcb370d825f3b6fb/execute/sync - {"script":"<script> [56 bytes]","args":[{"element-6066-11e4-a52e-4f735466cecf":"f.EB7466E535C2126E60AFBA1E962AA512.d.EF0CA3C1B82424305A4FD8E5223BFD61.e.7930","ELEMENT":"f.EB7466E535C2126E60AFBA1E962AA512.d.EF0CA3C1B82424305A4FD8E5223BFD61.e.7930"}]}
RESULT: {"script":"<script> [56 bytes]","args":[{"element-6066-11e4-a52e-4f735466cecf":"f.EB7466E535C2126E60AFBA1E962AA512.d.EF0CA3C1B82424305A4FD8E5223BFD61.e.7930","ELEMENT":"f.EB7466E535C2126E60AFBA1E962AA512.d.EF0CA3C1B82424305A4FD8E5223BFD61.e.7930"}]}
COMMAND: GET /session/e9da8fc7d2e5c6d9fcb370d825f3b6fb/element/f.EB7466E535C2126E60AFBA1E962AA512.d.EF0CA3C1B82424305A4FD8E5223BFD61.e.7929/attribute/aria-checked - {}
COMMAND: GET /session/e9da8fc7d2e5c6d9fcb370d825f3b6fb/screenshot - {}
RESULT: {}
COMMAND: POST /session/e9da8fc7d2e5c6d9fcb370d825f3b6fb/element - {"using":"xpath","value":"//table[contains(@id, \"listView-innerSelectionPanelTable-listUl\")]/tbody/tr[19]/td[2]/div/div"}
RESULT: {}
RESULT: {"using":"xpath","value":"//table[contains(@id, \"listView-innerSelectionPanelTable-listUl\")]/tbody/tr[19]/td[2]/div/div"}
COMMAND: POST /session/e9da8fc7d2e5c6d9fcb370d825f3b6fb/element - {"using":"xpath","value":"//table[contains(@id, \"listView-innerSelectionPanelTable-listUl\")]/tbody/tr[19]/td[2]/div"}
RESULT: {"using":"xpath","value":"//table[contains(@id, \"listView-innerSelectionPanelTable-listUl\")]/tbody/tr[19]/td[2]/div"}
COMMAND: POST /session/e9da8fc7d2e5c6d9fcb370d825f3b6fb/element - {"using":"xpath","value":"//table[contains(@id, \"listView-innerSelectionPanelTable-listUl\")]/tbody/tr[19]/td[3]/div/div/span/span[1]/bdi"}
RESULT: {"using":"xpath","value":"//table[contains(@id, \"listView-innerSelectionPanelTable-listUl\")]/tbody/tr[19]/td[3]/div/div/span/span[1]/bdi"}
COMMAND: POST /session/e9da8fc7d2e5c6d9fcb370d825f3b6fb/execute/sync - {"script":"<script> [56 bytes]","args":[{"element-6066-11e4-a52e-4f735466cecf":"f.EB7466E535C2126E60AFBA1E962AA512.d.EF0CA3C1B82424305A4FD8E5223BFD61.e.7933","ELEMENT":"f.EB7466E535C2126E60AFBA1E962AA512.d.EF0CA3C1B82424305A4FD8E5223BFD61.e.7933"}]}
RESULT: {"script":"<script> [56 bytes]","args":[{"element-6066-11e4-a52e-4f735466cecf":"f.EB7466E535C2126E60AFBA1E962AA512.d.EF0CA3C1B82424305A4FD8E5223BFD61.e.7933","ELEMENT":"f.EB7466E535C2126E60AFBA1E962AA512.d.EF0CA3C1B82424305A4FD8E5223BFD61.e.7933"}]}
COMMAND: GET /session/e9da8fc7d2e5c6d9fcb370d825f3b6fb/element/f.EB7466E535C2126E60AFBA1E962AA512.d.EF0CA3C1B82424305A4FD8E5223BFD61.e.7932/attribute/aria-checked - {}
COMMAND: GET /session/e9da8fc7d2e5c6d9fcb370d825f3b6fb/screenshot - {}
RESULT: {}
COMMAND: POST /session/e9da8fc7d2e5c6d9fcb370d825f3b6fb/element - {"using":"xpath","value":"//table[contains(@id, \"listView-innerSelectionPanelTable-listUl\")]/tbody/tr[20]/td[2]/div/div"}
RESULT: {}
RESULT: {"using":"xpath","value":"//table[contains(@id, \"listView-innerSelectionPanelTable-listUl\")]/tbody/tr[20]/td[2]/div/div"}
COMMAND: POST /session/e9da8fc7d2e5c6d9fcb370d825f3b6fb/element - {"using":"xpath","value":"//table[contains(@id, \"listView-innerSelectionPanelTable-listUl\")]/tbody/tr[20]/td[2]/div"}
RESULT: {"using":"xpath","value":"//table[contains(@id, \"listView-innerSelectionPanelTable-listUl\")]/tbody/tr[20]/td[2]/div"}
COMMAND: POST /session/e9da8fc7d2e5c6d9fcb370d825f3b6fb/element - {"using":"xpath","value":"//table[contains(@id, \"listView-innerSelectionPanelTable-listUl\")]/tbody/tr[20]/td[3]/div/div/span/span[1]/bdi"}
RESULT: {"using":"xpath","value":"//table[contains(@id, \"listView-innerSelectionPanelTable-listUl\")]/tbody/tr[20]/td[3]/div/div/span/span[1]/bdi"}
COMMAND: POST /session/e9da8fc7d2e5c6d9fcb370d825f3b6fb/execute/sync - {"script":"<script> [56 bytes]","args":[{"element-6066-11e4-a52e-4f735466cecf":"f.EB7466E535C2126E60AFBA1E962AA512.d.EF0CA3C1B82424305A4FD8E5223BFD61.e.7936","ELEMENT":"f.EB7466E535C2126E60AFBA1E962AA512.d.EF0CA3C1B82424305A4FD8E5223BFD61.e.7936"}]}
RESULT: {"script":"<script> [56 bytes]","args":[{"element-6066-11e4-a52e-4f735466cecf":"f.EB7466E535C2126E60AFBA1E962AA512.d.EF0CA3C1B82424305A4FD8E5223BFD61.e.7936","ELEMENT":"f.EB7466E535C2126E60AFBA1E962AA512.d.EF0CA3C1B82424305A4FD8E5223BFD61.e.7936"}]}
COMMAND: GET /session/e9da8fc7d2e5c6d9fcb370d825f3b6fb/element/f.EB7466E535C2126E60AFBA1E962AA512.d.EF0CA3C1B82424305A4FD8E5223BFD61.e.7935/attribute/aria-checked - {}
COMMAND: GET /session/e9da8fc7d2e5c6d9fcb370d825f3b6fb/screenshot - {}
RESULT: {}
COMMAND: POST /session/e9da8fc7d2e5c6d9fcb370d825f3b6fb/element - {"using":"xpath","value":"//table[contains(@id, \"listView-innerSelectionPanelTable-listUl\")]/tbody/tr[21]/td[2]/div/div"}
COMMAND: POST /session/e9da8fc7d2e5c6d9fcb370d825f3b6fb/element/f.EB7466E535C2126E60AFBA1E962AA512.d.EF0CA3C1B82424305A4FD8E5223BFD61.e.7934/click - {}
RESULT: {}
RESULT: {}
COMMAND: GET /session/e9da8fc7d2e5c6d9fcb370d825f3b6fb/screenshot - {}
RESULT: {"using":"xpath","value":"//table[contains(@id, \"listView-innerSelectionPanelTable-listUl\")]/tbody/tr[21]/td[2]/div/div"}
COMMAND: POST /session/e9da8fc7d2e5c6d9fcb370d825f3b6fb/element - {"using":"xpath","value":"//table[contains(@id, \"listView-innerSelectionPanelTable-listUl\")]/tbody/tr[21]/td[2]/div"}
RESULT: {}
RESULT: {"using":"xpath","value":"//table[contains(@id, \"listView-innerSelectionPanelTable-listUl\")]/tbody/tr[21]/td[2]/div"}
COMMAND: POST /session/e9da8fc7d2e5c6d9fcb370d825f3b6fb/element - {"using":"xpath","value":"//table[contains(@id, \"listView-innerSelectionPanelTable-listUl\")]/tbody/tr[21]/td[3]/div/div/span/span[1]/bdi"}
RESULT: {"using":"xpath","value":"//table[contains(@id, \"listView-innerSelectionPanelTable-listUl\")]/tbody/tr[21]/td[3]/div/div/span/span[1]/bdi"}
COMMAND: POST /session/e9da8fc7d2e5c6d9fcb370d825f3b6fb/execute/sync - {"script":"<script> [56 bytes]","args":[{"element-6066-11e4-a52e-4f735466cecf":"f.EB7466E535C2126E60AFBA1E962AA512.d.EF0CA3C1B82424305A4FD8E5223BFD61.e.7942","ELEMENT":"f.EB7466E535C2126E60AFBA1E962AA512.d.EF0CA3C1B82424305A4FD8E5223BFD61.e.7942"}]}
RESULT: {"script":"<script> [56 bytes]","args":[{"element-6066-11e4-a52e-4f735466cecf":"f.EB7466E535C2126E60AFBA1E962AA512.d.EF0CA3C1B82424305A4FD8E5223BFD61.e.7942","ELEMENT":"f.EB7466E535C2126E60AFBA1E962AA512.d.EF0CA3C1B82424305A4FD8E5223BFD61.e.7942"}]}
COMMAND: GET /session/e9da8fc7d2e5c6d9fcb370d825f3b6fb/element/f.EB7466E535C2126E60AFBA1E962AA512.d.EF0CA3C1B82424305A4FD8E5223BFD61.e.7941/attribute/aria-checked - {}
COMMAND: GET /session/e9da8fc7d2e5c6d9fcb370d825f3b6fb/screenshot - {}
RESULT: {}
COMMAND: POST /session/e9da8fc7d2e5c6d9fcb370d825f3b6fb/element - {"using":"xpath","value":"//table[contains(@id, \"listView-innerSelectionPanelTable-listUl\")]/tbody/tr[22]/td[2]/div/div"}
COMMAND: POST /session/e9da8fc7d2e5c6d9fcb370d825f3b6fb/element/f.EB7466E535C2126E60AFBA1E962AA512.d.EF0CA3C1B82424305A4FD8E5223BFD61.e.7940/click - {}
RESULT: {}
RESULT: {"using":"xpath","value":"//table[contains(@id, \"listView-innerSelectionPanelTable-listUl\")]/tbody/tr[22]/td[2]/div/div"}
COMMAND: POST /session/e9da8fc7d2e5c6d9fcb370d825f3b6fb/element - {"using":"xpath","value":"//table[contains(@id, \"listView-innerSelectionPanelTable-listUl\")]/tbody/tr[22]/td[2]/div"}
RESULT: {}
COMMAND: GET /session/e9da8fc7d2e5c6d9fcb370d825f3b6fb/screenshot - {}
RESULT: {"using":"xpath","value":"//table[contains(@id, \"listView-innerSelectionPanelTable-listUl\")]/tbody/tr[22]/td[2]/div"}
COMMAND: POST /session/e9da8fc7d2e5c6d9fcb370d825f3b6fb/element - {"using":"xpath","value":"//table[contains(@id, \"listView-innerSelectionPanelTable-listUl\")]/tbody/tr[22]/td[3]/div/div/span/span[1]/bdi"}
RESULT: {}
RESULT: {"using":"xpath","value":"//table[contains(@id, \"listView-innerSelectionPanelTable-listUl\")]/tbody/tr[22]/td[3]/div/div/span/span[1]/bdi"}
COMMAND: POST /session/e9da8fc7d2e5c6d9fcb370d825f3b6fb/execute/sync - {"script":"<script> [56 bytes]","args":[{"element-6066-11e4-a52e-4f735466cecf":"f.EB7466E535C2126E60AFBA1E962AA512.d.EF0CA3C1B82424305A4FD8E5223BFD61.e.7946","ELEMENT":"f.EB7466E535C2126E60AFBA1E962AA512.d.EF0CA3C1B82424305A4FD8E5223BFD61.e.7946"}]}
RESULT: {"script":"<script> [56 bytes]","args":[{"element-6066-11e4-a52e-4f735466cecf":"f.EB7466E535C2126E60AFBA1E962AA512.d.EF0CA3C1B82424305A4FD8E5223BFD61.e.7946","ELEMENT":"f.EB7466E535C2126E60AFBA1E962AA512.d.EF0CA3C1B82424305A4FD8E5223BFD61.e.7946"}]}
COMMAND: GET /session/e9da8fc7d2e5c6d9fcb370d825f3b6fb/element/f.EB7466E535C2126E60AFBA1E962AA512.d.EF0CA3C1B82424305A4FD8E5223BFD61.e.7945/attribute/aria-checked - {}
COMMAND: GET /session/e9da8fc7d2e5c6d9fcb370d825f3b6fb/screenshot - {}
RESULT: {}
COMMAND: POST /session/e9da8fc7d2e5c6d9fcb370d825f3b6fb/element - {"using":"xpath","value":"//table[contains(@id, \"listView-innerSelectionPanelTable-listUl\")]/tbody/tr[23]/td[2]/div/div"}
RESULT: {}
RESULT: {"using":"xpath","value":"//table[contains(@id, \"listView-innerSelectionPanelTable-listUl\")]/tbody/tr[23]/td[2]/div/div"}
COMMAND: POST /session/e9da8fc7d2e5c6d9fcb370d825f3b6fb/element - {"using":"xpath","value":"//table[contains(@id, \"listView-innerSelectionPanelTable-listUl\")]/tbody/tr[23]/td[2]/div"}
RESULT: {"using":"xpath","value":"//table[contains(@id, \"listView-innerSelectionPanelTable-listUl\")]/tbody/tr[23]/td[2]/div"}
COMMAND: POST /session/e9da8fc7d2e5c6d9fcb370d825f3b6fb/element - {"using":"xpath","value":"//table[contains(@id, \"listView-innerSelectionPanelTable-listUl\")]/tbody/tr[23]/td[3]/div/div/span/span[1]/bdi"}
RESULT: {"using":"xpath","value":"//table[contains(@id, \"listView-innerSelectionPanelTable-listUl\")]/tbody/tr[23]/td[3]/div/div/span/span[1]/bdi"}
COMMAND: POST /session/e9da8fc7d2e5c6d9fcb370d825f3b6fb/execute/sync - {"script":"<script> [56 bytes]","args":[{"element-6066-11e4-a52e-4f735466cecf":"f.EB7466E535C2126E60AFBA1E962AA512.d.EF0CA3C1B82424305A4FD8E5223BFD61.e.7949","ELEMENT":"f.EB7466E535C2126E60AFBA1E962AA512.d.EF0CA3C1B82424305A4FD8E5223BFD61.e.7949"}]}
RESULT: {"script":"<script> [56 bytes]","args":[{"element-6066-11e4-a52e-4f735466cecf":"f.EB7466E535C2126E60AFBA1E962AA512.d.EF0CA3C1B82424305A4FD8E5223BFD61.e.7949","ELEMENT":"f.EB7466E535C2126E60AFBA1E962AA512.d.EF0CA3C1B82424305A4FD8E5223BFD61.e.7949"}]}
COMMAND: GET /session/e9da8fc7d2e5c6d9fcb370d825f3b6fb/element/f.EB7466E535C2126E60AFBA1E962AA512.d.EF0CA3C1B82424305A4FD8E5223BFD61.e.7948/attribute/aria-checked - {}
COMMAND: GET /session/e9da8fc7d2e5c6d9fcb370d825f3b6fb/screenshot - {}
RESULT: {}
COMMAND: POST /session/e9da8fc7d2e5c6d9fcb370d825f3b6fb/element - {"using":"xpath","value":"//table[contains(@id, \"listView-innerSelectionPanelTable-listUl\")]/tbody/tr[24]/td[2]/div/div"}
RESULT: {}
RESULT: {"using":"xpath","value":"//table[contains(@id, \"listView-innerSelectionPanelTable-listUl\")]/tbody/tr[24]/td[2]/div/div"}
COMMAND: POST /session/e9da8fc7d2e5c6d9fcb370d825f3b6fb/element - {"using":"xpath","value":"//table[contains(@id, \"listView-innerSelectionPanelTable-listUl\")]/tbody/tr[24]/td[2]/div"}
RESULT: {"using":"xpath","value":"//table[contains(@id, \"listView-innerSelectionPanelTable-listUl\")]/tbody/tr[24]/td[2]/div"}
COMMAND: POST /session/e9da8fc7d2e5c6d9fcb370d825f3b6fb/element - {"using":"xpath","value":"//table[contains(@id, \"listView-innerSelectionPanelTable-listUl\")]/tbody/tr[24]/td[3]/div/div/span/span[1]/bdi"}
RESULT: {"using":"xpath","value":"//table[contains(@id, \"listView-innerSelectionPanelTable-listUl\")]/tbody/tr[24]/td[3]/div/div/span/span[1]/bdi"}
COMMAND: POST /session/e9da8fc7d2e5c6d9fcb370d825f3b6fb/execute/sync - {"script":"<script> [56 bytes]","args":[{"element-6066-11e4-a52e-4f735466cecf":"f.EB7466E535C2126E60AFBA1E962AA512.d.EF0CA3C1B82424305A4FD8E5223BFD61.e.7952","ELEMENT":"f.EB7466E535C2126E60AFBA1E962AA512.d.EF0CA3C1B82424305A4FD8E5223BFD61.e.7952"}]}
RESULT: {"script":"<script> [56 bytes]","args":[{"element-6066-11e4-a52e-4f735466cecf":"f.EB7466E535C2126E60AFBA1E962AA512.d.EF0CA3C1B82424305A4FD8E5223BFD61.e.7952","ELEMENT":"f.EB7466E535C2126E60AFBA1E962AA512.d.EF0CA3C1B82424305A4FD8E5223BFD61.e.7952"}]}
COMMAND: GET /session/e9da8fc7d2e5c6d9fcb370d825f3b6fb/element/f.EB7466E535C2126E60AFBA1E962AA512.d.EF0CA3C1B82424305A4FD8E5223BFD61.e.7951/attribute/aria-checked - {}
COMMAND: GET /session/e9da8fc7d2e5c6d9fcb370d825f3b6fb/screenshot - {}
RESULT: {}
COMMAND: POST /session/e9da8fc7d2e5c6d9fcb370d825f3b6fb/element - {"using":"xpath","value":"//table[contains(@id, \"listView-innerSelectionPanelTable-listUl\")]/tbody/tr[25]/td[2]/div/div"}
RESULT: {}
RESULT: {"using":"xpath","value":"//table[contains(@id, \"listView-innerSelectionPanelTable-listUl\")]/tbody/tr[25]/td[2]/div/div"}
COMMAND: POST /session/e9da8fc7d2e5c6d9fcb370d825f3b6fb/element - {"using":"xpath","value":"//table[contains(@id, \"listView-innerSelectionPanelTable-listUl\")]/tbody/tr[25]/td[2]/div"}
RESULT: {"using":"xpath","value":"//table[contains(@id, \"listView-innerSelectionPanelTable-listUl\")]/tbody/tr[25]/td[2]/div"}
COMMAND: POST /session/e9da8fc7d2e5c6d9fcb370d825f3b6fb/element - {"using":"xpath","value":"//table[contains(@id, \"listView-innerSelectionPanelTable-listUl\")]/tbody/tr[25]/td[3]/div/div/span/span[1]/bdi"}
RESULT: {"using":"xpath","value":"//table[contains(@id, \"listView-innerSelectionPanelTable-listUl\")]/tbody/tr[25]/td[3]/div/div/span/span[1]/bdi"}
COMMAND: POST /session/e9da8fc7d2e5c6d9fcb370d825f3b6fb/execute/sync - {"script":"<script> [56 bytes]","args":[{"element-6066-11e4-a52e-4f735466cecf":"f.EB7466E535C2126E60AFBA1E962AA512.d.EF0CA3C1B82424305A4FD8E5223BFD61.e.7955","ELEMENT":"f.EB7466E535C2126E60AFBA1E962AA512.d.EF0CA3C1B82424305A4FD8E5223BFD61.e.7955"}]}
RESULT: {"script":"<script> [56 bytes]","args":[{"element-6066-11e4-a52e-4f735466cecf":"f.EB7466E535C2126E60AFBA1E962AA512.d.EF0CA3C1B82424305A4FD8E5223BFD61.e.7955","ELEMENT":"f.EB7466E535C2126E60AFBA1E962AA512.d.EF0CA3C1B82424305A4FD8E5223BFD61.e.7955"}]}
COMMAND: GET /session/e9da8fc7d2e5c6d9fcb370d825f3b6fb/element/f.EB7466E535C2126E60AFBA1E962AA512.d.EF0CA3C1B82424305A4FD8E5223BFD61.e.7954/attribute/aria-checked - {}
COMMAND: GET /session/e9da8fc7d2e5c6d9fcb370d825f3b6fb/screenshot - {}
RESULT: {}
COMMAND: POST /session/e9da8fc7d2e5c6d9fcb370d825f3b6fb/element - {"using":"xpath","value":"//bdi[contains(text(), \"OK\")]"}
RESULT: {}
RESULT: {"using":"xpath","value":"//bdi[contains(text(), \"OK\")]"}
COMMAND: POST /session/e9da8fc7d2e5c6d9fcb370d825f3b6fb/element/f.EB7466E535C2126E60AFBA1E962AA512.d.EF0CA3C1B82424305A4FD8E5223BFD61.e.7956/click - {}
RESULT: {}
COMMAND: GET /session/e9da8fc7d2e5c6d9fcb370d825f3b6fb/screenshot - {}
RESULT: {}
COMMAND: POST /session/e9da8fc7d2e5c6d9fcb370d825f3b6fb/execute/async - {"script":"<script> [1562 bytes]","args":[{"selector":{"id":"application-managepartners-display-component---masterPtm--smartFilterBar-filterItemControlA_-LINK_TO_ADDRESSES_MAIN.ID-vhi"},"wdio_ui5_key":"applicationmanagepartners-display-component---masterPtm--smartFilterBar-filterItemControlA_-LINK_TO_ADDRESSES_MAIN.ID-vhi"}]}
RESULT: {"script":"<script> [1562 bytes]","args":[{"selector":{"id":"application-managepartners-display-component---masterPtm--smartFilterBar-filterItemControlA_-LINK_TO_ADDRESSES_MAIN.ID-vhi"},"wdio_ui5_key":"applicationmanagepartners-display-component---masterPtm--smartFilterBar-filterItemControlA_-LINK_TO_ADDRESSES_MAIN.ID-vhi"}]}
RESULT: undefined
COMMAND: POST /session/e9da8fc7d2e5c6d9fcb370d825f3b6fb/element - {"using":"xpath","value":"//*[@id=\"application-managepartners-display-component---masterPtm--smartFilterBar-filterItemControlA_-LINK_TO_ADDRESSES_MAIN.ID-vhi\"]"}
RESULT: {"using":"xpath","value":"//*[@id=\"application-managepartners-display-component---masterPtm--smartFilterBar-filterItemControlA_-LINK_TO_ADDRESSES_MAIN.ID-vhi\"]"}
COMMAND: POST /session/e9da8fc7d2e5c6d9fcb370d825f3b6fb/element/f.EB7466E535C2126E60AFBA1E962AA512.d.EF0CA3C1B82424305A4FD8E5223BFD61.e.7969/click - {}
RESULT: {}
COMMAND: GET /session/e9da8fc7d2e5c6d9fcb370d825f3b6fb/screenshot - {}
RESULT: {}
COMMAND: POST /session/e9da8fc7d2e5c6d9fcb370d825f3b6fb/element - {"using":"xpath","value":"//div[input[@value=\"contains\"]]//span[contains(@id, \"arrow\")]"}
RESULT: {"using":"xpath","value":"//div[input[@value=\"contains\"]]//span[contains(@id, \"arrow\")]"}
COMMAND: POST /session/e9da8fc7d2e5c6d9fcb370d825f3b6fb/element/f.EB7466E535C2126E60AFBA1E962AA512.d.EF0CA3C1B82424305A4FD8E5223BFD61.e.7974/click - {}
RESULT: {}
COMMAND: GET /session/e9da8fc7d2e5c6d9fcb370d825f3b6fb/screenshot - {}
RESULT: {}
COMMAND: POST /session/e9da8fc7d2e5c6d9fcb370d825f3b6fb/element - {"using":"xpath","value":"//li[.//span[text()='equal to']]"}
RESULT: {"using":"xpath","value":"//li[.//span[text()='equal to']]"}
COMMAND: POST /session/e9da8fc7d2e5c6d9fcb370d825f3b6fb/element/f.EB7466E535C2126E60AFBA1E962AA512.d.EF0CA3C1B82424305A4FD8E5223BFD61.e.7975/click - {}
RESULT: {}
COMMAND: GET /session/e9da8fc7d2e5c6d9fcb370d825f3b6fb/screenshot - {}
RESULT: {}
RESULT: undefined
COMMAND: POST /session/e9da8fc7d2e5c6d9fcb370d825f3b6fb/execute/async - {"script":"<script> [776 bytes]","args":[{"enterText":"1006","selector":{"controlType":"sap.m.Input","viewName":"etm.portal.ui.managepartners.view.Master","viewId":"application-managepartners-display-component---masterPtm","properties":{"valueState":"None"},"searchOpenDialogs":true,"interaction":{"idSuffix":"inner"}},"clearTextFirst":true,"interactionType":"ENTER_TEXT"}]}
RESULT: {"script":"<script> [776 bytes]","args":[{"enterText":"1006","selector":{"controlType":"sap.m.Input","viewName":"etm.portal.ui.managepartners.view.Master","viewId":"application-managepartners-display-component---masterPtm","properties":{"valueState":"None"},"searchOpenDialogs":true,"interaction":{"idSuffix":"inner"}},"clearTextFirst":true,"interactionType":"ENTER_TEXT"}]}
COMMAND: POST /session/e9da8fc7d2e5c6d9fcb370d825f3b6fb/actions - {"actions":[{"id":"action22","type":"key","parameters":{},"actions":[{"type":"keyDown","value":""},{"type":"pause","duration":10},{"type":"keyUp","value":""}]}]}
RESULT: {"actions":[{"id":"action22","type":"key","parameters":{},"actions":[{"type":"keyDown","value":""},{"type":"pause","duration":10},{"type":"keyUp","value":""}]}]}
COMMAND: GET /session/e9da8fc7d2e5c6d9fcb370d825f3b6fb/screenshot - {}
RESULT: {}
COMMAND: POST /session/e9da8fc7d2e5c6d9fcb370d825f3b6fb/element - {"using":"xpath","value":"(//bdi[contains(text(), \"OK\")])[1]"}
RESULT: {"using":"xpath","value":"(//bdi[contains(text(), \"OK\")])[1]"}
COMMAND: POST /session/e9da8fc7d2e5c6d9fcb370d825f3b6fb/element/f.EB7466E535C2126E60AFBA1E962AA512.d.EF0CA3C1B82424305A4FD8E5223BFD61.e.7976/click - {}
RESULT: {}
COMMAND: GET /session/e9da8fc7d2e5c6d9fcb370d825f3b6fb/screenshot - {}
RESULT: {}
COMMAND: POST /session/e9da8fc7d2e5c6d9fcb370d825f3b6fb/element - {"using":"xpath","value":"//span[@id=\"application-managepartners-display-component---masterPtm--smartTable-header-inner\"]"}
RESULT: {"using":"xpath","value":"//span[@id=\"application-managepartners-display-component---masterPtm--smartTable-header-inner\"]"}
COMMAND: POST /session/e9da8fc7d2e5c6d9fcb370d825f3b6fb/elements - {"using":"xpath","value":"//span[@id=\"application-managepartners-display-component---masterPtm--smartTable-header-inner\"]"}
RESULT: {"using":"xpath","value":"//span[@id=\"application-managepartners-display-component---masterPtm--smartTable-header-inner\"]"}
COMMAND: POST /session/e9da8fc7d2e5c6d9fcb370d825f3b6fb/execute/sync - {"script":"<script> [56 bytes]","args":[{"element-6066-11e4-a52e-4f735466cecf":"f.EB7466E535C2126E60AFBA1E962AA512.d.EF0CA3C1B82424305A4FD8E5223BFD61.e.7814","ELEMENT":"f.EB7466E535C2126E60AFBA1E962AA512.d.EF0CA3C1B82424305A4FD8E5223BFD61.e.7814"}]}
RESULT: {"script":"<script> [56 bytes]","args":[{"element-6066-11e4-a52e-4f735466cecf":"f.EB7466E535C2126E60AFBA1E962AA512.d.EF0CA3C1B82424305A4FD8E5223BFD61.e.7814","ELEMENT":"f.EB7466E535C2126E60AFBA1E962AA512.d.EF0CA3C1B82424305A4FD8E5223BFD61.e.7814"}]}
COMMAND: POST /session/e9da8fc7d2e5c6d9fcb370d825f3b6fb/element - {"using":"xpath","value":"//span[contains(@title, \"Remove\")]"}
COMMAND: GET /session/e9da8fc7d2e5c6d9fcb370d825f3b6fb/screenshot - {}
RESULT: {"using":"xpath","value":"//span[contains(@title, \"Remove\")]"}
COMMAND: POST /session/e9da8fc7d2e5c6d9fcb370d825f3b6fb/element/f.EB7466E535C2126E60AFBA1E962AA512.d.EF0CA3C1B82424305A4FD8E5223BFD61.e.7980/click - {}
RESULT: {}
RESULT: {}
COMMAND: GET /session/e9da8fc7d2e5c6d9fcb370d825f3b6fb/screenshot - {}
RESULT: {}
RESULT: undefined
COMMAND: POST /session/e9da8fc7d2e5c6d9fcb370d825f3b6fb/element - {"using":"xpath","value":"//*[@id=\"application-managepartners-display-component---masterPtm--smartFilterBar-filterItemControl_BASIC-YARD-vhi\"]"}
RESULT: {"using":"xpath","value":"//*[@id=\"application-managepartners-display-component---masterPtm--smartFilterBar-filterItemControl_BASIC-YARD-vhi\"]"}
COMMAND: POST /session/e9da8fc7d2e5c6d9fcb370d825f3b6fb/element/f.EB7466E535C2126E60AFBA1E962AA512.d.EF0CA3C1B82424305A4FD8E5223BFD61.e.8083/click - {}
RESULT: {}
COMMAND: GET /session/e9da8fc7d2e5c6d9fcb370d825f3b6fb/screenshot - {}
RESULT: {}
RESULT: undefined
COMMAND: POST /session/e9da8fc7d2e5c6d9fcb370d825f3b6fb/execute/async - {"script":"<script> [776 bytes]","args":[{"enterText":"Test","selector":{"id":"application-managepartners-display-component---masterPtm--smartFilterBar-filterItemControl_BASIC-YARD-valueHelpDialog-smartFilterBar-btnBasicSearch","searchOpenDialogs":true,"interaction":{"idSuffix":"I"}},"clearTextFirst":true,"interactionType":"ENTER_TEXT"}]}
RESULT: {"script":"<script> [776 bytes]","args":[{"enterText":"Test","selector":{"id":"application-managepartners-display-component---masterPtm--smartFilterBar-filterItemControl_BASIC-YARD-valueHelpDialog-smartFilterBar-btnBasicSearch","searchOpenDialogs":true,"interaction":{"idSuffix":"I"}},"clearTextFirst":true,"interactionType":"ENTER_TEXT"}]}
COMMAND: POST /session/e9da8fc7d2e5c6d9fcb370d825f3b6fb/actions - {"actions":[{"id":"action23","type":"key","parameters":{},"actions":[{"type":"keyDown","value":""},{"type":"pause","duration":10},{"type":"keyUp","value":""}]}]}
RESULT: {"actions":[{"id":"action23","type":"key","parameters":{},"actions":[{"type":"keyDown","value":""},{"type":"pause","duration":10},{"type":"keyUp","value":""}]}]}
COMMAND: POST /session/e9da8fc7d2e5c6d9fcb370d825f3b6fb/elements - {"using":"xpath","value":"//table[contains(@id, \"smartFilterBar-filterItemControl_BASIC-YARD-valueHelpDialog-table-table\")]/tbody/tr"}
COMMAND: GET /session/e9da8fc7d2e5c6d9fcb370d825f3b6fb/screenshot - {}
RESULT: {"using":"xpath","value":"//table[contains(@id, \"smartFilterBar-filterItemControl_BASIC-YARD-valueHelpDialog-table-table\")]/tbody/tr"}
COMMAND: POST /session/e9da8fc7d2e5c6d9fcb370d825f3b6fb/element - {"using":"xpath","value":"//table[contains(@id, \"smartFilterBar-filterItemControl_BASIC-YARD-valueHelpDialog-table-table\")]/tbody/tr[1]/td[1]/div/span"}
RESULT: {}
RESULT: {"using":"xpath","value":"//table[contains(@id, \"smartFilterBar-filterItemControl_BASIC-YARD-valueHelpDialog-table-table\")]/tbody/tr[1]/td[1]/div/span"}
COMMAND: POST /session/e9da8fc7d2e5c6d9fcb370d825f3b6fb/elements - {"using":"xpath","value":"//table[contains(@id, \"smartFilterBar-filterItemControl_BASIC-YARD-valueHelpDialog-table-table\")]/tbody/tr[1]/td[1]/div/span"}
RESULT: {"using":"xpath","value":"//table[contains(@id, \"smartFilterBar-filterItemControl_BASIC-YARD-valueHelpDialog-table-table\")]/tbody/tr[1]/td[1]/div/span"}
COMMAND: POST /session/e9da8fc7d2e5c6d9fcb370d825f3b6fb/execute/sync - {"script":"<script> [56 bytes]","args":[{"element-6066-11e4-a52e-4f735466cecf":"f.EB7466E535C2126E60AFBA1E962AA512.d.EF0CA3C1B82424305A4FD8E5223BFD61.e.8102","ELEMENT":"f.EB7466E535C2126E60AFBA1E962AA512.d.EF0CA3C1B82424305A4FD8E5223BFD61.e.8102"}]}
RESULT: {"script":"<script> [56 bytes]","args":[{"element-6066-11e4-a52e-4f735466cecf":"f.EB7466E535C2126E60AFBA1E962AA512.d.EF0CA3C1B82424305A4FD8E5223BFD61.e.8102","ELEMENT":"f.EB7466E535C2126E60AFBA1E962AA512.d.EF0CA3C1B82424305A4FD8E5223BFD61.e.8102"}]}
COMMAND: POST /session/e9da8fc7d2e5c6d9fcb370d825f3b6fb/element - {"using":"xpath","value":"//table[contains(@id, \"smartFilterBar-filterItemControl_BASIC-YARD-valueHelpDialog-table-table\")]/tbody/tr[2]/td[1]/div/span"}
COMMAND: GET /session/e9da8fc7d2e5c6d9fcb370d825f3b6fb/screenshot - {}
RESULT: {"using":"xpath","value":"//table[contains(@id, \"smartFilterBar-filterItemControl_BASIC-YARD-valueHelpDialog-table-table\")]/tbody/tr[2]/td[1]/div/span"}
COMMAND: POST /session/e9da8fc7d2e5c6d9fcb370d825f3b6fb/elements - {"using":"xpath","value":"//table[contains(@id, \"smartFilterBar-filterItemControl_BASIC-YARD-valueHelpDialog-table-table\")]/tbody/tr[2]/td[1]/div/span"}
RESULT: {}
RESULT: {"using":"xpath","value":"//table[contains(@id, \"smartFilterBar-filterItemControl_BASIC-YARD-valueHelpDialog-table-table\")]/tbody/tr[2]/td[1]/div/span"}
COMMAND: POST /session/e9da8fc7d2e5c6d9fcb370d825f3b6fb/execute/sync - {"script":"<script> [56 bytes]","args":[{"element-6066-11e4-a52e-4f735466cecf":"f.EB7466E535C2126E60AFBA1E962AA512.d.EF0CA3C1B82424305A4FD8E5223BFD61.e.8103","ELEMENT":"f.EB7466E535C2126E60AFBA1E962AA512.d.EF0CA3C1B82424305A4FD8E5223BFD61.e.8103"}]}
RESULT: {"script":"<script> [56 bytes]","args":[{"element-6066-11e4-a52e-4f735466cecf":"f.EB7466E535C2126E60AFBA1E962AA512.d.EF0CA3C1B82424305A4FD8E5223BFD61.e.8103","ELEMENT":"f.EB7466E535C2126E60AFBA1E962AA512.d.EF0CA3C1B82424305A4FD8E5223BFD61.e.8103"}]}
COMMAND: POST /session/e9da8fc7d2e5c6d9fcb370d825f3b6fb/element - {"using":"xpath","value":"//table[contains(@id, \"smartFilterBar-filterItemControl_BASIC-YARD-valueHelpDialog-table-table\")]/tbody/tr[3]/td[1]/div/span"}
COMMAND: GET /session/e9da8fc7d2e5c6d9fcb370d825f3b6fb/screenshot - {}
RESULT: {"using":"xpath","value":"//table[contains(@id, \"smartFilterBar-filterItemControl_BASIC-YARD-valueHelpDialog-table-table\")]/tbody/tr[3]/td[1]/div/span"}
COMMAND: POST /session/e9da8fc7d2e5c6d9fcb370d825f3b6fb/elements - {"using":"xpath","value":"//table[contains(@id, \"smartFilterBar-filterItemControl_BASIC-YARD-valueHelpDialog-table-table\")]/tbody/tr[3]/td[1]/div/span"}
RESULT: {}
RESULT: {"using":"xpath","value":"//table[contains(@id, \"smartFilterBar-filterItemControl_BASIC-YARD-valueHelpDialog-table-table\")]/tbody/tr[3]/td[1]/div/span"}
COMMAND: POST /session/e9da8fc7d2e5c6d9fcb370d825f3b6fb/execute/sync - {"script":"<script> [56 bytes]","args":[{"element-6066-11e4-a52e-4f735466cecf":"f.EB7466E535C2126E60AFBA1E962AA512.d.EF0CA3C1B82424305A4FD8E5223BFD61.e.8104","ELEMENT":"f.EB7466E535C2126E60AFBA1E962AA512.d.EF0CA3C1B82424305A4FD8E5223BFD61.e.8104"}]}
RESULT: {"script":"<script> [56 bytes]","args":[{"element-6066-11e4-a52e-4f735466cecf":"f.EB7466E535C2126E60AFBA1E962AA512.d.EF0CA3C1B82424305A4FD8E5223BFD61.e.8104","ELEMENT":"f.EB7466E535C2126E60AFBA1E962AA512.d.EF0CA3C1B82424305A4FD8E5223BFD61.e.8104"}]}
COMMAND: POST /session/e9da8fc7d2e5c6d9fcb370d825f3b6fb/element - {"using":"xpath","value":"//div[contains(@id, \"filterItemControl_BASIC-YARD-valueHelpDialog-table-rowsel2\")]"}
COMMAND: GET /session/e9da8fc7d2e5c6d9fcb370d825f3b6fb/screenshot - {}
RESULT: {"using":"xpath","value":"//div[contains(@id, \"filterItemControl_BASIC-YARD-valueHelpDialog-table-rowsel2\")]"}
COMMAND: POST /session/e9da8fc7d2e5c6d9fcb370d825f3b6fb/element/f.EB7466E535C2126E60AFBA1E962AA512.d.EF0CA3C1B82424305A4FD8E5223BFD61.e.8105/click - {}
RESULT: {}
RESULT: {}
COMMAND: GET /session/e9da8fc7d2e5c6d9fcb370d825f3b6fb/screenshot - {}
RESULT: {}
COMMAND: POST /session/e9da8fc7d2e5c6d9fcb370d825f3b6fb/element - {"using":"xpath","value":"(//bdi[contains(text(), \"OK\")])[1]"}
RESULT: {"using":"xpath","value":"(//bdi[contains(text(), \"OK\")])[1]"}
COMMAND: POST /session/e9da8fc7d2e5c6d9fcb370d825f3b6fb/element/f.EB7466E535C2126E60AFBA1E962AA512.d.EF0CA3C1B82424305A4FD8E5223BFD61.e.8107/click - {}
RESULT: {}
COMMAND: GET /session/e9da8fc7d2e5c6d9fcb370d825f3b6fb/screenshot - {}
RESULT: {}
COMMAND: POST /session/e9da8fc7d2e5c6d9fcb370d825f3b6fb/element - {"using":"xpath","value":"//span[@id=\"application-managepartners-display-component---masterPtm--smartTable-header-inner\"]"}
RESULT: {"using":"xpath","value":"//span[@id=\"application-managepartners-display-component---masterPtm--smartTable-header-inner\"]"}
COMMAND: POST /session/e9da8fc7d2e5c6d9fcb370d825f3b6fb/elements - {"using":"xpath","value":"//span[@id=\"application-managepartners-display-component---masterPtm--smartTable-header-inner\"]"}
RESULT: {"using":"xpath","value":"//span[@id=\"application-managepartners-display-component---masterPtm--smartTable-header-inner\"]"}
COMMAND: POST /session/e9da8fc7d2e5c6d9fcb370d825f3b6fb/execute/sync - {"script":"<script> [56 bytes]","args":[{"element-6066-11e4-a52e-4f735466cecf":"f.EB7466E535C2126E60AFBA1E962AA512.d.EF0CA3C1B82424305A4FD8E5223BFD61.e.7814","ELEMENT":"f.EB7466E535C2126E60AFBA1E962AA512.d.EF0CA3C1B82424305A4FD8E5223BFD61.e.7814"}]}
RESULT: {"script":"<script> [56 bytes]","args":[{"element-6066-11e4-a52e-4f735466cecf":"f.EB7466E535C2126E60AFBA1E962AA512.d.EF0CA3C1B82424305A4FD8E5223BFD61.e.7814","ELEMENT":"f.EB7466E535C2126E60AFBA1E962AA512.d.EF0CA3C1B82424305A4FD8E5223BFD61.e.7814"}]}
COMMAND: POST /session/e9da8fc7d2e5c6d9fcb370d825f3b6fb/element - {"using":"xpath","value":"//span[contains(@title, \"Remove\")]"}
COMMAND: GET /session/e9da8fc7d2e5c6d9fcb370d825f3b6fb/screenshot - {}
RESULT: {"using":"xpath","value":"//span[contains(@title, \"Remove\")]"}
COMMAND: POST /session/e9da8fc7d2e5c6d9fcb370d825f3b6fb/element/f.EB7466E535C2126E60AFBA1E962AA512.d.EF0CA3C1B82424305A4FD8E5223BFD61.e.8120/click - {}
RESULT: {}
RESULT: {}
COMMAND: GET /session/e9da8fc7d2e5c6d9fcb370d825f3b6fb/screenshot - {}
RESULT: undefined
COMMAND: POST /session/e9da8fc7d2e5c6d9fcb370d825f3b6fb/element - {"using":"xpath","value":"//*[@id=\"application-managepartners-display-component---masterPtm--smartFilterBar-filterItemControl_BASIC-MAIN_ADDRESS-vhi\"]"}
RESULT: {}
RESULT: {"using":"xpath","value":"//*[@id=\"application-managepartners-display-component---masterPtm--smartFilterBar-filterItemControl_BASIC-MAIN_ADDRESS-vhi\"]"}
COMMAND: POST /session/e9da8fc7d2e5c6d9fcb370d825f3b6fb/element/f.EB7466E535C2126E60AFBA1E962AA512.d.EF0CA3C1B82424305A4FD8E5223BFD61.e.8223/click - {}
RESULT: {}
COMMAND: GET /session/e9da8fc7d2e5c6d9fcb370d825f3b6fb/screenshot - {}
RESULT: {}
RESULT: undefined
COMMAND: POST /session/e9da8fc7d2e5c6d9fcb370d825f3b6fb/execute/async - {"script":"<script> [776 bytes]","args":[{"enterText":"Romania","selector":{"id":"application-managepartners-display-component---masterPtm--smartFilterBar-filterItemControl_BASIC-MAIN_ADDRESS-valueHelpDialog-smartFilterBar-btnBasicSearch","searchOpenDialogs":true,"interaction":{"idSuffix":"I"}},"clearTextFirst":true,"interactionType":"ENTER_TEXT"}]}
RESULT: {"script":"<script> [776 bytes]","args":[{"enterText":"Romania","selector":{"id":"application-managepartners-display-component---masterPtm--smartFilterBar-filterItemControl_BASIC-MAIN_ADDRESS-valueHelpDialog-smartFilterBar-btnBasicSearch","searchOpenDialogs":true,"interaction":{"idSuffix":"I"}},"clearTextFirst":true,"interactionType":"ENTER_TEXT"}]}
COMMAND: POST /session/e9da8fc7d2e5c6d9fcb370d825f3b6fb/actions - {"actions":[{"id":"action24","type":"key","parameters":{},"actions":[{"type":"keyDown","value":""},{"type":"pause","duration":10},{"type":"keyUp","value":""}]}]}
RESULT: {"actions":[{"id":"action24","type":"key","parameters":{},"actions":[{"type":"keyDown","value":""},{"type":"pause","duration":10},{"type":"keyUp","value":""}]}]}
COMMAND: POST /session/e9da8fc7d2e5c6d9fcb370d825f3b6fb/elements - {"using":"xpath","value":"//table[contains(@id, \"smartFilterBar-filterItemControl_BASIC-MAIN_ADDRESS-valueHelpDialog-table-table\")]/tbody/tr"}
COMMAND: GET /session/e9da8fc7d2e5c6d9fcb370d825f3b6fb/screenshot - {}
RESULT: {"using":"xpath","value":"//table[contains(@id, \"smartFilterBar-filterItemControl_BASIC-MAIN_ADDRESS-valueHelpDialog-table-table\")]/tbody/tr"}
COMMAND: POST /session/e9da8fc7d2e5c6d9fcb370d825f3b6fb/element - {"using":"xpath","value":"//table[contains(@id, \"smartFilterBar-filterItemControl_BASIC-MAIN_ADDRESS-valueHelpDialog-table-table\")]/tbody/tr[1]/td[1]/div/span"}
RESULT: {}
RESULT: {"using":"xpath","value":"//table[contains(@id, \"smartFilterBar-filterItemControl_BASIC-MAIN_ADDRESS-valueHelpDialog-table-table\")]/tbody/tr[1]/td[1]/div/span"}
COMMAND: POST /session/e9da8fc7d2e5c6d9fcb370d825f3b6fb/elements - {"using":"xpath","value":"//table[contains(@id, \"smartFilterBar-filterItemControl_BASIC-MAIN_ADDRESS-valueHelpDialog-table-table\")]/tbody/tr[1]/td[1]/div/span"}
RESULT: {"using":"xpath","value":"//table[contains(@id, \"smartFilterBar-filterItemControl_BASIC-MAIN_ADDRESS-valueHelpDialog-table-table\")]/tbody/tr[1]/td[1]/div/span"}
COMMAND: POST /session/e9da8fc7d2e5c6d9fcb370d825f3b6fb/execute/sync - {"script":"<script> [56 bytes]","args":[{"element-6066-11e4-a52e-4f735466cecf":"f.EB7466E535C2126E60AFBA1E962AA512.d.EF0CA3C1B82424305A4FD8E5223BFD61.e.8243","ELEMENT":"f.EB7466E535C2126E60AFBA1E962AA512.d.EF0CA3C1B82424305A4FD8E5223BFD61.e.8243"}]}
RESULT: {"script":"<script> [56 bytes]","args":[{"element-6066-11e4-a52e-4f735466cecf":"f.EB7466E535C2126E60AFBA1E962AA512.d.EF0CA3C1B82424305A4FD8E5223BFD61.e.8243","ELEMENT":"f.EB7466E535C2126E60AFBA1E962AA512.d.EF0CA3C1B82424305A4FD8E5223BFD61.e.8243"}]}
COMMAND: POST /session/e9da8fc7d2e5c6d9fcb370d825f3b6fb/element - {"using":"xpath","value":"//div[contains(@id, \"filterItemControl_BASIC-MAIN_ADDRESS-valueHelpDialog-table-rowsel0\")]"}
COMMAND: GET /session/e9da8fc7d2e5c6d9fcb370d825f3b6fb/screenshot - {}
RESULT: {"using":"xpath","value":"//div[contains(@id, \"filterItemControl_BASIC-MAIN_ADDRESS-valueHelpDialog-table-rowsel0\")]"}
COMMAND: POST /session/e9da8fc7d2e5c6d9fcb370d825f3b6fb/element/f.EB7466E535C2126E60AFBA1E962AA512.d.EF0CA3C1B82424305A4FD8E5223BFD61.e.8244/click - {}
RESULT: {}
RESULT: {}
COMMAND: GET /session/e9da8fc7d2e5c6d9fcb370d825f3b6fb/screenshot - {}
RESULT: {}
COMMAND: POST /session/e9da8fc7d2e5c6d9fcb370d825f3b6fb/element - {"using":"xpath","value":"(//bdi[contains(text(), \"OK\")])[1]"}
RESULT: {"using":"xpath","value":"(//bdi[contains(text(), \"OK\")])[1]"}
COMMAND: POST /session/e9da8fc7d2e5c6d9fcb370d825f3b6fb/element/f.EB7466E535C2126E60AFBA1E962AA512.d.EF0CA3C1B82424305A4FD8E5223BFD61.e.8246/click - {}
RESULT: {}
COMMAND: GET /session/e9da8fc7d2e5c6d9fcb370d825f3b6fb/screenshot - {}
RESULT: {}
COMMAND: POST /session/e9da8fc7d2e5c6d9fcb370d825f3b6fb/element - {"using":"xpath","value":"//span[@id=\"application-managepartners-display-component---masterPtm--smartTable-header-inner\"]"}
RESULT: {"using":"xpath","value":"//span[@id=\"application-managepartners-display-component---masterPtm--smartTable-header-inner\"]"}
COMMAND: POST /session/e9da8fc7d2e5c6d9fcb370d825f3b6fb/elements - {"using":"xpath","value":"//span[@id=\"application-managepartners-display-component---masterPtm--smartTable-header-inner\"]"}
RESULT: {"using":"xpath","value":"//span[@id=\"application-managepartners-display-component---masterPtm--smartTable-header-inner\"]"}
COMMAND: POST /session/e9da8fc7d2e5c6d9fcb370d825f3b6fb/execute/sync - {"script":"<script> [56 bytes]","args":[{"element-6066-11e4-a52e-4f735466cecf":"f.EB7466E535C2126E60AFBA1E962AA512.d.EF0CA3C1B82424305A4FD8E5223BFD61.e.7814","ELEMENT":"f.EB7466E535C2126E60AFBA1E962AA512.d.EF0CA3C1B82424305A4FD8E5223BFD61.e.7814"}]}
RESULT: {"script":"<script> [56 bytes]","args":[{"element-6066-11e4-a52e-4f735466cecf":"f.EB7466E535C2126E60AFBA1E962AA512.d.EF0CA3C1B82424305A4FD8E5223BFD61.e.7814","ELEMENT":"f.EB7466E535C2126E60AFBA1E962AA512.d.EF0CA3C1B82424305A4FD8E5223BFD61.e.7814"}]}
COMMAND: POST /session/e9da8fc7d2e5c6d9fcb370d825f3b6fb/element - {"using":"xpath","value":"//span[contains(@title, \"Remove\")]"}
COMMAND: GET /session/e9da8fc7d2e5c6d9fcb370d825f3b6fb/screenshot - {}
RESULT: {"using":"xpath","value":"//span[contains(@title, \"Remove\")]"}
COMMAND: POST /session/e9da8fc7d2e5c6d9fcb370d825f3b6fb/element/f.EB7466E535C2126E60AFBA1E962AA512.d.EF0CA3C1B82424305A4FD8E5223BFD61.e.8259/click - {}
RESULT: {}
RESULT: {}
COMMAND: GET /session/e9da8fc7d2e5c6d9fcb370d825f3b6fb/screenshot - {}
COMMAND: POST /session/e9da8fc7d2e5c6d9fcb370d825f3b6fb/execute/async - {"script":"<script> [1562 bytes]","args":[{"selector":{"id":"application-managepartners-display-component---masterPtm--catalogs-arrow"},"wdio_ui5_key":"applicationmanagepartners-display-component---masterPtm--catalogs-arrow"}]}
RESULT: {}
RESULT: {"script":"<script> [1562 bytes]","args":[{"selector":{"id":"application-managepartners-display-component---masterPtm--catalogs-arrow"},"wdio_ui5_key":"applicationmanagepartners-display-component---masterPtm--catalogs-arrow"}]}
RESULT: undefined
COMMAND: POST /session/e9da8fc7d2e5c6d9fcb370d825f3b6fb/element - {"using":"xpath","value":"//*[@id=\"application-managepartners-display-component---masterPtm--catalogs-arrow\"]"}
RESULT: {"using":"xpath","value":"//*[@id=\"application-managepartners-display-component---masterPtm--catalogs-arrow\"]"}
COMMAND: POST /session/e9da8fc7d2e5c6d9fcb370d825f3b6fb/element/f.EB7466E535C2126E60AFBA1E962AA512.d.EF0CA3C1B82424305A4FD8E5223BFD61.e.8362/click - {}
RESULT: {}
COMMAND: GET /session/e9da8fc7d2e5c6d9fcb370d825f3b6fb/screenshot - {}
RESULT: {}
COMMAND: POST /session/e9da8fc7d2e5c6d9fcb370d825f3b6fb/element - {"using":"xpath","value":"//li[.//span[text()=\"Webshop Catalog\"]]//div[contains(@class,\"sapMCbBg\")]"}
RESULT: {"using":"xpath","value":"//li[.//span[text()=\"Webshop Catalog\"]]//div[contains(@class,\"sapMCbBg\")]"}
COMMAND: POST /session/e9da8fc7d2e5c6d9fcb370d825f3b6fb/element/f.EB7466E535C2126E60AFBA1E962AA512.d.EF0CA3C1B82424305A4FD8E5223BFD61.e.8376/click - {}
RESULT: {}
COMMAND: GET /session/e9da8fc7d2e5c6d9fcb370d825f3b6fb/screenshot - {}
RESULT: {}
RESULT: undefined
COMMAND: POST /session/e9da8fc7d2e5c6d9fcb370d825f3b6fb/element - {"using":"xpath","value":"//*[@id=\"application-managepartners-display-component---masterPtm--catalogs-arrow\"]"}
RESULT: {"using":"xpath","value":"//*[@id=\"application-managepartners-display-component---masterPtm--catalogs-arrow\"]"}
COMMAND: POST /session/e9da8fc7d2e5c6d9fcb370d825f3b6fb/element/f.EB7466E535C2126E60AFBA1E962AA512.d.EF0CA3C1B82424305A4FD8E5223BFD61.e.8362/click - {}
RESULT: {}
COMMAND: POST /session/e9da8fc7d2e5c6d9fcb370d825f3b6fb/element - {"using":"xpath","value":"//span[@id=\"application-managepartners-display-component---masterPtm--smartTable-header-inner\"]"}
COMMAND: GET /session/e9da8fc7d2e5c6d9fcb370d825f3b6fb/screenshot - {}
RESULT: {"using":"xpath","value":"//span[@id=\"application-managepartners-display-component---masterPtm--smartTable-header-inner\"]"}
COMMAND: POST /session/e9da8fc7d2e5c6d9fcb370d825f3b6fb/elements - {"using":"xpath","value":"//span[@id=\"application-managepartners-display-component---masterPtm--smartTable-header-inner\"]"}
RESULT: {}
RESULT: {"using":"xpath","value":"//span[@id=\"application-managepartners-display-component---masterPtm--smartTable-header-inner\"]"}
COMMAND: POST /session/e9da8fc7d2e5c6d9fcb370d825f3b6fb/execute/sync - {"script":"<script> [56 bytes]","args":[{"element-6066-11e4-a52e-4f735466cecf":"f.EB7466E535C2126E60AFBA1E962AA512.d.EF0CA3C1B82424305A4FD8E5223BFD61.e.7814","ELEMENT":"f.EB7466E535C2126E60AFBA1E962AA512.d.EF0CA3C1B82424305A4FD8E5223BFD61.e.7814"}]}
RESULT: {"script":"<script> [56 bytes]","args":[{"element-6066-11e4-a52e-4f735466cecf":"f.EB7466E535C2126E60AFBA1E962AA512.d.EF0CA3C1B82424305A4FD8E5223BFD61.e.7814","ELEMENT":"f.EB7466E535C2126E60AFBA1E962AA512.d.EF0CA3C1B82424305A4FD8E5223BFD61.e.7814"}]}
COMMAND: POST /session/e9da8fc7d2e5c6d9fcb370d825f3b6fb/element - {"using":"xpath","value":"//span[contains(@title, \"Remove\")]"}
COMMAND: GET /session/e9da8fc7d2e5c6d9fcb370d825f3b6fb/screenshot - {}
RESULT: {"using":"xpath","value":"//span[contains(@title, \"Remove\")]"}
COMMAND: POST /session/e9da8fc7d2e5c6d9fcb370d825f3b6fb/element/f.EB7466E535C2126E60AFBA1E962AA512.d.EF0CA3C1B82424305A4FD8E5223BFD61.e.8469/click - {}
RESULT: {}
RESULT: {}
COMMAND: GET /session/e9da8fc7d2e5c6d9fcb370d825f3b6fb/screenshot - {}
RESULT: {}
COMMAND: POST /session/e9da8fc7d2e5c6d9fcb370d825f3b6fb/execute/async - {"script":"<script> [1562 bytes]","args":[{"selector":{"id":"application-managepartners-display-component---masterPtm--currencies-arrow"},"wdio_ui5_key":"applicationmanagepartners-display-component---masterPtm--currencies-arrow"}]}
RESULT: {"script":"<script> [1562 bytes]","args":[{"selector":{"id":"application-managepartners-display-component---masterPtm--currencies-arrow"},"wdio_ui5_key":"applicationmanagepartners-display-component---masterPtm--currencies-arrow"}]}
RESULT: undefined
COMMAND: POST /session/e9da8fc7d2e5c6d9fcb370d825f3b6fb/element - {"using":"xpath","value":"//*[@id=\"application-managepartners-display-component---masterPtm--currencies-arrow\"]"}
RESULT: {"using":"xpath","value":"//*[@id=\"application-managepartners-display-component---masterPtm--currencies-arrow\"]"}
COMMAND: POST /session/e9da8fc7d2e5c6d9fcb370d825f3b6fb/element/f.EB7466E535C2126E60AFBA1E962AA512.d.EF0CA3C1B82424305A4FD8E5223BFD61.e.8567/click - {}
RESULT: {}
COMMAND: GET /session/e9da8fc7d2e5c6d9fcb370d825f3b6fb/screenshot - {}
RESULT: {}
COMMAND: POST /session/e9da8fc7d2e5c6d9fcb370d825f3b6fb/element - {"using":"xpath","value":"//li[.//span[text()=\"US Dollar\"]]//div[contains(@class,\"sapMCbBg\")]"}
RESULT: {"using":"xpath","value":"//li[.//span[text()=\"US Dollar\"]]//div[contains(@class,\"sapMCbBg\")]"}
COMMAND: POST /session/e9da8fc7d2e5c6d9fcb370d825f3b6fb/element/f.EB7466E535C2126E60AFBA1E962AA512.d.EF0CA3C1B82424305A4FD8E5223BFD61.e.8570/click - {}
RESULT: {}
COMMAND: GET /session/e9da8fc7d2e5c6d9fcb370d825f3b6fb/screenshot - {}
RESULT: {}
RESULT: undefined
COMMAND: POST /session/e9da8fc7d2e5c6d9fcb370d825f3b6fb/element - {"using":"xpath","value":"//*[@id=\"application-managepartners-display-component---masterPtm--currencies-arrow\"]"}
RESULT: {"using":"xpath","value":"//*[@id=\"application-managepartners-display-component---masterPtm--currencies-arrow\"]"}
COMMAND: POST /session/e9da8fc7d2e5c6d9fcb370d825f3b6fb/element/f.EB7466E535C2126E60AFBA1E962AA512.d.EF0CA3C1B82424305A4FD8E5223BFD61.e.8567/click - {}
RESULT: {}
COMMAND: POST /session/e9da8fc7d2e5c6d9fcb370d825f3b6fb/element - {"using":"xpath","value":"//span[@id=\"application-managepartners-display-component---masterPtm--smartTable-header-inner\"]"}
COMMAND: GET /session/e9da8fc7d2e5c6d9fcb370d825f3b6fb/screenshot - {}
RESULT: {}
RESULT: {"using":"xpath","value":"//span[@id=\"application-managepartners-display-component---masterPtm--smartTable-header-inner\"]"}
COMMAND: POST /session/e9da8fc7d2e5c6d9fcb370d825f3b6fb/elements - {"using":"xpath","value":"//span[@id=\"application-managepartners-display-component---masterPtm--smartTable-header-inner\"]"}
RESULT: {"using":"xpath","value":"//span[@id=\"application-managepartners-display-component---masterPtm--smartTable-header-inner\"]"}
COMMAND: POST /session/e9da8fc7d2e5c6d9fcb370d825f3b6fb/execute/sync - {"script":"<script> [56 bytes]","args":[{"element-6066-11e4-a52e-4f735466cecf":"f.EB7466E535C2126E60AFBA1E962AA512.d.EF0CA3C1B82424305A4FD8E5223BFD61.e.7814","ELEMENT":"f.EB7466E535C2126E60AFBA1E962AA512.d.EF0CA3C1B82424305A4FD8E5223BFD61.e.7814"}]}
RESULT: {"script":"<script> [56 bytes]","args":[{"element-6066-11e4-a52e-4f735466cecf":"f.EB7466E535C2126E60AFBA1E962AA512.d.EF0CA3C1B82424305A4FD8E5223BFD61.e.7814","ELEMENT":"f.EB7466E535C2126E60AFBA1E962AA512.d.EF0CA3C1B82424305A4FD8E5223BFD61.e.7814"}]}
COMMAND: POST /session/e9da8fc7d2e5c6d9fcb370d825f3b6fb/element - {"using":"xpath","value":"//span[contains(@title, \"Remove\")]"}
COMMAND: GET /session/e9da8fc7d2e5c6d9fcb370d825f3b6fb/screenshot - {}
RESULT: {"using":"xpath","value":"//span[contains(@title, \"Remove\")]"}
COMMAND: POST /session/e9da8fc7d2e5c6d9fcb370d825f3b6fb/element/f.EB7466E535C2126E60AFBA1E962AA512.d.EF0CA3C1B82424305A4FD8E5223BFD61.e.8581/click - {}
RESULT: {}
RESULT: {}
COMMAND: GET /session/e9da8fc7d2e5c6d9fcb370d825f3b6fb/screenshot - {}
RESULT: {}
COMMAND: POST /session/e9da8fc7d2e5c6d9fcb370d825f3b6fb/execute/async - {"script":"<script> [1562 bytes]","args":[{"selector":{"id":"application-managepartners-display-component---masterPtm--languages-arrow"},"wdio_ui5_key":"applicationmanagepartners-display-component---masterPtm--languages-arrow"}]}
RESULT: {"script":"<script> [1562 bytes]","args":[{"selector":{"id":"application-managepartners-display-component---masterPtm--languages-arrow"},"wdio_ui5_key":"applicationmanagepartners-display-component---masterPtm--languages-arrow"}]}
RESULT: undefined
COMMAND: POST /session/e9da8fc7d2e5c6d9fcb370d825f3b6fb/element - {"using":"xpath","value":"//*[@id=\"application-managepartners-display-component---masterPtm--languages-arrow\"]"}
RESULT: {"using":"xpath","value":"//*[@id=\"application-managepartners-display-component---masterPtm--languages-arrow\"]"}
COMMAND: POST /session/e9da8fc7d2e5c6d9fcb370d825f3b6fb/element/f.EB7466E535C2126E60AFBA1E962AA512.d.EF0CA3C1B82424305A4FD8E5223BFD61.e.8668/click - {}
RESULT: {}
COMMAND: GET /session/e9da8fc7d2e5c6d9fcb370d825f3b6fb/screenshot - {}
RESULT: {}
COMMAND: POST /session/e9da8fc7d2e5c6d9fcb370d825f3b6fb/element - {"using":"xpath","value":"//li[.//span[text()=\"German\"]]//div[contains(@class,\"sapMCbBg\")]"}
RESULT: {"using":"xpath","value":"//li[.//span[text()=\"German\"]]//div[contains(@class,\"sapMCbBg\")]"}
COMMAND: POST /session/e9da8fc7d2e5c6d9fcb370d825f3b6fb/element/f.EB7466E535C2126E60AFBA1E962AA512.d.EF0CA3C1B82424305A4FD8E5223BFD61.e.8712/click - {}
RESULT: {}
COMMAND: GET /session/e9da8fc7d2e5c6d9fcb370d825f3b6fb/screenshot - {}
RESULT: {}
RESULT: undefined
COMMAND: POST /session/e9da8fc7d2e5c6d9fcb370d825f3b6fb/element - {"using":"xpath","value":"//*[@id=\"application-managepartners-display-component---masterPtm--languages-arrow\"]"}
RESULT: {"using":"xpath","value":"//*[@id=\"application-managepartners-display-component---masterPtm--languages-arrow\"]"}
COMMAND: POST /session/e9da8fc7d2e5c6d9fcb370d825f3b6fb/element/f.EB7466E535C2126E60AFBA1E962AA512.d.EF0CA3C1B82424305A4FD8E5223BFD61.e.8668/click - {}
RESULT: {}
COMMAND: POST /session/e9da8fc7d2e5c6d9fcb370d825f3b6fb/element - {"using":"xpath","value":"//span[@id=\"application-managepartners-display-component---masterPtm--smartTable-header-inner\"]"}
COMMAND: GET /session/e9da8fc7d2e5c6d9fcb370d825f3b6fb/screenshot - {}
RESULT: {"using":"xpath","value":"//span[@id=\"application-managepartners-display-component---masterPtm--smartTable-header-inner\"]"}
COMMAND: POST /session/e9da8fc7d2e5c6d9fcb370d825f3b6fb/elements - {"using":"xpath","value":"//span[@id=\"application-managepartners-display-component---masterPtm--smartTable-header-inner\"]"}
RESULT: {}
RESULT: {"using":"xpath","value":"//span[@id=\"application-managepartners-display-component---masterPtm--smartTable-header-inner\"]"}
COMMAND: POST /session/e9da8fc7d2e5c6d9fcb370d825f3b6fb/execute/sync - {"script":"<script> [56 bytes]","args":[{"element-6066-11e4-a52e-4f735466cecf":"f.EB7466E535C2126E60AFBA1E962AA512.d.EF0CA3C1B82424305A4FD8E5223BFD61.e.7814","ELEMENT":"f.EB7466E535C2126E60AFBA1E962AA512.d.EF0CA3C1B82424305A4FD8E5223BFD61.e.7814"}]}
RESULT: {"script":"<script> [56 bytes]","args":[{"element-6066-11e4-a52e-4f735466cecf":"f.EB7466E535C2126E60AFBA1E962AA512.d.EF0CA3C1B82424305A4FD8E5223BFD61.e.7814","ELEMENT":"f.EB7466E535C2126E60AFBA1E962AA512.d.EF0CA3C1B82424305A4FD8E5223BFD61.e.7814"}]}
COMMAND: POST /session/e9da8fc7d2e5c6d9fcb370d825f3b6fb/element - {"using":"css selector","value":"#shell-header-logo"}
COMMAND: GET /session/e9da8fc7d2e5c6d9fcb370d825f3b6fb/screenshot - {}
RESULT: {"using":"css selector","value":"#shell-header-logo"}
COMMAND: POST /session/e9da8fc7d2e5c6d9fcb370d825f3b6fb/element/f.EB7466E535C2126E60AFBA1E962AA512.d.EF0CA3C1B82424305A4FD8E5223BFD61.e.7642/click - {}
RESULT: {}
RESULT: {}
COMMAND: GET /session/e9da8fc7d2e5c6d9fcb370d825f3b6fb/screenshot - {}
RESULT: {}
]]></system-out>
    </testcase>
    <testcase classname="chrome.137_0_7151_69.windows.Partner_specific_tests_US150819_US151080_US151654_US151176_US103444_US151078_US151079_US151109_US151174_US151175_US151189" name="Should add a new Business Partner role same role US151541" time="89.749">
      <system-out><![CDATA[
COMMAND: POST /session/e9da8fc7d2e5c6d9fcb370d825f3b6fb/execute/async - {"script":"<script> [1562 bytes]","args":[{"selector":{"controlType":"sap.m.GenericTile","properties":{"header":"Data Explorer"}},"wdio_ui5_key":"sapm.GenericTile{\"header\":\"Data Explorer\"}"}]}
RESULT: {"script":"<script> [1562 bytes]","args":[{"selector":{"controlType":"sap.m.GenericTile","properties":{"header":"Data Explorer"}},"wdio_ui5_key":"sapm.GenericTile{\"header\":\"Data Explorer\"}"}]}
RESULT: undefined
COMMAND: POST /session/e9da8fc7d2e5c6d9fcb370d825f3b6fb/element - {"using":"xpath","value":"//*[@id=\"__tile119\"]"}
RESULT: {"using":"xpath","value":"//*[@id=\"__tile119\"]"}
COMMAND: POST /session/e9da8fc7d2e5c6d9fcb370d825f3b6fb/element/f.EB7466E535C2126E60AFBA1E962AA512.d.EF0CA3C1B82424305A4FD8E5223BFD61.e.8777/click - {}
RESULT: {}
COMMAND: GET /session/e9da8fc7d2e5c6d9fcb370d825f3b6fb/screenshot - {}
RESULT: {}
COMMAND: POST /session/e9da8fc7d2e5c6d9fcb370d825f3b6fb/elements - {"using":"xpath","value":"//span[text()='Error']"}
RESULT: {"using":"xpath","value":"//span[text()='Error']"}
COMMAND: POST /session/e9da8fc7d2e5c6d9fcb370d825f3b6fb/window/fullscreen - {}
RESULT: {}
COMMAND: POST /session/e9da8fc7d2e5c6d9fcb370d825f3b6fb/element - {"using":"xpath","value":"//input[@id=\"application-businessconfigurations-display-component---masterBusinessConfigurations--smartFilterBar-btnBasicSearch-I\"]"}
RESULT: {"using":"xpath","value":"//input[@id=\"application-businessconfigurations-display-component---masterBusinessConfigurations--smartFilterBar-btnBasicSearch-I\"]"}
COMMAND: POST /session/e9da8fc7d2e5c6d9fcb370d825f3b6fb/elements - {"using":"xpath","value":"//input[@id=\"application-businessconfigurations-display-component---masterBusinessConfigurations--smartFilterBar-btnBasicSearch-I\"]"}
RESULT: {"using":"xpath","value":"//input[@id=\"application-businessconfigurations-display-component---masterBusinessConfigurations--smartFilterBar-btnBasicSearch-I\"]"}
COMMAND: POST /session/e9da8fc7d2e5c6d9fcb370d825f3b6fb/execute/sync - {"script":"<script> [8489 bytes]","args":[{"element-6066-11e4-a52e-4f735466cecf":"f.EB7466E535C2126E60AFBA1E962AA512.d.EF0CA3C1B82424305A4FD8E5223BFD61.e.8801","ELEMENT":"f.EB7466E535C2126E60AFBA1E962AA512.d.EF0CA3C1B82424305A4FD8E5223BFD61.e.8801"}]}
RESULT: {"script":"<script> [8489 bytes]","args":[{"element-6066-11e4-a52e-4f735466cecf":"f.EB7466E535C2126E60AFBA1E962AA512.d.EF0CA3C1B82424305A4FD8E5223BFD61.e.8801","ELEMENT":"f.EB7466E535C2126E60AFBA1E962AA512.d.EF0CA3C1B82424305A4FD8E5223BFD61.e.8801"}]}
COMMAND: GET /session/e9da8fc7d2e5c6d9fcb370d825f3b6fb/element/f.EB7466E535C2126E60AFBA1E962AA512.d.EF0CA3C1B82424305A4FD8E5223BFD61.e.8801/enabled - {}
COMMAND: GET /session/e9da8fc7d2e5c6d9fcb370d825f3b6fb/screenshot - {}
RESULT: {}
COMMAND: POST /session/e9da8fc7d2e5c6d9fcb370d825f3b6fb/execute/sync - {"script":"<script> [8489 bytes]","args":[{"element-6066-11e4-a52e-4f735466cecf":"f.EB7466E535C2126E60AFBA1E962AA512.d.EF0CA3C1B82424305A4FD8E5223BFD61.e.8801","ELEMENT":"f.EB7466E535C2126E60AFBA1E962AA512.d.EF0CA3C1B82424305A4FD8E5223BFD61.e.8801"}]}
COMMAND: GET /session/e9da8fc7d2e5c6d9fcb370d825f3b6fb/screenshot - {}
RESULT: {}
RESULT: {"script":"<script> [8489 bytes]","args":[{"element-6066-11e4-a52e-4f735466cecf":"f.EB7466E535C2126E60AFBA1E962AA512.d.EF0CA3C1B82424305A4FD8E5223BFD61.e.8801","ELEMENT":"f.EB7466E535C2126E60AFBA1E962AA512.d.EF0CA3C1B82424305A4FD8E5223BFD61.e.8801"}]}
COMMAND: POST /session/e9da8fc7d2e5c6d9fcb370d825f3b6fb/execute/sync - {"script":"<script> [5351 bytes]","args":[{"element-6066-11e4-a52e-4f735466cecf":"f.EB7466E535C2126E60AFBA1E962AA512.d.EF0CA3C1B82424305A4FD8E5223BFD61.e.8801","ELEMENT":"f.EB7466E535C2126E60AFBA1E962AA512.d.EF0CA3C1B82424305A4FD8E5223BFD61.e.8801"}]}
COMMAND: GET /session/e9da8fc7d2e5c6d9fcb370d825f3b6fb/screenshot - {}
RESULT: {}
RESULT: {"script":"<script> [5351 bytes]","args":[{"element-6066-11e4-a52e-4f735466cecf":"f.EB7466E535C2126E60AFBA1E962AA512.d.EF0CA3C1B82424305A4FD8E5223BFD61.e.8801","ELEMENT":"f.EB7466E535C2126E60AFBA1E962AA512.d.EF0CA3C1B82424305A4FD8E5223BFD61.e.8801"}]}
COMMAND: GET /session/e9da8fc7d2e5c6d9fcb370d825f3b6fb/screenshot - {}
RESULT: {}
RESULT: {}
COMMAND: POST /session/e9da8fc7d2e5c6d9fcb370d825f3b6fb/element - {"using":"xpath","value":"//span[@id=\"application-businessconfigurations-display-component---masterBusinessConfigurations--masterListDataExplorerSmartTable-header-inner\"]"}
RESULT: {"using":"xpath","value":"//span[@id=\"application-businessconfigurations-display-component---masterBusinessConfigurations--masterListDataExplorerSmartTable-header-inner\"]"}
COMMAND: POST /session/e9da8fc7d2e5c6d9fcb370d825f3b6fb/elements - {"using":"xpath","value":"//span[@id=\"application-businessconfigurations-display-component---masterBusinessConfigurations--masterListDataExplorerSmartTable-header-inner\"]"}
RESULT: {"using":"xpath","value":"//span[@id=\"application-businessconfigurations-display-component---masterBusinessConfigurations--masterListDataExplorerSmartTable-header-inner\"]"}
COMMAND: POST /session/e9da8fc7d2e5c6d9fcb370d825f3b6fb/execute/sync - {"script":"<script> [56 bytes]","args":[{"element-6066-11e4-a52e-4f735466cecf":"f.EB7466E535C2126E60AFBA1E962AA512.d.EF0CA3C1B82424305A4FD8E5223BFD61.e.8947","ELEMENT":"f.EB7466E535C2126E60AFBA1E962AA512.d.EF0CA3C1B82424305A4FD8E5223BFD61.e.8947"}]}
RESULT: {"script":"<script> [56 bytes]","args":[{"element-6066-11e4-a52e-4f735466cecf":"f.EB7466E535C2126E60AFBA1E962AA512.d.EF0CA3C1B82424305A4FD8E5223BFD61.e.8947","ELEMENT":"f.EB7466E535C2126E60AFBA1E962AA512.d.EF0CA3C1B82424305A4FD8E5223BFD61.e.8947"}]}
COMMAND: POST /session/e9da8fc7d2e5c6d9fcb370d825f3b6fb/element/f.EB7466E535C2126E60AFBA1E962AA512.d.EF0CA3C1B82424305A4FD8E5223BFD61.e.8801/clear - {}
COMMAND: GET /session/e9da8fc7d2e5c6d9fcb370d825f3b6fb/screenshot - {}
RESULT: {}
COMMAND: POST /session/e9da8fc7d2e5c6d9fcb370d825f3b6fb/element/f.EB7466E535C2126E60AFBA1E962AA512.d.EF0CA3C1B82424305A4FD8E5223BFD61.e.8801/value - {"text":"NETM_C_BUSINESS_PARTNER_ROLES"}
COMMAND: GET /session/e9da8fc7d2e5c6d9fcb370d825f3b6fb/screenshot - {}
RESULT: {}
RESULT: {"text":"NETM_C_BUSINESS_PARTNER_ROLES"}
COMMAND: GET /session/e9da8fc7d2e5c6d9fcb370d825f3b6fb/screenshot - {}
RESULT: {}
RESULT: {}
COMMAND: POST /session/e9da8fc7d2e5c6d9fcb370d825f3b6fb/actions - {"actions":[{"id":"action25","type":"key","parameters":{},"actions":[{"type":"keyDown","value":""},{"type":"pause","duration":10},{"type":"keyUp","value":""}]}]}
RESULT: {"actions":[{"id":"action25","type":"key","parameters":{},"actions":[{"type":"keyDown","value":""},{"type":"pause","duration":10},{"type":"keyUp","value":""}]}]}
COMMAND: GET /session/e9da8fc7d2e5c6d9fcb370d825f3b6fb/screenshot - {}
RESULT: {}
COMMAND: POST /session/e9da8fc7d2e5c6d9fcb370d825f3b6fb/elements - {"using":"xpath","value":"//table[contains(@id, \"masterListDataExplorerTable-listUl\")]/tbody/tr"}
RESULT: {"using":"xpath","value":"//table[contains(@id, \"masterListDataExplorerTable-listUl\")]/tbody/tr"}
COMMAND: POST /session/e9da8fc7d2e5c6d9fcb370d825f3b6fb/element - {"using":"xpath","value":"//table[contains(@id, \"masterListDataExplorerTable-listUl\")]/tbody/tr[2]/td[4]/span"}
RESULT: {"using":"xpath","value":"//table[contains(@id, \"masterListDataExplorerTable-listUl\")]/tbody/tr[2]/td[4]/span"}
COMMAND: POST /session/e9da8fc7d2e5c6d9fcb370d825f3b6fb/elements - {"using":"xpath","value":"//table[contains(@id, \"masterListDataExplorerTable-listUl\")]/tbody/tr[2]/td[4]/span"}
RESULT: {"using":"xpath","value":"//table[contains(@id, \"masterListDataExplorerTable-listUl\")]/tbody/tr[2]/td[4]/span"}
COMMAND: POST /session/e9da8fc7d2e5c6d9fcb370d825f3b6fb/execute/sync - {"script":"<script> [56 bytes]","args":[{"element-6066-11e4-a52e-4f735466cecf":"f.EB7466E535C2126E60AFBA1E962AA512.d.EF0CA3C1B82424305A4FD8E5223BFD61.e.8956","ELEMENT":"f.EB7466E535C2126E60AFBA1E962AA512.d.EF0CA3C1B82424305A4FD8E5223BFD61.e.8956"}]}
RESULT: {"script":"<script> [56 bytes]","args":[{"element-6066-11e4-a52e-4f735466cecf":"f.EB7466E535C2126E60AFBA1E962AA512.d.EF0CA3C1B82424305A4FD8E5223BFD61.e.8956","ELEMENT":"f.EB7466E535C2126E60AFBA1E962AA512.d.EF0CA3C1B82424305A4FD8E5223BFD61.e.8956"}]}
COMMAND: POST /session/e9da8fc7d2e5c6d9fcb370d825f3b6fb/element - {"using":"xpath","value":"(//span[contains(@id, \"imgNav\")])[1]"}
COMMAND: GET /session/e9da8fc7d2e5c6d9fcb370d825f3b6fb/screenshot - {}
RESULT: {"using":"xpath","value":"(//span[contains(@id, \"imgNav\")])[1]"}
COMMAND: POST /session/e9da8fc7d2e5c6d9fcb370d825f3b6fb/element/f.EB7466E535C2126E60AFBA1E962AA512.d.EF0CA3C1B82424305A4FD8E5223BFD61.e.8957/click - {}
RESULT: {}
RESULT: {}
COMMAND: GET /session/e9da8fc7d2e5c6d9fcb370d825f3b6fb/screenshot - {}
RESULT: {}
COMMAND: POST /session/e9da8fc7d2e5c6d9fcb370d825f3b6fb/element - {"using":"xpath","value":"//bdi[contains(text(), \"Edit\")]"}
RESULT: {"using":"xpath","value":"//bdi[contains(text(), \"Edit\")]"}
COMMAND: POST /session/e9da8fc7d2e5c6d9fcb370d825f3b6fb/element/f.EB7466E535C2126E60AFBA1E962AA512.d.EF0CA3C1B82424305A4FD8E5223BFD61.e.9083/click - {}
RESULT: {}
COMMAND: GET /session/e9da8fc7d2e5c6d9fcb370d825f3b6fb/screenshot - {}
RESULT: {}
COMMAND: POST /session/e9da8fc7d2e5c6d9fcb370d825f3b6fb/element - {"using":"xpath","value":"//button[contains(@id, \"detailBusinessConfigurations--addButton\")]"}
RESULT: {"using":"xpath","value":"//button[contains(@id, \"detailBusinessConfigurations--addButton\")]"}
COMMAND: POST /session/e9da8fc7d2e5c6d9fcb370d825f3b6fb/element/f.EB7466E535C2126E60AFBA1E962AA512.d.EF0CA3C1B82424305A4FD8E5223BFD61.e.9092/click - {}
RESULT: {}
COMMAND: GET /session/e9da8fc7d2e5c6d9fcb370d825f3b6fb/screenshot - {}
RESULT: {}
COMMAND: POST /session/e9da8fc7d2e5c6d9fcb370d825f3b6fb/elements - {"using":"xpath","value":"//table[contains(@id, \"detailBusinessConfigurations--detailsTable-listUl\")]/tbody/tr"}
RESULT: {"using":"xpath","value":"//table[contains(@id, \"detailBusinessConfigurations--detailsTable-listUl\")]/tbody/tr"}
COMMAND: POST /session/e9da8fc7d2e5c6d9fcb370d825f3b6fb/element - {"using":"xpath","value":"//table[contains(@id, \"detailBusinessConfigurations--detailsTable-listUl\")]/tbody/tr[1]/td[3]/div/div/div/div/input"}
RESULT: {"using":"xpath","value":"//table[contains(@id, \"detailBusinessConfigurations--detailsTable-listUl\")]/tbody/tr[1]/td[3]/div/div/div/div/input"}
COMMAND: POST /session/e9da8fc7d2e5c6d9fcb370d825f3b6fb/element/f.EB7466E535C2126E60AFBA1E962AA512.d.EF0CA3C1B82424305A4FD8E5223BFD61.e.9095/clear - {}
RESULT: {}
COMMAND: POST /session/e9da8fc7d2e5c6d9fcb370d825f3b6fb/element/f.EB7466E535C2126E60AFBA1E962AA512.d.EF0CA3C1B82424305A4FD8E5223BFD61.e.9095/value - {"text":"WebDriver Testy"}
COMMAND: GET /session/e9da8fc7d2e5c6d9fcb370d825f3b6fb/screenshot - {}
RESULT: {}
RESULT: {"text":"WebDriver Testy"}
COMMAND: GET /session/e9da8fc7d2e5c6d9fcb370d825f3b6fb/screenshot - {}
RESULT: {}
COMMAND: POST /session/e9da8fc7d2e5c6d9fcb370d825f3b6fb/element - {"using":"xpath","value":"//button[contains(@id, \"detailBusinessConfigurations--addButton\")]"}
RESULT: {"using":"xpath","value":"//button[contains(@id, \"detailBusinessConfigurations--addButton\")]"}
COMMAND: POST /session/e9da8fc7d2e5c6d9fcb370d825f3b6fb/element/f.EB7466E535C2126E60AFBA1E962AA512.d.EF0CA3C1B82424305A4FD8E5223BFD61.e.9092/click - {}
RESULT: {}
COMMAND: GET /session/e9da8fc7d2e5c6d9fcb370d825f3b6fb/screenshot - {}
RESULT: {}
COMMAND: POST /session/e9da8fc7d2e5c6d9fcb370d825f3b6fb/element - {"using":"xpath","value":"//table[contains(@id, \"detailBusinessConfigurations--detailsTable-listUl\")]/tbody/tr[1]/td[3]/div/div/div/div/input"}
RESULT: {"using":"xpath","value":"//table[contains(@id, \"detailBusinessConfigurations--detailsTable-listUl\")]/tbody/tr[1]/td[3]/div/div/div/div/input"}
COMMAND: POST /session/e9da8fc7d2e5c6d9fcb370d825f3b6fb/element/f.EB7466E535C2126E60AFBA1E962AA512.d.EF0CA3C1B82424305A4FD8E5223BFD61.e.9108/clear - {}
RESULT: {}
COMMAND: POST /session/e9da8fc7d2e5c6d9fcb370d825f3b6fb/element/f.EB7466E535C2126E60AFBA1E962AA512.d.EF0CA3C1B82424305A4FD8E5223BFD61.e.9108/value - {"text":"WebDriver Testy"}
COMMAND: GET /session/e9da8fc7d2e5c6d9fcb370d825f3b6fb/screenshot - {}
RESULT: {"text":"WebDriver Testy"}
COMMAND: GET /session/e9da8fc7d2e5c6d9fcb370d825f3b6fb/screenshot - {}
RESULT: {}
RESULT: {}
COMMAND: POST /session/e9da8fc7d2e5c6d9fcb370d825f3b6fb/element - {"using":"xpath","value":"//bdi[text()=\"Save\"]"}
RESULT: {"using":"xpath","value":"//bdi[text()=\"Save\"]"}
COMMAND: POST /session/e9da8fc7d2e5c6d9fcb370d825f3b6fb/element/f.EB7466E535C2126E60AFBA1E962AA512.d.EF0CA3C1B82424305A4FD8E5223BFD61.e.9115/click - {}
RESULT: {}
COMMAND: GET /session/e9da8fc7d2e5c6d9fcb370d825f3b6fb/screenshot - {}
RESULT: {}
COMMAND: POST /session/e9da8fc7d2e5c6d9fcb370d825f3b6fb/element - {"using":"xpath","value":"//span[contains(@class, \"sapMMsgBoxText\")]"}
RESULT: {"using":"xpath","value":"//span[contains(@class, \"sapMMsgBoxText\")]"}
COMMAND: POST /session/e9da8fc7d2e5c6d9fcb370d825f3b6fb/elements - {"using":"xpath","value":"//span[contains(@class, \"sapMMsgBoxText\")]"}
RESULT: {"using":"xpath","value":"//span[contains(@class, \"sapMMsgBoxText\")]"}
COMMAND: POST /session/e9da8fc7d2e5c6d9fcb370d825f3b6fb/execute/sync - {"script":"<script> [56 bytes]","args":[{"element-6066-11e4-a52e-4f735466cecf":"f.EB7466E535C2126E60AFBA1E962AA512.d.EF0CA3C1B82424305A4FD8E5223BFD61.e.9134","ELEMENT":"f.EB7466E535C2126E60AFBA1E962AA512.d.EF0CA3C1B82424305A4FD8E5223BFD61.e.9134"}]}
RESULT: {"script":"<script> [56 bytes]","args":[{"element-6066-11e4-a52e-4f735466cecf":"f.EB7466E535C2126E60AFBA1E962AA512.d.EF0CA3C1B82424305A4FD8E5223BFD61.e.9134","ELEMENT":"f.EB7466E535C2126E60AFBA1E962AA512.d.EF0CA3C1B82424305A4FD8E5223BFD61.e.9134"}]}
COMMAND: POST /session/e9da8fc7d2e5c6d9fcb370d825f3b6fb/element - {"using":"xpath","value":"//bdi[text()=\"Close\"]"}
COMMAND: GET /session/e9da8fc7d2e5c6d9fcb370d825f3b6fb/screenshot - {}
RESULT: {"using":"xpath","value":"//bdi[text()=\"Close\"]"}
COMMAND: POST /session/e9da8fc7d2e5c6d9fcb370d825f3b6fb/element/f.EB7466E535C2126E60AFBA1E962AA512.d.EF0CA3C1B82424305A4FD8E5223BFD61.e.9135/click - {}
RESULT: {}
RESULT: {}
COMMAND: GET /session/e9da8fc7d2e5c6d9fcb370d825f3b6fb/screenshot - {}
RESULT: {}
COMMAND: POST /session/e9da8fc7d2e5c6d9fcb370d825f3b6fb/element - {"using":"css selector","value":"#shell-header-logo"}
RESULT: {"using":"css selector","value":"#shell-header-logo"}
COMMAND: POST /session/e9da8fc7d2e5c6d9fcb370d825f3b6fb/element/f.EB7466E535C2126E60AFBA1E962AA512.d.EF0CA3C1B82424305A4FD8E5223BFD61.e.8784/click - {}
RESULT: {}
COMMAND: GET /session/e9da8fc7d2e5c6d9fcb370d825f3b6fb/screenshot - {}
RESULT: {}
]]></system-out>
    </testcase>
    <testcase classname="chrome.137_0_7151_69.windows.Partner_specific_tests_US150819_US151080_US151654_US151176_US103444_US151078_US151079_US151109_US151174_US151175_US151189" name="Should do QC various tests US151189" time="431.457">
      <system-out><![CDATA[
RESULT: undefined
COMMAND: POST /session/e9da8fc7d2e5c6d9fcb370d825f3b6fb/element - {"using":"xpath","value":"//*[@id=\"__tile31\"]"}
RESULT: {"using":"xpath","value":"//*[@id=\"__tile31\"]"}
COMMAND: POST /session/e9da8fc7d2e5c6d9fcb370d825f3b6fb/element/f.EB7466E535C2126E60AFBA1E962AA512.d.EF0CA3C1B82424305A4FD8E5223BFD61.e.4487/click - {}
RESULT: {}
COMMAND: POST /session/e9da8fc7d2e5c6d9fcb370d825f3b6fb/element - {"using":"xpath","value":"//button[@data-kt=\"addButton\"]"}
COMMAND: GET /session/e9da8fc7d2e5c6d9fcb370d825f3b6fb/screenshot - {}
RESULT: {"using":"xpath","value":"//button[@data-kt=\"addButton\"]"}
COMMAND: POST /session/e9da8fc7d2e5c6d9fcb370d825f3b6fb/elements - {"using":"xpath","value":"//button[@data-kt=\"addButton\"]"}
RESULT: {}
RESULT: {"using":"xpath","value":"//button[@data-kt=\"addButton\"]"}
COMMAND: POST /session/e9da8fc7d2e5c6d9fcb370d825f3b6fb/elements - {"using":"xpath","value":"//button[@data-kt=\"addButton\"]"}
RESULT: {"using":"xpath","value":"//button[@data-kt=\"addButton\"]"}
COMMAND: POST /session/e9da8fc7d2e5c6d9fcb370d825f3b6fb/elements - {"using":"xpath","value":"//button[@data-kt=\"addButton\"]"}
RESULT: {"using":"xpath","value":"//button[@data-kt=\"addButton\"]"}
COMMAND: POST /session/e9da8fc7d2e5c6d9fcb370d825f3b6fb/elements - {"using":"xpath","value":"//button[@data-kt=\"addButton\"]"}
RESULT: {"using":"xpath","value":"//button[@data-kt=\"addButton\"]"}
COMMAND: POST /session/e9da8fc7d2e5c6d9fcb370d825f3b6fb/elements - {"using":"xpath","value":"//button[@data-kt=\"addButton\"]"}
RESULT: {"using":"xpath","value":"//button[@data-kt=\"addButton\"]"}
COMMAND: POST /session/e9da8fc7d2e5c6d9fcb370d825f3b6fb/elements - {"using":"xpath","value":"//button[@data-kt=\"addButton\"]"}
RESULT: {"using":"xpath","value":"//button[@data-kt=\"addButton\"]"}
COMMAND: POST /session/e9da8fc7d2e5c6d9fcb370d825f3b6fb/elements - {"using":"xpath","value":"//button[@data-kt=\"addButton\"]"}
RESULT: {"using":"xpath","value":"//button[@data-kt=\"addButton\"]"}
COMMAND: POST /session/e9da8fc7d2e5c6d9fcb370d825f3b6fb/elements - {"using":"xpath","value":"//button[@data-kt=\"addButton\"]"}
RESULT: {"using":"xpath","value":"//button[@data-kt=\"addButton\"]"}
COMMAND: POST /session/e9da8fc7d2e5c6d9fcb370d825f3b6fb/elements - {"using":"xpath","value":"//button[@data-kt=\"addButton\"]"}
RESULT: {"using":"xpath","value":"//button[@data-kt=\"addButton\"]"}
COMMAND: POST /session/e9da8fc7d2e5c6d9fcb370d825f3b6fb/elements - {"using":"xpath","value":"//button[@data-kt=\"addButton\"]"}
RESULT: {"using":"xpath","value":"//button[@data-kt=\"addButton\"]"}
COMMAND: POST /session/e9da8fc7d2e5c6d9fcb370d825f3b6fb/elements - {"using":"xpath","value":"//button[@data-kt=\"addButton\"]"}
RESULT: {"using":"xpath","value":"//button[@data-kt=\"addButton\"]"}
COMMAND: POST /session/e9da8fc7d2e5c6d9fcb370d825f3b6fb/element - {"using":"xpath","value":"//button[@data-kt=\"addButton\"]"}
RESULT: {"using":"xpath","value":"//button[@data-kt=\"addButton\"]"}
COMMAND: POST /session/e9da8fc7d2e5c6d9fcb370d825f3b6fb/execute/sync - {"script":"<script> [8489 bytes]","args":[{"element-6066-11e4-a52e-4f735466cecf":"f.EB7466E535C2126E60AFBA1E962AA512.d.EF0CA3C1B82424305A4FD8E5223BFD61.e.9184","ELEMENT":"f.EB7466E535C2126E60AFBA1E962AA512.d.EF0CA3C1B82424305A4FD8E5223BFD61.e.9184"}]}
RESULT: {"script":"<script> [8489 bytes]","args":[{"element-6066-11e4-a52e-4f735466cecf":"f.EB7466E535C2126E60AFBA1E962AA512.d.EF0CA3C1B82424305A4FD8E5223BFD61.e.9184","ELEMENT":"f.EB7466E535C2126E60AFBA1E962AA512.d.EF0CA3C1B82424305A4FD8E5223BFD61.e.9184"}]}
COMMAND: GET /session/e9da8fc7d2e5c6d9fcb370d825f3b6fb/element/f.EB7466E535C2126E60AFBA1E962AA512.d.EF0CA3C1B82424305A4FD8E5223BFD61.e.9184/enabled - {}
COMMAND: GET /session/e9da8fc7d2e5c6d9fcb370d825f3b6fb/screenshot - {}
RESULT: {}
COMMAND: POST /session/e9da8fc7d2e5c6d9fcb370d825f3b6fb/execute/sync - {"script":"<script> [8489 bytes]","args":[{"element-6066-11e4-a52e-4f735466cecf":"f.EB7466E535C2126E60AFBA1E962AA512.d.EF0CA3C1B82424305A4FD8E5223BFD61.e.9184","ELEMENT":"f.EB7466E535C2126E60AFBA1E962AA512.d.EF0CA3C1B82424305A4FD8E5223BFD61.e.9184"}]}
COMMAND: GET /session/e9da8fc7d2e5c6d9fcb370d825f3b6fb/screenshot - {}
RESULT: {}
RESULT: {"script":"<script> [8489 bytes]","args":[{"element-6066-11e4-a52e-4f735466cecf":"f.EB7466E535C2126E60AFBA1E962AA512.d.EF0CA3C1B82424305A4FD8E5223BFD61.e.9184","ELEMENT":"f.EB7466E535C2126E60AFBA1E962AA512.d.EF0CA3C1B82424305A4FD8E5223BFD61.e.9184"}]}
COMMAND: POST /session/e9da8fc7d2e5c6d9fcb370d825f3b6fb/execute/sync - {"script":"<script> [5351 bytes]","args":[{"element-6066-11e4-a52e-4f735466cecf":"f.EB7466E535C2126E60AFBA1E962AA512.d.EF0CA3C1B82424305A4FD8E5223BFD61.e.9184","ELEMENT":"f.EB7466E535C2126E60AFBA1E962AA512.d.EF0CA3C1B82424305A4FD8E5223BFD61.e.9184"}]}
COMMAND: GET /session/e9da8fc7d2e5c6d9fcb370d825f3b6fb/screenshot - {}
RESULT: {}
RESULT: {"script":"<script> [5351 bytes]","args":[{"element-6066-11e4-a52e-4f735466cecf":"f.EB7466E535C2126E60AFBA1E962AA512.d.EF0CA3C1B82424305A4FD8E5223BFD61.e.9184","ELEMENT":"f.EB7466E535C2126E60AFBA1E962AA512.d.EF0CA3C1B82424305A4FD8E5223BFD61.e.9184"}]}
COMMAND: GET /session/e9da8fc7d2e5c6d9fcb370d825f3b6fb/screenshot - {}
RESULT: {}
RESULT: {}
COMMAND: POST /session/e9da8fc7d2e5c6d9fcb370d825f3b6fb/element - {"using":"xpath","value":"//span[@id=\"application-managepartners-display-component---masterPtm--smartTable-header-inner\"]"}
RESULT: {"using":"xpath","value":"//span[@id=\"application-managepartners-display-component---masterPtm--smartTable-header-inner\"]"}
COMMAND: POST /session/e9da8fc7d2e5c6d9fcb370d825f3b6fb/elements - {"using":"xpath","value":"//span[@id=\"application-managepartners-display-component---masterPtm--smartTable-header-inner\"]"}
RESULT: {"using":"xpath","value":"//span[@id=\"application-managepartners-display-component---masterPtm--smartTable-header-inner\"]"}
COMMAND: POST /session/e9da8fc7d2e5c6d9fcb370d825f3b6fb/execute/sync - {"script":"<script> [56 bytes]","args":[{"element-6066-11e4-a52e-4f735466cecf":"f.EB7466E535C2126E60AFBA1E962AA512.d.EF0CA3C1B82424305A4FD8E5223BFD61.e.9308","ELEMENT":"f.EB7466E535C2126E60AFBA1E962AA512.d.EF0CA3C1B82424305A4FD8E5223BFD61.e.9308"}]}
RESULT: {"script":"<script> [56 bytes]","args":[{"element-6066-11e4-a52e-4f735466cecf":"f.EB7466E535C2126E60AFBA1E962AA512.d.EF0CA3C1B82424305A4FD8E5223BFD61.e.9308","ELEMENT":"f.EB7466E535C2126E60AFBA1E962AA512.d.EF0CA3C1B82424305A4FD8E5223BFD61.e.9308"}]}
RESULT: undefined
COMMAND: POST /session/e9da8fc7d2e5c6d9fcb370d825f3b6fb/execute/async - {"script":"<script> [776 bytes]","args":[{"enterText":"1099","selector":{"id":"application-managepartners-display-component---masterPtm--smartFilterBar-btnBasicSearch","interaction":{"idSuffix":"I"}},"clearTextFirst":true,"interactionType":"ENTER_TEXT"}]}
COMMAND: GET /session/e9da8fc7d2e5c6d9fcb370d825f3b6fb/screenshot - {}
RESULT: {"script":"<script> [776 bytes]","args":[{"enterText":"1099","selector":{"id":"application-managepartners-display-component---masterPtm--smartFilterBar-btnBasicSearch","interaction":{"idSuffix":"I"}},"clearTextFirst":true,"interactionType":"ENTER_TEXT"}]}
COMMAND: POST /session/e9da8fc7d2e5c6d9fcb370d825f3b6fb/actions - {"actions":[{"id":"action26","type":"key","parameters":{},"actions":[{"type":"keyDown","value":""},{"type":"pause","duration":10},{"type":"keyUp","value":""}]}]}
RESULT: {}
RESULT: {"actions":[{"id":"action26","type":"key","parameters":{},"actions":[{"type":"keyDown","value":""},{"type":"pause","duration":10},{"type":"keyUp","value":""}]}]}
COMMAND: GET /session/e9da8fc7d2e5c6d9fcb370d825f3b6fb/screenshot - {}
RESULT: {}
COMMAND: POST /session/e9da8fc7d2e5c6d9fcb370d825f3b6fb/elements - {"using":"xpath","value":"//table[contains(@id, \"customPartnersTable-listUl\")]/tbody/tr"}
RESULT: {"using":"xpath","value":"//table[contains(@id, \"customPartnersTable-listUl\")]/tbody/tr"}
COMMAND: POST /session/e9da8fc7d2e5c6d9fcb370d825f3b6fb/element - {"using":"xpath","value":"//table[contains(@id, \"customPartnersTable-listUl\")]/tbody/tr[1]/td[3]/span"}
RESULT: {"using":"xpath","value":"//table[contains(@id, \"customPartnersTable-listUl\")]/tbody/tr[1]/td[3]/span"}
COMMAND: POST /session/e9da8fc7d2e5c6d9fcb370d825f3b6fb/elements - {"using":"xpath","value":"//table[contains(@id, \"customPartnersTable-listUl\")]/tbody/tr[1]/td[3]/span"}
RESULT: {"using":"xpath","value":"//table[contains(@id, \"customPartnersTable-listUl\")]/tbody/tr[1]/td[3]/span"}
COMMAND: POST /session/e9da8fc7d2e5c6d9fcb370d825f3b6fb/execute/sync - {"script":"<script> [56 bytes]","args":[{"element-6066-11e4-a52e-4f735466cecf":"f.EB7466E535C2126E60AFBA1E962AA512.d.EF0CA3C1B82424305A4FD8E5223BFD61.e.9321","ELEMENT":"f.EB7466E535C2126E60AFBA1E962AA512.d.EF0CA3C1B82424305A4FD8E5223BFD61.e.9321"}]}
RESULT: {"script":"<script> [56 bytes]","args":[{"element-6066-11e4-a52e-4f735466cecf":"f.EB7466E535C2126E60AFBA1E962AA512.d.EF0CA3C1B82424305A4FD8E5223BFD61.e.9321","ELEMENT":"f.EB7466E535C2126E60AFBA1E962AA512.d.EF0CA3C1B82424305A4FD8E5223BFD61.e.9321"}]}
COMMAND: POST /session/e9da8fc7d2e5c6d9fcb370d825f3b6fb/element - {"using":"xpath","value":"//div[contains(@id, \"smartFilterBar-btnBasicSearch-reset\")]"}
COMMAND: GET /session/e9da8fc7d2e5c6d9fcb370d825f3b6fb/screenshot - {}
RESULT: {"using":"xpath","value":"//div[contains(@id, \"smartFilterBar-btnBasicSearch-reset\")]"}
COMMAND: POST /session/e9da8fc7d2e5c6d9fcb370d825f3b6fb/element/f.EB7466E535C2126E60AFBA1E962AA512.d.EF0CA3C1B82424305A4FD8E5223BFD61.e.9322/click - {}
RESULT: {}
RESULT: {}
COMMAND: GET /session/e9da8fc7d2e5c6d9fcb370d825f3b6fb/screenshot - {}
RESULT: {}
RESULT: undefined
COMMAND: POST /session/e9da8fc7d2e5c6d9fcb370d825f3b6fb/element - {"using":"xpath","value":"//*[@id=\"application-managepartners-display-component---masterPtm--smartFilterBar-filterItemControl_BASIC-MAIN_ADDRESS-vhi\"]"}
RESULT: {"using":"xpath","value":"//*[@id=\"application-managepartners-display-component---masterPtm--smartFilterBar-filterItemControl_BASIC-MAIN_ADDRESS-vhi\"]"}
COMMAND: POST /session/e9da8fc7d2e5c6d9fcb370d825f3b6fb/element/f.EB7466E535C2126E60AFBA1E962AA512.d.EF0CA3C1B82424305A4FD8E5223BFD61.e.9425/click - {}
RESULT: {}
COMMAND: GET /session/e9da8fc7d2e5c6d9fcb370d825f3b6fb/screenshot - {}
RESULT: {}
RESULT: undefined
COMMAND: POST /session/e9da8fc7d2e5c6d9fcb370d825f3b6fb/execute/async - {"script":"<script> [776 bytes]","args":[{"enterText":"Romania","selector":{"id":"application-managepartners-display-component---masterPtm--smartFilterBar-filterItemControl_BASIC-MAIN_ADDRESS-valueHelpDialog-smartFilterBar-btnBasicSearch","searchOpenDialogs":true,"interaction":{"idSuffix":"I"}},"clearTextFirst":true,"interactionType":"ENTER_TEXT"}]}
RESULT: {"script":"<script> [776 bytes]","args":[{"enterText":"Romania","selector":{"id":"application-managepartners-display-component---masterPtm--smartFilterBar-filterItemControl_BASIC-MAIN_ADDRESS-valueHelpDialog-smartFilterBar-btnBasicSearch","searchOpenDialogs":true,"interaction":{"idSuffix":"I"}},"clearTextFirst":true,"interactionType":"ENTER_TEXT"}]}
COMMAND: POST /session/e9da8fc7d2e5c6d9fcb370d825f3b6fb/actions - {"actions":[{"id":"action27","type":"key","parameters":{},"actions":[{"type":"keyDown","value":""},{"type":"pause","duration":10},{"type":"keyUp","value":""}]}]}
RESULT: {"actions":[{"id":"action27","type":"key","parameters":{},"actions":[{"type":"keyDown","value":""},{"type":"pause","duration":10},{"type":"keyUp","value":""}]}]}
COMMAND: GET /session/e9da8fc7d2e5c6d9fcb370d825f3b6fb/screenshot - {}
RESULT: {}
COMMAND: POST /session/e9da8fc7d2e5c6d9fcb370d825f3b6fb/elements - {"using":"xpath","value":"//table[contains(@id, \"smartFilterBar-filterItemControl_BASIC-MAIN_ADDRESS-valueHelpDialog-table-table\")]/tbody/tr"}
RESULT: {"using":"xpath","value":"//table[contains(@id, \"smartFilterBar-filterItemControl_BASIC-MAIN_ADDRESS-valueHelpDialog-table-table\")]/tbody/tr"}
COMMAND: POST /session/e9da8fc7d2e5c6d9fcb370d825f3b6fb/element - {"using":"xpath","value":"//table[contains(@id, \"smartFilterBar-filterItemControl_BASIC-MAIN_ADDRESS-valueHelpDialog-table-table\")]/tbody/tr[1]/td[1]/div/span"}
RESULT: {"using":"xpath","value":"//table[contains(@id, \"smartFilterBar-filterItemControl_BASIC-MAIN_ADDRESS-valueHelpDialog-table-table\")]/tbody/tr[1]/td[1]/div/span"}
COMMAND: POST /session/e9da8fc7d2e5c6d9fcb370d825f3b6fb/elements - {"using":"xpath","value":"//table[contains(@id, \"smartFilterBar-filterItemControl_BASIC-MAIN_ADDRESS-valueHelpDialog-table-table\")]/tbody/tr[1]/td[1]/div/span"}
RESULT: {"using":"xpath","value":"//table[contains(@id, \"smartFilterBar-filterItemControl_BASIC-MAIN_ADDRESS-valueHelpDialog-table-table\")]/tbody/tr[1]/td[1]/div/span"}
COMMAND: POST /session/e9da8fc7d2e5c6d9fcb370d825f3b6fb/execute/sync - {"script":"<script> [56 bytes]","args":[{"element-6066-11e4-a52e-4f735466cecf":"f.EB7466E535C2126E60AFBA1E962AA512.d.EF0CA3C1B82424305A4FD8E5223BFD61.e.9444","ELEMENT":"f.EB7466E535C2126E60AFBA1E962AA512.d.EF0CA3C1B82424305A4FD8E5223BFD61.e.9444"}]}
RESULT: {"script":"<script> [56 bytes]","args":[{"element-6066-11e4-a52e-4f735466cecf":"f.EB7466E535C2126E60AFBA1E962AA512.d.EF0CA3C1B82424305A4FD8E5223BFD61.e.9444","ELEMENT":"f.EB7466E535C2126E60AFBA1E962AA512.d.EF0CA3C1B82424305A4FD8E5223BFD61.e.9444"}]}
COMMAND: POST /session/e9da8fc7d2e5c6d9fcb370d825f3b6fb/element - {"using":"xpath","value":"//div[contains(@id, \"filterItemControl_BASIC-MAIN_ADDRESS-valueHelpDialog-table-rowsel0\")]"}
COMMAND: GET /session/e9da8fc7d2e5c6d9fcb370d825f3b6fb/screenshot - {}
RESULT: {"using":"xpath","value":"//div[contains(@id, \"filterItemControl_BASIC-MAIN_ADDRESS-valueHelpDialog-table-rowsel0\")]"}
COMMAND: POST /session/e9da8fc7d2e5c6d9fcb370d825f3b6fb/element/f.EB7466E535C2126E60AFBA1E962AA512.d.EF0CA3C1B82424305A4FD8E5223BFD61.e.9445/click - {}
RESULT: {}
RESULT: {}
COMMAND: GET /session/e9da8fc7d2e5c6d9fcb370d825f3b6fb/screenshot - {}
RESULT: {}
RESULT: undefined
COMMAND: POST /session/e9da8fc7d2e5c6d9fcb370d825f3b6fb/execute/async - {"script":"<script> [776 bytes]","args":[{"enterText":"Germany","selector":{"id":"application-managepartners-display-component---masterPtm--smartFilterBar-filterItemControl_BASIC-MAIN_ADDRESS-valueHelpDialog-smartFilterBar-btnBasicSearch","searchOpenDialogs":true,"interaction":{"idSuffix":"I"}},"clearTextFirst":true,"interactionType":"ENTER_TEXT"}]}
RESULT: {"script":"<script> [776 bytes]","args":[{"enterText":"Germany","selector":{"id":"application-managepartners-display-component---masterPtm--smartFilterBar-filterItemControl_BASIC-MAIN_ADDRESS-valueHelpDialog-smartFilterBar-btnBasicSearch","searchOpenDialogs":true,"interaction":{"idSuffix":"I"}},"clearTextFirst":true,"interactionType":"ENTER_TEXT"}]}
COMMAND: POST /session/e9da8fc7d2e5c6d9fcb370d825f3b6fb/actions - {"actions":[{"id":"action28","type":"key","parameters":{},"actions":[{"type":"keyDown","value":""},{"type":"pause","duration":10},{"type":"keyUp","value":""}]}]}
RESULT: {"actions":[{"id":"action28","type":"key","parameters":{},"actions":[{"type":"keyDown","value":""},{"type":"pause","duration":10},{"type":"keyUp","value":""}]}]}
COMMAND: GET /session/e9da8fc7d2e5c6d9fcb370d825f3b6fb/screenshot - {}
RESULT: {}
COMMAND: POST /session/e9da8fc7d2e5c6d9fcb370d825f3b6fb/elements - {"using":"xpath","value":"//table[contains(@id, \"smartFilterBar-filterItemControl_BASIC-MAIN_ADDRESS-valueHelpDialog-table-table\")]/tbody/tr"}
RESULT: {"using":"xpath","value":"//table[contains(@id, \"smartFilterBar-filterItemControl_BASIC-MAIN_ADDRESS-valueHelpDialog-table-table\")]/tbody/tr"}
COMMAND: POST /session/e9da8fc7d2e5c6d9fcb370d825f3b6fb/element - {"using":"xpath","value":"//table[contains(@id, \"smartFilterBar-filterItemControl_BASIC-MAIN_ADDRESS-valueHelpDialog-table-table\")]/tbody/tr[1]/td[1]/div/span"}
RESULT: {"using":"xpath","value":"//table[contains(@id, \"smartFilterBar-filterItemControl_BASIC-MAIN_ADDRESS-valueHelpDialog-table-table\")]/tbody/tr[1]/td[1]/div/span"}
COMMAND: POST /session/e9da8fc7d2e5c6d9fcb370d825f3b6fb/elements - {"using":"xpath","value":"//table[contains(@id, \"smartFilterBar-filterItemControl_BASIC-MAIN_ADDRESS-valueHelpDialog-table-table\")]/tbody/tr[1]/td[1]/div/span"}
RESULT: {"using":"xpath","value":"//table[contains(@id, \"smartFilterBar-filterItemControl_BASIC-MAIN_ADDRESS-valueHelpDialog-table-table\")]/tbody/tr[1]/td[1]/div/span"}
COMMAND: POST /session/e9da8fc7d2e5c6d9fcb370d825f3b6fb/execute/sync - {"script":"<script> [56 bytes]","args":[{"element-6066-11e4-a52e-4f735466cecf":"f.EB7466E535C2126E60AFBA1E962AA512.d.EF0CA3C1B82424305A4FD8E5223BFD61.e.9444","ELEMENT":"f.EB7466E535C2126E60AFBA1E962AA512.d.EF0CA3C1B82424305A4FD8E5223BFD61.e.9444"}]}
RESULT: {"script":"<script> [56 bytes]","args":[{"element-6066-11e4-a52e-4f735466cecf":"f.EB7466E535C2126E60AFBA1E962AA512.d.EF0CA3C1B82424305A4FD8E5223BFD61.e.9444","ELEMENT":"f.EB7466E535C2126E60AFBA1E962AA512.d.EF0CA3C1B82424305A4FD8E5223BFD61.e.9444"}]}
COMMAND: POST /session/e9da8fc7d2e5c6d9fcb370d825f3b6fb/element - {"using":"xpath","value":"//div[contains(@id, \"filterItemControl_BASIC-MAIN_ADDRESS-valueHelpDialog-table-rowsel0\")]"}
COMMAND: GET /session/e9da8fc7d2e5c6d9fcb370d825f3b6fb/screenshot - {}
RESULT: {"using":"xpath","value":"//div[contains(@id, \"filterItemControl_BASIC-MAIN_ADDRESS-valueHelpDialog-table-rowsel0\")]"}
COMMAND: POST /session/e9da8fc7d2e5c6d9fcb370d825f3b6fb/element/f.EB7466E535C2126E60AFBA1E962AA512.d.EF0CA3C1B82424305A4FD8E5223BFD61.e.9445/click - {}
RESULT: {}
RESULT: {}
COMMAND: GET /session/e9da8fc7d2e5c6d9fcb370d825f3b6fb/screenshot - {}
RESULT: {}
RESULT: undefined
COMMAND: POST /session/e9da8fc7d2e5c6d9fcb370d825f3b6fb/execute/async - {"script":"<script> [776 bytes]","args":[{"enterText":"Argentina","selector":{"id":"application-managepartners-display-component---masterPtm--smartFilterBar-filterItemControl_BASIC-MAIN_ADDRESS-valueHelpDialog-smartFilterBar-btnBasicSearch","searchOpenDialogs":true,"interaction":{"idSuffix":"I"}},"clearTextFirst":true,"interactionType":"ENTER_TEXT"}]}
RESULT: {"script":"<script> [776 bytes]","args":[{"enterText":"Argentina","selector":{"id":"application-managepartners-display-component---masterPtm--smartFilterBar-filterItemControl_BASIC-MAIN_ADDRESS-valueHelpDialog-smartFilterBar-btnBasicSearch","searchOpenDialogs":true,"interaction":{"idSuffix":"I"}},"clearTextFirst":true,"interactionType":"ENTER_TEXT"}]}
COMMAND: POST /session/e9da8fc7d2e5c6d9fcb370d825f3b6fb/actions - {"actions":[{"id":"action29","type":"key","parameters":{},"actions":[{"type":"keyDown","value":""},{"type":"pause","duration":10},{"type":"keyUp","value":""}]}]}
RESULT: {"actions":[{"id":"action29","type":"key","parameters":{},"actions":[{"type":"keyDown","value":""},{"type":"pause","duration":10},{"type":"keyUp","value":""}]}]}
COMMAND: GET /session/e9da8fc7d2e5c6d9fcb370d825f3b6fb/screenshot - {}
RESULT: {}
COMMAND: POST /session/e9da8fc7d2e5c6d9fcb370d825f3b6fb/element - {"using":"xpath","value":"//div[contains(@id, \"filterItemControl_BASIC-MAIN_ADDRESS-valueHelpDialog-table-rowsel0\")]"}
RESULT: {"using":"xpath","value":"//div[contains(@id, \"filterItemControl_BASIC-MAIN_ADDRESS-valueHelpDialog-table-rowsel0\")]"}
COMMAND: POST /session/e9da8fc7d2e5c6d9fcb370d825f3b6fb/element/f.EB7466E535C2126E60AFBA1E962AA512.d.EF0CA3C1B82424305A4FD8E5223BFD61.e.9445/click - {}
RESULT: {}
COMMAND: GET /session/e9da8fc7d2e5c6d9fcb370d825f3b6fb/screenshot - {}
RESULT: {}
COMMAND: POST /session/e9da8fc7d2e5c6d9fcb370d825f3b6fb/element - {"using":"xpath","value":"(//bdi[contains(text(), \"OK\")])[1]"}
RESULT: {"using":"xpath","value":"(//bdi[contains(text(), \"OK\")])[1]"}
COMMAND: POST /session/e9da8fc7d2e5c6d9fcb370d825f3b6fb/element/f.EB7466E535C2126E60AFBA1E962AA512.d.EF0CA3C1B82424305A4FD8E5223BFD61.e.9448/click - {}
RESULT: {}
COMMAND: GET /session/e9da8fc7d2e5c6d9fcb370d825f3b6fb/screenshot - {}
RESULT: {}
COMMAND: POST /session/e9da8fc7d2e5c6d9fcb370d825f3b6fb/element - {"using":"xpath","value":"//span[@id=\"application-managepartners-display-component---masterPtm--smartTable-header-inner\"]"}
RESULT: {"using":"xpath","value":"//span[@id=\"application-managepartners-display-component---masterPtm--smartTable-header-inner\"]"}
COMMAND: POST /session/e9da8fc7d2e5c6d9fcb370d825f3b6fb/elements - {"using":"xpath","value":"//span[@id=\"application-managepartners-display-component---masterPtm--smartTable-header-inner\"]"}
RESULT: {"using":"xpath","value":"//span[@id=\"application-managepartners-display-component---masterPtm--smartTable-header-inner\"]"}
COMMAND: POST /session/e9da8fc7d2e5c6d9fcb370d825f3b6fb/execute/sync - {"script":"<script> [56 bytes]","args":[{"element-6066-11e4-a52e-4f735466cecf":"f.EB7466E535C2126E60AFBA1E962AA512.d.EF0CA3C1B82424305A4FD8E5223BFD61.e.9308","ELEMENT":"f.EB7466E535C2126E60AFBA1E962AA512.d.EF0CA3C1B82424305A4FD8E5223BFD61.e.9308"}]}
RESULT: {"script":"<script> [56 bytes]","args":[{"element-6066-11e4-a52e-4f735466cecf":"f.EB7466E535C2126E60AFBA1E962AA512.d.EF0CA3C1B82424305A4FD8E5223BFD61.e.9308","ELEMENT":"f.EB7466E535C2126E60AFBA1E962AA512.d.EF0CA3C1B82424305A4FD8E5223BFD61.e.9308"}]}
COMMAND: POST /session/e9da8fc7d2e5c6d9fcb370d825f3b6fb/element - {"using":"xpath","value":"//span[contains(@title, \"Remove\")]"}
COMMAND: GET /session/e9da8fc7d2e5c6d9fcb370d825f3b6fb/screenshot - {}
RESULT: {"using":"xpath","value":"//span[contains(@title, \"Remove\")]"}
COMMAND: POST /session/e9da8fc7d2e5c6d9fcb370d825f3b6fb/element/f.EB7466E535C2126E60AFBA1E962AA512.d.EF0CA3C1B82424305A4FD8E5223BFD61.e.9480/click - {}
RESULT: {}
RESULT: {}
COMMAND: GET /session/e9da8fc7d2e5c6d9fcb370d825f3b6fb/screenshot - {}
RESULT: {}
COMMAND: POST /session/e9da8fc7d2e5c6d9fcb370d825f3b6fb/element - {"using":"xpath","value":"//span[contains(@title, \"Remove\")]"}
RESULT: {"using":"xpath","value":"//span[contains(@title, \"Remove\")]"}
COMMAND: POST /session/e9da8fc7d2e5c6d9fcb370d825f3b6fb/element/f.EB7466E535C2126E60AFBA1E962AA512.d.EF0CA3C1B82424305A4FD8E5223BFD61.e.9482/click - {}
RESULT: {}
COMMAND: GET /session/e9da8fc7d2e5c6d9fcb370d825f3b6fb/screenshot - {}
RESULT: {}
COMMAND: POST /session/e9da8fc7d2e5c6d9fcb370d825f3b6fb/element - {"using":"xpath","value":"//span[contains(@title, \"Remove\")]"}
RESULT: {"using":"xpath","value":"//span[contains(@title, \"Remove\")]"}
COMMAND: POST /session/e9da8fc7d2e5c6d9fcb370d825f3b6fb/element/f.EB7466E535C2126E60AFBA1E962AA512.d.EF0CA3C1B82424305A4FD8E5223BFD61.e.9483/click - {}
RESULT: {}
COMMAND: GET /session/e9da8fc7d2e5c6d9fcb370d825f3b6fb/screenshot - {}
RESULT: undefined
COMMAND: POST /session/e9da8fc7d2e5c6d9fcb370d825f3b6fb/element - {"using":"xpath","value":"//*[@id=\"application-managepartners-display-component---masterPtm--smartFilterBar-filterItemControl_BASIC-YARD-vhi\"]"}
RESULT: {}
RESULT: {"using":"xpath","value":"//*[@id=\"application-managepartners-display-component---masterPtm--smartFilterBar-filterItemControl_BASIC-YARD-vhi\"]"}
COMMAND: POST /session/e9da8fc7d2e5c6d9fcb370d825f3b6fb/element/f.EB7466E535C2126E60AFBA1E962AA512.d.EF0CA3C1B82424305A4FD8E5223BFD61.e.9586/click - {}
RESULT: {}
COMMAND: GET /session/e9da8fc7d2e5c6d9fcb370d825f3b6fb/screenshot - {}
RESULT: {}
RESULT: undefined
COMMAND: POST /session/e9da8fc7d2e5c6d9fcb370d825f3b6fb/execute/async - {"script":"<script> [776 bytes]","args":[{"enterText":"247","selector":{"id":"application-managepartners-display-component---masterPtm--smartFilterBar-filterItemControl_BASIC-YARD-valueHelpDialog-smartFilterBar-btnBasicSearch","searchOpenDialogs":true,"interaction":{"idSuffix":"I"}},"clearTextFirst":true,"interactionType":"ENTER_TEXT"}]}
RESULT: {"script":"<script> [776 bytes]","args":[{"enterText":"247","selector":{"id":"application-managepartners-display-component---masterPtm--smartFilterBar-filterItemControl_BASIC-YARD-valueHelpDialog-smartFilterBar-btnBasicSearch","searchOpenDialogs":true,"interaction":{"idSuffix":"I"}},"clearTextFirst":true,"interactionType":"ENTER_TEXT"}]}
COMMAND: POST /session/e9da8fc7d2e5c6d9fcb370d825f3b6fb/actions - {"actions":[{"id":"action30","type":"key","parameters":{},"actions":[{"type":"keyDown","value":""},{"type":"pause","duration":10},{"type":"keyUp","value":""}]}]}
RESULT: {"actions":[{"id":"action30","type":"key","parameters":{},"actions":[{"type":"keyDown","value":""},{"type":"pause","duration":10},{"type":"keyUp","value":""}]}]}
COMMAND: GET /session/e9da8fc7d2e5c6d9fcb370d825f3b6fb/screenshot - {}
RESULT: {}
COMMAND: POST /session/e9da8fc7d2e5c6d9fcb370d825f3b6fb/elements - {"using":"xpath","value":"//table[contains(@id, \"smartFilterBar-filterItemControl_BASIC-YARD-valueHelpDialog-table-table\")]/tbody/tr"}
RESULT: {"using":"xpath","value":"//table[contains(@id, \"smartFilterBar-filterItemControl_BASIC-YARD-valueHelpDialog-table-table\")]/tbody/tr"}
COMMAND: POST /session/e9da8fc7d2e5c6d9fcb370d825f3b6fb/element - {"using":"xpath","value":"//table[contains(@id, \"smartFilterBar-filterItemControl_BASIC-YARD-valueHelpDialog-table-table\")]/tbody/tr[1]/td[1]/div/span"}
RESULT: {"using":"xpath","value":"//table[contains(@id, \"smartFilterBar-filterItemControl_BASIC-YARD-valueHelpDialog-table-table\")]/tbody/tr[1]/td[1]/div/span"}
COMMAND: POST /session/e9da8fc7d2e5c6d9fcb370d825f3b6fb/elements - {"using":"xpath","value":"//table[contains(@id, \"smartFilterBar-filterItemControl_BASIC-YARD-valueHelpDialog-table-table\")]/tbody/tr[1]/td[1]/div/span"}
RESULT: {"using":"xpath","value":"//table[contains(@id, \"smartFilterBar-filterItemControl_BASIC-YARD-valueHelpDialog-table-table\")]/tbody/tr[1]/td[1]/div/span"}
COMMAND: POST /session/e9da8fc7d2e5c6d9fcb370d825f3b6fb/execute/sync - {"script":"<script> [56 bytes]","args":[{"element-6066-11e4-a52e-4f735466cecf":"f.EB7466E535C2126E60AFBA1E962AA512.d.EF0CA3C1B82424305A4FD8E5223BFD61.e.9606","ELEMENT":"f.EB7466E535C2126E60AFBA1E962AA512.d.EF0CA3C1B82424305A4FD8E5223BFD61.e.9606"}]}
RESULT: {"script":"<script> [56 bytes]","args":[{"element-6066-11e4-a52e-4f735466cecf":"f.EB7466E535C2126E60AFBA1E962AA512.d.EF0CA3C1B82424305A4FD8E5223BFD61.e.9606","ELEMENT":"f.EB7466E535C2126E60AFBA1E962AA512.d.EF0CA3C1B82424305A4FD8E5223BFD61.e.9606"}]}
COMMAND: POST /session/e9da8fc7d2e5c6d9fcb370d825f3b6fb/element - {"using":"xpath","value":"//div[contains(@id, \"filterItemControl_BASIC-YARD-valueHelpDialog-table-rowsel0\")]"}
COMMAND: GET /session/e9da8fc7d2e5c6d9fcb370d825f3b6fb/screenshot - {}
RESULT: {"using":"xpath","value":"//div[contains(@id, \"filterItemControl_BASIC-YARD-valueHelpDialog-table-rowsel0\")]"}
COMMAND: POST /session/e9da8fc7d2e5c6d9fcb370d825f3b6fb/element/f.EB7466E535C2126E60AFBA1E962AA512.d.EF0CA3C1B82424305A4FD8E5223BFD61.e.9607/click - {}
RESULT: {}
RESULT: {}
COMMAND: GET /session/e9da8fc7d2e5c6d9fcb370d825f3b6fb/screenshot - {}
RESULT: {}
RESULT: undefined
COMMAND: POST /session/e9da8fc7d2e5c6d9fcb370d825f3b6fb/execute/async - {"script":"<script> [776 bytes]","args":[{"enterText":"106","selector":{"id":"application-managepartners-display-component---masterPtm--smartFilterBar-filterItemControl_BASIC-YARD-valueHelpDialog-smartFilterBar-btnBasicSearch","searchOpenDialogs":true,"interaction":{"idSuffix":"I"}},"clearTextFirst":true,"interactionType":"ENTER_TEXT"}]}
RESULT: {"script":"<script> [776 bytes]","args":[{"enterText":"106","selector":{"id":"application-managepartners-display-component---masterPtm--smartFilterBar-filterItemControl_BASIC-YARD-valueHelpDialog-smartFilterBar-btnBasicSearch","searchOpenDialogs":true,"interaction":{"idSuffix":"I"}},"clearTextFirst":true,"interactionType":"ENTER_TEXT"}]}
COMMAND: POST /session/e9da8fc7d2e5c6d9fcb370d825f3b6fb/actions - {"actions":[{"id":"action31","type":"key","parameters":{},"actions":[{"type":"keyDown","value":""},{"type":"pause","duration":10},{"type":"keyUp","value":""}]}]}
RESULT: {"actions":[{"id":"action31","type":"key","parameters":{},"actions":[{"type":"keyDown","value":""},{"type":"pause","duration":10},{"type":"keyUp","value":""}]}]}
COMMAND: GET /session/e9da8fc7d2e5c6d9fcb370d825f3b6fb/screenshot - {}
RESULT: {}
COMMAND: POST /session/e9da8fc7d2e5c6d9fcb370d825f3b6fb/elements - {"using":"xpath","value":"//table[contains(@id, \"smartFilterBar-filterItemControl_BASIC-YARD-valueHelpDialog-table-table\")]/tbody/tr"}
RESULT: {"using":"xpath","value":"//table[contains(@id, \"smartFilterBar-filterItemControl_BASIC-YARD-valueHelpDialog-table-table\")]/tbody/tr"}
COMMAND: POST /session/e9da8fc7d2e5c6d9fcb370d825f3b6fb/element - {"using":"xpath","value":"//table[contains(@id, \"smartFilterBar-filterItemControl_BASIC-YARD-valueHelpDialog-table-table\")]/tbody/tr[1]/td[1]/div/span"}
RESULT: {"using":"xpath","value":"//table[contains(@id, \"smartFilterBar-filterItemControl_BASIC-YARD-valueHelpDialog-table-table\")]/tbody/tr[1]/td[1]/div/span"}
COMMAND: POST /session/e9da8fc7d2e5c6d9fcb370d825f3b6fb/elements - {"using":"xpath","value":"//table[contains(@id, \"smartFilterBar-filterItemControl_BASIC-YARD-valueHelpDialog-table-table\")]/tbody/tr[1]/td[1]/div/span"}
RESULT: {"using":"xpath","value":"//table[contains(@id, \"smartFilterBar-filterItemControl_BASIC-YARD-valueHelpDialog-table-table\")]/tbody/tr[1]/td[1]/div/span"}
COMMAND: POST /session/e9da8fc7d2e5c6d9fcb370d825f3b6fb/execute/sync - {"script":"<script> [56 bytes]","args":[{"element-6066-11e4-a52e-4f735466cecf":"f.EB7466E535C2126E60AFBA1E962AA512.d.EF0CA3C1B82424305A4FD8E5223BFD61.e.9606","ELEMENT":"f.EB7466E535C2126E60AFBA1E962AA512.d.EF0CA3C1B82424305A4FD8E5223BFD61.e.9606"}]}
RESULT: {"script":"<script> [56 bytes]","args":[{"element-6066-11e4-a52e-4f735466cecf":"f.EB7466E535C2126E60AFBA1E962AA512.d.EF0CA3C1B82424305A4FD8E5223BFD61.e.9606","ELEMENT":"f.EB7466E535C2126E60AFBA1E962AA512.d.EF0CA3C1B82424305A4FD8E5223BFD61.e.9606"}]}
COMMAND: POST /session/e9da8fc7d2e5c6d9fcb370d825f3b6fb/element - {"using":"xpath","value":"//div[contains(@id, \"filterItemControl_BASIC-YARD-valueHelpDialog-table-rowsel0\")]"}
COMMAND: GET /session/e9da8fc7d2e5c6d9fcb370d825f3b6fb/screenshot - {}
RESULT: {"using":"xpath","value":"//div[contains(@id, \"filterItemControl_BASIC-YARD-valueHelpDialog-table-rowsel0\")]"}
COMMAND: POST /session/e9da8fc7d2e5c6d9fcb370d825f3b6fb/element/f.EB7466E535C2126E60AFBA1E962AA512.d.EF0CA3C1B82424305A4FD8E5223BFD61.e.9607/click - {}
RESULT: {}
RESULT: {}
COMMAND: GET /session/e9da8fc7d2e5c6d9fcb370d825f3b6fb/screenshot - {}
RESULT: {}
COMMAND: POST /session/e9da8fc7d2e5c6d9fcb370d825f3b6fb/element - {"using":"xpath","value":"(//bdi[contains(text(), \"OK\")])[1]"}
RESULT: {"using":"xpath","value":"(//bdi[contains(text(), \"OK\")])[1]"}
COMMAND: POST /session/e9da8fc7d2e5c6d9fcb370d825f3b6fb/element/f.EB7466E535C2126E60AFBA1E962AA512.d.EF0CA3C1B82424305A4FD8E5223BFD61.e.9609/click - {}
RESULT: {}
COMMAND: GET /session/e9da8fc7d2e5c6d9fcb370d825f3b6fb/screenshot - {}
RESULT: {}
COMMAND: POST /session/e9da8fc7d2e5c6d9fcb370d825f3b6fb/element - {"using":"xpath","value":"//span[@id=\"application-managepartners-display-component---masterPtm--smartTable-header-inner\"]"}
RESULT: {"using":"xpath","value":"//span[@id=\"application-managepartners-display-component---masterPtm--smartTable-header-inner\"]"}
COMMAND: POST /session/e9da8fc7d2e5c6d9fcb370d825f3b6fb/elements - {"using":"xpath","value":"//span[@id=\"application-managepartners-display-component---masterPtm--smartTable-header-inner\"]"}
RESULT: {"using":"xpath","value":"//span[@id=\"application-managepartners-display-component---masterPtm--smartTable-header-inner\"]"}
COMMAND: POST /session/e9da8fc7d2e5c6d9fcb370d825f3b6fb/execute/sync - {"script":"<script> [56 bytes]","args":[{"element-6066-11e4-a52e-4f735466cecf":"f.EB7466E535C2126E60AFBA1E962AA512.d.EF0CA3C1B82424305A4FD8E5223BFD61.e.9308","ELEMENT":"f.EB7466E535C2126E60AFBA1E962AA512.d.EF0CA3C1B82424305A4FD8E5223BFD61.e.9308"}]}
RESULT: {"script":"<script> [56 bytes]","args":[{"element-6066-11e4-a52e-4f735466cecf":"f.EB7466E535C2126E60AFBA1E962AA512.d.EF0CA3C1B82424305A4FD8E5223BFD61.e.9308","ELEMENT":"f.EB7466E535C2126E60AFBA1E962AA512.d.EF0CA3C1B82424305A4FD8E5223BFD61.e.9308"}]}
COMMAND: POST /session/e9da8fc7d2e5c6d9fcb370d825f3b6fb/element - {"using":"xpath","value":"//span[contains(@title, \"Remove\")]"}
COMMAND: GET /session/e9da8fc7d2e5c6d9fcb370d825f3b6fb/screenshot - {}
RESULT: {"using":"xpath","value":"//span[contains(@title, \"Remove\")]"}
COMMAND: POST /session/e9da8fc7d2e5c6d9fcb370d825f3b6fb/element/f.EB7466E535C2126E60AFBA1E962AA512.d.EF0CA3C1B82424305A4FD8E5223BFD61.e.9656/click - {}
RESULT: {}
RESULT: {}
COMMAND: GET /session/e9da8fc7d2e5c6d9fcb370d825f3b6fb/screenshot - {}
RESULT: {}
COMMAND: POST /session/e9da8fc7d2e5c6d9fcb370d825f3b6fb/element - {"using":"xpath","value":"//span[contains(@title, \"Remove\")]"}
RESULT: {"using":"xpath","value":"//span[contains(@title, \"Remove\")]"}
COMMAND: POST /session/e9da8fc7d2e5c6d9fcb370d825f3b6fb/element/f.EB7466E535C2126E60AFBA1E962AA512.d.EF0CA3C1B82424305A4FD8E5223BFD61.e.9657/click - {}
RESULT: {}
COMMAND: GET /session/e9da8fc7d2e5c6d9fcb370d825f3b6fb/screenshot - {}
RESULT: undefined
COMMAND: POST /session/e9da8fc7d2e5c6d9fcb370d825f3b6fb/element - {"using":"xpath","value":"//*[@id=\"application-managepartners-display-component---masterPtm--catalogs-arrow\"]"}
RESULT: {}
RESULT: {"using":"xpath","value":"//*[@id=\"application-managepartners-display-component---masterPtm--catalogs-arrow\"]"}
COMMAND: POST /session/e9da8fc7d2e5c6d9fcb370d825f3b6fb/element/f.EB7466E535C2126E60AFBA1E962AA512.d.EF0CA3C1B82424305A4FD8E5223BFD61.e.9758/click - {}
RESULT: {}
COMMAND: GET /session/e9da8fc7d2e5c6d9fcb370d825f3b6fb/screenshot - {}
RESULT: {}
COMMAND: POST /session/e9da8fc7d2e5c6d9fcb370d825f3b6fb/element - {"using":"xpath","value":"(//li[.//span[contains(text(), \"Webshop Catalog\")]])[1]"}
RESULT: {"using":"xpath","value":"(//li[.//span[contains(text(), \"Webshop Catalog\")]])[1]"}
COMMAND: POST /session/e9da8fc7d2e5c6d9fcb370d825f3b6fb/element/f.EB7466E535C2126E60AFBA1E962AA512.d.EF0CA3C1B82424305A4FD8E5223BFD61.e.9772/click - {}
RESULT: {}
COMMAND: GET /session/e9da8fc7d2e5c6d9fcb370d825f3b6fb/screenshot - {}
RESULT: {}
COMMAND: POST /session/e9da8fc7d2e5c6d9fcb370d825f3b6fb/element - {"using":"xpath","value":"//span[@id=\"application-managepartners-display-component---masterPtm--smartTable-header-inner\"]"}
RESULT: {"using":"xpath","value":"//span[@id=\"application-managepartners-display-component---masterPtm--smartTable-header-inner\"]"}
COMMAND: POST /session/e9da8fc7d2e5c6d9fcb370d825f3b6fb/elements - {"using":"xpath","value":"//span[@id=\"application-managepartners-display-component---masterPtm--smartTable-header-inner\"]"}
RESULT: {"using":"xpath","value":"//span[@id=\"application-managepartners-display-component---masterPtm--smartTable-header-inner\"]"}
COMMAND: POST /session/e9da8fc7d2e5c6d9fcb370d825f3b6fb/execute/sync - {"script":"<script> [56 bytes]","args":[{"element-6066-11e4-a52e-4f735466cecf":"f.EB7466E535C2126E60AFBA1E962AA512.d.EF0CA3C1B82424305A4FD8E5223BFD61.e.9308","ELEMENT":"f.EB7466E535C2126E60AFBA1E962AA512.d.EF0CA3C1B82424305A4FD8E5223BFD61.e.9308"}]}
RESULT: {"script":"<script> [56 bytes]","args":[{"element-6066-11e4-a52e-4f735466cecf":"f.EB7466E535C2126E60AFBA1E962AA512.d.EF0CA3C1B82424305A4FD8E5223BFD61.e.9308","ELEMENT":"f.EB7466E535C2126E60AFBA1E962AA512.d.EF0CA3C1B82424305A4FD8E5223BFD61.e.9308"}]}
COMMAND: POST /session/e9da8fc7d2e5c6d9fcb370d825f3b6fb/element - {"using":"xpath","value":"//span[contains(@title, \"Remove\")]"}
COMMAND: GET /session/e9da8fc7d2e5c6d9fcb370d825f3b6fb/screenshot - {}
RESULT: {"using":"xpath","value":"//span[contains(@title, \"Remove\")]"}
COMMAND: POST /session/e9da8fc7d2e5c6d9fcb370d825f3b6fb/element/f.EB7466E535C2126E60AFBA1E962AA512.d.EF0CA3C1B82424305A4FD8E5223BFD61.e.9865/click - {}
RESULT: {}
RESULT: {}
COMMAND: GET /session/e9da8fc7d2e5c6d9fcb370d825f3b6fb/screenshot - {}
RESULT: undefined
COMMAND: POST /session/e9da8fc7d2e5c6d9fcb370d825f3b6fb/element - {"using":"xpath","value":"//*[@id=\"application-managepartners-display-component---masterPtm--partnerTypes-arrow\"]"}
RESULT: {}
RESULT: {"using":"xpath","value":"//*[@id=\"application-managepartners-display-component---masterPtm--partnerTypes-arrow\"]"}
COMMAND: POST /session/e9da8fc7d2e5c6d9fcb370d825f3b6fb/element/f.EB7466E535C2126E60AFBA1E962AA512.d.EF0CA3C1B82424305A4FD8E5223BFD61.e.9962/click - {}
RESULT: {}
COMMAND: GET /session/e9da8fc7d2e5c6d9fcb370d825f3b6fb/screenshot - {}
RESULT: {}
COMMAND: POST /session/e9da8fc7d2e5c6d9fcb370d825f3b6fb/element - {"using":"xpath","value":"(//li[.//span[contains(text(), \"External partner\")]])[1]"}
RESULT: {"using":"xpath","value":"(//li[.//span[contains(text(), \"External partner\")]])[1]"}
COMMAND: POST /session/e9da8fc7d2e5c6d9fcb370d825f3b6fb/element/f.EB7466E535C2126E60AFBA1E962AA512.d.EF0CA3C1B82424305A4FD8E5223BFD61.e.9967/click - {}
RESULT: {}
COMMAND: GET /session/e9da8fc7d2e5c6d9fcb370d825f3b6fb/screenshot - {}
RESULT: {}
COMMAND: POST /session/e9da8fc7d2e5c6d9fcb370d825f3b6fb/element - {"using":"xpath","value":"//span[@id=\"application-managepartners-display-component---masterPtm--smartTable-header-inner\"]"}
RESULT: {"using":"xpath","value":"//span[@id=\"application-managepartners-display-component---masterPtm--smartTable-header-inner\"]"}
COMMAND: POST /session/e9da8fc7d2e5c6d9fcb370d825f3b6fb/elements - {"using":"xpath","value":"//span[@id=\"application-managepartners-display-component---masterPtm--smartTable-header-inner\"]"}
RESULT: {"using":"xpath","value":"//span[@id=\"application-managepartners-display-component---masterPtm--smartTable-header-inner\"]"}
COMMAND: POST /session/e9da8fc7d2e5c6d9fcb370d825f3b6fb/execute/sync - {"script":"<script> [56 bytes]","args":[{"element-6066-11e4-a52e-4f735466cecf":"f.EB7466E535C2126E60AFBA1E962AA512.d.EF0CA3C1B82424305A4FD8E5223BFD61.e.9308","ELEMENT":"f.EB7466E535C2126E60AFBA1E962AA512.d.EF0CA3C1B82424305A4FD8E5223BFD61.e.9308"}]}
RESULT: {"script":"<script> [56 bytes]","args":[{"element-6066-11e4-a52e-4f735466cecf":"f.EB7466E535C2126E60AFBA1E962AA512.d.EF0CA3C1B82424305A4FD8E5223BFD61.e.9308","ELEMENT":"f.EB7466E535C2126E60AFBA1E962AA512.d.EF0CA3C1B82424305A4FD8E5223BFD61.e.9308"}]}
COMMAND: POST /session/e9da8fc7d2e5c6d9fcb370d825f3b6fb/element - {"using":"xpath","value":"//span[contains(@title, \"Remove\")]"}
COMMAND: GET /session/e9da8fc7d2e5c6d9fcb370d825f3b6fb/screenshot - {}
RESULT: {"using":"xpath","value":"//span[contains(@title, \"Remove\")]"}
COMMAND: POST /session/e9da8fc7d2e5c6d9fcb370d825f3b6fb/element/f.EB7466E535C2126E60AFBA1E962AA512.d.EF0CA3C1B82424305A4FD8E5223BFD61.e.10008/click - {}
RESULT: {}
RESULT: {}
COMMAND: GET /session/e9da8fc7d2e5c6d9fcb370d825f3b6fb/screenshot - {}
RESULT: {}
RESULT: undefined
COMMAND: POST /session/e9da8fc7d2e5c6d9fcb370d825f3b6fb/element - {"using":"xpath","value":"//*[@id=\"application-managepartners-display-component---masterPtm--currencies-arrow\"]"}
RESULT: {"using":"xpath","value":"//*[@id=\"application-managepartners-display-component---masterPtm--currencies-arrow\"]"}
COMMAND: POST /session/e9da8fc7d2e5c6d9fcb370d825f3b6fb/element/f.EB7466E535C2126E60AFBA1E962AA512.d.EF0CA3C1B82424305A4FD8E5223BFD61.e.10056/click - {}
RESULT: {}
COMMAND: GET /session/e9da8fc7d2e5c6d9fcb370d825f3b6fb/screenshot - {}
RESULT: {}
COMMAND: POST /session/e9da8fc7d2e5c6d9fcb370d825f3b6fb/element - {"using":"xpath","value":"(//li[.//span[contains(text(), \"US Dollar\")]])[1]"}
RESULT: {"using":"xpath","value":"(//li[.//span[contains(text(), \"US Dollar\")]])[1]"}
COMMAND: POST /session/e9da8fc7d2e5c6d9fcb370d825f3b6fb/element/f.EB7466E535C2126E60AFBA1E962AA512.d.EF0CA3C1B82424305A4FD8E5223BFD61.e.10059/click - {}
RESULT: {}
COMMAND: GET /session/e9da8fc7d2e5c6d9fcb370d825f3b6fb/screenshot - {}
RESULT: {}
COMMAND: POST /session/e9da8fc7d2e5c6d9fcb370d825f3b6fb/element - {"using":"xpath","value":"//span[@id=\"application-managepartners-display-component---masterPtm--smartTable-header-inner\"]"}
RESULT: {"using":"xpath","value":"//span[@id=\"application-managepartners-display-component---masterPtm--smartTable-header-inner\"]"}
COMMAND: POST /session/e9da8fc7d2e5c6d9fcb370d825f3b6fb/elements - {"using":"xpath","value":"//span[@id=\"application-managepartners-display-component---masterPtm--smartTable-header-inner\"]"}
RESULT: {"using":"xpath","value":"//span[@id=\"application-managepartners-display-component---masterPtm--smartTable-header-inner\"]"}
COMMAND: POST /session/e9da8fc7d2e5c6d9fcb370d825f3b6fb/execute/sync - {"script":"<script> [56 bytes]","args":[{"element-6066-11e4-a52e-4f735466cecf":"f.EB7466E535C2126E60AFBA1E962AA512.d.EF0CA3C1B82424305A4FD8E5223BFD61.e.9308","ELEMENT":"f.EB7466E535C2126E60AFBA1E962AA512.d.EF0CA3C1B82424305A4FD8E5223BFD61.e.9308"}]}
RESULT: {"script":"<script> [56 bytes]","args":[{"element-6066-11e4-a52e-4f735466cecf":"f.EB7466E535C2126E60AFBA1E962AA512.d.EF0CA3C1B82424305A4FD8E5223BFD61.e.9308","ELEMENT":"f.EB7466E535C2126E60AFBA1E962AA512.d.EF0CA3C1B82424305A4FD8E5223BFD61.e.9308"}]}
COMMAND: POST /session/e9da8fc7d2e5c6d9fcb370d825f3b6fb/element - {"using":"xpath","value":"//span[contains(@title, \"Remove\")]"}
COMMAND: GET /session/e9da8fc7d2e5c6d9fcb370d825f3b6fb/screenshot - {}
RESULT: {"using":"xpath","value":"//span[contains(@title, \"Remove\")]"}
COMMAND: POST /session/e9da8fc7d2e5c6d9fcb370d825f3b6fb/element/f.EB7466E535C2126E60AFBA1E962AA512.d.EF0CA3C1B82424305A4FD8E5223BFD61.e.10069/click - {}
RESULT: {}
RESULT: {}
COMMAND: GET /session/e9da8fc7d2e5c6d9fcb370d825f3b6fb/screenshot - {}
RESULT: {}
RESULT: undefined
COMMAND: POST /session/e9da8fc7d2e5c6d9fcb370d825f3b6fb/element - {"using":"xpath","value":"//*[@id=\"application-managepartners-display-component---masterPtm--languages-arrow\"]"}
RESULT: {"using":"xpath","value":"//*[@id=\"application-managepartners-display-component---masterPtm--languages-arrow\"]"}
COMMAND: POST /session/e9da8fc7d2e5c6d9fcb370d825f3b6fb/element/f.EB7466E535C2126E60AFBA1E962AA512.d.EF0CA3C1B82424305A4FD8E5223BFD61.e.10154/click - {}
RESULT: {}
COMMAND: GET /session/e9da8fc7d2e5c6d9fcb370d825f3b6fb/screenshot - {}
RESULT: {}
COMMAND: POST /session/e9da8fc7d2e5c6d9fcb370d825f3b6fb/element - {"using":"xpath","value":"(//li[.//span[contains(text(), \"German\")]])[1]"}
RESULT: {"using":"xpath","value":"(//li[.//span[contains(text(), \"German\")]])[1]"}
COMMAND: POST /session/e9da8fc7d2e5c6d9fcb370d825f3b6fb/element/f.EB7466E535C2126E60AFBA1E962AA512.d.EF0CA3C1B82424305A4FD8E5223BFD61.e.10198/click - {}
RESULT: {}
COMMAND: GET /session/e9da8fc7d2e5c6d9fcb370d825f3b6fb/screenshot - {}
RESULT: {}
COMMAND: POST /session/e9da8fc7d2e5c6d9fcb370d825f3b6fb/element - {"using":"xpath","value":"//span[@id=\"application-managepartners-display-component---masterPtm--smartTable-header-inner\"]"}
RESULT: {"using":"xpath","value":"//span[@id=\"application-managepartners-display-component---masterPtm--smartTable-header-inner\"]"}
COMMAND: POST /session/e9da8fc7d2e5c6d9fcb370d825f3b6fb/elements - {"using":"xpath","value":"//span[@id=\"application-managepartners-display-component---masterPtm--smartTable-header-inner\"]"}
RESULT: {"using":"xpath","value":"//span[@id=\"application-managepartners-display-component---masterPtm--smartTable-header-inner\"]"}
COMMAND: POST /session/e9da8fc7d2e5c6d9fcb370d825f3b6fb/execute/sync - {"script":"<script> [56 bytes]","args":[{"element-6066-11e4-a52e-4f735466cecf":"f.EB7466E535C2126E60AFBA1E962AA512.d.EF0CA3C1B82424305A4FD8E5223BFD61.e.9308","ELEMENT":"f.EB7466E535C2126E60AFBA1E962AA512.d.EF0CA3C1B82424305A4FD8E5223BFD61.e.9308"}]}
RESULT: {"script":"<script> [56 bytes]","args":[{"element-6066-11e4-a52e-4f735466cecf":"f.EB7466E535C2126E60AFBA1E962AA512.d.EF0CA3C1B82424305A4FD8E5223BFD61.e.9308","ELEMENT":"f.EB7466E535C2126E60AFBA1E962AA512.d.EF0CA3C1B82424305A4FD8E5223BFD61.e.9308"}]}
COMMAND: POST /session/e9da8fc7d2e5c6d9fcb370d825f3b6fb/element - {"using":"xpath","value":"//span[contains(@title, \"Remove\")]"}
COMMAND: GET /session/e9da8fc7d2e5c6d9fcb370d825f3b6fb/screenshot - {}
RESULT: {"using":"xpath","value":"//span[contains(@title, \"Remove\")]"}
COMMAND: POST /session/e9da8fc7d2e5c6d9fcb370d825f3b6fb/element/f.EB7466E535C2126E60AFBA1E962AA512.d.EF0CA3C1B82424305A4FD8E5223BFD61.e.10262/click - {}
RESULT: {}
RESULT: {}
COMMAND: GET /session/e9da8fc7d2e5c6d9fcb370d825f3b6fb/screenshot - {}
RESULT: {}
COMMAND: POST /session/e9da8fc7d2e5c6d9fcb370d825f3b6fb/execute/async - {"script":"<script> [1562 bytes]","args":[{"selector":{"controlType":"sap.ui.core.Icon","viewName":"etm.portal.ui.managepartners.view.Master","viewId":"application-managepartners-display-component---masterPtm","properties":{"src":{"regex":{"source":"slim\\-arrow\\-down"}}},"ancestor":{"controlType":"sap.m.MultiComboBox","viewName":"etm.portal.ui.managepartners.view.Master","viewId":"application-managepartners-display-component---masterPtm","labelFor":{"text":"Status"}}},"wdio_ui5_key":"etmportal.ui.managepartners.view.Mastersap.ui.core.Icon{\"src\":{\"regex\":{\"source\":\"slim\\\\-arrow\\\\-down\"}}}{\"controlType\":\"sap.m.MultiComboBox\",\"viewName\":\"etm.portal.ui.managepartners.view.Master\",\"viewId\":\"application-managepartners-display-component---masterPtm\",\"labelFor\":{\"text\":\"Status\"}}"}]}
RESULT: {"script":"<script> [1562 bytes]","args":[{"selector":{"controlType":"sap.ui.core.Icon","viewName":"etm.portal.ui.managepartners.view.Master","viewId":"application-managepartners-display-component---masterPtm","properties":{"src":{"regex":{"source":"slim\\-arrow\\-down"}}},"ancestor":{"controlType":"sap.m.MultiComboBox","viewName":"etm.portal.ui.managepartners.view.Master","viewId":"application-managepartners-display-component---masterPtm","labelFor":{"text":"Status"}}},"wdio_ui5_key":"etmportal.ui.managepartners.view.Mastersap.ui.core.Icon{\"src\":{\"regex\":{\"source\":\"slim\\\\-arrow\\\\-down\"}}}{\"controlType\":\"sap.m.MultiComboBox\",\"viewName\":\"etm.portal.ui.managepartners.view.Master\",\"viewId\":\"application-managepartners-display-component---masterPtm\",\"labelFor\":{\"text\":\"Status\"}}"}]}
RESULT: undefined
COMMAND: POST /session/e9da8fc7d2e5c6d9fcb370d825f3b6fb/element - {"using":"xpath","value":"//*[@id=\"__box88-arrow\"]"}
RESULT: {"using":"xpath","value":"//*[@id=\"__box88-arrow\"]"}
COMMAND: POST /session/e9da8fc7d2e5c6d9fcb370d825f3b6fb/element/f.EB7466E535C2126E60AFBA1E962AA512.d.EF0CA3C1B82424305A4FD8E5223BFD61.e.10408/click - {}
RESULT: {}
COMMAND: GET /session/e9da8fc7d2e5c6d9fcb370d825f3b6fb/screenshot - {}
RESULT: {}
COMMAND: POST /session/e9da8fc7d2e5c6d9fcb370d825f3b6fb/element - {"using":"xpath","value":"(//li[.//span[contains(text(), \"Inactive\")]])[1]"}
RESULT: {"using":"xpath","value":"(//li[.//span[contains(text(), \"Inactive\")]])[1]"}
COMMAND: POST /session/e9da8fc7d2e5c6d9fcb370d825f3b6fb/element/f.EB7466E535C2126E60AFBA1E962AA512.d.EF0CA3C1B82424305A4FD8E5223BFD61.e.10413/click - {}
RESULT: {}
COMMAND: GET /session/e9da8fc7d2e5c6d9fcb370d825f3b6fb/screenshot - {}
RESULT: {}
COMMAND: POST /session/e9da8fc7d2e5c6d9fcb370d825f3b6fb/element - {"using":"xpath","value":"//span[@id=\"application-managepartners-display-component---masterPtm--smartTable-header-inner\"]"}
RESULT: {"using":"xpath","value":"//span[@id=\"application-managepartners-display-component---masterPtm--smartTable-header-inner\"]"}
COMMAND: POST /session/e9da8fc7d2e5c6d9fcb370d825f3b6fb/elements - {"using":"xpath","value":"//span[@id=\"application-managepartners-display-component---masterPtm--smartTable-header-inner\"]"}
RESULT: {"using":"xpath","value":"//span[@id=\"application-managepartners-display-component---masterPtm--smartTable-header-inner\"]"}
COMMAND: POST /session/e9da8fc7d2e5c6d9fcb370d825f3b6fb/execute/sync - {"script":"<script> [56 bytes]","args":[{"element-6066-11e4-a52e-4f735466cecf":"f.EB7466E535C2126E60AFBA1E962AA512.d.EF0CA3C1B82424305A4FD8E5223BFD61.e.9308","ELEMENT":"f.EB7466E535C2126E60AFBA1E962AA512.d.EF0CA3C1B82424305A4FD8E5223BFD61.e.9308"}]}
RESULT: {"script":"<script> [56 bytes]","args":[{"element-6066-11e4-a52e-4f735466cecf":"f.EB7466E535C2126E60AFBA1E962AA512.d.EF0CA3C1B82424305A4FD8E5223BFD61.e.9308","ELEMENT":"f.EB7466E535C2126E60AFBA1E962AA512.d.EF0CA3C1B82424305A4FD8E5223BFD61.e.9308"}]}
COMMAND: POST /session/e9da8fc7d2e5c6d9fcb370d825f3b6fb/element - {"using":"xpath","value":"//span[contains(@title, \"Remove\")]"}
COMMAND: GET /session/e9da8fc7d2e5c6d9fcb370d825f3b6fb/screenshot - {}
RESULT: {"using":"xpath","value":"//span[contains(@title, \"Remove\")]"}
COMMAND: POST /session/e9da8fc7d2e5c6d9fcb370d825f3b6fb/element/f.EB7466E535C2126E60AFBA1E962AA512.d.EF0CA3C1B82424305A4FD8E5223BFD61.e.10418/click - {}
RESULT: {}
RESULT: {}
COMMAND: GET /session/e9da8fc7d2e5c6d9fcb370d825f3b6fb/screenshot - {}
RESULT: {}
COMMAND: POST /session/e9da8fc7d2e5c6d9fcb370d825f3b6fb/execute/async - {"script":"<script> [1562 bytes]","args":[{"selector":{"controlType":"sap.ui.core.Icon","viewName":"etm.portal.ui.managepartners.view.Master","viewId":"application-managepartners-display-component---masterPtm","properties":{"src":{"regex":{"source":"slim\\-arrow\\-down"}}},"ancestor":{"controlType":"sap.m.MultiComboBox","viewName":"etm.portal.ui.managepartners.view.Master","viewId":"application-managepartners-display-component---masterPtm","labelFor":{"text":"Joint Venture"}}},"wdio_ui5_key":"etmportal.ui.managepartners.view.Mastersap.ui.core.Icon{\"src\":{\"regex\":{\"source\":\"slim\\\\-arrow\\\\-down\"}}}{\"controlType\":\"sap.m.MultiComboBox\",\"viewName\":\"etm.portal.ui.managepartners.view.Master\",\"viewId\":\"application-managepartners-display-component---masterPtm\",\"labelFor\":{\"text\":\"Joint Venture\"}}"}]}
RESULT: {"script":"<script> [1562 bytes]","args":[{"selector":{"controlType":"sap.ui.core.Icon","viewName":"etm.portal.ui.managepartners.view.Master","viewId":"application-managepartners-display-component---masterPtm","properties":{"src":{"regex":{"source":"slim\\-arrow\\-down"}}},"ancestor":{"controlType":"sap.m.MultiComboBox","viewName":"etm.portal.ui.managepartners.view.Master","viewId":"application-managepartners-display-component---masterPtm","labelFor":{"text":"Joint Venture"}}},"wdio_ui5_key":"etmportal.ui.managepartners.view.Mastersap.ui.core.Icon{\"src\":{\"regex\":{\"source\":\"slim\\\\-arrow\\\\-down\"}}}{\"controlType\":\"sap.m.MultiComboBox\",\"viewName\":\"etm.portal.ui.managepartners.view.Master\",\"viewId\":\"application-managepartners-display-component---masterPtm\",\"labelFor\":{\"text\":\"Joint Venture\"}}"}]}
RESULT: undefined
COMMAND: POST /session/e9da8fc7d2e5c6d9fcb370d825f3b6fb/element - {"using":"xpath","value":"//*[@id=\"__box89-arrow\"]"}
RESULT: {"using":"xpath","value":"//*[@id=\"__box89-arrow\"]"}
COMMAND: POST /session/e9da8fc7d2e5c6d9fcb370d825f3b6fb/element/f.EB7466E535C2126E60AFBA1E962AA512.d.EF0CA3C1B82424305A4FD8E5223BFD61.e.10524/click - {}
RESULT: {}
COMMAND: GET /session/e9da8fc7d2e5c6d9fcb370d825f3b6fb/screenshot - {}
RESULT: {}
COMMAND: POST /session/e9da8fc7d2e5c6d9fcb370d825f3b6fb/element - {"using":"xpath","value":"(//li[.//span[contains(text(), \"Yes\")]])[1]"}
RESULT: {"using":"xpath","value":"(//li[.//span[contains(text(), \"Yes\")]])[1]"}
COMMAND: POST /session/e9da8fc7d2e5c6d9fcb370d825f3b6fb/element/f.EB7466E535C2126E60AFBA1E962AA512.d.EF0CA3C1B82424305A4FD8E5223BFD61.e.10527/click - {}
RESULT: {}
COMMAND: GET /session/e9da8fc7d2e5c6d9fcb370d825f3b6fb/screenshot - {}
RESULT: {}
COMMAND: POST /session/e9da8fc7d2e5c6d9fcb370d825f3b6fb/element - {"using":"xpath","value":"//span[@id=\"application-managepartners-display-component---masterPtm--smartTable-header-inner\"]"}
RESULT: {"using":"xpath","value":"//span[@id=\"application-managepartners-display-component---masterPtm--smartTable-header-inner\"]"}
COMMAND: POST /session/e9da8fc7d2e5c6d9fcb370d825f3b6fb/elements - {"using":"xpath","value":"//span[@id=\"application-managepartners-display-component---masterPtm--smartTable-header-inner\"]"}
RESULT: {"using":"xpath","value":"//span[@id=\"application-managepartners-display-component---masterPtm--smartTable-header-inner\"]"}
COMMAND: POST /session/e9da8fc7d2e5c6d9fcb370d825f3b6fb/execute/sync - {"script":"<script> [56 bytes]","args":[{"element-6066-11e4-a52e-4f735466cecf":"f.EB7466E535C2126E60AFBA1E962AA512.d.EF0CA3C1B82424305A4FD8E5223BFD61.e.9308","ELEMENT":"f.EB7466E535C2126E60AFBA1E962AA512.d.EF0CA3C1B82424305A4FD8E5223BFD61.e.9308"}]}
RESULT: {"script":"<script> [56 bytes]","args":[{"element-6066-11e4-a52e-4f735466cecf":"f.EB7466E535C2126E60AFBA1E962AA512.d.EF0CA3C1B82424305A4FD8E5223BFD61.e.9308","ELEMENT":"f.EB7466E535C2126E60AFBA1E962AA512.d.EF0CA3C1B82424305A4FD8E5223BFD61.e.9308"}]}
COMMAND: POST /session/e9da8fc7d2e5c6d9fcb370d825f3b6fb/element - {"using":"xpath","value":"//span[contains(@title, \"Remove\")]"}
COMMAND: GET /session/e9da8fc7d2e5c6d9fcb370d825f3b6fb/screenshot - {}
RESULT: {"using":"xpath","value":"//span[contains(@title, \"Remove\")]"}
COMMAND: POST /session/e9da8fc7d2e5c6d9fcb370d825f3b6fb/element/f.EB7466E535C2126E60AFBA1E962AA512.d.EF0CA3C1B82424305A4FD8E5223BFD61.e.10542/click - {}
RESULT: {}
RESULT: {}
COMMAND: GET /session/e9da8fc7d2e5c6d9fcb370d825f3b6fb/screenshot - {}
RESULT: {}
RESULT: undefined
COMMAND: POST /session/e9da8fc7d2e5c6d9fcb370d825f3b6fb/element - {"using":"xpath","value":"//*[@id=\"application-managepartners-display-component---masterPtm--smartFilterBar-filterItemControl_BASIC-ALL_TAGS-vhi\"]"}
RESULT: {"using":"xpath","value":"//*[@id=\"application-managepartners-display-component---masterPtm--smartFilterBar-filterItemControl_BASIC-ALL_TAGS-vhi\"]"}
COMMAND: POST /session/e9da8fc7d2e5c6d9fcb370d825f3b6fb/element/f.EB7466E535C2126E60AFBA1E962AA512.d.EF0CA3C1B82424305A4FD8E5223BFD61.e.10647/click - {}
RESULT: {}
COMMAND: GET /session/e9da8fc7d2e5c6d9fcb370d825f3b6fb/screenshot - {}
RESULT: {}
RESULT: undefined
COMMAND: POST /session/e9da8fc7d2e5c6d9fcb370d825f3b6fb/execute/async - {"script":"<script> [776 bytes]","args":[{"enterText":"test-tag-1","selector":{"id":"application-managepartners-display-component---masterPtm--smartFilterBar-filterItemControl_BASIC-ALL_TAGS-valueHelpDialog-smartFilterBar-btnBasicSearch","searchOpenDialogs":true,"interaction":{"idSuffix":"I"}},"clearTextFirst":true,"interactionType":"ENTER_TEXT"}]}
RESULT: {"script":"<script> [776 bytes]","args":[{"enterText":"test-tag-1","selector":{"id":"application-managepartners-display-component---masterPtm--smartFilterBar-filterItemControl_BASIC-ALL_TAGS-valueHelpDialog-smartFilterBar-btnBasicSearch","searchOpenDialogs":true,"interaction":{"idSuffix":"I"}},"clearTextFirst":true,"interactionType":"ENTER_TEXT"}]}
COMMAND: POST /session/e9da8fc7d2e5c6d9fcb370d825f3b6fb/actions - {"actions":[{"id":"action32","type":"key","parameters":{},"actions":[{"type":"keyDown","value":""},{"type":"pause","duration":10},{"type":"keyUp","value":""}]}]}
RESULT: {"actions":[{"id":"action32","type":"key","parameters":{},"actions":[{"type":"keyDown","value":""},{"type":"pause","duration":10},{"type":"keyUp","value":""}]}]}
COMMAND: GET /session/e9da8fc7d2e5c6d9fcb370d825f3b6fb/screenshot - {}
RESULT: {}
COMMAND: POST /session/e9da8fc7d2e5c6d9fcb370d825f3b6fb/elements - {"using":"xpath","value":"//table[contains(@id, \"smartFilterBar-filterItemControl_BASIC-ALL_TAGS-valueHelpDialog-table-table\")]/tbody/tr"}
RESULT: {"using":"xpath","value":"//table[contains(@id, \"smartFilterBar-filterItemControl_BASIC-ALL_TAGS-valueHelpDialog-table-table\")]/tbody/tr"}
COMMAND: POST /session/e9da8fc7d2e5c6d9fcb370d825f3b6fb/element - {"using":"xpath","value":"//table[contains(@id, \"smartFilterBar-filterItemControl_BASIC-ALL_TAGS-valueHelpDialog-table-table\")]/tbody/tr[1]/td[1]/div/span"}
RESULT: {"using":"xpath","value":"//table[contains(@id, \"smartFilterBar-filterItemControl_BASIC-ALL_TAGS-valueHelpDialog-table-table\")]/tbody/tr[1]/td[1]/div/span"}
COMMAND: POST /session/e9da8fc7d2e5c6d9fcb370d825f3b6fb/elements - {"using":"xpath","value":"//table[contains(@id, \"smartFilterBar-filterItemControl_BASIC-ALL_TAGS-valueHelpDialog-table-table\")]/tbody/tr[1]/td[1]/div/span"}
RESULT: {"using":"xpath","value":"//table[contains(@id, \"smartFilterBar-filterItemControl_BASIC-ALL_TAGS-valueHelpDialog-table-table\")]/tbody/tr[1]/td[1]/div/span"}
COMMAND: POST /session/e9da8fc7d2e5c6d9fcb370d825f3b6fb/execute/sync - {"script":"<script> [56 bytes]","args":[{"element-6066-11e4-a52e-4f735466cecf":"f.EB7466E535C2126E60AFBA1E962AA512.d.EF0CA3C1B82424305A4FD8E5223BFD61.e.10667","ELEMENT":"f.EB7466E535C2126E60AFBA1E962AA512.d.EF0CA3C1B82424305A4FD8E5223BFD61.e.10667"}]}
RESULT: {"script":"<script> [56 bytes]","args":[{"element-6066-11e4-a52e-4f735466cecf":"f.EB7466E535C2126E60AFBA1E962AA512.d.EF0CA3C1B82424305A4FD8E5223BFD61.e.10667","ELEMENT":"f.EB7466E535C2126E60AFBA1E962AA512.d.EF0CA3C1B82424305A4FD8E5223BFD61.e.10667"}]}
COMMAND: POST /session/e9da8fc7d2e5c6d9fcb370d825f3b6fb/element - {"using":"xpath","value":"//div[contains(@id, \"filterItemControl_BASIC-ALL_TAGS-valueHelpDialog-table-rowsel0\")]"}
COMMAND: GET /session/e9da8fc7d2e5c6d9fcb370d825f3b6fb/screenshot - {}
RESULT: {"using":"xpath","value":"//div[contains(@id, \"filterItemControl_BASIC-ALL_TAGS-valueHelpDialog-table-rowsel0\")]"}
COMMAND: POST /session/e9da8fc7d2e5c6d9fcb370d825f3b6fb/element/f.EB7466E535C2126E60AFBA1E962AA512.d.EF0CA3C1B82424305A4FD8E5223BFD61.e.10668/click - {}
RESULT: {}
RESULT: {}
COMMAND: GET /session/e9da8fc7d2e5c6d9fcb370d825f3b6fb/screenshot - {}
RESULT: {}
COMMAND: POST /session/e9da8fc7d2e5c6d9fcb370d825f3b6fb/element - {"using":"xpath","value":"(//bdi[contains(text(), \"OK\")])[1]"}
RESULT: {"using":"xpath","value":"(//bdi[contains(text(), \"OK\")])[1]"}
COMMAND: POST /session/e9da8fc7d2e5c6d9fcb370d825f3b6fb/element/f.EB7466E535C2126E60AFBA1E962AA512.d.EF0CA3C1B82424305A4FD8E5223BFD61.e.10670/click - {}
RESULT: {}
COMMAND: GET /session/e9da8fc7d2e5c6d9fcb370d825f3b6fb/screenshot - {}
RESULT: {}
COMMAND: POST /session/e9da8fc7d2e5c6d9fcb370d825f3b6fb/element - {"using":"xpath","value":"//span[@id=\"application-managepartners-display-component---masterPtm--smartTable-header-inner\"]"}
RESULT: {"using":"xpath","value":"//span[@id=\"application-managepartners-display-component---masterPtm--smartTable-header-inner\"]"}
COMMAND: POST /session/e9da8fc7d2e5c6d9fcb370d825f3b6fb/elements - {"using":"xpath","value":"//span[@id=\"application-managepartners-display-component---masterPtm--smartTable-header-inner\"]"}
RESULT: {"using":"xpath","value":"//span[@id=\"application-managepartners-display-component---masterPtm--smartTable-header-inner\"]"}
COMMAND: POST /session/e9da8fc7d2e5c6d9fcb370d825f3b6fb/execute/sync - {"script":"<script> [56 bytes]","args":[{"element-6066-11e4-a52e-4f735466cecf":"f.EB7466E535C2126E60AFBA1E962AA512.d.EF0CA3C1B82424305A4FD8E5223BFD61.e.9308","ELEMENT":"f.EB7466E535C2126E60AFBA1E962AA512.d.EF0CA3C1B82424305A4FD8E5223BFD61.e.9308"}]}
RESULT: {"script":"<script> [56 bytes]","args":[{"element-6066-11e4-a52e-4f735466cecf":"f.EB7466E535C2126E60AFBA1E962AA512.d.EF0CA3C1B82424305A4FD8E5223BFD61.e.9308","ELEMENT":"f.EB7466E535C2126E60AFBA1E962AA512.d.EF0CA3C1B82424305A4FD8E5223BFD61.e.9308"}]}
COMMAND: POST /session/e9da8fc7d2e5c6d9fcb370d825f3b6fb/element - {"using":"xpath","value":"//span[contains(@title, \"Remove\")]"}
COMMAND: GET /session/e9da8fc7d2e5c6d9fcb370d825f3b6fb/screenshot - {}
RESULT: {"using":"xpath","value":"//span[contains(@title, \"Remove\")]"}
COMMAND: POST /session/e9da8fc7d2e5c6d9fcb370d825f3b6fb/element/f.EB7466E535C2126E60AFBA1E962AA512.d.EF0CA3C1B82424305A4FD8E5223BFD61.e.10692/click - {}
RESULT: {}
RESULT: {}
COMMAND: GET /session/e9da8fc7d2e5c6d9fcb370d825f3b6fb/screenshot - {}
RESULT: {}
COMMAND: POST /session/e9da8fc7d2e5c6d9fcb370d825f3b6fb/execute/async - {"script":"<script> [1562 bytes]","args":[{"selector":{"id":"application-managepartners-display-component---masterPtm--smartFilterBar-btnShowHide","interaction":{"idSuffix":"BDI-content"}},"wdio_ui5_key":"applicationmanagepartners-display-component---masterPtm--smartFilterBar-btnShowHide"}]}
RESULT: {"script":"<script> [1562 bytes]","args":[{"selector":{"id":"application-managepartners-display-component---masterPtm--smartFilterBar-btnShowHide","interaction":{"idSuffix":"BDI-content"}},"wdio_ui5_key":"applicationmanagepartners-display-component---masterPtm--smartFilterBar-btnShowHide"}]}
RESULT: undefined
COMMAND: POST /session/e9da8fc7d2e5c6d9fcb370d825f3b6fb/element - {"using":"xpath","value":"//*[@id=\"application-managepartners-display-component---masterPtm--smartFilterBar-btnShowHide\"]"}
RESULT: {"using":"xpath","value":"//*[@id=\"application-managepartners-display-component---masterPtm--smartFilterBar-btnShowHide\"]"}
COMMAND: POST /session/e9da8fc7d2e5c6d9fcb370d825f3b6fb/element/f.EB7466E535C2126E60AFBA1E962AA512.d.EF0CA3C1B82424305A4FD8E5223BFD61.e.9147/click - {}
RESULT: {}
COMMAND: GET /session/e9da8fc7d2e5c6d9fcb370d825f3b6fb/screenshot - {}
RESULT: {}
COMMAND: POST /session/e9da8fc7d2e5c6d9fcb370d825f3b6fb/element - {"using":"xpath","value":"//span[contains(@id,\"smartFilterBar-filterItemControl_BASIC-ALL_TAGS-vhi\")]"}
RESULT: {"using":"xpath","value":"//span[contains(@id,\"smartFilterBar-filterItemControl_BASIC-ALL_TAGS-vhi\")]"}
COMMAND: POST /session/e9da8fc7d2e5c6d9fcb370d825f3b6fb/elements - {"using":"xpath","value":"//span[contains(@id,\"smartFilterBar-filterItemControl_BASIC-ALL_TAGS-vhi\")]"}
RESULT: {"using":"xpath","value":"//span[contains(@id,\"smartFilterBar-filterItemControl_BASIC-ALL_TAGS-vhi\")]"}
RESULT: undefined
COMMAND: POST /session/e9da8fc7d2e5c6d9fcb370d825f3b6fb/element - {"using":"xpath","value":"//*[@id=\"application-managepartners-display-component---masterPtm--smartFilterBar-btnShowHide\"]"}
RESULT: {"using":"xpath","value":"//*[@id=\"application-managepartners-display-component---masterPtm--smartFilterBar-btnShowHide\"]"}
COMMAND: POST /session/e9da8fc7d2e5c6d9fcb370d825f3b6fb/element/f.EB7466E535C2126E60AFBA1E962AA512.d.EF0CA3C1B82424305A4FD8E5223BFD61.e.9147/click - {}
RESULT: {}
COMMAND: GET /session/e9da8fc7d2e5c6d9fcb370d825f3b6fb/screenshot - {}
RESULT: {}
COMMAND: POST /session/e9da8fc7d2e5c6d9fcb370d825f3b6fb/element - {"using":"xpath","value":"//span[contains(@id,\"smartFilterBar-filterItemControl_BASIC-ALL_TAGS-vhi\")]"}
RESULT: {"using":"xpath","value":"//span[contains(@id,\"smartFilterBar-filterItemControl_BASIC-ALL_TAGS-vhi\")]"}
COMMAND: POST /session/e9da8fc7d2e5c6d9fcb370d825f3b6fb/elements - {"using":"xpath","value":"//span[contains(@id,\"smartFilterBar-filterItemControl_BASIC-ALL_TAGS-vhi\")]"}
RESULT: {"using":"xpath","value":"//span[contains(@id,\"smartFilterBar-filterItemControl_BASIC-ALL_TAGS-vhi\")]"}
RESULT: undefined
COMMAND: POST /session/e9da8fc7d2e5c6d9fcb370d825f3b6fb/element - {"using":"xpath","value":"//*[@id=\"application-managepartners-display-component---masterPtm--smartFilterBar-btnFilters\"]"}
RESULT: {"using":"xpath","value":"//*[@id=\"application-managepartners-display-component---masterPtm--smartFilterBar-btnFilters\"]"}
COMMAND: POST /session/e9da8fc7d2e5c6d9fcb370d825f3b6fb/element/f.EB7466E535C2126E60AFBA1E962AA512.d.EF0CA3C1B82424305A4FD8E5223BFD61.e.9149/click - {}
RESULT: {}
COMMAND: GET /session/e9da8fc7d2e5c6d9fcb370d825f3b6fb/screenshot - {}
RESULT: {}
COMMAND: POST /session/e9da8fc7d2e5c6d9fcb370d825f3b6fb/elements - {"using":"xpath","value":"//table[contains(@id, \"listView-innerSelectionPanelTable-listUl\")]/tbody/tr"}
RESULT: {"using":"xpath","value":"//table[contains(@id, \"listView-innerSelectionPanelTable-listUl\")]/tbody/tr"}
COMMAND: POST /session/e9da8fc7d2e5c6d9fcb370d825f3b6fb/element - {"using":"xpath","value":"//table[contains(@id, \"listView-innerSelectionPanelTable-listUl\")]/tbody/tr[2]/td[2]/div/div"}
RESULT: {"using":"xpath","value":"//table[contains(@id, \"listView-innerSelectionPanelTable-listUl\")]/tbody/tr[2]/td[2]/div/div"}
COMMAND: POST /session/e9da8fc7d2e5c6d9fcb370d825f3b6fb/element - {"using":"xpath","value":"//table[contains(@id, \"listView-innerSelectionPanelTable-listUl\")]/tbody/tr[2]/td[2]/div"}
RESULT: {"using":"xpath","value":"//table[contains(@id, \"listView-innerSelectionPanelTable-listUl\")]/tbody/tr[2]/td[2]/div"}
COMMAND: POST /session/e9da8fc7d2e5c6d9fcb370d825f3b6fb/element - {"using":"xpath","value":"//table[contains(@id, \"listView-innerSelectionPanelTable-listUl\")]/tbody/tr[2]/td[3]/div/div/span/span[1]/bdi"}
RESULT: {"using":"xpath","value":"//table[contains(@id, \"listView-innerSelectionPanelTable-listUl\")]/tbody/tr[2]/td[3]/div/div/span/span[1]/bdi"}
COMMAND: POST /session/e9da8fc7d2e5c6d9fcb370d825f3b6fb/execute/sync - {"script":"<script> [56 bytes]","args":[{"element-6066-11e4-a52e-4f735466cecf":"f.EB7466E535C2126E60AFBA1E962AA512.d.EF0CA3C1B82424305A4FD8E5223BFD61.e.11003","ELEMENT":"f.EB7466E535C2126E60AFBA1E962AA512.d.EF0CA3C1B82424305A4FD8E5223BFD61.e.11003"}]}
RESULT: {"script":"<script> [56 bytes]","args":[{"element-6066-11e4-a52e-4f735466cecf":"f.EB7466E535C2126E60AFBA1E962AA512.d.EF0CA3C1B82424305A4FD8E5223BFD61.e.11003","ELEMENT":"f.EB7466E535C2126E60AFBA1E962AA512.d.EF0CA3C1B82424305A4FD8E5223BFD61.e.11003"}]}
COMMAND: GET /session/e9da8fc7d2e5c6d9fcb370d825f3b6fb/element/f.EB7466E535C2126E60AFBA1E962AA512.d.EF0CA3C1B82424305A4FD8E5223BFD61.e.11002/attribute/aria-checked - {}
COMMAND: GET /session/e9da8fc7d2e5c6d9fcb370d825f3b6fb/screenshot - {}
RESULT: {}
COMMAND: POST /session/e9da8fc7d2e5c6d9fcb370d825f3b6fb/element - {"using":"xpath","value":"//table[contains(@id, \"listView-innerSelectionPanelTable-listUl\")]/tbody/tr[3]/td[2]/div/div"}
RESULT: {}
RESULT: {"using":"xpath","value":"//table[contains(@id, \"listView-innerSelectionPanelTable-listUl\")]/tbody/tr[3]/td[2]/div/div"}
COMMAND: POST /session/e9da8fc7d2e5c6d9fcb370d825f3b6fb/element - {"using":"xpath","value":"//table[contains(@id, \"listView-innerSelectionPanelTable-listUl\")]/tbody/tr[3]/td[2]/div"}
RESULT: {"using":"xpath","value":"//table[contains(@id, \"listView-innerSelectionPanelTable-listUl\")]/tbody/tr[3]/td[2]/div"}
COMMAND: POST /session/e9da8fc7d2e5c6d9fcb370d825f3b6fb/element - {"using":"xpath","value":"//table[contains(@id, \"listView-innerSelectionPanelTable-listUl\")]/tbody/tr[3]/td[3]/div/div/span/span[1]/bdi"}
RESULT: {"using":"xpath","value":"//table[contains(@id, \"listView-innerSelectionPanelTable-listUl\")]/tbody/tr[3]/td[3]/div/div/span/span[1]/bdi"}
COMMAND: POST /session/e9da8fc7d2e5c6d9fcb370d825f3b6fb/execute/sync - {"script":"<script> [56 bytes]","args":[{"element-6066-11e4-a52e-4f735466cecf":"f.EB7466E535C2126E60AFBA1E962AA512.d.EF0CA3C1B82424305A4FD8E5223BFD61.e.11006","ELEMENT":"f.EB7466E535C2126E60AFBA1E962AA512.d.EF0CA3C1B82424305A4FD8E5223BFD61.e.11006"}]}
RESULT: {"script":"<script> [56 bytes]","args":[{"element-6066-11e4-a52e-4f735466cecf":"f.EB7466E535C2126E60AFBA1E962AA512.d.EF0CA3C1B82424305A4FD8E5223BFD61.e.11006","ELEMENT":"f.EB7466E535C2126E60AFBA1E962AA512.d.EF0CA3C1B82424305A4FD8E5223BFD61.e.11006"}]}
COMMAND: GET /session/e9da8fc7d2e5c6d9fcb370d825f3b6fb/element/f.EB7466E535C2126E60AFBA1E962AA512.d.EF0CA3C1B82424305A4FD8E5223BFD61.e.11005/attribute/aria-checked - {}
COMMAND: GET /session/e9da8fc7d2e5c6d9fcb370d825f3b6fb/screenshot - {}
RESULT: {}
COMMAND: POST /session/e9da8fc7d2e5c6d9fcb370d825f3b6fb/element - {"using":"xpath","value":"//table[contains(@id, \"listView-innerSelectionPanelTable-listUl\")]/tbody/tr[4]/td[2]/div/div"}
RESULT: {}
RESULT: {"using":"xpath","value":"//table[contains(@id, \"listView-innerSelectionPanelTable-listUl\")]/tbody/tr[4]/td[2]/div/div"}
COMMAND: POST /session/e9da8fc7d2e5c6d9fcb370d825f3b6fb/element - {"using":"xpath","value":"//table[contains(@id, \"listView-innerSelectionPanelTable-listUl\")]/tbody/tr[4]/td[2]/div"}
RESULT: {"using":"xpath","value":"//table[contains(@id, \"listView-innerSelectionPanelTable-listUl\")]/tbody/tr[4]/td[2]/div"}
COMMAND: POST /session/e9da8fc7d2e5c6d9fcb370d825f3b6fb/element - {"using":"xpath","value":"//table[contains(@id, \"listView-innerSelectionPanelTable-listUl\")]/tbody/tr[4]/td[3]/div/div/span/span[1]/bdi"}
RESULT: {"using":"xpath","value":"//table[contains(@id, \"listView-innerSelectionPanelTable-listUl\")]/tbody/tr[4]/td[3]/div/div/span/span[1]/bdi"}
COMMAND: POST /session/e9da8fc7d2e5c6d9fcb370d825f3b6fb/execute/sync - {"script":"<script> [56 bytes]","args":[{"element-6066-11e4-a52e-4f735466cecf":"f.EB7466E535C2126E60AFBA1E962AA512.d.EF0CA3C1B82424305A4FD8E5223BFD61.e.11009","ELEMENT":"f.EB7466E535C2126E60AFBA1E962AA512.d.EF0CA3C1B82424305A4FD8E5223BFD61.e.11009"}]}
RESULT: {"script":"<script> [56 bytes]","args":[{"element-6066-11e4-a52e-4f735466cecf":"f.EB7466E535C2126E60AFBA1E962AA512.d.EF0CA3C1B82424305A4FD8E5223BFD61.e.11009","ELEMENT":"f.EB7466E535C2126E60AFBA1E962AA512.d.EF0CA3C1B82424305A4FD8E5223BFD61.e.11009"}]}
COMMAND: GET /session/e9da8fc7d2e5c6d9fcb370d825f3b6fb/element/f.EB7466E535C2126E60AFBA1E962AA512.d.EF0CA3C1B82424305A4FD8E5223BFD61.e.11008/attribute/aria-checked - {}
COMMAND: GET /session/e9da8fc7d2e5c6d9fcb370d825f3b6fb/screenshot - {}
RESULT: {}
COMMAND: POST /session/e9da8fc7d2e5c6d9fcb370d825f3b6fb/element - {"using":"xpath","value":"//table[contains(@id, \"listView-innerSelectionPanelTable-listUl\")]/tbody/tr[5]/td[2]/div/div"}
RESULT: {}
RESULT: {"using":"xpath","value":"//table[contains(@id, \"listView-innerSelectionPanelTable-listUl\")]/tbody/tr[5]/td[2]/div/div"}
COMMAND: POST /session/e9da8fc7d2e5c6d9fcb370d825f3b6fb/element - {"using":"xpath","value":"//table[contains(@id, \"listView-innerSelectionPanelTable-listUl\")]/tbody/tr[5]/td[2]/div"}
RESULT: {"using":"xpath","value":"//table[contains(@id, \"listView-innerSelectionPanelTable-listUl\")]/tbody/tr[5]/td[2]/div"}
COMMAND: POST /session/e9da8fc7d2e5c6d9fcb370d825f3b6fb/element - {"using":"xpath","value":"//table[contains(@id, \"listView-innerSelectionPanelTable-listUl\")]/tbody/tr[5]/td[3]/div/div/span/span[1]/bdi"}
RESULT: {"using":"xpath","value":"//table[contains(@id, \"listView-innerSelectionPanelTable-listUl\")]/tbody/tr[5]/td[3]/div/div/span/span[1]/bdi"}
COMMAND: POST /session/e9da8fc7d2e5c6d9fcb370d825f3b6fb/execute/sync - {"script":"<script> [56 bytes]","args":[{"element-6066-11e4-a52e-4f735466cecf":"f.EB7466E535C2126E60AFBA1E962AA512.d.EF0CA3C1B82424305A4FD8E5223BFD61.e.11012","ELEMENT":"f.EB7466E535C2126E60AFBA1E962AA512.d.EF0CA3C1B82424305A4FD8E5223BFD61.e.11012"}]}
RESULT: {"script":"<script> [56 bytes]","args":[{"element-6066-11e4-a52e-4f735466cecf":"f.EB7466E535C2126E60AFBA1E962AA512.d.EF0CA3C1B82424305A4FD8E5223BFD61.e.11012","ELEMENT":"f.EB7466E535C2126E60AFBA1E962AA512.d.EF0CA3C1B82424305A4FD8E5223BFD61.e.11012"}]}
COMMAND: GET /session/e9da8fc7d2e5c6d9fcb370d825f3b6fb/element/f.EB7466E535C2126E60AFBA1E962AA512.d.EF0CA3C1B82424305A4FD8E5223BFD61.e.11011/attribute/aria-checked - {}
COMMAND: GET /session/e9da8fc7d2e5c6d9fcb370d825f3b6fb/screenshot - {}
RESULT: {}
COMMAND: POST /session/e9da8fc7d2e5c6d9fcb370d825f3b6fb/element - {"using":"xpath","value":"//table[contains(@id, \"listView-innerSelectionPanelTable-listUl\")]/tbody/tr[6]/td[2]/div/div"}
RESULT: {}
RESULT: {"using":"xpath","value":"//table[contains(@id, \"listView-innerSelectionPanelTable-listUl\")]/tbody/tr[6]/td[2]/div/div"}
COMMAND: POST /session/e9da8fc7d2e5c6d9fcb370d825f3b6fb/element - {"using":"xpath","value":"//table[contains(@id, \"listView-innerSelectionPanelTable-listUl\")]/tbody/tr[6]/td[2]/div"}
RESULT: {"using":"xpath","value":"//table[contains(@id, \"listView-innerSelectionPanelTable-listUl\")]/tbody/tr[6]/td[2]/div"}
COMMAND: POST /session/e9da8fc7d2e5c6d9fcb370d825f3b6fb/element - {"using":"xpath","value":"//table[contains(@id, \"listView-innerSelectionPanelTable-listUl\")]/tbody/tr[6]/td[3]/div/div/span/span[1]/bdi"}
RESULT: {"using":"xpath","value":"//table[contains(@id, \"listView-innerSelectionPanelTable-listUl\")]/tbody/tr[6]/td[3]/div/div/span/span[1]/bdi"}
COMMAND: POST /session/e9da8fc7d2e5c6d9fcb370d825f3b6fb/execute/sync - {"script":"<script> [56 bytes]","args":[{"element-6066-11e4-a52e-4f735466cecf":"f.EB7466E535C2126E60AFBA1E962AA512.d.EF0CA3C1B82424305A4FD8E5223BFD61.e.11015","ELEMENT":"f.EB7466E535C2126E60AFBA1E962AA512.d.EF0CA3C1B82424305A4FD8E5223BFD61.e.11015"}]}
RESULT: {"script":"<script> [56 bytes]","args":[{"element-6066-11e4-a52e-4f735466cecf":"f.EB7466E535C2126E60AFBA1E962AA512.d.EF0CA3C1B82424305A4FD8E5223BFD61.e.11015","ELEMENT":"f.EB7466E535C2126E60AFBA1E962AA512.d.EF0CA3C1B82424305A4FD8E5223BFD61.e.11015"}]}
COMMAND: GET /session/e9da8fc7d2e5c6d9fcb370d825f3b6fb/element/f.EB7466E535C2126E60AFBA1E962AA512.d.EF0CA3C1B82424305A4FD8E5223BFD61.e.11014/attribute/aria-checked - {}
COMMAND: GET /session/e9da8fc7d2e5c6d9fcb370d825f3b6fb/screenshot - {}
RESULT: {}
COMMAND: POST /session/e9da8fc7d2e5c6d9fcb370d825f3b6fb/element - {"using":"xpath","value":"//table[contains(@id, \"listView-innerSelectionPanelTable-listUl\")]/tbody/tr[7]/td[2]/div/div"}
RESULT: {}
RESULT: {"using":"xpath","value":"//table[contains(@id, \"listView-innerSelectionPanelTable-listUl\")]/tbody/tr[7]/td[2]/div/div"}
COMMAND: POST /session/e9da8fc7d2e5c6d9fcb370d825f3b6fb/element - {"using":"xpath","value":"//table[contains(@id, \"listView-innerSelectionPanelTable-listUl\")]/tbody/tr[7]/td[2]/div"}
RESULT: {"using":"xpath","value":"//table[contains(@id, \"listView-innerSelectionPanelTable-listUl\")]/tbody/tr[7]/td[2]/div"}
COMMAND: POST /session/e9da8fc7d2e5c6d9fcb370d825f3b6fb/element - {"using":"xpath","value":"//table[contains(@id, \"listView-innerSelectionPanelTable-listUl\")]/tbody/tr[7]/td[3]/div/div/span/span[1]/bdi"}
RESULT: {"using":"xpath","value":"//table[contains(@id, \"listView-innerSelectionPanelTable-listUl\")]/tbody/tr[7]/td[3]/div/div/span/span[1]/bdi"}
COMMAND: POST /session/e9da8fc7d2e5c6d9fcb370d825f3b6fb/execute/sync - {"script":"<script> [56 bytes]","args":[{"element-6066-11e4-a52e-4f735466cecf":"f.EB7466E535C2126E60AFBA1E962AA512.d.EF0CA3C1B82424305A4FD8E5223BFD61.e.11018","ELEMENT":"f.EB7466E535C2126E60AFBA1E962AA512.d.EF0CA3C1B82424305A4FD8E5223BFD61.e.11018"}]}
RESULT: {"script":"<script> [56 bytes]","args":[{"element-6066-11e4-a52e-4f735466cecf":"f.EB7466E535C2126E60AFBA1E962AA512.d.EF0CA3C1B82424305A4FD8E5223BFD61.e.11018","ELEMENT":"f.EB7466E535C2126E60AFBA1E962AA512.d.EF0CA3C1B82424305A4FD8E5223BFD61.e.11018"}]}
COMMAND: GET /session/e9da8fc7d2e5c6d9fcb370d825f3b6fb/element/f.EB7466E535C2126E60AFBA1E962AA512.d.EF0CA3C1B82424305A4FD8E5223BFD61.e.11017/attribute/aria-checked - {}
COMMAND: GET /session/e9da8fc7d2e5c6d9fcb370d825f3b6fb/screenshot - {}
RESULT: {}
COMMAND: POST /session/e9da8fc7d2e5c6d9fcb370d825f3b6fb/element - {"using":"xpath","value":"//table[contains(@id, \"listView-innerSelectionPanelTable-listUl\")]/tbody/tr[8]/td[2]/div/div"}
RESULT: {}
RESULT: {"using":"xpath","value":"//table[contains(@id, \"listView-innerSelectionPanelTable-listUl\")]/tbody/tr[8]/td[2]/div/div"}
COMMAND: POST /session/e9da8fc7d2e5c6d9fcb370d825f3b6fb/element - {"using":"xpath","value":"//table[contains(@id, \"listView-innerSelectionPanelTable-listUl\")]/tbody/tr[8]/td[2]/div"}
RESULT: {"using":"xpath","value":"//table[contains(@id, \"listView-innerSelectionPanelTable-listUl\")]/tbody/tr[8]/td[2]/div"}
COMMAND: POST /session/e9da8fc7d2e5c6d9fcb370d825f3b6fb/element - {"using":"xpath","value":"//table[contains(@id, \"listView-innerSelectionPanelTable-listUl\")]/tbody/tr[8]/td[3]/div/div/span/span[1]/bdi"}
RESULT: {"using":"xpath","value":"//table[contains(@id, \"listView-innerSelectionPanelTable-listUl\")]/tbody/tr[8]/td[3]/div/div/span/span[1]/bdi"}
COMMAND: POST /session/e9da8fc7d2e5c6d9fcb370d825f3b6fb/execute/sync - {"script":"<script> [56 bytes]","args":[{"element-6066-11e4-a52e-4f735466cecf":"f.EB7466E535C2126E60AFBA1E962AA512.d.EF0CA3C1B82424305A4FD8E5223BFD61.e.11021","ELEMENT":"f.EB7466E535C2126E60AFBA1E962AA512.d.EF0CA3C1B82424305A4FD8E5223BFD61.e.11021"}]}
RESULT: {"script":"<script> [56 bytes]","args":[{"element-6066-11e4-a52e-4f735466cecf":"f.EB7466E535C2126E60AFBA1E962AA512.d.EF0CA3C1B82424305A4FD8E5223BFD61.e.11021","ELEMENT":"f.EB7466E535C2126E60AFBA1E962AA512.d.EF0CA3C1B82424305A4FD8E5223BFD61.e.11021"}]}
COMMAND: GET /session/e9da8fc7d2e5c6d9fcb370d825f3b6fb/element/f.EB7466E535C2126E60AFBA1E962AA512.d.EF0CA3C1B82424305A4FD8E5223BFD61.e.11020/attribute/aria-checked - {}
COMMAND: GET /session/e9da8fc7d2e5c6d9fcb370d825f3b6fb/screenshot - {}
RESULT: {}
COMMAND: POST /session/e9da8fc7d2e5c6d9fcb370d825f3b6fb/element - {"using":"xpath","value":"//table[contains(@id, \"listView-innerSelectionPanelTable-listUl\")]/tbody/tr[9]/td[2]/div/div"}
RESULT: {}
RESULT: {"using":"xpath","value":"//table[contains(@id, \"listView-innerSelectionPanelTable-listUl\")]/tbody/tr[9]/td[2]/div/div"}
COMMAND: POST /session/e9da8fc7d2e5c6d9fcb370d825f3b6fb/element - {"using":"xpath","value":"//table[contains(@id, \"listView-innerSelectionPanelTable-listUl\")]/tbody/tr[9]/td[2]/div"}
RESULT: {"using":"xpath","value":"//table[contains(@id, \"listView-innerSelectionPanelTable-listUl\")]/tbody/tr[9]/td[2]/div"}
COMMAND: POST /session/e9da8fc7d2e5c6d9fcb370d825f3b6fb/element - {"using":"xpath","value":"//table[contains(@id, \"listView-innerSelectionPanelTable-listUl\")]/tbody/tr[9]/td[3]/div/div/span/span[1]/bdi"}
RESULT: {"using":"xpath","value":"//table[contains(@id, \"listView-innerSelectionPanelTable-listUl\")]/tbody/tr[9]/td[3]/div/div/span/span[1]/bdi"}
COMMAND: POST /session/e9da8fc7d2e5c6d9fcb370d825f3b6fb/execute/sync - {"script":"<script> [56 bytes]","args":[{"element-6066-11e4-a52e-4f735466cecf":"f.EB7466E535C2126E60AFBA1E962AA512.d.EF0CA3C1B82424305A4FD8E5223BFD61.e.11024","ELEMENT":"f.EB7466E535C2126E60AFBA1E962AA512.d.EF0CA3C1B82424305A4FD8E5223BFD61.e.11024"}]}
RESULT: {"script":"<script> [56 bytes]","args":[{"element-6066-11e4-a52e-4f735466cecf":"f.EB7466E535C2126E60AFBA1E962AA512.d.EF0CA3C1B82424305A4FD8E5223BFD61.e.11024","ELEMENT":"f.EB7466E535C2126E60AFBA1E962AA512.d.EF0CA3C1B82424305A4FD8E5223BFD61.e.11024"}]}
COMMAND: GET /session/e9da8fc7d2e5c6d9fcb370d825f3b6fb/element/f.EB7466E535C2126E60AFBA1E962AA512.d.EF0CA3C1B82424305A4FD8E5223BFD61.e.11023/attribute/aria-checked - {}
COMMAND: GET /session/e9da8fc7d2e5c6d9fcb370d825f3b6fb/screenshot - {}
RESULT: {}
COMMAND: POST /session/e9da8fc7d2e5c6d9fcb370d825f3b6fb/element - {"using":"xpath","value":"//table[contains(@id, \"listView-innerSelectionPanelTable-listUl\")]/tbody/tr[10]/td[2]/div/div"}
RESULT: {}
RESULT: {"using":"xpath","value":"//table[contains(@id, \"listView-innerSelectionPanelTable-listUl\")]/tbody/tr[10]/td[2]/div/div"}
COMMAND: POST /session/e9da8fc7d2e5c6d9fcb370d825f3b6fb/element - {"using":"xpath","value":"//table[contains(@id, \"listView-innerSelectionPanelTable-listUl\")]/tbody/tr[10]/td[2]/div"}
RESULT: {"using":"xpath","value":"//table[contains(@id, \"listView-innerSelectionPanelTable-listUl\")]/tbody/tr[10]/td[2]/div"}
COMMAND: POST /session/e9da8fc7d2e5c6d9fcb370d825f3b6fb/element - {"using":"xpath","value":"//table[contains(@id, \"listView-innerSelectionPanelTable-listUl\")]/tbody/tr[10]/td[3]/div/div/span/span[1]/bdi"}
RESULT: {"using":"xpath","value":"//table[contains(@id, \"listView-innerSelectionPanelTable-listUl\")]/tbody/tr[10]/td[3]/div/div/span/span[1]/bdi"}
COMMAND: POST /session/e9da8fc7d2e5c6d9fcb370d825f3b6fb/execute/sync - {"script":"<script> [56 bytes]","args":[{"element-6066-11e4-a52e-4f735466cecf":"f.EB7466E535C2126E60AFBA1E962AA512.d.EF0CA3C1B82424305A4FD8E5223BFD61.e.11027","ELEMENT":"f.EB7466E535C2126E60AFBA1E962AA512.d.EF0CA3C1B82424305A4FD8E5223BFD61.e.11027"}]}
RESULT: {"script":"<script> [56 bytes]","args":[{"element-6066-11e4-a52e-4f735466cecf":"f.EB7466E535C2126E60AFBA1E962AA512.d.EF0CA3C1B82424305A4FD8E5223BFD61.e.11027","ELEMENT":"f.EB7466E535C2126E60AFBA1E962AA512.d.EF0CA3C1B82424305A4FD8E5223BFD61.e.11027"}]}
COMMAND: GET /session/e9da8fc7d2e5c6d9fcb370d825f3b6fb/element/f.EB7466E535C2126E60AFBA1E962AA512.d.EF0CA3C1B82424305A4FD8E5223BFD61.e.11026/attribute/aria-checked - {}
COMMAND: GET /session/e9da8fc7d2e5c6d9fcb370d825f3b6fb/screenshot - {}
RESULT: {}
COMMAND: POST /session/e9da8fc7d2e5c6d9fcb370d825f3b6fb/element - {"using":"xpath","value":"//table[contains(@id, \"listView-innerSelectionPanelTable-listUl\")]/tbody/tr[11]/td[2]/div/div"}
RESULT: {}
RESULT: {"using":"xpath","value":"//table[contains(@id, \"listView-innerSelectionPanelTable-listUl\")]/tbody/tr[11]/td[2]/div/div"}
COMMAND: POST /session/e9da8fc7d2e5c6d9fcb370d825f3b6fb/element - {"using":"xpath","value":"//table[contains(@id, \"listView-innerSelectionPanelTable-listUl\")]/tbody/tr[11]/td[2]/div"}
RESULT: {"using":"xpath","value":"//table[contains(@id, \"listView-innerSelectionPanelTable-listUl\")]/tbody/tr[11]/td[2]/div"}
COMMAND: POST /session/e9da8fc7d2e5c6d9fcb370d825f3b6fb/element - {"using":"xpath","value":"//table[contains(@id, \"listView-innerSelectionPanelTable-listUl\")]/tbody/tr[11]/td[3]/div/div/span/span[1]/bdi"}
RESULT: {"using":"xpath","value":"//table[contains(@id, \"listView-innerSelectionPanelTable-listUl\")]/tbody/tr[11]/td[3]/div/div/span/span[1]/bdi"}
COMMAND: POST /session/e9da8fc7d2e5c6d9fcb370d825f3b6fb/execute/sync - {"script":"<script> [56 bytes]","args":[{"element-6066-11e4-a52e-4f735466cecf":"f.EB7466E535C2126E60AFBA1E962AA512.d.EF0CA3C1B82424305A4FD8E5223BFD61.e.11030","ELEMENT":"f.EB7466E535C2126E60AFBA1E962AA512.d.EF0CA3C1B82424305A4FD8E5223BFD61.e.11030"}]}
RESULT: {"script":"<script> [56 bytes]","args":[{"element-6066-11e4-a52e-4f735466cecf":"f.EB7466E535C2126E60AFBA1E962AA512.d.EF0CA3C1B82424305A4FD8E5223BFD61.e.11030","ELEMENT":"f.EB7466E535C2126E60AFBA1E962AA512.d.EF0CA3C1B82424305A4FD8E5223BFD61.e.11030"}]}
COMMAND: GET /session/e9da8fc7d2e5c6d9fcb370d825f3b6fb/element/f.EB7466E535C2126E60AFBA1E962AA512.d.EF0CA3C1B82424305A4FD8E5223BFD61.e.11029/attribute/aria-checked - {}
COMMAND: GET /session/e9da8fc7d2e5c6d9fcb370d825f3b6fb/screenshot - {}
RESULT: {}
COMMAND: POST /session/e9da8fc7d2e5c6d9fcb370d825f3b6fb/element - {"using":"xpath","value":"//table[contains(@id, \"listView-innerSelectionPanelTable-listUl\")]/tbody/tr[12]/td[2]/div/div"}
RESULT: {}
RESULT: {"using":"xpath","value":"//table[contains(@id, \"listView-innerSelectionPanelTable-listUl\")]/tbody/tr[12]/td[2]/div/div"}
COMMAND: POST /session/e9da8fc7d2e5c6d9fcb370d825f3b6fb/element - {"using":"xpath","value":"//table[contains(@id, \"listView-innerSelectionPanelTable-listUl\")]/tbody/tr[12]/td[2]/div"}
RESULT: {"using":"xpath","value":"//table[contains(@id, \"listView-innerSelectionPanelTable-listUl\")]/tbody/tr[12]/td[2]/div"}
COMMAND: POST /session/e9da8fc7d2e5c6d9fcb370d825f3b6fb/element - {"using":"xpath","value":"//table[contains(@id, \"listView-innerSelectionPanelTable-listUl\")]/tbody/tr[12]/td[3]/div/div/span/span[1]/bdi"}
RESULT: {"using":"xpath","value":"//table[contains(@id, \"listView-innerSelectionPanelTable-listUl\")]/tbody/tr[12]/td[3]/div/div/span/span[1]/bdi"}
COMMAND: POST /session/e9da8fc7d2e5c6d9fcb370d825f3b6fb/execute/sync - {"script":"<script> [56 bytes]","args":[{"element-6066-11e4-a52e-4f735466cecf":"f.EB7466E535C2126E60AFBA1E962AA512.d.EF0CA3C1B82424305A4FD8E5223BFD61.e.11033","ELEMENT":"f.EB7466E535C2126E60AFBA1E962AA512.d.EF0CA3C1B82424305A4FD8E5223BFD61.e.11033"}]}
RESULT: {"script":"<script> [56 bytes]","args":[{"element-6066-11e4-a52e-4f735466cecf":"f.EB7466E535C2126E60AFBA1E962AA512.d.EF0CA3C1B82424305A4FD8E5223BFD61.e.11033","ELEMENT":"f.EB7466E535C2126E60AFBA1E962AA512.d.EF0CA3C1B82424305A4FD8E5223BFD61.e.11033"}]}
COMMAND: GET /session/e9da8fc7d2e5c6d9fcb370d825f3b6fb/element/f.EB7466E535C2126E60AFBA1E962AA512.d.EF0CA3C1B82424305A4FD8E5223BFD61.e.11032/attribute/aria-checked - {}
COMMAND: GET /session/e9da8fc7d2e5c6d9fcb370d825f3b6fb/screenshot - {}
RESULT: {}
COMMAND: POST /session/e9da8fc7d2e5c6d9fcb370d825f3b6fb/element - {"using":"xpath","value":"//table[contains(@id, \"listView-innerSelectionPanelTable-listUl\")]/tbody/tr[13]/td[2]/div/div"}
RESULT: {}
RESULT: {"using":"xpath","value":"//table[contains(@id, \"listView-innerSelectionPanelTable-listUl\")]/tbody/tr[13]/td[2]/div/div"}
COMMAND: POST /session/e9da8fc7d2e5c6d9fcb370d825f3b6fb/element - {"using":"xpath","value":"//table[contains(@id, \"listView-innerSelectionPanelTable-listUl\")]/tbody/tr[13]/td[2]/div"}
RESULT: {"using":"xpath","value":"//table[contains(@id, \"listView-innerSelectionPanelTable-listUl\")]/tbody/tr[13]/td[2]/div"}
COMMAND: POST /session/e9da8fc7d2e5c6d9fcb370d825f3b6fb/element - {"using":"xpath","value":"//table[contains(@id, \"listView-innerSelectionPanelTable-listUl\")]/tbody/tr[13]/td[3]/div/div/span/span[1]/bdi"}
RESULT: {"using":"xpath","value":"//table[contains(@id, \"listView-innerSelectionPanelTable-listUl\")]/tbody/tr[13]/td[3]/div/div/span/span[1]/bdi"}
COMMAND: POST /session/e9da8fc7d2e5c6d9fcb370d825f3b6fb/execute/sync - {"script":"<script> [56 bytes]","args":[{"element-6066-11e4-a52e-4f735466cecf":"f.EB7466E535C2126E60AFBA1E962AA512.d.EF0CA3C1B82424305A4FD8E5223BFD61.e.11036","ELEMENT":"f.EB7466E535C2126E60AFBA1E962AA512.d.EF0CA3C1B82424305A4FD8E5223BFD61.e.11036"}]}
RESULT: {"script":"<script> [56 bytes]","args":[{"element-6066-11e4-a52e-4f735466cecf":"f.EB7466E535C2126E60AFBA1E962AA512.d.EF0CA3C1B82424305A4FD8E5223BFD61.e.11036","ELEMENT":"f.EB7466E535C2126E60AFBA1E962AA512.d.EF0CA3C1B82424305A4FD8E5223BFD61.e.11036"}]}
COMMAND: GET /session/e9da8fc7d2e5c6d9fcb370d825f3b6fb/element/f.EB7466E535C2126E60AFBA1E962AA512.d.EF0CA3C1B82424305A4FD8E5223BFD61.e.11035/attribute/aria-checked - {}
COMMAND: GET /session/e9da8fc7d2e5c6d9fcb370d825f3b6fb/screenshot - {}
RESULT: {}
COMMAND: POST /session/e9da8fc7d2e5c6d9fcb370d825f3b6fb/element/f.EB7466E535C2126E60AFBA1E962AA512.d.EF0CA3C1B82424305A4FD8E5223BFD61.e.11034/click - {}
COMMAND: POST /session/e9da8fc7d2e5c6d9fcb370d825f3b6fb/element - {"using":"xpath","value":"//table[contains(@id, \"listView-innerSelectionPanelTable-listUl\")]/tbody/tr[14]/td[2]/div/div"}
RESULT: {}
RESULT: {}
COMMAND: GET /session/e9da8fc7d2e5c6d9fcb370d825f3b6fb/screenshot - {}
RESULT: {"using":"xpath","value":"//table[contains(@id, \"listView-innerSelectionPanelTable-listUl\")]/tbody/tr[14]/td[2]/div/div"}
COMMAND: POST /session/e9da8fc7d2e5c6d9fcb370d825f3b6fb/element - {"using":"xpath","value":"//table[contains(@id, \"listView-innerSelectionPanelTable-listUl\")]/tbody/tr[14]/td[2]/div"}
RESULT: {}
RESULT: {"using":"xpath","value":"//table[contains(@id, \"listView-innerSelectionPanelTable-listUl\")]/tbody/tr[14]/td[2]/div"}
COMMAND: POST /session/e9da8fc7d2e5c6d9fcb370d825f3b6fb/element - {"using":"xpath","value":"//table[contains(@id, \"listView-innerSelectionPanelTable-listUl\")]/tbody/tr[14]/td[3]/div/div/span/span[1]/bdi"}
RESULT: {"using":"xpath","value":"//table[contains(@id, \"listView-innerSelectionPanelTable-listUl\")]/tbody/tr[14]/td[3]/div/div/span/span[1]/bdi"}
COMMAND: POST /session/e9da8fc7d2e5c6d9fcb370d825f3b6fb/execute/sync - {"script":"<script> [56 bytes]","args":[{"element-6066-11e4-a52e-4f735466cecf":"f.EB7466E535C2126E60AFBA1E962AA512.d.EF0CA3C1B82424305A4FD8E5223BFD61.e.11040","ELEMENT":"f.EB7466E535C2126E60AFBA1E962AA512.d.EF0CA3C1B82424305A4FD8E5223BFD61.e.11040"}]}
RESULT: {"script":"<script> [56 bytes]","args":[{"element-6066-11e4-a52e-4f735466cecf":"f.EB7466E535C2126E60AFBA1E962AA512.d.EF0CA3C1B82424305A4FD8E5223BFD61.e.11040","ELEMENT":"f.EB7466E535C2126E60AFBA1E962AA512.d.EF0CA3C1B82424305A4FD8E5223BFD61.e.11040"}]}
COMMAND: GET /session/e9da8fc7d2e5c6d9fcb370d825f3b6fb/element/f.EB7466E535C2126E60AFBA1E962AA512.d.EF0CA3C1B82424305A4FD8E5223BFD61.e.11039/attribute/aria-checked - {}
COMMAND: GET /session/e9da8fc7d2e5c6d9fcb370d825f3b6fb/screenshot - {}
RESULT: {}
COMMAND: POST /session/e9da8fc7d2e5c6d9fcb370d825f3b6fb/element/f.EB7466E535C2126E60AFBA1E962AA512.d.EF0CA3C1B82424305A4FD8E5223BFD61.e.11038/click - {}
RESULT: {}
RESULT: {}
COMMAND: GET /session/e9da8fc7d2e5c6d9fcb370d825f3b6fb/screenshot - {}
COMMAND: POST /session/e9da8fc7d2e5c6d9fcb370d825f3b6fb/element - {"using":"xpath","value":"//table[contains(@id, \"listView-innerSelectionPanelTable-listUl\")]/tbody/tr[15]/td[2]/div/div"}
RESULT: {}
RESULT: {"using":"xpath","value":"//table[contains(@id, \"listView-innerSelectionPanelTable-listUl\")]/tbody/tr[15]/td[2]/div/div"}
COMMAND: POST /session/e9da8fc7d2e5c6d9fcb370d825f3b6fb/element - {"using":"xpath","value":"//table[contains(@id, \"listView-innerSelectionPanelTable-listUl\")]/tbody/tr[15]/td[2]/div"}
RESULT: {"using":"xpath","value":"//table[contains(@id, \"listView-innerSelectionPanelTable-listUl\")]/tbody/tr[15]/td[2]/div"}
COMMAND: POST /session/e9da8fc7d2e5c6d9fcb370d825f3b6fb/element - {"using":"xpath","value":"//table[contains(@id, \"listView-innerSelectionPanelTable-listUl\")]/tbody/tr[15]/td[3]/div/div/span/span[1]/bdi"}
RESULT: {"using":"xpath","value":"//table[contains(@id, \"listView-innerSelectionPanelTable-listUl\")]/tbody/tr[15]/td[3]/div/div/span/span[1]/bdi"}
COMMAND: POST /session/e9da8fc7d2e5c6d9fcb370d825f3b6fb/execute/sync - {"script":"<script> [56 bytes]","args":[{"element-6066-11e4-a52e-4f735466cecf":"f.EB7466E535C2126E60AFBA1E962AA512.d.EF0CA3C1B82424305A4FD8E5223BFD61.e.11044","ELEMENT":"f.EB7466E535C2126E60AFBA1E962AA512.d.EF0CA3C1B82424305A4FD8E5223BFD61.e.11044"}]}
RESULT: {"script":"<script> [56 bytes]","args":[{"element-6066-11e4-a52e-4f735466cecf":"f.EB7466E535C2126E60AFBA1E962AA512.d.EF0CA3C1B82424305A4FD8E5223BFD61.e.11044","ELEMENT":"f.EB7466E535C2126E60AFBA1E962AA512.d.EF0CA3C1B82424305A4FD8E5223BFD61.e.11044"}]}
COMMAND: GET /session/e9da8fc7d2e5c6d9fcb370d825f3b6fb/element/f.EB7466E535C2126E60AFBA1E962AA512.d.EF0CA3C1B82424305A4FD8E5223BFD61.e.11043/attribute/aria-checked - {}
COMMAND: GET /session/e9da8fc7d2e5c6d9fcb370d825f3b6fb/screenshot - {}
RESULT: {}
COMMAND: POST /session/e9da8fc7d2e5c6d9fcb370d825f3b6fb/element - {"using":"xpath","value":"//table[contains(@id, \"listView-innerSelectionPanelTable-listUl\")]/tbody/tr[16]/td[2]/div/div"}
RESULT: {}
RESULT: {"using":"xpath","value":"//table[contains(@id, \"listView-innerSelectionPanelTable-listUl\")]/tbody/tr[16]/td[2]/div/div"}
COMMAND: POST /session/e9da8fc7d2e5c6d9fcb370d825f3b6fb/element - {"using":"xpath","value":"//table[contains(@id, \"listView-innerSelectionPanelTable-listUl\")]/tbody/tr[16]/td[2]/div"}
RESULT: {"using":"xpath","value":"//table[contains(@id, \"listView-innerSelectionPanelTable-listUl\")]/tbody/tr[16]/td[2]/div"}
COMMAND: POST /session/e9da8fc7d2e5c6d9fcb370d825f3b6fb/element - {"using":"xpath","value":"//table[contains(@id, \"listView-innerSelectionPanelTable-listUl\")]/tbody/tr[16]/td[3]/div/div/span/span[1]/bdi"}
RESULT: {"using":"xpath","value":"//table[contains(@id, \"listView-innerSelectionPanelTable-listUl\")]/tbody/tr[16]/td[3]/div/div/span/span[1]/bdi"}
COMMAND: POST /session/e9da8fc7d2e5c6d9fcb370d825f3b6fb/execute/sync - {"script":"<script> [56 bytes]","args":[{"element-6066-11e4-a52e-4f735466cecf":"f.EB7466E535C2126E60AFBA1E962AA512.d.EF0CA3C1B82424305A4FD8E5223BFD61.e.11047","ELEMENT":"f.EB7466E535C2126E60AFBA1E962AA512.d.EF0CA3C1B82424305A4FD8E5223BFD61.e.11047"}]}
RESULT: {"script":"<script> [56 bytes]","args":[{"element-6066-11e4-a52e-4f735466cecf":"f.EB7466E535C2126E60AFBA1E962AA512.d.EF0CA3C1B82424305A4FD8E5223BFD61.e.11047","ELEMENT":"f.EB7466E535C2126E60AFBA1E962AA512.d.EF0CA3C1B82424305A4FD8E5223BFD61.e.11047"}]}
COMMAND: GET /session/e9da8fc7d2e5c6d9fcb370d825f3b6fb/element/f.EB7466E535C2126E60AFBA1E962AA512.d.EF0CA3C1B82424305A4FD8E5223BFD61.e.11046/attribute/aria-checked - {}
COMMAND: GET /session/e9da8fc7d2e5c6d9fcb370d825f3b6fb/screenshot - {}
RESULT: {}
COMMAND: POST /session/e9da8fc7d2e5c6d9fcb370d825f3b6fb/element/f.EB7466E535C2126E60AFBA1E962AA512.d.EF0CA3C1B82424305A4FD8E5223BFD61.e.11045/click - {}
RESULT: {}
RESULT: {}
COMMAND: GET /session/e9da8fc7d2e5c6d9fcb370d825f3b6fb/screenshot - {}
COMMAND: POST /session/e9da8fc7d2e5c6d9fcb370d825f3b6fb/element - {"using":"xpath","value":"//table[contains(@id, \"listView-innerSelectionPanelTable-listUl\")]/tbody/tr[17]/td[2]/div/div"}
RESULT: {}
RESULT: {"using":"xpath","value":"//table[contains(@id, \"listView-innerSelectionPanelTable-listUl\")]/tbody/tr[17]/td[2]/div/div"}
COMMAND: POST /session/e9da8fc7d2e5c6d9fcb370d825f3b6fb/element - {"using":"xpath","value":"//table[contains(@id, \"listView-innerSelectionPanelTable-listUl\")]/tbody/tr[17]/td[2]/div"}
RESULT: {"using":"xpath","value":"//table[contains(@id, \"listView-innerSelectionPanelTable-listUl\")]/tbody/tr[17]/td[2]/div"}
COMMAND: POST /session/e9da8fc7d2e5c6d9fcb370d825f3b6fb/element - {"using":"xpath","value":"//table[contains(@id, \"listView-innerSelectionPanelTable-listUl\")]/tbody/tr[17]/td[3]/div/div/span/span[1]/bdi"}
RESULT: {"using":"xpath","value":"//table[contains(@id, \"listView-innerSelectionPanelTable-listUl\")]/tbody/tr[17]/td[3]/div/div/span/span[1]/bdi"}
COMMAND: POST /session/e9da8fc7d2e5c6d9fcb370d825f3b6fb/execute/sync - {"script":"<script> [56 bytes]","args":[{"element-6066-11e4-a52e-4f735466cecf":"f.EB7466E535C2126E60AFBA1E962AA512.d.EF0CA3C1B82424305A4FD8E5223BFD61.e.11051","ELEMENT":"f.EB7466E535C2126E60AFBA1E962AA512.d.EF0CA3C1B82424305A4FD8E5223BFD61.e.11051"}]}
RESULT: {"script":"<script> [56 bytes]","args":[{"element-6066-11e4-a52e-4f735466cecf":"f.EB7466E535C2126E60AFBA1E962AA512.d.EF0CA3C1B82424305A4FD8E5223BFD61.e.11051","ELEMENT":"f.EB7466E535C2126E60AFBA1E962AA512.d.EF0CA3C1B82424305A4FD8E5223BFD61.e.11051"}]}
COMMAND: GET /session/e9da8fc7d2e5c6d9fcb370d825f3b6fb/element/f.EB7466E535C2126E60AFBA1E962AA512.d.EF0CA3C1B82424305A4FD8E5223BFD61.e.11050/attribute/aria-checked - {}
RESULT: {}
COMMAND: POST /session/e9da8fc7d2e5c6d9fcb370d825f3b6fb/element - {"using":"xpath","value":"//table[contains(@id, \"listView-innerSelectionPanelTable-listUl\")]/tbody/tr[18]/td[2]/div/div"}
RESULT: {"using":"xpath","value":"//table[contains(@id, \"listView-innerSelectionPanelTable-listUl\")]/tbody/tr[18]/td[2]/div/div"}
COMMAND: POST /session/e9da8fc7d2e5c6d9fcb370d825f3b6fb/element - {"using":"xpath","value":"//table[contains(@id, \"listView-innerSelectionPanelTable-listUl\")]/tbody/tr[18]/td[2]/div"}
RESULT: {"using":"xpath","value":"//table[contains(@id, \"listView-innerSelectionPanelTable-listUl\")]/tbody/tr[18]/td[2]/div"}
COMMAND: POST /session/e9da8fc7d2e5c6d9fcb370d825f3b6fb/element - {"using":"xpath","value":"//table[contains(@id, \"listView-innerSelectionPanelTable-listUl\")]/tbody/tr[18]/td[3]/div/div/span/span[1]/bdi"}
COMMAND: GET /session/e9da8fc7d2e5c6d9fcb370d825f3b6fb/screenshot - {}
RESULT: {"using":"xpath","value":"//table[contains(@id, \"listView-innerSelectionPanelTable-listUl\")]/tbody/tr[18]/td[3]/div/div/span/span[1]/bdi"}
COMMAND: POST /session/e9da8fc7d2e5c6d9fcb370d825f3b6fb/execute/sync - {"script":"<script> [56 bytes]","args":[{"element-6066-11e4-a52e-4f735466cecf":"f.EB7466E535C2126E60AFBA1E962AA512.d.EF0CA3C1B82424305A4FD8E5223BFD61.e.11054","ELEMENT":"f.EB7466E535C2126E60AFBA1E962AA512.d.EF0CA3C1B82424305A4FD8E5223BFD61.e.11054"}]}
RESULT: {}
RESULT: {"script":"<script> [56 bytes]","args":[{"element-6066-11e4-a52e-4f735466cecf":"f.EB7466E535C2126E60AFBA1E962AA512.d.EF0CA3C1B82424305A4FD8E5223BFD61.e.11054","ELEMENT":"f.EB7466E535C2126E60AFBA1E962AA512.d.EF0CA3C1B82424305A4FD8E5223BFD61.e.11054"}]}
COMMAND: GET /session/e9da8fc7d2e5c6d9fcb370d825f3b6fb/element/f.EB7466E535C2126E60AFBA1E962AA512.d.EF0CA3C1B82424305A4FD8E5223BFD61.e.11053/attribute/aria-checked - {}
RESULT: {}
COMMAND: POST /session/e9da8fc7d2e5c6d9fcb370d825f3b6fb/element - {"using":"xpath","value":"//table[contains(@id, \"listView-innerSelectionPanelTable-listUl\")]/tbody/tr[19]/td[2]/div/div"}
RESULT: {"using":"xpath","value":"//table[contains(@id, \"listView-innerSelectionPanelTable-listUl\")]/tbody/tr[19]/td[2]/div/div"}
COMMAND: POST /session/e9da8fc7d2e5c6d9fcb370d825f3b6fb/element - {"using":"xpath","value":"//table[contains(@id, \"listView-innerSelectionPanelTable-listUl\")]/tbody/tr[19]/td[2]/div"}
RESULT: {"using":"xpath","value":"//table[contains(@id, \"listView-innerSelectionPanelTable-listUl\")]/tbody/tr[19]/td[2]/div"}
COMMAND: POST /session/e9da8fc7d2e5c6d9fcb370d825f3b6fb/element - {"using":"xpath","value":"//table[contains(@id, \"listView-innerSelectionPanelTable-listUl\")]/tbody/tr[19]/td[3]/div/div/span/span[1]/bdi"}
RESULT: {"using":"xpath","value":"//table[contains(@id, \"listView-innerSelectionPanelTable-listUl\")]/tbody/tr[19]/td[3]/div/div/span/span[1]/bdi"}
COMMAND: POST /session/e9da8fc7d2e5c6d9fcb370d825f3b6fb/execute/sync - {"script":"<script> [56 bytes]","args":[{"element-6066-11e4-a52e-4f735466cecf":"f.EB7466E535C2126E60AFBA1E962AA512.d.EF0CA3C1B82424305A4FD8E5223BFD61.e.11057","ELEMENT":"f.EB7466E535C2126E60AFBA1E962AA512.d.EF0CA3C1B82424305A4FD8E5223BFD61.e.11057"}]}
RESULT: {"script":"<script> [56 bytes]","args":[{"element-6066-11e4-a52e-4f735466cecf":"f.EB7466E535C2126E60AFBA1E962AA512.d.EF0CA3C1B82424305A4FD8E5223BFD61.e.11057","ELEMENT":"f.EB7466E535C2126E60AFBA1E962AA512.d.EF0CA3C1B82424305A4FD8E5223BFD61.e.11057"}]}
COMMAND: GET /session/e9da8fc7d2e5c6d9fcb370d825f3b6fb/element/f.EB7466E535C2126E60AFBA1E962AA512.d.EF0CA3C1B82424305A4FD8E5223BFD61.e.11056/attribute/aria-checked - {}
RESULT: {}
COMMAND: POST /session/e9da8fc7d2e5c6d9fcb370d825f3b6fb/element - {"using":"xpath","value":"//table[contains(@id, \"listView-innerSelectionPanelTable-listUl\")]/tbody/tr[20]/td[2]/div/div"}
RESULT: {"using":"xpath","value":"//table[contains(@id, \"listView-innerSelectionPanelTable-listUl\")]/tbody/tr[20]/td[2]/div/div"}
COMMAND: POST /session/e9da8fc7d2e5c6d9fcb370d825f3b6fb/element - {"using":"xpath","value":"//table[contains(@id, \"listView-innerSelectionPanelTable-listUl\")]/tbody/tr[20]/td[2]/div"}
RESULT: {"using":"xpath","value":"//table[contains(@id, \"listView-innerSelectionPanelTable-listUl\")]/tbody/tr[20]/td[2]/div"}
COMMAND: POST /session/e9da8fc7d2e5c6d9fcb370d825f3b6fb/element - {"using":"xpath","value":"//table[contains(@id, \"listView-innerSelectionPanelTable-listUl\")]/tbody/tr[20]/td[3]/div/div/span/span[1]/bdi"}
COMMAND: GET /session/e9da8fc7d2e5c6d9fcb370d825f3b6fb/screenshot - {}
COMMAND: GET /session/e9da8fc7d2e5c6d9fcb370d825f3b6fb/screenshot - {}
RESULT: {"using":"xpath","value":"//table[contains(@id, \"listView-innerSelectionPanelTable-listUl\")]/tbody/tr[20]/td[3]/div/div/span/span[1]/bdi"}
COMMAND: POST /session/e9da8fc7d2e5c6d9fcb370d825f3b6fb/execute/sync - {"script":"<script> [56 bytes]","args":[{"element-6066-11e4-a52e-4f735466cecf":"f.EB7466E535C2126E60AFBA1E962AA512.d.EF0CA3C1B82424305A4FD8E5223BFD61.e.11060","ELEMENT":"f.EB7466E535C2126E60AFBA1E962AA512.d.EF0CA3C1B82424305A4FD8E5223BFD61.e.11060"}]}
RESULT: {}
RESULT: {}
RESULT: {"script":"<script> [56 bytes]","args":[{"element-6066-11e4-a52e-4f735466cecf":"f.EB7466E535C2126E60AFBA1E962AA512.d.EF0CA3C1B82424305A4FD8E5223BFD61.e.11060","ELEMENT":"f.EB7466E535C2126E60AFBA1E962AA512.d.EF0CA3C1B82424305A4FD8E5223BFD61.e.11060"}]}
COMMAND: GET /session/e9da8fc7d2e5c6d9fcb370d825f3b6fb/element/f.EB7466E535C2126E60AFBA1E962AA512.d.EF0CA3C1B82424305A4FD8E5223BFD61.e.11059/attribute/aria-checked - {}
COMMAND: GET /session/e9da8fc7d2e5c6d9fcb370d825f3b6fb/screenshot - {}
RESULT: {}
COMMAND: POST /session/e9da8fc7d2e5c6d9fcb370d825f3b6fb/element - {"using":"xpath","value":"//table[contains(@id, \"listView-innerSelectionPanelTable-listUl\")]/tbody/tr[21]/td[2]/div/div"}
RESULT: {}
RESULT: {"using":"xpath","value":"//table[contains(@id, \"listView-innerSelectionPanelTable-listUl\")]/tbody/tr[21]/td[2]/div/div"}
COMMAND: POST /session/e9da8fc7d2e5c6d9fcb370d825f3b6fb/element - {"using":"xpath","value":"//table[contains(@id, \"listView-innerSelectionPanelTable-listUl\")]/tbody/tr[21]/td[2]/div"}
RESULT: {"using":"xpath","value":"//table[contains(@id, \"listView-innerSelectionPanelTable-listUl\")]/tbody/tr[21]/td[2]/div"}
COMMAND: POST /session/e9da8fc7d2e5c6d9fcb370d825f3b6fb/element - {"using":"xpath","value":"//table[contains(@id, \"listView-innerSelectionPanelTable-listUl\")]/tbody/tr[21]/td[3]/div/div/span/span[1]/bdi"}
RESULT: {"using":"xpath","value":"//table[contains(@id, \"listView-innerSelectionPanelTable-listUl\")]/tbody/tr[21]/td[3]/div/div/span/span[1]/bdi"}
COMMAND: POST /session/e9da8fc7d2e5c6d9fcb370d825f3b6fb/execute/sync - {"script":"<script> [56 bytes]","args":[{"element-6066-11e4-a52e-4f735466cecf":"f.EB7466E535C2126E60AFBA1E962AA512.d.EF0CA3C1B82424305A4FD8E5223BFD61.e.11063","ELEMENT":"f.EB7466E535C2126E60AFBA1E962AA512.d.EF0CA3C1B82424305A4FD8E5223BFD61.e.11063"}]}
RESULT: {"script":"<script> [56 bytes]","args":[{"element-6066-11e4-a52e-4f735466cecf":"f.EB7466E535C2126E60AFBA1E962AA512.d.EF0CA3C1B82424305A4FD8E5223BFD61.e.11063","ELEMENT":"f.EB7466E535C2126E60AFBA1E962AA512.d.EF0CA3C1B82424305A4FD8E5223BFD61.e.11063"}]}
COMMAND: GET /session/e9da8fc7d2e5c6d9fcb370d825f3b6fb/element/f.EB7466E535C2126E60AFBA1E962AA512.d.EF0CA3C1B82424305A4FD8E5223BFD61.e.11062/attribute/aria-checked - {}
COMMAND: GET /session/e9da8fc7d2e5c6d9fcb370d825f3b6fb/screenshot - {}
RESULT: {}
COMMAND: POST /session/e9da8fc7d2e5c6d9fcb370d825f3b6fb/element - {"using":"xpath","value":"//table[contains(@id, \"listView-innerSelectionPanelTable-listUl\")]/tbody/tr[22]/td[2]/div/div"}
RESULT: {}
RESULT: {"using":"xpath","value":"//table[contains(@id, \"listView-innerSelectionPanelTable-listUl\")]/tbody/tr[22]/td[2]/div/div"}
COMMAND: POST /session/e9da8fc7d2e5c6d9fcb370d825f3b6fb/element - {"using":"xpath","value":"//table[contains(@id, \"listView-innerSelectionPanelTable-listUl\")]/tbody/tr[22]/td[2]/div"}
RESULT: {"using":"xpath","value":"//table[contains(@id, \"listView-innerSelectionPanelTable-listUl\")]/tbody/tr[22]/td[2]/div"}
COMMAND: POST /session/e9da8fc7d2e5c6d9fcb370d825f3b6fb/element - {"using":"xpath","value":"//table[contains(@id, \"listView-innerSelectionPanelTable-listUl\")]/tbody/tr[22]/td[3]/div/div/span/span[1]/bdi"}
RESULT: {"using":"xpath","value":"//table[contains(@id, \"listView-innerSelectionPanelTable-listUl\")]/tbody/tr[22]/td[3]/div/div/span/span[1]/bdi"}
COMMAND: POST /session/e9da8fc7d2e5c6d9fcb370d825f3b6fb/execute/sync - {"script":"<script> [56 bytes]","args":[{"element-6066-11e4-a52e-4f735466cecf":"f.EB7466E535C2126E60AFBA1E962AA512.d.EF0CA3C1B82424305A4FD8E5223BFD61.e.11066","ELEMENT":"f.EB7466E535C2126E60AFBA1E962AA512.d.EF0CA3C1B82424305A4FD8E5223BFD61.e.11066"}]}
RESULT: {"script":"<script> [56 bytes]","args":[{"element-6066-11e4-a52e-4f735466cecf":"f.EB7466E535C2126E60AFBA1E962AA512.d.EF0CA3C1B82424305A4FD8E5223BFD61.e.11066","ELEMENT":"f.EB7466E535C2126E60AFBA1E962AA512.d.EF0CA3C1B82424305A4FD8E5223BFD61.e.11066"}]}
COMMAND: GET /session/e9da8fc7d2e5c6d9fcb370d825f3b6fb/element/f.EB7466E535C2126E60AFBA1E962AA512.d.EF0CA3C1B82424305A4FD8E5223BFD61.e.11065/attribute/aria-checked - {}
COMMAND: GET /session/e9da8fc7d2e5c6d9fcb370d825f3b6fb/screenshot - {}
RESULT: {}
COMMAND: POST /session/e9da8fc7d2e5c6d9fcb370d825f3b6fb/element - {"using":"xpath","value":"//table[contains(@id, \"listView-innerSelectionPanelTable-listUl\")]/tbody/tr[23]/td[2]/div/div"}
RESULT: {}
RESULT: {"using":"xpath","value":"//table[contains(@id, \"listView-innerSelectionPanelTable-listUl\")]/tbody/tr[23]/td[2]/div/div"}
COMMAND: POST /session/e9da8fc7d2e5c6d9fcb370d825f3b6fb/element - {"using":"xpath","value":"//table[contains(@id, \"listView-innerSelectionPanelTable-listUl\")]/tbody/tr[23]/td[2]/div"}
RESULT: {"using":"xpath","value":"//table[contains(@id, \"listView-innerSelectionPanelTable-listUl\")]/tbody/tr[23]/td[2]/div"}
COMMAND: POST /session/e9da8fc7d2e5c6d9fcb370d825f3b6fb/element - {"using":"xpath","value":"//table[contains(@id, \"listView-innerSelectionPanelTable-listUl\")]/tbody/tr[23]/td[3]/div/div/span/span[1]/bdi"}
RESULT: {"using":"xpath","value":"//table[contains(@id, \"listView-innerSelectionPanelTable-listUl\")]/tbody/tr[23]/td[3]/div/div/span/span[1]/bdi"}
COMMAND: POST /session/e9da8fc7d2e5c6d9fcb370d825f3b6fb/execute/sync - {"script":"<script> [56 bytes]","args":[{"element-6066-11e4-a52e-4f735466cecf":"f.EB7466E535C2126E60AFBA1E962AA512.d.EF0CA3C1B82424305A4FD8E5223BFD61.e.11069","ELEMENT":"f.EB7466E535C2126E60AFBA1E962AA512.d.EF0CA3C1B82424305A4FD8E5223BFD61.e.11069"}]}
RESULT: {"script":"<script> [56 bytes]","args":[{"element-6066-11e4-a52e-4f735466cecf":"f.EB7466E535C2126E60AFBA1E962AA512.d.EF0CA3C1B82424305A4FD8E5223BFD61.e.11069","ELEMENT":"f.EB7466E535C2126E60AFBA1E962AA512.d.EF0CA3C1B82424305A4FD8E5223BFD61.e.11069"}]}
COMMAND: GET /session/e9da8fc7d2e5c6d9fcb370d825f3b6fb/element/f.EB7466E535C2126E60AFBA1E962AA512.d.EF0CA3C1B82424305A4FD8E5223BFD61.e.11068/attribute/aria-checked - {}
COMMAND: GET /session/e9da8fc7d2e5c6d9fcb370d825f3b6fb/screenshot - {}
RESULT: {}
COMMAND: POST /session/e9da8fc7d2e5c6d9fcb370d825f3b6fb/element - {"using":"xpath","value":"//table[contains(@id, \"listView-innerSelectionPanelTable-listUl\")]/tbody/tr[24]/td[2]/div/div"}
RESULT: {}
RESULT: {"using":"xpath","value":"//table[contains(@id, \"listView-innerSelectionPanelTable-listUl\")]/tbody/tr[24]/td[2]/div/div"}
COMMAND: POST /session/e9da8fc7d2e5c6d9fcb370d825f3b6fb/element - {"using":"xpath","value":"//table[contains(@id, \"listView-innerSelectionPanelTable-listUl\")]/tbody/tr[24]/td[2]/div"}
RESULT: {"using":"xpath","value":"//table[contains(@id, \"listView-innerSelectionPanelTable-listUl\")]/tbody/tr[24]/td[2]/div"}
COMMAND: POST /session/e9da8fc7d2e5c6d9fcb370d825f3b6fb/element - {"using":"xpath","value":"//table[contains(@id, \"listView-innerSelectionPanelTable-listUl\")]/tbody/tr[24]/td[3]/div/div/span/span[1]/bdi"}
RESULT: {"using":"xpath","value":"//table[contains(@id, \"listView-innerSelectionPanelTable-listUl\")]/tbody/tr[24]/td[3]/div/div/span/span[1]/bdi"}
COMMAND: POST /session/e9da8fc7d2e5c6d9fcb370d825f3b6fb/execute/sync - {"script":"<script> [56 bytes]","args":[{"element-6066-11e4-a52e-4f735466cecf":"f.EB7466E535C2126E60AFBA1E962AA512.d.EF0CA3C1B82424305A4FD8E5223BFD61.e.11072","ELEMENT":"f.EB7466E535C2126E60AFBA1E962AA512.d.EF0CA3C1B82424305A4FD8E5223BFD61.e.11072"}]}
RESULT: {"script":"<script> [56 bytes]","args":[{"element-6066-11e4-a52e-4f735466cecf":"f.EB7466E535C2126E60AFBA1E962AA512.d.EF0CA3C1B82424305A4FD8E5223BFD61.e.11072","ELEMENT":"f.EB7466E535C2126E60AFBA1E962AA512.d.EF0CA3C1B82424305A4FD8E5223BFD61.e.11072"}]}
COMMAND: GET /session/e9da8fc7d2e5c6d9fcb370d825f3b6fb/element/f.EB7466E535C2126E60AFBA1E962AA512.d.EF0CA3C1B82424305A4FD8E5223BFD61.e.11071/attribute/aria-checked - {}
COMMAND: GET /session/e9da8fc7d2e5c6d9fcb370d825f3b6fb/screenshot - {}
RESULT: {}
COMMAND: POST /session/e9da8fc7d2e5c6d9fcb370d825f3b6fb/element - {"using":"xpath","value":"//table[contains(@id, \"listView-innerSelectionPanelTable-listUl\")]/tbody/tr[25]/td[2]/div/div"}
RESULT: {}
RESULT: {"using":"xpath","value":"//table[contains(@id, \"listView-innerSelectionPanelTable-listUl\")]/tbody/tr[25]/td[2]/div/div"}
COMMAND: POST /session/e9da8fc7d2e5c6d9fcb370d825f3b6fb/element - {"using":"xpath","value":"//table[contains(@id, \"listView-innerSelectionPanelTable-listUl\")]/tbody/tr[25]/td[2]/div"}
RESULT: {"using":"xpath","value":"//table[contains(@id, \"listView-innerSelectionPanelTable-listUl\")]/tbody/tr[25]/td[2]/div"}
COMMAND: POST /session/e9da8fc7d2e5c6d9fcb370d825f3b6fb/element - {"using":"xpath","value":"//table[contains(@id, \"listView-innerSelectionPanelTable-listUl\")]/tbody/tr[25]/td[3]/div/div/span/span[1]/bdi"}
RESULT: {"using":"xpath","value":"//table[contains(@id, \"listView-innerSelectionPanelTable-listUl\")]/tbody/tr[25]/td[3]/div/div/span/span[1]/bdi"}
COMMAND: POST /session/e9da8fc7d2e5c6d9fcb370d825f3b6fb/execute/sync - {"script":"<script> [56 bytes]","args":[{"element-6066-11e4-a52e-4f735466cecf":"f.EB7466E535C2126E60AFBA1E962AA512.d.EF0CA3C1B82424305A4FD8E5223BFD61.e.11075","ELEMENT":"f.EB7466E535C2126E60AFBA1E962AA512.d.EF0CA3C1B82424305A4FD8E5223BFD61.e.11075"}]}
RESULT: {"script":"<script> [56 bytes]","args":[{"element-6066-11e4-a52e-4f735466cecf":"f.EB7466E535C2126E60AFBA1E962AA512.d.EF0CA3C1B82424305A4FD8E5223BFD61.e.11075","ELEMENT":"f.EB7466E535C2126E60AFBA1E962AA512.d.EF0CA3C1B82424305A4FD8E5223BFD61.e.11075"}]}
COMMAND: GET /session/e9da8fc7d2e5c6d9fcb370d825f3b6fb/element/f.EB7466E535C2126E60AFBA1E962AA512.d.EF0CA3C1B82424305A4FD8E5223BFD61.e.11074/attribute/aria-checked - {}
COMMAND: GET /session/e9da8fc7d2e5c6d9fcb370d825f3b6fb/screenshot - {}
RESULT: {}
COMMAND: POST /session/e9da8fc7d2e5c6d9fcb370d825f3b6fb/element - {"using":"xpath","value":"//bdi[contains(text(), \"OK\")]"}
RESULT: {}
RESULT: {"using":"xpath","value":"//bdi[contains(text(), \"OK\")]"}
COMMAND: POST /session/e9da8fc7d2e5c6d9fcb370d825f3b6fb/element/f.EB7466E535C2126E60AFBA1E962AA512.d.EF0CA3C1B82424305A4FD8E5223BFD61.e.11076/click - {}
RESULT: {}
COMMAND: GET /session/e9da8fc7d2e5c6d9fcb370d825f3b6fb/screenshot - {}
RESULT: {}
RESULT: undefined
COMMAND: POST /session/e9da8fc7d2e5c6d9fcb370d825f3b6fb/element - {"using":"xpath","value":"//*[@id=\"application-managepartners-display-component---masterPtm--smartFilterBar-filterItemControlA_-LINK_TO_ADDRESSES_MAIN.CITY1-vhi\"]"}
RESULT: {"using":"xpath","value":"//*[@id=\"application-managepartners-display-component---masterPtm--smartFilterBar-filterItemControlA_-LINK_TO_ADDRESSES_MAIN.CITY1-vhi\"]"}
COMMAND: POST /session/e9da8fc7d2e5c6d9fcb370d825f3b6fb/element/f.EB7466E535C2126E60AFBA1E962AA512.d.EF0CA3C1B82424305A4FD8E5223BFD61.e.11152/click - {}
RESULT: {}
COMMAND: GET /session/e9da8fc7d2e5c6d9fcb370d825f3b6fb/screenshot - {}
RESULT: {}
COMMAND: POST /session/e9da8fc7d2e5c6d9fcb370d825f3b6fb/element - {"using":"xpath","value":"//bdi[contains(text(), \"Cancel\")]"}
RESULT: {"using":"xpath","value":"//bdi[contains(text(), \"Cancel\")]"}
COMMAND: POST /session/e9da8fc7d2e5c6d9fcb370d825f3b6fb/element/f.EB7466E535C2126E60AFBA1E962AA512.d.EF0CA3C1B82424305A4FD8E5223BFD61.e.11157/click - {}
RESULT: {}
COMMAND: GET /session/e9da8fc7d2e5c6d9fcb370d825f3b6fb/screenshot - {}
RESULT: {}
COMMAND: POST /session/e9da8fc7d2e5c6d9fcb370d825f3b6fb/execute/async - {"script":"<script> [1562 bytes]","args":[{"selector":{"id":"application-managepartners-display-component---masterPtm--smartFilterBar-filterItemControlA_-LINK_TO_ADDRESSES_MAIN.COUNTRY-vhi"},"wdio_ui5_key":"applicationmanagepartners-display-component---masterPtm--smartFilterBar-filterItemControlA_-LINK_TO_ADDRESSES_MAIN.COUNTRY-vhi"}]}
RESULT: {"script":"<script> [1562 bytes]","args":[{"selector":{"id":"application-managepartners-display-component---masterPtm--smartFilterBar-filterItemControlA_-LINK_TO_ADDRESSES_MAIN.COUNTRY-vhi"},"wdio_ui5_key":"applicationmanagepartners-display-component---masterPtm--smartFilterBar-filterItemControlA_-LINK_TO_ADDRESSES_MAIN.COUNTRY-vhi"}]}
RESULT: undefined
COMMAND: POST /session/e9da8fc7d2e5c6d9fcb370d825f3b6fb/element - {"using":"xpath","value":"//*[@id=\"application-managepartners-display-component---masterPtm--smartFilterBar-filterItemControlA_-LINK_TO_ADDRESSES_MAIN.COUNTRY-vhi\"]"}
RESULT: {"using":"xpath","value":"//*[@id=\"application-managepartners-display-component---masterPtm--smartFilterBar-filterItemControlA_-LINK_TO_ADDRESSES_MAIN.COUNTRY-vhi\"]"}
COMMAND: POST /session/e9da8fc7d2e5c6d9fcb370d825f3b6fb/element/f.EB7466E535C2126E60AFBA1E962AA512.d.EF0CA3C1B82424305A4FD8E5223BFD61.e.11159/click - {}
RESULT: {}
COMMAND: GET /session/e9da8fc7d2e5c6d9fcb370d825f3b6fb/screenshot - {}
RESULT: {}
COMMAND: POST /session/e9da8fc7d2e5c6d9fcb370d825f3b6fb/element - {"using":"xpath","value":"//bdi[contains(text(), \"Cancel\")]"}
RESULT: {"using":"xpath","value":"//bdi[contains(text(), \"Cancel\")]"}
COMMAND: POST /session/e9da8fc7d2e5c6d9fcb370d825f3b6fb/element/f.EB7466E535C2126E60AFBA1E962AA512.d.EF0CA3C1B82424305A4FD8E5223BFD61.e.11167/click - {}
RESULT: {}
COMMAND: GET /session/e9da8fc7d2e5c6d9fcb370d825f3b6fb/screenshot - {}
RESULT: {}
COMMAND: POST /session/e9da8fc7d2e5c6d9fcb370d825f3b6fb/execute/async - {"script":"<script> [1562 bytes]","args":[{"selector":{"id":"application-managepartners-display-component---masterPtm--smartFilterBar-filterItemControlA_-COMPANY_CODE-vhi"},"wdio_ui5_key":"applicationmanagepartners-display-component---masterPtm--smartFilterBar-filterItemControlA_-COMPANY_CODE-vhi"}]}
RESULT: {"script":"<script> [1562 bytes]","args":[{"selector":{"id":"application-managepartners-display-component---masterPtm--smartFilterBar-filterItemControlA_-COMPANY_CODE-vhi"},"wdio_ui5_key":"applicationmanagepartners-display-component---masterPtm--smartFilterBar-filterItemControlA_-COMPANY_CODE-vhi"}]}
RESULT: undefined
COMMAND: POST /session/e9da8fc7d2e5c6d9fcb370d825f3b6fb/element - {"using":"xpath","value":"//*[@id=\"application-managepartners-display-component---masterPtm--smartFilterBar-filterItemControlA_-COMPANY_CODE-vhi\"]"}
RESULT: {"using":"xpath","value":"//*[@id=\"application-managepartners-display-component---masterPtm--smartFilterBar-filterItemControlA_-COMPANY_CODE-vhi\"]"}
COMMAND: POST /session/e9da8fc7d2e5c6d9fcb370d825f3b6fb/element/f.EB7466E535C2126E60AFBA1E962AA512.d.EF0CA3C1B82424305A4FD8E5223BFD61.e.11169/click - {}
RESULT: {}
COMMAND: GET /session/e9da8fc7d2e5c6d9fcb370d825f3b6fb/screenshot - {}
RESULT: {}
COMMAND: POST /session/e9da8fc7d2e5c6d9fcb370d825f3b6fb/element - {"using":"xpath","value":"//bdi[contains(text(), \"Cancel\")]"}
RESULT: {"using":"xpath","value":"//bdi[contains(text(), \"Cancel\")]"}
COMMAND: POST /session/e9da8fc7d2e5c6d9fcb370d825f3b6fb/element/f.EB7466E535C2126E60AFBA1E962AA512.d.EF0CA3C1B82424305A4FD8E5223BFD61.e.11175/click - {}
RESULT: {}
COMMAND: GET /session/e9da8fc7d2e5c6d9fcb370d825f3b6fb/screenshot - {}
RESULT: {}
COMMAND: POST /session/e9da8fc7d2e5c6d9fcb370d825f3b6fb/execute/async - {"script":"<script> [1562 bytes]","args":[{"selector":{"id":"application-managepartners-display-component---masterPtm--smartTable-btnPersonalisation-img"},"wdio_ui5_key":"applicationmanagepartners-display-component---masterPtm--smartTable-btnPersonalisation-img"}]}
RESULT: {"script":"<script> [1562 bytes]","args":[{"selector":{"id":"application-managepartners-display-component---masterPtm--smartTable-btnPersonalisation-img"},"wdio_ui5_key":"applicationmanagepartners-display-component---masterPtm--smartTable-btnPersonalisation-img"}]}
RESULT: undefined
COMMAND: POST /session/e9da8fc7d2e5c6d9fcb370d825f3b6fb/element - {"using":"xpath","value":"//*[@id=\"application-managepartners-display-component---masterPtm--smartTable-btnPersonalisation-img\"]"}
RESULT: {"using":"xpath","value":"//*[@id=\"application-managepartners-display-component---masterPtm--smartTable-btnPersonalisation-img\"]"}
COMMAND: POST /session/e9da8fc7d2e5c6d9fcb370d825f3b6fb/element/f.EB7466E535C2126E60AFBA1E962AA512.d.EF0CA3C1B82424305A4FD8E5223BFD61.e.9189/click - {}
RESULT: {}
COMMAND: GET /session/e9da8fc7d2e5c6d9fcb370d825f3b6fb/screenshot - {}
RESULT: {}
COMMAND: POST /session/e9da8fc7d2e5c6d9fcb370d825f3b6fb/elements - {"using":"xpath","value":"//table[contains(@id, \"innerSelectionPanelTable-listUl\")]/tbody/tr"}
RESULT: {"using":"xpath","value":"//table[contains(@id, \"innerSelectionPanelTable-listUl\")]/tbody/tr"}
COMMAND: POST /session/e9da8fc7d2e5c6d9fcb370d825f3b6fb/element - {"using":"xpath","value":"//table[contains(@id, \"innerSelectionPanelTable-listUl\")]/tbody/tr[2]/td[2]/div/div"}
RESULT: {"using":"xpath","value":"//table[contains(@id, \"innerSelectionPanelTable-listUl\")]/tbody/tr[2]/td[2]/div/div"}
COMMAND: POST /session/e9da8fc7d2e5c6d9fcb370d825f3b6fb/element - {"using":"xpath","value":"//table[contains(@id, \"innerSelectionPanelTable-listUl\")]/tbody/tr[2]/td[3]/div/div/span/span[1]/bdi"}
RESULT: {"using":"xpath","value":"//table[contains(@id, \"innerSelectionPanelTable-listUl\")]/tbody/tr[2]/td[3]/div/div/span/span[1]/bdi"}
COMMAND: POST /session/e9da8fc7d2e5c6d9fcb370d825f3b6fb/execute/sync - {"script":"<script> [56 bytes]","args":[{"element-6066-11e4-a52e-4f735466cecf":"f.EB7466E535C2126E60AFBA1E962AA512.d.EF0CA3C1B82424305A4FD8E5223BFD61.e.11213","ELEMENT":"f.EB7466E535C2126E60AFBA1E962AA512.d.EF0CA3C1B82424305A4FD8E5223BFD61.e.11213"}]}
RESULT: {"script":"<script> [56 bytes]","args":[{"element-6066-11e4-a52e-4f735466cecf":"f.EB7466E535C2126E60AFBA1E962AA512.d.EF0CA3C1B82424305A4FD8E5223BFD61.e.11213","ELEMENT":"f.EB7466E535C2126E60AFBA1E962AA512.d.EF0CA3C1B82424305A4FD8E5223BFD61.e.11213"}]}
COMMAND: POST /session/e9da8fc7d2e5c6d9fcb370d825f3b6fb/element - {"using":"xpath","value":"//table[contains(@id, \"innerSelectionPanelTable-listUl\")]/tbody/tr[3]/td[2]/div/div"}
COMMAND: GET /session/e9da8fc7d2e5c6d9fcb370d825f3b6fb/screenshot - {}
RESULT: {"using":"xpath","value":"//table[contains(@id, \"innerSelectionPanelTable-listUl\")]/tbody/tr[3]/td[2]/div/div"}
COMMAND: POST /session/e9da8fc7d2e5c6d9fcb370d825f3b6fb/element - {"using":"xpath","value":"//table[contains(@id, \"innerSelectionPanelTable-listUl\")]/tbody/tr[3]/td[3]/div/div/span/span[1]/bdi"}
RESULT: {}
RESULT: {"using":"xpath","value":"//table[contains(@id, \"innerSelectionPanelTable-listUl\")]/tbody/tr[3]/td[3]/div/div/span/span[1]/bdi"}
COMMAND: POST /session/e9da8fc7d2e5c6d9fcb370d825f3b6fb/execute/sync - {"script":"<script> [56 bytes]","args":[{"element-6066-11e4-a52e-4f735466cecf":"f.EB7466E535C2126E60AFBA1E962AA512.d.EF0CA3C1B82424305A4FD8E5223BFD61.e.11215","ELEMENT":"f.EB7466E535C2126E60AFBA1E962AA512.d.EF0CA3C1B82424305A4FD8E5223BFD61.e.11215"}]}
RESULT: {"script":"<script> [56 bytes]","args":[{"element-6066-11e4-a52e-4f735466cecf":"f.EB7466E535C2126E60AFBA1E962AA512.d.EF0CA3C1B82424305A4FD8E5223BFD61.e.11215","ELEMENT":"f.EB7466E535C2126E60AFBA1E962AA512.d.EF0CA3C1B82424305A4FD8E5223BFD61.e.11215"}]}
COMMAND: POST /session/e9da8fc7d2e5c6d9fcb370d825f3b6fb/element - {"using":"xpath","value":"//table[contains(@id, \"innerSelectionPanelTable-listUl\")]/tbody/tr[4]/td[2]/div/div"}
COMMAND: GET /session/e9da8fc7d2e5c6d9fcb370d825f3b6fb/screenshot - {}
RESULT: {"using":"xpath","value":"//table[contains(@id, \"innerSelectionPanelTable-listUl\")]/tbody/tr[4]/td[2]/div/div"}
COMMAND: POST /session/e9da8fc7d2e5c6d9fcb370d825f3b6fb/element - {"using":"xpath","value":"//table[contains(@id, \"innerSelectionPanelTable-listUl\")]/tbody/tr[4]/td[3]/div/div/span/span[1]/bdi"}
RESULT: {}
RESULT: {"using":"xpath","value":"//table[contains(@id, \"innerSelectionPanelTable-listUl\")]/tbody/tr[4]/td[3]/div/div/span/span[1]/bdi"}
COMMAND: POST /session/e9da8fc7d2e5c6d9fcb370d825f3b6fb/execute/sync - {"script":"<script> [56 bytes]","args":[{"element-6066-11e4-a52e-4f735466cecf":"f.EB7466E535C2126E60AFBA1E962AA512.d.EF0CA3C1B82424305A4FD8E5223BFD61.e.11217","ELEMENT":"f.EB7466E535C2126E60AFBA1E962AA512.d.EF0CA3C1B82424305A4FD8E5223BFD61.e.11217"}]}
RESULT: {"script":"<script> [56 bytes]","args":[{"element-6066-11e4-a52e-4f735466cecf":"f.EB7466E535C2126E60AFBA1E962AA512.d.EF0CA3C1B82424305A4FD8E5223BFD61.e.11217","ELEMENT":"f.EB7466E535C2126E60AFBA1E962AA512.d.EF0CA3C1B82424305A4FD8E5223BFD61.e.11217"}]}
COMMAND: POST /session/e9da8fc7d2e5c6d9fcb370d825f3b6fb/element - {"using":"xpath","value":"//table[contains(@id, \"innerSelectionPanelTable-listUl\")]/tbody/tr[5]/td[2]/div/div"}
COMMAND: POST /session/e9da8fc7d2e5c6d9fcb370d825f3b6fb/element/f.EB7466E535C2126E60AFBA1E962AA512.d.EF0CA3C1B82424305A4FD8E5223BFD61.e.11216/click - {}
COMMAND: GET /session/e9da8fc7d2e5c6d9fcb370d825f3b6fb/screenshot - {}
RESULT: {"using":"xpath","value":"//table[contains(@id, \"innerSelectionPanelTable-listUl\")]/tbody/tr[5]/td[2]/div/div"}
COMMAND: POST /session/e9da8fc7d2e5c6d9fcb370d825f3b6fb/element - {"using":"xpath","value":"//table[contains(@id, \"innerSelectionPanelTable-listUl\")]/tbody/tr[5]/td[3]/div/div/span/span[1]/bdi"}
RESULT: {}
COMMAND: GET /session/e9da8fc7d2e5c6d9fcb370d825f3b6fb/screenshot - {}
RESULT: {}
RESULT: {"using":"xpath","value":"//table[contains(@id, \"innerSelectionPanelTable-listUl\")]/tbody/tr[5]/td[3]/div/div/span/span[1]/bdi"}
COMMAND: POST /session/e9da8fc7d2e5c6d9fcb370d825f3b6fb/execute/sync - {"script":"<script> [56 bytes]","args":[{"element-6066-11e4-a52e-4f735466cecf":"f.EB7466E535C2126E60AFBA1E962AA512.d.EF0CA3C1B82424305A4FD8E5223BFD61.e.11221","ELEMENT":"f.EB7466E535C2126E60AFBA1E962AA512.d.EF0CA3C1B82424305A4FD8E5223BFD61.e.11221"}]}
RESULT: {}
RESULT: {"script":"<script> [56 bytes]","args":[{"element-6066-11e4-a52e-4f735466cecf":"f.EB7466E535C2126E60AFBA1E962AA512.d.EF0CA3C1B82424305A4FD8E5223BFD61.e.11221","ELEMENT":"f.EB7466E535C2126E60AFBA1E962AA512.d.EF0CA3C1B82424305A4FD8E5223BFD61.e.11221"}]}
COMMAND: POST /session/e9da8fc7d2e5c6d9fcb370d825f3b6fb/element - {"using":"xpath","value":"//table[contains(@id, \"innerSelectionPanelTable-listUl\")]/tbody/tr[6]/td[2]/div/div"}
COMMAND: GET /session/e9da8fc7d2e5c6d9fcb370d825f3b6fb/screenshot - {}
RESULT: {"using":"xpath","value":"//table[contains(@id, \"innerSelectionPanelTable-listUl\")]/tbody/tr[6]/td[2]/div/div"}
COMMAND: POST /session/e9da8fc7d2e5c6d9fcb370d825f3b6fb/element - {"using":"xpath","value":"//table[contains(@id, \"innerSelectionPanelTable-listUl\")]/tbody/tr[6]/td[3]/div/div/span/span[1]/bdi"}
RESULT: {}
RESULT: {"using":"xpath","value":"//table[contains(@id, \"innerSelectionPanelTable-listUl\")]/tbody/tr[6]/td[3]/div/div/span/span[1]/bdi"}
COMMAND: POST /session/e9da8fc7d2e5c6d9fcb370d825f3b6fb/execute/sync - {"script":"<script> [56 bytes]","args":[{"element-6066-11e4-a52e-4f735466cecf":"f.EB7466E535C2126E60AFBA1E962AA512.d.EF0CA3C1B82424305A4FD8E5223BFD61.e.11223","ELEMENT":"f.EB7466E535C2126E60AFBA1E962AA512.d.EF0CA3C1B82424305A4FD8E5223BFD61.e.11223"}]}
RESULT: {"script":"<script> [56 bytes]","args":[{"element-6066-11e4-a52e-4f735466cecf":"f.EB7466E535C2126E60AFBA1E962AA512.d.EF0CA3C1B82424305A4FD8E5223BFD61.e.11223","ELEMENT":"f.EB7466E535C2126E60AFBA1E962AA512.d.EF0CA3C1B82424305A4FD8E5223BFD61.e.11223"}]}
COMMAND: POST /session/e9da8fc7d2e5c6d9fcb370d825f3b6fb/element - {"using":"xpath","value":"//table[contains(@id, \"innerSelectionPanelTable-listUl\")]/tbody/tr[7]/td[2]/div/div"}
COMMAND: POST /session/e9da8fc7d2e5c6d9fcb370d825f3b6fb/element/f.EB7466E535C2126E60AFBA1E962AA512.d.EF0CA3C1B82424305A4FD8E5223BFD61.e.11222/click - {}
COMMAND: GET /session/e9da8fc7d2e5c6d9fcb370d825f3b6fb/screenshot - {}
RESULT: {}
COMMAND: GET /session/e9da8fc7d2e5c6d9fcb370d825f3b6fb/screenshot - {}
RESULT: {"using":"xpath","value":"//table[contains(@id, \"innerSelectionPanelTable-listUl\")]/tbody/tr[7]/td[2]/div/div"}
COMMAND: POST /session/e9da8fc7d2e5c6d9fcb370d825f3b6fb/element - {"using":"xpath","value":"//table[contains(@id, \"innerSelectionPanelTable-listUl\")]/tbody/tr[7]/td[3]/div/div/span/span[1]/bdi"}
RESULT: {}
RESULT: {}
RESULT: {"using":"xpath","value":"//table[contains(@id, \"innerSelectionPanelTable-listUl\")]/tbody/tr[7]/td[3]/div/div/span/span[1]/bdi"}
COMMAND: POST /session/e9da8fc7d2e5c6d9fcb370d825f3b6fb/execute/sync - {"script":"<script> [56 bytes]","args":[{"element-6066-11e4-a52e-4f735466cecf":"f.EB7466E535C2126E60AFBA1E962AA512.d.EF0CA3C1B82424305A4FD8E5223BFD61.e.11227","ELEMENT":"f.EB7466E535C2126E60AFBA1E962AA512.d.EF0CA3C1B82424305A4FD8E5223BFD61.e.11227"}]}
RESULT: {"script":"<script> [56 bytes]","args":[{"element-6066-11e4-a52e-4f735466cecf":"f.EB7466E535C2126E60AFBA1E962AA512.d.EF0CA3C1B82424305A4FD8E5223BFD61.e.11227","ELEMENT":"f.EB7466E535C2126E60AFBA1E962AA512.d.EF0CA3C1B82424305A4FD8E5223BFD61.e.11227"}]}
COMMAND: POST /session/e9da8fc7d2e5c6d9fcb370d825f3b6fb/element - {"using":"xpath","value":"//table[contains(@id, \"innerSelectionPanelTable-listUl\")]/tbody/tr[8]/td[2]/div/div"}
COMMAND: GET /session/e9da8fc7d2e5c6d9fcb370d825f3b6fb/screenshot - {}
RESULT: {"using":"xpath","value":"//table[contains(@id, \"innerSelectionPanelTable-listUl\")]/tbody/tr[8]/td[2]/div/div"}
COMMAND: POST /session/e9da8fc7d2e5c6d9fcb370d825f3b6fb/element - {"using":"xpath","value":"//table[contains(@id, \"innerSelectionPanelTable-listUl\")]/tbody/tr[8]/td[3]/div/div/span/span[1]/bdi"}
RESULT: {}
RESULT: {"using":"xpath","value":"//table[contains(@id, \"innerSelectionPanelTable-listUl\")]/tbody/tr[8]/td[3]/div/div/span/span[1]/bdi"}
COMMAND: POST /session/e9da8fc7d2e5c6d9fcb370d825f3b6fb/execute/sync - {"script":"<script> [56 bytes]","args":[{"element-6066-11e4-a52e-4f735466cecf":"f.EB7466E535C2126E60AFBA1E962AA512.d.EF0CA3C1B82424305A4FD8E5223BFD61.e.11229","ELEMENT":"f.EB7466E535C2126E60AFBA1E962AA512.d.EF0CA3C1B82424305A4FD8E5223BFD61.e.11229"}]}
RESULT: {"script":"<script> [56 bytes]","args":[{"element-6066-11e4-a52e-4f735466cecf":"f.EB7466E535C2126E60AFBA1E962AA512.d.EF0CA3C1B82424305A4FD8E5223BFD61.e.11229","ELEMENT":"f.EB7466E535C2126E60AFBA1E962AA512.d.EF0CA3C1B82424305A4FD8E5223BFD61.e.11229"}]}
COMMAND: POST /session/e9da8fc7d2e5c6d9fcb370d825f3b6fb/element - {"using":"xpath","value":"//table[contains(@id, \"innerSelectionPanelTable-listUl\")]/tbody/tr[9]/td[2]/div/div"}
COMMAND: GET /session/e9da8fc7d2e5c6d9fcb370d825f3b6fb/screenshot - {}
RESULT: {"using":"xpath","value":"//table[contains(@id, \"innerSelectionPanelTable-listUl\")]/tbody/tr[9]/td[2]/div/div"}
COMMAND: POST /session/e9da8fc7d2e5c6d9fcb370d825f3b6fb/element - {"using":"xpath","value":"//table[contains(@id, \"innerSelectionPanelTable-listUl\")]/tbody/tr[9]/td[3]/div/div/span/span[1]/bdi"}
RESULT: {}
RESULT: {"using":"xpath","value":"//table[contains(@id, \"innerSelectionPanelTable-listUl\")]/tbody/tr[9]/td[3]/div/div/span/span[1]/bdi"}
COMMAND: POST /session/e9da8fc7d2e5c6d9fcb370d825f3b6fb/execute/sync - {"script":"<script> [56 bytes]","args":[{"element-6066-11e4-a52e-4f735466cecf":"f.EB7466E535C2126E60AFBA1E962AA512.d.EF0CA3C1B82424305A4FD8E5223BFD61.e.11231","ELEMENT":"f.EB7466E535C2126E60AFBA1E962AA512.d.EF0CA3C1B82424305A4FD8E5223BFD61.e.11231"}]}
RESULT: {"script":"<script> [56 bytes]","args":[{"element-6066-11e4-a52e-4f735466cecf":"f.EB7466E535C2126E60AFBA1E962AA512.d.EF0CA3C1B82424305A4FD8E5223BFD61.e.11231","ELEMENT":"f.EB7466E535C2126E60AFBA1E962AA512.d.EF0CA3C1B82424305A4FD8E5223BFD61.e.11231"}]}
COMMAND: POST /session/e9da8fc7d2e5c6d9fcb370d825f3b6fb/element - {"using":"xpath","value":"//table[contains(@id, \"innerSelectionPanelTable-listUl\")]/tbody/tr[10]/td[2]/div/div"}
COMMAND: GET /session/e9da8fc7d2e5c6d9fcb370d825f3b6fb/screenshot - {}
RESULT: {"using":"xpath","value":"//table[contains(@id, \"innerSelectionPanelTable-listUl\")]/tbody/tr[10]/td[2]/div/div"}
COMMAND: POST /session/e9da8fc7d2e5c6d9fcb370d825f3b6fb/element - {"using":"xpath","value":"//table[contains(@id, \"innerSelectionPanelTable-listUl\")]/tbody/tr[10]/td[3]/div/div/span/span[1]/bdi"}
RESULT: {}
RESULT: {"using":"xpath","value":"//table[contains(@id, \"innerSelectionPanelTable-listUl\")]/tbody/tr[10]/td[3]/div/div/span/span[1]/bdi"}
COMMAND: POST /session/e9da8fc7d2e5c6d9fcb370d825f3b6fb/execute/sync - {"script":"<script> [56 bytes]","args":[{"element-6066-11e4-a52e-4f735466cecf":"f.EB7466E535C2126E60AFBA1E962AA512.d.EF0CA3C1B82424305A4FD8E5223BFD61.e.11233","ELEMENT":"f.EB7466E535C2126E60AFBA1E962AA512.d.EF0CA3C1B82424305A4FD8E5223BFD61.e.11233"}]}
RESULT: {"script":"<script> [56 bytes]","args":[{"element-6066-11e4-a52e-4f735466cecf":"f.EB7466E535C2126E60AFBA1E962AA512.d.EF0CA3C1B82424305A4FD8E5223BFD61.e.11233","ELEMENT":"f.EB7466E535C2126E60AFBA1E962AA512.d.EF0CA3C1B82424305A4FD8E5223BFD61.e.11233"}]}
COMMAND: POST /session/e9da8fc7d2e5c6d9fcb370d825f3b6fb/element - {"using":"xpath","value":"//table[contains(@id, \"innerSelectionPanelTable-listUl\")]/tbody/tr[11]/td[2]/div/div"}
COMMAND: GET /session/e9da8fc7d2e5c6d9fcb370d825f3b6fb/screenshot - {}
RESULT: {"using":"xpath","value":"//table[contains(@id, \"innerSelectionPanelTable-listUl\")]/tbody/tr[11]/td[2]/div/div"}
COMMAND: POST /session/e9da8fc7d2e5c6d9fcb370d825f3b6fb/element - {"using":"xpath","value":"//table[contains(@id, \"innerSelectionPanelTable-listUl\")]/tbody/tr[11]/td[3]/div/div/span/span[1]/bdi"}
RESULT: {}
RESULT: {"using":"xpath","value":"//table[contains(@id, \"innerSelectionPanelTable-listUl\")]/tbody/tr[11]/td[3]/div/div/span/span[1]/bdi"}
COMMAND: POST /session/e9da8fc7d2e5c6d9fcb370d825f3b6fb/execute/sync - {"script":"<script> [56 bytes]","args":[{"element-6066-11e4-a52e-4f735466cecf":"f.EB7466E535C2126E60AFBA1E962AA512.d.EF0CA3C1B82424305A4FD8E5223BFD61.e.11235","ELEMENT":"f.EB7466E535C2126E60AFBA1E962AA512.d.EF0CA3C1B82424305A4FD8E5223BFD61.e.11235"}]}
RESULT: {"script":"<script> [56 bytes]","args":[{"element-6066-11e4-a52e-4f735466cecf":"f.EB7466E535C2126E60AFBA1E962AA512.d.EF0CA3C1B82424305A4FD8E5223BFD61.e.11235","ELEMENT":"f.EB7466E535C2126E60AFBA1E962AA512.d.EF0CA3C1B82424305A4FD8E5223BFD61.e.11235"}]}
COMMAND: POST /session/e9da8fc7d2e5c6d9fcb370d825f3b6fb/element - {"using":"xpath","value":"//table[contains(@id, \"innerSelectionPanelTable-listUl\")]/tbody/tr[12]/td[2]/div/div"}
COMMAND: GET /session/e9da8fc7d2e5c6d9fcb370d825f3b6fb/screenshot - {}
RESULT: {"using":"xpath","value":"//table[contains(@id, \"innerSelectionPanelTable-listUl\")]/tbody/tr[12]/td[2]/div/div"}
COMMAND: POST /session/e9da8fc7d2e5c6d9fcb370d825f3b6fb/element - {"using":"xpath","value":"//table[contains(@id, \"innerSelectionPanelTable-listUl\")]/tbody/tr[12]/td[3]/div/div/span/span[1]/bdi"}
RESULT: {}
RESULT: {"using":"xpath","value":"//table[contains(@id, \"innerSelectionPanelTable-listUl\")]/tbody/tr[12]/td[3]/div/div/span/span[1]/bdi"}
COMMAND: POST /session/e9da8fc7d2e5c6d9fcb370d825f3b6fb/execute/sync - {"script":"<script> [56 bytes]","args":[{"element-6066-11e4-a52e-4f735466cecf":"f.EB7466E535C2126E60AFBA1E962AA512.d.EF0CA3C1B82424305A4FD8E5223BFD61.e.11237","ELEMENT":"f.EB7466E535C2126E60AFBA1E962AA512.d.EF0CA3C1B82424305A4FD8E5223BFD61.e.11237"}]}
RESULT: {"script":"<script> [56 bytes]","args":[{"element-6066-11e4-a52e-4f735466cecf":"f.EB7466E535C2126E60AFBA1E962AA512.d.EF0CA3C1B82424305A4FD8E5223BFD61.e.11237","ELEMENT":"f.EB7466E535C2126E60AFBA1E962AA512.d.EF0CA3C1B82424305A4FD8E5223BFD61.e.11237"}]}
COMMAND: POST /session/e9da8fc7d2e5c6d9fcb370d825f3b6fb/element - {"using":"xpath","value":"//table[contains(@id, \"innerSelectionPanelTable-listUl\")]/tbody/tr[13]/td[2]/div/div"}
COMMAND: POST /session/e9da8fc7d2e5c6d9fcb370d825f3b6fb/element/f.EB7466E535C2126E60AFBA1E962AA512.d.EF0CA3C1B82424305A4FD8E5223BFD61.e.11236/click - {}
COMMAND: GET /session/e9da8fc7d2e5c6d9fcb370d825f3b6fb/screenshot - {}
RESULT: {}
COMMAND: GET /session/e9da8fc7d2e5c6d9fcb370d825f3b6fb/screenshot - {}
RESULT: {"using":"xpath","value":"//table[contains(@id, \"innerSelectionPanelTable-listUl\")]/tbody/tr[13]/td[2]/div/div"}
COMMAND: POST /session/e9da8fc7d2e5c6d9fcb370d825f3b6fb/element - {"using":"xpath","value":"//table[contains(@id, \"innerSelectionPanelTable-listUl\")]/tbody/tr[13]/td[3]/div/div/span/span[1]/bdi"}
RESULT: {}
RESULT: {}
RESULT: {"using":"xpath","value":"//table[contains(@id, \"innerSelectionPanelTable-listUl\")]/tbody/tr[13]/td[3]/div/div/span/span[1]/bdi"}
COMMAND: POST /session/e9da8fc7d2e5c6d9fcb370d825f3b6fb/execute/sync - {"script":"<script> [56 bytes]","args":[{"element-6066-11e4-a52e-4f735466cecf":"f.EB7466E535C2126E60AFBA1E962AA512.d.EF0CA3C1B82424305A4FD8E5223BFD61.e.11241","ELEMENT":"f.EB7466E535C2126E60AFBA1E962AA512.d.EF0CA3C1B82424305A4FD8E5223BFD61.e.11241"}]}
RESULT: {"script":"<script> [56 bytes]","args":[{"element-6066-11e4-a52e-4f735466cecf":"f.EB7466E535C2126E60AFBA1E962AA512.d.EF0CA3C1B82424305A4FD8E5223BFD61.e.11241","ELEMENT":"f.EB7466E535C2126E60AFBA1E962AA512.d.EF0CA3C1B82424305A4FD8E5223BFD61.e.11241"}]}
COMMAND: POST /session/e9da8fc7d2e5c6d9fcb370d825f3b6fb/element - {"using":"xpath","value":"//table[contains(@id, \"innerSelectionPanelTable-listUl\")]/tbody/tr[14]/td[2]/div/div"}
COMMAND: GET /session/e9da8fc7d2e5c6d9fcb370d825f3b6fb/screenshot - {}
RESULT: {"using":"xpath","value":"//table[contains(@id, \"innerSelectionPanelTable-listUl\")]/tbody/tr[14]/td[2]/div/div"}
COMMAND: POST /session/e9da8fc7d2e5c6d9fcb370d825f3b6fb/element - {"using":"xpath","value":"//table[contains(@id, \"innerSelectionPanelTable-listUl\")]/tbody/tr[14]/td[3]/div/div/span/span[1]/bdi"}
RESULT: {}
RESULT: {"using":"xpath","value":"//table[contains(@id, \"innerSelectionPanelTable-listUl\")]/tbody/tr[14]/td[3]/div/div/span/span[1]/bdi"}
COMMAND: POST /session/e9da8fc7d2e5c6d9fcb370d825f3b6fb/execute/sync - {"script":"<script> [56 bytes]","args":[{"element-6066-11e4-a52e-4f735466cecf":"f.EB7466E535C2126E60AFBA1E962AA512.d.EF0CA3C1B82424305A4FD8E5223BFD61.e.11243","ELEMENT":"f.EB7466E535C2126E60AFBA1E962AA512.d.EF0CA3C1B82424305A4FD8E5223BFD61.e.11243"}]}
RESULT: {"script":"<script> [56 bytes]","args":[{"element-6066-11e4-a52e-4f735466cecf":"f.EB7466E535C2126E60AFBA1E962AA512.d.EF0CA3C1B82424305A4FD8E5223BFD61.e.11243","ELEMENT":"f.EB7466E535C2126E60AFBA1E962AA512.d.EF0CA3C1B82424305A4FD8E5223BFD61.e.11243"}]}
COMMAND: POST /session/e9da8fc7d2e5c6d9fcb370d825f3b6fb/element - {"using":"xpath","value":"//bdi[contains(text(), \"OK\")]"}
COMMAND: GET /session/e9da8fc7d2e5c6d9fcb370d825f3b6fb/screenshot - {}
RESULT: {"using":"xpath","value":"//bdi[contains(text(), \"OK\")]"}
COMMAND: POST /session/e9da8fc7d2e5c6d9fcb370d825f3b6fb/element/f.EB7466E535C2126E60AFBA1E962AA512.d.EF0CA3C1B82424305A4FD8E5223BFD61.e.11244/click - {}
RESULT: {}
RESULT: {}
COMMAND: GET /session/e9da8fc7d2e5c6d9fcb370d825f3b6fb/screenshot - {}
RESULT: {}
COMMAND: POST /session/e9da8fc7d2e5c6d9fcb370d825f3b6fb/element - {"using":"xpath","value":"//table[contains(@id, \"customPartnersTable-listUl\")]/thead/tr[1]/th[contains(., \"Catalog\")]"}
RESULT: {"using":"xpath","value":"//table[contains(@id, \"customPartnersTable-listUl\")]/thead/tr[1]/th[contains(., \"Catalog\")]"}
COMMAND: POST /session/e9da8fc7d2e5c6d9fcb370d825f3b6fb/elements - {"using":"xpath","value":"//table[contains(@id, \"customPartnersTable-listUl\")]/thead/tr[1]/th[contains(., \"Catalog\")]"}
RESULT: {"using":"xpath","value":"//table[contains(@id, \"customPartnersTable-listUl\")]/thead/tr[1]/th[contains(., \"Catalog\")]"}
COMMAND: POST /session/e9da8fc7d2e5c6d9fcb370d825f3b6fb/element - {"using":"xpath","value":"//table[contains(@id, \"customPartnersTable-listUl\")]/thead/tr[1]/th[contains(., \"Currency\")]"}
RESULT: {"using":"xpath","value":"//table[contains(@id, \"customPartnersTable-listUl\")]/thead/tr[1]/th[contains(., \"Currency\")]"}
COMMAND: POST /session/e9da8fc7d2e5c6d9fcb370d825f3b6fb/elements - {"using":"xpath","value":"//table[contains(@id, \"customPartnersTable-listUl\")]/thead/tr[1]/th[contains(., \"Currency\")]"}
RESULT: {"using":"xpath","value":"//table[contains(@id, \"customPartnersTable-listUl\")]/thead/tr[1]/th[contains(., \"Currency\")]"}
COMMAND: POST /session/e9da8fc7d2e5c6d9fcb370d825f3b6fb/element - {"using":"xpath","value":"//table[contains(@id, \"customPartnersTable-listUl\")]/thead/tr[1]/th[contains(., \"Partner Type\")]"}
RESULT: {"using":"xpath","value":"//table[contains(@id, \"customPartnersTable-listUl\")]/thead/tr[1]/th[contains(., \"Partner Type\")]"}
COMMAND: POST /session/e9da8fc7d2e5c6d9fcb370d825f3b6fb/elements - {"using":"xpath","value":"//table[contains(@id, \"customPartnersTable-listUl\")]/thead/tr[1]/th[contains(., \"Partner Type\")]"}
RESULT: {"using":"xpath","value":"//table[contains(@id, \"customPartnersTable-listUl\")]/thead/tr[1]/th[contains(., \"Partner Type\")]"}
COMMAND: POST /session/e9da8fc7d2e5c6d9fcb370d825f3b6fb/execute/async - {"script":"<script> [1562 bytes]","args":[{"selector":{"id":"application-managepartners-display-component---masterPtm--smartTable-btnExcelExport-internalSplitBtn-textButton-img"},"wdio_ui5_key":"applicationmanagepartners-display-component---masterPtm--smartTable-btnExcelExport-internalSplitBtn-textButton-img"}]}
RESULT: {"script":"<script> [1562 bytes]","args":[{"selector":{"id":"application-managepartners-display-component---masterPtm--smartTable-btnExcelExport-internalSplitBtn-textButton-img"},"wdio_ui5_key":"applicationmanagepartners-display-component---masterPtm--smartTable-btnExcelExport-internalSplitBtn-textButton-img"}]}
RESULT: undefined
COMMAND: POST /session/e9da8fc7d2e5c6d9fcb370d825f3b6fb/element - {"using":"xpath","value":"//*[@id=\"application-managepartners-display-component---masterPtm--smartTable-btnExcelExport-internalSplitBtn-textButton-img\"]"}
RESULT: {"using":"xpath","value":"//*[@id=\"application-managepartners-display-component---masterPtm--smartTable-btnExcelExport-internalSplitBtn-textButton-img\"]"}
COMMAND: POST /session/e9da8fc7d2e5c6d9fcb370d825f3b6fb/element/f.EB7466E535C2126E60AFBA1E962AA512.d.EF0CA3C1B82424305A4FD8E5223BFD61.e.9194/click - {}
RESULT: {}
COMMAND: POST /session/e9da8fc7d2e5c6d9fcb370d825f3b6fb/element - {"using":"css selector","value":"div.sapMDialog, div.sapMBusyDialog"}
COMMAND: GET /session/e9da8fc7d2e5c6d9fcb370d825f3b6fb/screenshot - {}
RESULT: {"using":"css selector","value":"div.sapMDialog, div.sapMBusyDialog"}
COMMAND: POST /session/e9da8fc7d2e5c6d9fcb370d825f3b6fb/execute/sync - {"script":"<script> [8489 bytes]","args":[{"element-6066-11e4-a52e-4f735466cecf":"f.EB7466E535C2126E60AFBA1E962AA512.d.EF0CA3C1B82424305A4FD8E5223BFD61.e.11419","ELEMENT":"f.EB7466E535C2126E60AFBA1E962AA512.d.EF0CA3C1B82424305A4FD8E5223BFD61.e.11419"}]}
RESULT: {}
RESULT: {"script":"<script> [8489 bytes]","args":[{"element-6066-11e4-a52e-4f735466cecf":"f.EB7466E535C2126E60AFBA1E962AA512.d.EF0CA3C1B82424305A4FD8E5223BFD61.e.11419","ELEMENT":"f.EB7466E535C2126E60AFBA1E962AA512.d.EF0CA3C1B82424305A4FD8E5223BFD61.e.11419"}]}
COMMAND: POST /session/e9da8fc7d2e5c6d9fcb370d825f3b6fb/execute/sync - {"script":"<script> [8489 bytes]","args":[{"element-6066-11e4-a52e-4f735466cecf":"f.EB7466E535C2126E60AFBA1E962AA512.d.EF0CA3C1B82424305A4FD8E5223BFD61.e.11419","ELEMENT":"f.EB7466E535C2126E60AFBA1E962AA512.d.EF0CA3C1B82424305A4FD8E5223BFD61.e.11419"}]}
COMMAND: GET /session/e9da8fc7d2e5c6d9fcb370d825f3b6fb/screenshot - {}
RESULT: {"script":"<script> [8489 bytes]","args":[{"element-6066-11e4-a52e-4f735466cecf":"f.EB7466E535C2126E60AFBA1E962AA512.d.EF0CA3C1B82424305A4FD8E5223BFD61.e.11419","ELEMENT":"f.EB7466E535C2126E60AFBA1E962AA512.d.EF0CA3C1B82424305A4FD8E5223BFD61.e.11419"}]}
COMMAND: GET /session/e9da8fc7d2e5c6d9fcb370d825f3b6fb/screenshot - {}
COMMAND: POST /session/e9da8fc7d2e5c6d9fcb370d825f3b6fb/execute/sync - {"script":"<script> [8489 bytes]","args":[{"element-6066-11e4-a52e-4f735466cecf":"f.EB7466E535C2126E60AFBA1E962AA512.d.EF0CA3C1B82424305A4FD8E5223BFD61.e.11419","ELEMENT":"f.EB7466E535C2126E60AFBA1E962AA512.d.EF0CA3C1B82424305A4FD8E5223BFD61.e.11419"}]}
RESULT: {}
RESULT: {}
RESULT: {"script":"<script> [8489 bytes]","args":[{"element-6066-11e4-a52e-4f735466cecf":"f.EB7466E535C2126E60AFBA1E962AA512.d.EF0CA3C1B82424305A4FD8E5223BFD61.e.11419","ELEMENT":"f.EB7466E535C2126E60AFBA1E962AA512.d.EF0CA3C1B82424305A4FD8E5223BFD61.e.11419"}]}
COMMAND: GET /session/e9da8fc7d2e5c6d9fcb370d825f3b6fb/screenshot - {}
COMMAND: POST /session/e9da8fc7d2e5c6d9fcb370d825f3b6fb/execute/sync - {"script":"<script> [8489 bytes]","args":[{"element-6066-11e4-a52e-4f735466cecf":"f.EB7466E535C2126E60AFBA1E962AA512.d.EF0CA3C1B82424305A4FD8E5223BFD61.e.11419","ELEMENT":"f.EB7466E535C2126E60AFBA1E962AA512.d.EF0CA3C1B82424305A4FD8E5223BFD61.e.11419"}]}
RESULT: {}
COMMAND: POST /session/e9da8fc7d2e5c6d9fcb370d825f3b6fb/element - {"using":"css selector","value":"div.sapMDialog, div.sapMBusyDialog"}
RESULT: {"using":"css selector","value":"div.sapMDialog, div.sapMBusyDialog"}
COMMAND: POST /session/e9da8fc7d2e5c6d9fcb370d825f3b6fb/element - {"using":"css selector","value":"div.sapMDialog, div.sapMBusyDialog"}
RESULT: {"using":"css selector","value":"div.sapMDialog, div.sapMBusyDialog"}
COMMAND: POST /session/e9da8fc7d2e5c6d9fcb370d825f3b6fb/execute/async - {"script":"<script> [1562 bytes]","args":[{"selector":{"id":"application-managepartners-display-component---masterPtm--smartTable-btnExcelExport-internalSplitBtn-arrowButton-img"},"wdio_ui5_key":"applicationmanagepartners-display-component---masterPtm--smartTable-btnExcelExport-internalSplitBtn-arrowButton-img"}]}
RESULT: {"script":"<script> [1562 bytes]","args":[{"selector":{"id":"application-managepartners-display-component---masterPtm--smartTable-btnExcelExport-internalSplitBtn-arrowButton-img"},"wdio_ui5_key":"applicationmanagepartners-display-component---masterPtm--smartTable-btnExcelExport-internalSplitBtn-arrowButton-img"}]}
RESULT: undefined
COMMAND: POST /session/e9da8fc7d2e5c6d9fcb370d825f3b6fb/element - {"using":"xpath","value":"//*[@id=\"application-managepartners-display-component---masterPtm--smartTable-btnExcelExport-internalSplitBtn-arrowButton-img\"]"}
RESULT: {"using":"xpath","value":"//*[@id=\"application-managepartners-display-component---masterPtm--smartTable-btnExcelExport-internalSplitBtn-arrowButton-img\"]"}
COMMAND: POST /session/e9da8fc7d2e5c6d9fcb370d825f3b6fb/element/f.EB7466E535C2126E60AFBA1E962AA512.d.EF0CA3C1B82424305A4FD8E5223BFD61.e.9197/click - {}
RESULT: {}
COMMAND: GET /session/e9da8fc7d2e5c6d9fcb370d825f3b6fb/screenshot - {}
RESULT: {}
COMMAND: POST /session/e9da8fc7d2e5c6d9fcb370d825f3b6fb/actions - {"actions":[{"id":"action33","type":"key","parameters":{},"actions":[{"type":"keyDown","value":""},{"type":"pause","duration":10},{"type":"keyUp","value":""}]}]}
RESULT: {"actions":[{"id":"action33","type":"key","parameters":{},"actions":[{"type":"keyDown","value":""},{"type":"pause","duration":10},{"type":"keyUp","value":""}]}]}
COMMAND: POST /session/e9da8fc7d2e5c6d9fcb370d825f3b6fb/actions - {"actions":[{"id":"action34","type":"key","parameters":{},"actions":[{"type":"keyDown","value":""},{"type":"pause","duration":10},{"type":"keyUp","value":""}]}]}
COMMAND: GET /session/e9da8fc7d2e5c6d9fcb370d825f3b6fb/screenshot - {}
RESULT: {"actions":[{"id":"action34","type":"key","parameters":{},"actions":[{"type":"keyDown","value":""},{"type":"pause","duration":10},{"type":"keyUp","value":""}]}]}
COMMAND: GET /session/e9da8fc7d2e5c6d9fcb370d825f3b6fb/screenshot - {}
RESULT: {}
RESULT: {}
COMMAND: POST /session/e9da8fc7d2e5c6d9fcb370d825f3b6fb/element - {"using":"xpath","value":"//div[@id=\"exportSettingsDialog\"]"}
RESULT: {"using":"xpath","value":"//div[@id=\"exportSettingsDialog\"]"}
COMMAND: POST /session/e9da8fc7d2e5c6d9fcb370d825f3b6fb/execute/sync - {"script":"<script> [8489 bytes]","args":[{"element-6066-11e4-a52e-4f735466cecf":"f.EB7466E535C2126E60AFBA1E962AA512.d.EF0CA3C1B82424305A4FD8E5223BFD61.e.11426","ELEMENT":"f.EB7466E535C2126E60AFBA1E962AA512.d.EF0CA3C1B82424305A4FD8E5223BFD61.e.11426"}]}
RESULT: {"script":"<script> [8489 bytes]","args":[{"element-6066-11e4-a52e-4f735466cecf":"f.EB7466E535C2126E60AFBA1E962AA512.d.EF0CA3C1B82424305A4FD8E5223BFD61.e.11426","ELEMENT":"f.EB7466E535C2126E60AFBA1E962AA512.d.EF0CA3C1B82424305A4FD8E5223BFD61.e.11426"}]}
COMMAND: GET /session/e9da8fc7d2e5c6d9fcb370d825f3b6fb/screenshot - {}
RESULT: {}
COMMAND: POST /session/e9da8fc7d2e5c6d9fcb370d825f3b6fb/element - {"using":"xpath","value":"//button[contains(@id,\"exportSettingsDialog-exportButton\")]"}
RESULT: {"using":"xpath","value":"//button[contains(@id,\"exportSettingsDialog-exportButton\")]"}
COMMAND: POST /session/e9da8fc7d2e5c6d9fcb370d825f3b6fb/element/f.EB7466E535C2126E60AFBA1E962AA512.d.EF0CA3C1B82424305A4FD8E5223BFD61.e.11427/click - {}
RESULT: {}
COMMAND: GET /session/e9da8fc7d2e5c6d9fcb370d825f3b6fb/screenshot - {}
COMMAND: POST /session/e9da8fc7d2e5c6d9fcb370d825f3b6fb/element - {"using":"css selector","value":"div.sapMDialog, div.sapMBusyDialog"}
RESULT: {}
RESULT: {"using":"css selector","value":"div.sapMDialog, div.sapMBusyDialog"}
COMMAND: POST /session/e9da8fc7d2e5c6d9fcb370d825f3b6fb/execute/sync - {"script":"<script> [8489 bytes]","args":[{"element-6066-11e4-a52e-4f735466cecf":"f.EB7466E535C2126E60AFBA1E962AA512.d.EF0CA3C1B82424305A4FD8E5223BFD61.e.11430","ELEMENT":"f.EB7466E535C2126E60AFBA1E962AA512.d.EF0CA3C1B82424305A4FD8E5223BFD61.e.11430"}]}
RESULT: {"script":"<script> [8489 bytes]","args":[{"element-6066-11e4-a52e-4f735466cecf":"f.EB7466E535C2126E60AFBA1E962AA512.d.EF0CA3C1B82424305A4FD8E5223BFD61.e.11430","ELEMENT":"f.EB7466E535C2126E60AFBA1E962AA512.d.EF0CA3C1B82424305A4FD8E5223BFD61.e.11430"}]}
COMMAND: POST /session/e9da8fc7d2e5c6d9fcb370d825f3b6fb/execute/sync - {"script":"<script> [8489 bytes]","args":[{"element-6066-11e4-a52e-4f735466cecf":"f.EB7466E535C2126E60AFBA1E962AA512.d.EF0CA3C1B82424305A4FD8E5223BFD61.e.11430","ELEMENT":"f.EB7466E535C2126E60AFBA1E962AA512.d.EF0CA3C1B82424305A4FD8E5223BFD61.e.11430"}]}
COMMAND: GET /session/e9da8fc7d2e5c6d9fcb370d825f3b6fb/screenshot - {}
RESULT: {"script":"<script> [8489 bytes]","args":[{"element-6066-11e4-a52e-4f735466cecf":"f.EB7466E535C2126E60AFBA1E962AA512.d.EF0CA3C1B82424305A4FD8E5223BFD61.e.11430","ELEMENT":"f.EB7466E535C2126E60AFBA1E962AA512.d.EF0CA3C1B82424305A4FD8E5223BFD61.e.11430"}]}
COMMAND: GET /session/e9da8fc7d2e5c6d9fcb370d825f3b6fb/screenshot - {}
RESULT: {}
COMMAND: POST /session/e9da8fc7d2e5c6d9fcb370d825f3b6fb/execute/sync - {"script":"<script> [8489 bytes]","args":[{"element-6066-11e4-a52e-4f735466cecf":"f.EB7466E535C2126E60AFBA1E962AA512.d.EF0CA3C1B82424305A4FD8E5223BFD61.e.11430","ELEMENT":"f.EB7466E535C2126E60AFBA1E962AA512.d.EF0CA3C1B82424305A4FD8E5223BFD61.e.11430"}]}
RESULT: {}
RESULT: {"script":"<script> [8489 bytes]","args":[{"element-6066-11e4-a52e-4f735466cecf":"f.EB7466E535C2126E60AFBA1E962AA512.d.EF0CA3C1B82424305A4FD8E5223BFD61.e.11430","ELEMENT":"f.EB7466E535C2126E60AFBA1E962AA512.d.EF0CA3C1B82424305A4FD8E5223BFD61.e.11430"}]}
COMMAND: GET /session/e9da8fc7d2e5c6d9fcb370d825f3b6fb/screenshot - {}
COMMAND: POST /session/e9da8fc7d2e5c6d9fcb370d825f3b6fb/execute/sync - {"script":"<script> [8489 bytes]","args":[{"element-6066-11e4-a52e-4f735466cecf":"f.EB7466E535C2126E60AFBA1E962AA512.d.EF0CA3C1B82424305A4FD8E5223BFD61.e.11430","ELEMENT":"f.EB7466E535C2126E60AFBA1E962AA512.d.EF0CA3C1B82424305A4FD8E5223BFD61.e.11430"}]}
RESULT: {}
COMMAND: POST /session/e9da8fc7d2e5c6d9fcb370d825f3b6fb/element - {"using":"css selector","value":"div.sapMDialog, div.sapMBusyDialog"}
RESULT: {"using":"css selector","value":"div.sapMDialog, div.sapMBusyDialog"}
COMMAND: POST /session/e9da8fc7d2e5c6d9fcb370d825f3b6fb/element - {"using":"css selector","value":"div.sapMDialog, div.sapMBusyDialog"}
RESULT: {"using":"css selector","value":"div.sapMDialog, div.sapMBusyDialog"}
COMMAND: POST /session/e9da8fc7d2e5c6d9fcb370d825f3b6fb/execute/async - {"script":"<script> [1562 bytes]","args":[{"selector":{"id":"application-managepartners-display-component---masterPtm--smartTable-btnFullScreen-img"},"wdio_ui5_key":"applicationmanagepartners-display-component---masterPtm--smartTable-btnFullScreen-img"}]}
RESULT: {"script":"<script> [1562 bytes]","args":[{"selector":{"id":"application-managepartners-display-component---masterPtm--smartTable-btnFullScreen-img"},"wdio_ui5_key":"applicationmanagepartners-display-component---masterPtm--smartTable-btnFullScreen-img"}]}
RESULT: undefined
COMMAND: POST /session/e9da8fc7d2e5c6d9fcb370d825f3b6fb/element - {"using":"xpath","value":"//*[@id=\"application-managepartners-display-component---masterPtm--smartTable-btnFullScreen-img\"]"}
RESULT: {"using":"xpath","value":"//*[@id=\"application-managepartners-display-component---masterPtm--smartTable-btnFullScreen-img\"]"}
COMMAND: POST /session/e9da8fc7d2e5c6d9fcb370d825f3b6fb/element/f.EB7466E535C2126E60AFBA1E962AA512.d.EF0CA3C1B82424305A4FD8E5223BFD61.e.9200/click - {}
RESULT: {}
COMMAND: GET /session/e9da8fc7d2e5c6d9fcb370d825f3b6fb/screenshot - {}
RESULT: {}
COMMAND: POST /session/e9da8fc7d2e5c6d9fcb370d825f3b6fb/element - {"using":"xpath","value":"//div[contains(@role,\"dialog\") and contains(@id, \"dialog\")]"}
RESULT: {"using":"xpath","value":"//div[contains(@role,\"dialog\") and contains(@id, \"dialog\")]"}
COMMAND: POST /session/e9da8fc7d2e5c6d9fcb370d825f3b6fb/execute/sync - {"script":"<script> [8489 bytes]","args":[{"element-6066-11e4-a52e-4f735466cecf":"f.EB7466E535C2126E60AFBA1E962AA512.d.EF0CA3C1B82424305A4FD8E5223BFD61.e.11436","ELEMENT":"f.EB7466E535C2126E60AFBA1E962AA512.d.EF0CA3C1B82424305A4FD8E5223BFD61.e.11436"}]}
RESULT: {"script":"<script> [8489 bytes]","args":[{"element-6066-11e4-a52e-4f735466cecf":"f.EB7466E535C2126E60AFBA1E962AA512.d.EF0CA3C1B82424305A4FD8E5223BFD61.e.11436","ELEMENT":"f.EB7466E535C2126E60AFBA1E962AA512.d.EF0CA3C1B82424305A4FD8E5223BFD61.e.11436"}]}
COMMAND: GET /session/e9da8fc7d2e5c6d9fcb370d825f3b6fb/screenshot - {}
RESULT: {}
RESULT: undefined
COMMAND: POST /session/e9da8fc7d2e5c6d9fcb370d825f3b6fb/element - {"using":"xpath","value":"//*[@id=\"application-managepartners-display-component---masterPtm--smartTable-btnFullScreen-img\"]"}
RESULT: {"using":"xpath","value":"//*[@id=\"application-managepartners-display-component---masterPtm--smartTable-btnFullScreen-img\"]"}
COMMAND: POST /session/e9da8fc7d2e5c6d9fcb370d825f3b6fb/element/f.EB7466E535C2126E60AFBA1E962AA512.d.EF0CA3C1B82424305A4FD8E5223BFD61.e.9200/click - {}
RESULT: {}
COMMAND: GET /session/e9da8fc7d2e5c6d9fcb370d825f3b6fb/screenshot - {}
RESULT: {}
COMMAND: POST /session/e9da8fc7d2e5c6d9fcb370d825f3b6fb/element - {"using":"xpath","value":"//div[contains(@role,\"dialog\") and contains(@id, \"dialog\")]"}
RESULT: {"using":"xpath","value":"//div[contains(@role,\"dialog\") and contains(@id, \"dialog\")]"}
COMMAND: POST /session/e9da8fc7d2e5c6d9fcb370d825f3b6fb/element - {"using":"xpath","value":"//div[contains(@role,\"dialog\") and contains(@id, \"dialog\")]"}
RESULT: {"using":"xpath","value":"//div[contains(@role,\"dialog\") and contains(@id, \"dialog\")]"}
RESULT: undefined
COMMAND: POST /session/e9da8fc7d2e5c6d9fcb370d825f3b6fb/execute/async - {"script":"<script> [776 bytes]","args":[{"enterText":"1099","selector":{"id":"application-managepartners-display-component---masterPtm--smartFilterBar-btnBasicSearch","interaction":{"idSuffix":"I"}},"clearTextFirst":true,"interactionType":"ENTER_TEXT"}]}
RESULT: {"script":"<script> [776 bytes]","args":[{"enterText":"1099","selector":{"id":"application-managepartners-display-component---masterPtm--smartFilterBar-btnBasicSearch","interaction":{"idSuffix":"I"}},"clearTextFirst":true,"interactionType":"ENTER_TEXT"}]}
COMMAND: POST /session/e9da8fc7d2e5c6d9fcb370d825f3b6fb/actions - {"actions":[{"id":"action35","type":"key","parameters":{},"actions":[{"type":"keyDown","value":""},{"type":"pause","duration":10},{"type":"keyUp","value":""}]}]}
RESULT: {"actions":[{"id":"action35","type":"key","parameters":{},"actions":[{"type":"keyDown","value":""},{"type":"pause","duration":10},{"type":"keyUp","value":""}]}]}
COMMAND: GET /session/e9da8fc7d2e5c6d9fcb370d825f3b6fb/screenshot - {}
RESULT: {}
COMMAND: POST /session/e9da8fc7d2e5c6d9fcb370d825f3b6fb/elements - {"using":"xpath","value":"//table[contains(@id, \"customPartnersTable-listUl\")]/tbody/tr"}
RESULT: {"using":"xpath","value":"//table[contains(@id, \"customPartnersTable-listUl\")]/tbody/tr"}
COMMAND: POST /session/e9da8fc7d2e5c6d9fcb370d825f3b6fb/element - {"using":"xpath","value":"//table[contains(@id, \"customPartnersTable-listUl\")]/tbody/tr[1]/td[3]/span"}
RESULT: {"using":"xpath","value":"//table[contains(@id, \"customPartnersTable-listUl\")]/tbody/tr[1]/td[3]/span"}
COMMAND: POST /session/e9da8fc7d2e5c6d9fcb370d825f3b6fb/elements - {"using":"xpath","value":"//table[contains(@id, \"customPartnersTable-listUl\")]/tbody/tr[1]/td[3]/span"}
RESULT: {"using":"xpath","value":"//table[contains(@id, \"customPartnersTable-listUl\")]/tbody/tr[1]/td[3]/span"}
COMMAND: POST /session/e9da8fc7d2e5c6d9fcb370d825f3b6fb/execute/sync - {"script":"<script> [56 bytes]","args":[{"element-6066-11e4-a52e-4f735466cecf":"f.EB7466E535C2126E60AFBA1E962AA512.d.EF0CA3C1B82424305A4FD8E5223BFD61.e.11449","ELEMENT":"f.EB7466E535C2126E60AFBA1E962AA512.d.EF0CA3C1B82424305A4FD8E5223BFD61.e.11449"}]}
RESULT: {"script":"<script> [56 bytes]","args":[{"element-6066-11e4-a52e-4f735466cecf":"f.EB7466E535C2126E60AFBA1E962AA512.d.EF0CA3C1B82424305A4FD8E5223BFD61.e.11449","ELEMENT":"f.EB7466E535C2126E60AFBA1E962AA512.d.EF0CA3C1B82424305A4FD8E5223BFD61.e.11449"}]}
COMMAND: POST /session/e9da8fc7d2e5c6d9fcb370d825f3b6fb/element - {"using":"xpath","value":"(//span[contains(@id, \"imgNav\")])[1]"}
COMMAND: GET /session/e9da8fc7d2e5c6d9fcb370d825f3b6fb/screenshot - {}
RESULT: {"using":"xpath","value":"(//span[contains(@id, \"imgNav\")])[1]"}
COMMAND: POST /session/e9da8fc7d2e5c6d9fcb370d825f3b6fb/element/f.EB7466E535C2126E60AFBA1E962AA512.d.EF0CA3C1B82424305A4FD8E5223BFD61.e.11448/click - {}
RESULT: {}
RESULT: {}
COMMAND: GET /session/e9da8fc7d2e5c6d9fcb370d825f3b6fb/screenshot - {}
RESULT: {}
COMMAND: POST /session/e9da8fc7d2e5c6d9fcb370d825f3b6fb/execute/async - {"script":"<script> [1562 bytes]","args":[{"selector":{"controlType":"sap.m.Text","viewName":"etm.portal.ui.managepartners.view.Detail","viewId":"application-managepartners-display-component---detailPtm","bindingPath":{"path":"/PartnersWithBillingType(ID='1099')","propertyPath":"ID","modelName":"catalogModel"}},"wdio_ui5_key":"etmportal.ui.managepartners.view.Detailsap.m.Text{\"path\":\"/PartnersWithBillingType(ID='1099')\",\"propertyPath\":\"ID\",\"modelName\":\"catalogModel\"}"}]}
RESULT: {"script":"<script> [1562 bytes]","args":[{"selector":{"controlType":"sap.m.Text","viewName":"etm.portal.ui.managepartners.view.Detail","viewId":"application-managepartners-display-component---detailPtm","bindingPath":{"path":"/PartnersWithBillingType(ID='1099')","propertyPath":"ID","modelName":"catalogModel"}},"wdio_ui5_key":"etmportal.ui.managepartners.view.Detailsap.m.Text{\"path\":\"/PartnersWithBillingType(ID='1099')\",\"propertyPath\":\"ID\",\"modelName\":\"catalogModel\"}"}]}
RESULT: undefined
COMMAND: POST /session/e9da8fc7d2e5c6d9fcb370d825f3b6fb/execute/async - {"script":"<script> [6424 bytes]","args":[{"element-6066-11e4-a52e-4f735466cecf":"f.EB7466E535C2126E60AFBA1E962AA512.d.EF0CA3C1B82424305A4FD8E5223BFD61.e.11662"},"getText",[]]}
RESULT: {"script":"<script> [6424 bytes]","args":[{"element-6066-11e4-a52e-4f735466cecf":"f.EB7466E535C2126E60AFBA1E962AA512.d.EF0CA3C1B82424305A4FD8E5223BFD61.e.11662"},"getText",[]]}
COMMAND: POST /session/e9da8fc7d2e5c6d9fcb370d825f3b6fb/element - {"using":"xpath","value":"//bdi[contains(text(), \"Edit\")]"}
RESULT: {"using":"xpath","value":"//bdi[contains(text(), \"Edit\")]"}
COMMAND: POST /session/e9da8fc7d2e5c6d9fcb370d825f3b6fb/element/f.EB7466E535C2126E60AFBA1E962AA512.d.EF0CA3C1B82424305A4FD8E5223BFD61.e.11663/click - {}
RESULT: {}
COMMAND: GET /session/e9da8fc7d2e5c6d9fcb370d825f3b6fb/screenshot - {}
RESULT: {}
RESULT: undefined
COMMAND: POST /session/e9da8fc7d2e5c6d9fcb370d825f3b6fb/execute/async - {"script":"<script> [776 bytes]","args":[{"enterText":"EDITED PARTNER","selector":{"controlType":"sap.m.Input","viewName":"etm.portal.ui.managepartners.view.EditDetail","labelFor":{"text":"Name"},"interaction":{"idSuffix":"inner"}},"clearTextFirst":true,"interactionType":"ENTER_TEXT"}]}
RESULT: {"script":"<script> [776 bytes]","args":[{"enterText":"EDITED PARTNER","selector":{"controlType":"sap.m.Input","viewName":"etm.portal.ui.managepartners.view.EditDetail","labelFor":{"text":"Name"},"interaction":{"idSuffix":"inner"}},"clearTextFirst":true,"interactionType":"ENTER_TEXT"}]}
COMMAND: POST /session/e9da8fc7d2e5c6d9fcb370d825f3b6fb/element - {"using":"xpath","value":"//button[@data-kt=\"saveButton\"]"}
RESULT: {"using":"xpath","value":"//button[@data-kt=\"saveButton\"]"}
COMMAND: POST /session/e9da8fc7d2e5c6d9fcb370d825f3b6fb/element/f.EB7466E535C2126E60AFBA1E962AA512.d.EF0CA3C1B82424305A4FD8E5223BFD61.e.11790/click - {}
RESULT: {}
COMMAND: GET /session/e9da8fc7d2e5c6d9fcb370d825f3b6fb/screenshot - {}
RESULT: {}
RESULT: undefined
COMMAND: POST /session/e9da8fc7d2e5c6d9fcb370d825f3b6fb/execute/async - {"script":"<script> [6424 bytes]","args":[{"element-6066-11e4-a52e-4f735466cecf":"f.EB7466E535C2126E60AFBA1E962AA512.d.EF0CA3C1B82424305A4FD8E5223BFD61.e.5828"},"getValue",[]]}
COMMAND: POST /session/e9da8fc7d2e5c6d9fcb370d825f3b6fb/execute/async - {"script":"<script> [1562 bytes]","args":[{"selector":{"id":"application-managepartners-display-component---detailPtm--addressDetailDetailsName1"},"wdio_ui5_key":"applicationmanagepartners-display-component---detailPtm--addressDetailDetailsName1"}]}
RESULT: {"script":"<script> [1562 bytes]","args":[{"selector":{"id":"application-managepartners-display-component---detailPtm--addressDetailDetailsName1"},"wdio_ui5_key":"applicationmanagepartners-display-component---detailPtm--addressDetailDetailsName1"}]}
COMMAND: POST /session/e9da8fc7d2e5c6d9fcb370d825f3b6fb/execute/async - {"script":"<script> [6424 bytes]","args":[{"element-6066-11e4-a52e-4f735466cecf":"f.EB7466E535C2126E60AFBA1E962AA512.d.EF0CA3C1B82424305A4FD8E5223BFD61.e.11838"},"getValue",[]]}
RESULT: {"script":"<script> [6424 bytes]","args":[{"element-6066-11e4-a52e-4f735466cecf":"f.EB7466E535C2126E60AFBA1E962AA512.d.EF0CA3C1B82424305A4FD8E5223BFD61.e.11838"},"getValue",[]]}
COMMAND: POST /session/e9da8fc7d2e5c6d9fcb370d825f3b6fb/execute/async - {"script":"<script> [1562 bytes]","args":[{"selector":{"controlType":"sap.ui.core.Icon","viewName":"etm.portal.ui.managepartners.view.Detail","viewId":"application-managepartners-display-component---detailPtm","properties":{"src":{"regex":{"source":"decline"}}}},"wdio_ui5_key":"etmportal.ui.managepartners.view.Detailsap.ui.core.Icon{\"src\":{\"regex\":{\"source\":\"decline\"}}}"}]}
RESULT: {"script":"<script> [1562 bytes]","args":[{"selector":{"controlType":"sap.ui.core.Icon","viewName":"etm.portal.ui.managepartners.view.Detail","viewId":"application-managepartners-display-component---detailPtm","properties":{"src":{"regex":{"source":"decline"}}}},"wdio_ui5_key":"etmportal.ui.managepartners.view.Detailsap.ui.core.Icon{\"src\":{\"regex\":{\"source\":\"decline\"}}}"}]}
RESULT: undefined
COMMAND: POST /session/e9da8fc7d2e5c6d9fcb370d825f3b6fb/element - {"using":"xpath","value":"//*[@id=\"__button225-img\"]"}
RESULT: {"using":"xpath","value":"//*[@id=\"__button225-img\"]"}
COMMAND: POST /session/e9da8fc7d2e5c6d9fcb370d825f3b6fb/element/f.EB7466E535C2126E60AFBA1E962AA512.d.EF0CA3C1B82424305A4FD8E5223BFD61.e.11928/click - {}
RESULT: {}
COMMAND: GET /session/e9da8fc7d2e5c6d9fcb370d825f3b6fb/screenshot - {}
RESULT: {}
COMMAND: POST /session/e9da8fc7d2e5c6d9fcb370d825f3b6fb/element - {"using":"xpath","value":"//button[@data-kt=\"addButton\"]"}
RESULT: {"using":"xpath","value":"//button[@data-kt=\"addButton\"]"}
COMMAND: GET /session/e9da8fc7d2e5c6d9fcb370d825f3b6fb/element/f.EB7466E535C2126E60AFBA1E962AA512.d.EF0CA3C1B82424305A4FD8E5223BFD61.e.11957/enabled - {}
RESULT: {}
COMMAND: POST /session/e9da8fc7d2e5c6d9fcb370d825f3b6fb/execute/sync - {"script":"<script> [8489 bytes]","args":[{"element-6066-11e4-a52e-4f735466cecf":"f.EB7466E535C2126E60AFBA1E962AA512.d.EF0CA3C1B82424305A4FD8E5223BFD61.e.11957","ELEMENT":"f.EB7466E535C2126E60AFBA1E962AA512.d.EF0CA3C1B82424305A4FD8E5223BFD61.e.11957"}]}
COMMAND: GET /session/e9da8fc7d2e5c6d9fcb370d825f3b6fb/screenshot - {}
RESULT: {"script":"<script> [8489 bytes]","args":[{"element-6066-11e4-a52e-4f735466cecf":"f.EB7466E535C2126E60AFBA1E962AA512.d.EF0CA3C1B82424305A4FD8E5223BFD61.e.11957","ELEMENT":"f.EB7466E535C2126E60AFBA1E962AA512.d.EF0CA3C1B82424305A4FD8E5223BFD61.e.11957"}]}
COMMAND: POST /session/e9da8fc7d2e5c6d9fcb370d825f3b6fb/execute/sync - {"script":"<script> [5351 bytes]","args":[{"element-6066-11e4-a52e-4f735466cecf":"f.EB7466E535C2126E60AFBA1E962AA512.d.EF0CA3C1B82424305A4FD8E5223BFD61.e.11957","ELEMENT":"f.EB7466E535C2126E60AFBA1E962AA512.d.EF0CA3C1B82424305A4FD8E5223BFD61.e.11957"}]}
COMMAND: GET /session/e9da8fc7d2e5c6d9fcb370d825f3b6fb/screenshot - {}
RESULT: {}
RESULT: {"script":"<script> [5351 bytes]","args":[{"element-6066-11e4-a52e-4f735466cecf":"f.EB7466E535C2126E60AFBA1E962AA512.d.EF0CA3C1B82424305A4FD8E5223BFD61.e.11957","ELEMENT":"f.EB7466E535C2126E60AFBA1E962AA512.d.EF0CA3C1B82424305A4FD8E5223BFD61.e.11957"}]}
COMMAND: POST /session/e9da8fc7d2e5c6d9fcb370d825f3b6fb/element/f.EB7466E535C2126E60AFBA1E962AA512.d.EF0CA3C1B82424305A4FD8E5223BFD61.e.11957/click - {}
COMMAND: GET /session/e9da8fc7d2e5c6d9fcb370d825f3b6fb/screenshot - {}
RESULT: {}
RESULT: {}
COMMAND: GET /session/e9da8fc7d2e5c6d9fcb370d825f3b6fb/screenshot - {}
RESULT: {}
RESULT: {}
RESULT: undefined
COMMAND: POST /session/e9da8fc7d2e5c6d9fcb370d825f3b6fb/execute/async - {"script":"<script> [776 bytes]","args":[{"enterText":"New Partner WDIO","selector":{"id":"application-managepartners-display-component---NewPartner--addressDetailDetailsName1","interaction":{"idSuffix":"inner"}},"clearTextFirst":true,"interactionType":"ENTER_TEXT"}]}
RESULT: {"script":"<script> [776 bytes]","args":[{"enterText":"New Partner WDIO","selector":{"id":"application-managepartners-display-component---NewPartner--addressDetailDetailsName1","interaction":{"idSuffix":"inner"}},"clearTextFirst":true,"interactionType":"ENTER_TEXT"}]}
RESULT: undefined
COMMAND: POST /session/e9da8fc7d2e5c6d9fcb370d825f3b6fb/element - {"using":"xpath","value":"//*[@id=\"application-managepartners-display-component---NewPartner--addressDetailDetailsLanguage-arrow\"]"}
RESULT: {"using":"xpath","value":"//*[@id=\"application-managepartners-display-component---NewPartner--addressDetailDetailsLanguage-arrow\"]"}
COMMAND: POST /session/e9da8fc7d2e5c6d9fcb370d825f3b6fb/element/f.EB7466E535C2126E60AFBA1E962AA512.d.EF0CA3C1B82424305A4FD8E5223BFD61.e.12264/click - {}
RESULT: {}
COMMAND: GET /session/e9da8fc7d2e5c6d9fcb370d825f3b6fb/screenshot - {}
RESULT: {}
COMMAND: POST /session/e9da8fc7d2e5c6d9fcb370d825f3b6fb/element - {"using":"xpath","value":"//ul[contains(@id,\"DetailDetailsLanguage-popup-list-listUl\")]//li[.//span[contains(text(), \"English\")]]"}
RESULT: {"using":"xpath","value":"//ul[contains(@id,\"DetailDetailsLanguage-popup-list-listUl\")]//li[.//span[contains(text(), \"English\")]]"}
COMMAND: POST /session/e9da8fc7d2e5c6d9fcb370d825f3b6fb/element/f.EB7466E535C2126E60AFBA1E962AA512.d.EF0CA3C1B82424305A4FD8E5223BFD61.e.12265/click - {}
RESULT: {}
COMMAND: GET /session/e9da8fc7d2e5c6d9fcb370d825f3b6fb/screenshot - {}
RESULT: {}
RESULT: undefined
COMMAND: POST /session/e9da8fc7d2e5c6d9fcb370d825f3b6fb/execute/async - {"script":"<script> [776 bytes]","args":[{"enterText":"Deva","selector":{"id":"application-managepartners-display-component---NewPartner--addressDetailDetailsCity1","interaction":{"idSuffix":"inner"}},"clearTextFirst":true,"interactionType":"ENTER_TEXT"}]}
RESULT: {"script":"<script> [776 bytes]","args":[{"enterText":"Deva","selector":{"id":"application-managepartners-display-component---NewPartner--addressDetailDetailsCity1","interaction":{"idSuffix":"inner"}},"clearTextFirst":true,"interactionType":"ENTER_TEXT"}]}
RESULT: undefined
COMMAND: POST /session/e9da8fc7d2e5c6d9fcb370d825f3b6fb/element - {"using":"xpath","value":"//*[@id=\"application-managepartners-display-component---NewPartner--addressDetailDetailsCountry-arrow\"]"}
RESULT: {"using":"xpath","value":"//*[@id=\"application-managepartners-display-component---NewPartner--addressDetailDetailsCountry-arrow\"]"}
COMMAND: POST /session/e9da8fc7d2e5c6d9fcb370d825f3b6fb/element/f.EB7466E535C2126E60AFBA1E962AA512.d.EF0CA3C1B82424305A4FD8E5223BFD61.e.12110/click - {}
RESULT: {}
COMMAND: GET /session/e9da8fc7d2e5c6d9fcb370d825f3b6fb/screenshot - {}
RESULT: {}
COMMAND: POST /session/e9da8fc7d2e5c6d9fcb370d825f3b6fb/element - {"using":"xpath","value":"//ul[contains(@id,\"DetailsCountry-popup-list-listUl\")]//li[.//span[contains(text(), \"Armenia\")]]"}
RESULT: {"using":"xpath","value":"//ul[contains(@id,\"DetailsCountry-popup-list-listUl\")]//li[.//span[contains(text(), \"Armenia\")]]"}
COMMAND: POST /session/e9da8fc7d2e5c6d9fcb370d825f3b6fb/element/f.EB7466E535C2126E60AFBA1E962AA512.d.EF0CA3C1B82424305A4FD8E5223BFD61.e.12266/click - {}
RESULT: {}
COMMAND: GET /session/e9da8fc7d2e5c6d9fcb370d825f3b6fb/screenshot - {}
RESULT: {}
COMMAND: POST /session/e9da8fc7d2e5c6d9fcb370d825f3b6fb/element - {"using":"xpath","value":"//bdi[contains(text(), \"Commercial\")]"}
RESULT: {"using":"xpath","value":"//bdi[contains(text(), \"Commercial\")]"}
COMMAND: POST /session/e9da8fc7d2e5c6d9fcb370d825f3b6fb/element/f.EB7466E535C2126E60AFBA1E962AA512.d.EF0CA3C1B82424305A4FD8E5223BFD61.e.12267/click - {}
RESULT: {}
COMMAND: GET /session/e9da8fc7d2e5c6d9fcb370d825f3b6fb/screenshot - {}
RESULT: {}
RESULT: undefined
COMMAND: POST /session/e9da8fc7d2e5c6d9fcb370d825f3b6fb/element - {"using":"xpath","value":"//*[@id=\"application-managepartners-display-component---NewPartner--partnerDetailInternal-arrow\"]"}
RESULT: {"using":"xpath","value":"//*[@id=\"application-managepartners-display-component---NewPartner--partnerDetailInternal-arrow\"]"}
COMMAND: POST /session/e9da8fc7d2e5c6d9fcb370d825f3b6fb/element/f.EB7466E535C2126E60AFBA1E962AA512.d.EF0CA3C1B82424305A4FD8E5223BFD61.e.12273/click - {}
RESULT: {}
COMMAND: GET /session/e9da8fc7d2e5c6d9fcb370d825f3b6fb/screenshot - {}
RESULT: {}
COMMAND: POST /session/e9da8fc7d2e5c6d9fcb370d825f3b6fb/element - {"using":"xpath","value":"//ul[contains(@id,\"partnerDetailInternal-popup-list-listUl\")]//li[.//span[contains(text(), \"External partner\")]]"}
RESULT: {"using":"xpath","value":"//ul[contains(@id,\"partnerDetailInternal-popup-list-listUl\")]//li[.//span[contains(text(), \"External partner\")]]"}
COMMAND: POST /session/e9da8fc7d2e5c6d9fcb370d825f3b6fb/element/f.EB7466E535C2126E60AFBA1E962AA512.d.EF0CA3C1B82424305A4FD8E5223BFD61.e.12274/click - {}
RESULT: {}
RESULT: undefined
COMMAND: POST /session/e9da8fc7d2e5c6d9fcb370d825f3b6fb/element - {"using":"xpath","value":"//*[@id=\"application-managepartners-display-component---NewPartner--partnerDetailsCurrency-arrow\"]"}
COMMAND: GET /session/e9da8fc7d2e5c6d9fcb370d825f3b6fb/screenshot - {}
RESULT: {"using":"xpath","value":"//*[@id=\"application-managepartners-display-component---NewPartner--partnerDetailsCurrency-arrow\"]"}
COMMAND: POST /session/e9da8fc7d2e5c6d9fcb370d825f3b6fb/element/f.EB7466E535C2126E60AFBA1E962AA512.d.EF0CA3C1B82424305A4FD8E5223BFD61.e.12279/click - {}
RESULT: {}
RESULT: {}
COMMAND: GET /session/e9da8fc7d2e5c6d9fcb370d825f3b6fb/screenshot - {}
RESULT: {}
COMMAND: POST /session/e9da8fc7d2e5c6d9fcb370d825f3b6fb/element - {"using":"xpath","value":"//ul[contains(@id,\"partnerDetailsCurrency-popup-list-listUl\")]//li[.//span[contains(text(), \"US Dollar\")]]"}
RESULT: {"using":"xpath","value":"//ul[contains(@id,\"partnerDetailsCurrency-popup-list-listUl\")]//li[.//span[contains(text(), \"US Dollar\")]]"}
COMMAND: POST /session/e9da8fc7d2e5c6d9fcb370d825f3b6fb/element/f.EB7466E535C2126E60AFBA1E962AA512.d.EF0CA3C1B82424305A4FD8E5223BFD61.e.12280/click - {}
RESULT: {}
COMMAND: GET /session/e9da8fc7d2e5c6d9fcb370d825f3b6fb/screenshot - {}
RESULT: {}
COMMAND: POST /session/e9da8fc7d2e5c6d9fcb370d825f3b6fb/element - {"using":"xpath","value":"//input[@id=\"application-managepartners-display-component---NewPartner--companyCodeComboBox-inner\"]"}
RESULT: {"using":"xpath","value":"//input[@id=\"application-managepartners-display-component---NewPartner--companyCodeComboBox-inner\"]"}
COMMAND: POST /session/e9da8fc7d2e5c6d9fcb370d825f3b6fb/element/f.EB7466E535C2126E60AFBA1E962AA512.d.EF0CA3C1B82424305A4FD8E5223BFD61.e.12212/clear - {}
RESULT: {}
COMMAND: POST /session/e9da8fc7d2e5c6d9fcb370d825f3b6fb/element/f.EB7466E535C2126E60AFBA1E962AA512.d.EF0CA3C1B82424305A4FD8E5223BFD61.e.12212/value - {"text":"C002"}
COMMAND: GET /session/e9da8fc7d2e5c6d9fcb370d825f3b6fb/screenshot - {}
RESULT: {"text":"C002"}
COMMAND: GET /session/e9da8fc7d2e5c6d9fcb370d825f3b6fb/screenshot - {}
RESULT: {}
RESULT: {}
COMMAND: POST /session/e9da8fc7d2e5c6d9fcb370d825f3b6fb/element - {"using":"xpath","value":"//ul[contains(@id,\"companyCodeComboBox-popup-list-listUl\")]//li[.//span[text()= \"C002\"]]"}
RESULT: {"using":"xpath","value":"//ul[contains(@id,\"companyCodeComboBox-popup-list-listUl\")]//li[.//span[text()= \"C002\"]]"}
COMMAND: POST /session/e9da8fc7d2e5c6d9fcb370d825f3b6fb/element/f.EB7466E535C2126E60AFBA1E962AA512.d.EF0CA3C1B82424305A4FD8E5223BFD61.e.12284/click - {}
RESULT: {}
COMMAND: GET /session/e9da8fc7d2e5c6d9fcb370d825f3b6fb/screenshot - {}
RESULT: {}
RESULT: undefined
COMMAND: POST /session/e9da8fc7d2e5c6d9fcb370d825f3b6fb/element - {"using":"xpath","value":"//*[@id=\"application-managepartners-display-component---NewPartner--btnAddTableRow-img\"]"}
RESULT: {"using":"xpath","value":"//*[@id=\"application-managepartners-display-component---NewPartner--btnAddTableRow-img\"]"}
COMMAND: POST /session/e9da8fc7d2e5c6d9fcb370d825f3b6fb/element/f.EB7466E535C2126E60AFBA1E962AA512.d.EF0CA3C1B82424305A4FD8E5223BFD61.e.12285/click - {}
RESULT: {}
COMMAND: GET /session/e9da8fc7d2e5c6d9fcb370d825f3b6fb/screenshot - {}
RESULT: {}
COMMAND: POST /session/e9da8fc7d2e5c6d9fcb370d825f3b6fb/element - {"using":"xpath","value":"//input[@id=\"application-managepartners-display-component---NewPartner--assignmentYard-application-managepartners-display-component---NewPartner--assignmentsTable-0-inner\"]"}
RESULT: {"using":"xpath","value":"//input[@id=\"application-managepartners-display-component---NewPartner--assignmentYard-application-managepartners-display-component---NewPartner--assignmentsTable-0-inner\"]"}
COMMAND: POST /session/e9da8fc7d2e5c6d9fcb370d825f3b6fb/element/f.EB7466E535C2126E60AFBA1E962AA512.d.EF0CA3C1B82424305A4FD8E5223BFD61.e.12288/clear - {}
RESULT: {}
COMMAND: POST /session/e9da8fc7d2e5c6d9fcb370d825f3b6fb/element/f.EB7466E535C2126E60AFBA1E962AA512.d.EF0CA3C1B82424305A4FD8E5223BFD61.e.12288/value - {"text":"247"}
COMMAND: GET /session/e9da8fc7d2e5c6d9fcb370d825f3b6fb/screenshot - {}
RESULT: {"text":"247"}
COMMAND: GET /session/e9da8fc7d2e5c6d9fcb370d825f3b6fb/screenshot - {}
RESULT: {}
RESULT: {}
COMMAND: POST /session/e9da8fc7d2e5c6d9fcb370d825f3b6fb/element - {"using":"xpath","value":"//ul[contains(@id,\"assignmentYard-application-managepartners-display-component---NewPartner--assignmentsTable-0-popup-list-listUl\")]//li[.//span[text()='247']]"}
RESULT: {"using":"xpath","value":"//ul[contains(@id,\"assignmentYard-application-managepartners-display-component---NewPartner--assignmentsTable-0-popup-list-listUl\")]//li[.//span[text()='247']]"}
COMMAND: POST /session/e9da8fc7d2e5c6d9fcb370d825f3b6fb/element/f.EB7466E535C2126E60AFBA1E962AA512.d.EF0CA3C1B82424305A4FD8E5223BFD61.e.12296/click - {}
RESULT: {}
COMMAND: GET /session/e9da8fc7d2e5c6d9fcb370d825f3b6fb/screenshot - {}
RESULT: {}
COMMAND: POST /session/e9da8fc7d2e5c6d9fcb370d825f3b6fb/actions - {"actions":[{"id":"action36","type":"key","parameters":{},"actions":[{"type":"keyDown","value":""},{"type":"pause","duration":10},{"type":"keyUp","value":""}]}]}
RESULT: {"actions":[{"id":"action36","type":"key","parameters":{},"actions":[{"type":"keyDown","value":""},{"type":"pause","duration":10},{"type":"keyUp","value":""}]}]}
COMMAND: GET /session/e9da8fc7d2e5c6d9fcb370d825f3b6fb/screenshot - {}
RESULT: {}
COMMAND: POST /session/e9da8fc7d2e5c6d9fcb370d825f3b6fb/element - {"using":"xpath","value":"//bdi[contains(text(), \"Contacts\")]"}
RESULT: {"using":"xpath","value":"//bdi[contains(text(), \"Contacts\")]"}
COMMAND: POST /session/e9da8fc7d2e5c6d9fcb370d825f3b6fb/element/f.EB7466E535C2126E60AFBA1E962AA512.d.EF0CA3C1B82424305A4FD8E5223BFD61.e.12299/click - {}
RESULT: {}
COMMAND: GET /session/e9da8fc7d2e5c6d9fcb370d825f3b6fb/screenshot - {}
RESULT: {}
COMMAND: POST /session/e9da8fc7d2e5c6d9fcb370d825f3b6fb/element - {"using":"xpath","value":"//button[contains(@title,\"Add Contact\")]"}
RESULT: {"using":"xpath","value":"//button[contains(@title,\"Add Contact\")]"}
COMMAND: POST /session/e9da8fc7d2e5c6d9fcb370d825f3b6fb/element/f.EB7466E535C2126E60AFBA1E962AA512.d.EF0CA3C1B82424305A4FD8E5223BFD61.e.12304/click - {}
RESULT: {}
COMMAND: GET /session/e9da8fc7d2e5c6d9fcb370d825f3b6fb/screenshot - {}
RESULT: {}
COMMAND: POST /session/e9da8fc7d2e5c6d9fcb370d825f3b6fb/element - {"using":"xpath","value":"//span[contains(@id,\"NewPartner--siteAddresses-0-arrow\")]"}
RESULT: {"using":"xpath","value":"//span[contains(@id,\"NewPartner--siteAddresses-0-arrow\")]"}
COMMAND: POST /session/e9da8fc7d2e5c6d9fcb370d825f3b6fb/element/f.EB7466E535C2126E60AFBA1E962AA512.d.EF0CA3C1B82424305A4FD8E5223BFD61.e.12314/click - {}
RESULT: {}
COMMAND: GET /session/e9da8fc7d2e5c6d9fcb370d825f3b6fb/screenshot - {}
RESULT: {}
COMMAND: POST /session/e9da8fc7d2e5c6d9fcb370d825f3b6fb/element - {"using":"xpath","value":"//li[.//span[text()='Mr.']]"}
RESULT: {"using":"xpath","value":"//li[.//span[text()='Mr.']]"}
COMMAND: POST /session/e9da8fc7d2e5c6d9fcb370d825f3b6fb/element/f.EB7466E535C2126E60AFBA1E962AA512.d.EF0CA3C1B82424305A4FD8E5223BFD61.e.12315/click - {}
RESULT: {}
COMMAND: GET /session/e9da8fc7d2e5c6d9fcb370d825f3b6fb/screenshot - {}
RESULT: {}
COMMAND: POST /session/e9da8fc7d2e5c6d9fcb370d825f3b6fb/execute/async - {"script":"<script> [1562 bytes]","args":[{"selector":{"controlType":"sap.m.Input","viewName":"etm.portal.ui.managepartners.view.NewPartner","viewId":"application-managepartners-display-component---NewPartner","bindingPath":{"path":"/Addresses/0","propertyPath":"NAME1","modelName":"NewAddresses"},"interaction":{"idSuffix":"inner"}},"wdio_ui5_key":"etmportal.ui.managepartners.view.NewPartnersap.m.Input{\"path\":\"/Addresses/0\",\"propertyPath\":\"NAME1\",\"modelName\":\"NewAddresses\"}"}]}
RESULT: {"script":"<script> [1562 bytes]","args":[{"selector":{"controlType":"sap.m.Input","viewName":"etm.portal.ui.managepartners.view.NewPartner","viewId":"application-managepartners-display-component---NewPartner","bindingPath":{"path":"/Addresses/0","propertyPath":"NAME1","modelName":"NewAddresses"},"interaction":{"idSuffix":"inner"}},"wdio_ui5_key":"etmportal.ui.managepartners.view.NewPartnersap.m.Input{\"path\":\"/Addresses/0\",\"propertyPath\":\"NAME1\",\"modelName\":\"NewAddresses\"}"}]}
RESULT: undefined
COMMAND: POST /session/e9da8fc7d2e5c6d9fcb370d825f3b6fb/execute/async - {"script":"<script> [776 bytes]","args":[{"enterText":"Johnny","selector":{"controlType":"sap.m.Input","viewName":"etm.portal.ui.managepartners.view.NewPartner","viewId":"application-managepartners-display-component---NewPartner","bindingPath":{"path":"/Addresses/0","propertyPath":"NAME1","modelName":"NewAddresses"},"interaction":{"idSuffix":"inner"}},"clearTextFirst":true,"interactionType":"ENTER_TEXT"}]}
RESULT: {"script":"<script> [776 bytes]","args":[{"enterText":"Johnny","selector":{"controlType":"sap.m.Input","viewName":"etm.portal.ui.managepartners.view.NewPartner","viewId":"application-managepartners-display-component---NewPartner","bindingPath":{"path":"/Addresses/0","propertyPath":"NAME1","modelName":"NewAddresses"},"interaction":{"idSuffix":"inner"}},"clearTextFirst":true,"interactionType":"ENTER_TEXT"}]}
COMMAND: POST /session/e9da8fc7d2e5c6d9fcb370d825f3b6fb/execute/async - {"script":"<script> [1562 bytes]","args":[{"selector":{"controlType":"sap.m.Input","viewName":"etm.portal.ui.managepartners.view.NewPartner","viewId":"application-managepartners-display-component---NewPartner","bindingPath":{"path":"/Addresses/0","propertyPath":"NAME2","modelName":"NewAddresses"},"interaction":{"idSuffix":"inner"}},"wdio_ui5_key":"etmportal.ui.managepartners.view.NewPartnersap.m.Input{\"path\":\"/Addresses/0\",\"propertyPath\":\"NAME2\",\"modelName\":\"NewAddresses\"}"}]}
RESULT: {"script":"<script> [1562 bytes]","args":[{"selector":{"controlType":"sap.m.Input","viewName":"etm.portal.ui.managepartners.view.NewPartner","viewId":"application-managepartners-display-component---NewPartner","bindingPath":{"path":"/Addresses/0","propertyPath":"NAME2","modelName":"NewAddresses"},"interaction":{"idSuffix":"inner"}},"wdio_ui5_key":"etmportal.ui.managepartners.view.NewPartnersap.m.Input{\"path\":\"/Addresses/0\",\"propertyPath\":\"NAME2\",\"modelName\":\"NewAddresses\"}"}]}
RESULT: undefined
COMMAND: POST /session/e9da8fc7d2e5c6d9fcb370d825f3b6fb/execute/async - {"script":"<script> [776 bytes]","args":[{"enterText":"Cusca","selector":{"controlType":"sap.m.Input","viewName":"etm.portal.ui.managepartners.view.NewPartner","viewId":"application-managepartners-display-component---NewPartner","bindingPath":{"path":"/Addresses/0","propertyPath":"NAME2","modelName":"NewAddresses"},"interaction":{"idSuffix":"inner"}},"clearTextFirst":true,"interactionType":"ENTER_TEXT"}]}
RESULT: {"script":"<script> [776 bytes]","args":[{"enterText":"Cusca","selector":{"controlType":"sap.m.Input","viewName":"etm.portal.ui.managepartners.view.NewPartner","viewId":"application-managepartners-display-component---NewPartner","bindingPath":{"path":"/Addresses/0","propertyPath":"NAME2","modelName":"NewAddresses"},"interaction":{"idSuffix":"inner"}},"clearTextFirst":true,"interactionType":"ENTER_TEXT"}]}
COMMAND: POST /session/e9da8fc7d2e5c6d9fcb370d825f3b6fb/execute/async - {"script":"<script> [1562 bytes]","args":[{"selector":{"controlType":"sap.m.Input","viewName":"etm.portal.ui.managepartners.view.NewPartner","viewId":"application-managepartners-display-component---NewPartner","bindingPath":{"path":"/Addresses/0","propertyPath":"JOB_TITLE","modelName":"NewAddresses"},"interaction":{"idSuffix":"inner"}},"wdio_ui5_key":"etmportal.ui.managepartners.view.NewPartnersap.m.Input{\"path\":\"/Addresses/0\",\"propertyPath\":\"JOB_TITLE\",\"modelName\":\"NewAddresses\"}"}]}
RESULT: {"script":"<script> [1562 bytes]","args":[{"selector":{"controlType":"sap.m.Input","viewName":"etm.portal.ui.managepartners.view.NewPartner","viewId":"application-managepartners-display-component---NewPartner","bindingPath":{"path":"/Addresses/0","propertyPath":"JOB_TITLE","modelName":"NewAddresses"},"interaction":{"idSuffix":"inner"}},"wdio_ui5_key":"etmportal.ui.managepartners.view.NewPartnersap.m.Input{\"path\":\"/Addresses/0\",\"propertyPath\":\"JOB_TITLE\",\"modelName\":\"NewAddresses\"}"}]}
RESULT: undefined
COMMAND: POST /session/e9da8fc7d2e5c6d9fcb370d825f3b6fb/execute/async - {"script":"<script> [776 bytes]","args":[{"enterText":"tester sef","selector":{"controlType":"sap.m.Input","viewName":"etm.portal.ui.managepartners.view.NewPartner","viewId":"application-managepartners-display-component---NewPartner","bindingPath":{"path":"/Addresses/0","propertyPath":"JOB_TITLE","modelName":"NewAddresses"},"interaction":{"idSuffix":"inner"}},"clearTextFirst":true,"interactionType":"ENTER_TEXT"}]}
RESULT: {"script":"<script> [776 bytes]","args":[{"enterText":"tester sef","selector":{"controlType":"sap.m.Input","viewName":"etm.portal.ui.managepartners.view.NewPartner","viewId":"application-managepartners-display-component---NewPartner","bindingPath":{"path":"/Addresses/0","propertyPath":"JOB_TITLE","modelName":"NewAddresses"},"interaction":{"idSuffix":"inner"}},"clearTextFirst":true,"interactionType":"ENTER_TEXT"}]}
COMMAND: POST /session/e9da8fc7d2e5c6d9fcb370d825f3b6fb/execute/async - {"script":"<script> [1562 bytes]","args":[{"selector":{"controlType":"sap.m.Input","viewName":"etm.portal.ui.managepartners.view.NewPartner","viewId":"application-managepartners-display-component---NewPartner","bindingPath":{"path":"/Addresses/0","propertyPath":"TELEPHONE_NO","modelName":"NewAddresses"},"interaction":{"idSuffix":"inner"}},"wdio_ui5_key":"etmportal.ui.managepartners.view.NewPartnersap.m.Input{\"path\":\"/Addresses/0\",\"propertyPath\":\"TELEPHONE_NO\",\"modelName\":\"NewAddresses\"}"}]}
RESULT: {"script":"<script> [1562 bytes]","args":[{"selector":{"controlType":"sap.m.Input","viewName":"etm.portal.ui.managepartners.view.NewPartner","viewId":"application-managepartners-display-component---NewPartner","bindingPath":{"path":"/Addresses/0","propertyPath":"TELEPHONE_NO","modelName":"NewAddresses"},"interaction":{"idSuffix":"inner"}},"wdio_ui5_key":"etmportal.ui.managepartners.view.NewPartnersap.m.Input{\"path\":\"/Addresses/0\",\"propertyPath\":\"TELEPHONE_NO\",\"modelName\":\"NewAddresses\"}"}]}
RESULT: undefined
COMMAND: POST /session/e9da8fc7d2e5c6d9fcb370d825f3b6fb/execute/async - {"script":"<script> [776 bytes]","args":[{"enterText":"0782113322","selector":{"controlType":"sap.m.Input","viewName":"etm.portal.ui.managepartners.view.NewPartner","viewId":"application-managepartners-display-component---NewPartner","bindingPath":{"path":"/Addresses/0","propertyPath":"TELEPHONE_NO","modelName":"NewAddresses"},"interaction":{"idSuffix":"inner"}},"clearTextFirst":true,"interactionType":"ENTER_TEXT"}]}
RESULT: {"script":"<script> [776 bytes]","args":[{"enterText":"0782113322","selector":{"controlType":"sap.m.Input","viewName":"etm.portal.ui.managepartners.view.NewPartner","viewId":"application-managepartners-display-component---NewPartner","bindingPath":{"path":"/Addresses/0","propertyPath":"TELEPHONE_NO","modelName":"NewAddresses"},"interaction":{"idSuffix":"inner"}},"clearTextFirst":true,"interactionType":"ENTER_TEXT"}]}
COMMAND: POST /session/e9da8fc7d2e5c6d9fcb370d825f3b6fb/element - {"using":"xpath","value":"//button[@data-kt=\"saveButton\"]"}
RESULT: {"using":"xpath","value":"//button[@data-kt=\"saveButton\"]"}
COMMAND: POST /session/e9da8fc7d2e5c6d9fcb370d825f3b6fb/element/f.EB7466E535C2126E60AFBA1E962AA512.d.EF0CA3C1B82424305A4FD8E5223BFD61.e.12240/click - {}
RESULT: {}
COMMAND: GET /session/e9da8fc7d2e5c6d9fcb370d825f3b6fb/screenshot - {}
RESULT: {}
COMMAND: POST /session/e9da8fc7d2e5c6d9fcb370d825f3b6fb/element - {"using":"xpath","value":"//header[contains(@id, 'ObjectPageLayout-headerTitle')]/div[1]/div[2]/div[2]/span[1]"}
RESULT: {"using":"xpath","value":"//header[contains(@id, 'ObjectPageLayout-headerTitle')]/div[1]/div[2]/div[2]/span[1]"}
COMMAND: POST /session/e9da8fc7d2e5c6d9fcb370d825f3b6fb/elements - {"using":"xpath","value":"//header[contains(@id, 'ObjectPageLayout-headerTitle')]/div[1]/div[2]/div[2]/span[1]"}
RESULT: {"using":"xpath","value":"//header[contains(@id, 'ObjectPageLayout-headerTitle')]/div[1]/div[2]/div[2]/span[1]"}
COMMAND: POST /session/e9da8fc7d2e5c6d9fcb370d825f3b6fb/execute/sync - {"script":"<script> [56 bytes]","args":[{"element-6066-11e4-a52e-4f735466cecf":"f.EB7466E535C2126E60AFBA1E962AA512.d.EF0CA3C1B82424305A4FD8E5223BFD61.e.12427","ELEMENT":"f.EB7466E535C2126E60AFBA1E962AA512.d.EF0CA3C1B82424305A4FD8E5223BFD61.e.12427"}]}
RESULT: {"script":"<script> [56 bytes]","args":[{"element-6066-11e4-a52e-4f735466cecf":"f.EB7466E535C2126E60AFBA1E962AA512.d.EF0CA3C1B82424305A4FD8E5223BFD61.e.12427","ELEMENT":"f.EB7466E535C2126E60AFBA1E962AA512.d.EF0CA3C1B82424305A4FD8E5223BFD61.e.12427"}]}
COMMAND: POST /session/e9da8fc7d2e5c6d9fcb370d825f3b6fb/element - {"using":"xpath","value":"//span[contains(@id,\"smartTableAssignmentsDisplay-header-inner\")]"}
COMMAND: GET /session/e9da8fc7d2e5c6d9fcb370d825f3b6fb/screenshot - {}
RESULT: {"using":"xpath","value":"//span[contains(@id,\"smartTableAssignmentsDisplay-header-inner\")]"}
COMMAND: POST /session/e9da8fc7d2e5c6d9fcb370d825f3b6fb/elements - {"using":"xpath","value":"//span[contains(@id,\"smartTableAssignmentsDisplay-header-inner\")]"}
RESULT: {}
RESULT: {"using":"xpath","value":"//span[contains(@id,\"smartTableAssignmentsDisplay-header-inner\")]"}
COMMAND: POST /session/e9da8fc7d2e5c6d9fcb370d825f3b6fb/execute/sync - {"script":"<script> [56 bytes]","args":[{"element-6066-11e4-a52e-4f735466cecf":"f.EB7466E535C2126E60AFBA1E962AA512.d.EF0CA3C1B82424305A4FD8E5223BFD61.e.12428","ELEMENT":"f.EB7466E535C2126E60AFBA1E962AA512.d.EF0CA3C1B82424305A4FD8E5223BFD61.e.12428"}]}
RESULT: {"script":"<script> [56 bytes]","args":[{"element-6066-11e4-a52e-4f735466cecf":"f.EB7466E535C2126E60AFBA1E962AA512.d.EF0CA3C1B82424305A4FD8E5223BFD61.e.12428","ELEMENT":"f.EB7466E535C2126E60AFBA1E962AA512.d.EF0CA3C1B82424305A4FD8E5223BFD61.e.12428"}]}
COMMAND: POST /session/e9da8fc7d2e5c6d9fcb370d825f3b6fb/element - {"using":"xpath","value":"//span[contains(@id,\"smartTableContactsDisplay-header-inner\")]"}
COMMAND: GET /session/e9da8fc7d2e5c6d9fcb370d825f3b6fb/screenshot - {}
RESULT: {"using":"xpath","value":"//span[contains(@id,\"smartTableContactsDisplay-header-inner\")]"}
COMMAND: POST /session/e9da8fc7d2e5c6d9fcb370d825f3b6fb/elements - {"using":"xpath","value":"//span[contains(@id,\"smartTableContactsDisplay-header-inner\")]"}
RESULT: {}
RESULT: {"using":"xpath","value":"//span[contains(@id,\"smartTableContactsDisplay-header-inner\")]"}
COMMAND: POST /session/e9da8fc7d2e5c6d9fcb370d825f3b6fb/execute/sync - {"script":"<script> [56 bytes]","args":[{"element-6066-11e4-a52e-4f735466cecf":"f.EB7466E535C2126E60AFBA1E962AA512.d.EF0CA3C1B82424305A4FD8E5223BFD61.e.12429","ELEMENT":"f.EB7466E535C2126E60AFBA1E962AA512.d.EF0CA3C1B82424305A4FD8E5223BFD61.e.12429"}]}
RESULT: {"script":"<script> [56 bytes]","args":[{"element-6066-11e4-a52e-4f735466cecf":"f.EB7466E535C2126E60AFBA1E962AA512.d.EF0CA3C1B82424305A4FD8E5223BFD61.e.12429","ELEMENT":"f.EB7466E535C2126E60AFBA1E962AA512.d.EF0CA3C1B82424305A4FD8E5223BFD61.e.12429"}]}
COMMAND: POST /session/e9da8fc7d2e5c6d9fcb370d825f3b6fb/element - {"using":"css selector","value":"#shell-header-logo"}
COMMAND: GET /session/e9da8fc7d2e5c6d9fcb370d825f3b6fb/screenshot - {}
RESULT: {"using":"css selector","value":"#shell-header-logo"}
COMMAND: POST /session/e9da8fc7d2e5c6d9fcb370d825f3b6fb/element/f.EB7466E535C2126E60AFBA1E962AA512.d.EF0CA3C1B82424305A4FD8E5223BFD61.e.9140/click - {}
RESULT: {}
RESULT: {}
COMMAND: GET /session/e9da8fc7d2e5c6d9fcb370d825f3b6fb/screenshot - {}
RESULT: {}
COMMAND: POST /session/e9da8fc7d2e5c6d9fcb370d825f3b6fb/element - {"using":"css selector","value":"#j_username"}
COMMAND: POST /session/e9da8fc7d2e5c6d9fcb370d825f3b6fb/url - {"url":"https://qa-testing-00-live-etm-ui.cfapps.eu10-004.hana.ondemand.com/"}
RESULT: {"using":"css selector","value":"#j_username"}
COMMAND: POST /session/e9da8fc7d2e5c6d9fcb370d825f3b6fb/element - {"using":"css selector","value":"#j_username"}
RESULT: {"url":"https://qa-testing-00-live-etm-ui.cfapps.eu10-004.hana.ondemand.com/"}
RESULT: undefined
COMMAND: GET /session/e9da8fc7d2e5c6d9fcb370d825f3b6fb/screenshot - {}
RESULT: {"using":"css selector","value":"#j_username"}
COMMAND: POST /session/e9da8fc7d2e5c6d9fcb370d825f3b6fb/element - {"using":"css selector","value":"#shell-header-logo"}
RESULT: {}
RESULT: {"using":"css selector","value":"#shell-header-logo"}
COMMAND: POST /session/e9da8fc7d2e5c6d9fcb370d825f3b6fb/execute/sync - {"script":"<script> [8489 bytes]","args":[{"element-6066-11e4-a52e-4f735466cecf":"f.EB7466E535C2126E60AFBA1E962AA512.d.868453C6340C3FC3B1E0BCD77A7640C9.e.12447","ELEMENT":"f.EB7466E535C2126E60AFBA1E962AA512.d.868453C6340C3FC3B1E0BCD77A7640C9.e.12447"}]}
RESULT: {"script":"<script> [8489 bytes]","args":[{"element-6066-11e4-a52e-4f735466cecf":"f.EB7466E535C2126E60AFBA1E962AA512.d.868453C6340C3FC3B1E0BCD77A7640C9.e.12447","ELEMENT":"f.EB7466E535C2126E60AFBA1E962AA512.d.868453C6340C3FC3B1E0BCD77A7640C9.e.12447"}]}
COMMAND: POST /session/e9da8fc7d2e5c6d9fcb370d825f3b6fb/element - {"using":"css selector","value":"#shell-header-logo"}
COMMAND: GET /session/e9da8fc7d2e5c6d9fcb370d825f3b6fb/screenshot - {}
RESULT: {"using":"css selector","value":"#shell-header-logo"}
COMMAND: POST /session/e9da8fc7d2e5c6d9fcb370d825f3b6fb/execute/sync - {"script":"<script> [8489 bytes]","args":[{"element-6066-11e4-a52e-4f735466cecf":"f.EB7466E535C2126E60AFBA1E962AA512.d.868453C6340C3FC3B1E0BCD77A7640C9.e.12447","ELEMENT":"f.EB7466E535C2126E60AFBA1E962AA512.d.868453C6340C3FC3B1E0BCD77A7640C9.e.12447"}]}
RESULT: {}
RESULT: {"script":"<script> [8489 bytes]","args":[{"element-6066-11e4-a52e-4f735466cecf":"f.EB7466E535C2126E60AFBA1E962AA512.d.868453C6340C3FC3B1E0BCD77A7640C9.e.12447","ELEMENT":"f.EB7466E535C2126E60AFBA1E962AA512.d.868453C6340C3FC3B1E0BCD77A7640C9.e.12447"}]}
COMMAND: POST /session/e9da8fc7d2e5c6d9fcb370d825f3b6fb/execute/sync - {"script":"<script> [5351 bytes]","args":[{"element-6066-11e4-a52e-4f735466cecf":"f.EB7466E535C2126E60AFBA1E962AA512.d.868453C6340C3FC3B1E0BCD77A7640C9.e.12447","ELEMENT":"f.EB7466E535C2126E60AFBA1E962AA512.d.868453C6340C3FC3B1E0BCD77A7640C9.e.12447"}]}
COMMAND: GET /session/e9da8fc7d2e5c6d9fcb370d825f3b6fb/screenshot - {}
RESULT: {"script":"<script> [5351 bytes]","args":[{"element-6066-11e4-a52e-4f735466cecf":"f.EB7466E535C2126E60AFBA1E962AA512.d.868453C6340C3FC3B1E0BCD77A7640C9.e.12447","ELEMENT":"f.EB7466E535C2126E60AFBA1E962AA512.d.868453C6340C3FC3B1E0BCD77A7640C9.e.12447"}]}
COMMAND: POST /session/e9da8fc7d2e5c6d9fcb370d825f3b6fb/element - {"using":"css selector","value":"#shell-header-logo"}
COMMAND: GET /session/e9da8fc7d2e5c6d9fcb370d825f3b6fb/screenshot - {}
RESULT: {}
RESULT: {"using":"css selector","value":"#shell-header-logo"}
COMMAND: POST /session/e9da8fc7d2e5c6d9fcb370d825f3b6fb/element/f.EB7466E535C2126E60AFBA1E962AA512.d.868453C6340C3FC3B1E0BCD77A7640C9.e.12447/click - {}
RESULT: {}
RESULT: {}
COMMAND: GET /session/e9da8fc7d2e5c6d9fcb370d825f3b6fb/screenshot - {}
RESULT: {}
COMMAND: POST /session/e9da8fc7d2e5c6d9fcb370d825f3b6fb/execute/async - {"script":"<script> [189 bytes]","args":[]}
RESULT: {"script":"<script> [189 bytes]","args":[]}
COMMAND: POST /session/e9da8fc7d2e5c6d9fcb370d825f3b6fb/execute/async - {"script":"<script> [123 bytes]","args":[]}
RESULT: {"script":"<script> [123 bytes]","args":[]}
COMMAND: POST /session/e9da8fc7d2e5c6d9fcb370d825f3b6fb/timeouts - {"script":"<number>"}
RESULT: {"script":"<number>"}
COMMAND: GET /session/e9da8fc7d2e5c6d9fcb370d825f3b6fb/timeouts - {}
RESULT: {}
RESULT: undefined
COMMAND: POST /session/e9da8fc7d2e5c6d9fcb370d825f3b6fb/execute/async - {"script":"<script> [2676 bytes]","args":[]}
RESULT: {"script":"<script> [2676 bytes]","args":[]}
COMMAND: POST /session/e9da8fc7d2e5c6d9fcb370d825f3b6fb/execute/async - {"script":"<script> [2342 bytes]","args":[{"protocol":"http","hostname":"0.0.0.0","path":"/","capabilities":{"browserName":"chrome","goog:chromeOptions":{"binary":"C:\\Program Files\\Google\\Chrome\\Application\\chrome.exe","args":["--start-maximized"]}},"logLevel":"warn","connectionRetryTimeout":120000,"connectionRetryCount":3,"logLevels":{},"enableDirectConnect":true,"strictSSL":true,"_":"65 more keys: [\"cacheDir\",\"port\",\"requestedCapabilities\",\"automationProtocol\",\"baseUrl\",\"waitforInterval\",\"waitforTimeout\",\"onReload\",\"beforeCommand\",\"afterCommand\",\"rootDir\",\"specs\",\"suites\",\"exclude\",\"groupLogsByTestSpec\",\"excludeDriverLogs\",\"bail\",\"framework\",\"reporters\",\"services\",\"maxInstances\",\"maxInstancesPerCapability\",\"injectGlobals\",\"filesToWatch\",\"execArgv\",\"runnerEnv\",\"runner\",\"shard\",\"specFileRetries\",\"specFileRetriesDelay\",\"specFileRetriesDeferred\",\"reporterSyncInterval\",\"reporterSyncTimeout\",\"cucumberFeaturesWithLineNumbers\",\"autoCompileOpts\",\"mochaOpts\",\"jasmineOpts\",\"cucumberOpts\",\"onPrepare\",\"onWorkerStart\",\"onWorkerEnd\",\"before\",\"beforeSession\",\"beforeSuite\",\"beforeHook\",\"beforeTest\",\"afterTest\",\"afterHook\",\"afterSuite\",\"afterSession\",\"after\",\"onComplete\",\"beforeAssertion\",\"afterAssertion\",\"beforeFeature\",\"beforeScenario\",\"beforeStep\",\"afterStep\",\"afterScenario\",\"afterFeature\",\"_\",\"suite\",\"$0\",\"ignoredWorkerServices\",\"wdi5\"]"}]}
RESULT: {"script":"<script> [2342 bytes]","args":[{"protocol":"http","hostname":"0.0.0.0","path":"/","capabilities":{"browserName":"chrome","goog:chromeOptions":{"binary":"C:\\Program Files\\Google\\Chrome\\Application\\chrome.exe","args":["--start-maximized"]}},"logLevel":"warn","connectionRetryTimeout":120000,"connectionRetryCount":3,"logLevels":{},"enableDirectConnect":true,"strictSSL":true,"_":"65 more keys: [\"cacheDir\",\"port\",\"requestedCapabilities\",\"automationProtocol\",\"baseUrl\",\"waitforInterval\",\"waitforTimeout\",\"onReload\",\"beforeCommand\",\"afterCommand\",\"rootDir\",\"specs\",\"suites\",\"exclude\",\"groupLogsByTestSpec\",\"excludeDriverLogs\",\"bail\",\"framework\",\"reporters\",\"services\",\"maxInstances\",\"maxInstancesPerCapability\",\"injectGlobals\",\"filesToWatch\",\"execArgv\",\"runnerEnv\",\"runner\",\"shard\",\"specFileRetries\",\"specFileRetriesDelay\",\"specFileRetriesDeferred\",\"reporterSyncInterval\",\"reporterSyncTimeout\",\"cucumberFeaturesWithLineNumbers\",\"autoCompileOpts\",\"mochaOpts\",\"jasmineOpts\",\"cucumberOpts\",\"onPrepare\",\"onWorkerStart\",\"onWorkerEnd\",\"before\",\"beforeSession\",\"beforeSuite\",\"beforeHook\",\"beforeTest\",\"afterTest\",\"afterHook\",\"afterSuite\",\"afterSession\",\"after\",\"onComplete\",\"beforeAssertion\",\"afterAssertion\",\"beforeFeature\",\"beforeScenario\",\"beforeStep\",\"afterStep\",\"afterScenario\",\"afterFeature\",\"_\",\"suite\",\"$0\",\"ignoredWorkerServices\",\"wdi5\"]"}]}
COMMAND: POST /session/e9da8fc7d2e5c6d9fcb370d825f3b6fb/execute/async - {"script":"<script> [21126 bytes]","args":[35000]}
RESULT: {"script":"<script> [21126 bytes]","args":[35000]}
COMMAND: POST /session/e9da8fc7d2e5c6d9fcb370d825f3b6fb/window/maximize - {}
RESULT: {}
COMMAND: POST /session/e9da8fc7d2e5c6d9fcb370d825f3b6fb/execute/async - {"script":"<script> [1562 bytes]","args":[{"selector":{"id":"shell-header","interaction":{"idSuffix":"icon"}},"wdio_ui5_key":"shellheader"}]}
COMMAND: GET /session/e9da8fc7d2e5c6d9fcb370d825f3b6fb/screenshot - {}
RESULT: {"script":"<script> [1562 bytes]","args":[{"selector":{"id":"shell-header","interaction":{"idSuffix":"icon"}},"wdio_ui5_key":"shellheader"}]}
RESULT: undefined
COMMAND: POST /session/e9da8fc7d2e5c6d9fcb370d825f3b6fb/refresh - {}
RESULT: {}
RESULT: {}
COMMAND: GET /session/e9da8fc7d2e5c6d9fcb370d825f3b6fb/screenshot - {}
RESULT: {}
COMMAND: POST /session/e9da8fc7d2e5c6d9fcb370d825f3b6fb/refresh - {}
RESULT: {}
COMMAND: GET /session/e9da8fc7d2e5c6d9fcb370d825f3b6fb/screenshot - {}
RESULT: {}
COMMAND: POST /session/e9da8fc7d2e5c6d9fcb370d825f3b6fb/window/fullscreen - {}
RESULT: {}
COMMAND: POST /session/e9da8fc7d2e5c6d9fcb370d825f3b6fb/execute/async - {"script":"<script> [189 bytes]","args":[]}
RESULT: {"script":"<script> [189 bytes]","args":[]}
COMMAND: POST /session/e9da8fc7d2e5c6d9fcb370d825f3b6fb/execute/async - {"script":"<script> [123 bytes]","args":[]}
RESULT: {"script":"<script> [123 bytes]","args":[]}
COMMAND: POST /session/e9da8fc7d2e5c6d9fcb370d825f3b6fb/timeouts - {"script":"<number>"}
RESULT: {"script":"<number>"}
COMMAND: GET /session/e9da8fc7d2e5c6d9fcb370d825f3b6fb/timeouts - {}
RESULT: {}
RESULT: undefined
COMMAND: POST /session/e9da8fc7d2e5c6d9fcb370d825f3b6fb/execute/async - {"script":"<script> [2676 bytes]","args":[]}
RESULT: {"script":"<script> [2676 bytes]","args":[]}
COMMAND: POST /session/e9da8fc7d2e5c6d9fcb370d825f3b6fb/execute/async - {"script":"<script> [2342 bytes]","args":[{"protocol":"http","hostname":"0.0.0.0","path":"/","capabilities":{"browserName":"chrome","goog:chromeOptions":{"binary":"C:\\Program Files\\Google\\Chrome\\Application\\chrome.exe","args":["--start-maximized"]}},"logLevel":"warn","connectionRetryTimeout":120000,"connectionRetryCount":3,"logLevels":{},"enableDirectConnect":true,"strictSSL":true,"_":"65 more keys: [\"cacheDir\",\"port\",\"requestedCapabilities\",\"automationProtocol\",\"baseUrl\",\"waitforInterval\",\"waitforTimeout\",\"onReload\",\"beforeCommand\",\"afterCommand\",\"rootDir\",\"specs\",\"suites\",\"exclude\",\"groupLogsByTestSpec\",\"excludeDriverLogs\",\"bail\",\"framework\",\"reporters\",\"services\",\"maxInstances\",\"maxInstancesPerCapability\",\"injectGlobals\",\"filesToWatch\",\"execArgv\",\"runnerEnv\",\"runner\",\"shard\",\"specFileRetries\",\"specFileRetriesDelay\",\"specFileRetriesDeferred\",\"reporterSyncInterval\",\"reporterSyncTimeout\",\"cucumberFeaturesWithLineNumbers\",\"autoCompileOpts\",\"mochaOpts\",\"jasmineOpts\",\"cucumberOpts\",\"onPrepare\",\"onWorkerStart\",\"onWorkerEnd\",\"before\",\"beforeSession\",\"beforeSuite\",\"beforeHook\",\"beforeTest\",\"afterTest\",\"afterHook\",\"afterSuite\",\"afterSession\",\"after\",\"onComplete\",\"beforeAssertion\",\"afterAssertion\",\"beforeFeature\",\"beforeScenario\",\"beforeStep\",\"afterStep\",\"afterScenario\",\"afterFeature\",\"_\",\"suite\",\"$0\",\"ignoredWorkerServices\",\"wdi5\"]"}]}
RESULT: {"script":"<script> [2342 bytes]","args":[{"protocol":"http","hostname":"0.0.0.0","path":"/","capabilities":{"browserName":"chrome","goog:chromeOptions":{"binary":"C:\\Program Files\\Google\\Chrome\\Application\\chrome.exe","args":["--start-maximized"]}},"logLevel":"warn","connectionRetryTimeout":120000,"connectionRetryCount":3,"logLevels":{},"enableDirectConnect":true,"strictSSL":true,"_":"65 more keys: [\"cacheDir\",\"port\",\"requestedCapabilities\",\"automationProtocol\",\"baseUrl\",\"waitforInterval\",\"waitforTimeout\",\"onReload\",\"beforeCommand\",\"afterCommand\",\"rootDir\",\"specs\",\"suites\",\"exclude\",\"groupLogsByTestSpec\",\"excludeDriverLogs\",\"bail\",\"framework\",\"reporters\",\"services\",\"maxInstances\",\"maxInstancesPerCapability\",\"injectGlobals\",\"filesToWatch\",\"execArgv\",\"runnerEnv\",\"runner\",\"shard\",\"specFileRetries\",\"specFileRetriesDelay\",\"specFileRetriesDeferred\",\"reporterSyncInterval\",\"reporterSyncTimeout\",\"cucumberFeaturesWithLineNumbers\",\"autoCompileOpts\",\"mochaOpts\",\"jasmineOpts\",\"cucumberOpts\",\"onPrepare\",\"onWorkerStart\",\"onWorkerEnd\",\"before\",\"beforeSession\",\"beforeSuite\",\"beforeHook\",\"beforeTest\",\"afterTest\",\"afterHook\",\"afterSuite\",\"afterSession\",\"after\",\"onComplete\",\"beforeAssertion\",\"afterAssertion\",\"beforeFeature\",\"beforeScenario\",\"beforeStep\",\"afterStep\",\"afterScenario\",\"afterFeature\",\"_\",\"suite\",\"$0\",\"ignoredWorkerServices\",\"wdi5\"]"}]}
COMMAND: POST /session/e9da8fc7d2e5c6d9fcb370d825f3b6fb/execute/async - {"script":"<script> [21126 bytes]","args":[35000]}
RESULT: {"script":"<script> [21126 bytes]","args":[35000]}
]]></system-out>
    </testcase>
  </testsuite>
  <testsuite timestamp="2025-06-13T18:02:38" time="624.941" tests="4" failures="1" errors="1" skipped="0">
    <properties>
      <property name="specId" value="0"/>
      <property name="suiteName" value="Create partner US118246"/>
      <property name="capabilities" value="chrome.137_0_7151_69.windows"/>
      <property name="file" value="file:///D:/a/1/s/test/specs/BTS/create-partner.spec.js"/>
    </properties>
    <testcase classname="chrome.137_0_7151_69.windows.Create_partner_US118246" name="Should create a new yard in case create yard failed" time="140.715">
      <system-out><![CDATA[
COMMAND: POST /session/e9da8fc7d2e5c6d9fcb370d825f3b6fb/window/fullscreen - {}
RESULT: {}
COMMAND: POST /session/e9da8fc7d2e5c6d9fcb370d825f3b6fb/execute/async - {"script":"<script> [1562 bytes]","args":[{"selector":{"controlType":"sap.m.GenericTile","properties":{"header":"Manage Yards"}},"wdio_ui5_key":"sapm.GenericTile{\"header\":\"Manage Yards\"}"}]}
RESULT: {"script":"<script> [1562 bytes]","args":[{"selector":{"controlType":"sap.m.GenericTile","properties":{"header":"Manage Yards"}},"wdio_ui5_key":"sapm.GenericTile{\"header\":\"Manage Yards\"}"}]}
RESULT: undefined
COMMAND: POST /session/e9da8fc7d2e5c6d9fcb370d825f3b6fb/element - {"using":"xpath","value":"//*[@id=\"__tile42\"]"}
RESULT: {"using":"xpath","value":"//*[@id=\"__tile42\"]"}
COMMAND: POST /session/e9da8fc7d2e5c6d9fcb370d825f3b6fb/element/f.EB7466E535C2126E60AFBA1E962AA512.d.22A626687F491BE889876E7A49E221DA.e.12616/click - {}
RESULT: {}
COMMAND: GET /session/e9da8fc7d2e5c6d9fcb370d825f3b6fb/screenshot - {}
RESULT: {}
COMMAND: POST /session/e9da8fc7d2e5c6d9fcb370d825f3b6fb/elements - {"using":"xpath","value":"//span[text()='Error']"}
RESULT: {"using":"xpath","value":"//span[text()='Error']"}
COMMAND: POST /session/e9da8fc7d2e5c6d9fcb370d825f3b6fb/element - {"using":"xpath","value":"//button[@data-kt=\"addNewYardOverflowToolbarButton\"]"}
RESULT: {"using":"xpath","value":"//button[@data-kt=\"addNewYardOverflowToolbarButton\"]"}
COMMAND: POST /session/e9da8fc7d2e5c6d9fcb370d825f3b6fb/elements - {"using":"xpath","value":"//button[@data-kt=\"addNewYardOverflowToolbarButton\"]"}
RESULT: {"using":"xpath","value":"//button[@data-kt=\"addNewYardOverflowToolbarButton\"]"}
COMMAND: POST /session/e9da8fc7d2e5c6d9fcb370d825f3b6fb/element - {"using":"xpath","value":"//button[@data-kt=\"addNewYardOverflowToolbarButton\"]"}
RESULT: {"using":"xpath","value":"//button[@data-kt=\"addNewYardOverflowToolbarButton\"]"}
COMMAND: POST /session/e9da8fc7d2e5c6d9fcb370d825f3b6fb/execute/sync - {"script":"<script> [8489 bytes]","args":[{"element-6066-11e4-a52e-4f735466cecf":"f.EB7466E535C2126E60AFBA1E962AA512.d.22A626687F491BE889876E7A49E221DA.e.12747","ELEMENT":"f.EB7466E535C2126E60AFBA1E962AA512.d.22A626687F491BE889876E7A49E221DA.e.12747"}]}
RESULT: {"script":"<script> [8489 bytes]","args":[{"element-6066-11e4-a52e-4f735466cecf":"f.EB7466E535C2126E60AFBA1E962AA512.d.22A626687F491BE889876E7A49E221DA.e.12747","ELEMENT":"f.EB7466E535C2126E60AFBA1E962AA512.d.22A626687F491BE889876E7A49E221DA.e.12747"}]}
COMMAND: GET /session/e9da8fc7d2e5c6d9fcb370d825f3b6fb/element/f.EB7466E535C2126E60AFBA1E962AA512.d.22A626687F491BE889876E7A49E221DA.e.12747/enabled - {}
COMMAND: GET /session/e9da8fc7d2e5c6d9fcb370d825f3b6fb/screenshot - {}
RESULT: {}
COMMAND: POST /session/e9da8fc7d2e5c6d9fcb370d825f3b6fb/execute/sync - {"script":"<script> [8489 bytes]","args":[{"element-6066-11e4-a52e-4f735466cecf":"f.EB7466E535C2126E60AFBA1E962AA512.d.22A626687F491BE889876E7A49E221DA.e.12747","ELEMENT":"f.EB7466E535C2126E60AFBA1E962AA512.d.22A626687F491BE889876E7A49E221DA.e.12747"}]}
COMMAND: GET /session/e9da8fc7d2e5c6d9fcb370d825f3b6fb/screenshot - {}
RESULT: {}
RESULT: {"script":"<script> [8489 bytes]","args":[{"element-6066-11e4-a52e-4f735466cecf":"f.EB7466E535C2126E60AFBA1E962AA512.d.22A626687F491BE889876E7A49E221DA.e.12747","ELEMENT":"f.EB7466E535C2126E60AFBA1E962AA512.d.22A626687F491BE889876E7A49E221DA.e.12747"}]}
COMMAND: POST /session/e9da8fc7d2e5c6d9fcb370d825f3b6fb/execute/sync - {"script":"<script> [5351 bytes]","args":[{"element-6066-11e4-a52e-4f735466cecf":"f.EB7466E535C2126E60AFBA1E962AA512.d.22A626687F491BE889876E7A49E221DA.e.12747","ELEMENT":"f.EB7466E535C2126E60AFBA1E962AA512.d.22A626687F491BE889876E7A49E221DA.e.12747"}]}
COMMAND: GET /session/e9da8fc7d2e5c6d9fcb370d825f3b6fb/screenshot - {}
RESULT: {}
RESULT: {"script":"<script> [5351 bytes]","args":[{"element-6066-11e4-a52e-4f735466cecf":"f.EB7466E535C2126E60AFBA1E962AA512.d.22A626687F491BE889876E7A49E221DA.e.12747","ELEMENT":"f.EB7466E535C2126E60AFBA1E962AA512.d.22A626687F491BE889876E7A49E221DA.e.12747"}]}
COMMAND: POST /session/e9da8fc7d2e5c6d9fcb370d825f3b6fb/element/f.EB7466E535C2126E60AFBA1E962AA512.d.22A626687F491BE889876E7A49E221DA.e.12747/click - {}
COMMAND: GET /session/e9da8fc7d2e5c6d9fcb370d825f3b6fb/screenshot - {}
RESULT: {}
RESULT: {}
COMMAND: GET /session/e9da8fc7d2e5c6d9fcb370d825f3b6fb/screenshot - {}
RESULT: {}
RESULT: {}
COMMAND: POST /session/e9da8fc7d2e5c6d9fcb370d825f3b6fb/element - {"using":"xpath","value":"//input[@id=\"application-manageyards-display-component---NewYard--yardId-inner\"]"}
RESULT: {"using":"xpath","value":"//input[@id=\"application-manageyards-display-component---NewYard--yardId-inner\"]"}
COMMAND: POST /session/e9da8fc7d2e5c6d9fcb370d825f3b6fb/element - {"using":"xpath","value":"//input[@id=\"application-manageyards-display-component---NewYard--yardId-inner\"]"}
RESULT: {"using":"xpath","value":"//input[@id=\"application-manageyards-display-component---NewYard--yardId-inner\"]"}
COMMAND: POST /session/e9da8fc7d2e5c6d9fcb370d825f3b6fb/execute/async - {"script":"<script> [1562 bytes]","args":[{"selector":{"id":"application-manageyards-display-component---NewYard--addressDetailDetailsName1","interaction":{"idSuffix":"inner"}},"wdio_ui5_key":"applicationmanageyards-display-component---NewYard--addressDetailDetailsName1"}]}
RESULT: {"script":"<script> [1562 bytes]","args":[{"selector":{"id":"application-manageyards-display-component---NewYard--addressDetailDetailsName1","interaction":{"idSuffix":"inner"}},"wdio_ui5_key":"applicationmanageyards-display-component---NewYard--addressDetailDetailsName1"}]}
RESULT: undefined
COMMAND: POST /session/e9da8fc7d2e5c6d9fcb370d825f3b6fb/execute/async - {"script":"<script> [776 bytes]","args":[{"enterText":"Intracompany Yard wdIO","selector":{"id":"application-manageyards-display-component---NewYard--addressDetailDetailsName1","interaction":{"idSuffix":"inner"}},"clearTextFirst":true,"interactionType":"ENTER_TEXT"}]}
RESULT: {"script":"<script> [776 bytes]","args":[{"enterText":"Intracompany Yard wdIO","selector":{"id":"application-manageyards-display-component---NewYard--addressDetailDetailsName1","interaction":{"idSuffix":"inner"}},"clearTextFirst":true,"interactionType":"ENTER_TEXT"}]}
COMMAND: POST /session/e9da8fc7d2e5c6d9fcb370d825f3b6fb/execute/async - {"script":"<script> [1562 bytes]","args":[{"selector":{"id":"application-manageyards-display-component---NewYard--addressDetailDetailsLanguage-arrow"},"wdio_ui5_key":"applicationmanageyards-display-component---NewYard--addressDetailDetailsLanguage-arrow"}]}
RESULT: {"script":"<script> [1562 bytes]","args":[{"selector":{"id":"application-manageyards-display-component---NewYard--addressDetailDetailsLanguage-arrow"},"wdio_ui5_key":"applicationmanageyards-display-component---NewYard--addressDetailDetailsLanguage-arrow"}]}
RESULT: undefined
COMMAND: POST /session/e9da8fc7d2e5c6d9fcb370d825f3b6fb/element - {"using":"xpath","value":"//*[@id=\"application-manageyards-display-component---NewYard--addressDetailDetailsLanguage-arrow\"]"}
RESULT: {"using":"xpath","value":"//*[@id=\"application-manageyards-display-component---NewYard--addressDetailDetailsLanguage-arrow\"]"}
COMMAND: POST /session/e9da8fc7d2e5c6d9fcb370d825f3b6fb/element/f.EB7466E535C2126E60AFBA1E962AA512.d.22A626687F491BE889876E7A49E221DA.e.13171/click - {}
RESULT: {}
COMMAND: POST /session/e9da8fc7d2e5c6d9fcb370d825f3b6fb/element - {"using":"xpath","value":"//span[contains(text(), \"English\")]"}
COMMAND: GET /session/e9da8fc7d2e5c6d9fcb370d825f3b6fb/screenshot - {}
RESULT: {"using":"xpath","value":"//span[contains(text(), \"English\")]"}
COMMAND: POST /session/e9da8fc7d2e5c6d9fcb370d825f3b6fb/element/f.EB7466E535C2126E60AFBA1E962AA512.d.22A626687F491BE889876E7A49E221DA.e.13172/click - {}
RESULT: {}
RESULT: {}
COMMAND: POST /session/e9da8fc7d2e5c6d9fcb370d825f3b6fb/execute/async - {"script":"<script> [1562 bytes]","args":[{"selector":{"id":"application-manageyards-display-component---NewYard--addressDetailDetailsCity1","interaction":{"idSuffix":"inner"}},"wdio_ui5_key":"applicationmanageyards-display-component---NewYard--addressDetailDetailsCity1"}]}
COMMAND: GET /session/e9da8fc7d2e5c6d9fcb370d825f3b6fb/screenshot - {}
RESULT: {"script":"<script> [1562 bytes]","args":[{"selector":{"id":"application-manageyards-display-component---NewYard--addressDetailDetailsCity1","interaction":{"idSuffix":"inner"}},"wdio_ui5_key":"applicationmanageyards-display-component---NewYard--addressDetailDetailsCity1"}]}
RESULT: undefined
COMMAND: POST /session/e9da8fc7d2e5c6d9fcb370d825f3b6fb/execute/async - {"script":"<script> [776 bytes]","args":[{"enterText":"Rosario","selector":{"id":"application-manageyards-display-component---NewYard--addressDetailDetailsCity1","interaction":{"idSuffix":"inner"}},"clearTextFirst":true,"interactionType":"ENTER_TEXT"}]}
RESULT: {}
RESULT: {"script":"<script> [776 bytes]","args":[{"enterText":"Rosario","selector":{"id":"application-manageyards-display-component---NewYard--addressDetailDetailsCity1","interaction":{"idSuffix":"inner"}},"clearTextFirst":true,"interactionType":"ENTER_TEXT"}]}
COMMAND: POST /session/e9da8fc7d2e5c6d9fcb370d825f3b6fb/execute/async - {"script":"<script> [1562 bytes]","args":[{"selector":{"id":"application-manageyards-display-component---NewYard--addressDetailDetailsCountry-arrow"},"wdio_ui5_key":"applicationmanageyards-display-component---NewYard--addressDetailDetailsCountry-arrow"}]}
RESULT: {"script":"<script> [1562 bytes]","args":[{"selector":{"id":"application-manageyards-display-component---NewYard--addressDetailDetailsCountry-arrow"},"wdio_ui5_key":"applicationmanageyards-display-component---NewYard--addressDetailDetailsCountry-arrow"}]}
RESULT: undefined
COMMAND: POST /session/e9da8fc7d2e5c6d9fcb370d825f3b6fb/element - {"using":"xpath","value":"//*[@id=\"application-manageyards-display-component---NewYard--addressDetailDetailsCountry-arrow\"]"}
RESULT: {"using":"xpath","value":"//*[@id=\"application-manageyards-display-component---NewYard--addressDetailDetailsCountry-arrow\"]"}
COMMAND: POST /session/e9da8fc7d2e5c6d9fcb370d825f3b6fb/element/f.EB7466E535C2126E60AFBA1E962AA512.d.22A626687F491BE889876E7A49E221DA.e.13174/click - {}
RESULT: {}
COMMAND: POST /session/e9da8fc7d2e5c6d9fcb370d825f3b6fb/element - {"using":"xpath","value":"//span[contains(text(), \"Argentina\")]"}
COMMAND: GET /session/e9da8fc7d2e5c6d9fcb370d825f3b6fb/screenshot - {}
RESULT: {"using":"xpath","value":"//span[contains(text(), \"Argentina\")]"}
COMMAND: POST /session/e9da8fc7d2e5c6d9fcb370d825f3b6fb/element/f.EB7466E535C2126E60AFBA1E962AA512.d.22A626687F491BE889876E7A49E221DA.e.13175/click - {}
RESULT: {}
RESULT: {}
COMMAND: POST /session/e9da8fc7d2e5c6d9fcb370d825f3b6fb/execute/async - {"script":"<script> [1562 bytes]","args":[{"selector":{"id":"application-manageyards-display-component---NewYard--addressEditDetailsCostObjectCstType-arrow"},"wdio_ui5_key":"applicationmanageyards-display-component---NewYard--addressEditDetailsCostObjectCstType-arrow"}]}
COMMAND: GET /session/e9da8fc7d2e5c6d9fcb370d825f3b6fb/screenshot - {}
RESULT: {"script":"<script> [1562 bytes]","args":[{"selector":{"id":"application-manageyards-display-component---NewYard--addressEditDetailsCostObjectCstType-arrow"},"wdio_ui5_key":"applicationmanageyards-display-component---NewYard--addressEditDetailsCostObjectCstType-arrow"}]}
RESULT: undefined
COMMAND: POST /session/e9da8fc7d2e5c6d9fcb370d825f3b6fb/element - {"using":"xpath","value":"//*[@id=\"application-manageyards-display-component---NewYard--addressEditDetailsCostObjectCstType-arrow\"]"}
RESULT: {}
RESULT: {"using":"xpath","value":"//*[@id=\"application-manageyards-display-component---NewYard--addressEditDetailsCostObjectCstType-arrow\"]"}
COMMAND: POST /session/e9da8fc7d2e5c6d9fcb370d825f3b6fb/element/f.EB7466E535C2126E60AFBA1E962AA512.d.22A626687F491BE889876E7A49E221DA.e.13177/click - {}
RESULT: {}
COMMAND: POST /session/e9da8fc7d2e5c6d9fcb370d825f3b6fb/element - {"using":"xpath","value":"//span[contains(text(), \"Cost Center\")]"}
COMMAND: GET /session/e9da8fc7d2e5c6d9fcb370d825f3b6fb/screenshot - {}
RESULT: {"using":"xpath","value":"//span[contains(text(), \"Cost Center\")]"}
COMMAND: POST /session/e9da8fc7d2e5c6d9fcb370d825f3b6fb/element/f.EB7466E535C2126E60AFBA1E962AA512.d.22A626687F491BE889876E7A49E221DA.e.13178/click - {}
RESULT: {}
RESULT: {}
COMMAND: GET /session/e9da8fc7d2e5c6d9fcb370d825f3b6fb/screenshot - {}
RESULT: {}
COMMAND: POST /session/e9da8fc7d2e5c6d9fcb370d825f3b6fb/element - {"using":"xpath","value":"//span[@id=\"application-manageyards-display-component---NewYard--addressNewCostObjectCstID-vhi\"]"}
RESULT: {"using":"xpath","value":"//span[@id=\"application-manageyards-display-component---NewYard--addressNewCostObjectCstID-vhi\"]"}
COMMAND: POST /session/e9da8fc7d2e5c6d9fcb370d825f3b6fb/execute/sync - {"script":"<script> [8489 bytes]","args":[{"element-6066-11e4-a52e-4f735466cecf":"f.EB7466E535C2126E60AFBA1E962AA512.d.22A626687F491BE889876E7A49E221DA.e.13182","ELEMENT":"f.EB7466E535C2126E60AFBA1E962AA512.d.22A626687F491BE889876E7A49E221DA.e.13182"}]}
RESULT: {"script":"<script> [8489 bytes]","args":[{"element-6066-11e4-a52e-4f735466cecf":"f.EB7466E535C2126E60AFBA1E962AA512.d.22A626687F491BE889876E7A49E221DA.e.13182","ELEMENT":"f.EB7466E535C2126E60AFBA1E962AA512.d.22A626687F491BE889876E7A49E221DA.e.13182"}]}
COMMAND: POST /session/e9da8fc7d2e5c6d9fcb370d825f3b6fb/execute/async - {"script":"<script> [1562 bytes]","args":[{"selector":{"id":"application-manageyards-display-component---NewYard--addressNewCostObjectCstID-vhi"},"wdio_ui5_key":"applicationmanageyards-display-component---NewYard--addressNewCostObjectCstID-vhi"}]}
COMMAND: GET /session/e9da8fc7d2e5c6d9fcb370d825f3b6fb/screenshot - {}
RESULT: {"script":"<script> [1562 bytes]","args":[{"selector":{"id":"application-manageyards-display-component---NewYard--addressNewCostObjectCstID-vhi"},"wdio_ui5_key":"applicationmanageyards-display-component---NewYard--addressNewCostObjectCstID-vhi"}]}
RESULT: undefined
COMMAND: POST /session/e9da8fc7d2e5c6d9fcb370d825f3b6fb/element - {"using":"xpath","value":"//*[@id=\"application-manageyards-display-component---NewYard--addressNewCostObjectCstID-vhi\"]"}
RESULT: {}
RESULT: {"using":"xpath","value":"//*[@id=\"application-manageyards-display-component---NewYard--addressNewCostObjectCstID-vhi\"]"}
COMMAND: POST /session/e9da8fc7d2e5c6d9fcb370d825f3b6fb/element/f.EB7466E535C2126E60AFBA1E962AA512.d.22A626687F491BE889876E7A49E221DA.e.13182/click - {}
RESULT: {}
COMMAND: GET /session/e9da8fc7d2e5c6d9fcb370d825f3b6fb/screenshot - {}
RESULT: {}
COMMAND: POST /session/e9da8fc7d2e5c6d9fcb370d825f3b6fb/execute/async - {"script":"<script> [1562 bytes]","args":[{"selector":{"controlType":"sap.m.SearchField","properties":{"placeholder":"Search"},"searchOpenDialogs":true,"interaction":{"idSuffix":"I"}},"wdio_ui5_key":"sapm.SearchField{\"placeholder\":\"Search\"}"}]}
RESULT: {"script":"<script> [1562 bytes]","args":[{"selector":{"controlType":"sap.m.SearchField","properties":{"placeholder":"Search"},"searchOpenDialogs":true,"interaction":{"idSuffix":"I"}},"wdio_ui5_key":"sapm.SearchField{\"placeholder\":\"Search\"}"}]}
RESULT: undefined
COMMAND: POST /session/e9da8fc7d2e5c6d9fcb370d825f3b6fb/execute/async - {"script":"<script> [776 bytes]","args":[{"enterText":"bauh_b","selector":{"controlType":"sap.m.SearchField","properties":{"placeholder":"Search"},"searchOpenDialogs":true,"interaction":{"idSuffix":"I"}},"clearTextFirst":true,"interactionType":"ENTER_TEXT"}]}
RESULT: {"script":"<script> [776 bytes]","args":[{"enterText":"bauh_b","selector":{"controlType":"sap.m.SearchField","properties":{"placeholder":"Search"},"searchOpenDialogs":true,"interaction":{"idSuffix":"I"}},"clearTextFirst":true,"interactionType":"ENTER_TEXT"}]}
COMMAND: POST /session/e9da8fc7d2e5c6d9fcb370d825f3b6fb/actions - {"actions":[{"id":"action37","type":"key","parameters":{},"actions":[{"type":"keyDown","value":""},{"type":"pause","duration":10},{"type":"keyUp","value":""}]}]}
RESULT: {"actions":[{"id":"action37","type":"key","parameters":{},"actions":[{"type":"keyDown","value":""},{"type":"pause","duration":10},{"type":"keyUp","value":""}]}]}
COMMAND: GET /session/e9da8fc7d2e5c6d9fcb370d825f3b6fb/screenshot - {}
RESULT: {}
COMMAND: POST /session/e9da8fc7d2e5c6d9fcb370d825f3b6fb/element - {"using":"xpath","value":"//span[contains(text(), \"Demo Yard\")]"}
RESULT: {"using":"xpath","value":"//span[contains(text(), \"Demo Yard\")]"}
COMMAND: POST /session/e9da8fc7d2e5c6d9fcb370d825f3b6fb/element/f.EB7466E535C2126E60AFBA1E962AA512.d.22A626687F491BE889876E7A49E221DA.e.13223/click - {}
RESULT: {}
COMMAND: GET /session/e9da8fc7d2e5c6d9fcb370d825f3b6fb/screenshot - {}
RESULT: {}
COMMAND: POST /session/e9da8fc7d2e5c6d9fcb370d825f3b6fb/element - {"using":"xpath","value":"//bdi[contains(text(), \"OK\")]"}
RESULT: {"using":"xpath","value":"//bdi[contains(text(), \"OK\")]"}
COMMAND: POST /session/e9da8fc7d2e5c6d9fcb370d825f3b6fb/element/f.EB7466E535C2126E60AFBA1E962AA512.d.22A626687F491BE889876E7A49E221DA.e.13224/click - {}
RESULT: {}
COMMAND: GET /session/e9da8fc7d2e5c6d9fcb370d825f3b6fb/screenshot - {}
RESULT: {}
COMMAND: POST /session/e9da8fc7d2e5c6d9fcb370d825f3b6fb/execute/async - {"script":"<script> [1562 bytes]","args":[{"selector":{"id":"application-manageyards-display-component---NewYard--addressEditDetailsCurrency-arrow"},"wdio_ui5_key":"applicationmanageyards-display-component---NewYard--addressEditDetailsCurrency-arrow"}]}
RESULT: {"script":"<script> [1562 bytes]","args":[{"selector":{"id":"application-manageyards-display-component---NewYard--addressEditDetailsCurrency-arrow"},"wdio_ui5_key":"applicationmanageyards-display-component---NewYard--addressEditDetailsCurrency-arrow"}]}
RESULT: undefined
COMMAND: POST /session/e9da8fc7d2e5c6d9fcb370d825f3b6fb/element - {"using":"xpath","value":"//*[@id=\"application-manageyards-display-component---NewYard--addressEditDetailsCurrency-arrow\"]"}
RESULT: {"using":"xpath","value":"//*[@id=\"application-manageyards-display-component---NewYard--addressEditDetailsCurrency-arrow\"]"}
COMMAND: POST /session/e9da8fc7d2e5c6d9fcb370d825f3b6fb/element/f.EB7466E535C2126E60AFBA1E962AA512.d.22A626687F491BE889876E7A49E221DA.e.13227/click - {}
RESULT: {}
COMMAND: POST /session/e9da8fc7d2e5c6d9fcb370d825f3b6fb/element - {"using":"xpath","value":"//span[contains(text(), \"Euro\")]"}
COMMAND: GET /session/e9da8fc7d2e5c6d9fcb370d825f3b6fb/screenshot - {}
RESULT: {"using":"xpath","value":"//span[contains(text(), \"Euro\")]"}
COMMAND: POST /session/e9da8fc7d2e5c6d9fcb370d825f3b6fb/element/f.EB7466E535C2126E60AFBA1E962AA512.d.22A626687F491BE889876E7A49E221DA.e.13228/click - {}
RESULT: {}
RESULT: {}
COMMAND: POST /session/e9da8fc7d2e5c6d9fcb370d825f3b6fb/execute/async - {"script":"<script> [1562 bytes]","args":[{"selector":{"controlType":"sap.m.Input","viewName":"etm.portal.ui.manageyards.view.New","viewId":"application-manageyards-display-component---NewYard","bindingPath":{"path":"","propertyPath":"/CONTROLLING_AREA","modelName":"NewYardModel"},"interaction":{"idSuffix":"inner"}},"wdio_ui5_key":"etmportal.ui.manageyards.view.Newsap.m.Input{\"path\":\"\",\"propertyPath\":\"/CONTROLLING_AREA\",\"modelName\":\"NewYardModel\"}"}]}
COMMAND: GET /session/e9da8fc7d2e5c6d9fcb370d825f3b6fb/screenshot - {}
RESULT: {"script":"<script> [1562 bytes]","args":[{"selector":{"controlType":"sap.m.Input","viewName":"etm.portal.ui.manageyards.view.New","viewId":"application-manageyards-display-component---NewYard","bindingPath":{"path":"","propertyPath":"/CONTROLLING_AREA","modelName":"NewYardModel"},"interaction":{"idSuffix":"inner"}},"wdio_ui5_key":"etmportal.ui.manageyards.view.Newsap.m.Input{\"path\":\"\",\"propertyPath\":\"/CONTROLLING_AREA\",\"modelName\":\"NewYardModel\"}"}]}
RESULT: undefined
COMMAND: POST /session/e9da8fc7d2e5c6d9fcb370d825f3b6fb/execute/async - {"script":"<script> [776 bytes]","args":[{"enterText":"Z001","selector":{"controlType":"sap.m.Input","viewName":"etm.portal.ui.manageyards.view.New","viewId":"application-manageyards-display-component---NewYard","bindingPath":{"path":"","propertyPath":"/CONTROLLING_AREA","modelName":"NewYardModel"},"interaction":{"idSuffix":"inner"}},"clearTextFirst":true,"interactionType":"ENTER_TEXT"}]}
RESULT: {}
RESULT: {"script":"<script> [776 bytes]","args":[{"enterText":"Z001","selector":{"controlType":"sap.m.Input","viewName":"etm.portal.ui.manageyards.view.New","viewId":"application-manageyards-display-component---NewYard","bindingPath":{"path":"","propertyPath":"/CONTROLLING_AREA","modelName":"NewYardModel"},"interaction":{"idSuffix":"inner"}},"clearTextFirst":true,"interactionType":"ENTER_TEXT"}]}
COMMAND: POST /session/e9da8fc7d2e5c6d9fcb370d825f3b6fb/execute/async - {"script":"<script> [1562 bytes]","args":[{"selector":{"id":"application-manageyards-display-component---NewYard--companyCodeComboBox","interaction":{"idSuffix":"inner"}},"wdio_ui5_key":"applicationmanageyards-display-component---NewYard--companyCodeComboBox"}]}
RESULT: {"script":"<script> [1562 bytes]","args":[{"selector":{"id":"application-manageyards-display-component---NewYard--companyCodeComboBox","interaction":{"idSuffix":"inner"}},"wdio_ui5_key":"applicationmanageyards-display-component---NewYard--companyCodeComboBox"}]}
RESULT: undefined
COMMAND: POST /session/e9da8fc7d2e5c6d9fcb370d825f3b6fb/execute/async - {"script":"<script> [776 bytes]","args":[{"enterText":"1000","selector":{"id":"application-manageyards-display-component---NewYard--companyCodeComboBox","interaction":{"idSuffix":"inner"}},"clearTextFirst":true,"interactionType":"ENTER_TEXT"}]}
RESULT: {"script":"<script> [776 bytes]","args":[{"enterText":"1000","selector":{"id":"application-manageyards-display-component---NewYard--companyCodeComboBox","interaction":{"idSuffix":"inner"}},"clearTextFirst":true,"interactionType":"ENTER_TEXT"}]}
COMMAND: POST /session/e9da8fc7d2e5c6d9fcb370d825f3b6fb/execute/async - {"script":"<script> [1562 bytes]","args":[{"selector":{"controlType":"sap.m.Input","viewName":"etm.portal.ui.manageyards.view.New","viewId":"application-manageyards-display-component---NewYard","bindingPath":{"path":"","propertyPath":"/PLANT","modelName":"NewYardModel"},"interaction":{"idSuffix":"inner"}},"wdio_ui5_key":"etmportal.ui.manageyards.view.Newsap.m.Input{\"path\":\"\",\"propertyPath\":\"/PLANT\",\"modelName\":\"NewYardModel\"}"}]}
RESULT: {"script":"<script> [1562 bytes]","args":[{"selector":{"controlType":"sap.m.Input","viewName":"etm.portal.ui.manageyards.view.New","viewId":"application-manageyards-display-component---NewYard","bindingPath":{"path":"","propertyPath":"/PLANT","modelName":"NewYardModel"},"interaction":{"idSuffix":"inner"}},"wdio_ui5_key":"etmportal.ui.manageyards.view.Newsap.m.Input{\"path\":\"\",\"propertyPath\":\"/PLANT\",\"modelName\":\"NewYardModel\"}"}]}
RESULT: undefined
COMMAND: POST /session/e9da8fc7d2e5c6d9fcb370d825f3b6fb/execute/async - {"script":"<script> [776 bytes]","args":[{"enterText":"1001","selector":{"controlType":"sap.m.Input","viewName":"etm.portal.ui.manageyards.view.New","viewId":"application-manageyards-display-component---NewYard","bindingPath":{"path":"","propertyPath":"/PLANT","modelName":"NewYardModel"},"interaction":{"idSuffix":"inner"}},"clearTextFirst":true,"interactionType":"ENTER_TEXT"}]}
RESULT: {"script":"<script> [776 bytes]","args":[{"enterText":"1001","selector":{"controlType":"sap.m.Input","viewName":"etm.portal.ui.manageyards.view.New","viewId":"application-manageyards-display-component---NewYard","bindingPath":{"path":"","propertyPath":"/PLANT","modelName":"NewYardModel"},"interaction":{"idSuffix":"inner"}},"clearTextFirst":true,"interactionType":"ENTER_TEXT"}]}
COMMAND: POST /session/e9da8fc7d2e5c6d9fcb370d825f3b6fb/execute/async - {"script":"<script> [1562 bytes]","args":[{"selector":{"controlType":"sap.m.Input","viewName":"etm.portal.ui.manageyards.view.New","viewId":"application-manageyards-display-component---NewYard","bindingPath":{"path":"","propertyPath":"/SALES_AREA_VKORG","modelName":"NewYardModel"},"interaction":{"idSuffix":"inner"}},"wdio_ui5_key":"etmportal.ui.manageyards.view.Newsap.m.Input{\"path\":\"\",\"propertyPath\":\"/SALES_AREA_VKORG\",\"modelName\":\"NewYardModel\"}"}]}
RESULT: {"script":"<script> [1562 bytes]","args":[{"selector":{"controlType":"sap.m.Input","viewName":"etm.portal.ui.manageyards.view.New","viewId":"application-manageyards-display-component---NewYard","bindingPath":{"path":"","propertyPath":"/SALES_AREA_VKORG","modelName":"NewYardModel"},"interaction":{"idSuffix":"inner"}},"wdio_ui5_key":"etmportal.ui.manageyards.view.Newsap.m.Input{\"path\":\"\",\"propertyPath\":\"/SALES_AREA_VKORG\",\"modelName\":\"NewYardModel\"}"}]}
RESULT: undefined
COMMAND: POST /session/e9da8fc7d2e5c6d9fcb370d825f3b6fb/execute/async - {"script":"<script> [776 bytes]","args":[{"enterText":"C002","selector":{"controlType":"sap.m.Input","viewName":"etm.portal.ui.manageyards.view.New","viewId":"application-manageyards-display-component---NewYard","bindingPath":{"path":"","propertyPath":"/SALES_AREA_VKORG","modelName":"NewYardModel"},"interaction":{"idSuffix":"inner"}},"clearTextFirst":true,"interactionType":"ENTER_TEXT"}]}
RESULT: {"script":"<script> [776 bytes]","args":[{"enterText":"C002","selector":{"controlType":"sap.m.Input","viewName":"etm.portal.ui.manageyards.view.New","viewId":"application-manageyards-display-component---NewYard","bindingPath":{"path":"","propertyPath":"/SALES_AREA_VKORG","modelName":"NewYardModel"},"interaction":{"idSuffix":"inner"}},"clearTextFirst":true,"interactionType":"ENTER_TEXT"}]}
COMMAND: POST /session/e9da8fc7d2e5c6d9fcb370d825f3b6fb/execute/async - {"script":"<script> [1562 bytes]","args":[{"selector":{"controlType":"sap.m.Input","viewName":"etm.portal.ui.manageyards.view.New","viewId":"application-manageyards-display-component---NewYard","bindingPath":{"path":"","propertyPath":"/SALES_AREA_VTWEG","modelName":"NewYardModel"},"interaction":{"idSuffix":"inner"}},"wdio_ui5_key":"etmportal.ui.manageyards.view.Newsap.m.Input{\"path\":\"\",\"propertyPath\":\"/SALES_AREA_VTWEG\",\"modelName\":\"NewYardModel\"}"}]}
RESULT: {"script":"<script> [1562 bytes]","args":[{"selector":{"controlType":"sap.m.Input","viewName":"etm.portal.ui.manageyards.view.New","viewId":"application-manageyards-display-component---NewYard","bindingPath":{"path":"","propertyPath":"/SALES_AREA_VTWEG","modelName":"NewYardModel"},"interaction":{"idSuffix":"inner"}},"wdio_ui5_key":"etmportal.ui.manageyards.view.Newsap.m.Input{\"path\":\"\",\"propertyPath\":\"/SALES_AREA_VTWEG\",\"modelName\":\"NewYardModel\"}"}]}
RESULT: undefined
COMMAND: POST /session/e9da8fc7d2e5c6d9fcb370d825f3b6fb/execute/async - {"script":"<script> [776 bytes]","args":[{"enterText":"C2","selector":{"controlType":"sap.m.Input","viewName":"etm.portal.ui.manageyards.view.New","viewId":"application-manageyards-display-component---NewYard","bindingPath":{"path":"","propertyPath":"/SALES_AREA_VTWEG","modelName":"NewYardModel"},"interaction":{"idSuffix":"inner"}},"clearTextFirst":true,"interactionType":"ENTER_TEXT"}]}
RESULT: {"script":"<script> [776 bytes]","args":[{"enterText":"C2","selector":{"controlType":"sap.m.Input","viewName":"etm.portal.ui.manageyards.view.New","viewId":"application-manageyards-display-component---NewYard","bindingPath":{"path":"","propertyPath":"/SALES_AREA_VTWEG","modelName":"NewYardModel"},"interaction":{"idSuffix":"inner"}},"clearTextFirst":true,"interactionType":"ENTER_TEXT"}]}
COMMAND: POST /session/e9da8fc7d2e5c6d9fcb370d825f3b6fb/execute/async - {"script":"<script> [1562 bytes]","args":[{"selector":{"controlType":"sap.m.Input","viewName":"etm.portal.ui.manageyards.view.New","viewId":"application-manageyards-display-component---NewYard","bindingPath":{"path":"","propertyPath":"/SALES_AREA_SPART","modelName":"NewYardModel"},"interaction":{"idSuffix":"inner"}},"wdio_ui5_key":"etmportal.ui.manageyards.view.Newsap.m.Input{\"path\":\"\",\"propertyPath\":\"/SALES_AREA_SPART\",\"modelName\":\"NewYardModel\"}"}]}
RESULT: {"script":"<script> [1562 bytes]","args":[{"selector":{"controlType":"sap.m.Input","viewName":"etm.portal.ui.manageyards.view.New","viewId":"application-manageyards-display-component---NewYard","bindingPath":{"path":"","propertyPath":"/SALES_AREA_SPART","modelName":"NewYardModel"},"interaction":{"idSuffix":"inner"}},"wdio_ui5_key":"etmportal.ui.manageyards.view.Newsap.m.Input{\"path\":\"\",\"propertyPath\":\"/SALES_AREA_SPART\",\"modelName\":\"NewYardModel\"}"}]}
RESULT: undefined
COMMAND: POST /session/e9da8fc7d2e5c6d9fcb370d825f3b6fb/execute/async - {"script":"<script> [776 bytes]","args":[{"enterText":"C2","selector":{"controlType":"sap.m.Input","viewName":"etm.portal.ui.manageyards.view.New","viewId":"application-manageyards-display-component---NewYard","bindingPath":{"path":"","propertyPath":"/SALES_AREA_SPART","modelName":"NewYardModel"},"interaction":{"idSuffix":"inner"}},"clearTextFirst":true,"interactionType":"ENTER_TEXT"}]}
RESULT: {"script":"<script> [776 bytes]","args":[{"enterText":"C2","selector":{"controlType":"sap.m.Input","viewName":"etm.portal.ui.manageyards.view.New","viewId":"application-manageyards-display-component---NewYard","bindingPath":{"path":"","propertyPath":"/SALES_AREA_SPART","modelName":"NewYardModel"},"interaction":{"idSuffix":"inner"}},"clearTextFirst":true,"interactionType":"ENTER_TEXT"}]}
COMMAND: POST /session/e9da8fc7d2e5c6d9fcb370d825f3b6fb/execute/async - {"script":"<script> [1562 bytes]","args":[{"selector":{"controlType":"sap.m.Input","viewName":"etm.portal.ui.manageyards.view.New","viewId":"application-manageyards-display-component---NewYard","bindingPath":{"path":"","propertyPath":"/SHIP_POINT","modelName":"NewYardModel"},"interaction":{"idSuffix":"inner"}},"wdio_ui5_key":"etmportal.ui.manageyards.view.Newsap.m.Input{\"path\":\"\",\"propertyPath\":\"/SHIP_POINT\",\"modelName\":\"NewYardModel\"}"}]}
RESULT: {"script":"<script> [1562 bytes]","args":[{"selector":{"controlType":"sap.m.Input","viewName":"etm.portal.ui.manageyards.view.New","viewId":"application-manageyards-display-component---NewYard","bindingPath":{"path":"","propertyPath":"/SHIP_POINT","modelName":"NewYardModel"},"interaction":{"idSuffix":"inner"}},"wdio_ui5_key":"etmportal.ui.manageyards.view.Newsap.m.Input{\"path\":\"\",\"propertyPath\":\"/SHIP_POINT\",\"modelName\":\"NewYardModel\"}"}]}
RESULT: undefined
COMMAND: POST /session/e9da8fc7d2e5c6d9fcb370d825f3b6fb/execute/async - {"script":"<script> [776 bytes]","args":[{"enterText":"1710","selector":{"controlType":"sap.m.Input","viewName":"etm.portal.ui.manageyards.view.New","viewId":"application-manageyards-display-component---NewYard","bindingPath":{"path":"","propertyPath":"/SHIP_POINT","modelName":"NewYardModel"},"interaction":{"idSuffix":"inner"}},"clearTextFirst":true,"interactionType":"ENTER_TEXT"}]}
RESULT: {"script":"<script> [776 bytes]","args":[{"enterText":"1710","selector":{"controlType":"sap.m.Input","viewName":"etm.portal.ui.manageyards.view.New","viewId":"application-manageyards-display-component---NewYard","bindingPath":{"path":"","propertyPath":"/SHIP_POINT","modelName":"NewYardModel"},"interaction":{"idSuffix":"inner"}},"clearTextFirst":true,"interactionType":"ENTER_TEXT"}]}
COMMAND: POST /session/e9da8fc7d2e5c6d9fcb370d825f3b6fb/execute/async - {"script":"<script> [1562 bytes]","args":[{"selector":{"controlType":"sap.m.Input","viewName":"etm.portal.ui.manageyards.view.New","viewId":"application-manageyards-display-component---NewYard","bindingPath":{"path":"","propertyPath":"/DELIVERY_TYPE","modelName":"NewYardModel"},"interaction":{"idSuffix":"inner"}},"wdio_ui5_key":"etmportal.ui.manageyards.view.Newsap.m.Input{\"path\":\"\",\"propertyPath\":\"/DELIVERY_TYPE\",\"modelName\":\"NewYardModel\"}"}]}
RESULT: {"script":"<script> [1562 bytes]","args":[{"selector":{"controlType":"sap.m.Input","viewName":"etm.portal.ui.manageyards.view.New","viewId":"application-manageyards-display-component---NewYard","bindingPath":{"path":"","propertyPath":"/DELIVERY_TYPE","modelName":"NewYardModel"},"interaction":{"idSuffix":"inner"}},"wdio_ui5_key":"etmportal.ui.manageyards.view.Newsap.m.Input{\"path\":\"\",\"propertyPath\":\"/DELIVERY_TYPE\",\"modelName\":\"NewYardModel\"}"}]}
RESULT: undefined
COMMAND: POST /session/e9da8fc7d2e5c6d9fcb370d825f3b6fb/execute/async - {"script":"<script> [776 bytes]","args":[{"enterText":"ZL01","selector":{"controlType":"sap.m.Input","viewName":"etm.portal.ui.manageyards.view.New","viewId":"application-manageyards-display-component---NewYard","bindingPath":{"path":"","propertyPath":"/DELIVERY_TYPE","modelName":"NewYardModel"},"interaction":{"idSuffix":"inner"}},"clearTextFirst":true,"interactionType":"ENTER_TEXT"}]}
RESULT: {"script":"<script> [776 bytes]","args":[{"enterText":"ZL01","selector":{"controlType":"sap.m.Input","viewName":"etm.portal.ui.manageyards.view.New","viewId":"application-manageyards-display-component---NewYard","bindingPath":{"path":"","propertyPath":"/DELIVERY_TYPE","modelName":"NewYardModel"},"interaction":{"idSuffix":"inner"}},"clearTextFirst":true,"interactionType":"ENTER_TEXT"}]}
COMMAND: POST /session/e9da8fc7d2e5c6d9fcb370d825f3b6fb/execute/async - {"script":"<script> [1562 bytes]","args":[{"selector":{"controlType":"sap.m.Input","viewName":"etm.portal.ui.manageyards.view.New","viewId":"application-manageyards-display-component---NewYard","bindingPath":{"path":"","propertyPath":"/AUART","modelName":"NewYardModel"},"interaction":{"idSuffix":"inner"}},"wdio_ui5_key":"etmportal.ui.manageyards.view.Newsap.m.Input{\"path\":\"\",\"propertyPath\":\"/AUART\",\"modelName\":\"NewYardModel\"}"}]}
RESULT: {"script":"<script> [1562 bytes]","args":[{"selector":{"controlType":"sap.m.Input","viewName":"etm.portal.ui.manageyards.view.New","viewId":"application-manageyards-display-component---NewYard","bindingPath":{"path":"","propertyPath":"/AUART","modelName":"NewYardModel"},"interaction":{"idSuffix":"inner"}},"wdio_ui5_key":"etmportal.ui.manageyards.view.Newsap.m.Input{\"path\":\"\",\"propertyPath\":\"/AUART\",\"modelName\":\"NewYardModel\"}"}]}
RESULT: undefined
COMMAND: POST /session/e9da8fc7d2e5c6d9fcb370d825f3b6fb/execute/async - {"script":"<script> [776 bytes]","args":[{"enterText":"TA","selector":{"controlType":"sap.m.Input","viewName":"etm.portal.ui.manageyards.view.New","viewId":"application-manageyards-display-component---NewYard","bindingPath":{"path":"","propertyPath":"/AUART","modelName":"NewYardModel"},"interaction":{"idSuffix":"inner"}},"clearTextFirst":true,"interactionType":"ENTER_TEXT"}]}
RESULT: {"script":"<script> [776 bytes]","args":[{"enterText":"TA","selector":{"controlType":"sap.m.Input","viewName":"etm.portal.ui.manageyards.view.New","viewId":"application-manageyards-display-component---NewYard","bindingPath":{"path":"","propertyPath":"/AUART","modelName":"NewYardModel"},"interaction":{"idSuffix":"inner"}},"clearTextFirst":true,"interactionType":"ENTER_TEXT"}]}
COMMAND: POST /session/e9da8fc7d2e5c6d9fcb370d825f3b6fb/element - {"using":"xpath","value":"//button[@data-kt=\"newYardSaveButton\"]"}
RESULT: {"using":"xpath","value":"//button[@data-kt=\"newYardSaveButton\"]"}
COMMAND: POST /session/e9da8fc7d2e5c6d9fcb370d825f3b6fb/element/f.EB7466E535C2126E60AFBA1E962AA512.d.22A626687F491BE889876E7A49E221DA.e.13154/click - {}
RESULT: {}
COMMAND: GET /session/e9da8fc7d2e5c6d9fcb370d825f3b6fb/screenshot - {}
RESULT: {}
COMMAND: POST /session/e9da8fc7d2e5c6d9fcb370d825f3b6fb/element - {"using":"xpath","value":"//header[contains(@id, 'ObjectPageLayout-headerTitle')]/div[1]/div[2]/div[1]/span[1]"}
RESULT: {"using":"xpath","value":"//header[contains(@id, 'ObjectPageLayout-headerTitle')]/div[1]/div[2]/div[1]/span[1]"}
COMMAND: POST /session/e9da8fc7d2e5c6d9fcb370d825f3b6fb/elements - {"using":"xpath","value":"//header[contains(@id, 'ObjectPageLayout-headerTitle')]/div[1]/div[2]/div[1]/span[1]"}
RESULT: {"using":"xpath","value":"//header[contains(@id, 'ObjectPageLayout-headerTitle')]/div[1]/div[2]/div[1]/span[1]"}
COMMAND: POST /session/e9da8fc7d2e5c6d9fcb370d825f3b6fb/execute/sync - {"script":"<script> [56 bytes]","args":[{"element-6066-11e4-a52e-4f735466cecf":"f.EB7466E535C2126E60AFBA1E962AA512.d.22A626687F491BE889876E7A49E221DA.e.13453","ELEMENT":"f.EB7466E535C2126E60AFBA1E962AA512.d.22A626687F491BE889876E7A49E221DA.e.13453"}]}
RESULT: {"script":"<script> [56 bytes]","args":[{"element-6066-11e4-a52e-4f735466cecf":"f.EB7466E535C2126E60AFBA1E962AA512.d.22A626687F491BE889876E7A49E221DA.e.13453","ELEMENT":"f.EB7466E535C2126E60AFBA1E962AA512.d.22A626687F491BE889876E7A49E221DA.e.13453"}]}
COMMAND: GET /session/e9da8fc7d2e5c6d9fcb370d825f3b6fb/screenshot - {}
RESULT: {}
COMMAND: POST /session/e9da8fc7d2e5c6d9fcb370d825f3b6fb/element - {"using":"css selector","value":"#shell-header-logo"}
RESULT: {"using":"css selector","value":"#shell-header-logo"}
COMMAND: POST /session/e9da8fc7d2e5c6d9fcb370d825f3b6fb/element/f.EB7466E535C2126E60AFBA1E962AA512.d.22A626687F491BE889876E7A49E221DA.e.12715/click - {}
RESULT: {}
COMMAND: GET /session/e9da8fc7d2e5c6d9fcb370d825f3b6fb/screenshot - {}
RESULT: {}
COMMAND: POST /session/e9da8fc7d2e5c6d9fcb370d825f3b6fb/execute/sync - {"script":"<script> [299 bytes]","args":[["getModel","getResource"]]}
RESULT: {"script":"<script> [299 bytes]","args":[["getModel","getResource"]]}
]]></system-out>
    </testcase>
    <testcase classname="chrome.137_0_7151_69.windows.Create_partner_US118246" name="Should create new external partner" time="108.764">
      <system-out><![CDATA[
COMMAND: POST /session/e9da8fc7d2e5c6d9fcb370d825f3b6fb/window/fullscreen - {}
COMMAND: GET /session/e9da8fc7d2e5c6d9fcb370d825f3b6fb/screenshot - {}
RESULT: {}
COMMAND: POST /session/e9da8fc7d2e5c6d9fcb370d825f3b6fb/execute/async - {"script":"<script> [1562 bytes]","args":[{"selector":{"controlType":"sap.m.GenericTile","properties":{"header":"Manage Partners"}},"wdio_ui5_key":"sapm.GenericTile{\"header\":\"Manage Partners\"}"}]}
RESULT: {}
RESULT: {"script":"<script> [1562 bytes]","args":[{"selector":{"controlType":"sap.m.GenericTile","properties":{"header":"Manage Partners"}},"wdio_ui5_key":"sapm.GenericTile{\"header\":\"Manage Partners\"}"}]}
RESULT: undefined
COMMAND: POST /session/e9da8fc7d2e5c6d9fcb370d825f3b6fb/element - {"using":"xpath","value":"//*[@id=\"__tile39\"]"}
RESULT: {"using":"xpath","value":"//*[@id=\"__tile39\"]"}
COMMAND: POST /session/e9da8fc7d2e5c6d9fcb370d825f3b6fb/element/f.EB7466E535C2126E60AFBA1E962AA512.d.22A626687F491BE889876E7A49E221DA.e.12607/click - {}
RESULT: {}
COMMAND: GET /session/e9da8fc7d2e5c6d9fcb370d825f3b6fb/screenshot - {}
COMMAND: POST /session/e9da8fc7d2e5c6d9fcb370d825f3b6fb/elements - {"using":"xpath","value":"//span[text()='Error']"}
RESULT: {}
RESULT: {"using":"xpath","value":"//span[text()='Error']"}
COMMAND: POST /session/e9da8fc7d2e5c6d9fcb370d825f3b6fb/element - {"using":"xpath","value":"//button[@data-kt=\"addButton\"]"}
RESULT: {"using":"xpath","value":"//button[@data-kt=\"addButton\"]"}
COMMAND: POST /session/e9da8fc7d2e5c6d9fcb370d825f3b6fb/elements - {"using":"xpath","value":"//button[@data-kt=\"addButton\"]"}
RESULT: {"using":"xpath","value":"//button[@data-kt=\"addButton\"]"}
COMMAND: POST /session/e9da8fc7d2e5c6d9fcb370d825f3b6fb/element - {"using":"xpath","value":"//button[@data-kt=\"addButton\"]"}
RESULT: {"using":"xpath","value":"//button[@data-kt=\"addButton\"]"}
COMMAND: POST /session/e9da8fc7d2e5c6d9fcb370d825f3b6fb/execute/sync - {"script":"<script> [8489 bytes]","args":[{"element-6066-11e4-a52e-4f735466cecf":"f.EB7466E535C2126E60AFBA1E962AA512.d.22A626687F491BE889876E7A49E221DA.e.13503","ELEMENT":"f.EB7466E535C2126E60AFBA1E962AA512.d.22A626687F491BE889876E7A49E221DA.e.13503"}]}
RESULT: {"script":"<script> [8489 bytes]","args":[{"element-6066-11e4-a52e-4f735466cecf":"f.EB7466E535C2126E60AFBA1E962AA512.d.22A626687F491BE889876E7A49E221DA.e.13503","ELEMENT":"f.EB7466E535C2126E60AFBA1E962AA512.d.22A626687F491BE889876E7A49E221DA.e.13503"}]}
COMMAND: GET /session/e9da8fc7d2e5c6d9fcb370d825f3b6fb/element/f.EB7466E535C2126E60AFBA1E962AA512.d.22A626687F491BE889876E7A49E221DA.e.13503/enabled - {}
COMMAND: GET /session/e9da8fc7d2e5c6d9fcb370d825f3b6fb/screenshot - {}
RESULT: {}
COMMAND: POST /session/e9da8fc7d2e5c6d9fcb370d825f3b6fb/execute/sync - {"script":"<script> [8489 bytes]","args":[{"element-6066-11e4-a52e-4f735466cecf":"f.EB7466E535C2126E60AFBA1E962AA512.d.22A626687F491BE889876E7A49E221DA.e.13503","ELEMENT":"f.EB7466E535C2126E60AFBA1E962AA512.d.22A626687F491BE889876E7A49E221DA.e.13503"}]}
COMMAND: GET /session/e9da8fc7d2e5c6d9fcb370d825f3b6fb/screenshot - {}
RESULT: {}
RESULT: {"script":"<script> [8489 bytes]","args":[{"element-6066-11e4-a52e-4f735466cecf":"f.EB7466E535C2126E60AFBA1E962AA512.d.22A626687F491BE889876E7A49E221DA.e.13503","ELEMENT":"f.EB7466E535C2126E60AFBA1E962AA512.d.22A626687F491BE889876E7A49E221DA.e.13503"}]}
COMMAND: POST /session/e9da8fc7d2e5c6d9fcb370d825f3b6fb/execute/sync - {"script":"<script> [5351 bytes]","args":[{"element-6066-11e4-a52e-4f735466cecf":"f.EB7466E535C2126E60AFBA1E962AA512.d.22A626687F491BE889876E7A49E221DA.e.13503","ELEMENT":"f.EB7466E535C2126E60AFBA1E962AA512.d.22A626687F491BE889876E7A49E221DA.e.13503"}]}
COMMAND: GET /session/e9da8fc7d2e5c6d9fcb370d825f3b6fb/screenshot - {}
RESULT: {}
RESULT: {"script":"<script> [5351 bytes]","args":[{"element-6066-11e4-a52e-4f735466cecf":"f.EB7466E535C2126E60AFBA1E962AA512.d.22A626687F491BE889876E7A49E221DA.e.13503","ELEMENT":"f.EB7466E535C2126E60AFBA1E962AA512.d.22A626687F491BE889876E7A49E221DA.e.13503"}]}
COMMAND: POST /session/e9da8fc7d2e5c6d9fcb370d825f3b6fb/element/f.EB7466E535C2126E60AFBA1E962AA512.d.22A626687F491BE889876E7A49E221DA.e.13503/click - {}
COMMAND: GET /session/e9da8fc7d2e5c6d9fcb370d825f3b6fb/screenshot - {}
RESULT: {}
RESULT: {}
COMMAND: GET /session/e9da8fc7d2e5c6d9fcb370d825f3b6fb/screenshot - {}
RESULT: {}
RESULT: {}
COMMAND: POST /session/e9da8fc7d2e5c6d9fcb370d825f3b6fb/execute/async - {"script":"<script> [1562 bytes]","args":[{"selector":{"id":"application-managepartners-display-component---NewPartner--addressDetailDetailsName1","interaction":{"idSuffix":"inner"}},"wdio_ui5_key":"applicationmanagepartners-display-component---NewPartner--addressDetailDetailsName1"}]}
RESULT: {"script":"<script> [1562 bytes]","args":[{"selector":{"id":"application-managepartners-display-component---NewPartner--addressDetailDetailsName1","interaction":{"idSuffix":"inner"}},"wdio_ui5_key":"applicationmanagepartners-display-component---NewPartner--addressDetailDetailsName1"}]}
RESULT: undefined
COMMAND: POST /session/e9da8fc7d2e5c6d9fcb370d825f3b6fb/execute/async - {"script":"<script> [776 bytes]","args":[{"enterText":"External Partner WDIO","selector":{"id":"application-managepartners-display-component---NewPartner--addressDetailDetailsName1","interaction":{"idSuffix":"inner"}},"clearTextFirst":true,"interactionType":"ENTER_TEXT"}]}
RESULT: {"script":"<script> [776 bytes]","args":[{"enterText":"External Partner WDIO","selector":{"id":"application-managepartners-display-component---NewPartner--addressDetailDetailsName1","interaction":{"idSuffix":"inner"}},"clearTextFirst":true,"interactionType":"ENTER_TEXT"}]}
COMMAND: POST /session/e9da8fc7d2e5c6d9fcb370d825f3b6fb/execute/async - {"script":"<script> [1562 bytes]","args":[{"selector":{"id":"application-managepartners-display-component---NewPartner--addressDetailDetailsLanguage-arrow"},"wdio_ui5_key":"applicationmanagepartners-display-component---NewPartner--addressDetailDetailsLanguage-arrow"}]}
RESULT: {"script":"<script> [1562 bytes]","args":[{"selector":{"id":"application-managepartners-display-component---NewPartner--addressDetailDetailsLanguage-arrow"},"wdio_ui5_key":"applicationmanagepartners-display-component---NewPartner--addressDetailDetailsLanguage-arrow"}]}
RESULT: undefined
COMMAND: POST /session/e9da8fc7d2e5c6d9fcb370d825f3b6fb/element - {"using":"xpath","value":"//*[@id=\"application-managepartners-display-component---NewPartner--addressDetailDetailsLanguage-arrow\"]"}
RESULT: {"using":"xpath","value":"//*[@id=\"application-managepartners-display-component---NewPartner--addressDetailDetailsLanguage-arrow\"]"}
COMMAND: POST /session/e9da8fc7d2e5c6d9fcb370d825f3b6fb/element/f.EB7466E535C2126E60AFBA1E962AA512.d.22A626687F491BE889876E7A49E221DA.e.13946/click - {}
RESULT: {}
COMMAND: POST /session/e9da8fc7d2e5c6d9fcb370d825f3b6fb/element - {"using":"xpath","value":"//span[contains(text(), \"English\")]"}
COMMAND: GET /session/e9da8fc7d2e5c6d9fcb370d825f3b6fb/screenshot - {}
RESULT: {"using":"xpath","value":"//span[contains(text(), \"English\")]"}
COMMAND: POST /session/e9da8fc7d2e5c6d9fcb370d825f3b6fb/element/f.EB7466E535C2126E60AFBA1E962AA512.d.22A626687F491BE889876E7A49E221DA.e.13947/click - {}
RESULT: {}
RESULT: {}
COMMAND: GET /session/e9da8fc7d2e5c6d9fcb370d825f3b6fb/screenshot - {}
RESULT: {}
COMMAND: POST /session/e9da8fc7d2e5c6d9fcb370d825f3b6fb/execute/async - {"script":"<script> [1562 bytes]","args":[{"selector":{"id":"application-managepartners-display-component---NewPartner--addressDetailDetailsCity1","interaction":{"idSuffix":"inner"}},"wdio_ui5_key":"applicationmanagepartners-display-component---NewPartner--addressDetailDetailsCity1"}]}
RESULT: {"script":"<script> [1562 bytes]","args":[{"selector":{"id":"application-managepartners-display-component---NewPartner--addressDetailDetailsCity1","interaction":{"idSuffix":"inner"}},"wdio_ui5_key":"applicationmanagepartners-display-component---NewPartner--addressDetailDetailsCity1"}]}
RESULT: undefined
COMMAND: POST /session/e9da8fc7d2e5c6d9fcb370d825f3b6fb/execute/async - {"script":"<script> [776 bytes]","args":[{"enterText":"Rosario","selector":{"id":"application-managepartners-display-component---NewPartner--addressDetailDetailsCity1","interaction":{"idSuffix":"inner"}},"clearTextFirst":true,"interactionType":"ENTER_TEXT"}]}
RESULT: {"script":"<script> [776 bytes]","args":[{"enterText":"Rosario","selector":{"id":"application-managepartners-display-component---NewPartner--addressDetailDetailsCity1","interaction":{"idSuffix":"inner"}},"clearTextFirst":true,"interactionType":"ENTER_TEXT"}]}
COMMAND: POST /session/e9da8fc7d2e5c6d9fcb370d825f3b6fb/execute/async - {"script":"<script> [1562 bytes]","args":[{"selector":{"id":"application-managepartners-display-component---NewPartner--addressDetailDetailsCountry-arrow"},"wdio_ui5_key":"applicationmanagepartners-display-component---NewPartner--addressDetailDetailsCountry-arrow"}]}
RESULT: {"script":"<script> [1562 bytes]","args":[{"selector":{"id":"application-managepartners-display-component---NewPartner--addressDetailDetailsCountry-arrow"},"wdio_ui5_key":"applicationmanagepartners-display-component---NewPartner--addressDetailDetailsCountry-arrow"}]}
RESULT: undefined
COMMAND: POST /session/e9da8fc7d2e5c6d9fcb370d825f3b6fb/element - {"using":"xpath","value":"//*[@id=\"application-managepartners-display-component---NewPartner--addressDetailDetailsCountry-arrow\"]"}
RESULT: {"using":"xpath","value":"//*[@id=\"application-managepartners-display-component---NewPartner--addressDetailDetailsCountry-arrow\"]"}
COMMAND: POST /session/e9da8fc7d2e5c6d9fcb370d825f3b6fb/element/f.EB7466E535C2126E60AFBA1E962AA512.d.22A626687F491BE889876E7A49E221DA.e.13925/click - {}
RESULT: {}
COMMAND: POST /session/e9da8fc7d2e5c6d9fcb370d825f3b6fb/element - {"using":"xpath","value":"//span[contains(text(), \"Argentina\")]"}
COMMAND: GET /session/e9da8fc7d2e5c6d9fcb370d825f3b6fb/screenshot - {}
RESULT: {"using":"xpath","value":"//span[contains(text(), \"Argentina\")]"}
COMMAND: POST /session/e9da8fc7d2e5c6d9fcb370d825f3b6fb/element/f.EB7466E535C2126E60AFBA1E962AA512.d.22A626687F491BE889876E7A49E221DA.e.13949/click - {}
RESULT: {}
RESULT: {}
COMMAND: GET /session/e9da8fc7d2e5c6d9fcb370d825f3b6fb/screenshot - {}
RESULT: {}
COMMAND: POST /session/e9da8fc7d2e5c6d9fcb370d825f3b6fb/element - {"using":"xpath","value":"//bdi[contains(text(), \"Commercial\")]"}
RESULT: {"using":"xpath","value":"//bdi[contains(text(), \"Commercial\")]"}
COMMAND: POST /session/e9da8fc7d2e5c6d9fcb370d825f3b6fb/element/f.EB7466E535C2126E60AFBA1E962AA512.d.22A626687F491BE889876E7A49E221DA.e.13950/click - {}
RESULT: {}
COMMAND: GET /session/e9da8fc7d2e5c6d9fcb370d825f3b6fb/screenshot - {}
RESULT: {}
COMMAND: POST /session/e9da8fc7d2e5c6d9fcb370d825f3b6fb/execute/async - {"script":"<script> [1562 bytes]","args":[{"selector":{"id":"application-managepartners-display-component---NewPartner--partnerDetailInternal-arrow"},"wdio_ui5_key":"applicationmanagepartners-display-component---NewPartner--partnerDetailInternal-arrow"}]}
RESULT: {"script":"<script> [1562 bytes]","args":[{"selector":{"id":"application-managepartners-display-component---NewPartner--partnerDetailInternal-arrow"},"wdio_ui5_key":"applicationmanagepartners-display-component---NewPartner--partnerDetailInternal-arrow"}]}
RESULT: undefined
COMMAND: POST /session/e9da8fc7d2e5c6d9fcb370d825f3b6fb/element - {"using":"xpath","value":"//*[@id=\"application-managepartners-display-component---NewPartner--partnerDetailInternal-arrow\"]"}
RESULT: {"using":"xpath","value":"//*[@id=\"application-managepartners-display-component---NewPartner--partnerDetailInternal-arrow\"]"}
COMMAND: POST /session/e9da8fc7d2e5c6d9fcb370d825f3b6fb/element/f.EB7466E535C2126E60AFBA1E962AA512.d.22A626687F491BE889876E7A49E221DA.e.13956/click - {}
RESULT: {}
COMMAND: POST /session/e9da8fc7d2e5c6d9fcb370d825f3b6fb/element - {"using":"xpath","value":"//span[contains(text(), \"External partner\")]"}
COMMAND: GET /session/e9da8fc7d2e5c6d9fcb370d825f3b6fb/screenshot - {}
RESULT: {"using":"xpath","value":"//span[contains(text(), \"External partner\")]"}
COMMAND: POST /session/e9da8fc7d2e5c6d9fcb370d825f3b6fb/element/f.EB7466E535C2126E60AFBA1E962AA512.d.22A626687F491BE889876E7A49E221DA.e.13957/click - {}
RESULT: {}
RESULT: {}
COMMAND: POST /session/e9da8fc7d2e5c6d9fcb370d825f3b6fb/execute/async - {"script":"<script> [1562 bytes]","args":[{"selector":{"id":"application-managepartners-display-component---NewPartner--partnerDetailsCurrency-arrow"},"wdio_ui5_key":"applicationmanagepartners-display-component---NewPartner--partnerDetailsCurrency-arrow"}]}
COMMAND: GET /session/e9da8fc7d2e5c6d9fcb370d825f3b6fb/screenshot - {}
RESULT: {"script":"<script> [1562 bytes]","args":[{"selector":{"id":"application-managepartners-display-component---NewPartner--partnerDetailsCurrency-arrow"},"wdio_ui5_key":"applicationmanagepartners-display-component---NewPartner--partnerDetailsCurrency-arrow"}]}
RESULT: undefined
COMMAND: POST /session/e9da8fc7d2e5c6d9fcb370d825f3b6fb/element - {"using":"xpath","value":"//*[@id=\"application-managepartners-display-component---NewPartner--partnerDetailsCurrency-arrow\"]"}
RESULT: {}
RESULT: {"using":"xpath","value":"//*[@id=\"application-managepartners-display-component---NewPartner--partnerDetailsCurrency-arrow\"]"}
COMMAND: POST /session/e9da8fc7d2e5c6d9fcb370d825f3b6fb/element/f.EB7466E535C2126E60AFBA1E962AA512.d.22A626687F491BE889876E7A49E221DA.e.13962/click - {}
RESULT: {}
COMMAND: POST /session/e9da8fc7d2e5c6d9fcb370d825f3b6fb/element - {"using":"xpath","value":"//span[contains(text(), \"US Dollar\")]"}
COMMAND: GET /session/e9da8fc7d2e5c6d9fcb370d825f3b6fb/screenshot - {}
RESULT: {"using":"xpath","value":"//span[contains(text(), \"US Dollar\")]"}
COMMAND: POST /session/e9da8fc7d2e5c6d9fcb370d825f3b6fb/element/f.EB7466E535C2126E60AFBA1E962AA512.d.22A626687F491BE889876E7A49E221DA.e.13963/click - {}
RESULT: {}
RESULT: {}
COMMAND: GET /session/e9da8fc7d2e5c6d9fcb370d825f3b6fb/screenshot - {}
RESULT: {}
COMMAND: POST /session/e9da8fc7d2e5c6d9fcb370d825f3b6fb/element - {"using":"xpath","value":"//input[@id=\"application-managepartners-display-component---NewPartner--companyCodeComboBox-inner\"]"}
RESULT: {"using":"xpath","value":"//input[@id=\"application-managepartners-display-component---NewPartner--companyCodeComboBox-inner\"]"}
COMMAND: POST /session/e9da8fc7d2e5c6d9fcb370d825f3b6fb/element/f.EB7466E535C2126E60AFBA1E962AA512.d.22A626687F491BE889876E7A49E221DA.e.13859/clear - {}
RESULT: {}
COMMAND: POST /session/e9da8fc7d2e5c6d9fcb370d825f3b6fb/element/f.EB7466E535C2126E60AFBA1E962AA512.d.22A626687F491BE889876E7A49E221DA.e.13859/value - {"text":"C002"}
COMMAND: GET /session/e9da8fc7d2e5c6d9fcb370d825f3b6fb/screenshot - {}
RESULT: {"text":"C002"}
COMMAND: GET /session/e9da8fc7d2e5c6d9fcb370d825f3b6fb/screenshot - {}
RESULT: {}
RESULT: {}
COMMAND: POST /session/e9da8fc7d2e5c6d9fcb370d825f3b6fb/element - {"using":"xpath","value":"//li[.//span[text()= \"C002\"]]"}
RESULT: {"using":"xpath","value":"//li[.//span[text()= \"C002\"]]"}
COMMAND: POST /session/e9da8fc7d2e5c6d9fcb370d825f3b6fb/element/f.EB7466E535C2126E60AFBA1E962AA512.d.22A626687F491BE889876E7A49E221DA.e.13967/click - {}
RESULT: {}
COMMAND: GET /session/e9da8fc7d2e5c6d9fcb370d825f3b6fb/screenshot - {}
RESULT: {}
COMMAND: POST /session/e9da8fc7d2e5c6d9fcb370d825f3b6fb/execute/async - {"script":"<script> [1562 bytes]","args":[{"selector":{"controlType":"sap.ui.core.Icon","viewName":"etm.portal.ui.managepartners.view.NewPartner","viewId":"application-managepartners-display-component---NewPartner","properties":{"src":{"regex":{"source":"slim\\-arrow\\-down"}}},"ancestor":{"controlType":"sap.m.ComboBox","viewName":"etm.portal.ui.managepartners.view.NewPartner","viewId":"application-managepartners-display-component---NewPartner","bindingPath":{"path":"","propertyPath":"/CATALOG","modelName":"oNewPartnerModel"}}},"wdio_ui5_key":"etmportal.ui.managepartners.view.NewPartnersap.ui.core.Icon{\"src\":{\"regex\":{\"source\":\"slim\\\\-arrow\\\\-down\"}}}{\"controlType\":\"sap.m.ComboBox\",\"viewName\":\"etm.portal.ui.managepartners.view.NewPartner\",\"viewId\":\"application-managepartners-display-component---NewPartner\",\"bindingPath\":{\"path\":\"\",\"propertyPath\":\"/CATALOG\",\"modelName\":\"oNewPartnerModel\"}}"}]}
RESULT: {"script":"<script> [1562 bytes]","args":[{"selector":{"controlType":"sap.ui.core.Icon","viewName":"etm.portal.ui.managepartners.view.NewPartner","viewId":"application-managepartners-display-component---NewPartner","properties":{"src":{"regex":{"source":"slim\\-arrow\\-down"}}},"ancestor":{"controlType":"sap.m.ComboBox","viewName":"etm.portal.ui.managepartners.view.NewPartner","viewId":"application-managepartners-display-component---NewPartner","bindingPath":{"path":"","propertyPath":"/CATALOG","modelName":"oNewPartnerModel"}}},"wdio_ui5_key":"etmportal.ui.managepartners.view.NewPartnersap.ui.core.Icon{\"src\":{\"regex\":{\"source\":\"slim\\\\-arrow\\\\-down\"}}}{\"controlType\":\"sap.m.ComboBox\",\"viewName\":\"etm.portal.ui.managepartners.view.NewPartner\",\"viewId\":\"application-managepartners-display-component---NewPartner\",\"bindingPath\":{\"path\":\"\",\"propertyPath\":\"/CATALOG\",\"modelName\":\"oNewPartnerModel\"}}"}]}
RESULT: undefined
COMMAND: POST /session/e9da8fc7d2e5c6d9fcb370d825f3b6fb/element - {"using":"xpath","value":"//*[@id=\"__box22-arrow\"]"}
RESULT: {"using":"xpath","value":"//*[@id=\"__box22-arrow\"]"}
COMMAND: POST /session/e9da8fc7d2e5c6d9fcb370d825f3b6fb/element/f.EB7466E535C2126E60AFBA1E962AA512.d.22A626687F491BE889876E7A49E221DA.e.13926/click - {}
RESULT: {}
COMMAND: GET /session/e9da8fc7d2e5c6d9fcb370d825f3b6fb/screenshot - {}
RESULT: {}
COMMAND: POST /session/e9da8fc7d2e5c6d9fcb370d825f3b6fb/element - {"using":"xpath","value":"//ul[contains(@id,\"popup-list-listUl\")]//li[.//span[text()= \"Webshop Catalog\"]]"}
RESULT: {"using":"xpath","value":"//ul[contains(@id,\"popup-list-listUl\")]//li[.//span[text()= \"Webshop Catalog\"]]"}
COMMAND: POST /session/e9da8fc7d2e5c6d9fcb370d825f3b6fb/element/f.EB7466E535C2126E60AFBA1E962AA512.d.22A626687F491BE889876E7A49E221DA.e.13969/click - {}
RESULT: {}
COMMAND: GET /session/e9da8fc7d2e5c6d9fcb370d825f3b6fb/screenshot - {}
RESULT: {}
COMMAND: POST /session/e9da8fc7d2e5c6d9fcb370d825f3b6fb/execute/async - {"script":"<script> [1562 bytes]","args":[{"selector":{"id":"application-managepartners-display-component---NewPartner--btnAddTableRow-img"},"wdio_ui5_key":"applicationmanagepartners-display-component---NewPartner--btnAddTableRow-img"}]}
RESULT: {"script":"<script> [1562 bytes]","args":[{"selector":{"id":"application-managepartners-display-component---NewPartner--btnAddTableRow-img"},"wdio_ui5_key":"applicationmanagepartners-display-component---NewPartner--btnAddTableRow-img"}]}
RESULT: undefined
COMMAND: POST /session/e9da8fc7d2e5c6d9fcb370d825f3b6fb/element - {"using":"xpath","value":"//*[@id=\"application-managepartners-display-component---NewPartner--btnAddTableRow-img\"]"}
RESULT: {"using":"xpath","value":"//*[@id=\"application-managepartners-display-component---NewPartner--btnAddTableRow-img\"]"}
COMMAND: POST /session/e9da8fc7d2e5c6d9fcb370d825f3b6fb/element/f.EB7466E535C2126E60AFBA1E962AA512.d.22A626687F491BE889876E7A49E221DA.e.13970/click - {}
RESULT: {}
COMMAND: GET /session/e9da8fc7d2e5c6d9fcb370d825f3b6fb/screenshot - {}
RESULT: {}
COMMAND: POST /session/e9da8fc7d2e5c6d9fcb370d825f3b6fb/element - {"using":"xpath","value":"//input[@id=\"application-managepartners-display-component---NewPartner--assignmentYard-application-managepartners-display-component---NewPartner--assignmentsTable-0-inner\"]"}
RESULT: {"using":"xpath","value":"//input[@id=\"application-managepartners-display-component---NewPartner--assignmentYard-application-managepartners-display-component---NewPartner--assignmentsTable-0-inner\"]"}
COMMAND: POST /session/e9da8fc7d2e5c6d9fcb370d825f3b6fb/element/f.EB7466E535C2126E60AFBA1E962AA512.d.22A626687F491BE889876E7A49E221DA.e.13973/clear - {}
RESULT: {}
COMMAND: POST /session/e9da8fc7d2e5c6d9fcb370d825f3b6fb/element/f.EB7466E535C2126E60AFBA1E962AA512.d.22A626687F491BE889876E7A49E221DA.e.13973/value - {"text":"253"}
COMMAND: GET /session/e9da8fc7d2e5c6d9fcb370d825f3b6fb/screenshot - {}
RESULT: {"text":"253"}
COMMAND: GET /session/e9da8fc7d2e5c6d9fcb370d825f3b6fb/screenshot - {}
RESULT: {}
RESULT: {}
COMMAND: POST /session/e9da8fc7d2e5c6d9fcb370d825f3b6fb/element - {"using":"xpath","value":"//ul[contains(@id,\"NewPartner--assignmentsTable-0-popup-list-listUl\")]//li[.//span[text()='253']]"}
RESULT: {"using":"xpath","value":"//ul[contains(@id,\"NewPartner--assignmentsTable-0-popup-list-listUl\")]//li[.//span[text()='253']]"}
COMMAND: POST /session/e9da8fc7d2e5c6d9fcb370d825f3b6fb/element/f.EB7466E535C2126E60AFBA1E962AA512.d.22A626687F491BE889876E7A49E221DA.e.13981/click - {}
RESULT: {}
COMMAND: GET /session/e9da8fc7d2e5c6d9fcb370d825f3b6fb/screenshot - {}
RESULT: {}
COMMAND: POST /session/e9da8fc7d2e5c6d9fcb370d825f3b6fb/actions - {"actions":[{"id":"action38","type":"key","parameters":{},"actions":[{"type":"keyDown","value":""},{"type":"pause","duration":10},{"type":"keyUp","value":""}]}]}
RESULT: {"actions":[{"id":"action38","type":"key","parameters":{},"actions":[{"type":"keyDown","value":""},{"type":"pause","duration":10},{"type":"keyUp","value":""}]}]}
COMMAND: POST /session/e9da8fc7d2e5c6d9fcb370d825f3b6fb/element - {"using":"xpath","value":"//td[contains(@id, \"assignmentsTable-0-cell2\")]/div/div"}
COMMAND: GET /session/e9da8fc7d2e5c6d9fcb370d825f3b6fb/screenshot - {}
RESULT: {"using":"xpath","value":"//td[contains(@id, \"assignmentsTable-0-cell2\")]/div/div"}
COMMAND: POST /session/e9da8fc7d2e5c6d9fcb370d825f3b6fb/element/f.EB7466E535C2126E60AFBA1E962AA512.d.22A626687F491BE889876E7A49E221DA.e.13984/click - {}
RESULT: {}
RESULT: {}
COMMAND: GET /session/e9da8fc7d2e5c6d9fcb370d825f3b6fb/screenshot - {}
RESULT: {}
COMMAND: POST /session/e9da8fc7d2e5c6d9fcb370d825f3b6fb/element - {"using":"xpath","value":"//button[@data-kt=\"saveButton\"]"}
RESULT: {"using":"xpath","value":"//button[@data-kt=\"saveButton\"]"}
COMMAND: POST /session/e9da8fc7d2e5c6d9fcb370d825f3b6fb/element/f.EB7466E535C2126E60AFBA1E962AA512.d.22A626687F491BE889876E7A49E221DA.e.13921/click - {}
RESULT: {}
COMMAND: GET /session/e9da8fc7d2e5c6d9fcb370d825f3b6fb/screenshot - {}
RESULT: {}
COMMAND: POST /session/e9da8fc7d2e5c6d9fcb370d825f3b6fb/element - {"using":"xpath","value":"//header[contains(@id, 'ObjectPageLayout-headerTitle')]/div[1]/div[2]/div[2]/span[1]"}
RESULT: {"using":"xpath","value":"//header[contains(@id, 'ObjectPageLayout-headerTitle')]/div[1]/div[2]/div[2]/span[1]"}
COMMAND: POST /session/e9da8fc7d2e5c6d9fcb370d825f3b6fb/elements - {"using":"xpath","value":"//header[contains(@id, 'ObjectPageLayout-headerTitle')]/div[1]/div[2]/div[2]/span[1]"}
RESULT: {"using":"xpath","value":"//header[contains(@id, 'ObjectPageLayout-headerTitle')]/div[1]/div[2]/div[2]/span[1]"}
COMMAND: POST /session/e9da8fc7d2e5c6d9fcb370d825f3b6fb/execute/sync - {"script":"<script> [56 bytes]","args":[{"element-6066-11e4-a52e-4f735466cecf":"f.EB7466E535C2126E60AFBA1E962AA512.d.22A626687F491BE889876E7A49E221DA.e.14146","ELEMENT":"f.EB7466E535C2126E60AFBA1E962AA512.d.22A626687F491BE889876E7A49E221DA.e.14146"}]}
RESULT: {"script":"<script> [56 bytes]","args":[{"element-6066-11e4-a52e-4f735466cecf":"f.EB7466E535C2126E60AFBA1E962AA512.d.22A626687F491BE889876E7A49E221DA.e.14146","ELEMENT":"f.EB7466E535C2126E60AFBA1E962AA512.d.22A626687F491BE889876E7A49E221DA.e.14146"}]}
COMMAND: POST /session/e9da8fc7d2e5c6d9fcb370d825f3b6fb/element - {"using":"css selector","value":"#shell-header-logo"}
COMMAND: GET /session/e9da8fc7d2e5c6d9fcb370d825f3b6fb/screenshot - {}
RESULT: {"using":"css selector","value":"#shell-header-logo"}
COMMAND: POST /session/e9da8fc7d2e5c6d9fcb370d825f3b6fb/element/f.EB7466E535C2126E60AFBA1E962AA512.d.22A626687F491BE889876E7A49E221DA.e.13458/click - {}
RESULT: {}
RESULT: {}
COMMAND: GET /session/e9da8fc7d2e5c6d9fcb370d825f3b6fb/screenshot - {}
RESULT: {}
COMMAND: POST /session/e9da8fc7d2e5c6d9fcb370d825f3b6fb/execute/sync - {"script":"<script> [299 bytes]","args":[["getModel","getResource"]]}
RESULT: {"script":"<script> [299 bytes]","args":[["getModel","getResource"]]}
]]></system-out>
    </testcase>
    <testcase classname="chrome.137_0_7151_69.windows.Create_partner_US118246" name="Should create a new yard in case create yard failed" time="134.041">
      <system-out><![CDATA[
COMMAND: GET /session/e9da8fc7d2e5c6d9fcb370d825f3b6fb/screenshot - {}
RESULT: undefined
COMMAND: POST /session/e9da8fc7d2e5c6d9fcb370d825f3b6fb/element - {"using":"xpath","value":"//*[@id=\"__tile42\"]"}
RESULT: {"using":"xpath","value":"//*[@id=\"__tile42\"]"}
COMMAND: POST /session/e9da8fc7d2e5c6d9fcb370d825f3b6fb/element/f.EB7466E535C2126E60AFBA1E962AA512.d.22A626687F491BE889876E7A49E221DA.e.12616/click - {}
RESULT: {}
RESULT: {}
COMMAND: GET /session/e9da8fc7d2e5c6d9fcb370d825f3b6fb/screenshot - {}
RESULT: {}
COMMAND: POST /session/e9da8fc7d2e5c6d9fcb370d825f3b6fb/elements - {"using":"xpath","value":"//span[text()='Error']"}
RESULT: {"using":"xpath","value":"//span[text()='Error']"}
COMMAND: POST /session/e9da8fc7d2e5c6d9fcb370d825f3b6fb/element - {"using":"xpath","value":"//button[@data-kt=\"addNewYardOverflowToolbarButton\"]"}
RESULT: {"using":"xpath","value":"//button[@data-kt=\"addNewYardOverflowToolbarButton\"]"}
COMMAND: POST /session/e9da8fc7d2e5c6d9fcb370d825f3b6fb/elements - {"using":"xpath","value":"//button[@data-kt=\"addNewYardOverflowToolbarButton\"]"}
RESULT: {"using":"xpath","value":"//button[@data-kt=\"addNewYardOverflowToolbarButton\"]"}
COMMAND: POST /session/e9da8fc7d2e5c6d9fcb370d825f3b6fb/execute/sync - {"script":"<script> [8489 bytes]","args":[{"element-6066-11e4-a52e-4f735466cecf":"f.EB7466E535C2126E60AFBA1E962AA512.d.22A626687F491BE889876E7A49E221DA.e.14182","ELEMENT":"f.EB7466E535C2126E60AFBA1E962AA512.d.22A626687F491BE889876E7A49E221DA.e.14182"}]}
RESULT: {"script":"<script> [8489 bytes]","args":[{"element-6066-11e4-a52e-4f735466cecf":"f.EB7466E535C2126E60AFBA1E962AA512.d.22A626687F491BE889876E7A49E221DA.e.14182","ELEMENT":"f.EB7466E535C2126E60AFBA1E962AA512.d.22A626687F491BE889876E7A49E221DA.e.14182"}]}
COMMAND: GET /session/e9da8fc7d2e5c6d9fcb370d825f3b6fb/element/f.EB7466E535C2126E60AFBA1E962AA512.d.22A626687F491BE889876E7A49E221DA.e.14182/enabled - {}
COMMAND: GET /session/e9da8fc7d2e5c6d9fcb370d825f3b6fb/screenshot - {}
RESULT: {}
COMMAND: POST /session/e9da8fc7d2e5c6d9fcb370d825f3b6fb/execute/sync - {"script":"<script> [8489 bytes]","args":[{"element-6066-11e4-a52e-4f735466cecf":"f.EB7466E535C2126E60AFBA1E962AA512.d.22A626687F491BE889876E7A49E221DA.e.14182","ELEMENT":"f.EB7466E535C2126E60AFBA1E962AA512.d.22A626687F491BE889876E7A49E221DA.e.14182"}]}
COMMAND: GET /session/e9da8fc7d2e5c6d9fcb370d825f3b6fb/screenshot - {}
RESULT: {}
RESULT: {"script":"<script> [8489 bytes]","args":[{"element-6066-11e4-a52e-4f735466cecf":"f.EB7466E535C2126E60AFBA1E962AA512.d.22A626687F491BE889876E7A49E221DA.e.14182","ELEMENT":"f.EB7466E535C2126E60AFBA1E962AA512.d.22A626687F491BE889876E7A49E221DA.e.14182"}]}
COMMAND: POST /session/e9da8fc7d2e5c6d9fcb370d825f3b6fb/execute/sync - {"script":"<script> [5351 bytes]","args":[{"element-6066-11e4-a52e-4f735466cecf":"f.EB7466E535C2126E60AFBA1E962AA512.d.22A626687F491BE889876E7A49E221DA.e.14182","ELEMENT":"f.EB7466E535C2126E60AFBA1E962AA512.d.22A626687F491BE889876E7A49E221DA.e.14182"}]}
COMMAND: GET /session/e9da8fc7d2e5c6d9fcb370d825f3b6fb/screenshot - {}
RESULT: {}
RESULT: {"script":"<script> [5351 bytes]","args":[{"element-6066-11e4-a52e-4f735466cecf":"f.EB7466E535C2126E60AFBA1E962AA512.d.22A626687F491BE889876E7A49E221DA.e.14182","ELEMENT":"f.EB7466E535C2126E60AFBA1E962AA512.d.22A626687F491BE889876E7A49E221DA.e.14182"}]}
COMMAND: POST /session/e9da8fc7d2e5c6d9fcb370d825f3b6fb/element/f.EB7466E535C2126E60AFBA1E962AA512.d.22A626687F491BE889876E7A49E221DA.e.14182/click - {}
COMMAND: GET /session/e9da8fc7d2e5c6d9fcb370d825f3b6fb/screenshot - {}
RESULT: {}
RESULT: {}
COMMAND: GET /session/e9da8fc7d2e5c6d9fcb370d825f3b6fb/screenshot - {}
RESULT: {}
RESULT: {}
COMMAND: POST /session/e9da8fc7d2e5c6d9fcb370d825f3b6fb/element - {"using":"xpath","value":"//input[@id=\"application-manageyards-display-component---NewYard--yardId-inner\"]"}
RESULT: {"using":"xpath","value":"//input[@id=\"application-manageyards-display-component---NewYard--yardId-inner\"]"}
COMMAND: POST /session/e9da8fc7d2e5c6d9fcb370d825f3b6fb/element - {"using":"xpath","value":"//input[@id=\"application-manageyards-display-component---NewYard--yardId-inner\"]"}
RESULT: {"using":"xpath","value":"//input[@id=\"application-manageyards-display-component---NewYard--yardId-inner\"]"}
RESULT: undefined
COMMAND: POST /session/e9da8fc7d2e5c6d9fcb370d825f3b6fb/execute/async - {"script":"<script> [776 bytes]","args":[{"enterText":"Warehouse Managed WDIO","selector":{"id":"application-manageyards-display-component---NewYard--addressDetailDetailsName1","interaction":{"idSuffix":"inner"}},"clearTextFirst":true,"interactionType":"ENTER_TEXT"}]}
RESULT: {"script":"<script> [776 bytes]","args":[{"enterText":"Warehouse Managed WDIO","selector":{"id":"application-manageyards-display-component---NewYard--addressDetailDetailsName1","interaction":{"idSuffix":"inner"}},"clearTextFirst":true,"interactionType":"ENTER_TEXT"}]}
RESULT: undefined
COMMAND: POST /session/e9da8fc7d2e5c6d9fcb370d825f3b6fb/element - {"using":"xpath","value":"//*[@id=\"application-manageyards-display-component---NewYard--addressDetailDetailsLanguage-arrow\"]"}
RESULT: {"using":"xpath","value":"//*[@id=\"application-manageyards-display-component---NewYard--addressDetailDetailsLanguage-arrow\"]"}
COMMAND: POST /session/e9da8fc7d2e5c6d9fcb370d825f3b6fb/element/f.EB7466E535C2126E60AFBA1E962AA512.d.22A626687F491BE889876E7A49E221DA.e.14610/click - {}
RESULT: {}
COMMAND: POST /session/e9da8fc7d2e5c6d9fcb370d825f3b6fb/element - {"using":"xpath","value":"//span[contains(text(), \"English\")]"}
COMMAND: GET /session/e9da8fc7d2e5c6d9fcb370d825f3b6fb/screenshot - {}
RESULT: {"using":"xpath","value":"//span[contains(text(), \"English\")]"}
COMMAND: POST /session/e9da8fc7d2e5c6d9fcb370d825f3b6fb/element/f.EB7466E535C2126E60AFBA1E962AA512.d.22A626687F491BE889876E7A49E221DA.e.14611/click - {}
RESULT: {}
RESULT: {}
RESULT: undefined
COMMAND: POST /session/e9da8fc7d2e5c6d9fcb370d825f3b6fb/execute/async - {"script":"<script> [776 bytes]","args":[{"enterText":"Rosario","selector":{"id":"application-manageyards-display-component---NewYard--addressDetailDetailsCity1","interaction":{"idSuffix":"inner"}},"clearTextFirst":true,"interactionType":"ENTER_TEXT"}]}
COMMAND: GET /session/e9da8fc7d2e5c6d9fcb370d825f3b6fb/screenshot - {}
RESULT: {"script":"<script> [776 bytes]","args":[{"enterText":"Rosario","selector":{"id":"application-manageyards-display-component---NewYard--addressDetailDetailsCity1","interaction":{"idSuffix":"inner"}},"clearTextFirst":true,"interactionType":"ENTER_TEXT"}]}
RESULT: undefined
COMMAND: POST /session/e9da8fc7d2e5c6d9fcb370d825f3b6fb/element - {"using":"xpath","value":"//*[@id=\"application-manageyards-display-component---NewYard--addressDetailDetailsCountry-arrow\"]"}
RESULT: {}
RESULT: {"using":"xpath","value":"//*[@id=\"application-manageyards-display-component---NewYard--addressDetailDetailsCountry-arrow\"]"}
COMMAND: POST /session/e9da8fc7d2e5c6d9fcb370d825f3b6fb/element/f.EB7466E535C2126E60AFBA1E962AA512.d.22A626687F491BE889876E7A49E221DA.e.14612/click - {}
RESULT: {}
COMMAND: POST /session/e9da8fc7d2e5c6d9fcb370d825f3b6fb/element - {"using":"xpath","value":"//span[contains(text(), \"Argentina\")]"}
COMMAND: GET /session/e9da8fc7d2e5c6d9fcb370d825f3b6fb/screenshot - {}
RESULT: {"using":"xpath","value":"//span[contains(text(), \"Argentina\")]"}
COMMAND: POST /session/e9da8fc7d2e5c6d9fcb370d825f3b6fb/element/f.EB7466E535C2126E60AFBA1E962AA512.d.22A626687F491BE889876E7A49E221DA.e.14614/click - {}
RESULT: {}
RESULT: {}
RESULT: undefined
COMMAND: POST /session/e9da8fc7d2e5c6d9fcb370d825f3b6fb/element - {"using":"xpath","value":"//*[@id=\"application-manageyards-display-component---NewYard--addressEditDetailsCostObjectCstType-arrow\"]"}
COMMAND: GET /session/e9da8fc7d2e5c6d9fcb370d825f3b6fb/screenshot - {}
RESULT: {"using":"xpath","value":"//*[@id=\"application-manageyards-display-component---NewYard--addressEditDetailsCostObjectCstType-arrow\"]"}
COMMAND: POST /session/e9da8fc7d2e5c6d9fcb370d825f3b6fb/element/f.EB7466E535C2126E60AFBA1E962AA512.d.22A626687F491BE889876E7A49E221DA.e.14615/click - {}
RESULT: {}
RESULT: {}
COMMAND: POST /session/e9da8fc7d2e5c6d9fcb370d825f3b6fb/element - {"using":"xpath","value":"//span[contains(text(), \"Cost Center\")]"}
COMMAND: GET /session/e9da8fc7d2e5c6d9fcb370d825f3b6fb/screenshot - {}
RESULT: {"using":"xpath","value":"//span[contains(text(), \"Cost Center\")]"}
COMMAND: POST /session/e9da8fc7d2e5c6d9fcb370d825f3b6fb/element/f.EB7466E535C2126E60AFBA1E962AA512.d.22A626687F491BE889876E7A49E221DA.e.14616/click - {}
RESULT: {}
RESULT: {}
COMMAND: GET /session/e9da8fc7d2e5c6d9fcb370d825f3b6fb/screenshot - {}
RESULT: {}
COMMAND: POST /session/e9da8fc7d2e5c6d9fcb370d825f3b6fb/element - {"using":"xpath","value":"//span[@id=\"application-manageyards-display-component---NewYard--addressNewCostObjectCstID-vhi\"]"}
RESULT: {"using":"xpath","value":"//span[@id=\"application-manageyards-display-component---NewYard--addressNewCostObjectCstID-vhi\"]"}
COMMAND: POST /session/e9da8fc7d2e5c6d9fcb370d825f3b6fb/execute/sync - {"script":"<script> [8489 bytes]","args":[{"element-6066-11e4-a52e-4f735466cecf":"f.EB7466E535C2126E60AFBA1E962AA512.d.22A626687F491BE889876E7A49E221DA.e.14620","ELEMENT":"f.EB7466E535C2126E60AFBA1E962AA512.d.22A626687F491BE889876E7A49E221DA.e.14620"}]}
RESULT: {"script":"<script> [8489 bytes]","args":[{"element-6066-11e4-a52e-4f735466cecf":"f.EB7466E535C2126E60AFBA1E962AA512.d.22A626687F491BE889876E7A49E221DA.e.14620","ELEMENT":"f.EB7466E535C2126E60AFBA1E962AA512.d.22A626687F491BE889876E7A49E221DA.e.14620"}]}
RESULT: undefined
COMMAND: POST /session/e9da8fc7d2e5c6d9fcb370d825f3b6fb/element - {"using":"xpath","value":"//*[@id=\"application-manageyards-display-component---NewYard--addressNewCostObjectCstID-vhi\"]"}
COMMAND: GET /session/e9da8fc7d2e5c6d9fcb370d825f3b6fb/screenshot - {}
RESULT: {"using":"xpath","value":"//*[@id=\"application-manageyards-display-component---NewYard--addressNewCostObjectCstID-vhi\"]"}
COMMAND: POST /session/e9da8fc7d2e5c6d9fcb370d825f3b6fb/element/f.EB7466E535C2126E60AFBA1E962AA512.d.22A626687F491BE889876E7A49E221DA.e.14620/click - {}
RESULT: {}
RESULT: {}
COMMAND: GET /session/e9da8fc7d2e5c6d9fcb370d825f3b6fb/screenshot - {}
RESULT: {}
RESULT: undefined
COMMAND: POST /session/e9da8fc7d2e5c6d9fcb370d825f3b6fb/execute/async - {"script":"<script> [776 bytes]","args":[{"enterText":"bauh_b","selector":{"controlType":"sap.m.SearchField","properties":{"placeholder":"Search"},"searchOpenDialogs":true,"interaction":{"idSuffix":"I"}},"clearTextFirst":true,"interactionType":"ENTER_TEXT"}]}
RESULT: {"script":"<script> [776 bytes]","args":[{"enterText":"bauh_b","selector":{"controlType":"sap.m.SearchField","properties":{"placeholder":"Search"},"searchOpenDialogs":true,"interaction":{"idSuffix":"I"}},"clearTextFirst":true,"interactionType":"ENTER_TEXT"}]}
COMMAND: POST /session/e9da8fc7d2e5c6d9fcb370d825f3b6fb/actions - {"actions":[{"id":"action39","type":"key","parameters":{},"actions":[{"type":"keyDown","value":""},{"type":"pause","duration":10},{"type":"keyUp","value":""}]}]}
RESULT: {"actions":[{"id":"action39","type":"key","parameters":{},"actions":[{"type":"keyDown","value":""},{"type":"pause","duration":10},{"type":"keyUp","value":""}]}]}
COMMAND: GET /session/e9da8fc7d2e5c6d9fcb370d825f3b6fb/screenshot - {}
RESULT: {}
COMMAND: POST /session/e9da8fc7d2e5c6d9fcb370d825f3b6fb/element - {"using":"xpath","value":"//span[contains(text(), \"Demo Yard\")]"}
RESULT: {"using":"xpath","value":"//span[contains(text(), \"Demo Yard\")]"}
COMMAND: POST /session/e9da8fc7d2e5c6d9fcb370d825f3b6fb/element/f.EB7466E535C2126E60AFBA1E962AA512.d.22A626687F491BE889876E7A49E221DA.e.14658/click - {}
RESULT: {}
COMMAND: GET /session/e9da8fc7d2e5c6d9fcb370d825f3b6fb/screenshot - {}
RESULT: {}
COMMAND: POST /session/e9da8fc7d2e5c6d9fcb370d825f3b6fb/element - {"using":"xpath","value":"//bdi[contains(text(), \"OK\")]"}
RESULT: {"using":"xpath","value":"//bdi[contains(text(), \"OK\")]"}
COMMAND: POST /session/e9da8fc7d2e5c6d9fcb370d825f3b6fb/element/f.EB7466E535C2126E60AFBA1E962AA512.d.22A626687F491BE889876E7A49E221DA.e.14659/click - {}
RESULT: {}
COMMAND: GET /session/e9da8fc7d2e5c6d9fcb370d825f3b6fb/screenshot - {}
RESULT: {}
RESULT: undefined
COMMAND: POST /session/e9da8fc7d2e5c6d9fcb370d825f3b6fb/element - {"using":"xpath","value":"//*[@id=\"application-manageyards-display-component---NewYard--addressEditDetailsCurrency-arrow\"]"}
RESULT: {"using":"xpath","value":"//*[@id=\"application-manageyards-display-component---NewYard--addressEditDetailsCurrency-arrow\"]"}
COMMAND: POST /session/e9da8fc7d2e5c6d9fcb370d825f3b6fb/element/f.EB7466E535C2126E60AFBA1E962AA512.d.22A626687F491BE889876E7A49E221DA.e.14662/click - {}
RESULT: {}
COMMAND: POST /session/e9da8fc7d2e5c6d9fcb370d825f3b6fb/element - {"using":"xpath","value":"//span[contains(text(), \"Euro\")]"}
COMMAND: GET /session/e9da8fc7d2e5c6d9fcb370d825f3b6fb/screenshot - {}
RESULT: {"using":"xpath","value":"//span[contains(text(), \"Euro\")]"}
COMMAND: POST /session/e9da8fc7d2e5c6d9fcb370d825f3b6fb/element/f.EB7466E535C2126E60AFBA1E962AA512.d.22A626687F491BE889876E7A49E221DA.e.14663/click - {}
RESULT: {}
RESULT: {}
RESULT: undefined
COMMAND: POST /session/e9da8fc7d2e5c6d9fcb370d825f3b6fb/execute/async - {"script":"<script> [776 bytes]","args":[{"enterText":"Z001","selector":{"controlType":"sap.m.Input","viewName":"etm.portal.ui.manageyards.view.New","viewId":"application-manageyards-display-component---NewYard","bindingPath":{"path":"","propertyPath":"/CONTROLLING_AREA","modelName":"NewYardModel"},"interaction":{"idSuffix":"inner"}},"clearTextFirst":true,"interactionType":"ENTER_TEXT"}]}
COMMAND: GET /session/e9da8fc7d2e5c6d9fcb370d825f3b6fb/screenshot - {}
RESULT: {"script":"<script> [776 bytes]","args":[{"enterText":"Z001","selector":{"controlType":"sap.m.Input","viewName":"etm.portal.ui.manageyards.view.New","viewId":"application-manageyards-display-component---NewYard","bindingPath":{"path":"","propertyPath":"/CONTROLLING_AREA","modelName":"NewYardModel"},"interaction":{"idSuffix":"inner"}},"clearTextFirst":true,"interactionType":"ENTER_TEXT"}]}
RESULT: undefined
COMMAND: POST /session/e9da8fc7d2e5c6d9fcb370d825f3b6fb/execute/async - {"script":"<script> [776 bytes]","args":[{"enterText":"1000","selector":{"id":"application-manageyards-display-component---NewYard--companyCodeComboBox","interaction":{"idSuffix":"inner"}},"clearTextFirst":true,"interactionType":"ENTER_TEXT"}]}
RESULT: {}
RESULT: {"script":"<script> [776 bytes]","args":[{"enterText":"1000","selector":{"id":"application-manageyards-display-component---NewYard--companyCodeComboBox","interaction":{"idSuffix":"inner"}},"clearTextFirst":true,"interactionType":"ENTER_TEXT"}]}
RESULT: undefined
COMMAND: POST /session/e9da8fc7d2e5c6d9fcb370d825f3b6fb/execute/async - {"script":"<script> [776 bytes]","args":[{"enterText":"1001","selector":{"controlType":"sap.m.Input","viewName":"etm.portal.ui.manageyards.view.New","viewId":"application-manageyards-display-component---NewYard","bindingPath":{"path":"","propertyPath":"/PLANT","modelName":"NewYardModel"},"interaction":{"idSuffix":"inner"}},"clearTextFirst":true,"interactionType":"ENTER_TEXT"}]}
RESULT: {"script":"<script> [776 bytes]","args":[{"enterText":"1001","selector":{"controlType":"sap.m.Input","viewName":"etm.portal.ui.manageyards.view.New","viewId":"application-manageyards-display-component---NewYard","bindingPath":{"path":"","propertyPath":"/PLANT","modelName":"NewYardModel"},"interaction":{"idSuffix":"inner"}},"clearTextFirst":true,"interactionType":"ENTER_TEXT"}]}
RESULT: undefined
COMMAND: POST /session/e9da8fc7d2e5c6d9fcb370d825f3b6fb/execute/async - {"script":"<script> [776 bytes]","args":[{"enterText":"C002","selector":{"controlType":"sap.m.Input","viewName":"etm.portal.ui.manageyards.view.New","viewId":"application-manageyards-display-component---NewYard","bindingPath":{"path":"","propertyPath":"/SALES_AREA_VKORG","modelName":"NewYardModel"},"interaction":{"idSuffix":"inner"}},"clearTextFirst":true,"interactionType":"ENTER_TEXT"}]}
RESULT: {"script":"<script> [776 bytes]","args":[{"enterText":"C002","selector":{"controlType":"sap.m.Input","viewName":"etm.portal.ui.manageyards.view.New","viewId":"application-manageyards-display-component---NewYard","bindingPath":{"path":"","propertyPath":"/SALES_AREA_VKORG","modelName":"NewYardModel"},"interaction":{"idSuffix":"inner"}},"clearTextFirst":true,"interactionType":"ENTER_TEXT"}]}
RESULT: undefined
COMMAND: POST /session/e9da8fc7d2e5c6d9fcb370d825f3b6fb/execute/async - {"script":"<script> [776 bytes]","args":[{"enterText":"C2","selector":{"controlType":"sap.m.Input","viewName":"etm.portal.ui.manageyards.view.New","viewId":"application-manageyards-display-component---NewYard","bindingPath":{"path":"","propertyPath":"/SALES_AREA_VTWEG","modelName":"NewYardModel"},"interaction":{"idSuffix":"inner"}},"clearTextFirst":true,"interactionType":"ENTER_TEXT"}]}
RESULT: {"script":"<script> [776 bytes]","args":[{"enterText":"C2","selector":{"controlType":"sap.m.Input","viewName":"etm.portal.ui.manageyards.view.New","viewId":"application-manageyards-display-component---NewYard","bindingPath":{"path":"","propertyPath":"/SALES_AREA_VTWEG","modelName":"NewYardModel"},"interaction":{"idSuffix":"inner"}},"clearTextFirst":true,"interactionType":"ENTER_TEXT"}]}
RESULT: undefined
COMMAND: POST /session/e9da8fc7d2e5c6d9fcb370d825f3b6fb/execute/async - {"script":"<script> [776 bytes]","args":[{"enterText":"C2","selector":{"controlType":"sap.m.Input","viewName":"etm.portal.ui.manageyards.view.New","viewId":"application-manageyards-display-component---NewYard","bindingPath":{"path":"","propertyPath":"/SALES_AREA_SPART","modelName":"NewYardModel"},"interaction":{"idSuffix":"inner"}},"clearTextFirst":true,"interactionType":"ENTER_TEXT"}]}
RESULT: {"script":"<script> [776 bytes]","args":[{"enterText":"C2","selector":{"controlType":"sap.m.Input","viewName":"etm.portal.ui.manageyards.view.New","viewId":"application-manageyards-display-component---NewYard","bindingPath":{"path":"","propertyPath":"/SALES_AREA_SPART","modelName":"NewYardModel"},"interaction":{"idSuffix":"inner"}},"clearTextFirst":true,"interactionType":"ENTER_TEXT"}]}
RESULT: undefined
COMMAND: POST /session/e9da8fc7d2e5c6d9fcb370d825f3b6fb/execute/async - {"script":"<script> [776 bytes]","args":[{"enterText":"1710","selector":{"controlType":"sap.m.Input","viewName":"etm.portal.ui.manageyards.view.New","viewId":"application-manageyards-display-component---NewYard","bindingPath":{"path":"","propertyPath":"/SHIP_POINT","modelName":"NewYardModel"},"interaction":{"idSuffix":"inner"}},"clearTextFirst":true,"interactionType":"ENTER_TEXT"}]}
RESULT: {"script":"<script> [776 bytes]","args":[{"enterText":"1710","selector":{"controlType":"sap.m.Input","viewName":"etm.portal.ui.manageyards.view.New","viewId":"application-manageyards-display-component---NewYard","bindingPath":{"path":"","propertyPath":"/SHIP_POINT","modelName":"NewYardModel"},"interaction":{"idSuffix":"inner"}},"clearTextFirst":true,"interactionType":"ENTER_TEXT"}]}
RESULT: undefined
COMMAND: POST /session/e9da8fc7d2e5c6d9fcb370d825f3b6fb/execute/async - {"script":"<script> [776 bytes]","args":[{"enterText":"ZL01","selector":{"controlType":"sap.m.Input","viewName":"etm.portal.ui.manageyards.view.New","viewId":"application-manageyards-display-component---NewYard","bindingPath":{"path":"","propertyPath":"/DELIVERY_TYPE","modelName":"NewYardModel"},"interaction":{"idSuffix":"inner"}},"clearTextFirst":true,"interactionType":"ENTER_TEXT"}]}
RESULT: {"script":"<script> [776 bytes]","args":[{"enterText":"ZL01","selector":{"controlType":"sap.m.Input","viewName":"etm.portal.ui.manageyards.view.New","viewId":"application-manageyards-display-component---NewYard","bindingPath":{"path":"","propertyPath":"/DELIVERY_TYPE","modelName":"NewYardModel"},"interaction":{"idSuffix":"inner"}},"clearTextFirst":true,"interactionType":"ENTER_TEXT"}]}
RESULT: undefined
COMMAND: POST /session/e9da8fc7d2e5c6d9fcb370d825f3b6fb/execute/async - {"script":"<script> [776 bytes]","args":[{"enterText":"TA","selector":{"controlType":"sap.m.Input","viewName":"etm.portal.ui.manageyards.view.New","viewId":"application-manageyards-display-component---NewYard","bindingPath":{"path":"","propertyPath":"/AUART","modelName":"NewYardModel"},"interaction":{"idSuffix":"inner"}},"clearTextFirst":true,"interactionType":"ENTER_TEXT"}]}
RESULT: {"script":"<script> [776 bytes]","args":[{"enterText":"TA","selector":{"controlType":"sap.m.Input","viewName":"etm.portal.ui.manageyards.view.New","viewId":"application-manageyards-display-component---NewYard","bindingPath":{"path":"","propertyPath":"/AUART","modelName":"NewYardModel"},"interaction":{"idSuffix":"inner"}},"clearTextFirst":true,"interactionType":"ENTER_TEXT"}]}
COMMAND: POST /session/e9da8fc7d2e5c6d9fcb370d825f3b6fb/execute/async - {"script":"<script> [1562 bytes]","args":[{"selector":{"id":"application-manageyards-display-component---NewYard--whmCheckBox","interaction":{"idSuffix":"CbBg"}},"wdio_ui5_key":"applicationmanageyards-display-component---NewYard--whmCheckBox"}]}
RESULT: {"script":"<script> [1562 bytes]","args":[{"selector":{"id":"application-manageyards-display-component---NewYard--whmCheckBox","interaction":{"idSuffix":"CbBg"}},"wdio_ui5_key":"applicationmanageyards-display-component---NewYard--whmCheckBox"}]}
RESULT: undefined
COMMAND: POST /session/e9da8fc7d2e5c6d9fcb370d825f3b6fb/element - {"using":"xpath","value":"//*[@id=\"application-manageyards-display-component---NewYard--whmCheckBox\"]"}
RESULT: {"using":"xpath","value":"//*[@id=\"application-manageyards-display-component---NewYard--whmCheckBox\"]"}
COMMAND: POST /session/e9da8fc7d2e5c6d9fcb370d825f3b6fb/element/f.EB7466E535C2126E60AFBA1E962AA512.d.22A626687F491BE889876E7A49E221DA.e.14674/click - {}
RESULT: {}
COMMAND: GET /session/e9da8fc7d2e5c6d9fcb370d825f3b6fb/screenshot - {}
RESULT: {}
COMMAND: POST /session/e9da8fc7d2e5c6d9fcb370d825f3b6fb/element - {"using":"xpath","value":"//button[@data-kt=\"newYardSaveButton\"]"}
RESULT: {"using":"xpath","value":"//button[@data-kt=\"newYardSaveButton\"]"}
COMMAND: POST /session/e9da8fc7d2e5c6d9fcb370d825f3b6fb/element/f.EB7466E535C2126E60AFBA1E962AA512.d.22A626687F491BE889876E7A49E221DA.e.14595/click - {}
RESULT: {}
COMMAND: GET /session/e9da8fc7d2e5c6d9fcb370d825f3b6fb/screenshot - {}
RESULT: {}
COMMAND: POST /session/e9da8fc7d2e5c6d9fcb370d825f3b6fb/element - {"using":"xpath","value":"//header[contains(@id, 'ObjectPageLayout-headerTitle')]/div[1]/div[2]/div[1]/span[1]"}
RESULT: {"using":"xpath","value":"//header[contains(@id, 'ObjectPageLayout-headerTitle')]/div[1]/div[2]/div[1]/span[1]"}
COMMAND: POST /session/e9da8fc7d2e5c6d9fcb370d825f3b6fb/elements - {"using":"xpath","value":"//header[contains(@id, 'ObjectPageLayout-headerTitle')]/div[1]/div[2]/div[1]/span[1]"}
RESULT: {"using":"xpath","value":"//header[contains(@id, 'ObjectPageLayout-headerTitle')]/div[1]/div[2]/div[1]/span[1]"}
COMMAND: POST /session/e9da8fc7d2e5c6d9fcb370d825f3b6fb/execute/sync - {"script":"<script> [56 bytes]","args":[{"element-6066-11e4-a52e-4f735466cecf":"f.EB7466E535C2126E60AFBA1E962AA512.d.22A626687F491BE889876E7A49E221DA.e.14877","ELEMENT":"f.EB7466E535C2126E60AFBA1E962AA512.d.22A626687F491BE889876E7A49E221DA.e.14877"}]}
RESULT: {"script":"<script> [56 bytes]","args":[{"element-6066-11e4-a52e-4f735466cecf":"f.EB7466E535C2126E60AFBA1E962AA512.d.22A626687F491BE889876E7A49E221DA.e.14877","ELEMENT":"f.EB7466E535C2126E60AFBA1E962AA512.d.22A626687F491BE889876E7A49E221DA.e.14877"}]}
COMMAND: GET /session/e9da8fc7d2e5c6d9fcb370d825f3b6fb/screenshot - {}
RESULT: {}
COMMAND: POST /session/e9da8fc7d2e5c6d9fcb370d825f3b6fb/element - {"using":"css selector","value":"#shell-header-logo"}
RESULT: {"using":"css selector","value":"#shell-header-logo"}
COMMAND: POST /session/e9da8fc7d2e5c6d9fcb370d825f3b6fb/element/f.EB7466E535C2126E60AFBA1E962AA512.d.22A626687F491BE889876E7A49E221DA.e.14150/click - {}
RESULT: {}
COMMAND: GET /session/e9da8fc7d2e5c6d9fcb370d825f3b6fb/screenshot - {}
RESULT: {}
COMMAND: POST /session/e9da8fc7d2e5c6d9fcb370d825f3b6fb/execute/sync - {"script":"<script> [299 bytes]","args":[["getModel","getResource"]]}
RESULT: {"script":"<script> [299 bytes]","args":[["getModel","getResource"]]}
COMMAND: GET /session/e9da8fc7d2e5c6d9fcb370d825f3b6fb/screenshot - {}
]]></system-out>
    </testcase>
    <testcase classname="chrome.137_0_7151_69.windows.Create_partner_US118246" name="Should create new external WHM partner" time="181.216">
      <failure/>
      <error message="Can't call click on element with selector &quot;//ul[contains(@id,&quot;popup-list-listUl&quot;)]//li[.//span[text()= &quot;Webshop Catalog&quot;]]&quot; because element wasn't found"/>
      <system-out><![CDATA[
COMMAND: POST /session/e9da8fc7d2e5c6d9fcb370d825f3b6fb/window/fullscreen - {}
RESULT: {}
RESULT: {}
RESULT: undefined
COMMAND: POST /session/e9da8fc7d2e5c6d9fcb370d825f3b6fb/element - {"using":"xpath","value":"//*[@id=\"__tile39\"]"}
RESULT: {"using":"xpath","value":"//*[@id=\"__tile39\"]"}
COMMAND: POST /session/e9da8fc7d2e5c6d9fcb370d825f3b6fb/element/f.EB7466E535C2126E60AFBA1E962AA512.d.22A626687F491BE889876E7A49E221DA.e.12607/click - {}
RESULT: {}
COMMAND: GET /session/e9da8fc7d2e5c6d9fcb370d825f3b6fb/screenshot - {}
RESULT: {}
COMMAND: POST /session/e9da8fc7d2e5c6d9fcb370d825f3b6fb/elements - {"using":"xpath","value":"//span[text()='Error']"}
RESULT: {"using":"xpath","value":"//span[text()='Error']"}
COMMAND: POST /session/e9da8fc7d2e5c6d9fcb370d825f3b6fb/element - {"using":"xpath","value":"//button[@data-kt=\"addButton\"]"}
RESULT: {"using":"xpath","value":"//button[@data-kt=\"addButton\"]"}
COMMAND: POST /session/e9da8fc7d2e5c6d9fcb370d825f3b6fb/elements - {"using":"xpath","value":"//button[@data-kt=\"addButton\"]"}
RESULT: {"using":"xpath","value":"//button[@data-kt=\"addButton\"]"}
COMMAND: POST /session/e9da8fc7d2e5c6d9fcb370d825f3b6fb/execute/sync - {"script":"<script> [8489 bytes]","args":[{"element-6066-11e4-a52e-4f735466cecf":"f.EB7466E535C2126E60AFBA1E962AA512.d.22A626687F491BE889876E7A49E221DA.e.14925","ELEMENT":"f.EB7466E535C2126E60AFBA1E962AA512.d.22A626687F491BE889876E7A49E221DA.e.14925"}]}
RESULT: {"script":"<script> [8489 bytes]","args":[{"element-6066-11e4-a52e-4f735466cecf":"f.EB7466E535C2126E60AFBA1E962AA512.d.22A626687F491BE889876E7A49E221DA.e.14925","ELEMENT":"f.EB7466E535C2126E60AFBA1E962AA512.d.22A626687F491BE889876E7A49E221DA.e.14925"}]}
COMMAND: GET /session/e9da8fc7d2e5c6d9fcb370d825f3b6fb/element/f.EB7466E535C2126E60AFBA1E962AA512.d.22A626687F491BE889876E7A49E221DA.e.14925/enabled - {}
COMMAND: GET /session/e9da8fc7d2e5c6d9fcb370d825f3b6fb/screenshot - {}
RESULT: {}
COMMAND: POST /session/e9da8fc7d2e5c6d9fcb370d825f3b6fb/execute/sync - {"script":"<script> [8489 bytes]","args":[{"element-6066-11e4-a52e-4f735466cecf":"f.EB7466E535C2126E60AFBA1E962AA512.d.22A626687F491BE889876E7A49E221DA.e.14925","ELEMENT":"f.EB7466E535C2126E60AFBA1E962AA512.d.22A626687F491BE889876E7A49E221DA.e.14925"}]}
COMMAND: GET /session/e9da8fc7d2e5c6d9fcb370d825f3b6fb/screenshot - {}
RESULT: {}
RESULT: {"script":"<script> [8489 bytes]","args":[{"element-6066-11e4-a52e-4f735466cecf":"f.EB7466E535C2126E60AFBA1E962AA512.d.22A626687F491BE889876E7A49E221DA.e.14925","ELEMENT":"f.EB7466E535C2126E60AFBA1E962AA512.d.22A626687F491BE889876E7A49E221DA.e.14925"}]}
COMMAND: POST /session/e9da8fc7d2e5c6d9fcb370d825f3b6fb/execute/sync - {"script":"<script> [5351 bytes]","args":[{"element-6066-11e4-a52e-4f735466cecf":"f.EB7466E535C2126E60AFBA1E962AA512.d.22A626687F491BE889876E7A49E221DA.e.14925","ELEMENT":"f.EB7466E535C2126E60AFBA1E962AA512.d.22A626687F491BE889876E7A49E221DA.e.14925"}]}
COMMAND: GET /session/e9da8fc7d2e5c6d9fcb370d825f3b6fb/screenshot - {}
RESULT: {}
RESULT: {"script":"<script> [5351 bytes]","args":[{"element-6066-11e4-a52e-4f735466cecf":"f.EB7466E535C2126E60AFBA1E962AA512.d.22A626687F491BE889876E7A49E221DA.e.14925","ELEMENT":"f.EB7466E535C2126E60AFBA1E962AA512.d.22A626687F491BE889876E7A49E221DA.e.14925"}]}
COMMAND: POST /session/e9da8fc7d2e5c6d9fcb370d825f3b6fb/element/f.EB7466E535C2126E60AFBA1E962AA512.d.22A626687F491BE889876E7A49E221DA.e.14925/click - {}
COMMAND: GET /session/e9da8fc7d2e5c6d9fcb370d825f3b6fb/screenshot - {}
RESULT: {}
RESULT: {}
COMMAND: GET /session/e9da8fc7d2e5c6d9fcb370d825f3b6fb/screenshot - {}
RESULT: undefined
COMMAND: POST /session/e9da8fc7d2e5c6d9fcb370d825f3b6fb/execute/async - {"script":"<script> [776 bytes]","args":[{"enterText":"External Partner WDIO","selector":{"id":"application-managepartners-display-component---NewPartner--addressDetailDetailsName1","interaction":{"idSuffix":"inner"}},"clearTextFirst":true,"interactionType":"ENTER_TEXT"}]}
RESULT: {}
RESULT: {}
RESULT: {"script":"<script> [776 bytes]","args":[{"enterText":"External Partner WDIO","selector":{"id":"application-managepartners-display-component---NewPartner--addressDetailDetailsName1","interaction":{"idSuffix":"inner"}},"clearTextFirst":true,"interactionType":"ENTER_TEXT"}]}
RESULT: undefined
COMMAND: POST /session/e9da8fc7d2e5c6d9fcb370d825f3b6fb/element - {"using":"xpath","value":"//*[@id=\"application-managepartners-display-component---NewPartner--addressDetailDetailsLanguage-arrow\"]"}
RESULT: {"using":"xpath","value":"//*[@id=\"application-managepartners-display-component---NewPartner--addressDetailDetailsLanguage-arrow\"]"}
COMMAND: POST /session/e9da8fc7d2e5c6d9fcb370d825f3b6fb/element/f.EB7466E535C2126E60AFBA1E962AA512.d.22A626687F491BE889876E7A49E221DA.e.15360/click - {}
RESULT: {}
COMMAND: POST /session/e9da8fc7d2e5c6d9fcb370d825f3b6fb/element - {"using":"xpath","value":"//span[contains(text(), \"English\")]"}
COMMAND: GET /session/e9da8fc7d2e5c6d9fcb370d825f3b6fb/screenshot - {}
RESULT: {"using":"xpath","value":"//span[contains(text(), \"English\")]"}
COMMAND: POST /session/e9da8fc7d2e5c6d9fcb370d825f3b6fb/element/f.EB7466E535C2126E60AFBA1E962AA512.d.22A626687F491BE889876E7A49E221DA.e.15361/click - {}
RESULT: {}
RESULT: {}
COMMAND: GET /session/e9da8fc7d2e5c6d9fcb370d825f3b6fb/screenshot - {}
RESULT: {}
RESULT: undefined
COMMAND: POST /session/e9da8fc7d2e5c6d9fcb370d825f3b6fb/execute/async - {"script":"<script> [776 bytes]","args":[{"enterText":"Rosario","selector":{"id":"application-managepartners-display-component---NewPartner--addressDetailDetailsCity1","interaction":{"idSuffix":"inner"}},"clearTextFirst":true,"interactionType":"ENTER_TEXT"}]}
RESULT: {"script":"<script> [776 bytes]","args":[{"enterText":"Rosario","selector":{"id":"application-managepartners-display-component---NewPartner--addressDetailDetailsCity1","interaction":{"idSuffix":"inner"}},"clearTextFirst":true,"interactionType":"ENTER_TEXT"}]}
RESULT: undefined
COMMAND: POST /session/e9da8fc7d2e5c6d9fcb370d825f3b6fb/element - {"using":"xpath","value":"//*[@id=\"application-managepartners-display-component---NewPartner--addressDetailDetailsCountry-arrow\"]"}
RESULT: {"using":"xpath","value":"//*[@id=\"application-managepartners-display-component---NewPartner--addressDetailDetailsCountry-arrow\"]"}
COMMAND: POST /session/e9da8fc7d2e5c6d9fcb370d825f3b6fb/element/f.EB7466E535C2126E60AFBA1E962AA512.d.22A626687F491BE889876E7A49E221DA.e.15341/click - {}
RESULT: {}
COMMAND: POST /session/e9da8fc7d2e5c6d9fcb370d825f3b6fb/element - {"using":"xpath","value":"//span[contains(text(), \"Argentina\")]"}
COMMAND: GET /session/e9da8fc7d2e5c6d9fcb370d825f3b6fb/screenshot - {}
RESULT: {"using":"xpath","value":"//span[contains(text(), \"Argentina\")]"}
COMMAND: POST /session/e9da8fc7d2e5c6d9fcb370d825f3b6fb/element/f.EB7466E535C2126E60AFBA1E962AA512.d.22A626687F491BE889876E7A49E221DA.e.15362/click - {}
RESULT: {}
RESULT: {}
COMMAND: GET /session/e9da8fc7d2e5c6d9fcb370d825f3b6fb/screenshot - {}
RESULT: {}
COMMAND: POST /session/e9da8fc7d2e5c6d9fcb370d825f3b6fb/element - {"using":"xpath","value":"//bdi[contains(text(), \"Commercial\")]"}
RESULT: {"using":"xpath","value":"//bdi[contains(text(), \"Commercial\")]"}
COMMAND: POST /session/e9da8fc7d2e5c6d9fcb370d825f3b6fb/element/f.EB7466E535C2126E60AFBA1E962AA512.d.22A626687F491BE889876E7A49E221DA.e.15363/click - {}
RESULT: {}
COMMAND: GET /session/e9da8fc7d2e5c6d9fcb370d825f3b6fb/screenshot - {}
RESULT: {}
RESULT: undefined
COMMAND: POST /session/e9da8fc7d2e5c6d9fcb370d825f3b6fb/element - {"using":"xpath","value":"//*[@id=\"application-managepartners-display-component---NewPartner--partnerDetailInternal-arrow\"]"}
RESULT: {"using":"xpath","value":"//*[@id=\"application-managepartners-display-component---NewPartner--partnerDetailInternal-arrow\"]"}
COMMAND: POST /session/e9da8fc7d2e5c6d9fcb370d825f3b6fb/element/f.EB7466E535C2126E60AFBA1E962AA512.d.22A626687F491BE889876E7A49E221DA.e.15369/click - {}
RESULT: {}
COMMAND: POST /session/e9da8fc7d2e5c6d9fcb370d825f3b6fb/element - {"using":"xpath","value":"//span[contains(text(), \"External partner\")]"}
COMMAND: GET /session/e9da8fc7d2e5c6d9fcb370d825f3b6fb/screenshot - {}
RESULT: {"using":"xpath","value":"//span[contains(text(), \"External partner\")]"}
COMMAND: POST /session/e9da8fc7d2e5c6d9fcb370d825f3b6fb/element/f.EB7466E535C2126E60AFBA1E962AA512.d.22A626687F491BE889876E7A49E221DA.e.15371/click - {}
RESULT: {}
RESULT: {}
RESULT: undefined
COMMAND: POST /session/e9da8fc7d2e5c6d9fcb370d825f3b6fb/element - {"using":"xpath","value":"//*[@id=\"application-managepartners-display-component---NewPartner--partnerDetailsCurrency-arrow\"]"}
COMMAND: GET /session/e9da8fc7d2e5c6d9fcb370d825f3b6fb/screenshot - {}
RESULT: {"using":"xpath","value":"//*[@id=\"application-managepartners-display-component---NewPartner--partnerDetailsCurrency-arrow\"]"}
COMMAND: POST /session/e9da8fc7d2e5c6d9fcb370d825f3b6fb/element/f.EB7466E535C2126E60AFBA1E962AA512.d.22A626687F491BE889876E7A49E221DA.e.15376/click - {}
RESULT: {}
RESULT: {}
COMMAND: POST /session/e9da8fc7d2e5c6d9fcb370d825f3b6fb/element - {"using":"xpath","value":"//span[contains(text(), \"US Dollar\")]"}
COMMAND: GET /session/e9da8fc7d2e5c6d9fcb370d825f3b6fb/screenshot - {}
RESULT: {"using":"xpath","value":"//span[contains(text(), \"US Dollar\")]"}
COMMAND: POST /session/e9da8fc7d2e5c6d9fcb370d825f3b6fb/element/f.EB7466E535C2126E60AFBA1E962AA512.d.22A626687F491BE889876E7A49E221DA.e.15377/click - {}
RESULT: {}
RESULT: {}
COMMAND: GET /session/e9da8fc7d2e5c6d9fcb370d825f3b6fb/screenshot - {}
RESULT: {}
COMMAND: POST /session/e9da8fc7d2e5c6d9fcb370d825f3b6fb/element - {"using":"xpath","value":"//input[@id=\"application-managepartners-display-component---NewPartner--companyCodeComboBox-inner\"]"}
RESULT: {"using":"xpath","value":"//input[@id=\"application-managepartners-display-component---NewPartner--companyCodeComboBox-inner\"]"}
COMMAND: POST /session/e9da8fc7d2e5c6d9fcb370d825f3b6fb/element/f.EB7466E535C2126E60AFBA1E962AA512.d.22A626687F491BE889876E7A49E221DA.e.15275/clear - {}
RESULT: {}
COMMAND: POST /session/e9da8fc7d2e5c6d9fcb370d825f3b6fb/element/f.EB7466E535C2126E60AFBA1E962AA512.d.22A626687F491BE889876E7A49E221DA.e.15275/value - {"text":"C002"}
COMMAND: GET /session/e9da8fc7d2e5c6d9fcb370d825f3b6fb/screenshot - {}
RESULT: {}
RESULT: {"text":"C002"}
COMMAND: GET /session/e9da8fc7d2e5c6d9fcb370d825f3b6fb/screenshot - {}
RESULT: {}
COMMAND: POST /session/e9da8fc7d2e5c6d9fcb370d825f3b6fb/element - {"using":"xpath","value":"//li[.//span[text()= \"C002\"]]"}
RESULT: {"using":"xpath","value":"//li[.//span[text()= \"C002\"]]"}
COMMAND: POST /session/e9da8fc7d2e5c6d9fcb370d825f3b6fb/element/f.EB7466E535C2126E60AFBA1E962AA512.d.22A626687F491BE889876E7A49E221DA.e.15381/click - {}
RESULT: {}
COMMAND: GET /session/e9da8fc7d2e5c6d9fcb370d825f3b6fb/screenshot - {}
RESULT: {}
RESULT: undefined
COMMAND: POST /session/e9da8fc7d2e5c6d9fcb370d825f3b6fb/element - {"using":"xpath","value":"//*[@id=\"__box22-arrow\"]"}
RESULT: {"using":"xpath","value":"//*[@id=\"__box22-arrow\"]"}
COMMAND: POST /session/e9da8fc7d2e5c6d9fcb370d825f3b6fb/elements - {"using":"xpath","value":"//*[@id=\"__box22-arrow\"]"}
RESULT: {"using":"xpath","value":"//*[@id=\"__box22-arrow\"]"}
COMMAND: POST /session/e9da8fc7d2e5c6d9fcb370d825f3b6fb/elements - {"using":"xpath","value":"//*[@id=\"__box22-arrow\"]"}
RESULT: {"using":"xpath","value":"//*[@id=\"__box22-arrow\"]"}
COMMAND: POST /session/e9da8fc7d2e5c6d9fcb370d825f3b6fb/elements - {"using":"xpath","value":"//*[@id=\"__box22-arrow\"]"}
RESULT: {"using":"xpath","value":"//*[@id=\"__box22-arrow\"]"}
COMMAND: POST /session/e9da8fc7d2e5c6d9fcb370d825f3b6fb/elements - {"using":"xpath","value":"//*[@id=\"__box22-arrow\"]"}
RESULT: {"using":"xpath","value":"//*[@id=\"__box22-arrow\"]"}
COMMAND: POST /session/e9da8fc7d2e5c6d9fcb370d825f3b6fb/elements - {"using":"xpath","value":"//*[@id=\"__box22-arrow\"]"}
RESULT: {"using":"xpath","value":"//*[@id=\"__box22-arrow\"]"}
COMMAND: POST /session/e9da8fc7d2e5c6d9fcb370d825f3b6fb/elements - {"using":"xpath","value":"//*[@id=\"__box22-arrow\"]"}
RESULT: {"using":"xpath","value":"//*[@id=\"__box22-arrow\"]"}
COMMAND: POST /session/e9da8fc7d2e5c6d9fcb370d825f3b6fb/elements - {"using":"xpath","value":"//*[@id=\"__box22-arrow\"]"}
RESULT: {"using":"xpath","value":"//*[@id=\"__box22-arrow\"]"}
COMMAND: POST /session/e9da8fc7d2e5c6d9fcb370d825f3b6fb/elements - {"using":"xpath","value":"//*[@id=\"__box22-arrow\"]"}
RESULT: {"using":"xpath","value":"//*[@id=\"__box22-arrow\"]"}
COMMAND: POST /session/e9da8fc7d2e5c6d9fcb370d825f3b6fb/elements - {"using":"xpath","value":"//*[@id=\"__box22-arrow\"]"}
RESULT: {"using":"xpath","value":"//*[@id=\"__box22-arrow\"]"}
COMMAND: POST /session/e9da8fc7d2e5c6d9fcb370d825f3b6fb/elements - {"using":"xpath","value":"//*[@id=\"__box22-arrow\"]"}
RESULT: {"using":"xpath","value":"//*[@id=\"__box22-arrow\"]"}
COMMAND: POST /session/e9da8fc7d2e5c6d9fcb370d825f3b6fb/elements - {"using":"xpath","value":"//*[@id=\"__box22-arrow\"]"}
RESULT: {"using":"xpath","value":"//*[@id=\"__box22-arrow\"]"}
COMMAND: POST /session/e9da8fc7d2e5c6d9fcb370d825f3b6fb/elements - {"using":"xpath","value":"//*[@id=\"__box22-arrow\"]"}
RESULT: {"using":"xpath","value":"//*[@id=\"__box22-arrow\"]"}
COMMAND: POST /session/e9da8fc7d2e5c6d9fcb370d825f3b6fb/elements - {"using":"xpath","value":"//*[@id=\"__box22-arrow\"]"}
RESULT: {"using":"xpath","value":"//*[@id=\"__box22-arrow\"]"}
COMMAND: POST /session/e9da8fc7d2e5c6d9fcb370d825f3b6fb/elements - {"using":"xpath","value":"//*[@id=\"__box22-arrow\"]"}
RESULT: {"using":"xpath","value":"//*[@id=\"__box22-arrow\"]"}
COMMAND: POST /session/e9da8fc7d2e5c6d9fcb370d825f3b6fb/elements - {"using":"xpath","value":"//*[@id=\"__box22-arrow\"]"}
RESULT: {"using":"xpath","value":"//*[@id=\"__box22-arrow\"]"}
COMMAND: POST /session/e9da8fc7d2e5c6d9fcb370d825f3b6fb/elements - {"using":"xpath","value":"//*[@id=\"__box22-arrow\"]"}
RESULT: {"using":"xpath","value":"//*[@id=\"__box22-arrow\"]"}
COMMAND: POST /session/e9da8fc7d2e5c6d9fcb370d825f3b6fb/elements - {"using":"xpath","value":"//*[@id=\"__box22-arrow\"]"}
RESULT: {"using":"xpath","value":"//*[@id=\"__box22-arrow\"]"}
COMMAND: POST /session/e9da8fc7d2e5c6d9fcb370d825f3b6fb/elements - {"using":"xpath","value":"//*[@id=\"__box22-arrow\"]"}
RESULT: {"using":"xpath","value":"//*[@id=\"__box22-arrow\"]"}
COMMAND: POST /session/e9da8fc7d2e5c6d9fcb370d825f3b6fb/elements - {"using":"xpath","value":"//*[@id=\"__box22-arrow\"]"}
RESULT: {"using":"xpath","value":"//*[@id=\"__box22-arrow\"]"}
COMMAND: POST /session/e9da8fc7d2e5c6d9fcb370d825f3b6fb/elements - {"using":"xpath","value":"//*[@id=\"__box22-arrow\"]"}
RESULT: {"using":"xpath","value":"//*[@id=\"__box22-arrow\"]"}
COMMAND: POST /session/e9da8fc7d2e5c6d9fcb370d825f3b6fb/elements - {"using":"xpath","value":"//*[@id=\"__box22-arrow\"]"}
RESULT: {"using":"xpath","value":"//*[@id=\"__box22-arrow\"]"}
COMMAND: POST /session/e9da8fc7d2e5c6d9fcb370d825f3b6fb/elements - {"using":"xpath","value":"//*[@id=\"__box22-arrow\"]"}
RESULT: {"using":"xpath","value":"//*[@id=\"__box22-arrow\"]"}
COMMAND: POST /session/e9da8fc7d2e5c6d9fcb370d825f3b6fb/elements - {"using":"xpath","value":"//*[@id=\"__box22-arrow\"]"}
RESULT: {"using":"xpath","value":"//*[@id=\"__box22-arrow\"]"}
COMMAND: POST /session/e9da8fc7d2e5c6d9fcb370d825f3b6fb/elements - {"using":"xpath","value":"//*[@id=\"__box22-arrow\"]"}
RESULT: {"using":"xpath","value":"//*[@id=\"__box22-arrow\"]"}
COMMAND: POST /session/e9da8fc7d2e5c6d9fcb370d825f3b6fb/elements - {"using":"xpath","value":"//*[@id=\"__box22-arrow\"]"}
RESULT: {"using":"xpath","value":"//*[@id=\"__box22-arrow\"]"}
COMMAND: POST /session/e9da8fc7d2e5c6d9fcb370d825f3b6fb/elements - {"using":"xpath","value":"//*[@id=\"__box22-arrow\"]"}
RESULT: {"using":"xpath","value":"//*[@id=\"__box22-arrow\"]"}
COMMAND: POST /session/e9da8fc7d2e5c6d9fcb370d825f3b6fb/elements - {"using":"xpath","value":"//*[@id=\"__box22-arrow\"]"}
RESULT: {"using":"xpath","value":"//*[@id=\"__box22-arrow\"]"}
COMMAND: POST /session/e9da8fc7d2e5c6d9fcb370d825f3b6fb/elements - {"using":"xpath","value":"//*[@id=\"__box22-arrow\"]"}
RESULT: {"using":"xpath","value":"//*[@id=\"__box22-arrow\"]"}
COMMAND: POST /session/e9da8fc7d2e5c6d9fcb370d825f3b6fb/elements - {"using":"xpath","value":"//*[@id=\"__box22-arrow\"]"}
RESULT: {"using":"xpath","value":"//*[@id=\"__box22-arrow\"]"}
COMMAND: POST /session/e9da8fc7d2e5c6d9fcb370d825f3b6fb/elements - {"using":"xpath","value":"//*[@id=\"__box22-arrow\"]"}
RESULT: {"using":"xpath","value":"//*[@id=\"__box22-arrow\"]"}
COMMAND: POST /session/e9da8fc7d2e5c6d9fcb370d825f3b6fb/elements - {"using":"xpath","value":"//*[@id=\"__box22-arrow\"]"}
RESULT: {"using":"xpath","value":"//*[@id=\"__box22-arrow\"]"}
COMMAND: POST /session/e9da8fc7d2e5c6d9fcb370d825f3b6fb/elements - {"using":"xpath","value":"//*[@id=\"__box22-arrow\"]"}
RESULT: {"using":"xpath","value":"//*[@id=\"__box22-arrow\"]"}
COMMAND: POST /session/e9da8fc7d2e5c6d9fcb370d825f3b6fb/elements - {"using":"xpath","value":"//*[@id=\"__box22-arrow\"]"}
RESULT: {"using":"xpath","value":"//*[@id=\"__box22-arrow\"]"}
COMMAND: POST /session/e9da8fc7d2e5c6d9fcb370d825f3b6fb/elements - {"using":"xpath","value":"//*[@id=\"__box22-arrow\"]"}
RESULT: {"using":"xpath","value":"//*[@id=\"__box22-arrow\"]"}
COMMAND: POST /session/e9da8fc7d2e5c6d9fcb370d825f3b6fb/elements - {"using":"xpath","value":"//*[@id=\"__box22-arrow\"]"}
RESULT: {"using":"xpath","value":"//*[@id=\"__box22-arrow\"]"}
COMMAND: POST /session/e9da8fc7d2e5c6d9fcb370d825f3b6fb/elements - {"using":"xpath","value":"//*[@id=\"__box22-arrow\"]"}
RESULT: {"using":"xpath","value":"//*[@id=\"__box22-arrow\"]"}
COMMAND: POST /session/e9da8fc7d2e5c6d9fcb370d825f3b6fb/elements - {"using":"xpath","value":"//*[@id=\"__box22-arrow\"]"}
RESULT: {"using":"xpath","value":"//*[@id=\"__box22-arrow\"]"}
COMMAND: POST /session/e9da8fc7d2e5c6d9fcb370d825f3b6fb/elements - {"using":"xpath","value":"//*[@id=\"__box22-arrow\"]"}
RESULT: {"using":"xpath","value":"//*[@id=\"__box22-arrow\"]"}
COMMAND: POST /session/e9da8fc7d2e5c6d9fcb370d825f3b6fb/elements - {"using":"xpath","value":"//*[@id=\"__box22-arrow\"]"}
RESULT: {"using":"xpath","value":"//*[@id=\"__box22-arrow\"]"}
COMMAND: POST /session/e9da8fc7d2e5c6d9fcb370d825f3b6fb/elements - {"using":"xpath","value":"//*[@id=\"__box22-arrow\"]"}
RESULT: {"using":"xpath","value":"//*[@id=\"__box22-arrow\"]"}
COMMAND: POST /session/e9da8fc7d2e5c6d9fcb370d825f3b6fb/elements - {"using":"xpath","value":"//*[@id=\"__box22-arrow\"]"}
RESULT: {"using":"xpath","value":"//*[@id=\"__box22-arrow\"]"}
COMMAND: POST /session/e9da8fc7d2e5c6d9fcb370d825f3b6fb/elements - {"using":"xpath","value":"//*[@id=\"__box22-arrow\"]"}
RESULT: {"using":"xpath","value":"//*[@id=\"__box22-arrow\"]"}
COMMAND: POST /session/e9da8fc7d2e5c6d9fcb370d825f3b6fb/elements - {"using":"xpath","value":"//*[@id=\"__box22-arrow\"]"}
RESULT: {"using":"xpath","value":"//*[@id=\"__box22-arrow\"]"}
COMMAND: POST /session/e9da8fc7d2e5c6d9fcb370d825f3b6fb/elements - {"using":"xpath","value":"//*[@id=\"__box22-arrow\"]"}
RESULT: {"using":"xpath","value":"//*[@id=\"__box22-arrow\"]"}
COMMAND: POST /session/e9da8fc7d2e5c6d9fcb370d825f3b6fb/elements - {"using":"xpath","value":"//*[@id=\"__box22-arrow\"]"}
RESULT: {"using":"xpath","value":"//*[@id=\"__box22-arrow\"]"}
COMMAND: POST /session/e9da8fc7d2e5c6d9fcb370d825f3b6fb/elements - {"using":"xpath","value":"//*[@id=\"__box22-arrow\"]"}
RESULT: {"using":"xpath","value":"//*[@id=\"__box22-arrow\"]"}
COMMAND: POST /session/e9da8fc7d2e5c6d9fcb370d825f3b6fb/elements - {"using":"xpath","value":"//*[@id=\"__box22-arrow\"]"}
RESULT: {"using":"xpath","value":"//*[@id=\"__box22-arrow\"]"}
COMMAND: POST /session/e9da8fc7d2e5c6d9fcb370d825f3b6fb/elements - {"using":"xpath","value":"//*[@id=\"__box22-arrow\"]"}
RESULT: {"using":"xpath","value":"//*[@id=\"__box22-arrow\"]"}
COMMAND: POST /session/e9da8fc7d2e5c6d9fcb370d825f3b6fb/elements - {"using":"xpath","value":"//*[@id=\"__box22-arrow\"]"}
RESULT: {"using":"xpath","value":"//*[@id=\"__box22-arrow\"]"}
COMMAND: POST /session/e9da8fc7d2e5c6d9fcb370d825f3b6fb/elements - {"using":"xpath","value":"//*[@id=\"__box22-arrow\"]"}
RESULT: {"using":"xpath","value":"//*[@id=\"__box22-arrow\"]"}
COMMAND: POST /session/e9da8fc7d2e5c6d9fcb370d825f3b6fb/elements - {"using":"xpath","value":"//*[@id=\"__box22-arrow\"]"}
RESULT: {"using":"xpath","value":"//*[@id=\"__box22-arrow\"]"}
COMMAND: POST /session/e9da8fc7d2e5c6d9fcb370d825f3b6fb/elements - {"using":"xpath","value":"//*[@id=\"__box22-arrow\"]"}
RESULT: {"using":"xpath","value":"//*[@id=\"__box22-arrow\"]"}
COMMAND: POST /session/e9da8fc7d2e5c6d9fcb370d825f3b6fb/elements - {"using":"xpath","value":"//*[@id=\"__box22-arrow\"]"}
RESULT: {"using":"xpath","value":"//*[@id=\"__box22-arrow\"]"}
COMMAND: POST /session/e9da8fc7d2e5c6d9fcb370d825f3b6fb/elements - {"using":"xpath","value":"//*[@id=\"__box22-arrow\"]"}
RESULT: {"using":"xpath","value":"//*[@id=\"__box22-arrow\"]"}
COMMAND: POST /session/e9da8fc7d2e5c6d9fcb370d825f3b6fb/elements - {"using":"xpath","value":"//*[@id=\"__box22-arrow\"]"}
RESULT: {"using":"xpath","value":"//*[@id=\"__box22-arrow\"]"}
COMMAND: POST /session/e9da8fc7d2e5c6d9fcb370d825f3b6fb/elements - {"using":"xpath","value":"//*[@id=\"__box22-arrow\"]"}
RESULT: {"using":"xpath","value":"//*[@id=\"__box22-arrow\"]"}
COMMAND: POST /session/e9da8fc7d2e5c6d9fcb370d825f3b6fb/elements - {"using":"xpath","value":"//*[@id=\"__box22-arrow\"]"}
RESULT: {"using":"xpath","value":"//*[@id=\"__box22-arrow\"]"}
COMMAND: POST /session/e9da8fc7d2e5c6d9fcb370d825f3b6fb/elements - {"using":"xpath","value":"//*[@id=\"__box22-arrow\"]"}
RESULT: {"using":"xpath","value":"//*[@id=\"__box22-arrow\"]"}
COMMAND: POST /session/e9da8fc7d2e5c6d9fcb370d825f3b6fb/elements - {"using":"xpath","value":"//*[@id=\"__box22-arrow\"]"}
RESULT: {"using":"xpath","value":"//*[@id=\"__box22-arrow\"]"}
COMMAND: POST /session/e9da8fc7d2e5c6d9fcb370d825f3b6fb/elements - {"using":"xpath","value":"//*[@id=\"__box22-arrow\"]"}
RESULT: {"using":"xpath","value":"//*[@id=\"__box22-arrow\"]"}
COMMAND: POST /session/e9da8fc7d2e5c6d9fcb370d825f3b6fb/elements - {"using":"xpath","value":"//*[@id=\"__box22-arrow\"]"}
RESULT: {"using":"xpath","value":"//*[@id=\"__box22-arrow\"]"}
COMMAND: POST /session/e9da8fc7d2e5c6d9fcb370d825f3b6fb/elements - {"using":"xpath","value":"//*[@id=\"__box22-arrow\"]"}
RESULT: {"using":"xpath","value":"//*[@id=\"__box22-arrow\"]"}
COMMAND: POST /session/e9da8fc7d2e5c6d9fcb370d825f3b6fb/elements - {"using":"xpath","value":"//*[@id=\"__box22-arrow\"]"}
RESULT: {"using":"xpath","value":"//*[@id=\"__box22-arrow\"]"}
COMMAND: POST /session/e9da8fc7d2e5c6d9fcb370d825f3b6fb/elements - {"using":"xpath","value":"//*[@id=\"__box22-arrow\"]"}
RESULT: {"using":"xpath","value":"//*[@id=\"__box22-arrow\"]"}
COMMAND: POST /session/e9da8fc7d2e5c6d9fcb370d825f3b6fb/elements - {"using":"xpath","value":"//*[@id=\"__box22-arrow\"]"}
RESULT: {"using":"xpath","value":"//*[@id=\"__box22-arrow\"]"}
COMMAND: POST /session/e9da8fc7d2e5c6d9fcb370d825f3b6fb/elements - {"using":"xpath","value":"//*[@id=\"__box22-arrow\"]"}
RESULT: {"using":"xpath","value":"//*[@id=\"__box22-arrow\"]"}
COMMAND: POST /session/e9da8fc7d2e5c6d9fcb370d825f3b6fb/elements - {"using":"xpath","value":"//*[@id=\"__box22-arrow\"]"}
RESULT: {"using":"xpath","value":"//*[@id=\"__box22-arrow\"]"}
COMMAND: POST /session/e9da8fc7d2e5c6d9fcb370d825f3b6fb/elements - {"using":"xpath","value":"//*[@id=\"__box22-arrow\"]"}
RESULT: {"using":"xpath","value":"//*[@id=\"__box22-arrow\"]"}
COMMAND: POST /session/e9da8fc7d2e5c6d9fcb370d825f3b6fb/elements - {"using":"xpath","value":"//*[@id=\"__box22-arrow\"]"}
RESULT: {"using":"xpath","value":"//*[@id=\"__box22-arrow\"]"}
COMMAND: POST /session/e9da8fc7d2e5c6d9fcb370d825f3b6fb/elements - {"using":"xpath","value":"//*[@id=\"__box22-arrow\"]"}
RESULT: {"using":"xpath","value":"//*[@id=\"__box22-arrow\"]"}
COMMAND: POST /session/e9da8fc7d2e5c6d9fcb370d825f3b6fb/elements - {"using":"xpath","value":"//*[@id=\"__box22-arrow\"]"}
RESULT: {"using":"xpath","value":"//*[@id=\"__box22-arrow\"]"}
COMMAND: POST /session/e9da8fc7d2e5c6d9fcb370d825f3b6fb/elements - {"using":"xpath","value":"//*[@id=\"__box22-arrow\"]"}
RESULT: {"using":"xpath","value":"//*[@id=\"__box22-arrow\"]"}
COMMAND: POST /session/e9da8fc7d2e5c6d9fcb370d825f3b6fb/elements - {"using":"xpath","value":"//*[@id=\"__box22-arrow\"]"}
RESULT: {"using":"xpath","value":"//*[@id=\"__box22-arrow\"]"}
COMMAND: POST /session/e9da8fc7d2e5c6d9fcb370d825f3b6fb/elements - {"using":"xpath","value":"//*[@id=\"__box22-arrow\"]"}
RESULT: {"using":"xpath","value":"//*[@id=\"__box22-arrow\"]"}
COMMAND: POST /session/e9da8fc7d2e5c6d9fcb370d825f3b6fb/elements - {"using":"xpath","value":"//*[@id=\"__box22-arrow\"]"}
RESULT: {"using":"xpath","value":"//*[@id=\"__box22-arrow\"]"}
COMMAND: POST /session/e9da8fc7d2e5c6d9fcb370d825f3b6fb/elements - {"using":"xpath","value":"//*[@id=\"__box22-arrow\"]"}
RESULT: {"using":"xpath","value":"//*[@id=\"__box22-arrow\"]"}
COMMAND: POST /session/e9da8fc7d2e5c6d9fcb370d825f3b6fb/elements - {"using":"xpath","value":"//*[@id=\"__box22-arrow\"]"}
RESULT: {"using":"xpath","value":"//*[@id=\"__box22-arrow\"]"}
COMMAND: POST /session/e9da8fc7d2e5c6d9fcb370d825f3b6fb/elements - {"using":"xpath","value":"//*[@id=\"__box22-arrow\"]"}
RESULT: {"using":"xpath","value":"//*[@id=\"__box22-arrow\"]"}
COMMAND: POST /session/e9da8fc7d2e5c6d9fcb370d825f3b6fb/elements - {"using":"xpath","value":"//*[@id=\"__box22-arrow\"]"}
RESULT: {"using":"xpath","value":"//*[@id=\"__box22-arrow\"]"}
COMMAND: POST /session/e9da8fc7d2e5c6d9fcb370d825f3b6fb/elements - {"using":"xpath","value":"//*[@id=\"__box22-arrow\"]"}
RESULT: {"using":"xpath","value":"//*[@id=\"__box22-arrow\"]"}
COMMAND: POST /session/e9da8fc7d2e5c6d9fcb370d825f3b6fb/elements - {"using":"xpath","value":"//*[@id=\"__box22-arrow\"]"}
RESULT: {"using":"xpath","value":"//*[@id=\"__box22-arrow\"]"}
COMMAND: POST /session/e9da8fc7d2e5c6d9fcb370d825f3b6fb/elements - {"using":"xpath","value":"//*[@id=\"__box22-arrow\"]"}
RESULT: {"using":"xpath","value":"//*[@id=\"__box22-arrow\"]"}
COMMAND: POST /session/e9da8fc7d2e5c6d9fcb370d825f3b6fb/elements - {"using":"xpath","value":"//*[@id=\"__box22-arrow\"]"}
RESULT: {"using":"xpath","value":"//*[@id=\"__box22-arrow\"]"}
COMMAND: POST /session/e9da8fc7d2e5c6d9fcb370d825f3b6fb/elements - {"using":"xpath","value":"//*[@id=\"__box22-arrow\"]"}
RESULT: {"using":"xpath","value":"//*[@id=\"__box22-arrow\"]"}
COMMAND: POST /session/e9da8fc7d2e5c6d9fcb370d825f3b6fb/elements - {"using":"xpath","value":"//*[@id=\"__box22-arrow\"]"}
RESULT: {"using":"xpath","value":"//*[@id=\"__box22-arrow\"]"}
COMMAND: POST /session/e9da8fc7d2e5c6d9fcb370d825f3b6fb/elements - {"using":"xpath","value":"//*[@id=\"__box22-arrow\"]"}
RESULT: {"using":"xpath","value":"//*[@id=\"__box22-arrow\"]"}
COMMAND: POST /session/e9da8fc7d2e5c6d9fcb370d825f3b6fb/elements - {"using":"xpath","value":"//*[@id=\"__box22-arrow\"]"}
RESULT: {"using":"xpath","value":"//*[@id=\"__box22-arrow\"]"}
COMMAND: POST /session/e9da8fc7d2e5c6d9fcb370d825f3b6fb/elements - {"using":"xpath","value":"//*[@id=\"__box22-arrow\"]"}
RESULT: {"using":"xpath","value":"//*[@id=\"__box22-arrow\"]"}
COMMAND: POST /session/e9da8fc7d2e5c6d9fcb370d825f3b6fb/elements - {"using":"xpath","value":"//*[@id=\"__box22-arrow\"]"}
RESULT: {"using":"xpath","value":"//*[@id=\"__box22-arrow\"]"}
COMMAND: POST /session/e9da8fc7d2e5c6d9fcb370d825f3b6fb/elements - {"using":"xpath","value":"//*[@id=\"__box22-arrow\"]"}
RESULT: {"using":"xpath","value":"//*[@id=\"__box22-arrow\"]"}
COMMAND: POST /session/e9da8fc7d2e5c6d9fcb370d825f3b6fb/elements - {"using":"xpath","value":"//*[@id=\"__box22-arrow\"]"}
RESULT: {"using":"xpath","value":"//*[@id=\"__box22-arrow\"]"}
COMMAND: POST /session/e9da8fc7d2e5c6d9fcb370d825f3b6fb/elements - {"using":"xpath","value":"//*[@id=\"__box22-arrow\"]"}
RESULT: {"using":"xpath","value":"//*[@id=\"__box22-arrow\"]"}
COMMAND: POST /session/e9da8fc7d2e5c6d9fcb370d825f3b6fb/elements - {"using":"xpath","value":"//*[@id=\"__box22-arrow\"]"}
RESULT: {"using":"xpath","value":"//*[@id=\"__box22-arrow\"]"}
COMMAND: POST /session/e9da8fc7d2e5c6d9fcb370d825f3b6fb/elements - {"using":"xpath","value":"//*[@id=\"__box22-arrow\"]"}
RESULT: {"using":"xpath","value":"//*[@id=\"__box22-arrow\"]"}
COMMAND: POST /session/e9da8fc7d2e5c6d9fcb370d825f3b6fb/elements - {"using":"xpath","value":"//*[@id=\"__box22-arrow\"]"}
RESULT: {"using":"xpath","value":"//*[@id=\"__box22-arrow\"]"}
COMMAND: POST /session/e9da8fc7d2e5c6d9fcb370d825f3b6fb/elements - {"using":"xpath","value":"//*[@id=\"__box22-arrow\"]"}
RESULT: {"using":"xpath","value":"//*[@id=\"__box22-arrow\"]"}
COMMAND: POST /session/e9da8fc7d2e5c6d9fcb370d825f3b6fb/elements - {"using":"xpath","value":"//*[@id=\"__box22-arrow\"]"}
RESULT: {"using":"xpath","value":"//*[@id=\"__box22-arrow\"]"}
COMMAND: POST /session/e9da8fc7d2e5c6d9fcb370d825f3b6fb/elements - {"using":"xpath","value":"//*[@id=\"__box22-arrow\"]"}
RESULT: {"using":"xpath","value":"//*[@id=\"__box22-arrow\"]"}
COMMAND: POST /session/e9da8fc7d2e5c6d9fcb370d825f3b6fb/elements - {"using":"xpath","value":"//*[@id=\"__box22-arrow\"]"}
RESULT: {"using":"xpath","value":"//*[@id=\"__box22-arrow\"]"}
COMMAND: POST /session/e9da8fc7d2e5c6d9fcb370d825f3b6fb/elements - {"using":"xpath","value":"//*[@id=\"__box22-arrow\"]"}
RESULT: {"using":"xpath","value":"//*[@id=\"__box22-arrow\"]"}
COMMAND: POST /session/e9da8fc7d2e5c6d9fcb370d825f3b6fb/elements - {"using":"xpath","value":"//*[@id=\"__box22-arrow\"]"}
RESULT: {"using":"xpath","value":"//*[@id=\"__box22-arrow\"]"}
COMMAND: POST /session/e9da8fc7d2e5c6d9fcb370d825f3b6fb/elements - {"using":"xpath","value":"//*[@id=\"__box22-arrow\"]"}
RESULT: {"using":"xpath","value":"//*[@id=\"__box22-arrow\"]"}
COMMAND: POST /session/e9da8fc7d2e5c6d9fcb370d825f3b6fb/elements - {"using":"xpath","value":"//*[@id=\"__box22-arrow\"]"}
RESULT: {"using":"xpath","value":"//*[@id=\"__box22-arrow\"]"}
COMMAND: POST /session/e9da8fc7d2e5c6d9fcb370d825f3b6fb/elements - {"using":"xpath","value":"//*[@id=\"__box22-arrow\"]"}
RESULT: {"using":"xpath","value":"//*[@id=\"__box22-arrow\"]"}
COMMAND: POST /session/e9da8fc7d2e5c6d9fcb370d825f3b6fb/elements - {"using":"xpath","value":"//*[@id=\"__box22-arrow\"]"}
RESULT: {"using":"xpath","value":"//*[@id=\"__box22-arrow\"]"}
COMMAND: POST /session/e9da8fc7d2e5c6d9fcb370d825f3b6fb/elements - {"using":"xpath","value":"//*[@id=\"__box22-arrow\"]"}
RESULT: {"using":"xpath","value":"//*[@id=\"__box22-arrow\"]"}
COMMAND: POST /session/e9da8fc7d2e5c6d9fcb370d825f3b6fb/elements - {"using":"xpath","value":"//*[@id=\"__box22-arrow\"]"}
RESULT: {"using":"xpath","value":"//*[@id=\"__box22-arrow\"]"}
COMMAND: POST /session/e9da8fc7d2e5c6d9fcb370d825f3b6fb/elements - {"using":"xpath","value":"//*[@id=\"__box22-arrow\"]"}
RESULT: {"using":"xpath","value":"//*[@id=\"__box22-arrow\"]"}
COMMAND: POST /session/e9da8fc7d2e5c6d9fcb370d825f3b6fb/elements - {"using":"xpath","value":"//*[@id=\"__box22-arrow\"]"}
RESULT: {"using":"xpath","value":"//*[@id=\"__box22-arrow\"]"}
COMMAND: POST /session/e9da8fc7d2e5c6d9fcb370d825f3b6fb/elements - {"using":"xpath","value":"//*[@id=\"__box22-arrow\"]"}
RESULT: {"using":"xpath","value":"//*[@id=\"__box22-arrow\"]"}
COMMAND: POST /session/e9da8fc7d2e5c6d9fcb370d825f3b6fb/elements - {"using":"xpath","value":"//*[@id=\"__box22-arrow\"]"}
RESULT: {"using":"xpath","value":"//*[@id=\"__box22-arrow\"]"}
COMMAND: POST /session/e9da8fc7d2e5c6d9fcb370d825f3b6fb/elements - {"using":"xpath","value":"//*[@id=\"__box22-arrow\"]"}
RESULT: {"using":"xpath","value":"//*[@id=\"__box22-arrow\"]"}
COMMAND: POST /session/e9da8fc7d2e5c6d9fcb370d825f3b6fb/elements - {"using":"xpath","value":"//*[@id=\"__box22-arrow\"]"}
RESULT: {"using":"xpath","value":"//*[@id=\"__box22-arrow\"]"}
COMMAND: POST /session/e9da8fc7d2e5c6d9fcb370d825f3b6fb/elements - {"using":"xpath","value":"//*[@id=\"__box22-arrow\"]"}
RESULT: {"using":"xpath","value":"//*[@id=\"__box22-arrow\"]"}
COMMAND: POST /session/e9da8fc7d2e5c6d9fcb370d825f3b6fb/elements - {"using":"xpath","value":"//*[@id=\"__box22-arrow\"]"}
RESULT: {"using":"xpath","value":"//*[@id=\"__box22-arrow\"]"}
COMMAND: POST /session/e9da8fc7d2e5c6d9fcb370d825f3b6fb/elements - {"using":"xpath","value":"//*[@id=\"__box22-arrow\"]"}
RESULT: {"using":"xpath","value":"//*[@id=\"__box22-arrow\"]"}
COMMAND: POST /session/e9da8fc7d2e5c6d9fcb370d825f3b6fb/elements - {"using":"xpath","value":"//*[@id=\"__box22-arrow\"]"}
RESULT: {"using":"xpath","value":"//*[@id=\"__box22-arrow\"]"}
COMMAND: POST /session/e9da8fc7d2e5c6d9fcb370d825f3b6fb/elements - {"using":"xpath","value":"//*[@id=\"__box22-arrow\"]"}
RESULT: {"using":"xpath","value":"//*[@id=\"__box22-arrow\"]"}
COMMAND: POST /session/e9da8fc7d2e5c6d9fcb370d825f3b6fb/elements - {"using":"xpath","value":"//*[@id=\"__box22-arrow\"]"}
RESULT: {"using":"xpath","value":"//*[@id=\"__box22-arrow\"]"}
COMMAND: POST /session/e9da8fc7d2e5c6d9fcb370d825f3b6fb/elements - {"using":"xpath","value":"//*[@id=\"__box22-arrow\"]"}
RESULT: {"using":"xpath","value":"//*[@id=\"__box22-arrow\"]"}
COMMAND: POST /session/e9da8fc7d2e5c6d9fcb370d825f3b6fb/elements - {"using":"xpath","value":"//*[@id=\"__box22-arrow\"]"}
RESULT: {"using":"xpath","value":"//*[@id=\"__box22-arrow\"]"}
COMMAND: POST /session/e9da8fc7d2e5c6d9fcb370d825f3b6fb/element - {"using":"xpath","value":"//ul[contains(@id,\"popup-list-listUl\")]//li[.//span[text()= \"Webshop Catalog\"]]"}
RESULT: {"using":"xpath","value":"//ul[contains(@id,\"popup-list-listUl\")]//li[.//span[text()= \"Webshop Catalog\"]]"}
COMMAND: POST /session/e9da8fc7d2e5c6d9fcb370d825f3b6fb/elements - {"using":"xpath","value":"//ul[contains(@id,\"popup-list-listUl\")]//li[.//span[text()= \"Webshop Catalog\"]]"}
RESULT: {"using":"xpath","value":"//ul[contains(@id,\"popup-list-listUl\")]//li[.//span[text()= \"Webshop Catalog\"]]"}
COMMAND: POST /session/e9da8fc7d2e5c6d9fcb370d825f3b6fb/elements - {"using":"xpath","value":"//ul[contains(@id,\"popup-list-listUl\")]//li[.//span[text()= \"Webshop Catalog\"]]"}
RESULT: {"using":"xpath","value":"//ul[contains(@id,\"popup-list-listUl\")]//li[.//span[text()= \"Webshop Catalog\"]]"}
COMMAND: POST /session/e9da8fc7d2e5c6d9fcb370d825f3b6fb/elements - {"using":"xpath","value":"//ul[contains(@id,\"popup-list-listUl\")]//li[.//span[text()= \"Webshop Catalog\"]]"}
RESULT: {"using":"xpath","value":"//ul[contains(@id,\"popup-list-listUl\")]//li[.//span[text()= \"Webshop Catalog\"]]"}
COMMAND: POST /session/e9da8fc7d2e5c6d9fcb370d825f3b6fb/elements - {"using":"xpath","value":"//ul[contains(@id,\"popup-list-listUl\")]//li[.//span[text()= \"Webshop Catalog\"]]"}
RESULT: {"using":"xpath","value":"//ul[contains(@id,\"popup-list-listUl\")]//li[.//span[text()= \"Webshop Catalog\"]]"}
COMMAND: POST /session/e9da8fc7d2e5c6d9fcb370d825f3b6fb/elements - {"using":"xpath","value":"//ul[contains(@id,\"popup-list-listUl\")]//li[.//span[text()= \"Webshop Catalog\"]]"}
RESULT: {"using":"xpath","value":"//ul[contains(@id,\"popup-list-listUl\")]//li[.//span[text()= \"Webshop Catalog\"]]"}
COMMAND: POST /session/e9da8fc7d2e5c6d9fcb370d825f3b6fb/elements - {"using":"xpath","value":"//ul[contains(@id,\"popup-list-listUl\")]//li[.//span[text()= \"Webshop Catalog\"]]"}
RESULT: {"using":"xpath","value":"//ul[contains(@id,\"popup-list-listUl\")]//li[.//span[text()= \"Webshop Catalog\"]]"}
COMMAND: POST /session/e9da8fc7d2e5c6d9fcb370d825f3b6fb/elements - {"using":"xpath","value":"//ul[contains(@id,\"popup-list-listUl\")]//li[.//span[text()= \"Webshop Catalog\"]]"}
RESULT: {"using":"xpath","value":"//ul[contains(@id,\"popup-list-listUl\")]//li[.//span[text()= \"Webshop Catalog\"]]"}
COMMAND: POST /session/e9da8fc7d2e5c6d9fcb370d825f3b6fb/elements - {"using":"xpath","value":"//ul[contains(@id,\"popup-list-listUl\")]//li[.//span[text()= \"Webshop Catalog\"]]"}
RESULT: {"using":"xpath","value":"//ul[contains(@id,\"popup-list-listUl\")]//li[.//span[text()= \"Webshop Catalog\"]]"}
COMMAND: POST /session/e9da8fc7d2e5c6d9fcb370d825f3b6fb/elements - {"using":"xpath","value":"//ul[contains(@id,\"popup-list-listUl\")]//li[.//span[text()= \"Webshop Catalog\"]]"}
RESULT: {"using":"xpath","value":"//ul[contains(@id,\"popup-list-listUl\")]//li[.//span[text()= \"Webshop Catalog\"]]"}
COMMAND: POST /session/e9da8fc7d2e5c6d9fcb370d825f3b6fb/elements - {"using":"xpath","value":"//ul[contains(@id,\"popup-list-listUl\")]//li[.//span[text()= \"Webshop Catalog\"]]"}
RESULT: {"using":"xpath","value":"//ul[contains(@id,\"popup-list-listUl\")]//li[.//span[text()= \"Webshop Catalog\"]]"}
COMMAND: POST /session/e9da8fc7d2e5c6d9fcb370d825f3b6fb/elements - {"using":"xpath","value":"//ul[contains(@id,\"popup-list-listUl\")]//li[.//span[text()= \"Webshop Catalog\"]]"}
RESULT: {"using":"xpath","value":"//ul[contains(@id,\"popup-list-listUl\")]//li[.//span[text()= \"Webshop Catalog\"]]"}
COMMAND: POST /session/e9da8fc7d2e5c6d9fcb370d825f3b6fb/elements - {"using":"xpath","value":"//ul[contains(@id,\"popup-list-listUl\")]//li[.//span[text()= \"Webshop Catalog\"]]"}
RESULT: {"using":"xpath","value":"//ul[contains(@id,\"popup-list-listUl\")]//li[.//span[text()= \"Webshop Catalog\"]]"}
COMMAND: POST /session/e9da8fc7d2e5c6d9fcb370d825f3b6fb/elements - {"using":"xpath","value":"//ul[contains(@id,\"popup-list-listUl\")]//li[.//span[text()= \"Webshop Catalog\"]]"}
RESULT: {"using":"xpath","value":"//ul[contains(@id,\"popup-list-listUl\")]//li[.//span[text()= \"Webshop Catalog\"]]"}
COMMAND: POST /session/e9da8fc7d2e5c6d9fcb370d825f3b6fb/elements - {"using":"xpath","value":"//ul[contains(@id,\"popup-list-listUl\")]//li[.//span[text()= \"Webshop Catalog\"]]"}
RESULT: {"using":"xpath","value":"//ul[contains(@id,\"popup-list-listUl\")]//li[.//span[text()= \"Webshop Catalog\"]]"}
COMMAND: POST /session/e9da8fc7d2e5c6d9fcb370d825f3b6fb/elements - {"using":"xpath","value":"//ul[contains(@id,\"popup-list-listUl\")]//li[.//span[text()= \"Webshop Catalog\"]]"}
RESULT: {"using":"xpath","value":"//ul[contains(@id,\"popup-list-listUl\")]//li[.//span[text()= \"Webshop Catalog\"]]"}
COMMAND: POST /session/e9da8fc7d2e5c6d9fcb370d825f3b6fb/elements - {"using":"xpath","value":"//ul[contains(@id,\"popup-list-listUl\")]//li[.//span[text()= \"Webshop Catalog\"]]"}
RESULT: {"using":"xpath","value":"//ul[contains(@id,\"popup-list-listUl\")]//li[.//span[text()= \"Webshop Catalog\"]]"}
COMMAND: POST /session/e9da8fc7d2e5c6d9fcb370d825f3b6fb/elements - {"using":"xpath","value":"//ul[contains(@id,\"popup-list-listUl\")]//li[.//span[text()= \"Webshop Catalog\"]]"}
RESULT: {"using":"xpath","value":"//ul[contains(@id,\"popup-list-listUl\")]//li[.//span[text()= \"Webshop Catalog\"]]"}
COMMAND: POST /session/e9da8fc7d2e5c6d9fcb370d825f3b6fb/elements - {"using":"xpath","value":"//ul[contains(@id,\"popup-list-listUl\")]//li[.//span[text()= \"Webshop Catalog\"]]"}
RESULT: {"using":"xpath","value":"//ul[contains(@id,\"popup-list-listUl\")]//li[.//span[text()= \"Webshop Catalog\"]]"}
COMMAND: POST /session/e9da8fc7d2e5c6d9fcb370d825f3b6fb/elements - {"using":"xpath","value":"//ul[contains(@id,\"popup-list-listUl\")]//li[.//span[text()= \"Webshop Catalog\"]]"}
RESULT: {"using":"xpath","value":"//ul[contains(@id,\"popup-list-listUl\")]//li[.//span[text()= \"Webshop Catalog\"]]"}
COMMAND: POST /session/e9da8fc7d2e5c6d9fcb370d825f3b6fb/elements - {"using":"xpath","value":"//ul[contains(@id,\"popup-list-listUl\")]//li[.//span[text()= \"Webshop Catalog\"]]"}
RESULT: {"using":"xpath","value":"//ul[contains(@id,\"popup-list-listUl\")]//li[.//span[text()= \"Webshop Catalog\"]]"}
COMMAND: POST /session/e9da8fc7d2e5c6d9fcb370d825f3b6fb/elements - {"using":"xpath","value":"//ul[contains(@id,\"popup-list-listUl\")]//li[.//span[text()= \"Webshop Catalog\"]]"}
RESULT: {"using":"xpath","value":"//ul[contains(@id,\"popup-list-listUl\")]//li[.//span[text()= \"Webshop Catalog\"]]"}
COMMAND: POST /session/e9da8fc7d2e5c6d9fcb370d825f3b6fb/elements - {"using":"xpath","value":"//ul[contains(@id,\"popup-list-listUl\")]//li[.//span[text()= \"Webshop Catalog\"]]"}
RESULT: {"using":"xpath","value":"//ul[contains(@id,\"popup-list-listUl\")]//li[.//span[text()= \"Webshop Catalog\"]]"}
COMMAND: POST /session/e9da8fc7d2e5c6d9fcb370d825f3b6fb/elements - {"using":"xpath","value":"//ul[contains(@id,\"popup-list-listUl\")]//li[.//span[text()= \"Webshop Catalog\"]]"}
RESULT: {"using":"xpath","value":"//ul[contains(@id,\"popup-list-listUl\")]//li[.//span[text()= \"Webshop Catalog\"]]"}
COMMAND: POST /session/e9da8fc7d2e5c6d9fcb370d825f3b6fb/elements - {"using":"xpath","value":"//ul[contains(@id,\"popup-list-listUl\")]//li[.//span[text()= \"Webshop Catalog\"]]"}
RESULT: {"using":"xpath","value":"//ul[contains(@id,\"popup-list-listUl\")]//li[.//span[text()= \"Webshop Catalog\"]]"}
COMMAND: POST /session/e9da8fc7d2e5c6d9fcb370d825f3b6fb/elements - {"using":"xpath","value":"//ul[contains(@id,\"popup-list-listUl\")]//li[.//span[text()= \"Webshop Catalog\"]]"}
RESULT: {"using":"xpath","value":"//ul[contains(@id,\"popup-list-listUl\")]//li[.//span[text()= \"Webshop Catalog\"]]"}
COMMAND: POST /session/e9da8fc7d2e5c6d9fcb370d825f3b6fb/elements - {"using":"xpath","value":"//ul[contains(@id,\"popup-list-listUl\")]//li[.//span[text()= \"Webshop Catalog\"]]"}
RESULT: {"using":"xpath","value":"//ul[contains(@id,\"popup-list-listUl\")]//li[.//span[text()= \"Webshop Catalog\"]]"}
COMMAND: POST /session/e9da8fc7d2e5c6d9fcb370d825f3b6fb/elements - {"using":"xpath","value":"//ul[contains(@id,\"popup-list-listUl\")]//li[.//span[text()= \"Webshop Catalog\"]]"}
RESULT: {"using":"xpath","value":"//ul[contains(@id,\"popup-list-listUl\")]//li[.//span[text()= \"Webshop Catalog\"]]"}
COMMAND: POST /session/e9da8fc7d2e5c6d9fcb370d825f3b6fb/elements - {"using":"xpath","value":"//ul[contains(@id,\"popup-list-listUl\")]//li[.//span[text()= \"Webshop Catalog\"]]"}
RESULT: {"using":"xpath","value":"//ul[contains(@id,\"popup-list-listUl\")]//li[.//span[text()= \"Webshop Catalog\"]]"}
COMMAND: POST /session/e9da8fc7d2e5c6d9fcb370d825f3b6fb/elements - {"using":"xpath","value":"//ul[contains(@id,\"popup-list-listUl\")]//li[.//span[text()= \"Webshop Catalog\"]]"}
RESULT: {"using":"xpath","value":"//ul[contains(@id,\"popup-list-listUl\")]//li[.//span[text()= \"Webshop Catalog\"]]"}
COMMAND: POST /session/e9da8fc7d2e5c6d9fcb370d825f3b6fb/elements - {"using":"xpath","value":"//ul[contains(@id,\"popup-list-listUl\")]//li[.//span[text()= \"Webshop Catalog\"]]"}
RESULT: {"using":"xpath","value":"//ul[contains(@id,\"popup-list-listUl\")]//li[.//span[text()= \"Webshop Catalog\"]]"}
COMMAND: POST /session/e9da8fc7d2e5c6d9fcb370d825f3b6fb/elements - {"using":"xpath","value":"//ul[contains(@id,\"popup-list-listUl\")]//li[.//span[text()= \"Webshop Catalog\"]]"}
RESULT: {"using":"xpath","value":"//ul[contains(@id,\"popup-list-listUl\")]//li[.//span[text()= \"Webshop Catalog\"]]"}
COMMAND: POST /session/e9da8fc7d2e5c6d9fcb370d825f3b6fb/elements - {"using":"xpath","value":"//ul[contains(@id,\"popup-list-listUl\")]//li[.//span[text()= \"Webshop Catalog\"]]"}
RESULT: {"using":"xpath","value":"//ul[contains(@id,\"popup-list-listUl\")]//li[.//span[text()= \"Webshop Catalog\"]]"}
COMMAND: POST /session/e9da8fc7d2e5c6d9fcb370d825f3b6fb/elements - {"using":"xpath","value":"//ul[contains(@id,\"popup-list-listUl\")]//li[.//span[text()= \"Webshop Catalog\"]]"}
RESULT: {"using":"xpath","value":"//ul[contains(@id,\"popup-list-listUl\")]//li[.//span[text()= \"Webshop Catalog\"]]"}
COMMAND: POST /session/e9da8fc7d2e5c6d9fcb370d825f3b6fb/elements - {"using":"xpath","value":"//ul[contains(@id,\"popup-list-listUl\")]//li[.//span[text()= \"Webshop Catalog\"]]"}
RESULT: {"using":"xpath","value":"//ul[contains(@id,\"popup-list-listUl\")]//li[.//span[text()= \"Webshop Catalog\"]]"}
COMMAND: POST /session/e9da8fc7d2e5c6d9fcb370d825f3b6fb/elements - {"using":"xpath","value":"//ul[contains(@id,\"popup-list-listUl\")]//li[.//span[text()= \"Webshop Catalog\"]]"}
RESULT: {"using":"xpath","value":"//ul[contains(@id,\"popup-list-listUl\")]//li[.//span[text()= \"Webshop Catalog\"]]"}
COMMAND: POST /session/e9da8fc7d2e5c6d9fcb370d825f3b6fb/elements - {"using":"xpath","value":"//ul[contains(@id,\"popup-list-listUl\")]//li[.//span[text()= \"Webshop Catalog\"]]"}
RESULT: {"using":"xpath","value":"//ul[contains(@id,\"popup-list-listUl\")]//li[.//span[text()= \"Webshop Catalog\"]]"}
COMMAND: POST /session/e9da8fc7d2e5c6d9fcb370d825f3b6fb/elements - {"using":"xpath","value":"//ul[contains(@id,\"popup-list-listUl\")]//li[.//span[text()= \"Webshop Catalog\"]]"}
RESULT: {"using":"xpath","value":"//ul[contains(@id,\"popup-list-listUl\")]//li[.//span[text()= \"Webshop Catalog\"]]"}
COMMAND: POST /session/e9da8fc7d2e5c6d9fcb370d825f3b6fb/elements - {"using":"xpath","value":"//ul[contains(@id,\"popup-list-listUl\")]//li[.//span[text()= \"Webshop Catalog\"]]"}
RESULT: {"using":"xpath","value":"//ul[contains(@id,\"popup-list-listUl\")]//li[.//span[text()= \"Webshop Catalog\"]]"}
COMMAND: POST /session/e9da8fc7d2e5c6d9fcb370d825f3b6fb/elements - {"using":"xpath","value":"//ul[contains(@id,\"popup-list-listUl\")]//li[.//span[text()= \"Webshop Catalog\"]]"}
RESULT: {"using":"xpath","value":"//ul[contains(@id,\"popup-list-listUl\")]//li[.//span[text()= \"Webshop Catalog\"]]"}
COMMAND: POST /session/e9da8fc7d2e5c6d9fcb370d825f3b6fb/elements - {"using":"xpath","value":"//ul[contains(@id,\"popup-list-listUl\")]//li[.//span[text()= \"Webshop Catalog\"]]"}
RESULT: {"using":"xpath","value":"//ul[contains(@id,\"popup-list-listUl\")]//li[.//span[text()= \"Webshop Catalog\"]]"}
COMMAND: POST /session/e9da8fc7d2e5c6d9fcb370d825f3b6fb/elements - {"using":"xpath","value":"//ul[contains(@id,\"popup-list-listUl\")]//li[.//span[text()= \"Webshop Catalog\"]]"}
RESULT: {"using":"xpath","value":"//ul[contains(@id,\"popup-list-listUl\")]//li[.//span[text()= \"Webshop Catalog\"]]"}
COMMAND: POST /session/e9da8fc7d2e5c6d9fcb370d825f3b6fb/elements - {"using":"xpath","value":"//ul[contains(@id,\"popup-list-listUl\")]//li[.//span[text()= \"Webshop Catalog\"]]"}
RESULT: {"using":"xpath","value":"//ul[contains(@id,\"popup-list-listUl\")]//li[.//span[text()= \"Webshop Catalog\"]]"}
COMMAND: POST /session/e9da8fc7d2e5c6d9fcb370d825f3b6fb/elements - {"using":"xpath","value":"//ul[contains(@id,\"popup-list-listUl\")]//li[.//span[text()= \"Webshop Catalog\"]]"}
RESULT: {"using":"xpath","value":"//ul[contains(@id,\"popup-list-listUl\")]//li[.//span[text()= \"Webshop Catalog\"]]"}
COMMAND: POST /session/e9da8fc7d2e5c6d9fcb370d825f3b6fb/elements - {"using":"xpath","value":"//ul[contains(@id,\"popup-list-listUl\")]//li[.//span[text()= \"Webshop Catalog\"]]"}
RESULT: {"using":"xpath","value":"//ul[contains(@id,\"popup-list-listUl\")]//li[.//span[text()= \"Webshop Catalog\"]]"}
COMMAND: POST /session/e9da8fc7d2e5c6d9fcb370d825f3b6fb/elements - {"using":"xpath","value":"//ul[contains(@id,\"popup-list-listUl\")]//li[.//span[text()= \"Webshop Catalog\"]]"}
RESULT: {"using":"xpath","value":"//ul[contains(@id,\"popup-list-listUl\")]//li[.//span[text()= \"Webshop Catalog\"]]"}
COMMAND: POST /session/e9da8fc7d2e5c6d9fcb370d825f3b6fb/elements - {"using":"xpath","value":"//ul[contains(@id,\"popup-list-listUl\")]//li[.//span[text()= \"Webshop Catalog\"]]"}
RESULT: {"using":"xpath","value":"//ul[contains(@id,\"popup-list-listUl\")]//li[.//span[text()= \"Webshop Catalog\"]]"}
COMMAND: POST /session/e9da8fc7d2e5c6d9fcb370d825f3b6fb/elements - {"using":"xpath","value":"//ul[contains(@id,\"popup-list-listUl\")]//li[.//span[text()= \"Webshop Catalog\"]]"}
RESULT: {"using":"xpath","value":"//ul[contains(@id,\"popup-list-listUl\")]//li[.//span[text()= \"Webshop Catalog\"]]"}
COMMAND: POST /session/e9da8fc7d2e5c6d9fcb370d825f3b6fb/elements - {"using":"xpath","value":"//ul[contains(@id,\"popup-list-listUl\")]//li[.//span[text()= \"Webshop Catalog\"]]"}
RESULT: {"using":"xpath","value":"//ul[contains(@id,\"popup-list-listUl\")]//li[.//span[text()= \"Webshop Catalog\"]]"}
COMMAND: POST /session/e9da8fc7d2e5c6d9fcb370d825f3b6fb/elements - {"using":"xpath","value":"//ul[contains(@id,\"popup-list-listUl\")]//li[.//span[text()= \"Webshop Catalog\"]]"}
RESULT: {"using":"xpath","value":"//ul[contains(@id,\"popup-list-listUl\")]//li[.//span[text()= \"Webshop Catalog\"]]"}
COMMAND: POST /session/e9da8fc7d2e5c6d9fcb370d825f3b6fb/elements - {"using":"xpath","value":"//ul[contains(@id,\"popup-list-listUl\")]//li[.//span[text()= \"Webshop Catalog\"]]"}
RESULT: {"using":"xpath","value":"//ul[contains(@id,\"popup-list-listUl\")]//li[.//span[text()= \"Webshop Catalog\"]]"}
COMMAND: POST /session/e9da8fc7d2e5c6d9fcb370d825f3b6fb/elements - {"using":"xpath","value":"//ul[contains(@id,\"popup-list-listUl\")]//li[.//span[text()= \"Webshop Catalog\"]]"}
RESULT: {"using":"xpath","value":"//ul[contains(@id,\"popup-list-listUl\")]//li[.//span[text()= \"Webshop Catalog\"]]"}
COMMAND: POST /session/e9da8fc7d2e5c6d9fcb370d825f3b6fb/elements - {"using":"xpath","value":"//ul[contains(@id,\"popup-list-listUl\")]//li[.//span[text()= \"Webshop Catalog\"]]"}
RESULT: {"using":"xpath","value":"//ul[contains(@id,\"popup-list-listUl\")]//li[.//span[text()= \"Webshop Catalog\"]]"}
COMMAND: POST /session/e9da8fc7d2e5c6d9fcb370d825f3b6fb/elements - {"using":"xpath","value":"//ul[contains(@id,\"popup-list-listUl\")]//li[.//span[text()= \"Webshop Catalog\"]]"}
RESULT: {"using":"xpath","value":"//ul[contains(@id,\"popup-list-listUl\")]//li[.//span[text()= \"Webshop Catalog\"]]"}
COMMAND: POST /session/e9da8fc7d2e5c6d9fcb370d825f3b6fb/elements - {"using":"xpath","value":"//ul[contains(@id,\"popup-list-listUl\")]//li[.//span[text()= \"Webshop Catalog\"]]"}
RESULT: {"using":"xpath","value":"//ul[contains(@id,\"popup-list-listUl\")]//li[.//span[text()= \"Webshop Catalog\"]]"}
COMMAND: POST /session/e9da8fc7d2e5c6d9fcb370d825f3b6fb/elements - {"using":"xpath","value":"//ul[contains(@id,\"popup-list-listUl\")]//li[.//span[text()= \"Webshop Catalog\"]]"}
RESULT: {"using":"xpath","value":"//ul[contains(@id,\"popup-list-listUl\")]//li[.//span[text()= \"Webshop Catalog\"]]"}
COMMAND: POST /session/e9da8fc7d2e5c6d9fcb370d825f3b6fb/elements - {"using":"xpath","value":"//ul[contains(@id,\"popup-list-listUl\")]//li[.//span[text()= \"Webshop Catalog\"]]"}
RESULT: {"using":"xpath","value":"//ul[contains(@id,\"popup-list-listUl\")]//li[.//span[text()= \"Webshop Catalog\"]]"}
COMMAND: POST /session/e9da8fc7d2e5c6d9fcb370d825f3b6fb/elements - {"using":"xpath","value":"//ul[contains(@id,\"popup-list-listUl\")]//li[.//span[text()= \"Webshop Catalog\"]]"}
RESULT: {"using":"xpath","value":"//ul[contains(@id,\"popup-list-listUl\")]//li[.//span[text()= \"Webshop Catalog\"]]"}
COMMAND: POST /session/e9da8fc7d2e5c6d9fcb370d825f3b6fb/elements - {"using":"xpath","value":"//ul[contains(@id,\"popup-list-listUl\")]//li[.//span[text()= \"Webshop Catalog\"]]"}
RESULT: {"using":"xpath","value":"//ul[contains(@id,\"popup-list-listUl\")]//li[.//span[text()= \"Webshop Catalog\"]]"}
COMMAND: POST /session/e9da8fc7d2e5c6d9fcb370d825f3b6fb/elements - {"using":"xpath","value":"//ul[contains(@id,\"popup-list-listUl\")]//li[.//span[text()= \"Webshop Catalog\"]]"}
RESULT: {"using":"xpath","value":"//ul[contains(@id,\"popup-list-listUl\")]//li[.//span[text()= \"Webshop Catalog\"]]"}
COMMAND: POST /session/e9da8fc7d2e5c6d9fcb370d825f3b6fb/elements - {"using":"xpath","value":"//ul[contains(@id,\"popup-list-listUl\")]//li[.//span[text()= \"Webshop Catalog\"]]"}
RESULT: {"using":"xpath","value":"//ul[contains(@id,\"popup-list-listUl\")]//li[.//span[text()= \"Webshop Catalog\"]]"}
COMMAND: POST /session/e9da8fc7d2e5c6d9fcb370d825f3b6fb/elements - {"using":"xpath","value":"//ul[contains(@id,\"popup-list-listUl\")]//li[.//span[text()= \"Webshop Catalog\"]]"}
RESULT: {"using":"xpath","value":"//ul[contains(@id,\"popup-list-listUl\")]//li[.//span[text()= \"Webshop Catalog\"]]"}
COMMAND: POST /session/e9da8fc7d2e5c6d9fcb370d825f3b6fb/elements - {"using":"xpath","value":"//ul[contains(@id,\"popup-list-listUl\")]//li[.//span[text()= \"Webshop Catalog\"]]"}
RESULT: {"using":"xpath","value":"//ul[contains(@id,\"popup-list-listUl\")]//li[.//span[text()= \"Webshop Catalog\"]]"}
COMMAND: POST /session/e9da8fc7d2e5c6d9fcb370d825f3b6fb/elements - {"using":"xpath","value":"//ul[contains(@id,\"popup-list-listUl\")]//li[.//span[text()= \"Webshop Catalog\"]]"}
RESULT: {"using":"xpath","value":"//ul[contains(@id,\"popup-list-listUl\")]//li[.//span[text()= \"Webshop Catalog\"]]"}
COMMAND: POST /session/e9da8fc7d2e5c6d9fcb370d825f3b6fb/elements - {"using":"xpath","value":"//ul[contains(@id,\"popup-list-listUl\")]//li[.//span[text()= \"Webshop Catalog\"]]"}
RESULT: {"using":"xpath","value":"//ul[contains(@id,\"popup-list-listUl\")]//li[.//span[text()= \"Webshop Catalog\"]]"}
COMMAND: POST /session/e9da8fc7d2e5c6d9fcb370d825f3b6fb/elements - {"using":"xpath","value":"//ul[contains(@id,\"popup-list-listUl\")]//li[.//span[text()= \"Webshop Catalog\"]]"}
RESULT: {"using":"xpath","value":"//ul[contains(@id,\"popup-list-listUl\")]//li[.//span[text()= \"Webshop Catalog\"]]"}
COMMAND: POST /session/e9da8fc7d2e5c6d9fcb370d825f3b6fb/elements - {"using":"xpath","value":"//ul[contains(@id,\"popup-list-listUl\")]//li[.//span[text()= \"Webshop Catalog\"]]"}
RESULT: {"using":"xpath","value":"//ul[contains(@id,\"popup-list-listUl\")]//li[.//span[text()= \"Webshop Catalog\"]]"}
COMMAND: POST /session/e9da8fc7d2e5c6d9fcb370d825f3b6fb/elements - {"using":"xpath","value":"//ul[contains(@id,\"popup-list-listUl\")]//li[.//span[text()= \"Webshop Catalog\"]]"}
RESULT: {"using":"xpath","value":"//ul[contains(@id,\"popup-list-listUl\")]//li[.//span[text()= \"Webshop Catalog\"]]"}
COMMAND: POST /session/e9da8fc7d2e5c6d9fcb370d825f3b6fb/elements - {"using":"xpath","value":"//ul[contains(@id,\"popup-list-listUl\")]//li[.//span[text()= \"Webshop Catalog\"]]"}
RESULT: {"using":"xpath","value":"//ul[contains(@id,\"popup-list-listUl\")]//li[.//span[text()= \"Webshop Catalog\"]]"}
COMMAND: POST /session/e9da8fc7d2e5c6d9fcb370d825f3b6fb/elements - {"using":"xpath","value":"//ul[contains(@id,\"popup-list-listUl\")]//li[.//span[text()= \"Webshop Catalog\"]]"}
RESULT: {"using":"xpath","value":"//ul[contains(@id,\"popup-list-listUl\")]//li[.//span[text()= \"Webshop Catalog\"]]"}
COMMAND: POST /session/e9da8fc7d2e5c6d9fcb370d825f3b6fb/elements - {"using":"xpath","value":"//ul[contains(@id,\"popup-list-listUl\")]//li[.//span[text()= \"Webshop Catalog\"]]"}
RESULT: {"using":"xpath","value":"//ul[contains(@id,\"popup-list-listUl\")]//li[.//span[text()= \"Webshop Catalog\"]]"}
COMMAND: POST /session/e9da8fc7d2e5c6d9fcb370d825f3b6fb/elements - {"using":"xpath","value":"//ul[contains(@id,\"popup-list-listUl\")]//li[.//span[text()= \"Webshop Catalog\"]]"}
RESULT: {"using":"xpath","value":"//ul[contains(@id,\"popup-list-listUl\")]//li[.//span[text()= \"Webshop Catalog\"]]"}
COMMAND: POST /session/e9da8fc7d2e5c6d9fcb370d825f3b6fb/elements - {"using":"xpath","value":"//ul[contains(@id,\"popup-list-listUl\")]//li[.//span[text()= \"Webshop Catalog\"]]"}
RESULT: {"using":"xpath","value":"//ul[contains(@id,\"popup-list-listUl\")]//li[.//span[text()= \"Webshop Catalog\"]]"}
COMMAND: POST /session/e9da8fc7d2e5c6d9fcb370d825f3b6fb/elements - {"using":"xpath","value":"//ul[contains(@id,\"popup-list-listUl\")]//li[.//span[text()= \"Webshop Catalog\"]]"}
RESULT: {"using":"xpath","value":"//ul[contains(@id,\"popup-list-listUl\")]//li[.//span[text()= \"Webshop Catalog\"]]"}
COMMAND: POST /session/e9da8fc7d2e5c6d9fcb370d825f3b6fb/elements - {"using":"xpath","value":"//ul[contains(@id,\"popup-list-listUl\")]//li[.//span[text()= \"Webshop Catalog\"]]"}
RESULT: {"using":"xpath","value":"//ul[contains(@id,\"popup-list-listUl\")]//li[.//span[text()= \"Webshop Catalog\"]]"}
COMMAND: POST /session/e9da8fc7d2e5c6d9fcb370d825f3b6fb/elements - {"using":"xpath","value":"//ul[contains(@id,\"popup-list-listUl\")]//li[.//span[text()= \"Webshop Catalog\"]]"}
RESULT: {"using":"xpath","value":"//ul[contains(@id,\"popup-list-listUl\")]//li[.//span[text()= \"Webshop Catalog\"]]"}
COMMAND: POST /session/e9da8fc7d2e5c6d9fcb370d825f3b6fb/elements - {"using":"xpath","value":"//ul[contains(@id,\"popup-list-listUl\")]//li[.//span[text()= \"Webshop Catalog\"]]"}
RESULT: {"using":"xpath","value":"//ul[contains(@id,\"popup-list-listUl\")]//li[.//span[text()= \"Webshop Catalog\"]]"}
COMMAND: POST /session/e9da8fc7d2e5c6d9fcb370d825f3b6fb/elements - {"using":"xpath","value":"//ul[contains(@id,\"popup-list-listUl\")]//li[.//span[text()= \"Webshop Catalog\"]]"}
RESULT: {"using":"xpath","value":"//ul[contains(@id,\"popup-list-listUl\")]//li[.//span[text()= \"Webshop Catalog\"]]"}
COMMAND: POST /session/e9da8fc7d2e5c6d9fcb370d825f3b6fb/elements - {"using":"xpath","value":"//ul[contains(@id,\"popup-list-listUl\")]//li[.//span[text()= \"Webshop Catalog\"]]"}
RESULT: {"using":"xpath","value":"//ul[contains(@id,\"popup-list-listUl\")]//li[.//span[text()= \"Webshop Catalog\"]]"}
COMMAND: POST /session/e9da8fc7d2e5c6d9fcb370d825f3b6fb/elements - {"using":"xpath","value":"//ul[contains(@id,\"popup-list-listUl\")]//li[.//span[text()= \"Webshop Catalog\"]]"}
RESULT: {"using":"xpath","value":"//ul[contains(@id,\"popup-list-listUl\")]//li[.//span[text()= \"Webshop Catalog\"]]"}
COMMAND: POST /session/e9da8fc7d2e5c6d9fcb370d825f3b6fb/elements - {"using":"xpath","value":"//ul[contains(@id,\"popup-list-listUl\")]//li[.//span[text()= \"Webshop Catalog\"]]"}
RESULT: {"using":"xpath","value":"//ul[contains(@id,\"popup-list-listUl\")]//li[.//span[text()= \"Webshop Catalog\"]]"}
COMMAND: POST /session/e9da8fc7d2e5c6d9fcb370d825f3b6fb/elements - {"using":"xpath","value":"//ul[contains(@id,\"popup-list-listUl\")]//li[.//span[text()= \"Webshop Catalog\"]]"}
RESULT: {"using":"xpath","value":"//ul[contains(@id,\"popup-list-listUl\")]//li[.//span[text()= \"Webshop Catalog\"]]"}
COMMAND: POST /session/e9da8fc7d2e5c6d9fcb370d825f3b6fb/elements - {"using":"xpath","value":"//ul[contains(@id,\"popup-list-listUl\")]//li[.//span[text()= \"Webshop Catalog\"]]"}
RESULT: {"using":"xpath","value":"//ul[contains(@id,\"popup-list-listUl\")]//li[.//span[text()= \"Webshop Catalog\"]]"}
COMMAND: POST /session/e9da8fc7d2e5c6d9fcb370d825f3b6fb/elements - {"using":"xpath","value":"//ul[contains(@id,\"popup-list-listUl\")]//li[.//span[text()= \"Webshop Catalog\"]]"}
RESULT: {"using":"xpath","value":"//ul[contains(@id,\"popup-list-listUl\")]//li[.//span[text()= \"Webshop Catalog\"]]"}
COMMAND: POST /session/e9da8fc7d2e5c6d9fcb370d825f3b6fb/elements - {"using":"xpath","value":"//ul[contains(@id,\"popup-list-listUl\")]//li[.//span[text()= \"Webshop Catalog\"]]"}
RESULT: {"using":"xpath","value":"//ul[contains(@id,\"popup-list-listUl\")]//li[.//span[text()= \"Webshop Catalog\"]]"}
COMMAND: POST /session/e9da8fc7d2e5c6d9fcb370d825f3b6fb/elements - {"using":"xpath","value":"//ul[contains(@id,\"popup-list-listUl\")]//li[.//span[text()= \"Webshop Catalog\"]]"}
RESULT: {"using":"xpath","value":"//ul[contains(@id,\"popup-list-listUl\")]//li[.//span[text()= \"Webshop Catalog\"]]"}
COMMAND: POST /session/e9da8fc7d2e5c6d9fcb370d825f3b6fb/elements - {"using":"xpath","value":"//ul[contains(@id,\"popup-list-listUl\")]//li[.//span[text()= \"Webshop Catalog\"]]"}
RESULT: {"using":"xpath","value":"//ul[contains(@id,\"popup-list-listUl\")]//li[.//span[text()= \"Webshop Catalog\"]]"}
COMMAND: POST /session/e9da8fc7d2e5c6d9fcb370d825f3b6fb/elements - {"using":"xpath","value":"//ul[contains(@id,\"popup-list-listUl\")]//li[.//span[text()= \"Webshop Catalog\"]]"}
RESULT: {"using":"xpath","value":"//ul[contains(@id,\"popup-list-listUl\")]//li[.//span[text()= \"Webshop Catalog\"]]"}
COMMAND: POST /session/e9da8fc7d2e5c6d9fcb370d825f3b6fb/elements - {"using":"xpath","value":"//ul[contains(@id,\"popup-list-listUl\")]//li[.//span[text()= \"Webshop Catalog\"]]"}
RESULT: {"using":"xpath","value":"//ul[contains(@id,\"popup-list-listUl\")]//li[.//span[text()= \"Webshop Catalog\"]]"}
COMMAND: POST /session/e9da8fc7d2e5c6d9fcb370d825f3b6fb/elements - {"using":"xpath","value":"//ul[contains(@id,\"popup-list-listUl\")]//li[.//span[text()= \"Webshop Catalog\"]]"}
RESULT: {"using":"xpath","value":"//ul[contains(@id,\"popup-list-listUl\")]//li[.//span[text()= \"Webshop Catalog\"]]"}
COMMAND: POST /session/e9da8fc7d2e5c6d9fcb370d825f3b6fb/elements - {"using":"xpath","value":"//ul[contains(@id,\"popup-list-listUl\")]//li[.//span[text()= \"Webshop Catalog\"]]"}
RESULT: {"using":"xpath","value":"//ul[contains(@id,\"popup-list-listUl\")]//li[.//span[text()= \"Webshop Catalog\"]]"}
COMMAND: POST /session/e9da8fc7d2e5c6d9fcb370d825f3b6fb/elements - {"using":"xpath","value":"//ul[contains(@id,\"popup-list-listUl\")]//li[.//span[text()= \"Webshop Catalog\"]]"}
RESULT: {"using":"xpath","value":"//ul[contains(@id,\"popup-list-listUl\")]//li[.//span[text()= \"Webshop Catalog\"]]"}
COMMAND: POST /session/e9da8fc7d2e5c6d9fcb370d825f3b6fb/elements - {"using":"xpath","value":"//ul[contains(@id,\"popup-list-listUl\")]//li[.//span[text()= \"Webshop Catalog\"]]"}
RESULT: {"using":"xpath","value":"//ul[contains(@id,\"popup-list-listUl\")]//li[.//span[text()= \"Webshop Catalog\"]]"}
COMMAND: POST /session/e9da8fc7d2e5c6d9fcb370d825f3b6fb/elements - {"using":"xpath","value":"//ul[contains(@id,\"popup-list-listUl\")]//li[.//span[text()= \"Webshop Catalog\"]]"}
RESULT: {"using":"xpath","value":"//ul[contains(@id,\"popup-list-listUl\")]//li[.//span[text()= \"Webshop Catalog\"]]"}
COMMAND: POST /session/e9da8fc7d2e5c6d9fcb370d825f3b6fb/elements - {"using":"xpath","value":"//ul[contains(@id,\"popup-list-listUl\")]//li[.//span[text()= \"Webshop Catalog\"]]"}
RESULT: {"using":"xpath","value":"//ul[contains(@id,\"popup-list-listUl\")]//li[.//span[text()= \"Webshop Catalog\"]]"}
COMMAND: POST /session/e9da8fc7d2e5c6d9fcb370d825f3b6fb/elements - {"using":"xpath","value":"//ul[contains(@id,\"popup-list-listUl\")]//li[.//span[text()= \"Webshop Catalog\"]]"}
RESULT: {"using":"xpath","value":"//ul[contains(@id,\"popup-list-listUl\")]//li[.//span[text()= \"Webshop Catalog\"]]"}
COMMAND: POST /session/e9da8fc7d2e5c6d9fcb370d825f3b6fb/elements - {"using":"xpath","value":"//ul[contains(@id,\"popup-list-listUl\")]//li[.//span[text()= \"Webshop Catalog\"]]"}
RESULT: {"using":"xpath","value":"//ul[contains(@id,\"popup-list-listUl\")]//li[.//span[text()= \"Webshop Catalog\"]]"}
COMMAND: POST /session/e9da8fc7d2e5c6d9fcb370d825f3b6fb/elements - {"using":"xpath","value":"//ul[contains(@id,\"popup-list-listUl\")]//li[.//span[text()= \"Webshop Catalog\"]]"}
RESULT: {"using":"xpath","value":"//ul[contains(@id,\"popup-list-listUl\")]//li[.//span[text()= \"Webshop Catalog\"]]"}
COMMAND: POST /session/e9da8fc7d2e5c6d9fcb370d825f3b6fb/elements - {"using":"xpath","value":"//ul[contains(@id,\"popup-list-listUl\")]//li[.//span[text()= \"Webshop Catalog\"]]"}
RESULT: {"using":"xpath","value":"//ul[contains(@id,\"popup-list-listUl\")]//li[.//span[text()= \"Webshop Catalog\"]]"}
COMMAND: POST /session/e9da8fc7d2e5c6d9fcb370d825f3b6fb/elements - {"using":"xpath","value":"//ul[contains(@id,\"popup-list-listUl\")]//li[.//span[text()= \"Webshop Catalog\"]]"}
RESULT: {"using":"xpath","value":"//ul[contains(@id,\"popup-list-listUl\")]//li[.//span[text()= \"Webshop Catalog\"]]"}
COMMAND: POST /session/e9da8fc7d2e5c6d9fcb370d825f3b6fb/elements - {"using":"xpath","value":"//ul[contains(@id,\"popup-list-listUl\")]//li[.//span[text()= \"Webshop Catalog\"]]"}
RESULT: {"using":"xpath","value":"//ul[contains(@id,\"popup-list-listUl\")]//li[.//span[text()= \"Webshop Catalog\"]]"}
COMMAND: POST /session/e9da8fc7d2e5c6d9fcb370d825f3b6fb/elements - {"using":"xpath","value":"//ul[contains(@id,\"popup-list-listUl\")]//li[.//span[text()= \"Webshop Catalog\"]]"}
RESULT: {"using":"xpath","value":"//ul[contains(@id,\"popup-list-listUl\")]//li[.//span[text()= \"Webshop Catalog\"]]"}
COMMAND: POST /session/e9da8fc7d2e5c6d9fcb370d825f3b6fb/elements - {"using":"xpath","value":"//ul[contains(@id,\"popup-list-listUl\")]//li[.//span[text()= \"Webshop Catalog\"]]"}
RESULT: {"using":"xpath","value":"//ul[contains(@id,\"popup-list-listUl\")]//li[.//span[text()= \"Webshop Catalog\"]]"}
COMMAND: POST /session/e9da8fc7d2e5c6d9fcb370d825f3b6fb/elements - {"using":"xpath","value":"//ul[contains(@id,\"popup-list-listUl\")]//li[.//span[text()= \"Webshop Catalog\"]]"}
RESULT: {"using":"xpath","value":"//ul[contains(@id,\"popup-list-listUl\")]//li[.//span[text()= \"Webshop Catalog\"]]"}
COMMAND: POST /session/e9da8fc7d2e5c6d9fcb370d825f3b6fb/elements - {"using":"xpath","value":"//ul[contains(@id,\"popup-list-listUl\")]//li[.//span[text()= \"Webshop Catalog\"]]"}
RESULT: {"using":"xpath","value":"//ul[contains(@id,\"popup-list-listUl\")]//li[.//span[text()= \"Webshop Catalog\"]]"}
COMMAND: POST /session/e9da8fc7d2e5c6d9fcb370d825f3b6fb/elements - {"using":"xpath","value":"//ul[contains(@id,\"popup-list-listUl\")]//li[.//span[text()= \"Webshop Catalog\"]]"}
RESULT: {"using":"xpath","value":"//ul[contains(@id,\"popup-list-listUl\")]//li[.//span[text()= \"Webshop Catalog\"]]"}
COMMAND: POST /session/e9da8fc7d2e5c6d9fcb370d825f3b6fb/elements - {"using":"xpath","value":"//ul[contains(@id,\"popup-list-listUl\")]//li[.//span[text()= \"Webshop Catalog\"]]"}
RESULT: {"using":"xpath","value":"//ul[contains(@id,\"popup-list-listUl\")]//li[.//span[text()= \"Webshop Catalog\"]]"}
COMMAND: POST /session/e9da8fc7d2e5c6d9fcb370d825f3b6fb/elements - {"using":"xpath","value":"//ul[contains(@id,\"popup-list-listUl\")]//li[.//span[text()= \"Webshop Catalog\"]]"}
RESULT: {"using":"xpath","value":"//ul[contains(@id,\"popup-list-listUl\")]//li[.//span[text()= \"Webshop Catalog\"]]"}
COMMAND: POST /session/e9da8fc7d2e5c6d9fcb370d825f3b6fb/elements - {"using":"xpath","value":"//ul[contains(@id,\"popup-list-listUl\")]//li[.//span[text()= \"Webshop Catalog\"]]"}
RESULT: {"using":"xpath","value":"//ul[contains(@id,\"popup-list-listUl\")]//li[.//span[text()= \"Webshop Catalog\"]]"}
COMMAND: POST /session/e9da8fc7d2e5c6d9fcb370d825f3b6fb/elements - {"using":"xpath","value":"//ul[contains(@id,\"popup-list-listUl\")]//li[.//span[text()= \"Webshop Catalog\"]]"}
RESULT: {"using":"xpath","value":"//ul[contains(@id,\"popup-list-listUl\")]//li[.//span[text()= \"Webshop Catalog\"]]"}
COMMAND: POST /session/e9da8fc7d2e5c6d9fcb370d825f3b6fb/elements - {"using":"xpath","value":"//ul[contains(@id,\"popup-list-listUl\")]//li[.//span[text()= \"Webshop Catalog\"]]"}
RESULT: {"using":"xpath","value":"//ul[contains(@id,\"popup-list-listUl\")]//li[.//span[text()= \"Webshop Catalog\"]]"}
COMMAND: POST /session/e9da8fc7d2e5c6d9fcb370d825f3b6fb/elements - {"using":"xpath","value":"//ul[contains(@id,\"popup-list-listUl\")]//li[.//span[text()= \"Webshop Catalog\"]]"}
RESULT: {"using":"xpath","value":"//ul[contains(@id,\"popup-list-listUl\")]//li[.//span[text()= \"Webshop Catalog\"]]"}
COMMAND: POST /session/e9da8fc7d2e5c6d9fcb370d825f3b6fb/elements - {"using":"xpath","value":"//ul[contains(@id,\"popup-list-listUl\")]//li[.//span[text()= \"Webshop Catalog\"]]"}
RESULT: {"using":"xpath","value":"//ul[contains(@id,\"popup-list-listUl\")]//li[.//span[text()= \"Webshop Catalog\"]]"}
COMMAND: POST /session/e9da8fc7d2e5c6d9fcb370d825f3b6fb/elements - {"using":"xpath","value":"//ul[contains(@id,\"popup-list-listUl\")]//li[.//span[text()= \"Webshop Catalog\"]]"}
RESULT: {"using":"xpath","value":"//ul[contains(@id,\"popup-list-listUl\")]//li[.//span[text()= \"Webshop Catalog\"]]"}
COMMAND: POST /session/e9da8fc7d2e5c6d9fcb370d825f3b6fb/elements - {"using":"xpath","value":"//ul[contains(@id,\"popup-list-listUl\")]//li[.//span[text()= \"Webshop Catalog\"]]"}
RESULT: {"using":"xpath","value":"//ul[contains(@id,\"popup-list-listUl\")]//li[.//span[text()= \"Webshop Catalog\"]]"}
COMMAND: POST /session/e9da8fc7d2e5c6d9fcb370d825f3b6fb/elements - {"using":"xpath","value":"//ul[contains(@id,\"popup-list-listUl\")]//li[.//span[text()= \"Webshop Catalog\"]]"}
RESULT: {"using":"xpath","value":"//ul[contains(@id,\"popup-list-listUl\")]//li[.//span[text()= \"Webshop Catalog\"]]"}
COMMAND: POST /session/e9da8fc7d2e5c6d9fcb370d825f3b6fb/elements - {"using":"xpath","value":"//ul[contains(@id,\"popup-list-listUl\")]//li[.//span[text()= \"Webshop Catalog\"]]"}
RESULT: {"using":"xpath","value":"//ul[contains(@id,\"popup-list-listUl\")]//li[.//span[text()= \"Webshop Catalog\"]]"}
COMMAND: POST /session/e9da8fc7d2e5c6d9fcb370d825f3b6fb/elements - {"using":"xpath","value":"//ul[contains(@id,\"popup-list-listUl\")]//li[.//span[text()= \"Webshop Catalog\"]]"}
RESULT: {"using":"xpath","value":"//ul[contains(@id,\"popup-list-listUl\")]//li[.//span[text()= \"Webshop Catalog\"]]"}
COMMAND: POST /session/e9da8fc7d2e5c6d9fcb370d825f3b6fb/elements - {"using":"xpath","value":"//ul[contains(@id,\"popup-list-listUl\")]//li[.//span[text()= \"Webshop Catalog\"]]"}
RESULT: {"using":"xpath","value":"//ul[contains(@id,\"popup-list-listUl\")]//li[.//span[text()= \"Webshop Catalog\"]]"}
COMMAND: POST /session/e9da8fc7d2e5c6d9fcb370d825f3b6fb/elements - {"using":"xpath","value":"//ul[contains(@id,\"popup-list-listUl\")]//li[.//span[text()= \"Webshop Catalog\"]]"}
RESULT: {"using":"xpath","value":"//ul[contains(@id,\"popup-list-listUl\")]//li[.//span[text()= \"Webshop Catalog\"]]"}
COMMAND: POST /session/e9da8fc7d2e5c6d9fcb370d825f3b6fb/elements - {"using":"xpath","value":"//ul[contains(@id,\"popup-list-listUl\")]//li[.//span[text()= \"Webshop Catalog\"]]"}
RESULT: {"using":"xpath","value":"//ul[contains(@id,\"popup-list-listUl\")]//li[.//span[text()= \"Webshop Catalog\"]]"}
COMMAND: GET /session/e9da8fc7d2e5c6d9fcb370d825f3b6fb/screenshot - {}
RESULT: {}
COMMAND: GET /session/e9da8fc7d2e5c6d9fcb370d825f3b6fb/screenshot - {}
COMMAND: GET /session/e9da8fc7d2e5c6d9fcb370d825f3b6fb/screenshot - {}
RESULT: {}
RESULT: {}
COMMAND: DELETE /session/e9da8fc7d2e5c6d9fcb370d825f3b6fb - {}
RESULT: {}
]]></system-out>
      <system-err><![CDATA[
Error: Can't call click on element with selector "//ul[contains(@id,"popup-list-listUl")]//li[.//span[text()= "Webshop Catalog"]]" because element wasn't found
    at async UtilsPrerequisites.partnerCreation (D:\a\1\s\test\specs\BTS\prerequisites-and-utils-functions.js:518:13)
    at async Context.<anonymous> (D:\a\1\s\test\specs\BTS\create-partner.spec.js:43:47)
]]></system-err>
    </testcase>
  </testsuite>
</testsuites>