<?xml version="1.0" encoding="UTF-8"?>
<testsuites tests="49" failures="0" errors="0" skipped="0">
  <testsuite timestamp="2025-04-23T15:07:49" time="1640.241" tests="49" failures="0" errors="0" skipped="0">
    <properties>
      <property name="specId" value="0"/>
      <property name="suiteName" value="Sanity Tests US104253"/>
      <property name="capabilities" value="chrome.135_0_7049_42.windows"/>
      <property name="file" value="file:///D:/a/1/s/test/specs/General/sanity.spec.js"/>
    </properties>
    <testcase classname="chrome.135_0_7049_42.windows.Sanity_Tests_US104253" name="Should open Manage Partners page" time="29.784">
      <system-out><![CDATA[
COMMAND: POST /session/46f876eb5e248516228a453ac1f13759/execute/async - {"script":"<script> [1562 bytes]","args":[{"selector":{"controlType":"sap.m.GenericTile","properties":{"header":"Manage Partners"}},"wdio_ui5_key":"sapm.GenericTile{\"header\":\"Manage Partners\"}"}]}
RESULT: {"script":"<script> [1562 bytes]","args":[{"selector":{"controlType":"sap.m.GenericTile","properties":{"header":"Manage Partners"}},"wdio_ui5_key":"sapm.GenericTile{\"header\":\"Manage Partners\"}"}]}
RESULT: undefined
COMMAND: POST /session/46f876eb5e248516228a453ac1f13759/element - {"using":"xpath","value":"//*[@id=\"__tile38\"]"}
RESULT: {"using":"xpath","value":"//*[@id=\"__tile38\"]"}
COMMAND: POST /session/46f876eb5e248516228a453ac1f13759/element/f.6E9F8F4BF32ABDA1B7AB88C579A79FC6.d.FE17784B0556A29ADD787F1BEE81014F.e.108/click - {}
RESULT: {}
COMMAND: GET /session/46f876eb5e248516228a453ac1f13759/screenshot - {}
RESULT: {}
RESULT: undefined
COMMAND: POST /session/46f876eb5e248516228a453ac1f13759/element - {"using":"xpath","value":"//*[@id=\"__tile38\"]"}
RESULT: {"using":"xpath","value":"//*[@id=\"__tile38\"]"}
COMMAND: POST /session/46f876eb5e248516228a453ac1f13759/element/f.6E9F8F4BF32ABDA1B7AB88C579A79FC6.d.FE17784B0556A29ADD787F1BEE81014F.e.108/click - {}
RESULT: undefined
COMMAND: POST /session/46f876eb5e248516228a453ac1f13759/element - {"using":"xpath","value":"//*[@id=\"__tile38\"]"}
RESULT: {"using":"xpath","value":"//*[@id=\"__tile38\"]"}
COMMAND: POST /session/46f876eb5e248516228a453ac1f13759/element/f.6E9F8F4BF32ABDA1B7AB88C579A79FC6.d.FE17784B0556A29ADD787F1BEE81014F.e.108/click - {}
COMMAND: POST /session/46f876eb5e248516228a453ac1f13759/execute/async - {"script":"<script> [1562 bytes]","args":[{"selector":{"id":"shellAppTitle"},"wdio_ui5_key":"shellAppTitle"}]}
RESULT: {"script":"<script> [1562 bytes]","args":[{"selector":{"id":"shellAppTitle"},"wdio_ui5_key":"shellAppTitle"}]}
RESULT: undefined
COMMAND: POST /session/46f876eb5e248516228a453ac1f13759/execute/async - {"script":"<script> [6424 bytes]","args":[{"element-6066-11e4-a52e-4f735466cecf":"f.6E9F8F4BF32ABDA1B7AB88C579A79FC6.d.FE17784B0556A29ADD787F1BEE81014F.e.281"},"getTitle",[]]}
RESULT: {"script":"<script> [6424 bytes]","args":[{"element-6066-11e4-a52e-4f735466cecf":"f.6E9F8F4BF32ABDA1B7AB88C579A79FC6.d.FE17784B0556A29ADD787F1BEE81014F.e.281"},"getTitle",[]]}
COMMAND: POST /session/46f876eb5e248516228a453ac1f13759/execute/async - {"script":"<script> [1562 bytes]","args":[{"selector":{"id":"backBtn"},"wdio_ui5_key":"backBtn"}]}
RESULT: {"script":"<script> [1562 bytes]","args":[{"selector":{"id":"backBtn"},"wdio_ui5_key":"backBtn"}]}
RESULT: undefined
COMMAND: POST /session/46f876eb5e248516228a453ac1f13759/element - {"using":"xpath","value":"//*[@id=\"backBtn\"]"}
RESULT: {"using":"xpath","value":"//*[@id=\"backBtn\"]"}
COMMAND: POST /session/46f876eb5e248516228a453ac1f13759/element/f.6E9F8F4BF32ABDA1B7AB88C579A79FC6.d.FE17784B0556A29ADD787F1BEE81014F.e.282/click - {}
RESULT: {}
COMMAND: GET /session/46f876eb5e248516228a453ac1f13759/screenshot - {}
RESULT: {}
]]></system-out>
    </testcase>
    <testcase classname="chrome.135_0_7049_42.windows.Sanity_Tests_US104253" name="Should open Manage Sites page" time="29.899">
      <system-out><![CDATA[
COMMAND: POST /session/46f876eb5e248516228a453ac1f13759/execute/async - {"script":"<script> [1562 bytes]","args":[{"selector":{"controlType":"sap.m.GenericTile","properties":{"header":"Manage Sites"}},"wdio_ui5_key":"sapm.GenericTile{\"header\":\"Manage Sites\"}"}]}
RESULT: {"script":"<script> [1562 bytes]","args":[{"selector":{"controlType":"sap.m.GenericTile","properties":{"header":"Manage Sites"}},"wdio_ui5_key":"sapm.GenericTile{\"header\":\"Manage Sites\"}"}]}
RESULT: undefined
COMMAND: POST /session/46f876eb5e248516228a453ac1f13759/element - {"using":"xpath","value":"//*[@id=\"__tile40\"]"}
RESULT: {"using":"xpath","value":"//*[@id=\"__tile40\"]"}
COMMAND: POST /session/46f876eb5e248516228a453ac1f13759/element/f.6E9F8F4BF32ABDA1B7AB88C579A79FC6.d.FE17784B0556A29ADD787F1BEE81014F.e.284/click - {}
RESULT: {}
COMMAND: GET /session/46f876eb5e248516228a453ac1f13759/screenshot - {}
RESULT: {}
RESULT: undefined
COMMAND: POST /session/46f876eb5e248516228a453ac1f13759/element - {"using":"xpath","value":"//*[@id=\"__tile40\"]"}
RESULT: {"using":"xpath","value":"//*[@id=\"__tile40\"]"}
COMMAND: POST /session/46f876eb5e248516228a453ac1f13759/element/f.6E9F8F4BF32ABDA1B7AB88C579A79FC6.d.FE17784B0556A29ADD787F1BEE81014F.e.284/click - {}
RESULT: undefined
COMMAND: POST /session/46f876eb5e248516228a453ac1f13759/element - {"using":"xpath","value":"//*[@id=\"__tile40\"]"}
RESULT: {"using":"xpath","value":"//*[@id=\"__tile40\"]"}
COMMAND: POST /session/46f876eb5e248516228a453ac1f13759/element/f.6E9F8F4BF32ABDA1B7AB88C579A79FC6.d.FE17784B0556A29ADD787F1BEE81014F.e.284/click - {}
RESULT: undefined
COMMAND: POST /session/46f876eb5e248516228a453ac1f13759/execute/async - {"script":"<script> [6424 bytes]","args":[{"element-6066-11e4-a52e-4f735466cecf":"f.6E9F8F4BF32ABDA1B7AB88C579A79FC6.d.FE17784B0556A29ADD787F1BEE81014F.e.281"},"getTitle",[]]}
COMMAND: POST /session/46f876eb5e248516228a453ac1f13759/execute/async - {"script":"<script> [1562 bytes]","args":[{"selector":{"id":"shellAppTitle"},"wdio_ui5_key":"shellAppTitle"}]}
RESULT: {"script":"<script> [1562 bytes]","args":[{"selector":{"id":"shellAppTitle"},"wdio_ui5_key":"shellAppTitle"}]}
COMMAND: POST /session/46f876eb5e248516228a453ac1f13759/execute/async - {"script":"<script> [6424 bytes]","args":[{"element-6066-11e4-a52e-4f735466cecf":"f.6E9F8F4BF32ABDA1B7AB88C579A79FC6.d.FE17784B0556A29ADD787F1BEE81014F.e.472"},"getTitle",[]]}
RESULT: {"script":"<script> [6424 bytes]","args":[{"element-6066-11e4-a52e-4f735466cecf":"f.6E9F8F4BF32ABDA1B7AB88C579A79FC6.d.FE17784B0556A29ADD787F1BEE81014F.e.472"},"getTitle",[]]}
RESULT: undefined
COMMAND: POST /session/46f876eb5e248516228a453ac1f13759/element/f.6E9F8F4BF32ABDA1B7AB88C579A79FC6.d.FE17784B0556A29ADD787F1BEE81014F.e.282/click - {}
RESULT: {}
COMMAND: GET /session/46f876eb5e248516228a453ac1f13759/screenshot - {}
RESULT: {}
]]></system-out>
    </testcase>
    <testcase classname="chrome.135_0_7049_42.windows.Sanity_Tests_US104253" name="Should open Manage Resources page" time="30.121">
      <system-out><![CDATA[
COMMAND: POST /session/46f876eb5e248516228a453ac1f13759/execute/async - {"script":"<script> [1562 bytes]","args":[{"selector":{"controlType":"sap.m.GenericTile","properties":{"header":"Manage Resources"}},"wdio_ui5_key":"sapm.GenericTile{\"header\":\"Manage Resources\"}"}]}
RESULT: {"script":"<script> [1562 bytes]","args":[{"selector":{"controlType":"sap.m.GenericTile","properties":{"header":"Manage Resources"}},"wdio_ui5_key":"sapm.GenericTile{\"header\":\"Manage Resources\"}"}]}
RESULT: undefined
COMMAND: POST /session/46f876eb5e248516228a453ac1f13759/element - {"using":"xpath","value":"//*[@id=\"__tile39\"]"}
RESULT: {"using":"xpath","value":"//*[@id=\"__tile39\"]"}
COMMAND: POST /session/46f876eb5e248516228a453ac1f13759/element/f.6E9F8F4BF32ABDA1B7AB88C579A79FC6.d.FE17784B0556A29ADD787F1BEE81014F.e.474/click - {}
RESULT: {}
COMMAND: GET /session/46f876eb5e248516228a453ac1f13759/screenshot - {}
RESULT: {}
RESULT: undefined
COMMAND: POST /session/46f876eb5e248516228a453ac1f13759/element - {"using":"xpath","value":"//*[@id=\"__tile39\"]"}
RESULT: {"using":"xpath","value":"//*[@id=\"__tile39\"]"}
COMMAND: POST /session/46f876eb5e248516228a453ac1f13759/element/f.6E9F8F4BF32ABDA1B7AB88C579A79FC6.d.FE17784B0556A29ADD787F1BEE81014F.e.474/click - {}
RESULT: undefined
COMMAND: POST /session/46f876eb5e248516228a453ac1f13759/element - {"using":"xpath","value":"//*[@id=\"__tile39\"]"}
RESULT: {"using":"xpath","value":"//*[@id=\"__tile39\"]"}
COMMAND: POST /session/46f876eb5e248516228a453ac1f13759/element/f.6E9F8F4BF32ABDA1B7AB88C579A79FC6.d.FE17784B0556A29ADD787F1BEE81014F.e.474/click - {}
RESULT: undefined
RESULT: undefined
COMMAND: POST /session/46f876eb5e248516228a453ac1f13759/execute/async - {"script":"<script> [6424 bytes]","args":[{"element-6066-11e4-a52e-4f735466cecf":"f.6E9F8F4BF32ABDA1B7AB88C579A79FC6.d.FE17784B0556A29ADD787F1BEE81014F.e.281"},"getTitle",[]]}
COMMAND: POST /session/46f876eb5e248516228a453ac1f13759/execute/async - {"script":"<script> [1562 bytes]","args":[{"selector":{"id":"shellAppTitle"},"wdio_ui5_key":"shellAppTitle"}]}
RESULT: {"script":"<script> [1562 bytes]","args":[{"selector":{"id":"shellAppTitle"},"wdio_ui5_key":"shellAppTitle"}]}
COMMAND: POST /session/46f876eb5e248516228a453ac1f13759/execute/async - {"script":"<script> [6424 bytes]","args":[{"element-6066-11e4-a52e-4f735466cecf":"f.6E9F8F4BF32ABDA1B7AB88C579A79FC6.d.FE17784B0556A29ADD787F1BEE81014F.e.653"},"getTitle",[]]}
RESULT: {"script":"<script> [6424 bytes]","args":[{"element-6066-11e4-a52e-4f735466cecf":"f.6E9F8F4BF32ABDA1B7AB88C579A79FC6.d.FE17784B0556A29ADD787F1BEE81014F.e.653"},"getTitle",[]]}
RESULT: undefined
COMMAND: POST /session/46f876eb5e248516228a453ac1f13759/element/f.6E9F8F4BF32ABDA1B7AB88C579A79FC6.d.FE17784B0556A29ADD787F1BEE81014F.e.282/click - {}
COMMAND: POST /session/46f876eb5e248516228a453ac1f13759/element - {"using":"xpath","value":"//*[@id=\"backBtn\"]"}
RESULT: {"using":"xpath","value":"//*[@id=\"backBtn\"]"}
COMMAND: POST /session/46f876eb5e248516228a453ac1f13759/element/f.6E9F8F4BF32ABDA1B7AB88C579A79FC6.d.FE17784B0556A29ADD787F1BEE81014F.e.282/click - {}
COMMAND: POST /session/46f876eb5e248516228a453ac1f13759/element - {"using":"xpath","value":"//*[@id=\"backBtn\"]"}
RESULT: {"using":"xpath","value":"//*[@id=\"backBtn\"]"}
COMMAND: POST /session/46f876eb5e248516228a453ac1f13759/element/f.6E9F8F4BF32ABDA1B7AB88C579A79FC6.d.FE17784B0556A29ADD787F1BEE81014F.e.654/click - {}
RESULT: {}
COMMAND: GET /session/46f876eb5e248516228a453ac1f13759/screenshot - {}
RESULT: {}
]]></system-out>
    </testcase>
    <testcase classname="chrome.135_0_7049_42.windows.Sanity_Tests_US104253" name="Should open Manage Catalogs page" time="32.277">
      <system-out><![CDATA[
COMMAND: POST /session/46f876eb5e248516228a453ac1f13759/execute/async - {"script":"<script> [1562 bytes]","args":[{"selector":{"controlType":"sap.m.GenericTile","properties":{"header":"Manage Catalogs"}},"wdio_ui5_key":"sapm.GenericTile{\"header\":\"Manage Catalogs\"}"}]}
RESULT: {"script":"<script> [1562 bytes]","args":[{"selector":{"controlType":"sap.m.GenericTile","properties":{"header":"Manage Catalogs"}},"wdio_ui5_key":"sapm.GenericTile{\"header\":\"Manage Catalogs\"}"}]}
RESULT: undefined
COMMAND: POST /session/46f876eb5e248516228a453ac1f13759/element - {"using":"xpath","value":"//*[@id=\"__tile37\"]"}
RESULT: {"using":"xpath","value":"//*[@id=\"__tile37\"]"}
COMMAND: POST /session/46f876eb5e248516228a453ac1f13759/element/f.6E9F8F4BF32ABDA1B7AB88C579A79FC6.d.FE17784B0556A29ADD787F1BEE81014F.e.656/click - {}
RESULT: {}
COMMAND: GET /session/46f876eb5e248516228a453ac1f13759/screenshot - {}
RESULT: {}
RESULT: undefined
COMMAND: POST /session/46f876eb5e248516228a453ac1f13759/element - {"using":"xpath","value":"//*[@id=\"__tile37\"]"}
RESULT: {"using":"xpath","value":"//*[@id=\"__tile37\"]"}
COMMAND: POST /session/46f876eb5e248516228a453ac1f13759/element/f.6E9F8F4BF32ABDA1B7AB88C579A79FC6.d.FE17784B0556A29ADD787F1BEE81014F.e.656/click - {}
RESULT: undefined
COMMAND: POST /session/46f876eb5e248516228a453ac1f13759/element - {"using":"xpath","value":"//*[@id=\"__tile37\"]"}
RESULT: {"using":"xpath","value":"//*[@id=\"__tile37\"]"}
COMMAND: POST /session/46f876eb5e248516228a453ac1f13759/element/f.6E9F8F4BF32ABDA1B7AB88C579A79FC6.d.FE17784B0556A29ADD787F1BEE81014F.e.656/click - {}
RESULT: undefined
COMMAND: POST /session/46f876eb5e248516228a453ac1f13759/execute/async - {"script":"<script> [6424 bytes]","args":[{"element-6066-11e4-a52e-4f735466cecf":"f.6E9F8F4BF32ABDA1B7AB88C579A79FC6.d.FE17784B0556A29ADD787F1BEE81014F.e.281"},"getTitle",[]]}
COMMAND: POST /session/46f876eb5e248516228a453ac1f13759/execute/async - {"script":"<script> [1562 bytes]","args":[{"selector":{"id":"shellAppTitle"},"wdio_ui5_key":"shellAppTitle"}]}
RESULT: {"script":"<script> [1562 bytes]","args":[{"selector":{"id":"shellAppTitle"},"wdio_ui5_key":"shellAppTitle"}]}
COMMAND: POST /session/46f876eb5e248516228a453ac1f13759/execute/async - {"script":"<script> [6424 bytes]","args":[{"element-6066-11e4-a52e-4f735466cecf":"f.6E9F8F4BF32ABDA1B7AB88C579A79FC6.d.FE17784B0556A29ADD787F1BEE81014F.e.726"},"getTitle",[]]}
RESULT: {"script":"<script> [6424 bytes]","args":[{"element-6066-11e4-a52e-4f735466cecf":"f.6E9F8F4BF32ABDA1B7AB88C579A79FC6.d.FE17784B0556A29ADD787F1BEE81014F.e.726"},"getTitle",[]]}
RESULT: undefined
COMMAND: POST /session/46f876eb5e248516228a453ac1f13759/element/f.6E9F8F4BF32ABDA1B7AB88C579A79FC6.d.FE17784B0556A29ADD787F1BEE81014F.e.654/click - {}
RESULT: {}
COMMAND: GET /session/46f876eb5e248516228a453ac1f13759/screenshot - {}
RESULT: {}
]]></system-out>
    </testcase>
    <testcase classname="chrome.135_0_7049_42.windows.Sanity_Tests_US104253" name="Should open Manage Calendars page" time="34.709">
      <system-out><![CDATA[
COMMAND: POST /session/46f876eb5e248516228a453ac1f13759/execute/async - {"script":"<script> [1562 bytes]","args":[{"selector":{"controlType":"sap.m.GenericTile","properties":{"header":"Manage Calendars"}},"wdio_ui5_key":"sapm.GenericTile{\"header\":\"Manage Calendars\"}"}]}
RESULT: {"script":"<script> [1562 bytes]","args":[{"selector":{"controlType":"sap.m.GenericTile","properties":{"header":"Manage Calendars"}},"wdio_ui5_key":"sapm.GenericTile{\"header\":\"Manage Calendars\"}"}]}
RESULT: undefined
COMMAND: POST /session/46f876eb5e248516228a453ac1f13759/element - {"using":"xpath","value":"//*[@id=\"__tile36\"]"}
RESULT: {"using":"xpath","value":"//*[@id=\"__tile36\"]"}
COMMAND: POST /session/46f876eb5e248516228a453ac1f13759/element/f.6E9F8F4BF32ABDA1B7AB88C579A79FC6.d.FE17784B0556A29ADD787F1BEE81014F.e.729/click - {}
RESULT: {}
COMMAND: GET /session/46f876eb5e248516228a453ac1f13759/screenshot - {}
RESULT: {}
RESULT: undefined
COMMAND: POST /session/46f876eb5e248516228a453ac1f13759/element - {"using":"xpath","value":"//*[@id=\"__tile36\"]"}
RESULT: {"using":"xpath","value":"//*[@id=\"__tile36\"]"}
COMMAND: POST /session/46f876eb5e248516228a453ac1f13759/element/f.6E9F8F4BF32ABDA1B7AB88C579A79FC6.d.FE17784B0556A29ADD787F1BEE81014F.e.729/click - {}
RESULT: undefined
COMMAND: POST /session/46f876eb5e248516228a453ac1f13759/element - {"using":"xpath","value":"//*[@id=\"__tile36\"]"}
RESULT: {"using":"xpath","value":"//*[@id=\"__tile36\"]"}
COMMAND: POST /session/46f876eb5e248516228a453ac1f13759/element/f.6E9F8F4BF32ABDA1B7AB88C579A79FC6.d.FE17784B0556A29ADD787F1BEE81014F.e.729/click - {}
RESULT: undefined
COMMAND: POST /session/46f876eb5e248516228a453ac1f13759/execute/async - {"script":"<script> [6424 bytes]","args":[{"element-6066-11e4-a52e-4f735466cecf":"f.6E9F8F4BF32ABDA1B7AB88C579A79FC6.d.FE17784B0556A29ADD787F1BEE81014F.e.281"},"getTitle",[]]}
COMMAND: POST /session/46f876eb5e248516228a453ac1f13759/execute/async - {"script":"<script> [1562 bytes]","args":[{"selector":{"id":"shellAppTitle"},"wdio_ui5_key":"shellAppTitle"}]}
RESULT: {"script":"<script> [1562 bytes]","args":[{"selector":{"id":"shellAppTitle"},"wdio_ui5_key":"shellAppTitle"}]}
COMMAND: POST /session/46f876eb5e248516228a453ac1f13759/execute/async - {"script":"<script> [6424 bytes]","args":[{"element-6066-11e4-a52e-4f735466cecf":"f.6E9F8F4BF32ABDA1B7AB88C579A79FC6.d.FE17784B0556A29ADD787F1BEE81014F.e.809"},"getTitle",[]]}
RESULT: {"script":"<script> [6424 bytes]","args":[{"element-6066-11e4-a52e-4f735466cecf":"f.6E9F8F4BF32ABDA1B7AB88C579A79FC6.d.FE17784B0556A29ADD787F1BEE81014F.e.809"},"getTitle",[]]}
RESULT: undefined
COMMAND: POST /session/46f876eb5e248516228a453ac1f13759/element/f.6E9F8F4BF32ABDA1B7AB88C579A79FC6.d.FE17784B0556A29ADD787F1BEE81014F.e.654/click - {}
COMMAND: POST /session/46f876eb5e248516228a453ac1f13759/element - {"using":"xpath","value":"//*[@id=\"backBtn\"]"}
RESULT: {"using":"xpath","value":"//*[@id=\"backBtn\"]"}
COMMAND: POST /session/46f876eb5e248516228a453ac1f13759/element/f.6E9F8F4BF32ABDA1B7AB88C579A79FC6.d.FE17784B0556A29ADD787F1BEE81014F.e.654/click - {}
COMMAND: POST /session/46f876eb5e248516228a453ac1f13759/element - {"using":"xpath","value":"//*[@id=\"backBtn\"]"}
RESULT: {"using":"xpath","value":"//*[@id=\"backBtn\"]"}
COMMAND: POST /session/46f876eb5e248516228a453ac1f13759/element/f.6E9F8F4BF32ABDA1B7AB88C579A79FC6.d.FE17784B0556A29ADD787F1BEE81014F.e.810/click - {}
RESULT: {}
COMMAND: GET /session/46f876eb5e248516228a453ac1f13759/screenshot - {}
RESULT: {}
]]></system-out>
    </testcase>
    <testcase classname="chrome.135_0_7049_42.windows.Sanity_Tests_US104253" name="Should open Address Management page" time="33.541">
      <system-out><![CDATA[
COMMAND: POST /session/46f876eb5e248516228a453ac1f13759/execute/async - {"script":"<script> [1562 bytes]","args":[{"selector":{"controlType":"sap.m.GenericTile","properties":{"header":"Address Management"}},"wdio_ui5_key":"sapm.GenericTile{\"header\":\"Address Management\"}"}]}
RESULT: {"script":"<script> [1562 bytes]","args":[{"selector":{"controlType":"sap.m.GenericTile","properties":{"header":"Address Management"}},"wdio_ui5_key":"sapm.GenericTile{\"header\":\"Address Management\"}"}]}
RESULT: undefined
COMMAND: POST /session/46f876eb5e248516228a453ac1f13759/element - {"using":"xpath","value":"//*[@id=\"__tile33\"]"}
RESULT: {"using":"xpath","value":"//*[@id=\"__tile33\"]"}
COMMAND: POST /session/46f876eb5e248516228a453ac1f13759/element/f.6E9F8F4BF32ABDA1B7AB88C579A79FC6.d.FE17784B0556A29ADD787F1BEE81014F.e.812/click - {}
RESULT: {}
COMMAND: GET /session/46f876eb5e248516228a453ac1f13759/screenshot - {}
RESULT: {}
RESULT: undefined
COMMAND: POST /session/46f876eb5e248516228a453ac1f13759/element - {"using":"xpath","value":"//*[@id=\"__tile33\"]"}
RESULT: {"using":"xpath","value":"//*[@id=\"__tile33\"]"}
COMMAND: POST /session/46f876eb5e248516228a453ac1f13759/element/f.6E9F8F4BF32ABDA1B7AB88C579A79FC6.d.FE17784B0556A29ADD787F1BEE81014F.e.812/click - {}
RESULT: undefined
COMMAND: POST /session/46f876eb5e248516228a453ac1f13759/element - {"using":"xpath","value":"//*[@id=\"__tile33\"]"}
RESULT: {"using":"xpath","value":"//*[@id=\"__tile33\"]"}
COMMAND: POST /session/46f876eb5e248516228a453ac1f13759/element/f.6E9F8F4BF32ABDA1B7AB88C579A79FC6.d.FE17784B0556A29ADD787F1BEE81014F.e.812/click - {}
RESULT: undefined
COMMAND: POST /session/46f876eb5e248516228a453ac1f13759/execute/async - {"script":"<script> [6424 bytes]","args":[{"element-6066-11e4-a52e-4f735466cecf":"f.6E9F8F4BF32ABDA1B7AB88C579A79FC6.d.FE17784B0556A29ADD787F1BEE81014F.e.281"},"getTitle",[]]}
COMMAND: POST /session/46f876eb5e248516228a453ac1f13759/execute/async - {"script":"<script> [1562 bytes]","args":[{"selector":{"id":"shellAppTitle"},"wdio_ui5_key":"shellAppTitle"}]}
RESULT: {"script":"<script> [1562 bytes]","args":[{"selector":{"id":"shellAppTitle"},"wdio_ui5_key":"shellAppTitle"}]}
COMMAND: POST /session/46f876eb5e248516228a453ac1f13759/execute/async - {"script":"<script> [6424 bytes]","args":[{"element-6066-11e4-a52e-4f735466cecf":"f.6E9F8F4BF32ABDA1B7AB88C579A79FC6.d.FE17784B0556A29ADD787F1BEE81014F.e.998"},"getTitle",[]]}
RESULT: {"script":"<script> [6424 bytes]","args":[{"element-6066-11e4-a52e-4f735466cecf":"f.6E9F8F4BF32ABDA1B7AB88C579A79FC6.d.FE17784B0556A29ADD787F1BEE81014F.e.998"},"getTitle",[]]}
RESULT: undefined
COMMAND: POST /session/46f876eb5e248516228a453ac1f13759/element/f.6E9F8F4BF32ABDA1B7AB88C579A79FC6.d.FE17784B0556A29ADD787F1BEE81014F.e.810/click - {}
RESULT: {}
COMMAND: GET /session/46f876eb5e248516228a453ac1f13759/screenshot - {}
RESULT: {}
]]></system-out>
    </testcase>
    <testcase classname="chrome.135_0_7049_42.windows.Sanity_Tests_US104253" name="Should open Bill Of Resources page" time="31.868">
      <system-out><![CDATA[
COMMAND: POST /session/46f876eb5e248516228a453ac1f13759/execute/async - {"script":"<script> [1562 bytes]","args":[{"selector":{"controlType":"sap.m.GenericTile","properties":{"header":"Bill Of Resources"}},"wdio_ui5_key":"sapm.GenericTile{\"header\":\"Bill Of Resources\"}"}]}
RESULT: {"script":"<script> [1562 bytes]","args":[{"selector":{"controlType":"sap.m.GenericTile","properties":{"header":"Bill Of Resources"}},"wdio_ui5_key":"sapm.GenericTile{\"header\":\"Bill Of Resources\"}"}]}
RESULT: undefined
COMMAND: POST /session/46f876eb5e248516228a453ac1f13759/element - {"using":"xpath","value":"//*[@id=\"__tile34\"]"}
RESULT: {"using":"xpath","value":"//*[@id=\"__tile34\"]"}
COMMAND: POST /session/46f876eb5e248516228a453ac1f13759/element/f.6E9F8F4BF32ABDA1B7AB88C579A79FC6.d.FE17784B0556A29ADD787F1BEE81014F.e.1000/click - {}
RESULT: {}
COMMAND: GET /session/46f876eb5e248516228a453ac1f13759/screenshot - {}
RESULT: {}
RESULT: undefined
COMMAND: POST /session/46f876eb5e248516228a453ac1f13759/element - {"using":"xpath","value":"//*[@id=\"__tile34\"]"}
RESULT: {"using":"xpath","value":"//*[@id=\"__tile34\"]"}
COMMAND: POST /session/46f876eb5e248516228a453ac1f13759/element/f.6E9F8F4BF32ABDA1B7AB88C579A79FC6.d.FE17784B0556A29ADD787F1BEE81014F.e.1000/click - {}
RESULT: undefined
COMMAND: POST /session/46f876eb5e248516228a453ac1f13759/element - {"using":"xpath","value":"//*[@id=\"__tile34\"]"}
RESULT: {"using":"xpath","value":"//*[@id=\"__tile34\"]"}
COMMAND: POST /session/46f876eb5e248516228a453ac1f13759/element/f.6E9F8F4BF32ABDA1B7AB88C579A79FC6.d.FE17784B0556A29ADD787F1BEE81014F.e.1000/click - {}
RESULT: undefined
COMMAND: POST /session/46f876eb5e248516228a453ac1f13759/execute/async - {"script":"<script> [6424 bytes]","args":[{"element-6066-11e4-a52e-4f735466cecf":"f.6E9F8F4BF32ABDA1B7AB88C579A79FC6.d.FE17784B0556A29ADD787F1BEE81014F.e.281"},"getTitle",[]]}
COMMAND: POST /session/46f876eb5e248516228a453ac1f13759/execute/async - {"script":"<script> [1562 bytes]","args":[{"selector":{"id":"shellAppTitle"},"wdio_ui5_key":"shellAppTitle"}]}
RESULT: {"script":"<script> [1562 bytes]","args":[{"selector":{"id":"shellAppTitle"},"wdio_ui5_key":"shellAppTitle"}]}
COMMAND: POST /session/46f876eb5e248516228a453ac1f13759/execute/async - {"script":"<script> [6424 bytes]","args":[{"element-6066-11e4-a52e-4f735466cecf":"f.6E9F8F4BF32ABDA1B7AB88C579A79FC6.d.FE17784B0556A29ADD787F1BEE81014F.e.1093"},"getTitle",[]]}
RESULT: {"script":"<script> [6424 bytes]","args":[{"element-6066-11e4-a52e-4f735466cecf":"f.6E9F8F4BF32ABDA1B7AB88C579A79FC6.d.FE17784B0556A29ADD787F1BEE81014F.e.1093"},"getTitle",[]]}
RESULT: undefined
COMMAND: POST /session/46f876eb5e248516228a453ac1f13759/element/f.6E9F8F4BF32ABDA1B7AB88C579A79FC6.d.FE17784B0556A29ADD787F1BEE81014F.e.810/click - {}
COMMAND: POST /session/46f876eb5e248516228a453ac1f13759/element - {"using":"xpath","value":"//*[@id=\"backBtn\"]"}
RESULT: {"using":"xpath","value":"//*[@id=\"backBtn\"]"}
COMMAND: POST /session/46f876eb5e248516228a453ac1f13759/element/f.6E9F8F4BF32ABDA1B7AB88C579A79FC6.d.FE17784B0556A29ADD787F1BEE81014F.e.810/click - {}
COMMAND: POST /session/46f876eb5e248516228a453ac1f13759/element - {"using":"xpath","value":"//*[@id=\"backBtn\"]"}
RESULT: {"using":"xpath","value":"//*[@id=\"backBtn\"]"}
COMMAND: POST /session/46f876eb5e248516228a453ac1f13759/element/f.6E9F8F4BF32ABDA1B7AB88C579A79FC6.d.FE17784B0556A29ADD787F1BEE81014F.e.1094/click - {}
RESULT: {}
COMMAND: GET /session/46f876eb5e248516228a453ac1f13759/screenshot - {}
RESULT: {}
]]></system-out>
    </testcase>
    <testcase classname="chrome.135_0_7049_42.windows.Sanity_Tests_US104253" name="Should open Manage Yards page" time="31.642">
      <system-out><![CDATA[
COMMAND: POST /session/46f876eb5e248516228a453ac1f13759/execute/async - {"script":"<script> [1562 bytes]","args":[{"selector":{"controlType":"sap.m.GenericTile","properties":{"header":"Manage Yards"}},"wdio_ui5_key":"sapm.GenericTile{\"header\":\"Manage Yards\"}"}]}
RESULT: {"script":"<script> [1562 bytes]","args":[{"selector":{"controlType":"sap.m.GenericTile","properties":{"header":"Manage Yards"}},"wdio_ui5_key":"sapm.GenericTile{\"header\":\"Manage Yards\"}"}]}
RESULT: undefined
COMMAND: POST /session/46f876eb5e248516228a453ac1f13759/element - {"using":"xpath","value":"//*[@id=\"__tile41\"]"}
RESULT: {"using":"xpath","value":"//*[@id=\"__tile41\"]"}
COMMAND: POST /session/46f876eb5e248516228a453ac1f13759/element/f.6E9F8F4BF32ABDA1B7AB88C579A79FC6.d.FE17784B0556A29ADD787F1BEE81014F.e.1096/click - {}
RESULT: {}
COMMAND: GET /session/46f876eb5e248516228a453ac1f13759/screenshot - {}
RESULT: {}
RESULT: undefined
COMMAND: POST /session/46f876eb5e248516228a453ac1f13759/element - {"using":"xpath","value":"//*[@id=\"__tile41\"]"}
RESULT: {"using":"xpath","value":"//*[@id=\"__tile41\"]"}
COMMAND: POST /session/46f876eb5e248516228a453ac1f13759/element/f.6E9F8F4BF32ABDA1B7AB88C579A79FC6.d.FE17784B0556A29ADD787F1BEE81014F.e.1096/click - {}
RESULT: undefined
COMMAND: POST /session/46f876eb5e248516228a453ac1f13759/element - {"using":"xpath","value":"//*[@id=\"__tile41\"]"}
RESULT: {"using":"xpath","value":"//*[@id=\"__tile41\"]"}
COMMAND: POST /session/46f876eb5e248516228a453ac1f13759/element/f.6E9F8F4BF32ABDA1B7AB88C579A79FC6.d.FE17784B0556A29ADD787F1BEE81014F.e.1096/click - {}
RESULT: undefined
COMMAND: POST /session/46f876eb5e248516228a453ac1f13759/execute/async - {"script":"<script> [6424 bytes]","args":[{"element-6066-11e4-a52e-4f735466cecf":"f.6E9F8F4BF32ABDA1B7AB88C579A79FC6.d.FE17784B0556A29ADD787F1BEE81014F.e.281"},"getTitle",[]]}
COMMAND: POST /session/46f876eb5e248516228a453ac1f13759/execute/async - {"script":"<script> [1562 bytes]","args":[{"selector":{"id":"shellAppTitle"},"wdio_ui5_key":"shellAppTitle"}]}
RESULT: {"script":"<script> [1562 bytes]","args":[{"selector":{"id":"shellAppTitle"},"wdio_ui5_key":"shellAppTitle"}]}
COMMAND: POST /session/46f876eb5e248516228a453ac1f13759/execute/async - {"script":"<script> [6424 bytes]","args":[{"element-6066-11e4-a52e-4f735466cecf":"f.6E9F8F4BF32ABDA1B7AB88C579A79FC6.d.FE17784B0556A29ADD787F1BEE81014F.e.1280"},"getTitle",[]]}
RESULT: {"script":"<script> [6424 bytes]","args":[{"element-6066-11e4-a52e-4f735466cecf":"f.6E9F8F4BF32ABDA1B7AB88C579A79FC6.d.FE17784B0556A29ADD787F1BEE81014F.e.1280"},"getTitle",[]]}
RESULT: undefined
COMMAND: POST /session/46f876eb5e248516228a453ac1f13759/element/f.6E9F8F4BF32ABDA1B7AB88C579A79FC6.d.FE17784B0556A29ADD787F1BEE81014F.e.1094/click - {}
RESULT: {}
COMMAND: GET /session/46f876eb5e248516228a453ac1f13759/screenshot - {}
RESULT: {}
]]></system-out>
    </testcase>
    <testcase classname="chrome.135_0_7049_42.windows.Sanity_Tests_US104253" name="Should open Manage Requests page" time="30.579">
      <system-out><![CDATA[
COMMAND: POST /session/46f876eb5e248516228a453ac1f13759/execute/async - {"script":"<script> [1562 bytes]","args":[{"selector":{"controlType":"sap.m.GenericTile","properties":{"header":"Manage Requests"}},"wdio_ui5_key":"sapm.GenericTile{\"header\":\"Manage Requests\"}"}]}
RESULT: {"script":"<script> [1562 bytes]","args":[{"selector":{"controlType":"sap.m.GenericTile","properties":{"header":"Manage Requests"}},"wdio_ui5_key":"sapm.GenericTile{\"header\":\"Manage Requests\"}"}]}
RESULT: undefined
COMMAND: POST /session/46f876eb5e248516228a453ac1f13759/element - {"using":"xpath","value":"//*[@id=\"__tile47\"]"}
RESULT: {"using":"xpath","value":"//*[@id=\"__tile47\"]"}
COMMAND: POST /session/46f876eb5e248516228a453ac1f13759/element/f.6E9F8F4BF32ABDA1B7AB88C579A79FC6.d.FE17784B0556A29ADD787F1BEE81014F.e.1282/click - {}
RESULT: {}
COMMAND: GET /session/46f876eb5e248516228a453ac1f13759/screenshot - {}
RESULT: {}
RESULT: undefined
COMMAND: POST /session/46f876eb5e248516228a453ac1f13759/element - {"using":"xpath","value":"//*[@id=\"__tile47\"]"}
RESULT: {"using":"xpath","value":"//*[@id=\"__tile47\"]"}
COMMAND: POST /session/46f876eb5e248516228a453ac1f13759/element/f.6E9F8F4BF32ABDA1B7AB88C579A79FC6.d.FE17784B0556A29ADD787F1BEE81014F.e.1282/click - {}
RESULT: undefined
COMMAND: POST /session/46f876eb5e248516228a453ac1f13759/element - {"using":"xpath","value":"//*[@id=\"__tile47\"]"}
RESULT: {"using":"xpath","value":"//*[@id=\"__tile47\"]"}
COMMAND: POST /session/46f876eb5e248516228a453ac1f13759/element/f.6E9F8F4BF32ABDA1B7AB88C579A79FC6.d.FE17784B0556A29ADD787F1BEE81014F.e.1282/click - {}
RESULT: undefined
COMMAND: POST /session/46f876eb5e248516228a453ac1f13759/execute/async - {"script":"<script> [6424 bytes]","args":[{"element-6066-11e4-a52e-4f735466cecf":"f.6E9F8F4BF32ABDA1B7AB88C579A79FC6.d.FE17784B0556A29ADD787F1BEE81014F.e.281"},"getTitle",[]]}
COMMAND: POST /session/46f876eb5e248516228a453ac1f13759/execute/async - {"script":"<script> [1562 bytes]","args":[{"selector":{"id":"shellAppTitle"},"wdio_ui5_key":"shellAppTitle"}]}
RESULT: {"script":"<script> [1562 bytes]","args":[{"selector":{"id":"shellAppTitle"},"wdio_ui5_key":"shellAppTitle"}]}
COMMAND: POST /session/46f876eb5e248516228a453ac1f13759/execute/async - {"script":"<script> [6424 bytes]","args":[{"element-6066-11e4-a52e-4f735466cecf":"f.6E9F8F4BF32ABDA1B7AB88C579A79FC6.d.FE17784B0556A29ADD787F1BEE81014F.e.1379"},"getTitle",[]]}
RESULT: {"script":"<script> [6424 bytes]","args":[{"element-6066-11e4-a52e-4f735466cecf":"f.6E9F8F4BF32ABDA1B7AB88C579A79FC6.d.FE17784B0556A29ADD787F1BEE81014F.e.1379"},"getTitle",[]]}
RESULT: undefined
COMMAND: POST /session/46f876eb5e248516228a453ac1f13759/element/f.6E9F8F4BF32ABDA1B7AB88C579A79FC6.d.FE17784B0556A29ADD787F1BEE81014F.e.1094/click - {}
COMMAND: POST /session/46f876eb5e248516228a453ac1f13759/element - {"using":"xpath","value":"//*[@id=\"backBtn\"]"}
RESULT: {"using":"xpath","value":"//*[@id=\"backBtn\"]"}
COMMAND: POST /session/46f876eb5e248516228a453ac1f13759/element/f.6E9F8F4BF32ABDA1B7AB88C579A79FC6.d.FE17784B0556A29ADD787F1BEE81014F.e.1094/click - {}
COMMAND: POST /session/46f876eb5e248516228a453ac1f13759/element - {"using":"xpath","value":"//*[@id=\"backBtn\"]"}
RESULT: {"using":"xpath","value":"//*[@id=\"backBtn\"]"}
COMMAND: POST /session/46f876eb5e248516228a453ac1f13759/element/f.6E9F8F4BF32ABDA1B7AB88C579A79FC6.d.FE17784B0556A29ADD787F1BEE81014F.e.1380/click - {}
RESULT: {}
COMMAND: GET /session/46f876eb5e248516228a453ac1f13759/screenshot - {}
RESULT: {}
]]></system-out>
    </testcase>
    <testcase classname="chrome.135_0_7049_42.windows.Sanity_Tests_US104253" name="Should open Manage Purchasing page" time="32.238">
      <system-out><![CDATA[
COMMAND: POST /session/46f876eb5e248516228a453ac1f13759/execute/async - {"script":"<script> [1562 bytes]","args":[{"selector":{"controlType":"sap.m.GenericTile","properties":{"header":"Manage Purchasing"}},"wdio_ui5_key":"sapm.GenericTile{\"header\":\"Manage Purchasing\"}"}]}
RESULT: {"script":"<script> [1562 bytes]","args":[{"selector":{"controlType":"sap.m.GenericTile","properties":{"header":"Manage Purchasing"}},"wdio_ui5_key":"sapm.GenericTile{\"header\":\"Manage Purchasing\"}"}]}
RESULT: undefined
COMMAND: POST /session/46f876eb5e248516228a453ac1f13759/element - {"using":"xpath","value":"//*[@id=\"__tile46\"]"}
RESULT: {"using":"xpath","value":"//*[@id=\"__tile46\"]"}
COMMAND: POST /session/46f876eb5e248516228a453ac1f13759/element/f.6E9F8F4BF32ABDA1B7AB88C579A79FC6.d.FE17784B0556A29ADD787F1BEE81014F.e.1383/click - {}
RESULT: {}
COMMAND: GET /session/46f876eb5e248516228a453ac1f13759/screenshot - {}
RESULT: {}
RESULT: undefined
COMMAND: POST /session/46f876eb5e248516228a453ac1f13759/element - {"using":"xpath","value":"//*[@id=\"__tile46\"]"}
RESULT: {"using":"xpath","value":"//*[@id=\"__tile46\"]"}
COMMAND: POST /session/46f876eb5e248516228a453ac1f13759/element/f.6E9F8F4BF32ABDA1B7AB88C579A79FC6.d.FE17784B0556A29ADD787F1BEE81014F.e.1383/click - {}
RESULT: undefined
COMMAND: POST /session/46f876eb5e248516228a453ac1f13759/element - {"using":"xpath","value":"//*[@id=\"__tile46\"]"}
RESULT: {"using":"xpath","value":"//*[@id=\"__tile46\"]"}
COMMAND: POST /session/46f876eb5e248516228a453ac1f13759/element/f.6E9F8F4BF32ABDA1B7AB88C579A79FC6.d.FE17784B0556A29ADD787F1BEE81014F.e.1383/click - {}
RESULT: undefined
COMMAND: POST /session/46f876eb5e248516228a453ac1f13759/execute/async - {"script":"<script> [6424 bytes]","args":[{"element-6066-11e4-a52e-4f735466cecf":"f.6E9F8F4BF32ABDA1B7AB88C579A79FC6.d.FE17784B0556A29ADD787F1BEE81014F.e.281"},"getTitle",[]]}
COMMAND: POST /session/46f876eb5e248516228a453ac1f13759/execute/async - {"script":"<script> [1562 bytes]","args":[{"selector":{"id":"shellAppTitle"},"wdio_ui5_key":"shellAppTitle"}]}
RESULT: {"script":"<script> [1562 bytes]","args":[{"selector":{"id":"shellAppTitle"},"wdio_ui5_key":"shellAppTitle"}]}
COMMAND: POST /session/46f876eb5e248516228a453ac1f13759/execute/async - {"script":"<script> [6424 bytes]","args":[{"element-6066-11e4-a52e-4f735466cecf":"f.6E9F8F4BF32ABDA1B7AB88C579A79FC6.d.FE17784B0556A29ADD787F1BEE81014F.e.1464"},"getTitle",[]]}
RESULT: {"script":"<script> [6424 bytes]","args":[{"element-6066-11e4-a52e-4f735466cecf":"f.6E9F8F4BF32ABDA1B7AB88C579A79FC6.d.FE17784B0556A29ADD787F1BEE81014F.e.1464"},"getTitle",[]]}
RESULT: undefined
COMMAND: POST /session/46f876eb5e248516228a453ac1f13759/element/f.6E9F8F4BF32ABDA1B7AB88C579A79FC6.d.FE17784B0556A29ADD787F1BEE81014F.e.1380/click - {}
RESULT: {}
COMMAND: GET /session/46f876eb5e248516228a453ac1f13759/screenshot - {}
RESULT: {}
]]></system-out>
    </testcase>
    <testcase classname="chrome.135_0_7049_42.windows.Sanity_Tests_US104253" name="Should open Planning Board page" time="31.743">
      <system-out><![CDATA[
COMMAND: POST /session/46f876eb5e248516228a453ac1f13759/execute/async - {"script":"<script> [1562 bytes]","args":[{"selector":{"controlType":"sap.m.GenericTile","properties":{"header":"Planning Board"}},"wdio_ui5_key":"sapm.GenericTile{\"header\":\"Planning Board\"}"}]}
RESULT: {"script":"<script> [1562 bytes]","args":[{"selector":{"controlType":"sap.m.GenericTile","properties":{"header":"Planning Board"}},"wdio_ui5_key":"sapm.GenericTile{\"header\":\"Planning Board\"}"}]}
RESULT: undefined
COMMAND: POST /session/46f876eb5e248516228a453ac1f13759/element - {"using":"xpath","value":"//*[@id=\"__tile132\"]"}
RESULT: {"using":"xpath","value":"//*[@id=\"__tile132\"]"}
COMMAND: POST /session/46f876eb5e248516228a453ac1f13759/element/f.6E9F8F4BF32ABDA1B7AB88C579A79FC6.d.FE17784B0556A29ADD787F1BEE81014F.e.1466/click - {}
RESULT: {}
COMMAND: GET /session/46f876eb5e248516228a453ac1f13759/screenshot - {}
RESULT: {}
RESULT: undefined
COMMAND: POST /session/46f876eb5e248516228a453ac1f13759/element - {"using":"xpath","value":"//*[@id=\"__tile132\"]"}
RESULT: {"using":"xpath","value":"//*[@id=\"__tile132\"]"}
COMMAND: POST /session/46f876eb5e248516228a453ac1f13759/element/f.6E9F8F4BF32ABDA1B7AB88C579A79FC6.d.FE17784B0556A29ADD787F1BEE81014F.e.1466/click - {}
RESULT: undefined
COMMAND: POST /session/46f876eb5e248516228a453ac1f13759/element - {"using":"xpath","value":"//*[@id=\"__tile132\"]"}
RESULT: {"using":"xpath","value":"//*[@id=\"__tile132\"]"}
COMMAND: POST /session/46f876eb5e248516228a453ac1f13759/element/f.6E9F8F4BF32ABDA1B7AB88C579A79FC6.d.FE17784B0556A29ADD787F1BEE81014F.e.1466/click - {}
RESULT: undefined
COMMAND: POST /session/46f876eb5e248516228a453ac1f13759/execute/async - {"script":"<script> [6424 bytes]","args":[{"element-6066-11e4-a52e-4f735466cecf":"f.6E9F8F4BF32ABDA1B7AB88C579A79FC6.d.FE17784B0556A29ADD787F1BEE81014F.e.281"},"getTitle",[]]}
COMMAND: POST /session/46f876eb5e248516228a453ac1f13759/execute/async - {"script":"<script> [1562 bytes]","args":[{"selector":{"id":"shellAppTitle"},"wdio_ui5_key":"shellAppTitle"}]}
RESULT: {"script":"<script> [1562 bytes]","args":[{"selector":{"id":"shellAppTitle"},"wdio_ui5_key":"shellAppTitle"}]}
COMMAND: POST /session/46f876eb5e248516228a453ac1f13759/execute/async - {"script":"<script> [6424 bytes]","args":[{"element-6066-11e4-a52e-4f735466cecf":"f.6E9F8F4BF32ABDA1B7AB88C579A79FC6.d.FE17784B0556A29ADD787F1BEE81014F.e.1515"},"getTitle",[]]}
RESULT: {"script":"<script> [6424 bytes]","args":[{"element-6066-11e4-a52e-4f735466cecf":"f.6E9F8F4BF32ABDA1B7AB88C579A79FC6.d.FE17784B0556A29ADD787F1BEE81014F.e.1515"},"getTitle",[]]}
RESULT: undefined
COMMAND: POST /session/46f876eb5e248516228a453ac1f13759/element/f.6E9F8F4BF32ABDA1B7AB88C579A79FC6.d.FE17784B0556A29ADD787F1BEE81014F.e.1380/click - {}
COMMAND: POST /session/46f876eb5e248516228a453ac1f13759/element/f.6E9F8F4BF32ABDA1B7AB88C579A79FC6.d.FE17784B0556A29ADD787F1BEE81014F.e.1380/click - {}
COMMAND: POST /session/46f876eb5e248516228a453ac1f13759/element - {"using":"xpath","value":"//*[@id=\"backBtn\"]"}
COMMAND: POST /session/46f876eb5e248516228a453ac1f13759/element - {"using":"xpath","value":"//*[@id=\"backBtn\"]"}
RESULT: {"using":"xpath","value":"//*[@id=\"backBtn\"]"}
COMMAND: POST /session/46f876eb5e248516228a453ac1f13759/element/f.6E9F8F4BF32ABDA1B7AB88C579A79FC6.d.FE17784B0556A29ADD787F1BEE81014F.e.1380/click - {}
RESULT: {"using":"xpath","value":"//*[@id=\"backBtn\"]"}
COMMAND: POST /session/46f876eb5e248516228a453ac1f13759/element/f.6E9F8F4BF32ABDA1B7AB88C579A79FC6.d.FE17784B0556A29ADD787F1BEE81014F.e.1380/click - {}
COMMAND: POST /session/46f876eb5e248516228a453ac1f13759/element - {"using":"xpath","value":"//*[@id=\"backBtn\"]"}
COMMAND: POST /session/46f876eb5e248516228a453ac1f13759/element - {"using":"xpath","value":"//*[@id=\"backBtn\"]"}
RESULT: {"using":"xpath","value":"//*[@id=\"backBtn\"]"}
COMMAND: POST /session/46f876eb5e248516228a453ac1f13759/element/f.6E9F8F4BF32ABDA1B7AB88C579A79FC6.d.FE17784B0556A29ADD787F1BEE81014F.e.1516/click - {}
RESULT: {"using":"xpath","value":"//*[@id=\"backBtn\"]"}
COMMAND: POST /session/46f876eb5e248516228a453ac1f13759/element/f.6E9F8F4BF32ABDA1B7AB88C579A79FC6.d.FE17784B0556A29ADD787F1BEE81014F.e.1516/click - {}
RESULT: {}
COMMAND: GET /session/46f876eb5e248516228a453ac1f13759/screenshot - {}
RESULT: {}
COMMAND: GET /session/46f876eb5e248516228a453ac1f13759/screenshot - {}
RESULT: {}
RESULT: {}
]]></system-out>
    </testcase>
    <testcase classname="chrome.135_0_7049_42.windows.Sanity_Tests_US104253" name="Should open Manage Contracts page" time="32.439">
      <system-out><![CDATA[
COMMAND: POST /session/46f876eb5e248516228a453ac1f13759/execute/async - {"script":"<script> [1562 bytes]","args":[{"selector":{"controlType":"sap.m.GenericTile","properties":{"header":"Manage Contracts"}},"wdio_ui5_key":"sapm.GenericTile{\"header\":\"Manage Contracts\"}"}]}
RESULT: {"script":"<script> [1562 bytes]","args":[{"selector":{"controlType":"sap.m.GenericTile","properties":{"header":"Manage Contracts"}},"wdio_ui5_key":"sapm.GenericTile{\"header\":\"Manage Contracts\"}"}]}
RESULT: undefined
COMMAND: POST /session/46f876eb5e248516228a453ac1f13759/element - {"using":"xpath","value":"//*[@id=\"__tile133\"]"}
RESULT: {"using":"xpath","value":"//*[@id=\"__tile133\"]"}
COMMAND: POST /session/46f876eb5e248516228a453ac1f13759/element/f.6E9F8F4BF32ABDA1B7AB88C579A79FC6.d.FE17784B0556A29ADD787F1BEE81014F.e.1518/click - {}
RESULT: {}
COMMAND: GET /session/46f876eb5e248516228a453ac1f13759/screenshot - {}
RESULT: {}
RESULT: undefined
COMMAND: POST /session/46f876eb5e248516228a453ac1f13759/element - {"using":"xpath","value":"//*[@id=\"__tile133\"]"}
RESULT: undefined
RESULT: undefined
RESULT: {"using":"xpath","value":"//*[@id=\"__tile133\"]"}
COMMAND: POST /session/46f876eb5e248516228a453ac1f13759/element/f.6E9F8F4BF32ABDA1B7AB88C579A79FC6.d.FE17784B0556A29ADD787F1BEE81014F.e.1518/click - {}
RESULT: undefined
COMMAND: POST /session/46f876eb5e248516228a453ac1f13759/element - {"using":"xpath","value":"//*[@id=\"__tile133\"]"}
RESULT: {"using":"xpath","value":"//*[@id=\"__tile133\"]"}
COMMAND: POST /session/46f876eb5e248516228a453ac1f13759/element/f.6E9F8F4BF32ABDA1B7AB88C579A79FC6.d.FE17784B0556A29ADD787F1BEE81014F.e.1518/click - {}
RESULT: undefined
COMMAND: POST /session/46f876eb5e248516228a453ac1f13759/execute/async - {"script":"<script> [6424 bytes]","args":[{"element-6066-11e4-a52e-4f735466cecf":"f.6E9F8F4BF32ABDA1B7AB88C579A79FC6.d.FE17784B0556A29ADD787F1BEE81014F.e.281"},"getTitle",[]]}
COMMAND: POST /session/46f876eb5e248516228a453ac1f13759/execute/async - {"script":"<script> [1562 bytes]","args":[{"selector":{"id":"shellAppTitle"},"wdio_ui5_key":"shellAppTitle"}]}
RESULT: {"script":"<script> [1562 bytes]","args":[{"selector":{"id":"shellAppTitle"},"wdio_ui5_key":"shellAppTitle"}]}
COMMAND: POST /session/46f876eb5e248516228a453ac1f13759/execute/async - {"script":"<script> [6424 bytes]","args":[{"element-6066-11e4-a52e-4f735466cecf":"f.6E9F8F4BF32ABDA1B7AB88C579A79FC6.d.FE17784B0556A29ADD787F1BEE81014F.e.1598"},"getTitle",[]]}
RESULT: {"script":"<script> [6424 bytes]","args":[{"element-6066-11e4-a52e-4f735466cecf":"f.6E9F8F4BF32ABDA1B7AB88C579A79FC6.d.FE17784B0556A29ADD787F1BEE81014F.e.1598"},"getTitle",[]]}
RESULT: undefined
COMMAND: POST /session/46f876eb5e248516228a453ac1f13759/element/f.6E9F8F4BF32ABDA1B7AB88C579A79FC6.d.FE17784B0556A29ADD787F1BEE81014F.e.1516/click - {}
RESULT: {}
COMMAND: GET /session/46f876eb5e248516228a453ac1f13759/screenshot - {}
RESULT: {}
]]></system-out>
    </testcase>
    <testcase classname="chrome.135_0_7049_42.windows.Sanity_Tests_US104253" name="Should open Manage Quotations page" time="29.885">
      <system-out><![CDATA[
COMMAND: POST /session/46f876eb5e248516228a453ac1f13759/execute/async - {"script":"<script> [1562 bytes]","args":[{"selector":{"controlType":"sap.m.GenericTile","properties":{"header":"Manage Quotations"}},"wdio_ui5_key":"sapm.GenericTile{\"header\":\"Manage Quotations\"}"}]}
RESULT: {"script":"<script> [1562 bytes]","args":[{"selector":{"controlType":"sap.m.GenericTile","properties":{"header":"Manage Quotations"}},"wdio_ui5_key":"sapm.GenericTile{\"header\":\"Manage Quotations\"}"}]}
RESULT: undefined
COMMAND: POST /session/46f876eb5e248516228a453ac1f13759/element - {"using":"xpath","value":"//*[@id=\"__tile130\"]"}
RESULT: {"using":"xpath","value":"//*[@id=\"__tile130\"]"}
COMMAND: POST /session/46f876eb5e248516228a453ac1f13759/element/f.6E9F8F4BF32ABDA1B7AB88C579A79FC6.d.FE17784B0556A29ADD787F1BEE81014F.e.1600/click - {}
RESULT: {}
COMMAND: GET /session/46f876eb5e248516228a453ac1f13759/screenshot - {}
RESULT: {}
RESULT: undefined
COMMAND: POST /session/46f876eb5e248516228a453ac1f13759/element - {"using":"xpath","value":"//*[@id=\"__tile130\"]"}
RESULT: {"using":"xpath","value":"//*[@id=\"__tile130\"]"}
COMMAND: POST /session/46f876eb5e248516228a453ac1f13759/element/f.6E9F8F4BF32ABDA1B7AB88C579A79FC6.d.FE17784B0556A29ADD787F1BEE81014F.e.1600/click - {}
RESULT: undefined
COMMAND: POST /session/46f876eb5e248516228a453ac1f13759/element - {"using":"xpath","value":"//*[@id=\"__tile130\"]"}
RESULT: {"using":"xpath","value":"//*[@id=\"__tile130\"]"}
COMMAND: POST /session/46f876eb5e248516228a453ac1f13759/element/f.6E9F8F4BF32ABDA1B7AB88C579A79FC6.d.FE17784B0556A29ADD787F1BEE81014F.e.1600/click - {}
RESULT: undefined
RESULT: undefined
COMMAND: POST /session/46f876eb5e248516228a453ac1f13759/execute/async - {"script":"<script> [6424 bytes]","args":[{"element-6066-11e4-a52e-4f735466cecf":"f.6E9F8F4BF32ABDA1B7AB88C579A79FC6.d.FE17784B0556A29ADD787F1BEE81014F.e.281"},"getTitle",[]]}
COMMAND: POST /session/46f876eb5e248516228a453ac1f13759/execute/async - {"script":"<script> [1562 bytes]","args":[{"selector":{"id":"shellAppTitle"},"wdio_ui5_key":"shellAppTitle"}]}
RESULT: {"script":"<script> [1562 bytes]","args":[{"selector":{"id":"shellAppTitle"},"wdio_ui5_key":"shellAppTitle"}]}
COMMAND: POST /session/46f876eb5e248516228a453ac1f13759/execute/async - {"script":"<script> [6424 bytes]","args":[{"element-6066-11e4-a52e-4f735466cecf":"f.6E9F8F4BF32ABDA1B7AB88C579A79FC6.d.FE17784B0556A29ADD787F1BEE81014F.e.1685"},"getTitle",[]]}
RESULT: {"script":"<script> [6424 bytes]","args":[{"element-6066-11e4-a52e-4f735466cecf":"f.6E9F8F4BF32ABDA1B7AB88C579A79FC6.d.FE17784B0556A29ADD787F1BEE81014F.e.1685"},"getTitle",[]]}
RESULT: undefined
COMMAND: POST /session/46f876eb5e248516228a453ac1f13759/element/f.6E9F8F4BF32ABDA1B7AB88C579A79FC6.d.FE17784B0556A29ADD787F1BEE81014F.e.1516/click - {}
COMMAND: POST /session/46f876eb5e248516228a453ac1f13759/element - {"using":"xpath","value":"//*[@id=\"backBtn\"]"}
RESULT: {"using":"xpath","value":"//*[@id=\"backBtn\"]"}
COMMAND: POST /session/46f876eb5e248516228a453ac1f13759/element/f.6E9F8F4BF32ABDA1B7AB88C579A79FC6.d.FE17784B0556A29ADD787F1BEE81014F.e.1516/click - {}
COMMAND: POST /session/46f876eb5e248516228a453ac1f13759/element - {"using":"xpath","value":"//*[@id=\"backBtn\"]"}
RESULT: {"using":"xpath","value":"//*[@id=\"backBtn\"]"}
COMMAND: POST /session/46f876eb5e248516228a453ac1f13759/element/f.6E9F8F4BF32ABDA1B7AB88C579A79FC6.d.FE17784B0556A29ADD787F1BEE81014F.e.1686/click - {}
RESULT: {}
COMMAND: GET /session/46f876eb5e248516228a453ac1f13759/screenshot - {}
RESULT: {}
]]></system-out>
    </testcase>
    <testcase classname="chrome.135_0_7049_42.windows.Sanity_Tests_US104253" name="Should open Manage Handovers page" time="33.008">
      <system-out><![CDATA[
COMMAND: POST /session/46f876eb5e248516228a453ac1f13759/execute/async - {"script":"<script> [1562 bytes]","args":[{"selector":{"controlType":"sap.m.GenericTile","properties":{"header":"Manage Handovers"}},"wdio_ui5_key":"sapm.GenericTile{\"header\":\"Manage Handovers\"}"}]}
RESULT: {"script":"<script> [1562 bytes]","args":[{"selector":{"controlType":"sap.m.GenericTile","properties":{"header":"Manage Handovers"}},"wdio_ui5_key":"sapm.GenericTile{\"header\":\"Manage Handovers\"}"}]}
RESULT: undefined
COMMAND: POST /session/46f876eb5e248516228a453ac1f13759/element - {"using":"xpath","value":"//*[@id=\"__tile131\"]"}
RESULT: {"using":"xpath","value":"//*[@id=\"__tile131\"]"}
COMMAND: POST /session/46f876eb5e248516228a453ac1f13759/element/f.6E9F8F4BF32ABDA1B7AB88C579A79FC6.d.FE17784B0556A29ADD787F1BEE81014F.e.1688/click - {}
RESULT: {}
COMMAND: GET /session/46f876eb5e248516228a453ac1f13759/screenshot - {}
RESULT: {}
RESULT: undefined
COMMAND: POST /session/46f876eb5e248516228a453ac1f13759/element - {"using":"xpath","value":"//*[@id=\"__tile131\"]"}
RESULT: {"using":"xpath","value":"//*[@id=\"__tile131\"]"}
COMMAND: POST /session/46f876eb5e248516228a453ac1f13759/element/f.6E9F8F4BF32ABDA1B7AB88C579A79FC6.d.FE17784B0556A29ADD787F1BEE81014F.e.1688/click - {}
RESULT: undefined
COMMAND: POST /session/46f876eb5e248516228a453ac1f13759/element - {"using":"xpath","value":"//*[@id=\"__tile131\"]"}
RESULT: {"using":"xpath","value":"//*[@id=\"__tile131\"]"}
COMMAND: POST /session/46f876eb5e248516228a453ac1f13759/element/f.6E9F8F4BF32ABDA1B7AB88C579A79FC6.d.FE17784B0556A29ADD787F1BEE81014F.e.1688/click - {}
RESULT: undefined
COMMAND: POST /session/46f876eb5e248516228a453ac1f13759/execute/async - {"script":"<script> [6424 bytes]","args":[{"element-6066-11e4-a52e-4f735466cecf":"f.6E9F8F4BF32ABDA1B7AB88C579A79FC6.d.FE17784B0556A29ADD787F1BEE81014F.e.281"},"getTitle",[]]}
COMMAND: POST /session/46f876eb5e248516228a453ac1f13759/execute/async - {"script":"<script> [1562 bytes]","args":[{"selector":{"id":"shellAppTitle"},"wdio_ui5_key":"shellAppTitle"}]}
RESULT: {"script":"<script> [1562 bytes]","args":[{"selector":{"id":"shellAppTitle"},"wdio_ui5_key":"shellAppTitle"}]}
COMMAND: POST /session/46f876eb5e248516228a453ac1f13759/execute/async - {"script":"<script> [6424 bytes]","args":[{"element-6066-11e4-a52e-4f735466cecf":"f.6E9F8F4BF32ABDA1B7AB88C579A79FC6.d.FE17784B0556A29ADD787F1BEE81014F.e.1795"},"getTitle",[]]}
RESULT: {"script":"<script> [6424 bytes]","args":[{"element-6066-11e4-a52e-4f735466cecf":"f.6E9F8F4BF32ABDA1B7AB88C579A79FC6.d.FE17784B0556A29ADD787F1BEE81014F.e.1795"},"getTitle",[]]}
RESULT: undefined
COMMAND: POST /session/46f876eb5e248516228a453ac1f13759/element/f.6E9F8F4BF32ABDA1B7AB88C579A79FC6.d.FE17784B0556A29ADD787F1BEE81014F.e.1686/click - {}
RESULT: {}
COMMAND: GET /session/46f876eb5e248516228a453ac1f13759/screenshot - {}
RESULT: {}
]]></system-out>
    </testcase>
    <testcase classname="chrome.135_0_7049_42.windows.Sanity_Tests_US104253" name="Should open Delivery Monitor page" time="32.382">
      <system-out><![CDATA[
COMMAND: POST /session/46f876eb5e248516228a453ac1f13759/execute/async - {"script":"<script> [1562 bytes]","args":[{"selector":{"controlType":"sap.m.GenericTile","properties":{"header":"Delivery Monitor"}},"wdio_ui5_key":"sapm.GenericTile{\"header\":\"Delivery Monitor\"}"}]}
RESULT: {"script":"<script> [1562 bytes]","args":[{"selector":{"controlType":"sap.m.GenericTile","properties":{"header":"Delivery Monitor"}},"wdio_ui5_key":"sapm.GenericTile{\"header\":\"Delivery Monitor\"}"}]}
RESULT: undefined
COMMAND: POST /session/46f876eb5e248516228a453ac1f13759/element - {"using":"xpath","value":"//*[@id=\"__tile43\"]"}
RESULT: {"using":"xpath","value":"//*[@id=\"__tile43\"]"}
COMMAND: POST /session/46f876eb5e248516228a453ac1f13759/element/f.6E9F8F4BF32ABDA1B7AB88C579A79FC6.d.FE17784B0556A29ADD787F1BEE81014F.e.1797/click - {}
RESULT: {}
COMMAND: GET /session/46f876eb5e248516228a453ac1f13759/screenshot - {}
RESULT: {}
RESULT: undefined
COMMAND: POST /session/46f876eb5e248516228a453ac1f13759/element - {"using":"xpath","value":"//*[@id=\"__tile43\"]"}
RESULT: {"using":"xpath","value":"//*[@id=\"__tile43\"]"}
COMMAND: POST /session/46f876eb5e248516228a453ac1f13759/element/f.6E9F8F4BF32ABDA1B7AB88C579A79FC6.d.FE17784B0556A29ADD787F1BEE81014F.e.1797/click - {}
RESULT: undefined
COMMAND: POST /session/46f876eb5e248516228a453ac1f13759/element - {"using":"xpath","value":"//*[@id=\"__tile43\"]"}
RESULT: {"using":"xpath","value":"//*[@id=\"__tile43\"]"}
COMMAND: POST /session/46f876eb5e248516228a453ac1f13759/element/f.6E9F8F4BF32ABDA1B7AB88C579A79FC6.d.FE17784B0556A29ADD787F1BEE81014F.e.1797/click - {}
RESULT: undefined
COMMAND: POST /session/46f876eb5e248516228a453ac1f13759/execute/async - {"script":"<script> [6424 bytes]","args":[{"element-6066-11e4-a52e-4f735466cecf":"f.6E9F8F4BF32ABDA1B7AB88C579A79FC6.d.FE17784B0556A29ADD787F1BEE81014F.e.281"},"getTitle",[]]}
COMMAND: POST /session/46f876eb5e248516228a453ac1f13759/execute/async - {"script":"<script> [1562 bytes]","args":[{"selector":{"id":"shellAppTitle"},"wdio_ui5_key":"shellAppTitle"}]}
RESULT: {"script":"<script> [1562 bytes]","args":[{"selector":{"id":"shellAppTitle"},"wdio_ui5_key":"shellAppTitle"}]}
COMMAND: POST /session/46f876eb5e248516228a453ac1f13759/execute/async - {"script":"<script> [6424 bytes]","args":[{"element-6066-11e4-a52e-4f735466cecf":"f.6E9F8F4BF32ABDA1B7AB88C579A79FC6.d.FE17784B0556A29ADD787F1BEE81014F.e.1922"},"getTitle",[]]}
RESULT: {"script":"<script> [6424 bytes]","args":[{"element-6066-11e4-a52e-4f735466cecf":"f.6E9F8F4BF32ABDA1B7AB88C579A79FC6.d.FE17784B0556A29ADD787F1BEE81014F.e.1922"},"getTitle",[]]}
RESULT: undefined
COMMAND: POST /session/46f876eb5e248516228a453ac1f13759/element/f.6E9F8F4BF32ABDA1B7AB88C579A79FC6.d.FE17784B0556A29ADD787F1BEE81014F.e.1686/click - {}
COMMAND: POST /session/46f876eb5e248516228a453ac1f13759/element - {"using":"xpath","value":"//*[@id=\"backBtn\"]"}
RESULT: {"using":"xpath","value":"//*[@id=\"backBtn\"]"}
COMMAND: POST /session/46f876eb5e248516228a453ac1f13759/element/f.6E9F8F4BF32ABDA1B7AB88C579A79FC6.d.FE17784B0556A29ADD787F1BEE81014F.e.1686/click - {}
COMMAND: POST /session/46f876eb5e248516228a453ac1f13759/element - {"using":"xpath","value":"//*[@id=\"backBtn\"]"}
RESULT: {"using":"xpath","value":"//*[@id=\"backBtn\"]"}
COMMAND: POST /session/46f876eb5e248516228a453ac1f13759/element/f.6E9F8F4BF32ABDA1B7AB88C579A79FC6.d.FE17784B0556A29ADD787F1BEE81014F.e.1923/click - {}
RESULT: {}
COMMAND: GET /session/46f876eb5e248516228a453ac1f13759/screenshot - {}
RESULT: {}
]]></system-out>
    </testcase>
    <testcase classname="chrome.135_0_7049_42.windows.Sanity_Tests_US104253" name="Should open Manage Calendar Exceptions page" time="32.472">
      <system-out><![CDATA[
COMMAND: POST /session/46f876eb5e248516228a453ac1f13759/execute/async - {"script":"<script> [1562 bytes]","args":[{"selector":{"controlType":"sap.m.GenericTile","properties":{"header":"Manage Calendar Exceptions"}},"wdio_ui5_key":"sapm.GenericTile{\"header\":\"Manage Calendar Exceptions\"}"}]}
RESULT: {"script":"<script> [1562 bytes]","args":[{"selector":{"controlType":"sap.m.GenericTile","properties":{"header":"Manage Calendar Exceptions"}},"wdio_ui5_key":"sapm.GenericTile{\"header\":\"Manage Calendar Exceptions\"}"}]}
RESULT: undefined
COMMAND: POST /session/46f876eb5e248516228a453ac1f13759/element - {"using":"xpath","value":"//*[@id=\"__tile52\"]"}
RESULT: {"using":"xpath","value":"//*[@id=\"__tile52\"]"}
COMMAND: POST /session/46f876eb5e248516228a453ac1f13759/element/f.6E9F8F4BF32ABDA1B7AB88C579A79FC6.d.FE17784B0556A29ADD787F1BEE81014F.e.1925/click - {}
RESULT: {}
COMMAND: GET /session/46f876eb5e248516228a453ac1f13759/screenshot - {}
RESULT: {}
RESULT: undefined
COMMAND: POST /session/46f876eb5e248516228a453ac1f13759/element - {"using":"xpath","value":"//*[@id=\"__tile52\"]"}
RESULT: {"using":"xpath","value":"//*[@id=\"__tile52\"]"}
COMMAND: POST /session/46f876eb5e248516228a453ac1f13759/element/f.6E9F8F4BF32ABDA1B7AB88C579A79FC6.d.FE17784B0556A29ADD787F1BEE81014F.e.1925/click - {}
RESULT: undefined
COMMAND: POST /session/46f876eb5e248516228a453ac1f13759/element - {"using":"xpath","value":"//*[@id=\"__tile52\"]"}
RESULT: {"using":"xpath","value":"//*[@id=\"__tile52\"]"}
COMMAND: POST /session/46f876eb5e248516228a453ac1f13759/element/f.6E9F8F4BF32ABDA1B7AB88C579A79FC6.d.FE17784B0556A29ADD787F1BEE81014F.e.1925/click - {}
RESULT: undefined
COMMAND: POST /session/46f876eb5e248516228a453ac1f13759/execute/async - {"script":"<script> [6424 bytes]","args":[{"element-6066-11e4-a52e-4f735466cecf":"f.6E9F8F4BF32ABDA1B7AB88C579A79FC6.d.FE17784B0556A29ADD787F1BEE81014F.e.281"},"getTitle",[]]}
COMMAND: POST /session/46f876eb5e248516228a453ac1f13759/execute/async - {"script":"<script> [1562 bytes]","args":[{"selector":{"id":"shellAppTitle"},"wdio_ui5_key":"shellAppTitle"}]}
RESULT: {"script":"<script> [1562 bytes]","args":[{"selector":{"id":"shellAppTitle"},"wdio_ui5_key":"shellAppTitle"}]}
COMMAND: POST /session/46f876eb5e248516228a453ac1f13759/execute/async - {"script":"<script> [6424 bytes]","args":[{"element-6066-11e4-a52e-4f735466cecf":"f.6E9F8F4BF32ABDA1B7AB88C579A79FC6.d.FE17784B0556A29ADD787F1BEE81014F.e.1994"},"getTitle",[]]}
RESULT: {"script":"<script> [6424 bytes]","args":[{"element-6066-11e4-a52e-4f735466cecf":"f.6E9F8F4BF32ABDA1B7AB88C579A79FC6.d.FE17784B0556A29ADD787F1BEE81014F.e.1994"},"getTitle",[]]}
RESULT: undefined
COMMAND: POST /session/46f876eb5e248516228a453ac1f13759/element/f.6E9F8F4BF32ABDA1B7AB88C579A79FC6.d.FE17784B0556A29ADD787F1BEE81014F.e.1923/click - {}
RESULT: {}
COMMAND: GET /session/46f876eb5e248516228a453ac1f13759/screenshot - {}
RESULT: {}
]]></system-out>
    </testcase>
    <testcase classname="chrome.135_0_7049_42.windows.Sanity_Tests_US104253" name="Should open Manage States Performance page" time="32.673">
      <system-out><![CDATA[
COMMAND: POST /session/46f876eb5e248516228a453ac1f13759/execute/async - {"script":"<script> [1562 bytes]","args":[{"selector":{"controlType":"sap.m.GenericTile","properties":{"header":"Manage States & Performance"}},"wdio_ui5_key":"sapm.GenericTile{\"header\":\"Manage States & Performance\"}"}]}
RESULT: {"script":"<script> [1562 bytes]","args":[{"selector":{"controlType":"sap.m.GenericTile","properties":{"header":"Manage States & Performance"}},"wdio_ui5_key":"sapm.GenericTile{\"header\":\"Manage States & Performance\"}"}]}
RESULT: undefined
COMMAND: POST /session/46f876eb5e248516228a453ac1f13759/element - {"using":"xpath","value":"//*[@id=\"__tile56\"]"}
RESULT: {"using":"xpath","value":"//*[@id=\"__tile56\"]"}
COMMAND: POST /session/46f876eb5e248516228a453ac1f13759/element/f.6E9F8F4BF32ABDA1B7AB88C579A79FC6.d.FE17784B0556A29ADD787F1BEE81014F.e.1998/click - {}
RESULT: {}
COMMAND: GET /session/46f876eb5e248516228a453ac1f13759/screenshot - {}
RESULT: {}
RESULT: undefined
COMMAND: POST /session/46f876eb5e248516228a453ac1f13759/element - {"using":"xpath","value":"//*[@id=\"__tile56\"]"}
RESULT: {"using":"xpath","value":"//*[@id=\"__tile56\"]"}
COMMAND: POST /session/46f876eb5e248516228a453ac1f13759/element/f.6E9F8F4BF32ABDA1B7AB88C579A79FC6.d.FE17784B0556A29ADD787F1BEE81014F.e.1998/click - {}
RESULT: undefined
COMMAND: POST /session/46f876eb5e248516228a453ac1f13759/element - {"using":"xpath","value":"//*[@id=\"__tile56\"]"}
RESULT: {"using":"xpath","value":"//*[@id=\"__tile56\"]"}
COMMAND: POST /session/46f876eb5e248516228a453ac1f13759/element/f.6E9F8F4BF32ABDA1B7AB88C579A79FC6.d.FE17784B0556A29ADD787F1BEE81014F.e.1998/click - {}
RESULT: undefined
COMMAND: POST /session/46f876eb5e248516228a453ac1f13759/execute/async - {"script":"<script> [6424 bytes]","args":[{"element-6066-11e4-a52e-4f735466cecf":"f.6E9F8F4BF32ABDA1B7AB88C579A79FC6.d.FE17784B0556A29ADD787F1BEE81014F.e.281"},"getTitle",[]]}
COMMAND: POST /session/46f876eb5e248516228a453ac1f13759/execute/async - {"script":"<script> [1562 bytes]","args":[{"selector":{"id":"shellAppTitle"},"wdio_ui5_key":"shellAppTitle"}]}
RESULT: {"script":"<script> [1562 bytes]","args":[{"selector":{"id":"shellAppTitle"},"wdio_ui5_key":"shellAppTitle"}]}
COMMAND: POST /session/46f876eb5e248516228a453ac1f13759/execute/async - {"script":"<script> [6424 bytes]","args":[{"element-6066-11e4-a52e-4f735466cecf":"f.6E9F8F4BF32ABDA1B7AB88C579A79FC6.d.FE17784B0556A29ADD787F1BEE81014F.e.2090"},"getTitle",[]]}
RESULT: {"script":"<script> [6424 bytes]","args":[{"element-6066-11e4-a52e-4f735466cecf":"f.6E9F8F4BF32ABDA1B7AB88C579A79FC6.d.FE17784B0556A29ADD787F1BEE81014F.e.2090"},"getTitle",[]]}
RESULT: undefined
COMMAND: POST /session/46f876eb5e248516228a453ac1f13759/element/f.6E9F8F4BF32ABDA1B7AB88C579A79FC6.d.FE17784B0556A29ADD787F1BEE81014F.e.1923/click - {}
COMMAND: POST /session/46f876eb5e248516228a453ac1f13759/element - {"using":"xpath","value":"//*[@id=\"backBtn\"]"}
RESULT: {"using":"xpath","value":"//*[@id=\"backBtn\"]"}
COMMAND: POST /session/46f876eb5e248516228a453ac1f13759/element/f.6E9F8F4BF32ABDA1B7AB88C579A79FC6.d.FE17784B0556A29ADD787F1BEE81014F.e.1923/click - {}
COMMAND: POST /session/46f876eb5e248516228a453ac1f13759/element - {"using":"xpath","value":"//*[@id=\"backBtn\"]"}
RESULT: {"using":"xpath","value":"//*[@id=\"backBtn\"]"}
COMMAND: POST /session/46f876eb5e248516228a453ac1f13759/element/f.6E9F8F4BF32ABDA1B7AB88C579A79FC6.d.FE17784B0556A29ADD787F1BEE81014F.e.2091/click - {}
RESULT: {}
COMMAND: GET /session/46f876eb5e248516228a453ac1f13759/screenshot - {}
RESULT: {}
]]></system-out>
    </testcase>
    <testcase classname="chrome.135_0_7049_42.windows.Sanity_Tests_US104253" name="Should open Manage Billings page" time="36.223">
      <system-out><![CDATA[
COMMAND: POST /session/46f876eb5e248516228a453ac1f13759/execute/async - {"script":"<script> [1562 bytes]","args":[{"selector":{"controlType":"sap.m.GenericTile","properties":{"header":"Manage Billings"}},"wdio_ui5_key":"sapm.GenericTile{\"header\":\"Manage Billings\"}"}]}
RESULT: {"script":"<script> [1562 bytes]","args":[{"selector":{"controlType":"sap.m.GenericTile","properties":{"header":"Manage Billings"}},"wdio_ui5_key":"sapm.GenericTile{\"header\":\"Manage Billings\"}"}]}
RESULT: undefined
COMMAND: POST /session/46f876eb5e248516228a453ac1f13759/element - {"using":"xpath","value":"//*[@id=\"__tile51\"]"}
RESULT: {"using":"xpath","value":"//*[@id=\"__tile51\"]"}
COMMAND: POST /session/46f876eb5e248516228a453ac1f13759/element/f.6E9F8F4BF32ABDA1B7AB88C579A79FC6.d.FE17784B0556A29ADD787F1BEE81014F.e.2093/click - {}
RESULT: {}
COMMAND: GET /session/46f876eb5e248516228a453ac1f13759/screenshot - {}
RESULT: {}
RESULT: undefined
COMMAND: POST /session/46f876eb5e248516228a453ac1f13759/element - {"using":"xpath","value":"//*[@id=\"__tile51\"]"}
RESULT: {"using":"xpath","value":"//*[@id=\"__tile51\"]"}
COMMAND: POST /session/46f876eb5e248516228a453ac1f13759/element/f.6E9F8F4BF32ABDA1B7AB88C579A79FC6.d.FE17784B0556A29ADD787F1BEE81014F.e.2093/click - {}
RESULT: undefined
COMMAND: POST /session/46f876eb5e248516228a453ac1f13759/element - {"using":"xpath","value":"//*[@id=\"__tile51\"]"}
RESULT: {"using":"xpath","value":"//*[@id=\"__tile51\"]"}
COMMAND: POST /session/46f876eb5e248516228a453ac1f13759/element/f.6E9F8F4BF32ABDA1B7AB88C579A79FC6.d.FE17784B0556A29ADD787F1BEE81014F.e.2093/click - {}
RESULT: undefined
COMMAND: POST /session/46f876eb5e248516228a453ac1f13759/execute/async - {"script":"<script> [6424 bytes]","args":[{"element-6066-11e4-a52e-4f735466cecf":"f.6E9F8F4BF32ABDA1B7AB88C579A79FC6.d.FE17784B0556A29ADD787F1BEE81014F.e.281"},"getTitle",[]]}
COMMAND: POST /session/46f876eb5e248516228a453ac1f13759/execute/async - {"script":"<script> [1562 bytes]","args":[{"selector":{"id":"shellAppTitle"},"wdio_ui5_key":"shellAppTitle"}]}
RESULT: {"script":"<script> [1562 bytes]","args":[{"selector":{"id":"shellAppTitle"},"wdio_ui5_key":"shellAppTitle"}]}
COMMAND: POST /session/46f876eb5e248516228a453ac1f13759/execute/async - {"script":"<script> [6424 bytes]","args":[{"element-6066-11e4-a52e-4f735466cecf":"f.6E9F8F4BF32ABDA1B7AB88C579A79FC6.d.FE17784B0556A29ADD787F1BEE81014F.e.2328"},"getTitle",[]]}
RESULT: {"script":"<script> [6424 bytes]","args":[{"element-6066-11e4-a52e-4f735466cecf":"f.6E9F8F4BF32ABDA1B7AB88C579A79FC6.d.FE17784B0556A29ADD787F1BEE81014F.e.2328"},"getTitle",[]]}
RESULT: undefined
COMMAND: POST /session/46f876eb5e248516228a453ac1f13759/element/f.6E9F8F4BF32ABDA1B7AB88C579A79FC6.d.FE17784B0556A29ADD787F1BEE81014F.e.2091/click - {}
COMMAND: POST /session/46f876eb5e248516228a453ac1f13759/element/f.6E9F8F4BF32ABDA1B7AB88C579A79FC6.d.FE17784B0556A29ADD787F1BEE81014F.e.2091/click - {}
RESULT: {}
COMMAND: GET /session/46f876eb5e248516228a453ac1f13759/screenshot - {}
COMMAND: POST /session/46f876eb5e248516228a453ac1f13759/element - {"using":"xpath","value":"//*[@id=\"backBtn\"]"}
RESULT: {}
RESULT: {"using":"xpath","value":"//*[@id=\"backBtn\"]"}
COMMAND: POST /session/46f876eb5e248516228a453ac1f13759/elements - {"using":"xpath","value":"//*[@id=\"backBtn\"]"}
RESULT: {"using":"xpath","value":"//*[@id=\"backBtn\"]"}
COMMAND: POST /session/46f876eb5e248516228a453ac1f13759/elements - {"using":"xpath","value":"//*[@id=\"backBtn\"]"}
RESULT: {"using":"xpath","value":"//*[@id=\"backBtn\"]"}
COMMAND: POST /session/46f876eb5e248516228a453ac1f13759/elements - {"using":"xpath","value":"//*[@id=\"backBtn\"]"}
RESULT: {"using":"xpath","value":"//*[@id=\"backBtn\"]"}
COMMAND: POST /session/46f876eb5e248516228a453ac1f13759/elements - {"using":"xpath","value":"//*[@id=\"backBtn\"]"}
RESULT: {"using":"xpath","value":"//*[@id=\"backBtn\"]"}
COMMAND: POST /session/46f876eb5e248516228a453ac1f13759/elements - {"using":"xpath","value":"//*[@id=\"backBtn\"]"}
RESULT: {"using":"xpath","value":"//*[@id=\"backBtn\"]"}
COMMAND: POST /session/46f876eb5e248516228a453ac1f13759/elements - {"using":"xpath","value":"//*[@id=\"backBtn\"]"}
RESULT: {"using":"xpath","value":"//*[@id=\"backBtn\"]"}
COMMAND: POST /session/46f876eb5e248516228a453ac1f13759/elements - {"using":"xpath","value":"//*[@id=\"backBtn\"]"}
RESULT: {"using":"xpath","value":"//*[@id=\"backBtn\"]"}
COMMAND: POST /session/46f876eb5e248516228a453ac1f13759/elements - {"using":"xpath","value":"//*[@id=\"backBtn\"]"}
RESULT: {"using":"xpath","value":"//*[@id=\"backBtn\"]"}
COMMAND: POST /session/46f876eb5e248516228a453ac1f13759/elements - {"using":"xpath","value":"//*[@id=\"backBtn\"]"}
RESULT: {"using":"xpath","value":"//*[@id=\"backBtn\"]"}
COMMAND: POST /session/46f876eb5e248516228a453ac1f13759/elements - {"using":"xpath","value":"//*[@id=\"backBtn\"]"}
RESULT: {"using":"xpath","value":"//*[@id=\"backBtn\"]"}
COMMAND: POST /session/46f876eb5e248516228a453ac1f13759/elements - {"using":"xpath","value":"//*[@id=\"backBtn\"]"}
RESULT: {"using":"xpath","value":"//*[@id=\"backBtn\"]"}
COMMAND: POST /session/46f876eb5e248516228a453ac1f13759/elements - {"using":"xpath","value":"//*[@id=\"backBtn\"]"}
RESULT: {"using":"xpath","value":"//*[@id=\"backBtn\"]"}
COMMAND: POST /session/46f876eb5e248516228a453ac1f13759/elements - {"using":"xpath","value":"//*[@id=\"backBtn\"]"}
RESULT: {"using":"xpath","value":"//*[@id=\"backBtn\"]"}
COMMAND: POST /session/46f876eb5e248516228a453ac1f13759/elements - {"using":"xpath","value":"//*[@id=\"backBtn\"]"}
RESULT: {"using":"xpath","value":"//*[@id=\"backBtn\"]"}
COMMAND: POST /session/46f876eb5e248516228a453ac1f13759/elements - {"using":"xpath","value":"//*[@id=\"backBtn\"]"}
RESULT: {"using":"xpath","value":"//*[@id=\"backBtn\"]"}
COMMAND: POST /session/46f876eb5e248516228a453ac1f13759/elements - {"using":"xpath","value":"//*[@id=\"backBtn\"]"}
RESULT: {"using":"xpath","value":"//*[@id=\"backBtn\"]"}
COMMAND: POST /session/46f876eb5e248516228a453ac1f13759/elements - {"using":"xpath","value":"//*[@id=\"backBtn\"]"}
RESULT: {"using":"xpath","value":"//*[@id=\"backBtn\"]"}
COMMAND: POST /session/46f876eb5e248516228a453ac1f13759/elements - {"using":"xpath","value":"//*[@id=\"backBtn\"]"}
RESULT: {"using":"xpath","value":"//*[@id=\"backBtn\"]"}
]]></system-out>
    </testcase>
    <testcase classname="chrome.135_0_7049_42.windows.Sanity_Tests_US104253" name="Should open Manage Conditions Prices page" time="39.787">
      <system-out><![CDATA[
COMMAND: POST /session/46f876eb5e248516228a453ac1f13759/execute/async - {"script":"<script> [1562 bytes]","args":[{"selector":{"controlType":"sap.m.GenericTile","properties":{"header":"Manage Conditions & Prices"}},"wdio_ui5_key":"sapm.GenericTile{\"header\":\"Manage Conditions & Prices\"}"}]}
COMMAND: POST /session/46f876eb5e248516228a453ac1f13759/elements - {"using":"xpath","value":"//*[@id=\"backBtn\"]"}
RESULT: {"script":"<script> [1562 bytes]","args":[{"selector":{"controlType":"sap.m.GenericTile","properties":{"header":"Manage Conditions & Prices"}},"wdio_ui5_key":"sapm.GenericTile{\"header\":\"Manage Conditions & Prices\"}"}]}
RESULT: undefined
COMMAND: POST /session/46f876eb5e248516228a453ac1f13759/element - {"using":"xpath","value":"//*[@id=\"__tile53\"]"}
RESULT: {"using":"xpath","value":"//*[@id=\"backBtn\"]"}
RESULT: {"using":"xpath","value":"//*[@id=\"__tile53\"]"}
COMMAND: POST /session/46f876eb5e248516228a453ac1f13759/element/f.6E9F8F4BF32ABDA1B7AB88C579A79FC6.d.FE17784B0556A29ADD787F1BEE81014F.e.2330/click - {}
COMMAND: POST /session/46f876eb5e248516228a453ac1f13759/elements - {"using":"xpath","value":"//*[@id=\"backBtn\"]"}
RESULT: {}
COMMAND: GET /session/46f876eb5e248516228a453ac1f13759/screenshot - {}
RESULT: {"using":"xpath","value":"//*[@id=\"backBtn\"]"}
RESULT: {}
COMMAND: POST /session/46f876eb5e248516228a453ac1f13759/elements - {"using":"xpath","value":"//*[@id=\"backBtn\"]"}
RESULT: {"using":"xpath","value":"//*[@id=\"backBtn\"]"}
COMMAND: POST /session/46f876eb5e248516228a453ac1f13759/elements - {"using":"xpath","value":"//*[@id=\"backBtn\"]"}
RESULT: {"using":"xpath","value":"//*[@id=\"backBtn\"]"}
COMMAND: POST /session/46f876eb5e248516228a453ac1f13759/elements - {"using":"xpath","value":"//*[@id=\"backBtn\"]"}
RESULT: undefined
COMMAND: POST /session/46f876eb5e248516228a453ac1f13759/element - {"using":"xpath","value":"//*[@id=\"__tile53\"]"}
RESULT: {"using":"xpath","value":"//*[@id=\"backBtn\"]"}
COMMAND: POST /session/46f876eb5e248516228a453ac1f13759/element - {"using":"xpath","value":"//*[@id=\"backBtn\"]"}
RESULT: {"using":"xpath","value":"//*[@id=\"__tile53\"]"}
COMMAND: POST /session/46f876eb5e248516228a453ac1f13759/element/f.6E9F8F4BF32ABDA1B7AB88C579A79FC6.d.FE17784B0556A29ADD787F1BEE81014F.e.2330/click - {}
RESULT: {"using":"xpath","value":"//*[@id=\"backBtn\"]"}
COMMAND: POST /session/46f876eb5e248516228a453ac1f13759/element/f.6E9F8F4BF32ABDA1B7AB88C579A79FC6.d.FE17784B0556A29ADD787F1BEE81014F.e.2091/click - {}
COMMAND: POST /session/46f876eb5e248516228a453ac1f13759/element - {"using":"xpath","value":"//*[@id=\"backBtn\"]"}
RESULT: {"using":"xpath","value":"//*[@id=\"backBtn\"]"}
COMMAND: POST /session/46f876eb5e248516228a453ac1f13759/element/f.6E9F8F4BF32ABDA1B7AB88C579A79FC6.d.FE17784B0556A29ADD787F1BEE81014F.e.2334/click - {}
RESULT: {}
COMMAND: GET /session/46f876eb5e248516228a453ac1f13759/screenshot - {}
RESULT: {}
RESULT: undefined
COMMAND: POST /session/46f876eb5e248516228a453ac1f13759/element - {"using":"xpath","value":"//*[@id=\"__tile53\"]"}
COMMAND: GET /session/46f876eb5e248516228a453ac1f13759/screenshot - {}
RESULT: {}
RESULT: {"using":"xpath","value":"//*[@id=\"__tile53\"]"}
COMMAND: POST /session/46f876eb5e248516228a453ac1f13759/element/f.6E9F8F4BF32ABDA1B7AB88C579A79FC6.d.FE17784B0556A29ADD787F1BEE81014F.e.2330/click - {}
RESULT: {}
RESULT: undefined
COMMAND: POST /session/46f876eb5e248516228a453ac1f13759/execute/async - {"script":"<script> [6424 bytes]","args":[{"element-6066-11e4-a52e-4f735466cecf":"f.6E9F8F4BF32ABDA1B7AB88C579A79FC6.d.FE17784B0556A29ADD787F1BEE81014F.e.281"},"getTitle",[]]}
COMMAND: POST /session/46f876eb5e248516228a453ac1f13759/execute/async - {"script":"<script> [1562 bytes]","args":[{"selector":{"id":"shellAppTitle"},"wdio_ui5_key":"shellAppTitle"}]}
RESULT: {"script":"<script> [1562 bytes]","args":[{"selector":{"id":"shellAppTitle"},"wdio_ui5_key":"shellAppTitle"}]}
COMMAND: POST /session/46f876eb5e248516228a453ac1f13759/execute/async - {"script":"<script> [6424 bytes]","args":[{"element-6066-11e4-a52e-4f735466cecf":"f.6E9F8F4BF32ABDA1B7AB88C579A79FC6.d.FE17784B0556A29ADD787F1BEE81014F.e.2516"},"getTitle",[]]}
RESULT: {"script":"<script> [6424 bytes]","args":[{"element-6066-11e4-a52e-4f735466cecf":"f.6E9F8F4BF32ABDA1B7AB88C579A79FC6.d.FE17784B0556A29ADD787F1BEE81014F.e.2516"},"getTitle",[]]}
RESULT: undefined
COMMAND: POST /session/46f876eb5e248516228a453ac1f13759/element/f.6E9F8F4BF32ABDA1B7AB88C579A79FC6.d.FE17784B0556A29ADD787F1BEE81014F.e.2334/click - {}
RESULT: {}
COMMAND: GET /session/46f876eb5e248516228a453ac1f13759/screenshot - {}
RESULT: {}
]]></system-out>
    </testcase>
    <testcase classname="chrome.135_0_7049_42.windows.Sanity_Tests_US104253" name="Should open Billing Transfer page" time="31.77">
      <system-out><![CDATA[
COMMAND: POST /session/46f876eb5e248516228a453ac1f13759/execute/async - {"script":"<script> [1562 bytes]","args":[{"selector":{"controlType":"sap.m.GenericTile","properties":{"header":"Billing Transfer"}},"wdio_ui5_key":"sapm.GenericTile{\"header\":\"Billing Transfer\"}"}]}
RESULT: {"script":"<script> [1562 bytes]","args":[{"selector":{"controlType":"sap.m.GenericTile","properties":{"header":"Billing Transfer"}},"wdio_ui5_key":"sapm.GenericTile{\"header\":\"Billing Transfer\"}"}]}
RESULT: undefined
COMMAND: POST /session/46f876eb5e248516228a453ac1f13759/element - {"using":"xpath","value":"//*[@id=\"__tile50\"]"}
RESULT: {"using":"xpath","value":"//*[@id=\"__tile50\"]"}
COMMAND: POST /session/46f876eb5e248516228a453ac1f13759/element/f.6E9F8F4BF32ABDA1B7AB88C579A79FC6.d.FE17784B0556A29ADD787F1BEE81014F.e.2518/click - {}
RESULT: {}
COMMAND: GET /session/46f876eb5e248516228a453ac1f13759/screenshot - {}
RESULT: {}
RESULT: undefined
COMMAND: POST /session/46f876eb5e248516228a453ac1f13759/element - {"using":"xpath","value":"//*[@id=\"__tile50\"]"}
RESULT: {"using":"xpath","value":"//*[@id=\"__tile50\"]"}
COMMAND: POST /session/46f876eb5e248516228a453ac1f13759/element/f.6E9F8F4BF32ABDA1B7AB88C579A79FC6.d.FE17784B0556A29ADD787F1BEE81014F.e.2518/click - {}
RESULT: undefined
COMMAND: POST /session/46f876eb5e248516228a453ac1f13759/element - {"using":"xpath","value":"//*[@id=\"__tile50\"]"}
RESULT: {"using":"xpath","value":"//*[@id=\"__tile50\"]"}
COMMAND: POST /session/46f876eb5e248516228a453ac1f13759/element/f.6E9F8F4BF32ABDA1B7AB88C579A79FC6.d.FE17784B0556A29ADD787F1BEE81014F.e.2518/click - {}
RESULT: undefined
COMMAND: POST /session/46f876eb5e248516228a453ac1f13759/execute/async - {"script":"<script> [6424 bytes]","args":[{"element-6066-11e4-a52e-4f735466cecf":"f.6E9F8F4BF32ABDA1B7AB88C579A79FC6.d.FE17784B0556A29ADD787F1BEE81014F.e.281"},"getTitle",[]]}
COMMAND: POST /session/46f876eb5e248516228a453ac1f13759/execute/async - {"script":"<script> [1562 bytes]","args":[{"selector":{"id":"shellAppTitle"},"wdio_ui5_key":"shellAppTitle"}]}
RESULT: {"script":"<script> [1562 bytes]","args":[{"selector":{"id":"shellAppTitle"},"wdio_ui5_key":"shellAppTitle"}]}
COMMAND: POST /session/46f876eb5e248516228a453ac1f13759/execute/async - {"script":"<script> [6424 bytes]","args":[{"element-6066-11e4-a52e-4f735466cecf":"f.6E9F8F4BF32ABDA1B7AB88C579A79FC6.d.FE17784B0556A29ADD787F1BEE81014F.e.2651"},"getTitle",[]]}
RESULT: {"script":"<script> [6424 bytes]","args":[{"element-6066-11e4-a52e-4f735466cecf":"f.6E9F8F4BF32ABDA1B7AB88C579A79FC6.d.FE17784B0556A29ADD787F1BEE81014F.e.2651"},"getTitle",[]]}
RESULT: undefined
COMMAND: POST /session/46f876eb5e248516228a453ac1f13759/element/f.6E9F8F4BF32ABDA1B7AB88C579A79FC6.d.FE17784B0556A29ADD787F1BEE81014F.e.2334/click - {}
COMMAND: POST /session/46f876eb5e248516228a453ac1f13759/element - {"using":"xpath","value":"//*[@id=\"backBtn\"]"}
RESULT: {"using":"xpath","value":"//*[@id=\"backBtn\"]"}
COMMAND: POST /session/46f876eb5e248516228a453ac1f13759/element/f.6E9F8F4BF32ABDA1B7AB88C579A79FC6.d.FE17784B0556A29ADD787F1BEE81014F.e.2334/click - {}
COMMAND: POST /session/46f876eb5e248516228a453ac1f13759/element - {"using":"xpath","value":"//*[@id=\"backBtn\"]"}
RESULT: {"using":"xpath","value":"//*[@id=\"backBtn\"]"}
COMMAND: POST /session/46f876eb5e248516228a453ac1f13759/element/f.6E9F8F4BF32ABDA1B7AB88C579A79FC6.d.FE17784B0556A29ADD787F1BEE81014F.e.2652/click - {}
RESULT: {}
COMMAND: GET /session/46f876eb5e248516228a453ac1f13759/screenshot - {}
RESULT: {}
]]></system-out>
    </testcase>
    <testcase classname="chrome.135_0_7049_42.windows.Sanity_Tests_US104253" name="Should open Manage Pricing Rules page" time="31.119">
      <system-out><![CDATA[
COMMAND: POST /session/46f876eb5e248516228a453ac1f13759/execute/async - {"script":"<script> [1562 bytes]","args":[{"selector":{"controlType":"sap.m.GenericTile","properties":{"header":"Manage Pricing Rules"}},"wdio_ui5_key":"sapm.GenericTile{\"header\":\"Manage Pricing Rules\"}"}]}
RESULT: {"script":"<script> [1562 bytes]","args":[{"selector":{"controlType":"sap.m.GenericTile","properties":{"header":"Manage Pricing Rules"}},"wdio_ui5_key":"sapm.GenericTile{\"header\":\"Manage Pricing Rules\"}"}]}
RESULT: undefined
COMMAND: POST /session/46f876eb5e248516228a453ac1f13759/element - {"using":"xpath","value":"//*[@id=\"__tile55\"]"}
RESULT: {"using":"xpath","value":"//*[@id=\"__tile55\"]"}
COMMAND: POST /session/46f876eb5e248516228a453ac1f13759/element/f.6E9F8F4BF32ABDA1B7AB88C579A79FC6.d.FE17784B0556A29ADD787F1BEE81014F.e.2654/click - {}
RESULT: {}
COMMAND: GET /session/46f876eb5e248516228a453ac1f13759/screenshot - {}
RESULT: {}
RESULT: undefined
COMMAND: POST /session/46f876eb5e248516228a453ac1f13759/element - {"using":"xpath","value":"//*[@id=\"__tile55\"]"}
RESULT: {"using":"xpath","value":"//*[@id=\"__tile55\"]"}
COMMAND: POST /session/46f876eb5e248516228a453ac1f13759/element/f.6E9F8F4BF32ABDA1B7AB88C579A79FC6.d.FE17784B0556A29ADD787F1BEE81014F.e.2654/click - {}
RESULT: undefined
COMMAND: POST /session/46f876eb5e248516228a453ac1f13759/element - {"using":"xpath","value":"//*[@id=\"__tile55\"]"}
RESULT: {"using":"xpath","value":"//*[@id=\"__tile55\"]"}
COMMAND: POST /session/46f876eb5e248516228a453ac1f13759/element/f.6E9F8F4BF32ABDA1B7AB88C579A79FC6.d.FE17784B0556A29ADD787F1BEE81014F.e.2654/click - {}
RESULT: undefined
COMMAND: POST /session/46f876eb5e248516228a453ac1f13759/execute/async - {"script":"<script> [6424 bytes]","args":[{"element-6066-11e4-a52e-4f735466cecf":"f.6E9F8F4BF32ABDA1B7AB88C579A79FC6.d.FE17784B0556A29ADD787F1BEE81014F.e.281"},"getTitle",[]]}
COMMAND: POST /session/46f876eb5e248516228a453ac1f13759/execute/async - {"script":"<script> [1562 bytes]","args":[{"selector":{"id":"shellAppTitle"},"wdio_ui5_key":"shellAppTitle"}]}
RESULT: {"script":"<script> [1562 bytes]","args":[{"selector":{"id":"shellAppTitle"},"wdio_ui5_key":"shellAppTitle"}]}
COMMAND: POST /session/46f876eb5e248516228a453ac1f13759/execute/async - {"script":"<script> [6424 bytes]","args":[{"element-6066-11e4-a52e-4f735466cecf":"f.6E9F8F4BF32ABDA1B7AB88C579A79FC6.d.FE17784B0556A29ADD787F1BEE81014F.e.2737"},"getTitle",[]]}
RESULT: {"script":"<script> [6424 bytes]","args":[{"element-6066-11e4-a52e-4f735466cecf":"f.6E9F8F4BF32ABDA1B7AB88C579A79FC6.d.FE17784B0556A29ADD787F1BEE81014F.e.2737"},"getTitle",[]]}
RESULT: undefined
COMMAND: POST /session/46f876eb5e248516228a453ac1f13759/element/f.6E9F8F4BF32ABDA1B7AB88C579A79FC6.d.FE17784B0556A29ADD787F1BEE81014F.e.2652/click - {}
RESULT: {}
COMMAND: GET /session/46f876eb5e248516228a453ac1f13759/screenshot - {}
RESULT: {}
]]></system-out>
    </testcase>
    <testcase classname="chrome.135_0_7049_42.windows.Sanity_Tests_US104253" name="Should open Manage Price Determination Matrices page" time="32.491">
      <system-out><![CDATA[
COMMAND: POST /session/46f876eb5e248516228a453ac1f13759/execute/async - {"script":"<script> [1562 bytes]","args":[{"selector":{"controlType":"sap.m.GenericTile","properties":{"header":"Manage Price Determination Matrices"}},"wdio_ui5_key":"sapm.GenericTile{\"header\":\"Manage Price Determination Matrices\"}"}]}
RESULT: {"script":"<script> [1562 bytes]","args":[{"selector":{"controlType":"sap.m.GenericTile","properties":{"header":"Manage Price Determination Matrices"}},"wdio_ui5_key":"sapm.GenericTile{\"header\":\"Manage Price Determination Matrices\"}"}]}
RESULT: undefined
COMMAND: POST /session/46f876eb5e248516228a453ac1f13759/element - {"using":"xpath","value":"//*[@id=\"__tile54\"]"}
RESULT: {"using":"xpath","value":"//*[@id=\"__tile54\"]"}
COMMAND: POST /session/46f876eb5e248516228a453ac1f13759/element/f.6E9F8F4BF32ABDA1B7AB88C579A79FC6.d.FE17784B0556A29ADD787F1BEE81014F.e.2739/click - {}
RESULT: {}
COMMAND: GET /session/46f876eb5e248516228a453ac1f13759/screenshot - {}
RESULT: {}
RESULT: undefined
COMMAND: POST /session/46f876eb5e248516228a453ac1f13759/element - {"using":"xpath","value":"//*[@id=\"__tile54\"]"}
RESULT: {"using":"xpath","value":"//*[@id=\"__tile54\"]"}
COMMAND: POST /session/46f876eb5e248516228a453ac1f13759/element/f.6E9F8F4BF32ABDA1B7AB88C579A79FC6.d.FE17784B0556A29ADD787F1BEE81014F.e.2739/click - {}
RESULT: undefined
COMMAND: POST /session/46f876eb5e248516228a453ac1f13759/element - {"using":"xpath","value":"//*[@id=\"__tile54\"]"}
RESULT: {"using":"xpath","value":"//*[@id=\"__tile54\"]"}
COMMAND: POST /session/46f876eb5e248516228a453ac1f13759/element/f.6E9F8F4BF32ABDA1B7AB88C579A79FC6.d.FE17784B0556A29ADD787F1BEE81014F.e.2739/click - {}
RESULT: undefined
COMMAND: POST /session/46f876eb5e248516228a453ac1f13759/execute/async - {"script":"<script> [6424 bytes]","args":[{"element-6066-11e4-a52e-4f735466cecf":"f.6E9F8F4BF32ABDA1B7AB88C579A79FC6.d.FE17784B0556A29ADD787F1BEE81014F.e.281"},"getTitle",[]]}
COMMAND: POST /session/46f876eb5e248516228a453ac1f13759/execute/async - {"script":"<script> [1562 bytes]","args":[{"selector":{"id":"shellAppTitle"},"wdio_ui5_key":"shellAppTitle"}]}
RESULT: {"script":"<script> [1562 bytes]","args":[{"selector":{"id":"shellAppTitle"},"wdio_ui5_key":"shellAppTitle"}]}
COMMAND: POST /session/46f876eb5e248516228a453ac1f13759/execute/async - {"script":"<script> [6424 bytes]","args":[{"element-6066-11e4-a52e-4f735466cecf":"f.6E9F8F4BF32ABDA1B7AB88C579A79FC6.d.FE17784B0556A29ADD787F1BEE81014F.e.2819"},"getTitle",[]]}
RESULT: {"script":"<script> [6424 bytes]","args":[{"element-6066-11e4-a52e-4f735466cecf":"f.6E9F8F4BF32ABDA1B7AB88C579A79FC6.d.FE17784B0556A29ADD787F1BEE81014F.e.2819"},"getTitle",[]]}
RESULT: undefined
COMMAND: POST /session/46f876eb5e248516228a453ac1f13759/element/f.6E9F8F4BF32ABDA1B7AB88C579A79FC6.d.FE17784B0556A29ADD787F1BEE81014F.e.2652/click - {}
COMMAND: POST /session/46f876eb5e248516228a453ac1f13759/element - {"using":"xpath","value":"//*[@id=\"backBtn\"]"}
RESULT: {"using":"xpath","value":"//*[@id=\"backBtn\"]"}
COMMAND: POST /session/46f876eb5e248516228a453ac1f13759/element/f.6E9F8F4BF32ABDA1B7AB88C579A79FC6.d.FE17784B0556A29ADD787F1BEE81014F.e.2652/click - {}
COMMAND: POST /session/46f876eb5e248516228a453ac1f13759/element - {"using":"xpath","value":"//*[@id=\"backBtn\"]"}
RESULT: {"using":"xpath","value":"//*[@id=\"backBtn\"]"}
COMMAND: POST /session/46f876eb5e248516228a453ac1f13759/element/f.6E9F8F4BF32ABDA1B7AB88C579A79FC6.d.FE17784B0556A29ADD787F1BEE81014F.e.2820/click - {}
RESULT: {}
COMMAND: GET /session/46f876eb5e248516228a453ac1f13759/screenshot - {}
RESULT: {}
]]></system-out>
    </testcase>
    <testcase classname="chrome.135_0_7049_42.windows.Sanity_Tests_US104253" name="Should open Yard Overview page" time="32.783">
      <system-out><![CDATA[
COMMAND: POST /session/46f876eb5e248516228a453ac1f13759/execute/async - {"script":"<script> [1562 bytes]","args":[{"selector":{"controlType":"sap.m.GenericTile","properties":{"header":"Yard Overview"}},"wdio_ui5_key":"sapm.GenericTile{\"header\":\"Yard Overview\"}"}]}
RESULT: {"script":"<script> [1562 bytes]","args":[{"selector":{"controlType":"sap.m.GenericTile","properties":{"header":"Yard Overview"}},"wdio_ui5_key":"sapm.GenericTile{\"header\":\"Yard Overview\"}"}]}
RESULT: undefined
COMMAND: POST /session/46f876eb5e248516228a453ac1f13759/element - {"using":"xpath","value":"//*[@id=\"__tile102\"]"}
RESULT: {"using":"xpath","value":"//*[@id=\"__tile102\"]"}
COMMAND: POST /session/46f876eb5e248516228a453ac1f13759/element/f.6E9F8F4BF32ABDA1B7AB88C579A79FC6.d.FE17784B0556A29ADD787F1BEE81014F.e.2822/click - {}
RESULT: {}
COMMAND: GET /session/46f876eb5e248516228a453ac1f13759/screenshot - {}
RESULT: {}
RESULT: undefined
COMMAND: POST /session/46f876eb5e248516228a453ac1f13759/element - {"using":"xpath","value":"//*[@id=\"__tile102\"]"}
RESULT: {"using":"xpath","value":"//*[@id=\"__tile102\"]"}
COMMAND: POST /session/46f876eb5e248516228a453ac1f13759/element/f.6E9F8F4BF32ABDA1B7AB88C579A79FC6.d.FE17784B0556A29ADD787F1BEE81014F.e.2822/click - {}
RESULT: undefined
COMMAND: POST /session/46f876eb5e248516228a453ac1f13759/element - {"using":"xpath","value":"//*[@id=\"__tile102\"]"}
RESULT: {"using":"xpath","value":"//*[@id=\"__tile102\"]"}
COMMAND: POST /session/46f876eb5e248516228a453ac1f13759/element/f.6E9F8F4BF32ABDA1B7AB88C579A79FC6.d.FE17784B0556A29ADD787F1BEE81014F.e.2822/click - {}
RESULT: undefined
COMMAND: POST /session/46f876eb5e248516228a453ac1f13759/execute/async - {"script":"<script> [6424 bytes]","args":[{"element-6066-11e4-a52e-4f735466cecf":"f.6E9F8F4BF32ABDA1B7AB88C579A79FC6.d.FE17784B0556A29ADD787F1BEE81014F.e.281"},"getTitle",[]]}
COMMAND: POST /session/46f876eb5e248516228a453ac1f13759/execute/async - {"script":"<script> [1562 bytes]","args":[{"selector":{"id":"shellAppTitle"},"wdio_ui5_key":"shellAppTitle"}]}
RESULT: {"script":"<script> [1562 bytes]","args":[{"selector":{"id":"shellAppTitle"},"wdio_ui5_key":"shellAppTitle"}]}
COMMAND: POST /session/46f876eb5e248516228a453ac1f13759/execute/async - {"script":"<script> [6424 bytes]","args":[{"element-6066-11e4-a52e-4f735466cecf":"f.6E9F8F4BF32ABDA1B7AB88C579A79FC6.d.FE17784B0556A29ADD787F1BEE81014F.e.2890"},"getTitle",[]]}
RESULT: {"script":"<script> [6424 bytes]","args":[{"element-6066-11e4-a52e-4f735466cecf":"f.6E9F8F4BF32ABDA1B7AB88C579A79FC6.d.FE17784B0556A29ADD787F1BEE81014F.e.2890"},"getTitle",[]]}
RESULT: undefined
COMMAND: POST /session/46f876eb5e248516228a453ac1f13759/element/f.6E9F8F4BF32ABDA1B7AB88C579A79FC6.d.FE17784B0556A29ADD787F1BEE81014F.e.2820/click - {}
RESULT: {}
COMMAND: GET /session/46f876eb5e248516228a453ac1f13759/screenshot - {}
RESULT: {}
]]></system-out>
    </testcase>
    <testcase classname="chrome.135_0_7049_42.windows.Sanity_Tests_US104253" name="Should open Site Overview page" time="33.159">
      <system-out><![CDATA[
COMMAND: POST /session/46f876eb5e248516228a453ac1f13759/execute/async - {"script":"<script> [1562 bytes]","args":[{"selector":{"controlType":"sap.m.GenericTile","properties":{"header":"Site Overview"}},"wdio_ui5_key":"sapm.GenericTile{\"header\":\"Site Overview\"}"}]}
RESULT: {"script":"<script> [1562 bytes]","args":[{"selector":{"controlType":"sap.m.GenericTile","properties":{"header":"Site Overview"}},"wdio_ui5_key":"sapm.GenericTile{\"header\":\"Site Overview\"}"}]}
RESULT: undefined
COMMAND: POST /session/46f876eb5e248516228a453ac1f13759/element - {"using":"xpath","value":"//*[@id=\"__tile100\"]"}
RESULT: {"using":"xpath","value":"//*[@id=\"__tile100\"]"}
COMMAND: POST /session/46f876eb5e248516228a453ac1f13759/element/f.6E9F8F4BF32ABDA1B7AB88C579A79FC6.d.FE17784B0556A29ADD787F1BEE81014F.e.2893/click - {}
RESULT: {}
COMMAND: GET /session/46f876eb5e248516228a453ac1f13759/screenshot - {}
RESULT: {}
RESULT: undefined
COMMAND: POST /session/46f876eb5e248516228a453ac1f13759/element - {"using":"xpath","value":"//*[@id=\"__tile100\"]"}
RESULT: {"using":"xpath","value":"//*[@id=\"__tile100\"]"}
COMMAND: POST /session/46f876eb5e248516228a453ac1f13759/element/f.6E9F8F4BF32ABDA1B7AB88C579A79FC6.d.FE17784B0556A29ADD787F1BEE81014F.e.2893/click - {}
RESULT: undefined
COMMAND: POST /session/46f876eb5e248516228a453ac1f13759/element - {"using":"xpath","value":"//*[@id=\"__tile100\"]"}
RESULT: {"using":"xpath","value":"//*[@id=\"__tile100\"]"}
COMMAND: POST /session/46f876eb5e248516228a453ac1f13759/element/f.6E9F8F4BF32ABDA1B7AB88C579A79FC6.d.FE17784B0556A29ADD787F1BEE81014F.e.2893/click - {}
RESULT: undefined
COMMAND: POST /session/46f876eb5e248516228a453ac1f13759/execute/async - {"script":"<script> [6424 bytes]","args":[{"element-6066-11e4-a52e-4f735466cecf":"f.6E9F8F4BF32ABDA1B7AB88C579A79FC6.d.FE17784B0556A29ADD787F1BEE81014F.e.281"},"getTitle",[]]}
COMMAND: POST /session/46f876eb5e248516228a453ac1f13759/execute/async - {"script":"<script> [1562 bytes]","args":[{"selector":{"id":"shellAppTitle"},"wdio_ui5_key":"shellAppTitle"}]}
RESULT: {"script":"<script> [1562 bytes]","args":[{"selector":{"id":"shellAppTitle"},"wdio_ui5_key":"shellAppTitle"}]}
COMMAND: POST /session/46f876eb5e248516228a453ac1f13759/execute/async - {"script":"<script> [6424 bytes]","args":[{"element-6066-11e4-a52e-4f735466cecf":"f.6E9F8F4BF32ABDA1B7AB88C579A79FC6.d.FE17784B0556A29ADD787F1BEE81014F.e.3016"},"getTitle",[]]}
RESULT: {"script":"<script> [6424 bytes]","args":[{"element-6066-11e4-a52e-4f735466cecf":"f.6E9F8F4BF32ABDA1B7AB88C579A79FC6.d.FE17784B0556A29ADD787F1BEE81014F.e.3016"},"getTitle",[]]}
RESULT: undefined
COMMAND: POST /session/46f876eb5e248516228a453ac1f13759/element/f.6E9F8F4BF32ABDA1B7AB88C579A79FC6.d.FE17784B0556A29ADD787F1BEE81014F.e.2820/click - {}
COMMAND: POST /session/46f876eb5e248516228a453ac1f13759/element - {"using":"xpath","value":"//*[@id=\"backBtn\"]"}
RESULT: {"using":"xpath","value":"//*[@id=\"backBtn\"]"}
COMMAND: POST /session/46f876eb5e248516228a453ac1f13759/element/f.6E9F8F4BF32ABDA1B7AB88C579A79FC6.d.FE17784B0556A29ADD787F1BEE81014F.e.2820/click - {}
COMMAND: POST /session/46f876eb5e248516228a453ac1f13759/element - {"using":"xpath","value":"//*[@id=\"backBtn\"]"}
RESULT: {"using":"xpath","value":"//*[@id=\"backBtn\"]"}
COMMAND: POST /session/46f876eb5e248516228a453ac1f13759/element/f.6E9F8F4BF32ABDA1B7AB88C579A79FC6.d.FE17784B0556A29ADD787F1BEE81014F.e.3017/click - {}
RESULT: {}
COMMAND: GET /session/46f876eb5e248516228a453ac1f13759/screenshot - {}
RESULT: {}
]]></system-out>
    </testcase>
    <testcase classname="chrome.135_0_7049_42.windows.Sanity_Tests_US104253" name="Should open Trace Track Resources page" time="32.736">
      <system-out><![CDATA[
COMMAND: POST /session/46f876eb5e248516228a453ac1f13759/execute/async - {"script":"<script> [1562 bytes]","args":[{"selector":{"controlType":"sap.m.GenericTile","properties":{"header":"Trace & Track Resources"}},"wdio_ui5_key":"sapm.GenericTile{\"header\":\"Trace & Track Resources\"}"}]}
RESULT: {"script":"<script> [1562 bytes]","args":[{"selector":{"controlType":"sap.m.GenericTile","properties":{"header":"Trace & Track Resources"}},"wdio_ui5_key":"sapm.GenericTile{\"header\":\"Trace & Track Resources\"}"}]}
RESULT: undefined
COMMAND: POST /session/46f876eb5e248516228a453ac1f13759/element - {"using":"xpath","value":"//*[@id=\"__tile101\"]"}
RESULT: {"using":"xpath","value":"//*[@id=\"__tile101\"]"}
COMMAND: POST /session/46f876eb5e248516228a453ac1f13759/element/f.6E9F8F4BF32ABDA1B7AB88C579A79FC6.d.FE17784B0556A29ADD787F1BEE81014F.e.3020/click - {}
RESULT: {}
COMMAND: GET /session/46f876eb5e248516228a453ac1f13759/screenshot - {}
RESULT: {}
RESULT: undefined
COMMAND: POST /session/46f876eb5e248516228a453ac1f13759/element - {"using":"xpath","value":"//*[@id=\"__tile101\"]"}
RESULT: {"using":"xpath","value":"//*[@id=\"__tile101\"]"}
COMMAND: POST /session/46f876eb5e248516228a453ac1f13759/element/f.6E9F8F4BF32ABDA1B7AB88C579A79FC6.d.FE17784B0556A29ADD787F1BEE81014F.e.3020/click - {}
RESULT: undefined
COMMAND: POST /session/46f876eb5e248516228a453ac1f13759/element - {"using":"xpath","value":"//*[@id=\"__tile101\"]"}
RESULT: {"using":"xpath","value":"//*[@id=\"__tile101\"]"}
COMMAND: POST /session/46f876eb5e248516228a453ac1f13759/element/f.6E9F8F4BF32ABDA1B7AB88C579A79FC6.d.FE17784B0556A29ADD787F1BEE81014F.e.3020/click - {}
RESULT: undefined
COMMAND: POST /session/46f876eb5e248516228a453ac1f13759/execute/async - {"script":"<script> [6424 bytes]","args":[{"element-6066-11e4-a52e-4f735466cecf":"f.6E9F8F4BF32ABDA1B7AB88C579A79FC6.d.FE17784B0556A29ADD787F1BEE81014F.e.281"},"getTitle",[]]}
COMMAND: POST /session/46f876eb5e248516228a453ac1f13759/execute/async - {"script":"<script> [1562 bytes]","args":[{"selector":{"id":"shellAppTitle"},"wdio_ui5_key":"shellAppTitle"}]}
RESULT: {"script":"<script> [1562 bytes]","args":[{"selector":{"id":"shellAppTitle"},"wdio_ui5_key":"shellAppTitle"}]}
COMMAND: POST /session/46f876eb5e248516228a453ac1f13759/execute/async - {"script":"<script> [6424 bytes]","args":[{"element-6066-11e4-a52e-4f735466cecf":"f.6E9F8F4BF32ABDA1B7AB88C579A79FC6.d.FE17784B0556A29ADD787F1BEE81014F.e.3056"},"getTitle",[]]}
RESULT: {"script":"<script> [6424 bytes]","args":[{"element-6066-11e4-a52e-4f735466cecf":"f.6E9F8F4BF32ABDA1B7AB88C579A79FC6.d.FE17784B0556A29ADD787F1BEE81014F.e.3056"},"getTitle",[]]}
RESULT: undefined
COMMAND: POST /session/46f876eb5e248516228a453ac1f13759/element/f.6E9F8F4BF32ABDA1B7AB88C579A79FC6.d.FE17784B0556A29ADD787F1BEE81014F.e.3017/click - {}
RESULT: {}
COMMAND: GET /session/46f876eb5e248516228a453ac1f13759/screenshot - {}
RESULT: {}
]]></system-out>
    </testcase>
    <testcase classname="chrome.135_0_7049_42.windows.Sanity_Tests_US104253" name="Should open RU Inventory List page" time="32.068">
      <system-out><![CDATA[
COMMAND: POST /session/46f876eb5e248516228a453ac1f13759/execute/async - {"script":"<script> [1562 bytes]","args":[{"selector":{"controlType":"sap.m.GenericTile","properties":{"header":"RU Inventory List"}},"wdio_ui5_key":"sapm.GenericTile{\"header\":\"RU Inventory List\"}"}]}
RESULT: {"script":"<script> [1562 bytes]","args":[{"selector":{"controlType":"sap.m.GenericTile","properties":{"header":"RU Inventory List"}},"wdio_ui5_key":"sapm.GenericTile{\"header\":\"RU Inventory List\"}"}]}
RESULT: undefined
COMMAND: POST /session/46f876eb5e248516228a453ac1f13759/element - {"using":"xpath","value":"//*[@id=\"__tile99\"]"}
RESULT: {"using":"xpath","value":"//*[@id=\"__tile99\"]"}
COMMAND: POST /session/46f876eb5e248516228a453ac1f13759/element/f.6E9F8F4BF32ABDA1B7AB88C579A79FC6.d.FE17784B0556A29ADD787F1BEE81014F.e.3058/click - {}
RESULT: {}
COMMAND: GET /session/46f876eb5e248516228a453ac1f13759/screenshot - {}
RESULT: {}
RESULT: undefined
COMMAND: POST /session/46f876eb5e248516228a453ac1f13759/element - {"using":"xpath","value":"//*[@id=\"__tile99\"]"}
RESULT: {"using":"xpath","value":"//*[@id=\"__tile99\"]"}
COMMAND: POST /session/46f876eb5e248516228a453ac1f13759/element/f.6E9F8F4BF32ABDA1B7AB88C579A79FC6.d.FE17784B0556A29ADD787F1BEE81014F.e.3058/click - {}
RESULT: undefined
COMMAND: POST /session/46f876eb5e248516228a453ac1f13759/element - {"using":"xpath","value":"//*[@id=\"__tile99\"]"}
RESULT: {"using":"xpath","value":"//*[@id=\"__tile99\"]"}
COMMAND: POST /session/46f876eb5e248516228a453ac1f13759/element/f.6E9F8F4BF32ABDA1B7AB88C579A79FC6.d.FE17784B0556A29ADD787F1BEE81014F.e.3058/click - {}
RESULT: undefined
COMMAND: POST /session/46f876eb5e248516228a453ac1f13759/execute/async - {"script":"<script> [6424 bytes]","args":[{"element-6066-11e4-a52e-4f735466cecf":"f.6E9F8F4BF32ABDA1B7AB88C579A79FC6.d.FE17784B0556A29ADD787F1BEE81014F.e.281"},"getTitle",[]]}
COMMAND: POST /session/46f876eb5e248516228a453ac1f13759/execute/async - {"script":"<script> [1562 bytes]","args":[{"selector":{"id":"shellAppTitle"},"wdio_ui5_key":"shellAppTitle"}]}
RESULT: {"script":"<script> [1562 bytes]","args":[{"selector":{"id":"shellAppTitle"},"wdio_ui5_key":"shellAppTitle"}]}
COMMAND: POST /session/46f876eb5e248516228a453ac1f13759/execute/async - {"script":"<script> [6424 bytes]","args":[{"element-6066-11e4-a52e-4f735466cecf":"f.6E9F8F4BF32ABDA1B7AB88C579A79FC6.d.FE17784B0556A29ADD787F1BEE81014F.e.3259"},"getTitle",[]]}
RESULT: {"script":"<script> [6424 bytes]","args":[{"element-6066-11e4-a52e-4f735466cecf":"f.6E9F8F4BF32ABDA1B7AB88C579A79FC6.d.FE17784B0556A29ADD787F1BEE81014F.e.3259"},"getTitle",[]]}
RESULT: undefined
COMMAND: POST /session/46f876eb5e248516228a453ac1f13759/element/f.6E9F8F4BF32ABDA1B7AB88C579A79FC6.d.FE17784B0556A29ADD787F1BEE81014F.e.3017/click - {}
COMMAND: POST /session/46f876eb5e248516228a453ac1f13759/element - {"using":"xpath","value":"//*[@id=\"backBtn\"]"}
RESULT: {"using":"xpath","value":"//*[@id=\"backBtn\"]"}
COMMAND: POST /session/46f876eb5e248516228a453ac1f13759/element/f.6E9F8F4BF32ABDA1B7AB88C579A79FC6.d.FE17784B0556A29ADD787F1BEE81014F.e.3017/click - {}
COMMAND: POST /session/46f876eb5e248516228a453ac1f13759/element - {"using":"xpath","value":"//*[@id=\"backBtn\"]"}
RESULT: {"using":"xpath","value":"//*[@id=\"backBtn\"]"}
COMMAND: POST /session/46f876eb5e248516228a453ac1f13759/element/f.6E9F8F4BF32ABDA1B7AB88C579A79FC6.d.FE17784B0556A29ADD787F1BEE81014F.e.3260/click - {}
RESULT: {}
COMMAND: GET /session/46f876eb5e248516228a453ac1f13759/screenshot - {}
RESULT: {}
]]></system-out>
    </testcase>
    <testcase classname="chrome.135_0_7049_42.windows.Sanity_Tests_US104253" name="Should open Contracts Dashboard page" time="34.716">
      <system-out><![CDATA[
COMMAND: POST /session/46f876eb5e248516228a453ac1f13759/execute/async - {"script":"<script> [1562 bytes]","args":[{"selector":{"controlType":"sap.m.GenericTile","properties":{"header":"Contracts Dashboard"}},"wdio_ui5_key":"sapm.GenericTile{\"header\":\"Contracts Dashboard\"}"}]}
RESULT: {"script":"<script> [1562 bytes]","args":[{"selector":{"controlType":"sap.m.GenericTile","properties":{"header":"Contracts Dashboard"}},"wdio_ui5_key":"sapm.GenericTile{\"header\":\"Contracts Dashboard\"}"}]}
RESULT: undefined
COMMAND: POST /session/46f876eb5e248516228a453ac1f13759/element - {"using":"xpath","value":"//*[@id=\"__tile97\"]"}
RESULT: {"using":"xpath","value":"//*[@id=\"__tile97\"]"}
COMMAND: POST /session/46f876eb5e248516228a453ac1f13759/element/f.6E9F8F4BF32ABDA1B7AB88C579A79FC6.d.FE17784B0556A29ADD787F1BEE81014F.e.3262/click - {}
RESULT: {}
COMMAND: GET /session/46f876eb5e248516228a453ac1f13759/screenshot - {}
RESULT: {}
RESULT: undefined
COMMAND: POST /session/46f876eb5e248516228a453ac1f13759/element - {"using":"xpath","value":"//*[@id=\"__tile97\"]"}
RESULT: {"using":"xpath","value":"//*[@id=\"__tile97\"]"}
COMMAND: POST /session/46f876eb5e248516228a453ac1f13759/element/f.6E9F8F4BF32ABDA1B7AB88C579A79FC6.d.FE17784B0556A29ADD787F1BEE81014F.e.3262/click - {}
RESULT: undefined
COMMAND: POST /session/46f876eb5e248516228a453ac1f13759/element - {"using":"xpath","value":"//*[@id=\"__tile97\"]"}
RESULT: {"using":"xpath","value":"//*[@id=\"__tile97\"]"}
COMMAND: POST /session/46f876eb5e248516228a453ac1f13759/element/f.6E9F8F4BF32ABDA1B7AB88C579A79FC6.d.FE17784B0556A29ADD787F1BEE81014F.e.3262/click - {}
RESULT: undefined
COMMAND: POST /session/46f876eb5e248516228a453ac1f13759/execute/async - {"script":"<script> [6424 bytes]","args":[{"element-6066-11e4-a52e-4f735466cecf":"f.6E9F8F4BF32ABDA1B7AB88C579A79FC6.d.FE17784B0556A29ADD787F1BEE81014F.e.281"},"getTitle",[]]}
COMMAND: POST /session/46f876eb5e248516228a453ac1f13759/execute/async - {"script":"<script> [1562 bytes]","args":[{"selector":{"id":"shellAppTitle"},"wdio_ui5_key":"shellAppTitle"}]}
RESULT: {"script":"<script> [1562 bytes]","args":[{"selector":{"id":"shellAppTitle"},"wdio_ui5_key":"shellAppTitle"}]}
COMMAND: POST /session/46f876eb5e248516228a453ac1f13759/execute/async - {"script":"<script> [6424 bytes]","args":[{"element-6066-11e4-a52e-4f735466cecf":"f.6E9F8F4BF32ABDA1B7AB88C579A79FC6.d.FE17784B0556A29ADD787F1BEE81014F.e.3281"},"getTitle",[]]}
RESULT: {"script":"<script> [6424 bytes]","args":[{"element-6066-11e4-a52e-4f735466cecf":"f.6E9F8F4BF32ABDA1B7AB88C579A79FC6.d.FE17784B0556A29ADD787F1BEE81014F.e.3281"},"getTitle",[]]}
RESULT: undefined
COMMAND: POST /session/46f876eb5e248516228a453ac1f13759/element/f.6E9F8F4BF32ABDA1B7AB88C579A79FC6.d.FE17784B0556A29ADD787F1BEE81014F.e.3260/click - {}
RESULT: {}
COMMAND: GET /session/46f876eb5e248516228a453ac1f13759/screenshot - {}
RESULT: {}
]]></system-out>
    </testcase>
    <testcase classname="chrome.135_0_7049_42.windows.Sanity_Tests_US104253" name="Should open Bin Status Report page" time="34.824">
      <system-out><![CDATA[
COMMAND: POST /session/46f876eb5e248516228a453ac1f13759/execute/async - {"script":"<script> [1562 bytes]","args":[{"selector":{"controlType":"sap.m.GenericTile","properties":{"header":"Bin Status Report"}},"wdio_ui5_key":"sapm.GenericTile{\"header\":\"Bin Status Report\"}"}]}
RESULT: {"script":"<script> [1562 bytes]","args":[{"selector":{"controlType":"sap.m.GenericTile","properties":{"header":"Bin Status Report"}},"wdio_ui5_key":"sapm.GenericTile{\"header\":\"Bin Status Report\"}"}]}
RESULT: undefined
COMMAND: POST /session/46f876eb5e248516228a453ac1f13759/element - {"using":"xpath","value":"//*[@id=\"__tile104\"]"}
RESULT: {"using":"xpath","value":"//*[@id=\"__tile104\"]"}
COMMAND: POST /session/46f876eb5e248516228a453ac1f13759/element/f.6E9F8F4BF32ABDA1B7AB88C579A79FC6.d.FE17784B0556A29ADD787F1BEE81014F.e.3283/click - {}
RESULT: {}
COMMAND: GET /session/46f876eb5e248516228a453ac1f13759/screenshot - {}
RESULT: {}
RESULT: undefined
COMMAND: POST /session/46f876eb5e248516228a453ac1f13759/element - {"using":"xpath","value":"//*[@id=\"__tile104\"]"}
RESULT: {"using":"xpath","value":"//*[@id=\"__tile104\"]"}
COMMAND: POST /session/46f876eb5e248516228a453ac1f13759/element/f.6E9F8F4BF32ABDA1B7AB88C579A79FC6.d.FE17784B0556A29ADD787F1BEE81014F.e.3283/click - {}
RESULT: undefined
COMMAND: POST /session/46f876eb5e248516228a453ac1f13759/element - {"using":"xpath","value":"//*[@id=\"__tile104\"]"}
RESULT: {"using":"xpath","value":"//*[@id=\"__tile104\"]"}
COMMAND: POST /session/46f876eb5e248516228a453ac1f13759/element/f.6E9F8F4BF32ABDA1B7AB88C579A79FC6.d.FE17784B0556A29ADD787F1BEE81014F.e.3283/click - {}
RESULT: undefined
COMMAND: POST /session/46f876eb5e248516228a453ac1f13759/execute/async - {"script":"<script> [6424 bytes]","args":[{"element-6066-11e4-a52e-4f735466cecf":"f.6E9F8F4BF32ABDA1B7AB88C579A79FC6.d.FE17784B0556A29ADD787F1BEE81014F.e.281"},"getTitle",[]]}
COMMAND: POST /session/46f876eb5e248516228a453ac1f13759/execute/async - {"script":"<script> [1562 bytes]","args":[{"selector":{"id":"shellAppTitle"},"wdio_ui5_key":"shellAppTitle"}]}
RESULT: {"script":"<script> [1562 bytes]","args":[{"selector":{"id":"shellAppTitle"},"wdio_ui5_key":"shellAppTitle"}]}
COMMAND: POST /session/46f876eb5e248516228a453ac1f13759/execute/async - {"script":"<script> [6424 bytes]","args":[{"element-6066-11e4-a52e-4f735466cecf":"f.6E9F8F4BF32ABDA1B7AB88C579A79FC6.d.FE17784B0556A29ADD787F1BEE81014F.e.3383"},"getTitle",[]]}
RESULT: {"script":"<script> [6424 bytes]","args":[{"element-6066-11e4-a52e-4f735466cecf":"f.6E9F8F4BF32ABDA1B7AB88C579A79FC6.d.FE17784B0556A29ADD787F1BEE81014F.e.3383"},"getTitle",[]]}
RESULT: undefined
COMMAND: POST /session/46f876eb5e248516228a453ac1f13759/element/f.6E9F8F4BF32ABDA1B7AB88C579A79FC6.d.FE17784B0556A29ADD787F1BEE81014F.e.3260/click - {}
COMMAND: POST /session/46f876eb5e248516228a453ac1f13759/element - {"using":"xpath","value":"//*[@id=\"backBtn\"]"}
RESULT: {"using":"xpath","value":"//*[@id=\"backBtn\"]"}
COMMAND: POST /session/46f876eb5e248516228a453ac1f13759/element/f.6E9F8F4BF32ABDA1B7AB88C579A79FC6.d.FE17784B0556A29ADD787F1BEE81014F.e.3260/click - {}
COMMAND: POST /session/46f876eb5e248516228a453ac1f13759/element - {"using":"xpath","value":"//*[@id=\"backBtn\"]"}
RESULT: {"using":"xpath","value":"//*[@id=\"backBtn\"]"}
COMMAND: POST /session/46f876eb5e248516228a453ac1f13759/element/f.6E9F8F4BF32ABDA1B7AB88C579A79FC6.d.FE17784B0556A29ADD787F1BEE81014F.e.3384/click - {}
RESULT: {}
COMMAND: GET /session/46f876eb5e248516228a453ac1f13759/screenshot - {}
RESULT: {}
]]></system-out>
    </testcase>
    <testcase classname="chrome.135_0_7049_42.windows.Sanity_Tests_US104253" name="Should open Manage Warehouse Movements page" time="33.974">
      <system-out><![CDATA[
COMMAND: POST /session/46f876eb5e248516228a453ac1f13759/execute/async - {"script":"<script> [1562 bytes]","args":[{"selector":{"controlType":"sap.m.GenericTile","properties":{"header":"Manage Warehouse Movements"}},"wdio_ui5_key":"sapm.GenericTile{\"header\":\"Manage Warehouse Movements\"}"}]}
RESULT: {"script":"<script> [1562 bytes]","args":[{"selector":{"controlType":"sap.m.GenericTile","properties":{"header":"Manage Warehouse Movements"}},"wdio_ui5_key":"sapm.GenericTile{\"header\":\"Manage Warehouse Movements\"}"}]}
RESULT: undefined
COMMAND: POST /session/46f876eb5e248516228a453ac1f13759/element - {"using":"xpath","value":"//*[@id=\"__tile105\"]"}
RESULT: {"using":"xpath","value":"//*[@id=\"__tile105\"]"}
COMMAND: POST /session/46f876eb5e248516228a453ac1f13759/element/f.6E9F8F4BF32ABDA1B7AB88C579A79FC6.d.FE17784B0556A29ADD787F1BEE81014F.e.3388/click - {}
RESULT: {}
COMMAND: GET /session/46f876eb5e248516228a453ac1f13759/screenshot - {}
RESULT: {}
RESULT: undefined
COMMAND: POST /session/46f876eb5e248516228a453ac1f13759/element - {"using":"xpath","value":"//*[@id=\"__tile105\"]"}
RESULT: {"using":"xpath","value":"//*[@id=\"__tile105\"]"}
COMMAND: POST /session/46f876eb5e248516228a453ac1f13759/element/f.6E9F8F4BF32ABDA1B7AB88C579A79FC6.d.FE17784B0556A29ADD787F1BEE81014F.e.3388/click - {}
RESULT: undefined
COMMAND: POST /session/46f876eb5e248516228a453ac1f13759/element - {"using":"xpath","value":"//*[@id=\"__tile105\"]"}
RESULT: {"using":"xpath","value":"//*[@id=\"__tile105\"]"}
COMMAND: POST /session/46f876eb5e248516228a453ac1f13759/element/f.6E9F8F4BF32ABDA1B7AB88C579A79FC6.d.FE17784B0556A29ADD787F1BEE81014F.e.3388/click - {}
RESULT: undefined
COMMAND: POST /session/46f876eb5e248516228a453ac1f13759/execute/async - {"script":"<script> [6424 bytes]","args":[{"element-6066-11e4-a52e-4f735466cecf":"f.6E9F8F4BF32ABDA1B7AB88C579A79FC6.d.FE17784B0556A29ADD787F1BEE81014F.e.281"},"getTitle",[]]}
COMMAND: POST /session/46f876eb5e248516228a453ac1f13759/execute/async - {"script":"<script> [1562 bytes]","args":[{"selector":{"id":"shellAppTitle"},"wdio_ui5_key":"shellAppTitle"}]}
RESULT: {"script":"<script> [1562 bytes]","args":[{"selector":{"id":"shellAppTitle"},"wdio_ui5_key":"shellAppTitle"}]}
COMMAND: POST /session/46f876eb5e248516228a453ac1f13759/execute/async - {"script":"<script> [6424 bytes]","args":[{"element-6066-11e4-a52e-4f735466cecf":"f.6E9F8F4BF32ABDA1B7AB88C579A79FC6.d.FE17784B0556A29ADD787F1BEE81014F.e.3492"},"getTitle",[]]}
RESULT: {"script":"<script> [6424 bytes]","args":[{"element-6066-11e4-a52e-4f735466cecf":"f.6E9F8F4BF32ABDA1B7AB88C579A79FC6.d.FE17784B0556A29ADD787F1BEE81014F.e.3492"},"getTitle",[]]}
RESULT: undefined
COMMAND: POST /session/46f876eb5e248516228a453ac1f13759/element/f.6E9F8F4BF32ABDA1B7AB88C579A79FC6.d.FE17784B0556A29ADD787F1BEE81014F.e.3384/click - {}
RESULT: {}
COMMAND: GET /session/46f876eb5e248516228a453ac1f13759/screenshot - {}
RESULT: {}
]]></system-out>
    </testcase>
    <testcase classname="chrome.135_0_7049_42.windows.Sanity_Tests_US104253" name="Should open Bin Inventory List page" time="42.737">
      <system-out><![CDATA[
COMMAND: POST /session/46f876eb5e248516228a453ac1f13759/execute/async - {"script":"<script> [1562 bytes]","args":[{"selector":{"controlType":"sap.m.GenericTile","properties":{"header":"Bin Inventory List"}},"wdio_ui5_key":"sapm.GenericTile{\"header\":\"Bin Inventory List\"}"}]}
RESULT: {"script":"<script> [1562 bytes]","args":[{"selector":{"controlType":"sap.m.GenericTile","properties":{"header":"Bin Inventory List"}},"wdio_ui5_key":"sapm.GenericTile{\"header\":\"Bin Inventory List\"}"}]}
RESULT: undefined
COMMAND: POST /session/46f876eb5e248516228a453ac1f13759/element - {"using":"xpath","value":"//*[@id=\"__tile103\"]"}
RESULT: {"using":"xpath","value":"//*[@id=\"__tile103\"]"}
COMMAND: POST /session/46f876eb5e248516228a453ac1f13759/element/f.6E9F8F4BF32ABDA1B7AB88C579A79FC6.d.FE17784B0556A29ADD787F1BEE81014F.e.3494/click - {}
RESULT: {}
COMMAND: GET /session/46f876eb5e248516228a453ac1f13759/screenshot - {}
RESULT: {}
RESULT: undefined
COMMAND: POST /session/46f876eb5e248516228a453ac1f13759/element - {"using":"xpath","value":"//*[@id=\"__tile103\"]"}
RESULT: {"using":"xpath","value":"//*[@id=\"__tile103\"]"}
COMMAND: POST /session/46f876eb5e248516228a453ac1f13759/element/f.6E9F8F4BF32ABDA1B7AB88C579A79FC6.d.FE17784B0556A29ADD787F1BEE81014F.e.3494/click - {}
RESULT: undefined
COMMAND: POST /session/46f876eb5e248516228a453ac1f13759/element - {"using":"xpath","value":"//*[@id=\"__tile103\"]"}
RESULT: {"using":"xpath","value":"//*[@id=\"__tile103\"]"}
COMMAND: POST /session/46f876eb5e248516228a453ac1f13759/element/f.6E9F8F4BF32ABDA1B7AB88C579A79FC6.d.FE17784B0556A29ADD787F1BEE81014F.e.3494/click - {}
RESULT: undefined
COMMAND: POST /session/46f876eb5e248516228a453ac1f13759/execute/async - {"script":"<script> [6424 bytes]","args":[{"element-6066-11e4-a52e-4f735466cecf":"f.6E9F8F4BF32ABDA1B7AB88C579A79FC6.d.FE17784B0556A29ADD787F1BEE81014F.e.281"},"getTitle",[]]}
COMMAND: POST /session/46f876eb5e248516228a453ac1f13759/execute/async - {"script":"<script> [1562 bytes]","args":[{"selector":{"id":"shellAppTitle"},"wdio_ui5_key":"shellAppTitle"}]}
RESULT: {"script":"<script> [1562 bytes]","args":[{"selector":{"id":"shellAppTitle"},"wdio_ui5_key":"shellAppTitle"}]}
COMMAND: POST /session/46f876eb5e248516228a453ac1f13759/execute/async - {"script":"<script> [6424 bytes]","args":[{"element-6066-11e4-a52e-4f735466cecf":"f.6E9F8F4BF32ABDA1B7AB88C579A79FC6.d.FE17784B0556A29ADD787F1BEE81014F.e.3585"},"getTitle",[]]}
RESULT: {"script":"<script> [6424 bytes]","args":[{"element-6066-11e4-a52e-4f735466cecf":"f.6E9F8F4BF32ABDA1B7AB88C579A79FC6.d.FE17784B0556A29ADD787F1BEE81014F.e.3585"},"getTitle",[]]}
RESULT: undefined
COMMAND: POST /session/46f876eb5e248516228a453ac1f13759/element/f.6E9F8F4BF32ABDA1B7AB88C579A79FC6.d.FE17784B0556A29ADD787F1BEE81014F.e.3384/click - {}
COMMAND: POST /session/46f876eb5e248516228a453ac1f13759/element - {"using":"xpath","value":"//*[@id=\"backBtn\"]"}
RESULT: {"using":"xpath","value":"//*[@id=\"backBtn\"]"}
COMMAND: POST /session/46f876eb5e248516228a453ac1f13759/element/f.6E9F8F4BF32ABDA1B7AB88C579A79FC6.d.FE17784B0556A29ADD787F1BEE81014F.e.3384/click - {}
COMMAND: POST /session/46f876eb5e248516228a453ac1f13759/element - {"using":"xpath","value":"//*[@id=\"backBtn\"]"}
RESULT: {"using":"xpath","value":"//*[@id=\"backBtn\"]"}
COMMAND: POST /session/46f876eb5e248516228a453ac1f13759/element/f.6E9F8F4BF32ABDA1B7AB88C579A79FC6.d.FE17784B0556A29ADD787F1BEE81014F.e.3586/click - {}
RESULT: {}
COMMAND: GET /session/46f876eb5e248516228a453ac1f13759/screenshot - {}
RESULT: {}
]]></system-out>
    </testcase>
    <testcase classname="chrome.135_0_7049_42.windows.Sanity_Tests_US104253" name="Should open ISC Templates page" time="33.47">
      <system-out><![CDATA[
COMMAND: POST /session/46f876eb5e248516228a453ac1f13759/execute/async - {"script":"<script> [1562 bytes]","args":[{"selector":{"controlType":"sap.m.GenericTile","properties":{"header":"ISC Templates"}},"wdio_ui5_key":"sapm.GenericTile{\"header\":\"ISC Templates\"}"}]}
RESULT: {"script":"<script> [1562 bytes]","args":[{"selector":{"controlType":"sap.m.GenericTile","properties":{"header":"ISC Templates"}},"wdio_ui5_key":"sapm.GenericTile{\"header\":\"ISC Templates\"}"}]}
RESULT: undefined
COMMAND: POST /session/46f876eb5e248516228a453ac1f13759/element - {"using":"xpath","value":"//*[@id=\"__tile111\"]"}
RESULT: {"using":"xpath","value":"//*[@id=\"__tile111\"]"}
COMMAND: POST /session/46f876eb5e248516228a453ac1f13759/element/f.6E9F8F4BF32ABDA1B7AB88C579A79FC6.d.FE17784B0556A29ADD787F1BEE81014F.e.3588/click - {}
RESULT: {}
COMMAND: GET /session/46f876eb5e248516228a453ac1f13759/screenshot - {}
RESULT: {}
RESULT: undefined
COMMAND: POST /session/46f876eb5e248516228a453ac1f13759/element - {"using":"xpath","value":"//*[@id=\"__tile111\"]"}
RESULT: {"using":"xpath","value":"//*[@id=\"__tile111\"]"}
COMMAND: POST /session/46f876eb5e248516228a453ac1f13759/element/f.6E9F8F4BF32ABDA1B7AB88C579A79FC6.d.FE17784B0556A29ADD787F1BEE81014F.e.3588/click - {}
RESULT: undefined
COMMAND: POST /session/46f876eb5e248516228a453ac1f13759/element - {"using":"xpath","value":"//*[@id=\"__tile111\"]"}
RESULT: {"using":"xpath","value":"//*[@id=\"__tile111\"]"}
COMMAND: POST /session/46f876eb5e248516228a453ac1f13759/element/f.6E9F8F4BF32ABDA1B7AB88C579A79FC6.d.FE17784B0556A29ADD787F1BEE81014F.e.3588/click - {}
RESULT: undefined
COMMAND: POST /session/46f876eb5e248516228a453ac1f13759/execute/async - {"script":"<script> [6424 bytes]","args":[{"element-6066-11e4-a52e-4f735466cecf":"f.6E9F8F4BF32ABDA1B7AB88C579A79FC6.d.FE17784B0556A29ADD787F1BEE81014F.e.281"},"getTitle",[]]}
COMMAND: POST /session/46f876eb5e248516228a453ac1f13759/execute/async - {"script":"<script> [1562 bytes]","args":[{"selector":{"id":"shellAppTitle"},"wdio_ui5_key":"shellAppTitle"}]}
RESULT: {"script":"<script> [1562 bytes]","args":[{"selector":{"id":"shellAppTitle"},"wdio_ui5_key":"shellAppTitle"}]}
COMMAND: POST /session/46f876eb5e248516228a453ac1f13759/execute/async - {"script":"<script> [6424 bytes]","args":[{"element-6066-11e4-a52e-4f735466cecf":"f.6E9F8F4BF32ABDA1B7AB88C579A79FC6.d.FE17784B0556A29ADD787F1BEE81014F.e.3656"},"getTitle",[]]}
RESULT: {"script":"<script> [6424 bytes]","args":[{"element-6066-11e4-a52e-4f735466cecf":"f.6E9F8F4BF32ABDA1B7AB88C579A79FC6.d.FE17784B0556A29ADD787F1BEE81014F.e.3656"},"getTitle",[]]}
RESULT: undefined
COMMAND: POST /session/46f876eb5e248516228a453ac1f13759/element/f.6E9F8F4BF32ABDA1B7AB88C579A79FC6.d.FE17784B0556A29ADD787F1BEE81014F.e.3586/click - {}
RESULT: {}
COMMAND: GET /session/46f876eb5e248516228a453ac1f13759/screenshot - {}
RESULT: {}
]]></system-out>
    </testcase>
    <testcase classname="chrome.135_0_7049_42.windows.Sanity_Tests_US104253" name="Should open ISC Schedules page" time="32.799">
      <system-out><![CDATA[
COMMAND: POST /session/46f876eb5e248516228a453ac1f13759/execute/async - {"script":"<script> [1562 bytes]","args":[{"selector":{"controlType":"sap.m.GenericTile","properties":{"header":"ISC Schedules"}},"wdio_ui5_key":"sapm.GenericTile{\"header\":\"ISC Schedules\"}"}]}
RESULT: {"script":"<script> [1562 bytes]","args":[{"selector":{"controlType":"sap.m.GenericTile","properties":{"header":"ISC Schedules"}},"wdio_ui5_key":"sapm.GenericTile{\"header\":\"ISC Schedules\"}"}]}
RESULT: undefined
COMMAND: POST /session/46f876eb5e248516228a453ac1f13759/element - {"using":"xpath","value":"//*[@id=\"__tile109\"]"}
RESULT: {"using":"xpath","value":"//*[@id=\"__tile109\"]"}
COMMAND: POST /session/46f876eb5e248516228a453ac1f13759/element/f.6E9F8F4BF32ABDA1B7AB88C579A79FC6.d.FE17784B0556A29ADD787F1BEE81014F.e.3659/click - {}
RESULT: {}
COMMAND: GET /session/46f876eb5e248516228a453ac1f13759/screenshot - {}
RESULT: {}
RESULT: undefined
COMMAND: POST /session/46f876eb5e248516228a453ac1f13759/element - {"using":"xpath","value":"//*[@id=\"__tile109\"]"}
RESULT: {"using":"xpath","value":"//*[@id=\"__tile109\"]"}
COMMAND: POST /session/46f876eb5e248516228a453ac1f13759/element/f.6E9F8F4BF32ABDA1B7AB88C579A79FC6.d.FE17784B0556A29ADD787F1BEE81014F.e.3659/click - {}
RESULT: undefined
COMMAND: POST /session/46f876eb5e248516228a453ac1f13759/element - {"using":"xpath","value":"//*[@id=\"__tile109\"]"}
RESULT: {"using":"xpath","value":"//*[@id=\"__tile109\"]"}
COMMAND: POST /session/46f876eb5e248516228a453ac1f13759/element/f.6E9F8F4BF32ABDA1B7AB88C579A79FC6.d.FE17784B0556A29ADD787F1BEE81014F.e.3659/click - {}
RESULT: undefined
COMMAND: POST /session/46f876eb5e248516228a453ac1f13759/execute/async - {"script":"<script> [6424 bytes]","args":[{"element-6066-11e4-a52e-4f735466cecf":"f.6E9F8F4BF32ABDA1B7AB88C579A79FC6.d.FE17784B0556A29ADD787F1BEE81014F.e.281"},"getTitle",[]]}
COMMAND: POST /session/46f876eb5e248516228a453ac1f13759/execute/async - {"script":"<script> [1562 bytes]","args":[{"selector":{"id":"shellAppTitle"},"wdio_ui5_key":"shellAppTitle"}]}
RESULT: {"script":"<script> [1562 bytes]","args":[{"selector":{"id":"shellAppTitle"},"wdio_ui5_key":"shellAppTitle"}]}
COMMAND: POST /session/46f876eb5e248516228a453ac1f13759/execute/async - {"script":"<script> [6424 bytes]","args":[{"element-6066-11e4-a52e-4f735466cecf":"f.6E9F8F4BF32ABDA1B7AB88C579A79FC6.d.FE17784B0556A29ADD787F1BEE81014F.e.3733"},"getTitle",[]]}
RESULT: {"script":"<script> [6424 bytes]","args":[{"element-6066-11e4-a52e-4f735466cecf":"f.6E9F8F4BF32ABDA1B7AB88C579A79FC6.d.FE17784B0556A29ADD787F1BEE81014F.e.3733"},"getTitle",[]]}
RESULT: undefined
COMMAND: POST /session/46f876eb5e248516228a453ac1f13759/element/f.6E9F8F4BF32ABDA1B7AB88C579A79FC6.d.FE17784B0556A29ADD787F1BEE81014F.e.3586/click - {}
COMMAND: POST /session/46f876eb5e248516228a453ac1f13759/element - {"using":"xpath","value":"//*[@id=\"backBtn\"]"}
RESULT: {"using":"xpath","value":"//*[@id=\"backBtn\"]"}
COMMAND: POST /session/46f876eb5e248516228a453ac1f13759/element/f.6E9F8F4BF32ABDA1B7AB88C579A79FC6.d.FE17784B0556A29ADD787F1BEE81014F.e.3586/click - {}
COMMAND: POST /session/46f876eb5e248516228a453ac1f13759/element - {"using":"xpath","value":"//*[@id=\"backBtn\"]"}
RESULT: {"using":"xpath","value":"//*[@id=\"backBtn\"]"}
COMMAND: POST /session/46f876eb5e248516228a453ac1f13759/element/f.6E9F8F4BF32ABDA1B7AB88C579A79FC6.d.FE17784B0556A29ADD787F1BEE81014F.e.3734/click - {}
RESULT: {}
COMMAND: GET /session/46f876eb5e248516228a453ac1f13759/screenshot - {}
RESULT: {}
]]></system-out>
    </testcase>
    <testcase classname="chrome.135_0_7049_42.windows.Sanity_Tests_US104253" name="Should open ISC Dashboard page" time="37.385">
      <system-out><![CDATA[
COMMAND: POST /session/46f876eb5e248516228a453ac1f13759/execute/async - {"script":"<script> [1562 bytes]","args":[{"selector":{"controlType":"sap.m.GenericTile","properties":{"header":"ISC Dashboard"}},"wdio_ui5_key":"sapm.GenericTile{\"header\":\"ISC Dashboard\"}"}]}
RESULT: {"script":"<script> [1562 bytes]","args":[{"selector":{"controlType":"sap.m.GenericTile","properties":{"header":"ISC Dashboard"}},"wdio_ui5_key":"sapm.GenericTile{\"header\":\"ISC Dashboard\"}"}]}
RESULT: undefined
COMMAND: POST /session/46f876eb5e248516228a453ac1f13759/element - {"using":"xpath","value":"//*[@id=\"__tile106\"]"}
RESULT: {"using":"xpath","value":"//*[@id=\"__tile106\"]"}
COMMAND: POST /session/46f876eb5e248516228a453ac1f13759/element/f.6E9F8F4BF32ABDA1B7AB88C579A79FC6.d.FE17784B0556A29ADD787F1BEE81014F.e.3736/click - {}
RESULT: {}
COMMAND: GET /session/46f876eb5e248516228a453ac1f13759/screenshot - {}
RESULT: {}
RESULT: undefined
COMMAND: POST /session/46f876eb5e248516228a453ac1f13759/element - {"using":"xpath","value":"//*[@id=\"__tile106\"]"}
RESULT: {"using":"xpath","value":"//*[@id=\"__tile106\"]"}
COMMAND: POST /session/46f876eb5e248516228a453ac1f13759/element/f.6E9F8F4BF32ABDA1B7AB88C579A79FC6.d.FE17784B0556A29ADD787F1BEE81014F.e.3736/click - {}
RESULT: undefined
COMMAND: POST /session/46f876eb5e248516228a453ac1f13759/element - {"using":"xpath","value":"//*[@id=\"__tile106\"]"}
RESULT: {"using":"xpath","value":"//*[@id=\"__tile106\"]"}
COMMAND: POST /session/46f876eb5e248516228a453ac1f13759/element/f.6E9F8F4BF32ABDA1B7AB88C579A79FC6.d.FE17784B0556A29ADD787F1BEE81014F.e.3736/click - {}
RESULT: undefined
COMMAND: POST /session/46f876eb5e248516228a453ac1f13759/execute/async - {"script":"<script> [6424 bytes]","args":[{"element-6066-11e4-a52e-4f735466cecf":"f.6E9F8F4BF32ABDA1B7AB88C579A79FC6.d.FE17784B0556A29ADD787F1BEE81014F.e.281"},"getTitle",[]]}
COMMAND: POST /session/46f876eb5e248516228a453ac1f13759/execute/async - {"script":"<script> [1562 bytes]","args":[{"selector":{"id":"shellAppTitle"},"wdio_ui5_key":"shellAppTitle"}]}
RESULT: {"script":"<script> [1562 bytes]","args":[{"selector":{"id":"shellAppTitle"},"wdio_ui5_key":"shellAppTitle"}]}
COMMAND: POST /session/46f876eb5e248516228a453ac1f13759/execute/async - {"script":"<script> [6424 bytes]","args":[{"element-6066-11e4-a52e-4f735466cecf":"f.6E9F8F4BF32ABDA1B7AB88C579A79FC6.d.FE17784B0556A29ADD787F1BEE81014F.e.3863"},"getTitle",[]]}
RESULT: {"script":"<script> [6424 bytes]","args":[{"element-6066-11e4-a52e-4f735466cecf":"f.6E9F8F4BF32ABDA1B7AB88C579A79FC6.d.FE17784B0556A29ADD787F1BEE81014F.e.3863"},"getTitle",[]]}
RESULT: undefined
COMMAND: POST /session/46f876eb5e248516228a453ac1f13759/element/f.6E9F8F4BF32ABDA1B7AB88C579A79FC6.d.FE17784B0556A29ADD787F1BEE81014F.e.3734/click - {}
RESULT: {}
COMMAND: GET /session/46f876eb5e248516228a453ac1f13759/screenshot - {}
RESULT: {}
]]></system-out>
    </testcase>
    <testcase classname="chrome.135_0_7049_42.windows.Sanity_Tests_US104253" name="Should open ISC Orders page" time="33.801">
      <system-out><![CDATA[
COMMAND: POST /session/46f876eb5e248516228a453ac1f13759/execute/async - {"script":"<script> [1562 bytes]","args":[{"selector":{"controlType":"sap.m.GenericTile","properties":{"header":"ISC Orders"}},"wdio_ui5_key":"sapm.GenericTile{\"header\":\"ISC Orders\"}"}]}
RESULT: {"script":"<script> [1562 bytes]","args":[{"selector":{"controlType":"sap.m.GenericTile","properties":{"header":"ISC Orders"}},"wdio_ui5_key":"sapm.GenericTile{\"header\":\"ISC Orders\"}"}]}
RESULT: undefined
COMMAND: POST /session/46f876eb5e248516228a453ac1f13759/element - {"using":"xpath","value":"//*[@id=\"__tile108\"]"}
RESULT: {"using":"xpath","value":"//*[@id=\"__tile108\"]"}
COMMAND: POST /session/46f876eb5e248516228a453ac1f13759/element/f.6E9F8F4BF32ABDA1B7AB88C579A79FC6.d.FE17784B0556A29ADD787F1BEE81014F.e.3865/click - {}
RESULT: {}
COMMAND: GET /session/46f876eb5e248516228a453ac1f13759/screenshot - {}
RESULT: {}
RESULT: undefined
COMMAND: POST /session/46f876eb5e248516228a453ac1f13759/element - {"using":"xpath","value":"//*[@id=\"__tile108\"]"}
RESULT: {"using":"xpath","value":"//*[@id=\"__tile108\"]"}
COMMAND: POST /session/46f876eb5e248516228a453ac1f13759/element/f.6E9F8F4BF32ABDA1B7AB88C579A79FC6.d.FE17784B0556A29ADD787F1BEE81014F.e.3865/click - {}
RESULT: undefined
COMMAND: POST /session/46f876eb5e248516228a453ac1f13759/element - {"using":"xpath","value":"//*[@id=\"__tile108\"]"}
RESULT: {"using":"xpath","value":"//*[@id=\"__tile108\"]"}
COMMAND: POST /session/46f876eb5e248516228a453ac1f13759/element/f.6E9F8F4BF32ABDA1B7AB88C579A79FC6.d.FE17784B0556A29ADD787F1BEE81014F.e.3865/click - {}
RESULT: undefined
COMMAND: POST /session/46f876eb5e248516228a453ac1f13759/execute/async - {"script":"<script> [6424 bytes]","args":[{"element-6066-11e4-a52e-4f735466cecf":"f.6E9F8F4BF32ABDA1B7AB88C579A79FC6.d.FE17784B0556A29ADD787F1BEE81014F.e.281"},"getTitle",[]]}
COMMAND: POST /session/46f876eb5e248516228a453ac1f13759/execute/async - {"script":"<script> [1562 bytes]","args":[{"selector":{"id":"shellAppTitle"},"wdio_ui5_key":"shellAppTitle"}]}
RESULT: {"script":"<script> [1562 bytes]","args":[{"selector":{"id":"shellAppTitle"},"wdio_ui5_key":"shellAppTitle"}]}
COMMAND: POST /session/46f876eb5e248516228a453ac1f13759/execute/async - {"script":"<script> [6424 bytes]","args":[{"element-6066-11e4-a52e-4f735466cecf":"f.6E9F8F4BF32ABDA1B7AB88C579A79FC6.d.FE17784B0556A29ADD787F1BEE81014F.e.3982"},"getTitle",[]]}
RESULT: {"script":"<script> [6424 bytes]","args":[{"element-6066-11e4-a52e-4f735466cecf":"f.6E9F8F4BF32ABDA1B7AB88C579A79FC6.d.FE17784B0556A29ADD787F1BEE81014F.e.3982"},"getTitle",[]]}
RESULT: undefined
COMMAND: POST /session/46f876eb5e248516228a453ac1f13759/element/f.6E9F8F4BF32ABDA1B7AB88C579A79FC6.d.FE17784B0556A29ADD787F1BEE81014F.e.3734/click - {}
COMMAND: POST /session/46f876eb5e248516228a453ac1f13759/element - {"using":"xpath","value":"//*[@id=\"backBtn\"]"}
RESULT: {"using":"xpath","value":"//*[@id=\"backBtn\"]"}
COMMAND: POST /session/46f876eb5e248516228a453ac1f13759/element/f.6E9F8F4BF32ABDA1B7AB88C579A79FC6.d.FE17784B0556A29ADD787F1BEE81014F.e.3734/click - {}
COMMAND: POST /session/46f876eb5e248516228a453ac1f13759/element - {"using":"xpath","value":"//*[@id=\"backBtn\"]"}
RESULT: {"using":"xpath","value":"//*[@id=\"backBtn\"]"}
COMMAND: POST /session/46f876eb5e248516228a453ac1f13759/element/f.6E9F8F4BF32ABDA1B7AB88C579A79FC6.d.FE17784B0556A29ADD787F1BEE81014F.e.3983/click - {}
RESULT: {}
COMMAND: GET /session/46f876eb5e248516228a453ac1f13759/screenshot - {}
RESULT: {}
]]></system-out>
    </testcase>
    <testcase classname="chrome.135_0_7049_42.windows.Sanity_Tests_US104253" name="Should open ISC Tasks page" time="39.319">
      <system-out><![CDATA[
COMMAND: POST /session/46f876eb5e248516228a453ac1f13759/execute/async - {"script":"<script> [1562 bytes]","args":[{"selector":{"controlType":"sap.m.GenericTile","properties":{"header":"ISC Tasks"}},"wdio_ui5_key":"sapm.GenericTile{\"header\":\"ISC Tasks\"}"}]}
RESULT: {"script":"<script> [1562 bytes]","args":[{"selector":{"controlType":"sap.m.GenericTile","properties":{"header":"ISC Tasks"}},"wdio_ui5_key":"sapm.GenericTile{\"header\":\"ISC Tasks\"}"}]}
RESULT: undefined
COMMAND: POST /session/46f876eb5e248516228a453ac1f13759/element - {"using":"xpath","value":"//*[@id=\"__tile110\"]"}
RESULT: {"using":"xpath","value":"//*[@id=\"__tile110\"]"}
COMMAND: POST /session/46f876eb5e248516228a453ac1f13759/element/f.6E9F8F4BF32ABDA1B7AB88C579A79FC6.d.FE17784B0556A29ADD787F1BEE81014F.e.3985/click - {}
RESULT: {}
COMMAND: GET /session/46f876eb5e248516228a453ac1f13759/screenshot - {}
RESULT: {}
RESULT: undefined
COMMAND: POST /session/46f876eb5e248516228a453ac1f13759/element - {"using":"xpath","value":"//*[@id=\"__tile110\"]"}
RESULT: {"using":"xpath","value":"//*[@id=\"__tile110\"]"}
COMMAND: POST /session/46f876eb5e248516228a453ac1f13759/element/f.6E9F8F4BF32ABDA1B7AB88C579A79FC6.d.FE17784B0556A29ADD787F1BEE81014F.e.3985/click - {}
RESULT: undefined
COMMAND: POST /session/46f876eb5e248516228a453ac1f13759/element - {"using":"xpath","value":"//*[@id=\"__tile110\"]"}
RESULT: {"using":"xpath","value":"//*[@id=\"__tile110\"]"}
COMMAND: POST /session/46f876eb5e248516228a453ac1f13759/element/f.6E9F8F4BF32ABDA1B7AB88C579A79FC6.d.FE17784B0556A29ADD787F1BEE81014F.e.3985/click - {}
RESULT: undefined
COMMAND: POST /session/46f876eb5e248516228a453ac1f13759/execute/async - {"script":"<script> [6424 bytes]","args":[{"element-6066-11e4-a52e-4f735466cecf":"f.6E9F8F4BF32ABDA1B7AB88C579A79FC6.d.FE17784B0556A29ADD787F1BEE81014F.e.281"},"getTitle",[]]}
COMMAND: POST /session/46f876eb5e248516228a453ac1f13759/execute/async - {"script":"<script> [1562 bytes]","args":[{"selector":{"id":"shellAppTitle"},"wdio_ui5_key":"shellAppTitle"}]}
RESULT: {"script":"<script> [1562 bytes]","args":[{"selector":{"id":"shellAppTitle"},"wdio_ui5_key":"shellAppTitle"}]}
COMMAND: POST /session/46f876eb5e248516228a453ac1f13759/execute/async - {"script":"<script> [6424 bytes]","args":[{"element-6066-11e4-a52e-4f735466cecf":"f.6E9F8F4BF32ABDA1B7AB88C579A79FC6.d.FE17784B0556A29ADD787F1BEE81014F.e.4073"},"getTitle",[]]}
RESULT: {"script":"<script> [6424 bytes]","args":[{"element-6066-11e4-a52e-4f735466cecf":"f.6E9F8F4BF32ABDA1B7AB88C579A79FC6.d.FE17784B0556A29ADD787F1BEE81014F.e.4073"},"getTitle",[]]}
RESULT: undefined
COMMAND: POST /session/46f876eb5e248516228a453ac1f13759/element/f.6E9F8F4BF32ABDA1B7AB88C579A79FC6.d.FE17784B0556A29ADD787F1BEE81014F.e.3983/click - {}
RESULT: {}
COMMAND: GET /session/46f876eb5e248516228a453ac1f13759/screenshot - {}
RESULT: {}
]]></system-out>
    </testcase>
    <testcase classname="chrome.135_0_7049_42.windows.Sanity_Tests_US104253" name="Should open Manage Resource Logbook page" time="32.33">
      <system-out><![CDATA[
COMMAND: POST /session/46f876eb5e248516228a453ac1f13759/execute/async - {"script":"<script> [1562 bytes]","args":[{"selector":{"controlType":"sap.m.GenericTile","properties":{"header":"Manage Resource Logbook"}},"wdio_ui5_key":"sapm.GenericTile{\"header\":\"Manage Resource Logbook\"}"}]}
RESULT: {"script":"<script> [1562 bytes]","args":[{"selector":{"controlType":"sap.m.GenericTile","properties":{"header":"Manage Resource Logbook"}},"wdio_ui5_key":"sapm.GenericTile{\"header\":\"Manage Resource Logbook\"}"}]}
RESULT: undefined
COMMAND: POST /session/46f876eb5e248516228a453ac1f13759/element - {"using":"xpath","value":"//*[@id=\"__tile113\"]"}
RESULT: {"using":"xpath","value":"//*[@id=\"__tile113\"]"}
COMMAND: POST /session/46f876eb5e248516228a453ac1f13759/element/f.6E9F8F4BF32ABDA1B7AB88C579A79FC6.d.FE17784B0556A29ADD787F1BEE81014F.e.4075/click - {}
RESULT: {}
COMMAND: GET /session/46f876eb5e248516228a453ac1f13759/screenshot - {}
RESULT: {}
RESULT: undefined
COMMAND: POST /session/46f876eb5e248516228a453ac1f13759/element - {"using":"xpath","value":"//*[@id=\"__tile113\"]"}
RESULT: {"using":"xpath","value":"//*[@id=\"__tile113\"]"}
COMMAND: POST /session/46f876eb5e248516228a453ac1f13759/element/f.6E9F8F4BF32ABDA1B7AB88C579A79FC6.d.FE17784B0556A29ADD787F1BEE81014F.e.4075/click - {}
RESULT: undefined
COMMAND: POST /session/46f876eb5e248516228a453ac1f13759/element - {"using":"xpath","value":"//*[@id=\"__tile113\"]"}
RESULT: {"using":"xpath","value":"//*[@id=\"__tile113\"]"}
COMMAND: POST /session/46f876eb5e248516228a453ac1f13759/element/f.6E9F8F4BF32ABDA1B7AB88C579A79FC6.d.FE17784B0556A29ADD787F1BEE81014F.e.4075/click - {}
RESULT: undefined
COMMAND: POST /session/46f876eb5e248516228a453ac1f13759/execute/async - {"script":"<script> [6424 bytes]","args":[{"element-6066-11e4-a52e-4f735466cecf":"f.6E9F8F4BF32ABDA1B7AB88C579A79FC6.d.FE17784B0556A29ADD787F1BEE81014F.e.281"},"getTitle",[]]}
COMMAND: POST /session/46f876eb5e248516228a453ac1f13759/execute/async - {"script":"<script> [1562 bytes]","args":[{"selector":{"id":"shellAppTitle"},"wdio_ui5_key":"shellAppTitle"}]}
RESULT: {"script":"<script> [1562 bytes]","args":[{"selector":{"id":"shellAppTitle"},"wdio_ui5_key":"shellAppTitle"}]}
COMMAND: POST /session/46f876eb5e248516228a453ac1f13759/execute/async - {"script":"<script> [6424 bytes]","args":[{"element-6066-11e4-a52e-4f735466cecf":"f.6E9F8F4BF32ABDA1B7AB88C579A79FC6.d.FE17784B0556A29ADD787F1BEE81014F.e.4176"},"getTitle",[]]}
RESULT: {"script":"<script> [6424 bytes]","args":[{"element-6066-11e4-a52e-4f735466cecf":"f.6E9F8F4BF32ABDA1B7AB88C579A79FC6.d.FE17784B0556A29ADD787F1BEE81014F.e.4176"},"getTitle",[]]}
RESULT: undefined
COMMAND: POST /session/46f876eb5e248516228a453ac1f13759/element/f.6E9F8F4BF32ABDA1B7AB88C579A79FC6.d.FE17784B0556A29ADD787F1BEE81014F.e.3983/click - {}
COMMAND: POST /session/46f876eb5e248516228a453ac1f13759/element - {"using":"xpath","value":"//*[@id=\"backBtn\"]"}
RESULT: {"using":"xpath","value":"//*[@id=\"backBtn\"]"}
COMMAND: POST /session/46f876eb5e248516228a453ac1f13759/element/f.6E9F8F4BF32ABDA1B7AB88C579A79FC6.d.FE17784B0556A29ADD787F1BEE81014F.e.3983/click - {}
COMMAND: POST /session/46f876eb5e248516228a453ac1f13759/element - {"using":"xpath","value":"//*[@id=\"backBtn\"]"}
RESULT: {"using":"xpath","value":"//*[@id=\"backBtn\"]"}
COMMAND: POST /session/46f876eb5e248516228a453ac1f13759/element/f.6E9F8F4BF32ABDA1B7AB88C579A79FC6.d.FE17784B0556A29ADD787F1BEE81014F.e.4177/click - {}
RESULT: {}
COMMAND: GET /session/46f876eb5e248516228a453ac1f13759/screenshot - {}
RESULT: {}
]]></system-out>
    </testcase>
    <testcase classname="chrome.135_0_7049_42.windows.Sanity_Tests_US104253" name="Should open Manage Logbook page" time="33.519">
      <system-out><![CDATA[
COMMAND: POST /session/46f876eb5e248516228a453ac1f13759/execute/async - {"script":"<script> [1562 bytes]","args":[{"selector":{"controlType":"sap.m.GenericTile","properties":{"header":"Manage Logbook"}},"wdio_ui5_key":"sapm.GenericTile{\"header\":\"Manage Logbook\"}"}]}
RESULT: {"script":"<script> [1562 bytes]","args":[{"selector":{"controlType":"sap.m.GenericTile","properties":{"header":"Manage Logbook"}},"wdio_ui5_key":"sapm.GenericTile{\"header\":\"Manage Logbook\"}"}]}
RESULT: undefined
COMMAND: POST /session/46f876eb5e248516228a453ac1f13759/element - {"using":"xpath","value":"//*[@id=\"__tile112\"]"}
RESULT: {"using":"xpath","value":"//*[@id=\"__tile112\"]"}
COMMAND: POST /session/46f876eb5e248516228a453ac1f13759/element/f.6E9F8F4BF32ABDA1B7AB88C579A79FC6.d.FE17784B0556A29ADD787F1BEE81014F.e.4179/click - {}
RESULT: {}
COMMAND: GET /session/46f876eb5e248516228a453ac1f13759/screenshot - {}
RESULT: {}
RESULT: undefined
COMMAND: POST /session/46f876eb5e248516228a453ac1f13759/element - {"using":"xpath","value":"//*[@id=\"__tile112\"]"}
RESULT: {"using":"xpath","value":"//*[@id=\"__tile112\"]"}
COMMAND: POST /session/46f876eb5e248516228a453ac1f13759/element/f.6E9F8F4BF32ABDA1B7AB88C579A79FC6.d.FE17784B0556A29ADD787F1BEE81014F.e.4179/click - {}
RESULT: undefined
COMMAND: POST /session/46f876eb5e248516228a453ac1f13759/element - {"using":"xpath","value":"//*[@id=\"__tile112\"]"}
RESULT: {"using":"xpath","value":"//*[@id=\"__tile112\"]"}
COMMAND: POST /session/46f876eb5e248516228a453ac1f13759/element/f.6E9F8F4BF32ABDA1B7AB88C579A79FC6.d.FE17784B0556A29ADD787F1BEE81014F.e.4179/click - {}
RESULT: undefined
COMMAND: POST /session/46f876eb5e248516228a453ac1f13759/execute/async - {"script":"<script> [6424 bytes]","args":[{"element-6066-11e4-a52e-4f735466cecf":"f.6E9F8F4BF32ABDA1B7AB88C579A79FC6.d.FE17784B0556A29ADD787F1BEE81014F.e.281"},"getTitle",[]]}
COMMAND: POST /session/46f876eb5e248516228a453ac1f13759/execute/async - {"script":"<script> [1562 bytes]","args":[{"selector":{"id":"shellAppTitle"},"wdio_ui5_key":"shellAppTitle"}]}
RESULT: {"script":"<script> [1562 bytes]","args":[{"selector":{"id":"shellAppTitle"},"wdio_ui5_key":"shellAppTitle"}]}
COMMAND: POST /session/46f876eb5e248516228a453ac1f13759/execute/async - {"script":"<script> [6424 bytes]","args":[{"element-6066-11e4-a52e-4f735466cecf":"f.6E9F8F4BF32ABDA1B7AB88C579A79FC6.d.FE17784B0556A29ADD787F1BEE81014F.e.4399"},"getTitle",[]]}
RESULT: {"script":"<script> [6424 bytes]","args":[{"element-6066-11e4-a52e-4f735466cecf":"f.6E9F8F4BF32ABDA1B7AB88C579A79FC6.d.FE17784B0556A29ADD787F1BEE81014F.e.4399"},"getTitle",[]]}
RESULT: undefined
COMMAND: POST /session/46f876eb5e248516228a453ac1f13759/element/f.6E9F8F4BF32ABDA1B7AB88C579A79FC6.d.FE17784B0556A29ADD787F1BEE81014F.e.4177/click - {}
RESULT: {}
COMMAND: GET /session/46f876eb5e248516228a453ac1f13759/screenshot - {}
RESULT: {}
]]></system-out>
    </testcase>
    <testcase classname="chrome.135_0_7049_42.windows.Sanity_Tests_US104253" name="Should open ISC Orders Calendar page" time="32.902">
      <system-out><![CDATA[
COMMAND: POST /session/46f876eb5e248516228a453ac1f13759/execute/async - {"script":"<script> [1562 bytes]","args":[{"selector":{"controlType":"sap.m.GenericTile","properties":{"header":"ISC Orders Calendar"}},"wdio_ui5_key":"sapm.GenericTile{\"header\":\"ISC Orders Calendar\"}"}]}
RESULT: {"script":"<script> [1562 bytes]","args":[{"selector":{"controlType":"sap.m.GenericTile","properties":{"header":"ISC Orders Calendar"}},"wdio_ui5_key":"sapm.GenericTile{\"header\":\"ISC Orders Calendar\"}"}]}
RESULT: undefined
COMMAND: POST /session/46f876eb5e248516228a453ac1f13759/element - {"using":"xpath","value":"//*[@id=\"__tile107\"]"}
RESULT: {"using":"xpath","value":"//*[@id=\"__tile107\"]"}
COMMAND: POST /session/46f876eb5e248516228a453ac1f13759/element/f.6E9F8F4BF32ABDA1B7AB88C579A79FC6.d.FE17784B0556A29ADD787F1BEE81014F.e.4401/click - {}
RESULT: {}
COMMAND: GET /session/46f876eb5e248516228a453ac1f13759/screenshot - {}
RESULT: {}
RESULT: undefined
COMMAND: POST /session/46f876eb5e248516228a453ac1f13759/element - {"using":"xpath","value":"//*[@id=\"__tile107\"]"}
RESULT: {"using":"xpath","value":"//*[@id=\"__tile107\"]"}
COMMAND: POST /session/46f876eb5e248516228a453ac1f13759/element/f.6E9F8F4BF32ABDA1B7AB88C579A79FC6.d.FE17784B0556A29ADD787F1BEE81014F.e.4401/click - {}
RESULT: undefined
COMMAND: POST /session/46f876eb5e248516228a453ac1f13759/element - {"using":"xpath","value":"//*[@id=\"__tile107\"]"}
RESULT: {"using":"xpath","value":"//*[@id=\"__tile107\"]"}
COMMAND: POST /session/46f876eb5e248516228a453ac1f13759/element/f.6E9F8F4BF32ABDA1B7AB88C579A79FC6.d.FE17784B0556A29ADD787F1BEE81014F.e.4401/click - {}
RESULT: undefined
COMMAND: POST /session/46f876eb5e248516228a453ac1f13759/execute/async - {"script":"<script> [6424 bytes]","args":[{"element-6066-11e4-a52e-4f735466cecf":"f.6E9F8F4BF32ABDA1B7AB88C579A79FC6.d.FE17784B0556A29ADD787F1BEE81014F.e.281"},"getTitle",[]]}
COMMAND: POST /session/46f876eb5e248516228a453ac1f13759/execute/async - {"script":"<script> [1562 bytes]","args":[{"selector":{"id":"shellAppTitle"},"wdio_ui5_key":"shellAppTitle"}]}
RESULT: {"script":"<script> [1562 bytes]","args":[{"selector":{"id":"shellAppTitle"},"wdio_ui5_key":"shellAppTitle"}]}
COMMAND: POST /session/46f876eb5e248516228a453ac1f13759/execute/async - {"script":"<script> [6424 bytes]","args":[{"element-6066-11e4-a52e-4f735466cecf":"f.6E9F8F4BF32ABDA1B7AB88C579A79FC6.d.FE17784B0556A29ADD787F1BEE81014F.e.4606"},"getTitle",[]]}
RESULT: {"script":"<script> [6424 bytes]","args":[{"element-6066-11e4-a52e-4f735466cecf":"f.6E9F8F4BF32ABDA1B7AB88C579A79FC6.d.FE17784B0556A29ADD787F1BEE81014F.e.4606"},"getTitle",[]]}
RESULT: undefined
COMMAND: POST /session/46f876eb5e248516228a453ac1f13759/element/f.6E9F8F4BF32ABDA1B7AB88C579A79FC6.d.FE17784B0556A29ADD787F1BEE81014F.e.4177/click - {}
COMMAND: POST /session/46f876eb5e248516228a453ac1f13759/element - {"using":"xpath","value":"//*[@id=\"backBtn\"]"}
RESULT: {"using":"xpath","value":"//*[@id=\"backBtn\"]"}
COMMAND: POST /session/46f876eb5e248516228a453ac1f13759/element/f.6E9F8F4BF32ABDA1B7AB88C579A79FC6.d.FE17784B0556A29ADD787F1BEE81014F.e.4177/click - {}
COMMAND: POST /session/46f876eb5e248516228a453ac1f13759/element - {"using":"xpath","value":"//*[@id=\"backBtn\"]"}
RESULT: {"using":"xpath","value":"//*[@id=\"backBtn\"]"}
COMMAND: POST /session/46f876eb5e248516228a453ac1f13759/element/f.6E9F8F4BF32ABDA1B7AB88C579A79FC6.d.FE17784B0556A29ADD787F1BEE81014F.e.4607/click - {}
RESULT: {}
COMMAND: GET /session/46f876eb5e248516228a453ac1f13759/screenshot - {}
RESULT: {}
]]></system-out>
    </testcase>
    <testcase classname="chrome.135_0_7049_42.windows.Sanity_Tests_US104253" name="Should open Configure System page" time="38.929">
      <system-out><![CDATA[
COMMAND: POST /session/46f876eb5e248516228a453ac1f13759/execute/async - {"script":"<script> [1562 bytes]","args":[{"selector":{"controlType":"sap.m.GenericTile","properties":{"header":"Configure System"}},"wdio_ui5_key":"sapm.GenericTile{\"header\":\"Configure System\"}"}]}
RESULT: {"script":"<script> [1562 bytes]","args":[{"selector":{"controlType":"sap.m.GenericTile","properties":{"header":"Configure System"}},"wdio_ui5_key":"sapm.GenericTile{\"header\":\"Configure System\"}"}]}
RESULT: undefined
COMMAND: POST /session/46f876eb5e248516228a453ac1f13759/element - {"using":"xpath","value":"//*[@id=\"__tile114\"]"}
RESULT: {"using":"xpath","value":"//*[@id=\"__tile114\"]"}
COMMAND: POST /session/46f876eb5e248516228a453ac1f13759/element/f.6E9F8F4BF32ABDA1B7AB88C579A79FC6.d.FE17784B0556A29ADD787F1BEE81014F.e.4609/click - {}
RESULT: {}
COMMAND: GET /session/46f876eb5e248516228a453ac1f13759/screenshot - {}
RESULT: {}
RESULT: undefined
COMMAND: POST /session/46f876eb5e248516228a453ac1f13759/element - {"using":"xpath","value":"//*[@id=\"__tile114\"]"}
RESULT: {"using":"xpath","value":"//*[@id=\"__tile114\"]"}
COMMAND: POST /session/46f876eb5e248516228a453ac1f13759/element/f.6E9F8F4BF32ABDA1B7AB88C579A79FC6.d.FE17784B0556A29ADD787F1BEE81014F.e.4609/click - {}
RESULT: undefined
COMMAND: POST /session/46f876eb5e248516228a453ac1f13759/element - {"using":"xpath","value":"//*[@id=\"__tile114\"]"}
RESULT: {"using":"xpath","value":"//*[@id=\"__tile114\"]"}
COMMAND: POST /session/46f876eb5e248516228a453ac1f13759/element/f.6E9F8F4BF32ABDA1B7AB88C579A79FC6.d.FE17784B0556A29ADD787F1BEE81014F.e.4609/click - {}
RESULT: undefined
COMMAND: POST /session/46f876eb5e248516228a453ac1f13759/execute/async - {"script":"<script> [6424 bytes]","args":[{"element-6066-11e4-a52e-4f735466cecf":"f.6E9F8F4BF32ABDA1B7AB88C579A79FC6.d.FE17784B0556A29ADD787F1BEE81014F.e.281"},"getTitle",[]]}
COMMAND: POST /session/46f876eb5e248516228a453ac1f13759/execute/async - {"script":"<script> [1562 bytes]","args":[{"selector":{"id":"shellAppTitle"},"wdio_ui5_key":"shellAppTitle"}]}
RESULT: {"script":"<script> [1562 bytes]","args":[{"selector":{"id":"shellAppTitle"},"wdio_ui5_key":"shellAppTitle"}]}
COMMAND: POST /session/46f876eb5e248516228a453ac1f13759/execute/async - {"script":"<script> [6424 bytes]","args":[{"element-6066-11e4-a52e-4f735466cecf":"f.6E9F8F4BF32ABDA1B7AB88C579A79FC6.d.FE17784B0556A29ADD787F1BEE81014F.e.4632"},"getTitle",[]]}
RESULT: {"script":"<script> [6424 bytes]","args":[{"element-6066-11e4-a52e-4f735466cecf":"f.6E9F8F4BF32ABDA1B7AB88C579A79FC6.d.FE17784B0556A29ADD787F1BEE81014F.e.4632"},"getTitle",[]]}
RESULT: undefined
COMMAND: POST /session/46f876eb5e248516228a453ac1f13759/element/f.6E9F8F4BF32ABDA1B7AB88C579A79FC6.d.FE17784B0556A29ADD787F1BEE81014F.e.4607/click - {}
RESULT: {}
COMMAND: GET /session/46f876eb5e248516228a453ac1f13759/screenshot - {}
RESULT: {}
]]></system-out>
    </testcase>
    <testcase classname="chrome.135_0_7049_42.windows.Sanity_Tests_US104253" name="Should open Manage Classifications page" time="34.296">
      <system-out><![CDATA[
COMMAND: POST /session/46f876eb5e248516228a453ac1f13759/execute/async - {"script":"<script> [1562 bytes]","args":[{"selector":{"controlType":"sap.m.GenericTile","properties":{"header":"Manage Classifications"}},"wdio_ui5_key":"sapm.GenericTile{\"header\":\"Manage Classifications\"}"}]}
RESULT: {"script":"<script> [1562 bytes]","args":[{"selector":{"controlType":"sap.m.GenericTile","properties":{"header":"Manage Classifications"}},"wdio_ui5_key":"sapm.GenericTile{\"header\":\"Manage Classifications\"}"}]}
RESULT: undefined
COMMAND: POST /session/46f876eb5e248516228a453ac1f13759/element - {"using":"xpath","value":"//*[@id=\"__tile115\"]"}
RESULT: {"using":"xpath","value":"//*[@id=\"__tile115\"]"}
COMMAND: POST /session/46f876eb5e248516228a453ac1f13759/element/f.6E9F8F4BF32ABDA1B7AB88C579A79FC6.d.FE17784B0556A29ADD787F1BEE81014F.e.4636/click - {}
RESULT: {}
COMMAND: GET /session/46f876eb5e248516228a453ac1f13759/screenshot - {}
RESULT: {}
RESULT: undefined
COMMAND: POST /session/46f876eb5e248516228a453ac1f13759/element - {"using":"xpath","value":"//*[@id=\"__tile115\"]"}
RESULT: {"using":"xpath","value":"//*[@id=\"__tile115\"]"}
COMMAND: POST /session/46f876eb5e248516228a453ac1f13759/element/f.6E9F8F4BF32ABDA1B7AB88C579A79FC6.d.FE17784B0556A29ADD787F1BEE81014F.e.4636/click - {}
RESULT: undefined
COMMAND: POST /session/46f876eb5e248516228a453ac1f13759/element - {"using":"xpath","value":"//*[@id=\"__tile115\"]"}
RESULT: {"using":"xpath","value":"//*[@id=\"__tile115\"]"}
COMMAND: POST /session/46f876eb5e248516228a453ac1f13759/element/f.6E9F8F4BF32ABDA1B7AB88C579A79FC6.d.FE17784B0556A29ADD787F1BEE81014F.e.4636/click - {}
RESULT: undefined
COMMAND: POST /session/46f876eb5e248516228a453ac1f13759/execute/async - {"script":"<script> [6424 bytes]","args":[{"element-6066-11e4-a52e-4f735466cecf":"f.6E9F8F4BF32ABDA1B7AB88C579A79FC6.d.FE17784B0556A29ADD787F1BEE81014F.e.281"},"getTitle",[]]}
COMMAND: POST /session/46f876eb5e248516228a453ac1f13759/execute/async - {"script":"<script> [1562 bytes]","args":[{"selector":{"id":"shellAppTitle"},"wdio_ui5_key":"shellAppTitle"}]}
RESULT: {"script":"<script> [1562 bytes]","args":[{"selector":{"id":"shellAppTitle"},"wdio_ui5_key":"shellAppTitle"}]}
COMMAND: POST /session/46f876eb5e248516228a453ac1f13759/execute/async - {"script":"<script> [6424 bytes]","args":[{"element-6066-11e4-a52e-4f735466cecf":"f.6E9F8F4BF32ABDA1B7AB88C579A79FC6.d.FE17784B0556A29ADD787F1BEE81014F.e.4780"},"getTitle",[]]}
RESULT: {"script":"<script> [6424 bytes]","args":[{"element-6066-11e4-a52e-4f735466cecf":"f.6E9F8F4BF32ABDA1B7AB88C579A79FC6.d.FE17784B0556A29ADD787F1BEE81014F.e.4780"},"getTitle",[]]}
RESULT: undefined
COMMAND: POST /session/46f876eb5e248516228a453ac1f13759/element/f.6E9F8F4BF32ABDA1B7AB88C579A79FC6.d.FE17784B0556A29ADD787F1BEE81014F.e.4607/click - {}
COMMAND: POST /session/46f876eb5e248516228a453ac1f13759/element - {"using":"xpath","value":"//*[@id=\"backBtn\"]"}
RESULT: {"using":"xpath","value":"//*[@id=\"backBtn\"]"}
COMMAND: POST /session/46f876eb5e248516228a453ac1f13759/element/f.6E9F8F4BF32ABDA1B7AB88C579A79FC6.d.FE17784B0556A29ADD787F1BEE81014F.e.4607/click - {}
COMMAND: POST /session/46f876eb5e248516228a453ac1f13759/element - {"using":"xpath","value":"//*[@id=\"backBtn\"]"}
RESULT: {"using":"xpath","value":"//*[@id=\"backBtn\"]"}
COMMAND: POST /session/46f876eb5e248516228a453ac1f13759/element/f.6E9F8F4BF32ABDA1B7AB88C579A79FC6.d.FE17784B0556A29ADD787F1BEE81014F.e.4781/click - {}
RESULT: {}
COMMAND: GET /session/46f876eb5e248516228a453ac1f13759/screenshot - {}
RESULT: {}
]]></system-out>
    </testcase>
    <testcase classname="chrome.135_0_7049_42.windows.Sanity_Tests_US104253" name="Should open Data Explorer page" time="33.173">
      <system-out><![CDATA[
COMMAND: POST /session/46f876eb5e248516228a453ac1f13759/execute/async - {"script":"<script> [1562 bytes]","args":[{"selector":{"controlType":"sap.m.GenericTile","properties":{"header":"Data Explorer"}},"wdio_ui5_key":"sapm.GenericTile{\"header\":\"Data Explorer\"}"}]}
RESULT: {"script":"<script> [1562 bytes]","args":[{"selector":{"controlType":"sap.m.GenericTile","properties":{"header":"Data Explorer"}},"wdio_ui5_key":"sapm.GenericTile{\"header\":\"Data Explorer\"}"}]}
RESULT: undefined
COMMAND: POST /session/46f876eb5e248516228a453ac1f13759/element - {"using":"xpath","value":"//*[@id=\"__tile117\"]"}
RESULT: {"using":"xpath","value":"//*[@id=\"__tile117\"]"}
COMMAND: POST /session/46f876eb5e248516228a453ac1f13759/element/f.6E9F8F4BF32ABDA1B7AB88C579A79FC6.d.FE17784B0556A29ADD787F1BEE81014F.e.4783/click - {}
RESULT: {}
COMMAND: GET /session/46f876eb5e248516228a453ac1f13759/screenshot - {}
RESULT: {}
RESULT: undefined
COMMAND: POST /session/46f876eb5e248516228a453ac1f13759/element - {"using":"xpath","value":"//*[@id=\"__tile117\"]"}
RESULT: {"using":"xpath","value":"//*[@id=\"__tile117\"]"}
COMMAND: POST /session/46f876eb5e248516228a453ac1f13759/element/f.6E9F8F4BF32ABDA1B7AB88C579A79FC6.d.FE17784B0556A29ADD787F1BEE81014F.e.4783/click - {}
RESULT: undefined
COMMAND: POST /session/46f876eb5e248516228a453ac1f13759/element - {"using":"xpath","value":"//*[@id=\"__tile117\"]"}
RESULT: {"using":"xpath","value":"//*[@id=\"__tile117\"]"}
COMMAND: POST /session/46f876eb5e248516228a453ac1f13759/element/f.6E9F8F4BF32ABDA1B7AB88C579A79FC6.d.FE17784B0556A29ADD787F1BEE81014F.e.4783/click - {}
RESULT: undefined
COMMAND: POST /session/46f876eb5e248516228a453ac1f13759/execute/async - {"script":"<script> [6424 bytes]","args":[{"element-6066-11e4-a52e-4f735466cecf":"f.6E9F8F4BF32ABDA1B7AB88C579A79FC6.d.FE17784B0556A29ADD787F1BEE81014F.e.281"},"getTitle",[]]}
COMMAND: POST /session/46f876eb5e248516228a453ac1f13759/execute/async - {"script":"<script> [1562 bytes]","args":[{"selector":{"id":"shellAppTitle"},"wdio_ui5_key":"shellAppTitle"}]}
RESULT: {"script":"<script> [1562 bytes]","args":[{"selector":{"id":"shellAppTitle"},"wdio_ui5_key":"shellAppTitle"}]}
COMMAND: POST /session/46f876eb5e248516228a453ac1f13759/execute/async - {"script":"<script> [6424 bytes]","args":[{"element-6066-11e4-a52e-4f735466cecf":"f.6E9F8F4BF32ABDA1B7AB88C579A79FC6.d.FE17784B0556A29ADD787F1BEE81014F.e.4945"},"getTitle",[]]}
RESULT: {"script":"<script> [6424 bytes]","args":[{"element-6066-11e4-a52e-4f735466cecf":"f.6E9F8F4BF32ABDA1B7AB88C579A79FC6.d.FE17784B0556A29ADD787F1BEE81014F.e.4945"},"getTitle",[]]}
RESULT: undefined
COMMAND: POST /session/46f876eb5e248516228a453ac1f13759/element/f.6E9F8F4BF32ABDA1B7AB88C579A79FC6.d.FE17784B0556A29ADD787F1BEE81014F.e.4781/click - {}
RESULT: {}
COMMAND: GET /session/46f876eb5e248516228a453ac1f13759/screenshot - {}
RESULT: {}
]]></system-out>
    </testcase>
    <testcase classname="chrome.135_0_7049_42.windows.Sanity_Tests_US104253" name="Should open Performance Monitor page" time="31.295">
      <system-out><![CDATA[
COMMAND: POST /session/46f876eb5e248516228a453ac1f13759/execute/async - {"script":"<script> [1562 bytes]","args":[{"selector":{"controlType":"sap.m.GenericTile","properties":{"header":"Performance Monitor"}},"wdio_ui5_key":"sapm.GenericTile{\"header\":\"Performance Monitor\"}"}]}
RESULT: {"script":"<script> [1562 bytes]","args":[{"selector":{"controlType":"sap.m.GenericTile","properties":{"header":"Performance Monitor"}},"wdio_ui5_key":"sapm.GenericTile{\"header\":\"Performance Monitor\"}"}]}
RESULT: undefined
COMMAND: POST /session/46f876eb5e248516228a453ac1f13759/element - {"using":"xpath","value":"//*[@id=\"__tile116\"]"}
RESULT: {"using":"xpath","value":"//*[@id=\"__tile116\"]"}
COMMAND: POST /session/46f876eb5e248516228a453ac1f13759/element/f.6E9F8F4BF32ABDA1B7AB88C579A79FC6.d.FE17784B0556A29ADD787F1BEE81014F.e.4947/click - {}
RESULT: {}
COMMAND: GET /session/46f876eb5e248516228a453ac1f13759/screenshot - {}
RESULT: {}
RESULT: undefined
COMMAND: POST /session/46f876eb5e248516228a453ac1f13759/element - {"using":"xpath","value":"//*[@id=\"__tile116\"]"}
RESULT: {"using":"xpath","value":"//*[@id=\"__tile116\"]"}
COMMAND: POST /session/46f876eb5e248516228a453ac1f13759/element/f.6E9F8F4BF32ABDA1B7AB88C579A79FC6.d.FE17784B0556A29ADD787F1BEE81014F.e.4947/click - {}
RESULT: undefined
COMMAND: POST /session/46f876eb5e248516228a453ac1f13759/element - {"using":"xpath","value":"//*[@id=\"__tile116\"]"}
RESULT: {"using":"xpath","value":"//*[@id=\"__tile116\"]"}
COMMAND: POST /session/46f876eb5e248516228a453ac1f13759/element/f.6E9F8F4BF32ABDA1B7AB88C579A79FC6.d.FE17784B0556A29ADD787F1BEE81014F.e.4947/click - {}
RESULT: undefined
COMMAND: POST /session/46f876eb5e248516228a453ac1f13759/execute/async - {"script":"<script> [6424 bytes]","args":[{"element-6066-11e4-a52e-4f735466cecf":"f.6E9F8F4BF32ABDA1B7AB88C579A79FC6.d.FE17784B0556A29ADD787F1BEE81014F.e.281"},"getTitle",[]]}
COMMAND: POST /session/46f876eb5e248516228a453ac1f13759/execute/async - {"script":"<script> [1562 bytes]","args":[{"selector":{"id":"shellAppTitle"},"wdio_ui5_key":"shellAppTitle"}]}
RESULT: {"script":"<script> [1562 bytes]","args":[{"selector":{"id":"shellAppTitle"},"wdio_ui5_key":"shellAppTitle"}]}
COMMAND: POST /session/46f876eb5e248516228a453ac1f13759/execute/async - {"script":"<script> [6424 bytes]","args":[{"element-6066-11e4-a52e-4f735466cecf":"f.6E9F8F4BF32ABDA1B7AB88C579A79FC6.d.FE17784B0556A29ADD787F1BEE81014F.e.4988"},"getTitle",[]]}
RESULT: {"script":"<script> [6424 bytes]","args":[{"element-6066-11e4-a52e-4f735466cecf":"f.6E9F8F4BF32ABDA1B7AB88C579A79FC6.d.FE17784B0556A29ADD787F1BEE81014F.e.4988"},"getTitle",[]]}
RESULT: undefined
COMMAND: POST /session/46f876eb5e248516228a453ac1f13759/element/f.6E9F8F4BF32ABDA1B7AB88C579A79FC6.d.FE17784B0556A29ADD787F1BEE81014F.e.4781/click - {}
COMMAND: POST /session/46f876eb5e248516228a453ac1f13759/element - {"using":"xpath","value":"//*[@id=\"backBtn\"]"}
RESULT: {"using":"xpath","value":"//*[@id=\"backBtn\"]"}
COMMAND: POST /session/46f876eb5e248516228a453ac1f13759/element/f.6E9F8F4BF32ABDA1B7AB88C579A79FC6.d.FE17784B0556A29ADD787F1BEE81014F.e.4781/click - {}
COMMAND: POST /session/46f876eb5e248516228a453ac1f13759/element - {"using":"xpath","value":"//*[@id=\"backBtn\"]"}
RESULT: {"using":"xpath","value":"//*[@id=\"backBtn\"]"}
COMMAND: POST /session/46f876eb5e248516228a453ac1f13759/element/f.6E9F8F4BF32ABDA1B7AB88C579A79FC6.d.FE17784B0556A29ADD787F1BEE81014F.e.4989/click - {}
RESULT: {}
COMMAND: GET /session/46f876eb5e248516228a453ac1f13759/screenshot - {}
RESULT: {}
]]></system-out>
    </testcase>
    <testcase classname="chrome.135_0_7049_42.windows.Sanity_Tests_US104253" name="Should open Organizational Model page" time="31.735">
      <system-out><![CDATA[
COMMAND: POST /session/46f876eb5e248516228a453ac1f13759/execute/async - {"script":"<script> [1562 bytes]","args":[{"selector":{"controlType":"sap.m.GenericTile","properties":{"header":"Organizational Model"}},"wdio_ui5_key":"sapm.GenericTile{\"header\":\"Organizational Model\"}"}]}
RESULT: {"script":"<script> [1562 bytes]","args":[{"selector":{"controlType":"sap.m.GenericTile","properties":{"header":"Organizational Model"}},"wdio_ui5_key":"sapm.GenericTile{\"header\":\"Organizational Model\"}"}]}
RESULT: undefined
COMMAND: POST /session/46f876eb5e248516228a453ac1f13759/element - {"using":"xpath","value":"//*[@id=\"__tile120\"]"}
RESULT: {"using":"xpath","value":"//*[@id=\"__tile120\"]"}
COMMAND: POST /session/46f876eb5e248516228a453ac1f13759/element/f.6E9F8F4BF32ABDA1B7AB88C579A79FC6.d.FE17784B0556A29ADD787F1BEE81014F.e.4991/click - {}
RESULT: {}
COMMAND: GET /session/46f876eb5e248516228a453ac1f13759/screenshot - {}
RESULT: {}
RESULT: undefined
COMMAND: POST /session/46f876eb5e248516228a453ac1f13759/element - {"using":"xpath","value":"//*[@id=\"__tile120\"]"}
RESULT: {"using":"xpath","value":"//*[@id=\"__tile120\"]"}
COMMAND: POST /session/46f876eb5e248516228a453ac1f13759/element/f.6E9F8F4BF32ABDA1B7AB88C579A79FC6.d.FE17784B0556A29ADD787F1BEE81014F.e.4991/click - {}
RESULT: undefined
COMMAND: POST /session/46f876eb5e248516228a453ac1f13759/element - {"using":"xpath","value":"//*[@id=\"__tile120\"]"}
RESULT: {"using":"xpath","value":"//*[@id=\"__tile120\"]"}
COMMAND: POST /session/46f876eb5e248516228a453ac1f13759/element/f.6E9F8F4BF32ABDA1B7AB88C579A79FC6.d.FE17784B0556A29ADD787F1BEE81014F.e.4991/click - {}
RESULT: undefined
COMMAND: POST /session/46f876eb5e248516228a453ac1f13759/execute/async - {"script":"<script> [6424 bytes]","args":[{"element-6066-11e4-a52e-4f735466cecf":"f.6E9F8F4BF32ABDA1B7AB88C579A79FC6.d.FE17784B0556A29ADD787F1BEE81014F.e.281"},"getTitle",[]]}
COMMAND: POST /session/46f876eb5e248516228a453ac1f13759/execute/async - {"script":"<script> [1562 bytes]","args":[{"selector":{"id":"shellAppTitle"},"wdio_ui5_key":"shellAppTitle"}]}
RESULT: {"script":"<script> [1562 bytes]","args":[{"selector":{"id":"shellAppTitle"},"wdio_ui5_key":"shellAppTitle"}]}
COMMAND: POST /session/46f876eb5e248516228a453ac1f13759/execute/async - {"script":"<script> [6424 bytes]","args":[{"element-6066-11e4-a52e-4f735466cecf":"f.6E9F8F4BF32ABDA1B7AB88C579A79FC6.d.FE17784B0556A29ADD787F1BEE81014F.e.5009"},"getTitle",[]]}
RESULT: {"script":"<script> [6424 bytes]","args":[{"element-6066-11e4-a52e-4f735466cecf":"f.6E9F8F4BF32ABDA1B7AB88C579A79FC6.d.FE17784B0556A29ADD787F1BEE81014F.e.5009"},"getTitle",[]]}
RESULT: undefined
COMMAND: POST /session/46f876eb5e248516228a453ac1f13759/element/f.6E9F8F4BF32ABDA1B7AB88C579A79FC6.d.FE17784B0556A29ADD787F1BEE81014F.e.4989/click - {}
RESULT: {}
COMMAND: GET /session/46f876eb5e248516228a453ac1f13759/screenshot - {}
RESULT: {}
]]></system-out>
    </testcase>
    <testcase classname="chrome.135_0_7049_42.windows.Sanity_Tests_US104253" name="Should open Manage Roles page" time="33.152">
      <system-out><![CDATA[
COMMAND: POST /session/46f876eb5e248516228a453ac1f13759/execute/async - {"script":"<script> [1562 bytes]","args":[{"selector":{"controlType":"sap.m.GenericTile","properties":{"header":"Manage Roles"}},"wdio_ui5_key":"sapm.GenericTile{\"header\":\"Manage Roles\"}"}]}
RESULT: {"script":"<script> [1562 bytes]","args":[{"selector":{"controlType":"sap.m.GenericTile","properties":{"header":"Manage Roles"}},"wdio_ui5_key":"sapm.GenericTile{\"header\":\"Manage Roles\"}"}]}
RESULT: undefined
COMMAND: POST /session/46f876eb5e248516228a453ac1f13759/element - {"using":"xpath","value":"//*[@id=\"__tile119\"]"}
RESULT: {"using":"xpath","value":"//*[@id=\"__tile119\"]"}
COMMAND: POST /session/46f876eb5e248516228a453ac1f13759/element/f.6E9F8F4BF32ABDA1B7AB88C579A79FC6.d.FE17784B0556A29ADD787F1BEE81014F.e.5011/click - {}
RESULT: {}
COMMAND: GET /session/46f876eb5e248516228a453ac1f13759/screenshot - {}
RESULT: {}
RESULT: undefined
COMMAND: POST /session/46f876eb5e248516228a453ac1f13759/element - {"using":"xpath","value":"//*[@id=\"__tile119\"]"}
RESULT: {"using":"xpath","value":"//*[@id=\"__tile119\"]"}
COMMAND: POST /session/46f876eb5e248516228a453ac1f13759/element/f.6E9F8F4BF32ABDA1B7AB88C579A79FC6.d.FE17784B0556A29ADD787F1BEE81014F.e.5011/click - {}
RESULT: undefined
COMMAND: POST /session/46f876eb5e248516228a453ac1f13759/element - {"using":"xpath","value":"//*[@id=\"__tile119\"]"}
RESULT: {"using":"xpath","value":"//*[@id=\"__tile119\"]"}
COMMAND: POST /session/46f876eb5e248516228a453ac1f13759/element/f.6E9F8F4BF32ABDA1B7AB88C579A79FC6.d.FE17784B0556A29ADD787F1BEE81014F.e.5011/click - {}
RESULT: undefined
COMMAND: POST /session/46f876eb5e248516228a453ac1f13759/execute/async - {"script":"<script> [6424 bytes]","args":[{"element-6066-11e4-a52e-4f735466cecf":"f.6E9F8F4BF32ABDA1B7AB88C579A79FC6.d.FE17784B0556A29ADD787F1BEE81014F.e.281"},"getTitle",[]]}
COMMAND: POST /session/46f876eb5e248516228a453ac1f13759/execute/async - {"script":"<script> [1562 bytes]","args":[{"selector":{"id":"shellAppTitle"},"wdio_ui5_key":"shellAppTitle"}]}
RESULT: {"script":"<script> [1562 bytes]","args":[{"selector":{"id":"shellAppTitle"},"wdio_ui5_key":"shellAppTitle"}]}
COMMAND: POST /session/46f876eb5e248516228a453ac1f13759/execute/async - {"script":"<script> [6424 bytes]","args":[{"element-6066-11e4-a52e-4f735466cecf":"f.6E9F8F4BF32ABDA1B7AB88C579A79FC6.d.FE17784B0556A29ADD787F1BEE81014F.e.5085"},"getTitle",[]]}
RESULT: {"script":"<script> [6424 bytes]","args":[{"element-6066-11e4-a52e-4f735466cecf":"f.6E9F8F4BF32ABDA1B7AB88C579A79FC6.d.FE17784B0556A29ADD787F1BEE81014F.e.5085"},"getTitle",[]]}
RESULT: undefined
COMMAND: POST /session/46f876eb5e248516228a453ac1f13759/element/f.6E9F8F4BF32ABDA1B7AB88C579A79FC6.d.FE17784B0556A29ADD787F1BEE81014F.e.4989/click - {}
COMMAND: POST /session/46f876eb5e248516228a453ac1f13759/element - {"using":"xpath","value":"//*[@id=\"backBtn\"]"}
RESULT: {"using":"xpath","value":"//*[@id=\"backBtn\"]"}
COMMAND: POST /session/46f876eb5e248516228a453ac1f13759/element/f.6E9F8F4BF32ABDA1B7AB88C579A79FC6.d.FE17784B0556A29ADD787F1BEE81014F.e.4989/click - {}
COMMAND: POST /session/46f876eb5e248516228a453ac1f13759/element - {"using":"xpath","value":"//*[@id=\"backBtn\"]"}
RESULT: {"using":"xpath","value":"//*[@id=\"backBtn\"]"}
COMMAND: POST /session/46f876eb5e248516228a453ac1f13759/element/f.6E9F8F4BF32ABDA1B7AB88C579A79FC6.d.FE17784B0556A29ADD787F1BEE81014F.e.5086/click - {}
RESULT: {}
COMMAND: GET /session/46f876eb5e248516228a453ac1f13759/screenshot - {}
RESULT: {}
]]></system-out>
    </testcase>
    <testcase classname="chrome.135_0_7049_42.windows.Sanity_Tests_US104253" name="Should open Authorization Tables page" time="32.109">
      <system-out><![CDATA[
COMMAND: POST /session/46f876eb5e248516228a453ac1f13759/execute/async - {"script":"<script> [1562 bytes]","args":[{"selector":{"controlType":"sap.m.GenericTile","properties":{"header":"Authorization Tables"}},"wdio_ui5_key":"sapm.GenericTile{\"header\":\"Authorization Tables\"}"}]}
RESULT: {"script":"<script> [1562 bytes]","args":[{"selector":{"controlType":"sap.m.GenericTile","properties":{"header":"Authorization Tables"}},"wdio_ui5_key":"sapm.GenericTile{\"header\":\"Authorization Tables\"}"}]}
RESULT: undefined
COMMAND: POST /session/46f876eb5e248516228a453ac1f13759/element - {"using":"xpath","value":"//*[@id=\"__tile118\"]"}
RESULT: {"using":"xpath","value":"//*[@id=\"__tile118\"]"}
COMMAND: POST /session/46f876eb5e248516228a453ac1f13759/element/f.6E9F8F4BF32ABDA1B7AB88C579A79FC6.d.FE17784B0556A29ADD787F1BEE81014F.e.5088/click - {}
RESULT: {}
COMMAND: GET /session/46f876eb5e248516228a453ac1f13759/screenshot - {}
RESULT: undefined
COMMAND: POST /session/46f876eb5e248516228a453ac1f13759/element - {"using":"xpath","value":"//*[@id=\"__tile118\"]"}
RESULT: {}
RESULT: {"using":"xpath","value":"//*[@id=\"__tile118\"]"}
COMMAND: POST /session/46f876eb5e248516228a453ac1f13759/element/f.6E9F8F4BF32ABDA1B7AB88C579A79FC6.d.FE17784B0556A29ADD787F1BEE81014F.e.5088/click - {}
RESULT: undefined
COMMAND: POST /session/46f876eb5e248516228a453ac1f13759/element - {"using":"xpath","value":"//*[@id=\"__tile118\"]"}
RESULT: {"using":"xpath","value":"//*[@id=\"__tile118\"]"}
COMMAND: POST /session/46f876eb5e248516228a453ac1f13759/element/f.6E9F8F4BF32ABDA1B7AB88C579A79FC6.d.FE17784B0556A29ADD787F1BEE81014F.e.5088/click - {}
RESULT: undefined
COMMAND: POST /session/46f876eb5e248516228a453ac1f13759/execute/async - {"script":"<script> [6424 bytes]","args":[{"element-6066-11e4-a52e-4f735466cecf":"f.6E9F8F4BF32ABDA1B7AB88C579A79FC6.d.FE17784B0556A29ADD787F1BEE81014F.e.281"},"getTitle",[]]}
COMMAND: POST /session/46f876eb5e248516228a453ac1f13759/execute/async - {"script":"<script> [1562 bytes]","args":[{"selector":{"id":"shellAppTitle"},"wdio_ui5_key":"shellAppTitle"}]}
RESULT: {"script":"<script> [1562 bytes]","args":[{"selector":{"id":"shellAppTitle"},"wdio_ui5_key":"shellAppTitle"}]}
COMMAND: POST /session/46f876eb5e248516228a453ac1f13759/execute/async - {"script":"<script> [6424 bytes]","args":[{"element-6066-11e4-a52e-4f735466cecf":"f.6E9F8F4BF32ABDA1B7AB88C579A79FC6.d.FE17784B0556A29ADD787F1BEE81014F.e.5174"},"getTitle",[]]}
RESULT: {"script":"<script> [6424 bytes]","args":[{"element-6066-11e4-a52e-4f735466cecf":"f.6E9F8F4BF32ABDA1B7AB88C579A79FC6.d.FE17784B0556A29ADD787F1BEE81014F.e.5174"},"getTitle",[]]}
RESULT: undefined
COMMAND: POST /session/46f876eb5e248516228a453ac1f13759/element/f.6E9F8F4BF32ABDA1B7AB88C579A79FC6.d.FE17784B0556A29ADD787F1BEE81014F.e.5086/click - {}
RESULT: {}
COMMAND: GET /session/46f876eb5e248516228a453ac1f13759/screenshot - {}
RESULT: {}
]]></system-out>
    </testcase>
    <testcase classname="chrome.135_0_7049_42.windows.Sanity_Tests_US104253" name="Should open User Maintenance page" time="31.485">
      <system-out><![CDATA[
COMMAND: POST /session/46f876eb5e248516228a453ac1f13759/execute/async - {"script":"<script> [1562 bytes]","args":[{"selector":{"controlType":"sap.m.GenericTile","properties":{"header":"User Maintenance"}},"wdio_ui5_key":"sapm.GenericTile{\"header\":\"User Maintenance\"}"}]}
RESULT: {"script":"<script> [1562 bytes]","args":[{"selector":{"controlType":"sap.m.GenericTile","properties":{"header":"User Maintenance"}},"wdio_ui5_key":"sapm.GenericTile{\"header\":\"User Maintenance\"}"}]}
RESULT: undefined
COMMAND: POST /session/46f876eb5e248516228a453ac1f13759/element - {"using":"xpath","value":"//*[@id=\"__tile121\"]"}
RESULT: {"using":"xpath","value":"//*[@id=\"__tile121\"]"}
COMMAND: POST /session/46f876eb5e248516228a453ac1f13759/element/f.6E9F8F4BF32ABDA1B7AB88C579A79FC6.d.FE17784B0556A29ADD787F1BEE81014F.e.5176/click - {}
RESULT: {}
COMMAND: GET /session/46f876eb5e248516228a453ac1f13759/screenshot - {}
RESULT: {}
RESULT: undefined
COMMAND: POST /session/46f876eb5e248516228a453ac1f13759/element - {"using":"xpath","value":"//*[@id=\"__tile121\"]"}
RESULT: {"using":"xpath","value":"//*[@id=\"__tile121\"]"}
COMMAND: POST /session/46f876eb5e248516228a453ac1f13759/element/f.6E9F8F4BF32ABDA1B7AB88C579A79FC6.d.FE17784B0556A29ADD787F1BEE81014F.e.5176/click - {}
RESULT: undefined
COMMAND: POST /session/46f876eb5e248516228a453ac1f13759/element - {"using":"xpath","value":"//*[@id=\"__tile121\"]"}
RESULT: {"using":"xpath","value":"//*[@id=\"__tile121\"]"}
COMMAND: POST /session/46f876eb5e248516228a453ac1f13759/element/f.6E9F8F4BF32ABDA1B7AB88C579A79FC6.d.FE17784B0556A29ADD787F1BEE81014F.e.5176/click - {}
RESULT: undefined
COMMAND: POST /session/46f876eb5e248516228a453ac1f13759/execute/async - {"script":"<script> [6424 bytes]","args":[{"element-6066-11e4-a52e-4f735466cecf":"f.6E9F8F4BF32ABDA1B7AB88C579A79FC6.d.FE17784B0556A29ADD787F1BEE81014F.e.281"},"getTitle",[]]}
COMMAND: POST /session/46f876eb5e248516228a453ac1f13759/execute/async - {"script":"<script> [1562 bytes]","args":[{"selector":{"id":"shellAppTitle"},"wdio_ui5_key":"shellAppTitle"}]}
RESULT: {"script":"<script> [1562 bytes]","args":[{"selector":{"id":"shellAppTitle"},"wdio_ui5_key":"shellAppTitle"}]}
COMMAND: POST /session/46f876eb5e248516228a453ac1f13759/execute/async - {"script":"<script> [6424 bytes]","args":[{"element-6066-11e4-a52e-4f735466cecf":"f.6E9F8F4BF32ABDA1B7AB88C579A79FC6.d.FE17784B0556A29ADD787F1BEE81014F.e.5266"},"getTitle",[]]}
RESULT: {"script":"<script> [6424 bytes]","args":[{"element-6066-11e4-a52e-4f735466cecf":"f.6E9F8F4BF32ABDA1B7AB88C579A79FC6.d.FE17784B0556A29ADD787F1BEE81014F.e.5266"},"getTitle",[]]}
RESULT: undefined
COMMAND: POST /session/46f876eb5e248516228a453ac1f13759/element/f.6E9F8F4BF32ABDA1B7AB88C579A79FC6.d.FE17784B0556A29ADD787F1BEE81014F.e.5086/click - {}
COMMAND: POST /session/46f876eb5e248516228a453ac1f13759/element - {"using":"xpath","value":"//*[@id=\"backBtn\"]"}
RESULT: {"using":"xpath","value":"//*[@id=\"backBtn\"]"}
COMMAND: POST /session/46f876eb5e248516228a453ac1f13759/element/f.6E9F8F4BF32ABDA1B7AB88C579A79FC6.d.FE17784B0556A29ADD787F1BEE81014F.e.5086/click - {}
COMMAND: POST /session/46f876eb5e248516228a453ac1f13759/element - {"using":"xpath","value":"//*[@id=\"backBtn\"]"}
RESULT: {"using":"xpath","value":"//*[@id=\"backBtn\"]"}
COMMAND: POST /session/46f876eb5e248516228a453ac1f13759/element/f.6E9F8F4BF32ABDA1B7AB88C579A79FC6.d.FE17784B0556A29ADD787F1BEE81014F.e.5267/click - {}
RESULT: {}
COMMAND: GET /session/46f876eb5e248516228a453ac1f13759/screenshot - {}
RESULT: {}
]]></system-out>
    </testcase>
    <testcase classname="chrome.135_0_7049_42.windows.Sanity_Tests_US104253" name="Should open Schedule Jobs page" time="25.817">
      <system-out><![CDATA[
COMMAND: POST /session/46f876eb5e248516228a453ac1f13759/execute/async - {"script":"<script> [1562 bytes]","args":[{"selector":{"controlType":"sap.m.GenericTile","properties":{"header":"Schedule Jobs"}},"wdio_ui5_key":"sapm.GenericTile{\"header\":\"Schedule Jobs\"}"}]}
RESULT: {"script":"<script> [1562 bytes]","args":[{"selector":{"controlType":"sap.m.GenericTile","properties":{"header":"Schedule Jobs"}},"wdio_ui5_key":"sapm.GenericTile{\"header\":\"Schedule Jobs\"}"}]}
RESULT: undefined
COMMAND: POST /session/46f876eb5e248516228a453ac1f13759/element - {"using":"xpath","value":"//*[@id=\"__tile127\"]"}
RESULT: {"using":"xpath","value":"//*[@id=\"__tile127\"]"}
COMMAND: POST /session/46f876eb5e248516228a453ac1f13759/element/f.6E9F8F4BF32ABDA1B7AB88C579A79FC6.d.FE17784B0556A29ADD787F1BEE81014F.e.5269/click - {}
RESULT: {}
COMMAND: GET /session/46f876eb5e248516228a453ac1f13759/screenshot - {}
RESULT: {}
RESULT: undefined
COMMAND: POST /session/46f876eb5e248516228a453ac1f13759/element - {"using":"xpath","value":"//*[@id=\"__tile127\"]"}
RESULT: {"using":"xpath","value":"//*[@id=\"__tile127\"]"}
COMMAND: POST /session/46f876eb5e248516228a453ac1f13759/element/f.6E9F8F4BF32ABDA1B7AB88C579A79FC6.d.FE17784B0556A29ADD787F1BEE81014F.e.5269/click - {}
RESULT: undefined
COMMAND: POST /session/46f876eb5e248516228a453ac1f13759/element - {"using":"xpath","value":"//*[@id=\"__tile127\"]"}
RESULT: {"using":"xpath","value":"//*[@id=\"__tile127\"]"}
COMMAND: POST /session/46f876eb5e248516228a453ac1f13759/element/f.6E9F8F4BF32ABDA1B7AB88C579A79FC6.d.FE17784B0556A29ADD787F1BEE81014F.e.5269/click - {}
RESULT: undefined
COMMAND: POST /session/46f876eb5e248516228a453ac1f13759/execute/async - {"script":"<script> [6424 bytes]","args":[{"element-6066-11e4-a52e-4f735466cecf":"f.6E9F8F4BF32ABDA1B7AB88C579A79FC6.d.FE17784B0556A29ADD787F1BEE81014F.e.281"},"getTitle",[]]}
COMMAND: POST /session/46f876eb5e248516228a453ac1f13759/execute/async - {"script":"<script> [1562 bytes]","args":[{"selector":{"id":"shellAppTitle"},"wdio_ui5_key":"shellAppTitle"}]}
RESULT: {"script":"<script> [1562 bytes]","args":[{"selector":{"id":"shellAppTitle"},"wdio_ui5_key":"shellAppTitle"}]}
COMMAND: POST /session/46f876eb5e248516228a453ac1f13759/execute/async - {"script":"<script> [6424 bytes]","args":[{"element-6066-11e4-a52e-4f735466cecf":"f.6E9F8F4BF32ABDA1B7AB88C579A79FC6.d.FE17784B0556A29ADD787F1BEE81014F.e.5313"},"getTitle",[]]}
RESULT: {"script":"<script> [6424 bytes]","args":[{"element-6066-11e4-a52e-4f735466cecf":"f.6E9F8F4BF32ABDA1B7AB88C579A79FC6.d.FE17784B0556A29ADD787F1BEE81014F.e.5313"},"getTitle",[]]}
RESULT: undefined
COMMAND: POST /session/46f876eb5e248516228a453ac1f13759/element/f.6E9F8F4BF32ABDA1B7AB88C579A79FC6.d.FE17784B0556A29ADD787F1BEE81014F.e.5267/click - {}
COMMAND: POST /session/46f876eb5e248516228a453ac1f13759/element/f.6E9F8F4BF32ABDA1B7AB88C579A79FC6.d.FE17784B0556A29ADD787F1BEE81014F.e.5267/click - {}
RESULT: {}
COMMAND: GET /session/46f876eb5e248516228a453ac1f13759/screenshot - {}
COMMAND: POST /session/46f876eb5e248516228a453ac1f13759/element - {"using":"xpath","value":"//*[@id=\"backBtn\"]"}
RESULT: {}
RESULT: {"using":"xpath","value":"//*[@id=\"backBtn\"]"}
COMMAND: POST /session/46f876eb5e248516228a453ac1f13759/elements - {"using":"xpath","value":"//*[@id=\"backBtn\"]"}
RESULT: {"using":"xpath","value":"//*[@id=\"backBtn\"]"}
COMMAND: POST /session/46f876eb5e248516228a453ac1f13759/elements - {"using":"xpath","value":"//*[@id=\"backBtn\"]"}
RESULT: {"using":"xpath","value":"//*[@id=\"backBtn\"]"}
COMMAND: POST /session/46f876eb5e248516228a453ac1f13759/elements - {"using":"xpath","value":"//*[@id=\"backBtn\"]"}
RESULT: {"using":"xpath","value":"//*[@id=\"backBtn\"]"}
COMMAND: POST /session/46f876eb5e248516228a453ac1f13759/elements - {"using":"xpath","value":"//*[@id=\"backBtn\"]"}
RESULT: {"using":"xpath","value":"//*[@id=\"backBtn\"]"}
COMMAND: POST /session/46f876eb5e248516228a453ac1f13759/elements - {"using":"xpath","value":"//*[@id=\"backBtn\"]"}
RESULT: {"using":"xpath","value":"//*[@id=\"backBtn\"]"}
COMMAND: POST /session/46f876eb5e248516228a453ac1f13759/elements - {"using":"xpath","value":"//*[@id=\"backBtn\"]"}
RESULT: {"using":"xpath","value":"//*[@id=\"backBtn\"]"}
COMMAND: POST /session/46f876eb5e248516228a453ac1f13759/elements - {"using":"xpath","value":"//*[@id=\"backBtn\"]"}
RESULT: {"using":"xpath","value":"//*[@id=\"backBtn\"]"}
COMMAND: POST /session/46f876eb5e248516228a453ac1f13759/elements - {"using":"xpath","value":"//*[@id=\"backBtn\"]"}
RESULT: {"using":"xpath","value":"//*[@id=\"backBtn\"]"}
COMMAND: POST /session/46f876eb5e248516228a453ac1f13759/elements - {"using":"xpath","value":"//*[@id=\"backBtn\"]"}
RESULT: {"using":"xpath","value":"//*[@id=\"backBtn\"]"}
COMMAND: POST /session/46f876eb5e248516228a453ac1f13759/elements - {"using":"xpath","value":"//*[@id=\"backBtn\"]"}
RESULT: {"using":"xpath","value":"//*[@id=\"backBtn\"]"}
COMMAND: POST /session/46f876eb5e248516228a453ac1f13759/elements - {"using":"xpath","value":"//*[@id=\"backBtn\"]"}
RESULT: {"using":"xpath","value":"//*[@id=\"backBtn\"]"}
COMMAND: POST /session/46f876eb5e248516228a453ac1f13759/elements - {"using":"xpath","value":"//*[@id=\"backBtn\"]"}
RESULT: {"using":"xpath","value":"//*[@id=\"backBtn\"]"}
COMMAND: POST /session/46f876eb5e248516228a453ac1f13759/elements - {"using":"xpath","value":"//*[@id=\"backBtn\"]"}
RESULT: {"using":"xpath","value":"//*[@id=\"backBtn\"]"}
COMMAND: POST /session/46f876eb5e248516228a453ac1f13759/elements - {"using":"xpath","value":"//*[@id=\"backBtn\"]"}
RESULT: {"using":"xpath","value":"//*[@id=\"backBtn\"]"}
COMMAND: POST /session/46f876eb5e248516228a453ac1f13759/elements - {"using":"xpath","value":"//*[@id=\"backBtn\"]"}
RESULT: {"using":"xpath","value":"//*[@id=\"backBtn\"]"}
COMMAND: POST /session/46f876eb5e248516228a453ac1f13759/elements - {"using":"xpath","value":"//*[@id=\"backBtn\"]"}
RESULT: {"using":"xpath","value":"//*[@id=\"backBtn\"]"}
COMMAND: POST /session/46f876eb5e248516228a453ac1f13759/elements - {"using":"xpath","value":"//*[@id=\"backBtn\"]"}
RESULT: {"using":"xpath","value":"//*[@id=\"backBtn\"]"}
COMMAND: POST /session/46f876eb5e248516228a453ac1f13759/elements - {"using":"xpath","value":"//*[@id=\"backBtn\"]"}
RESULT: {"using":"xpath","value":"//*[@id=\"backBtn\"]"}
COMMAND: POST /session/46f876eb5e248516228a453ac1f13759/elements - {"using":"xpath","value":"//*[@id=\"backBtn\"]"}
RESULT: {"using":"xpath","value":"//*[@id=\"backBtn\"]"}
]]></system-out>
    </testcase>
    <testcase classname="chrome.135_0_7049_42.windows.Sanity_Tests_US104253" name="Should open Jobs Setup page" time="26.133">
      <system-out><![CDATA[
COMMAND: POST /session/46f876eb5e248516228a453ac1f13759/execute/async - {"script":"<script> [1562 bytes]","args":[{"selector":{"controlType":"sap.m.GenericTile","properties":{"header":"Jobs Setup"}},"wdio_ui5_key":"sapm.GenericTile{\"header\":\"Jobs Setup\"}"}]}
COMMAND: POST /session/46f876eb5e248516228a453ac1f13759/elements - {"using":"xpath","value":"//*[@id=\"backBtn\"]"}
RESULT: {"script":"<script> [1562 bytes]","args":[{"selector":{"controlType":"sap.m.GenericTile","properties":{"header":"Jobs Setup"}},"wdio_ui5_key":"sapm.GenericTile{\"header\":\"Jobs Setup\"}"}]}
RESULT: undefined
COMMAND: POST /session/46f876eb5e248516228a453ac1f13759/element - {"using":"xpath","value":"//*[@id=\"__tile128\"]"}
RESULT: {"using":"xpath","value":"//*[@id=\"backBtn\"]"}
RESULT: {"using":"xpath","value":"//*[@id=\"__tile128\"]"}
COMMAND: POST /session/46f876eb5e248516228a453ac1f13759/element/f.6E9F8F4BF32ABDA1B7AB88C579A79FC6.d.FE17784B0556A29ADD787F1BEE81014F.e.5315/click - {}
COMMAND: POST /session/46f876eb5e248516228a453ac1f13759/elements - {"using":"xpath","value":"//*[@id=\"backBtn\"]"}
RESULT: {}
COMMAND: GET /session/46f876eb5e248516228a453ac1f13759/screenshot - {}
RESULT: {"using":"xpath","value":"//*[@id=\"backBtn\"]"}
COMMAND: POST /session/46f876eb5e248516228a453ac1f13759/elements - {"using":"xpath","value":"//*[@id=\"backBtn\"]"}
RESULT: {}
RESULT: {"using":"xpath","value":"//*[@id=\"backBtn\"]"}
COMMAND: POST /session/46f876eb5e248516228a453ac1f13759/element - {"using":"xpath","value":"//*[@id=\"backBtn\"]"}
RESULT: {"using":"xpath","value":"//*[@id=\"backBtn\"]"}
COMMAND: POST /session/46f876eb5e248516228a453ac1f13759/element/f.6E9F8F4BF32ABDA1B7AB88C579A79FC6.d.FE17784B0556A29ADD787F1BEE81014F.e.5267/click - {}
COMMAND: POST /session/46f876eb5e248516228a453ac1f13759/element - {"using":"xpath","value":"//*[@id=\"backBtn\"]"}
RESULT: {"using":"xpath","value":"//*[@id=\"backBtn\"]"}
COMMAND: POST /session/46f876eb5e248516228a453ac1f13759/element/f.6E9F8F4BF32ABDA1B7AB88C579A79FC6.d.FE17784B0556A29ADD787F1BEE81014F.e.5371/click - {}
RESULT: {}
COMMAND: GET /session/46f876eb5e248516228a453ac1f13759/screenshot - {}
RESULT: {}
RESULT: undefined
COMMAND: POST /session/46f876eb5e248516228a453ac1f13759/element - {"using":"xpath","value":"//*[@id=\"__tile128\"]"}
RESULT: {"using":"xpath","value":"//*[@id=\"__tile128\"]"}
COMMAND: POST /session/46f876eb5e248516228a453ac1f13759/element/f.6E9F8F4BF32ABDA1B7AB88C579A79FC6.d.FE17784B0556A29ADD787F1BEE81014F.e.5315/click - {}
RESULT: undefined
COMMAND: POST /session/46f876eb5e248516228a453ac1f13759/element - {"using":"xpath","value":"//*[@id=\"__tile128\"]"}
RESULT: {"using":"xpath","value":"//*[@id=\"__tile128\"]"}
COMMAND: POST /session/46f876eb5e248516228a453ac1f13759/element/f.6E9F8F4BF32ABDA1B7AB88C579A79FC6.d.FE17784B0556A29ADD787F1BEE81014F.e.5315/click - {}
RESULT: undefined
COMMAND: POST /session/46f876eb5e248516228a453ac1f13759/execute/async - {"script":"<script> [6424 bytes]","args":[{"element-6066-11e4-a52e-4f735466cecf":"f.6E9F8F4BF32ABDA1B7AB88C579A79FC6.d.FE17784B0556A29ADD787F1BEE81014F.e.281"},"getTitle",[]]}
COMMAND: POST /session/46f876eb5e248516228a453ac1f13759/execute/async - {"script":"<script> [1562 bytes]","args":[{"selector":{"id":"shellAppTitle"},"wdio_ui5_key":"shellAppTitle"}]}
RESULT: {"script":"<script> [1562 bytes]","args":[{"selector":{"id":"shellAppTitle"},"wdio_ui5_key":"shellAppTitle"}]}
COMMAND: POST /session/46f876eb5e248516228a453ac1f13759/execute/async - {"script":"<script> [6424 bytes]","args":[{"element-6066-11e4-a52e-4f735466cecf":"f.6E9F8F4BF32ABDA1B7AB88C579A79FC6.d.FE17784B0556A29ADD787F1BEE81014F.e.5403"},"getTitle",[]]}
RESULT: {"script":"<script> [6424 bytes]","args":[{"element-6066-11e4-a52e-4f735466cecf":"f.6E9F8F4BF32ABDA1B7AB88C579A79FC6.d.FE17784B0556A29ADD787F1BEE81014F.e.5403"},"getTitle",[]]}
RESULT: undefined
COMMAND: POST /session/46f876eb5e248516228a453ac1f13759/element/f.6E9F8F4BF32ABDA1B7AB88C579A79FC6.d.FE17784B0556A29ADD787F1BEE81014F.e.5371/click - {}
COMMAND: POST /session/46f876eb5e248516228a453ac1f13759/element/f.6E9F8F4BF32ABDA1B7AB88C579A79FC6.d.FE17784B0556A29ADD787F1BEE81014F.e.5371/click - {}
RESULT: {}
COMMAND: GET /session/46f876eb5e248516228a453ac1f13759/screenshot - {}
RESULT: {}
COMMAND: GET /session/46f876eb5e248516228a453ac1f13759/screenshot - {}
RESULT: {}
RESULT: {}
]]></system-out>
    </testcase>
    <testcase classname="chrome.135_0_7049_42.windows.Sanity_Tests_US104253" name="Should open Target Systems Configuration page" time="25.851">
      <system-out><![CDATA[
COMMAND: POST /session/46f876eb5e248516228a453ac1f13759/execute/async - {"script":"<script> [1562 bytes]","args":[{"selector":{"controlType":"sap.m.GenericTile","properties":{"header":"Target Systems Configuration"}},"wdio_ui5_key":"sapm.GenericTile{\"header\":\"Target Systems Configuration\"}"}]}
RESULT: {"script":"<script> [1562 bytes]","args":[{"selector":{"controlType":"sap.m.GenericTile","properties":{"header":"Target Systems Configuration"}},"wdio_ui5_key":"sapm.GenericTile{\"header\":\"Target Systems Configuration\"}"}]}
RESULT: undefined
COMMAND: POST /session/46f876eb5e248516228a453ac1f13759/element - {"using":"xpath","value":"//*[@id=\"__tile129\"]"}
RESULT: {"using":"xpath","value":"//*[@id=\"__tile129\"]"}
COMMAND: POST /session/46f876eb5e248516228a453ac1f13759/element/f.6E9F8F4BF32ABDA1B7AB88C579A79FC6.d.FE17784B0556A29ADD787F1BEE81014F.e.5405/click - {}
RESULT: {}
COMMAND: GET /session/46f876eb5e248516228a453ac1f13759/screenshot - {}
RESULT: {}
RESULT: undefined
COMMAND: POST /session/46f876eb5e248516228a453ac1f13759/element - {"using":"xpath","value":"//*[@id=\"__tile129\"]"}
RESULT: {"using":"xpath","value":"//*[@id=\"__tile129\"]"}
COMMAND: POST /session/46f876eb5e248516228a453ac1f13759/element/f.6E9F8F4BF32ABDA1B7AB88C579A79FC6.d.FE17784B0556A29ADD787F1BEE81014F.e.5405/click - {}
RESULT: undefined
COMMAND: POST /session/46f876eb5e248516228a453ac1f13759/element - {"using":"xpath","value":"//*[@id=\"__tile129\"]"}
RESULT: {"using":"xpath","value":"//*[@id=\"__tile129\"]"}
COMMAND: POST /session/46f876eb5e248516228a453ac1f13759/element/f.6E9F8F4BF32ABDA1B7AB88C579A79FC6.d.FE17784B0556A29ADD787F1BEE81014F.e.5405/click - {}
RESULT: undefined
COMMAND: POST /session/46f876eb5e248516228a453ac1f13759/execute/async - {"script":"<script> [6424 bytes]","args":[{"element-6066-11e4-a52e-4f735466cecf":"f.6E9F8F4BF32ABDA1B7AB88C579A79FC6.d.FE17784B0556A29ADD787F1BEE81014F.e.281"},"getTitle",[]]}
COMMAND: POST /session/46f876eb5e248516228a453ac1f13759/execute/async - {"script":"<script> [1562 bytes]","args":[{"selector":{"id":"shellAppTitle"},"wdio_ui5_key":"shellAppTitle"}]}
RESULT: {"script":"<script> [1562 bytes]","args":[{"selector":{"id":"shellAppTitle"},"wdio_ui5_key":"shellAppTitle"}]}
COMMAND: POST /session/46f876eb5e248516228a453ac1f13759/execute/async - {"script":"<script> [6424 bytes]","args":[{"element-6066-11e4-a52e-4f735466cecf":"f.6E9F8F4BF32ABDA1B7AB88C579A79FC6.d.FE17784B0556A29ADD787F1BEE81014F.e.5469"},"getTitle",[]]}
RESULT: {"script":"<script> [6424 bytes]","args":[{"element-6066-11e4-a52e-4f735466cecf":"f.6E9F8F4BF32ABDA1B7AB88C579A79FC6.d.FE17784B0556A29ADD787F1BEE81014F.e.5469"},"getTitle",[]]}
RESULT: undefined
COMMAND: POST /session/46f876eb5e248516228a453ac1f13759/element/f.6E9F8F4BF32ABDA1B7AB88C579A79FC6.d.FE17784B0556A29ADD787F1BEE81014F.e.5371/click - {}
COMMAND: POST /session/46f876eb5e248516228a453ac1f13759/element/f.6E9F8F4BF32ABDA1B7AB88C579A79FC6.d.FE17784B0556A29ADD787F1BEE81014F.e.5371/click - {}
RESULT: {}
COMMAND: GET /session/46f876eb5e248516228a453ac1f13759/screenshot - {}
COMMAND: POST /session/46f876eb5e248516228a453ac1f13759/element - {"using":"xpath","value":"//*[@id=\"backBtn\"]"}
RESULT: {}
RESULT: {"using":"xpath","value":"//*[@id=\"backBtn\"]"}
COMMAND: POST /session/46f876eb5e248516228a453ac1f13759/elements - {"using":"xpath","value":"//*[@id=\"backBtn\"]"}
RESULT: {"using":"xpath","value":"//*[@id=\"backBtn\"]"}
COMMAND: POST /session/46f876eb5e248516228a453ac1f13759/elements - {"using":"xpath","value":"//*[@id=\"backBtn\"]"}
RESULT: {"using":"xpath","value":"//*[@id=\"backBtn\"]"}
COMMAND: POST /session/46f876eb5e248516228a453ac1f13759/elements - {"using":"xpath","value":"//*[@id=\"backBtn\"]"}
RESULT: {"using":"xpath","value":"//*[@id=\"backBtn\"]"}
COMMAND: POST /session/46f876eb5e248516228a453ac1f13759/elements - {"using":"xpath","value":"//*[@id=\"backBtn\"]"}
RESULT: {"using":"xpath","value":"//*[@id=\"backBtn\"]"}
COMMAND: POST /session/46f876eb5e248516228a453ac1f13759/elements - {"using":"xpath","value":"//*[@id=\"backBtn\"]"}
RESULT: {"using":"xpath","value":"//*[@id=\"backBtn\"]"}
COMMAND: POST /session/46f876eb5e248516228a453ac1f13759/elements - {"using":"xpath","value":"//*[@id=\"backBtn\"]"}
RESULT: {"using":"xpath","value":"//*[@id=\"backBtn\"]"}
COMMAND: POST /session/46f876eb5e248516228a453ac1f13759/elements - {"using":"xpath","value":"//*[@id=\"backBtn\"]"}
RESULT: {"using":"xpath","value":"//*[@id=\"backBtn\"]"}
COMMAND: POST /session/46f876eb5e248516228a453ac1f13759/elements - {"using":"xpath","value":"//*[@id=\"backBtn\"]"}
RESULT: {"using":"xpath","value":"//*[@id=\"backBtn\"]"}
COMMAND: POST /session/46f876eb5e248516228a453ac1f13759/elements - {"using":"xpath","value":"//*[@id=\"backBtn\"]"}
RESULT: {"using":"xpath","value":"//*[@id=\"backBtn\"]"}
COMMAND: POST /session/46f876eb5e248516228a453ac1f13759/elements - {"using":"xpath","value":"//*[@id=\"backBtn\"]"}
RESULT: {"using":"xpath","value":"//*[@id=\"backBtn\"]"}
COMMAND: POST /session/46f876eb5e248516228a453ac1f13759/elements - {"using":"xpath","value":"//*[@id=\"backBtn\"]"}
RESULT: {"using":"xpath","value":"//*[@id=\"backBtn\"]"}
COMMAND: POST /session/46f876eb5e248516228a453ac1f13759/elements - {"using":"xpath","value":"//*[@id=\"backBtn\"]"}
RESULT: {"using":"xpath","value":"//*[@id=\"backBtn\"]"}
COMMAND: POST /session/46f876eb5e248516228a453ac1f13759/elements - {"using":"xpath","value":"//*[@id=\"backBtn\"]"}
RESULT: {"using":"xpath","value":"//*[@id=\"backBtn\"]"}
COMMAND: POST /session/46f876eb5e248516228a453ac1f13759/elements - {"using":"xpath","value":"//*[@id=\"backBtn\"]"}
RESULT: {"using":"xpath","value":"//*[@id=\"backBtn\"]"}
COMMAND: POST /session/46f876eb5e248516228a453ac1f13759/elements - {"using":"xpath","value":"//*[@id=\"backBtn\"]"}
RESULT: {"using":"xpath","value":"//*[@id=\"backBtn\"]"}
COMMAND: POST /session/46f876eb5e248516228a453ac1f13759/elements - {"using":"xpath","value":"//*[@id=\"backBtn\"]"}
RESULT: {"using":"xpath","value":"//*[@id=\"backBtn\"]"}
COMMAND: POST /session/46f876eb5e248516228a453ac1f13759/elements - {"using":"xpath","value":"//*[@id=\"backBtn\"]"}
RESULT: {"using":"xpath","value":"//*[@id=\"backBtn\"]"}
COMMAND: POST /session/46f876eb5e248516228a453ac1f13759/elements - {"using":"xpath","value":"//*[@id=\"backBtn\"]"}
RESULT: {"using":"xpath","value":"//*[@id=\"backBtn\"]"}
COMMAND: POST /session/46f876eb5e248516228a453ac1f13759/elements - {"using":"xpath","value":"//*[@id=\"backBtn\"]"}
RESULT: {"using":"xpath","value":"//*[@id=\"backBtn\"]"}
COMMAND: POST /session/46f876eb5e248516228a453ac1f13759/elements - {"using":"xpath","value":"//*[@id=\"backBtn\"]"}
RESULT: {"using":"xpath","value":"//*[@id=\"backBtn\"]"}
COMMAND: POST /session/46f876eb5e248516228a453ac1f13759/elements - {"using":"xpath","value":"//*[@id=\"backBtn\"]"}
RESULT: {"using":"xpath","value":"//*[@id=\"backBtn\"]"}
COMMAND: POST /session/46f876eb5e248516228a453ac1f13759/elements - {"using":"xpath","value":"//*[@id=\"backBtn\"]"}
RESULT: {"using":"xpath","value":"//*[@id=\"backBtn\"]"}
COMMAND: POST /session/46f876eb5e248516228a453ac1f13759/elements - {"using":"xpath","value":"//*[@id=\"backBtn\"]"}
RESULT: {"using":"xpath","value":"//*[@id=\"backBtn\"]"}
COMMAND: POST /session/46f876eb5e248516228a453ac1f13759/elements - {"using":"xpath","value":"//*[@id=\"backBtn\"]"}
RESULT: {"using":"xpath","value":"//*[@id=\"backBtn\"]"}
COMMAND: POST /session/46f876eb5e248516228a453ac1f13759/elements - {"using":"xpath","value":"//*[@id=\"backBtn\"]"}
RESULT: {"using":"xpath","value":"//*[@id=\"backBtn\"]"}
COMMAND: POST /session/46f876eb5e248516228a453ac1f13759/elements - {"using":"xpath","value":"//*[@id=\"backBtn\"]"}
RESULT: {"using":"xpath","value":"//*[@id=\"backBtn\"]"}
COMMAND: POST /session/46f876eb5e248516228a453ac1f13759/elements - {"using":"xpath","value":"//*[@id=\"backBtn\"]"}
RESULT: {"using":"xpath","value":"//*[@id=\"backBtn\"]"}
COMMAND: POST /session/46f876eb5e248516228a453ac1f13759/elements - {"using":"xpath","value":"//*[@id=\"backBtn\"]"}
RESULT: {"using":"xpath","value":"//*[@id=\"backBtn\"]"}
COMMAND: POST /session/46f876eb5e248516228a453ac1f13759/elements - {"using":"xpath","value":"//*[@id=\"backBtn\"]"}
RESULT: {"using":"xpath","value":"//*[@id=\"backBtn\"]"}
COMMAND: POST /session/46f876eb5e248516228a453ac1f13759/elements - {"using":"xpath","value":"//*[@id=\"backBtn\"]"}
RESULT: {"using":"xpath","value":"//*[@id=\"backBtn\"]"}
COMMAND: POST /session/46f876eb5e248516228a453ac1f13759/elements - {"using":"xpath","value":"//*[@id=\"backBtn\"]"}
RESULT: {"using":"xpath","value":"//*[@id=\"backBtn\"]"}
COMMAND: POST /session/46f876eb5e248516228a453ac1f13759/elements - {"using":"xpath","value":"//*[@id=\"backBtn\"]"}
RESULT: {"using":"xpath","value":"//*[@id=\"backBtn\"]"}
COMMAND: POST /session/46f876eb5e248516228a453ac1f13759/elements - {"using":"xpath","value":"//*[@id=\"backBtn\"]"}
RESULT: {"using":"xpath","value":"//*[@id=\"backBtn\"]"}
COMMAND: POST /session/46f876eb5e248516228a453ac1f13759/elements - {"using":"xpath","value":"//*[@id=\"backBtn\"]"}
RESULT: {"using":"xpath","value":"//*[@id=\"backBtn\"]"}
COMMAND: POST /session/46f876eb5e248516228a453ac1f13759/elements - {"using":"xpath","value":"//*[@id=\"backBtn\"]"}
RESULT: {"using":"xpath","value":"//*[@id=\"backBtn\"]"}
COMMAND: POST /session/46f876eb5e248516228a453ac1f13759/elements - {"using":"xpath","value":"//*[@id=\"backBtn\"]"}
RESULT: {"using":"xpath","value":"//*[@id=\"backBtn\"]"}
COMMAND: POST /session/46f876eb5e248516228a453ac1f13759/elements - {"using":"xpath","value":"//*[@id=\"backBtn\"]"}
RESULT: {"using":"xpath","value":"//*[@id=\"backBtn\"]"}
COMMAND: POST /session/46f876eb5e248516228a453ac1f13759/elements - {"using":"xpath","value":"//*[@id=\"backBtn\"]"}
RESULT: {"using":"xpath","value":"//*[@id=\"backBtn\"]"}
COMMAND: POST /session/46f876eb5e248516228a453ac1f13759/elements - {"using":"xpath","value":"//*[@id=\"backBtn\"]"}
RESULT: {"using":"xpath","value":"//*[@id=\"backBtn\"]"}
COMMAND: DELETE /session/46f876eb5e248516228a453ac1f13759 - {}
COMMAND: POST /session/46f876eb5e248516228a453ac1f13759/elements - {"using":"xpath","value":"//*[@id=\"backBtn\"]"}
RESULT: {}
]]></system-out>
    </testcase>
  </testsuite>
</testsuites>