<?xml version="1.0" encoding="UTF-8"?>
<testsuites tests="16" failures="0" errors="0" skipped="0">
  <testsuite timestamp="2025-05-22T17:32:15" time="1693.788" tests="12" failures="0" errors="0" skipped="0">
    <properties>
      <property name="specId" value="0"/>
      <property name="suiteName" value="Partner specific tests US150819 US151080 US151654 US151176 US103444 US151078 US151079 US151109 US151174 US151175 US151189"/>
      <property name="capabilities" value="chrome.136_0_7103_93.windows"/>
      <property name="file" value="file:///D:/a/1/s/test/specs/BTS/manage-partners.spec.js"/>
    </properties>
    <testcase classname="chrome.136_0_7103_93.windows.Partner_specific_tests_US150819_US151080_US151654_US151176_US103444_US151078_US151079_US151109_US151174_US151175_US151189" name="Should create a new yard prerequisite" time="161.007">
      <system-out><![CDATA[
COMMAND: POST /session/bb1834e335885f2b4fe4c5c01cc3b2b8/window/fullscreen - {}
RESULT: {}
COMMAND: POST /session/bb1834e335885f2b4fe4c5c01cc3b2b8/element - {"using":"xpath","value":"//li[.//span[text()=\"Manage Partners\"]]"}
RESULT: {"using":"xpath","value":"//li[.//span[text()=\"Manage Partners\"]]"}
COMMAND: POST /session/bb1834e335885f2b4fe4c5c01cc3b2b8/element - {"using":"xpath","value":"//li[.//span[text()=\"Manage Partners\"]]"}
RESULT: {"using":"xpath","value":"//li[.//span[text()=\"Manage Partners\"]]"}
COMMAND: POST /session/bb1834e335885f2b4fe4c5c01cc3b2b8/element - {"using":"css selector","value":"#shell-header-logo"}
RESULT: {"using":"css selector","value":"#shell-header-logo"}
COMMAND: POST /session/bb1834e335885f2b4fe4c5c01cc3b2b8/element/f.C3E96304196E694327087280E5B350FD.d.BF3B16EB820D9B3E2AAC787BC58C599A.e.262/click - {}
COMMAND: POST /session/bb1834e335885f2b4fe4c5c01cc3b2b8/execute/sync - {"script":"<script> [8489 bytes]","args":[{"element-6066-11e4-a52e-4f735466cecf":"f.C3E96304196E694327087280E5B350FD.d.BF3B16EB820D9B3E2AAC787BC58C599A.e.262","ELEMENT":"f.C3E96304196E694327087280E5B350FD.d.BF3B16EB820D9B3E2AAC787BC58C599A.e.262"}]}
RESULT: {}
COMMAND: GET /session/bb1834e335885f2b4fe4c5c01cc3b2b8/screenshot - {}
RESULT: {"script":"<script> [8489 bytes]","args":[{"element-6066-11e4-a52e-4f735466cecf":"f.C3E96304196E694327087280E5B350FD.d.BF3B16EB820D9B3E2AAC787BC58C599A.e.262","ELEMENT":"f.C3E96304196E694327087280E5B350FD.d.BF3B16EB820D9B3E2AAC787BC58C599A.e.262"}]}
COMMAND: POST /session/bb1834e335885f2b4fe4c5c01cc3b2b8/execute/sync - {"script":"<script> [5351 bytes]","args":[{"element-6066-11e4-a52e-4f735466cecf":"f.C3E96304196E694327087280E5B350FD.d.BF3B16EB820D9B3E2AAC787BC58C599A.e.262","ELEMENT":"f.C3E96304196E694327087280E5B350FD.d.BF3B16EB820D9B3E2AAC787BC58C599A.e.262"}]}
COMMAND: GET /session/bb1834e335885f2b4fe4c5c01cc3b2b8/screenshot - {}
RESULT: {}
RESULT: {"script":"<script> [5351 bytes]","args":[{"element-6066-11e4-a52e-4f735466cecf":"f.C3E96304196E694327087280E5B350FD.d.BF3B16EB820D9B3E2AAC787BC58C599A.e.262","ELEMENT":"f.C3E96304196E694327087280E5B350FD.d.BF3B16EB820D9B3E2AAC787BC58C599A.e.262"}]}
COMMAND: GET /session/bb1834e335885f2b4fe4c5c01cc3b2b8/screenshot - {}
RESULT: {}
RESULT: {}
COMMAND: POST /session/bb1834e335885f2b4fe4c5c01cc3b2b8/execute/async - {"script":"<script> [1562 bytes]","args":[{"selector":{"controlType":"sap.m.GenericTile","properties":{"header":"Manage Yards"}},"wdio_ui5_key":"sapm.GenericTile{\"header\":\"Manage Yards\"}"}]}
RESULT: {"script":"<script> [1562 bytes]","args":[{"selector":{"controlType":"sap.m.GenericTile","properties":{"header":"Manage Yards"}},"wdio_ui5_key":"sapm.GenericTile{\"header\":\"Manage Yards\"}"}]}
RESULT: undefined
COMMAND: POST /session/bb1834e335885f2b4fe4c5c01cc3b2b8/element - {"using":"xpath","value":"//*[@id=\"__tile41\"]"}
RESULT: {"using":"xpath","value":"//*[@id=\"__tile41\"]"}
COMMAND: POST /session/bb1834e335885f2b4fe4c5c01cc3b2b8/element/f.C3E96304196E694327087280E5B350FD.d.BF3B16EB820D9B3E2AAC787BC58C599A.e.162/click - {}
RESULT: {}
COMMAND: GET /session/bb1834e335885f2b4fe4c5c01cc3b2b8/screenshot - {}
RESULT: {}
COMMAND: POST /session/bb1834e335885f2b4fe4c5c01cc3b2b8/elements - {"using":"xpath","value":"//span[text()='Error']"}
RESULT: {"using":"xpath","value":"//span[text()='Error']"}
COMMAND: POST /session/bb1834e335885f2b4fe4c5c01cc3b2b8/element - {"using":"xpath","value":"//button[@data-kt=\"addNewYardOverflowToolbarButton\"]"}
RESULT: {"using":"xpath","value":"//button[@data-kt=\"addNewYardOverflowToolbarButton\"]"}
COMMAND: POST /session/bb1834e335885f2b4fe4c5c01cc3b2b8/elements - {"using":"xpath","value":"//button[@data-kt=\"addNewYardOverflowToolbarButton\"]"}
RESULT: {"using":"xpath","value":"//button[@data-kt=\"addNewYardOverflowToolbarButton\"]"}
COMMAND: POST /session/bb1834e335885f2b4fe4c5c01cc3b2b8/elements - {"using":"xpath","value":"//button[@data-kt=\"addNewYardOverflowToolbarButton\"]"}
RESULT: {"using":"xpath","value":"//button[@data-kt=\"addNewYardOverflowToolbarButton\"]"}
COMMAND: POST /session/bb1834e335885f2b4fe4c5c01cc3b2b8/elements - {"using":"xpath","value":"//button[@data-kt=\"addNewYardOverflowToolbarButton\"]"}
RESULT: {"using":"xpath","value":"//button[@data-kt=\"addNewYardOverflowToolbarButton\"]"}
COMMAND: POST /session/bb1834e335885f2b4fe4c5c01cc3b2b8/elements - {"using":"xpath","value":"//button[@data-kt=\"addNewYardOverflowToolbarButton\"]"}
RESULT: {"using":"xpath","value":"//button[@data-kt=\"addNewYardOverflowToolbarButton\"]"}
COMMAND: POST /session/bb1834e335885f2b4fe4c5c01cc3b2b8/elements - {"using":"xpath","value":"//button[@data-kt=\"addNewYardOverflowToolbarButton\"]"}
RESULT: {"using":"xpath","value":"//button[@data-kt=\"addNewYardOverflowToolbarButton\"]"}
COMMAND: POST /session/bb1834e335885f2b4fe4c5c01cc3b2b8/elements - {"using":"xpath","value":"//button[@data-kt=\"addNewYardOverflowToolbarButton\"]"}
RESULT: {"using":"xpath","value":"//button[@data-kt=\"addNewYardOverflowToolbarButton\"]"}
COMMAND: POST /session/bb1834e335885f2b4fe4c5c01cc3b2b8/elements - {"using":"xpath","value":"//button[@data-kt=\"addNewYardOverflowToolbarButton\"]"}
RESULT: {"using":"xpath","value":"//button[@data-kt=\"addNewYardOverflowToolbarButton\"]"}
COMMAND: POST /session/bb1834e335885f2b4fe4c5c01cc3b2b8/elements - {"using":"xpath","value":"//button[@data-kt=\"addNewYardOverflowToolbarButton\"]"}
RESULT: {"using":"xpath","value":"//button[@data-kt=\"addNewYardOverflowToolbarButton\"]"}
COMMAND: POST /session/bb1834e335885f2b4fe4c5c01cc3b2b8/elements - {"using":"xpath","value":"//button[@data-kt=\"addNewYardOverflowToolbarButton\"]"}
RESULT: {"using":"xpath","value":"//button[@data-kt=\"addNewYardOverflowToolbarButton\"]"}
COMMAND: POST /session/bb1834e335885f2b4fe4c5c01cc3b2b8/elements - {"using":"xpath","value":"//button[@data-kt=\"addNewYardOverflowToolbarButton\"]"}
RESULT: {"using":"xpath","value":"//button[@data-kt=\"addNewYardOverflowToolbarButton\"]"}
COMMAND: POST /session/bb1834e335885f2b4fe4c5c01cc3b2b8/elements - {"using":"xpath","value":"//button[@data-kt=\"addNewYardOverflowToolbarButton\"]"}
RESULT: {"using":"xpath","value":"//button[@data-kt=\"addNewYardOverflowToolbarButton\"]"}
COMMAND: POST /session/bb1834e335885f2b4fe4c5c01cc3b2b8/element - {"using":"xpath","value":"//button[@data-kt=\"addNewYardOverflowToolbarButton\"]"}
RESULT: {"using":"xpath","value":"//button[@data-kt=\"addNewYardOverflowToolbarButton\"]"}
COMMAND: POST /session/bb1834e335885f2b4fe4c5c01cc3b2b8/execute/sync - {"script":"<script> [8489 bytes]","args":[{"element-6066-11e4-a52e-4f735466cecf":"f.C3E96304196E694327087280E5B350FD.d.BF3B16EB820D9B3E2AAC787BC58C599A.e.296","ELEMENT":"f.C3E96304196E694327087280E5B350FD.d.BF3B16EB820D9B3E2AAC787BC58C599A.e.296"}]}
RESULT: {"script":"<script> [8489 bytes]","args":[{"element-6066-11e4-a52e-4f735466cecf":"f.C3E96304196E694327087280E5B350FD.d.BF3B16EB820D9B3E2AAC787BC58C599A.e.296","ELEMENT":"f.C3E96304196E694327087280E5B350FD.d.BF3B16EB820D9B3E2AAC787BC58C599A.e.296"}]}
COMMAND: GET /session/bb1834e335885f2b4fe4c5c01cc3b2b8/element/f.C3E96304196E694327087280E5B350FD.d.BF3B16EB820D9B3E2AAC787BC58C599A.e.296/enabled - {}
COMMAND: GET /session/bb1834e335885f2b4fe4c5c01cc3b2b8/screenshot - {}
RESULT: {}
COMMAND: POST /session/bb1834e335885f2b4fe4c5c01cc3b2b8/execute/sync - {"script":"<script> [8489 bytes]","args":[{"element-6066-11e4-a52e-4f735466cecf":"f.C3E96304196E694327087280E5B350FD.d.BF3B16EB820D9B3E2AAC787BC58C599A.e.296","ELEMENT":"f.C3E96304196E694327087280E5B350FD.d.BF3B16EB820D9B3E2AAC787BC58C599A.e.296"}]}
COMMAND: GET /session/bb1834e335885f2b4fe4c5c01cc3b2b8/screenshot - {}
RESULT: {}
RESULT: {}
RESULT: {"script":"<script> [8489 bytes]","args":[{"element-6066-11e4-a52e-4f735466cecf":"f.C3E96304196E694327087280E5B350FD.d.BF3B16EB820D9B3E2AAC787BC58C599A.e.296","ELEMENT":"f.C3E96304196E694327087280E5B350FD.d.BF3B16EB820D9B3E2AAC787BC58C599A.e.296"}]}
COMMAND: POST /session/bb1834e335885f2b4fe4c5c01cc3b2b8/execute/sync - {"script":"<script> [5351 bytes]","args":[{"element-6066-11e4-a52e-4f735466cecf":"f.C3E96304196E694327087280E5B350FD.d.BF3B16EB820D9B3E2AAC787BC58C599A.e.296","ELEMENT":"f.C3E96304196E694327087280E5B350FD.d.BF3B16EB820D9B3E2AAC787BC58C599A.e.296"}]}
COMMAND: GET /session/bb1834e335885f2b4fe4c5c01cc3b2b8/screenshot - {}
RESULT: {"script":"<script> [5351 bytes]","args":[{"element-6066-11e4-a52e-4f735466cecf":"f.C3E96304196E694327087280E5B350FD.d.BF3B16EB820D9B3E2AAC787BC58C599A.e.296","ELEMENT":"f.C3E96304196E694327087280E5B350FD.d.BF3B16EB820D9B3E2AAC787BC58C599A.e.296"}]}
COMMAND: POST /session/bb1834e335885f2b4fe4c5c01cc3b2b8/element/f.C3E96304196E694327087280E5B350FD.d.BF3B16EB820D9B3E2AAC787BC58C599A.e.296/click - {}
COMMAND: GET /session/bb1834e335885f2b4fe4c5c01cc3b2b8/screenshot - {}
RESULT: {}
RESULT: {}
COMMAND: GET /session/bb1834e335885f2b4fe4c5c01cc3b2b8/screenshot - {}
COMMAND: POST /session/bb1834e335885f2b4fe4c5c01cc3b2b8/element - {"using":"xpath","value":"//input[@id=\"application-manageyards-display-component---NewYard--yardId-inner\"]"}
RESULT: {}
RESULT: {}
RESULT: {"using":"xpath","value":"//input[@id=\"application-manageyards-display-component---NewYard--yardId-inner\"]"}
COMMAND: POST /session/bb1834e335885f2b4fe4c5c01cc3b2b8/element - {"using":"xpath","value":"//input[@id=\"application-manageyards-display-component---NewYard--yardId-inner\"]"}
RESULT: {"using":"xpath","value":"//input[@id=\"application-manageyards-display-component---NewYard--yardId-inner\"]"}
COMMAND: POST /session/bb1834e335885f2b4fe4c5c01cc3b2b8/execute/async - {"script":"<script> [1562 bytes]","args":[{"selector":{"id":"application-manageyards-display-component---NewYard--addressDetailDetailsName1","interaction":{"idSuffix":"inner"}},"wdio_ui5_key":"applicationmanageyards-display-component---NewYard--addressDetailDetailsName1"}]}
RESULT: {"script":"<script> [1562 bytes]","args":[{"selector":{"id":"application-manageyards-display-component---NewYard--addressDetailDetailsName1","interaction":{"idSuffix":"inner"}},"wdio_ui5_key":"applicationmanageyards-display-component---NewYard--addressDetailDetailsName1"}]}
RESULT: undefined
COMMAND: POST /session/bb1834e335885f2b4fe4c5c01cc3b2b8/execute/async - {"script":"<script> [776 bytes]","args":[{"enterText":"Intracompany Yard wdIO","selector":{"id":"application-manageyards-display-component---NewYard--addressDetailDetailsName1","interaction":{"idSuffix":"inner"}},"clearTextFirst":true,"interactionType":"ENTER_TEXT"}]}
RESULT: {"script":"<script> [776 bytes]","args":[{"enterText":"Intracompany Yard wdIO","selector":{"id":"application-manageyards-display-component---NewYard--addressDetailDetailsName1","interaction":{"idSuffix":"inner"}},"clearTextFirst":true,"interactionType":"ENTER_TEXT"}]}
COMMAND: POST /session/bb1834e335885f2b4fe4c5c01cc3b2b8/execute/async - {"script":"<script> [1562 bytes]","args":[{"selector":{"id":"application-manageyards-display-component---NewYard--addressDetailDetailsLanguage-arrow"},"wdio_ui5_key":"applicationmanageyards-display-component---NewYard--addressDetailDetailsLanguage-arrow"}]}
RESULT: {"script":"<script> [1562 bytes]","args":[{"selector":{"id":"application-manageyards-display-component---NewYard--addressDetailDetailsLanguage-arrow"},"wdio_ui5_key":"applicationmanageyards-display-component---NewYard--addressDetailDetailsLanguage-arrow"}]}
RESULT: undefined
COMMAND: POST /session/bb1834e335885f2b4fe4c5c01cc3b2b8/element - {"using":"xpath","value":"//*[@id=\"application-manageyards-display-component---NewYard--addressDetailDetailsLanguage-arrow\"]"}
RESULT: {"using":"xpath","value":"//*[@id=\"application-manageyards-display-component---NewYard--addressDetailDetailsLanguage-arrow\"]"}
COMMAND: POST /session/bb1834e335885f2b4fe4c5c01cc3b2b8/element/f.C3E96304196E694327087280E5B350FD.d.BF3B16EB820D9B3E2AAC787BC58C599A.e.727/click - {}
RESULT: {}
COMMAND: POST /session/bb1834e335885f2b4fe4c5c01cc3b2b8/element - {"using":"xpath","value":"//span[contains(text(), \"English\")]"}
COMMAND: GET /session/bb1834e335885f2b4fe4c5c01cc3b2b8/screenshot - {}
RESULT: {"using":"xpath","value":"//span[contains(text(), \"English\")]"}
COMMAND: POST /session/bb1834e335885f2b4fe4c5c01cc3b2b8/element/f.C3E96304196E694327087280E5B350FD.d.BF3B16EB820D9B3E2AAC787BC58C599A.e.728/click - {}
RESULT: {}
RESULT: {}
COMMAND: POST /session/bb1834e335885f2b4fe4c5c01cc3b2b8/execute/async - {"script":"<script> [1562 bytes]","args":[{"selector":{"id":"application-manageyards-display-component---NewYard--addressDetailDetailsCity1","interaction":{"idSuffix":"inner"}},"wdio_ui5_key":"applicationmanageyards-display-component---NewYard--addressDetailDetailsCity1"}]}
COMMAND: GET /session/bb1834e335885f2b4fe4c5c01cc3b2b8/screenshot - {}
RESULT: {"script":"<script> [1562 bytes]","args":[{"selector":{"id":"application-manageyards-display-component---NewYard--addressDetailDetailsCity1","interaction":{"idSuffix":"inner"}},"wdio_ui5_key":"applicationmanageyards-display-component---NewYard--addressDetailDetailsCity1"}]}
RESULT: undefined
COMMAND: POST /session/bb1834e335885f2b4fe4c5c01cc3b2b8/execute/async - {"script":"<script> [776 bytes]","args":[{"enterText":"Rosario","selector":{"id":"application-manageyards-display-component---NewYard--addressDetailDetailsCity1","interaction":{"idSuffix":"inner"}},"clearTextFirst":true,"interactionType":"ENTER_TEXT"}]}
RESULT: {}
RESULT: {"script":"<script> [776 bytes]","args":[{"enterText":"Rosario","selector":{"id":"application-manageyards-display-component---NewYard--addressDetailDetailsCity1","interaction":{"idSuffix":"inner"}},"clearTextFirst":true,"interactionType":"ENTER_TEXT"}]}
COMMAND: POST /session/bb1834e335885f2b4fe4c5c01cc3b2b8/execute/async - {"script":"<script> [1562 bytes]","args":[{"selector":{"id":"application-manageyards-display-component---NewYard--addressDetailDetailsCountry-arrow"},"wdio_ui5_key":"applicationmanageyards-display-component---NewYard--addressDetailDetailsCountry-arrow"}]}
RESULT: {"script":"<script> [1562 bytes]","args":[{"selector":{"id":"application-manageyards-display-component---NewYard--addressDetailDetailsCountry-arrow"},"wdio_ui5_key":"applicationmanageyards-display-component---NewYard--addressDetailDetailsCountry-arrow"}]}
RESULT: undefined
COMMAND: POST /session/bb1834e335885f2b4fe4c5c01cc3b2b8/element - {"using":"xpath","value":"//*[@id=\"application-manageyards-display-component---NewYard--addressDetailDetailsCountry-arrow\"]"}
RESULT: {"using":"xpath","value":"//*[@id=\"application-manageyards-display-component---NewYard--addressDetailDetailsCountry-arrow\"]"}
COMMAND: POST /session/bb1834e335885f2b4fe4c5c01cc3b2b8/element/f.C3E96304196E694327087280E5B350FD.d.BF3B16EB820D9B3E2AAC787BC58C599A.e.730/click - {}
RESULT: {}
COMMAND: POST /session/bb1834e335885f2b4fe4c5c01cc3b2b8/element - {"using":"xpath","value":"//span[contains(text(), \"Argentina\")]"}
COMMAND: GET /session/bb1834e335885f2b4fe4c5c01cc3b2b8/screenshot - {}
RESULT: {"using":"xpath","value":"//span[contains(text(), \"Argentina\")]"}
COMMAND: POST /session/bb1834e335885f2b4fe4c5c01cc3b2b8/element/f.C3E96304196E694327087280E5B350FD.d.BF3B16EB820D9B3E2AAC787BC58C599A.e.732/click - {}
RESULT: {}
RESULT: {}
COMMAND: POST /session/bb1834e335885f2b4fe4c5c01cc3b2b8/execute/async - {"script":"<script> [1562 bytes]","args":[{"selector":{"id":"application-manageyards-display-component---NewYard--addressEditDetailsCostObjectCstType-arrow"},"wdio_ui5_key":"applicationmanageyards-display-component---NewYard--addressEditDetailsCostObjectCstType-arrow"}]}
COMMAND: GET /session/bb1834e335885f2b4fe4c5c01cc3b2b8/screenshot - {}
RESULT: {"script":"<script> [1562 bytes]","args":[{"selector":{"id":"application-manageyards-display-component---NewYard--addressEditDetailsCostObjectCstType-arrow"},"wdio_ui5_key":"applicationmanageyards-display-component---NewYard--addressEditDetailsCostObjectCstType-arrow"}]}
RESULT: undefined
COMMAND: POST /session/bb1834e335885f2b4fe4c5c01cc3b2b8/element - {"using":"xpath","value":"//*[@id=\"application-manageyards-display-component---NewYard--addressEditDetailsCostObjectCstType-arrow\"]"}
RESULT: {}
RESULT: {"using":"xpath","value":"//*[@id=\"application-manageyards-display-component---NewYard--addressEditDetailsCostObjectCstType-arrow\"]"}
COMMAND: POST /session/bb1834e335885f2b4fe4c5c01cc3b2b8/element/f.C3E96304196E694327087280E5B350FD.d.BF3B16EB820D9B3E2AAC787BC58C599A.e.733/click - {}
RESULT: {}
COMMAND: POST /session/bb1834e335885f2b4fe4c5c01cc3b2b8/element - {"using":"xpath","value":"//span[contains(text(), \"Cost Center\")]"}
COMMAND: GET /session/bb1834e335885f2b4fe4c5c01cc3b2b8/screenshot - {}
RESULT: {"using":"xpath","value":"//span[contains(text(), \"Cost Center\")]"}
COMMAND: POST /session/bb1834e335885f2b4fe4c5c01cc3b2b8/element/f.C3E96304196E694327087280E5B350FD.d.BF3B16EB820D9B3E2AAC787BC58C599A.e.734/click - {}
RESULT: {}
RESULT: {}
COMMAND: GET /session/bb1834e335885f2b4fe4c5c01cc3b2b8/screenshot - {}
RESULT: {}
COMMAND: POST /session/bb1834e335885f2b4fe4c5c01cc3b2b8/element - {"using":"xpath","value":"//span[@id=\"application-manageyards-display-component---NewYard--addressNewCostObjectCstID-vhi\"]"}
RESULT: {"using":"xpath","value":"//span[@id=\"application-manageyards-display-component---NewYard--addressNewCostObjectCstID-vhi\"]"}
COMMAND: POST /session/bb1834e335885f2b4fe4c5c01cc3b2b8/execute/sync - {"script":"<script> [8489 bytes]","args":[{"element-6066-11e4-a52e-4f735466cecf":"f.C3E96304196E694327087280E5B350FD.d.BF3B16EB820D9B3E2AAC787BC58C599A.e.738","ELEMENT":"f.C3E96304196E694327087280E5B350FD.d.BF3B16EB820D9B3E2AAC787BC58C599A.e.738"}]}
RESULT: {"script":"<script> [8489 bytes]","args":[{"element-6066-11e4-a52e-4f735466cecf":"f.C3E96304196E694327087280E5B350FD.d.BF3B16EB820D9B3E2AAC787BC58C599A.e.738","ELEMENT":"f.C3E96304196E694327087280E5B350FD.d.BF3B16EB820D9B3E2AAC787BC58C599A.e.738"}]}
COMMAND: POST /session/bb1834e335885f2b4fe4c5c01cc3b2b8/execute/async - {"script":"<script> [1562 bytes]","args":[{"selector":{"id":"application-manageyards-display-component---NewYard--addressNewCostObjectCstID-vhi"},"wdio_ui5_key":"applicationmanageyards-display-component---NewYard--addressNewCostObjectCstID-vhi"}]}
COMMAND: GET /session/bb1834e335885f2b4fe4c5c01cc3b2b8/screenshot - {}
RESULT: {"script":"<script> [1562 bytes]","args":[{"selector":{"id":"application-manageyards-display-component---NewYard--addressNewCostObjectCstID-vhi"},"wdio_ui5_key":"applicationmanageyards-display-component---NewYard--addressNewCostObjectCstID-vhi"}]}
RESULT: undefined
COMMAND: POST /session/bb1834e335885f2b4fe4c5c01cc3b2b8/element - {"using":"xpath","value":"//*[@id=\"application-manageyards-display-component---NewYard--addressNewCostObjectCstID-vhi\"]"}
RESULT: {}
RESULT: {"using":"xpath","value":"//*[@id=\"application-manageyards-display-component---NewYard--addressNewCostObjectCstID-vhi\"]"}
COMMAND: POST /session/bb1834e335885f2b4fe4c5c01cc3b2b8/element/f.C3E96304196E694327087280E5B350FD.d.BF3B16EB820D9B3E2AAC787BC58C599A.e.738/click - {}
RESULT: {}
COMMAND: GET /session/bb1834e335885f2b4fe4c5c01cc3b2b8/screenshot - {}
RESULT: {}
COMMAND: POST /session/bb1834e335885f2b4fe4c5c01cc3b2b8/execute/async - {"script":"<script> [1562 bytes]","args":[{"selector":{"controlType":"sap.m.SearchField","properties":{"placeholder":"Search"},"searchOpenDialogs":true,"interaction":{"idSuffix":"I"}},"wdio_ui5_key":"sapm.SearchField{\"placeholder\":\"Search\"}"}]}
RESULT: {"script":"<script> [1562 bytes]","args":[{"selector":{"controlType":"sap.m.SearchField","properties":{"placeholder":"Search"},"searchOpenDialogs":true,"interaction":{"idSuffix":"I"}},"wdio_ui5_key":"sapm.SearchField{\"placeholder\":\"Search\"}"}]}
RESULT: undefined
COMMAND: POST /session/bb1834e335885f2b4fe4c5c01cc3b2b8/execute/async - {"script":"<script> [776 bytes]","args":[{"enterText":"bauh_b","selector":{"controlType":"sap.m.SearchField","properties":{"placeholder":"Search"},"searchOpenDialogs":true,"interaction":{"idSuffix":"I"}},"clearTextFirst":true,"interactionType":"ENTER_TEXT"}]}
RESULT: {"script":"<script> [776 bytes]","args":[{"enterText":"bauh_b","selector":{"controlType":"sap.m.SearchField","properties":{"placeholder":"Search"},"searchOpenDialogs":true,"interaction":{"idSuffix":"I"}},"clearTextFirst":true,"interactionType":"ENTER_TEXT"}]}
COMMAND: POST /session/bb1834e335885f2b4fe4c5c01cc3b2b8/actions - {"actions":[{"id":"action1","type":"key","parameters":{},"actions":[{"type":"keyDown","value":""},{"type":"pause","duration":10},{"type":"keyUp","value":""}]}]}
RESULT: {"actions":[{"id":"action1","type":"key","parameters":{},"actions":[{"type":"keyDown","value":""},{"type":"pause","duration":10},{"type":"keyUp","value":""}]}]}
COMMAND: GET /session/bb1834e335885f2b4fe4c5c01cc3b2b8/screenshot - {}
RESULT: {}
COMMAND: POST /session/bb1834e335885f2b4fe4c5c01cc3b2b8/element - {"using":"xpath","value":"//span[contains(text(), \"Demo Yard\")]"}
RESULT: {"using":"xpath","value":"//span[contains(text(), \"Demo Yard\")]"}
COMMAND: POST /session/bb1834e335885f2b4fe4c5c01cc3b2b8/element/f.C3E96304196E694327087280E5B350FD.d.BF3B16EB820D9B3E2AAC787BC58C599A.e.780/click - {}
RESULT: {}
COMMAND: GET /session/bb1834e335885f2b4fe4c5c01cc3b2b8/screenshot - {}
RESULT: {}
COMMAND: POST /session/bb1834e335885f2b4fe4c5c01cc3b2b8/element - {"using":"xpath","value":"//bdi[contains(text(), \"OK\")]"}
RESULT: {"using":"xpath","value":"//bdi[contains(text(), \"OK\")]"}
COMMAND: POST /session/bb1834e335885f2b4fe4c5c01cc3b2b8/element/f.C3E96304196E694327087280E5B350FD.d.BF3B16EB820D9B3E2AAC787BC58C599A.e.781/click - {}
RESULT: {}
COMMAND: GET /session/bb1834e335885f2b4fe4c5c01cc3b2b8/screenshot - {}
RESULT: {}
COMMAND: POST /session/bb1834e335885f2b4fe4c5c01cc3b2b8/execute/async - {"script":"<script> [1562 bytes]","args":[{"selector":{"id":"application-manageyards-display-component---NewYard--addressEditDetailsCurrency-arrow"},"wdio_ui5_key":"applicationmanageyards-display-component---NewYard--addressEditDetailsCurrency-arrow"}]}
RESULT: {"script":"<script> [1562 bytes]","args":[{"selector":{"id":"application-manageyards-display-component---NewYard--addressEditDetailsCurrency-arrow"},"wdio_ui5_key":"applicationmanageyards-display-component---NewYard--addressEditDetailsCurrency-arrow"}]}
RESULT: undefined
COMMAND: POST /session/bb1834e335885f2b4fe4c5c01cc3b2b8/element - {"using":"xpath","value":"//*[@id=\"application-manageyards-display-component---NewYard--addressEditDetailsCurrency-arrow\"]"}
RESULT: {"using":"xpath","value":"//*[@id=\"application-manageyards-display-component---NewYard--addressEditDetailsCurrency-arrow\"]"}
COMMAND: POST /session/bb1834e335885f2b4fe4c5c01cc3b2b8/element/f.C3E96304196E694327087280E5B350FD.d.BF3B16EB820D9B3E2AAC787BC58C599A.e.784/click - {}
RESULT: {}
COMMAND: POST /session/bb1834e335885f2b4fe4c5c01cc3b2b8/element - {"using":"xpath","value":"//span[contains(text(), \"Euro\")]"}
COMMAND: GET /session/bb1834e335885f2b4fe4c5c01cc3b2b8/screenshot - {}
RESULT: {"using":"xpath","value":"//span[contains(text(), \"Euro\")]"}
COMMAND: POST /session/bb1834e335885f2b4fe4c5c01cc3b2b8/element/f.C3E96304196E694327087280E5B350FD.d.BF3B16EB820D9B3E2AAC787BC58C599A.e.785/click - {}
RESULT: {}
RESULT: {}
COMMAND: POST /session/bb1834e335885f2b4fe4c5c01cc3b2b8/execute/async - {"script":"<script> [1562 bytes]","args":[{"selector":{"controlType":"sap.m.Input","viewName":"etm.portal.ui.manageyards.view.New","viewId":"application-manageyards-display-component---NewYard","bindingPath":{"path":"","propertyPath":"/CONTROLLING_AREA","modelName":"NewYardModel"},"interaction":{"idSuffix":"inner"}},"wdio_ui5_key":"etmportal.ui.manageyards.view.Newsap.m.Input{\"path\":\"\",\"propertyPath\":\"/CONTROLLING_AREA\",\"modelName\":\"NewYardModel\"}"}]}
COMMAND: GET /session/bb1834e335885f2b4fe4c5c01cc3b2b8/screenshot - {}
RESULT: {"script":"<script> [1562 bytes]","args":[{"selector":{"controlType":"sap.m.Input","viewName":"etm.portal.ui.manageyards.view.New","viewId":"application-manageyards-display-component---NewYard","bindingPath":{"path":"","propertyPath":"/CONTROLLING_AREA","modelName":"NewYardModel"},"interaction":{"idSuffix":"inner"}},"wdio_ui5_key":"etmportal.ui.manageyards.view.Newsap.m.Input{\"path\":\"\",\"propertyPath\":\"/CONTROLLING_AREA\",\"modelName\":\"NewYardModel\"}"}]}
RESULT: undefined
COMMAND: POST /session/bb1834e335885f2b4fe4c5c01cc3b2b8/execute/async - {"script":"<script> [776 bytes]","args":[{"enterText":"Z001","selector":{"controlType":"sap.m.Input","viewName":"etm.portal.ui.manageyards.view.New","viewId":"application-manageyards-display-component---NewYard","bindingPath":{"path":"","propertyPath":"/CONTROLLING_AREA","modelName":"NewYardModel"},"interaction":{"idSuffix":"inner"}},"clearTextFirst":true,"interactionType":"ENTER_TEXT"}]}
RESULT: {}
RESULT: {"script":"<script> [776 bytes]","args":[{"enterText":"Z001","selector":{"controlType":"sap.m.Input","viewName":"etm.portal.ui.manageyards.view.New","viewId":"application-manageyards-display-component---NewYard","bindingPath":{"path":"","propertyPath":"/CONTROLLING_AREA","modelName":"NewYardModel"},"interaction":{"idSuffix":"inner"}},"clearTextFirst":true,"interactionType":"ENTER_TEXT"}]}
COMMAND: POST /session/bb1834e335885f2b4fe4c5c01cc3b2b8/execute/async - {"script":"<script> [1562 bytes]","args":[{"selector":{"id":"application-manageyards-display-component---NewYard--companyCodeComboBox","interaction":{"idSuffix":"inner"}},"wdio_ui5_key":"applicationmanageyards-display-component---NewYard--companyCodeComboBox"}]}
RESULT: {"script":"<script> [1562 bytes]","args":[{"selector":{"id":"application-manageyards-display-component---NewYard--companyCodeComboBox","interaction":{"idSuffix":"inner"}},"wdio_ui5_key":"applicationmanageyards-display-component---NewYard--companyCodeComboBox"}]}
RESULT: undefined
COMMAND: POST /session/bb1834e335885f2b4fe4c5c01cc3b2b8/execute/async - {"script":"<script> [776 bytes]","args":[{"enterText":"1000","selector":{"id":"application-manageyards-display-component---NewYard--companyCodeComboBox","interaction":{"idSuffix":"inner"}},"clearTextFirst":true,"interactionType":"ENTER_TEXT"}]}
RESULT: {"script":"<script> [776 bytes]","args":[{"enterText":"1000","selector":{"id":"application-manageyards-display-component---NewYard--companyCodeComboBox","interaction":{"idSuffix":"inner"}},"clearTextFirst":true,"interactionType":"ENTER_TEXT"}]}
COMMAND: POST /session/bb1834e335885f2b4fe4c5c01cc3b2b8/execute/async - {"script":"<script> [1562 bytes]","args":[{"selector":{"controlType":"sap.m.Input","viewName":"etm.portal.ui.manageyards.view.New","viewId":"application-manageyards-display-component---NewYard","bindingPath":{"path":"","propertyPath":"/PLANT","modelName":"NewYardModel"},"interaction":{"idSuffix":"inner"}},"wdio_ui5_key":"etmportal.ui.manageyards.view.Newsap.m.Input{\"path\":\"\",\"propertyPath\":\"/PLANT\",\"modelName\":\"NewYardModel\"}"}]}
RESULT: {"script":"<script> [1562 bytes]","args":[{"selector":{"controlType":"sap.m.Input","viewName":"etm.portal.ui.manageyards.view.New","viewId":"application-manageyards-display-component---NewYard","bindingPath":{"path":"","propertyPath":"/PLANT","modelName":"NewYardModel"},"interaction":{"idSuffix":"inner"}},"wdio_ui5_key":"etmportal.ui.manageyards.view.Newsap.m.Input{\"path\":\"\",\"propertyPath\":\"/PLANT\",\"modelName\":\"NewYardModel\"}"}]}
RESULT: undefined
COMMAND: POST /session/bb1834e335885f2b4fe4c5c01cc3b2b8/execute/async - {"script":"<script> [776 bytes]","args":[{"enterText":"1001","selector":{"controlType":"sap.m.Input","viewName":"etm.portal.ui.manageyards.view.New","viewId":"application-manageyards-display-component---NewYard","bindingPath":{"path":"","propertyPath":"/PLANT","modelName":"NewYardModel"},"interaction":{"idSuffix":"inner"}},"clearTextFirst":true,"interactionType":"ENTER_TEXT"}]}
RESULT: {"script":"<script> [776 bytes]","args":[{"enterText":"1001","selector":{"controlType":"sap.m.Input","viewName":"etm.portal.ui.manageyards.view.New","viewId":"application-manageyards-display-component---NewYard","bindingPath":{"path":"","propertyPath":"/PLANT","modelName":"NewYardModel"},"interaction":{"idSuffix":"inner"}},"clearTextFirst":true,"interactionType":"ENTER_TEXT"}]}
COMMAND: POST /session/bb1834e335885f2b4fe4c5c01cc3b2b8/execute/async - {"script":"<script> [1562 bytes]","args":[{"selector":{"controlType":"sap.m.Input","viewName":"etm.portal.ui.manageyards.view.New","viewId":"application-manageyards-display-component---NewYard","bindingPath":{"path":"","propertyPath":"/SALES_AREA_VKORG","modelName":"NewYardModel"},"interaction":{"idSuffix":"inner"}},"wdio_ui5_key":"etmportal.ui.manageyards.view.Newsap.m.Input{\"path\":\"\",\"propertyPath\":\"/SALES_AREA_VKORG\",\"modelName\":\"NewYardModel\"}"}]}
RESULT: {"script":"<script> [1562 bytes]","args":[{"selector":{"controlType":"sap.m.Input","viewName":"etm.portal.ui.manageyards.view.New","viewId":"application-manageyards-display-component---NewYard","bindingPath":{"path":"","propertyPath":"/SALES_AREA_VKORG","modelName":"NewYardModel"},"interaction":{"idSuffix":"inner"}},"wdio_ui5_key":"etmportal.ui.manageyards.view.Newsap.m.Input{\"path\":\"\",\"propertyPath\":\"/SALES_AREA_VKORG\",\"modelName\":\"NewYardModel\"}"}]}
RESULT: undefined
COMMAND: POST /session/bb1834e335885f2b4fe4c5c01cc3b2b8/execute/async - {"script":"<script> [776 bytes]","args":[{"enterText":"C002","selector":{"controlType":"sap.m.Input","viewName":"etm.portal.ui.manageyards.view.New","viewId":"application-manageyards-display-component---NewYard","bindingPath":{"path":"","propertyPath":"/SALES_AREA_VKORG","modelName":"NewYardModel"},"interaction":{"idSuffix":"inner"}},"clearTextFirst":true,"interactionType":"ENTER_TEXT"}]}
RESULT: {"script":"<script> [776 bytes]","args":[{"enterText":"C002","selector":{"controlType":"sap.m.Input","viewName":"etm.portal.ui.manageyards.view.New","viewId":"application-manageyards-display-component---NewYard","bindingPath":{"path":"","propertyPath":"/SALES_AREA_VKORG","modelName":"NewYardModel"},"interaction":{"idSuffix":"inner"}},"clearTextFirst":true,"interactionType":"ENTER_TEXT"}]}
COMMAND: POST /session/bb1834e335885f2b4fe4c5c01cc3b2b8/execute/async - {"script":"<script> [1562 bytes]","args":[{"selector":{"controlType":"sap.m.Input","viewName":"etm.portal.ui.manageyards.view.New","viewId":"application-manageyards-display-component---NewYard","bindingPath":{"path":"","propertyPath":"/SALES_AREA_VTWEG","modelName":"NewYardModel"},"interaction":{"idSuffix":"inner"}},"wdio_ui5_key":"etmportal.ui.manageyards.view.Newsap.m.Input{\"path\":\"\",\"propertyPath\":\"/SALES_AREA_VTWEG\",\"modelName\":\"NewYardModel\"}"}]}
RESULT: {"script":"<script> [1562 bytes]","args":[{"selector":{"controlType":"sap.m.Input","viewName":"etm.portal.ui.manageyards.view.New","viewId":"application-manageyards-display-component---NewYard","bindingPath":{"path":"","propertyPath":"/SALES_AREA_VTWEG","modelName":"NewYardModel"},"interaction":{"idSuffix":"inner"}},"wdio_ui5_key":"etmportal.ui.manageyards.view.Newsap.m.Input{\"path\":\"\",\"propertyPath\":\"/SALES_AREA_VTWEG\",\"modelName\":\"NewYardModel\"}"}]}
RESULT: undefined
COMMAND: POST /session/bb1834e335885f2b4fe4c5c01cc3b2b8/execute/async - {"script":"<script> [776 bytes]","args":[{"enterText":"C2","selector":{"controlType":"sap.m.Input","viewName":"etm.portal.ui.manageyards.view.New","viewId":"application-manageyards-display-component---NewYard","bindingPath":{"path":"","propertyPath":"/SALES_AREA_VTWEG","modelName":"NewYardModel"},"interaction":{"idSuffix":"inner"}},"clearTextFirst":true,"interactionType":"ENTER_TEXT"}]}
RESULT: {"script":"<script> [776 bytes]","args":[{"enterText":"C2","selector":{"controlType":"sap.m.Input","viewName":"etm.portal.ui.manageyards.view.New","viewId":"application-manageyards-display-component---NewYard","bindingPath":{"path":"","propertyPath":"/SALES_AREA_VTWEG","modelName":"NewYardModel"},"interaction":{"idSuffix":"inner"}},"clearTextFirst":true,"interactionType":"ENTER_TEXT"}]}
COMMAND: POST /session/bb1834e335885f2b4fe4c5c01cc3b2b8/execute/async - {"script":"<script> [1562 bytes]","args":[{"selector":{"controlType":"sap.m.Input","viewName":"etm.portal.ui.manageyards.view.New","viewId":"application-manageyards-display-component---NewYard","bindingPath":{"path":"","propertyPath":"/SALES_AREA_SPART","modelName":"NewYardModel"},"interaction":{"idSuffix":"inner"}},"wdio_ui5_key":"etmportal.ui.manageyards.view.Newsap.m.Input{\"path\":\"\",\"propertyPath\":\"/SALES_AREA_SPART\",\"modelName\":\"NewYardModel\"}"}]}
RESULT: {"script":"<script> [1562 bytes]","args":[{"selector":{"controlType":"sap.m.Input","viewName":"etm.portal.ui.manageyards.view.New","viewId":"application-manageyards-display-component---NewYard","bindingPath":{"path":"","propertyPath":"/SALES_AREA_SPART","modelName":"NewYardModel"},"interaction":{"idSuffix":"inner"}},"wdio_ui5_key":"etmportal.ui.manageyards.view.Newsap.m.Input{\"path\":\"\",\"propertyPath\":\"/SALES_AREA_SPART\",\"modelName\":\"NewYardModel\"}"}]}
RESULT: undefined
COMMAND: POST /session/bb1834e335885f2b4fe4c5c01cc3b2b8/execute/async - {"script":"<script> [776 bytes]","args":[{"enterText":"C2","selector":{"controlType":"sap.m.Input","viewName":"etm.portal.ui.manageyards.view.New","viewId":"application-manageyards-display-component---NewYard","bindingPath":{"path":"","propertyPath":"/SALES_AREA_SPART","modelName":"NewYardModel"},"interaction":{"idSuffix":"inner"}},"clearTextFirst":true,"interactionType":"ENTER_TEXT"}]}
RESULT: {"script":"<script> [776 bytes]","args":[{"enterText":"C2","selector":{"controlType":"sap.m.Input","viewName":"etm.portal.ui.manageyards.view.New","viewId":"application-manageyards-display-component---NewYard","bindingPath":{"path":"","propertyPath":"/SALES_AREA_SPART","modelName":"NewYardModel"},"interaction":{"idSuffix":"inner"}},"clearTextFirst":true,"interactionType":"ENTER_TEXT"}]}
COMMAND: POST /session/bb1834e335885f2b4fe4c5c01cc3b2b8/execute/async - {"script":"<script> [1562 bytes]","args":[{"selector":{"controlType":"sap.m.Input","viewName":"etm.portal.ui.manageyards.view.New","viewId":"application-manageyards-display-component---NewYard","bindingPath":{"path":"","propertyPath":"/SHIP_POINT","modelName":"NewYardModel"},"interaction":{"idSuffix":"inner"}},"wdio_ui5_key":"etmportal.ui.manageyards.view.Newsap.m.Input{\"path\":\"\",\"propertyPath\":\"/SHIP_POINT\",\"modelName\":\"NewYardModel\"}"}]}
RESULT: {"script":"<script> [1562 bytes]","args":[{"selector":{"controlType":"sap.m.Input","viewName":"etm.portal.ui.manageyards.view.New","viewId":"application-manageyards-display-component---NewYard","bindingPath":{"path":"","propertyPath":"/SHIP_POINT","modelName":"NewYardModel"},"interaction":{"idSuffix":"inner"}},"wdio_ui5_key":"etmportal.ui.manageyards.view.Newsap.m.Input{\"path\":\"\",\"propertyPath\":\"/SHIP_POINT\",\"modelName\":\"NewYardModel\"}"}]}
RESULT: undefined
COMMAND: POST /session/bb1834e335885f2b4fe4c5c01cc3b2b8/execute/async - {"script":"<script> [776 bytes]","args":[{"enterText":"1710","selector":{"controlType":"sap.m.Input","viewName":"etm.portal.ui.manageyards.view.New","viewId":"application-manageyards-display-component---NewYard","bindingPath":{"path":"","propertyPath":"/SHIP_POINT","modelName":"NewYardModel"},"interaction":{"idSuffix":"inner"}},"clearTextFirst":true,"interactionType":"ENTER_TEXT"}]}
RESULT: {"script":"<script> [776 bytes]","args":[{"enterText":"1710","selector":{"controlType":"sap.m.Input","viewName":"etm.portal.ui.manageyards.view.New","viewId":"application-manageyards-display-component---NewYard","bindingPath":{"path":"","propertyPath":"/SHIP_POINT","modelName":"NewYardModel"},"interaction":{"idSuffix":"inner"}},"clearTextFirst":true,"interactionType":"ENTER_TEXT"}]}
COMMAND: POST /session/bb1834e335885f2b4fe4c5c01cc3b2b8/execute/async - {"script":"<script> [1562 bytes]","args":[{"selector":{"controlType":"sap.m.Input","viewName":"etm.portal.ui.manageyards.view.New","viewId":"application-manageyards-display-component---NewYard","bindingPath":{"path":"","propertyPath":"/DELIVERY_TYPE","modelName":"NewYardModel"},"interaction":{"idSuffix":"inner"}},"wdio_ui5_key":"etmportal.ui.manageyards.view.Newsap.m.Input{\"path\":\"\",\"propertyPath\":\"/DELIVERY_TYPE\",\"modelName\":\"NewYardModel\"}"}]}
RESULT: {"script":"<script> [1562 bytes]","args":[{"selector":{"controlType":"sap.m.Input","viewName":"etm.portal.ui.manageyards.view.New","viewId":"application-manageyards-display-component---NewYard","bindingPath":{"path":"","propertyPath":"/DELIVERY_TYPE","modelName":"NewYardModel"},"interaction":{"idSuffix":"inner"}},"wdio_ui5_key":"etmportal.ui.manageyards.view.Newsap.m.Input{\"path\":\"\",\"propertyPath\":\"/DELIVERY_TYPE\",\"modelName\":\"NewYardModel\"}"}]}
RESULT: undefined
COMMAND: POST /session/bb1834e335885f2b4fe4c5c01cc3b2b8/execute/async - {"script":"<script> [776 bytes]","args":[{"enterText":"ZL01","selector":{"controlType":"sap.m.Input","viewName":"etm.portal.ui.manageyards.view.New","viewId":"application-manageyards-display-component---NewYard","bindingPath":{"path":"","propertyPath":"/DELIVERY_TYPE","modelName":"NewYardModel"},"interaction":{"idSuffix":"inner"}},"clearTextFirst":true,"interactionType":"ENTER_TEXT"}]}
RESULT: {"script":"<script> [776 bytes]","args":[{"enterText":"ZL01","selector":{"controlType":"sap.m.Input","viewName":"etm.portal.ui.manageyards.view.New","viewId":"application-manageyards-display-component---NewYard","bindingPath":{"path":"","propertyPath":"/DELIVERY_TYPE","modelName":"NewYardModel"},"interaction":{"idSuffix":"inner"}},"clearTextFirst":true,"interactionType":"ENTER_TEXT"}]}
COMMAND: POST /session/bb1834e335885f2b4fe4c5c01cc3b2b8/execute/async - {"script":"<script> [1562 bytes]","args":[{"selector":{"controlType":"sap.m.Input","viewName":"etm.portal.ui.manageyards.view.New","viewId":"application-manageyards-display-component---NewYard","bindingPath":{"path":"","propertyPath":"/AUART","modelName":"NewYardModel"},"interaction":{"idSuffix":"inner"}},"wdio_ui5_key":"etmportal.ui.manageyards.view.Newsap.m.Input{\"path\":\"\",\"propertyPath\":\"/AUART\",\"modelName\":\"NewYardModel\"}"}]}
RESULT: {"script":"<script> [1562 bytes]","args":[{"selector":{"controlType":"sap.m.Input","viewName":"etm.portal.ui.manageyards.view.New","viewId":"application-manageyards-display-component---NewYard","bindingPath":{"path":"","propertyPath":"/AUART","modelName":"NewYardModel"},"interaction":{"idSuffix":"inner"}},"wdio_ui5_key":"etmportal.ui.manageyards.view.Newsap.m.Input{\"path\":\"\",\"propertyPath\":\"/AUART\",\"modelName\":\"NewYardModel\"}"}]}
RESULT: undefined
COMMAND: POST /session/bb1834e335885f2b4fe4c5c01cc3b2b8/execute/async - {"script":"<script> [776 bytes]","args":[{"enterText":"TA","selector":{"controlType":"sap.m.Input","viewName":"etm.portal.ui.manageyards.view.New","viewId":"application-manageyards-display-component---NewYard","bindingPath":{"path":"","propertyPath":"/AUART","modelName":"NewYardModel"},"interaction":{"idSuffix":"inner"}},"clearTextFirst":true,"interactionType":"ENTER_TEXT"}]}
RESULT: {"script":"<script> [776 bytes]","args":[{"enterText":"TA","selector":{"controlType":"sap.m.Input","viewName":"etm.portal.ui.manageyards.view.New","viewId":"application-manageyards-display-component---NewYard","bindingPath":{"path":"","propertyPath":"/AUART","modelName":"NewYardModel"},"interaction":{"idSuffix":"inner"}},"clearTextFirst":true,"interactionType":"ENTER_TEXT"}]}
COMMAND: POST /session/bb1834e335885f2b4fe4c5c01cc3b2b8/element - {"using":"xpath","value":"//button[@data-kt=\"newYardSaveButton\"]"}
RESULT: {"using":"xpath","value":"//button[@data-kt=\"newYardSaveButton\"]"}
COMMAND: POST /session/bb1834e335885f2b4fe4c5c01cc3b2b8/element/f.C3E96304196E694327087280E5B350FD.d.BF3B16EB820D9B3E2AAC787BC58C599A.e.689/click - {}
RESULT: {}
COMMAND: GET /session/bb1834e335885f2b4fe4c5c01cc3b2b8/screenshot - {}
RESULT: {}
COMMAND: POST /session/bb1834e335885f2b4fe4c5c01cc3b2b8/element - {"using":"xpath","value":"//header[contains(@id, 'ObjectPageLayout-headerTitle')]/div[1]/div[2]/div[1]/span[1]"}
RESULT: {"using":"xpath","value":"//header[contains(@id, 'ObjectPageLayout-headerTitle')]/div[1]/div[2]/div[1]/span[1]"}
COMMAND: POST /session/bb1834e335885f2b4fe4c5c01cc3b2b8/elements - {"using":"xpath","value":"//header[contains(@id, 'ObjectPageLayout-headerTitle')]/div[1]/div[2]/div[1]/span[1]"}
RESULT: {"using":"xpath","value":"//header[contains(@id, 'ObjectPageLayout-headerTitle')]/div[1]/div[2]/div[1]/span[1]"}
COMMAND: POST /session/bb1834e335885f2b4fe4c5c01cc3b2b8/execute/sync - {"script":"<script> [56 bytes]","args":[{"element-6066-11e4-a52e-4f735466cecf":"f.C3E96304196E694327087280E5B350FD.d.BF3B16EB820D9B3E2AAC787BC58C599A.e.1012","ELEMENT":"f.C3E96304196E694327087280E5B350FD.d.BF3B16EB820D9B3E2AAC787BC58C599A.e.1012"}]}
RESULT: {"script":"<script> [56 bytes]","args":[{"element-6066-11e4-a52e-4f735466cecf":"f.C3E96304196E694327087280E5B350FD.d.BF3B16EB820D9B3E2AAC787BC58C599A.e.1012","ELEMENT":"f.C3E96304196E694327087280E5B350FD.d.BF3B16EB820D9B3E2AAC787BC58C599A.e.1012"}]}
COMMAND: GET /session/bb1834e335885f2b4fe4c5c01cc3b2b8/screenshot - {}
RESULT: {}
COMMAND: POST /session/bb1834e335885f2b4fe4c5c01cc3b2b8/element - {"using":"css selector","value":"#shell-header-logo"}
RESULT: {"using":"css selector","value":"#shell-header-logo"}
COMMAND: POST /session/bb1834e335885f2b4fe4c5c01cc3b2b8/element/f.C3E96304196E694327087280E5B350FD.d.BF3B16EB820D9B3E2AAC787BC58C599A.e.262/click - {}
RESULT: {}
COMMAND: GET /session/bb1834e335885f2b4fe4c5c01cc3b2b8/screenshot - {}
RESULT: {}
COMMAND: POST /session/bb1834e335885f2b4fe4c5c01cc3b2b8/execute/sync - {"script":"<script> [299 bytes]","args":[["getModel","getResource"]]}
RESULT: {"script":"<script> [299 bytes]","args":[["getModel","getResource"]]}
]]></system-out>
    </testcase>
    <testcase classname="chrome.136_0_7103_93.windows.Partner_specific_tests_US150819_US151080_US151654_US151176_US103444_US151078_US151079_US151109_US151174_US151175_US151189" name="Should create new external partner US150819" time="108.26">
      <system-out><![CDATA[
COMMAND: POST /session/bb1834e335885f2b4fe4c5c01cc3b2b8/element - {"using":"xpath","value":"//li[.//span[text()=\"Manage Partners\"]]"}
COMMAND: GET /session/bb1834e335885f2b4fe4c5c01cc3b2b8/screenshot - {}
RESULT: {"using":"xpath","value":"//li[.//span[text()=\"Manage Partners\"]]"}
COMMAND: POST /session/bb1834e335885f2b4fe4c5c01cc3b2b8/element - {"using":"xpath","value":"//li[.//span[text()=\"Manage Partners\"]]"}
RESULT: {}
RESULT: {"using":"xpath","value":"//li[.//span[text()=\"Manage Partners\"]]"}
COMMAND: POST /session/bb1834e335885f2b4fe4c5c01cc3b2b8/element - {"using":"css selector","value":"#shell-header-logo"}
RESULT: {"using":"css selector","value":"#shell-header-logo"}
COMMAND: POST /session/bb1834e335885f2b4fe4c5c01cc3b2b8/element/f.C3E96304196E694327087280E5B350FD.d.BF3B16EB820D9B3E2AAC787BC58C599A.e.1014/click - {}
COMMAND: POST /session/bb1834e335885f2b4fe4c5c01cc3b2b8/execute/sync - {"script":"<script> [8489 bytes]","args":[{"element-6066-11e4-a52e-4f735466cecf":"f.C3E96304196E694327087280E5B350FD.d.BF3B16EB820D9B3E2AAC787BC58C599A.e.1014","ELEMENT":"f.C3E96304196E694327087280E5B350FD.d.BF3B16EB820D9B3E2AAC787BC58C599A.e.1014"}]}
RESULT: {}
COMMAND: GET /session/bb1834e335885f2b4fe4c5c01cc3b2b8/screenshot - {}
RESULT: {"script":"<script> [8489 bytes]","args":[{"element-6066-11e4-a52e-4f735466cecf":"f.C3E96304196E694327087280E5B350FD.d.BF3B16EB820D9B3E2AAC787BC58C599A.e.1014","ELEMENT":"f.C3E96304196E694327087280E5B350FD.d.BF3B16EB820D9B3E2AAC787BC58C599A.e.1014"}]}
COMMAND: POST /session/bb1834e335885f2b4fe4c5c01cc3b2b8/execute/sync - {"script":"<script> [5351 bytes]","args":[{"element-6066-11e4-a52e-4f735466cecf":"f.C3E96304196E694327087280E5B350FD.d.BF3B16EB820D9B3E2AAC787BC58C599A.e.1014","ELEMENT":"f.C3E96304196E694327087280E5B350FD.d.BF3B16EB820D9B3E2AAC787BC58C599A.e.1014"}]}
COMMAND: GET /session/bb1834e335885f2b4fe4c5c01cc3b2b8/screenshot - {}
RESULT: {}
RESULT: {"script":"<script> [5351 bytes]","args":[{"element-6066-11e4-a52e-4f735466cecf":"f.C3E96304196E694327087280E5B350FD.d.BF3B16EB820D9B3E2AAC787BC58C599A.e.1014","ELEMENT":"f.C3E96304196E694327087280E5B350FD.d.BF3B16EB820D9B3E2AAC787BC58C599A.e.1014"}]}
COMMAND: GET /session/bb1834e335885f2b4fe4c5c01cc3b2b8/screenshot - {}
RESULT: {}
RESULT: {}
COMMAND: POST /session/bb1834e335885f2b4fe4c5c01cc3b2b8/window/fullscreen - {}
RESULT: {}
COMMAND: POST /session/bb1834e335885f2b4fe4c5c01cc3b2b8/execute/async - {"script":"<script> [1562 bytes]","args":[{"selector":{"controlType":"sap.m.GenericTile","properties":{"header":"Manage Partners"}},"wdio_ui5_key":"sapm.GenericTile{\"header\":\"Manage Partners\"}"}]}
RESULT: {"script":"<script> [1562 bytes]","args":[{"selector":{"controlType":"sap.m.GenericTile","properties":{"header":"Manage Partners"}},"wdio_ui5_key":"sapm.GenericTile{\"header\":\"Manage Partners\"}"}]}
RESULT: undefined
COMMAND: POST /session/bb1834e335885f2b4fe4c5c01cc3b2b8/element - {"using":"xpath","value":"//*[@id=\"__tile38\"]"}
RESULT: {"using":"xpath","value":"//*[@id=\"__tile38\"]"}
COMMAND: POST /session/bb1834e335885f2b4fe4c5c01cc3b2b8/element/f.C3E96304196E694327087280E5B350FD.d.BF3B16EB820D9B3E2AAC787BC58C599A.e.153/click - {}
RESULT: {}
COMMAND: GET /session/bb1834e335885f2b4fe4c5c01cc3b2b8/screenshot - {}
RESULT: {}
COMMAND: POST /session/bb1834e335885f2b4fe4c5c01cc3b2b8/elements - {"using":"xpath","value":"//span[text()='Error']"}
RESULT: {"using":"xpath","value":"//span[text()='Error']"}
COMMAND: POST /session/bb1834e335885f2b4fe4c5c01cc3b2b8/element - {"using":"xpath","value":"//button[@data-kt=\"addButton\"]"}
RESULT: {"using":"xpath","value":"//button[@data-kt=\"addButton\"]"}
COMMAND: POST /session/bb1834e335885f2b4fe4c5c01cc3b2b8/elements - {"using":"xpath","value":"//button[@data-kt=\"addButton\"]"}
RESULT: {"using":"xpath","value":"//button[@data-kt=\"addButton\"]"}
COMMAND: POST /session/bb1834e335885f2b4fe4c5c01cc3b2b8/elements - {"using":"xpath","value":"//button[@data-kt=\"addButton\"]"}
RESULT: {"using":"xpath","value":"//button[@data-kt=\"addButton\"]"}
COMMAND: POST /session/bb1834e335885f2b4fe4c5c01cc3b2b8/elements - {"using":"xpath","value":"//button[@data-kt=\"addButton\"]"}
RESULT: {"using":"xpath","value":"//button[@data-kt=\"addButton\"]"}
COMMAND: POST /session/bb1834e335885f2b4fe4c5c01cc3b2b8/elements - {"using":"xpath","value":"//button[@data-kt=\"addButton\"]"}
RESULT: {"using":"xpath","value":"//button[@data-kt=\"addButton\"]"}
COMMAND: POST /session/bb1834e335885f2b4fe4c5c01cc3b2b8/element - {"using":"xpath","value":"//button[@data-kt=\"addButton\"]"}
RESULT: {"using":"xpath","value":"//button[@data-kt=\"addButton\"]"}
COMMAND: POST /session/bb1834e335885f2b4fe4c5c01cc3b2b8/execute/sync - {"script":"<script> [8489 bytes]","args":[{"element-6066-11e4-a52e-4f735466cecf":"f.C3E96304196E694327087280E5B350FD.d.BF3B16EB820D9B3E2AAC787BC58C599A.e.1049","ELEMENT":"f.C3E96304196E694327087280E5B350FD.d.BF3B16EB820D9B3E2AAC787BC58C599A.e.1049"}]}
RESULT: {"script":"<script> [8489 bytes]","args":[{"element-6066-11e4-a52e-4f735466cecf":"f.C3E96304196E694327087280E5B350FD.d.BF3B16EB820D9B3E2AAC787BC58C599A.e.1049","ELEMENT":"f.C3E96304196E694327087280E5B350FD.d.BF3B16EB820D9B3E2AAC787BC58C599A.e.1049"}]}
COMMAND: GET /session/bb1834e335885f2b4fe4c5c01cc3b2b8/element/f.C3E96304196E694327087280E5B350FD.d.BF3B16EB820D9B3E2AAC787BC58C599A.e.1049/enabled - {}
COMMAND: GET /session/bb1834e335885f2b4fe4c5c01cc3b2b8/screenshot - {}
RESULT: {}
COMMAND: POST /session/bb1834e335885f2b4fe4c5c01cc3b2b8/execute/sync - {"script":"<script> [8489 bytes]","args":[{"element-6066-11e4-a52e-4f735466cecf":"f.C3E96304196E694327087280E5B350FD.d.BF3B16EB820D9B3E2AAC787BC58C599A.e.1049","ELEMENT":"f.C3E96304196E694327087280E5B350FD.d.BF3B16EB820D9B3E2AAC787BC58C599A.e.1049"}]}
COMMAND: GET /session/bb1834e335885f2b4fe4c5c01cc3b2b8/screenshot - {}
RESULT: {}
RESULT: {"script":"<script> [8489 bytes]","args":[{"element-6066-11e4-a52e-4f735466cecf":"f.C3E96304196E694327087280E5B350FD.d.BF3B16EB820D9B3E2AAC787BC58C599A.e.1049","ELEMENT":"f.C3E96304196E694327087280E5B350FD.d.BF3B16EB820D9B3E2AAC787BC58C599A.e.1049"}]}
COMMAND: POST /session/bb1834e335885f2b4fe4c5c01cc3b2b8/execute/sync - {"script":"<script> [5351 bytes]","args":[{"element-6066-11e4-a52e-4f735466cecf":"f.C3E96304196E694327087280E5B350FD.d.BF3B16EB820D9B3E2AAC787BC58C599A.e.1049","ELEMENT":"f.C3E96304196E694327087280E5B350FD.d.BF3B16EB820D9B3E2AAC787BC58C599A.e.1049"}]}
COMMAND: GET /session/bb1834e335885f2b4fe4c5c01cc3b2b8/screenshot - {}
RESULT: {}
RESULT: {"script":"<script> [5351 bytes]","args":[{"element-6066-11e4-a52e-4f735466cecf":"f.C3E96304196E694327087280E5B350FD.d.BF3B16EB820D9B3E2AAC787BC58C599A.e.1049","ELEMENT":"f.C3E96304196E694327087280E5B350FD.d.BF3B16EB820D9B3E2AAC787BC58C599A.e.1049"}]}
COMMAND: POST /session/bb1834e335885f2b4fe4c5c01cc3b2b8/element/f.C3E96304196E694327087280E5B350FD.d.BF3B16EB820D9B3E2AAC787BC58C599A.e.1049/click - {}
COMMAND: GET /session/bb1834e335885f2b4fe4c5c01cc3b2b8/screenshot - {}
RESULT: {}
RESULT: {}
COMMAND: GET /session/bb1834e335885f2b4fe4c5c01cc3b2b8/screenshot - {}
COMMAND: POST /session/bb1834e335885f2b4fe4c5c01cc3b2b8/execute/async - {"script":"<script> [1562 bytes]","args":[{"selector":{"id":"application-managepartners-display-component---NewPartner--addressDetailDetailsName1","interaction":{"idSuffix":"inner"}},"wdio_ui5_key":"applicationmanagepartners-display-component---NewPartner--addressDetailDetailsName1"}]}
RESULT: {}
RESULT: {}
RESULT: {"script":"<script> [1562 bytes]","args":[{"selector":{"id":"application-managepartners-display-component---NewPartner--addressDetailDetailsName1","interaction":{"idSuffix":"inner"}},"wdio_ui5_key":"applicationmanagepartners-display-component---NewPartner--addressDetailDetailsName1"}]}
RESULT: undefined
COMMAND: POST /session/bb1834e335885f2b4fe4c5c01cc3b2b8/execute/async - {"script":"<script> [776 bytes]","args":[{"enterText":"External Partner WDIO","selector":{"id":"application-managepartners-display-component---NewPartner--addressDetailDetailsName1","interaction":{"idSuffix":"inner"}},"clearTextFirst":true,"interactionType":"ENTER_TEXT"}]}
RESULT: {"script":"<script> [776 bytes]","args":[{"enterText":"External Partner WDIO","selector":{"id":"application-managepartners-display-component---NewPartner--addressDetailDetailsName1","interaction":{"idSuffix":"inner"}},"clearTextFirst":true,"interactionType":"ENTER_TEXT"}]}
COMMAND: POST /session/bb1834e335885f2b4fe4c5c01cc3b2b8/execute/async - {"script":"<script> [1562 bytes]","args":[{"selector":{"id":"application-managepartners-display-component---NewPartner--addressDetailDetailsLanguage-arrow"},"wdio_ui5_key":"applicationmanagepartners-display-component---NewPartner--addressDetailDetailsLanguage-arrow"}]}
RESULT: {"script":"<script> [1562 bytes]","args":[{"selector":{"id":"application-managepartners-display-component---NewPartner--addressDetailDetailsLanguage-arrow"},"wdio_ui5_key":"applicationmanagepartners-display-component---NewPartner--addressDetailDetailsLanguage-arrow"}]}
RESULT: undefined
COMMAND: POST /session/bb1834e335885f2b4fe4c5c01cc3b2b8/element - {"using":"xpath","value":"//*[@id=\"application-managepartners-display-component---NewPartner--addressDetailDetailsLanguage-arrow\"]"}
RESULT: {"using":"xpath","value":"//*[@id=\"application-managepartners-display-component---NewPartner--addressDetailDetailsLanguage-arrow\"]"}
COMMAND: POST /session/bb1834e335885f2b4fe4c5c01cc3b2b8/element/f.C3E96304196E694327087280E5B350FD.d.BF3B16EB820D9B3E2AAC787BC58C599A.e.1502/click - {}
RESULT: {}
COMMAND: POST /session/bb1834e335885f2b4fe4c5c01cc3b2b8/element - {"using":"xpath","value":"//span[contains(text(), \"English\")]"}
COMMAND: GET /session/bb1834e335885f2b4fe4c5c01cc3b2b8/screenshot - {}
RESULT: {"using":"xpath","value":"//span[contains(text(), \"English\")]"}
COMMAND: POST /session/bb1834e335885f2b4fe4c5c01cc3b2b8/element/f.C3E96304196E694327087280E5B350FD.d.BF3B16EB820D9B3E2AAC787BC58C599A.e.1503/click - {}
RESULT: {}
RESULT: {}
COMMAND: GET /session/bb1834e335885f2b4fe4c5c01cc3b2b8/screenshot - {}
RESULT: {}
COMMAND: POST /session/bb1834e335885f2b4fe4c5c01cc3b2b8/execute/async - {"script":"<script> [1562 bytes]","args":[{"selector":{"id":"application-managepartners-display-component---NewPartner--addressDetailDetailsCity1","interaction":{"idSuffix":"inner"}},"wdio_ui5_key":"applicationmanagepartners-display-component---NewPartner--addressDetailDetailsCity1"}]}
RESULT: {"script":"<script> [1562 bytes]","args":[{"selector":{"id":"application-managepartners-display-component---NewPartner--addressDetailDetailsCity1","interaction":{"idSuffix":"inner"}},"wdio_ui5_key":"applicationmanagepartners-display-component---NewPartner--addressDetailDetailsCity1"}]}
RESULT: undefined
COMMAND: POST /session/bb1834e335885f2b4fe4c5c01cc3b2b8/execute/async - {"script":"<script> [776 bytes]","args":[{"enterText":"Rosario","selector":{"id":"application-managepartners-display-component---NewPartner--addressDetailDetailsCity1","interaction":{"idSuffix":"inner"}},"clearTextFirst":true,"interactionType":"ENTER_TEXT"}]}
RESULT: {"script":"<script> [776 bytes]","args":[{"enterText":"Rosario","selector":{"id":"application-managepartners-display-component---NewPartner--addressDetailDetailsCity1","interaction":{"idSuffix":"inner"}},"clearTextFirst":true,"interactionType":"ENTER_TEXT"}]}
COMMAND: POST /session/bb1834e335885f2b4fe4c5c01cc3b2b8/execute/async - {"script":"<script> [1562 bytes]","args":[{"selector":{"id":"application-managepartners-display-component---NewPartner--addressDetailDetailsCountry-arrow"},"wdio_ui5_key":"applicationmanagepartners-display-component---NewPartner--addressDetailDetailsCountry-arrow"}]}
RESULT: {"script":"<script> [1562 bytes]","args":[{"selector":{"id":"application-managepartners-display-component---NewPartner--addressDetailDetailsCountry-arrow"},"wdio_ui5_key":"applicationmanagepartners-display-component---NewPartner--addressDetailDetailsCountry-arrow"}]}
RESULT: undefined
COMMAND: POST /session/bb1834e335885f2b4fe4c5c01cc3b2b8/element - {"using":"xpath","value":"//*[@id=\"application-managepartners-display-component---NewPartner--addressDetailDetailsCountry-arrow\"]"}
RESULT: {"using":"xpath","value":"//*[@id=\"application-managepartners-display-component---NewPartner--addressDetailDetailsCountry-arrow\"]"}
COMMAND: POST /session/bb1834e335885f2b4fe4c5c01cc3b2b8/element/f.C3E96304196E694327087280E5B350FD.d.BF3B16EB820D9B3E2AAC787BC58C599A.e.1491/click - {}
RESULT: {}
COMMAND: POST /session/bb1834e335885f2b4fe4c5c01cc3b2b8/element - {"using":"xpath","value":"//span[contains(text(), \"Argentina\")]"}
COMMAND: GET /session/bb1834e335885f2b4fe4c5c01cc3b2b8/screenshot - {}
RESULT: {"using":"xpath","value":"//span[contains(text(), \"Argentina\")]"}
COMMAND: POST /session/bb1834e335885f2b4fe4c5c01cc3b2b8/element/f.C3E96304196E694327087280E5B350FD.d.BF3B16EB820D9B3E2AAC787BC58C599A.e.1505/click - {}
RESULT: {}
RESULT: {}
COMMAND: GET /session/bb1834e335885f2b4fe4c5c01cc3b2b8/screenshot - {}
RESULT: {}
COMMAND: POST /session/bb1834e335885f2b4fe4c5c01cc3b2b8/element - {"using":"xpath","value":"//bdi[contains(text(), \"Commercial\")]"}
RESULT: {"using":"xpath","value":"//bdi[contains(text(), \"Commercial\")]"}
COMMAND: POST /session/bb1834e335885f2b4fe4c5c01cc3b2b8/element/f.C3E96304196E694327087280E5B350FD.d.BF3B16EB820D9B3E2AAC787BC58C599A.e.1506/click - {}
RESULT: {}
COMMAND: GET /session/bb1834e335885f2b4fe4c5c01cc3b2b8/screenshot - {}
RESULT: {}
COMMAND: POST /session/bb1834e335885f2b4fe4c5c01cc3b2b8/execute/async - {"script":"<script> [1562 bytes]","args":[{"selector":{"id":"application-managepartners-display-component---NewPartner--partnerDetailInternal-arrow"},"wdio_ui5_key":"applicationmanagepartners-display-component---NewPartner--partnerDetailInternal-arrow"}]}
RESULT: {"script":"<script> [1562 bytes]","args":[{"selector":{"id":"application-managepartners-display-component---NewPartner--partnerDetailInternal-arrow"},"wdio_ui5_key":"applicationmanagepartners-display-component---NewPartner--partnerDetailInternal-arrow"}]}
RESULT: undefined
COMMAND: POST /session/bb1834e335885f2b4fe4c5c01cc3b2b8/element - {"using":"xpath","value":"//*[@id=\"application-managepartners-display-component---NewPartner--partnerDetailInternal-arrow\"]"}
RESULT: {"using":"xpath","value":"//*[@id=\"application-managepartners-display-component---NewPartner--partnerDetailInternal-arrow\"]"}
COMMAND: POST /session/bb1834e335885f2b4fe4c5c01cc3b2b8/element/f.C3E96304196E694327087280E5B350FD.d.BF3B16EB820D9B3E2AAC787BC58C599A.e.1512/click - {}
RESULT: {}
COMMAND: POST /session/bb1834e335885f2b4fe4c5c01cc3b2b8/element - {"using":"xpath","value":"//span[contains(text(), \"External partner\")]"}
COMMAND: GET /session/bb1834e335885f2b4fe4c5c01cc3b2b8/screenshot - {}
RESULT: {"using":"xpath","value":"//span[contains(text(), \"External partner\")]"}
COMMAND: POST /session/bb1834e335885f2b4fe4c5c01cc3b2b8/element/f.C3E96304196E694327087280E5B350FD.d.BF3B16EB820D9B3E2AAC787BC58C599A.e.1515/click - {}
RESULT: {}
RESULT: {}
COMMAND: POST /session/bb1834e335885f2b4fe4c5c01cc3b2b8/execute/async - {"script":"<script> [1562 bytes]","args":[{"selector":{"id":"application-managepartners-display-component---NewPartner--partnerDetailsCurrency-arrow"},"wdio_ui5_key":"applicationmanagepartners-display-component---NewPartner--partnerDetailsCurrency-arrow"}]}
COMMAND: GET /session/bb1834e335885f2b4fe4c5c01cc3b2b8/screenshot - {}
RESULT: {"script":"<script> [1562 bytes]","args":[{"selector":{"id":"application-managepartners-display-component---NewPartner--partnerDetailsCurrency-arrow"},"wdio_ui5_key":"applicationmanagepartners-display-component---NewPartner--partnerDetailsCurrency-arrow"}]}
RESULT: undefined
COMMAND: POST /session/bb1834e335885f2b4fe4c5c01cc3b2b8/element - {"using":"xpath","value":"//*[@id=\"application-managepartners-display-component---NewPartner--partnerDetailsCurrency-arrow\"]"}
RESULT: {}
RESULT: {"using":"xpath","value":"//*[@id=\"application-managepartners-display-component---NewPartner--partnerDetailsCurrency-arrow\"]"}
COMMAND: POST /session/bb1834e335885f2b4fe4c5c01cc3b2b8/element/f.C3E96304196E694327087280E5B350FD.d.BF3B16EB820D9B3E2AAC787BC58C599A.e.1520/click - {}
RESULT: {}
COMMAND: POST /session/bb1834e335885f2b4fe4c5c01cc3b2b8/element - {"using":"xpath","value":"//span[contains(text(), \"US Dollar\")]"}
COMMAND: GET /session/bb1834e335885f2b4fe4c5c01cc3b2b8/screenshot - {}
RESULT: {"using":"xpath","value":"//span[contains(text(), \"US Dollar\")]"}
COMMAND: POST /session/bb1834e335885f2b4fe4c5c01cc3b2b8/element/f.C3E96304196E694327087280E5B350FD.d.BF3B16EB820D9B3E2AAC787BC58C599A.e.1521/click - {}
RESULT: {}
RESULT: {}
COMMAND: GET /session/bb1834e335885f2b4fe4c5c01cc3b2b8/screenshot - {}
RESULT: {}
COMMAND: POST /session/bb1834e335885f2b4fe4c5c01cc3b2b8/element - {"using":"xpath","value":"//input[@id=\"application-managepartners-display-component---NewPartner--companyCodeComboBox-inner\"]"}
RESULT: {"using":"xpath","value":"//input[@id=\"application-managepartners-display-component---NewPartner--companyCodeComboBox-inner\"]"}
COMMAND: POST /session/bb1834e335885f2b4fe4c5c01cc3b2b8/element/f.C3E96304196E694327087280E5B350FD.d.BF3B16EB820D9B3E2AAC787BC58C599A.e.1370/clear - {}
RESULT: {}
COMMAND: POST /session/bb1834e335885f2b4fe4c5c01cc3b2b8/element/f.C3E96304196E694327087280E5B350FD.d.BF3B16EB820D9B3E2AAC787BC58C599A.e.1370/value - {"text":"C002"}
COMMAND: GET /session/bb1834e335885f2b4fe4c5c01cc3b2b8/screenshot - {}
RESULT: {"text":"C002"}
COMMAND: GET /session/bb1834e335885f2b4fe4c5c01cc3b2b8/screenshot - {}
RESULT: {}
RESULT: {}
COMMAND: POST /session/bb1834e335885f2b4fe4c5c01cc3b2b8/element - {"using":"xpath","value":"//li[.//span[text()= \"C002\"]]"}
RESULT: {"using":"xpath","value":"//li[.//span[text()= \"C002\"]]"}
COMMAND: POST /session/bb1834e335885f2b4fe4c5c01cc3b2b8/element/f.C3E96304196E694327087280E5B350FD.d.BF3B16EB820D9B3E2AAC787BC58C599A.e.1525/click - {}
RESULT: {}
COMMAND: GET /session/bb1834e335885f2b4fe4c5c01cc3b2b8/screenshot - {}
RESULT: {}
COMMAND: POST /session/bb1834e335885f2b4fe4c5c01cc3b2b8/execute/async - {"script":"<script> [1562 bytes]","args":[{"selector":{"id":"application-managepartners-display-component---NewPartner--btnAddTableRow-img"},"wdio_ui5_key":"applicationmanagepartners-display-component---NewPartner--btnAddTableRow-img"}]}
RESULT: {"script":"<script> [1562 bytes]","args":[{"selector":{"id":"application-managepartners-display-component---NewPartner--btnAddTableRow-img"},"wdio_ui5_key":"applicationmanagepartners-display-component---NewPartner--btnAddTableRow-img"}]}
RESULT: undefined
COMMAND: POST /session/bb1834e335885f2b4fe4c5c01cc3b2b8/element - {"using":"xpath","value":"//*[@id=\"application-managepartners-display-component---NewPartner--btnAddTableRow-img\"]"}
RESULT: {"using":"xpath","value":"//*[@id=\"application-managepartners-display-component---NewPartner--btnAddTableRow-img\"]"}
COMMAND: POST /session/bb1834e335885f2b4fe4c5c01cc3b2b8/element/f.C3E96304196E694327087280E5B350FD.d.BF3B16EB820D9B3E2AAC787BC58C599A.e.1526/click - {}
RESULT: {}
COMMAND: GET /session/bb1834e335885f2b4fe4c5c01cc3b2b8/screenshot - {}
RESULT: {}
COMMAND: POST /session/bb1834e335885f2b4fe4c5c01cc3b2b8/element - {"using":"xpath","value":"//input[@id=\"application-managepartners-display-component---NewPartner--assignmentYard-application-managepartners-display-component---NewPartner--assignmentsTable-0-inner\"]"}
RESULT: {"using":"xpath","value":"//input[@id=\"application-managepartners-display-component---NewPartner--assignmentYard-application-managepartners-display-component---NewPartner--assignmentsTable-0-inner\"]"}
COMMAND: POST /session/bb1834e335885f2b4fe4c5c01cc3b2b8/element/f.C3E96304196E694327087280E5B350FD.d.BF3B16EB820D9B3E2AAC787BC58C599A.e.1529/clear - {}
RESULT: {}
COMMAND: POST /session/bb1834e335885f2b4fe4c5c01cc3b2b8/element/f.C3E96304196E694327087280E5B350FD.d.BF3B16EB820D9B3E2AAC787BC58C599A.e.1529/value - {"text":"683"}
COMMAND: GET /session/bb1834e335885f2b4fe4c5c01cc3b2b8/screenshot - {}
RESULT: {"text":"683"}
COMMAND: GET /session/bb1834e335885f2b4fe4c5c01cc3b2b8/screenshot - {}
RESULT: {}
RESULT: {}
COMMAND: POST /session/bb1834e335885f2b4fe4c5c01cc3b2b8/element - {"using":"xpath","value":"//li[.//span[text()='683']]"}
RESULT: {"using":"xpath","value":"//li[.//span[text()='683']]"}
COMMAND: POST /session/bb1834e335885f2b4fe4c5c01cc3b2b8/element/f.C3E96304196E694327087280E5B350FD.d.BF3B16EB820D9B3E2AAC787BC58C599A.e.1537/click - {}
RESULT: {}
COMMAND: GET /session/bb1834e335885f2b4fe4c5c01cc3b2b8/screenshot - {}
RESULT: {}
COMMAND: POST /session/bb1834e335885f2b4fe4c5c01cc3b2b8/actions - {"actions":[{"id":"action2","type":"key","parameters":{},"actions":[{"type":"keyDown","value":""},{"type":"pause","duration":10},{"type":"keyUp","value":""}]}]}
RESULT: {"actions":[{"id":"action2","type":"key","parameters":{},"actions":[{"type":"keyDown","value":""},{"type":"pause","duration":10},{"type":"keyUp","value":""}]}]}
COMMAND: POST /session/bb1834e335885f2b4fe4c5c01cc3b2b8/element - {"using":"xpath","value":"//td[contains(@id, \"assignmentsTable-0-cell2\")]/div/div"}
COMMAND: GET /session/bb1834e335885f2b4fe4c5c01cc3b2b8/screenshot - {}
RESULT: {"using":"xpath","value":"//td[contains(@id, \"assignmentsTable-0-cell2\")]/div/div"}
COMMAND: POST /session/bb1834e335885f2b4fe4c5c01cc3b2b8/element/f.C3E96304196E694327087280E5B350FD.d.BF3B16EB820D9B3E2AAC787BC58C599A.e.1540/click - {}
RESULT: {}
RESULT: {}
COMMAND: GET /session/bb1834e335885f2b4fe4c5c01cc3b2b8/screenshot - {}
RESULT: {}
COMMAND: POST /session/bb1834e335885f2b4fe4c5c01cc3b2b8/element - {"using":"xpath","value":"//button[@data-kt=\"saveButton\"]"}
RESULT: {"using":"xpath","value":"//button[@data-kt=\"saveButton\"]"}
COMMAND: POST /session/bb1834e335885f2b4fe4c5c01cc3b2b8/element/f.C3E96304196E694327087280E5B350FD.d.BF3B16EB820D9B3E2AAC787BC58C599A.e.1404/click - {}
RESULT: {}
COMMAND: GET /session/bb1834e335885f2b4fe4c5c01cc3b2b8/screenshot - {}
RESULT: {}
COMMAND: POST /session/bb1834e335885f2b4fe4c5c01cc3b2b8/element - {"using":"xpath","value":"//header[contains(@id, 'ObjectPageLayout-headerTitle')]/div[1]/div[2]/div[2]/span[1]"}
RESULT: {"using":"xpath","value":"//header[contains(@id, 'ObjectPageLayout-headerTitle')]/div[1]/div[2]/div[2]/span[1]"}
COMMAND: POST /session/bb1834e335885f2b4fe4c5c01cc3b2b8/elements - {"using":"xpath","value":"//header[contains(@id, 'ObjectPageLayout-headerTitle')]/div[1]/div[2]/div[2]/span[1]"}
RESULT: {"using":"xpath","value":"//header[contains(@id, 'ObjectPageLayout-headerTitle')]/div[1]/div[2]/div[2]/span[1]"}
COMMAND: POST /session/bb1834e335885f2b4fe4c5c01cc3b2b8/execute/sync - {"script":"<script> [56 bytes]","args":[{"element-6066-11e4-a52e-4f735466cecf":"f.C3E96304196E694327087280E5B350FD.d.BF3B16EB820D9B3E2AAC787BC58C599A.e.1702","ELEMENT":"f.C3E96304196E694327087280E5B350FD.d.BF3B16EB820D9B3E2AAC787BC58C599A.e.1702"}]}
RESULT: {"script":"<script> [56 bytes]","args":[{"element-6066-11e4-a52e-4f735466cecf":"f.C3E96304196E694327087280E5B350FD.d.BF3B16EB820D9B3E2AAC787BC58C599A.e.1702","ELEMENT":"f.C3E96304196E694327087280E5B350FD.d.BF3B16EB820D9B3E2AAC787BC58C599A.e.1702"}]}
COMMAND: POST /session/bb1834e335885f2b4fe4c5c01cc3b2b8/element - {"using":"css selector","value":"#shell-header-logo"}
COMMAND: GET /session/bb1834e335885f2b4fe4c5c01cc3b2b8/screenshot - {}
RESULT: {"using":"css selector","value":"#shell-header-logo"}
COMMAND: POST /session/bb1834e335885f2b4fe4c5c01cc3b2b8/element/f.C3E96304196E694327087280E5B350FD.d.BF3B16EB820D9B3E2AAC787BC58C599A.e.1014/click - {}
RESULT: {}
RESULT: {}
COMMAND: GET /session/bb1834e335885f2b4fe4c5c01cc3b2b8/screenshot - {}
RESULT: {}
COMMAND: POST /session/bb1834e335885f2b4fe4c5c01cc3b2b8/execute/sync - {"script":"<script> [299 bytes]","args":[["getModel","getResource"]]}
RESULT: {"script":"<script> [299 bytes]","args":[["getModel","getResource"]]}
COMMAND: GET /session/bb1834e335885f2b4fe4c5c01cc3b2b8/screenshot - {}
]]></system-out>
    </testcase>
    <testcase classname="chrome.136_0_7103_93.windows.Partner_specific_tests_US150819_US151080_US151654_US151176_US103444_US151078_US151079_US151109_US151174_US151175_US151189" name="Should filter and search partners US151080" time="103.023">
      <system-out><![CDATA[
COMMAND: POST /session/bb1834e335885f2b4fe4c5c01cc3b2b8/element - {"using":"xpath","value":"//li[.//span[text()=\"Manage Partners\"]]"}
RESULT: {}
RESULT: {"using":"xpath","value":"//li[.//span[text()=\"Manage Partners\"]]"}
COMMAND: POST /session/bb1834e335885f2b4fe4c5c01cc3b2b8/element - {"using":"xpath","value":"//li[.//span[text()=\"Manage Partners\"]]"}
RESULT: {"using":"xpath","value":"//li[.//span[text()=\"Manage Partners\"]]"}
COMMAND: POST /session/bb1834e335885f2b4fe4c5c01cc3b2b8/element - {"using":"css selector","value":"#shell-header-logo"}
RESULT: {"using":"css selector","value":"#shell-header-logo"}
COMMAND: POST /session/bb1834e335885f2b4fe4c5c01cc3b2b8/element/f.C3E96304196E694327087280E5B350FD.d.BF3B16EB820D9B3E2AAC787BC58C599A.e.1704/click - {}
COMMAND: POST /session/bb1834e335885f2b4fe4c5c01cc3b2b8/execute/sync - {"script":"<script> [8489 bytes]","args":[{"element-6066-11e4-a52e-4f735466cecf":"f.C3E96304196E694327087280E5B350FD.d.BF3B16EB820D9B3E2AAC787BC58C599A.e.1704","ELEMENT":"f.C3E96304196E694327087280E5B350FD.d.BF3B16EB820D9B3E2AAC787BC58C599A.e.1704"}]}
RESULT: {"script":"<script> [8489 bytes]","args":[{"element-6066-11e4-a52e-4f735466cecf":"f.C3E96304196E694327087280E5B350FD.d.BF3B16EB820D9B3E2AAC787BC58C599A.e.1704","ELEMENT":"f.C3E96304196E694327087280E5B350FD.d.BF3B16EB820D9B3E2AAC787BC58C599A.e.1704"}]}
COMMAND: POST /session/bb1834e335885f2b4fe4c5c01cc3b2b8/execute/sync - {"script":"<script> [5351 bytes]","args":[{"element-6066-11e4-a52e-4f735466cecf":"f.C3E96304196E694327087280E5B350FD.d.BF3B16EB820D9B3E2AAC787BC58C599A.e.1704","ELEMENT":"f.C3E96304196E694327087280E5B350FD.d.BF3B16EB820D9B3E2AAC787BC58C599A.e.1704"}]}
COMMAND: GET /session/bb1834e335885f2b4fe4c5c01cc3b2b8/screenshot - {}
RESULT: {}
COMMAND: GET /session/bb1834e335885f2b4fe4c5c01cc3b2b8/screenshot - {}
RESULT: {"script":"<script> [5351 bytes]","args":[{"element-6066-11e4-a52e-4f735466cecf":"f.C3E96304196E694327087280E5B350FD.d.BF3B16EB820D9B3E2AAC787BC58C599A.e.1704","ELEMENT":"f.C3E96304196E694327087280E5B350FD.d.BF3B16EB820D9B3E2AAC787BC58C599A.e.1704"}]}
COMMAND: GET /session/bb1834e335885f2b4fe4c5c01cc3b2b8/screenshot - {}
RESULT: {}
RESULT: {}
RESULT: {}
RESULT: undefined
COMMAND: POST /session/bb1834e335885f2b4fe4c5c01cc3b2b8/element - {"using":"xpath","value":"//*[@id=\"__tile38\"]"}
RESULT: {"using":"xpath","value":"//*[@id=\"__tile38\"]"}
COMMAND: POST /session/bb1834e335885f2b4fe4c5c01cc3b2b8/element/f.C3E96304196E694327087280E5B350FD.d.BF3B16EB820D9B3E2AAC787BC58C599A.e.153/click - {}
RESULT: {}
COMMAND: GET /session/bb1834e335885f2b4fe4c5c01cc3b2b8/screenshot - {}
RESULT: {}
COMMAND: POST /session/bb1834e335885f2b4fe4c5c01cc3b2b8/elements - {"using":"xpath","value":"//span[text()='Error']"}
RESULT: {"using":"xpath","value":"//span[text()='Error']"}
COMMAND: POST /session/bb1834e335885f2b4fe4c5c01cc3b2b8/element - {"using":"xpath","value":"//button[@data-kt=\"addButton\"]"}
RESULT: {"using":"xpath","value":"//button[@data-kt=\"addButton\"]"}
COMMAND: POST /session/bb1834e335885f2b4fe4c5c01cc3b2b8/elements - {"using":"xpath","value":"//button[@data-kt=\"addButton\"]"}
RESULT: {"using":"xpath","value":"//button[@data-kt=\"addButton\"]"}
COMMAND: POST /session/bb1834e335885f2b4fe4c5c01cc3b2b8/execute/sync - {"script":"<script> [8489 bytes]","args":[{"element-6066-11e4-a52e-4f735466cecf":"f.C3E96304196E694327087280E5B350FD.d.BF3B16EB820D9B3E2AAC787BC58C599A.e.1750","ELEMENT":"f.C3E96304196E694327087280E5B350FD.d.BF3B16EB820D9B3E2AAC787BC58C599A.e.1750"}]}
RESULT: {"script":"<script> [8489 bytes]","args":[{"element-6066-11e4-a52e-4f735466cecf":"f.C3E96304196E694327087280E5B350FD.d.BF3B16EB820D9B3E2AAC787BC58C599A.e.1750","ELEMENT":"f.C3E96304196E694327087280E5B350FD.d.BF3B16EB820D9B3E2AAC787BC58C599A.e.1750"}]}
COMMAND: GET /session/bb1834e335885f2b4fe4c5c01cc3b2b8/element/f.C3E96304196E694327087280E5B350FD.d.BF3B16EB820D9B3E2AAC787BC58C599A.e.1750/enabled - {}
COMMAND: GET /session/bb1834e335885f2b4fe4c5c01cc3b2b8/screenshot - {}
RESULT: {}
COMMAND: POST /session/bb1834e335885f2b4fe4c5c01cc3b2b8/execute/sync - {"script":"<script> [8489 bytes]","args":[{"element-6066-11e4-a52e-4f735466cecf":"f.C3E96304196E694327087280E5B350FD.d.BF3B16EB820D9B3E2AAC787BC58C599A.e.1750","ELEMENT":"f.C3E96304196E694327087280E5B350FD.d.BF3B16EB820D9B3E2AAC787BC58C599A.e.1750"}]}
COMMAND: GET /session/bb1834e335885f2b4fe4c5c01cc3b2b8/screenshot - {}
RESULT: {}
RESULT: {"script":"<script> [8489 bytes]","args":[{"element-6066-11e4-a52e-4f735466cecf":"f.C3E96304196E694327087280E5B350FD.d.BF3B16EB820D9B3E2AAC787BC58C599A.e.1750","ELEMENT":"f.C3E96304196E694327087280E5B350FD.d.BF3B16EB820D9B3E2AAC787BC58C599A.e.1750"}]}
COMMAND: POST /session/bb1834e335885f2b4fe4c5c01cc3b2b8/execute/sync - {"script":"<script> [5351 bytes]","args":[{"element-6066-11e4-a52e-4f735466cecf":"f.C3E96304196E694327087280E5B350FD.d.BF3B16EB820D9B3E2AAC787BC58C599A.e.1750","ELEMENT":"f.C3E96304196E694327087280E5B350FD.d.BF3B16EB820D9B3E2AAC787BC58C599A.e.1750"}]}
COMMAND: GET /session/bb1834e335885f2b4fe4c5c01cc3b2b8/screenshot - {}
RESULT: {}
RESULT: {"script":"<script> [5351 bytes]","args":[{"element-6066-11e4-a52e-4f735466cecf":"f.C3E96304196E694327087280E5B350FD.d.BF3B16EB820D9B3E2AAC787BC58C599A.e.1750","ELEMENT":"f.C3E96304196E694327087280E5B350FD.d.BF3B16EB820D9B3E2AAC787BC58C599A.e.1750"}]}
COMMAND: GET /session/bb1834e335885f2b4fe4c5c01cc3b2b8/screenshot - {}
RESULT: {}
RESULT: {}
COMMAND: POST /session/bb1834e335885f2b4fe4c5c01cc3b2b8/execute/async - {"script":"<script> [1562 bytes]","args":[{"selector":{"id":"application-managepartners-display-component---masterPtm--smartTable-btnPersonalisation-img"},"wdio_ui5_key":"applicationmanagepartners-display-component---masterPtm--smartTable-btnPersonalisation-img"}]}
RESULT: {"script":"<script> [1562 bytes]","args":[{"selector":{"id":"application-managepartners-display-component---masterPtm--smartTable-btnPersonalisation-img"},"wdio_ui5_key":"applicationmanagepartners-display-component---masterPtm--smartTable-btnPersonalisation-img"}]}
RESULT: undefined
COMMAND: POST /session/bb1834e335885f2b4fe4c5c01cc3b2b8/element - {"using":"xpath","value":"//*[@id=\"application-managepartners-display-component---masterPtm--smartTable-btnPersonalisation-img\"]"}
RESULT: {"using":"xpath","value":"//*[@id=\"application-managepartners-display-component---masterPtm--smartTable-btnPersonalisation-img\"]"}
COMMAND: POST /session/bb1834e335885f2b4fe4c5c01cc3b2b8/element/f.C3E96304196E694327087280E5B350FD.d.BF3B16EB820D9B3E2AAC787BC58C599A.e.1755/click - {}
RESULT: {}
COMMAND: GET /session/bb1834e335885f2b4fe4c5c01cc3b2b8/screenshot - {}
RESULT: {}
COMMAND: POST /session/bb1834e335885f2b4fe4c5c01cc3b2b8/execute/async - {"script":"<script> [1562 bytes]","args":[{"selector":{"controlType":"sap.m.IconTabFilter","viewName":"etm.portal.ui.managepartners.view.Master","viewId":"application-managepartners-display-component---masterPtm","properties":{"text":"Sort"},"searchOpenDialogs":true,"interaction":{"idSuffix":"text"}},"wdio_ui5_key":"etmportal.ui.managepartners.view.Mastersap.m.IconTabFilter{\"text\":\"Sort\"}"}]}
RESULT: {"script":"<script> [1562 bytes]","args":[{"selector":{"controlType":"sap.m.IconTabFilter","viewName":"etm.portal.ui.managepartners.view.Master","viewId":"application-managepartners-display-component---masterPtm","properties":{"text":"Sort"},"searchOpenDialogs":true,"interaction":{"idSuffix":"text"}},"wdio_ui5_key":"etmportal.ui.managepartners.view.Mastersap.m.IconTabFilter{\"text\":\"Sort\"}"}]}
RESULT: undefined
COMMAND: POST /session/bb1834e335885f2b4fe4c5c01cc3b2b8/element - {"using":"xpath","value":"//*[@id=\"__filter1\"]"}
RESULT: {"using":"xpath","value":"//*[@id=\"__filter1\"]"}
COMMAND: POST /session/bb1834e335885f2b4fe4c5c01cc3b2b8/element/f.C3E96304196E694327087280E5B350FD.d.BF3B16EB820D9B3E2AAC787BC58C599A.e.1897/click - {}
RESULT: {}
COMMAND: GET /session/bb1834e335885f2b4fe4c5c01cc3b2b8/screenshot - {}
RESULT: {}
COMMAND: POST /session/bb1834e335885f2b4fe4c5c01cc3b2b8/element - {"using":"xpath","value":"//input[@placeholder=\"Sort by\"]/following-sibling::div//span"}
RESULT: {"using":"xpath","value":"//input[@placeholder=\"Sort by\"]/following-sibling::div//span"}
COMMAND: POST /session/bb1834e335885f2b4fe4c5c01cc3b2b8/element/f.C3E96304196E694327087280E5B350FD.d.BF3B16EB820D9B3E2AAC787BC58C599A.e.1899/click - {}
RESULT: {}
COMMAND: GET /session/bb1834e335885f2b4fe4c5c01cc3b2b8/screenshot - {}
RESULT: {}
COMMAND: POST /session/bb1834e335885f2b4fe4c5c01cc3b2b8/element - {"using":"xpath","value":"//li[.//span[text()=\"Language\"]]"}
RESULT: {"using":"xpath","value":"//li[.//span[text()=\"Language\"]]"}
COMMAND: POST /session/bb1834e335885f2b4fe4c5c01cc3b2b8/element/f.C3E96304196E694327087280E5B350FD.d.BF3B16EB820D9B3E2AAC787BC58C599A.e.1900/click - {}
RESULT: {}
COMMAND: GET /session/bb1834e335885f2b4fe4c5c01cc3b2b8/screenshot - {}
RESULT: {}
COMMAND: POST /session/bb1834e335885f2b4fe4c5c01cc3b2b8/element - {"using":"xpath","value":"//bdi[contains(text(), \"OK\")]"}
RESULT: {"using":"xpath","value":"//bdi[contains(text(), \"OK\")]"}
COMMAND: POST /session/bb1834e335885f2b4fe4c5c01cc3b2b8/element/f.C3E96304196E694327087280E5B350FD.d.BF3B16EB820D9B3E2AAC787BC58C599A.e.1904/click - {}
RESULT: {}
COMMAND: GET /session/bb1834e335885f2b4fe4c5c01cc3b2b8/screenshot - {}
RESULT: {}
COMMAND: POST /session/bb1834e335885f2b4fe4c5c01cc3b2b8/element - {"using":"xpath","value":"//table[contains(@id, \"customPartnersTable\")]//tbody/tr[1]/td[3]/span"}
RESULT: {"using":"xpath","value":"//table[contains(@id, \"customPartnersTable\")]//tbody/tr[1]/td[3]/span"}
COMMAND: POST /session/bb1834e335885f2b4fe4c5c01cc3b2b8/execute/sync - {"script":"<script> [56 bytes]","args":[{"element-6066-11e4-a52e-4f735466cecf":"f.C3E96304196E694327087280E5B350FD.d.BF3B16EB820D9B3E2AAC787BC58C599A.e.2023","ELEMENT":"f.C3E96304196E694327087280E5B350FD.d.BF3B16EB820D9B3E2AAC787BC58C599A.e.2023"}]}
RESULT: {"script":"<script> [56 bytes]","args":[{"element-6066-11e4-a52e-4f735466cecf":"f.C3E96304196E694327087280E5B350FD.d.BF3B16EB820D9B3E2AAC787BC58C599A.e.2023","ELEMENT":"f.C3E96304196E694327087280E5B350FD.d.BF3B16EB820D9B3E2AAC787BC58C599A.e.2023"}]}
RESULT: undefined
COMMAND: POST /session/bb1834e335885f2b4fe4c5c01cc3b2b8/element - {"using":"xpath","value":"//*[@id=\"application-managepartners-display-component---masterPtm--smartTable-btnPersonalisation-img\"]"}
COMMAND: GET /session/bb1834e335885f2b4fe4c5c01cc3b2b8/screenshot - {}
RESULT: {"using":"xpath","value":"//*[@id=\"application-managepartners-display-component---masterPtm--smartTable-btnPersonalisation-img\"]"}
COMMAND: POST /session/bb1834e335885f2b4fe4c5c01cc3b2b8/element/f.C3E96304196E694327087280E5B350FD.d.BF3B16EB820D9B3E2AAC787BC58C599A.e.1755/click - {}
RESULT: {}
RESULT: {}
COMMAND: GET /session/bb1834e335885f2b4fe4c5c01cc3b2b8/screenshot - {}
RESULT: {}
COMMAND: POST /session/bb1834e335885f2b4fe4c5c01cc3b2b8/element - {"using":"xpath","value":"//bdi[contains(text(), \"Reset\")]"}
RESULT: {"using":"xpath","value":"//bdi[contains(text(), \"Reset\")]"}
COMMAND: POST /session/bb1834e335885f2b4fe4c5c01cc3b2b8/element/f.C3E96304196E694327087280E5B350FD.d.BF3B16EB820D9B3E2AAC787BC58C599A.e.2030/click - {}
RESULT: {}
COMMAND: GET /session/bb1834e335885f2b4fe4c5c01cc3b2b8/screenshot - {}
RESULT: {}
COMMAND: POST /session/bb1834e335885f2b4fe4c5c01cc3b2b8/element - {"using":"xpath","value":"(//bdi[contains(text(), \"OK\")])[2]"}
RESULT: {"using":"xpath","value":"(//bdi[contains(text(), \"OK\")])[2]"}
COMMAND: POST /session/bb1834e335885f2b4fe4c5c01cc3b2b8/element/f.C3E96304196E694327087280E5B350FD.d.BF3B16EB820D9B3E2AAC787BC58C599A.e.2032/click - {}
RESULT: {}
COMMAND: GET /session/bb1834e335885f2b4fe4c5c01cc3b2b8/screenshot - {}
RESULT: {}
COMMAND: POST /session/bb1834e335885f2b4fe4c5c01cc3b2b8/element - {"using":"xpath","value":"//bdi[contains(text(), \"OK\")]"}
RESULT: {"using":"xpath","value":"//bdi[contains(text(), \"OK\")]"}
COMMAND: POST /session/bb1834e335885f2b4fe4c5c01cc3b2b8/element/f.C3E96304196E694327087280E5B350FD.d.BF3B16EB820D9B3E2AAC787BC58C599A.e.2079/click - {}
RESULT: {}
COMMAND: GET /session/bb1834e335885f2b4fe4c5c01cc3b2b8/screenshot - {}
RESULT: {}
COMMAND: POST /session/bb1834e335885f2b4fe4c5c01cc3b2b8/element - {"using":"xpath","value":"//table[contains(@id, \"customPartnersTable\")]//tbody/tr[1]/td[3]/span"}
RESULT: {"using":"xpath","value":"//table[contains(@id, \"customPartnersTable\")]//tbody/tr[1]/td[3]/span"}
COMMAND: POST /session/bb1834e335885f2b4fe4c5c01cc3b2b8/execute/sync - {"script":"<script> [56 bytes]","args":[{"element-6066-11e4-a52e-4f735466cecf":"f.C3E96304196E694327087280E5B350FD.d.BF3B16EB820D9B3E2AAC787BC58C599A.e.2081","ELEMENT":"f.C3E96304196E694327087280E5B350FD.d.BF3B16EB820D9B3E2AAC787BC58C599A.e.2081"}]}
RESULT: {"script":"<script> [56 bytes]","args":[{"element-6066-11e4-a52e-4f735466cecf":"f.C3E96304196E694327087280E5B350FD.d.BF3B16EB820D9B3E2AAC787BC58C599A.e.2081","ELEMENT":"f.C3E96304196E694327087280E5B350FD.d.BF3B16EB820D9B3E2AAC787BC58C599A.e.2081"}]}
RESULT: undefined
COMMAND: POST /session/bb1834e335885f2b4fe4c5c01cc3b2b8/element - {"using":"xpath","value":"//*[@id=\"application-managepartners-display-component---masterPtm--smartTable-btnPersonalisation-img\"]"}
COMMAND: GET /session/bb1834e335885f2b4fe4c5c01cc3b2b8/screenshot - {}
RESULT: {"using":"xpath","value":"//*[@id=\"application-managepartners-display-component---masterPtm--smartTable-btnPersonalisation-img\"]"}
COMMAND: POST /session/bb1834e335885f2b4fe4c5c01cc3b2b8/element/f.C3E96304196E694327087280E5B350FD.d.BF3B16EB820D9B3E2AAC787BC58C599A.e.1755/click - {}
RESULT: {}
RESULT: {}
COMMAND: GET /session/bb1834e335885f2b4fe4c5c01cc3b2b8/screenshot - {}
RESULT: {}
COMMAND: POST /session/bb1834e335885f2b4fe4c5c01cc3b2b8/execute/async - {"script":"<script> [1562 bytes]","args":[{"selector":{"controlType":"sap.m.IconTabFilter","viewName":"etm.portal.ui.managepartners.view.Master","viewId":"application-managepartners-display-component---masterPtm","properties":{"text":"Filter"},"searchOpenDialogs":true,"interaction":{"idSuffix":"text"}},"wdio_ui5_key":"etmportal.ui.managepartners.view.Mastersap.m.IconTabFilter{\"text\":\"Filter\"}"}]}
RESULT: {"script":"<script> [1562 bytes]","args":[{"selector":{"controlType":"sap.m.IconTabFilter","viewName":"etm.portal.ui.managepartners.view.Master","viewId":"application-managepartners-display-component---masterPtm","properties":{"text":"Filter"},"searchOpenDialogs":true,"interaction":{"idSuffix":"text"}},"wdio_ui5_key":"etmportal.ui.managepartners.view.Mastersap.m.IconTabFilter{\"text\":\"Filter\"}"}]}
RESULT: undefined
COMMAND: POST /session/bb1834e335885f2b4fe4c5c01cc3b2b8/element - {"using":"xpath","value":"//*[@id=\"__filter10\"]"}
RESULT: {"using":"xpath","value":"//*[@id=\"__filter10\"]"}
COMMAND: POST /session/bb1834e335885f2b4fe4c5c01cc3b2b8/element/f.C3E96304196E694327087280E5B350FD.d.BF3B16EB820D9B3E2AAC787BC58C599A.e.2086/click - {}
RESULT: {}
COMMAND: GET /session/bb1834e335885f2b4fe4c5c01cc3b2b8/screenshot - {}
RESULT: {}
COMMAND: POST /session/bb1834e335885f2b4fe4c5c01cc3b2b8/element - {"using":"xpath","value":"//input[@placeholder=\"Filter by\"]/following-sibling::div//span"}
RESULT: {"using":"xpath","value":"//input[@placeholder=\"Filter by\"]/following-sibling::div//span"}
COMMAND: POST /session/bb1834e335885f2b4fe4c5c01cc3b2b8/element/f.C3E96304196E694327087280E5B350FD.d.BF3B16EB820D9B3E2AAC787BC58C599A.e.2088/click - {}
RESULT: {}
COMMAND: GET /session/bb1834e335885f2b4fe4c5c01cc3b2b8/screenshot - {}
RESULT: {}
COMMAND: POST /session/bb1834e335885f2b4fe4c5c01cc3b2b8/element - {"using":"xpath","value":"//li[.//span[text()=\"Preferred Yard\"]]"}
RESULT: {"using":"xpath","value":"//li[.//span[text()=\"Preferred Yard\"]]"}
COMMAND: POST /session/bb1834e335885f2b4fe4c5c01cc3b2b8/element/f.C3E96304196E694327087280E5B350FD.d.BF3B16EB820D9B3E2AAC787BC58C599A.e.2089/click - {}
RESULT: {}
COMMAND: GET /session/bb1834e335885f2b4fe4c5c01cc3b2b8/screenshot - {}
RESULT: {}
COMMAND: POST /session/bb1834e335885f2b4fe4c5c01cc3b2b8/execute/async - {"script":"<script> [1562 bytes]","args":[{"selector":{"id":"FilterPanel-filterItemControl_BASIC-application-managepartners-display-component---masterPtm--smartTable-YARDYARD-vhi","searchOpenDialogs":true},"wdio_ui5_key":"FilterPanelfilterItemControl_BASIC-application-managepartners-display-component---masterPtm--smartTable-YARDYARD-vhi"}]}
RESULT: {"script":"<script> [1562 bytes]","args":[{"selector":{"id":"FilterPanel-filterItemControl_BASIC-application-managepartners-display-component---masterPtm--smartTable-YARDYARD-vhi","searchOpenDialogs":true},"wdio_ui5_key":"FilterPanelfilterItemControl_BASIC-application-managepartners-display-component---masterPtm--smartTable-YARDYARD-vhi"}]}
RESULT: undefined
COMMAND: POST /session/bb1834e335885f2b4fe4c5c01cc3b2b8/element - {"using":"xpath","value":"//*[@id=\"FilterPanel-filterItemControl_BASIC-application-managepartners-display-component---masterPtm--smartTable-YARDYARD-vhi\"]"}
RESULT: {"using":"xpath","value":"//*[@id=\"FilterPanel-filterItemControl_BASIC-application-managepartners-display-component---masterPtm--smartTable-YARDYARD-vhi\"]"}
COMMAND: POST /session/bb1834e335885f2b4fe4c5c01cc3b2b8/element/f.C3E96304196E694327087280E5B350FD.d.BF3B16EB820D9B3E2AAC787BC58C599A.e.2092/click - {}
RESULT: {}
COMMAND: GET /session/bb1834e335885f2b4fe4c5c01cc3b2b8/screenshot - {}
RESULT: {}
COMMAND: POST /session/bb1834e335885f2b4fe4c5c01cc3b2b8/execute/async - {"script":"<script> [1562 bytes]","args":[{"selector":{"id":"FilterPanel-filterItemControl_BASIC-application-managepartners-display-component---masterPtm--smartTable-YARDYARD-valueHelpDialog-smartFilterBar-btnBasicSearch","searchOpenDialogs":true,"interaction":{"idSuffix":"I"}},"wdio_ui5_key":"FilterPanelfilterItemControl_BASIC-application-managepartners-display-component---masterPtm--smartTable-YARDYARD-valueHelpDialog-smartFilterBar-btnBasicSearch"}]}
RESULT: {"script":"<script> [1562 bytes]","args":[{"selector":{"id":"FilterPanel-filterItemControl_BASIC-application-managepartners-display-component---masterPtm--smartTable-YARDYARD-valueHelpDialog-smartFilterBar-btnBasicSearch","searchOpenDialogs":true,"interaction":{"idSuffix":"I"}},"wdio_ui5_key":"FilterPanelfilterItemControl_BASIC-application-managepartners-display-component---masterPtm--smartTable-YARDYARD-valueHelpDialog-smartFilterBar-btnBasicSearch"}]}
RESULT: undefined
COMMAND: POST /session/bb1834e335885f2b4fe4c5c01cc3b2b8/execute/async - {"script":"<script> [776 bytes]","args":[{"enterText":"683","selector":{"id":"FilterPanel-filterItemControl_BASIC-application-managepartners-display-component---masterPtm--smartTable-YARDYARD-valueHelpDialog-smartFilterBar-btnBasicSearch","searchOpenDialogs":true,"interaction":{"idSuffix":"I"}},"clearTextFirst":true,"interactionType":"ENTER_TEXT"}]}
RESULT: {"script":"<script> [776 bytes]","args":[{"enterText":"683","selector":{"id":"FilterPanel-filterItemControl_BASIC-application-managepartners-display-component---masterPtm--smartTable-YARDYARD-valueHelpDialog-smartFilterBar-btnBasicSearch","searchOpenDialogs":true,"interaction":{"idSuffix":"I"}},"clearTextFirst":true,"interactionType":"ENTER_TEXT"}]}
COMMAND: POST /session/bb1834e335885f2b4fe4c5c01cc3b2b8/actions - {"actions":[{"id":"action3","type":"key","parameters":{},"actions":[{"type":"keyDown","value":""},{"type":"pause","duration":10},{"type":"keyUp","value":""}]}]}
RESULT: {"actions":[{"id":"action3","type":"key","parameters":{},"actions":[{"type":"keyDown","value":""},{"type":"pause","duration":10},{"type":"keyUp","value":""}]}]}
COMMAND: GET /session/bb1834e335885f2b4fe4c5c01cc3b2b8/screenshot - {}
RESULT: {}
COMMAND: POST /session/bb1834e335885f2b4fe4c5c01cc3b2b8/elements - {"using":"xpath","value":"//table[contains(@id, \"smartTable-YARDYARD-valueHelpDialog-table-table\")]/tbody/tr"}
RESULT: {"using":"xpath","value":"//table[contains(@id, \"smartTable-YARDYARD-valueHelpDialog-table-table\")]/tbody/tr"}
COMMAND: POST /session/bb1834e335885f2b4fe4c5c01cc3b2b8/element - {"using":"xpath","value":"//table[contains(@id, \"smartTable-YARDYARD-valueHelpDialog-table-table\")]/tbody/tr[1]/td[1]/div/span"}
RESULT: {"using":"xpath","value":"//table[contains(@id, \"smartTable-YARDYARD-valueHelpDialog-table-table\")]/tbody/tr[1]/td[1]/div/span"}
COMMAND: POST /session/bb1834e335885f2b4fe4c5c01cc3b2b8/elements - {"using":"xpath","value":"//table[contains(@id, \"smartTable-YARDYARD-valueHelpDialog-table-table\")]/tbody/tr[1]/td[1]/div/span"}
RESULT: {"using":"xpath","value":"//table[contains(@id, \"smartTable-YARDYARD-valueHelpDialog-table-table\")]/tbody/tr[1]/td[1]/div/span"}
COMMAND: POST /session/bb1834e335885f2b4fe4c5c01cc3b2b8/execute/sync - {"script":"<script> [56 bytes]","args":[{"element-6066-11e4-a52e-4f735466cecf":"f.C3E96304196E694327087280E5B350FD.d.BF3B16EB820D9B3E2AAC787BC58C599A.e.2111","ELEMENT":"f.C3E96304196E694327087280E5B350FD.d.BF3B16EB820D9B3E2AAC787BC58C599A.e.2111"}]}
RESULT: {"script":"<script> [56 bytes]","args":[{"element-6066-11e4-a52e-4f735466cecf":"f.C3E96304196E694327087280E5B350FD.d.BF3B16EB820D9B3E2AAC787BC58C599A.e.2111","ELEMENT":"f.C3E96304196E694327087280E5B350FD.d.BF3B16EB820D9B3E2AAC787BC58C599A.e.2111"}]}
COMMAND: POST /session/bb1834e335885f2b4fe4c5c01cc3b2b8/element - {"using":"xpath","value":"//div[contains(@id, \"YARDYARD-valueHelpDialog-table-rowsel0\")]"}
COMMAND: GET /session/bb1834e335885f2b4fe4c5c01cc3b2b8/screenshot - {}
RESULT: {"using":"xpath","value":"//div[contains(@id, \"YARDYARD-valueHelpDialog-table-rowsel0\")]"}
COMMAND: POST /session/bb1834e335885f2b4fe4c5c01cc3b2b8/element/f.C3E96304196E694327087280E5B350FD.d.BF3B16EB820D9B3E2AAC787BC58C599A.e.2112/click - {}
RESULT: {}
RESULT: {}
COMMAND: GET /session/bb1834e335885f2b4fe4c5c01cc3b2b8/screenshot - {}
RESULT: {}
COMMAND: POST /session/bb1834e335885f2b4fe4c5c01cc3b2b8/element - {"using":"xpath","value":"(//bdi[contains(text(), \"OK\")])[2]"}
RESULT: {"using":"xpath","value":"(//bdi[contains(text(), \"OK\")])[2]"}
COMMAND: POST /session/bb1834e335885f2b4fe4c5c01cc3b2b8/element/f.C3E96304196E694327087280E5B350FD.d.BF3B16EB820D9B3E2AAC787BC58C599A.e.2114/click - {}
RESULT: {}
COMMAND: GET /session/bb1834e335885f2b4fe4c5c01cc3b2b8/screenshot - {}
RESULT: {}
COMMAND: POST /session/bb1834e335885f2b4fe4c5c01cc3b2b8/element - {"using":"xpath","value":"//bdi[contains(text(), \"OK\")]"}
RESULT: {"using":"xpath","value":"//bdi[contains(text(), \"OK\")]"}
COMMAND: POST /session/bb1834e335885f2b4fe4c5c01cc3b2b8/element/f.C3E96304196E694327087280E5B350FD.d.BF3B16EB820D9B3E2AAC787BC58C599A.e.2117/click - {}
RESULT: {}
COMMAND: GET /session/bb1834e335885f2b4fe4c5c01cc3b2b8/screenshot - {}
RESULT: {}
COMMAND: POST /session/bb1834e335885f2b4fe4c5c01cc3b2b8/element - {"using":"xpath","value":"//table[contains(@id, \"customPartnersTable\")]//tbody/tr[1]/td[3]/span"}
RESULT: {"using":"xpath","value":"//table[contains(@id, \"customPartnersTable\")]//tbody/tr[1]/td[3]/span"}
COMMAND: POST /session/bb1834e335885f2b4fe4c5c01cc3b2b8/execute/sync - {"script":"<script> [56 bytes]","args":[{"element-6066-11e4-a52e-4f735466cecf":"f.C3E96304196E694327087280E5B350FD.d.BF3B16EB820D9B3E2AAC787BC58C599A.e.2081","ELEMENT":"f.C3E96304196E694327087280E5B350FD.d.BF3B16EB820D9B3E2AAC787BC58C599A.e.2081"}]}
RESULT: {"script":"<script> [56 bytes]","args":[{"element-6066-11e4-a52e-4f735466cecf":"f.C3E96304196E694327087280E5B350FD.d.BF3B16EB820D9B3E2AAC787BC58C599A.e.2081","ELEMENT":"f.C3E96304196E694327087280E5B350FD.d.BF3B16EB820D9B3E2AAC787BC58C599A.e.2081"}]}
COMMAND: POST /session/bb1834e335885f2b4fe4c5c01cc3b2b8/element - {"using":"css selector","value":"#shell-header-logo"}
COMMAND: GET /session/bb1834e335885f2b4fe4c5c01cc3b2b8/screenshot - {}
RESULT: {"using":"css selector","value":"#shell-header-logo"}
COMMAND: POST /session/bb1834e335885f2b4fe4c5c01cc3b2b8/element/f.C3E96304196E694327087280E5B350FD.d.BF3B16EB820D9B3E2AAC787BC58C599A.e.1704/click - {}
RESULT: {}
RESULT: {}
COMMAND: GET /session/bb1834e335885f2b4fe4c5c01cc3b2b8/screenshot - {}
RESULT: {}
]]></system-out>
    </testcase>
    <testcase classname="chrome.136_0_7103_93.windows.Partner_specific_tests_US150819_US151080_US151654_US151176_US103444_US151078_US151079_US151109_US151174_US151175_US151189" name="Should deactivate the created partner in earlier step US151654" time="65.357">
      <system-out><![CDATA[
COMMAND: POST /session/bb1834e335885f2b4fe4c5c01cc3b2b8/element - {"using":"xpath","value":"//li[.//span[text()=\"Manage Partners\"]]"}
RESULT: {"using":"xpath","value":"//li[.//span[text()=\"Manage Partners\"]]"}
COMMAND: POST /session/bb1834e335885f2b4fe4c5c01cc3b2b8/element - {"using":"xpath","value":"//li[.//span[text()=\"Manage Partners\"]]"}
RESULT: {"using":"xpath","value":"//li[.//span[text()=\"Manage Partners\"]]"}
COMMAND: POST /session/bb1834e335885f2b4fe4c5c01cc3b2b8/element - {"using":"css selector","value":"#shell-header-logo"}
RESULT: {"using":"css selector","value":"#shell-header-logo"}
COMMAND: POST /session/bb1834e335885f2b4fe4c5c01cc3b2b8/element/f.C3E96304196E694327087280E5B350FD.d.BF3B16EB820D9B3E2AAC787BC58C599A.e.2168/click - {}
COMMAND: POST /session/bb1834e335885f2b4fe4c5c01cc3b2b8/execute/sync - {"script":"<script> [8489 bytes]","args":[{"element-6066-11e4-a52e-4f735466cecf":"f.C3E96304196E694327087280E5B350FD.d.BF3B16EB820D9B3E2AAC787BC58C599A.e.2168","ELEMENT":"f.C3E96304196E694327087280E5B350FD.d.BF3B16EB820D9B3E2AAC787BC58C599A.e.2168"}]}
RESULT: {}
COMMAND: GET /session/bb1834e335885f2b4fe4c5c01cc3b2b8/screenshot - {}
RESULT: {"script":"<script> [8489 bytes]","args":[{"element-6066-11e4-a52e-4f735466cecf":"f.C3E96304196E694327087280E5B350FD.d.BF3B16EB820D9B3E2AAC787BC58C599A.e.2168","ELEMENT":"f.C3E96304196E694327087280E5B350FD.d.BF3B16EB820D9B3E2AAC787BC58C599A.e.2168"}]}
COMMAND: POST /session/bb1834e335885f2b4fe4c5c01cc3b2b8/execute/sync - {"script":"<script> [5351 bytes]","args":[{"element-6066-11e4-a52e-4f735466cecf":"f.C3E96304196E694327087280E5B350FD.d.BF3B16EB820D9B3E2AAC787BC58C599A.e.2168","ELEMENT":"f.C3E96304196E694327087280E5B350FD.d.BF3B16EB820D9B3E2AAC787BC58C599A.e.2168"}]}
COMMAND: GET /session/bb1834e335885f2b4fe4c5c01cc3b2b8/screenshot - {}
RESULT: {}
RESULT: {"script":"<script> [5351 bytes]","args":[{"element-6066-11e4-a52e-4f735466cecf":"f.C3E96304196E694327087280E5B350FD.d.BF3B16EB820D9B3E2AAC787BC58C599A.e.2168","ELEMENT":"f.C3E96304196E694327087280E5B350FD.d.BF3B16EB820D9B3E2AAC787BC58C599A.e.2168"}]}
COMMAND: GET /session/bb1834e335885f2b4fe4c5c01cc3b2b8/screenshot - {}
RESULT: {}
RESULT: {}
RESULT: undefined
COMMAND: POST /session/bb1834e335885f2b4fe4c5c01cc3b2b8/element - {"using":"xpath","value":"//*[@id=\"__tile38\"]"}
RESULT: {"using":"xpath","value":"//*[@id=\"__tile38\"]"}
COMMAND: POST /session/bb1834e335885f2b4fe4c5c01cc3b2b8/element/f.C3E96304196E694327087280E5B350FD.d.BF3B16EB820D9B3E2AAC787BC58C599A.e.153/click - {}
RESULT: {}
COMMAND: GET /session/bb1834e335885f2b4fe4c5c01cc3b2b8/screenshot - {}
RESULT: {}
COMMAND: POST /session/bb1834e335885f2b4fe4c5c01cc3b2b8/elements - {"using":"xpath","value":"//span[text()='Error']"}
RESULT: {"using":"xpath","value":"//span[text()='Error']"}
COMMAND: POST /session/bb1834e335885f2b4fe4c5c01cc3b2b8/element - {"using":"xpath","value":"//button[@data-kt=\"addButton\"]"}
RESULT: {"using":"xpath","value":"//button[@data-kt=\"addButton\"]"}
COMMAND: POST /session/bb1834e335885f2b4fe4c5c01cc3b2b8/elements - {"using":"xpath","value":"//button[@data-kt=\"addButton\"]"}
RESULT: {"using":"xpath","value":"//button[@data-kt=\"addButton\"]"}
COMMAND: POST /session/bb1834e335885f2b4fe4c5c01cc3b2b8/execute/sync - {"script":"<script> [8489 bytes]","args":[{"element-6066-11e4-a52e-4f735466cecf":"f.C3E96304196E694327087280E5B350FD.d.BF3B16EB820D9B3E2AAC787BC58C599A.e.2214","ELEMENT":"f.C3E96304196E694327087280E5B350FD.d.BF3B16EB820D9B3E2AAC787BC58C599A.e.2214"}]}
RESULT: {"script":"<script> [8489 bytes]","args":[{"element-6066-11e4-a52e-4f735466cecf":"f.C3E96304196E694327087280E5B350FD.d.BF3B16EB820D9B3E2AAC787BC58C599A.e.2214","ELEMENT":"f.C3E96304196E694327087280E5B350FD.d.BF3B16EB820D9B3E2AAC787BC58C599A.e.2214"}]}
COMMAND: GET /session/bb1834e335885f2b4fe4c5c01cc3b2b8/element/f.C3E96304196E694327087280E5B350FD.d.BF3B16EB820D9B3E2AAC787BC58C599A.e.2214/enabled - {}
COMMAND: GET /session/bb1834e335885f2b4fe4c5c01cc3b2b8/screenshot - {}
RESULT: {}
COMMAND: POST /session/bb1834e335885f2b4fe4c5c01cc3b2b8/execute/sync - {"script":"<script> [8489 bytes]","args":[{"element-6066-11e4-a52e-4f735466cecf":"f.C3E96304196E694327087280E5B350FD.d.BF3B16EB820D9B3E2AAC787BC58C599A.e.2214","ELEMENT":"f.C3E96304196E694327087280E5B350FD.d.BF3B16EB820D9B3E2AAC787BC58C599A.e.2214"}]}
COMMAND: GET /session/bb1834e335885f2b4fe4c5c01cc3b2b8/screenshot - {}
RESULT: {}
RESULT: {"script":"<script> [8489 bytes]","args":[{"element-6066-11e4-a52e-4f735466cecf":"f.C3E96304196E694327087280E5B350FD.d.BF3B16EB820D9B3E2AAC787BC58C599A.e.2214","ELEMENT":"f.C3E96304196E694327087280E5B350FD.d.BF3B16EB820D9B3E2AAC787BC58C599A.e.2214"}]}
COMMAND: POST /session/bb1834e335885f2b4fe4c5c01cc3b2b8/execute/sync - {"script":"<script> [5351 bytes]","args":[{"element-6066-11e4-a52e-4f735466cecf":"f.C3E96304196E694327087280E5B350FD.d.BF3B16EB820D9B3E2AAC787BC58C599A.e.2214","ELEMENT":"f.C3E96304196E694327087280E5B350FD.d.BF3B16EB820D9B3E2AAC787BC58C599A.e.2214"}]}
COMMAND: GET /session/bb1834e335885f2b4fe4c5c01cc3b2b8/screenshot - {}
RESULT: {}
RESULT: {"script":"<script> [5351 bytes]","args":[{"element-6066-11e4-a52e-4f735466cecf":"f.C3E96304196E694327087280E5B350FD.d.BF3B16EB820D9B3E2AAC787BC58C599A.e.2214","ELEMENT":"f.C3E96304196E694327087280E5B350FD.d.BF3B16EB820D9B3E2AAC787BC58C599A.e.2214"}]}
COMMAND: GET /session/bb1834e335885f2b4fe4c5c01cc3b2b8/screenshot - {}
RESULT: {}
RESULT: {}
COMMAND: POST /session/bb1834e335885f2b4fe4c5c01cc3b2b8/execute/async - {"script":"<script> [1562 bytes]","args":[{"selector":{"id":"application-managepartners-display-component---masterPtm--smartFilterBar-btnBasicSearch","interaction":{"idSuffix":"I"}},"wdio_ui5_key":"applicationmanagepartners-display-component---masterPtm--smartFilterBar-btnBasicSearch"}]}
RESULT: {"script":"<script> [1562 bytes]","args":[{"selector":{"id":"application-managepartners-display-component---masterPtm--smartFilterBar-btnBasicSearch","interaction":{"idSuffix":"I"}},"wdio_ui5_key":"applicationmanagepartners-display-component---masterPtm--smartFilterBar-btnBasicSearch"}]}
RESULT: undefined
COMMAND: POST /session/bb1834e335885f2b4fe4c5c01cc3b2b8/execute/async - {"script":"<script> [776 bytes]","args":[{"enterText":"1446","selector":{"id":"application-managepartners-display-component---masterPtm--smartFilterBar-btnBasicSearch","interaction":{"idSuffix":"I"}},"clearTextFirst":true,"interactionType":"ENTER_TEXT"}]}
RESULT: {"script":"<script> [776 bytes]","args":[{"enterText":"1446","selector":{"id":"application-managepartners-display-component---masterPtm--smartFilterBar-btnBasicSearch","interaction":{"idSuffix":"I"}},"clearTextFirst":true,"interactionType":"ENTER_TEXT"}]}
COMMAND: POST /session/bb1834e335885f2b4fe4c5c01cc3b2b8/actions - {"actions":[{"id":"action4","type":"key","parameters":{},"actions":[{"type":"keyDown","value":""},{"type":"pause","duration":10},{"type":"keyUp","value":""}]}]}
RESULT: {"actions":[{"id":"action4","type":"key","parameters":{},"actions":[{"type":"keyDown","value":""},{"type":"pause","duration":10},{"type":"keyUp","value":""}]}]}
COMMAND: GET /session/bb1834e335885f2b4fe4c5c01cc3b2b8/screenshot - {}
RESULT: {}
COMMAND: POST /session/bb1834e335885f2b4fe4c5c01cc3b2b8/elements - {"using":"xpath","value":"//table[contains(@id, \"customPartnersTable-listUl\")]/tbody/tr"}
RESULT: {"using":"xpath","value":"//table[contains(@id, \"customPartnersTable-listUl\")]/tbody/tr"}
COMMAND: POST /session/bb1834e335885f2b4fe4c5c01cc3b2b8/element - {"using":"xpath","value":"//table[contains(@id, \"customPartnersTable-listUl\")]/tbody/tr[1]/td[3]/span"}
RESULT: {"using":"xpath","value":"//table[contains(@id, \"customPartnersTable-listUl\")]/tbody/tr[1]/td[3]/span"}
COMMAND: POST /session/bb1834e335885f2b4fe4c5c01cc3b2b8/elements - {"using":"xpath","value":"//table[contains(@id, \"customPartnersTable-listUl\")]/tbody/tr[1]/td[3]/span"}
RESULT: {"using":"xpath","value":"//table[contains(@id, \"customPartnersTable-listUl\")]/tbody/tr[1]/td[3]/span"}
COMMAND: POST /session/bb1834e335885f2b4fe4c5c01cc3b2b8/execute/sync - {"script":"<script> [56 bytes]","args":[{"element-6066-11e4-a52e-4f735466cecf":"f.C3E96304196E694327087280E5B350FD.d.BF3B16EB820D9B3E2AAC787BC58C599A.e.2349","ELEMENT":"f.C3E96304196E694327087280E5B350FD.d.BF3B16EB820D9B3E2AAC787BC58C599A.e.2349"}]}
RESULT: {"script":"<script> [56 bytes]","args":[{"element-6066-11e4-a52e-4f735466cecf":"f.C3E96304196E694327087280E5B350FD.d.BF3B16EB820D9B3E2AAC787BC58C599A.e.2349","ELEMENT":"f.C3E96304196E694327087280E5B350FD.d.BF3B16EB820D9B3E2AAC787BC58C599A.e.2349"}]}
COMMAND: POST /session/bb1834e335885f2b4fe4c5c01cc3b2b8/element - {"using":"xpath","value":"//table[contains(@id, \"customPartnersTable-listUl\")]/tbody/tr[1]/td[7]/div/span"}
COMMAND: GET /session/bb1834e335885f2b4fe4c5c01cc3b2b8/screenshot - {}
RESULT: {"using":"xpath","value":"//table[contains(@id, \"customPartnersTable-listUl\")]/tbody/tr[1]/td[7]/div/span"}
COMMAND: POST /session/bb1834e335885f2b4fe4c5c01cc3b2b8/execute/sync - {"script":"<script> [56 bytes]","args":[{"element-6066-11e4-a52e-4f735466cecf":"f.C3E96304196E694327087280E5B350FD.d.BF3B16EB820D9B3E2AAC787BC58C599A.e.2350","ELEMENT":"f.C3E96304196E694327087280E5B350FD.d.BF3B16EB820D9B3E2AAC787BC58C599A.e.2350"}]}
RESULT: {}
RESULT: {"script":"<script> [56 bytes]","args":[{"element-6066-11e4-a52e-4f735466cecf":"f.C3E96304196E694327087280E5B350FD.d.BF3B16EB820D9B3E2AAC787BC58C599A.e.2350","ELEMENT":"f.C3E96304196E694327087280E5B350FD.d.BF3B16EB820D9B3E2AAC787BC58C599A.e.2350"}]}
COMMAND: POST /session/bb1834e335885f2b4fe4c5c01cc3b2b8/element - {"using":"xpath","value":"//table[contains(@id, \"customPartnersTable-listUl\")]/tbody/tr[1]/td[2]/div/div"}
COMMAND: GET /session/bb1834e335885f2b4fe4c5c01cc3b2b8/screenshot - {}
RESULT: {"using":"xpath","value":"//table[contains(@id, \"customPartnersTable-listUl\")]/tbody/tr[1]/td[2]/div/div"}
COMMAND: POST /session/bb1834e335885f2b4fe4c5c01cc3b2b8/element/f.C3E96304196E694327087280E5B350FD.d.BF3B16EB820D9B3E2AAC787BC58C599A.e.2351/click - {}
RESULT: {}
RESULT: {}
COMMAND: GET /session/bb1834e335885f2b4fe4c5c01cc3b2b8/screenshot - {}
RESULT: {}
COMMAND: POST /session/bb1834e335885f2b4fe4c5c01cc3b2b8/element - {"using":"xpath","value":"//bdi[contains(text(), \"Deactivate\")]"}
RESULT: {"using":"xpath","value":"//bdi[contains(text(), \"Deactivate\")]"}
COMMAND: POST /session/bb1834e335885f2b4fe4c5c01cc3b2b8/element/f.C3E96304196E694327087280E5B350FD.d.BF3B16EB820D9B3E2AAC787BC58C599A.e.2352/click - {}
RESULT: {}
COMMAND: GET /session/bb1834e335885f2b4fe4c5c01cc3b2b8/screenshot - {}
RESULT: {}
COMMAND: POST /session/bb1834e335885f2b4fe4c5c01cc3b2b8/element - {"using":"xpath","value":"//bdi[contains(text(), \"Yes\")]"}
RESULT: {"using":"xpath","value":"//bdi[contains(text(), \"Yes\")]"}
COMMAND: POST /session/bb1834e335885f2b4fe4c5c01cc3b2b8/element/f.C3E96304196E694327087280E5B350FD.d.BF3B16EB820D9B3E2AAC787BC58C599A.e.2354/click - {}
RESULT: {}
COMMAND: GET /session/bb1834e335885f2b4fe4c5c01cc3b2b8/screenshot - {}
RESULT: {}
COMMAND: POST /session/bb1834e335885f2b4fe4c5c01cc3b2b8/element - {"using":"xpath","value":"//table[contains(@id, \"customPartnersTable-listUl\")]/tbody/tr[1]/td[7]/div/span"}
RESULT: {"using":"xpath","value":"//table[contains(@id, \"customPartnersTable-listUl\")]/tbody/tr[1]/td[7]/div/span"}
COMMAND: POST /session/bb1834e335885f2b4fe4c5c01cc3b2b8/execute/sync - {"script":"<script> [56 bytes]","args":[{"element-6066-11e4-a52e-4f735466cecf":"f.C3E96304196E694327087280E5B350FD.d.BF3B16EB820D9B3E2AAC787BC58C599A.e.2350","ELEMENT":"f.C3E96304196E694327087280E5B350FD.d.BF3B16EB820D9B3E2AAC787BC58C599A.e.2350"}]}
RESULT: {"script":"<script> [56 bytes]","args":[{"element-6066-11e4-a52e-4f735466cecf":"f.C3E96304196E694327087280E5B350FD.d.BF3B16EB820D9B3E2AAC787BC58C599A.e.2350","ELEMENT":"f.C3E96304196E694327087280E5B350FD.d.BF3B16EB820D9B3E2AAC787BC58C599A.e.2350"}]}
COMMAND: GET /session/bb1834e335885f2b4fe4c5c01cc3b2b8/screenshot - {}
RESULT: {}
COMMAND: POST /session/bb1834e335885f2b4fe4c5c01cc3b2b8/element - {"using":"css selector","value":"#shell-header-logo"}
RESULT: {"using":"css selector","value":"#shell-header-logo"}
COMMAND: POST /session/bb1834e335885f2b4fe4c5c01cc3b2b8/element/f.C3E96304196E694327087280E5B350FD.d.BF3B16EB820D9B3E2AAC787BC58C599A.e.2168/click - {}
RESULT: {}
COMMAND: GET /session/bb1834e335885f2b4fe4c5c01cc3b2b8/screenshot - {}
RESULT: {}
]]></system-out>
    </testcase>
    <testcase classname="chrome.136_0_7103_93.windows.Partner_specific_tests_US150819_US151080_US151654_US151176_US103444_US151078_US151079_US151109_US151174_US151175_US151189" name="Should activate the created partner again US151176" time="61.945">
      <system-out><![CDATA[
COMMAND: POST /session/bb1834e335885f2b4fe4c5c01cc3b2b8/element - {"using":"xpath","value":"//li[.//span[text()=\"Manage Partners\"]]"}
RESULT: {"using":"xpath","value":"//li[.//span[text()=\"Manage Partners\"]]"}
COMMAND: POST /session/bb1834e335885f2b4fe4c5c01cc3b2b8/element - {"using":"xpath","value":"//li[.//span[text()=\"Manage Partners\"]]"}
RESULT: {"using":"xpath","value":"//li[.//span[text()=\"Manage Partners\"]]"}
COMMAND: POST /session/bb1834e335885f2b4fe4c5c01cc3b2b8/element - {"using":"css selector","value":"#shell-header-logo"}
RESULT: {"using":"css selector","value":"#shell-header-logo"}
COMMAND: POST /session/bb1834e335885f2b4fe4c5c01cc3b2b8/element/f.C3E96304196E694327087280E5B350FD.d.BF3B16EB820D9B3E2AAC787BC58C599A.e.2358/click - {}
COMMAND: POST /session/bb1834e335885f2b4fe4c5c01cc3b2b8/execute/sync - {"script":"<script> [8489 bytes]","args":[{"element-6066-11e4-a52e-4f735466cecf":"f.C3E96304196E694327087280E5B350FD.d.BF3B16EB820D9B3E2AAC787BC58C599A.e.2358","ELEMENT":"f.C3E96304196E694327087280E5B350FD.d.BF3B16EB820D9B3E2AAC787BC58C599A.e.2358"}]}
RESULT: {}
COMMAND: GET /session/bb1834e335885f2b4fe4c5c01cc3b2b8/screenshot - {}
RESULT: {"script":"<script> [8489 bytes]","args":[{"element-6066-11e4-a52e-4f735466cecf":"f.C3E96304196E694327087280E5B350FD.d.BF3B16EB820D9B3E2AAC787BC58C599A.e.2358","ELEMENT":"f.C3E96304196E694327087280E5B350FD.d.BF3B16EB820D9B3E2AAC787BC58C599A.e.2358"}]}
COMMAND: POST /session/bb1834e335885f2b4fe4c5c01cc3b2b8/execute/sync - {"script":"<script> [5351 bytes]","args":[{"element-6066-11e4-a52e-4f735466cecf":"f.C3E96304196E694327087280E5B350FD.d.BF3B16EB820D9B3E2AAC787BC58C599A.e.2358","ELEMENT":"f.C3E96304196E694327087280E5B350FD.d.BF3B16EB820D9B3E2AAC787BC58C599A.e.2358"}]}
COMMAND: GET /session/bb1834e335885f2b4fe4c5c01cc3b2b8/screenshot - {}
RESULT: {}
RESULT: {"script":"<script> [5351 bytes]","args":[{"element-6066-11e4-a52e-4f735466cecf":"f.C3E96304196E694327087280E5B350FD.d.BF3B16EB820D9B3E2AAC787BC58C599A.e.2358","ELEMENT":"f.C3E96304196E694327087280E5B350FD.d.BF3B16EB820D9B3E2AAC787BC58C599A.e.2358"}]}
COMMAND: GET /session/bb1834e335885f2b4fe4c5c01cc3b2b8/screenshot - {}
RESULT: {}
RESULT: {}
RESULT: undefined
COMMAND: POST /session/bb1834e335885f2b4fe4c5c01cc3b2b8/element - {"using":"xpath","value":"//*[@id=\"__tile38\"]"}
RESULT: {"using":"xpath","value":"//*[@id=\"__tile38\"]"}
COMMAND: POST /session/bb1834e335885f2b4fe4c5c01cc3b2b8/element/f.C3E96304196E694327087280E5B350FD.d.BF3B16EB820D9B3E2AAC787BC58C599A.e.153/click - {}
RESULT: {}
COMMAND: GET /session/bb1834e335885f2b4fe4c5c01cc3b2b8/screenshot - {}
RESULT: {}
COMMAND: POST /session/bb1834e335885f2b4fe4c5c01cc3b2b8/elements - {"using":"xpath","value":"//span[text()='Error']"}
RESULT: {"using":"xpath","value":"//span[text()='Error']"}
COMMAND: POST /session/bb1834e335885f2b4fe4c5c01cc3b2b8/element - {"using":"xpath","value":"//button[@data-kt=\"addButton\"]"}
RESULT: {"using":"xpath","value":"//button[@data-kt=\"addButton\"]"}
COMMAND: POST /session/bb1834e335885f2b4fe4c5c01cc3b2b8/elements - {"using":"xpath","value":"//button[@data-kt=\"addButton\"]"}
RESULT: {"using":"xpath","value":"//button[@data-kt=\"addButton\"]"}
COMMAND: POST /session/bb1834e335885f2b4fe4c5c01cc3b2b8/execute/sync - {"script":"<script> [8489 bytes]","args":[{"element-6066-11e4-a52e-4f735466cecf":"f.C3E96304196E694327087280E5B350FD.d.BF3B16EB820D9B3E2AAC787BC58C599A.e.2404","ELEMENT":"f.C3E96304196E694327087280E5B350FD.d.BF3B16EB820D9B3E2AAC787BC58C599A.e.2404"}]}
RESULT: {"script":"<script> [8489 bytes]","args":[{"element-6066-11e4-a52e-4f735466cecf":"f.C3E96304196E694327087280E5B350FD.d.BF3B16EB820D9B3E2AAC787BC58C599A.e.2404","ELEMENT":"f.C3E96304196E694327087280E5B350FD.d.BF3B16EB820D9B3E2AAC787BC58C599A.e.2404"}]}
COMMAND: GET /session/bb1834e335885f2b4fe4c5c01cc3b2b8/element/f.C3E96304196E694327087280E5B350FD.d.BF3B16EB820D9B3E2AAC787BC58C599A.e.2404/enabled - {}
COMMAND: GET /session/bb1834e335885f2b4fe4c5c01cc3b2b8/screenshot - {}
RESULT: {}
COMMAND: POST /session/bb1834e335885f2b4fe4c5c01cc3b2b8/execute/sync - {"script":"<script> [8489 bytes]","args":[{"element-6066-11e4-a52e-4f735466cecf":"f.C3E96304196E694327087280E5B350FD.d.BF3B16EB820D9B3E2AAC787BC58C599A.e.2404","ELEMENT":"f.C3E96304196E694327087280E5B350FD.d.BF3B16EB820D9B3E2AAC787BC58C599A.e.2404"}]}
COMMAND: GET /session/bb1834e335885f2b4fe4c5c01cc3b2b8/screenshot - {}
RESULT: {}
RESULT: {"script":"<script> [8489 bytes]","args":[{"element-6066-11e4-a52e-4f735466cecf":"f.C3E96304196E694327087280E5B350FD.d.BF3B16EB820D9B3E2AAC787BC58C599A.e.2404","ELEMENT":"f.C3E96304196E694327087280E5B350FD.d.BF3B16EB820D9B3E2AAC787BC58C599A.e.2404"}]}
COMMAND: POST /session/bb1834e335885f2b4fe4c5c01cc3b2b8/execute/sync - {"script":"<script> [5351 bytes]","args":[{"element-6066-11e4-a52e-4f735466cecf":"f.C3E96304196E694327087280E5B350FD.d.BF3B16EB820D9B3E2AAC787BC58C599A.e.2404","ELEMENT":"f.C3E96304196E694327087280E5B350FD.d.BF3B16EB820D9B3E2AAC787BC58C599A.e.2404"}]}
COMMAND: GET /session/bb1834e335885f2b4fe4c5c01cc3b2b8/screenshot - {}
RESULT: {}
RESULT: {"script":"<script> [5351 bytes]","args":[{"element-6066-11e4-a52e-4f735466cecf":"f.C3E96304196E694327087280E5B350FD.d.BF3B16EB820D9B3E2AAC787BC58C599A.e.2404","ELEMENT":"f.C3E96304196E694327087280E5B350FD.d.BF3B16EB820D9B3E2AAC787BC58C599A.e.2404"}]}
COMMAND: GET /session/bb1834e335885f2b4fe4c5c01cc3b2b8/screenshot - {}
RESULT: {}
RESULT: {}
RESULT: undefined
COMMAND: POST /session/bb1834e335885f2b4fe4c5c01cc3b2b8/execute/async - {"script":"<script> [776 bytes]","args":[{"enterText":"1446","selector":{"id":"application-managepartners-display-component---masterPtm--smartFilterBar-btnBasicSearch","interaction":{"idSuffix":"I"}},"clearTextFirst":true,"interactionType":"ENTER_TEXT"}]}
RESULT: {"script":"<script> [776 bytes]","args":[{"enterText":"1446","selector":{"id":"application-managepartners-display-component---masterPtm--smartFilterBar-btnBasicSearch","interaction":{"idSuffix":"I"}},"clearTextFirst":true,"interactionType":"ENTER_TEXT"}]}
COMMAND: POST /session/bb1834e335885f2b4fe4c5c01cc3b2b8/actions - {"actions":[{"id":"action5","type":"key","parameters":{},"actions":[{"type":"keyDown","value":""},{"type":"pause","duration":10},{"type":"keyUp","value":""}]}]}
RESULT: {"actions":[{"id":"action5","type":"key","parameters":{},"actions":[{"type":"keyDown","value":""},{"type":"pause","duration":10},{"type":"keyUp","value":""}]}]}
COMMAND: GET /session/bb1834e335885f2b4fe4c5c01cc3b2b8/screenshot - {}
RESULT: {}
COMMAND: POST /session/bb1834e335885f2b4fe4c5c01cc3b2b8/elements - {"using":"xpath","value":"//table[contains(@id, \"customPartnersTable-listUl\")]/tbody/tr"}
RESULT: {"using":"xpath","value":"//table[contains(@id, \"customPartnersTable-listUl\")]/tbody/tr"}
COMMAND: POST /session/bb1834e335885f2b4fe4c5c01cc3b2b8/element - {"using":"xpath","value":"//table[contains(@id, \"customPartnersTable-listUl\")]/tbody/tr[1]/td[3]/span"}
RESULT: {"using":"xpath","value":"//table[contains(@id, \"customPartnersTable-listUl\")]/tbody/tr[1]/td[3]/span"}
COMMAND: POST /session/bb1834e335885f2b4fe4c5c01cc3b2b8/elements - {"using":"xpath","value":"//table[contains(@id, \"customPartnersTable-listUl\")]/tbody/tr[1]/td[3]/span"}
RESULT: {"using":"xpath","value":"//table[contains(@id, \"customPartnersTable-listUl\")]/tbody/tr[1]/td[3]/span"}
COMMAND: POST /session/bb1834e335885f2b4fe4c5c01cc3b2b8/execute/sync - {"script":"<script> [56 bytes]","args":[{"element-6066-11e4-a52e-4f735466cecf":"f.C3E96304196E694327087280E5B350FD.d.BF3B16EB820D9B3E2AAC787BC58C599A.e.2537","ELEMENT":"f.C3E96304196E694327087280E5B350FD.d.BF3B16EB820D9B3E2AAC787BC58C599A.e.2537"}]}
RESULT: {"script":"<script> [56 bytes]","args":[{"element-6066-11e4-a52e-4f735466cecf":"f.C3E96304196E694327087280E5B350FD.d.BF3B16EB820D9B3E2AAC787BC58C599A.e.2537","ELEMENT":"f.C3E96304196E694327087280E5B350FD.d.BF3B16EB820D9B3E2AAC787BC58C599A.e.2537"}]}
COMMAND: POST /session/bb1834e335885f2b4fe4c5c01cc3b2b8/element - {"using":"xpath","value":"//table[contains(@id, \"customPartnersTable-listUl\")]/tbody/tr[1]/td[7]/div/span"}
COMMAND: GET /session/bb1834e335885f2b4fe4c5c01cc3b2b8/screenshot - {}
RESULT: {"using":"xpath","value":"//table[contains(@id, \"customPartnersTable-listUl\")]/tbody/tr[1]/td[7]/div/span"}
COMMAND: POST /session/bb1834e335885f2b4fe4c5c01cc3b2b8/execute/sync - {"script":"<script> [56 bytes]","args":[{"element-6066-11e4-a52e-4f735466cecf":"f.C3E96304196E694327087280E5B350FD.d.BF3B16EB820D9B3E2AAC787BC58C599A.e.2538","ELEMENT":"f.C3E96304196E694327087280E5B350FD.d.BF3B16EB820D9B3E2AAC787BC58C599A.e.2538"}]}
RESULT: {}
RESULT: {"script":"<script> [56 bytes]","args":[{"element-6066-11e4-a52e-4f735466cecf":"f.C3E96304196E694327087280E5B350FD.d.BF3B16EB820D9B3E2AAC787BC58C599A.e.2538","ELEMENT":"f.C3E96304196E694327087280E5B350FD.d.BF3B16EB820D9B3E2AAC787BC58C599A.e.2538"}]}
COMMAND: POST /session/bb1834e335885f2b4fe4c5c01cc3b2b8/element - {"using":"xpath","value":"//table[contains(@id, \"customPartnersTable-listUl\")]/tbody/tr[1]/td[2]/div/div"}
COMMAND: GET /session/bb1834e335885f2b4fe4c5c01cc3b2b8/screenshot - {}
RESULT: {"using":"xpath","value":"//table[contains(@id, \"customPartnersTable-listUl\")]/tbody/tr[1]/td[2]/div/div"}
COMMAND: POST /session/bb1834e335885f2b4fe4c5c01cc3b2b8/element/f.C3E96304196E694327087280E5B350FD.d.BF3B16EB820D9B3E2AAC787BC58C599A.e.2539/click - {}
RESULT: {}
RESULT: {}
COMMAND: GET /session/bb1834e335885f2b4fe4c5c01cc3b2b8/screenshot - {}
RESULT: {}
COMMAND: POST /session/bb1834e335885f2b4fe4c5c01cc3b2b8/element - {"using":"xpath","value":"//bdi[contains(text(), \"Activate\")]"}
RESULT: {"using":"xpath","value":"//bdi[contains(text(), \"Activate\")]"}
COMMAND: POST /session/bb1834e335885f2b4fe4c5c01cc3b2b8/element/f.C3E96304196E694327087280E5B350FD.d.BF3B16EB820D9B3E2AAC787BC58C599A.e.2540/click - {}
RESULT: {}
COMMAND: GET /session/bb1834e335885f2b4fe4c5c01cc3b2b8/screenshot - {}
RESULT: {}
COMMAND: POST /session/bb1834e335885f2b4fe4c5c01cc3b2b8/element - {"using":"xpath","value":"//bdi[contains(text(), \"Yes\")]"}
RESULT: {"using":"xpath","value":"//bdi[contains(text(), \"Yes\")]"}
COMMAND: POST /session/bb1834e335885f2b4fe4c5c01cc3b2b8/element/f.C3E96304196E694327087280E5B350FD.d.BF3B16EB820D9B3E2AAC787BC58C599A.e.2543/click - {}
RESULT: {}
COMMAND: GET /session/bb1834e335885f2b4fe4c5c01cc3b2b8/screenshot - {}
RESULT: {}
COMMAND: POST /session/bb1834e335885f2b4fe4c5c01cc3b2b8/element - {"using":"xpath","value":"//table[contains(@id, \"customPartnersTable-listUl\")]/tbody/tr[1]/td[7]/div/span"}
RESULT: {"using":"xpath","value":"//table[contains(@id, \"customPartnersTable-listUl\")]/tbody/tr[1]/td[7]/div/span"}
COMMAND: POST /session/bb1834e335885f2b4fe4c5c01cc3b2b8/execute/sync - {"script":"<script> [56 bytes]","args":[{"element-6066-11e4-a52e-4f735466cecf":"f.C3E96304196E694327087280E5B350FD.d.BF3B16EB820D9B3E2AAC787BC58C599A.e.2538","ELEMENT":"f.C3E96304196E694327087280E5B350FD.d.BF3B16EB820D9B3E2AAC787BC58C599A.e.2538"}]}
RESULT: {"script":"<script> [56 bytes]","args":[{"element-6066-11e4-a52e-4f735466cecf":"f.C3E96304196E694327087280E5B350FD.d.BF3B16EB820D9B3E2AAC787BC58C599A.e.2538","ELEMENT":"f.C3E96304196E694327087280E5B350FD.d.BF3B16EB820D9B3E2AAC787BC58C599A.e.2538"}]}
COMMAND: GET /session/bb1834e335885f2b4fe4c5c01cc3b2b8/screenshot - {}
RESULT: {}
COMMAND: POST /session/bb1834e335885f2b4fe4c5c01cc3b2b8/element - {"using":"css selector","value":"#shell-header-logo"}
RESULT: {"using":"css selector","value":"#shell-header-logo"}
COMMAND: POST /session/bb1834e335885f2b4fe4c5c01cc3b2b8/element/f.C3E96304196E694327087280E5B350FD.d.BF3B16EB820D9B3E2AAC787BC58C599A.e.2358/click - {}
RESULT: {}
COMMAND: GET /session/bb1834e335885f2b4fe4c5c01cc3b2b8/screenshot - {}
RESULT: {}
]]></system-out>
    </testcase>
    <testcase classname="chrome.136_0_7103_93.windows.Partner_specific_tests_US150819_US151080_US151654_US151176_US103444_US151078_US151079_US151109_US151174_US151175_US151189" name="Should edit the created external partner and save it and check its content US103444" time="80.888">
      <system-out><![CDATA[
COMMAND: POST /session/bb1834e335885f2b4fe4c5c01cc3b2b8/element - {"using":"xpath","value":"//li[.//span[text()=\"Manage Partners\"]]"}
RESULT: {"using":"xpath","value":"//li[.//span[text()=\"Manage Partners\"]]"}
COMMAND: POST /session/bb1834e335885f2b4fe4c5c01cc3b2b8/element - {"using":"xpath","value":"//li[.//span[text()=\"Manage Partners\"]]"}
RESULT: {"using":"xpath","value":"//li[.//span[text()=\"Manage Partners\"]]"}
COMMAND: POST /session/bb1834e335885f2b4fe4c5c01cc3b2b8/element - {"using":"css selector","value":"#shell-header-logo"}
RESULT: {"using":"css selector","value":"#shell-header-logo"}
COMMAND: POST /session/bb1834e335885f2b4fe4c5c01cc3b2b8/element/f.C3E96304196E694327087280E5B350FD.d.BF3B16EB820D9B3E2AAC787BC58C599A.e.2546/click - {}
COMMAND: POST /session/bb1834e335885f2b4fe4c5c01cc3b2b8/execute/sync - {"script":"<script> [8489 bytes]","args":[{"element-6066-11e4-a52e-4f735466cecf":"f.C3E96304196E694327087280E5B350FD.d.BF3B16EB820D9B3E2AAC787BC58C599A.e.2546","ELEMENT":"f.C3E96304196E694327087280E5B350FD.d.BF3B16EB820D9B3E2AAC787BC58C599A.e.2546"}]}
RESULT: {"script":"<script> [8489 bytes]","args":[{"element-6066-11e4-a52e-4f735466cecf":"f.C3E96304196E694327087280E5B350FD.d.BF3B16EB820D9B3E2AAC787BC58C599A.e.2546","ELEMENT":"f.C3E96304196E694327087280E5B350FD.d.BF3B16EB820D9B3E2AAC787BC58C599A.e.2546"}]}
COMMAND: POST /session/bb1834e335885f2b4fe4c5c01cc3b2b8/execute/sync - {"script":"<script> [5351 bytes]","args":[{"element-6066-11e4-a52e-4f735466cecf":"f.C3E96304196E694327087280E5B350FD.d.BF3B16EB820D9B3E2AAC787BC58C599A.e.2546","ELEMENT":"f.C3E96304196E694327087280E5B350FD.d.BF3B16EB820D9B3E2AAC787BC58C599A.e.2546"}]}
COMMAND: GET /session/bb1834e335885f2b4fe4c5c01cc3b2b8/screenshot - {}
RESULT: {}
COMMAND: GET /session/bb1834e335885f2b4fe4c5c01cc3b2b8/screenshot - {}
RESULT: {"script":"<script> [5351 bytes]","args":[{"element-6066-11e4-a52e-4f735466cecf":"f.C3E96304196E694327087280E5B350FD.d.BF3B16EB820D9B3E2AAC787BC58C599A.e.2546","ELEMENT":"f.C3E96304196E694327087280E5B350FD.d.BF3B16EB820D9B3E2AAC787BC58C599A.e.2546"}]}
COMMAND: GET /session/bb1834e335885f2b4fe4c5c01cc3b2b8/screenshot - {}
RESULT: {}
RESULT: {}
RESULT: {}
RESULT: undefined
COMMAND: POST /session/bb1834e335885f2b4fe4c5c01cc3b2b8/element - {"using":"xpath","value":"//*[@id=\"__tile38\"]"}
RESULT: {"using":"xpath","value":"//*[@id=\"__tile38\"]"}
COMMAND: POST /session/bb1834e335885f2b4fe4c5c01cc3b2b8/element/f.C3E96304196E694327087280E5B350FD.d.BF3B16EB820D9B3E2AAC787BC58C599A.e.153/click - {}
RESULT: {}
COMMAND: GET /session/bb1834e335885f2b4fe4c5c01cc3b2b8/screenshot - {}
RESULT: {}
COMMAND: POST /session/bb1834e335885f2b4fe4c5c01cc3b2b8/elements - {"using":"xpath","value":"//span[text()='Error']"}
RESULT: {"using":"xpath","value":"//span[text()='Error']"}
COMMAND: POST /session/bb1834e335885f2b4fe4c5c01cc3b2b8/element - {"using":"xpath","value":"//button[@data-kt=\"addButton\"]"}
RESULT: {"using":"xpath","value":"//button[@data-kt=\"addButton\"]"}
COMMAND: POST /session/bb1834e335885f2b4fe4c5c01cc3b2b8/elements - {"using":"xpath","value":"//button[@data-kt=\"addButton\"]"}
RESULT: {"using":"xpath","value":"//button[@data-kt=\"addButton\"]"}
COMMAND: POST /session/bb1834e335885f2b4fe4c5c01cc3b2b8/execute/sync - {"script":"<script> [8489 bytes]","args":[{"element-6066-11e4-a52e-4f735466cecf":"f.C3E96304196E694327087280E5B350FD.d.BF3B16EB820D9B3E2AAC787BC58C599A.e.2591","ELEMENT":"f.C3E96304196E694327087280E5B350FD.d.BF3B16EB820D9B3E2AAC787BC58C599A.e.2591"}]}
RESULT: {"script":"<script> [8489 bytes]","args":[{"element-6066-11e4-a52e-4f735466cecf":"f.C3E96304196E694327087280E5B350FD.d.BF3B16EB820D9B3E2AAC787BC58C599A.e.2591","ELEMENT":"f.C3E96304196E694327087280E5B350FD.d.BF3B16EB820D9B3E2AAC787BC58C599A.e.2591"}]}
COMMAND: GET /session/bb1834e335885f2b4fe4c5c01cc3b2b8/element/f.C3E96304196E694327087280E5B350FD.d.BF3B16EB820D9B3E2AAC787BC58C599A.e.2591/enabled - {}
COMMAND: GET /session/bb1834e335885f2b4fe4c5c01cc3b2b8/screenshot - {}
RESULT: {}
COMMAND: POST /session/bb1834e335885f2b4fe4c5c01cc3b2b8/execute/sync - {"script":"<script> [8489 bytes]","args":[{"element-6066-11e4-a52e-4f735466cecf":"f.C3E96304196E694327087280E5B350FD.d.BF3B16EB820D9B3E2AAC787BC58C599A.e.2591","ELEMENT":"f.C3E96304196E694327087280E5B350FD.d.BF3B16EB820D9B3E2AAC787BC58C599A.e.2591"}]}
COMMAND: GET /session/bb1834e335885f2b4fe4c5c01cc3b2b8/screenshot - {}
RESULT: {}
RESULT: {"script":"<script> [8489 bytes]","args":[{"element-6066-11e4-a52e-4f735466cecf":"f.C3E96304196E694327087280E5B350FD.d.BF3B16EB820D9B3E2AAC787BC58C599A.e.2591","ELEMENT":"f.C3E96304196E694327087280E5B350FD.d.BF3B16EB820D9B3E2AAC787BC58C599A.e.2591"}]}
COMMAND: POST /session/bb1834e335885f2b4fe4c5c01cc3b2b8/execute/sync - {"script":"<script> [5351 bytes]","args":[{"element-6066-11e4-a52e-4f735466cecf":"f.C3E96304196E694327087280E5B350FD.d.BF3B16EB820D9B3E2AAC787BC58C599A.e.2591","ELEMENT":"f.C3E96304196E694327087280E5B350FD.d.BF3B16EB820D9B3E2AAC787BC58C599A.e.2591"}]}
COMMAND: GET /session/bb1834e335885f2b4fe4c5c01cc3b2b8/screenshot - {}
RESULT: {}
RESULT: {"script":"<script> [5351 bytes]","args":[{"element-6066-11e4-a52e-4f735466cecf":"f.C3E96304196E694327087280E5B350FD.d.BF3B16EB820D9B3E2AAC787BC58C599A.e.2591","ELEMENT":"f.C3E96304196E694327087280E5B350FD.d.BF3B16EB820D9B3E2AAC787BC58C599A.e.2591"}]}
COMMAND: GET /session/bb1834e335885f2b4fe4c5c01cc3b2b8/screenshot - {}
RESULT: {}
RESULT: {}
RESULT: undefined
COMMAND: POST /session/bb1834e335885f2b4fe4c5c01cc3b2b8/execute/async - {"script":"<script> [776 bytes]","args":[{"enterText":"1446","selector":{"id":"application-managepartners-display-component---masterPtm--smartFilterBar-btnBasicSearch","interaction":{"idSuffix":"I"}},"clearTextFirst":true,"interactionType":"ENTER_TEXT"}]}
RESULT: {"script":"<script> [776 bytes]","args":[{"enterText":"1446","selector":{"id":"application-managepartners-display-component---masterPtm--smartFilterBar-btnBasicSearch","interaction":{"idSuffix":"I"}},"clearTextFirst":true,"interactionType":"ENTER_TEXT"}]}
COMMAND: POST /session/bb1834e335885f2b4fe4c5c01cc3b2b8/actions - {"actions":[{"id":"action6","type":"key","parameters":{},"actions":[{"type":"keyDown","value":""},{"type":"pause","duration":10},{"type":"keyUp","value":""}]}]}
RESULT: {"actions":[{"id":"action6","type":"key","parameters":{},"actions":[{"type":"keyDown","value":""},{"type":"pause","duration":10},{"type":"keyUp","value":""}]}]}
COMMAND: GET /session/bb1834e335885f2b4fe4c5c01cc3b2b8/screenshot - {}
RESULT: {}
COMMAND: POST /session/bb1834e335885f2b4fe4c5c01cc3b2b8/elements - {"using":"xpath","value":"//table[contains(@id, \"customPartnersTable-listUl\")]/tbody/tr"}
RESULT: {"using":"xpath","value":"//table[contains(@id, \"customPartnersTable-listUl\")]/tbody/tr"}
COMMAND: POST /session/bb1834e335885f2b4fe4c5c01cc3b2b8/element - {"using":"xpath","value":"//table[contains(@id, \"customPartnersTable-listUl\")]/tbody/tr[1]/td[3]/span"}
RESULT: {"using":"xpath","value":"//table[contains(@id, \"customPartnersTable-listUl\")]/tbody/tr[1]/td[3]/span"}
COMMAND: POST /session/bb1834e335885f2b4fe4c5c01cc3b2b8/elements - {"using":"xpath","value":"//table[contains(@id, \"customPartnersTable-listUl\")]/tbody/tr[1]/td[3]/span"}
RESULT: {"using":"xpath","value":"//table[contains(@id, \"customPartnersTable-listUl\")]/tbody/tr[1]/td[3]/span"}
COMMAND: POST /session/bb1834e335885f2b4fe4c5c01cc3b2b8/execute/sync - {"script":"<script> [56 bytes]","args":[{"element-6066-11e4-a52e-4f735466cecf":"f.C3E96304196E694327087280E5B350FD.d.BF3B16EB820D9B3E2AAC787BC58C599A.e.2725","ELEMENT":"f.C3E96304196E694327087280E5B350FD.d.BF3B16EB820D9B3E2AAC787BC58C599A.e.2725"}]}
RESULT: {"script":"<script> [56 bytes]","args":[{"element-6066-11e4-a52e-4f735466cecf":"f.C3E96304196E694327087280E5B350FD.d.BF3B16EB820D9B3E2AAC787BC58C599A.e.2725","ELEMENT":"f.C3E96304196E694327087280E5B350FD.d.BF3B16EB820D9B3E2AAC787BC58C599A.e.2725"}]}
COMMAND: POST /session/bb1834e335885f2b4fe4c5c01cc3b2b8/element - {"using":"xpath","value":"(//span[contains(@id, \"imgNav\")])[1]"}
COMMAND: GET /session/bb1834e335885f2b4fe4c5c01cc3b2b8/screenshot - {}
RESULT: {"using":"xpath","value":"(//span[contains(@id, \"imgNav\")])[1]"}
COMMAND: POST /session/bb1834e335885f2b4fe4c5c01cc3b2b8/element/f.C3E96304196E694327087280E5B350FD.d.BF3B16EB820D9B3E2AAC787BC58C599A.e.2723/click - {}
RESULT: {}
RESULT: {}
COMMAND: GET /session/bb1834e335885f2b4fe4c5c01cc3b2b8/screenshot - {}
COMMAND: POST /session/bb1834e335885f2b4fe4c5c01cc3b2b8/element - {"using":"xpath","value":"//bdi[contains(text(), \"Edit\")]"}
RESULT: {}
RESULT: {"using":"xpath","value":"//bdi[contains(text(), \"Edit\")]"}
COMMAND: POST /session/bb1834e335885f2b4fe4c5c01cc3b2b8/element/f.C3E96304196E694327087280E5B350FD.d.BF3B16EB820D9B3E2AAC787BC58C599A.e.2863/click - {}
RESULT: {}
COMMAND: GET /session/bb1834e335885f2b4fe4c5c01cc3b2b8/screenshot - {}
RESULT: {}
COMMAND: POST /session/bb1834e335885f2b4fe4c5c01cc3b2b8/execute/async - {"script":"<script> [1562 bytes]","args":[{"selector":{"controlType":"sap.m.Input","viewName":"etm.portal.ui.managepartners.view.EditDetail","labelFor":{"text":"Name"},"interaction":{"idSuffix":"inner"}},"wdio_ui5_key":"etmportal.ui.managepartners.view.EditDetailsap.m.Input{\"text\":\"Name\"}"}]}
RESULT: {"script":"<script> [1562 bytes]","args":[{"selector":{"controlType":"sap.m.Input","viewName":"etm.portal.ui.managepartners.view.EditDetail","labelFor":{"text":"Name"},"interaction":{"idSuffix":"inner"}},"wdio_ui5_key":"etmportal.ui.managepartners.view.EditDetailsap.m.Input{\"text\":\"Name\"}"}]}
RESULT: undefined
COMMAND: POST /session/bb1834e335885f2b4fe4c5c01cc3b2b8/execute/async - {"script":"<script> [776 bytes]","args":[{"enterText":"External EDIT","selector":{"controlType":"sap.m.Input","viewName":"etm.portal.ui.managepartners.view.EditDetail","labelFor":{"text":"Name"},"interaction":{"idSuffix":"inner"}},"clearTextFirst":true,"interactionType":"ENTER_TEXT"}]}
RESULT: {"script":"<script> [776 bytes]","args":[{"enterText":"External EDIT","selector":{"controlType":"sap.m.Input","viewName":"etm.portal.ui.managepartners.view.EditDetail","labelFor":{"text":"Name"},"interaction":{"idSuffix":"inner"}},"clearTextFirst":true,"interactionType":"ENTER_TEXT"}]}
COMMAND: POST /session/bb1834e335885f2b4fe4c5c01cc3b2b8/element - {"using":"xpath","value":"(//span[contains(@id,\"addressDetailDetailsLanguage-arrow\")])[1]"}
RESULT: {"using":"xpath","value":"(//span[contains(@id,\"addressDetailDetailsLanguage-arrow\")])[1]"}
COMMAND: POST /session/bb1834e335885f2b4fe4c5c01cc3b2b8/element/f.C3E96304196E694327087280E5B350FD.d.BF3B16EB820D9B3E2AAC787BC58C599A.e.2939/click - {}
RESULT: {}
COMMAND: POST /session/bb1834e335885f2b4fe4c5c01cc3b2b8/element - {"using":"xpath","value":"//span[contains(text(), \"Chinese\")]"}
COMMAND: GET /session/bb1834e335885f2b4fe4c5c01cc3b2b8/screenshot - {}
RESULT: {"using":"xpath","value":"//span[contains(text(), \"Chinese\")]"}
COMMAND: POST /session/bb1834e335885f2b4fe4c5c01cc3b2b8/element/f.C3E96304196E694327087280E5B350FD.d.BF3B16EB820D9B3E2AAC787BC58C599A.e.2940/click - {}
RESULT: {}
RESULT: {}
COMMAND: GET /session/bb1834e335885f2b4fe4c5c01cc3b2b8/screenshot - {}
RESULT: {}
COMMAND: POST /session/bb1834e335885f2b4fe4c5c01cc3b2b8/execute/async - {"script":"<script> [1562 bytes]","args":[{"selector":{"controlType":"sap.m.Input","viewName":"etm.portal.ui.managepartners.view.EditDetail","labelFor":{"text":"City"},"interaction":{"idSuffix":"inner"}},"wdio_ui5_key":"etmportal.ui.managepartners.view.EditDetailsap.m.Input{\"text\":\"City\"}"}]}
RESULT: {"script":"<script> [1562 bytes]","args":[{"selector":{"controlType":"sap.m.Input","viewName":"etm.portal.ui.managepartners.view.EditDetail","labelFor":{"text":"City"},"interaction":{"idSuffix":"inner"}},"wdio_ui5_key":"etmportal.ui.managepartners.view.EditDetailsap.m.Input{\"text\":\"City\"}"}]}
RESULT: undefined
COMMAND: POST /session/bb1834e335885f2b4fe4c5c01cc3b2b8/execute/async - {"script":"<script> [776 bytes]","args":[{"enterText":"Clooj-Napoca","selector":{"controlType":"sap.m.Input","viewName":"etm.portal.ui.managepartners.view.EditDetail","labelFor":{"text":"City"},"interaction":{"idSuffix":"inner"}},"clearTextFirst":true,"interactionType":"ENTER_TEXT"}]}
RESULT: {"script":"<script> [776 bytes]","args":[{"enterText":"Clooj-Napoca","selector":{"controlType":"sap.m.Input","viewName":"etm.portal.ui.managepartners.view.EditDetail","labelFor":{"text":"City"},"interaction":{"idSuffix":"inner"}},"clearTextFirst":true,"interactionType":"ENTER_TEXT"}]}
COMMAND: POST /session/bb1834e335885f2b4fe4c5c01cc3b2b8/element - {"using":"xpath","value":"//button[@data-kt=\"saveButton\"]"}
RESULT: {"using":"xpath","value":"//button[@data-kt=\"saveButton\"]"}
COMMAND: POST /session/bb1834e335885f2b4fe4c5c01cc3b2b8/element/f.C3E96304196E694327087280E5B350FD.d.BF3B16EB820D9B3E2AAC787BC58C599A.e.2922/click - {}
RESULT: {}
COMMAND: GET /session/bb1834e335885f2b4fe4c5c01cc3b2b8/screenshot - {}
RESULT: {}
COMMAND: POST /session/bb1834e335885f2b4fe4c5c01cc3b2b8/execute/async - {"script":"<script> [1562 bytes]","args":[{"selector":{"id":"application-managepartners-display-component---detailPtm--addressDetailDetailsName1"},"wdio_ui5_key":"applicationmanagepartners-display-component---detailPtm--addressDetailDetailsName1"}]}
RESULT: {"script":"<script> [1562 bytes]","args":[{"selector":{"id":"application-managepartners-display-component---detailPtm--addressDetailDetailsName1"},"wdio_ui5_key":"applicationmanagepartners-display-component---detailPtm--addressDetailDetailsName1"}]}
RESULT: undefined
COMMAND: POST /session/bb1834e335885f2b4fe4c5c01cc3b2b8/execute/async - {"script":"<script> [6424 bytes]","args":[{"element-6066-11e4-a52e-4f735466cecf":"f.C3E96304196E694327087280E5B350FD.d.BF3B16EB820D9B3E2AAC787BC58C599A.e.2971"},"getValue",[]]}
RESULT: {"script":"<script> [6424 bytes]","args":[{"element-6066-11e4-a52e-4f735466cecf":"f.C3E96304196E694327087280E5B350FD.d.BF3B16EB820D9B3E2AAC787BC58C599A.e.2971"},"getValue",[]]}
COMMAND: POST /session/bb1834e335885f2b4fe4c5c01cc3b2b8/element - {"using":"xpath","value":"//input[@id = \"application-managepartners-display-component---detailPtm--addressDetailDetailsLanguage-inner\"]"}
RESULT: {"using":"xpath","value":"//input[@id = \"application-managepartners-display-component---detailPtm--addressDetailDetailsLanguage-inner\"]"}
COMMAND: GET /session/bb1834e335885f2b4fe4c5c01cc3b2b8/element/f.C3E96304196E694327087280E5B350FD.d.BF3B16EB820D9B3E2AAC787BC58C599A.e.2972/property/value - {}
RESULT: {}
COMMAND: POST /session/bb1834e335885f2b4fe4c5c01cc3b2b8/execute/async - {"script":"<script> [1562 bytes]","args":[{"selector":{"id":"application-managepartners-display-component---detailPtm--addressDetailDetailsCity1"},"wdio_ui5_key":"applicationmanagepartners-display-component---detailPtm--addressDetailDetailsCity1"}]}
COMMAND: GET /session/bb1834e335885f2b4fe4c5c01cc3b2b8/screenshot - {}
RESULT: {"script":"<script> [1562 bytes]","args":[{"selector":{"id":"application-managepartners-display-component---detailPtm--addressDetailDetailsCity1"},"wdio_ui5_key":"applicationmanagepartners-display-component---detailPtm--addressDetailDetailsCity1"}]}
RESULT: undefined
COMMAND: POST /session/bb1834e335885f2b4fe4c5c01cc3b2b8/execute/async - {"script":"<script> [6424 bytes]","args":[{"element-6066-11e4-a52e-4f735466cecf":"f.C3E96304196E694327087280E5B350FD.d.BF3B16EB820D9B3E2AAC787BC58C599A.e.2973"},"getValue",[]]}
RESULT: {}
RESULT: {"script":"<script> [6424 bytes]","args":[{"element-6066-11e4-a52e-4f735466cecf":"f.C3E96304196E694327087280E5B350FD.d.BF3B16EB820D9B3E2AAC787BC58C599A.e.2973"},"getValue",[]]}
COMMAND: POST /session/bb1834e335885f2b4fe4c5c01cc3b2b8/element - {"using":"css selector","value":"#shell-header-logo"}
RESULT: {"using":"css selector","value":"#shell-header-logo"}
COMMAND: POST /session/bb1834e335885f2b4fe4c5c01cc3b2b8/element/f.C3E96304196E694327087280E5B350FD.d.BF3B16EB820D9B3E2AAC787BC58C599A.e.2546/click - {}
RESULT: {}
COMMAND: GET /session/bb1834e335885f2b4fe4c5c01cc3b2b8/screenshot - {}
RESULT: {}
]]></system-out>
    </testcase>
    <testcase classname="chrome.136_0_7103_93.windows.Partner_specific_tests_US150819_US151080_US151654_US151176_US103444_US151078_US151079_US151109_US151174_US151175_US151189" name="Should create a new intercompany partner edit some of its fields US151078" time="279.105">
      <system-out><![CDATA[
COMMAND: POST /session/bb1834e335885f2b4fe4c5c01cc3b2b8/element - {"using":"xpath","value":"//li[.//span[text()=\"Manage Partners\"]]"}
RESULT: {"using":"xpath","value":"//li[.//span[text()=\"Manage Partners\"]]"}
COMMAND: POST /session/bb1834e335885f2b4fe4c5c01cc3b2b8/element - {"using":"xpath","value":"//li[.//span[text()=\"Manage Partners\"]]"}
RESULT: {"using":"xpath","value":"//li[.//span[text()=\"Manage Partners\"]]"}
COMMAND: POST /session/bb1834e335885f2b4fe4c5c01cc3b2b8/element - {"using":"css selector","value":"#shell-header-logo"}
RESULT: {"using":"css selector","value":"#shell-header-logo"}
COMMAND: POST /session/bb1834e335885f2b4fe4c5c01cc3b2b8/element/f.C3E96304196E694327087280E5B350FD.d.BF3B16EB820D9B3E2AAC787BC58C599A.e.3004/click - {}
COMMAND: POST /session/bb1834e335885f2b4fe4c5c01cc3b2b8/execute/sync - {"script":"<script> [8489 bytes]","args":[{"element-6066-11e4-a52e-4f735466cecf":"f.C3E96304196E694327087280E5B350FD.d.BF3B16EB820D9B3E2AAC787BC58C599A.e.3004","ELEMENT":"f.C3E96304196E694327087280E5B350FD.d.BF3B16EB820D9B3E2AAC787BC58C599A.e.3004"}]}
RESULT: {}
RESULT: {"script":"<script> [8489 bytes]","args":[{"element-6066-11e4-a52e-4f735466cecf":"f.C3E96304196E694327087280E5B350FD.d.BF3B16EB820D9B3E2AAC787BC58C599A.e.3004","ELEMENT":"f.C3E96304196E694327087280E5B350FD.d.BF3B16EB820D9B3E2AAC787BC58C599A.e.3004"}]}
COMMAND: POST /session/bb1834e335885f2b4fe4c5c01cc3b2b8/execute/sync - {"script":"<script> [5351 bytes]","args":[{"element-6066-11e4-a52e-4f735466cecf":"f.C3E96304196E694327087280E5B350FD.d.BF3B16EB820D9B3E2AAC787BC58C599A.e.3004","ELEMENT":"f.C3E96304196E694327087280E5B350FD.d.BF3B16EB820D9B3E2AAC787BC58C599A.e.3004"}]}
COMMAND: GET /session/bb1834e335885f2b4fe4c5c01cc3b2b8/screenshot - {}
COMMAND: GET /session/bb1834e335885f2b4fe4c5c01cc3b2b8/screenshot - {}
RESULT: {"script":"<script> [5351 bytes]","args":[{"element-6066-11e4-a52e-4f735466cecf":"f.C3E96304196E694327087280E5B350FD.d.BF3B16EB820D9B3E2AAC787BC58C599A.e.3004","ELEMENT":"f.C3E96304196E694327087280E5B350FD.d.BF3B16EB820D9B3E2AAC787BC58C599A.e.3004"}]}
COMMAND: GET /session/bb1834e335885f2b4fe4c5c01cc3b2b8/screenshot - {}
RESULT: {}
RESULT: {}
RESULT: {}
COMMAND: POST /session/bb1834e335885f2b4fe4c5c01cc3b2b8/refresh - {}
RESULT: {}
COMMAND: GET /session/bb1834e335885f2b4fe4c5c01cc3b2b8/screenshot - {}
RESULT: {}
COMMAND: POST /session/bb1834e335885f2b4fe4c5c01cc3b2b8/refresh - {}
RESULT: {}
COMMAND: GET /session/bb1834e335885f2b4fe4c5c01cc3b2b8/screenshot - {}
RESULT: {}
COMMAND: POST /session/bb1834e335885f2b4fe4c5c01cc3b2b8/window/fullscreen - {}
RESULT: {}
COMMAND: POST /session/bb1834e335885f2b4fe4c5c01cc3b2b8/execute/async - {"script":"<script> [189 bytes]","args":[]}
RESULT: {"script":"<script> [189 bytes]","args":[]}
COMMAND: POST /session/bb1834e335885f2b4fe4c5c01cc3b2b8/execute/async - {"script":"<script> [123 bytes]","args":[]}
RESULT: {"script":"<script> [123 bytes]","args":[]}
COMMAND: POST /session/bb1834e335885f2b4fe4c5c01cc3b2b8/timeouts - {"script":"<number>"}
RESULT: {"script":"<number>"}
COMMAND: GET /session/bb1834e335885f2b4fe4c5c01cc3b2b8/timeouts - {}
RESULT: {}
RESULT: undefined
COMMAND: POST /session/bb1834e335885f2b4fe4c5c01cc3b2b8/execute/async - {"script":"<script> [2676 bytes]","args":[]}
RESULT: {"script":"<script> [2676 bytes]","args":[]}
COMMAND: POST /session/bb1834e335885f2b4fe4c5c01cc3b2b8/execute/async - {"script":"<script> [2342 bytes]","args":[{"protocol":"http","hostname":"0.0.0.0","path":"/","capabilities":{"browserName":"chrome","goog:chromeOptions":{"binary":"C:\\Program Files\\Google\\Chrome\\Application\\chrome.exe","args":["--start-maximized"]}},"logLevel":"warn","connectionRetryTimeout":120000,"connectionRetryCount":3,"logLevels":{},"enableDirectConnect":true,"strictSSL":true,"_":"65 more keys: [\"cacheDir\",\"port\",\"requestedCapabilities\",\"automationProtocol\",\"baseUrl\",\"waitforInterval\",\"waitforTimeout\",\"onReload\",\"beforeCommand\",\"afterCommand\",\"rootDir\",\"specs\",\"suites\",\"exclude\",\"groupLogsByTestSpec\",\"excludeDriverLogs\",\"bail\",\"framework\",\"reporters\",\"services\",\"maxInstances\",\"maxInstancesPerCapability\",\"injectGlobals\",\"filesToWatch\",\"execArgv\",\"runnerEnv\",\"runner\",\"shard\",\"specFileRetries\",\"specFileRetriesDelay\",\"specFileRetriesDeferred\",\"reporterSyncInterval\",\"reporterSyncTimeout\",\"cucumberFeaturesWithLineNumbers\",\"autoCompileOpts\",\"mochaOpts\",\"jasmineOpts\",\"cucumberOpts\",\"onPrepare\",\"onWorkerStart\",\"onWorkerEnd\",\"before\",\"beforeSession\",\"beforeSuite\",\"beforeHook\",\"beforeTest\",\"afterTest\",\"afterHook\",\"afterSuite\",\"afterSession\",\"after\",\"onComplete\",\"beforeAssertion\",\"afterAssertion\",\"beforeFeature\",\"beforeScenario\",\"beforeStep\",\"afterStep\",\"afterScenario\",\"afterFeature\",\"_\",\"suite\",\"$0\",\"ignoredWorkerServices\",\"wdi5\"]"}]}
RESULT: {"script":"<script> [2342 bytes]","args":[{"protocol":"http","hostname":"0.0.0.0","path":"/","capabilities":{"browserName":"chrome","goog:chromeOptions":{"binary":"C:\\Program Files\\Google\\Chrome\\Application\\chrome.exe","args":["--start-maximized"]}},"logLevel":"warn","connectionRetryTimeout":120000,"connectionRetryCount":3,"logLevels":{},"enableDirectConnect":true,"strictSSL":true,"_":"65 more keys: [\"cacheDir\",\"port\",\"requestedCapabilities\",\"automationProtocol\",\"baseUrl\",\"waitforInterval\",\"waitforTimeout\",\"onReload\",\"beforeCommand\",\"afterCommand\",\"rootDir\",\"specs\",\"suites\",\"exclude\",\"groupLogsByTestSpec\",\"excludeDriverLogs\",\"bail\",\"framework\",\"reporters\",\"services\",\"maxInstances\",\"maxInstancesPerCapability\",\"injectGlobals\",\"filesToWatch\",\"execArgv\",\"runnerEnv\",\"runner\",\"shard\",\"specFileRetries\",\"specFileRetriesDelay\",\"specFileRetriesDeferred\",\"reporterSyncInterval\",\"reporterSyncTimeout\",\"cucumberFeaturesWithLineNumbers\",\"autoCompileOpts\",\"mochaOpts\",\"jasmineOpts\",\"cucumberOpts\",\"onPrepare\",\"onWorkerStart\",\"onWorkerEnd\",\"before\",\"beforeSession\",\"beforeSuite\",\"beforeHook\",\"beforeTest\",\"afterTest\",\"afterHook\",\"afterSuite\",\"afterSession\",\"after\",\"onComplete\",\"beforeAssertion\",\"afterAssertion\",\"beforeFeature\",\"beforeScenario\",\"beforeStep\",\"afterStep\",\"afterScenario\",\"afterFeature\",\"_\",\"suite\",\"$0\",\"ignoredWorkerServices\",\"wdi5\"]"}]}
COMMAND: POST /session/bb1834e335885f2b4fe4c5c01cc3b2b8/execute/async - {"script":"<script> [21126 bytes]","args":[35000]}
RESULT: {"script":"<script> [21126 bytes]","args":[35000]}
COMMAND: POST /session/bb1834e335885f2b4fe4c5c01cc3b2b8/window/fullscreen - {}
RESULT: {}
COMMAND: POST /session/bb1834e335885f2b4fe4c5c01cc3b2b8/window/fullscreen - {}
RESULT: {}
COMMAND: POST /session/bb1834e335885f2b4fe4c5c01cc3b2b8/execute/async - {"script":"<script> [1562 bytes]","args":[{"selector":{"controlType":"sap.m.GenericTile","properties":{"header":"Manage Partners"}},"wdio_ui5_key":"sapm.GenericTile{\"header\":\"Manage Partners\"}"}]}
RESULT: {"script":"<script> [1562 bytes]","args":[{"selector":{"controlType":"sap.m.GenericTile","properties":{"header":"Manage Partners"}},"wdio_ui5_key":"sapm.GenericTile{\"header\":\"Manage Partners\"}"}]}
RESULT: undefined
COMMAND: POST /session/bb1834e335885f2b4fe4c5c01cc3b2b8/element - {"using":"xpath","value":"//*[@id=\"__tile30\"]"}
RESULT: {"using":"xpath","value":"//*[@id=\"__tile30\"]"}
COMMAND: POST /session/bb1834e335885f2b4fe4c5c01cc3b2b8/element/f.C3E96304196E694327087280E5B350FD.d.49119EFC35012F969B983AFA19019E38.e.3070/click - {}
RESULT: {}
COMMAND: GET /session/bb1834e335885f2b4fe4c5c01cc3b2b8/screenshot - {}
RESULT: {}
COMMAND: POST /session/bb1834e335885f2b4fe4c5c01cc3b2b8/elements - {"using":"xpath","value":"//span[text()='Error']"}
RESULT: {"using":"xpath","value":"//span[text()='Error']"}
COMMAND: POST /session/bb1834e335885f2b4fe4c5c01cc3b2b8/element - {"using":"xpath","value":"//button[@data-kt=\"addButton\"]"}
RESULT: {"using":"xpath","value":"//button[@data-kt=\"addButton\"]"}
COMMAND: POST /session/bb1834e335885f2b4fe4c5c01cc3b2b8/elements - {"using":"xpath","value":"//button[@data-kt=\"addButton\"]"}
RESULT: {"using":"xpath","value":"//button[@data-kt=\"addButton\"]"}
COMMAND: POST /session/bb1834e335885f2b4fe4c5c01cc3b2b8/elements - {"using":"xpath","value":"//button[@data-kt=\"addButton\"]"}
RESULT: {"using":"xpath","value":"//button[@data-kt=\"addButton\"]"}
COMMAND: POST /session/bb1834e335885f2b4fe4c5c01cc3b2b8/elements - {"using":"xpath","value":"//button[@data-kt=\"addButton\"]"}
RESULT: {"using":"xpath","value":"//button[@data-kt=\"addButton\"]"}
COMMAND: POST /session/bb1834e335885f2b4fe4c5c01cc3b2b8/elements - {"using":"xpath","value":"//button[@data-kt=\"addButton\"]"}
RESULT: {"using":"xpath","value":"//button[@data-kt=\"addButton\"]"}
COMMAND: POST /session/bb1834e335885f2b4fe4c5c01cc3b2b8/elements - {"using":"xpath","value":"//button[@data-kt=\"addButton\"]"}
RESULT: {"using":"xpath","value":"//button[@data-kt=\"addButton\"]"}
COMMAND: POST /session/bb1834e335885f2b4fe4c5c01cc3b2b8/elements - {"using":"xpath","value":"//button[@data-kt=\"addButton\"]"}
RESULT: {"using":"xpath","value":"//button[@data-kt=\"addButton\"]"}
COMMAND: POST /session/bb1834e335885f2b4fe4c5c01cc3b2b8/elements - {"using":"xpath","value":"//button[@data-kt=\"addButton\"]"}
RESULT: {"using":"xpath","value":"//button[@data-kt=\"addButton\"]"}
COMMAND: POST /session/bb1834e335885f2b4fe4c5c01cc3b2b8/elements - {"using":"xpath","value":"//button[@data-kt=\"addButton\"]"}
RESULT: {"using":"xpath","value":"//button[@data-kt=\"addButton\"]"}
COMMAND: POST /session/bb1834e335885f2b4fe4c5c01cc3b2b8/elements - {"using":"xpath","value":"//button[@data-kt=\"addButton\"]"}
RESULT: {"using":"xpath","value":"//button[@data-kt=\"addButton\"]"}
COMMAND: POST /session/bb1834e335885f2b4fe4c5c01cc3b2b8/elements - {"using":"xpath","value":"//button[@data-kt=\"addButton\"]"}
RESULT: {"using":"xpath","value":"//button[@data-kt=\"addButton\"]"}
COMMAND: POST /session/bb1834e335885f2b4fe4c5c01cc3b2b8/elements - {"using":"xpath","value":"//button[@data-kt=\"addButton\"]"}
RESULT: {"using":"xpath","value":"//button[@data-kt=\"addButton\"]"}
COMMAND: POST /session/bb1834e335885f2b4fe4c5c01cc3b2b8/elements - {"using":"xpath","value":"//button[@data-kt=\"addButton\"]"}
RESULT: {"using":"xpath","value":"//button[@data-kt=\"addButton\"]"}
COMMAND: POST /session/bb1834e335885f2b4fe4c5c01cc3b2b8/elements - {"using":"xpath","value":"//button[@data-kt=\"addButton\"]"}
RESULT: {"using":"xpath","value":"//button[@data-kt=\"addButton\"]"}
COMMAND: POST /session/bb1834e335885f2b4fe4c5c01cc3b2b8/elements - {"using":"xpath","value":"//button[@data-kt=\"addButton\"]"}
RESULT: {"using":"xpath","value":"//button[@data-kt=\"addButton\"]"}
COMMAND: POST /session/bb1834e335885f2b4fe4c5c01cc3b2b8/elements - {"using":"xpath","value":"//button[@data-kt=\"addButton\"]"}
RESULT: {"using":"xpath","value":"//button[@data-kt=\"addButton\"]"}
COMMAND: POST /session/bb1834e335885f2b4fe4c5c01cc3b2b8/elements - {"using":"xpath","value":"//button[@data-kt=\"addButton\"]"}
RESULT: {"using":"xpath","value":"//button[@data-kt=\"addButton\"]"}
COMMAND: POST /session/bb1834e335885f2b4fe4c5c01cc3b2b8/elements - {"using":"xpath","value":"//button[@data-kt=\"addButton\"]"}
RESULT: {"using":"xpath","value":"//button[@data-kt=\"addButton\"]"}
COMMAND: POST /session/bb1834e335885f2b4fe4c5c01cc3b2b8/elements - {"using":"xpath","value":"//button[@data-kt=\"addButton\"]"}
RESULT: {"using":"xpath","value":"//button[@data-kt=\"addButton\"]"}
COMMAND: POST /session/bb1834e335885f2b4fe4c5c01cc3b2b8/elements - {"using":"xpath","value":"//button[@data-kt=\"addButton\"]"}
RESULT: {"using":"xpath","value":"//button[@data-kt=\"addButton\"]"}
COMMAND: POST /session/bb1834e335885f2b4fe4c5c01cc3b2b8/elements - {"using":"xpath","value":"//button[@data-kt=\"addButton\"]"}
RESULT: {"using":"xpath","value":"//button[@data-kt=\"addButton\"]"}
COMMAND: POST /session/bb1834e335885f2b4fe4c5c01cc3b2b8/elements - {"using":"xpath","value":"//button[@data-kt=\"addButton\"]"}
RESULT: {"using":"xpath","value":"//button[@data-kt=\"addButton\"]"}
COMMAND: POST /session/bb1834e335885f2b4fe4c5c01cc3b2b8/elements - {"using":"xpath","value":"//button[@data-kt=\"addButton\"]"}
RESULT: {"using":"xpath","value":"//button[@data-kt=\"addButton\"]"}
COMMAND: POST /session/bb1834e335885f2b4fe4c5c01cc3b2b8/element - {"using":"xpath","value":"//button[@data-kt=\"addButton\"]"}
RESULT: {"using":"xpath","value":"//button[@data-kt=\"addButton\"]"}
COMMAND: POST /session/bb1834e335885f2b4fe4c5c01cc3b2b8/execute/sync - {"script":"<script> [8489 bytes]","args":[{"element-6066-11e4-a52e-4f735466cecf":"f.C3E96304196E694327087280E5B350FD.d.49119EFC35012F969B983AFA19019E38.e.3204","ELEMENT":"f.C3E96304196E694327087280E5B350FD.d.49119EFC35012F969B983AFA19019E38.e.3204"}]}
RESULT: {"script":"<script> [8489 bytes]","args":[{"element-6066-11e4-a52e-4f735466cecf":"f.C3E96304196E694327087280E5B350FD.d.49119EFC35012F969B983AFA19019E38.e.3204","ELEMENT":"f.C3E96304196E694327087280E5B350FD.d.49119EFC35012F969B983AFA19019E38.e.3204"}]}
COMMAND: GET /session/bb1834e335885f2b4fe4c5c01cc3b2b8/element/f.C3E96304196E694327087280E5B350FD.d.49119EFC35012F969B983AFA19019E38.e.3204/enabled - {}
COMMAND: GET /session/bb1834e335885f2b4fe4c5c01cc3b2b8/screenshot - {}
RESULT: {}
COMMAND: POST /session/bb1834e335885f2b4fe4c5c01cc3b2b8/execute/sync - {"script":"<script> [8489 bytes]","args":[{"element-6066-11e4-a52e-4f735466cecf":"f.C3E96304196E694327087280E5B350FD.d.49119EFC35012F969B983AFA19019E38.e.3204","ELEMENT":"f.C3E96304196E694327087280E5B350FD.d.49119EFC35012F969B983AFA19019E38.e.3204"}]}
COMMAND: GET /session/bb1834e335885f2b4fe4c5c01cc3b2b8/screenshot - {}
RESULT: {}
RESULT: {"script":"<script> [8489 bytes]","args":[{"element-6066-11e4-a52e-4f735466cecf":"f.C3E96304196E694327087280E5B350FD.d.49119EFC35012F969B983AFA19019E38.e.3204","ELEMENT":"f.C3E96304196E694327087280E5B350FD.d.49119EFC35012F969B983AFA19019E38.e.3204"}]}
COMMAND: POST /session/bb1834e335885f2b4fe4c5c01cc3b2b8/execute/sync - {"script":"<script> [5351 bytes]","args":[{"element-6066-11e4-a52e-4f735466cecf":"f.C3E96304196E694327087280E5B350FD.d.49119EFC35012F969B983AFA19019E38.e.3204","ELEMENT":"f.C3E96304196E694327087280E5B350FD.d.49119EFC35012F969B983AFA19019E38.e.3204"}]}
COMMAND: GET /session/bb1834e335885f2b4fe4c5c01cc3b2b8/screenshot - {}
RESULT: {}
RESULT: {"script":"<script> [5351 bytes]","args":[{"element-6066-11e4-a52e-4f735466cecf":"f.C3E96304196E694327087280E5B350FD.d.49119EFC35012F969B983AFA19019E38.e.3204","ELEMENT":"f.C3E96304196E694327087280E5B350FD.d.49119EFC35012F969B983AFA19019E38.e.3204"}]}
COMMAND: POST /session/bb1834e335885f2b4fe4c5c01cc3b2b8/element/f.C3E96304196E694327087280E5B350FD.d.49119EFC35012F969B983AFA19019E38.e.3204/click - {}
COMMAND: GET /session/bb1834e335885f2b4fe4c5c01cc3b2b8/screenshot - {}
RESULT: {}
RESULT: {}
COMMAND: GET /session/bb1834e335885f2b4fe4c5c01cc3b2b8/screenshot - {}
COMMAND: POST /session/bb1834e335885f2b4fe4c5c01cc3b2b8/execute/async - {"script":"<script> [1562 bytes]","args":[{"selector":{"id":"application-managepartners-display-component---NewPartner--addressDetailDetailsName1","interaction":{"idSuffix":"inner"}},"wdio_ui5_key":"applicationmanagepartners-display-component---NewPartner--addressDetailDetailsName1"}]}
RESULT: {}
RESULT: {}
RESULT: {"script":"<script> [1562 bytes]","args":[{"selector":{"id":"application-managepartners-display-component---NewPartner--addressDetailDetailsName1","interaction":{"idSuffix":"inner"}},"wdio_ui5_key":"applicationmanagepartners-display-component---NewPartner--addressDetailDetailsName1"}]}
RESULT: undefined
COMMAND: POST /session/bb1834e335885f2b4fe4c5c01cc3b2b8/execute/async - {"script":"<script> [776 bytes]","args":[{"enterText":"Intercompany Partner WDIO","selector":{"id":"application-managepartners-display-component---NewPartner--addressDetailDetailsName1","interaction":{"idSuffix":"inner"}},"clearTextFirst":true,"interactionType":"ENTER_TEXT"}]}
RESULT: {"script":"<script> [776 bytes]","args":[{"enterText":"Intercompany Partner WDIO","selector":{"id":"application-managepartners-display-component---NewPartner--addressDetailDetailsName1","interaction":{"idSuffix":"inner"}},"clearTextFirst":true,"interactionType":"ENTER_TEXT"}]}
COMMAND: POST /session/bb1834e335885f2b4fe4c5c01cc3b2b8/execute/async - {"script":"<script> [1562 bytes]","args":[{"selector":{"id":"application-managepartners-display-component---NewPartner--addressDetailDetailsLanguage-arrow"},"wdio_ui5_key":"applicationmanagepartners-display-component---NewPartner--addressDetailDetailsLanguage-arrow"}]}
RESULT: {"script":"<script> [1562 bytes]","args":[{"selector":{"id":"application-managepartners-display-component---NewPartner--addressDetailDetailsLanguage-arrow"},"wdio_ui5_key":"applicationmanagepartners-display-component---NewPartner--addressDetailDetailsLanguage-arrow"}]}
RESULT: undefined
COMMAND: POST /session/bb1834e335885f2b4fe4c5c01cc3b2b8/element - {"using":"xpath","value":"//*[@id=\"application-managepartners-display-component---NewPartner--addressDetailDetailsLanguage-arrow\"]"}
RESULT: {"using":"xpath","value":"//*[@id=\"application-managepartners-display-component---NewPartner--addressDetailDetailsLanguage-arrow\"]"}
COMMAND: POST /session/bb1834e335885f2b4fe4c5c01cc3b2b8/element/f.C3E96304196E694327087280E5B350FD.d.49119EFC35012F969B983AFA19019E38.e.3635/click - {}
RESULT: {}
COMMAND: POST /session/bb1834e335885f2b4fe4c5c01cc3b2b8/element - {"using":"xpath","value":"//span[contains(text(), \"English\")]"}
COMMAND: GET /session/bb1834e335885f2b4fe4c5c01cc3b2b8/screenshot - {}
RESULT: {"using":"xpath","value":"//span[contains(text(), \"English\")]"}
COMMAND: POST /session/bb1834e335885f2b4fe4c5c01cc3b2b8/element/f.C3E96304196E694327087280E5B350FD.d.49119EFC35012F969B983AFA19019E38.e.3636/click - {}
RESULT: {}
RESULT: {}
COMMAND: GET /session/bb1834e335885f2b4fe4c5c01cc3b2b8/screenshot - {}
RESULT: {}
COMMAND: POST /session/bb1834e335885f2b4fe4c5c01cc3b2b8/execute/async - {"script":"<script> [1562 bytes]","args":[{"selector":{"id":"application-managepartners-display-component---NewPartner--addressDetailDetailsCity1","interaction":{"idSuffix":"inner"}},"wdio_ui5_key":"applicationmanagepartners-display-component---NewPartner--addressDetailDetailsCity1"}]}
RESULT: {"script":"<script> [1562 bytes]","args":[{"selector":{"id":"application-managepartners-display-component---NewPartner--addressDetailDetailsCity1","interaction":{"idSuffix":"inner"}},"wdio_ui5_key":"applicationmanagepartners-display-component---NewPartner--addressDetailDetailsCity1"}]}
RESULT: undefined
COMMAND: POST /session/bb1834e335885f2b4fe4c5c01cc3b2b8/execute/async - {"script":"<script> [776 bytes]","args":[{"enterText":"Rosario","selector":{"id":"application-managepartners-display-component---NewPartner--addressDetailDetailsCity1","interaction":{"idSuffix":"inner"}},"clearTextFirst":true,"interactionType":"ENTER_TEXT"}]}
RESULT: {"script":"<script> [776 bytes]","args":[{"enterText":"Rosario","selector":{"id":"application-managepartners-display-component---NewPartner--addressDetailDetailsCity1","interaction":{"idSuffix":"inner"}},"clearTextFirst":true,"interactionType":"ENTER_TEXT"}]}
COMMAND: POST /session/bb1834e335885f2b4fe4c5c01cc3b2b8/execute/async - {"script":"<script> [1562 bytes]","args":[{"selector":{"id":"application-managepartners-display-component---NewPartner--addressDetailDetailsCountry-arrow"},"wdio_ui5_key":"applicationmanagepartners-display-component---NewPartner--addressDetailDetailsCountry-arrow"}]}
RESULT: {"script":"<script> [1562 bytes]","args":[{"selector":{"id":"application-managepartners-display-component---NewPartner--addressDetailDetailsCountry-arrow"},"wdio_ui5_key":"applicationmanagepartners-display-component---NewPartner--addressDetailDetailsCountry-arrow"}]}
RESULT: undefined
COMMAND: POST /session/bb1834e335885f2b4fe4c5c01cc3b2b8/element - {"using":"xpath","value":"//*[@id=\"application-managepartners-display-component---NewPartner--addressDetailDetailsCountry-arrow\"]"}
RESULT: {"using":"xpath","value":"//*[@id=\"application-managepartners-display-component---NewPartner--addressDetailDetailsCountry-arrow\"]"}
COMMAND: POST /session/bb1834e335885f2b4fe4c5c01cc3b2b8/element/f.C3E96304196E694327087280E5B350FD.d.49119EFC35012F969B983AFA19019E38.e.3596/click - {}
RESULT: {}
COMMAND: POST /session/bb1834e335885f2b4fe4c5c01cc3b2b8/element - {"using":"xpath","value":"//span[contains(text(), \"Argentina\")]"}
COMMAND: GET /session/bb1834e335885f2b4fe4c5c01cc3b2b8/screenshot - {}
RESULT: {"using":"xpath","value":"//span[contains(text(), \"Argentina\")]"}
COMMAND: POST /session/bb1834e335885f2b4fe4c5c01cc3b2b8/element/f.C3E96304196E694327087280E5B350FD.d.49119EFC35012F969B983AFA19019E38.e.3638/click - {}
RESULT: {}
RESULT: {}
COMMAND: GET /session/bb1834e335885f2b4fe4c5c01cc3b2b8/screenshot - {}
RESULT: {}
COMMAND: POST /session/bb1834e335885f2b4fe4c5c01cc3b2b8/element - {"using":"xpath","value":"//bdi[contains(text(), \"Commercial\")]"}
RESULT: {"using":"xpath","value":"//bdi[contains(text(), \"Commercial\")]"}
COMMAND: POST /session/bb1834e335885f2b4fe4c5c01cc3b2b8/element/f.C3E96304196E694327087280E5B350FD.d.49119EFC35012F969B983AFA19019E38.e.3639/click - {}
RESULT: {}
COMMAND: GET /session/bb1834e335885f2b4fe4c5c01cc3b2b8/screenshot - {}
RESULT: {}
COMMAND: POST /session/bb1834e335885f2b4fe4c5c01cc3b2b8/execute/async - {"script":"<script> [1562 bytes]","args":[{"selector":{"id":"application-managepartners-display-component---NewPartner--partnerDetailInternal-arrow"},"wdio_ui5_key":"applicationmanagepartners-display-component---NewPartner--partnerDetailInternal-arrow"}]}
RESULT: {"script":"<script> [1562 bytes]","args":[{"selector":{"id":"application-managepartners-display-component---NewPartner--partnerDetailInternal-arrow"},"wdio_ui5_key":"applicationmanagepartners-display-component---NewPartner--partnerDetailInternal-arrow"}]}
RESULT: undefined
COMMAND: POST /session/bb1834e335885f2b4fe4c5c01cc3b2b8/element - {"using":"xpath","value":"//*[@id=\"application-managepartners-display-component---NewPartner--partnerDetailInternal-arrow\"]"}
RESULT: {"using":"xpath","value":"//*[@id=\"application-managepartners-display-component---NewPartner--partnerDetailInternal-arrow\"]"}
COMMAND: POST /session/bb1834e335885f2b4fe4c5c01cc3b2b8/element/f.C3E96304196E694327087280E5B350FD.d.49119EFC35012F969B983AFA19019E38.e.3645/click - {}
RESULT: {}
COMMAND: POST /session/bb1834e335885f2b4fe4c5c01cc3b2b8/element - {"using":"xpath","value":"//span[contains(text(), \"Affiliated company\")]"}
COMMAND: GET /session/bb1834e335885f2b4fe4c5c01cc3b2b8/screenshot - {}
RESULT: {"using":"xpath","value":"//span[contains(text(), \"Affiliated company\")]"}
COMMAND: POST /session/bb1834e335885f2b4fe4c5c01cc3b2b8/element/f.C3E96304196E694327087280E5B350FD.d.49119EFC35012F969B983AFA19019E38.e.3646/click - {}
RESULT: {}
RESULT: {}
COMMAND: POST /session/bb1834e335885f2b4fe4c5c01cc3b2b8/execute/async - {"script":"<script> [1562 bytes]","args":[{"selector":{"id":"application-managepartners-display-component---NewPartner--partnerDetailsCurrency-arrow"},"wdio_ui5_key":"applicationmanagepartners-display-component---NewPartner--partnerDetailsCurrency-arrow"}]}
COMMAND: GET /session/bb1834e335885f2b4fe4c5c01cc3b2b8/screenshot - {}
RESULT: {"script":"<script> [1562 bytes]","args":[{"selector":{"id":"application-managepartners-display-component---NewPartner--partnerDetailsCurrency-arrow"},"wdio_ui5_key":"applicationmanagepartners-display-component---NewPartner--partnerDetailsCurrency-arrow"}]}
RESULT: undefined
COMMAND: POST /session/bb1834e335885f2b4fe4c5c01cc3b2b8/element - {"using":"xpath","value":"//*[@id=\"application-managepartners-display-component---NewPartner--partnerDetailsCurrency-arrow\"]"}
RESULT: {}
RESULT: {"using":"xpath","value":"//*[@id=\"application-managepartners-display-component---NewPartner--partnerDetailsCurrency-arrow\"]"}
COMMAND: POST /session/bb1834e335885f2b4fe4c5c01cc3b2b8/element/f.C3E96304196E694327087280E5B350FD.d.49119EFC35012F969B983AFA19019E38.e.3653/click - {}
RESULT: {}
COMMAND: POST /session/bb1834e335885f2b4fe4c5c01cc3b2b8/element - {"using":"xpath","value":"//span[contains(text(), \"Euro\")]"}
COMMAND: GET /session/bb1834e335885f2b4fe4c5c01cc3b2b8/screenshot - {}
RESULT: {"using":"xpath","value":"//span[contains(text(), \"Euro\")]"}
COMMAND: POST /session/bb1834e335885f2b4fe4c5c01cc3b2b8/element/f.C3E96304196E694327087280E5B350FD.d.49119EFC35012F969B983AFA19019E38.e.3654/click - {}
RESULT: {}
RESULT: {}
COMMAND: POST /session/bb1834e335885f2b4fe4c5c01cc3b2b8/execute/async - {"script":"<script> [1562 bytes]","args":[{"selector":{"id":"application-managepartners-display-component---NewPartner--addressEditDetailsCostObjectCstType-arrow"},"wdio_ui5_key":"applicationmanagepartners-display-component---NewPartner--addressEditDetailsCostObjectCstType-arrow"}]}
COMMAND: GET /session/bb1834e335885f2b4fe4c5c01cc3b2b8/screenshot - {}
RESULT: {"script":"<script> [1562 bytes]","args":[{"selector":{"id":"application-managepartners-display-component---NewPartner--addressEditDetailsCostObjectCstType-arrow"},"wdio_ui5_key":"applicationmanagepartners-display-component---NewPartner--addressEditDetailsCostObjectCstType-arrow"}]}
RESULT: undefined
COMMAND: POST /session/bb1834e335885f2b4fe4c5c01cc3b2b8/element - {"using":"xpath","value":"//*[@id=\"application-managepartners-display-component---NewPartner--addressEditDetailsCostObjectCstType-arrow\"]"}
RESULT: {}
RESULT: {"using":"xpath","value":"//*[@id=\"application-managepartners-display-component---NewPartner--addressEditDetailsCostObjectCstType-arrow\"]"}
COMMAND: POST /session/bb1834e335885f2b4fe4c5c01cc3b2b8/element/f.C3E96304196E694327087280E5B350FD.d.49119EFC35012F969B983AFA19019E38.e.3655/click - {}
RESULT: {}
COMMAND: POST /session/bb1834e335885f2b4fe4c5c01cc3b2b8/element - {"using":"xpath","value":"//span[contains(text(), \"Cost Center\")]"}
COMMAND: GET /session/bb1834e335885f2b4fe4c5c01cc3b2b8/screenshot - {}
RESULT: {"using":"xpath","value":"//span[contains(text(), \"Cost Center\")]"}
COMMAND: POST /session/bb1834e335885f2b4fe4c5c01cc3b2b8/element/f.C3E96304196E694327087280E5B350FD.d.49119EFC35012F969B983AFA19019E38.e.3656/click - {}
RESULT: {}
RESULT: {}
COMMAND: GET /session/bb1834e335885f2b4fe4c5c01cc3b2b8/screenshot - {}
RESULT: {}
COMMAND: POST /session/bb1834e335885f2b4fe4c5c01cc3b2b8/element - {"using":"xpath","value":"//span[@id=\"application-managepartners-display-component---NewPartner--addressNewCostObjectCstID-vhi\"]"}
RESULT: {"using":"xpath","value":"//span[@id=\"application-managepartners-display-component---NewPartner--addressNewCostObjectCstID-vhi\"]"}
COMMAND: POST /session/bb1834e335885f2b4fe4c5c01cc3b2b8/execute/sync - {"script":"<script> [8489 bytes]","args":[{"element-6066-11e4-a52e-4f735466cecf":"f.C3E96304196E694327087280E5B350FD.d.49119EFC35012F969B983AFA19019E38.e.3660","ELEMENT":"f.C3E96304196E694327087280E5B350FD.d.49119EFC35012F969B983AFA19019E38.e.3660"}]}
RESULT: {"script":"<script> [8489 bytes]","args":[{"element-6066-11e4-a52e-4f735466cecf":"f.C3E96304196E694327087280E5B350FD.d.49119EFC35012F969B983AFA19019E38.e.3660","ELEMENT":"f.C3E96304196E694327087280E5B350FD.d.49119EFC35012F969B983AFA19019E38.e.3660"}]}
COMMAND: POST /session/bb1834e335885f2b4fe4c5c01cc3b2b8/execute/async - {"script":"<script> [1562 bytes]","args":[{"selector":{"id":"application-managepartners-display-component---NewPartner--addressNewCostObjectCstID-vhi"},"wdio_ui5_key":"applicationmanagepartners-display-component---NewPartner--addressNewCostObjectCstID-vhi"}]}
COMMAND: GET /session/bb1834e335885f2b4fe4c5c01cc3b2b8/screenshot - {}
RESULT: {"script":"<script> [1562 bytes]","args":[{"selector":{"id":"application-managepartners-display-component---NewPartner--addressNewCostObjectCstID-vhi"},"wdio_ui5_key":"applicationmanagepartners-display-component---NewPartner--addressNewCostObjectCstID-vhi"}]}
RESULT: undefined
COMMAND: POST /session/bb1834e335885f2b4fe4c5c01cc3b2b8/element - {"using":"xpath","value":"//*[@id=\"application-managepartners-display-component---NewPartner--addressNewCostObjectCstID-vhi\"]"}
RESULT: {}
RESULT: {"using":"xpath","value":"//*[@id=\"application-managepartners-display-component---NewPartner--addressNewCostObjectCstID-vhi\"]"}
COMMAND: POST /session/bb1834e335885f2b4fe4c5c01cc3b2b8/element/f.C3E96304196E694327087280E5B350FD.d.49119EFC35012F969B983AFA19019E38.e.3660/click - {}
RESULT: {}
COMMAND: GET /session/bb1834e335885f2b4fe4c5c01cc3b2b8/screenshot - {}
RESULT: {}
COMMAND: POST /session/bb1834e335885f2b4fe4c5c01cc3b2b8/execute/async - {"script":"<script> [1562 bytes]","args":[{"selector":{"controlType":"sap.m.SearchField","properties":{"placeholder":"Search"},"searchOpenDialogs":true,"interaction":{"idSuffix":"I"}},"wdio_ui5_key":"sapm.SearchField{\"placeholder\":\"Search\"}"}]}
RESULT: {"script":"<script> [1562 bytes]","args":[{"selector":{"controlType":"sap.m.SearchField","properties":{"placeholder":"Search"},"searchOpenDialogs":true,"interaction":{"idSuffix":"I"}},"wdio_ui5_key":"sapm.SearchField{\"placeholder\":\"Search\"}"}]}
RESULT: undefined
COMMAND: POST /session/bb1834e335885f2b4fe4c5c01cc3b2b8/execute/async - {"script":"<script> [776 bytes]","args":[{"enterText":"10001013","selector":{"controlType":"sap.m.SearchField","properties":{"placeholder":"Search"},"searchOpenDialogs":true,"interaction":{"idSuffix":"I"}},"clearTextFirst":true,"interactionType":"ENTER_TEXT"}]}
RESULT: {"script":"<script> [776 bytes]","args":[{"enterText":"10001013","selector":{"controlType":"sap.m.SearchField","properties":{"placeholder":"Search"},"searchOpenDialogs":true,"interaction":{"idSuffix":"I"}},"clearTextFirst":true,"interactionType":"ENTER_TEXT"}]}
COMMAND: POST /session/bb1834e335885f2b4fe4c5c01cc3b2b8/actions - {"actions":[{"id":"action7","type":"key","parameters":{},"actions":[{"type":"keyDown","value":""},{"type":"pause","duration":10},{"type":"keyUp","value":""}]}]}
RESULT: {"actions":[{"id":"action7","type":"key","parameters":{},"actions":[{"type":"keyDown","value":""},{"type":"pause","duration":10},{"type":"keyUp","value":""}]}]}
COMMAND: GET /session/bb1834e335885f2b4fe4c5c01cc3b2b8/screenshot - {}
RESULT: {}
COMMAND: POST /session/bb1834e335885f2b4fe4c5c01cc3b2b8/element - {"using":"xpath","value":"//span[contains(text(), \"General Management\")]"}
RESULT: {"using":"xpath","value":"//span[contains(text(), \"General Management\")]"}
COMMAND: POST /session/bb1834e335885f2b4fe4c5c01cc3b2b8/element/f.C3E96304196E694327087280E5B350FD.d.49119EFC35012F969B983AFA19019E38.e.3703/click - {}
RESULT: {}
COMMAND: GET /session/bb1834e335885f2b4fe4c5c01cc3b2b8/screenshot - {}
RESULT: {}
COMMAND: POST /session/bb1834e335885f2b4fe4c5c01cc3b2b8/element - {"using":"xpath","value":"//bdi[contains(text(), \"OK\")]"}
RESULT: {"using":"xpath","value":"//bdi[contains(text(), \"OK\")]"}
COMMAND: POST /session/bb1834e335885f2b4fe4c5c01cc3b2b8/element/f.C3E96304196E694327087280E5B350FD.d.49119EFC35012F969B983AFA19019E38.e.3704/click - {}
RESULT: {}
COMMAND: GET /session/bb1834e335885f2b4fe4c5c01cc3b2b8/screenshot - {}
RESULT: {}
COMMAND: POST /session/bb1834e335885f2b4fe4c5c01cc3b2b8/element - {"using":"xpath","value":"//input[@id=\"application-managepartners-display-component---NewPartner--companyCodeComboBox-inner\"]"}
RESULT: {"using":"xpath","value":"//input[@id=\"application-managepartners-display-component---NewPartner--companyCodeComboBox-inner\"]"}
COMMAND: POST /session/bb1834e335885f2b4fe4c5c01cc3b2b8/element/f.C3E96304196E694327087280E5B350FD.d.49119EFC35012F969B983AFA19019E38.e.3549/clear - {}
RESULT: {}
COMMAND: POST /session/bb1834e335885f2b4fe4c5c01cc3b2b8/element/f.C3E96304196E694327087280E5B350FD.d.49119EFC35012F969B983AFA19019E38.e.3549/value - {"text":"C002"}
COMMAND: GET /session/bb1834e335885f2b4fe4c5c01cc3b2b8/screenshot - {}
RESULT: {"text":"C002"}
COMMAND: GET /session/bb1834e335885f2b4fe4c5c01cc3b2b8/screenshot - {}
RESULT: {}
RESULT: {}
COMMAND: POST /session/bb1834e335885f2b4fe4c5c01cc3b2b8/element - {"using":"xpath","value":"//li[.//span[text()= \"C002\"]]"}
RESULT: {"using":"xpath","value":"//li[.//span[text()= \"C002\"]]"}
COMMAND: POST /session/bb1834e335885f2b4fe4c5c01cc3b2b8/element/f.C3E96304196E694327087280E5B350FD.d.49119EFC35012F969B983AFA19019E38.e.3710/click - {}
RESULT: {}
COMMAND: GET /session/bb1834e335885f2b4fe4c5c01cc3b2b8/screenshot - {}
RESULT: {}
COMMAND: POST /session/bb1834e335885f2b4fe4c5c01cc3b2b8/execute/async - {"script":"<script> [1562 bytes]","args":[{"selector":{"id":"application-managepartners-display-component---NewPartner--btnAddTableRow-img"},"wdio_ui5_key":"applicationmanagepartners-display-component---NewPartner--btnAddTableRow-img"}]}
RESULT: {"script":"<script> [1562 bytes]","args":[{"selector":{"id":"application-managepartners-display-component---NewPartner--btnAddTableRow-img"},"wdio_ui5_key":"applicationmanagepartners-display-component---NewPartner--btnAddTableRow-img"}]}
RESULT: undefined
COMMAND: POST /session/bb1834e335885f2b4fe4c5c01cc3b2b8/element - {"using":"xpath","value":"//*[@id=\"application-managepartners-display-component---NewPartner--btnAddTableRow-img\"]"}
RESULT: {"using":"xpath","value":"//*[@id=\"application-managepartners-display-component---NewPartner--btnAddTableRow-img\"]"}
COMMAND: POST /session/bb1834e335885f2b4fe4c5c01cc3b2b8/element/f.C3E96304196E694327087280E5B350FD.d.49119EFC35012F969B983AFA19019E38.e.3711/click - {}
RESULT: {}
COMMAND: GET /session/bb1834e335885f2b4fe4c5c01cc3b2b8/screenshot - {}
RESULT: {}
COMMAND: POST /session/bb1834e335885f2b4fe4c5c01cc3b2b8/element - {"using":"xpath","value":"//input[@id=\"application-managepartners-display-component---NewPartner--assignmentYard-application-managepartners-display-component---NewPartner--assignmentsTable-0-inner\"]"}
RESULT: {"using":"xpath","value":"//input[@id=\"application-managepartners-display-component---NewPartner--assignmentYard-application-managepartners-display-component---NewPartner--assignmentsTable-0-inner\"]"}
COMMAND: POST /session/bb1834e335885f2b4fe4c5c01cc3b2b8/element/f.C3E96304196E694327087280E5B350FD.d.49119EFC35012F969B983AFA19019E38.e.3714/clear - {}
RESULT: {}
COMMAND: POST /session/bb1834e335885f2b4fe4c5c01cc3b2b8/element/f.C3E96304196E694327087280E5B350FD.d.49119EFC35012F969B983AFA19019E38.e.3714/value - {"text":"683"}
COMMAND: GET /session/bb1834e335885f2b4fe4c5c01cc3b2b8/screenshot - {}
RESULT: {"text":"683"}
COMMAND: GET /session/bb1834e335885f2b4fe4c5c01cc3b2b8/screenshot - {}
RESULT: {}
RESULT: {}
COMMAND: POST /session/bb1834e335885f2b4fe4c5c01cc3b2b8/element - {"using":"xpath","value":"//li[.//span[text()='683']]"}
RESULT: {"using":"xpath","value":"//li[.//span[text()='683']]"}
COMMAND: POST /session/bb1834e335885f2b4fe4c5c01cc3b2b8/element/f.C3E96304196E694327087280E5B350FD.d.49119EFC35012F969B983AFA19019E38.e.3723/click - {}
RESULT: {}
COMMAND: GET /session/bb1834e335885f2b4fe4c5c01cc3b2b8/screenshot - {}
RESULT: {}
COMMAND: POST /session/bb1834e335885f2b4fe4c5c01cc3b2b8/actions - {"actions":[{"id":"action8","type":"key","parameters":{},"actions":[{"type":"keyDown","value":""},{"type":"pause","duration":10},{"type":"keyUp","value":""}]}]}
RESULT: {"actions":[{"id":"action8","type":"key","parameters":{},"actions":[{"type":"keyDown","value":""},{"type":"pause","duration":10},{"type":"keyUp","value":""}]}]}
COMMAND: POST /session/bb1834e335885f2b4fe4c5c01cc3b2b8/execute/async - {"script":"<script> [1562 bytes]","args":[{"selector":{"id":"application-managepartners-display-component---NewPartner--externalCustomerComboBox-application-managepartners-display-component---NewPartner--assignmentsTable-0-vhi"},"wdio_ui5_key":"applicationmanagepartners-display-component---NewPartner--externalCustomerComboBox-application-managepartners-display-component---NewPartner--assignmentsTable-0-vhi"}]}
COMMAND: GET /session/bb1834e335885f2b4fe4c5c01cc3b2b8/screenshot - {}
RESULT: {"script":"<script> [1562 bytes]","args":[{"selector":{"id":"application-managepartners-display-component---NewPartner--externalCustomerComboBox-application-managepartners-display-component---NewPartner--assignmentsTable-0-vhi"},"wdio_ui5_key":"applicationmanagepartners-display-component---NewPartner--externalCustomerComboBox-application-managepartners-display-component---NewPartner--assignmentsTable-0-vhi"}]}
RESULT: undefined
COMMAND: POST /session/bb1834e335885f2b4fe4c5c01cc3b2b8/element - {"using":"xpath","value":"//*[@id=\"application-managepartners-display-component---NewPartner--externalCustomerComboBox-application-managepartners-display-component---NewPartner--assignmentsTable-0-vhi\"]"}
RESULT: {}
RESULT: {"using":"xpath","value":"//*[@id=\"application-managepartners-display-component---NewPartner--externalCustomerComboBox-application-managepartners-display-component---NewPartner--assignmentsTable-0-vhi\"]"}
COMMAND: POST /session/bb1834e335885f2b4fe4c5c01cc3b2b8/element/f.C3E96304196E694327087280E5B350FD.d.49119EFC35012F969B983AFA19019E38.e.3727/click - {}
RESULT: {}
RESULT: undefined
COMMAND: POST /session/bb1834e335885f2b4fe4c5c01cc3b2b8/execute/async - {"script":"<script> [776 bytes]","args":[{"enterText":"300003","selector":{"controlType":"sap.m.SearchField","properties":{"placeholder":"Search"},"searchOpenDialogs":true,"interaction":{"idSuffix":"I"}},"clearTextFirst":true,"interactionType":"ENTER_TEXT"}]}
COMMAND: GET /session/bb1834e335885f2b4fe4c5c01cc3b2b8/screenshot - {}
RESULT: {"script":"<script> [776 bytes]","args":[{"enterText":"300003","selector":{"controlType":"sap.m.SearchField","properties":{"placeholder":"Search"},"searchOpenDialogs":true,"interaction":{"idSuffix":"I"}},"clearTextFirst":true,"interactionType":"ENTER_TEXT"}]}
COMMAND: POST /session/bb1834e335885f2b4fe4c5c01cc3b2b8/actions - {"actions":[{"id":"action9","type":"key","parameters":{},"actions":[{"type":"keyDown","value":""},{"type":"pause","duration":10},{"type":"keyUp","value":""}]}]}
RESULT: {}
RESULT: {"actions":[{"id":"action9","type":"key","parameters":{},"actions":[{"type":"keyDown","value":""},{"type":"pause","duration":10},{"type":"keyUp","value":""}]}]}
COMMAND: GET /session/bb1834e335885f2b4fe4c5c01cc3b2b8/screenshot - {}
RESULT: {}
COMMAND: POST /session/bb1834e335885f2b4fe4c5c01cc3b2b8/element - {"using":"xpath","value":"//span[contains(text(), \"300003\")]"}
RESULT: {"using":"xpath","value":"//span[contains(text(), \"300003\")]"}
COMMAND: POST /session/bb1834e335885f2b4fe4c5c01cc3b2b8/element/f.C3E96304196E694327087280E5B350FD.d.49119EFC35012F969B983AFA19019E38.e.3745/click - {}
RESULT: {}
COMMAND: GET /session/bb1834e335885f2b4fe4c5c01cc3b2b8/screenshot - {}
RESULT: {}
COMMAND: POST /session/bb1834e335885f2b4fe4c5c01cc3b2b8/element - {"using":"xpath","value":"//bdi[contains(text(), \"OK\")]"}
RESULT: {"using":"xpath","value":"//bdi[contains(text(), \"OK\")]"}
COMMAND: POST /session/bb1834e335885f2b4fe4c5c01cc3b2b8/element/f.C3E96304196E694327087280E5B350FD.d.49119EFC35012F969B983AFA19019E38.e.3747/click - {}
RESULT: {}
COMMAND: GET /session/bb1834e335885f2b4fe4c5c01cc3b2b8/screenshot - {}
COMMAND: POST /session/bb1834e335885f2b4fe4c5c01cc3b2b8/execute/async - {"script":"<script> [1562 bytes]","args":[{"selector":{"id":"application-managepartners-display-component---NewPartner--intercompVendorComboBox-application-managepartners-display-component---NewPartner--assignmentsTable-0-vhi"},"wdio_ui5_key":"applicationmanagepartners-display-component---NewPartner--intercompVendorComboBox-application-managepartners-display-component---NewPartner--assignmentsTable-0-vhi"}]}
RESULT: {}
RESULT: {"script":"<script> [1562 bytes]","args":[{"selector":{"id":"application-managepartners-display-component---NewPartner--intercompVendorComboBox-application-managepartners-display-component---NewPartner--assignmentsTable-0-vhi"},"wdio_ui5_key":"applicationmanagepartners-display-component---NewPartner--intercompVendorComboBox-application-managepartners-display-component---NewPartner--assignmentsTable-0-vhi"}]}
RESULT: undefined
COMMAND: POST /session/bb1834e335885f2b4fe4c5c01cc3b2b8/element - {"using":"xpath","value":"//*[@id=\"application-managepartners-display-component---NewPartner--intercompVendorComboBox-application-managepartners-display-component---NewPartner--assignmentsTable-0-vhi\"]"}
RESULT: {"using":"xpath","value":"//*[@id=\"application-managepartners-display-component---NewPartner--intercompVendorComboBox-application-managepartners-display-component---NewPartner--assignmentsTable-0-vhi\"]"}
COMMAND: POST /session/bb1834e335885f2b4fe4c5c01cc3b2b8/element/f.C3E96304196E694327087280E5B350FD.d.49119EFC35012F969B983AFA19019E38.e.3751/click - {}
RESULT: {}
RESULT: undefined
COMMAND: POST /session/bb1834e335885f2b4fe4c5c01cc3b2b8/execute/async - {"script":"<script> [776 bytes]","args":[{"enterText":"100005","selector":{"controlType":"sap.m.SearchField","properties":{"placeholder":"Search"},"searchOpenDialogs":true,"interaction":{"idSuffix":"I"}},"clearTextFirst":true,"interactionType":"ENTER_TEXT"}]}
COMMAND: GET /session/bb1834e335885f2b4fe4c5c01cc3b2b8/screenshot - {}
RESULT: {"script":"<script> [776 bytes]","args":[{"enterText":"100005","selector":{"controlType":"sap.m.SearchField","properties":{"placeholder":"Search"},"searchOpenDialogs":true,"interaction":{"idSuffix":"I"}},"clearTextFirst":true,"interactionType":"ENTER_TEXT"}]}
COMMAND: POST /session/bb1834e335885f2b4fe4c5c01cc3b2b8/actions - {"actions":[{"id":"action10","type":"key","parameters":{},"actions":[{"type":"keyDown","value":""},{"type":"pause","duration":10},{"type":"keyUp","value":""}]}]}
RESULT: {}
RESULT: {"actions":[{"id":"action10","type":"key","parameters":{},"actions":[{"type":"keyDown","value":""},{"type":"pause","duration":10},{"type":"keyUp","value":""}]}]}
COMMAND: GET /session/bb1834e335885f2b4fe4c5c01cc3b2b8/screenshot - {}
RESULT: {}
COMMAND: POST /session/bb1834e335885f2b4fe4c5c01cc3b2b8/element - {"using":"xpath","value":"//span[contains(text(), \"Penguins - Field/12345 Berlin\")]"}
RESULT: {"using":"xpath","value":"//span[contains(text(), \"Penguins - Field/12345 Berlin\")]"}
COMMAND: POST /session/bb1834e335885f2b4fe4c5c01cc3b2b8/element/f.C3E96304196E694327087280E5B350FD.d.49119EFC35012F969B983AFA19019E38.e.3771/click - {}
RESULT: {}
COMMAND: GET /session/bb1834e335885f2b4fe4c5c01cc3b2b8/screenshot - {}
RESULT: {}
COMMAND: POST /session/bb1834e335885f2b4fe4c5c01cc3b2b8/element - {"using":"xpath","value":"//bdi[contains(text(), \"OK\")]"}
RESULT: {"using":"xpath","value":"//bdi[contains(text(), \"OK\")]"}
COMMAND: POST /session/bb1834e335885f2b4fe4c5c01cc3b2b8/element/f.C3E96304196E694327087280E5B350FD.d.49119EFC35012F969B983AFA19019E38.e.3772/click - {}
RESULT: {}
COMMAND: GET /session/bb1834e335885f2b4fe4c5c01cc3b2b8/screenshot - {}
RESULT: {}
COMMAND: POST /session/bb1834e335885f2b4fe4c5c01cc3b2b8/element - {"using":"xpath","value":"//button[@data-kt=\"saveButton\"]"}
RESULT: {"using":"xpath","value":"//button[@data-kt=\"saveButton\"]"}
COMMAND: POST /session/bb1834e335885f2b4fe4c5c01cc3b2b8/element/f.C3E96304196E694327087280E5B350FD.d.49119EFC35012F969B983AFA19019E38.e.3592/click - {}
RESULT: {}
COMMAND: GET /session/bb1834e335885f2b4fe4c5c01cc3b2b8/screenshot - {}
RESULT: {}
COMMAND: POST /session/bb1834e335885f2b4fe4c5c01cc3b2b8/element - {"using":"xpath","value":"//header[contains(@id, 'ObjectPageLayout-headerTitle')]/div[1]/div[2]/div[2]/span[1]"}
RESULT: {"using":"xpath","value":"//header[contains(@id, 'ObjectPageLayout-headerTitle')]/div[1]/div[2]/div[2]/span[1]"}
COMMAND: POST /session/bb1834e335885f2b4fe4c5c01cc3b2b8/elements - {"using":"xpath","value":"//header[contains(@id, 'ObjectPageLayout-headerTitle')]/div[1]/div[2]/div[2]/span[1]"}
RESULT: {"using":"xpath","value":"//header[contains(@id, 'ObjectPageLayout-headerTitle')]/div[1]/div[2]/div[2]/span[1]"}
COMMAND: POST /session/bb1834e335885f2b4fe4c5c01cc3b2b8/execute/sync - {"script":"<script> [56 bytes]","args":[{"element-6066-11e4-a52e-4f735466cecf":"f.C3E96304196E694327087280E5B350FD.d.49119EFC35012F969B983AFA19019E38.e.3936","ELEMENT":"f.C3E96304196E694327087280E5B350FD.d.49119EFC35012F969B983AFA19019E38.e.3936"}]}
RESULT: {"script":"<script> [56 bytes]","args":[{"element-6066-11e4-a52e-4f735466cecf":"f.C3E96304196E694327087280E5B350FD.d.49119EFC35012F969B983AFA19019E38.e.3936","ELEMENT":"f.C3E96304196E694327087280E5B350FD.d.49119EFC35012F969B983AFA19019E38.e.3936"}]}
COMMAND: POST /session/bb1834e335885f2b4fe4c5c01cc3b2b8/element - {"using":"css selector","value":"#shell-header-logo"}
COMMAND: GET /session/bb1834e335885f2b4fe4c5c01cc3b2b8/screenshot - {}
RESULT: {"using":"css selector","value":"#shell-header-logo"}
COMMAND: POST /session/bb1834e335885f2b4fe4c5c01cc3b2b8/element/f.C3E96304196E694327087280E5B350FD.d.49119EFC35012F969B983AFA19019E38.e.3158/click - {}
RESULT: {}
RESULT: {}
COMMAND: GET /session/bb1834e335885f2b4fe4c5c01cc3b2b8/screenshot - {}
RESULT: {}
COMMAND: POST /session/bb1834e335885f2b4fe4c5c01cc3b2b8/execute/sync - {"script":"<script> [299 bytes]","args":[["getModel","getResource"]]}
RESULT: {"script":"<script> [299 bytes]","args":[["getModel","getResource"]]}
RESULT: undefined
COMMAND: POST /session/bb1834e335885f2b4fe4c5c01cc3b2b8/element - {"using":"xpath","value":"//*[@id=\"__tile30\"]"}
COMMAND: GET /session/bb1834e335885f2b4fe4c5c01cc3b2b8/screenshot - {}
RESULT: {"using":"xpath","value":"//*[@id=\"__tile30\"]"}
COMMAND: POST /session/bb1834e335885f2b4fe4c5c01cc3b2b8/element/f.C3E96304196E694327087280E5B350FD.d.49119EFC35012F969B983AFA19019E38.e.3070/click - {}
RESULT: {}
RESULT: {}
COMMAND: GET /session/bb1834e335885f2b4fe4c5c01cc3b2b8/screenshot - {}
RESULT: {}
COMMAND: POST /session/bb1834e335885f2b4fe4c5c01cc3b2b8/elements - {"using":"xpath","value":"//span[text()='Error']"}
RESULT: {"using":"xpath","value":"//span[text()='Error']"}
COMMAND: POST /session/bb1834e335885f2b4fe4c5c01cc3b2b8/element - {"using":"xpath","value":"//button[@data-kt=\"addButton\"]"}
RESULT: {"using":"xpath","value":"//button[@data-kt=\"addButton\"]"}
COMMAND: POST /session/bb1834e335885f2b4fe4c5c01cc3b2b8/elements - {"using":"xpath","value":"//button[@data-kt=\"addButton\"]"}
RESULT: {"using":"xpath","value":"//button[@data-kt=\"addButton\"]"}
COMMAND: POST /session/bb1834e335885f2b4fe4c5c01cc3b2b8/execute/sync - {"script":"<script> [8489 bytes]","args":[{"element-6066-11e4-a52e-4f735466cecf":"f.C3E96304196E694327087280E5B350FD.d.49119EFC35012F969B983AFA19019E38.e.3983","ELEMENT":"f.C3E96304196E694327087280E5B350FD.d.49119EFC35012F969B983AFA19019E38.e.3983"}]}
RESULT: {"script":"<script> [8489 bytes]","args":[{"element-6066-11e4-a52e-4f735466cecf":"f.C3E96304196E694327087280E5B350FD.d.49119EFC35012F969B983AFA19019E38.e.3983","ELEMENT":"f.C3E96304196E694327087280E5B350FD.d.49119EFC35012F969B983AFA19019E38.e.3983"}]}
COMMAND: GET /session/bb1834e335885f2b4fe4c5c01cc3b2b8/element/f.C3E96304196E694327087280E5B350FD.d.49119EFC35012F969B983AFA19019E38.e.3983/enabled - {}
COMMAND: GET /session/bb1834e335885f2b4fe4c5c01cc3b2b8/screenshot - {}
RESULT: {}
COMMAND: POST /session/bb1834e335885f2b4fe4c5c01cc3b2b8/execute/sync - {"script":"<script> [8489 bytes]","args":[{"element-6066-11e4-a52e-4f735466cecf":"f.C3E96304196E694327087280E5B350FD.d.49119EFC35012F969B983AFA19019E38.e.3983","ELEMENT":"f.C3E96304196E694327087280E5B350FD.d.49119EFC35012F969B983AFA19019E38.e.3983"}]}
COMMAND: GET /session/bb1834e335885f2b4fe4c5c01cc3b2b8/screenshot - {}
RESULT: {}
RESULT: {"script":"<script> [8489 bytes]","args":[{"element-6066-11e4-a52e-4f735466cecf":"f.C3E96304196E694327087280E5B350FD.d.49119EFC35012F969B983AFA19019E38.e.3983","ELEMENT":"f.C3E96304196E694327087280E5B350FD.d.49119EFC35012F969B983AFA19019E38.e.3983"}]}
COMMAND: POST /session/bb1834e335885f2b4fe4c5c01cc3b2b8/execute/sync - {"script":"<script> [5351 bytes]","args":[{"element-6066-11e4-a52e-4f735466cecf":"f.C3E96304196E694327087280E5B350FD.d.49119EFC35012F969B983AFA19019E38.e.3983","ELEMENT":"f.C3E96304196E694327087280E5B350FD.d.49119EFC35012F969B983AFA19019E38.e.3983"}]}
COMMAND: GET /session/bb1834e335885f2b4fe4c5c01cc3b2b8/screenshot - {}
RESULT: {}
RESULT: {"script":"<script> [5351 bytes]","args":[{"element-6066-11e4-a52e-4f735466cecf":"f.C3E96304196E694327087280E5B350FD.d.49119EFC35012F969B983AFA19019E38.e.3983","ELEMENT":"f.C3E96304196E694327087280E5B350FD.d.49119EFC35012F969B983AFA19019E38.e.3983"}]}
COMMAND: GET /session/bb1834e335885f2b4fe4c5c01cc3b2b8/screenshot - {}
RESULT: {}
RESULT: {}
COMMAND: POST /session/bb1834e335885f2b4fe4c5c01cc3b2b8/execute/async - {"script":"<script> [1562 bytes]","args":[{"selector":{"id":"application-managepartners-display-component---masterPtm--smartFilterBar-btnBasicSearch","interaction":{"idSuffix":"I"}},"wdio_ui5_key":"applicationmanagepartners-display-component---masterPtm--smartFilterBar-btnBasicSearch"}]}
RESULT: {"script":"<script> [1562 bytes]","args":[{"selector":{"id":"application-managepartners-display-component---masterPtm--smartFilterBar-btnBasicSearch","interaction":{"idSuffix":"I"}},"wdio_ui5_key":"applicationmanagepartners-display-component---masterPtm--smartFilterBar-btnBasicSearch"}]}
RESULT: undefined
COMMAND: POST /session/bb1834e335885f2b4fe4c5c01cc3b2b8/execute/async - {"script":"<script> [776 bytes]","args":[{"enterText":"1447","selector":{"id":"application-managepartners-display-component---masterPtm--smartFilterBar-btnBasicSearch","interaction":{"idSuffix":"I"}},"clearTextFirst":true,"interactionType":"ENTER_TEXT"}]}
RESULT: {"script":"<script> [776 bytes]","args":[{"enterText":"1447","selector":{"id":"application-managepartners-display-component---masterPtm--smartFilterBar-btnBasicSearch","interaction":{"idSuffix":"I"}},"clearTextFirst":true,"interactionType":"ENTER_TEXT"}]}
COMMAND: POST /session/bb1834e335885f2b4fe4c5c01cc3b2b8/actions - {"actions":[{"id":"action11","type":"key","parameters":{},"actions":[{"type":"keyDown","value":""},{"type":"pause","duration":10},{"type":"keyUp","value":""}]}]}
RESULT: {"actions":[{"id":"action11","type":"key","parameters":{},"actions":[{"type":"keyDown","value":""},{"type":"pause","duration":10},{"type":"keyUp","value":""}]}]}
COMMAND: GET /session/bb1834e335885f2b4fe4c5c01cc3b2b8/screenshot - {}
RESULT: {}
COMMAND: POST /session/bb1834e335885f2b4fe4c5c01cc3b2b8/elements - {"using":"xpath","value":"//table[contains(@id, \"customPartnersTable-listUl\")]/tbody/tr"}
RESULT: {"using":"xpath","value":"//table[contains(@id, \"customPartnersTable-listUl\")]/tbody/tr"}
COMMAND: POST /session/bb1834e335885f2b4fe4c5c01cc3b2b8/element - {"using":"xpath","value":"//table[contains(@id, \"customPartnersTable-listUl\")]/tbody/tr[1]/td[3]/span"}
RESULT: {"using":"xpath","value":"//table[contains(@id, \"customPartnersTable-listUl\")]/tbody/tr[1]/td[3]/span"}
COMMAND: POST /session/bb1834e335885f2b4fe4c5c01cc3b2b8/elements - {"using":"xpath","value":"//table[contains(@id, \"customPartnersTable-listUl\")]/tbody/tr[1]/td[3]/span"}
RESULT: {"using":"xpath","value":"//table[contains(@id, \"customPartnersTable-listUl\")]/tbody/tr[1]/td[3]/span"}
COMMAND: POST /session/bb1834e335885f2b4fe4c5c01cc3b2b8/execute/sync - {"script":"<script> [56 bytes]","args":[{"element-6066-11e4-a52e-4f735466cecf":"f.C3E96304196E694327087280E5B350FD.d.49119EFC35012F969B983AFA19019E38.e.4117","ELEMENT":"f.C3E96304196E694327087280E5B350FD.d.49119EFC35012F969B983AFA19019E38.e.4117"}]}
RESULT: {"script":"<script> [56 bytes]","args":[{"element-6066-11e4-a52e-4f735466cecf":"f.C3E96304196E694327087280E5B350FD.d.49119EFC35012F969B983AFA19019E38.e.4117","ELEMENT":"f.C3E96304196E694327087280E5B350FD.d.49119EFC35012F969B983AFA19019E38.e.4117"}]}
COMMAND: POST /session/bb1834e335885f2b4fe4c5c01cc3b2b8/element - {"using":"xpath","value":"(//span[contains(@id, \"imgNav\")])[1]"}
COMMAND: GET /session/bb1834e335885f2b4fe4c5c01cc3b2b8/screenshot - {}
RESULT: {"using":"xpath","value":"(//span[contains(@id, \"imgNav\")])[1]"}
COMMAND: POST /session/bb1834e335885f2b4fe4c5c01cc3b2b8/element/f.C3E96304196E694327087280E5B350FD.d.49119EFC35012F969B983AFA19019E38.e.4115/click - {}
RESULT: {}
RESULT: {}
COMMAND: GET /session/bb1834e335885f2b4fe4c5c01cc3b2b8/screenshot - {}
RESULT: {}
COMMAND: POST /session/bb1834e335885f2b4fe4c5c01cc3b2b8/element - {"using":"xpath","value":"//bdi[contains(text(), \"Edit\")]"}
RESULT: {"using":"xpath","value":"//bdi[contains(text(), \"Edit\")]"}
COMMAND: POST /session/bb1834e335885f2b4fe4c5c01cc3b2b8/element/f.C3E96304196E694327087280E5B350FD.d.49119EFC35012F969B983AFA19019E38.e.4260/click - {}
RESULT: {}
COMMAND: GET /session/bb1834e335885f2b4fe4c5c01cc3b2b8/screenshot - {}
RESULT: {}
COMMAND: POST /session/bb1834e335885f2b4fe4c5c01cc3b2b8/execute/async - {"script":"<script> [1562 bytes]","args":[{"selector":{"controlType":"sap.m.Input","viewName":"etm.portal.ui.managepartners.view.EditDetail","labelFor":{"text":"Name"},"interaction":{"idSuffix":"inner"}},"wdio_ui5_key":"etmportal.ui.managepartners.view.EditDetailsap.m.Input{\"text\":\"Name\"}"}]}
RESULT: {"script":"<script> [1562 bytes]","args":[{"selector":{"controlType":"sap.m.Input","viewName":"etm.portal.ui.managepartners.view.EditDetail","labelFor":{"text":"Name"},"interaction":{"idSuffix":"inner"}},"wdio_ui5_key":"etmportal.ui.managepartners.view.EditDetailsap.m.Input{\"text\":\"Name\"}"}]}
RESULT: undefined
COMMAND: POST /session/bb1834e335885f2b4fe4c5c01cc3b2b8/execute/async - {"script":"<script> [776 bytes]","args":[{"enterText":"Intercompany EDIT","selector":{"controlType":"sap.m.Input","viewName":"etm.portal.ui.managepartners.view.EditDetail","labelFor":{"text":"Name"},"interaction":{"idSuffix":"inner"}},"clearTextFirst":true,"interactionType":"ENTER_TEXT"}]}
RESULT: {"script":"<script> [776 bytes]","args":[{"enterText":"Intercompany EDIT","selector":{"controlType":"sap.m.Input","viewName":"etm.portal.ui.managepartners.view.EditDetail","labelFor":{"text":"Name"},"interaction":{"idSuffix":"inner"}},"clearTextFirst":true,"interactionType":"ENTER_TEXT"}]}
COMMAND: POST /session/bb1834e335885f2b4fe4c5c01cc3b2b8/element - {"using":"xpath","value":"(//span[contains(@id,\"addressDetailDetailsLanguage-arrow\")])[1]"}
RESULT: {"using":"xpath","value":"(//span[contains(@id,\"addressDetailDetailsLanguage-arrow\")])[1]"}
COMMAND: POST /session/bb1834e335885f2b4fe4c5c01cc3b2b8/element/f.C3E96304196E694327087280E5B350FD.d.49119EFC35012F969B983AFA19019E38.e.4342/click - {}
RESULT: {}
COMMAND: POST /session/bb1834e335885f2b4fe4c5c01cc3b2b8/element - {"using":"xpath","value":"//span[contains(text(), \"Chinese\")]"}
COMMAND: GET /session/bb1834e335885f2b4fe4c5c01cc3b2b8/screenshot - {}
RESULT: {"using":"xpath","value":"//span[contains(text(), \"Chinese\")]"}
COMMAND: POST /session/bb1834e335885f2b4fe4c5c01cc3b2b8/element/f.C3E96304196E694327087280E5B350FD.d.49119EFC35012F969B983AFA19019E38.e.4343/click - {}
RESULT: {}
RESULT: {}
COMMAND: GET /session/bb1834e335885f2b4fe4c5c01cc3b2b8/screenshot - {}
RESULT: {}
COMMAND: POST /session/bb1834e335885f2b4fe4c5c01cc3b2b8/execute/async - {"script":"<script> [1562 bytes]","args":[{"selector":{"controlType":"sap.m.Input","viewName":"etm.portal.ui.managepartners.view.EditDetail","labelFor":{"text":"City"},"interaction":{"idSuffix":"inner"}},"wdio_ui5_key":"etmportal.ui.managepartners.view.EditDetailsap.m.Input{\"text\":\"City\"}"}]}
RESULT: {"script":"<script> [1562 bytes]","args":[{"selector":{"controlType":"sap.m.Input","viewName":"etm.portal.ui.managepartners.view.EditDetail","labelFor":{"text":"City"},"interaction":{"idSuffix":"inner"}},"wdio_ui5_key":"etmportal.ui.managepartners.view.EditDetailsap.m.Input{\"text\":\"City\"}"}]}
RESULT: undefined
COMMAND: POST /session/bb1834e335885f2b4fe4c5c01cc3b2b8/execute/async - {"script":"<script> [776 bytes]","args":[{"enterText":"Clooj-Napoca","selector":{"controlType":"sap.m.Input","viewName":"etm.portal.ui.managepartners.view.EditDetail","labelFor":{"text":"City"},"interaction":{"idSuffix":"inner"}},"clearTextFirst":true,"interactionType":"ENTER_TEXT"}]}
RESULT: {"script":"<script> [776 bytes]","args":[{"enterText":"Clooj-Napoca","selector":{"controlType":"sap.m.Input","viewName":"etm.portal.ui.managepartners.view.EditDetail","labelFor":{"text":"City"},"interaction":{"idSuffix":"inner"}},"clearTextFirst":true,"interactionType":"ENTER_TEXT"}]}
COMMAND: POST /session/bb1834e335885f2b4fe4c5c01cc3b2b8/element - {"using":"xpath","value":"//button[@data-kt=\"saveButton\"]"}
RESULT: {"using":"xpath","value":"//button[@data-kt=\"saveButton\"]"}
COMMAND: POST /session/bb1834e335885f2b4fe4c5c01cc3b2b8/element/f.C3E96304196E694327087280E5B350FD.d.49119EFC35012F969B983AFA19019E38.e.4319/click - {}
RESULT: {}
COMMAND: GET /session/bb1834e335885f2b4fe4c5c01cc3b2b8/screenshot - {}
RESULT: {}
COMMAND: POST /session/bb1834e335885f2b4fe4c5c01cc3b2b8/execute/async - {"script":"<script> [1562 bytes]","args":[{"selector":{"id":"application-managepartners-display-component---detailPtm--addressDetailDetailsName1"},"wdio_ui5_key":"applicationmanagepartners-display-component---detailPtm--addressDetailDetailsName1"}]}
RESULT: {"script":"<script> [1562 bytes]","args":[{"selector":{"id":"application-managepartners-display-component---detailPtm--addressDetailDetailsName1"},"wdio_ui5_key":"applicationmanagepartners-display-component---detailPtm--addressDetailDetailsName1"}]}
RESULT: undefined
COMMAND: POST /session/bb1834e335885f2b4fe4c5c01cc3b2b8/execute/async - {"script":"<script> [6424 bytes]","args":[{"element-6066-11e4-a52e-4f735466cecf":"f.C3E96304196E694327087280E5B350FD.d.49119EFC35012F969B983AFA19019E38.e.4374"},"getValue",[]]}
RESULT: {"script":"<script> [6424 bytes]","args":[{"element-6066-11e4-a52e-4f735466cecf":"f.C3E96304196E694327087280E5B350FD.d.49119EFC35012F969B983AFA19019E38.e.4374"},"getValue",[]]}
COMMAND: POST /session/bb1834e335885f2b4fe4c5c01cc3b2b8/element - {"using":"xpath","value":"//input[@id = \"application-managepartners-display-component---detailPtm--addressDetailDetailsLanguage-inner\"]"}
RESULT: {"using":"xpath","value":"//input[@id = \"application-managepartners-display-component---detailPtm--addressDetailDetailsLanguage-inner\"]"}
COMMAND: GET /session/bb1834e335885f2b4fe4c5c01cc3b2b8/element/f.C3E96304196E694327087280E5B350FD.d.49119EFC35012F969B983AFA19019E38.e.4375/property/value - {}
RESULT: {}
COMMAND: POST /session/bb1834e335885f2b4fe4c5c01cc3b2b8/execute/async - {"script":"<script> [1562 bytes]","args":[{"selector":{"id":"application-managepartners-display-component---detailPtm--addressDetailDetailsCity1"},"wdio_ui5_key":"applicationmanagepartners-display-component---detailPtm--addressDetailDetailsCity1"}]}
COMMAND: GET /session/bb1834e335885f2b4fe4c5c01cc3b2b8/screenshot - {}
RESULT: {"script":"<script> [1562 bytes]","args":[{"selector":{"id":"application-managepartners-display-component---detailPtm--addressDetailDetailsCity1"},"wdio_ui5_key":"applicationmanagepartners-display-component---detailPtm--addressDetailDetailsCity1"}]}
RESULT: undefined
COMMAND: POST /session/bb1834e335885f2b4fe4c5c01cc3b2b8/execute/async - {"script":"<script> [6424 bytes]","args":[{"element-6066-11e4-a52e-4f735466cecf":"f.C3E96304196E694327087280E5B350FD.d.49119EFC35012F969B983AFA19019E38.e.4376"},"getValue",[]]}
RESULT: {}
RESULT: {"script":"<script> [6424 bytes]","args":[{"element-6066-11e4-a52e-4f735466cecf":"f.C3E96304196E694327087280E5B350FD.d.49119EFC35012F969B983AFA19019E38.e.4376"},"getValue",[]]}
COMMAND: POST /session/bb1834e335885f2b4fe4c5c01cc3b2b8/element - {"using":"css selector","value":"#shell-header-logo"}
RESULT: {"using":"css selector","value":"#shell-header-logo"}
COMMAND: POST /session/bb1834e335885f2b4fe4c5c01cc3b2b8/element/f.C3E96304196E694327087280E5B350FD.d.49119EFC35012F969B983AFA19019E38.e.3939/click - {}
RESULT: {}
COMMAND: GET /session/bb1834e335885f2b4fe4c5c01cc3b2b8/screenshot - {}
RESULT: {}
]]></system-out>
    </testcase>
    <testcase classname="chrome.136_0_7103_93.windows.Partner_specific_tests_US150819_US151080_US151654_US151176_US103444_US151078_US151079_US151109_US151174_US151175_US151189" name="Should create a new intracompany partner edit some of its fields US151079" time="295.77">
      <system-out><![CDATA[
COMMAND: POST /session/bb1834e335885f2b4fe4c5c01cc3b2b8/element - {"using":"xpath","value":"//li[.//span[text()=\"Manage Partners\"]]"}
RESULT: {"using":"xpath","value":"//li[.//span[text()=\"Manage Partners\"]]"}
COMMAND: POST /session/bb1834e335885f2b4fe4c5c01cc3b2b8/element - {"using":"xpath","value":"//li[.//span[text()=\"Manage Partners\"]]"}
RESULT: {"using":"xpath","value":"//li[.//span[text()=\"Manage Partners\"]]"}
COMMAND: POST /session/bb1834e335885f2b4fe4c5c01cc3b2b8/element - {"using":"css selector","value":"#shell-header-logo"}
RESULT: {"using":"css selector","value":"#shell-header-logo"}
COMMAND: POST /session/bb1834e335885f2b4fe4c5c01cc3b2b8/element/f.C3E96304196E694327087280E5B350FD.d.49119EFC35012F969B983AFA19019E38.e.4407/click - {}
COMMAND: POST /session/bb1834e335885f2b4fe4c5c01cc3b2b8/execute/sync - {"script":"<script> [8489 bytes]","args":[{"element-6066-11e4-a52e-4f735466cecf":"f.C3E96304196E694327087280E5B350FD.d.49119EFC35012F969B983AFA19019E38.e.4407","ELEMENT":"f.C3E96304196E694327087280E5B350FD.d.49119EFC35012F969B983AFA19019E38.e.4407"}]}
RESULT: {"script":"<script> [8489 bytes]","args":[{"element-6066-11e4-a52e-4f735466cecf":"f.C3E96304196E694327087280E5B350FD.d.49119EFC35012F969B983AFA19019E38.e.4407","ELEMENT":"f.C3E96304196E694327087280E5B350FD.d.49119EFC35012F969B983AFA19019E38.e.4407"}]}
COMMAND: POST /session/bb1834e335885f2b4fe4c5c01cc3b2b8/execute/sync - {"script":"<script> [5351 bytes]","args":[{"element-6066-11e4-a52e-4f735466cecf":"f.C3E96304196E694327087280E5B350FD.d.49119EFC35012F969B983AFA19019E38.e.4407","ELEMENT":"f.C3E96304196E694327087280E5B350FD.d.49119EFC35012F969B983AFA19019E38.e.4407"}]}
COMMAND: GET /session/bb1834e335885f2b4fe4c5c01cc3b2b8/screenshot - {}
RESULT: {}
COMMAND: GET /session/bb1834e335885f2b4fe4c5c01cc3b2b8/screenshot - {}
RESULT: {"script":"<script> [5351 bytes]","args":[{"element-6066-11e4-a52e-4f735466cecf":"f.C3E96304196E694327087280E5B350FD.d.49119EFC35012F969B983AFA19019E38.e.4407","ELEMENT":"f.C3E96304196E694327087280E5B350FD.d.49119EFC35012F969B983AFA19019E38.e.4407"}]}
COMMAND: GET /session/bb1834e335885f2b4fe4c5c01cc3b2b8/screenshot - {}
RESULT: {}
RESULT: {}
RESULT: {}
COMMAND: POST /session/bb1834e335885f2b4fe4c5c01cc3b2b8/refresh - {}
RESULT: {}
COMMAND: GET /session/bb1834e335885f2b4fe4c5c01cc3b2b8/screenshot - {}
RESULT: {}
COMMAND: POST /session/bb1834e335885f2b4fe4c5c01cc3b2b8/refresh - {}
RESULT: {}
COMMAND: GET /session/bb1834e335885f2b4fe4c5c01cc3b2b8/screenshot - {}
RESULT: {}
COMMAND: POST /session/bb1834e335885f2b4fe4c5c01cc3b2b8/window/fullscreen - {}
RESULT: {}
COMMAND: POST /session/bb1834e335885f2b4fe4c5c01cc3b2b8/execute/async - {"script":"<script> [189 bytes]","args":[]}
RESULT: {"script":"<script> [189 bytes]","args":[]}
COMMAND: POST /session/bb1834e335885f2b4fe4c5c01cc3b2b8/execute/async - {"script":"<script> [123 bytes]","args":[]}
RESULT: {"script":"<script> [123 bytes]","args":[]}
COMMAND: POST /session/bb1834e335885f2b4fe4c5c01cc3b2b8/timeouts - {"script":"<number>"}
RESULT: {"script":"<number>"}
COMMAND: GET /session/bb1834e335885f2b4fe4c5c01cc3b2b8/timeouts - {}
RESULT: {}
RESULT: undefined
COMMAND: POST /session/bb1834e335885f2b4fe4c5c01cc3b2b8/execute/async - {"script":"<script> [2676 bytes]","args":[]}
RESULT: {"script":"<script> [2676 bytes]","args":[]}
COMMAND: POST /session/bb1834e335885f2b4fe4c5c01cc3b2b8/execute/async - {"script":"<script> [2342 bytes]","args":[{"protocol":"http","hostname":"0.0.0.0","path":"/","capabilities":{"browserName":"chrome","goog:chromeOptions":{"binary":"C:\\Program Files\\Google\\Chrome\\Application\\chrome.exe","args":["--start-maximized"]}},"logLevel":"warn","connectionRetryTimeout":120000,"connectionRetryCount":3,"logLevels":{},"enableDirectConnect":true,"strictSSL":true,"_":"65 more keys: [\"cacheDir\",\"port\",\"requestedCapabilities\",\"automationProtocol\",\"baseUrl\",\"waitforInterval\",\"waitforTimeout\",\"onReload\",\"beforeCommand\",\"afterCommand\",\"rootDir\",\"specs\",\"suites\",\"exclude\",\"groupLogsByTestSpec\",\"excludeDriverLogs\",\"bail\",\"framework\",\"reporters\",\"services\",\"maxInstances\",\"maxInstancesPerCapability\",\"injectGlobals\",\"filesToWatch\",\"execArgv\",\"runnerEnv\",\"runner\",\"shard\",\"specFileRetries\",\"specFileRetriesDelay\",\"specFileRetriesDeferred\",\"reporterSyncInterval\",\"reporterSyncTimeout\",\"cucumberFeaturesWithLineNumbers\",\"autoCompileOpts\",\"mochaOpts\",\"jasmineOpts\",\"cucumberOpts\",\"onPrepare\",\"onWorkerStart\",\"onWorkerEnd\",\"before\",\"beforeSession\",\"beforeSuite\",\"beforeHook\",\"beforeTest\",\"afterTest\",\"afterHook\",\"afterSuite\",\"afterSession\",\"after\",\"onComplete\",\"beforeAssertion\",\"afterAssertion\",\"beforeFeature\",\"beforeScenario\",\"beforeStep\",\"afterStep\",\"afterScenario\",\"afterFeature\",\"_\",\"suite\",\"$0\",\"ignoredWorkerServices\",\"wdi5\"]"}]}
RESULT: {"script":"<script> [2342 bytes]","args":[{"protocol":"http","hostname":"0.0.0.0","path":"/","capabilities":{"browserName":"chrome","goog:chromeOptions":{"binary":"C:\\Program Files\\Google\\Chrome\\Application\\chrome.exe","args":["--start-maximized"]}},"logLevel":"warn","connectionRetryTimeout":120000,"connectionRetryCount":3,"logLevels":{},"enableDirectConnect":true,"strictSSL":true,"_":"65 more keys: [\"cacheDir\",\"port\",\"requestedCapabilities\",\"automationProtocol\",\"baseUrl\",\"waitforInterval\",\"waitforTimeout\",\"onReload\",\"beforeCommand\",\"afterCommand\",\"rootDir\",\"specs\",\"suites\",\"exclude\",\"groupLogsByTestSpec\",\"excludeDriverLogs\",\"bail\",\"framework\",\"reporters\",\"services\",\"maxInstances\",\"maxInstancesPerCapability\",\"injectGlobals\",\"filesToWatch\",\"execArgv\",\"runnerEnv\",\"runner\",\"shard\",\"specFileRetries\",\"specFileRetriesDelay\",\"specFileRetriesDeferred\",\"reporterSyncInterval\",\"reporterSyncTimeout\",\"cucumberFeaturesWithLineNumbers\",\"autoCompileOpts\",\"mochaOpts\",\"jasmineOpts\",\"cucumberOpts\",\"onPrepare\",\"onWorkerStart\",\"onWorkerEnd\",\"before\",\"beforeSession\",\"beforeSuite\",\"beforeHook\",\"beforeTest\",\"afterTest\",\"afterHook\",\"afterSuite\",\"afterSession\",\"after\",\"onComplete\",\"beforeAssertion\",\"afterAssertion\",\"beforeFeature\",\"beforeScenario\",\"beforeStep\",\"afterStep\",\"afterScenario\",\"afterFeature\",\"_\",\"suite\",\"$0\",\"ignoredWorkerServices\",\"wdi5\"]"}]}
COMMAND: POST /session/bb1834e335885f2b4fe4c5c01cc3b2b8/execute/async - {"script":"<script> [21126 bytes]","args":[35000]}
RESULT: {"script":"<script> [21126 bytes]","args":[35000]}
COMMAND: POST /session/bb1834e335885f2b4fe4c5c01cc3b2b8/window/fullscreen - {}
RESULT: {}
COMMAND: POST /session/bb1834e335885f2b4fe4c5c01cc3b2b8/window/fullscreen - {}
RESULT: {}
COMMAND: POST /session/bb1834e335885f2b4fe4c5c01cc3b2b8/execute/async - {"script":"<script> [1562 bytes]","args":[{"selector":{"controlType":"sap.m.GenericTile","properties":{"header":"Manage Partners"}},"wdio_ui5_key":"sapm.GenericTile{\"header\":\"Manage Partners\"}"}]}
RESULT: {"script":"<script> [1562 bytes]","args":[{"selector":{"controlType":"sap.m.GenericTile","properties":{"header":"Manage Partners"}},"wdio_ui5_key":"sapm.GenericTile{\"header\":\"Manage Partners\"}"}]}
RESULT: undefined
COMMAND: POST /session/bb1834e335885f2b4fe4c5c01cc3b2b8/element - {"using":"xpath","value":"//*[@id=\"__tile30\"]"}
RESULT: {"using":"xpath","value":"//*[@id=\"__tile30\"]"}
COMMAND: POST /session/bb1834e335885f2b4fe4c5c01cc3b2b8/element/f.C3E96304196E694327087280E5B350FD.d.18951174137B50A34417294109A3E9C8.e.4473/click - {}
RESULT: {}
COMMAND: GET /session/bb1834e335885f2b4fe4c5c01cc3b2b8/screenshot - {}
RESULT: {}
COMMAND: POST /session/bb1834e335885f2b4fe4c5c01cc3b2b8/elements - {"using":"xpath","value":"//span[text()='Error']"}
RESULT: {"using":"xpath","value":"//span[text()='Error']"}
COMMAND: POST /session/bb1834e335885f2b4fe4c5c01cc3b2b8/element - {"using":"xpath","value":"//button[@data-kt=\"addButton\"]"}
RESULT: {"using":"xpath","value":"//button[@data-kt=\"addButton\"]"}
COMMAND: POST /session/bb1834e335885f2b4fe4c5c01cc3b2b8/elements - {"using":"xpath","value":"//button[@data-kt=\"addButton\"]"}
RESULT: {"using":"xpath","value":"//button[@data-kt=\"addButton\"]"}
COMMAND: POST /session/bb1834e335885f2b4fe4c5c01cc3b2b8/elements - {"using":"xpath","value":"//button[@data-kt=\"addButton\"]"}
RESULT: {"using":"xpath","value":"//button[@data-kt=\"addButton\"]"}
COMMAND: POST /session/bb1834e335885f2b4fe4c5c01cc3b2b8/elements - {"using":"xpath","value":"//button[@data-kt=\"addButton\"]"}
RESULT: {"using":"xpath","value":"//button[@data-kt=\"addButton\"]"}
COMMAND: POST /session/bb1834e335885f2b4fe4c5c01cc3b2b8/elements - {"using":"xpath","value":"//button[@data-kt=\"addButton\"]"}
RESULT: {"using":"xpath","value":"//button[@data-kt=\"addButton\"]"}
COMMAND: POST /session/bb1834e335885f2b4fe4c5c01cc3b2b8/elements - {"using":"xpath","value":"//button[@data-kt=\"addButton\"]"}
RESULT: {"using":"xpath","value":"//button[@data-kt=\"addButton\"]"}
COMMAND: POST /session/bb1834e335885f2b4fe4c5c01cc3b2b8/elements - {"using":"xpath","value":"//button[@data-kt=\"addButton\"]"}
RESULT: {"using":"xpath","value":"//button[@data-kt=\"addButton\"]"}
COMMAND: POST /session/bb1834e335885f2b4fe4c5c01cc3b2b8/elements - {"using":"xpath","value":"//button[@data-kt=\"addButton\"]"}
RESULT: {"using":"xpath","value":"//button[@data-kt=\"addButton\"]"}
COMMAND: POST /session/bb1834e335885f2b4fe4c5c01cc3b2b8/elements - {"using":"xpath","value":"//button[@data-kt=\"addButton\"]"}
RESULT: {"using":"xpath","value":"//button[@data-kt=\"addButton\"]"}
COMMAND: POST /session/bb1834e335885f2b4fe4c5c01cc3b2b8/elements - {"using":"xpath","value":"//button[@data-kt=\"addButton\"]"}
RESULT: {"using":"xpath","value":"//button[@data-kt=\"addButton\"]"}
COMMAND: POST /session/bb1834e335885f2b4fe4c5c01cc3b2b8/elements - {"using":"xpath","value":"//button[@data-kt=\"addButton\"]"}
RESULT: {"using":"xpath","value":"//button[@data-kt=\"addButton\"]"}
COMMAND: POST /session/bb1834e335885f2b4fe4c5c01cc3b2b8/elements - {"using":"xpath","value":"//button[@data-kt=\"addButton\"]"}
RESULT: {"using":"xpath","value":"//button[@data-kt=\"addButton\"]"}
COMMAND: POST /session/bb1834e335885f2b4fe4c5c01cc3b2b8/element - {"using":"xpath","value":"//button[@data-kt=\"addButton\"]"}
RESULT: {"using":"xpath","value":"//button[@data-kt=\"addButton\"]"}
COMMAND: POST /session/bb1834e335885f2b4fe4c5c01cc3b2b8/execute/sync - {"script":"<script> [8489 bytes]","args":[{"element-6066-11e4-a52e-4f735466cecf":"f.C3E96304196E694327087280E5B350FD.d.18951174137B50A34417294109A3E9C8.e.4589","ELEMENT":"f.C3E96304196E694327087280E5B350FD.d.18951174137B50A34417294109A3E9C8.e.4589"}]}
RESULT: {"script":"<script> [8489 bytes]","args":[{"element-6066-11e4-a52e-4f735466cecf":"f.C3E96304196E694327087280E5B350FD.d.18951174137B50A34417294109A3E9C8.e.4589","ELEMENT":"f.C3E96304196E694327087280E5B350FD.d.18951174137B50A34417294109A3E9C8.e.4589"}]}
COMMAND: GET /session/bb1834e335885f2b4fe4c5c01cc3b2b8/element/f.C3E96304196E694327087280E5B350FD.d.18951174137B50A34417294109A3E9C8.e.4589/enabled - {}
COMMAND: GET /session/bb1834e335885f2b4fe4c5c01cc3b2b8/screenshot - {}
RESULT: {}
COMMAND: POST /session/bb1834e335885f2b4fe4c5c01cc3b2b8/execute/sync - {"script":"<script> [8489 bytes]","args":[{"element-6066-11e4-a52e-4f735466cecf":"f.C3E96304196E694327087280E5B350FD.d.18951174137B50A34417294109A3E9C8.e.4589","ELEMENT":"f.C3E96304196E694327087280E5B350FD.d.18951174137B50A34417294109A3E9C8.e.4589"}]}
COMMAND: GET /session/bb1834e335885f2b4fe4c5c01cc3b2b8/screenshot - {}
RESULT: {}
RESULT: {"script":"<script> [8489 bytes]","args":[{"element-6066-11e4-a52e-4f735466cecf":"f.C3E96304196E694327087280E5B350FD.d.18951174137B50A34417294109A3E9C8.e.4589","ELEMENT":"f.C3E96304196E694327087280E5B350FD.d.18951174137B50A34417294109A3E9C8.e.4589"}]}
COMMAND: POST /session/bb1834e335885f2b4fe4c5c01cc3b2b8/execute/sync - {"script":"<script> [5351 bytes]","args":[{"element-6066-11e4-a52e-4f735466cecf":"f.C3E96304196E694327087280E5B350FD.d.18951174137B50A34417294109A3E9C8.e.4589","ELEMENT":"f.C3E96304196E694327087280E5B350FD.d.18951174137B50A34417294109A3E9C8.e.4589"}]}
COMMAND: GET /session/bb1834e335885f2b4fe4c5c01cc3b2b8/screenshot - {}
RESULT: {}
RESULT: {"script":"<script> [5351 bytes]","args":[{"element-6066-11e4-a52e-4f735466cecf":"f.C3E96304196E694327087280E5B350FD.d.18951174137B50A34417294109A3E9C8.e.4589","ELEMENT":"f.C3E96304196E694327087280E5B350FD.d.18951174137B50A34417294109A3E9C8.e.4589"}]}
COMMAND: POST /session/bb1834e335885f2b4fe4c5c01cc3b2b8/element/f.C3E96304196E694327087280E5B350FD.d.18951174137B50A34417294109A3E9C8.e.4589/click - {}
COMMAND: GET /session/bb1834e335885f2b4fe4c5c01cc3b2b8/screenshot - {}
RESULT: {}
RESULT: {}
COMMAND: GET /session/bb1834e335885f2b4fe4c5c01cc3b2b8/screenshot - {}
COMMAND: POST /session/bb1834e335885f2b4fe4c5c01cc3b2b8/execute/async - {"script":"<script> [1562 bytes]","args":[{"selector":{"id":"application-managepartners-display-component---NewPartner--addressDetailDetailsName1","interaction":{"idSuffix":"inner"}},"wdio_ui5_key":"applicationmanagepartners-display-component---NewPartner--addressDetailDetailsName1"}]}
RESULT: {}
RESULT: {}
RESULT: {"script":"<script> [1562 bytes]","args":[{"selector":{"id":"application-managepartners-display-component---NewPartner--addressDetailDetailsName1","interaction":{"idSuffix":"inner"}},"wdio_ui5_key":"applicationmanagepartners-display-component---NewPartner--addressDetailDetailsName1"}]}
RESULT: undefined
COMMAND: POST /session/bb1834e335885f2b4fe4c5c01cc3b2b8/execute/async - {"script":"<script> [776 bytes]","args":[{"enterText":"Intracompany Partner WDIO","selector":{"id":"application-managepartners-display-component---NewPartner--addressDetailDetailsName1","interaction":{"idSuffix":"inner"}},"clearTextFirst":true,"interactionType":"ENTER_TEXT"}]}
RESULT: {"script":"<script> [776 bytes]","args":[{"enterText":"Intracompany Partner WDIO","selector":{"id":"application-managepartners-display-component---NewPartner--addressDetailDetailsName1","interaction":{"idSuffix":"inner"}},"clearTextFirst":true,"interactionType":"ENTER_TEXT"}]}
COMMAND: POST /session/bb1834e335885f2b4fe4c5c01cc3b2b8/execute/async - {"script":"<script> [1562 bytes]","args":[{"selector":{"id":"application-managepartners-display-component---NewPartner--addressDetailDetailsLanguage-arrow"},"wdio_ui5_key":"applicationmanagepartners-display-component---NewPartner--addressDetailDetailsLanguage-arrow"}]}
RESULT: {"script":"<script> [1562 bytes]","args":[{"selector":{"id":"application-managepartners-display-component---NewPartner--addressDetailDetailsLanguage-arrow"},"wdio_ui5_key":"applicationmanagepartners-display-component---NewPartner--addressDetailDetailsLanguage-arrow"}]}
RESULT: undefined
COMMAND: POST /session/bb1834e335885f2b4fe4c5c01cc3b2b8/element - {"using":"xpath","value":"//*[@id=\"application-managepartners-display-component---NewPartner--addressDetailDetailsLanguage-arrow\"]"}
RESULT: {"using":"xpath","value":"//*[@id=\"application-managepartners-display-component---NewPartner--addressDetailDetailsLanguage-arrow\"]"}
COMMAND: POST /session/bb1834e335885f2b4fe4c5c01cc3b2b8/element/f.C3E96304196E694327087280E5B350FD.d.18951174137B50A34417294109A3E9C8.e.5037/click - {}
RESULT: {}
COMMAND: POST /session/bb1834e335885f2b4fe4c5c01cc3b2b8/element - {"using":"xpath","value":"//span[contains(text(), \"English\")]"}
COMMAND: GET /session/bb1834e335885f2b4fe4c5c01cc3b2b8/screenshot - {}
RESULT: {"using":"xpath","value":"//span[contains(text(), \"English\")]"}
COMMAND: POST /session/bb1834e335885f2b4fe4c5c01cc3b2b8/element/f.C3E96304196E694327087280E5B350FD.d.18951174137B50A34417294109A3E9C8.e.5038/click - {}
RESULT: {}
RESULT: {}
COMMAND: GET /session/bb1834e335885f2b4fe4c5c01cc3b2b8/screenshot - {}
RESULT: {}
COMMAND: POST /session/bb1834e335885f2b4fe4c5c01cc3b2b8/execute/async - {"script":"<script> [1562 bytes]","args":[{"selector":{"id":"application-managepartners-display-component---NewPartner--addressDetailDetailsCity1","interaction":{"idSuffix":"inner"}},"wdio_ui5_key":"applicationmanagepartners-display-component---NewPartner--addressDetailDetailsCity1"}]}
RESULT: {"script":"<script> [1562 bytes]","args":[{"selector":{"id":"application-managepartners-display-component---NewPartner--addressDetailDetailsCity1","interaction":{"idSuffix":"inner"}},"wdio_ui5_key":"applicationmanagepartners-display-component---NewPartner--addressDetailDetailsCity1"}]}
RESULT: undefined
COMMAND: POST /session/bb1834e335885f2b4fe4c5c01cc3b2b8/execute/async - {"script":"<script> [776 bytes]","args":[{"enterText":"Rosario","selector":{"id":"application-managepartners-display-component---NewPartner--addressDetailDetailsCity1","interaction":{"idSuffix":"inner"}},"clearTextFirst":true,"interactionType":"ENTER_TEXT"}]}
RESULT: {"script":"<script> [776 bytes]","args":[{"enterText":"Rosario","selector":{"id":"application-managepartners-display-component---NewPartner--addressDetailDetailsCity1","interaction":{"idSuffix":"inner"}},"clearTextFirst":true,"interactionType":"ENTER_TEXT"}]}
COMMAND: POST /session/bb1834e335885f2b4fe4c5c01cc3b2b8/execute/async - {"script":"<script> [1562 bytes]","args":[{"selector":{"id":"application-managepartners-display-component---NewPartner--addressDetailDetailsCountry-arrow"},"wdio_ui5_key":"applicationmanagepartners-display-component---NewPartner--addressDetailDetailsCountry-arrow"}]}
RESULT: {"script":"<script> [1562 bytes]","args":[{"selector":{"id":"application-managepartners-display-component---NewPartner--addressDetailDetailsCountry-arrow"},"wdio_ui5_key":"applicationmanagepartners-display-component---NewPartner--addressDetailDetailsCountry-arrow"}]}
RESULT: undefined
COMMAND: POST /session/bb1834e335885f2b4fe4c5c01cc3b2b8/element - {"using":"xpath","value":"//*[@id=\"application-managepartners-display-component---NewPartner--addressDetailDetailsCountry-arrow\"]"}
RESULT: {"using":"xpath","value":"//*[@id=\"application-managepartners-display-component---NewPartner--addressDetailDetailsCountry-arrow\"]"}
COMMAND: POST /session/bb1834e335885f2b4fe4c5c01cc3b2b8/element/f.C3E96304196E694327087280E5B350FD.d.18951174137B50A34417294109A3E9C8.e.5024/click - {}
RESULT: {}
COMMAND: POST /session/bb1834e335885f2b4fe4c5c01cc3b2b8/element - {"using":"xpath","value":"//span[contains(text(), \"Argentina\")]"}
COMMAND: GET /session/bb1834e335885f2b4fe4c5c01cc3b2b8/screenshot - {}
RESULT: {"using":"xpath","value":"//span[contains(text(), \"Argentina\")]"}
COMMAND: POST /session/bb1834e335885f2b4fe4c5c01cc3b2b8/element/f.C3E96304196E694327087280E5B350FD.d.18951174137B50A34417294109A3E9C8.e.5040/click - {}
RESULT: {}
RESULT: {}
COMMAND: GET /session/bb1834e335885f2b4fe4c5c01cc3b2b8/screenshot - {}
RESULT: {}
COMMAND: POST /session/bb1834e335885f2b4fe4c5c01cc3b2b8/element - {"using":"xpath","value":"//bdi[contains(text(), \"Commercial\")]"}
RESULT: {"using":"xpath","value":"//bdi[contains(text(), \"Commercial\")]"}
COMMAND: POST /session/bb1834e335885f2b4fe4c5c01cc3b2b8/element/f.C3E96304196E694327087280E5B350FD.d.18951174137B50A34417294109A3E9C8.e.5041/click - {}
RESULT: {}
COMMAND: GET /session/bb1834e335885f2b4fe4c5c01cc3b2b8/screenshot - {}
RESULT: {}
COMMAND: POST /session/bb1834e335885f2b4fe4c5c01cc3b2b8/execute/async - {"script":"<script> [1562 bytes]","args":[{"selector":{"id":"application-managepartners-display-component---NewPartner--partnerDetailInternal-arrow"},"wdio_ui5_key":"applicationmanagepartners-display-component---NewPartner--partnerDetailInternal-arrow"}]}
RESULT: {"script":"<script> [1562 bytes]","args":[{"selector":{"id":"application-managepartners-display-component---NewPartner--partnerDetailInternal-arrow"},"wdio_ui5_key":"applicationmanagepartners-display-component---NewPartner--partnerDetailInternal-arrow"}]}
RESULT: undefined
COMMAND: POST /session/bb1834e335885f2b4fe4c5c01cc3b2b8/element - {"using":"xpath","value":"//*[@id=\"application-managepartners-display-component---NewPartner--partnerDetailInternal-arrow\"]"}
RESULT: {"using":"xpath","value":"//*[@id=\"application-managepartners-display-component---NewPartner--partnerDetailInternal-arrow\"]"}
COMMAND: POST /session/bb1834e335885f2b4fe4c5c01cc3b2b8/element/f.C3E96304196E694327087280E5B350FD.d.18951174137B50A34417294109A3E9C8.e.5049/click - {}
RESULT: {}
COMMAND: POST /session/bb1834e335885f2b4fe4c5c01cc3b2b8/element - {"using":"xpath","value":"//span[contains(text(), \"Affiliated company\")]"}
COMMAND: GET /session/bb1834e335885f2b4fe4c5c01cc3b2b8/screenshot - {}
RESULT: {"using":"xpath","value":"//span[contains(text(), \"Affiliated company\")]"}
COMMAND: POST /session/bb1834e335885f2b4fe4c5c01cc3b2b8/element/f.C3E96304196E694327087280E5B350FD.d.18951174137B50A34417294109A3E9C8.e.5050/click - {}
RESULT: {}
RESULT: {}
COMMAND: POST /session/bb1834e335885f2b4fe4c5c01cc3b2b8/execute/async - {"script":"<script> [1562 bytes]","args":[{"selector":{"id":"application-managepartners-display-component---NewPartner--partnerDetailsCurrency-arrow"},"wdio_ui5_key":"applicationmanagepartners-display-component---NewPartner--partnerDetailsCurrency-arrow"}]}
COMMAND: GET /session/bb1834e335885f2b4fe4c5c01cc3b2b8/screenshot - {}
RESULT: {"script":"<script> [1562 bytes]","args":[{"selector":{"id":"application-managepartners-display-component---NewPartner--partnerDetailsCurrency-arrow"},"wdio_ui5_key":"applicationmanagepartners-display-component---NewPartner--partnerDetailsCurrency-arrow"}]}
RESULT: undefined
COMMAND: POST /session/bb1834e335885f2b4fe4c5c01cc3b2b8/element - {"using":"xpath","value":"//*[@id=\"application-managepartners-display-component---NewPartner--partnerDetailsCurrency-arrow\"]"}
RESULT: {}
RESULT: {"using":"xpath","value":"//*[@id=\"application-managepartners-display-component---NewPartner--partnerDetailsCurrency-arrow\"]"}
COMMAND: POST /session/bb1834e335885f2b4fe4c5c01cc3b2b8/element/f.C3E96304196E694327087280E5B350FD.d.18951174137B50A34417294109A3E9C8.e.5057/click - {}
RESULT: {}
COMMAND: POST /session/bb1834e335885f2b4fe4c5c01cc3b2b8/element - {"using":"xpath","value":"//span[contains(text(), \"Euro\")]"}
COMMAND: GET /session/bb1834e335885f2b4fe4c5c01cc3b2b8/screenshot - {}
RESULT: {"using":"xpath","value":"//span[contains(text(), \"Euro\")]"}
COMMAND: POST /session/bb1834e335885f2b4fe4c5c01cc3b2b8/element/f.C3E96304196E694327087280E5B350FD.d.18951174137B50A34417294109A3E9C8.e.5058/click - {}
RESULT: {}
RESULT: {}
COMMAND: POST /session/bb1834e335885f2b4fe4c5c01cc3b2b8/execute/async - {"script":"<script> [1562 bytes]","args":[{"selector":{"id":"application-managepartners-display-component---NewPartner--addressEditDetailsCostObjectCstType-arrow"},"wdio_ui5_key":"applicationmanagepartners-display-component---NewPartner--addressEditDetailsCostObjectCstType-arrow"}]}
COMMAND: GET /session/bb1834e335885f2b4fe4c5c01cc3b2b8/screenshot - {}
RESULT: {"script":"<script> [1562 bytes]","args":[{"selector":{"id":"application-managepartners-display-component---NewPartner--addressEditDetailsCostObjectCstType-arrow"},"wdio_ui5_key":"applicationmanagepartners-display-component---NewPartner--addressEditDetailsCostObjectCstType-arrow"}]}
RESULT: undefined
COMMAND: POST /session/bb1834e335885f2b4fe4c5c01cc3b2b8/element - {"using":"xpath","value":"//*[@id=\"application-managepartners-display-component---NewPartner--addressEditDetailsCostObjectCstType-arrow\"]"}
RESULT: {}
RESULT: {"using":"xpath","value":"//*[@id=\"application-managepartners-display-component---NewPartner--addressEditDetailsCostObjectCstType-arrow\"]"}
COMMAND: POST /session/bb1834e335885f2b4fe4c5c01cc3b2b8/element/f.C3E96304196E694327087280E5B350FD.d.18951174137B50A34417294109A3E9C8.e.5059/click - {}
RESULT: {}
COMMAND: POST /session/bb1834e335885f2b4fe4c5c01cc3b2b8/element - {"using":"xpath","value":"//span[contains(text(), \"Cost Center\")]"}
COMMAND: GET /session/bb1834e335885f2b4fe4c5c01cc3b2b8/screenshot - {}
RESULT: {"using":"xpath","value":"//span[contains(text(), \"Cost Center\")]"}
COMMAND: POST /session/bb1834e335885f2b4fe4c5c01cc3b2b8/element/f.C3E96304196E694327087280E5B350FD.d.18951174137B50A34417294109A3E9C8.e.5060/click - {}
RESULT: {}
RESULT: {}
COMMAND: GET /session/bb1834e335885f2b4fe4c5c01cc3b2b8/screenshot - {}
RESULT: {}
COMMAND: POST /session/bb1834e335885f2b4fe4c5c01cc3b2b8/element - {"using":"xpath","value":"//span[@id=\"application-managepartners-display-component---NewPartner--addressNewCostObjectCstID-vhi\"]"}
RESULT: {"using":"xpath","value":"//span[@id=\"application-managepartners-display-component---NewPartner--addressNewCostObjectCstID-vhi\"]"}
COMMAND: POST /session/bb1834e335885f2b4fe4c5c01cc3b2b8/execute/sync - {"script":"<script> [8489 bytes]","args":[{"element-6066-11e4-a52e-4f735466cecf":"f.C3E96304196E694327087280E5B350FD.d.18951174137B50A34417294109A3E9C8.e.5064","ELEMENT":"f.C3E96304196E694327087280E5B350FD.d.18951174137B50A34417294109A3E9C8.e.5064"}]}
RESULT: {"script":"<script> [8489 bytes]","args":[{"element-6066-11e4-a52e-4f735466cecf":"f.C3E96304196E694327087280E5B350FD.d.18951174137B50A34417294109A3E9C8.e.5064","ELEMENT":"f.C3E96304196E694327087280E5B350FD.d.18951174137B50A34417294109A3E9C8.e.5064"}]}
COMMAND: POST /session/bb1834e335885f2b4fe4c5c01cc3b2b8/execute/async - {"script":"<script> [1562 bytes]","args":[{"selector":{"id":"application-managepartners-display-component---NewPartner--addressNewCostObjectCstID-vhi"},"wdio_ui5_key":"applicationmanagepartners-display-component---NewPartner--addressNewCostObjectCstID-vhi"}]}
COMMAND: GET /session/bb1834e335885f2b4fe4c5c01cc3b2b8/screenshot - {}
RESULT: {"script":"<script> [1562 bytes]","args":[{"selector":{"id":"application-managepartners-display-component---NewPartner--addressNewCostObjectCstID-vhi"},"wdio_ui5_key":"applicationmanagepartners-display-component---NewPartner--addressNewCostObjectCstID-vhi"}]}
RESULT: undefined
COMMAND: POST /session/bb1834e335885f2b4fe4c5c01cc3b2b8/element - {"using":"xpath","value":"//*[@id=\"application-managepartners-display-component---NewPartner--addressNewCostObjectCstID-vhi\"]"}
RESULT: {}
RESULT: {"using":"xpath","value":"//*[@id=\"application-managepartners-display-component---NewPartner--addressNewCostObjectCstID-vhi\"]"}
COMMAND: POST /session/bb1834e335885f2b4fe4c5c01cc3b2b8/element/f.C3E96304196E694327087280E5B350FD.d.18951174137B50A34417294109A3E9C8.e.5064/click - {}
RESULT: {}
COMMAND: GET /session/bb1834e335885f2b4fe4c5c01cc3b2b8/screenshot - {}
RESULT: {}
COMMAND: POST /session/bb1834e335885f2b4fe4c5c01cc3b2b8/execute/async - {"script":"<script> [1562 bytes]","args":[{"selector":{"controlType":"sap.m.SearchField","properties":{"placeholder":"Search"},"searchOpenDialogs":true,"interaction":{"idSuffix":"I"}},"wdio_ui5_key":"sapm.SearchField{\"placeholder\":\"Search\"}"}]}
RESULT: {"script":"<script> [1562 bytes]","args":[{"selector":{"controlType":"sap.m.SearchField","properties":{"placeholder":"Search"},"searchOpenDialogs":true,"interaction":{"idSuffix":"I"}},"wdio_ui5_key":"sapm.SearchField{\"placeholder\":\"Search\"}"}]}
RESULT: undefined
COMMAND: POST /session/bb1834e335885f2b4fe4c5c01cc3b2b8/execute/async - {"script":"<script> [776 bytes]","args":[{"enterText":"10001013","selector":{"controlType":"sap.m.SearchField","properties":{"placeholder":"Search"},"searchOpenDialogs":true,"interaction":{"idSuffix":"I"}},"clearTextFirst":true,"interactionType":"ENTER_TEXT"}]}
RESULT: {"script":"<script> [776 bytes]","args":[{"enterText":"10001013","selector":{"controlType":"sap.m.SearchField","properties":{"placeholder":"Search"},"searchOpenDialogs":true,"interaction":{"idSuffix":"I"}},"clearTextFirst":true,"interactionType":"ENTER_TEXT"}]}
COMMAND: POST /session/bb1834e335885f2b4fe4c5c01cc3b2b8/actions - {"actions":[{"id":"action12","type":"key","parameters":{},"actions":[{"type":"keyDown","value":""},{"type":"pause","duration":10},{"type":"keyUp","value":""}]}]}
RESULT: {"actions":[{"id":"action12","type":"key","parameters":{},"actions":[{"type":"keyDown","value":""},{"type":"pause","duration":10},{"type":"keyUp","value":""}]}]}
COMMAND: GET /session/bb1834e335885f2b4fe4c5c01cc3b2b8/screenshot - {}
RESULT: {}
COMMAND: POST /session/bb1834e335885f2b4fe4c5c01cc3b2b8/element - {"using":"xpath","value":"//span[contains(text(), \"General Management\")]"}
RESULT: {"using":"xpath","value":"//span[contains(text(), \"General Management\")]"}
COMMAND: POST /session/bb1834e335885f2b4fe4c5c01cc3b2b8/element/f.C3E96304196E694327087280E5B350FD.d.18951174137B50A34417294109A3E9C8.e.5107/click - {}
RESULT: {}
COMMAND: GET /session/bb1834e335885f2b4fe4c5c01cc3b2b8/screenshot - {}
RESULT: {}
COMMAND: POST /session/bb1834e335885f2b4fe4c5c01cc3b2b8/element - {"using":"xpath","value":"//bdi[contains(text(), \"OK\")]"}
RESULT: {"using":"xpath","value":"//bdi[contains(text(), \"OK\")]"}
COMMAND: POST /session/bb1834e335885f2b4fe4c5c01cc3b2b8/element/f.C3E96304196E694327087280E5B350FD.d.18951174137B50A34417294109A3E9C8.e.5108/click - {}
RESULT: {}
COMMAND: GET /session/bb1834e335885f2b4fe4c5c01cc3b2b8/screenshot - {}
RESULT: {}
COMMAND: POST /session/bb1834e335885f2b4fe4c5c01cc3b2b8/element - {"using":"xpath","value":"//input[@id=\"application-managepartners-display-component---NewPartner--companyCodeComboBox-inner\"]"}
RESULT: {"using":"xpath","value":"//input[@id=\"application-managepartners-display-component---NewPartner--companyCodeComboBox-inner\"]"}
COMMAND: POST /session/bb1834e335885f2b4fe4c5c01cc3b2b8/element/f.C3E96304196E694327087280E5B350FD.d.18951174137B50A34417294109A3E9C8.e.4915/clear - {}
RESULT: {}
COMMAND: POST /session/bb1834e335885f2b4fe4c5c01cc3b2b8/element/f.C3E96304196E694327087280E5B350FD.d.18951174137B50A34417294109A3E9C8.e.4915/value - {"text":"1000"}
COMMAND: GET /session/bb1834e335885f2b4fe4c5c01cc3b2b8/screenshot - {}
RESULT: {"text":"1000"}
COMMAND: GET /session/bb1834e335885f2b4fe4c5c01cc3b2b8/screenshot - {}
RESULT: {}
RESULT: {}
COMMAND: POST /session/bb1834e335885f2b4fe4c5c01cc3b2b8/element - {"using":"xpath","value":"//li[.//span[text()= \"1000\"]]"}
RESULT: {"using":"xpath","value":"//li[.//span[text()= \"1000\"]]"}
COMMAND: POST /session/bb1834e335885f2b4fe4c5c01cc3b2b8/element/f.C3E96304196E694327087280E5B350FD.d.18951174137B50A34417294109A3E9C8.e.5114/click - {}
RESULT: {}
COMMAND: GET /session/bb1834e335885f2b4fe4c5c01cc3b2b8/screenshot - {}
RESULT: {}
COMMAND: POST /session/bb1834e335885f2b4fe4c5c01cc3b2b8/execute/async - {"script":"<script> [1562 bytes]","args":[{"selector":{"id":"application-managepartners-display-component---NewPartner--btnAddTableRow-img"},"wdio_ui5_key":"applicationmanagepartners-display-component---NewPartner--btnAddTableRow-img"}]}
RESULT: {"script":"<script> [1562 bytes]","args":[{"selector":{"id":"application-managepartners-display-component---NewPartner--btnAddTableRow-img"},"wdio_ui5_key":"applicationmanagepartners-display-component---NewPartner--btnAddTableRow-img"}]}
RESULT: undefined
COMMAND: POST /session/bb1834e335885f2b4fe4c5c01cc3b2b8/element - {"using":"xpath","value":"//*[@id=\"application-managepartners-display-component---NewPartner--btnAddTableRow-img\"]"}
RESULT: {"using":"xpath","value":"//*[@id=\"application-managepartners-display-component---NewPartner--btnAddTableRow-img\"]"}
COMMAND: POST /session/bb1834e335885f2b4fe4c5c01cc3b2b8/element/f.C3E96304196E694327087280E5B350FD.d.18951174137B50A34417294109A3E9C8.e.5115/click - {}
RESULT: {}
COMMAND: GET /session/bb1834e335885f2b4fe4c5c01cc3b2b8/screenshot - {}
RESULT: {}
COMMAND: POST /session/bb1834e335885f2b4fe4c5c01cc3b2b8/element - {"using":"xpath","value":"//input[@id=\"application-managepartners-display-component---NewPartner--assignmentYard-application-managepartners-display-component---NewPartner--assignmentsTable-0-inner\"]"}
RESULT: {"using":"xpath","value":"//input[@id=\"application-managepartners-display-component---NewPartner--assignmentYard-application-managepartners-display-component---NewPartner--assignmentsTable-0-inner\"]"}
COMMAND: POST /session/bb1834e335885f2b4fe4c5c01cc3b2b8/element/f.C3E96304196E694327087280E5B350FD.d.18951174137B50A34417294109A3E9C8.e.5118/clear - {}
RESULT: {}
COMMAND: POST /session/bb1834e335885f2b4fe4c5c01cc3b2b8/element/f.C3E96304196E694327087280E5B350FD.d.18951174137B50A34417294109A3E9C8.e.5118/value - {"text":"683"}
COMMAND: GET /session/bb1834e335885f2b4fe4c5c01cc3b2b8/screenshot - {}
RESULT: {"text":"683"}
COMMAND: GET /session/bb1834e335885f2b4fe4c5c01cc3b2b8/screenshot - {}
RESULT: {}
RESULT: {}
COMMAND: POST /session/bb1834e335885f2b4fe4c5c01cc3b2b8/element - {"using":"xpath","value":"//li[.//span[text()='683']]"}
RESULT: {"using":"xpath","value":"//li[.//span[text()='683']]"}
COMMAND: POST /session/bb1834e335885f2b4fe4c5c01cc3b2b8/element/f.C3E96304196E694327087280E5B350FD.d.18951174137B50A34417294109A3E9C8.e.5127/click - {}
RESULT: {}
COMMAND: GET /session/bb1834e335885f2b4fe4c5c01cc3b2b8/screenshot - {}
RESULT: {}
COMMAND: POST /session/bb1834e335885f2b4fe4c5c01cc3b2b8/actions - {"actions":[{"id":"action13","type":"key","parameters":{},"actions":[{"type":"keyDown","value":""},{"type":"pause","duration":10},{"type":"keyUp","value":""}]}]}
RESULT: {"actions":[{"id":"action13","type":"key","parameters":{},"actions":[{"type":"keyDown","value":""},{"type":"pause","duration":10},{"type":"keyUp","value":""}]}]}
COMMAND: POST /session/bb1834e335885f2b4fe4c5c01cc3b2b8/execute/async - {"script":"<script> [1562 bytes]","args":[{"selector":{"id":"application-managepartners-display-component---NewPartner--externalCustomerComboBox-application-managepartners-display-component---NewPartner--assignmentsTable-0-vhi"},"wdio_ui5_key":"applicationmanagepartners-display-component---NewPartner--externalCustomerComboBox-application-managepartners-display-component---NewPartner--assignmentsTable-0-vhi"}]}
COMMAND: GET /session/bb1834e335885f2b4fe4c5c01cc3b2b8/screenshot - {}
RESULT: {"script":"<script> [1562 bytes]","args":[{"selector":{"id":"application-managepartners-display-component---NewPartner--externalCustomerComboBox-application-managepartners-display-component---NewPartner--assignmentsTable-0-vhi"},"wdio_ui5_key":"applicationmanagepartners-display-component---NewPartner--externalCustomerComboBox-application-managepartners-display-component---NewPartner--assignmentsTable-0-vhi"}]}
RESULT: undefined
COMMAND: POST /session/bb1834e335885f2b4fe4c5c01cc3b2b8/element - {"using":"xpath","value":"//*[@id=\"application-managepartners-display-component---NewPartner--externalCustomerComboBox-application-managepartners-display-component---NewPartner--assignmentsTable-0-vhi\"]"}
RESULT: {}
RESULT: {"using":"xpath","value":"//*[@id=\"application-managepartners-display-component---NewPartner--externalCustomerComboBox-application-managepartners-display-component---NewPartner--assignmentsTable-0-vhi\"]"}
COMMAND: POST /session/bb1834e335885f2b4fe4c5c01cc3b2b8/element/f.C3E96304196E694327087280E5B350FD.d.18951174137B50A34417294109A3E9C8.e.5131/click - {}
RESULT: {}
RESULT: undefined
COMMAND: POST /session/bb1834e335885f2b4fe4c5c01cc3b2b8/execute/async - {"script":"<script> [776 bytes]","args":[{"enterText":"300003","selector":{"controlType":"sap.m.SearchField","properties":{"placeholder":"Search"},"searchOpenDialogs":true,"interaction":{"idSuffix":"I"}},"clearTextFirst":true,"interactionType":"ENTER_TEXT"}]}
COMMAND: GET /session/bb1834e335885f2b4fe4c5c01cc3b2b8/screenshot - {}
RESULT: {"script":"<script> [776 bytes]","args":[{"enterText":"300003","selector":{"controlType":"sap.m.SearchField","properties":{"placeholder":"Search"},"searchOpenDialogs":true,"interaction":{"idSuffix":"I"}},"clearTextFirst":true,"interactionType":"ENTER_TEXT"}]}
COMMAND: POST /session/bb1834e335885f2b4fe4c5c01cc3b2b8/actions - {"actions":[{"id":"action14","type":"key","parameters":{},"actions":[{"type":"keyDown","value":""},{"type":"pause","duration":10},{"type":"keyUp","value":""}]}]}
RESULT: {}
RESULT: {"actions":[{"id":"action14","type":"key","parameters":{},"actions":[{"type":"keyDown","value":""},{"type":"pause","duration":10},{"type":"keyUp","value":""}]}]}
COMMAND: GET /session/bb1834e335885f2b4fe4c5c01cc3b2b8/screenshot - {}
RESULT: {}
COMMAND: POST /session/bb1834e335885f2b4fe4c5c01cc3b2b8/element - {"using":"xpath","value":"//span[contains(text(), \"300003\")]"}
RESULT: {"using":"xpath","value":"//span[contains(text(), \"300003\")]"}
COMMAND: POST /session/bb1834e335885f2b4fe4c5c01cc3b2b8/element/f.C3E96304196E694327087280E5B350FD.d.18951174137B50A34417294109A3E9C8.e.5149/click - {}
RESULT: {}
COMMAND: GET /session/bb1834e335885f2b4fe4c5c01cc3b2b8/screenshot - {}
RESULT: {}
COMMAND: POST /session/bb1834e335885f2b4fe4c5c01cc3b2b8/element - {"using":"xpath","value":"//bdi[contains(text(), \"OK\")]"}
RESULT: {"using":"xpath","value":"//bdi[contains(text(), \"OK\")]"}
COMMAND: POST /session/bb1834e335885f2b4fe4c5c01cc3b2b8/element/f.C3E96304196E694327087280E5B350FD.d.18951174137B50A34417294109A3E9C8.e.5151/click - {}
RESULT: {}
COMMAND: GET /session/bb1834e335885f2b4fe4c5c01cc3b2b8/screenshot - {}
RESULT: {}
COMMAND: POST /session/bb1834e335885f2b4fe4c5c01cc3b2b8/execute/async - {"script":"<script> [1562 bytes]","args":[{"selector":{"id":"application-managepartners-display-component---NewPartner--intercompVendorComboBox-application-managepartners-display-component---NewPartner--assignmentsTable-0-vhi"},"wdio_ui5_key":"applicationmanagepartners-display-component---NewPartner--intercompVendorComboBox-application-managepartners-display-component---NewPartner--assignmentsTable-0-vhi"}]}
RESULT: {"script":"<script> [1562 bytes]","args":[{"selector":{"id":"application-managepartners-display-component---NewPartner--intercompVendorComboBox-application-managepartners-display-component---NewPartner--assignmentsTable-0-vhi"},"wdio_ui5_key":"applicationmanagepartners-display-component---NewPartner--intercompVendorComboBox-application-managepartners-display-component---NewPartner--assignmentsTable-0-vhi"}]}
RESULT: undefined
COMMAND: POST /session/bb1834e335885f2b4fe4c5c01cc3b2b8/element - {"using":"xpath","value":"//*[@id=\"application-managepartners-display-component---NewPartner--intercompVendorComboBox-application-managepartners-display-component---NewPartner--assignmentsTable-0-vhi\"]"}
RESULT: {"using":"xpath","value":"//*[@id=\"application-managepartners-display-component---NewPartner--intercompVendorComboBox-application-managepartners-display-component---NewPartner--assignmentsTable-0-vhi\"]"}
COMMAND: POST /session/bb1834e335885f2b4fe4c5c01cc3b2b8/element/f.C3E96304196E694327087280E5B350FD.d.18951174137B50A34417294109A3E9C8.e.5154/click - {}
RESULT: {}
RESULT: undefined
COMMAND: POST /session/bb1834e335885f2b4fe4c5c01cc3b2b8/execute/async - {"script":"<script> [776 bytes]","args":[{"enterText":"100005","selector":{"controlType":"sap.m.SearchField","properties":{"placeholder":"Search"},"searchOpenDialogs":true,"interaction":{"idSuffix":"I"}},"clearTextFirst":true,"interactionType":"ENTER_TEXT"}]}
COMMAND: GET /session/bb1834e335885f2b4fe4c5c01cc3b2b8/screenshot - {}
RESULT: {"script":"<script> [776 bytes]","args":[{"enterText":"100005","selector":{"controlType":"sap.m.SearchField","properties":{"placeholder":"Search"},"searchOpenDialogs":true,"interaction":{"idSuffix":"I"}},"clearTextFirst":true,"interactionType":"ENTER_TEXT"}]}
COMMAND: POST /session/bb1834e335885f2b4fe4c5c01cc3b2b8/actions - {"actions":[{"id":"action15","type":"key","parameters":{},"actions":[{"type":"keyDown","value":""},{"type":"pause","duration":10},{"type":"keyUp","value":""}]}]}
RESULT: {}
RESULT: {"actions":[{"id":"action15","type":"key","parameters":{},"actions":[{"type":"keyDown","value":""},{"type":"pause","duration":10},{"type":"keyUp","value":""}]}]}
COMMAND: GET /session/bb1834e335885f2b4fe4c5c01cc3b2b8/screenshot - {}
RESULT: {}
COMMAND: POST /session/bb1834e335885f2b4fe4c5c01cc3b2b8/element - {"using":"xpath","value":"//span[contains(text(), \"Penguins - Field/12345 Berlin\")]"}
RESULT: {"using":"xpath","value":"//span[contains(text(), \"Penguins - Field/12345 Berlin\")]"}
COMMAND: POST /session/bb1834e335885f2b4fe4c5c01cc3b2b8/element/f.C3E96304196E694327087280E5B350FD.d.18951174137B50A34417294109A3E9C8.e.5172/click - {}
RESULT: {}
COMMAND: GET /session/bb1834e335885f2b4fe4c5c01cc3b2b8/screenshot - {}
RESULT: {}
COMMAND: POST /session/bb1834e335885f2b4fe4c5c01cc3b2b8/element - {"using":"xpath","value":"//bdi[contains(text(), \"OK\")]"}
RESULT: {"using":"xpath","value":"//bdi[contains(text(), \"OK\")]"}
COMMAND: POST /session/bb1834e335885f2b4fe4c5c01cc3b2b8/element/f.C3E96304196E694327087280E5B350FD.d.18951174137B50A34417294109A3E9C8.e.5173/click - {}
RESULT: {}
COMMAND: GET /session/bb1834e335885f2b4fe4c5c01cc3b2b8/screenshot - {}
RESULT: {}
COMMAND: POST /session/bb1834e335885f2b4fe4c5c01cc3b2b8/element - {"using":"xpath","value":"//button[@data-kt=\"saveButton\"]"}
RESULT: {"using":"xpath","value":"//button[@data-kt=\"saveButton\"]"}
COMMAND: POST /session/bb1834e335885f2b4fe4c5c01cc3b2b8/element/f.C3E96304196E694327087280E5B350FD.d.18951174137B50A34417294109A3E9C8.e.4947/click - {}
RESULT: {}
COMMAND: GET /session/bb1834e335885f2b4fe4c5c01cc3b2b8/screenshot - {}
RESULT: {}
COMMAND: POST /session/bb1834e335885f2b4fe4c5c01cc3b2b8/element - {"using":"xpath","value":"//header[contains(@id, 'ObjectPageLayout-headerTitle')]/div[1]/div[2]/div[2]/span[1]"}
RESULT: {"using":"xpath","value":"//header[contains(@id, 'ObjectPageLayout-headerTitle')]/div[1]/div[2]/div[2]/span[1]"}
COMMAND: POST /session/bb1834e335885f2b4fe4c5c01cc3b2b8/elements - {"using":"xpath","value":"//header[contains(@id, 'ObjectPageLayout-headerTitle')]/div[1]/div[2]/div[2]/span[1]"}
RESULT: {"using":"xpath","value":"//header[contains(@id, 'ObjectPageLayout-headerTitle')]/div[1]/div[2]/div[2]/span[1]"}
COMMAND: POST /session/bb1834e335885f2b4fe4c5c01cc3b2b8/execute/sync - {"script":"<script> [56 bytes]","args":[{"element-6066-11e4-a52e-4f735466cecf":"f.C3E96304196E694327087280E5B350FD.d.18951174137B50A34417294109A3E9C8.e.5340","ELEMENT":"f.C3E96304196E694327087280E5B350FD.d.18951174137B50A34417294109A3E9C8.e.5340"}]}
RESULT: {"script":"<script> [56 bytes]","args":[{"element-6066-11e4-a52e-4f735466cecf":"f.C3E96304196E694327087280E5B350FD.d.18951174137B50A34417294109A3E9C8.e.5340","ELEMENT":"f.C3E96304196E694327087280E5B350FD.d.18951174137B50A34417294109A3E9C8.e.5340"}]}
COMMAND: POST /session/bb1834e335885f2b4fe4c5c01cc3b2b8/element - {"using":"css selector","value":"#shell-header-logo"}
COMMAND: GET /session/bb1834e335885f2b4fe4c5c01cc3b2b8/screenshot - {}
RESULT: {"using":"css selector","value":"#shell-header-logo"}
COMMAND: POST /session/bb1834e335885f2b4fe4c5c01cc3b2b8/element/f.C3E96304196E694327087280E5B350FD.d.18951174137B50A34417294109A3E9C8.e.4554/click - {}
RESULT: {}
RESULT: {}
COMMAND: GET /session/bb1834e335885f2b4fe4c5c01cc3b2b8/screenshot - {}
RESULT: {}
COMMAND: POST /session/bb1834e335885f2b4fe4c5c01cc3b2b8/execute/sync - {"script":"<script> [299 bytes]","args":[["getModel","getResource"]]}
RESULT: {"script":"<script> [299 bytes]","args":[["getModel","getResource"]]}
RESULT: undefined
COMMAND: POST /session/bb1834e335885f2b4fe4c5c01cc3b2b8/element - {"using":"xpath","value":"//*[@id=\"__tile30\"]"}
COMMAND: GET /session/bb1834e335885f2b4fe4c5c01cc3b2b8/screenshot - {}
RESULT: {"using":"xpath","value":"//*[@id=\"__tile30\"]"}
COMMAND: POST /session/bb1834e335885f2b4fe4c5c01cc3b2b8/element/f.C3E96304196E694327087280E5B350FD.d.18951174137B50A34417294109A3E9C8.e.4473/click - {}
RESULT: {}
RESULT: {}
COMMAND: GET /session/bb1834e335885f2b4fe4c5c01cc3b2b8/screenshot - {}
RESULT: {}
COMMAND: POST /session/bb1834e335885f2b4fe4c5c01cc3b2b8/elements - {"using":"xpath","value":"//span[text()='Error']"}
RESULT: {"using":"xpath","value":"//span[text()='Error']"}
COMMAND: POST /session/bb1834e335885f2b4fe4c5c01cc3b2b8/element - {"using":"xpath","value":"//button[@data-kt=\"addButton\"]"}
RESULT: {"using":"xpath","value":"//button[@data-kt=\"addButton\"]"}
COMMAND: POST /session/bb1834e335885f2b4fe4c5c01cc3b2b8/elements - {"using":"xpath","value":"//button[@data-kt=\"addButton\"]"}
RESULT: {"using":"xpath","value":"//button[@data-kt=\"addButton\"]"}
COMMAND: POST /session/bb1834e335885f2b4fe4c5c01cc3b2b8/execute/sync - {"script":"<script> [8489 bytes]","args":[{"element-6066-11e4-a52e-4f735466cecf":"f.C3E96304196E694327087280E5B350FD.d.18951174137B50A34417294109A3E9C8.e.5387","ELEMENT":"f.C3E96304196E694327087280E5B350FD.d.18951174137B50A34417294109A3E9C8.e.5387"}]}
RESULT: {"script":"<script> [8489 bytes]","args":[{"element-6066-11e4-a52e-4f735466cecf":"f.C3E96304196E694327087280E5B350FD.d.18951174137B50A34417294109A3E9C8.e.5387","ELEMENT":"f.C3E96304196E694327087280E5B350FD.d.18951174137B50A34417294109A3E9C8.e.5387"}]}
COMMAND: GET /session/bb1834e335885f2b4fe4c5c01cc3b2b8/element/f.C3E96304196E694327087280E5B350FD.d.18951174137B50A34417294109A3E9C8.e.5387/enabled - {}
COMMAND: GET /session/bb1834e335885f2b4fe4c5c01cc3b2b8/screenshot - {}
RESULT: {}
COMMAND: POST /session/bb1834e335885f2b4fe4c5c01cc3b2b8/execute/sync - {"script":"<script> [8489 bytes]","args":[{"element-6066-11e4-a52e-4f735466cecf":"f.C3E96304196E694327087280E5B350FD.d.18951174137B50A34417294109A3E9C8.e.5387","ELEMENT":"f.C3E96304196E694327087280E5B350FD.d.18951174137B50A34417294109A3E9C8.e.5387"}]}
COMMAND: GET /session/bb1834e335885f2b4fe4c5c01cc3b2b8/screenshot - {}
RESULT: {}
RESULT: {"script":"<script> [8489 bytes]","args":[{"element-6066-11e4-a52e-4f735466cecf":"f.C3E96304196E694327087280E5B350FD.d.18951174137B50A34417294109A3E9C8.e.5387","ELEMENT":"f.C3E96304196E694327087280E5B350FD.d.18951174137B50A34417294109A3E9C8.e.5387"}]}
COMMAND: POST /session/bb1834e335885f2b4fe4c5c01cc3b2b8/execute/sync - {"script":"<script> [5351 bytes]","args":[{"element-6066-11e4-a52e-4f735466cecf":"f.C3E96304196E694327087280E5B350FD.d.18951174137B50A34417294109A3E9C8.e.5387","ELEMENT":"f.C3E96304196E694327087280E5B350FD.d.18951174137B50A34417294109A3E9C8.e.5387"}]}
COMMAND: GET /session/bb1834e335885f2b4fe4c5c01cc3b2b8/screenshot - {}
RESULT: {}
RESULT: {"script":"<script> [5351 bytes]","args":[{"element-6066-11e4-a52e-4f735466cecf":"f.C3E96304196E694327087280E5B350FD.d.18951174137B50A34417294109A3E9C8.e.5387","ELEMENT":"f.C3E96304196E694327087280E5B350FD.d.18951174137B50A34417294109A3E9C8.e.5387"}]}
COMMAND: GET /session/bb1834e335885f2b4fe4c5c01cc3b2b8/screenshot - {}
RESULT: {}
RESULT: {}
COMMAND: POST /session/bb1834e335885f2b4fe4c5c01cc3b2b8/execute/async - {"script":"<script> [1562 bytes]","args":[{"selector":{"id":"application-managepartners-display-component---masterPtm--smartFilterBar-btnBasicSearch","interaction":{"idSuffix":"I"}},"wdio_ui5_key":"applicationmanagepartners-display-component---masterPtm--smartFilterBar-btnBasicSearch"}]}
RESULT: {"script":"<script> [1562 bytes]","args":[{"selector":{"id":"application-managepartners-display-component---masterPtm--smartFilterBar-btnBasicSearch","interaction":{"idSuffix":"I"}},"wdio_ui5_key":"applicationmanagepartners-display-component---masterPtm--smartFilterBar-btnBasicSearch"}]}
RESULT: undefined
COMMAND: POST /session/bb1834e335885f2b4fe4c5c01cc3b2b8/execute/async - {"script":"<script> [776 bytes]","args":[{"enterText":"1448","selector":{"id":"application-managepartners-display-component---masterPtm--smartFilterBar-btnBasicSearch","interaction":{"idSuffix":"I"}},"clearTextFirst":true,"interactionType":"ENTER_TEXT"}]}
RESULT: {"script":"<script> [776 bytes]","args":[{"enterText":"1448","selector":{"id":"application-managepartners-display-component---masterPtm--smartFilterBar-btnBasicSearch","interaction":{"idSuffix":"I"}},"clearTextFirst":true,"interactionType":"ENTER_TEXT"}]}
COMMAND: POST /session/bb1834e335885f2b4fe4c5c01cc3b2b8/actions - {"actions":[{"id":"action16","type":"key","parameters":{},"actions":[{"type":"keyDown","value":""},{"type":"pause","duration":10},{"type":"keyUp","value":""}]}]}
RESULT: {"actions":[{"id":"action16","type":"key","parameters":{},"actions":[{"type":"keyDown","value":""},{"type":"pause","duration":10},{"type":"keyUp","value":""}]}]}
COMMAND: GET /session/bb1834e335885f2b4fe4c5c01cc3b2b8/screenshot - {}
RESULT: {}
COMMAND: POST /session/bb1834e335885f2b4fe4c5c01cc3b2b8/elements - {"using":"xpath","value":"//table[contains(@id, \"customPartnersTable-listUl\")]/tbody/tr"}
RESULT: {"using":"xpath","value":"//table[contains(@id, \"customPartnersTable-listUl\")]/tbody/tr"}
COMMAND: POST /session/bb1834e335885f2b4fe4c5c01cc3b2b8/element - {"using":"xpath","value":"//table[contains(@id, \"customPartnersTable-listUl\")]/tbody/tr[1]/td[3]/span"}
RESULT: {"using":"xpath","value":"//table[contains(@id, \"customPartnersTable-listUl\")]/tbody/tr[1]/td[3]/span"}
COMMAND: POST /session/bb1834e335885f2b4fe4c5c01cc3b2b8/elements - {"using":"xpath","value":"//table[contains(@id, \"customPartnersTable-listUl\")]/tbody/tr[1]/td[3]/span"}
RESULT: {"using":"xpath","value":"//table[contains(@id, \"customPartnersTable-listUl\")]/tbody/tr[1]/td[3]/span"}
COMMAND: POST /session/bb1834e335885f2b4fe4c5c01cc3b2b8/execute/sync - {"script":"<script> [56 bytes]","args":[{"element-6066-11e4-a52e-4f735466cecf":"f.C3E96304196E694327087280E5B350FD.d.18951174137B50A34417294109A3E9C8.e.5523","ELEMENT":"f.C3E96304196E694327087280E5B350FD.d.18951174137B50A34417294109A3E9C8.e.5523"}]}
RESULT: {"script":"<script> [56 bytes]","args":[{"element-6066-11e4-a52e-4f735466cecf":"f.C3E96304196E694327087280E5B350FD.d.18951174137B50A34417294109A3E9C8.e.5523","ELEMENT":"f.C3E96304196E694327087280E5B350FD.d.18951174137B50A34417294109A3E9C8.e.5523"}]}
COMMAND: POST /session/bb1834e335885f2b4fe4c5c01cc3b2b8/element - {"using":"xpath","value":"(//span[contains(@id, \"imgNav\")])[1]"}
COMMAND: GET /session/bb1834e335885f2b4fe4c5c01cc3b2b8/screenshot - {}
RESULT: {"using":"xpath","value":"(//span[contains(@id, \"imgNav\")])[1]"}
COMMAND: POST /session/bb1834e335885f2b4fe4c5c01cc3b2b8/element/f.C3E96304196E694327087280E5B350FD.d.18951174137B50A34417294109A3E9C8.e.5521/click - {}
RESULT: {}
RESULT: {}
COMMAND: GET /session/bb1834e335885f2b4fe4c5c01cc3b2b8/screenshot - {}
RESULT: {}
COMMAND: POST /session/bb1834e335885f2b4fe4c5c01cc3b2b8/element - {"using":"xpath","value":"//bdi[contains(text(), \"Edit\")]"}
RESULT: {"using":"xpath","value":"//bdi[contains(text(), \"Edit\")]"}
COMMAND: POST /session/bb1834e335885f2b4fe4c5c01cc3b2b8/element/f.C3E96304196E694327087280E5B350FD.d.18951174137B50A34417294109A3E9C8.e.5663/click - {}
RESULT: {}
COMMAND: GET /session/bb1834e335885f2b4fe4c5c01cc3b2b8/screenshot - {}
RESULT: {}
COMMAND: POST /session/bb1834e335885f2b4fe4c5c01cc3b2b8/execute/async - {"script":"<script> [1562 bytes]","args":[{"selector":{"controlType":"sap.m.Input","viewName":"etm.portal.ui.managepartners.view.EditDetail","labelFor":{"text":"Name"},"interaction":{"idSuffix":"inner"}},"wdio_ui5_key":"etmportal.ui.managepartners.view.EditDetailsap.m.Input{\"text\":\"Name\"}"}]}
RESULT: {"script":"<script> [1562 bytes]","args":[{"selector":{"controlType":"sap.m.Input","viewName":"etm.portal.ui.managepartners.view.EditDetail","labelFor":{"text":"Name"},"interaction":{"idSuffix":"inner"}},"wdio_ui5_key":"etmportal.ui.managepartners.view.EditDetailsap.m.Input{\"text\":\"Name\"}"}]}
RESULT: undefined
COMMAND: POST /session/bb1834e335885f2b4fe4c5c01cc3b2b8/execute/async - {"script":"<script> [776 bytes]","args":[{"enterText":"Intracompany EDIT","selector":{"controlType":"sap.m.Input","viewName":"etm.portal.ui.managepartners.view.EditDetail","labelFor":{"text":"Name"},"interaction":{"idSuffix":"inner"}},"clearTextFirst":true,"interactionType":"ENTER_TEXT"}]}
RESULT: {"script":"<script> [776 bytes]","args":[{"enterText":"Intracompany EDIT","selector":{"controlType":"sap.m.Input","viewName":"etm.portal.ui.managepartners.view.EditDetail","labelFor":{"text":"Name"},"interaction":{"idSuffix":"inner"}},"clearTextFirst":true,"interactionType":"ENTER_TEXT"}]}
COMMAND: POST /session/bb1834e335885f2b4fe4c5c01cc3b2b8/element - {"using":"xpath","value":"(//span[contains(@id,\"addressDetailDetailsLanguage-arrow\")])[1]"}
RESULT: {"using":"xpath","value":"(//span[contains(@id,\"addressDetailDetailsLanguage-arrow\")])[1]"}
COMMAND: POST /session/bb1834e335885f2b4fe4c5c01cc3b2b8/element/f.C3E96304196E694327087280E5B350FD.d.18951174137B50A34417294109A3E9C8.e.5745/click - {}
RESULT: {}
COMMAND: POST /session/bb1834e335885f2b4fe4c5c01cc3b2b8/element - {"using":"xpath","value":"//span[contains(text(), \"Chinese\")]"}
COMMAND: GET /session/bb1834e335885f2b4fe4c5c01cc3b2b8/screenshot - {}
RESULT: {"using":"xpath","value":"//span[contains(text(), \"Chinese\")]"}
COMMAND: POST /session/bb1834e335885f2b4fe4c5c01cc3b2b8/element/f.C3E96304196E694327087280E5B350FD.d.18951174137B50A34417294109A3E9C8.e.5746/click - {}
RESULT: {}
RESULT: {}
COMMAND: GET /session/bb1834e335885f2b4fe4c5c01cc3b2b8/screenshot - {}
RESULT: {}
COMMAND: POST /session/bb1834e335885f2b4fe4c5c01cc3b2b8/execute/async - {"script":"<script> [1562 bytes]","args":[{"selector":{"controlType":"sap.m.Input","viewName":"etm.portal.ui.managepartners.view.EditDetail","labelFor":{"text":"City"},"interaction":{"idSuffix":"inner"}},"wdio_ui5_key":"etmportal.ui.managepartners.view.EditDetailsap.m.Input{\"text\":\"City\"}"}]}
RESULT: {"script":"<script> [1562 bytes]","args":[{"selector":{"controlType":"sap.m.Input","viewName":"etm.portal.ui.managepartners.view.EditDetail","labelFor":{"text":"City"},"interaction":{"idSuffix":"inner"}},"wdio_ui5_key":"etmportal.ui.managepartners.view.EditDetailsap.m.Input{\"text\":\"City\"}"}]}
RESULT: undefined
COMMAND: POST /session/bb1834e335885f2b4fe4c5c01cc3b2b8/execute/async - {"script":"<script> [776 bytes]","args":[{"enterText":"Clooj-Napoca","selector":{"controlType":"sap.m.Input","viewName":"etm.portal.ui.managepartners.view.EditDetail","labelFor":{"text":"City"},"interaction":{"idSuffix":"inner"}},"clearTextFirst":true,"interactionType":"ENTER_TEXT"}]}
RESULT: {"script":"<script> [776 bytes]","args":[{"enterText":"Clooj-Napoca","selector":{"controlType":"sap.m.Input","viewName":"etm.portal.ui.managepartners.view.EditDetail","labelFor":{"text":"City"},"interaction":{"idSuffix":"inner"}},"clearTextFirst":true,"interactionType":"ENTER_TEXT"}]}
COMMAND: POST /session/bb1834e335885f2b4fe4c5c01cc3b2b8/element - {"using":"xpath","value":"//button[@data-kt=\"saveButton\"]"}
RESULT: {"using":"xpath","value":"//button[@data-kt=\"saveButton\"]"}
COMMAND: POST /session/bb1834e335885f2b4fe4c5c01cc3b2b8/element/f.C3E96304196E694327087280E5B350FD.d.18951174137B50A34417294109A3E9C8.e.5722/click - {}
RESULT: {}
COMMAND: GET /session/bb1834e335885f2b4fe4c5c01cc3b2b8/screenshot - {}
RESULT: {}
COMMAND: POST /session/bb1834e335885f2b4fe4c5c01cc3b2b8/execute/async - {"script":"<script> [1562 bytes]","args":[{"selector":{"id":"application-managepartners-display-component---detailPtm--addressDetailDetailsName1"},"wdio_ui5_key":"applicationmanagepartners-display-component---detailPtm--addressDetailDetailsName1"}]}
RESULT: {"script":"<script> [1562 bytes]","args":[{"selector":{"id":"application-managepartners-display-component---detailPtm--addressDetailDetailsName1"},"wdio_ui5_key":"applicationmanagepartners-display-component---detailPtm--addressDetailDetailsName1"}]}
RESULT: undefined
COMMAND: POST /session/bb1834e335885f2b4fe4c5c01cc3b2b8/execute/async - {"script":"<script> [6424 bytes]","args":[{"element-6066-11e4-a52e-4f735466cecf":"f.C3E96304196E694327087280E5B350FD.d.18951174137B50A34417294109A3E9C8.e.5777"},"getValue",[]]}
RESULT: {"script":"<script> [6424 bytes]","args":[{"element-6066-11e4-a52e-4f735466cecf":"f.C3E96304196E694327087280E5B350FD.d.18951174137B50A34417294109A3E9C8.e.5777"},"getValue",[]]}
COMMAND: POST /session/bb1834e335885f2b4fe4c5c01cc3b2b8/element - {"using":"xpath","value":"//input[@id = \"application-managepartners-display-component---detailPtm--addressDetailDetailsLanguage-inner\"]"}
RESULT: {"using":"xpath","value":"//input[@id = \"application-managepartners-display-component---detailPtm--addressDetailDetailsLanguage-inner\"]"}
COMMAND: GET /session/bb1834e335885f2b4fe4c5c01cc3b2b8/element/f.C3E96304196E694327087280E5B350FD.d.18951174137B50A34417294109A3E9C8.e.5778/property/value - {}
RESULT: {}
COMMAND: POST /session/bb1834e335885f2b4fe4c5c01cc3b2b8/execute/async - {"script":"<script> [1562 bytes]","args":[{"selector":{"id":"application-managepartners-display-component---detailPtm--addressDetailDetailsCity1"},"wdio_ui5_key":"applicationmanagepartners-display-component---detailPtm--addressDetailDetailsCity1"}]}
COMMAND: GET /session/bb1834e335885f2b4fe4c5c01cc3b2b8/screenshot - {}
RESULT: {"script":"<script> [1562 bytes]","args":[{"selector":{"id":"application-managepartners-display-component---detailPtm--addressDetailDetailsCity1"},"wdio_ui5_key":"applicationmanagepartners-display-component---detailPtm--addressDetailDetailsCity1"}]}
RESULT: undefined
COMMAND: POST /session/bb1834e335885f2b4fe4c5c01cc3b2b8/execute/async - {"script":"<script> [6424 bytes]","args":[{"element-6066-11e4-a52e-4f735466cecf":"f.C3E96304196E694327087280E5B350FD.d.18951174137B50A34417294109A3E9C8.e.5779"},"getValue",[]]}
RESULT: {}
RESULT: {"script":"<script> [6424 bytes]","args":[{"element-6066-11e4-a52e-4f735466cecf":"f.C3E96304196E694327087280E5B350FD.d.18951174137B50A34417294109A3E9C8.e.5779"},"getValue",[]]}
COMMAND: POST /session/bb1834e335885f2b4fe4c5c01cc3b2b8/element - {"using":"css selector","value":"#shell-header-logo"}
RESULT: {"using":"css selector","value":"#shell-header-logo"}
COMMAND: POST /session/bb1834e335885f2b4fe4c5c01cc3b2b8/element/f.C3E96304196E694327087280E5B350FD.d.18951174137B50A34417294109A3E9C8.e.5343/click - {}
RESULT: {}
COMMAND: GET /session/bb1834e335885f2b4fe4c5c01cc3b2b8/screenshot - {}
RESULT: {}
]]></system-out>
    </testcase>
    <testcase classname="chrome.136_0_7103_93.windows.Partner_specific_tests_US150819_US151080_US151654_US151176_US103444_US151078_US151079_US151109_US151174_US151175_US151189" name="Should do filtering and navigation tests US151109" time="185.725">
      <system-out><![CDATA[
COMMAND: POST /session/bb1834e335885f2b4fe4c5c01cc3b2b8/element - {"using":"xpath","value":"//li[.//span[text()=\"Manage Partners\"]]"}
RESULT: {"using":"xpath","value":"//li[.//span[text()=\"Manage Partners\"]]"}
COMMAND: POST /session/bb1834e335885f2b4fe4c5c01cc3b2b8/element - {"using":"xpath","value":"//li[.//span[text()=\"Manage Partners\"]]"}
RESULT: {"using":"xpath","value":"//li[.//span[text()=\"Manage Partners\"]]"}
COMMAND: POST /session/bb1834e335885f2b4fe4c5c01cc3b2b8/element - {"using":"css selector","value":"#shell-header-logo"}
RESULT: {"using":"css selector","value":"#shell-header-logo"}
COMMAND: POST /session/bb1834e335885f2b4fe4c5c01cc3b2b8/element/f.C3E96304196E694327087280E5B350FD.d.18951174137B50A34417294109A3E9C8.e.5810/click - {}
COMMAND: POST /session/bb1834e335885f2b4fe4c5c01cc3b2b8/execute/sync - {"script":"<script> [8489 bytes]","args":[{"element-6066-11e4-a52e-4f735466cecf":"f.C3E96304196E694327087280E5B350FD.d.18951174137B50A34417294109A3E9C8.e.5810","ELEMENT":"f.C3E96304196E694327087280E5B350FD.d.18951174137B50A34417294109A3E9C8.e.5810"}]}
RESULT: {}
COMMAND: GET /session/bb1834e335885f2b4fe4c5c01cc3b2b8/screenshot - {}
RESULT: {"script":"<script> [8489 bytes]","args":[{"element-6066-11e4-a52e-4f735466cecf":"f.C3E96304196E694327087280E5B350FD.d.18951174137B50A34417294109A3E9C8.e.5810","ELEMENT":"f.C3E96304196E694327087280E5B350FD.d.18951174137B50A34417294109A3E9C8.e.5810"}]}
COMMAND: POST /session/bb1834e335885f2b4fe4c5c01cc3b2b8/execute/sync - {"script":"<script> [5351 bytes]","args":[{"element-6066-11e4-a52e-4f735466cecf":"f.C3E96304196E694327087280E5B350FD.d.18951174137B50A34417294109A3E9C8.e.5810","ELEMENT":"f.C3E96304196E694327087280E5B350FD.d.18951174137B50A34417294109A3E9C8.e.5810"}]}
COMMAND: GET /session/bb1834e335885f2b4fe4c5c01cc3b2b8/screenshot - {}
RESULT: {}
RESULT: {"script":"<script> [5351 bytes]","args":[{"element-6066-11e4-a52e-4f735466cecf":"f.C3E96304196E694327087280E5B350FD.d.18951174137B50A34417294109A3E9C8.e.5810","ELEMENT":"f.C3E96304196E694327087280E5B350FD.d.18951174137B50A34417294109A3E9C8.e.5810"}]}
COMMAND: GET /session/bb1834e335885f2b4fe4c5c01cc3b2b8/screenshot - {}
RESULT: {}
RESULT: {}
RESULT: undefined
COMMAND: POST /session/bb1834e335885f2b4fe4c5c01cc3b2b8/element - {"using":"xpath","value":"//*[@id=\"__tile30\"]"}
RESULT: {"using":"xpath","value":"//*[@id=\"__tile30\"]"}
COMMAND: POST /session/bb1834e335885f2b4fe4c5c01cc3b2b8/element/f.C3E96304196E694327087280E5B350FD.d.18951174137B50A34417294109A3E9C8.e.4473/click - {}
RESULT: {}
COMMAND: GET /session/bb1834e335885f2b4fe4c5c01cc3b2b8/screenshot - {}
RESULT: {}
COMMAND: POST /session/bb1834e335885f2b4fe4c5c01cc3b2b8/elements - {"using":"xpath","value":"//span[text()='Error']"}
RESULT: {"using":"xpath","value":"//span[text()='Error']"}
COMMAND: POST /session/bb1834e335885f2b4fe4c5c01cc3b2b8/element - {"using":"xpath","value":"//button[@data-kt=\"addButton\"]"}
RESULT: {"using":"xpath","value":"//button[@data-kt=\"addButton\"]"}
COMMAND: POST /session/bb1834e335885f2b4fe4c5c01cc3b2b8/elements - {"using":"xpath","value":"//button[@data-kt=\"addButton\"]"}
RESULT: {"using":"xpath","value":"//button[@data-kt=\"addButton\"]"}
COMMAND: POST /session/bb1834e335885f2b4fe4c5c01cc3b2b8/execute/sync - {"script":"<script> [8489 bytes]","args":[{"element-6066-11e4-a52e-4f735466cecf":"f.C3E96304196E694327087280E5B350FD.d.18951174137B50A34417294109A3E9C8.e.5856","ELEMENT":"f.C3E96304196E694327087280E5B350FD.d.18951174137B50A34417294109A3E9C8.e.5856"}]}
RESULT: {"script":"<script> [8489 bytes]","args":[{"element-6066-11e4-a52e-4f735466cecf":"f.C3E96304196E694327087280E5B350FD.d.18951174137B50A34417294109A3E9C8.e.5856","ELEMENT":"f.C3E96304196E694327087280E5B350FD.d.18951174137B50A34417294109A3E9C8.e.5856"}]}
COMMAND: GET /session/bb1834e335885f2b4fe4c5c01cc3b2b8/element/f.C3E96304196E694327087280E5B350FD.d.18951174137B50A34417294109A3E9C8.e.5856/enabled - {}
COMMAND: GET /session/bb1834e335885f2b4fe4c5c01cc3b2b8/screenshot - {}
RESULT: {}
COMMAND: POST /session/bb1834e335885f2b4fe4c5c01cc3b2b8/execute/sync - {"script":"<script> [8489 bytes]","args":[{"element-6066-11e4-a52e-4f735466cecf":"f.C3E96304196E694327087280E5B350FD.d.18951174137B50A34417294109A3E9C8.e.5856","ELEMENT":"f.C3E96304196E694327087280E5B350FD.d.18951174137B50A34417294109A3E9C8.e.5856"}]}
COMMAND: GET /session/bb1834e335885f2b4fe4c5c01cc3b2b8/screenshot - {}
RESULT: {}
RESULT: {"script":"<script> [8489 bytes]","args":[{"element-6066-11e4-a52e-4f735466cecf":"f.C3E96304196E694327087280E5B350FD.d.18951174137B50A34417294109A3E9C8.e.5856","ELEMENT":"f.C3E96304196E694327087280E5B350FD.d.18951174137B50A34417294109A3E9C8.e.5856"}]}
COMMAND: POST /session/bb1834e335885f2b4fe4c5c01cc3b2b8/execute/sync - {"script":"<script> [5351 bytes]","args":[{"element-6066-11e4-a52e-4f735466cecf":"f.C3E96304196E694327087280E5B350FD.d.18951174137B50A34417294109A3E9C8.e.5856","ELEMENT":"f.C3E96304196E694327087280E5B350FD.d.18951174137B50A34417294109A3E9C8.e.5856"}]}
COMMAND: GET /session/bb1834e335885f2b4fe4c5c01cc3b2b8/screenshot - {}
RESULT: {}
RESULT: {"script":"<script> [5351 bytes]","args":[{"element-6066-11e4-a52e-4f735466cecf":"f.C3E96304196E694327087280E5B350FD.d.18951174137B50A34417294109A3E9C8.e.5856","ELEMENT":"f.C3E96304196E694327087280E5B350FD.d.18951174137B50A34417294109A3E9C8.e.5856"}]}
COMMAND: GET /session/bb1834e335885f2b4fe4c5c01cc3b2b8/screenshot - {}
RESULT: {}
RESULT: {}
COMMAND: POST /session/bb1834e335885f2b4fe4c5c01cc3b2b8/element - {"using":"xpath","value":"//span[@id=\"application-managepartners-display-component---masterPtm--smartTable-header-inner\"]"}
RESULT: {"using":"xpath","value":"//span[@id=\"application-managepartners-display-component---masterPtm--smartTable-header-inner\"]"}
COMMAND: POST /session/bb1834e335885f2b4fe4c5c01cc3b2b8/elements - {"using":"xpath","value":"//span[@id=\"application-managepartners-display-component---masterPtm--smartTable-header-inner\"]"}
RESULT: {"using":"xpath","value":"//span[@id=\"application-managepartners-display-component---masterPtm--smartTable-header-inner\"]"}
COMMAND: POST /session/bb1834e335885f2b4fe4c5c01cc3b2b8/execute/sync - {"script":"<script> [56 bytes]","args":[{"element-6066-11e4-a52e-4f735466cecf":"f.C3E96304196E694327087280E5B350FD.d.18951174137B50A34417294109A3E9C8.e.5980","ELEMENT":"f.C3E96304196E694327087280E5B350FD.d.18951174137B50A34417294109A3E9C8.e.5980"}]}
RESULT: {"script":"<script> [56 bytes]","args":[{"element-6066-11e4-a52e-4f735466cecf":"f.C3E96304196E694327087280E5B350FD.d.18951174137B50A34417294109A3E9C8.e.5980","ELEMENT":"f.C3E96304196E694327087280E5B350FD.d.18951174137B50A34417294109A3E9C8.e.5980"}]}
RESULT: undefined
COMMAND: POST /session/bb1834e335885f2b4fe4c5c01cc3b2b8/execute/async - {"script":"<script> [776 bytes]","args":[{"enterText":"External Partner WDIO","selector":{"id":"application-managepartners-display-component---masterPtm--smartFilterBar-btnBasicSearch","interaction":{"idSuffix":"I"}},"clearTextFirst":true,"interactionType":"ENTER_TEXT"}]}
COMMAND: GET /session/bb1834e335885f2b4fe4c5c01cc3b2b8/screenshot - {}
RESULT: {"script":"<script> [776 bytes]","args":[{"enterText":"External Partner WDIO","selector":{"id":"application-managepartners-display-component---masterPtm--smartFilterBar-btnBasicSearch","interaction":{"idSuffix":"I"}},"clearTextFirst":true,"interactionType":"ENTER_TEXT"}]}
RESULT: {}
COMMAND: POST /session/bb1834e335885f2b4fe4c5c01cc3b2b8/actions - {"actions":[{"id":"action17","type":"key","parameters":{},"actions":[{"type":"keyDown","value":""},{"type":"pause","duration":10},{"type":"keyUp","value":""}]}]}
RESULT: {"actions":[{"id":"action17","type":"key","parameters":{},"actions":[{"type":"keyDown","value":""},{"type":"pause","duration":10},{"type":"keyUp","value":""}]}]}
COMMAND: GET /session/bb1834e335885f2b4fe4c5c01cc3b2b8/screenshot - {}
RESULT: {}
COMMAND: POST /session/bb1834e335885f2b4fe4c5c01cc3b2b8/element - {"using":"xpath","value":"//span[@id=\"application-managepartners-display-component---masterPtm--smartTable-header-inner\"]"}
RESULT: {"using":"xpath","value":"//span[@id=\"application-managepartners-display-component---masterPtm--smartTable-header-inner\"]"}
COMMAND: POST /session/bb1834e335885f2b4fe4c5c01cc3b2b8/elements - {"using":"xpath","value":"//span[@id=\"application-managepartners-display-component---masterPtm--smartTable-header-inner\"]"}
RESULT: {"using":"xpath","value":"//span[@id=\"application-managepartners-display-component---masterPtm--smartTable-header-inner\"]"}
COMMAND: POST /session/bb1834e335885f2b4fe4c5c01cc3b2b8/execute/sync - {"script":"<script> [56 bytes]","args":[{"element-6066-11e4-a52e-4f735466cecf":"f.C3E96304196E694327087280E5B350FD.d.18951174137B50A34417294109A3E9C8.e.5980","ELEMENT":"f.C3E96304196E694327087280E5B350FD.d.18951174137B50A34417294109A3E9C8.e.5980"}]}
RESULT: {"script":"<script> [56 bytes]","args":[{"element-6066-11e4-a52e-4f735466cecf":"f.C3E96304196E694327087280E5B350FD.d.18951174137B50A34417294109A3E9C8.e.5980","ELEMENT":"f.C3E96304196E694327087280E5B350FD.d.18951174137B50A34417294109A3E9C8.e.5980"}]}
COMMAND: POST /session/bb1834e335885f2b4fe4c5c01cc3b2b8/element - {"using":"xpath","value":"//div[contains(@id, \"managepartners-display-component---masterPtm--smartFilterBar-btnBasicSearch-reset\")]"}
RESULT: {"using":"xpath","value":"//div[contains(@id, \"managepartners-display-component---masterPtm--smartFilterBar-btnBasicSearch-reset\")]"}
COMMAND: POST /session/bb1834e335885f2b4fe4c5c01cc3b2b8/element/f.C3E96304196E694327087280E5B350FD.d.18951174137B50A34417294109A3E9C8.e.6134/click - {}
COMMAND: GET /session/bb1834e335885f2b4fe4c5c01cc3b2b8/screenshot - {}
RESULT: {}
COMMAND: GET /session/bb1834e335885f2b4fe4c5c01cc3b2b8/screenshot - {}
RESULT: {}
RESULT: {}
COMMAND: POST /session/bb1834e335885f2b4fe4c5c01cc3b2b8/execute/async - {"script":"<script> [1562 bytes]","args":[{"selector":{"id":"application-managepartners-display-component---masterPtm--smartFilterBar-filterItemControl_BASIC-MAIN_ADDRESS-vhi"},"wdio_ui5_key":"applicationmanagepartners-display-component---masterPtm--smartFilterBar-filterItemControl_BASIC-MAIN_ADDRESS-vhi"}]}
RESULT: {"script":"<script> [1562 bytes]","args":[{"selector":{"id":"application-managepartners-display-component---masterPtm--smartFilterBar-filterItemControl_BASIC-MAIN_ADDRESS-vhi"},"wdio_ui5_key":"applicationmanagepartners-display-component---masterPtm--smartFilterBar-filterItemControl_BASIC-MAIN_ADDRESS-vhi"}]}
RESULT: undefined
COMMAND: POST /session/bb1834e335885f2b4fe4c5c01cc3b2b8/element - {"using":"xpath","value":"//*[@id=\"application-managepartners-display-component---masterPtm--smartFilterBar-filterItemControl_BASIC-MAIN_ADDRESS-vhi\"]"}
RESULT: {"using":"xpath","value":"//*[@id=\"application-managepartners-display-component---masterPtm--smartFilterBar-filterItemControl_BASIC-MAIN_ADDRESS-vhi\"]"}
COMMAND: POST /session/bb1834e335885f2b4fe4c5c01cc3b2b8/element/f.C3E96304196E694327087280E5B350FD.d.18951174137B50A34417294109A3E9C8.e.6209/click - {}
RESULT: {}
COMMAND: GET /session/bb1834e335885f2b4fe4c5c01cc3b2b8/screenshot - {}
RESULT: {}
COMMAND: POST /session/bb1834e335885f2b4fe4c5c01cc3b2b8/execute/async - {"script":"<script> [1562 bytes]","args":[{"selector":{"id":"application-managepartners-display-component---masterPtm--smartFilterBar-filterItemControl_BASIC-MAIN_ADDRESS-valueHelpDialog-smartFilterBar-btnBasicSearch","searchOpenDialogs":true,"interaction":{"idSuffix":"I"}},"wdio_ui5_key":"applicationmanagepartners-display-component---masterPtm--smartFilterBar-filterItemControl_BASIC-MAIN_ADDRESS-valueHelpDialog-smartFilterBar-btnBasicSearch"}]}
RESULT: {"script":"<script> [1562 bytes]","args":[{"selector":{"id":"application-managepartners-display-component---masterPtm--smartFilterBar-filterItemControl_BASIC-MAIN_ADDRESS-valueHelpDialog-smartFilterBar-btnBasicSearch","searchOpenDialogs":true,"interaction":{"idSuffix":"I"}},"wdio_ui5_key":"applicationmanagepartners-display-component---masterPtm--smartFilterBar-filterItemControl_BASIC-MAIN_ADDRESS-valueHelpDialog-smartFilterBar-btnBasicSearch"}]}
RESULT: undefined
COMMAND: POST /session/bb1834e335885f2b4fe4c5c01cc3b2b8/execute/async - {"script":"<script> [776 bytes]","args":[{"enterText":"Romania","selector":{"id":"application-managepartners-display-component---masterPtm--smartFilterBar-filterItemControl_BASIC-MAIN_ADDRESS-valueHelpDialog-smartFilterBar-btnBasicSearch","searchOpenDialogs":true,"interaction":{"idSuffix":"I"}},"clearTextFirst":true,"interactionType":"ENTER_TEXT"}]}
RESULT: {"script":"<script> [776 bytes]","args":[{"enterText":"Romania","selector":{"id":"application-managepartners-display-component---masterPtm--smartFilterBar-filterItemControl_BASIC-MAIN_ADDRESS-valueHelpDialog-smartFilterBar-btnBasicSearch","searchOpenDialogs":true,"interaction":{"idSuffix":"I"}},"clearTextFirst":true,"interactionType":"ENTER_TEXT"}]}
COMMAND: POST /session/bb1834e335885f2b4fe4c5c01cc3b2b8/actions - {"actions":[{"id":"action18","type":"key","parameters":{},"actions":[{"type":"keyDown","value":""},{"type":"pause","duration":10},{"type":"keyUp","value":""}]}]}
RESULT: {"actions":[{"id":"action18","type":"key","parameters":{},"actions":[{"type":"keyDown","value":""},{"type":"pause","duration":10},{"type":"keyUp","value":""}]}]}
COMMAND: POST /session/bb1834e335885f2b4fe4c5c01cc3b2b8/elements - {"using":"xpath","value":"//table[contains(@id, \"smartFilterBar-filterItemControl_BASIC-MAIN_ADDRESS-valueHelpDialog-table-table\")]/tbody/tr"}
COMMAND: GET /session/bb1834e335885f2b4fe4c5c01cc3b2b8/screenshot - {}
RESULT: {"using":"xpath","value":"//table[contains(@id, \"smartFilterBar-filterItemControl_BASIC-MAIN_ADDRESS-valueHelpDialog-table-table\")]/tbody/tr"}
COMMAND: POST /session/bb1834e335885f2b4fe4c5c01cc3b2b8/element - {"using":"xpath","value":"//table[contains(@id, \"smartFilterBar-filterItemControl_BASIC-MAIN_ADDRESS-valueHelpDialog-table-table\")]/tbody/tr[1]/td[1]/div/span"}
RESULT: {}
RESULT: {"using":"xpath","value":"//table[contains(@id, \"smartFilterBar-filterItemControl_BASIC-MAIN_ADDRESS-valueHelpDialog-table-table\")]/tbody/tr[1]/td[1]/div/span"}
COMMAND: POST /session/bb1834e335885f2b4fe4c5c01cc3b2b8/elements - {"using":"xpath","value":"//table[contains(@id, \"smartFilterBar-filterItemControl_BASIC-MAIN_ADDRESS-valueHelpDialog-table-table\")]/tbody/tr[1]/td[1]/div/span"}
RESULT: {"using":"xpath","value":"//table[contains(@id, \"smartFilterBar-filterItemControl_BASIC-MAIN_ADDRESS-valueHelpDialog-table-table\")]/tbody/tr[1]/td[1]/div/span"}
COMMAND: POST /session/bb1834e335885f2b4fe4c5c01cc3b2b8/execute/sync - {"script":"<script> [56 bytes]","args":[{"element-6066-11e4-a52e-4f735466cecf":"f.C3E96304196E694327087280E5B350FD.d.18951174137B50A34417294109A3E9C8.e.6229","ELEMENT":"f.C3E96304196E694327087280E5B350FD.d.18951174137B50A34417294109A3E9C8.e.6229"}]}
RESULT: {"script":"<script> [56 bytes]","args":[{"element-6066-11e4-a52e-4f735466cecf":"f.C3E96304196E694327087280E5B350FD.d.18951174137B50A34417294109A3E9C8.e.6229","ELEMENT":"f.C3E96304196E694327087280E5B350FD.d.18951174137B50A34417294109A3E9C8.e.6229"}]}
COMMAND: POST /session/bb1834e335885f2b4fe4c5c01cc3b2b8/element - {"using":"xpath","value":"//div[contains(@id, \"filterItemControl_BASIC-MAIN_ADDRESS-valueHelpDialog-table-rowsel0\")]"}
COMMAND: GET /session/bb1834e335885f2b4fe4c5c01cc3b2b8/screenshot - {}
RESULT: {"using":"xpath","value":"//div[contains(@id, \"filterItemControl_BASIC-MAIN_ADDRESS-valueHelpDialog-table-rowsel0\")]"}
COMMAND: POST /session/bb1834e335885f2b4fe4c5c01cc3b2b8/element/f.C3E96304196E694327087280E5B350FD.d.18951174137B50A34417294109A3E9C8.e.6230/click - {}
RESULT: {}
RESULT: {}
COMMAND: GET /session/bb1834e335885f2b4fe4c5c01cc3b2b8/screenshot - {}
RESULT: {}
COMMAND: POST /session/bb1834e335885f2b4fe4c5c01cc3b2b8/element - {"using":"xpath","value":"(//bdi[contains(text(), \"OK\")])[1]"}
RESULT: {"using":"xpath","value":"(//bdi[contains(text(), \"OK\")])[1]"}
COMMAND: POST /session/bb1834e335885f2b4fe4c5c01cc3b2b8/element/f.C3E96304196E694327087280E5B350FD.d.18951174137B50A34417294109A3E9C8.e.6232/click - {}
RESULT: {}
COMMAND: GET /session/bb1834e335885f2b4fe4c5c01cc3b2b8/screenshot - {}
RESULT: {}
COMMAND: POST /session/bb1834e335885f2b4fe4c5c01cc3b2b8/element - {"using":"xpath","value":"//span[@id=\"application-managepartners-display-component---masterPtm--smartTable-header-inner\"]"}
RESULT: {"using":"xpath","value":"//span[@id=\"application-managepartners-display-component---masterPtm--smartTable-header-inner\"]"}
COMMAND: POST /session/bb1834e335885f2b4fe4c5c01cc3b2b8/elements - {"using":"xpath","value":"//span[@id=\"application-managepartners-display-component---masterPtm--smartTable-header-inner\"]"}
RESULT: {"using":"xpath","value":"//span[@id=\"application-managepartners-display-component---masterPtm--smartTable-header-inner\"]"}
COMMAND: POST /session/bb1834e335885f2b4fe4c5c01cc3b2b8/execute/sync - {"script":"<script> [56 bytes]","args":[{"element-6066-11e4-a52e-4f735466cecf":"f.C3E96304196E694327087280E5B350FD.d.18951174137B50A34417294109A3E9C8.e.5980","ELEMENT":"f.C3E96304196E694327087280E5B350FD.d.18951174137B50A34417294109A3E9C8.e.5980"}]}
RESULT: {"script":"<script> [56 bytes]","args":[{"element-6066-11e4-a52e-4f735466cecf":"f.C3E96304196E694327087280E5B350FD.d.18951174137B50A34417294109A3E9C8.e.5980","ELEMENT":"f.C3E96304196E694327087280E5B350FD.d.18951174137B50A34417294109A3E9C8.e.5980"}]}
COMMAND: POST /session/bb1834e335885f2b4fe4c5c01cc3b2b8/element - {"using":"xpath","value":"//span[contains(@title, \"Remove\")]"}
COMMAND: GET /session/bb1834e335885f2b4fe4c5c01cc3b2b8/screenshot - {}
RESULT: {"using":"xpath","value":"//span[contains(@title, \"Remove\")]"}
COMMAND: POST /session/bb1834e335885f2b4fe4c5c01cc3b2b8/element/f.C3E96304196E694327087280E5B350FD.d.18951174137B50A34417294109A3E9C8.e.6245/click - {}
RESULT: {}
RESULT: {}
COMMAND: GET /session/bb1834e335885f2b4fe4c5c01cc3b2b8/screenshot - {}
COMMAND: POST /session/bb1834e335885f2b4fe4c5c01cc3b2b8/element - {"using":"xpath","value":"//span[@id=\"application-managepartners-display-component---masterPtm--smartTable-header-inner\"]"}
RESULT: {}
RESULT: {"using":"xpath","value":"//span[@id=\"application-managepartners-display-component---masterPtm--smartTable-header-inner\"]"}
COMMAND: POST /session/bb1834e335885f2b4fe4c5c01cc3b2b8/elements - {"using":"xpath","value":"//span[@id=\"application-managepartners-display-component---masterPtm--smartTable-header-inner\"]"}
RESULT: {"using":"xpath","value":"//span[@id=\"application-managepartners-display-component---masterPtm--smartTable-header-inner\"]"}
COMMAND: POST /session/bb1834e335885f2b4fe4c5c01cc3b2b8/execute/sync - {"script":"<script> [56 bytes]","args":[{"element-6066-11e4-a52e-4f735466cecf":"f.C3E96304196E694327087280E5B350FD.d.18951174137B50A34417294109A3E9C8.e.5980","ELEMENT":"f.C3E96304196E694327087280E5B350FD.d.18951174137B50A34417294109A3E9C8.e.5980"}]}
RESULT: {"script":"<script> [56 bytes]","args":[{"element-6066-11e4-a52e-4f735466cecf":"f.C3E96304196E694327087280E5B350FD.d.18951174137B50A34417294109A3E9C8.e.5980","ELEMENT":"f.C3E96304196E694327087280E5B350FD.d.18951174137B50A34417294109A3E9C8.e.5980"}]}
COMMAND: POST /session/bb1834e335885f2b4fe4c5c01cc3b2b8/execute/async - {"script":"<script> [1562 bytes]","args":[{"selector":{"id":"application-managepartners-display-component---masterPtm--smartFilterBar-filterItemControl_BASIC-YARD-vhi"},"wdio_ui5_key":"applicationmanagepartners-display-component---masterPtm--smartFilterBar-filterItemControl_BASIC-YARD-vhi"}]}
COMMAND: GET /session/bb1834e335885f2b4fe4c5c01cc3b2b8/screenshot - {}
RESULT: {"script":"<script> [1562 bytes]","args":[{"selector":{"id":"application-managepartners-display-component---masterPtm--smartFilterBar-filterItemControl_BASIC-YARD-vhi"},"wdio_ui5_key":"applicationmanagepartners-display-component---masterPtm--smartFilterBar-filterItemControl_BASIC-YARD-vhi"}]}
RESULT: undefined
COMMAND: POST /session/bb1834e335885f2b4fe4c5c01cc3b2b8/element - {"using":"xpath","value":"//*[@id=\"application-managepartners-display-component---masterPtm--smartFilterBar-filterItemControl_BASIC-YARD-vhi\"]"}
RESULT: {}
RESULT: {"using":"xpath","value":"//*[@id=\"application-managepartners-display-component---masterPtm--smartFilterBar-filterItemControl_BASIC-YARD-vhi\"]"}
COMMAND: POST /session/bb1834e335885f2b4fe4c5c01cc3b2b8/element/f.C3E96304196E694327087280E5B350FD.d.18951174137B50A34417294109A3E9C8.e.6348/click - {}
RESULT: {}
COMMAND: GET /session/bb1834e335885f2b4fe4c5c01cc3b2b8/screenshot - {}
RESULT: {}
COMMAND: POST /session/bb1834e335885f2b4fe4c5c01cc3b2b8/execute/async - {"script":"<script> [1562 bytes]","args":[{"selector":{"id":"application-managepartners-display-component---masterPtm--smartFilterBar-filterItemControl_BASIC-YARD-valueHelpDialog-smartFilterBar-btnBasicSearch","searchOpenDialogs":true,"interaction":{"idSuffix":"I"}},"wdio_ui5_key":"applicationmanagepartners-display-component---masterPtm--smartFilterBar-filterItemControl_BASIC-YARD-valueHelpDialog-smartFilterBar-btnBasicSearch"}]}
RESULT: {"script":"<script> [1562 bytes]","args":[{"selector":{"id":"application-managepartners-display-component---masterPtm--smartFilterBar-filterItemControl_BASIC-YARD-valueHelpDialog-smartFilterBar-btnBasicSearch","searchOpenDialogs":true,"interaction":{"idSuffix":"I"}},"wdio_ui5_key":"applicationmanagepartners-display-component---masterPtm--smartFilterBar-filterItemControl_BASIC-YARD-valueHelpDialog-smartFilterBar-btnBasicSearch"}]}
RESULT: undefined
COMMAND: POST /session/bb1834e335885f2b4fe4c5c01cc3b2b8/execute/async - {"script":"<script> [776 bytes]","args":[{"enterText":"Test","selector":{"id":"application-managepartners-display-component---masterPtm--smartFilterBar-filterItemControl_BASIC-YARD-valueHelpDialog-smartFilterBar-btnBasicSearch","searchOpenDialogs":true,"interaction":{"idSuffix":"I"}},"clearTextFirst":true,"interactionType":"ENTER_TEXT"}]}
RESULT: {"script":"<script> [776 bytes]","args":[{"enterText":"Test","selector":{"id":"application-managepartners-display-component---masterPtm--smartFilterBar-filterItemControl_BASIC-YARD-valueHelpDialog-smartFilterBar-btnBasicSearch","searchOpenDialogs":true,"interaction":{"idSuffix":"I"}},"clearTextFirst":true,"interactionType":"ENTER_TEXT"}]}
COMMAND: POST /session/bb1834e335885f2b4fe4c5c01cc3b2b8/actions - {"actions":[{"id":"action19","type":"key","parameters":{},"actions":[{"type":"keyDown","value":""},{"type":"pause","duration":10},{"type":"keyUp","value":""}]}]}
RESULT: {"actions":[{"id":"action19","type":"key","parameters":{},"actions":[{"type":"keyDown","value":""},{"type":"pause","duration":10},{"type":"keyUp","value":""}]}]}
COMMAND: POST /session/bb1834e335885f2b4fe4c5c01cc3b2b8/elements - {"using":"xpath","value":"//table[contains(@id, \"smartFilterBar-filterItemControl_BASIC-YARD-valueHelpDialog-table-table\")]/tbody/tr"}
RESULT: {"using":"xpath","value":"//table[contains(@id, \"smartFilterBar-filterItemControl_BASIC-YARD-valueHelpDialog-table-table\")]/tbody/tr"}
COMMAND: POST /session/bb1834e335885f2b4fe4c5c01cc3b2b8/element - {"using":"xpath","value":"//table[contains(@id, \"smartFilterBar-filterItemControl_BASIC-YARD-valueHelpDialog-table-table\")]/tbody/tr[1]/td[1]/div/span"}
RESULT: {"using":"xpath","value":"//table[contains(@id, \"smartFilterBar-filterItemControl_BASIC-YARD-valueHelpDialog-table-table\")]/tbody/tr[1]/td[1]/div/span"}
COMMAND: POST /session/bb1834e335885f2b4fe4c5c01cc3b2b8/elements - {"using":"xpath","value":"//table[contains(@id, \"smartFilterBar-filterItemControl_BASIC-YARD-valueHelpDialog-table-table\")]/tbody/tr[1]/td[1]/div/span"}
RESULT: {"using":"xpath","value":"//table[contains(@id, \"smartFilterBar-filterItemControl_BASIC-YARD-valueHelpDialog-table-table\")]/tbody/tr[1]/td[1]/div/span"}
COMMAND: POST /session/bb1834e335885f2b4fe4c5c01cc3b2b8/execute/sync - {"script":"<script> [56 bytes]","args":[{"element-6066-11e4-a52e-4f735466cecf":"f.C3E96304196E694327087280E5B350FD.d.18951174137B50A34417294109A3E9C8.e.6369","ELEMENT":"f.C3E96304196E694327087280E5B350FD.d.18951174137B50A34417294109A3E9C8.e.6369"}]}
RESULT: {"script":"<script> [56 bytes]","args":[{"element-6066-11e4-a52e-4f735466cecf":"f.C3E96304196E694327087280E5B350FD.d.18951174137B50A34417294109A3E9C8.e.6369","ELEMENT":"f.C3E96304196E694327087280E5B350FD.d.18951174137B50A34417294109A3E9C8.e.6369"}]}
COMMAND: POST /session/bb1834e335885f2b4fe4c5c01cc3b2b8/element - {"using":"xpath","value":"//table[contains(@id, \"smartFilterBar-filterItemControl_BASIC-YARD-valueHelpDialog-table-table\")]/tbody/tr[2]/td[1]/div/span"}
COMMAND: GET /session/bb1834e335885f2b4fe4c5c01cc3b2b8/screenshot - {}
COMMAND: GET /session/bb1834e335885f2b4fe4c5c01cc3b2b8/screenshot - {}
RESULT: {"using":"xpath","value":"//table[contains(@id, \"smartFilterBar-filterItemControl_BASIC-YARD-valueHelpDialog-table-table\")]/tbody/tr[2]/td[1]/div/span"}
COMMAND: POST /session/bb1834e335885f2b4fe4c5c01cc3b2b8/elements - {"using":"xpath","value":"//table[contains(@id, \"smartFilterBar-filterItemControl_BASIC-YARD-valueHelpDialog-table-table\")]/tbody/tr[2]/td[1]/div/span"}
RESULT: {"using":"xpath","value":"//table[contains(@id, \"smartFilterBar-filterItemControl_BASIC-YARD-valueHelpDialog-table-table\")]/tbody/tr[2]/td[1]/div/span"}
COMMAND: POST /session/bb1834e335885f2b4fe4c5c01cc3b2b8/execute/sync - {"script":"<script> [56 bytes]","args":[{"element-6066-11e4-a52e-4f735466cecf":"f.C3E96304196E694327087280E5B350FD.d.18951174137B50A34417294109A3E9C8.e.6370","ELEMENT":"f.C3E96304196E694327087280E5B350FD.d.18951174137B50A34417294109A3E9C8.e.6370"}]}
RESULT: {}
RESULT: {}
RESULT: {"script":"<script> [56 bytes]","args":[{"element-6066-11e4-a52e-4f735466cecf":"f.C3E96304196E694327087280E5B350FD.d.18951174137B50A34417294109A3E9C8.e.6370","ELEMENT":"f.C3E96304196E694327087280E5B350FD.d.18951174137B50A34417294109A3E9C8.e.6370"}]}
COMMAND: POST /session/bb1834e335885f2b4fe4c5c01cc3b2b8/element - {"using":"xpath","value":"//table[contains(@id, \"smartFilterBar-filterItemControl_BASIC-YARD-valueHelpDialog-table-table\")]/tbody/tr[3]/td[1]/div/span"}
COMMAND: GET /session/bb1834e335885f2b4fe4c5c01cc3b2b8/screenshot - {}
RESULT: {"using":"xpath","value":"//table[contains(@id, \"smartFilterBar-filterItemControl_BASIC-YARD-valueHelpDialog-table-table\")]/tbody/tr[3]/td[1]/div/span"}
COMMAND: POST /session/bb1834e335885f2b4fe4c5c01cc3b2b8/elements - {"using":"xpath","value":"//table[contains(@id, \"smartFilterBar-filterItemControl_BASIC-YARD-valueHelpDialog-table-table\")]/tbody/tr[3]/td[1]/div/span"}
RESULT: {}
RESULT: {"using":"xpath","value":"//table[contains(@id, \"smartFilterBar-filterItemControl_BASIC-YARD-valueHelpDialog-table-table\")]/tbody/tr[3]/td[1]/div/span"}
COMMAND: POST /session/bb1834e335885f2b4fe4c5c01cc3b2b8/execute/sync - {"script":"<script> [56 bytes]","args":[{"element-6066-11e4-a52e-4f735466cecf":"f.C3E96304196E694327087280E5B350FD.d.18951174137B50A34417294109A3E9C8.e.6371","ELEMENT":"f.C3E96304196E694327087280E5B350FD.d.18951174137B50A34417294109A3E9C8.e.6371"}]}
RESULT: {"script":"<script> [56 bytes]","args":[{"element-6066-11e4-a52e-4f735466cecf":"f.C3E96304196E694327087280E5B350FD.d.18951174137B50A34417294109A3E9C8.e.6371","ELEMENT":"f.C3E96304196E694327087280E5B350FD.d.18951174137B50A34417294109A3E9C8.e.6371"}]}
COMMAND: POST /session/bb1834e335885f2b4fe4c5c01cc3b2b8/element - {"using":"xpath","value":"//div[contains(@id, \"filterItemControl_BASIC-YARD-valueHelpDialog-table-rowsel2\")]"}
COMMAND: GET /session/bb1834e335885f2b4fe4c5c01cc3b2b8/screenshot - {}
RESULT: {"using":"xpath","value":"//div[contains(@id, \"filterItemControl_BASIC-YARD-valueHelpDialog-table-rowsel2\")]"}
COMMAND: POST /session/bb1834e335885f2b4fe4c5c01cc3b2b8/element/f.C3E96304196E694327087280E5B350FD.d.18951174137B50A34417294109A3E9C8.e.6372/click - {}
RESULT: {}
RESULT: {}
COMMAND: GET /session/bb1834e335885f2b4fe4c5c01cc3b2b8/screenshot - {}
RESULT: {}
COMMAND: POST /session/bb1834e335885f2b4fe4c5c01cc3b2b8/element - {"using":"xpath","value":"(//bdi[contains(text(), \"OK\")])[1]"}
RESULT: {"using":"xpath","value":"(//bdi[contains(text(), \"OK\")])[1]"}
COMMAND: POST /session/bb1834e335885f2b4fe4c5c01cc3b2b8/element/f.C3E96304196E694327087280E5B350FD.d.18951174137B50A34417294109A3E9C8.e.6374/click - {}
RESULT: {}
COMMAND: GET /session/bb1834e335885f2b4fe4c5c01cc3b2b8/screenshot - {}
RESULT: {}
COMMAND: POST /session/bb1834e335885f2b4fe4c5c01cc3b2b8/element - {"using":"xpath","value":"//span[@id=\"application-managepartners-display-component---masterPtm--smartTable-header-inner\"]"}
RESULT: {"using":"xpath","value":"//span[@id=\"application-managepartners-display-component---masterPtm--smartTable-header-inner\"]"}
COMMAND: POST /session/bb1834e335885f2b4fe4c5c01cc3b2b8/elements - {"using":"xpath","value":"//span[@id=\"application-managepartners-display-component---masterPtm--smartTable-header-inner\"]"}
RESULT: {"using":"xpath","value":"//span[@id=\"application-managepartners-display-component---masterPtm--smartTable-header-inner\"]"}
COMMAND: POST /session/bb1834e335885f2b4fe4c5c01cc3b2b8/execute/sync - {"script":"<script> [56 bytes]","args":[{"element-6066-11e4-a52e-4f735466cecf":"f.C3E96304196E694327087280E5B350FD.d.18951174137B50A34417294109A3E9C8.e.5980","ELEMENT":"f.C3E96304196E694327087280E5B350FD.d.18951174137B50A34417294109A3E9C8.e.5980"}]}
RESULT: {"script":"<script> [56 bytes]","args":[{"element-6066-11e4-a52e-4f735466cecf":"f.C3E96304196E694327087280E5B350FD.d.18951174137B50A34417294109A3E9C8.e.5980","ELEMENT":"f.C3E96304196E694327087280E5B350FD.d.18951174137B50A34417294109A3E9C8.e.5980"}]}
COMMAND: POST /session/bb1834e335885f2b4fe4c5c01cc3b2b8/element - {"using":"xpath","value":"//span[contains(@title, \"Remove\")]"}
COMMAND: GET /session/bb1834e335885f2b4fe4c5c01cc3b2b8/screenshot - {}
RESULT: {"using":"xpath","value":"//span[contains(@title, \"Remove\")]"}
COMMAND: POST /session/bb1834e335885f2b4fe4c5c01cc3b2b8/element/f.C3E96304196E694327087280E5B350FD.d.18951174137B50A34417294109A3E9C8.e.6387/click - {}
RESULT: {}
RESULT: {}
COMMAND: GET /session/bb1834e335885f2b4fe4c5c01cc3b2b8/screenshot - {}
COMMAND: POST /session/bb1834e335885f2b4fe4c5c01cc3b2b8/element - {"using":"xpath","value":"//span[@id=\"application-managepartners-display-component---masterPtm--smartTable-header-inner\"]"}
RESULT: {}
RESULT: {"using":"xpath","value":"//span[@id=\"application-managepartners-display-component---masterPtm--smartTable-header-inner\"]"}
COMMAND: POST /session/bb1834e335885f2b4fe4c5c01cc3b2b8/elements - {"using":"xpath","value":"//span[@id=\"application-managepartners-display-component---masterPtm--smartTable-header-inner\"]"}
RESULT: {"using":"xpath","value":"//span[@id=\"application-managepartners-display-component---masterPtm--smartTable-header-inner\"]"}
COMMAND: POST /session/bb1834e335885f2b4fe4c5c01cc3b2b8/execute/sync - {"script":"<script> [56 bytes]","args":[{"element-6066-11e4-a52e-4f735466cecf":"f.C3E96304196E694327087280E5B350FD.d.18951174137B50A34417294109A3E9C8.e.5980","ELEMENT":"f.C3E96304196E694327087280E5B350FD.d.18951174137B50A34417294109A3E9C8.e.5980"}]}
RESULT: {"script":"<script> [56 bytes]","args":[{"element-6066-11e4-a52e-4f735466cecf":"f.C3E96304196E694327087280E5B350FD.d.18951174137B50A34417294109A3E9C8.e.5980","ELEMENT":"f.C3E96304196E694327087280E5B350FD.d.18951174137B50A34417294109A3E9C8.e.5980"}]}
COMMAND: POST /session/bb1834e335885f2b4fe4c5c01cc3b2b8/execute/async - {"script":"<script> [1562 bytes]","args":[{"selector":{"id":"application-managepartners-display-component---masterPtm--smartFilterBar-filterItemControl_BASIC-ALL_TAGS-vhi"},"wdio_ui5_key":"applicationmanagepartners-display-component---masterPtm--smartFilterBar-filterItemControl_BASIC-ALL_TAGS-vhi"}]}
COMMAND: GET /session/bb1834e335885f2b4fe4c5c01cc3b2b8/screenshot - {}
RESULT: {"script":"<script> [1562 bytes]","args":[{"selector":{"id":"application-managepartners-display-component---masterPtm--smartFilterBar-filterItemControl_BASIC-ALL_TAGS-vhi"},"wdio_ui5_key":"applicationmanagepartners-display-component---masterPtm--smartFilterBar-filterItemControl_BASIC-ALL_TAGS-vhi"}]}
RESULT: undefined
COMMAND: POST /session/bb1834e335885f2b4fe4c5c01cc3b2b8/element - {"using":"xpath","value":"//*[@id=\"application-managepartners-display-component---masterPtm--smartFilterBar-filterItemControl_BASIC-ALL_TAGS-vhi\"]"}
RESULT: {}
RESULT: {"using":"xpath","value":"//*[@id=\"application-managepartners-display-component---masterPtm--smartFilterBar-filterItemControl_BASIC-ALL_TAGS-vhi\"]"}
COMMAND: POST /session/bb1834e335885f2b4fe4c5c01cc3b2b8/element/f.C3E96304196E694327087280E5B350FD.d.18951174137B50A34417294109A3E9C8.e.6495/click - {}
RESULT: {}
COMMAND: GET /session/bb1834e335885f2b4fe4c5c01cc3b2b8/screenshot - {}
RESULT: {}
COMMAND: POST /session/bb1834e335885f2b4fe4c5c01cc3b2b8/execute/async - {"script":"<script> [1562 bytes]","args":[{"selector":{"id":"application-managepartners-display-component---masterPtm--smartFilterBar-filterItemControl_BASIC-ALL_TAGS-valueHelpDialog-smartFilterBar-btnBasicSearch","searchOpenDialogs":true,"interaction":{"idSuffix":"I"}},"wdio_ui5_key":"applicationmanagepartners-display-component---masterPtm--smartFilterBar-filterItemControl_BASIC-ALL_TAGS-valueHelpDialog-smartFilterBar-btnBasicSearch"}]}
RESULT: {"script":"<script> [1562 bytes]","args":[{"selector":{"id":"application-managepartners-display-component---masterPtm--smartFilterBar-filterItemControl_BASIC-ALL_TAGS-valueHelpDialog-smartFilterBar-btnBasicSearch","searchOpenDialogs":true,"interaction":{"idSuffix":"I"}},"wdio_ui5_key":"applicationmanagepartners-display-component---masterPtm--smartFilterBar-filterItemControl_BASIC-ALL_TAGS-valueHelpDialog-smartFilterBar-btnBasicSearch"}]}
RESULT: undefined
COMMAND: POST /session/bb1834e335885f2b4fe4c5c01cc3b2b8/execute/async - {"script":"<script> [776 bytes]","args":[{"enterText":"test-tag-1","selector":{"id":"application-managepartners-display-component---masterPtm--smartFilterBar-filterItemControl_BASIC-ALL_TAGS-valueHelpDialog-smartFilterBar-btnBasicSearch","searchOpenDialogs":true,"interaction":{"idSuffix":"I"}},"clearTextFirst":true,"interactionType":"ENTER_TEXT"}]}
RESULT: {"script":"<script> [776 bytes]","args":[{"enterText":"test-tag-1","selector":{"id":"application-managepartners-display-component---masterPtm--smartFilterBar-filterItemControl_BASIC-ALL_TAGS-valueHelpDialog-smartFilterBar-btnBasicSearch","searchOpenDialogs":true,"interaction":{"idSuffix":"I"}},"clearTextFirst":true,"interactionType":"ENTER_TEXT"}]}
COMMAND: POST /session/bb1834e335885f2b4fe4c5c01cc3b2b8/actions - {"actions":[{"id":"action20","type":"key","parameters":{},"actions":[{"type":"keyDown","value":""},{"type":"pause","duration":10},{"type":"keyUp","value":""}]}]}
RESULT: {"actions":[{"id":"action20","type":"key","parameters":{},"actions":[{"type":"keyDown","value":""},{"type":"pause","duration":10},{"type":"keyUp","value":""}]}]}
COMMAND: POST /session/bb1834e335885f2b4fe4c5c01cc3b2b8/elements - {"using":"xpath","value":"//table[contains(@id, \"smartFilterBar-filterItemControl_BASIC-ALL_TAGS-valueHelpDialog-table-table\")]/tbody/tr"}
COMMAND: GET /session/bb1834e335885f2b4fe4c5c01cc3b2b8/screenshot - {}
RESULT: {"using":"xpath","value":"//table[contains(@id, \"smartFilterBar-filterItemControl_BASIC-ALL_TAGS-valueHelpDialog-table-table\")]/tbody/tr"}
COMMAND: POST /session/bb1834e335885f2b4fe4c5c01cc3b2b8/element - {"using":"xpath","value":"//table[contains(@id, \"smartFilterBar-filterItemControl_BASIC-ALL_TAGS-valueHelpDialog-table-table\")]/tbody/tr[1]/td[1]/div/span"}
RESULT: {}
RESULT: {"using":"xpath","value":"//table[contains(@id, \"smartFilterBar-filterItemControl_BASIC-ALL_TAGS-valueHelpDialog-table-table\")]/tbody/tr[1]/td[1]/div/span"}
COMMAND: POST /session/bb1834e335885f2b4fe4c5c01cc3b2b8/elements - {"using":"xpath","value":"//table[contains(@id, \"smartFilterBar-filterItemControl_BASIC-ALL_TAGS-valueHelpDialog-table-table\")]/tbody/tr[1]/td[1]/div/span"}
RESULT: {"using":"xpath","value":"//table[contains(@id, \"smartFilterBar-filterItemControl_BASIC-ALL_TAGS-valueHelpDialog-table-table\")]/tbody/tr[1]/td[1]/div/span"}
COMMAND: POST /session/bb1834e335885f2b4fe4c5c01cc3b2b8/execute/sync - {"script":"<script> [56 bytes]","args":[{"element-6066-11e4-a52e-4f735466cecf":"f.C3E96304196E694327087280E5B350FD.d.18951174137B50A34417294109A3E9C8.e.6515","ELEMENT":"f.C3E96304196E694327087280E5B350FD.d.18951174137B50A34417294109A3E9C8.e.6515"}]}
RESULT: {"script":"<script> [56 bytes]","args":[{"element-6066-11e4-a52e-4f735466cecf":"f.C3E96304196E694327087280E5B350FD.d.18951174137B50A34417294109A3E9C8.e.6515","ELEMENT":"f.C3E96304196E694327087280E5B350FD.d.18951174137B50A34417294109A3E9C8.e.6515"}]}
COMMAND: POST /session/bb1834e335885f2b4fe4c5c01cc3b2b8/element - {"using":"xpath","value":"//div[contains(@id, \"filterItemControl_BASIC-ALL_TAGS-valueHelpDialog-table-rowsel0\")]"}
COMMAND: GET /session/bb1834e335885f2b4fe4c5c01cc3b2b8/screenshot - {}
RESULT: {"using":"xpath","value":"//div[contains(@id, \"filterItemControl_BASIC-ALL_TAGS-valueHelpDialog-table-rowsel0\")]"}
COMMAND: POST /session/bb1834e335885f2b4fe4c5c01cc3b2b8/element/f.C3E96304196E694327087280E5B350FD.d.18951174137B50A34417294109A3E9C8.e.6516/click - {}
RESULT: {}
RESULT: {}
COMMAND: GET /session/bb1834e335885f2b4fe4c5c01cc3b2b8/screenshot - {}
RESULT: {}
COMMAND: POST /session/bb1834e335885f2b4fe4c5c01cc3b2b8/element - {"using":"xpath","value":"(//bdi[contains(text(), \"OK\")])[1]"}
RESULT: {"using":"xpath","value":"(//bdi[contains(text(), \"OK\")])[1]"}
COMMAND: POST /session/bb1834e335885f2b4fe4c5c01cc3b2b8/element/f.C3E96304196E694327087280E5B350FD.d.18951174137B50A34417294109A3E9C8.e.6518/click - {}
RESULT: {}
COMMAND: GET /session/bb1834e335885f2b4fe4c5c01cc3b2b8/screenshot - {}
RESULT: {}
COMMAND: POST /session/bb1834e335885f2b4fe4c5c01cc3b2b8/element - {"using":"xpath","value":"//span[@id=\"application-managepartners-display-component---masterPtm--smartTable-header-inner\"]"}
RESULT: {"using":"xpath","value":"//span[@id=\"application-managepartners-display-component---masterPtm--smartTable-header-inner\"]"}
COMMAND: POST /session/bb1834e335885f2b4fe4c5c01cc3b2b8/elements - {"using":"xpath","value":"//span[@id=\"application-managepartners-display-component---masterPtm--smartTable-header-inner\"]"}
RESULT: {"using":"xpath","value":"//span[@id=\"application-managepartners-display-component---masterPtm--smartTable-header-inner\"]"}
COMMAND: POST /session/bb1834e335885f2b4fe4c5c01cc3b2b8/execute/sync - {"script":"<script> [56 bytes]","args":[{"element-6066-11e4-a52e-4f735466cecf":"f.C3E96304196E694327087280E5B350FD.d.18951174137B50A34417294109A3E9C8.e.5980","ELEMENT":"f.C3E96304196E694327087280E5B350FD.d.18951174137B50A34417294109A3E9C8.e.5980"}]}
RESULT: {"script":"<script> [56 bytes]","args":[{"element-6066-11e4-a52e-4f735466cecf":"f.C3E96304196E694327087280E5B350FD.d.18951174137B50A34417294109A3E9C8.e.5980","ELEMENT":"f.C3E96304196E694327087280E5B350FD.d.18951174137B50A34417294109A3E9C8.e.5980"}]}
COMMAND: POST /session/bb1834e335885f2b4fe4c5c01cc3b2b8/element - {"using":"xpath","value":"//span[contains(@title, \"Remove\")]"}
COMMAND: GET /session/bb1834e335885f2b4fe4c5c01cc3b2b8/screenshot - {}
RESULT: {"using":"xpath","value":"//span[contains(@title, \"Remove\")]"}
COMMAND: POST /session/bb1834e335885f2b4fe4c5c01cc3b2b8/element/f.C3E96304196E694327087280E5B350FD.d.18951174137B50A34417294109A3E9C8.e.6539/click - {}
RESULT: {}
RESULT: {}
COMMAND: GET /session/bb1834e335885f2b4fe4c5c01cc3b2b8/screenshot - {}
RESULT: {}
COMMAND: POST /session/bb1834e335885f2b4fe4c5c01cc3b2b8/execute/async - {"script":"<script> [1562 bytes]","args":[{"selector":{"id":"application-managepartners-display-component---masterPtm--partnerTypes-arrow"},"wdio_ui5_key":"applicationmanagepartners-display-component---masterPtm--partnerTypes-arrow"}]}
RESULT: {"script":"<script> [1562 bytes]","args":[{"selector":{"id":"application-managepartners-display-component---masterPtm--partnerTypes-arrow"},"wdio_ui5_key":"applicationmanagepartners-display-component---masterPtm--partnerTypes-arrow"}]}
RESULT: undefined
COMMAND: POST /session/bb1834e335885f2b4fe4c5c01cc3b2b8/element - {"using":"xpath","value":"//*[@id=\"application-managepartners-display-component---masterPtm--partnerTypes-arrow\"]"}
RESULT: {"using":"xpath","value":"//*[@id=\"application-managepartners-display-component---masterPtm--partnerTypes-arrow\"]"}
COMMAND: POST /session/bb1834e335885f2b4fe4c5c01cc3b2b8/element/f.C3E96304196E694327087280E5B350FD.d.18951174137B50A34417294109A3E9C8.e.6643/click - {}
RESULT: {}
COMMAND: GET /session/bb1834e335885f2b4fe4c5c01cc3b2b8/screenshot - {}
RESULT: {}
COMMAND: POST /session/bb1834e335885f2b4fe4c5c01cc3b2b8/element - {"using":"xpath","value":"//li[.//span[text()=\"External partner\"]]//div[contains(@class,\"sapMCbBg\")]"}
RESULT: {"using":"xpath","value":"//li[.//span[text()=\"External partner\"]]//div[contains(@class,\"sapMCbBg\")]"}
COMMAND: POST /session/bb1834e335885f2b4fe4c5c01cc3b2b8/element/f.C3E96304196E694327087280E5B350FD.d.18951174137B50A34417294109A3E9C8.e.6646/click - {}
RESULT: {}
COMMAND: GET /session/bb1834e335885f2b4fe4c5c01cc3b2b8/screenshot - {}
RESULT: {}
COMMAND: POST /session/bb1834e335885f2b4fe4c5c01cc3b2b8/element - {"using":"xpath","value":"//div[contains(@id,\"application-managepartners-display-component---masterPtm--smartFilterBar-btnBasicSearch-search\")]"}
RESULT: {"using":"xpath","value":"//div[contains(@id,\"application-managepartners-display-component---masterPtm--smartFilterBar-btnBasicSearch-search\")]"}
COMMAND: POST /session/bb1834e335885f2b4fe4c5c01cc3b2b8/element/f.C3E96304196E694327087280E5B350FD.d.18951174137B50A34417294109A3E9C8.e.6727/click - {}
RESULT: {}
COMMAND: GET /session/bb1834e335885f2b4fe4c5c01cc3b2b8/screenshot - {}
RESULT: {}
COMMAND: POST /session/bb1834e335885f2b4fe4c5c01cc3b2b8/element - {"using":"xpath","value":"//span[@id=\"application-managepartners-display-component---masterPtm--smartTable-header-inner\"]"}
RESULT: {"using":"xpath","value":"//span[@id=\"application-managepartners-display-component---masterPtm--smartTable-header-inner\"]"}
COMMAND: POST /session/bb1834e335885f2b4fe4c5c01cc3b2b8/elements - {"using":"xpath","value":"//span[@id=\"application-managepartners-display-component---masterPtm--smartTable-header-inner\"]"}
RESULT: {"using":"xpath","value":"//span[@id=\"application-managepartners-display-component---masterPtm--smartTable-header-inner\"]"}
COMMAND: POST /session/bb1834e335885f2b4fe4c5c01cc3b2b8/execute/sync - {"script":"<script> [56 bytes]","args":[{"element-6066-11e4-a52e-4f735466cecf":"f.C3E96304196E694327087280E5B350FD.d.18951174137B50A34417294109A3E9C8.e.5980","ELEMENT":"f.C3E96304196E694327087280E5B350FD.d.18951174137B50A34417294109A3E9C8.e.5980"}]}
RESULT: {"script":"<script> [56 bytes]","args":[{"element-6066-11e4-a52e-4f735466cecf":"f.C3E96304196E694327087280E5B350FD.d.18951174137B50A34417294109A3E9C8.e.5980","ELEMENT":"f.C3E96304196E694327087280E5B350FD.d.18951174137B50A34417294109A3E9C8.e.5980"}]}
COMMAND: POST /session/bb1834e335885f2b4fe4c5c01cc3b2b8/element - {"using":"xpath","value":"//span[contains(@title, \"Remove\")]"}
COMMAND: GET /session/bb1834e335885f2b4fe4c5c01cc3b2b8/screenshot - {}
RESULT: {"using":"xpath","value":"//span[contains(@title, \"Remove\")]"}
COMMAND: POST /session/bb1834e335885f2b4fe4c5c01cc3b2b8/element/f.C3E96304196E694327087280E5B350FD.d.18951174137B50A34417294109A3E9C8.e.6731/click - {}
RESULT: {}
RESULT: {}
COMMAND: GET /session/bb1834e335885f2b4fe4c5c01cc3b2b8/screenshot - {}
RESULT: {}
COMMAND: POST /session/bb1834e335885f2b4fe4c5c01cc3b2b8/execute/async - {"script":"<script> [1562 bytes]","args":[{"selector":{"id":"application-managepartners-display-component---masterPtm--smartFilterBar-btnFilters","interaction":{"idSuffix":"BDI-content"}},"wdio_ui5_key":"applicationmanagepartners-display-component---masterPtm--smartFilterBar-btnFilters"}]}
RESULT: {"script":"<script> [1562 bytes]","args":[{"selector":{"id":"application-managepartners-display-component---masterPtm--smartFilterBar-btnFilters","interaction":{"idSuffix":"BDI-content"}},"wdio_ui5_key":"applicationmanagepartners-display-component---masterPtm--smartFilterBar-btnFilters"}]}
RESULT: undefined
COMMAND: POST /session/bb1834e335885f2b4fe4c5c01cc3b2b8/element - {"using":"xpath","value":"//*[@id=\"application-managepartners-display-component---masterPtm--smartFilterBar-btnFilters\"]"}
RESULT: {"using":"xpath","value":"//*[@id=\"application-managepartners-display-component---masterPtm--smartFilterBar-btnFilters\"]"}
COMMAND: POST /session/bb1834e335885f2b4fe4c5c01cc3b2b8/element/f.C3E96304196E694327087280E5B350FD.d.18951174137B50A34417294109A3E9C8.e.5821/click - {}
RESULT: {}
COMMAND: GET /session/bb1834e335885f2b4fe4c5c01cc3b2b8/screenshot - {}
RESULT: {}
COMMAND: POST /session/bb1834e335885f2b4fe4c5c01cc3b2b8/elements - {"using":"xpath","value":"//table[contains(@id, \"listView-innerSelectionPanelTable-listUl\")]/tbody/tr"}
RESULT: {"using":"xpath","value":"//table[contains(@id, \"listView-innerSelectionPanelTable-listUl\")]/tbody/tr"}
COMMAND: POST /session/bb1834e335885f2b4fe4c5c01cc3b2b8/element - {"using":"xpath","value":"//table[contains(@id, \"listView-innerSelectionPanelTable-listUl\")]/tbody/tr[2]/td[2]/div/div"}
RESULT: {"using":"xpath","value":"//table[contains(@id, \"listView-innerSelectionPanelTable-listUl\")]/tbody/tr[2]/td[2]/div/div"}
COMMAND: POST /session/bb1834e335885f2b4fe4c5c01cc3b2b8/element - {"using":"xpath","value":"//table[contains(@id, \"listView-innerSelectionPanelTable-listUl\")]/tbody/tr[2]/td[2]/div"}
RESULT: {"using":"xpath","value":"//table[contains(@id, \"listView-innerSelectionPanelTable-listUl\")]/tbody/tr[2]/td[2]/div"}
COMMAND: POST /session/bb1834e335885f2b4fe4c5c01cc3b2b8/element - {"using":"xpath","value":"//table[contains(@id, \"listView-innerSelectionPanelTable-listUl\")]/tbody/tr[2]/td[3]/div/div/span/span[1]/bdi"}
RESULT: {"using":"xpath","value":"//table[contains(@id, \"listView-innerSelectionPanelTable-listUl\")]/tbody/tr[2]/td[3]/div/div/span/span[1]/bdi"}
COMMAND: POST /session/bb1834e335885f2b4fe4c5c01cc3b2b8/execute/sync - {"script":"<script> [56 bytes]","args":[{"element-6066-11e4-a52e-4f735466cecf":"f.C3E96304196E694327087280E5B350FD.d.18951174137B50A34417294109A3E9C8.e.6838","ELEMENT":"f.C3E96304196E694327087280E5B350FD.d.18951174137B50A34417294109A3E9C8.e.6838"}]}
RESULT: {"script":"<script> [56 bytes]","args":[{"element-6066-11e4-a52e-4f735466cecf":"f.C3E96304196E694327087280E5B350FD.d.18951174137B50A34417294109A3E9C8.e.6838","ELEMENT":"f.C3E96304196E694327087280E5B350FD.d.18951174137B50A34417294109A3E9C8.e.6838"}]}
COMMAND: GET /session/bb1834e335885f2b4fe4c5c01cc3b2b8/element/f.C3E96304196E694327087280E5B350FD.d.18951174137B50A34417294109A3E9C8.e.6837/attribute/aria-checked - {}
COMMAND: GET /session/bb1834e335885f2b4fe4c5c01cc3b2b8/screenshot - {}
RESULT: {}
COMMAND: POST /session/bb1834e335885f2b4fe4c5c01cc3b2b8/element - {"using":"xpath","value":"//table[contains(@id, \"listView-innerSelectionPanelTable-listUl\")]/tbody/tr[3]/td[2]/div/div"}
RESULT: {}
RESULT: {"using":"xpath","value":"//table[contains(@id, \"listView-innerSelectionPanelTable-listUl\")]/tbody/tr[3]/td[2]/div/div"}
COMMAND: POST /session/bb1834e335885f2b4fe4c5c01cc3b2b8/element - {"using":"xpath","value":"//table[contains(@id, \"listView-innerSelectionPanelTable-listUl\")]/tbody/tr[3]/td[2]/div"}
RESULT: {"using":"xpath","value":"//table[contains(@id, \"listView-innerSelectionPanelTable-listUl\")]/tbody/tr[3]/td[2]/div"}
COMMAND: POST /session/bb1834e335885f2b4fe4c5c01cc3b2b8/element - {"using":"xpath","value":"//table[contains(@id, \"listView-innerSelectionPanelTable-listUl\")]/tbody/tr[3]/td[3]/div/div/span/span[1]/bdi"}
RESULT: {"using":"xpath","value":"//table[contains(@id, \"listView-innerSelectionPanelTable-listUl\")]/tbody/tr[3]/td[3]/div/div/span/span[1]/bdi"}
COMMAND: POST /session/bb1834e335885f2b4fe4c5c01cc3b2b8/execute/sync - {"script":"<script> [56 bytes]","args":[{"element-6066-11e4-a52e-4f735466cecf":"f.C3E96304196E694327087280E5B350FD.d.18951174137B50A34417294109A3E9C8.e.6841","ELEMENT":"f.C3E96304196E694327087280E5B350FD.d.18951174137B50A34417294109A3E9C8.e.6841"}]}
RESULT: {"script":"<script> [56 bytes]","args":[{"element-6066-11e4-a52e-4f735466cecf":"f.C3E96304196E694327087280E5B350FD.d.18951174137B50A34417294109A3E9C8.e.6841","ELEMENT":"f.C3E96304196E694327087280E5B350FD.d.18951174137B50A34417294109A3E9C8.e.6841"}]}
COMMAND: GET /session/bb1834e335885f2b4fe4c5c01cc3b2b8/element/f.C3E96304196E694327087280E5B350FD.d.18951174137B50A34417294109A3E9C8.e.6840/attribute/aria-checked - {}
COMMAND: GET /session/bb1834e335885f2b4fe4c5c01cc3b2b8/screenshot - {}
RESULT: {}
COMMAND: POST /session/bb1834e335885f2b4fe4c5c01cc3b2b8/element - {"using":"xpath","value":"//table[contains(@id, \"listView-innerSelectionPanelTable-listUl\")]/tbody/tr[4]/td[2]/div/div"}
RESULT: {}
RESULT: {"using":"xpath","value":"//table[contains(@id, \"listView-innerSelectionPanelTable-listUl\")]/tbody/tr[4]/td[2]/div/div"}
COMMAND: POST /session/bb1834e335885f2b4fe4c5c01cc3b2b8/element - {"using":"xpath","value":"//table[contains(@id, \"listView-innerSelectionPanelTable-listUl\")]/tbody/tr[4]/td[2]/div"}
RESULT: {"using":"xpath","value":"//table[contains(@id, \"listView-innerSelectionPanelTable-listUl\")]/tbody/tr[4]/td[2]/div"}
COMMAND: POST /session/bb1834e335885f2b4fe4c5c01cc3b2b8/element - {"using":"xpath","value":"//table[contains(@id, \"listView-innerSelectionPanelTable-listUl\")]/tbody/tr[4]/td[3]/div/div/span/span[1]/bdi"}
RESULT: {"using":"xpath","value":"//table[contains(@id, \"listView-innerSelectionPanelTable-listUl\")]/tbody/tr[4]/td[3]/div/div/span/span[1]/bdi"}
COMMAND: POST /session/bb1834e335885f2b4fe4c5c01cc3b2b8/execute/sync - {"script":"<script> [56 bytes]","args":[{"element-6066-11e4-a52e-4f735466cecf":"f.C3E96304196E694327087280E5B350FD.d.18951174137B50A34417294109A3E9C8.e.6844","ELEMENT":"f.C3E96304196E694327087280E5B350FD.d.18951174137B50A34417294109A3E9C8.e.6844"}]}
RESULT: {"script":"<script> [56 bytes]","args":[{"element-6066-11e4-a52e-4f735466cecf":"f.C3E96304196E694327087280E5B350FD.d.18951174137B50A34417294109A3E9C8.e.6844","ELEMENT":"f.C3E96304196E694327087280E5B350FD.d.18951174137B50A34417294109A3E9C8.e.6844"}]}
COMMAND: GET /session/bb1834e335885f2b4fe4c5c01cc3b2b8/element/f.C3E96304196E694327087280E5B350FD.d.18951174137B50A34417294109A3E9C8.e.6843/attribute/aria-checked - {}
COMMAND: GET /session/bb1834e335885f2b4fe4c5c01cc3b2b8/screenshot - {}
RESULT: {}
COMMAND: POST /session/bb1834e335885f2b4fe4c5c01cc3b2b8/element - {"using":"xpath","value":"//table[contains(@id, \"listView-innerSelectionPanelTable-listUl\")]/tbody/tr[5]/td[2]/div/div"}
RESULT: {}
RESULT: {"using":"xpath","value":"//table[contains(@id, \"listView-innerSelectionPanelTable-listUl\")]/tbody/tr[5]/td[2]/div/div"}
COMMAND: POST /session/bb1834e335885f2b4fe4c5c01cc3b2b8/element - {"using":"xpath","value":"//table[contains(@id, \"listView-innerSelectionPanelTable-listUl\")]/tbody/tr[5]/td[2]/div"}
RESULT: {"using":"xpath","value":"//table[contains(@id, \"listView-innerSelectionPanelTable-listUl\")]/tbody/tr[5]/td[2]/div"}
COMMAND: POST /session/bb1834e335885f2b4fe4c5c01cc3b2b8/element - {"using":"xpath","value":"//table[contains(@id, \"listView-innerSelectionPanelTable-listUl\")]/tbody/tr[5]/td[3]/div/div/span/span[1]/bdi"}
RESULT: {"using":"xpath","value":"//table[contains(@id, \"listView-innerSelectionPanelTable-listUl\")]/tbody/tr[5]/td[3]/div/div/span/span[1]/bdi"}
COMMAND: POST /session/bb1834e335885f2b4fe4c5c01cc3b2b8/execute/sync - {"script":"<script> [56 bytes]","args":[{"element-6066-11e4-a52e-4f735466cecf":"f.C3E96304196E694327087280E5B350FD.d.18951174137B50A34417294109A3E9C8.e.6847","ELEMENT":"f.C3E96304196E694327087280E5B350FD.d.18951174137B50A34417294109A3E9C8.e.6847"}]}
RESULT: {"script":"<script> [56 bytes]","args":[{"element-6066-11e4-a52e-4f735466cecf":"f.C3E96304196E694327087280E5B350FD.d.18951174137B50A34417294109A3E9C8.e.6847","ELEMENT":"f.C3E96304196E694327087280E5B350FD.d.18951174137B50A34417294109A3E9C8.e.6847"}]}
COMMAND: GET /session/bb1834e335885f2b4fe4c5c01cc3b2b8/element/f.C3E96304196E694327087280E5B350FD.d.18951174137B50A34417294109A3E9C8.e.6846/attribute/aria-checked - {}
COMMAND: GET /session/bb1834e335885f2b4fe4c5c01cc3b2b8/screenshot - {}
RESULT: {}
COMMAND: POST /session/bb1834e335885f2b4fe4c5c01cc3b2b8/element - {"using":"xpath","value":"//table[contains(@id, \"listView-innerSelectionPanelTable-listUl\")]/tbody/tr[6]/td[2]/div/div"}
RESULT: {}
RESULT: {"using":"xpath","value":"//table[contains(@id, \"listView-innerSelectionPanelTable-listUl\")]/tbody/tr[6]/td[2]/div/div"}
COMMAND: POST /session/bb1834e335885f2b4fe4c5c01cc3b2b8/element - {"using":"xpath","value":"//table[contains(@id, \"listView-innerSelectionPanelTable-listUl\")]/tbody/tr[6]/td[2]/div"}
RESULT: {"using":"xpath","value":"//table[contains(@id, \"listView-innerSelectionPanelTable-listUl\")]/tbody/tr[6]/td[2]/div"}
COMMAND: POST /session/bb1834e335885f2b4fe4c5c01cc3b2b8/element - {"using":"xpath","value":"//table[contains(@id, \"listView-innerSelectionPanelTable-listUl\")]/tbody/tr[6]/td[3]/div/div/span/span[1]/bdi"}
RESULT: {"using":"xpath","value":"//table[contains(@id, \"listView-innerSelectionPanelTable-listUl\")]/tbody/tr[6]/td[3]/div/div/span/span[1]/bdi"}
COMMAND: POST /session/bb1834e335885f2b4fe4c5c01cc3b2b8/execute/sync - {"script":"<script> [56 bytes]","args":[{"element-6066-11e4-a52e-4f735466cecf":"f.C3E96304196E694327087280E5B350FD.d.18951174137B50A34417294109A3E9C8.e.6850","ELEMENT":"f.C3E96304196E694327087280E5B350FD.d.18951174137B50A34417294109A3E9C8.e.6850"}]}
RESULT: {"script":"<script> [56 bytes]","args":[{"element-6066-11e4-a52e-4f735466cecf":"f.C3E96304196E694327087280E5B350FD.d.18951174137B50A34417294109A3E9C8.e.6850","ELEMENT":"f.C3E96304196E694327087280E5B350FD.d.18951174137B50A34417294109A3E9C8.e.6850"}]}
COMMAND: GET /session/bb1834e335885f2b4fe4c5c01cc3b2b8/element/f.C3E96304196E694327087280E5B350FD.d.18951174137B50A34417294109A3E9C8.e.6849/attribute/aria-checked - {}
COMMAND: GET /session/bb1834e335885f2b4fe4c5c01cc3b2b8/screenshot - {}
RESULT: {}
COMMAND: POST /session/bb1834e335885f2b4fe4c5c01cc3b2b8/element - {"using":"xpath","value":"//table[contains(@id, \"listView-innerSelectionPanelTable-listUl\")]/tbody/tr[7]/td[2]/div/div"}
RESULT: {}
RESULT: {"using":"xpath","value":"//table[contains(@id, \"listView-innerSelectionPanelTable-listUl\")]/tbody/tr[7]/td[2]/div/div"}
COMMAND: POST /session/bb1834e335885f2b4fe4c5c01cc3b2b8/element - {"using":"xpath","value":"//table[contains(@id, \"listView-innerSelectionPanelTable-listUl\")]/tbody/tr[7]/td[2]/div"}
RESULT: {"using":"xpath","value":"//table[contains(@id, \"listView-innerSelectionPanelTable-listUl\")]/tbody/tr[7]/td[2]/div"}
COMMAND: POST /session/bb1834e335885f2b4fe4c5c01cc3b2b8/element - {"using":"xpath","value":"//table[contains(@id, \"listView-innerSelectionPanelTable-listUl\")]/tbody/tr[7]/td[3]/div/div/span/span[1]/bdi"}
RESULT: {"using":"xpath","value":"//table[contains(@id, \"listView-innerSelectionPanelTable-listUl\")]/tbody/tr[7]/td[3]/div/div/span/span[1]/bdi"}
COMMAND: POST /session/bb1834e335885f2b4fe4c5c01cc3b2b8/execute/sync - {"script":"<script> [56 bytes]","args":[{"element-6066-11e4-a52e-4f735466cecf":"f.C3E96304196E694327087280E5B350FD.d.18951174137B50A34417294109A3E9C8.e.6853","ELEMENT":"f.C3E96304196E694327087280E5B350FD.d.18951174137B50A34417294109A3E9C8.e.6853"}]}
RESULT: {"script":"<script> [56 bytes]","args":[{"element-6066-11e4-a52e-4f735466cecf":"f.C3E96304196E694327087280E5B350FD.d.18951174137B50A34417294109A3E9C8.e.6853","ELEMENT":"f.C3E96304196E694327087280E5B350FD.d.18951174137B50A34417294109A3E9C8.e.6853"}]}
COMMAND: GET /session/bb1834e335885f2b4fe4c5c01cc3b2b8/element/f.C3E96304196E694327087280E5B350FD.d.18951174137B50A34417294109A3E9C8.e.6852/attribute/aria-checked - {}
COMMAND: GET /session/bb1834e335885f2b4fe4c5c01cc3b2b8/screenshot - {}
RESULT: {}
COMMAND: POST /session/bb1834e335885f2b4fe4c5c01cc3b2b8/element - {"using":"xpath","value":"//table[contains(@id, \"listView-innerSelectionPanelTable-listUl\")]/tbody/tr[8]/td[2]/div/div"}
RESULT: {}
RESULT: {"using":"xpath","value":"//table[contains(@id, \"listView-innerSelectionPanelTable-listUl\")]/tbody/tr[8]/td[2]/div/div"}
COMMAND: POST /session/bb1834e335885f2b4fe4c5c01cc3b2b8/element - {"using":"xpath","value":"//table[contains(@id, \"listView-innerSelectionPanelTable-listUl\")]/tbody/tr[8]/td[2]/div"}
RESULT: {"using":"xpath","value":"//table[contains(@id, \"listView-innerSelectionPanelTable-listUl\")]/tbody/tr[8]/td[2]/div"}
COMMAND: POST /session/bb1834e335885f2b4fe4c5c01cc3b2b8/element - {"using":"xpath","value":"//table[contains(@id, \"listView-innerSelectionPanelTable-listUl\")]/tbody/tr[8]/td[3]/div/div/span/span[1]/bdi"}
RESULT: {"using":"xpath","value":"//table[contains(@id, \"listView-innerSelectionPanelTable-listUl\")]/tbody/tr[8]/td[3]/div/div/span/span[1]/bdi"}
COMMAND: POST /session/bb1834e335885f2b4fe4c5c01cc3b2b8/execute/sync - {"script":"<script> [56 bytes]","args":[{"element-6066-11e4-a52e-4f735466cecf":"f.C3E96304196E694327087280E5B350FD.d.18951174137B50A34417294109A3E9C8.e.6856","ELEMENT":"f.C3E96304196E694327087280E5B350FD.d.18951174137B50A34417294109A3E9C8.e.6856"}]}
RESULT: {"script":"<script> [56 bytes]","args":[{"element-6066-11e4-a52e-4f735466cecf":"f.C3E96304196E694327087280E5B350FD.d.18951174137B50A34417294109A3E9C8.e.6856","ELEMENT":"f.C3E96304196E694327087280E5B350FD.d.18951174137B50A34417294109A3E9C8.e.6856"}]}
COMMAND: GET /session/bb1834e335885f2b4fe4c5c01cc3b2b8/element/f.C3E96304196E694327087280E5B350FD.d.18951174137B50A34417294109A3E9C8.e.6855/attribute/aria-checked - {}
COMMAND: GET /session/bb1834e335885f2b4fe4c5c01cc3b2b8/screenshot - {}
RESULT: {}
COMMAND: POST /session/bb1834e335885f2b4fe4c5c01cc3b2b8/element - {"using":"xpath","value":"//table[contains(@id, \"listView-innerSelectionPanelTable-listUl\")]/tbody/tr[9]/td[2]/div/div"}
RESULT: {}
RESULT: {"using":"xpath","value":"//table[contains(@id, \"listView-innerSelectionPanelTable-listUl\")]/tbody/tr[9]/td[2]/div/div"}
COMMAND: POST /session/bb1834e335885f2b4fe4c5c01cc3b2b8/element - {"using":"xpath","value":"//table[contains(@id, \"listView-innerSelectionPanelTable-listUl\")]/tbody/tr[9]/td[2]/div"}
RESULT: {"using":"xpath","value":"//table[contains(@id, \"listView-innerSelectionPanelTable-listUl\")]/tbody/tr[9]/td[2]/div"}
COMMAND: POST /session/bb1834e335885f2b4fe4c5c01cc3b2b8/element - {"using":"xpath","value":"//table[contains(@id, \"listView-innerSelectionPanelTable-listUl\")]/tbody/tr[9]/td[3]/div/div/span/span[1]/bdi"}
RESULT: {"using":"xpath","value":"//table[contains(@id, \"listView-innerSelectionPanelTable-listUl\")]/tbody/tr[9]/td[3]/div/div/span/span[1]/bdi"}
COMMAND: POST /session/bb1834e335885f2b4fe4c5c01cc3b2b8/execute/sync - {"script":"<script> [56 bytes]","args":[{"element-6066-11e4-a52e-4f735466cecf":"f.C3E96304196E694327087280E5B350FD.d.18951174137B50A34417294109A3E9C8.e.6859","ELEMENT":"f.C3E96304196E694327087280E5B350FD.d.18951174137B50A34417294109A3E9C8.e.6859"}]}
RESULT: {"script":"<script> [56 bytes]","args":[{"element-6066-11e4-a52e-4f735466cecf":"f.C3E96304196E694327087280E5B350FD.d.18951174137B50A34417294109A3E9C8.e.6859","ELEMENT":"f.C3E96304196E694327087280E5B350FD.d.18951174137B50A34417294109A3E9C8.e.6859"}]}
COMMAND: GET /session/bb1834e335885f2b4fe4c5c01cc3b2b8/element/f.C3E96304196E694327087280E5B350FD.d.18951174137B50A34417294109A3E9C8.e.6858/attribute/aria-checked - {}
COMMAND: GET /session/bb1834e335885f2b4fe4c5c01cc3b2b8/screenshot - {}
RESULT: {}
COMMAND: POST /session/bb1834e335885f2b4fe4c5c01cc3b2b8/element - {"using":"xpath","value":"//table[contains(@id, \"listView-innerSelectionPanelTable-listUl\")]/tbody/tr[10]/td[2]/div/div"}
RESULT: {}
RESULT: {"using":"xpath","value":"//table[contains(@id, \"listView-innerSelectionPanelTable-listUl\")]/tbody/tr[10]/td[2]/div/div"}
COMMAND: POST /session/bb1834e335885f2b4fe4c5c01cc3b2b8/element - {"using":"xpath","value":"//table[contains(@id, \"listView-innerSelectionPanelTable-listUl\")]/tbody/tr[10]/td[2]/div"}
RESULT: {"using":"xpath","value":"//table[contains(@id, \"listView-innerSelectionPanelTable-listUl\")]/tbody/tr[10]/td[2]/div"}
COMMAND: POST /session/bb1834e335885f2b4fe4c5c01cc3b2b8/element - {"using":"xpath","value":"//table[contains(@id, \"listView-innerSelectionPanelTable-listUl\")]/tbody/tr[10]/td[3]/div/div/span/span[1]/bdi"}
RESULT: {"using":"xpath","value":"//table[contains(@id, \"listView-innerSelectionPanelTable-listUl\")]/tbody/tr[10]/td[3]/div/div/span/span[1]/bdi"}
COMMAND: POST /session/bb1834e335885f2b4fe4c5c01cc3b2b8/execute/sync - {"script":"<script> [56 bytes]","args":[{"element-6066-11e4-a52e-4f735466cecf":"f.C3E96304196E694327087280E5B350FD.d.18951174137B50A34417294109A3E9C8.e.6862","ELEMENT":"f.C3E96304196E694327087280E5B350FD.d.18951174137B50A34417294109A3E9C8.e.6862"}]}
RESULT: {"script":"<script> [56 bytes]","args":[{"element-6066-11e4-a52e-4f735466cecf":"f.C3E96304196E694327087280E5B350FD.d.18951174137B50A34417294109A3E9C8.e.6862","ELEMENT":"f.C3E96304196E694327087280E5B350FD.d.18951174137B50A34417294109A3E9C8.e.6862"}]}
COMMAND: GET /session/bb1834e335885f2b4fe4c5c01cc3b2b8/element/f.C3E96304196E694327087280E5B350FD.d.18951174137B50A34417294109A3E9C8.e.6861/attribute/aria-checked - {}
COMMAND: GET /session/bb1834e335885f2b4fe4c5c01cc3b2b8/screenshot - {}
RESULT: {}
COMMAND: POST /session/bb1834e335885f2b4fe4c5c01cc3b2b8/element - {"using":"xpath","value":"//table[contains(@id, \"listView-innerSelectionPanelTable-listUl\")]/tbody/tr[11]/td[2]/div/div"}
RESULT: {}
RESULT: {"using":"xpath","value":"//table[contains(@id, \"listView-innerSelectionPanelTable-listUl\")]/tbody/tr[11]/td[2]/div/div"}
COMMAND: POST /session/bb1834e335885f2b4fe4c5c01cc3b2b8/element - {"using":"xpath","value":"//table[contains(@id, \"listView-innerSelectionPanelTable-listUl\")]/tbody/tr[11]/td[2]/div"}
RESULT: {"using":"xpath","value":"//table[contains(@id, \"listView-innerSelectionPanelTable-listUl\")]/tbody/tr[11]/td[2]/div"}
COMMAND: POST /session/bb1834e335885f2b4fe4c5c01cc3b2b8/element - {"using":"xpath","value":"//table[contains(@id, \"listView-innerSelectionPanelTable-listUl\")]/tbody/tr[11]/td[3]/div/div/span/span[1]/bdi"}
RESULT: {"using":"xpath","value":"//table[contains(@id, \"listView-innerSelectionPanelTable-listUl\")]/tbody/tr[11]/td[3]/div/div/span/span[1]/bdi"}
COMMAND: POST /session/bb1834e335885f2b4fe4c5c01cc3b2b8/execute/sync - {"script":"<script> [56 bytes]","args":[{"element-6066-11e4-a52e-4f735466cecf":"f.C3E96304196E694327087280E5B350FD.d.18951174137B50A34417294109A3E9C8.e.6865","ELEMENT":"f.C3E96304196E694327087280E5B350FD.d.18951174137B50A34417294109A3E9C8.e.6865"}]}
RESULT: {"script":"<script> [56 bytes]","args":[{"element-6066-11e4-a52e-4f735466cecf":"f.C3E96304196E694327087280E5B350FD.d.18951174137B50A34417294109A3E9C8.e.6865","ELEMENT":"f.C3E96304196E694327087280E5B350FD.d.18951174137B50A34417294109A3E9C8.e.6865"}]}
COMMAND: GET /session/bb1834e335885f2b4fe4c5c01cc3b2b8/element/f.C3E96304196E694327087280E5B350FD.d.18951174137B50A34417294109A3E9C8.e.6864/attribute/aria-checked - {}
COMMAND: GET /session/bb1834e335885f2b4fe4c5c01cc3b2b8/screenshot - {}
RESULT: {}
COMMAND: POST /session/bb1834e335885f2b4fe4c5c01cc3b2b8/element - {"using":"xpath","value":"//table[contains(@id, \"listView-innerSelectionPanelTable-listUl\")]/tbody/tr[12]/td[2]/div/div"}
RESULT: {}
RESULT: {"using":"xpath","value":"//table[contains(@id, \"listView-innerSelectionPanelTable-listUl\")]/tbody/tr[12]/td[2]/div/div"}
COMMAND: POST /session/bb1834e335885f2b4fe4c5c01cc3b2b8/element - {"using":"xpath","value":"//table[contains(@id, \"listView-innerSelectionPanelTable-listUl\")]/tbody/tr[12]/td[2]/div"}
RESULT: {"using":"xpath","value":"//table[contains(@id, \"listView-innerSelectionPanelTable-listUl\")]/tbody/tr[12]/td[2]/div"}
COMMAND: POST /session/bb1834e335885f2b4fe4c5c01cc3b2b8/element - {"using":"xpath","value":"//table[contains(@id, \"listView-innerSelectionPanelTable-listUl\")]/tbody/tr[12]/td[3]/div/div/span/span[1]/bdi"}
RESULT: {"using":"xpath","value":"//table[contains(@id, \"listView-innerSelectionPanelTable-listUl\")]/tbody/tr[12]/td[3]/div/div/span/span[1]/bdi"}
COMMAND: POST /session/bb1834e335885f2b4fe4c5c01cc3b2b8/execute/sync - {"script":"<script> [56 bytes]","args":[{"element-6066-11e4-a52e-4f735466cecf":"f.C3E96304196E694327087280E5B350FD.d.18951174137B50A34417294109A3E9C8.e.6868","ELEMENT":"f.C3E96304196E694327087280E5B350FD.d.18951174137B50A34417294109A3E9C8.e.6868"}]}
RESULT: {"script":"<script> [56 bytes]","args":[{"element-6066-11e4-a52e-4f735466cecf":"f.C3E96304196E694327087280E5B350FD.d.18951174137B50A34417294109A3E9C8.e.6868","ELEMENT":"f.C3E96304196E694327087280E5B350FD.d.18951174137B50A34417294109A3E9C8.e.6868"}]}
COMMAND: GET /session/bb1834e335885f2b4fe4c5c01cc3b2b8/element/f.C3E96304196E694327087280E5B350FD.d.18951174137B50A34417294109A3E9C8.e.6867/attribute/aria-checked - {}
COMMAND: GET /session/bb1834e335885f2b4fe4c5c01cc3b2b8/screenshot - {}
RESULT: {}
COMMAND: POST /session/bb1834e335885f2b4fe4c5c01cc3b2b8/element - {"using":"xpath","value":"//table[contains(@id, \"listView-innerSelectionPanelTable-listUl\")]/tbody/tr[13]/td[2]/div/div"}
RESULT: {}
RESULT: {"using":"xpath","value":"//table[contains(@id, \"listView-innerSelectionPanelTable-listUl\")]/tbody/tr[13]/td[2]/div/div"}
COMMAND: POST /session/bb1834e335885f2b4fe4c5c01cc3b2b8/element - {"using":"xpath","value":"//table[contains(@id, \"listView-innerSelectionPanelTable-listUl\")]/tbody/tr[13]/td[2]/div"}
RESULT: {"using":"xpath","value":"//table[contains(@id, \"listView-innerSelectionPanelTable-listUl\")]/tbody/tr[13]/td[2]/div"}
COMMAND: POST /session/bb1834e335885f2b4fe4c5c01cc3b2b8/element - {"using":"xpath","value":"//table[contains(@id, \"listView-innerSelectionPanelTable-listUl\")]/tbody/tr[13]/td[3]/div/div/span/span[1]/bdi"}
RESULT: {"using":"xpath","value":"//table[contains(@id, \"listView-innerSelectionPanelTable-listUl\")]/tbody/tr[13]/td[3]/div/div/span/span[1]/bdi"}
COMMAND: POST /session/bb1834e335885f2b4fe4c5c01cc3b2b8/execute/sync - {"script":"<script> [56 bytes]","args":[{"element-6066-11e4-a52e-4f735466cecf":"f.C3E96304196E694327087280E5B350FD.d.18951174137B50A34417294109A3E9C8.e.6871","ELEMENT":"f.C3E96304196E694327087280E5B350FD.d.18951174137B50A34417294109A3E9C8.e.6871"}]}
RESULT: {"script":"<script> [56 bytes]","args":[{"element-6066-11e4-a52e-4f735466cecf":"f.C3E96304196E694327087280E5B350FD.d.18951174137B50A34417294109A3E9C8.e.6871","ELEMENT":"f.C3E96304196E694327087280E5B350FD.d.18951174137B50A34417294109A3E9C8.e.6871"}]}
COMMAND: GET /session/bb1834e335885f2b4fe4c5c01cc3b2b8/element/f.C3E96304196E694327087280E5B350FD.d.18951174137B50A34417294109A3E9C8.e.6870/attribute/aria-checked - {}
COMMAND: GET /session/bb1834e335885f2b4fe4c5c01cc3b2b8/screenshot - {}
RESULT: {}
COMMAND: POST /session/bb1834e335885f2b4fe4c5c01cc3b2b8/element - {"using":"xpath","value":"//table[contains(@id, \"listView-innerSelectionPanelTable-listUl\")]/tbody/tr[14]/td[2]/div/div"}
COMMAND: POST /session/bb1834e335885f2b4fe4c5c01cc3b2b8/element/f.C3E96304196E694327087280E5B350FD.d.18951174137B50A34417294109A3E9C8.e.6869/click - {}
RESULT: {}
RESULT: {}
COMMAND: GET /session/bb1834e335885f2b4fe4c5c01cc3b2b8/screenshot - {}
RESULT: {"using":"xpath","value":"//table[contains(@id, \"listView-innerSelectionPanelTable-listUl\")]/tbody/tr[14]/td[2]/div/div"}
COMMAND: POST /session/bb1834e335885f2b4fe4c5c01cc3b2b8/element - {"using":"xpath","value":"//table[contains(@id, \"listView-innerSelectionPanelTable-listUl\")]/tbody/tr[14]/td[2]/div"}
RESULT: {}
RESULT: {"using":"xpath","value":"//table[contains(@id, \"listView-innerSelectionPanelTable-listUl\")]/tbody/tr[14]/td[2]/div"}
COMMAND: POST /session/bb1834e335885f2b4fe4c5c01cc3b2b8/element - {"using":"xpath","value":"//table[contains(@id, \"listView-innerSelectionPanelTable-listUl\")]/tbody/tr[14]/td[3]/div/div/span/span[1]/bdi"}
RESULT: {"using":"xpath","value":"//table[contains(@id, \"listView-innerSelectionPanelTable-listUl\")]/tbody/tr[14]/td[3]/div/div/span/span[1]/bdi"}
COMMAND: POST /session/bb1834e335885f2b4fe4c5c01cc3b2b8/execute/sync - {"script":"<script> [56 bytes]","args":[{"element-6066-11e4-a52e-4f735466cecf":"f.C3E96304196E694327087280E5B350FD.d.18951174137B50A34417294109A3E9C8.e.6875","ELEMENT":"f.C3E96304196E694327087280E5B350FD.d.18951174137B50A34417294109A3E9C8.e.6875"}]}
RESULT: {"script":"<script> [56 bytes]","args":[{"element-6066-11e4-a52e-4f735466cecf":"f.C3E96304196E694327087280E5B350FD.d.18951174137B50A34417294109A3E9C8.e.6875","ELEMENT":"f.C3E96304196E694327087280E5B350FD.d.18951174137B50A34417294109A3E9C8.e.6875"}]}
COMMAND: GET /session/bb1834e335885f2b4fe4c5c01cc3b2b8/element/f.C3E96304196E694327087280E5B350FD.d.18951174137B50A34417294109A3E9C8.e.6874/attribute/aria-checked - {}
COMMAND: GET /session/bb1834e335885f2b4fe4c5c01cc3b2b8/screenshot - {}
RESULT: {}
COMMAND: POST /session/bb1834e335885f2b4fe4c5c01cc3b2b8/element - {"using":"xpath","value":"//table[contains(@id, \"listView-innerSelectionPanelTable-listUl\")]/tbody/tr[15]/td[2]/div/div"}
RESULT: {}
RESULT: {"using":"xpath","value":"//table[contains(@id, \"listView-innerSelectionPanelTable-listUl\")]/tbody/tr[15]/td[2]/div/div"}
COMMAND: POST /session/bb1834e335885f2b4fe4c5c01cc3b2b8/element - {"using":"xpath","value":"//table[contains(@id, \"listView-innerSelectionPanelTable-listUl\")]/tbody/tr[15]/td[2]/div"}
RESULT: {"using":"xpath","value":"//table[contains(@id, \"listView-innerSelectionPanelTable-listUl\")]/tbody/tr[15]/td[2]/div"}
COMMAND: POST /session/bb1834e335885f2b4fe4c5c01cc3b2b8/element - {"using":"xpath","value":"//table[contains(@id, \"listView-innerSelectionPanelTable-listUl\")]/tbody/tr[15]/td[3]/div/div/span/span[1]/bdi"}
RESULT: {"using":"xpath","value":"//table[contains(@id, \"listView-innerSelectionPanelTable-listUl\")]/tbody/tr[15]/td[3]/div/div/span/span[1]/bdi"}
COMMAND: POST /session/bb1834e335885f2b4fe4c5c01cc3b2b8/execute/sync - {"script":"<script> [56 bytes]","args":[{"element-6066-11e4-a52e-4f735466cecf":"f.C3E96304196E694327087280E5B350FD.d.18951174137B50A34417294109A3E9C8.e.6878","ELEMENT":"f.C3E96304196E694327087280E5B350FD.d.18951174137B50A34417294109A3E9C8.e.6878"}]}
RESULT: {"script":"<script> [56 bytes]","args":[{"element-6066-11e4-a52e-4f735466cecf":"f.C3E96304196E694327087280E5B350FD.d.18951174137B50A34417294109A3E9C8.e.6878","ELEMENT":"f.C3E96304196E694327087280E5B350FD.d.18951174137B50A34417294109A3E9C8.e.6878"}]}
COMMAND: GET /session/bb1834e335885f2b4fe4c5c01cc3b2b8/element/f.C3E96304196E694327087280E5B350FD.d.18951174137B50A34417294109A3E9C8.e.6877/attribute/aria-checked - {}
COMMAND: GET /session/bb1834e335885f2b4fe4c5c01cc3b2b8/screenshot - {}
RESULT: {}
COMMAND: POST /session/bb1834e335885f2b4fe4c5c01cc3b2b8/element - {"using":"xpath","value":"//table[contains(@id, \"listView-innerSelectionPanelTable-listUl\")]/tbody/tr[16]/td[2]/div/div"}
RESULT: {}
RESULT: {"using":"xpath","value":"//table[contains(@id, \"listView-innerSelectionPanelTable-listUl\")]/tbody/tr[16]/td[2]/div/div"}
COMMAND: POST /session/bb1834e335885f2b4fe4c5c01cc3b2b8/element - {"using":"xpath","value":"//table[contains(@id, \"listView-innerSelectionPanelTable-listUl\")]/tbody/tr[16]/td[2]/div"}
RESULT: {"using":"xpath","value":"//table[contains(@id, \"listView-innerSelectionPanelTable-listUl\")]/tbody/tr[16]/td[2]/div"}
COMMAND: POST /session/bb1834e335885f2b4fe4c5c01cc3b2b8/element - {"using":"xpath","value":"//table[contains(@id, \"listView-innerSelectionPanelTable-listUl\")]/tbody/tr[16]/td[3]/div/div/span/span[1]/bdi"}
RESULT: {"using":"xpath","value":"//table[contains(@id, \"listView-innerSelectionPanelTable-listUl\")]/tbody/tr[16]/td[3]/div/div/span/span[1]/bdi"}
COMMAND: POST /session/bb1834e335885f2b4fe4c5c01cc3b2b8/execute/sync - {"script":"<script> [56 bytes]","args":[{"element-6066-11e4-a52e-4f735466cecf":"f.C3E96304196E694327087280E5B350FD.d.18951174137B50A34417294109A3E9C8.e.6881","ELEMENT":"f.C3E96304196E694327087280E5B350FD.d.18951174137B50A34417294109A3E9C8.e.6881"}]}
RESULT: {"script":"<script> [56 bytes]","args":[{"element-6066-11e4-a52e-4f735466cecf":"f.C3E96304196E694327087280E5B350FD.d.18951174137B50A34417294109A3E9C8.e.6881","ELEMENT":"f.C3E96304196E694327087280E5B350FD.d.18951174137B50A34417294109A3E9C8.e.6881"}]}
COMMAND: GET /session/bb1834e335885f2b4fe4c5c01cc3b2b8/element/f.C3E96304196E694327087280E5B350FD.d.18951174137B50A34417294109A3E9C8.e.6880/attribute/aria-checked - {}
COMMAND: GET /session/bb1834e335885f2b4fe4c5c01cc3b2b8/screenshot - {}
RESULT: {}
COMMAND: POST /session/bb1834e335885f2b4fe4c5c01cc3b2b8/element - {"using":"xpath","value":"//table[contains(@id, \"listView-innerSelectionPanelTable-listUl\")]/tbody/tr[17]/td[2]/div/div"}
RESULT: {}
RESULT: {"using":"xpath","value":"//table[contains(@id, \"listView-innerSelectionPanelTable-listUl\")]/tbody/tr[17]/td[2]/div/div"}
COMMAND: POST /session/bb1834e335885f2b4fe4c5c01cc3b2b8/element - {"using":"xpath","value":"//table[contains(@id, \"listView-innerSelectionPanelTable-listUl\")]/tbody/tr[17]/td[2]/div"}
RESULT: {"using":"xpath","value":"//table[contains(@id, \"listView-innerSelectionPanelTable-listUl\")]/tbody/tr[17]/td[2]/div"}
COMMAND: POST /session/bb1834e335885f2b4fe4c5c01cc3b2b8/element - {"using":"xpath","value":"//table[contains(@id, \"listView-innerSelectionPanelTable-listUl\")]/tbody/tr[17]/td[3]/div/div/span/span[1]/bdi"}
RESULT: {"using":"xpath","value":"//table[contains(@id, \"listView-innerSelectionPanelTable-listUl\")]/tbody/tr[17]/td[3]/div/div/span/span[1]/bdi"}
COMMAND: POST /session/bb1834e335885f2b4fe4c5c01cc3b2b8/execute/sync - {"script":"<script> [56 bytes]","args":[{"element-6066-11e4-a52e-4f735466cecf":"f.C3E96304196E694327087280E5B350FD.d.18951174137B50A34417294109A3E9C8.e.6884","ELEMENT":"f.C3E96304196E694327087280E5B350FD.d.18951174137B50A34417294109A3E9C8.e.6884"}]}
RESULT: {"script":"<script> [56 bytes]","args":[{"element-6066-11e4-a52e-4f735466cecf":"f.C3E96304196E694327087280E5B350FD.d.18951174137B50A34417294109A3E9C8.e.6884","ELEMENT":"f.C3E96304196E694327087280E5B350FD.d.18951174137B50A34417294109A3E9C8.e.6884"}]}
COMMAND: GET /session/bb1834e335885f2b4fe4c5c01cc3b2b8/element/f.C3E96304196E694327087280E5B350FD.d.18951174137B50A34417294109A3E9C8.e.6883/attribute/aria-checked - {}
COMMAND: GET /session/bb1834e335885f2b4fe4c5c01cc3b2b8/screenshot - {}
RESULT: {}
RESULT: {}
COMMAND: POST /session/bb1834e335885f2b4fe4c5c01cc3b2b8/element - {"using":"xpath","value":"//table[contains(@id, \"listView-innerSelectionPanelTable-listUl\")]/tbody/tr[18]/td[2]/div/div"}
RESULT: {"using":"xpath","value":"//table[contains(@id, \"listView-innerSelectionPanelTable-listUl\")]/tbody/tr[18]/td[2]/div/div"}
COMMAND: POST /session/bb1834e335885f2b4fe4c5c01cc3b2b8/element - {"using":"xpath","value":"//table[contains(@id, \"listView-innerSelectionPanelTable-listUl\")]/tbody/tr[18]/td[2]/div"}
RESULT: {"using":"xpath","value":"//table[contains(@id, \"listView-innerSelectionPanelTable-listUl\")]/tbody/tr[18]/td[2]/div"}
COMMAND: POST /session/bb1834e335885f2b4fe4c5c01cc3b2b8/element - {"using":"xpath","value":"//table[contains(@id, \"listView-innerSelectionPanelTable-listUl\")]/tbody/tr[18]/td[3]/div/div/span/span[1]/bdi"}
RESULT: {"using":"xpath","value":"//table[contains(@id, \"listView-innerSelectionPanelTable-listUl\")]/tbody/tr[18]/td[3]/div/div/span/span[1]/bdi"}
COMMAND: POST /session/bb1834e335885f2b4fe4c5c01cc3b2b8/execute/sync - {"script":"<script> [56 bytes]","args":[{"element-6066-11e4-a52e-4f735466cecf":"f.C3E96304196E694327087280E5B350FD.d.18951174137B50A34417294109A3E9C8.e.6887","ELEMENT":"f.C3E96304196E694327087280E5B350FD.d.18951174137B50A34417294109A3E9C8.e.6887"}]}
RESULT: {"script":"<script> [56 bytes]","args":[{"element-6066-11e4-a52e-4f735466cecf":"f.C3E96304196E694327087280E5B350FD.d.18951174137B50A34417294109A3E9C8.e.6887","ELEMENT":"f.C3E96304196E694327087280E5B350FD.d.18951174137B50A34417294109A3E9C8.e.6887"}]}
COMMAND: GET /session/bb1834e335885f2b4fe4c5c01cc3b2b8/element/f.C3E96304196E694327087280E5B350FD.d.18951174137B50A34417294109A3E9C8.e.6886/attribute/aria-checked - {}
COMMAND: GET /session/bb1834e335885f2b4fe4c5c01cc3b2b8/screenshot - {}
RESULT: {}
COMMAND: POST /session/bb1834e335885f2b4fe4c5c01cc3b2b8/element - {"using":"xpath","value":"//table[contains(@id, \"listView-innerSelectionPanelTable-listUl\")]/tbody/tr[19]/td[2]/div/div"}
RESULT: {}
RESULT: {"using":"xpath","value":"//table[contains(@id, \"listView-innerSelectionPanelTable-listUl\")]/tbody/tr[19]/td[2]/div/div"}
COMMAND: POST /session/bb1834e335885f2b4fe4c5c01cc3b2b8/element - {"using":"xpath","value":"//table[contains(@id, \"listView-innerSelectionPanelTable-listUl\")]/tbody/tr[19]/td[2]/div"}
RESULT: {"using":"xpath","value":"//table[contains(@id, \"listView-innerSelectionPanelTable-listUl\")]/tbody/tr[19]/td[2]/div"}
COMMAND: POST /session/bb1834e335885f2b4fe4c5c01cc3b2b8/element - {"using":"xpath","value":"//table[contains(@id, \"listView-innerSelectionPanelTable-listUl\")]/tbody/tr[19]/td[3]/div/div/span/span[1]/bdi"}
RESULT: {"using":"xpath","value":"//table[contains(@id, \"listView-innerSelectionPanelTable-listUl\")]/tbody/tr[19]/td[3]/div/div/span/span[1]/bdi"}
COMMAND: POST /session/bb1834e335885f2b4fe4c5c01cc3b2b8/execute/sync - {"script":"<script> [56 bytes]","args":[{"element-6066-11e4-a52e-4f735466cecf":"f.C3E96304196E694327087280E5B350FD.d.18951174137B50A34417294109A3E9C8.e.6890","ELEMENT":"f.C3E96304196E694327087280E5B350FD.d.18951174137B50A34417294109A3E9C8.e.6890"}]}
RESULT: {"script":"<script> [56 bytes]","args":[{"element-6066-11e4-a52e-4f735466cecf":"f.C3E96304196E694327087280E5B350FD.d.18951174137B50A34417294109A3E9C8.e.6890","ELEMENT":"f.C3E96304196E694327087280E5B350FD.d.18951174137B50A34417294109A3E9C8.e.6890"}]}
COMMAND: GET /session/bb1834e335885f2b4fe4c5c01cc3b2b8/element/f.C3E96304196E694327087280E5B350FD.d.18951174137B50A34417294109A3E9C8.e.6889/attribute/aria-checked - {}
COMMAND: GET /session/bb1834e335885f2b4fe4c5c01cc3b2b8/screenshot - {}
RESULT: {}
COMMAND: POST /session/bb1834e335885f2b4fe4c5c01cc3b2b8/element - {"using":"xpath","value":"//table[contains(@id, \"listView-innerSelectionPanelTable-listUl\")]/tbody/tr[20]/td[2]/div/div"}
RESULT: {}
RESULT: {"using":"xpath","value":"//table[contains(@id, \"listView-innerSelectionPanelTable-listUl\")]/tbody/tr[20]/td[2]/div/div"}
COMMAND: POST /session/bb1834e335885f2b4fe4c5c01cc3b2b8/element - {"using":"xpath","value":"//table[contains(@id, \"listView-innerSelectionPanelTable-listUl\")]/tbody/tr[20]/td[2]/div"}
RESULT: {"using":"xpath","value":"//table[contains(@id, \"listView-innerSelectionPanelTable-listUl\")]/tbody/tr[20]/td[2]/div"}
COMMAND: POST /session/bb1834e335885f2b4fe4c5c01cc3b2b8/element - {"using":"xpath","value":"//table[contains(@id, \"listView-innerSelectionPanelTable-listUl\")]/tbody/tr[20]/td[3]/div/div/span/span[1]/bdi"}
RESULT: {"using":"xpath","value":"//table[contains(@id, \"listView-innerSelectionPanelTable-listUl\")]/tbody/tr[20]/td[3]/div/div/span/span[1]/bdi"}
COMMAND: POST /session/bb1834e335885f2b4fe4c5c01cc3b2b8/execute/sync - {"script":"<script> [56 bytes]","args":[{"element-6066-11e4-a52e-4f735466cecf":"f.C3E96304196E694327087280E5B350FD.d.18951174137B50A34417294109A3E9C8.e.6893","ELEMENT":"f.C3E96304196E694327087280E5B350FD.d.18951174137B50A34417294109A3E9C8.e.6893"}]}
RESULT: {"script":"<script> [56 bytes]","args":[{"element-6066-11e4-a52e-4f735466cecf":"f.C3E96304196E694327087280E5B350FD.d.18951174137B50A34417294109A3E9C8.e.6893","ELEMENT":"f.C3E96304196E694327087280E5B350FD.d.18951174137B50A34417294109A3E9C8.e.6893"}]}
COMMAND: GET /session/bb1834e335885f2b4fe4c5c01cc3b2b8/element/f.C3E96304196E694327087280E5B350FD.d.18951174137B50A34417294109A3E9C8.e.6892/attribute/aria-checked - {}
COMMAND: GET /session/bb1834e335885f2b4fe4c5c01cc3b2b8/screenshot - {}
RESULT: {}
COMMAND: POST /session/bb1834e335885f2b4fe4c5c01cc3b2b8/element - {"using":"xpath","value":"//table[contains(@id, \"listView-innerSelectionPanelTable-listUl\")]/tbody/tr[21]/td[2]/div/div"}
RESULT: {}
RESULT: {"using":"xpath","value":"//table[contains(@id, \"listView-innerSelectionPanelTable-listUl\")]/tbody/tr[21]/td[2]/div/div"}
COMMAND: POST /session/bb1834e335885f2b4fe4c5c01cc3b2b8/element - {"using":"xpath","value":"//table[contains(@id, \"listView-innerSelectionPanelTable-listUl\")]/tbody/tr[21]/td[2]/div"}
RESULT: {"using":"xpath","value":"//table[contains(@id, \"listView-innerSelectionPanelTable-listUl\")]/tbody/tr[21]/td[2]/div"}
COMMAND: POST /session/bb1834e335885f2b4fe4c5c01cc3b2b8/element - {"using":"xpath","value":"//table[contains(@id, \"listView-innerSelectionPanelTable-listUl\")]/tbody/tr[21]/td[3]/div/div/span/span[1]/bdi"}
RESULT: {"using":"xpath","value":"//table[contains(@id, \"listView-innerSelectionPanelTable-listUl\")]/tbody/tr[21]/td[3]/div/div/span/span[1]/bdi"}
COMMAND: POST /session/bb1834e335885f2b4fe4c5c01cc3b2b8/execute/sync - {"script":"<script> [56 bytes]","args":[{"element-6066-11e4-a52e-4f735466cecf":"f.C3E96304196E694327087280E5B350FD.d.18951174137B50A34417294109A3E9C8.e.6896","ELEMENT":"f.C3E96304196E694327087280E5B350FD.d.18951174137B50A34417294109A3E9C8.e.6896"}]}
RESULT: {"script":"<script> [56 bytes]","args":[{"element-6066-11e4-a52e-4f735466cecf":"f.C3E96304196E694327087280E5B350FD.d.18951174137B50A34417294109A3E9C8.e.6896","ELEMENT":"f.C3E96304196E694327087280E5B350FD.d.18951174137B50A34417294109A3E9C8.e.6896"}]}
COMMAND: GET /session/bb1834e335885f2b4fe4c5c01cc3b2b8/element/f.C3E96304196E694327087280E5B350FD.d.18951174137B50A34417294109A3E9C8.e.6895/attribute/aria-checked - {}
COMMAND: GET /session/bb1834e335885f2b4fe4c5c01cc3b2b8/screenshot - {}
RESULT: {}
COMMAND: POST /session/bb1834e335885f2b4fe4c5c01cc3b2b8/element - {"using":"xpath","value":"//table[contains(@id, \"listView-innerSelectionPanelTable-listUl\")]/tbody/tr[22]/td[2]/div/div"}
RESULT: {}
RESULT: {"using":"xpath","value":"//table[contains(@id, \"listView-innerSelectionPanelTable-listUl\")]/tbody/tr[22]/td[2]/div/div"}
COMMAND: POST /session/bb1834e335885f2b4fe4c5c01cc3b2b8/element - {"using":"xpath","value":"//table[contains(@id, \"listView-innerSelectionPanelTable-listUl\")]/tbody/tr[22]/td[2]/div"}
RESULT: {"using":"xpath","value":"//table[contains(@id, \"listView-innerSelectionPanelTable-listUl\")]/tbody/tr[22]/td[2]/div"}
COMMAND: POST /session/bb1834e335885f2b4fe4c5c01cc3b2b8/element - {"using":"xpath","value":"//table[contains(@id, \"listView-innerSelectionPanelTable-listUl\")]/tbody/tr[22]/td[3]/div/div/span/span[1]/bdi"}
RESULT: {"using":"xpath","value":"//table[contains(@id, \"listView-innerSelectionPanelTable-listUl\")]/tbody/tr[22]/td[3]/div/div/span/span[1]/bdi"}
COMMAND: POST /session/bb1834e335885f2b4fe4c5c01cc3b2b8/execute/sync - {"script":"<script> [56 bytes]","args":[{"element-6066-11e4-a52e-4f735466cecf":"f.C3E96304196E694327087280E5B350FD.d.18951174137B50A34417294109A3E9C8.e.6899","ELEMENT":"f.C3E96304196E694327087280E5B350FD.d.18951174137B50A34417294109A3E9C8.e.6899"}]}
RESULT: {"script":"<script> [56 bytes]","args":[{"element-6066-11e4-a52e-4f735466cecf":"f.C3E96304196E694327087280E5B350FD.d.18951174137B50A34417294109A3E9C8.e.6899","ELEMENT":"f.C3E96304196E694327087280E5B350FD.d.18951174137B50A34417294109A3E9C8.e.6899"}]}
COMMAND: GET /session/bb1834e335885f2b4fe4c5c01cc3b2b8/element/f.C3E96304196E694327087280E5B350FD.d.18951174137B50A34417294109A3E9C8.e.6898/attribute/aria-checked - {}
COMMAND: GET /session/bb1834e335885f2b4fe4c5c01cc3b2b8/screenshot - {}
RESULT: {}
COMMAND: POST /session/bb1834e335885f2b4fe4c5c01cc3b2b8/element - {"using":"xpath","value":"//table[contains(@id, \"listView-innerSelectionPanelTable-listUl\")]/tbody/tr[23]/td[2]/div/div"}
RESULT: {}
RESULT: {"using":"xpath","value":"//table[contains(@id, \"listView-innerSelectionPanelTable-listUl\")]/tbody/tr[23]/td[2]/div/div"}
COMMAND: POST /session/bb1834e335885f2b4fe4c5c01cc3b2b8/element - {"using":"xpath","value":"//table[contains(@id, \"listView-innerSelectionPanelTable-listUl\")]/tbody/tr[23]/td[2]/div"}
RESULT: {"using":"xpath","value":"//table[contains(@id, \"listView-innerSelectionPanelTable-listUl\")]/tbody/tr[23]/td[2]/div"}
COMMAND: POST /session/bb1834e335885f2b4fe4c5c01cc3b2b8/element - {"using":"xpath","value":"//table[contains(@id, \"listView-innerSelectionPanelTable-listUl\")]/tbody/tr[23]/td[3]/div/div/span/span[1]/bdi"}
RESULT: {"using":"xpath","value":"//table[contains(@id, \"listView-innerSelectionPanelTable-listUl\")]/tbody/tr[23]/td[3]/div/div/span/span[1]/bdi"}
COMMAND: POST /session/bb1834e335885f2b4fe4c5c01cc3b2b8/execute/sync - {"script":"<script> [56 bytes]","args":[{"element-6066-11e4-a52e-4f735466cecf":"f.C3E96304196E694327087280E5B350FD.d.18951174137B50A34417294109A3E9C8.e.6902","ELEMENT":"f.C3E96304196E694327087280E5B350FD.d.18951174137B50A34417294109A3E9C8.e.6902"}]}
RESULT: {"script":"<script> [56 bytes]","args":[{"element-6066-11e4-a52e-4f735466cecf":"f.C3E96304196E694327087280E5B350FD.d.18951174137B50A34417294109A3E9C8.e.6902","ELEMENT":"f.C3E96304196E694327087280E5B350FD.d.18951174137B50A34417294109A3E9C8.e.6902"}]}
COMMAND: GET /session/bb1834e335885f2b4fe4c5c01cc3b2b8/element/f.C3E96304196E694327087280E5B350FD.d.18951174137B50A34417294109A3E9C8.e.6901/attribute/aria-checked - {}
COMMAND: GET /session/bb1834e335885f2b4fe4c5c01cc3b2b8/screenshot - {}
RESULT: {}
COMMAND: POST /session/bb1834e335885f2b4fe4c5c01cc3b2b8/element - {"using":"xpath","value":"//table[contains(@id, \"listView-innerSelectionPanelTable-listUl\")]/tbody/tr[24]/td[2]/div/div"}
RESULT: {}
RESULT: {"using":"xpath","value":"//table[contains(@id, \"listView-innerSelectionPanelTable-listUl\")]/tbody/tr[24]/td[2]/div/div"}
COMMAND: POST /session/bb1834e335885f2b4fe4c5c01cc3b2b8/element - {"using":"xpath","value":"//table[contains(@id, \"listView-innerSelectionPanelTable-listUl\")]/tbody/tr[24]/td[2]/div"}
RESULT: {"using":"xpath","value":"//table[contains(@id, \"listView-innerSelectionPanelTable-listUl\")]/tbody/tr[24]/td[2]/div"}
COMMAND: POST /session/bb1834e335885f2b4fe4c5c01cc3b2b8/element - {"using":"xpath","value":"//table[contains(@id, \"listView-innerSelectionPanelTable-listUl\")]/tbody/tr[24]/td[3]/div/div/span/span[1]/bdi"}
RESULT: {"using":"xpath","value":"//table[contains(@id, \"listView-innerSelectionPanelTable-listUl\")]/tbody/tr[24]/td[3]/div/div/span/span[1]/bdi"}
COMMAND: POST /session/bb1834e335885f2b4fe4c5c01cc3b2b8/execute/sync - {"script":"<script> [56 bytes]","args":[{"element-6066-11e4-a52e-4f735466cecf":"f.C3E96304196E694327087280E5B350FD.d.18951174137B50A34417294109A3E9C8.e.6905","ELEMENT":"f.C3E96304196E694327087280E5B350FD.d.18951174137B50A34417294109A3E9C8.e.6905"}]}
RESULT: {"script":"<script> [56 bytes]","args":[{"element-6066-11e4-a52e-4f735466cecf":"f.C3E96304196E694327087280E5B350FD.d.18951174137B50A34417294109A3E9C8.e.6905","ELEMENT":"f.C3E96304196E694327087280E5B350FD.d.18951174137B50A34417294109A3E9C8.e.6905"}]}
COMMAND: GET /session/bb1834e335885f2b4fe4c5c01cc3b2b8/element/f.C3E96304196E694327087280E5B350FD.d.18951174137B50A34417294109A3E9C8.e.6904/attribute/aria-checked - {}
COMMAND: GET /session/bb1834e335885f2b4fe4c5c01cc3b2b8/screenshot - {}
RESULT: {}
COMMAND: POST /session/bb1834e335885f2b4fe4c5c01cc3b2b8/element - {"using":"xpath","value":"//table[contains(@id, \"listView-innerSelectionPanelTable-listUl\")]/tbody/tr[25]/td[2]/div/div"}
RESULT: {}
RESULT: {"using":"xpath","value":"//table[contains(@id, \"listView-innerSelectionPanelTable-listUl\")]/tbody/tr[25]/td[2]/div/div"}
COMMAND: POST /session/bb1834e335885f2b4fe4c5c01cc3b2b8/element - {"using":"xpath","value":"//table[contains(@id, \"listView-innerSelectionPanelTable-listUl\")]/tbody/tr[25]/td[2]/div"}
RESULT: {"using":"xpath","value":"//table[contains(@id, \"listView-innerSelectionPanelTable-listUl\")]/tbody/tr[25]/td[2]/div"}
COMMAND: POST /session/bb1834e335885f2b4fe4c5c01cc3b2b8/element - {"using":"xpath","value":"//table[contains(@id, \"listView-innerSelectionPanelTable-listUl\")]/tbody/tr[25]/td[3]/div/div/span/span[1]/bdi"}
RESULT: {"using":"xpath","value":"//table[contains(@id, \"listView-innerSelectionPanelTable-listUl\")]/tbody/tr[25]/td[3]/div/div/span/span[1]/bdi"}
COMMAND: POST /session/bb1834e335885f2b4fe4c5c01cc3b2b8/execute/sync - {"script":"<script> [56 bytes]","args":[{"element-6066-11e4-a52e-4f735466cecf":"f.C3E96304196E694327087280E5B350FD.d.18951174137B50A34417294109A3E9C8.e.6908","ELEMENT":"f.C3E96304196E694327087280E5B350FD.d.18951174137B50A34417294109A3E9C8.e.6908"}]}
RESULT: {"script":"<script> [56 bytes]","args":[{"element-6066-11e4-a52e-4f735466cecf":"f.C3E96304196E694327087280E5B350FD.d.18951174137B50A34417294109A3E9C8.e.6908","ELEMENT":"f.C3E96304196E694327087280E5B350FD.d.18951174137B50A34417294109A3E9C8.e.6908"}]}
COMMAND: GET /session/bb1834e335885f2b4fe4c5c01cc3b2b8/element/f.C3E96304196E694327087280E5B350FD.d.18951174137B50A34417294109A3E9C8.e.6907/attribute/aria-checked - {}
COMMAND: GET /session/bb1834e335885f2b4fe4c5c01cc3b2b8/screenshot - {}
RESULT: {}
COMMAND: POST /session/bb1834e335885f2b4fe4c5c01cc3b2b8/element - {"using":"xpath","value":"//bdi[contains(text(), \"OK\")]"}
RESULT: {}
RESULT: {"using":"xpath","value":"//bdi[contains(text(), \"OK\")]"}
COMMAND: POST /session/bb1834e335885f2b4fe4c5c01cc3b2b8/element/f.C3E96304196E694327087280E5B350FD.d.18951174137B50A34417294109A3E9C8.e.6909/click - {}
RESULT: {}
COMMAND: GET /session/bb1834e335885f2b4fe4c5c01cc3b2b8/screenshot - {}
RESULT: {}
COMMAND: POST /session/bb1834e335885f2b4fe4c5c01cc3b2b8/execute/async - {"script":"<script> [1562 bytes]","args":[{"selector":{"id":"application-managepartners-display-component---masterPtm--smartFilterBar-filterItemControlA_-LINK_TO_ADDRESSES_MAIN.CITY1-vhi"},"wdio_ui5_key":"applicationmanagepartners-display-component---masterPtm--smartFilterBar-filterItemControlA_-LINK_TO_ADDRESSES_MAIN.CITY1-vhi"}]}
RESULT: {"script":"<script> [1562 bytes]","args":[{"selector":{"id":"application-managepartners-display-component---masterPtm--smartFilterBar-filterItemControlA_-LINK_TO_ADDRESSES_MAIN.CITY1-vhi"},"wdio_ui5_key":"applicationmanagepartners-display-component---masterPtm--smartFilterBar-filterItemControlA_-LINK_TO_ADDRESSES_MAIN.CITY1-vhi"}]}
RESULT: undefined
COMMAND: POST /session/bb1834e335885f2b4fe4c5c01cc3b2b8/element - {"using":"xpath","value":"//*[@id=\"application-managepartners-display-component---masterPtm--smartFilterBar-filterItemControlA_-LINK_TO_ADDRESSES_MAIN.CITY1-vhi\"]"}
RESULT: {"using":"xpath","value":"//*[@id=\"application-managepartners-display-component---masterPtm--smartFilterBar-filterItemControlA_-LINK_TO_ADDRESSES_MAIN.CITY1-vhi\"]"}
COMMAND: POST /session/bb1834e335885f2b4fe4c5c01cc3b2b8/element/f.C3E96304196E694327087280E5B350FD.d.18951174137B50A34417294109A3E9C8.e.6923/click - {}
RESULT: {}
COMMAND: GET /session/bb1834e335885f2b4fe4c5c01cc3b2b8/screenshot - {}
RESULT: {}
COMMAND: POST /session/bb1834e335885f2b4fe4c5c01cc3b2b8/execute/async - {"script":"<script> [1562 bytes]","args":[{"selector":{"controlType":"sap.m.Input","viewName":"etm.portal.ui.managepartners.view.Master","viewId":"application-managepartners-display-component---masterPtm","properties":{"valueState":"None"},"searchOpenDialogs":true,"interaction":{"idSuffix":"inner"}},"wdio_ui5_key":"etmportal.ui.managepartners.view.Mastersap.m.Input{\"valueState\":\"None\"}"}]}
RESULT: {"script":"<script> [1562 bytes]","args":[{"selector":{"controlType":"sap.m.Input","viewName":"etm.portal.ui.managepartners.view.Master","viewId":"application-managepartners-display-component---masterPtm","properties":{"valueState":"None"},"searchOpenDialogs":true,"interaction":{"idSuffix":"inner"}},"wdio_ui5_key":"etmportal.ui.managepartners.view.Mastersap.m.Input{\"valueState\":\"None\"}"}]}
RESULT: undefined
COMMAND: POST /session/bb1834e335885f2b4fe4c5c01cc3b2b8/execute/async - {"script":"<script> [776 bytes]","args":[{"enterText":"Bucure","selector":{"controlType":"sap.m.Input","viewName":"etm.portal.ui.managepartners.view.Master","viewId":"application-managepartners-display-component---masterPtm","properties":{"valueState":"None"},"searchOpenDialogs":true,"interaction":{"idSuffix":"inner"}},"clearTextFirst":true,"interactionType":"ENTER_TEXT"}]}
RESULT: {"script":"<script> [776 bytes]","args":[{"enterText":"Bucure","selector":{"controlType":"sap.m.Input","viewName":"etm.portal.ui.managepartners.view.Master","viewId":"application-managepartners-display-component---masterPtm","properties":{"valueState":"None"},"searchOpenDialogs":true,"interaction":{"idSuffix":"inner"}},"clearTextFirst":true,"interactionType":"ENTER_TEXT"}]}
COMMAND: POST /session/bb1834e335885f2b4fe4c5c01cc3b2b8/actions - {"actions":[{"id":"action21","type":"key","parameters":{},"actions":[{"type":"keyDown","value":""},{"type":"pause","duration":10},{"type":"keyUp","value":""}]}]}
RESULT: {"actions":[{"id":"action21","type":"key","parameters":{},"actions":[{"type":"keyDown","value":""},{"type":"pause","duration":10},{"type":"keyUp","value":""}]}]}
COMMAND: GET /session/bb1834e335885f2b4fe4c5c01cc3b2b8/screenshot - {}
RESULT: {}
COMMAND: POST /session/bb1834e335885f2b4fe4c5c01cc3b2b8/element - {"using":"xpath","value":"(//bdi[contains(text(), \"OK\")])[1]"}
RESULT: {"using":"xpath","value":"(//bdi[contains(text(), \"OK\")])[1]"}
COMMAND: POST /session/bb1834e335885f2b4fe4c5c01cc3b2b8/element/f.C3E96304196E694327087280E5B350FD.d.18951174137B50A34417294109A3E9C8.e.6929/click - {}
RESULT: {}
COMMAND: GET /session/bb1834e335885f2b4fe4c5c01cc3b2b8/screenshot - {}
RESULT: {}
COMMAND: POST /session/bb1834e335885f2b4fe4c5c01cc3b2b8/element - {"using":"xpath","value":"//span[@id=\"application-managepartners-display-component---masterPtm--smartTable-header-inner\"]"}
RESULT: {"using":"xpath","value":"//span[@id=\"application-managepartners-display-component---masterPtm--smartTable-header-inner\"]"}
COMMAND: POST /session/bb1834e335885f2b4fe4c5c01cc3b2b8/elements - {"using":"xpath","value":"//span[@id=\"application-managepartners-display-component---masterPtm--smartTable-header-inner\"]"}
RESULT: {"using":"xpath","value":"//span[@id=\"application-managepartners-display-component---masterPtm--smartTable-header-inner\"]"}
COMMAND: POST /session/bb1834e335885f2b4fe4c5c01cc3b2b8/execute/sync - {"script":"<script> [56 bytes]","args":[{"element-6066-11e4-a52e-4f735466cecf":"f.C3E96304196E694327087280E5B350FD.d.18951174137B50A34417294109A3E9C8.e.5980","ELEMENT":"f.C3E96304196E694327087280E5B350FD.d.18951174137B50A34417294109A3E9C8.e.5980"}]}
RESULT: {"script":"<script> [56 bytes]","args":[{"element-6066-11e4-a52e-4f735466cecf":"f.C3E96304196E694327087280E5B350FD.d.18951174137B50A34417294109A3E9C8.e.5980","ELEMENT":"f.C3E96304196E694327087280E5B350FD.d.18951174137B50A34417294109A3E9C8.e.5980"}]}
COMMAND: POST /session/bb1834e335885f2b4fe4c5c01cc3b2b8/element - {"using":"xpath","value":"//span[contains(@title, \"Remove\")]"}
COMMAND: GET /session/bb1834e335885f2b4fe4c5c01cc3b2b8/screenshot - {}
RESULT: {"using":"xpath","value":"//span[contains(@title, \"Remove\")]"}
COMMAND: POST /session/bb1834e335885f2b4fe4c5c01cc3b2b8/element/f.C3E96304196E694327087280E5B350FD.d.18951174137B50A34417294109A3E9C8.e.7001/click - {}
RESULT: {}
RESULT: {}
COMMAND: GET /session/bb1834e335885f2b4fe4c5c01cc3b2b8/screenshot - {}
COMMAND: POST /session/bb1834e335885f2b4fe4c5c01cc3b2b8/element - {"using":"xpath","value":"//span[@id=\"application-managepartners-display-component---masterPtm--smartTable-header-inner\"]"}
RESULT: {}
RESULT: {"using":"xpath","value":"//span[@id=\"application-managepartners-display-component---masterPtm--smartTable-header-inner\"]"}
COMMAND: POST /session/bb1834e335885f2b4fe4c5c01cc3b2b8/elements - {"using":"xpath","value":"//span[@id=\"application-managepartners-display-component---masterPtm--smartTable-header-inner\"]"}
RESULT: {"using":"xpath","value":"//span[@id=\"application-managepartners-display-component---masterPtm--smartTable-header-inner\"]"}
COMMAND: POST /session/bb1834e335885f2b4fe4c5c01cc3b2b8/execute/sync - {"script":"<script> [56 bytes]","args":[{"element-6066-11e4-a52e-4f735466cecf":"f.C3E96304196E694327087280E5B350FD.d.18951174137B50A34417294109A3E9C8.e.5980","ELEMENT":"f.C3E96304196E694327087280E5B350FD.d.18951174137B50A34417294109A3E9C8.e.5980"}]}
RESULT: {"script":"<script> [56 bytes]","args":[{"element-6066-11e4-a52e-4f735466cecf":"f.C3E96304196E694327087280E5B350FD.d.18951174137B50A34417294109A3E9C8.e.5980","ELEMENT":"f.C3E96304196E694327087280E5B350FD.d.18951174137B50A34417294109A3E9C8.e.5980"}]}
COMMAND: POST /session/bb1834e335885f2b4fe4c5c01cc3b2b8/element - {"using":"css selector","value":"#shell-header-logo"}
COMMAND: GET /session/bb1834e335885f2b4fe4c5c01cc3b2b8/screenshot - {}
RESULT: {"using":"css selector","value":"#shell-header-logo"}
COMMAND: POST /session/bb1834e335885f2b4fe4c5c01cc3b2b8/element/f.C3E96304196E694327087280E5B350FD.d.18951174137B50A34417294109A3E9C8.e.5810/click - {}
RESULT: {}
RESULT: {}
COMMAND: GET /session/bb1834e335885f2b4fe4c5c01cc3b2b8/screenshot - {}
RESULT: {}
]]></system-out>
    </testcase>
    <testcase classname="chrome.136_0_7103_93.windows.Partner_specific_tests_US150819_US151080_US151654_US151176_US103444_US151078_US151079_US151109_US151174_US151175_US151189" name="Should try to save empty partner US151174" time="46.443">
      <system-out><![CDATA[
COMMAND: POST /session/bb1834e335885f2b4fe4c5c01cc3b2b8/element - {"using":"xpath","value":"//li[.//span[text()=\"Manage Partners\"]]"}
RESULT: {"using":"xpath","value":"//li[.//span[text()=\"Manage Partners\"]]"}
COMMAND: POST /session/bb1834e335885f2b4fe4c5c01cc3b2b8/element - {"using":"xpath","value":"//li[.//span[text()=\"Manage Partners\"]]"}
RESULT: {"using":"xpath","value":"//li[.//span[text()=\"Manage Partners\"]]"}
COMMAND: POST /session/bb1834e335885f2b4fe4c5c01cc3b2b8/element - {"using":"css selector","value":"#shell-header-logo"}
RESULT: {"using":"css selector","value":"#shell-header-logo"}
COMMAND: POST /session/bb1834e335885f2b4fe4c5c01cc3b2b8/element/f.C3E96304196E694327087280E5B350FD.d.18951174137B50A34417294109A3E9C8.e.7097/click - {}
COMMAND: POST /session/bb1834e335885f2b4fe4c5c01cc3b2b8/execute/sync - {"script":"<script> [8489 bytes]","args":[{"element-6066-11e4-a52e-4f735466cecf":"f.C3E96304196E694327087280E5B350FD.d.18951174137B50A34417294109A3E9C8.e.7097","ELEMENT":"f.C3E96304196E694327087280E5B350FD.d.18951174137B50A34417294109A3E9C8.e.7097"}]}
RESULT: {"script":"<script> [8489 bytes]","args":[{"element-6066-11e4-a52e-4f735466cecf":"f.C3E96304196E694327087280E5B350FD.d.18951174137B50A34417294109A3E9C8.e.7097","ELEMENT":"f.C3E96304196E694327087280E5B350FD.d.18951174137B50A34417294109A3E9C8.e.7097"}]}
COMMAND: POST /session/bb1834e335885f2b4fe4c5c01cc3b2b8/execute/sync - {"script":"<script> [5351 bytes]","args":[{"element-6066-11e4-a52e-4f735466cecf":"f.C3E96304196E694327087280E5B350FD.d.18951174137B50A34417294109A3E9C8.e.7097","ELEMENT":"f.C3E96304196E694327087280E5B350FD.d.18951174137B50A34417294109A3E9C8.e.7097"}]}
COMMAND: GET /session/bb1834e335885f2b4fe4c5c01cc3b2b8/screenshot - {}
RESULT: {}
COMMAND: GET /session/bb1834e335885f2b4fe4c5c01cc3b2b8/screenshot - {}
RESULT: {"script":"<script> [5351 bytes]","args":[{"element-6066-11e4-a52e-4f735466cecf":"f.C3E96304196E694327087280E5B350FD.d.18951174137B50A34417294109A3E9C8.e.7097","ELEMENT":"f.C3E96304196E694327087280E5B350FD.d.18951174137B50A34417294109A3E9C8.e.7097"}]}
COMMAND: GET /session/bb1834e335885f2b4fe4c5c01cc3b2b8/screenshot - {}
RESULT: {}
RESULT: {}
RESULT: {}
RESULT: undefined
COMMAND: POST /session/bb1834e335885f2b4fe4c5c01cc3b2b8/element - {"using":"xpath","value":"//*[@id=\"__tile30\"]"}
RESULT: {"using":"xpath","value":"//*[@id=\"__tile30\"]"}
COMMAND: POST /session/bb1834e335885f2b4fe4c5c01cc3b2b8/element/f.C3E96304196E694327087280E5B350FD.d.18951174137B50A34417294109A3E9C8.e.4473/click - {}
RESULT: {}
COMMAND: GET /session/bb1834e335885f2b4fe4c5c01cc3b2b8/screenshot - {}
RESULT: {}
COMMAND: POST /session/bb1834e335885f2b4fe4c5c01cc3b2b8/elements - {"using":"xpath","value":"//span[text()='Error']"}
RESULT: {"using":"xpath","value":"//span[text()='Error']"}
COMMAND: POST /session/bb1834e335885f2b4fe4c5c01cc3b2b8/element - {"using":"xpath","value":"//button[@data-kt=\"addButton\"]"}
RESULT: {"using":"xpath","value":"//button[@data-kt=\"addButton\"]"}
COMMAND: POST /session/bb1834e335885f2b4fe4c5c01cc3b2b8/elements - {"using":"xpath","value":"//button[@data-kt=\"addButton\"]"}
RESULT: {"using":"xpath","value":"//button[@data-kt=\"addButton\"]"}
COMMAND: POST /session/bb1834e335885f2b4fe4c5c01cc3b2b8/execute/sync - {"script":"<script> [8489 bytes]","args":[{"element-6066-11e4-a52e-4f735466cecf":"f.C3E96304196E694327087280E5B350FD.d.18951174137B50A34417294109A3E9C8.e.7143","ELEMENT":"f.C3E96304196E694327087280E5B350FD.d.18951174137B50A34417294109A3E9C8.e.7143"}]}
RESULT: {"script":"<script> [8489 bytes]","args":[{"element-6066-11e4-a52e-4f735466cecf":"f.C3E96304196E694327087280E5B350FD.d.18951174137B50A34417294109A3E9C8.e.7143","ELEMENT":"f.C3E96304196E694327087280E5B350FD.d.18951174137B50A34417294109A3E9C8.e.7143"}]}
COMMAND: GET /session/bb1834e335885f2b4fe4c5c01cc3b2b8/element/f.C3E96304196E694327087280E5B350FD.d.18951174137B50A34417294109A3E9C8.e.7143/enabled - {}
COMMAND: GET /session/bb1834e335885f2b4fe4c5c01cc3b2b8/screenshot - {}
RESULT: {}
COMMAND: POST /session/bb1834e335885f2b4fe4c5c01cc3b2b8/execute/sync - {"script":"<script> [8489 bytes]","args":[{"element-6066-11e4-a52e-4f735466cecf":"f.C3E96304196E694327087280E5B350FD.d.18951174137B50A34417294109A3E9C8.e.7143","ELEMENT":"f.C3E96304196E694327087280E5B350FD.d.18951174137B50A34417294109A3E9C8.e.7143"}]}
COMMAND: GET /session/bb1834e335885f2b4fe4c5c01cc3b2b8/screenshot - {}
RESULT: {}
RESULT: {"script":"<script> [8489 bytes]","args":[{"element-6066-11e4-a52e-4f735466cecf":"f.C3E96304196E694327087280E5B350FD.d.18951174137B50A34417294109A3E9C8.e.7143","ELEMENT":"f.C3E96304196E694327087280E5B350FD.d.18951174137B50A34417294109A3E9C8.e.7143"}]}
COMMAND: POST /session/bb1834e335885f2b4fe4c5c01cc3b2b8/execute/sync - {"script":"<script> [5351 bytes]","args":[{"element-6066-11e4-a52e-4f735466cecf":"f.C3E96304196E694327087280E5B350FD.d.18951174137B50A34417294109A3E9C8.e.7143","ELEMENT":"f.C3E96304196E694327087280E5B350FD.d.18951174137B50A34417294109A3E9C8.e.7143"}]}
COMMAND: GET /session/bb1834e335885f2b4fe4c5c01cc3b2b8/screenshot - {}
RESULT: {}
RESULT: {"script":"<script> [5351 bytes]","args":[{"element-6066-11e4-a52e-4f735466cecf":"f.C3E96304196E694327087280E5B350FD.d.18951174137B50A34417294109A3E9C8.e.7143","ELEMENT":"f.C3E96304196E694327087280E5B350FD.d.18951174137B50A34417294109A3E9C8.e.7143"}]}
COMMAND: POST /session/bb1834e335885f2b4fe4c5c01cc3b2b8/element/f.C3E96304196E694327087280E5B350FD.d.18951174137B50A34417294109A3E9C8.e.7143/click - {}
COMMAND: GET /session/bb1834e335885f2b4fe4c5c01cc3b2b8/screenshot - {}
RESULT: {}
RESULT: {}
COMMAND: GET /session/bb1834e335885f2b4fe4c5c01cc3b2b8/screenshot - {}
COMMAND: POST /session/bb1834e335885f2b4fe4c5c01cc3b2b8/element - {"using":"xpath","value":"//button[@data-kt=\"saveButton\"]"}
RESULT: {}
RESULT: {}
RESULT: {"using":"xpath","value":"//button[@data-kt=\"saveButton\"]"}
COMMAND: POST /session/bb1834e335885f2b4fe4c5c01cc3b2b8/element/f.C3E96304196E694327087280E5B350FD.d.18951174137B50A34417294109A3E9C8.e.7485/click - {}
RESULT: {}
COMMAND: GET /session/bb1834e335885f2b4fe4c5c01cc3b2b8/screenshot - {}
RESULT: {}
COMMAND: POST /session/bb1834e335885f2b4fe4c5c01cc3b2b8/element - {"using":"xpath","value":"//span[contains(@class, \"sapMMsgBoxText\")]"}
RESULT: {"using":"xpath","value":"//span[contains(@class, \"sapMMsgBoxText\")]"}
COMMAND: POST /session/bb1834e335885f2b4fe4c5c01cc3b2b8/execute/sync - {"script":"<script> [56 bytes]","args":[{"element-6066-11e4-a52e-4f735466cecf":"f.C3E96304196E694327087280E5B350FD.d.18951174137B50A34417294109A3E9C8.e.7585","ELEMENT":"f.C3E96304196E694327087280E5B350FD.d.18951174137B50A34417294109A3E9C8.e.7585"}]}
RESULT: {"script":"<script> [56 bytes]","args":[{"element-6066-11e4-a52e-4f735466cecf":"f.C3E96304196E694327087280E5B350FD.d.18951174137B50A34417294109A3E9C8.e.7585","ELEMENT":"f.C3E96304196E694327087280E5B350FD.d.18951174137B50A34417294109A3E9C8.e.7585"}]}
COMMAND: POST /session/bb1834e335885f2b4fe4c5c01cc3b2b8/element - {"using":"xpath","value":"(//bdi[contains(text(), \"Close\")])[1]"}
COMMAND: POST /session/bb1834e335885f2b4fe4c5c01cc3b2b8/elements - {"using":"xpath","value":"//span[contains(@class, \"sapMMsgBoxText\")]"}
COMMAND: GET /session/bb1834e335885f2b4fe4c5c01cc3b2b8/screenshot - {}
RESULT: {}
RESULT: {"using":"xpath","value":"//span[contains(@class, \"sapMMsgBoxText\")]"}
RESULT: {"using":"xpath","value":"(//bdi[contains(text(), \"Close\")])[1]"}
COMMAND: POST /session/bb1834e335885f2b4fe4c5c01cc3b2b8/element/f.C3E96304196E694327087280E5B350FD.d.18951174137B50A34417294109A3E9C8.e.7586/click - {}
RESULT: {}
COMMAND: GET /session/bb1834e335885f2b4fe4c5c01cc3b2b8/screenshot - {}
RESULT: {}
COMMAND: POST /session/bb1834e335885f2b4fe4c5c01cc3b2b8/element - {"using":"css selector","value":"#shell-header-logo"}
RESULT: {"using":"css selector","value":"#shell-header-logo"}
COMMAND: POST /session/bb1834e335885f2b4fe4c5c01cc3b2b8/element/f.C3E96304196E694327087280E5B350FD.d.18951174137B50A34417294109A3E9C8.e.7097/click - {}
RESULT: {}
COMMAND: GET /session/bb1834e335885f2b4fe4c5c01cc3b2b8/screenshot - {}
RESULT: {}
]]></system-out>
    </testcase>
    <testcase classname="chrome.136_0_7103_93.windows.Partner_specific_tests_US150819_US151080_US151654_US151176_US103444_US151078_US151079_US151109_US151174_US151175_US151189" name="Should do various searches US151175" time="164.015">
      <system-out><![CDATA[
COMMAND: POST /session/bb1834e335885f2b4fe4c5c01cc3b2b8/element - {"using":"xpath","value":"//li[.//span[text()=\"Manage Partners\"]]"}
RESULT: {"using":"xpath","value":"//li[.//span[text()=\"Manage Partners\"]]"}
COMMAND: POST /session/bb1834e335885f2b4fe4c5c01cc3b2b8/element - {"using":"xpath","value":"//li[.//span[text()=\"Manage Partners\"]]"}
RESULT: {"using":"xpath","value":"//li[.//span[text()=\"Manage Partners\"]]"}
COMMAND: POST /session/bb1834e335885f2b4fe4c5c01cc3b2b8/element - {"using":"css selector","value":"#shell-header-logo"}
RESULT: {"using":"css selector","value":"#shell-header-logo"}
COMMAND: POST /session/bb1834e335885f2b4fe4c5c01cc3b2b8/element/f.C3E96304196E694327087280E5B350FD.d.18951174137B50A34417294109A3E9C8.e.7588/click - {}
COMMAND: POST /session/bb1834e335885f2b4fe4c5c01cc3b2b8/execute/sync - {"script":"<script> [8489 bytes]","args":[{"element-6066-11e4-a52e-4f735466cecf":"f.C3E96304196E694327087280E5B350FD.d.18951174137B50A34417294109A3E9C8.e.7588","ELEMENT":"f.C3E96304196E694327087280E5B350FD.d.18951174137B50A34417294109A3E9C8.e.7588"}]}
RESULT: {"script":"<script> [8489 bytes]","args":[{"element-6066-11e4-a52e-4f735466cecf":"f.C3E96304196E694327087280E5B350FD.d.18951174137B50A34417294109A3E9C8.e.7588","ELEMENT":"f.C3E96304196E694327087280E5B350FD.d.18951174137B50A34417294109A3E9C8.e.7588"}]}
COMMAND: POST /session/bb1834e335885f2b4fe4c5c01cc3b2b8/execute/sync - {"script":"<script> [5351 bytes]","args":[{"element-6066-11e4-a52e-4f735466cecf":"f.C3E96304196E694327087280E5B350FD.d.18951174137B50A34417294109A3E9C8.e.7588","ELEMENT":"f.C3E96304196E694327087280E5B350FD.d.18951174137B50A34417294109A3E9C8.e.7588"}]}
COMMAND: GET /session/bb1834e335885f2b4fe4c5c01cc3b2b8/screenshot - {}
RESULT: {}
COMMAND: GET /session/bb1834e335885f2b4fe4c5c01cc3b2b8/screenshot - {}
RESULT: {"script":"<script> [5351 bytes]","args":[{"element-6066-11e4-a52e-4f735466cecf":"f.C3E96304196E694327087280E5B350FD.d.18951174137B50A34417294109A3E9C8.e.7588","ELEMENT":"f.C3E96304196E694327087280E5B350FD.d.18951174137B50A34417294109A3E9C8.e.7588"}]}
COMMAND: GET /session/bb1834e335885f2b4fe4c5c01cc3b2b8/screenshot - {}
RESULT: {}
RESULT: {}
RESULT: {}
RESULT: undefined
COMMAND: POST /session/bb1834e335885f2b4fe4c5c01cc3b2b8/element - {"using":"xpath","value":"//*[@id=\"__tile30\"]"}
RESULT: {"using":"xpath","value":"//*[@id=\"__tile30\"]"}
COMMAND: POST /session/bb1834e335885f2b4fe4c5c01cc3b2b8/element/f.C3E96304196E694327087280E5B350FD.d.18951174137B50A34417294109A3E9C8.e.4473/click - {}
RESULT: {}
COMMAND: GET /session/bb1834e335885f2b4fe4c5c01cc3b2b8/screenshot - {}
RESULT: {}
COMMAND: POST /session/bb1834e335885f2b4fe4c5c01cc3b2b8/elements - {"using":"xpath","value":"//span[text()='Error']"}
RESULT: {"using":"xpath","value":"//span[text()='Error']"}
COMMAND: POST /session/bb1834e335885f2b4fe4c5c01cc3b2b8/element - {"using":"xpath","value":"//button[@data-kt=\"addButton\"]"}
RESULT: {"using":"xpath","value":"//button[@data-kt=\"addButton\"]"}
COMMAND: POST /session/bb1834e335885f2b4fe4c5c01cc3b2b8/elements - {"using":"xpath","value":"//button[@data-kt=\"addButton\"]"}
RESULT: {"using":"xpath","value":"//button[@data-kt=\"addButton\"]"}
COMMAND: POST /session/bb1834e335885f2b4fe4c5c01cc3b2b8/execute/sync - {"script":"<script> [8489 bytes]","args":[{"element-6066-11e4-a52e-4f735466cecf":"f.C3E96304196E694327087280E5B350FD.d.18951174137B50A34417294109A3E9C8.e.7633","ELEMENT":"f.C3E96304196E694327087280E5B350FD.d.18951174137B50A34417294109A3E9C8.e.7633"}]}
RESULT: {"script":"<script> [8489 bytes]","args":[{"element-6066-11e4-a52e-4f735466cecf":"f.C3E96304196E694327087280E5B350FD.d.18951174137B50A34417294109A3E9C8.e.7633","ELEMENT":"f.C3E96304196E694327087280E5B350FD.d.18951174137B50A34417294109A3E9C8.e.7633"}]}
COMMAND: GET /session/bb1834e335885f2b4fe4c5c01cc3b2b8/element/f.C3E96304196E694327087280E5B350FD.d.18951174137B50A34417294109A3E9C8.e.7633/enabled - {}
COMMAND: GET /session/bb1834e335885f2b4fe4c5c01cc3b2b8/screenshot - {}
RESULT: {}
COMMAND: POST /session/bb1834e335885f2b4fe4c5c01cc3b2b8/execute/sync - {"script":"<script> [8489 bytes]","args":[{"element-6066-11e4-a52e-4f735466cecf":"f.C3E96304196E694327087280E5B350FD.d.18951174137B50A34417294109A3E9C8.e.7633","ELEMENT":"f.C3E96304196E694327087280E5B350FD.d.18951174137B50A34417294109A3E9C8.e.7633"}]}
COMMAND: GET /session/bb1834e335885f2b4fe4c5c01cc3b2b8/screenshot - {}
RESULT: {}
RESULT: {"script":"<script> [8489 bytes]","args":[{"element-6066-11e4-a52e-4f735466cecf":"f.C3E96304196E694327087280E5B350FD.d.18951174137B50A34417294109A3E9C8.e.7633","ELEMENT":"f.C3E96304196E694327087280E5B350FD.d.18951174137B50A34417294109A3E9C8.e.7633"}]}
COMMAND: POST /session/bb1834e335885f2b4fe4c5c01cc3b2b8/execute/sync - {"script":"<script> [5351 bytes]","args":[{"element-6066-11e4-a52e-4f735466cecf":"f.C3E96304196E694327087280E5B350FD.d.18951174137B50A34417294109A3E9C8.e.7633","ELEMENT":"f.C3E96304196E694327087280E5B350FD.d.18951174137B50A34417294109A3E9C8.e.7633"}]}
COMMAND: GET /session/bb1834e335885f2b4fe4c5c01cc3b2b8/screenshot - {}
RESULT: {}
RESULT: {"script":"<script> [5351 bytes]","args":[{"element-6066-11e4-a52e-4f735466cecf":"f.C3E96304196E694327087280E5B350FD.d.18951174137B50A34417294109A3E9C8.e.7633","ELEMENT":"f.C3E96304196E694327087280E5B350FD.d.18951174137B50A34417294109A3E9C8.e.7633"}]}
COMMAND: GET /session/bb1834e335885f2b4fe4c5c01cc3b2b8/screenshot - {}
RESULT: {}
RESULT: {}
COMMAND: POST /session/bb1834e335885f2b4fe4c5c01cc3b2b8/element - {"using":"xpath","value":"//span[@id=\"application-managepartners-display-component---masterPtm--smartTable-header-inner\"]"}
RESULT: {"using":"xpath","value":"//span[@id=\"application-managepartners-display-component---masterPtm--smartTable-header-inner\"]"}
COMMAND: POST /session/bb1834e335885f2b4fe4c5c01cc3b2b8/elements - {"using":"xpath","value":"//span[@id=\"application-managepartners-display-component---masterPtm--smartTable-header-inner\"]"}
RESULT: {"using":"xpath","value":"//span[@id=\"application-managepartners-display-component---masterPtm--smartTable-header-inner\"]"}
COMMAND: POST /session/bb1834e335885f2b4fe4c5c01cc3b2b8/execute/sync - {"script":"<script> [56 bytes]","args":[{"element-6066-11e4-a52e-4f735466cecf":"f.C3E96304196E694327087280E5B350FD.d.18951174137B50A34417294109A3E9C8.e.7757","ELEMENT":"f.C3E96304196E694327087280E5B350FD.d.18951174137B50A34417294109A3E9C8.e.7757"}]}
RESULT: {"script":"<script> [56 bytes]","args":[{"element-6066-11e4-a52e-4f735466cecf":"f.C3E96304196E694327087280E5B350FD.d.18951174137B50A34417294109A3E9C8.e.7757","ELEMENT":"f.C3E96304196E694327087280E5B350FD.d.18951174137B50A34417294109A3E9C8.e.7757"}]}
RESULT: undefined
COMMAND: POST /session/bb1834e335885f2b4fe4c5c01cc3b2b8/element - {"using":"xpath","value":"//*[@id=\"application-managepartners-display-component---masterPtm--smartFilterBar-btnFilters\"]"}
COMMAND: GET /session/bb1834e335885f2b4fe4c5c01cc3b2b8/screenshot - {}
RESULT: {"using":"xpath","value":"//*[@id=\"application-managepartners-display-component---masterPtm--smartFilterBar-btnFilters\"]"}
COMMAND: POST /session/bb1834e335885f2b4fe4c5c01cc3b2b8/element/f.C3E96304196E694327087280E5B350FD.d.18951174137B50A34417294109A3E9C8.e.7598/click - {}
RESULT: {}
RESULT: {}
COMMAND: GET /session/bb1834e335885f2b4fe4c5c01cc3b2b8/screenshot - {}
RESULT: {}
COMMAND: POST /session/bb1834e335885f2b4fe4c5c01cc3b2b8/elements - {"using":"xpath","value":"//table[contains(@id, \"listView-innerSelectionPanelTable-listUl\")]/tbody/tr"}
RESULT: {"using":"xpath","value":"//table[contains(@id, \"listView-innerSelectionPanelTable-listUl\")]/tbody/tr"}
COMMAND: POST /session/bb1834e335885f2b4fe4c5c01cc3b2b8/element - {"using":"xpath","value":"//table[contains(@id, \"listView-innerSelectionPanelTable-listUl\")]/tbody/tr[2]/td[2]/div/div"}
RESULT: {"using":"xpath","value":"//table[contains(@id, \"listView-innerSelectionPanelTable-listUl\")]/tbody/tr[2]/td[2]/div/div"}
COMMAND: POST /session/bb1834e335885f2b4fe4c5c01cc3b2b8/element - {"using":"xpath","value":"//table[contains(@id, \"listView-innerSelectionPanelTable-listUl\")]/tbody/tr[2]/td[2]/div"}
RESULT: {"using":"xpath","value":"//table[contains(@id, \"listView-innerSelectionPanelTable-listUl\")]/tbody/tr[2]/td[2]/div"}
COMMAND: POST /session/bb1834e335885f2b4fe4c5c01cc3b2b8/element - {"using":"xpath","value":"//table[contains(@id, \"listView-innerSelectionPanelTable-listUl\")]/tbody/tr[2]/td[3]/div/div/span/span[1]/bdi"}
RESULT: {"using":"xpath","value":"//table[contains(@id, \"listView-innerSelectionPanelTable-listUl\")]/tbody/tr[2]/td[3]/div/div/span/span[1]/bdi"}
COMMAND: POST /session/bb1834e335885f2b4fe4c5c01cc3b2b8/execute/sync - {"script":"<script> [56 bytes]","args":[{"element-6066-11e4-a52e-4f735466cecf":"f.C3E96304196E694327087280E5B350FD.d.18951174137B50A34417294109A3E9C8.e.7825","ELEMENT":"f.C3E96304196E694327087280E5B350FD.d.18951174137B50A34417294109A3E9C8.e.7825"}]}
RESULT: {"script":"<script> [56 bytes]","args":[{"element-6066-11e4-a52e-4f735466cecf":"f.C3E96304196E694327087280E5B350FD.d.18951174137B50A34417294109A3E9C8.e.7825","ELEMENT":"f.C3E96304196E694327087280E5B350FD.d.18951174137B50A34417294109A3E9C8.e.7825"}]}
COMMAND: GET /session/bb1834e335885f2b4fe4c5c01cc3b2b8/element/f.C3E96304196E694327087280E5B350FD.d.18951174137B50A34417294109A3E9C8.e.7824/attribute/aria-checked - {}
COMMAND: GET /session/bb1834e335885f2b4fe4c5c01cc3b2b8/screenshot - {}
RESULT: {}
COMMAND: POST /session/bb1834e335885f2b4fe4c5c01cc3b2b8/element - {"using":"xpath","value":"//table[contains(@id, \"listView-innerSelectionPanelTable-listUl\")]/tbody/tr[3]/td[2]/div/div"}
RESULT: {}
RESULT: {"using":"xpath","value":"//table[contains(@id, \"listView-innerSelectionPanelTable-listUl\")]/tbody/tr[3]/td[2]/div/div"}
COMMAND: POST /session/bb1834e335885f2b4fe4c5c01cc3b2b8/element - {"using":"xpath","value":"//table[contains(@id, \"listView-innerSelectionPanelTable-listUl\")]/tbody/tr[3]/td[2]/div"}
RESULT: {"using":"xpath","value":"//table[contains(@id, \"listView-innerSelectionPanelTable-listUl\")]/tbody/tr[3]/td[2]/div"}
COMMAND: POST /session/bb1834e335885f2b4fe4c5c01cc3b2b8/element - {"using":"xpath","value":"//table[contains(@id, \"listView-innerSelectionPanelTable-listUl\")]/tbody/tr[3]/td[3]/div/div/span/span[1]/bdi"}
RESULT: {"using":"xpath","value":"//table[contains(@id, \"listView-innerSelectionPanelTable-listUl\")]/tbody/tr[3]/td[3]/div/div/span/span[1]/bdi"}
COMMAND: POST /session/bb1834e335885f2b4fe4c5c01cc3b2b8/execute/sync - {"script":"<script> [56 bytes]","args":[{"element-6066-11e4-a52e-4f735466cecf":"f.C3E96304196E694327087280E5B350FD.d.18951174137B50A34417294109A3E9C8.e.7828","ELEMENT":"f.C3E96304196E694327087280E5B350FD.d.18951174137B50A34417294109A3E9C8.e.7828"}]}
RESULT: {"script":"<script> [56 bytes]","args":[{"element-6066-11e4-a52e-4f735466cecf":"f.C3E96304196E694327087280E5B350FD.d.18951174137B50A34417294109A3E9C8.e.7828","ELEMENT":"f.C3E96304196E694327087280E5B350FD.d.18951174137B50A34417294109A3E9C8.e.7828"}]}
COMMAND: GET /session/bb1834e335885f2b4fe4c5c01cc3b2b8/element/f.C3E96304196E694327087280E5B350FD.d.18951174137B50A34417294109A3E9C8.e.7827/attribute/aria-checked - {}
COMMAND: GET /session/bb1834e335885f2b4fe4c5c01cc3b2b8/screenshot - {}
RESULT: {}
COMMAND: POST /session/bb1834e335885f2b4fe4c5c01cc3b2b8/element - {"using":"xpath","value":"//table[contains(@id, \"listView-innerSelectionPanelTable-listUl\")]/tbody/tr[4]/td[2]/div/div"}
RESULT: {}
RESULT: {"using":"xpath","value":"//table[contains(@id, \"listView-innerSelectionPanelTable-listUl\")]/tbody/tr[4]/td[2]/div/div"}
COMMAND: POST /session/bb1834e335885f2b4fe4c5c01cc3b2b8/element - {"using":"xpath","value":"//table[contains(@id, \"listView-innerSelectionPanelTable-listUl\")]/tbody/tr[4]/td[2]/div"}
RESULT: {"using":"xpath","value":"//table[contains(@id, \"listView-innerSelectionPanelTable-listUl\")]/tbody/tr[4]/td[2]/div"}
COMMAND: POST /session/bb1834e335885f2b4fe4c5c01cc3b2b8/element - {"using":"xpath","value":"//table[contains(@id, \"listView-innerSelectionPanelTable-listUl\")]/tbody/tr[4]/td[3]/div/div/span/span[1]/bdi"}
RESULT: {"using":"xpath","value":"//table[contains(@id, \"listView-innerSelectionPanelTable-listUl\")]/tbody/tr[4]/td[3]/div/div/span/span[1]/bdi"}
COMMAND: POST /session/bb1834e335885f2b4fe4c5c01cc3b2b8/execute/sync - {"script":"<script> [56 bytes]","args":[{"element-6066-11e4-a52e-4f735466cecf":"f.C3E96304196E694327087280E5B350FD.d.18951174137B50A34417294109A3E9C8.e.7831","ELEMENT":"f.C3E96304196E694327087280E5B350FD.d.18951174137B50A34417294109A3E9C8.e.7831"}]}
RESULT: {"script":"<script> [56 bytes]","args":[{"element-6066-11e4-a52e-4f735466cecf":"f.C3E96304196E694327087280E5B350FD.d.18951174137B50A34417294109A3E9C8.e.7831","ELEMENT":"f.C3E96304196E694327087280E5B350FD.d.18951174137B50A34417294109A3E9C8.e.7831"}]}
COMMAND: GET /session/bb1834e335885f2b4fe4c5c01cc3b2b8/element/f.C3E96304196E694327087280E5B350FD.d.18951174137B50A34417294109A3E9C8.e.7830/attribute/aria-checked - {}
COMMAND: GET /session/bb1834e335885f2b4fe4c5c01cc3b2b8/screenshot - {}
RESULT: {}
COMMAND: POST /session/bb1834e335885f2b4fe4c5c01cc3b2b8/element - {"using":"xpath","value":"//table[contains(@id, \"listView-innerSelectionPanelTable-listUl\")]/tbody/tr[5]/td[2]/div/div"}
RESULT: {}
RESULT: {"using":"xpath","value":"//table[contains(@id, \"listView-innerSelectionPanelTable-listUl\")]/tbody/tr[5]/td[2]/div/div"}
COMMAND: POST /session/bb1834e335885f2b4fe4c5c01cc3b2b8/element - {"using":"xpath","value":"//table[contains(@id, \"listView-innerSelectionPanelTable-listUl\")]/tbody/tr[5]/td[2]/div"}
RESULT: {"using":"xpath","value":"//table[contains(@id, \"listView-innerSelectionPanelTable-listUl\")]/tbody/tr[5]/td[2]/div"}
COMMAND: POST /session/bb1834e335885f2b4fe4c5c01cc3b2b8/element - {"using":"xpath","value":"//table[contains(@id, \"listView-innerSelectionPanelTable-listUl\")]/tbody/tr[5]/td[3]/div/div/span/span[1]/bdi"}
RESULT: {"using":"xpath","value":"//table[contains(@id, \"listView-innerSelectionPanelTable-listUl\")]/tbody/tr[5]/td[3]/div/div/span/span[1]/bdi"}
COMMAND: POST /session/bb1834e335885f2b4fe4c5c01cc3b2b8/execute/sync - {"script":"<script> [56 bytes]","args":[{"element-6066-11e4-a52e-4f735466cecf":"f.C3E96304196E694327087280E5B350FD.d.18951174137B50A34417294109A3E9C8.e.7834","ELEMENT":"f.C3E96304196E694327087280E5B350FD.d.18951174137B50A34417294109A3E9C8.e.7834"}]}
RESULT: {"script":"<script> [56 bytes]","args":[{"element-6066-11e4-a52e-4f735466cecf":"f.C3E96304196E694327087280E5B350FD.d.18951174137B50A34417294109A3E9C8.e.7834","ELEMENT":"f.C3E96304196E694327087280E5B350FD.d.18951174137B50A34417294109A3E9C8.e.7834"}]}
COMMAND: GET /session/bb1834e335885f2b4fe4c5c01cc3b2b8/element/f.C3E96304196E694327087280E5B350FD.d.18951174137B50A34417294109A3E9C8.e.7833/attribute/aria-checked - {}
COMMAND: GET /session/bb1834e335885f2b4fe4c5c01cc3b2b8/screenshot - {}
RESULT: {}
COMMAND: POST /session/bb1834e335885f2b4fe4c5c01cc3b2b8/element - {"using":"xpath","value":"//table[contains(@id, \"listView-innerSelectionPanelTable-listUl\")]/tbody/tr[6]/td[2]/div/div"}
RESULT: {}
RESULT: {"using":"xpath","value":"//table[contains(@id, \"listView-innerSelectionPanelTable-listUl\")]/tbody/tr[6]/td[2]/div/div"}
COMMAND: POST /session/bb1834e335885f2b4fe4c5c01cc3b2b8/element - {"using":"xpath","value":"//table[contains(@id, \"listView-innerSelectionPanelTable-listUl\")]/tbody/tr[6]/td[2]/div"}
RESULT: {"using":"xpath","value":"//table[contains(@id, \"listView-innerSelectionPanelTable-listUl\")]/tbody/tr[6]/td[2]/div"}
COMMAND: POST /session/bb1834e335885f2b4fe4c5c01cc3b2b8/element - {"using":"xpath","value":"//table[contains(@id, \"listView-innerSelectionPanelTable-listUl\")]/tbody/tr[6]/td[3]/div/div/span/span[1]/bdi"}
RESULT: {"using":"xpath","value":"//table[contains(@id, \"listView-innerSelectionPanelTable-listUl\")]/tbody/tr[6]/td[3]/div/div/span/span[1]/bdi"}
COMMAND: POST /session/bb1834e335885f2b4fe4c5c01cc3b2b8/execute/sync - {"script":"<script> [56 bytes]","args":[{"element-6066-11e4-a52e-4f735466cecf":"f.C3E96304196E694327087280E5B350FD.d.18951174137B50A34417294109A3E9C8.e.7837","ELEMENT":"f.C3E96304196E694327087280E5B350FD.d.18951174137B50A34417294109A3E9C8.e.7837"}]}
RESULT: {"script":"<script> [56 bytes]","args":[{"element-6066-11e4-a52e-4f735466cecf":"f.C3E96304196E694327087280E5B350FD.d.18951174137B50A34417294109A3E9C8.e.7837","ELEMENT":"f.C3E96304196E694327087280E5B350FD.d.18951174137B50A34417294109A3E9C8.e.7837"}]}
COMMAND: GET /session/bb1834e335885f2b4fe4c5c01cc3b2b8/element/f.C3E96304196E694327087280E5B350FD.d.18951174137B50A34417294109A3E9C8.e.7836/attribute/aria-checked - {}
COMMAND: GET /session/bb1834e335885f2b4fe4c5c01cc3b2b8/screenshot - {}
RESULT: {}
COMMAND: POST /session/bb1834e335885f2b4fe4c5c01cc3b2b8/element - {"using":"xpath","value":"//table[contains(@id, \"listView-innerSelectionPanelTable-listUl\")]/tbody/tr[7]/td[2]/div/div"}
RESULT: {}
RESULT: {"using":"xpath","value":"//table[contains(@id, \"listView-innerSelectionPanelTable-listUl\")]/tbody/tr[7]/td[2]/div/div"}
COMMAND: POST /session/bb1834e335885f2b4fe4c5c01cc3b2b8/element - {"using":"xpath","value":"//table[contains(@id, \"listView-innerSelectionPanelTable-listUl\")]/tbody/tr[7]/td[2]/div"}
RESULT: {"using":"xpath","value":"//table[contains(@id, \"listView-innerSelectionPanelTable-listUl\")]/tbody/tr[7]/td[2]/div"}
COMMAND: POST /session/bb1834e335885f2b4fe4c5c01cc3b2b8/element - {"using":"xpath","value":"//table[contains(@id, \"listView-innerSelectionPanelTable-listUl\")]/tbody/tr[7]/td[3]/div/div/span/span[1]/bdi"}
RESULT: {"using":"xpath","value":"//table[contains(@id, \"listView-innerSelectionPanelTable-listUl\")]/tbody/tr[7]/td[3]/div/div/span/span[1]/bdi"}
COMMAND: POST /session/bb1834e335885f2b4fe4c5c01cc3b2b8/execute/sync - {"script":"<script> [56 bytes]","args":[{"element-6066-11e4-a52e-4f735466cecf":"f.C3E96304196E694327087280E5B350FD.d.18951174137B50A34417294109A3E9C8.e.7840","ELEMENT":"f.C3E96304196E694327087280E5B350FD.d.18951174137B50A34417294109A3E9C8.e.7840"}]}
RESULT: {"script":"<script> [56 bytes]","args":[{"element-6066-11e4-a52e-4f735466cecf":"f.C3E96304196E694327087280E5B350FD.d.18951174137B50A34417294109A3E9C8.e.7840","ELEMENT":"f.C3E96304196E694327087280E5B350FD.d.18951174137B50A34417294109A3E9C8.e.7840"}]}
COMMAND: GET /session/bb1834e335885f2b4fe4c5c01cc3b2b8/element/f.C3E96304196E694327087280E5B350FD.d.18951174137B50A34417294109A3E9C8.e.7839/attribute/aria-checked - {}
COMMAND: GET /session/bb1834e335885f2b4fe4c5c01cc3b2b8/screenshot - {}
RESULT: {}
COMMAND: POST /session/bb1834e335885f2b4fe4c5c01cc3b2b8/element - {"using":"xpath","value":"//table[contains(@id, \"listView-innerSelectionPanelTable-listUl\")]/tbody/tr[8]/td[2]/div/div"}
RESULT: {}
RESULT: {"using":"xpath","value":"//table[contains(@id, \"listView-innerSelectionPanelTable-listUl\")]/tbody/tr[8]/td[2]/div/div"}
COMMAND: POST /session/bb1834e335885f2b4fe4c5c01cc3b2b8/element - {"using":"xpath","value":"//table[contains(@id, \"listView-innerSelectionPanelTable-listUl\")]/tbody/tr[8]/td[2]/div"}
RESULT: {"using":"xpath","value":"//table[contains(@id, \"listView-innerSelectionPanelTable-listUl\")]/tbody/tr[8]/td[2]/div"}
COMMAND: POST /session/bb1834e335885f2b4fe4c5c01cc3b2b8/element - {"using":"xpath","value":"//table[contains(@id, \"listView-innerSelectionPanelTable-listUl\")]/tbody/tr[8]/td[3]/div/div/span/span[1]/bdi"}
RESULT: {"using":"xpath","value":"//table[contains(@id, \"listView-innerSelectionPanelTable-listUl\")]/tbody/tr[8]/td[3]/div/div/span/span[1]/bdi"}
COMMAND: POST /session/bb1834e335885f2b4fe4c5c01cc3b2b8/execute/sync - {"script":"<script> [56 bytes]","args":[{"element-6066-11e4-a52e-4f735466cecf":"f.C3E96304196E694327087280E5B350FD.d.18951174137B50A34417294109A3E9C8.e.7843","ELEMENT":"f.C3E96304196E694327087280E5B350FD.d.18951174137B50A34417294109A3E9C8.e.7843"}]}
RESULT: {"script":"<script> [56 bytes]","args":[{"element-6066-11e4-a52e-4f735466cecf":"f.C3E96304196E694327087280E5B350FD.d.18951174137B50A34417294109A3E9C8.e.7843","ELEMENT":"f.C3E96304196E694327087280E5B350FD.d.18951174137B50A34417294109A3E9C8.e.7843"}]}
COMMAND: GET /session/bb1834e335885f2b4fe4c5c01cc3b2b8/element/f.C3E96304196E694327087280E5B350FD.d.18951174137B50A34417294109A3E9C8.e.7842/attribute/aria-checked - {}
COMMAND: GET /session/bb1834e335885f2b4fe4c5c01cc3b2b8/screenshot - {}
RESULT: {}
COMMAND: POST /session/bb1834e335885f2b4fe4c5c01cc3b2b8/element - {"using":"xpath","value":"//table[contains(@id, \"listView-innerSelectionPanelTable-listUl\")]/tbody/tr[9]/td[2]/div/div"}
RESULT: {}
RESULT: {"using":"xpath","value":"//table[contains(@id, \"listView-innerSelectionPanelTable-listUl\")]/tbody/tr[9]/td[2]/div/div"}
COMMAND: POST /session/bb1834e335885f2b4fe4c5c01cc3b2b8/element - {"using":"xpath","value":"//table[contains(@id, \"listView-innerSelectionPanelTable-listUl\")]/tbody/tr[9]/td[2]/div"}
RESULT: {"using":"xpath","value":"//table[contains(@id, \"listView-innerSelectionPanelTable-listUl\")]/tbody/tr[9]/td[2]/div"}
COMMAND: POST /session/bb1834e335885f2b4fe4c5c01cc3b2b8/element - {"using":"xpath","value":"//table[contains(@id, \"listView-innerSelectionPanelTable-listUl\")]/tbody/tr[9]/td[3]/div/div/span/span[1]/bdi"}
RESULT: {"using":"xpath","value":"//table[contains(@id, \"listView-innerSelectionPanelTable-listUl\")]/tbody/tr[9]/td[3]/div/div/span/span[1]/bdi"}
COMMAND: POST /session/bb1834e335885f2b4fe4c5c01cc3b2b8/execute/sync - {"script":"<script> [56 bytes]","args":[{"element-6066-11e4-a52e-4f735466cecf":"f.C3E96304196E694327087280E5B350FD.d.18951174137B50A34417294109A3E9C8.e.7846","ELEMENT":"f.C3E96304196E694327087280E5B350FD.d.18951174137B50A34417294109A3E9C8.e.7846"}]}
RESULT: {"script":"<script> [56 bytes]","args":[{"element-6066-11e4-a52e-4f735466cecf":"f.C3E96304196E694327087280E5B350FD.d.18951174137B50A34417294109A3E9C8.e.7846","ELEMENT":"f.C3E96304196E694327087280E5B350FD.d.18951174137B50A34417294109A3E9C8.e.7846"}]}
COMMAND: GET /session/bb1834e335885f2b4fe4c5c01cc3b2b8/element/f.C3E96304196E694327087280E5B350FD.d.18951174137B50A34417294109A3E9C8.e.7845/attribute/aria-checked - {}
COMMAND: GET /session/bb1834e335885f2b4fe4c5c01cc3b2b8/screenshot - {}
RESULT: {}
COMMAND: POST /session/bb1834e335885f2b4fe4c5c01cc3b2b8/element - {"using":"xpath","value":"//table[contains(@id, \"listView-innerSelectionPanelTable-listUl\")]/tbody/tr[10]/td[2]/div/div"}
RESULT: {}
RESULT: {"using":"xpath","value":"//table[contains(@id, \"listView-innerSelectionPanelTable-listUl\")]/tbody/tr[10]/td[2]/div/div"}
COMMAND: POST /session/bb1834e335885f2b4fe4c5c01cc3b2b8/element - {"using":"xpath","value":"//table[contains(@id, \"listView-innerSelectionPanelTable-listUl\")]/tbody/tr[10]/td[2]/div"}
RESULT: {"using":"xpath","value":"//table[contains(@id, \"listView-innerSelectionPanelTable-listUl\")]/tbody/tr[10]/td[2]/div"}
COMMAND: POST /session/bb1834e335885f2b4fe4c5c01cc3b2b8/element - {"using":"xpath","value":"//table[contains(@id, \"listView-innerSelectionPanelTable-listUl\")]/tbody/tr[10]/td[3]/div/div/span/span[1]/bdi"}
RESULT: {"using":"xpath","value":"//table[contains(@id, \"listView-innerSelectionPanelTable-listUl\")]/tbody/tr[10]/td[3]/div/div/span/span[1]/bdi"}
COMMAND: POST /session/bb1834e335885f2b4fe4c5c01cc3b2b8/execute/sync - {"script":"<script> [56 bytes]","args":[{"element-6066-11e4-a52e-4f735466cecf":"f.C3E96304196E694327087280E5B350FD.d.18951174137B50A34417294109A3E9C8.e.7849","ELEMENT":"f.C3E96304196E694327087280E5B350FD.d.18951174137B50A34417294109A3E9C8.e.7849"}]}
RESULT: {"script":"<script> [56 bytes]","args":[{"element-6066-11e4-a52e-4f735466cecf":"f.C3E96304196E694327087280E5B350FD.d.18951174137B50A34417294109A3E9C8.e.7849","ELEMENT":"f.C3E96304196E694327087280E5B350FD.d.18951174137B50A34417294109A3E9C8.e.7849"}]}
COMMAND: GET /session/bb1834e335885f2b4fe4c5c01cc3b2b8/element/f.C3E96304196E694327087280E5B350FD.d.18951174137B50A34417294109A3E9C8.e.7848/attribute/aria-checked - {}
COMMAND: GET /session/bb1834e335885f2b4fe4c5c01cc3b2b8/screenshot - {}
RESULT: {}
COMMAND: POST /session/bb1834e335885f2b4fe4c5c01cc3b2b8/element - {"using":"xpath","value":"//table[contains(@id, \"listView-innerSelectionPanelTable-listUl\")]/tbody/tr[11]/td[2]/div/div"}
RESULT: {}
RESULT: {"using":"xpath","value":"//table[contains(@id, \"listView-innerSelectionPanelTable-listUl\")]/tbody/tr[11]/td[2]/div/div"}
COMMAND: POST /session/bb1834e335885f2b4fe4c5c01cc3b2b8/element - {"using":"xpath","value":"//table[contains(@id, \"listView-innerSelectionPanelTable-listUl\")]/tbody/tr[11]/td[2]/div"}
RESULT: {"using":"xpath","value":"//table[contains(@id, \"listView-innerSelectionPanelTable-listUl\")]/tbody/tr[11]/td[2]/div"}
COMMAND: POST /session/bb1834e335885f2b4fe4c5c01cc3b2b8/element - {"using":"xpath","value":"//table[contains(@id, \"listView-innerSelectionPanelTable-listUl\")]/tbody/tr[11]/td[3]/div/div/span/span[1]/bdi"}
RESULT: {"using":"xpath","value":"//table[contains(@id, \"listView-innerSelectionPanelTable-listUl\")]/tbody/tr[11]/td[3]/div/div/span/span[1]/bdi"}
COMMAND: POST /session/bb1834e335885f2b4fe4c5c01cc3b2b8/execute/sync - {"script":"<script> [56 bytes]","args":[{"element-6066-11e4-a52e-4f735466cecf":"f.C3E96304196E694327087280E5B350FD.d.18951174137B50A34417294109A3E9C8.e.7852","ELEMENT":"f.C3E96304196E694327087280E5B350FD.d.18951174137B50A34417294109A3E9C8.e.7852"}]}
RESULT: {"script":"<script> [56 bytes]","args":[{"element-6066-11e4-a52e-4f735466cecf":"f.C3E96304196E694327087280E5B350FD.d.18951174137B50A34417294109A3E9C8.e.7852","ELEMENT":"f.C3E96304196E694327087280E5B350FD.d.18951174137B50A34417294109A3E9C8.e.7852"}]}
COMMAND: GET /session/bb1834e335885f2b4fe4c5c01cc3b2b8/element/f.C3E96304196E694327087280E5B350FD.d.18951174137B50A34417294109A3E9C8.e.7851/attribute/aria-checked - {}
COMMAND: GET /session/bb1834e335885f2b4fe4c5c01cc3b2b8/screenshot - {}
RESULT: {}
COMMAND: POST /session/bb1834e335885f2b4fe4c5c01cc3b2b8/element - {"using":"xpath","value":"//table[contains(@id, \"listView-innerSelectionPanelTable-listUl\")]/tbody/tr[12]/td[2]/div/div"}
RESULT: {}
RESULT: {"using":"xpath","value":"//table[contains(@id, \"listView-innerSelectionPanelTable-listUl\")]/tbody/tr[12]/td[2]/div/div"}
COMMAND: POST /session/bb1834e335885f2b4fe4c5c01cc3b2b8/element - {"using":"xpath","value":"//table[contains(@id, \"listView-innerSelectionPanelTable-listUl\")]/tbody/tr[12]/td[2]/div"}
RESULT: {"using":"xpath","value":"//table[contains(@id, \"listView-innerSelectionPanelTable-listUl\")]/tbody/tr[12]/td[2]/div"}
COMMAND: POST /session/bb1834e335885f2b4fe4c5c01cc3b2b8/element - {"using":"xpath","value":"//table[contains(@id, \"listView-innerSelectionPanelTable-listUl\")]/tbody/tr[12]/td[3]/div/div/span/span[1]/bdi"}
RESULT: {"using":"xpath","value":"//table[contains(@id, \"listView-innerSelectionPanelTable-listUl\")]/tbody/tr[12]/td[3]/div/div/span/span[1]/bdi"}
COMMAND: POST /session/bb1834e335885f2b4fe4c5c01cc3b2b8/execute/sync - {"script":"<script> [56 bytes]","args":[{"element-6066-11e4-a52e-4f735466cecf":"f.C3E96304196E694327087280E5B350FD.d.18951174137B50A34417294109A3E9C8.e.7855","ELEMENT":"f.C3E96304196E694327087280E5B350FD.d.18951174137B50A34417294109A3E9C8.e.7855"}]}
RESULT: {"script":"<script> [56 bytes]","args":[{"element-6066-11e4-a52e-4f735466cecf":"f.C3E96304196E694327087280E5B350FD.d.18951174137B50A34417294109A3E9C8.e.7855","ELEMENT":"f.C3E96304196E694327087280E5B350FD.d.18951174137B50A34417294109A3E9C8.e.7855"}]}
COMMAND: GET /session/bb1834e335885f2b4fe4c5c01cc3b2b8/element/f.C3E96304196E694327087280E5B350FD.d.18951174137B50A34417294109A3E9C8.e.7854/attribute/aria-checked - {}
COMMAND: GET /session/bb1834e335885f2b4fe4c5c01cc3b2b8/screenshot - {}
RESULT: {}
COMMAND: POST /session/bb1834e335885f2b4fe4c5c01cc3b2b8/element - {"using":"xpath","value":"//table[contains(@id, \"listView-innerSelectionPanelTable-listUl\")]/tbody/tr[13]/td[2]/div/div"}
RESULT: {}
RESULT: {"using":"xpath","value":"//table[contains(@id, \"listView-innerSelectionPanelTable-listUl\")]/tbody/tr[13]/td[2]/div/div"}
COMMAND: POST /session/bb1834e335885f2b4fe4c5c01cc3b2b8/element - {"using":"xpath","value":"//table[contains(@id, \"listView-innerSelectionPanelTable-listUl\")]/tbody/tr[13]/td[2]/div"}
RESULT: {"using":"xpath","value":"//table[contains(@id, \"listView-innerSelectionPanelTable-listUl\")]/tbody/tr[13]/td[2]/div"}
COMMAND: POST /session/bb1834e335885f2b4fe4c5c01cc3b2b8/element - {"using":"xpath","value":"//table[contains(@id, \"listView-innerSelectionPanelTable-listUl\")]/tbody/tr[13]/td[3]/div/div/span/span[1]/bdi"}
RESULT: {"using":"xpath","value":"//table[contains(@id, \"listView-innerSelectionPanelTable-listUl\")]/tbody/tr[13]/td[3]/div/div/span/span[1]/bdi"}
COMMAND: POST /session/bb1834e335885f2b4fe4c5c01cc3b2b8/execute/sync - {"script":"<script> [56 bytes]","args":[{"element-6066-11e4-a52e-4f735466cecf":"f.C3E96304196E694327087280E5B350FD.d.18951174137B50A34417294109A3E9C8.e.7858","ELEMENT":"f.C3E96304196E694327087280E5B350FD.d.18951174137B50A34417294109A3E9C8.e.7858"}]}
RESULT: {"script":"<script> [56 bytes]","args":[{"element-6066-11e4-a52e-4f735466cecf":"f.C3E96304196E694327087280E5B350FD.d.18951174137B50A34417294109A3E9C8.e.7858","ELEMENT":"f.C3E96304196E694327087280E5B350FD.d.18951174137B50A34417294109A3E9C8.e.7858"}]}
COMMAND: GET /session/bb1834e335885f2b4fe4c5c01cc3b2b8/element/f.C3E96304196E694327087280E5B350FD.d.18951174137B50A34417294109A3E9C8.e.7857/attribute/aria-checked - {}
COMMAND: GET /session/bb1834e335885f2b4fe4c5c01cc3b2b8/screenshot - {}
RESULT: {}
COMMAND: POST /session/bb1834e335885f2b4fe4c5c01cc3b2b8/element - {"using":"xpath","value":"//table[contains(@id, \"listView-innerSelectionPanelTable-listUl\")]/tbody/tr[14]/td[2]/div/div"}
RESULT: {}
RESULT: {"using":"xpath","value":"//table[contains(@id, \"listView-innerSelectionPanelTable-listUl\")]/tbody/tr[14]/td[2]/div/div"}
COMMAND: POST /session/bb1834e335885f2b4fe4c5c01cc3b2b8/element - {"using":"xpath","value":"//table[contains(@id, \"listView-innerSelectionPanelTable-listUl\")]/tbody/tr[14]/td[2]/div"}
RESULT: {"using":"xpath","value":"//table[contains(@id, \"listView-innerSelectionPanelTable-listUl\")]/tbody/tr[14]/td[2]/div"}
COMMAND: POST /session/bb1834e335885f2b4fe4c5c01cc3b2b8/element - {"using":"xpath","value":"//table[contains(@id, \"listView-innerSelectionPanelTable-listUl\")]/tbody/tr[14]/td[3]/div/div/span/span[1]/bdi"}
RESULT: {"using":"xpath","value":"//table[contains(@id, \"listView-innerSelectionPanelTable-listUl\")]/tbody/tr[14]/td[3]/div/div/span/span[1]/bdi"}
COMMAND: POST /session/bb1834e335885f2b4fe4c5c01cc3b2b8/execute/sync - {"script":"<script> [56 bytes]","args":[{"element-6066-11e4-a52e-4f735466cecf":"f.C3E96304196E694327087280E5B350FD.d.18951174137B50A34417294109A3E9C8.e.7861","ELEMENT":"f.C3E96304196E694327087280E5B350FD.d.18951174137B50A34417294109A3E9C8.e.7861"}]}
RESULT: {"script":"<script> [56 bytes]","args":[{"element-6066-11e4-a52e-4f735466cecf":"f.C3E96304196E694327087280E5B350FD.d.18951174137B50A34417294109A3E9C8.e.7861","ELEMENT":"f.C3E96304196E694327087280E5B350FD.d.18951174137B50A34417294109A3E9C8.e.7861"}]}
COMMAND: GET /session/bb1834e335885f2b4fe4c5c01cc3b2b8/element/f.C3E96304196E694327087280E5B350FD.d.18951174137B50A34417294109A3E9C8.e.7860/attribute/aria-checked - {}
COMMAND: GET /session/bb1834e335885f2b4fe4c5c01cc3b2b8/screenshot - {}
RESULT: {}
COMMAND: POST /session/bb1834e335885f2b4fe4c5c01cc3b2b8/element - {"using":"xpath","value":"//table[contains(@id, \"listView-innerSelectionPanelTable-listUl\")]/tbody/tr[15]/td[2]/div/div"}
RESULT: {}
RESULT: {"using":"xpath","value":"//table[contains(@id, \"listView-innerSelectionPanelTable-listUl\")]/tbody/tr[15]/td[2]/div/div"}
COMMAND: POST /session/bb1834e335885f2b4fe4c5c01cc3b2b8/element - {"using":"xpath","value":"//table[contains(@id, \"listView-innerSelectionPanelTable-listUl\")]/tbody/tr[15]/td[2]/div"}
RESULT: {"using":"xpath","value":"//table[contains(@id, \"listView-innerSelectionPanelTable-listUl\")]/tbody/tr[15]/td[2]/div"}
COMMAND: POST /session/bb1834e335885f2b4fe4c5c01cc3b2b8/element - {"using":"xpath","value":"//table[contains(@id, \"listView-innerSelectionPanelTable-listUl\")]/tbody/tr[15]/td[3]/div/div/span/span[1]/bdi"}
RESULT: {"using":"xpath","value":"//table[contains(@id, \"listView-innerSelectionPanelTable-listUl\")]/tbody/tr[15]/td[3]/div/div/span/span[1]/bdi"}
COMMAND: POST /session/bb1834e335885f2b4fe4c5c01cc3b2b8/execute/sync - {"script":"<script> [56 bytes]","args":[{"element-6066-11e4-a52e-4f735466cecf":"f.C3E96304196E694327087280E5B350FD.d.18951174137B50A34417294109A3E9C8.e.7864","ELEMENT":"f.C3E96304196E694327087280E5B350FD.d.18951174137B50A34417294109A3E9C8.e.7864"}]}
RESULT: {"script":"<script> [56 bytes]","args":[{"element-6066-11e4-a52e-4f735466cecf":"f.C3E96304196E694327087280E5B350FD.d.18951174137B50A34417294109A3E9C8.e.7864","ELEMENT":"f.C3E96304196E694327087280E5B350FD.d.18951174137B50A34417294109A3E9C8.e.7864"}]}
COMMAND: GET /session/bb1834e335885f2b4fe4c5c01cc3b2b8/element/f.C3E96304196E694327087280E5B350FD.d.18951174137B50A34417294109A3E9C8.e.7863/attribute/aria-checked - {}
COMMAND: GET /session/bb1834e335885f2b4fe4c5c01cc3b2b8/screenshot - {}
RESULT: {}
COMMAND: POST /session/bb1834e335885f2b4fe4c5c01cc3b2b8/element - {"using":"xpath","value":"//table[contains(@id, \"listView-innerSelectionPanelTable-listUl\")]/tbody/tr[16]/td[2]/div/div"}
RESULT: {}
RESULT: {"using":"xpath","value":"//table[contains(@id, \"listView-innerSelectionPanelTable-listUl\")]/tbody/tr[16]/td[2]/div/div"}
COMMAND: POST /session/bb1834e335885f2b4fe4c5c01cc3b2b8/element - {"using":"xpath","value":"//table[contains(@id, \"listView-innerSelectionPanelTable-listUl\")]/tbody/tr[16]/td[2]/div"}
RESULT: {"using":"xpath","value":"//table[contains(@id, \"listView-innerSelectionPanelTable-listUl\")]/tbody/tr[16]/td[2]/div"}
COMMAND: POST /session/bb1834e335885f2b4fe4c5c01cc3b2b8/element - {"using":"xpath","value":"//table[contains(@id, \"listView-innerSelectionPanelTable-listUl\")]/tbody/tr[16]/td[3]/div/div/span/span[1]/bdi"}
RESULT: {"using":"xpath","value":"//table[contains(@id, \"listView-innerSelectionPanelTable-listUl\")]/tbody/tr[16]/td[3]/div/div/span/span[1]/bdi"}
COMMAND: POST /session/bb1834e335885f2b4fe4c5c01cc3b2b8/execute/sync - {"script":"<script> [56 bytes]","args":[{"element-6066-11e4-a52e-4f735466cecf":"f.C3E96304196E694327087280E5B350FD.d.18951174137B50A34417294109A3E9C8.e.7867","ELEMENT":"f.C3E96304196E694327087280E5B350FD.d.18951174137B50A34417294109A3E9C8.e.7867"}]}
RESULT: {"script":"<script> [56 bytes]","args":[{"element-6066-11e4-a52e-4f735466cecf":"f.C3E96304196E694327087280E5B350FD.d.18951174137B50A34417294109A3E9C8.e.7867","ELEMENT":"f.C3E96304196E694327087280E5B350FD.d.18951174137B50A34417294109A3E9C8.e.7867"}]}
COMMAND: GET /session/bb1834e335885f2b4fe4c5c01cc3b2b8/element/f.C3E96304196E694327087280E5B350FD.d.18951174137B50A34417294109A3E9C8.e.7866/attribute/aria-checked - {}
COMMAND: GET /session/bb1834e335885f2b4fe4c5c01cc3b2b8/screenshot - {}
RESULT: {}
COMMAND: POST /session/bb1834e335885f2b4fe4c5c01cc3b2b8/element - {"using":"xpath","value":"//table[contains(@id, \"listView-innerSelectionPanelTable-listUl\")]/tbody/tr[17]/td[2]/div/div"}
RESULT: {}
RESULT: {"using":"xpath","value":"//table[contains(@id, \"listView-innerSelectionPanelTable-listUl\")]/tbody/tr[17]/td[2]/div/div"}
COMMAND: POST /session/bb1834e335885f2b4fe4c5c01cc3b2b8/element - {"using":"xpath","value":"//table[contains(@id, \"listView-innerSelectionPanelTable-listUl\")]/tbody/tr[17]/td[2]/div"}
RESULT: {"using":"xpath","value":"//table[contains(@id, \"listView-innerSelectionPanelTable-listUl\")]/tbody/tr[17]/td[2]/div"}
COMMAND: POST /session/bb1834e335885f2b4fe4c5c01cc3b2b8/element - {"using":"xpath","value":"//table[contains(@id, \"listView-innerSelectionPanelTable-listUl\")]/tbody/tr[17]/td[3]/div/div/span/span[1]/bdi"}
RESULT: {"using":"xpath","value":"//table[contains(@id, \"listView-innerSelectionPanelTable-listUl\")]/tbody/tr[17]/td[3]/div/div/span/span[1]/bdi"}
COMMAND: POST /session/bb1834e335885f2b4fe4c5c01cc3b2b8/execute/sync - {"script":"<script> [56 bytes]","args":[{"element-6066-11e4-a52e-4f735466cecf":"f.C3E96304196E694327087280E5B350FD.d.18951174137B50A34417294109A3E9C8.e.7870","ELEMENT":"f.C3E96304196E694327087280E5B350FD.d.18951174137B50A34417294109A3E9C8.e.7870"}]}
RESULT: {"script":"<script> [56 bytes]","args":[{"element-6066-11e4-a52e-4f735466cecf":"f.C3E96304196E694327087280E5B350FD.d.18951174137B50A34417294109A3E9C8.e.7870","ELEMENT":"f.C3E96304196E694327087280E5B350FD.d.18951174137B50A34417294109A3E9C8.e.7870"}]}
COMMAND: GET /session/bb1834e335885f2b4fe4c5c01cc3b2b8/element/f.C3E96304196E694327087280E5B350FD.d.18951174137B50A34417294109A3E9C8.e.7869/attribute/aria-checked - {}
COMMAND: GET /session/bb1834e335885f2b4fe4c5c01cc3b2b8/screenshot - {}
RESULT: {}
COMMAND: POST /session/bb1834e335885f2b4fe4c5c01cc3b2b8/element - {"using":"xpath","value":"//table[contains(@id, \"listView-innerSelectionPanelTable-listUl\")]/tbody/tr[18]/td[2]/div/div"}
RESULT: {}
RESULT: {"using":"xpath","value":"//table[contains(@id, \"listView-innerSelectionPanelTable-listUl\")]/tbody/tr[18]/td[2]/div/div"}
COMMAND: POST /session/bb1834e335885f2b4fe4c5c01cc3b2b8/element - {"using":"xpath","value":"//table[contains(@id, \"listView-innerSelectionPanelTable-listUl\")]/tbody/tr[18]/td[2]/div"}
RESULT: {"using":"xpath","value":"//table[contains(@id, \"listView-innerSelectionPanelTable-listUl\")]/tbody/tr[18]/td[2]/div"}
COMMAND: POST /session/bb1834e335885f2b4fe4c5c01cc3b2b8/element - {"using":"xpath","value":"//table[contains(@id, \"listView-innerSelectionPanelTable-listUl\")]/tbody/tr[18]/td[3]/div/div/span/span[1]/bdi"}
RESULT: {"using":"xpath","value":"//table[contains(@id, \"listView-innerSelectionPanelTable-listUl\")]/tbody/tr[18]/td[3]/div/div/span/span[1]/bdi"}
COMMAND: POST /session/bb1834e335885f2b4fe4c5c01cc3b2b8/execute/sync - {"script":"<script> [56 bytes]","args":[{"element-6066-11e4-a52e-4f735466cecf":"f.C3E96304196E694327087280E5B350FD.d.18951174137B50A34417294109A3E9C8.e.7873","ELEMENT":"f.C3E96304196E694327087280E5B350FD.d.18951174137B50A34417294109A3E9C8.e.7873"}]}
RESULT: {"script":"<script> [56 bytes]","args":[{"element-6066-11e4-a52e-4f735466cecf":"f.C3E96304196E694327087280E5B350FD.d.18951174137B50A34417294109A3E9C8.e.7873","ELEMENT":"f.C3E96304196E694327087280E5B350FD.d.18951174137B50A34417294109A3E9C8.e.7873"}]}
COMMAND: GET /session/bb1834e335885f2b4fe4c5c01cc3b2b8/element/f.C3E96304196E694327087280E5B350FD.d.18951174137B50A34417294109A3E9C8.e.7872/attribute/aria-checked - {}
COMMAND: GET /session/bb1834e335885f2b4fe4c5c01cc3b2b8/screenshot - {}
RESULT: {}
COMMAND: POST /session/bb1834e335885f2b4fe4c5c01cc3b2b8/element - {"using":"xpath","value":"//table[contains(@id, \"listView-innerSelectionPanelTable-listUl\")]/tbody/tr[19]/td[2]/div/div"}
RESULT: {}
RESULT: {"using":"xpath","value":"//table[contains(@id, \"listView-innerSelectionPanelTable-listUl\")]/tbody/tr[19]/td[2]/div/div"}
COMMAND: POST /session/bb1834e335885f2b4fe4c5c01cc3b2b8/element - {"using":"xpath","value":"//table[contains(@id, \"listView-innerSelectionPanelTable-listUl\")]/tbody/tr[19]/td[2]/div"}
RESULT: {"using":"xpath","value":"//table[contains(@id, \"listView-innerSelectionPanelTable-listUl\")]/tbody/tr[19]/td[2]/div"}
COMMAND: POST /session/bb1834e335885f2b4fe4c5c01cc3b2b8/element - {"using":"xpath","value":"//table[contains(@id, \"listView-innerSelectionPanelTable-listUl\")]/tbody/tr[19]/td[3]/div/div/span/span[1]/bdi"}
RESULT: {"using":"xpath","value":"//table[contains(@id, \"listView-innerSelectionPanelTable-listUl\")]/tbody/tr[19]/td[3]/div/div/span/span[1]/bdi"}
COMMAND: POST /session/bb1834e335885f2b4fe4c5c01cc3b2b8/execute/sync - {"script":"<script> [56 bytes]","args":[{"element-6066-11e4-a52e-4f735466cecf":"f.C3E96304196E694327087280E5B350FD.d.18951174137B50A34417294109A3E9C8.e.7876","ELEMENT":"f.C3E96304196E694327087280E5B350FD.d.18951174137B50A34417294109A3E9C8.e.7876"}]}
RESULT: {"script":"<script> [56 bytes]","args":[{"element-6066-11e4-a52e-4f735466cecf":"f.C3E96304196E694327087280E5B350FD.d.18951174137B50A34417294109A3E9C8.e.7876","ELEMENT":"f.C3E96304196E694327087280E5B350FD.d.18951174137B50A34417294109A3E9C8.e.7876"}]}
COMMAND: GET /session/bb1834e335885f2b4fe4c5c01cc3b2b8/element/f.C3E96304196E694327087280E5B350FD.d.18951174137B50A34417294109A3E9C8.e.7875/attribute/aria-checked - {}
COMMAND: GET /session/bb1834e335885f2b4fe4c5c01cc3b2b8/screenshot - {}
RESULT: {}
COMMAND: POST /session/bb1834e335885f2b4fe4c5c01cc3b2b8/element - {"using":"xpath","value":"//table[contains(@id, \"listView-innerSelectionPanelTable-listUl\")]/tbody/tr[20]/td[2]/div/div"}
RESULT: {}
RESULT: {"using":"xpath","value":"//table[contains(@id, \"listView-innerSelectionPanelTable-listUl\")]/tbody/tr[20]/td[2]/div/div"}
COMMAND: POST /session/bb1834e335885f2b4fe4c5c01cc3b2b8/element - {"using":"xpath","value":"//table[contains(@id, \"listView-innerSelectionPanelTable-listUl\")]/tbody/tr[20]/td[2]/div"}
RESULT: {"using":"xpath","value":"//table[contains(@id, \"listView-innerSelectionPanelTable-listUl\")]/tbody/tr[20]/td[2]/div"}
COMMAND: POST /session/bb1834e335885f2b4fe4c5c01cc3b2b8/element - {"using":"xpath","value":"//table[contains(@id, \"listView-innerSelectionPanelTable-listUl\")]/tbody/tr[20]/td[3]/div/div/span/span[1]/bdi"}
RESULT: {"using":"xpath","value":"//table[contains(@id, \"listView-innerSelectionPanelTable-listUl\")]/tbody/tr[20]/td[3]/div/div/span/span[1]/bdi"}
COMMAND: POST /session/bb1834e335885f2b4fe4c5c01cc3b2b8/execute/sync - {"script":"<script> [56 bytes]","args":[{"element-6066-11e4-a52e-4f735466cecf":"f.C3E96304196E694327087280E5B350FD.d.18951174137B50A34417294109A3E9C8.e.7879","ELEMENT":"f.C3E96304196E694327087280E5B350FD.d.18951174137B50A34417294109A3E9C8.e.7879"}]}
RESULT: {"script":"<script> [56 bytes]","args":[{"element-6066-11e4-a52e-4f735466cecf":"f.C3E96304196E694327087280E5B350FD.d.18951174137B50A34417294109A3E9C8.e.7879","ELEMENT":"f.C3E96304196E694327087280E5B350FD.d.18951174137B50A34417294109A3E9C8.e.7879"}]}
COMMAND: GET /session/bb1834e335885f2b4fe4c5c01cc3b2b8/element/f.C3E96304196E694327087280E5B350FD.d.18951174137B50A34417294109A3E9C8.e.7878/attribute/aria-checked - {}
COMMAND: GET /session/bb1834e335885f2b4fe4c5c01cc3b2b8/screenshot - {}
RESULT: {}
COMMAND: POST /session/bb1834e335885f2b4fe4c5c01cc3b2b8/element - {"using":"xpath","value":"//table[contains(@id, \"listView-innerSelectionPanelTable-listUl\")]/tbody/tr[21]/td[2]/div/div"}
COMMAND: POST /session/bb1834e335885f2b4fe4c5c01cc3b2b8/element/f.C3E96304196E694327087280E5B350FD.d.18951174137B50A34417294109A3E9C8.e.7877/click - {}
RESULT: {}
RESULT: {"using":"xpath","value":"//table[contains(@id, \"listView-innerSelectionPanelTable-listUl\")]/tbody/tr[21]/td[2]/div/div"}
COMMAND: POST /session/bb1834e335885f2b4fe4c5c01cc3b2b8/element - {"using":"xpath","value":"//table[contains(@id, \"listView-innerSelectionPanelTable-listUl\")]/tbody/tr[21]/td[2]/div"}
RESULT: {}
COMMAND: GET /session/bb1834e335885f2b4fe4c5c01cc3b2b8/screenshot - {}
RESULT: {"using":"xpath","value":"//table[contains(@id, \"listView-innerSelectionPanelTable-listUl\")]/tbody/tr[21]/td[2]/div"}
COMMAND: POST /session/bb1834e335885f2b4fe4c5c01cc3b2b8/element - {"using":"xpath","value":"//table[contains(@id, \"listView-innerSelectionPanelTable-listUl\")]/tbody/tr[21]/td[3]/div/div/span/span[1]/bdi"}
RESULT: {}
RESULT: {"using":"xpath","value":"//table[contains(@id, \"listView-innerSelectionPanelTable-listUl\")]/tbody/tr[21]/td[3]/div/div/span/span[1]/bdi"}
COMMAND: POST /session/bb1834e335885f2b4fe4c5c01cc3b2b8/execute/sync - {"script":"<script> [56 bytes]","args":[{"element-6066-11e4-a52e-4f735466cecf":"f.C3E96304196E694327087280E5B350FD.d.18951174137B50A34417294109A3E9C8.e.7885","ELEMENT":"f.C3E96304196E694327087280E5B350FD.d.18951174137B50A34417294109A3E9C8.e.7885"}]}
RESULT: {"script":"<script> [56 bytes]","args":[{"element-6066-11e4-a52e-4f735466cecf":"f.C3E96304196E694327087280E5B350FD.d.18951174137B50A34417294109A3E9C8.e.7885","ELEMENT":"f.C3E96304196E694327087280E5B350FD.d.18951174137B50A34417294109A3E9C8.e.7885"}]}
COMMAND: GET /session/bb1834e335885f2b4fe4c5c01cc3b2b8/element/f.C3E96304196E694327087280E5B350FD.d.18951174137B50A34417294109A3E9C8.e.7884/attribute/aria-checked - {}
COMMAND: GET /session/bb1834e335885f2b4fe4c5c01cc3b2b8/screenshot - {}
RESULT: {}
COMMAND: POST /session/bb1834e335885f2b4fe4c5c01cc3b2b8/element - {"using":"xpath","value":"//table[contains(@id, \"listView-innerSelectionPanelTable-listUl\")]/tbody/tr[22]/td[2]/div/div"}
COMMAND: POST /session/bb1834e335885f2b4fe4c5c01cc3b2b8/element/f.C3E96304196E694327087280E5B350FD.d.18951174137B50A34417294109A3E9C8.e.7880/click - {}
RESULT: {}
RESULT: {"using":"xpath","value":"//table[contains(@id, \"listView-innerSelectionPanelTable-listUl\")]/tbody/tr[22]/td[2]/div/div"}
COMMAND: POST /session/bb1834e335885f2b4fe4c5c01cc3b2b8/element - {"using":"xpath","value":"//table[contains(@id, \"listView-innerSelectionPanelTable-listUl\")]/tbody/tr[22]/td[2]/div"}
RESULT: {}
COMMAND: GET /session/bb1834e335885f2b4fe4c5c01cc3b2b8/screenshot - {}
RESULT: {"using":"xpath","value":"//table[contains(@id, \"listView-innerSelectionPanelTable-listUl\")]/tbody/tr[22]/td[2]/div"}
COMMAND: POST /session/bb1834e335885f2b4fe4c5c01cc3b2b8/element - {"using":"xpath","value":"//table[contains(@id, \"listView-innerSelectionPanelTable-listUl\")]/tbody/tr[22]/td[3]/div/div/span/span[1]/bdi"}
RESULT: {}
RESULT: {"using":"xpath","value":"//table[contains(@id, \"listView-innerSelectionPanelTable-listUl\")]/tbody/tr[22]/td[3]/div/div/span/span[1]/bdi"}
COMMAND: POST /session/bb1834e335885f2b4fe4c5c01cc3b2b8/execute/sync - {"script":"<script> [56 bytes]","args":[{"element-6066-11e4-a52e-4f735466cecf":"f.C3E96304196E694327087280E5B350FD.d.18951174137B50A34417294109A3E9C8.e.7889","ELEMENT":"f.C3E96304196E694327087280E5B350FD.d.18951174137B50A34417294109A3E9C8.e.7889"}]}
RESULT: {"script":"<script> [56 bytes]","args":[{"element-6066-11e4-a52e-4f735466cecf":"f.C3E96304196E694327087280E5B350FD.d.18951174137B50A34417294109A3E9C8.e.7889","ELEMENT":"f.C3E96304196E694327087280E5B350FD.d.18951174137B50A34417294109A3E9C8.e.7889"}]}
COMMAND: GET /session/bb1834e335885f2b4fe4c5c01cc3b2b8/element/f.C3E96304196E694327087280E5B350FD.d.18951174137B50A34417294109A3E9C8.e.7888/attribute/aria-checked - {}
COMMAND: GET /session/bb1834e335885f2b4fe4c5c01cc3b2b8/screenshot - {}
RESULT: {}
COMMAND: POST /session/bb1834e335885f2b4fe4c5c01cc3b2b8/element - {"using":"xpath","value":"//table[contains(@id, \"listView-innerSelectionPanelTable-listUl\")]/tbody/tr[23]/td[2]/div/div"}
RESULT: {}
RESULT: {"using":"xpath","value":"//table[contains(@id, \"listView-innerSelectionPanelTable-listUl\")]/tbody/tr[23]/td[2]/div/div"}
COMMAND: POST /session/bb1834e335885f2b4fe4c5c01cc3b2b8/element - {"using":"xpath","value":"//table[contains(@id, \"listView-innerSelectionPanelTable-listUl\")]/tbody/tr[23]/td[2]/div"}
RESULT: {"using":"xpath","value":"//table[contains(@id, \"listView-innerSelectionPanelTable-listUl\")]/tbody/tr[23]/td[2]/div"}
COMMAND: POST /session/bb1834e335885f2b4fe4c5c01cc3b2b8/element - {"using":"xpath","value":"//table[contains(@id, \"listView-innerSelectionPanelTable-listUl\")]/tbody/tr[23]/td[3]/div/div/span/span[1]/bdi"}
RESULT: {"using":"xpath","value":"//table[contains(@id, \"listView-innerSelectionPanelTable-listUl\")]/tbody/tr[23]/td[3]/div/div/span/span[1]/bdi"}
COMMAND: POST /session/bb1834e335885f2b4fe4c5c01cc3b2b8/execute/sync - {"script":"<script> [56 bytes]","args":[{"element-6066-11e4-a52e-4f735466cecf":"f.C3E96304196E694327087280E5B350FD.d.18951174137B50A34417294109A3E9C8.e.7892","ELEMENT":"f.C3E96304196E694327087280E5B350FD.d.18951174137B50A34417294109A3E9C8.e.7892"}]}
RESULT: {"script":"<script> [56 bytes]","args":[{"element-6066-11e4-a52e-4f735466cecf":"f.C3E96304196E694327087280E5B350FD.d.18951174137B50A34417294109A3E9C8.e.7892","ELEMENT":"f.C3E96304196E694327087280E5B350FD.d.18951174137B50A34417294109A3E9C8.e.7892"}]}
COMMAND: GET /session/bb1834e335885f2b4fe4c5c01cc3b2b8/element/f.C3E96304196E694327087280E5B350FD.d.18951174137B50A34417294109A3E9C8.e.7891/attribute/aria-checked - {}
COMMAND: GET /session/bb1834e335885f2b4fe4c5c01cc3b2b8/screenshot - {}
RESULT: {}
COMMAND: POST /session/bb1834e335885f2b4fe4c5c01cc3b2b8/element - {"using":"xpath","value":"//table[contains(@id, \"listView-innerSelectionPanelTable-listUl\")]/tbody/tr[24]/td[2]/div/div"}
RESULT: {}
RESULT: {"using":"xpath","value":"//table[contains(@id, \"listView-innerSelectionPanelTable-listUl\")]/tbody/tr[24]/td[2]/div/div"}
COMMAND: POST /session/bb1834e335885f2b4fe4c5c01cc3b2b8/element - {"using":"xpath","value":"//table[contains(@id, \"listView-innerSelectionPanelTable-listUl\")]/tbody/tr[24]/td[2]/div"}
RESULT: {"using":"xpath","value":"//table[contains(@id, \"listView-innerSelectionPanelTable-listUl\")]/tbody/tr[24]/td[2]/div"}
COMMAND: POST /session/bb1834e335885f2b4fe4c5c01cc3b2b8/element - {"using":"xpath","value":"//table[contains(@id, \"listView-innerSelectionPanelTable-listUl\")]/tbody/tr[24]/td[3]/div/div/span/span[1]/bdi"}
RESULT: {"using":"xpath","value":"//table[contains(@id, \"listView-innerSelectionPanelTable-listUl\")]/tbody/tr[24]/td[3]/div/div/span/span[1]/bdi"}
COMMAND: POST /session/bb1834e335885f2b4fe4c5c01cc3b2b8/execute/sync - {"script":"<script> [56 bytes]","args":[{"element-6066-11e4-a52e-4f735466cecf":"f.C3E96304196E694327087280E5B350FD.d.18951174137B50A34417294109A3E9C8.e.7895","ELEMENT":"f.C3E96304196E694327087280E5B350FD.d.18951174137B50A34417294109A3E9C8.e.7895"}]}
RESULT: {"script":"<script> [56 bytes]","args":[{"element-6066-11e4-a52e-4f735466cecf":"f.C3E96304196E694327087280E5B350FD.d.18951174137B50A34417294109A3E9C8.e.7895","ELEMENT":"f.C3E96304196E694327087280E5B350FD.d.18951174137B50A34417294109A3E9C8.e.7895"}]}
COMMAND: GET /session/bb1834e335885f2b4fe4c5c01cc3b2b8/element/f.C3E96304196E694327087280E5B350FD.d.18951174137B50A34417294109A3E9C8.e.7894/attribute/aria-checked - {}
COMMAND: GET /session/bb1834e335885f2b4fe4c5c01cc3b2b8/screenshot - {}
RESULT: {}
COMMAND: POST /session/bb1834e335885f2b4fe4c5c01cc3b2b8/element - {"using":"xpath","value":"//table[contains(@id, \"listView-innerSelectionPanelTable-listUl\")]/tbody/tr[25]/td[2]/div/div"}
RESULT: {}
RESULT: {"using":"xpath","value":"//table[contains(@id, \"listView-innerSelectionPanelTable-listUl\")]/tbody/tr[25]/td[2]/div/div"}
COMMAND: POST /session/bb1834e335885f2b4fe4c5c01cc3b2b8/element - {"using":"xpath","value":"//table[contains(@id, \"listView-innerSelectionPanelTable-listUl\")]/tbody/tr[25]/td[2]/div"}
RESULT: {"using":"xpath","value":"//table[contains(@id, \"listView-innerSelectionPanelTable-listUl\")]/tbody/tr[25]/td[2]/div"}
COMMAND: POST /session/bb1834e335885f2b4fe4c5c01cc3b2b8/element - {"using":"xpath","value":"//table[contains(@id, \"listView-innerSelectionPanelTable-listUl\")]/tbody/tr[25]/td[3]/div/div/span/span[1]/bdi"}
RESULT: {"using":"xpath","value":"//table[contains(@id, \"listView-innerSelectionPanelTable-listUl\")]/tbody/tr[25]/td[3]/div/div/span/span[1]/bdi"}
COMMAND: POST /session/bb1834e335885f2b4fe4c5c01cc3b2b8/execute/sync - {"script":"<script> [56 bytes]","args":[{"element-6066-11e4-a52e-4f735466cecf":"f.C3E96304196E694327087280E5B350FD.d.18951174137B50A34417294109A3E9C8.e.7898","ELEMENT":"f.C3E96304196E694327087280E5B350FD.d.18951174137B50A34417294109A3E9C8.e.7898"}]}
RESULT: {"script":"<script> [56 bytes]","args":[{"element-6066-11e4-a52e-4f735466cecf":"f.C3E96304196E694327087280E5B350FD.d.18951174137B50A34417294109A3E9C8.e.7898","ELEMENT":"f.C3E96304196E694327087280E5B350FD.d.18951174137B50A34417294109A3E9C8.e.7898"}]}
COMMAND: GET /session/bb1834e335885f2b4fe4c5c01cc3b2b8/element/f.C3E96304196E694327087280E5B350FD.d.18951174137B50A34417294109A3E9C8.e.7897/attribute/aria-checked - {}
COMMAND: GET /session/bb1834e335885f2b4fe4c5c01cc3b2b8/screenshot - {}
RESULT: {}
COMMAND: POST /session/bb1834e335885f2b4fe4c5c01cc3b2b8/element - {"using":"xpath","value":"//bdi[contains(text(), \"OK\")]"}
RESULT: {}
RESULT: {"using":"xpath","value":"//bdi[contains(text(), \"OK\")]"}
COMMAND: POST /session/bb1834e335885f2b4fe4c5c01cc3b2b8/element/f.C3E96304196E694327087280E5B350FD.d.18951174137B50A34417294109A3E9C8.e.7899/click - {}
RESULT: {}
COMMAND: GET /session/bb1834e335885f2b4fe4c5c01cc3b2b8/screenshot - {}
RESULT: {}
COMMAND: POST /session/bb1834e335885f2b4fe4c5c01cc3b2b8/execute/async - {"script":"<script> [1562 bytes]","args":[{"selector":{"id":"application-managepartners-display-component---masterPtm--smartFilterBar-filterItemControlA_-LINK_TO_ADDRESSES_MAIN.ID-vhi"},"wdio_ui5_key":"applicationmanagepartners-display-component---masterPtm--smartFilterBar-filterItemControlA_-LINK_TO_ADDRESSES_MAIN.ID-vhi"}]}
RESULT: {"script":"<script> [1562 bytes]","args":[{"selector":{"id":"application-managepartners-display-component---masterPtm--smartFilterBar-filterItemControlA_-LINK_TO_ADDRESSES_MAIN.ID-vhi"},"wdio_ui5_key":"applicationmanagepartners-display-component---masterPtm--smartFilterBar-filterItemControlA_-LINK_TO_ADDRESSES_MAIN.ID-vhi"}]}
RESULT: undefined
COMMAND: POST /session/bb1834e335885f2b4fe4c5c01cc3b2b8/element - {"using":"xpath","value":"//*[@id=\"application-managepartners-display-component---masterPtm--smartFilterBar-filterItemControlA_-LINK_TO_ADDRESSES_MAIN.ID-vhi\"]"}
RESULT: {"using":"xpath","value":"//*[@id=\"application-managepartners-display-component---masterPtm--smartFilterBar-filterItemControlA_-LINK_TO_ADDRESSES_MAIN.ID-vhi\"]"}
COMMAND: POST /session/bb1834e335885f2b4fe4c5c01cc3b2b8/element/f.C3E96304196E694327087280E5B350FD.d.18951174137B50A34417294109A3E9C8.e.7912/click - {}
RESULT: {}
COMMAND: GET /session/bb1834e335885f2b4fe4c5c01cc3b2b8/screenshot - {}
RESULT: {}
COMMAND: POST /session/bb1834e335885f2b4fe4c5c01cc3b2b8/element - {"using":"xpath","value":"//div[input[@value=\"contains\"]]//span[contains(@id, \"arrow\")]"}
RESULT: {"using":"xpath","value":"//div[input[@value=\"contains\"]]//span[contains(@id, \"arrow\")]"}
COMMAND: POST /session/bb1834e335885f2b4fe4c5c01cc3b2b8/element/f.C3E96304196E694327087280E5B350FD.d.18951174137B50A34417294109A3E9C8.e.7917/click - {}
RESULT: {}
COMMAND: GET /session/bb1834e335885f2b4fe4c5c01cc3b2b8/screenshot - {}
RESULT: {}
COMMAND: POST /session/bb1834e335885f2b4fe4c5c01cc3b2b8/element - {"using":"xpath","value":"//li[.//span[text()='equal to']]"}
RESULT: {"using":"xpath","value":"//li[.//span[text()='equal to']]"}
COMMAND: POST /session/bb1834e335885f2b4fe4c5c01cc3b2b8/element/f.C3E96304196E694327087280E5B350FD.d.18951174137B50A34417294109A3E9C8.e.7918/click - {}
RESULT: {}
COMMAND: GET /session/bb1834e335885f2b4fe4c5c01cc3b2b8/screenshot - {}
RESULT: {}
RESULT: undefined
COMMAND: POST /session/bb1834e335885f2b4fe4c5c01cc3b2b8/execute/async - {"script":"<script> [776 bytes]","args":[{"enterText":"1006","selector":{"controlType":"sap.m.Input","viewName":"etm.portal.ui.managepartners.view.Master","viewId":"application-managepartners-display-component---masterPtm","properties":{"valueState":"None"},"searchOpenDialogs":true,"interaction":{"idSuffix":"inner"}},"clearTextFirst":true,"interactionType":"ENTER_TEXT"}]}
RESULT: {"script":"<script> [776 bytes]","args":[{"enterText":"1006","selector":{"controlType":"sap.m.Input","viewName":"etm.portal.ui.managepartners.view.Master","viewId":"application-managepartners-display-component---masterPtm","properties":{"valueState":"None"},"searchOpenDialogs":true,"interaction":{"idSuffix":"inner"}},"clearTextFirst":true,"interactionType":"ENTER_TEXT"}]}
COMMAND: POST /session/bb1834e335885f2b4fe4c5c01cc3b2b8/actions - {"actions":[{"id":"action22","type":"key","parameters":{},"actions":[{"type":"keyDown","value":""},{"type":"pause","duration":10},{"type":"keyUp","value":""}]}]}
RESULT: {"actions":[{"id":"action22","type":"key","parameters":{},"actions":[{"type":"keyDown","value":""},{"type":"pause","duration":10},{"type":"keyUp","value":""}]}]}
COMMAND: GET /session/bb1834e335885f2b4fe4c5c01cc3b2b8/screenshot - {}
RESULT: {}
COMMAND: POST /session/bb1834e335885f2b4fe4c5c01cc3b2b8/element - {"using":"xpath","value":"(//bdi[contains(text(), \"OK\")])[1]"}
RESULT: {"using":"xpath","value":"(//bdi[contains(text(), \"OK\")])[1]"}
COMMAND: POST /session/bb1834e335885f2b4fe4c5c01cc3b2b8/element/f.C3E96304196E694327087280E5B350FD.d.18951174137B50A34417294109A3E9C8.e.7919/click - {}
RESULT: {}
COMMAND: GET /session/bb1834e335885f2b4fe4c5c01cc3b2b8/screenshot - {}
RESULT: {}
COMMAND: POST /session/bb1834e335885f2b4fe4c5c01cc3b2b8/element - {"using":"xpath","value":"//span[@id=\"application-managepartners-display-component---masterPtm--smartTable-header-inner\"]"}
RESULT: {"using":"xpath","value":"//span[@id=\"application-managepartners-display-component---masterPtm--smartTable-header-inner\"]"}
COMMAND: POST /session/bb1834e335885f2b4fe4c5c01cc3b2b8/elements - {"using":"xpath","value":"//span[@id=\"application-managepartners-display-component---masterPtm--smartTable-header-inner\"]"}
RESULT: {"using":"xpath","value":"//span[@id=\"application-managepartners-display-component---masterPtm--smartTable-header-inner\"]"}
COMMAND: POST /session/bb1834e335885f2b4fe4c5c01cc3b2b8/execute/sync - {"script":"<script> [56 bytes]","args":[{"element-6066-11e4-a52e-4f735466cecf":"f.C3E96304196E694327087280E5B350FD.d.18951174137B50A34417294109A3E9C8.e.7757","ELEMENT":"f.C3E96304196E694327087280E5B350FD.d.18951174137B50A34417294109A3E9C8.e.7757"}]}
RESULT: {"script":"<script> [56 bytes]","args":[{"element-6066-11e4-a52e-4f735466cecf":"f.C3E96304196E694327087280E5B350FD.d.18951174137B50A34417294109A3E9C8.e.7757","ELEMENT":"f.C3E96304196E694327087280E5B350FD.d.18951174137B50A34417294109A3E9C8.e.7757"}]}
COMMAND: POST /session/bb1834e335885f2b4fe4c5c01cc3b2b8/element - {"using":"xpath","value":"//span[contains(@title, \"Remove\")]"}
COMMAND: GET /session/bb1834e335885f2b4fe4c5c01cc3b2b8/screenshot - {}
RESULT: {"using":"xpath","value":"//span[contains(@title, \"Remove\")]"}
COMMAND: POST /session/bb1834e335885f2b4fe4c5c01cc3b2b8/element/f.C3E96304196E694327087280E5B350FD.d.18951174137B50A34417294109A3E9C8.e.7924/click - {}
RESULT: {}
RESULT: {}
COMMAND: GET /session/bb1834e335885f2b4fe4c5c01cc3b2b8/screenshot - {}
RESULT: {}
RESULT: undefined
COMMAND: POST /session/bb1834e335885f2b4fe4c5c01cc3b2b8/element - {"using":"xpath","value":"//*[@id=\"application-managepartners-display-component---masterPtm--smartFilterBar-filterItemControl_BASIC-YARD-vhi\"]"}
RESULT: {"using":"xpath","value":"//*[@id=\"application-managepartners-display-component---masterPtm--smartFilterBar-filterItemControl_BASIC-YARD-vhi\"]"}
COMMAND: POST /session/bb1834e335885f2b4fe4c5c01cc3b2b8/element/f.C3E96304196E694327087280E5B350FD.d.18951174137B50A34417294109A3E9C8.e.8028/click - {}
RESULT: {}
COMMAND: GET /session/bb1834e335885f2b4fe4c5c01cc3b2b8/screenshot - {}
RESULT: {}
RESULT: undefined
COMMAND: POST /session/bb1834e335885f2b4fe4c5c01cc3b2b8/execute/async - {"script":"<script> [776 bytes]","args":[{"enterText":"Test","selector":{"id":"application-managepartners-display-component---masterPtm--smartFilterBar-filterItemControl_BASIC-YARD-valueHelpDialog-smartFilterBar-btnBasicSearch","searchOpenDialogs":true,"interaction":{"idSuffix":"I"}},"clearTextFirst":true,"interactionType":"ENTER_TEXT"}]}
RESULT: {"script":"<script> [776 bytes]","args":[{"enterText":"Test","selector":{"id":"application-managepartners-display-component---masterPtm--smartFilterBar-filterItemControl_BASIC-YARD-valueHelpDialog-smartFilterBar-btnBasicSearch","searchOpenDialogs":true,"interaction":{"idSuffix":"I"}},"clearTextFirst":true,"interactionType":"ENTER_TEXT"}]}
COMMAND: POST /session/bb1834e335885f2b4fe4c5c01cc3b2b8/actions - {"actions":[{"id":"action23","type":"key","parameters":{},"actions":[{"type":"keyDown","value":""},{"type":"pause","duration":10},{"type":"keyUp","value":""}]}]}
RESULT: {"actions":[{"id":"action23","type":"key","parameters":{},"actions":[{"type":"keyDown","value":""},{"type":"pause","duration":10},{"type":"keyUp","value":""}]}]}
COMMAND: POST /session/bb1834e335885f2b4fe4c5c01cc3b2b8/elements - {"using":"xpath","value":"//table[contains(@id, \"smartFilterBar-filterItemControl_BASIC-YARD-valueHelpDialog-table-table\")]/tbody/tr"}
COMMAND: GET /session/bb1834e335885f2b4fe4c5c01cc3b2b8/screenshot - {}
RESULT: {"using":"xpath","value":"//table[contains(@id, \"smartFilterBar-filterItemControl_BASIC-YARD-valueHelpDialog-table-table\")]/tbody/tr"}
COMMAND: POST /session/bb1834e335885f2b4fe4c5c01cc3b2b8/element - {"using":"xpath","value":"//table[contains(@id, \"smartFilterBar-filterItemControl_BASIC-YARD-valueHelpDialog-table-table\")]/tbody/tr[1]/td[1]/div/span"}
RESULT: {}
RESULT: {"using":"xpath","value":"//table[contains(@id, \"smartFilterBar-filterItemControl_BASIC-YARD-valueHelpDialog-table-table\")]/tbody/tr[1]/td[1]/div/span"}
COMMAND: POST /session/bb1834e335885f2b4fe4c5c01cc3b2b8/elements - {"using":"xpath","value":"//table[contains(@id, \"smartFilterBar-filterItemControl_BASIC-YARD-valueHelpDialog-table-table\")]/tbody/tr[1]/td[1]/div/span"}
RESULT: {"using":"xpath","value":"//table[contains(@id, \"smartFilterBar-filterItemControl_BASIC-YARD-valueHelpDialog-table-table\")]/tbody/tr[1]/td[1]/div/span"}
COMMAND: POST /session/bb1834e335885f2b4fe4c5c01cc3b2b8/execute/sync - {"script":"<script> [56 bytes]","args":[{"element-6066-11e4-a52e-4f735466cecf":"f.C3E96304196E694327087280E5B350FD.d.18951174137B50A34417294109A3E9C8.e.8047","ELEMENT":"f.C3E96304196E694327087280E5B350FD.d.18951174137B50A34417294109A3E9C8.e.8047"}]}
RESULT: {"script":"<script> [56 bytes]","args":[{"element-6066-11e4-a52e-4f735466cecf":"f.C3E96304196E694327087280E5B350FD.d.18951174137B50A34417294109A3E9C8.e.8047","ELEMENT":"f.C3E96304196E694327087280E5B350FD.d.18951174137B50A34417294109A3E9C8.e.8047"}]}
COMMAND: POST /session/bb1834e335885f2b4fe4c5c01cc3b2b8/element - {"using":"xpath","value":"//table[contains(@id, \"smartFilterBar-filterItemControl_BASIC-YARD-valueHelpDialog-table-table\")]/tbody/tr[2]/td[1]/div/span"}
COMMAND: GET /session/bb1834e335885f2b4fe4c5c01cc3b2b8/screenshot - {}
RESULT: {"using":"xpath","value":"//table[contains(@id, \"smartFilterBar-filterItemControl_BASIC-YARD-valueHelpDialog-table-table\")]/tbody/tr[2]/td[1]/div/span"}
COMMAND: POST /session/bb1834e335885f2b4fe4c5c01cc3b2b8/elements - {"using":"xpath","value":"//table[contains(@id, \"smartFilterBar-filterItemControl_BASIC-YARD-valueHelpDialog-table-table\")]/tbody/tr[2]/td[1]/div/span"}
RESULT: {}
RESULT: {"using":"xpath","value":"//table[contains(@id, \"smartFilterBar-filterItemControl_BASIC-YARD-valueHelpDialog-table-table\")]/tbody/tr[2]/td[1]/div/span"}
COMMAND: POST /session/bb1834e335885f2b4fe4c5c01cc3b2b8/execute/sync - {"script":"<script> [56 bytes]","args":[{"element-6066-11e4-a52e-4f735466cecf":"f.C3E96304196E694327087280E5B350FD.d.18951174137B50A34417294109A3E9C8.e.8048","ELEMENT":"f.C3E96304196E694327087280E5B350FD.d.18951174137B50A34417294109A3E9C8.e.8048"}]}
RESULT: {"script":"<script> [56 bytes]","args":[{"element-6066-11e4-a52e-4f735466cecf":"f.C3E96304196E694327087280E5B350FD.d.18951174137B50A34417294109A3E9C8.e.8048","ELEMENT":"f.C3E96304196E694327087280E5B350FD.d.18951174137B50A34417294109A3E9C8.e.8048"}]}
COMMAND: POST /session/bb1834e335885f2b4fe4c5c01cc3b2b8/element - {"using":"xpath","value":"//table[contains(@id, \"smartFilterBar-filterItemControl_BASIC-YARD-valueHelpDialog-table-table\")]/tbody/tr[3]/td[1]/div/span"}
COMMAND: GET /session/bb1834e335885f2b4fe4c5c01cc3b2b8/screenshot - {}
RESULT: {"using":"xpath","value":"//table[contains(@id, \"smartFilterBar-filterItemControl_BASIC-YARD-valueHelpDialog-table-table\")]/tbody/tr[3]/td[1]/div/span"}
COMMAND: POST /session/bb1834e335885f2b4fe4c5c01cc3b2b8/elements - {"using":"xpath","value":"//table[contains(@id, \"smartFilterBar-filterItemControl_BASIC-YARD-valueHelpDialog-table-table\")]/tbody/tr[3]/td[1]/div/span"}
RESULT: {}
RESULT: {"using":"xpath","value":"//table[contains(@id, \"smartFilterBar-filterItemControl_BASIC-YARD-valueHelpDialog-table-table\")]/tbody/tr[3]/td[1]/div/span"}
COMMAND: POST /session/bb1834e335885f2b4fe4c5c01cc3b2b8/execute/sync - {"script":"<script> [56 bytes]","args":[{"element-6066-11e4-a52e-4f735466cecf":"f.C3E96304196E694327087280E5B350FD.d.18951174137B50A34417294109A3E9C8.e.8049","ELEMENT":"f.C3E96304196E694327087280E5B350FD.d.18951174137B50A34417294109A3E9C8.e.8049"}]}
RESULT: {"script":"<script> [56 bytes]","args":[{"element-6066-11e4-a52e-4f735466cecf":"f.C3E96304196E694327087280E5B350FD.d.18951174137B50A34417294109A3E9C8.e.8049","ELEMENT":"f.C3E96304196E694327087280E5B350FD.d.18951174137B50A34417294109A3E9C8.e.8049"}]}
COMMAND: POST /session/bb1834e335885f2b4fe4c5c01cc3b2b8/element - {"using":"xpath","value":"//div[contains(@id, \"filterItemControl_BASIC-YARD-valueHelpDialog-table-rowsel2\")]"}
COMMAND: GET /session/bb1834e335885f2b4fe4c5c01cc3b2b8/screenshot - {}
RESULT: {"using":"xpath","value":"//div[contains(@id, \"filterItemControl_BASIC-YARD-valueHelpDialog-table-rowsel2\")]"}
COMMAND: POST /session/bb1834e335885f2b4fe4c5c01cc3b2b8/element/f.C3E96304196E694327087280E5B350FD.d.18951174137B50A34417294109A3E9C8.e.8050/click - {}
RESULT: {}
RESULT: {}
COMMAND: GET /session/bb1834e335885f2b4fe4c5c01cc3b2b8/screenshot - {}
RESULT: {}
COMMAND: POST /session/bb1834e335885f2b4fe4c5c01cc3b2b8/element - {"using":"xpath","value":"(//bdi[contains(text(), \"OK\")])[1]"}
RESULT: {"using":"xpath","value":"(//bdi[contains(text(), \"OK\")])[1]"}
COMMAND: POST /session/bb1834e335885f2b4fe4c5c01cc3b2b8/element/f.C3E96304196E694327087280E5B350FD.d.18951174137B50A34417294109A3E9C8.e.8052/click - {}
RESULT: {}
COMMAND: GET /session/bb1834e335885f2b4fe4c5c01cc3b2b8/screenshot - {}
RESULT: {}
COMMAND: POST /session/bb1834e335885f2b4fe4c5c01cc3b2b8/element - {"using":"xpath","value":"//span[@id=\"application-managepartners-display-component---masterPtm--smartTable-header-inner\"]"}
RESULT: {"using":"xpath","value":"//span[@id=\"application-managepartners-display-component---masterPtm--smartTable-header-inner\"]"}
COMMAND: POST /session/bb1834e335885f2b4fe4c5c01cc3b2b8/elements - {"using":"xpath","value":"//span[@id=\"application-managepartners-display-component---masterPtm--smartTable-header-inner\"]"}
RESULT: {"using":"xpath","value":"//span[@id=\"application-managepartners-display-component---masterPtm--smartTable-header-inner\"]"}
COMMAND: POST /session/bb1834e335885f2b4fe4c5c01cc3b2b8/execute/sync - {"script":"<script> [56 bytes]","args":[{"element-6066-11e4-a52e-4f735466cecf":"f.C3E96304196E694327087280E5B350FD.d.18951174137B50A34417294109A3E9C8.e.7757","ELEMENT":"f.C3E96304196E694327087280E5B350FD.d.18951174137B50A34417294109A3E9C8.e.7757"}]}
RESULT: {"script":"<script> [56 bytes]","args":[{"element-6066-11e4-a52e-4f735466cecf":"f.C3E96304196E694327087280E5B350FD.d.18951174137B50A34417294109A3E9C8.e.7757","ELEMENT":"f.C3E96304196E694327087280E5B350FD.d.18951174137B50A34417294109A3E9C8.e.7757"}]}
COMMAND: POST /session/bb1834e335885f2b4fe4c5c01cc3b2b8/element - {"using":"xpath","value":"//span[contains(@title, \"Remove\")]"}
COMMAND: GET /session/bb1834e335885f2b4fe4c5c01cc3b2b8/screenshot - {}
RESULT: {"using":"xpath","value":"//span[contains(@title, \"Remove\")]"}
COMMAND: POST /session/bb1834e335885f2b4fe4c5c01cc3b2b8/element/f.C3E96304196E694327087280E5B350FD.d.18951174137B50A34417294109A3E9C8.e.8065/click - {}
RESULT: {}
RESULT: {}
COMMAND: GET /session/bb1834e335885f2b4fe4c5c01cc3b2b8/screenshot - {}
RESULT: undefined
COMMAND: POST /session/bb1834e335885f2b4fe4c5c01cc3b2b8/element - {"using":"xpath","value":"//*[@id=\"application-managepartners-display-component---masterPtm--smartFilterBar-filterItemControl_BASIC-MAIN_ADDRESS-vhi\"]"}
RESULT: {}
RESULT: {"using":"xpath","value":"//*[@id=\"application-managepartners-display-component---masterPtm--smartFilterBar-filterItemControl_BASIC-MAIN_ADDRESS-vhi\"]"}
COMMAND: POST /session/bb1834e335885f2b4fe4c5c01cc3b2b8/element/f.C3E96304196E694327087280E5B350FD.d.18951174137B50A34417294109A3E9C8.e.8168/click - {}
RESULT: {}
COMMAND: GET /session/bb1834e335885f2b4fe4c5c01cc3b2b8/screenshot - {}
RESULT: {}
RESULT: undefined
COMMAND: POST /session/bb1834e335885f2b4fe4c5c01cc3b2b8/execute/async - {"script":"<script> [776 bytes]","args":[{"enterText":"Romania","selector":{"id":"application-managepartners-display-component---masterPtm--smartFilterBar-filterItemControl_BASIC-MAIN_ADDRESS-valueHelpDialog-smartFilterBar-btnBasicSearch","searchOpenDialogs":true,"interaction":{"idSuffix":"I"}},"clearTextFirst":true,"interactionType":"ENTER_TEXT"}]}
RESULT: {"script":"<script> [776 bytes]","args":[{"enterText":"Romania","selector":{"id":"application-managepartners-display-component---masterPtm--smartFilterBar-filterItemControl_BASIC-MAIN_ADDRESS-valueHelpDialog-smartFilterBar-btnBasicSearch","searchOpenDialogs":true,"interaction":{"idSuffix":"I"}},"clearTextFirst":true,"interactionType":"ENTER_TEXT"}]}
COMMAND: POST /session/bb1834e335885f2b4fe4c5c01cc3b2b8/actions - {"actions":[{"id":"action24","type":"key","parameters":{},"actions":[{"type":"keyDown","value":""},{"type":"pause","duration":10},{"type":"keyUp","value":""}]}]}
RESULT: {"actions":[{"id":"action24","type":"key","parameters":{},"actions":[{"type":"keyDown","value":""},{"type":"pause","duration":10},{"type":"keyUp","value":""}]}]}
COMMAND: POST /session/bb1834e335885f2b4fe4c5c01cc3b2b8/elements - {"using":"xpath","value":"//table[contains(@id, \"smartFilterBar-filterItemControl_BASIC-MAIN_ADDRESS-valueHelpDialog-table-table\")]/tbody/tr"}
COMMAND: GET /session/bb1834e335885f2b4fe4c5c01cc3b2b8/screenshot - {}
RESULT: {"using":"xpath","value":"//table[contains(@id, \"smartFilterBar-filterItemControl_BASIC-MAIN_ADDRESS-valueHelpDialog-table-table\")]/tbody/tr"}
COMMAND: POST /session/bb1834e335885f2b4fe4c5c01cc3b2b8/element - {"using":"xpath","value":"//table[contains(@id, \"smartFilterBar-filterItemControl_BASIC-MAIN_ADDRESS-valueHelpDialog-table-table\")]/tbody/tr[1]/td[1]/div/span"}
RESULT: {}
RESULT: {"using":"xpath","value":"//table[contains(@id, \"smartFilterBar-filterItemControl_BASIC-MAIN_ADDRESS-valueHelpDialog-table-table\")]/tbody/tr[1]/td[1]/div/span"}
COMMAND: POST /session/bb1834e335885f2b4fe4c5c01cc3b2b8/elements - {"using":"xpath","value":"//table[contains(@id, \"smartFilterBar-filterItemControl_BASIC-MAIN_ADDRESS-valueHelpDialog-table-table\")]/tbody/tr[1]/td[1]/div/span"}
RESULT: {"using":"xpath","value":"//table[contains(@id, \"smartFilterBar-filterItemControl_BASIC-MAIN_ADDRESS-valueHelpDialog-table-table\")]/tbody/tr[1]/td[1]/div/span"}
COMMAND: POST /session/bb1834e335885f2b4fe4c5c01cc3b2b8/execute/sync - {"script":"<script> [56 bytes]","args":[{"element-6066-11e4-a52e-4f735466cecf":"f.C3E96304196E694327087280E5B350FD.d.18951174137B50A34417294109A3E9C8.e.8188","ELEMENT":"f.C3E96304196E694327087280E5B350FD.d.18951174137B50A34417294109A3E9C8.e.8188"}]}
RESULT: {"script":"<script> [56 bytes]","args":[{"element-6066-11e4-a52e-4f735466cecf":"f.C3E96304196E694327087280E5B350FD.d.18951174137B50A34417294109A3E9C8.e.8188","ELEMENT":"f.C3E96304196E694327087280E5B350FD.d.18951174137B50A34417294109A3E9C8.e.8188"}]}
COMMAND: POST /session/bb1834e335885f2b4fe4c5c01cc3b2b8/element - {"using":"xpath","value":"//div[contains(@id, \"filterItemControl_BASIC-MAIN_ADDRESS-valueHelpDialog-table-rowsel0\")]"}
COMMAND: GET /session/bb1834e335885f2b4fe4c5c01cc3b2b8/screenshot - {}
RESULT: {"using":"xpath","value":"//div[contains(@id, \"filterItemControl_BASIC-MAIN_ADDRESS-valueHelpDialog-table-rowsel0\")]"}
COMMAND: POST /session/bb1834e335885f2b4fe4c5c01cc3b2b8/element/f.C3E96304196E694327087280E5B350FD.d.18951174137B50A34417294109A3E9C8.e.8189/click - {}
RESULT: {}
RESULT: {}
COMMAND: GET /session/bb1834e335885f2b4fe4c5c01cc3b2b8/screenshot - {}
RESULT: {}
COMMAND: POST /session/bb1834e335885f2b4fe4c5c01cc3b2b8/element - {"using":"xpath","value":"(//bdi[contains(text(), \"OK\")])[1]"}
RESULT: {"using":"xpath","value":"(//bdi[contains(text(), \"OK\")])[1]"}
COMMAND: POST /session/bb1834e335885f2b4fe4c5c01cc3b2b8/element/f.C3E96304196E694327087280E5B350FD.d.18951174137B50A34417294109A3E9C8.e.8191/click - {}
RESULT: {}
COMMAND: GET /session/bb1834e335885f2b4fe4c5c01cc3b2b8/screenshot - {}
RESULT: {}
COMMAND: POST /session/bb1834e335885f2b4fe4c5c01cc3b2b8/element - {"using":"xpath","value":"//span[@id=\"application-managepartners-display-component---masterPtm--smartTable-header-inner\"]"}
RESULT: {"using":"xpath","value":"//span[@id=\"application-managepartners-display-component---masterPtm--smartTable-header-inner\"]"}
COMMAND: POST /session/bb1834e335885f2b4fe4c5c01cc3b2b8/elements - {"using":"xpath","value":"//span[@id=\"application-managepartners-display-component---masterPtm--smartTable-header-inner\"]"}
RESULT: {"using":"xpath","value":"//span[@id=\"application-managepartners-display-component---masterPtm--smartTable-header-inner\"]"}
COMMAND: POST /session/bb1834e335885f2b4fe4c5c01cc3b2b8/execute/sync - {"script":"<script> [56 bytes]","args":[{"element-6066-11e4-a52e-4f735466cecf":"f.C3E96304196E694327087280E5B350FD.d.18951174137B50A34417294109A3E9C8.e.7757","ELEMENT":"f.C3E96304196E694327087280E5B350FD.d.18951174137B50A34417294109A3E9C8.e.7757"}]}
RESULT: {"script":"<script> [56 bytes]","args":[{"element-6066-11e4-a52e-4f735466cecf":"f.C3E96304196E694327087280E5B350FD.d.18951174137B50A34417294109A3E9C8.e.7757","ELEMENT":"f.C3E96304196E694327087280E5B350FD.d.18951174137B50A34417294109A3E9C8.e.7757"}]}
COMMAND: POST /session/bb1834e335885f2b4fe4c5c01cc3b2b8/element - {"using":"xpath","value":"//span[contains(@title, \"Remove\")]"}
COMMAND: GET /session/bb1834e335885f2b4fe4c5c01cc3b2b8/screenshot - {}
RESULT: {"using":"xpath","value":"//span[contains(@title, \"Remove\")]"}
COMMAND: POST /session/bb1834e335885f2b4fe4c5c01cc3b2b8/element/f.C3E96304196E694327087280E5B350FD.d.18951174137B50A34417294109A3E9C8.e.8205/click - {}
RESULT: {}
RESULT: {}
COMMAND: GET /session/bb1834e335885f2b4fe4c5c01cc3b2b8/screenshot - {}
COMMAND: POST /session/bb1834e335885f2b4fe4c5c01cc3b2b8/execute/async - {"script":"<script> [1562 bytes]","args":[{"selector":{"id":"application-managepartners-display-component---masterPtm--catalogs-arrow"},"wdio_ui5_key":"applicationmanagepartners-display-component---masterPtm--catalogs-arrow"}]}
RESULT: {}
RESULT: {"script":"<script> [1562 bytes]","args":[{"selector":{"id":"application-managepartners-display-component---masterPtm--catalogs-arrow"},"wdio_ui5_key":"applicationmanagepartners-display-component---masterPtm--catalogs-arrow"}]}
RESULT: undefined
COMMAND: POST /session/bb1834e335885f2b4fe4c5c01cc3b2b8/element - {"using":"xpath","value":"//*[@id=\"application-managepartners-display-component---masterPtm--catalogs-arrow\"]"}
RESULT: {"using":"xpath","value":"//*[@id=\"application-managepartners-display-component---masterPtm--catalogs-arrow\"]"}
COMMAND: POST /session/bb1834e335885f2b4fe4c5c01cc3b2b8/element/f.C3E96304196E694327087280E5B350FD.d.18951174137B50A34417294109A3E9C8.e.8308/click - {}
RESULT: {}
COMMAND: GET /session/bb1834e335885f2b4fe4c5c01cc3b2b8/screenshot - {}
RESULT: {}
COMMAND: POST /session/bb1834e335885f2b4fe4c5c01cc3b2b8/element - {"using":"xpath","value":"//li[.//span[text()=\"Webshop Catalog\"]]//div[contains(@class,\"sapMCbBg\")]"}
RESULT: {"using":"xpath","value":"//li[.//span[text()=\"Webshop Catalog\"]]//div[contains(@class,\"sapMCbBg\")]"}
COMMAND: POST /session/bb1834e335885f2b4fe4c5c01cc3b2b8/element/f.C3E96304196E694327087280E5B350FD.d.18951174137B50A34417294109A3E9C8.e.8322/click - {}
RESULT: {}
COMMAND: GET /session/bb1834e335885f2b4fe4c5c01cc3b2b8/screenshot - {}
RESULT: {}
RESULT: undefined
COMMAND: POST /session/bb1834e335885f2b4fe4c5c01cc3b2b8/element - {"using":"xpath","value":"//*[@id=\"application-managepartners-display-component---masterPtm--catalogs-arrow\"]"}
RESULT: {"using":"xpath","value":"//*[@id=\"application-managepartners-display-component---masterPtm--catalogs-arrow\"]"}
COMMAND: POST /session/bb1834e335885f2b4fe4c5c01cc3b2b8/element/f.C3E96304196E694327087280E5B350FD.d.18951174137B50A34417294109A3E9C8.e.8308/click - {}
RESULT: {}
COMMAND: POST /session/bb1834e335885f2b4fe4c5c01cc3b2b8/element - {"using":"xpath","value":"//span[@id=\"application-managepartners-display-component---masterPtm--smartTable-header-inner\"]"}
COMMAND: GET /session/bb1834e335885f2b4fe4c5c01cc3b2b8/screenshot - {}
RESULT: {"using":"xpath","value":"//span[@id=\"application-managepartners-display-component---masterPtm--smartTable-header-inner\"]"}
COMMAND: POST /session/bb1834e335885f2b4fe4c5c01cc3b2b8/elements - {"using":"xpath","value":"//span[@id=\"application-managepartners-display-component---masterPtm--smartTable-header-inner\"]"}
RESULT: {}
RESULT: {"using":"xpath","value":"//span[@id=\"application-managepartners-display-component---masterPtm--smartTable-header-inner\"]"}
COMMAND: POST /session/bb1834e335885f2b4fe4c5c01cc3b2b8/execute/sync - {"script":"<script> [56 bytes]","args":[{"element-6066-11e4-a52e-4f735466cecf":"f.C3E96304196E694327087280E5B350FD.d.18951174137B50A34417294109A3E9C8.e.7757","ELEMENT":"f.C3E96304196E694327087280E5B350FD.d.18951174137B50A34417294109A3E9C8.e.7757"}]}
RESULT: {"script":"<script> [56 bytes]","args":[{"element-6066-11e4-a52e-4f735466cecf":"f.C3E96304196E694327087280E5B350FD.d.18951174137B50A34417294109A3E9C8.e.7757","ELEMENT":"f.C3E96304196E694327087280E5B350FD.d.18951174137B50A34417294109A3E9C8.e.7757"}]}
COMMAND: POST /session/bb1834e335885f2b4fe4c5c01cc3b2b8/element - {"using":"xpath","value":"//span[contains(@title, \"Remove\")]"}
COMMAND: GET /session/bb1834e335885f2b4fe4c5c01cc3b2b8/screenshot - {}
RESULT: {"using":"xpath","value":"//span[contains(@title, \"Remove\")]"}
COMMAND: POST /session/bb1834e335885f2b4fe4c5c01cc3b2b8/element/f.C3E96304196E694327087280E5B350FD.d.18951174137B50A34417294109A3E9C8.e.8337/click - {}
RESULT: {}
RESULT: {}
COMMAND: GET /session/bb1834e335885f2b4fe4c5c01cc3b2b8/screenshot - {}
RESULT: {}
COMMAND: POST /session/bb1834e335885f2b4fe4c5c01cc3b2b8/execute/async - {"script":"<script> [1562 bytes]","args":[{"selector":{"id":"application-managepartners-display-component---masterPtm--currencies-arrow"},"wdio_ui5_key":"applicationmanagepartners-display-component---masterPtm--currencies-arrow"}]}
RESULT: {"script":"<script> [1562 bytes]","args":[{"selector":{"id":"application-managepartners-display-component---masterPtm--currencies-arrow"},"wdio_ui5_key":"applicationmanagepartners-display-component---masterPtm--currencies-arrow"}]}
RESULT: undefined
COMMAND: POST /session/bb1834e335885f2b4fe4c5c01cc3b2b8/element - {"using":"xpath","value":"//*[@id=\"application-managepartners-display-component---masterPtm--currencies-arrow\"]"}
RESULT: {"using":"xpath","value":"//*[@id=\"application-managepartners-display-component---masterPtm--currencies-arrow\"]"}
COMMAND: POST /session/bb1834e335885f2b4fe4c5c01cc3b2b8/element/f.C3E96304196E694327087280E5B350FD.d.18951174137B50A34417294109A3E9C8.e.8451/click - {}
RESULT: {}
COMMAND: GET /session/bb1834e335885f2b4fe4c5c01cc3b2b8/screenshot - {}
RESULT: {}
COMMAND: POST /session/bb1834e335885f2b4fe4c5c01cc3b2b8/element - {"using":"xpath","value":"//li[.//span[text()=\"US Dollar\"]]//div[contains(@class,\"sapMCbBg\")]"}
RESULT: {"using":"xpath","value":"//li[.//span[text()=\"US Dollar\"]]//div[contains(@class,\"sapMCbBg\")]"}
COMMAND: POST /session/bb1834e335885f2b4fe4c5c01cc3b2b8/element/f.C3E96304196E694327087280E5B350FD.d.18951174137B50A34417294109A3E9C8.e.8454/click - {}
RESULT: {}
COMMAND: GET /session/bb1834e335885f2b4fe4c5c01cc3b2b8/screenshot - {}
RESULT: undefined
COMMAND: POST /session/bb1834e335885f2b4fe4c5c01cc3b2b8/element - {"using":"xpath","value":"//*[@id=\"application-managepartners-display-component---masterPtm--currencies-arrow\"]"}
RESULT: {}
RESULT: {"using":"xpath","value":"//*[@id=\"application-managepartners-display-component---masterPtm--currencies-arrow\"]"}
COMMAND: POST /session/bb1834e335885f2b4fe4c5c01cc3b2b8/element/f.C3E96304196E694327087280E5B350FD.d.18951174137B50A34417294109A3E9C8.e.8451/click - {}
RESULT: {}
COMMAND: POST /session/bb1834e335885f2b4fe4c5c01cc3b2b8/element - {"using":"xpath","value":"//span[@id=\"application-managepartners-display-component---masterPtm--smartTable-header-inner\"]"}
COMMAND: GET /session/bb1834e335885f2b4fe4c5c01cc3b2b8/screenshot - {}
RESULT: {"using":"xpath","value":"//span[@id=\"application-managepartners-display-component---masterPtm--smartTable-header-inner\"]"}
COMMAND: POST /session/bb1834e335885f2b4fe4c5c01cc3b2b8/elements - {"using":"xpath","value":"//span[@id=\"application-managepartners-display-component---masterPtm--smartTable-header-inner\"]"}
RESULT: {}
RESULT: {"using":"xpath","value":"//span[@id=\"application-managepartners-display-component---masterPtm--smartTable-header-inner\"]"}
COMMAND: POST /session/bb1834e335885f2b4fe4c5c01cc3b2b8/execute/sync - {"script":"<script> [56 bytes]","args":[{"element-6066-11e4-a52e-4f735466cecf":"f.C3E96304196E694327087280E5B350FD.d.18951174137B50A34417294109A3E9C8.e.7757","ELEMENT":"f.C3E96304196E694327087280E5B350FD.d.18951174137B50A34417294109A3E9C8.e.7757"}]}
RESULT: {"script":"<script> [56 bytes]","args":[{"element-6066-11e4-a52e-4f735466cecf":"f.C3E96304196E694327087280E5B350FD.d.18951174137B50A34417294109A3E9C8.e.7757","ELEMENT":"f.C3E96304196E694327087280E5B350FD.d.18951174137B50A34417294109A3E9C8.e.7757"}]}
COMMAND: POST /session/bb1834e335885f2b4fe4c5c01cc3b2b8/element - {"using":"xpath","value":"//span[contains(@title, \"Remove\")]"}
COMMAND: GET /session/bb1834e335885f2b4fe4c5c01cc3b2b8/screenshot - {}
RESULT: {"using":"xpath","value":"//span[contains(@title, \"Remove\")]"}
COMMAND: POST /session/bb1834e335885f2b4fe4c5c01cc3b2b8/element/f.C3E96304196E694327087280E5B350FD.d.18951174137B50A34417294109A3E9C8.e.8606/click - {}
RESULT: {}
RESULT: {}
COMMAND: GET /session/bb1834e335885f2b4fe4c5c01cc3b2b8/screenshot - {}
RESULT: {}
COMMAND: POST /session/bb1834e335885f2b4fe4c5c01cc3b2b8/execute/async - {"script":"<script> [1562 bytes]","args":[{"selector":{"id":"application-managepartners-display-component---masterPtm--languages-arrow"},"wdio_ui5_key":"applicationmanagepartners-display-component---masterPtm--languages-arrow"}]}
RESULT: {"script":"<script> [1562 bytes]","args":[{"selector":{"id":"application-managepartners-display-component---masterPtm--languages-arrow"},"wdio_ui5_key":"applicationmanagepartners-display-component---masterPtm--languages-arrow"}]}
RESULT: undefined
COMMAND: POST /session/bb1834e335885f2b4fe4c5c01cc3b2b8/element - {"using":"xpath","value":"//*[@id=\"application-managepartners-display-component---masterPtm--languages-arrow\"]"}
RESULT: {"using":"xpath","value":"//*[@id=\"application-managepartners-display-component---masterPtm--languages-arrow\"]"}
COMMAND: POST /session/bb1834e335885f2b4fe4c5c01cc3b2b8/element/f.C3E96304196E694327087280E5B350FD.d.18951174137B50A34417294109A3E9C8.e.8682/click - {}
RESULT: {}
COMMAND: GET /session/bb1834e335885f2b4fe4c5c01cc3b2b8/screenshot - {}
RESULT: {}
COMMAND: POST /session/bb1834e335885f2b4fe4c5c01cc3b2b8/element - {"using":"xpath","value":"//li[.//span[text()=\"German\"]]//div[contains(@class,\"sapMCbBg\")]"}
RESULT: {"using":"xpath","value":"//li[.//span[text()=\"German\"]]//div[contains(@class,\"sapMCbBg\")]"}
COMMAND: POST /session/bb1834e335885f2b4fe4c5c01cc3b2b8/element/f.C3E96304196E694327087280E5B350FD.d.18951174137B50A34417294109A3E9C8.e.8726/click - {}
RESULT: {}
COMMAND: GET /session/bb1834e335885f2b4fe4c5c01cc3b2b8/screenshot - {}
RESULT: {}
RESULT: undefined
COMMAND: POST /session/bb1834e335885f2b4fe4c5c01cc3b2b8/element - {"using":"xpath","value":"//*[@id=\"application-managepartners-display-component---masterPtm--languages-arrow\"]"}
RESULT: {"using":"xpath","value":"//*[@id=\"application-managepartners-display-component---masterPtm--languages-arrow\"]"}
COMMAND: POST /session/bb1834e335885f2b4fe4c5c01cc3b2b8/element/f.C3E96304196E694327087280E5B350FD.d.18951174137B50A34417294109A3E9C8.e.8682/click - {}
RESULT: {}
COMMAND: POST /session/bb1834e335885f2b4fe4c5c01cc3b2b8/element - {"using":"xpath","value":"//span[@id=\"application-managepartners-display-component---masterPtm--smartTable-header-inner\"]"}
COMMAND: GET /session/bb1834e335885f2b4fe4c5c01cc3b2b8/screenshot - {}
RESULT: {"using":"xpath","value":"//span[@id=\"application-managepartners-display-component---masterPtm--smartTable-header-inner\"]"}
COMMAND: POST /session/bb1834e335885f2b4fe4c5c01cc3b2b8/elements - {"using":"xpath","value":"//span[@id=\"application-managepartners-display-component---masterPtm--smartTable-header-inner\"]"}
RESULT: {}
RESULT: {"using":"xpath","value":"//span[@id=\"application-managepartners-display-component---masterPtm--smartTable-header-inner\"]"}
COMMAND: POST /session/bb1834e335885f2b4fe4c5c01cc3b2b8/execute/sync - {"script":"<script> [56 bytes]","args":[{"element-6066-11e4-a52e-4f735466cecf":"f.C3E96304196E694327087280E5B350FD.d.18951174137B50A34417294109A3E9C8.e.7757","ELEMENT":"f.C3E96304196E694327087280E5B350FD.d.18951174137B50A34417294109A3E9C8.e.7757"}]}
RESULT: {"script":"<script> [56 bytes]","args":[{"element-6066-11e4-a52e-4f735466cecf":"f.C3E96304196E694327087280E5B350FD.d.18951174137B50A34417294109A3E9C8.e.7757","ELEMENT":"f.C3E96304196E694327087280E5B350FD.d.18951174137B50A34417294109A3E9C8.e.7757"}]}
COMMAND: POST /session/bb1834e335885f2b4fe4c5c01cc3b2b8/element - {"using":"css selector","value":"#shell-header-logo"}
COMMAND: GET /session/bb1834e335885f2b4fe4c5c01cc3b2b8/screenshot - {}
RESULT: {"using":"css selector","value":"#shell-header-logo"}
COMMAND: POST /session/bb1834e335885f2b4fe4c5c01cc3b2b8/element/f.C3E96304196E694327087280E5B350FD.d.18951174137B50A34417294109A3E9C8.e.7588/click - {}
RESULT: {}
RESULT: {}
COMMAND: GET /session/bb1834e335885f2b4fe4c5c01cc3b2b8/screenshot - {}
RESULT: {}
]]></system-out>
    </testcase>
    <testcase classname="chrome.136_0_7103_93.windows.Partner_specific_tests_US150819_US151080_US151654_US151176_US103444_US151078_US151079_US151109_US151174_US151175_US151189" name="Should add a new Business Partner role same role US151541" time="80.847">
      <system-out><![CDATA[
COMMAND: POST /session/bb1834e335885f2b4fe4c5c01cc3b2b8/execute/async - {"script":"<script> [1562 bytes]","args":[{"selector":{"controlType":"sap.m.GenericTile","properties":{"header":"Data Explorer"}},"wdio_ui5_key":"sapm.GenericTile{\"header\":\"Data Explorer\"}"}]}
RESULT: {"script":"<script> [1562 bytes]","args":[{"selector":{"controlType":"sap.m.GenericTile","properties":{"header":"Data Explorer"}},"wdio_ui5_key":"sapm.GenericTile{\"header\":\"Data Explorer\"}"}]}
RESULT: undefined
COMMAND: POST /session/bb1834e335885f2b4fe4c5c01cc3b2b8/element - {"using":"xpath","value":"//*[@id=\"__tile117\"]"}
RESULT: {"using":"xpath","value":"//*[@id=\"__tile117\"]"}
COMMAND: POST /session/bb1834e335885f2b4fe4c5c01cc3b2b8/element/f.C3E96304196E694327087280E5B350FD.d.18951174137B50A34417294109A3E9C8.e.8790/click - {}
RESULT: {}
COMMAND: GET /session/bb1834e335885f2b4fe4c5c01cc3b2b8/screenshot - {}
RESULT: {}
COMMAND: POST /session/bb1834e335885f2b4fe4c5c01cc3b2b8/elements - {"using":"xpath","value":"//span[text()='Error']"}
RESULT: {"using":"xpath","value":"//span[text()='Error']"}
COMMAND: POST /session/bb1834e335885f2b4fe4c5c01cc3b2b8/window/fullscreen - {}
RESULT: {}
COMMAND: POST /session/bb1834e335885f2b4fe4c5c01cc3b2b8/element - {"using":"xpath","value":"//input[@id=\"application-businessconfigurations-display-component---masterBusinessConfigurations--smartFilterBar-btnBasicSearch-I\"]"}
RESULT: {"using":"xpath","value":"//input[@id=\"application-businessconfigurations-display-component---masterBusinessConfigurations--smartFilterBar-btnBasicSearch-I\"]"}
COMMAND: POST /session/bb1834e335885f2b4fe4c5c01cc3b2b8/elements - {"using":"xpath","value":"//input[@id=\"application-businessconfigurations-display-component---masterBusinessConfigurations--smartFilterBar-btnBasicSearch-I\"]"}
RESULT: {"using":"xpath","value":"//input[@id=\"application-businessconfigurations-display-component---masterBusinessConfigurations--smartFilterBar-btnBasicSearch-I\"]"}
COMMAND: POST /session/bb1834e335885f2b4fe4c5c01cc3b2b8/execute/sync - {"script":"<script> [8489 bytes]","args":[{"element-6066-11e4-a52e-4f735466cecf":"f.C3E96304196E694327087280E5B350FD.d.18951174137B50A34417294109A3E9C8.e.8814","ELEMENT":"f.C3E96304196E694327087280E5B350FD.d.18951174137B50A34417294109A3E9C8.e.8814"}]}
RESULT: {"script":"<script> [8489 bytes]","args":[{"element-6066-11e4-a52e-4f735466cecf":"f.C3E96304196E694327087280E5B350FD.d.18951174137B50A34417294109A3E9C8.e.8814","ELEMENT":"f.C3E96304196E694327087280E5B350FD.d.18951174137B50A34417294109A3E9C8.e.8814"}]}
COMMAND: GET /session/bb1834e335885f2b4fe4c5c01cc3b2b8/element/f.C3E96304196E694327087280E5B350FD.d.18951174137B50A34417294109A3E9C8.e.8814/enabled - {}
COMMAND: GET /session/bb1834e335885f2b4fe4c5c01cc3b2b8/screenshot - {}
RESULT: {}
COMMAND: POST /session/bb1834e335885f2b4fe4c5c01cc3b2b8/execute/sync - {"script":"<script> [8489 bytes]","args":[{"element-6066-11e4-a52e-4f735466cecf":"f.C3E96304196E694327087280E5B350FD.d.18951174137B50A34417294109A3E9C8.e.8814","ELEMENT":"f.C3E96304196E694327087280E5B350FD.d.18951174137B50A34417294109A3E9C8.e.8814"}]}
COMMAND: GET /session/bb1834e335885f2b4fe4c5c01cc3b2b8/screenshot - {}
RESULT: {}
RESULT: {"script":"<script> [8489 bytes]","args":[{"element-6066-11e4-a52e-4f735466cecf":"f.C3E96304196E694327087280E5B350FD.d.18951174137B50A34417294109A3E9C8.e.8814","ELEMENT":"f.C3E96304196E694327087280E5B350FD.d.18951174137B50A34417294109A3E9C8.e.8814"}]}
COMMAND: POST /session/bb1834e335885f2b4fe4c5c01cc3b2b8/execute/sync - {"script":"<script> [5351 bytes]","args":[{"element-6066-11e4-a52e-4f735466cecf":"f.C3E96304196E694327087280E5B350FD.d.18951174137B50A34417294109A3E9C8.e.8814","ELEMENT":"f.C3E96304196E694327087280E5B350FD.d.18951174137B50A34417294109A3E9C8.e.8814"}]}
COMMAND: GET /session/bb1834e335885f2b4fe4c5c01cc3b2b8/screenshot - {}
RESULT: {}
RESULT: {"script":"<script> [5351 bytes]","args":[{"element-6066-11e4-a52e-4f735466cecf":"f.C3E96304196E694327087280E5B350FD.d.18951174137B50A34417294109A3E9C8.e.8814","ELEMENT":"f.C3E96304196E694327087280E5B350FD.d.18951174137B50A34417294109A3E9C8.e.8814"}]}
COMMAND: GET /session/bb1834e335885f2b4fe4c5c01cc3b2b8/screenshot - {}
RESULT: {}
RESULT: {}
COMMAND: POST /session/bb1834e335885f2b4fe4c5c01cc3b2b8/element - {"using":"xpath","value":"//span[@id=\"application-businessconfigurations-display-component---masterBusinessConfigurations--masterListDataExplorerSmartTable-header-inner\"]"}
RESULT: {"using":"xpath","value":"//span[@id=\"application-businessconfigurations-display-component---masterBusinessConfigurations--masterListDataExplorerSmartTable-header-inner\"]"}
COMMAND: POST /session/bb1834e335885f2b4fe4c5c01cc3b2b8/elements - {"using":"xpath","value":"//span[@id=\"application-businessconfigurations-display-component---masterBusinessConfigurations--masterListDataExplorerSmartTable-header-inner\"]"}
RESULT: {"using":"xpath","value":"//span[@id=\"application-businessconfigurations-display-component---masterBusinessConfigurations--masterListDataExplorerSmartTable-header-inner\"]"}
COMMAND: POST /session/bb1834e335885f2b4fe4c5c01cc3b2b8/execute/sync - {"script":"<script> [56 bytes]","args":[{"element-6066-11e4-a52e-4f735466cecf":"f.C3E96304196E694327087280E5B350FD.d.18951174137B50A34417294109A3E9C8.e.8953","ELEMENT":"f.C3E96304196E694327087280E5B350FD.d.18951174137B50A34417294109A3E9C8.e.8953"}]}
RESULT: {"script":"<script> [56 bytes]","args":[{"element-6066-11e4-a52e-4f735466cecf":"f.C3E96304196E694327087280E5B350FD.d.18951174137B50A34417294109A3E9C8.e.8953","ELEMENT":"f.C3E96304196E694327087280E5B350FD.d.18951174137B50A34417294109A3E9C8.e.8953"}]}
COMMAND: POST /session/bb1834e335885f2b4fe4c5c01cc3b2b8/element/f.C3E96304196E694327087280E5B350FD.d.18951174137B50A34417294109A3E9C8.e.8814/clear - {}
COMMAND: GET /session/bb1834e335885f2b4fe4c5c01cc3b2b8/screenshot - {}
RESULT: {}
COMMAND: POST /session/bb1834e335885f2b4fe4c5c01cc3b2b8/element/f.C3E96304196E694327087280E5B350FD.d.18951174137B50A34417294109A3E9C8.e.8814/value - {"text":"NETM_C_BUSINESS_PARTNER_ROLES"}
COMMAND: GET /session/bb1834e335885f2b4fe4c5c01cc3b2b8/screenshot - {}
RESULT: {}
RESULT: {"text":"NETM_C_BUSINESS_PARTNER_ROLES"}
COMMAND: GET /session/bb1834e335885f2b4fe4c5c01cc3b2b8/screenshot - {}
RESULT: {}
RESULT: {}
COMMAND: POST /session/bb1834e335885f2b4fe4c5c01cc3b2b8/actions - {"actions":[{"id":"action25","type":"key","parameters":{},"actions":[{"type":"keyDown","value":""},{"type":"pause","duration":10},{"type":"keyUp","value":""}]}]}
RESULT: {"actions":[{"id":"action25","type":"key","parameters":{},"actions":[{"type":"keyDown","value":""},{"type":"pause","duration":10},{"type":"keyUp","value":""}]}]}
COMMAND: GET /session/bb1834e335885f2b4fe4c5c01cc3b2b8/screenshot - {}
RESULT: {}
COMMAND: POST /session/bb1834e335885f2b4fe4c5c01cc3b2b8/elements - {"using":"xpath","value":"//table[contains(@id, \"masterListDataExplorerTable-listUl\")]/tbody/tr"}
RESULT: {"using":"xpath","value":"//table[contains(@id, \"masterListDataExplorerTable-listUl\")]/tbody/tr"}
COMMAND: POST /session/bb1834e335885f2b4fe4c5c01cc3b2b8/element - {"using":"xpath","value":"//table[contains(@id, \"masterListDataExplorerTable-listUl\")]/tbody/tr[2]/td[4]/span"}
RESULT: {"using":"xpath","value":"//table[contains(@id, \"masterListDataExplorerTable-listUl\")]/tbody/tr[2]/td[4]/span"}
COMMAND: POST /session/bb1834e335885f2b4fe4c5c01cc3b2b8/elements - {"using":"xpath","value":"//table[contains(@id, \"masterListDataExplorerTable-listUl\")]/tbody/tr[2]/td[4]/span"}
RESULT: {"using":"xpath","value":"//table[contains(@id, \"masterListDataExplorerTable-listUl\")]/tbody/tr[2]/td[4]/span"}
COMMAND: POST /session/bb1834e335885f2b4fe4c5c01cc3b2b8/execute/sync - {"script":"<script> [56 bytes]","args":[{"element-6066-11e4-a52e-4f735466cecf":"f.C3E96304196E694327087280E5B350FD.d.18951174137B50A34417294109A3E9C8.e.8972","ELEMENT":"f.C3E96304196E694327087280E5B350FD.d.18951174137B50A34417294109A3E9C8.e.8972"}]}
RESULT: {"script":"<script> [56 bytes]","args":[{"element-6066-11e4-a52e-4f735466cecf":"f.C3E96304196E694327087280E5B350FD.d.18951174137B50A34417294109A3E9C8.e.8972","ELEMENT":"f.C3E96304196E694327087280E5B350FD.d.18951174137B50A34417294109A3E9C8.e.8972"}]}
COMMAND: POST /session/bb1834e335885f2b4fe4c5c01cc3b2b8/element - {"using":"xpath","value":"(//span[contains(@id, \"imgNav\")])[1]"}
COMMAND: GET /session/bb1834e335885f2b4fe4c5c01cc3b2b8/screenshot - {}
RESULT: {"using":"xpath","value":"(//span[contains(@id, \"imgNav\")])[1]"}
COMMAND: POST /session/bb1834e335885f2b4fe4c5c01cc3b2b8/element/f.C3E96304196E694327087280E5B350FD.d.18951174137B50A34417294109A3E9C8.e.8973/click - {}
RESULT: {}
RESULT: {}
COMMAND: GET /session/bb1834e335885f2b4fe4c5c01cc3b2b8/screenshot - {}
RESULT: {}
COMMAND: POST /session/bb1834e335885f2b4fe4c5c01cc3b2b8/element - {"using":"xpath","value":"//bdi[contains(text(), \"Edit\")]"}
RESULT: {"using":"xpath","value":"//bdi[contains(text(), \"Edit\")]"}
COMMAND: POST /session/bb1834e335885f2b4fe4c5c01cc3b2b8/element/f.C3E96304196E694327087280E5B350FD.d.18951174137B50A34417294109A3E9C8.e.9112/click - {}
RESULT: {}
COMMAND: GET /session/bb1834e335885f2b4fe4c5c01cc3b2b8/screenshot - {}
RESULT: {}
COMMAND: POST /session/bb1834e335885f2b4fe4c5c01cc3b2b8/element - {"using":"xpath","value":"//button[contains(@id, \"detailBusinessConfigurations--addButton\")]"}
RESULT: {"using":"xpath","value":"//button[contains(@id, \"detailBusinessConfigurations--addButton\")]"}
COMMAND: POST /session/bb1834e335885f2b4fe4c5c01cc3b2b8/element/f.C3E96304196E694327087280E5B350FD.d.18951174137B50A34417294109A3E9C8.e.9121/click - {}
RESULT: {}
COMMAND: GET /session/bb1834e335885f2b4fe4c5c01cc3b2b8/screenshot - {}
RESULT: {}
COMMAND: POST /session/bb1834e335885f2b4fe4c5c01cc3b2b8/elements - {"using":"xpath","value":"//table[contains(@id, \"detailBusinessConfigurations--detailsTable-listUl\")]/tbody/tr"}
RESULT: {"using":"xpath","value":"//table[contains(@id, \"detailBusinessConfigurations--detailsTable-listUl\")]/tbody/tr"}
COMMAND: POST /session/bb1834e335885f2b4fe4c5c01cc3b2b8/element - {"using":"xpath","value":"//table[contains(@id, \"detailBusinessConfigurations--detailsTable-listUl\")]/tbody/tr[1]/td[3]/div/div/div/div/input"}
RESULT: {"using":"xpath","value":"//table[contains(@id, \"detailBusinessConfigurations--detailsTable-listUl\")]/tbody/tr[1]/td[3]/div/div/div/div/input"}
COMMAND: POST /session/bb1834e335885f2b4fe4c5c01cc3b2b8/element/f.C3E96304196E694327087280E5B350FD.d.18951174137B50A34417294109A3E9C8.e.9124/clear - {}
RESULT: {}
COMMAND: POST /session/bb1834e335885f2b4fe4c5c01cc3b2b8/element/f.C3E96304196E694327087280E5B350FD.d.18951174137B50A34417294109A3E9C8.e.9124/value - {"text":"WebDriver Testy"}
COMMAND: GET /session/bb1834e335885f2b4fe4c5c01cc3b2b8/screenshot - {}
RESULT: {"text":"WebDriver Testy"}
COMMAND: GET /session/bb1834e335885f2b4fe4c5c01cc3b2b8/screenshot - {}
RESULT: {}
RESULT: {}
COMMAND: POST /session/bb1834e335885f2b4fe4c5c01cc3b2b8/element - {"using":"xpath","value":"//button[contains(@id, \"detailBusinessConfigurations--addButton\")]"}
RESULT: {"using":"xpath","value":"//button[contains(@id, \"detailBusinessConfigurations--addButton\")]"}
COMMAND: POST /session/bb1834e335885f2b4fe4c5c01cc3b2b8/element/f.C3E96304196E694327087280E5B350FD.d.18951174137B50A34417294109A3E9C8.e.9121/click - {}
RESULT: {}
COMMAND: GET /session/bb1834e335885f2b4fe4c5c01cc3b2b8/screenshot - {}
RESULT: {}
COMMAND: POST /session/bb1834e335885f2b4fe4c5c01cc3b2b8/element - {"using":"xpath","value":"//table[contains(@id, \"detailBusinessConfigurations--detailsTable-listUl\")]/tbody/tr[1]/td[3]/div/div/div/div/input"}
RESULT: {"using":"xpath","value":"//table[contains(@id, \"detailBusinessConfigurations--detailsTable-listUl\")]/tbody/tr[1]/td[3]/div/div/div/div/input"}
COMMAND: POST /session/bb1834e335885f2b4fe4c5c01cc3b2b8/element/f.C3E96304196E694327087280E5B350FD.d.18951174137B50A34417294109A3E9C8.e.9137/clear - {}
RESULT: {}
COMMAND: POST /session/bb1834e335885f2b4fe4c5c01cc3b2b8/element/f.C3E96304196E694327087280E5B350FD.d.18951174137B50A34417294109A3E9C8.e.9137/value - {"text":"WebDriver Testy"}
COMMAND: GET /session/bb1834e335885f2b4fe4c5c01cc3b2b8/screenshot - {}
RESULT: {"text":"WebDriver Testy"}
COMMAND: GET /session/bb1834e335885f2b4fe4c5c01cc3b2b8/screenshot - {}
RESULT: {}
RESULT: {}
COMMAND: POST /session/bb1834e335885f2b4fe4c5c01cc3b2b8/element - {"using":"xpath","value":"//bdi[text()=\"Save\"]"}
RESULT: {"using":"xpath","value":"//bdi[text()=\"Save\"]"}
COMMAND: POST /session/bb1834e335885f2b4fe4c5c01cc3b2b8/element/f.C3E96304196E694327087280E5B350FD.d.18951174137B50A34417294109A3E9C8.e.9144/click - {}
RESULT: {}
COMMAND: GET /session/bb1834e335885f2b4fe4c5c01cc3b2b8/screenshot - {}
RESULT: {}
COMMAND: POST /session/bb1834e335885f2b4fe4c5c01cc3b2b8/element - {"using":"xpath","value":"//span[contains(@class, \"sapMMsgBoxText\")]"}
RESULT: {"using":"xpath","value":"//span[contains(@class, \"sapMMsgBoxText\")]"}
COMMAND: POST /session/bb1834e335885f2b4fe4c5c01cc3b2b8/elements - {"using":"xpath","value":"//span[contains(@class, \"sapMMsgBoxText\")]"}
RESULT: {"using":"xpath","value":"//span[contains(@class, \"sapMMsgBoxText\")]"}
COMMAND: POST /session/bb1834e335885f2b4fe4c5c01cc3b2b8/execute/sync - {"script":"<script> [56 bytes]","args":[{"element-6066-11e4-a52e-4f735466cecf":"f.C3E96304196E694327087280E5B350FD.d.18951174137B50A34417294109A3E9C8.e.9162","ELEMENT":"f.C3E96304196E694327087280E5B350FD.d.18951174137B50A34417294109A3E9C8.e.9162"}]}
RESULT: {"script":"<script> [56 bytes]","args":[{"element-6066-11e4-a52e-4f735466cecf":"f.C3E96304196E694327087280E5B350FD.d.18951174137B50A34417294109A3E9C8.e.9162","ELEMENT":"f.C3E96304196E694327087280E5B350FD.d.18951174137B50A34417294109A3E9C8.e.9162"}]}
COMMAND: POST /session/bb1834e335885f2b4fe4c5c01cc3b2b8/element - {"using":"xpath","value":"//bdi[text()=\"Close\"]"}
COMMAND: GET /session/bb1834e335885f2b4fe4c5c01cc3b2b8/screenshot - {}
RESULT: {"using":"xpath","value":"//bdi[text()=\"Close\"]"}
COMMAND: POST /session/bb1834e335885f2b4fe4c5c01cc3b2b8/element/f.C3E96304196E694327087280E5B350FD.d.18951174137B50A34417294109A3E9C8.e.9164/click - {}
RESULT: {}
RESULT: {}
COMMAND: GET /session/bb1834e335885f2b4fe4c5c01cc3b2b8/screenshot - {}
RESULT: {}
COMMAND: POST /session/bb1834e335885f2b4fe4c5c01cc3b2b8/element - {"using":"css selector","value":"#shell-header-logo"}
RESULT: {"using":"css selector","value":"#shell-header-logo"}
COMMAND: POST /session/bb1834e335885f2b4fe4c5c01cc3b2b8/element/f.C3E96304196E694327087280E5B350FD.d.18951174137B50A34417294109A3E9C8.e.8797/click - {}
RESULT: {}
COMMAND: GET /session/bb1834e335885f2b4fe4c5c01cc3b2b8/screenshot - {}
RESULT: {}
COMMAND: POST /session/bb1834e335885f2b4fe4c5c01cc3b2b8/element - {"using":"css selector","value":"#j_username"}
COMMAND: POST /session/bb1834e335885f2b4fe4c5c01cc3b2b8/url - {"url":"https://qa-testing-00-live-etm-ui.cfapps.eu10-004.hana.ondemand.com/"}
RESULT: {"using":"css selector","value":"#j_username"}
COMMAND: POST /session/bb1834e335885f2b4fe4c5c01cc3b2b8/element - {"using":"css selector","value":"#j_username"}
RESULT: {"url":"https://qa-testing-00-live-etm-ui.cfapps.eu10-004.hana.ondemand.com/"}
RESULT: undefined
COMMAND: GET /session/bb1834e335885f2b4fe4c5c01cc3b2b8/screenshot - {}
RESULT: {"using":"css selector","value":"#j_username"}
COMMAND: POST /session/bb1834e335885f2b4fe4c5c01cc3b2b8/element - {"using":"css selector","value":"#shell-header-logo"}
RESULT: {}
RESULT: {"using":"css selector","value":"#shell-header-logo"}
COMMAND: POST /session/bb1834e335885f2b4fe4c5c01cc3b2b8/execute/sync - {"script":"<script> [8489 bytes]","args":[{"element-6066-11e4-a52e-4f735466cecf":"f.C3E96304196E694327087280E5B350FD.d.74BC206D5D8728B3A8B35CD4BD002AAD.e.9180","ELEMENT":"f.C3E96304196E694327087280E5B350FD.d.74BC206D5D8728B3A8B35CD4BD002AAD.e.9180"}]}
RESULT: {"script":"<script> [8489 bytes]","args":[{"element-6066-11e4-a52e-4f735466cecf":"f.C3E96304196E694327087280E5B350FD.d.74BC206D5D8728B3A8B35CD4BD002AAD.e.9180","ELEMENT":"f.C3E96304196E694327087280E5B350FD.d.74BC206D5D8728B3A8B35CD4BD002AAD.e.9180"}]}
COMMAND: POST /session/bb1834e335885f2b4fe4c5c01cc3b2b8/element - {"using":"css selector","value":"#shell-header-logo"}
COMMAND: GET /session/bb1834e335885f2b4fe4c5c01cc3b2b8/screenshot - {}
RESULT: {"using":"css selector","value":"#shell-header-logo"}
COMMAND: POST /session/bb1834e335885f2b4fe4c5c01cc3b2b8/execute/sync - {"script":"<script> [8489 bytes]","args":[{"element-6066-11e4-a52e-4f735466cecf":"f.C3E96304196E694327087280E5B350FD.d.74BC206D5D8728B3A8B35CD4BD002AAD.e.9180","ELEMENT":"f.C3E96304196E694327087280E5B350FD.d.74BC206D5D8728B3A8B35CD4BD002AAD.e.9180"}]}
RESULT: {}
RESULT: {"script":"<script> [8489 bytes]","args":[{"element-6066-11e4-a52e-4f735466cecf":"f.C3E96304196E694327087280E5B350FD.d.74BC206D5D8728B3A8B35CD4BD002AAD.e.9180","ELEMENT":"f.C3E96304196E694327087280E5B350FD.d.74BC206D5D8728B3A8B35CD4BD002AAD.e.9180"}]}
COMMAND: POST /session/bb1834e335885f2b4fe4c5c01cc3b2b8/execute/sync - {"script":"<script> [5351 bytes]","args":[{"element-6066-11e4-a52e-4f735466cecf":"f.C3E96304196E694327087280E5B350FD.d.74BC206D5D8728B3A8B35CD4BD002AAD.e.9180","ELEMENT":"f.C3E96304196E694327087280E5B350FD.d.74BC206D5D8728B3A8B35CD4BD002AAD.e.9180"}]}
COMMAND: GET /session/bb1834e335885f2b4fe4c5c01cc3b2b8/screenshot - {}
RESULT: {"script":"<script> [5351 bytes]","args":[{"element-6066-11e4-a52e-4f735466cecf":"f.C3E96304196E694327087280E5B350FD.d.74BC206D5D8728B3A8B35CD4BD002AAD.e.9180","ELEMENT":"f.C3E96304196E694327087280E5B350FD.d.74BC206D5D8728B3A8B35CD4BD002AAD.e.9180"}]}
COMMAND: POST /session/bb1834e335885f2b4fe4c5c01cc3b2b8/element - {"using":"css selector","value":"#shell-header-logo"}
COMMAND: GET /session/bb1834e335885f2b4fe4c5c01cc3b2b8/screenshot - {}
RESULT: {}
RESULT: {"using":"css selector","value":"#shell-header-logo"}
COMMAND: POST /session/bb1834e335885f2b4fe4c5c01cc3b2b8/element/f.C3E96304196E694327087280E5B350FD.d.74BC206D5D8728B3A8B35CD4BD002AAD.e.9180/click - {}
RESULT: {}
RESULT: {}
COMMAND: GET /session/bb1834e335885f2b4fe4c5c01cc3b2b8/screenshot - {}
RESULT: {}
COMMAND: POST /session/bb1834e335885f2b4fe4c5c01cc3b2b8/execute/async - {"script":"<script> [189 bytes]","args":[]}
RESULT: {"script":"<script> [189 bytes]","args":[]}
COMMAND: POST /session/bb1834e335885f2b4fe4c5c01cc3b2b8/execute/async - {"script":"<script> [123 bytes]","args":[]}
RESULT: {"script":"<script> [123 bytes]","args":[]}
COMMAND: POST /session/bb1834e335885f2b4fe4c5c01cc3b2b8/timeouts - {"script":"<number>"}
RESULT: {"script":"<number>"}
COMMAND: GET /session/bb1834e335885f2b4fe4c5c01cc3b2b8/timeouts - {}
RESULT: {}
RESULT: undefined
COMMAND: POST /session/bb1834e335885f2b4fe4c5c01cc3b2b8/execute/async - {"script":"<script> [2676 bytes]","args":[]}
RESULT: {"script":"<script> [2676 bytes]","args":[]}
COMMAND: POST /session/bb1834e335885f2b4fe4c5c01cc3b2b8/execute/async - {"script":"<script> [2342 bytes]","args":[{"protocol":"http","hostname":"0.0.0.0","path":"/","capabilities":{"browserName":"chrome","goog:chromeOptions":{"binary":"C:\\Program Files\\Google\\Chrome\\Application\\chrome.exe","args":["--start-maximized"]}},"logLevel":"warn","connectionRetryTimeout":120000,"connectionRetryCount":3,"logLevels":{},"enableDirectConnect":true,"strictSSL":true,"_":"65 more keys: [\"cacheDir\",\"port\",\"requestedCapabilities\",\"automationProtocol\",\"baseUrl\",\"waitforInterval\",\"waitforTimeout\",\"onReload\",\"beforeCommand\",\"afterCommand\",\"rootDir\",\"specs\",\"suites\",\"exclude\",\"groupLogsByTestSpec\",\"excludeDriverLogs\",\"bail\",\"framework\",\"reporters\",\"services\",\"maxInstances\",\"maxInstancesPerCapability\",\"injectGlobals\",\"filesToWatch\",\"execArgv\",\"runnerEnv\",\"runner\",\"shard\",\"specFileRetries\",\"specFileRetriesDelay\",\"specFileRetriesDeferred\",\"reporterSyncInterval\",\"reporterSyncTimeout\",\"cucumberFeaturesWithLineNumbers\",\"autoCompileOpts\",\"mochaOpts\",\"jasmineOpts\",\"cucumberOpts\",\"onPrepare\",\"onWorkerStart\",\"onWorkerEnd\",\"before\",\"beforeSession\",\"beforeSuite\",\"beforeHook\",\"beforeTest\",\"afterTest\",\"afterHook\",\"afterSuite\",\"afterSession\",\"after\",\"onComplete\",\"beforeAssertion\",\"afterAssertion\",\"beforeFeature\",\"beforeScenario\",\"beforeStep\",\"afterStep\",\"afterScenario\",\"afterFeature\",\"_\",\"suite\",\"$0\",\"ignoredWorkerServices\",\"wdi5\"]"}]}
RESULT: {"script":"<script> [2342 bytes]","args":[{"protocol":"http","hostname":"0.0.0.0","path":"/","capabilities":{"browserName":"chrome","goog:chromeOptions":{"binary":"C:\\Program Files\\Google\\Chrome\\Application\\chrome.exe","args":["--start-maximized"]}},"logLevel":"warn","connectionRetryTimeout":120000,"connectionRetryCount":3,"logLevels":{},"enableDirectConnect":true,"strictSSL":true,"_":"65 more keys: [\"cacheDir\",\"port\",\"requestedCapabilities\",\"automationProtocol\",\"baseUrl\",\"waitforInterval\",\"waitforTimeout\",\"onReload\",\"beforeCommand\",\"afterCommand\",\"rootDir\",\"specs\",\"suites\",\"exclude\",\"groupLogsByTestSpec\",\"excludeDriverLogs\",\"bail\",\"framework\",\"reporters\",\"services\",\"maxInstances\",\"maxInstancesPerCapability\",\"injectGlobals\",\"filesToWatch\",\"execArgv\",\"runnerEnv\",\"runner\",\"shard\",\"specFileRetries\",\"specFileRetriesDelay\",\"specFileRetriesDeferred\",\"reporterSyncInterval\",\"reporterSyncTimeout\",\"cucumberFeaturesWithLineNumbers\",\"autoCompileOpts\",\"mochaOpts\",\"jasmineOpts\",\"cucumberOpts\",\"onPrepare\",\"onWorkerStart\",\"onWorkerEnd\",\"before\",\"beforeSession\",\"beforeSuite\",\"beforeHook\",\"beforeTest\",\"afterTest\",\"afterHook\",\"afterSuite\",\"afterSession\",\"after\",\"onComplete\",\"beforeAssertion\",\"afterAssertion\",\"beforeFeature\",\"beforeScenario\",\"beforeStep\",\"afterStep\",\"afterScenario\",\"afterFeature\",\"_\",\"suite\",\"$0\",\"ignoredWorkerServices\",\"wdi5\"]"}]}
COMMAND: POST /session/bb1834e335885f2b4fe4c5c01cc3b2b8/execute/async - {"script":"<script> [21126 bytes]","args":[35000]}
RESULT: {"script":"<script> [21126 bytes]","args":[35000]}
COMMAND: POST /session/bb1834e335885f2b4fe4c5c01cc3b2b8/window/maximize - {}
RESULT: {}
COMMAND: POST /session/bb1834e335885f2b4fe4c5c01cc3b2b8/execute/async - {"script":"<script> [1562 bytes]","args":[{"selector":{"id":"shell-header","interaction":{"idSuffix":"icon"}},"wdio_ui5_key":"shellheader"}]}
COMMAND: GET /session/bb1834e335885f2b4fe4c5c01cc3b2b8/screenshot - {}
RESULT: {"script":"<script> [1562 bytes]","args":[{"selector":{"id":"shell-header","interaction":{"idSuffix":"icon"}},"wdio_ui5_key":"shellheader"}]}
RESULT: undefined
COMMAND: POST /session/bb1834e335885f2b4fe4c5c01cc3b2b8/refresh - {}
RESULT: {}
RESULT: {}
COMMAND: GET /session/bb1834e335885f2b4fe4c5c01cc3b2b8/screenshot - {}
RESULT: {}
COMMAND: POST /session/bb1834e335885f2b4fe4c5c01cc3b2b8/refresh - {}
RESULT: {}
COMMAND: GET /session/bb1834e335885f2b4fe4c5c01cc3b2b8/screenshot - {}
RESULT: {}
COMMAND: POST /session/bb1834e335885f2b4fe4c5c01cc3b2b8/window/fullscreen - {}
RESULT: {}
COMMAND: POST /session/bb1834e335885f2b4fe4c5c01cc3b2b8/execute/async - {"script":"<script> [189 bytes]","args":[]}
RESULT: {"script":"<script> [189 bytes]","args":[]}
COMMAND: POST /session/bb1834e335885f2b4fe4c5c01cc3b2b8/execute/async - {"script":"<script> [123 bytes]","args":[]}
RESULT: {"script":"<script> [123 bytes]","args":[]}
COMMAND: POST /session/bb1834e335885f2b4fe4c5c01cc3b2b8/timeouts - {"script":"<number>"}
RESULT: {"script":"<number>"}
COMMAND: GET /session/bb1834e335885f2b4fe4c5c01cc3b2b8/timeouts - {}
RESULT: {}
RESULT: undefined
COMMAND: POST /session/bb1834e335885f2b4fe4c5c01cc3b2b8/execute/async - {"script":"<script> [2676 bytes]","args":[]}
RESULT: {"script":"<script> [2676 bytes]","args":[]}
COMMAND: POST /session/bb1834e335885f2b4fe4c5c01cc3b2b8/execute/async - {"script":"<script> [2342 bytes]","args":[{"protocol":"http","hostname":"0.0.0.0","path":"/","capabilities":{"browserName":"chrome","goog:chromeOptions":{"binary":"C:\\Program Files\\Google\\Chrome\\Application\\chrome.exe","args":["--start-maximized"]}},"logLevel":"warn","connectionRetryTimeout":120000,"connectionRetryCount":3,"logLevels":{},"enableDirectConnect":true,"strictSSL":true,"_":"65 more keys: [\"cacheDir\",\"port\",\"requestedCapabilities\",\"automationProtocol\",\"baseUrl\",\"waitforInterval\",\"waitforTimeout\",\"onReload\",\"beforeCommand\",\"afterCommand\",\"rootDir\",\"specs\",\"suites\",\"exclude\",\"groupLogsByTestSpec\",\"excludeDriverLogs\",\"bail\",\"framework\",\"reporters\",\"services\",\"maxInstances\",\"maxInstancesPerCapability\",\"injectGlobals\",\"filesToWatch\",\"execArgv\",\"runnerEnv\",\"runner\",\"shard\",\"specFileRetries\",\"specFileRetriesDelay\",\"specFileRetriesDeferred\",\"reporterSyncInterval\",\"reporterSyncTimeout\",\"cucumberFeaturesWithLineNumbers\",\"autoCompileOpts\",\"mochaOpts\",\"jasmineOpts\",\"cucumberOpts\",\"onPrepare\",\"onWorkerStart\",\"onWorkerEnd\",\"before\",\"beforeSession\",\"beforeSuite\",\"beforeHook\",\"beforeTest\",\"afterTest\",\"afterHook\",\"afterSuite\",\"afterSession\",\"after\",\"onComplete\",\"beforeAssertion\",\"afterAssertion\",\"beforeFeature\",\"beforeScenario\",\"beforeStep\",\"afterStep\",\"afterScenario\",\"afterFeature\",\"_\",\"suite\",\"$0\",\"ignoredWorkerServices\",\"wdi5\"]"}]}
RESULT: {"script":"<script> [2342 bytes]","args":[{"protocol":"http","hostname":"0.0.0.0","path":"/","capabilities":{"browserName":"chrome","goog:chromeOptions":{"binary":"C:\\Program Files\\Google\\Chrome\\Application\\chrome.exe","args":["--start-maximized"]}},"logLevel":"warn","connectionRetryTimeout":120000,"connectionRetryCount":3,"logLevels":{},"enableDirectConnect":true,"strictSSL":true,"_":"65 more keys: [\"cacheDir\",\"port\",\"requestedCapabilities\",\"automationProtocol\",\"baseUrl\",\"waitforInterval\",\"waitforTimeout\",\"onReload\",\"beforeCommand\",\"afterCommand\",\"rootDir\",\"specs\",\"suites\",\"exclude\",\"groupLogsByTestSpec\",\"excludeDriverLogs\",\"bail\",\"framework\",\"reporters\",\"services\",\"maxInstances\",\"maxInstancesPerCapability\",\"injectGlobals\",\"filesToWatch\",\"execArgv\",\"runnerEnv\",\"runner\",\"shard\",\"specFileRetries\",\"specFileRetriesDelay\",\"specFileRetriesDeferred\",\"reporterSyncInterval\",\"reporterSyncTimeout\",\"cucumberFeaturesWithLineNumbers\",\"autoCompileOpts\",\"mochaOpts\",\"jasmineOpts\",\"cucumberOpts\",\"onPrepare\",\"onWorkerStart\",\"onWorkerEnd\",\"before\",\"beforeSession\",\"beforeSuite\",\"beforeHook\",\"beforeTest\",\"afterTest\",\"afterHook\",\"afterSuite\",\"afterSession\",\"after\",\"onComplete\",\"beforeAssertion\",\"afterAssertion\",\"beforeFeature\",\"beforeScenario\",\"beforeStep\",\"afterStep\",\"afterScenario\",\"afterFeature\",\"_\",\"suite\",\"$0\",\"ignoredWorkerServices\",\"wdi5\"]"}]}
COMMAND: POST /session/bb1834e335885f2b4fe4c5c01cc3b2b8/execute/async - {"script":"<script> [21126 bytes]","args":[35000]}
RESULT: {"script":"<script> [21126 bytes]","args":[35000]}
]]></system-out>
    </testcase>
  </testsuite>
  <testsuite timestamp="2025-05-22T18:00:29" time="525.038" tests="4" failures="0" errors="0" skipped="0">
    <properties>
      <property name="specId" value="0"/>
      <property name="suiteName" value="Create partner US118246"/>
      <property name="capabilities" value="chrome.136_0_7103_93.windows"/>
      <property name="file" value="file:///D:/a/1/s/test/specs/BTS/create-partner.spec.js"/>
    </properties>
    <testcase classname="chrome.136_0_7103_93.windows.Create_partner_US118246" name="Should create a new yard in case create yard failed" time="137.557">
      <system-out><![CDATA[
COMMAND: POST /session/bb1834e335885f2b4fe4c5c01cc3b2b8/window/fullscreen - {}
RESULT: {}
COMMAND: POST /session/bb1834e335885f2b4fe4c5c01cc3b2b8/execute/async - {"script":"<script> [1562 bytes]","args":[{"selector":{"controlType":"sap.m.GenericTile","properties":{"header":"Manage Yards"}},"wdio_ui5_key":"sapm.GenericTile{\"header\":\"Manage Yards\"}"}]}
RESULT: {"script":"<script> [1562 bytes]","args":[{"selector":{"controlType":"sap.m.GenericTile","properties":{"header":"Manage Yards"}},"wdio_ui5_key":"sapm.GenericTile{\"header\":\"Manage Yards\"}"}]}
RESULT: undefined
COMMAND: POST /session/bb1834e335885f2b4fe4c5c01cc3b2b8/element - {"using":"xpath","value":"//*[@id=\"__tile41\"]"}
RESULT: {"using":"xpath","value":"//*[@id=\"__tile41\"]"}
COMMAND: POST /session/bb1834e335885f2b4fe4c5c01cc3b2b8/element/f.C3E96304196E694327087280E5B350FD.d.8C9B6076504A4324ED99FED162994EBA.e.9333/click - {}
RESULT: {}
COMMAND: GET /session/bb1834e335885f2b4fe4c5c01cc3b2b8/screenshot - {}
RESULT: {}
COMMAND: POST /session/bb1834e335885f2b4fe4c5c01cc3b2b8/elements - {"using":"xpath","value":"//span[text()='Error']"}
RESULT: {"using":"xpath","value":"//span[text()='Error']"}
COMMAND: POST /session/bb1834e335885f2b4fe4c5c01cc3b2b8/element - {"using":"xpath","value":"//button[@data-kt=\"addNewYardOverflowToolbarButton\"]"}
RESULT: {"using":"xpath","value":"//button[@data-kt=\"addNewYardOverflowToolbarButton\"]"}
COMMAND: POST /session/bb1834e335885f2b4fe4c5c01cc3b2b8/elements - {"using":"xpath","value":"//button[@data-kt=\"addNewYardOverflowToolbarButton\"]"}
RESULT: {"using":"xpath","value":"//button[@data-kt=\"addNewYardOverflowToolbarButton\"]"}
COMMAND: POST /session/bb1834e335885f2b4fe4c5c01cc3b2b8/elements - {"using":"xpath","value":"//button[@data-kt=\"addNewYardOverflowToolbarButton\"]"}
RESULT: {"using":"xpath","value":"//button[@data-kt=\"addNewYardOverflowToolbarButton\"]"}
COMMAND: POST /session/bb1834e335885f2b4fe4c5c01cc3b2b8/element - {"using":"xpath","value":"//button[@data-kt=\"addNewYardOverflowToolbarButton\"]"}
RESULT: {"using":"xpath","value":"//button[@data-kt=\"addNewYardOverflowToolbarButton\"]"}
COMMAND: POST /session/bb1834e335885f2b4fe4c5c01cc3b2b8/execute/sync - {"script":"<script> [8489 bytes]","args":[{"element-6066-11e4-a52e-4f735466cecf":"f.C3E96304196E694327087280E5B350FD.d.8C9B6076504A4324ED99FED162994EBA.e.9467","ELEMENT":"f.C3E96304196E694327087280E5B350FD.d.8C9B6076504A4324ED99FED162994EBA.e.9467"}]}
RESULT: {"script":"<script> [8489 bytes]","args":[{"element-6066-11e4-a52e-4f735466cecf":"f.C3E96304196E694327087280E5B350FD.d.8C9B6076504A4324ED99FED162994EBA.e.9467","ELEMENT":"f.C3E96304196E694327087280E5B350FD.d.8C9B6076504A4324ED99FED162994EBA.e.9467"}]}
COMMAND: GET /session/bb1834e335885f2b4fe4c5c01cc3b2b8/element/f.C3E96304196E694327087280E5B350FD.d.8C9B6076504A4324ED99FED162994EBA.e.9467/enabled - {}
COMMAND: GET /session/bb1834e335885f2b4fe4c5c01cc3b2b8/screenshot - {}
RESULT: {}
COMMAND: POST /session/bb1834e335885f2b4fe4c5c01cc3b2b8/execute/sync - {"script":"<script> [8489 bytes]","args":[{"element-6066-11e4-a52e-4f735466cecf":"f.C3E96304196E694327087280E5B350FD.d.8C9B6076504A4324ED99FED162994EBA.e.9467","ELEMENT":"f.C3E96304196E694327087280E5B350FD.d.8C9B6076504A4324ED99FED162994EBA.e.9467"}]}
COMMAND: GET /session/bb1834e335885f2b4fe4c5c01cc3b2b8/screenshot - {}
RESULT: {}
RESULT: {"script":"<script> [8489 bytes]","args":[{"element-6066-11e4-a52e-4f735466cecf":"f.C3E96304196E694327087280E5B350FD.d.8C9B6076504A4324ED99FED162994EBA.e.9467","ELEMENT":"f.C3E96304196E694327087280E5B350FD.d.8C9B6076504A4324ED99FED162994EBA.e.9467"}]}
COMMAND: POST /session/bb1834e335885f2b4fe4c5c01cc3b2b8/execute/sync - {"script":"<script> [5351 bytes]","args":[{"element-6066-11e4-a52e-4f735466cecf":"f.C3E96304196E694327087280E5B350FD.d.8C9B6076504A4324ED99FED162994EBA.e.9467","ELEMENT":"f.C3E96304196E694327087280E5B350FD.d.8C9B6076504A4324ED99FED162994EBA.e.9467"}]}
COMMAND: GET /session/bb1834e335885f2b4fe4c5c01cc3b2b8/screenshot - {}
RESULT: {}
RESULT: {}
RESULT: {"script":"<script> [5351 bytes]","args":[{"element-6066-11e4-a52e-4f735466cecf":"f.C3E96304196E694327087280E5B350FD.d.8C9B6076504A4324ED99FED162994EBA.e.9467","ELEMENT":"f.C3E96304196E694327087280E5B350FD.d.8C9B6076504A4324ED99FED162994EBA.e.9467"}]}
COMMAND: POST /session/bb1834e335885f2b4fe4c5c01cc3b2b8/element/f.C3E96304196E694327087280E5B350FD.d.8C9B6076504A4324ED99FED162994EBA.e.9467/click - {}
COMMAND: GET /session/bb1834e335885f2b4fe4c5c01cc3b2b8/screenshot - {}
RESULT: {}
COMMAND: GET /session/bb1834e335885f2b4fe4c5c01cc3b2b8/screenshot - {}
COMMAND: POST /session/bb1834e335885f2b4fe4c5c01cc3b2b8/element - {"using":"xpath","value":"//input[@id=\"application-manageyards-display-component---NewYard--yardId-inner\"]"}
RESULT: {}
RESULT: {}
RESULT: {"using":"xpath","value":"//input[@id=\"application-manageyards-display-component---NewYard--yardId-inner\"]"}
COMMAND: POST /session/bb1834e335885f2b4fe4c5c01cc3b2b8/element - {"using":"xpath","value":"//input[@id=\"application-manageyards-display-component---NewYard--yardId-inner\"]"}
RESULT: {"using":"xpath","value":"//input[@id=\"application-manageyards-display-component---NewYard--yardId-inner\"]"}
COMMAND: POST /session/bb1834e335885f2b4fe4c5c01cc3b2b8/execute/async - {"script":"<script> [1562 bytes]","args":[{"selector":{"id":"application-manageyards-display-component---NewYard--addressDetailDetailsName1","interaction":{"idSuffix":"inner"}},"wdio_ui5_key":"applicationmanageyards-display-component---NewYard--addressDetailDetailsName1"}]}
RESULT: {"script":"<script> [1562 bytes]","args":[{"selector":{"id":"application-manageyards-display-component---NewYard--addressDetailDetailsName1","interaction":{"idSuffix":"inner"}},"wdio_ui5_key":"applicationmanageyards-display-component---NewYard--addressDetailDetailsName1"}]}
RESULT: undefined
COMMAND: POST /session/bb1834e335885f2b4fe4c5c01cc3b2b8/execute/async - {"script":"<script> [776 bytes]","args":[{"enterText":"Intracompany Yard wdIO","selector":{"id":"application-manageyards-display-component---NewYard--addressDetailDetailsName1","interaction":{"idSuffix":"inner"}},"clearTextFirst":true,"interactionType":"ENTER_TEXT"}]}
RESULT: {"script":"<script> [776 bytes]","args":[{"enterText":"Intracompany Yard wdIO","selector":{"id":"application-manageyards-display-component---NewYard--addressDetailDetailsName1","interaction":{"idSuffix":"inner"}},"clearTextFirst":true,"interactionType":"ENTER_TEXT"}]}
COMMAND: POST /session/bb1834e335885f2b4fe4c5c01cc3b2b8/execute/async - {"script":"<script> [1562 bytes]","args":[{"selector":{"id":"application-manageyards-display-component---NewYard--addressDetailDetailsLanguage-arrow"},"wdio_ui5_key":"applicationmanageyards-display-component---NewYard--addressDetailDetailsLanguage-arrow"}]}
RESULT: {"script":"<script> [1562 bytes]","args":[{"selector":{"id":"application-manageyards-display-component---NewYard--addressDetailDetailsLanguage-arrow"},"wdio_ui5_key":"applicationmanageyards-display-component---NewYard--addressDetailDetailsLanguage-arrow"}]}
RESULT: undefined
COMMAND: POST /session/bb1834e335885f2b4fe4c5c01cc3b2b8/element - {"using":"xpath","value":"//*[@id=\"application-manageyards-display-component---NewYard--addressDetailDetailsLanguage-arrow\"]"}
RESULT: {"using":"xpath","value":"//*[@id=\"application-manageyards-display-component---NewYard--addressDetailDetailsLanguage-arrow\"]"}
COMMAND: POST /session/bb1834e335885f2b4fe4c5c01cc3b2b8/element/f.C3E96304196E694327087280E5B350FD.d.8C9B6076504A4324ED99FED162994EBA.e.9903/click - {}
RESULT: {}
COMMAND: POST /session/bb1834e335885f2b4fe4c5c01cc3b2b8/element - {"using":"xpath","value":"//span[contains(text(), \"English\")]"}
COMMAND: GET /session/bb1834e335885f2b4fe4c5c01cc3b2b8/screenshot - {}
RESULT: {"using":"xpath","value":"//span[contains(text(), \"English\")]"}
COMMAND: POST /session/bb1834e335885f2b4fe4c5c01cc3b2b8/element/f.C3E96304196E694327087280E5B350FD.d.8C9B6076504A4324ED99FED162994EBA.e.9904/click - {}
RESULT: {}
RESULT: {}
COMMAND: POST /session/bb1834e335885f2b4fe4c5c01cc3b2b8/execute/async - {"script":"<script> [1562 bytes]","args":[{"selector":{"id":"application-manageyards-display-component---NewYard--addressDetailDetailsCity1","interaction":{"idSuffix":"inner"}},"wdio_ui5_key":"applicationmanageyards-display-component---NewYard--addressDetailDetailsCity1"}]}
COMMAND: GET /session/bb1834e335885f2b4fe4c5c01cc3b2b8/screenshot - {}
RESULT: {"script":"<script> [1562 bytes]","args":[{"selector":{"id":"application-manageyards-display-component---NewYard--addressDetailDetailsCity1","interaction":{"idSuffix":"inner"}},"wdio_ui5_key":"applicationmanageyards-display-component---NewYard--addressDetailDetailsCity1"}]}
RESULT: undefined
COMMAND: POST /session/bb1834e335885f2b4fe4c5c01cc3b2b8/execute/async - {"script":"<script> [776 bytes]","args":[{"enterText":"Rosario","selector":{"id":"application-manageyards-display-component---NewYard--addressDetailDetailsCity1","interaction":{"idSuffix":"inner"}},"clearTextFirst":true,"interactionType":"ENTER_TEXT"}]}
RESULT: {}
RESULT: {"script":"<script> [776 bytes]","args":[{"enterText":"Rosario","selector":{"id":"application-manageyards-display-component---NewYard--addressDetailDetailsCity1","interaction":{"idSuffix":"inner"}},"clearTextFirst":true,"interactionType":"ENTER_TEXT"}]}
COMMAND: POST /session/bb1834e335885f2b4fe4c5c01cc3b2b8/execute/async - {"script":"<script> [1562 bytes]","args":[{"selector":{"id":"application-manageyards-display-component---NewYard--addressDetailDetailsCountry-arrow"},"wdio_ui5_key":"applicationmanageyards-display-component---NewYard--addressDetailDetailsCountry-arrow"}]}
RESULT: {"script":"<script> [1562 bytes]","args":[{"selector":{"id":"application-manageyards-display-component---NewYard--addressDetailDetailsCountry-arrow"},"wdio_ui5_key":"applicationmanageyards-display-component---NewYard--addressDetailDetailsCountry-arrow"}]}
RESULT: undefined
COMMAND: POST /session/bb1834e335885f2b4fe4c5c01cc3b2b8/element - {"using":"xpath","value":"//*[@id=\"application-manageyards-display-component---NewYard--addressDetailDetailsCountry-arrow\"]"}
RESULT: {"using":"xpath","value":"//*[@id=\"application-manageyards-display-component---NewYard--addressDetailDetailsCountry-arrow\"]"}
COMMAND: POST /session/bb1834e335885f2b4fe4c5c01cc3b2b8/element/f.C3E96304196E694327087280E5B350FD.d.8C9B6076504A4324ED99FED162994EBA.e.9906/click - {}
RESULT: {}
COMMAND: POST /session/bb1834e335885f2b4fe4c5c01cc3b2b8/element - {"using":"xpath","value":"//span[contains(text(), \"Argentina\")]"}
COMMAND: GET /session/bb1834e335885f2b4fe4c5c01cc3b2b8/screenshot - {}
RESULT: {"using":"xpath","value":"//span[contains(text(), \"Argentina\")]"}
COMMAND: POST /session/bb1834e335885f2b4fe4c5c01cc3b2b8/element/f.C3E96304196E694327087280E5B350FD.d.8C9B6076504A4324ED99FED162994EBA.e.9907/click - {}
RESULT: {}
RESULT: {}
COMMAND: POST /session/bb1834e335885f2b4fe4c5c01cc3b2b8/execute/async - {"script":"<script> [1562 bytes]","args":[{"selector":{"id":"application-manageyards-display-component---NewYard--addressEditDetailsCostObjectCstType-arrow"},"wdio_ui5_key":"applicationmanageyards-display-component---NewYard--addressEditDetailsCostObjectCstType-arrow"}]}
COMMAND: GET /session/bb1834e335885f2b4fe4c5c01cc3b2b8/screenshot - {}
RESULT: {"script":"<script> [1562 bytes]","args":[{"selector":{"id":"application-manageyards-display-component---NewYard--addressEditDetailsCostObjectCstType-arrow"},"wdio_ui5_key":"applicationmanageyards-display-component---NewYard--addressEditDetailsCostObjectCstType-arrow"}]}
RESULT: undefined
COMMAND: POST /session/bb1834e335885f2b4fe4c5c01cc3b2b8/element - {"using":"xpath","value":"//*[@id=\"application-manageyards-display-component---NewYard--addressEditDetailsCostObjectCstType-arrow\"]"}
RESULT: {}
RESULT: {"using":"xpath","value":"//*[@id=\"application-manageyards-display-component---NewYard--addressEditDetailsCostObjectCstType-arrow\"]"}
COMMAND: POST /session/bb1834e335885f2b4fe4c5c01cc3b2b8/element/f.C3E96304196E694327087280E5B350FD.d.8C9B6076504A4324ED99FED162994EBA.e.9909/click - {}
RESULT: {}
COMMAND: POST /session/bb1834e335885f2b4fe4c5c01cc3b2b8/element - {"using":"xpath","value":"//span[contains(text(), \"Cost Center\")]"}
COMMAND: GET /session/bb1834e335885f2b4fe4c5c01cc3b2b8/screenshot - {}
RESULT: {"using":"xpath","value":"//span[contains(text(), \"Cost Center\")]"}
COMMAND: POST /session/bb1834e335885f2b4fe4c5c01cc3b2b8/element/f.C3E96304196E694327087280E5B350FD.d.8C9B6076504A4324ED99FED162994EBA.e.9910/click - {}
RESULT: {}
RESULT: {}
COMMAND: GET /session/bb1834e335885f2b4fe4c5c01cc3b2b8/screenshot - {}
RESULT: {}
COMMAND: POST /session/bb1834e335885f2b4fe4c5c01cc3b2b8/element - {"using":"xpath","value":"//span[@id=\"application-manageyards-display-component---NewYard--addressNewCostObjectCstID-vhi\"]"}
RESULT: {"using":"xpath","value":"//span[@id=\"application-manageyards-display-component---NewYard--addressNewCostObjectCstID-vhi\"]"}
COMMAND: POST /session/bb1834e335885f2b4fe4c5c01cc3b2b8/execute/sync - {"script":"<script> [8489 bytes]","args":[{"element-6066-11e4-a52e-4f735466cecf":"f.C3E96304196E694327087280E5B350FD.d.8C9B6076504A4324ED99FED162994EBA.e.9914","ELEMENT":"f.C3E96304196E694327087280E5B350FD.d.8C9B6076504A4324ED99FED162994EBA.e.9914"}]}
RESULT: {"script":"<script> [8489 bytes]","args":[{"element-6066-11e4-a52e-4f735466cecf":"f.C3E96304196E694327087280E5B350FD.d.8C9B6076504A4324ED99FED162994EBA.e.9914","ELEMENT":"f.C3E96304196E694327087280E5B350FD.d.8C9B6076504A4324ED99FED162994EBA.e.9914"}]}
COMMAND: POST /session/bb1834e335885f2b4fe4c5c01cc3b2b8/execute/async - {"script":"<script> [1562 bytes]","args":[{"selector":{"id":"application-manageyards-display-component---NewYard--addressNewCostObjectCstID-vhi"},"wdio_ui5_key":"applicationmanageyards-display-component---NewYard--addressNewCostObjectCstID-vhi"}]}
COMMAND: GET /session/bb1834e335885f2b4fe4c5c01cc3b2b8/screenshot - {}
RESULT: {"script":"<script> [1562 bytes]","args":[{"selector":{"id":"application-manageyards-display-component---NewYard--addressNewCostObjectCstID-vhi"},"wdio_ui5_key":"applicationmanageyards-display-component---NewYard--addressNewCostObjectCstID-vhi"}]}
RESULT: undefined
COMMAND: POST /session/bb1834e335885f2b4fe4c5c01cc3b2b8/element - {"using":"xpath","value":"//*[@id=\"application-manageyards-display-component---NewYard--addressNewCostObjectCstID-vhi\"]"}
RESULT: {}
RESULT: {"using":"xpath","value":"//*[@id=\"application-manageyards-display-component---NewYard--addressNewCostObjectCstID-vhi\"]"}
COMMAND: POST /session/bb1834e335885f2b4fe4c5c01cc3b2b8/element/f.C3E96304196E694327087280E5B350FD.d.8C9B6076504A4324ED99FED162994EBA.e.9914/click - {}
RESULT: {}
COMMAND: GET /session/bb1834e335885f2b4fe4c5c01cc3b2b8/screenshot - {}
RESULT: {}
COMMAND: POST /session/bb1834e335885f2b4fe4c5c01cc3b2b8/execute/async - {"script":"<script> [1562 bytes]","args":[{"selector":{"controlType":"sap.m.SearchField","properties":{"placeholder":"Search"},"searchOpenDialogs":true,"interaction":{"idSuffix":"I"}},"wdio_ui5_key":"sapm.SearchField{\"placeholder\":\"Search\"}"}]}
RESULT: {"script":"<script> [1562 bytes]","args":[{"selector":{"controlType":"sap.m.SearchField","properties":{"placeholder":"Search"},"searchOpenDialogs":true,"interaction":{"idSuffix":"I"}},"wdio_ui5_key":"sapm.SearchField{\"placeholder\":\"Search\"}"}]}
RESULT: undefined
COMMAND: POST /session/bb1834e335885f2b4fe4c5c01cc3b2b8/execute/async - {"script":"<script> [776 bytes]","args":[{"enterText":"bauh_b","selector":{"controlType":"sap.m.SearchField","properties":{"placeholder":"Search"},"searchOpenDialogs":true,"interaction":{"idSuffix":"I"}},"clearTextFirst":true,"interactionType":"ENTER_TEXT"}]}
RESULT: {"script":"<script> [776 bytes]","args":[{"enterText":"bauh_b","selector":{"controlType":"sap.m.SearchField","properties":{"placeholder":"Search"},"searchOpenDialogs":true,"interaction":{"idSuffix":"I"}},"clearTextFirst":true,"interactionType":"ENTER_TEXT"}]}
COMMAND: POST /session/bb1834e335885f2b4fe4c5c01cc3b2b8/actions - {"actions":[{"id":"action26","type":"key","parameters":{},"actions":[{"type":"keyDown","value":""},{"type":"pause","duration":10},{"type":"keyUp","value":""}]}]}
RESULT: {"actions":[{"id":"action26","type":"key","parameters":{},"actions":[{"type":"keyDown","value":""},{"type":"pause","duration":10},{"type":"keyUp","value":""}]}]}
COMMAND: GET /session/bb1834e335885f2b4fe4c5c01cc3b2b8/screenshot - {}
RESULT: {}
COMMAND: POST /session/bb1834e335885f2b4fe4c5c01cc3b2b8/element - {"using":"xpath","value":"//span[contains(text(), \"Demo Yard\")]"}
RESULT: {"using":"xpath","value":"//span[contains(text(), \"Demo Yard\")]"}
COMMAND: POST /session/bb1834e335885f2b4fe4c5c01cc3b2b8/element/f.C3E96304196E694327087280E5B350FD.d.8C9B6076504A4324ED99FED162994EBA.e.9955/click - {}
RESULT: {}
COMMAND: GET /session/bb1834e335885f2b4fe4c5c01cc3b2b8/screenshot - {}
RESULT: {}
COMMAND: POST /session/bb1834e335885f2b4fe4c5c01cc3b2b8/element - {"using":"xpath","value":"//bdi[contains(text(), \"OK\")]"}
RESULT: {"using":"xpath","value":"//bdi[contains(text(), \"OK\")]"}
COMMAND: POST /session/bb1834e335885f2b4fe4c5c01cc3b2b8/element/f.C3E96304196E694327087280E5B350FD.d.8C9B6076504A4324ED99FED162994EBA.e.9956/click - {}
RESULT: {}
COMMAND: GET /session/bb1834e335885f2b4fe4c5c01cc3b2b8/screenshot - {}
RESULT: {}
COMMAND: POST /session/bb1834e335885f2b4fe4c5c01cc3b2b8/execute/async - {"script":"<script> [1562 bytes]","args":[{"selector":{"id":"application-manageyards-display-component---NewYard--addressEditDetailsCurrency-arrow"},"wdio_ui5_key":"applicationmanageyards-display-component---NewYard--addressEditDetailsCurrency-arrow"}]}
RESULT: {"script":"<script> [1562 bytes]","args":[{"selector":{"id":"application-manageyards-display-component---NewYard--addressEditDetailsCurrency-arrow"},"wdio_ui5_key":"applicationmanageyards-display-component---NewYard--addressEditDetailsCurrency-arrow"}]}
RESULT: undefined
COMMAND: POST /session/bb1834e335885f2b4fe4c5c01cc3b2b8/element - {"using":"xpath","value":"//*[@id=\"application-manageyards-display-component---NewYard--addressEditDetailsCurrency-arrow\"]"}
RESULT: {"using":"xpath","value":"//*[@id=\"application-manageyards-display-component---NewYard--addressEditDetailsCurrency-arrow\"]"}
COMMAND: POST /session/bb1834e335885f2b4fe4c5c01cc3b2b8/element/f.C3E96304196E694327087280E5B350FD.d.8C9B6076504A4324ED99FED162994EBA.e.9959/click - {}
RESULT: {}
COMMAND: POST /session/bb1834e335885f2b4fe4c5c01cc3b2b8/element - {"using":"xpath","value":"//span[contains(text(), \"Euro\")]"}
COMMAND: GET /session/bb1834e335885f2b4fe4c5c01cc3b2b8/screenshot - {}
RESULT: {"using":"xpath","value":"//span[contains(text(), \"Euro\")]"}
COMMAND: POST /session/bb1834e335885f2b4fe4c5c01cc3b2b8/element/f.C3E96304196E694327087280E5B350FD.d.8C9B6076504A4324ED99FED162994EBA.e.9960/click - {}
RESULT: {}
RESULT: {}
COMMAND: POST /session/bb1834e335885f2b4fe4c5c01cc3b2b8/execute/async - {"script":"<script> [1562 bytes]","args":[{"selector":{"controlType":"sap.m.Input","viewName":"etm.portal.ui.manageyards.view.New","viewId":"application-manageyards-display-component---NewYard","bindingPath":{"path":"","propertyPath":"/CONTROLLING_AREA","modelName":"NewYardModel"},"interaction":{"idSuffix":"inner"}},"wdio_ui5_key":"etmportal.ui.manageyards.view.Newsap.m.Input{\"path\":\"\",\"propertyPath\":\"/CONTROLLING_AREA\",\"modelName\":\"NewYardModel\"}"}]}
COMMAND: GET /session/bb1834e335885f2b4fe4c5c01cc3b2b8/screenshot - {}
RESULT: {"script":"<script> [1562 bytes]","args":[{"selector":{"controlType":"sap.m.Input","viewName":"etm.portal.ui.manageyards.view.New","viewId":"application-manageyards-display-component---NewYard","bindingPath":{"path":"","propertyPath":"/CONTROLLING_AREA","modelName":"NewYardModel"},"interaction":{"idSuffix":"inner"}},"wdio_ui5_key":"etmportal.ui.manageyards.view.Newsap.m.Input{\"path\":\"\",\"propertyPath\":\"/CONTROLLING_AREA\",\"modelName\":\"NewYardModel\"}"}]}
RESULT: undefined
COMMAND: POST /session/bb1834e335885f2b4fe4c5c01cc3b2b8/execute/async - {"script":"<script> [776 bytes]","args":[{"enterText":"Z001","selector":{"controlType":"sap.m.Input","viewName":"etm.portal.ui.manageyards.view.New","viewId":"application-manageyards-display-component---NewYard","bindingPath":{"path":"","propertyPath":"/CONTROLLING_AREA","modelName":"NewYardModel"},"interaction":{"idSuffix":"inner"}},"clearTextFirst":true,"interactionType":"ENTER_TEXT"}]}
RESULT: {}
RESULT: {"script":"<script> [776 bytes]","args":[{"enterText":"Z001","selector":{"controlType":"sap.m.Input","viewName":"etm.portal.ui.manageyards.view.New","viewId":"application-manageyards-display-component---NewYard","bindingPath":{"path":"","propertyPath":"/CONTROLLING_AREA","modelName":"NewYardModel"},"interaction":{"idSuffix":"inner"}},"clearTextFirst":true,"interactionType":"ENTER_TEXT"}]}
COMMAND: POST /session/bb1834e335885f2b4fe4c5c01cc3b2b8/execute/async - {"script":"<script> [1562 bytes]","args":[{"selector":{"id":"application-manageyards-display-component---NewYard--companyCodeComboBox","interaction":{"idSuffix":"inner"}},"wdio_ui5_key":"applicationmanageyards-display-component---NewYard--companyCodeComboBox"}]}
RESULT: {"script":"<script> [1562 bytes]","args":[{"selector":{"id":"application-manageyards-display-component---NewYard--companyCodeComboBox","interaction":{"idSuffix":"inner"}},"wdio_ui5_key":"applicationmanageyards-display-component---NewYard--companyCodeComboBox"}]}
RESULT: undefined
COMMAND: POST /session/bb1834e335885f2b4fe4c5c01cc3b2b8/execute/async - {"script":"<script> [776 bytes]","args":[{"enterText":"1000","selector":{"id":"application-manageyards-display-component---NewYard--companyCodeComboBox","interaction":{"idSuffix":"inner"}},"clearTextFirst":true,"interactionType":"ENTER_TEXT"}]}
RESULT: {"script":"<script> [776 bytes]","args":[{"enterText":"1000","selector":{"id":"application-manageyards-display-component---NewYard--companyCodeComboBox","interaction":{"idSuffix":"inner"}},"clearTextFirst":true,"interactionType":"ENTER_TEXT"}]}
COMMAND: POST /session/bb1834e335885f2b4fe4c5c01cc3b2b8/execute/async - {"script":"<script> [1562 bytes]","args":[{"selector":{"controlType":"sap.m.Input","viewName":"etm.portal.ui.manageyards.view.New","viewId":"application-manageyards-display-component---NewYard","bindingPath":{"path":"","propertyPath":"/PLANT","modelName":"NewYardModel"},"interaction":{"idSuffix":"inner"}},"wdio_ui5_key":"etmportal.ui.manageyards.view.Newsap.m.Input{\"path\":\"\",\"propertyPath\":\"/PLANT\",\"modelName\":\"NewYardModel\"}"}]}
RESULT: {"script":"<script> [1562 bytes]","args":[{"selector":{"controlType":"sap.m.Input","viewName":"etm.portal.ui.manageyards.view.New","viewId":"application-manageyards-display-component---NewYard","bindingPath":{"path":"","propertyPath":"/PLANT","modelName":"NewYardModel"},"interaction":{"idSuffix":"inner"}},"wdio_ui5_key":"etmportal.ui.manageyards.view.Newsap.m.Input{\"path\":\"\",\"propertyPath\":\"/PLANT\",\"modelName\":\"NewYardModel\"}"}]}
RESULT: undefined
COMMAND: POST /session/bb1834e335885f2b4fe4c5c01cc3b2b8/execute/async - {"script":"<script> [776 bytes]","args":[{"enterText":"1001","selector":{"controlType":"sap.m.Input","viewName":"etm.portal.ui.manageyards.view.New","viewId":"application-manageyards-display-component---NewYard","bindingPath":{"path":"","propertyPath":"/PLANT","modelName":"NewYardModel"},"interaction":{"idSuffix":"inner"}},"clearTextFirst":true,"interactionType":"ENTER_TEXT"}]}
RESULT: {"script":"<script> [776 bytes]","args":[{"enterText":"1001","selector":{"controlType":"sap.m.Input","viewName":"etm.portal.ui.manageyards.view.New","viewId":"application-manageyards-display-component---NewYard","bindingPath":{"path":"","propertyPath":"/PLANT","modelName":"NewYardModel"},"interaction":{"idSuffix":"inner"}},"clearTextFirst":true,"interactionType":"ENTER_TEXT"}]}
COMMAND: POST /session/bb1834e335885f2b4fe4c5c01cc3b2b8/execute/async - {"script":"<script> [1562 bytes]","args":[{"selector":{"controlType":"sap.m.Input","viewName":"etm.portal.ui.manageyards.view.New","viewId":"application-manageyards-display-component---NewYard","bindingPath":{"path":"","propertyPath":"/SALES_AREA_VKORG","modelName":"NewYardModel"},"interaction":{"idSuffix":"inner"}},"wdio_ui5_key":"etmportal.ui.manageyards.view.Newsap.m.Input{\"path\":\"\",\"propertyPath\":\"/SALES_AREA_VKORG\",\"modelName\":\"NewYardModel\"}"}]}
RESULT: {"script":"<script> [1562 bytes]","args":[{"selector":{"controlType":"sap.m.Input","viewName":"etm.portal.ui.manageyards.view.New","viewId":"application-manageyards-display-component---NewYard","bindingPath":{"path":"","propertyPath":"/SALES_AREA_VKORG","modelName":"NewYardModel"},"interaction":{"idSuffix":"inner"}},"wdio_ui5_key":"etmportal.ui.manageyards.view.Newsap.m.Input{\"path\":\"\",\"propertyPath\":\"/SALES_AREA_VKORG\",\"modelName\":\"NewYardModel\"}"}]}
RESULT: undefined
COMMAND: POST /session/bb1834e335885f2b4fe4c5c01cc3b2b8/execute/async - {"script":"<script> [776 bytes]","args":[{"enterText":"C002","selector":{"controlType":"sap.m.Input","viewName":"etm.portal.ui.manageyards.view.New","viewId":"application-manageyards-display-component---NewYard","bindingPath":{"path":"","propertyPath":"/SALES_AREA_VKORG","modelName":"NewYardModel"},"interaction":{"idSuffix":"inner"}},"clearTextFirst":true,"interactionType":"ENTER_TEXT"}]}
RESULT: {"script":"<script> [776 bytes]","args":[{"enterText":"C002","selector":{"controlType":"sap.m.Input","viewName":"etm.portal.ui.manageyards.view.New","viewId":"application-manageyards-display-component---NewYard","bindingPath":{"path":"","propertyPath":"/SALES_AREA_VKORG","modelName":"NewYardModel"},"interaction":{"idSuffix":"inner"}},"clearTextFirst":true,"interactionType":"ENTER_TEXT"}]}
COMMAND: POST /session/bb1834e335885f2b4fe4c5c01cc3b2b8/execute/async - {"script":"<script> [1562 bytes]","args":[{"selector":{"controlType":"sap.m.Input","viewName":"etm.portal.ui.manageyards.view.New","viewId":"application-manageyards-display-component---NewYard","bindingPath":{"path":"","propertyPath":"/SALES_AREA_VTWEG","modelName":"NewYardModel"},"interaction":{"idSuffix":"inner"}},"wdio_ui5_key":"etmportal.ui.manageyards.view.Newsap.m.Input{\"path\":\"\",\"propertyPath\":\"/SALES_AREA_VTWEG\",\"modelName\":\"NewYardModel\"}"}]}
RESULT: {"script":"<script> [1562 bytes]","args":[{"selector":{"controlType":"sap.m.Input","viewName":"etm.portal.ui.manageyards.view.New","viewId":"application-manageyards-display-component---NewYard","bindingPath":{"path":"","propertyPath":"/SALES_AREA_VTWEG","modelName":"NewYardModel"},"interaction":{"idSuffix":"inner"}},"wdio_ui5_key":"etmportal.ui.manageyards.view.Newsap.m.Input{\"path\":\"\",\"propertyPath\":\"/SALES_AREA_VTWEG\",\"modelName\":\"NewYardModel\"}"}]}
RESULT: undefined
COMMAND: POST /session/bb1834e335885f2b4fe4c5c01cc3b2b8/execute/async - {"script":"<script> [776 bytes]","args":[{"enterText":"C2","selector":{"controlType":"sap.m.Input","viewName":"etm.portal.ui.manageyards.view.New","viewId":"application-manageyards-display-component---NewYard","bindingPath":{"path":"","propertyPath":"/SALES_AREA_VTWEG","modelName":"NewYardModel"},"interaction":{"idSuffix":"inner"}},"clearTextFirst":true,"interactionType":"ENTER_TEXT"}]}
RESULT: {"script":"<script> [776 bytes]","args":[{"enterText":"C2","selector":{"controlType":"sap.m.Input","viewName":"etm.portal.ui.manageyards.view.New","viewId":"application-manageyards-display-component---NewYard","bindingPath":{"path":"","propertyPath":"/SALES_AREA_VTWEG","modelName":"NewYardModel"},"interaction":{"idSuffix":"inner"}},"clearTextFirst":true,"interactionType":"ENTER_TEXT"}]}
COMMAND: POST /session/bb1834e335885f2b4fe4c5c01cc3b2b8/execute/async - {"script":"<script> [1562 bytes]","args":[{"selector":{"controlType":"sap.m.Input","viewName":"etm.portal.ui.manageyards.view.New","viewId":"application-manageyards-display-component---NewYard","bindingPath":{"path":"","propertyPath":"/SALES_AREA_SPART","modelName":"NewYardModel"},"interaction":{"idSuffix":"inner"}},"wdio_ui5_key":"etmportal.ui.manageyards.view.Newsap.m.Input{\"path\":\"\",\"propertyPath\":\"/SALES_AREA_SPART\",\"modelName\":\"NewYardModel\"}"}]}
RESULT: {"script":"<script> [1562 bytes]","args":[{"selector":{"controlType":"sap.m.Input","viewName":"etm.portal.ui.manageyards.view.New","viewId":"application-manageyards-display-component---NewYard","bindingPath":{"path":"","propertyPath":"/SALES_AREA_SPART","modelName":"NewYardModel"},"interaction":{"idSuffix":"inner"}},"wdio_ui5_key":"etmportal.ui.manageyards.view.Newsap.m.Input{\"path\":\"\",\"propertyPath\":\"/SALES_AREA_SPART\",\"modelName\":\"NewYardModel\"}"}]}
RESULT: undefined
COMMAND: POST /session/bb1834e335885f2b4fe4c5c01cc3b2b8/execute/async - {"script":"<script> [776 bytes]","args":[{"enterText":"C2","selector":{"controlType":"sap.m.Input","viewName":"etm.portal.ui.manageyards.view.New","viewId":"application-manageyards-display-component---NewYard","bindingPath":{"path":"","propertyPath":"/SALES_AREA_SPART","modelName":"NewYardModel"},"interaction":{"idSuffix":"inner"}},"clearTextFirst":true,"interactionType":"ENTER_TEXT"}]}
RESULT: {"script":"<script> [776 bytes]","args":[{"enterText":"C2","selector":{"controlType":"sap.m.Input","viewName":"etm.portal.ui.manageyards.view.New","viewId":"application-manageyards-display-component---NewYard","bindingPath":{"path":"","propertyPath":"/SALES_AREA_SPART","modelName":"NewYardModel"},"interaction":{"idSuffix":"inner"}},"clearTextFirst":true,"interactionType":"ENTER_TEXT"}]}
COMMAND: POST /session/bb1834e335885f2b4fe4c5c01cc3b2b8/execute/async - {"script":"<script> [1562 bytes]","args":[{"selector":{"controlType":"sap.m.Input","viewName":"etm.portal.ui.manageyards.view.New","viewId":"application-manageyards-display-component---NewYard","bindingPath":{"path":"","propertyPath":"/SHIP_POINT","modelName":"NewYardModel"},"interaction":{"idSuffix":"inner"}},"wdio_ui5_key":"etmportal.ui.manageyards.view.Newsap.m.Input{\"path\":\"\",\"propertyPath\":\"/SHIP_POINT\",\"modelName\":\"NewYardModel\"}"}]}
RESULT: {"script":"<script> [1562 bytes]","args":[{"selector":{"controlType":"sap.m.Input","viewName":"etm.portal.ui.manageyards.view.New","viewId":"application-manageyards-display-component---NewYard","bindingPath":{"path":"","propertyPath":"/SHIP_POINT","modelName":"NewYardModel"},"interaction":{"idSuffix":"inner"}},"wdio_ui5_key":"etmportal.ui.manageyards.view.Newsap.m.Input{\"path\":\"\",\"propertyPath\":\"/SHIP_POINT\",\"modelName\":\"NewYardModel\"}"}]}
RESULT: undefined
COMMAND: POST /session/bb1834e335885f2b4fe4c5c01cc3b2b8/execute/async - {"script":"<script> [776 bytes]","args":[{"enterText":"1710","selector":{"controlType":"sap.m.Input","viewName":"etm.portal.ui.manageyards.view.New","viewId":"application-manageyards-display-component---NewYard","bindingPath":{"path":"","propertyPath":"/SHIP_POINT","modelName":"NewYardModel"},"interaction":{"idSuffix":"inner"}},"clearTextFirst":true,"interactionType":"ENTER_TEXT"}]}
RESULT: {"script":"<script> [776 bytes]","args":[{"enterText":"1710","selector":{"controlType":"sap.m.Input","viewName":"etm.portal.ui.manageyards.view.New","viewId":"application-manageyards-display-component---NewYard","bindingPath":{"path":"","propertyPath":"/SHIP_POINT","modelName":"NewYardModel"},"interaction":{"idSuffix":"inner"}},"clearTextFirst":true,"interactionType":"ENTER_TEXT"}]}
COMMAND: POST /session/bb1834e335885f2b4fe4c5c01cc3b2b8/execute/async - {"script":"<script> [1562 bytes]","args":[{"selector":{"controlType":"sap.m.Input","viewName":"etm.portal.ui.manageyards.view.New","viewId":"application-manageyards-display-component---NewYard","bindingPath":{"path":"","propertyPath":"/DELIVERY_TYPE","modelName":"NewYardModel"},"interaction":{"idSuffix":"inner"}},"wdio_ui5_key":"etmportal.ui.manageyards.view.Newsap.m.Input{\"path\":\"\",\"propertyPath\":\"/DELIVERY_TYPE\",\"modelName\":\"NewYardModel\"}"}]}
RESULT: {"script":"<script> [1562 bytes]","args":[{"selector":{"controlType":"sap.m.Input","viewName":"etm.portal.ui.manageyards.view.New","viewId":"application-manageyards-display-component---NewYard","bindingPath":{"path":"","propertyPath":"/DELIVERY_TYPE","modelName":"NewYardModel"},"interaction":{"idSuffix":"inner"}},"wdio_ui5_key":"etmportal.ui.manageyards.view.Newsap.m.Input{\"path\":\"\",\"propertyPath\":\"/DELIVERY_TYPE\",\"modelName\":\"NewYardModel\"}"}]}
RESULT: undefined
COMMAND: POST /session/bb1834e335885f2b4fe4c5c01cc3b2b8/execute/async - {"script":"<script> [776 bytes]","args":[{"enterText":"ZL01","selector":{"controlType":"sap.m.Input","viewName":"etm.portal.ui.manageyards.view.New","viewId":"application-manageyards-display-component---NewYard","bindingPath":{"path":"","propertyPath":"/DELIVERY_TYPE","modelName":"NewYardModel"},"interaction":{"idSuffix":"inner"}},"clearTextFirst":true,"interactionType":"ENTER_TEXT"}]}
RESULT: {"script":"<script> [776 bytes]","args":[{"enterText":"ZL01","selector":{"controlType":"sap.m.Input","viewName":"etm.portal.ui.manageyards.view.New","viewId":"application-manageyards-display-component---NewYard","bindingPath":{"path":"","propertyPath":"/DELIVERY_TYPE","modelName":"NewYardModel"},"interaction":{"idSuffix":"inner"}},"clearTextFirst":true,"interactionType":"ENTER_TEXT"}]}
COMMAND: POST /session/bb1834e335885f2b4fe4c5c01cc3b2b8/execute/async - {"script":"<script> [1562 bytes]","args":[{"selector":{"controlType":"sap.m.Input","viewName":"etm.portal.ui.manageyards.view.New","viewId":"application-manageyards-display-component---NewYard","bindingPath":{"path":"","propertyPath":"/AUART","modelName":"NewYardModel"},"interaction":{"idSuffix":"inner"}},"wdio_ui5_key":"etmportal.ui.manageyards.view.Newsap.m.Input{\"path\":\"\",\"propertyPath\":\"/AUART\",\"modelName\":\"NewYardModel\"}"}]}
RESULT: {"script":"<script> [1562 bytes]","args":[{"selector":{"controlType":"sap.m.Input","viewName":"etm.portal.ui.manageyards.view.New","viewId":"application-manageyards-display-component---NewYard","bindingPath":{"path":"","propertyPath":"/AUART","modelName":"NewYardModel"},"interaction":{"idSuffix":"inner"}},"wdio_ui5_key":"etmportal.ui.manageyards.view.Newsap.m.Input{\"path\":\"\",\"propertyPath\":\"/AUART\",\"modelName\":\"NewYardModel\"}"}]}
RESULT: undefined
COMMAND: POST /session/bb1834e335885f2b4fe4c5c01cc3b2b8/execute/async - {"script":"<script> [776 bytes]","args":[{"enterText":"TA","selector":{"controlType":"sap.m.Input","viewName":"etm.portal.ui.manageyards.view.New","viewId":"application-manageyards-display-component---NewYard","bindingPath":{"path":"","propertyPath":"/AUART","modelName":"NewYardModel"},"interaction":{"idSuffix":"inner"}},"clearTextFirst":true,"interactionType":"ENTER_TEXT"}]}
RESULT: {"script":"<script> [776 bytes]","args":[{"enterText":"TA","selector":{"controlType":"sap.m.Input","viewName":"etm.portal.ui.manageyards.view.New","viewId":"application-manageyards-display-component---NewYard","bindingPath":{"path":"","propertyPath":"/AUART","modelName":"NewYardModel"},"interaction":{"idSuffix":"inner"}},"clearTextFirst":true,"interactionType":"ENTER_TEXT"}]}
COMMAND: POST /session/bb1834e335885f2b4fe4c5c01cc3b2b8/element - {"using":"xpath","value":"//button[@data-kt=\"newYardSaveButton\"]"}
RESULT: {"using":"xpath","value":"//button[@data-kt=\"newYardSaveButton\"]"}
COMMAND: POST /session/bb1834e335885f2b4fe4c5c01cc3b2b8/element/f.C3E96304196E694327087280E5B350FD.d.8C9B6076504A4324ED99FED162994EBA.e.9868/click - {}
RESULT: {}
COMMAND: GET /session/bb1834e335885f2b4fe4c5c01cc3b2b8/screenshot - {}
RESULT: {}
COMMAND: POST /session/bb1834e335885f2b4fe4c5c01cc3b2b8/element - {"using":"xpath","value":"//header[contains(@id, 'ObjectPageLayout-headerTitle')]/div[1]/div[2]/div[1]/span[1]"}
RESULT: {"using":"xpath","value":"//header[contains(@id, 'ObjectPageLayout-headerTitle')]/div[1]/div[2]/div[1]/span[1]"}
COMMAND: POST /session/bb1834e335885f2b4fe4c5c01cc3b2b8/elements - {"using":"xpath","value":"//header[contains(@id, 'ObjectPageLayout-headerTitle')]/div[1]/div[2]/div[1]/span[1]"}
RESULT: {"using":"xpath","value":"//header[contains(@id, 'ObjectPageLayout-headerTitle')]/div[1]/div[2]/div[1]/span[1]"}
COMMAND: POST /session/bb1834e335885f2b4fe4c5c01cc3b2b8/execute/sync - {"script":"<script> [56 bytes]","args":[{"element-6066-11e4-a52e-4f735466cecf":"f.C3E96304196E694327087280E5B350FD.d.8C9B6076504A4324ED99FED162994EBA.e.10188","ELEMENT":"f.C3E96304196E694327087280E5B350FD.d.8C9B6076504A4324ED99FED162994EBA.e.10188"}]}
RESULT: {"script":"<script> [56 bytes]","args":[{"element-6066-11e4-a52e-4f735466cecf":"f.C3E96304196E694327087280E5B350FD.d.8C9B6076504A4324ED99FED162994EBA.e.10188","ELEMENT":"f.C3E96304196E694327087280E5B350FD.d.8C9B6076504A4324ED99FED162994EBA.e.10188"}]}
COMMAND: GET /session/bb1834e335885f2b4fe4c5c01cc3b2b8/screenshot - {}
RESULT: {}
COMMAND: POST /session/bb1834e335885f2b4fe4c5c01cc3b2b8/element - {"using":"css selector","value":"#shell-header-logo"}
RESULT: {"using":"css selector","value":"#shell-header-logo"}
COMMAND: POST /session/bb1834e335885f2b4fe4c5c01cc3b2b8/element/f.C3E96304196E694327087280E5B350FD.d.8C9B6076504A4324ED99FED162994EBA.e.9440/click - {}
RESULT: {}
COMMAND: GET /session/bb1834e335885f2b4fe4c5c01cc3b2b8/screenshot - {}
RESULT: {}
COMMAND: POST /session/bb1834e335885f2b4fe4c5c01cc3b2b8/execute/sync - {"script":"<script> [299 bytes]","args":[["getModel","getResource"]]}
RESULT: {"script":"<script> [299 bytes]","args":[["getModel","getResource"]]}
]]></system-out>
    </testcase>
    <testcase classname="chrome.136_0_7103_93.windows.Create_partner_US118246" name="Should create new external partner" time="101.183">
      <system-out><![CDATA[
COMMAND: GET /session/bb1834e335885f2b4fe4c5c01cc3b2b8/screenshot - {}
COMMAND: POST /session/bb1834e335885f2b4fe4c5c01cc3b2b8/window/fullscreen - {}
RESULT: {}
RESULT: {}
COMMAND: POST /session/bb1834e335885f2b4fe4c5c01cc3b2b8/execute/async - {"script":"<script> [1562 bytes]","args":[{"selector":{"controlType":"sap.m.GenericTile","properties":{"header":"Manage Partners"}},"wdio_ui5_key":"sapm.GenericTile{\"header\":\"Manage Partners\"}"}]}
RESULT: {"script":"<script> [1562 bytes]","args":[{"selector":{"controlType":"sap.m.GenericTile","properties":{"header":"Manage Partners"}},"wdio_ui5_key":"sapm.GenericTile{\"header\":\"Manage Partners\"}"}]}
RESULT: undefined
COMMAND: POST /session/bb1834e335885f2b4fe4c5c01cc3b2b8/element - {"using":"xpath","value":"//*[@id=\"__tile38\"]"}
RESULT: {"using":"xpath","value":"//*[@id=\"__tile38\"]"}
COMMAND: POST /session/bb1834e335885f2b4fe4c5c01cc3b2b8/element/f.C3E96304196E694327087280E5B350FD.d.8C9B6076504A4324ED99FED162994EBA.e.9324/click - {}
RESULT: {}
COMMAND: GET /session/bb1834e335885f2b4fe4c5c01cc3b2b8/screenshot - {}
RESULT: {}
COMMAND: POST /session/bb1834e335885f2b4fe4c5c01cc3b2b8/elements - {"using":"xpath","value":"//span[text()='Error']"}
RESULT: {"using":"xpath","value":"//span[text()='Error']"}
COMMAND: POST /session/bb1834e335885f2b4fe4c5c01cc3b2b8/element - {"using":"xpath","value":"//button[@data-kt=\"addButton\"]"}
RESULT: {"using":"xpath","value":"//button[@data-kt=\"addButton\"]"}
COMMAND: POST /session/bb1834e335885f2b4fe4c5c01cc3b2b8/elements - {"using":"xpath","value":"//button[@data-kt=\"addButton\"]"}
RESULT: {"using":"xpath","value":"//button[@data-kt=\"addButton\"]"}
COMMAND: POST /session/bb1834e335885f2b4fe4c5c01cc3b2b8/elements - {"using":"xpath","value":"//button[@data-kt=\"addButton\"]"}
RESULT: {"using":"xpath","value":"//button[@data-kt=\"addButton\"]"}
COMMAND: POST /session/bb1834e335885f2b4fe4c5c01cc3b2b8/element - {"using":"xpath","value":"//button[@data-kt=\"addButton\"]"}
RESULT: {"using":"xpath","value":"//button[@data-kt=\"addButton\"]"}
COMMAND: POST /session/bb1834e335885f2b4fe4c5c01cc3b2b8/execute/sync - {"script":"<script> [8489 bytes]","args":[{"element-6066-11e4-a52e-4f735466cecf":"f.C3E96304196E694327087280E5B350FD.d.8C9B6076504A4324ED99FED162994EBA.e.10236","ELEMENT":"f.C3E96304196E694327087280E5B350FD.d.8C9B6076504A4324ED99FED162994EBA.e.10236"}]}
RESULT: {"script":"<script> [8489 bytes]","args":[{"element-6066-11e4-a52e-4f735466cecf":"f.C3E96304196E694327087280E5B350FD.d.8C9B6076504A4324ED99FED162994EBA.e.10236","ELEMENT":"f.C3E96304196E694327087280E5B350FD.d.8C9B6076504A4324ED99FED162994EBA.e.10236"}]}
COMMAND: GET /session/bb1834e335885f2b4fe4c5c01cc3b2b8/element/f.C3E96304196E694327087280E5B350FD.d.8C9B6076504A4324ED99FED162994EBA.e.10236/enabled - {}
COMMAND: GET /session/bb1834e335885f2b4fe4c5c01cc3b2b8/screenshot - {}
RESULT: {}
COMMAND: POST /session/bb1834e335885f2b4fe4c5c01cc3b2b8/execute/sync - {"script":"<script> [8489 bytes]","args":[{"element-6066-11e4-a52e-4f735466cecf":"f.C3E96304196E694327087280E5B350FD.d.8C9B6076504A4324ED99FED162994EBA.e.10236","ELEMENT":"f.C3E96304196E694327087280E5B350FD.d.8C9B6076504A4324ED99FED162994EBA.e.10236"}]}
COMMAND: GET /session/bb1834e335885f2b4fe4c5c01cc3b2b8/screenshot - {}
RESULT: {}
RESULT: {"script":"<script> [8489 bytes]","args":[{"element-6066-11e4-a52e-4f735466cecf":"f.C3E96304196E694327087280E5B350FD.d.8C9B6076504A4324ED99FED162994EBA.e.10236","ELEMENT":"f.C3E96304196E694327087280E5B350FD.d.8C9B6076504A4324ED99FED162994EBA.e.10236"}]}
COMMAND: POST /session/bb1834e335885f2b4fe4c5c01cc3b2b8/execute/sync - {"script":"<script> [5351 bytes]","args":[{"element-6066-11e4-a52e-4f735466cecf":"f.C3E96304196E694327087280E5B350FD.d.8C9B6076504A4324ED99FED162994EBA.e.10236","ELEMENT":"f.C3E96304196E694327087280E5B350FD.d.8C9B6076504A4324ED99FED162994EBA.e.10236"}]}
COMMAND: GET /session/bb1834e335885f2b4fe4c5c01cc3b2b8/screenshot - {}
RESULT: {}
RESULT: {"script":"<script> [5351 bytes]","args":[{"element-6066-11e4-a52e-4f735466cecf":"f.C3E96304196E694327087280E5B350FD.d.8C9B6076504A4324ED99FED162994EBA.e.10236","ELEMENT":"f.C3E96304196E694327087280E5B350FD.d.8C9B6076504A4324ED99FED162994EBA.e.10236"}]}
COMMAND: POST /session/bb1834e335885f2b4fe4c5c01cc3b2b8/element/f.C3E96304196E694327087280E5B350FD.d.8C9B6076504A4324ED99FED162994EBA.e.10236/click - {}
COMMAND: GET /session/bb1834e335885f2b4fe4c5c01cc3b2b8/screenshot - {}
RESULT: {}
RESULT: {}
COMMAND: GET /session/bb1834e335885f2b4fe4c5c01cc3b2b8/screenshot - {}
COMMAND: POST /session/bb1834e335885f2b4fe4c5c01cc3b2b8/execute/async - {"script":"<script> [1562 bytes]","args":[{"selector":{"id":"application-managepartners-display-component---NewPartner--addressDetailDetailsName1","interaction":{"idSuffix":"inner"}},"wdio_ui5_key":"applicationmanagepartners-display-component---NewPartner--addressDetailDetailsName1"}]}
RESULT: {}
RESULT: {}
RESULT: {"script":"<script> [1562 bytes]","args":[{"selector":{"id":"application-managepartners-display-component---NewPartner--addressDetailDetailsName1","interaction":{"idSuffix":"inner"}},"wdio_ui5_key":"applicationmanagepartners-display-component---NewPartner--addressDetailDetailsName1"}]}
RESULT: undefined
COMMAND: POST /session/bb1834e335885f2b4fe4c5c01cc3b2b8/execute/async - {"script":"<script> [776 bytes]","args":[{"enterText":"External Partner WDIO","selector":{"id":"application-managepartners-display-component---NewPartner--addressDetailDetailsName1","interaction":{"idSuffix":"inner"}},"clearTextFirst":true,"interactionType":"ENTER_TEXT"}]}
RESULT: {"script":"<script> [776 bytes]","args":[{"enterText":"External Partner WDIO","selector":{"id":"application-managepartners-display-component---NewPartner--addressDetailDetailsName1","interaction":{"idSuffix":"inner"}},"clearTextFirst":true,"interactionType":"ENTER_TEXT"}]}
COMMAND: POST /session/bb1834e335885f2b4fe4c5c01cc3b2b8/execute/async - {"script":"<script> [1562 bytes]","args":[{"selector":{"id":"application-managepartners-display-component---NewPartner--addressDetailDetailsLanguage-arrow"},"wdio_ui5_key":"applicationmanagepartners-display-component---NewPartner--addressDetailDetailsLanguage-arrow"}]}
RESULT: {"script":"<script> [1562 bytes]","args":[{"selector":{"id":"application-managepartners-display-component---NewPartner--addressDetailDetailsLanguage-arrow"},"wdio_ui5_key":"applicationmanagepartners-display-component---NewPartner--addressDetailDetailsLanguage-arrow"}]}
RESULT: undefined
COMMAND: POST /session/bb1834e335885f2b4fe4c5c01cc3b2b8/element - {"using":"xpath","value":"//*[@id=\"application-managepartners-display-component---NewPartner--addressDetailDetailsLanguage-arrow\"]"}
RESULT: {"using":"xpath","value":"//*[@id=\"application-managepartners-display-component---NewPartner--addressDetailDetailsLanguage-arrow\"]"}
COMMAND: POST /session/bb1834e335885f2b4fe4c5c01cc3b2b8/element/f.C3E96304196E694327087280E5B350FD.d.8C9B6076504A4324ED99FED162994EBA.e.10673/click - {}
RESULT: {}
COMMAND: POST /session/bb1834e335885f2b4fe4c5c01cc3b2b8/element - {"using":"xpath","value":"//span[contains(text(), \"English\")]"}
COMMAND: GET /session/bb1834e335885f2b4fe4c5c01cc3b2b8/screenshot - {}
RESULT: {"using":"xpath","value":"//span[contains(text(), \"English\")]"}
COMMAND: POST /session/bb1834e335885f2b4fe4c5c01cc3b2b8/element/f.C3E96304196E694327087280E5B350FD.d.8C9B6076504A4324ED99FED162994EBA.e.10674/click - {}
RESULT: {}
RESULT: {}
COMMAND: GET /session/bb1834e335885f2b4fe4c5c01cc3b2b8/screenshot - {}
RESULT: {}
COMMAND: POST /session/bb1834e335885f2b4fe4c5c01cc3b2b8/execute/async - {"script":"<script> [1562 bytes]","args":[{"selector":{"id":"application-managepartners-display-component---NewPartner--addressDetailDetailsCity1","interaction":{"idSuffix":"inner"}},"wdio_ui5_key":"applicationmanagepartners-display-component---NewPartner--addressDetailDetailsCity1"}]}
RESULT: {"script":"<script> [1562 bytes]","args":[{"selector":{"id":"application-managepartners-display-component---NewPartner--addressDetailDetailsCity1","interaction":{"idSuffix":"inner"}},"wdio_ui5_key":"applicationmanagepartners-display-component---NewPartner--addressDetailDetailsCity1"}]}
RESULT: undefined
COMMAND: POST /session/bb1834e335885f2b4fe4c5c01cc3b2b8/execute/async - {"script":"<script> [776 bytes]","args":[{"enterText":"Rosario","selector":{"id":"application-managepartners-display-component---NewPartner--addressDetailDetailsCity1","interaction":{"idSuffix":"inner"}},"clearTextFirst":true,"interactionType":"ENTER_TEXT"}]}
RESULT: {"script":"<script> [776 bytes]","args":[{"enterText":"Rosario","selector":{"id":"application-managepartners-display-component---NewPartner--addressDetailDetailsCity1","interaction":{"idSuffix":"inner"}},"clearTextFirst":true,"interactionType":"ENTER_TEXT"}]}
COMMAND: POST /session/bb1834e335885f2b4fe4c5c01cc3b2b8/execute/async - {"script":"<script> [1562 bytes]","args":[{"selector":{"id":"application-managepartners-display-component---NewPartner--addressDetailDetailsCountry-arrow"},"wdio_ui5_key":"applicationmanagepartners-display-component---NewPartner--addressDetailDetailsCountry-arrow"}]}
RESULT: {"script":"<script> [1562 bytes]","args":[{"selector":{"id":"application-managepartners-display-component---NewPartner--addressDetailDetailsCountry-arrow"},"wdio_ui5_key":"applicationmanagepartners-display-component---NewPartner--addressDetailDetailsCountry-arrow"}]}
RESULT: undefined
COMMAND: POST /session/bb1834e335885f2b4fe4c5c01cc3b2b8/element - {"using":"xpath","value":"//*[@id=\"application-managepartners-display-component---NewPartner--addressDetailDetailsCountry-arrow\"]"}
RESULT: {"using":"xpath","value":"//*[@id=\"application-managepartners-display-component---NewPartner--addressDetailDetailsCountry-arrow\"]"}
COMMAND: POST /session/bb1834e335885f2b4fe4c5c01cc3b2b8/element/f.C3E96304196E694327087280E5B350FD.d.8C9B6076504A4324ED99FED162994EBA.e.10641/click - {}
RESULT: {}
COMMAND: POST /session/bb1834e335885f2b4fe4c5c01cc3b2b8/element - {"using":"xpath","value":"//span[contains(text(), \"Argentina\")]"}
COMMAND: GET /session/bb1834e335885f2b4fe4c5c01cc3b2b8/screenshot - {}
RESULT: {"using":"xpath","value":"//span[contains(text(), \"Argentina\")]"}
COMMAND: POST /session/bb1834e335885f2b4fe4c5c01cc3b2b8/element/f.C3E96304196E694327087280E5B350FD.d.8C9B6076504A4324ED99FED162994EBA.e.10676/click - {}
RESULT: {}
RESULT: {}
COMMAND: GET /session/bb1834e335885f2b4fe4c5c01cc3b2b8/screenshot - {}
RESULT: {}
COMMAND: POST /session/bb1834e335885f2b4fe4c5c01cc3b2b8/element - {"using":"xpath","value":"//bdi[contains(text(), \"Commercial\")]"}
RESULT: {"using":"xpath","value":"//bdi[contains(text(), \"Commercial\")]"}
COMMAND: POST /session/bb1834e335885f2b4fe4c5c01cc3b2b8/element/f.C3E96304196E694327087280E5B350FD.d.8C9B6076504A4324ED99FED162994EBA.e.10677/click - {}
RESULT: {}
COMMAND: GET /session/bb1834e335885f2b4fe4c5c01cc3b2b8/screenshot - {}
RESULT: {}
COMMAND: POST /session/bb1834e335885f2b4fe4c5c01cc3b2b8/execute/async - {"script":"<script> [1562 bytes]","args":[{"selector":{"id":"application-managepartners-display-component---NewPartner--partnerDetailInternal-arrow"},"wdio_ui5_key":"applicationmanagepartners-display-component---NewPartner--partnerDetailInternal-arrow"}]}
RESULT: {"script":"<script> [1562 bytes]","args":[{"selector":{"id":"application-managepartners-display-component---NewPartner--partnerDetailInternal-arrow"},"wdio_ui5_key":"applicationmanagepartners-display-component---NewPartner--partnerDetailInternal-arrow"}]}
RESULT: undefined
COMMAND: POST /session/bb1834e335885f2b4fe4c5c01cc3b2b8/element - {"using":"xpath","value":"//*[@id=\"application-managepartners-display-component---NewPartner--partnerDetailInternal-arrow\"]"}
RESULT: {"using":"xpath","value":"//*[@id=\"application-managepartners-display-component---NewPartner--partnerDetailInternal-arrow\"]"}
COMMAND: POST /session/bb1834e335885f2b4fe4c5c01cc3b2b8/element/f.C3E96304196E694327087280E5B350FD.d.8C9B6076504A4324ED99FED162994EBA.e.10685/click - {}
RESULT: {}
COMMAND: POST /session/bb1834e335885f2b4fe4c5c01cc3b2b8/element - {"using":"xpath","value":"//span[contains(text(), \"External partner\")]"}
COMMAND: GET /session/bb1834e335885f2b4fe4c5c01cc3b2b8/screenshot - {}
RESULT: {"using":"xpath","value":"//span[contains(text(), \"External partner\")]"}
COMMAND: POST /session/bb1834e335885f2b4fe4c5c01cc3b2b8/element/f.C3E96304196E694327087280E5B350FD.d.8C9B6076504A4324ED99FED162994EBA.e.10686/click - {}
RESULT: {}
RESULT: {}
COMMAND: POST /session/bb1834e335885f2b4fe4c5c01cc3b2b8/execute/async - {"script":"<script> [1562 bytes]","args":[{"selector":{"id":"application-managepartners-display-component---NewPartner--partnerDetailsCurrency-arrow"},"wdio_ui5_key":"applicationmanagepartners-display-component---NewPartner--partnerDetailsCurrency-arrow"}]}
COMMAND: GET /session/bb1834e335885f2b4fe4c5c01cc3b2b8/screenshot - {}
RESULT: {"script":"<script> [1562 bytes]","args":[{"selector":{"id":"application-managepartners-display-component---NewPartner--partnerDetailsCurrency-arrow"},"wdio_ui5_key":"applicationmanagepartners-display-component---NewPartner--partnerDetailsCurrency-arrow"}]}
RESULT: undefined
COMMAND: POST /session/bb1834e335885f2b4fe4c5c01cc3b2b8/element - {"using":"xpath","value":"//*[@id=\"application-managepartners-display-component---NewPartner--partnerDetailsCurrency-arrow\"]"}
RESULT: {}
RESULT: {"using":"xpath","value":"//*[@id=\"application-managepartners-display-component---NewPartner--partnerDetailsCurrency-arrow\"]"}
COMMAND: POST /session/bb1834e335885f2b4fe4c5c01cc3b2b8/element/f.C3E96304196E694327087280E5B350FD.d.8C9B6076504A4324ED99FED162994EBA.e.10691/click - {}
RESULT: {}
COMMAND: POST /session/bb1834e335885f2b4fe4c5c01cc3b2b8/element - {"using":"xpath","value":"//span[contains(text(), \"US Dollar\")]"}
COMMAND: GET /session/bb1834e335885f2b4fe4c5c01cc3b2b8/screenshot - {}
RESULT: {"using":"xpath","value":"//span[contains(text(), \"US Dollar\")]"}
COMMAND: POST /session/bb1834e335885f2b4fe4c5c01cc3b2b8/element/f.C3E96304196E694327087280E5B350FD.d.8C9B6076504A4324ED99FED162994EBA.e.10692/click - {}
RESULT: {}
RESULT: {}
COMMAND: GET /session/bb1834e335885f2b4fe4c5c01cc3b2b8/screenshot - {}
RESULT: {}
COMMAND: POST /session/bb1834e335885f2b4fe4c5c01cc3b2b8/element - {"using":"xpath","value":"//input[@id=\"application-managepartners-display-component---NewPartner--companyCodeComboBox-inner\"]"}
RESULT: {"using":"xpath","value":"//input[@id=\"application-managepartners-display-component---NewPartner--companyCodeComboBox-inner\"]"}
COMMAND: POST /session/bb1834e335885f2b4fe4c5c01cc3b2b8/element/f.C3E96304196E694327087280E5B350FD.d.8C9B6076504A4324ED99FED162994EBA.e.10545/clear - {}
RESULT: {}
COMMAND: POST /session/bb1834e335885f2b4fe4c5c01cc3b2b8/element/f.C3E96304196E694327087280E5B350FD.d.8C9B6076504A4324ED99FED162994EBA.e.10545/value - {"text":"C002"}
COMMAND: GET /session/bb1834e335885f2b4fe4c5c01cc3b2b8/screenshot - {}
RESULT: {"text":"C002"}
COMMAND: GET /session/bb1834e335885f2b4fe4c5c01cc3b2b8/screenshot - {}
RESULT: {}
RESULT: {}
COMMAND: POST /session/bb1834e335885f2b4fe4c5c01cc3b2b8/element - {"using":"xpath","value":"//li[.//span[text()= \"C002\"]]"}
RESULT: {"using":"xpath","value":"//li[.//span[text()= \"C002\"]]"}
COMMAND: POST /session/bb1834e335885f2b4fe4c5c01cc3b2b8/element/f.C3E96304196E694327087280E5B350FD.d.8C9B6076504A4324ED99FED162994EBA.e.10696/click - {}
RESULT: {}
COMMAND: GET /session/bb1834e335885f2b4fe4c5c01cc3b2b8/screenshot - {}
RESULT: {}
COMMAND: POST /session/bb1834e335885f2b4fe4c5c01cc3b2b8/execute/async - {"script":"<script> [1562 bytes]","args":[{"selector":{"id":"application-managepartners-display-component---NewPartner--btnAddTableRow-img"},"wdio_ui5_key":"applicationmanagepartners-display-component---NewPartner--btnAddTableRow-img"}]}
RESULT: {"script":"<script> [1562 bytes]","args":[{"selector":{"id":"application-managepartners-display-component---NewPartner--btnAddTableRow-img"},"wdio_ui5_key":"applicationmanagepartners-display-component---NewPartner--btnAddTableRow-img"}]}
RESULT: undefined
COMMAND: POST /session/bb1834e335885f2b4fe4c5c01cc3b2b8/element - {"using":"xpath","value":"//*[@id=\"application-managepartners-display-component---NewPartner--btnAddTableRow-img\"]"}
RESULT: {"using":"xpath","value":"//*[@id=\"application-managepartners-display-component---NewPartner--btnAddTableRow-img\"]"}
COMMAND: POST /session/bb1834e335885f2b4fe4c5c01cc3b2b8/element/f.C3E96304196E694327087280E5B350FD.d.8C9B6076504A4324ED99FED162994EBA.e.10697/click - {}
RESULT: {}
COMMAND: GET /session/bb1834e335885f2b4fe4c5c01cc3b2b8/screenshot - {}
RESULT: {}
COMMAND: POST /session/bb1834e335885f2b4fe4c5c01cc3b2b8/element - {"using":"xpath","value":"//input[@id=\"application-managepartners-display-component---NewPartner--assignmentYard-application-managepartners-display-component---NewPartner--assignmentsTable-0-inner\"]"}
RESULT: {"using":"xpath","value":"//input[@id=\"application-managepartners-display-component---NewPartner--assignmentYard-application-managepartners-display-component---NewPartner--assignmentsTable-0-inner\"]"}
COMMAND: POST /session/bb1834e335885f2b4fe4c5c01cc3b2b8/element/f.C3E96304196E694327087280E5B350FD.d.8C9B6076504A4324ED99FED162994EBA.e.10700/clear - {}
RESULT: {}
COMMAND: POST /session/bb1834e335885f2b4fe4c5c01cc3b2b8/element/f.C3E96304196E694327087280E5B350FD.d.8C9B6076504A4324ED99FED162994EBA.e.10700/value - {"text":"687"}
COMMAND: GET /session/bb1834e335885f2b4fe4c5c01cc3b2b8/screenshot - {}
RESULT: {"text":"687"}
COMMAND: GET /session/bb1834e335885f2b4fe4c5c01cc3b2b8/screenshot - {}
RESULT: {}
RESULT: {}
COMMAND: POST /session/bb1834e335885f2b4fe4c5c01cc3b2b8/element - {"using":"xpath","value":"//li[.//span[text()='687']]"}
RESULT: {"using":"xpath","value":"//li[.//span[text()='687']]"}
COMMAND: POST /session/bb1834e335885f2b4fe4c5c01cc3b2b8/element/f.C3E96304196E694327087280E5B350FD.d.8C9B6076504A4324ED99FED162994EBA.e.10708/click - {}
RESULT: {}
COMMAND: GET /session/bb1834e335885f2b4fe4c5c01cc3b2b8/screenshot - {}
RESULT: {}
COMMAND: POST /session/bb1834e335885f2b4fe4c5c01cc3b2b8/actions - {"actions":[{"id":"action27","type":"key","parameters":{},"actions":[{"type":"keyDown","value":""},{"type":"pause","duration":10},{"type":"keyUp","value":""}]}]}
RESULT: {"actions":[{"id":"action27","type":"key","parameters":{},"actions":[{"type":"keyDown","value":""},{"type":"pause","duration":10},{"type":"keyUp","value":""}]}]}
COMMAND: POST /session/bb1834e335885f2b4fe4c5c01cc3b2b8/element - {"using":"xpath","value":"//td[contains(@id, \"assignmentsTable-0-cell2\")]/div/div"}
COMMAND: GET /session/bb1834e335885f2b4fe4c5c01cc3b2b8/screenshot - {}
RESULT: {"using":"xpath","value":"//td[contains(@id, \"assignmentsTable-0-cell2\")]/div/div"}
COMMAND: POST /session/bb1834e335885f2b4fe4c5c01cc3b2b8/element/f.C3E96304196E694327087280E5B350FD.d.8C9B6076504A4324ED99FED162994EBA.e.10711/click - {}
RESULT: {}
RESULT: {}
COMMAND: GET /session/bb1834e335885f2b4fe4c5c01cc3b2b8/screenshot - {}
RESULT: {}
COMMAND: POST /session/bb1834e335885f2b4fe4c5c01cc3b2b8/element - {"using":"xpath","value":"//button[@data-kt=\"saveButton\"]"}
RESULT: {"using":"xpath","value":"//button[@data-kt=\"saveButton\"]"}
COMMAND: POST /session/bb1834e335885f2b4fe4c5c01cc3b2b8/element/f.C3E96304196E694327087280E5B350FD.d.8C9B6076504A4324ED99FED162994EBA.e.10584/click - {}
RESULT: {}
COMMAND: GET /session/bb1834e335885f2b4fe4c5c01cc3b2b8/screenshot - {}
RESULT: {}
COMMAND: POST /session/bb1834e335885f2b4fe4c5c01cc3b2b8/element - {"using":"xpath","value":"//header[contains(@id, 'ObjectPageLayout-headerTitle')]/div[1]/div[2]/div[2]/span[1]"}
RESULT: {"using":"xpath","value":"//header[contains(@id, 'ObjectPageLayout-headerTitle')]/div[1]/div[2]/div[2]/span[1]"}
COMMAND: POST /session/bb1834e335885f2b4fe4c5c01cc3b2b8/elements - {"using":"xpath","value":"//header[contains(@id, 'ObjectPageLayout-headerTitle')]/div[1]/div[2]/div[2]/span[1]"}
RESULT: {"using":"xpath","value":"//header[contains(@id, 'ObjectPageLayout-headerTitle')]/div[1]/div[2]/div[2]/span[1]"}
COMMAND: POST /session/bb1834e335885f2b4fe4c5c01cc3b2b8/execute/sync - {"script":"<script> [56 bytes]","args":[{"element-6066-11e4-a52e-4f735466cecf":"f.C3E96304196E694327087280E5B350FD.d.8C9B6076504A4324ED99FED162994EBA.e.10876","ELEMENT":"f.C3E96304196E694327087280E5B350FD.d.8C9B6076504A4324ED99FED162994EBA.e.10876"}]}
RESULT: {"script":"<script> [56 bytes]","args":[{"element-6066-11e4-a52e-4f735466cecf":"f.C3E96304196E694327087280E5B350FD.d.8C9B6076504A4324ED99FED162994EBA.e.10876","ELEMENT":"f.C3E96304196E694327087280E5B350FD.d.8C9B6076504A4324ED99FED162994EBA.e.10876"}]}
COMMAND: POST /session/bb1834e335885f2b4fe4c5c01cc3b2b8/element - {"using":"css selector","value":"#shell-header-logo"}
COMMAND: GET /session/bb1834e335885f2b4fe4c5c01cc3b2b8/screenshot - {}
RESULT: {"using":"css selector","value":"#shell-header-logo"}
COMMAND: POST /session/bb1834e335885f2b4fe4c5c01cc3b2b8/element/f.C3E96304196E694327087280E5B350FD.d.8C9B6076504A4324ED99FED162994EBA.e.10191/click - {}
RESULT: {}
RESULT: {}
COMMAND: GET /session/bb1834e335885f2b4fe4c5c01cc3b2b8/screenshot - {}
RESULT: {}
COMMAND: POST /session/bb1834e335885f2b4fe4c5c01cc3b2b8/execute/sync - {"script":"<script> [299 bytes]","args":[["getModel","getResource"]]}
RESULT: {"script":"<script> [299 bytes]","args":[["getModel","getResource"]]}
COMMAND: GET /session/bb1834e335885f2b4fe4c5c01cc3b2b8/screenshot - {}
]]></system-out>
    </testcase>
    <testcase classname="chrome.136_0_7103_93.windows.Create_partner_US118246" name="Should create a new yard in case create yard failed" time="123.608">
      <system-out><![CDATA[
RESULT: undefined
COMMAND: POST /session/bb1834e335885f2b4fe4c5c01cc3b2b8/element - {"using":"xpath","value":"//*[@id=\"__tile41\"]"}
RESULT: {}
RESULT: {"using":"xpath","value":"//*[@id=\"__tile41\"]"}
COMMAND: POST /session/bb1834e335885f2b4fe4c5c01cc3b2b8/element/f.C3E96304196E694327087280E5B350FD.d.8C9B6076504A4324ED99FED162994EBA.e.9333/click - {}
RESULT: {}
COMMAND: GET /session/bb1834e335885f2b4fe4c5c01cc3b2b8/screenshot - {}
COMMAND: POST /session/bb1834e335885f2b4fe4c5c01cc3b2b8/elements - {"using":"xpath","value":"//span[text()='Error']"}
RESULT: {}
RESULT: {"using":"xpath","value":"//span[text()='Error']"}
COMMAND: POST /session/bb1834e335885f2b4fe4c5c01cc3b2b8/element - {"using":"xpath","value":"//button[@data-kt=\"addNewYardOverflowToolbarButton\"]"}
RESULT: {"using":"xpath","value":"//button[@data-kt=\"addNewYardOverflowToolbarButton\"]"}
COMMAND: POST /session/bb1834e335885f2b4fe4c5c01cc3b2b8/elements - {"using":"xpath","value":"//button[@data-kt=\"addNewYardOverflowToolbarButton\"]"}
RESULT: {"using":"xpath","value":"//button[@data-kt=\"addNewYardOverflowToolbarButton\"]"}
COMMAND: POST /session/bb1834e335885f2b4fe4c5c01cc3b2b8/execute/sync - {"script":"<script> [8489 bytes]","args":[{"element-6066-11e4-a52e-4f735466cecf":"f.C3E96304196E694327087280E5B350FD.d.8C9B6076504A4324ED99FED162994EBA.e.10912","ELEMENT":"f.C3E96304196E694327087280E5B350FD.d.8C9B6076504A4324ED99FED162994EBA.e.10912"}]}
RESULT: {"script":"<script> [8489 bytes]","args":[{"element-6066-11e4-a52e-4f735466cecf":"f.C3E96304196E694327087280E5B350FD.d.8C9B6076504A4324ED99FED162994EBA.e.10912","ELEMENT":"f.C3E96304196E694327087280E5B350FD.d.8C9B6076504A4324ED99FED162994EBA.e.10912"}]}
COMMAND: GET /session/bb1834e335885f2b4fe4c5c01cc3b2b8/element/f.C3E96304196E694327087280E5B350FD.d.8C9B6076504A4324ED99FED162994EBA.e.10912/enabled - {}
COMMAND: GET /session/bb1834e335885f2b4fe4c5c01cc3b2b8/screenshot - {}
RESULT: {}
COMMAND: POST /session/bb1834e335885f2b4fe4c5c01cc3b2b8/execute/sync - {"script":"<script> [8489 bytes]","args":[{"element-6066-11e4-a52e-4f735466cecf":"f.C3E96304196E694327087280E5B350FD.d.8C9B6076504A4324ED99FED162994EBA.e.10912","ELEMENT":"f.C3E96304196E694327087280E5B350FD.d.8C9B6076504A4324ED99FED162994EBA.e.10912"}]}
COMMAND: GET /session/bb1834e335885f2b4fe4c5c01cc3b2b8/screenshot - {}
RESULT: {}
RESULT: {"script":"<script> [8489 bytes]","args":[{"element-6066-11e4-a52e-4f735466cecf":"f.C3E96304196E694327087280E5B350FD.d.8C9B6076504A4324ED99FED162994EBA.e.10912","ELEMENT":"f.C3E96304196E694327087280E5B350FD.d.8C9B6076504A4324ED99FED162994EBA.e.10912"}]}
COMMAND: POST /session/bb1834e335885f2b4fe4c5c01cc3b2b8/execute/sync - {"script":"<script> [5351 bytes]","args":[{"element-6066-11e4-a52e-4f735466cecf":"f.C3E96304196E694327087280E5B350FD.d.8C9B6076504A4324ED99FED162994EBA.e.10912","ELEMENT":"f.C3E96304196E694327087280E5B350FD.d.8C9B6076504A4324ED99FED162994EBA.e.10912"}]}
COMMAND: GET /session/bb1834e335885f2b4fe4c5c01cc3b2b8/screenshot - {}
RESULT: {}
RESULT: {"script":"<script> [5351 bytes]","args":[{"element-6066-11e4-a52e-4f735466cecf":"f.C3E96304196E694327087280E5B350FD.d.8C9B6076504A4324ED99FED162994EBA.e.10912","ELEMENT":"f.C3E96304196E694327087280E5B350FD.d.8C9B6076504A4324ED99FED162994EBA.e.10912"}]}
COMMAND: POST /session/bb1834e335885f2b4fe4c5c01cc3b2b8/element/f.C3E96304196E694327087280E5B350FD.d.8C9B6076504A4324ED99FED162994EBA.e.10912/click - {}
COMMAND: GET /session/bb1834e335885f2b4fe4c5c01cc3b2b8/screenshot - {}
RESULT: {}
RESULT: {}
COMMAND: GET /session/bb1834e335885f2b4fe4c5c01cc3b2b8/screenshot - {}
COMMAND: POST /session/bb1834e335885f2b4fe4c5c01cc3b2b8/element - {"using":"xpath","value":"//input[@id=\"application-manageyards-display-component---NewYard--yardId-inner\"]"}
RESULT: {}
RESULT: {}
RESULT: {"using":"xpath","value":"//input[@id=\"application-manageyards-display-component---NewYard--yardId-inner\"]"}
COMMAND: POST /session/bb1834e335885f2b4fe4c5c01cc3b2b8/element - {"using":"xpath","value":"//input[@id=\"application-manageyards-display-component---NewYard--yardId-inner\"]"}
RESULT: {"using":"xpath","value":"//input[@id=\"application-manageyards-display-component---NewYard--yardId-inner\"]"}
RESULT: undefined
COMMAND: POST /session/bb1834e335885f2b4fe4c5c01cc3b2b8/execute/async - {"script":"<script> [776 bytes]","args":[{"enterText":"Warehouse Managed WDIO","selector":{"id":"application-manageyards-display-component---NewYard--addressDetailDetailsName1","interaction":{"idSuffix":"inner"}},"clearTextFirst":true,"interactionType":"ENTER_TEXT"}]}
RESULT: {"script":"<script> [776 bytes]","args":[{"enterText":"Warehouse Managed WDIO","selector":{"id":"application-manageyards-display-component---NewYard--addressDetailDetailsName1","interaction":{"idSuffix":"inner"}},"clearTextFirst":true,"interactionType":"ENTER_TEXT"}]}
RESULT: undefined
COMMAND: POST /session/bb1834e335885f2b4fe4c5c01cc3b2b8/element - {"using":"xpath","value":"//*[@id=\"application-manageyards-display-component---NewYard--addressDetailDetailsLanguage-arrow\"]"}
RESULT: {"using":"xpath","value":"//*[@id=\"application-manageyards-display-component---NewYard--addressDetailDetailsLanguage-arrow\"]"}
COMMAND: POST /session/bb1834e335885f2b4fe4c5c01cc3b2b8/element/f.C3E96304196E694327087280E5B350FD.d.8C9B6076504A4324ED99FED162994EBA.e.11348/click - {}
RESULT: {}
COMMAND: POST /session/bb1834e335885f2b4fe4c5c01cc3b2b8/element - {"using":"xpath","value":"//span[contains(text(), \"English\")]"}
COMMAND: GET /session/bb1834e335885f2b4fe4c5c01cc3b2b8/screenshot - {}
RESULT: {"using":"xpath","value":"//span[contains(text(), \"English\")]"}
COMMAND: POST /session/bb1834e335885f2b4fe4c5c01cc3b2b8/element/f.C3E96304196E694327087280E5B350FD.d.8C9B6076504A4324ED99FED162994EBA.e.11349/click - {}
RESULT: {}
RESULT: {}
RESULT: undefined
COMMAND: POST /session/bb1834e335885f2b4fe4c5c01cc3b2b8/execute/async - {"script":"<script> [776 bytes]","args":[{"enterText":"Rosario","selector":{"id":"application-manageyards-display-component---NewYard--addressDetailDetailsCity1","interaction":{"idSuffix":"inner"}},"clearTextFirst":true,"interactionType":"ENTER_TEXT"}]}
COMMAND: GET /session/bb1834e335885f2b4fe4c5c01cc3b2b8/screenshot - {}
RESULT: {"script":"<script> [776 bytes]","args":[{"enterText":"Rosario","selector":{"id":"application-manageyards-display-component---NewYard--addressDetailDetailsCity1","interaction":{"idSuffix":"inner"}},"clearTextFirst":true,"interactionType":"ENTER_TEXT"}]}
RESULT: undefined
COMMAND: POST /session/bb1834e335885f2b4fe4c5c01cc3b2b8/element - {"using":"xpath","value":"//*[@id=\"application-manageyards-display-component---NewYard--addressDetailDetailsCountry-arrow\"]"}
RESULT: {}
RESULT: {"using":"xpath","value":"//*[@id=\"application-manageyards-display-component---NewYard--addressDetailDetailsCountry-arrow\"]"}
COMMAND: POST /session/bb1834e335885f2b4fe4c5c01cc3b2b8/element/f.C3E96304196E694327087280E5B350FD.d.8C9B6076504A4324ED99FED162994EBA.e.11350/click - {}
RESULT: {}
COMMAND: POST /session/bb1834e335885f2b4fe4c5c01cc3b2b8/element - {"using":"xpath","value":"//span[contains(text(), \"Argentina\")]"}
COMMAND: GET /session/bb1834e335885f2b4fe4c5c01cc3b2b8/screenshot - {}
RESULT: {"using":"xpath","value":"//span[contains(text(), \"Argentina\")]"}
COMMAND: POST /session/bb1834e335885f2b4fe4c5c01cc3b2b8/element/f.C3E96304196E694327087280E5B350FD.d.8C9B6076504A4324ED99FED162994EBA.e.11351/click - {}
RESULT: {}
RESULT: {}
RESULT: undefined
COMMAND: POST /session/bb1834e335885f2b4fe4c5c01cc3b2b8/element - {"using":"xpath","value":"//*[@id=\"application-manageyards-display-component---NewYard--addressEditDetailsCostObjectCstType-arrow\"]"}
COMMAND: GET /session/bb1834e335885f2b4fe4c5c01cc3b2b8/screenshot - {}
RESULT: {"using":"xpath","value":"//*[@id=\"application-manageyards-display-component---NewYard--addressEditDetailsCostObjectCstType-arrow\"]"}
COMMAND: POST /session/bb1834e335885f2b4fe4c5c01cc3b2b8/element/f.C3E96304196E694327087280E5B350FD.d.8C9B6076504A4324ED99FED162994EBA.e.11353/click - {}
RESULT: {}
RESULT: {}
COMMAND: POST /session/bb1834e335885f2b4fe4c5c01cc3b2b8/element - {"using":"xpath","value":"//span[contains(text(), \"Cost Center\")]"}
COMMAND: GET /session/bb1834e335885f2b4fe4c5c01cc3b2b8/screenshot - {}
RESULT: {"using":"xpath","value":"//span[contains(text(), \"Cost Center\")]"}
COMMAND: POST /session/bb1834e335885f2b4fe4c5c01cc3b2b8/element/f.C3E96304196E694327087280E5B350FD.d.8C9B6076504A4324ED99FED162994EBA.e.11354/click - {}
RESULT: {}
RESULT: {}
COMMAND: GET /session/bb1834e335885f2b4fe4c5c01cc3b2b8/screenshot - {}
RESULT: {}
COMMAND: POST /session/bb1834e335885f2b4fe4c5c01cc3b2b8/element - {"using":"xpath","value":"//span[@id=\"application-manageyards-display-component---NewYard--addressNewCostObjectCstID-vhi\"]"}
RESULT: {"using":"xpath","value":"//span[@id=\"application-manageyards-display-component---NewYard--addressNewCostObjectCstID-vhi\"]"}
COMMAND: POST /session/bb1834e335885f2b4fe4c5c01cc3b2b8/execute/sync - {"script":"<script> [8489 bytes]","args":[{"element-6066-11e4-a52e-4f735466cecf":"f.C3E96304196E694327087280E5B350FD.d.8C9B6076504A4324ED99FED162994EBA.e.11358","ELEMENT":"f.C3E96304196E694327087280E5B350FD.d.8C9B6076504A4324ED99FED162994EBA.e.11358"}]}
RESULT: {"script":"<script> [8489 bytes]","args":[{"element-6066-11e4-a52e-4f735466cecf":"f.C3E96304196E694327087280E5B350FD.d.8C9B6076504A4324ED99FED162994EBA.e.11358","ELEMENT":"f.C3E96304196E694327087280E5B350FD.d.8C9B6076504A4324ED99FED162994EBA.e.11358"}]}
RESULT: undefined
COMMAND: POST /session/bb1834e335885f2b4fe4c5c01cc3b2b8/element - {"using":"xpath","value":"//*[@id=\"application-manageyards-display-component---NewYard--addressNewCostObjectCstID-vhi\"]"}
COMMAND: GET /session/bb1834e335885f2b4fe4c5c01cc3b2b8/screenshot - {}
RESULT: {}
RESULT: {"using":"xpath","value":"//*[@id=\"application-manageyards-display-component---NewYard--addressNewCostObjectCstID-vhi\"]"}
COMMAND: POST /session/bb1834e335885f2b4fe4c5c01cc3b2b8/element/f.C3E96304196E694327087280E5B350FD.d.8C9B6076504A4324ED99FED162994EBA.e.11358/click - {}
RESULT: {}
COMMAND: GET /session/bb1834e335885f2b4fe4c5c01cc3b2b8/screenshot - {}
RESULT: {}
RESULT: undefined
COMMAND: POST /session/bb1834e335885f2b4fe4c5c01cc3b2b8/execute/async - {"script":"<script> [776 bytes]","args":[{"enterText":"bauh_b","selector":{"controlType":"sap.m.SearchField","properties":{"placeholder":"Search"},"searchOpenDialogs":true,"interaction":{"idSuffix":"I"}},"clearTextFirst":true,"interactionType":"ENTER_TEXT"}]}
RESULT: {"script":"<script> [776 bytes]","args":[{"enterText":"bauh_b","selector":{"controlType":"sap.m.SearchField","properties":{"placeholder":"Search"},"searchOpenDialogs":true,"interaction":{"idSuffix":"I"}},"clearTextFirst":true,"interactionType":"ENTER_TEXT"}]}
COMMAND: POST /session/bb1834e335885f2b4fe4c5c01cc3b2b8/actions - {"actions":[{"id":"action28","type":"key","parameters":{},"actions":[{"type":"keyDown","value":""},{"type":"pause","duration":10},{"type":"keyUp","value":""}]}]}
RESULT: {"actions":[{"id":"action28","type":"key","parameters":{},"actions":[{"type":"keyDown","value":""},{"type":"pause","duration":10},{"type":"keyUp","value":""}]}]}
COMMAND: GET /session/bb1834e335885f2b4fe4c5c01cc3b2b8/screenshot - {}
RESULT: {}
COMMAND: POST /session/bb1834e335885f2b4fe4c5c01cc3b2b8/element - {"using":"xpath","value":"//span[contains(text(), \"Demo Yard\")]"}
RESULT: {"using":"xpath","value":"//span[contains(text(), \"Demo Yard\")]"}
COMMAND: POST /session/bb1834e335885f2b4fe4c5c01cc3b2b8/element/f.C3E96304196E694327087280E5B350FD.d.8C9B6076504A4324ED99FED162994EBA.e.11396/click - {}
RESULT: {}
COMMAND: GET /session/bb1834e335885f2b4fe4c5c01cc3b2b8/screenshot - {}
RESULT: {}
COMMAND: POST /session/bb1834e335885f2b4fe4c5c01cc3b2b8/element - {"using":"xpath","value":"//bdi[contains(text(), \"OK\")]"}
RESULT: {"using":"xpath","value":"//bdi[contains(text(), \"OK\")]"}
COMMAND: POST /session/bb1834e335885f2b4fe4c5c01cc3b2b8/element/f.C3E96304196E694327087280E5B350FD.d.8C9B6076504A4324ED99FED162994EBA.e.11397/click - {}
RESULT: {}
COMMAND: GET /session/bb1834e335885f2b4fe4c5c01cc3b2b8/screenshot - {}
RESULT: {}
RESULT: undefined
COMMAND: POST /session/bb1834e335885f2b4fe4c5c01cc3b2b8/element - {"using":"xpath","value":"//*[@id=\"application-manageyards-display-component---NewYard--addressEditDetailsCurrency-arrow\"]"}
RESULT: {"using":"xpath","value":"//*[@id=\"application-manageyards-display-component---NewYard--addressEditDetailsCurrency-arrow\"]"}
COMMAND: POST /session/bb1834e335885f2b4fe4c5c01cc3b2b8/element/f.C3E96304196E694327087280E5B350FD.d.8C9B6076504A4324ED99FED162994EBA.e.11400/click - {}
RESULT: {}
COMMAND: POST /session/bb1834e335885f2b4fe4c5c01cc3b2b8/element - {"using":"xpath","value":"//span[contains(text(), \"Euro\")]"}
COMMAND: GET /session/bb1834e335885f2b4fe4c5c01cc3b2b8/screenshot - {}
RESULT: {"using":"xpath","value":"//span[contains(text(), \"Euro\")]"}
COMMAND: POST /session/bb1834e335885f2b4fe4c5c01cc3b2b8/element/f.C3E96304196E694327087280E5B350FD.d.8C9B6076504A4324ED99FED162994EBA.e.11401/click - {}
RESULT: {}
RESULT: {}
RESULT: undefined
COMMAND: POST /session/bb1834e335885f2b4fe4c5c01cc3b2b8/execute/async - {"script":"<script> [776 bytes]","args":[{"enterText":"Z001","selector":{"controlType":"sap.m.Input","viewName":"etm.portal.ui.manageyards.view.New","viewId":"application-manageyards-display-component---NewYard","bindingPath":{"path":"","propertyPath":"/CONTROLLING_AREA","modelName":"NewYardModel"},"interaction":{"idSuffix":"inner"}},"clearTextFirst":true,"interactionType":"ENTER_TEXT"}]}
COMMAND: GET /session/bb1834e335885f2b4fe4c5c01cc3b2b8/screenshot - {}
RESULT: {"script":"<script> [776 bytes]","args":[{"enterText":"Z001","selector":{"controlType":"sap.m.Input","viewName":"etm.portal.ui.manageyards.view.New","viewId":"application-manageyards-display-component---NewYard","bindingPath":{"path":"","propertyPath":"/CONTROLLING_AREA","modelName":"NewYardModel"},"interaction":{"idSuffix":"inner"}},"clearTextFirst":true,"interactionType":"ENTER_TEXT"}]}
RESULT: undefined
COMMAND: POST /session/bb1834e335885f2b4fe4c5c01cc3b2b8/execute/async - {"script":"<script> [776 bytes]","args":[{"enterText":"1000","selector":{"id":"application-manageyards-display-component---NewYard--companyCodeComboBox","interaction":{"idSuffix":"inner"}},"clearTextFirst":true,"interactionType":"ENTER_TEXT"}]}
RESULT: {}
RESULT: {"script":"<script> [776 bytes]","args":[{"enterText":"1000","selector":{"id":"application-manageyards-display-component---NewYard--companyCodeComboBox","interaction":{"idSuffix":"inner"}},"clearTextFirst":true,"interactionType":"ENTER_TEXT"}]}
RESULT: undefined
COMMAND: POST /session/bb1834e335885f2b4fe4c5c01cc3b2b8/execute/async - {"script":"<script> [776 bytes]","args":[{"enterText":"1001","selector":{"controlType":"sap.m.Input","viewName":"etm.portal.ui.manageyards.view.New","viewId":"application-manageyards-display-component---NewYard","bindingPath":{"path":"","propertyPath":"/PLANT","modelName":"NewYardModel"},"interaction":{"idSuffix":"inner"}},"clearTextFirst":true,"interactionType":"ENTER_TEXT"}]}
RESULT: {"script":"<script> [776 bytes]","args":[{"enterText":"1001","selector":{"controlType":"sap.m.Input","viewName":"etm.portal.ui.manageyards.view.New","viewId":"application-manageyards-display-component---NewYard","bindingPath":{"path":"","propertyPath":"/PLANT","modelName":"NewYardModel"},"interaction":{"idSuffix":"inner"}},"clearTextFirst":true,"interactionType":"ENTER_TEXT"}]}
RESULT: undefined
COMMAND: POST /session/bb1834e335885f2b4fe4c5c01cc3b2b8/execute/async - {"script":"<script> [776 bytes]","args":[{"enterText":"C002","selector":{"controlType":"sap.m.Input","viewName":"etm.portal.ui.manageyards.view.New","viewId":"application-manageyards-display-component---NewYard","bindingPath":{"path":"","propertyPath":"/SALES_AREA_VKORG","modelName":"NewYardModel"},"interaction":{"idSuffix":"inner"}},"clearTextFirst":true,"interactionType":"ENTER_TEXT"}]}
RESULT: {"script":"<script> [776 bytes]","args":[{"enterText":"C002","selector":{"controlType":"sap.m.Input","viewName":"etm.portal.ui.manageyards.view.New","viewId":"application-manageyards-display-component---NewYard","bindingPath":{"path":"","propertyPath":"/SALES_AREA_VKORG","modelName":"NewYardModel"},"interaction":{"idSuffix":"inner"}},"clearTextFirst":true,"interactionType":"ENTER_TEXT"}]}
RESULT: undefined
COMMAND: POST /session/bb1834e335885f2b4fe4c5c01cc3b2b8/execute/async - {"script":"<script> [776 bytes]","args":[{"enterText":"C2","selector":{"controlType":"sap.m.Input","viewName":"etm.portal.ui.manageyards.view.New","viewId":"application-manageyards-display-component---NewYard","bindingPath":{"path":"","propertyPath":"/SALES_AREA_VTWEG","modelName":"NewYardModel"},"interaction":{"idSuffix":"inner"}},"clearTextFirst":true,"interactionType":"ENTER_TEXT"}]}
RESULT: {"script":"<script> [776 bytes]","args":[{"enterText":"C2","selector":{"controlType":"sap.m.Input","viewName":"etm.portal.ui.manageyards.view.New","viewId":"application-manageyards-display-component---NewYard","bindingPath":{"path":"","propertyPath":"/SALES_AREA_VTWEG","modelName":"NewYardModel"},"interaction":{"idSuffix":"inner"}},"clearTextFirst":true,"interactionType":"ENTER_TEXT"}]}
RESULT: undefined
COMMAND: POST /session/bb1834e335885f2b4fe4c5c01cc3b2b8/execute/async - {"script":"<script> [776 bytes]","args":[{"enterText":"C2","selector":{"controlType":"sap.m.Input","viewName":"etm.portal.ui.manageyards.view.New","viewId":"application-manageyards-display-component---NewYard","bindingPath":{"path":"","propertyPath":"/SALES_AREA_SPART","modelName":"NewYardModel"},"interaction":{"idSuffix":"inner"}},"clearTextFirst":true,"interactionType":"ENTER_TEXT"}]}
RESULT: {"script":"<script> [776 bytes]","args":[{"enterText":"C2","selector":{"controlType":"sap.m.Input","viewName":"etm.portal.ui.manageyards.view.New","viewId":"application-manageyards-display-component---NewYard","bindingPath":{"path":"","propertyPath":"/SALES_AREA_SPART","modelName":"NewYardModel"},"interaction":{"idSuffix":"inner"}},"clearTextFirst":true,"interactionType":"ENTER_TEXT"}]}
RESULT: undefined
COMMAND: POST /session/bb1834e335885f2b4fe4c5c01cc3b2b8/execute/async - {"script":"<script> [776 bytes]","args":[{"enterText":"1710","selector":{"controlType":"sap.m.Input","viewName":"etm.portal.ui.manageyards.view.New","viewId":"application-manageyards-display-component---NewYard","bindingPath":{"path":"","propertyPath":"/SHIP_POINT","modelName":"NewYardModel"},"interaction":{"idSuffix":"inner"}},"clearTextFirst":true,"interactionType":"ENTER_TEXT"}]}
RESULT: {"script":"<script> [776 bytes]","args":[{"enterText":"1710","selector":{"controlType":"sap.m.Input","viewName":"etm.portal.ui.manageyards.view.New","viewId":"application-manageyards-display-component---NewYard","bindingPath":{"path":"","propertyPath":"/SHIP_POINT","modelName":"NewYardModel"},"interaction":{"idSuffix":"inner"}},"clearTextFirst":true,"interactionType":"ENTER_TEXT"}]}
RESULT: undefined
COMMAND: POST /session/bb1834e335885f2b4fe4c5c01cc3b2b8/execute/async - {"script":"<script> [776 bytes]","args":[{"enterText":"ZL01","selector":{"controlType":"sap.m.Input","viewName":"etm.portal.ui.manageyards.view.New","viewId":"application-manageyards-display-component---NewYard","bindingPath":{"path":"","propertyPath":"/DELIVERY_TYPE","modelName":"NewYardModel"},"interaction":{"idSuffix":"inner"}},"clearTextFirst":true,"interactionType":"ENTER_TEXT"}]}
RESULT: {"script":"<script> [776 bytes]","args":[{"enterText":"ZL01","selector":{"controlType":"sap.m.Input","viewName":"etm.portal.ui.manageyards.view.New","viewId":"application-manageyards-display-component---NewYard","bindingPath":{"path":"","propertyPath":"/DELIVERY_TYPE","modelName":"NewYardModel"},"interaction":{"idSuffix":"inner"}},"clearTextFirst":true,"interactionType":"ENTER_TEXT"}]}
RESULT: undefined
COMMAND: POST /session/bb1834e335885f2b4fe4c5c01cc3b2b8/execute/async - {"script":"<script> [776 bytes]","args":[{"enterText":"TA","selector":{"controlType":"sap.m.Input","viewName":"etm.portal.ui.manageyards.view.New","viewId":"application-manageyards-display-component---NewYard","bindingPath":{"path":"","propertyPath":"/AUART","modelName":"NewYardModel"},"interaction":{"idSuffix":"inner"}},"clearTextFirst":true,"interactionType":"ENTER_TEXT"}]}
RESULT: {"script":"<script> [776 bytes]","args":[{"enterText":"TA","selector":{"controlType":"sap.m.Input","viewName":"etm.portal.ui.manageyards.view.New","viewId":"application-manageyards-display-component---NewYard","bindingPath":{"path":"","propertyPath":"/AUART","modelName":"NewYardModel"},"interaction":{"idSuffix":"inner"}},"clearTextFirst":true,"interactionType":"ENTER_TEXT"}]}
COMMAND: POST /session/bb1834e335885f2b4fe4c5c01cc3b2b8/execute/async - {"script":"<script> [1562 bytes]","args":[{"selector":{"id":"application-manageyards-display-component---NewYard--whmCheckBox","interaction":{"idSuffix":"CbBg"}},"wdio_ui5_key":"applicationmanageyards-display-component---NewYard--whmCheckBox"}]}
RESULT: {"script":"<script> [1562 bytes]","args":[{"selector":{"id":"application-manageyards-display-component---NewYard--whmCheckBox","interaction":{"idSuffix":"CbBg"}},"wdio_ui5_key":"applicationmanageyards-display-component---NewYard--whmCheckBox"}]}
RESULT: undefined
COMMAND: POST /session/bb1834e335885f2b4fe4c5c01cc3b2b8/element - {"using":"xpath","value":"//*[@id=\"application-manageyards-display-component---NewYard--whmCheckBox\"]"}
RESULT: {"using":"xpath","value":"//*[@id=\"application-manageyards-display-component---NewYard--whmCheckBox\"]"}
COMMAND: POST /session/bb1834e335885f2b4fe4c5c01cc3b2b8/element/f.C3E96304196E694327087280E5B350FD.d.8C9B6076504A4324ED99FED162994EBA.e.11411/click - {}
RESULT: {}
COMMAND: GET /session/bb1834e335885f2b4fe4c5c01cc3b2b8/screenshot - {}
RESULT: {}
COMMAND: POST /session/bb1834e335885f2b4fe4c5c01cc3b2b8/element - {"using":"xpath","value":"//button[@data-kt=\"newYardSaveButton\"]"}
RESULT: {"using":"xpath","value":"//button[@data-kt=\"newYardSaveButton\"]"}
COMMAND: POST /session/bb1834e335885f2b4fe4c5c01cc3b2b8/element/f.C3E96304196E694327087280E5B350FD.d.8C9B6076504A4324ED99FED162994EBA.e.11305/click - {}
RESULT: {}
COMMAND: GET /session/bb1834e335885f2b4fe4c5c01cc3b2b8/screenshot - {}
RESULT: {}
COMMAND: POST /session/bb1834e335885f2b4fe4c5c01cc3b2b8/element - {"using":"xpath","value":"//header[contains(@id, 'ObjectPageLayout-headerTitle')]/div[1]/div[2]/div[1]/span[1]"}
RESULT: {"using":"xpath","value":"//header[contains(@id, 'ObjectPageLayout-headerTitle')]/div[1]/div[2]/div[1]/span[1]"}
COMMAND: POST /session/bb1834e335885f2b4fe4c5c01cc3b2b8/elements - {"using":"xpath","value":"//header[contains(@id, 'ObjectPageLayout-headerTitle')]/div[1]/div[2]/div[1]/span[1]"}
RESULT: {"using":"xpath","value":"//header[contains(@id, 'ObjectPageLayout-headerTitle')]/div[1]/div[2]/div[1]/span[1]"}
COMMAND: POST /session/bb1834e335885f2b4fe4c5c01cc3b2b8/execute/sync - {"script":"<script> [56 bytes]","args":[{"element-6066-11e4-a52e-4f735466cecf":"f.C3E96304196E694327087280E5B350FD.d.8C9B6076504A4324ED99FED162994EBA.e.11615","ELEMENT":"f.C3E96304196E694327087280E5B350FD.d.8C9B6076504A4324ED99FED162994EBA.e.11615"}]}
RESULT: {"script":"<script> [56 bytes]","args":[{"element-6066-11e4-a52e-4f735466cecf":"f.C3E96304196E694327087280E5B350FD.d.8C9B6076504A4324ED99FED162994EBA.e.11615","ELEMENT":"f.C3E96304196E694327087280E5B350FD.d.8C9B6076504A4324ED99FED162994EBA.e.11615"}]}
COMMAND: GET /session/bb1834e335885f2b4fe4c5c01cc3b2b8/screenshot - {}
RESULT: {}
COMMAND: POST /session/bb1834e335885f2b4fe4c5c01cc3b2b8/element - {"using":"css selector","value":"#shell-header-logo"}
RESULT: {"using":"css selector","value":"#shell-header-logo"}
COMMAND: POST /session/bb1834e335885f2b4fe4c5c01cc3b2b8/element/f.C3E96304196E694327087280E5B350FD.d.8C9B6076504A4324ED99FED162994EBA.e.10880/click - {}
RESULT: {}
COMMAND: GET /session/bb1834e335885f2b4fe4c5c01cc3b2b8/screenshot - {}
RESULT: {}
COMMAND: POST /session/bb1834e335885f2b4fe4c5c01cc3b2b8/execute/sync - {"script":"<script> [299 bytes]","args":[["getModel","getResource"]]}
RESULT: {"script":"<script> [299 bytes]","args":[["getModel","getResource"]]}
]]></system-out>
    </testcase>
    <testcase classname="chrome.136_0_7103_93.windows.Create_partner_US118246" name="Should create new external WHM partner" time="103.861">
      <system-out><![CDATA[
COMMAND: POST /session/bb1834e335885f2b4fe4c5c01cc3b2b8/window/fullscreen - {}
COMMAND: GET /session/bb1834e335885f2b4fe4c5c01cc3b2b8/screenshot - {}
RESULT: {}
RESULT: undefined
COMMAND: POST /session/bb1834e335885f2b4fe4c5c01cc3b2b8/element - {"using":"xpath","value":"//*[@id=\"__tile38\"]"}
RESULT: {}
RESULT: {"using":"xpath","value":"//*[@id=\"__tile38\"]"}
COMMAND: POST /session/bb1834e335885f2b4fe4c5c01cc3b2b8/element/f.C3E96304196E694327087280E5B350FD.d.8C9B6076504A4324ED99FED162994EBA.e.9324/click - {}
RESULT: {}
COMMAND: GET /session/bb1834e335885f2b4fe4c5c01cc3b2b8/screenshot - {}
RESULT: {}
COMMAND: POST /session/bb1834e335885f2b4fe4c5c01cc3b2b8/elements - {"using":"xpath","value":"//span[text()='Error']"}
RESULT: {"using":"xpath","value":"//span[text()='Error']"}
COMMAND: POST /session/bb1834e335885f2b4fe4c5c01cc3b2b8/element - {"using":"xpath","value":"//button[@data-kt=\"addButton\"]"}
RESULT: {"using":"xpath","value":"//button[@data-kt=\"addButton\"]"}
COMMAND: POST /session/bb1834e335885f2b4fe4c5c01cc3b2b8/elements - {"using":"xpath","value":"//button[@data-kt=\"addButton\"]"}
RESULT: {"using":"xpath","value":"//button[@data-kt=\"addButton\"]"}
COMMAND: POST /session/bb1834e335885f2b4fe4c5c01cc3b2b8/execute/sync - {"script":"<script> [8489 bytes]","args":[{"element-6066-11e4-a52e-4f735466cecf":"f.C3E96304196E694327087280E5B350FD.d.8C9B6076504A4324ED99FED162994EBA.e.11662","ELEMENT":"f.C3E96304196E694327087280E5B350FD.d.8C9B6076504A4324ED99FED162994EBA.e.11662"}]}
RESULT: {"script":"<script> [8489 bytes]","args":[{"element-6066-11e4-a52e-4f735466cecf":"f.C3E96304196E694327087280E5B350FD.d.8C9B6076504A4324ED99FED162994EBA.e.11662","ELEMENT":"f.C3E96304196E694327087280E5B350FD.d.8C9B6076504A4324ED99FED162994EBA.e.11662"}]}
COMMAND: GET /session/bb1834e335885f2b4fe4c5c01cc3b2b8/element/f.C3E96304196E694327087280E5B350FD.d.8C9B6076504A4324ED99FED162994EBA.e.11662/enabled - {}
COMMAND: GET /session/bb1834e335885f2b4fe4c5c01cc3b2b8/screenshot - {}
RESULT: {}
COMMAND: POST /session/bb1834e335885f2b4fe4c5c01cc3b2b8/execute/sync - {"script":"<script> [8489 bytes]","args":[{"element-6066-11e4-a52e-4f735466cecf":"f.C3E96304196E694327087280E5B350FD.d.8C9B6076504A4324ED99FED162994EBA.e.11662","ELEMENT":"f.C3E96304196E694327087280E5B350FD.d.8C9B6076504A4324ED99FED162994EBA.e.11662"}]}
COMMAND: GET /session/bb1834e335885f2b4fe4c5c01cc3b2b8/screenshot - {}
RESULT: {}
RESULT: {"script":"<script> [8489 bytes]","args":[{"element-6066-11e4-a52e-4f735466cecf":"f.C3E96304196E694327087280E5B350FD.d.8C9B6076504A4324ED99FED162994EBA.e.11662","ELEMENT":"f.C3E96304196E694327087280E5B350FD.d.8C9B6076504A4324ED99FED162994EBA.e.11662"}]}
COMMAND: POST /session/bb1834e335885f2b4fe4c5c01cc3b2b8/execute/sync - {"script":"<script> [5351 bytes]","args":[{"element-6066-11e4-a52e-4f735466cecf":"f.C3E96304196E694327087280E5B350FD.d.8C9B6076504A4324ED99FED162994EBA.e.11662","ELEMENT":"f.C3E96304196E694327087280E5B350FD.d.8C9B6076504A4324ED99FED162994EBA.e.11662"}]}
COMMAND: GET /session/bb1834e335885f2b4fe4c5c01cc3b2b8/screenshot - {}
RESULT: {}
RESULT: {"script":"<script> [5351 bytes]","args":[{"element-6066-11e4-a52e-4f735466cecf":"f.C3E96304196E694327087280E5B350FD.d.8C9B6076504A4324ED99FED162994EBA.e.11662","ELEMENT":"f.C3E96304196E694327087280E5B350FD.d.8C9B6076504A4324ED99FED162994EBA.e.11662"}]}
COMMAND: POST /session/bb1834e335885f2b4fe4c5c01cc3b2b8/element/f.C3E96304196E694327087280E5B350FD.d.8C9B6076504A4324ED99FED162994EBA.e.11662/click - {}
COMMAND: GET /session/bb1834e335885f2b4fe4c5c01cc3b2b8/screenshot - {}
RESULT: {}
RESULT: {}
COMMAND: GET /session/bb1834e335885f2b4fe4c5c01cc3b2b8/screenshot - {}
RESULT: undefined
COMMAND: POST /session/bb1834e335885f2b4fe4c5c01cc3b2b8/execute/async - {"script":"<script> [776 bytes]","args":[{"enterText":"External Partner WDIO","selector":{"id":"application-managepartners-display-component---NewPartner--addressDetailDetailsName1","interaction":{"idSuffix":"inner"}},"clearTextFirst":true,"interactionType":"ENTER_TEXT"}]}
RESULT: {}
RESULT: {}
RESULT: {"script":"<script> [776 bytes]","args":[{"enterText":"External Partner WDIO","selector":{"id":"application-managepartners-display-component---NewPartner--addressDetailDetailsName1","interaction":{"idSuffix":"inner"}},"clearTextFirst":true,"interactionType":"ENTER_TEXT"}]}
RESULT: undefined
COMMAND: POST /session/bb1834e335885f2b4fe4c5c01cc3b2b8/element - {"using":"xpath","value":"//*[@id=\"application-managepartners-display-component---NewPartner--addressDetailDetailsLanguage-arrow\"]"}
RESULT: {"using":"xpath","value":"//*[@id=\"application-managepartners-display-component---NewPartner--addressDetailDetailsLanguage-arrow\"]"}
COMMAND: POST /session/bb1834e335885f2b4fe4c5c01cc3b2b8/element/f.C3E96304196E694327087280E5B350FD.d.8C9B6076504A4324ED99FED162994EBA.e.12076/click - {}
RESULT: {}
COMMAND: POST /session/bb1834e335885f2b4fe4c5c01cc3b2b8/element - {"using":"xpath","value":"//span[contains(text(), \"English\")]"}
COMMAND: GET /session/bb1834e335885f2b4fe4c5c01cc3b2b8/screenshot - {}
RESULT: {"using":"xpath","value":"//span[contains(text(), \"English\")]"}
COMMAND: POST /session/bb1834e335885f2b4fe4c5c01cc3b2b8/element/f.C3E96304196E694327087280E5B350FD.d.8C9B6076504A4324ED99FED162994EBA.e.12077/click - {}
RESULT: {}
RESULT: {}
COMMAND: GET /session/bb1834e335885f2b4fe4c5c01cc3b2b8/screenshot - {}
RESULT: {}
RESULT: undefined
COMMAND: POST /session/bb1834e335885f2b4fe4c5c01cc3b2b8/execute/async - {"script":"<script> [776 bytes]","args":[{"enterText":"Rosario","selector":{"id":"application-managepartners-display-component---NewPartner--addressDetailDetailsCity1","interaction":{"idSuffix":"inner"}},"clearTextFirst":true,"interactionType":"ENTER_TEXT"}]}
RESULT: {"script":"<script> [776 bytes]","args":[{"enterText":"Rosario","selector":{"id":"application-managepartners-display-component---NewPartner--addressDetailDetailsCity1","interaction":{"idSuffix":"inner"}},"clearTextFirst":true,"interactionType":"ENTER_TEXT"}]}
RESULT: undefined
COMMAND: POST /session/bb1834e335885f2b4fe4c5c01cc3b2b8/element - {"using":"xpath","value":"//*[@id=\"application-managepartners-display-component---NewPartner--addressDetailDetailsCountry-arrow\"]"}
RESULT: {"using":"xpath","value":"//*[@id=\"application-managepartners-display-component---NewPartner--addressDetailDetailsCountry-arrow\"]"}
COMMAND: POST /session/bb1834e335885f2b4fe4c5c01cc3b2b8/element/f.C3E96304196E694327087280E5B350FD.d.8C9B6076504A4324ED99FED162994EBA.e.12030/click - {}
RESULT: {}
COMMAND: POST /session/bb1834e335885f2b4fe4c5c01cc3b2b8/element - {"using":"xpath","value":"//span[contains(text(), \"Argentina\")]"}
COMMAND: GET /session/bb1834e335885f2b4fe4c5c01cc3b2b8/screenshot - {}
RESULT: {}
RESULT: {"using":"xpath","value":"//span[contains(text(), \"Argentina\")]"}
COMMAND: POST /session/bb1834e335885f2b4fe4c5c01cc3b2b8/element/f.C3E96304196E694327087280E5B350FD.d.8C9B6076504A4324ED99FED162994EBA.e.12078/click - {}
RESULT: {}
COMMAND: GET /session/bb1834e335885f2b4fe4c5c01cc3b2b8/screenshot - {}
RESULT: {}
COMMAND: POST /session/bb1834e335885f2b4fe4c5c01cc3b2b8/element - {"using":"xpath","value":"//bdi[contains(text(), \"Commercial\")]"}
RESULT: {"using":"xpath","value":"//bdi[contains(text(), \"Commercial\")]"}
COMMAND: POST /session/bb1834e335885f2b4fe4c5c01cc3b2b8/element/f.C3E96304196E694327087280E5B350FD.d.8C9B6076504A4324ED99FED162994EBA.e.12079/click - {}
RESULT: {}
COMMAND: GET /session/bb1834e335885f2b4fe4c5c01cc3b2b8/screenshot - {}
RESULT: {}
RESULT: undefined
COMMAND: POST /session/bb1834e335885f2b4fe4c5c01cc3b2b8/element - {"using":"xpath","value":"//*[@id=\"application-managepartners-display-component---NewPartner--partnerDetailInternal-arrow\"]"}
RESULT: {"using":"xpath","value":"//*[@id=\"application-managepartners-display-component---NewPartner--partnerDetailInternal-arrow\"]"}
COMMAND: POST /session/bb1834e335885f2b4fe4c5c01cc3b2b8/element/f.C3E96304196E694327087280E5B350FD.d.8C9B6076504A4324ED99FED162994EBA.e.12085/click - {}
RESULT: {}
COMMAND: POST /session/bb1834e335885f2b4fe4c5c01cc3b2b8/element - {"using":"xpath","value":"//span[contains(text(), \"External partner\")]"}
COMMAND: GET /session/bb1834e335885f2b4fe4c5c01cc3b2b8/screenshot - {}
RESULT: {"using":"xpath","value":"//span[contains(text(), \"External partner\")]"}
COMMAND: POST /session/bb1834e335885f2b4fe4c5c01cc3b2b8/element/f.C3E96304196E694327087280E5B350FD.d.8C9B6076504A4324ED99FED162994EBA.e.12086/click - {}
RESULT: {}
RESULT: {}
RESULT: undefined
COMMAND: POST /session/bb1834e335885f2b4fe4c5c01cc3b2b8/element - {"using":"xpath","value":"//*[@id=\"application-managepartners-display-component---NewPartner--partnerDetailsCurrency-arrow\"]"}
COMMAND: GET /session/bb1834e335885f2b4fe4c5c01cc3b2b8/screenshot - {}
RESULT: {}
RESULT: {"using":"xpath","value":"//*[@id=\"application-managepartners-display-component---NewPartner--partnerDetailsCurrency-arrow\"]"}
COMMAND: POST /session/bb1834e335885f2b4fe4c5c01cc3b2b8/element/f.C3E96304196E694327087280E5B350FD.d.8C9B6076504A4324ED99FED162994EBA.e.12091/click - {}
RESULT: {}
COMMAND: POST /session/bb1834e335885f2b4fe4c5c01cc3b2b8/element - {"using":"xpath","value":"//span[contains(text(), \"US Dollar\")]"}
COMMAND: GET /session/bb1834e335885f2b4fe4c5c01cc3b2b8/screenshot - {}
RESULT: {"using":"xpath","value":"//span[contains(text(), \"US Dollar\")]"}
COMMAND: POST /session/bb1834e335885f2b4fe4c5c01cc3b2b8/element/f.C3E96304196E694327087280E5B350FD.d.8C9B6076504A4324ED99FED162994EBA.e.12092/click - {}
RESULT: {}
RESULT: {}
COMMAND: GET /session/bb1834e335885f2b4fe4c5c01cc3b2b8/screenshot - {}
COMMAND: POST /session/bb1834e335885f2b4fe4c5c01cc3b2b8/element - {"using":"xpath","value":"//input[@id=\"application-managepartners-display-component---NewPartner--companyCodeComboBox-inner\"]"}
RESULT: {}
RESULT: {"using":"xpath","value":"//input[@id=\"application-managepartners-display-component---NewPartner--companyCodeComboBox-inner\"]"}
COMMAND: POST /session/bb1834e335885f2b4fe4c5c01cc3b2b8/element/f.C3E96304196E694327087280E5B350FD.d.8C9B6076504A4324ED99FED162994EBA.e.12021/clear - {}
RESULT: {}
COMMAND: POST /session/bb1834e335885f2b4fe4c5c01cc3b2b8/element/f.C3E96304196E694327087280E5B350FD.d.8C9B6076504A4324ED99FED162994EBA.e.12021/value - {"text":"C002"}
COMMAND: GET /session/bb1834e335885f2b4fe4c5c01cc3b2b8/screenshot - {}
RESULT: {"text":"C002"}
RESULT: {}
COMMAND: GET /session/bb1834e335885f2b4fe4c5c01cc3b2b8/screenshot - {}
RESULT: {}
COMMAND: POST /session/bb1834e335885f2b4fe4c5c01cc3b2b8/element - {"using":"xpath","value":"//li[.//span[text()= \"C002\"]]"}
RESULT: {"using":"xpath","value":"//li[.//span[text()= \"C002\"]]"}
COMMAND: POST /session/bb1834e335885f2b4fe4c5c01cc3b2b8/element/f.C3E96304196E694327087280E5B350FD.d.8C9B6076504A4324ED99FED162994EBA.e.12096/click - {}
RESULT: {}
COMMAND: GET /session/bb1834e335885f2b4fe4c5c01cc3b2b8/screenshot - {}
RESULT: {}
RESULT: undefined
COMMAND: POST /session/bb1834e335885f2b4fe4c5c01cc3b2b8/element - {"using":"xpath","value":"//*[@id=\"application-managepartners-display-component---NewPartner--btnAddTableRow-img\"]"}
RESULT: {"using":"xpath","value":"//*[@id=\"application-managepartners-display-component---NewPartner--btnAddTableRow-img\"]"}
COMMAND: POST /session/bb1834e335885f2b4fe4c5c01cc3b2b8/element/f.C3E96304196E694327087280E5B350FD.d.8C9B6076504A4324ED99FED162994EBA.e.12097/click - {}
RESULT: {}
COMMAND: GET /session/bb1834e335885f2b4fe4c5c01cc3b2b8/screenshot - {}
RESULT: {}
COMMAND: POST /session/bb1834e335885f2b4fe4c5c01cc3b2b8/element - {"using":"xpath","value":"//input[@id=\"application-managepartners-display-component---NewPartner--assignmentYard-application-managepartners-display-component---NewPartner--assignmentsTable-0-inner\"]"}
RESULT: {"using":"xpath","value":"//input[@id=\"application-managepartners-display-component---NewPartner--assignmentYard-application-managepartners-display-component---NewPartner--assignmentsTable-0-inner\"]"}
COMMAND: POST /session/bb1834e335885f2b4fe4c5c01cc3b2b8/element/f.C3E96304196E694327087280E5B350FD.d.8C9B6076504A4324ED99FED162994EBA.e.12100/clear - {}
RESULT: {}
COMMAND: POST /session/bb1834e335885f2b4fe4c5c01cc3b2b8/element/f.C3E96304196E694327087280E5B350FD.d.8C9B6076504A4324ED99FED162994EBA.e.12100/value - {"text":"688"}
COMMAND: GET /session/bb1834e335885f2b4fe4c5c01cc3b2b8/screenshot - {}
RESULT: {"text":"688"}
COMMAND: GET /session/bb1834e335885f2b4fe4c5c01cc3b2b8/screenshot - {}
RESULT: {}
RESULT: {}
COMMAND: POST /session/bb1834e335885f2b4fe4c5c01cc3b2b8/element - {"using":"xpath","value":"//li[.//span[text()='688']]"}
RESULT: {"using":"xpath","value":"//li[.//span[text()='688']]"}
COMMAND: POST /session/bb1834e335885f2b4fe4c5c01cc3b2b8/element/f.C3E96304196E694327087280E5B350FD.d.8C9B6076504A4324ED99FED162994EBA.e.12108/click - {}
RESULT: {}
COMMAND: GET /session/bb1834e335885f2b4fe4c5c01cc3b2b8/screenshot - {}
RESULT: {}
COMMAND: POST /session/bb1834e335885f2b4fe4c5c01cc3b2b8/actions - {"actions":[{"id":"action29","type":"key","parameters":{},"actions":[{"type":"keyDown","value":""},{"type":"pause","duration":10},{"type":"keyUp","value":""}]}]}
RESULT: {"actions":[{"id":"action29","type":"key","parameters":{},"actions":[{"type":"keyDown","value":""},{"type":"pause","duration":10},{"type":"keyUp","value":""}]}]}
COMMAND: POST /session/bb1834e335885f2b4fe4c5c01cc3b2b8/element - {"using":"xpath","value":"//td[contains(@id, \"assignmentsTable-0-cell2\")]/div/div"}
COMMAND: GET /session/bb1834e335885f2b4fe4c5c01cc3b2b8/screenshot - {}
RESULT: {"using":"xpath","value":"//td[contains(@id, \"assignmentsTable-0-cell2\")]/div/div"}
COMMAND: POST /session/bb1834e335885f2b4fe4c5c01cc3b2b8/element/f.C3E96304196E694327087280E5B350FD.d.8C9B6076504A4324ED99FED162994EBA.e.12111/click - {}
RESULT: {}
RESULT: {}
COMMAND: GET /session/bb1834e335885f2b4fe4c5c01cc3b2b8/screenshot - {}
RESULT: {}
COMMAND: POST /session/bb1834e335885f2b4fe4c5c01cc3b2b8/element - {"using":"xpath","value":"//button[@data-kt=\"saveButton\"]"}
RESULT: {"using":"xpath","value":"//button[@data-kt=\"saveButton\"]"}
COMMAND: POST /session/bb1834e335885f2b4fe4c5c01cc3b2b8/element/f.C3E96304196E694327087280E5B350FD.d.8C9B6076504A4324ED99FED162994EBA.e.12026/click - {}
RESULT: {}
COMMAND: GET /session/bb1834e335885f2b4fe4c5c01cc3b2b8/screenshot - {}
RESULT: {}
COMMAND: POST /session/bb1834e335885f2b4fe4c5c01cc3b2b8/element - {"using":"xpath","value":"//header[contains(@id, 'ObjectPageLayout-headerTitle')]/div[1]/div[2]/div[2]/span[1]"}
RESULT: {"using":"xpath","value":"//header[contains(@id, 'ObjectPageLayout-headerTitle')]/div[1]/div[2]/div[2]/span[1]"}
COMMAND: POST /session/bb1834e335885f2b4fe4c5c01cc3b2b8/elements - {"using":"xpath","value":"//header[contains(@id, 'ObjectPageLayout-headerTitle')]/div[1]/div[2]/div[2]/span[1]"}
RESULT: {"using":"xpath","value":"//header[contains(@id, 'ObjectPageLayout-headerTitle')]/div[1]/div[2]/div[2]/span[1]"}
COMMAND: POST /session/bb1834e335885f2b4fe4c5c01cc3b2b8/execute/sync - {"script":"<script> [56 bytes]","args":[{"element-6066-11e4-a52e-4f735466cecf":"f.C3E96304196E694327087280E5B350FD.d.8C9B6076504A4324ED99FED162994EBA.e.12259","ELEMENT":"f.C3E96304196E694327087280E5B350FD.d.8C9B6076504A4324ED99FED162994EBA.e.12259"}]}
RESULT: {"script":"<script> [56 bytes]","args":[{"element-6066-11e4-a52e-4f735466cecf":"f.C3E96304196E694327087280E5B350FD.d.8C9B6076504A4324ED99FED162994EBA.e.12259","ELEMENT":"f.C3E96304196E694327087280E5B350FD.d.8C9B6076504A4324ED99FED162994EBA.e.12259"}]}
COMMAND: POST /session/bb1834e335885f2b4fe4c5c01cc3b2b8/element - {"using":"css selector","value":"#shell-header-logo"}
COMMAND: GET /session/bb1834e335885f2b4fe4c5c01cc3b2b8/screenshot - {}
RESULT: {"using":"css selector","value":"#shell-header-logo"}
COMMAND: POST /session/bb1834e335885f2b4fe4c5c01cc3b2b8/element/f.C3E96304196E694327087280E5B350FD.d.8C9B6076504A4324ED99FED162994EBA.e.11618/click - {}
RESULT: {}
RESULT: {}
COMMAND: GET /session/bb1834e335885f2b4fe4c5c01cc3b2b8/screenshot - {}
RESULT: {}
COMMAND: POST /session/bb1834e335885f2b4fe4c5c01cc3b2b8/execute/sync - {"script":"<script> [299 bytes]","args":[["getModel","getResource"]]}
RESULT: {"script":"<script> [299 bytes]","args":[["getModel","getResource"]]}
COMMAND: GET /session/bb1834e335885f2b4fe4c5c01cc3b2b8/screenshot - {}
RESULT: {}
COMMAND: DELETE /session/bb1834e335885f2b4fe4c5c01cc3b2b8 - {}
RESULT: {}
]]></system-out>
    </testcase>
  </testsuite>
</testsuites>