<?xml version="1.0" encoding="UTF-8"?>
<testsuites tests="9" failures="0" errors="0" skipped="0">
  <testsuite timestamp="2025-05-27T15:32:28" time="882.909" tests="8" failures="0" errors="0" skipped="0">
    <properties>
      <property name="specId" value="0"/>
      <property name="suiteName" value="Create masterdata for Yard Overview - trigger provide US130988"/>
      <property name="capabilities" value="chrome.136_0_7103_93.windows"/>
      <property name="file" value="file:///D:/a/1/s/test/specs/HTR/yard-overview-trigger.spec.js"/>
    </properties>
    <testcase classname="chrome.136_0_7103_93.windows.Create_masterdata_for_Yard_Overview_-_trigger_provide_US130988" name="Should create a new yard" time="151.181">
      <system-out><![CDATA[
COMMAND: POST /session/7b3da3677cea6676bf36114916e4b8da/window/fullscreen - {}
RESULT: {}
COMMAND: POST /session/7b3da3677cea6676bf36114916e4b8da/execute/async - {"script":"<script> [1562 bytes]","args":[{"selector":{"controlType":"sap.m.GenericTile","properties":{"header":"Manage Yards"}},"wdio_ui5_key":"sapm.GenericTile{\"header\":\"Manage Yards\"}"}]}
RESULT: {"script":"<script> [1562 bytes]","args":[{"selector":{"controlType":"sap.m.GenericTile","properties":{"header":"Manage Yards"}},"wdio_ui5_key":"sapm.GenericTile{\"header\":\"Manage Yards\"}"}]}
RESULT: undefined
COMMAND: POST /session/7b3da3677cea6676bf36114916e4b8da/element - {"using":"xpath","value":"//*[@id=\"__tile41\"]"}
RESULT: {"using":"xpath","value":"//*[@id=\"__tile41\"]"}
COMMAND: POST /session/7b3da3677cea6676bf36114916e4b8da/element/f.39679F56340FCB9627FDE312A2FE1CD1.d.E9743D0F0632562577637E952EEE820D.e.129/click - {}
RESULT: {}
COMMAND: GET /session/7b3da3677cea6676bf36114916e4b8da/screenshot - {}
RESULT: {}
COMMAND: POST /session/7b3da3677cea6676bf36114916e4b8da/elements - {"using":"xpath","value":"//span[text()='Error']"}
RESULT: {"using":"xpath","value":"//span[text()='Error']"}
COMMAND: POST /session/7b3da3677cea6676bf36114916e4b8da/element - {"using":"xpath","value":"//button[@data-kt=\"addNewYardOverflowToolbarButton\"]"}
RESULT: {"using":"xpath","value":"//button[@data-kt=\"addNewYardOverflowToolbarButton\"]"}
COMMAND: POST /session/7b3da3677cea6676bf36114916e4b8da/elements - {"using":"xpath","value":"//button[@data-kt=\"addNewYardOverflowToolbarButton\"]"}
RESULT: {"using":"xpath","value":"//button[@data-kt=\"addNewYardOverflowToolbarButton\"]"}
COMMAND: POST /session/7b3da3677cea6676bf36114916e4b8da/elements - {"using":"xpath","value":"//button[@data-kt=\"addNewYardOverflowToolbarButton\"]"}
RESULT: {"using":"xpath","value":"//button[@data-kt=\"addNewYardOverflowToolbarButton\"]"}
COMMAND: POST /session/7b3da3677cea6676bf36114916e4b8da/elements - {"using":"xpath","value":"//button[@data-kt=\"addNewYardOverflowToolbarButton\"]"}
RESULT: {"using":"xpath","value":"//button[@data-kt=\"addNewYardOverflowToolbarButton\"]"}
COMMAND: POST /session/7b3da3677cea6676bf36114916e4b8da/elements - {"using":"xpath","value":"//button[@data-kt=\"addNewYardOverflowToolbarButton\"]"}
RESULT: {"using":"xpath","value":"//button[@data-kt=\"addNewYardOverflowToolbarButton\"]"}
COMMAND: POST /session/7b3da3677cea6676bf36114916e4b8da/elements - {"using":"xpath","value":"//button[@data-kt=\"addNewYardOverflowToolbarButton\"]"}
RESULT: {"using":"xpath","value":"//button[@data-kt=\"addNewYardOverflowToolbarButton\"]"}
COMMAND: POST /session/7b3da3677cea6676bf36114916e4b8da/elements - {"using":"xpath","value":"//button[@data-kt=\"addNewYardOverflowToolbarButton\"]"}
RESULT: {"using":"xpath","value":"//button[@data-kt=\"addNewYardOverflowToolbarButton\"]"}
COMMAND: POST /session/7b3da3677cea6676bf36114916e4b8da/elements - {"using":"xpath","value":"//button[@data-kt=\"addNewYardOverflowToolbarButton\"]"}
RESULT: {"using":"xpath","value":"//button[@data-kt=\"addNewYardOverflowToolbarButton\"]"}
COMMAND: POST /session/7b3da3677cea6676bf36114916e4b8da/elements - {"using":"xpath","value":"//button[@data-kt=\"addNewYardOverflowToolbarButton\"]"}
RESULT: {"using":"xpath","value":"//button[@data-kt=\"addNewYardOverflowToolbarButton\"]"}
COMMAND: POST /session/7b3da3677cea6676bf36114916e4b8da/element - {"using":"xpath","value":"//button[@data-kt=\"addNewYardOverflowToolbarButton\"]"}
RESULT: {"using":"xpath","value":"//button[@data-kt=\"addNewYardOverflowToolbarButton\"]"}
COMMAND: POST /session/7b3da3677cea6676bf36114916e4b8da/execute/sync - {"script":"<script> [8489 bytes]","args":[{"element-6066-11e4-a52e-4f735466cecf":"f.39679F56340FCB9627FDE312A2FE1CD1.d.E9743D0F0632562577637E952EEE820D.e.264","ELEMENT":"f.39679F56340FCB9627FDE312A2FE1CD1.d.E9743D0F0632562577637E952EEE820D.e.264"}]}
RESULT: {"script":"<script> [8489 bytes]","args":[{"element-6066-11e4-a52e-4f735466cecf":"f.39679F56340FCB9627FDE312A2FE1CD1.d.E9743D0F0632562577637E952EEE820D.e.264","ELEMENT":"f.39679F56340FCB9627FDE312A2FE1CD1.d.E9743D0F0632562577637E952EEE820D.e.264"}]}
COMMAND: GET /session/7b3da3677cea6676bf36114916e4b8da/element/f.39679F56340FCB9627FDE312A2FE1CD1.d.E9743D0F0632562577637E952EEE820D.e.264/enabled - {}
COMMAND: GET /session/7b3da3677cea6676bf36114916e4b8da/screenshot - {}
RESULT: {}
COMMAND: POST /session/7b3da3677cea6676bf36114916e4b8da/execute/sync - {"script":"<script> [8489 bytes]","args":[{"element-6066-11e4-a52e-4f735466cecf":"f.39679F56340FCB9627FDE312A2FE1CD1.d.E9743D0F0632562577637E952EEE820D.e.264","ELEMENT":"f.39679F56340FCB9627FDE312A2FE1CD1.d.E9743D0F0632562577637E952EEE820D.e.264"}]}
COMMAND: GET /session/7b3da3677cea6676bf36114916e4b8da/screenshot - {}
RESULT: {}
RESULT: {"script":"<script> [8489 bytes]","args":[{"element-6066-11e4-a52e-4f735466cecf":"f.39679F56340FCB9627FDE312A2FE1CD1.d.E9743D0F0632562577637E952EEE820D.e.264","ELEMENT":"f.39679F56340FCB9627FDE312A2FE1CD1.d.E9743D0F0632562577637E952EEE820D.e.264"}]}
COMMAND: POST /session/7b3da3677cea6676bf36114916e4b8da/execute/sync - {"script":"<script> [5351 bytes]","args":[{"element-6066-11e4-a52e-4f735466cecf":"f.39679F56340FCB9627FDE312A2FE1CD1.d.E9743D0F0632562577637E952EEE820D.e.264","ELEMENT":"f.39679F56340FCB9627FDE312A2FE1CD1.d.E9743D0F0632562577637E952EEE820D.e.264"}]}
COMMAND: GET /session/7b3da3677cea6676bf36114916e4b8da/screenshot - {}
RESULT: {}
RESULT: {"script":"<script> [5351 bytes]","args":[{"element-6066-11e4-a52e-4f735466cecf":"f.39679F56340FCB9627FDE312A2FE1CD1.d.E9743D0F0632562577637E952EEE820D.e.264","ELEMENT":"f.39679F56340FCB9627FDE312A2FE1CD1.d.E9743D0F0632562577637E952EEE820D.e.264"}]}
COMMAND: POST /session/7b3da3677cea6676bf36114916e4b8da/element/f.39679F56340FCB9627FDE312A2FE1CD1.d.E9743D0F0632562577637E952EEE820D.e.264/click - {}
COMMAND: GET /session/7b3da3677cea6676bf36114916e4b8da/screenshot - {}
RESULT: {}
RESULT: {}
COMMAND: GET /session/7b3da3677cea6676bf36114916e4b8da/screenshot - {}
COMMAND: POST /session/7b3da3677cea6676bf36114916e4b8da/element - {"using":"xpath","value":"//input[@id=\"application-manageyards-display-component---NewYard--yardId-inner\"]"}
RESULT: {}
RESULT: {}
RESULT: {"using":"xpath","value":"//input[@id=\"application-manageyards-display-component---NewYard--yardId-inner\"]"}
COMMAND: POST /session/7b3da3677cea6676bf36114916e4b8da/element - {"using":"xpath","value":"//input[@id=\"application-manageyards-display-component---NewYard--yardId-inner\"]"}
RESULT: {"using":"xpath","value":"//input[@id=\"application-manageyards-display-component---NewYard--yardId-inner\"]"}
COMMAND: POST /session/7b3da3677cea6676bf36114916e4b8da/execute/async - {"script":"<script> [1562 bytes]","args":[{"selector":{"id":"application-manageyards-display-component---NewYard--addressDetailDetailsName1","interaction":{"idSuffix":"inner"}},"wdio_ui5_key":"applicationmanageyards-display-component---NewYard--addressDetailDetailsName1"}]}
RESULT: {"script":"<script> [1562 bytes]","args":[{"selector":{"id":"application-manageyards-display-component---NewYard--addressDetailDetailsName1","interaction":{"idSuffix":"inner"}},"wdio_ui5_key":"applicationmanageyards-display-component---NewYard--addressDetailDetailsName1"}]}
RESULT: undefined
COMMAND: POST /session/7b3da3677cea6676bf36114916e4b8da/execute/async - {"script":"<script> [776 bytes]","args":[{"enterText":"Other Yard WDIO","selector":{"id":"application-manageyards-display-component---NewYard--addressDetailDetailsName1","interaction":{"idSuffix":"inner"}},"clearTextFirst":true,"interactionType":"ENTER_TEXT"}]}
RESULT: {"script":"<script> [776 bytes]","args":[{"enterText":"Other Yard WDIO","selector":{"id":"application-manageyards-display-component---NewYard--addressDetailDetailsName1","interaction":{"idSuffix":"inner"}},"clearTextFirst":true,"interactionType":"ENTER_TEXT"}]}
COMMAND: POST /session/7b3da3677cea6676bf36114916e4b8da/execute/async - {"script":"<script> [1562 bytes]","args":[{"selector":{"id":"application-manageyards-display-component---NewYard--addressDetailDetailsLanguage-arrow"},"wdio_ui5_key":"applicationmanageyards-display-component---NewYard--addressDetailDetailsLanguage-arrow"}]}
RESULT: {"script":"<script> [1562 bytes]","args":[{"selector":{"id":"application-manageyards-display-component---NewYard--addressDetailDetailsLanguage-arrow"},"wdio_ui5_key":"applicationmanageyards-display-component---NewYard--addressDetailDetailsLanguage-arrow"}]}
RESULT: undefined
COMMAND: POST /session/7b3da3677cea6676bf36114916e4b8da/element - {"using":"xpath","value":"//*[@id=\"application-manageyards-display-component---NewYard--addressDetailDetailsLanguage-arrow\"]"}
RESULT: {"using":"xpath","value":"//*[@id=\"application-manageyards-display-component---NewYard--addressDetailDetailsLanguage-arrow\"]"}
COMMAND: POST /session/7b3da3677cea6676bf36114916e4b8da/element/f.39679F56340FCB9627FDE312A2FE1CD1.d.E9743D0F0632562577637E952EEE820D.e.694/click - {}
RESULT: {}
COMMAND: POST /session/7b3da3677cea6676bf36114916e4b8da/element - {"using":"xpath","value":"//span[contains(text(), \"English\")]"}
COMMAND: GET /session/7b3da3677cea6676bf36114916e4b8da/screenshot - {}
RESULT: {"using":"xpath","value":"//span[contains(text(), \"English\")]"}
COMMAND: POST /session/7b3da3677cea6676bf36114916e4b8da/element/f.39679F56340FCB9627FDE312A2FE1CD1.d.E9743D0F0632562577637E952EEE820D.e.695/click - {}
RESULT: {}
RESULT: {}
COMMAND: POST /session/7b3da3677cea6676bf36114916e4b8da/execute/async - {"script":"<script> [1562 bytes]","args":[{"selector":{"id":"application-manageyards-display-component---NewYard--addressDetailDetailsCity1","interaction":{"idSuffix":"inner"}},"wdio_ui5_key":"applicationmanageyards-display-component---NewYard--addressDetailDetailsCity1"}]}
COMMAND: GET /session/7b3da3677cea6676bf36114916e4b8da/screenshot - {}
RESULT: {"script":"<script> [1562 bytes]","args":[{"selector":{"id":"application-manageyards-display-component---NewYard--addressDetailDetailsCity1","interaction":{"idSuffix":"inner"}},"wdio_ui5_key":"applicationmanageyards-display-component---NewYard--addressDetailDetailsCity1"}]}
RESULT: undefined
COMMAND: POST /session/7b3da3677cea6676bf36114916e4b8da/execute/async - {"script":"<script> [776 bytes]","args":[{"enterText":"Rosario","selector":{"id":"application-manageyards-display-component---NewYard--addressDetailDetailsCity1","interaction":{"idSuffix":"inner"}},"clearTextFirst":true,"interactionType":"ENTER_TEXT"}]}
RESULT: {}
RESULT: {"script":"<script> [776 bytes]","args":[{"enterText":"Rosario","selector":{"id":"application-manageyards-display-component---NewYard--addressDetailDetailsCity1","interaction":{"idSuffix":"inner"}},"clearTextFirst":true,"interactionType":"ENTER_TEXT"}]}
COMMAND: POST /session/7b3da3677cea6676bf36114916e4b8da/execute/async - {"script":"<script> [1562 bytes]","args":[{"selector":{"id":"application-manageyards-display-component---NewYard--addressDetailDetailsCountry-arrow"},"wdio_ui5_key":"applicationmanageyards-display-component---NewYard--addressDetailDetailsCountry-arrow"}]}
RESULT: {"script":"<script> [1562 bytes]","args":[{"selector":{"id":"application-manageyards-display-component---NewYard--addressDetailDetailsCountry-arrow"},"wdio_ui5_key":"applicationmanageyards-display-component---NewYard--addressDetailDetailsCountry-arrow"}]}
RESULT: undefined
COMMAND: POST /session/7b3da3677cea6676bf36114916e4b8da/element - {"using":"xpath","value":"//*[@id=\"application-manageyards-display-component---NewYard--addressDetailDetailsCountry-arrow\"]"}
RESULT: {"using":"xpath","value":"//*[@id=\"application-manageyards-display-component---NewYard--addressDetailDetailsCountry-arrow\"]"}
COMMAND: POST /session/7b3da3677cea6676bf36114916e4b8da/element/f.39679F56340FCB9627FDE312A2FE1CD1.d.E9743D0F0632562577637E952EEE820D.e.697/click - {}
RESULT: {}
COMMAND: POST /session/7b3da3677cea6676bf36114916e4b8da/element - {"using":"xpath","value":"//span[contains(text(), \"Argentina\")]"}
COMMAND: GET /session/7b3da3677cea6676bf36114916e4b8da/screenshot - {}
RESULT: {"using":"xpath","value":"//span[contains(text(), \"Argentina\")]"}
COMMAND: POST /session/7b3da3677cea6676bf36114916e4b8da/element/f.39679F56340FCB9627FDE312A2FE1CD1.d.E9743D0F0632562577637E952EEE820D.e.698/click - {}
RESULT: {}
RESULT: {}
COMMAND: POST /session/7b3da3677cea6676bf36114916e4b8da/execute/async - {"script":"<script> [1562 bytes]","args":[{"selector":{"id":"application-manageyards-display-component---NewYard--addressEditDetailsCostObjectCstType-arrow"},"wdio_ui5_key":"applicationmanageyards-display-component---NewYard--addressEditDetailsCostObjectCstType-arrow"}]}
COMMAND: GET /session/7b3da3677cea6676bf36114916e4b8da/screenshot - {}
RESULT: {"script":"<script> [1562 bytes]","args":[{"selector":{"id":"application-manageyards-display-component---NewYard--addressEditDetailsCostObjectCstType-arrow"},"wdio_ui5_key":"applicationmanageyards-display-component---NewYard--addressEditDetailsCostObjectCstType-arrow"}]}
RESULT: undefined
COMMAND: POST /session/7b3da3677cea6676bf36114916e4b8da/element - {"using":"xpath","value":"//*[@id=\"application-manageyards-display-component---NewYard--addressEditDetailsCostObjectCstType-arrow\"]"}
RESULT: {}
RESULT: {"using":"xpath","value":"//*[@id=\"application-manageyards-display-component---NewYard--addressEditDetailsCostObjectCstType-arrow\"]"}
COMMAND: POST /session/7b3da3677cea6676bf36114916e4b8da/element/f.39679F56340FCB9627FDE312A2FE1CD1.d.E9743D0F0632562577637E952EEE820D.e.700/click - {}
RESULT: {}
COMMAND: POST /session/7b3da3677cea6676bf36114916e4b8da/element - {"using":"xpath","value":"//span[contains(text(), \"Cost Center\")]"}
COMMAND: GET /session/7b3da3677cea6676bf36114916e4b8da/screenshot - {}
RESULT: {"using":"xpath","value":"//span[contains(text(), \"Cost Center\")]"}
COMMAND: POST /session/7b3da3677cea6676bf36114916e4b8da/element/f.39679F56340FCB9627FDE312A2FE1CD1.d.E9743D0F0632562577637E952EEE820D.e.701/click - {}
RESULT: {}
RESULT: {}
COMMAND: GET /session/7b3da3677cea6676bf36114916e4b8da/screenshot - {}
RESULT: {}
COMMAND: POST /session/7b3da3677cea6676bf36114916e4b8da/element - {"using":"xpath","value":"//span[@id=\"application-manageyards-display-component---NewYard--addressNewCostObjectCstID-vhi\"]"}
RESULT: {"using":"xpath","value":"//span[@id=\"application-manageyards-display-component---NewYard--addressNewCostObjectCstID-vhi\"]"}
COMMAND: POST /session/7b3da3677cea6676bf36114916e4b8da/execute/sync - {"script":"<script> [8489 bytes]","args":[{"element-6066-11e4-a52e-4f735466cecf":"f.39679F56340FCB9627FDE312A2FE1CD1.d.E9743D0F0632562577637E952EEE820D.e.705","ELEMENT":"f.39679F56340FCB9627FDE312A2FE1CD1.d.E9743D0F0632562577637E952EEE820D.e.705"}]}
RESULT: {"script":"<script> [8489 bytes]","args":[{"element-6066-11e4-a52e-4f735466cecf":"f.39679F56340FCB9627FDE312A2FE1CD1.d.E9743D0F0632562577637E952EEE820D.e.705","ELEMENT":"f.39679F56340FCB9627FDE312A2FE1CD1.d.E9743D0F0632562577637E952EEE820D.e.705"}]}
COMMAND: POST /session/7b3da3677cea6676bf36114916e4b8da/execute/async - {"script":"<script> [1562 bytes]","args":[{"selector":{"id":"application-manageyards-display-component---NewYard--addressNewCostObjectCstID-vhi"},"wdio_ui5_key":"applicationmanageyards-display-component---NewYard--addressNewCostObjectCstID-vhi"}]}
COMMAND: GET /session/7b3da3677cea6676bf36114916e4b8da/screenshot - {}
RESULT: {"script":"<script> [1562 bytes]","args":[{"selector":{"id":"application-manageyards-display-component---NewYard--addressNewCostObjectCstID-vhi"},"wdio_ui5_key":"applicationmanageyards-display-component---NewYard--addressNewCostObjectCstID-vhi"}]}
RESULT: undefined
COMMAND: POST /session/7b3da3677cea6676bf36114916e4b8da/element - {"using":"xpath","value":"//*[@id=\"application-manageyards-display-component---NewYard--addressNewCostObjectCstID-vhi\"]"}
RESULT: {}
RESULT: {"using":"xpath","value":"//*[@id=\"application-manageyards-display-component---NewYard--addressNewCostObjectCstID-vhi\"]"}
COMMAND: POST /session/7b3da3677cea6676bf36114916e4b8da/element/f.39679F56340FCB9627FDE312A2FE1CD1.d.E9743D0F0632562577637E952EEE820D.e.705/click - {}
RESULT: {}
COMMAND: GET /session/7b3da3677cea6676bf36114916e4b8da/screenshot - {}
RESULT: {}
COMMAND: POST /session/7b3da3677cea6676bf36114916e4b8da/execute/async - {"script":"<script> [1562 bytes]","args":[{"selector":{"controlType":"sap.m.SearchField","properties":{"placeholder":"Search"},"searchOpenDialogs":true,"interaction":{"idSuffix":"I"}},"wdio_ui5_key":"sapm.SearchField{\"placeholder\":\"Search\"}"}]}
RESULT: {"script":"<script> [1562 bytes]","args":[{"selector":{"controlType":"sap.m.SearchField","properties":{"placeholder":"Search"},"searchOpenDialogs":true,"interaction":{"idSuffix":"I"}},"wdio_ui5_key":"sapm.SearchField{\"placeholder\":\"Search\"}"}]}
RESULT: undefined
COMMAND: POST /session/7b3da3677cea6676bf36114916e4b8da/execute/async - {"script":"<script> [776 bytes]","args":[{"enterText":"bauh_b","selector":{"controlType":"sap.m.SearchField","properties":{"placeholder":"Search"},"searchOpenDialogs":true,"interaction":{"idSuffix":"I"}},"clearTextFirst":true,"interactionType":"ENTER_TEXT"}]}
RESULT: {"script":"<script> [776 bytes]","args":[{"enterText":"bauh_b","selector":{"controlType":"sap.m.SearchField","properties":{"placeholder":"Search"},"searchOpenDialogs":true,"interaction":{"idSuffix":"I"}},"clearTextFirst":true,"interactionType":"ENTER_TEXT"}]}
COMMAND: POST /session/7b3da3677cea6676bf36114916e4b8da/actions - {"actions":[{"id":"action1","type":"key","parameters":{},"actions":[{"type":"keyDown","value":""},{"type":"pause","duration":10},{"type":"keyUp","value":""}]}]}
RESULT: {"actions":[{"id":"action1","type":"key","parameters":{},"actions":[{"type":"keyDown","value":""},{"type":"pause","duration":10},{"type":"keyUp","value":""}]}]}
COMMAND: GET /session/7b3da3677cea6676bf36114916e4b8da/screenshot - {}
RESULT: {}
COMMAND: POST /session/7b3da3677cea6676bf36114916e4b8da/element - {"using":"xpath","value":"//span[contains(text(), \"Demo Yard\")]"}
RESULT: {"using":"xpath","value":"//span[contains(text(), \"Demo Yard\")]"}
COMMAND: POST /session/7b3da3677cea6676bf36114916e4b8da/element/f.39679F56340FCB9627FDE312A2FE1CD1.d.E9743D0F0632562577637E952EEE820D.e.748/click - {}
RESULT: {}
COMMAND: GET /session/7b3da3677cea6676bf36114916e4b8da/screenshot - {}
RESULT: {}
COMMAND: POST /session/7b3da3677cea6676bf36114916e4b8da/element - {"using":"xpath","value":"//bdi[contains(text(), \"OK\")]"}
RESULT: {"using":"xpath","value":"//bdi[contains(text(), \"OK\")]"}
COMMAND: POST /session/7b3da3677cea6676bf36114916e4b8da/element/f.39679F56340FCB9627FDE312A2FE1CD1.d.E9743D0F0632562577637E952EEE820D.e.749/click - {}
RESULT: {}
COMMAND: GET /session/7b3da3677cea6676bf36114916e4b8da/screenshot - {}
RESULT: {}
COMMAND: POST /session/7b3da3677cea6676bf36114916e4b8da/execute/async - {"script":"<script> [1562 bytes]","args":[{"selector":{"id":"application-manageyards-display-component---NewYard--addressEditDetailsCurrency-arrow"},"wdio_ui5_key":"applicationmanageyards-display-component---NewYard--addressEditDetailsCurrency-arrow"}]}
RESULT: {"script":"<script> [1562 bytes]","args":[{"selector":{"id":"application-manageyards-display-component---NewYard--addressEditDetailsCurrency-arrow"},"wdio_ui5_key":"applicationmanageyards-display-component---NewYard--addressEditDetailsCurrency-arrow"}]}
RESULT: undefined
COMMAND: POST /session/7b3da3677cea6676bf36114916e4b8da/element - {"using":"xpath","value":"//*[@id=\"application-manageyards-display-component---NewYard--addressEditDetailsCurrency-arrow\"]"}
RESULT: {"using":"xpath","value":"//*[@id=\"application-manageyards-display-component---NewYard--addressEditDetailsCurrency-arrow\"]"}
COMMAND: POST /session/7b3da3677cea6676bf36114916e4b8da/element/f.39679F56340FCB9627FDE312A2FE1CD1.d.E9743D0F0632562577637E952EEE820D.e.752/click - {}
RESULT: {}
COMMAND: POST /session/7b3da3677cea6676bf36114916e4b8da/element - {"using":"xpath","value":"//span[contains(text(), \"Euro\")]"}
COMMAND: GET /session/7b3da3677cea6676bf36114916e4b8da/screenshot - {}
RESULT: {"using":"xpath","value":"//span[contains(text(), \"Euro\")]"}
COMMAND: POST /session/7b3da3677cea6676bf36114916e4b8da/element/f.39679F56340FCB9627FDE312A2FE1CD1.d.E9743D0F0632562577637E952EEE820D.e.753/click - {}
RESULT: {}
RESULT: {}
COMMAND: POST /session/7b3da3677cea6676bf36114916e4b8da/execute/async - {"script":"<script> [1562 bytes]","args":[{"selector":{"controlType":"sap.m.Input","viewName":"etm.portal.ui.manageyards.view.New","viewId":"application-manageyards-display-component---NewYard","bindingPath":{"path":"","propertyPath":"/CONTROLLING_AREA","modelName":"NewYardModel"},"interaction":{"idSuffix":"inner"}},"wdio_ui5_key":"etmportal.ui.manageyards.view.Newsap.m.Input{\"path\":\"\",\"propertyPath\":\"/CONTROLLING_AREA\",\"modelName\":\"NewYardModel\"}"}]}
COMMAND: GET /session/7b3da3677cea6676bf36114916e4b8da/screenshot - {}
RESULT: {"script":"<script> [1562 bytes]","args":[{"selector":{"controlType":"sap.m.Input","viewName":"etm.portal.ui.manageyards.view.New","viewId":"application-manageyards-display-component---NewYard","bindingPath":{"path":"","propertyPath":"/CONTROLLING_AREA","modelName":"NewYardModel"},"interaction":{"idSuffix":"inner"}},"wdio_ui5_key":"etmportal.ui.manageyards.view.Newsap.m.Input{\"path\":\"\",\"propertyPath\":\"/CONTROLLING_AREA\",\"modelName\":\"NewYardModel\"}"}]}
RESULT: undefined
COMMAND: POST /session/7b3da3677cea6676bf36114916e4b8da/execute/async - {"script":"<script> [776 bytes]","args":[{"enterText":"Z001","selector":{"controlType":"sap.m.Input","viewName":"etm.portal.ui.manageyards.view.New","viewId":"application-manageyards-display-component---NewYard","bindingPath":{"path":"","propertyPath":"/CONTROLLING_AREA","modelName":"NewYardModel"},"interaction":{"idSuffix":"inner"}},"clearTextFirst":true,"interactionType":"ENTER_TEXT"}]}
RESULT: {}
RESULT: {"script":"<script> [776 bytes]","args":[{"enterText":"Z001","selector":{"controlType":"sap.m.Input","viewName":"etm.portal.ui.manageyards.view.New","viewId":"application-manageyards-display-component---NewYard","bindingPath":{"path":"","propertyPath":"/CONTROLLING_AREA","modelName":"NewYardModel"},"interaction":{"idSuffix":"inner"}},"clearTextFirst":true,"interactionType":"ENTER_TEXT"}]}
COMMAND: POST /session/7b3da3677cea6676bf36114916e4b8da/execute/async - {"script":"<script> [1562 bytes]","args":[{"selector":{"id":"application-manageyards-display-component---NewYard--companyCodeComboBox","interaction":{"idSuffix":"inner"}},"wdio_ui5_key":"applicationmanageyards-display-component---NewYard--companyCodeComboBox"}]}
RESULT: {"script":"<script> [1562 bytes]","args":[{"selector":{"id":"application-manageyards-display-component---NewYard--companyCodeComboBox","interaction":{"idSuffix":"inner"}},"wdio_ui5_key":"applicationmanageyards-display-component---NewYard--companyCodeComboBox"}]}
RESULT: undefined
COMMAND: POST /session/7b3da3677cea6676bf36114916e4b8da/execute/async - {"script":"<script> [776 bytes]","args":[{"enterText":"1000","selector":{"id":"application-manageyards-display-component---NewYard--companyCodeComboBox","interaction":{"idSuffix":"inner"}},"clearTextFirst":true,"interactionType":"ENTER_TEXT"}]}
RESULT: {"script":"<script> [776 bytes]","args":[{"enterText":"1000","selector":{"id":"application-manageyards-display-component---NewYard--companyCodeComboBox","interaction":{"idSuffix":"inner"}},"clearTextFirst":true,"interactionType":"ENTER_TEXT"}]}
COMMAND: POST /session/7b3da3677cea6676bf36114916e4b8da/execute/async - {"script":"<script> [1562 bytes]","args":[{"selector":{"controlType":"sap.m.Input","viewName":"etm.portal.ui.manageyards.view.New","viewId":"application-manageyards-display-component---NewYard","bindingPath":{"path":"","propertyPath":"/PLANT","modelName":"NewYardModel"},"interaction":{"idSuffix":"inner"}},"wdio_ui5_key":"etmportal.ui.manageyards.view.Newsap.m.Input{\"path\":\"\",\"propertyPath\":\"/PLANT\",\"modelName\":\"NewYardModel\"}"}]}
RESULT: {"script":"<script> [1562 bytes]","args":[{"selector":{"controlType":"sap.m.Input","viewName":"etm.portal.ui.manageyards.view.New","viewId":"application-manageyards-display-component---NewYard","bindingPath":{"path":"","propertyPath":"/PLANT","modelName":"NewYardModel"},"interaction":{"idSuffix":"inner"}},"wdio_ui5_key":"etmportal.ui.manageyards.view.Newsap.m.Input{\"path\":\"\",\"propertyPath\":\"/PLANT\",\"modelName\":\"NewYardModel\"}"}]}
RESULT: undefined
COMMAND: POST /session/7b3da3677cea6676bf36114916e4b8da/execute/async - {"script":"<script> [776 bytes]","args":[{"enterText":"1001","selector":{"controlType":"sap.m.Input","viewName":"etm.portal.ui.manageyards.view.New","viewId":"application-manageyards-display-component---NewYard","bindingPath":{"path":"","propertyPath":"/PLANT","modelName":"NewYardModel"},"interaction":{"idSuffix":"inner"}},"clearTextFirst":true,"interactionType":"ENTER_TEXT"}]}
RESULT: {"script":"<script> [776 bytes]","args":[{"enterText":"1001","selector":{"controlType":"sap.m.Input","viewName":"etm.portal.ui.manageyards.view.New","viewId":"application-manageyards-display-component---NewYard","bindingPath":{"path":"","propertyPath":"/PLANT","modelName":"NewYardModel"},"interaction":{"idSuffix":"inner"}},"clearTextFirst":true,"interactionType":"ENTER_TEXT"}]}
COMMAND: POST /session/7b3da3677cea6676bf36114916e4b8da/execute/async - {"script":"<script> [1562 bytes]","args":[{"selector":{"controlType":"sap.m.Input","viewName":"etm.portal.ui.manageyards.view.New","viewId":"application-manageyards-display-component---NewYard","bindingPath":{"path":"","propertyPath":"/SALES_AREA_VKORG","modelName":"NewYardModel"},"interaction":{"idSuffix":"inner"}},"wdio_ui5_key":"etmportal.ui.manageyards.view.Newsap.m.Input{\"path\":\"\",\"propertyPath\":\"/SALES_AREA_VKORG\",\"modelName\":\"NewYardModel\"}"}]}
RESULT: {"script":"<script> [1562 bytes]","args":[{"selector":{"controlType":"sap.m.Input","viewName":"etm.portal.ui.manageyards.view.New","viewId":"application-manageyards-display-component---NewYard","bindingPath":{"path":"","propertyPath":"/SALES_AREA_VKORG","modelName":"NewYardModel"},"interaction":{"idSuffix":"inner"}},"wdio_ui5_key":"etmportal.ui.manageyards.view.Newsap.m.Input{\"path\":\"\",\"propertyPath\":\"/SALES_AREA_VKORG\",\"modelName\":\"NewYardModel\"}"}]}
RESULT: undefined
COMMAND: POST /session/7b3da3677cea6676bf36114916e4b8da/execute/async - {"script":"<script> [776 bytes]","args":[{"enterText":"C002","selector":{"controlType":"sap.m.Input","viewName":"etm.portal.ui.manageyards.view.New","viewId":"application-manageyards-display-component---NewYard","bindingPath":{"path":"","propertyPath":"/SALES_AREA_VKORG","modelName":"NewYardModel"},"interaction":{"idSuffix":"inner"}},"clearTextFirst":true,"interactionType":"ENTER_TEXT"}]}
RESULT: {"script":"<script> [776 bytes]","args":[{"enterText":"C002","selector":{"controlType":"sap.m.Input","viewName":"etm.portal.ui.manageyards.view.New","viewId":"application-manageyards-display-component---NewYard","bindingPath":{"path":"","propertyPath":"/SALES_AREA_VKORG","modelName":"NewYardModel"},"interaction":{"idSuffix":"inner"}},"clearTextFirst":true,"interactionType":"ENTER_TEXT"}]}
COMMAND: POST /session/7b3da3677cea6676bf36114916e4b8da/execute/async - {"script":"<script> [1562 bytes]","args":[{"selector":{"controlType":"sap.m.Input","viewName":"etm.portal.ui.manageyards.view.New","viewId":"application-manageyards-display-component---NewYard","bindingPath":{"path":"","propertyPath":"/SALES_AREA_VTWEG","modelName":"NewYardModel"},"interaction":{"idSuffix":"inner"}},"wdio_ui5_key":"etmportal.ui.manageyards.view.Newsap.m.Input{\"path\":\"\",\"propertyPath\":\"/SALES_AREA_VTWEG\",\"modelName\":\"NewYardModel\"}"}]}
RESULT: {"script":"<script> [1562 bytes]","args":[{"selector":{"controlType":"sap.m.Input","viewName":"etm.portal.ui.manageyards.view.New","viewId":"application-manageyards-display-component---NewYard","bindingPath":{"path":"","propertyPath":"/SALES_AREA_VTWEG","modelName":"NewYardModel"},"interaction":{"idSuffix":"inner"}},"wdio_ui5_key":"etmportal.ui.manageyards.view.Newsap.m.Input{\"path\":\"\",\"propertyPath\":\"/SALES_AREA_VTWEG\",\"modelName\":\"NewYardModel\"}"}]}
RESULT: undefined
COMMAND: POST /session/7b3da3677cea6676bf36114916e4b8da/execute/async - {"script":"<script> [776 bytes]","args":[{"enterText":"C2","selector":{"controlType":"sap.m.Input","viewName":"etm.portal.ui.manageyards.view.New","viewId":"application-manageyards-display-component---NewYard","bindingPath":{"path":"","propertyPath":"/SALES_AREA_VTWEG","modelName":"NewYardModel"},"interaction":{"idSuffix":"inner"}},"clearTextFirst":true,"interactionType":"ENTER_TEXT"}]}
RESULT: {"script":"<script> [776 bytes]","args":[{"enterText":"C2","selector":{"controlType":"sap.m.Input","viewName":"etm.portal.ui.manageyards.view.New","viewId":"application-manageyards-display-component---NewYard","bindingPath":{"path":"","propertyPath":"/SALES_AREA_VTWEG","modelName":"NewYardModel"},"interaction":{"idSuffix":"inner"}},"clearTextFirst":true,"interactionType":"ENTER_TEXT"}]}
COMMAND: POST /session/7b3da3677cea6676bf36114916e4b8da/execute/async - {"script":"<script> [1562 bytes]","args":[{"selector":{"controlType":"sap.m.Input","viewName":"etm.portal.ui.manageyards.view.New","viewId":"application-manageyards-display-component---NewYard","bindingPath":{"path":"","propertyPath":"/SALES_AREA_SPART","modelName":"NewYardModel"},"interaction":{"idSuffix":"inner"}},"wdio_ui5_key":"etmportal.ui.manageyards.view.Newsap.m.Input{\"path\":\"\",\"propertyPath\":\"/SALES_AREA_SPART\",\"modelName\":\"NewYardModel\"}"}]}
RESULT: {"script":"<script> [1562 bytes]","args":[{"selector":{"controlType":"sap.m.Input","viewName":"etm.portal.ui.manageyards.view.New","viewId":"application-manageyards-display-component---NewYard","bindingPath":{"path":"","propertyPath":"/SALES_AREA_SPART","modelName":"NewYardModel"},"interaction":{"idSuffix":"inner"}},"wdio_ui5_key":"etmportal.ui.manageyards.view.Newsap.m.Input{\"path\":\"\",\"propertyPath\":\"/SALES_AREA_SPART\",\"modelName\":\"NewYardModel\"}"}]}
RESULT: undefined
COMMAND: POST /session/7b3da3677cea6676bf36114916e4b8da/execute/async - {"script":"<script> [776 bytes]","args":[{"enterText":"C2","selector":{"controlType":"sap.m.Input","viewName":"etm.portal.ui.manageyards.view.New","viewId":"application-manageyards-display-component---NewYard","bindingPath":{"path":"","propertyPath":"/SALES_AREA_SPART","modelName":"NewYardModel"},"interaction":{"idSuffix":"inner"}},"clearTextFirst":true,"interactionType":"ENTER_TEXT"}]}
RESULT: {"script":"<script> [776 bytes]","args":[{"enterText":"C2","selector":{"controlType":"sap.m.Input","viewName":"etm.portal.ui.manageyards.view.New","viewId":"application-manageyards-display-component---NewYard","bindingPath":{"path":"","propertyPath":"/SALES_AREA_SPART","modelName":"NewYardModel"},"interaction":{"idSuffix":"inner"}},"clearTextFirst":true,"interactionType":"ENTER_TEXT"}]}
COMMAND: POST /session/7b3da3677cea6676bf36114916e4b8da/execute/async - {"script":"<script> [1562 bytes]","args":[{"selector":{"controlType":"sap.m.Input","viewName":"etm.portal.ui.manageyards.view.New","viewId":"application-manageyards-display-component---NewYard","bindingPath":{"path":"","propertyPath":"/SHIP_POINT","modelName":"NewYardModel"},"interaction":{"idSuffix":"inner"}},"wdio_ui5_key":"etmportal.ui.manageyards.view.Newsap.m.Input{\"path\":\"\",\"propertyPath\":\"/SHIP_POINT\",\"modelName\":\"NewYardModel\"}"}]}
RESULT: {"script":"<script> [1562 bytes]","args":[{"selector":{"controlType":"sap.m.Input","viewName":"etm.portal.ui.manageyards.view.New","viewId":"application-manageyards-display-component---NewYard","bindingPath":{"path":"","propertyPath":"/SHIP_POINT","modelName":"NewYardModel"},"interaction":{"idSuffix":"inner"}},"wdio_ui5_key":"etmportal.ui.manageyards.view.Newsap.m.Input{\"path\":\"\",\"propertyPath\":\"/SHIP_POINT\",\"modelName\":\"NewYardModel\"}"}]}
RESULT: undefined
COMMAND: POST /session/7b3da3677cea6676bf36114916e4b8da/execute/async - {"script":"<script> [776 bytes]","args":[{"enterText":"1710","selector":{"controlType":"sap.m.Input","viewName":"etm.portal.ui.manageyards.view.New","viewId":"application-manageyards-display-component---NewYard","bindingPath":{"path":"","propertyPath":"/SHIP_POINT","modelName":"NewYardModel"},"interaction":{"idSuffix":"inner"}},"clearTextFirst":true,"interactionType":"ENTER_TEXT"}]}
RESULT: {"script":"<script> [776 bytes]","args":[{"enterText":"1710","selector":{"controlType":"sap.m.Input","viewName":"etm.portal.ui.manageyards.view.New","viewId":"application-manageyards-display-component---NewYard","bindingPath":{"path":"","propertyPath":"/SHIP_POINT","modelName":"NewYardModel"},"interaction":{"idSuffix":"inner"}},"clearTextFirst":true,"interactionType":"ENTER_TEXT"}]}
COMMAND: POST /session/7b3da3677cea6676bf36114916e4b8da/execute/async - {"script":"<script> [1562 bytes]","args":[{"selector":{"controlType":"sap.m.Input","viewName":"etm.portal.ui.manageyards.view.New","viewId":"application-manageyards-display-component---NewYard","bindingPath":{"path":"","propertyPath":"/DELIVERY_TYPE","modelName":"NewYardModel"},"interaction":{"idSuffix":"inner"}},"wdio_ui5_key":"etmportal.ui.manageyards.view.Newsap.m.Input{\"path\":\"\",\"propertyPath\":\"/DELIVERY_TYPE\",\"modelName\":\"NewYardModel\"}"}]}
RESULT: {"script":"<script> [1562 bytes]","args":[{"selector":{"controlType":"sap.m.Input","viewName":"etm.portal.ui.manageyards.view.New","viewId":"application-manageyards-display-component---NewYard","bindingPath":{"path":"","propertyPath":"/DELIVERY_TYPE","modelName":"NewYardModel"},"interaction":{"idSuffix":"inner"}},"wdio_ui5_key":"etmportal.ui.manageyards.view.Newsap.m.Input{\"path\":\"\",\"propertyPath\":\"/DELIVERY_TYPE\",\"modelName\":\"NewYardModel\"}"}]}
RESULT: undefined
COMMAND: POST /session/7b3da3677cea6676bf36114916e4b8da/execute/async - {"script":"<script> [776 bytes]","args":[{"enterText":"ZL01","selector":{"controlType":"sap.m.Input","viewName":"etm.portal.ui.manageyards.view.New","viewId":"application-manageyards-display-component---NewYard","bindingPath":{"path":"","propertyPath":"/DELIVERY_TYPE","modelName":"NewYardModel"},"interaction":{"idSuffix":"inner"}},"clearTextFirst":true,"interactionType":"ENTER_TEXT"}]}
RESULT: {"script":"<script> [776 bytes]","args":[{"enterText":"ZL01","selector":{"controlType":"sap.m.Input","viewName":"etm.portal.ui.manageyards.view.New","viewId":"application-manageyards-display-component---NewYard","bindingPath":{"path":"","propertyPath":"/DELIVERY_TYPE","modelName":"NewYardModel"},"interaction":{"idSuffix":"inner"}},"clearTextFirst":true,"interactionType":"ENTER_TEXT"}]}
COMMAND: POST /session/7b3da3677cea6676bf36114916e4b8da/execute/async - {"script":"<script> [1562 bytes]","args":[{"selector":{"controlType":"sap.m.Input","viewName":"etm.portal.ui.manageyards.view.New","viewId":"application-manageyards-display-component---NewYard","bindingPath":{"path":"","propertyPath":"/AUART","modelName":"NewYardModel"},"interaction":{"idSuffix":"inner"}},"wdio_ui5_key":"etmportal.ui.manageyards.view.Newsap.m.Input{\"path\":\"\",\"propertyPath\":\"/AUART\",\"modelName\":\"NewYardModel\"}"}]}
RESULT: {"script":"<script> [1562 bytes]","args":[{"selector":{"controlType":"sap.m.Input","viewName":"etm.portal.ui.manageyards.view.New","viewId":"application-manageyards-display-component---NewYard","bindingPath":{"path":"","propertyPath":"/AUART","modelName":"NewYardModel"},"interaction":{"idSuffix":"inner"}},"wdio_ui5_key":"etmportal.ui.manageyards.view.Newsap.m.Input{\"path\":\"\",\"propertyPath\":\"/AUART\",\"modelName\":\"NewYardModel\"}"}]}
RESULT: undefined
COMMAND: POST /session/7b3da3677cea6676bf36114916e4b8da/execute/async - {"script":"<script> [776 bytes]","args":[{"enterText":"TA","selector":{"controlType":"sap.m.Input","viewName":"etm.portal.ui.manageyards.view.New","viewId":"application-manageyards-display-component---NewYard","bindingPath":{"path":"","propertyPath":"/AUART","modelName":"NewYardModel"},"interaction":{"idSuffix":"inner"}},"clearTextFirst":true,"interactionType":"ENTER_TEXT"}]}
RESULT: {"script":"<script> [776 bytes]","args":[{"enterText":"TA","selector":{"controlType":"sap.m.Input","viewName":"etm.portal.ui.manageyards.view.New","viewId":"application-manageyards-display-component---NewYard","bindingPath":{"path":"","propertyPath":"/AUART","modelName":"NewYardModel"},"interaction":{"idSuffix":"inner"}},"clearTextFirst":true,"interactionType":"ENTER_TEXT"}]}
COMMAND: POST /session/7b3da3677cea6676bf36114916e4b8da/element - {"using":"xpath","value":"//button[@data-kt=\"newYardSaveButton\"]"}
RESULT: {"using":"xpath","value":"//button[@data-kt=\"newYardSaveButton\"]"}
COMMAND: POST /session/7b3da3677cea6676bf36114916e4b8da/element/f.39679F56340FCB9627FDE312A2FE1CD1.d.E9743D0F0632562577637E952EEE820D.e.679/click - {}
RESULT: {}
COMMAND: GET /session/7b3da3677cea6676bf36114916e4b8da/screenshot - {}
RESULT: {}
COMMAND: POST /session/7b3da3677cea6676bf36114916e4b8da/element - {"using":"xpath","value":"//header[contains(@id, 'ObjectPageLayout-headerTitle')]/div[1]/div[2]/div[1]/span[1]"}
RESULT: {"using":"xpath","value":"//header[contains(@id, 'ObjectPageLayout-headerTitle')]/div[1]/div[2]/div[1]/span[1]"}
COMMAND: POST /session/7b3da3677cea6676bf36114916e4b8da/elements - {"using":"xpath","value":"//header[contains(@id, 'ObjectPageLayout-headerTitle')]/div[1]/div[2]/div[1]/span[1]"}
RESULT: {"using":"xpath","value":"//header[contains(@id, 'ObjectPageLayout-headerTitle')]/div[1]/div[2]/div[1]/span[1]"}
COMMAND: POST /session/7b3da3677cea6676bf36114916e4b8da/execute/sync - {"script":"<script> [56 bytes]","args":[{"element-6066-11e4-a52e-4f735466cecf":"f.39679F56340FCB9627FDE312A2FE1CD1.d.E9743D0F0632562577637E952EEE820D.e.977","ELEMENT":"f.39679F56340FCB9627FDE312A2FE1CD1.d.E9743D0F0632562577637E952EEE820D.e.977"}]}
RESULT: {"script":"<script> [56 bytes]","args":[{"element-6066-11e4-a52e-4f735466cecf":"f.39679F56340FCB9627FDE312A2FE1CD1.d.E9743D0F0632562577637E952EEE820D.e.977","ELEMENT":"f.39679F56340FCB9627FDE312A2FE1CD1.d.E9743D0F0632562577637E952EEE820D.e.977"}]}
COMMAND: GET /session/7b3da3677cea6676bf36114916e4b8da/screenshot - {}
RESULT: {}
COMMAND: POST /session/7b3da3677cea6676bf36114916e4b8da/element - {"using":"css selector","value":"#shell-header-logo"}
RESULT: {"using":"css selector","value":"#shell-header-logo"}
COMMAND: POST /session/7b3da3677cea6676bf36114916e4b8da/element/f.39679F56340FCB9627FDE312A2FE1CD1.d.E9743D0F0632562577637E952EEE820D.e.233/click - {}
RESULT: {}
COMMAND: GET /session/7b3da3677cea6676bf36114916e4b8da/screenshot - {}
RESULT: {}
COMMAND: POST /session/7b3da3677cea6676bf36114916e4b8da/execute/sync - {"script":"<script> [299 bytes]","args":[["getModel","getResource"]]}
RESULT: {"script":"<script> [299 bytes]","args":[["getModel","getResource"]]}
]]></system-out>
    </testcase>
    <testcase classname="chrome.136_0_7103_93.windows.Create_masterdata_for_Yard_Overview_-_trigger_provide_US130988" name="Should create a new external partner" time="96.916">
      <system-out><![CDATA[
COMMAND: POST /session/7b3da3677cea6676bf36114916e4b8da/window/fullscreen - {}
COMMAND: GET /session/7b3da3677cea6676bf36114916e4b8da/screenshot - {}
RESULT: {}
COMMAND: POST /session/7b3da3677cea6676bf36114916e4b8da/execute/async - {"script":"<script> [1562 bytes]","args":[{"selector":{"controlType":"sap.m.GenericTile","properties":{"header":"Manage Partners"}},"wdio_ui5_key":"sapm.GenericTile{\"header\":\"Manage Partners\"}"}]}
RESULT: {}
RESULT: {"script":"<script> [1562 bytes]","args":[{"selector":{"controlType":"sap.m.GenericTile","properties":{"header":"Manage Partners"}},"wdio_ui5_key":"sapm.GenericTile{\"header\":\"Manage Partners\"}"}]}
RESULT: undefined
COMMAND: POST /session/7b3da3677cea6676bf36114916e4b8da/element - {"using":"xpath","value":"//*[@id=\"__tile38\"]"}
RESULT: {"using":"xpath","value":"//*[@id=\"__tile38\"]"}
COMMAND: POST /session/7b3da3677cea6676bf36114916e4b8da/element/f.39679F56340FCB9627FDE312A2FE1CD1.d.E9743D0F0632562577637E952EEE820D.e.120/click - {}
RESULT: {}
COMMAND: GET /session/7b3da3677cea6676bf36114916e4b8da/screenshot - {}
RESULT: {}
COMMAND: POST /session/7b3da3677cea6676bf36114916e4b8da/elements - {"using":"xpath","value":"//span[text()='Error']"}
RESULT: {"using":"xpath","value":"//span[text()='Error']"}
COMMAND: POST /session/7b3da3677cea6676bf36114916e4b8da/element - {"using":"xpath","value":"//button[@data-kt=\"addButton\"]"}
RESULT: {"using":"xpath","value":"//button[@data-kt=\"addButton\"]"}
COMMAND: POST /session/7b3da3677cea6676bf36114916e4b8da/elements - {"using":"xpath","value":"//button[@data-kt=\"addButton\"]"}
RESULT: {"using":"xpath","value":"//button[@data-kt=\"addButton\"]"}
COMMAND: POST /session/7b3da3677cea6676bf36114916e4b8da/elements - {"using":"xpath","value":"//button[@data-kt=\"addButton\"]"}
RESULT: {"using":"xpath","value":"//button[@data-kt=\"addButton\"]"}
COMMAND: POST /session/7b3da3677cea6676bf36114916e4b8da/element - {"using":"xpath","value":"//button[@data-kt=\"addButton\"]"}
RESULT: {"using":"xpath","value":"//button[@data-kt=\"addButton\"]"}
COMMAND: POST /session/7b3da3677cea6676bf36114916e4b8da/execute/sync - {"script":"<script> [8489 bytes]","args":[{"element-6066-11e4-a52e-4f735466cecf":"f.39679F56340FCB9627FDE312A2FE1CD1.d.E9743D0F0632562577637E952EEE820D.e.1015","ELEMENT":"f.39679F56340FCB9627FDE312A2FE1CD1.d.E9743D0F0632562577637E952EEE820D.e.1015"}]}
RESULT: {"script":"<script> [8489 bytes]","args":[{"element-6066-11e4-a52e-4f735466cecf":"f.39679F56340FCB9627FDE312A2FE1CD1.d.E9743D0F0632562577637E952EEE820D.e.1015","ELEMENT":"f.39679F56340FCB9627FDE312A2FE1CD1.d.E9743D0F0632562577637E952EEE820D.e.1015"}]}
COMMAND: GET /session/7b3da3677cea6676bf36114916e4b8da/element/f.39679F56340FCB9627FDE312A2FE1CD1.d.E9743D0F0632562577637E952EEE820D.e.1015/enabled - {}
COMMAND: GET /session/7b3da3677cea6676bf36114916e4b8da/screenshot - {}
RESULT: {}
COMMAND: POST /session/7b3da3677cea6676bf36114916e4b8da/execute/sync - {"script":"<script> [8489 bytes]","args":[{"element-6066-11e4-a52e-4f735466cecf":"f.39679F56340FCB9627FDE312A2FE1CD1.d.E9743D0F0632562577637E952EEE820D.e.1015","ELEMENT":"f.39679F56340FCB9627FDE312A2FE1CD1.d.E9743D0F0632562577637E952EEE820D.e.1015"}]}
COMMAND: GET /session/7b3da3677cea6676bf36114916e4b8da/screenshot - {}
RESULT: {}
RESULT: {"script":"<script> [8489 bytes]","args":[{"element-6066-11e4-a52e-4f735466cecf":"f.39679F56340FCB9627FDE312A2FE1CD1.d.E9743D0F0632562577637E952EEE820D.e.1015","ELEMENT":"f.39679F56340FCB9627FDE312A2FE1CD1.d.E9743D0F0632562577637E952EEE820D.e.1015"}]}
COMMAND: POST /session/7b3da3677cea6676bf36114916e4b8da/execute/sync - {"script":"<script> [5351 bytes]","args":[{"element-6066-11e4-a52e-4f735466cecf":"f.39679F56340FCB9627FDE312A2FE1CD1.d.E9743D0F0632562577637E952EEE820D.e.1015","ELEMENT":"f.39679F56340FCB9627FDE312A2FE1CD1.d.E9743D0F0632562577637E952EEE820D.e.1015"}]}
COMMAND: GET /session/7b3da3677cea6676bf36114916e4b8da/screenshot - {}
RESULT: {}
RESULT: {"script":"<script> [5351 bytes]","args":[{"element-6066-11e4-a52e-4f735466cecf":"f.39679F56340FCB9627FDE312A2FE1CD1.d.E9743D0F0632562577637E952EEE820D.e.1015","ELEMENT":"f.39679F56340FCB9627FDE312A2FE1CD1.d.E9743D0F0632562577637E952EEE820D.e.1015"}]}
COMMAND: POST /session/7b3da3677cea6676bf36114916e4b8da/element/f.39679F56340FCB9627FDE312A2FE1CD1.d.E9743D0F0632562577637E952EEE820D.e.1015/click - {}
COMMAND: GET /session/7b3da3677cea6676bf36114916e4b8da/screenshot - {}
RESULT: {}
RESULT: {}
COMMAND: GET /session/7b3da3677cea6676bf36114916e4b8da/screenshot - {}
COMMAND: POST /session/7b3da3677cea6676bf36114916e4b8da/execute/async - {"script":"<script> [1562 bytes]","args":[{"selector":{"id":"application-managepartners-display-component---NewPartner--addressDetailDetailsName1","interaction":{"idSuffix":"inner"}},"wdio_ui5_key":"applicationmanagepartners-display-component---NewPartner--addressDetailDetailsName1"}]}
RESULT: {}
RESULT: {}
RESULT: {"script":"<script> [1562 bytes]","args":[{"selector":{"id":"application-managepartners-display-component---NewPartner--addressDetailDetailsName1","interaction":{"idSuffix":"inner"}},"wdio_ui5_key":"applicationmanagepartners-display-component---NewPartner--addressDetailDetailsName1"}]}
RESULT: undefined
COMMAND: POST /session/7b3da3677cea6676bf36114916e4b8da/execute/async - {"script":"<script> [776 bytes]","args":[{"enterText":"External Partner WDIO","selector":{"id":"application-managepartners-display-component---NewPartner--addressDetailDetailsName1","interaction":{"idSuffix":"inner"}},"clearTextFirst":true,"interactionType":"ENTER_TEXT"}]}
RESULT: {"script":"<script> [776 bytes]","args":[{"enterText":"External Partner WDIO","selector":{"id":"application-managepartners-display-component---NewPartner--addressDetailDetailsName1","interaction":{"idSuffix":"inner"}},"clearTextFirst":true,"interactionType":"ENTER_TEXT"}]}
COMMAND: POST /session/7b3da3677cea6676bf36114916e4b8da/execute/async - {"script":"<script> [1562 bytes]","args":[{"selector":{"id":"application-managepartners-display-component---NewPartner--addressDetailDetailsLanguage-arrow"},"wdio_ui5_key":"applicationmanagepartners-display-component---NewPartner--addressDetailDetailsLanguage-arrow"}]}
RESULT: {"script":"<script> [1562 bytes]","args":[{"selector":{"id":"application-managepartners-display-component---NewPartner--addressDetailDetailsLanguage-arrow"},"wdio_ui5_key":"applicationmanagepartners-display-component---NewPartner--addressDetailDetailsLanguage-arrow"}]}
RESULT: undefined
COMMAND: POST /session/7b3da3677cea6676bf36114916e4b8da/element - {"using":"xpath","value":"//*[@id=\"application-managepartners-display-component---NewPartner--addressDetailDetailsLanguage-arrow\"]"}
RESULT: {"using":"xpath","value":"//*[@id=\"application-managepartners-display-component---NewPartner--addressDetailDetailsLanguage-arrow\"]"}
COMMAND: POST /session/7b3da3677cea6676bf36114916e4b8da/element/f.39679F56340FCB9627FDE312A2FE1CD1.d.E9743D0F0632562577637E952EEE820D.e.1460/click - {}
RESULT: {}
COMMAND: POST /session/7b3da3677cea6676bf36114916e4b8da/element - {"using":"xpath","value":"//span[contains(text(), \"English\")]"}
COMMAND: GET /session/7b3da3677cea6676bf36114916e4b8da/screenshot - {}
RESULT: {"using":"xpath","value":"//span[contains(text(), \"English\")]"}
COMMAND: POST /session/7b3da3677cea6676bf36114916e4b8da/element/f.39679F56340FCB9627FDE312A2FE1CD1.d.E9743D0F0632562577637E952EEE820D.e.1461/click - {}
RESULT: {}
RESULT: {}
COMMAND: GET /session/7b3da3677cea6676bf36114916e4b8da/screenshot - {}
RESULT: {}
COMMAND: POST /session/7b3da3677cea6676bf36114916e4b8da/execute/async - {"script":"<script> [1562 bytes]","args":[{"selector":{"id":"application-managepartners-display-component---NewPartner--addressDetailDetailsCity1","interaction":{"idSuffix":"inner"}},"wdio_ui5_key":"applicationmanagepartners-display-component---NewPartner--addressDetailDetailsCity1"}]}
RESULT: {"script":"<script> [1562 bytes]","args":[{"selector":{"id":"application-managepartners-display-component---NewPartner--addressDetailDetailsCity1","interaction":{"idSuffix":"inner"}},"wdio_ui5_key":"applicationmanagepartners-display-component---NewPartner--addressDetailDetailsCity1"}]}
RESULT: undefined
COMMAND: POST /session/7b3da3677cea6676bf36114916e4b8da/execute/async - {"script":"<script> [776 bytes]","args":[{"enterText":"Rosario","selector":{"id":"application-managepartners-display-component---NewPartner--addressDetailDetailsCity1","interaction":{"idSuffix":"inner"}},"clearTextFirst":true,"interactionType":"ENTER_TEXT"}]}
RESULT: {"script":"<script> [776 bytes]","args":[{"enterText":"Rosario","selector":{"id":"application-managepartners-display-component---NewPartner--addressDetailDetailsCity1","interaction":{"idSuffix":"inner"}},"clearTextFirst":true,"interactionType":"ENTER_TEXT"}]}
COMMAND: POST /session/7b3da3677cea6676bf36114916e4b8da/execute/async - {"script":"<script> [1562 bytes]","args":[{"selector":{"id":"application-managepartners-display-component---NewPartner--addressDetailDetailsCountry-arrow"},"wdio_ui5_key":"applicationmanagepartners-display-component---NewPartner--addressDetailDetailsCountry-arrow"}]}
RESULT: {"script":"<script> [1562 bytes]","args":[{"selector":{"id":"application-managepartners-display-component---NewPartner--addressDetailDetailsCountry-arrow"},"wdio_ui5_key":"applicationmanagepartners-display-component---NewPartner--addressDetailDetailsCountry-arrow"}]}
RESULT: undefined
COMMAND: POST /session/7b3da3677cea6676bf36114916e4b8da/element - {"using":"xpath","value":"//*[@id=\"application-managepartners-display-component---NewPartner--addressDetailDetailsCountry-arrow\"]"}
RESULT: {"using":"xpath","value":"//*[@id=\"application-managepartners-display-component---NewPartner--addressDetailDetailsCountry-arrow\"]"}
COMMAND: POST /session/7b3da3677cea6676bf36114916e4b8da/element/f.39679F56340FCB9627FDE312A2FE1CD1.d.E9743D0F0632562577637E952EEE820D.e.1447/click - {}
RESULT: {}
COMMAND: POST /session/7b3da3677cea6676bf36114916e4b8da/element - {"using":"xpath","value":"//span[contains(text(), \"Argentina\")]"}
COMMAND: GET /session/7b3da3677cea6676bf36114916e4b8da/screenshot - {}
RESULT: {"using":"xpath","value":"//span[contains(text(), \"Argentina\")]"}
COMMAND: POST /session/7b3da3677cea6676bf36114916e4b8da/element/f.39679F56340FCB9627FDE312A2FE1CD1.d.E9743D0F0632562577637E952EEE820D.e.1463/click - {}
RESULT: {}
RESULT: {}
COMMAND: GET /session/7b3da3677cea6676bf36114916e4b8da/screenshot - {}
RESULT: {}
COMMAND: POST /session/7b3da3677cea6676bf36114916e4b8da/element - {"using":"xpath","value":"//bdi[contains(text(), \"Commercial\")]"}
RESULT: {"using":"xpath","value":"//bdi[contains(text(), \"Commercial\")]"}
COMMAND: POST /session/7b3da3677cea6676bf36114916e4b8da/element/f.39679F56340FCB9627FDE312A2FE1CD1.d.E9743D0F0632562577637E952EEE820D.e.1464/click - {}
RESULT: {}
COMMAND: GET /session/7b3da3677cea6676bf36114916e4b8da/screenshot - {}
RESULT: {}
COMMAND: POST /session/7b3da3677cea6676bf36114916e4b8da/execute/async - {"script":"<script> [1562 bytes]","args":[{"selector":{"id":"application-managepartners-display-component---NewPartner--partnerDetailInternal-arrow"},"wdio_ui5_key":"applicationmanagepartners-display-component---NewPartner--partnerDetailInternal-arrow"}]}
RESULT: {"script":"<script> [1562 bytes]","args":[{"selector":{"id":"application-managepartners-display-component---NewPartner--partnerDetailInternal-arrow"},"wdio_ui5_key":"applicationmanagepartners-display-component---NewPartner--partnerDetailInternal-arrow"}]}
RESULT: undefined
COMMAND: POST /session/7b3da3677cea6676bf36114916e4b8da/element - {"using":"xpath","value":"//*[@id=\"application-managepartners-display-component---NewPartner--partnerDetailInternal-arrow\"]"}
RESULT: {"using":"xpath","value":"//*[@id=\"application-managepartners-display-component---NewPartner--partnerDetailInternal-arrow\"]"}
COMMAND: POST /session/7b3da3677cea6676bf36114916e4b8da/element/f.39679F56340FCB9627FDE312A2FE1CD1.d.E9743D0F0632562577637E952EEE820D.e.1470/click - {}
RESULT: {}
COMMAND: POST /session/7b3da3677cea6676bf36114916e4b8da/element - {"using":"xpath","value":"//span[contains(text(), \"External partner\")]"}
COMMAND: GET /session/7b3da3677cea6676bf36114916e4b8da/screenshot - {}
RESULT: {"using":"xpath","value":"//span[contains(text(), \"External partner\")]"}
COMMAND: POST /session/7b3da3677cea6676bf36114916e4b8da/element/f.39679F56340FCB9627FDE312A2FE1CD1.d.E9743D0F0632562577637E952EEE820D.e.1473/click - {}
RESULT: {}
RESULT: {}
COMMAND: POST /session/7b3da3677cea6676bf36114916e4b8da/execute/async - {"script":"<script> [1562 bytes]","args":[{"selector":{"id":"application-managepartners-display-component---NewPartner--partnerDetailsCurrency-arrow"},"wdio_ui5_key":"applicationmanagepartners-display-component---NewPartner--partnerDetailsCurrency-arrow"}]}
COMMAND: GET /session/7b3da3677cea6676bf36114916e4b8da/screenshot - {}
RESULT: {"script":"<script> [1562 bytes]","args":[{"selector":{"id":"application-managepartners-display-component---NewPartner--partnerDetailsCurrency-arrow"},"wdio_ui5_key":"applicationmanagepartners-display-component---NewPartner--partnerDetailsCurrency-arrow"}]}
RESULT: undefined
COMMAND: POST /session/7b3da3677cea6676bf36114916e4b8da/element - {"using":"xpath","value":"//*[@id=\"application-managepartners-display-component---NewPartner--partnerDetailsCurrency-arrow\"]"}
RESULT: {}
RESULT: {"using":"xpath","value":"//*[@id=\"application-managepartners-display-component---NewPartner--partnerDetailsCurrency-arrow\"]"}
COMMAND: POST /session/7b3da3677cea6676bf36114916e4b8da/element/f.39679F56340FCB9627FDE312A2FE1CD1.d.E9743D0F0632562577637E952EEE820D.e.1478/click - {}
RESULT: {}
COMMAND: POST /session/7b3da3677cea6676bf36114916e4b8da/element - {"using":"xpath","value":"//span[contains(text(), \"US Dollar\")]"}
COMMAND: GET /session/7b3da3677cea6676bf36114916e4b8da/screenshot - {}
RESULT: {"using":"xpath","value":"//span[contains(text(), \"US Dollar\")]"}
COMMAND: POST /session/7b3da3677cea6676bf36114916e4b8da/element/f.39679F56340FCB9627FDE312A2FE1CD1.d.E9743D0F0632562577637E952EEE820D.e.1479/click - {}
RESULT: {}
RESULT: {}
COMMAND: GET /session/7b3da3677cea6676bf36114916e4b8da/screenshot - {}
RESULT: {}
COMMAND: POST /session/7b3da3677cea6676bf36114916e4b8da/element - {"using":"xpath","value":"//input[@id=\"application-managepartners-display-component---NewPartner--companyCodeComboBox-inner\"]"}
RESULT: {"using":"xpath","value":"//input[@id=\"application-managepartners-display-component---NewPartner--companyCodeComboBox-inner\"]"}
COMMAND: POST /session/7b3da3677cea6676bf36114916e4b8da/element/f.39679F56340FCB9627FDE312A2FE1CD1.d.E9743D0F0632562577637E952EEE820D.e.1326/clear - {}
RESULT: {}
COMMAND: POST /session/7b3da3677cea6676bf36114916e4b8da/element/f.39679F56340FCB9627FDE312A2FE1CD1.d.E9743D0F0632562577637E952EEE820D.e.1326/value - {"text":"C002"}
COMMAND: GET /session/7b3da3677cea6676bf36114916e4b8da/screenshot - {}
RESULT: {"text":"C002"}
COMMAND: GET /session/7b3da3677cea6676bf36114916e4b8da/screenshot - {}
RESULT: {}
RESULT: {}
COMMAND: POST /session/7b3da3677cea6676bf36114916e4b8da/element - {"using":"xpath","value":"//li[.//span[text()= \"C002\"]]"}
RESULT: {"using":"xpath","value":"//li[.//span[text()= \"C002\"]]"}
COMMAND: POST /session/7b3da3677cea6676bf36114916e4b8da/element/f.39679F56340FCB9627FDE312A2FE1CD1.d.E9743D0F0632562577637E952EEE820D.e.1483/click - {}
RESULT: {}
COMMAND: GET /session/7b3da3677cea6676bf36114916e4b8da/screenshot - {}
RESULT: {}
COMMAND: POST /session/7b3da3677cea6676bf36114916e4b8da/execute/async - {"script":"<script> [1562 bytes]","args":[{"selector":{"id":"application-managepartners-display-component---NewPartner--btnAddTableRow-img"},"wdio_ui5_key":"applicationmanagepartners-display-component---NewPartner--btnAddTableRow-img"}]}
RESULT: {"script":"<script> [1562 bytes]","args":[{"selector":{"id":"application-managepartners-display-component---NewPartner--btnAddTableRow-img"},"wdio_ui5_key":"applicationmanagepartners-display-component---NewPartner--btnAddTableRow-img"}]}
RESULT: undefined
COMMAND: POST /session/7b3da3677cea6676bf36114916e4b8da/element - {"using":"xpath","value":"//*[@id=\"application-managepartners-display-component---NewPartner--btnAddTableRow-img\"]"}
RESULT: {"using":"xpath","value":"//*[@id=\"application-managepartners-display-component---NewPartner--btnAddTableRow-img\"]"}
COMMAND: POST /session/7b3da3677cea6676bf36114916e4b8da/element/f.39679F56340FCB9627FDE312A2FE1CD1.d.E9743D0F0632562577637E952EEE820D.e.1484/click - {}
RESULT: {}
COMMAND: GET /session/7b3da3677cea6676bf36114916e4b8da/screenshot - {}
RESULT: {}
COMMAND: POST /session/7b3da3677cea6676bf36114916e4b8da/element - {"using":"xpath","value":"//input[@id=\"application-managepartners-display-component---NewPartner--assignmentYard-application-managepartners-display-component---NewPartner--assignmentsTable-0-inner\"]"}
RESULT: {"using":"xpath","value":"//input[@id=\"application-managepartners-display-component---NewPartner--assignmentYard-application-managepartners-display-component---NewPartner--assignmentsTable-0-inner\"]"}
COMMAND: POST /session/7b3da3677cea6676bf36114916e4b8da/element/f.39679F56340FCB9627FDE312A2FE1CD1.d.E9743D0F0632562577637E952EEE820D.e.1487/clear - {}
RESULT: {}
COMMAND: POST /session/7b3da3677cea6676bf36114916e4b8da/element/f.39679F56340FCB9627FDE312A2FE1CD1.d.E9743D0F0632562577637E952EEE820D.e.1487/value - {"text":"385"}
COMMAND: GET /session/7b3da3677cea6676bf36114916e4b8da/screenshot - {}
RESULT: {"text":"385"}
COMMAND: GET /session/7b3da3677cea6676bf36114916e4b8da/screenshot - {}
RESULT: {}
RESULT: {}
COMMAND: POST /session/7b3da3677cea6676bf36114916e4b8da/element - {"using":"xpath","value":"//li[.//span[text()='385']]"}
RESULT: {"using":"xpath","value":"//li[.//span[text()='385']]"}
COMMAND: POST /session/7b3da3677cea6676bf36114916e4b8da/element/f.39679F56340FCB9627FDE312A2FE1CD1.d.E9743D0F0632562577637E952EEE820D.e.1495/click - {}
RESULT: {}
COMMAND: GET /session/7b3da3677cea6676bf36114916e4b8da/screenshot - {}
RESULT: {}
COMMAND: POST /session/7b3da3677cea6676bf36114916e4b8da/actions - {"actions":[{"id":"action2","type":"key","parameters":{},"actions":[{"type":"keyDown","value":""},{"type":"pause","duration":10},{"type":"keyUp","value":""}]}]}
RESULT: {"actions":[{"id":"action2","type":"key","parameters":{},"actions":[{"type":"keyDown","value":""},{"type":"pause","duration":10},{"type":"keyUp","value":""}]}]}
COMMAND: POST /session/7b3da3677cea6676bf36114916e4b8da/element - {"using":"xpath","value":"//td[contains(@id, \"assignmentsTable-0-cell2\")]/div/div"}
COMMAND: GET /session/7b3da3677cea6676bf36114916e4b8da/screenshot - {}
RESULT: {"using":"xpath","value":"//td[contains(@id, \"assignmentsTable-0-cell2\")]/div/div"}
COMMAND: POST /session/7b3da3677cea6676bf36114916e4b8da/element/f.39679F56340FCB9627FDE312A2FE1CD1.d.E9743D0F0632562577637E952EEE820D.e.1498/click - {}
RESULT: {}
RESULT: {}
COMMAND: GET /session/7b3da3677cea6676bf36114916e4b8da/screenshot - {}
RESULT: {}
COMMAND: POST /session/7b3da3677cea6676bf36114916e4b8da/element - {"using":"xpath","value":"//button[@data-kt=\"saveButton\"]"}
RESULT: {"using":"xpath","value":"//button[@data-kt=\"saveButton\"]"}
COMMAND: POST /session/7b3da3677cea6676bf36114916e4b8da/element/f.39679F56340FCB9627FDE312A2FE1CD1.d.E9743D0F0632562577637E952EEE820D.e.1397/click - {}
RESULT: {}
COMMAND: GET /session/7b3da3677cea6676bf36114916e4b8da/screenshot - {}
RESULT: {}
COMMAND: POST /session/7b3da3677cea6676bf36114916e4b8da/element - {"using":"xpath","value":"//header[contains(@id, 'ObjectPageLayout-headerTitle')]/div[1]/div[2]/div[2]/span[1]"}
RESULT: {"using":"xpath","value":"//header[contains(@id, 'ObjectPageLayout-headerTitle')]/div[1]/div[2]/div[2]/span[1]"}
COMMAND: POST /session/7b3da3677cea6676bf36114916e4b8da/elements - {"using":"xpath","value":"//header[contains(@id, 'ObjectPageLayout-headerTitle')]/div[1]/div[2]/div[2]/span[1]"}
RESULT: {"using":"xpath","value":"//header[contains(@id, 'ObjectPageLayout-headerTitle')]/div[1]/div[2]/div[2]/span[1]"}
COMMAND: POST /session/7b3da3677cea6676bf36114916e4b8da/execute/sync - {"script":"<script> [56 bytes]","args":[{"element-6066-11e4-a52e-4f735466cecf":"f.39679F56340FCB9627FDE312A2FE1CD1.d.E9743D0F0632562577637E952EEE820D.e.1662","ELEMENT":"f.39679F56340FCB9627FDE312A2FE1CD1.d.E9743D0F0632562577637E952EEE820D.e.1662"}]}
RESULT: {"script":"<script> [56 bytes]","args":[{"element-6066-11e4-a52e-4f735466cecf":"f.39679F56340FCB9627FDE312A2FE1CD1.d.E9743D0F0632562577637E952EEE820D.e.1662","ELEMENT":"f.39679F56340FCB9627FDE312A2FE1CD1.d.E9743D0F0632562577637E952EEE820D.e.1662"}]}
COMMAND: POST /session/7b3da3677cea6676bf36114916e4b8da/element - {"using":"css selector","value":"#shell-header-logo"}
COMMAND: GET /session/7b3da3677cea6676bf36114916e4b8da/screenshot - {}
RESULT: {"using":"css selector","value":"#shell-header-logo"}
COMMAND: POST /session/7b3da3677cea6676bf36114916e4b8da/element/f.39679F56340FCB9627FDE312A2FE1CD1.d.E9743D0F0632562577637E952EEE820D.e.981/click - {}
RESULT: {}
RESULT: {}
COMMAND: GET /session/7b3da3677cea6676bf36114916e4b8da/screenshot - {}
RESULT: {}
COMMAND: POST /session/7b3da3677cea6676bf36114916e4b8da/execute/sync - {"script":"<script> [299 bytes]","args":[["getModel","getResource"]]}
RESULT: {"script":"<script> [299 bytes]","args":[["getModel","getResource"]]}
]]></system-out>
    </testcase>
    <testcase classname="chrome.136_0_7103_93.windows.Create_masterdata_for_Yard_Overview_-_trigger_provide_US130988" name="Should create a new site" time="103.831">
      <system-out><![CDATA[
COMMAND: GET /session/7b3da3677cea6676bf36114916e4b8da/screenshot - {}
COMMAND: POST /session/7b3da3677cea6676bf36114916e4b8da/execute/async - {"script":"<script> [1562 bytes]","args":[{"selector":{"controlType":"sap.m.GenericTile","properties":{"header":"Manage Sites"}},"wdio_ui5_key":"sapm.GenericTile{\"header\":\"Manage Sites\"}"}]}
RESULT: {"script":"<script> [1562 bytes]","args":[{"selector":{"controlType":"sap.m.GenericTile","properties":{"header":"Manage Sites"}},"wdio_ui5_key":"sapm.GenericTile{\"header\":\"Manage Sites\"}"}]}
RESULT: undefined
COMMAND: POST /session/7b3da3677cea6676bf36114916e4b8da/element - {"using":"xpath","value":"//*[@id=\"__tile40\"]"}
RESULT: {}
RESULT: {"using":"xpath","value":"//*[@id=\"__tile40\"]"}
COMMAND: POST /session/7b3da3677cea6676bf36114916e4b8da/element/f.39679F56340FCB9627FDE312A2FE1CD1.d.E9743D0F0632562577637E952EEE820D.e.126/click - {}
RESULT: {}
COMMAND: GET /session/7b3da3677cea6676bf36114916e4b8da/screenshot - {}
RESULT: {}
COMMAND: POST /session/7b3da3677cea6676bf36114916e4b8da/elements - {"using":"xpath","value":"//span[text()='Error']"}
RESULT: {"using":"xpath","value":"//span[text()='Error']"}
COMMAND: POST /session/7b3da3677cea6676bf36114916e4b8da/element - {"using":"xpath","value":"//button[@data-kt=\"addOverflowToolbarButton\"]"}
RESULT: {"using":"xpath","value":"//button[@data-kt=\"addOverflowToolbarButton\"]"}
COMMAND: POST /session/7b3da3677cea6676bf36114916e4b8da/elements - {"using":"xpath","value":"//button[@data-kt=\"addOverflowToolbarButton\"]"}
RESULT: {"using":"xpath","value":"//button[@data-kt=\"addOverflowToolbarButton\"]"}
COMMAND: POST /session/7b3da3677cea6676bf36114916e4b8da/execute/sync - {"script":"<script> [8489 bytes]","args":[{"element-6066-11e4-a52e-4f735466cecf":"f.39679F56340FCB9627FDE312A2FE1CD1.d.E9743D0F0632562577637E952EEE820D.e.1710","ELEMENT":"f.39679F56340FCB9627FDE312A2FE1CD1.d.E9743D0F0632562577637E952EEE820D.e.1710"}]}
RESULT: {"script":"<script> [8489 bytes]","args":[{"element-6066-11e4-a52e-4f735466cecf":"f.39679F56340FCB9627FDE312A2FE1CD1.d.E9743D0F0632562577637E952EEE820D.e.1710","ELEMENT":"f.39679F56340FCB9627FDE312A2FE1CD1.d.E9743D0F0632562577637E952EEE820D.e.1710"}]}
COMMAND: GET /session/7b3da3677cea6676bf36114916e4b8da/element/f.39679F56340FCB9627FDE312A2FE1CD1.d.E9743D0F0632562577637E952EEE820D.e.1710/enabled - {}
COMMAND: GET /session/7b3da3677cea6676bf36114916e4b8da/screenshot - {}
RESULT: {}
COMMAND: POST /session/7b3da3677cea6676bf36114916e4b8da/execute/sync - {"script":"<script> [8489 bytes]","args":[{"element-6066-11e4-a52e-4f735466cecf":"f.39679F56340FCB9627FDE312A2FE1CD1.d.E9743D0F0632562577637E952EEE820D.e.1710","ELEMENT":"f.39679F56340FCB9627FDE312A2FE1CD1.d.E9743D0F0632562577637E952EEE820D.e.1710"}]}
COMMAND: GET /session/7b3da3677cea6676bf36114916e4b8da/screenshot - {}
RESULT: {}
RESULT: {"script":"<script> [8489 bytes]","args":[{"element-6066-11e4-a52e-4f735466cecf":"f.39679F56340FCB9627FDE312A2FE1CD1.d.E9743D0F0632562577637E952EEE820D.e.1710","ELEMENT":"f.39679F56340FCB9627FDE312A2FE1CD1.d.E9743D0F0632562577637E952EEE820D.e.1710"}]}
COMMAND: POST /session/7b3da3677cea6676bf36114916e4b8da/execute/sync - {"script":"<script> [5351 bytes]","args":[{"element-6066-11e4-a52e-4f735466cecf":"f.39679F56340FCB9627FDE312A2FE1CD1.d.E9743D0F0632562577637E952EEE820D.e.1710","ELEMENT":"f.39679F56340FCB9627FDE312A2FE1CD1.d.E9743D0F0632562577637E952EEE820D.e.1710"}]}
COMMAND: GET /session/7b3da3677cea6676bf36114916e4b8da/screenshot - {}
RESULT: {}
RESULT: {"script":"<script> [5351 bytes]","args":[{"element-6066-11e4-a52e-4f735466cecf":"f.39679F56340FCB9627FDE312A2FE1CD1.d.E9743D0F0632562577637E952EEE820D.e.1710","ELEMENT":"f.39679F56340FCB9627FDE312A2FE1CD1.d.E9743D0F0632562577637E952EEE820D.e.1710"}]}
COMMAND: POST /session/7b3da3677cea6676bf36114916e4b8da/element/f.39679F56340FCB9627FDE312A2FE1CD1.d.E9743D0F0632562577637E952EEE820D.e.1710/click - {}
COMMAND: GET /session/7b3da3677cea6676bf36114916e4b8da/screenshot - {}
RESULT: {}
RESULT: {}
COMMAND: GET /session/7b3da3677cea6676bf36114916e4b8da/screenshot - {}
COMMAND: POST /session/7b3da3677cea6676bf36114916e4b8da/element - {"using":"xpath","value":"//input[@id=\"application-managesites-display-component---NewSite--siteId-inner\"]"}
RESULT: {}
RESULT: {}
RESULT: {"using":"xpath","value":"//input[@id=\"application-managesites-display-component---NewSite--siteId-inner\"]"}
COMMAND: POST /session/7b3da3677cea6676bf36114916e4b8da/element - {"using":"xpath","value":"//input[@id=\"application-managesites-display-component---NewSite--siteId-inner\"]"}
RESULT: {"using":"xpath","value":"//input[@id=\"application-managesites-display-component---NewSite--siteId-inner\"]"}
COMMAND: POST /session/7b3da3677cea6676bf36114916e4b8da/execute/async - {"script":"<script> [1562 bytes]","args":[{"selector":{"id":"application-managesites-display-component---NewSite--addressDetailDetailsName1","interaction":{"idSuffix":"inner"}},"wdio_ui5_key":"applicationmanagesites-display-component---NewSite--addressDetailDetailsName1"}]}
RESULT: {"script":"<script> [1562 bytes]","args":[{"selector":{"id":"application-managesites-display-component---NewSite--addressDetailDetailsName1","interaction":{"idSuffix":"inner"}},"wdio_ui5_key":"applicationmanagesites-display-component---NewSite--addressDetailDetailsName1"}]}
RESULT: undefined
COMMAND: POST /session/7b3da3677cea6676bf36114916e4b8da/execute/async - {"script":"<script> [776 bytes]","args":[{"enterText":"Other Type Site WDIO","selector":{"id":"application-managesites-display-component---NewSite--addressDetailDetailsName1","interaction":{"idSuffix":"inner"}},"clearTextFirst":true,"interactionType":"ENTER_TEXT"}]}
RESULT: {"script":"<script> [776 bytes]","args":[{"enterText":"Other Type Site WDIO","selector":{"id":"application-managesites-display-component---NewSite--addressDetailDetailsName1","interaction":{"idSuffix":"inner"}},"clearTextFirst":true,"interactionType":"ENTER_TEXT"}]}
COMMAND: POST /session/7b3da3677cea6676bf36114916e4b8da/execute/async - {"script":"<script> [1562 bytes]","args":[{"selector":{"id":"application-managesites-display-component---NewSite--addressDetailDetailsLanguage-arrow"},"wdio_ui5_key":"applicationmanagesites-display-component---NewSite--addressDetailDetailsLanguage-arrow"}]}
RESULT: {"script":"<script> [1562 bytes]","args":[{"selector":{"id":"application-managesites-display-component---NewSite--addressDetailDetailsLanguage-arrow"},"wdio_ui5_key":"applicationmanagesites-display-component---NewSite--addressDetailDetailsLanguage-arrow"}]}
RESULT: undefined
COMMAND: POST /session/7b3da3677cea6676bf36114916e4b8da/element - {"using":"xpath","value":"//*[@id=\"application-managesites-display-component---NewSite--addressDetailDetailsLanguage-arrow\"]"}
RESULT: {"using":"xpath","value":"//*[@id=\"application-managesites-display-component---NewSite--addressDetailDetailsLanguage-arrow\"]"}
COMMAND: POST /session/7b3da3677cea6676bf36114916e4b8da/element/f.39679F56340FCB9627FDE312A2FE1CD1.d.E9743D0F0632562577637E952EEE820D.e.2110/click - {}
RESULT: {}
COMMAND: POST /session/7b3da3677cea6676bf36114916e4b8da/element - {"using":"xpath","value":"//span[contains(text(), \"English\")]"}
COMMAND: GET /session/7b3da3677cea6676bf36114916e4b8da/screenshot - {}
RESULT: {"using":"xpath","value":"//span[contains(text(), \"English\")]"}
COMMAND: POST /session/7b3da3677cea6676bf36114916e4b8da/element/f.39679F56340FCB9627FDE312A2FE1CD1.d.E9743D0F0632562577637E952EEE820D.e.2111/click - {}
RESULT: {}
RESULT: {}
COMMAND: POST /session/7b3da3677cea6676bf36114916e4b8da/execute/async - {"script":"<script> [1562 bytes]","args":[{"selector":{"id":"application-managesites-display-component---NewSite--addressDetailDetailsCity1","interaction":{"idSuffix":"inner"}},"wdio_ui5_key":"applicationmanagesites-display-component---NewSite--addressDetailDetailsCity1"}]}
COMMAND: GET /session/7b3da3677cea6676bf36114916e4b8da/screenshot - {}
RESULT: {"script":"<script> [1562 bytes]","args":[{"selector":{"id":"application-managesites-display-component---NewSite--addressDetailDetailsCity1","interaction":{"idSuffix":"inner"}},"wdio_ui5_key":"applicationmanagesites-display-component---NewSite--addressDetailDetailsCity1"}]}
RESULT: undefined
COMMAND: POST /session/7b3da3677cea6676bf36114916e4b8da/execute/async - {"script":"<script> [776 bytes]","args":[{"enterText":"Rosario","selector":{"id":"application-managesites-display-component---NewSite--addressDetailDetailsCity1","interaction":{"idSuffix":"inner"}},"clearTextFirst":true,"interactionType":"ENTER_TEXT"}]}
RESULT: {}
RESULT: {"script":"<script> [776 bytes]","args":[{"enterText":"Rosario","selector":{"id":"application-managesites-display-component---NewSite--addressDetailDetailsCity1","interaction":{"idSuffix":"inner"}},"clearTextFirst":true,"interactionType":"ENTER_TEXT"}]}
COMMAND: POST /session/7b3da3677cea6676bf36114916e4b8da/execute/async - {"script":"<script> [1562 bytes]","args":[{"selector":{"id":"application-managesites-display-component---NewSite--addressDetailDetailsCountry-arrow"},"wdio_ui5_key":"applicationmanagesites-display-component---NewSite--addressDetailDetailsCountry-arrow"}]}
RESULT: {"script":"<script> [1562 bytes]","args":[{"selector":{"id":"application-managesites-display-component---NewSite--addressDetailDetailsCountry-arrow"},"wdio_ui5_key":"applicationmanagesites-display-component---NewSite--addressDetailDetailsCountry-arrow"}]}
RESULT: undefined
COMMAND: POST /session/7b3da3677cea6676bf36114916e4b8da/element - {"using":"xpath","value":"//*[@id=\"application-managesites-display-component---NewSite--addressDetailDetailsCountry-arrow\"]"}
RESULT: {"using":"xpath","value":"//*[@id=\"application-managesites-display-component---NewSite--addressDetailDetailsCountry-arrow\"]"}
COMMAND: POST /session/7b3da3677cea6676bf36114916e4b8da/element/f.39679F56340FCB9627FDE312A2FE1CD1.d.E9743D0F0632562577637E952EEE820D.e.2113/click - {}
RESULT: {}
COMMAND: POST /session/7b3da3677cea6676bf36114916e4b8da/element - {"using":"xpath","value":"//span[contains(text(), \"Argentina\")]"}
COMMAND: GET /session/7b3da3677cea6676bf36114916e4b8da/screenshot - {}
RESULT: {"using":"xpath","value":"//span[contains(text(), \"Argentina\")]"}
COMMAND: POST /session/7b3da3677cea6676bf36114916e4b8da/element/f.39679F56340FCB9627FDE312A2FE1CD1.d.E9743D0F0632562577637E952EEE820D.e.2114/click - {}
RESULT: {}
RESULT: {}
COMMAND: GET /session/7b3da3677cea6676bf36114916e4b8da/screenshot - {}
RESULT: {}
COMMAND: POST /session/7b3da3677cea6676bf36114916e4b8da/execute/async - {"script":"<script> [1562 bytes]","args":[{"selector":{"id":"application-managesites-display-component---NewSite--addressEditDetailsCostObjectCstType-arrow"},"wdio_ui5_key":"applicationmanagesites-display-component---NewSite--addressEditDetailsCostObjectCstType-arrow"}]}
RESULT: {"script":"<script> [1562 bytes]","args":[{"selector":{"id":"application-managesites-display-component---NewSite--addressEditDetailsCostObjectCstType-arrow"},"wdio_ui5_key":"applicationmanagesites-display-component---NewSite--addressEditDetailsCostObjectCstType-arrow"}]}
RESULT: undefined
COMMAND: POST /session/7b3da3677cea6676bf36114916e4b8da/element - {"using":"xpath","value":"//*[@id=\"application-managesites-display-component---NewSite--addressEditDetailsCostObjectCstType-arrow\"]"}
RESULT: {"using":"xpath","value":"//*[@id=\"application-managesites-display-component---NewSite--addressEditDetailsCostObjectCstType-arrow\"]"}
COMMAND: POST /session/7b3da3677cea6676bf36114916e4b8da/element/f.39679F56340FCB9627FDE312A2FE1CD1.d.E9743D0F0632562577637E952EEE820D.e.2116/click - {}
RESULT: {}
COMMAND: POST /session/7b3da3677cea6676bf36114916e4b8da/element - {"using":"xpath","value":"//span[contains(text(), \"Cost Center\")]"}
COMMAND: GET /session/7b3da3677cea6676bf36114916e4b8da/screenshot - {}
RESULT: {"using":"xpath","value":"//span[contains(text(), \"Cost Center\")]"}
COMMAND: POST /session/7b3da3677cea6676bf36114916e4b8da/element/f.39679F56340FCB9627FDE312A2FE1CD1.d.E9743D0F0632562577637E952EEE820D.e.2117/click - {}
RESULT: {}
RESULT: {}
COMMAND: GET /session/7b3da3677cea6676bf36114916e4b8da/screenshot - {}
RESULT: {}
COMMAND: POST /session/7b3da3677cea6676bf36114916e4b8da/element - {"using":"xpath","value":"//span[@id=\"application-managesites-display-component---NewSite--addressNewCostObjectCstID-vhi\"]"}
RESULT: {"using":"xpath","value":"//span[@id=\"application-managesites-display-component---NewSite--addressNewCostObjectCstID-vhi\"]"}
COMMAND: POST /session/7b3da3677cea6676bf36114916e4b8da/execute/sync - {"script":"<script> [8489 bytes]","args":[{"element-6066-11e4-a52e-4f735466cecf":"f.39679F56340FCB9627FDE312A2FE1CD1.d.E9743D0F0632562577637E952EEE820D.e.2122","ELEMENT":"f.39679F56340FCB9627FDE312A2FE1CD1.d.E9743D0F0632562577637E952EEE820D.e.2122"}]}
RESULT: {"script":"<script> [8489 bytes]","args":[{"element-6066-11e4-a52e-4f735466cecf":"f.39679F56340FCB9627FDE312A2FE1CD1.d.E9743D0F0632562577637E952EEE820D.e.2122","ELEMENT":"f.39679F56340FCB9627FDE312A2FE1CD1.d.E9743D0F0632562577637E952EEE820D.e.2122"}]}
COMMAND: POST /session/7b3da3677cea6676bf36114916e4b8da/execute/async - {"script":"<script> [1562 bytes]","args":[{"selector":{"id":"application-managesites-display-component---NewSite--addressNewCostObjectCstID-vhi"},"wdio_ui5_key":"applicationmanagesites-display-component---NewSite--addressNewCostObjectCstID-vhi"}]}
COMMAND: GET /session/7b3da3677cea6676bf36114916e4b8da/screenshot - {}
RESULT: {"script":"<script> [1562 bytes]","args":[{"selector":{"id":"application-managesites-display-component---NewSite--addressNewCostObjectCstID-vhi"},"wdio_ui5_key":"applicationmanagesites-display-component---NewSite--addressNewCostObjectCstID-vhi"}]}
RESULT: undefined
COMMAND: POST /session/7b3da3677cea6676bf36114916e4b8da/element - {"using":"xpath","value":"//*[@id=\"application-managesites-display-component---NewSite--addressNewCostObjectCstID-vhi\"]"}
RESULT: {}
RESULT: {"using":"xpath","value":"//*[@id=\"application-managesites-display-component---NewSite--addressNewCostObjectCstID-vhi\"]"}
COMMAND: POST /session/7b3da3677cea6676bf36114916e4b8da/element/f.39679F56340FCB9627FDE312A2FE1CD1.d.E9743D0F0632562577637E952EEE820D.e.2122/click - {}
RESULT: {}
COMMAND: GET /session/7b3da3677cea6676bf36114916e4b8da/screenshot - {}
RESULT: {}
RESULT: undefined
COMMAND: POST /session/7b3da3677cea6676bf36114916e4b8da/execute/async - {"script":"<script> [776 bytes]","args":[{"enterText":"10001013","selector":{"controlType":"sap.m.SearchField","properties":{"placeholder":"Search"},"searchOpenDialogs":true,"interaction":{"idSuffix":"I"}},"clearTextFirst":true,"interactionType":"ENTER_TEXT"}]}
RESULT: {"script":"<script> [776 bytes]","args":[{"enterText":"10001013","selector":{"controlType":"sap.m.SearchField","properties":{"placeholder":"Search"},"searchOpenDialogs":true,"interaction":{"idSuffix":"I"}},"clearTextFirst":true,"interactionType":"ENTER_TEXT"}]}
COMMAND: POST /session/7b3da3677cea6676bf36114916e4b8da/actions - {"actions":[{"id":"action3","type":"key","parameters":{},"actions":[{"type":"keyDown","value":""},{"type":"pause","duration":10},{"type":"keyUp","value":""}]}]}
RESULT: {"actions":[{"id":"action3","type":"key","parameters":{},"actions":[{"type":"keyDown","value":""},{"type":"pause","duration":10},{"type":"keyUp","value":""}]}]}
COMMAND: GET /session/7b3da3677cea6676bf36114916e4b8da/screenshot - {}
RESULT: {}
COMMAND: POST /session/7b3da3677cea6676bf36114916e4b8da/element - {"using":"xpath","value":"//span[contains(text(), \"General Management\")]"}
RESULT: {"using":"xpath","value":"//span[contains(text(), \"General Management\")]"}
COMMAND: POST /session/7b3da3677cea6676bf36114916e4b8da/element/f.39679F56340FCB9627FDE312A2FE1CD1.d.E9743D0F0632562577637E952EEE820D.e.2161/click - {}
RESULT: {}
COMMAND: GET /session/7b3da3677cea6676bf36114916e4b8da/screenshot - {}
RESULT: {}
COMMAND: POST /session/7b3da3677cea6676bf36114916e4b8da/element - {"using":"xpath","value":"//bdi[contains(text(), \"OK\")]"}
RESULT: {"using":"xpath","value":"//bdi[contains(text(), \"OK\")]"}
COMMAND: POST /session/7b3da3677cea6676bf36114916e4b8da/element/f.39679F56340FCB9627FDE312A2FE1CD1.d.E9743D0F0632562577637E952EEE820D.e.2162/click - {}
RESULT: {}
COMMAND: GET /session/7b3da3677cea6676bf36114916e4b8da/screenshot - {}
RESULT: {}
COMMAND: POST /session/7b3da3677cea6676bf36114916e4b8da/element - {"using":"xpath","value":"//input[@id=\"application-managesites-display-component---NewSite--addressDetailDetailsCalendar-inner\"]"}
RESULT: {"using":"xpath","value":"//input[@id=\"application-managesites-display-component---NewSite--addressDetailDetailsCalendar-inner\"]"}
COMMAND: POST /session/7b3da3677cea6676bf36114916e4b8da/element/f.39679F56340FCB9627FDE312A2FE1CD1.d.E9743D0F0632562577637E952EEE820D.e.1904/clear - {}
RESULT: {}
COMMAND: POST /session/7b3da3677cea6676bf36114916e4b8da/element/f.39679F56340FCB9627FDE312A2FE1CD1.d.E9743D0F0632562577637E952EEE820D.e.1904/value - {"text":"Unit"}
COMMAND: GET /session/7b3da3677cea6676bf36114916e4b8da/screenshot - {}
RESULT: {"text":"Unit"}
COMMAND: GET /session/7b3da3677cea6676bf36114916e4b8da/screenshot - {}
RESULT: {}
RESULT: {}
COMMAND: POST /session/7b3da3677cea6676bf36114916e4b8da/actions - {"actions":[{"id":"action4","type":"key","parameters":{},"actions":[{"type":"keyDown","value":""},{"type":"pause","duration":10},{"type":"keyUp","value":""}]}]}
RESULT: {"actions":[{"id":"action4","type":"key","parameters":{},"actions":[{"type":"keyDown","value":""},{"type":"pause","duration":10},{"type":"keyUp","value":""}]}]}
COMMAND: POST /session/7b3da3677cea6676bf36114916e4b8da/element - {"using":"xpath","value":"//input[@id=\"application-managesites-display-component---NewSite--addressDetailDetailsYard-inner\"]"}
COMMAND: GET /session/7b3da3677cea6676bf36114916e4b8da/screenshot - {}
RESULT: {"using":"xpath","value":"//input[@id=\"application-managesites-display-component---NewSite--addressDetailDetailsYard-inner\"]"}
COMMAND: POST /session/7b3da3677cea6676bf36114916e4b8da/element/f.39679F56340FCB9627FDE312A2FE1CD1.d.E9743D0F0632562577637E952EEE820D.e.1905/clear - {}
RESULT: {}
RESULT: {}
COMMAND: POST /session/7b3da3677cea6676bf36114916e4b8da/element/f.39679F56340FCB9627FDE312A2FE1CD1.d.E9743D0F0632562577637E952EEE820D.e.1905/value - {"text":"385"}
COMMAND: GET /session/7b3da3677cea6676bf36114916e4b8da/screenshot - {}
RESULT: {"text":"385"}
COMMAND: GET /session/7b3da3677cea6676bf36114916e4b8da/screenshot - {}
RESULT: {}
RESULT: {}
COMMAND: POST /session/7b3da3677cea6676bf36114916e4b8da/element - {"using":"xpath","value":"//li[.//span[text()='385']]"}
RESULT: {"using":"xpath","value":"//li[.//span[text()='385']]"}
COMMAND: POST /session/7b3da3677cea6676bf36114916e4b8da/element/f.39679F56340FCB9627FDE312A2FE1CD1.d.E9743D0F0632562577637E952EEE820D.e.2170/click - {}
RESULT: {}
COMMAND: GET /session/7b3da3677cea6676bf36114916e4b8da/screenshot - {}
RESULT: {}
COMMAND: POST /session/7b3da3677cea6676bf36114916e4b8da/element - {"using":"xpath","value":"//input[@id=\"application-managesites-display-component---NewSite--addressDetailDetailsPartner-inner\"]"}
RESULT: {"using":"xpath","value":"//input[@id=\"application-managesites-display-component---NewSite--addressDetailDetailsPartner-inner\"]"}
COMMAND: POST /session/7b3da3677cea6676bf36114916e4b8da/element - {"using":"xpath","value":"//input[@id=\"application-managesites-display-component---NewSite--addressDetailDetailsPartner-inner\"]"}
RESULT: {"using":"xpath","value":"//input[@id=\"application-managesites-display-component---NewSite--addressDetailDetailsPartner-inner\"]"}
COMMAND: POST /session/7b3da3677cea6676bf36114916e4b8da/element - {"using":"xpath","value":"//button[@data-kt=\"saveButton\"]"}
RESULT: {"using":"xpath","value":"//button[@data-kt=\"saveButton\"]"}
COMMAND: POST /session/7b3da3677cea6676bf36114916e4b8da/element/f.39679F56340FCB9627FDE312A2FE1CD1.d.E9743D0F0632562577637E952EEE820D.e.2095/click - {}
RESULT: {}
COMMAND: GET /session/7b3da3677cea6676bf36114916e4b8da/screenshot - {}
RESULT: {}
COMMAND: POST /session/7b3da3677cea6676bf36114916e4b8da/element - {"using":"xpath","value":"//header[contains(@id, 'ObjectPageLayout-headerTitle')]/div[1]/div[2]/div[2]/span[1]"}
RESULT: {"using":"xpath","value":"//header[contains(@id, 'ObjectPageLayout-headerTitle')]/div[1]/div[2]/div[2]/span[1]"}
COMMAND: POST /session/7b3da3677cea6676bf36114916e4b8da/elements - {"using":"xpath","value":"//header[contains(@id, 'ObjectPageLayout-headerTitle')]/div[1]/div[2]/div[2]/span[1]"}
RESULT: {"using":"xpath","value":"//header[contains(@id, 'ObjectPageLayout-headerTitle')]/div[1]/div[2]/div[2]/span[1]"}
COMMAND: POST /session/7b3da3677cea6676bf36114916e4b8da/execute/sync - {"script":"<script> [56 bytes]","args":[{"element-6066-11e4-a52e-4f735466cecf":"f.39679F56340FCB9627FDE312A2FE1CD1.d.E9743D0F0632562577637E952EEE820D.e.2372","ELEMENT":"f.39679F56340FCB9627FDE312A2FE1CD1.d.E9743D0F0632562577637E952EEE820D.e.2372"}]}
RESULT: {"script":"<script> [56 bytes]","args":[{"element-6066-11e4-a52e-4f735466cecf":"f.39679F56340FCB9627FDE312A2FE1CD1.d.E9743D0F0632562577637E952EEE820D.e.2372","ELEMENT":"f.39679F56340FCB9627FDE312A2FE1CD1.d.E9743D0F0632562577637E952EEE820D.e.2372"}]}
COMMAND: POST /session/7b3da3677cea6676bf36114916e4b8da/element - {"using":"css selector","value":"#shell-header-logo"}
COMMAND: GET /session/7b3da3677cea6676bf36114916e4b8da/screenshot - {}
RESULT: {"using":"css selector","value":"#shell-header-logo"}
COMMAND: POST /session/7b3da3677cea6676bf36114916e4b8da/element/f.39679F56340FCB9627FDE312A2FE1CD1.d.E9743D0F0632562577637E952EEE820D.e.1667/click - {}
RESULT: {}
RESULT: {}
COMMAND: GET /session/7b3da3677cea6676bf36114916e4b8da/screenshot - {}
RESULT: {}
COMMAND: POST /session/7b3da3677cea6676bf36114916e4b8da/execute/sync - {"script":"<script> [299 bytes]","args":[["getModel","getResource"]]}
RESULT: {"script":"<script> [299 bytes]","args":[["getModel","getResource"]]}
COMMAND: GET /session/7b3da3677cea6676bf36114916e4b8da/screenshot - {}
]]></system-out>
    </testcase>
    <testcase classname="chrome.136_0_7103_93.windows.Create_masterdata_for_Yard_Overview_-_trigger_provide_US130988" name="Should create a new material" time="128.854">
      <system-out><![CDATA[
COMMAND: POST /session/7b3da3677cea6676bf36114916e4b8da/execute/async - {"script":"<script> [1562 bytes]","args":[{"selector":{"controlType":"sap.m.GenericTile","properties":{"header":"Manage Resources"}},"wdio_ui5_key":"sapm.GenericTile{\"header\":\"Manage Resources\"}"}]}
RESULT: {}
RESULT: {"script":"<script> [1562 bytes]","args":[{"selector":{"controlType":"sap.m.GenericTile","properties":{"header":"Manage Resources"}},"wdio_ui5_key":"sapm.GenericTile{\"header\":\"Manage Resources\"}"}]}
RESULT: undefined
COMMAND: POST /session/7b3da3677cea6676bf36114916e4b8da/element - {"using":"xpath","value":"//*[@id=\"__tile39\"]"}
RESULT: {"using":"xpath","value":"//*[@id=\"__tile39\"]"}
COMMAND: POST /session/7b3da3677cea6676bf36114916e4b8da/element/f.39679F56340FCB9627FDE312A2FE1CD1.d.E9743D0F0632562577637E952EEE820D.e.123/click - {}
RESULT: {}
COMMAND: GET /session/7b3da3677cea6676bf36114916e4b8da/screenshot - {}
RESULT: {}
COMMAND: POST /session/7b3da3677cea6676bf36114916e4b8da/elements - {"using":"xpath","value":"//span[text()='Error']"}
RESULT: {"using":"xpath","value":"//span[text()='Error']"}
COMMAND: POST /session/7b3da3677cea6676bf36114916e4b8da/element - {"using":"xpath","value":"//button[@data-kt=\"addNewRUOverflowToolbarButton\"]"}
RESULT: {"using":"xpath","value":"//button[@data-kt=\"addNewRUOverflowToolbarButton\"]"}
COMMAND: POST /session/7b3da3677cea6676bf36114916e4b8da/elements - {"using":"xpath","value":"//button[@data-kt=\"addNewRUOverflowToolbarButton\"]"}
RESULT: {"using":"xpath","value":"//button[@data-kt=\"addNewRUOverflowToolbarButton\"]"}
COMMAND: POST /session/7b3da3677cea6676bf36114916e4b8da/elements - {"using":"xpath","value":"//button[@data-kt=\"addNewRUOverflowToolbarButton\"]"}
RESULT: {"using":"xpath","value":"//button[@data-kt=\"addNewRUOverflowToolbarButton\"]"}
COMMAND: POST /session/7b3da3677cea6676bf36114916e4b8da/elements - {"using":"xpath","value":"//button[@data-kt=\"addNewRUOverflowToolbarButton\"]"}
RESULT: {"using":"xpath","value":"//button[@data-kt=\"addNewRUOverflowToolbarButton\"]"}
COMMAND: POST /session/7b3da3677cea6676bf36114916e4b8da/elements - {"using":"xpath","value":"//button[@data-kt=\"addNewRUOverflowToolbarButton\"]"}
RESULT: {"using":"xpath","value":"//button[@data-kt=\"addNewRUOverflowToolbarButton\"]"}
COMMAND: POST /session/7b3da3677cea6676bf36114916e4b8da/element - {"using":"xpath","value":"//button[@data-kt=\"addNewRUOverflowToolbarButton\"]"}
RESULT: {"using":"xpath","value":"//button[@data-kt=\"addNewRUOverflowToolbarButton\"]"}
COMMAND: POST /session/7b3da3677cea6676bf36114916e4b8da/execute/sync - {"script":"<script> [8489 bytes]","args":[{"element-6066-11e4-a52e-4f735466cecf":"f.39679F56340FCB9627FDE312A2FE1CD1.d.E9743D0F0632562577637E952EEE820D.e.2416","ELEMENT":"f.39679F56340FCB9627FDE312A2FE1CD1.d.E9743D0F0632562577637E952EEE820D.e.2416"}]}
RESULT: {"script":"<script> [8489 bytes]","args":[{"element-6066-11e4-a52e-4f735466cecf":"f.39679F56340FCB9627FDE312A2FE1CD1.d.E9743D0F0632562577637E952EEE820D.e.2416","ELEMENT":"f.39679F56340FCB9627FDE312A2FE1CD1.d.E9743D0F0632562577637E952EEE820D.e.2416"}]}
COMMAND: GET /session/7b3da3677cea6676bf36114916e4b8da/element/f.39679F56340FCB9627FDE312A2FE1CD1.d.E9743D0F0632562577637E952EEE820D.e.2416/enabled - {}
COMMAND: GET /session/7b3da3677cea6676bf36114916e4b8da/screenshot - {}
RESULT: {}
COMMAND: POST /session/7b3da3677cea6676bf36114916e4b8da/execute/sync - {"script":"<script> [8489 bytes]","args":[{"element-6066-11e4-a52e-4f735466cecf":"f.39679F56340FCB9627FDE312A2FE1CD1.d.E9743D0F0632562577637E952EEE820D.e.2416","ELEMENT":"f.39679F56340FCB9627FDE312A2FE1CD1.d.E9743D0F0632562577637E952EEE820D.e.2416"}]}
COMMAND: GET /session/7b3da3677cea6676bf36114916e4b8da/screenshot - {}
RESULT: {}
RESULT: {"script":"<script> [8489 bytes]","args":[{"element-6066-11e4-a52e-4f735466cecf":"f.39679F56340FCB9627FDE312A2FE1CD1.d.E9743D0F0632562577637E952EEE820D.e.2416","ELEMENT":"f.39679F56340FCB9627FDE312A2FE1CD1.d.E9743D0F0632562577637E952EEE820D.e.2416"}]}
COMMAND: POST /session/7b3da3677cea6676bf36114916e4b8da/execute/sync - {"script":"<script> [5351 bytes]","args":[{"element-6066-11e4-a52e-4f735466cecf":"f.39679F56340FCB9627FDE312A2FE1CD1.d.E9743D0F0632562577637E952EEE820D.e.2416","ELEMENT":"f.39679F56340FCB9627FDE312A2FE1CD1.d.E9743D0F0632562577637E952EEE820D.e.2416"}]}
COMMAND: GET /session/7b3da3677cea6676bf36114916e4b8da/screenshot - {}
RESULT: {}
RESULT: {"script":"<script> [5351 bytes]","args":[{"element-6066-11e4-a52e-4f735466cecf":"f.39679F56340FCB9627FDE312A2FE1CD1.d.E9743D0F0632562577637E952EEE820D.e.2416","ELEMENT":"f.39679F56340FCB9627FDE312A2FE1CD1.d.E9743D0F0632562577637E952EEE820D.e.2416"}]}
COMMAND: POST /session/7b3da3677cea6676bf36114916e4b8da/element/f.39679F56340FCB9627FDE312A2FE1CD1.d.E9743D0F0632562577637E952EEE820D.e.2416/click - {}
COMMAND: GET /session/7b3da3677cea6676bf36114916e4b8da/screenshot - {}
RESULT: {}
RESULT: {}
COMMAND: GET /session/7b3da3677cea6676bf36114916e4b8da/screenshot - {}
RESULT: {}
RESULT: {}
COMMAND: POST /session/7b3da3677cea6676bf36114916e4b8da/execute/async - {"script":"<script> [1562 bytes]","args":[{"selector":{"id":"application-manageresources-display-component---newResourceUnit--TYPE-arrow"},"wdio_ui5_key":"applicationmanageresources-display-component---newResourceUnit--TYPE-arrow"}]}
RESULT: {"script":"<script> [1562 bytes]","args":[{"selector":{"id":"application-manageresources-display-component---newResourceUnit--TYPE-arrow"},"wdio_ui5_key":"applicationmanageresources-display-component---newResourceUnit--TYPE-arrow"}]}
RESULT: undefined
COMMAND: POST /session/7b3da3677cea6676bf36114916e4b8da/element - {"using":"xpath","value":"//*[@id=\"application-manageresources-display-component---newResourceUnit--TYPE-arrow\"]"}
RESULT: {"using":"xpath","value":"//*[@id=\"application-manageresources-display-component---newResourceUnit--TYPE-arrow\"]"}
COMMAND: POST /session/7b3da3677cea6676bf36114916e4b8da/element/f.39679F56340FCB9627FDE312A2FE1CD1.d.E9743D0F0632562577637E952EEE820D.e.2761/click - {}
RESULT: {}
COMMAND: POST /session/7b3da3677cea6676bf36114916e4b8da/element - {"using":"xpath","value":"//input[@id=\"application-manageresources-display-component---newResourceUnit--TYPE-inner\"]"}
COMMAND: GET /session/7b3da3677cea6676bf36114916e4b8da/screenshot - {}
RESULT: {"using":"xpath","value":"//input[@id=\"application-manageresources-display-component---newResourceUnit--TYPE-inner\"]"}
COMMAND: POST /session/7b3da3677cea6676bf36114916e4b8da/element/f.39679F56340FCB9627FDE312A2FE1CD1.d.E9743D0F0632562577637E952EEE820D.e.2757/clear - {}
RESULT: {}
RESULT: {}
COMMAND: POST /session/7b3da3677cea6676bf36114916e4b8da/element/f.39679F56340FCB9627FDE312A2FE1CD1.d.E9743D0F0632562577637E952EEE820D.e.2757/value - {"text":"Material"}
COMMAND: GET /session/7b3da3677cea6676bf36114916e4b8da/screenshot - {}
RESULT: {"text":"Material"}
COMMAND: GET /session/7b3da3677cea6676bf36114916e4b8da/screenshot - {}
RESULT: {}
RESULT: {}
COMMAND: POST /session/7b3da3677cea6676bf36114916e4b8da/actions - {"actions":[{"id":"action5","type":"key","parameters":{},"actions":[{"type":"keyDown","value":""},{"type":"pause","duration":10},{"type":"keyUp","value":""}]}]}
RESULT: {"actions":[{"id":"action5","type":"key","parameters":{},"actions":[{"type":"keyDown","value":""},{"type":"pause","duration":10},{"type":"keyUp","value":""}]}]}
COMMAND: POST /session/7b3da3677cea6676bf36114916e4b8da/execute/async - {"script":"<script> [1562 bytes]","args":[{"selector":{"id":"application-manageresources-display-component---newResourceUnit--SHORT_TEXT","interaction":{"idSuffix":"inner"}},"wdio_ui5_key":"applicationmanageresources-display-component---newResourceUnit--SHORT_TEXT"}]}
COMMAND: GET /session/7b3da3677cea6676bf36114916e4b8da/screenshot - {}
RESULT: {"script":"<script> [1562 bytes]","args":[{"selector":{"id":"application-manageresources-display-component---newResourceUnit--SHORT_TEXT","interaction":{"idSuffix":"inner"}},"wdio_ui5_key":"applicationmanageresources-display-component---newResourceUnit--SHORT_TEXT"}]}
RESULT: undefined
COMMAND: POST /session/7b3da3677cea6676bf36114916e4b8da/execute/async - {"script":"<script> [776 bytes]","args":[{"enterText":"Cement WDIO","selector":{"id":"application-manageresources-display-component---newResourceUnit--SHORT_TEXT","interaction":{"idSuffix":"inner"}},"clearTextFirst":true,"interactionType":"ENTER_TEXT"}]}
RESULT: {}
RESULT: {"script":"<script> [776 bytes]","args":[{"enterText":"Cement WDIO","selector":{"id":"application-manageresources-display-component---newResourceUnit--SHORT_TEXT","interaction":{"idSuffix":"inner"}},"clearTextFirst":true,"interactionType":"ENTER_TEXT"}]}
COMMAND: POST /session/7b3da3677cea6676bf36114916e4b8da/execute/async - {"script":"<script> [1562 bytes]","args":[{"selector":{"id":"application-manageresources-display-component---newResourceUnit--BASE_UNIT_OF_MEASURE","interaction":{"idSuffix":"inner"}},"wdio_ui5_key":"applicationmanageresources-display-component---newResourceUnit--BASE_UNIT_OF_MEASURE"}]}
RESULT: {"script":"<script> [1562 bytes]","args":[{"selector":{"id":"application-manageresources-display-component---newResourceUnit--BASE_UNIT_OF_MEASURE","interaction":{"idSuffix":"inner"}},"wdio_ui5_key":"applicationmanageresources-display-component---newResourceUnit--BASE_UNIT_OF_MEASURE"}]}
RESULT: undefined
COMMAND: POST /session/7b3da3677cea6676bf36114916e4b8da/execute/async - {"script":"<script> [776 bytes]","args":[{"enterText":"Piece","selector":{"id":"application-manageresources-display-component---newResourceUnit--BASE_UNIT_OF_MEASURE","interaction":{"idSuffix":"inner"}},"clearTextFirst":true,"interactionType":"ENTER_TEXT"}]}
RESULT: {"script":"<script> [776 bytes]","args":[{"enterText":"Piece","selector":{"id":"application-manageresources-display-component---newResourceUnit--BASE_UNIT_OF_MEASURE","interaction":{"idSuffix":"inner"}},"clearTextFirst":true,"interactionType":"ENTER_TEXT"}]}
COMMAND: POST /session/7b3da3677cea6676bf36114916e4b8da/execute/async - {"script":"<script> [1562 bytes]","args":[{"selector":{"id":"application-manageresources-display-component---newResourceUnit--WEIGHT_UNIT","interaction":{"idSuffix":"inner"}},"wdio_ui5_key":"applicationmanageresources-display-component---newResourceUnit--WEIGHT_UNIT"}]}
RESULT: {"script":"<script> [1562 bytes]","args":[{"selector":{"id":"application-manageresources-display-component---newResourceUnit--WEIGHT_UNIT","interaction":{"idSuffix":"inner"}},"wdio_ui5_key":"applicationmanageresources-display-component---newResourceUnit--WEIGHT_UNIT"}]}
RESULT: undefined
COMMAND: POST /session/7b3da3677cea6676bf36114916e4b8da/execute/async - {"script":"<script> [776 bytes]","args":[{"enterText":"Gram","selector":{"id":"application-manageresources-display-component---newResourceUnit--WEIGHT_UNIT","interaction":{"idSuffix":"inner"}},"clearTextFirst":true,"interactionType":"ENTER_TEXT"}]}
RESULT: {"script":"<script> [776 bytes]","args":[{"enterText":"Gram","selector":{"id":"application-manageresources-display-component---newResourceUnit--WEIGHT_UNIT","interaction":{"idSuffix":"inner"}},"clearTextFirst":true,"interactionType":"ENTER_TEXT"}]}
COMMAND: POST /session/7b3da3677cea6676bf36114916e4b8da/execute/async - {"script":"<script> [1562 bytes]","args":[{"selector":{"id":"application-manageresources-display-component---newResourceUnit--DIMENSION_UNIT","interaction":{"idSuffix":"inner"}},"wdio_ui5_key":"applicationmanageresources-display-component---newResourceUnit--DIMENSION_UNIT"}]}
RESULT: {"script":"<script> [1562 bytes]","args":[{"selector":{"id":"application-manageresources-display-component---newResourceUnit--DIMENSION_UNIT","interaction":{"idSuffix":"inner"}},"wdio_ui5_key":"applicationmanageresources-display-component---newResourceUnit--DIMENSION_UNIT"}]}
RESULT: undefined
COMMAND: POST /session/7b3da3677cea6676bf36114916e4b8da/execute/async - {"script":"<script> [776 bytes]","args":[{"enterText":"Meter","selector":{"id":"application-manageresources-display-component---newResourceUnit--DIMENSION_UNIT","interaction":{"idSuffix":"inner"}},"clearTextFirst":true,"interactionType":"ENTER_TEXT"}]}
RESULT: {"script":"<script> [776 bytes]","args":[{"enterText":"Meter","selector":{"id":"application-manageresources-display-component---newResourceUnit--DIMENSION_UNIT","interaction":{"idSuffix":"inner"}},"clearTextFirst":true,"interactionType":"ENTER_TEXT"}]}
COMMAND: POST /session/7b3da3677cea6676bf36114916e4b8da/execute/async - {"script":"<script> [1562 bytes]","args":[{"selector":{"id":"application-manageresources-display-component---newResourceUnit--newRRUPage-anchBar-application-manageresources-display-component---newResourceUnit--control-anchor","interaction":{"idSuffix":"BDI-content"}},"wdio_ui5_key":"applicationmanageresources-display-component---newResourceUnit--newRRUPage-anchBar-application-manageresources-display-component---newResourceUnit--control-anchor"}]}
RESULT: {"script":"<script> [1562 bytes]","args":[{"selector":{"id":"application-manageresources-display-component---newResourceUnit--newRRUPage-anchBar-application-manageresources-display-component---newResourceUnit--control-anchor","interaction":{"idSuffix":"BDI-content"}},"wdio_ui5_key":"applicationmanageresources-display-component---newResourceUnit--newRRUPage-anchBar-application-manageresources-display-component---newResourceUnit--control-anchor"}]}
RESULT: undefined
COMMAND: POST /session/7b3da3677cea6676bf36114916e4b8da/element - {"using":"xpath","value":"//*[@id=\"application-manageresources-display-component---newResourceUnit--newRRUPage-anchBar-application-manageresources-display-component---newResourceUnit--control-anchor\"]"}
RESULT: {"using":"xpath","value":"//*[@id=\"application-manageresources-display-component---newResourceUnit--newRRUPage-anchBar-application-manageresources-display-component---newResourceUnit--control-anchor\"]"}
COMMAND: POST /session/7b3da3677cea6676bf36114916e4b8da/element/f.39679F56340FCB9627FDE312A2FE1CD1.d.E9743D0F0632562577637E952EEE820D.e.2890/click - {}
RESULT: {}
COMMAND: POST /session/7b3da3677cea6676bf36114916e4b8da/execute/async - {"script":"<script> [1562 bytes]","args":[{"selector":{"id":"application-manageresources-display-component---newResourceUnit--PLANNING_GROUP","interaction":{"idSuffix":"inner"}},"wdio_ui5_key":"applicationmanageresources-display-component---newResourceUnit--PLANNING_GROUP"}]}
COMMAND: GET /session/7b3da3677cea6676bf36114916e4b8da/screenshot - {}
RESULT: {"script":"<script> [1562 bytes]","args":[{"selector":{"id":"application-manageresources-display-component---newResourceUnit--PLANNING_GROUP","interaction":{"idSuffix":"inner"}},"wdio_ui5_key":"applicationmanageresources-display-component---newResourceUnit--PLANNING_GROUP"}]}
RESULT: undefined
COMMAND: POST /session/7b3da3677cea6676bf36114916e4b8da/execute/async - {"script":"<script> [776 bytes]","args":[{"enterText":"Material","selector":{"id":"application-manageresources-display-component---newResourceUnit--PLANNING_GROUP","interaction":{"idSuffix":"inner"}},"clearTextFirst":true,"interactionType":"ENTER_TEXT"}]}
RESULT: {}
RESULT: {"script":"<script> [776 bytes]","args":[{"enterText":"Material","selector":{"id":"application-manageresources-display-component---newResourceUnit--PLANNING_GROUP","interaction":{"idSuffix":"inner"}},"clearTextFirst":true,"interactionType":"ENTER_TEXT"}]}
COMMAND: POST /session/7b3da3677cea6676bf36114916e4b8da/execute/async - {"script":"<script> [1562 bytes]","args":[{"selector":{"id":"application-manageresources-display-component---newResourceUnit--PLANNING_INDICATOR","interaction":{"idSuffix":"inner"}},"wdio_ui5_key":"applicationmanageresources-display-component---newResourceUnit--PLANNING_INDICATOR"}]}
RESULT: {"script":"<script> [1562 bytes]","args":[{"selector":{"id":"application-manageresources-display-component---newResourceUnit--PLANNING_INDICATOR","interaction":{"idSuffix":"inner"}},"wdio_ui5_key":"applicationmanageresources-display-component---newResourceUnit--PLANNING_INDICATOR"}]}
RESULT: undefined
COMMAND: POST /session/7b3da3677cea6676bf36114916e4b8da/execute/async - {"script":"<script> [776 bytes]","args":[{"enterText":"10 - infinite","selector":{"id":"application-manageresources-display-component---newResourceUnit--PLANNING_INDICATOR","interaction":{"idSuffix":"inner"}},"clearTextFirst":true,"interactionType":"ENTER_TEXT"}]}
RESULT: {"script":"<script> [776 bytes]","args":[{"enterText":"10 - infinite","selector":{"id":"application-manageresources-display-component---newResourceUnit--PLANNING_INDICATOR","interaction":{"idSuffix":"inner"}},"clearTextFirst":true,"interactionType":"ENTER_TEXT"}]}
COMMAND: POST /session/7b3da3677cea6676bf36114916e4b8da/element - {"using":"css selector","value":"#application-manageresources-display-component---newResourceUnit--btnAddTimeSegment"}
RESULT: {"using":"css selector","value":"#application-manageresources-display-component---newResourceUnit--btnAddTimeSegment"}
COMMAND: GET /session/7b3da3677cea6676bf36114916e4b8da/element/f.39679F56340FCB9627FDE312A2FE1CD1.d.E9743D0F0632562577637E952EEE820D.e.2900/rect - {}
RESULT: {}
COMMAND: GET /session/7b3da3677cea6676bf36114916e4b8da/window/rect - {}
RESULT: {}
COMMAND: POST /session/7b3da3677cea6676bf36114916e4b8da/execute/sync - {"script":"<script> [92 bytes]","args":[]}
RESULT: {"script":"<script> [92 bytes]","args":[]}
COMMAND: POST /session/7b3da3677cea6676bf36114916e4b8da/actions - {"actions":[{"id":"action6","type":"wheel","parameters":{},"actions":[{"type":"scroll","x":-1888,"y":-32,"deltaX":0,"deltaY":0,"duration":0,"origin":{"element-6066-11e4-a52e-4f735466cecf":"f.39679F56340FCB9627FDE312A2FE1CD1.d.E9743D0F0632562577637E952EEE820D.e.2900"}}]}]}
COMMAND: GET /session/7b3da3677cea6676bf36114916e4b8da/screenshot - {}
RESULT: {}
COMMAND: POST /session/7b3da3677cea6676bf36114916e4b8da/execute/sync - {"script":"<script> [79 bytes]","args":[{"element-6066-11e4-a52e-4f735466cecf":"f.39679F56340FCB9627FDE312A2FE1CD1.d.E9743D0F0632562577637E952EEE820D.e.2900","ELEMENT":"f.39679F56340FCB9627FDE312A2FE1CD1.d.E9743D0F0632562577637E952EEE820D.e.2900"},{"block":"start","inline":"nearest"}]}
RESULT: {"script":"<script> [79 bytes]","args":[{"element-6066-11e4-a52e-4f735466cecf":"f.39679F56340FCB9627FDE312A2FE1CD1.d.E9743D0F0632562577637E952EEE820D.e.2900","ELEMENT":"f.39679F56340FCB9627FDE312A2FE1CD1.d.E9743D0F0632562577637E952EEE820D.e.2900"},{"block":"start","inline":"nearest"}]}
COMMAND: POST /session/7b3da3677cea6676bf36114916e4b8da/execute/async - {"script":"<script> [1562 bytes]","args":[{"selector":{"id":"application-manageresources-display-component---newResourceUnit--btnAddTimeSegment","interaction":{"idSuffix":"inner"}},"wdio_ui5_key":"applicationmanageresources-display-component---newResourceUnit--btnAddTimeSegment"}]}
COMMAND: GET /session/7b3da3677cea6676bf36114916e4b8da/screenshot - {}
RESULT: {"script":"<script> [1562 bytes]","args":[{"selector":{"id":"application-manageresources-display-component---newResourceUnit--btnAddTimeSegment","interaction":{"idSuffix":"inner"}},"wdio_ui5_key":"applicationmanageresources-display-component---newResourceUnit--btnAddTimeSegment"}]}
RESULT: undefined
COMMAND: POST /session/7b3da3677cea6676bf36114916e4b8da/element - {"using":"xpath","value":"//*[@id=\"application-manageresources-display-component---newResourceUnit--btnAddTimeSegment\"]"}
RESULT: {}
RESULT: {"using":"xpath","value":"//*[@id=\"application-manageresources-display-component---newResourceUnit--btnAddTimeSegment\"]"}
COMMAND: POST /session/7b3da3677cea6676bf36114916e4b8da/element/f.39679F56340FCB9627FDE312A2FE1CD1.d.E9743D0F0632562577637E952EEE820D.e.2900/click - {}
RESULT: {}
COMMAND: GET /session/7b3da3677cea6676bf36114916e4b8da/screenshot - {}
RESULT: {}
COMMAND: POST /session/7b3da3677cea6676bf36114916e4b8da/element - {"using":"xpath","value":"//input[@id=\"application-manageresources-display-component---newResourceUnit--idRuTSAdmin-application-manageresources-display-component---newResourceUnit--RUTimeSegment-0-inner\"]"}
RESULT: {"using":"xpath","value":"//input[@id=\"application-manageresources-display-component---newResourceUnit--idRuTSAdmin-application-manageresources-display-component---newResourceUnit--RUTimeSegment-0-inner\"]"}
COMMAND: POST /session/7b3da3677cea6676bf36114916e4b8da/element/f.39679F56340FCB9627FDE312A2FE1CD1.d.E9743D0F0632562577637E952EEE820D.e.2905/clear - {}
RESULT: {}
COMMAND: POST /session/7b3da3677cea6676bf36114916e4b8da/element/f.39679F56340FCB9627FDE312A2FE1CD1.d.E9743D0F0632562577637E952EEE820D.e.2905/value - {"text":"385"}
COMMAND: GET /session/7b3da3677cea6676bf36114916e4b8da/screenshot - {}
RESULT: {"text":"385"}
COMMAND: GET /session/7b3da3677cea6676bf36114916e4b8da/screenshot - {}
RESULT: {}
RESULT: {}
COMMAND: POST /session/7b3da3677cea6676bf36114916e4b8da/element - {"using":"xpath","value":"//li[.//span[text()='385']]"}
RESULT: {"using":"xpath","value":"//li[.//span[text()='385']]"}
COMMAND: POST /session/7b3da3677cea6676bf36114916e4b8da/element/f.39679F56340FCB9627FDE312A2FE1CD1.d.E9743D0F0632562577637E952EEE820D.e.2914/click - {}
RESULT: {}
COMMAND: GET /session/7b3da3677cea6676bf36114916e4b8da/screenshot - {}
RESULT: {}
COMMAND: POST /session/7b3da3677cea6676bf36114916e4b8da/element - {"using":"xpath","value":"(//span[contains(@id, \"-application-manageresources-display-component---newResourceUnit--RUTimeSegment-0-arrow\")])[2]"}
RESULT: {"using":"xpath","value":"(//span[contains(@id, \"-application-manageresources-display-component---newResourceUnit--RUTimeSegment-0-arrow\")])[2]"}
COMMAND: POST /session/7b3da3677cea6676bf36114916e4b8da/element/f.39679F56340FCB9627FDE312A2FE1CD1.d.E9743D0F0632562577637E952EEE820D.e.2915/click - {}
RESULT: {}
COMMAND: POST /session/7b3da3677cea6676bf36114916e4b8da/element - {"using":"xpath","value":"//span[contains(text(), \"PM Order\")]"}
COMMAND: GET /session/7b3da3677cea6676bf36114916e4b8da/screenshot - {}
RESULT: {"using":"xpath","value":"//span[contains(text(), \"PM Order\")]"}
COMMAND: POST /session/7b3da3677cea6676bf36114916e4b8da/element/f.39679F56340FCB9627FDE312A2FE1CD1.d.E9743D0F0632562577637E952EEE820D.e.2916/click - {}
RESULT: {}
RESULT: {}
COMMAND: GET /session/7b3da3677cea6676bf36114916e4b8da/screenshot - {}
RESULT: {}
COMMAND: POST /session/7b3da3677cea6676bf36114916e4b8da/element - {"using":"xpath","value":"//td/div/div/div/span[contains(@id, \"newResourceUnit--RUTimeSegment-0-vhi\")][1]"}
RESULT: {"using":"xpath","value":"//td/div/div/div/span[contains(@id, \"newResourceUnit--RUTimeSegment-0-vhi\")][1]"}
COMMAND: GET /session/7b3da3677cea6676bf36114916e4b8da/element/f.39679F56340FCB9627FDE312A2FE1CD1.d.E9743D0F0632562577637E952EEE820D.e.2920/rect - {}
RESULT: {}
COMMAND: GET /session/7b3da3677cea6676bf36114916e4b8da/window/rect - {}
RESULT: {}
COMMAND: POST /session/7b3da3677cea6676bf36114916e4b8da/execute/sync - {"script":"<script> [92 bytes]","args":[]}
RESULT: {"script":"<script> [92 bytes]","args":[]}
COMMAND: POST /session/7b3da3677cea6676bf36114916e4b8da/actions - {"actions":[{"id":"action7","type":"wheel","parameters":{},"actions":[{"type":"scroll","x":-1888,"y":-24,"deltaX":0,"deltaY":0,"duration":0,"origin":{"element-6066-11e4-a52e-4f735466cecf":"f.39679F56340FCB9627FDE312A2FE1CD1.d.E9743D0F0632562577637E952EEE820D.e.2920"}}]}]}
COMMAND: GET /session/7b3da3677cea6676bf36114916e4b8da/screenshot - {}
RESULT: {}
COMMAND: POST /session/7b3da3677cea6676bf36114916e4b8da/execute/sync - {"script":"<script> [79 bytes]","args":[{"element-6066-11e4-a52e-4f735466cecf":"f.39679F56340FCB9627FDE312A2FE1CD1.d.E9743D0F0632562577637E952EEE820D.e.2920","ELEMENT":"f.39679F56340FCB9627FDE312A2FE1CD1.d.E9743D0F0632562577637E952EEE820D.e.2920"},{"block":"start","inline":"nearest"}]}
RESULT: {"script":"<script> [79 bytes]","args":[{"element-6066-11e4-a52e-4f735466cecf":"f.39679F56340FCB9627FDE312A2FE1CD1.d.E9743D0F0632562577637E952EEE820D.e.2920","ELEMENT":"f.39679F56340FCB9627FDE312A2FE1CD1.d.E9743D0F0632562577637E952EEE820D.e.2920"},{"block":"start","inline":"nearest"}]}
COMMAND: GET /session/7b3da3677cea6676bf36114916e4b8da/screenshot - {}
RESULT: {}
COMMAND: POST /session/7b3da3677cea6676bf36114916e4b8da/element/f.39679F56340FCB9627FDE312A2FE1CD1.d.E9743D0F0632562577637E952EEE820D.e.2920/click - {}
RESULT: {}
COMMAND: GET /session/7b3da3677cea6676bf36114916e4b8da/screenshot - {}
RESULT: {}
RESULT: undefined
COMMAND: POST /session/7b3da3677cea6676bf36114916e4b8da/execute/async - {"script":"<script> [776 bytes]","args":[{"enterText":"4000360","selector":{"controlType":"sap.m.SearchField","properties":{"placeholder":"Search"},"searchOpenDialogs":true,"interaction":{"idSuffix":"I"}},"clearTextFirst":true,"interactionType":"ENTER_TEXT"}]}
RESULT: {"script":"<script> [776 bytes]","args":[{"enterText":"4000360","selector":{"controlType":"sap.m.SearchField","properties":{"placeholder":"Search"},"searchOpenDialogs":true,"interaction":{"idSuffix":"I"}},"clearTextFirst":true,"interactionType":"ENTER_TEXT"}]}
COMMAND: POST /session/7b3da3677cea6676bf36114916e4b8da/actions - {"actions":[{"id":"action8","type":"key","parameters":{},"actions":[{"type":"keyDown","value":""},{"type":"pause","duration":10},{"type":"keyUp","value":""}]}]}
RESULT: {"actions":[{"id":"action8","type":"key","parameters":{},"actions":[{"type":"keyDown","value":""},{"type":"pause","duration":10},{"type":"keyUp","value":""}]}]}
COMMAND: GET /session/7b3da3677cea6676bf36114916e4b8da/screenshot - {}
RESULT: {}
COMMAND: POST /session/7b3da3677cea6676bf36114916e4b8da/element - {"using":"xpath","value":"//td/div/span[contains(text(), \"BGL Vehicles\")]"}
RESULT: {"using":"xpath","value":"//td/div/span[contains(text(), \"BGL Vehicles\")]"}
COMMAND: POST /session/7b3da3677cea6676bf36114916e4b8da/element/f.39679F56340FCB9627FDE312A2FE1CD1.d.E9743D0F0632562577637E952EEE820D.e.2940/click - {}
RESULT: {}
COMMAND: GET /session/7b3da3677cea6676bf36114916e4b8da/screenshot - {}
RESULT: {}
COMMAND: POST /session/7b3da3677cea6676bf36114916e4b8da/element - {"using":"xpath","value":"//bdi[contains(text(), \"OK\")]"}
RESULT: {"using":"xpath","value":"//bdi[contains(text(), \"OK\")]"}
COMMAND: POST /session/7b3da3677cea6676bf36114916e4b8da/element/f.39679F56340FCB9627FDE312A2FE1CD1.d.E9743D0F0632562577637E952EEE820D.e.2941/click - {}
RESULT: {}
COMMAND: GET /session/7b3da3677cea6676bf36114916e4b8da/screenshot - {}
RESULT: {}
COMMAND: POST /session/7b3da3677cea6676bf36114916e4b8da/element - {"using":"xpath","value":"//label[contains(@class, 'sapMLabelRequired') and .//bdi[contains(text(), 'Planned Retirement')]]"}
RESULT: {"using":"xpath","value":"//label[contains(@class, 'sapMLabelRequired') and .//bdi[contains(text(), 'Planned Retirement')]]"}
COMMAND: POST /session/7b3da3677cea6676bf36114916e4b8da/elements - {"using":"xpath","value":"//label[contains(@class, 'sapMLabelRequired') and .//bdi[contains(text(), 'Planned Retirement')]]"}
RESULT: {"using":"xpath","value":"//label[contains(@class, 'sapMLabelRequired') and .//bdi[contains(text(), 'Planned Retirement')]]"}
COMMAND: POST /session/7b3da3677cea6676bf36114916e4b8da/element - {"using":"xpath","value":"//button[@data-kt=\"resourceUnitSaveButton\"]"}
RESULT: {"using":"xpath","value":"//button[@data-kt=\"resourceUnitSaveButton\"]"}
COMMAND: POST /session/7b3da3677cea6676bf36114916e4b8da/element/f.39679F56340FCB9627FDE312A2FE1CD1.d.E9743D0F0632562577637E952EEE820D.e.2777/click - {}
RESULT: {}
COMMAND: GET /session/7b3da3677cea6676bf36114916e4b8da/screenshot - {}
RESULT: {}
COMMAND: POST /session/7b3da3677cea6676bf36114916e4b8da/element - {"using":"xpath","value":"//bdi[contains(text(), \"Close\")]"}
RESULT: {"using":"xpath","value":"//bdi[contains(text(), \"Close\")]"}
COMMAND: POST /session/7b3da3677cea6676bf36114916e4b8da/element/f.39679F56340FCB9627FDE312A2FE1CD1.d.E9743D0F0632562577637E952EEE820D.e.2948/click - {}
RESULT: {}
COMMAND: GET /session/7b3da3677cea6676bf36114916e4b8da/screenshot - {}
RESULT: {}
COMMAND: POST /session/7b3da3677cea6676bf36114916e4b8da/element - {"using":"xpath","value":"//header[contains(@id, 'detailRruPage-headerTitle')]/div[1]/div[2]/div[2]/span[1]"}
RESULT: {"using":"xpath","value":"//header[contains(@id, 'detailRruPage-headerTitle')]/div[1]/div[2]/div[2]/span[1]"}
COMMAND: POST /session/7b3da3677cea6676bf36114916e4b8da/elements - {"using":"xpath","value":"//header[contains(@id, 'detailRruPage-headerTitle')]/div[1]/div[2]/div[2]/span[1]"}
RESULT: {"using":"xpath","value":"//header[contains(@id, 'detailRruPage-headerTitle')]/div[1]/div[2]/div[2]/span[1]"}
COMMAND: POST /session/7b3da3677cea6676bf36114916e4b8da/execute/sync - {"script":"<script> [56 bytes]","args":[{"element-6066-11e4-a52e-4f735466cecf":"f.39679F56340FCB9627FDE312A2FE1CD1.d.E9743D0F0632562577637E952EEE820D.e.2976","ELEMENT":"f.39679F56340FCB9627FDE312A2FE1CD1.d.E9743D0F0632562577637E952EEE820D.e.2976"}]}
RESULT: {"script":"<script> [56 bytes]","args":[{"element-6066-11e4-a52e-4f735466cecf":"f.39679F56340FCB9627FDE312A2FE1CD1.d.E9743D0F0632562577637E952EEE820D.e.2976","ELEMENT":"f.39679F56340FCB9627FDE312A2FE1CD1.d.E9743D0F0632562577637E952EEE820D.e.2976"}]}
COMMAND: POST /session/7b3da3677cea6676bf36114916e4b8da/element - {"using":"css selector","value":"#shell-header-logo"}
COMMAND: GET /session/7b3da3677cea6676bf36114916e4b8da/screenshot - {}
RESULT: {"using":"css selector","value":"#shell-header-logo"}
COMMAND: POST /session/7b3da3677cea6676bf36114916e4b8da/element/f.39679F56340FCB9627FDE312A2FE1CD1.d.E9743D0F0632562577637E952EEE820D.e.2377/click - {}
RESULT: {}
RESULT: {}
COMMAND: GET /session/7b3da3677cea6676bf36114916e4b8da/screenshot - {}
RESULT: {}
]]></system-out>
    </testcase>
    <testcase classname="chrome.136_0_7103_93.windows.Create_masterdata_for_Yard_Overview_-_trigger_provide_US130988" name="Should do a stock increase handover" time="92.652">
      <system-out><![CDATA[
COMMAND: POST /session/7b3da3677cea6676bf36114916e4b8da/execute/async - {"script":"<script> [1562 bytes]","args":[{"selector":{"controlType":"sap.m.GenericTile","properties":{"header":"Manage Handovers"}},"wdio_ui5_key":"sapm.GenericTile{\"header\":\"Manage Handovers\"}"}]}
RESULT: {"script":"<script> [1562 bytes]","args":[{"selector":{"controlType":"sap.m.GenericTile","properties":{"header":"Manage Handovers"}},"wdio_ui5_key":"sapm.GenericTile{\"header\":\"Manage Handovers\"}"}]}
RESULT: undefined
COMMAND: POST /session/7b3da3677cea6676bf36114916e4b8da/element - {"using":"xpath","value":"//*[@id=\"__tile132\"]"}
RESULT: {"using":"xpath","value":"//*[@id=\"__tile132\"]"}
COMMAND: POST /session/7b3da3677cea6676bf36114916e4b8da/element/f.39679F56340FCB9627FDE312A2FE1CD1.d.E9743D0F0632562577637E952EEE820D.e.208/click - {}
RESULT: {}
COMMAND: GET /session/7b3da3677cea6676bf36114916e4b8da/screenshot - {}
RESULT: {}
COMMAND: POST /session/7b3da3677cea6676bf36114916e4b8da/elements - {"using":"xpath","value":"//span[text()='Error']"}
RESULT: {"using":"xpath","value":"//span[text()='Error']"}
COMMAND: POST /session/7b3da3677cea6676bf36114916e4b8da/element - {"using":"xpath","value":"//button[@data-kt=\"masterHOAddButton\"]"}
RESULT: {"using":"xpath","value":"//button[@data-kt=\"masterHOAddButton\"]"}
COMMAND: POST /session/7b3da3677cea6676bf36114916e4b8da/elements - {"using":"xpath","value":"//button[@data-kt=\"masterHOAddButton\"]"}
RESULT: {"using":"xpath","value":"//button[@data-kt=\"masterHOAddButton\"]"}
COMMAND: POST /session/7b3da3677cea6676bf36114916e4b8da/execute/sync - {"script":"<script> [8489 bytes]","args":[{"element-6066-11e4-a52e-4f735466cecf":"f.39679F56340FCB9627FDE312A2FE1CD1.d.E9743D0F0632562577637E952EEE820D.e.3008","ELEMENT":"f.39679F56340FCB9627FDE312A2FE1CD1.d.E9743D0F0632562577637E952EEE820D.e.3008"}]}
RESULT: {"script":"<script> [8489 bytes]","args":[{"element-6066-11e4-a52e-4f735466cecf":"f.39679F56340FCB9627FDE312A2FE1CD1.d.E9743D0F0632562577637E952EEE820D.e.3008","ELEMENT":"f.39679F56340FCB9627FDE312A2FE1CD1.d.E9743D0F0632562577637E952EEE820D.e.3008"}]}
COMMAND: GET /session/7b3da3677cea6676bf36114916e4b8da/element/f.39679F56340FCB9627FDE312A2FE1CD1.d.E9743D0F0632562577637E952EEE820D.e.3008/enabled - {}
COMMAND: GET /session/7b3da3677cea6676bf36114916e4b8da/screenshot - {}
RESULT: {}
COMMAND: POST /session/7b3da3677cea6676bf36114916e4b8da/execute/sync - {"script":"<script> [8489 bytes]","args":[{"element-6066-11e4-a52e-4f735466cecf":"f.39679F56340FCB9627FDE312A2FE1CD1.d.E9743D0F0632562577637E952EEE820D.e.3008","ELEMENT":"f.39679F56340FCB9627FDE312A2FE1CD1.d.E9743D0F0632562577637E952EEE820D.e.3008"}]}
COMMAND: GET /session/7b3da3677cea6676bf36114916e4b8da/screenshot - {}
RESULT: {}
RESULT: {"script":"<script> [8489 bytes]","args":[{"element-6066-11e4-a52e-4f735466cecf":"f.39679F56340FCB9627FDE312A2FE1CD1.d.E9743D0F0632562577637E952EEE820D.e.3008","ELEMENT":"f.39679F56340FCB9627FDE312A2FE1CD1.d.E9743D0F0632562577637E952EEE820D.e.3008"}]}
COMMAND: POST /session/7b3da3677cea6676bf36114916e4b8da/execute/sync - {"script":"<script> [5351 bytes]","args":[{"element-6066-11e4-a52e-4f735466cecf":"f.39679F56340FCB9627FDE312A2FE1CD1.d.E9743D0F0632562577637E952EEE820D.e.3008","ELEMENT":"f.39679F56340FCB9627FDE312A2FE1CD1.d.E9743D0F0632562577637E952EEE820D.e.3008"}]}
COMMAND: GET /session/7b3da3677cea6676bf36114916e4b8da/screenshot - {}
RESULT: {}
RESULT: {"script":"<script> [5351 bytes]","args":[{"element-6066-11e4-a52e-4f735466cecf":"f.39679F56340FCB9627FDE312A2FE1CD1.d.E9743D0F0632562577637E952EEE820D.e.3008","ELEMENT":"f.39679F56340FCB9627FDE312A2FE1CD1.d.E9743D0F0632562577637E952EEE820D.e.3008"}]}
COMMAND: POST /session/7b3da3677cea6676bf36114916e4b8da/element/f.39679F56340FCB9627FDE312A2FE1CD1.d.E9743D0F0632562577637E952EEE820D.e.3008/click - {}
COMMAND: GET /session/7b3da3677cea6676bf36114916e4b8da/screenshot - {}
RESULT: {}
RESULT: {}
COMMAND: GET /session/7b3da3677cea6676bf36114916e4b8da/screenshot - {}
COMMAND: POST /session/7b3da3677cea6676bf36114916e4b8da/element - {"using":"xpath","value":"//span[contains(@id ,\"AddNewHO--typeSelect-arrow\")]"}
RESULT: {}
RESULT: {}
RESULT: {"using":"xpath","value":"//span[contains(@id ,\"AddNewHO--typeSelect-arrow\")]"}
COMMAND: POST /session/7b3da3677cea6676bf36114916e4b8da/element/f.39679F56340FCB9627FDE312A2FE1CD1.d.E9743D0F0632562577637E952EEE820D.e.3355/click - {}
RESULT: {}
COMMAND: GET /session/7b3da3677cea6676bf36114916e4b8da/screenshot - {}
RESULT: {}
COMMAND: POST /session/7b3da3677cea6676bf36114916e4b8da/element - {"using":"xpath","value":"(//li[contains(text(), \"stock increase yard\")])[1]"}
RESULT: {"using":"xpath","value":"(//li[contains(text(), \"stock increase yard\")])[1]"}
COMMAND: POST /session/7b3da3677cea6676bf36114916e4b8da/element/f.39679F56340FCB9627FDE312A2FE1CD1.d.E9743D0F0632562577637E952EEE820D.e.3356/click - {}
RESULT: {}
COMMAND: GET /session/7b3da3677cea6676bf36114916e4b8da/screenshot - {}
RESULT: {}
COMMAND: POST /session/7b3da3677cea6676bf36114916e4b8da/execute/async - {"script":"<script> [1562 bytes]","args":[{"selector":{"id":"application-managehandovers-display-component---AddNewHO--dueDate","interaction":{"idSuffix":"inner"}},"wdio_ui5_key":"applicationmanagehandovers-display-component---AddNewHO--dueDate"}]}
RESULT: {"script":"<script> [1562 bytes]","args":[{"selector":{"id":"application-managehandovers-display-component---AddNewHO--dueDate","interaction":{"idSuffix":"inner"}},"wdio_ui5_key":"applicationmanagehandovers-display-component---AddNewHO--dueDate"}]}
RESULT: undefined
COMMAND: POST /session/7b3da3677cea6676bf36114916e4b8da/execute/async - {"script":"<script> [6424 bytes]","args":[{"element-6066-11e4-a52e-4f735466cecf":"f.39679F56340FCB9627FDE312A2FE1CD1.d.E9743D0F0632562577637E952EEE820D.e.3358"},"setValue",["5/27/25"]]}
RESULT: {"script":"<script> [6424 bytes]","args":[{"element-6066-11e4-a52e-4f735466cecf":"f.39679F56340FCB9627FDE312A2FE1CD1.d.E9743D0F0632562577637E952EEE820D.e.3358"},"setValue",["5/27/25"]]}
COMMAND: POST /session/7b3da3677cea6676bf36114916e4b8da/element - {"using":"xpath","value":"//input[@id=\"generalSectionFrg--receiveYard-inner\"]"}
RESULT: {"using":"xpath","value":"//input[@id=\"generalSectionFrg--receiveYard-inner\"]"}
COMMAND: POST /session/7b3da3677cea6676bf36114916e4b8da/element/f.39679F56340FCB9627FDE312A2FE1CD1.d.E9743D0F0632562577637E952EEE820D.e.3364/clear - {}
RESULT: {}
COMMAND: POST /session/7b3da3677cea6676bf36114916e4b8da/element/f.39679F56340FCB9627FDE312A2FE1CD1.d.E9743D0F0632562577637E952EEE820D.e.3364/value - {"text":"385"}
COMMAND: GET /session/7b3da3677cea6676bf36114916e4b8da/screenshot - {}
RESULT: {"text":"385"}
COMMAND: GET /session/7b3da3677cea6676bf36114916e4b8da/screenshot - {}
RESULT: {}
RESULT: {}
COMMAND: POST /session/7b3da3677cea6676bf36114916e4b8da/element - {"using":"xpath","value":"//li[.//span[text()='385']]"}
RESULT: {"using":"xpath","value":"//li[.//span[text()='385']]"}
COMMAND: POST /session/7b3da3677cea6676bf36114916e4b8da/element/f.39679F56340FCB9627FDE312A2FE1CD1.d.E9743D0F0632562577637E952EEE820D.e.3382/click - {}
RESULT: {}
COMMAND: GET /session/7b3da3677cea6676bf36114916e4b8da/screenshot - {}
RESULT: {}
COMMAND: POST /session/7b3da3677cea6676bf36114916e4b8da/execute/async - {"script":"<script> [1562 bytes]","args":[{"selector":{"id":"application-managehandovers-display-component---AddNewHO--ObjectPageLayout-anchBar-application-managehandovers-display-component---AddNewHO--section4-anchor","interaction":{"idSuffix":"BDI-content"}},"wdio_ui5_key":"applicationmanagehandovers-display-component---AddNewHO--ObjectPageLayout-anchBar-application-managehandovers-display-component---AddNewHO--section4-anchor"}]}
RESULT: {"script":"<script> [1562 bytes]","args":[{"selector":{"id":"application-managehandovers-display-component---AddNewHO--ObjectPageLayout-anchBar-application-managehandovers-display-component---AddNewHO--section4-anchor","interaction":{"idSuffix":"BDI-content"}},"wdio_ui5_key":"applicationmanagehandovers-display-component---AddNewHO--ObjectPageLayout-anchBar-application-managehandovers-display-component---AddNewHO--section4-anchor"}]}
RESULT: undefined
COMMAND: POST /session/7b3da3677cea6676bf36114916e4b8da/element - {"using":"xpath","value":"//*[@id=\"application-managehandovers-display-component---AddNewHO--ObjectPageLayout-anchBar-application-managehandovers-display-component---AddNewHO--section4-anchor\"]"}
RESULT: {"using":"xpath","value":"//*[@id=\"application-managehandovers-display-component---AddNewHO--ObjectPageLayout-anchBar-application-managehandovers-display-component---AddNewHO--section4-anchor\"]"}
COMMAND: POST /session/7b3da3677cea6676bf36114916e4b8da/element/f.39679F56340FCB9627FDE312A2FE1CD1.d.E9743D0F0632562577637E952EEE820D.e.3384/click - {}
RESULT: {}
COMMAND: POST /session/7b3da3677cea6676bf36114916e4b8da/element - {"using":"xpath","value":"//button[@aria-label=\"Add\"]"}
COMMAND: GET /session/7b3da3677cea6676bf36114916e4b8da/screenshot - {}
RESULT: {"using":"xpath","value":"//button[@aria-label=\"Add\"]"}
COMMAND: POST /session/7b3da3677cea6676bf36114916e4b8da/element/f.39679F56340FCB9627FDE312A2FE1CD1.d.E9743D0F0632562577637E952EEE820D.e.3386/click - {}
RESULT: {}
RESULT: {}
COMMAND: GET /session/7b3da3677cea6676bf36114916e4b8da/screenshot - {}
RESULT: {}
COMMAND: POST /session/7b3da3677cea6676bf36114916e4b8da/execute/async - {"script":"<script> [1562 bytes]","args":[{"selector":{"id":"application-managehandovers-display-component---AddNewHO--smartFilterBar-btnBasicSearch","searchOpenDialogs":true,"interaction":{"idSuffix":"I"}},"wdio_ui5_key":"applicationmanagehandovers-display-component---AddNewHO--smartFilterBar-btnBasicSearch"}]}
RESULT: {"script":"<script> [1562 bytes]","args":[{"selector":{"id":"application-managehandovers-display-component---AddNewHO--smartFilterBar-btnBasicSearch","searchOpenDialogs":true,"interaction":{"idSuffix":"I"}},"wdio_ui5_key":"applicationmanagehandovers-display-component---AddNewHO--smartFilterBar-btnBasicSearch"}]}
RESULT: undefined
COMMAND: POST /session/7b3da3677cea6676bf36114916e4b8da/execute/async - {"script":"<script> [776 bytes]","args":[{"enterText":"200204","selector":{"id":"application-managehandovers-display-component---AddNewHO--smartFilterBar-btnBasicSearch","searchOpenDialogs":true,"interaction":{"idSuffix":"I"}},"clearTextFirst":true,"interactionType":"ENTER_TEXT"}]}
RESULT: {"script":"<script> [776 bytes]","args":[{"enterText":"200204","selector":{"id":"application-managehandovers-display-component---AddNewHO--smartFilterBar-btnBasicSearch","searchOpenDialogs":true,"interaction":{"idSuffix":"I"}},"clearTextFirst":true,"interactionType":"ENTER_TEXT"}]}
COMMAND: POST /session/7b3da3677cea6676bf36114916e4b8da/actions - {"actions":[{"id":"action9","type":"key","parameters":{},"actions":[{"type":"keyDown","value":""},{"type":"pause","duration":10},{"type":"keyUp","value":""}]}]}
RESULT: {"actions":[{"id":"action9","type":"key","parameters":{},"actions":[{"type":"keyDown","value":""},{"type":"pause","duration":10},{"type":"keyUp","value":""}]}]}
COMMAND: GET /session/7b3da3677cea6676bf36114916e4b8da/screenshot - {}
RESULT: {}
COMMAND: POST /session/7b3da3677cea6676bf36114916e4b8da/execute/async - {"script":"<script> [1562 bytes]","args":[{"selector":{"id":"application-managehandovers-display-component---AddNewHO--popup-sa","searchOpenDialogs":true,"interaction":{"idSuffix":"CbBg"}},"wdio_ui5_key":"applicationmanagehandovers-display-component---AddNewHO--popup-sa"}]}
RESULT: {"script":"<script> [1562 bytes]","args":[{"selector":{"id":"application-managehandovers-display-component---AddNewHO--popup-sa","searchOpenDialogs":true,"interaction":{"idSuffix":"CbBg"}},"wdio_ui5_key":"applicationmanagehandovers-display-component---AddNewHO--popup-sa"}]}
RESULT: undefined
COMMAND: POST /session/7b3da3677cea6676bf36114916e4b8da/element - {"using":"xpath","value":"//*[@id=\"application-managehandovers-display-component---AddNewHO--popup-sa\"]"}
RESULT: {"using":"xpath","value":"//*[@id=\"application-managehandovers-display-component---AddNewHO--popup-sa\"]"}
COMMAND: POST /session/7b3da3677cea6676bf36114916e4b8da/element/f.39679F56340FCB9627FDE312A2FE1CD1.d.E9743D0F0632562577637E952EEE820D.e.3541/click - {}
RESULT: {}
COMMAND: GET /session/7b3da3677cea6676bf36114916e4b8da/screenshot - {}
RESULT: {}
COMMAND: POST /session/7b3da3677cea6676bf36114916e4b8da/element - {"using":"xpath","value":"//bdi[contains(text(), \"Select\")]"}
RESULT: {"using":"xpath","value":"//bdi[contains(text(), \"Select\")]"}
COMMAND: POST /session/7b3da3677cea6676bf36114916e4b8da/element/f.39679F56340FCB9627FDE312A2FE1CD1.d.E9743D0F0632562577637E952EEE820D.e.3542/click - {}
RESULT: {}
COMMAND: GET /session/7b3da3677cea6676bf36114916e4b8da/screenshot - {}
RESULT: {}
COMMAND: POST /session/7b3da3677cea6676bf36114916e4b8da/element - {"using":"xpath","value":"//button[@data-kt=\"AddNewHOSaveButton\"]"}
RESULT: {"using":"xpath","value":"//button[@data-kt=\"AddNewHOSaveButton\"]"}
COMMAND: POST /session/7b3da3677cea6676bf36114916e4b8da/element/f.39679F56340FCB9627FDE312A2FE1CD1.d.E9743D0F0632562577637E952EEE820D.e.3546/click - {}
RESULT: {}
COMMAND: GET /session/7b3da3677cea6676bf36114916e4b8da/screenshot - {}
RESULT: {}
COMMAND: POST /session/7b3da3677cea6676bf36114916e4b8da/execute/async - {"script":"<script> [1562 bytes]","args":[{"selector":{"id":"receiptDatePicker","viewName":"etm.portal.ui.managehandovers.view.DetailExecuteHO","interaction":{"idSuffix":"inner"}},"wdio_ui5_key":"receiptDatePickeretmportal.ui.managehandovers.view.DetailExecuteHO"}]}
RESULT: {"script":"<script> [1562 bytes]","args":[{"selector":{"id":"receiptDatePicker","viewName":"etm.portal.ui.managehandovers.view.DetailExecuteHO","interaction":{"idSuffix":"inner"}},"wdio_ui5_key":"receiptDatePickeretmportal.ui.managehandovers.view.DetailExecuteHO"}]}
RESULT: undefined
COMMAND: POST /session/7b3da3677cea6676bf36114916e4b8da/execute/async - {"script":"<script> [6424 bytes]","args":[{"element-6066-11e4-a52e-4f735466cecf":"f.39679F56340FCB9627FDE312A2FE1CD1.d.E9743D0F0632562577637E952EEE820D.e.3573"},"setValue",["5/27/25"]]}
RESULT: {"script":"<script> [6424 bytes]","args":[{"element-6066-11e4-a52e-4f735466cecf":"f.39679F56340FCB9627FDE312A2FE1CD1.d.E9743D0F0632562577637E952EEE820D.e.3573"},"setValue",["5/27/25"]]}
COMMAND: POST /session/7b3da3677cea6676bf36114916e4b8da/element - {"using":"xpath","value":"//button[@data-kt=\"ReceivingTableConfirmAllButton\"]"}
RESULT: {"using":"xpath","value":"//button[@data-kt=\"ReceivingTableConfirmAllButton\"]"}
COMMAND: POST /session/7b3da3677cea6676bf36114916e4b8da/element/f.39679F56340FCB9627FDE312A2FE1CD1.d.E9743D0F0632562577637E952EEE820D.e.3588/click - {}
RESULT: {}
COMMAND: GET /session/7b3da3677cea6676bf36114916e4b8da/screenshot - {}
RESULT: {}
COMMAND: POST /session/7b3da3677cea6676bf36114916e4b8da/element - {"using":"xpath","value":"//bdi[contains(text(), \"OK\")]"}
RESULT: {"using":"xpath","value":"//bdi[contains(text(), \"OK\")]"}
COMMAND: POST /session/7b3da3677cea6676bf36114916e4b8da/element/f.39679F56340FCB9627FDE312A2FE1CD1.d.E9743D0F0632562577637E952EEE820D.e.3590/click - {}
RESULT: {}
COMMAND: GET /session/7b3da3677cea6676bf36114916e4b8da/screenshot - {}
RESULT: {}
COMMAND: POST /session/7b3da3677cea6676bf36114916e4b8da/element - {"using":"xpath","value":"(//bdi[contains(text(), \"Receive\")])[2]"}
RESULT: {"using":"xpath","value":"(//bdi[contains(text(), \"Receive\")])[2]"}
COMMAND: POST /session/7b3da3677cea6676bf36114916e4b8da/element/f.39679F56340FCB9627FDE312A2FE1CD1.d.E9743D0F0632562577637E952EEE820D.e.3592/click - {}
RESULT: {}
COMMAND: GET /session/7b3da3677cea6676bf36114916e4b8da/screenshot - {}
RESULT: {}
COMMAND: POST /session/7b3da3677cea6676bf36114916e4b8da/element - {"using":"css selector","value":"#shell-header-logo"}
RESULT: {"using":"css selector","value":"#shell-header-logo"}
COMMAND: POST /session/7b3da3677cea6676bf36114916e4b8da/element/f.39679F56340FCB9627FDE312A2FE1CD1.d.E9743D0F0632562577637E952EEE820D.e.2980/click - {}
RESULT: {}
COMMAND: GET /session/7b3da3677cea6676bf36114916e4b8da/screenshot - {}
RESULT: {}
]]></system-out>
    </testcase>
    <testcase classname="chrome.136_0_7103_93.windows.Create_masterdata_for_Yard_Overview_-_trigger_provide_US130988" name="Should create a new contract" time="62.544">
      <system-out><![CDATA[
COMMAND: POST /session/7b3da3677cea6676bf36114916e4b8da/execute/async - {"script":"<script> [1562 bytes]","args":[{"selector":{"controlType":"sap.m.GenericTile","properties":{"header":"Manage Contracts"}},"wdio_ui5_key":"sapm.GenericTile{\"header\":\"Manage Contracts\"}"}]}
RESULT: {"script":"<script> [1562 bytes]","args":[{"selector":{"controlType":"sap.m.GenericTile","properties":{"header":"Manage Contracts"}},"wdio_ui5_key":"sapm.GenericTile{\"header\":\"Manage Contracts\"}"}]}
RESULT: undefined
COMMAND: POST /session/7b3da3677cea6676bf36114916e4b8da/element - {"using":"xpath","value":"//*[@id=\"__tile133\"]"}
RESULT: {"using":"xpath","value":"//*[@id=\"__tile133\"]"}
COMMAND: POST /session/7b3da3677cea6676bf36114916e4b8da/element/f.39679F56340FCB9627FDE312A2FE1CD1.d.E9743D0F0632562577637E952EEE820D.e.139/click - {}
RESULT: {}
COMMAND: GET /session/7b3da3677cea6676bf36114916e4b8da/screenshot - {}
RESULT: {}
COMMAND: POST /session/7b3da3677cea6676bf36114916e4b8da/elements - {"using":"xpath","value":"//span[text()='Error']"}
RESULT: {"using":"xpath","value":"//span[text()='Error']"}
COMMAND: POST /session/7b3da3677cea6676bf36114916e4b8da/element - {"using":"xpath","value":"//button[@data-kt=\"addButton\"]"}
RESULT: {"using":"xpath","value":"//button[@data-kt=\"addButton\"]"}
COMMAND: POST /session/7b3da3677cea6676bf36114916e4b8da/elements - {"using":"xpath","value":"//button[@data-kt=\"addButton\"]"}
RESULT: {"using":"xpath","value":"//button[@data-kt=\"addButton\"]"}
COMMAND: POST /session/7b3da3677cea6676bf36114916e4b8da/execute/sync - {"script":"<script> [8489 bytes]","args":[{"element-6066-11e4-a52e-4f735466cecf":"f.39679F56340FCB9627FDE312A2FE1CD1.d.E9743D0F0632562577637E952EEE820D.e.3811","ELEMENT":"f.39679F56340FCB9627FDE312A2FE1CD1.d.E9743D0F0632562577637E952EEE820D.e.3811"}]}
RESULT: {"script":"<script> [8489 bytes]","args":[{"element-6066-11e4-a52e-4f735466cecf":"f.39679F56340FCB9627FDE312A2FE1CD1.d.E9743D0F0632562577637E952EEE820D.e.3811","ELEMENT":"f.39679F56340FCB9627FDE312A2FE1CD1.d.E9743D0F0632562577637E952EEE820D.e.3811"}]}
COMMAND: GET /session/7b3da3677cea6676bf36114916e4b8da/element/f.39679F56340FCB9627FDE312A2FE1CD1.d.E9743D0F0632562577637E952EEE820D.e.3811/enabled - {}
COMMAND: GET /session/7b3da3677cea6676bf36114916e4b8da/screenshot - {}
RESULT: {}
COMMAND: POST /session/7b3da3677cea6676bf36114916e4b8da/execute/sync - {"script":"<script> [8489 bytes]","args":[{"element-6066-11e4-a52e-4f735466cecf":"f.39679F56340FCB9627FDE312A2FE1CD1.d.E9743D0F0632562577637E952EEE820D.e.3811","ELEMENT":"f.39679F56340FCB9627FDE312A2FE1CD1.d.E9743D0F0632562577637E952EEE820D.e.3811"}]}
COMMAND: GET /session/7b3da3677cea6676bf36114916e4b8da/screenshot - {}
RESULT: {}
RESULT: {"script":"<script> [8489 bytes]","args":[{"element-6066-11e4-a52e-4f735466cecf":"f.39679F56340FCB9627FDE312A2FE1CD1.d.E9743D0F0632562577637E952EEE820D.e.3811","ELEMENT":"f.39679F56340FCB9627FDE312A2FE1CD1.d.E9743D0F0632562577637E952EEE820D.e.3811"}]}
COMMAND: POST /session/7b3da3677cea6676bf36114916e4b8da/execute/sync - {"script":"<script> [5351 bytes]","args":[{"element-6066-11e4-a52e-4f735466cecf":"f.39679F56340FCB9627FDE312A2FE1CD1.d.E9743D0F0632562577637E952EEE820D.e.3811","ELEMENT":"f.39679F56340FCB9627FDE312A2FE1CD1.d.E9743D0F0632562577637E952EEE820D.e.3811"}]}
COMMAND: GET /session/7b3da3677cea6676bf36114916e4b8da/screenshot - {}
RESULT: {}
RESULT: {"script":"<script> [5351 bytes]","args":[{"element-6066-11e4-a52e-4f735466cecf":"f.39679F56340FCB9627FDE312A2FE1CD1.d.E9743D0F0632562577637E952EEE820D.e.3811","ELEMENT":"f.39679F56340FCB9627FDE312A2FE1CD1.d.E9743D0F0632562577637E952EEE820D.e.3811"}]}
COMMAND: GET /session/7b3da3677cea6676bf36114916e4b8da/screenshot - {}
RESULT: {}
RESULT: {}
COMMAND: POST /session/7b3da3677cea6676bf36114916e4b8da/element/f.39679F56340FCB9627FDE312A2FE1CD1.d.E9743D0F0632562577637E952EEE820D.e.3811/click - {}
RESULT: {}
COMMAND: GET /session/7b3da3677cea6676bf36114916e4b8da/screenshot - {}
COMMAND: POST /session/7b3da3677cea6676bf36114916e4b8da/execute/async - {"script":"<script> [1562 bytes]","args":[{"selector":{"id":"application-managecontracts-display-component---AddNewContract--projectDescription","interaction":{"idSuffix":"inner"}},"wdio_ui5_key":"applicationmanagecontracts-display-component---AddNewContract--projectDescription"}]}
RESULT: {}
RESULT: {"script":"<script> [1562 bytes]","args":[{"selector":{"id":"application-managecontracts-display-component---AddNewContract--projectDescription","interaction":{"idSuffix":"inner"}},"wdio_ui5_key":"applicationmanagecontracts-display-component---AddNewContract--projectDescription"}]}
RESULT: undefined
COMMAND: POST /session/7b3da3677cea6676bf36114916e4b8da/execute/async - {"script":"<script> [776 bytes]","args":[{"enterText":"Contract WDIO","selector":{"id":"application-managecontracts-display-component---AddNewContract--projectDescription","interaction":{"idSuffix":"inner"}},"clearTextFirst":true,"interactionType":"ENTER_TEXT"}]}
RESULT: {"script":"<script> [776 bytes]","args":[{"enterText":"Contract WDIO","selector":{"id":"application-managecontracts-display-component---AddNewContract--projectDescription","interaction":{"idSuffix":"inner"}},"clearTextFirst":true,"interactionType":"ENTER_TEXT"}]}
COMMAND: POST /session/7b3da3677cea6676bf36114916e4b8da/element - {"using":"xpath","value":"//input[@id=\"application-managecontracts-display-component---AddNewContract--site-inner\"]"}
RESULT: {"using":"xpath","value":"//input[@id=\"application-managecontracts-display-component---AddNewContract--site-inner\"]"}
COMMAND: POST /session/7b3da3677cea6676bf36114916e4b8da/element/f.39679F56340FCB9627FDE312A2FE1CD1.d.E9743D0F0632562577637E952EEE820D.e.4134/clear - {}
RESULT: {}
COMMAND: POST /session/7b3da3677cea6676bf36114916e4b8da/element/f.39679F56340FCB9627FDE312A2FE1CD1.d.E9743D0F0632562577637E952EEE820D.e.4134/value - {"text":"2179"}
COMMAND: GET /session/7b3da3677cea6676bf36114916e4b8da/screenshot - {}
RESULT: {"text":"2179"}
COMMAND: GET /session/7b3da3677cea6676bf36114916e4b8da/screenshot - {}
RESULT: {}
RESULT: {}
COMMAND: POST /session/7b3da3677cea6676bf36114916e4b8da/element - {"using":"xpath","value":"//li[.//span[text()='2179']]"}
RESULT: {"using":"xpath","value":"//li[.//span[text()='2179']]"}
COMMAND: POST /session/7b3da3677cea6676bf36114916e4b8da/element/f.39679F56340FCB9627FDE312A2FE1CD1.d.E9743D0F0632562577637E952EEE820D.e.4216/click - {}
RESULT: {}
COMMAND: GET /session/7b3da3677cea6676bf36114916e4b8da/screenshot - {}
RESULT: {}
COMMAND: POST /session/7b3da3677cea6676bf36114916e4b8da/element - {"using":"xpath","value":"//input[@id=\"application-managecontracts-display-component---AddNewContract--yardId-inner\"]"}
RESULT: {"using":"xpath","value":"//input[@id=\"application-managecontracts-display-component---AddNewContract--yardId-inner\"]"}
COMMAND: GET /session/7b3da3677cea6676bf36114916e4b8da/element/f.39679F56340FCB9627FDE312A2FE1CD1.d.E9743D0F0632562577637E952EEE820D.e.4135/property/value - {}
RESULT: {}
COMMAND: POST /session/7b3da3677cea6676bf36114916e4b8da/element - {"using":"xpath","value":"//input[@id=\"application-managecontracts-display-component---AddNewContract--customerSelect-inner\"]"}
COMMAND: GET /session/7b3da3677cea6676bf36114916e4b8da/screenshot - {}
RESULT: {"using":"xpath","value":"//input[@id=\"application-managecontracts-display-component---AddNewContract--customerSelect-inner\"]"}
COMMAND: POST /session/7b3da3677cea6676bf36114916e4b8da/element/f.39679F56340FCB9627FDE312A2FE1CD1.d.E9743D0F0632562577637E952EEE820D.e.4133/clear - {}
RESULT: {}
RESULT: {}
COMMAND: POST /session/7b3da3677cea6676bf36114916e4b8da/element/f.39679F56340FCB9627FDE312A2FE1CD1.d.E9743D0F0632562577637E952EEE820D.e.4133/value - {"text":"1195"}
COMMAND: GET /session/7b3da3677cea6676bf36114916e4b8da/screenshot - {}
RESULT: {"text":"1195"}
COMMAND: GET /session/7b3da3677cea6676bf36114916e4b8da/screenshot - {}
RESULT: {}
RESULT: {}
COMMAND: POST /session/7b3da3677cea6676bf36114916e4b8da/element - {"using":"xpath","value":"//li[.//span[text()='1195']]"}
RESULT: {"using":"xpath","value":"//li[.//span[text()='1195']]"}
COMMAND: POST /session/7b3da3677cea6676bf36114916e4b8da/element/f.39679F56340FCB9627FDE312A2FE1CD1.d.E9743D0F0632562577637E952EEE820D.e.4219/click - {}
RESULT: {}
COMMAND: GET /session/7b3da3677cea6676bf36114916e4b8da/screenshot - {}
RESULT: {}
COMMAND: POST /session/7b3da3677cea6676bf36114916e4b8da/element - {"using":"xpath","value":"//button[@data-kt=\"saveButton\"]"}
RESULT: {"using":"xpath","value":"//button[@data-kt=\"saveButton\"]"}
COMMAND: POST /session/7b3da3677cea6676bf36114916e4b8da/element/f.39679F56340FCB9627FDE312A2FE1CD1.d.E9743D0F0632562577637E952EEE820D.e.4209/click - {}
RESULT: {}
COMMAND: GET /session/7b3da3677cea6676bf36114916e4b8da/screenshot - {}
RESULT: {}
COMMAND: POST /session/7b3da3677cea6676bf36114916e4b8da/element - {"using":"xpath","value":"//span[contains(@id ,\"contractDetailTitleNoExpanded\")]"}
RESULT: {"using":"xpath","value":"//span[contains(@id ,\"contractDetailTitleNoExpanded\")]"}
COMMAND: POST /session/7b3da3677cea6676bf36114916e4b8da/elements - {"using":"xpath","value":"//span[contains(@id ,\"contractDetailTitleNoExpanded\")]"}
RESULT: {"using":"xpath","value":"//span[contains(@id ,\"contractDetailTitleNoExpanded\")]"}
COMMAND: POST /session/7b3da3677cea6676bf36114916e4b8da/execute/sync - {"script":"<script> [56 bytes]","args":[{"element-6066-11e4-a52e-4f735466cecf":"f.39679F56340FCB9627FDE312A2FE1CD1.d.E9743D0F0632562577637E952EEE820D.e.4291","ELEMENT":"f.39679F56340FCB9627FDE312A2FE1CD1.d.E9743D0F0632562577637E952EEE820D.e.4291"}]}
RESULT: {"script":"<script> [56 bytes]","args":[{"element-6066-11e4-a52e-4f735466cecf":"f.39679F56340FCB9627FDE312A2FE1CD1.d.E9743D0F0632562577637E952EEE820D.e.4291","ELEMENT":"f.39679F56340FCB9627FDE312A2FE1CD1.d.E9743D0F0632562577637E952EEE820D.e.4291"}]}
COMMAND: GET /session/7b3da3677cea6676bf36114916e4b8da/screenshot - {}
RESULT: {}
]]></system-out>
    </testcase>
    <testcase classname="chrome.136_0_7103_93.windows.Create_masterdata_for_Yard_Overview_-_trigger_provide_US130988" name="Should add created equipment to contract" time="69.003">
      <system-out><![CDATA[
COMMAND: POST /session/7b3da3677cea6676bf36114916e4b8da/element - {"using":"xpath","value":"//button[@data-kt=\"contractDetailEditBtnButton\"]"}
RESULT: {"using":"xpath","value":"//button[@data-kt=\"contractDetailEditBtnButton\"]"}
COMMAND: POST /session/7b3da3677cea6676bf36114916e4b8da/element/f.39679F56340FCB9627FDE312A2FE1CD1.d.E9743D0F0632562577637E952EEE820D.e.4292/click - {}
RESULT: {}
COMMAND: GET /session/7b3da3677cea6676bf36114916e4b8da/screenshot - {}
RESULT: {}
COMMAND: POST /session/7b3da3677cea6676bf36114916e4b8da/element - {"using":"xpath","value":"(//span[contains(text(), \"Additional Addresses\")])[2]"}
RESULT: {"using":"xpath","value":"(//span[contains(text(), \"Additional Addresses\")])[2]"}
COMMAND: POST /session/7b3da3677cea6676bf36114916e4b8da/element/f.39679F56340FCB9627FDE312A2FE1CD1.d.E9743D0F0632562577637E952EEE820D.e.4350/click - {}
RESULT: {}
COMMAND: GET /session/7b3da3677cea6676bf36114916e4b8da/screenshot - {}
RESULT: {}
COMMAND: POST /session/7b3da3677cea6676bf36114916e4b8da/element - {"using":"xpath","value":"//button[@data-kt=\"btnAddTableRowOverflowToolbarButton\"]"}
RESULT: {"using":"xpath","value":"//button[@data-kt=\"btnAddTableRowOverflowToolbarButton\"]"}
COMMAND: POST /session/7b3da3677cea6676bf36114916e4b8da/element/f.39679F56340FCB9627FDE312A2FE1CD1.d.E9743D0F0632562577637E952EEE820D.e.4353/click - {}
RESULT: {}
COMMAND: GET /session/7b3da3677cea6676bf36114916e4b8da/screenshot - {}
RESULT: {}
COMMAND: POST /session/7b3da3677cea6676bf36114916e4b8da/element - {"using":"xpath","value":"//div[(text() = 'Standard Entry' or . = 'Standard Entry')]"}
RESULT: {"using":"xpath","value":"//div[(text() = 'Standard Entry' or . = 'Standard Entry')]"}
COMMAND: POST /session/7b3da3677cea6676bf36114916e4b8da/element/f.39679F56340FCB9627FDE312A2FE1CD1.d.E9743D0F0632562577637E952EEE820D.e.4355/click - {}
RESULT: {}
COMMAND: GET /session/7b3da3677cea6676bf36114916e4b8da/screenshot - {}
RESULT: {}
COMMAND: POST /session/7b3da3677cea6676bf36114916e4b8da/element - {"using":"xpath","value":"//td[6]/div/div/div/span"}
RESULT: {"using":"xpath","value":"//td[6]/div/div/div/span"}
COMMAND: POST /session/7b3da3677cea6676bf36114916e4b8da/element/f.39679F56340FCB9627FDE312A2FE1CD1.d.E9743D0F0632562577637E952EEE820D.e.4367/click - {}
RESULT: {}
COMMAND: GET /session/7b3da3677cea6676bf36114916e4b8da/screenshot - {}
RESULT: {}
COMMAND: POST /session/7b3da3677cea6676bf36114916e4b8da/element - {"using":"xpath","value":"(//span[contains(text(), \"Material\")])"}
RESULT: {"using":"xpath","value":"(//span[contains(text(), \"Material\")])"}
COMMAND: POST /session/7b3da3677cea6676bf36114916e4b8da/element/f.39679F56340FCB9627FDE312A2FE1CD1.d.E9743D0F0632562577637E952EEE820D.e.4368/click - {}
RESULT: {}
COMMAND: GET /session/7b3da3677cea6676bf36114916e4b8da/screenshot - {}
RESULT: {}
COMMAND: POST /session/7b3da3677cea6676bf36114916e4b8da/element - {"using":"xpath","value":"//td[7]/div/div/input"}
RESULT: {"using":"xpath","value":"//td[7]/div/div/input"}
COMMAND: POST /session/7b3da3677cea6676bf36114916e4b8da/element/f.39679F56340FCB9627FDE312A2FE1CD1.d.E9743D0F0632562577637E952EEE820D.e.4372/clear - {}
RESULT: {}
COMMAND: POST /session/7b3da3677cea6676bf36114916e4b8da/element/f.39679F56340FCB9627FDE312A2FE1CD1.d.E9743D0F0632562577637E952EEE820D.e.4372/value - {"text":"200204"}
COMMAND: GET /session/7b3da3677cea6676bf36114916e4b8da/screenshot - {}
RESULT: {"text":"200204"}
COMMAND: GET /session/7b3da3677cea6676bf36114916e4b8da/screenshot - {}
RESULT: {}
RESULT: {}
COMMAND: POST /session/7b3da3677cea6676bf36114916e4b8da/actions - {"actions":[{"id":"action10","type":"key","parameters":{},"actions":[{"type":"keyDown","value":""},{"type":"pause","duration":10},{"type":"keyUp","value":""}]}]}
RESULT: {"actions":[{"id":"action10","type":"key","parameters":{},"actions":[{"type":"keyDown","value":""},{"type":"pause","duration":10},{"type":"keyUp","value":""}]}]}
COMMAND: GET /session/7b3da3677cea6676bf36114916e4b8da/screenshot - {}
RESULT: {}
COMMAND: POST /session/7b3da3677cea6676bf36114916e4b8da/execute/sync - {"script":"<script> [276 bytes]","args":["No pricing information was found"]}
RESULT: {"script":"<script> [276 bytes]","args":["No pricing information was found"]}
COMMAND: POST /session/7b3da3677cea6676bf36114916e4b8da/element - {"using":"xpath","value":"//bdi[contains(text(), \"OK\")]"}
COMMAND: GET /session/7b3da3677cea6676bf36114916e4b8da/screenshot - {}
RESULT: {"using":"xpath","value":"//bdi[contains(text(), \"OK\")]"}
COMMAND: POST /session/7b3da3677cea6676bf36114916e4b8da/element/f.39679F56340FCB9627FDE312A2FE1CD1.d.E9743D0F0632562577637E952EEE820D.e.4398/click - {}
RESULT: {}
RESULT: {}
COMMAND: GET /session/7b3da3677cea6676bf36114916e4b8da/screenshot - {}
RESULT: {}
COMMAND: POST /session/7b3da3677cea6676bf36114916e4b8da/element - {"using":"xpath","value":"(//button[@data-kt=\"saveButton\"])[2]"}
RESULT: {"using":"xpath","value":"(//button[@data-kt=\"saveButton\"])[2]"}
COMMAND: POST /session/7b3da3677cea6676bf36114916e4b8da/element/f.39679F56340FCB9627FDE312A2FE1CD1.d.E9743D0F0632562577637E952EEE820D.e.4399/click - {}
RESULT: {}
COMMAND: GET /session/7b3da3677cea6676bf36114916e4b8da/screenshot - {}
RESULT: {}
COMMAND: POST /session/7b3da3677cea6676bf36114916e4b8da/execute/sync - {"script":"<script> [276 bytes]","args":["Some contract items are having rental validity exceeding header rental validity"]}
RESULT: {"script":"<script> [276 bytes]","args":["Some contract items are having rental validity exceeding header rental validity"]}
COMMAND: GET /session/7b3da3677cea6676bf36114916e4b8da/screenshot - {}
RESULT: {}
COMMAND: POST /session/7b3da3677cea6676bf36114916e4b8da/element - {"using":"xpath","value":"//span[contains(@id ,\"contractItemsSmartTable-header-inner\")]"}
RESULT: {"using":"xpath","value":"//span[contains(@id ,\"contractItemsSmartTable-header-inner\")]"}
COMMAND: POST /session/7b3da3677cea6676bf36114916e4b8da/elements - {"using":"xpath","value":"//span[contains(@id ,\"contractItemsSmartTable-header-inner\")]"}
RESULT: {"using":"xpath","value":"//span[contains(@id ,\"contractItemsSmartTable-header-inner\")]"}
COMMAND: POST /session/7b3da3677cea6676bf36114916e4b8da/execute/sync - {"script":"<script> [56 bytes]","args":[{"element-6066-11e4-a52e-4f735466cecf":"f.39679F56340FCB9627FDE312A2FE1CD1.d.E9743D0F0632562577637E952EEE820D.e.4404","ELEMENT":"f.39679F56340FCB9627FDE312A2FE1CD1.d.E9743D0F0632562577637E952EEE820D.e.4404"}]}
RESULT: {"script":"<script> [56 bytes]","args":[{"element-6066-11e4-a52e-4f735466cecf":"f.39679F56340FCB9627FDE312A2FE1CD1.d.E9743D0F0632562577637E952EEE820D.e.4404","ELEMENT":"f.39679F56340FCB9627FDE312A2FE1CD1.d.E9743D0F0632562577637E952EEE820D.e.4404"}]}
COMMAND: POST /session/7b3da3677cea6676bf36114916e4b8da/element - {"using":"css selector","value":"#shell-header-logo"}
COMMAND: GET /session/7b3da3677cea6676bf36114916e4b8da/screenshot - {}
RESULT: {"using":"css selector","value":"#shell-header-logo"}
COMMAND: POST /session/7b3da3677cea6676bf36114916e4b8da/element/f.39679F56340FCB9627FDE312A2FE1CD1.d.E9743D0F0632562577637E952EEE820D.e.3768/click - {}
RESULT: {}
RESULT: {}
COMMAND: GET /session/7b3da3677cea6676bf36114916e4b8da/screenshot - {}
RESULT: {}
]]></system-out>
    </testcase>
    <testcase classname="chrome.136_0_7103_93.windows.Create_masterdata_for_Yard_Overview_-_trigger_provide_US130988" name="Navigate to Yard overview and provide the RU" time="156.762">
      <system-out><![CDATA[
COMMAND: POST /session/7b3da3677cea6676bf36114916e4b8da/execute/async - {"script":"<script> [1562 bytes]","args":[{"selector":{"controlType":"sap.m.GenericTile","properties":{"header":"Yard Overview"}},"wdio_ui5_key":"sapm.GenericTile{\"header\":\"Yard Overview\"}"}]}
RESULT: {"script":"<script> [1562 bytes]","args":[{"selector":{"controlType":"sap.m.GenericTile","properties":{"header":"Yard Overview"}},"wdio_ui5_key":"sapm.GenericTile{\"header\":\"Yard Overview\"}"}]}
RESULT: undefined
COMMAND: POST /session/7b3da3677cea6676bf36114916e4b8da/element - {"using":"xpath","value":"//*[@id=\"__tile102\"]"}
RESULT: {"using":"xpath","value":"//*[@id=\"__tile102\"]"}
COMMAND: POST /session/7b3da3677cea6676bf36114916e4b8da/element/f.39679F56340FCB9627FDE312A2FE1CD1.d.E9743D0F0632562577637E952EEE820D.e.4406/click - {}
RESULT: {}
COMMAND: GET /session/7b3da3677cea6676bf36114916e4b8da/screenshot - {}
RESULT: {}
COMMAND: POST /session/7b3da3677cea6676bf36114916e4b8da/elements - {"using":"xpath","value":"//span[text()='Error']"}
RESULT: {"using":"xpath","value":"//span[text()='Error']"}
COMMAND: POST /session/7b3da3677cea6676bf36114916e4b8da/element - {"using":"xpath","value":"//input[contains(@id,\"smartFilterBar-btnBasicSearch-I\")]"}
RESULT: {"using":"xpath","value":"//input[contains(@id,\"smartFilterBar-btnBasicSearch-I\")]"}
COMMAND: POST /session/7b3da3677cea6676bf36114916e4b8da/elements - {"using":"xpath","value":"//input[contains(@id,\"smartFilterBar-btnBasicSearch-I\")]"}
RESULT: {"using":"xpath","value":"//input[contains(@id,\"smartFilterBar-btnBasicSearch-I\")]"}
COMMAND: POST /session/7b3da3677cea6676bf36114916e4b8da/execute/sync - {"script":"<script> [8489 bytes]","args":[{"element-6066-11e4-a52e-4f735466cecf":"f.39679F56340FCB9627FDE312A2FE1CD1.d.E9743D0F0632562577637E952EEE820D.e.4427","ELEMENT":"f.39679F56340FCB9627FDE312A2FE1CD1.d.E9743D0F0632562577637E952EEE820D.e.4427"}]}
RESULT: {"script":"<script> [8489 bytes]","args":[{"element-6066-11e4-a52e-4f735466cecf":"f.39679F56340FCB9627FDE312A2FE1CD1.d.E9743D0F0632562577637E952EEE820D.e.4427","ELEMENT":"f.39679F56340FCB9627FDE312A2FE1CD1.d.E9743D0F0632562577637E952EEE820D.e.4427"}]}
COMMAND: GET /session/7b3da3677cea6676bf36114916e4b8da/element/f.39679F56340FCB9627FDE312A2FE1CD1.d.E9743D0F0632562577637E952EEE820D.e.4427/enabled - {}
COMMAND: GET /session/7b3da3677cea6676bf36114916e4b8da/screenshot - {}
RESULT: {}
COMMAND: POST /session/7b3da3677cea6676bf36114916e4b8da/execute/sync - {"script":"<script> [8489 bytes]","args":[{"element-6066-11e4-a52e-4f735466cecf":"f.39679F56340FCB9627FDE312A2FE1CD1.d.E9743D0F0632562577637E952EEE820D.e.4427","ELEMENT":"f.39679F56340FCB9627FDE312A2FE1CD1.d.E9743D0F0632562577637E952EEE820D.e.4427"}]}
COMMAND: GET /session/7b3da3677cea6676bf36114916e4b8da/screenshot - {}
RESULT: {}
RESULT: {"script":"<script> [8489 bytes]","args":[{"element-6066-11e4-a52e-4f735466cecf":"f.39679F56340FCB9627FDE312A2FE1CD1.d.E9743D0F0632562577637E952EEE820D.e.4427","ELEMENT":"f.39679F56340FCB9627FDE312A2FE1CD1.d.E9743D0F0632562577637E952EEE820D.e.4427"}]}
COMMAND: POST /session/7b3da3677cea6676bf36114916e4b8da/execute/sync - {"script":"<script> [5351 bytes]","args":[{"element-6066-11e4-a52e-4f735466cecf":"f.39679F56340FCB9627FDE312A2FE1CD1.d.E9743D0F0632562577637E952EEE820D.e.4427","ELEMENT":"f.39679F56340FCB9627FDE312A2FE1CD1.d.E9743D0F0632562577637E952EEE820D.e.4427"}]}
COMMAND: GET /session/7b3da3677cea6676bf36114916e4b8da/screenshot - {}
RESULT: {}
RESULT: {"script":"<script> [5351 bytes]","args":[{"element-6066-11e4-a52e-4f735466cecf":"f.39679F56340FCB9627FDE312A2FE1CD1.d.E9743D0F0632562577637E952EEE820D.e.4427","ELEMENT":"f.39679F56340FCB9627FDE312A2FE1CD1.d.E9743D0F0632562577637E952EEE820D.e.4427"}]}
COMMAND: GET /session/7b3da3677cea6676bf36114916e4b8da/screenshot - {}
RESULT: {}
RESULT: {}
COMMAND: POST /session/7b3da3677cea6676bf36114916e4b8da/element/f.39679F56340FCB9627FDE312A2FE1CD1.d.E9743D0F0632562577637E952EEE820D.e.4427/clear - {}
RESULT: {}
COMMAND: POST /session/7b3da3677cea6676bf36114916e4b8da/element/f.39679F56340FCB9627FDE312A2FE1CD1.d.E9743D0F0632562577637E952EEE820D.e.4427/value - {"text":"385"}
COMMAND: GET /session/7b3da3677cea6676bf36114916e4b8da/screenshot - {}
RESULT: {"text":"385"}
COMMAND: GET /session/7b3da3677cea6676bf36114916e4b8da/screenshot - {}
RESULT: {}
RESULT: {}
COMMAND: POST /session/7b3da3677cea6676bf36114916e4b8da/actions - {"actions":[{"id":"action11","type":"key","parameters":{},"actions":[{"type":"keyDown","value":""},{"type":"pause","duration":10},{"type":"keyUp","value":""}]}]}
RESULT: {"actions":[{"id":"action11","type":"key","parameters":{},"actions":[{"type":"keyDown","value":""},{"type":"pause","duration":10},{"type":"keyUp","value":""}]}]}
COMMAND: GET /session/7b3da3677cea6676bf36114916e4b8da/screenshot - {}
RESULT: {}
COMMAND: POST /session/7b3da3677cea6676bf36114916e4b8da/element - {"using":"xpath","value":"//span[contains(@id, \"smartTable-header-inner\")]"}
RESULT: {"using":"xpath","value":"//span[contains(@id, \"smartTable-header-inner\")]"}
COMMAND: POST /session/7b3da3677cea6676bf36114916e4b8da/elements - {"using":"xpath","value":"//span[contains(@id, \"smartTable-header-inner\")]"}
RESULT: {"using":"xpath","value":"//span[contains(@id, \"smartTable-header-inner\")]"}
COMMAND: POST /session/7b3da3677cea6676bf36114916e4b8da/execute/sync - {"script":"<script> [56 bytes]","args":[{"element-6066-11e4-a52e-4f735466cecf":"f.39679F56340FCB9627FDE312A2FE1CD1.d.E9743D0F0632562577637E952EEE820D.e.4481","ELEMENT":"f.39679F56340FCB9627FDE312A2FE1CD1.d.E9743D0F0632562577637E952EEE820D.e.4481"}]}
RESULT: {"script":"<script> [56 bytes]","args":[{"element-6066-11e4-a52e-4f735466cecf":"f.39679F56340FCB9627FDE312A2FE1CD1.d.E9743D0F0632562577637E952EEE820D.e.4481","ELEMENT":"f.39679F56340FCB9627FDE312A2FE1CD1.d.E9743D0F0632562577637E952EEE820D.e.4481"}]}
COMMAND: POST /session/7b3da3677cea6676bf36114916e4b8da/element - {"using":"xpath","value":"(//span[contains(@id, \"imgNav\")])[1]"}
COMMAND: GET /session/7b3da3677cea6676bf36114916e4b8da/screenshot - {}
RESULT: {"using":"xpath","value":"(//span[contains(@id, \"imgNav\")])[1]"}
COMMAND: POST /session/7b3da3677cea6676bf36114916e4b8da/element/f.39679F56340FCB9627FDE312A2FE1CD1.d.E9743D0F0632562577637E952EEE820D.e.4480/click - {}
RESULT: {}
RESULT: {}
COMMAND: GET /session/7b3da3677cea6676bf36114916e4b8da/screenshot - {}
RESULT: {}
COMMAND: POST /session/7b3da3677cea6676bf36114916e4b8da/execute/async - {"script":"<script> [1562 bytes]","args":[{"selector":{"id":"application-yardoverview-display-component---detailYardInventory--openProvides-triggerAction-provideBtn","interaction":{"idSuffix":"BDI-content"}},"wdio_ui5_key":"applicationyardoverview-display-component---detailYardInventory--openProvides-triggerAction-provideBtn"}]}
RESULT: {"script":"<script> [1562 bytes]","args":[{"selector":{"id":"application-yardoverview-display-component---detailYardInventory--openProvides-triggerAction-provideBtn","interaction":{"idSuffix":"BDI-content"}},"wdio_ui5_key":"applicationyardoverview-display-component---detailYardInventory--openProvides-triggerAction-provideBtn"}]}
RESULT: undefined
COMMAND: POST /session/7b3da3677cea6676bf36114916e4b8da/element - {"using":"xpath","value":"//*[@id=\"application-yardoverview-display-component---detailYardInventory--openProvides-triggerAction-provideBtn\"]"}
RESULT: {"using":"xpath","value":"//*[@id=\"application-yardoverview-display-component---detailYardInventory--openProvides-triggerAction-provideBtn\"]"}
COMMAND: POST /session/7b3da3677cea6676bf36114916e4b8da/element/f.39679F56340FCB9627FDE312A2FE1CD1.d.E9743D0F0632562577637E952EEE820D.e.4513/click - {}
RESULT: {}
COMMAND: GET /session/7b3da3677cea6676bf36114916e4b8da/screenshot - {}
RESULT: {}
COMMAND: POST /session/7b3da3677cea6676bf36114916e4b8da/execute/async - {"script":"<script> [1562 bytes]","args":[{"selector":{"controlType":"sap.m.CheckBox","viewName":"etm.portal.ui.yardoverview.view.Detail","viewId":"application-yardoverview-display-component---detailYardInventory","properties":{"editable":true},"ancestor":{"controlType":"sap.m.ColumnListItem","viewName":"etm.portal.ui.yardoverview.view.Detail","viewId":"application-yardoverview-display-component---detailYardInventory","bindingPath":{"path":"/SmartOpenRUYardInventory(CONTRACT='10305',ITEM=10m,SUB_ITEM=0m)"},"ancestor":{"id":"application-yardoverview-display-component---detailYardInventory--customProvidesTable"}},"interaction":{"idSuffix":"CbBg"}},"wdio_ui5_key":"etmportal.ui.yardoverview.view.Detailsap.m.CheckBox{\"editable\":true}{\"controlType\":\"sap.m.ColumnListItem\",\"viewName\":\"etm.portal.ui.yardoverview.view.Detail\",\"viewId\":\"application-yardoverview-display-component---detailYardInventory\",\"bindingPath\":{\"path\":\"/SmartOpenRUYardInventory(CONTRACT='10305',ITEM=10m,SUB_ITEM=0m)\"},\"ancestor\":{\"id\":\"application-yardoverview-display-component---detailYardInventory--customProvidesTable\"}}"}]}
RESULT: {"script":"<script> [1562 bytes]","args":[{"selector":{"controlType":"sap.m.CheckBox","viewName":"etm.portal.ui.yardoverview.view.Detail","viewId":"application-yardoverview-display-component---detailYardInventory","properties":{"editable":true},"ancestor":{"controlType":"sap.m.ColumnListItem","viewName":"etm.portal.ui.yardoverview.view.Detail","viewId":"application-yardoverview-display-component---detailYardInventory","bindingPath":{"path":"/SmartOpenRUYardInventory(CONTRACT='10305',ITEM=10m,SUB_ITEM=0m)"},"ancestor":{"id":"application-yardoverview-display-component---detailYardInventory--customProvidesTable"}},"interaction":{"idSuffix":"CbBg"}},"wdio_ui5_key":"etmportal.ui.yardoverview.view.Detailsap.m.CheckBox{\"editable\":true}{\"controlType\":\"sap.m.ColumnListItem\",\"viewName\":\"etm.portal.ui.yardoverview.view.Detail\",\"viewId\":\"application-yardoverview-display-component---detailYardInventory\",\"bindingPath\":{\"path\":\"/SmartOpenRUYardInventory(CONTRACT='10305',ITEM=10m,SUB_ITEM=0m)\"},\"ancestor\":{\"id\":\"application-yardoverview-display-component---detailYardInventory--customProvidesTable\"}}"}]}
RESULT: undefined
COMMAND: POST /session/7b3da3677cea6676bf36114916e4b8da/element - {"using":"xpath","value":"//*[@id=\"__item2787-__clone8039-selectMulti\"]"}
RESULT: {"using":"xpath","value":"//*[@id=\"__item2787-__clone8039-selectMulti\"]"}
COMMAND: POST /session/7b3da3677cea6676bf36114916e4b8da/element/f.39679F56340FCB9627FDE312A2FE1CD1.d.E9743D0F0632562577637E952EEE820D.e.4599/click - {}
RESULT: {}
COMMAND: GET /session/7b3da3677cea6676bf36114916e4b8da/screenshot - {}
RESULT: {}
RESULT: undefined
COMMAND: POST /session/7b3da3677cea6676bf36114916e4b8da/element - {"using":"xpath","value":"//*[@id=\"application-yardoverview-display-component---detailYardInventory--openProvides-triggerAction-provideBtn\"]"}
RESULT: {"using":"xpath","value":"//*[@id=\"application-yardoverview-display-component---detailYardInventory--openProvides-triggerAction-provideBtn\"]"}
COMMAND: POST /session/7b3da3677cea6676bf36114916e4b8da/element/f.39679F56340FCB9627FDE312A2FE1CD1.d.E9743D0F0632562577637E952EEE820D.e.4513/click - {}
RESULT: {}
COMMAND: GET /session/7b3da3677cea6676bf36114916e4b8da/screenshot - {}
RESULT: {}
COMMAND: POST /session/7b3da3677cea6676bf36114916e4b8da/actions - {"actions":[{"id":"action12","type":"key","parameters":{},"actions":[{"type":"keyDown","value":""},{"type":"pause","duration":10},{"type":"keyUp","value":""}]}]}
RESULT: {"actions":[{"id":"action12","type":"key","parameters":{},"actions":[{"type":"keyDown","value":""},{"type":"pause","duration":10},{"type":"keyUp","value":""}]}]}
COMMAND: GET /session/7b3da3677cea6676bf36114916e4b8da/screenshot - {}
RESULT: {}
COMMAND: POST /session/7b3da3677cea6676bf36114916e4b8da/execute/async - {"script":"<script> [1562 bytes]","args":[{"selector":{"id":"application-yardoverview-display-component---detailYardInventory--smartTableProvides-btnPersonalisation-img"},"wdio_ui5_key":"applicationyardoverview-display-component---detailYardInventory--smartTableProvides-btnPersonalisation-img"}]}
RESULT: {"script":"<script> [1562 bytes]","args":[{"selector":{"id":"application-yardoverview-display-component---detailYardInventory--smartTableProvides-btnPersonalisation-img"},"wdio_ui5_key":"applicationyardoverview-display-component---detailYardInventory--smartTableProvides-btnPersonalisation-img"}]}
RESULT: undefined
COMMAND: POST /session/7b3da3677cea6676bf36114916e4b8da/element - {"using":"xpath","value":"//*[@id=\"application-yardoverview-display-component---detailYardInventory--smartTableProvides-btnPersonalisation-img\"]"}
RESULT: {"using":"xpath","value":"//*[@id=\"application-yardoverview-display-component---detailYardInventory--smartTableProvides-btnPersonalisation-img\"]"}
COMMAND: POST /session/7b3da3677cea6676bf36114916e4b8da/element/f.39679F56340FCB9627FDE312A2FE1CD1.d.E9743D0F0632562577637E952EEE820D.e.4525/click - {}
RESULT: {}
COMMAND: POST /session/7b3da3677cea6676bf36114916e4b8da/element - {"using":"xpath","value":"//input[contains(@id ,\"searchField-I\")]"}
COMMAND: GET /session/7b3da3677cea6676bf36114916e4b8da/screenshot - {}
RESULT: {"using":"xpath","value":"//input[contains(@id ,\"searchField-I\")]"}
COMMAND: POST /session/7b3da3677cea6676bf36114916e4b8da/element/f.39679F56340FCB9627FDE312A2FE1CD1.d.E9743D0F0632562577637E952EEE820D.e.4617/clear - {}
RESULT: {}
RESULT: {}
COMMAND: POST /session/7b3da3677cea6676bf36114916e4b8da/element/f.39679F56340FCB9627FDE312A2FE1CD1.d.E9743D0F0632562577637E952EEE820D.e.4617/value - {"text":"Handover Provided"}
COMMAND: GET /session/7b3da3677cea6676bf36114916e4b8da/screenshot - {}
RESULT: {"text":"Handover Provided"}
COMMAND: GET /session/7b3da3677cea6676bf36114916e4b8da/screenshot - {}
RESULT: {}
RESULT: {}
COMMAND: POST /session/7b3da3677cea6676bf36114916e4b8da/element - {"using":"xpath","value":"//div[contains(@id ,\"innerSelectionPanelTable-sa-CbBg\")]"}
RESULT: {"using":"xpath","value":"//div[contains(@id ,\"innerSelectionPanelTable-sa-CbBg\")]"}
COMMAND: POST /session/7b3da3677cea6676bf36114916e4b8da/element/f.39679F56340FCB9627FDE312A2FE1CD1.d.E9743D0F0632562577637E952EEE820D.e.4646/click - {}
RESULT: {}
COMMAND: GET /session/7b3da3677cea6676bf36114916e4b8da/screenshot - {}
RESULT: {}
COMMAND: POST /session/7b3da3677cea6676bf36114916e4b8da/element - {"using":"xpath","value":"//bdi[contains(@id ,\"confirmBtn-BDI-content\")]"}
RESULT: {"using":"xpath","value":"//bdi[contains(@id ,\"confirmBtn-BDI-content\")]"}
COMMAND: POST /session/7b3da3677cea6676bf36114916e4b8da/element/f.39679F56340FCB9627FDE312A2FE1CD1.d.E9743D0F0632562577637E952EEE820D.e.4647/click - {}
RESULT: {}
COMMAND: GET /session/7b3da3677cea6676bf36114916e4b8da/screenshot - {}
RESULT: {}
COMMAND: POST /session/7b3da3677cea6676bf36114916e4b8da/element - {"using":"xpath","value":"//a[contains(@data-kt ,\"OpenProvidesHandOverItemLink\")]"}
RESULT: {"using":"xpath","value":"//a[contains(@data-kt ,\"OpenProvidesHandOverItemLink\")]"}
COMMAND: POST /session/7b3da3677cea6676bf36114916e4b8da/element/f.39679F56340FCB9627FDE312A2FE1CD1.d.E9743D0F0632562577637E952EEE820D.e.4653/click - {}
RESULT: {}
COMMAND: GET /session/7b3da3677cea6676bf36114916e4b8da/screenshot - {}
RESULT: {}
COMMAND: POST /session/7b3da3677cea6676bf36114916e4b8da/actions - {"actions":[{"id":"action13","type":"key","parameters":{},"actions":[{"type":"keyDown","value":""},{"type":"pause","duration":10},{"type":"keyUp","value":""}]}]}
RESULT: {"actions":[{"id":"action13","type":"key","parameters":{},"actions":[{"type":"keyDown","value":""},{"type":"pause","duration":10},{"type":"keyUp","value":""}]}]}
COMMAND: GET /session/7b3da3677cea6676bf36114916e4b8da/screenshot - {}
RESULT: {}
COMMAND: POST /session/7b3da3677cea6676bf36114916e4b8da/execute/async - {"script":"<script> [1562 bytes]","args":[{"selector":{"id":"issueDatePicker","viewName":"etm.portal.ui.managehandovers.view.DetailExecuteHO","interaction":{"idSuffix":"inner"}},"wdio_ui5_key":"issueDatePickeretmportal.ui.managehandovers.view.DetailExecuteHO"}]}
RESULT: {"script":"<script> [1562 bytes]","args":[{"selector":{"id":"issueDatePicker","viewName":"etm.portal.ui.managehandovers.view.DetailExecuteHO","interaction":{"idSuffix":"inner"}},"wdio_ui5_key":"issueDatePickeretmportal.ui.managehandovers.view.DetailExecuteHO"}]}
RESULT: undefined
COMMAND: POST /session/7b3da3677cea6676bf36114916e4b8da/execute/async - {"script":"<script> [776 bytes]","args":[{"enterText":"5/27/25","selector":{"id":"issueDatePicker","viewName":"etm.portal.ui.managehandovers.view.DetailExecuteHO","interaction":{"idSuffix":"inner"}},"clearTextFirst":true,"interactionType":"ENTER_TEXT"}]}
RESULT: {"script":"<script> [776 bytes]","args":[{"enterText":"5/27/25","selector":{"id":"issueDatePicker","viewName":"etm.portal.ui.managehandovers.view.DetailExecuteHO","interaction":{"idSuffix":"inner"}},"clearTextFirst":true,"interactionType":"ENTER_TEXT"}]}
COMMAND: POST /session/7b3da3677cea6676bf36114916e4b8da/element - {"using":"xpath","value":"//button[@data-kt=\"PickingTableConfirmAllButton\"]"}
RESULT: {"using":"xpath","value":"//button[@data-kt=\"PickingTableConfirmAllButton\"]"}
COMMAND: POST /session/7b3da3677cea6676bf36114916e4b8da/element/f.39679F56340FCB9627FDE312A2FE1CD1.d.E9743D0F0632562577637E952EEE820D.e.4962/click - {}
RESULT: {}
COMMAND: GET /session/7b3da3677cea6676bf36114916e4b8da/screenshot - {}
RESULT: {}
COMMAND: POST /session/7b3da3677cea6676bf36114916e4b8da/element - {"using":"xpath","value":"//bdi[contains(text(), \"OK\")]"}
RESULT: {"using":"xpath","value":"//bdi[contains(text(), \"OK\")]"}
COMMAND: POST /session/7b3da3677cea6676bf36114916e4b8da/element/f.39679F56340FCB9627FDE312A2FE1CD1.d.E9743D0F0632562577637E952EEE820D.e.4965/click - {}
RESULT: {}
COMMAND: GET /session/7b3da3677cea6676bf36114916e4b8da/screenshot - {}
RESULT: {}
COMMAND: POST /session/7b3da3677cea6676bf36114916e4b8da/element - {"using":"xpath","value":"//bdi[contains(text(), \"Issue\")]"}
RESULT: {"using":"xpath","value":"//bdi[contains(text(), \"Issue\")]"}
COMMAND: POST /session/7b3da3677cea6676bf36114916e4b8da/element/f.39679F56340FCB9627FDE312A2FE1CD1.d.E9743D0F0632562577637E952EEE820D.e.4969/click - {}
RESULT: {}
COMMAND: GET /session/7b3da3677cea6676bf36114916e4b8da/screenshot - {}
RESULT: {}
COMMAND: POST /session/7b3da3677cea6676bf36114916e4b8da/element - {"using":"css selector","value":"#shell-header-logo"}
RESULT: {"using":"css selector","value":"#shell-header-logo"}
COMMAND: POST /session/7b3da3677cea6676bf36114916e4b8da/element/f.39679F56340FCB9627FDE312A2FE1CD1.d.E9743D0F0632562577637E952EEE820D.e.4409/click - {}
RESULT: {}
COMMAND: GET /session/7b3da3677cea6676bf36114916e4b8da/screenshot - {}
RESULT: {}
RESULT: undefined
COMMAND: POST /session/7b3da3677cea6676bf36114916e4b8da/element - {"using":"xpath","value":"//*[@id=\"__tile133\"]"}
RESULT: {"using":"xpath","value":"//*[@id=\"__tile133\"]"}
COMMAND: POST /session/7b3da3677cea6676bf36114916e4b8da/element/f.39679F56340FCB9627FDE312A2FE1CD1.d.E9743D0F0632562577637E952EEE820D.e.139/click - {}
RESULT: {}
COMMAND: GET /session/7b3da3677cea6676bf36114916e4b8da/screenshot - {}
COMMAND: POST /session/7b3da3677cea6676bf36114916e4b8da/elements - {"using":"xpath","value":"//span[text()='Error']"}
RESULT: {}
RESULT: {"using":"xpath","value":"//span[text()='Error']"}
COMMAND: POST /session/7b3da3677cea6676bf36114916e4b8da/element - {"using":"xpath","value":"//button[@data-kt=\"addButton\"]"}
RESULT: {"using":"xpath","value":"//button[@data-kt=\"addButton\"]"}
COMMAND: POST /session/7b3da3677cea6676bf36114916e4b8da/elements - {"using":"xpath","value":"//button[@data-kt=\"addButton\"]"}
RESULT: {"using":"xpath","value":"//button[@data-kt=\"addButton\"]"}
COMMAND: POST /session/7b3da3677cea6676bf36114916e4b8da/element - {"using":"xpath","value":"//button[@data-kt=\"addButton\"]"}
RESULT: {"using":"xpath","value":"//button[@data-kt=\"addButton\"]"}
COMMAND: POST /session/7b3da3677cea6676bf36114916e4b8da/execute/sync - {"script":"<script> [8489 bytes]","args":[{"element-6066-11e4-a52e-4f735466cecf":"f.39679F56340FCB9627FDE312A2FE1CD1.d.E9743D0F0632562577637E952EEE820D.e.5304","ELEMENT":"f.39679F56340FCB9627FDE312A2FE1CD1.d.E9743D0F0632562577637E952EEE820D.e.5304"}]}
RESULT: {"script":"<script> [8489 bytes]","args":[{"element-6066-11e4-a52e-4f735466cecf":"f.39679F56340FCB9627FDE312A2FE1CD1.d.E9743D0F0632562577637E952EEE820D.e.5304","ELEMENT":"f.39679F56340FCB9627FDE312A2FE1CD1.d.E9743D0F0632562577637E952EEE820D.e.5304"}]}
COMMAND: GET /session/7b3da3677cea6676bf36114916e4b8da/element/f.39679F56340FCB9627FDE312A2FE1CD1.d.E9743D0F0632562577637E952EEE820D.e.5304/enabled - {}
COMMAND: GET /session/7b3da3677cea6676bf36114916e4b8da/screenshot - {}
RESULT: {}
COMMAND: POST /session/7b3da3677cea6676bf36114916e4b8da/execute/sync - {"script":"<script> [8489 bytes]","args":[{"element-6066-11e4-a52e-4f735466cecf":"f.39679F56340FCB9627FDE312A2FE1CD1.d.E9743D0F0632562577637E952EEE820D.e.5304","ELEMENT":"f.39679F56340FCB9627FDE312A2FE1CD1.d.E9743D0F0632562577637E952EEE820D.e.5304"}]}
COMMAND: GET /session/7b3da3677cea6676bf36114916e4b8da/screenshot - {}
RESULT: {}
RESULT: {"script":"<script> [8489 bytes]","args":[{"element-6066-11e4-a52e-4f735466cecf":"f.39679F56340FCB9627FDE312A2FE1CD1.d.E9743D0F0632562577637E952EEE820D.e.5304","ELEMENT":"f.39679F56340FCB9627FDE312A2FE1CD1.d.E9743D0F0632562577637E952EEE820D.e.5304"}]}
COMMAND: POST /session/7b3da3677cea6676bf36114916e4b8da/execute/sync - {"script":"<script> [5351 bytes]","args":[{"element-6066-11e4-a52e-4f735466cecf":"f.39679F56340FCB9627FDE312A2FE1CD1.d.E9743D0F0632562577637E952EEE820D.e.5304","ELEMENT":"f.39679F56340FCB9627FDE312A2FE1CD1.d.E9743D0F0632562577637E952EEE820D.e.5304"}]}
COMMAND: GET /session/7b3da3677cea6676bf36114916e4b8da/screenshot - {}
RESULT: {}
RESULT: {"script":"<script> [5351 bytes]","args":[{"element-6066-11e4-a52e-4f735466cecf":"f.39679F56340FCB9627FDE312A2FE1CD1.d.E9743D0F0632562577637E952EEE820D.e.5304","ELEMENT":"f.39679F56340FCB9627FDE312A2FE1CD1.d.E9743D0F0632562577637E952EEE820D.e.5304"}]}
COMMAND: GET /session/7b3da3677cea6676bf36114916e4b8da/screenshot - {}
RESULT: {}
RESULT: {}
COMMAND: POST /session/7b3da3677cea6676bf36114916e4b8da/execute/async - {"script":"<script> [1562 bytes]","args":[{"selector":{"controlType":"sap.m.SearchField","viewName":"etm.portal.ui.managecontracts.view.Master","bindingPath":{"path":"","propertyPath":"/_BASIC_SEARCH_FIELD","modelName":"fi1t3rM0d31"},"interaction":{"idSuffix":"I"}},"wdio_ui5_key":"etmportal.ui.managecontracts.view.Mastersap.m.SearchField{\"path\":\"\",\"propertyPath\":\"/_BASIC_SEARCH_FIELD\",\"modelName\":\"fi1t3rM0d31\"}"}]}
RESULT: {"script":"<script> [1562 bytes]","args":[{"selector":{"controlType":"sap.m.SearchField","viewName":"etm.portal.ui.managecontracts.view.Master","bindingPath":{"path":"","propertyPath":"/_BASIC_SEARCH_FIELD","modelName":"fi1t3rM0d31"},"interaction":{"idSuffix":"I"}},"wdio_ui5_key":"etmportal.ui.managecontracts.view.Mastersap.m.SearchField{\"path\":\"\",\"propertyPath\":\"/_BASIC_SEARCH_FIELD\",\"modelName\":\"fi1t3rM0d31\"}"}]}
RESULT: undefined
COMMAND: POST /session/7b3da3677cea6676bf36114916e4b8da/execute/async - {"script":"<script> [776 bytes]","args":[{"enterText":"10305","selector":{"controlType":"sap.m.SearchField","viewName":"etm.portal.ui.managecontracts.view.Master","bindingPath":{"path":"","propertyPath":"/_BASIC_SEARCH_FIELD","modelName":"fi1t3rM0d31"},"interaction":{"idSuffix":"I"}},"clearTextFirst":true,"interactionType":"ENTER_TEXT"}]}
RESULT: {"script":"<script> [776 bytes]","args":[{"enterText":"10305","selector":{"controlType":"sap.m.SearchField","viewName":"etm.portal.ui.managecontracts.view.Master","bindingPath":{"path":"","propertyPath":"/_BASIC_SEARCH_FIELD","modelName":"fi1t3rM0d31"},"interaction":{"idSuffix":"I"}},"clearTextFirst":true,"interactionType":"ENTER_TEXT"}]}
COMMAND: POST /session/7b3da3677cea6676bf36114916e4b8da/actions - {"actions":[{"id":"action14","type":"key","parameters":{},"actions":[{"type":"keyDown","value":""},{"type":"pause","duration":10},{"type":"keyUp","value":""}]}]}
RESULT: {"actions":[{"id":"action14","type":"key","parameters":{},"actions":[{"type":"keyDown","value":""},{"type":"pause","duration":10},{"type":"keyUp","value":""}]}]}
COMMAND: GET /session/7b3da3677cea6676bf36114916e4b8da/screenshot - {}
RESULT: {}
COMMAND: POST /session/7b3da3677cea6676bf36114916e4b8da/element - {"using":"xpath","value":"//span[contains(@id, \"masterListContractsSmartTable-header-inner\")]"}
RESULT: {"using":"xpath","value":"//span[contains(@id, \"masterListContractsSmartTable-header-inner\")]"}
COMMAND: POST /session/7b3da3677cea6676bf36114916e4b8da/elements - {"using":"xpath","value":"//span[contains(@id, \"masterListContractsSmartTable-header-inner\")]"}
RESULT: {"using":"xpath","value":"//span[contains(@id, \"masterListContractsSmartTable-header-inner\")]"}
COMMAND: POST /session/7b3da3677cea6676bf36114916e4b8da/execute/sync - {"script":"<script> [56 bytes]","args":[{"element-6066-11e4-a52e-4f735466cecf":"f.39679F56340FCB9627FDE312A2FE1CD1.d.E9743D0F0632562577637E952EEE820D.e.5365","ELEMENT":"f.39679F56340FCB9627FDE312A2FE1CD1.d.E9743D0F0632562577637E952EEE820D.e.5365"}]}
RESULT: {"script":"<script> [56 bytes]","args":[{"element-6066-11e4-a52e-4f735466cecf":"f.39679F56340FCB9627FDE312A2FE1CD1.d.E9743D0F0632562577637E952EEE820D.e.5365","ELEMENT":"f.39679F56340FCB9627FDE312A2FE1CD1.d.E9743D0F0632562577637E952EEE820D.e.5365"}]}
COMMAND: POST /session/7b3da3677cea6676bf36114916e4b8da/element - {"using":"xpath","value":"(//span[contains(@id, \"imgNav\")])[1]"}
COMMAND: GET /session/7b3da3677cea6676bf36114916e4b8da/screenshot - {}
RESULT: {"using":"xpath","value":"(//span[contains(@id, \"imgNav\")])[1]"}
COMMAND: POST /session/7b3da3677cea6676bf36114916e4b8da/element/f.39679F56340FCB9627FDE312A2FE1CD1.d.E9743D0F0632562577637E952EEE820D.e.5364/click - {}
RESULT: {}
RESULT: {}
COMMAND: GET /session/7b3da3677cea6676bf36114916e4b8da/screenshot - {}
RESULT: {}
COMMAND: POST /session/7b3da3677cea6676bf36114916e4b8da/element - {"using":"xpath","value":"//table[contains(@id, \"ProductsTable-listUl\")]/tbody/tr[1]/td[6]/div/span"}
RESULT: {"using":"xpath","value":"//table[contains(@id, \"ProductsTable-listUl\")]/tbody/tr[1]/td[6]/div/span"}
COMMAND: POST /session/7b3da3677cea6676bf36114916e4b8da/elements - {"using":"xpath","value":"//table[contains(@id, \"ProductsTable-listUl\")]/tbody/tr[1]/td[6]/div/span"}
RESULT: {"using":"xpath","value":"//table[contains(@id, \"ProductsTable-listUl\")]/tbody/tr[1]/td[6]/div/span"}
COMMAND: POST /session/7b3da3677cea6676bf36114916e4b8da/execute/sync - {"script":"<script> [56 bytes]","args":[{"element-6066-11e4-a52e-4f735466cecf":"f.39679F56340FCB9627FDE312A2FE1CD1.d.E9743D0F0632562577637E952EEE820D.e.5490","ELEMENT":"f.39679F56340FCB9627FDE312A2FE1CD1.d.E9743D0F0632562577637E952EEE820D.e.5490"}]}
RESULT: {"script":"<script> [56 bytes]","args":[{"element-6066-11e4-a52e-4f735466cecf":"f.39679F56340FCB9627FDE312A2FE1CD1.d.E9743D0F0632562577637E952EEE820D.e.5490","ELEMENT":"f.39679F56340FCB9627FDE312A2FE1CD1.d.E9743D0F0632562577637E952EEE820D.e.5490"}]}
COMMAND: POST /session/7b3da3677cea6676bf36114916e4b8da/element - {"using":"css selector","value":"#shell-header-logo"}
COMMAND: GET /session/7b3da3677cea6676bf36114916e4b8da/screenshot - {}
RESULT: {"using":"css selector","value":"#shell-header-logo"}
COMMAND: POST /session/7b3da3677cea6676bf36114916e4b8da/element/f.39679F56340FCB9627FDE312A2FE1CD1.d.E9743D0F0632562577637E952EEE820D.e.5266/click - {}
RESULT: {}
RESULT: {}
COMMAND: GET /session/7b3da3677cea6676bf36114916e4b8da/screenshot - {}
RESULT: {}
COMMAND: POST /session/7b3da3677cea6676bf36114916e4b8da/element - {"using":"css selector","value":"#j_username"}
COMMAND: POST /session/7b3da3677cea6676bf36114916e4b8da/url - {"url":"https://qa-testing-00-live-etm-ui.cfapps.eu10-004.hana.ondemand.com/"}
RESULT: {"using":"css selector","value":"#j_username"}
COMMAND: POST /session/7b3da3677cea6676bf36114916e4b8da/element - {"using":"css selector","value":"#j_username"}
RESULT: {"url":"https://qa-testing-00-live-etm-ui.cfapps.eu10-004.hana.ondemand.com/"}
RESULT: undefined
COMMAND: GET /session/7b3da3677cea6676bf36114916e4b8da/screenshot - {}
RESULT: {"using":"css selector","value":"#j_username"}
COMMAND: POST /session/7b3da3677cea6676bf36114916e4b8da/element - {"using":"css selector","value":"#shell-header-logo"}
RESULT: {}
RESULT: {"using":"css selector","value":"#shell-header-logo"}
COMMAND: POST /session/7b3da3677cea6676bf36114916e4b8da/execute/sync - {"script":"<script> [8489 bytes]","args":[{"element-6066-11e4-a52e-4f735466cecf":"f.39679F56340FCB9627FDE312A2FE1CD1.d.1D4B9E50D0C2C45D7531E03D0C90627A.e.5500","ELEMENT":"f.39679F56340FCB9627FDE312A2FE1CD1.d.1D4B9E50D0C2C45D7531E03D0C90627A.e.5500"}]}
RESULT: {"script":"<script> [8489 bytes]","args":[{"element-6066-11e4-a52e-4f735466cecf":"f.39679F56340FCB9627FDE312A2FE1CD1.d.1D4B9E50D0C2C45D7531E03D0C90627A.e.5500","ELEMENT":"f.39679F56340FCB9627FDE312A2FE1CD1.d.1D4B9E50D0C2C45D7531E03D0C90627A.e.5500"}]}
COMMAND: POST /session/7b3da3677cea6676bf36114916e4b8da/element - {"using":"css selector","value":"#shell-header-logo"}
COMMAND: GET /session/7b3da3677cea6676bf36114916e4b8da/screenshot - {}
RESULT: {"using":"css selector","value":"#shell-header-logo"}
COMMAND: POST /session/7b3da3677cea6676bf36114916e4b8da/execute/sync - {"script":"<script> [8489 bytes]","args":[{"element-6066-11e4-a52e-4f735466cecf":"f.39679F56340FCB9627FDE312A2FE1CD1.d.1D4B9E50D0C2C45D7531E03D0C90627A.e.5500","ELEMENT":"f.39679F56340FCB9627FDE312A2FE1CD1.d.1D4B9E50D0C2C45D7531E03D0C90627A.e.5500"}]}
RESULT: {}
RESULT: {"script":"<script> [8489 bytes]","args":[{"element-6066-11e4-a52e-4f735466cecf":"f.39679F56340FCB9627FDE312A2FE1CD1.d.1D4B9E50D0C2C45D7531E03D0C90627A.e.5500","ELEMENT":"f.39679F56340FCB9627FDE312A2FE1CD1.d.1D4B9E50D0C2C45D7531E03D0C90627A.e.5500"}]}
COMMAND: POST /session/7b3da3677cea6676bf36114916e4b8da/execute/sync - {"script":"<script> [5351 bytes]","args":[{"element-6066-11e4-a52e-4f735466cecf":"f.39679F56340FCB9627FDE312A2FE1CD1.d.1D4B9E50D0C2C45D7531E03D0C90627A.e.5500","ELEMENT":"f.39679F56340FCB9627FDE312A2FE1CD1.d.1D4B9E50D0C2C45D7531E03D0C90627A.e.5500"}]}
COMMAND: GET /session/7b3da3677cea6676bf36114916e4b8da/screenshot - {}
RESULT: {"script":"<script> [5351 bytes]","args":[{"element-6066-11e4-a52e-4f735466cecf":"f.39679F56340FCB9627FDE312A2FE1CD1.d.1D4B9E50D0C2C45D7531E03D0C90627A.e.5500","ELEMENT":"f.39679F56340FCB9627FDE312A2FE1CD1.d.1D4B9E50D0C2C45D7531E03D0C90627A.e.5500"}]}
COMMAND: POST /session/7b3da3677cea6676bf36114916e4b8da/element - {"using":"css selector","value":"#shell-header-logo"}
COMMAND: GET /session/7b3da3677cea6676bf36114916e4b8da/screenshot - {}
RESULT: {}
RESULT: {"using":"css selector","value":"#shell-header-logo"}
COMMAND: POST /session/7b3da3677cea6676bf36114916e4b8da/element/f.39679F56340FCB9627FDE312A2FE1CD1.d.1D4B9E50D0C2C45D7531E03D0C90627A.e.5500/click - {}
RESULT: {}
RESULT: {}
COMMAND: GET /session/7b3da3677cea6676bf36114916e4b8da/screenshot - {}
RESULT: {}
COMMAND: POST /session/7b3da3677cea6676bf36114916e4b8da/execute/async - {"script":"<script> [189 bytes]","args":[]}
RESULT: {"script":"<script> [189 bytes]","args":[]}
COMMAND: POST /session/7b3da3677cea6676bf36114916e4b8da/execute/async - {"script":"<script> [123 bytes]","args":[]}
RESULT: {"script":"<script> [123 bytes]","args":[]}
COMMAND: POST /session/7b3da3677cea6676bf36114916e4b8da/timeouts - {"script":"<number>"}
RESULT: {"script":"<number>"}
COMMAND: GET /session/7b3da3677cea6676bf36114916e4b8da/timeouts - {}
RESULT: {}
RESULT: undefined
COMMAND: POST /session/7b3da3677cea6676bf36114916e4b8da/execute/async - {"script":"<script> [2676 bytes]","args":[]}
RESULT: {"script":"<script> [2676 bytes]","args":[]}
COMMAND: POST /session/7b3da3677cea6676bf36114916e4b8da/execute/async - {"script":"<script> [2342 bytes]","args":[{"protocol":"http","hostname":"0.0.0.0","path":"/","capabilities":{"browserName":"chrome","goog:chromeOptions":{"binary":"C:\\Program Files\\Google\\Chrome\\Application\\chrome.exe","args":["--start-maximized"]}},"logLevel":"warn","connectionRetryTimeout":120000,"connectionRetryCount":3,"logLevels":{},"enableDirectConnect":true,"strictSSL":true,"_":"65 more keys: [\"cacheDir\",\"port\",\"requestedCapabilities\",\"automationProtocol\",\"baseUrl\",\"waitforInterval\",\"waitforTimeout\",\"onReload\",\"beforeCommand\",\"afterCommand\",\"rootDir\",\"specs\",\"suites\",\"exclude\",\"groupLogsByTestSpec\",\"excludeDriverLogs\",\"bail\",\"framework\",\"reporters\",\"services\",\"maxInstances\",\"maxInstancesPerCapability\",\"injectGlobals\",\"filesToWatch\",\"execArgv\",\"runnerEnv\",\"runner\",\"shard\",\"specFileRetries\",\"specFileRetriesDelay\",\"specFileRetriesDeferred\",\"reporterSyncInterval\",\"reporterSyncTimeout\",\"cucumberFeaturesWithLineNumbers\",\"autoCompileOpts\",\"mochaOpts\",\"jasmineOpts\",\"cucumberOpts\",\"onPrepare\",\"onWorkerStart\",\"onWorkerEnd\",\"before\",\"beforeSession\",\"beforeSuite\",\"beforeHook\",\"beforeTest\",\"afterTest\",\"afterHook\",\"afterSuite\",\"afterSession\",\"after\",\"onComplete\",\"beforeAssertion\",\"afterAssertion\",\"beforeFeature\",\"beforeScenario\",\"beforeStep\",\"afterStep\",\"afterScenario\",\"afterFeature\",\"_\",\"suite\",\"$0\",\"ignoredWorkerServices\",\"wdi5\"]"}]}
RESULT: {"script":"<script> [2342 bytes]","args":[{"protocol":"http","hostname":"0.0.0.0","path":"/","capabilities":{"browserName":"chrome","goog:chromeOptions":{"binary":"C:\\Program Files\\Google\\Chrome\\Application\\chrome.exe","args":["--start-maximized"]}},"logLevel":"warn","connectionRetryTimeout":120000,"connectionRetryCount":3,"logLevels":{},"enableDirectConnect":true,"strictSSL":true,"_":"65 more keys: [\"cacheDir\",\"port\",\"requestedCapabilities\",\"automationProtocol\",\"baseUrl\",\"waitforInterval\",\"waitforTimeout\",\"onReload\",\"beforeCommand\",\"afterCommand\",\"rootDir\",\"specs\",\"suites\",\"exclude\",\"groupLogsByTestSpec\",\"excludeDriverLogs\",\"bail\",\"framework\",\"reporters\",\"services\",\"maxInstances\",\"maxInstancesPerCapability\",\"injectGlobals\",\"filesToWatch\",\"execArgv\",\"runnerEnv\",\"runner\",\"shard\",\"specFileRetries\",\"specFileRetriesDelay\",\"specFileRetriesDeferred\",\"reporterSyncInterval\",\"reporterSyncTimeout\",\"cucumberFeaturesWithLineNumbers\",\"autoCompileOpts\",\"mochaOpts\",\"jasmineOpts\",\"cucumberOpts\",\"onPrepare\",\"onWorkerStart\",\"onWorkerEnd\",\"before\",\"beforeSession\",\"beforeSuite\",\"beforeHook\",\"beforeTest\",\"afterTest\",\"afterHook\",\"afterSuite\",\"afterSession\",\"after\",\"onComplete\",\"beforeAssertion\",\"afterAssertion\",\"beforeFeature\",\"beforeScenario\",\"beforeStep\",\"afterStep\",\"afterScenario\",\"afterFeature\",\"_\",\"suite\",\"$0\",\"ignoredWorkerServices\",\"wdi5\"]"}]}
COMMAND: POST /session/7b3da3677cea6676bf36114916e4b8da/execute/async - {"script":"<script> [21126 bytes]","args":[35000]}
RESULT: {"script":"<script> [21126 bytes]","args":[35000]}
COMMAND: POST /session/7b3da3677cea6676bf36114916e4b8da/window/maximize - {}
RESULT: {}
COMMAND: POST /session/7b3da3677cea6676bf36114916e4b8da/execute/async - {"script":"<script> [1562 bytes]","args":[{"selector":{"id":"shell-header","interaction":{"idSuffix":"icon"}},"wdio_ui5_key":"shellheader"}]}
COMMAND: GET /session/7b3da3677cea6676bf36114916e4b8da/screenshot - {}
RESULT: {"script":"<script> [1562 bytes]","args":[{"selector":{"id":"shell-header","interaction":{"idSuffix":"icon"}},"wdio_ui5_key":"shellheader"}]}
RESULT: undefined
COMMAND: POST /session/7b3da3677cea6676bf36114916e4b8da/window/fullscreen - {}
RESULT: {}
RESULT: {}
]]></system-out>
    </testcase>
  </testsuite>
  <testsuite timestamp="2025-05-27T15:47:11" time="205.998" tests="1" failures="0" errors="0" skipped="0">
    <properties>
      <property name="specId" value="0"/>
      <property name="suiteName" value="Create masterdata for Yard Overview - trigger provide US130988"/>
      <property name="capabilities" value="chrome.136_0_7103_93.windows"/>
      <property name="file" value="file:///D:/a/1/s/test/specs/HTR/site-overview-return.spec.js"/>
    </properties>
    <testcase classname="chrome.136_0_7103_93.windows.Create_masterdata_for_Yard_Overview_-_trigger_provide_US130988" name="Should navigate to site overview and trigger return" time="189.61">
      <system-out><![CDATA[
COMMAND: POST /session/7b3da3677cea6676bf36114916e4b8da/execute/async - {"script":"<script> [1562 bytes]","args":[{"selector":{"controlType":"sap.m.GenericTile","properties":{"header":"Site Overview"}},"wdio_ui5_key":"sapm.GenericTile{\"header\":\"Site Overview\"}"}]}
RESULT: {"script":"<script> [1562 bytes]","args":[{"selector":{"controlType":"sap.m.GenericTile","properties":{"header":"Site Overview"}},"wdio_ui5_key":"sapm.GenericTile{\"header\":\"Site Overview\"}"}]}
RESULT: undefined
COMMAND: POST /session/7b3da3677cea6676bf36114916e4b8da/element - {"using":"xpath","value":"//*[@id=\"__tile100\"]"}
RESULT: {"using":"xpath","value":"//*[@id=\"__tile100\"]"}
COMMAND: POST /session/7b3da3677cea6676bf36114916e4b8da/element/f.39679F56340FCB9627FDE312A2FE1CD1.d.1D4B9E50D0C2C45D7531E03D0C90627A.e.5626/click - {}
RESULT: {}
COMMAND: GET /session/7b3da3677cea6676bf36114916e4b8da/screenshot - {}
RESULT: {}
COMMAND: POST /session/7b3da3677cea6676bf36114916e4b8da/elements - {"using":"xpath","value":"//span[text()='Error']"}
RESULT: {"using":"xpath","value":"//span[text()='Error']"}
COMMAND: POST /session/7b3da3677cea6676bf36114916e4b8da/element - {"using":"xpath","value":"//input[contains(@id,\"smartFilterBar-btnBasicSearch-I\")]"}
RESULT: {"using":"xpath","value":"//input[contains(@id,\"smartFilterBar-btnBasicSearch-I\")]"}
COMMAND: POST /session/7b3da3677cea6676bf36114916e4b8da/elements - {"using":"xpath","value":"//input[contains(@id,\"smartFilterBar-btnBasicSearch-I\")]"}
RESULT: {"using":"xpath","value":"//input[contains(@id,\"smartFilterBar-btnBasicSearch-I\")]"}
COMMAND: POST /session/7b3da3677cea6676bf36114916e4b8da/elements - {"using":"xpath","value":"//input[contains(@id,\"smartFilterBar-btnBasicSearch-I\")]"}
RESULT: {"using":"xpath","value":"//input[contains(@id,\"smartFilterBar-btnBasicSearch-I\")]"}
COMMAND: POST /session/7b3da3677cea6676bf36114916e4b8da/elements - {"using":"xpath","value":"//input[contains(@id,\"smartFilterBar-btnBasicSearch-I\")]"}
RESULT: {"using":"xpath","value":"//input[contains(@id,\"smartFilterBar-btnBasicSearch-I\")]"}
COMMAND: POST /session/7b3da3677cea6676bf36114916e4b8da/elements - {"using":"xpath","value":"//input[contains(@id,\"smartFilterBar-btnBasicSearch-I\")]"}
RESULT: {"using":"xpath","value":"//input[contains(@id,\"smartFilterBar-btnBasicSearch-I\")]"}
COMMAND: POST /session/7b3da3677cea6676bf36114916e4b8da/elements - {"using":"xpath","value":"//input[contains(@id,\"smartFilterBar-btnBasicSearch-I\")]"}
RESULT: {"using":"xpath","value":"//input[contains(@id,\"smartFilterBar-btnBasicSearch-I\")]"}
COMMAND: POST /session/7b3da3677cea6676bf36114916e4b8da/element - {"using":"xpath","value":"//input[contains(@id,\"smartFilterBar-btnBasicSearch-I\")]"}
RESULT: {"using":"xpath","value":"//input[contains(@id,\"smartFilterBar-btnBasicSearch-I\")]"}
COMMAND: POST /session/7b3da3677cea6676bf36114916e4b8da/execute/sync - {"script":"<script> [8489 bytes]","args":[{"element-6066-11e4-a52e-4f735466cecf":"f.39679F56340FCB9627FDE312A2FE1CD1.d.1D4B9E50D0C2C45D7531E03D0C90627A.e.5647","ELEMENT":"f.39679F56340FCB9627FDE312A2FE1CD1.d.1D4B9E50D0C2C45D7531E03D0C90627A.e.5647"}]}
RESULT: {"script":"<script> [8489 bytes]","args":[{"element-6066-11e4-a52e-4f735466cecf":"f.39679F56340FCB9627FDE312A2FE1CD1.d.1D4B9E50D0C2C45D7531E03D0C90627A.e.5647","ELEMENT":"f.39679F56340FCB9627FDE312A2FE1CD1.d.1D4B9E50D0C2C45D7531E03D0C90627A.e.5647"}]}
COMMAND: GET /session/7b3da3677cea6676bf36114916e4b8da/element/f.39679F56340FCB9627FDE312A2FE1CD1.d.1D4B9E50D0C2C45D7531E03D0C90627A.e.5647/enabled - {}
COMMAND: GET /session/7b3da3677cea6676bf36114916e4b8da/screenshot - {}
RESULT: {}
COMMAND: POST /session/7b3da3677cea6676bf36114916e4b8da/execute/sync - {"script":"<script> [8489 bytes]","args":[{"element-6066-11e4-a52e-4f735466cecf":"f.39679F56340FCB9627FDE312A2FE1CD1.d.1D4B9E50D0C2C45D7531E03D0C90627A.e.5647","ELEMENT":"f.39679F56340FCB9627FDE312A2FE1CD1.d.1D4B9E50D0C2C45D7531E03D0C90627A.e.5647"}]}
COMMAND: GET /session/7b3da3677cea6676bf36114916e4b8da/screenshot - {}
RESULT: {}
RESULT: {"script":"<script> [8489 bytes]","args":[{"element-6066-11e4-a52e-4f735466cecf":"f.39679F56340FCB9627FDE312A2FE1CD1.d.1D4B9E50D0C2C45D7531E03D0C90627A.e.5647","ELEMENT":"f.39679F56340FCB9627FDE312A2FE1CD1.d.1D4B9E50D0C2C45D7531E03D0C90627A.e.5647"}]}
COMMAND: POST /session/7b3da3677cea6676bf36114916e4b8da/execute/sync - {"script":"<script> [5351 bytes]","args":[{"element-6066-11e4-a52e-4f735466cecf":"f.39679F56340FCB9627FDE312A2FE1CD1.d.1D4B9E50D0C2C45D7531E03D0C90627A.e.5647","ELEMENT":"f.39679F56340FCB9627FDE312A2FE1CD1.d.1D4B9E50D0C2C45D7531E03D0C90627A.e.5647"}]}
COMMAND: GET /session/7b3da3677cea6676bf36114916e4b8da/screenshot - {}
RESULT: {}
RESULT: {"script":"<script> [5351 bytes]","args":[{"element-6066-11e4-a52e-4f735466cecf":"f.39679F56340FCB9627FDE312A2FE1CD1.d.1D4B9E50D0C2C45D7531E03D0C90627A.e.5647","ELEMENT":"f.39679F56340FCB9627FDE312A2FE1CD1.d.1D4B9E50D0C2C45D7531E03D0C90627A.e.5647"}]}
COMMAND: GET /session/7b3da3677cea6676bf36114916e4b8da/screenshot - {}
RESULT: {}
RESULT: {}
COMMAND: POST /session/7b3da3677cea6676bf36114916e4b8da/element/f.39679F56340FCB9627FDE312A2FE1CD1.d.1D4B9E50D0C2C45D7531E03D0C90627A.e.5647/clear - {}
RESULT: {}
COMMAND: POST /session/7b3da3677cea6676bf36114916e4b8da/element/f.39679F56340FCB9627FDE312A2FE1CD1.d.1D4B9E50D0C2C45D7531E03D0C90627A.e.5647/value - {"text":"2179"}
COMMAND: GET /session/7b3da3677cea6676bf36114916e4b8da/screenshot - {}
RESULT: {"text":"2179"}
COMMAND: GET /session/7b3da3677cea6676bf36114916e4b8da/screenshot - {}
RESULT: {}
RESULT: {}
COMMAND: POST /session/7b3da3677cea6676bf36114916e4b8da/actions - {"actions":[{"id":"action15","type":"key","parameters":{},"actions":[{"type":"keyDown","value":""},{"type":"pause","duration":10},{"type":"keyUp","value":""}]}]}
RESULT: {"actions":[{"id":"action15","type":"key","parameters":{},"actions":[{"type":"keyDown","value":""},{"type":"pause","duration":10},{"type":"keyUp","value":""}]}]}
COMMAND: GET /session/7b3da3677cea6676bf36114916e4b8da/screenshot - {}
RESULT: {}
COMMAND: POST /session/7b3da3677cea6676bf36114916e4b8da/element - {"using":"xpath","value":"//span[contains(@id, \"smartTable-header-inner\")]"}
RESULT: {"using":"xpath","value":"//span[contains(@id, \"smartTable-header-inner\")]"}
COMMAND: POST /session/7b3da3677cea6676bf36114916e4b8da/elements - {"using":"xpath","value":"//span[contains(@id, \"smartTable-header-inner\")]"}
RESULT: {"using":"xpath","value":"//span[contains(@id, \"smartTable-header-inner\")]"}
COMMAND: POST /session/7b3da3677cea6676bf36114916e4b8da/execute/sync - {"script":"<script> [56 bytes]","args":[{"element-6066-11e4-a52e-4f735466cecf":"f.39679F56340FCB9627FDE312A2FE1CD1.d.1D4B9E50D0C2C45D7531E03D0C90627A.e.5753","ELEMENT":"f.39679F56340FCB9627FDE312A2FE1CD1.d.1D4B9E50D0C2C45D7531E03D0C90627A.e.5753"}]}
RESULT: {"script":"<script> [56 bytes]","args":[{"element-6066-11e4-a52e-4f735466cecf":"f.39679F56340FCB9627FDE312A2FE1CD1.d.1D4B9E50D0C2C45D7531E03D0C90627A.e.5753","ELEMENT":"f.39679F56340FCB9627FDE312A2FE1CD1.d.1D4B9E50D0C2C45D7531E03D0C90627A.e.5753"}]}
COMMAND: POST /session/7b3da3677cea6676bf36114916e4b8da/element - {"using":"xpath","value":"(//span[contains(@id, \"imgNav\")])[1]"}
COMMAND: GET /session/7b3da3677cea6676bf36114916e4b8da/screenshot - {}
RESULT: {"using":"xpath","value":"(//span[contains(@id, \"imgNav\")])[1]"}
COMMAND: POST /session/7b3da3677cea6676bf36114916e4b8da/element/f.39679F56340FCB9627FDE312A2FE1CD1.d.1D4B9E50D0C2C45D7531E03D0C90627A.e.5752/click - {}
RESULT: {}
RESULT: {}
COMMAND: GET /session/7b3da3677cea6676bf36114916e4b8da/screenshot - {}
RESULT: {}
COMMAND: POST /session/7b3da3677cea6676bf36114916e4b8da/execute/async - {"script":"<script> [1562 bytes]","args":[{"selector":{"id":"application-siteinventory-display-component---detailSiteInventory--onSite-triggerAction-returnBtn","interaction":{"idSuffix":"BDI-content"}},"wdio_ui5_key":"applicationsiteinventory-display-component---detailSiteInventory--onSite-triggerAction-returnBtn"}]}
RESULT: {"script":"<script> [1562 bytes]","args":[{"selector":{"id":"application-siteinventory-display-component---detailSiteInventory--onSite-triggerAction-returnBtn","interaction":{"idSuffix":"BDI-content"}},"wdio_ui5_key":"applicationsiteinventory-display-component---detailSiteInventory--onSite-triggerAction-returnBtn"}]}
RESULT: undefined
COMMAND: POST /session/7b3da3677cea6676bf36114916e4b8da/element - {"using":"xpath","value":"//*[@id=\"application-siteinventory-display-component---detailSiteInventory--onSite-triggerAction-returnBtn\"]"}
RESULT: {"using":"xpath","value":"//*[@id=\"application-siteinventory-display-component---detailSiteInventory--onSite-triggerAction-returnBtn\"]"}
COMMAND: POST /session/7b3da3677cea6676bf36114916e4b8da/element/f.39679F56340FCB9627FDE312A2FE1CD1.d.1D4B9E50D0C2C45D7531E03D0C90627A.e.5790/click - {}
RESULT: {}
COMMAND: GET /session/7b3da3677cea6676bf36114916e4b8da/screenshot - {}
RESULT: {}
COMMAND: POST /session/7b3da3677cea6676bf36114916e4b8da/execute/async - {"script":"<script> [1562 bytes]","args":[{"selector":{"id":"application-siteinventory-display-component---detailSiteInventory--smartSiteHoItemsTable-sa","interaction":{"idSuffix":"CbBg"}},"wdio_ui5_key":"applicationsiteinventory-display-component---detailSiteInventory--smartSiteHoItemsTable-sa"}]}
RESULT: {"script":"<script> [1562 bytes]","args":[{"selector":{"id":"application-siteinventory-display-component---detailSiteInventory--smartSiteHoItemsTable-sa","interaction":{"idSuffix":"CbBg"}},"wdio_ui5_key":"applicationsiteinventory-display-component---detailSiteInventory--smartSiteHoItemsTable-sa"}]}
RESULT: undefined
COMMAND: POST /session/7b3da3677cea6676bf36114916e4b8da/element - {"using":"xpath","value":"//*[@id=\"application-siteinventory-display-component---detailSiteInventory--smartSiteHoItemsTable-sa\"]"}
RESULT: {"using":"xpath","value":"//*[@id=\"application-siteinventory-display-component---detailSiteInventory--smartSiteHoItemsTable-sa\"]"}
COMMAND: POST /session/7b3da3677cea6676bf36114916e4b8da/element/f.39679F56340FCB9627FDE312A2FE1CD1.d.1D4B9E50D0C2C45D7531E03D0C90627A.e.5878/click - {}
RESULT: {}
COMMAND: GET /session/7b3da3677cea6676bf36114916e4b8da/screenshot - {}
RESULT: {}
RESULT: undefined
COMMAND: POST /session/7b3da3677cea6676bf36114916e4b8da/element - {"using":"xpath","value":"//*[@id=\"application-siteinventory-display-component---detailSiteInventory--onSite-triggerAction-returnBtn\"]"}
RESULT: {"using":"xpath","value":"//*[@id=\"application-siteinventory-display-component---detailSiteInventory--onSite-triggerAction-returnBtn\"]"}
COMMAND: POST /session/7b3da3677cea6676bf36114916e4b8da/element/f.39679F56340FCB9627FDE312A2FE1CD1.d.1D4B9E50D0C2C45D7531E03D0C90627A.e.5790/click - {}
RESULT: {}
COMMAND: GET /session/7b3da3677cea6676bf36114916e4b8da/screenshot - {}
RESULT: {}
COMMAND: POST /session/7b3da3677cea6676bf36114916e4b8da/actions - {"actions":[{"id":"action16","type":"key","parameters":{},"actions":[{"type":"keyDown","value":""},{"type":"pause","duration":10},{"type":"keyUp","value":""}]}]}
RESULT: {"actions":[{"id":"action16","type":"key","parameters":{},"actions":[{"type":"keyDown","value":""},{"type":"pause","duration":10},{"type":"keyUp","value":""}]}]}
COMMAND: GET /session/7b3da3677cea6676bf36114916e4b8da/screenshot - {}
RESULT: {}
COMMAND: POST /session/7b3da3677cea6676bf36114916e4b8da/execute/async - {"script":"<script> [1562 bytes]","args":[{"selector":{"id":"application-siteinventory-display-component---detailSiteInventory--hoItemsSmartTable-btnPersonalisation-img"},"wdio_ui5_key":"applicationsiteinventory-display-component---detailSiteInventory--hoItemsSmartTable-btnPersonalisation-img"}]}
RESULT: {"script":"<script> [1562 bytes]","args":[{"selector":{"id":"application-siteinventory-display-component---detailSiteInventory--hoItemsSmartTable-btnPersonalisation-img"},"wdio_ui5_key":"applicationsiteinventory-display-component---detailSiteInventory--hoItemsSmartTable-btnPersonalisation-img"}]}
RESULT: undefined
COMMAND: POST /session/7b3da3677cea6676bf36114916e4b8da/element - {"using":"xpath","value":"//*[@id=\"application-siteinventory-display-component---detailSiteInventory--hoItemsSmartTable-btnPersonalisation-img\"]"}
RESULT: {"using":"xpath","value":"//*[@id=\"application-siteinventory-display-component---detailSiteInventory--hoItemsSmartTable-btnPersonalisation-img\"]"}
COMMAND: POST /session/7b3da3677cea6676bf36114916e4b8da/element/f.39679F56340FCB9627FDE312A2FE1CD1.d.1D4B9E50D0C2C45D7531E03D0C90627A.e.5799/click - {}
RESULT: {}
COMMAND: GET /session/7b3da3677cea6676bf36114916e4b8da/screenshot - {}
RESULT: {}
COMMAND: POST /session/7b3da3677cea6676bf36114916e4b8da/element - {"using":"xpath","value":"//input[contains(@id ,\"searchField-I\")]"}
RESULT: {"using":"xpath","value":"//input[contains(@id ,\"searchField-I\")]"}
COMMAND: POST /session/7b3da3677cea6676bf36114916e4b8da/element/f.39679F56340FCB9627FDE312A2FE1CD1.d.1D4B9E50D0C2C45D7531E03D0C90627A.e.5884/clear - {}
RESULT: {}
COMMAND: POST /session/7b3da3677cea6676bf36114916e4b8da/element/f.39679F56340FCB9627FDE312A2FE1CD1.d.1D4B9E50D0C2C45D7531E03D0C90627A.e.5884/value - {"text":"Handover Returned"}
COMMAND: GET /session/7b3da3677cea6676bf36114916e4b8da/screenshot - {}
RESULT: {"text":"Handover Returned"}
COMMAND: GET /session/7b3da3677cea6676bf36114916e4b8da/screenshot - {}
RESULT: {}
RESULT: {}
COMMAND: POST /session/7b3da3677cea6676bf36114916e4b8da/element - {"using":"xpath","value":"//div[contains(@id ,\"innerSelectionPanelTable-sa-CbBg\")]"}
RESULT: {"using":"xpath","value":"//div[contains(@id ,\"innerSelectionPanelTable-sa-CbBg\")]"}
COMMAND: POST /session/7b3da3677cea6676bf36114916e4b8da/element/f.39679F56340FCB9627FDE312A2FE1CD1.d.1D4B9E50D0C2C45D7531E03D0C90627A.e.5910/click - {}
RESULT: {}
COMMAND: POST /session/7b3da3677cea6676bf36114916e4b8da/execute/async - {"script":"<script> [1562 bytes]","args":[{"selector":{"controlType":"sap.m.Button","viewName":"etm.portal.ui.siteinventory.view.Detail","viewId":"application-siteinventory-display-component---detailSiteInventory","properties":{"text":"OK"},"searchOpenDialogs":true,"interaction":{"idSuffix":"BDI-content"}},"wdio_ui5_key":"etmportal.ui.siteinventory.view.Detailsap.m.Button{\"text\":\"OK\"}"}]}
COMMAND: GET /session/7b3da3677cea6676bf36114916e4b8da/screenshot - {}
RESULT: {"script":"<script> [1562 bytes]","args":[{"selector":{"controlType":"sap.m.Button","viewName":"etm.portal.ui.siteinventory.view.Detail","viewId":"application-siteinventory-display-component---detailSiteInventory","properties":{"text":"OK"},"searchOpenDialogs":true,"interaction":{"idSuffix":"BDI-content"}},"wdio_ui5_key":"etmportal.ui.siteinventory.view.Detailsap.m.Button{\"text\":\"OK\"}"}]}
RESULT: undefined
COMMAND: POST /session/7b3da3677cea6676bf36114916e4b8da/element - {"using":"xpath","value":"//*[@id=\"__popup37-confirmBtn\"]"}
RESULT: {}
RESULT: {"using":"xpath","value":"//*[@id=\"__popup37-confirmBtn\"]"}
COMMAND: POST /session/7b3da3677cea6676bf36114916e4b8da/element/f.39679F56340FCB9627FDE312A2FE1CD1.d.1D4B9E50D0C2C45D7531E03D0C90627A.e.5912/click - {}
RESULT: {}
COMMAND: GET /session/7b3da3677cea6676bf36114916e4b8da/screenshot - {}
RESULT: {}
COMMAND: POST /session/7b3da3677cea6676bf36114916e4b8da/element - {"using":"css selector","value":"#shell-header-logo"}
RESULT: {"using":"css selector","value":"#shell-header-logo"}
COMMAND: POST /session/7b3da3677cea6676bf36114916e4b8da/element/f.39679F56340FCB9627FDE312A2FE1CD1.d.1D4B9E50D0C2C45D7531E03D0C90627A.e.5500/click - {}
RESULT: {}
COMMAND: GET /session/7b3da3677cea6676bf36114916e4b8da/screenshot - {}
RESULT: {}
COMMAND: POST /session/7b3da3677cea6676bf36114916e4b8da/execute/async - {"script":"<script> [1562 bytes]","args":[{"selector":{"controlType":"sap.m.GenericTile","properties":{"header":"Manage Handovers"}},"wdio_ui5_key":"sapm.GenericTile{\"header\":\"Manage Handovers\"}"}]}
RESULT: {"script":"<script> [1562 bytes]","args":[{"selector":{"controlType":"sap.m.GenericTile","properties":{"header":"Manage Handovers"}},"wdio_ui5_key":"sapm.GenericTile{\"header\":\"Manage Handovers\"}"}]}
RESULT: undefined
COMMAND: POST /session/7b3da3677cea6676bf36114916e4b8da/element - {"using":"xpath","value":"//*[@id=\"__tile132\"]"}
RESULT: {"using":"xpath","value":"//*[@id=\"__tile132\"]"}
COMMAND: POST /session/7b3da3677cea6676bf36114916e4b8da/element/f.39679F56340FCB9627FDE312A2FE1CD1.d.1D4B9E50D0C2C45D7531E03D0C90627A.e.5553/click - {}
RESULT: {}
COMMAND: GET /session/7b3da3677cea6676bf36114916e4b8da/screenshot - {}
RESULT: {}
COMMAND: POST /session/7b3da3677cea6676bf36114916e4b8da/elements - {"using":"xpath","value":"//span[text()='Error']"}
RESULT: {"using":"xpath","value":"//span[text()='Error']"}
COMMAND: POST /session/7b3da3677cea6676bf36114916e4b8da/element - {"using":"xpath","value":"//button[@data-kt=\"masterHOAddButton\"]"}
RESULT: {"using":"xpath","value":"//button[@data-kt=\"masterHOAddButton\"]"}
COMMAND: POST /session/7b3da3677cea6676bf36114916e4b8da/elements - {"using":"xpath","value":"//button[@data-kt=\"masterHOAddButton\"]"}
RESULT: {"using":"xpath","value":"//button[@data-kt=\"masterHOAddButton\"]"}
COMMAND: POST /session/7b3da3677cea6676bf36114916e4b8da/execute/sync - {"script":"<script> [8489 bytes]","args":[{"element-6066-11e4-a52e-4f735466cecf":"f.39679F56340FCB9627FDE312A2FE1CD1.d.1D4B9E50D0C2C45D7531E03D0C90627A.e.5963","ELEMENT":"f.39679F56340FCB9627FDE312A2FE1CD1.d.1D4B9E50D0C2C45D7531E03D0C90627A.e.5963"}]}
RESULT: {"script":"<script> [8489 bytes]","args":[{"element-6066-11e4-a52e-4f735466cecf":"f.39679F56340FCB9627FDE312A2FE1CD1.d.1D4B9E50D0C2C45D7531E03D0C90627A.e.5963","ELEMENT":"f.39679F56340FCB9627FDE312A2FE1CD1.d.1D4B9E50D0C2C45D7531E03D0C90627A.e.5963"}]}
COMMAND: GET /session/7b3da3677cea6676bf36114916e4b8da/element/f.39679F56340FCB9627FDE312A2FE1CD1.d.1D4B9E50D0C2C45D7531E03D0C90627A.e.5963/enabled - {}
COMMAND: GET /session/7b3da3677cea6676bf36114916e4b8da/screenshot - {}
RESULT: {}
COMMAND: POST /session/7b3da3677cea6676bf36114916e4b8da/execute/sync - {"script":"<script> [8489 bytes]","args":[{"element-6066-11e4-a52e-4f735466cecf":"f.39679F56340FCB9627FDE312A2FE1CD1.d.1D4B9E50D0C2C45D7531E03D0C90627A.e.5963","ELEMENT":"f.39679F56340FCB9627FDE312A2FE1CD1.d.1D4B9E50D0C2C45D7531E03D0C90627A.e.5963"}]}
COMMAND: GET /session/7b3da3677cea6676bf36114916e4b8da/screenshot - {}
RESULT: {}
RESULT: {"script":"<script> [8489 bytes]","args":[{"element-6066-11e4-a52e-4f735466cecf":"f.39679F56340FCB9627FDE312A2FE1CD1.d.1D4B9E50D0C2C45D7531E03D0C90627A.e.5963","ELEMENT":"f.39679F56340FCB9627FDE312A2FE1CD1.d.1D4B9E50D0C2C45D7531E03D0C90627A.e.5963"}]}
COMMAND: POST /session/7b3da3677cea6676bf36114916e4b8da/execute/sync - {"script":"<script> [5351 bytes]","args":[{"element-6066-11e4-a52e-4f735466cecf":"f.39679F56340FCB9627FDE312A2FE1CD1.d.1D4B9E50D0C2C45D7531E03D0C90627A.e.5963","ELEMENT":"f.39679F56340FCB9627FDE312A2FE1CD1.d.1D4B9E50D0C2C45D7531E03D0C90627A.e.5963"}]}
COMMAND: GET /session/7b3da3677cea6676bf36114916e4b8da/screenshot - {}
RESULT: {}
RESULT: {"script":"<script> [5351 bytes]","args":[{"element-6066-11e4-a52e-4f735466cecf":"f.39679F56340FCB9627FDE312A2FE1CD1.d.1D4B9E50D0C2C45D7531E03D0C90627A.e.5963","ELEMENT":"f.39679F56340FCB9627FDE312A2FE1CD1.d.1D4B9E50D0C2C45D7531E03D0C90627A.e.5963"}]}
COMMAND: GET /session/7b3da3677cea6676bf36114916e4b8da/screenshot - {}
RESULT: {}
RESULT: {}
COMMAND: POST /session/7b3da3677cea6676bf36114916e4b8da/element - {"using":"xpath","value":"//span[contains(@id ,\"filterItemControl_BASIC-SEND_CONTRACT-vhi\")]"}
RESULT: {"using":"xpath","value":"//span[contains(@id ,\"filterItemControl_BASIC-SEND_CONTRACT-vhi\")]"}
COMMAND: POST /session/7b3da3677cea6676bf36114916e4b8da/element/f.39679F56340FCB9627FDE312A2FE1CD1.d.1D4B9E50D0C2C45D7531E03D0C90627A.e.6000/click - {}
RESULT: {}
COMMAND: GET /session/7b3da3677cea6676bf36114916e4b8da/screenshot - {}
RESULT: {}
COMMAND: POST /session/7b3da3677cea6676bf36114916e4b8da/execute/async - {"script":"<script> [1562 bytes]","args":[{"selector":{"controlType":"sap.m.SearchField","viewName":"etm.portal.ui.managehandovers.view.MasterHO","bindingPath":{"path":"","propertyPath":"/_BASIC_SEARCH_FIELD","modelName":"fi1t3rM0d31"},"searchOpenDialogs":true,"interaction":{"idSuffix":"I"}},"wdio_ui5_key":"etmportal.ui.managehandovers.view.MasterHOsap.m.SearchField{\"path\":\"\",\"propertyPath\":\"/_BASIC_SEARCH_FIELD\",\"modelName\":\"fi1t3rM0d31\"}"}]}
RESULT: {"script":"<script> [1562 bytes]","args":[{"selector":{"controlType":"sap.m.SearchField","viewName":"etm.portal.ui.managehandovers.view.MasterHO","bindingPath":{"path":"","propertyPath":"/_BASIC_SEARCH_FIELD","modelName":"fi1t3rM0d31"},"searchOpenDialogs":true,"interaction":{"idSuffix":"I"}},"wdio_ui5_key":"etmportal.ui.managehandovers.view.MasterHOsap.m.SearchField{\"path\":\"\",\"propertyPath\":\"/_BASIC_SEARCH_FIELD\",\"modelName\":\"fi1t3rM0d31\"}"}]}
RESULT: undefined
COMMAND: POST /session/7b3da3677cea6676bf36114916e4b8da/execute/async - {"script":"<script> [776 bytes]","args":[{"enterText":"10305","selector":{"controlType":"sap.m.SearchField","viewName":"etm.portal.ui.managehandovers.view.MasterHO","bindingPath":{"path":"","propertyPath":"/_BASIC_SEARCH_FIELD","modelName":"fi1t3rM0d31"},"searchOpenDialogs":true,"interaction":{"idSuffix":"I"}},"clearTextFirst":true,"interactionType":"ENTER_TEXT"}]}
RESULT: {"script":"<script> [776 bytes]","args":[{"enterText":"10305","selector":{"controlType":"sap.m.SearchField","viewName":"etm.portal.ui.managehandovers.view.MasterHO","bindingPath":{"path":"","propertyPath":"/_BASIC_SEARCH_FIELD","modelName":"fi1t3rM0d31"},"searchOpenDialogs":true,"interaction":{"idSuffix":"I"}},"clearTextFirst":true,"interactionType":"ENTER_TEXT"}]}
COMMAND: POST /session/7b3da3677cea6676bf36114916e4b8da/actions - {"actions":[{"id":"action17","type":"key","parameters":{},"actions":[{"type":"keyDown","value":""},{"type":"pause","duration":10},{"type":"keyUp","value":""}]}]}
RESULT: {"actions":[{"id":"action17","type":"key","parameters":{},"actions":[{"type":"keyDown","value":""},{"type":"pause","duration":10},{"type":"keyUp","value":""}]}]}
COMMAND: GET /session/7b3da3677cea6676bf36114916e4b8da/screenshot - {}
RESULT: {}
COMMAND: POST /session/7b3da3677cea6676bf36114916e4b8da/element - {"using":"xpath","value":"//div[contains(@id, 'filterItemControl_BASIC-SEND_CONTRACT-valueHelpDialog-table-rowsel0')]"}
RESULT: {"using":"xpath","value":"//div[contains(@id, 'filterItemControl_BASIC-SEND_CONTRACT-valueHelpDialog-table-rowsel0')]"}
COMMAND: POST /session/7b3da3677cea6676bf36114916e4b8da/element/f.39679F56340FCB9627FDE312A2FE1CD1.d.1D4B9E50D0C2C45D7531E03D0C90627A.e.6010/click - {}
RESULT: {}
COMMAND: GET /session/7b3da3677cea6676bf36114916e4b8da/screenshot - {}
RESULT: {}
COMMAND: POST /session/7b3da3677cea6676bf36114916e4b8da/element - {"using":"xpath","value":"//bdi[contains(text(), \"OK\")]"}
RESULT: {"using":"xpath","value":"//bdi[contains(text(), \"OK\")]"}
COMMAND: POST /session/7b3da3677cea6676bf36114916e4b8da/element/f.39679F56340FCB9627FDE312A2FE1CD1.d.1D4B9E50D0C2C45D7531E03D0C90627A.e.6012/click - {}
RESULT: {}
COMMAND: GET /session/7b3da3677cea6676bf36114916e4b8da/screenshot - {}
RESULT: {}
COMMAND: POST /session/7b3da3677cea6676bf36114916e4b8da/element - {"using":"xpath","value":"//span[contains(@id, \"smartTable-header-inner\")]"}
RESULT: {"using":"xpath","value":"//span[contains(@id, \"smartTable-header-inner\")]"}
COMMAND: POST /session/7b3da3677cea6676bf36114916e4b8da/elements - {"using":"xpath","value":"//span[contains(@id, \"smartTable-header-inner\")]"}
RESULT: {"using":"xpath","value":"//span[contains(@id, \"smartTable-header-inner\")]"}
COMMAND: POST /session/7b3da3677cea6676bf36114916e4b8da/execute/sync - {"script":"<script> [56 bytes]","args":[{"element-6066-11e4-a52e-4f735466cecf":"f.39679F56340FCB9627FDE312A2FE1CD1.d.1D4B9E50D0C2C45D7531E03D0C90627A.e.6053","ELEMENT":"f.39679F56340FCB9627FDE312A2FE1CD1.d.1D4B9E50D0C2C45D7531E03D0C90627A.e.6053"}]}
RESULT: {"script":"<script> [56 bytes]","args":[{"element-6066-11e4-a52e-4f735466cecf":"f.39679F56340FCB9627FDE312A2FE1CD1.d.1D4B9E50D0C2C45D7531E03D0C90627A.e.6053","ELEMENT":"f.39679F56340FCB9627FDE312A2FE1CD1.d.1D4B9E50D0C2C45D7531E03D0C90627A.e.6053"}]}
COMMAND: POST /session/7b3da3677cea6676bf36114916e4b8da/element - {"using":"xpath","value":"//table[contains(@id, \"customHandovers\")]//tbody/tr[1]/td[2]/span"}
COMMAND: GET /session/7b3da3677cea6676bf36114916e4b8da/screenshot - {}
RESULT: {"using":"xpath","value":"//table[contains(@id, \"customHandovers\")]//tbody/tr[1]/td[2]/span"}
COMMAND: POST /session/7b3da3677cea6676bf36114916e4b8da/execute/sync - {"script":"<script> [56 bytes]","args":[{"element-6066-11e4-a52e-4f735466cecf":"f.39679F56340FCB9627FDE312A2FE1CD1.d.1D4B9E50D0C2C45D7531E03D0C90627A.e.6054","ELEMENT":"f.39679F56340FCB9627FDE312A2FE1CD1.d.1D4B9E50D0C2C45D7531E03D0C90627A.e.6054"}]}
RESULT: {}
RESULT: {"script":"<script> [56 bytes]","args":[{"element-6066-11e4-a52e-4f735466cecf":"f.39679F56340FCB9627FDE312A2FE1CD1.d.1D4B9E50D0C2C45D7531E03D0C90627A.e.6054","ELEMENT":"f.39679F56340FCB9627FDE312A2FE1CD1.d.1D4B9E50D0C2C45D7531E03D0C90627A.e.6054"}]}
COMMAND: POST /session/7b3da3677cea6676bf36114916e4b8da/element - {"using":"xpath","value":"(//span[contains(@id, \"imgNav\")])[1]"}
COMMAND: GET /session/7b3da3677cea6676bf36114916e4b8da/screenshot - {}
RESULT: {"using":"xpath","value":"(//span[contains(@id, \"imgNav\")])[1]"}
COMMAND: POST /session/7b3da3677cea6676bf36114916e4b8da/element/f.39679F56340FCB9627FDE312A2FE1CD1.d.1D4B9E50D0C2C45D7531E03D0C90627A.e.6052/click - {}
RESULT: {}
RESULT: {}
COMMAND: GET /session/7b3da3677cea6676bf36114916e4b8da/screenshot - {}
RESULT: {}
COMMAND: POST /session/7b3da3677cea6676bf36114916e4b8da/execute/async - {"script":"<script> [1562 bytes]","args":[{"selector":{"id":"issueDatePicker","viewName":"etm.portal.ui.managehandovers.view.DetailExecuteHO","interaction":{"idSuffix":"inner"}},"wdio_ui5_key":"issueDatePickeretmportal.ui.managehandovers.view.DetailExecuteHO"}]}
RESULT: {"script":"<script> [1562 bytes]","args":[{"selector":{"id":"issueDatePicker","viewName":"etm.portal.ui.managehandovers.view.DetailExecuteHO","interaction":{"idSuffix":"inner"}},"wdio_ui5_key":"issueDatePickeretmportal.ui.managehandovers.view.DetailExecuteHO"}]}
RESULT: undefined
COMMAND: POST /session/7b3da3677cea6676bf36114916e4b8da/execute/async - {"script":"<script> [776 bytes]","args":[{"enterText":"5/27/25","selector":{"id":"issueDatePicker","viewName":"etm.portal.ui.managehandovers.view.DetailExecuteHO","interaction":{"idSuffix":"inner"}},"clearTextFirst":true,"interactionType":"ENTER_TEXT"}]}
RESULT: {"script":"<script> [776 bytes]","args":[{"enterText":"5/27/25","selector":{"id":"issueDatePicker","viewName":"etm.portal.ui.managehandovers.view.DetailExecuteHO","interaction":{"idSuffix":"inner"}},"clearTextFirst":true,"interactionType":"ENTER_TEXT"}]}
COMMAND: POST /session/7b3da3677cea6676bf36114916e4b8da/element - {"using":"xpath","value":"//button[@data-kt=\"PickingTableConfirmAllButton\"]"}
RESULT: {"using":"xpath","value":"//button[@data-kt=\"PickingTableConfirmAllButton\"]"}
COMMAND: POST /session/7b3da3677cea6676bf36114916e4b8da/element/f.39679F56340FCB9627FDE312A2FE1CD1.d.1D4B9E50D0C2C45D7531E03D0C90627A.e.6169/click - {}
RESULT: {}
COMMAND: GET /session/7b3da3677cea6676bf36114916e4b8da/screenshot - {}
RESULT: {}
COMMAND: POST /session/7b3da3677cea6676bf36114916e4b8da/element - {"using":"xpath","value":"//bdi[contains(text(), \"OK\")]"}
RESULT: {"using":"xpath","value":"//bdi[contains(text(), \"OK\")]"}
COMMAND: POST /session/7b3da3677cea6676bf36114916e4b8da/element/f.39679F56340FCB9627FDE312A2FE1CD1.d.1D4B9E50D0C2C45D7531E03D0C90627A.e.6172/click - {}
RESULT: {}
COMMAND: GET /session/7b3da3677cea6676bf36114916e4b8da/screenshot - {}
RESULT: {}
COMMAND: POST /session/7b3da3677cea6676bf36114916e4b8da/element - {"using":"xpath","value":"//button[@data-kt=\"execHoIssueButton\"]"}
RESULT: {"using":"xpath","value":"//button[@data-kt=\"execHoIssueButton\"]"}
COMMAND: POST /session/7b3da3677cea6676bf36114916e4b8da/element/f.39679F56340FCB9627FDE312A2FE1CD1.d.1D4B9E50D0C2C45D7531E03D0C90627A.e.6174/click - {}
RESULT: {}
COMMAND: GET /session/7b3da3677cea6676bf36114916e4b8da/screenshot - {}
RESULT: {}
COMMAND: POST /session/7b3da3677cea6676bf36114916e4b8da/element - {"using":"css selector","value":"#shell-header-logo"}
RESULT: {"using":"css selector","value":"#shell-header-logo"}
COMMAND: POST /session/7b3da3677cea6676bf36114916e4b8da/element/f.39679F56340FCB9627FDE312A2FE1CD1.d.1D4B9E50D0C2C45D7531E03D0C90627A.e.5930/click - {}
RESULT: {}
COMMAND: GET /session/7b3da3677cea6676bf36114916e4b8da/screenshot - {}
RESULT: {}
RESULT: undefined
COMMAND: POST /session/7b3da3677cea6676bf36114916e4b8da/element - {"using":"xpath","value":"//*[@id=\"__tile132\"]"}
RESULT: {"using":"xpath","value":"//*[@id=\"__tile132\"]"}
COMMAND: POST /session/7b3da3677cea6676bf36114916e4b8da/element/f.39679F56340FCB9627FDE312A2FE1CD1.d.1D4B9E50D0C2C45D7531E03D0C90627A.e.5553/click - {}
RESULT: {}
COMMAND: GET /session/7b3da3677cea6676bf36114916e4b8da/screenshot - {}
RESULT: {}
COMMAND: POST /session/7b3da3677cea6676bf36114916e4b8da/elements - {"using":"xpath","value":"//span[text()='Error']"}
RESULT: {"using":"xpath","value":"//span[text()='Error']"}
COMMAND: POST /session/7b3da3677cea6676bf36114916e4b8da/element - {"using":"xpath","value":"//button[@data-kt=\"masterHOAddButton\"]"}
RESULT: {"using":"xpath","value":"//button[@data-kt=\"masterHOAddButton\"]"}
COMMAND: POST /session/7b3da3677cea6676bf36114916e4b8da/elements - {"using":"xpath","value":"//button[@data-kt=\"masterHOAddButton\"]"}
RESULT: {"using":"xpath","value":"//button[@data-kt=\"masterHOAddButton\"]"}
COMMAND: POST /session/7b3da3677cea6676bf36114916e4b8da/execute/sync - {"script":"<script> [8489 bytes]","args":[{"element-6066-11e4-a52e-4f735466cecf":"f.39679F56340FCB9627FDE312A2FE1CD1.d.1D4B9E50D0C2C45D7531E03D0C90627A.e.6289","ELEMENT":"f.39679F56340FCB9627FDE312A2FE1CD1.d.1D4B9E50D0C2C45D7531E03D0C90627A.e.6289"}]}
RESULT: {"script":"<script> [8489 bytes]","args":[{"element-6066-11e4-a52e-4f735466cecf":"f.39679F56340FCB9627FDE312A2FE1CD1.d.1D4B9E50D0C2C45D7531E03D0C90627A.e.6289","ELEMENT":"f.39679F56340FCB9627FDE312A2FE1CD1.d.1D4B9E50D0C2C45D7531E03D0C90627A.e.6289"}]}
COMMAND: GET /session/7b3da3677cea6676bf36114916e4b8da/element/f.39679F56340FCB9627FDE312A2FE1CD1.d.1D4B9E50D0C2C45D7531E03D0C90627A.e.6289/enabled - {}
COMMAND: GET /session/7b3da3677cea6676bf36114916e4b8da/screenshot - {}
RESULT: {}
COMMAND: POST /session/7b3da3677cea6676bf36114916e4b8da/execute/sync - {"script":"<script> [8489 bytes]","args":[{"element-6066-11e4-a52e-4f735466cecf":"f.39679F56340FCB9627FDE312A2FE1CD1.d.1D4B9E50D0C2C45D7531E03D0C90627A.e.6289","ELEMENT":"f.39679F56340FCB9627FDE312A2FE1CD1.d.1D4B9E50D0C2C45D7531E03D0C90627A.e.6289"}]}
COMMAND: GET /session/7b3da3677cea6676bf36114916e4b8da/screenshot - {}
RESULT: {}
RESULT: {"script":"<script> [8489 bytes]","args":[{"element-6066-11e4-a52e-4f735466cecf":"f.39679F56340FCB9627FDE312A2FE1CD1.d.1D4B9E50D0C2C45D7531E03D0C90627A.e.6289","ELEMENT":"f.39679F56340FCB9627FDE312A2FE1CD1.d.1D4B9E50D0C2C45D7531E03D0C90627A.e.6289"}]}
COMMAND: POST /session/7b3da3677cea6676bf36114916e4b8da/execute/sync - {"script":"<script> [5351 bytes]","args":[{"element-6066-11e4-a52e-4f735466cecf":"f.39679F56340FCB9627FDE312A2FE1CD1.d.1D4B9E50D0C2C45D7531E03D0C90627A.e.6289","ELEMENT":"f.39679F56340FCB9627FDE312A2FE1CD1.d.1D4B9E50D0C2C45D7531E03D0C90627A.e.6289"}]}
COMMAND: GET /session/7b3da3677cea6676bf36114916e4b8da/screenshot - {}
RESULT: {}
RESULT: {"script":"<script> [5351 bytes]","args":[{"element-6066-11e4-a52e-4f735466cecf":"f.39679F56340FCB9627FDE312A2FE1CD1.d.1D4B9E50D0C2C45D7531E03D0C90627A.e.6289","ELEMENT":"f.39679F56340FCB9627FDE312A2FE1CD1.d.1D4B9E50D0C2C45D7531E03D0C90627A.e.6289"}]}
COMMAND: GET /session/7b3da3677cea6676bf36114916e4b8da/screenshot - {}
RESULT: {}
RESULT: {}
COMMAND: POST /session/7b3da3677cea6676bf36114916e4b8da/element - {"using":"xpath","value":"//input[contains(@id ,\"smartFilterBar-btnBasicSearch-I\")]"}
RESULT: {"using":"xpath","value":"//input[contains(@id ,\"smartFilterBar-btnBasicSearch-I\")]"}
COMMAND: POST /session/7b3da3677cea6676bf36114916e4b8da/element/f.39679F56340FCB9627FDE312A2FE1CD1.d.1D4B9E50D0C2C45D7531E03D0C90627A.e.6219/clear - {}
RESULT: {}
COMMAND: POST /session/7b3da3677cea6676bf36114916e4b8da/element/f.39679F56340FCB9627FDE312A2FE1CD1.d.1D4B9E50D0C2C45D7531E03D0C90627A.e.6219/value - {"text":"30666"}
COMMAND: GET /session/7b3da3677cea6676bf36114916e4b8da/screenshot - {}
RESULT: {"text":"30666"}
COMMAND: GET /session/7b3da3677cea6676bf36114916e4b8da/screenshot - {}
RESULT: {}
RESULT: {}
COMMAND: POST /session/7b3da3677cea6676bf36114916e4b8da/actions - {"actions":[{"id":"action18","type":"key","parameters":{},"actions":[{"type":"keyDown","value":""},{"type":"pause","duration":10},{"type":"keyUp","value":""}]}]}
RESULT: {"actions":[{"id":"action18","type":"key","parameters":{},"actions":[{"type":"keyDown","value":""},{"type":"pause","duration":10},{"type":"keyUp","value":""}]}]}
COMMAND: GET /session/7b3da3677cea6676bf36114916e4b8da/screenshot - {}
RESULT: {}
COMMAND: POST /session/7b3da3677cea6676bf36114916e4b8da/element - {"using":"xpath","value":"//span[contains(@id, \"smartTable-header-inner\")]"}
RESULT: {"using":"xpath","value":"//span[contains(@id, \"smartTable-header-inner\")]"}
COMMAND: POST /session/7b3da3677cea6676bf36114916e4b8da/elements - {"using":"xpath","value":"//span[contains(@id, \"smartTable-header-inner\")]"}
RESULT: {"using":"xpath","value":"//span[contains(@id, \"smartTable-header-inner\")]"}
COMMAND: POST /session/7b3da3677cea6676bf36114916e4b8da/execute/sync - {"script":"<script> [56 bytes]","args":[{"element-6066-11e4-a52e-4f735466cecf":"f.39679F56340FCB9627FDE312A2FE1CD1.d.1D4B9E50D0C2C45D7531E03D0C90627A.e.6347","ELEMENT":"f.39679F56340FCB9627FDE312A2FE1CD1.d.1D4B9E50D0C2C45D7531E03D0C90627A.e.6347"}]}
RESULT: {"script":"<script> [56 bytes]","args":[{"element-6066-11e4-a52e-4f735466cecf":"f.39679F56340FCB9627FDE312A2FE1CD1.d.1D4B9E50D0C2C45D7531E03D0C90627A.e.6347","ELEMENT":"f.39679F56340FCB9627FDE312A2FE1CD1.d.1D4B9E50D0C2C45D7531E03D0C90627A.e.6347"}]}
COMMAND: POST /session/7b3da3677cea6676bf36114916e4b8da/element - {"using":"xpath","value":"(//span[contains(@id, \"imgNav\")])[1]"}
COMMAND: GET /session/7b3da3677cea6676bf36114916e4b8da/screenshot - {}
RESULT: {"using":"xpath","value":"(//span[contains(@id, \"imgNav\")])[1]"}
COMMAND: POST /session/7b3da3677cea6676bf36114916e4b8da/element/f.39679F56340FCB9627FDE312A2FE1CD1.d.1D4B9E50D0C2C45D7531E03D0C90627A.e.6345/click - {}
RESULT: {}
RESULT: {}
COMMAND: GET /session/7b3da3677cea6676bf36114916e4b8da/screenshot - {}
RESULT: {}
COMMAND: POST /session/7b3da3677cea6676bf36114916e4b8da/element - {"using":"xpath","value":"//section[contains(@id, \"detailManageHO--headerContentForm--FC-NoHead\")]/div/div[4]/div[2]/div/span"}
RESULT: {"using":"xpath","value":"//section[contains(@id, \"detailManageHO--headerContentForm--FC-NoHead\")]/div/div[4]/div[2]/div/span"}
COMMAND: POST /session/7b3da3677cea6676bf36114916e4b8da/elements - {"using":"xpath","value":"//section[contains(@id, \"detailManageHO--headerContentForm--FC-NoHead\")]/div/div[4]/div[2]/div/span"}
RESULT: {"using":"xpath","value":"//section[contains(@id, \"detailManageHO--headerContentForm--FC-NoHead\")]/div/div[4]/div[2]/div/span"}
COMMAND: POST /session/7b3da3677cea6676bf36114916e4b8da/execute/sync - {"script":"<script> [56 bytes]","args":[{"element-6066-11e4-a52e-4f735466cecf":"f.39679F56340FCB9627FDE312A2FE1CD1.d.1D4B9E50D0C2C45D7531E03D0C90627A.e.6432","ELEMENT":"f.39679F56340FCB9627FDE312A2FE1CD1.d.1D4B9E50D0C2C45D7531E03D0C90627A.e.6432"}]}
RESULT: {"script":"<script> [56 bytes]","args":[{"element-6066-11e4-a52e-4f735466cecf":"f.39679F56340FCB9627FDE312A2FE1CD1.d.1D4B9E50D0C2C45D7531E03D0C90627A.e.6432","ELEMENT":"f.39679F56340FCB9627FDE312A2FE1CD1.d.1D4B9E50D0C2C45D7531E03D0C90627A.e.6432"}]}
COMMAND: POST /session/7b3da3677cea6676bf36114916e4b8da/element - {"using":"xpath","value":"//a[contains(@data-kt ,\"GeneralSectionSendContractLink\")]"}
COMMAND: GET /session/7b3da3677cea6676bf36114916e4b8da/screenshot - {}
RESULT: {"using":"xpath","value":"//a[contains(@data-kt ,\"GeneralSectionSendContractLink\")]"}
COMMAND: POST /session/7b3da3677cea6676bf36114916e4b8da/element/f.39679F56340FCB9627FDE312A2FE1CD1.d.1D4B9E50D0C2C45D7531E03D0C90627A.e.6433/click - {}
RESULT: {}
RESULT: {}
COMMAND: GET /session/7b3da3677cea6676bf36114916e4b8da/screenshot - {}
RESULT: {}
COMMAND: POST /session/7b3da3677cea6676bf36114916e4b8da/element - {"using":"xpath","value":"//a[contains(@data-kt ,\"ContextMenuId2Link\")]"}
RESULT: {"using":"xpath","value":"//a[contains(@data-kt ,\"ContextMenuId2Link\")]"}
COMMAND: POST /session/7b3da3677cea6676bf36114916e4b8da/element/f.39679F56340FCB9627FDE312A2FE1CD1.d.1D4B9E50D0C2C45D7531E03D0C90627A.e.6437/click - {}
RESULT: {}
COMMAND: GET /session/7b3da3677cea6676bf36114916e4b8da/screenshot - {}
RESULT: {}
COMMAND: POST /session/7b3da3677cea6676bf36114916e4b8da/execute/async - {"script":"<script> [1562 bytes]","args":[{"selector":{"id":"headerBillingItemsTabFilter","viewName":"etm.portal.ui.managecontracts.view.Detail","interaction":{"idSuffix":"text"}},"wdio_ui5_key":"headerBillingItemsTabFilteretmportal.ui.managecontracts.view.Detail"}]}
RESULT: {"script":"<script> [1562 bytes]","args":[{"selector":{"id":"headerBillingItemsTabFilter","viewName":"etm.portal.ui.managecontracts.view.Detail","interaction":{"idSuffix":"text"}},"wdio_ui5_key":"headerBillingItemsTabFilteretmportal.ui.managecontracts.view.Detail"}]}
RESULT: undefined
COMMAND: POST /session/7b3da3677cea6676bf36114916e4b8da/element - {"using":"xpath","value":"//*[@id=\"__xmlview62--headerBillingItemsTabFilter\"]"}
RESULT: {"using":"xpath","value":"//*[@id=\"__xmlview62--headerBillingItemsTabFilter\"]"}
COMMAND: POST /session/7b3da3677cea6676bf36114916e4b8da/element/f.39679F56340FCB9627FDE312A2FE1CD1.d.1D4B9E50D0C2C45D7531E03D0C90627A.e.6658/click - {}
RESULT: {}
COMMAND: GET /session/7b3da3677cea6676bf36114916e4b8da/screenshot - {}
RESULT: {}
COMMAND: POST /session/7b3da3677cea6676bf36114916e4b8da/element - {"using":"xpath","value":"//table[contains(@id, \"ProductsTable-listUl\")]/tbody/tr[1]/td[6]/div/span"}
RESULT: {"using":"xpath","value":"//table[contains(@id, \"ProductsTable-listUl\")]/tbody/tr[1]/td[6]/div/span"}
COMMAND: POST /session/7b3da3677cea6676bf36114916e4b8da/elements - {"using":"xpath","value":"//table[contains(@id, \"ProductsTable-listUl\")]/tbody/tr[1]/td[6]/div/span"}
RESULT: {"using":"xpath","value":"//table[contains(@id, \"ProductsTable-listUl\")]/tbody/tr[1]/td[6]/div/span"}
COMMAND: POST /session/7b3da3677cea6676bf36114916e4b8da/execute/sync - {"script":"<script> [56 bytes]","args":[{"element-6066-11e4-a52e-4f735466cecf":"f.39679F56340FCB9627FDE312A2FE1CD1.d.1D4B9E50D0C2C45D7531E03D0C90627A.e.6662","ELEMENT":"f.39679F56340FCB9627FDE312A2FE1CD1.d.1D4B9E50D0C2C45D7531E03D0C90627A.e.6662"}]}
RESULT: {"script":"<script> [56 bytes]","args":[{"element-6066-11e4-a52e-4f735466cecf":"f.39679F56340FCB9627FDE312A2FE1CD1.d.1D4B9E50D0C2C45D7531E03D0C90627A.e.6662","ELEMENT":"f.39679F56340FCB9627FDE312A2FE1CD1.d.1D4B9E50D0C2C45D7531E03D0C90627A.e.6662"}]}
COMMAND: POST /session/7b3da3677cea6676bf36114916e4b8da/element - {"using":"css selector","value":"#shell-header-logo"}
COMMAND: GET /session/7b3da3677cea6676bf36114916e4b8da/screenshot - {}
RESULT: {"using":"css selector","value":"#shell-header-logo"}
COMMAND: POST /session/7b3da3677cea6676bf36114916e4b8da/element/f.39679F56340FCB9627FDE312A2FE1CD1.d.1D4B9E50D0C2C45D7531E03D0C90627A.e.6233/click - {}
RESULT: {}
RESULT: {}
COMMAND: GET /session/7b3da3677cea6676bf36114916e4b8da/screenshot - {}
RESULT: {}
COMMAND: DELETE /session/7b3da3677cea6676bf36114916e4b8da - {}
RESULT: {}
]]></system-out>
    </testcase>
  </testsuite>
</testsuites>