<?xml version="1.0" encoding="UTF-8"?>
<testsuites tests="58" failures="2" errors="2" skipped="0">
  <testsuite timestamp="2025-05-16T17:09:19" time="944.314" tests="11" failures="2" errors="2" skipped="0">
    <properties>
      <property name="specId" value="0" />
      <property name="suiteName" value="Billing confirm US117289" />
      <property name="capabilities" value="chrome.136_0_7103_93.windows" />
      <property name="file" value="file:///D:/a/1/s/test/specs/BTS/billing-confirm.spec.js" />
    </properties>
    <testcase classname="chrome.136_0_7103_93.windows.Billing_confirm_US117289" name="Should create a new yard" time="114.763">
      <system-out><![CDATA[
COMMAND: POST /session/d2ee73163e71edf45acf38a1abb82030/window/fullscreen - {}
RESULT: {}
COMMAND: POST /session/d2ee73163e71edf45acf38a1abb82030/execute/async - {"script":"<script> [1562 bytes]","args":[{"selector":{"controlType":"sap.m.GenericTile","properties":{"header":"Manage Yards"}},"wdio_ui5_key":"sapm.GenericTile{\"header\":\"Manage Yards\"}"}]}
RESULT: {"script":"<script> [1562 bytes]","args":[{"selector":{"controlType":"sap.m.GenericTile","properties":{"header":"Manage Yards"}},"wdio_ui5_key":"sapm.GenericTile{\"header\":\"Manage Yards\"}"}]}
RESULT: undefined
COMMAND: POST /session/d2ee73163e71edf45acf38a1abb82030/element - {"using":"xpath","value":"//*[@id=\"__tile41\"]"}
RESULT: {"using":"xpath","value":"//*[@id=\"__tile41\"]"}
COMMAND: POST /session/d2ee73163e71edf45acf38a1abb82030/element/f.39032AFF0B9C80A7D793EE88796AE887.d.5AB76D59C44B0F41DC519C356E6645DD.e.155/click - {}
RESULT: {}
COMMAND: GET /session/d2ee73163e71edf45acf38a1abb82030/screenshot - {}
RESULT: {}
COMMAND: POST /session/d2ee73163e71edf45acf38a1abb82030/elements - {"using":"xpath","value":"//span[text()='Error']"}
RESULT: {"using":"xpath","value":"//span[text()='Error']"}
COMMAND: POST /session/d2ee73163e71edf45acf38a1abb82030/element - {"using":"xpath","value":"//button[@data-kt=\"addNewYardOverflowToolbarButton\"]"}
RESULT: {"using":"xpath","value":"//button[@data-kt=\"addNewYardOverflowToolbarButton\"]"}
COMMAND: POST /session/d2ee73163e71edf45acf38a1abb82030/elements - {"using":"xpath","value":"//button[@data-kt=\"addNewYardOverflowToolbarButton\"]"}
RESULT: {"using":"xpath","value":"//button[@data-kt=\"addNewYardOverflowToolbarButton\"]"}
COMMAND: POST /session/d2ee73163e71edf45acf38a1abb82030/execute/sync - {"script":"<script> [8489 bytes]","args":[{"element-6066-11e4-a52e-4f735466cecf":"f.39032AFF0B9C80A7D793EE88796AE887.d.5AB76D59C44B0F41DC519C356E6645DD.e.291","ELEMENT":"f.39032AFF0B9C80A7D793EE88796AE887.d.5AB76D59C44B0F41DC519C356E6645DD.e.291"}]}
RESULT: {"script":"<script> [8489 bytes]","args":[{"element-6066-11e4-a52e-4f735466cecf":"f.39032AFF0B9C80A7D793EE88796AE887.d.5AB76D59C44B0F41DC519C356E6645DD.e.291","ELEMENT":"f.39032AFF0B9C80A7D793EE88796AE887.d.5AB76D59C44B0F41DC519C356E6645DD.e.291"}]}
COMMAND: GET /session/d2ee73163e71edf45acf38a1abb82030/element/f.39032AFF0B9C80A7D793EE88796AE887.d.5AB76D59C44B0F41DC519C356E6645DD.e.291/enabled - {}
COMMAND: GET /session/d2ee73163e71edf45acf38a1abb82030/screenshot - {}
RESULT: {}
COMMAND: POST /session/d2ee73163e71edf45acf38a1abb82030/execute/sync - {"script":"<script> [8489 bytes]","args":[{"element-6066-11e4-a52e-4f735466cecf":"f.39032AFF0B9C80A7D793EE88796AE887.d.5AB76D59C44B0F41DC519C356E6645DD.e.291","ELEMENT":"f.39032AFF0B9C80A7D793EE88796AE887.d.5AB76D59C44B0F41DC519C356E6645DD.e.291"}]}
COMMAND: GET /session/d2ee73163e71edf45acf38a1abb82030/screenshot - {}
RESULT: {}
RESULT: {"script":"<script> [8489 bytes]","args":[{"element-6066-11e4-a52e-4f735466cecf":"f.39032AFF0B9C80A7D793EE88796AE887.d.5AB76D59C44B0F41DC519C356E6645DD.e.291","ELEMENT":"f.39032AFF0B9C80A7D793EE88796AE887.d.5AB76D59C44B0F41DC519C356E6645DD.e.291"}]}
COMMAND: POST /session/d2ee73163e71edf45acf38a1abb82030/execute/sync - {"script":"<script> [5351 bytes]","args":[{"element-6066-11e4-a52e-4f735466cecf":"f.39032AFF0B9C80A7D793EE88796AE887.d.5AB76D59C44B0F41DC519C356E6645DD.e.291","ELEMENT":"f.39032AFF0B9C80A7D793EE88796AE887.d.5AB76D59C44B0F41DC519C356E6645DD.e.291"}]}
COMMAND: GET /session/d2ee73163e71edf45acf38a1abb82030/screenshot - {}
RESULT: {}
RESULT: {"script":"<script> [5351 bytes]","args":[{"element-6066-11e4-a52e-4f735466cecf":"f.39032AFF0B9C80A7D793EE88796AE887.d.5AB76D59C44B0F41DC519C356E6645DD.e.291","ELEMENT":"f.39032AFF0B9C80A7D793EE88796AE887.d.5AB76D59C44B0F41DC519C356E6645DD.e.291"}]}
COMMAND: POST /session/d2ee73163e71edf45acf38a1abb82030/element/f.39032AFF0B9C80A7D793EE88796AE887.d.5AB76D59C44B0F41DC519C356E6645DD.e.291/click - {}
COMMAND: GET /session/d2ee73163e71edf45acf38a1abb82030/screenshot - {}
RESULT: {}
RESULT: {}
COMMAND: GET /session/d2ee73163e71edf45acf38a1abb82030/screenshot - {}
RESULT: {}
RESULT: {}
COMMAND: POST /session/d2ee73163e71edf45acf38a1abb82030/element - {"using":"xpath","value":"//input[@id=\"application-manageyards-display-component---NewYard--yardId-inner\"]"}
RESULT: {"using":"xpath","value":"//input[@id=\"application-manageyards-display-component---NewYard--yardId-inner\"]"}
COMMAND: POST /session/d2ee73163e71edf45acf38a1abb82030/element - {"using":"xpath","value":"//input[@id=\"application-manageyards-display-component---NewYard--yardId-inner\"]"}
RESULT: {"using":"xpath","value":"//input[@id=\"application-manageyards-display-component---NewYard--yardId-inner\"]"}
COMMAND: POST /session/d2ee73163e71edf45acf38a1abb82030/execute/async - {"script":"<script> [1562 bytes]","args":[{"selector":{"id":"application-manageyards-display-component---NewYard--addressDetailDetailsName1","interaction":{"idSuffix":"inner"}},"wdio_ui5_key":"applicationmanageyards-display-component---NewYard--addressDetailDetailsName1"}]}
RESULT: {"script":"<script> [1562 bytes]","args":[{"selector":{"id":"application-manageyards-display-component---NewYard--addressDetailDetailsName1","interaction":{"idSuffix":"inner"}},"wdio_ui5_key":"applicationmanageyards-display-component---NewYard--addressDetailDetailsName1"}]}
RESULT: undefined
COMMAND: POST /session/d2ee73163e71edf45acf38a1abb82030/execute/async - {"script":"<script> [776 bytes]","args":[{"enterText":"Intracompany Yard wdIO","selector":{"id":"application-manageyards-display-component---NewYard--addressDetailDetailsName1","interaction":{"idSuffix":"inner"}},"clearTextFirst":true,"interactionType":"ENTER_TEXT"}]}
RESULT: {"script":"<script> [776 bytes]","args":[{"enterText":"Intracompany Yard wdIO","selector":{"id":"application-manageyards-display-component---NewYard--addressDetailDetailsName1","interaction":{"idSuffix":"inner"}},"clearTextFirst":true,"interactionType":"ENTER_TEXT"}]}
COMMAND: POST /session/d2ee73163e71edf45acf38a1abb82030/execute/async - {"script":"<script> [1562 bytes]","args":[{"selector":{"id":"application-manageyards-display-component---NewYard--addressDetailDetailsLanguage-arrow"},"wdio_ui5_key":"applicationmanageyards-display-component---NewYard--addressDetailDetailsLanguage-arrow"}]}
RESULT: {"script":"<script> [1562 bytes]","args":[{"selector":{"id":"application-manageyards-display-component---NewYard--addressDetailDetailsLanguage-arrow"},"wdio_ui5_key":"applicationmanageyards-display-component---NewYard--addressDetailDetailsLanguage-arrow"}]}
RESULT: undefined
COMMAND: POST /session/d2ee73163e71edf45acf38a1abb82030/element - {"using":"xpath","value":"//*[@id=\"application-manageyards-display-component---NewYard--addressDetailDetailsLanguage-arrow\"]"}
RESULT: {"using":"xpath","value":"//*[@id=\"application-manageyards-display-component---NewYard--addressDetailDetailsLanguage-arrow\"]"}
COMMAND: POST /session/d2ee73163e71edf45acf38a1abb82030/element/f.39032AFF0B9C80A7D793EE88796AE887.d.5AB76D59C44B0F41DC519C356E6645DD.e.727/click - {}
RESULT: {}
COMMAND: POST /session/d2ee73163e71edf45acf38a1abb82030/element - {"using":"xpath","value":"//span[contains(text(), \"English\")]"}
COMMAND: GET /session/d2ee73163e71edf45acf38a1abb82030/screenshot - {}
RESULT: {"using":"xpath","value":"//span[contains(text(), \"English\")]"}
COMMAND: POST /session/d2ee73163e71edf45acf38a1abb82030/element/f.39032AFF0B9C80A7D793EE88796AE887.d.5AB76D59C44B0F41DC519C356E6645DD.e.728/click - {}
RESULT: {}
RESULT: {}
COMMAND: POST /session/d2ee73163e71edf45acf38a1abb82030/execute/async - {"script":"<script> [1562 bytes]","args":[{"selector":{"id":"application-manageyards-display-component---NewYard--addressDetailDetailsCity1","interaction":{"idSuffix":"inner"}},"wdio_ui5_key":"applicationmanageyards-display-component---NewYard--addressDetailDetailsCity1"}]}
COMMAND: GET /session/d2ee73163e71edf45acf38a1abb82030/screenshot - {}
RESULT: {"script":"<script> [1562 bytes]","args":[{"selector":{"id":"application-manageyards-display-component---NewYard--addressDetailDetailsCity1","interaction":{"idSuffix":"inner"}},"wdio_ui5_key":"applicationmanageyards-display-component---NewYard--addressDetailDetailsCity1"}]}
RESULT: undefined
COMMAND: POST /session/d2ee73163e71edf45acf38a1abb82030/execute/async - {"script":"<script> [776 bytes]","args":[{"enterText":"Rosario","selector":{"id":"application-manageyards-display-component---NewYard--addressDetailDetailsCity1","interaction":{"idSuffix":"inner"}},"clearTextFirst":true,"interactionType":"ENTER_TEXT"}]}
RESULT: {}
RESULT: {"script":"<script> [776 bytes]","args":[{"enterText":"Rosario","selector":{"id":"application-manageyards-display-component---NewYard--addressDetailDetailsCity1","interaction":{"idSuffix":"inner"}},"clearTextFirst":true,"interactionType":"ENTER_TEXT"}]}
COMMAND: POST /session/d2ee73163e71edf45acf38a1abb82030/execute/async - {"script":"<script> [1562 bytes]","args":[{"selector":{"id":"application-manageyards-display-component---NewYard--addressDetailDetailsCountry-arrow"},"wdio_ui5_key":"applicationmanageyards-display-component---NewYard--addressDetailDetailsCountry-arrow"}]}
RESULT: {"script":"<script> [1562 bytes]","args":[{"selector":{"id":"application-manageyards-display-component---NewYard--addressDetailDetailsCountry-arrow"},"wdio_ui5_key":"applicationmanageyards-display-component---NewYard--addressDetailDetailsCountry-arrow"}]}
RESULT: undefined
COMMAND: POST /session/d2ee73163e71edf45acf38a1abb82030/element - {"using":"xpath","value":"//*[@id=\"application-manageyards-display-component---NewYard--addressDetailDetailsCountry-arrow\"]"}
RESULT: {"using":"xpath","value":"//*[@id=\"application-manageyards-display-component---NewYard--addressDetailDetailsCountry-arrow\"]"}
COMMAND: POST /session/d2ee73163e71edf45acf38a1abb82030/element/f.39032AFF0B9C80A7D793EE88796AE887.d.5AB76D59C44B0F41DC519C356E6645DD.e.730/click - {}
RESULT: {}
COMMAND: POST /session/d2ee73163e71edf45acf38a1abb82030/element - {"using":"xpath","value":"//span[contains(text(), \"Argentina\")]"}
COMMAND: GET /session/d2ee73163e71edf45acf38a1abb82030/screenshot - {}
RESULT: {"using":"xpath","value":"//span[contains(text(), \"Argentina\")]"}
COMMAND: POST /session/d2ee73163e71edf45acf38a1abb82030/element/f.39032AFF0B9C80A7D793EE88796AE887.d.5AB76D59C44B0F41DC519C356E6645DD.e.731/click - {}
RESULT: {}
RESULT: {}
COMMAND: POST /session/d2ee73163e71edf45acf38a1abb82030/execute/async - {"script":"<script> [1562 bytes]","args":[{"selector":{"id":"application-manageyards-display-component---NewYard--addressEditDetailsCostObjectCstType-arrow"},"wdio_ui5_key":"applicationmanageyards-display-component---NewYard--addressEditDetailsCostObjectCstType-arrow"}]}
COMMAND: GET /session/d2ee73163e71edf45acf38a1abb82030/screenshot - {}
RESULT: {"script":"<script> [1562 bytes]","args":[{"selector":{"id":"application-manageyards-display-component---NewYard--addressEditDetailsCostObjectCstType-arrow"},"wdio_ui5_key":"applicationmanageyards-display-component---NewYard--addressEditDetailsCostObjectCstType-arrow"}]}
RESULT: undefined
COMMAND: POST /session/d2ee73163e71edf45acf38a1abb82030/element - {"using":"xpath","value":"//*[@id=\"application-manageyards-display-component---NewYard--addressEditDetailsCostObjectCstType-arrow\"]"}
RESULT: {}
RESULT: {"using":"xpath","value":"//*[@id=\"application-manageyards-display-component---NewYard--addressEditDetailsCostObjectCstType-arrow\"]"}
COMMAND: POST /session/d2ee73163e71edf45acf38a1abb82030/element/f.39032AFF0B9C80A7D793EE88796AE887.d.5AB76D59C44B0F41DC519C356E6645DD.e.732/click - {}
RESULT: {}
COMMAND: POST /session/d2ee73163e71edf45acf38a1abb82030/element - {"using":"xpath","value":"//span[contains(text(), \"Cost Center\")]"}
COMMAND: GET /session/d2ee73163e71edf45acf38a1abb82030/screenshot - {}
RESULT: {"using":"xpath","value":"//span[contains(text(), \"Cost Center\")]"}
COMMAND: POST /session/d2ee73163e71edf45acf38a1abb82030/element/f.39032AFF0B9C80A7D793EE88796AE887.d.5AB76D59C44B0F41DC519C356E6645DD.e.733/click - {}
RESULT: {}
RESULT: {}
COMMAND: GET /session/d2ee73163e71edf45acf38a1abb82030/screenshot - {}
RESULT: {}
COMMAND: POST /session/d2ee73163e71edf45acf38a1abb82030/element - {"using":"xpath","value":"//span[@id=\"application-manageyards-display-component---NewYard--addressNewCostObjectCstID-vhi\"]"}
RESULT: {"using":"xpath","value":"//span[@id=\"application-manageyards-display-component---NewYard--addressNewCostObjectCstID-vhi\"]"}
COMMAND: POST /session/d2ee73163e71edf45acf38a1abb82030/execute/sync - {"script":"<script> [8489 bytes]","args":[{"element-6066-11e4-a52e-4f735466cecf":"f.39032AFF0B9C80A7D793EE88796AE887.d.5AB76D59C44B0F41DC519C356E6645DD.e.737","ELEMENT":"f.39032AFF0B9C80A7D793EE88796AE887.d.5AB76D59C44B0F41DC519C356E6645DD.e.737"}]}
RESULT: {"script":"<script> [8489 bytes]","args":[{"element-6066-11e4-a52e-4f735466cecf":"f.39032AFF0B9C80A7D793EE88796AE887.d.5AB76D59C44B0F41DC519C356E6645DD.e.737","ELEMENT":"f.39032AFF0B9C80A7D793EE88796AE887.d.5AB76D59C44B0F41DC519C356E6645DD.e.737"}]}
COMMAND: POST /session/d2ee73163e71edf45acf38a1abb82030/execute/async - {"script":"<script> [1562 bytes]","args":[{"selector":{"id":"application-manageyards-display-component---NewYard--addressNewCostObjectCstID-vhi"},"wdio_ui5_key":"applicationmanageyards-display-component---NewYard--addressNewCostObjectCstID-vhi"}]}
COMMAND: GET /session/d2ee73163e71edf45acf38a1abb82030/screenshot - {}
RESULT: {"script":"<script> [1562 bytes]","args":[{"selector":{"id":"application-manageyards-display-component---NewYard--addressNewCostObjectCstID-vhi"},"wdio_ui5_key":"applicationmanageyards-display-component---NewYard--addressNewCostObjectCstID-vhi"}]}
RESULT: undefined
COMMAND: POST /session/d2ee73163e71edf45acf38a1abb82030/element - {"using":"xpath","value":"//*[@id=\"application-manageyards-display-component---NewYard--addressNewCostObjectCstID-vhi\"]"}
RESULT: {}
RESULT: {"using":"xpath","value":"//*[@id=\"application-manageyards-display-component---NewYard--addressNewCostObjectCstID-vhi\"]"}
COMMAND: POST /session/d2ee73163e71edf45acf38a1abb82030/element/f.39032AFF0B9C80A7D793EE88796AE887.d.5AB76D59C44B0F41DC519C356E6645DD.e.737/click - {}
RESULT: {}
COMMAND: GET /session/d2ee73163e71edf45acf38a1abb82030/screenshot - {}
RESULT: {}
COMMAND: POST /session/d2ee73163e71edf45acf38a1abb82030/execute/async - {"script":"<script> [1562 bytes]","args":[{"selector":{"controlType":"sap.m.SearchField","properties":{"placeholder":"Search"},"searchOpenDialogs":true,"interaction":{"idSuffix":"I"}},"wdio_ui5_key":"sapm.SearchField{\"placeholder\":\"Search\"}"}]}
RESULT: {"script":"<script> [1562 bytes]","args":[{"selector":{"controlType":"sap.m.SearchField","properties":{"placeholder":"Search"},"searchOpenDialogs":true,"interaction":{"idSuffix":"I"}},"wdio_ui5_key":"sapm.SearchField{\"placeholder\":\"Search\"}"}]}
RESULT: undefined
COMMAND: POST /session/d2ee73163e71edf45acf38a1abb82030/execute/async - {"script":"<script> [776 bytes]","args":[{"enterText":"bauh_b","selector":{"controlType":"sap.m.SearchField","properties":{"placeholder":"Search"},"searchOpenDialogs":true,"interaction":{"idSuffix":"I"}},"clearTextFirst":true,"interactionType":"ENTER_TEXT"}]}
RESULT: {"script":"<script> [776 bytes]","args":[{"enterText":"bauh_b","selector":{"controlType":"sap.m.SearchField","properties":{"placeholder":"Search"},"searchOpenDialogs":true,"interaction":{"idSuffix":"I"}},"clearTextFirst":true,"interactionType":"ENTER_TEXT"}]}
COMMAND: POST /session/d2ee73163e71edf45acf38a1abb82030/actions - {"actions":[{"id":"action1","type":"key","parameters":{},"actions":[{"type":"keyDown","value":"î€‡"},{"type":"pause","duration":10},{"type":"keyUp","value":"î€‡"}]}]}
RESULT: {"actions":[{"id":"action1","type":"key","parameters":{},"actions":[{"type":"keyDown","value":"î€‡"},{"type":"pause","duration":10},{"type":"keyUp","value":"î€‡"}]}]}
COMMAND: GET /session/d2ee73163e71edf45acf38a1abb82030/screenshot - {}
RESULT: {}
COMMAND: POST /session/d2ee73163e71edf45acf38a1abb82030/element - {"using":"xpath","value":"//span[contains(text(), \"Demo Yard\")]"}
RESULT: {"using":"xpath","value":"//span[contains(text(), \"Demo Yard\")]"}
COMMAND: POST /session/d2ee73163e71edf45acf38a1abb82030/element/f.39032AFF0B9C80A7D793EE88796AE887.d.5AB76D59C44B0F41DC519C356E6645DD.e.777/click - {}
RESULT: {}
COMMAND: GET /session/d2ee73163e71edf45acf38a1abb82030/screenshot - {}
RESULT: {}
COMMAND: POST /session/d2ee73163e71edf45acf38a1abb82030/element - {"using":"xpath","value":"//bdi[contains(text(), \"OK\")]"}
RESULT: {"using":"xpath","value":"//bdi[contains(text(), \"OK\")]"}
COMMAND: POST /session/d2ee73163e71edf45acf38a1abb82030/element/f.39032AFF0B9C80A7D793EE88796AE887.d.5AB76D59C44B0F41DC519C356E6645DD.e.778/click - {}
RESULT: {}
COMMAND: GET /session/d2ee73163e71edf45acf38a1abb82030/screenshot - {}
RESULT: {}
COMMAND: POST /session/d2ee73163e71edf45acf38a1abb82030/execute/async - {"script":"<script> [1562 bytes]","args":[{"selector":{"id":"application-manageyards-display-component---NewYard--addressEditDetailsCurrency-arrow"},"wdio_ui5_key":"applicationmanageyards-display-component---NewYard--addressEditDetailsCurrency-arrow"}]}
RESULT: {"script":"<script> [1562 bytes]","args":[{"selector":{"id":"application-manageyards-display-component---NewYard--addressEditDetailsCurrency-arrow"},"wdio_ui5_key":"applicationmanageyards-display-component---NewYard--addressEditDetailsCurrency-arrow"}]}
RESULT: undefined
COMMAND: POST /session/d2ee73163e71edf45acf38a1abb82030/element - {"using":"xpath","value":"//*[@id=\"application-manageyards-display-component---NewYard--addressEditDetailsCurrency-arrow\"]"}
RESULT: {"using":"xpath","value":"//*[@id=\"application-manageyards-display-component---NewYard--addressEditDetailsCurrency-arrow\"]"}
COMMAND: POST /session/d2ee73163e71edf45acf38a1abb82030/element/f.39032AFF0B9C80A7D793EE88796AE887.d.5AB76D59C44B0F41DC519C356E6645DD.e.781/click - {}
RESULT: {}
COMMAND: POST /session/d2ee73163e71edf45acf38a1abb82030/element - {"using":"xpath","value":"//span[contains(text(), \"Euro\")]"}
COMMAND: GET /session/d2ee73163e71edf45acf38a1abb82030/screenshot - {}
RESULT: {"using":"xpath","value":"//span[contains(text(), \"Euro\")]"}
COMMAND: POST /session/d2ee73163e71edf45acf38a1abb82030/element/f.39032AFF0B9C80A7D793EE88796AE887.d.5AB76D59C44B0F41DC519C356E6645DD.e.782/click - {}
RESULT: {}
RESULT: {}
COMMAND: POST /session/d2ee73163e71edf45acf38a1abb82030/execute/async - {"script":"<script> [1562 bytes]","args":[{"selector":{"controlType":"sap.m.Input","viewName":"etm.portal.ui.manageyards.view.New","viewId":"application-manageyards-display-component---NewYard","bindingPath":{"path":"","propertyPath":"/CONTROLLING_AREA","modelName":"NewYardModel"},"interaction":{"idSuffix":"inner"}},"wdio_ui5_key":"etmportal.ui.manageyards.view.Newsap.m.Input{\"path\":\"\",\"propertyPath\":\"/CONTROLLING_AREA\",\"modelName\":\"NewYardModel\"}"}]}
COMMAND: GET /session/d2ee73163e71edf45acf38a1abb82030/screenshot - {}
RESULT: {"script":"<script> [1562 bytes]","args":[{"selector":{"controlType":"sap.m.Input","viewName":"etm.portal.ui.manageyards.view.New","viewId":"application-manageyards-display-component---NewYard","bindingPath":{"path":"","propertyPath":"/CONTROLLING_AREA","modelName":"NewYardModel"},"interaction":{"idSuffix":"inner"}},"wdio_ui5_key":"etmportal.ui.manageyards.view.Newsap.m.Input{\"path\":\"\",\"propertyPath\":\"/CONTROLLING_AREA\",\"modelName\":\"NewYardModel\"}"}]}
RESULT: undefined
COMMAND: POST /session/d2ee73163e71edf45acf38a1abb82030/execute/async - {"script":"<script> [776 bytes]","args":[{"enterText":"Z001","selector":{"controlType":"sap.m.Input","viewName":"etm.portal.ui.manageyards.view.New","viewId":"application-manageyards-display-component---NewYard","bindingPath":{"path":"","propertyPath":"/CONTROLLING_AREA","modelName":"NewYardModel"},"interaction":{"idSuffix":"inner"}},"clearTextFirst":true,"interactionType":"ENTER_TEXT"}]}
RESULT: {}
RESULT: {"script":"<script> [776 bytes]","args":[{"enterText":"Z001","selector":{"controlType":"sap.m.Input","viewName":"etm.portal.ui.manageyards.view.New","viewId":"application-manageyards-display-component---NewYard","bindingPath":{"path":"","propertyPath":"/CONTROLLING_AREA","modelName":"NewYardModel"},"interaction":{"idSuffix":"inner"}},"clearTextFirst":true,"interactionType":"ENTER_TEXT"}]}
COMMAND: POST /session/d2ee73163e71edf45acf38a1abb82030/execute/async - {"script":"<script> [1562 bytes]","args":[{"selector":{"id":"application-manageyards-display-component---NewYard--companyCodeComboBox","interaction":{"idSuffix":"inner"}},"wdio_ui5_key":"applicationmanageyards-display-component---NewYard--companyCodeComboBox"}]}
RESULT: {"script":"<script> [1562 bytes]","args":[{"selector":{"id":"application-manageyards-display-component---NewYard--companyCodeComboBox","interaction":{"idSuffix":"inner"}},"wdio_ui5_key":"applicationmanageyards-display-component---NewYard--companyCodeComboBox"}]}
RESULT: undefined
COMMAND: POST /session/d2ee73163e71edf45acf38a1abb82030/execute/async - {"script":"<script> [776 bytes]","args":[{"enterText":"1000","selector":{"id":"application-manageyards-display-component---NewYard--companyCodeComboBox","interaction":{"idSuffix":"inner"}},"clearTextFirst":true,"interactionType":"ENTER_TEXT"}]}
RESULT: {"script":"<script> [776 bytes]","args":[{"enterText":"1000","selector":{"id":"application-manageyards-display-component---NewYard--companyCodeComboBox","interaction":{"idSuffix":"inner"}},"clearTextFirst":true,"interactionType":"ENTER_TEXT"}]}
COMMAND: POST /session/d2ee73163e71edf45acf38a1abb82030/execute/async - {"script":"<script> [1562 bytes]","args":[{"selector":{"controlType":"sap.m.Input","viewName":"etm.portal.ui.manageyards.view.New","viewId":"application-manageyards-display-component---NewYard","bindingPath":{"path":"","propertyPath":"/PLANT","modelName":"NewYardModel"},"interaction":{"idSuffix":"inner"}},"wdio_ui5_key":"etmportal.ui.manageyards.view.Newsap.m.Input{\"path\":\"\",\"propertyPath\":\"/PLANT\",\"modelName\":\"NewYardModel\"}"}]}
RESULT: {"script":"<script> [1562 bytes]","args":[{"selector":{"controlType":"sap.m.Input","viewName":"etm.portal.ui.manageyards.view.New","viewId":"application-manageyards-display-component---NewYard","bindingPath":{"path":"","propertyPath":"/PLANT","modelName":"NewYardModel"},"interaction":{"idSuffix":"inner"}},"wdio_ui5_key":"etmportal.ui.manageyards.view.Newsap.m.Input{\"path\":\"\",\"propertyPath\":\"/PLANT\",\"modelName\":\"NewYardModel\"}"}]}
RESULT: undefined
COMMAND: POST /session/d2ee73163e71edf45acf38a1abb82030/execute/async - {"script":"<script> [776 bytes]","args":[{"enterText":"1001","selector":{"controlType":"sap.m.Input","viewName":"etm.portal.ui.manageyards.view.New","viewId":"application-manageyards-display-component---NewYard","bindingPath":{"path":"","propertyPath":"/PLANT","modelName":"NewYardModel"},"interaction":{"idSuffix":"inner"}},"clearTextFirst":true,"interactionType":"ENTER_TEXT"}]}
RESULT: {"script":"<script> [776 bytes]","args":[{"enterText":"1001","selector":{"controlType":"sap.m.Input","viewName":"etm.portal.ui.manageyards.view.New","viewId":"application-manageyards-display-component---NewYard","bindingPath":{"path":"","propertyPath":"/PLANT","modelName":"NewYardModel"},"interaction":{"idSuffix":"inner"}},"clearTextFirst":true,"interactionType":"ENTER_TEXT"}]}
COMMAND: POST /session/d2ee73163e71edf45acf38a1abb82030/execute/async - {"script":"<script> [1562 bytes]","args":[{"selector":{"controlType":"sap.m.Input","viewName":"etm.portal.ui.manageyards.view.New","viewId":"application-manageyards-display-component---NewYard","bindingPath":{"path":"","propertyPath":"/SALES_AREA_VKORG","modelName":"NewYardModel"},"interaction":{"idSuffix":"inner"}},"wdio_ui5_key":"etmportal.ui.manageyards.view.Newsap.m.Input{\"path\":\"\",\"propertyPath\":\"/SALES_AREA_VKORG\",\"modelName\":\"NewYardModel\"}"}]}
RESULT: {"script":"<script> [1562 bytes]","args":[{"selector":{"controlType":"sap.m.Input","viewName":"etm.portal.ui.manageyards.view.New","viewId":"application-manageyards-display-component---NewYard","bindingPath":{"path":"","propertyPath":"/SALES_AREA_VKORG","modelName":"NewYardModel"},"interaction":{"idSuffix":"inner"}},"wdio_ui5_key":"etmportal.ui.manageyards.view.Newsap.m.Input{\"path\":\"\",\"propertyPath\":\"/SALES_AREA_VKORG\",\"modelName\":\"NewYardModel\"}"}]}
RESULT: undefined
COMMAND: POST /session/d2ee73163e71edf45acf38a1abb82030/execute/async - {"script":"<script> [776 bytes]","args":[{"enterText":"C002","selector":{"controlType":"sap.m.Input","viewName":"etm.portal.ui.manageyards.view.New","viewId":"application-manageyards-display-component---NewYard","bindingPath":{"path":"","propertyPath":"/SALES_AREA_VKORG","modelName":"NewYardModel"},"interaction":{"idSuffix":"inner"}},"clearTextFirst":true,"interactionType":"ENTER_TEXT"}]}
RESULT: {"script":"<script> [776 bytes]","args":[{"enterText":"C002","selector":{"controlType":"sap.m.Input","viewName":"etm.portal.ui.manageyards.view.New","viewId":"application-manageyards-display-component---NewYard","bindingPath":{"path":"","propertyPath":"/SALES_AREA_VKORG","modelName":"NewYardModel"},"interaction":{"idSuffix":"inner"}},"clearTextFirst":true,"interactionType":"ENTER_TEXT"}]}
COMMAND: POST /session/d2ee73163e71edf45acf38a1abb82030/execute/async - {"script":"<script> [1562 bytes]","args":[{"selector":{"controlType":"sap.m.Input","viewName":"etm.portal.ui.manageyards.view.New","viewId":"application-manageyards-display-component---NewYard","bindingPath":{"path":"","propertyPath":"/SALES_AREA_VTWEG","modelName":"NewYardModel"},"interaction":{"idSuffix":"inner"}},"wdio_ui5_key":"etmportal.ui.manageyards.view.Newsap.m.Input{\"path\":\"\",\"propertyPath\":\"/SALES_AREA_VTWEG\",\"modelName\":\"NewYardModel\"}"}]}
RESULT: {"script":"<script> [1562 bytes]","args":[{"selector":{"controlType":"sap.m.Input","viewName":"etm.portal.ui.manageyards.view.New","viewId":"application-manageyards-display-component---NewYard","bindingPath":{"path":"","propertyPath":"/SALES_AREA_VTWEG","modelName":"NewYardModel"},"interaction":{"idSuffix":"inner"}},"wdio_ui5_key":"etmportal.ui.manageyards.view.Newsap.m.Input{\"path\":\"\",\"propertyPath\":\"/SALES_AREA_VTWEG\",\"modelName\":\"NewYardModel\"}"}]}
RESULT: undefined
COMMAND: POST /session/d2ee73163e71edf45acf38a1abb82030/execute/async - {"script":"<script> [776 bytes]","args":[{"enterText":"C2","selector":{"controlType":"sap.m.Input","viewName":"etm.portal.ui.manageyards.view.New","viewId":"application-manageyards-display-component---NewYard","bindingPath":{"path":"","propertyPath":"/SALES_AREA_VTWEG","modelName":"NewYardModel"},"interaction":{"idSuffix":"inner"}},"clearTextFirst":true,"interactionType":"ENTER_TEXT"}]}
RESULT: {"script":"<script> [776 bytes]","args":[{"enterText":"C2","selector":{"controlType":"sap.m.Input","viewName":"etm.portal.ui.manageyards.view.New","viewId":"application-manageyards-display-component---NewYard","bindingPath":{"path":"","propertyPath":"/SALES_AREA_VTWEG","modelName":"NewYardModel"},"interaction":{"idSuffix":"inner"}},"clearTextFirst":true,"interactionType":"ENTER_TEXT"}]}
COMMAND: POST /session/d2ee73163e71edf45acf38a1abb82030/execute/async - {"script":"<script> [1562 bytes]","args":[{"selector":{"controlType":"sap.m.Input","viewName":"etm.portal.ui.manageyards.view.New","viewId":"application-manageyards-display-component---NewYard","bindingPath":{"path":"","propertyPath":"/SALES_AREA_SPART","modelName":"NewYardModel"},"interaction":{"idSuffix":"inner"}},"wdio_ui5_key":"etmportal.ui.manageyards.view.Newsap.m.Input{\"path\":\"\",\"propertyPath\":\"/SALES_AREA_SPART\",\"modelName\":\"NewYardModel\"}"}]}
RESULT: {"script":"<script> [1562 bytes]","args":[{"selector":{"controlType":"sap.m.Input","viewName":"etm.portal.ui.manageyards.view.New","viewId":"application-manageyards-display-component---NewYard","bindingPath":{"path":"","propertyPath":"/SALES_AREA_SPART","modelName":"NewYardModel"},"interaction":{"idSuffix":"inner"}},"wdio_ui5_key":"etmportal.ui.manageyards.view.Newsap.m.Input{\"path\":\"\",\"propertyPath\":\"/SALES_AREA_SPART\",\"modelName\":\"NewYardModel\"}"}]}
RESULT: undefined
COMMAND: POST /session/d2ee73163e71edf45acf38a1abb82030/execute/async - {"script":"<script> [776 bytes]","args":[{"enterText":"C2","selector":{"controlType":"sap.m.Input","viewName":"etm.portal.ui.manageyards.view.New","viewId":"application-manageyards-display-component---NewYard","bindingPath":{"path":"","propertyPath":"/SALES_AREA_SPART","modelName":"NewYardModel"},"interaction":{"idSuffix":"inner"}},"clearTextFirst":true,"interactionType":"ENTER_TEXT"}]}
RESULT: {"script":"<script> [776 bytes]","args":[{"enterText":"C2","selector":{"controlType":"sap.m.Input","viewName":"etm.portal.ui.manageyards.view.New","viewId":"application-manageyards-display-component---NewYard","bindingPath":{"path":"","propertyPath":"/SALES_AREA_SPART","modelName":"NewYardModel"},"interaction":{"idSuffix":"inner"}},"clearTextFirst":true,"interactionType":"ENTER_TEXT"}]}
COMMAND: POST /session/d2ee73163e71edf45acf38a1abb82030/execute/async - {"script":"<script> [1562 bytes]","args":[{"selector":{"controlType":"sap.m.Input","viewName":"etm.portal.ui.manageyards.view.New","viewId":"application-manageyards-display-component---NewYard","bindingPath":{"path":"","propertyPath":"/SHIP_POINT","modelName":"NewYardModel"},"interaction":{"idSuffix":"inner"}},"wdio_ui5_key":"etmportal.ui.manageyards.view.Newsap.m.Input{\"path\":\"\",\"propertyPath\":\"/SHIP_POINT\",\"modelName\":\"NewYardModel\"}"}]}
RESULT: {"script":"<script> [1562 bytes]","args":[{"selector":{"controlType":"sap.m.Input","viewName":"etm.portal.ui.manageyards.view.New","viewId":"application-manageyards-display-component---NewYard","bindingPath":{"path":"","propertyPath":"/SHIP_POINT","modelName":"NewYardModel"},"interaction":{"idSuffix":"inner"}},"wdio_ui5_key":"etmportal.ui.manageyards.view.Newsap.m.Input{\"path\":\"\",\"propertyPath\":\"/SHIP_POINT\",\"modelName\":\"NewYardModel\"}"}]}
RESULT: undefined
COMMAND: POST /session/d2ee73163e71edf45acf38a1abb82030/execute/async - {"script":"<script> [776 bytes]","args":[{"enterText":"1710","selector":{"controlType":"sap.m.Input","viewName":"etm.portal.ui.manageyards.view.New","viewId":"application-manageyards-display-component---NewYard","bindingPath":{"path":"","propertyPath":"/SHIP_POINT","modelName":"NewYardModel"},"interaction":{"idSuffix":"inner"}},"clearTextFirst":true,"interactionType":"ENTER_TEXT"}]}
RESULT: {"script":"<script> [776 bytes]","args":[{"enterText":"1710","selector":{"controlType":"sap.m.Input","viewName":"etm.portal.ui.manageyards.view.New","viewId":"application-manageyards-display-component---NewYard","bindingPath":{"path":"","propertyPath":"/SHIP_POINT","modelName":"NewYardModel"},"interaction":{"idSuffix":"inner"}},"clearTextFirst":true,"interactionType":"ENTER_TEXT"}]}
COMMAND: POST /session/d2ee73163e71edf45acf38a1abb82030/execute/async - {"script":"<script> [1562 bytes]","args":[{"selector":{"controlType":"sap.m.Input","viewName":"etm.portal.ui.manageyards.view.New","viewId":"application-manageyards-display-component---NewYard","bindingPath":{"path":"","propertyPath":"/DELIVERY_TYPE","modelName":"NewYardModel"},"interaction":{"idSuffix":"inner"}},"wdio_ui5_key":"etmportal.ui.manageyards.view.Newsap.m.Input{\"path\":\"\",\"propertyPath\":\"/DELIVERY_TYPE\",\"modelName\":\"NewYardModel\"}"}]}
RESULT: {"script":"<script> [1562 bytes]","args":[{"selector":{"controlType":"sap.m.Input","viewName":"etm.portal.ui.manageyards.view.New","viewId":"application-manageyards-display-component---NewYard","bindingPath":{"path":"","propertyPath":"/DELIVERY_TYPE","modelName":"NewYardModel"},"interaction":{"idSuffix":"inner"}},"wdio_ui5_key":"etmportal.ui.manageyards.view.Newsap.m.Input{\"path\":\"\",\"propertyPath\":\"/DELIVERY_TYPE\",\"modelName\":\"NewYardModel\"}"}]}
RESULT: undefined
COMMAND: POST /session/d2ee73163e71edf45acf38a1abb82030/execute/async - {"script":"<script> [776 bytes]","args":[{"enterText":"ZL01","selector":{"controlType":"sap.m.Input","viewName":"etm.portal.ui.manageyards.view.New","viewId":"application-manageyards-display-component---NewYard","bindingPath":{"path":"","propertyPath":"/DELIVERY_TYPE","modelName":"NewYardModel"},"interaction":{"idSuffix":"inner"}},"clearTextFirst":true,"interactionType":"ENTER_TEXT"}]}
RESULT: {"script":"<script> [776 bytes]","args":[{"enterText":"ZL01","selector":{"controlType":"sap.m.Input","viewName":"etm.portal.ui.manageyards.view.New","viewId":"application-manageyards-display-component---NewYard","bindingPath":{"path":"","propertyPath":"/DELIVERY_TYPE","modelName":"NewYardModel"},"interaction":{"idSuffix":"inner"}},"clearTextFirst":true,"interactionType":"ENTER_TEXT"}]}
COMMAND: POST /session/d2ee73163e71edf45acf38a1abb82030/execute/async - {"script":"<script> [1562 bytes]","args":[{"selector":{"controlType":"sap.m.Input","viewName":"etm.portal.ui.manageyards.view.New","viewId":"application-manageyards-display-component---NewYard","bindingPath":{"path":"","propertyPath":"/AUART","modelName":"NewYardModel"},"interaction":{"idSuffix":"inner"}},"wdio_ui5_key":"etmportal.ui.manageyards.view.Newsap.m.Input{\"path\":\"\",\"propertyPath\":\"/AUART\",\"modelName\":\"NewYardModel\"}"}]}
RESULT: {"script":"<script> [1562 bytes]","args":[{"selector":{"controlType":"sap.m.Input","viewName":"etm.portal.ui.manageyards.view.New","viewId":"application-manageyards-display-component---NewYard","bindingPath":{"path":"","propertyPath":"/AUART","modelName":"NewYardModel"},"interaction":{"idSuffix":"inner"}},"wdio_ui5_key":"etmportal.ui.manageyards.view.Newsap.m.Input{\"path\":\"\",\"propertyPath\":\"/AUART\",\"modelName\":\"NewYardModel\"}"}]}
RESULT: undefined
COMMAND: POST /session/d2ee73163e71edf45acf38a1abb82030/execute/async - {"script":"<script> [776 bytes]","args":[{"enterText":"TA","selector":{"controlType":"sap.m.Input","viewName":"etm.portal.ui.manageyards.view.New","viewId":"application-manageyards-display-component---NewYard","bindingPath":{"path":"","propertyPath":"/AUART","modelName":"NewYardModel"},"interaction":{"idSuffix":"inner"}},"clearTextFirst":true,"interactionType":"ENTER_TEXT"}]}
RESULT: {"script":"<script> [776 bytes]","args":[{"enterText":"TA","selector":{"controlType":"sap.m.Input","viewName":"etm.portal.ui.manageyards.view.New","viewId":"application-manageyards-display-component---NewYard","bindingPath":{"path":"","propertyPath":"/AUART","modelName":"NewYardModel"},"interaction":{"idSuffix":"inner"}},"clearTextFirst":true,"interactionType":"ENTER_TEXT"}]}
COMMAND: POST /session/d2ee73163e71edf45acf38a1abb82030/element - {"using":"xpath","value":"//button[@data-kt=\"newYardSaveButton\"]"}
RESULT: {"using":"xpath","value":"//button[@data-kt=\"newYardSaveButton\"]"}
COMMAND: POST /session/d2ee73163e71edf45acf38a1abb82030/element/f.39032AFF0B9C80A7D793EE88796AE887.d.5AB76D59C44B0F41DC519C356E6645DD.e.673/click - {}
RESULT: {}
COMMAND: GET /session/d2ee73163e71edf45acf38a1abb82030/screenshot - {}
RESULT: {}
COMMAND: POST /session/d2ee73163e71edf45acf38a1abb82030/element - {"using":"xpath","value":"//header[contains(@id, 'ObjectPageLayout-headerTitle')]/div[1]/div[2]/div[1]/span[1]"}
RESULT: {"using":"xpath","value":"//header[contains(@id, 'ObjectPageLayout-headerTitle')]/div[1]/div[2]/div[1]/span[1]"}
COMMAND: POST /session/d2ee73163e71edf45acf38a1abb82030/elements - {"using":"xpath","value":"//header[contains(@id, 'ObjectPageLayout-headerTitle')]/div[1]/div[2]/div[1]/span[1]"}
RESULT: {"using":"xpath","value":"//header[contains(@id, 'ObjectPageLayout-headerTitle')]/div[1]/div[2]/div[1]/span[1]"}
COMMAND: POST /session/d2ee73163e71edf45acf38a1abb82030/execute/sync - {"script":"<script> [56 bytes]","args":[{"element-6066-11e4-a52e-4f735466cecf":"f.39032AFF0B9C80A7D793EE88796AE887.d.5AB76D59C44B0F41DC519C356E6645DD.e.1015","ELEMENT":"f.39032AFF0B9C80A7D793EE88796AE887.d.5AB76D59C44B0F41DC519C356E6645DD.e.1015"}]}
RESULT: {"script":"<script> [56 bytes]","args":[{"element-6066-11e4-a52e-4f735466cecf":"f.39032AFF0B9C80A7D793EE88796AE887.d.5AB76D59C44B0F41DC519C356E6645DD.e.1015","ELEMENT":"f.39032AFF0B9C80A7D793EE88796AE887.d.5AB76D59C44B0F41DC519C356E6645DD.e.1015"}]}
COMMAND: GET /session/d2ee73163e71edf45acf38a1abb82030/screenshot - {}
RESULT: {}
COMMAND: POST /session/d2ee73163e71edf45acf38a1abb82030/element - {"using":"css selector","value":"#shell-header-logo"}
RESULT: {"using":"css selector","value":"#shell-header-logo"}
COMMAND: POST /session/d2ee73163e71edf45acf38a1abb82030/element/f.39032AFF0B9C80A7D793EE88796AE887.d.5AB76D59C44B0F41DC519C356E6645DD.e.249/click - {}
RESULT: {}
COMMAND: GET /session/d2ee73163e71edf45acf38a1abb82030/screenshot - {}
RESULT: {}
COMMAND: POST /session/d2ee73163e71edf45acf38a1abb82030/execute/sync - {"script":"<script> [299 bytes]","args":[["getModel","getResource"]]}
RESULT: {"script":"<script> [299 bytes]","args":[["getModel","getResource"]]}
]]></system-out>
    </testcase>
    <testcase classname="chrome.136_0_7103_93.windows.Billing_confirm_US117289" name="Should create a new partner" time="128.698">
      <system-out><![CDATA[
COMMAND: POST /session/d2ee73163e71edf45acf38a1abb82030/window/fullscreen - {}
COMMAND: GET /session/d2ee73163e71edf45acf38a1abb82030/screenshot - {}
RESULT: {}
COMMAND: POST /session/d2ee73163e71edf45acf38a1abb82030/execute/async - {"script":"<script> [1562 bytes]","args":[{"selector":{"controlType":"sap.m.GenericTile","properties":{"header":"Manage Partners"}},"wdio_ui5_key":"sapm.GenericTile{\"header\":\"Manage Partners\"}"}]}
RESULT: {}
RESULT: {"script":"<script> [1562 bytes]","args":[{"selector":{"controlType":"sap.m.GenericTile","properties":{"header":"Manage Partners"}},"wdio_ui5_key":"sapm.GenericTile{\"header\":\"Manage Partners\"}"}]}
RESULT: undefined
COMMAND: POST /session/d2ee73163e71edf45acf38a1abb82030/element - {"using":"xpath","value":"//*[@id=\"__tile38\"]"}
RESULT: {"using":"xpath","value":"//*[@id=\"__tile38\"]"}
COMMAND: POST /session/d2ee73163e71edf45acf38a1abb82030/element/f.39032AFF0B9C80A7D793EE88796AE887.d.5AB76D59C44B0F41DC519C356E6645DD.e.146/click - {}
RESULT: {}
COMMAND: GET /session/d2ee73163e71edf45acf38a1abb82030/screenshot - {}
RESULT: {}
COMMAND: POST /session/d2ee73163e71edf45acf38a1abb82030/elements - {"using":"xpath","value":"//span[text()='Error']"}
RESULT: {"using":"xpath","value":"//span[text()='Error']"}
COMMAND: POST /session/d2ee73163e71edf45acf38a1abb82030/element - {"using":"xpath","value":"//button[@data-kt=\"addButton\"]"}
RESULT: {"using":"xpath","value":"//button[@data-kt=\"addButton\"]"}
COMMAND: POST /session/d2ee73163e71edf45acf38a1abb82030/elements - {"using":"xpath","value":"//button[@data-kt=\"addButton\"]"}
RESULT: {"using":"xpath","value":"//button[@data-kt=\"addButton\"]"}
COMMAND: POST /session/d2ee73163e71edf45acf38a1abb82030/execute/sync - {"script":"<script> [8489 bytes]","args":[{"element-6066-11e4-a52e-4f735466cecf":"f.39032AFF0B9C80A7D793EE88796AE887.d.5AB76D59C44B0F41DC519C356E6645DD.e.1063","ELEMENT":"f.39032AFF0B9C80A7D793EE88796AE887.d.5AB76D59C44B0F41DC519C356E6645DD.e.1063"}]}
RESULT: {"script":"<script> [8489 bytes]","args":[{"element-6066-11e4-a52e-4f735466cecf":"f.39032AFF0B9C80A7D793EE88796AE887.d.5AB76D59C44B0F41DC519C356E6645DD.e.1063","ELEMENT":"f.39032AFF0B9C80A7D793EE88796AE887.d.5AB76D59C44B0F41DC519C356E6645DD.e.1063"}]}
COMMAND: GET /session/d2ee73163e71edf45acf38a1abb82030/element/f.39032AFF0B9C80A7D793EE88796AE887.d.5AB76D59C44B0F41DC519C356E6645DD.e.1063/enabled - {}
COMMAND: GET /session/d2ee73163e71edf45acf38a1abb82030/screenshot - {}
RESULT: {}
COMMAND: POST /session/d2ee73163e71edf45acf38a1abb82030/execute/sync - {"script":"<script> [8489 bytes]","args":[{"element-6066-11e4-a52e-4f735466cecf":"f.39032AFF0B9C80A7D793EE88796AE887.d.5AB76D59C44B0F41DC519C356E6645DD.e.1063","ELEMENT":"f.39032AFF0B9C80A7D793EE88796AE887.d.5AB76D59C44B0F41DC519C356E6645DD.e.1063"}]}
COMMAND: GET /session/d2ee73163e71edf45acf38a1abb82030/screenshot - {}
RESULT: {}
RESULT: {"script":"<script> [8489 bytes]","args":[{"element-6066-11e4-a52e-4f735466cecf":"f.39032AFF0B9C80A7D793EE88796AE887.d.5AB76D59C44B0F41DC519C356E6645DD.e.1063","ELEMENT":"f.39032AFF0B9C80A7D793EE88796AE887.d.5AB76D59C44B0F41DC519C356E6645DD.e.1063"}]}
COMMAND: POST /session/d2ee73163e71edf45acf38a1abb82030/execute/sync - {"script":"<script> [5351 bytes]","args":[{"element-6066-11e4-a52e-4f735466cecf":"f.39032AFF0B9C80A7D793EE88796AE887.d.5AB76D59C44B0F41DC519C356E6645DD.e.1063","ELEMENT":"f.39032AFF0B9C80A7D793EE88796AE887.d.5AB76D59C44B0F41DC519C356E6645DD.e.1063"}]}
COMMAND: GET /session/d2ee73163e71edf45acf38a1abb82030/screenshot - {}
RESULT: {}
RESULT: {}
RESULT: {"script":"<script> [5351 bytes]","args":[{"element-6066-11e4-a52e-4f735466cecf":"f.39032AFF0B9C80A7D793EE88796AE887.d.5AB76D59C44B0F41DC519C356E6645DD.e.1063","ELEMENT":"f.39032AFF0B9C80A7D793EE88796AE887.d.5AB76D59C44B0F41DC519C356E6645DD.e.1063"}]}
COMMAND: POST /session/d2ee73163e71edf45acf38a1abb82030/element/f.39032AFF0B9C80A7D793EE88796AE887.d.5AB76D59C44B0F41DC519C356E6645DD.e.1063/click - {}
COMMAND: GET /session/d2ee73163e71edf45acf38a1abb82030/screenshot - {}
RESULT: {}
COMMAND: GET /session/d2ee73163e71edf45acf38a1abb82030/screenshot - {}
COMMAND: POST /session/d2ee73163e71edf45acf38a1abb82030/execute/async - {"script":"<script> [1562 bytes]","args":[{"selector":{"id":"application-managepartners-display-component---NewPartner--addressDetailDetailsName1","interaction":{"idSuffix":"inner"}},"wdio_ui5_key":"applicationmanagepartners-display-component---NewPartner--addressDetailDetailsName1"}]}
RESULT: {}
RESULT: {}
RESULT: {"script":"<script> [1562 bytes]","args":[{"selector":{"id":"application-managepartners-display-component---NewPartner--addressDetailDetailsName1","interaction":{"idSuffix":"inner"}},"wdio_ui5_key":"applicationmanagepartners-display-component---NewPartner--addressDetailDetailsName1"}]}
RESULT: undefined
COMMAND: POST /session/d2ee73163e71edf45acf38a1abb82030/execute/async - {"script":"<script> [776 bytes]","args":[{"enterText":"Intracompany Partner WDIO","selector":{"id":"application-managepartners-display-component---NewPartner--addressDetailDetailsName1","interaction":{"idSuffix":"inner"}},"clearTextFirst":true,"interactionType":"ENTER_TEXT"}]}
RESULT: {"script":"<script> [776 bytes]","args":[{"enterText":"Intracompany Partner WDIO","selector":{"id":"application-managepartners-display-component---NewPartner--addressDetailDetailsName1","interaction":{"idSuffix":"inner"}},"clearTextFirst":true,"interactionType":"ENTER_TEXT"}]}
COMMAND: POST /session/d2ee73163e71edf45acf38a1abb82030/execute/async - {"script":"<script> [1562 bytes]","args":[{"selector":{"id":"application-managepartners-display-component---NewPartner--addressDetailDetailsLanguage-arrow"},"wdio_ui5_key":"applicationmanagepartners-display-component---NewPartner--addressDetailDetailsLanguage-arrow"}]}
RESULT: {"script":"<script> [1562 bytes]","args":[{"selector":{"id":"application-managepartners-display-component---NewPartner--addressDetailDetailsLanguage-arrow"},"wdio_ui5_key":"applicationmanagepartners-display-component---NewPartner--addressDetailDetailsLanguage-arrow"}]}
RESULT: undefined
COMMAND: POST /session/d2ee73163e71edf45acf38a1abb82030/element - {"using":"xpath","value":"//*[@id=\"application-managepartners-display-component---NewPartner--addressDetailDetailsLanguage-arrow\"]"}
RESULT: {"using":"xpath","value":"//*[@id=\"application-managepartners-display-component---NewPartner--addressDetailDetailsLanguage-arrow\"]"}
COMMAND: POST /session/d2ee73163e71edf45acf38a1abb82030/element/f.39032AFF0B9C80A7D793EE88796AE887.d.5AB76D59C44B0F41DC519C356E6645DD.e.1509/click - {}
RESULT: {}
COMMAND: POST /session/d2ee73163e71edf45acf38a1abb82030/element - {"using":"xpath","value":"//span[contains(text(), \"English\")]"}
COMMAND: GET /session/d2ee73163e71edf45acf38a1abb82030/screenshot - {}
RESULT: {"using":"xpath","value":"//span[contains(text(), \"English\")]"}
COMMAND: POST /session/d2ee73163e71edf45acf38a1abb82030/element/f.39032AFF0B9C80A7D793EE88796AE887.d.5AB76D59C44B0F41DC519C356E6645DD.e.1510/click - {}
RESULT: {}
RESULT: {}
COMMAND: GET /session/d2ee73163e71edf45acf38a1abb82030/screenshot - {}
RESULT: {}
COMMAND: POST /session/d2ee73163e71edf45acf38a1abb82030/execute/async - {"script":"<script> [1562 bytes]","args":[{"selector":{"id":"application-managepartners-display-component---NewPartner--addressDetailDetailsCity1","interaction":{"idSuffix":"inner"}},"wdio_ui5_key":"applicationmanagepartners-display-component---NewPartner--addressDetailDetailsCity1"}]}
RESULT: {"script":"<script> [1562 bytes]","args":[{"selector":{"id":"application-managepartners-display-component---NewPartner--addressDetailDetailsCity1","interaction":{"idSuffix":"inner"}},"wdio_ui5_key":"applicationmanagepartners-display-component---NewPartner--addressDetailDetailsCity1"}]}
RESULT: undefined
COMMAND: POST /session/d2ee73163e71edf45acf38a1abb82030/execute/async - {"script":"<script> [776 bytes]","args":[{"enterText":"Rosario","selector":{"id":"application-managepartners-display-component---NewPartner--addressDetailDetailsCity1","interaction":{"idSuffix":"inner"}},"clearTextFirst":true,"interactionType":"ENTER_TEXT"}]}
RESULT: {"script":"<script> [776 bytes]","args":[{"enterText":"Rosario","selector":{"id":"application-managepartners-display-component---NewPartner--addressDetailDetailsCity1","interaction":{"idSuffix":"inner"}},"clearTextFirst":true,"interactionType":"ENTER_TEXT"}]}
COMMAND: POST /session/d2ee73163e71edf45acf38a1abb82030/execute/async - {"script":"<script> [1562 bytes]","args":[{"selector":{"id":"application-managepartners-display-component---NewPartner--addressDetailDetailsCountry-arrow"},"wdio_ui5_key":"applicationmanagepartners-display-component---NewPartner--addressDetailDetailsCountry-arrow"}]}
RESULT: {"script":"<script> [1562 bytes]","args":[{"selector":{"id":"application-managepartners-display-component---NewPartner--addressDetailDetailsCountry-arrow"},"wdio_ui5_key":"applicationmanagepartners-display-component---NewPartner--addressDetailDetailsCountry-arrow"}]}
RESULT: undefined
COMMAND: POST /session/d2ee73163e71edf45acf38a1abb82030/element - {"using":"xpath","value":"//*[@id=\"application-managepartners-display-component---NewPartner--addressDetailDetailsCountry-arrow\"]"}
RESULT: {"using":"xpath","value":"//*[@id=\"application-managepartners-display-component---NewPartner--addressDetailDetailsCountry-arrow\"]"}
COMMAND: POST /session/d2ee73163e71edf45acf38a1abb82030/element/f.39032AFF0B9C80A7D793EE88796AE887.d.5AB76D59C44B0F41DC519C356E6645DD.e.1477/click - {}
RESULT: {}
COMMAND: POST /session/d2ee73163e71edf45acf38a1abb82030/element - {"using":"xpath","value":"//span[contains(text(), \"Argentina\")]"}
COMMAND: GET /session/d2ee73163e71edf45acf38a1abb82030/screenshot - {}
RESULT: {"using":"xpath","value":"//span[contains(text(), \"Argentina\")]"}
COMMAND: POST /session/d2ee73163e71edf45acf38a1abb82030/element/f.39032AFF0B9C80A7D793EE88796AE887.d.5AB76D59C44B0F41DC519C356E6645DD.e.1512/click - {}
RESULT: {}
RESULT: {}
COMMAND: GET /session/d2ee73163e71edf45acf38a1abb82030/screenshot - {}
RESULT: {}
COMMAND: POST /session/d2ee73163e71edf45acf38a1abb82030/element - {"using":"xpath","value":"//bdi[contains(text(), \"Commercial\")]"}
RESULT: {"using":"xpath","value":"//bdi[contains(text(), \"Commercial\")]"}
COMMAND: POST /session/d2ee73163e71edf45acf38a1abb82030/element/f.39032AFF0B9C80A7D793EE88796AE887.d.5AB76D59C44B0F41DC519C356E6645DD.e.1513/click - {}
RESULT: {}
COMMAND: GET /session/d2ee73163e71edf45acf38a1abb82030/screenshot - {}
RESULT: {}
COMMAND: POST /session/d2ee73163e71edf45acf38a1abb82030/execute/async - {"script":"<script> [1562 bytes]","args":[{"selector":{"id":"application-managepartners-display-component---NewPartner--partnerDetailInternal-arrow"},"wdio_ui5_key":"applicationmanagepartners-display-component---NewPartner--partnerDetailInternal-arrow"}]}
RESULT: {"script":"<script> [1562 bytes]","args":[{"selector":{"id":"application-managepartners-display-component---NewPartner--partnerDetailInternal-arrow"},"wdio_ui5_key":"applicationmanagepartners-display-component---NewPartner--partnerDetailInternal-arrow"}]}
RESULT: undefined
COMMAND: POST /session/d2ee73163e71edf45acf38a1abb82030/element - {"using":"xpath","value":"//*[@id=\"application-managepartners-display-component---NewPartner--partnerDetailInternal-arrow\"]"}
RESULT: {"using":"xpath","value":"//*[@id=\"application-managepartners-display-component---NewPartner--partnerDetailInternal-arrow\"]"}
COMMAND: POST /session/d2ee73163e71edf45acf38a1abb82030/element/f.39032AFF0B9C80A7D793EE88796AE887.d.5AB76D59C44B0F41DC519C356E6645DD.e.1519/click - {}
RESULT: {}
COMMAND: POST /session/d2ee73163e71edf45acf38a1abb82030/element - {"using":"xpath","value":"//span[contains(text(), \"Affiliated company\")]"}
COMMAND: GET /session/d2ee73163e71edf45acf38a1abb82030/screenshot - {}
RESULT: {"using":"xpath","value":"//span[contains(text(), \"Affiliated company\")]"}
COMMAND: POST /session/d2ee73163e71edf45acf38a1abb82030/element/f.39032AFF0B9C80A7D793EE88796AE887.d.5AB76D59C44B0F41DC519C356E6645DD.e.1520/click - {}
RESULT: {}
RESULT: {}
COMMAND: POST /session/d2ee73163e71edf45acf38a1abb82030/execute/async - {"script":"<script> [1562 bytes]","args":[{"selector":{"id":"application-managepartners-display-component---NewPartner--partnerDetailsCurrency-arrow"},"wdio_ui5_key":"applicationmanagepartners-display-component---NewPartner--partnerDetailsCurrency-arrow"}]}
COMMAND: GET /session/d2ee73163e71edf45acf38a1abb82030/screenshot - {}
RESULT: {"script":"<script> [1562 bytes]","args":[{"selector":{"id":"application-managepartners-display-component---NewPartner--partnerDetailsCurrency-arrow"},"wdio_ui5_key":"applicationmanagepartners-display-component---NewPartner--partnerDetailsCurrency-arrow"}]}
RESULT: undefined
COMMAND: POST /session/d2ee73163e71edf45acf38a1abb82030/element - {"using":"xpath","value":"//*[@id=\"application-managepartners-display-component---NewPartner--partnerDetailsCurrency-arrow\"]"}
RESULT: {}
RESULT: {"using":"xpath","value":"//*[@id=\"application-managepartners-display-component---NewPartner--partnerDetailsCurrency-arrow\"]"}
COMMAND: POST /session/d2ee73163e71edf45acf38a1abb82030/element/f.39032AFF0B9C80A7D793EE88796AE887.d.5AB76D59C44B0F41DC519C356E6645DD.e.1527/click - {}
RESULT: {}
COMMAND: POST /session/d2ee73163e71edf45acf38a1abb82030/element - {"using":"xpath","value":"//span[contains(text(), \"Euro\")]"}
COMMAND: GET /session/d2ee73163e71edf45acf38a1abb82030/screenshot - {}
RESULT: {"using":"xpath","value":"//span[contains(text(), \"Euro\")]"}
COMMAND: POST /session/d2ee73163e71edf45acf38a1abb82030/element/f.39032AFF0B9C80A7D793EE88796AE887.d.5AB76D59C44B0F41DC519C356E6645DD.e.1528/click - {}
RESULT: {}
RESULT: {}
COMMAND: POST /session/d2ee73163e71edf45acf38a1abb82030/execute/async - {"script":"<script> [1562 bytes]","args":[{"selector":{"id":"application-managepartners-display-component---NewPartner--addressEditDetailsCostObjectCstType-arrow"},"wdio_ui5_key":"applicationmanagepartners-display-component---NewPartner--addressEditDetailsCostObjectCstType-arrow"}]}
COMMAND: GET /session/d2ee73163e71edf45acf38a1abb82030/screenshot - {}
RESULT: {"script":"<script> [1562 bytes]","args":[{"selector":{"id":"application-managepartners-display-component---NewPartner--addressEditDetailsCostObjectCstType-arrow"},"wdio_ui5_key":"applicationmanagepartners-display-component---NewPartner--addressEditDetailsCostObjectCstType-arrow"}]}
RESULT: undefined
COMMAND: POST /session/d2ee73163e71edf45acf38a1abb82030/element - {"using":"xpath","value":"//*[@id=\"application-managepartners-display-component---NewPartner--addressEditDetailsCostObjectCstType-arrow\"]"}
RESULT: {}
RESULT: {"using":"xpath","value":"//*[@id=\"application-managepartners-display-component---NewPartner--addressEditDetailsCostObjectCstType-arrow\"]"}
COMMAND: POST /session/d2ee73163e71edf45acf38a1abb82030/element/f.39032AFF0B9C80A7D793EE88796AE887.d.5AB76D59C44B0F41DC519C356E6645DD.e.1529/click - {}
RESULT: {}
COMMAND: POST /session/d2ee73163e71edf45acf38a1abb82030/element - {"using":"xpath","value":"//span[contains(text(), \"Cost Center\")]"}
COMMAND: GET /session/d2ee73163e71edf45acf38a1abb82030/screenshot - {}
RESULT: {"using":"xpath","value":"//span[contains(text(), \"Cost Center\")]"}
COMMAND: POST /session/d2ee73163e71edf45acf38a1abb82030/element/f.39032AFF0B9C80A7D793EE88796AE887.d.5AB76D59C44B0F41DC519C356E6645DD.e.1530/click - {}
RESULT: {}
RESULT: {}
COMMAND: GET /session/d2ee73163e71edf45acf38a1abb82030/screenshot - {}
RESULT: {}
COMMAND: POST /session/d2ee73163e71edf45acf38a1abb82030/element - {"using":"xpath","value":"//span[@id=\"application-managepartners-display-component---NewPartner--addressNewCostObjectCstID-vhi\"]"}
RESULT: {"using":"xpath","value":"//span[@id=\"application-managepartners-display-component---NewPartner--addressNewCostObjectCstID-vhi\"]"}
COMMAND: POST /session/d2ee73163e71edf45acf38a1abb82030/execute/sync - {"script":"<script> [8489 bytes]","args":[{"element-6066-11e4-a52e-4f735466cecf":"f.39032AFF0B9C80A7D793EE88796AE887.d.5AB76D59C44B0F41DC519C356E6645DD.e.1534","ELEMENT":"f.39032AFF0B9C80A7D793EE88796AE887.d.5AB76D59C44B0F41DC519C356E6645DD.e.1534"}]}
RESULT: {"script":"<script> [8489 bytes]","args":[{"element-6066-11e4-a52e-4f735466cecf":"f.39032AFF0B9C80A7D793EE88796AE887.d.5AB76D59C44B0F41DC519C356E6645DD.e.1534","ELEMENT":"f.39032AFF0B9C80A7D793EE88796AE887.d.5AB76D59C44B0F41DC519C356E6645DD.e.1534"}]}
COMMAND: POST /session/d2ee73163e71edf45acf38a1abb82030/execute/async - {"script":"<script> [1562 bytes]","args":[{"selector":{"id":"application-managepartners-display-component---NewPartner--addressNewCostObjectCstID-vhi"},"wdio_ui5_key":"applicationmanagepartners-display-component---NewPartner--addressNewCostObjectCstID-vhi"}]}
COMMAND: GET /session/d2ee73163e71edf45acf38a1abb82030/screenshot - {}
RESULT: {"script":"<script> [1562 bytes]","args":[{"selector":{"id":"application-managepartners-display-component---NewPartner--addressNewCostObjectCstID-vhi"},"wdio_ui5_key":"applicationmanagepartners-display-component---NewPartner--addressNewCostObjectCstID-vhi"}]}
RESULT: undefined
COMMAND: POST /session/d2ee73163e71edf45acf38a1abb82030/element - {"using":"xpath","value":"//*[@id=\"application-managepartners-display-component---NewPartner--addressNewCostObjectCstID-vhi\"]"}
RESULT: {}
RESULT: {"using":"xpath","value":"//*[@id=\"application-managepartners-display-component---NewPartner--addressNewCostObjectCstID-vhi\"]"}
COMMAND: POST /session/d2ee73163e71edf45acf38a1abb82030/element/f.39032AFF0B9C80A7D793EE88796AE887.d.5AB76D59C44B0F41DC519C356E6645DD.e.1534/click - {}
RESULT: {}
COMMAND: GET /session/d2ee73163e71edf45acf38a1abb82030/screenshot - {}
RESULT: {}
RESULT: undefined
COMMAND: POST /session/d2ee73163e71edf45acf38a1abb82030/execute/async - {"script":"<script> [776 bytes]","args":[{"enterText":"10001013","selector":{"controlType":"sap.m.SearchField","properties":{"placeholder":"Search"},"searchOpenDialogs":true,"interaction":{"idSuffix":"I"}},"clearTextFirst":true,"interactionType":"ENTER_TEXT"}]}
RESULT: {"script":"<script> [776 bytes]","args":[{"enterText":"10001013","selector":{"controlType":"sap.m.SearchField","properties":{"placeholder":"Search"},"searchOpenDialogs":true,"interaction":{"idSuffix":"I"}},"clearTextFirst":true,"interactionType":"ENTER_TEXT"}]}
COMMAND: POST /session/d2ee73163e71edf45acf38a1abb82030/actions - {"actions":[{"id":"action2","type":"key","parameters":{},"actions":[{"type":"keyDown","value":"î€‡"},{"type":"pause","duration":10},{"type":"keyUp","value":"î€‡"}]}]}
RESULT: {"actions":[{"id":"action2","type":"key","parameters":{},"actions":[{"type":"keyDown","value":"î€‡"},{"type":"pause","duration":10},{"type":"keyUp","value":"î€‡"}]}]}
COMMAND: GET /session/d2ee73163e71edf45acf38a1abb82030/screenshot - {}
RESULT: {}
COMMAND: POST /session/d2ee73163e71edf45acf38a1abb82030/element - {"using":"xpath","value":"//span[contains(text(), \"General Management\")]"}
RESULT: {"using":"xpath","value":"//span[contains(text(), \"General Management\")]"}
COMMAND: POST /session/d2ee73163e71edf45acf38a1abb82030/element/f.39032AFF0B9C80A7D793EE88796AE887.d.5AB76D59C44B0F41DC519C356E6645DD.e.1574/click - {}
RESULT: {}
COMMAND: GET /session/d2ee73163e71edf45acf38a1abb82030/screenshot - {}
RESULT: {}
COMMAND: POST /session/d2ee73163e71edf45acf38a1abb82030/element - {"using":"xpath","value":"//bdi[contains(text(), \"OK\")]"}
RESULT: {"using":"xpath","value":"//bdi[contains(text(), \"OK\")]"}
COMMAND: POST /session/d2ee73163e71edf45acf38a1abb82030/element/f.39032AFF0B9C80A7D793EE88796AE887.d.5AB76D59C44B0F41DC519C356E6645DD.e.1575/click - {}
RESULT: {}
COMMAND: GET /session/d2ee73163e71edf45acf38a1abb82030/screenshot - {}
RESULT: {}
COMMAND: POST /session/d2ee73163e71edf45acf38a1abb82030/element - {"using":"xpath","value":"//input[@id=\"application-managepartners-display-component---NewPartner--companyCodeComboBox-inner\"]"}
RESULT: {"using":"xpath","value":"//input[@id=\"application-managepartners-display-component---NewPartner--companyCodeComboBox-inner\"]"}
COMMAND: POST /session/d2ee73163e71edf45acf38a1abb82030/element/f.39032AFF0B9C80A7D793EE88796AE887.d.5AB76D59C44B0F41DC519C356E6645DD.e.1375/clear - {}
RESULT: {}
COMMAND: POST /session/d2ee73163e71edf45acf38a1abb82030/element/f.39032AFF0B9C80A7D793EE88796AE887.d.5AB76D59C44B0F41DC519C356E6645DD.e.1375/value - {"text":"1000"}
COMMAND: GET /session/d2ee73163e71edf45acf38a1abb82030/screenshot - {}
RESULT: {"text":"1000"}
COMMAND: GET /session/d2ee73163e71edf45acf38a1abb82030/screenshot - {}
RESULT: {}
RESULT: {}
COMMAND: POST /session/d2ee73163e71edf45acf38a1abb82030/element - {"using":"xpath","value":"//li[.//span[text()= \"1000\"]]"}
RESULT: {"using":"xpath","value":"//li[.//span[text()= \"1000\"]]"}
COMMAND: POST /session/d2ee73163e71edf45acf38a1abb82030/element/f.39032AFF0B9C80A7D793EE88796AE887.d.5AB76D59C44B0F41DC519C356E6645DD.e.1581/click - {}
RESULT: {}
COMMAND: GET /session/d2ee73163e71edf45acf38a1abb82030/screenshot - {}
RESULT: {}
COMMAND: POST /session/d2ee73163e71edf45acf38a1abb82030/execute/async - {"script":"<script> [1562 bytes]","args":[{"selector":{"id":"application-managepartners-display-component---NewPartner--btnAddTableRow-img"},"wdio_ui5_key":"applicationmanagepartners-display-component---NewPartner--btnAddTableRow-img"}]}
RESULT: {"script":"<script> [1562 bytes]","args":[{"selector":{"id":"application-managepartners-display-component---NewPartner--btnAddTableRow-img"},"wdio_ui5_key":"applicationmanagepartners-display-component---NewPartner--btnAddTableRow-img"}]}
RESULT: undefined
COMMAND: POST /session/d2ee73163e71edf45acf38a1abb82030/element - {"using":"xpath","value":"//*[@id=\"application-managepartners-display-component---NewPartner--btnAddTableRow-img\"]"}
RESULT: {"using":"xpath","value":"//*[@id=\"application-managepartners-display-component---NewPartner--btnAddTableRow-img\"]"}
COMMAND: POST /session/d2ee73163e71edf45acf38a1abb82030/element/f.39032AFF0B9C80A7D793EE88796AE887.d.5AB76D59C44B0F41DC519C356E6645DD.e.1582/click - {}
RESULT: {}
COMMAND: GET /session/d2ee73163e71edf45acf38a1abb82030/screenshot - {}
RESULT: {}
COMMAND: POST /session/d2ee73163e71edf45acf38a1abb82030/element - {"using":"xpath","value":"//input[@id=\"application-managepartners-display-component---NewPartner--assignmentYard-application-managepartners-display-component---NewPartner--assignmentsTable-0-inner\"]"}
RESULT: {"using":"xpath","value":"//input[@id=\"application-managepartners-display-component---NewPartner--assignmentYard-application-managepartners-display-component---NewPartner--assignmentsTable-0-inner\"]"}
COMMAND: POST /session/d2ee73163e71edf45acf38a1abb82030/element/f.39032AFF0B9C80A7D793EE88796AE887.d.5AB76D59C44B0F41DC519C356E6645DD.e.1585/clear - {}
RESULT: {}
COMMAND: POST /session/d2ee73163e71edf45acf38a1abb82030/element/f.39032AFF0B9C80A7D793EE88796AE887.d.5AB76D59C44B0F41DC519C356E6645DD.e.1585/value - {"text":"478"}
COMMAND: GET /session/d2ee73163e71edf45acf38a1abb82030/screenshot - {}
RESULT: {"text":"478"}
COMMAND: GET /session/d2ee73163e71edf45acf38a1abb82030/screenshot - {}
RESULT: {}
RESULT: {}
COMMAND: POST /session/d2ee73163e71edf45acf38a1abb82030/element - {"using":"xpath","value":"//li[.//span[text()='478']]"}
RESULT: {"using":"xpath","value":"//li[.//span[text()='478']]"}
COMMAND: POST /session/d2ee73163e71edf45acf38a1abb82030/element/f.39032AFF0B9C80A7D793EE88796AE887.d.5AB76D59C44B0F41DC519C356E6645DD.e.1594/click - {}
RESULT: {}
COMMAND: GET /session/d2ee73163e71edf45acf38a1abb82030/screenshot - {}
RESULT: {}
COMMAND: POST /session/d2ee73163e71edf45acf38a1abb82030/actions - {"actions":[{"id":"action3","type":"key","parameters":{},"actions":[{"type":"keyDown","value":"î€‡"},{"type":"pause","duration":10},{"type":"keyUp","value":"î€‡"}]}]}
RESULT: {"actions":[{"id":"action3","type":"key","parameters":{},"actions":[{"type":"keyDown","value":"î€‡"},{"type":"pause","duration":10},{"type":"keyUp","value":"î€‡"}]}]}
COMMAND: POST /session/d2ee73163e71edf45acf38a1abb82030/execute/async - {"script":"<script> [1562 bytes]","args":[{"selector":{"id":"application-managepartners-display-component---NewPartner--externalCustomerComboBox-application-managepartners-display-component---NewPartner--assignmentsTable-0-vhi"},"wdio_ui5_key":"applicationmanagepartners-display-component---NewPartner--externalCustomerComboBox-application-managepartners-display-component---NewPartner--assignmentsTable-0-vhi"}]}
COMMAND: GET /session/d2ee73163e71edf45acf38a1abb82030/screenshot - {}
RESULT: {"script":"<script> [1562 bytes]","args":[{"selector":{"id":"application-managepartners-display-component---NewPartner--externalCustomerComboBox-application-managepartners-display-component---NewPartner--assignmentsTable-0-vhi"},"wdio_ui5_key":"applicationmanagepartners-display-component---NewPartner--externalCustomerComboBox-application-managepartners-display-component---NewPartner--assignmentsTable-0-vhi"}]}
RESULT: undefined
COMMAND: POST /session/d2ee73163e71edf45acf38a1abb82030/element - {"using":"xpath","value":"//*[@id=\"application-managepartners-display-component---NewPartner--externalCustomerComboBox-application-managepartners-display-component---NewPartner--assignmentsTable-0-vhi\"]"}
RESULT: {}
RESULT: {"using":"xpath","value":"//*[@id=\"application-managepartners-display-component---NewPartner--externalCustomerComboBox-application-managepartners-display-component---NewPartner--assignmentsTable-0-vhi\"]"}
COMMAND: POST /session/d2ee73163e71edf45acf38a1abb82030/element/f.39032AFF0B9C80A7D793EE88796AE887.d.5AB76D59C44B0F41DC519C356E6645DD.e.1598/click - {}
RESULT: {}
RESULT: undefined
COMMAND: POST /session/d2ee73163e71edf45acf38a1abb82030/execute/async - {"script":"<script> [776 bytes]","args":[{"enterText":"300003","selector":{"controlType":"sap.m.SearchField","properties":{"placeholder":"Search"},"searchOpenDialogs":true,"interaction":{"idSuffix":"I"}},"clearTextFirst":true,"interactionType":"ENTER_TEXT"}]}
COMMAND: GET /session/d2ee73163e71edf45acf38a1abb82030/screenshot - {}
RESULT: {"script":"<script> [776 bytes]","args":[{"enterText":"300003","selector":{"controlType":"sap.m.SearchField","properties":{"placeholder":"Search"},"searchOpenDialogs":true,"interaction":{"idSuffix":"I"}},"clearTextFirst":true,"interactionType":"ENTER_TEXT"}]}
COMMAND: POST /session/d2ee73163e71edf45acf38a1abb82030/actions - {"actions":[{"id":"action4","type":"key","parameters":{},"actions":[{"type":"keyDown","value":"î€‡"},{"type":"pause","duration":10},{"type":"keyUp","value":"î€‡"}]}]}
RESULT: {}
RESULT: {"actions":[{"id":"action4","type":"key","parameters":{},"actions":[{"type":"keyDown","value":"î€‡"},{"type":"pause","duration":10},{"type":"keyUp","value":"î€‡"}]}]}
COMMAND: GET /session/d2ee73163e71edf45acf38a1abb82030/screenshot - {}
RESULT: {}
COMMAND: POST /session/d2ee73163e71edf45acf38a1abb82030/element - {"using":"xpath","value":"//span[contains(text(), \"300003\")]"}
RESULT: {"using":"xpath","value":"//span[contains(text(), \"300003\")]"}
COMMAND: POST /session/d2ee73163e71edf45acf38a1abb82030/element/f.39032AFF0B9C80A7D793EE88796AE887.d.5AB76D59C44B0F41DC519C356E6645DD.e.1614/click - {}
RESULT: {}
COMMAND: GET /session/d2ee73163e71edf45acf38a1abb82030/screenshot - {}
RESULT: {}
COMMAND: POST /session/d2ee73163e71edf45acf38a1abb82030/element - {"using":"xpath","value":"//bdi[contains(text(), \"OK\")]"}
RESULT: {"using":"xpath","value":"//bdi[contains(text(), \"OK\")]"}
COMMAND: POST /session/d2ee73163e71edf45acf38a1abb82030/element/f.39032AFF0B9C80A7D793EE88796AE887.d.5AB76D59C44B0F41DC519C356E6645DD.e.1616/click - {}
RESULT: {}
COMMAND: GET /session/d2ee73163e71edf45acf38a1abb82030/screenshot - {}
RESULT: {}
COMMAND: POST /session/d2ee73163e71edf45acf38a1abb82030/execute/async - {"script":"<script> [1562 bytes]","args":[{"selector":{"id":"application-managepartners-display-component---NewPartner--intercompVendorComboBox-application-managepartners-display-component---NewPartner--assignmentsTable-0-vhi"},"wdio_ui5_key":"applicationmanagepartners-display-component---NewPartner--intercompVendorComboBox-application-managepartners-display-component---NewPartner--assignmentsTable-0-vhi"}]}
RESULT: {"script":"<script> [1562 bytes]","args":[{"selector":{"id":"application-managepartners-display-component---NewPartner--intercompVendorComboBox-application-managepartners-display-component---NewPartner--assignmentsTable-0-vhi"},"wdio_ui5_key":"applicationmanagepartners-display-component---NewPartner--intercompVendorComboBox-application-managepartners-display-component---NewPartner--assignmentsTable-0-vhi"}]}
RESULT: undefined
COMMAND: POST /session/d2ee73163e71edf45acf38a1abb82030/element - {"using":"xpath","value":"//*[@id=\"application-managepartners-display-component---NewPartner--intercompVendorComboBox-application-managepartners-display-component---NewPartner--assignmentsTable-0-vhi\"]"}
RESULT: {"using":"xpath","value":"//*[@id=\"application-managepartners-display-component---NewPartner--intercompVendorComboBox-application-managepartners-display-component---NewPartner--assignmentsTable-0-vhi\"]"}
COMMAND: POST /session/d2ee73163e71edf45acf38a1abb82030/element/f.39032AFF0B9C80A7D793EE88796AE887.d.5AB76D59C44B0F41DC519C356E6645DD.e.1619/click - {}
RESULT: {}
RESULT: undefined
COMMAND: POST /session/d2ee73163e71edf45acf38a1abb82030/execute/async - {"script":"<script> [776 bytes]","args":[{"enterText":"100005","selector":{"controlType":"sap.m.SearchField","properties":{"placeholder":"Search"},"searchOpenDialogs":true,"interaction":{"idSuffix":"I"}},"clearTextFirst":true,"interactionType":"ENTER_TEXT"}]}
COMMAND: GET /session/d2ee73163e71edf45acf38a1abb82030/screenshot - {}
RESULT: {"script":"<script> [776 bytes]","args":[{"enterText":"100005","selector":{"controlType":"sap.m.SearchField","properties":{"placeholder":"Search"},"searchOpenDialogs":true,"interaction":{"idSuffix":"I"}},"clearTextFirst":true,"interactionType":"ENTER_TEXT"}]}
COMMAND: POST /session/d2ee73163e71edf45acf38a1abb82030/actions - {"actions":[{"id":"action5","type":"key","parameters":{},"actions":[{"type":"keyDown","value":"î€‡"},{"type":"pause","duration":10},{"type":"keyUp","value":"î€‡"}]}]}
RESULT: {}
RESULT: {"actions":[{"id":"action5","type":"key","parameters":{},"actions":[{"type":"keyDown","value":"î€‡"},{"type":"pause","duration":10},{"type":"keyUp","value":"î€‡"}]}]}
COMMAND: GET /session/d2ee73163e71edf45acf38a1abb82030/screenshot - {}
RESULT: {}
COMMAND: POST /session/d2ee73163e71edf45acf38a1abb82030/element - {"using":"xpath","value":"//span[contains(text(), \"Penguins - Field/12345 Berlin\")]"}
RESULT: {"using":"xpath","value":"//span[contains(text(), \"Penguins - Field/12345 Berlin\")]"}
COMMAND: POST /session/d2ee73163e71edf45acf38a1abb82030/element/f.39032AFF0B9C80A7D793EE88796AE887.d.5AB76D59C44B0F41DC519C356E6645DD.e.1636/click - {}
RESULT: {}
COMMAND: GET /session/d2ee73163e71edf45acf38a1abb82030/screenshot - {}
RESULT: {}
COMMAND: POST /session/d2ee73163e71edf45acf38a1abb82030/element - {"using":"xpath","value":"//bdi[contains(text(), \"OK\")]"}
RESULT: {"using":"xpath","value":"//bdi[contains(text(), \"OK\")]"}
COMMAND: POST /session/d2ee73163e71edf45acf38a1abb82030/element/f.39032AFF0B9C80A7D793EE88796AE887.d.5AB76D59C44B0F41DC519C356E6645DD.e.1637/click - {}
RESULT: {}
COMMAND: GET /session/d2ee73163e71edf45acf38a1abb82030/screenshot - {}
RESULT: {}
COMMAND: POST /session/d2ee73163e71edf45acf38a1abb82030/element - {"using":"xpath","value":"//button[@data-kt=\"saveButton\"]"}
RESULT: {"using":"xpath","value":"//button[@data-kt=\"saveButton\"]"}
COMMAND: POST /session/d2ee73163e71edf45acf38a1abb82030/element/f.39032AFF0B9C80A7D793EE88796AE887.d.5AB76D59C44B0F41DC519C356E6645DD.e.1409/click - {}
RESULT: {}
COMMAND: GET /session/d2ee73163e71edf45acf38a1abb82030/screenshot - {}
RESULT: {}
COMMAND: POST /session/d2ee73163e71edf45acf38a1abb82030/element - {"using":"xpath","value":"//header[contains(@id, 'ObjectPageLayout-headerTitle')]/div[1]/div[2]/div[2]/span[1]"}
RESULT: {"using":"xpath","value":"//header[contains(@id, 'ObjectPageLayout-headerTitle')]/div[1]/div[2]/div[2]/span[1]"}
COMMAND: POST /session/d2ee73163e71edf45acf38a1abb82030/elements - {"using":"xpath","value":"//header[contains(@id, 'ObjectPageLayout-headerTitle')]/div[1]/div[2]/div[2]/span[1]"}
RESULT: {"using":"xpath","value":"//header[contains(@id, 'ObjectPageLayout-headerTitle')]/div[1]/div[2]/div[2]/span[1]"}
COMMAND: POST /session/d2ee73163e71edf45acf38a1abb82030/execute/sync - {"script":"<script> [56 bytes]","args":[{"element-6066-11e4-a52e-4f735466cecf":"f.39032AFF0B9C80A7D793EE88796AE887.d.5AB76D59C44B0F41DC519C356E6645DD.e.1804","ELEMENT":"f.39032AFF0B9C80A7D793EE88796AE887.d.5AB76D59C44B0F41DC519C356E6645DD.e.1804"}]}
RESULT: {"script":"<script> [56 bytes]","args":[{"element-6066-11e4-a52e-4f735466cecf":"f.39032AFF0B9C80A7D793EE88796AE887.d.5AB76D59C44B0F41DC519C356E6645DD.e.1804","ELEMENT":"f.39032AFF0B9C80A7D793EE88796AE887.d.5AB76D59C44B0F41DC519C356E6645DD.e.1804"}]}
COMMAND: POST /session/d2ee73163e71edf45acf38a1abb82030/element - {"using":"css selector","value":"#shell-header-logo"}
COMMAND: GET /session/d2ee73163e71edf45acf38a1abb82030/screenshot - {}
RESULT: {"using":"css selector","value":"#shell-header-logo"}
COMMAND: POST /session/d2ee73163e71edf45acf38a1abb82030/element/f.39032AFF0B9C80A7D793EE88796AE887.d.5AB76D59C44B0F41DC519C356E6645DD.e.1019/click - {}
RESULT: {}
RESULT: {}
COMMAND: GET /session/d2ee73163e71edf45acf38a1abb82030/screenshot - {}
RESULT: {}
COMMAND: POST /session/d2ee73163e71edf45acf38a1abb82030/execute/sync - {"script":"<script> [299 bytes]","args":[["getModel","getResource"]]}
RESULT: {"script":"<script> [299 bytes]","args":[["getModel","getResource"]]}
COMMAND: GET /session/d2ee73163e71edf45acf38a1abb82030/screenshot - {}
]]></system-out>
    </testcase>
    <testcase classname="chrome.136_0_7103_93.windows.Billing_confirm_US117289" name="Should create a new site" time="142.651">
      <system-out><![CDATA[
COMMAND: POST /session/d2ee73163e71edf45acf38a1abb82030/execute/async - {"script":"<script> [1562 bytes]","args":[{"selector":{"controlType":"sap.m.GenericTile","properties":{"header":"Manage Sites"}},"wdio_ui5_key":"sapm.GenericTile{\"header\":\"Manage Sites\"}"}]}
RESULT: {}
RESULT: {"script":"<script> [1562 bytes]","args":[{"selector":{"controlType":"sap.m.GenericTile","properties":{"header":"Manage Sites"}},"wdio_ui5_key":"sapm.GenericTile{\"header\":\"Manage Sites\"}"}]}
RESULT: undefined
COMMAND: POST /session/d2ee73163e71edf45acf38a1abb82030/element - {"using":"xpath","value":"//*[@id=\"__tile40\"]"}
RESULT: {"using":"xpath","value":"//*[@id=\"__tile40\"]"}
COMMAND: POST /session/d2ee73163e71edf45acf38a1abb82030/element/f.39032AFF0B9C80A7D793EE88796AE887.d.5AB76D59C44B0F41DC519C356E6645DD.e.152/click - {}
RESULT: {}
COMMAND: GET /session/d2ee73163e71edf45acf38a1abb82030/screenshot - {}
RESULT: {}
COMMAND: POST /session/d2ee73163e71edf45acf38a1abb82030/elements - {"using":"xpath","value":"//span[text()='Error']"}
RESULT: {"using":"xpath","value":"//span[text()='Error']"}
COMMAND: POST /session/d2ee73163e71edf45acf38a1abb82030/element - {"using":"xpath","value":"//button[@data-kt=\"addOverflowToolbarButton\"]"}
RESULT: {"using":"xpath","value":"//button[@data-kt=\"addOverflowToolbarButton\"]"}
COMMAND: POST /session/d2ee73163e71edf45acf38a1abb82030/elements - {"using":"xpath","value":"//button[@data-kt=\"addOverflowToolbarButton\"]"}
RESULT: {"using":"xpath","value":"//button[@data-kt=\"addOverflowToolbarButton\"]"}
COMMAND: POST /session/d2ee73163e71edf45acf38a1abb82030/execute/sync - {"script":"<script> [8489 bytes]","args":[{"element-6066-11e4-a52e-4f735466cecf":"f.39032AFF0B9C80A7D793EE88796AE887.d.5AB76D59C44B0F41DC519C356E6645DD.e.1851","ELEMENT":"f.39032AFF0B9C80A7D793EE88796AE887.d.5AB76D59C44B0F41DC519C356E6645DD.e.1851"}]}
RESULT: {"script":"<script> [8489 bytes]","args":[{"element-6066-11e4-a52e-4f735466cecf":"f.39032AFF0B9C80A7D793EE88796AE887.d.5AB76D59C44B0F41DC519C356E6645DD.e.1851","ELEMENT":"f.39032AFF0B9C80A7D793EE88796AE887.d.5AB76D59C44B0F41DC519C356E6645DD.e.1851"}]}
COMMAND: GET /session/d2ee73163e71edf45acf38a1abb82030/element/f.39032AFF0B9C80A7D793EE88796AE887.d.5AB76D59C44B0F41DC519C356E6645DD.e.1851/enabled - {}
COMMAND: GET /session/d2ee73163e71edf45acf38a1abb82030/screenshot - {}
RESULT: {}
COMMAND: POST /session/d2ee73163e71edf45acf38a1abb82030/execute/sync - {"script":"<script> [8489 bytes]","args":[{"element-6066-11e4-a52e-4f735466cecf":"f.39032AFF0B9C80A7D793EE88796AE887.d.5AB76D59C44B0F41DC519C356E6645DD.e.1851","ELEMENT":"f.39032AFF0B9C80A7D793EE88796AE887.d.5AB76D59C44B0F41DC519C356E6645DD.e.1851"}]}
COMMAND: GET /session/d2ee73163e71edf45acf38a1abb82030/screenshot - {}
RESULT: {}
RESULT: {"script":"<script> [8489 bytes]","args":[{"element-6066-11e4-a52e-4f735466cecf":"f.39032AFF0B9C80A7D793EE88796AE887.d.5AB76D59C44B0F41DC519C356E6645DD.e.1851","ELEMENT":"f.39032AFF0B9C80A7D793EE88796AE887.d.5AB76D59C44B0F41DC519C356E6645DD.e.1851"}]}
COMMAND: POST /session/d2ee73163e71edf45acf38a1abb82030/execute/sync - {"script":"<script> [5351 bytes]","args":[{"element-6066-11e4-a52e-4f735466cecf":"f.39032AFF0B9C80A7D793EE88796AE887.d.5AB76D59C44B0F41DC519C356E6645DD.e.1851","ELEMENT":"f.39032AFF0B9C80A7D793EE88796AE887.d.5AB76D59C44B0F41DC519C356E6645DD.e.1851"}]}
COMMAND: GET /session/d2ee73163e71edf45acf38a1abb82030/screenshot - {}
RESULT: {}
RESULT: {"script":"<script> [5351 bytes]","args":[{"element-6066-11e4-a52e-4f735466cecf":"f.39032AFF0B9C80A7D793EE88796AE887.d.5AB76D59C44B0F41DC519C356E6645DD.e.1851","ELEMENT":"f.39032AFF0B9C80A7D793EE88796AE887.d.5AB76D59C44B0F41DC519C356E6645DD.e.1851"}]}
COMMAND: POST /session/d2ee73163e71edf45acf38a1abb82030/element/f.39032AFF0B9C80A7D793EE88796AE887.d.5AB76D59C44B0F41DC519C356E6645DD.e.1851/click - {}
COMMAND: GET /session/d2ee73163e71edf45acf38a1abb82030/screenshot - {}
RESULT: {}
RESULT: {}
COMMAND: GET /session/d2ee73163e71edf45acf38a1abb82030/screenshot - {}
RESULT: {}
RESULT: {}
COMMAND: POST /session/d2ee73163e71edf45acf38a1abb82030/element - {"using":"xpath","value":"//input[@id=\"application-managesites-display-component---NewSite--siteId-inner\"]"}
RESULT: {"using":"xpath","value":"//input[@id=\"application-managesites-display-component---NewSite--siteId-inner\"]"}
COMMAND: POST /session/d2ee73163e71edf45acf38a1abb82030/element - {"using":"xpath","value":"//input[@id=\"application-managesites-display-component---NewSite--siteId-inner\"]"}
RESULT: {"using":"xpath","value":"//input[@id=\"application-managesites-display-component---NewSite--siteId-inner\"]"}
COMMAND: POST /session/d2ee73163e71edf45acf38a1abb82030/execute/async - {"script":"<script> [1562 bytes]","args":[{"selector":{"id":"application-managesites-display-component---NewSite--addressDetailDetailsName1","interaction":{"idSuffix":"inner"}},"wdio_ui5_key":"applicationmanagesites-display-component---NewSite--addressDetailDetailsName1"}]}
RESULT: {"script":"<script> [1562 bytes]","args":[{"selector":{"id":"application-managesites-display-component---NewSite--addressDetailDetailsName1","interaction":{"idSuffix":"inner"}},"wdio_ui5_key":"applicationmanagesites-display-component---NewSite--addressDetailDetailsName1"}]}
RESULT: undefined
COMMAND: POST /session/d2ee73163e71edf45acf38a1abb82030/execute/async - {"script":"<script> [776 bytes]","args":[{"enterText":"Intracompany Site wdIO","selector":{"id":"application-managesites-display-component---NewSite--addressDetailDetailsName1","interaction":{"idSuffix":"inner"}},"clearTextFirst":true,"interactionType":"ENTER_TEXT"}]}
RESULT: {"script":"<script> [776 bytes]","args":[{"enterText":"Intracompany Site wdIO","selector":{"id":"application-managesites-display-component---NewSite--addressDetailDetailsName1","interaction":{"idSuffix":"inner"}},"clearTextFirst":true,"interactionType":"ENTER_TEXT"}]}
COMMAND: POST /session/d2ee73163e71edf45acf38a1abb82030/execute/async - {"script":"<script> [1562 bytes]","args":[{"selector":{"id":"application-managesites-display-component---NewSite--addressDetailDetailsLanguage-arrow"},"wdio_ui5_key":"applicationmanagesites-display-component---NewSite--addressDetailDetailsLanguage-arrow"}]}
RESULT: {"script":"<script> [1562 bytes]","args":[{"selector":{"id":"application-managesites-display-component---NewSite--addressDetailDetailsLanguage-arrow"},"wdio_ui5_key":"applicationmanagesites-display-component---NewSite--addressDetailDetailsLanguage-arrow"}]}
RESULT: undefined
COMMAND: POST /session/d2ee73163e71edf45acf38a1abb82030/element - {"using":"xpath","value":"//*[@id=\"application-managesites-display-component---NewSite--addressDetailDetailsLanguage-arrow\"]"}
RESULT: {"using":"xpath","value":"//*[@id=\"application-managesites-display-component---NewSite--addressDetailDetailsLanguage-arrow\"]"}
COMMAND: POST /session/d2ee73163e71edf45acf38a1abb82030/element/f.39032AFF0B9C80A7D793EE88796AE887.d.5AB76D59C44B0F41DC519C356E6645DD.e.2472/click - {}
RESULT: {}
COMMAND: POST /session/d2ee73163e71edf45acf38a1abb82030/element - {"using":"xpath","value":"//span[contains(text(), \"English\")]"}
COMMAND: GET /session/d2ee73163e71edf45acf38a1abb82030/screenshot - {}
RESULT: {"using":"xpath","value":"//span[contains(text(), \"English\")]"}
COMMAND: POST /session/d2ee73163e71edf45acf38a1abb82030/element/f.39032AFF0B9C80A7D793EE88796AE887.d.5AB76D59C44B0F41DC519C356E6645DD.e.2473/click - {}
RESULT: {}
RESULT: {}
COMMAND: POST /session/d2ee73163e71edf45acf38a1abb82030/execute/async - {"script":"<script> [1562 bytes]","args":[{"selector":{"id":"application-managesites-display-component---NewSite--addressDetailDetailsCity1","interaction":{"idSuffix":"inner"}},"wdio_ui5_key":"applicationmanagesites-display-component---NewSite--addressDetailDetailsCity1"}]}
COMMAND: GET /session/d2ee73163e71edf45acf38a1abb82030/screenshot - {}
RESULT: {"script":"<script> [1562 bytes]","args":[{"selector":{"id":"application-managesites-display-component---NewSite--addressDetailDetailsCity1","interaction":{"idSuffix":"inner"}},"wdio_ui5_key":"applicationmanagesites-display-component---NewSite--addressDetailDetailsCity1"}]}
RESULT: undefined
COMMAND: POST /session/d2ee73163e71edf45acf38a1abb82030/execute/async - {"script":"<script> [776 bytes]","args":[{"enterText":"Rosario","selector":{"id":"application-managesites-display-component---NewSite--addressDetailDetailsCity1","interaction":{"idSuffix":"inner"}},"clearTextFirst":true,"interactionType":"ENTER_TEXT"}]}
RESULT: {}
RESULT: {"script":"<script> [776 bytes]","args":[{"enterText":"Rosario","selector":{"id":"application-managesites-display-component---NewSite--addressDetailDetailsCity1","interaction":{"idSuffix":"inner"}},"clearTextFirst":true,"interactionType":"ENTER_TEXT"}]}
COMMAND: POST /session/d2ee73163e71edf45acf38a1abb82030/execute/async - {"script":"<script> [1562 bytes]","args":[{"selector":{"id":"application-managesites-display-component---NewSite--addressDetailDetailsCountry-arrow"},"wdio_ui5_key":"applicationmanagesites-display-component---NewSite--addressDetailDetailsCountry-arrow"}]}
RESULT: {"script":"<script> [1562 bytes]","args":[{"selector":{"id":"application-managesites-display-component---NewSite--addressDetailDetailsCountry-arrow"},"wdio_ui5_key":"applicationmanagesites-display-component---NewSite--addressDetailDetailsCountry-arrow"}]}
RESULT: undefined
COMMAND: POST /session/d2ee73163e71edf45acf38a1abb82030/element - {"using":"xpath","value":"//*[@id=\"application-managesites-display-component---NewSite--addressDetailDetailsCountry-arrow\"]"}
RESULT: {"using":"xpath","value":"//*[@id=\"application-managesites-display-component---NewSite--addressDetailDetailsCountry-arrow\"]"}
COMMAND: POST /session/d2ee73163e71edf45acf38a1abb82030/element/f.39032AFF0B9C80A7D793EE88796AE887.d.5AB76D59C44B0F41DC519C356E6645DD.e.2475/click - {}
RESULT: {}
COMMAND: POST /session/d2ee73163e71edf45acf38a1abb82030/element - {"using":"xpath","value":"//span[contains(text(), \"Argentina\")]"}
COMMAND: GET /session/d2ee73163e71edf45acf38a1abb82030/screenshot - {}
RESULT: {"using":"xpath","value":"//span[contains(text(), \"Argentina\")]"}
COMMAND: POST /session/d2ee73163e71edf45acf38a1abb82030/element/f.39032AFF0B9C80A7D793EE88796AE887.d.5AB76D59C44B0F41DC519C356E6645DD.e.2477/click - {}
RESULT: {}
RESULT: {}
COMMAND: GET /session/d2ee73163e71edf45acf38a1abb82030/screenshot - {}
RESULT: {}
COMMAND: POST /session/d2ee73163e71edf45acf38a1abb82030/execute/async - {"script":"<script> [1562 bytes]","args":[{"selector":{"id":"application-managesites-display-component---NewSite--addressEditDetailsCostObjectCstType-arrow"},"wdio_ui5_key":"applicationmanagesites-display-component---NewSite--addressEditDetailsCostObjectCstType-arrow"}]}
RESULT: {"script":"<script> [1562 bytes]","args":[{"selector":{"id":"application-managesites-display-component---NewSite--addressEditDetailsCostObjectCstType-arrow"},"wdio_ui5_key":"applicationmanagesites-display-component---NewSite--addressEditDetailsCostObjectCstType-arrow"}]}
RESULT: undefined
COMMAND: POST /session/d2ee73163e71edf45acf38a1abb82030/element - {"using":"xpath","value":"//*[@id=\"application-managesites-display-component---NewSite--addressEditDetailsCostObjectCstType-arrow\"]"}
RESULT: {"using":"xpath","value":"//*[@id=\"application-managesites-display-component---NewSite--addressEditDetailsCostObjectCstType-arrow\"]"}
COMMAND: POST /session/d2ee73163e71edf45acf38a1abb82030/element/f.39032AFF0B9C80A7D793EE88796AE887.d.5AB76D59C44B0F41DC519C356E6645DD.e.2478/click - {}
RESULT: {}
COMMAND: POST /session/d2ee73163e71edf45acf38a1abb82030/element - {"using":"xpath","value":"//span[contains(text(), \"Cost Center\")]"}
COMMAND: GET /session/d2ee73163e71edf45acf38a1abb82030/screenshot - {}
RESULT: {"using":"xpath","value":"//span[contains(text(), \"Cost Center\")]"}
COMMAND: POST /session/d2ee73163e71edf45acf38a1abb82030/element/f.39032AFF0B9C80A7D793EE88796AE887.d.5AB76D59C44B0F41DC519C356E6645DD.e.2479/click - {}
RESULT: {}
RESULT: {}
COMMAND: GET /session/d2ee73163e71edf45acf38a1abb82030/screenshot - {}
RESULT: {}
COMMAND: POST /session/d2ee73163e71edf45acf38a1abb82030/element - {"using":"xpath","value":"//span[@id=\"application-managesites-display-component---NewSite--addressNewCostObjectCstID-vhi\"]"}
RESULT: {"using":"xpath","value":"//span[@id=\"application-managesites-display-component---NewSite--addressNewCostObjectCstID-vhi\"]"}
COMMAND: POST /session/d2ee73163e71edf45acf38a1abb82030/execute/sync - {"script":"<script> [8489 bytes]","args":[{"element-6066-11e4-a52e-4f735466cecf":"f.39032AFF0B9C80A7D793EE88796AE887.d.5AB76D59C44B0F41DC519C356E6645DD.e.2483","ELEMENT":"f.39032AFF0B9C80A7D793EE88796AE887.d.5AB76D59C44B0F41DC519C356E6645DD.e.2483"}]}
RESULT: {"script":"<script> [8489 bytes]","args":[{"element-6066-11e4-a52e-4f735466cecf":"f.39032AFF0B9C80A7D793EE88796AE887.d.5AB76D59C44B0F41DC519C356E6645DD.e.2483","ELEMENT":"f.39032AFF0B9C80A7D793EE88796AE887.d.5AB76D59C44B0F41DC519C356E6645DD.e.2483"}]}
COMMAND: POST /session/d2ee73163e71edf45acf38a1abb82030/execute/async - {"script":"<script> [1562 bytes]","args":[{"selector":{"id":"application-managesites-display-component---NewSite--addressNewCostObjectCstID-vhi"},"wdio_ui5_key":"applicationmanagesites-display-component---NewSite--addressNewCostObjectCstID-vhi"}]}
COMMAND: GET /session/d2ee73163e71edf45acf38a1abb82030/screenshot - {}
RESULT: {"script":"<script> [1562 bytes]","args":[{"selector":{"id":"application-managesites-display-component---NewSite--addressNewCostObjectCstID-vhi"},"wdio_ui5_key":"applicationmanagesites-display-component---NewSite--addressNewCostObjectCstID-vhi"}]}
RESULT: undefined
COMMAND: POST /session/d2ee73163e71edf45acf38a1abb82030/element - {"using":"xpath","value":"//*[@id=\"application-managesites-display-component---NewSite--addressNewCostObjectCstID-vhi\"]"}
RESULT: {}
RESULT: {"using":"xpath","value":"//*[@id=\"application-managesites-display-component---NewSite--addressNewCostObjectCstID-vhi\"]"}
COMMAND: POST /session/d2ee73163e71edf45acf38a1abb82030/element/f.39032AFF0B9C80A7D793EE88796AE887.d.5AB76D59C44B0F41DC519C356E6645DD.e.2483/click - {}
RESULT: {}
COMMAND: GET /session/d2ee73163e71edf45acf38a1abb82030/screenshot - {}
RESULT: {}
RESULT: undefined
COMMAND: POST /session/d2ee73163e71edf45acf38a1abb82030/execute/async - {"script":"<script> [776 bytes]","args":[{"enterText":"10001013","selector":{"controlType":"sap.m.SearchField","properties":{"placeholder":"Search"},"searchOpenDialogs":true,"interaction":{"idSuffix":"I"}},"clearTextFirst":true,"interactionType":"ENTER_TEXT"}]}
RESULT: {"script":"<script> [776 bytes]","args":[{"enterText":"10001013","selector":{"controlType":"sap.m.SearchField","properties":{"placeholder":"Search"},"searchOpenDialogs":true,"interaction":{"idSuffix":"I"}},"clearTextFirst":true,"interactionType":"ENTER_TEXT"}]}
COMMAND: POST /session/d2ee73163e71edf45acf38a1abb82030/actions - {"actions":[{"id":"action6","type":"key","parameters":{},"actions":[{"type":"keyDown","value":"î€‡"},{"type":"pause","duration":10},{"type":"keyUp","value":"î€‡"}]}]}
RESULT: {"actions":[{"id":"action6","type":"key","parameters":{},"actions":[{"type":"keyDown","value":"î€‡"},{"type":"pause","duration":10},{"type":"keyUp","value":"î€‡"}]}]}
COMMAND: GET /session/d2ee73163e71edf45acf38a1abb82030/screenshot - {}
RESULT: {}
COMMAND: POST /session/d2ee73163e71edf45acf38a1abb82030/element - {"using":"xpath","value":"//span[contains(text(), \"General Management\")]"}
RESULT: {"using":"xpath","value":"//span[contains(text(), \"General Management\")]"}
COMMAND: POST /session/d2ee73163e71edf45acf38a1abb82030/element/f.39032AFF0B9C80A7D793EE88796AE887.d.5AB76D59C44B0F41DC519C356E6645DD.e.2522/click - {}
RESULT: {}
COMMAND: GET /session/d2ee73163e71edf45acf38a1abb82030/screenshot - {}
RESULT: {}
COMMAND: POST /session/d2ee73163e71edf45acf38a1abb82030/element - {"using":"xpath","value":"//bdi[contains(text(), \"OK\")]"}
RESULT: {"using":"xpath","value":"//bdi[contains(text(), \"OK\")]"}
COMMAND: POST /session/d2ee73163e71edf45acf38a1abb82030/element/f.39032AFF0B9C80A7D793EE88796AE887.d.5AB76D59C44B0F41DC519C356E6645DD.e.2523/click - {}
RESULT: {}
COMMAND: GET /session/d2ee73163e71edf45acf38a1abb82030/screenshot - {}
RESULT: {}
COMMAND: POST /session/d2ee73163e71edf45acf38a1abb82030/element - {"using":"xpath","value":"//input[@id=\"application-managesites-display-component---NewSite--addressDetailDetailsCalendar-inner\"]"}
RESULT: {"using":"xpath","value":"//input[@id=\"application-managesites-display-component---NewSite--addressDetailDetailsCalendar-inner\"]"}
COMMAND: POST /session/d2ee73163e71edf45acf38a1abb82030/element/f.39032AFF0B9C80A7D793EE88796AE887.d.5AB76D59C44B0F41DC519C356E6645DD.e.2269/clear - {}
RESULT: {}
COMMAND: POST /session/d2ee73163e71edf45acf38a1abb82030/element/f.39032AFF0B9C80A7D793EE88796AE887.d.5AB76D59C44B0F41DC519C356E6645DD.e.2269/value - {"text":"Unit"}
COMMAND: GET /session/d2ee73163e71edf45acf38a1abb82030/screenshot - {}
RESULT: {"text":"Unit"}
COMMAND: GET /session/d2ee73163e71edf45acf38a1abb82030/screenshot - {}
RESULT: {}
RESULT: {}
COMMAND: POST /session/d2ee73163e71edf45acf38a1abb82030/actions - {"actions":[{"id":"action7","type":"key","parameters":{},"actions":[{"type":"keyDown","value":"î€‡"},{"type":"pause","duration":10},{"type":"keyUp","value":"î€‡"}]}]}
RESULT: {"actions":[{"id":"action7","type":"key","parameters":{},"actions":[{"type":"keyDown","value":"î€‡"},{"type":"pause","duration":10},{"type":"keyUp","value":"î€‡"}]}]}
COMMAND: POST /session/d2ee73163e71edf45acf38a1abb82030/element - {"using":"xpath","value":"//input[@id=\"application-managesites-display-component---NewSite--addressDetailDetailsYard-inner\"]"}
COMMAND: GET /session/d2ee73163e71edf45acf38a1abb82030/screenshot - {}
RESULT: {"using":"xpath","value":"//input[@id=\"application-managesites-display-component---NewSite--addressDetailDetailsYard-inner\"]"}
COMMAND: POST /session/d2ee73163e71edf45acf38a1abb82030/element/f.39032AFF0B9C80A7D793EE88796AE887.d.5AB76D59C44B0F41DC519C356E6645DD.e.2270/clear - {}
RESULT: {}
RESULT: {}
COMMAND: POST /session/d2ee73163e71edf45acf38a1abb82030/element/f.39032AFF0B9C80A7D793EE88796AE887.d.5AB76D59C44B0F41DC519C356E6645DD.e.2270/value - {"text":"478"}
COMMAND: GET /session/d2ee73163e71edf45acf38a1abb82030/screenshot - {}
RESULT: {"text":"478"}
COMMAND: GET /session/d2ee73163e71edf45acf38a1abb82030/screenshot - {}
RESULT: {}
RESULT: {}
COMMAND: POST /session/d2ee73163e71edf45acf38a1abb82030/element - {"using":"xpath","value":"//li[.//span[text()='478']]"}
RESULT: {"using":"xpath","value":"//li[.//span[text()='478']]"}
COMMAND: POST /session/d2ee73163e71edf45acf38a1abb82030/element/f.39032AFF0B9C80A7D793EE88796AE887.d.5AB76D59C44B0F41DC519C356E6645DD.e.2531/click - {}
RESULT: {}
COMMAND: GET /session/d2ee73163e71edf45acf38a1abb82030/screenshot - {}
RESULT: {}
COMMAND: POST /session/d2ee73163e71edf45acf38a1abb82030/element - {"using":"xpath","value":"//input[@id=\"application-managesites-display-component---NewSite--addressDetailDetailsPartner-inner\"]"}
RESULT: {"using":"xpath","value":"//input[@id=\"application-managesites-display-component---NewSite--addressDetailDetailsPartner-inner\"]"}
COMMAND: POST /session/d2ee73163e71edf45acf38a1abb82030/element - {"using":"xpath","value":"//input[@id=\"application-managesites-display-component---NewSite--addressDetailDetailsPartner-inner\"]"}
RESULT: {"using":"xpath","value":"//input[@id=\"application-managesites-display-component---NewSite--addressDetailDetailsPartner-inner\"]"}
COMMAND: POST /session/d2ee73163e71edf45acf38a1abb82030/element - {"using":"xpath","value":"//button[@data-kt=\"saveButton\"]"}
RESULT: {"using":"xpath","value":"//button[@data-kt=\"saveButton\"]"}
COMMAND: POST /session/d2ee73163e71edf45acf38a1abb82030/element/f.39032AFF0B9C80A7D793EE88796AE887.d.5AB76D59C44B0F41DC519C356E6645DD.e.2404/click - {}
RESULT: {}
COMMAND: GET /session/d2ee73163e71edf45acf38a1abb82030/screenshot - {}
RESULT: {}
COMMAND: POST /session/d2ee73163e71edf45acf38a1abb82030/element - {"using":"xpath","value":"//header[contains(@id, 'ObjectPageLayout-headerTitle')]/div[1]/div[2]/div[2]/span[1]"}
RESULT: {"using":"xpath","value":"//header[contains(@id, 'ObjectPageLayout-headerTitle')]/div[1]/div[2]/div[2]/span[1]"}
COMMAND: POST /session/d2ee73163e71edf45acf38a1abb82030/elements - {"using":"xpath","value":"//header[contains(@id, 'ObjectPageLayout-headerTitle')]/div[1]/div[2]/div[2]/span[1]"}
RESULT: {"using":"xpath","value":"//header[contains(@id, 'ObjectPageLayout-headerTitle')]/div[1]/div[2]/div[2]/span[1]"}
COMMAND: POST /session/d2ee73163e71edf45acf38a1abb82030/execute/sync - {"script":"<script> [56 bytes]","args":[{"element-6066-11e4-a52e-4f735466cecf":"f.39032AFF0B9C80A7D793EE88796AE887.d.5AB76D59C44B0F41DC519C356E6645DD.e.2734","ELEMENT":"f.39032AFF0B9C80A7D793EE88796AE887.d.5AB76D59C44B0F41DC519C356E6645DD.e.2734"}]}
RESULT: {"script":"<script> [56 bytes]","args":[{"element-6066-11e4-a52e-4f735466cecf":"f.39032AFF0B9C80A7D793EE88796AE887.d.5AB76D59C44B0F41DC519C356E6645DD.e.2734","ELEMENT":"f.39032AFF0B9C80A7D793EE88796AE887.d.5AB76D59C44B0F41DC519C356E6645DD.e.2734"}]}
COMMAND: POST /session/d2ee73163e71edf45acf38a1abb82030/element - {"using":"css selector","value":"#shell-header-logo"}
COMMAND: GET /session/d2ee73163e71edf45acf38a1abb82030/screenshot - {}
RESULT: {"using":"css selector","value":"#shell-header-logo"}
COMMAND: POST /session/d2ee73163e71edf45acf38a1abb82030/element/f.39032AFF0B9C80A7D793EE88796AE887.d.5AB76D59C44B0F41DC519C356E6645DD.e.1809/click - {}
RESULT: {}
RESULT: {}
COMMAND: GET /session/d2ee73163e71edf45acf38a1abb82030/screenshot - {}
RESULT: {}
COMMAND: POST /session/d2ee73163e71edf45acf38a1abb82030/execute/sync - {"script":"<script> [299 bytes]","args":[["getModel","getResource"]]}
RESULT: {"script":"<script> [299 bytes]","args":[["getModel","getResource"]]}
COMMAND: POST /session/d2ee73163e71edf45acf38a1abb82030/actions - {"actions":[{"id":"action8","type":"key","parameters":{},"actions":[{"type":"keyDown","value":"î€‡"},{"type":"pause","duration":10},{"type":"keyUp","value":"î€‡"}]}]}
COMMAND: GET /session/d2ee73163e71edf45acf38a1abb82030/screenshot - {}
RESULT: {"actions":[{"id":"action8","type":"key","parameters":{},"actions":[{"type":"keyDown","value":"î€‡"},{"type":"pause","duration":10},{"type":"keyUp","value":"î€‡"}]}]}
COMMAND: GET /session/d2ee73163e71edf45acf38a1abb82030/screenshot - {}
RESULT: {}
RESULT: {}
COMMAND: POST /session/d2ee73163e71edf45acf38a1abb82030/refresh - {}
RESULT: {}
COMMAND: GET /session/d2ee73163e71edf45acf38a1abb82030/screenshot - {}
RESULT: {}
COMMAND: POST /session/d2ee73163e71edf45acf38a1abb82030/refresh - {}
RESULT: {}
COMMAND: GET /session/d2ee73163e71edf45acf38a1abb82030/screenshot - {}
RESULT: {}
COMMAND: POST /session/d2ee73163e71edf45acf38a1abb82030/window/fullscreen - {}
RESULT: {}
COMMAND: POST /session/d2ee73163e71edf45acf38a1abb82030/execute/async - {"script":"<script> [189 bytes]","args":[]}
RESULT: {"script":"<script> [189 bytes]","args":[]}
COMMAND: POST /session/d2ee73163e71edf45acf38a1abb82030/execute/async - {"script":"<script> [123 bytes]","args":[]}
RESULT: {"script":"<script> [123 bytes]","args":[]}
COMMAND: POST /session/d2ee73163e71edf45acf38a1abb82030/timeouts - {"script":"<number>"}
RESULT: {"script":"<number>"}
COMMAND: GET /session/d2ee73163e71edf45acf38a1abb82030/timeouts - {}
RESULT: {}
RESULT: undefined
COMMAND: POST /session/d2ee73163e71edf45acf38a1abb82030/execute/async - {"script":"<script> [2676 bytes]","args":[]}
RESULT: {"script":"<script> [2676 bytes]","args":[]}
COMMAND: POST /session/d2ee73163e71edf45acf38a1abb82030/execute/async - {"script":"<script> [2342 bytes]","args":[{"protocol":"http","hostname":"0.0.0.0","path":"/","capabilities":{"browserName":"chrome","goog:chromeOptions":{"binary":"C:\\Program Files\\Google\\Chrome\\Application\\chrome.exe","args":["--start-maximized"]}},"logLevel":"warn","connectionRetryTimeout":120000,"connectionRetryCount":3,"logLevels":{},"enableDirectConnect":true,"strictSSL":true,"_":"65 more keys: [\"cacheDir\",\"port\",\"requestedCapabilities\",\"automationProtocol\",\"baseUrl\",\"waitforInterval\",\"waitforTimeout\",\"onReload\",\"beforeCommand\",\"afterCommand\",\"rootDir\",\"specs\",\"suites\",\"exclude\",\"groupLogsByTestSpec\",\"excludeDriverLogs\",\"bail\",\"framework\",\"reporters\",\"services\",\"maxInstances\",\"maxInstancesPerCapability\",\"injectGlobals\",\"filesToWatch\",\"execArgv\",\"runnerEnv\",\"runner\",\"shard\",\"specFileRetries\",\"specFileRetriesDelay\",\"specFileRetriesDeferred\",\"reporterSyncInterval\",\"reporterSyncTimeout\",\"cucumberFeaturesWithLineNumbers\",\"autoCompileOpts\",\"mochaOpts\",\"jasmineOpts\",\"cucumberOpts\",\"onPrepare\",\"onWorkerStart\",\"onWorkerEnd\",\"before\",\"beforeSession\",\"beforeSuite\",\"beforeHook\",\"beforeTest\",\"afterTest\",\"afterHook\",\"afterSuite\",\"afterSession\",\"after\",\"onComplete\",\"beforeAssertion\",\"afterAssertion\",\"beforeFeature\",\"beforeScenario\",\"beforeStep\",\"afterStep\",\"afterScenario\",\"afterFeature\",\"_\",\"suite\",\"$0\",\"ignoredWorkerServices\",\"wdi5\"]"}]}
RESULT: {"script":"<script> [2342 bytes]","args":[{"protocol":"http","hostname":"0.0.0.0","path":"/","capabilities":{"browserName":"chrome","goog:chromeOptions":{"binary":"C:\\Program Files\\Google\\Chrome\\Application\\chrome.exe","args":["--start-maximized"]}},"logLevel":"warn","connectionRetryTimeout":120000,"connectionRetryCount":3,"logLevels":{},"enableDirectConnect":true,"strictSSL":true,"_":"65 more keys: [\"cacheDir\",\"port\",\"requestedCapabilities\",\"automationProtocol\",\"baseUrl\",\"waitforInterval\",\"waitforTimeout\",\"onReload\",\"beforeCommand\",\"afterCommand\",\"rootDir\",\"specs\",\"suites\",\"exclude\",\"groupLogsByTestSpec\",\"excludeDriverLogs\",\"bail\",\"framework\",\"reporters\",\"services\",\"maxInstances\",\"maxInstancesPerCapability\",\"injectGlobals\",\"filesToWatch\",\"execArgv\",\"runnerEnv\",\"runner\",\"shard\",\"specFileRetries\",\"specFileRetriesDelay\",\"specFileRetriesDeferred\",\"reporterSyncInterval\",\"reporterSyncTimeout\",\"cucumberFeaturesWithLineNumbers\",\"autoCompileOpts\",\"mochaOpts\",\"jasmineOpts\",\"cucumberOpts\",\"onPrepare\",\"onWorkerStart\",\"onWorkerEnd\",\"before\",\"beforeSession\",\"beforeSuite\",\"beforeHook\",\"beforeTest\",\"afterTest\",\"afterHook\",\"afterSuite\",\"afterSession\",\"after\",\"onComplete\",\"beforeAssertion\",\"afterAssertion\",\"beforeFeature\",\"beforeScenario\",\"beforeStep\",\"afterStep\",\"afterScenario\",\"afterFeature\",\"_\",\"suite\",\"$0\",\"ignoredWorkerServices\",\"wdi5\"]"}]}
COMMAND: POST /session/d2ee73163e71edf45acf38a1abb82030/execute/async - {"script":"<script> [21126 bytes]","args":[35000]}
RESULT: {"script":"<script> [21126 bytes]","args":[35000]}
COMMAND: POST /session/d2ee73163e71edf45acf38a1abb82030/window/fullscreen - {}
RESULT: {}
]]></system-out>
    </testcase>
    <testcase classname="chrome.136_0_7103_93.windows.Billing_confirm_US117289" name="Should create a new equipment" time="130.471">
      <system-out><![CDATA[
COMMAND: POST /session/d2ee73163e71edf45acf38a1abb82030/execute/async - {"script":"<script> [1562 bytes]","args":[{"selector":{"controlType":"sap.m.GenericTile","properties":{"header":"Manage Resources"}},"wdio_ui5_key":"sapm.GenericTile{\"header\":\"Manage Resources\"}"}]}
RESULT: {"script":"<script> [1562 bytes]","args":[{"selector":{"controlType":"sap.m.GenericTile","properties":{"header":"Manage Resources"}},"wdio_ui5_key":"sapm.GenericTile{\"header\":\"Manage Resources\"}"}]}
RESULT: undefined
COMMAND: POST /session/d2ee73163e71edf45acf38a1abb82030/element - {"using":"xpath","value":"//*[@id=\"__tile31\"]"}
RESULT: {"using":"xpath","value":"//*[@id=\"__tile31\"]"}
COMMAND: POST /session/d2ee73163e71edf45acf38a1abb82030/element/f.39032AFF0B9C80A7D793EE88796AE887.d.AE1F3F8E35979177CF9E994CE5E6932B.e.2807/click - {}
RESULT: {}
COMMAND: GET /session/d2ee73163e71edf45acf38a1abb82030/screenshot - {}
RESULT: {}
COMMAND: POST /session/d2ee73163e71edf45acf38a1abb82030/elements - {"using":"xpath","value":"//span[text()='Error']"}
RESULT: {"using":"xpath","value":"//span[text()='Error']"}
COMMAND: POST /session/d2ee73163e71edf45acf38a1abb82030/element - {"using":"xpath","value":"//button[@data-kt=\"addNewRUOverflowToolbarButton\"]"}
RESULT: {"using":"xpath","value":"//button[@data-kt=\"addNewRUOverflowToolbarButton\"]"}
COMMAND: POST /session/d2ee73163e71edf45acf38a1abb82030/elements - {"using":"xpath","value":"//button[@data-kt=\"addNewRUOverflowToolbarButton\"]"}
RESULT: {"using":"xpath","value":"//button[@data-kt=\"addNewRUOverflowToolbarButton\"]"}
COMMAND: POST /session/d2ee73163e71edf45acf38a1abb82030/elements - {"using":"xpath","value":"//button[@data-kt=\"addNewRUOverflowToolbarButton\"]"}
RESULT: {"using":"xpath","value":"//button[@data-kt=\"addNewRUOverflowToolbarButton\"]"}
COMMAND: POST /session/d2ee73163e71edf45acf38a1abb82030/element - {"using":"xpath","value":"//button[@data-kt=\"addNewRUOverflowToolbarButton\"]"}
RESULT: {"using":"xpath","value":"//button[@data-kt=\"addNewRUOverflowToolbarButton\"]"}
COMMAND: POST /session/d2ee73163e71edf45acf38a1abb82030/execute/sync - {"script":"<script> [8489 bytes]","args":[{"element-6066-11e4-a52e-4f735466cecf":"f.39032AFF0B9C80A7D793EE88796AE887.d.AE1F3F8E35979177CF9E994CE5E6932B.e.2915","ELEMENT":"f.39032AFF0B9C80A7D793EE88796AE887.d.AE1F3F8E35979177CF9E994CE5E6932B.e.2915"}]}
RESULT: {"script":"<script> [8489 bytes]","args":[{"element-6066-11e4-a52e-4f735466cecf":"f.39032AFF0B9C80A7D793EE88796AE887.d.AE1F3F8E35979177CF9E994CE5E6932B.e.2915","ELEMENT":"f.39032AFF0B9C80A7D793EE88796AE887.d.AE1F3F8E35979177CF9E994CE5E6932B.e.2915"}]}
COMMAND: GET /session/d2ee73163e71edf45acf38a1abb82030/element/f.39032AFF0B9C80A7D793EE88796AE887.d.AE1F3F8E35979177CF9E994CE5E6932B.e.2915/enabled - {}
COMMAND: GET /session/d2ee73163e71edf45acf38a1abb82030/screenshot - {}
RESULT: {}
COMMAND: POST /session/d2ee73163e71edf45acf38a1abb82030/execute/sync - {"script":"<script> [8489 bytes]","args":[{"element-6066-11e4-a52e-4f735466cecf":"f.39032AFF0B9C80A7D793EE88796AE887.d.AE1F3F8E35979177CF9E994CE5E6932B.e.2915","ELEMENT":"f.39032AFF0B9C80A7D793EE88796AE887.d.AE1F3F8E35979177CF9E994CE5E6932B.e.2915"}]}
COMMAND: GET /session/d2ee73163e71edf45acf38a1abb82030/screenshot - {}
RESULT: {}
RESULT: {"script":"<script> [8489 bytes]","args":[{"element-6066-11e4-a52e-4f735466cecf":"f.39032AFF0B9C80A7D793EE88796AE887.d.AE1F3F8E35979177CF9E994CE5E6932B.e.2915","ELEMENT":"f.39032AFF0B9C80A7D793EE88796AE887.d.AE1F3F8E35979177CF9E994CE5E6932B.e.2915"}]}
COMMAND: POST /session/d2ee73163e71edf45acf38a1abb82030/execute/sync - {"script":"<script> [5351 bytes]","args":[{"element-6066-11e4-a52e-4f735466cecf":"f.39032AFF0B9C80A7D793EE88796AE887.d.AE1F3F8E35979177CF9E994CE5E6932B.e.2915","ELEMENT":"f.39032AFF0B9C80A7D793EE88796AE887.d.AE1F3F8E35979177CF9E994CE5E6932B.e.2915"}]}
COMMAND: GET /session/d2ee73163e71edf45acf38a1abb82030/screenshot - {}
RESULT: {}
RESULT: {"script":"<script> [5351 bytes]","args":[{"element-6066-11e4-a52e-4f735466cecf":"f.39032AFF0B9C80A7D793EE88796AE887.d.AE1F3F8E35979177CF9E994CE5E6932B.e.2915","ELEMENT":"f.39032AFF0B9C80A7D793EE88796AE887.d.AE1F3F8E35979177CF9E994CE5E6932B.e.2915"}]}
COMMAND: POST /session/d2ee73163e71edf45acf38a1abb82030/element/f.39032AFF0B9C80A7D793EE88796AE887.d.AE1F3F8E35979177CF9E994CE5E6932B.e.2915/click - {}
COMMAND: GET /session/d2ee73163e71edf45acf38a1abb82030/screenshot - {}
RESULT: {}
RESULT: {}
COMMAND: GET /session/d2ee73163e71edf45acf38a1abb82030/screenshot - {}
RESULT: {}
RESULT: {}
COMMAND: POST /session/d2ee73163e71edf45acf38a1abb82030/execute/async - {"script":"<script> [1562 bytes]","args":[{"selector":{"id":"application-manageresources-display-component---newResourceUnit--TYPE-arrow"},"wdio_ui5_key":"applicationmanageresources-display-component---newResourceUnit--TYPE-arrow"}]}
RESULT: {"script":"<script> [1562 bytes]","args":[{"selector":{"id":"application-manageresources-display-component---newResourceUnit--TYPE-arrow"},"wdio_ui5_key":"applicationmanageresources-display-component---newResourceUnit--TYPE-arrow"}]}
RESULT: undefined
COMMAND: POST /session/d2ee73163e71edf45acf38a1abb82030/element - {"using":"xpath","value":"//*[@id=\"application-manageresources-display-component---newResourceUnit--TYPE-arrow\"]"}
RESULT: {"using":"xpath","value":"//*[@id=\"application-manageresources-display-component---newResourceUnit--TYPE-arrow\"]"}
COMMAND: POST /session/d2ee73163e71edf45acf38a1abb82030/element/f.39032AFF0B9C80A7D793EE88796AE887.d.AE1F3F8E35979177CF9E994CE5E6932B.e.3274/click - {}
RESULT: {}
COMMAND: POST /session/d2ee73163e71edf45acf38a1abb82030/element - {"using":"xpath","value":"//input[@id=\"application-manageresources-display-component---newResourceUnit--TYPE-inner\"]"}
COMMAND: GET /session/d2ee73163e71edf45acf38a1abb82030/screenshot - {}
RESULT: {"using":"xpath","value":"//input[@id=\"application-manageresources-display-component---newResourceUnit--TYPE-inner\"]"}
COMMAND: POST /session/d2ee73163e71edf45acf38a1abb82030/element/f.39032AFF0B9C80A7D793EE88796AE887.d.AE1F3F8E35979177CF9E994CE5E6932B.e.3266/clear - {}
RESULT: {}
RESULT: {}
COMMAND: POST /session/d2ee73163e71edf45acf38a1abb82030/element/f.39032AFF0B9C80A7D793EE88796AE887.d.AE1F3F8E35979177CF9E994CE5E6932B.e.3266/value - {"text":"Equipment"}
COMMAND: GET /session/d2ee73163e71edf45acf38a1abb82030/screenshot - {}
RESULT: {"text":"Equipment"}
COMMAND: GET /session/d2ee73163e71edf45acf38a1abb82030/screenshot - {}
RESULT: {}
RESULT: {}
COMMAND: POST /session/d2ee73163e71edf45acf38a1abb82030/actions - {"actions":[{"id":"action9","type":"key","parameters":{},"actions":[{"type":"keyDown","value":"î€‡"},{"type":"pause","duration":10},{"type":"keyUp","value":"î€‡"}]}]}
RESULT: {"actions":[{"id":"action9","type":"key","parameters":{},"actions":[{"type":"keyDown","value":"î€‡"},{"type":"pause","duration":10},{"type":"keyUp","value":"î€‡"}]}]}
COMMAND: POST /session/d2ee73163e71edf45acf38a1abb82030/execute/async - {"script":"<script> [1562 bytes]","args":[{"selector":{"id":"application-manageresources-display-component---newResourceUnit--resourceId","interaction":{"idSuffix":"inner"}},"wdio_ui5_key":"applicationmanageresources-display-component---newResourceUnit--resourceId"}]}
COMMAND: GET /session/d2ee73163e71edf45acf38a1abb82030/screenshot - {}
RESULT: {"script":"<script> [1562 bytes]","args":[{"selector":{"id":"application-manageresources-display-component---newResourceUnit--resourceId","interaction":{"idSuffix":"inner"}},"wdio_ui5_key":"applicationmanageresources-display-component---newResourceUnit--resourceId"}]}
RESULT: undefined
COMMAND: POST /session/d2ee73163e71edf45acf38a1abb82030/execute/async - {"script":"<script> [776 bytes]","args":[{"enterText":"hp8LzhyMEX","selector":{"id":"application-manageresources-display-component---newResourceUnit--resourceId","interaction":{"idSuffix":"inner"}},"clearTextFirst":true,"interactionType":"ENTER_TEXT"}]}
RESULT: {}
RESULT: {"script":"<script> [776 bytes]","args":[{"enterText":"hp8LzhyMEX","selector":{"id":"application-manageresources-display-component---newResourceUnit--resourceId","interaction":{"idSuffix":"inner"}},"clearTextFirst":true,"interactionType":"ENTER_TEXT"}]}
COMMAND: POST /session/d2ee73163e71edf45acf38a1abb82030/execute/async - {"script":"<script> [1562 bytes]","args":[{"selector":{"id":"application-manageresources-display-component---newResourceUnit--SHORT_TEXT","interaction":{"idSuffix":"inner"}},"wdio_ui5_key":"applicationmanageresources-display-component---newResourceUnit--SHORT_TEXT"}]}
RESULT: {"script":"<script> [1562 bytes]","args":[{"selector":{"id":"application-manageresources-display-component---newResourceUnit--SHORT_TEXT","interaction":{"idSuffix":"inner"}},"wdio_ui5_key":"applicationmanageresources-display-component---newResourceUnit--SHORT_TEXT"}]}
RESULT: undefined
COMMAND: POST /session/d2ee73163e71edf45acf38a1abb82030/execute/async - {"script":"<script> [776 bytes]","args":[{"enterText":"Intercompany Equipment WDIO","selector":{"id":"application-manageresources-display-component---newResourceUnit--SHORT_TEXT","interaction":{"idSuffix":"inner"}},"clearTextFirst":true,"interactionType":"ENTER_TEXT"}]}
RESULT: {"script":"<script> [776 bytes]","args":[{"enterText":"Intercompany Equipment WDIO","selector":{"id":"application-manageresources-display-component---newResourceUnit--SHORT_TEXT","interaction":{"idSuffix":"inner"}},"clearTextFirst":true,"interactionType":"ENTER_TEXT"}]}
COMMAND: POST /session/d2ee73163e71edf45acf38a1abb82030/execute/async - {"script":"<script> [1562 bytes]","args":[{"selector":{"id":"application-manageresources-display-component---newResourceUnit--BASE_UNIT_OF_MEASURE","interaction":{"idSuffix":"inner"}},"wdio_ui5_key":"applicationmanageresources-display-component---newResourceUnit--BASE_UNIT_OF_MEASURE"}]}
RESULT: {"script":"<script> [1562 bytes]","args":[{"selector":{"id":"application-manageresources-display-component---newResourceUnit--BASE_UNIT_OF_MEASURE","interaction":{"idSuffix":"inner"}},"wdio_ui5_key":"applicationmanageresources-display-component---newResourceUnit--BASE_UNIT_OF_MEASURE"}]}
RESULT: undefined
COMMAND: POST /session/d2ee73163e71edf45acf38a1abb82030/execute/async - {"script":"<script> [776 bytes]","args":[{"enterText":"Piece","selector":{"id":"application-manageresources-display-component---newResourceUnit--BASE_UNIT_OF_MEASURE","interaction":{"idSuffix":"inner"}},"clearTextFirst":true,"interactionType":"ENTER_TEXT"}]}
RESULT: {"script":"<script> [776 bytes]","args":[{"enterText":"Piece","selector":{"id":"application-manageresources-display-component---newResourceUnit--BASE_UNIT_OF_MEASURE","interaction":{"idSuffix":"inner"}},"clearTextFirst":true,"interactionType":"ENTER_TEXT"}]}
COMMAND: POST /session/d2ee73163e71edf45acf38a1abb82030/execute/async - {"script":"<script> [1562 bytes]","args":[{"selector":{"id":"application-manageresources-display-component---newResourceUnit--WEIGHT_UNIT","interaction":{"idSuffix":"inner"}},"wdio_ui5_key":"applicationmanageresources-display-component---newResourceUnit--WEIGHT_UNIT"}]}
RESULT: {"script":"<script> [1562 bytes]","args":[{"selector":{"id":"application-manageresources-display-component---newResourceUnit--WEIGHT_UNIT","interaction":{"idSuffix":"inner"}},"wdio_ui5_key":"applicationmanageresources-display-component---newResourceUnit--WEIGHT_UNIT"}]}
RESULT: undefined
COMMAND: POST /session/d2ee73163e71edf45acf38a1abb82030/execute/async - {"script":"<script> [776 bytes]","args":[{"enterText":"Gram","selector":{"id":"application-manageresources-display-component---newResourceUnit--WEIGHT_UNIT","interaction":{"idSuffix":"inner"}},"clearTextFirst":true,"interactionType":"ENTER_TEXT"}]}
RESULT: {"script":"<script> [776 bytes]","args":[{"enterText":"Gram","selector":{"id":"application-manageresources-display-component---newResourceUnit--WEIGHT_UNIT","interaction":{"idSuffix":"inner"}},"clearTextFirst":true,"interactionType":"ENTER_TEXT"}]}
COMMAND: POST /session/d2ee73163e71edf45acf38a1abb82030/execute/async - {"script":"<script> [1562 bytes]","args":[{"selector":{"id":"application-manageresources-display-component---newResourceUnit--DIMENSION_UNIT","interaction":{"idSuffix":"inner"}},"wdio_ui5_key":"applicationmanageresources-display-component---newResourceUnit--DIMENSION_UNIT"}]}
RESULT: {"script":"<script> [1562 bytes]","args":[{"selector":{"id":"application-manageresources-display-component---newResourceUnit--DIMENSION_UNIT","interaction":{"idSuffix":"inner"}},"wdio_ui5_key":"applicationmanageresources-display-component---newResourceUnit--DIMENSION_UNIT"}]}
RESULT: undefined
COMMAND: POST /session/d2ee73163e71edf45acf38a1abb82030/execute/async - {"script":"<script> [776 bytes]","args":[{"enterText":"Meter","selector":{"id":"application-manageresources-display-component---newResourceUnit--DIMENSION_UNIT","interaction":{"idSuffix":"inner"}},"clearTextFirst":true,"interactionType":"ENTER_TEXT"}]}
RESULT: {"script":"<script> [776 bytes]","args":[{"enterText":"Meter","selector":{"id":"application-manageresources-display-component---newResourceUnit--DIMENSION_UNIT","interaction":{"idSuffix":"inner"}},"clearTextFirst":true,"interactionType":"ENTER_TEXT"}]}
COMMAND: POST /session/d2ee73163e71edf45acf38a1abb82030/execute/async - {"script":"<script> [1562 bytes]","args":[{"selector":{"id":"application-manageresources-display-component---newResourceUnit--newRRUPage-anchBar-application-manageresources-display-component---newResourceUnit--control-anchor","interaction":{"idSuffix":"BDI-content"}},"wdio_ui5_key":"applicationmanageresources-display-component---newResourceUnit--newRRUPage-anchBar-application-manageresources-display-component---newResourceUnit--control-anchor"}]}
RESULT: {"script":"<script> [1562 bytes]","args":[{"selector":{"id":"application-manageresources-display-component---newResourceUnit--newRRUPage-anchBar-application-manageresources-display-component---newResourceUnit--control-anchor","interaction":{"idSuffix":"BDI-content"}},"wdio_ui5_key":"applicationmanageresources-display-component---newResourceUnit--newRRUPage-anchBar-application-manageresources-display-component---newResourceUnit--control-anchor"}]}
RESULT: undefined
COMMAND: POST /session/d2ee73163e71edf45acf38a1abb82030/element - {"using":"xpath","value":"//*[@id=\"application-manageresources-display-component---newResourceUnit--newRRUPage-anchBar-application-manageresources-display-component---newResourceUnit--control-anchor\"]"}
RESULT: {"using":"xpath","value":"//*[@id=\"application-manageresources-display-component---newResourceUnit--newRRUPage-anchBar-application-manageresources-display-component---newResourceUnit--control-anchor\"]"}
COMMAND: POST /session/d2ee73163e71edf45acf38a1abb82030/element/f.39032AFF0B9C80A7D793EE88796AE887.d.AE1F3F8E35979177CF9E994CE5E6932B.e.3406/click - {}
RESULT: {}
COMMAND: POST /session/d2ee73163e71edf45acf38a1abb82030/execute/async - {"script":"<script> [1562 bytes]","args":[{"selector":{"id":"application-manageresources-display-component---newResourceUnit--PLANNING_GROUP","interaction":{"idSuffix":"inner"}},"wdio_ui5_key":"applicationmanageresources-display-component---newResourceUnit--PLANNING_GROUP"}]}
COMMAND: GET /session/d2ee73163e71edf45acf38a1abb82030/screenshot - {}
RESULT: {"script":"<script> [1562 bytes]","args":[{"selector":{"id":"application-manageresources-display-component---newResourceUnit--PLANNING_GROUP","interaction":{"idSuffix":"inner"}},"wdio_ui5_key":"applicationmanageresources-display-component---newResourceUnit--PLANNING_GROUP"}]}
RESULT: undefined
COMMAND: POST /session/d2ee73163e71edf45acf38a1abb82030/execute/async - {"script":"<script> [776 bytes]","args":[{"enterText":"Heavy Equi","selector":{"id":"application-manageresources-display-component---newResourceUnit--PLANNING_GROUP","interaction":{"idSuffix":"inner"}},"clearTextFirst":true,"interactionType":"ENTER_TEXT"}]}
RESULT: {}
RESULT: {"script":"<script> [776 bytes]","args":[{"enterText":"Heavy Equi","selector":{"id":"application-manageresources-display-component---newResourceUnit--PLANNING_GROUP","interaction":{"idSuffix":"inner"}},"clearTextFirst":true,"interactionType":"ENTER_TEXT"}]}
COMMAND: POST /session/d2ee73163e71edf45acf38a1abb82030/execute/async - {"script":"<script> [1562 bytes]","args":[{"selector":{"id":"application-manageresources-display-component---newResourceUnit--ITEM_TYPE-arrow"},"wdio_ui5_key":"applicationmanageresources-display-component---newResourceUnit--ITEM_TYPE-arrow"}]}
RESULT: {"script":"<script> [1562 bytes]","args":[{"selector":{"id":"application-manageresources-display-component---newResourceUnit--ITEM_TYPE-arrow"},"wdio_ui5_key":"applicationmanageresources-display-component---newResourceUnit--ITEM_TYPE-arrow"}]}
RESULT: undefined
COMMAND: POST /session/d2ee73163e71edf45acf38a1abb82030/element - {"using":"xpath","value":"//*[@id=\"application-manageresources-display-component---newResourceUnit--ITEM_TYPE-arrow\"]"}
RESULT: {"using":"xpath","value":"//*[@id=\"application-manageresources-display-component---newResourceUnit--ITEM_TYPE-arrow\"]"}
COMMAND: POST /session/d2ee73163e71edf45acf38a1abb82030/element/f.39032AFF0B9C80A7D793EE88796AE887.d.AE1F3F8E35979177CF9E994CE5E6932B.e.3413/click - {}
RESULT: {}
COMMAND: POST /session/d2ee73163e71edf45acf38a1abb82030/element - {"using":"xpath","value":"(//span[contains(text(), \"Resource Unit\")])[2]"}
COMMAND: GET /session/d2ee73163e71edf45acf38a1abb82030/screenshot - {}
RESULT: {"using":"xpath","value":"(//span[contains(text(), \"Resource Unit\")])[2]"}
COMMAND: POST /session/d2ee73163e71edf45acf38a1abb82030/element/f.39032AFF0B9C80A7D793EE88796AE887.d.AE1F3F8E35979177CF9E994CE5E6932B.e.3414/click - {}
RESULT: {}
RESULT: {}
COMMAND: GET /session/d2ee73163e71edf45acf38a1abb82030/screenshot - {}
RESULT: {}
COMMAND: POST /session/d2ee73163e71edf45acf38a1abb82030/element - {"using":"css selector","value":"#application-manageresources-display-component---newResourceUnit--btnAddTimeSegment"}
RESULT: {"using":"css selector","value":"#application-manageresources-display-component---newResourceUnit--btnAddTimeSegment"}
COMMAND: GET /session/d2ee73163e71edf45acf38a1abb82030/element/f.39032AFF0B9C80A7D793EE88796AE887.d.AE1F3F8E35979177CF9E994CE5E6932B.e.3415/rect - {}
RESULT: {}
COMMAND: GET /session/d2ee73163e71edf45acf38a1abb82030/window/rect - {}
RESULT: {}
COMMAND: POST /session/d2ee73163e71edf45acf38a1abb82030/execute/sync - {"script":"<script> [92 bytes]","args":[]}
RESULT: {"script":"<script> [92 bytes]","args":[]}
COMMAND: POST /session/d2ee73163e71edf45acf38a1abb82030/actions - {"actions":[{"id":"action10","type":"wheel","parameters":{},"actions":[{"type":"scroll","x":-1888,"y":-32,"deltaX":0,"deltaY":0,"duration":0,"origin":{"element-6066-11e4-a52e-4f735466cecf":"f.39032AFF0B9C80A7D793EE88796AE887.d.AE1F3F8E35979177CF9E994CE5E6932B.e.3415"}}]}]}
COMMAND: GET /session/d2ee73163e71edf45acf38a1abb82030/screenshot - {}
RESULT: {}
COMMAND: POST /session/d2ee73163e71edf45acf38a1abb82030/execute/sync - {"script":"<script> [79 bytes]","args":[{"element-6066-11e4-a52e-4f735466cecf":"f.39032AFF0B9C80A7D793EE88796AE887.d.AE1F3F8E35979177CF9E994CE5E6932B.e.3415","ELEMENT":"f.39032AFF0B9C80A7D793EE88796AE887.d.AE1F3F8E35979177CF9E994CE5E6932B.e.3415"},{"block":"start","inline":"nearest"}]}
RESULT: {"script":"<script> [79 bytes]","args":[{"element-6066-11e4-a52e-4f735466cecf":"f.39032AFF0B9C80A7D793EE88796AE887.d.AE1F3F8E35979177CF9E994CE5E6932B.e.3415","ELEMENT":"f.39032AFF0B9C80A7D793EE88796AE887.d.AE1F3F8E35979177CF9E994CE5E6932B.e.3415"},{"block":"start","inline":"nearest"}]}
COMMAND: POST /session/d2ee73163e71edf45acf38a1abb82030/execute/async - {"script":"<script> [1562 bytes]","args":[{"selector":{"id":"application-manageresources-display-component---newResourceUnit--btnAddTimeSegment","interaction":{"idSuffix":"inner"}},"wdio_ui5_key":"applicationmanageresources-display-component---newResourceUnit--btnAddTimeSegment"}]}
COMMAND: GET /session/d2ee73163e71edf45acf38a1abb82030/screenshot - {}
RESULT: {"script":"<script> [1562 bytes]","args":[{"selector":{"id":"application-manageresources-display-component---newResourceUnit--btnAddTimeSegment","interaction":{"idSuffix":"inner"}},"wdio_ui5_key":"applicationmanageresources-display-component---newResourceUnit--btnAddTimeSegment"}]}
RESULT: undefined
COMMAND: POST /session/d2ee73163e71edf45acf38a1abb82030/element - {"using":"xpath","value":"//*[@id=\"application-manageresources-display-component---newResourceUnit--btnAddTimeSegment\"]"}
RESULT: {}
RESULT: {"using":"xpath","value":"//*[@id=\"application-manageresources-display-component---newResourceUnit--btnAddTimeSegment\"]"}
COMMAND: POST /session/d2ee73163e71edf45acf38a1abb82030/element/f.39032AFF0B9C80A7D793EE88796AE887.d.AE1F3F8E35979177CF9E994CE5E6932B.e.3415/click - {}
RESULT: {}
COMMAND: GET /session/d2ee73163e71edf45acf38a1abb82030/screenshot - {}
RESULT: {}
COMMAND: POST /session/d2ee73163e71edf45acf38a1abb82030/element - {"using":"xpath","value":"//input[@id=\"application-manageresources-display-component---newResourceUnit--idRuTSAdmin-application-manageresources-display-component---newResourceUnit--RUTimeSegment-0-inner\"]"}
RESULT: {"using":"xpath","value":"//input[@id=\"application-manageresources-display-component---newResourceUnit--idRuTSAdmin-application-manageresources-display-component---newResourceUnit--RUTimeSegment-0-inner\"]"}
COMMAND: POST /session/d2ee73163e71edf45acf38a1abb82030/element/f.39032AFF0B9C80A7D793EE88796AE887.d.AE1F3F8E35979177CF9E994CE5E6932B.e.3421/clear - {}
RESULT: {}
COMMAND: POST /session/d2ee73163e71edf45acf38a1abb82030/element/f.39032AFF0B9C80A7D793EE88796AE887.d.AE1F3F8E35979177CF9E994CE5E6932B.e.3421/value - {"text":"478"}
COMMAND: GET /session/d2ee73163e71edf45acf38a1abb82030/screenshot - {}
RESULT: {"text":"478"}
COMMAND: GET /session/d2ee73163e71edf45acf38a1abb82030/screenshot - {}
RESULT: {}
RESULT: {}
COMMAND: POST /session/d2ee73163e71edf45acf38a1abb82030/element - {"using":"xpath","value":"//li[.//span[text()='478']]"}
RESULT: {"using":"xpath","value":"//li[.//span[text()='478']]"}
COMMAND: POST /session/d2ee73163e71edf45acf38a1abb82030/element/f.39032AFF0B9C80A7D793EE88796AE887.d.AE1F3F8E35979177CF9E994CE5E6932B.e.3433/click - {}
RESULT: {}
COMMAND: GET /session/d2ee73163e71edf45acf38a1abb82030/screenshot - {}
RESULT: {}
COMMAND: POST /session/d2ee73163e71edf45acf38a1abb82030/element - {"using":"xpath","value":"(//span[contains(@id, \"-application-manageresources-display-component---newResourceUnit--RUTimeSegment-0-arrow\")])[6]"}
RESULT: {"using":"xpath","value":"(//span[contains(@id, \"-application-manageresources-display-component---newResourceUnit--RUTimeSegment-0-arrow\")])[6]"}
COMMAND: POST /session/d2ee73163e71edf45acf38a1abb82030/element/f.39032AFF0B9C80A7D793EE88796AE887.d.AE1F3F8E35979177CF9E994CE5E6932B.e.3434/click - {}
RESULT: {}
COMMAND: GET /session/d2ee73163e71edf45acf38a1abb82030/screenshot - {}
RESULT: {}
COMMAND: POST /session/d2ee73163e71edf45acf38a1abb82030/element - {"using":"xpath","value":"//span[contains(text(), \"PM Order\")]"}
RESULT: {"using":"xpath","value":"//span[contains(text(), \"PM Order\")]"}
COMMAND: POST /session/d2ee73163e71edf45acf38a1abb82030/element/f.39032AFF0B9C80A7D793EE88796AE887.d.AE1F3F8E35979177CF9E994CE5E6932B.e.3437/click - {}
RESULT: {}
COMMAND: GET /session/d2ee73163e71edf45acf38a1abb82030/screenshot - {}
RESULT: {}
COMMAND: POST /session/d2ee73163e71edf45acf38a1abb82030/element - {"using":"xpath","value":"(//span[contains(@id ,\"manageresources-display-component---newResourceUnit--RUTimeSegment-0-vhi\")])[1]"}
RESULT: {"using":"xpath","value":"(//span[contains(@id ,\"manageresources-display-component---newResourceUnit--RUTimeSegment-0-vhi\")])[1]"}
COMMAND: GET /session/d2ee73163e71edf45acf38a1abb82030/element/f.39032AFF0B9C80A7D793EE88796AE887.d.AE1F3F8E35979177CF9E994CE5E6932B.e.3441/rect - {}
RESULT: {}
COMMAND: GET /session/d2ee73163e71edf45acf38a1abb82030/window/rect - {}
RESULT: {}
COMMAND: POST /session/d2ee73163e71edf45acf38a1abb82030/execute/sync - {"script":"<script> [92 bytes]","args":[]}
RESULT: {"script":"<script> [92 bytes]","args":[]}
COMMAND: POST /session/d2ee73163e71edf45acf38a1abb82030/actions - {"actions":[{"id":"action11","type":"wheel","parameters":{},"actions":[{"type":"scroll","x":-869,"y":-24,"deltaX":0,"deltaY":0,"duration":0,"origin":{"element-6066-11e4-a52e-4f735466cecf":"f.39032AFF0B9C80A7D793EE88796AE887.d.AE1F3F8E35979177CF9E994CE5E6932B.e.3441"}}]}]}
COMMAND: GET /session/d2ee73163e71edf45acf38a1abb82030/screenshot - {}
RESULT: {"actions":[{"id":"action11","type":"wheel","parameters":{},"actions":[{"type":"scroll","x":-869,"y":-24,"deltaX":0,"deltaY":0,"duration":0,"origin":{"element-6066-11e4-a52e-4f735466cecf":"f.39032AFF0B9C80A7D793EE88796AE887.d.AE1F3F8E35979177CF9E994CE5E6932B.e.3441"}}]}]}
COMMAND: DELETE /session/d2ee73163e71edf45acf38a1abb82030/actions - {}
COMMAND: GET /session/d2ee73163e71edf45acf38a1abb82030/screenshot - {}
RESULT: {}
RESULT: {}
COMMAND: GET /session/d2ee73163e71edf45acf38a1abb82030/screenshot - {}
RESULT: {}
RESULT: {}
COMMAND: POST /session/d2ee73163e71edf45acf38a1abb82030/element/f.39032AFF0B9C80A7D793EE88796AE887.d.AE1F3F8E35979177CF9E994CE5E6932B.e.3441/click - {}
RESULT: {}
COMMAND: GET /session/d2ee73163e71edf45acf38a1abb82030/screenshot - {}
RESULT: {}
COMMAND: POST /session/d2ee73163e71edf45acf38a1abb82030/execute/async - {"script":"<script> [1562 bytes]","args":[{"selector":{"controlType":"sap.m.SearchField","properties":{"placeholder":"Search"},"searchOpenDialogs":true,"interaction":{"idSuffix":"I"}},"wdio_ui5_key":"sapm.SearchField{\"placeholder\":\"Search\"}"}]}
RESULT: {"script":"<script> [1562 bytes]","args":[{"selector":{"controlType":"sap.m.SearchField","properties":{"placeholder":"Search"},"searchOpenDialogs":true,"interaction":{"idSuffix":"I"}},"wdio_ui5_key":"sapm.SearchField{\"placeholder\":\"Search\"}"}]}
RESULT: undefined
COMMAND: POST /session/d2ee73163e71edf45acf38a1abb82030/execute/async - {"script":"<script> [776 bytes]","args":[{"enterText":"4000360","selector":{"controlType":"sap.m.SearchField","properties":{"placeholder":"Search"},"searchOpenDialogs":true,"interaction":{"idSuffix":"I"}},"clearTextFirst":true,"interactionType":"ENTER_TEXT"}]}
RESULT: {"script":"<script> [776 bytes]","args":[{"enterText":"4000360","selector":{"controlType":"sap.m.SearchField","properties":{"placeholder":"Search"},"searchOpenDialogs":true,"interaction":{"idSuffix":"I"}},"clearTextFirst":true,"interactionType":"ENTER_TEXT"}]}
COMMAND: POST /session/d2ee73163e71edf45acf38a1abb82030/actions - {"actions":[{"id":"action12","type":"key","parameters":{},"actions":[{"type":"keyDown","value":"î€‡"},{"type":"pause","duration":10},{"type":"keyUp","value":"î€‡"}]}]}
RESULT: {"actions":[{"id":"action12","type":"key","parameters":{},"actions":[{"type":"keyDown","value":"î€‡"},{"type":"pause","duration":10},{"type":"keyUp","value":"î€‡"}]}]}
COMMAND: GET /session/d2ee73163e71edf45acf38a1abb82030/screenshot - {}
RESULT: {}
COMMAND: POST /session/d2ee73163e71edf45acf38a1abb82030/element - {"using":"xpath","value":"//td/div/span[contains(text(), \"BGL Vehicles\")]"}
RESULT: {"using":"xpath","value":"//td/div/span[contains(text(), \"BGL Vehicles\")]"}
COMMAND: POST /session/d2ee73163e71edf45acf38a1abb82030/element/f.39032AFF0B9C80A7D793EE88796AE887.d.AE1F3F8E35979177CF9E994CE5E6932B.e.3464/click - {}
RESULT: {}
COMMAND: GET /session/d2ee73163e71edf45acf38a1abb82030/screenshot - {}
RESULT: {}
COMMAND: POST /session/d2ee73163e71edf45acf38a1abb82030/element - {"using":"xpath","value":"//bdi[contains(text(), \"OK\")]"}
RESULT: {"using":"xpath","value":"//bdi[contains(text(), \"OK\")]"}
COMMAND: POST /session/d2ee73163e71edf45acf38a1abb82030/element/f.39032AFF0B9C80A7D793EE88796AE887.d.AE1F3F8E35979177CF9E994CE5E6932B.e.3465/click - {}
RESULT: {}
COMMAND: GET /session/d2ee73163e71edf45acf38a1abb82030/screenshot - {}
RESULT: {}
COMMAND: POST /session/d2ee73163e71edf45acf38a1abb82030/execute/async - {"script":"<script> [1562 bytes]","args":[{"selector":{"id":"application-manageresources-display-component---newResourceUnit--newRRUPage-anchBar-application-manageresources-display-component---newResourceUnit--resource-anchor","interaction":{"idSuffix":"BDI-content"}},"wdio_ui5_key":"applicationmanageresources-display-component---newResourceUnit--newRRUPage-anchBar-application-manageresources-display-component---newResourceUnit--resource-anchor"}]}
RESULT: {"script":"<script> [1562 bytes]","args":[{"selector":{"id":"application-manageresources-display-component---newResourceUnit--newRRUPage-anchBar-application-manageresources-display-component---newResourceUnit--resource-anchor","interaction":{"idSuffix":"BDI-content"}},"wdio_ui5_key":"applicationmanageresources-display-component---newResourceUnit--newRRUPage-anchBar-application-manageresources-display-component---newResourceUnit--resource-anchor"}]}
RESULT: undefined
COMMAND: POST /session/d2ee73163e71edf45acf38a1abb82030/element - {"using":"xpath","value":"//*[@id=\"application-manageresources-display-component---newResourceUnit--newRRUPage-anchBar-application-manageresources-display-component---newResourceUnit--resource-anchor\"]"}
RESULT: {"using":"xpath","value":"//*[@id=\"application-manageresources-display-component---newResourceUnit--newRRUPage-anchBar-application-manageresources-display-component---newResourceUnit--resource-anchor\"]"}
COMMAND: POST /session/d2ee73163e71edf45acf38a1abb82030/element/f.39032AFF0B9C80A7D793EE88796AE887.d.AE1F3F8E35979177CF9E994CE5E6932B.e.3469/click - {}
RESULT: {}
COMMAND: POST /session/d2ee73163e71edf45acf38a1abb82030/execute/async - {"script":"<script> [1562 bytes]","args":[{"selector":{"id":"application-manageresources-display-component---newResourceUnit--PLANNED_DELIVERY_DATE","interaction":{"idSuffix":"inner"}},"wdio_ui5_key":"applicationmanageresources-display-component---newResourceUnit--PLANNED_DELIVERY_DATE"}]}
COMMAND: GET /session/d2ee73163e71edf45acf38a1abb82030/screenshot - {}
RESULT: {"script":"<script> [1562 bytes]","args":[{"selector":{"id":"application-manageresources-display-component---newResourceUnit--PLANNED_DELIVERY_DATE","interaction":{"idSuffix":"inner"}},"wdio_ui5_key":"applicationmanageresources-display-component---newResourceUnit--PLANNED_DELIVERY_DATE"}]}
RESULT: undefined
COMMAND: POST /session/d2ee73163e71edf45acf38a1abb82030/execute/async - {"script":"<script> [6424 bytes]","args":[{"element-6066-11e4-a52e-4f735466cecf":"f.39032AFF0B9C80A7D793EE88796AE887.d.AE1F3F8E35979177CF9E994CE5E6932B.e.3330"},"setValue",["5/16/25"]]}
RESULT: {}
RESULT: {"script":"<script> [6424 bytes]","args":[{"element-6066-11e4-a52e-4f735466cecf":"f.39032AFF0B9C80A7D793EE88796AE887.d.AE1F3F8E35979177CF9E994CE5E6932B.e.3330"},"setValue",["5/16/25"]]}
COMMAND: POST /session/d2ee73163e71edf45acf38a1abb82030/element - {"using":"xpath","value":"//label[contains(@class, 'sapMLabelRequired') and .//bdi[contains(text(), 'Planned Retirement')]]"}
RESULT: {"using":"xpath","value":"//label[contains(@class, 'sapMLabelRequired') and .//bdi[contains(text(), 'Planned Retirement')]]"}
COMMAND: POST /session/d2ee73163e71edf45acf38a1abb82030/elements - {"using":"xpath","value":"//label[contains(@class, 'sapMLabelRequired') and .//bdi[contains(text(), 'Planned Retirement')]]"}
RESULT: {"using":"xpath","value":"//label[contains(@class, 'sapMLabelRequired') and .//bdi[contains(text(), 'Planned Retirement')]]"}
COMMAND: POST /session/d2ee73163e71edf45acf38a1abb82030/element - {"using":"xpath","value":"//button[@data-kt=\"resourceUnitSaveButton\"]"}
RESULT: {"using":"xpath","value":"//button[@data-kt=\"resourceUnitSaveButton\"]"}
COMMAND: POST /session/d2ee73163e71edf45acf38a1abb82030/element/f.39032AFF0B9C80A7D793EE88796AE887.d.AE1F3F8E35979177CF9E994CE5E6932B.e.3291/click - {}
RESULT: {}
COMMAND: GET /session/d2ee73163e71edf45acf38a1abb82030/screenshot - {}
RESULT: {}
COMMAND: POST /session/d2ee73163e71edf45acf38a1abb82030/element - {"using":"xpath","value":"//bdi[contains(text(), \"Close\")]"}
RESULT: {"using":"xpath","value":"//bdi[contains(text(), \"Close\")]"}
COMMAND: POST /session/d2ee73163e71edf45acf38a1abb82030/element/f.39032AFF0B9C80A7D793EE88796AE887.d.AE1F3F8E35979177CF9E994CE5E6932B.e.3477/click - {}
RESULT: {}
COMMAND: GET /session/d2ee73163e71edf45acf38a1abb82030/screenshot - {}
RESULT: {}
COMMAND: POST /session/d2ee73163e71edf45acf38a1abb82030/element - {"using":"xpath","value":"(//button[contains(@id ,\"actionsToolbar-overflowButton\")])[1]"}
RESULT: {"using":"xpath","value":"(//button[contains(@id ,\"actionsToolbar-overflowButton\")])[1]"}
COMMAND: POST /session/d2ee73163e71edf45acf38a1abb82030/element/f.39032AFF0B9C80A7D793EE88796AE887.d.AE1F3F8E35979177CF9E994CE5E6932B.e.3531/click - {}
RESULT: {}
COMMAND: GET /session/d2ee73163e71edf45acf38a1abb82030/screenshot - {}
RESULT: {}
COMMAND: POST /session/d2ee73163e71edf45acf38a1abb82030/element - {"using":"xpath","value":"//button[@data-kt=\"priceInfoButton\"]"}
RESULT: {"using":"xpath","value":"//button[@data-kt=\"priceInfoButton\"]"}
COMMAND: POST /session/d2ee73163e71edf45acf38a1abb82030/element/f.39032AFF0B9C80A7D793EE88796AE887.d.AE1F3F8E35979177CF9E994CE5E6932B.e.3533/click - {}
RESULT: {}
COMMAND: GET /session/d2ee73163e71edf45acf38a1abb82030/screenshot - {}
RESULT: {}
]]></system-out>
    </testcase>
    <testcase classname="chrome.136_0_7103_93.windows.Billing_confirm_US117289" name="Should create new pricing rule" time="50.357">
      <system-out><![CDATA[
COMMAND: POST /session/d2ee73163e71edf45acf38a1abb82030/element - {"using":"xpath","value":"//button[@data-kt=\"addButton\"]"}
RESULT: {"using":"xpath","value":"//button[@data-kt=\"addButton\"]"}
COMMAND: POST /session/d2ee73163e71edf45acf38a1abb82030/elements - {"using":"xpath","value":"//button[@data-kt=\"addButton\"]"}
RESULT: {"using":"xpath","value":"//button[@data-kt=\"addButton\"]"}
COMMAND: POST /session/d2ee73163e71edf45acf38a1abb82030/elements - {"using":"xpath","value":"//button[@data-kt=\"addButton\"]"}
RESULT: {"using":"xpath","value":"//button[@data-kt=\"addButton\"]"}
COMMAND: POST /session/d2ee73163e71edf45acf38a1abb82030/element - {"using":"xpath","value":"//button[@data-kt=\"addButton\"]"}
RESULT: {"using":"xpath","value":"//button[@data-kt=\"addButton\"]"}
COMMAND: POST /session/d2ee73163e71edf45acf38a1abb82030/execute/sync - {"script":"<script> [8489 bytes]","args":[{"element-6066-11e4-a52e-4f735466cecf":"f.39032AFF0B9C80A7D793EE88796AE887.d.AE1F3F8E35979177CF9E994CE5E6932B.e.3570","ELEMENT":"f.39032AFF0B9C80A7D793EE88796AE887.d.AE1F3F8E35979177CF9E994CE5E6932B.e.3570"}]}
RESULT: {"script":"<script> [8489 bytes]","args":[{"element-6066-11e4-a52e-4f735466cecf":"f.39032AFF0B9C80A7D793EE88796AE887.d.AE1F3F8E35979177CF9E994CE5E6932B.e.3570","ELEMENT":"f.39032AFF0B9C80A7D793EE88796AE887.d.AE1F3F8E35979177CF9E994CE5E6932B.e.3570"}]}
COMMAND: GET /session/d2ee73163e71edf45acf38a1abb82030/element/f.39032AFF0B9C80A7D793EE88796AE887.d.AE1F3F8E35979177CF9E994CE5E6932B.e.3570/enabled - {}
COMMAND: GET /session/d2ee73163e71edf45acf38a1abb82030/screenshot - {}
RESULT: {}
COMMAND: POST /session/d2ee73163e71edf45acf38a1abb82030/execute/sync - {"script":"<script> [8489 bytes]","args":[{"element-6066-11e4-a52e-4f735466cecf":"f.39032AFF0B9C80A7D793EE88796AE887.d.AE1F3F8E35979177CF9E994CE5E6932B.e.3570","ELEMENT":"f.39032AFF0B9C80A7D793EE88796AE887.d.AE1F3F8E35979177CF9E994CE5E6932B.e.3570"}]}
COMMAND: GET /session/d2ee73163e71edf45acf38a1abb82030/screenshot - {}
RESULT: {}
RESULT: {"script":"<script> [8489 bytes]","args":[{"element-6066-11e4-a52e-4f735466cecf":"f.39032AFF0B9C80A7D793EE88796AE887.d.AE1F3F8E35979177CF9E994CE5E6932B.e.3570","ELEMENT":"f.39032AFF0B9C80A7D793EE88796AE887.d.AE1F3F8E35979177CF9E994CE5E6932B.e.3570"}]}
COMMAND: POST /session/d2ee73163e71edf45acf38a1abb82030/execute/sync - {"script":"<script> [5351 bytes]","args":[{"element-6066-11e4-a52e-4f735466cecf":"f.39032AFF0B9C80A7D793EE88796AE887.d.AE1F3F8E35979177CF9E994CE5E6932B.e.3570","ELEMENT":"f.39032AFF0B9C80A7D793EE88796AE887.d.AE1F3F8E35979177CF9E994CE5E6932B.e.3570"}]}
COMMAND: GET /session/d2ee73163e71edf45acf38a1abb82030/screenshot - {}
RESULT: {}
RESULT: {"script":"<script> [5351 bytes]","args":[{"element-6066-11e4-a52e-4f735466cecf":"f.39032AFF0B9C80A7D793EE88796AE887.d.AE1F3F8E35979177CF9E994CE5E6932B.e.3570","ELEMENT":"f.39032AFF0B9C80A7D793EE88796AE887.d.AE1F3F8E35979177CF9E994CE5E6932B.e.3570"}]}
COMMAND: POST /session/d2ee73163e71edf45acf38a1abb82030/element/f.39032AFF0B9C80A7D793EE88796AE887.d.AE1F3F8E35979177CF9E994CE5E6932B.e.3570/click - {}
COMMAND: GET /session/d2ee73163e71edf45acf38a1abb82030/screenshot - {}
RESULT: {}
RESULT: {}
COMMAND: GET /session/d2ee73163e71edf45acf38a1abb82030/screenshot - {}
RESULT: {}
RESULT: {}
COMMAND: POST /session/d2ee73163e71edf45acf38a1abb82030/execute/async - {"script":"<script> [1562 bytes]","args":[{"selector":{"controlType":"sap.m.Title","viewName":"etm.portal.ui.managepricingrules.view.NewItem","viewId":"application-managepricingrules-display-component---newInfoPriceItem","properties":{"text":"New Pricing Rules - Item Level"}},"wdio_ui5_key":"etmportal.ui.managepricingrules.view.NewItemsap.m.Title{\"text\":\"New Pricing Rules - Item Level\"}"}]}
RESULT: {"script":"<script> [1562 bytes]","args":[{"selector":{"controlType":"sap.m.Title","viewName":"etm.portal.ui.managepricingrules.view.NewItem","viewId":"application-managepricingrules-display-component---newInfoPriceItem","properties":{"text":"New Pricing Rules - Item Level"}},"wdio_ui5_key":"etmportal.ui.managepricingrules.view.NewItemsap.m.Title{\"text\":\"New Pricing Rules - Item Level\"}"}]}
RESULT: undefined
COMMAND: POST /session/d2ee73163e71edf45acf38a1abb82030/execute/async - {"script":"<script> [6424 bytes]","args":[{"element-6066-11e4-a52e-4f735466cecf":"f.39032AFF0B9C80A7D793EE88796AE887.d.AE1F3F8E35979177CF9E994CE5E6932B.e.3745"},"getText",[]]}
RESULT: {"script":"<script> [6424 bytes]","args":[{"element-6066-11e4-a52e-4f735466cecf":"f.39032AFF0B9C80A7D793EE88796AE887.d.AE1F3F8E35979177CF9E994CE5E6932B.e.3745"},"getText",[]]}
COMMAND: POST /session/d2ee73163e71edf45acf38a1abb82030/execute/async - {"script":"<script> [1562 bytes]","args":[{"selector":{"id":"application-managepricingrules-display-component---newInfoPriceItem--condValidTo","interaction":{"idSuffix":"inner"}},"wdio_ui5_key":"applicationmanagepricingrules-display-component---newInfoPriceItem--condValidTo"}]}
RESULT: {"script":"<script> [1562 bytes]","args":[{"selector":{"id":"application-managepricingrules-display-component---newInfoPriceItem--condValidTo","interaction":{"idSuffix":"inner"}},"wdio_ui5_key":"applicationmanagepricingrules-display-component---newInfoPriceItem--condValidTo"}]}
RESULT: undefined
COMMAND: POST /session/d2ee73163e71edf45acf38a1abb82030/execute/async - {"script":"<script> [776 bytes]","args":[{"enterText":"1/16/26","selector":{"id":"application-managepricingrules-display-component---newInfoPriceItem--condValidTo","interaction":{"idSuffix":"inner"}},"clearTextFirst":true,"interactionType":"ENTER_TEXT"}]}
RESULT: {"script":"<script> [776 bytes]","args":[{"enterText":"1/16/26","selector":{"id":"application-managepricingrules-display-component---newInfoPriceItem--condValidTo","interaction":{"idSuffix":"inner"}},"clearTextFirst":true,"interactionType":"ENTER_TEXT"}]}
COMMAND: POST /session/d2ee73163e71edf45acf38a1abb82030/execute/async - {"script":"<script> [1562 bytes]","args":[{"selector":{"id":"application-managepricingrules-display-component---newInfoPriceItem--billType-arrow"},"wdio_ui5_key":"applicationmanagepricingrules-display-component---newInfoPriceItem--billType-arrow"}]}
RESULT: {"script":"<script> [1562 bytes]","args":[{"selector":{"id":"application-managepricingrules-display-component---newInfoPriceItem--billType-arrow"},"wdio_ui5_key":"applicationmanagepricingrules-display-component---newInfoPriceItem--billType-arrow"}]}
RESULT: undefined
COMMAND: POST /session/d2ee73163e71edf45acf38a1abb82030/element - {"using":"xpath","value":"//*[@id=\"application-managepricingrules-display-component---newInfoPriceItem--billType-arrow\"]"}
RESULT: {"using":"xpath","value":"//*[@id=\"application-managepricingrules-display-component---newInfoPriceItem--billType-arrow\"]"}
COMMAND: POST /session/d2ee73163e71edf45acf38a1abb82030/element/f.39032AFF0B9C80A7D793EE88796AE887.d.AE1F3F8E35979177CF9E994CE5E6932B.e.3705/click - {}
RESULT: {}
COMMAND: POST /session/d2ee73163e71edf45acf38a1abb82030/element - {"using":"xpath","value":"//span[contains(text(), \"TB - Time based\")]"}
COMMAND: GET /session/d2ee73163e71edf45acf38a1abb82030/screenshot - {}
RESULT: {"using":"xpath","value":"//span[contains(text(), \"TB - Time based\")]"}
COMMAND: POST /session/d2ee73163e71edf45acf38a1abb82030/element/f.39032AFF0B9C80A7D793EE88796AE887.d.AE1F3F8E35979177CF9E994CE5E6932B.e.3747/click - {}
RESULT: {}
RESULT: {}
COMMAND: POST /session/d2ee73163e71edf45acf38a1abb82030/execute/async - {"script":"<script> [1562 bytes]","args":[{"selector":{"id":"application-managepricingrules-display-component---newInfoPriceItem--priceProc-arrow"},"wdio_ui5_key":"applicationmanagepricingrules-display-component---newInfoPriceItem--priceProc-arrow"}]}
COMMAND: GET /session/d2ee73163e71edf45acf38a1abb82030/screenshot - {}
RESULT: {"script":"<script> [1562 bytes]","args":[{"selector":{"id":"application-managepricingrules-display-component---newInfoPriceItem--priceProc-arrow"},"wdio_ui5_key":"applicationmanagepricingrules-display-component---newInfoPriceItem--priceProc-arrow"}]}
RESULT: undefined
COMMAND: POST /session/d2ee73163e71edf45acf38a1abb82030/element - {"using":"xpath","value":"//*[@id=\"application-managepricingrules-display-component---newInfoPriceItem--priceProc-arrow\"]"}
RESULT: {}
RESULT: {"using":"xpath","value":"//*[@id=\"application-managepricingrules-display-component---newInfoPriceItem--priceProc-arrow\"]"}
COMMAND: POST /session/d2ee73163e71edf45acf38a1abb82030/element/f.39032AFF0B9C80A7D793EE88796AE887.d.AE1F3F8E35979177CF9E994CE5E6932B.e.3712/click - {}
RESULT: {}
COMMAND: POST /session/d2ee73163e71edf45acf38a1abb82030/element - {"using":"xpath","value":"//span[contains(text(), \"TBS - Time based standard\")]"}
COMMAND: GET /session/d2ee73163e71edf45acf38a1abb82030/screenshot - {}
RESULT: {"using":"xpath","value":"//span[contains(text(), \"TBS - Time based standard\")]"}
COMMAND: POST /session/d2ee73163e71edf45acf38a1abb82030/element/f.39032AFF0B9C80A7D793EE88796AE887.d.AE1F3F8E35979177CF9E994CE5E6932B.e.3748/click - {}
RESULT: {}
RESULT: {}
COMMAND: POST /session/d2ee73163e71edf45acf38a1abb82030/execute/async - {"script":"<script> [1562 bytes]","args":[{"selector":{"id":"application-managepricingrules-display-component---newInfoPriceItem--calcBase-arrow"},"wdio_ui5_key":"applicationmanagepricingrules-display-component---newInfoPriceItem--calcBase-arrow"}]}
COMMAND: GET /session/d2ee73163e71edf45acf38a1abb82030/screenshot - {}
RESULT: {"script":"<script> [1562 bytes]","args":[{"selector":{"id":"application-managepricingrules-display-component---newInfoPriceItem--calcBase-arrow"},"wdio_ui5_key":"applicationmanagepricingrules-display-component---newInfoPriceItem--calcBase-arrow"}]}
RESULT: undefined
COMMAND: POST /session/d2ee73163e71edf45acf38a1abb82030/element - {"using":"xpath","value":"//*[@id=\"application-managepricingrules-display-component---newInfoPriceItem--calcBase-arrow\"]"}
RESULT: {}
RESULT: {"using":"xpath","value":"//*[@id=\"application-managepricingrules-display-component---newInfoPriceItem--calcBase-arrow\"]"}
COMMAND: POST /session/d2ee73163e71edf45acf38a1abb82030/element/f.39032AFF0B9C80A7D793EE88796AE887.d.AE1F3F8E35979177CF9E994CE5E6932B.e.3719/click - {}
RESULT: {}
COMMAND: GET /session/d2ee73163e71edf45acf38a1abb82030/screenshot - {}
RESULT: {}
COMMAND: POST /session/d2ee73163e71edf45acf38a1abb82030/element - {"using":"xpath","value":"//span[contains(text(), \"0006 - TB(calendar days)\")]"}
RESULT: {"using":"xpath","value":"//span[contains(text(), \"0006 - TB(calendar days)\")]"}
COMMAND: POST /session/d2ee73163e71edf45acf38a1abb82030/element/f.39032AFF0B9C80A7D793EE88796AE887.d.AE1F3F8E35979177CF9E994CE5E6932B.e.3749/click - {}
RESULT: {}
COMMAND: GET /session/d2ee73163e71edf45acf38a1abb82030/screenshot - {}
RESULT: {}
COMMAND: POST /session/d2ee73163e71edf45acf38a1abb82030/execute/async - {"script":"<script> [1562 bytes]","args":[{"selector":{"id":"application-managepricingrules-display-component---newInfoPriceItem--daysMonth","interaction":{"idSuffix":"inner"}},"wdio_ui5_key":"applicationmanagepricingrules-display-component---newInfoPriceItem--daysMonth"}]}
RESULT: {"script":"<script> [1562 bytes]","args":[{"selector":{"id":"application-managepricingrules-display-component---newInfoPriceItem--daysMonth","interaction":{"idSuffix":"inner"}},"wdio_ui5_key":"applicationmanagepricingrules-display-component---newInfoPriceItem--daysMonth"}]}
RESULT: undefined
COMMAND: POST /session/d2ee73163e71edf45acf38a1abb82030/execute/async - {"script":"<script> [776 bytes]","args":[{"enterText":"30","selector":{"id":"application-managepricingrules-display-component---newInfoPriceItem--daysMonth","interaction":{"idSuffix":"inner"}},"clearTextFirst":true,"interactionType":"ENTER_TEXT"}]}
RESULT: {"script":"<script> [776 bytes]","args":[{"enterText":"30","selector":{"id":"application-managepricingrules-display-component---newInfoPriceItem--daysMonth","interaction":{"idSuffix":"inner"}},"clearTextFirst":true,"interactionType":"ENTER_TEXT"}]}
COMMAND: POST /session/d2ee73163e71edf45acf38a1abb82030/element - {"using":"xpath","value":"//button[@data-kt=\"saveNewRuleButton\"]"}
RESULT: {"using":"xpath","value":"//button[@data-kt=\"saveNewRuleButton\"]"}
COMMAND: POST /session/d2ee73163e71edf45acf38a1abb82030/element/f.39032AFF0B9C80A7D793EE88796AE887.d.AE1F3F8E35979177CF9E994CE5E6932B.e.3739/click - {}
RESULT: {}
COMMAND: GET /session/d2ee73163e71edf45acf38a1abb82030/screenshot - {}
RESULT: {}
COMMAND: POST /session/d2ee73163e71edf45acf38a1abb82030/execute/async - {"script":"<script> [1562 bytes]","args":[{"selector":{"id":"application-managepricingrules-display-component---priceInfoItem--smartFilterBar-btnBasicSearch","interaction":{"idSuffix":"I"}},"wdio_ui5_key":"applicationmanagepricingrules-display-component---priceInfoItem--smartFilterBar-btnBasicSearch"}]}
RESULT: {"script":"<script> [1562 bytes]","args":[{"selector":{"id":"application-managepricingrules-display-component---priceInfoItem--smartFilterBar-btnBasicSearch","interaction":{"idSuffix":"I"}},"wdio_ui5_key":"applicationmanagepricingrules-display-component---priceInfoItem--smartFilterBar-btnBasicSearch"}]}
RESULT: undefined
COMMAND: POST /session/d2ee73163e71edf45acf38a1abb82030/execute/async - {"script":"<script> [776 bytes]","args":[{"enterText":"hp8LzhyMEX","selector":{"id":"application-managepricingrules-display-component---priceInfoItem--smartFilterBar-btnBasicSearch","interaction":{"idSuffix":"I"}},"clearTextFirst":true,"interactionType":"ENTER_TEXT"}]}
RESULT: {"script":"<script> [776 bytes]","args":[{"enterText":"hp8LzhyMEX","selector":{"id":"application-managepricingrules-display-component---priceInfoItem--smartFilterBar-btnBasicSearch","interaction":{"idSuffix":"I"}},"clearTextFirst":true,"interactionType":"ENTER_TEXT"}]}
COMMAND: POST /session/d2ee73163e71edf45acf38a1abb82030/actions - {"actions":[{"id":"action13","type":"key","parameters":{},"actions":[{"type":"keyDown","value":"î€‡"},{"type":"pause","duration":10},{"type":"keyUp","value":"î€‡"}]}]}
RESULT: {"actions":[{"id":"action13","type":"key","parameters":{},"actions":[{"type":"keyDown","value":"î€‡"},{"type":"pause","duration":10},{"type":"keyUp","value":"î€‡"}]}]}
COMMAND: GET /session/d2ee73163e71edf45acf38a1abb82030/screenshot - {}
RESULT: {}
COMMAND: POST /session/d2ee73163e71edf45acf38a1abb82030/element - {"using":"xpath","value":"//span[@id=\"application-managepricingrules-display-component---priceInfoItem--smartTable-header-inner\"]"}
RESULT: {"using":"xpath","value":"//span[@id=\"application-managepricingrules-display-component---priceInfoItem--smartTable-header-inner\"]"}
COMMAND: POST /session/d2ee73163e71edf45acf38a1abb82030/elements - {"using":"xpath","value":"//span[@id=\"application-managepricingrules-display-component---priceInfoItem--smartTable-header-inner\"]"}
RESULT: {"using":"xpath","value":"//span[@id=\"application-managepricingrules-display-component---priceInfoItem--smartTable-header-inner\"]"}
COMMAND: POST /session/d2ee73163e71edf45acf38a1abb82030/execute/sync - {"script":"<script> [56 bytes]","args":[{"element-6066-11e4-a52e-4f735466cecf":"f.39032AFF0B9C80A7D793EE88796AE887.d.AE1F3F8E35979177CF9E994CE5E6932B.e.3763","ELEMENT":"f.39032AFF0B9C80A7D793EE88796AE887.d.AE1F3F8E35979177CF9E994CE5E6932B.e.3763"}]}
RESULT: {"script":"<script> [56 bytes]","args":[{"element-6066-11e4-a52e-4f735466cecf":"f.39032AFF0B9C80A7D793EE88796AE887.d.AE1F3F8E35979177CF9E994CE5E6932B.e.3763","ELEMENT":"f.39032AFF0B9C80A7D793EE88796AE887.d.AE1F3F8E35979177CF9E994CE5E6932B.e.3763"}]}
COMMAND: POST /session/d2ee73163e71edf45acf38a1abb82030/element - {"using":"css selector","value":"#shell-header-logo"}
COMMAND: GET /session/d2ee73163e71edf45acf38a1abb82030/screenshot - {}
RESULT: {"using":"css selector","value":"#shell-header-logo"}
COMMAND: POST /session/d2ee73163e71edf45acf38a1abb82030/element/f.39032AFF0B9C80A7D793EE88796AE887.d.AE1F3F8E35979177CF9E994CE5E6932B.e.2885/click - {}
RESULT: {}
RESULT: {}
COMMAND: GET /session/d2ee73163e71edf45acf38a1abb82030/screenshot - {}
RESULT: {}
]]></system-out>
    </testcase>
    <testcase classname="chrome.136_0_7103_93.windows.Billing_confirm_US117289" name="Should create new condition for equipment" time="63.435">
      <system-out><![CDATA[
COMMAND: POST /session/d2ee73163e71edf45acf38a1abb82030/execute/async - {"script":"<script> [1562 bytes]","args":[{"selector":{"controlType":"sap.m.GenericTile","properties":{"header":"Manage Conditions & Prices"}},"wdio_ui5_key":"sapm.GenericTile{\"header\":\"Manage Conditions & Prices\"}"}]}
RESULT: {"script":"<script> [1562 bytes]","args":[{"selector":{"controlType":"sap.m.GenericTile","properties":{"header":"Manage Conditions & Prices"}},"wdio_ui5_key":"sapm.GenericTile{\"header\":\"Manage Conditions & Prices\"}"}]}
RESULT: undefined
COMMAND: POST /session/d2ee73163e71edf45acf38a1abb82030/element - {"using":"xpath","value":"//*[@id=\"__tile93\"]"}
RESULT: {"using":"xpath","value":"//*[@id=\"__tile93\"]"}
COMMAND: POST /session/d2ee73163e71edf45acf38a1abb82030/element/f.39032AFF0B9C80A7D793EE88796AE887.d.AE1F3F8E35979177CF9E994CE5E6932B.e.2870/click - {}
RESULT: {}
COMMAND: GET /session/d2ee73163e71edf45acf38a1abb82030/screenshot - {}
RESULT: {}
COMMAND: POST /session/d2ee73163e71edf45acf38a1abb82030/elements - {"using":"xpath","value":"//span[text()='Error']"}
RESULT: {"using":"xpath","value":"//span[text()='Error']"}
COMMAND: POST /session/d2ee73163e71edf45acf38a1abb82030/element - {"using":"xpath","value":"//button[@aria-label=\"Create\"]"}
RESULT: {"using":"xpath","value":"//button[@aria-label=\"Create\"]"}
COMMAND: POST /session/d2ee73163e71edf45acf38a1abb82030/elements - {"using":"xpath","value":"//button[@aria-label=\"Create\"]"}
RESULT: {"using":"xpath","value":"//button[@aria-label=\"Create\"]"}
COMMAND: POST /session/d2ee73163e71edf45acf38a1abb82030/execute/sync - {"script":"<script> [8489 bytes]","args":[{"element-6066-11e4-a52e-4f735466cecf":"f.39032AFF0B9C80A7D793EE88796AE887.d.AE1F3F8E35979177CF9E994CE5E6932B.e.3804","ELEMENT":"f.39032AFF0B9C80A7D793EE88796AE887.d.AE1F3F8E35979177CF9E994CE5E6932B.e.3804"}]}
RESULT: {"script":"<script> [8489 bytes]","args":[{"element-6066-11e4-a52e-4f735466cecf":"f.39032AFF0B9C80A7D793EE88796AE887.d.AE1F3F8E35979177CF9E994CE5E6932B.e.3804","ELEMENT":"f.39032AFF0B9C80A7D793EE88796AE887.d.AE1F3F8E35979177CF9E994CE5E6932B.e.3804"}]}
COMMAND: GET /session/d2ee73163e71edf45acf38a1abb82030/element/f.39032AFF0B9C80A7D793EE88796AE887.d.AE1F3F8E35979177CF9E994CE5E6932B.e.3804/enabled - {}
COMMAND: GET /session/d2ee73163e71edf45acf38a1abb82030/screenshot - {}
RESULT: {}
COMMAND: POST /session/d2ee73163e71edf45acf38a1abb82030/execute/sync - {"script":"<script> [8489 bytes]","args":[{"element-6066-11e4-a52e-4f735466cecf":"f.39032AFF0B9C80A7D793EE88796AE887.d.AE1F3F8E35979177CF9E994CE5E6932B.e.3804","ELEMENT":"f.39032AFF0B9C80A7D793EE88796AE887.d.AE1F3F8E35979177CF9E994CE5E6932B.e.3804"}]}
COMMAND: GET /session/d2ee73163e71edf45acf38a1abb82030/screenshot - {}
RESULT: {}
RESULT: {"script":"<script> [8489 bytes]","args":[{"element-6066-11e4-a52e-4f735466cecf":"f.39032AFF0B9C80A7D793EE88796AE887.d.AE1F3F8E35979177CF9E994CE5E6932B.e.3804","ELEMENT":"f.39032AFF0B9C80A7D793EE88796AE887.d.AE1F3F8E35979177CF9E994CE5E6932B.e.3804"}]}
COMMAND: POST /session/d2ee73163e71edf45acf38a1abb82030/execute/sync - {"script":"<script> [5351 bytes]","args":[{"element-6066-11e4-a52e-4f735466cecf":"f.39032AFF0B9C80A7D793EE88796AE887.d.AE1F3F8E35979177CF9E994CE5E6932B.e.3804","ELEMENT":"f.39032AFF0B9C80A7D793EE88796AE887.d.AE1F3F8E35979177CF9E994CE5E6932B.e.3804"}]}
COMMAND: GET /session/d2ee73163e71edf45acf38a1abb82030/screenshot - {}
RESULT: {}
RESULT: {"script":"<script> [5351 bytes]","args":[{"element-6066-11e4-a52e-4f735466cecf":"f.39032AFF0B9C80A7D793EE88796AE887.d.AE1F3F8E35979177CF9E994CE5E6932B.e.3804","ELEMENT":"f.39032AFF0B9C80A7D793EE88796AE887.d.AE1F3F8E35979177CF9E994CE5E6932B.e.3804"}]}
COMMAND: POST /session/d2ee73163e71edf45acf38a1abb82030/element/f.39032AFF0B9C80A7D793EE88796AE887.d.AE1F3F8E35979177CF9E994CE5E6932B.e.3804/click - {}
COMMAND: GET /session/d2ee73163e71edf45acf38a1abb82030/screenshot - {}
RESULT: {}
RESULT: {}
COMMAND: GET /session/d2ee73163e71edf45acf38a1abb82030/screenshot - {}
RESULT: {}
RESULT: {}
COMMAND: POST /session/d2ee73163e71edf45acf38a1abb82030/actions - {"actions":[{"id":"action14","type":"key","parameters":{},"actions":[{"type":"keyDown","value":"î€‡"},{"type":"pause","duration":10},{"type":"keyUp","value":"î€‡"}]}]}
RESULT: {"actions":[{"id":"action14","type":"key","parameters":{},"actions":[{"type":"keyDown","value":"î€‡"},{"type":"pause","duration":10},{"type":"keyUp","value":"î€‡"}]}]}
COMMAND: GET /session/d2ee73163e71edf45acf38a1abb82030/screenshot - {}
RESULT: {}
COMMAND: POST /session/d2ee73163e71edf45acf38a1abb82030/execute/async - {"script":"<script> [1562 bytes]","args":[{"selector":{"id":"application-manageconditionprice-display-component---newCondition--condBillCond-arrow"},"wdio_ui5_key":"applicationmanageconditionprice-display-component---newCondition--condBillCond-arrow"}]}
RESULT: {"script":"<script> [1562 bytes]","args":[{"selector":{"id":"application-manageconditionprice-display-component---newCondition--condBillCond-arrow"},"wdio_ui5_key":"applicationmanageconditionprice-display-component---newCondition--condBillCond-arrow"}]}
RESULT: undefined
COMMAND: POST /session/d2ee73163e71edf45acf38a1abb82030/element - {"using":"xpath","value":"//*[@id=\"application-manageconditionprice-display-component---newCondition--condBillCond-arrow\"]"}
RESULT: {"using":"xpath","value":"//*[@id=\"application-manageconditionprice-display-component---newCondition--condBillCond-arrow\"]"}
COMMAND: POST /session/d2ee73163e71edf45acf38a1abb82030/element/f.39032AFF0B9C80A7D793EE88796AE887.d.AE1F3F8E35979177CF9E994CE5E6932B.e.4018/click - {}
RESULT: {}
COMMAND: GET /session/d2ee73163e71edf45acf38a1abb82030/screenshot - {}
RESULT: {}
COMMAND: POST /session/d2ee73163e71edf45acf38a1abb82030/element - {"using":"xpath","value":"//li[.//span[contains(text(), \"DISP - D&I special price\")]]"}
RESULT: {"using":"xpath","value":"//li[.//span[contains(text(), \"DISP - D&I special price\")]]"}
COMMAND: POST /session/d2ee73163e71edf45acf38a1abb82030/element/f.39032AFF0B9C80A7D793EE88796AE887.d.AE1F3F8E35979177CF9E994CE5E6932B.e.4021/click - {}
RESULT: {}
COMMAND: GET /session/d2ee73163e71edf45acf38a1abb82030/screenshot - {}
RESULT: {}
COMMAND: POST /session/d2ee73163e71edf45acf38a1abb82030/execute/async - {"script":"<script> [1562 bytes]","args":[{"selector":{"id":"application-manageconditionprice-display-component---newCondition--condValidTo","interaction":{"idSuffix":"inner"}},"wdio_ui5_key":"applicationmanageconditionprice-display-component---newCondition--condValidTo"}]}
RESULT: {"script":"<script> [1562 bytes]","args":[{"selector":{"id":"application-manageconditionprice-display-component---newCondition--condValidTo","interaction":{"idSuffix":"inner"}},"wdio_ui5_key":"applicationmanageconditionprice-display-component---newCondition--condValidTo"}]}
RESULT: undefined
COMMAND: POST /session/d2ee73163e71edf45acf38a1abb82030/execute/async - {"script":"<script> [776 bytes]","args":[{"enterText":"1/16/26","selector":{"id":"application-manageconditionprice-display-component---newCondition--condValidTo","interaction":{"idSuffix":"inner"}},"clearTextFirst":true,"interactionType":"ENTER_TEXT"}]}
RESULT: {"script":"<script> [776 bytes]","args":[{"enterText":"1/16/26","selector":{"id":"application-manageconditionprice-display-component---newCondition--condValidTo","interaction":{"idSuffix":"inner"}},"clearTextFirst":true,"interactionType":"ENTER_TEXT"}]}
COMMAND: POST /session/d2ee73163e71edf45acf38a1abb82030/element - {"using":"xpath","value":"//input[@id=\"application-manageconditionprice-display-component---newCondition--condRU-inner\"]"}
RESULT: {"using":"xpath","value":"//input[@id=\"application-manageconditionprice-display-component---newCondition--condRU-inner\"]"}
COMMAND: POST /session/d2ee73163e71edf45acf38a1abb82030/element/f.39032AFF0B9C80A7D793EE88796AE887.d.AE1F3F8E35979177CF9E994CE5E6932B.e.3849/clear - {}
RESULT: {}
COMMAND: POST /session/d2ee73163e71edf45acf38a1abb82030/element/f.39032AFF0B9C80A7D793EE88796AE887.d.AE1F3F8E35979177CF9E994CE5E6932B.e.3849/value - {"text":"hp8LzhyMEX"}
COMMAND: GET /session/d2ee73163e71edf45acf38a1abb82030/screenshot - {}
RESULT: {"text":"hp8LzhyMEX"}
COMMAND: GET /session/d2ee73163e71edf45acf38a1abb82030/screenshot - {}
RESULT: {}
RESULT: {}
COMMAND: POST /session/d2ee73163e71edf45acf38a1abb82030/actions - {"actions":[{"id":"action15","type":"key","parameters":{},"actions":[{"type":"keyDown","value":"î€‡"},{"type":"pause","duration":10},{"type":"keyUp","value":"î€‡"}]}]}
RESULT: {"actions":[{"id":"action15","type":"key","parameters":{},"actions":[{"type":"keyDown","value":"î€‡"},{"type":"pause","duration":10},{"type":"keyUp","value":"î€‡"}]}]}
COMMAND: POST /session/d2ee73163e71edf45acf38a1abb82030/execute/async - {"script":"<script> [1562 bytes]","args":[{"selector":{"id":"application-manageconditionprice-display-component---newCondition--condBaseQty","interaction":{"idSuffix":"inner"}},"wdio_ui5_key":"applicationmanageconditionprice-display-component---newCondition--condBaseQty"}]}
COMMAND: GET /session/d2ee73163e71edf45acf38a1abb82030/screenshot - {}
RESULT: {"script":"<script> [1562 bytes]","args":[{"selector":{"id":"application-manageconditionprice-display-component---newCondition--condBaseQty","interaction":{"idSuffix":"inner"}},"wdio_ui5_key":"applicationmanageconditionprice-display-component---newCondition--condBaseQty"}]}
RESULT: undefined
COMMAND: POST /session/d2ee73163e71edf45acf38a1abb82030/execute/async - {"script":"<script> [776 bytes]","args":[{"enterText":"1","selector":{"id":"application-manageconditionprice-display-component---newCondition--condBaseQty","interaction":{"idSuffix":"inner"}},"clearTextFirst":true,"interactionType":"ENTER_TEXT"}]}
RESULT: {}
RESULT: {"script":"<script> [776 bytes]","args":[{"enterText":"1","selector":{"id":"application-manageconditionprice-display-component---newCondition--condBaseQty","interaction":{"idSuffix":"inner"}},"clearTextFirst":true,"interactionType":"ENTER_TEXT"}]}
COMMAND: POST /session/d2ee73163e71edf45acf38a1abb82030/execute/async - {"script":"<script> [1562 bytes]","args":[{"selector":{"id":"application-manageconditionprice-display-component---newCondition--condValue","interaction":{"idSuffix":"inner"}},"wdio_ui5_key":"applicationmanageconditionprice-display-component---newCondition--condValue"}]}
RESULT: {"script":"<script> [1562 bytes]","args":[{"selector":{"id":"application-manageconditionprice-display-component---newCondition--condValue","interaction":{"idSuffix":"inner"}},"wdio_ui5_key":"applicationmanageconditionprice-display-component---newCondition--condValue"}]}
RESULT: undefined
COMMAND: POST /session/d2ee73163e71edf45acf38a1abb82030/execute/async - {"script":"<script> [776 bytes]","args":[{"enterText":"100","selector":{"id":"application-manageconditionprice-display-component---newCondition--condValue","interaction":{"idSuffix":"inner"}},"clearTextFirst":true,"interactionType":"ENTER_TEXT"}]}
RESULT: {"script":"<script> [776 bytes]","args":[{"enterText":"100","selector":{"id":"application-manageconditionprice-display-component---newCondition--condValue","interaction":{"idSuffix":"inner"}},"clearTextFirst":true,"interactionType":"ENTER_TEXT"}]}
COMMAND: POST /session/d2ee73163e71edf45acf38a1abb82030/execute/async - {"script":"<script> [1562 bytes]","args":[{"selector":{"id":"application-manageconditionprice-display-component---newCondition--condCurr-arrow"},"wdio_ui5_key":"applicationmanageconditionprice-display-component---newCondition--condCurr-arrow"}]}
RESULT: {"script":"<script> [1562 bytes]","args":[{"selector":{"id":"application-manageconditionprice-display-component---newCondition--condCurr-arrow"},"wdio_ui5_key":"applicationmanageconditionprice-display-component---newCondition--condCurr-arrow"}]}
RESULT: undefined
COMMAND: POST /session/d2ee73163e71edf45acf38a1abb82030/element - {"using":"xpath","value":"//*[@id=\"application-manageconditionprice-display-component---newCondition--condCurr-arrow\"]"}
RESULT: {"using":"xpath","value":"//*[@id=\"application-manageconditionprice-display-component---newCondition--condCurr-arrow\"]"}
COMMAND: POST /session/d2ee73163e71edf45acf38a1abb82030/element/f.39032AFF0B9C80A7D793EE88796AE887.d.AE1F3F8E35979177CF9E994CE5E6932B.e.4002/click - {}
RESULT: {}
COMMAND: POST /session/d2ee73163e71edf45acf38a1abb82030/element - {"using":"xpath","value":"//span[contains(text(), \"Euro\")]"}
COMMAND: GET /session/d2ee73163e71edf45acf38a1abb82030/screenshot - {}
RESULT: {"using":"xpath","value":"//span[contains(text(), \"Euro\")]"}
COMMAND: POST /session/d2ee73163e71edf45acf38a1abb82030/element/f.39032AFF0B9C80A7D793EE88796AE887.d.AE1F3F8E35979177CF9E994CE5E6932B.e.4058/click - {}
RESULT: {}
RESULT: {}
COMMAND: POST /session/d2ee73163e71edf45acf38a1abb82030/element - {"using":"xpath","value":"//button[@data-kt=\"saveButton\"]"}
COMMAND: GET /session/d2ee73163e71edf45acf38a1abb82030/screenshot - {}
RESULT: {"using":"xpath","value":"//button[@data-kt=\"saveButton\"]"}
COMMAND: POST /session/d2ee73163e71edf45acf38a1abb82030/element/f.39032AFF0B9C80A7D793EE88796AE887.d.AE1F3F8E35979177CF9E994CE5E6932B.e.4003/click - {}
RESULT: {}
RESULT: {}
COMMAND: GET /session/d2ee73163e71edf45acf38a1abb82030/screenshot - {}
RESULT: {}
COMMAND: POST /session/d2ee73163e71edf45acf38a1abb82030/execute/async - {"script":"<script> [1562 bytes]","args":[{"selector":{"id":"application-manageconditionprice-display-component---conditions--smartFilterBar-btnBasicSearch","interaction":{"idSuffix":"I"}},"wdio_ui5_key":"applicationmanageconditionprice-display-component---conditions--smartFilterBar-btnBasicSearch"}]}
RESULT: {"script":"<script> [1562 bytes]","args":[{"selector":{"id":"application-manageconditionprice-display-component---conditions--smartFilterBar-btnBasicSearch","interaction":{"idSuffix":"I"}},"wdio_ui5_key":"applicationmanageconditionprice-display-component---conditions--smartFilterBar-btnBasicSearch"}]}
RESULT: undefined
COMMAND: POST /session/d2ee73163e71edf45acf38a1abb82030/execute/async - {"script":"<script> [776 bytes]","args":[{"enterText":"hp8LzhyMEX","selector":{"id":"application-manageconditionprice-display-component---conditions--smartFilterBar-btnBasicSearch","interaction":{"idSuffix":"I"}},"clearTextFirst":true,"interactionType":"ENTER_TEXT"}]}
RESULT: {"script":"<script> [776 bytes]","args":[{"enterText":"hp8LzhyMEX","selector":{"id":"application-manageconditionprice-display-component---conditions--smartFilterBar-btnBasicSearch","interaction":{"idSuffix":"I"}},"clearTextFirst":true,"interactionType":"ENTER_TEXT"}]}
COMMAND: POST /session/d2ee73163e71edf45acf38a1abb82030/actions - {"actions":[{"id":"action16","type":"key","parameters":{},"actions":[{"type":"keyDown","value":"î€‡"},{"type":"pause","duration":10},{"type":"keyUp","value":"î€‡"}]}]}
RESULT: {"actions":[{"id":"action16","type":"key","parameters":{},"actions":[{"type":"keyDown","value":"î€‡"},{"type":"pause","duration":10},{"type":"keyUp","value":"î€‡"}]}]}
COMMAND: GET /session/d2ee73163e71edf45acf38a1abb82030/screenshot - {}
RESULT: {}
COMMAND: POST /session/d2ee73163e71edf45acf38a1abb82030/execute/async - {"script":"<script> [1562 bytes]","args":[{"selector":{"id":"application-manageconditionprice-display-component---conditions--smartFilterBar-filterItemControl_BASIC-BILL_TYPES-vhi"},"wdio_ui5_key":"applicationmanageconditionprice-display-component---conditions--smartFilterBar-filterItemControl_BASIC-BILL_TYPES-vhi"}]}
RESULT: {"script":"<script> [1562 bytes]","args":[{"selector":{"id":"application-manageconditionprice-display-component---conditions--smartFilterBar-filterItemControl_BASIC-BILL_TYPES-vhi"},"wdio_ui5_key":"applicationmanageconditionprice-display-component---conditions--smartFilterBar-filterItemControl_BASIC-BILL_TYPES-vhi"}]}
RESULT: undefined
COMMAND: POST /session/d2ee73163e71edf45acf38a1abb82030/element - {"using":"xpath","value":"//*[@id=\"application-manageconditionprice-display-component---conditions--smartFilterBar-filterItemControl_BASIC-BILL_TYPES-vhi\"]"}
RESULT: {"using":"xpath","value":"//*[@id=\"application-manageconditionprice-display-component---conditions--smartFilterBar-filterItemControl_BASIC-BILL_TYPES-vhi\"]"}
COMMAND: POST /session/d2ee73163e71edf45acf38a1abb82030/element/f.39032AFF0B9C80A7D793EE88796AE887.d.AE1F3F8E35979177CF9E994CE5E6932B.e.4074/click - {}
RESULT: {}
COMMAND: POST /session/d2ee73163e71edf45acf38a1abb82030/execute/async - {"script":"<script> [1562 bytes]","args":[{"selector":{"id":"application-manageconditionprice-display-component---conditions--smartFilterBar-filterItemControl_BASIC-BILL_TYPES-valueHelpDialog-smartFilterBar-btnBasicSearch","searchOpenDialogs":true,"interaction":{"idSuffix":"I"}},"wdio_ui5_key":"applicationmanageconditionprice-display-component---conditions--smartFilterBar-filterItemControl_BASIC-BILL_TYPES-valueHelpDialog-smartFilterBar-btnBasicSearch"}]}
COMMAND: GET /session/d2ee73163e71edf45acf38a1abb82030/screenshot - {}
RESULT: {"script":"<script> [1562 bytes]","args":[{"selector":{"id":"application-manageconditionprice-display-component---conditions--smartFilterBar-filterItemControl_BASIC-BILL_TYPES-valueHelpDialog-smartFilterBar-btnBasicSearch","searchOpenDialogs":true,"interaction":{"idSuffix":"I"}},"wdio_ui5_key":"applicationmanageconditionprice-display-component---conditions--smartFilterBar-filterItemControl_BASIC-BILL_TYPES-valueHelpDialog-smartFilterBar-btnBasicSearch"}]}
RESULT: undefined
COMMAND: POST /session/d2ee73163e71edf45acf38a1abb82030/execute/async - {"script":"<script> [776 bytes]","args":[{"enterText":"TB","selector":{"id":"application-manageconditionprice-display-component---conditions--smartFilterBar-filterItemControl_BASIC-BILL_TYPES-valueHelpDialog-smartFilterBar-btnBasicSearch","searchOpenDialogs":true,"interaction":{"idSuffix":"I"}},"clearTextFirst":true,"interactionType":"ENTER_TEXT"}]}
RESULT: {}
RESULT: {"script":"<script> [776 bytes]","args":[{"enterText":"TB","selector":{"id":"application-manageconditionprice-display-component---conditions--smartFilterBar-filterItemControl_BASIC-BILL_TYPES-valueHelpDialog-smartFilterBar-btnBasicSearch","searchOpenDialogs":true,"interaction":{"idSuffix":"I"}},"clearTextFirst":true,"interactionType":"ENTER_TEXT"}]}
COMMAND: POST /session/d2ee73163e71edf45acf38a1abb82030/actions - {"actions":[{"id":"action17","type":"key","parameters":{},"actions":[{"type":"keyDown","value":"î€‡"},{"type":"pause","duration":10},{"type":"keyUp","value":"î€‡"}]}]}
RESULT: {"actions":[{"id":"action17","type":"key","parameters":{},"actions":[{"type":"keyDown","value":"î€‡"},{"type":"pause","duration":10},{"type":"keyUp","value":"î€‡"}]}]}
COMMAND: GET /session/d2ee73163e71edf45acf38a1abb82030/screenshot - {}
RESULT: {}
COMMAND: POST /session/d2ee73163e71edf45acf38a1abb82030/element - {"using":"xpath","value":"//div[contains(@id, 'application-manageconditionprice-display-component---conditions--smartFilterBar-filterItemControl_BASIC-BILL_TYPES-valueHelpDialog-table-rowsel0')]"}
RESULT: {"using":"xpath","value":"//div[contains(@id, 'application-manageconditionprice-display-component---conditions--smartFilterBar-filterItemControl_BASIC-BILL_TYPES-valueHelpDialog-table-rowsel0')]"}
COMMAND: POST /session/d2ee73163e71edf45acf38a1abb82030/element/f.39032AFF0B9C80A7D793EE88796AE887.d.AE1F3F8E35979177CF9E994CE5E6932B.e.4083/click - {}
RESULT: {}
COMMAND: GET /session/d2ee73163e71edf45acf38a1abb82030/screenshot - {}
RESULT: {}
COMMAND: POST /session/d2ee73163e71edf45acf38a1abb82030/element - {"using":"xpath","value":"//bdi[contains(text(), \"OK\")]"}
RESULT: {"using":"xpath","value":"//bdi[contains(text(), \"OK\")]"}
COMMAND: POST /session/d2ee73163e71edf45acf38a1abb82030/element/f.39032AFF0B9C80A7D793EE88796AE887.d.AE1F3F8E35979177CF9E994CE5E6932B.e.4085/click - {}
RESULT: {}
COMMAND: GET /session/d2ee73163e71edf45acf38a1abb82030/screenshot - {}
RESULT: {}
COMMAND: POST /session/d2ee73163e71edf45acf38a1abb82030/element - {"using":"xpath","value":"//span[@id=\"application-manageconditionprice-display-component---conditions--smartTable-header-inner\"]"}
RESULT: {"using":"xpath","value":"//span[@id=\"application-manageconditionprice-display-component---conditions--smartTable-header-inner\"]"}
COMMAND: POST /session/d2ee73163e71edf45acf38a1abb82030/elements - {"using":"xpath","value":"//span[@id=\"application-manageconditionprice-display-component---conditions--smartTable-header-inner\"]"}
RESULT: {"using":"xpath","value":"//span[@id=\"application-manageconditionprice-display-component---conditions--smartTable-header-inner\"]"}
COMMAND: POST /session/d2ee73163e71edf45acf38a1abb82030/execute/sync - {"script":"<script> [56 bytes]","args":[{"element-6066-11e4-a52e-4f735466cecf":"f.39032AFF0B9C80A7D793EE88796AE887.d.AE1F3F8E35979177CF9E994CE5E6932B.e.4088","ELEMENT":"f.39032AFF0B9C80A7D793EE88796AE887.d.AE1F3F8E35979177CF9E994CE5E6932B.e.4088"}]}
RESULT: {"script":"<script> [56 bytes]","args":[{"element-6066-11e4-a52e-4f735466cecf":"f.39032AFF0B9C80A7D793EE88796AE887.d.AE1F3F8E35979177CF9E994CE5E6932B.e.4088","ELEMENT":"f.39032AFF0B9C80A7D793EE88796AE887.d.AE1F3F8E35979177CF9E994CE5E6932B.e.4088"}]}
COMMAND: POST /session/d2ee73163e71edf45acf38a1abb82030/element - {"using":"css selector","value":"#shell-header-logo"}
COMMAND: GET /session/d2ee73163e71edf45acf38a1abb82030/screenshot - {}
RESULT: {"using":"css selector","value":"#shell-header-logo"}
COMMAND: POST /session/d2ee73163e71edf45acf38a1abb82030/element/f.39032AFF0B9C80A7D793EE88796AE887.d.AE1F3F8E35979177CF9E994CE5E6932B.e.3767/click - {}
RESULT: {}
RESULT: {}
COMMAND: GET /session/d2ee73163e71edf45acf38a1abb82030/screenshot - {}
RESULT: {}
]]></system-out>
    </testcase>
    <testcase classname="chrome.136_0_7103_93.windows.Billing_confirm_US117289" name="Should do a stock increase" time="82.569">
      <system-out><![CDATA[
COMMAND: POST /session/d2ee73163e71edf45acf38a1abb82030/execute/async - {"script":"<script> [1562 bytes]","args":[{"selector":{"controlType":"sap.m.GenericTile","properties":{"header":"Manage Handovers"}},"wdio_ui5_key":"sapm.GenericTile{\"header\":\"Manage Handovers\"}"}]}
RESULT: {"script":"<script> [1562 bytes]","args":[{"selector":{"controlType":"sap.m.GenericTile","properties":{"header":"Manage Handovers"}},"wdio_ui5_key":"sapm.GenericTile{\"header\":\"Manage Handovers\"}"}]}
RESULT: undefined
COMMAND: POST /session/d2ee73163e71edf45acf38a1abb82030/element - {"using":"xpath","value":"//*[@id=\"__tile131\"]"}
RESULT: {"using":"xpath","value":"//*[@id=\"__tile131\"]"}
COMMAND: POST /session/d2ee73163e71edf45acf38a1abb82030/element/f.39032AFF0B9C80A7D793EE88796AE887.d.AE1F3F8E35979177CF9E994CE5E6932B.e.2834/click - {}
RESULT: {}
COMMAND: GET /session/d2ee73163e71edf45acf38a1abb82030/screenshot - {}
RESULT: {}
COMMAND: POST /session/d2ee73163e71edf45acf38a1abb82030/elements - {"using":"xpath","value":"//span[text()='Error']"}
RESULT: {"using":"xpath","value":"//span[text()='Error']"}
COMMAND: POST /session/d2ee73163e71edf45acf38a1abb82030/element - {"using":"xpath","value":"//button[@data-kt=\"masterHOAddButton\"]"}
RESULT: {"using":"xpath","value":"//button[@data-kt=\"masterHOAddButton\"]"}
COMMAND: POST /session/d2ee73163e71edf45acf38a1abb82030/elements - {"using":"xpath","value":"//button[@data-kt=\"masterHOAddButton\"]"}
RESULT: {"using":"xpath","value":"//button[@data-kt=\"masterHOAddButton\"]"}
COMMAND: POST /session/d2ee73163e71edf45acf38a1abb82030/execute/sync - {"script":"<script> [8489 bytes]","args":[{"element-6066-11e4-a52e-4f735466cecf":"f.39032AFF0B9C80A7D793EE88796AE887.d.AE1F3F8E35979177CF9E994CE5E6932B.e.4128","ELEMENT":"f.39032AFF0B9C80A7D793EE88796AE887.d.AE1F3F8E35979177CF9E994CE5E6932B.e.4128"}]}
RESULT: {"script":"<script> [8489 bytes]","args":[{"element-6066-11e4-a52e-4f735466cecf":"f.39032AFF0B9C80A7D793EE88796AE887.d.AE1F3F8E35979177CF9E994CE5E6932B.e.4128","ELEMENT":"f.39032AFF0B9C80A7D793EE88796AE887.d.AE1F3F8E35979177CF9E994CE5E6932B.e.4128"}]}
COMMAND: GET /session/d2ee73163e71edf45acf38a1abb82030/element/f.39032AFF0B9C80A7D793EE88796AE887.d.AE1F3F8E35979177CF9E994CE5E6932B.e.4128/enabled - {}
COMMAND: GET /session/d2ee73163e71edf45acf38a1abb82030/screenshot - {}
RESULT: {}
COMMAND: POST /session/d2ee73163e71edf45acf38a1abb82030/execute/sync - {"script":"<script> [8489 bytes]","args":[{"element-6066-11e4-a52e-4f735466cecf":"f.39032AFF0B9C80A7D793EE88796AE887.d.AE1F3F8E35979177CF9E994CE5E6932B.e.4128","ELEMENT":"f.39032AFF0B9C80A7D793EE88796AE887.d.AE1F3F8E35979177CF9E994CE5E6932B.e.4128"}]}
COMMAND: GET /session/d2ee73163e71edf45acf38a1abb82030/screenshot - {}
RESULT: {}
RESULT: {"script":"<script> [8489 bytes]","args":[{"element-6066-11e4-a52e-4f735466cecf":"f.39032AFF0B9C80A7D793EE88796AE887.d.AE1F3F8E35979177CF9E994CE5E6932B.e.4128","ELEMENT":"f.39032AFF0B9C80A7D793EE88796AE887.d.AE1F3F8E35979177CF9E994CE5E6932B.e.4128"}]}
COMMAND: POST /session/d2ee73163e71edf45acf38a1abb82030/execute/sync - {"script":"<script> [5351 bytes]","args":[{"element-6066-11e4-a52e-4f735466cecf":"f.39032AFF0B9C80A7D793EE88796AE887.d.AE1F3F8E35979177CF9E994CE5E6932B.e.4128","ELEMENT":"f.39032AFF0B9C80A7D793EE88796AE887.d.AE1F3F8E35979177CF9E994CE5E6932B.e.4128"}]}
COMMAND: GET /session/d2ee73163e71edf45acf38a1abb82030/screenshot - {}
RESULT: {}
RESULT: {"script":"<script> [5351 bytes]","args":[{"element-6066-11e4-a52e-4f735466cecf":"f.39032AFF0B9C80A7D793EE88796AE887.d.AE1F3F8E35979177CF9E994CE5E6932B.e.4128","ELEMENT":"f.39032AFF0B9C80A7D793EE88796AE887.d.AE1F3F8E35979177CF9E994CE5E6932B.e.4128"}]}
COMMAND: POST /session/d2ee73163e71edf45acf38a1abb82030/element/f.39032AFF0B9C80A7D793EE88796AE887.d.AE1F3F8E35979177CF9E994CE5E6932B.e.4128/click - {}
COMMAND: GET /session/d2ee73163e71edf45acf38a1abb82030/screenshot - {}
RESULT: {}
RESULT: {}
COMMAND: GET /session/d2ee73163e71edf45acf38a1abb82030/screenshot - {}
RESULT: {}
RESULT: {}
COMMAND: POST /session/d2ee73163e71edf45acf38a1abb82030/element - {"using":"xpath","value":"//span[contains(@id ,\"AddNewHO--typeSelect-arrow\")]"}
RESULT: {"using":"xpath","value":"//span[contains(@id ,\"AddNewHO--typeSelect-arrow\")]"}
COMMAND: POST /session/d2ee73163e71edf45acf38a1abb82030/element/f.39032AFF0B9C80A7D793EE88796AE887.d.AE1F3F8E35979177CF9E994CE5E6932B.e.4489/click - {}
RESULT: {}
COMMAND: GET /session/d2ee73163e71edf45acf38a1abb82030/screenshot - {}
RESULT: {}
COMMAND: POST /session/d2ee73163e71edf45acf38a1abb82030/element - {"using":"xpath","value":"(//li[contains(text(), \"stock increase yard\")])[1]"}
RESULT: {"using":"xpath","value":"(//li[contains(text(), \"stock increase yard\")])[1]"}
COMMAND: POST /session/d2ee73163e71edf45acf38a1abb82030/element/f.39032AFF0B9C80A7D793EE88796AE887.d.AE1F3F8E35979177CF9E994CE5E6932B.e.4490/click - {}
RESULT: {}
COMMAND: GET /session/d2ee73163e71edf45acf38a1abb82030/screenshot - {}
RESULT: {}
COMMAND: POST /session/d2ee73163e71edf45acf38a1abb82030/execute/async - {"script":"<script> [1562 bytes]","args":[{"selector":{"id":"application-managehandovers-display-component---AddNewHO--dueDate","interaction":{"idSuffix":"inner"}},"wdio_ui5_key":"applicationmanagehandovers-display-component---AddNewHO--dueDate"}]}
RESULT: {"script":"<script> [1562 bytes]","args":[{"selector":{"id":"application-managehandovers-display-component---AddNewHO--dueDate","interaction":{"idSuffix":"inner"}},"wdio_ui5_key":"applicationmanagehandovers-display-component---AddNewHO--dueDate"}]}
RESULT: undefined
COMMAND: POST /session/d2ee73163e71edf45acf38a1abb82030/execute/async - {"script":"<script> [6424 bytes]","args":[{"element-6066-11e4-a52e-4f735466cecf":"f.39032AFF0B9C80A7D793EE88796AE887.d.AE1F3F8E35979177CF9E994CE5E6932B.e.4492"},"setValue",["5/16/25"]]}
RESULT: {"script":"<script> [6424 bytes]","args":[{"element-6066-11e4-a52e-4f735466cecf":"f.39032AFF0B9C80A7D793EE88796AE887.d.AE1F3F8E35979177CF9E994CE5E6932B.e.4492"},"setValue",["5/16/25"]]}
COMMAND: POST /session/d2ee73163e71edf45acf38a1abb82030/element - {"using":"xpath","value":"//input[@id=\"generalSectionFrg--receiveYard-inner\"]"}
RESULT: {"using":"xpath","value":"//input[@id=\"generalSectionFrg--receiveYard-inner\"]"}
COMMAND: POST /session/d2ee73163e71edf45acf38a1abb82030/element/f.39032AFF0B9C80A7D793EE88796AE887.d.AE1F3F8E35979177CF9E994CE5E6932B.e.4496/clear - {}
RESULT: {}
COMMAND: POST /session/d2ee73163e71edf45acf38a1abb82030/element/f.39032AFF0B9C80A7D793EE88796AE887.d.AE1F3F8E35979177CF9E994CE5E6932B.e.4496/value - {"text":"478"}
COMMAND: GET /session/d2ee73163e71edf45acf38a1abb82030/screenshot - {}
RESULT: {"text":"478"}
COMMAND: GET /session/d2ee73163e71edf45acf38a1abb82030/screenshot - {}
RESULT: {}
RESULT: {}
COMMAND: POST /session/d2ee73163e71edf45acf38a1abb82030/element - {"using":"xpath","value":"//li[.//span[text()='478']]"}
RESULT: {"using":"xpath","value":"//li[.//span[text()='478']]"}
COMMAND: POST /session/d2ee73163e71edf45acf38a1abb82030/element/f.39032AFF0B9C80A7D793EE88796AE887.d.AE1F3F8E35979177CF9E994CE5E6932B.e.4514/click - {}
RESULT: {}
COMMAND: GET /session/d2ee73163e71edf45acf38a1abb82030/screenshot - {}
RESULT: {}
COMMAND: POST /session/d2ee73163e71edf45acf38a1abb82030/execute/async - {"script":"<script> [1562 bytes]","args":[{"selector":{"id":"application-managehandovers-display-component---AddNewHO--ObjectPageLayout-anchBar-application-managehandovers-display-component---AddNewHO--section4-anchor","interaction":{"idSuffix":"BDI-content"}},"wdio_ui5_key":"applicationmanagehandovers-display-component---AddNewHO--ObjectPageLayout-anchBar-application-managehandovers-display-component---AddNewHO--section4-anchor"}]}
RESULT: {"script":"<script> [1562 bytes]","args":[{"selector":{"id":"application-managehandovers-display-component---AddNewHO--ObjectPageLayout-anchBar-application-managehandovers-display-component---AddNewHO--section4-anchor","interaction":{"idSuffix":"BDI-content"}},"wdio_ui5_key":"applicationmanagehandovers-display-component---AddNewHO--ObjectPageLayout-anchBar-application-managehandovers-display-component---AddNewHO--section4-anchor"}]}
RESULT: undefined
COMMAND: POST /session/d2ee73163e71edf45acf38a1abb82030/element - {"using":"xpath","value":"//*[@id=\"application-managehandovers-display-component---AddNewHO--ObjectPageLayout-anchBar-application-managehandovers-display-component---AddNewHO--section4-anchor\"]"}
RESULT: {"using":"xpath","value":"//*[@id=\"application-managehandovers-display-component---AddNewHO--ObjectPageLayout-anchBar-application-managehandovers-display-component---AddNewHO--section4-anchor\"]"}
COMMAND: POST /session/d2ee73163e71edf45acf38a1abb82030/element/f.39032AFF0B9C80A7D793EE88796AE887.d.AE1F3F8E35979177CF9E994CE5E6932B.e.4516/click - {}
RESULT: {}
COMMAND: POST /session/d2ee73163e71edf45acf38a1abb82030/element - {"using":"xpath","value":"//button[@aria-label=\"Add\"]"}
COMMAND: GET /session/d2ee73163e71edf45acf38a1abb82030/screenshot - {}
RESULT: {"using":"xpath","value":"//button[@aria-label=\"Add\"]"}
COMMAND: POST /session/d2ee73163e71edf45acf38a1abb82030/element/f.39032AFF0B9C80A7D793EE88796AE887.d.AE1F3F8E35979177CF9E994CE5E6932B.e.4518/click - {}
RESULT: {}
RESULT: {}
COMMAND: GET /session/d2ee73163e71edf45acf38a1abb82030/screenshot - {}
RESULT: {}
COMMAND: POST /session/d2ee73163e71edf45acf38a1abb82030/execute/async - {"script":"<script> [1562 bytes]","args":[{"selector":{"id":"application-managehandovers-display-component---AddNewHO--smartFilterBar-btnBasicSearch","searchOpenDialogs":true,"interaction":{"idSuffix":"I"}},"wdio_ui5_key":"applicationmanagehandovers-display-component---AddNewHO--smartFilterBar-btnBasicSearch"}]}
RESULT: {"script":"<script> [1562 bytes]","args":[{"selector":{"id":"application-managehandovers-display-component---AddNewHO--smartFilterBar-btnBasicSearch","searchOpenDialogs":true,"interaction":{"idSuffix":"I"}},"wdio_ui5_key":"applicationmanagehandovers-display-component---AddNewHO--smartFilterBar-btnBasicSearch"}]}
RESULT: undefined
COMMAND: POST /session/d2ee73163e71edf45acf38a1abb82030/execute/async - {"script":"<script> [776 bytes]","args":[{"enterText":"hp8LzhyMEX","selector":{"id":"application-managehandovers-display-component---AddNewHO--smartFilterBar-btnBasicSearch","searchOpenDialogs":true,"interaction":{"idSuffix":"I"}},"clearTextFirst":true,"interactionType":"ENTER_TEXT"}]}
RESULT: {"script":"<script> [776 bytes]","args":[{"enterText":"hp8LzhyMEX","selector":{"id":"application-managehandovers-display-component---AddNewHO--smartFilterBar-btnBasicSearch","searchOpenDialogs":true,"interaction":{"idSuffix":"I"}},"clearTextFirst":true,"interactionType":"ENTER_TEXT"}]}
COMMAND: POST /session/d2ee73163e71edf45acf38a1abb82030/actions - {"actions":[{"id":"action18","type":"key","parameters":{},"actions":[{"type":"keyDown","value":"î€‡"},{"type":"pause","duration":10},{"type":"keyUp","value":"î€‡"}]}]}
RESULT: {"actions":[{"id":"action18","type":"key","parameters":{},"actions":[{"type":"keyDown","value":"î€‡"},{"type":"pause","duration":10},{"type":"keyUp","value":"î€‡"}]}]}
COMMAND: GET /session/d2ee73163e71edf45acf38a1abb82030/screenshot - {}
RESULT: {}
COMMAND: POST /session/d2ee73163e71edf45acf38a1abb82030/execute/async - {"script":"<script> [1562 bytes]","args":[{"selector":{"id":"application-managehandovers-display-component---AddNewHO--popup-sa","searchOpenDialogs":true,"interaction":{"idSuffix":"CbBg"}},"wdio_ui5_key":"applicationmanagehandovers-display-component---AddNewHO--popup-sa"}]}
RESULT: {"script":"<script> [1562 bytes]","args":[{"selector":{"id":"application-managehandovers-display-component---AddNewHO--popup-sa","searchOpenDialogs":true,"interaction":{"idSuffix":"CbBg"}},"wdio_ui5_key":"applicationmanagehandovers-display-component---AddNewHO--popup-sa"}]}
RESULT: undefined
COMMAND: POST /session/d2ee73163e71edf45acf38a1abb82030/element - {"using":"xpath","value":"//*[@id=\"application-managehandovers-display-component---AddNewHO--popup-sa\"]"}
RESULT: {"using":"xpath","value":"//*[@id=\"application-managehandovers-display-component---AddNewHO--popup-sa\"]"}
COMMAND: POST /session/d2ee73163e71edf45acf38a1abb82030/element/f.39032AFF0B9C80A7D793EE88796AE887.d.AE1F3F8E35979177CF9E994CE5E6932B.e.4670/click - {}
RESULT: {}
COMMAND: GET /session/d2ee73163e71edf45acf38a1abb82030/screenshot - {}
RESULT: {}
COMMAND: POST /session/d2ee73163e71edf45acf38a1abb82030/element - {"using":"xpath","value":"//bdi[contains(text(), \"Select\")]"}
RESULT: {"using":"xpath","value":"//bdi[contains(text(), \"Select\")]"}
COMMAND: POST /session/d2ee73163e71edf45acf38a1abb82030/element/f.39032AFF0B9C80A7D793EE88796AE887.d.AE1F3F8E35979177CF9E994CE5E6932B.e.4671/click - {}
RESULT: {}
COMMAND: GET /session/d2ee73163e71edf45acf38a1abb82030/screenshot - {}
RESULT: {}
COMMAND: POST /session/d2ee73163e71edf45acf38a1abb82030/element - {"using":"xpath","value":"//button[@data-kt=\"AddNewHOSaveButton\"]"}
RESULT: {"using":"xpath","value":"//button[@data-kt=\"AddNewHOSaveButton\"]"}
COMMAND: POST /session/d2ee73163e71edf45acf38a1abb82030/element/f.39032AFF0B9C80A7D793EE88796AE887.d.AE1F3F8E35979177CF9E994CE5E6932B.e.4675/click - {}
RESULT: {}
COMMAND: GET /session/d2ee73163e71edf45acf38a1abb82030/screenshot - {}
RESULT: {}
COMMAND: POST /session/d2ee73163e71edf45acf38a1abb82030/execute/async - {"script":"<script> [1562 bytes]","args":[{"selector":{"id":"receiptDatePicker","viewName":"etm.portal.ui.managehandovers.view.DetailExecuteHO","interaction":{"idSuffix":"inner"}},"wdio_ui5_key":"receiptDatePickeretmportal.ui.managehandovers.view.DetailExecuteHO"}]}
RESULT: {"script":"<script> [1562 bytes]","args":[{"selector":{"id":"receiptDatePicker","viewName":"etm.portal.ui.managehandovers.view.DetailExecuteHO","interaction":{"idSuffix":"inner"}},"wdio_ui5_key":"receiptDatePickeretmportal.ui.managehandovers.view.DetailExecuteHO"}]}
RESULT: undefined
COMMAND: POST /session/d2ee73163e71edf45acf38a1abb82030/execute/async - {"script":"<script> [6424 bytes]","args":[{"element-6066-11e4-a52e-4f735466cecf":"f.39032AFF0B9C80A7D793EE88796AE887.d.AE1F3F8E35979177CF9E994CE5E6932B.e.4686"},"setValue",["5/16/25"]]}
RESULT: {"script":"<script> [6424 bytes]","args":[{"element-6066-11e4-a52e-4f735466cecf":"f.39032AFF0B9C80A7D793EE88796AE887.d.AE1F3F8E35979177CF9E994CE5E6932B.e.4686"},"setValue",["5/16/25"]]}
COMMAND: POST /session/d2ee73163e71edf45acf38a1abb82030/element - {"using":"xpath","value":"//button[@data-kt=\"PickingTableConfirmAllButton\"]"}
RESULT: {"using":"xpath","value":"//button[@data-kt=\"PickingTableConfirmAllButton\"]"}
COMMAND: POST /session/d2ee73163e71edf45acf38a1abb82030/element/f.39032AFF0B9C80A7D793EE88796AE887.d.AE1F3F8E35979177CF9E994CE5E6932B.e.4709/click - {}
RESULT: {}
COMMAND: GET /session/d2ee73163e71edf45acf38a1abb82030/screenshot - {}
RESULT: {}
COMMAND: POST /session/d2ee73163e71edf45acf38a1abb82030/element - {"using":"xpath","value":"//bdi[contains(text(), \"OK\")]"}
RESULT: {"using":"xpath","value":"//bdi[contains(text(), \"OK\")]"}
COMMAND: POST /session/d2ee73163e71edf45acf38a1abb82030/element/f.39032AFF0B9C80A7D793EE88796AE887.d.AE1F3F8E35979177CF9E994CE5E6932B.e.4711/click - {}
RESULT: {}
COMMAND: GET /session/d2ee73163e71edf45acf38a1abb82030/screenshot - {}
RESULT: {}
COMMAND: POST /session/d2ee73163e71edf45acf38a1abb82030/element - {"using":"xpath","value":"(//bdi[contains(text(), \"Receive\")])[2]"}
RESULT: {"using":"xpath","value":"(//bdi[contains(text(), \"Receive\")])[2]"}
COMMAND: POST /session/d2ee73163e71edf45acf38a1abb82030/element/f.39032AFF0B9C80A7D793EE88796AE887.d.AE1F3F8E35979177CF9E994CE5E6932B.e.4713/click - {}
RESULT: {}
COMMAND: GET /session/d2ee73163e71edf45acf38a1abb82030/screenshot - {}
RESULT: {}
COMMAND: POST /session/d2ee73163e71edf45acf38a1abb82030/element - {"using":"css selector","value":"#shell-header-logo"}
RESULT: {"using":"css selector","value":"#shell-header-logo"}
COMMAND: POST /session/d2ee73163e71edf45acf38a1abb82030/element/f.39032AFF0B9C80A7D793EE88796AE887.d.AE1F3F8E35979177CF9E994CE5E6932B.e.4095/click - {}
RESULT: {}
COMMAND: GET /session/d2ee73163e71edf45acf38a1abb82030/screenshot - {}
RESULT: {}
]]></system-out>
    </testcase>
    <testcase classname="chrome.136_0_7103_93.windows.Billing_confirm_US117289" name="Should create a new contract" time="57.635">
      <system-out><![CDATA[
COMMAND: POST /session/d2ee73163e71edf45acf38a1abb82030/execute/async - {"script":"<script> [1562 bytes]","args":[{"selector":{"controlType":"sap.m.GenericTile","properties":{"header":"Manage Contracts"}},"wdio_ui5_key":"sapm.GenericTile{\"header\":\"Manage Contracts\"}"}]}
RESULT: {"script":"<script> [1562 bytes]","args":[{"selector":{"controlType":"sap.m.GenericTile","properties":{"header":"Manage Contracts"}},"wdio_ui5_key":"sapm.GenericTile{\"header\":\"Manage Contracts\"}"}]}
RESULT: undefined
COMMAND: POST /session/d2ee73163e71edf45acf38a1abb82030/element - {"using":"xpath","value":"//*[@id=\"__tile130\"]"}
RESULT: {"using":"xpath","value":"//*[@id=\"__tile130\"]"}
COMMAND: POST /session/d2ee73163e71edf45acf38a1abb82030/element/f.39032AFF0B9C80A7D793EE88796AE887.d.AE1F3F8E35979177CF9E994CE5E6932B.e.2823/click - {}
RESULT: {}
COMMAND: GET /session/d2ee73163e71edf45acf38a1abb82030/screenshot - {}
RESULT: {}
COMMAND: POST /session/d2ee73163e71edf45acf38a1abb82030/elements - {"using":"xpath","value":"//span[text()='Error']"}
RESULT: {"using":"xpath","value":"//span[text()='Error']"}
COMMAND: POST /session/d2ee73163e71edf45acf38a1abb82030/element - {"using":"xpath","value":"//button[@data-kt=\"addButton\"]"}
RESULT: {"using":"xpath","value":"//button[@data-kt=\"addButton\"]"}
COMMAND: POST /session/d2ee73163e71edf45acf38a1abb82030/elements - {"using":"xpath","value":"//button[@data-kt=\"addButton\"]"}
RESULT: {"using":"xpath","value":"//button[@data-kt=\"addButton\"]"}
COMMAND: POST /session/d2ee73163e71edf45acf38a1abb82030/execute/sync - {"script":"<script> [8489 bytes]","args":[{"element-6066-11e4-a52e-4f735466cecf":"f.39032AFF0B9C80A7D793EE88796AE887.d.AE1F3F8E35979177CF9E994CE5E6932B.e.4937","ELEMENT":"f.39032AFF0B9C80A7D793EE88796AE887.d.AE1F3F8E35979177CF9E994CE5E6932B.e.4937"}]}
RESULT: {"script":"<script> [8489 bytes]","args":[{"element-6066-11e4-a52e-4f735466cecf":"f.39032AFF0B9C80A7D793EE88796AE887.d.AE1F3F8E35979177CF9E994CE5E6932B.e.4937","ELEMENT":"f.39032AFF0B9C80A7D793EE88796AE887.d.AE1F3F8E35979177CF9E994CE5E6932B.e.4937"}]}
COMMAND: GET /session/d2ee73163e71edf45acf38a1abb82030/element/f.39032AFF0B9C80A7D793EE88796AE887.d.AE1F3F8E35979177CF9E994CE5E6932B.e.4937/enabled - {}
COMMAND: GET /session/d2ee73163e71edf45acf38a1abb82030/screenshot - {}
RESULT: {}
COMMAND: POST /session/d2ee73163e71edf45acf38a1abb82030/execute/sync - {"script":"<script> [8489 bytes]","args":[{"element-6066-11e4-a52e-4f735466cecf":"f.39032AFF0B9C80A7D793EE88796AE887.d.AE1F3F8E35979177CF9E994CE5E6932B.e.4937","ELEMENT":"f.39032AFF0B9C80A7D793EE88796AE887.d.AE1F3F8E35979177CF9E994CE5E6932B.e.4937"}]}
COMMAND: GET /session/d2ee73163e71edf45acf38a1abb82030/screenshot - {}
RESULT: {}
RESULT: {}
RESULT: {"script":"<script> [8489 bytes]","args":[{"element-6066-11e4-a52e-4f735466cecf":"f.39032AFF0B9C80A7D793EE88796AE887.d.AE1F3F8E35979177CF9E994CE5E6932B.e.4937","ELEMENT":"f.39032AFF0B9C80A7D793EE88796AE887.d.AE1F3F8E35979177CF9E994CE5E6932B.e.4937"}]}
COMMAND: POST /session/d2ee73163e71edf45acf38a1abb82030/execute/sync - {"script":"<script> [5351 bytes]","args":[{"element-6066-11e4-a52e-4f735466cecf":"f.39032AFF0B9C80A7D793EE88796AE887.d.AE1F3F8E35979177CF9E994CE5E6932B.e.4937","ELEMENT":"f.39032AFF0B9C80A7D793EE88796AE887.d.AE1F3F8E35979177CF9E994CE5E6932B.e.4937"}]}
COMMAND: GET /session/d2ee73163e71edf45acf38a1abb82030/screenshot - {}
RESULT: {"script":"<script> [5351 bytes]","args":[{"element-6066-11e4-a52e-4f735466cecf":"f.39032AFF0B9C80A7D793EE88796AE887.d.AE1F3F8E35979177CF9E994CE5E6932B.e.4937","ELEMENT":"f.39032AFF0B9C80A7D793EE88796AE887.d.AE1F3F8E35979177CF9E994CE5E6932B.e.4937"}]}
COMMAND: GET /session/d2ee73163e71edf45acf38a1abb82030/screenshot - {}
RESULT: {}
RESULT: {}
COMMAND: POST /session/d2ee73163e71edf45acf38a1abb82030/element/f.39032AFF0B9C80A7D793EE88796AE887.d.AE1F3F8E35979177CF9E994CE5E6932B.e.4937/click - {}
RESULT: {}
COMMAND: GET /session/d2ee73163e71edf45acf38a1abb82030/screenshot - {}
COMMAND: POST /session/d2ee73163e71edf45acf38a1abb82030/execute/async - {"script":"<script> [1562 bytes]","args":[{"selector":{"id":"application-managecontracts-display-component---AddNewContract--projectDescription","interaction":{"idSuffix":"inner"}},"wdio_ui5_key":"applicationmanagecontracts-display-component---AddNewContract--projectDescription"}]}
RESULT: {}
RESULT: {"script":"<script> [1562 bytes]","args":[{"selector":{"id":"application-managecontracts-display-component---AddNewContract--projectDescription","interaction":{"idSuffix":"inner"}},"wdio_ui5_key":"applicationmanagecontracts-display-component---AddNewContract--projectDescription"}]}
RESULT: undefined
COMMAND: POST /session/d2ee73163e71edf45acf38a1abb82030/execute/async - {"script":"<script> [776 bytes]","args":[{"enterText":"Contract WDIO","selector":{"id":"application-managecontracts-display-component---AddNewContract--projectDescription","interaction":{"idSuffix":"inner"}},"clearTextFirst":true,"interactionType":"ENTER_TEXT"}]}
RESULT: {"script":"<script> [776 bytes]","args":[{"enterText":"Contract WDIO","selector":{"id":"application-managecontracts-display-component---AddNewContract--projectDescription","interaction":{"idSuffix":"inner"}},"clearTextFirst":true,"interactionType":"ENTER_TEXT"}]}
COMMAND: POST /session/d2ee73163e71edf45acf38a1abb82030/element - {"using":"xpath","value":"//input[@id=\"application-managecontracts-display-component---AddNewContract--site-inner\"]"}
RESULT: {"using":"xpath","value":"//input[@id=\"application-managecontracts-display-component---AddNewContract--site-inner\"]"}
COMMAND: POST /session/d2ee73163e71edf45acf38a1abb82030/element/f.39032AFF0B9C80A7D793EE88796AE887.d.AE1F3F8E35979177CF9E994CE5E6932B.e.5288/clear - {}
RESULT: {}
COMMAND: POST /session/d2ee73163e71edf45acf38a1abb82030/element/f.39032AFF0B9C80A7D793EE88796AE887.d.AE1F3F8E35979177CF9E994CE5E6932B.e.5288/value - {"text":"2224"}
COMMAND: GET /session/d2ee73163e71edf45acf38a1abb82030/screenshot - {}
RESULT: {"text":"2224"}
COMMAND: GET /session/d2ee73163e71edf45acf38a1abb82030/screenshot - {}
RESULT: {}
RESULT: {}
COMMAND: POST /session/d2ee73163e71edf45acf38a1abb82030/element - {"using":"xpath","value":"//li[.//span[text()='2224']]"}
RESULT: {"using":"xpath","value":"//li[.//span[text()='2224']]"}
COMMAND: POST /session/d2ee73163e71edf45acf38a1abb82030/element/f.39032AFF0B9C80A7D793EE88796AE887.d.AE1F3F8E35979177CF9E994CE5E6932B.e.5321/click - {}
RESULT: {}
COMMAND: GET /session/d2ee73163e71edf45acf38a1abb82030/screenshot - {}
RESULT: {}
COMMAND: POST /session/d2ee73163e71edf45acf38a1abb82030/element - {"using":"xpath","value":"//input[@id=\"application-managecontracts-display-component---AddNewContract--yardId-inner\"]"}
RESULT: {"using":"xpath","value":"//input[@id=\"application-managecontracts-display-component---AddNewContract--yardId-inner\"]"}
COMMAND: GET /session/d2ee73163e71edf45acf38a1abb82030/element/f.39032AFF0B9C80A7D793EE88796AE887.d.AE1F3F8E35979177CF9E994CE5E6932B.e.5289/property/value - {}
RESULT: {}
COMMAND: POST /session/d2ee73163e71edf45acf38a1abb82030/element - {"using":"xpath","value":"//input[@id=\"application-managecontracts-display-component---AddNewContract--customerSelect-inner\"]"}
COMMAND: GET /session/d2ee73163e71edf45acf38a1abb82030/screenshot - {}
RESULT: {"using":"xpath","value":"//input[@id=\"application-managecontracts-display-component---AddNewContract--customerSelect-inner\"]"}
COMMAND: POST /session/d2ee73163e71edf45acf38a1abb82030/element/f.39032AFF0B9C80A7D793EE88796AE887.d.AE1F3F8E35979177CF9E994CE5E6932B.e.5287/clear - {}
RESULT: {}
RESULT: {}
COMMAND: POST /session/d2ee73163e71edf45acf38a1abb82030/element/f.39032AFF0B9C80A7D793EE88796AE887.d.AE1F3F8E35979177CF9E994CE5E6932B.e.5287/value - {"text":"1264"}
COMMAND: GET /session/d2ee73163e71edf45acf38a1abb82030/screenshot - {}
RESULT: {"text":"1264"}
COMMAND: GET /session/d2ee73163e71edf45acf38a1abb82030/screenshot - {}
RESULT: {}
RESULT: {}
COMMAND: POST /session/d2ee73163e71edf45acf38a1abb82030/element - {"using":"xpath","value":"//li[.//span[text()='1264']]"}
RESULT: {"using":"xpath","value":"//li[.//span[text()='1264']]"}
COMMAND: POST /session/d2ee73163e71edf45acf38a1abb82030/element/f.39032AFF0B9C80A7D793EE88796AE887.d.AE1F3F8E35979177CF9E994CE5E6932B.e.5324/click - {}
RESULT: {}
COMMAND: GET /session/d2ee73163e71edf45acf38a1abb82030/screenshot - {}
RESULT: {}
COMMAND: POST /session/d2ee73163e71edf45acf38a1abb82030/element - {"using":"xpath","value":"//button[@data-kt=\"saveButton\"]"}
RESULT: {"using":"xpath","value":"//button[@data-kt=\"saveButton\"]"}
COMMAND: POST /session/d2ee73163e71edf45acf38a1abb82030/element/f.39032AFF0B9C80A7D793EE88796AE887.d.AE1F3F8E35979177CF9E994CE5E6932B.e.5325/click - {}
RESULT: {}
COMMAND: GET /session/d2ee73163e71edf45acf38a1abb82030/screenshot - {}
RESULT: {}
COMMAND: POST /session/d2ee73163e71edf45acf38a1abb82030/element - {"using":"xpath","value":"//span[contains(@id ,\"contractDetailTitleNoExpanded\")]"}
RESULT: {"using":"xpath","value":"//span[contains(@id ,\"contractDetailTitleNoExpanded\")]"}
COMMAND: POST /session/d2ee73163e71edf45acf38a1abb82030/elements - {"using":"xpath","value":"//span[contains(@id ,\"contractDetailTitleNoExpanded\")]"}
RESULT: {"using":"xpath","value":"//span[contains(@id ,\"contractDetailTitleNoExpanded\")]"}
COMMAND: POST /session/d2ee73163e71edf45acf38a1abb82030/execute/sync - {"script":"<script> [56 bytes]","args":[{"element-6066-11e4-a52e-4f735466cecf":"f.39032AFF0B9C80A7D793EE88796AE887.d.AE1F3F8E35979177CF9E994CE5E6932B.e.5336","ELEMENT":"f.39032AFF0B9C80A7D793EE88796AE887.d.AE1F3F8E35979177CF9E994CE5E6932B.e.5336"}]}
RESULT: {"script":"<script> [56 bytes]","args":[{"element-6066-11e4-a52e-4f735466cecf":"f.39032AFF0B9C80A7D793EE88796AE887.d.AE1F3F8E35979177CF9E994CE5E6932B.e.5336","ELEMENT":"f.39032AFF0B9C80A7D793EE88796AE887.d.AE1F3F8E35979177CF9E994CE5E6932B.e.5336"}]}
COMMAND: GET /session/d2ee73163e71edf45acf38a1abb82030/screenshot - {}
RESULT: {}
]]></system-out>
    </testcase>
    <testcase classname="chrome.136_0_7103_93.windows.Billing_confirm_US117289" name="Should add created equipment to contract" time="46.799">
      <system-out><![CDATA[
COMMAND: POST /session/d2ee73163e71edf45acf38a1abb82030/element - {"using":"xpath","value":"//button[@data-kt=\"contractDetailEditBtnButton\"]"}
RESULT: {"using":"xpath","value":"//button[@data-kt=\"contractDetailEditBtnButton\"]"}
COMMAND: POST /session/d2ee73163e71edf45acf38a1abb82030/element/f.39032AFF0B9C80A7D793EE88796AE887.d.AE1F3F8E35979177CF9E994CE5E6932B.e.5337/click - {}
RESULT: {}
COMMAND: GET /session/d2ee73163e71edf45acf38a1abb82030/screenshot - {}
RESULT: {}
COMMAND: POST /session/d2ee73163e71edf45acf38a1abb82030/element - {"using":"xpath","value":"(//span[contains(text(), \"Additional Addresses\")])[2]"}
RESULT: {"using":"xpath","value":"(//span[contains(text(), \"Additional Addresses\")])[2]"}
COMMAND: POST /session/d2ee73163e71edf45acf38a1abb82030/element/f.39032AFF0B9C80A7D793EE88796AE887.d.AE1F3F8E35979177CF9E994CE5E6932B.e.5392/click - {}
RESULT: {}
COMMAND: GET /session/d2ee73163e71edf45acf38a1abb82030/screenshot - {}
RESULT: {}
COMMAND: POST /session/d2ee73163e71edf45acf38a1abb82030/element - {"using":"xpath","value":"//button[@data-kt=\"btnAddTableRowOverflowToolbarButton\"]"}
RESULT: {"using":"xpath","value":"//button[@data-kt=\"btnAddTableRowOverflowToolbarButton\"]"}
COMMAND: POST /session/d2ee73163e71edf45acf38a1abb82030/element/f.39032AFF0B9C80A7D793EE88796AE887.d.AE1F3F8E35979177CF9E994CE5E6932B.e.5395/click - {}
RESULT: {}
COMMAND: GET /session/d2ee73163e71edf45acf38a1abb82030/screenshot - {}
RESULT: {}
COMMAND: POST /session/d2ee73163e71edf45acf38a1abb82030/element - {"using":"xpath","value":"//div[(text() = 'Standard Entry' or . = 'Standard Entry')]"}
RESULT: {"using":"xpath","value":"//div[(text() = 'Standard Entry' or . = 'Standard Entry')]"}
COMMAND: POST /session/d2ee73163e71edf45acf38a1abb82030/element/f.39032AFF0B9C80A7D793EE88796AE887.d.AE1F3F8E35979177CF9E994CE5E6932B.e.5397/click - {}
RESULT: {}
COMMAND: GET /session/d2ee73163e71edf45acf38a1abb82030/screenshot - {}
RESULT: {}
COMMAND: POST /session/d2ee73163e71edf45acf38a1abb82030/element - {"using":"xpath","value":"//td[7]/div/div/input"}
RESULT: {"using":"xpath","value":"//td[7]/div/div/input"}
COMMAND: POST /session/d2ee73163e71edf45acf38a1abb82030/element/f.39032AFF0B9C80A7D793EE88796AE887.d.AE1F3F8E35979177CF9E994CE5E6932B.e.5406/clear - {}
RESULT: {}
COMMAND: POST /session/d2ee73163e71edf45acf38a1abb82030/element/f.39032AFF0B9C80A7D793EE88796AE887.d.AE1F3F8E35979177CF9E994CE5E6932B.e.5406/value - {"text":"hp8LzhyMEX"}
COMMAND: GET /session/d2ee73163e71edf45acf38a1abb82030/screenshot - {}
RESULT: {"text":"hp8LzhyMEX"}
COMMAND: GET /session/d2ee73163e71edf45acf38a1abb82030/screenshot - {}
RESULT: {}
RESULT: {}
COMMAND: POST /session/d2ee73163e71edf45acf38a1abb82030/actions - {"actions":[{"id":"action19","type":"key","parameters":{},"actions":[{"type":"keyDown","value":"î€‡"},{"type":"pause","duration":10},{"type":"keyUp","value":"î€‡"}]}]}
RESULT: {"actions":[{"id":"action19","type":"key","parameters":{},"actions":[{"type":"keyDown","value":"î€‡"},{"type":"pause","duration":10},{"type":"keyUp","value":"î€‡"}]}]}
COMMAND: GET /session/d2ee73163e71edf45acf38a1abb82030/screenshot - {}
RESULT: {}
COMMAND: POST /session/d2ee73163e71edf45acf38a1abb82030/execute/sync - {"script":"<script> [276 bytes]","args":["No pricing information was found"]}
RESULT: {"script":"<script> [276 bytes]","args":["No pricing information was found"]}
COMMAND: POST /session/d2ee73163e71edf45acf38a1abb82030/element - {"using":"xpath","value":"(//button[@data-kt=\"saveButton\"])[2]"}
COMMAND: GET /session/d2ee73163e71edf45acf38a1abb82030/screenshot - {}
RESULT: {"using":"xpath","value":"(//button[@data-kt=\"saveButton\"])[2]"}
COMMAND: POST /session/d2ee73163e71edf45acf38a1abb82030/element/f.39032AFF0B9C80A7D793EE88796AE887.d.AE1F3F8E35979177CF9E994CE5E6932B.e.5421/click - {}
RESULT: {}
RESULT: {}
COMMAND: GET /session/d2ee73163e71edf45acf38a1abb82030/screenshot - {}
RESULT: {}
COMMAND: POST /session/d2ee73163e71edf45acf38a1abb82030/execute/sync - {"script":"<script> [276 bytes]","args":["Some contract items are having rental validity exceeding header rental validity"]}
RESULT: {"script":"<script> [276 bytes]","args":["Some contract items are having rental validity exceeding header rental validity"]}
COMMAND: GET /session/d2ee73163e71edf45acf38a1abb82030/screenshot - {}
RESULT: {}
COMMAND: POST /session/d2ee73163e71edf45acf38a1abb82030/element - {"using":"xpath","value":"//span[contains(@id ,\"contractItemsSmartTable-header-inner\")]"}
RESULT: {"using":"xpath","value":"//span[contains(@id ,\"contractItemsSmartTable-header-inner\")]"}
COMMAND: POST /session/d2ee73163e71edf45acf38a1abb82030/elements - {"using":"xpath","value":"//span[contains(@id ,\"contractItemsSmartTable-header-inner\")]"}
RESULT: {"using":"xpath","value":"//span[contains(@id ,\"contractItemsSmartTable-header-inner\")]"}
COMMAND: POST /session/d2ee73163e71edf45acf38a1abb82030/execute/sync - {"script":"<script> [56 bytes]","args":[{"element-6066-11e4-a52e-4f735466cecf":"f.39032AFF0B9C80A7D793EE88796AE887.d.AE1F3F8E35979177CF9E994CE5E6932B.e.5431","ELEMENT":"f.39032AFF0B9C80A7D793EE88796AE887.d.AE1F3F8E35979177CF9E994CE5E6932B.e.5431"}]}
RESULT: {"script":"<script> [56 bytes]","args":[{"element-6066-11e4-a52e-4f735466cecf":"f.39032AFF0B9C80A7D793EE88796AE887.d.AE1F3F8E35979177CF9E994CE5E6932B.e.5431","ELEMENT":"f.39032AFF0B9C80A7D793EE88796AE887.d.AE1F3F8E35979177CF9E994CE5E6932B.e.5431"}]}
]]></system-out>
    </testcase>
  </testsuite>
  <testsuite timestamp="2025-05-16T17:25:04" time="1213.325" tests="14" failures="0" errors="0" skipped="0">
    <properties>
      <property name="specId" value="0" />
      <property name="suiteName" value="Create master data for mixed billing &amp; do billing calculation US151661" />
      <property name="capabilities" value="chrome.136_0_7103_93.windows" />
      <property name="file" value="file:///D:/a/1/s/test/specs/BTS/billing-calculation-mixed.spec.js" />
    </properties>
    <testcase classname="chrome.136_0_7103_93.windows.Create_master_data_for_mixed_billing_&amp;_do_billing_calculation_US151661" name="Should create a new yard" time="116.2">
      <system-out><![CDATA[
COMMAND: POST /session/d2ee73163e71edf45acf38a1abb82030/window/fullscreen - {}
RESULT: {}
COMMAND: POST /session/d2ee73163e71edf45acf38a1abb82030/execute/async - {"script":"<script> [1562 bytes]","args":[{"selector":{"controlType":"sap.m.GenericTile","properties":{"header":"Manage Yards"}},"wdio_ui5_key":"sapm.GenericTile{\"header\":\"Manage Yards\"}"}]}
RESULT: {"script":"<script> [1562 bytes]","args":[{"selector":{"controlType":"sap.m.GenericTile","properties":{"header":"Manage Yards"}},"wdio_ui5_key":"sapm.GenericTile{\"header\":\"Manage Yards\"}"}]}
RESULT: undefined
COMMAND: POST /session/d2ee73163e71edf45acf38a1abb82030/element - {"using":"xpath","value":"//*[@id=\"__tile41\"]"}
RESULT: {"using":"xpath","value":"//*[@id=\"__tile41\"]"}
COMMAND: POST /session/d2ee73163e71edf45acf38a1abb82030/element/f.39032AFF0B9C80A7D793EE88796AE887.d.AEDBB564A062EBF700BF7BD20ADA7C0C.e.5985/click - {}
RESULT: {}
COMMAND: GET /session/d2ee73163e71edf45acf38a1abb82030/screenshot - {}
RESULT: {}
COMMAND: POST /session/d2ee73163e71edf45acf38a1abb82030/elements - {"using":"xpath","value":"//span[text()='Error']"}
RESULT: {"using":"xpath","value":"//span[text()='Error']"}
COMMAND: POST /session/d2ee73163e71edf45acf38a1abb82030/element - {"using":"xpath","value":"//button[@data-kt=\"addNewYardOverflowToolbarButton\"]"}
RESULT: {"using":"xpath","value":"//button[@data-kt=\"addNewYardOverflowToolbarButton\"]"}
COMMAND: POST /session/d2ee73163e71edf45acf38a1abb82030/elements - {"using":"xpath","value":"//button[@data-kt=\"addNewYardOverflowToolbarButton\"]"}
RESULT: {"using":"xpath","value":"//button[@data-kt=\"addNewYardOverflowToolbarButton\"]"}
COMMAND: POST /session/d2ee73163e71edf45acf38a1abb82030/execute/sync - {"script":"<script> [8489 bytes]","args":[{"element-6066-11e4-a52e-4f735466cecf":"f.39032AFF0B9C80A7D793EE88796AE887.d.AEDBB564A062EBF700BF7BD20ADA7C0C.e.6229","ELEMENT":"f.39032AFF0B9C80A7D793EE88796AE887.d.AEDBB564A062EBF700BF7BD20ADA7C0C.e.6229"}]}
RESULT: {"script":"<script> [8489 bytes]","args":[{"element-6066-11e4-a52e-4f735466cecf":"f.39032AFF0B9C80A7D793EE88796AE887.d.AEDBB564A062EBF700BF7BD20ADA7C0C.e.6229","ELEMENT":"f.39032AFF0B9C80A7D793EE88796AE887.d.AEDBB564A062EBF700BF7BD20ADA7C0C.e.6229"}]}
COMMAND: GET /session/d2ee73163e71edf45acf38a1abb82030/element/f.39032AFF0B9C80A7D793EE88796AE887.d.AEDBB564A062EBF700BF7BD20ADA7C0C.e.6229/enabled - {}
COMMAND: GET /session/d2ee73163e71edf45acf38a1abb82030/screenshot - {}
RESULT: {}
RESULT: {}
COMMAND: POST /session/d2ee73163e71edf45acf38a1abb82030/execute/sync - {"script":"<script> [8489 bytes]","args":[{"element-6066-11e4-a52e-4f735466cecf":"f.39032AFF0B9C80A7D793EE88796AE887.d.AEDBB564A062EBF700BF7BD20ADA7C0C.e.6229","ELEMENT":"f.39032AFF0B9C80A7D793EE88796AE887.d.AEDBB564A062EBF700BF7BD20ADA7C0C.e.6229"}]}
COMMAND: GET /session/d2ee73163e71edf45acf38a1abb82030/screenshot - {}
RESULT: {"script":"<script> [8489 bytes]","args":[{"element-6066-11e4-a52e-4f735466cecf":"f.39032AFF0B9C80A7D793EE88796AE887.d.AEDBB564A062EBF700BF7BD20ADA7C0C.e.6229","ELEMENT":"f.39032AFF0B9C80A7D793EE88796AE887.d.AEDBB564A062EBF700BF7BD20ADA7C0C.e.6229"}]}
COMMAND: POST /session/d2ee73163e71edf45acf38a1abb82030/execute/sync - {"script":"<script> [5351 bytes]","args":[{"element-6066-11e4-a52e-4f735466cecf":"f.39032AFF0B9C80A7D793EE88796AE887.d.AEDBB564A062EBF700BF7BD20ADA7C0C.e.6229","ELEMENT":"f.39032AFF0B9C80A7D793EE88796AE887.d.AEDBB564A062EBF700BF7BD20ADA7C0C.e.6229"}]}
COMMAND: GET /session/d2ee73163e71edf45acf38a1abb82030/screenshot - {}
RESULT: {}
RESULT: {"script":"<script> [5351 bytes]","args":[{"element-6066-11e4-a52e-4f735466cecf":"f.39032AFF0B9C80A7D793EE88796AE887.d.AEDBB564A062EBF700BF7BD20ADA7C0C.e.6229","ELEMENT":"f.39032AFF0B9C80A7D793EE88796AE887.d.AEDBB564A062EBF700BF7BD20ADA7C0C.e.6229"}]}
COMMAND: POST /session/d2ee73163e71edf45acf38a1abb82030/element/f.39032AFF0B9C80A7D793EE88796AE887.d.AEDBB564A062EBF700BF7BD20ADA7C0C.e.6229/click - {}
COMMAND: GET /session/d2ee73163e71edf45acf38a1abb82030/screenshot - {}
RESULT: {}
RESULT: {}
COMMAND: GET /session/d2ee73163e71edf45acf38a1abb82030/screenshot - {}
RESULT: {}
RESULT: {}
COMMAND: POST /session/d2ee73163e71edf45acf38a1abb82030/element - {"using":"xpath","value":"//input[@id=\"application-manageyards-display-component---NewYard--yardId-inner\"]"}
RESULT: {"using":"xpath","value":"//input[@id=\"application-manageyards-display-component---NewYard--yardId-inner\"]"}
COMMAND: POST /session/d2ee73163e71edf45acf38a1abb82030/element - {"using":"xpath","value":"//input[@id=\"application-manageyards-display-component---NewYard--yardId-inner\"]"}
RESULT: {"using":"xpath","value":"//input[@id=\"application-manageyards-display-component---NewYard--yardId-inner\"]"}
COMMAND: POST /session/d2ee73163e71edf45acf38a1abb82030/execute/async - {"script":"<script> [1562 bytes]","args":[{"selector":{"id":"application-manageyards-display-component---NewYard--addressDetailDetailsName1","interaction":{"idSuffix":"inner"}},"wdio_ui5_key":"applicationmanageyards-display-component---NewYard--addressDetailDetailsName1"}]}
RESULT: {"script":"<script> [1562 bytes]","args":[{"selector":{"id":"application-manageyards-display-component---NewYard--addressDetailDetailsName1","interaction":{"idSuffix":"inner"}},"wdio_ui5_key":"applicationmanageyards-display-component---NewYard--addressDetailDetailsName1"}]}
RESULT: undefined
COMMAND: POST /session/d2ee73163e71edf45acf38a1abb82030/execute/async - {"script":"<script> [776 bytes]","args":[{"enterText":"Intercompany Yard wdIO","selector":{"id":"application-manageyards-display-component---NewYard--addressDetailDetailsName1","interaction":{"idSuffix":"inner"}},"clearTextFirst":true,"interactionType":"ENTER_TEXT"}]}
RESULT: {"script":"<script> [776 bytes]","args":[{"enterText":"Intercompany Yard wdIO","selector":{"id":"application-manageyards-display-component---NewYard--addressDetailDetailsName1","interaction":{"idSuffix":"inner"}},"clearTextFirst":true,"interactionType":"ENTER_TEXT"}]}
COMMAND: POST /session/d2ee73163e71edf45acf38a1abb82030/execute/async - {"script":"<script> [1562 bytes]","args":[{"selector":{"id":"application-manageyards-display-component---NewYard--addressDetailDetailsLanguage-arrow"},"wdio_ui5_key":"applicationmanageyards-display-component---NewYard--addressDetailDetailsLanguage-arrow"}]}
RESULT: {"script":"<script> [1562 bytes]","args":[{"selector":{"id":"application-manageyards-display-component---NewYard--addressDetailDetailsLanguage-arrow"},"wdio_ui5_key":"applicationmanageyards-display-component---NewYard--addressDetailDetailsLanguage-arrow"}]}
RESULT: undefined
COMMAND: POST /session/d2ee73163e71edf45acf38a1abb82030/element - {"using":"xpath","value":"//*[@id=\"application-manageyards-display-component---NewYard--addressDetailDetailsLanguage-arrow\"]"}
RESULT: {"using":"xpath","value":"//*[@id=\"application-manageyards-display-component---NewYard--addressDetailDetailsLanguage-arrow\"]"}
COMMAND: POST /session/d2ee73163e71edf45acf38a1abb82030/element/f.39032AFF0B9C80A7D793EE88796AE887.d.AEDBB564A062EBF700BF7BD20ADA7C0C.e.6564/click - {}
RESULT: {}
COMMAND: POST /session/d2ee73163e71edf45acf38a1abb82030/element - {"using":"xpath","value":"//span[contains(text(), \"English\")]"}
COMMAND: GET /session/d2ee73163e71edf45acf38a1abb82030/screenshot - {}
RESULT: {"using":"xpath","value":"//span[contains(text(), \"English\")]"}
COMMAND: POST /session/d2ee73163e71edf45acf38a1abb82030/element/f.39032AFF0B9C80A7D793EE88796AE887.d.AEDBB564A062EBF700BF7BD20ADA7C0C.e.6565/click - {}
RESULT: {}
RESULT: {}
COMMAND: POST /session/d2ee73163e71edf45acf38a1abb82030/execute/async - {"script":"<script> [1562 bytes]","args":[{"selector":{"id":"application-manageyards-display-component---NewYard--addressDetailDetailsCity1","interaction":{"idSuffix":"inner"}},"wdio_ui5_key":"applicationmanageyards-display-component---NewYard--addressDetailDetailsCity1"}]}
COMMAND: GET /session/d2ee73163e71edf45acf38a1abb82030/screenshot - {}
RESULT: {"script":"<script> [1562 bytes]","args":[{"selector":{"id":"application-manageyards-display-component---NewYard--addressDetailDetailsCity1","interaction":{"idSuffix":"inner"}},"wdio_ui5_key":"applicationmanageyards-display-component---NewYard--addressDetailDetailsCity1"}]}
RESULT: undefined
COMMAND: POST /session/d2ee73163e71edf45acf38a1abb82030/execute/async - {"script":"<script> [776 bytes]","args":[{"enterText":"Rosario","selector":{"id":"application-manageyards-display-component---NewYard--addressDetailDetailsCity1","interaction":{"idSuffix":"inner"}},"clearTextFirst":true,"interactionType":"ENTER_TEXT"}]}
RESULT: {}
RESULT: {"script":"<script> [776 bytes]","args":[{"enterText":"Rosario","selector":{"id":"application-manageyards-display-component---NewYard--addressDetailDetailsCity1","interaction":{"idSuffix":"inner"}},"clearTextFirst":true,"interactionType":"ENTER_TEXT"}]}
COMMAND: POST /session/d2ee73163e71edf45acf38a1abb82030/execute/async - {"script":"<script> [1562 bytes]","args":[{"selector":{"id":"application-manageyards-display-component---NewYard--addressDetailDetailsCountry-arrow"},"wdio_ui5_key":"applicationmanageyards-display-component---NewYard--addressDetailDetailsCountry-arrow"}]}
RESULT: {"script":"<script> [1562 bytes]","args":[{"selector":{"id":"application-manageyards-display-component---NewYard--addressDetailDetailsCountry-arrow"},"wdio_ui5_key":"applicationmanageyards-display-component---NewYard--addressDetailDetailsCountry-arrow"}]}
RESULT: undefined
COMMAND: POST /session/d2ee73163e71edf45acf38a1abb82030/element - {"using":"xpath","value":"//*[@id=\"application-manageyards-display-component---NewYard--addressDetailDetailsCountry-arrow\"]"}
RESULT: {"using":"xpath","value":"//*[@id=\"application-manageyards-display-component---NewYard--addressDetailDetailsCountry-arrow\"]"}
COMMAND: POST /session/d2ee73163e71edf45acf38a1abb82030/element/f.39032AFF0B9C80A7D793EE88796AE887.d.AEDBB564A062EBF700BF7BD20ADA7C0C.e.6567/click - {}
RESULT: {}
COMMAND: POST /session/d2ee73163e71edf45acf38a1abb82030/element - {"using":"xpath","value":"//span[contains(text(), \"Argentina\")]"}
COMMAND: GET /session/d2ee73163e71edf45acf38a1abb82030/screenshot - {}
RESULT: {"using":"xpath","value":"//span[contains(text(), \"Argentina\")]"}
COMMAND: POST /session/d2ee73163e71edf45acf38a1abb82030/element/f.39032AFF0B9C80A7D793EE88796AE887.d.AEDBB564A062EBF700BF7BD20ADA7C0C.e.6568/click - {}
RESULT: {}
RESULT: {}
COMMAND: POST /session/d2ee73163e71edf45acf38a1abb82030/execute/async - {"script":"<script> [1562 bytes]","args":[{"selector":{"id":"application-manageyards-display-component---NewYard--addressEditDetailsCostObjectCstType-arrow"},"wdio_ui5_key":"applicationmanageyards-display-component---NewYard--addressEditDetailsCostObjectCstType-arrow"}]}
COMMAND: GET /session/d2ee73163e71edf45acf38a1abb82030/screenshot - {}
RESULT: {"script":"<script> [1562 bytes]","args":[{"selector":{"id":"application-manageyards-display-component---NewYard--addressEditDetailsCostObjectCstType-arrow"},"wdio_ui5_key":"applicationmanageyards-display-component---NewYard--addressEditDetailsCostObjectCstType-arrow"}]}
RESULT: undefined
COMMAND: POST /session/d2ee73163e71edf45acf38a1abb82030/element - {"using":"xpath","value":"//*[@id=\"application-manageyards-display-component---NewYard--addressEditDetailsCostObjectCstType-arrow\"]"}
RESULT: {}
RESULT: {"using":"xpath","value":"//*[@id=\"application-manageyards-display-component---NewYard--addressEditDetailsCostObjectCstType-arrow\"]"}
COMMAND: POST /session/d2ee73163e71edf45acf38a1abb82030/element/f.39032AFF0B9C80A7D793EE88796AE887.d.AEDBB564A062EBF700BF7BD20ADA7C0C.e.6570/click - {}
RESULT: {}
COMMAND: POST /session/d2ee73163e71edf45acf38a1abb82030/element - {"using":"xpath","value":"//span[contains(text(), \"Cost Center\")]"}
COMMAND: GET /session/d2ee73163e71edf45acf38a1abb82030/screenshot - {}
RESULT: {"using":"xpath","value":"//span[contains(text(), \"Cost Center\")]"}
COMMAND: POST /session/d2ee73163e71edf45acf38a1abb82030/element/f.39032AFF0B9C80A7D793EE88796AE887.d.AEDBB564A062EBF700BF7BD20ADA7C0C.e.6571/click - {}
RESULT: {}
RESULT: {}
COMMAND: GET /session/d2ee73163e71edf45acf38a1abb82030/screenshot - {}
RESULT: {}
COMMAND: POST /session/d2ee73163e71edf45acf38a1abb82030/element - {"using":"xpath","value":"//span[@id=\"application-manageyards-display-component---NewYard--addressNewCostObjectCstID-vhi\"]"}
RESULT: {"using":"xpath","value":"//span[@id=\"application-manageyards-display-component---NewYard--addressNewCostObjectCstID-vhi\"]"}
COMMAND: POST /session/d2ee73163e71edf45acf38a1abb82030/execute/sync - {"script":"<script> [8489 bytes]","args":[{"element-6066-11e4-a52e-4f735466cecf":"f.39032AFF0B9C80A7D793EE88796AE887.d.AEDBB564A062EBF700BF7BD20ADA7C0C.e.6575","ELEMENT":"f.39032AFF0B9C80A7D793EE88796AE887.d.AEDBB564A062EBF700BF7BD20ADA7C0C.e.6575"}]}
RESULT: {"script":"<script> [8489 bytes]","args":[{"element-6066-11e4-a52e-4f735466cecf":"f.39032AFF0B9C80A7D793EE88796AE887.d.AEDBB564A062EBF700BF7BD20ADA7C0C.e.6575","ELEMENT":"f.39032AFF0B9C80A7D793EE88796AE887.d.AEDBB564A062EBF700BF7BD20ADA7C0C.e.6575"}]}
COMMAND: POST /session/d2ee73163e71edf45acf38a1abb82030/execute/async - {"script":"<script> [1562 bytes]","args":[{"selector":{"id":"application-manageyards-display-component---NewYard--addressNewCostObjectCstID-vhi"},"wdio_ui5_key":"applicationmanageyards-display-component---NewYard--addressNewCostObjectCstID-vhi"}]}
COMMAND: GET /session/d2ee73163e71edf45acf38a1abb82030/screenshot - {}
RESULT: {"script":"<script> [1562 bytes]","args":[{"selector":{"id":"application-manageyards-display-component---NewYard--addressNewCostObjectCstID-vhi"},"wdio_ui5_key":"applicationmanageyards-display-component---NewYard--addressNewCostObjectCstID-vhi"}]}
RESULT: undefined
COMMAND: POST /session/d2ee73163e71edf45acf38a1abb82030/element - {"using":"xpath","value":"//*[@id=\"application-manageyards-display-component---NewYard--addressNewCostObjectCstID-vhi\"]"}
RESULT: {}
RESULT: {"using":"xpath","value":"//*[@id=\"application-manageyards-display-component---NewYard--addressNewCostObjectCstID-vhi\"]"}
COMMAND: POST /session/d2ee73163e71edf45acf38a1abb82030/element/f.39032AFF0B9C80A7D793EE88796AE887.d.AEDBB564A062EBF700BF7BD20ADA7C0C.e.6575/click - {}
RESULT: {}
COMMAND: GET /session/d2ee73163e71edf45acf38a1abb82030/screenshot - {}
RESULT: {}
COMMAND: POST /session/d2ee73163e71edf45acf38a1abb82030/execute/async - {"script":"<script> [1562 bytes]","args":[{"selector":{"controlType":"sap.m.SearchField","properties":{"placeholder":"Search"},"searchOpenDialogs":true,"interaction":{"idSuffix":"I"}},"wdio_ui5_key":"sapm.SearchField{\"placeholder\":\"Search\"}"}]}
RESULT: {"script":"<script> [1562 bytes]","args":[{"selector":{"controlType":"sap.m.SearchField","properties":{"placeholder":"Search"},"searchOpenDialogs":true,"interaction":{"idSuffix":"I"}},"wdio_ui5_key":"sapm.SearchField{\"placeholder\":\"Search\"}"}]}
RESULT: undefined
COMMAND: POST /session/d2ee73163e71edf45acf38a1abb82030/execute/async - {"script":"<script> [776 bytes]","args":[{"enterText":"bauh_b","selector":{"controlType":"sap.m.SearchField","properties":{"placeholder":"Search"},"searchOpenDialogs":true,"interaction":{"idSuffix":"I"}},"clearTextFirst":true,"interactionType":"ENTER_TEXT"}]}
RESULT: {"script":"<script> [776 bytes]","args":[{"enterText":"bauh_b","selector":{"controlType":"sap.m.SearchField","properties":{"placeholder":"Search"},"searchOpenDialogs":true,"interaction":{"idSuffix":"I"}},"clearTextFirst":true,"interactionType":"ENTER_TEXT"}]}
COMMAND: POST /session/d2ee73163e71edf45acf38a1abb82030/actions - {"actions":[{"id":"action21","type":"key","parameters":{},"actions":[{"type":"keyDown","value":"î€‡"},{"type":"pause","duration":10},{"type":"keyUp","value":"î€‡"}]}]}
RESULT: {"actions":[{"id":"action21","type":"key","parameters":{},"actions":[{"type":"keyDown","value":"î€‡"},{"type":"pause","duration":10},{"type":"keyUp","value":"î€‡"}]}]}
COMMAND: GET /session/d2ee73163e71edf45acf38a1abb82030/screenshot - {}
RESULT: {}
COMMAND: POST /session/d2ee73163e71edf45acf38a1abb82030/element - {"using":"xpath","value":"//span[contains(text(), \"Demo Yard\")]"}
RESULT: {"using":"xpath","value":"//span[contains(text(), \"Demo Yard\")]"}
COMMAND: POST /session/d2ee73163e71edf45acf38a1abb82030/element/f.39032AFF0B9C80A7D793EE88796AE887.d.AEDBB564A062EBF700BF7BD20ADA7C0C.e.6617/click - {}
RESULT: {}
COMMAND: GET /session/d2ee73163e71edf45acf38a1abb82030/screenshot - {}
RESULT: {}
COMMAND: POST /session/d2ee73163e71edf45acf38a1abb82030/element - {"using":"xpath","value":"//bdi[contains(text(), \"OK\")]"}
RESULT: {"using":"xpath","value":"//bdi[contains(text(), \"OK\")]"}
COMMAND: POST /session/d2ee73163e71edf45acf38a1abb82030/element/f.39032AFF0B9C80A7D793EE88796AE887.d.AEDBB564A062EBF700BF7BD20ADA7C0C.e.6618/click - {}
RESULT: {}
COMMAND: GET /session/d2ee73163e71edf45acf38a1abb82030/screenshot - {}
RESULT: {}
COMMAND: POST /session/d2ee73163e71edf45acf38a1abb82030/execute/async - {"script":"<script> [1562 bytes]","args":[{"selector":{"id":"application-manageyards-display-component---NewYard--addressEditDetailsCurrency-arrow"},"wdio_ui5_key":"applicationmanageyards-display-component---NewYard--addressEditDetailsCurrency-arrow"}]}
RESULT: {"script":"<script> [1562 bytes]","args":[{"selector":{"id":"application-manageyards-display-component---NewYard--addressEditDetailsCurrency-arrow"},"wdio_ui5_key":"applicationmanageyards-display-component---NewYard--addressEditDetailsCurrency-arrow"}]}
RESULT: undefined
COMMAND: POST /session/d2ee73163e71edf45acf38a1abb82030/element - {"using":"xpath","value":"//*[@id=\"application-manageyards-display-component---NewYard--addressEditDetailsCurrency-arrow\"]"}
RESULT: {"using":"xpath","value":"//*[@id=\"application-manageyards-display-component---NewYard--addressEditDetailsCurrency-arrow\"]"}
COMMAND: POST /session/d2ee73163e71edf45acf38a1abb82030/element/f.39032AFF0B9C80A7D793EE88796AE887.d.AEDBB564A062EBF700BF7BD20ADA7C0C.e.6621/click - {}
RESULT: {}
COMMAND: POST /session/d2ee73163e71edf45acf38a1abb82030/element - {"using":"xpath","value":"//span[contains(text(), \"Euro\")]"}
COMMAND: GET /session/d2ee73163e71edf45acf38a1abb82030/screenshot - {}
RESULT: {"using":"xpath","value":"//span[contains(text(), \"Euro\")]"}
COMMAND: POST /session/d2ee73163e71edf45acf38a1abb82030/element/f.39032AFF0B9C80A7D793EE88796AE887.d.AEDBB564A062EBF700BF7BD20ADA7C0C.e.6622/click - {}
RESULT: {}
RESULT: {}
COMMAND: POST /session/d2ee73163e71edf45acf38a1abb82030/execute/async - {"script":"<script> [1562 bytes]","args":[{"selector":{"controlType":"sap.m.Input","viewName":"etm.portal.ui.manageyards.view.New","viewId":"application-manageyards-display-component---NewYard","bindingPath":{"path":"","propertyPath":"/CONTROLLING_AREA","modelName":"NewYardModel"},"interaction":{"idSuffix":"inner"}},"wdio_ui5_key":"etmportal.ui.manageyards.view.Newsap.m.Input{\"path\":\"\",\"propertyPath\":\"/CONTROLLING_AREA\",\"modelName\":\"NewYardModel\"}"}]}
COMMAND: GET /session/d2ee73163e71edf45acf38a1abb82030/screenshot - {}
RESULT: {"script":"<script> [1562 bytes]","args":[{"selector":{"controlType":"sap.m.Input","viewName":"etm.portal.ui.manageyards.view.New","viewId":"application-manageyards-display-component---NewYard","bindingPath":{"path":"","propertyPath":"/CONTROLLING_AREA","modelName":"NewYardModel"},"interaction":{"idSuffix":"inner"}},"wdio_ui5_key":"etmportal.ui.manageyards.view.Newsap.m.Input{\"path\":\"\",\"propertyPath\":\"/CONTROLLING_AREA\",\"modelName\":\"NewYardModel\"}"}]}
RESULT: undefined
COMMAND: POST /session/d2ee73163e71edf45acf38a1abb82030/execute/async - {"script":"<script> [776 bytes]","args":[{"enterText":"Z001","selector":{"controlType":"sap.m.Input","viewName":"etm.portal.ui.manageyards.view.New","viewId":"application-manageyards-display-component---NewYard","bindingPath":{"path":"","propertyPath":"/CONTROLLING_AREA","modelName":"NewYardModel"},"interaction":{"idSuffix":"inner"}},"clearTextFirst":true,"interactionType":"ENTER_TEXT"}]}
RESULT: {}
RESULT: {"script":"<script> [776 bytes]","args":[{"enterText":"Z001","selector":{"controlType":"sap.m.Input","viewName":"etm.portal.ui.manageyards.view.New","viewId":"application-manageyards-display-component---NewYard","bindingPath":{"path":"","propertyPath":"/CONTROLLING_AREA","modelName":"NewYardModel"},"interaction":{"idSuffix":"inner"}},"clearTextFirst":true,"interactionType":"ENTER_TEXT"}]}
COMMAND: POST /session/d2ee73163e71edf45acf38a1abb82030/execute/async - {"script":"<script> [1562 bytes]","args":[{"selector":{"id":"application-manageyards-display-component---NewYard--companyCodeComboBox","interaction":{"idSuffix":"inner"}},"wdio_ui5_key":"applicationmanageyards-display-component---NewYard--companyCodeComboBox"}]}
RESULT: {"script":"<script> [1562 bytes]","args":[{"selector":{"id":"application-manageyards-display-component---NewYard--companyCodeComboBox","interaction":{"idSuffix":"inner"}},"wdio_ui5_key":"applicationmanageyards-display-component---NewYard--companyCodeComboBox"}]}
RESULT: undefined
COMMAND: POST /session/d2ee73163e71edf45acf38a1abb82030/execute/async - {"script":"<script> [776 bytes]","args":[{"enterText":"1000","selector":{"id":"application-manageyards-display-component---NewYard--companyCodeComboBox","interaction":{"idSuffix":"inner"}},"clearTextFirst":true,"interactionType":"ENTER_TEXT"}]}
RESULT: {"script":"<script> [776 bytes]","args":[{"enterText":"1000","selector":{"id":"application-manageyards-display-component---NewYard--companyCodeComboBox","interaction":{"idSuffix":"inner"}},"clearTextFirst":true,"interactionType":"ENTER_TEXT"}]}
COMMAND: POST /session/d2ee73163e71edf45acf38a1abb82030/execute/async - {"script":"<script> [1562 bytes]","args":[{"selector":{"controlType":"sap.m.Input","viewName":"etm.portal.ui.manageyards.view.New","viewId":"application-manageyards-display-component---NewYard","bindingPath":{"path":"","propertyPath":"/PLANT","modelName":"NewYardModel"},"interaction":{"idSuffix":"inner"}},"wdio_ui5_key":"etmportal.ui.manageyards.view.Newsap.m.Input{\"path\":\"\",\"propertyPath\":\"/PLANT\",\"modelName\":\"NewYardModel\"}"}]}
RESULT: {"script":"<script> [1562 bytes]","args":[{"selector":{"controlType":"sap.m.Input","viewName":"etm.portal.ui.manageyards.view.New","viewId":"application-manageyards-display-component---NewYard","bindingPath":{"path":"","propertyPath":"/PLANT","modelName":"NewYardModel"},"interaction":{"idSuffix":"inner"}},"wdio_ui5_key":"etmportal.ui.manageyards.view.Newsap.m.Input{\"path\":\"\",\"propertyPath\":\"/PLANT\",\"modelName\":\"NewYardModel\"}"}]}
RESULT: undefined
COMMAND: POST /session/d2ee73163e71edf45acf38a1abb82030/execute/async - {"script":"<script> [776 bytes]","args":[{"enterText":"1001","selector":{"controlType":"sap.m.Input","viewName":"etm.portal.ui.manageyards.view.New","viewId":"application-manageyards-display-component---NewYard","bindingPath":{"path":"","propertyPath":"/PLANT","modelName":"NewYardModel"},"interaction":{"idSuffix":"inner"}},"clearTextFirst":true,"interactionType":"ENTER_TEXT"}]}
RESULT: {"script":"<script> [776 bytes]","args":[{"enterText":"1001","selector":{"controlType":"sap.m.Input","viewName":"etm.portal.ui.manageyards.view.New","viewId":"application-manageyards-display-component---NewYard","bindingPath":{"path":"","propertyPath":"/PLANT","modelName":"NewYardModel"},"interaction":{"idSuffix":"inner"}},"clearTextFirst":true,"interactionType":"ENTER_TEXT"}]}
COMMAND: POST /session/d2ee73163e71edf45acf38a1abb82030/execute/async - {"script":"<script> [1562 bytes]","args":[{"selector":{"controlType":"sap.m.Input","viewName":"etm.portal.ui.manageyards.view.New","viewId":"application-manageyards-display-component---NewYard","bindingPath":{"path":"","propertyPath":"/SALES_AREA_VKORG","modelName":"NewYardModel"},"interaction":{"idSuffix":"inner"}},"wdio_ui5_key":"etmportal.ui.manageyards.view.Newsap.m.Input{\"path\":\"\",\"propertyPath\":\"/SALES_AREA_VKORG\",\"modelName\":\"NewYardModel\"}"}]}
RESULT: {"script":"<script> [1562 bytes]","args":[{"selector":{"controlType":"sap.m.Input","viewName":"etm.portal.ui.manageyards.view.New","viewId":"application-manageyards-display-component---NewYard","bindingPath":{"path":"","propertyPath":"/SALES_AREA_VKORG","modelName":"NewYardModel"},"interaction":{"idSuffix":"inner"}},"wdio_ui5_key":"etmportal.ui.manageyards.view.Newsap.m.Input{\"path\":\"\",\"propertyPath\":\"/SALES_AREA_VKORG\",\"modelName\":\"NewYardModel\"}"}]}
RESULT: undefined
COMMAND: POST /session/d2ee73163e71edf45acf38a1abb82030/execute/async - {"script":"<script> [776 bytes]","args":[{"enterText":"C002","selector":{"controlType":"sap.m.Input","viewName":"etm.portal.ui.manageyards.view.New","viewId":"application-manageyards-display-component---NewYard","bindingPath":{"path":"","propertyPath":"/SALES_AREA_VKORG","modelName":"NewYardModel"},"interaction":{"idSuffix":"inner"}},"clearTextFirst":true,"interactionType":"ENTER_TEXT"}]}
RESULT: {"script":"<script> [776 bytes]","args":[{"enterText":"C002","selector":{"controlType":"sap.m.Input","viewName":"etm.portal.ui.manageyards.view.New","viewId":"application-manageyards-display-component---NewYard","bindingPath":{"path":"","propertyPath":"/SALES_AREA_VKORG","modelName":"NewYardModel"},"interaction":{"idSuffix":"inner"}},"clearTextFirst":true,"interactionType":"ENTER_TEXT"}]}
COMMAND: POST /session/d2ee73163e71edf45acf38a1abb82030/execute/async - {"script":"<script> [1562 bytes]","args":[{"selector":{"controlType":"sap.m.Input","viewName":"etm.portal.ui.manageyards.view.New","viewId":"application-manageyards-display-component---NewYard","bindingPath":{"path":"","propertyPath":"/SALES_AREA_VTWEG","modelName":"NewYardModel"},"interaction":{"idSuffix":"inner"}},"wdio_ui5_key":"etmportal.ui.manageyards.view.Newsap.m.Input{\"path\":\"\",\"propertyPath\":\"/SALES_AREA_VTWEG\",\"modelName\":\"NewYardModel\"}"}]}
RESULT: {"script":"<script> [1562 bytes]","args":[{"selector":{"controlType":"sap.m.Input","viewName":"etm.portal.ui.manageyards.view.New","viewId":"application-manageyards-display-component---NewYard","bindingPath":{"path":"","propertyPath":"/SALES_AREA_VTWEG","modelName":"NewYardModel"},"interaction":{"idSuffix":"inner"}},"wdio_ui5_key":"etmportal.ui.manageyards.view.Newsap.m.Input{\"path\":\"\",\"propertyPath\":\"/SALES_AREA_VTWEG\",\"modelName\":\"NewYardModel\"}"}]}
RESULT: undefined
COMMAND: POST /session/d2ee73163e71edf45acf38a1abb82030/execute/async - {"script":"<script> [776 bytes]","args":[{"enterText":"C2","selector":{"controlType":"sap.m.Input","viewName":"etm.portal.ui.manageyards.view.New","viewId":"application-manageyards-display-component---NewYard","bindingPath":{"path":"","propertyPath":"/SALES_AREA_VTWEG","modelName":"NewYardModel"},"interaction":{"idSuffix":"inner"}},"clearTextFirst":true,"interactionType":"ENTER_TEXT"}]}
RESULT: {"script":"<script> [776 bytes]","args":[{"enterText":"C2","selector":{"controlType":"sap.m.Input","viewName":"etm.portal.ui.manageyards.view.New","viewId":"application-manageyards-display-component---NewYard","bindingPath":{"path":"","propertyPath":"/SALES_AREA_VTWEG","modelName":"NewYardModel"},"interaction":{"idSuffix":"inner"}},"clearTextFirst":true,"interactionType":"ENTER_TEXT"}]}
COMMAND: POST /session/d2ee73163e71edf45acf38a1abb82030/execute/async - {"script":"<script> [1562 bytes]","args":[{"selector":{"controlType":"sap.m.Input","viewName":"etm.portal.ui.manageyards.view.New","viewId":"application-manageyards-display-component---NewYard","bindingPath":{"path":"","propertyPath":"/SALES_AREA_SPART","modelName":"NewYardModel"},"interaction":{"idSuffix":"inner"}},"wdio_ui5_key":"etmportal.ui.manageyards.view.Newsap.m.Input{\"path\":\"\",\"propertyPath\":\"/SALES_AREA_SPART\",\"modelName\":\"NewYardModel\"}"}]}
RESULT: {"script":"<script> [1562 bytes]","args":[{"selector":{"controlType":"sap.m.Input","viewName":"etm.portal.ui.manageyards.view.New","viewId":"application-manageyards-display-component---NewYard","bindingPath":{"path":"","propertyPath":"/SALES_AREA_SPART","modelName":"NewYardModel"},"interaction":{"idSuffix":"inner"}},"wdio_ui5_key":"etmportal.ui.manageyards.view.Newsap.m.Input{\"path\":\"\",\"propertyPath\":\"/SALES_AREA_SPART\",\"modelName\":\"NewYardModel\"}"}]}
RESULT: undefined
COMMAND: POST /session/d2ee73163e71edf45acf38a1abb82030/execute/async - {"script":"<script> [776 bytes]","args":[{"enterText":"C2","selector":{"controlType":"sap.m.Input","viewName":"etm.portal.ui.manageyards.view.New","viewId":"application-manageyards-display-component---NewYard","bindingPath":{"path":"","propertyPath":"/SALES_AREA_SPART","modelName":"NewYardModel"},"interaction":{"idSuffix":"inner"}},"clearTextFirst":true,"interactionType":"ENTER_TEXT"}]}
RESULT: {"script":"<script> [776 bytes]","args":[{"enterText":"C2","selector":{"controlType":"sap.m.Input","viewName":"etm.portal.ui.manageyards.view.New","viewId":"application-manageyards-display-component---NewYard","bindingPath":{"path":"","propertyPath":"/SALES_AREA_SPART","modelName":"NewYardModel"},"interaction":{"idSuffix":"inner"}},"clearTextFirst":true,"interactionType":"ENTER_TEXT"}]}
COMMAND: POST /session/d2ee73163e71edf45acf38a1abb82030/execute/async - {"script":"<script> [1562 bytes]","args":[{"selector":{"controlType":"sap.m.Input","viewName":"etm.portal.ui.manageyards.view.New","viewId":"application-manageyards-display-component---NewYard","bindingPath":{"path":"","propertyPath":"/SHIP_POINT","modelName":"NewYardModel"},"interaction":{"idSuffix":"inner"}},"wdio_ui5_key":"etmportal.ui.manageyards.view.Newsap.m.Input{\"path\":\"\",\"propertyPath\":\"/SHIP_POINT\",\"modelName\":\"NewYardModel\"}"}]}
RESULT: {"script":"<script> [1562 bytes]","args":[{"selector":{"controlType":"sap.m.Input","viewName":"etm.portal.ui.manageyards.view.New","viewId":"application-manageyards-display-component---NewYard","bindingPath":{"path":"","propertyPath":"/SHIP_POINT","modelName":"NewYardModel"},"interaction":{"idSuffix":"inner"}},"wdio_ui5_key":"etmportal.ui.manageyards.view.Newsap.m.Input{\"path\":\"\",\"propertyPath\":\"/SHIP_POINT\",\"modelName\":\"NewYardModel\"}"}]}
RESULT: undefined
COMMAND: POST /session/d2ee73163e71edf45acf38a1abb82030/execute/async - {"script":"<script> [776 bytes]","args":[{"enterText":"1710","selector":{"controlType":"sap.m.Input","viewName":"etm.portal.ui.manageyards.view.New","viewId":"application-manageyards-display-component---NewYard","bindingPath":{"path":"","propertyPath":"/SHIP_POINT","modelName":"NewYardModel"},"interaction":{"idSuffix":"inner"}},"clearTextFirst":true,"interactionType":"ENTER_TEXT"}]}
RESULT: {"script":"<script> [776 bytes]","args":[{"enterText":"1710","selector":{"controlType":"sap.m.Input","viewName":"etm.portal.ui.manageyards.view.New","viewId":"application-manageyards-display-component---NewYard","bindingPath":{"path":"","propertyPath":"/SHIP_POINT","modelName":"NewYardModel"},"interaction":{"idSuffix":"inner"}},"clearTextFirst":true,"interactionType":"ENTER_TEXT"}]}
COMMAND: POST /session/d2ee73163e71edf45acf38a1abb82030/execute/async - {"script":"<script> [1562 bytes]","args":[{"selector":{"controlType":"sap.m.Input","viewName":"etm.portal.ui.manageyards.view.New","viewId":"application-manageyards-display-component---NewYard","bindingPath":{"path":"","propertyPath":"/DELIVERY_TYPE","modelName":"NewYardModel"},"interaction":{"idSuffix":"inner"}},"wdio_ui5_key":"etmportal.ui.manageyards.view.Newsap.m.Input{\"path\":\"\",\"propertyPath\":\"/DELIVERY_TYPE\",\"modelName\":\"NewYardModel\"}"}]}
RESULT: {"script":"<script> [1562 bytes]","args":[{"selector":{"controlType":"sap.m.Input","viewName":"etm.portal.ui.manageyards.view.New","viewId":"application-manageyards-display-component---NewYard","bindingPath":{"path":"","propertyPath":"/DELIVERY_TYPE","modelName":"NewYardModel"},"interaction":{"idSuffix":"inner"}},"wdio_ui5_key":"etmportal.ui.manageyards.view.Newsap.m.Input{\"path\":\"\",\"propertyPath\":\"/DELIVERY_TYPE\",\"modelName\":\"NewYardModel\"}"}]}
RESULT: undefined
COMMAND: POST /session/d2ee73163e71edf45acf38a1abb82030/execute/async - {"script":"<script> [776 bytes]","args":[{"enterText":"ZL01","selector":{"controlType":"sap.m.Input","viewName":"etm.portal.ui.manageyards.view.New","viewId":"application-manageyards-display-component---NewYard","bindingPath":{"path":"","propertyPath":"/DELIVERY_TYPE","modelName":"NewYardModel"},"interaction":{"idSuffix":"inner"}},"clearTextFirst":true,"interactionType":"ENTER_TEXT"}]}
RESULT: {"script":"<script> [776 bytes]","args":[{"enterText":"ZL01","selector":{"controlType":"sap.m.Input","viewName":"etm.portal.ui.manageyards.view.New","viewId":"application-manageyards-display-component---NewYard","bindingPath":{"path":"","propertyPath":"/DELIVERY_TYPE","modelName":"NewYardModel"},"interaction":{"idSuffix":"inner"}},"clearTextFirst":true,"interactionType":"ENTER_TEXT"}]}
COMMAND: POST /session/d2ee73163e71edf45acf38a1abb82030/execute/async - {"script":"<script> [1562 bytes]","args":[{"selector":{"controlType":"sap.m.Input","viewName":"etm.portal.ui.manageyards.view.New","viewId":"application-manageyards-display-component---NewYard","bindingPath":{"path":"","propertyPath":"/AUART","modelName":"NewYardModel"},"interaction":{"idSuffix":"inner"}},"wdio_ui5_key":"etmportal.ui.manageyards.view.Newsap.m.Input{\"path\":\"\",\"propertyPath\":\"/AUART\",\"modelName\":\"NewYardModel\"}"}]}
RESULT: {"script":"<script> [1562 bytes]","args":[{"selector":{"controlType":"sap.m.Input","viewName":"etm.portal.ui.manageyards.view.New","viewId":"application-manageyards-display-component---NewYard","bindingPath":{"path":"","propertyPath":"/AUART","modelName":"NewYardModel"},"interaction":{"idSuffix":"inner"}},"wdio_ui5_key":"etmportal.ui.manageyards.view.Newsap.m.Input{\"path\":\"\",\"propertyPath\":\"/AUART\",\"modelName\":\"NewYardModel\"}"}]}
RESULT: undefined
COMMAND: POST /session/d2ee73163e71edf45acf38a1abb82030/execute/async - {"script":"<script> [776 bytes]","args":[{"enterText":"TA","selector":{"controlType":"sap.m.Input","viewName":"etm.portal.ui.manageyards.view.New","viewId":"application-manageyards-display-component---NewYard","bindingPath":{"path":"","propertyPath":"/AUART","modelName":"NewYardModel"},"interaction":{"idSuffix":"inner"}},"clearTextFirst":true,"interactionType":"ENTER_TEXT"}]}
RESULT: {"script":"<script> [776 bytes]","args":[{"enterText":"TA","selector":{"controlType":"sap.m.Input","viewName":"etm.portal.ui.manageyards.view.New","viewId":"application-manageyards-display-component---NewYard","bindingPath":{"path":"","propertyPath":"/AUART","modelName":"NewYardModel"},"interaction":{"idSuffix":"inner"}},"clearTextFirst":true,"interactionType":"ENTER_TEXT"}]}
COMMAND: POST /session/d2ee73163e71edf45acf38a1abb82030/element - {"using":"xpath","value":"//button[@data-kt=\"newYardSaveButton\"]"}
RESULT: {"using":"xpath","value":"//button[@data-kt=\"newYardSaveButton\"]"}
COMMAND: POST /session/d2ee73163e71edf45acf38a1abb82030/element/f.39032AFF0B9C80A7D793EE88796AE887.d.AEDBB564A062EBF700BF7BD20ADA7C0C.e.6513/click - {}
RESULT: {}
COMMAND: GET /session/d2ee73163e71edf45acf38a1abb82030/screenshot - {}
RESULT: {}
COMMAND: POST /session/d2ee73163e71edf45acf38a1abb82030/element - {"using":"xpath","value":"//header[contains(@id, 'ObjectPageLayout-headerTitle')]/div[1]/div[2]/div[1]/span[1]"}
RESULT: {"using":"xpath","value":"//header[contains(@id, 'ObjectPageLayout-headerTitle')]/div[1]/div[2]/div[1]/span[1]"}
COMMAND: POST /session/d2ee73163e71edf45acf38a1abb82030/elements - {"using":"xpath","value":"//header[contains(@id, 'ObjectPageLayout-headerTitle')]/div[1]/div[2]/div[1]/span[1]"}
RESULT: {"using":"xpath","value":"//header[contains(@id, 'ObjectPageLayout-headerTitle')]/div[1]/div[2]/div[1]/span[1]"}
COMMAND: POST /session/d2ee73163e71edf45acf38a1abb82030/execute/sync - {"script":"<script> [56 bytes]","args":[{"element-6066-11e4-a52e-4f735466cecf":"f.39032AFF0B9C80A7D793EE88796AE887.d.AEDBB564A062EBF700BF7BD20ADA7C0C.e.6846","ELEMENT":"f.39032AFF0B9C80A7D793EE88796AE887.d.AEDBB564A062EBF700BF7BD20ADA7C0C.e.6846"}]}
RESULT: {"script":"<script> [56 bytes]","args":[{"element-6066-11e4-a52e-4f735466cecf":"f.39032AFF0B9C80A7D793EE88796AE887.d.AEDBB564A062EBF700BF7BD20ADA7C0C.e.6846","ELEMENT":"f.39032AFF0B9C80A7D793EE88796AE887.d.AEDBB564A062EBF700BF7BD20ADA7C0C.e.6846"}]}
COMMAND: GET /session/d2ee73163e71edf45acf38a1abb82030/screenshot - {}
RESULT: {}
COMMAND: POST /session/d2ee73163e71edf45acf38a1abb82030/element - {"using":"css selector","value":"#shell-header-logo"}
RESULT: {"using":"css selector","value":"#shell-header-logo"}
COMMAND: POST /session/d2ee73163e71edf45acf38a1abb82030/element/f.39032AFF0B9C80A7D793EE88796AE887.d.AEDBB564A062EBF700BF7BD20ADA7C0C.e.6088/click - {}
RESULT: {}
COMMAND: GET /session/d2ee73163e71edf45acf38a1abb82030/screenshot - {}
RESULT: {}
COMMAND: POST /session/d2ee73163e71edf45acf38a1abb82030/execute/sync - {"script":"<script> [299 bytes]","args":[["getModel","getResource"]]}
RESULT: {"script":"<script> [299 bytes]","args":[["getModel","getResource"]]}
]]></system-out>
    </testcase>
    <testcase classname="chrome.136_0_7103_93.windows.Create_master_data_for_mixed_billing_&amp;_do_billing_calculation_US151661" name="Should create a new partner" time="129.754">
      <system-out><![CDATA[
COMMAND: POST /session/d2ee73163e71edf45acf38a1abb82030/window/fullscreen - {}
COMMAND: GET /session/d2ee73163e71edf45acf38a1abb82030/screenshot - {}
RESULT: {}
COMMAND: POST /session/d2ee73163e71edf45acf38a1abb82030/execute/async - {"script":"<script> [1562 bytes]","args":[{"selector":{"controlType":"sap.m.GenericTile","properties":{"header":"Manage Partners"}},"wdio_ui5_key":"sapm.GenericTile{\"header\":\"Manage Partners\"}"}]}
RESULT: {}
RESULT: {"script":"<script> [1562 bytes]","args":[{"selector":{"controlType":"sap.m.GenericTile","properties":{"header":"Manage Partners"}},"wdio_ui5_key":"sapm.GenericTile{\"header\":\"Manage Partners\"}"}]}
RESULT: undefined
COMMAND: POST /session/d2ee73163e71edf45acf38a1abb82030/element - {"using":"xpath","value":"//*[@id=\"__tile38\"]"}
RESULT: {"using":"xpath","value":"//*[@id=\"__tile38\"]"}
COMMAND: POST /session/d2ee73163e71edf45acf38a1abb82030/element/f.39032AFF0B9C80A7D793EE88796AE887.d.AEDBB564A062EBF700BF7BD20ADA7C0C.e.5976/click - {}
RESULT: {}
COMMAND: GET /session/d2ee73163e71edf45acf38a1abb82030/screenshot - {}
RESULT: {}
COMMAND: POST /session/d2ee73163e71edf45acf38a1abb82030/elements - {"using":"xpath","value":"//span[text()='Error']"}
RESULT: {"using":"xpath","value":"//span[text()='Error']"}
COMMAND: POST /session/d2ee73163e71edf45acf38a1abb82030/element - {"using":"xpath","value":"//button[@data-kt=\"addButton\"]"}
RESULT: {"using":"xpath","value":"//button[@data-kt=\"addButton\"]"}
COMMAND: POST /session/d2ee73163e71edf45acf38a1abb82030/elements - {"using":"xpath","value":"//button[@data-kt=\"addButton\"]"}
RESULT: {"using":"xpath","value":"//button[@data-kt=\"addButton\"]"}
COMMAND: POST /session/d2ee73163e71edf45acf38a1abb82030/execute/sync - {"script":"<script> [8489 bytes]","args":[{"element-6066-11e4-a52e-4f735466cecf":"f.39032AFF0B9C80A7D793EE88796AE887.d.AEDBB564A062EBF700BF7BD20ADA7C0C.e.6894","ELEMENT":"f.39032AFF0B9C80A7D793EE88796AE887.d.AEDBB564A062EBF700BF7BD20ADA7C0C.e.6894"}]}
RESULT: {"script":"<script> [8489 bytes]","args":[{"element-6066-11e4-a52e-4f735466cecf":"f.39032AFF0B9C80A7D793EE88796AE887.d.AEDBB564A062EBF700BF7BD20ADA7C0C.e.6894","ELEMENT":"f.39032AFF0B9C80A7D793EE88796AE887.d.AEDBB564A062EBF700BF7BD20ADA7C0C.e.6894"}]}
COMMAND: GET /session/d2ee73163e71edf45acf38a1abb82030/element/f.39032AFF0B9C80A7D793EE88796AE887.d.AEDBB564A062EBF700BF7BD20ADA7C0C.e.6894/enabled - {}
COMMAND: GET /session/d2ee73163e71edf45acf38a1abb82030/screenshot - {}
RESULT: {}
COMMAND: POST /session/d2ee73163e71edf45acf38a1abb82030/execute/sync - {"script":"<script> [8489 bytes]","args":[{"element-6066-11e4-a52e-4f735466cecf":"f.39032AFF0B9C80A7D793EE88796AE887.d.AEDBB564A062EBF700BF7BD20ADA7C0C.e.6894","ELEMENT":"f.39032AFF0B9C80A7D793EE88796AE887.d.AEDBB564A062EBF700BF7BD20ADA7C0C.e.6894"}]}
COMMAND: GET /session/d2ee73163e71edf45acf38a1abb82030/screenshot - {}
RESULT: {}
RESULT: {"script":"<script> [8489 bytes]","args":[{"element-6066-11e4-a52e-4f735466cecf":"f.39032AFF0B9C80A7D793EE88796AE887.d.AEDBB564A062EBF700BF7BD20ADA7C0C.e.6894","ELEMENT":"f.39032AFF0B9C80A7D793EE88796AE887.d.AEDBB564A062EBF700BF7BD20ADA7C0C.e.6894"}]}
COMMAND: POST /session/d2ee73163e71edf45acf38a1abb82030/execute/sync - {"script":"<script> [5351 bytes]","args":[{"element-6066-11e4-a52e-4f735466cecf":"f.39032AFF0B9C80A7D793EE88796AE887.d.AEDBB564A062EBF700BF7BD20ADA7C0C.e.6894","ELEMENT":"f.39032AFF0B9C80A7D793EE88796AE887.d.AEDBB564A062EBF700BF7BD20ADA7C0C.e.6894"}]}
COMMAND: GET /session/d2ee73163e71edf45acf38a1abb82030/screenshot - {}
RESULT: {}
RESULT: {"script":"<script> [5351 bytes]","args":[{"element-6066-11e4-a52e-4f735466cecf":"f.39032AFF0B9C80A7D793EE88796AE887.d.AEDBB564A062EBF700BF7BD20ADA7C0C.e.6894","ELEMENT":"f.39032AFF0B9C80A7D793EE88796AE887.d.AEDBB564A062EBF700BF7BD20ADA7C0C.e.6894"}]}
COMMAND: POST /session/d2ee73163e71edf45acf38a1abb82030/element/f.39032AFF0B9C80A7D793EE88796AE887.d.AEDBB564A062EBF700BF7BD20ADA7C0C.e.6894/click - {}
COMMAND: GET /session/d2ee73163e71edf45acf38a1abb82030/screenshot - {}
RESULT: {}
RESULT: {}
COMMAND: GET /session/d2ee73163e71edf45acf38a1abb82030/screenshot - {}
COMMAND: POST /session/d2ee73163e71edf45acf38a1abb82030/execute/async - {"script":"<script> [1562 bytes]","args":[{"selector":{"id":"application-managepartners-display-component---NewPartner--addressDetailDetailsName1","interaction":{"idSuffix":"inner"}},"wdio_ui5_key":"applicationmanagepartners-display-component---NewPartner--addressDetailDetailsName1"}]}
RESULT: {}
RESULT: {}
RESULT: {"script":"<script> [1562 bytes]","args":[{"selector":{"id":"application-managepartners-display-component---NewPartner--addressDetailDetailsName1","interaction":{"idSuffix":"inner"}},"wdio_ui5_key":"applicationmanagepartners-display-component---NewPartner--addressDetailDetailsName1"}]}
RESULT: undefined
COMMAND: POST /session/d2ee73163e71edf45acf38a1abb82030/execute/async - {"script":"<script> [776 bytes]","args":[{"enterText":"Intercompany Partner WDIO","selector":{"id":"application-managepartners-display-component---NewPartner--addressDetailDetailsName1","interaction":{"idSuffix":"inner"}},"clearTextFirst":true,"interactionType":"ENTER_TEXT"}]}
RESULT: {"script":"<script> [776 bytes]","args":[{"enterText":"Intercompany Partner WDIO","selector":{"id":"application-managepartners-display-component---NewPartner--addressDetailDetailsName1","interaction":{"idSuffix":"inner"}},"clearTextFirst":true,"interactionType":"ENTER_TEXT"}]}
COMMAND: POST /session/d2ee73163e71edf45acf38a1abb82030/execute/async - {"script":"<script> [1562 bytes]","args":[{"selector":{"id":"application-managepartners-display-component---NewPartner--addressDetailDetailsLanguage-arrow"},"wdio_ui5_key":"applicationmanagepartners-display-component---NewPartner--addressDetailDetailsLanguage-arrow"}]}
RESULT: {"script":"<script> [1562 bytes]","args":[{"selector":{"id":"application-managepartners-display-component---NewPartner--addressDetailDetailsLanguage-arrow"},"wdio_ui5_key":"applicationmanagepartners-display-component---NewPartner--addressDetailDetailsLanguage-arrow"}]}
RESULT: undefined
COMMAND: POST /session/d2ee73163e71edf45acf38a1abb82030/element - {"using":"xpath","value":"//*[@id=\"application-managepartners-display-component---NewPartner--addressDetailDetailsLanguage-arrow\"]"}
RESULT: {"using":"xpath","value":"//*[@id=\"application-managepartners-display-component---NewPartner--addressDetailDetailsLanguage-arrow\"]"}
COMMAND: POST /session/d2ee73163e71edf45acf38a1abb82030/element/f.39032AFF0B9C80A7D793EE88796AE887.d.AEDBB564A062EBF700BF7BD20ADA7C0C.e.7338/click - {}
RESULT: {}
COMMAND: POST /session/d2ee73163e71edf45acf38a1abb82030/element - {"using":"xpath","value":"//span[contains(text(), \"English\")]"}
COMMAND: GET /session/d2ee73163e71edf45acf38a1abb82030/screenshot - {}
RESULT: {"using":"xpath","value":"//span[contains(text(), \"English\")]"}
COMMAND: POST /session/d2ee73163e71edf45acf38a1abb82030/element/f.39032AFF0B9C80A7D793EE88796AE887.d.AEDBB564A062EBF700BF7BD20ADA7C0C.e.7339/click - {}
RESULT: {}
RESULT: {}
COMMAND: GET /session/d2ee73163e71edf45acf38a1abb82030/screenshot - {}
RESULT: {}
COMMAND: POST /session/d2ee73163e71edf45acf38a1abb82030/execute/async - {"script":"<script> [1562 bytes]","args":[{"selector":{"id":"application-managepartners-display-component---NewPartner--addressDetailDetailsCity1","interaction":{"idSuffix":"inner"}},"wdio_ui5_key":"applicationmanagepartners-display-component---NewPartner--addressDetailDetailsCity1"}]}
RESULT: {"script":"<script> [1562 bytes]","args":[{"selector":{"id":"application-managepartners-display-component---NewPartner--addressDetailDetailsCity1","interaction":{"idSuffix":"inner"}},"wdio_ui5_key":"applicationmanagepartners-display-component---NewPartner--addressDetailDetailsCity1"}]}
RESULT: undefined
COMMAND: POST /session/d2ee73163e71edf45acf38a1abb82030/execute/async - {"script":"<script> [776 bytes]","args":[{"enterText":"Rosario","selector":{"id":"application-managepartners-display-component---NewPartner--addressDetailDetailsCity1","interaction":{"idSuffix":"inner"}},"clearTextFirst":true,"interactionType":"ENTER_TEXT"}]}
RESULT: {"script":"<script> [776 bytes]","args":[{"enterText":"Rosario","selector":{"id":"application-managepartners-display-component---NewPartner--addressDetailDetailsCity1","interaction":{"idSuffix":"inner"}},"clearTextFirst":true,"interactionType":"ENTER_TEXT"}]}
COMMAND: POST /session/d2ee73163e71edf45acf38a1abb82030/execute/async - {"script":"<script> [1562 bytes]","args":[{"selector":{"id":"application-managepartners-display-component---NewPartner--addressDetailDetailsCountry-arrow"},"wdio_ui5_key":"applicationmanagepartners-display-component---NewPartner--addressDetailDetailsCountry-arrow"}]}
RESULT: {"script":"<script> [1562 bytes]","args":[{"selector":{"id":"application-managepartners-display-component---NewPartner--addressDetailDetailsCountry-arrow"},"wdio_ui5_key":"applicationmanagepartners-display-component---NewPartner--addressDetailDetailsCountry-arrow"}]}
RESULT: undefined
COMMAND: POST /session/d2ee73163e71edf45acf38a1abb82030/element - {"using":"xpath","value":"//*[@id=\"application-managepartners-display-component---NewPartner--addressDetailDetailsCountry-arrow\"]"}
RESULT: {"using":"xpath","value":"//*[@id=\"application-managepartners-display-component---NewPartner--addressDetailDetailsCountry-arrow\"]"}
COMMAND: POST /session/d2ee73163e71edf45acf38a1abb82030/element/f.39032AFF0B9C80A7D793EE88796AE887.d.AEDBB564A062EBF700BF7BD20ADA7C0C.e.7325/click - {}
RESULT: {}
COMMAND: POST /session/d2ee73163e71edf45acf38a1abb82030/element - {"using":"xpath","value":"//span[contains(text(), \"Argentina\")]"}
COMMAND: GET /session/d2ee73163e71edf45acf38a1abb82030/screenshot - {}
RESULT: {"using":"xpath","value":"//span[contains(text(), \"Argentina\")]"}
COMMAND: POST /session/d2ee73163e71edf45acf38a1abb82030/element/f.39032AFF0B9C80A7D793EE88796AE887.d.AEDBB564A062EBF700BF7BD20ADA7C0C.e.7341/click - {}
RESULT: {}
RESULT: {}
COMMAND: GET /session/d2ee73163e71edf45acf38a1abb82030/screenshot - {}
RESULT: {}
COMMAND: POST /session/d2ee73163e71edf45acf38a1abb82030/element - {"using":"xpath","value":"//bdi[contains(text(), \"Commercial\")]"}
RESULT: {"using":"xpath","value":"//bdi[contains(text(), \"Commercial\")]"}
COMMAND: POST /session/d2ee73163e71edf45acf38a1abb82030/element/f.39032AFF0B9C80A7D793EE88796AE887.d.AEDBB564A062EBF700BF7BD20ADA7C0C.e.7342/click - {}
RESULT: {}
COMMAND: GET /session/d2ee73163e71edf45acf38a1abb82030/screenshot - {}
RESULT: {}
COMMAND: POST /session/d2ee73163e71edf45acf38a1abb82030/execute/async - {"script":"<script> [1562 bytes]","args":[{"selector":{"id":"application-managepartners-display-component---NewPartner--partnerDetailInternal-arrow"},"wdio_ui5_key":"applicationmanagepartners-display-component---NewPartner--partnerDetailInternal-arrow"}]}
RESULT: {"script":"<script> [1562 bytes]","args":[{"selector":{"id":"application-managepartners-display-component---NewPartner--partnerDetailInternal-arrow"},"wdio_ui5_key":"applicationmanagepartners-display-component---NewPartner--partnerDetailInternal-arrow"}]}
RESULT: undefined
COMMAND: POST /session/d2ee73163e71edf45acf38a1abb82030/element - {"using":"xpath","value":"//*[@id=\"application-managepartners-display-component---NewPartner--partnerDetailInternal-arrow\"]"}
RESULT: {"using":"xpath","value":"//*[@id=\"application-managepartners-display-component---NewPartner--partnerDetailInternal-arrow\"]"}
COMMAND: POST /session/d2ee73163e71edf45acf38a1abb82030/element/f.39032AFF0B9C80A7D793EE88796AE887.d.AEDBB564A062EBF700BF7BD20ADA7C0C.e.7348/click - {}
RESULT: {}
COMMAND: POST /session/d2ee73163e71edf45acf38a1abb82030/element - {"using":"xpath","value":"//span[contains(text(), \"Affiliated company\")]"}
COMMAND: GET /session/d2ee73163e71edf45acf38a1abb82030/screenshot - {}
RESULT: {"using":"xpath","value":"//span[contains(text(), \"Affiliated company\")]"}
COMMAND: POST /session/d2ee73163e71edf45acf38a1abb82030/element/f.39032AFF0B9C80A7D793EE88796AE887.d.AEDBB564A062EBF700BF7BD20ADA7C0C.e.7351/click - {}
RESULT: {}
RESULT: {}
COMMAND: POST /session/d2ee73163e71edf45acf38a1abb82030/execute/async - {"script":"<script> [1562 bytes]","args":[{"selector":{"id":"application-managepartners-display-component---NewPartner--partnerDetailsCurrency-arrow"},"wdio_ui5_key":"applicationmanagepartners-display-component---NewPartner--partnerDetailsCurrency-arrow"}]}
COMMAND: GET /session/d2ee73163e71edf45acf38a1abb82030/screenshot - {}
RESULT: {"script":"<script> [1562 bytes]","args":[{"selector":{"id":"application-managepartners-display-component---NewPartner--partnerDetailsCurrency-arrow"},"wdio_ui5_key":"applicationmanagepartners-display-component---NewPartner--partnerDetailsCurrency-arrow"}]}
RESULT: undefined
COMMAND: POST /session/d2ee73163e71edf45acf38a1abb82030/element - {"using":"xpath","value":"//*[@id=\"application-managepartners-display-component---NewPartner--partnerDetailsCurrency-arrow\"]"}
RESULT: {}
RESULT: {"using":"xpath","value":"//*[@id=\"application-managepartners-display-component---NewPartner--partnerDetailsCurrency-arrow\"]"}
COMMAND: POST /session/d2ee73163e71edf45acf38a1abb82030/element/f.39032AFF0B9C80A7D793EE88796AE887.d.AEDBB564A062EBF700BF7BD20ADA7C0C.e.7358/click - {}
RESULT: {}
COMMAND: POST /session/d2ee73163e71edf45acf38a1abb82030/element - {"using":"xpath","value":"//span[contains(text(), \"Euro\")]"}
COMMAND: GET /session/d2ee73163e71edf45acf38a1abb82030/screenshot - {}
RESULT: {}
RESULT: {"using":"xpath","value":"//span[contains(text(), \"Euro\")]"}
COMMAND: POST /session/d2ee73163e71edf45acf38a1abb82030/element/f.39032AFF0B9C80A7D793EE88796AE887.d.AEDBB564A062EBF700BF7BD20ADA7C0C.e.7359/click - {}
RESULT: {}
COMMAND: POST /session/d2ee73163e71edf45acf38a1abb82030/execute/async - {"script":"<script> [1562 bytes]","args":[{"selector":{"id":"application-managepartners-display-component---NewPartner--addressEditDetailsCostObjectCstType-arrow"},"wdio_ui5_key":"applicationmanagepartners-display-component---NewPartner--addressEditDetailsCostObjectCstType-arrow"}]}
COMMAND: GET /session/d2ee73163e71edf45acf38a1abb82030/screenshot - {}
RESULT: {"script":"<script> [1562 bytes]","args":[{"selector":{"id":"application-managepartners-display-component---NewPartner--addressEditDetailsCostObjectCstType-arrow"},"wdio_ui5_key":"applicationmanagepartners-display-component---NewPartner--addressEditDetailsCostObjectCstType-arrow"}]}
RESULT: undefined
COMMAND: POST /session/d2ee73163e71edf45acf38a1abb82030/element - {"using":"xpath","value":"//*[@id=\"application-managepartners-display-component---NewPartner--addressEditDetailsCostObjectCstType-arrow\"]"}
RESULT: {}
RESULT: {"using":"xpath","value":"//*[@id=\"application-managepartners-display-component---NewPartner--addressEditDetailsCostObjectCstType-arrow\"]"}
COMMAND: POST /session/d2ee73163e71edf45acf38a1abb82030/element/f.39032AFF0B9C80A7D793EE88796AE887.d.AEDBB564A062EBF700BF7BD20ADA7C0C.e.7360/click - {}
RESULT: {}
COMMAND: POST /session/d2ee73163e71edf45acf38a1abb82030/element - {"using":"xpath","value":"//span[contains(text(), \"Cost Center\")]"}
COMMAND: GET /session/d2ee73163e71edf45acf38a1abb82030/screenshot - {}
RESULT: {"using":"xpath","value":"//span[contains(text(), \"Cost Center\")]"}
COMMAND: POST /session/d2ee73163e71edf45acf38a1abb82030/element/f.39032AFF0B9C80A7D793EE88796AE887.d.AEDBB564A062EBF700BF7BD20ADA7C0C.e.7361/click - {}
RESULT: {}
RESULT: {}
COMMAND: GET /session/d2ee73163e71edf45acf38a1abb82030/screenshot - {}
RESULT: {}
COMMAND: POST /session/d2ee73163e71edf45acf38a1abb82030/element - {"using":"xpath","value":"//span[@id=\"application-managepartners-display-component---NewPartner--addressNewCostObjectCstID-vhi\"]"}
RESULT: {"using":"xpath","value":"//span[@id=\"application-managepartners-display-component---NewPartner--addressNewCostObjectCstID-vhi\"]"}
COMMAND: POST /session/d2ee73163e71edf45acf38a1abb82030/execute/sync - {"script":"<script> [8489 bytes]","args":[{"element-6066-11e4-a52e-4f735466cecf":"f.39032AFF0B9C80A7D793EE88796AE887.d.AEDBB564A062EBF700BF7BD20ADA7C0C.e.7365","ELEMENT":"f.39032AFF0B9C80A7D793EE88796AE887.d.AEDBB564A062EBF700BF7BD20ADA7C0C.e.7365"}]}
RESULT: {"script":"<script> [8489 bytes]","args":[{"element-6066-11e4-a52e-4f735466cecf":"f.39032AFF0B9C80A7D793EE88796AE887.d.AEDBB564A062EBF700BF7BD20ADA7C0C.e.7365","ELEMENT":"f.39032AFF0B9C80A7D793EE88796AE887.d.AEDBB564A062EBF700BF7BD20ADA7C0C.e.7365"}]}
COMMAND: POST /session/d2ee73163e71edf45acf38a1abb82030/execute/async - {"script":"<script> [1562 bytes]","args":[{"selector":{"id":"application-managepartners-display-component---NewPartner--addressNewCostObjectCstID-vhi"},"wdio_ui5_key":"applicationmanagepartners-display-component---NewPartner--addressNewCostObjectCstID-vhi"}]}
COMMAND: GET /session/d2ee73163e71edf45acf38a1abb82030/screenshot - {}
RESULT: {"script":"<script> [1562 bytes]","args":[{"selector":{"id":"application-managepartners-display-component---NewPartner--addressNewCostObjectCstID-vhi"},"wdio_ui5_key":"applicationmanagepartners-display-component---NewPartner--addressNewCostObjectCstID-vhi"}]}
RESULT: undefined
COMMAND: POST /session/d2ee73163e71edf45acf38a1abb82030/element - {"using":"xpath","value":"//*[@id=\"application-managepartners-display-component---NewPartner--addressNewCostObjectCstID-vhi\"]"}
RESULT: {}
RESULT: {"using":"xpath","value":"//*[@id=\"application-managepartners-display-component---NewPartner--addressNewCostObjectCstID-vhi\"]"}
COMMAND: POST /session/d2ee73163e71edf45acf38a1abb82030/element/f.39032AFF0B9C80A7D793EE88796AE887.d.AEDBB564A062EBF700BF7BD20ADA7C0C.e.7365/click - {}
RESULT: {}
COMMAND: GET /session/d2ee73163e71edf45acf38a1abb82030/screenshot - {}
RESULT: {}
RESULT: undefined
COMMAND: POST /session/d2ee73163e71edf45acf38a1abb82030/execute/async - {"script":"<script> [776 bytes]","args":[{"enterText":"10001013","selector":{"controlType":"sap.m.SearchField","properties":{"placeholder":"Search"},"searchOpenDialogs":true,"interaction":{"idSuffix":"I"}},"clearTextFirst":true,"interactionType":"ENTER_TEXT"}]}
RESULT: {"script":"<script> [776 bytes]","args":[{"enterText":"10001013","selector":{"controlType":"sap.m.SearchField","properties":{"placeholder":"Search"},"searchOpenDialogs":true,"interaction":{"idSuffix":"I"}},"clearTextFirst":true,"interactionType":"ENTER_TEXT"}]}
COMMAND: POST /session/d2ee73163e71edf45acf38a1abb82030/actions - {"actions":[{"id":"action22","type":"key","parameters":{},"actions":[{"type":"keyDown","value":"î€‡"},{"type":"pause","duration":10},{"type":"keyUp","value":"î€‡"}]}]}
RESULT: {"actions":[{"id":"action22","type":"key","parameters":{},"actions":[{"type":"keyDown","value":"î€‡"},{"type":"pause","duration":10},{"type":"keyUp","value":"î€‡"}]}]}
COMMAND: GET /session/d2ee73163e71edf45acf38a1abb82030/screenshot - {}
RESULT: {}
COMMAND: POST /session/d2ee73163e71edf45acf38a1abb82030/element - {"using":"xpath","value":"//span[contains(text(), \"General Management\")]"}
RESULT: {"using":"xpath","value":"//span[contains(text(), \"General Management\")]"}
COMMAND: POST /session/d2ee73163e71edf45acf38a1abb82030/element/f.39032AFF0B9C80A7D793EE88796AE887.d.AEDBB564A062EBF700BF7BD20ADA7C0C.e.7403/click - {}
RESULT: {}
COMMAND: GET /session/d2ee73163e71edf45acf38a1abb82030/screenshot - {}
RESULT: {}
COMMAND: POST /session/d2ee73163e71edf45acf38a1abb82030/element - {"using":"xpath","value":"//bdi[contains(text(), \"OK\")]"}
RESULT: {"using":"xpath","value":"//bdi[contains(text(), \"OK\")]"}
COMMAND: POST /session/d2ee73163e71edf45acf38a1abb82030/element/f.39032AFF0B9C80A7D793EE88796AE887.d.AEDBB564A062EBF700BF7BD20ADA7C0C.e.7404/click - {}
RESULT: {}
COMMAND: GET /session/d2ee73163e71edf45acf38a1abb82030/screenshot - {}
RESULT: {}
COMMAND: POST /session/d2ee73163e71edf45acf38a1abb82030/element - {"using":"xpath","value":"//input[@id=\"application-managepartners-display-component---NewPartner--companyCodeComboBox-inner\"]"}
RESULT: {"using":"xpath","value":"//input[@id=\"application-managepartners-display-component---NewPartner--companyCodeComboBox-inner\"]"}
COMMAND: POST /session/d2ee73163e71edf45acf38a1abb82030/element/f.39032AFF0B9C80A7D793EE88796AE887.d.AEDBB564A062EBF700BF7BD20ADA7C0C.e.7204/clear - {}
RESULT: {}
COMMAND: POST /session/d2ee73163e71edf45acf38a1abb82030/element/f.39032AFF0B9C80A7D793EE88796AE887.d.AEDBB564A062EBF700BF7BD20ADA7C0C.e.7204/value - {"text":"C002"}
COMMAND: GET /session/d2ee73163e71edf45acf38a1abb82030/screenshot - {}
RESULT: {"text":"C002"}
COMMAND: GET /session/d2ee73163e71edf45acf38a1abb82030/screenshot - {}
RESULT: {}
RESULT: {}
COMMAND: POST /session/d2ee73163e71edf45acf38a1abb82030/element - {"using":"xpath","value":"//li[.//span[text()= \"C002\"]]"}
RESULT: {"using":"xpath","value":"//li[.//span[text()= \"C002\"]]"}
COMMAND: POST /session/d2ee73163e71edf45acf38a1abb82030/element/f.39032AFF0B9C80A7D793EE88796AE887.d.AEDBB564A062EBF700BF7BD20ADA7C0C.e.7410/click - {}
RESULT: {}
COMMAND: GET /session/d2ee73163e71edf45acf38a1abb82030/screenshot - {}
RESULT: {}
COMMAND: POST /session/d2ee73163e71edf45acf38a1abb82030/execute/async - {"script":"<script> [1562 bytes]","args":[{"selector":{"id":"application-managepartners-display-component---NewPartner--btnAddTableRow-img"},"wdio_ui5_key":"applicationmanagepartners-display-component---NewPartner--btnAddTableRow-img"}]}
RESULT: {"script":"<script> [1562 bytes]","args":[{"selector":{"id":"application-managepartners-display-component---NewPartner--btnAddTableRow-img"},"wdio_ui5_key":"applicationmanagepartners-display-component---NewPartner--btnAddTableRow-img"}]}
RESULT: undefined
COMMAND: POST /session/d2ee73163e71edf45acf38a1abb82030/element - {"using":"xpath","value":"//*[@id=\"application-managepartners-display-component---NewPartner--btnAddTableRow-img\"]"}
RESULT: {"using":"xpath","value":"//*[@id=\"application-managepartners-display-component---NewPartner--btnAddTableRow-img\"]"}
COMMAND: POST /session/d2ee73163e71edf45acf38a1abb82030/element/f.39032AFF0B9C80A7D793EE88796AE887.d.AEDBB564A062EBF700BF7BD20ADA7C0C.e.7411/click - {}
RESULT: {}
COMMAND: GET /session/d2ee73163e71edf45acf38a1abb82030/screenshot - {}
RESULT: {}
COMMAND: POST /session/d2ee73163e71edf45acf38a1abb82030/element - {"using":"xpath","value":"//input[@id=\"application-managepartners-display-component---NewPartner--assignmentYard-application-managepartners-display-component---NewPartner--assignmentsTable-0-inner\"]"}
RESULT: {"using":"xpath","value":"//input[@id=\"application-managepartners-display-component---NewPartner--assignmentYard-application-managepartners-display-component---NewPartner--assignmentsTable-0-inner\"]"}
COMMAND: POST /session/d2ee73163e71edf45acf38a1abb82030/element/f.39032AFF0B9C80A7D793EE88796AE887.d.AEDBB564A062EBF700BF7BD20ADA7C0C.e.7414/clear - {}
RESULT: {}
COMMAND: POST /session/d2ee73163e71edf45acf38a1abb82030/element/f.39032AFF0B9C80A7D793EE88796AE887.d.AEDBB564A062EBF700BF7BD20ADA7C0C.e.7414/value - {"text":"479"}
COMMAND: GET /session/d2ee73163e71edf45acf38a1abb82030/screenshot - {}
RESULT: {"text":"479"}
COMMAND: GET /session/d2ee73163e71edf45acf38a1abb82030/screenshot - {}
RESULT: {}
RESULT: {}
COMMAND: POST /session/d2ee73163e71edf45acf38a1abb82030/element - {"using":"xpath","value":"//li[.//span[text()='479']]"}
RESULT: {"using":"xpath","value":"//li[.//span[text()='479']]"}
COMMAND: POST /session/d2ee73163e71edf45acf38a1abb82030/element/f.39032AFF0B9C80A7D793EE88796AE887.d.AEDBB564A062EBF700BF7BD20ADA7C0C.e.7423/click - {}
RESULT: {}
COMMAND: GET /session/d2ee73163e71edf45acf38a1abb82030/screenshot - {}
RESULT: {}
COMMAND: POST /session/d2ee73163e71edf45acf38a1abb82030/actions - {"actions":[{"id":"action23","type":"key","parameters":{},"actions":[{"type":"keyDown","value":"î€‡"},{"type":"pause","duration":10},{"type":"keyUp","value":"î€‡"}]}]}
RESULT: {"actions":[{"id":"action23","type":"key","parameters":{},"actions":[{"type":"keyDown","value":"î€‡"},{"type":"pause","duration":10},{"type":"keyUp","value":"î€‡"}]}]}
COMMAND: POST /session/d2ee73163e71edf45acf38a1abb82030/execute/async - {"script":"<script> [1562 bytes]","args":[{"selector":{"id":"application-managepartners-display-component---NewPartner--externalCustomerComboBox-application-managepartners-display-component---NewPartner--assignmentsTable-0-vhi"},"wdio_ui5_key":"applicationmanagepartners-display-component---NewPartner--externalCustomerComboBox-application-managepartners-display-component---NewPartner--assignmentsTable-0-vhi"}]}
COMMAND: GET /session/d2ee73163e71edf45acf38a1abb82030/screenshot - {}
RESULT: {"script":"<script> [1562 bytes]","args":[{"selector":{"id":"application-managepartners-display-component---NewPartner--externalCustomerComboBox-application-managepartners-display-component---NewPartner--assignmentsTable-0-vhi"},"wdio_ui5_key":"applicationmanagepartners-display-component---NewPartner--externalCustomerComboBox-application-managepartners-display-component---NewPartner--assignmentsTable-0-vhi"}]}
RESULT: undefined
COMMAND: POST /session/d2ee73163e71edf45acf38a1abb82030/element - {"using":"xpath","value":"//*[@id=\"application-managepartners-display-component---NewPartner--externalCustomerComboBox-application-managepartners-display-component---NewPartner--assignmentsTable-0-vhi\"]"}
RESULT: {}
RESULT: {"using":"xpath","value":"//*[@id=\"application-managepartners-display-component---NewPartner--externalCustomerComboBox-application-managepartners-display-component---NewPartner--assignmentsTable-0-vhi\"]"}
COMMAND: POST /session/d2ee73163e71edf45acf38a1abb82030/element/f.39032AFF0B9C80A7D793EE88796AE887.d.AEDBB564A062EBF700BF7BD20ADA7C0C.e.7427/click - {}
RESULT: {}
RESULT: undefined
COMMAND: POST /session/d2ee73163e71edf45acf38a1abb82030/execute/async - {"script":"<script> [776 bytes]","args":[{"enterText":"300003","selector":{"controlType":"sap.m.SearchField","properties":{"placeholder":"Search"},"searchOpenDialogs":true,"interaction":{"idSuffix":"I"}},"clearTextFirst":true,"interactionType":"ENTER_TEXT"}]}
COMMAND: GET /session/d2ee73163e71edf45acf38a1abb82030/screenshot - {}
RESULT: {"script":"<script> [776 bytes]","args":[{"enterText":"300003","selector":{"controlType":"sap.m.SearchField","properties":{"placeholder":"Search"},"searchOpenDialogs":true,"interaction":{"idSuffix":"I"}},"clearTextFirst":true,"interactionType":"ENTER_TEXT"}]}
COMMAND: POST /session/d2ee73163e71edf45acf38a1abb82030/actions - {"actions":[{"id":"action24","type":"key","parameters":{},"actions":[{"type":"keyDown","value":"î€‡"},{"type":"pause","duration":10},{"type":"keyUp","value":"î€‡"}]}]}
RESULT: {}
RESULT: {"actions":[{"id":"action24","type":"key","parameters":{},"actions":[{"type":"keyDown","value":"î€‡"},{"type":"pause","duration":10},{"type":"keyUp","value":"î€‡"}]}]}
COMMAND: GET /session/d2ee73163e71edf45acf38a1abb82030/screenshot - {}
RESULT: {}
COMMAND: POST /session/d2ee73163e71edf45acf38a1abb82030/element - {"using":"xpath","value":"//span[contains(text(), \"300003\")]"}
RESULT: {"using":"xpath","value":"//span[contains(text(), \"300003\")]"}
COMMAND: POST /session/d2ee73163e71edf45acf38a1abb82030/element/f.39032AFF0B9C80A7D793EE88796AE887.d.AEDBB564A062EBF700BF7BD20ADA7C0C.e.7444/click - {}
RESULT: {}
COMMAND: GET /session/d2ee73163e71edf45acf38a1abb82030/screenshot - {}
RESULT: {}
COMMAND: POST /session/d2ee73163e71edf45acf38a1abb82030/element - {"using":"xpath","value":"//bdi[contains(text(), \"OK\")]"}
RESULT: {"using":"xpath","value":"//bdi[contains(text(), \"OK\")]"}
COMMAND: POST /session/d2ee73163e71edf45acf38a1abb82030/element/f.39032AFF0B9C80A7D793EE88796AE887.d.AEDBB564A062EBF700BF7BD20ADA7C0C.e.7446/click - {}
RESULT: {}
COMMAND: GET /session/d2ee73163e71edf45acf38a1abb82030/screenshot - {}
RESULT: {}
COMMAND: POST /session/d2ee73163e71edf45acf38a1abb82030/execute/async - {"script":"<script> [1562 bytes]","args":[{"selector":{"id":"application-managepartners-display-component---NewPartner--intercompVendorComboBox-application-managepartners-display-component---NewPartner--assignmentsTable-0-vhi"},"wdio_ui5_key":"applicationmanagepartners-display-component---NewPartner--intercompVendorComboBox-application-managepartners-display-component---NewPartner--assignmentsTable-0-vhi"}]}
RESULT: {"script":"<script> [1562 bytes]","args":[{"selector":{"id":"application-managepartners-display-component---NewPartner--intercompVendorComboBox-application-managepartners-display-component---NewPartner--assignmentsTable-0-vhi"},"wdio_ui5_key":"applicationmanagepartners-display-component---NewPartner--intercompVendorComboBox-application-managepartners-display-component---NewPartner--assignmentsTable-0-vhi"}]}
RESULT: undefined
COMMAND: POST /session/d2ee73163e71edf45acf38a1abb82030/element - {"using":"xpath","value":"//*[@id=\"application-managepartners-display-component---NewPartner--intercompVendorComboBox-application-managepartners-display-component---NewPartner--assignmentsTable-0-vhi\"]"}
RESULT: {"using":"xpath","value":"//*[@id=\"application-managepartners-display-component---NewPartner--intercompVendorComboBox-application-managepartners-display-component---NewPartner--assignmentsTable-0-vhi\"]"}
COMMAND: POST /session/d2ee73163e71edf45acf38a1abb82030/element/f.39032AFF0B9C80A7D793EE88796AE887.d.AEDBB564A062EBF700BF7BD20ADA7C0C.e.7450/click - {}
RESULT: {}
RESULT: undefined
COMMAND: POST /session/d2ee73163e71edf45acf38a1abb82030/execute/async - {"script":"<script> [776 bytes]","args":[{"enterText":"100005","selector":{"controlType":"sap.m.SearchField","properties":{"placeholder":"Search"},"searchOpenDialogs":true,"interaction":{"idSuffix":"I"}},"clearTextFirst":true,"interactionType":"ENTER_TEXT"}]}
COMMAND: GET /session/d2ee73163e71edf45acf38a1abb82030/screenshot - {}
RESULT: {"script":"<script> [776 bytes]","args":[{"enterText":"100005","selector":{"controlType":"sap.m.SearchField","properties":{"placeholder":"Search"},"searchOpenDialogs":true,"interaction":{"idSuffix":"I"}},"clearTextFirst":true,"interactionType":"ENTER_TEXT"}]}
COMMAND: POST /session/d2ee73163e71edf45acf38a1abb82030/actions - {"actions":[{"id":"action25","type":"key","parameters":{},"actions":[{"type":"keyDown","value":"î€‡"},{"type":"pause","duration":10},{"type":"keyUp","value":"î€‡"}]}]}
RESULT: {}
RESULT: {"actions":[{"id":"action25","type":"key","parameters":{},"actions":[{"type":"keyDown","value":"î€‡"},{"type":"pause","duration":10},{"type":"keyUp","value":"î€‡"}]}]}
COMMAND: GET /session/d2ee73163e71edf45acf38a1abb82030/screenshot - {}
RESULT: {}
COMMAND: POST /session/d2ee73163e71edf45acf38a1abb82030/element - {"using":"xpath","value":"//span[contains(text(), \"Penguins - Field/12345 Berlin\")]"}
RESULT: {"using":"xpath","value":"//span[contains(text(), \"Penguins - Field/12345 Berlin\")]"}
COMMAND: POST /session/d2ee73163e71edf45acf38a1abb82030/element/f.39032AFF0B9C80A7D793EE88796AE887.d.AEDBB564A062EBF700BF7BD20ADA7C0C.e.7468/click - {}
RESULT: {}
COMMAND: GET /session/d2ee73163e71edf45acf38a1abb82030/screenshot - {}
RESULT: {}
COMMAND: POST /session/d2ee73163e71edf45acf38a1abb82030/element - {"using":"xpath","value":"//bdi[contains(text(), \"OK\")]"}
RESULT: {"using":"xpath","value":"//bdi[contains(text(), \"OK\")]"}
COMMAND: POST /session/d2ee73163e71edf45acf38a1abb82030/element/f.39032AFF0B9C80A7D793EE88796AE887.d.AEDBB564A062EBF700BF7BD20ADA7C0C.e.7469/click - {}
RESULT: {}
COMMAND: GET /session/d2ee73163e71edf45acf38a1abb82030/screenshot - {}
RESULT: {}
COMMAND: POST /session/d2ee73163e71edf45acf38a1abb82030/element - {"using":"xpath","value":"//button[@data-kt=\"saveButton\"]"}
RESULT: {"using":"xpath","value":"//button[@data-kt=\"saveButton\"]"}
COMMAND: POST /session/d2ee73163e71edf45acf38a1abb82030/element/f.39032AFF0B9C80A7D793EE88796AE887.d.AEDBB564A062EBF700BF7BD20ADA7C0C.e.7273/click - {}
RESULT: {}
COMMAND: GET /session/d2ee73163e71edf45acf38a1abb82030/screenshot - {}
RESULT: {}
COMMAND: POST /session/d2ee73163e71edf45acf38a1abb82030/element - {"using":"xpath","value":"//header[contains(@id, 'ObjectPageLayout-headerTitle')]/div[1]/div[2]/div[2]/span[1]"}
RESULT: {"using":"xpath","value":"//header[contains(@id, 'ObjectPageLayout-headerTitle')]/div[1]/div[2]/div[2]/span[1]"}
COMMAND: POST /session/d2ee73163e71edf45acf38a1abb82030/elements - {"using":"xpath","value":"//header[contains(@id, 'ObjectPageLayout-headerTitle')]/div[1]/div[2]/div[2]/span[1]"}
RESULT: {"using":"xpath","value":"//header[contains(@id, 'ObjectPageLayout-headerTitle')]/div[1]/div[2]/div[2]/span[1]"}
COMMAND: POST /session/d2ee73163e71edf45acf38a1abb82030/execute/sync - {"script":"<script> [56 bytes]","args":[{"element-6066-11e4-a52e-4f735466cecf":"f.39032AFF0B9C80A7D793EE88796AE887.d.AEDBB564A062EBF700BF7BD20ADA7C0C.e.7634","ELEMENT":"f.39032AFF0B9C80A7D793EE88796AE887.d.AEDBB564A062EBF700BF7BD20ADA7C0C.e.7634"}]}
RESULT: {"script":"<script> [56 bytes]","args":[{"element-6066-11e4-a52e-4f735466cecf":"f.39032AFF0B9C80A7D793EE88796AE887.d.AEDBB564A062EBF700BF7BD20ADA7C0C.e.7634","ELEMENT":"f.39032AFF0B9C80A7D793EE88796AE887.d.AEDBB564A062EBF700BF7BD20ADA7C0C.e.7634"}]}
COMMAND: POST /session/d2ee73163e71edf45acf38a1abb82030/element - {"using":"css selector","value":"#shell-header-logo"}
COMMAND: GET /session/d2ee73163e71edf45acf38a1abb82030/screenshot - {}
RESULT: {"using":"css selector","value":"#shell-header-logo"}
COMMAND: POST /session/d2ee73163e71edf45acf38a1abb82030/element/f.39032AFF0B9C80A7D793EE88796AE887.d.AEDBB564A062EBF700BF7BD20ADA7C0C.e.6850/click - {}
RESULT: {}
RESULT: {}
COMMAND: GET /session/d2ee73163e71edf45acf38a1abb82030/screenshot - {}
RESULT: {}
COMMAND: POST /session/d2ee73163e71edf45acf38a1abb82030/execute/sync - {"script":"<script> [299 bytes]","args":[["getModel","getResource"]]}
RESULT: {"script":"<script> [299 bytes]","args":[["getModel","getResource"]]}
COMMAND: GET /session/d2ee73163e71edf45acf38a1abb82030/screenshot - {}
]]></system-out>
    </testcase>
    <testcase classname="chrome.136_0_7103_93.windows.Create_master_data_for_mixed_billing_&amp;_do_billing_calculation_US151661" name="Should create a new site" time="90.122">
      <system-out><![CDATA[
COMMAND: POST /session/d2ee73163e71edf45acf38a1abb82030/execute/async - {"script":"<script> [1562 bytes]","args":[{"selector":{"controlType":"sap.m.GenericTile","properties":{"header":"Manage Sites"}},"wdio_ui5_key":"sapm.GenericTile{\"header\":\"Manage Sites\"}"}]}
RESULT: {}
RESULT: {"script":"<script> [1562 bytes]","args":[{"selector":{"controlType":"sap.m.GenericTile","properties":{"header":"Manage Sites"}},"wdio_ui5_key":"sapm.GenericTile{\"header\":\"Manage Sites\"}"}]}
RESULT: undefined
COMMAND: POST /session/d2ee73163e71edf45acf38a1abb82030/element - {"using":"xpath","value":"//*[@id=\"__tile40\"]"}
RESULT: {"using":"xpath","value":"//*[@id=\"__tile40\"]"}
COMMAND: POST /session/d2ee73163e71edf45acf38a1abb82030/element/f.39032AFF0B9C80A7D793EE88796AE887.d.AEDBB564A062EBF700BF7BD20ADA7C0C.e.5982/click - {}
RESULT: {}
COMMAND: GET /session/d2ee73163e71edf45acf38a1abb82030/screenshot - {}
RESULT: {}
COMMAND: POST /session/d2ee73163e71edf45acf38a1abb82030/elements - {"using":"xpath","value":"//span[text()='Error']"}
RESULT: {"using":"xpath","value":"//span[text()='Error']"}
COMMAND: POST /session/d2ee73163e71edf45acf38a1abb82030/element - {"using":"xpath","value":"//button[@data-kt=\"addOverflowToolbarButton\"]"}
RESULT: {"using":"xpath","value":"//button[@data-kt=\"addOverflowToolbarButton\"]"}
COMMAND: POST /session/d2ee73163e71edf45acf38a1abb82030/elements - {"using":"xpath","value":"//button[@data-kt=\"addOverflowToolbarButton\"]"}
RESULT: {"using":"xpath","value":"//button[@data-kt=\"addOverflowToolbarButton\"]"}
COMMAND: POST /session/d2ee73163e71edf45acf38a1abb82030/execute/sync - {"script":"<script> [8489 bytes]","args":[{"element-6066-11e4-a52e-4f735466cecf":"f.39032AFF0B9C80A7D793EE88796AE887.d.AEDBB564A062EBF700BF7BD20ADA7C0C.e.7680","ELEMENT":"f.39032AFF0B9C80A7D793EE88796AE887.d.AEDBB564A062EBF700BF7BD20ADA7C0C.e.7680"}]}
RESULT: {"script":"<script> [8489 bytes]","args":[{"element-6066-11e4-a52e-4f735466cecf":"f.39032AFF0B9C80A7D793EE88796AE887.d.AEDBB564A062EBF700BF7BD20ADA7C0C.e.7680","ELEMENT":"f.39032AFF0B9C80A7D793EE88796AE887.d.AEDBB564A062EBF700BF7BD20ADA7C0C.e.7680"}]}
COMMAND: GET /session/d2ee73163e71edf45acf38a1abb82030/element/f.39032AFF0B9C80A7D793EE88796AE887.d.AEDBB564A062EBF700BF7BD20ADA7C0C.e.7680/enabled - {}
COMMAND: GET /session/d2ee73163e71edf45acf38a1abb82030/screenshot - {}
RESULT: {}
COMMAND: POST /session/d2ee73163e71edf45acf38a1abb82030/execute/sync - {"script":"<script> [8489 bytes]","args":[{"element-6066-11e4-a52e-4f735466cecf":"f.39032AFF0B9C80A7D793EE88796AE887.d.AEDBB564A062EBF700BF7BD20ADA7C0C.e.7680","ELEMENT":"f.39032AFF0B9C80A7D793EE88796AE887.d.AEDBB564A062EBF700BF7BD20ADA7C0C.e.7680"}]}
COMMAND: GET /session/d2ee73163e71edf45acf38a1abb82030/screenshot - {}
RESULT: {}
RESULT: {"script":"<script> [8489 bytes]","args":[{"element-6066-11e4-a52e-4f735466cecf":"f.39032AFF0B9C80A7D793EE88796AE887.d.AEDBB564A062EBF700BF7BD20ADA7C0C.e.7680","ELEMENT":"f.39032AFF0B9C80A7D793EE88796AE887.d.AEDBB564A062EBF700BF7BD20ADA7C0C.e.7680"}]}
COMMAND: POST /session/d2ee73163e71edf45acf38a1abb82030/execute/sync - {"script":"<script> [5351 bytes]","args":[{"element-6066-11e4-a52e-4f735466cecf":"f.39032AFF0B9C80A7D793EE88796AE887.d.AEDBB564A062EBF700BF7BD20ADA7C0C.e.7680","ELEMENT":"f.39032AFF0B9C80A7D793EE88796AE887.d.AEDBB564A062EBF700BF7BD20ADA7C0C.e.7680"}]}
COMMAND: GET /session/d2ee73163e71edf45acf38a1abb82030/screenshot - {}
RESULT: {}
RESULT: {"script":"<script> [5351 bytes]","args":[{"element-6066-11e4-a52e-4f735466cecf":"f.39032AFF0B9C80A7D793EE88796AE887.d.AEDBB564A062EBF700BF7BD20ADA7C0C.e.7680","ELEMENT":"f.39032AFF0B9C80A7D793EE88796AE887.d.AEDBB564A062EBF700BF7BD20ADA7C0C.e.7680"}]}
COMMAND: POST /session/d2ee73163e71edf45acf38a1abb82030/element/f.39032AFF0B9C80A7D793EE88796AE887.d.AEDBB564A062EBF700BF7BD20ADA7C0C.e.7680/click - {}
COMMAND: GET /session/d2ee73163e71edf45acf38a1abb82030/screenshot - {}
RESULT: {}
RESULT: {}
COMMAND: GET /session/d2ee73163e71edf45acf38a1abb82030/screenshot - {}
RESULT: {}
RESULT: {}
COMMAND: POST /session/d2ee73163e71edf45acf38a1abb82030/element - {"using":"xpath","value":"//input[@id=\"application-managesites-display-component---NewSite--siteId-inner\"]"}
RESULT: {"using":"xpath","value":"//input[@id=\"application-managesites-display-component---NewSite--siteId-inner\"]"}
COMMAND: POST /session/d2ee73163e71edf45acf38a1abb82030/element - {"using":"xpath","value":"//input[@id=\"application-managesites-display-component---NewSite--siteId-inner\"]"}
RESULT: {"using":"xpath","value":"//input[@id=\"application-managesites-display-component---NewSite--siteId-inner\"]"}
COMMAND: POST /session/d2ee73163e71edf45acf38a1abb82030/execute/async - {"script":"<script> [1562 bytes]","args":[{"selector":{"id":"application-managesites-display-component---NewSite--addressDetailDetailsName1","interaction":{"idSuffix":"inner"}},"wdio_ui5_key":"applicationmanagesites-display-component---NewSite--addressDetailDetailsName1"}]}
RESULT: {"script":"<script> [1562 bytes]","args":[{"selector":{"id":"application-managesites-display-component---NewSite--addressDetailDetailsName1","interaction":{"idSuffix":"inner"}},"wdio_ui5_key":"applicationmanagesites-display-component---NewSite--addressDetailDetailsName1"}]}
RESULT: undefined
COMMAND: POST /session/d2ee73163e71edf45acf38a1abb82030/execute/async - {"script":"<script> [776 bytes]","args":[{"enterText":"Intercompany Site wdIO","selector":{"id":"application-managesites-display-component---NewSite--addressDetailDetailsName1","interaction":{"idSuffix":"inner"}},"clearTextFirst":true,"interactionType":"ENTER_TEXT"}]}
RESULT: {"script":"<script> [776 bytes]","args":[{"enterText":"Intercompany Site wdIO","selector":{"id":"application-managesites-display-component---NewSite--addressDetailDetailsName1","interaction":{"idSuffix":"inner"}},"clearTextFirst":true,"interactionType":"ENTER_TEXT"}]}
COMMAND: POST /session/d2ee73163e71edf45acf38a1abb82030/execute/async - {"script":"<script> [1562 bytes]","args":[{"selector":{"id":"application-managesites-display-component---NewSite--addressDetailDetailsLanguage-arrow"},"wdio_ui5_key":"applicationmanagesites-display-component---NewSite--addressDetailDetailsLanguage-arrow"}]}
RESULT: {"script":"<script> [1562 bytes]","args":[{"selector":{"id":"application-managesites-display-component---NewSite--addressDetailDetailsLanguage-arrow"},"wdio_ui5_key":"applicationmanagesites-display-component---NewSite--addressDetailDetailsLanguage-arrow"}]}
RESULT: undefined
COMMAND: POST /session/d2ee73163e71edf45acf38a1abb82030/element - {"using":"xpath","value":"//*[@id=\"application-managesites-display-component---NewSite--addressDetailDetailsLanguage-arrow\"]"}
RESULT: {"using":"xpath","value":"//*[@id=\"application-managesites-display-component---NewSite--addressDetailDetailsLanguage-arrow\"]"}
COMMAND: POST /session/d2ee73163e71edf45acf38a1abb82030/element/f.39032AFF0B9C80A7D793EE88796AE887.d.AEDBB564A062EBF700BF7BD20ADA7C0C.e.8075/click - {}
RESULT: {}
COMMAND: POST /session/d2ee73163e71edf45acf38a1abb82030/element - {"using":"xpath","value":"//span[contains(text(), \"English\")]"}
COMMAND: GET /session/d2ee73163e71edf45acf38a1abb82030/screenshot - {}
RESULT: {"using":"xpath","value":"//span[contains(text(), \"English\")]"}
COMMAND: POST /session/d2ee73163e71edf45acf38a1abb82030/element/f.39032AFF0B9C80A7D793EE88796AE887.d.AEDBB564A062EBF700BF7BD20ADA7C0C.e.8076/click - {}
RESULT: {}
RESULT: {}
COMMAND: POST /session/d2ee73163e71edf45acf38a1abb82030/execute/async - {"script":"<script> [1562 bytes]","args":[{"selector":{"id":"application-managesites-display-component---NewSite--addressDetailDetailsCity1","interaction":{"idSuffix":"inner"}},"wdio_ui5_key":"applicationmanagesites-display-component---NewSite--addressDetailDetailsCity1"}]}
COMMAND: GET /session/d2ee73163e71edf45acf38a1abb82030/screenshot - {}
RESULT: {"script":"<script> [1562 bytes]","args":[{"selector":{"id":"application-managesites-display-component---NewSite--addressDetailDetailsCity1","interaction":{"idSuffix":"inner"}},"wdio_ui5_key":"applicationmanagesites-display-component---NewSite--addressDetailDetailsCity1"}]}
RESULT: undefined
COMMAND: POST /session/d2ee73163e71edf45acf38a1abb82030/execute/async - {"script":"<script> [776 bytes]","args":[{"enterText":"Rosario","selector":{"id":"application-managesites-display-component---NewSite--addressDetailDetailsCity1","interaction":{"idSuffix":"inner"}},"clearTextFirst":true,"interactionType":"ENTER_TEXT"}]}
RESULT: {}
RESULT: {"script":"<script> [776 bytes]","args":[{"enterText":"Rosario","selector":{"id":"application-managesites-display-component---NewSite--addressDetailDetailsCity1","interaction":{"idSuffix":"inner"}},"clearTextFirst":true,"interactionType":"ENTER_TEXT"}]}
COMMAND: POST /session/d2ee73163e71edf45acf38a1abb82030/execute/async - {"script":"<script> [1562 bytes]","args":[{"selector":{"id":"application-managesites-display-component---NewSite--addressDetailDetailsCountry-arrow"},"wdio_ui5_key":"applicationmanagesites-display-component---NewSite--addressDetailDetailsCountry-arrow"}]}
RESULT: {"script":"<script> [1562 bytes]","args":[{"selector":{"id":"application-managesites-display-component---NewSite--addressDetailDetailsCountry-arrow"},"wdio_ui5_key":"applicationmanagesites-display-component---NewSite--addressDetailDetailsCountry-arrow"}]}
RESULT: undefined
COMMAND: POST /session/d2ee73163e71edf45acf38a1abb82030/element - {"using":"xpath","value":"//*[@id=\"application-managesites-display-component---NewSite--addressDetailDetailsCountry-arrow\"]"}
RESULT: {"using":"xpath","value":"//*[@id=\"application-managesites-display-component---NewSite--addressDetailDetailsCountry-arrow\"]"}
COMMAND: POST /session/d2ee73163e71edf45acf38a1abb82030/element/f.39032AFF0B9C80A7D793EE88796AE887.d.AEDBB564A062EBF700BF7BD20ADA7C0C.e.8078/click - {}
RESULT: {}
COMMAND: POST /session/d2ee73163e71edf45acf38a1abb82030/element - {"using":"xpath","value":"//span[contains(text(), \"Argentina\")]"}
COMMAND: GET /session/d2ee73163e71edf45acf38a1abb82030/screenshot - {}
RESULT: {"using":"xpath","value":"//span[contains(text(), \"Argentina\")]"}
COMMAND: POST /session/d2ee73163e71edf45acf38a1abb82030/element/f.39032AFF0B9C80A7D793EE88796AE887.d.AEDBB564A062EBF700BF7BD20ADA7C0C.e.8079/click - {}
RESULT: {}
RESULT: {}
COMMAND: GET /session/d2ee73163e71edf45acf38a1abb82030/screenshot - {}
RESULT: {}
COMMAND: POST /session/d2ee73163e71edf45acf38a1abb82030/execute/async - {"script":"<script> [1562 bytes]","args":[{"selector":{"id":"application-managesites-display-component---NewSite--addressEditDetailsCostObjectCstType-arrow"},"wdio_ui5_key":"applicationmanagesites-display-component---NewSite--addressEditDetailsCostObjectCstType-arrow"}]}
RESULT: {"script":"<script> [1562 bytes]","args":[{"selector":{"id":"application-managesites-display-component---NewSite--addressEditDetailsCostObjectCstType-arrow"},"wdio_ui5_key":"applicationmanagesites-display-component---NewSite--addressEditDetailsCostObjectCstType-arrow"}]}
RESULT: undefined
COMMAND: POST /session/d2ee73163e71edf45acf38a1abb82030/element - {"using":"xpath","value":"//*[@id=\"application-managesites-display-component---NewSite--addressEditDetailsCostObjectCstType-arrow\"]"}
RESULT: {"using":"xpath","value":"//*[@id=\"application-managesites-display-component---NewSite--addressEditDetailsCostObjectCstType-arrow\"]"}
COMMAND: POST /session/d2ee73163e71edf45acf38a1abb82030/element/f.39032AFF0B9C80A7D793EE88796AE887.d.AEDBB564A062EBF700BF7BD20ADA7C0C.e.8081/click - {}
RESULT: {}
COMMAND: POST /session/d2ee73163e71edf45acf38a1abb82030/element - {"using":"xpath","value":"//span[contains(text(), \"Cost Center\")]"}
COMMAND: GET /session/d2ee73163e71edf45acf38a1abb82030/screenshot - {}
RESULT: {"using":"xpath","value":"//span[contains(text(), \"Cost Center\")]"}
COMMAND: POST /session/d2ee73163e71edf45acf38a1abb82030/element/f.39032AFF0B9C80A7D793EE88796AE887.d.AEDBB564A062EBF700BF7BD20ADA7C0C.e.8082/click - {}
RESULT: {}
RESULT: {}
COMMAND: GET /session/d2ee73163e71edf45acf38a1abb82030/screenshot - {}
RESULT: {}
COMMAND: POST /session/d2ee73163e71edf45acf38a1abb82030/element - {"using":"xpath","value":"//span[@id=\"application-managesites-display-component---NewSite--addressNewCostObjectCstID-vhi\"]"}
RESULT: {"using":"xpath","value":"//span[@id=\"application-managesites-display-component---NewSite--addressNewCostObjectCstID-vhi\"]"}
COMMAND: POST /session/d2ee73163e71edf45acf38a1abb82030/execute/sync - {"script":"<script> [8489 bytes]","args":[{"element-6066-11e4-a52e-4f735466cecf":"f.39032AFF0B9C80A7D793EE88796AE887.d.AEDBB564A062EBF700BF7BD20ADA7C0C.e.8086","ELEMENT":"f.39032AFF0B9C80A7D793EE88796AE887.d.AEDBB564A062EBF700BF7BD20ADA7C0C.e.8086"}]}
RESULT: {"script":"<script> [8489 bytes]","args":[{"element-6066-11e4-a52e-4f735466cecf":"f.39032AFF0B9C80A7D793EE88796AE887.d.AEDBB564A062EBF700BF7BD20ADA7C0C.e.8086","ELEMENT":"f.39032AFF0B9C80A7D793EE88796AE887.d.AEDBB564A062EBF700BF7BD20ADA7C0C.e.8086"}]}
COMMAND: POST /session/d2ee73163e71edf45acf38a1abb82030/execute/async - {"script":"<script> [1562 bytes]","args":[{"selector":{"id":"application-managesites-display-component---NewSite--addressNewCostObjectCstID-vhi"},"wdio_ui5_key":"applicationmanagesites-display-component---NewSite--addressNewCostObjectCstID-vhi"}]}
COMMAND: GET /session/d2ee73163e71edf45acf38a1abb82030/screenshot - {}
RESULT: {"script":"<script> [1562 bytes]","args":[{"selector":{"id":"application-managesites-display-component---NewSite--addressNewCostObjectCstID-vhi"},"wdio_ui5_key":"applicationmanagesites-display-component---NewSite--addressNewCostObjectCstID-vhi"}]}
RESULT: undefined
COMMAND: POST /session/d2ee73163e71edf45acf38a1abb82030/element - {"using":"xpath","value":"//*[@id=\"application-managesites-display-component---NewSite--addressNewCostObjectCstID-vhi\"]"}
RESULT: {}
RESULT: {"using":"xpath","value":"//*[@id=\"application-managesites-display-component---NewSite--addressNewCostObjectCstID-vhi\"]"}
COMMAND: POST /session/d2ee73163e71edf45acf38a1abb82030/element/f.39032AFF0B9C80A7D793EE88796AE887.d.AEDBB564A062EBF700BF7BD20ADA7C0C.e.8086/click - {}
RESULT: {}
COMMAND: GET /session/d2ee73163e71edf45acf38a1abb82030/screenshot - {}
RESULT: {}
RESULT: undefined
COMMAND: POST /session/d2ee73163e71edf45acf38a1abb82030/execute/async - {"script":"<script> [776 bytes]","args":[{"enterText":"10001013","selector":{"controlType":"sap.m.SearchField","properties":{"placeholder":"Search"},"searchOpenDialogs":true,"interaction":{"idSuffix":"I"}},"clearTextFirst":true,"interactionType":"ENTER_TEXT"}]}
RESULT: {"script":"<script> [776 bytes]","args":[{"enterText":"10001013","selector":{"controlType":"sap.m.SearchField","properties":{"placeholder":"Search"},"searchOpenDialogs":true,"interaction":{"idSuffix":"I"}},"clearTextFirst":true,"interactionType":"ENTER_TEXT"}]}
COMMAND: POST /session/d2ee73163e71edf45acf38a1abb82030/actions - {"actions":[{"id":"action26","type":"key","parameters":{},"actions":[{"type":"keyDown","value":"î€‡"},{"type":"pause","duration":10},{"type":"keyUp","value":"î€‡"}]}]}
RESULT: {"actions":[{"id":"action26","type":"key","parameters":{},"actions":[{"type":"keyDown","value":"î€‡"},{"type":"pause","duration":10},{"type":"keyUp","value":"î€‡"}]}]}
COMMAND: GET /session/d2ee73163e71edf45acf38a1abb82030/screenshot - {}
RESULT: {}
COMMAND: POST /session/d2ee73163e71edf45acf38a1abb82030/element - {"using":"xpath","value":"//span[contains(text(), \"General Management\")]"}
RESULT: {"using":"xpath","value":"//span[contains(text(), \"General Management\")]"}
COMMAND: POST /session/d2ee73163e71edf45acf38a1abb82030/element/f.39032AFF0B9C80A7D793EE88796AE887.d.AEDBB564A062EBF700BF7BD20ADA7C0C.e.8125/click - {}
RESULT: {}
COMMAND: GET /session/d2ee73163e71edf45acf38a1abb82030/screenshot - {}
RESULT: {}
COMMAND: POST /session/d2ee73163e71edf45acf38a1abb82030/element - {"using":"xpath","value":"//bdi[contains(text(), \"OK\")]"}
RESULT: {"using":"xpath","value":"//bdi[contains(text(), \"OK\")]"}
COMMAND: POST /session/d2ee73163e71edf45acf38a1abb82030/element/f.39032AFF0B9C80A7D793EE88796AE887.d.AEDBB564A062EBF700BF7BD20ADA7C0C.e.8126/click - {}
RESULT: {}
COMMAND: GET /session/d2ee73163e71edf45acf38a1abb82030/screenshot - {}
RESULT: {}
COMMAND: POST /session/d2ee73163e71edf45acf38a1abb82030/element - {"using":"xpath","value":"//input[@id=\"application-managesites-display-component---NewSite--addressDetailDetailsCalendar-inner\"]"}
RESULT: {"using":"xpath","value":"//input[@id=\"application-managesites-display-component---NewSite--addressDetailDetailsCalendar-inner\"]"}
COMMAND: POST /session/d2ee73163e71edf45acf38a1abb82030/element/f.39032AFF0B9C80A7D793EE88796AE887.d.AEDBB564A062EBF700BF7BD20ADA7C0C.e.7885/clear - {}
RESULT: {}
COMMAND: POST /session/d2ee73163e71edf45acf38a1abb82030/element/f.39032AFF0B9C80A7D793EE88796AE887.d.AEDBB564A062EBF700BF7BD20ADA7C0C.e.7885/value - {"text":"Unit"}
COMMAND: GET /session/d2ee73163e71edf45acf38a1abb82030/screenshot - {}
RESULT: {"text":"Unit"}
COMMAND: GET /session/d2ee73163e71edf45acf38a1abb82030/screenshot - {}
RESULT: {}
RESULT: {}
COMMAND: POST /session/d2ee73163e71edf45acf38a1abb82030/actions - {"actions":[{"id":"action27","type":"key","parameters":{},"actions":[{"type":"keyDown","value":"î€‡"},{"type":"pause","duration":10},{"type":"keyUp","value":"î€‡"}]}]}
RESULT: {"actions":[{"id":"action27","type":"key","parameters":{},"actions":[{"type":"keyDown","value":"î€‡"},{"type":"pause","duration":10},{"type":"keyUp","value":"î€‡"}]}]}
COMMAND: POST /session/d2ee73163e71edf45acf38a1abb82030/element - {"using":"xpath","value":"//input[@id=\"application-managesites-display-component---NewSite--addressDetailDetailsYard-inner\"]"}
COMMAND: GET /session/d2ee73163e71edf45acf38a1abb82030/screenshot - {}
RESULT: {"using":"xpath","value":"//input[@id=\"application-managesites-display-component---NewSite--addressDetailDetailsYard-inner\"]"}
COMMAND: POST /session/d2ee73163e71edf45acf38a1abb82030/element/f.39032AFF0B9C80A7D793EE88796AE887.d.AEDBB564A062EBF700BF7BD20ADA7C0C.e.7886/clear - {}
RESULT: {}
RESULT: {}
COMMAND: POST /session/d2ee73163e71edf45acf38a1abb82030/element/f.39032AFF0B9C80A7D793EE88796AE887.d.AEDBB564A062EBF700BF7BD20ADA7C0C.e.7886/value - {"text":"479"}
COMMAND: GET /session/d2ee73163e71edf45acf38a1abb82030/screenshot - {}
RESULT: {"text":"479"}
COMMAND: GET /session/d2ee73163e71edf45acf38a1abb82030/screenshot - {}
RESULT: {}
RESULT: {}
COMMAND: POST /session/d2ee73163e71edf45acf38a1abb82030/element - {"using":"xpath","value":"//li[.//span[text()='479']]"}
RESULT: {"using":"xpath","value":"//li[.//span[text()='479']]"}
COMMAND: POST /session/d2ee73163e71edf45acf38a1abb82030/element/f.39032AFF0B9C80A7D793EE88796AE887.d.AEDBB564A062EBF700BF7BD20ADA7C0C.e.8134/click - {}
RESULT: {}
COMMAND: GET /session/d2ee73163e71edf45acf38a1abb82030/screenshot - {}
RESULT: {}
COMMAND: POST /session/d2ee73163e71edf45acf38a1abb82030/element - {"using":"xpath","value":"//input[@id=\"application-managesites-display-component---NewSite--addressDetailDetailsPartner-inner\"]"}
RESULT: {"using":"xpath","value":"//input[@id=\"application-managesites-display-component---NewSite--addressDetailDetailsPartner-inner\"]"}
COMMAND: POST /session/d2ee73163e71edf45acf38a1abb82030/element - {"using":"xpath","value":"//input[@id=\"application-managesites-display-component---NewSite--addressDetailDetailsPartner-inner\"]"}
RESULT: {"using":"xpath","value":"//input[@id=\"application-managesites-display-component---NewSite--addressDetailDetailsPartner-inner\"]"}
COMMAND: POST /session/d2ee73163e71edf45acf38a1abb82030/element - {"using":"xpath","value":"//button[@data-kt=\"saveButton\"]"}
RESULT: {"using":"xpath","value":"//button[@data-kt=\"saveButton\"]"}
COMMAND: POST /session/d2ee73163e71edf45acf38a1abb82030/element/f.39032AFF0B9C80A7D793EE88796AE887.d.AEDBB564A062EBF700BF7BD20ADA7C0C.e.8020/click - {}
RESULT: {}
COMMAND: GET /session/d2ee73163e71edf45acf38a1abb82030/screenshot - {}
RESULT: {}
RESULT: undefined
RESULT: undefined
COMMAND: POST /session/d2ee73163e71edf45acf38a1abb82030/element - {"using":"xpath","value":"//header[contains(@id, 'ObjectPageLayout-headerTitle')]/div[1]/div[2]/div[2]/span[1]"}
RESULT: {"using":"xpath","value":"//header[contains(@id, 'ObjectPageLayout-headerTitle')]/div[1]/div[2]/div[2]/span[1]"}
COMMAND: POST /session/d2ee73163e71edf45acf38a1abb82030/elements - {"using":"xpath","value":"//header[contains(@id, 'ObjectPageLayout-headerTitle')]/div[1]/div[2]/div[2]/span[1]"}
RESULT: {"using":"xpath","value":"//header[contains(@id, 'ObjectPageLayout-headerTitle')]/div[1]/div[2]/div[2]/span[1]"}
COMMAND: POST /session/d2ee73163e71edf45acf38a1abb82030/execute/sync - {"script":"<script> [56 bytes]","args":[{"element-6066-11e4-a52e-4f735466cecf":"f.39032AFF0B9C80A7D793EE88796AE887.d.AEDBB564A062EBF700BF7BD20ADA7C0C.e.8338","ELEMENT":"f.39032AFF0B9C80A7D793EE88796AE887.d.AEDBB564A062EBF700BF7BD20ADA7C0C.e.8338"}]}
RESULT: {"script":"<script> [56 bytes]","args":[{"element-6066-11e4-a52e-4f735466cecf":"f.39032AFF0B9C80A7D793EE88796AE887.d.AEDBB564A062EBF700BF7BD20ADA7C0C.e.8338","ELEMENT":"f.39032AFF0B9C80A7D793EE88796AE887.d.AEDBB564A062EBF700BF7BD20ADA7C0C.e.8338"}]}
COMMAND: POST /session/d2ee73163e71edf45acf38a1abb82030/element - {"using":"css selector","value":"#shell-header-logo"}
COMMAND: GET /session/d2ee73163e71edf45acf38a1abb82030/screenshot - {}
RESULT: {"using":"css selector","value":"#shell-header-logo"}
COMMAND: POST /session/d2ee73163e71edf45acf38a1abb82030/element/f.39032AFF0B9C80A7D793EE88796AE887.d.AEDBB564A062EBF700BF7BD20ADA7C0C.e.7638/click - {}
RESULT: {}
RESULT: {}
COMMAND: GET /session/d2ee73163e71edf45acf38a1abb82030/screenshot - {}
RESULT: {}
COMMAND: POST /session/d2ee73163e71edf45acf38a1abb82030/execute/sync - {"script":"<script> [299 bytes]","args":[["getModel","getResource"]]}
RESULT: {"script":"<script> [299 bytes]","args":[["getModel","getResource"]]}
]]></system-out>
    </testcase>
    <testcase classname="chrome.136_0_7103_93.windows.Create_master_data_for_mixed_billing_&amp;_do_billing_calculation_US151661" name="Should create a new equipment and add a counter to it" time="151.901">
      <system-out><![CDATA[
COMMAND: POST /session/d2ee73163e71edf45acf38a1abb82030/execute/async - {"script":"<script> [1562 bytes]","args":[{"selector":{"controlType":"sap.m.GenericTile","properties":{"header":"Manage Resources"}},"wdio_ui5_key":"sapm.GenericTile{\"header\":\"Manage Resources\"}"}]}
COMMAND: GET /session/d2ee73163e71edf45acf38a1abb82030/screenshot - {}
RESULT: {"script":"<script> [1562 bytes]","args":[{"selector":{"controlType":"sap.m.GenericTile","properties":{"header":"Manage Resources"}},"wdio_ui5_key":"sapm.GenericTile{\"header\":\"Manage Resources\"}"}]}
RESULT: undefined
COMMAND: POST /session/d2ee73163e71edf45acf38a1abb82030/element - {"using":"xpath","value":"//*[@id=\"__tile39\"]"}
RESULT: {}
RESULT: {"using":"xpath","value":"//*[@id=\"__tile39\"]"}
COMMAND: POST /session/d2ee73163e71edf45acf38a1abb82030/element/f.39032AFF0B9C80A7D793EE88796AE887.d.AEDBB564A062EBF700BF7BD20ADA7C0C.e.5979/click - {}
RESULT: {}
COMMAND: GET /session/d2ee73163e71edf45acf38a1abb82030/screenshot - {}
RESULT: {}
COMMAND: POST /session/d2ee73163e71edf45acf38a1abb82030/elements - {"using":"xpath","value":"//span[text()='Error']"}
RESULT: {"using":"xpath","value":"//span[text()='Error']"}
COMMAND: POST /session/d2ee73163e71edf45acf38a1abb82030/element - {"using":"xpath","value":"//button[@data-kt=\"addNewRUOverflowToolbarButton\"]"}
RESULT: {"using":"xpath","value":"//button[@data-kt=\"addNewRUOverflowToolbarButton\"]"}
COMMAND: POST /session/d2ee73163e71edf45acf38a1abb82030/elements - {"using":"xpath","value":"//button[@data-kt=\"addNewRUOverflowToolbarButton\"]"}
RESULT: {"using":"xpath","value":"//button[@data-kt=\"addNewRUOverflowToolbarButton\"]"}
COMMAND: POST /session/d2ee73163e71edf45acf38a1abb82030/execute/sync - {"script":"<script> [8489 bytes]","args":[{"element-6066-11e4-a52e-4f735466cecf":"f.39032AFF0B9C80A7D793EE88796AE887.d.AEDBB564A062EBF700BF7BD20ADA7C0C.e.8382","ELEMENT":"f.39032AFF0B9C80A7D793EE88796AE887.d.AEDBB564A062EBF700BF7BD20ADA7C0C.e.8382"}]}
RESULT: {"script":"<script> [8489 bytes]","args":[{"element-6066-11e4-a52e-4f735466cecf":"f.39032AFF0B9C80A7D793EE88796AE887.d.AEDBB564A062EBF700BF7BD20ADA7C0C.e.8382","ELEMENT":"f.39032AFF0B9C80A7D793EE88796AE887.d.AEDBB564A062EBF700BF7BD20ADA7C0C.e.8382"}]}
COMMAND: GET /session/d2ee73163e71edf45acf38a1abb82030/element/f.39032AFF0B9C80A7D793EE88796AE887.d.AEDBB564A062EBF700BF7BD20ADA7C0C.e.8382/enabled - {}
COMMAND: GET /session/d2ee73163e71edf45acf38a1abb82030/screenshot - {}
RESULT: {}
COMMAND: POST /session/d2ee73163e71edf45acf38a1abb82030/execute/sync - {"script":"<script> [8489 bytes]","args":[{"element-6066-11e4-a52e-4f735466cecf":"f.39032AFF0B9C80A7D793EE88796AE887.d.AEDBB564A062EBF700BF7BD20ADA7C0C.e.8382","ELEMENT":"f.39032AFF0B9C80A7D793EE88796AE887.d.AEDBB564A062EBF700BF7BD20ADA7C0C.e.8382"}]}
COMMAND: GET /session/d2ee73163e71edf45acf38a1abb82030/screenshot - {}
RESULT: {}
RESULT: {"script":"<script> [8489 bytes]","args":[{"element-6066-11e4-a52e-4f735466cecf":"f.39032AFF0B9C80A7D793EE88796AE887.d.AEDBB564A062EBF700BF7BD20ADA7C0C.e.8382","ELEMENT":"f.39032AFF0B9C80A7D793EE88796AE887.d.AEDBB564A062EBF700BF7BD20ADA7C0C.e.8382"}]}
COMMAND: POST /session/d2ee73163e71edf45acf38a1abb82030/execute/sync - {"script":"<script> [5351 bytes]","args":[{"element-6066-11e4-a52e-4f735466cecf":"f.39032AFF0B9C80A7D793EE88796AE887.d.AEDBB564A062EBF700BF7BD20ADA7C0C.e.8382","ELEMENT":"f.39032AFF0B9C80A7D793EE88796AE887.d.AEDBB564A062EBF700BF7BD20ADA7C0C.e.8382"}]}
COMMAND: GET /session/d2ee73163e71edf45acf38a1abb82030/screenshot - {}
RESULT: {}
RESULT: {"script":"<script> [5351 bytes]","args":[{"element-6066-11e4-a52e-4f735466cecf":"f.39032AFF0B9C80A7D793EE88796AE887.d.AEDBB564A062EBF700BF7BD20ADA7C0C.e.8382","ELEMENT":"f.39032AFF0B9C80A7D793EE88796AE887.d.AEDBB564A062EBF700BF7BD20ADA7C0C.e.8382"}]}
COMMAND: POST /session/d2ee73163e71edf45acf38a1abb82030/element/f.39032AFF0B9C80A7D793EE88796AE887.d.AEDBB564A062EBF700BF7BD20ADA7C0C.e.8382/click - {}
COMMAND: GET /session/d2ee73163e71edf45acf38a1abb82030/screenshot - {}
RESULT: {}
RESULT: {}
COMMAND: GET /session/d2ee73163e71edf45acf38a1abb82030/screenshot - {}
RESULT: {}
COMMAND: POST /session/d2ee73163e71edf45acf38a1abb82030/execute/async - {"script":"<script> [1562 bytes]","args":[{"selector":{"id":"application-manageresources-display-component---newResourceUnit--TYPE-arrow"},"wdio_ui5_key":"applicationmanageresources-display-component---newResourceUnit--TYPE-arrow"}]}
RESULT: {}
RESULT: {"script":"<script> [1562 bytes]","args":[{"selector":{"id":"application-manageresources-display-component---newResourceUnit--TYPE-arrow"},"wdio_ui5_key":"applicationmanageresources-display-component---newResourceUnit--TYPE-arrow"}]}
RESULT: undefined
COMMAND: POST /session/d2ee73163e71edf45acf38a1abb82030/element - {"using":"xpath","value":"//*[@id=\"application-manageresources-display-component---newResourceUnit--TYPE-arrow\"]"}
RESULT: {"using":"xpath","value":"//*[@id=\"application-manageresources-display-component---newResourceUnit--TYPE-arrow\"]"}
COMMAND: POST /session/d2ee73163e71edf45acf38a1abb82030/element/f.39032AFF0B9C80A7D793EE88796AE887.d.AEDBB564A062EBF700BF7BD20ADA7C0C.e.8738/click - {}
RESULT: {}
COMMAND: POST /session/d2ee73163e71edf45acf38a1abb82030/element - {"using":"xpath","value":"//input[@id=\"application-manageresources-display-component---newResourceUnit--TYPE-inner\"]"}
COMMAND: GET /session/d2ee73163e71edf45acf38a1abb82030/screenshot - {}
RESULT: {"using":"xpath","value":"//input[@id=\"application-manageresources-display-component---newResourceUnit--TYPE-inner\"]"}
COMMAND: POST /session/d2ee73163e71edf45acf38a1abb82030/element/f.39032AFF0B9C80A7D793EE88796AE887.d.AEDBB564A062EBF700BF7BD20ADA7C0C.e.8719/clear - {}
RESULT: {}
RESULT: {}
COMMAND: POST /session/d2ee73163e71edf45acf38a1abb82030/element/f.39032AFF0B9C80A7D793EE88796AE887.d.AEDBB564A062EBF700BF7BD20ADA7C0C.e.8719/value - {"text":"Equipment"}
COMMAND: GET /session/d2ee73163e71edf45acf38a1abb82030/screenshot - {}
RESULT: {"text":"Equipment"}
COMMAND: GET /session/d2ee73163e71edf45acf38a1abb82030/screenshot - {}
RESULT: {}
RESULT: {}
COMMAND: POST /session/d2ee73163e71edf45acf38a1abb82030/actions - {"actions":[{"id":"action28","type":"key","parameters":{},"actions":[{"type":"keyDown","value":"î€‡"},{"type":"pause","duration":10},{"type":"keyUp","value":"î€‡"}]}]}
RESULT: {"actions":[{"id":"action28","type":"key","parameters":{},"actions":[{"type":"keyDown","value":"î€‡"},{"type":"pause","duration":10},{"type":"keyUp","value":"î€‡"}]}]}
COMMAND: POST /session/d2ee73163e71edf45acf38a1abb82030/execute/async - {"script":"<script> [1562 bytes]","args":[{"selector":{"id":"application-manageresources-display-component---newResourceUnit--resourceId","interaction":{"idSuffix":"inner"}},"wdio_ui5_key":"applicationmanageresources-display-component---newResourceUnit--resourceId"}]}
COMMAND: GET /session/d2ee73163e71edf45acf38a1abb82030/screenshot - {}
RESULT: {"script":"<script> [1562 bytes]","args":[{"selector":{"id":"application-manageresources-display-component---newResourceUnit--resourceId","interaction":{"idSuffix":"inner"}},"wdio_ui5_key":"applicationmanageresources-display-component---newResourceUnit--resourceId"}]}
RESULT: undefined
COMMAND: POST /session/d2ee73163e71edf45acf38a1abb82030/execute/async - {"script":"<script> [776 bytes]","args":[{"enterText":"FFNLucDmUq","selector":{"id":"application-manageresources-display-component---newResourceUnit--resourceId","interaction":{"idSuffix":"inner"}},"clearTextFirst":true,"interactionType":"ENTER_TEXT"}]}
RESULT: {}
RESULT: {"script":"<script> [776 bytes]","args":[{"enterText":"FFNLucDmUq","selector":{"id":"application-manageresources-display-component---newResourceUnit--resourceId","interaction":{"idSuffix":"inner"}},"clearTextFirst":true,"interactionType":"ENTER_TEXT"}]}
COMMAND: POST /session/d2ee73163e71edf45acf38a1abb82030/execute/async - {"script":"<script> [1562 bytes]","args":[{"selector":{"id":"application-manageresources-display-component---newResourceUnit--SHORT_TEXT","interaction":{"idSuffix":"inner"}},"wdio_ui5_key":"applicationmanageresources-display-component---newResourceUnit--SHORT_TEXT"}]}
RESULT: {"script":"<script> [1562 bytes]","args":[{"selector":{"id":"application-manageresources-display-component---newResourceUnit--SHORT_TEXT","interaction":{"idSuffix":"inner"}},"wdio_ui5_key":"applicationmanageresources-display-component---newResourceUnit--SHORT_TEXT"}]}
RESULT: undefined
COMMAND: POST /session/d2ee73163e71edf45acf38a1abb82030/execute/async - {"script":"<script> [776 bytes]","args":[{"enterText":"Intercompany Equipment WDIO","selector":{"id":"application-manageresources-display-component---newResourceUnit--SHORT_TEXT","interaction":{"idSuffix":"inner"}},"clearTextFirst":true,"interactionType":"ENTER_TEXT"}]}
RESULT: {"script":"<script> [776 bytes]","args":[{"enterText":"Intercompany Equipment WDIO","selector":{"id":"application-manageresources-display-component---newResourceUnit--SHORT_TEXT","interaction":{"idSuffix":"inner"}},"clearTextFirst":true,"interactionType":"ENTER_TEXT"}]}
COMMAND: POST /session/d2ee73163e71edf45acf38a1abb82030/execute/async - {"script":"<script> [1562 bytes]","args":[{"selector":{"id":"application-manageresources-display-component---newResourceUnit--BASE_UNIT_OF_MEASURE","interaction":{"idSuffix":"inner"}},"wdio_ui5_key":"applicationmanageresources-display-component---newResourceUnit--BASE_UNIT_OF_MEASURE"}]}
RESULT: {"script":"<script> [1562 bytes]","args":[{"selector":{"id":"application-manageresources-display-component---newResourceUnit--BASE_UNIT_OF_MEASURE","interaction":{"idSuffix":"inner"}},"wdio_ui5_key":"applicationmanageresources-display-component---newResourceUnit--BASE_UNIT_OF_MEASURE"}]}
RESULT: undefined
COMMAND: POST /session/d2ee73163e71edf45acf38a1abb82030/execute/async - {"script":"<script> [776 bytes]","args":[{"enterText":"Piece","selector":{"id":"application-manageresources-display-component---newResourceUnit--BASE_UNIT_OF_MEASURE","interaction":{"idSuffix":"inner"}},"clearTextFirst":true,"interactionType":"ENTER_TEXT"}]}
RESULT: {"script":"<script> [776 bytes]","args":[{"enterText":"Piece","selector":{"id":"application-manageresources-display-component---newResourceUnit--BASE_UNIT_OF_MEASURE","interaction":{"idSuffix":"inner"}},"clearTextFirst":true,"interactionType":"ENTER_TEXT"}]}
COMMAND: POST /session/d2ee73163e71edf45acf38a1abb82030/execute/async - {"script":"<script> [1562 bytes]","args":[{"selector":{"id":"application-manageresources-display-component---newResourceUnit--WEIGHT_UNIT","interaction":{"idSuffix":"inner"}},"wdio_ui5_key":"applicationmanageresources-display-component---newResourceUnit--WEIGHT_UNIT"}]}
RESULT: {"script":"<script> [1562 bytes]","args":[{"selector":{"id":"application-manageresources-display-component---newResourceUnit--WEIGHT_UNIT","interaction":{"idSuffix":"inner"}},"wdio_ui5_key":"applicationmanageresources-display-component---newResourceUnit--WEIGHT_UNIT"}]}
RESULT: undefined
COMMAND: POST /session/d2ee73163e71edf45acf38a1abb82030/execute/async - {"script":"<script> [776 bytes]","args":[{"enterText":"Gram","selector":{"id":"application-manageresources-display-component---newResourceUnit--WEIGHT_UNIT","interaction":{"idSuffix":"inner"}},"clearTextFirst":true,"interactionType":"ENTER_TEXT"}]}
RESULT: {"script":"<script> [776 bytes]","args":[{"enterText":"Gram","selector":{"id":"application-manageresources-display-component---newResourceUnit--WEIGHT_UNIT","interaction":{"idSuffix":"inner"}},"clearTextFirst":true,"interactionType":"ENTER_TEXT"}]}
COMMAND: POST /session/d2ee73163e71edf45acf38a1abb82030/execute/async - {"script":"<script> [1562 bytes]","args":[{"selector":{"id":"application-manageresources-display-component---newResourceUnit--DIMENSION_UNIT","interaction":{"idSuffix":"inner"}},"wdio_ui5_key":"applicationmanageresources-display-component---newResourceUnit--DIMENSION_UNIT"}]}
RESULT: {"script":"<script> [1562 bytes]","args":[{"selector":{"id":"application-manageresources-display-component---newResourceUnit--DIMENSION_UNIT","interaction":{"idSuffix":"inner"}},"wdio_ui5_key":"applicationmanageresources-display-component---newResourceUnit--DIMENSION_UNIT"}]}
RESULT: undefined
COMMAND: POST /session/d2ee73163e71edf45acf38a1abb82030/execute/async - {"script":"<script> [776 bytes]","args":[{"enterText":"Meter","selector":{"id":"application-manageresources-display-component---newResourceUnit--DIMENSION_UNIT","interaction":{"idSuffix":"inner"}},"clearTextFirst":true,"interactionType":"ENTER_TEXT"}]}
RESULT: {"script":"<script> [776 bytes]","args":[{"enterText":"Meter","selector":{"id":"application-manageresources-display-component---newResourceUnit--DIMENSION_UNIT","interaction":{"idSuffix":"inner"}},"clearTextFirst":true,"interactionType":"ENTER_TEXT"}]}
COMMAND: POST /session/d2ee73163e71edf45acf38a1abb82030/execute/async - {"script":"<script> [1562 bytes]","args":[{"selector":{"id":"application-manageresources-display-component---newResourceUnit--newRRUPage-anchBar-application-manageresources-display-component---newResourceUnit--control-anchor","interaction":{"idSuffix":"BDI-content"}},"wdio_ui5_key":"applicationmanageresources-display-component---newResourceUnit--newRRUPage-anchBar-application-manageresources-display-component---newResourceUnit--control-anchor"}]}
RESULT: {"script":"<script> [1562 bytes]","args":[{"selector":{"id":"application-manageresources-display-component---newResourceUnit--newRRUPage-anchBar-application-manageresources-display-component---newResourceUnit--control-anchor","interaction":{"idSuffix":"BDI-content"}},"wdio_ui5_key":"applicationmanageresources-display-component---newResourceUnit--newRRUPage-anchBar-application-manageresources-display-component---newResourceUnit--control-anchor"}]}
RESULT: undefined
COMMAND: POST /session/d2ee73163e71edf45acf38a1abb82030/element - {"using":"xpath","value":"//*[@id=\"application-manageresources-display-component---newResourceUnit--newRRUPage-anchBar-application-manageresources-display-component---newResourceUnit--control-anchor\"]"}
RESULT: {"using":"xpath","value":"//*[@id=\"application-manageresources-display-component---newResourceUnit--newRRUPage-anchBar-application-manageresources-display-component---newResourceUnit--control-anchor\"]"}
COMMAND: POST /session/d2ee73163e71edf45acf38a1abb82030/element/f.39032AFF0B9C80A7D793EE88796AE887.d.AEDBB564A062EBF700BF7BD20ADA7C0C.e.8869/click - {}
RESULT: {}
COMMAND: POST /session/d2ee73163e71edf45acf38a1abb82030/execute/async - {"script":"<script> [1562 bytes]","args":[{"selector":{"id":"application-manageresources-display-component---newResourceUnit--PLANNING_GROUP","interaction":{"idSuffix":"inner"}},"wdio_ui5_key":"applicationmanageresources-display-component---newResourceUnit--PLANNING_GROUP"}]}
COMMAND: GET /session/d2ee73163e71edf45acf38a1abb82030/screenshot - {}
RESULT: {"script":"<script> [1562 bytes]","args":[{"selector":{"id":"application-manageresources-display-component---newResourceUnit--PLANNING_GROUP","interaction":{"idSuffix":"inner"}},"wdio_ui5_key":"applicationmanageresources-display-component---newResourceUnit--PLANNING_GROUP"}]}
RESULT: undefined
COMMAND: POST /session/d2ee73163e71edf45acf38a1abb82030/execute/async - {"script":"<script> [776 bytes]","args":[{"enterText":"Heavy Equi","selector":{"id":"application-manageresources-display-component---newResourceUnit--PLANNING_GROUP","interaction":{"idSuffix":"inner"}},"clearTextFirst":true,"interactionType":"ENTER_TEXT"}]}
RESULT: {}
RESULT: {"script":"<script> [776 bytes]","args":[{"enterText":"Heavy Equi","selector":{"id":"application-manageresources-display-component---newResourceUnit--PLANNING_GROUP","interaction":{"idSuffix":"inner"}},"clearTextFirst":true,"interactionType":"ENTER_TEXT"}]}
COMMAND: POST /session/d2ee73163e71edf45acf38a1abb82030/execute/async - {"script":"<script> [1562 bytes]","args":[{"selector":{"id":"application-manageresources-display-component---newResourceUnit--ITEM_TYPE-arrow"},"wdio_ui5_key":"applicationmanageresources-display-component---newResourceUnit--ITEM_TYPE-arrow"}]}
RESULT: {"script":"<script> [1562 bytes]","args":[{"selector":{"id":"application-manageresources-display-component---newResourceUnit--ITEM_TYPE-arrow"},"wdio_ui5_key":"applicationmanageresources-display-component---newResourceUnit--ITEM_TYPE-arrow"}]}
RESULT: undefined
COMMAND: POST /session/d2ee73163e71edf45acf38a1abb82030/element - {"using":"xpath","value":"//*[@id=\"application-manageresources-display-component---newResourceUnit--ITEM_TYPE-arrow\"]"}
RESULT: {"using":"xpath","value":"//*[@id=\"application-manageresources-display-component---newResourceUnit--ITEM_TYPE-arrow\"]"}
COMMAND: POST /session/d2ee73163e71edf45acf38a1abb82030/element/f.39032AFF0B9C80A7D793EE88796AE887.d.AEDBB564A062EBF700BF7BD20ADA7C0C.e.8876/click - {}
RESULT: {}
COMMAND: POST /session/d2ee73163e71edf45acf38a1abb82030/element - {"using":"xpath","value":"(//span[contains(text(), \"Resource Unit\")])[2]"}
COMMAND: GET /session/d2ee73163e71edf45acf38a1abb82030/screenshot - {}
RESULT: {"using":"xpath","value":"(//span[contains(text(), \"Resource Unit\")])[2]"}
COMMAND: POST /session/d2ee73163e71edf45acf38a1abb82030/element/f.39032AFF0B9C80A7D793EE88796AE887.d.AEDBB564A062EBF700BF7BD20ADA7C0C.e.8877/click - {}
RESULT: {}
RESULT: {}
COMMAND: GET /session/d2ee73163e71edf45acf38a1abb82030/screenshot - {}
RESULT: {}
COMMAND: POST /session/d2ee73163e71edf45acf38a1abb82030/element - {"using":"css selector","value":"#application-manageresources-display-component---newResourceUnit--btnAddTimeSegment"}
RESULT: {"using":"css selector","value":"#application-manageresources-display-component---newResourceUnit--btnAddTimeSegment"}
COMMAND: GET /session/d2ee73163e71edf45acf38a1abb82030/element/f.39032AFF0B9C80A7D793EE88796AE887.d.AEDBB564A062EBF700BF7BD20ADA7C0C.e.8878/rect - {}
RESULT: {}
COMMAND: GET /session/d2ee73163e71edf45acf38a1abb82030/window/rect - {}
RESULT: {}
COMMAND: POST /session/d2ee73163e71edf45acf38a1abb82030/execute/sync - {"script":"<script> [92 bytes]","args":[]}
RESULT: {"script":"<script> [92 bytes]","args":[]}
COMMAND: POST /session/d2ee73163e71edf45acf38a1abb82030/actions - {"actions":[{"id":"action29","type":"wheel","parameters":{},"actions":[{"type":"scroll","x":-1888,"y":-32,"deltaX":0,"deltaY":0,"duration":0,"origin":{"element-6066-11e4-a52e-4f735466cecf":"f.39032AFF0B9C80A7D793EE88796AE887.d.AEDBB564A062EBF700BF7BD20ADA7C0C.e.8878"}}]}]}
COMMAND: GET /session/d2ee73163e71edf45acf38a1abb82030/screenshot - {}
RESULT: {}
COMMAND: POST /session/d2ee73163e71edf45acf38a1abb82030/execute/sync - {"script":"<script> [79 bytes]","args":[{"element-6066-11e4-a52e-4f735466cecf":"f.39032AFF0B9C80A7D793EE88796AE887.d.AEDBB564A062EBF700BF7BD20ADA7C0C.e.8878","ELEMENT":"f.39032AFF0B9C80A7D793EE88796AE887.d.AEDBB564A062EBF700BF7BD20ADA7C0C.e.8878"},{"block":"start","inline":"nearest"}]}
RESULT: {"script":"<script> [79 bytes]","args":[{"element-6066-11e4-a52e-4f735466cecf":"f.39032AFF0B9C80A7D793EE88796AE887.d.AEDBB564A062EBF700BF7BD20ADA7C0C.e.8878","ELEMENT":"f.39032AFF0B9C80A7D793EE88796AE887.d.AEDBB564A062EBF700BF7BD20ADA7C0C.e.8878"},{"block":"start","inline":"nearest"}]}
COMMAND: POST /session/d2ee73163e71edf45acf38a1abb82030/execute/async - {"script":"<script> [1562 bytes]","args":[{"selector":{"id":"application-manageresources-display-component---newResourceUnit--btnAddTimeSegment","interaction":{"idSuffix":"inner"}},"wdio_ui5_key":"applicationmanageresources-display-component---newResourceUnit--btnAddTimeSegment"}]}
COMMAND: GET /session/d2ee73163e71edf45acf38a1abb82030/screenshot - {}
RESULT: {"script":"<script> [1562 bytes]","args":[{"selector":{"id":"application-manageresources-display-component---newResourceUnit--btnAddTimeSegment","interaction":{"idSuffix":"inner"}},"wdio_ui5_key":"applicationmanageresources-display-component---newResourceUnit--btnAddTimeSegment"}]}
RESULT: undefined
COMMAND: POST /session/d2ee73163e71edf45acf38a1abb82030/element - {"using":"xpath","value":"//*[@id=\"application-manageresources-display-component---newResourceUnit--btnAddTimeSegment\"]"}
RESULT: {}
RESULT: {"using":"xpath","value":"//*[@id=\"application-manageresources-display-component---newResourceUnit--btnAddTimeSegment\"]"}
COMMAND: POST /session/d2ee73163e71edf45acf38a1abb82030/element/f.39032AFF0B9C80A7D793EE88796AE887.d.AEDBB564A062EBF700BF7BD20ADA7C0C.e.8878/click - {}
RESULT: {}
COMMAND: GET /session/d2ee73163e71edf45acf38a1abb82030/screenshot - {}
RESULT: {}
COMMAND: POST /session/d2ee73163e71edf45acf38a1abb82030/element - {"using":"xpath","value":"//input[@id=\"application-manageresources-display-component---newResourceUnit--idRuTSAdmin-application-manageresources-display-component---newResourceUnit--RUTimeSegment-0-inner\"]"}
RESULT: {"using":"xpath","value":"//input[@id=\"application-manageresources-display-component---newResourceUnit--idRuTSAdmin-application-manageresources-display-component---newResourceUnit--RUTimeSegment-0-inner\"]"}
COMMAND: POST /session/d2ee73163e71edf45acf38a1abb82030/element/f.39032AFF0B9C80A7D793EE88796AE887.d.AEDBB564A062EBF700BF7BD20ADA7C0C.e.8884/clear - {}
RESULT: {}
COMMAND: POST /session/d2ee73163e71edf45acf38a1abb82030/element/f.39032AFF0B9C80A7D793EE88796AE887.d.AEDBB564A062EBF700BF7BD20ADA7C0C.e.8884/value - {"text":"479"}
COMMAND: GET /session/d2ee73163e71edf45acf38a1abb82030/screenshot - {}
RESULT: {"text":"479"}
COMMAND: GET /session/d2ee73163e71edf45acf38a1abb82030/screenshot - {}
RESULT: {}
RESULT: {}
COMMAND: POST /session/d2ee73163e71edf45acf38a1abb82030/element - {"using":"xpath","value":"//li[.//span[text()='479']]"}
RESULT: {"using":"xpath","value":"//li[.//span[text()='479']]"}
COMMAND: POST /session/d2ee73163e71edf45acf38a1abb82030/element/f.39032AFF0B9C80A7D793EE88796AE887.d.AEDBB564A062EBF700BF7BD20ADA7C0C.e.8896/click - {}
RESULT: {}
COMMAND: GET /session/d2ee73163e71edf45acf38a1abb82030/screenshot - {}
RESULT: {}
COMMAND: POST /session/d2ee73163e71edf45acf38a1abb82030/element - {"using":"xpath","value":"(//span[contains(@id, \"-application-manageresources-display-component---newResourceUnit--RUTimeSegment-0-arrow\")])[6]"}
RESULT: {"using":"xpath","value":"(//span[contains(@id, \"-application-manageresources-display-component---newResourceUnit--RUTimeSegment-0-arrow\")])[6]"}
COMMAND: POST /session/d2ee73163e71edf45acf38a1abb82030/element/f.39032AFF0B9C80A7D793EE88796AE887.d.AEDBB564A062EBF700BF7BD20ADA7C0C.e.8897/click - {}
RESULT: {}
COMMAND: GET /session/d2ee73163e71edf45acf38a1abb82030/screenshot - {}
RESULT: {}
COMMAND: POST /session/d2ee73163e71edf45acf38a1abb82030/element - {"using":"xpath","value":"//span[contains(text(), \"PM Order\")]"}
RESULT: {"using":"xpath","value":"//span[contains(text(), \"PM Order\")]"}
COMMAND: POST /session/d2ee73163e71edf45acf38a1abb82030/element/f.39032AFF0B9C80A7D793EE88796AE887.d.AEDBB564A062EBF700BF7BD20ADA7C0C.e.8900/click - {}
RESULT: {}
COMMAND: GET /session/d2ee73163e71edf45acf38a1abb82030/screenshot - {}
RESULT: {}
COMMAND: POST /session/d2ee73163e71edf45acf38a1abb82030/element - {"using":"xpath","value":"(//span[contains(@id ,\"manageresources-display-component---newResourceUnit--RUTimeSegment-0-vhi\")])[1]"}
RESULT: {"using":"xpath","value":"(//span[contains(@id ,\"manageresources-display-component---newResourceUnit--RUTimeSegment-0-vhi\")])[1]"}
COMMAND: GET /session/d2ee73163e71edf45acf38a1abb82030/element/f.39032AFF0B9C80A7D793EE88796AE887.d.AEDBB564A062EBF700BF7BD20ADA7C0C.e.8904/rect - {}
RESULT: {}
COMMAND: GET /session/d2ee73163e71edf45acf38a1abb82030/window/rect - {}
RESULT: {}
COMMAND: POST /session/d2ee73163e71edf45acf38a1abb82030/execute/sync - {"script":"<script> [92 bytes]","args":[]}
RESULT: {"script":"<script> [92 bytes]","args":[]}
COMMAND: POST /session/d2ee73163e71edf45acf38a1abb82030/actions - {"actions":[{"id":"action30","type":"wheel","parameters":{},"actions":[{"type":"scroll","x":-869,"y":-24,"deltaX":0,"deltaY":0,"duration":0,"origin":{"element-6066-11e4-a52e-4f735466cecf":"f.39032AFF0B9C80A7D793EE88796AE887.d.AEDBB564A062EBF700BF7BD20ADA7C0C.e.8904"}}]}]}
COMMAND: GET /session/d2ee73163e71edf45acf38a1abb82030/screenshot - {}
RESULT: {"actions":[{"id":"action30","type":"wheel","parameters":{},"actions":[{"type":"scroll","x":-869,"y":-24,"deltaX":0,"deltaY":0,"duration":0,"origin":{"element-6066-11e4-a52e-4f735466cecf":"f.39032AFF0B9C80A7D793EE88796AE887.d.AEDBB564A062EBF700BF7BD20ADA7C0C.e.8904"}}]}]}
COMMAND: DELETE /session/d2ee73163e71edf45acf38a1abb82030/actions - {}
COMMAND: GET /session/d2ee73163e71edf45acf38a1abb82030/screenshot - {}
RESULT: {}
RESULT: {}
COMMAND: GET /session/d2ee73163e71edf45acf38a1abb82030/screenshot - {}
RESULT: {}
RESULT: {}
COMMAND: POST /session/d2ee73163e71edf45acf38a1abb82030/element/f.39032AFF0B9C80A7D793EE88796AE887.d.AEDBB564A062EBF700BF7BD20ADA7C0C.e.8904/click - {}
RESULT: {}
COMMAND: GET /session/d2ee73163e71edf45acf38a1abb82030/screenshot - {}
RESULT: {}
RESULT: undefined
COMMAND: POST /session/d2ee73163e71edf45acf38a1abb82030/execute/async - {"script":"<script> [776 bytes]","args":[{"enterText":"4000360","selector":{"controlType":"sap.m.SearchField","properties":{"placeholder":"Search"},"searchOpenDialogs":true,"interaction":{"idSuffix":"I"}},"clearTextFirst":true,"interactionType":"ENTER_TEXT"}]}
RESULT: {"script":"<script> [776 bytes]","args":[{"enterText":"4000360","selector":{"controlType":"sap.m.SearchField","properties":{"placeholder":"Search"},"searchOpenDialogs":true,"interaction":{"idSuffix":"I"}},"clearTextFirst":true,"interactionType":"ENTER_TEXT"}]}
COMMAND: POST /session/d2ee73163e71edf45acf38a1abb82030/actions - {"actions":[{"id":"action31","type":"key","parameters":{},"actions":[{"type":"keyDown","value":"î€‡"},{"type":"pause","duration":10},{"type":"keyUp","value":"î€‡"}]}]}
RESULT: {"actions":[{"id":"action31","type":"key","parameters":{},"actions":[{"type":"keyDown","value":"î€‡"},{"type":"pause","duration":10},{"type":"keyUp","value":"î€‡"}]}]}
COMMAND: GET /session/d2ee73163e71edf45acf38a1abb82030/screenshot - {}
RESULT: {}
COMMAND: POST /session/d2ee73163e71edf45acf38a1abb82030/element - {"using":"xpath","value":"//td/div/span[contains(text(), \"BGL Vehicles\")]"}
RESULT: {"using":"xpath","value":"//td/div/span[contains(text(), \"BGL Vehicles\")]"}
COMMAND: POST /session/d2ee73163e71edf45acf38a1abb82030/element/f.39032AFF0B9C80A7D793EE88796AE887.d.AEDBB564A062EBF700BF7BD20ADA7C0C.e.8924/click - {}
RESULT: {}
COMMAND: GET /session/d2ee73163e71edf45acf38a1abb82030/screenshot - {}
RESULT: {}
COMMAND: POST /session/d2ee73163e71edf45acf38a1abb82030/element - {"using":"xpath","value":"//bdi[contains(text(), \"OK\")]"}
RESULT: {"using":"xpath","value":"//bdi[contains(text(), \"OK\")]"}
COMMAND: POST /session/d2ee73163e71edf45acf38a1abb82030/element/f.39032AFF0B9C80A7D793EE88796AE887.d.AEDBB564A062EBF700BF7BD20ADA7C0C.e.8925/click - {}
RESULT: {}
COMMAND: GET /session/d2ee73163e71edf45acf38a1abb82030/screenshot - {}
RESULT: {}
COMMAND: POST /session/d2ee73163e71edf45acf38a1abb82030/execute/async - {"script":"<script> [1562 bytes]","args":[{"selector":{"id":"application-manageresources-display-component---newResourceUnit--newRRUPage-anchBar-application-manageresources-display-component---newResourceUnit--resource-anchor","interaction":{"idSuffix":"BDI-content"}},"wdio_ui5_key":"applicationmanageresources-display-component---newResourceUnit--newRRUPage-anchBar-application-manageresources-display-component---newResourceUnit--resource-anchor"}]}
RESULT: {"script":"<script> [1562 bytes]","args":[{"selector":{"id":"application-manageresources-display-component---newResourceUnit--newRRUPage-anchBar-application-manageresources-display-component---newResourceUnit--resource-anchor","interaction":{"idSuffix":"BDI-content"}},"wdio_ui5_key":"applicationmanageresources-display-component---newResourceUnit--newRRUPage-anchBar-application-manageresources-display-component---newResourceUnit--resource-anchor"}]}
RESULT: undefined
COMMAND: POST /session/d2ee73163e71edf45acf38a1abb82030/element - {"using":"xpath","value":"//*[@id=\"application-manageresources-display-component---newResourceUnit--newRRUPage-anchBar-application-manageresources-display-component---newResourceUnit--resource-anchor\"]"}
RESULT: {"using":"xpath","value":"//*[@id=\"application-manageresources-display-component---newResourceUnit--newRRUPage-anchBar-application-manageresources-display-component---newResourceUnit--resource-anchor\"]"}
COMMAND: POST /session/d2ee73163e71edf45acf38a1abb82030/element/f.39032AFF0B9C80A7D793EE88796AE887.d.AEDBB564A062EBF700BF7BD20ADA7C0C.e.8929/click - {}
RESULT: {}
COMMAND: POST /session/d2ee73163e71edf45acf38a1abb82030/execute/async - {"script":"<script> [1562 bytes]","args":[{"selector":{"id":"application-manageresources-display-component---newResourceUnit--PLANNED_DELIVERY_DATE","interaction":{"idSuffix":"inner"}},"wdio_ui5_key":"applicationmanageresources-display-component---newResourceUnit--PLANNED_DELIVERY_DATE"}]}
COMMAND: GET /session/d2ee73163e71edf45acf38a1abb82030/screenshot - {}
RESULT: {"script":"<script> [1562 bytes]","args":[{"selector":{"id":"application-manageresources-display-component---newResourceUnit--PLANNED_DELIVERY_DATE","interaction":{"idSuffix":"inner"}},"wdio_ui5_key":"applicationmanageresources-display-component---newResourceUnit--PLANNED_DELIVERY_DATE"}]}
RESULT: undefined
COMMAND: POST /session/d2ee73163e71edf45acf38a1abb82030/execute/async - {"script":"<script> [6424 bytes]","args":[{"element-6066-11e4-a52e-4f735466cecf":"f.39032AFF0B9C80A7D793EE88796AE887.d.AEDBB564A062EBF700BF7BD20ADA7C0C.e.8794"},"setValue",["5/16/25"]]}
RESULT: {}
RESULT: {"script":"<script> [6424 bytes]","args":[{"element-6066-11e4-a52e-4f735466cecf":"f.39032AFF0B9C80A7D793EE88796AE887.d.AEDBB564A062EBF700BF7BD20ADA7C0C.e.8794"},"setValue",["5/16/25"]]}
COMMAND: POST /session/d2ee73163e71edf45acf38a1abb82030/element - {"using":"xpath","value":"//label[contains(@class, 'sapMLabelRequired') and .//bdi[contains(text(), 'Planned Retirement')]]"}
RESULT: {"using":"xpath","value":"//label[contains(@class, 'sapMLabelRequired') and .//bdi[contains(text(), 'Planned Retirement')]]"}
COMMAND: POST /session/d2ee73163e71edf45acf38a1abb82030/elements - {"using":"xpath","value":"//label[contains(@class, 'sapMLabelRequired') and .//bdi[contains(text(), 'Planned Retirement')]]"}
RESULT: {"using":"xpath","value":"//label[contains(@class, 'sapMLabelRequired') and .//bdi[contains(text(), 'Planned Retirement')]]"}
COMMAND: POST /session/d2ee73163e71edf45acf38a1abb82030/element - {"using":"xpath","value":"//button[@data-kt=\"resourceUnitSaveButton\"]"}
RESULT: {"using":"xpath","value":"//button[@data-kt=\"resourceUnitSaveButton\"]"}
COMMAND: POST /session/d2ee73163e71edf45acf38a1abb82030/element/f.39032AFF0B9C80A7D793EE88796AE887.d.AEDBB564A062EBF700BF7BD20ADA7C0C.e.8755/click - {}
RESULT: {}
COMMAND: GET /session/d2ee73163e71edf45acf38a1abb82030/screenshot - {}
RESULT: {}
COMMAND: POST /session/d2ee73163e71edf45acf38a1abb82030/element - {"using":"xpath","value":"//bdi[contains(text(), \"Close\")]"}
RESULT: {"using":"xpath","value":"//bdi[contains(text(), \"Close\")]"}
COMMAND: POST /session/d2ee73163e71edf45acf38a1abb82030/element/f.39032AFF0B9C80A7D793EE88796AE887.d.AEDBB564A062EBF700BF7BD20ADA7C0C.e.8939/click - {}
RESULT: {}
COMMAND: GET /session/d2ee73163e71edf45acf38a1abb82030/screenshot - {}
RESULT: {}
COMMAND: POST /session/d2ee73163e71edf45acf38a1abb82030/element - {"using":"xpath","value":"//bdi[contains(text(), \"Edit\")]"}
RESULT: {"using":"xpath","value":"//bdi[contains(text(), \"Edit\")]"}
COMMAND: POST /session/d2ee73163e71edf45acf38a1abb82030/execute/sync - {"script":"<script> [8489 bytes]","args":[{"element-6066-11e4-a52e-4f735466cecf":"f.39032AFF0B9C80A7D793EE88796AE887.d.AEDBB564A062EBF700BF7BD20ADA7C0C.e.8994","ELEMENT":"f.39032AFF0B9C80A7D793EE88796AE887.d.AEDBB564A062EBF700BF7BD20ADA7C0C.e.8994"}]}
RESULT: {"script":"<script> [8489 bytes]","args":[{"element-6066-11e4-a52e-4f735466cecf":"f.39032AFF0B9C80A7D793EE88796AE887.d.AEDBB564A062EBF700BF7BD20ADA7C0C.e.8994","ELEMENT":"f.39032AFF0B9C80A7D793EE88796AE887.d.AEDBB564A062EBF700BF7BD20ADA7C0C.e.8994"}]}
COMMAND: POST /session/d2ee73163e71edf45acf38a1abb82030/element/f.39032AFF0B9C80A7D793EE88796AE887.d.AEDBB564A062EBF700BF7BD20ADA7C0C.e.8994/click - {}
COMMAND: GET /session/d2ee73163e71edf45acf38a1abb82030/screenshot - {}
RESULT: {}
COMMAND: GET /session/d2ee73163e71edf45acf38a1abb82030/screenshot - {}
RESULT: {}
RESULT: {}
COMMAND: POST /session/d2ee73163e71edf45acf38a1abb82030/execute/async - {"script":"<script> [1562 bytes]","args":[{"selector":{"id":"application-manageresources-display-component---editResource--editRruPage-anchBar-application-manageresources-display-component---editResource--counters-anchor","interaction":{"idSuffix":"BDI-content"}},"wdio_ui5_key":"applicationmanageresources-display-component---editResource--editRruPage-anchBar-application-manageresources-display-component---editResource--counters-anchor"}]}
RESULT: {"script":"<script> [1562 bytes]","args":[{"selector":{"id":"application-manageresources-display-component---editResource--editRruPage-anchBar-application-manageresources-display-component---editResource--counters-anchor","interaction":{"idSuffix":"BDI-content"}},"wdio_ui5_key":"applicationmanageresources-display-component---editResource--editRruPage-anchBar-application-manageresources-display-component---editResource--counters-anchor"}]}
RESULT: undefined
COMMAND: POST /session/d2ee73163e71edf45acf38a1abb82030/element - {"using":"xpath","value":"//*[@id=\"application-manageresources-display-component---editResource--editRruPage-anchBar-application-manageresources-display-component---editResource--counters-anchor\"]"}
RESULT: {"using":"xpath","value":"//*[@id=\"application-manageresources-display-component---editResource--editRruPage-anchBar-application-manageresources-display-component---editResource--counters-anchor\"]"}
COMMAND: POST /session/d2ee73163e71edf45acf38a1abb82030/element/f.39032AFF0B9C80A7D793EE88796AE887.d.AEDBB564A062EBF700BF7BD20ADA7C0C.e.9105/click - {}
RESULT: {}
COMMAND: GET /session/d2ee73163e71edf45acf38a1abb82030/screenshot - {}
RESULT: {}
COMMAND: POST /session/d2ee73163e71edf45acf38a1abb82030/execute/async - {"script":"<script> [1562 bytes]","args":[{"selector":{"id":"application-manageresources-display-component---editResource--btnAddCounter-img"},"wdio_ui5_key":"applicationmanageresources-display-component---editResource--btnAddCounter-img"}]}
RESULT: {"script":"<script> [1562 bytes]","args":[{"selector":{"id":"application-manageresources-display-component---editResource--btnAddCounter-img"},"wdio_ui5_key":"applicationmanageresources-display-component---editResource--btnAddCounter-img"}]}
RESULT: undefined
COMMAND: POST /session/d2ee73163e71edf45acf38a1abb82030/element - {"using":"xpath","value":"//*[@id=\"application-manageresources-display-component---editResource--btnAddCounter-img\"]"}
RESULT: {"using":"xpath","value":"//*[@id=\"application-manageresources-display-component---editResource--btnAddCounter-img\"]"}
COMMAND: POST /session/d2ee73163e71edf45acf38a1abb82030/element/f.39032AFF0B9C80A7D793EE88796AE887.d.AEDBB564A062EBF700BF7BD20ADA7C0C.e.9139/click - {}
RESULT: {}
COMMAND: POST /session/d2ee73163e71edf45acf38a1abb82030/execute/async - {"script":"<script> [1562 bytes]","args":[{"selector":{"id":"application-manageresources-display-component---editResource--COUNTER_ID-application-manageresources-display-component---editResource--RUCounters-0-arrow"},"wdio_ui5_key":"applicationmanageresources-display-component---editResource--COUNTER_ID-application-manageresources-display-component---editResource--RUCounters-0-arrow"}]}
COMMAND: GET /session/d2ee73163e71edf45acf38a1abb82030/screenshot - {}
RESULT: {"script":"<script> [1562 bytes]","args":[{"selector":{"id":"application-manageresources-display-component---editResource--COUNTER_ID-application-manageresources-display-component---editResource--RUCounters-0-arrow"},"wdio_ui5_key":"applicationmanageresources-display-component---editResource--COUNTER_ID-application-manageresources-display-component---editResource--RUCounters-0-arrow"}]}
RESULT: undefined
COMMAND: POST /session/d2ee73163e71edf45acf38a1abb82030/element - {"using":"xpath","value":"//*[@id=\"application-manageresources-display-component---editResource--COUNTER_ID-application-manageresources-display-component---editResource--RUCounters-0-arrow\"]"}
RESULT: {}
RESULT: {"using":"xpath","value":"//*[@id=\"application-manageresources-display-component---editResource--COUNTER_ID-application-manageresources-display-component---editResource--RUCounters-0-arrow\"]"}
COMMAND: POST /session/d2ee73163e71edf45acf38a1abb82030/element/f.39032AFF0B9C80A7D793EE88796AE887.d.AEDBB564A062EBF700BF7BD20ADA7C0C.e.9144/click - {}
RESULT: {}
COMMAND: POST /session/d2ee73163e71edf45acf38a1abb82030/execute/async - {"script":"<script> [1562 bytes]","args":[{"selector":{"controlType":"sap.m.StandardListItem","viewName":"etm.portal.ui.manageresources.view.EditResource","viewId":"application-manageresources-display-component---editResource","properties":{"title":"fuel"},"searchOpenDialogs":true,"interaction":{"idSuffix":"content"}},"wdio_ui5_key":"etmportal.ui.manageresources.view.EditResourcesap.m.StandardListItem{\"title\":\"fuel\"}"}]}
COMMAND: GET /session/d2ee73163e71edf45acf38a1abb82030/screenshot - {}
RESULT: {"script":"<script> [1562 bytes]","args":[{"selector":{"controlType":"sap.m.StandardListItem","viewName":"etm.portal.ui.manageresources.view.EditResource","viewId":"application-manageresources-display-component---editResource","properties":{"title":"fuel"},"searchOpenDialogs":true,"interaction":{"idSuffix":"content"}},"wdio_ui5_key":"etmportal.ui.manageresources.view.EditResourcesap.m.StandardListItem{\"title\":\"fuel\"}"}]}
RESULT: undefined
COMMAND: POST /session/d2ee73163e71edf45acf38a1abb82030/element - {"using":"xpath","value":"//*[@id=\"__item2480\"]"}
RESULT: {}
RESULT: {"using":"xpath","value":"//*[@id=\"__item2480\"]"}
COMMAND: POST /session/d2ee73163e71edf45acf38a1abb82030/element/f.39032AFF0B9C80A7D793EE88796AE887.d.AEDBB564A062EBF700BF7BD20ADA7C0C.e.9146/click - {}
RESULT: {}
COMMAND: GET /session/d2ee73163e71edf45acf38a1abb82030/screenshot - {}
RESULT: {}
COMMAND: POST /session/d2ee73163e71edf45acf38a1abb82030/element - {"using":"xpath","value":"//button[@data-kt=\"saveButton\"]"}
RESULT: {"using":"xpath","value":"//button[@data-kt=\"saveButton\"]"}
COMMAND: POST /session/d2ee73163e71edf45acf38a1abb82030/element/f.39032AFF0B9C80A7D793EE88796AE887.d.AEDBB564A062EBF700BF7BD20ADA7C0C.e.9147/click - {}
RESULT: {}
COMMAND: GET /session/d2ee73163e71edf45acf38a1abb82030/screenshot - {}
RESULT: {}
COMMAND: POST /session/d2ee73163e71edf45acf38a1abb82030/element - {"using":"xpath","value":"(//button[contains(@id ,\"actionsToolbar-overflowButton\")])[1]"}
RESULT: {"using":"xpath","value":"(//button[contains(@id ,\"actionsToolbar-overflowButton\")])[1]"}
COMMAND: POST /session/d2ee73163e71edf45acf38a1abb82030/element/f.39032AFF0B9C80A7D793EE88796AE887.d.AEDBB564A062EBF700BF7BD20ADA7C0C.e.9158/click - {}
RESULT: {}
COMMAND: GET /session/d2ee73163e71edf45acf38a1abb82030/screenshot - {}
RESULT: {}
COMMAND: POST /session/d2ee73163e71edf45acf38a1abb82030/element - {"using":"xpath","value":"//button[@data-kt=\"priceInfoButton\"]"}
RESULT: {"using":"xpath","value":"//button[@data-kt=\"priceInfoButton\"]"}
COMMAND: POST /session/d2ee73163e71edf45acf38a1abb82030/element/f.39032AFF0B9C80A7D793EE88796AE887.d.AEDBB564A062EBF700BF7BD20ADA7C0C.e.9160/click - {}
RESULT: {}
COMMAND: GET /session/d2ee73163e71edf45acf38a1abb82030/screenshot - {}
RESULT: {}
]]></system-out>
    </testcase>
    <testcase classname="chrome.136_0_7103_93.windows.Create_master_data_for_mixed_billing_&amp;_do_billing_calculation_US151661" name="Should create a TB pricing procedure" time="52.164">
      <system-out><![CDATA[
COMMAND: POST /session/d2ee73163e71edf45acf38a1abb82030/element - {"using":"xpath","value":"//button[@data-kt=\"addButton\"]"}
RESULT: {"using":"xpath","value":"//button[@data-kt=\"addButton\"]"}
COMMAND: POST /session/d2ee73163e71edf45acf38a1abb82030/elements - {"using":"xpath","value":"//button[@data-kt=\"addButton\"]"}
RESULT: {"using":"xpath","value":"//button[@data-kt=\"addButton\"]"}
COMMAND: POST /session/d2ee73163e71edf45acf38a1abb82030/elements - {"using":"xpath","value":"//button[@data-kt=\"addButton\"]"}
RESULT: {"using":"xpath","value":"//button[@data-kt=\"addButton\"]"}
COMMAND: POST /session/d2ee73163e71edf45acf38a1abb82030/element - {"using":"xpath","value":"//button[@data-kt=\"addButton\"]"}
RESULT: {"using":"xpath","value":"//button[@data-kt=\"addButton\"]"}
COMMAND: POST /session/d2ee73163e71edf45acf38a1abb82030/execute/sync - {"script":"<script> [8489 bytes]","args":[{"element-6066-11e4-a52e-4f735466cecf":"f.39032AFF0B9C80A7D793EE88796AE887.d.AEDBB564A062EBF700BF7BD20ADA7C0C.e.9198","ELEMENT":"f.39032AFF0B9C80A7D793EE88796AE887.d.AEDBB564A062EBF700BF7BD20ADA7C0C.e.9198"}]}
RESULT: {"script":"<script> [8489 bytes]","args":[{"element-6066-11e4-a52e-4f735466cecf":"f.39032AFF0B9C80A7D793EE88796AE887.d.AEDBB564A062EBF700BF7BD20ADA7C0C.e.9198","ELEMENT":"f.39032AFF0B9C80A7D793EE88796AE887.d.AEDBB564A062EBF700BF7BD20ADA7C0C.e.9198"}]}
COMMAND: GET /session/d2ee73163e71edf45acf38a1abb82030/element/f.39032AFF0B9C80A7D793EE88796AE887.d.AEDBB564A062EBF700BF7BD20ADA7C0C.e.9198/enabled - {}
COMMAND: GET /session/d2ee73163e71edf45acf38a1abb82030/screenshot - {}
RESULT: {}
COMMAND: POST /session/d2ee73163e71edf45acf38a1abb82030/execute/sync - {"script":"<script> [8489 bytes]","args":[{"element-6066-11e4-a52e-4f735466cecf":"f.39032AFF0B9C80A7D793EE88796AE887.d.AEDBB564A062EBF700BF7BD20ADA7C0C.e.9198","ELEMENT":"f.39032AFF0B9C80A7D793EE88796AE887.d.AEDBB564A062EBF700BF7BD20ADA7C0C.e.9198"}]}
COMMAND: GET /session/d2ee73163e71edf45acf38a1abb82030/screenshot - {}
RESULT: {}
RESULT: {"script":"<script> [8489 bytes]","args":[{"element-6066-11e4-a52e-4f735466cecf":"f.39032AFF0B9C80A7D793EE88796AE887.d.AEDBB564A062EBF700BF7BD20ADA7C0C.e.9198","ELEMENT":"f.39032AFF0B9C80A7D793EE88796AE887.d.AEDBB564A062EBF700BF7BD20ADA7C0C.e.9198"}]}
COMMAND: POST /session/d2ee73163e71edf45acf38a1abb82030/execute/sync - {"script":"<script> [5351 bytes]","args":[{"element-6066-11e4-a52e-4f735466cecf":"f.39032AFF0B9C80A7D793EE88796AE887.d.AEDBB564A062EBF700BF7BD20ADA7C0C.e.9198","ELEMENT":"f.39032AFF0B9C80A7D793EE88796AE887.d.AEDBB564A062EBF700BF7BD20ADA7C0C.e.9198"}]}
COMMAND: GET /session/d2ee73163e71edf45acf38a1abb82030/screenshot - {}
RESULT: {}
RESULT: {"script":"<script> [5351 bytes]","args":[{"element-6066-11e4-a52e-4f735466cecf":"f.39032AFF0B9C80A7D793EE88796AE887.d.AEDBB564A062EBF700BF7BD20ADA7C0C.e.9198","ELEMENT":"f.39032AFF0B9C80A7D793EE88796AE887.d.AEDBB564A062EBF700BF7BD20ADA7C0C.e.9198"}]}
COMMAND: POST /session/d2ee73163e71edf45acf38a1abb82030/element/f.39032AFF0B9C80A7D793EE88796AE887.d.AEDBB564A062EBF700BF7BD20ADA7C0C.e.9198/click - {}
COMMAND: GET /session/d2ee73163e71edf45acf38a1abb82030/screenshot - {}
RESULT: {}
RESULT: {}
COMMAND: GET /session/d2ee73163e71edf45acf38a1abb82030/screenshot - {}
RESULT: {}
RESULT: {}
COMMAND: POST /session/d2ee73163e71edf45acf38a1abb82030/execute/async - {"script":"<script> [1562 bytes]","args":[{"selector":{"controlType":"sap.m.Title","viewName":"etm.portal.ui.managepricingrules.view.NewItem","viewId":"application-managepricingrules-display-component---newInfoPriceItem","properties":{"text":"New Pricing Rules - Item Level"}},"wdio_ui5_key":"etmportal.ui.managepricingrules.view.NewItemsap.m.Title{\"text\":\"New Pricing Rules - Item Level\"}"}]}
RESULT: {"script":"<script> [1562 bytes]","args":[{"selector":{"controlType":"sap.m.Title","viewName":"etm.portal.ui.managepricingrules.view.NewItem","viewId":"application-managepricingrules-display-component---newInfoPriceItem","properties":{"text":"New Pricing Rules - Item Level"}},"wdio_ui5_key":"etmportal.ui.managepricingrules.view.NewItemsap.m.Title{\"text\":\"New Pricing Rules - Item Level\"}"}]}
RESULT: undefined
COMMAND: POST /session/d2ee73163e71edf45acf38a1abb82030/execute/async - {"script":"<script> [6424 bytes]","args":[{"element-6066-11e4-a52e-4f735466cecf":"f.39032AFF0B9C80A7D793EE88796AE887.d.AEDBB564A062EBF700BF7BD20ADA7C0C.e.9368"},"getText",[]]}
RESULT: {"script":"<script> [6424 bytes]","args":[{"element-6066-11e4-a52e-4f735466cecf":"f.39032AFF0B9C80A7D793EE88796AE887.d.AEDBB564A062EBF700BF7BD20ADA7C0C.e.9368"},"getText",[]]}
COMMAND: POST /session/d2ee73163e71edf45acf38a1abb82030/execute/async - {"script":"<script> [1562 bytes]","args":[{"selector":{"id":"application-managepricingrules-display-component---newInfoPriceItem--condValidTo","interaction":{"idSuffix":"inner"}},"wdio_ui5_key":"applicationmanagepricingrules-display-component---newInfoPriceItem--condValidTo"}]}
RESULT: {"script":"<script> [1562 bytes]","args":[{"selector":{"id":"application-managepricingrules-display-component---newInfoPriceItem--condValidTo","interaction":{"idSuffix":"inner"}},"wdio_ui5_key":"applicationmanagepricingrules-display-component---newInfoPriceItem--condValidTo"}]}
RESULT: undefined
COMMAND: POST /session/d2ee73163e71edf45acf38a1abb82030/execute/async - {"script":"<script> [776 bytes]","args":[{"enterText":"1/16/26","selector":{"id":"application-managepricingrules-display-component---newInfoPriceItem--condValidTo","interaction":{"idSuffix":"inner"}},"clearTextFirst":true,"interactionType":"ENTER_TEXT"}]}
RESULT: {"script":"<script> [776 bytes]","args":[{"enterText":"1/16/26","selector":{"id":"application-managepricingrules-display-component---newInfoPriceItem--condValidTo","interaction":{"idSuffix":"inner"}},"clearTextFirst":true,"interactionType":"ENTER_TEXT"}]}
COMMAND: POST /session/d2ee73163e71edf45acf38a1abb82030/execute/async - {"script":"<script> [1562 bytes]","args":[{"selector":{"id":"application-managepricingrules-display-component---newInfoPriceItem--billType-arrow"},"wdio_ui5_key":"applicationmanagepricingrules-display-component---newInfoPriceItem--billType-arrow"}]}
RESULT: {"script":"<script> [1562 bytes]","args":[{"selector":{"id":"application-managepricingrules-display-component---newInfoPriceItem--billType-arrow"},"wdio_ui5_key":"applicationmanagepricingrules-display-component---newInfoPriceItem--billType-arrow"}]}
RESULT: undefined
COMMAND: POST /session/d2ee73163e71edf45acf38a1abb82030/element - {"using":"xpath","value":"//*[@id=\"application-managepricingrules-display-component---newInfoPriceItem--billType-arrow\"]"}
RESULT: {"using":"xpath","value":"//*[@id=\"application-managepricingrules-display-component---newInfoPriceItem--billType-arrow\"]"}
COMMAND: POST /session/d2ee73163e71edf45acf38a1abb82030/element/f.39032AFF0B9C80A7D793EE88796AE887.d.AEDBB564A062EBF700BF7BD20ADA7C0C.e.9328/click - {}
RESULT: {}
COMMAND: POST /session/d2ee73163e71edf45acf38a1abb82030/element - {"using":"xpath","value":"//span[contains(text(), \"TB - Time based\")]"}
COMMAND: GET /session/d2ee73163e71edf45acf38a1abb82030/screenshot - {}
RESULT: {"using":"xpath","value":"//span[contains(text(), \"TB - Time based\")]"}
COMMAND: POST /session/d2ee73163e71edf45acf38a1abb82030/element/f.39032AFF0B9C80A7D793EE88796AE887.d.AEDBB564A062EBF700BF7BD20ADA7C0C.e.9370/click - {}
RESULT: {}
RESULT: {}
COMMAND: POST /session/d2ee73163e71edf45acf38a1abb82030/execute/async - {"script":"<script> [1562 bytes]","args":[{"selector":{"id":"application-managepricingrules-display-component---newInfoPriceItem--priceProc-arrow"},"wdio_ui5_key":"applicationmanagepricingrules-display-component---newInfoPriceItem--priceProc-arrow"}]}
COMMAND: GET /session/d2ee73163e71edf45acf38a1abb82030/screenshot - {}
RESULT: {"script":"<script> [1562 bytes]","args":[{"selector":{"id":"application-managepricingrules-display-component---newInfoPriceItem--priceProc-arrow"},"wdio_ui5_key":"applicationmanagepricingrules-display-component---newInfoPriceItem--priceProc-arrow"}]}
RESULT: undefined
COMMAND: POST /session/d2ee73163e71edf45acf38a1abb82030/element - {"using":"xpath","value":"//*[@id=\"application-managepricingrules-display-component---newInfoPriceItem--priceProc-arrow\"]"}
RESULT: {}
RESULT: {"using":"xpath","value":"//*[@id=\"application-managepricingrules-display-component---newInfoPriceItem--priceProc-arrow\"]"}
COMMAND: POST /session/d2ee73163e71edf45acf38a1abb82030/element/f.39032AFF0B9C80A7D793EE88796AE887.d.AEDBB564A062EBF700BF7BD20ADA7C0C.e.9335/click - {}
RESULT: {}
COMMAND: POST /session/d2ee73163e71edf45acf38a1abb82030/element - {"using":"xpath","value":"//span[contains(text(), \"TB - Time based BGL\")]"}
COMMAND: GET /session/d2ee73163e71edf45acf38a1abb82030/screenshot - {}
RESULT: {"using":"xpath","value":"//span[contains(text(), \"TB - Time based BGL\")]"}
COMMAND: POST /session/d2ee73163e71edf45acf38a1abb82030/element/f.39032AFF0B9C80A7D793EE88796AE887.d.AEDBB564A062EBF700BF7BD20ADA7C0C.e.9371/click - {}
RESULT: {}
RESULT: {}
COMMAND: POST /session/d2ee73163e71edf45acf38a1abb82030/execute/async - {"script":"<script> [1562 bytes]","args":[{"selector":{"id":"application-managepricingrules-display-component---newInfoPriceItem--calcBase-arrow"},"wdio_ui5_key":"applicationmanagepricingrules-display-component---newInfoPriceItem--calcBase-arrow"}]}
COMMAND: GET /session/d2ee73163e71edf45acf38a1abb82030/screenshot - {}
RESULT: {"script":"<script> [1562 bytes]","args":[{"selector":{"id":"application-managepricingrules-display-component---newInfoPriceItem--calcBase-arrow"},"wdio_ui5_key":"applicationmanagepricingrules-display-component---newInfoPriceItem--calcBase-arrow"}]}
RESULT: undefined
COMMAND: POST /session/d2ee73163e71edf45acf38a1abb82030/element - {"using":"xpath","value":"//*[@id=\"application-managepricingrules-display-component---newInfoPriceItem--calcBase-arrow\"]"}
RESULT: {}
RESULT: {"using":"xpath","value":"//*[@id=\"application-managepricingrules-display-component---newInfoPriceItem--calcBase-arrow\"]"}
COMMAND: POST /session/d2ee73163e71edf45acf38a1abb82030/element/f.39032AFF0B9C80A7D793EE88796AE887.d.AEDBB564A062EBF700BF7BD20ADA7C0C.e.9342/click - {}
RESULT: {}
COMMAND: GET /session/d2ee73163e71edf45acf38a1abb82030/screenshot - {}
RESULT: {}
COMMAND: POST /session/d2ee73163e71edf45acf38a1abb82030/element - {"using":"xpath","value":"//span[contains(text(), \"0006 - TB(calendar days)\")]"}
RESULT: {"using":"xpath","value":"//span[contains(text(), \"0006 - TB(calendar days)\")]"}
COMMAND: POST /session/d2ee73163e71edf45acf38a1abb82030/element/f.39032AFF0B9C80A7D793EE88796AE887.d.AEDBB564A062EBF700BF7BD20ADA7C0C.e.9372/click - {}
RESULT: {}
COMMAND: GET /session/d2ee73163e71edf45acf38a1abb82030/screenshot - {}
RESULT: {}
COMMAND: POST /session/d2ee73163e71edf45acf38a1abb82030/execute/async - {"script":"<script> [1562 bytes]","args":[{"selector":{"id":"application-managepricingrules-display-component---newInfoPriceItem--hoursMonth","interaction":{"idSuffix":"inner"}},"wdio_ui5_key":"applicationmanagepricingrules-display-component---newInfoPriceItem--hoursMonth"}]}
RESULT: {"script":"<script> [1562 bytes]","args":[{"selector":{"id":"application-managepricingrules-display-component---newInfoPriceItem--hoursMonth","interaction":{"idSuffix":"inner"}},"wdio_ui5_key":"applicationmanagepricingrules-display-component---newInfoPriceItem--hoursMonth"}]}
RESULT: undefined
COMMAND: POST /session/d2ee73163e71edf45acf38a1abb82030/execute/async - {"script":"<script> [776 bytes]","args":[{"enterText":"160","selector":{"id":"application-managepricingrules-display-component---newInfoPriceItem--hoursMonth","interaction":{"idSuffix":"inner"}},"clearTextFirst":true,"interactionType":"ENTER_TEXT"}]}
RESULT: {"script":"<script> [776 bytes]","args":[{"enterText":"160","selector":{"id":"application-managepricingrules-display-component---newInfoPriceItem--hoursMonth","interaction":{"idSuffix":"inner"}},"clearTextFirst":true,"interactionType":"ENTER_TEXT"}]}
COMMAND: POST /session/d2ee73163e71edf45acf38a1abb82030/execute/async - {"script":"<script> [1562 bytes]","args":[{"selector":{"id":"application-managepricingrules-display-component---newInfoPriceItem--daysMonth","interaction":{"idSuffix":"inner"}},"wdio_ui5_key":"applicationmanagepricingrules-display-component---newInfoPriceItem--daysMonth"}]}
RESULT: {"script":"<script> [1562 bytes]","args":[{"selector":{"id":"application-managepricingrules-display-component---newInfoPriceItem--daysMonth","interaction":{"idSuffix":"inner"}},"wdio_ui5_key":"applicationmanagepricingrules-display-component---newInfoPriceItem--daysMonth"}]}
RESULT: undefined
COMMAND: POST /session/d2ee73163e71edf45acf38a1abb82030/execute/async - {"script":"<script> [776 bytes]","args":[{"enterText":"30","selector":{"id":"application-managepricingrules-display-component---newInfoPriceItem--daysMonth","interaction":{"idSuffix":"inner"}},"clearTextFirst":true,"interactionType":"ENTER_TEXT"}]}
RESULT: {"script":"<script> [776 bytes]","args":[{"enterText":"30","selector":{"id":"application-managepricingrules-display-component---newInfoPriceItem--daysMonth","interaction":{"idSuffix":"inner"}},"clearTextFirst":true,"interactionType":"ENTER_TEXT"}]}
COMMAND: POST /session/d2ee73163e71edf45acf38a1abb82030/element - {"using":"xpath","value":"//button[@data-kt=\"saveNewRuleButton\"]"}
RESULT: {"using":"xpath","value":"//button[@data-kt=\"saveNewRuleButton\"]"}
COMMAND: POST /session/d2ee73163e71edf45acf38a1abb82030/element/f.39032AFF0B9C80A7D793EE88796AE887.d.AEDBB564A062EBF700BF7BD20ADA7C0C.e.9362/click - {}
RESULT: {}
COMMAND: GET /session/d2ee73163e71edf45acf38a1abb82030/screenshot - {}
RESULT: {}
COMMAND: POST /session/d2ee73163e71edf45acf38a1abb82030/execute/async - {"script":"<script> [1562 bytes]","args":[{"selector":{"id":"application-managepricingrules-display-component---priceInfoItem--smartFilterBar-btnBasicSearch","interaction":{"idSuffix":"I"}},"wdio_ui5_key":"applicationmanagepricingrules-display-component---priceInfoItem--smartFilterBar-btnBasicSearch"}]}
RESULT: {"script":"<script> [1562 bytes]","args":[{"selector":{"id":"application-managepricingrules-display-component---priceInfoItem--smartFilterBar-btnBasicSearch","interaction":{"idSuffix":"I"}},"wdio_ui5_key":"applicationmanagepricingrules-display-component---priceInfoItem--smartFilterBar-btnBasicSearch"}]}
RESULT: undefined
COMMAND: POST /session/d2ee73163e71edf45acf38a1abb82030/execute/async - {"script":"<script> [776 bytes]","args":[{"enterText":"FFNLucDmUq","selector":{"id":"application-managepricingrules-display-component---priceInfoItem--smartFilterBar-btnBasicSearch","interaction":{"idSuffix":"I"}},"clearTextFirst":true,"interactionType":"ENTER_TEXT"}]}
RESULT: {"script":"<script> [776 bytes]","args":[{"enterText":"FFNLucDmUq","selector":{"id":"application-managepricingrules-display-component---priceInfoItem--smartFilterBar-btnBasicSearch","interaction":{"idSuffix":"I"}},"clearTextFirst":true,"interactionType":"ENTER_TEXT"}]}
COMMAND: POST /session/d2ee73163e71edf45acf38a1abb82030/actions - {"actions":[{"id":"action32","type":"key","parameters":{},"actions":[{"type":"keyDown","value":"î€‡"},{"type":"pause","duration":10},{"type":"keyUp","value":"î€‡"}]}]}
RESULT: {"actions":[{"id":"action32","type":"key","parameters":{},"actions":[{"type":"keyDown","value":"î€‡"},{"type":"pause","duration":10},{"type":"keyUp","value":"î€‡"}]}]}
COMMAND: GET /session/d2ee73163e71edf45acf38a1abb82030/screenshot - {}
RESULT: {}
COMMAND: POST /session/d2ee73163e71edf45acf38a1abb82030/element - {"using":"xpath","value":"//span[@id=\"application-managepricingrules-display-component---priceInfoItem--smartTable-header-inner\"]"}
RESULT: {"using":"xpath","value":"//span[@id=\"application-managepricingrules-display-component---priceInfoItem--smartTable-header-inner\"]"}
COMMAND: POST /session/d2ee73163e71edf45acf38a1abb82030/elements - {"using":"xpath","value":"//span[@id=\"application-managepricingrules-display-component---priceInfoItem--smartTable-header-inner\"]"}
RESULT: {"using":"xpath","value":"//span[@id=\"application-managepricingrules-display-component---priceInfoItem--smartTable-header-inner\"]"}
COMMAND: POST /session/d2ee73163e71edf45acf38a1abb82030/execute/sync - {"script":"<script> [56 bytes]","args":[{"element-6066-11e4-a52e-4f735466cecf":"f.39032AFF0B9C80A7D793EE88796AE887.d.AEDBB564A062EBF700BF7BD20ADA7C0C.e.9387","ELEMENT":"f.39032AFF0B9C80A7D793EE88796AE887.d.AEDBB564A062EBF700BF7BD20ADA7C0C.e.9387"}]}
RESULT: {"script":"<script> [56 bytes]","args":[{"element-6066-11e4-a52e-4f735466cecf":"f.39032AFF0B9C80A7D793EE88796AE887.d.AEDBB564A062EBF700BF7BD20ADA7C0C.e.9387","ELEMENT":"f.39032AFF0B9C80A7D793EE88796AE887.d.AEDBB564A062EBF700BF7BD20ADA7C0C.e.9387"}]}
COMMAND: POST /session/d2ee73163e71edf45acf38a1abb82030/element - {"using":"css selector","value":"#shell-header-logo"}
COMMAND: GET /session/d2ee73163e71edf45acf38a1abb82030/screenshot - {}
RESULT: {"using":"css selector","value":"#shell-header-logo"}
COMMAND: POST /session/d2ee73163e71edf45acf38a1abb82030/element/f.39032AFF0B9C80A7D793EE88796AE887.d.AEDBB564A062EBF700BF7BD20ADA7C0C.e.8341/click - {}
RESULT: {}
RESULT: {}
COMMAND: GET /session/d2ee73163e71edf45acf38a1abb82030/screenshot - {}
RESULT: {}
]]></system-out>
    </testcase>
    <testcase classname="chrome.136_0_7103_93.windows.Create_master_data_for_mixed_billing_&amp;_do_billing_calculation_US151661" name="Should add one time condition" time="64.778">
      <system-out><![CDATA[
COMMAND: POST /session/d2ee73163e71edf45acf38a1abb82030/execute/async - {"script":"<script> [1562 bytes]","args":[{"selector":{"controlType":"sap.m.GenericTile","properties":{"header":"Manage Conditions & Prices"}},"wdio_ui5_key":"sapm.GenericTile{\"header\":\"Manage Conditions & Prices\"}"}]}
RESULT: {"script":"<script> [1562 bytes]","args":[{"selector":{"controlType":"sap.m.GenericTile","properties":{"header":"Manage Conditions & Prices"}},"wdio_ui5_key":"sapm.GenericTile{\"header\":\"Manage Conditions & Prices\"}"}]}
RESULT: undefined
COMMAND: POST /session/d2ee73163e71edf45acf38a1abb82030/element - {"using":"xpath","value":"//*[@id=\"__tile53\"]"}
RESULT: {"using":"xpath","value":"//*[@id=\"__tile53\"]"}
COMMAND: POST /session/d2ee73163e71edf45acf38a1abb82030/element/f.39032AFF0B9C80A7D793EE88796AE887.d.AEDBB564A062EBF700BF7BD20ADA7C0C.e.6026/click - {}
RESULT: {}
COMMAND: GET /session/d2ee73163e71edf45acf38a1abb82030/screenshot - {}
RESULT: {}
COMMAND: POST /session/d2ee73163e71edf45acf38a1abb82030/elements - {"using":"xpath","value":"//span[text()='Error']"}
RESULT: {"using":"xpath","value":"//span[text()='Error']"}
COMMAND: POST /session/d2ee73163e71edf45acf38a1abb82030/element - {"using":"xpath","value":"//button[@aria-label=\"Create\"]"}
RESULT: {"using":"xpath","value":"//button[@aria-label=\"Create\"]"}
COMMAND: POST /session/d2ee73163e71edf45acf38a1abb82030/elements - {"using":"xpath","value":"//button[@aria-label=\"Create\"]"}
RESULT: {"using":"xpath","value":"//button[@aria-label=\"Create\"]"}
COMMAND: POST /session/d2ee73163e71edf45acf38a1abb82030/execute/sync - {"script":"<script> [8489 bytes]","args":[{"element-6066-11e4-a52e-4f735466cecf":"f.39032AFF0B9C80A7D793EE88796AE887.d.AEDBB564A062EBF700BF7BD20ADA7C0C.e.9422","ELEMENT":"f.39032AFF0B9C80A7D793EE88796AE887.d.AEDBB564A062EBF700BF7BD20ADA7C0C.e.9422"}]}
RESULT: {"script":"<script> [8489 bytes]","args":[{"element-6066-11e4-a52e-4f735466cecf":"f.39032AFF0B9C80A7D793EE88796AE887.d.AEDBB564A062EBF700BF7BD20ADA7C0C.e.9422","ELEMENT":"f.39032AFF0B9C80A7D793EE88796AE887.d.AEDBB564A062EBF700BF7BD20ADA7C0C.e.9422"}]}
COMMAND: GET /session/d2ee73163e71edf45acf38a1abb82030/element/f.39032AFF0B9C80A7D793EE88796AE887.d.AEDBB564A062EBF700BF7BD20ADA7C0C.e.9422/enabled - {}
COMMAND: GET /session/d2ee73163e71edf45acf38a1abb82030/screenshot - {}
RESULT: {}
COMMAND: POST /session/d2ee73163e71edf45acf38a1abb82030/execute/sync - {"script":"<script> [8489 bytes]","args":[{"element-6066-11e4-a52e-4f735466cecf":"f.39032AFF0B9C80A7D793EE88796AE887.d.AEDBB564A062EBF700BF7BD20ADA7C0C.e.9422","ELEMENT":"f.39032AFF0B9C80A7D793EE88796AE887.d.AEDBB564A062EBF700BF7BD20ADA7C0C.e.9422"}]}
COMMAND: GET /session/d2ee73163e71edf45acf38a1abb82030/screenshot - {}
RESULT: {}
RESULT: {"script":"<script> [8489 bytes]","args":[{"element-6066-11e4-a52e-4f735466cecf":"f.39032AFF0B9C80A7D793EE88796AE887.d.AEDBB564A062EBF700BF7BD20ADA7C0C.e.9422","ELEMENT":"f.39032AFF0B9C80A7D793EE88796AE887.d.AEDBB564A062EBF700BF7BD20ADA7C0C.e.9422"}]}
COMMAND: POST /session/d2ee73163e71edf45acf38a1abb82030/execute/sync - {"script":"<script> [5351 bytes]","args":[{"element-6066-11e4-a52e-4f735466cecf":"f.39032AFF0B9C80A7D793EE88796AE887.d.AEDBB564A062EBF700BF7BD20ADA7C0C.e.9422","ELEMENT":"f.39032AFF0B9C80A7D793EE88796AE887.d.AEDBB564A062EBF700BF7BD20ADA7C0C.e.9422"}]}
COMMAND: GET /session/d2ee73163e71edf45acf38a1abb82030/screenshot - {}
RESULT: {}
RESULT: {"script":"<script> [5351 bytes]","args":[{"element-6066-11e4-a52e-4f735466cecf":"f.39032AFF0B9C80A7D793EE88796AE887.d.AEDBB564A062EBF700BF7BD20ADA7C0C.e.9422","ELEMENT":"f.39032AFF0B9C80A7D793EE88796AE887.d.AEDBB564A062EBF700BF7BD20ADA7C0C.e.9422"}]}
COMMAND: POST /session/d2ee73163e71edf45acf38a1abb82030/element/f.39032AFF0B9C80A7D793EE88796AE887.d.AEDBB564A062EBF700BF7BD20ADA7C0C.e.9422/click - {}
COMMAND: GET /session/d2ee73163e71edf45acf38a1abb82030/screenshot - {}
RESULT: {}
RESULT: {}
COMMAND: GET /session/d2ee73163e71edf45acf38a1abb82030/screenshot - {}
RESULT: {}
RESULT: {}
COMMAND: POST /session/d2ee73163e71edf45acf38a1abb82030/actions - {"actions":[{"id":"action33","type":"key","parameters":{},"actions":[{"type":"keyDown","value":"î€‡"},{"type":"pause","duration":10},{"type":"keyUp","value":"î€‡"}]}]}
RESULT: {"actions":[{"id":"action33","type":"key","parameters":{},"actions":[{"type":"keyDown","value":"î€‡"},{"type":"pause","duration":10},{"type":"keyUp","value":"î€‡"}]}]}
COMMAND: GET /session/d2ee73163e71edf45acf38a1abb82030/screenshot - {}
RESULT: {}
COMMAND: POST /session/d2ee73163e71edf45acf38a1abb82030/execute/async - {"script":"<script> [1562 bytes]","args":[{"selector":{"id":"application-manageconditionprice-display-component---newCondition--condBillCond-arrow"},"wdio_ui5_key":"applicationmanageconditionprice-display-component---newCondition--condBillCond-arrow"}]}
RESULT: {"script":"<script> [1562 bytes]","args":[{"selector":{"id":"application-manageconditionprice-display-component---newCondition--condBillCond-arrow"},"wdio_ui5_key":"applicationmanageconditionprice-display-component---newCondition--condBillCond-arrow"}]}
RESULT: undefined
COMMAND: POST /session/d2ee73163e71edf45acf38a1abb82030/element - {"using":"xpath","value":"//*[@id=\"application-manageconditionprice-display-component---newCondition--condBillCond-arrow\"]"}
RESULT: {"using":"xpath","value":"//*[@id=\"application-manageconditionprice-display-component---newCondition--condBillCond-arrow\"]"}
COMMAND: POST /session/d2ee73163e71edf45acf38a1abb82030/element/f.39032AFF0B9C80A7D793EE88796AE887.d.AEDBB564A062EBF700BF7BD20ADA7C0C.e.9597/click - {}
RESULT: {}
COMMAND: GET /session/d2ee73163e71edf45acf38a1abb82030/screenshot - {}
RESULT: {}
COMMAND: POST /session/d2ee73163e71edf45acf38a1abb82030/element - {"using":"xpath","value":"//li[.//span[contains(text(), \"SAPR - Sales price\")]]"}
RESULT: {"using":"xpath","value":"//li[.//span[contains(text(), \"SAPR - Sales price\")]]"}
COMMAND: POST /session/d2ee73163e71edf45acf38a1abb82030/element/f.39032AFF0B9C80A7D793EE88796AE887.d.AEDBB564A062EBF700BF7BD20ADA7C0C.e.9601/click - {}
RESULT: {}
COMMAND: GET /session/d2ee73163e71edf45acf38a1abb82030/screenshot - {}
RESULT: {}
COMMAND: POST /session/d2ee73163e71edf45acf38a1abb82030/execute/async - {"script":"<script> [1562 bytes]","args":[{"selector":{"id":"application-manageconditionprice-display-component---newCondition--condValidTo","interaction":{"idSuffix":"inner"}},"wdio_ui5_key":"applicationmanageconditionprice-display-component---newCondition--condValidTo"}]}
RESULT: {"script":"<script> [1562 bytes]","args":[{"selector":{"id":"application-manageconditionprice-display-component---newCondition--condValidTo","interaction":{"idSuffix":"inner"}},"wdio_ui5_key":"applicationmanageconditionprice-display-component---newCondition--condValidTo"}]}
RESULT: undefined
COMMAND: POST /session/d2ee73163e71edf45acf38a1abb82030/execute/async - {"script":"<script> [776 bytes]","args":[{"enterText":"1/16/26","selector":{"id":"application-manageconditionprice-display-component---newCondition--condValidTo","interaction":{"idSuffix":"inner"}},"clearTextFirst":true,"interactionType":"ENTER_TEXT"}]}
RESULT: {"script":"<script> [776 bytes]","args":[{"enterText":"1/16/26","selector":{"id":"application-manageconditionprice-display-component---newCondition--condValidTo","interaction":{"idSuffix":"inner"}},"clearTextFirst":true,"interactionType":"ENTER_TEXT"}]}
COMMAND: POST /session/d2ee73163e71edf45acf38a1abb82030/element - {"using":"xpath","value":"//input[@id=\"application-manageconditionprice-display-component---newCondition--condRU-inner\"]"}
RESULT: {"using":"xpath","value":"//input[@id=\"application-manageconditionprice-display-component---newCondition--condRU-inner\"]"}
COMMAND: POST /session/d2ee73163e71edf45acf38a1abb82030/element/f.39032AFF0B9C80A7D793EE88796AE887.d.AEDBB564A062EBF700BF7BD20ADA7C0C.e.9464/clear - {}
RESULT: {}
COMMAND: POST /session/d2ee73163e71edf45acf38a1abb82030/element/f.39032AFF0B9C80A7D793EE88796AE887.d.AEDBB564A062EBF700BF7BD20ADA7C0C.e.9464/value - {"text":"FFNLucDmUq"}
COMMAND: GET /session/d2ee73163e71edf45acf38a1abb82030/screenshot - {}
RESULT: {"text":"FFNLucDmUq"}
COMMAND: GET /session/d2ee73163e71edf45acf38a1abb82030/screenshot - {}
RESULT: {}
RESULT: {}
COMMAND: POST /session/d2ee73163e71edf45acf38a1abb82030/actions - {"actions":[{"id":"action34","type":"key","parameters":{},"actions":[{"type":"keyDown","value":"î€‡"},{"type":"pause","duration":10},{"type":"keyUp","value":"î€‡"}]}]}
RESULT: {"actions":[{"id":"action34","type":"key","parameters":{},"actions":[{"type":"keyDown","value":"î€‡"},{"type":"pause","duration":10},{"type":"keyUp","value":"î€‡"}]}]}
COMMAND: POST /session/d2ee73163e71edf45acf38a1abb82030/execute/async - {"script":"<script> [1562 bytes]","args":[{"selector":{"id":"application-manageconditionprice-display-component---newCondition--condBaseQty","interaction":{"idSuffix":"inner"}},"wdio_ui5_key":"applicationmanageconditionprice-display-component---newCondition--condBaseQty"}]}
COMMAND: GET /session/d2ee73163e71edf45acf38a1abb82030/screenshot - {}
RESULT: {"script":"<script> [1562 bytes]","args":[{"selector":{"id":"application-manageconditionprice-display-component---newCondition--condBaseQty","interaction":{"idSuffix":"inner"}},"wdio_ui5_key":"applicationmanageconditionprice-display-component---newCondition--condBaseQty"}]}
RESULT: undefined
COMMAND: POST /session/d2ee73163e71edf45acf38a1abb82030/execute/async - {"script":"<script> [776 bytes]","args":[{"enterText":"1","selector":{"id":"application-manageconditionprice-display-component---newCondition--condBaseQty","interaction":{"idSuffix":"inner"}},"clearTextFirst":true,"interactionType":"ENTER_TEXT"}]}
RESULT: {}
RESULT: {"script":"<script> [776 bytes]","args":[{"enterText":"1","selector":{"id":"application-manageconditionprice-display-component---newCondition--condBaseQty","interaction":{"idSuffix":"inner"}},"clearTextFirst":true,"interactionType":"ENTER_TEXT"}]}
COMMAND: POST /session/d2ee73163e71edf45acf38a1abb82030/execute/async - {"script":"<script> [1562 bytes]","args":[{"selector":{"id":"application-manageconditionprice-display-component---newCondition--condValue","interaction":{"idSuffix":"inner"}},"wdio_ui5_key":"applicationmanageconditionprice-display-component---newCondition--condValue"}]}
RESULT: {"script":"<script> [1562 bytes]","args":[{"selector":{"id":"application-manageconditionprice-display-component---newCondition--condValue","interaction":{"idSuffix":"inner"}},"wdio_ui5_key":"applicationmanageconditionprice-display-component---newCondition--condValue"}]}
RESULT: undefined
COMMAND: POST /session/d2ee73163e71edf45acf38a1abb82030/execute/async - {"script":"<script> [776 bytes]","args":[{"enterText":"200","selector":{"id":"application-manageconditionprice-display-component---newCondition--condValue","interaction":{"idSuffix":"inner"}},"clearTextFirst":true,"interactionType":"ENTER_TEXT"}]}
RESULT: {"script":"<script> [776 bytes]","args":[{"enterText":"200","selector":{"id":"application-manageconditionprice-display-component---newCondition--condValue","interaction":{"idSuffix":"inner"}},"clearTextFirst":true,"interactionType":"ENTER_TEXT"}]}
COMMAND: POST /session/d2ee73163e71edf45acf38a1abb82030/execute/async - {"script":"<script> [1562 bytes]","args":[{"selector":{"id":"application-manageconditionprice-display-component---newCondition--condCurr-arrow"},"wdio_ui5_key":"applicationmanageconditionprice-display-component---newCondition--condCurr-arrow"}]}
RESULT: {"script":"<script> [1562 bytes]","args":[{"selector":{"id":"application-manageconditionprice-display-component---newCondition--condCurr-arrow"},"wdio_ui5_key":"applicationmanageconditionprice-display-component---newCondition--condCurr-arrow"}]}
RESULT: undefined
COMMAND: POST /session/d2ee73163e71edf45acf38a1abb82030/element - {"using":"xpath","value":"//*[@id=\"application-manageconditionprice-display-component---newCondition--condCurr-arrow\"]"}
RESULT: {"using":"xpath","value":"//*[@id=\"application-manageconditionprice-display-component---newCondition--condCurr-arrow\"]"}
COMMAND: POST /session/d2ee73163e71edf45acf38a1abb82030/element/f.39032AFF0B9C80A7D793EE88796AE887.d.AEDBB564A062EBF700BF7BD20ADA7C0C.e.9581/click - {}
RESULT: {}
COMMAND: POST /session/d2ee73163e71edf45acf38a1abb82030/element - {"using":"xpath","value":"//span[contains(text(), \"Euro\")]"}
COMMAND: GET /session/d2ee73163e71edf45acf38a1abb82030/screenshot - {}
RESULT: {"using":"xpath","value":"//span[contains(text(), \"Euro\")]"}
COMMAND: POST /session/d2ee73163e71edf45acf38a1abb82030/element/f.39032AFF0B9C80A7D793EE88796AE887.d.AEDBB564A062EBF700BF7BD20ADA7C0C.e.9639/click - {}
RESULT: {}
RESULT: {}
COMMAND: POST /session/d2ee73163e71edf45acf38a1abb82030/element - {"using":"xpath","value":"//button[@data-kt=\"saveButton\"]"}
COMMAND: GET /session/d2ee73163e71edf45acf38a1abb82030/screenshot - {}
RESULT: {}
RESULT: {"using":"xpath","value":"//button[@data-kt=\"saveButton\"]"}
COMMAND: POST /session/d2ee73163e71edf45acf38a1abb82030/element/f.39032AFF0B9C80A7D793EE88796AE887.d.AEDBB564A062EBF700BF7BD20ADA7C0C.e.9582/click - {}
RESULT: {}
COMMAND: GET /session/d2ee73163e71edf45acf38a1abb82030/screenshot - {}
RESULT: {}
COMMAND: POST /session/d2ee73163e71edf45acf38a1abb82030/execute/async - {"script":"<script> [1562 bytes]","args":[{"selector":{"id":"application-manageconditionprice-display-component---conditions--smartFilterBar-btnBasicSearch","interaction":{"idSuffix":"I"}},"wdio_ui5_key":"applicationmanageconditionprice-display-component---conditions--smartFilterBar-btnBasicSearch"}]}
RESULT: {"script":"<script> [1562 bytes]","args":[{"selector":{"id":"application-manageconditionprice-display-component---conditions--smartFilterBar-btnBasicSearch","interaction":{"idSuffix":"I"}},"wdio_ui5_key":"applicationmanageconditionprice-display-component---conditions--smartFilterBar-btnBasicSearch"}]}
RESULT: undefined
COMMAND: POST /session/d2ee73163e71edf45acf38a1abb82030/execute/async - {"script":"<script> [776 bytes]","args":[{"enterText":"FFNLucDmUq","selector":{"id":"application-manageconditionprice-display-component---conditions--smartFilterBar-btnBasicSearch","interaction":{"idSuffix":"I"}},"clearTextFirst":true,"interactionType":"ENTER_TEXT"}]}
RESULT: {"script":"<script> [776 bytes]","args":[{"enterText":"FFNLucDmUq","selector":{"id":"application-manageconditionprice-display-component---conditions--smartFilterBar-btnBasicSearch","interaction":{"idSuffix":"I"}},"clearTextFirst":true,"interactionType":"ENTER_TEXT"}]}
COMMAND: POST /session/d2ee73163e71edf45acf38a1abb82030/actions - {"actions":[{"id":"action35","type":"key","parameters":{},"actions":[{"type":"keyDown","value":"î€‡"},{"type":"pause","duration":10},{"type":"keyUp","value":"î€‡"}]}]}
RESULT: {"actions":[{"id":"action35","type":"key","parameters":{},"actions":[{"type":"keyDown","value":"î€‡"},{"type":"pause","duration":10},{"type":"keyUp","value":"î€‡"}]}]}
COMMAND: GET /session/d2ee73163e71edf45acf38a1abb82030/screenshot - {}
RESULT: {}
COMMAND: POST /session/d2ee73163e71edf45acf38a1abb82030/execute/async - {"script":"<script> [1562 bytes]","args":[{"selector":{"id":"application-manageconditionprice-display-component---conditions--smartFilterBar-filterItemControl_BASIC-BILL_TYPES-vhi"},"wdio_ui5_key":"applicationmanageconditionprice-display-component---conditions--smartFilterBar-filterItemControl_BASIC-BILL_TYPES-vhi"}]}
RESULT: {"script":"<script> [1562 bytes]","args":[{"selector":{"id":"application-manageconditionprice-display-component---conditions--smartFilterBar-filterItemControl_BASIC-BILL_TYPES-vhi"},"wdio_ui5_key":"applicationmanageconditionprice-display-component---conditions--smartFilterBar-filterItemControl_BASIC-BILL_TYPES-vhi"}]}
RESULT: undefined
COMMAND: POST /session/d2ee73163e71edf45acf38a1abb82030/element - {"using":"xpath","value":"//*[@id=\"application-manageconditionprice-display-component---conditions--smartFilterBar-filterItemControl_BASIC-BILL_TYPES-vhi\"]"}
RESULT: {"using":"xpath","value":"//*[@id=\"application-manageconditionprice-display-component---conditions--smartFilterBar-filterItemControl_BASIC-BILL_TYPES-vhi\"]"}
COMMAND: POST /session/d2ee73163e71edf45acf38a1abb82030/element/f.39032AFF0B9C80A7D793EE88796AE887.d.AEDBB564A062EBF700BF7BD20ADA7C0C.e.9656/click - {}
RESULT: {}
COMMAND: POST /session/d2ee73163e71edf45acf38a1abb82030/execute/async - {"script":"<script> [1562 bytes]","args":[{"selector":{"id":"application-manageconditionprice-display-component---conditions--smartFilterBar-filterItemControl_BASIC-BILL_TYPES-valueHelpDialog-smartFilterBar-btnBasicSearch","searchOpenDialogs":true,"interaction":{"idSuffix":"I"}},"wdio_ui5_key":"applicationmanageconditionprice-display-component---conditions--smartFilterBar-filterItemControl_BASIC-BILL_TYPES-valueHelpDialog-smartFilterBar-btnBasicSearch"}]}
COMMAND: GET /session/d2ee73163e71edf45acf38a1abb82030/screenshot - {}
RESULT: {"script":"<script> [1562 bytes]","args":[{"selector":{"id":"application-manageconditionprice-display-component---conditions--smartFilterBar-filterItemControl_BASIC-BILL_TYPES-valueHelpDialog-smartFilterBar-btnBasicSearch","searchOpenDialogs":true,"interaction":{"idSuffix":"I"}},"wdio_ui5_key":"applicationmanageconditionprice-display-component---conditions--smartFilterBar-filterItemControl_BASIC-BILL_TYPES-valueHelpDialog-smartFilterBar-btnBasicSearch"}]}
RESULT: undefined
COMMAND: POST /session/d2ee73163e71edf45acf38a1abb82030/execute/async - {"script":"<script> [776 bytes]","args":[{"enterText":"one","selector":{"id":"application-manageconditionprice-display-component---conditions--smartFilterBar-filterItemControl_BASIC-BILL_TYPES-valueHelpDialog-smartFilterBar-btnBasicSearch","searchOpenDialogs":true,"interaction":{"idSuffix":"I"}},"clearTextFirst":true,"interactionType":"ENTER_TEXT"}]}
RESULT: {}
RESULT: {"script":"<script> [776 bytes]","args":[{"enterText":"one","selector":{"id":"application-manageconditionprice-display-component---conditions--smartFilterBar-filterItemControl_BASIC-BILL_TYPES-valueHelpDialog-smartFilterBar-btnBasicSearch","searchOpenDialogs":true,"interaction":{"idSuffix":"I"}},"clearTextFirst":true,"interactionType":"ENTER_TEXT"}]}
COMMAND: POST /session/d2ee73163e71edf45acf38a1abb82030/actions - {"actions":[{"id":"action36","type":"key","parameters":{},"actions":[{"type":"keyDown","value":"î€‡"},{"type":"pause","duration":10},{"type":"keyUp","value":"î€‡"}]}]}
RESULT: {"actions":[{"id":"action36","type":"key","parameters":{},"actions":[{"type":"keyDown","value":"î€‡"},{"type":"pause","duration":10},{"type":"keyUp","value":"î€‡"}]}]}
COMMAND: GET /session/d2ee73163e71edf45acf38a1abb82030/screenshot - {}
RESULT: {}
COMMAND: POST /session/d2ee73163e71edf45acf38a1abb82030/element - {"using":"xpath","value":"//div[contains(@id, 'application-manageconditionprice-display-component---conditions--smartFilterBar-filterItemControl_BASIC-BILL_TYPES-valueHelpDialog-table-rowsel0')]"}
RESULT: {"using":"xpath","value":"//div[contains(@id, 'application-manageconditionprice-display-component---conditions--smartFilterBar-filterItemControl_BASIC-BILL_TYPES-valueHelpDialog-table-rowsel0')]"}
COMMAND: POST /session/d2ee73163e71edf45acf38a1abb82030/element/f.39032AFF0B9C80A7D793EE88796AE887.d.AEDBB564A062EBF700BF7BD20ADA7C0C.e.9665/click - {}
RESULT: {}
COMMAND: GET /session/d2ee73163e71edf45acf38a1abb82030/screenshot - {}
RESULT: {}
COMMAND: POST /session/d2ee73163e71edf45acf38a1abb82030/element - {"using":"xpath","value":"//bdi[contains(text(), \"OK\")]"}
RESULT: {"using":"xpath","value":"//bdi[contains(text(), \"OK\")]"}
COMMAND: POST /session/d2ee73163e71edf45acf38a1abb82030/element/f.39032AFF0B9C80A7D793EE88796AE887.d.AEDBB564A062EBF700BF7BD20ADA7C0C.e.9667/click - {}
RESULT: {}
COMMAND: GET /session/d2ee73163e71edf45acf38a1abb82030/screenshot - {}
RESULT: {}
COMMAND: POST /session/d2ee73163e71edf45acf38a1abb82030/element - {"using":"xpath","value":"//span[@id=\"application-manageconditionprice-display-component---conditions--smartTable-header-inner\"]"}
RESULT: {"using":"xpath","value":"//span[@id=\"application-manageconditionprice-display-component---conditions--smartTable-header-inner\"]"}
COMMAND: POST /session/d2ee73163e71edf45acf38a1abb82030/elements - {"using":"xpath","value":"//span[@id=\"application-manageconditionprice-display-component---conditions--smartTable-header-inner\"]"}
RESULT: {"using":"xpath","value":"//span[@id=\"application-manageconditionprice-display-component---conditions--smartTable-header-inner\"]"}
COMMAND: POST /session/d2ee73163e71edf45acf38a1abb82030/execute/sync - {"script":"<script> [56 bytes]","args":[{"element-6066-11e4-a52e-4f735466cecf":"f.39032AFF0B9C80A7D793EE88796AE887.d.AEDBB564A062EBF700BF7BD20ADA7C0C.e.9670","ELEMENT":"f.39032AFF0B9C80A7D793EE88796AE887.d.AEDBB564A062EBF700BF7BD20ADA7C0C.e.9670"}]}
RESULT: {"script":"<script> [56 bytes]","args":[{"element-6066-11e4-a52e-4f735466cecf":"f.39032AFF0B9C80A7D793EE88796AE887.d.AEDBB564A062EBF700BF7BD20ADA7C0C.e.9670","ELEMENT":"f.39032AFF0B9C80A7D793EE88796AE887.d.AEDBB564A062EBF700BF7BD20ADA7C0C.e.9670"}]}
COMMAND: POST /session/d2ee73163e71edf45acf38a1abb82030/element - {"using":"css selector","value":"#shell-header-logo"}
COMMAND: GET /session/d2ee73163e71edf45acf38a1abb82030/screenshot - {}
RESULT: {"using":"css selector","value":"#shell-header-logo"}
COMMAND: POST /session/d2ee73163e71edf45acf38a1abb82030/element/f.39032AFF0B9C80A7D793EE88796AE887.d.AEDBB564A062EBF700BF7BD20ADA7C0C.e.9390/click - {}
RESULT: {}
RESULT: {}
COMMAND: GET /session/d2ee73163e71edf45acf38a1abb82030/screenshot - {}
RESULT: {}
]]></system-out>
    </testcase>
    <testcase classname="chrome.136_0_7103_93.windows.Create_master_data_for_mixed_billing_&amp;_do_billing_calculation_US151661" name="Should add performance based condition" time="61.312">
      <system-out><![CDATA[
RESULT: undefined
COMMAND: POST /session/d2ee73163e71edf45acf38a1abb82030/element - {"using":"xpath","value":"//*[@id=\"__tile53\"]"}
RESULT: {"using":"xpath","value":"//*[@id=\"__tile53\"]"}
COMMAND: POST /session/d2ee73163e71edf45acf38a1abb82030/element/f.39032AFF0B9C80A7D793EE88796AE887.d.AEDBB564A062EBF700BF7BD20ADA7C0C.e.6026/click - {}
RESULT: {}
COMMAND: GET /session/d2ee73163e71edf45acf38a1abb82030/screenshot - {}
RESULT: {}
COMMAND: POST /session/d2ee73163e71edf45acf38a1abb82030/elements - {"using":"xpath","value":"//span[text()='Error']"}
RESULT: {"using":"xpath","value":"//span[text()='Error']"}
COMMAND: POST /session/d2ee73163e71edf45acf38a1abb82030/element - {"using":"xpath","value":"//button[@aria-label=\"Create\"]"}
RESULT: {"using":"xpath","value":"//button[@aria-label=\"Create\"]"}
COMMAND: POST /session/d2ee73163e71edf45acf38a1abb82030/elements - {"using":"xpath","value":"//button[@aria-label=\"Create\"]"}
RESULT: {"using":"xpath","value":"//button[@aria-label=\"Create\"]"}
COMMAND: POST /session/d2ee73163e71edf45acf38a1abb82030/execute/sync - {"script":"<script> [8489 bytes]","args":[{"element-6066-11e4-a52e-4f735466cecf":"f.39032AFF0B9C80A7D793EE88796AE887.d.AEDBB564A062EBF700BF7BD20ADA7C0C.e.9735","ELEMENT":"f.39032AFF0B9C80A7D793EE88796AE887.d.AEDBB564A062EBF700BF7BD20ADA7C0C.e.9735"}]}
RESULT: {"script":"<script> [8489 bytes]","args":[{"element-6066-11e4-a52e-4f735466cecf":"f.39032AFF0B9C80A7D793EE88796AE887.d.AEDBB564A062EBF700BF7BD20ADA7C0C.e.9735","ELEMENT":"f.39032AFF0B9C80A7D793EE88796AE887.d.AEDBB564A062EBF700BF7BD20ADA7C0C.e.9735"}]}
COMMAND: GET /session/d2ee73163e71edf45acf38a1abb82030/element/f.39032AFF0B9C80A7D793EE88796AE887.d.AEDBB564A062EBF700BF7BD20ADA7C0C.e.9735/enabled - {}
COMMAND: GET /session/d2ee73163e71edf45acf38a1abb82030/screenshot - {}
RESULT: {}
COMMAND: POST /session/d2ee73163e71edf45acf38a1abb82030/execute/sync - {"script":"<script> [8489 bytes]","args":[{"element-6066-11e4-a52e-4f735466cecf":"f.39032AFF0B9C80A7D793EE88796AE887.d.AEDBB564A062EBF700BF7BD20ADA7C0C.e.9735","ELEMENT":"f.39032AFF0B9C80A7D793EE88796AE887.d.AEDBB564A062EBF700BF7BD20ADA7C0C.e.9735"}]}
COMMAND: GET /session/d2ee73163e71edf45acf38a1abb82030/screenshot - {}
RESULT: {}
RESULT: {"script":"<script> [8489 bytes]","args":[{"element-6066-11e4-a52e-4f735466cecf":"f.39032AFF0B9C80A7D793EE88796AE887.d.AEDBB564A062EBF700BF7BD20ADA7C0C.e.9735","ELEMENT":"f.39032AFF0B9C80A7D793EE88796AE887.d.AEDBB564A062EBF700BF7BD20ADA7C0C.e.9735"}]}
COMMAND: POST /session/d2ee73163e71edf45acf38a1abb82030/execute/sync - {"script":"<script> [5351 bytes]","args":[{"element-6066-11e4-a52e-4f735466cecf":"f.39032AFF0B9C80A7D793EE88796AE887.d.AEDBB564A062EBF700BF7BD20ADA7C0C.e.9735","ELEMENT":"f.39032AFF0B9C80A7D793EE88796AE887.d.AEDBB564A062EBF700BF7BD20ADA7C0C.e.9735"}]}
COMMAND: GET /session/d2ee73163e71edf45acf38a1abb82030/screenshot - {}
RESULT: {}
RESULT: {"script":"<script> [5351 bytes]","args":[{"element-6066-11e4-a52e-4f735466cecf":"f.39032AFF0B9C80A7D793EE88796AE887.d.AEDBB564A062EBF700BF7BD20ADA7C0C.e.9735","ELEMENT":"f.39032AFF0B9C80A7D793EE88796AE887.d.AEDBB564A062EBF700BF7BD20ADA7C0C.e.9735"}]}
COMMAND: POST /session/d2ee73163e71edf45acf38a1abb82030/element/f.39032AFF0B9C80A7D793EE88796AE887.d.AEDBB564A062EBF700BF7BD20ADA7C0C.e.9735/click - {}
COMMAND: GET /session/d2ee73163e71edf45acf38a1abb82030/screenshot - {}
RESULT: {}
RESULT: {}
COMMAND: GET /session/d2ee73163e71edf45acf38a1abb82030/screenshot - {}
RESULT: {}
RESULT: {}
COMMAND: POST /session/d2ee73163e71edf45acf38a1abb82030/actions - {"actions":[{"id":"action37","type":"key","parameters":{},"actions":[{"type":"keyDown","value":"î€‡"},{"type":"pause","duration":10},{"type":"keyUp","value":"î€‡"}]}]}
RESULT: {"actions":[{"id":"action37","type":"key","parameters":{},"actions":[{"type":"keyDown","value":"î€‡"},{"type":"pause","duration":10},{"type":"keyUp","value":"î€‡"}]}]}
COMMAND: GET /session/d2ee73163e71edf45acf38a1abb82030/screenshot - {}
RESULT: undefined
COMMAND: POST /session/d2ee73163e71edf45acf38a1abb82030/element - {"using":"xpath","value":"//*[@id=\"application-manageconditionprice-display-component---newCondition--condBillCond-arrow\"]"}
RESULT: {}
RESULT: {"using":"xpath","value":"//*[@id=\"application-manageconditionprice-display-component---newCondition--condBillCond-arrow\"]"}
COMMAND: POST /session/d2ee73163e71edf45acf38a1abb82030/element/f.39032AFF0B9C80A7D793EE88796AE887.d.AEDBB564A062EBF700BF7BD20ADA7C0C.e.10537/click - {}
RESULT: {}
COMMAND: GET /session/d2ee73163e71edf45acf38a1abb82030/screenshot - {}
RESULT: {}
COMMAND: POST /session/d2ee73163e71edf45acf38a1abb82030/element - {"using":"xpath","value":"//li[.//span[contains(text(), \"PC06 - Performance Price - fuel\")]]"}
RESULT: {"using":"xpath","value":"//li[.//span[contains(text(), \"PC06 - Performance Price - fuel\")]]"}
COMMAND: POST /session/d2ee73163e71edf45acf38a1abb82030/element/f.39032AFF0B9C80A7D793EE88796AE887.d.AEDBB564A062EBF700BF7BD20ADA7C0C.e.10540/click - {}
RESULT: {}
COMMAND: GET /session/d2ee73163e71edf45acf38a1abb82030/screenshot - {}
RESULT: {}
RESULT: undefined
COMMAND: POST /session/d2ee73163e71edf45acf38a1abb82030/execute/async - {"script":"<script> [776 bytes]","args":[{"enterText":"1/16/26","selector":{"id":"application-manageconditionprice-display-component---newCondition--condValidTo","interaction":{"idSuffix":"inner"}},"clearTextFirst":true,"interactionType":"ENTER_TEXT"}]}
RESULT: {"script":"<script> [776 bytes]","args":[{"enterText":"1/16/26","selector":{"id":"application-manageconditionprice-display-component---newCondition--condValidTo","interaction":{"idSuffix":"inner"}},"clearTextFirst":true,"interactionType":"ENTER_TEXT"}]}
COMMAND: POST /session/d2ee73163e71edf45acf38a1abb82030/element - {"using":"xpath","value":"//input[@id=\"application-manageconditionprice-display-component---newCondition--condRU-inner\"]"}
RESULT: {"using":"xpath","value":"//input[@id=\"application-manageconditionprice-display-component---newCondition--condRU-inner\"]"}
COMMAND: POST /session/d2ee73163e71edf45acf38a1abb82030/element/f.39032AFF0B9C80A7D793EE88796AE887.d.AEDBB564A062EBF700BF7BD20ADA7C0C.e.10261/clear - {}
RESULT: {}
COMMAND: POST /session/d2ee73163e71edf45acf38a1abb82030/element/f.39032AFF0B9C80A7D793EE88796AE887.d.AEDBB564A062EBF700BF7BD20ADA7C0C.e.10261/value - {"text":"FFNLucDmUq"}
COMMAND: GET /session/d2ee73163e71edf45acf38a1abb82030/screenshot - {}
RESULT: {"text":"FFNLucDmUq"}
COMMAND: GET /session/d2ee73163e71edf45acf38a1abb82030/screenshot - {}
RESULT: {}
RESULT: {}
COMMAND: POST /session/d2ee73163e71edf45acf38a1abb82030/actions - {"actions":[{"id":"action38","type":"key","parameters":{},"actions":[{"type":"keyDown","value":"î€‡"},{"type":"pause","duration":10},{"type":"keyUp","value":"î€‡"}]}]}
RESULT: {"actions":[{"id":"action38","type":"key","parameters":{},"actions":[{"type":"keyDown","value":"î€‡"},{"type":"pause","duration":10},{"type":"keyUp","value":"î€‡"}]}]}
RESULT: undefined
COMMAND: POST /session/d2ee73163e71edf45acf38a1abb82030/execute/async - {"script":"<script> [776 bytes]","args":[{"enterText":"1","selector":{"id":"application-manageconditionprice-display-component---newCondition--condBaseQty","interaction":{"idSuffix":"inner"}},"clearTextFirst":true,"interactionType":"ENTER_TEXT"}]}
COMMAND: GET /session/d2ee73163e71edf45acf38a1abb82030/screenshot - {}
RESULT: {"script":"<script> [776 bytes]","args":[{"enterText":"1","selector":{"id":"application-manageconditionprice-display-component---newCondition--condBaseQty","interaction":{"idSuffix":"inner"}},"clearTextFirst":true,"interactionType":"ENTER_TEXT"}]}
RESULT: undefined
COMMAND: POST /session/d2ee73163e71edf45acf38a1abb82030/execute/async - {"script":"<script> [776 bytes]","args":[{"enterText":"10","selector":{"id":"application-manageconditionprice-display-component---newCondition--condValue","interaction":{"idSuffix":"inner"}},"clearTextFirst":true,"interactionType":"ENTER_TEXT"}]}
RESULT: {}
RESULT: {"script":"<script> [776 bytes]","args":[{"enterText":"10","selector":{"id":"application-manageconditionprice-display-component---newCondition--condValue","interaction":{"idSuffix":"inner"}},"clearTextFirst":true,"interactionType":"ENTER_TEXT"}]}
RESULT: undefined
COMMAND: POST /session/d2ee73163e71edf45acf38a1abb82030/element - {"using":"xpath","value":"//*[@id=\"application-manageconditionprice-display-component---newCondition--condCurr-arrow\"]"}
RESULT: {"using":"xpath","value":"//*[@id=\"application-manageconditionprice-display-component---newCondition--condCurr-arrow\"]"}
COMMAND: POST /session/d2ee73163e71edf45acf38a1abb82030/element/f.39032AFF0B9C80A7D793EE88796AE887.d.AEDBB564A062EBF700BF7BD20ADA7C0C.e.10452/click - {}
RESULT: {}
COMMAND: POST /session/d2ee73163e71edf45acf38a1abb82030/element - {"using":"xpath","value":"//span[contains(text(), \"Euro\")]"}
COMMAND: GET /session/d2ee73163e71edf45acf38a1abb82030/screenshot - {}
RESULT: {"using":"xpath","value":"//span[contains(text(), \"Euro\")]"}
COMMAND: POST /session/d2ee73163e71edf45acf38a1abb82030/element/f.39032AFF0B9C80A7D793EE88796AE887.d.AEDBB564A062EBF700BF7BD20ADA7C0C.e.10572/click - {}
RESULT: {}
RESULT: {}
COMMAND: POST /session/d2ee73163e71edf45acf38a1abb82030/element - {"using":"xpath","value":"//button[@data-kt=\"saveButton\"]"}
COMMAND: GET /session/d2ee73163e71edf45acf38a1abb82030/screenshot - {}
RESULT: {"using":"xpath","value":"//button[@data-kt=\"saveButton\"]"}
COMMAND: POST /session/d2ee73163e71edf45acf38a1abb82030/element/f.39032AFF0B9C80A7D793EE88796AE887.d.AEDBB564A062EBF700BF7BD20ADA7C0C.e.10453/click - {}
RESULT: {}
RESULT: {}
COMMAND: GET /session/d2ee73163e71edf45acf38a1abb82030/screenshot - {}
RESULT: {}
RESULT: undefined
COMMAND: POST /session/d2ee73163e71edf45acf38a1abb82030/execute/async - {"script":"<script> [776 bytes]","args":[{"enterText":"FFNLucDmUq","selector":{"id":"application-manageconditionprice-display-component---conditions--smartFilterBar-btnBasicSearch","interaction":{"idSuffix":"I"}},"clearTextFirst":true,"interactionType":"ENTER_TEXT"}]}
RESULT: {"script":"<script> [776 bytes]","args":[{"enterText":"FFNLucDmUq","selector":{"id":"application-manageconditionprice-display-component---conditions--smartFilterBar-btnBasicSearch","interaction":{"idSuffix":"I"}},"clearTextFirst":true,"interactionType":"ENTER_TEXT"}]}
COMMAND: POST /session/d2ee73163e71edf45acf38a1abb82030/actions - {"actions":[{"id":"action39","type":"key","parameters":{},"actions":[{"type":"keyDown","value":"î€‡"},{"type":"pause","duration":10},{"type":"keyUp","value":"î€‡"}]}]}
RESULT: {"actions":[{"id":"action39","type":"key","parameters":{},"actions":[{"type":"keyDown","value":"î€‡"},{"type":"pause","duration":10},{"type":"keyUp","value":"î€‡"}]}]}
COMMAND: GET /session/d2ee73163e71edf45acf38a1abb82030/screenshot - {}
RESULT: {}
RESULT: undefined
COMMAND: POST /session/d2ee73163e71edf45acf38a1abb82030/element - {"using":"xpath","value":"//*[@id=\"application-manageconditionprice-display-component---conditions--smartFilterBar-filterItemControl_BASIC-BILL_TYPES-vhi\"]"}
RESULT: {"using":"xpath","value":"//*[@id=\"application-manageconditionprice-display-component---conditions--smartFilterBar-filterItemControl_BASIC-BILL_TYPES-vhi\"]"}
COMMAND: POST /session/d2ee73163e71edf45acf38a1abb82030/element/f.39032AFF0B9C80A7D793EE88796AE887.d.AEDBB564A062EBF700BF7BD20ADA7C0C.e.10609/click - {}
RESULT: {}
RESULT: undefined
COMMAND: POST /session/d2ee73163e71edf45acf38a1abb82030/execute/async - {"script":"<script> [776 bytes]","args":[{"enterText":"PB","selector":{"id":"application-manageconditionprice-display-component---conditions--smartFilterBar-filterItemControl_BASIC-BILL_TYPES-valueHelpDialog-smartFilterBar-btnBasicSearch","searchOpenDialogs":true,"interaction":{"idSuffix":"I"}},"clearTextFirst":true,"interactionType":"ENTER_TEXT"}]}
COMMAND: GET /session/d2ee73163e71edf45acf38a1abb82030/screenshot - {}
RESULT: {"script":"<script> [776 bytes]","args":[{"enterText":"PB","selector":{"id":"application-manageconditionprice-display-component---conditions--smartFilterBar-filterItemControl_BASIC-BILL_TYPES-valueHelpDialog-smartFilterBar-btnBasicSearch","searchOpenDialogs":true,"interaction":{"idSuffix":"I"}},"clearTextFirst":true,"interactionType":"ENTER_TEXT"}]}
COMMAND: POST /session/d2ee73163e71edf45acf38a1abb82030/actions - {"actions":[{"id":"action40","type":"key","parameters":{},"actions":[{"type":"keyDown","value":"î€‡"},{"type":"pause","duration":10},{"type":"keyUp","value":"î€‡"}]}]}
RESULT: {}
RESULT: {"actions":[{"id":"action40","type":"key","parameters":{},"actions":[{"type":"keyDown","value":"î€‡"},{"type":"pause","duration":10},{"type":"keyUp","value":"î€‡"}]}]}
COMMAND: GET /session/d2ee73163e71edf45acf38a1abb82030/screenshot - {}
RESULT: {}
COMMAND: POST /session/d2ee73163e71edf45acf38a1abb82030/element - {"using":"xpath","value":"//div[contains(@id, 'application-manageconditionprice-display-component---conditions--smartFilterBar-filterItemControl_BASIC-BILL_TYPES-valueHelpDialog-table-rowsel0')]"}
RESULT: {"using":"xpath","value":"//div[contains(@id, 'application-manageconditionprice-display-component---conditions--smartFilterBar-filterItemControl_BASIC-BILL_TYPES-valueHelpDialog-table-rowsel0')]"}
COMMAND: POST /session/d2ee73163e71edf45acf38a1abb82030/element/f.39032AFF0B9C80A7D793EE88796AE887.d.AEDBB564A062EBF700BF7BD20ADA7C0C.e.10617/click - {}
RESULT: {}
COMMAND: GET /session/d2ee73163e71edf45acf38a1abb82030/screenshot - {}
RESULT: {}
COMMAND: POST /session/d2ee73163e71edf45acf38a1abb82030/element - {"using":"xpath","value":"//bdi[contains(text(), \"OK\")]"}
RESULT: {"using":"xpath","value":"//bdi[contains(text(), \"OK\")]"}
COMMAND: POST /session/d2ee73163e71edf45acf38a1abb82030/element/f.39032AFF0B9C80A7D793EE88796AE887.d.AEDBB564A062EBF700BF7BD20ADA7C0C.e.10619/click - {}
RESULT: {}
COMMAND: GET /session/d2ee73163e71edf45acf38a1abb82030/screenshot - {}
RESULT: {}
COMMAND: POST /session/d2ee73163e71edf45acf38a1abb82030/element - {"using":"xpath","value":"//span[@id=\"application-manageconditionprice-display-component---conditions--smartTable-header-inner\"]"}
RESULT: {"using":"xpath","value":"//span[@id=\"application-manageconditionprice-display-component---conditions--smartTable-header-inner\"]"}
COMMAND: POST /session/d2ee73163e71edf45acf38a1abb82030/elements - {"using":"xpath","value":"//span[@id=\"application-manageconditionprice-display-component---conditions--smartTable-header-inner\"]"}
RESULT: {"using":"xpath","value":"//span[@id=\"application-manageconditionprice-display-component---conditions--smartTable-header-inner\"]"}
COMMAND: POST /session/d2ee73163e71edf45acf38a1abb82030/execute/sync - {"script":"<script> [56 bytes]","args":[{"element-6066-11e4-a52e-4f735466cecf":"f.39032AFF0B9C80A7D793EE88796AE887.d.AEDBB564A062EBF700BF7BD20ADA7C0C.e.10622","ELEMENT":"f.39032AFF0B9C80A7D793EE88796AE887.d.AEDBB564A062EBF700BF7BD20ADA7C0C.e.10622"}]}
RESULT: {"script":"<script> [56 bytes]","args":[{"element-6066-11e4-a52e-4f735466cecf":"f.39032AFF0B9C80A7D793EE88796AE887.d.AEDBB564A062EBF700BF7BD20ADA7C0C.e.10622","ELEMENT":"f.39032AFF0B9C80A7D793EE88796AE887.d.AEDBB564A062EBF700BF7BD20ADA7C0C.e.10622"}]}
COMMAND: POST /session/d2ee73163e71edf45acf38a1abb82030/element - {"using":"css selector","value":"#shell-header-logo"}
COMMAND: GET /session/d2ee73163e71edf45acf38a1abb82030/screenshot - {}
RESULT: {}
RESULT: {"using":"css selector","value":"#shell-header-logo"}
COMMAND: POST /session/d2ee73163e71edf45acf38a1abb82030/element/f.39032AFF0B9C80A7D793EE88796AE887.d.AEDBB564A062EBF700BF7BD20ADA7C0C.e.9678/click - {}
RESULT: {}
COMMAND: GET /session/d2ee73163e71edf45acf38a1abb82030/screenshot - {}
RESULT: {}
]]></system-out>
    </testcase>
    <testcase classname="chrome.136_0_7103_93.windows.Create_master_data_for_mixed_billing_&amp;_do_billing_calculation_US151661" name="Should add time based condition" time="68.662">
      <system-out><![CDATA[
RESULT: undefined
COMMAND: POST /session/d2ee73163e71edf45acf38a1abb82030/element - {"using":"xpath","value":"//*[@id=\"__tile53\"]"}
RESULT: {"using":"xpath","value":"//*[@id=\"__tile53\"]"}
COMMAND: POST /session/d2ee73163e71edf45acf38a1abb82030/element/f.39032AFF0B9C80A7D793EE88796AE887.d.AEDBB564A062EBF700BF7BD20ADA7C0C.e.6026/click - {}
RESULT: {}
COMMAND: GET /session/d2ee73163e71edf45acf38a1abb82030/screenshot - {}
RESULT: {}
COMMAND: POST /session/d2ee73163e71edf45acf38a1abb82030/elements - {"using":"xpath","value":"//span[text()='Error']"}
RESULT: {"using":"xpath","value":"//span[text()='Error']"}
COMMAND: POST /session/d2ee73163e71edf45acf38a1abb82030/element - {"using":"xpath","value":"//button[@aria-label=\"Create\"]"}
RESULT: {"using":"xpath","value":"//button[@aria-label=\"Create\"]"}
COMMAND: POST /session/d2ee73163e71edf45acf38a1abb82030/elements - {"using":"xpath","value":"//button[@aria-label=\"Create\"]"}
RESULT: {"using":"xpath","value":"//button[@aria-label=\"Create\"]"}
COMMAND: POST /session/d2ee73163e71edf45acf38a1abb82030/execute/sync - {"script":"<script> [8489 bytes]","args":[{"element-6066-11e4-a52e-4f735466cecf":"f.39032AFF0B9C80A7D793EE88796AE887.d.AEDBB564A062EBF700BF7BD20ADA7C0C.e.10790","ELEMENT":"f.39032AFF0B9C80A7D793EE88796AE887.d.AEDBB564A062EBF700BF7BD20ADA7C0C.e.10790"}]}
RESULT: {"script":"<script> [8489 bytes]","args":[{"element-6066-11e4-a52e-4f735466cecf":"f.39032AFF0B9C80A7D793EE88796AE887.d.AEDBB564A062EBF700BF7BD20ADA7C0C.e.10790","ELEMENT":"f.39032AFF0B9C80A7D793EE88796AE887.d.AEDBB564A062EBF700BF7BD20ADA7C0C.e.10790"}]}
COMMAND: GET /session/d2ee73163e71edf45acf38a1abb82030/element/f.39032AFF0B9C80A7D793EE88796AE887.d.AEDBB564A062EBF700BF7BD20ADA7C0C.e.10790/enabled - {}
COMMAND: GET /session/d2ee73163e71edf45acf38a1abb82030/screenshot - {}
RESULT: {}
COMMAND: POST /session/d2ee73163e71edf45acf38a1abb82030/execute/sync - {"script":"<script> [8489 bytes]","args":[{"element-6066-11e4-a52e-4f735466cecf":"f.39032AFF0B9C80A7D793EE88796AE887.d.AEDBB564A062EBF700BF7BD20ADA7C0C.e.10790","ELEMENT":"f.39032AFF0B9C80A7D793EE88796AE887.d.AEDBB564A062EBF700BF7BD20ADA7C0C.e.10790"}]}
COMMAND: GET /session/d2ee73163e71edf45acf38a1abb82030/screenshot - {}
RESULT: {}
RESULT: {"script":"<script> [8489 bytes]","args":[{"element-6066-11e4-a52e-4f735466cecf":"f.39032AFF0B9C80A7D793EE88796AE887.d.AEDBB564A062EBF700BF7BD20ADA7C0C.e.10790","ELEMENT":"f.39032AFF0B9C80A7D793EE88796AE887.d.AEDBB564A062EBF700BF7BD20ADA7C0C.e.10790"}]}
COMMAND: POST /session/d2ee73163e71edf45acf38a1abb82030/execute/sync - {"script":"<script> [5351 bytes]","args":[{"element-6066-11e4-a52e-4f735466cecf":"f.39032AFF0B9C80A7D793EE88796AE887.d.AEDBB564A062EBF700BF7BD20ADA7C0C.e.10790","ELEMENT":"f.39032AFF0B9C80A7D793EE88796AE887.d.AEDBB564A062EBF700BF7BD20ADA7C0C.e.10790"}]}
COMMAND: GET /session/d2ee73163e71edf45acf38a1abb82030/screenshot - {}
RESULT: {}
RESULT: {"script":"<script> [5351 bytes]","args":[{"element-6066-11e4-a52e-4f735466cecf":"f.39032AFF0B9C80A7D793EE88796AE887.d.AEDBB564A062EBF700BF7BD20ADA7C0C.e.10790","ELEMENT":"f.39032AFF0B9C80A7D793EE88796AE887.d.AEDBB564A062EBF700BF7BD20ADA7C0C.e.10790"}]}
COMMAND: POST /session/d2ee73163e71edf45acf38a1abb82030/element/f.39032AFF0B9C80A7D793EE88796AE887.d.AEDBB564A062EBF700BF7BD20ADA7C0C.e.10790/click - {}
COMMAND: GET /session/d2ee73163e71edf45acf38a1abb82030/screenshot - {}
RESULT: {}
RESULT: {}
COMMAND: GET /session/d2ee73163e71edf45acf38a1abb82030/screenshot - {}
RESULT: {}
RESULT: {}
COMMAND: POST /session/d2ee73163e71edf45acf38a1abb82030/actions - {"actions":[{"id":"action41","type":"key","parameters":{},"actions":[{"type":"keyDown","value":"î€‡"},{"type":"pause","duration":10},{"type":"keyUp","value":"î€‡"}]}]}
RESULT: {"actions":[{"id":"action41","type":"key","parameters":{},"actions":[{"type":"keyDown","value":"î€‡"},{"type":"pause","duration":10},{"type":"keyUp","value":"î€‡"}]}]}
COMMAND: GET /session/d2ee73163e71edf45acf38a1abb82030/screenshot - {}
RESULT: undefined
COMMAND: POST /session/d2ee73163e71edf45acf38a1abb82030/element - {"using":"xpath","value":"//*[@id=\"application-manageconditionprice-display-component---newCondition--condBillCond-arrow\"]"}
RESULT: {}
RESULT: {"using":"xpath","value":"//*[@id=\"application-manageconditionprice-display-component---newCondition--condBillCond-arrow\"]"}
COMMAND: POST /session/d2ee73163e71edf45acf38a1abb82030/element/f.39032AFF0B9C80A7D793EE88796AE887.d.AEDBB564A062EBF700BF7BD20ADA7C0C.e.11141/click - {}
RESULT: {}
COMMAND: GET /session/d2ee73163e71edf45acf38a1abb82030/screenshot - {}
RESULT: {}
COMMAND: POST /session/d2ee73163e71edf45acf38a1abb82030/element - {"using":"xpath","value":"//li[.//span[contains(text(), \"DISP - D&I special price\")]]"}
RESULT: {"using":"xpath","value":"//li[.//span[contains(text(), \"DISP - D&I special price\")]]"}
COMMAND: POST /session/d2ee73163e71edf45acf38a1abb82030/element/f.39032AFF0B9C80A7D793EE88796AE887.d.AEDBB564A062EBF700BF7BD20ADA7C0C.e.11144/click - {}
RESULT: {}
COMMAND: GET /session/d2ee73163e71edf45acf38a1abb82030/screenshot - {}
RESULT: {}
RESULT: undefined
COMMAND: POST /session/d2ee73163e71edf45acf38a1abb82030/execute/async - {"script":"<script> [776 bytes]","args":[{"enterText":"1/16/26","selector":{"id":"application-manageconditionprice-display-component---newCondition--condValidTo","interaction":{"idSuffix":"inner"}},"clearTextFirst":true,"interactionType":"ENTER_TEXT"}]}
RESULT: {"script":"<script> [776 bytes]","args":[{"enterText":"1/16/26","selector":{"id":"application-manageconditionprice-display-component---newCondition--condValidTo","interaction":{"idSuffix":"inner"}},"clearTextFirst":true,"interactionType":"ENTER_TEXT"}]}
COMMAND: POST /session/d2ee73163e71edf45acf38a1abb82030/element - {"using":"xpath","value":"//input[@id=\"application-manageconditionprice-display-component---newCondition--condRU-inner\"]"}
RESULT: {"using":"xpath","value":"//input[@id=\"application-manageconditionprice-display-component---newCondition--condRU-inner\"]"}
COMMAND: POST /session/d2ee73163e71edf45acf38a1abb82030/element/f.39032AFF0B9C80A7D793EE88796AE887.d.AEDBB564A062EBF700BF7BD20ADA7C0C.e.10812/clear - {}
RESULT: {}
COMMAND: POST /session/d2ee73163e71edf45acf38a1abb82030/element/f.39032AFF0B9C80A7D793EE88796AE887.d.AEDBB564A062EBF700BF7BD20ADA7C0C.e.10812/value - {"text":"FFNLucDmUq"}
COMMAND: GET /session/d2ee73163e71edf45acf38a1abb82030/screenshot - {}
RESULT: {"text":"FFNLucDmUq"}
COMMAND: GET /session/d2ee73163e71edf45acf38a1abb82030/screenshot - {}
RESULT: {}
RESULT: {}
COMMAND: POST /session/d2ee73163e71edf45acf38a1abb82030/actions - {"actions":[{"id":"action42","type":"key","parameters":{},"actions":[{"type":"keyDown","value":"î€‡"},{"type":"pause","duration":10},{"type":"keyUp","value":"î€‡"}]}]}
RESULT: {"actions":[{"id":"action42","type":"key","parameters":{},"actions":[{"type":"keyDown","value":"î€‡"},{"type":"pause","duration":10},{"type":"keyUp","value":"î€‡"}]}]}
RESULT: undefined
COMMAND: POST /session/d2ee73163e71edf45acf38a1abb82030/execute/async - {"script":"<script> [776 bytes]","args":[{"enterText":"1","selector":{"id":"application-manageconditionprice-display-component---newCondition--condBaseQty","interaction":{"idSuffix":"inner"}},"clearTextFirst":true,"interactionType":"ENTER_TEXT"}]}
COMMAND: GET /session/d2ee73163e71edf45acf38a1abb82030/screenshot - {}
RESULT: {"script":"<script> [776 bytes]","args":[{"enterText":"1","selector":{"id":"application-manageconditionprice-display-component---newCondition--condBaseQty","interaction":{"idSuffix":"inner"}},"clearTextFirst":true,"interactionType":"ENTER_TEXT"}]}
RESULT: undefined
COMMAND: POST /session/d2ee73163e71edf45acf38a1abb82030/execute/async - {"script":"<script> [776 bytes]","args":[{"enterText":"100","selector":{"id":"application-manageconditionprice-display-component---newCondition--condValue","interaction":{"idSuffix":"inner"}},"clearTextFirst":true,"interactionType":"ENTER_TEXT"}]}
RESULT: {}
RESULT: {"script":"<script> [776 bytes]","args":[{"enterText":"100","selector":{"id":"application-manageconditionprice-display-component---newCondition--condValue","interaction":{"idSuffix":"inner"}},"clearTextFirst":true,"interactionType":"ENTER_TEXT"}]}
RESULT: undefined
COMMAND: POST /session/d2ee73163e71edf45acf38a1abb82030/element - {"using":"xpath","value":"//*[@id=\"application-manageconditionprice-display-component---newCondition--condCurr-arrow\"]"}
RESULT: {"using":"xpath","value":"//*[@id=\"application-manageconditionprice-display-component---newCondition--condCurr-arrow\"]"}
COMMAND: POST /session/d2ee73163e71edf45acf38a1abb82030/element/f.39032AFF0B9C80A7D793EE88796AE887.d.AEDBB564A062EBF700BF7BD20ADA7C0C.e.11113/click - {}
RESULT: {}
COMMAND: POST /session/d2ee73163e71edf45acf38a1abb82030/element - {"using":"xpath","value":"//span[contains(text(), \"Euro\")]"}
COMMAND: GET /session/d2ee73163e71edf45acf38a1abb82030/screenshot - {}
RESULT: {"using":"xpath","value":"//span[contains(text(), \"Euro\")]"}
COMMAND: POST /session/d2ee73163e71edf45acf38a1abb82030/element/f.39032AFF0B9C80A7D793EE88796AE887.d.AEDBB564A062EBF700BF7BD20ADA7C0C.e.11180/click - {}
RESULT: {}
RESULT: {}
COMMAND: POST /session/d2ee73163e71edf45acf38a1abb82030/element - {"using":"xpath","value":"//button[@data-kt=\"saveButton\"]"}
COMMAND: GET /session/d2ee73163e71edf45acf38a1abb82030/screenshot - {}
RESULT: {"using":"xpath","value":"//button[@data-kt=\"saveButton\"]"}
COMMAND: POST /session/d2ee73163e71edf45acf38a1abb82030/element/f.39032AFF0B9C80A7D793EE88796AE887.d.AEDBB564A062EBF700BF7BD20ADA7C0C.e.11114/click - {}
RESULT: {}
RESULT: {}
COMMAND: GET /session/d2ee73163e71edf45acf38a1abb82030/screenshot - {}
RESULT: {}
RESULT: undefined
COMMAND: POST /session/d2ee73163e71edf45acf38a1abb82030/execute/async - {"script":"<script> [776 bytes]","args":[{"enterText":"FFNLucDmUq","selector":{"id":"application-manageconditionprice-display-component---conditions--smartFilterBar-btnBasicSearch","interaction":{"idSuffix":"I"}},"clearTextFirst":true,"interactionType":"ENTER_TEXT"}]}
RESULT: {"script":"<script> [776 bytes]","args":[{"enterText":"FFNLucDmUq","selector":{"id":"application-manageconditionprice-display-component---conditions--smartFilterBar-btnBasicSearch","interaction":{"idSuffix":"I"}},"clearTextFirst":true,"interactionType":"ENTER_TEXT"}]}
COMMAND: POST /session/d2ee73163e71edf45acf38a1abb82030/actions - {"actions":[{"id":"action43","type":"key","parameters":{},"actions":[{"type":"keyDown","value":"î€‡"},{"type":"pause","duration":10},{"type":"keyUp","value":"î€‡"}]}]}
RESULT: {"actions":[{"id":"action43","type":"key","parameters":{},"actions":[{"type":"keyDown","value":"î€‡"},{"type":"pause","duration":10},{"type":"keyUp","value":"î€‡"}]}]}
COMMAND: GET /session/d2ee73163e71edf45acf38a1abb82030/screenshot - {}
RESULT: {}
RESULT: undefined
COMMAND: POST /session/d2ee73163e71edf45acf38a1abb82030/element - {"using":"xpath","value":"//*[@id=\"application-manageconditionprice-display-component---conditions--smartFilterBar-filterItemControl_BASIC-BILL_TYPES-vhi\"]"}
RESULT: {"using":"xpath","value":"//*[@id=\"application-manageconditionprice-display-component---conditions--smartFilterBar-filterItemControl_BASIC-BILL_TYPES-vhi\"]"}
COMMAND: POST /session/d2ee73163e71edf45acf38a1abb82030/element/f.39032AFF0B9C80A7D793EE88796AE887.d.AEDBB564A062EBF700BF7BD20ADA7C0C.e.11409/click - {}
RESULT: {}
RESULT: undefined
COMMAND: POST /session/d2ee73163e71edf45acf38a1abb82030/execute/async - {"script":"<script> [776 bytes]","args":[{"enterText":"TB","selector":{"id":"application-manageconditionprice-display-component---conditions--smartFilterBar-filterItemControl_BASIC-BILL_TYPES-valueHelpDialog-smartFilterBar-btnBasicSearch","searchOpenDialogs":true,"interaction":{"idSuffix":"I"}},"clearTextFirst":true,"interactionType":"ENTER_TEXT"}]}
COMMAND: GET /session/d2ee73163e71edf45acf38a1abb82030/screenshot - {}
RESULT: {"script":"<script> [776 bytes]","args":[{"enterText":"TB","selector":{"id":"application-manageconditionprice-display-component---conditions--smartFilterBar-filterItemControl_BASIC-BILL_TYPES-valueHelpDialog-smartFilterBar-btnBasicSearch","searchOpenDialogs":true,"interaction":{"idSuffix":"I"}},"clearTextFirst":true,"interactionType":"ENTER_TEXT"}]}
COMMAND: POST /session/d2ee73163e71edf45acf38a1abb82030/actions - {"actions":[{"id":"action44","type":"key","parameters":{},"actions":[{"type":"keyDown","value":"î€‡"},{"type":"pause","duration":10},{"type":"keyUp","value":"î€‡"}]}]}
RESULT: {}
RESULT: {"actions":[{"id":"action44","type":"key","parameters":{},"actions":[{"type":"keyDown","value":"î€‡"},{"type":"pause","duration":10},{"type":"keyUp","value":"î€‡"}]}]}
COMMAND: GET /session/d2ee73163e71edf45acf38a1abb82030/screenshot - {}
RESULT: {}
COMMAND: POST /session/d2ee73163e71edf45acf38a1abb82030/element - {"using":"xpath","value":"//div[contains(@id, 'application-manageconditionprice-display-component---conditions--smartFilterBar-filterItemControl_BASIC-BILL_TYPES-valueHelpDialog-table-rowsel0')]"}
RESULT: {"using":"xpath","value":"//div[contains(@id, 'application-manageconditionprice-display-component---conditions--smartFilterBar-filterItemControl_BASIC-BILL_TYPES-valueHelpDialog-table-rowsel0')]"}
COMMAND: POST /session/d2ee73163e71edf45acf38a1abb82030/element/f.39032AFF0B9C80A7D793EE88796AE887.d.AEDBB564A062EBF700BF7BD20ADA7C0C.e.11417/click - {}
RESULT: {}
COMMAND: GET /session/d2ee73163e71edf45acf38a1abb82030/screenshot - {}
RESULT: {}
COMMAND: POST /session/d2ee73163e71edf45acf38a1abb82030/element - {"using":"xpath","value":"//bdi[contains(text(), \"OK\")]"}
RESULT: {"using":"xpath","value":"//bdi[contains(text(), \"OK\")]"}
COMMAND: POST /session/d2ee73163e71edf45acf38a1abb82030/element/f.39032AFF0B9C80A7D793EE88796AE887.d.AEDBB564A062EBF700BF7BD20ADA7C0C.e.11419/click - {}
RESULT: {}
COMMAND: GET /session/d2ee73163e71edf45acf38a1abb82030/screenshot - {}
RESULT: {}
COMMAND: POST /session/d2ee73163e71edf45acf38a1abb82030/element - {"using":"xpath","value":"//span[@id=\"application-manageconditionprice-display-component---conditions--smartTable-header-inner\"]"}
RESULT: {"using":"xpath","value":"//span[@id=\"application-manageconditionprice-display-component---conditions--smartTable-header-inner\"]"}
COMMAND: POST /session/d2ee73163e71edf45acf38a1abb82030/elements - {"using":"xpath","value":"//span[@id=\"application-manageconditionprice-display-component---conditions--smartTable-header-inner\"]"}
RESULT: {"using":"xpath","value":"//span[@id=\"application-manageconditionprice-display-component---conditions--smartTable-header-inner\"]"}
COMMAND: POST /session/d2ee73163e71edf45acf38a1abb82030/execute/sync - {"script":"<script> [56 bytes]","args":[{"element-6066-11e4-a52e-4f735466cecf":"f.39032AFF0B9C80A7D793EE88796AE887.d.AEDBB564A062EBF700BF7BD20ADA7C0C.e.11456","ELEMENT":"f.39032AFF0B9C80A7D793EE88796AE887.d.AEDBB564A062EBF700BF7BD20ADA7C0C.e.11456"}]}
RESULT: {"script":"<script> [56 bytes]","args":[{"element-6066-11e4-a52e-4f735466cecf":"f.39032AFF0B9C80A7D793EE88796AE887.d.AEDBB564A062EBF700BF7BD20ADA7C0C.e.11456","ELEMENT":"f.39032AFF0B9C80A7D793EE88796AE887.d.AEDBB564A062EBF700BF7BD20ADA7C0C.e.11456"}]}
COMMAND: POST /session/d2ee73163e71edf45acf38a1abb82030/element - {"using":"css selector","value":"#shell-header-logo"}
COMMAND: GET /session/d2ee73163e71edf45acf38a1abb82030/screenshot - {}
RESULT: {"using":"css selector","value":"#shell-header-logo"}
COMMAND: POST /session/d2ee73163e71edf45acf38a1abb82030/element/f.39032AFF0B9C80A7D793EE88796AE887.d.AEDBB564A062EBF700BF7BD20ADA7C0C.e.10627/click - {}
RESULT: {}
RESULT: {}
COMMAND: GET /session/d2ee73163e71edf45acf38a1abb82030/screenshot - {}
RESULT: {}
]]></system-out>
    </testcase>
    <testcase classname="chrome.136_0_7103_93.windows.Create_master_data_for_mixed_billing_&amp;_do_billing_calculation_US151661" name="Should do a stock increase handover" time="82.981">
      <system-out><![CDATA[
COMMAND: POST /session/d2ee73163e71edf45acf38a1abb82030/execute/async - {"script":"<script> [1562 bytes]","args":[{"selector":{"controlType":"sap.m.GenericTile","properties":{"header":"Manage Handovers"}},"wdio_ui5_key":"sapm.GenericTile{\"header\":\"Manage Handovers\"}"}]}
RESULT: {"script":"<script> [1562 bytes]","args":[{"selector":{"controlType":"sap.m.GenericTile","properties":{"header":"Manage Handovers"}},"wdio_ui5_key":"sapm.GenericTile{\"header\":\"Manage Handovers\"}"}]}
RESULT: undefined
COMMAND: POST /session/d2ee73163e71edf45acf38a1abb82030/element - {"using":"xpath","value":"//*[@id=\"__tile132\"]"}
RESULT: {"using":"xpath","value":"//*[@id=\"__tile132\"]"}
COMMAND: POST /session/d2ee73163e71edf45acf38a1abb82030/element/f.39032AFF0B9C80A7D793EE88796AE887.d.AEDBB564A062EBF700BF7BD20ADA7C0C.e.6064/click - {}
RESULT: {}
COMMAND: GET /session/d2ee73163e71edf45acf38a1abb82030/screenshot - {}
RESULT: {}
COMMAND: POST /session/d2ee73163e71edf45acf38a1abb82030/elements - {"using":"xpath","value":"//span[text()='Error']"}
RESULT: {"using":"xpath","value":"//span[text()='Error']"}
COMMAND: POST /session/d2ee73163e71edf45acf38a1abb82030/element - {"using":"xpath","value":"//button[@data-kt=\"masterHOAddButton\"]"}
RESULT: {"using":"xpath","value":"//button[@data-kt=\"masterHOAddButton\"]"}
COMMAND: POST /session/d2ee73163e71edf45acf38a1abb82030/elements - {"using":"xpath","value":"//button[@data-kt=\"masterHOAddButton\"]"}
RESULT: {"using":"xpath","value":"//button[@data-kt=\"masterHOAddButton\"]"}
COMMAND: POST /session/d2ee73163e71edf45acf38a1abb82030/execute/sync - {"script":"<script> [8489 bytes]","args":[{"element-6066-11e4-a52e-4f735466cecf":"f.39032AFF0B9C80A7D793EE88796AE887.d.AEDBB564A062EBF700BF7BD20ADA7C0C.e.11495","ELEMENT":"f.39032AFF0B9C80A7D793EE88796AE887.d.AEDBB564A062EBF700BF7BD20ADA7C0C.e.11495"}]}
RESULT: {"script":"<script> [8489 bytes]","args":[{"element-6066-11e4-a52e-4f735466cecf":"f.39032AFF0B9C80A7D793EE88796AE887.d.AEDBB564A062EBF700BF7BD20ADA7C0C.e.11495","ELEMENT":"f.39032AFF0B9C80A7D793EE88796AE887.d.AEDBB564A062EBF700BF7BD20ADA7C0C.e.11495"}]}
COMMAND: GET /session/d2ee73163e71edf45acf38a1abb82030/element/f.39032AFF0B9C80A7D793EE88796AE887.d.AEDBB564A062EBF700BF7BD20ADA7C0C.e.11495/enabled - {}
COMMAND: GET /session/d2ee73163e71edf45acf38a1abb82030/screenshot - {}
RESULT: {}
COMMAND: POST /session/d2ee73163e71edf45acf38a1abb82030/execute/sync - {"script":"<script> [8489 bytes]","args":[{"element-6066-11e4-a52e-4f735466cecf":"f.39032AFF0B9C80A7D793EE88796AE887.d.AEDBB564A062EBF700BF7BD20ADA7C0C.e.11495","ELEMENT":"f.39032AFF0B9C80A7D793EE88796AE887.d.AEDBB564A062EBF700BF7BD20ADA7C0C.e.11495"}]}
COMMAND: GET /session/d2ee73163e71edf45acf38a1abb82030/screenshot - {}
RESULT: {}
RESULT: {"script":"<script> [8489 bytes]","args":[{"element-6066-11e4-a52e-4f735466cecf":"f.39032AFF0B9C80A7D793EE88796AE887.d.AEDBB564A062EBF700BF7BD20ADA7C0C.e.11495","ELEMENT":"f.39032AFF0B9C80A7D793EE88796AE887.d.AEDBB564A062EBF700BF7BD20ADA7C0C.e.11495"}]}
COMMAND: POST /session/d2ee73163e71edf45acf38a1abb82030/execute/sync - {"script":"<script> [5351 bytes]","args":[{"element-6066-11e4-a52e-4f735466cecf":"f.39032AFF0B9C80A7D793EE88796AE887.d.AEDBB564A062EBF700BF7BD20ADA7C0C.e.11495","ELEMENT":"f.39032AFF0B9C80A7D793EE88796AE887.d.AEDBB564A062EBF700BF7BD20ADA7C0C.e.11495"}]}
COMMAND: GET /session/d2ee73163e71edf45acf38a1abb82030/screenshot - {}
RESULT: {}
RESULT: {"script":"<script> [5351 bytes]","args":[{"element-6066-11e4-a52e-4f735466cecf":"f.39032AFF0B9C80A7D793EE88796AE887.d.AEDBB564A062EBF700BF7BD20ADA7C0C.e.11495","ELEMENT":"f.39032AFF0B9C80A7D793EE88796AE887.d.AEDBB564A062EBF700BF7BD20ADA7C0C.e.11495"}]}
COMMAND: POST /session/d2ee73163e71edf45acf38a1abb82030/element/f.39032AFF0B9C80A7D793EE88796AE887.d.AEDBB564A062EBF700BF7BD20ADA7C0C.e.11495/click - {}
COMMAND: GET /session/d2ee73163e71edf45acf38a1abb82030/screenshot - {}
RESULT: {}
RESULT: {}
COMMAND: GET /session/d2ee73163e71edf45acf38a1abb82030/screenshot - {}
RESULT: {}
RESULT: {}
COMMAND: POST /session/d2ee73163e71edf45acf38a1abb82030/element - {"using":"xpath","value":"//span[contains(@id ,\"AddNewHO--typeSelect-arrow\")]"}
RESULT: {"using":"xpath","value":"//span[contains(@id ,\"AddNewHO--typeSelect-arrow\")]"}
COMMAND: POST /session/d2ee73163e71edf45acf38a1abb82030/element/f.39032AFF0B9C80A7D793EE88796AE887.d.AEDBB564A062EBF700BF7BD20ADA7C0C.e.11855/click - {}
RESULT: {}
COMMAND: GET /session/d2ee73163e71edf45acf38a1abb82030/screenshot - {}
RESULT: {}
COMMAND: POST /session/d2ee73163e71edf45acf38a1abb82030/element - {"using":"xpath","value":"(//li[contains(text(), \"stock increase yard\")])[1]"}
RESULT: {"using":"xpath","value":"(//li[contains(text(), \"stock increase yard\")])[1]"}
COMMAND: POST /session/d2ee73163e71edf45acf38a1abb82030/element/f.39032AFF0B9C80A7D793EE88796AE887.d.AEDBB564A062EBF700BF7BD20ADA7C0C.e.11856/click - {}
RESULT: {}
COMMAND: GET /session/d2ee73163e71edf45acf38a1abb82030/screenshot - {}
RESULT: {}
COMMAND: POST /session/d2ee73163e71edf45acf38a1abb82030/execute/async - {"script":"<script> [1562 bytes]","args":[{"selector":{"id":"application-managehandovers-display-component---AddNewHO--dueDate","interaction":{"idSuffix":"inner"}},"wdio_ui5_key":"applicationmanagehandovers-display-component---AddNewHO--dueDate"}]}
RESULT: {"script":"<script> [1562 bytes]","args":[{"selector":{"id":"application-managehandovers-display-component---AddNewHO--dueDate","interaction":{"idSuffix":"inner"}},"wdio_ui5_key":"applicationmanagehandovers-display-component---AddNewHO--dueDate"}]}
RESULT: undefined
COMMAND: POST /session/d2ee73163e71edf45acf38a1abb82030/execute/async - {"script":"<script> [6424 bytes]","args":[{"element-6066-11e4-a52e-4f735466cecf":"f.39032AFF0B9C80A7D793EE88796AE887.d.AEDBB564A062EBF700BF7BD20ADA7C0C.e.11858"},"setValue",["5/16/25"]]}
RESULT: {"script":"<script> [6424 bytes]","args":[{"element-6066-11e4-a52e-4f735466cecf":"f.39032AFF0B9C80A7D793EE88796AE887.d.AEDBB564A062EBF700BF7BD20ADA7C0C.e.11858"},"setValue",["5/16/25"]]}
COMMAND: POST /session/d2ee73163e71edf45acf38a1abb82030/element - {"using":"xpath","value":"//input[@id=\"generalSectionFrg--receiveYard-inner\"]"}
RESULT: {"using":"xpath","value":"//input[@id=\"generalSectionFrg--receiveYard-inner\"]"}
COMMAND: POST /session/d2ee73163e71edf45acf38a1abb82030/element/f.39032AFF0B9C80A7D793EE88796AE887.d.AEDBB564A062EBF700BF7BD20ADA7C0C.e.11862/clear - {}
RESULT: {}
COMMAND: POST /session/d2ee73163e71edf45acf38a1abb82030/element/f.39032AFF0B9C80A7D793EE88796AE887.d.AEDBB564A062EBF700BF7BD20ADA7C0C.e.11862/value - {"text":"479"}
COMMAND: GET /session/d2ee73163e71edf45acf38a1abb82030/screenshot - {}
RESULT: {"text":"479"}
COMMAND: GET /session/d2ee73163e71edf45acf38a1abb82030/screenshot - {}
RESULT: {}
RESULT: {}
COMMAND: POST /session/d2ee73163e71edf45acf38a1abb82030/element - {"using":"xpath","value":"//li[.//span[text()='479']]"}
RESULT: {"using":"xpath","value":"//li[.//span[text()='479']]"}
COMMAND: POST /session/d2ee73163e71edf45acf38a1abb82030/element/f.39032AFF0B9C80A7D793EE88796AE887.d.AEDBB564A062EBF700BF7BD20ADA7C0C.e.11880/click - {}
RESULT: {}
COMMAND: GET /session/d2ee73163e71edf45acf38a1abb82030/screenshot - {}
RESULT: {}
COMMAND: POST /session/d2ee73163e71edf45acf38a1abb82030/execute/async - {"script":"<script> [1562 bytes]","args":[{"selector":{"id":"application-managehandovers-display-component---AddNewHO--ObjectPageLayout-anchBar-application-managehandovers-display-component---AddNewHO--section4-anchor","interaction":{"idSuffix":"BDI-content"}},"wdio_ui5_key":"applicationmanagehandovers-display-component---AddNewHO--ObjectPageLayout-anchBar-application-managehandovers-display-component---AddNewHO--section4-anchor"}]}
RESULT: {"script":"<script> [1562 bytes]","args":[{"selector":{"id":"application-managehandovers-display-component---AddNewHO--ObjectPageLayout-anchBar-application-managehandovers-display-component---AddNewHO--section4-anchor","interaction":{"idSuffix":"BDI-content"}},"wdio_ui5_key":"applicationmanagehandovers-display-component---AddNewHO--ObjectPageLayout-anchBar-application-managehandovers-display-component---AddNewHO--section4-anchor"}]}
RESULT: undefined
COMMAND: POST /session/d2ee73163e71edf45acf38a1abb82030/element - {"using":"xpath","value":"//*[@id=\"application-managehandovers-display-component---AddNewHO--ObjectPageLayout-anchBar-application-managehandovers-display-component---AddNewHO--section4-anchor\"]"}
RESULT: {"using":"xpath","value":"//*[@id=\"application-managehandovers-display-component---AddNewHO--ObjectPageLayout-anchBar-application-managehandovers-display-component---AddNewHO--section4-anchor\"]"}
COMMAND: POST /session/d2ee73163e71edf45acf38a1abb82030/element/f.39032AFF0B9C80A7D793EE88796AE887.d.AEDBB564A062EBF700BF7BD20ADA7C0C.e.11882/click - {}
RESULT: {}
COMMAND: POST /session/d2ee73163e71edf45acf38a1abb82030/element - {"using":"xpath","value":"//button[@aria-label=\"Add\"]"}
COMMAND: GET /session/d2ee73163e71edf45acf38a1abb82030/screenshot - {}
RESULT: {"using":"xpath","value":"//button[@aria-label=\"Add\"]"}
COMMAND: POST /session/d2ee73163e71edf45acf38a1abb82030/element/f.39032AFF0B9C80A7D793EE88796AE887.d.AEDBB564A062EBF700BF7BD20ADA7C0C.e.11884/click - {}
RESULT: {}
RESULT: {}
COMMAND: GET /session/d2ee73163e71edf45acf38a1abb82030/screenshot - {}
RESULT: {}
COMMAND: POST /session/d2ee73163e71edf45acf38a1abb82030/execute/async - {"script":"<script> [1562 bytes]","args":[{"selector":{"id":"application-managehandovers-display-component---AddNewHO--smartFilterBar-btnBasicSearch","searchOpenDialogs":true,"interaction":{"idSuffix":"I"}},"wdio_ui5_key":"applicationmanagehandovers-display-component---AddNewHO--smartFilterBar-btnBasicSearch"}]}
RESULT: {"script":"<script> [1562 bytes]","args":[{"selector":{"id":"application-managehandovers-display-component---AddNewHO--smartFilterBar-btnBasicSearch","searchOpenDialogs":true,"interaction":{"idSuffix":"I"}},"wdio_ui5_key":"applicationmanagehandovers-display-component---AddNewHO--smartFilterBar-btnBasicSearch"}]}
RESULT: undefined
COMMAND: POST /session/d2ee73163e71edf45acf38a1abb82030/execute/async - {"script":"<script> [776 bytes]","args":[{"enterText":"FFNLucDmUq","selector":{"id":"application-managehandovers-display-component---AddNewHO--smartFilterBar-btnBasicSearch","searchOpenDialogs":true,"interaction":{"idSuffix":"I"}},"clearTextFirst":true,"interactionType":"ENTER_TEXT"}]}
RESULT: {"script":"<script> [776 bytes]","args":[{"enterText":"FFNLucDmUq","selector":{"id":"application-managehandovers-display-component---AddNewHO--smartFilterBar-btnBasicSearch","searchOpenDialogs":true,"interaction":{"idSuffix":"I"}},"clearTextFirst":true,"interactionType":"ENTER_TEXT"}]}
COMMAND: POST /session/d2ee73163e71edf45acf38a1abb82030/actions - {"actions":[{"id":"action45","type":"key","parameters":{},"actions":[{"type":"keyDown","value":"î€‡"},{"type":"pause","duration":10},{"type":"keyUp","value":"î€‡"}]}]}
RESULT: {"actions":[{"id":"action45","type":"key","parameters":{},"actions":[{"type":"keyDown","value":"î€‡"},{"type":"pause","duration":10},{"type":"keyUp","value":"î€‡"}]}]}
COMMAND: GET /session/d2ee73163e71edf45acf38a1abb82030/screenshot - {}
RESULT: {}
COMMAND: POST /session/d2ee73163e71edf45acf38a1abb82030/execute/async - {"script":"<script> [1562 bytes]","args":[{"selector":{"id":"application-managehandovers-display-component---AddNewHO--popup-sa","searchOpenDialogs":true,"interaction":{"idSuffix":"CbBg"}},"wdio_ui5_key":"applicationmanagehandovers-display-component---AddNewHO--popup-sa"}]}
RESULT: {"script":"<script> [1562 bytes]","args":[{"selector":{"id":"application-managehandovers-display-component---AddNewHO--popup-sa","searchOpenDialogs":true,"interaction":{"idSuffix":"CbBg"}},"wdio_ui5_key":"applicationmanagehandovers-display-component---AddNewHO--popup-sa"}]}
RESULT: undefined
COMMAND: POST /session/d2ee73163e71edf45acf38a1abb82030/element - {"using":"xpath","value":"//*[@id=\"application-managehandovers-display-component---AddNewHO--popup-sa\"]"}
RESULT: {"using":"xpath","value":"//*[@id=\"application-managehandovers-display-component---AddNewHO--popup-sa\"]"}
COMMAND: POST /session/d2ee73163e71edf45acf38a1abb82030/element/f.39032AFF0B9C80A7D793EE88796AE887.d.AEDBB564A062EBF700BF7BD20ADA7C0C.e.12035/click - {}
RESULT: {}
COMMAND: GET /session/d2ee73163e71edf45acf38a1abb82030/screenshot - {}
RESULT: {}
COMMAND: POST /session/d2ee73163e71edf45acf38a1abb82030/element - {"using":"xpath","value":"//bdi[contains(text(), \"Select\")]"}
RESULT: {"using":"xpath","value":"//bdi[contains(text(), \"Select\")]"}
COMMAND: POST /session/d2ee73163e71edf45acf38a1abb82030/element/f.39032AFF0B9C80A7D793EE88796AE887.d.AEDBB564A062EBF700BF7BD20ADA7C0C.e.12036/click - {}
RESULT: {}
COMMAND: GET /session/d2ee73163e71edf45acf38a1abb82030/screenshot - {}
RESULT: {}
COMMAND: POST /session/d2ee73163e71edf45acf38a1abb82030/element - {"using":"xpath","value":"//button[@data-kt=\"AddNewHOSaveButton\"]"}
RESULT: {"using":"xpath","value":"//button[@data-kt=\"AddNewHOSaveButton\"]"}
COMMAND: POST /session/d2ee73163e71edf45acf38a1abb82030/element/f.39032AFF0B9C80A7D793EE88796AE887.d.AEDBB564A062EBF700BF7BD20ADA7C0C.e.12040/click - {}
RESULT: {}
COMMAND: GET /session/d2ee73163e71edf45acf38a1abb82030/screenshot - {}
RESULT: {}
COMMAND: POST /session/d2ee73163e71edf45acf38a1abb82030/execute/async - {"script":"<script> [1562 bytes]","args":[{"selector":{"id":"receiptDatePicker","viewName":"etm.portal.ui.managehandovers.view.DetailExecuteHO","interaction":{"idSuffix":"inner"}},"wdio_ui5_key":"receiptDatePickeretmportal.ui.managehandovers.view.DetailExecuteHO"}]}
RESULT: {"script":"<script> [1562 bytes]","args":[{"selector":{"id":"receiptDatePicker","viewName":"etm.portal.ui.managehandovers.view.DetailExecuteHO","interaction":{"idSuffix":"inner"}},"wdio_ui5_key":"receiptDatePickeretmportal.ui.managehandovers.view.DetailExecuteHO"}]}
RESULT: undefined
COMMAND: POST /session/d2ee73163e71edf45acf38a1abb82030/execute/async - {"script":"<script> [6424 bytes]","args":[{"element-6066-11e4-a52e-4f735466cecf":"f.39032AFF0B9C80A7D793EE88796AE887.d.AEDBB564A062EBF700BF7BD20ADA7C0C.e.12061"},"setValue",["5/16/25"]]}
RESULT: {"script":"<script> [6424 bytes]","args":[{"element-6066-11e4-a52e-4f735466cecf":"f.39032AFF0B9C80A7D793EE88796AE887.d.AEDBB564A062EBF700BF7BD20ADA7C0C.e.12061"},"setValue",["5/16/25"]]}
COMMAND: POST /session/d2ee73163e71edf45acf38a1abb82030/element - {"using":"xpath","value":"//button[@data-kt=\"PickingTableConfirmAllButton\"]"}
RESULT: {"using":"xpath","value":"//button[@data-kt=\"PickingTableConfirmAllButton\"]"}
COMMAND: POST /session/d2ee73163e71edf45acf38a1abb82030/element/f.39032AFF0B9C80A7D793EE88796AE887.d.AEDBB564A062EBF700BF7BD20ADA7C0C.e.12075/click - {}
RESULT: {}
COMMAND: GET /session/d2ee73163e71edf45acf38a1abb82030/screenshot - {}
RESULT: {}
COMMAND: POST /session/d2ee73163e71edf45acf38a1abb82030/element - {"using":"xpath","value":"//bdi[contains(text(), \"OK\")]"}
RESULT: {"using":"xpath","value":"//bdi[contains(text(), \"OK\")]"}
COMMAND: POST /session/d2ee73163e71edf45acf38a1abb82030/element/f.39032AFF0B9C80A7D793EE88796AE887.d.AEDBB564A062EBF700BF7BD20ADA7C0C.e.12077/click - {}
RESULT: {}
COMMAND: GET /session/d2ee73163e71edf45acf38a1abb82030/screenshot - {}
RESULT: {}
COMMAND: POST /session/d2ee73163e71edf45acf38a1abb82030/element - {"using":"xpath","value":"(//bdi[contains(text(), \"Receive\")])[2]"}
RESULT: {"using":"xpath","value":"(//bdi[contains(text(), \"Receive\")])[2]"}
COMMAND: POST /session/d2ee73163e71edf45acf38a1abb82030/element/f.39032AFF0B9C80A7D793EE88796AE887.d.AEDBB564A062EBF700BF7BD20ADA7C0C.e.12079/click - {}
RESULT: {}
COMMAND: GET /session/d2ee73163e71edf45acf38a1abb82030/screenshot - {}
RESULT: {}
COMMAND: POST /session/d2ee73163e71edf45acf38a1abb82030/element - {"using":"css selector","value":"#shell-header-logo"}
RESULT: {"using":"css selector","value":"#shell-header-logo"}
COMMAND: POST /session/d2ee73163e71edf45acf38a1abb82030/element/f.39032AFF0B9C80A7D793EE88796AE887.d.AEDBB564A062EBF700BF7BD20ADA7C0C.e.11460/click - {}
RESULT: {}
COMMAND: GET /session/d2ee73163e71edf45acf38a1abb82030/screenshot - {}
RESULT: {}
]]></system-out>
    </testcase>
    <testcase classname="chrome.136_0_7103_93.windows.Create_master_data_for_mixed_billing_&amp;_do_billing_calculation_US151661" name="Should create a new contract" time="62.375">
      <system-out><![CDATA[
COMMAND: POST /session/d2ee73163e71edf45acf38a1abb82030/execute/async - {"script":"<script> [1562 bytes]","args":[{"selector":{"controlType":"sap.m.GenericTile","properties":{"header":"Manage Contracts"}},"wdio_ui5_key":"sapm.GenericTile{\"header\":\"Manage Contracts\"}"}]}
RESULT: {"script":"<script> [1562 bytes]","args":[{"selector":{"controlType":"sap.m.GenericTile","properties":{"header":"Manage Contracts"}},"wdio_ui5_key":"sapm.GenericTile{\"header\":\"Manage Contracts\"}"}]}
RESULT: undefined
COMMAND: POST /session/d2ee73163e71edf45acf38a1abb82030/element - {"using":"xpath","value":"//*[@id=\"__tile130\"]"}
RESULT: {"using":"xpath","value":"//*[@id=\"__tile130\"]"}
COMMAND: POST /session/d2ee73163e71edf45acf38a1abb82030/element/f.39032AFF0B9C80A7D793EE88796AE887.d.AEDBB564A062EBF700BF7BD20ADA7C0C.e.5995/click - {}
RESULT: {}
COMMAND: GET /session/d2ee73163e71edf45acf38a1abb82030/screenshot - {}
RESULT: {}
COMMAND: POST /session/d2ee73163e71edf45acf38a1abb82030/elements - {"using":"xpath","value":"//span[text()='Error']"}
RESULT: {"using":"xpath","value":"//span[text()='Error']"}
COMMAND: POST /session/d2ee73163e71edf45acf38a1abb82030/element - {"using":"xpath","value":"//button[@data-kt=\"addButton\"]"}
RESULT: {"using":"xpath","value":"//button[@data-kt=\"addButton\"]"}
COMMAND: POST /session/d2ee73163e71edf45acf38a1abb82030/elements - {"using":"xpath","value":"//button[@data-kt=\"addButton\"]"}
RESULT: {"using":"xpath","value":"//button[@data-kt=\"addButton\"]"}
COMMAND: POST /session/d2ee73163e71edf45acf38a1abb82030/execute/sync - {"script":"<script> [8489 bytes]","args":[{"element-6066-11e4-a52e-4f735466cecf":"f.39032AFF0B9C80A7D793EE88796AE887.d.AEDBB564A062EBF700BF7BD20ADA7C0C.e.12406","ELEMENT":"f.39032AFF0B9C80A7D793EE88796AE887.d.AEDBB564A062EBF700BF7BD20ADA7C0C.e.12406"}]}
RESULT: {"script":"<script> [8489 bytes]","args":[{"element-6066-11e4-a52e-4f735466cecf":"f.39032AFF0B9C80A7D793EE88796AE887.d.AEDBB564A062EBF700BF7BD20ADA7C0C.e.12406","ELEMENT":"f.39032AFF0B9C80A7D793EE88796AE887.d.AEDBB564A062EBF700BF7BD20ADA7C0C.e.12406"}]}
COMMAND: GET /session/d2ee73163e71edf45acf38a1abb82030/element/f.39032AFF0B9C80A7D793EE88796AE887.d.AEDBB564A062EBF700BF7BD20ADA7C0C.e.12406/enabled - {}
RESULT: {}
COMMAND: POST /session/d2ee73163e71edf45acf38a1abb82030/execute/sync - {"script":"<script> [8489 bytes]","args":[{"element-6066-11e4-a52e-4f735466cecf":"f.39032AFF0B9C80A7D793EE88796AE887.d.AEDBB564A062EBF700BF7BD20ADA7C0C.e.12406","ELEMENT":"f.39032AFF0B9C80A7D793EE88796AE887.d.AEDBB564A062EBF700BF7BD20ADA7C0C.e.12406"}]}
RESULT: {"script":"<script> [8489 bytes]","args":[{"element-6066-11e4-a52e-4f735466cecf":"f.39032AFF0B9C80A7D793EE88796AE887.d.AEDBB564A062EBF700BF7BD20ADA7C0C.e.12406","ELEMENT":"f.39032AFF0B9C80A7D793EE88796AE887.d.AEDBB564A062EBF700BF7BD20ADA7C0C.e.12406"}]}
COMMAND: POST /session/d2ee73163e71edf45acf38a1abb82030/execute/sync - {"script":"<script> [5351 bytes]","args":[{"element-6066-11e4-a52e-4f735466cecf":"f.39032AFF0B9C80A7D793EE88796AE887.d.AEDBB564A062EBF700BF7BD20ADA7C0C.e.12406","ELEMENT":"f.39032AFF0B9C80A7D793EE88796AE887.d.AEDBB564A062EBF700BF7BD20ADA7C0C.e.12406"}]}
RESULT: {"script":"<script> [5351 bytes]","args":[{"element-6066-11e4-a52e-4f735466cecf":"f.39032AFF0B9C80A7D793EE88796AE887.d.AEDBB564A062EBF700BF7BD20ADA7C0C.e.12406","ELEMENT":"f.39032AFF0B9C80A7D793EE88796AE887.d.AEDBB564A062EBF700BF7BD20ADA7C0C.e.12406"}]}
COMMAND: GET /session/d2ee73163e71edf45acf38a1abb82030/screenshot - {}
COMMAND: GET /session/d2ee73163e71edf45acf38a1abb82030/screenshot - {}
COMMAND: GET /session/d2ee73163e71edf45acf38a1abb82030/screenshot - {}
COMMAND: GET /session/d2ee73163e71edf45acf38a1abb82030/screenshot - {}
RESULT: {}
RESULT: {}
RESULT: {}
RESULT: {}
COMMAND: POST /session/d2ee73163e71edf45acf38a1abb82030/element/f.39032AFF0B9C80A7D793EE88796AE887.d.AEDBB564A062EBF700BF7BD20ADA7C0C.e.12406/click - {}
RESULT: {}
COMMAND: GET /session/d2ee73163e71edf45acf38a1abb82030/screenshot - {}
COMMAND: POST /session/d2ee73163e71edf45acf38a1abb82030/execute/async - {"script":"<script> [1562 bytes]","args":[{"selector":{"id":"application-managecontracts-display-component---AddNewContract--projectDescription","interaction":{"idSuffix":"inner"}},"wdio_ui5_key":"applicationmanagecontracts-display-component---AddNewContract--projectDescription"}]}
RESULT: {}
RESULT: {"script":"<script> [1562 bytes]","args":[{"selector":{"id":"application-managecontracts-display-component---AddNewContract--projectDescription","interaction":{"idSuffix":"inner"}},"wdio_ui5_key":"applicationmanagecontracts-display-component---AddNewContract--projectDescription"}]}
RESULT: undefined
COMMAND: POST /session/d2ee73163e71edf45acf38a1abb82030/execute/async - {"script":"<script> [776 bytes]","args":[{"enterText":"Mixed Contract WDIO","selector":{"id":"application-managecontracts-display-component---AddNewContract--projectDescription","interaction":{"idSuffix":"inner"}},"clearTextFirst":true,"interactionType":"ENTER_TEXT"}]}
RESULT: {"script":"<script> [776 bytes]","args":[{"enterText":"Mixed Contract WDIO","selector":{"id":"application-managecontracts-display-component---AddNewContract--projectDescription","interaction":{"idSuffix":"inner"}},"clearTextFirst":true,"interactionType":"ENTER_TEXT"}]}
COMMAND: POST /session/d2ee73163e71edf45acf38a1abb82030/element - {"using":"xpath","value":"//input[@id=\"application-managecontracts-display-component---AddNewContract--site-inner\"]"}
RESULT: {"using":"xpath","value":"//input[@id=\"application-managecontracts-display-component---AddNewContract--site-inner\"]"}
COMMAND: POST /session/d2ee73163e71edf45acf38a1abb82030/element/f.39032AFF0B9C80A7D793EE88796AE887.d.AEDBB564A062EBF700BF7BD20ADA7C0C.e.12759/clear - {}
RESULT: {}
COMMAND: POST /session/d2ee73163e71edf45acf38a1abb82030/element/f.39032AFF0B9C80A7D793EE88796AE887.d.AEDBB564A062EBF700BF7BD20ADA7C0C.e.12759/value - {"text":"2226"}
COMMAND: GET /session/d2ee73163e71edf45acf38a1abb82030/screenshot - {}
RESULT: {"text":"2226"}
COMMAND: GET /session/d2ee73163e71edf45acf38a1abb82030/screenshot - {}
RESULT: {}
RESULT: {}
COMMAND: POST /session/d2ee73163e71edf45acf38a1abb82030/element - {"using":"xpath","value":"//li[.//span[text()='2226']]"}
RESULT: {"using":"xpath","value":"//li[.//span[text()='2226']]"}
COMMAND: POST /session/d2ee73163e71edf45acf38a1abb82030/element/f.39032AFF0B9C80A7D793EE88796AE887.d.AEDBB564A062EBF700BF7BD20ADA7C0C.e.12789/click - {}
RESULT: {}
COMMAND: GET /session/d2ee73163e71edf45acf38a1abb82030/screenshot - {}
RESULT: {}
COMMAND: POST /session/d2ee73163e71edf45acf38a1abb82030/element - {"using":"xpath","value":"//input[@id=\"application-managecontracts-display-component---AddNewContract--yardId-inner\"]"}
RESULT: {"using":"xpath","value":"//input[@id=\"application-managecontracts-display-component---AddNewContract--yardId-inner\"]"}
COMMAND: GET /session/d2ee73163e71edf45acf38a1abb82030/element/f.39032AFF0B9C80A7D793EE88796AE887.d.AEDBB564A062EBF700BF7BD20ADA7C0C.e.12760/property/value - {}
RESULT: {}
COMMAND: POST /session/d2ee73163e71edf45acf38a1abb82030/element - {"using":"xpath","value":"//input[@id=\"application-managecontracts-display-component---AddNewContract--customerSelect-inner\"]"}
COMMAND: GET /session/d2ee73163e71edf45acf38a1abb82030/screenshot - {}
RESULT: {"using":"xpath","value":"//input[@id=\"application-managecontracts-display-component---AddNewContract--customerSelect-inner\"]"}
COMMAND: POST /session/d2ee73163e71edf45acf38a1abb82030/element/f.39032AFF0B9C80A7D793EE88796AE887.d.AEDBB564A062EBF700BF7BD20ADA7C0C.e.12758/clear - {}
RESULT: {}
RESULT: {}
COMMAND: POST /session/d2ee73163e71edf45acf38a1abb82030/element/f.39032AFF0B9C80A7D793EE88796AE887.d.AEDBB564A062EBF700BF7BD20ADA7C0C.e.12758/value - {"text":"1266"}
COMMAND: GET /session/d2ee73163e71edf45acf38a1abb82030/screenshot - {}
RESULT: {"text":"1266"}
COMMAND: GET /session/d2ee73163e71edf45acf38a1abb82030/screenshot - {}
RESULT: {}
RESULT: {}
COMMAND: POST /session/d2ee73163e71edf45acf38a1abb82030/element - {"using":"xpath","value":"//li[.//span[text()='1266']]"}
RESULT: {"using":"xpath","value":"//li[.//span[text()='1266']]"}
COMMAND: POST /session/d2ee73163e71edf45acf38a1abb82030/element/f.39032AFF0B9C80A7D793EE88796AE887.d.AEDBB564A062EBF700BF7BD20ADA7C0C.e.12792/click - {}
RESULT: {}
COMMAND: GET /session/d2ee73163e71edf45acf38a1abb82030/screenshot - {}
RESULT: {}
COMMAND: POST /session/d2ee73163e71edf45acf38a1abb82030/element - {"using":"xpath","value":"//button[@data-kt=\"saveButton\"]"}
RESULT: {"using":"xpath","value":"//button[@data-kt=\"saveButton\"]"}
COMMAND: POST /session/d2ee73163e71edf45acf38a1abb82030/element/f.39032AFF0B9C80A7D793EE88796AE887.d.AEDBB564A062EBF700BF7BD20ADA7C0C.e.12793/click - {}
RESULT: {}
COMMAND: GET /session/d2ee73163e71edf45acf38a1abb82030/screenshot - {}
RESULT: {}
COMMAND: POST /session/d2ee73163e71edf45acf38a1abb82030/element - {"using":"xpath","value":"//span[contains(@id ,\"contractDetailTitleNoExpanded\")]"}
RESULT: {"using":"xpath","value":"//span[contains(@id ,\"contractDetailTitleNoExpanded\")]"}
COMMAND: POST /session/d2ee73163e71edf45acf38a1abb82030/elements - {"using":"xpath","value":"//span[contains(@id ,\"contractDetailTitleNoExpanded\")]"}
RESULT: {"using":"xpath","value":"//span[contains(@id ,\"contractDetailTitleNoExpanded\")]"}
COMMAND: POST /session/d2ee73163e71edf45acf38a1abb82030/execute/sync - {"script":"<script> [56 bytes]","args":[{"element-6066-11e4-a52e-4f735466cecf":"f.39032AFF0B9C80A7D793EE88796AE887.d.AEDBB564A062EBF700BF7BD20ADA7C0C.e.12863","ELEMENT":"f.39032AFF0B9C80A7D793EE88796AE887.d.AEDBB564A062EBF700BF7BD20ADA7C0C.e.12863"}]}
RESULT: {"script":"<script> [56 bytes]","args":[{"element-6066-11e4-a52e-4f735466cecf":"f.39032AFF0B9C80A7D793EE88796AE887.d.AEDBB564A062EBF700BF7BD20ADA7C0C.e.12863","ELEMENT":"f.39032AFF0B9C80A7D793EE88796AE887.d.AEDBB564A062EBF700BF7BD20ADA7C0C.e.12863"}]}
COMMAND: GET /session/d2ee73163e71edf45acf38a1abb82030/screenshot - {}
RESULT: {}
]]></system-out>
    </testcase>
    <testcase classname="chrome.136_0_7103_93.windows.Create_master_data_for_mixed_billing_&amp;_do_billing_calculation_US151661" name="Should add equipment to the contract" time="59.716">
      <system-out><![CDATA[
COMMAND: POST /session/d2ee73163e71edf45acf38a1abb82030/element - {"using":"xpath","value":"//button[@data-kt=\"contractDetailEditBtnButton\"]"}
RESULT: {"using":"xpath","value":"//button[@data-kt=\"contractDetailEditBtnButton\"]"}
COMMAND: POST /session/d2ee73163e71edf45acf38a1abb82030/element/f.39032AFF0B9C80A7D793EE88796AE887.d.AEDBB564A062EBF700BF7BD20ADA7C0C.e.12866/click - {}
RESULT: {}
COMMAND: GET /session/d2ee73163e71edf45acf38a1abb82030/screenshot - {}
RESULT: {}
COMMAND: POST /session/d2ee73163e71edf45acf38a1abb82030/element - {"using":"xpath","value":"(//span[contains(text(), \"Additional Addresses\")])[2]"}
RESULT: {"using":"xpath","value":"(//span[contains(text(), \"Additional Addresses\")])[2]"}
COMMAND: POST /session/d2ee73163e71edf45acf38a1abb82030/element/f.39032AFF0B9C80A7D793EE88796AE887.d.AEDBB564A062EBF700BF7BD20ADA7C0C.e.12920/click - {}
RESULT: {}
COMMAND: GET /session/d2ee73163e71edf45acf38a1abb82030/screenshot - {}
RESULT: {}
COMMAND: POST /session/d2ee73163e71edf45acf38a1abb82030/element - {"using":"xpath","value":"//button[@data-kt=\"btnAddTableRowOverflowToolbarButton\"]"}
RESULT: {"using":"xpath","value":"//button[@data-kt=\"btnAddTableRowOverflowToolbarButton\"]"}
COMMAND: POST /session/d2ee73163e71edf45acf38a1abb82030/element/f.39032AFF0B9C80A7D793EE88796AE887.d.AEDBB564A062EBF700BF7BD20ADA7C0C.e.12924/click - {}
RESULT: {}
COMMAND: GET /session/d2ee73163e71edf45acf38a1abb82030/screenshot - {}
RESULT: {}
COMMAND: POST /session/d2ee73163e71edf45acf38a1abb82030/element - {"using":"xpath","value":"//div[(text() = 'Standard Entry' or . = 'Standard Entry')]"}
RESULT: {"using":"xpath","value":"//div[(text() = 'Standard Entry' or . = 'Standard Entry')]"}
COMMAND: POST /session/d2ee73163e71edf45acf38a1abb82030/element/f.39032AFF0B9C80A7D793EE88796AE887.d.AEDBB564A062EBF700BF7BD20ADA7C0C.e.12926/click - {}
RESULT: {}
COMMAND: GET /session/d2ee73163e71edf45acf38a1abb82030/screenshot - {}
RESULT: {}
COMMAND: POST /session/d2ee73163e71edf45acf38a1abb82030/element - {"using":"xpath","value":"//td[7]/div/div/input"}
RESULT: {"using":"xpath","value":"//td[7]/div/div/input"}
COMMAND: POST /session/d2ee73163e71edf45acf38a1abb82030/element/f.39032AFF0B9C80A7D793EE88796AE887.d.AEDBB564A062EBF700BF7BD20ADA7C0C.e.12935/clear - {}
RESULT: {}
COMMAND: POST /session/d2ee73163e71edf45acf38a1abb82030/element/f.39032AFF0B9C80A7D793EE88796AE887.d.AEDBB564A062EBF700BF7BD20ADA7C0C.e.12935/value - {"text":"FFNLucDmUq"}
COMMAND: GET /session/d2ee73163e71edf45acf38a1abb82030/screenshot - {}
RESULT: {"text":"FFNLucDmUq"}
COMMAND: GET /session/d2ee73163e71edf45acf38a1abb82030/screenshot - {}
RESULT: {}
RESULT: {}
COMMAND: POST /session/d2ee73163e71edf45acf38a1abb82030/actions - {"actions":[{"id":"action46","type":"key","parameters":{},"actions":[{"type":"keyDown","value":"î€‡"},{"type":"pause","duration":10},{"type":"keyUp","value":"î€‡"}]}]}
RESULT: {"actions":[{"id":"action46","type":"key","parameters":{},"actions":[{"type":"keyDown","value":"î€‡"},{"type":"pause","duration":10},{"type":"keyUp","value":"î€‡"}]}]}
COMMAND: GET /session/d2ee73163e71edf45acf38a1abb82030/screenshot - {}
RESULT: {}
COMMAND: POST /session/d2ee73163e71edf45acf38a1abb82030/execute/sync - {"script":"<script> [276 bytes]","args":["No pricing information was found"]}
RESULT: {"script":"<script> [276 bytes]","args":["No pricing information was found"]}
COMMAND: POST /session/d2ee73163e71edf45acf38a1abb82030/element - {"using":"xpath","value":"(//button[@data-kt=\"saveButton\"])[2]"}
COMMAND: GET /session/d2ee73163e71edf45acf38a1abb82030/screenshot - {}
RESULT: {"using":"xpath","value":"(//button[@data-kt=\"saveButton\"])[2]"}
COMMAND: POST /session/d2ee73163e71edf45acf38a1abb82030/element/f.39032AFF0B9C80A7D793EE88796AE887.d.AEDBB564A062EBF700BF7BD20ADA7C0C.e.12950/click - {}
RESULT: {}
RESULT: {}
COMMAND: GET /session/d2ee73163e71edf45acf38a1abb82030/screenshot - {}
RESULT: {}
COMMAND: POST /session/d2ee73163e71edf45acf38a1abb82030/execute/sync - {"script":"<script> [276 bytes]","args":["Some contract items are having rental validity exceeding header rental validity"]}
RESULT: {"script":"<script> [276 bytes]","args":["Some contract items are having rental validity exceeding header rental validity"]}
COMMAND: GET /session/d2ee73163e71edf45acf38a1abb82030/screenshot - {}
RESULT: {}
COMMAND: POST /session/d2ee73163e71edf45acf38a1abb82030/element - {"using":"xpath","value":"//span[contains(@id ,\"contractItemsSmartTable-header-inner\")]"}
RESULT: {"using":"xpath","value":"//span[contains(@id ,\"contractItemsSmartTable-header-inner\")]"}
COMMAND: POST /session/d2ee73163e71edf45acf38a1abb82030/elements - {"using":"xpath","value":"//span[contains(@id ,\"contractItemsSmartTable-header-inner\")]"}
RESULT: {"using":"xpath","value":"//span[contains(@id ,\"contractItemsSmartTable-header-inner\")]"}
COMMAND: POST /session/d2ee73163e71edf45acf38a1abb82030/execute/sync - {"script":"<script> [56 bytes]","args":[{"element-6066-11e4-a52e-4f735466cecf":"f.39032AFF0B9C80A7D793EE88796AE887.d.AEDBB564A062EBF700BF7BD20ADA7C0C.e.12952","ELEMENT":"f.39032AFF0B9C80A7D793EE88796AE887.d.AEDBB564A062EBF700BF7BD20ADA7C0C.e.12952"}]}
RESULT: {"script":"<script> [56 bytes]","args":[{"element-6066-11e4-a52e-4f735466cecf":"f.39032AFF0B9C80A7D793EE88796AE887.d.AEDBB564A062EBF700BF7BD20ADA7C0C.e.12952","ELEMENT":"f.39032AFF0B9C80A7D793EE88796AE887.d.AEDBB564A062EBF700BF7BD20ADA7C0C.e.12952"}]}
COMMAND: GET /session/d2ee73163e71edf45acf38a1abb82030/screenshot - {}
RESULT: {}
COMMAND: POST /session/d2ee73163e71edf45acf38a1abb82030/execute/sync - {"script":"<script> [56 bytes]","args":[{"element-6066-11e4-a52e-4f735466cecf":"f.39032AFF0B9C80A7D793EE88796AE887.d.AEDBB564A062EBF700BF7BD20ADA7C0C.e.12952","ELEMENT":"f.39032AFF0B9C80A7D793EE88796AE887.d.AEDBB564A062EBF700BF7BD20ADA7C0C.e.12952"}]}
RESULT: {"script":"<script> [56 bytes]","args":[{"element-6066-11e4-a52e-4f735466cecf":"f.39032AFF0B9C80A7D793EE88796AE887.d.AEDBB564A062EBF700BF7BD20ADA7C0C.e.12952","ELEMENT":"f.39032AFF0B9C80A7D793EE88796AE887.d.AEDBB564A062EBF700BF7BD20ADA7C0C.e.12952"}]}
COMMAND: GET /session/d2ee73163e71edf45acf38a1abb82030/screenshot - {}
RESULT: {}
COMMAND: POST /session/d2ee73163e71edf45acf38a1abb82030/execute/sync - {"script":"<script> [56 bytes]","args":[{"element-6066-11e4-a52e-4f735466cecf":"f.39032AFF0B9C80A7D793EE88796AE887.d.AEDBB564A062EBF700BF7BD20ADA7C0C.e.12952","ELEMENT":"f.39032AFF0B9C80A7D793EE88796AE887.d.AEDBB564A062EBF700BF7BD20ADA7C0C.e.12952"}]}
RESULT: {"script":"<script> [56 bytes]","args":[{"element-6066-11e4-a52e-4f735466cecf":"f.39032AFF0B9C80A7D793EE88796AE887.d.AEDBB564A062EBF700BF7BD20ADA7C0C.e.12952","ELEMENT":"f.39032AFF0B9C80A7D793EE88796AE887.d.AEDBB564A062EBF700BF7BD20ADA7C0C.e.12952"}]}
COMMAND: GET /session/d2ee73163e71edf45acf38a1abb82030/screenshot - {}
RESULT: {}
COMMAND: POST /session/d2ee73163e71edf45acf38a1abb82030/execute/sync - {"script":"<script> [56 bytes]","args":[{"element-6066-11e4-a52e-4f735466cecf":"f.39032AFF0B9C80A7D793EE88796AE887.d.AEDBB564A062EBF700BF7BD20ADA7C0C.e.12952","ELEMENT":"f.39032AFF0B9C80A7D793EE88796AE887.d.AEDBB564A062EBF700BF7BD20ADA7C0C.e.12952"}]}
RESULT: {"script":"<script> [56 bytes]","args":[{"element-6066-11e4-a52e-4f735466cecf":"f.39032AFF0B9C80A7D793EE88796AE887.d.AEDBB564A062EBF700BF7BD20ADA7C0C.e.12952","ELEMENT":"f.39032AFF0B9C80A7D793EE88796AE887.d.AEDBB564A062EBF700BF7BD20ADA7C0C.e.12952"}]}
COMMAND: GET /session/d2ee73163e71edf45acf38a1abb82030/screenshot - {}
RESULT: {}
COMMAND: POST /session/d2ee73163e71edf45acf38a1abb82030/execute/sync - {"script":"<script> [56 bytes]","args":[{"element-6066-11e4-a52e-4f735466cecf":"f.39032AFF0B9C80A7D793EE88796AE887.d.AEDBB564A062EBF700BF7BD20ADA7C0C.e.12952","ELEMENT":"f.39032AFF0B9C80A7D793EE88796AE887.d.AEDBB564A062EBF700BF7BD20ADA7C0C.e.12952"}]}
RESULT: {"script":"<script> [56 bytes]","args":[{"element-6066-11e4-a52e-4f735466cecf":"f.39032AFF0B9C80A7D793EE88796AE887.d.AEDBB564A062EBF700BF7BD20ADA7C0C.e.12952","ELEMENT":"f.39032AFF0B9C80A7D793EE88796AE887.d.AEDBB564A062EBF700BF7BD20ADA7C0C.e.12952"}]}
COMMAND: GET /session/d2ee73163e71edf45acf38a1abb82030/screenshot - {}
RESULT: {}
COMMAND: POST /session/d2ee73163e71edf45acf38a1abb82030/execute/sync - {"script":"<script> [56 bytes]","args":[{"element-6066-11e4-a52e-4f735466cecf":"f.39032AFF0B9C80A7D793EE88796AE887.d.AEDBB564A062EBF700BF7BD20ADA7C0C.e.12952","ELEMENT":"f.39032AFF0B9C80A7D793EE88796AE887.d.AEDBB564A062EBF700BF7BD20ADA7C0C.e.12952"}]}
RESULT: {"script":"<script> [56 bytes]","args":[{"element-6066-11e4-a52e-4f735466cecf":"f.39032AFF0B9C80A7D793EE88796AE887.d.AEDBB564A062EBF700BF7BD20ADA7C0C.e.12952","ELEMENT":"f.39032AFF0B9C80A7D793EE88796AE887.d.AEDBB564A062EBF700BF7BD20ADA7C0C.e.12952"}]}
COMMAND: GET /session/d2ee73163e71edf45acf38a1abb82030/screenshot - {}
RESULT: {}
COMMAND: POST /session/d2ee73163e71edf45acf38a1abb82030/execute/sync - {"script":"<script> [56 bytes]","args":[{"element-6066-11e4-a52e-4f735466cecf":"f.39032AFF0B9C80A7D793EE88796AE887.d.AEDBB564A062EBF700BF7BD20ADA7C0C.e.12952","ELEMENT":"f.39032AFF0B9C80A7D793EE88796AE887.d.AEDBB564A062EBF700BF7BD20ADA7C0C.e.12952"}]}
RESULT: {"script":"<script> [56 bytes]","args":[{"element-6066-11e4-a52e-4f735466cecf":"f.39032AFF0B9C80A7D793EE88796AE887.d.AEDBB564A062EBF700BF7BD20ADA7C0C.e.12952","ELEMENT":"f.39032AFF0B9C80A7D793EE88796AE887.d.AEDBB564A062EBF700BF7BD20ADA7C0C.e.12952"}]}
COMMAND: GET /session/d2ee73163e71edf45acf38a1abb82030/screenshot - {}
RESULT: {}
COMMAND: POST /session/d2ee73163e71edf45acf38a1abb82030/execute/sync - {"script":"<script> [56 bytes]","args":[{"element-6066-11e4-a52e-4f735466cecf":"f.39032AFF0B9C80A7D793EE88796AE887.d.AEDBB564A062EBF700BF7BD20ADA7C0C.e.12952","ELEMENT":"f.39032AFF0B9C80A7D793EE88796AE887.d.AEDBB564A062EBF700BF7BD20ADA7C0C.e.12952"}]}
RESULT: {"script":"<script> [56 bytes]","args":[{"element-6066-11e4-a52e-4f735466cecf":"f.39032AFF0B9C80A7D793EE88796AE887.d.AEDBB564A062EBF700BF7BD20ADA7C0C.e.12952","ELEMENT":"f.39032AFF0B9C80A7D793EE88796AE887.d.AEDBB564A062EBF700BF7BD20ADA7C0C.e.12952"}]}
COMMAND: GET /session/d2ee73163e71edf45acf38a1abb82030/screenshot - {}
RESULT: {}
COMMAND: POST /session/d2ee73163e71edf45acf38a1abb82030/execute/sync - {"script":"<script> [56 bytes]","args":[{"element-6066-11e4-a52e-4f735466cecf":"f.39032AFF0B9C80A7D793EE88796AE887.d.AEDBB564A062EBF700BF7BD20ADA7C0C.e.12952","ELEMENT":"f.39032AFF0B9C80A7D793EE88796AE887.d.AEDBB564A062EBF700BF7BD20ADA7C0C.e.12952"}]}
RESULT: {"script":"<script> [56 bytes]","args":[{"element-6066-11e4-a52e-4f735466cecf":"f.39032AFF0B9C80A7D793EE88796AE887.d.AEDBB564A062EBF700BF7BD20ADA7C0C.e.12952","ELEMENT":"f.39032AFF0B9C80A7D793EE88796AE887.d.AEDBB564A062EBF700BF7BD20ADA7C0C.e.12952"}]}
COMMAND: GET /session/d2ee73163e71edf45acf38a1abb82030/screenshot - {}
RESULT: {}
COMMAND: POST /session/d2ee73163e71edf45acf38a1abb82030/execute/sync - {"script":"<script> [56 bytes]","args":[{"element-6066-11e4-a52e-4f735466cecf":"f.39032AFF0B9C80A7D793EE88796AE887.d.AEDBB564A062EBF700BF7BD20ADA7C0C.e.12952","ELEMENT":"f.39032AFF0B9C80A7D793EE88796AE887.d.AEDBB564A062EBF700BF7BD20ADA7C0C.e.12952"}]}
RESULT: {"script":"<script> [56 bytes]","args":[{"element-6066-11e4-a52e-4f735466cecf":"f.39032AFF0B9C80A7D793EE88796AE887.d.AEDBB564A062EBF700BF7BD20ADA7C0C.e.12952","ELEMENT":"f.39032AFF0B9C80A7D793EE88796AE887.d.AEDBB564A062EBF700BF7BD20ADA7C0C.e.12952"}]}
COMMAND: GET /session/d2ee73163e71edf45acf38a1abb82030/screenshot - {}
RESULT: {}
COMMAND: POST /session/d2ee73163e71edf45acf38a1abb82030/execute/sync - {"script":"<script> [56 bytes]","args":[{"element-6066-11e4-a52e-4f735466cecf":"f.39032AFF0B9C80A7D793EE88796AE887.d.AEDBB564A062EBF700BF7BD20ADA7C0C.e.12952","ELEMENT":"f.39032AFF0B9C80A7D793EE88796AE887.d.AEDBB564A062EBF700BF7BD20ADA7C0C.e.12952"}]}
RESULT: {"script":"<script> [56 bytes]","args":[{"element-6066-11e4-a52e-4f735466cecf":"f.39032AFF0B9C80A7D793EE88796AE887.d.AEDBB564A062EBF700BF7BD20ADA7C0C.e.12952","ELEMENT":"f.39032AFF0B9C80A7D793EE88796AE887.d.AEDBB564A062EBF700BF7BD20ADA7C0C.e.12952"}]}
COMMAND: GET /session/d2ee73163e71edf45acf38a1abb82030/screenshot - {}
RESULT: {}
COMMAND: POST /session/d2ee73163e71edf45acf38a1abb82030/execute/sync - {"script":"<script> [56 bytes]","args":[{"element-6066-11e4-a52e-4f735466cecf":"f.39032AFF0B9C80A7D793EE88796AE887.d.AEDBB564A062EBF700BF7BD20ADA7C0C.e.12952","ELEMENT":"f.39032AFF0B9C80A7D793EE88796AE887.d.AEDBB564A062EBF700BF7BD20ADA7C0C.e.12952"}]}
RESULT: {"script":"<script> [56 bytes]","args":[{"element-6066-11e4-a52e-4f735466cecf":"f.39032AFF0B9C80A7D793EE88796AE887.d.AEDBB564A062EBF700BF7BD20ADA7C0C.e.12952","ELEMENT":"f.39032AFF0B9C80A7D793EE88796AE887.d.AEDBB564A062EBF700BF7BD20ADA7C0C.e.12952"}]}
COMMAND: GET /session/d2ee73163e71edf45acf38a1abb82030/screenshot - {}
RESULT: {}
COMMAND: POST /session/d2ee73163e71edf45acf38a1abb82030/execute/sync - {"script":"<script> [56 bytes]","args":[{"element-6066-11e4-a52e-4f735466cecf":"f.39032AFF0B9C80A7D793EE88796AE887.d.AEDBB564A062EBF700BF7BD20ADA7C0C.e.12952","ELEMENT":"f.39032AFF0B9C80A7D793EE88796AE887.d.AEDBB564A062EBF700BF7BD20ADA7C0C.e.12952"}]}
RESULT: {"script":"<script> [56 bytes]","args":[{"element-6066-11e4-a52e-4f735466cecf":"f.39032AFF0B9C80A7D793EE88796AE887.d.AEDBB564A062EBF700BF7BD20ADA7C0C.e.12952","ELEMENT":"f.39032AFF0B9C80A7D793EE88796AE887.d.AEDBB564A062EBF700BF7BD20ADA7C0C.e.12952"}]}
COMMAND: GET /session/d2ee73163e71edf45acf38a1abb82030/screenshot - {}
RESULT: {}
COMMAND: POST /session/d2ee73163e71edf45acf38a1abb82030/execute/sync - {"script":"<script> [56 bytes]","args":[{"element-6066-11e4-a52e-4f735466cecf":"f.39032AFF0B9C80A7D793EE88796AE887.d.AEDBB564A062EBF700BF7BD20ADA7C0C.e.12952","ELEMENT":"f.39032AFF0B9C80A7D793EE88796AE887.d.AEDBB564A062EBF700BF7BD20ADA7C0C.e.12952"}]}
RESULT: {"script":"<script> [56 bytes]","args":[{"element-6066-11e4-a52e-4f735466cecf":"f.39032AFF0B9C80A7D793EE88796AE887.d.AEDBB564A062EBF700BF7BD20ADA7C0C.e.12952","ELEMENT":"f.39032AFF0B9C80A7D793EE88796AE887.d.AEDBB564A062EBF700BF7BD20ADA7C0C.e.12952"}]}
COMMAND: GET /session/d2ee73163e71edf45acf38a1abb82030/screenshot - {}
RESULT: {}
COMMAND: POST /session/d2ee73163e71edf45acf38a1abb82030/execute/sync - {"script":"<script> [56 bytes]","args":[{"element-6066-11e4-a52e-4f735466cecf":"f.39032AFF0B9C80A7D793EE88796AE887.d.AEDBB564A062EBF700BF7BD20ADA7C0C.e.12952","ELEMENT":"f.39032AFF0B9C80A7D793EE88796AE887.d.AEDBB564A062EBF700BF7BD20ADA7C0C.e.12952"}]}
RESULT: {"script":"<script> [56 bytes]","args":[{"element-6066-11e4-a52e-4f735466cecf":"f.39032AFF0B9C80A7D793EE88796AE887.d.AEDBB564A062EBF700BF7BD20ADA7C0C.e.12952","ELEMENT":"f.39032AFF0B9C80A7D793EE88796AE887.d.AEDBB564A062EBF700BF7BD20ADA7C0C.e.12952"}]}
COMMAND: GET /session/d2ee73163e71edf45acf38a1abb82030/screenshot - {}
RESULT: {}
COMMAND: POST /session/d2ee73163e71edf45acf38a1abb82030/execute/sync - {"script":"<script> [56 bytes]","args":[{"element-6066-11e4-a52e-4f735466cecf":"f.39032AFF0B9C80A7D793EE88796AE887.d.AEDBB564A062EBF700BF7BD20ADA7C0C.e.12952","ELEMENT":"f.39032AFF0B9C80A7D793EE88796AE887.d.AEDBB564A062EBF700BF7BD20ADA7C0C.e.12952"}]}
RESULT: {"script":"<script> [56 bytes]","args":[{"element-6066-11e4-a52e-4f735466cecf":"f.39032AFF0B9C80A7D793EE88796AE887.d.AEDBB564A062EBF700BF7BD20ADA7C0C.e.12952","ELEMENT":"f.39032AFF0B9C80A7D793EE88796AE887.d.AEDBB564A062EBF700BF7BD20ADA7C0C.e.12952"}]}
COMMAND: GET /session/d2ee73163e71edf45acf38a1abb82030/screenshot - {}
COMMAND: POST /session/d2ee73163e71edf45acf38a1abb82030/execute/sync - {"script":"<script> [56 bytes]","args":[{"element-6066-11e4-a52e-4f735466cecf":"f.39032AFF0B9C80A7D793EE88796AE887.d.AEDBB564A062EBF700BF7BD20ADA7C0C.e.12952","ELEMENT":"f.39032AFF0B9C80A7D793EE88796AE887.d.AEDBB564A062EBF700BF7BD20ADA7C0C.e.12952"}]}
RESULT: {}
RESULT: {"script":"<script> [56 bytes]","args":[{"element-6066-11e4-a52e-4f735466cecf":"f.39032AFF0B9C80A7D793EE88796AE887.d.AEDBB564A062EBF700BF7BD20ADA7C0C.e.12952","ELEMENT":"f.39032AFF0B9C80A7D793EE88796AE887.d.AEDBB564A062EBF700BF7BD20ADA7C0C.e.12952"}]}
COMMAND: POST /session/d2ee73163e71edf45acf38a1abb82030/execute/sync - {"script":"<script> [56 bytes]","args":[{"element-6066-11e4-a52e-4f735466cecf":"f.39032AFF0B9C80A7D793EE88796AE887.d.AEDBB564A062EBF700BF7BD20ADA7C0C.e.12952","ELEMENT":"f.39032AFF0B9C80A7D793EE88796AE887.d.AEDBB564A062EBF700BF7BD20ADA7C0C.e.12952"}]}
COMMAND: GET /session/d2ee73163e71edf45acf38a1abb82030/screenshot - {}
RESULT: {"script":"<script> [56 bytes]","args":[{"element-6066-11e4-a52e-4f735466cecf":"f.39032AFF0B9C80A7D793EE88796AE887.d.AEDBB564A062EBF700BF7BD20ADA7C0C.e.12952","ELEMENT":"f.39032AFF0B9C80A7D793EE88796AE887.d.AEDBB564A062EBF700BF7BD20ADA7C0C.e.12952"}]}
COMMAND: GET /session/d2ee73163e71edf45acf38a1abb82030/screenshot - {}
COMMAND: POST /session/d2ee73163e71edf45acf38a1abb82030/execute/sync - {"script":"<script> [56 bytes]","args":[{"element-6066-11e4-a52e-4f735466cecf":"f.39032AFF0B9C80A7D793EE88796AE887.d.AEDBB564A062EBF700BF7BD20ADA7C0C.e.12952","ELEMENT":"f.39032AFF0B9C80A7D793EE88796AE887.d.AEDBB564A062EBF700BF7BD20ADA7C0C.e.12952"}]}
RESULT: {}
RESULT: {}
RESULT: {"script":"<script> [56 bytes]","args":[{"element-6066-11e4-a52e-4f735466cecf":"f.39032AFF0B9C80A7D793EE88796AE887.d.AEDBB564A062EBF700BF7BD20ADA7C0C.e.12952","ELEMENT":"f.39032AFF0B9C80A7D793EE88796AE887.d.AEDBB564A062EBF700BF7BD20ADA7C0C.e.12952"}]}
COMMAND: GET /session/d2ee73163e71edf45acf38a1abb82030/screenshot - {}
COMMAND: POST /session/d2ee73163e71edf45acf38a1abb82030/execute/sync - {"script":"<script> [56 bytes]","args":[{"element-6066-11e4-a52e-4f735466cecf":"f.39032AFF0B9C80A7D793EE88796AE887.d.AEDBB564A062EBF700BF7BD20ADA7C0C.e.12952","ELEMENT":"f.39032AFF0B9C80A7D793EE88796AE887.d.AEDBB564A062EBF700BF7BD20ADA7C0C.e.12952"}]}
RESULT: {"script":"<script> [56 bytes]","args":[{"element-6066-11e4-a52e-4f735466cecf":"f.39032AFF0B9C80A7D793EE88796AE887.d.AEDBB564A062EBF700BF7BD20ADA7C0C.e.12952","ELEMENT":"f.39032AFF0B9C80A7D793EE88796AE887.d.AEDBB564A062EBF700BF7BD20ADA7C0C.e.12952"}]}
COMMAND: POST /session/d2ee73163e71edf45acf38a1abb82030/execute/sync - {"script":"<script> [56 bytes]","args":[{"element-6066-11e4-a52e-4f735466cecf":"f.39032AFF0B9C80A7D793EE88796AE887.d.AEDBB564A062EBF700BF7BD20ADA7C0C.e.12952","ELEMENT":"f.39032AFF0B9C80A7D793EE88796AE887.d.AEDBB564A062EBF700BF7BD20ADA7C0C.e.12952"}]}
COMMAND: GET /session/d2ee73163e71edf45acf38a1abb82030/screenshot - {}
RESULT: {}
RESULT: {"script":"<script> [56 bytes]","args":[{"element-6066-11e4-a52e-4f735466cecf":"f.39032AFF0B9C80A7D793EE88796AE887.d.AEDBB564A062EBF700BF7BD20ADA7C0C.e.12952","ELEMENT":"f.39032AFF0B9C80A7D793EE88796AE887.d.AEDBB564A062EBF700BF7BD20ADA7C0C.e.12952"}]}
]]></system-out>
    </testcase>
    <testcase classname="chrome.136_0_7103_93.windows.Create_master_data_for_mixed_billing_&amp;_do_billing_calculation_US151661" name="Should do a provide to site handover" time="61.705">
      <system-out><![CDATA[
COMMAND: POST /session/d2ee73163e71edf45acf38a1abb82030/element - {"using":"xpath","value":"//button[@data-kt=\"provideButton\"]"}
COMMAND: GET /session/d2ee73163e71edf45acf38a1abb82030/screenshot - {}
RESULT: {}
RESULT: {"using":"xpath","value":"//button[@data-kt=\"provideButton\"]"}
COMMAND: POST /session/d2ee73163e71edf45acf38a1abb82030/element/f.39032AFF0B9C80A7D793EE88796AE887.d.AEDBB564A062EBF700BF7BD20ADA7C0C.e.12957/click - {}
RESULT: {}
RESULT: {}
COMMAND: GET /session/d2ee73163e71edf45acf38a1abb82030/screenshot - {}
RESULT: {}
RESULT: undefined
COMMAND: POST /session/d2ee73163e71edf45acf38a1abb82030/execute/async - {"script":"<script> [6424 bytes]","args":[{"element-6066-11e4-a52e-4f735466cecf":"f.39032AFF0B9C80A7D793EE88796AE887.d.AEDBB564A062EBF700BF7BD20ADA7C0C.e.11858"},"setValue",["5/16/25"]]}
COMMAND: POST /session/d2ee73163e71edf45acf38a1abb82030/execute/async - {"script":"<script> [1562 bytes]","args":[{"selector":{"id":"application-managehandovers-display-component---AddNewHO--dueDate","interaction":{"idSuffix":"inner"}},"wdio_ui5_key":"applicationmanagehandovers-display-component---AddNewHO--dueDate"}]}
RESULT: {"script":"<script> [1562 bytes]","args":[{"selector":{"id":"application-managehandovers-display-component---AddNewHO--dueDate","interaction":{"idSuffix":"inner"}},"wdio_ui5_key":"applicationmanagehandovers-display-component---AddNewHO--dueDate"}]}
COMMAND: POST /session/d2ee73163e71edf45acf38a1abb82030/execute/async - {"script":"<script> [6424 bytes]","args":[{"element-6066-11e4-a52e-4f735466cecf":"f.39032AFF0B9C80A7D793EE88796AE887.d.AEDBB564A062EBF700BF7BD20ADA7C0C.e.13048"},"setValue",["5/16/25"]]}
RESULT: {"script":"<script> [6424 bytes]","args":[{"element-6066-11e4-a52e-4f735466cecf":"f.39032AFF0B9C80A7D793EE88796AE887.d.AEDBB564A062EBF700BF7BD20ADA7C0C.e.13048"},"setValue",["5/16/25"]]}
COMMAND: POST /session/d2ee73163e71edf45acf38a1abb82030/element - {"using":"xpath","value":"//bdi[contains(text(), \"Instructions\")]"}
RESULT: {"using":"xpath","value":"//bdi[contains(text(), \"Instructions\")]"}
COMMAND: POST /session/d2ee73163e71edf45acf38a1abb82030/element/f.39032AFF0B9C80A7D793EE88796AE887.d.AEDBB564A062EBF700BF7BD20ADA7C0C.e.13132/click - {}
RESULT: {}
COMMAND: GET /session/d2ee73163e71edf45acf38a1abb82030/screenshot - {}
RESULT: {}
COMMAND: POST /session/d2ee73163e71edf45acf38a1abb82030/element - {"using":"xpath","value":"//button[@data-kt=\"AddNewHOProvideAddItemsButton\"]"}
RESULT: {"using":"xpath","value":"//button[@data-kt=\"AddNewHOProvideAddItemsButton\"]"}
COMMAND: POST /session/d2ee73163e71edf45acf38a1abb82030/element/f.39032AFF0B9C80A7D793EE88796AE887.d.AEDBB564A062EBF700BF7BD20ADA7C0C.e.13136/click - {}
RESULT: {}
COMMAND: GET /session/d2ee73163e71edf45acf38a1abb82030/screenshot - {}
RESULT: {}
RESULT: undefined
COMMAND: POST /session/d2ee73163e71edf45acf38a1abb82030/element - {"using":"xpath","value":"//*[@id=\"application-managehandovers-display-component---AddNewHO--popup-sa\"]"}
RESULT: {"using":"xpath","value":"//*[@id=\"application-managehandovers-display-component---AddNewHO--popup-sa\"]"}
COMMAND: POST /session/d2ee73163e71edf45acf38a1abb82030/element/f.39032AFF0B9C80A7D793EE88796AE887.d.AEDBB564A062EBF700BF7BD20ADA7C0C.e.13145/click - {}
RESULT: {}
COMMAND: GET /session/d2ee73163e71edf45acf38a1abb82030/screenshot - {}
RESULT: {}
COMMAND: POST /session/d2ee73163e71edf45acf38a1abb82030/element - {"using":"xpath","value":"//*[contains(@id ,\"BDI-content\")][contains(text(), \"Select\")]"}
RESULT: {"using":"xpath","value":"//*[contains(@id ,\"BDI-content\")][contains(text(), \"Select\")]"}
COMMAND: POST /session/d2ee73163e71edf45acf38a1abb82030/element/f.39032AFF0B9C80A7D793EE88796AE887.d.AEDBB564A062EBF700BF7BD20ADA7C0C.e.13147/click - {}
RESULT: {}
COMMAND: GET /session/d2ee73163e71edf45acf38a1abb82030/screenshot - {}
RESULT: {}
COMMAND: POST /session/d2ee73163e71edf45acf38a1abb82030/execute/async - {"script":"<script> [1562 bytes]","args":[{"selector":{"id":"application-managehandovers-display-component---AddNewHO--confirmCreationButton","interaction":{"idSuffix":"BDI-content"}},"wdio_ui5_key":"applicationmanagehandovers-display-component---AddNewHO--confirmCreationButton"}]}
RESULT: {"script":"<script> [1562 bytes]","args":[{"selector":{"id":"application-managehandovers-display-component---AddNewHO--confirmCreationButton","interaction":{"idSuffix":"BDI-content"}},"wdio_ui5_key":"applicationmanagehandovers-display-component---AddNewHO--confirmCreationButton"}]}
RESULT: undefined
COMMAND: POST /session/d2ee73163e71edf45acf38a1abb82030/element - {"using":"xpath","value":"//*[@id=\"application-managehandovers-display-component---AddNewHO--confirmCreationButton\"]"}
RESULT: {"using":"xpath","value":"//*[@id=\"application-managehandovers-display-component---AddNewHO--confirmCreationButton\"]"}
COMMAND: POST /session/d2ee73163e71edf45acf38a1abb82030/element/f.39032AFF0B9C80A7D793EE88796AE887.d.AEDBB564A062EBF700BF7BD20ADA7C0C.e.13092/click - {}
RESULT: {}
COMMAND: GET /session/d2ee73163e71edf45acf38a1abb82030/screenshot - {}
RESULT: {}
COMMAND: POST /session/d2ee73163e71edf45acf38a1abb82030/execute/async - {"script":"<script> [1562 bytes]","args":[{"selector":{"id":"issueDatePicker","viewName":"etm.portal.ui.managehandovers.view.DetailExecuteHO","interaction":{"idSuffix":"inner"}},"wdio_ui5_key":"issueDatePickeretmportal.ui.managehandovers.view.DetailExecuteHO"}]}
RESULT: {"script":"<script> [1562 bytes]","args":[{"selector":{"id":"issueDatePicker","viewName":"etm.portal.ui.managehandovers.view.DetailExecuteHO","interaction":{"idSuffix":"inner"}},"wdio_ui5_key":"issueDatePickeretmportal.ui.managehandovers.view.DetailExecuteHO"}]}
RESULT: undefined
COMMAND: POST /session/d2ee73163e71edf45acf38a1abb82030/execute/async - {"script":"<script> [776 bytes]","args":[{"enterText":"5/16/25","selector":{"id":"issueDatePicker","viewName":"etm.portal.ui.managehandovers.view.DetailExecuteHO","interaction":{"idSuffix":"inner"}},"clearTextFirst":true,"interactionType":"ENTER_TEXT"}]}
RESULT: {"script":"<script> [776 bytes]","args":[{"enterText":"5/16/25","selector":{"id":"issueDatePicker","viewName":"etm.portal.ui.managehandovers.view.DetailExecuteHO","interaction":{"idSuffix":"inner"}},"clearTextFirst":true,"interactionType":"ENTER_TEXT"}]}
COMMAND: POST /session/d2ee73163e71edf45acf38a1abb82030/element - {"using":"xpath","value":"//bdi[contains(text(), \"OK\")]"}
RESULT: {"using":"xpath","value":"//bdi[contains(text(), \"OK\")]"}
COMMAND: POST /session/d2ee73163e71edf45acf38a1abb82030/element/f.39032AFF0B9C80A7D793EE88796AE887.d.AEDBB564A062EBF700BF7BD20ADA7C0C.e.13210/click - {}
RESULT: {}
COMMAND: GET /session/d2ee73163e71edf45acf38a1abb82030/screenshot - {}
RESULT: {}
COMMAND: POST /session/d2ee73163e71edf45acf38a1abb82030/element - {"using":"xpath","value":"//button[@data-kt=\"PickingTableConfirmAllButton\"]"}
RESULT: {"using":"xpath","value":"//button[@data-kt=\"PickingTableConfirmAllButton\"]"}
COMMAND: POST /session/d2ee73163e71edf45acf38a1abb82030/element/f.39032AFF0B9C80A7D793EE88796AE887.d.AEDBB564A062EBF700BF7BD20ADA7C0C.e.13217/click - {}
RESULT: {}
COMMAND: GET /session/d2ee73163e71edf45acf38a1abb82030/screenshot - {}
RESULT: {}
COMMAND: POST /session/d2ee73163e71edf45acf38a1abb82030/element - {"using":"xpath","value":"//bdi[contains(text(), \"OK\")]"}
RESULT: {"using":"xpath","value":"//bdi[contains(text(), \"OK\")]"}
COMMAND: POST /session/d2ee73163e71edf45acf38a1abb82030/element/f.39032AFF0B9C80A7D793EE88796AE887.d.AEDBB564A062EBF700BF7BD20ADA7C0C.e.13221/click - {}
RESULT: {}
COMMAND: GET /session/d2ee73163e71edf45acf38a1abb82030/screenshot - {}
RESULT: {}
COMMAND: POST /session/d2ee73163e71edf45acf38a1abb82030/element - {"using":"xpath","value":"//bdi[contains(text(), \"Issue\")]"}
RESULT: {"using":"xpath","value":"//bdi[contains(text(), \"Issue\")]"}
COMMAND: POST /session/d2ee73163e71edf45acf38a1abb82030/element/f.39032AFF0B9C80A7D793EE88796AE887.d.AEDBB564A062EBF700BF7BD20ADA7C0C.e.13222/click - {}
RESULT: {}
COMMAND: GET /session/d2ee73163e71edf45acf38a1abb82030/screenshot - {}
RESULT: {}
COMMAND: POST /session/d2ee73163e71edf45acf38a1abb82030/element - {"using":"css selector","value":"#shell-header-logo"}
RESULT: {"using":"css selector","value":"#shell-header-logo"}
COMMAND: POST /session/d2ee73163e71edf45acf38a1abb82030/element/f.39032AFF0B9C80A7D793EE88796AE887.d.AEDBB564A062EBF700BF7BD20ADA7C0C.e.12356/click - {}
RESULT: {}
COMMAND: GET /session/d2ee73163e71edf45acf38a1abb82030/screenshot - {}
RESULT: {}
]]></system-out>
    </testcase>
    <testcase classname="chrome.136_0_7103_93.windows.Create_master_data_for_mixed_billing_&amp;_do_billing_calculation_US151661" name="Should create a few performance documents" time="97.112">
      <system-out><![CDATA[
COMMAND: POST /session/d2ee73163e71edf45acf38a1abb82030/execute/async - {"script":"<script> [1562 bytes]","args":[{"selector":{"controlType":"sap.m.GenericTile","properties":{"header":"Manage States & Performance"}},"wdio_ui5_key":"sapm.GenericTile{\"header\":\"Manage States & Performance\"}"}]}
RESULT: {"script":"<script> [1562 bytes]","args":[{"selector":{"controlType":"sap.m.GenericTile","properties":{"header":"Manage States & Performance"}},"wdio_ui5_key":"sapm.GenericTile{\"header\":\"Manage States & Performance\"}"}]}
RESULT: undefined
COMMAND: POST /session/d2ee73163e71edf45acf38a1abb82030/element - {"using":"xpath","value":"//*[@id=\"__tile56\"]"}
RESULT: {"using":"xpath","value":"//*[@id=\"__tile56\"]"}
COMMAND: POST /session/d2ee73163e71edf45acf38a1abb82030/element/f.39032AFF0B9C80A7D793EE88796AE887.d.AEDBB564A062EBF700BF7BD20ADA7C0C.e.6085/click - {}
RESULT: {}
COMMAND: GET /session/d2ee73163e71edf45acf38a1abb82030/screenshot - {}
RESULT: {}
COMMAND: POST /session/d2ee73163e71edf45acf38a1abb82030/elements - {"using":"xpath","value":"//span[text()='Error']"}
RESULT: {"using":"xpath","value":"//span[text()='Error']"}
COMMAND: POST /session/d2ee73163e71edf45acf38a1abb82030/execute/async - {"script":"<script> [1562 bytes]","args":[{"selector":{"id":"application-managestatesandperformance-display-component---stateAndPerform--smartFilterBarResources-btnBasicSearch","interaction":{"idSuffix":"I"}},"wdio_ui5_key":"applicationmanagestatesandperformance-display-component---stateAndPerform--smartFilterBarResources-btnBasicSearch"}]}
RESULT: {"script":"<script> [1562 bytes]","args":[{"selector":{"id":"application-managestatesandperformance-display-component---stateAndPerform--smartFilterBarResources-btnBasicSearch","interaction":{"idSuffix":"I"}},"wdio_ui5_key":"applicationmanagestatesandperformance-display-component---stateAndPerform--smartFilterBarResources-btnBasicSearch"}]}
RESULT: undefined
COMMAND: POST /session/d2ee73163e71edf45acf38a1abb82030/execute/async - {"script":"<script> [776 bytes]","args":[{"enterText":"FFNLucDmUq","selector":{"id":"application-managestatesandperformance-display-component---stateAndPerform--smartFilterBarResources-btnBasicSearch","interaction":{"idSuffix":"I"}},"clearTextFirst":true,"interactionType":"ENTER_TEXT"}]}
RESULT: {"script":"<script> [776 bytes]","args":[{"enterText":"FFNLucDmUq","selector":{"id":"application-managestatesandperformance-display-component---stateAndPerform--smartFilterBarResources-btnBasicSearch","interaction":{"idSuffix":"I"}},"clearTextFirst":true,"interactionType":"ENTER_TEXT"}]}
COMMAND: POST /session/d2ee73163e71edf45acf38a1abb82030/actions - {"actions":[{"id":"action47","type":"key","parameters":{},"actions":[{"type":"keyDown","value":"î€‡"},{"type":"pause","duration":10},{"type":"keyUp","value":"î€‡"}]}]}
RESULT: {"actions":[{"id":"action47","type":"key","parameters":{},"actions":[{"type":"keyDown","value":"î€‡"},{"type":"pause","duration":10},{"type":"keyUp","value":"î€‡"}]}]}
COMMAND: GET /session/d2ee73163e71edf45acf38a1abb82030/screenshot - {}
RESULT: {}
COMMAND: POST /session/d2ee73163e71edf45acf38a1abb82030/execute/async - {"script":"<script> [1562 bytes]","args":[{"selector":{"id":"application-managestatesandperformance-display-component---stateAndPerform--stateAndPerformResourcesSmartTable-header"},"wdio_ui5_key":"applicationmanagestatesandperformance-display-component---stateAndPerform--stateAndPerformResourcesSmartTable-header"}]}
RESULT: {"script":"<script> [1562 bytes]","args":[{"selector":{"id":"application-managestatesandperformance-display-component---stateAndPerform--stateAndPerformResourcesSmartTable-header"},"wdio_ui5_key":"applicationmanagestatesandperformance-display-component---stateAndPerform--stateAndPerformResourcesSmartTable-header"}]}
RESULT: undefined
COMMAND: POST /session/d2ee73163e71edf45acf38a1abb82030/execute/async - {"script":"<script> [6424 bytes]","args":[{"element-6066-11e4-a52e-4f735466cecf":"f.39032AFF0B9C80A7D793EE88796AE887.d.AEDBB564A062EBF700BF7BD20ADA7C0C.e.13515"},"getText",[]]}
RESULT: {"script":"<script> [6424 bytes]","args":[{"element-6066-11e4-a52e-4f735466cecf":"f.39032AFF0B9C80A7D793EE88796AE887.d.AEDBB564A062EBF700BF7BD20ADA7C0C.e.13515"},"getText",[]]}
COMMAND: POST /session/d2ee73163e71edf45acf38a1abb82030/execute/async - {"script":"<script> [1562 bytes]","args":[{"selector":{"controlType":"sap.ui.core.Icon","viewName":"etm.portal.ui.managestatesandperformance.view.Master","viewId":"application-managestatesandperformance-display-component---stateAndPerform","properties":{"src":{"regex":{"source":"slim\\-arrow\\-right"}}}},"wdio_ui5_key":"etmportal.ui.managestatesandperformance.view.Mastersap.ui.core.Icon{\"src\":{\"regex\":{\"source\":\"slim\\\\-arrow\\\\-right\"}}}"}]}
RESULT: {"script":"<script> [1562 bytes]","args":[{"selector":{"controlType":"sap.ui.core.Icon","viewName":"etm.portal.ui.managestatesandperformance.view.Master","viewId":"application-managestatesandperformance-display-component---stateAndPerform","properties":{"src":{"regex":{"source":"slim\\-arrow\\-right"}}}},"wdio_ui5_key":"etmportal.ui.managestatesandperformance.view.Mastersap.ui.core.Icon{\"src\":{\"regex\":{\"source\":\"slim\\\\-arrow\\\\-right\"}}}"}]}
RESULT: undefined
COMMAND: POST /session/d2ee73163e71edf45acf38a1abb82030/element - {"using":"xpath","value":"//*[@id=\"__item4063-__clone16159-imgNav\"]"}
RESULT: {"using":"xpath","value":"//*[@id=\"__item4063-__clone16159-imgNav\"]"}
COMMAND: POST /session/d2ee73163e71edf45acf38a1abb82030/element/f.39032AFF0B9C80A7D793EE88796AE887.d.AEDBB564A062EBF700BF7BD20ADA7C0C.e.13514/click - {}
RESULT: {}
COMMAND: GET /session/d2ee73163e71edf45acf38a1abb82030/screenshot - {}
RESULT: {}
COMMAND: POST /session/d2ee73163e71edf45acf38a1abb82030/execute/async - {"script":"<script> [1562 bytes]","args":[{"selector":{"controlType":"sap.m.Button","viewName":"etm.portal.ui.managestatesandperformance.view.Detail","viewId":"application-managestatesandperformance-display-component---detailStateAndPerform","properties":{"text":"Performance Documents"}},"wdio_ui5_key":"etmportal.ui.managestatesandperformance.view.Detailsap.m.Button{\"text\":\"Performance Documents\"}"}]}
RESULT: {"script":"<script> [1562 bytes]","args":[{"selector":{"controlType":"sap.m.Button","viewName":"etm.portal.ui.managestatesandperformance.view.Detail","viewId":"application-managestatesandperformance-display-component---detailStateAndPerform","properties":{"text":"Performance Documents"}},"wdio_ui5_key":"etmportal.ui.managestatesandperformance.view.Detailsap.m.Button{\"text\":\"Performance Documents\"}"}]}
RESULT: undefined
COMMAND: POST /session/d2ee73163e71edf45acf38a1abb82030/element - {"using":"xpath","value":"//*[@id=\"__item4086-button\"]"}
RESULT: {"using":"xpath","value":"//*[@id=\"__item4086-button\"]"}
COMMAND: POST /session/d2ee73163e71edf45acf38a1abb82030/element/f.39032AFF0B9C80A7D793EE88796AE887.d.AEDBB564A062EBF700BF7BD20ADA7C0C.e.13560/click - {}
RESULT: {}
COMMAND: POST /session/d2ee73163e71edf45acf38a1abb82030/execute/async - {"script":"<script> [1562 bytes]","args":[{"selector":{"controlType":"sap.m.Button","viewName":"etm.portal.ui.managestatesandperformance.view.Detail","viewId":"application-managestatesandperformance-display-component---detailStateAndPerform","i18NText":{"propertyName":"text","key":"createPerformanceDoc"},"interaction":{"idSuffix":"BDI-content"}},"wdio_ui5_key":"etmportal.ui.managestatesandperformance.view.Detailsap.m.Button{\"propertyName\":\"text\",\"key\":\"createPerformanceDoc\"}"}]}
COMMAND: GET /session/d2ee73163e71edf45acf38a1abb82030/screenshot - {}
RESULT: {"script":"<script> [1562 bytes]","args":[{"selector":{"controlType":"sap.m.Button","viewName":"etm.portal.ui.managestatesandperformance.view.Detail","viewId":"application-managestatesandperformance-display-component---detailStateAndPerform","i18NText":{"propertyName":"text","key":"createPerformanceDoc"},"interaction":{"idSuffix":"BDI-content"}},"wdio_ui5_key":"etmportal.ui.managestatesandperformance.view.Detailsap.m.Button{\"propertyName\":\"text\",\"key\":\"createPerformanceDoc\"}"}]}
RESULT: undefined
COMMAND: POST /session/d2ee73163e71edf45acf38a1abb82030/element - {"using":"xpath","value":"//*[@id=\"__button496\"]"}
RESULT: {}
RESULT: {"using":"xpath","value":"//*[@id=\"__button496\"]"}
COMMAND: POST /session/d2ee73163e71edf45acf38a1abb82030/element/f.39032AFF0B9C80A7D793EE88796AE887.d.AEDBB564A062EBF700BF7BD20ADA7C0C.e.13563/click - {}
RESULT: {}
COMMAND: POST /session/d2ee73163e71edf45acf38a1abb82030/execute/async - {"script":"<script> [1562 bytes]","args":[{"selector":{"id":"application-managestatesandperformance-display-component---detailStateAndPerform--perfDocDatePicker","searchOpenDialogs":true,"interaction":{"idSuffix":"inner"}},"wdio_ui5_key":"applicationmanagestatesandperformance-display-component---detailStateAndPerform--perfDocDatePicker"}]}
COMMAND: GET /session/d2ee73163e71edf45acf38a1abb82030/screenshot - {}
RESULT: {"script":"<script> [1562 bytes]","args":[{"selector":{"id":"application-managestatesandperformance-display-component---detailStateAndPerform--perfDocDatePicker","searchOpenDialogs":true,"interaction":{"idSuffix":"inner"}},"wdio_ui5_key":"applicationmanagestatesandperformance-display-component---detailStateAndPerform--perfDocDatePicker"}]}
RESULT: undefined
COMMAND: POST /session/d2ee73163e71edf45acf38a1abb82030/execute/async - {"script":"<script> [776 bytes]","args":[{"enterText":"5/18/25","selector":{"id":"application-managestatesandperformance-display-component---detailStateAndPerform--perfDocDatePicker","searchOpenDialogs":true,"interaction":{"idSuffix":"inner"}},"clearTextFirst":true,"interactionType":"ENTER_TEXT"}]}
RESULT: {}
RESULT: {"script":"<script> [776 bytes]","args":[{"enterText":"5/18/25","selector":{"id":"application-managestatesandperformance-display-component---detailStateAndPerform--perfDocDatePicker","searchOpenDialogs":true,"interaction":{"idSuffix":"inner"}},"clearTextFirst":true,"interactionType":"ENTER_TEXT"}]}
COMMAND: POST /session/d2ee73163e71edf45acf38a1abb82030/execute/async - {"script":"<script> [1562 bytes]","args":[{"selector":{"id":"application-managestatesandperformance-display-component---detailStateAndPerform--counterValue-input","searchOpenDialogs":true,"interaction":{"idSuffix":"inner"}},"wdio_ui5_key":"applicationmanagestatesandperformance-display-component---detailStateAndPerform--counterValue-input"}]}
RESULT: {"script":"<script> [1562 bytes]","args":[{"selector":{"id":"application-managestatesandperformance-display-component---detailStateAndPerform--counterValue-input","searchOpenDialogs":true,"interaction":{"idSuffix":"inner"}},"wdio_ui5_key":"applicationmanagestatesandperformance-display-component---detailStateAndPerform--counterValue-input"}]}
RESULT: undefined
COMMAND: POST /session/d2ee73163e71edf45acf38a1abb82030/execute/async - {"script":"<script> [776 bytes]","args":[{"enterText":"15.00","selector":{"id":"application-managestatesandperformance-display-component---detailStateAndPerform--counterValue-input","searchOpenDialogs":true,"interaction":{"idSuffix":"inner"}},"clearTextFirst":true,"interactionType":"ENTER_TEXT"}]}
RESULT: {"script":"<script> [776 bytes]","args":[{"enterText":"15.00","selector":{"id":"application-managestatesandperformance-display-component---detailStateAndPerform--counterValue-input","searchOpenDialogs":true,"interaction":{"idSuffix":"inner"}},"clearTextFirst":true,"interactionType":"ENTER_TEXT"}]}
COMMAND: POST /session/d2ee73163e71edf45acf38a1abb82030/execute/async - {"script":"<script> [1562 bytes]","args":[{"selector":{"controlType":"sap.m.Button","viewName":"etm.portal.ui.managestatesandperformance.view.Detail","viewId":"application-managestatesandperformance-display-component---detailStateAndPerform","bindingPath":{"path":"","propertyPath":"/allowAddEdit","modelName":"oScreenModel"},"searchOpenDialogs":true,"interaction":{"idSuffix":"BDI-content"}},"wdio_ui5_key":"etmportal.ui.managestatesandperformance.view.Detailsap.m.Button{\"path\":\"\",\"propertyPath\":\"/allowAddEdit\",\"modelName\":\"oScreenModel\"}"}]}
RESULT: {"script":"<script> [1562 bytes]","args":[{"selector":{"controlType":"sap.m.Button","viewName":"etm.portal.ui.managestatesandperformance.view.Detail","viewId":"application-managestatesandperformance-display-component---detailStateAndPerform","bindingPath":{"path":"","propertyPath":"/allowAddEdit","modelName":"oScreenModel"},"searchOpenDialogs":true,"interaction":{"idSuffix":"BDI-content"}},"wdio_ui5_key":"etmportal.ui.managestatesandperformance.view.Detailsap.m.Button{\"path\":\"\",\"propertyPath\":\"/allowAddEdit\",\"modelName\":\"oScreenModel\"}"}]}
RESULT: undefined
COMMAND: POST /session/d2ee73163e71edf45acf38a1abb82030/element - {"using":"xpath","value":"//*[@id=\"__button503\"]"}
RESULT: {"using":"xpath","value":"//*[@id=\"__button503\"]"}
COMMAND: POST /session/d2ee73163e71edf45acf38a1abb82030/element/f.39032AFF0B9C80A7D793EE88796AE887.d.AEDBB564A062EBF700BF7BD20ADA7C0C.e.13583/click - {}
RESULT: {}
RESULT: undefined
COMMAND: POST /session/d2ee73163e71edf45acf38a1abb82030/element - {"using":"xpath","value":"//*[@id=\"__button496\"]"}
COMMAND: GET /session/d2ee73163e71edf45acf38a1abb82030/screenshot - {}
RESULT: {"using":"xpath","value":"//*[@id=\"__button496\"]"}
COMMAND: POST /session/d2ee73163e71edf45acf38a1abb82030/element/f.39032AFF0B9C80A7D793EE88796AE887.d.AEDBB564A062EBF700BF7BD20ADA7C0C.e.13563/click - {}
RESULT: {}
RESULT: {}
RESULT: undefined
COMMAND: POST /session/d2ee73163e71edf45acf38a1abb82030/execute/async - {"script":"<script> [776 bytes]","args":[{"enterText":"5/22/25","selector":{"id":"application-managestatesandperformance-display-component---detailStateAndPerform--perfDocDatePicker","searchOpenDialogs":true,"interaction":{"idSuffix":"inner"}},"clearTextFirst":true,"interactionType":"ENTER_TEXT"}]}
COMMAND: GET /session/d2ee73163e71edf45acf38a1abb82030/screenshot - {}
RESULT: {"script":"<script> [776 bytes]","args":[{"enterText":"5/22/25","selector":{"id":"application-managestatesandperformance-display-component---detailStateAndPerform--perfDocDatePicker","searchOpenDialogs":true,"interaction":{"idSuffix":"inner"}},"clearTextFirst":true,"interactionType":"ENTER_TEXT"}]}
RESULT: undefined
COMMAND: POST /session/d2ee73163e71edf45acf38a1abb82030/execute/async - {"script":"<script> [776 bytes]","args":[{"enterText":"20.00","selector":{"id":"application-managestatesandperformance-display-component---detailStateAndPerform--counterValue-input","searchOpenDialogs":true,"interaction":{"idSuffix":"inner"}},"clearTextFirst":true,"interactionType":"ENTER_TEXT"}]}
RESULT: {}
RESULT: {"script":"<script> [776 bytes]","args":[{"enterText":"20.00","selector":{"id":"application-managestatesandperformance-display-component---detailStateAndPerform--counterValue-input","searchOpenDialogs":true,"interaction":{"idSuffix":"inner"}},"clearTextFirst":true,"interactionType":"ENTER_TEXT"}]}
COMMAND: POST /session/d2ee73163e71edf45acf38a1abb82030/actions - {"actions":[{"id":"action48","type":"key","parameters":{},"actions":[{"type":"keyDown","value":"î€„"},{"type":"keyDown","value":"î€„"},{"type":"pause","duration":10},{"type":"keyUp","value":"î€„"},{"type":"keyUp","value":"î€„"}]}]}
RESULT: {"actions":[{"id":"action48","type":"key","parameters":{},"actions":[{"type":"keyDown","value":"î€„"},{"type":"keyDown","value":"î€„"},{"type":"pause","duration":10},{"type":"keyUp","value":"î€„"},{"type":"keyUp","value":"î€„"}]}]}
COMMAND: POST /session/d2ee73163e71edf45acf38a1abb82030/actions - {"actions":[{"id":"action49","type":"key","parameters":{},"actions":[{"type":"keyDown","value":"î€‡"},{"type":"pause","duration":10},{"type":"keyUp","value":"î€‡"}]}]}
COMMAND: GET /session/d2ee73163e71edf45acf38a1abb82030/screenshot - {}
RESULT: {}
RESULT: {"actions":[{"id":"action49","type":"key","parameters":{},"actions":[{"type":"keyDown","value":"î€‡"},{"type":"pause","duration":10},{"type":"keyUp","value":"î€‡"}]}]}
RESULT: undefined
COMMAND: POST /session/d2ee73163e71edf45acf38a1abb82030/element - {"using":"xpath","value":"//*[@id=\"__button503\"]"}
COMMAND: GET /session/d2ee73163e71edf45acf38a1abb82030/screenshot - {}
RESULT: {"using":"xpath","value":"//*[@id=\"__button503\"]"}
COMMAND: POST /session/d2ee73163e71edf45acf38a1abb82030/elements - {"using":"xpath","value":"//*[@id=\"__button503\"]"}
RESULT: {}
RESULT: {"using":"xpath","value":"//*[@id=\"__button503\"]"}
COMMAND: POST /session/d2ee73163e71edf45acf38a1abb82030/elements - {"using":"xpath","value":"//*[@id=\"__button503\"]"}
RESULT: {"using":"xpath","value":"//*[@id=\"__button503\"]"}
COMMAND: POST /session/d2ee73163e71edf45acf38a1abb82030/elements - {"using":"xpath","value":"//*[@id=\"__button503\"]"}
RESULT: {"using":"xpath","value":"//*[@id=\"__button503\"]"}
COMMAND: POST /session/d2ee73163e71edf45acf38a1abb82030/elements - {"using":"xpath","value":"//*[@id=\"__button503\"]"}
RESULT: {"using":"xpath","value":"//*[@id=\"__button503\"]"}
COMMAND: POST /session/d2ee73163e71edf45acf38a1abb82030/elements - {"using":"xpath","value":"//*[@id=\"__button503\"]"}
RESULT: {"using":"xpath","value":"//*[@id=\"__button503\"]"}
COMMAND: POST /session/d2ee73163e71edf45acf38a1abb82030/elements - {"using":"xpath","value":"//*[@id=\"__button503\"]"}
RESULT: {"using":"xpath","value":"//*[@id=\"__button503\"]"}
COMMAND: POST /session/d2ee73163e71edf45acf38a1abb82030/elements - {"using":"xpath","value":"//*[@id=\"__button503\"]"}
RESULT: {"using":"xpath","value":"//*[@id=\"__button503\"]"}
COMMAND: POST /session/d2ee73163e71edf45acf38a1abb82030/elements - {"using":"xpath","value":"//*[@id=\"__button503\"]"}
RESULT: {"using":"xpath","value":"//*[@id=\"__button503\"]"}
COMMAND: POST /session/d2ee73163e71edf45acf38a1abb82030/elements - {"using":"xpath","value":"//*[@id=\"__button503\"]"}
RESULT: {"using":"xpath","value":"//*[@id=\"__button503\"]"}
COMMAND: POST /session/d2ee73163e71edf45acf38a1abb82030/elements - {"using":"xpath","value":"//*[@id=\"__button503\"]"}
RESULT: {"using":"xpath","value":"//*[@id=\"__button503\"]"}
COMMAND: POST /session/d2ee73163e71edf45acf38a1abb82030/elements - {"using":"xpath","value":"//*[@id=\"__button503\"]"}
RESULT: {"using":"xpath","value":"//*[@id=\"__button503\"]"}
COMMAND: POST /session/d2ee73163e71edf45acf38a1abb82030/elements - {"using":"xpath","value":"//*[@id=\"__button503\"]"}
RESULT: {"using":"xpath","value":"//*[@id=\"__button503\"]"}
COMMAND: POST /session/d2ee73163e71edf45acf38a1abb82030/elements - {"using":"xpath","value":"//*[@id=\"__button503\"]"}
RESULT: {"using":"xpath","value":"//*[@id=\"__button503\"]"}
COMMAND: POST /session/d2ee73163e71edf45acf38a1abb82030/elements - {"using":"xpath","value":"//*[@id=\"__button503\"]"}
RESULT: {"using":"xpath","value":"//*[@id=\"__button503\"]"}
COMMAND: POST /session/d2ee73163e71edf45acf38a1abb82030/elements - {"using":"xpath","value":"//*[@id=\"__button503\"]"}
RESULT: {"using":"xpath","value":"//*[@id=\"__button503\"]"}
COMMAND: POST /session/d2ee73163e71edf45acf38a1abb82030/elements - {"using":"xpath","value":"//*[@id=\"__button503\"]"}
RESULT: {"using":"xpath","value":"//*[@id=\"__button503\"]"}
COMMAND: POST /session/d2ee73163e71edf45acf38a1abb82030/elements - {"using":"xpath","value":"//*[@id=\"__button503\"]"}
RESULT: {"using":"xpath","value":"//*[@id=\"__button503\"]"}
COMMAND: POST /session/d2ee73163e71edf45acf38a1abb82030/elements - {"using":"xpath","value":"//*[@id=\"__button503\"]"}
RESULT: {"using":"xpath","value":"//*[@id=\"__button503\"]"}
COMMAND: POST /session/d2ee73163e71edf45acf38a1abb82030/elements - {"using":"xpath","value":"//*[@id=\"__button503\"]"}
RESULT: {"using":"xpath","value":"//*[@id=\"__button503\"]"}
COMMAND: POST /session/d2ee73163e71edf45acf38a1abb82030/elements - {"using":"xpath","value":"//*[@id=\"__button503\"]"}
RESULT: {"using":"xpath","value":"//*[@id=\"__button503\"]"}
COMMAND: POST /session/d2ee73163e71edf45acf38a1abb82030/elements - {"using":"xpath","value":"//*[@id=\"__button503\"]"}
RESULT: {"using":"xpath","value":"//*[@id=\"__button503\"]"}
COMMAND: POST /session/d2ee73163e71edf45acf38a1abb82030/elements - {"using":"xpath","value":"//*[@id=\"__button503\"]"}
RESULT: {"using":"xpath","value":"//*[@id=\"__button503\"]"}
COMMAND: POST /session/d2ee73163e71edf45acf38a1abb82030/elements - {"using":"xpath","value":"//*[@id=\"__button503\"]"}
RESULT: {"using":"xpath","value":"//*[@id=\"__button503\"]"}
COMMAND: POST /session/d2ee73163e71edf45acf38a1abb82030/elements - {"using":"xpath","value":"//*[@id=\"__button503\"]"}
RESULT: {"using":"xpath","value":"//*[@id=\"__button503\"]"}
COMMAND: POST /session/d2ee73163e71edf45acf38a1abb82030/elements - {"using":"xpath","value":"//*[@id=\"__button503\"]"}
RESULT: {"using":"xpath","value":"//*[@id=\"__button503\"]"}
COMMAND: POST /session/d2ee73163e71edf45acf38a1abb82030/elements - {"using":"xpath","value":"//*[@id=\"__button503\"]"}
RESULT: {"using":"xpath","value":"//*[@id=\"__button503\"]"}
COMMAND: POST /session/d2ee73163e71edf45acf38a1abb82030/elements - {"using":"xpath","value":"//*[@id=\"__button503\"]"}
RESULT: {"using":"xpath","value":"//*[@id=\"__button503\"]"}
COMMAND: POST /session/d2ee73163e71edf45acf38a1abb82030/elements - {"using":"xpath","value":"//*[@id=\"__button503\"]"}
RESULT: {"using":"xpath","value":"//*[@id=\"__button503\"]"}
COMMAND: POST /session/d2ee73163e71edf45acf38a1abb82030/elements - {"using":"xpath","value":"//*[@id=\"__button503\"]"}
RESULT: {"using":"xpath","value":"//*[@id=\"__button503\"]"}
COMMAND: POST /session/d2ee73163e71edf45acf38a1abb82030/elements - {"using":"xpath","value":"//*[@id=\"__button503\"]"}
RESULT: {"using":"xpath","value":"//*[@id=\"__button503\"]"}
COMMAND: POST /session/d2ee73163e71edf45acf38a1abb82030/elements - {"using":"xpath","value":"//*[@id=\"__button503\"]"}
RESULT: {"using":"xpath","value":"//*[@id=\"__button503\"]"}
COMMAND: POST /session/d2ee73163e71edf45acf38a1abb82030/elements - {"using":"xpath","value":"//*[@id=\"__button503\"]"}
RESULT: {"using":"xpath","value":"//*[@id=\"__button503\"]"}
COMMAND: POST /session/d2ee73163e71edf45acf38a1abb82030/elements - {"using":"xpath","value":"//*[@id=\"__button503\"]"}
RESULT: {"using":"xpath","value":"//*[@id=\"__button503\"]"}
COMMAND: POST /session/d2ee73163e71edf45acf38a1abb82030/elements - {"using":"xpath","value":"//*[@id=\"__button503\"]"}
RESULT: {"using":"xpath","value":"//*[@id=\"__button503\"]"}
COMMAND: POST /session/d2ee73163e71edf45acf38a1abb82030/elements - {"using":"xpath","value":"//*[@id=\"__button503\"]"}
RESULT: {"using":"xpath","value":"//*[@id=\"__button503\"]"}
COMMAND: POST /session/d2ee73163e71edf45acf38a1abb82030/elements - {"using":"xpath","value":"//*[@id=\"__button503\"]"}
RESULT: {"using":"xpath","value":"//*[@id=\"__button503\"]"}
COMMAND: POST /session/d2ee73163e71edf45acf38a1abb82030/elements - {"using":"xpath","value":"//*[@id=\"__button503\"]"}
RESULT: {"using":"xpath","value":"//*[@id=\"__button503\"]"}
COMMAND: POST /session/d2ee73163e71edf45acf38a1abb82030/elements - {"using":"xpath","value":"//*[@id=\"__button503\"]"}
RESULT: {"using":"xpath","value":"//*[@id=\"__button503\"]"}
COMMAND: POST /session/d2ee73163e71edf45acf38a1abb82030/elements - {"using":"xpath","value":"//*[@id=\"__button503\"]"}
RESULT: {"using":"xpath","value":"//*[@id=\"__button503\"]"}
COMMAND: POST /session/d2ee73163e71edf45acf38a1abb82030/elements - {"using":"xpath","value":"//*[@id=\"__button503\"]"}
RESULT: {"using":"xpath","value":"//*[@id=\"__button503\"]"}
COMMAND: POST /session/d2ee73163e71edf45acf38a1abb82030/elements - {"using":"xpath","value":"//*[@id=\"__button503\"]"}
RESULT: {"using":"xpath","value":"//*[@id=\"__button503\"]"}
COMMAND: POST /session/d2ee73163e71edf45acf38a1abb82030/elements - {"using":"xpath","value":"//*[@id=\"__button503\"]"}
RESULT: {"using":"xpath","value":"//*[@id=\"__button503\"]"}
COMMAND: POST /session/d2ee73163e71edf45acf38a1abb82030/elements - {"using":"xpath","value":"//*[@id=\"__button503\"]"}
RESULT: {"using":"xpath","value":"//*[@id=\"__button503\"]"}
COMMAND: POST /session/d2ee73163e71edf45acf38a1abb82030/elements - {"using":"xpath","value":"//*[@id=\"__button503\"]"}
RESULT: {"using":"xpath","value":"//*[@id=\"__button503\"]"}
COMMAND: POST /session/d2ee73163e71edf45acf38a1abb82030/elements - {"using":"xpath","value":"//*[@id=\"__button503\"]"}
RESULT: {"using":"xpath","value":"//*[@id=\"__button503\"]"}
COMMAND: POST /session/d2ee73163e71edf45acf38a1abb82030/elements - {"using":"xpath","value":"//*[@id=\"__button503\"]"}
RESULT: {"using":"xpath","value":"//*[@id=\"__button503\"]"}
COMMAND: POST /session/d2ee73163e71edf45acf38a1abb82030/elements - {"using":"xpath","value":"//*[@id=\"__button503\"]"}
RESULT: {"using":"xpath","value":"//*[@id=\"__button503\"]"}
COMMAND: POST /session/d2ee73163e71edf45acf38a1abb82030/elements - {"using":"xpath","value":"//*[@id=\"__button503\"]"}
RESULT: {"using":"xpath","value":"//*[@id=\"__button503\"]"}
COMMAND: POST /session/d2ee73163e71edf45acf38a1abb82030/elements - {"using":"xpath","value":"//*[@id=\"__button503\"]"}
RESULT: {"using":"xpath","value":"//*[@id=\"__button503\"]"}
COMMAND: POST /session/d2ee73163e71edf45acf38a1abb82030/elements - {"using":"xpath","value":"//*[@id=\"__button503\"]"}
RESULT: {"using":"xpath","value":"//*[@id=\"__button503\"]"}
COMMAND: POST /session/d2ee73163e71edf45acf38a1abb82030/elements - {"using":"xpath","value":"//*[@id=\"__button503\"]"}
RESULT: {"using":"xpath","value":"//*[@id=\"__button503\"]"}
COMMAND: POST /session/d2ee73163e71edf45acf38a1abb82030/elements - {"using":"xpath","value":"//*[@id=\"__button503\"]"}
RESULT: {"using":"xpath","value":"//*[@id=\"__button503\"]"}
COMMAND: POST /session/d2ee73163e71edf45acf38a1abb82030/elements - {"using":"xpath","value":"//*[@id=\"__button503\"]"}
RESULT: {"using":"xpath","value":"//*[@id=\"__button503\"]"}
COMMAND: POST /session/d2ee73163e71edf45acf38a1abb82030/elements - {"using":"xpath","value":"//*[@id=\"__button503\"]"}
RESULT: {"using":"xpath","value":"//*[@id=\"__button503\"]"}
COMMAND: POST /session/d2ee73163e71edf45acf38a1abb82030/elements - {"using":"xpath","value":"//*[@id=\"__button503\"]"}
RESULT: {"using":"xpath","value":"//*[@id=\"__button503\"]"}
COMMAND: POST /session/d2ee73163e71edf45acf38a1abb82030/elements - {"using":"xpath","value":"//*[@id=\"__button503\"]"}
RESULT: {"using":"xpath","value":"//*[@id=\"__button503\"]"}
COMMAND: POST /session/d2ee73163e71edf45acf38a1abb82030/elements - {"using":"xpath","value":"//*[@id=\"__button503\"]"}
RESULT: {"using":"xpath","value":"//*[@id=\"__button503\"]"}
COMMAND: POST /session/d2ee73163e71edf45acf38a1abb82030/elements - {"using":"xpath","value":"//*[@id=\"__button503\"]"}
RESULT: {"using":"xpath","value":"//*[@id=\"__button503\"]"}
COMMAND: POST /session/d2ee73163e71edf45acf38a1abb82030/elements - {"using":"xpath","value":"//*[@id=\"__button503\"]"}
RESULT: {"using":"xpath","value":"//*[@id=\"__button503\"]"}
COMMAND: POST /session/d2ee73163e71edf45acf38a1abb82030/elements - {"using":"xpath","value":"//*[@id=\"__button503\"]"}
RESULT: {"using":"xpath","value":"//*[@id=\"__button503\"]"}
COMMAND: POST /session/d2ee73163e71edf45acf38a1abb82030/elements - {"using":"xpath","value":"//*[@id=\"__button503\"]"}
RESULT: {"using":"xpath","value":"//*[@id=\"__button503\"]"}
COMMAND: POST /session/d2ee73163e71edf45acf38a1abb82030/elements - {"using":"xpath","value":"//*[@id=\"__button503\"]"}
RESULT: {"using":"xpath","value":"//*[@id=\"__button503\"]"}
COMMAND: POST /session/d2ee73163e71edf45acf38a1abb82030/elements - {"using":"xpath","value":"//*[@id=\"__button503\"]"}
RESULT: {"using":"xpath","value":"//*[@id=\"__button503\"]"}
COMMAND: POST /session/d2ee73163e71edf45acf38a1abb82030/elements - {"using":"xpath","value":"//*[@id=\"__button503\"]"}
RESULT: {"using":"xpath","value":"//*[@id=\"__button503\"]"}
COMMAND: POST /session/d2ee73163e71edf45acf38a1abb82030/elements - {"using":"xpath","value":"//*[@id=\"__button503\"]"}
RESULT: {"using":"xpath","value":"//*[@id=\"__button503\"]"}
COMMAND: POST /session/d2ee73163e71edf45acf38a1abb82030/elements - {"using":"xpath","value":"//*[@id=\"__button503\"]"}
RESULT: {"using":"xpath","value":"//*[@id=\"__button503\"]"}
COMMAND: POST /session/d2ee73163e71edf45acf38a1abb82030/elements - {"using":"xpath","value":"//*[@id=\"__button503\"]"}
RESULT: {"using":"xpath","value":"//*[@id=\"__button503\"]"}
COMMAND: POST /session/d2ee73163e71edf45acf38a1abb82030/elements - {"using":"xpath","value":"//*[@id=\"__button503\"]"}
RESULT: {"using":"xpath","value":"//*[@id=\"__button503\"]"}
COMMAND: POST /session/d2ee73163e71edf45acf38a1abb82030/elements - {"using":"xpath","value":"//*[@id=\"__button503\"]"}
RESULT: {"using":"xpath","value":"//*[@id=\"__button503\"]"}
COMMAND: POST /session/d2ee73163e71edf45acf38a1abb82030/elements - {"using":"xpath","value":"//*[@id=\"__button503\"]"}
RESULT: {"using":"xpath","value":"//*[@id=\"__button503\"]"}
COMMAND: POST /session/d2ee73163e71edf45acf38a1abb82030/elements - {"using":"xpath","value":"//*[@id=\"__button503\"]"}
RESULT: {"using":"xpath","value":"//*[@id=\"__button503\"]"}
COMMAND: POST /session/d2ee73163e71edf45acf38a1abb82030/elements - {"using":"xpath","value":"//*[@id=\"__button503\"]"}
RESULT: {"using":"xpath","value":"//*[@id=\"__button503\"]"}
COMMAND: POST /session/d2ee73163e71edf45acf38a1abb82030/elements - {"using":"xpath","value":"//*[@id=\"__button503\"]"}
RESULT: {"using":"xpath","value":"//*[@id=\"__button503\"]"}
COMMAND: POST /session/d2ee73163e71edf45acf38a1abb82030/elements - {"using":"xpath","value":"//*[@id=\"__button503\"]"}
RESULT: {"using":"xpath","value":"//*[@id=\"__button503\"]"}
COMMAND: POST /session/d2ee73163e71edf45acf38a1abb82030/elements - {"using":"xpath","value":"//*[@id=\"__button503\"]"}
RESULT: {"using":"xpath","value":"//*[@id=\"__button503\"]"}
COMMAND: POST /session/d2ee73163e71edf45acf38a1abb82030/elements - {"using":"xpath","value":"//*[@id=\"__button503\"]"}
RESULT: {"using":"xpath","value":"//*[@id=\"__button503\"]"}
COMMAND: POST /session/d2ee73163e71edf45acf38a1abb82030/elements - {"using":"xpath","value":"//*[@id=\"__button503\"]"}
RESULT: {"using":"xpath","value":"//*[@id=\"__button503\"]"}
COMMAND: POST /session/d2ee73163e71edf45acf38a1abb82030/elements - {"using":"xpath","value":"//*[@id=\"__button503\"]"}
RESULT: {"using":"xpath","value":"//*[@id=\"__button503\"]"}
COMMAND: POST /session/d2ee73163e71edf45acf38a1abb82030/elements - {"using":"xpath","value":"//*[@id=\"__button503\"]"}
RESULT: {"using":"xpath","value":"//*[@id=\"__button503\"]"}
COMMAND: POST /session/d2ee73163e71edf45acf38a1abb82030/elements - {"using":"xpath","value":"//*[@id=\"__button503\"]"}
RESULT: {"using":"xpath","value":"//*[@id=\"__button503\"]"}
COMMAND: POST /session/d2ee73163e71edf45acf38a1abb82030/elements - {"using":"xpath","value":"//*[@id=\"__button503\"]"}
RESULT: {"using":"xpath","value":"//*[@id=\"__button503\"]"}
COMMAND: POST /session/d2ee73163e71edf45acf38a1abb82030/elements - {"using":"xpath","value":"//*[@id=\"__button503\"]"}
RESULT: {"using":"xpath","value":"//*[@id=\"__button503\"]"}
COMMAND: POST /session/d2ee73163e71edf45acf38a1abb82030/elements - {"using":"xpath","value":"//*[@id=\"__button503\"]"}
RESULT: {"using":"xpath","value":"//*[@id=\"__button503\"]"}
COMMAND: POST /session/d2ee73163e71edf45acf38a1abb82030/elements - {"using":"xpath","value":"//*[@id=\"__button503\"]"}
RESULT: {"using":"xpath","value":"//*[@id=\"__button503\"]"}
COMMAND: POST /session/d2ee73163e71edf45acf38a1abb82030/elements - {"using":"xpath","value":"//*[@id=\"__button503\"]"}
RESULT: {"using":"xpath","value":"//*[@id=\"__button503\"]"}
COMMAND: POST /session/d2ee73163e71edf45acf38a1abb82030/elements - {"using":"xpath","value":"//*[@id=\"__button503\"]"}
RESULT: {"using":"xpath","value":"//*[@id=\"__button503\"]"}
COMMAND: POST /session/d2ee73163e71edf45acf38a1abb82030/elements - {"using":"xpath","value":"//*[@id=\"__button503\"]"}
RESULT: {"using":"xpath","value":"//*[@id=\"__button503\"]"}
COMMAND: POST /session/d2ee73163e71edf45acf38a1abb82030/elements - {"using":"xpath","value":"//*[@id=\"__button503\"]"}
RESULT: {"using":"xpath","value":"//*[@id=\"__button503\"]"}
COMMAND: POST /session/d2ee73163e71edf45acf38a1abb82030/elements - {"using":"xpath","value":"//*[@id=\"__button503\"]"}
RESULT: {"using":"xpath","value":"//*[@id=\"__button503\"]"}
COMMAND: POST /session/d2ee73163e71edf45acf38a1abb82030/elements - {"using":"xpath","value":"//*[@id=\"__button503\"]"}
RESULT: {"using":"xpath","value":"//*[@id=\"__button503\"]"}
COMMAND: POST /session/d2ee73163e71edf45acf38a1abb82030/elements - {"using":"xpath","value":"//*[@id=\"__button503\"]"}
RESULT: {"using":"xpath","value":"//*[@id=\"__button503\"]"}
COMMAND: POST /session/d2ee73163e71edf45acf38a1abb82030/elements - {"using":"xpath","value":"//*[@id=\"__button503\"]"}
RESULT: {"using":"xpath","value":"//*[@id=\"__button503\"]"}
COMMAND: POST /session/d2ee73163e71edf45acf38a1abb82030/elements - {"using":"xpath","value":"//*[@id=\"__button503\"]"}
RESULT: {"using":"xpath","value":"//*[@id=\"__button503\"]"}
COMMAND: POST /session/d2ee73163e71edf45acf38a1abb82030/elements - {"using":"xpath","value":"//*[@id=\"__button503\"]"}
RESULT: {"using":"xpath","value":"//*[@id=\"__button503\"]"}
COMMAND: POST /session/d2ee73163e71edf45acf38a1abb82030/elements - {"using":"xpath","value":"//*[@id=\"__button503\"]"}
RESULT: {"using":"xpath","value":"//*[@id=\"__button503\"]"}
COMMAND: POST /session/d2ee73163e71edf45acf38a1abb82030/elements - {"using":"xpath","value":"//*[@id=\"__button503\"]"}
RESULT: {"using":"xpath","value":"//*[@id=\"__button503\"]"}
COMMAND: POST /session/d2ee73163e71edf45acf38a1abb82030/elements - {"using":"xpath","value":"//*[@id=\"__button503\"]"}
RESULT: {"using":"xpath","value":"//*[@id=\"__button503\"]"}
COMMAND: POST /session/d2ee73163e71edf45acf38a1abb82030/elements - {"using":"xpath","value":"//*[@id=\"__button503\"]"}
RESULT: {"using":"xpath","value":"//*[@id=\"__button503\"]"}
COMMAND: POST /session/d2ee73163e71edf45acf38a1abb82030/elements - {"using":"xpath","value":"//*[@id=\"__button503\"]"}
RESULT: {"using":"xpath","value":"//*[@id=\"__button503\"]"}
COMMAND: POST /session/d2ee73163e71edf45acf38a1abb82030/elements - {"using":"xpath","value":"//*[@id=\"__button503\"]"}
RESULT: {"using":"xpath","value":"//*[@id=\"__button503\"]"}
COMMAND: POST /session/d2ee73163e71edf45acf38a1abb82030/elements - {"using":"xpath","value":"//*[@id=\"__button503\"]"}
RESULT: {"using":"xpath","value":"//*[@id=\"__button503\"]"}
COMMAND: POST /session/d2ee73163e71edf45acf38a1abb82030/elements - {"using":"xpath","value":"//*[@id=\"__button503\"]"}
RESULT: {"using":"xpath","value":"//*[@id=\"__button503\"]"}
COMMAND: POST /session/d2ee73163e71edf45acf38a1abb82030/elements - {"using":"xpath","value":"//*[@id=\"__button503\"]"}
RESULT: {"using":"xpath","value":"//*[@id=\"__button503\"]"}
COMMAND: POST /session/d2ee73163e71edf45acf38a1abb82030/elements - {"using":"xpath","value":"//*[@id=\"__button503\"]"}
RESULT: {"using":"xpath","value":"//*[@id=\"__button503\"]"}
COMMAND: POST /session/d2ee73163e71edf45acf38a1abb82030/elements - {"using":"xpath","value":"//*[@id=\"__button503\"]"}
RESULT: {"using":"xpath","value":"//*[@id=\"__button503\"]"}
COMMAND: POST /session/d2ee73163e71edf45acf38a1abb82030/elements - {"using":"xpath","value":"//*[@id=\"__button503\"]"}
RESULT: {"using":"xpath","value":"//*[@id=\"__button503\"]"}
COMMAND: POST /session/d2ee73163e71edf45acf38a1abb82030/elements - {"using":"xpath","value":"//*[@id=\"__button503\"]"}
RESULT: {"using":"xpath","value":"//*[@id=\"__button503\"]"}
COMMAND: POST /session/d2ee73163e71edf45acf38a1abb82030/elements - {"using":"xpath","value":"//*[@id=\"__button503\"]"}
RESULT: {"using":"xpath","value":"//*[@id=\"__button503\"]"}
COMMAND: POST /session/d2ee73163e71edf45acf38a1abb82030/elements - {"using":"xpath","value":"//*[@id=\"__button503\"]"}
RESULT: {"using":"xpath","value":"//*[@id=\"__button503\"]"}
COMMAND: POST /session/d2ee73163e71edf45acf38a1abb82030/elements - {"using":"xpath","value":"//*[@id=\"__button503\"]"}
RESULT: {"using":"xpath","value":"//*[@id=\"__button503\"]"}
COMMAND: POST /session/d2ee73163e71edf45acf38a1abb82030/elements - {"using":"xpath","value":"//*[@id=\"__button503\"]"}
RESULT: {"using":"xpath","value":"//*[@id=\"__button503\"]"}
COMMAND: POST /session/d2ee73163e71edf45acf38a1abb82030/elements - {"using":"xpath","value":"//*[@id=\"__button503\"]"}
RESULT: {"using":"xpath","value":"//*[@id=\"__button503\"]"}
COMMAND: POST /session/d2ee73163e71edf45acf38a1abb82030/elements - {"using":"xpath","value":"//*[@id=\"__button503\"]"}
RESULT: {"using":"xpath","value":"//*[@id=\"__button503\"]"}
COMMAND: POST /session/d2ee73163e71edf45acf38a1abb82030/elements - {"using":"xpath","value":"//*[@id=\"__button503\"]"}
RESULT: {"using":"xpath","value":"//*[@id=\"__button503\"]"}
COMMAND: POST /session/d2ee73163e71edf45acf38a1abb82030/elements - {"using":"xpath","value":"//*[@id=\"__button503\"]"}
RESULT: {"using":"xpath","value":"//*[@id=\"__button503\"]"}
COMMAND: POST /session/d2ee73163e71edf45acf38a1abb82030/elements - {"using":"xpath","value":"//*[@id=\"__button503\"]"}
RESULT: {"using":"xpath","value":"//*[@id=\"__button503\"]"}
COMMAND: POST /session/d2ee73163e71edf45acf38a1abb82030/elements - {"using":"xpath","value":"//*[@id=\"__button503\"]"}
RESULT: {"using":"xpath","value":"//*[@id=\"__button503\"]"}
COMMAND: POST /session/d2ee73163e71edf45acf38a1abb82030/elements - {"using":"xpath","value":"//*[@id=\"__button503\"]"}
RESULT: {"using":"xpath","value":"//*[@id=\"__button503\"]"}
COMMAND: POST /session/d2ee73163e71edf45acf38a1abb82030/elements - {"using":"xpath","value":"//*[@id=\"__button503\"]"}
RESULT: {"using":"xpath","value":"//*[@id=\"__button503\"]"}
COMMAND: POST /session/d2ee73163e71edf45acf38a1abb82030/elements - {"using":"xpath","value":"//*[@id=\"__button503\"]"}
RESULT: {"using":"xpath","value":"//*[@id=\"__button503\"]"}
COMMAND: POST /session/d2ee73163e71edf45acf38a1abb82030/element - {"using":"css selector","value":"#shell-header-logo"}
RESULT: {"using":"css selector","value":"#shell-header-logo"}
COMMAND: POST /session/d2ee73163e71edf45acf38a1abb82030/execute/sync - {"script":"<script> [8489 bytes]","args":[{"element-6066-11e4-a52e-4f735466cecf":"f.39032AFF0B9C80A7D793EE88796AE887.d.AEDBB564A062EBF700BF7BD20ADA7C0C.e.13404","ELEMENT":"f.39032AFF0B9C80A7D793EE88796AE887.d.AEDBB564A062EBF700BF7BD20ADA7C0C.e.13404"}]}
RESULT: {"script":"<script> [8489 bytes]","args":[{"element-6066-11e4-a52e-4f735466cecf":"f.39032AFF0B9C80A7D793EE88796AE887.d.AEDBB564A062EBF700BF7BD20ADA7C0C.e.13404","ELEMENT":"f.39032AFF0B9C80A7D793EE88796AE887.d.AEDBB564A062EBF700BF7BD20ADA7C0C.e.13404"}]}
COMMAND: POST /session/d2ee73163e71edf45acf38a1abb82030/execute/sync - {"script":"<script> [5351 bytes]","args":[{"element-6066-11e4-a52e-4f735466cecf":"f.39032AFF0B9C80A7D793EE88796AE887.d.AEDBB564A062EBF700BF7BD20ADA7C0C.e.13404","ELEMENT":"f.39032AFF0B9C80A7D793EE88796AE887.d.AEDBB564A062EBF700BF7BD20ADA7C0C.e.13404"}]}
COMMAND: GET /session/d2ee73163e71edf45acf38a1abb82030/screenshot - {}
RESULT: {"script":"<script> [5351 bytes]","args":[{"element-6066-11e4-a52e-4f735466cecf":"f.39032AFF0B9C80A7D793EE88796AE887.d.AEDBB564A062EBF700BF7BD20ADA7C0C.e.13404","ELEMENT":"f.39032AFF0B9C80A7D793EE88796AE887.d.AEDBB564A062EBF700BF7BD20ADA7C0C.e.13404"}]}
COMMAND: POST /session/d2ee73163e71edf45acf38a1abb82030/element/f.39032AFF0B9C80A7D793EE88796AE887.d.AEDBB564A062EBF700BF7BD20ADA7C0C.e.13404/click - {}
COMMAND: GET /session/d2ee73163e71edf45acf38a1abb82030/screenshot - {}
RESULT: {}
RESULT: {}
]]></system-out>
    </testcase>
    <testcase classname="chrome.136_0_7103_93.windows.Create_master_data_for_mixed_billing_&amp;_do_billing_calculation_US151661" name="Should go to Manage Billings and trigger calculation check the conditions applied" time="61.278">
      <system-out><![CDATA[
COMMAND: POST /session/d2ee73163e71edf45acf38a1abb82030/execute/async - {"script":"<script> [1562 bytes]","args":[{"selector":{"controlType":"sap.m.GenericTile","properties":{"header":"Manage Billings"}},"wdio_ui5_key":"sapm.GenericTile{\"header\":\"Manage Billings\"}"}]}
COMMAND: GET /session/d2ee73163e71edf45acf38a1abb82030/screenshot - {}
RESULT: {}
RESULT: {"script":"<script> [1562 bytes]","args":[{"selector":{"controlType":"sap.m.GenericTile","properties":{"header":"Manage Billings"}},"wdio_ui5_key":"sapm.GenericTile{\"header\":\"Manage Billings\"}"}]}
RESULT: undefined
COMMAND: POST /session/d2ee73163e71edf45acf38a1abb82030/element - {"using":"xpath","value":"//*[@id=\"__tile51\"]"}
RESULT: {}
RESULT: {"using":"xpath","value":"//*[@id=\"__tile51\"]"}
COMMAND: POST /session/d2ee73163e71edf45acf38a1abb82030/element/f.39032AFF0B9C80A7D793EE88796AE887.d.AEDBB564A062EBF700BF7BD20ADA7C0C.e.6022/click - {}
RESULT: {}
COMMAND: GET /session/d2ee73163e71edf45acf38a1abb82030/screenshot - {}
RESULT: {}
COMMAND: POST /session/d2ee73163e71edf45acf38a1abb82030/elements - {"using":"xpath","value":"//span[text()='Error']"}
RESULT: {"using":"xpath","value":"//span[text()='Error']"}
COMMAND: POST /session/d2ee73163e71edf45acf38a1abb82030/execute/async - {"script":"<script> [1562 bytes]","args":[{"selector":{"id":"application-managebillings-display-component---billRunCalcResult--smartFilterBar-btnBasicSearch","interaction":{"idSuffix":"I"}},"wdio_ui5_key":"applicationmanagebillings-display-component---billRunCalcResult--smartFilterBar-btnBasicSearch"}]}
RESULT: {"script":"<script> [1562 bytes]","args":[{"selector":{"id":"application-managebillings-display-component---billRunCalcResult--smartFilterBar-btnBasicSearch","interaction":{"idSuffix":"I"}},"wdio_ui5_key":"applicationmanagebillings-display-component---billRunCalcResult--smartFilterBar-btnBasicSearch"}]}
RESULT: undefined
COMMAND: POST /session/d2ee73163e71edf45acf38a1abb82030/execute/async - {"script":"<script> [776 bytes]","args":[{"enterText":"10313","selector":{"id":"application-managebillings-display-component---billRunCalcResult--smartFilterBar-btnBasicSearch","interaction":{"idSuffix":"I"}},"clearTextFirst":true,"interactionType":"ENTER_TEXT"}]}
RESULT: {"script":"<script> [776 bytes]","args":[{"enterText":"10313","selector":{"id":"application-managebillings-display-component---billRunCalcResult--smartFilterBar-btnBasicSearch","interaction":{"idSuffix":"I"}},"clearTextFirst":true,"interactionType":"ENTER_TEXT"}]}
COMMAND: POST /session/d2ee73163e71edf45acf38a1abb82030/actions - {"actions":[{"id":"action50","type":"key","parameters":{},"actions":[{"type":"keyDown","value":"î€‡"},{"type":"pause","duration":10},{"type":"keyUp","value":"î€‡"}]}]}
RESULT: {"actions":[{"id":"action50","type":"key","parameters":{},"actions":[{"type":"keyDown","value":"î€‡"},{"type":"pause","duration":10},{"type":"keyUp","value":"î€‡"}]}]}
COMMAND: GET /session/d2ee73163e71edf45acf38a1abb82030/screenshot - {}
RESULT: {}
COMMAND: POST /session/d2ee73163e71edf45acf38a1abb82030/element - {"using":"xpath","value":"//td[@aria-colindex=\"1\"]/div/div[contains(@class, \"sapMCbBg\")]"}
RESULT: {"using":"xpath","value":"//td[@aria-colindex=\"1\"]/div/div[contains(@class, \"sapMCbBg\")]"}
COMMAND: POST /session/d2ee73163e71edf45acf38a1abb82030/element/f.39032AFF0B9C80A7D793EE88796AE887.d.AEDBB564A062EBF700BF7BD20ADA7C0C.e.13829/click - {}
RESULT: {}
COMMAND: GET /session/d2ee73163e71edf45acf38a1abb82030/screenshot - {}
RESULT: {}
COMMAND: POST /session/d2ee73163e71edf45acf38a1abb82030/execute/async - {"script":"<script> [1562 bytes]","args":[{"selector":{"id":"application-managebillings-display-component---billRunCalcResult--contractBillRunDate","interaction":{"idSuffix":"inner"}},"wdio_ui5_key":"applicationmanagebillings-display-component---billRunCalcResult--contractBillRunDate"}]}
RESULT: {"script":"<script> [1562 bytes]","args":[{"selector":{"id":"application-managebillings-display-component---billRunCalcResult--contractBillRunDate","interaction":{"idSuffix":"inner"}},"wdio_ui5_key":"applicationmanagebillings-display-component---billRunCalcResult--contractBillRunDate"}]}
RESULT: undefined
COMMAND: POST /session/d2ee73163e71edf45acf38a1abb82030/execute/async - {"script":"<script> [776 bytes]","args":[{"enterText":"6/16/25","selector":{"id":"application-managebillings-display-component---billRunCalcResult--contractBillRunDate","interaction":{"idSuffix":"inner"}},"clearTextFirst":true,"interactionType":"ENTER_TEXT"}]}
RESULT: {"script":"<script> [776 bytes]","args":[{"enterText":"6/16/25","selector":{"id":"application-managebillings-display-component---billRunCalcResult--contractBillRunDate","interaction":{"idSuffix":"inner"}},"clearTextFirst":true,"interactionType":"ENTER_TEXT"}]}
COMMAND: POST /session/d2ee73163e71edf45acf38a1abb82030/element - {"using":"xpath","value":"//bdi[contains(text(), \"Trigger Calculation\")]"}
RESULT: {"using":"xpath","value":"//bdi[contains(text(), \"Trigger Calculation\")]"}
COMMAND: POST /session/d2ee73163e71edf45acf38a1abb82030/element/f.39032AFF0B9C80A7D793EE88796AE887.d.AEDBB564A062EBF700BF7BD20ADA7C0C.e.13843/click - {}
RESULT: {}
COMMAND: GET /session/d2ee73163e71edf45acf38a1abb82030/screenshot - {}
RESULT: {}
COMMAND: POST /session/d2ee73163e71edf45acf38a1abb82030/element - {"using":"xpath","value":"(//span[contains(@id, \"imgNav\")])[1]"}
RESULT: {"using":"xpath","value":"(//span[contains(@id, \"imgNav\")])[1]"}
COMMAND: POST /session/d2ee73163e71edf45acf38a1abb82030/element/f.39032AFF0B9C80A7D793EE88796AE887.d.AEDBB564A062EBF700BF7BD20ADA7C0C.e.13827/click - {}
RESULT: {}
COMMAND: GET /session/d2ee73163e71edf45acf38a1abb82030/screenshot - {}
RESULT: {}
COMMAND: POST /session/d2ee73163e71edf45acf38a1abb82030/element - {"using":"xpath","value":"//tr/td[6]/div[1]/span[1]/span[1]"}
RESULT: {"using":"xpath","value":"//tr/td[6]/div[1]/span[1]/span[1]"}
COMMAND: GET /session/d2ee73163e71edf45acf38a1abb82030/element/f.39032AFF0B9C80A7D793EE88796AE887.d.AEDBB564A062EBF700BF7BD20ADA7C0C.e.13848/text - {}
RESULT: {}
COMMAND: POST /session/d2ee73163e71edf45acf38a1abb82030/element - {"using":"xpath","value":"(//span[contains(@id, \"imgNav\")])[2]"}
RESULT: {"using":"xpath","value":"(//span[contains(@id, \"imgNav\")])[2]"}
COMMAND: POST /session/d2ee73163e71edf45acf38a1abb82030/element/f.39032AFF0B9C80A7D793EE88796AE887.d.AEDBB564A062EBF700BF7BD20ADA7C0C.e.13849/click - {}
RESULT: {}
COMMAND: POST /session/d2ee73163e71edf45acf38a1abb82030/element - {"using":"xpath","value":"//bdi[contains(text(), \"Business Confirm\")]"}
COMMAND: GET /session/d2ee73163e71edf45acf38a1abb82030/screenshot - {}
RESULT: {"using":"xpath","value":"//bdi[contains(text(), \"Business Confirm\")]"}
COMMAND: POST /session/d2ee73163e71edf45acf38a1abb82030/elements - {"using":"xpath","value":"//bdi[contains(text(), \"Business Confirm\")]"}
RESULT: {}
RESULT: {"using":"xpath","value":"//bdi[contains(text(), \"Business Confirm\")]"}
COMMAND: POST /session/d2ee73163e71edf45acf38a1abb82030/elements - {"using":"xpath","value":"//bdi[contains(text(), \"Business Confirm\")]"}
RESULT: {"using":"xpath","value":"//bdi[contains(text(), \"Business Confirm\")]"}
COMMAND: POST /session/d2ee73163e71edf45acf38a1abb82030/elements - {"using":"xpath","value":"//bdi[contains(text(), \"Business Confirm\")]"}
RESULT: {"using":"xpath","value":"//bdi[contains(text(), \"Business Confirm\")]"}
COMMAND: POST /session/d2ee73163e71edf45acf38a1abb82030/element - {"using":"xpath","value":"//bdi[contains(text(), \"Business Confirm\")]"}
RESULT: {"using":"xpath","value":"//bdi[contains(text(), \"Business Confirm\")]"}
COMMAND: POST /session/d2ee73163e71edf45acf38a1abb82030/element/f.39032AFF0B9C80A7D793EE88796AE887.d.AEDBB564A062EBF700BF7BD20ADA7C0C.e.13902/click - {}
RESULT: {}
COMMAND: POST /session/d2ee73163e71edf45acf38a1abb82030/element - {"using":"css selector","value":"#shell-header-logo"}
COMMAND: GET /session/d2ee73163e71edf45acf38a1abb82030/screenshot - {}
RESULT: {"using":"css selector","value":"#shell-header-logo"}
COMMAND: POST /session/d2ee73163e71edf45acf38a1abb82030/element/f.39032AFF0B9C80A7D793EE88796AE887.d.AEDBB564A062EBF700BF7BD20ADA7C0C.e.13604/click - {}
RESULT: {}
RESULT: {}
COMMAND: GET /session/d2ee73163e71edf45acf38a1abb82030/screenshot - {}
RESULT: {}
COMMAND: POST /session/d2ee73163e71edf45acf38a1abb82030/element - {"using":"css selector","value":"#j_username"}
COMMAND: POST /session/d2ee73163e71edf45acf38a1abb82030/url - {"url":"https://qa-testing-00-live-etm-ui.cfapps.eu10-004.hana.ondemand.com/"}
RESULT: {"using":"css selector","value":"#j_username"}
COMMAND: POST /session/d2ee73163e71edf45acf38a1abb82030/element - {"using":"css selector","value":"#j_username"}
RESULT: {"url":"https://qa-testing-00-live-etm-ui.cfapps.eu10-004.hana.ondemand.com/"}
RESULT: undefined
COMMAND: GET /session/d2ee73163e71edf45acf38a1abb82030/screenshot - {}
RESULT: {"using":"css selector","value":"#j_username"}
COMMAND: POST /session/d2ee73163e71edf45acf38a1abb82030/element - {"using":"css selector","value":"#shell-header-logo"}
RESULT: {}
RESULT: {"using":"css selector","value":"#shell-header-logo"}
COMMAND: POST /session/d2ee73163e71edf45acf38a1abb82030/execute/sync - {"script":"<script> [8489 bytes]","args":[{"element-6066-11e4-a52e-4f735466cecf":"f.39032AFF0B9C80A7D793EE88796AE887.d.5D8646F1AE1DFF5DC107D2AAE58FD3B3.e.13941","ELEMENT":"f.39032AFF0B9C80A7D793EE88796AE887.d.5D8646F1AE1DFF5DC107D2AAE58FD3B3.e.13941"}]}
RESULT: {"script":"<script> [8489 bytes]","args":[{"element-6066-11e4-a52e-4f735466cecf":"f.39032AFF0B9C80A7D793EE88796AE887.d.5D8646F1AE1DFF5DC107D2AAE58FD3B3.e.13941","ELEMENT":"f.39032AFF0B9C80A7D793EE88796AE887.d.5D8646F1AE1DFF5DC107D2AAE58FD3B3.e.13941"}]}
COMMAND: POST /session/d2ee73163e71edf45acf38a1abb82030/element - {"using":"css selector","value":"#shell-header-logo"}
COMMAND: GET /session/d2ee73163e71edf45acf38a1abb82030/screenshot - {}
RESULT: {"using":"css selector","value":"#shell-header-logo"}
COMMAND: POST /session/d2ee73163e71edf45acf38a1abb82030/execute/sync - {"script":"<script> [8489 bytes]","args":[{"element-6066-11e4-a52e-4f735466cecf":"f.39032AFF0B9C80A7D793EE88796AE887.d.5D8646F1AE1DFF5DC107D2AAE58FD3B3.e.13941","ELEMENT":"f.39032AFF0B9C80A7D793EE88796AE887.d.5D8646F1AE1DFF5DC107D2AAE58FD3B3.e.13941"}]}
RESULT: {}
RESULT: {"script":"<script> [8489 bytes]","args":[{"element-6066-11e4-a52e-4f735466cecf":"f.39032AFF0B9C80A7D793EE88796AE887.d.5D8646F1AE1DFF5DC107D2AAE58FD3B3.e.13941","ELEMENT":"f.39032AFF0B9C80A7D793EE88796AE887.d.5D8646F1AE1DFF5DC107D2AAE58FD3B3.e.13941"}]}
COMMAND: POST /session/d2ee73163e71edf45acf38a1abb82030/execute/sync - {"script":"<script> [5351 bytes]","args":[{"element-6066-11e4-a52e-4f735466cecf":"f.39032AFF0B9C80A7D793EE88796AE887.d.5D8646F1AE1DFF5DC107D2AAE58FD3B3.e.13941","ELEMENT":"f.39032AFF0B9C80A7D793EE88796AE887.d.5D8646F1AE1DFF5DC107D2AAE58FD3B3.e.13941"}]}
COMMAND: GET /session/d2ee73163e71edf45acf38a1abb82030/screenshot - {}
RESULT: {"script":"<script> [5351 bytes]","args":[{"element-6066-11e4-a52e-4f735466cecf":"f.39032AFF0B9C80A7D793EE88796AE887.d.5D8646F1AE1DFF5DC107D2AAE58FD3B3.e.13941","ELEMENT":"f.39032AFF0B9C80A7D793EE88796AE887.d.5D8646F1AE1DFF5DC107D2AAE58FD3B3.e.13941"}]}
COMMAND: POST /session/d2ee73163e71edf45acf38a1abb82030/element - {"using":"css selector","value":"#shell-header-logo"}
COMMAND: GET /session/d2ee73163e71edf45acf38a1abb82030/screenshot - {}
RESULT: {}
RESULT: {"using":"css selector","value":"#shell-header-logo"}
COMMAND: POST /session/d2ee73163e71edf45acf38a1abb82030/element/f.39032AFF0B9C80A7D793EE88796AE887.d.5D8646F1AE1DFF5DC107D2AAE58FD3B3.e.13941/click - {}
RESULT: {}
RESULT: {}
COMMAND: GET /session/d2ee73163e71edf45acf38a1abb82030/screenshot - {}
RESULT: {}
COMMAND: POST /session/d2ee73163e71edf45acf38a1abb82030/execute/async - {"script":"<script> [189 bytes]","args":[]}
RESULT: {"script":"<script> [189 bytes]","args":[]}
COMMAND: POST /session/d2ee73163e71edf45acf38a1abb82030/execute/async - {"script":"<script> [123 bytes]","args":[]}
RESULT: {"script":"<script> [123 bytes]","args":[]}
COMMAND: POST /session/d2ee73163e71edf45acf38a1abb82030/timeouts - {"script":"<number>"}
RESULT: {"script":"<number>"}
COMMAND: GET /session/d2ee73163e71edf45acf38a1abb82030/timeouts - {}
RESULT: {}
RESULT: undefined
COMMAND: POST /session/d2ee73163e71edf45acf38a1abb82030/execute/async - {"script":"<script> [2676 bytes]","args":[]}
RESULT: {"script":"<script> [2676 bytes]","args":[]}
COMMAND: POST /session/d2ee73163e71edf45acf38a1abb82030/execute/async - {"script":"<script> [2342 bytes]","args":[{"protocol":"http","hostname":"0.0.0.0","path":"/","capabilities":{"browserName":"chrome","goog:chromeOptions":{"binary":"C:\\Program Files\\Google\\Chrome\\Application\\chrome.exe","args":["--start-maximized"]}},"logLevel":"warn","connectionRetryTimeout":120000,"connectionRetryCount":3,"logLevels":{},"enableDirectConnect":true,"strictSSL":true,"_":"65 more keys: [\"cacheDir\",\"port\",\"requestedCapabilities\",\"automationProtocol\",\"baseUrl\",\"waitforInterval\",\"waitforTimeout\",\"onReload\",\"beforeCommand\",\"afterCommand\",\"rootDir\",\"specs\",\"suites\",\"exclude\",\"groupLogsByTestSpec\",\"excludeDriverLogs\",\"bail\",\"framework\",\"reporters\",\"services\",\"maxInstances\",\"maxInstancesPerCapability\",\"injectGlobals\",\"filesToWatch\",\"execArgv\",\"runnerEnv\",\"runner\",\"shard\",\"specFileRetries\",\"specFileRetriesDelay\",\"specFileRetriesDeferred\",\"reporterSyncInterval\",\"reporterSyncTimeout\",\"cucumberFeaturesWithLineNumbers\",\"autoCompileOpts\",\"mochaOpts\",\"jasmineOpts\",\"cucumberOpts\",\"onPrepare\",\"onWorkerStart\",\"onWorkerEnd\",\"before\",\"beforeSession\",\"beforeSuite\",\"beforeHook\",\"beforeTest\",\"afterTest\",\"afterHook\",\"afterSuite\",\"afterSession\",\"after\",\"onComplete\",\"beforeAssertion\",\"afterAssertion\",\"beforeFeature\",\"beforeScenario\",\"beforeStep\",\"afterStep\",\"afterScenario\",\"afterFeature\",\"_\",\"suite\",\"$0\",\"ignoredWorkerServices\",\"wdi5\"]"}]}
RESULT: {"script":"<script> [2342 bytes]","args":[{"protocol":"http","hostname":"0.0.0.0","path":"/","capabilities":{"browserName":"chrome","goog:chromeOptions":{"binary":"C:\\Program Files\\Google\\Chrome\\Application\\chrome.exe","args":["--start-maximized"]}},"logLevel":"warn","connectionRetryTimeout":120000,"connectionRetryCount":3,"logLevels":{},"enableDirectConnect":true,"strictSSL":true,"_":"65 more keys: [\"cacheDir\",\"port\",\"requestedCapabilities\",\"automationProtocol\",\"baseUrl\",\"waitforInterval\",\"waitforTimeout\",\"onReload\",\"beforeCommand\",\"afterCommand\",\"rootDir\",\"specs\",\"suites\",\"exclude\",\"groupLogsByTestSpec\",\"excludeDriverLogs\",\"bail\",\"framework\",\"reporters\",\"services\",\"maxInstances\",\"maxInstancesPerCapability\",\"injectGlobals\",\"filesToWatch\",\"execArgv\",\"runnerEnv\",\"runner\",\"shard\",\"specFileRetries\",\"specFileRetriesDelay\",\"specFileRetriesDeferred\",\"reporterSyncInterval\",\"reporterSyncTimeout\",\"cucumberFeaturesWithLineNumbers\",\"autoCompileOpts\",\"mochaOpts\",\"jasmineOpts\",\"cucumberOpts\",\"onPrepare\",\"onWorkerStart\",\"onWorkerEnd\",\"before\",\"beforeSession\",\"beforeSuite\",\"beforeHook\",\"beforeTest\",\"afterTest\",\"afterHook\",\"afterSuite\",\"afterSession\",\"after\",\"onComplete\",\"beforeAssertion\",\"afterAssertion\",\"beforeFeature\",\"beforeScenario\",\"beforeStep\",\"afterStep\",\"afterScenario\",\"afterFeature\",\"_\",\"suite\",\"$0\",\"ignoredWorkerServices\",\"wdi5\"]"}]}
COMMAND: POST /session/d2ee73163e71edf45acf38a1abb82030/execute/async - {"script":"<script> [21126 bytes]","args":[35000]}
RESULT: {"script":"<script> [21126 bytes]","args":[35000]}
COMMAND: POST /session/d2ee73163e71edf45acf38a1abb82030/window/maximize - {}
RESULT: {}
COMMAND: POST /session/d2ee73163e71edf45acf38a1abb82030/execute/async - {"script":"<script> [1562 bytes]","args":[{"selector":{"id":"shell-header","interaction":{"idSuffix":"icon"}},"wdio_ui5_key":"shellheader"}]}
COMMAND: GET /session/d2ee73163e71edf45acf38a1abb82030/screenshot - {}
RESULT: {"script":"<script> [1562 bytes]","args":[{"selector":{"id":"shell-header","interaction":{"idSuffix":"icon"}},"wdio_ui5_key":"shellheader"}]}
RESULT: undefined
COMMAND: POST /session/d2ee73163e71edf45acf38a1abb82030/refresh - {}
RESULT: {}
RESULT: {}
COMMAND: GET /session/d2ee73163e71edf45acf38a1abb82030/screenshot - {}
RESULT: {}
COMMAND: POST /session/d2ee73163e71edf45acf38a1abb82030/refresh - {}
RESULT: {}
COMMAND: GET /session/d2ee73163e71edf45acf38a1abb82030/screenshot - {}
RESULT: {}
COMMAND: POST /session/d2ee73163e71edf45acf38a1abb82030/window/fullscreen - {}
RESULT: {}
COMMAND: POST /session/d2ee73163e71edf45acf38a1abb82030/execute/async - {"script":"<script> [189 bytes]","args":[]}
RESULT: {"script":"<script> [189 bytes]","args":[]}
COMMAND: POST /session/d2ee73163e71edf45acf38a1abb82030/execute/async - {"script":"<script> [123 bytes]","args":[]}
RESULT: {"script":"<script> [123 bytes]","args":[]}
COMMAND: POST /session/d2ee73163e71edf45acf38a1abb82030/timeouts - {"script":"<number>"}
RESULT: {"script":"<number>"}
COMMAND: GET /session/d2ee73163e71edf45acf38a1abb82030/timeouts - {}
RESULT: {}
RESULT: undefined
COMMAND: POST /session/d2ee73163e71edf45acf38a1abb82030/execute/async - {"script":"<script> [2676 bytes]","args":[]}
RESULT: {"script":"<script> [2676 bytes]","args":[]}
COMMAND: POST /session/d2ee73163e71edf45acf38a1abb82030/execute/async - {"script":"<script> [2342 bytes]","args":[{"protocol":"http","hostname":"0.0.0.0","path":"/","capabilities":{"browserName":"chrome","goog:chromeOptions":{"binary":"C:\\Program Files\\Google\\Chrome\\Application\\chrome.exe","args":["--start-maximized"]}},"logLevel":"warn","connectionRetryTimeout":120000,"connectionRetryCount":3,"logLevels":{},"enableDirectConnect":true,"strictSSL":true,"_":"65 more keys: [\"cacheDir\",\"port\",\"requestedCapabilities\",\"automationProtocol\",\"baseUrl\",\"waitforInterval\",\"waitforTimeout\",\"onReload\",\"beforeCommand\",\"afterCommand\",\"rootDir\",\"specs\",\"suites\",\"exclude\",\"groupLogsByTestSpec\",\"excludeDriverLogs\",\"bail\",\"framework\",\"reporters\",\"services\",\"maxInstances\",\"maxInstancesPerCapability\",\"injectGlobals\",\"filesToWatch\",\"execArgv\",\"runnerEnv\",\"runner\",\"shard\",\"specFileRetries\",\"specFileRetriesDelay\",\"specFileRetriesDeferred\",\"reporterSyncInterval\",\"reporterSyncTimeout\",\"cucumberFeaturesWithLineNumbers\",\"autoCompileOpts\",\"mochaOpts\",\"jasmineOpts\",\"cucumberOpts\",\"onPrepare\",\"onWorkerStart\",\"onWorkerEnd\",\"before\",\"beforeSession\",\"beforeSuite\",\"beforeHook\",\"beforeTest\",\"afterTest\",\"afterHook\",\"afterSuite\",\"afterSession\",\"after\",\"onComplete\",\"beforeAssertion\",\"afterAssertion\",\"beforeFeature\",\"beforeScenario\",\"beforeStep\",\"afterStep\",\"afterScenario\",\"afterFeature\",\"_\",\"suite\",\"$0\",\"ignoredWorkerServices\",\"wdi5\"]"}]}
RESULT: {"script":"<script> [2342 bytes]","args":[{"protocol":"http","hostname":"0.0.0.0","path":"/","capabilities":{"browserName":"chrome","goog:chromeOptions":{"binary":"C:\\Program Files\\Google\\Chrome\\Application\\chrome.exe","args":["--start-maximized"]}},"logLevel":"warn","connectionRetryTimeout":120000,"connectionRetryCount":3,"logLevels":{},"enableDirectConnect":true,"strictSSL":true,"_":"65 more keys: [\"cacheDir\",\"port\",\"requestedCapabilities\",\"automationProtocol\",\"baseUrl\",\"waitforInterval\",\"waitforTimeout\",\"onReload\",\"beforeCommand\",\"afterCommand\",\"rootDir\",\"specs\",\"suites\",\"exclude\",\"groupLogsByTestSpec\",\"excludeDriverLogs\",\"bail\",\"framework\",\"reporters\",\"services\",\"maxInstances\",\"maxInstancesPerCapability\",\"injectGlobals\",\"filesToWatch\",\"execArgv\",\"runnerEnv\",\"runner\",\"shard\",\"specFileRetries\",\"specFileRetriesDelay\",\"specFileRetriesDeferred\",\"reporterSyncInterval\",\"reporterSyncTimeout\",\"cucumberFeaturesWithLineNumbers\",\"autoCompileOpts\",\"mochaOpts\",\"jasmineOpts\",\"cucumberOpts\",\"onPrepare\",\"onWorkerStart\",\"onWorkerEnd\",\"before\",\"beforeSession\",\"beforeSuite\",\"beforeHook\",\"beforeTest\",\"afterTest\",\"afterHook\",\"afterSuite\",\"afterSession\",\"after\",\"onComplete\",\"beforeAssertion\",\"afterAssertion\",\"beforeFeature\",\"beforeScenario\",\"beforeStep\",\"afterStep\",\"afterScenario\",\"afterFeature\",\"_\",\"suite\",\"$0\",\"ignoredWorkerServices\",\"wdi5\"]"}]}
COMMAND: POST /session/d2ee73163e71edf45acf38a1abb82030/execute/async - {"script":"<script> [21126 bytes]","args":[35000]}
RESULT: {"script":"<script> [21126 bytes]","args":[35000]}
]]></system-out>
    </testcase>
  </testsuite>
  <testsuite timestamp="2025-05-16T17:45:17" time="757.509" tests="13" failures="0" errors="0" skipped="0">
    <properties>
      <property name="specId" value="0" />
      <property name="suiteName" value="Performance based billing (work days) US139742" />
      <property name="capabilities" value="chrome.136_0_7103_93.windows" />
      <property name="file" value="file:///D:/a/1/s/test/specs/BTS/billing-performance-workdays.spec.js" />
    </properties>
    <testcase classname="chrome.136_0_7103_93.windows.Performance_based_billing_(work_days)_US139742" name="Should create a new yard" time="0.013">
      <system-out><![CDATA[
COMMAND: POST /session/d2ee73163e71edf45acf38a1abb82030/window/fullscreen - {}
RESULT: {}
]]></system-out>
    </testcase>
    <testcase classname="chrome.136_0_7103_93.windows.Performance_based_billing_(work_days)_US139742" name="Should create a new partner" time="0.003" />
    <testcase classname="chrome.136_0_7103_93.windows.Performance_based_billing_(work_days)_US139742" name="Should create a new site" time="0.003" />
    <testcase classname="chrome.136_0_7103_93.windows.Performance_based_billing_(work_days)_US139742" name="Should do prerequisite steps add equipment" time="133.607">
      <system-out><![CDATA[
COMMAND: POST /session/d2ee73163e71edf45acf38a1abb82030/execute/async - {"script":"<script> [1562 bytes]","args":[{"selector":{"controlType":"sap.m.GenericTile","properties":{"header":"Manage Resources"}},"wdio_ui5_key":"sapm.GenericTile{\"header\":\"Manage Resources\"}"}]}
RESULT: {"script":"<script> [1562 bytes]","args":[{"selector":{"controlType":"sap.m.GenericTile","properties":{"header":"Manage Resources"}},"wdio_ui5_key":"sapm.GenericTile{\"header\":\"Manage Resources\"}"}]}
RESULT: undefined
COMMAND: POST /session/d2ee73163e71edf45acf38a1abb82030/element - {"using":"xpath","value":"//*[@id=\"__tile39\"]"}
RESULT: {"using":"xpath","value":"//*[@id=\"__tile39\"]"}
COMMAND: POST /session/d2ee73163e71edf45acf38a1abb82030/element/f.39032AFF0B9C80A7D793EE88796AE887.d.736E113C2374FEFC2D39129E07299870.e.14092/click - {}
RESULT: {}
COMMAND: GET /session/d2ee73163e71edf45acf38a1abb82030/screenshot - {}
RESULT: {}
COMMAND: POST /session/d2ee73163e71edf45acf38a1abb82030/elements - {"using":"xpath","value":"//span[text()='Error']"}
RESULT: {"using":"xpath","value":"//span[text()='Error']"}
COMMAND: POST /session/d2ee73163e71edf45acf38a1abb82030/element - {"using":"xpath","value":"//button[@data-kt=\"addNewRUOverflowToolbarButton\"]"}
RESULT: {"using":"xpath","value":"//button[@data-kt=\"addNewRUOverflowToolbarButton\"]"}
COMMAND: POST /session/d2ee73163e71edf45acf38a1abb82030/elements - {"using":"xpath","value":"//button[@data-kt=\"addNewRUOverflowToolbarButton\"]"}
RESULT: {"using":"xpath","value":"//button[@data-kt=\"addNewRUOverflowToolbarButton\"]"}
COMMAND: POST /session/d2ee73163e71edf45acf38a1abb82030/execute/sync - {"script":"<script> [8489 bytes]","args":[{"element-6066-11e4-a52e-4f735466cecf":"f.39032AFF0B9C80A7D793EE88796AE887.d.736E113C2374FEFC2D39129E07299870.e.14221","ELEMENT":"f.39032AFF0B9C80A7D793EE88796AE887.d.736E113C2374FEFC2D39129E07299870.e.14221"}]}
RESULT: {"script":"<script> [8489 bytes]","args":[{"element-6066-11e4-a52e-4f735466cecf":"f.39032AFF0B9C80A7D793EE88796AE887.d.736E113C2374FEFC2D39129E07299870.e.14221","ELEMENT":"f.39032AFF0B9C80A7D793EE88796AE887.d.736E113C2374FEFC2D39129E07299870.e.14221"}]}
COMMAND: GET /session/d2ee73163e71edf45acf38a1abb82030/element/f.39032AFF0B9C80A7D793EE88796AE887.d.736E113C2374FEFC2D39129E07299870.e.14221/enabled - {}
COMMAND: GET /session/d2ee73163e71edf45acf38a1abb82030/screenshot - {}
RESULT: {}
COMMAND: POST /session/d2ee73163e71edf45acf38a1abb82030/execute/sync - {"script":"<script> [8489 bytes]","args":[{"element-6066-11e4-a52e-4f735466cecf":"f.39032AFF0B9C80A7D793EE88796AE887.d.736E113C2374FEFC2D39129E07299870.e.14221","ELEMENT":"f.39032AFF0B9C80A7D793EE88796AE887.d.736E113C2374FEFC2D39129E07299870.e.14221"}]}
COMMAND: GET /session/d2ee73163e71edf45acf38a1abb82030/screenshot - {}
RESULT: {}
RESULT: {"script":"<script> [8489 bytes]","args":[{"element-6066-11e4-a52e-4f735466cecf":"f.39032AFF0B9C80A7D793EE88796AE887.d.736E113C2374FEFC2D39129E07299870.e.14221","ELEMENT":"f.39032AFF0B9C80A7D793EE88796AE887.d.736E113C2374FEFC2D39129E07299870.e.14221"}]}
COMMAND: POST /session/d2ee73163e71edf45acf38a1abb82030/execute/sync - {"script":"<script> [5351 bytes]","args":[{"element-6066-11e4-a52e-4f735466cecf":"f.39032AFF0B9C80A7D793EE88796AE887.d.736E113C2374FEFC2D39129E07299870.e.14221","ELEMENT":"f.39032AFF0B9C80A7D793EE88796AE887.d.736E113C2374FEFC2D39129E07299870.e.14221"}]}
COMMAND: GET /session/d2ee73163e71edf45acf38a1abb82030/screenshot - {}
RESULT: {}
RESULT: {"script":"<script> [5351 bytes]","args":[{"element-6066-11e4-a52e-4f735466cecf":"f.39032AFF0B9C80A7D793EE88796AE887.d.736E113C2374FEFC2D39129E07299870.e.14221","ELEMENT":"f.39032AFF0B9C80A7D793EE88796AE887.d.736E113C2374FEFC2D39129E07299870.e.14221"}]}
COMMAND: POST /session/d2ee73163e71edf45acf38a1abb82030/element/f.39032AFF0B9C80A7D793EE88796AE887.d.736E113C2374FEFC2D39129E07299870.e.14221/click - {}
RESULT: {}
COMMAND: GET /session/d2ee73163e71edf45acf38a1abb82030/screenshot - {}
RESULT: {}
COMMAND: GET /session/d2ee73163e71edf45acf38a1abb82030/screenshot - {}
RESULT: {}
RESULT: {}
COMMAND: POST /session/d2ee73163e71edf45acf38a1abb82030/execute/async - {"script":"<script> [1562 bytes]","args":[{"selector":{"id":"application-manageresources-display-component---newResourceUnit--TYPE-arrow"},"wdio_ui5_key":"applicationmanageresources-display-component---newResourceUnit--TYPE-arrow"}]}
RESULT: {"script":"<script> [1562 bytes]","args":[{"selector":{"id":"application-manageresources-display-component---newResourceUnit--TYPE-arrow"},"wdio_ui5_key":"applicationmanageresources-display-component---newResourceUnit--TYPE-arrow"}]}
RESULT: undefined
COMMAND: POST /session/d2ee73163e71edf45acf38a1abb82030/element - {"using":"xpath","value":"//*[@id=\"application-manageresources-display-component---newResourceUnit--TYPE-arrow\"]"}
RESULT: {"using":"xpath","value":"//*[@id=\"application-manageresources-display-component---newResourceUnit--TYPE-arrow\"]"}
COMMAND: POST /session/d2ee73163e71edf45acf38a1abb82030/element/f.39032AFF0B9C80A7D793EE88796AE887.d.736E113C2374FEFC2D39129E07299870.e.14389/click - {}
RESULT: {}
COMMAND: POST /session/d2ee73163e71edf45acf38a1abb82030/element - {"using":"xpath","value":"//input[@id=\"application-manageresources-display-component---newResourceUnit--TYPE-inner\"]"}
COMMAND: GET /session/d2ee73163e71edf45acf38a1abb82030/screenshot - {}
RESULT: {"using":"xpath","value":"//input[@id=\"application-manageresources-display-component---newResourceUnit--TYPE-inner\"]"}
COMMAND: POST /session/d2ee73163e71edf45acf38a1abb82030/element/f.39032AFF0B9C80A7D793EE88796AE887.d.736E113C2374FEFC2D39129E07299870.e.14276/clear - {}
RESULT: {}
RESULT: {}
COMMAND: POST /session/d2ee73163e71edf45acf38a1abb82030/element/f.39032AFF0B9C80A7D793EE88796AE887.d.736E113C2374FEFC2D39129E07299870.e.14276/value - {"text":"Equipment"}
COMMAND: GET /session/d2ee73163e71edf45acf38a1abb82030/screenshot - {}
RESULT: {"text":"Equipment"}
COMMAND: GET /session/d2ee73163e71edf45acf38a1abb82030/screenshot - {}
RESULT: {}
RESULT: {}
COMMAND: POST /session/d2ee73163e71edf45acf38a1abb82030/actions - {"actions":[{"id":"action51","type":"key","parameters":{},"actions":[{"type":"keyDown","value":"î€‡"},{"type":"pause","duration":10},{"type":"keyUp","value":"î€‡"}]}]}
RESULT: {"actions":[{"id":"action51","type":"key","parameters":{},"actions":[{"type":"keyDown","value":"î€‡"},{"type":"pause","duration":10},{"type":"keyUp","value":"î€‡"}]}]}
COMMAND: POST /session/d2ee73163e71edf45acf38a1abb82030/execute/async - {"script":"<script> [1562 bytes]","args":[{"selector":{"id":"application-manageresources-display-component---newResourceUnit--resourceId","interaction":{"idSuffix":"inner"}},"wdio_ui5_key":"applicationmanageresources-display-component---newResourceUnit--resourceId"}]}
COMMAND: GET /session/d2ee73163e71edf45acf38a1abb82030/screenshot - {}
RESULT: {"script":"<script> [1562 bytes]","args":[{"selector":{"id":"application-manageresources-display-component---newResourceUnit--resourceId","interaction":{"idSuffix":"inner"}},"wdio_ui5_key":"applicationmanageresources-display-component---newResourceUnit--resourceId"}]}
RESULT: undefined
COMMAND: POST /session/d2ee73163e71edf45acf38a1abb82030/execute/async - {"script":"<script> [776 bytes]","args":[{"enterText":"ROrtEU5knT","selector":{"id":"application-manageresources-display-component---newResourceUnit--resourceId","interaction":{"idSuffix":"inner"}},"clearTextFirst":true,"interactionType":"ENTER_TEXT"}]}
RESULT: {}
RESULT: {"script":"<script> [776 bytes]","args":[{"enterText":"ROrtEU5knT","selector":{"id":"application-manageresources-display-component---newResourceUnit--resourceId","interaction":{"idSuffix":"inner"}},"clearTextFirst":true,"interactionType":"ENTER_TEXT"}]}
COMMAND: POST /session/d2ee73163e71edf45acf38a1abb82030/execute/async - {"script":"<script> [1562 bytes]","args":[{"selector":{"id":"application-manageresources-display-component---newResourceUnit--SHORT_TEXT","interaction":{"idSuffix":"inner"}},"wdio_ui5_key":"applicationmanageresources-display-component---newResourceUnit--SHORT_TEXT"}]}
RESULT: {"script":"<script> [1562 bytes]","args":[{"selector":{"id":"application-manageresources-display-component---newResourceUnit--SHORT_TEXT","interaction":{"idSuffix":"inner"}},"wdio_ui5_key":"applicationmanageresources-display-component---newResourceUnit--SHORT_TEXT"}]}
RESULT: undefined
COMMAND: POST /session/d2ee73163e71edf45acf38a1abb82030/execute/async - {"script":"<script> [776 bytes]","args":[{"enterText":"Intercompany Equipment WDIO","selector":{"id":"application-manageresources-display-component---newResourceUnit--SHORT_TEXT","interaction":{"idSuffix":"inner"}},"clearTextFirst":true,"interactionType":"ENTER_TEXT"}]}
RESULT: {"script":"<script> [776 bytes]","args":[{"enterText":"Intercompany Equipment WDIO","selector":{"id":"application-manageresources-display-component---newResourceUnit--SHORT_TEXT","interaction":{"idSuffix":"inner"}},"clearTextFirst":true,"interactionType":"ENTER_TEXT"}]}
COMMAND: POST /session/d2ee73163e71edf45acf38a1abb82030/execute/async - {"script":"<script> [1562 bytes]","args":[{"selector":{"id":"application-manageresources-display-component---newResourceUnit--BASE_UNIT_OF_MEASURE","interaction":{"idSuffix":"inner"}},"wdio_ui5_key":"applicationmanageresources-display-component---newResourceUnit--BASE_UNIT_OF_MEASURE"}]}
RESULT: {"script":"<script> [1562 bytes]","args":[{"selector":{"id":"application-manageresources-display-component---newResourceUnit--BASE_UNIT_OF_MEASURE","interaction":{"idSuffix":"inner"}},"wdio_ui5_key":"applicationmanageresources-display-component---newResourceUnit--BASE_UNIT_OF_MEASURE"}]}
RESULT: undefined
COMMAND: POST /session/d2ee73163e71edf45acf38a1abb82030/execute/async - {"script":"<script> [776 bytes]","args":[{"enterText":"Piece","selector":{"id":"application-manageresources-display-component---newResourceUnit--BASE_UNIT_OF_MEASURE","interaction":{"idSuffix":"inner"}},"clearTextFirst":true,"interactionType":"ENTER_TEXT"}]}
RESULT: {"script":"<script> [776 bytes]","args":[{"enterText":"Piece","selector":{"id":"application-manageresources-display-component---newResourceUnit--BASE_UNIT_OF_MEASURE","interaction":{"idSuffix":"inner"}},"clearTextFirst":true,"interactionType":"ENTER_TEXT"}]}
COMMAND: POST /session/d2ee73163e71edf45acf38a1abb82030/execute/async - {"script":"<script> [1562 bytes]","args":[{"selector":{"id":"application-manageresources-display-component---newResourceUnit--WEIGHT_UNIT","interaction":{"idSuffix":"inner"}},"wdio_ui5_key":"applicationmanageresources-display-component---newResourceUnit--WEIGHT_UNIT"}]}
RESULT: {"script":"<script> [1562 bytes]","args":[{"selector":{"id":"application-manageresources-display-component---newResourceUnit--WEIGHT_UNIT","interaction":{"idSuffix":"inner"}},"wdio_ui5_key":"applicationmanageresources-display-component---newResourceUnit--WEIGHT_UNIT"}]}
RESULT: undefined
COMMAND: POST /session/d2ee73163e71edf45acf38a1abb82030/execute/async - {"script":"<script> [776 bytes]","args":[{"enterText":"Gram","selector":{"id":"application-manageresources-display-component---newResourceUnit--WEIGHT_UNIT","interaction":{"idSuffix":"inner"}},"clearTextFirst":true,"interactionType":"ENTER_TEXT"}]}
RESULT: {"script":"<script> [776 bytes]","args":[{"enterText":"Gram","selector":{"id":"application-manageresources-display-component---newResourceUnit--WEIGHT_UNIT","interaction":{"idSuffix":"inner"}},"clearTextFirst":true,"interactionType":"ENTER_TEXT"}]}
COMMAND: POST /session/d2ee73163e71edf45acf38a1abb82030/execute/async - {"script":"<script> [1562 bytes]","args":[{"selector":{"id":"application-manageresources-display-component---newResourceUnit--DIMENSION_UNIT","interaction":{"idSuffix":"inner"}},"wdio_ui5_key":"applicationmanageresources-display-component---newResourceUnit--DIMENSION_UNIT"}]}
RESULT: {"script":"<script> [1562 bytes]","args":[{"selector":{"id":"application-manageresources-display-component---newResourceUnit--DIMENSION_UNIT","interaction":{"idSuffix":"inner"}},"wdio_ui5_key":"applicationmanageresources-display-component---newResourceUnit--DIMENSION_UNIT"}]}
RESULT: undefined
COMMAND: POST /session/d2ee73163e71edf45acf38a1abb82030/execute/async - {"script":"<script> [776 bytes]","args":[{"enterText":"Meter","selector":{"id":"application-manageresources-display-component---newResourceUnit--DIMENSION_UNIT","interaction":{"idSuffix":"inner"}},"clearTextFirst":true,"interactionType":"ENTER_TEXT"}]}
RESULT: {"script":"<script> [776 bytes]","args":[{"enterText":"Meter","selector":{"id":"application-manageresources-display-component---newResourceUnit--DIMENSION_UNIT","interaction":{"idSuffix":"inner"}},"clearTextFirst":true,"interactionType":"ENTER_TEXT"}]}
COMMAND: POST /session/d2ee73163e71edf45acf38a1abb82030/execute/async - {"script":"<script> [1562 bytes]","args":[{"selector":{"id":"application-manageresources-display-component---newResourceUnit--newRRUPage-anchBar-application-manageresources-display-component---newResourceUnit--control-anchor","interaction":{"idSuffix":"BDI-content"}},"wdio_ui5_key":"applicationmanageresources-display-component---newResourceUnit--newRRUPage-anchBar-application-manageresources-display-component---newResourceUnit--control-anchor"}]}
RESULT: {"script":"<script> [1562 bytes]","args":[{"selector":{"id":"application-manageresources-display-component---newResourceUnit--newRRUPage-anchBar-application-manageresources-display-component---newResourceUnit--control-anchor","interaction":{"idSuffix":"BDI-content"}},"wdio_ui5_key":"applicationmanageresources-display-component---newResourceUnit--newRRUPage-anchBar-application-manageresources-display-component---newResourceUnit--control-anchor"}]}
RESULT: undefined
COMMAND: POST /session/d2ee73163e71edf45acf38a1abb82030/element - {"using":"xpath","value":"//*[@id=\"application-manageresources-display-component---newResourceUnit--newRRUPage-anchBar-application-manageresources-display-component---newResourceUnit--control-anchor\"]"}
RESULT: {"using":"xpath","value":"//*[@id=\"application-manageresources-display-component---newResourceUnit--newRRUPage-anchBar-application-manageresources-display-component---newResourceUnit--control-anchor\"]"}
COMMAND: POST /session/d2ee73163e71edf45acf38a1abb82030/element/f.39032AFF0B9C80A7D793EE88796AE887.d.736E113C2374FEFC2D39129E07299870.e.14520/click - {}
RESULT: {}
COMMAND: POST /session/d2ee73163e71edf45acf38a1abb82030/execute/async - {"script":"<script> [1562 bytes]","args":[{"selector":{"id":"application-manageresources-display-component---newResourceUnit--PLANNING_GROUP","interaction":{"idSuffix":"inner"}},"wdio_ui5_key":"applicationmanageresources-display-component---newResourceUnit--PLANNING_GROUP"}]}
COMMAND: GET /session/d2ee73163e71edf45acf38a1abb82030/screenshot - {}
RESULT: {"script":"<script> [1562 bytes]","args":[{"selector":{"id":"application-manageresources-display-component---newResourceUnit--PLANNING_GROUP","interaction":{"idSuffix":"inner"}},"wdio_ui5_key":"applicationmanageresources-display-component---newResourceUnit--PLANNING_GROUP"}]}
RESULT: undefined
COMMAND: POST /session/d2ee73163e71edf45acf38a1abb82030/execute/async - {"script":"<script> [776 bytes]","args":[{"enterText":"Heavy Equi","selector":{"id":"application-manageresources-display-component---newResourceUnit--PLANNING_GROUP","interaction":{"idSuffix":"inner"}},"clearTextFirst":true,"interactionType":"ENTER_TEXT"}]}
RESULT: {}
RESULT: {"script":"<script> [776 bytes]","args":[{"enterText":"Heavy Equi","selector":{"id":"application-manageresources-display-component---newResourceUnit--PLANNING_GROUP","interaction":{"idSuffix":"inner"}},"clearTextFirst":true,"interactionType":"ENTER_TEXT"}]}
COMMAND: POST /session/d2ee73163e71edf45acf38a1abb82030/execute/async - {"script":"<script> [1562 bytes]","args":[{"selector":{"id":"application-manageresources-display-component---newResourceUnit--ITEM_TYPE-arrow"},"wdio_ui5_key":"applicationmanageresources-display-component---newResourceUnit--ITEM_TYPE-arrow"}]}
RESULT: {"script":"<script> [1562 bytes]","args":[{"selector":{"id":"application-manageresources-display-component---newResourceUnit--ITEM_TYPE-arrow"},"wdio_ui5_key":"applicationmanageresources-display-component---newResourceUnit--ITEM_TYPE-arrow"}]}
RESULT: undefined
COMMAND: POST /session/d2ee73163e71edf45acf38a1abb82030/element - {"using":"xpath","value":"//*[@id=\"application-manageresources-display-component---newResourceUnit--ITEM_TYPE-arrow\"]"}
RESULT: {"using":"xpath","value":"//*[@id=\"application-manageresources-display-component---newResourceUnit--ITEM_TYPE-arrow\"]"}
COMMAND: POST /session/d2ee73163e71edf45acf38a1abb82030/element/f.39032AFF0B9C80A7D793EE88796AE887.d.736E113C2374FEFC2D39129E07299870.e.14527/click - {}
RESULT: {}
COMMAND: POST /session/d2ee73163e71edf45acf38a1abb82030/element - {"using":"xpath","value":"(//span[contains(text(), \"Resource Unit\")])[2]"}
COMMAND: GET /session/d2ee73163e71edf45acf38a1abb82030/screenshot - {}
RESULT: {"using":"xpath","value":"(//span[contains(text(), \"Resource Unit\")])[2]"}
COMMAND: POST /session/d2ee73163e71edf45acf38a1abb82030/element/f.39032AFF0B9C80A7D793EE88796AE887.d.736E113C2374FEFC2D39129E07299870.e.14528/click - {}
RESULT: {}
RESULT: {}
COMMAND: GET /session/d2ee73163e71edf45acf38a1abb82030/screenshot - {}
RESULT: {}
COMMAND: POST /session/d2ee73163e71edf45acf38a1abb82030/element - {"using":"css selector","value":"#application-manageresources-display-component---newResourceUnit--btnAddTimeSegment"}
RESULT: {"using":"css selector","value":"#application-manageresources-display-component---newResourceUnit--btnAddTimeSegment"}
COMMAND: GET /session/d2ee73163e71edf45acf38a1abb82030/element/f.39032AFF0B9C80A7D793EE88796AE887.d.736E113C2374FEFC2D39129E07299870.e.14529/rect - {}
RESULT: {}
COMMAND: GET /session/d2ee73163e71edf45acf38a1abb82030/window/rect - {}
RESULT: {}
COMMAND: POST /session/d2ee73163e71edf45acf38a1abb82030/execute/sync - {"script":"<script> [92 bytes]","args":[]}
RESULT: {"script":"<script> [92 bytes]","args":[]}
COMMAND: POST /session/d2ee73163e71edf45acf38a1abb82030/actions - {"actions":[{"id":"action52","type":"wheel","parameters":{},"actions":[{"type":"scroll","x":-1888,"y":-32,"deltaX":0,"deltaY":0,"duration":0,"origin":{"element-6066-11e4-a52e-4f735466cecf":"f.39032AFF0B9C80A7D793EE88796AE887.d.736E113C2374FEFC2D39129E07299870.e.14529"}}]}]}
COMMAND: GET /session/d2ee73163e71edf45acf38a1abb82030/screenshot - {}
RESULT: {}
COMMAND: POST /session/d2ee73163e71edf45acf38a1abb82030/execute/sync - {"script":"<script> [79 bytes]","args":[{"element-6066-11e4-a52e-4f735466cecf":"f.39032AFF0B9C80A7D793EE88796AE887.d.736E113C2374FEFC2D39129E07299870.e.14529","ELEMENT":"f.39032AFF0B9C80A7D793EE88796AE887.d.736E113C2374FEFC2D39129E07299870.e.14529"},{"block":"start","inline":"nearest"}]}
RESULT: {"script":"<script> [79 bytes]","args":[{"element-6066-11e4-a52e-4f735466cecf":"f.39032AFF0B9C80A7D793EE88796AE887.d.736E113C2374FEFC2D39129E07299870.e.14529","ELEMENT":"f.39032AFF0B9C80A7D793EE88796AE887.d.736E113C2374FEFC2D39129E07299870.e.14529"},{"block":"start","inline":"nearest"}]}
COMMAND: POST /session/d2ee73163e71edf45acf38a1abb82030/execute/async - {"script":"<script> [1562 bytes]","args":[{"selector":{"id":"application-manageresources-display-component---newResourceUnit--btnAddTimeSegment","interaction":{"idSuffix":"inner"}},"wdio_ui5_key":"applicationmanageresources-display-component---newResourceUnit--btnAddTimeSegment"}]}
COMMAND: GET /session/d2ee73163e71edf45acf38a1abb82030/screenshot - {}
RESULT: {"script":"<script> [1562 bytes]","args":[{"selector":{"id":"application-manageresources-display-component---newResourceUnit--btnAddTimeSegment","interaction":{"idSuffix":"inner"}},"wdio_ui5_key":"applicationmanageresources-display-component---newResourceUnit--btnAddTimeSegment"}]}
RESULT: undefined
COMMAND: POST /session/d2ee73163e71edf45acf38a1abb82030/element - {"using":"xpath","value":"//*[@id=\"application-manageresources-display-component---newResourceUnit--btnAddTimeSegment\"]"}
RESULT: {}
RESULT: {"using":"xpath","value":"//*[@id=\"application-manageresources-display-component---newResourceUnit--btnAddTimeSegment\"]"}
COMMAND: POST /session/d2ee73163e71edf45acf38a1abb82030/element/f.39032AFF0B9C80A7D793EE88796AE887.d.736E113C2374FEFC2D39129E07299870.e.14529/click - {}
RESULT: {}
COMMAND: GET /session/d2ee73163e71edf45acf38a1abb82030/screenshot - {}
RESULT: {}
COMMAND: POST /session/d2ee73163e71edf45acf38a1abb82030/element - {"using":"xpath","value":"//input[@id=\"application-manageresources-display-component---newResourceUnit--idRuTSAdmin-application-manageresources-display-component---newResourceUnit--RUTimeSegment-0-inner\"]"}
RESULT: {"using":"xpath","value":"//input[@id=\"application-manageresources-display-component---newResourceUnit--idRuTSAdmin-application-manageresources-display-component---newResourceUnit--RUTimeSegment-0-inner\"]"}
COMMAND: POST /session/d2ee73163e71edf45acf38a1abb82030/element/f.39032AFF0B9C80A7D793EE88796AE887.d.736E113C2374FEFC2D39129E07299870.e.14535/clear - {}
RESULT: {}
COMMAND: POST /session/d2ee73163e71edf45acf38a1abb82030/element/f.39032AFF0B9C80A7D793EE88796AE887.d.736E113C2374FEFC2D39129E07299870.e.14535/value - {"text":"479"}
COMMAND: GET /session/d2ee73163e71edf45acf38a1abb82030/screenshot - {}
RESULT: {"text":"479"}
COMMAND: GET /session/d2ee73163e71edf45acf38a1abb82030/screenshot - {}
RESULT: {}
RESULT: {}
COMMAND: POST /session/d2ee73163e71edf45acf38a1abb82030/element - {"using":"xpath","value":"//li[.//span[text()='479']]"}
RESULT: {"using":"xpath","value":"//li[.//span[text()='479']]"}
COMMAND: POST /session/d2ee73163e71edf45acf38a1abb82030/element/f.39032AFF0B9C80A7D793EE88796AE887.d.736E113C2374FEFC2D39129E07299870.e.14547/click - {}
RESULT: {}
COMMAND: GET /session/d2ee73163e71edf45acf38a1abb82030/screenshot - {}
RESULT: {}
COMMAND: POST /session/d2ee73163e71edf45acf38a1abb82030/element - {"using":"xpath","value":"(//span[contains(@id, \"-application-manageresources-display-component---newResourceUnit--RUTimeSegment-0-arrow\")])[6]"}
RESULT: {"using":"xpath","value":"(//span[contains(@id, \"-application-manageresources-display-component---newResourceUnit--RUTimeSegment-0-arrow\")])[6]"}
COMMAND: POST /session/d2ee73163e71edf45acf38a1abb82030/element/f.39032AFF0B9C80A7D793EE88796AE887.d.736E113C2374FEFC2D39129E07299870.e.14548/click - {}
RESULT: {}
COMMAND: GET /session/d2ee73163e71edf45acf38a1abb82030/screenshot - {}
RESULT: {}
COMMAND: POST /session/d2ee73163e71edf45acf38a1abb82030/element - {"using":"xpath","value":"//span[contains(text(), \"PM Order\")]"}
RESULT: {"using":"xpath","value":"//span[contains(text(), \"PM Order\")]"}
COMMAND: POST /session/d2ee73163e71edf45acf38a1abb82030/element/f.39032AFF0B9C80A7D793EE88796AE887.d.736E113C2374FEFC2D39129E07299870.e.14551/click - {}
RESULT: {}
COMMAND: GET /session/d2ee73163e71edf45acf38a1abb82030/screenshot - {}
RESULT: {}
COMMAND: POST /session/d2ee73163e71edf45acf38a1abb82030/element - {"using":"xpath","value":"(//span[contains(@id ,\"manageresources-display-component---newResourceUnit--RUTimeSegment-0-vhi\")])[1]"}
RESULT: {"using":"xpath","value":"(//span[contains(@id ,\"manageresources-display-component---newResourceUnit--RUTimeSegment-0-vhi\")])[1]"}
COMMAND: GET /session/d2ee73163e71edf45acf38a1abb82030/element/f.39032AFF0B9C80A7D793EE88796AE887.d.736E113C2374FEFC2D39129E07299870.e.14555/rect - {}
RESULT: {}
COMMAND: GET /session/d2ee73163e71edf45acf38a1abb82030/window/rect - {}
RESULT: {}
COMMAND: POST /session/d2ee73163e71edf45acf38a1abb82030/execute/sync - {"script":"<script> [92 bytes]","args":[]}
RESULT: {"script":"<script> [92 bytes]","args":[]}
COMMAND: POST /session/d2ee73163e71edf45acf38a1abb82030/actions - {"actions":[{"id":"action53","type":"wheel","parameters":{},"actions":[{"type":"scroll","x":-869,"y":-24,"deltaX":0,"deltaY":0,"duration":0,"origin":{"element-6066-11e4-a52e-4f735466cecf":"f.39032AFF0B9C80A7D793EE88796AE887.d.736E113C2374FEFC2D39129E07299870.e.14555"}}]}]}
COMMAND: GET /session/d2ee73163e71edf45acf38a1abb82030/screenshot - {}
RESULT: {"actions":[{"id":"action53","type":"wheel","parameters":{},"actions":[{"type":"scroll","x":-869,"y":-24,"deltaX":0,"deltaY":0,"duration":0,"origin":{"element-6066-11e4-a52e-4f735466cecf":"f.39032AFF0B9C80A7D793EE88796AE887.d.736E113C2374FEFC2D39129E07299870.e.14555"}}]}]}
COMMAND: DELETE /session/d2ee73163e71edf45acf38a1abb82030/actions - {}
COMMAND: GET /session/d2ee73163e71edf45acf38a1abb82030/screenshot - {}
RESULT: {}
RESULT: {}
COMMAND: GET /session/d2ee73163e71edf45acf38a1abb82030/screenshot - {}
RESULT: {}
RESULT: {}
COMMAND: POST /session/d2ee73163e71edf45acf38a1abb82030/element/f.39032AFF0B9C80A7D793EE88796AE887.d.736E113C2374FEFC2D39129E07299870.e.14555/click - {}
RESULT: {}
COMMAND: GET /session/d2ee73163e71edf45acf38a1abb82030/screenshot - {}
RESULT: {}
COMMAND: POST /session/d2ee73163e71edf45acf38a1abb82030/execute/async - {"script":"<script> [1562 bytes]","args":[{"selector":{"controlType":"sap.m.SearchField","properties":{"placeholder":"Search"},"searchOpenDialogs":true,"interaction":{"idSuffix":"I"}},"wdio_ui5_key":"sapm.SearchField{\"placeholder\":\"Search\"}"}]}
RESULT: {"script":"<script> [1562 bytes]","args":[{"selector":{"controlType":"sap.m.SearchField","properties":{"placeholder":"Search"},"searchOpenDialogs":true,"interaction":{"idSuffix":"I"}},"wdio_ui5_key":"sapm.SearchField{\"placeholder\":\"Search\"}"}]}
RESULT: undefined
COMMAND: POST /session/d2ee73163e71edf45acf38a1abb82030/execute/async - {"script":"<script> [776 bytes]","args":[{"enterText":"4000360","selector":{"controlType":"sap.m.SearchField","properties":{"placeholder":"Search"},"searchOpenDialogs":true,"interaction":{"idSuffix":"I"}},"clearTextFirst":true,"interactionType":"ENTER_TEXT"}]}
RESULT: {"script":"<script> [776 bytes]","args":[{"enterText":"4000360","selector":{"controlType":"sap.m.SearchField","properties":{"placeholder":"Search"},"searchOpenDialogs":true,"interaction":{"idSuffix":"I"}},"clearTextFirst":true,"interactionType":"ENTER_TEXT"}]}
COMMAND: POST /session/d2ee73163e71edf45acf38a1abb82030/actions - {"actions":[{"id":"action54","type":"key","parameters":{},"actions":[{"type":"keyDown","value":"î€‡"},{"type":"pause","duration":10},{"type":"keyUp","value":"î€‡"}]}]}
RESULT: {"actions":[{"id":"action54","type":"key","parameters":{},"actions":[{"type":"keyDown","value":"î€‡"},{"type":"pause","duration":10},{"type":"keyUp","value":"î€‡"}]}]}
COMMAND: GET /session/d2ee73163e71edf45acf38a1abb82030/screenshot - {}
RESULT: {}
COMMAND: POST /session/d2ee73163e71edf45acf38a1abb82030/element - {"using":"xpath","value":"//td/div/span[contains(text(), \"BGL Vehicles\")]"}
RESULT: {"using":"xpath","value":"//td/div/span[contains(text(), \"BGL Vehicles\")]"}
COMMAND: POST /session/d2ee73163e71edf45acf38a1abb82030/element/f.39032AFF0B9C80A7D793EE88796AE887.d.736E113C2374FEFC2D39129E07299870.e.14577/click - {}
RESULT: {}
COMMAND: GET /session/d2ee73163e71edf45acf38a1abb82030/screenshot - {}
RESULT: {}
COMMAND: POST /session/d2ee73163e71edf45acf38a1abb82030/element - {"using":"xpath","value":"//bdi[contains(text(), \"OK\")]"}
RESULT: {"using":"xpath","value":"//bdi[contains(text(), \"OK\")]"}
COMMAND: POST /session/d2ee73163e71edf45acf38a1abb82030/element/f.39032AFF0B9C80A7D793EE88796AE887.d.736E113C2374FEFC2D39129E07299870.e.14578/click - {}
RESULT: {}
COMMAND: GET /session/d2ee73163e71edf45acf38a1abb82030/screenshot - {}
RESULT: {}
COMMAND: POST /session/d2ee73163e71edf45acf38a1abb82030/execute/async - {"script":"<script> [1562 bytes]","args":[{"selector":{"id":"application-manageresources-display-component---newResourceUnit--newRRUPage-anchBar-application-manageresources-display-component---newResourceUnit--resource-anchor","interaction":{"idSuffix":"BDI-content"}},"wdio_ui5_key":"applicationmanageresources-display-component---newResourceUnit--newRRUPage-anchBar-application-manageresources-display-component---newResourceUnit--resource-anchor"}]}
RESULT: {"script":"<script> [1562 bytes]","args":[{"selector":{"id":"application-manageresources-display-component---newResourceUnit--newRRUPage-anchBar-application-manageresources-display-component---newResourceUnit--resource-anchor","interaction":{"idSuffix":"BDI-content"}},"wdio_ui5_key":"applicationmanageresources-display-component---newResourceUnit--newRRUPage-anchBar-application-manageresources-display-component---newResourceUnit--resource-anchor"}]}
RESULT: undefined
COMMAND: POST /session/d2ee73163e71edf45acf38a1abb82030/element - {"using":"xpath","value":"//*[@id=\"application-manageresources-display-component---newResourceUnit--newRRUPage-anchBar-application-manageresources-display-component---newResourceUnit--resource-anchor\"]"}
RESULT: {"using":"xpath","value":"//*[@id=\"application-manageresources-display-component---newResourceUnit--newRRUPage-anchBar-application-manageresources-display-component---newResourceUnit--resource-anchor\"]"}
COMMAND: POST /session/d2ee73163e71edf45acf38a1abb82030/element/f.39032AFF0B9C80A7D793EE88796AE887.d.736E113C2374FEFC2D39129E07299870.e.14582/click - {}
RESULT: {}
COMMAND: POST /session/d2ee73163e71edf45acf38a1abb82030/execute/async - {"script":"<script> [1562 bytes]","args":[{"selector":{"id":"application-manageresources-display-component---newResourceUnit--PLANNED_DELIVERY_DATE","interaction":{"idSuffix":"inner"}},"wdio_ui5_key":"applicationmanageresources-display-component---newResourceUnit--PLANNED_DELIVERY_DATE"}]}
COMMAND: GET /session/d2ee73163e71edf45acf38a1abb82030/screenshot - {}
RESULT: {"script":"<script> [1562 bytes]","args":[{"selector":{"id":"application-manageresources-display-component---newResourceUnit--PLANNED_DELIVERY_DATE","interaction":{"idSuffix":"inner"}},"wdio_ui5_key":"applicationmanageresources-display-component---newResourceUnit--PLANNED_DELIVERY_DATE"}]}
RESULT: undefined
COMMAND: POST /session/d2ee73163e71edf45acf38a1abb82030/execute/async - {"script":"<script> [6424 bytes]","args":[{"element-6066-11e4-a52e-4f735466cecf":"f.39032AFF0B9C80A7D793EE88796AE887.d.736E113C2374FEFC2D39129E07299870.e.14445"},"setValue",["5/16/25"]]}
RESULT: {}
RESULT: {"script":"<script> [6424 bytes]","args":[{"element-6066-11e4-a52e-4f735466cecf":"f.39032AFF0B9C80A7D793EE88796AE887.d.736E113C2374FEFC2D39129E07299870.e.14445"},"setValue",["5/16/25"]]}
COMMAND: POST /session/d2ee73163e71edf45acf38a1abb82030/element - {"using":"xpath","value":"//label[contains(@class, 'sapMLabelRequired') and .//bdi[contains(text(), 'Planned Retirement')]]"}
RESULT: {"using":"xpath","value":"//label[contains(@class, 'sapMLabelRequired') and .//bdi[contains(text(), 'Planned Retirement')]]"}
COMMAND: POST /session/d2ee73163e71edf45acf38a1abb82030/elements - {"using":"xpath","value":"//label[contains(@class, 'sapMLabelRequired') and .//bdi[contains(text(), 'Planned Retirement')]]"}
RESULT: {"using":"xpath","value":"//label[contains(@class, 'sapMLabelRequired') and .//bdi[contains(text(), 'Planned Retirement')]]"}
COMMAND: POST /session/d2ee73163e71edf45acf38a1abb82030/element - {"using":"xpath","value":"//button[@data-kt=\"resourceUnitSaveButton\"]"}
RESULT: {"using":"xpath","value":"//button[@data-kt=\"resourceUnitSaveButton\"]"}
COMMAND: POST /session/d2ee73163e71edf45acf38a1abb82030/element/f.39032AFF0B9C80A7D793EE88796AE887.d.736E113C2374FEFC2D39129E07299870.e.14405/click - {}
RESULT: {}
COMMAND: GET /session/d2ee73163e71edf45acf38a1abb82030/screenshot - {}
RESULT: {}
COMMAND: POST /session/d2ee73163e71edf45acf38a1abb82030/element - {"using":"xpath","value":"//bdi[contains(text(), \"Close\")]"}
RESULT: {"using":"xpath","value":"//bdi[contains(text(), \"Close\")]"}
COMMAND: POST /session/d2ee73163e71edf45acf38a1abb82030/element/f.39032AFF0B9C80A7D793EE88796AE887.d.736E113C2374FEFC2D39129E07299870.e.14590/click - {}
RESULT: {}
COMMAND: GET /session/d2ee73163e71edf45acf38a1abb82030/screenshot - {}
RESULT: {}
COMMAND: POST /session/d2ee73163e71edf45acf38a1abb82030/element - {"using":"xpath","value":"(//button[contains(@id ,\"actionsToolbar-overflowButton\")])[1]"}
RESULT: {"using":"xpath","value":"(//button[contains(@id ,\"actionsToolbar-overflowButton\")])[1]"}
COMMAND: POST /session/d2ee73163e71edf45acf38a1abb82030/element/f.39032AFF0B9C80A7D793EE88796AE887.d.736E113C2374FEFC2D39129E07299870.e.14621/click - {}
RESULT: {}
COMMAND: GET /session/d2ee73163e71edf45acf38a1abb82030/screenshot - {}
RESULT: {}
COMMAND: POST /session/d2ee73163e71edf45acf38a1abb82030/element - {"using":"xpath","value":"//button[@data-kt=\"priceInfoButton\"]"}
RESULT: {"using":"xpath","value":"//button[@data-kt=\"priceInfoButton\"]"}
COMMAND: POST /session/d2ee73163e71edf45acf38a1abb82030/element/f.39032AFF0B9C80A7D793EE88796AE887.d.736E113C2374FEFC2D39129E07299870.e.14623/click - {}
RESULT: {}
COMMAND: GET /session/d2ee73163e71edf45acf38a1abb82030/screenshot - {}
]]></system-out>
    </testcase>
    <testcase classname="chrome.136_0_7103_93.windows.Performance_based_billing_(work_days)_US139742" name="Should create a pricing rule perf based on the equipment" time="48.257">
      <system-out><![CDATA[
COMMAND: POST /session/d2ee73163e71edf45acf38a1abb82030/element - {"using":"xpath","value":"//button[@data-kt=\"addButton\"]"}
RESULT: {}
RESULT: {"using":"xpath","value":"//button[@data-kt=\"addButton\"]"}
COMMAND: POST /session/d2ee73163e71edf45acf38a1abb82030/elements - {"using":"xpath","value":"//button[@data-kt=\"addButton\"]"}
RESULT: {"using":"xpath","value":"//button[@data-kt=\"addButton\"]"}
COMMAND: POST /session/d2ee73163e71edf45acf38a1abb82030/execute/sync - {"script":"<script> [8489 bytes]","args":[{"element-6066-11e4-a52e-4f735466cecf":"f.39032AFF0B9C80A7D793EE88796AE887.d.736E113C2374FEFC2D39129E07299870.e.14659","ELEMENT":"f.39032AFF0B9C80A7D793EE88796AE887.d.736E113C2374FEFC2D39129E07299870.e.14659"}]}
RESULT: {"script":"<script> [8489 bytes]","args":[{"element-6066-11e4-a52e-4f735466cecf":"f.39032AFF0B9C80A7D793EE88796AE887.d.736E113C2374FEFC2D39129E07299870.e.14659","ELEMENT":"f.39032AFF0B9C80A7D793EE88796AE887.d.736E113C2374FEFC2D39129E07299870.e.14659"}]}
COMMAND: GET /session/d2ee73163e71edf45acf38a1abb82030/element/f.39032AFF0B9C80A7D793EE88796AE887.d.736E113C2374FEFC2D39129E07299870.e.14659/enabled - {}
COMMAND: GET /session/d2ee73163e71edf45acf38a1abb82030/screenshot - {}
RESULT: {}
COMMAND: POST /session/d2ee73163e71edf45acf38a1abb82030/execute/sync - {"script":"<script> [8489 bytes]","args":[{"element-6066-11e4-a52e-4f735466cecf":"f.39032AFF0B9C80A7D793EE88796AE887.d.736E113C2374FEFC2D39129E07299870.e.14659","ELEMENT":"f.39032AFF0B9C80A7D793EE88796AE887.d.736E113C2374FEFC2D39129E07299870.e.14659"}]}
COMMAND: GET /session/d2ee73163e71edf45acf38a1abb82030/screenshot - {}
RESULT: {}
RESULT: {"script":"<script> [8489 bytes]","args":[{"element-6066-11e4-a52e-4f735466cecf":"f.39032AFF0B9C80A7D793EE88796AE887.d.736E113C2374FEFC2D39129E07299870.e.14659","ELEMENT":"f.39032AFF0B9C80A7D793EE88796AE887.d.736E113C2374FEFC2D39129E07299870.e.14659"}]}
COMMAND: POST /session/d2ee73163e71edf45acf38a1abb82030/execute/sync - {"script":"<script> [5351 bytes]","args":[{"element-6066-11e4-a52e-4f735466cecf":"f.39032AFF0B9C80A7D793EE88796AE887.d.736E113C2374FEFC2D39129E07299870.e.14659","ELEMENT":"f.39032AFF0B9C80A7D793EE88796AE887.d.736E113C2374FEFC2D39129E07299870.e.14659"}]}
COMMAND: GET /session/d2ee73163e71edf45acf38a1abb82030/screenshot - {}
RESULT: {}
RESULT: {"script":"<script> [5351 bytes]","args":[{"element-6066-11e4-a52e-4f735466cecf":"f.39032AFF0B9C80A7D793EE88796AE887.d.736E113C2374FEFC2D39129E07299870.e.14659","ELEMENT":"f.39032AFF0B9C80A7D793EE88796AE887.d.736E113C2374FEFC2D39129E07299870.e.14659"}]}
COMMAND: POST /session/d2ee73163e71edf45acf38a1abb82030/element/f.39032AFF0B9C80A7D793EE88796AE887.d.736E113C2374FEFC2D39129E07299870.e.14659/click - {}
COMMAND: GET /session/d2ee73163e71edf45acf38a1abb82030/screenshot - {}
RESULT: {}
RESULT: {}
COMMAND: GET /session/d2ee73163e71edf45acf38a1abb82030/screenshot - {}
RESULT: {}
RESULT: {}
COMMAND: POST /session/d2ee73163e71edf45acf38a1abb82030/execute/async - {"script":"<script> [1562 bytes]","args":[{"selector":{"controlType":"sap.m.Title","viewName":"etm.portal.ui.managepricingrules.view.NewItem","viewId":"application-managepricingrules-display-component---newInfoPriceItem","properties":{"text":"New Pricing Rules - Item Level"}},"wdio_ui5_key":"etmportal.ui.managepricingrules.view.NewItemsap.m.Title{\"text\":\"New Pricing Rules - Item Level\"}"}]}
RESULT: {"script":"<script> [1562 bytes]","args":[{"selector":{"controlType":"sap.m.Title","viewName":"etm.portal.ui.managepricingrules.view.NewItem","viewId":"application-managepricingrules-display-component---newInfoPriceItem","properties":{"text":"New Pricing Rules - Item Level"}},"wdio_ui5_key":"etmportal.ui.managepricingrules.view.NewItemsap.m.Title{\"text\":\"New Pricing Rules - Item Level\"}"}]}
RESULT: undefined
COMMAND: POST /session/d2ee73163e71edf45acf38a1abb82030/execute/async - {"script":"<script> [6424 bytes]","args":[{"element-6066-11e4-a52e-4f735466cecf":"f.39032AFF0B9C80A7D793EE88796AE887.d.736E113C2374FEFC2D39129E07299870.e.14828"},"getText",[]]}
RESULT: {"script":"<script> [6424 bytes]","args":[{"element-6066-11e4-a52e-4f735466cecf":"f.39032AFF0B9C80A7D793EE88796AE887.d.736E113C2374FEFC2D39129E07299870.e.14828"},"getText",[]]}
COMMAND: POST /session/d2ee73163e71edf45acf38a1abb82030/execute/async - {"script":"<script> [1562 bytes]","args":[{"selector":{"id":"application-managepricingrules-display-component---newInfoPriceItem--condValidTo","interaction":{"idSuffix":"inner"}},"wdio_ui5_key":"applicationmanagepricingrules-display-component---newInfoPriceItem--condValidTo"}]}
RESULT: {"script":"<script> [1562 bytes]","args":[{"selector":{"id":"application-managepricingrules-display-component---newInfoPriceItem--condValidTo","interaction":{"idSuffix":"inner"}},"wdio_ui5_key":"applicationmanagepricingrules-display-component---newInfoPriceItem--condValidTo"}]}
RESULT: undefined
COMMAND: POST /session/d2ee73163e71edf45acf38a1abb82030/execute/async - {"script":"<script> [776 bytes]","args":[{"enterText":"1/16/26","selector":{"id":"application-managepricingrules-display-component---newInfoPriceItem--condValidTo","interaction":{"idSuffix":"inner"}},"clearTextFirst":true,"interactionType":"ENTER_TEXT"}]}
RESULT: {"script":"<script> [776 bytes]","args":[{"enterText":"1/16/26","selector":{"id":"application-managepricingrules-display-component---newInfoPriceItem--condValidTo","interaction":{"idSuffix":"inner"}},"clearTextFirst":true,"interactionType":"ENTER_TEXT"}]}
COMMAND: POST /session/d2ee73163e71edf45acf38a1abb82030/execute/async - {"script":"<script> [1562 bytes]","args":[{"selector":{"id":"application-managepricingrules-display-component---newInfoPriceItem--billType-arrow"},"wdio_ui5_key":"applicationmanagepricingrules-display-component---newInfoPriceItem--billType-arrow"}]}
RESULT: {"script":"<script> [1562 bytes]","args":[{"selector":{"id":"application-managepricingrules-display-component---newInfoPriceItem--billType-arrow"},"wdio_ui5_key":"applicationmanagepricingrules-display-component---newInfoPriceItem--billType-arrow"}]}
RESULT: undefined
COMMAND: POST /session/d2ee73163e71edf45acf38a1abb82030/element - {"using":"xpath","value":"//*[@id=\"application-managepricingrules-display-component---newInfoPriceItem--billType-arrow\"]"}
RESULT: {"using":"xpath","value":"//*[@id=\"application-managepricingrules-display-component---newInfoPriceItem--billType-arrow\"]"}
COMMAND: POST /session/d2ee73163e71edf45acf38a1abb82030/element/f.39032AFF0B9C80A7D793EE88796AE887.d.736E113C2374FEFC2D39129E07299870.e.14790/click - {}
RESULT: {}
COMMAND: POST /session/d2ee73163e71edf45acf38a1abb82030/element - {"using":"xpath","value":"//span[contains(text(), \"PB - Performance based\")]"}
COMMAND: GET /session/d2ee73163e71edf45acf38a1abb82030/screenshot - {}
RESULT: {"using":"xpath","value":"//span[contains(text(), \"PB - Performance based\")]"}
COMMAND: POST /session/d2ee73163e71edf45acf38a1abb82030/element/f.39032AFF0B9C80A7D793EE88796AE887.d.736E113C2374FEFC2D39129E07299870.e.14831/click - {}
RESULT: {}
RESULT: {}
COMMAND: POST /session/d2ee73163e71edf45acf38a1abb82030/execute/async - {"script":"<script> [1562 bytes]","args":[{"selector":{"id":"application-managepricingrules-display-component---newInfoPriceItem--priceProc-arrow"},"wdio_ui5_key":"applicationmanagepricingrules-display-component---newInfoPriceItem--priceProc-arrow"}]}
COMMAND: GET /session/d2ee73163e71edf45acf38a1abb82030/screenshot - {}
RESULT: {"script":"<script> [1562 bytes]","args":[{"selector":{"id":"application-managepricingrules-display-component---newInfoPriceItem--priceProc-arrow"},"wdio_ui5_key":"applicationmanagepricingrules-display-component---newInfoPriceItem--priceProc-arrow"}]}
RESULT: undefined
COMMAND: POST /session/d2ee73163e71edf45acf38a1abb82030/element - {"using":"xpath","value":"//*[@id=\"application-managepricingrules-display-component---newInfoPriceItem--priceProc-arrow\"]"}
RESULT: {}
RESULT: {"using":"xpath","value":"//*[@id=\"application-managepricingrules-display-component---newInfoPriceItem--priceProc-arrow\"]"}
COMMAND: POST /session/d2ee73163e71edf45acf38a1abb82030/element/f.39032AFF0B9C80A7D793EE88796AE887.d.736E113C2374FEFC2D39129E07299870.e.14797/click - {}
RESULT: {}
COMMAND: POST /session/d2ee73163e71edf45acf38a1abb82030/element - {"using":"xpath","value":"//span[contains(text(), \"PRF - Performance based\")]"}
COMMAND: GET /session/d2ee73163e71edf45acf38a1abb82030/screenshot - {}
RESULT: {"using":"xpath","value":"//span[contains(text(), \"PRF - Performance based\")]"}
COMMAND: POST /session/d2ee73163e71edf45acf38a1abb82030/element/f.39032AFF0B9C80A7D793EE88796AE887.d.736E113C2374FEFC2D39129E07299870.e.14832/click - {}
RESULT: {}
RESULT: {}
COMMAND: POST /session/d2ee73163e71edf45acf38a1abb82030/execute/async - {"script":"<script> [1562 bytes]","args":[{"selector":{"id":"application-managepricingrules-display-component---newInfoPriceItem--calcBase-arrow"},"wdio_ui5_key":"applicationmanagepricingrules-display-component---newInfoPriceItem--calcBase-arrow"}]}
COMMAND: GET /session/d2ee73163e71edf45acf38a1abb82030/screenshot - {}
RESULT: {"script":"<script> [1562 bytes]","args":[{"selector":{"id":"application-managepricingrules-display-component---newInfoPriceItem--calcBase-arrow"},"wdio_ui5_key":"applicationmanagepricingrules-display-component---newInfoPriceItem--calcBase-arrow"}]}
RESULT: undefined
COMMAND: POST /session/d2ee73163e71edf45acf38a1abb82030/element - {"using":"xpath","value":"//*[@id=\"application-managepricingrules-display-component---newInfoPriceItem--calcBase-arrow\"]"}
RESULT: {}
RESULT: {"using":"xpath","value":"//*[@id=\"application-managepricingrules-display-component---newInfoPriceItem--calcBase-arrow\"]"}
COMMAND: POST /session/d2ee73163e71edf45acf38a1abb82030/element/f.39032AFF0B9C80A7D793EE88796AE887.d.736E113C2374FEFC2D39129E07299870.e.14804/click - {}
RESULT: {}
COMMAND: GET /session/d2ee73163e71edf45acf38a1abb82030/screenshot - {}
RESULT: {}
COMMAND: POST /session/d2ee73163e71edf45acf38a1abb82030/element - {"using":"xpath","value":"//span[contains(text(), \"0007 - PB(work days)\")]"}
RESULT: {"using":"xpath","value":"//span[contains(text(), \"0007 - PB(work days)\")]"}
COMMAND: POST /session/d2ee73163e71edf45acf38a1abb82030/element/f.39032AFF0B9C80A7D793EE88796AE887.d.736E113C2374FEFC2D39129E07299870.e.14833/click - {}
RESULT: {}
COMMAND: GET /session/d2ee73163e71edf45acf38a1abb82030/screenshot - {}
RESULT: {}
COMMAND: POST /session/d2ee73163e71edf45acf38a1abb82030/execute/async - {"script":"<script> [1562 bytes]","args":[{"selector":{"id":"application-managepricingrules-display-component---newInfoPriceItem--hoursMonth","interaction":{"idSuffix":"inner"}},"wdio_ui5_key":"applicationmanagepricingrules-display-component---newInfoPriceItem--hoursMonth"}]}
RESULT: {"script":"<script> [1562 bytes]","args":[{"selector":{"id":"application-managepricingrules-display-component---newInfoPriceItem--hoursMonth","interaction":{"idSuffix":"inner"}},"wdio_ui5_key":"applicationmanagepricingrules-display-component---newInfoPriceItem--hoursMonth"}]}
RESULT: undefined
COMMAND: POST /session/d2ee73163e71edf45acf38a1abb82030/execute/async - {"script":"<script> [776 bytes]","args":[{"enterText":"160","selector":{"id":"application-managepricingrules-display-component---newInfoPriceItem--hoursMonth","interaction":{"idSuffix":"inner"}},"clearTextFirst":true,"interactionType":"ENTER_TEXT"}]}
RESULT: {"script":"<script> [776 bytes]","args":[{"enterText":"160","selector":{"id":"application-managepricingrules-display-component---newInfoPriceItem--hoursMonth","interaction":{"idSuffix":"inner"}},"clearTextFirst":true,"interactionType":"ENTER_TEXT"}]}
COMMAND: POST /session/d2ee73163e71edf45acf38a1abb82030/element - {"using":"xpath","value":"//button[@data-kt=\"saveNewRuleButton\"]"}
RESULT: {"using":"xpath","value":"//button[@data-kt=\"saveNewRuleButton\"]"}
COMMAND: POST /session/d2ee73163e71edf45acf38a1abb82030/element/f.39032AFF0B9C80A7D793EE88796AE887.d.736E113C2374FEFC2D39129E07299870.e.14824/click - {}
RESULT: {}
COMMAND: GET /session/d2ee73163e71edf45acf38a1abb82030/screenshot - {}
RESULT: {}
COMMAND: POST /session/d2ee73163e71edf45acf38a1abb82030/execute/async - {"script":"<script> [1562 bytes]","args":[{"selector":{"id":"application-managepricingrules-display-component---priceInfoItem--smartFilterBar-btnBasicSearch","interaction":{"idSuffix":"I"}},"wdio_ui5_key":"applicationmanagepricingrules-display-component---priceInfoItem--smartFilterBar-btnBasicSearch"}]}
RESULT: {"script":"<script> [1562 bytes]","args":[{"selector":{"id":"application-managepricingrules-display-component---priceInfoItem--smartFilterBar-btnBasicSearch","interaction":{"idSuffix":"I"}},"wdio_ui5_key":"applicationmanagepricingrules-display-component---priceInfoItem--smartFilterBar-btnBasicSearch"}]}
RESULT: undefined
COMMAND: POST /session/d2ee73163e71edf45acf38a1abb82030/execute/async - {"script":"<script> [776 bytes]","args":[{"enterText":"ROrtEU5knT","selector":{"id":"application-managepricingrules-display-component---priceInfoItem--smartFilterBar-btnBasicSearch","interaction":{"idSuffix":"I"}},"clearTextFirst":true,"interactionType":"ENTER_TEXT"}]}
RESULT: {"script":"<script> [776 bytes]","args":[{"enterText":"ROrtEU5knT","selector":{"id":"application-managepricingrules-display-component---priceInfoItem--smartFilterBar-btnBasicSearch","interaction":{"idSuffix":"I"}},"clearTextFirst":true,"interactionType":"ENTER_TEXT"}]}
COMMAND: POST /session/d2ee73163e71edf45acf38a1abb82030/actions - {"actions":[{"id":"action55","type":"key","parameters":{},"actions":[{"type":"keyDown","value":"î€‡"},{"type":"pause","duration":10},{"type":"keyUp","value":"î€‡"}]}]}
RESULT: {"actions":[{"id":"action55","type":"key","parameters":{},"actions":[{"type":"keyDown","value":"î€‡"},{"type":"pause","duration":10},{"type":"keyUp","value":"î€‡"}]}]}
COMMAND: GET /session/d2ee73163e71edf45acf38a1abb82030/screenshot - {}
RESULT: {}
COMMAND: POST /session/d2ee73163e71edf45acf38a1abb82030/element - {"using":"xpath","value":"//span[@id=\"application-managepricingrules-display-component---priceInfoItem--smartTable-header-inner\"]"}
RESULT: {"using":"xpath","value":"//span[@id=\"application-managepricingrules-display-component---priceInfoItem--smartTable-header-inner\"]"}
COMMAND: POST /session/d2ee73163e71edf45acf38a1abb82030/elements - {"using":"xpath","value":"//span[@id=\"application-managepricingrules-display-component---priceInfoItem--smartTable-header-inner\"]"}
RESULT: {"using":"xpath","value":"//span[@id=\"application-managepricingrules-display-component---priceInfoItem--smartTable-header-inner\"]"}
COMMAND: POST /session/d2ee73163e71edf45acf38a1abb82030/execute/sync - {"script":"<script> [56 bytes]","args":[{"element-6066-11e4-a52e-4f735466cecf":"f.39032AFF0B9C80A7D793EE88796AE887.d.736E113C2374FEFC2D39129E07299870.e.14858","ELEMENT":"f.39032AFF0B9C80A7D793EE88796AE887.d.736E113C2374FEFC2D39129E07299870.e.14858"}]}
RESULT: {"script":"<script> [56 bytes]","args":[{"element-6066-11e4-a52e-4f735466cecf":"f.39032AFF0B9C80A7D793EE88796AE887.d.736E113C2374FEFC2D39129E07299870.e.14858","ELEMENT":"f.39032AFF0B9C80A7D793EE88796AE887.d.736E113C2374FEFC2D39129E07299870.e.14858"}]}
COMMAND: POST /session/d2ee73163e71edf45acf38a1abb82030/element - {"using":"css selector","value":"#shell-header-logo"}
COMMAND: GET /session/d2ee73163e71edf45acf38a1abb82030/screenshot - {}
RESULT: {"using":"css selector","value":"#shell-header-logo"}
COMMAND: POST /session/d2ee73163e71edf45acf38a1abb82030/element/f.39032AFF0B9C80A7D793EE88796AE887.d.736E113C2374FEFC2D39129E07299870.e.14191/click - {}
RESULT: {}
RESULT: {}
COMMAND: GET /session/d2ee73163e71edf45acf38a1abb82030/screenshot - {}
RESULT: {}
]]></system-out>
    </testcase>
    <testcase classname="chrome.136_0_7103_93.windows.Performance_based_billing_(work_days)_US139742" name="Should create a performance based billing condition on the equipment" time="64.193">
      <system-out><![CDATA[
COMMAND: POST /session/d2ee73163e71edf45acf38a1abb82030/execute/async - {"script":"<script> [1562 bytes]","args":[{"selector":{"controlType":"sap.m.GenericTile","properties":{"header":"Manage Conditions & Prices"}},"wdio_ui5_key":"sapm.GenericTile{\"header\":\"Manage Conditions & Prices\"}"}]}
RESULT: {"script":"<script> [1562 bytes]","args":[{"selector":{"controlType":"sap.m.GenericTile","properties":{"header":"Manage Conditions & Prices"}},"wdio_ui5_key":"sapm.GenericTile{\"header\":\"Manage Conditions & Prices\"}"}]}
RESULT: undefined
COMMAND: POST /session/d2ee73163e71edf45acf38a1abb82030/element - {"using":"xpath","value":"//*[@id=\"__tile53\"]"}
RESULT: {"using":"xpath","value":"//*[@id=\"__tile53\"]"}
COMMAND: POST /session/d2ee73163e71edf45acf38a1abb82030/element/f.39032AFF0B9C80A7D793EE88796AE887.d.736E113C2374FEFC2D39129E07299870.e.14139/click - {}
RESULT: {}
COMMAND: GET /session/d2ee73163e71edf45acf38a1abb82030/screenshot - {}
RESULT: {}
COMMAND: POST /session/d2ee73163e71edf45acf38a1abb82030/elements - {"using":"xpath","value":"//span[text()='Error']"}
RESULT: {"using":"xpath","value":"//span[text()='Error']"}
COMMAND: POST /session/d2ee73163e71edf45acf38a1abb82030/element - {"using":"xpath","value":"//button[@aria-label=\"Create\"]"}
RESULT: {"using":"xpath","value":"//button[@aria-label=\"Create\"]"}
COMMAND: POST /session/d2ee73163e71edf45acf38a1abb82030/elements - {"using":"xpath","value":"//button[@aria-label=\"Create\"]"}
RESULT: {"using":"xpath","value":"//button[@aria-label=\"Create\"]"}
COMMAND: POST /session/d2ee73163e71edf45acf38a1abb82030/execute/sync - {"script":"<script> [8489 bytes]","args":[{"element-6066-11e4-a52e-4f735466cecf":"f.39032AFF0B9C80A7D793EE88796AE887.d.736E113C2374FEFC2D39129E07299870.e.14894","ELEMENT":"f.39032AFF0B9C80A7D793EE88796AE887.d.736E113C2374FEFC2D39129E07299870.e.14894"}]}
RESULT: {"script":"<script> [8489 bytes]","args":[{"element-6066-11e4-a52e-4f735466cecf":"f.39032AFF0B9C80A7D793EE88796AE887.d.736E113C2374FEFC2D39129E07299870.e.14894","ELEMENT":"f.39032AFF0B9C80A7D793EE88796AE887.d.736E113C2374FEFC2D39129E07299870.e.14894"}]}
COMMAND: GET /session/d2ee73163e71edf45acf38a1abb82030/element/f.39032AFF0B9C80A7D793EE88796AE887.d.736E113C2374FEFC2D39129E07299870.e.14894/enabled - {}
COMMAND: GET /session/d2ee73163e71edf45acf38a1abb82030/screenshot - {}
RESULT: {}
COMMAND: POST /session/d2ee73163e71edf45acf38a1abb82030/execute/sync - {"script":"<script> [8489 bytes]","args":[{"element-6066-11e4-a52e-4f735466cecf":"f.39032AFF0B9C80A7D793EE88796AE887.d.736E113C2374FEFC2D39129E07299870.e.14894","ELEMENT":"f.39032AFF0B9C80A7D793EE88796AE887.d.736E113C2374FEFC2D39129E07299870.e.14894"}]}
COMMAND: GET /session/d2ee73163e71edf45acf38a1abb82030/screenshot - {}
RESULT: {}
RESULT: {"script":"<script> [8489 bytes]","args":[{"element-6066-11e4-a52e-4f735466cecf":"f.39032AFF0B9C80A7D793EE88796AE887.d.736E113C2374FEFC2D39129E07299870.e.14894","ELEMENT":"f.39032AFF0B9C80A7D793EE88796AE887.d.736E113C2374FEFC2D39129E07299870.e.14894"}]}
COMMAND: POST /session/d2ee73163e71edf45acf38a1abb82030/execute/sync - {"script":"<script> [5351 bytes]","args":[{"element-6066-11e4-a52e-4f735466cecf":"f.39032AFF0B9C80A7D793EE88796AE887.d.736E113C2374FEFC2D39129E07299870.e.14894","ELEMENT":"f.39032AFF0B9C80A7D793EE88796AE887.d.736E113C2374FEFC2D39129E07299870.e.14894"}]}
COMMAND: GET /session/d2ee73163e71edf45acf38a1abb82030/screenshot - {}
RESULT: {}
RESULT: {"script":"<script> [5351 bytes]","args":[{"element-6066-11e4-a52e-4f735466cecf":"f.39032AFF0B9C80A7D793EE88796AE887.d.736E113C2374FEFC2D39129E07299870.e.14894","ELEMENT":"f.39032AFF0B9C80A7D793EE88796AE887.d.736E113C2374FEFC2D39129E07299870.e.14894"}]}
COMMAND: POST /session/d2ee73163e71edf45acf38a1abb82030/element/f.39032AFF0B9C80A7D793EE88796AE887.d.736E113C2374FEFC2D39129E07299870.e.14894/click - {}
COMMAND: GET /session/d2ee73163e71edf45acf38a1abb82030/screenshot - {}
RESULT: {}
RESULT: {}
COMMAND: GET /session/d2ee73163e71edf45acf38a1abb82030/screenshot - {}
RESULT: {}
RESULT: {}
COMMAND: POST /session/d2ee73163e71edf45acf38a1abb82030/actions - {"actions":[{"id":"action56","type":"key","parameters":{},"actions":[{"type":"keyDown","value":"î€‡"},{"type":"pause","duration":10},{"type":"keyUp","value":"î€‡"}]}]}
RESULT: {"actions":[{"id":"action56","type":"key","parameters":{},"actions":[{"type":"keyDown","value":"î€‡"},{"type":"pause","duration":10},{"type":"keyUp","value":"î€‡"}]}]}
COMMAND: GET /session/d2ee73163e71edf45acf38a1abb82030/screenshot - {}
RESULT: {}
COMMAND: POST /session/d2ee73163e71edf45acf38a1abb82030/execute/async - {"script":"<script> [1562 bytes]","args":[{"selector":{"id":"application-manageconditionprice-display-component---newCondition--condBillCond-arrow"},"wdio_ui5_key":"applicationmanageconditionprice-display-component---newCondition--condBillCond-arrow"}]}
RESULT: {"script":"<script> [1562 bytes]","args":[{"selector":{"id":"application-manageconditionprice-display-component---newCondition--condBillCond-arrow"},"wdio_ui5_key":"applicationmanageconditionprice-display-component---newCondition--condBillCond-arrow"}]}
RESULT: undefined
COMMAND: POST /session/d2ee73163e71edf45acf38a1abb82030/element - {"using":"xpath","value":"//*[@id=\"application-manageconditionprice-display-component---newCondition--condBillCond-arrow\"]"}
RESULT: {"using":"xpath","value":"//*[@id=\"application-manageconditionprice-display-component---newCondition--condBillCond-arrow\"]"}
COMMAND: POST /session/d2ee73163e71edf45acf38a1abb82030/element/f.39032AFF0B9C80A7D793EE88796AE887.d.736E113C2374FEFC2D39129E07299870.e.15074/click - {}
RESULT: {}
COMMAND: GET /session/d2ee73163e71edf45acf38a1abb82030/screenshot - {}
RESULT: {}
COMMAND: POST /session/d2ee73163e71edf45acf38a1abb82030/element - {"using":"xpath","value":"//li[.//span[contains(text(), \"PC06 - Performance Price - fuel\")]]"}
RESULT: {"using":"xpath","value":"//li[.//span[contains(text(), \"PC06 - Performance Price - fuel\")]]"}
COMMAND: POST /session/d2ee73163e71edf45acf38a1abb82030/element/f.39032AFF0B9C80A7D793EE88796AE887.d.736E113C2374FEFC2D39129E07299870.e.15077/click - {}
RESULT: {}
COMMAND: GET /session/d2ee73163e71edf45acf38a1abb82030/screenshot - {}
RESULT: {}
COMMAND: POST /session/d2ee73163e71edf45acf38a1abb82030/execute/async - {"script":"<script> [1562 bytes]","args":[{"selector":{"id":"application-manageconditionprice-display-component---newCondition--condValidTo","interaction":{"idSuffix":"inner"}},"wdio_ui5_key":"applicationmanageconditionprice-display-component---newCondition--condValidTo"}]}
RESULT: {"script":"<script> [1562 bytes]","args":[{"selector":{"id":"application-manageconditionprice-display-component---newCondition--condValidTo","interaction":{"idSuffix":"inner"}},"wdio_ui5_key":"applicationmanageconditionprice-display-component---newCondition--condValidTo"}]}
RESULT: undefined
COMMAND: POST /session/d2ee73163e71edf45acf38a1abb82030/execute/async - {"script":"<script> [776 bytes]","args":[{"enterText":"1/16/26","selector":{"id":"application-manageconditionprice-display-component---newCondition--condValidTo","interaction":{"idSuffix":"inner"}},"clearTextFirst":true,"interactionType":"ENTER_TEXT"}]}
RESULT: {"script":"<script> [776 bytes]","args":[{"enterText":"1/16/26","selector":{"id":"application-manageconditionprice-display-component---newCondition--condValidTo","interaction":{"idSuffix":"inner"}},"clearTextFirst":true,"interactionType":"ENTER_TEXT"}]}
COMMAND: POST /session/d2ee73163e71edf45acf38a1abb82030/element - {"using":"xpath","value":"//input[@id=\"application-manageconditionprice-display-component---newCondition--condRU-inner\"]"}
RESULT: {"using":"xpath","value":"//input[@id=\"application-manageconditionprice-display-component---newCondition--condRU-inner\"]"}
COMMAND: POST /session/d2ee73163e71edf45acf38a1abb82030/element/f.39032AFF0B9C80A7D793EE88796AE887.d.736E113C2374FEFC2D39129E07299870.e.14940/clear - {}
RESULT: {}
COMMAND: POST /session/d2ee73163e71edf45acf38a1abb82030/element/f.39032AFF0B9C80A7D793EE88796AE887.d.736E113C2374FEFC2D39129E07299870.e.14940/value - {"text":"ROrtEU5knT"}
COMMAND: GET /session/d2ee73163e71edf45acf38a1abb82030/screenshot - {}
RESULT: {"text":"ROrtEU5knT"}
COMMAND: GET /session/d2ee73163e71edf45acf38a1abb82030/screenshot - {}
RESULT: {}
RESULT: {}
COMMAND: POST /session/d2ee73163e71edf45acf38a1abb82030/actions - {"actions":[{"id":"action57","type":"key","parameters":{},"actions":[{"type":"keyDown","value":"î€‡"},{"type":"pause","duration":10},{"type":"keyUp","value":"î€‡"}]}]}
RESULT: {"actions":[{"id":"action57","type":"key","parameters":{},"actions":[{"type":"keyDown","value":"î€‡"},{"type":"pause","duration":10},{"type":"keyUp","value":"î€‡"}]}]}
COMMAND: POST /session/d2ee73163e71edf45acf38a1abb82030/execute/async - {"script":"<script> [1562 bytes]","args":[{"selector":{"id":"application-manageconditionprice-display-component---newCondition--condBaseQty","interaction":{"idSuffix":"inner"}},"wdio_ui5_key":"applicationmanageconditionprice-display-component---newCondition--condBaseQty"}]}
COMMAND: GET /session/d2ee73163e71edf45acf38a1abb82030/screenshot - {}
RESULT: {"script":"<script> [1562 bytes]","args":[{"selector":{"id":"application-manageconditionprice-display-component---newCondition--condBaseQty","interaction":{"idSuffix":"inner"}},"wdio_ui5_key":"applicationmanageconditionprice-display-component---newCondition--condBaseQty"}]}
RESULT: undefined
COMMAND: POST /session/d2ee73163e71edf45acf38a1abb82030/execute/async - {"script":"<script> [776 bytes]","args":[{"enterText":"1","selector":{"id":"application-manageconditionprice-display-component---newCondition--condBaseQty","interaction":{"idSuffix":"inner"}},"clearTextFirst":true,"interactionType":"ENTER_TEXT"}]}
RESULT: {}
RESULT: {"script":"<script> [776 bytes]","args":[{"enterText":"1","selector":{"id":"application-manageconditionprice-display-component---newCondition--condBaseQty","interaction":{"idSuffix":"inner"}},"clearTextFirst":true,"interactionType":"ENTER_TEXT"}]}
COMMAND: POST /session/d2ee73163e71edf45acf38a1abb82030/execute/async - {"script":"<script> [1562 bytes]","args":[{"selector":{"id":"application-manageconditionprice-display-component---newCondition--condValue","interaction":{"idSuffix":"inner"}},"wdio_ui5_key":"applicationmanageconditionprice-display-component---newCondition--condValue"}]}
RESULT: {"script":"<script> [1562 bytes]","args":[{"selector":{"id":"application-manageconditionprice-display-component---newCondition--condValue","interaction":{"idSuffix":"inner"}},"wdio_ui5_key":"applicationmanageconditionprice-display-component---newCondition--condValue"}]}
RESULT: undefined
COMMAND: POST /session/d2ee73163e71edf45acf38a1abb82030/execute/async - {"script":"<script> [776 bytes]","args":[{"enterText":"10","selector":{"id":"application-manageconditionprice-display-component---newCondition--condValue","interaction":{"idSuffix":"inner"}},"clearTextFirst":true,"interactionType":"ENTER_TEXT"}]}
RESULT: {"script":"<script> [776 bytes]","args":[{"enterText":"10","selector":{"id":"application-manageconditionprice-display-component---newCondition--condValue","interaction":{"idSuffix":"inner"}},"clearTextFirst":true,"interactionType":"ENTER_TEXT"}]}
COMMAND: POST /session/d2ee73163e71edf45acf38a1abb82030/execute/async - {"script":"<script> [1562 bytes]","args":[{"selector":{"id":"application-manageconditionprice-display-component---newCondition--condCurr-arrow"},"wdio_ui5_key":"applicationmanageconditionprice-display-component---newCondition--condCurr-arrow"}]}
RESULT: {"script":"<script> [1562 bytes]","args":[{"selector":{"id":"application-manageconditionprice-display-component---newCondition--condCurr-arrow"},"wdio_ui5_key":"applicationmanageconditionprice-display-component---newCondition--condCurr-arrow"}]}
RESULT: undefined
COMMAND: POST /session/d2ee73163e71edf45acf38a1abb82030/element - {"using":"xpath","value":"//*[@id=\"application-manageconditionprice-display-component---newCondition--condCurr-arrow\"]"}
RESULT: {"using":"xpath","value":"//*[@id=\"application-manageconditionprice-display-component---newCondition--condCurr-arrow\"]"}
COMMAND: POST /session/d2ee73163e71edf45acf38a1abb82030/element/f.39032AFF0B9C80A7D793EE88796AE887.d.736E113C2374FEFC2D39129E07299870.e.15053/click - {}
RESULT: {}
COMMAND: POST /session/d2ee73163e71edf45acf38a1abb82030/element - {"using":"xpath","value":"//span[contains(text(), \"Euro\")]"}
COMMAND: GET /session/d2ee73163e71edf45acf38a1abb82030/screenshot - {}
RESULT: {"using":"xpath","value":"//span[contains(text(), \"Euro\")]"}
COMMAND: POST /session/d2ee73163e71edf45acf38a1abb82030/element/f.39032AFF0B9C80A7D793EE88796AE887.d.736E113C2374FEFC2D39129E07299870.e.15112/click - {}
RESULT: {}
RESULT: {}
COMMAND: POST /session/d2ee73163e71edf45acf38a1abb82030/element - {"using":"xpath","value":"//button[@data-kt=\"saveButton\"]"}
COMMAND: GET /session/d2ee73163e71edf45acf38a1abb82030/screenshot - {}
RESULT: {"using":"xpath","value":"//button[@data-kt=\"saveButton\"]"}
COMMAND: POST /session/d2ee73163e71edf45acf38a1abb82030/element/f.39032AFF0B9C80A7D793EE88796AE887.d.736E113C2374FEFC2D39129E07299870.e.15054/click - {}
RESULT: {}
RESULT: {}
COMMAND: GET /session/d2ee73163e71edf45acf38a1abb82030/screenshot - {}
RESULT: {}
COMMAND: POST /session/d2ee73163e71edf45acf38a1abb82030/execute/async - {"script":"<script> [1562 bytes]","args":[{"selector":{"id":"application-manageconditionprice-display-component---conditions--smartFilterBar-btnBasicSearch","interaction":{"idSuffix":"I"}},"wdio_ui5_key":"applicationmanageconditionprice-display-component---conditions--smartFilterBar-btnBasicSearch"}]}
RESULT: {"script":"<script> [1562 bytes]","args":[{"selector":{"id":"application-manageconditionprice-display-component---conditions--smartFilterBar-btnBasicSearch","interaction":{"idSuffix":"I"}},"wdio_ui5_key":"applicationmanageconditionprice-display-component---conditions--smartFilterBar-btnBasicSearch"}]}
RESULT: undefined
COMMAND: POST /session/d2ee73163e71edf45acf38a1abb82030/execute/async - {"script":"<script> [776 bytes]","args":[{"enterText":"ROrtEU5knT","selector":{"id":"application-manageconditionprice-display-component---conditions--smartFilterBar-btnBasicSearch","interaction":{"idSuffix":"I"}},"clearTextFirst":true,"interactionType":"ENTER_TEXT"}]}
RESULT: {"script":"<script> [776 bytes]","args":[{"enterText":"ROrtEU5knT","selector":{"id":"application-manageconditionprice-display-component---conditions--smartFilterBar-btnBasicSearch","interaction":{"idSuffix":"I"}},"clearTextFirst":true,"interactionType":"ENTER_TEXT"}]}
COMMAND: POST /session/d2ee73163e71edf45acf38a1abb82030/actions - {"actions":[{"id":"action58","type":"key","parameters":{},"actions":[{"type":"keyDown","value":"î€‡"},{"type":"pause","duration":10},{"type":"keyUp","value":"î€‡"}]}]}
RESULT: {"actions":[{"id":"action58","type":"key","parameters":{},"actions":[{"type":"keyDown","value":"î€‡"},{"type":"pause","duration":10},{"type":"keyUp","value":"î€‡"}]}]}
COMMAND: GET /session/d2ee73163e71edf45acf38a1abb82030/screenshot - {}
RESULT: {}
COMMAND: POST /session/d2ee73163e71edf45acf38a1abb82030/execute/async - {"script":"<script> [1562 bytes]","args":[{"selector":{"id":"application-manageconditionprice-display-component---conditions--smartFilterBar-filterItemControl_BASIC-BILL_TYPES-vhi"},"wdio_ui5_key":"applicationmanageconditionprice-display-component---conditions--smartFilterBar-filterItemControl_BASIC-BILL_TYPES-vhi"}]}
RESULT: {"script":"<script> [1562 bytes]","args":[{"selector":{"id":"application-manageconditionprice-display-component---conditions--smartFilterBar-filterItemControl_BASIC-BILL_TYPES-vhi"},"wdio_ui5_key":"applicationmanageconditionprice-display-component---conditions--smartFilterBar-filterItemControl_BASIC-BILL_TYPES-vhi"}]}
RESULT: undefined
COMMAND: POST /session/d2ee73163e71edf45acf38a1abb82030/element - {"using":"xpath","value":"//*[@id=\"application-manageconditionprice-display-component---conditions--smartFilterBar-filterItemControl_BASIC-BILL_TYPES-vhi\"]"}
RESULT: {"using":"xpath","value":"//*[@id=\"application-manageconditionprice-display-component---conditions--smartFilterBar-filterItemControl_BASIC-BILL_TYPES-vhi\"]"}
COMMAND: POST /session/d2ee73163e71edf45acf38a1abb82030/element/f.39032AFF0B9C80A7D793EE88796AE887.d.736E113C2374FEFC2D39129E07299870.e.15128/click - {}
RESULT: {}
COMMAND: POST /session/d2ee73163e71edf45acf38a1abb82030/execute/async - {"script":"<script> [1562 bytes]","args":[{"selector":{"id":"application-manageconditionprice-display-component---conditions--smartFilterBar-filterItemControl_BASIC-BILL_TYPES-valueHelpDialog-smartFilterBar-btnBasicSearch","searchOpenDialogs":true,"interaction":{"idSuffix":"I"}},"wdio_ui5_key":"applicationmanageconditionprice-display-component---conditions--smartFilterBar-filterItemControl_BASIC-BILL_TYPES-valueHelpDialog-smartFilterBar-btnBasicSearch"}]}
COMMAND: GET /session/d2ee73163e71edf45acf38a1abb82030/screenshot - {}
RESULT: {"script":"<script> [1562 bytes]","args":[{"selector":{"id":"application-manageconditionprice-display-component---conditions--smartFilterBar-filterItemControl_BASIC-BILL_TYPES-valueHelpDialog-smartFilterBar-btnBasicSearch","searchOpenDialogs":true,"interaction":{"idSuffix":"I"}},"wdio_ui5_key":"applicationmanageconditionprice-display-component---conditions--smartFilterBar-filterItemControl_BASIC-BILL_TYPES-valueHelpDialog-smartFilterBar-btnBasicSearch"}]}
RESULT: undefined
COMMAND: POST /session/d2ee73163e71edf45acf38a1abb82030/execute/async - {"script":"<script> [776 bytes]","args":[{"enterText":"PB","selector":{"id":"application-manageconditionprice-display-component---conditions--smartFilterBar-filterItemControl_BASIC-BILL_TYPES-valueHelpDialog-smartFilterBar-btnBasicSearch","searchOpenDialogs":true,"interaction":{"idSuffix":"I"}},"clearTextFirst":true,"interactionType":"ENTER_TEXT"}]}
RESULT: {}
RESULT: {"script":"<script> [776 bytes]","args":[{"enterText":"PB","selector":{"id":"application-manageconditionprice-display-component---conditions--smartFilterBar-filterItemControl_BASIC-BILL_TYPES-valueHelpDialog-smartFilterBar-btnBasicSearch","searchOpenDialogs":true,"interaction":{"idSuffix":"I"}},"clearTextFirst":true,"interactionType":"ENTER_TEXT"}]}
COMMAND: POST /session/d2ee73163e71edf45acf38a1abb82030/actions - {"actions":[{"id":"action59","type":"key","parameters":{},"actions":[{"type":"keyDown","value":"î€‡"},{"type":"pause","duration":10},{"type":"keyUp","value":"î€‡"}]}]}
RESULT: {"actions":[{"id":"action59","type":"key","parameters":{},"actions":[{"type":"keyDown","value":"î€‡"},{"type":"pause","duration":10},{"type":"keyUp","value":"î€‡"}]}]}
COMMAND: GET /session/d2ee73163e71edf45acf38a1abb82030/screenshot - {}
RESULT: {}
COMMAND: POST /session/d2ee73163e71edf45acf38a1abb82030/element - {"using":"xpath","value":"//div[contains(@id, 'application-manageconditionprice-display-component---conditions--smartFilterBar-filterItemControl_BASIC-BILL_TYPES-valueHelpDialog-table-rowsel0')]"}
RESULT: {"using":"xpath","value":"//div[contains(@id, 'application-manageconditionprice-display-component---conditions--smartFilterBar-filterItemControl_BASIC-BILL_TYPES-valueHelpDialog-table-rowsel0')]"}
COMMAND: POST /session/d2ee73163e71edf45acf38a1abb82030/element/f.39032AFF0B9C80A7D793EE88796AE887.d.736E113C2374FEFC2D39129E07299870.e.15137/click - {}
RESULT: {}
COMMAND: GET /session/d2ee73163e71edf45acf38a1abb82030/screenshot - {}
RESULT: {}
COMMAND: POST /session/d2ee73163e71edf45acf38a1abb82030/element - {"using":"xpath","value":"//bdi[contains(text(), \"OK\")]"}
RESULT: {"using":"xpath","value":"//bdi[contains(text(), \"OK\")]"}
COMMAND: POST /session/d2ee73163e71edf45acf38a1abb82030/element/f.39032AFF0B9C80A7D793EE88796AE887.d.736E113C2374FEFC2D39129E07299870.e.15139/click - {}
RESULT: {}
COMMAND: GET /session/d2ee73163e71edf45acf38a1abb82030/screenshot - {}
RESULT: {}
COMMAND: POST /session/d2ee73163e71edf45acf38a1abb82030/element - {"using":"xpath","value":"//span[@id=\"application-manageconditionprice-display-component---conditions--smartTable-header-inner\"]"}
RESULT: {"using":"xpath","value":"//span[@id=\"application-manageconditionprice-display-component---conditions--smartTable-header-inner\"]"}
COMMAND: POST /session/d2ee73163e71edf45acf38a1abb82030/elements - {"using":"xpath","value":"//span[@id=\"application-manageconditionprice-display-component---conditions--smartTable-header-inner\"]"}
RESULT: {"using":"xpath","value":"//span[@id=\"application-manageconditionprice-display-component---conditions--smartTable-header-inner\"]"}
COMMAND: POST /session/d2ee73163e71edf45acf38a1abb82030/execute/sync - {"script":"<script> [56 bytes]","args":[{"element-6066-11e4-a52e-4f735466cecf":"f.39032AFF0B9C80A7D793EE88796AE887.d.736E113C2374FEFC2D39129E07299870.e.15142","ELEMENT":"f.39032AFF0B9C80A7D793EE88796AE887.d.736E113C2374FEFC2D39129E07299870.e.15142"}]}
RESULT: {"script":"<script> [56 bytes]","args":[{"element-6066-11e4-a52e-4f735466cecf":"f.39032AFF0B9C80A7D793EE88796AE887.d.736E113C2374FEFC2D39129E07299870.e.15142","ELEMENT":"f.39032AFF0B9C80A7D793EE88796AE887.d.736E113C2374FEFC2D39129E07299870.e.15142"}]}
COMMAND: POST /session/d2ee73163e71edf45acf38a1abb82030/element - {"using":"css selector","value":"#shell-header-logo"}
COMMAND: GET /session/d2ee73163e71edf45acf38a1abb82030/screenshot - {}
RESULT: {"using":"css selector","value":"#shell-header-logo"}
COMMAND: POST /session/d2ee73163e71edf45acf38a1abb82030/element/f.39032AFF0B9C80A7D793EE88796AE887.d.736E113C2374FEFC2D39129E07299870.e.14861/click - {}
RESULT: {}
RESULT: {}
COMMAND: GET /session/d2ee73163e71edf45acf38a1abb82030/screenshot - {}
RESULT: {}
]]></system-out>
    </testcase>
    <testcase classname="chrome.136_0_7103_93.windows.Performance_based_billing_(work_days)_US139742" name="Should add a counter to the equipment" time="48.419">
      <system-out><![CDATA[
RESULT: undefined
COMMAND: POST /session/d2ee73163e71edf45acf38a1abb82030/element - {"using":"xpath","value":"//*[@id=\"__tile39\"]"}
RESULT: {"using":"xpath","value":"//*[@id=\"__tile39\"]"}
COMMAND: POST /session/d2ee73163e71edf45acf38a1abb82030/element/f.39032AFF0B9C80A7D793EE88796AE887.d.736E113C2374FEFC2D39129E07299870.e.14092/click - {}
RESULT: {}
COMMAND: GET /session/d2ee73163e71edf45acf38a1abb82030/screenshot - {}
RESULT: {}
COMMAND: POST /session/d2ee73163e71edf45acf38a1abb82030/elements - {"using":"xpath","value":"//span[text()='Error']"}
RESULT: {"using":"xpath","value":"//span[text()='Error']"}
COMMAND: POST /session/d2ee73163e71edf45acf38a1abb82030/execute/async - {"script":"<script> [1562 bytes]","args":[{"selector":{"id":"application-manageresources-display-component---masterRU--smartFilterBar-btnBasicSearch","interaction":{"idSuffix":"I"}},"wdio_ui5_key":"applicationmanageresources-display-component---masterRU--smartFilterBar-btnBasicSearch"}]}
RESULT: {"script":"<script> [1562 bytes]","args":[{"selector":{"id":"application-manageresources-display-component---masterRU--smartFilterBar-btnBasicSearch","interaction":{"idSuffix":"I"}},"wdio_ui5_key":"applicationmanageresources-display-component---masterRU--smartFilterBar-btnBasicSearch"}]}
RESULT: undefined
COMMAND: POST /session/d2ee73163e71edf45acf38a1abb82030/execute/async - {"script":"<script> [776 bytes]","args":[{"enterText":"ROrtEU5knT","selector":{"id":"application-manageresources-display-component---masterRU--smartFilterBar-btnBasicSearch","interaction":{"idSuffix":"I"}},"clearTextFirst":true,"interactionType":"ENTER_TEXT"}]}
RESULT: {"script":"<script> [776 bytes]","args":[{"enterText":"ROrtEU5knT","selector":{"id":"application-manageresources-display-component---masterRU--smartFilterBar-btnBasicSearch","interaction":{"idSuffix":"I"}},"clearTextFirst":true,"interactionType":"ENTER_TEXT"}]}
COMMAND: POST /session/d2ee73163e71edf45acf38a1abb82030/actions - {"actions":[{"id":"action60","type":"key","parameters":{},"actions":[{"type":"keyDown","value":"î€‡"},{"type":"pause","duration":10},{"type":"keyUp","value":"î€‡"}]}]}
RESULT: {"actions":[{"id":"action60","type":"key","parameters":{},"actions":[{"type":"keyDown","value":"î€‡"},{"type":"pause","duration":10},{"type":"keyUp","value":"î€‡"}]}]}
COMMAND: GET /session/d2ee73163e71edf45acf38a1abb82030/screenshot - {}
RESULT: {}
COMMAND: POST /session/d2ee73163e71edf45acf38a1abb82030/execute/async - {"script":"<script> [1562 bytes]","args":[{"selector":{"id":"application-manageresources-display-component---masterRU--smartTable-header"},"wdio_ui5_key":"applicationmanageresources-display-component---masterRU--smartTable-header"}]}
RESULT: {"script":"<script> [1562 bytes]","args":[{"selector":{"id":"application-manageresources-display-component---masterRU--smartTable-header"},"wdio_ui5_key":"applicationmanageresources-display-component---masterRU--smartTable-header"}]}
RESULT: undefined
COMMAND: POST /session/d2ee73163e71edf45acf38a1abb82030/execute/async - {"script":"<script> [6424 bytes]","args":[{"element-6066-11e4-a52e-4f735466cecf":"f.39032AFF0B9C80A7D793EE88796AE887.d.736E113C2374FEFC2D39129E07299870.e.15330"},"getText",[]]}
RESULT: {"script":"<script> [6424 bytes]","args":[{"element-6066-11e4-a52e-4f735466cecf":"f.39032AFF0B9C80A7D793EE88796AE887.d.736E113C2374FEFC2D39129E07299870.e.15330"},"getText",[]]}
COMMAND: POST /session/d2ee73163e71edf45acf38a1abb82030/execute/async - {"script":"<script> [1562 bytes]","args":[{"selector":{"controlType":"sap.ui.core.Icon","viewName":"etm.portal.ui.manageresources.view.Master","viewId":"application-manageresources-display-component---masterRU","properties":{"src":{"regex":{"source":"slim\\-arrow\\-right"}}}},"wdio_ui5_key":"etmportal.ui.manageresources.view.Mastersap.ui.core.Icon{\"src\":{\"regex\":{\"source\":\"slim\\\\-arrow\\\\-right\"}}}"}]}
RESULT: {"script":"<script> [1562 bytes]","args":[{"selector":{"controlType":"sap.ui.core.Icon","viewName":"etm.portal.ui.manageresources.view.Master","viewId":"application-manageresources-display-component---masterRU","properties":{"src":{"regex":{"source":"slim\\-arrow\\-right"}}}},"wdio_ui5_key":"etmportal.ui.manageresources.view.Mastersap.ui.core.Icon{\"src\":{\"regex\":{\"source\":\"slim\\\\-arrow\\\\-right\"}}}"}]}
RESULT: undefined
COMMAND: POST /session/d2ee73163e71edf45acf38a1abb82030/element - {"using":"xpath","value":"//*[@id=\"__item966-__clone2444-imgNav\"]"}
RESULT: {"using":"xpath","value":"//*[@id=\"__item966-__clone2444-imgNav\"]"}
COMMAND: POST /session/d2ee73163e71edf45acf38a1abb82030/element/f.39032AFF0B9C80A7D793EE88796AE887.d.736E113C2374FEFC2D39129E07299870.e.15329/click - {}
RESULT: {}
COMMAND: GET /session/d2ee73163e71edf45acf38a1abb82030/screenshot - {}
COMMAND: POST /session/d2ee73163e71edf45acf38a1abb82030/element - {"using":"xpath","value":"//bdi[contains(text(), \"Edit\")]"}
RESULT: {}
RESULT: {"using":"xpath","value":"//bdi[contains(text(), \"Edit\")]"}
COMMAND: POST /session/d2ee73163e71edf45acf38a1abb82030/execute/sync - {"script":"<script> [8489 bytes]","args":[{"element-6066-11e4-a52e-4f735466cecf":"f.39032AFF0B9C80A7D793EE88796AE887.d.736E113C2374FEFC2D39129E07299870.e.15426","ELEMENT":"f.39032AFF0B9C80A7D793EE88796AE887.d.736E113C2374FEFC2D39129E07299870.e.15426"}]}
RESULT: {"script":"<script> [8489 bytes]","args":[{"element-6066-11e4-a52e-4f735466cecf":"f.39032AFF0B9C80A7D793EE88796AE887.d.736E113C2374FEFC2D39129E07299870.e.15426","ELEMENT":"f.39032AFF0B9C80A7D793EE88796AE887.d.736E113C2374FEFC2D39129E07299870.e.15426"}]}
COMMAND: POST /session/d2ee73163e71edf45acf38a1abb82030/element/f.39032AFF0B9C80A7D793EE88796AE887.d.736E113C2374FEFC2D39129E07299870.e.15426/click - {}
COMMAND: GET /session/d2ee73163e71edf45acf38a1abb82030/screenshot - {}
RESULT: {}
COMMAND: GET /session/d2ee73163e71edf45acf38a1abb82030/screenshot - {}
RESULT: {}
RESULT: {}
COMMAND: POST /session/d2ee73163e71edf45acf38a1abb82030/execute/async - {"script":"<script> [1562 bytes]","args":[{"selector":{"id":"application-manageresources-display-component---editResource--editRruPage-anchBar-application-manageresources-display-component---editResource--counters-anchor","interaction":{"idSuffix":"BDI-content"}},"wdio_ui5_key":"applicationmanageresources-display-component---editResource--editRruPage-anchBar-application-manageresources-display-component---editResource--counters-anchor"}]}
RESULT: {"script":"<script> [1562 bytes]","args":[{"selector":{"id":"application-manageresources-display-component---editResource--editRruPage-anchBar-application-manageresources-display-component---editResource--counters-anchor","interaction":{"idSuffix":"BDI-content"}},"wdio_ui5_key":"applicationmanageresources-display-component---editResource--editRruPage-anchBar-application-manageresources-display-component---editResource--counters-anchor"}]}
RESULT: undefined
COMMAND: POST /session/d2ee73163e71edf45acf38a1abb82030/element - {"using":"xpath","value":"//*[@id=\"application-manageresources-display-component---editResource--editRruPage-anchBar-application-manageresources-display-component---editResource--counters-anchor\"]"}
RESULT: {"using":"xpath","value":"//*[@id=\"application-manageresources-display-component---editResource--editRruPage-anchBar-application-manageresources-display-component---editResource--counters-anchor\"]"}
COMMAND: POST /session/d2ee73163e71edf45acf38a1abb82030/element/f.39032AFF0B9C80A7D793EE88796AE887.d.736E113C2374FEFC2D39129E07299870.e.15583/click - {}
RESULT: {}
COMMAND: GET /session/d2ee73163e71edf45acf38a1abb82030/screenshot - {}
RESULT: {}
COMMAND: POST /session/d2ee73163e71edf45acf38a1abb82030/execute/async - {"script":"<script> [1562 bytes]","args":[{"selector":{"id":"application-manageresources-display-component---editResource--btnAddCounter-img"},"wdio_ui5_key":"applicationmanageresources-display-component---editResource--btnAddCounter-img"}]}
RESULT: {"script":"<script> [1562 bytes]","args":[{"selector":{"id":"application-manageresources-display-component---editResource--btnAddCounter-img"},"wdio_ui5_key":"applicationmanageresources-display-component---editResource--btnAddCounter-img"}]}
RESULT: undefined
COMMAND: POST /session/d2ee73163e71edf45acf38a1abb82030/element - {"using":"xpath","value":"//*[@id=\"application-manageresources-display-component---editResource--btnAddCounter-img\"]"}
RESULT: {"using":"xpath","value":"//*[@id=\"application-manageresources-display-component---editResource--btnAddCounter-img\"]"}
COMMAND: POST /session/d2ee73163e71edf45acf38a1abb82030/element/f.39032AFF0B9C80A7D793EE88796AE887.d.736E113C2374FEFC2D39129E07299870.e.15588/click - {}
RESULT: {}
COMMAND: POST /session/d2ee73163e71edf45acf38a1abb82030/execute/async - {"script":"<script> [1562 bytes]","args":[{"selector":{"id":"application-manageresources-display-component---editResource--COUNTER_ID-application-manageresources-display-component---editResource--RUCounters-0-arrow"},"wdio_ui5_key":"applicationmanageresources-display-component---editResource--COUNTER_ID-application-manageresources-display-component---editResource--RUCounters-0-arrow"}]}
COMMAND: GET /session/d2ee73163e71edf45acf38a1abb82030/screenshot - {}
RESULT: {"script":"<script> [1562 bytes]","args":[{"selector":{"id":"application-manageresources-display-component---editResource--COUNTER_ID-application-manageresources-display-component---editResource--RUCounters-0-arrow"},"wdio_ui5_key":"applicationmanageresources-display-component---editResource--COUNTER_ID-application-manageresources-display-component---editResource--RUCounters-0-arrow"}]}
RESULT: undefined
COMMAND: POST /session/d2ee73163e71edf45acf38a1abb82030/element - {"using":"xpath","value":"//*[@id=\"application-manageresources-display-component---editResource--COUNTER_ID-application-manageresources-display-component---editResource--RUCounters-0-arrow\"]"}
RESULT: {}
RESULT: {"using":"xpath","value":"//*[@id=\"application-manageresources-display-component---editResource--COUNTER_ID-application-manageresources-display-component---editResource--RUCounters-0-arrow\"]"}
COMMAND: POST /session/d2ee73163e71edf45acf38a1abb82030/element/f.39032AFF0B9C80A7D793EE88796AE887.d.736E113C2374FEFC2D39129E07299870.e.15600/click - {}
RESULT: {}
COMMAND: POST /session/d2ee73163e71edf45acf38a1abb82030/execute/async - {"script":"<script> [1562 bytes]","args":[{"selector":{"controlType":"sap.m.StandardListItem","viewName":"etm.portal.ui.manageresources.view.EditResource","viewId":"application-manageresources-display-component---editResource","properties":{"title":"fuel"},"searchOpenDialogs":true,"interaction":{"idSuffix":"content"}},"wdio_ui5_key":"etmportal.ui.manageresources.view.EditResourcesap.m.StandardListItem{\"title\":\"fuel\"}"}]}
COMMAND: GET /session/d2ee73163e71edf45acf38a1abb82030/screenshot - {}
RESULT: {"script":"<script> [1562 bytes]","args":[{"selector":{"controlType":"sap.m.StandardListItem","viewName":"etm.portal.ui.manageresources.view.EditResource","viewId":"application-manageresources-display-component---editResource","properties":{"title":"fuel"},"searchOpenDialogs":true,"interaction":{"idSuffix":"content"}},"wdio_ui5_key":"etmportal.ui.manageresources.view.EditResourcesap.m.StandardListItem{\"title\":\"fuel\"}"}]}
RESULT: undefined
COMMAND: POST /session/d2ee73163e71edf45acf38a1abb82030/element - {"using":"xpath","value":"//*[@id=\"__item1246\"]"}
RESULT: {}
RESULT: {"using":"xpath","value":"//*[@id=\"__item1246\"]"}
COMMAND: POST /session/d2ee73163e71edf45acf38a1abb82030/element/f.39032AFF0B9C80A7D793EE88796AE887.d.736E113C2374FEFC2D39129E07299870.e.15602/click - {}
RESULT: {}
COMMAND: POST /session/d2ee73163e71edf45acf38a1abb82030/execute/async - {"script":"<script> [1562 bytes]","args":[{"selector":{"controlType":"sap.m.Button","viewName":"etm.portal.ui.manageresources.view.EditResource","viewId":"application-manageresources-display-component---editResource","i18NText":{"propertyName":"text","key":"save"},"interaction":{"idSuffix":"BDI-content"}},"wdio_ui5_key":"etmportal.ui.manageresources.view.EditResourcesap.m.Button{\"propertyName\":\"text\",\"key\":\"save\"}"}]}
COMMAND: GET /session/d2ee73163e71edf45acf38a1abb82030/screenshot - {}
RESULT: {"script":"<script> [1562 bytes]","args":[{"selector":{"controlType":"sap.m.Button","viewName":"etm.portal.ui.manageresources.view.EditResource","viewId":"application-manageresources-display-component---editResource","i18NText":{"propertyName":"text","key":"save"},"interaction":{"idSuffix":"BDI-content"}},"wdio_ui5_key":"etmportal.ui.manageresources.view.EditResourcesap.m.Button{\"propertyName\":\"text\",\"key\":\"save\"}"}]}
RESULT: undefined
COMMAND: POST /session/d2ee73163e71edf45acf38a1abb82030/element - {"using":"xpath","value":"//*[@id=\"__button175\"]"}
RESULT: {}
RESULT: {"using":"xpath","value":"//*[@id=\"__button175\"]"}
COMMAND: POST /session/d2ee73163e71edf45acf38a1abb82030/element/f.39032AFF0B9C80A7D793EE88796AE887.d.736E113C2374FEFC2D39129E07299870.e.15604/click - {}
RESULT: {}
COMMAND: GET /session/d2ee73163e71edf45acf38a1abb82030/screenshot - {}
RESULT: {}
COMMAND: POST /session/d2ee73163e71edf45acf38a1abb82030/element - {"using":"css selector","value":"#shell-header-logo"}
RESULT: {"using":"css selector","value":"#shell-header-logo"}
COMMAND: POST /session/d2ee73163e71edf45acf38a1abb82030/element/f.39032AFF0B9C80A7D793EE88796AE887.d.736E113C2374FEFC2D39129E07299870.e.15147/click - {}
RESULT: {}
COMMAND: GET /session/d2ee73163e71edf45acf38a1abb82030/screenshot - {}
RESULT: {}
]]></system-out>
    </testcase>
    <testcase classname="chrome.136_0_7103_93.windows.Performance_based_billing_(work_days)_US139742" name="Should do a stock increase on the yard for the equipment" time="83.044">
      <system-out><![CDATA[
COMMAND: POST /session/d2ee73163e71edf45acf38a1abb82030/execute/async - {"script":"<script> [1562 bytes]","args":[{"selector":{"controlType":"sap.m.GenericTile","properties":{"header":"Manage Handovers"}},"wdio_ui5_key":"sapm.GenericTile{\"header\":\"Manage Handovers\"}"}]}
RESULT: {"script":"<script> [1562 bytes]","args":[{"selector":{"controlType":"sap.m.GenericTile","properties":{"header":"Manage Handovers"}},"wdio_ui5_key":"sapm.GenericTile{\"header\":\"Manage Handovers\"}"}]}
RESULT: undefined
COMMAND: POST /session/d2ee73163e71edf45acf38a1abb82030/element - {"using":"xpath","value":"//*[@id=\"__tile132\"]"}
RESULT: {"using":"xpath","value":"//*[@id=\"__tile132\"]"}
COMMAND: POST /session/d2ee73163e71edf45acf38a1abb82030/element/f.39032AFF0B9C80A7D793EE88796AE887.d.736E113C2374FEFC2D39129E07299870.e.14166/click - {}
RESULT: {}
COMMAND: GET /session/d2ee73163e71edf45acf38a1abb82030/screenshot - {}
RESULT: {}
COMMAND: POST /session/d2ee73163e71edf45acf38a1abb82030/elements - {"using":"xpath","value":"//span[text()='Error']"}
RESULT: {"using":"xpath","value":"//span[text()='Error']"}
COMMAND: POST /session/d2ee73163e71edf45acf38a1abb82030/element - {"using":"xpath","value":"//button[@data-kt=\"masterHOAddButton\"]"}
RESULT: {"using":"xpath","value":"//button[@data-kt=\"masterHOAddButton\"]"}
COMMAND: POST /session/d2ee73163e71edf45acf38a1abb82030/elements - {"using":"xpath","value":"//button[@data-kt=\"masterHOAddButton\"]"}
RESULT: {"using":"xpath","value":"//button[@data-kt=\"masterHOAddButton\"]"}
COMMAND: POST /session/d2ee73163e71edf45acf38a1abb82030/execute/sync - {"script":"<script> [8489 bytes]","args":[{"element-6066-11e4-a52e-4f735466cecf":"f.39032AFF0B9C80A7D793EE88796AE887.d.736E113C2374FEFC2D39129E07299870.e.15647","ELEMENT":"f.39032AFF0B9C80A7D793EE88796AE887.d.736E113C2374FEFC2D39129E07299870.e.15647"}]}
RESULT: {"script":"<script> [8489 bytes]","args":[{"element-6066-11e4-a52e-4f735466cecf":"f.39032AFF0B9C80A7D793EE88796AE887.d.736E113C2374FEFC2D39129E07299870.e.15647","ELEMENT":"f.39032AFF0B9C80A7D793EE88796AE887.d.736E113C2374FEFC2D39129E07299870.e.15647"}]}
COMMAND: GET /session/d2ee73163e71edf45acf38a1abb82030/element/f.39032AFF0B9C80A7D793EE88796AE887.d.736E113C2374FEFC2D39129E07299870.e.15647/enabled - {}
COMMAND: GET /session/d2ee73163e71edf45acf38a1abb82030/screenshot - {}
RESULT: {}
COMMAND: POST /session/d2ee73163e71edf45acf38a1abb82030/execute/sync - {"script":"<script> [8489 bytes]","args":[{"element-6066-11e4-a52e-4f735466cecf":"f.39032AFF0B9C80A7D793EE88796AE887.d.736E113C2374FEFC2D39129E07299870.e.15647","ELEMENT":"f.39032AFF0B9C80A7D793EE88796AE887.d.736E113C2374FEFC2D39129E07299870.e.15647"}]}
COMMAND: GET /session/d2ee73163e71edf45acf38a1abb82030/screenshot - {}
RESULT: {}
RESULT: {}
RESULT: {"script":"<script> [8489 bytes]","args":[{"element-6066-11e4-a52e-4f735466cecf":"f.39032AFF0B9C80A7D793EE88796AE887.d.736E113C2374FEFC2D39129E07299870.e.15647","ELEMENT":"f.39032AFF0B9C80A7D793EE88796AE887.d.736E113C2374FEFC2D39129E07299870.e.15647"}]}
COMMAND: POST /session/d2ee73163e71edf45acf38a1abb82030/execute/sync - {"script":"<script> [5351 bytes]","args":[{"element-6066-11e4-a52e-4f735466cecf":"f.39032AFF0B9C80A7D793EE88796AE887.d.736E113C2374FEFC2D39129E07299870.e.15647","ELEMENT":"f.39032AFF0B9C80A7D793EE88796AE887.d.736E113C2374FEFC2D39129E07299870.e.15647"}]}
COMMAND: GET /session/d2ee73163e71edf45acf38a1abb82030/screenshot - {}
RESULT: {"script":"<script> [5351 bytes]","args":[{"element-6066-11e4-a52e-4f735466cecf":"f.39032AFF0B9C80A7D793EE88796AE887.d.736E113C2374FEFC2D39129E07299870.e.15647","ELEMENT":"f.39032AFF0B9C80A7D793EE88796AE887.d.736E113C2374FEFC2D39129E07299870.e.15647"}]}
COMMAND: POST /session/d2ee73163e71edf45acf38a1abb82030/element/f.39032AFF0B9C80A7D793EE88796AE887.d.736E113C2374FEFC2D39129E07299870.e.15647/click - {}
COMMAND: GET /session/d2ee73163e71edf45acf38a1abb82030/screenshot - {}
RESULT: {}
RESULT: {}
COMMAND: GET /session/d2ee73163e71edf45acf38a1abb82030/screenshot - {}
RESULT: {}
RESULT: {}
COMMAND: POST /session/d2ee73163e71edf45acf38a1abb82030/element - {"using":"xpath","value":"//span[contains(@id ,\"AddNewHO--typeSelect-arrow\")]"}
RESULT: {"using":"xpath","value":"//span[contains(@id ,\"AddNewHO--typeSelect-arrow\")]"}
COMMAND: POST /session/d2ee73163e71edf45acf38a1abb82030/element/f.39032AFF0B9C80A7D793EE88796AE887.d.736E113C2374FEFC2D39129E07299870.e.16005/click - {}
RESULT: {}
COMMAND: GET /session/d2ee73163e71edf45acf38a1abb82030/screenshot - {}
RESULT: {}
COMMAND: POST /session/d2ee73163e71edf45acf38a1abb82030/element - {"using":"xpath","value":"(//li[contains(text(), \"stock increase yard\")])[1]"}
RESULT: {"using":"xpath","value":"(//li[contains(text(), \"stock increase yard\")])[1]"}
COMMAND: POST /session/d2ee73163e71edf45acf38a1abb82030/element/f.39032AFF0B9C80A7D793EE88796AE887.d.736E113C2374FEFC2D39129E07299870.e.16006/click - {}
RESULT: {}
COMMAND: GET /session/d2ee73163e71edf45acf38a1abb82030/screenshot - {}
RESULT: {}
COMMAND: POST /session/d2ee73163e71edf45acf38a1abb82030/execute/async - {"script":"<script> [1562 bytes]","args":[{"selector":{"id":"application-managehandovers-display-component---AddNewHO--dueDate","interaction":{"idSuffix":"inner"}},"wdio_ui5_key":"applicationmanagehandovers-display-component---AddNewHO--dueDate"}]}
RESULT: {"script":"<script> [1562 bytes]","args":[{"selector":{"id":"application-managehandovers-display-component---AddNewHO--dueDate","interaction":{"idSuffix":"inner"}},"wdio_ui5_key":"applicationmanagehandovers-display-component---AddNewHO--dueDate"}]}
RESULT: undefined
COMMAND: POST /session/d2ee73163e71edf45acf38a1abb82030/execute/async - {"script":"<script> [6424 bytes]","args":[{"element-6066-11e4-a52e-4f735466cecf":"f.39032AFF0B9C80A7D793EE88796AE887.d.736E113C2374FEFC2D39129E07299870.e.16008"},"setValue",["5/16/25"]]}
RESULT: {"script":"<script> [6424 bytes]","args":[{"element-6066-11e4-a52e-4f735466cecf":"f.39032AFF0B9C80A7D793EE88796AE887.d.736E113C2374FEFC2D39129E07299870.e.16008"},"setValue",["5/16/25"]]}
COMMAND: POST /session/d2ee73163e71edf45acf38a1abb82030/element - {"using":"xpath","value":"//input[@id=\"generalSectionFrg--receiveYard-inner\"]"}
RESULT: {"using":"xpath","value":"//input[@id=\"generalSectionFrg--receiveYard-inner\"]"}
COMMAND: POST /session/d2ee73163e71edf45acf38a1abb82030/element/f.39032AFF0B9C80A7D793EE88796AE887.d.736E113C2374FEFC2D39129E07299870.e.16012/clear - {}
RESULT: {}
COMMAND: POST /session/d2ee73163e71edf45acf38a1abb82030/element/f.39032AFF0B9C80A7D793EE88796AE887.d.736E113C2374FEFC2D39129E07299870.e.16012/value - {"text":"479"}
COMMAND: GET /session/d2ee73163e71edf45acf38a1abb82030/screenshot - {}
RESULT: {"text":"479"}
COMMAND: GET /session/d2ee73163e71edf45acf38a1abb82030/screenshot - {}
RESULT: {}
RESULT: {}
COMMAND: POST /session/d2ee73163e71edf45acf38a1abb82030/element - {"using":"xpath","value":"//li[.//span[text()='479']]"}
RESULT: {"using":"xpath","value":"//li[.//span[text()='479']]"}
COMMAND: POST /session/d2ee73163e71edf45acf38a1abb82030/element/f.39032AFF0B9C80A7D793EE88796AE887.d.736E113C2374FEFC2D39129E07299870.e.16028/click - {}
RESULT: {}
COMMAND: GET /session/d2ee73163e71edf45acf38a1abb82030/screenshot - {}
RESULT: {}
COMMAND: POST /session/d2ee73163e71edf45acf38a1abb82030/execute/async - {"script":"<script> [1562 bytes]","args":[{"selector":{"id":"application-managehandovers-display-component---AddNewHO--ObjectPageLayout-anchBar-application-managehandovers-display-component---AddNewHO--section4-anchor","interaction":{"idSuffix":"BDI-content"}},"wdio_ui5_key":"applicationmanagehandovers-display-component---AddNewHO--ObjectPageLayout-anchBar-application-managehandovers-display-component---AddNewHO--section4-anchor"}]}
RESULT: {"script":"<script> [1562 bytes]","args":[{"selector":{"id":"application-managehandovers-display-component---AddNewHO--ObjectPageLayout-anchBar-application-managehandovers-display-component---AddNewHO--section4-anchor","interaction":{"idSuffix":"BDI-content"}},"wdio_ui5_key":"applicationmanagehandovers-display-component---AddNewHO--ObjectPageLayout-anchBar-application-managehandovers-display-component---AddNewHO--section4-anchor"}]}
RESULT: undefined
COMMAND: POST /session/d2ee73163e71edf45acf38a1abb82030/element - {"using":"xpath","value":"//*[@id=\"application-managehandovers-display-component---AddNewHO--ObjectPageLayout-anchBar-application-managehandovers-display-component---AddNewHO--section4-anchor\"]"}
RESULT: {"using":"xpath","value":"//*[@id=\"application-managehandovers-display-component---AddNewHO--ObjectPageLayout-anchBar-application-managehandovers-display-component---AddNewHO--section4-anchor\"]"}
COMMAND: POST /session/d2ee73163e71edf45acf38a1abb82030/element/f.39032AFF0B9C80A7D793EE88796AE887.d.736E113C2374FEFC2D39129E07299870.e.16030/click - {}
RESULT: {}
COMMAND: POST /session/d2ee73163e71edf45acf38a1abb82030/element - {"using":"xpath","value":"//button[@aria-label=\"Add\"]"}
COMMAND: GET /session/d2ee73163e71edf45acf38a1abb82030/screenshot - {}
RESULT: {"using":"xpath","value":"//button[@aria-label=\"Add\"]"}
COMMAND: POST /session/d2ee73163e71edf45acf38a1abb82030/element/f.39032AFF0B9C80A7D793EE88796AE887.d.736E113C2374FEFC2D39129E07299870.e.16032/click - {}
RESULT: {}
RESULT: {}
COMMAND: GET /session/d2ee73163e71edf45acf38a1abb82030/screenshot - {}
RESULT: {}
COMMAND: POST /session/d2ee73163e71edf45acf38a1abb82030/execute/async - {"script":"<script> [1562 bytes]","args":[{"selector":{"id":"application-managehandovers-display-component---AddNewHO--smartFilterBar-btnBasicSearch","searchOpenDialogs":true,"interaction":{"idSuffix":"I"}},"wdio_ui5_key":"applicationmanagehandovers-display-component---AddNewHO--smartFilterBar-btnBasicSearch"}]}
RESULT: {"script":"<script> [1562 bytes]","args":[{"selector":{"id":"application-managehandovers-display-component---AddNewHO--smartFilterBar-btnBasicSearch","searchOpenDialogs":true,"interaction":{"idSuffix":"I"}},"wdio_ui5_key":"applicationmanagehandovers-display-component---AddNewHO--smartFilterBar-btnBasicSearch"}]}
RESULT: undefined
COMMAND: POST /session/d2ee73163e71edf45acf38a1abb82030/execute/async - {"script":"<script> [776 bytes]","args":[{"enterText":"ROrtEU5knT","selector":{"id":"application-managehandovers-display-component---AddNewHO--smartFilterBar-btnBasicSearch","searchOpenDialogs":true,"interaction":{"idSuffix":"I"}},"clearTextFirst":true,"interactionType":"ENTER_TEXT"}]}
RESULT: {"script":"<script> [776 bytes]","args":[{"enterText":"ROrtEU5knT","selector":{"id":"application-managehandovers-display-component---AddNewHO--smartFilterBar-btnBasicSearch","searchOpenDialogs":true,"interaction":{"idSuffix":"I"}},"clearTextFirst":true,"interactionType":"ENTER_TEXT"}]}
COMMAND: POST /session/d2ee73163e71edf45acf38a1abb82030/actions - {"actions":[{"id":"action61","type":"key","parameters":{},"actions":[{"type":"keyDown","value":"î€‡"},{"type":"pause","duration":10},{"type":"keyUp","value":"î€‡"}]}]}
RESULT: {"actions":[{"id":"action61","type":"key","parameters":{},"actions":[{"type":"keyDown","value":"î€‡"},{"type":"pause","duration":10},{"type":"keyUp","value":"î€‡"}]}]}
COMMAND: GET /session/d2ee73163e71edf45acf38a1abb82030/screenshot - {}
RESULT: {}
COMMAND: POST /session/d2ee73163e71edf45acf38a1abb82030/execute/async - {"script":"<script> [1562 bytes]","args":[{"selector":{"id":"application-managehandovers-display-component---AddNewHO--popup-sa","searchOpenDialogs":true,"interaction":{"idSuffix":"CbBg"}},"wdio_ui5_key":"applicationmanagehandovers-display-component---AddNewHO--popup-sa"}]}
RESULT: {"script":"<script> [1562 bytes]","args":[{"selector":{"id":"application-managehandovers-display-component---AddNewHO--popup-sa","searchOpenDialogs":true,"interaction":{"idSuffix":"CbBg"}},"wdio_ui5_key":"applicationmanagehandovers-display-component---AddNewHO--popup-sa"}]}
RESULT: undefined
COMMAND: POST /session/d2ee73163e71edf45acf38a1abb82030/element - {"using":"xpath","value":"//*[@id=\"application-managehandovers-display-component---AddNewHO--popup-sa\"]"}
RESULT: {"using":"xpath","value":"//*[@id=\"application-managehandovers-display-component---AddNewHO--popup-sa\"]"}
COMMAND: POST /session/d2ee73163e71edf45acf38a1abb82030/element/f.39032AFF0B9C80A7D793EE88796AE887.d.736E113C2374FEFC2D39129E07299870.e.16185/click - {}
RESULT: {}
COMMAND: GET /session/d2ee73163e71edf45acf38a1abb82030/screenshot - {}
RESULT: {}
COMMAND: POST /session/d2ee73163e71edf45acf38a1abb82030/element - {"using":"xpath","value":"//bdi[contains(text(), \"Select\")]"}
RESULT: {"using":"xpath","value":"//bdi[contains(text(), \"Select\")]"}
COMMAND: POST /session/d2ee73163e71edf45acf38a1abb82030/element/f.39032AFF0B9C80A7D793EE88796AE887.d.736E113C2374FEFC2D39129E07299870.e.16186/click - {}
RESULT: {}
COMMAND: GET /session/d2ee73163e71edf45acf38a1abb82030/screenshot - {}
RESULT: {}
COMMAND: POST /session/d2ee73163e71edf45acf38a1abb82030/element - {"using":"xpath","value":"//button[@data-kt=\"AddNewHOSaveButton\"]"}
RESULT: {"using":"xpath","value":"//button[@data-kt=\"AddNewHOSaveButton\"]"}
COMMAND: POST /session/d2ee73163e71edf45acf38a1abb82030/element/f.39032AFF0B9C80A7D793EE88796AE887.d.736E113C2374FEFC2D39129E07299870.e.16190/click - {}
RESULT: {}
COMMAND: GET /session/d2ee73163e71edf45acf38a1abb82030/screenshot - {}
RESULT: {}
COMMAND: POST /session/d2ee73163e71edf45acf38a1abb82030/execute/async - {"script":"<script> [1562 bytes]","args":[{"selector":{"id":"receiptDatePicker","viewName":"etm.portal.ui.managehandovers.view.DetailExecuteHO","interaction":{"idSuffix":"inner"}},"wdio_ui5_key":"receiptDatePickeretmportal.ui.managehandovers.view.DetailExecuteHO"}]}
RESULT: {"script":"<script> [1562 bytes]","args":[{"selector":{"id":"receiptDatePicker","viewName":"etm.portal.ui.managehandovers.view.DetailExecuteHO","interaction":{"idSuffix":"inner"}},"wdio_ui5_key":"receiptDatePickeretmportal.ui.managehandovers.view.DetailExecuteHO"}]}
RESULT: undefined
COMMAND: POST /session/d2ee73163e71edf45acf38a1abb82030/execute/async - {"script":"<script> [6424 bytes]","args":[{"element-6066-11e4-a52e-4f735466cecf":"f.39032AFF0B9C80A7D793EE88796AE887.d.736E113C2374FEFC2D39129E07299870.e.16201"},"setValue",["5/16/25"]]}
RESULT: {"script":"<script> [6424 bytes]","args":[{"element-6066-11e4-a52e-4f735466cecf":"f.39032AFF0B9C80A7D793EE88796AE887.d.736E113C2374FEFC2D39129E07299870.e.16201"},"setValue",["5/16/25"]]}
COMMAND: POST /session/d2ee73163e71edf45acf38a1abb82030/element - {"using":"xpath","value":"//button[@data-kt=\"PickingTableConfirmAllButton\"]"}
RESULT: {"using":"xpath","value":"//button[@data-kt=\"PickingTableConfirmAllButton\"]"}
COMMAND: POST /session/d2ee73163e71edf45acf38a1abb82030/element/f.39032AFF0B9C80A7D793EE88796AE887.d.736E113C2374FEFC2D39129E07299870.e.16223/click - {}
RESULT: {}
COMMAND: GET /session/d2ee73163e71edf45acf38a1abb82030/screenshot - {}
RESULT: {}
COMMAND: POST /session/d2ee73163e71edf45acf38a1abb82030/element - {"using":"xpath","value":"//bdi[contains(text(), \"OK\")]"}
RESULT: {"using":"xpath","value":"//bdi[contains(text(), \"OK\")]"}
COMMAND: POST /session/d2ee73163e71edf45acf38a1abb82030/element/f.39032AFF0B9C80A7D793EE88796AE887.d.736E113C2374FEFC2D39129E07299870.e.16225/click - {}
RESULT: {}
COMMAND: GET /session/d2ee73163e71edf45acf38a1abb82030/screenshot - {}
RESULT: {}
COMMAND: POST /session/d2ee73163e71edf45acf38a1abb82030/element - {"using":"xpath","value":"(//bdi[contains(text(), \"Receive\")])[2]"}
RESULT: {"using":"xpath","value":"(//bdi[contains(text(), \"Receive\")])[2]"}
COMMAND: POST /session/d2ee73163e71edf45acf38a1abb82030/element/f.39032AFF0B9C80A7D793EE88796AE887.d.736E113C2374FEFC2D39129E07299870.e.16227/click - {}
RESULT: {}
COMMAND: GET /session/d2ee73163e71edf45acf38a1abb82030/screenshot - {}
RESULT: {}
COMMAND: POST /session/d2ee73163e71edf45acf38a1abb82030/element - {"using":"css selector","value":"#shell-header-logo"}
RESULT: {"using":"css selector","value":"#shell-header-logo"}
COMMAND: POST /session/d2ee73163e71edf45acf38a1abb82030/element/f.39032AFF0B9C80A7D793EE88796AE887.d.736E113C2374FEFC2D39129E07299870.e.15613/click - {}
RESULT: {}
COMMAND: GET /session/d2ee73163e71edf45acf38a1abb82030/screenshot - {}
RESULT: {}
]]></system-out>
    </testcase>
    <testcase classname="chrome.136_0_7103_93.windows.Performance_based_billing_(work_days)_US139742" name="Should create a new contract" time="57.982">
      <system-out><![CDATA[
COMMAND: POST /session/d2ee73163e71edf45acf38a1abb82030/execute/async - {"script":"<script> [1562 bytes]","args":[{"selector":{"controlType":"sap.m.GenericTile","properties":{"header":"Manage Contracts"}},"wdio_ui5_key":"sapm.GenericTile{\"header\":\"Manage Contracts\"}"}]}
RESULT: {"script":"<script> [1562 bytes]","args":[{"selector":{"controlType":"sap.m.GenericTile","properties":{"header":"Manage Contracts"}},"wdio_ui5_key":"sapm.GenericTile{\"header\":\"Manage Contracts\"}"}]}
RESULT: undefined
COMMAND: POST /session/d2ee73163e71edf45acf38a1abb82030/element - {"using":"xpath","value":"//*[@id=\"__tile130\"]"}
RESULT: {"using":"xpath","value":"//*[@id=\"__tile130\"]"}
COMMAND: POST /session/d2ee73163e71edf45acf38a1abb82030/element/f.39032AFF0B9C80A7D793EE88796AE887.d.736E113C2374FEFC2D39129E07299870.e.14108/click - {}
RESULT: {}
COMMAND: GET /session/d2ee73163e71edf45acf38a1abb82030/screenshot - {}
RESULT: {}
COMMAND: POST /session/d2ee73163e71edf45acf38a1abb82030/elements - {"using":"xpath","value":"//span[text()='Error']"}
RESULT: {"using":"xpath","value":"//span[text()='Error']"}
COMMAND: POST /session/d2ee73163e71edf45acf38a1abb82030/element - {"using":"xpath","value":"//button[@data-kt=\"addButton\"]"}
RESULT: {"using":"xpath","value":"//button[@data-kt=\"addButton\"]"}
COMMAND: POST /session/d2ee73163e71edf45acf38a1abb82030/elements - {"using":"xpath","value":"//button[@data-kt=\"addButton\"]"}
RESULT: {"using":"xpath","value":"//button[@data-kt=\"addButton\"]"}
COMMAND: POST /session/d2ee73163e71edf45acf38a1abb82030/execute/sync - {"script":"<script> [8489 bytes]","args":[{"element-6066-11e4-a52e-4f735466cecf":"f.39032AFF0B9C80A7D793EE88796AE887.d.736E113C2374FEFC2D39129E07299870.e.16445","ELEMENT":"f.39032AFF0B9C80A7D793EE88796AE887.d.736E113C2374FEFC2D39129E07299870.e.16445"}]}
RESULT: {"script":"<script> [8489 bytes]","args":[{"element-6066-11e4-a52e-4f735466cecf":"f.39032AFF0B9C80A7D793EE88796AE887.d.736E113C2374FEFC2D39129E07299870.e.16445","ELEMENT":"f.39032AFF0B9C80A7D793EE88796AE887.d.736E113C2374FEFC2D39129E07299870.e.16445"}]}
COMMAND: GET /session/d2ee73163e71edf45acf38a1abb82030/element/f.39032AFF0B9C80A7D793EE88796AE887.d.736E113C2374FEFC2D39129E07299870.e.16445/enabled - {}
COMMAND: GET /session/d2ee73163e71edf45acf38a1abb82030/screenshot - {}
RESULT: {}
COMMAND: POST /session/d2ee73163e71edf45acf38a1abb82030/execute/sync - {"script":"<script> [8489 bytes]","args":[{"element-6066-11e4-a52e-4f735466cecf":"f.39032AFF0B9C80A7D793EE88796AE887.d.736E113C2374FEFC2D39129E07299870.e.16445","ELEMENT":"f.39032AFF0B9C80A7D793EE88796AE887.d.736E113C2374FEFC2D39129E07299870.e.16445"}]}
COMMAND: GET /session/d2ee73163e71edf45acf38a1abb82030/screenshot - {}
RESULT: {}
RESULT: {"script":"<script> [8489 bytes]","args":[{"element-6066-11e4-a52e-4f735466cecf":"f.39032AFF0B9C80A7D793EE88796AE887.d.736E113C2374FEFC2D39129E07299870.e.16445","ELEMENT":"f.39032AFF0B9C80A7D793EE88796AE887.d.736E113C2374FEFC2D39129E07299870.e.16445"}]}
COMMAND: POST /session/d2ee73163e71edf45acf38a1abb82030/execute/sync - {"script":"<script> [5351 bytes]","args":[{"element-6066-11e4-a52e-4f735466cecf":"f.39032AFF0B9C80A7D793EE88796AE887.d.736E113C2374FEFC2D39129E07299870.e.16445","ELEMENT":"f.39032AFF0B9C80A7D793EE88796AE887.d.736E113C2374FEFC2D39129E07299870.e.16445"}]}
COMMAND: GET /session/d2ee73163e71edf45acf38a1abb82030/screenshot - {}
RESULT: {}
RESULT: {"script":"<script> [5351 bytes]","args":[{"element-6066-11e4-a52e-4f735466cecf":"f.39032AFF0B9C80A7D793EE88796AE887.d.736E113C2374FEFC2D39129E07299870.e.16445","ELEMENT":"f.39032AFF0B9C80A7D793EE88796AE887.d.736E113C2374FEFC2D39129E07299870.e.16445"}]}
COMMAND: GET /session/d2ee73163e71edf45acf38a1abb82030/screenshot - {}
RESULT: {}
RESULT: {}
COMMAND: POST /session/d2ee73163e71edf45acf38a1abb82030/element/f.39032AFF0B9C80A7D793EE88796AE887.d.736E113C2374FEFC2D39129E07299870.e.16445/click - {}
RESULT: {}
COMMAND: GET /session/d2ee73163e71edf45acf38a1abb82030/screenshot - {}
COMMAND: POST /session/d2ee73163e71edf45acf38a1abb82030/execute/async - {"script":"<script> [1562 bytes]","args":[{"selector":{"id":"application-managecontracts-display-component---AddNewContract--projectDescription","interaction":{"idSuffix":"inner"}},"wdio_ui5_key":"applicationmanagecontracts-display-component---AddNewContract--projectDescription"}]}
RESULT: {}
RESULT: {"script":"<script> [1562 bytes]","args":[{"selector":{"id":"application-managecontracts-display-component---AddNewContract--projectDescription","interaction":{"idSuffix":"inner"}},"wdio_ui5_key":"applicationmanagecontracts-display-component---AddNewContract--projectDescription"}]}
RESULT: undefined
COMMAND: POST /session/d2ee73163e71edf45acf38a1abb82030/execute/async - {"script":"<script> [776 bytes]","args":[{"enterText":"Performance Contract WDIO","selector":{"id":"application-managecontracts-display-component---AddNewContract--projectDescription","interaction":{"idSuffix":"inner"}},"clearTextFirst":true,"interactionType":"ENTER_TEXT"}]}
RESULT: {"script":"<script> [776 bytes]","args":[{"enterText":"Performance Contract WDIO","selector":{"id":"application-managecontracts-display-component---AddNewContract--projectDescription","interaction":{"idSuffix":"inner"}},"clearTextFirst":true,"interactionType":"ENTER_TEXT"}]}
COMMAND: POST /session/d2ee73163e71edf45acf38a1abb82030/element - {"using":"xpath","value":"//input[@id=\"application-managecontracts-display-component---AddNewContract--site-inner\"]"}
RESULT: {"using":"xpath","value":"//input[@id=\"application-managecontracts-display-component---AddNewContract--site-inner\"]"}
COMMAND: POST /session/d2ee73163e71edf45acf38a1abb82030/element/f.39032AFF0B9C80A7D793EE88796AE887.d.736E113C2374FEFC2D39129E07299870.e.16799/clear - {}
RESULT: {}
COMMAND: POST /session/d2ee73163e71edf45acf38a1abb82030/element/f.39032AFF0B9C80A7D793EE88796AE887.d.736E113C2374FEFC2D39129E07299870.e.16799/value - {"text":"2226"}
COMMAND: GET /session/d2ee73163e71edf45acf38a1abb82030/screenshot - {}
RESULT: {"text":"2226"}
COMMAND: GET /session/d2ee73163e71edf45acf38a1abb82030/screenshot - {}
RESULT: {}
RESULT: {}
COMMAND: POST /session/d2ee73163e71edf45acf38a1abb82030/element - {"using":"xpath","value":"//li[.//span[text()='2226']]"}
RESULT: {"using":"xpath","value":"//li[.//span[text()='2226']]"}
COMMAND: POST /session/d2ee73163e71edf45acf38a1abb82030/element/f.39032AFF0B9C80A7D793EE88796AE887.d.736E113C2374FEFC2D39129E07299870.e.16831/click - {}
RESULT: {}
COMMAND: GET /session/d2ee73163e71edf45acf38a1abb82030/screenshot - {}
RESULT: {}
COMMAND: POST /session/d2ee73163e71edf45acf38a1abb82030/element - {"using":"xpath","value":"//input[@id=\"application-managecontracts-display-component---AddNewContract--yardId-inner\"]"}
RESULT: {"using":"xpath","value":"//input[@id=\"application-managecontracts-display-component---AddNewContract--yardId-inner\"]"}
COMMAND: GET /session/d2ee73163e71edf45acf38a1abb82030/element/f.39032AFF0B9C80A7D793EE88796AE887.d.736E113C2374FEFC2D39129E07299870.e.16800/property/value - {}
RESULT: {}
COMMAND: POST /session/d2ee73163e71edf45acf38a1abb82030/element - {"using":"xpath","value":"//input[@id=\"application-managecontracts-display-component---AddNewContract--customerSelect-inner\"]"}
COMMAND: GET /session/d2ee73163e71edf45acf38a1abb82030/screenshot - {}
RESULT: {"using":"xpath","value":"//input[@id=\"application-managecontracts-display-component---AddNewContract--customerSelect-inner\"]"}
COMMAND: POST /session/d2ee73163e71edf45acf38a1abb82030/element/f.39032AFF0B9C80A7D793EE88796AE887.d.736E113C2374FEFC2D39129E07299870.e.16798/clear - {}
RESULT: {}
RESULT: {}
COMMAND: POST /session/d2ee73163e71edf45acf38a1abb82030/element/f.39032AFF0B9C80A7D793EE88796AE887.d.736E113C2374FEFC2D39129E07299870.e.16798/value - {"text":"1266"}
COMMAND: GET /session/d2ee73163e71edf45acf38a1abb82030/screenshot - {}
RESULT: {"text":"1266"}
COMMAND: GET /session/d2ee73163e71edf45acf38a1abb82030/screenshot - {}
RESULT: {}
RESULT: {}
COMMAND: POST /session/d2ee73163e71edf45acf38a1abb82030/element - {"using":"xpath","value":"//li[.//span[text()='1266']]"}
RESULT: {"using":"xpath","value":"//li[.//span[text()='1266']]"}
COMMAND: POST /session/d2ee73163e71edf45acf38a1abb82030/element/f.39032AFF0B9C80A7D793EE88796AE887.d.736E113C2374FEFC2D39129E07299870.e.16834/click - {}
RESULT: {}
COMMAND: GET /session/d2ee73163e71edf45acf38a1abb82030/screenshot - {}
RESULT: {}
COMMAND: POST /session/d2ee73163e71edf45acf38a1abb82030/element - {"using":"xpath","value":"//button[@data-kt=\"saveButton\"]"}
RESULT: {"using":"xpath","value":"//button[@data-kt=\"saveButton\"]"}
COMMAND: POST /session/d2ee73163e71edf45acf38a1abb82030/element/f.39032AFF0B9C80A7D793EE88796AE887.d.736E113C2374FEFC2D39129E07299870.e.16835/click - {}
RESULT: {}
COMMAND: GET /session/d2ee73163e71edf45acf38a1abb82030/screenshot - {}
RESULT: {}
COMMAND: POST /session/d2ee73163e71edf45acf38a1abb82030/element - {"using":"xpath","value":"//span[contains(@id ,\"contractDetailTitleNoExpanded\")]"}
RESULT: {"using":"xpath","value":"//span[contains(@id ,\"contractDetailTitleNoExpanded\")]"}
COMMAND: POST /session/d2ee73163e71edf45acf38a1abb82030/elements - {"using":"xpath","value":"//span[contains(@id ,\"contractDetailTitleNoExpanded\")]"}
RESULT: {"using":"xpath","value":"//span[contains(@id ,\"contractDetailTitleNoExpanded\")]"}
COMMAND: POST /session/d2ee73163e71edf45acf38a1abb82030/execute/sync - {"script":"<script> [56 bytes]","args":[{"element-6066-11e4-a52e-4f735466cecf":"f.39032AFF0B9C80A7D793EE88796AE887.d.736E113C2374FEFC2D39129E07299870.e.16844","ELEMENT":"f.39032AFF0B9C80A7D793EE88796AE887.d.736E113C2374FEFC2D39129E07299870.e.16844"}]}
RESULT: {"script":"<script> [56 bytes]","args":[{"element-6066-11e4-a52e-4f735466cecf":"f.39032AFF0B9C80A7D793EE88796AE887.d.736E113C2374FEFC2D39129E07299870.e.16844","ELEMENT":"f.39032AFF0B9C80A7D793EE88796AE887.d.736E113C2374FEFC2D39129E07299870.e.16844"}]}
COMMAND: GET /session/d2ee73163e71edf45acf38a1abb82030/screenshot - {}
RESULT: {}
]]></system-out>
    </testcase>
    <testcase classname="chrome.136_0_7103_93.windows.Performance_based_billing_(work_days)_US139742" name="Should add equipment to the contract" time="45.262">
      <system-out><![CDATA[
COMMAND: POST /session/d2ee73163e71edf45acf38a1abb82030/element - {"using":"xpath","value":"//button[@data-kt=\"contractDetailEditBtnButton\"]"}
RESULT: {"using":"xpath","value":"//button[@data-kt=\"contractDetailEditBtnButton\"]"}
COMMAND: POST /session/d2ee73163e71edf45acf38a1abb82030/element/f.39032AFF0B9C80A7D793EE88796AE887.d.736E113C2374FEFC2D39129E07299870.e.16845/click - {}
RESULT: {}
COMMAND: GET /session/d2ee73163e71edf45acf38a1abb82030/screenshot - {}
RESULT: {}
COMMAND: POST /session/d2ee73163e71edf45acf38a1abb82030/element - {"using":"xpath","value":"(//span[contains(text(), \"Additional Addresses\")])[2]"}
RESULT: {"using":"xpath","value":"(//span[contains(text(), \"Additional Addresses\")])[2]"}
COMMAND: POST /session/d2ee73163e71edf45acf38a1abb82030/element/f.39032AFF0B9C80A7D793EE88796AE887.d.736E113C2374FEFC2D39129E07299870.e.16899/click - {}
RESULT: {}
COMMAND: GET /session/d2ee73163e71edf45acf38a1abb82030/screenshot - {}
RESULT: {}
COMMAND: POST /session/d2ee73163e71edf45acf38a1abb82030/element - {"using":"xpath","value":"//button[@data-kt=\"btnAddTableRowOverflowToolbarButton\"]"}
RESULT: {"using":"xpath","value":"//button[@data-kt=\"btnAddTableRowOverflowToolbarButton\"]"}
COMMAND: POST /session/d2ee73163e71edf45acf38a1abb82030/element/f.39032AFF0B9C80A7D793EE88796AE887.d.736E113C2374FEFC2D39129E07299870.e.16903/click - {}
RESULT: {}
COMMAND: GET /session/d2ee73163e71edf45acf38a1abb82030/screenshot - {}
RESULT: {}
COMMAND: POST /session/d2ee73163e71edf45acf38a1abb82030/element - {"using":"xpath","value":"//div[(text() = 'Standard Entry' or . = 'Standard Entry')]"}
RESULT: {"using":"xpath","value":"//div[(text() = 'Standard Entry' or . = 'Standard Entry')]"}
COMMAND: POST /session/d2ee73163e71edf45acf38a1abb82030/element/f.39032AFF0B9C80A7D793EE88796AE887.d.736E113C2374FEFC2D39129E07299870.e.16905/click - {}
RESULT: {}
COMMAND: GET /session/d2ee73163e71edf45acf38a1abb82030/screenshot - {}
RESULT: {}
COMMAND: POST /session/d2ee73163e71edf45acf38a1abb82030/element - {"using":"xpath","value":"//td[7]/div/div/input"}
RESULT: {"using":"xpath","value":"//td[7]/div/div/input"}
COMMAND: POST /session/d2ee73163e71edf45acf38a1abb82030/element/f.39032AFF0B9C80A7D793EE88796AE887.d.736E113C2374FEFC2D39129E07299870.e.16914/clear - {}
RESULT: {}
COMMAND: POST /session/d2ee73163e71edf45acf38a1abb82030/element/f.39032AFF0B9C80A7D793EE88796AE887.d.736E113C2374FEFC2D39129E07299870.e.16914/value - {"text":"ROrtEU5knT"}
COMMAND: GET /session/d2ee73163e71edf45acf38a1abb82030/screenshot - {}
RESULT: {"text":"ROrtEU5knT"}
COMMAND: GET /session/d2ee73163e71edf45acf38a1abb82030/screenshot - {}
RESULT: {}
RESULT: {}
COMMAND: POST /session/d2ee73163e71edf45acf38a1abb82030/actions - {"actions":[{"id":"action62","type":"key","parameters":{},"actions":[{"type":"keyDown","value":"î€‡"},{"type":"pause","duration":10},{"type":"keyUp","value":"î€‡"}]}]}
RESULT: {"actions":[{"id":"action62","type":"key","parameters":{},"actions":[{"type":"keyDown","value":"î€‡"},{"type":"pause","duration":10},{"type":"keyUp","value":"î€‡"}]}]}
COMMAND: GET /session/d2ee73163e71edf45acf38a1abb82030/screenshot - {}
RESULT: {}
COMMAND: POST /session/d2ee73163e71edf45acf38a1abb82030/execute/sync - {"script":"<script> [276 bytes]","args":["No pricing information was found"]}
RESULT: {"script":"<script> [276 bytes]","args":["No pricing information was found"]}
COMMAND: POST /session/d2ee73163e71edf45acf38a1abb82030/element - {"using":"xpath","value":"(//button[@data-kt=\"saveButton\"])[2]"}
COMMAND: GET /session/d2ee73163e71edf45acf38a1abb82030/screenshot - {}
RESULT: {"using":"xpath","value":"(//button[@data-kt=\"saveButton\"])[2]"}
COMMAND: POST /session/d2ee73163e71edf45acf38a1abb82030/element/f.39032AFF0B9C80A7D793EE88796AE887.d.736E113C2374FEFC2D39129E07299870.e.16929/click - {}
RESULT: {}
RESULT: {}
COMMAND: GET /session/d2ee73163e71edf45acf38a1abb82030/screenshot - {}
RESULT: {}
COMMAND: POST /session/d2ee73163e71edf45acf38a1abb82030/execute/sync - {"script":"<script> [276 bytes]","args":["Some contract items are having rental validity exceeding header rental validity"]}
RESULT: {"script":"<script> [276 bytes]","args":["Some contract items are having rental validity exceeding header rental validity"]}
COMMAND: GET /session/d2ee73163e71edf45acf38a1abb82030/screenshot - {}
RESULT: {}
COMMAND: POST /session/d2ee73163e71edf45acf38a1abb82030/element - {"using":"xpath","value":"//span[contains(@id ,\"contractItemsSmartTable-header-inner\")]"}
RESULT: {"using":"xpath","value":"//span[contains(@id ,\"contractItemsSmartTable-header-inner\")]"}
COMMAND: POST /session/d2ee73163e71edf45acf38a1abb82030/elements - {"using":"xpath","value":"//span[contains(@id ,\"contractItemsSmartTable-header-inner\")]"}
RESULT: {"using":"xpath","value":"//span[contains(@id ,\"contractItemsSmartTable-header-inner\")]"}
COMMAND: POST /session/d2ee73163e71edf45acf38a1abb82030/execute/sync - {"script":"<script> [56 bytes]","args":[{"element-6066-11e4-a52e-4f735466cecf":"f.39032AFF0B9C80A7D793EE88796AE887.d.736E113C2374FEFC2D39129E07299870.e.16935","ELEMENT":"f.39032AFF0B9C80A7D793EE88796AE887.d.736E113C2374FEFC2D39129E07299870.e.16935"}]}
RESULT: {"script":"<script> [56 bytes]","args":[{"element-6066-11e4-a52e-4f735466cecf":"f.39032AFF0B9C80A7D793EE88796AE887.d.736E113C2374FEFC2D39129E07299870.e.16935","ELEMENT":"f.39032AFF0B9C80A7D793EE88796AE887.d.736E113C2374FEFC2D39129E07299870.e.16935"}]}
]]></system-out>
    </testcase>
    <testcase classname="chrome.136_0_7103_93.windows.Performance_based_billing_(work_days)_US139742" name="Should do a provide to site handover" time="68.207">
      <system-out><![CDATA[
COMMAND: POST /session/d2ee73163e71edf45acf38a1abb82030/element - {"using":"xpath","value":"//button[@data-kt=\"provideButton\"]"}
COMMAND: GET /session/d2ee73163e71edf45acf38a1abb82030/screenshot - {}
RESULT: {"using":"xpath","value":"//button[@data-kt=\"provideButton\"]"}
COMMAND: POST /session/d2ee73163e71edf45acf38a1abb82030/element/f.39032AFF0B9C80A7D793EE88796AE887.d.736E113C2374FEFC2D39129E07299870.e.16936/click - {}
RESULT: {}
RESULT: {}
COMMAND: GET /session/d2ee73163e71edf45acf38a1abb82030/screenshot - {}
RESULT: undefined
COMMAND: POST /session/d2ee73163e71edf45acf38a1abb82030/execute/async - {"script":"<script> [6424 bytes]","args":[{"element-6066-11e4-a52e-4f735466cecf":"f.39032AFF0B9C80A7D793EE88796AE887.d.736E113C2374FEFC2D39129E07299870.e.16008"},"setValue",["5/16/25"]]}
RESULT: {}
COMMAND: POST /session/d2ee73163e71edf45acf38a1abb82030/execute/async - {"script":"<script> [1562 bytes]","args":[{"selector":{"id":"application-managehandovers-display-component---AddNewHO--dueDate","interaction":{"idSuffix":"inner"}},"wdio_ui5_key":"applicationmanagehandovers-display-component---AddNewHO--dueDate"}]}
RESULT: {"script":"<script> [1562 bytes]","args":[{"selector":{"id":"application-managehandovers-display-component---AddNewHO--dueDate","interaction":{"idSuffix":"inner"}},"wdio_ui5_key":"applicationmanagehandovers-display-component---AddNewHO--dueDate"}]}
COMMAND: POST /session/d2ee73163e71edf45acf38a1abb82030/execute/async - {"script":"<script> [6424 bytes]","args":[{"element-6066-11e4-a52e-4f735466cecf":"f.39032AFF0B9C80A7D793EE88796AE887.d.736E113C2374FEFC2D39129E07299870.e.16993"},"setValue",["5/16/25"]]}
RESULT: {"script":"<script> [6424 bytes]","args":[{"element-6066-11e4-a52e-4f735466cecf":"f.39032AFF0B9C80A7D793EE88796AE887.d.736E113C2374FEFC2D39129E07299870.e.16993"},"setValue",["5/16/25"]]}
COMMAND: POST /session/d2ee73163e71edf45acf38a1abb82030/element - {"using":"xpath","value":"//bdi[contains(text(), \"Instructions\")]"}
RESULT: {"using":"xpath","value":"//bdi[contains(text(), \"Instructions\")]"}
COMMAND: POST /session/d2ee73163e71edf45acf38a1abb82030/element/f.39032AFF0B9C80A7D793EE88796AE887.d.736E113C2374FEFC2D39129E07299870.e.17248/click - {}
RESULT: {}
COMMAND: GET /session/d2ee73163e71edf45acf38a1abb82030/screenshot - {}
RESULT: {}
COMMAND: POST /session/d2ee73163e71edf45acf38a1abb82030/element - {"using":"xpath","value":"//button[@data-kt=\"AddNewHOProvideAddItemsButton\"]"}
RESULT: {"using":"xpath","value":"//button[@data-kt=\"AddNewHOProvideAddItemsButton\"]"}
COMMAND: POST /session/d2ee73163e71edf45acf38a1abb82030/element/f.39032AFF0B9C80A7D793EE88796AE887.d.736E113C2374FEFC2D39129E07299870.e.17252/click - {}
RESULT: {}
COMMAND: GET /session/d2ee73163e71edf45acf38a1abb82030/screenshot - {}
RESULT: {}
RESULT: undefined
COMMAND: POST /session/d2ee73163e71edf45acf38a1abb82030/element - {"using":"xpath","value":"//*[@id=\"application-managehandovers-display-component---AddNewHO--popup-sa\"]"}
RESULT: {"using":"xpath","value":"//*[@id=\"application-managehandovers-display-component---AddNewHO--popup-sa\"]"}
COMMAND: POST /session/d2ee73163e71edf45acf38a1abb82030/element/f.39032AFF0B9C80A7D793EE88796AE887.d.736E113C2374FEFC2D39129E07299870.e.17261/click - {}
RESULT: {}
COMMAND: GET /session/d2ee73163e71edf45acf38a1abb82030/screenshot - {}
RESULT: {}
COMMAND: POST /session/d2ee73163e71edf45acf38a1abb82030/element - {"using":"xpath","value":"//*[contains(@id ,\"BDI-content\")][contains(text(), \"Select\")]"}
RESULT: {"using":"xpath","value":"//*[contains(@id ,\"BDI-content\")][contains(text(), \"Select\")]"}
COMMAND: POST /session/d2ee73163e71edf45acf38a1abb82030/element/f.39032AFF0B9C80A7D793EE88796AE887.d.736E113C2374FEFC2D39129E07299870.e.17263/click - {}
RESULT: {}
COMMAND: GET /session/d2ee73163e71edf45acf38a1abb82030/screenshot - {}
RESULT: {}
COMMAND: POST /session/d2ee73163e71edf45acf38a1abb82030/execute/async - {"script":"<script> [1562 bytes]","args":[{"selector":{"id":"application-managehandovers-display-component---AddNewHO--confirmCreationButton","interaction":{"idSuffix":"BDI-content"}},"wdio_ui5_key":"applicationmanagehandovers-display-component---AddNewHO--confirmCreationButton"}]}
RESULT: {"script":"<script> [1562 bytes]","args":[{"selector":{"id":"application-managehandovers-display-component---AddNewHO--confirmCreationButton","interaction":{"idSuffix":"BDI-content"}},"wdio_ui5_key":"applicationmanagehandovers-display-component---AddNewHO--confirmCreationButton"}]}
RESULT: undefined
COMMAND: POST /session/d2ee73163e71edf45acf38a1abb82030/element - {"using":"xpath","value":"//*[@id=\"application-managehandovers-display-component---AddNewHO--confirmCreationButton\"]"}
RESULT: {"using":"xpath","value":"//*[@id=\"application-managehandovers-display-component---AddNewHO--confirmCreationButton\"]"}
COMMAND: POST /session/d2ee73163e71edf45acf38a1abb82030/element/f.39032AFF0B9C80A7D793EE88796AE887.d.736E113C2374FEFC2D39129E07299870.e.17071/click - {}
RESULT: {}
COMMAND: GET /session/d2ee73163e71edf45acf38a1abb82030/screenshot - {}
RESULT: {}
COMMAND: POST /session/d2ee73163e71edf45acf38a1abb82030/execute/async - {"script":"<script> [1562 bytes]","args":[{"selector":{"id":"issueDatePicker","viewName":"etm.portal.ui.managehandovers.view.DetailExecuteHO","interaction":{"idSuffix":"inner"}},"wdio_ui5_key":"issueDatePickeretmportal.ui.managehandovers.view.DetailExecuteHO"}]}
RESULT: {"script":"<script> [1562 bytes]","args":[{"selector":{"id":"issueDatePicker","viewName":"etm.portal.ui.managehandovers.view.DetailExecuteHO","interaction":{"idSuffix":"inner"}},"wdio_ui5_key":"issueDatePickeretmportal.ui.managehandovers.view.DetailExecuteHO"}]}
RESULT: undefined
COMMAND: POST /session/d2ee73163e71edf45acf38a1abb82030/execute/async - {"script":"<script> [776 bytes]","args":[{"enterText":"5/16/25","selector":{"id":"issueDatePicker","viewName":"etm.portal.ui.managehandovers.view.DetailExecuteHO","interaction":{"idSuffix":"inner"}},"clearTextFirst":true,"interactionType":"ENTER_TEXT"}]}
RESULT: {"script":"<script> [776 bytes]","args":[{"enterText":"5/16/25","selector":{"id":"issueDatePicker","viewName":"etm.portal.ui.managehandovers.view.DetailExecuteHO","interaction":{"idSuffix":"inner"}},"clearTextFirst":true,"interactionType":"ENTER_TEXT"}]}
COMMAND: POST /session/d2ee73163e71edf45acf38a1abb82030/element - {"using":"xpath","value":"//bdi[contains(text(), \"OK\")]"}
RESULT: {"using":"xpath","value":"//bdi[contains(text(), \"OK\")]"}
COMMAND: POST /session/d2ee73163e71edf45acf38a1abb82030/element/f.39032AFF0B9C80A7D793EE88796AE887.d.736E113C2374FEFC2D39129E07299870.e.17329/click - {}
RESULT: {}
COMMAND: GET /session/d2ee73163e71edf45acf38a1abb82030/screenshot - {}
RESULT: {}
COMMAND: POST /session/d2ee73163e71edf45acf38a1abb82030/element - {"using":"xpath","value":"//button[@data-kt=\"PickingTableConfirmAllButton\"]"}
RESULT: {"using":"xpath","value":"//button[@data-kt=\"PickingTableConfirmAllButton\"]"}
COMMAND: POST /session/d2ee73163e71edf45acf38a1abb82030/element/f.39032AFF0B9C80A7D793EE88796AE887.d.736E113C2374FEFC2D39129E07299870.e.17335/click - {}
RESULT: {}
COMMAND: GET /session/d2ee73163e71edf45acf38a1abb82030/screenshot - {}
RESULT: {}
COMMAND: POST /session/d2ee73163e71edf45acf38a1abb82030/element - {"using":"xpath","value":"//bdi[contains(text(), \"OK\")]"}
RESULT: {"using":"xpath","value":"//bdi[contains(text(), \"OK\")]"}
COMMAND: POST /session/d2ee73163e71edf45acf38a1abb82030/element/f.39032AFF0B9C80A7D793EE88796AE887.d.736E113C2374FEFC2D39129E07299870.e.17339/click - {}
RESULT: {}
COMMAND: GET /session/d2ee73163e71edf45acf38a1abb82030/screenshot - {}
RESULT: {}
COMMAND: POST /session/d2ee73163e71edf45acf38a1abb82030/element - {"using":"xpath","value":"//bdi[contains(text(), \"Issue\")]"}
RESULT: {"using":"xpath","value":"//bdi[contains(text(), \"Issue\")]"}
COMMAND: POST /session/d2ee73163e71edf45acf38a1abb82030/element/f.39032AFF0B9C80A7D793EE88796AE887.d.736E113C2374FEFC2D39129E07299870.e.17340/click - {}
RESULT: {}
COMMAND: GET /session/d2ee73163e71edf45acf38a1abb82030/screenshot - {}
RESULT: {}
COMMAND: POST /session/d2ee73163e71edf45acf38a1abb82030/element - {"using":"css selector","value":"#shell-header-logo"}
RESULT: {"using":"css selector","value":"#shell-header-logo"}
COMMAND: POST /session/d2ee73163e71edf45acf38a1abb82030/element/f.39032AFF0B9C80A7D793EE88796AE887.d.736E113C2374FEFC2D39129E07299870.e.16398/click - {}
RESULT: {}
COMMAND: GET /session/d2ee73163e71edf45acf38a1abb82030/screenshot - {}
RESULT: {}
]]></system-out>
    </testcase>
    <testcase classname="chrome.136_0_7103_93.windows.Performance_based_billing_(work_days)_US139742" name="Should create a few performance documents" time="96.705">
      <system-out><![CDATA[
COMMAND: POST /session/d2ee73163e71edf45acf38a1abb82030/execute/async - {"script":"<script> [1562 bytes]","args":[{"selector":{"controlType":"sap.m.GenericTile","properties":{"header":"Manage States & Performance"}},"wdio_ui5_key":"sapm.GenericTile{\"header\":\"Manage States & Performance\"}"}]}
RESULT: {"script":"<script> [1562 bytes]","args":[{"selector":{"controlType":"sap.m.GenericTile","properties":{"header":"Manage States & Performance"}},"wdio_ui5_key":"sapm.GenericTile{\"header\":\"Manage States & Performance\"}"}]}
RESULT: undefined
COMMAND: POST /session/d2ee73163e71edf45acf38a1abb82030/element - {"using":"xpath","value":"//*[@id=\"__tile56\"]"}
RESULT: {"using":"xpath","value":"//*[@id=\"__tile56\"]"}
COMMAND: POST /session/d2ee73163e71edf45acf38a1abb82030/element/f.39032AFF0B9C80A7D793EE88796AE887.d.736E113C2374FEFC2D39129E07299870.e.14187/click - {}
RESULT: {}
COMMAND: GET /session/d2ee73163e71edf45acf38a1abb82030/screenshot - {}
RESULT: {}
COMMAND: POST /session/d2ee73163e71edf45acf38a1abb82030/elements - {"using":"xpath","value":"//span[text()='Error']"}
RESULT: {"using":"xpath","value":"//span[text()='Error']"}
COMMAND: POST /session/d2ee73163e71edf45acf38a1abb82030/element - {"using":"xpath","value":"//div[@id=\"application-managestatesandperformance-display-component---stateAndPerform--smartFilterBarResources-btnBasicSearch\"]"}
RESULT: {"using":"xpath","value":"//div[@id=\"application-managestatesandperformance-display-component---stateAndPerform--smartFilterBarResources-btnBasicSearch\"]"}
COMMAND: POST /session/d2ee73163e71edf45acf38a1abb82030/elements - {"using":"xpath","value":"//div[@id=\"application-managestatesandperformance-display-component---stateAndPerform--smartFilterBarResources-btnBasicSearch\"]"}
RESULT: {"using":"xpath","value":"//div[@id=\"application-managestatesandperformance-display-component---stateAndPerform--smartFilterBarResources-btnBasicSearch\"]"}
COMMAND: POST /session/d2ee73163e71edf45acf38a1abb82030/execute/sync - {"script":"<script> [8489 bytes]","args":[{"element-6066-11e4-a52e-4f735466cecf":"f.39032AFF0B9C80A7D793EE88796AE887.d.736E113C2374FEFC2D39129E07299870.e.17720","ELEMENT":"f.39032AFF0B9C80A7D793EE88796AE887.d.736E113C2374FEFC2D39129E07299870.e.17720"}]}
RESULT: {"script":"<script> [8489 bytes]","args":[{"element-6066-11e4-a52e-4f735466cecf":"f.39032AFF0B9C80A7D793EE88796AE887.d.736E113C2374FEFC2D39129E07299870.e.17720","ELEMENT":"f.39032AFF0B9C80A7D793EE88796AE887.d.736E113C2374FEFC2D39129E07299870.e.17720"}]}
COMMAND: GET /session/d2ee73163e71edf45acf38a1abb82030/element/f.39032AFF0B9C80A7D793EE88796AE887.d.736E113C2374FEFC2D39129E07299870.e.17720/enabled - {}
COMMAND: GET /session/d2ee73163e71edf45acf38a1abb82030/screenshot - {}
RESULT: {}
COMMAND: POST /session/d2ee73163e71edf45acf38a1abb82030/execute/sync - {"script":"<script> [8489 bytes]","args":[{"element-6066-11e4-a52e-4f735466cecf":"f.39032AFF0B9C80A7D793EE88796AE887.d.736E113C2374FEFC2D39129E07299870.e.17720","ELEMENT":"f.39032AFF0B9C80A7D793EE88796AE887.d.736E113C2374FEFC2D39129E07299870.e.17720"}]}
COMMAND: GET /session/d2ee73163e71edf45acf38a1abb82030/screenshot - {}
RESULT: {}
RESULT: {"script":"<script> [8489 bytes]","args":[{"element-6066-11e4-a52e-4f735466cecf":"f.39032AFF0B9C80A7D793EE88796AE887.d.736E113C2374FEFC2D39129E07299870.e.17720","ELEMENT":"f.39032AFF0B9C80A7D793EE88796AE887.d.736E113C2374FEFC2D39129E07299870.e.17720"}]}
COMMAND: POST /session/d2ee73163e71edf45acf38a1abb82030/execute/sync - {"script":"<script> [5351 bytes]","args":[{"element-6066-11e4-a52e-4f735466cecf":"f.39032AFF0B9C80A7D793EE88796AE887.d.736E113C2374FEFC2D39129E07299870.e.17720","ELEMENT":"f.39032AFF0B9C80A7D793EE88796AE887.d.736E113C2374FEFC2D39129E07299870.e.17720"}]}
COMMAND: GET /session/d2ee73163e71edf45acf38a1abb82030/screenshot - {}
RESULT: {}
RESULT: {"script":"<script> [5351 bytes]","args":[{"element-6066-11e4-a52e-4f735466cecf":"f.39032AFF0B9C80A7D793EE88796AE887.d.736E113C2374FEFC2D39129E07299870.e.17720","ELEMENT":"f.39032AFF0B9C80A7D793EE88796AE887.d.736E113C2374FEFC2D39129E07299870.e.17720"}]}
COMMAND: POST /session/d2ee73163e71edf45acf38a1abb82030/execute/async - {"script":"<script> [1562 bytes]","args":[{"selector":{"id":"application-managestatesandperformance-display-component---stateAndPerform--smartFilterBarResources-btnBasicSearch","interaction":{"idSuffix":"I"}},"wdio_ui5_key":"applicationmanagestatesandperformance-display-component---stateAndPerform--smartFilterBarResources-btnBasicSearch"}]}
COMMAND: GET /session/d2ee73163e71edf45acf38a1abb82030/screenshot - {}
RESULT: {}
RESULT: {"script":"<script> [1562 bytes]","args":[{"selector":{"id":"application-managestatesandperformance-display-component---stateAndPerform--smartFilterBarResources-btnBasicSearch","interaction":{"idSuffix":"I"}},"wdio_ui5_key":"applicationmanagestatesandperformance-display-component---stateAndPerform--smartFilterBarResources-btnBasicSearch"}]}
RESULT: undefined
COMMAND: POST /session/d2ee73163e71edf45acf38a1abb82030/execute/async - {"script":"<script> [776 bytes]","args":[{"enterText":"ROrtEU5knT","selector":{"id":"application-managestatesandperformance-display-component---stateAndPerform--smartFilterBarResources-btnBasicSearch","interaction":{"idSuffix":"I"}},"clearTextFirst":true,"interactionType":"ENTER_TEXT"}]}
RESULT: {}
RESULT: {"script":"<script> [776 bytes]","args":[{"enterText":"ROrtEU5knT","selector":{"id":"application-managestatesandperformance-display-component---stateAndPerform--smartFilterBarResources-btnBasicSearch","interaction":{"idSuffix":"I"}},"clearTextFirst":true,"interactionType":"ENTER_TEXT"}]}
COMMAND: POST /session/d2ee73163e71edf45acf38a1abb82030/actions - {"actions":[{"id":"action63","type":"key","parameters":{},"actions":[{"type":"keyDown","value":"î€‡"},{"type":"pause","duration":10},{"type":"keyUp","value":"î€‡"}]}]}
RESULT: {"actions":[{"id":"action63","type":"key","parameters":{},"actions":[{"type":"keyDown","value":"î€‡"},{"type":"pause","duration":10},{"type":"keyUp","value":"î€‡"}]}]}
COMMAND: GET /session/d2ee73163e71edf45acf38a1abb82030/screenshot - {}
RESULT: {}
COMMAND: POST /session/d2ee73163e71edf45acf38a1abb82030/execute/async - {"script":"<script> [1562 bytes]","args":[{"selector":{"id":"application-managestatesandperformance-display-component---stateAndPerform--stateAndPerformResourcesSmartTable-header"},"wdio_ui5_key":"applicationmanagestatesandperformance-display-component---stateAndPerform--stateAndPerformResourcesSmartTable-header"}]}
RESULT: {"script":"<script> [1562 bytes]","args":[{"selector":{"id":"application-managestatesandperformance-display-component---stateAndPerform--stateAndPerformResourcesSmartTable-header"},"wdio_ui5_key":"applicationmanagestatesandperformance-display-component---stateAndPerform--stateAndPerformResourcesSmartTable-header"}]}
RESULT: undefined
COMMAND: POST /session/d2ee73163e71edf45acf38a1abb82030/execute/async - {"script":"<script> [6424 bytes]","args":[{"element-6066-11e4-a52e-4f735466cecf":"f.39032AFF0B9C80A7D793EE88796AE887.d.736E113C2374FEFC2D39129E07299870.e.17735"},"getText",[]]}
RESULT: {"script":"<script> [6424 bytes]","args":[{"element-6066-11e4-a52e-4f735466cecf":"f.39032AFF0B9C80A7D793EE88796AE887.d.736E113C2374FEFC2D39129E07299870.e.17735"},"getText",[]]}
COMMAND: POST /session/d2ee73163e71edf45acf38a1abb82030/execute/async - {"script":"<script> [1562 bytes]","args":[{"selector":{"controlType":"sap.ui.core.Icon","viewName":"etm.portal.ui.managestatesandperformance.view.Master","viewId":"application-managestatesandperformance-display-component---stateAndPerform","properties":{"src":{"regex":{"source":"slim\\-arrow\\-right"}}}},"wdio_ui5_key":"etmportal.ui.managestatesandperformance.view.Mastersap.ui.core.Icon{\"src\":{\"regex\":{\"source\":\"slim\\\\-arrow\\\\-right\"}}}"}]}
RESULT: {"script":"<script> [1562 bytes]","args":[{"selector":{"controlType":"sap.ui.core.Icon","viewName":"etm.portal.ui.managestatesandperformance.view.Master","viewId":"application-managestatesandperformance-display-component---stateAndPerform","properties":{"src":{"regex":{"source":"slim\\-arrow\\-right"}}}},"wdio_ui5_key":"etmportal.ui.managestatesandperformance.view.Mastersap.ui.core.Icon{\"src\":{\"regex\":{\"source\":\"slim\\\\-arrow\\\\-right\"}}}"}]}
RESULT: undefined
COMMAND: POST /session/d2ee73163e71edf45acf38a1abb82030/element - {"using":"xpath","value":"//*[@id=\"__item2112-__clone3915-imgNav\"]"}
RESULT: {"using":"xpath","value":"//*[@id=\"__item2112-__clone3915-imgNav\"]"}
COMMAND: POST /session/d2ee73163e71edf45acf38a1abb82030/element/f.39032AFF0B9C80A7D793EE88796AE887.d.736E113C2374FEFC2D39129E07299870.e.17734/click - {}
RESULT: {}
COMMAND: GET /session/d2ee73163e71edf45acf38a1abb82030/screenshot - {}
RESULT: {}
COMMAND: POST /session/d2ee73163e71edf45acf38a1abb82030/execute/async - {"script":"<script> [1562 bytes]","args":[{"selector":{"controlType":"sap.m.Button","viewName":"etm.portal.ui.managestatesandperformance.view.Detail","viewId":"application-managestatesandperformance-display-component---detailStateAndPerform","properties":{"text":"Performance Documents"}},"wdio_ui5_key":"etmportal.ui.managestatesandperformance.view.Detailsap.m.Button{\"text\":\"Performance Documents\"}"}]}
RESULT: {"script":"<script> [1562 bytes]","args":[{"selector":{"controlType":"sap.m.Button","viewName":"etm.portal.ui.managestatesandperformance.view.Detail","viewId":"application-managestatesandperformance-display-component---detailStateAndPerform","properties":{"text":"Performance Documents"}},"wdio_ui5_key":"etmportal.ui.managestatesandperformance.view.Detailsap.m.Button{\"text\":\"Performance Documents\"}"}]}
RESULT: undefined
COMMAND: POST /session/d2ee73163e71edf45acf38a1abb82030/element - {"using":"xpath","value":"//*[@id=\"__item2135-button\"]"}
RESULT: {"using":"xpath","value":"//*[@id=\"__item2135-button\"]"}
COMMAND: POST /session/d2ee73163e71edf45acf38a1abb82030/element/f.39032AFF0B9C80A7D793EE88796AE887.d.736E113C2374FEFC2D39129E07299870.e.17780/click - {}
RESULT: {}
COMMAND: POST /session/d2ee73163e71edf45acf38a1abb82030/execute/async - {"script":"<script> [1562 bytes]","args":[{"selector":{"controlType":"sap.m.Button","viewName":"etm.portal.ui.managestatesandperformance.view.Detail","viewId":"application-managestatesandperformance-display-component---detailStateAndPerform","i18NText":{"propertyName":"text","key":"createPerformanceDoc"},"interaction":{"idSuffix":"BDI-content"}},"wdio_ui5_key":"etmportal.ui.managestatesandperformance.view.Detailsap.m.Button{\"propertyName\":\"text\",\"key\":\"createPerformanceDoc\"}"}]}
COMMAND: GET /session/d2ee73163e71edf45acf38a1abb82030/screenshot - {}
RESULT: {"script":"<script> [1562 bytes]","args":[{"selector":{"controlType":"sap.m.Button","viewName":"etm.portal.ui.managestatesandperformance.view.Detail","viewId":"application-managestatesandperformance-display-component---detailStateAndPerform","i18NText":{"propertyName":"text","key":"createPerformanceDoc"},"interaction":{"idSuffix":"BDI-content"}},"wdio_ui5_key":"etmportal.ui.managestatesandperformance.view.Detailsap.m.Button{\"propertyName\":\"text\",\"key\":\"createPerformanceDoc\"}"}]}
RESULT: undefined
COMMAND: POST /session/d2ee73163e71edf45acf38a1abb82030/element - {"using":"xpath","value":"//*[@id=\"__button358\"]"}
RESULT: {}
RESULT: {"using":"xpath","value":"//*[@id=\"__button358\"]"}
COMMAND: POST /session/d2ee73163e71edf45acf38a1abb82030/element/f.39032AFF0B9C80A7D793EE88796AE887.d.736E113C2374FEFC2D39129E07299870.e.17783/click - {}
RESULT: {}
COMMAND: POST /session/d2ee73163e71edf45acf38a1abb82030/execute/async - {"script":"<script> [1562 bytes]","args":[{"selector":{"id":"application-managestatesandperformance-display-component---detailStateAndPerform--perfDocDatePicker","searchOpenDialogs":true,"interaction":{"idSuffix":"inner"}},"wdio_ui5_key":"applicationmanagestatesandperformance-display-component---detailStateAndPerform--perfDocDatePicker"}]}
COMMAND: GET /session/d2ee73163e71edf45acf38a1abb82030/screenshot - {}
RESULT: {"script":"<script> [1562 bytes]","args":[{"selector":{"id":"application-managestatesandperformance-display-component---detailStateAndPerform--perfDocDatePicker","searchOpenDialogs":true,"interaction":{"idSuffix":"inner"}},"wdio_ui5_key":"applicationmanagestatesandperformance-display-component---detailStateAndPerform--perfDocDatePicker"}]}
RESULT: undefined
COMMAND: POST /session/d2ee73163e71edf45acf38a1abb82030/execute/async - {"script":"<script> [776 bytes]","args":[{"enterText":"5/18/25","selector":{"id":"application-managestatesandperformance-display-component---detailStateAndPerform--perfDocDatePicker","searchOpenDialogs":true,"interaction":{"idSuffix":"inner"}},"clearTextFirst":true,"interactionType":"ENTER_TEXT"}]}
RESULT: {}
RESULT: {"script":"<script> [776 bytes]","args":[{"enterText":"5/18/25","selector":{"id":"application-managestatesandperformance-display-component---detailStateAndPerform--perfDocDatePicker","searchOpenDialogs":true,"interaction":{"idSuffix":"inner"}},"clearTextFirst":true,"interactionType":"ENTER_TEXT"}]}
COMMAND: POST /session/d2ee73163e71edf45acf38a1abb82030/execute/async - {"script":"<script> [1562 bytes]","args":[{"selector":{"id":"application-managestatesandperformance-display-component---detailStateAndPerform--counterValue-input","searchOpenDialogs":true,"interaction":{"idSuffix":"inner"}},"wdio_ui5_key":"applicationmanagestatesandperformance-display-component---detailStateAndPerform--counterValue-input"}]}
RESULT: {"script":"<script> [1562 bytes]","args":[{"selector":{"id":"application-managestatesandperformance-display-component---detailStateAndPerform--counterValue-input","searchOpenDialogs":true,"interaction":{"idSuffix":"inner"}},"wdio_ui5_key":"applicationmanagestatesandperformance-display-component---detailStateAndPerform--counterValue-input"}]}
RESULT: undefined
COMMAND: POST /session/d2ee73163e71edf45acf38a1abb82030/execute/async - {"script":"<script> [776 bytes]","args":[{"enterText":"15.00","selector":{"id":"application-managestatesandperformance-display-component---detailStateAndPerform--counterValue-input","searchOpenDialogs":true,"interaction":{"idSuffix":"inner"}},"clearTextFirst":true,"interactionType":"ENTER_TEXT"}]}
RESULT: {"script":"<script> [776 bytes]","args":[{"enterText":"15.00","selector":{"id":"application-managestatesandperformance-display-component---detailStateAndPerform--counterValue-input","searchOpenDialogs":true,"interaction":{"idSuffix":"inner"}},"clearTextFirst":true,"interactionType":"ENTER_TEXT"}]}
COMMAND: POST /session/d2ee73163e71edf45acf38a1abb82030/execute/async - {"script":"<script> [1562 bytes]","args":[{"selector":{"controlType":"sap.m.Button","viewName":"etm.portal.ui.managestatesandperformance.view.Detail","viewId":"application-managestatesandperformance-display-component---detailStateAndPerform","bindingPath":{"path":"","propertyPath":"/allowAddEdit","modelName":"oScreenModel"},"searchOpenDialogs":true,"interaction":{"idSuffix":"BDI-content"}},"wdio_ui5_key":"etmportal.ui.managestatesandperformance.view.Detailsap.m.Button{\"path\":\"\",\"propertyPath\":\"/allowAddEdit\",\"modelName\":\"oScreenModel\"}"}]}
RESULT: {"script":"<script> [1562 bytes]","args":[{"selector":{"controlType":"sap.m.Button","viewName":"etm.portal.ui.managestatesandperformance.view.Detail","viewId":"application-managestatesandperformance-display-component---detailStateAndPerform","bindingPath":{"path":"","propertyPath":"/allowAddEdit","modelName":"oScreenModel"},"searchOpenDialogs":true,"interaction":{"idSuffix":"BDI-content"}},"wdio_ui5_key":"etmportal.ui.managestatesandperformance.view.Detailsap.m.Button{\"path\":\"\",\"propertyPath\":\"/allowAddEdit\",\"modelName\":\"oScreenModel\"}"}]}
RESULT: undefined
COMMAND: POST /session/d2ee73163e71edf45acf38a1abb82030/element - {"using":"xpath","value":"//*[@id=\"__button365\"]"}
RESULT: {"using":"xpath","value":"//*[@id=\"__button365\"]"}
COMMAND: POST /session/d2ee73163e71edf45acf38a1abb82030/element/f.39032AFF0B9C80A7D793EE88796AE887.d.736E113C2374FEFC2D39129E07299870.e.17804/click - {}
RESULT: {}
RESULT: undefined
COMMAND: POST /session/d2ee73163e71edf45acf38a1abb82030/element - {"using":"xpath","value":"//*[@id=\"__button358\"]"}
COMMAND: GET /session/d2ee73163e71edf45acf38a1abb82030/screenshot - {}
RESULT: {"using":"xpath","value":"//*[@id=\"__button358\"]"}
COMMAND: POST /session/d2ee73163e71edf45acf38a1abb82030/element/f.39032AFF0B9C80A7D793EE88796AE887.d.736E113C2374FEFC2D39129E07299870.e.17783/click - {}
RESULT: {}
RESULT: {}
RESULT: undefined
COMMAND: POST /session/d2ee73163e71edf45acf38a1abb82030/execute/async - {"script":"<script> [776 bytes]","args":[{"enterText":"5/22/25","selector":{"id":"application-managestatesandperformance-display-component---detailStateAndPerform--perfDocDatePicker","searchOpenDialogs":true,"interaction":{"idSuffix":"inner"}},"clearTextFirst":true,"interactionType":"ENTER_TEXT"}]}
COMMAND: GET /session/d2ee73163e71edf45acf38a1abb82030/screenshot - {}
RESULT: {"script":"<script> [776 bytes]","args":[{"enterText":"5/22/25","selector":{"id":"application-managestatesandperformance-display-component---detailStateAndPerform--perfDocDatePicker","searchOpenDialogs":true,"interaction":{"idSuffix":"inner"}},"clearTextFirst":true,"interactionType":"ENTER_TEXT"}]}
RESULT: undefined
COMMAND: POST /session/d2ee73163e71edf45acf38a1abb82030/execute/async - {"script":"<script> [776 bytes]","args":[{"enterText":"20.00","selector":{"id":"application-managestatesandperformance-display-component---detailStateAndPerform--counterValue-input","searchOpenDialogs":true,"interaction":{"idSuffix":"inner"}},"clearTextFirst":true,"interactionType":"ENTER_TEXT"}]}
RESULT: {}
RESULT: {"script":"<script> [776 bytes]","args":[{"enterText":"20.00","selector":{"id":"application-managestatesandperformance-display-component---detailStateAndPerform--counterValue-input","searchOpenDialogs":true,"interaction":{"idSuffix":"inner"}},"clearTextFirst":true,"interactionType":"ENTER_TEXT"}]}
COMMAND: POST /session/d2ee73163e71edf45acf38a1abb82030/actions - {"actions":[{"id":"action64","type":"key","parameters":{},"actions":[{"type":"keyDown","value":"î€„"},{"type":"keyDown","value":"î€„"},{"type":"pause","duration":10},{"type":"keyUp","value":"î€„"},{"type":"keyUp","value":"î€„"}]}]}
RESULT: {"actions":[{"id":"action64","type":"key","parameters":{},"actions":[{"type":"keyDown","value":"î€„"},{"type":"keyDown","value":"î€„"},{"type":"pause","duration":10},{"type":"keyUp","value":"î€„"},{"type":"keyUp","value":"î€„"}]}]}
COMMAND: POST /session/d2ee73163e71edf45acf38a1abb82030/actions - {"actions":[{"id":"action65","type":"key","parameters":{},"actions":[{"type":"keyDown","value":"î€‡"},{"type":"pause","duration":10},{"type":"keyUp","value":"î€‡"}]}]}
COMMAND: GET /session/d2ee73163e71edf45acf38a1abb82030/screenshot - {}
RESULT: {"actions":[{"id":"action65","type":"key","parameters":{},"actions":[{"type":"keyDown","value":"î€‡"},{"type":"pause","duration":10},{"type":"keyUp","value":"î€‡"}]}]}
RESULT: undefined
COMMAND: POST /session/d2ee73163e71edf45acf38a1abb82030/element - {"using":"xpath","value":"//*[@id=\"__button365\"]"}
COMMAND: GET /session/d2ee73163e71edf45acf38a1abb82030/screenshot - {}
RESULT: {}
RESULT: {"using":"xpath","value":"//*[@id=\"__button365\"]"}
COMMAND: POST /session/d2ee73163e71edf45acf38a1abb82030/elements - {"using":"xpath","value":"//*[@id=\"__button365\"]"}
RESULT: {}
RESULT: {"using":"xpath","value":"//*[@id=\"__button365\"]"}
COMMAND: POST /session/d2ee73163e71edf45acf38a1abb82030/elements - {"using":"xpath","value":"//*[@id=\"__button365\"]"}
RESULT: {"using":"xpath","value":"//*[@id=\"__button365\"]"}
COMMAND: POST /session/d2ee73163e71edf45acf38a1abb82030/elements - {"using":"xpath","value":"//*[@id=\"__button365\"]"}
RESULT: {"using":"xpath","value":"//*[@id=\"__button365\"]"}
COMMAND: POST /session/d2ee73163e71edf45acf38a1abb82030/elements - {"using":"xpath","value":"//*[@id=\"__button365\"]"}
RESULT: {"using":"xpath","value":"//*[@id=\"__button365\"]"}
COMMAND: POST /session/d2ee73163e71edf45acf38a1abb82030/elements - {"using":"xpath","value":"//*[@id=\"__button365\"]"}
RESULT: {"using":"xpath","value":"//*[@id=\"__button365\"]"}
COMMAND: POST /session/d2ee73163e71edf45acf38a1abb82030/elements - {"using":"xpath","value":"//*[@id=\"__button365\"]"}
RESULT: {"using":"xpath","value":"//*[@id=\"__button365\"]"}
COMMAND: POST /session/d2ee73163e71edf45acf38a1abb82030/elements - {"using":"xpath","value":"//*[@id=\"__button365\"]"}
RESULT: {"using":"xpath","value":"//*[@id=\"__button365\"]"}
COMMAND: POST /session/d2ee73163e71edf45acf38a1abb82030/elements - {"using":"xpath","value":"//*[@id=\"__button365\"]"}
RESULT: {"using":"xpath","value":"//*[@id=\"__button365\"]"}
COMMAND: POST /session/d2ee73163e71edf45acf38a1abb82030/elements - {"using":"xpath","value":"//*[@id=\"__button365\"]"}
RESULT: {"using":"xpath","value":"//*[@id=\"__button365\"]"}
COMMAND: POST /session/d2ee73163e71edf45acf38a1abb82030/elements - {"using":"xpath","value":"//*[@id=\"__button365\"]"}
RESULT: {"using":"xpath","value":"//*[@id=\"__button365\"]"}
COMMAND: POST /session/d2ee73163e71edf45acf38a1abb82030/elements - {"using":"xpath","value":"//*[@id=\"__button365\"]"}
RESULT: {"using":"xpath","value":"//*[@id=\"__button365\"]"}
COMMAND: POST /session/d2ee73163e71edf45acf38a1abb82030/elements - {"using":"xpath","value":"//*[@id=\"__button365\"]"}
RESULT: {"using":"xpath","value":"//*[@id=\"__button365\"]"}
COMMAND: POST /session/d2ee73163e71edf45acf38a1abb82030/elements - {"using":"xpath","value":"//*[@id=\"__button365\"]"}
RESULT: {"using":"xpath","value":"//*[@id=\"__button365\"]"}
COMMAND: POST /session/d2ee73163e71edf45acf38a1abb82030/elements - {"using":"xpath","value":"//*[@id=\"__button365\"]"}
RESULT: {"using":"xpath","value":"//*[@id=\"__button365\"]"}
COMMAND: POST /session/d2ee73163e71edf45acf38a1abb82030/elements - {"using":"xpath","value":"//*[@id=\"__button365\"]"}
RESULT: {"using":"xpath","value":"//*[@id=\"__button365\"]"}
COMMAND: POST /session/d2ee73163e71edf45acf38a1abb82030/elements - {"using":"xpath","value":"//*[@id=\"__button365\"]"}
RESULT: {"using":"xpath","value":"//*[@id=\"__button365\"]"}
COMMAND: POST /session/d2ee73163e71edf45acf38a1abb82030/elements - {"using":"xpath","value":"//*[@id=\"__button365\"]"}
RESULT: {"using":"xpath","value":"//*[@id=\"__button365\"]"}
COMMAND: POST /session/d2ee73163e71edf45acf38a1abb82030/elements - {"using":"xpath","value":"//*[@id=\"__button365\"]"}
RESULT: {"using":"xpath","value":"//*[@id=\"__button365\"]"}
COMMAND: POST /session/d2ee73163e71edf45acf38a1abb82030/elements - {"using":"xpath","value":"//*[@id=\"__button365\"]"}
RESULT: {"using":"xpath","value":"//*[@id=\"__button365\"]"}
COMMAND: POST /session/d2ee73163e71edf45acf38a1abb82030/elements - {"using":"xpath","value":"//*[@id=\"__button365\"]"}
RESULT: {"using":"xpath","value":"//*[@id=\"__button365\"]"}
COMMAND: POST /session/d2ee73163e71edf45acf38a1abb82030/elements - {"using":"xpath","value":"//*[@id=\"__button365\"]"}
RESULT: {"using":"xpath","value":"//*[@id=\"__button365\"]"}
COMMAND: POST /session/d2ee73163e71edf45acf38a1abb82030/elements - {"using":"xpath","value":"//*[@id=\"__button365\"]"}
RESULT: {"using":"xpath","value":"//*[@id=\"__button365\"]"}
COMMAND: POST /session/d2ee73163e71edf45acf38a1abb82030/elements - {"using":"xpath","value":"//*[@id=\"__button365\"]"}
RESULT: {"using":"xpath","value":"//*[@id=\"__button365\"]"}
COMMAND: POST /session/d2ee73163e71edf45acf38a1abb82030/elements - {"using":"xpath","value":"//*[@id=\"__button365\"]"}
RESULT: {"using":"xpath","value":"//*[@id=\"__button365\"]"}
COMMAND: POST /session/d2ee73163e71edf45acf38a1abb82030/elements - {"using":"xpath","value":"//*[@id=\"__button365\"]"}
RESULT: {"using":"xpath","value":"//*[@id=\"__button365\"]"}
COMMAND: POST /session/d2ee73163e71edf45acf38a1abb82030/elements - {"using":"xpath","value":"//*[@id=\"__button365\"]"}
RESULT: {"using":"xpath","value":"//*[@id=\"__button365\"]"}
COMMAND: POST /session/d2ee73163e71edf45acf38a1abb82030/elements - {"using":"xpath","value":"//*[@id=\"__button365\"]"}
RESULT: {"using":"xpath","value":"//*[@id=\"__button365\"]"}
COMMAND: POST /session/d2ee73163e71edf45acf38a1abb82030/elements - {"using":"xpath","value":"//*[@id=\"__button365\"]"}
RESULT: {"using":"xpath","value":"//*[@id=\"__button365\"]"}
COMMAND: POST /session/d2ee73163e71edf45acf38a1abb82030/elements - {"using":"xpath","value":"//*[@id=\"__button365\"]"}
RESULT: {"using":"xpath","value":"//*[@id=\"__button365\"]"}
COMMAND: POST /session/d2ee73163e71edf45acf38a1abb82030/elements - {"using":"xpath","value":"//*[@id=\"__button365\"]"}
RESULT: {"using":"xpath","value":"//*[@id=\"__button365\"]"}
COMMAND: POST /session/d2ee73163e71edf45acf38a1abb82030/elements - {"using":"xpath","value":"//*[@id=\"__button365\"]"}
RESULT: {"using":"xpath","value":"//*[@id=\"__button365\"]"}
COMMAND: POST /session/d2ee73163e71edf45acf38a1abb82030/elements - {"using":"xpath","value":"//*[@id=\"__button365\"]"}
RESULT: {"using":"xpath","value":"//*[@id=\"__button365\"]"}
COMMAND: POST /session/d2ee73163e71edf45acf38a1abb82030/elements - {"using":"xpath","value":"//*[@id=\"__button365\"]"}
RESULT: {"using":"xpath","value":"//*[@id=\"__button365\"]"}
COMMAND: POST /session/d2ee73163e71edf45acf38a1abb82030/elements - {"using":"xpath","value":"//*[@id=\"__button365\"]"}
RESULT: {"using":"xpath","value":"//*[@id=\"__button365\"]"}
COMMAND: POST /session/d2ee73163e71edf45acf38a1abb82030/elements - {"using":"xpath","value":"//*[@id=\"__button365\"]"}
RESULT: {"using":"xpath","value":"//*[@id=\"__button365\"]"}
COMMAND: POST /session/d2ee73163e71edf45acf38a1abb82030/elements - {"using":"xpath","value":"//*[@id=\"__button365\"]"}
RESULT: {"using":"xpath","value":"//*[@id=\"__button365\"]"}
COMMAND: POST /session/d2ee73163e71edf45acf38a1abb82030/elements - {"using":"xpath","value":"//*[@id=\"__button365\"]"}
RESULT: {"using":"xpath","value":"//*[@id=\"__button365\"]"}
COMMAND: POST /session/d2ee73163e71edf45acf38a1abb82030/elements - {"using":"xpath","value":"//*[@id=\"__button365\"]"}
RESULT: {"using":"xpath","value":"//*[@id=\"__button365\"]"}
COMMAND: POST /session/d2ee73163e71edf45acf38a1abb82030/elements - {"using":"xpath","value":"//*[@id=\"__button365\"]"}
RESULT: {"using":"xpath","value":"//*[@id=\"__button365\"]"}
COMMAND: POST /session/d2ee73163e71edf45acf38a1abb82030/elements - {"using":"xpath","value":"//*[@id=\"__button365\"]"}
RESULT: {"using":"xpath","value":"//*[@id=\"__button365\"]"}
COMMAND: POST /session/d2ee73163e71edf45acf38a1abb82030/elements - {"using":"xpath","value":"//*[@id=\"__button365\"]"}
RESULT: {"using":"xpath","value":"//*[@id=\"__button365\"]"}
COMMAND: POST /session/d2ee73163e71edf45acf38a1abb82030/elements - {"using":"xpath","value":"//*[@id=\"__button365\"]"}
RESULT: {"using":"xpath","value":"//*[@id=\"__button365\"]"}
COMMAND: POST /session/d2ee73163e71edf45acf38a1abb82030/elements - {"using":"xpath","value":"//*[@id=\"__button365\"]"}
RESULT: {"using":"xpath","value":"//*[@id=\"__button365\"]"}
COMMAND: POST /session/d2ee73163e71edf45acf38a1abb82030/elements - {"using":"xpath","value":"//*[@id=\"__button365\"]"}
RESULT: {"using":"xpath","value":"//*[@id=\"__button365\"]"}
COMMAND: POST /session/d2ee73163e71edf45acf38a1abb82030/elements - {"using":"xpath","value":"//*[@id=\"__button365\"]"}
RESULT: {"using":"xpath","value":"//*[@id=\"__button365\"]"}
COMMAND: POST /session/d2ee73163e71edf45acf38a1abb82030/elements - {"using":"xpath","value":"//*[@id=\"__button365\"]"}
RESULT: {"using":"xpath","value":"//*[@id=\"__button365\"]"}
COMMAND: POST /session/d2ee73163e71edf45acf38a1abb82030/elements - {"using":"xpath","value":"//*[@id=\"__button365\"]"}
RESULT: {"using":"xpath","value":"//*[@id=\"__button365\"]"}
COMMAND: POST /session/d2ee73163e71edf45acf38a1abb82030/elements - {"using":"xpath","value":"//*[@id=\"__button365\"]"}
RESULT: {"using":"xpath","value":"//*[@id=\"__button365\"]"}
COMMAND: POST /session/d2ee73163e71edf45acf38a1abb82030/elements - {"using":"xpath","value":"//*[@id=\"__button365\"]"}
RESULT: {"using":"xpath","value":"//*[@id=\"__button365\"]"}
COMMAND: POST /session/d2ee73163e71edf45acf38a1abb82030/elements - {"using":"xpath","value":"//*[@id=\"__button365\"]"}
RESULT: {"using":"xpath","value":"//*[@id=\"__button365\"]"}
COMMAND: POST /session/d2ee73163e71edf45acf38a1abb82030/elements - {"using":"xpath","value":"//*[@id=\"__button365\"]"}
RESULT: {"using":"xpath","value":"//*[@id=\"__button365\"]"}
COMMAND: POST /session/d2ee73163e71edf45acf38a1abb82030/elements - {"using":"xpath","value":"//*[@id=\"__button365\"]"}
RESULT: {"using":"xpath","value":"//*[@id=\"__button365\"]"}
COMMAND: POST /session/d2ee73163e71edf45acf38a1abb82030/elements - {"using":"xpath","value":"//*[@id=\"__button365\"]"}
RESULT: {"using":"xpath","value":"//*[@id=\"__button365\"]"}
COMMAND: POST /session/d2ee73163e71edf45acf38a1abb82030/elements - {"using":"xpath","value":"//*[@id=\"__button365\"]"}
RESULT: {"using":"xpath","value":"//*[@id=\"__button365\"]"}
COMMAND: POST /session/d2ee73163e71edf45acf38a1abb82030/elements - {"using":"xpath","value":"//*[@id=\"__button365\"]"}
RESULT: {"using":"xpath","value":"//*[@id=\"__button365\"]"}
COMMAND: POST /session/d2ee73163e71edf45acf38a1abb82030/elements - {"using":"xpath","value":"//*[@id=\"__button365\"]"}
RESULT: {"using":"xpath","value":"//*[@id=\"__button365\"]"}
COMMAND: POST /session/d2ee73163e71edf45acf38a1abb82030/elements - {"using":"xpath","value":"//*[@id=\"__button365\"]"}
RESULT: {"using":"xpath","value":"//*[@id=\"__button365\"]"}
COMMAND: POST /session/d2ee73163e71edf45acf38a1abb82030/elements - {"using":"xpath","value":"//*[@id=\"__button365\"]"}
RESULT: {"using":"xpath","value":"//*[@id=\"__button365\"]"}
COMMAND: POST /session/d2ee73163e71edf45acf38a1abb82030/elements - {"using":"xpath","value":"//*[@id=\"__button365\"]"}
RESULT: {"using":"xpath","value":"//*[@id=\"__button365\"]"}
COMMAND: POST /session/d2ee73163e71edf45acf38a1abb82030/elements - {"using":"xpath","value":"//*[@id=\"__button365\"]"}
RESULT: {"using":"xpath","value":"//*[@id=\"__button365\"]"}
COMMAND: POST /session/d2ee73163e71edf45acf38a1abb82030/elements - {"using":"xpath","value":"//*[@id=\"__button365\"]"}
RESULT: {"using":"xpath","value":"//*[@id=\"__button365\"]"}
COMMAND: POST /session/d2ee73163e71edf45acf38a1abb82030/elements - {"using":"xpath","value":"//*[@id=\"__button365\"]"}
RESULT: {"using":"xpath","value":"//*[@id=\"__button365\"]"}
COMMAND: POST /session/d2ee73163e71edf45acf38a1abb82030/elements - {"using":"xpath","value":"//*[@id=\"__button365\"]"}
RESULT: {"using":"xpath","value":"//*[@id=\"__button365\"]"}
COMMAND: POST /session/d2ee73163e71edf45acf38a1abb82030/elements - {"using":"xpath","value":"//*[@id=\"__button365\"]"}
RESULT: {"using":"xpath","value":"//*[@id=\"__button365\"]"}
COMMAND: POST /session/d2ee73163e71edf45acf38a1abb82030/elements - {"using":"xpath","value":"//*[@id=\"__button365\"]"}
RESULT: {"using":"xpath","value":"//*[@id=\"__button365\"]"}
COMMAND: POST /session/d2ee73163e71edf45acf38a1abb82030/elements - {"using":"xpath","value":"//*[@id=\"__button365\"]"}
RESULT: {"using":"xpath","value":"//*[@id=\"__button365\"]"}
COMMAND: POST /session/d2ee73163e71edf45acf38a1abb82030/elements - {"using":"xpath","value":"//*[@id=\"__button365\"]"}
RESULT: {"using":"xpath","value":"//*[@id=\"__button365\"]"}
COMMAND: POST /session/d2ee73163e71edf45acf38a1abb82030/elements - {"using":"xpath","value":"//*[@id=\"__button365\"]"}
RESULT: {"using":"xpath","value":"//*[@id=\"__button365\"]"}
COMMAND: POST /session/d2ee73163e71edf45acf38a1abb82030/elements - {"using":"xpath","value":"//*[@id=\"__button365\"]"}
RESULT: {"using":"xpath","value":"//*[@id=\"__button365\"]"}
COMMAND: POST /session/d2ee73163e71edf45acf38a1abb82030/elements - {"using":"xpath","value":"//*[@id=\"__button365\"]"}
RESULT: {"using":"xpath","value":"//*[@id=\"__button365\"]"}
COMMAND: POST /session/d2ee73163e71edf45acf38a1abb82030/elements - {"using":"xpath","value":"//*[@id=\"__button365\"]"}
RESULT: {"using":"xpath","value":"//*[@id=\"__button365\"]"}
COMMAND: POST /session/d2ee73163e71edf45acf38a1abb82030/elements - {"using":"xpath","value":"//*[@id=\"__button365\"]"}
RESULT: {"using":"xpath","value":"//*[@id=\"__button365\"]"}
COMMAND: POST /session/d2ee73163e71edf45acf38a1abb82030/elements - {"using":"xpath","value":"//*[@id=\"__button365\"]"}
RESULT: {"using":"xpath","value":"//*[@id=\"__button365\"]"}
COMMAND: POST /session/d2ee73163e71edf45acf38a1abb82030/elements - {"using":"xpath","value":"//*[@id=\"__button365\"]"}
RESULT: {"using":"xpath","value":"//*[@id=\"__button365\"]"}
COMMAND: POST /session/d2ee73163e71edf45acf38a1abb82030/elements - {"using":"xpath","value":"//*[@id=\"__button365\"]"}
RESULT: {"using":"xpath","value":"//*[@id=\"__button365\"]"}
COMMAND: POST /session/d2ee73163e71edf45acf38a1abb82030/elements - {"using":"xpath","value":"//*[@id=\"__button365\"]"}
RESULT: {"using":"xpath","value":"//*[@id=\"__button365\"]"}
COMMAND: POST /session/d2ee73163e71edf45acf38a1abb82030/elements - {"using":"xpath","value":"//*[@id=\"__button365\"]"}
RESULT: {"using":"xpath","value":"//*[@id=\"__button365\"]"}
COMMAND: POST /session/d2ee73163e71edf45acf38a1abb82030/elements - {"using":"xpath","value":"//*[@id=\"__button365\"]"}
RESULT: {"using":"xpath","value":"//*[@id=\"__button365\"]"}
COMMAND: POST /session/d2ee73163e71edf45acf38a1abb82030/elements - {"using":"xpath","value":"//*[@id=\"__button365\"]"}
RESULT: {"using":"xpath","value":"//*[@id=\"__button365\"]"}
COMMAND: POST /session/d2ee73163e71edf45acf38a1abb82030/elements - {"using":"xpath","value":"//*[@id=\"__button365\"]"}
RESULT: {"using":"xpath","value":"//*[@id=\"__button365\"]"}
COMMAND: POST /session/d2ee73163e71edf45acf38a1abb82030/elements - {"using":"xpath","value":"//*[@id=\"__button365\"]"}
RESULT: {"using":"xpath","value":"//*[@id=\"__button365\"]"}
COMMAND: POST /session/d2ee73163e71edf45acf38a1abb82030/elements - {"using":"xpath","value":"//*[@id=\"__button365\"]"}
RESULT: {"using":"xpath","value":"//*[@id=\"__button365\"]"}
COMMAND: POST /session/d2ee73163e71edf45acf38a1abb82030/elements - {"using":"xpath","value":"//*[@id=\"__button365\"]"}
RESULT: {"using":"xpath","value":"//*[@id=\"__button365\"]"}
COMMAND: POST /session/d2ee73163e71edf45acf38a1abb82030/elements - {"using":"xpath","value":"//*[@id=\"__button365\"]"}
RESULT: {"using":"xpath","value":"//*[@id=\"__button365\"]"}
COMMAND: POST /session/d2ee73163e71edf45acf38a1abb82030/elements - {"using":"xpath","value":"//*[@id=\"__button365\"]"}
RESULT: {"using":"xpath","value":"//*[@id=\"__button365\"]"}
COMMAND: POST /session/d2ee73163e71edf45acf38a1abb82030/elements - {"using":"xpath","value":"//*[@id=\"__button365\"]"}
RESULT: {"using":"xpath","value":"//*[@id=\"__button365\"]"}
COMMAND: POST /session/d2ee73163e71edf45acf38a1abb82030/elements - {"using":"xpath","value":"//*[@id=\"__button365\"]"}
RESULT: {"using":"xpath","value":"//*[@id=\"__button365\"]"}
COMMAND: POST /session/d2ee73163e71edf45acf38a1abb82030/elements - {"using":"xpath","value":"//*[@id=\"__button365\"]"}
RESULT: {"using":"xpath","value":"//*[@id=\"__button365\"]"}
COMMAND: POST /session/d2ee73163e71edf45acf38a1abb82030/elements - {"using":"xpath","value":"//*[@id=\"__button365\"]"}
RESULT: {"using":"xpath","value":"//*[@id=\"__button365\"]"}
COMMAND: POST /session/d2ee73163e71edf45acf38a1abb82030/elements - {"using":"xpath","value":"//*[@id=\"__button365\"]"}
RESULT: {"using":"xpath","value":"//*[@id=\"__button365\"]"}
COMMAND: POST /session/d2ee73163e71edf45acf38a1abb82030/elements - {"using":"xpath","value":"//*[@id=\"__button365\"]"}
RESULT: {"using":"xpath","value":"//*[@id=\"__button365\"]"}
COMMAND: POST /session/d2ee73163e71edf45acf38a1abb82030/elements - {"using":"xpath","value":"//*[@id=\"__button365\"]"}
RESULT: {"using":"xpath","value":"//*[@id=\"__button365\"]"}
COMMAND: POST /session/d2ee73163e71edf45acf38a1abb82030/elements - {"using":"xpath","value":"//*[@id=\"__button365\"]"}
RESULT: {"using":"xpath","value":"//*[@id=\"__button365\"]"}
COMMAND: POST /session/d2ee73163e71edf45acf38a1abb82030/elements - {"using":"xpath","value":"//*[@id=\"__button365\"]"}
RESULT: {"using":"xpath","value":"//*[@id=\"__button365\"]"}
COMMAND: POST /session/d2ee73163e71edf45acf38a1abb82030/elements - {"using":"xpath","value":"//*[@id=\"__button365\"]"}
RESULT: {"using":"xpath","value":"//*[@id=\"__button365\"]"}
COMMAND: POST /session/d2ee73163e71edf45acf38a1abb82030/elements - {"using":"xpath","value":"//*[@id=\"__button365\"]"}
RESULT: {"using":"xpath","value":"//*[@id=\"__button365\"]"}
COMMAND: POST /session/d2ee73163e71edf45acf38a1abb82030/elements - {"using":"xpath","value":"//*[@id=\"__button365\"]"}
RESULT: {"using":"xpath","value":"//*[@id=\"__button365\"]"}
COMMAND: POST /session/d2ee73163e71edf45acf38a1abb82030/elements - {"using":"xpath","value":"//*[@id=\"__button365\"]"}
RESULT: {"using":"xpath","value":"//*[@id=\"__button365\"]"}
COMMAND: POST /session/d2ee73163e71edf45acf38a1abb82030/elements - {"using":"xpath","value":"//*[@id=\"__button365\"]"}
RESULT: {"using":"xpath","value":"//*[@id=\"__button365\"]"}
COMMAND: POST /session/d2ee73163e71edf45acf38a1abb82030/elements - {"using":"xpath","value":"//*[@id=\"__button365\"]"}
RESULT: {"using":"xpath","value":"//*[@id=\"__button365\"]"}
COMMAND: POST /session/d2ee73163e71edf45acf38a1abb82030/elements - {"using":"xpath","value":"//*[@id=\"__button365\"]"}
RESULT: {"using":"xpath","value":"//*[@id=\"__button365\"]"}
COMMAND: POST /session/d2ee73163e71edf45acf38a1abb82030/elements - {"using":"xpath","value":"//*[@id=\"__button365\"]"}
RESULT: {"using":"xpath","value":"//*[@id=\"__button365\"]"}
COMMAND: POST /session/d2ee73163e71edf45acf38a1abb82030/elements - {"using":"xpath","value":"//*[@id=\"__button365\"]"}
RESULT: {"using":"xpath","value":"//*[@id=\"__button365\"]"}
COMMAND: POST /session/d2ee73163e71edf45acf38a1abb82030/elements - {"using":"xpath","value":"//*[@id=\"__button365\"]"}
RESULT: {"using":"xpath","value":"//*[@id=\"__button365\"]"}
COMMAND: POST /session/d2ee73163e71edf45acf38a1abb82030/elements - {"using":"xpath","value":"//*[@id=\"__button365\"]"}
RESULT: {"using":"xpath","value":"//*[@id=\"__button365\"]"}
COMMAND: POST /session/d2ee73163e71edf45acf38a1abb82030/elements - {"using":"xpath","value":"//*[@id=\"__button365\"]"}
RESULT: {"using":"xpath","value":"//*[@id=\"__button365\"]"}
COMMAND: POST /session/d2ee73163e71edf45acf38a1abb82030/elements - {"using":"xpath","value":"//*[@id=\"__button365\"]"}
RESULT: {"using":"xpath","value":"//*[@id=\"__button365\"]"}
COMMAND: POST /session/d2ee73163e71edf45acf38a1abb82030/elements - {"using":"xpath","value":"//*[@id=\"__button365\"]"}
RESULT: {"using":"xpath","value":"//*[@id=\"__button365\"]"}
COMMAND: POST /session/d2ee73163e71edf45acf38a1abb82030/elements - {"using":"xpath","value":"//*[@id=\"__button365\"]"}
RESULT: {"using":"xpath","value":"//*[@id=\"__button365\"]"}
COMMAND: POST /session/d2ee73163e71edf45acf38a1abb82030/elements - {"using":"xpath","value":"//*[@id=\"__button365\"]"}
RESULT: {"using":"xpath","value":"//*[@id=\"__button365\"]"}
COMMAND: POST /session/d2ee73163e71edf45acf38a1abb82030/elements - {"using":"xpath","value":"//*[@id=\"__button365\"]"}
RESULT: {"using":"xpath","value":"//*[@id=\"__button365\"]"}
COMMAND: POST /session/d2ee73163e71edf45acf38a1abb82030/elements - {"using":"xpath","value":"//*[@id=\"__button365\"]"}
RESULT: {"using":"xpath","value":"//*[@id=\"__button365\"]"}
COMMAND: POST /session/d2ee73163e71edf45acf38a1abb82030/elements - {"using":"xpath","value":"//*[@id=\"__button365\"]"}
RESULT: {"using":"xpath","value":"//*[@id=\"__button365\"]"}
COMMAND: POST /session/d2ee73163e71edf45acf38a1abb82030/elements - {"using":"xpath","value":"//*[@id=\"__button365\"]"}
RESULT: {"using":"xpath","value":"//*[@id=\"__button365\"]"}
COMMAND: POST /session/d2ee73163e71edf45acf38a1abb82030/elements - {"using":"xpath","value":"//*[@id=\"__button365\"]"}
RESULT: {"using":"xpath","value":"//*[@id=\"__button365\"]"}
COMMAND: POST /session/d2ee73163e71edf45acf38a1abb82030/elements - {"using":"xpath","value":"//*[@id=\"__button365\"]"}
RESULT: {"using":"xpath","value":"//*[@id=\"__button365\"]"}
COMMAND: POST /session/d2ee73163e71edf45acf38a1abb82030/elements - {"using":"xpath","value":"//*[@id=\"__button365\"]"}
RESULT: {"using":"xpath","value":"//*[@id=\"__button365\"]"}
COMMAND: POST /session/d2ee73163e71edf45acf38a1abb82030/elements - {"using":"xpath","value":"//*[@id=\"__button365\"]"}
RESULT: {"using":"xpath","value":"//*[@id=\"__button365\"]"}
COMMAND: POST /session/d2ee73163e71edf45acf38a1abb82030/elements - {"using":"xpath","value":"//*[@id=\"__button365\"]"}
RESULT: {"using":"xpath","value":"//*[@id=\"__button365\"]"}
COMMAND: POST /session/d2ee73163e71edf45acf38a1abb82030/elements - {"using":"xpath","value":"//*[@id=\"__button365\"]"}
RESULT: {"using":"xpath","value":"//*[@id=\"__button365\"]"}
COMMAND: POST /session/d2ee73163e71edf45acf38a1abb82030/elements - {"using":"xpath","value":"//*[@id=\"__button365\"]"}
COMMAND: POST /session/d2ee73163e71edf45acf38a1abb82030/element - {"using":"css selector","value":"#shell-header-logo"}
RESULT: {"using":"xpath","value":"//*[@id=\"__button365\"]"}
RESULT: {"using":"css selector","value":"#shell-header-logo"}
COMMAND: POST /session/d2ee73163e71edf45acf38a1abb82030/execute/sync - {"script":"<script> [8489 bytes]","args":[{"element-6066-11e4-a52e-4f735466cecf":"f.39032AFF0B9C80A7D793EE88796AE887.d.736E113C2374FEFC2D39129E07299870.e.17624","ELEMENT":"f.39032AFF0B9C80A7D793EE88796AE887.d.736E113C2374FEFC2D39129E07299870.e.17624"}]}
RESULT: {"script":"<script> [8489 bytes]","args":[{"element-6066-11e4-a52e-4f735466cecf":"f.39032AFF0B9C80A7D793EE88796AE887.d.736E113C2374FEFC2D39129E07299870.e.17624","ELEMENT":"f.39032AFF0B9C80A7D793EE88796AE887.d.736E113C2374FEFC2D39129E07299870.e.17624"}]}
COMMAND: POST /session/d2ee73163e71edf45acf38a1abb82030/execute/sync - {"script":"<script> [5351 bytes]","args":[{"element-6066-11e4-a52e-4f735466cecf":"f.39032AFF0B9C80A7D793EE88796AE887.d.736E113C2374FEFC2D39129E07299870.e.17624","ELEMENT":"f.39032AFF0B9C80A7D793EE88796AE887.d.736E113C2374FEFC2D39129E07299870.e.17624"}]}
COMMAND: GET /session/d2ee73163e71edf45acf38a1abb82030/screenshot - {}
RESULT: {"script":"<script> [5351 bytes]","args":[{"element-6066-11e4-a52e-4f735466cecf":"f.39032AFF0B9C80A7D793EE88796AE887.d.736E113C2374FEFC2D39129E07299870.e.17624","ELEMENT":"f.39032AFF0B9C80A7D793EE88796AE887.d.736E113C2374FEFC2D39129E07299870.e.17624"}]}
COMMAND: POST /session/d2ee73163e71edf45acf38a1abb82030/element/f.39032AFF0B9C80A7D793EE88796AE887.d.736E113C2374FEFC2D39129E07299870.e.17624/click - {}
COMMAND: GET /session/d2ee73163e71edf45acf38a1abb82030/screenshot - {}
RESULT: {}
RESULT: {}
]]></system-out>
    </testcase>
    <testcase classname="chrome.136_0_7103_93.windows.Performance_based_billing_(work_days)_US139742" name="Should go to Manage Billings and trigger calculation check the conditions applied" time="59.223">
      <system-out><![CDATA[
COMMAND: POST /session/d2ee73163e71edf45acf38a1abb82030/execute/async - {"script":"<script> [1562 bytes]","args":[{"selector":{"controlType":"sap.m.GenericTile","properties":{"header":"Manage Billings"}},"wdio_ui5_key":"sapm.GenericTile{\"header\":\"Manage Billings\"}"}]}
COMMAND: GET /session/d2ee73163e71edf45acf38a1abb82030/screenshot - {}
RESULT: {}
RESULT: {"script":"<script> [1562 bytes]","args":[{"selector":{"controlType":"sap.m.GenericTile","properties":{"header":"Manage Billings"}},"wdio_ui5_key":"sapm.GenericTile{\"header\":\"Manage Billings\"}"}]}
RESULT: undefined
COMMAND: POST /session/d2ee73163e71edf45acf38a1abb82030/element - {"using":"xpath","value":"//*[@id=\"__tile51\"]"}
RESULT: {}
RESULT: {"using":"xpath","value":"//*[@id=\"__tile51\"]"}
COMMAND: POST /session/d2ee73163e71edf45acf38a1abb82030/element/f.39032AFF0B9C80A7D793EE88796AE887.d.736E113C2374FEFC2D39129E07299870.e.14135/click - {}
RESULT: {}
COMMAND: GET /session/d2ee73163e71edf45acf38a1abb82030/screenshot - {}
RESULT: {}
COMMAND: POST /session/d2ee73163e71edf45acf38a1abb82030/elements - {"using":"xpath","value":"//span[text()='Error']"}
RESULT: {"using":"xpath","value":"//span[text()='Error']"}
COMMAND: POST /session/d2ee73163e71edf45acf38a1abb82030/execute/async - {"script":"<script> [1562 bytes]","args":[{"selector":{"id":"application-managebillings-display-component---billRunCalcResult--smartFilterBar-btnBasicSearch","interaction":{"idSuffix":"I"}},"wdio_ui5_key":"applicationmanagebillings-display-component---billRunCalcResult--smartFilterBar-btnBasicSearch"}]}
RESULT: {"script":"<script> [1562 bytes]","args":[{"selector":{"id":"application-managebillings-display-component---billRunCalcResult--smartFilterBar-btnBasicSearch","interaction":{"idSuffix":"I"}},"wdio_ui5_key":"applicationmanagebillings-display-component---billRunCalcResult--smartFilterBar-btnBasicSearch"}]}
RESULT: undefined
COMMAND: POST /session/d2ee73163e71edf45acf38a1abb82030/execute/async - {"script":"<script> [776 bytes]","args":[{"enterText":"10315","selector":{"id":"application-managebillings-display-component---billRunCalcResult--smartFilterBar-btnBasicSearch","interaction":{"idSuffix":"I"}},"clearTextFirst":true,"interactionType":"ENTER_TEXT"}]}
RESULT: {"script":"<script> [776 bytes]","args":[{"enterText":"10315","selector":{"id":"application-managebillings-display-component---billRunCalcResult--smartFilterBar-btnBasicSearch","interaction":{"idSuffix":"I"}},"clearTextFirst":true,"interactionType":"ENTER_TEXT"}]}
COMMAND: POST /session/d2ee73163e71edf45acf38a1abb82030/actions - {"actions":[{"id":"action66","type":"key","parameters":{},"actions":[{"type":"keyDown","value":"î€‡"},{"type":"pause","duration":10},{"type":"keyUp","value":"î€‡"}]}]}
RESULT: {"actions":[{"id":"action66","type":"key","parameters":{},"actions":[{"type":"keyDown","value":"î€‡"},{"type":"pause","duration":10},{"type":"keyUp","value":"î€‡"}]}]}
COMMAND: GET /session/d2ee73163e71edf45acf38a1abb82030/screenshot - {}
RESULT: {}
COMMAND: POST /session/d2ee73163e71edf45acf38a1abb82030/element - {"using":"xpath","value":"//td[@aria-colindex=\"1\"]/div/div[contains(@class, \"sapMCbBg\")]"}
RESULT: {"using":"xpath","value":"//td[@aria-colindex=\"1\"]/div/div[contains(@class, \"sapMCbBg\")]"}
COMMAND: POST /session/d2ee73163e71edf45acf38a1abb82030/element/f.39032AFF0B9C80A7D793EE88796AE887.d.736E113C2374FEFC2D39129E07299870.e.18022/click - {}
RESULT: {}
COMMAND: GET /session/d2ee73163e71edf45acf38a1abb82030/screenshot - {}
RESULT: {}
COMMAND: POST /session/d2ee73163e71edf45acf38a1abb82030/execute/async - {"script":"<script> [1562 bytes]","args":[{"selector":{"id":"application-managebillings-display-component---billRunCalcResult--contractBillRunDate","interaction":{"idSuffix":"inner"}},"wdio_ui5_key":"applicationmanagebillings-display-component---billRunCalcResult--contractBillRunDate"}]}
RESULT: {"script":"<script> [1562 bytes]","args":[{"selector":{"id":"application-managebillings-display-component---billRunCalcResult--contractBillRunDate","interaction":{"idSuffix":"inner"}},"wdio_ui5_key":"applicationmanagebillings-display-component---billRunCalcResult--contractBillRunDate"}]}
RESULT: undefined
COMMAND: POST /session/d2ee73163e71edf45acf38a1abb82030/execute/async - {"script":"<script> [776 bytes]","args":[{"enterText":"6/16/25","selector":{"id":"application-managebillings-display-component---billRunCalcResult--contractBillRunDate","interaction":{"idSuffix":"inner"}},"clearTextFirst":true,"interactionType":"ENTER_TEXT"}]}
RESULT: {"script":"<script> [776 bytes]","args":[{"enterText":"6/16/25","selector":{"id":"application-managebillings-display-component---billRunCalcResult--contractBillRunDate","interaction":{"idSuffix":"inner"}},"clearTextFirst":true,"interactionType":"ENTER_TEXT"}]}
COMMAND: POST /session/d2ee73163e71edf45acf38a1abb82030/element - {"using":"xpath","value":"//bdi[contains(text(), \"Trigger Calculation\")]"}
RESULT: {"using":"xpath","value":"//bdi[contains(text(), \"Trigger Calculation\")]"}
COMMAND: POST /session/d2ee73163e71edf45acf38a1abb82030/element/f.39032AFF0B9C80A7D793EE88796AE887.d.736E113C2374FEFC2D39129E07299870.e.18073/click - {}
RESULT: {}
COMMAND: GET /session/d2ee73163e71edf45acf38a1abb82030/screenshot - {}
RESULT: {}
COMMAND: POST /session/d2ee73163e71edf45acf38a1abb82030/element - {"using":"xpath","value":"(//span[contains(@id, \"imgNav\")])[1]"}
RESULT: {"using":"xpath","value":"(//span[contains(@id, \"imgNav\")])[1]"}
COMMAND: POST /session/d2ee73163e71edf45acf38a1abb82030/element/f.39032AFF0B9C80A7D793EE88796AE887.d.736E113C2374FEFC2D39129E07299870.e.18023/click - {}
RESULT: {}
COMMAND: GET /session/d2ee73163e71edf45acf38a1abb82030/screenshot - {}
RESULT: {}
COMMAND: POST /session/d2ee73163e71edf45acf38a1abb82030/element - {"using":"xpath","value":"//tr/td[6]/div[1]/span[1]/span[1]"}
RESULT: {"using":"xpath","value":"//tr/td[6]/div[1]/span[1]/span[1]"}
COMMAND: GET /session/d2ee73163e71edf45acf38a1abb82030/element/f.39032AFF0B9C80A7D793EE88796AE887.d.736E113C2374FEFC2D39129E07299870.e.18078/text - {}
RESULT: {}
COMMAND: POST /session/d2ee73163e71edf45acf38a1abb82030/element - {"using":"xpath","value":"(//span[contains(@id, \"imgNav\")])[2]"}
RESULT: {"using":"xpath","value":"(//span[contains(@id, \"imgNav\")])[2]"}
COMMAND: POST /session/d2ee73163e71edf45acf38a1abb82030/element/f.39032AFF0B9C80A7D793EE88796AE887.d.736E113C2374FEFC2D39129E07299870.e.18079/click - {}
RESULT: {}
COMMAND: POST /session/d2ee73163e71edf45acf38a1abb82030/element - {"using":"xpath","value":"//bdi[contains(text(), \"Business Confirm\")]"}
COMMAND: GET /session/d2ee73163e71edf45acf38a1abb82030/screenshot - {}
RESULT: {"using":"xpath","value":"//bdi[contains(text(), \"Business Confirm\")]"}
COMMAND: POST /session/d2ee73163e71edf45acf38a1abb82030/elements - {"using":"xpath","value":"//bdi[contains(text(), \"Business Confirm\")]"}
RESULT: {}
RESULT: {"using":"xpath","value":"//bdi[contains(text(), \"Business Confirm\")]"}
COMMAND: POST /session/d2ee73163e71edf45acf38a1abb82030/element - {"using":"xpath","value":"//bdi[contains(text(), \"Business Confirm\")]"}
RESULT: {"using":"xpath","value":"//bdi[contains(text(), \"Business Confirm\")]"}
COMMAND: POST /session/d2ee73163e71edf45acf38a1abb82030/element/f.39032AFF0B9C80A7D793EE88796AE887.d.736E113C2374FEFC2D39129E07299870.e.18120/click - {}
RESULT: {}
COMMAND: POST /session/d2ee73163e71edf45acf38a1abb82030/element - {"using":"css selector","value":"#shell-header-logo"}
COMMAND: GET /session/d2ee73163e71edf45acf38a1abb82030/screenshot - {}
RESULT: {"using":"css selector","value":"#shell-header-logo"}
COMMAND: POST /session/d2ee73163e71edf45acf38a1abb82030/element/f.39032AFF0B9C80A7D793EE88796AE887.d.736E113C2374FEFC2D39129E07299870.e.17829/click - {}
RESULT: {}
RESULT: {}
COMMAND: GET /session/d2ee73163e71edf45acf38a1abb82030/screenshot - {}
RESULT: {}
COMMAND: POST /session/d2ee73163e71edf45acf38a1abb82030/element - {"using":"css selector","value":"#j_username"}
COMMAND: POST /session/d2ee73163e71edf45acf38a1abb82030/url - {"url":"https://qa-testing-00-live-etm-ui.cfapps.eu10-004.hana.ondemand.com/"}
RESULT: {"using":"css selector","value":"#j_username"}
COMMAND: POST /session/d2ee73163e71edf45acf38a1abb82030/element - {"using":"css selector","value":"#j_username"}
RESULT: {"url":"https://qa-testing-00-live-etm-ui.cfapps.eu10-004.hana.ondemand.com/"}
RESULT: undefined
COMMAND: GET /session/d2ee73163e71edf45acf38a1abb82030/screenshot - {}
RESULT: {"using":"css selector","value":"#j_username"}
COMMAND: POST /session/d2ee73163e71edf45acf38a1abb82030/element - {"using":"css selector","value":"#shell-header-logo"}
RESULT: {}
RESULT: {"using":"css selector","value":"#shell-header-logo"}
COMMAND: POST /session/d2ee73163e71edf45acf38a1abb82030/execute/sync - {"script":"<script> [8489 bytes]","args":[{"element-6066-11e4-a52e-4f735466cecf":"f.39032AFF0B9C80A7D793EE88796AE887.d.D581B30D2581FFE3189921455D4F23FB.e.18154","ELEMENT":"f.39032AFF0B9C80A7D793EE88796AE887.d.D581B30D2581FFE3189921455D4F23FB.e.18154"}]}
RESULT: {"script":"<script> [8489 bytes]","args":[{"element-6066-11e4-a52e-4f735466cecf":"f.39032AFF0B9C80A7D793EE88796AE887.d.D581B30D2581FFE3189921455D4F23FB.e.18154","ELEMENT":"f.39032AFF0B9C80A7D793EE88796AE887.d.D581B30D2581FFE3189921455D4F23FB.e.18154"}]}
COMMAND: POST /session/d2ee73163e71edf45acf38a1abb82030/element - {"using":"css selector","value":"#shell-header-logo"}
COMMAND: GET /session/d2ee73163e71edf45acf38a1abb82030/screenshot - {}
RESULT: {"using":"css selector","value":"#shell-header-logo"}
COMMAND: POST /session/d2ee73163e71edf45acf38a1abb82030/execute/sync - {"script":"<script> [8489 bytes]","args":[{"element-6066-11e4-a52e-4f735466cecf":"f.39032AFF0B9C80A7D793EE88796AE887.d.D581B30D2581FFE3189921455D4F23FB.e.18154","ELEMENT":"f.39032AFF0B9C80A7D793EE88796AE887.d.D581B30D2581FFE3189921455D4F23FB.e.18154"}]}
RESULT: {}
RESULT: {"script":"<script> [8489 bytes]","args":[{"element-6066-11e4-a52e-4f735466cecf":"f.39032AFF0B9C80A7D793EE88796AE887.d.D581B30D2581FFE3189921455D4F23FB.e.18154","ELEMENT":"f.39032AFF0B9C80A7D793EE88796AE887.d.D581B30D2581FFE3189921455D4F23FB.e.18154"}]}
COMMAND: POST /session/d2ee73163e71edf45acf38a1abb82030/execute/sync - {"script":"<script> [5351 bytes]","args":[{"element-6066-11e4-a52e-4f735466cecf":"f.39032AFF0B9C80A7D793EE88796AE887.d.D581B30D2581FFE3189921455D4F23FB.e.18154","ELEMENT":"f.39032AFF0B9C80A7D793EE88796AE887.d.D581B30D2581FFE3189921455D4F23FB.e.18154"}]}
COMMAND: GET /session/d2ee73163e71edf45acf38a1abb82030/screenshot - {}
RESULT: {"script":"<script> [5351 bytes]","args":[{"element-6066-11e4-a52e-4f735466cecf":"f.39032AFF0B9C80A7D793EE88796AE887.d.D581B30D2581FFE3189921455D4F23FB.e.18154","ELEMENT":"f.39032AFF0B9C80A7D793EE88796AE887.d.D581B30D2581FFE3189921455D4F23FB.e.18154"}]}
COMMAND: POST /session/d2ee73163e71edf45acf38a1abb82030/element - {"using":"css selector","value":"#shell-header-logo"}
COMMAND: GET /session/d2ee73163e71edf45acf38a1abb82030/screenshot - {}
RESULT: {}
RESULT: {"using":"css selector","value":"#shell-header-logo"}
COMMAND: POST /session/d2ee73163e71edf45acf38a1abb82030/element/f.39032AFF0B9C80A7D793EE88796AE887.d.D581B30D2581FFE3189921455D4F23FB.e.18154/click - {}
RESULT: {}
RESULT: {}
COMMAND: GET /session/d2ee73163e71edf45acf38a1abb82030/screenshot - {}
RESULT: {}
COMMAND: POST /session/d2ee73163e71edf45acf38a1abb82030/execute/async - {"script":"<script> [189 bytes]","args":[]}
RESULT: {"script":"<script> [189 bytes]","args":[]}
COMMAND: POST /session/d2ee73163e71edf45acf38a1abb82030/execute/async - {"script":"<script> [123 bytes]","args":[]}
RESULT: {"script":"<script> [123 bytes]","args":[]}
COMMAND: POST /session/d2ee73163e71edf45acf38a1abb82030/timeouts - {"script":"<number>"}
RESULT: {"script":"<number>"}
COMMAND: GET /session/d2ee73163e71edf45acf38a1abb82030/timeouts - {}
RESULT: {}
RESULT: undefined
COMMAND: POST /session/d2ee73163e71edf45acf38a1abb82030/execute/async - {"script":"<script> [2676 bytes]","args":[]}
RESULT: {"script":"<script> [2676 bytes]","args":[]}
COMMAND: POST /session/d2ee73163e71edf45acf38a1abb82030/execute/async - {"script":"<script> [2342 bytes]","args":[{"protocol":"http","hostname":"0.0.0.0","path":"/","capabilities":{"browserName":"chrome","goog:chromeOptions":{"binary":"C:\\Program Files\\Google\\Chrome\\Application\\chrome.exe","args":["--start-maximized"]}},"logLevel":"warn","connectionRetryTimeout":120000,"connectionRetryCount":3,"logLevels":{},"enableDirectConnect":true,"strictSSL":true,"_":"65 more keys: [\"cacheDir\",\"port\",\"requestedCapabilities\",\"automationProtocol\",\"baseUrl\",\"waitforInterval\",\"waitforTimeout\",\"onReload\",\"beforeCommand\",\"afterCommand\",\"rootDir\",\"specs\",\"suites\",\"exclude\",\"groupLogsByTestSpec\",\"excludeDriverLogs\",\"bail\",\"framework\",\"reporters\",\"services\",\"maxInstances\",\"maxInstancesPerCapability\",\"injectGlobals\",\"filesToWatch\",\"execArgv\",\"runnerEnv\",\"runner\",\"shard\",\"specFileRetries\",\"specFileRetriesDelay\",\"specFileRetriesDeferred\",\"reporterSyncInterval\",\"reporterSyncTimeout\",\"cucumberFeaturesWithLineNumbers\",\"autoCompileOpts\",\"mochaOpts\",\"jasmineOpts\",\"cucumberOpts\",\"onPrepare\",\"onWorkerStart\",\"onWorkerEnd\",\"before\",\"beforeSession\",\"beforeSuite\",\"beforeHook\",\"beforeTest\",\"afterTest\",\"afterHook\",\"afterSuite\",\"afterSession\",\"after\",\"onComplete\",\"beforeAssertion\",\"afterAssertion\",\"beforeFeature\",\"beforeScenario\",\"beforeStep\",\"afterStep\",\"afterScenario\",\"afterFeature\",\"_\",\"suite\",\"$0\",\"ignoredWorkerServices\",\"wdi5\"]"}]}
RESULT: {"script":"<script> [2342 bytes]","args":[{"protocol":"http","hostname":"0.0.0.0","path":"/","capabilities":{"browserName":"chrome","goog:chromeOptions":{"binary":"C:\\Program Files\\Google\\Chrome\\Application\\chrome.exe","args":["--start-maximized"]}},"logLevel":"warn","connectionRetryTimeout":120000,"connectionRetryCount":3,"logLevels":{},"enableDirectConnect":true,"strictSSL":true,"_":"65 more keys: [\"cacheDir\",\"port\",\"requestedCapabilities\",\"automationProtocol\",\"baseUrl\",\"waitforInterval\",\"waitforTimeout\",\"onReload\",\"beforeCommand\",\"afterCommand\",\"rootDir\",\"specs\",\"suites\",\"exclude\",\"groupLogsByTestSpec\",\"excludeDriverLogs\",\"bail\",\"framework\",\"reporters\",\"services\",\"maxInstances\",\"maxInstancesPerCapability\",\"injectGlobals\",\"filesToWatch\",\"execArgv\",\"runnerEnv\",\"runner\",\"shard\",\"specFileRetries\",\"specFileRetriesDelay\",\"specFileRetriesDeferred\",\"reporterSyncInterval\",\"reporterSyncTimeout\",\"cucumberFeaturesWithLineNumbers\",\"autoCompileOpts\",\"mochaOpts\",\"jasmineOpts\",\"cucumberOpts\",\"onPrepare\",\"onWorkerStart\",\"onWorkerEnd\",\"before\",\"beforeSession\",\"beforeSuite\",\"beforeHook\",\"beforeTest\",\"afterTest\",\"afterHook\",\"afterSuite\",\"afterSession\",\"after\",\"onComplete\",\"beforeAssertion\",\"afterAssertion\",\"beforeFeature\",\"beforeScenario\",\"beforeStep\",\"afterStep\",\"afterScenario\",\"afterFeature\",\"_\",\"suite\",\"$0\",\"ignoredWorkerServices\",\"wdi5\"]"}]}
COMMAND: POST /session/d2ee73163e71edf45acf38a1abb82030/execute/async - {"script":"<script> [21126 bytes]","args":[35000]}
RESULT: {"script":"<script> [21126 bytes]","args":[35000]}
COMMAND: POST /session/d2ee73163e71edf45acf38a1abb82030/window/maximize - {}
RESULT: {}
COMMAND: POST /session/d2ee73163e71edf45acf38a1abb82030/execute/async - {"script":"<script> [1562 bytes]","args":[{"selector":{"id":"shell-header","interaction":{"idSuffix":"icon"}},"wdio_ui5_key":"shellheader"}]}
COMMAND: GET /session/d2ee73163e71edf45acf38a1abb82030/screenshot - {}
RESULT: {"script":"<script> [1562 bytes]","args":[{"selector":{"id":"shell-header","interaction":{"idSuffix":"icon"}},"wdio_ui5_key":"shellheader"}]}
RESULT: undefined
COMMAND: POST /session/d2ee73163e71edf45acf38a1abb82030/refresh - {}
RESULT: {}
RESULT: {}
COMMAND: GET /session/d2ee73163e71edf45acf38a1abb82030/screenshot - {}
RESULT: {}
COMMAND: POST /session/d2ee73163e71edf45acf38a1abb82030/refresh - {}
RESULT: {}
COMMAND: GET /session/d2ee73163e71edf45acf38a1abb82030/screenshot - {}
RESULT: {}
COMMAND: POST /session/d2ee73163e71edf45acf38a1abb82030/window/fullscreen - {}
RESULT: {}
COMMAND: POST /session/d2ee73163e71edf45acf38a1abb82030/execute/async - {"script":"<script> [189 bytes]","args":[]}
RESULT: {"script":"<script> [189 bytes]","args":[]}
COMMAND: POST /session/d2ee73163e71edf45acf38a1abb82030/execute/async - {"script":"<script> [123 bytes]","args":[]}
RESULT: {"script":"<script> [123 bytes]","args":[]}
COMMAND: POST /session/d2ee73163e71edf45acf38a1abb82030/timeouts - {"script":"<number>"}
RESULT: {"script":"<number>"}
COMMAND: GET /session/d2ee73163e71edf45acf38a1abb82030/timeouts - {}
RESULT: {}
RESULT: undefined
COMMAND: POST /session/d2ee73163e71edf45acf38a1abb82030/execute/async - {"script":"<script> [2676 bytes]","args":[]}
RESULT: {"script":"<script> [2676 bytes]","args":[]}
COMMAND: POST /session/d2ee73163e71edf45acf38a1abb82030/execute/async - {"script":"<script> [2342 bytes]","args":[{"protocol":"http","hostname":"0.0.0.0","path":"/","capabilities":{"browserName":"chrome","goog:chromeOptions":{"binary":"C:\\Program Files\\Google\\Chrome\\Application\\chrome.exe","args":["--start-maximized"]}},"logLevel":"warn","connectionRetryTimeout":120000,"connectionRetryCount":3,"logLevels":{},"enableDirectConnect":true,"strictSSL":true,"_":"65 more keys: [\"cacheDir\",\"port\",\"requestedCapabilities\",\"automationProtocol\",\"baseUrl\",\"waitforInterval\",\"waitforTimeout\",\"onReload\",\"beforeCommand\",\"afterCommand\",\"rootDir\",\"specs\",\"suites\",\"exclude\",\"groupLogsByTestSpec\",\"excludeDriverLogs\",\"bail\",\"framework\",\"reporters\",\"services\",\"maxInstances\",\"maxInstancesPerCapability\",\"injectGlobals\",\"filesToWatch\",\"execArgv\",\"runnerEnv\",\"runner\",\"shard\",\"specFileRetries\",\"specFileRetriesDelay\",\"specFileRetriesDeferred\",\"reporterSyncInterval\",\"reporterSyncTimeout\",\"cucumberFeaturesWithLineNumbers\",\"autoCompileOpts\",\"mochaOpts\",\"jasmineOpts\",\"cucumberOpts\",\"onPrepare\",\"onWorkerStart\",\"onWorkerEnd\",\"before\",\"beforeSession\",\"beforeSuite\",\"beforeHook\",\"beforeTest\",\"afterTest\",\"afterHook\",\"afterSuite\",\"afterSession\",\"after\",\"onComplete\",\"beforeAssertion\",\"afterAssertion\",\"beforeFeature\",\"beforeScenario\",\"beforeStep\",\"afterStep\",\"afterScenario\",\"afterFeature\",\"_\",\"suite\",\"$0\",\"ignoredWorkerServices\",\"wdi5\"]"}]}
RESULT: {"script":"<script> [2342 bytes]","args":[{"protocol":"http","hostname":"0.0.0.0","path":"/","capabilities":{"browserName":"chrome","goog:chromeOptions":{"binary":"C:\\Program Files\\Google\\Chrome\\Application\\chrome.exe","args":["--start-maximized"]}},"logLevel":"warn","connectionRetryTimeout":120000,"connectionRetryCount":3,"logLevels":{},"enableDirectConnect":true,"strictSSL":true,"_":"65 more keys: [\"cacheDir\",\"port\",\"requestedCapabilities\",\"automationProtocol\",\"baseUrl\",\"waitforInterval\",\"waitforTimeout\",\"onReload\",\"beforeCommand\",\"afterCommand\",\"rootDir\",\"specs\",\"suites\",\"exclude\",\"groupLogsByTestSpec\",\"excludeDriverLogs\",\"bail\",\"framework\",\"reporters\",\"services\",\"maxInstances\",\"maxInstancesPerCapability\",\"injectGlobals\",\"filesToWatch\",\"execArgv\",\"runnerEnv\",\"runner\",\"shard\",\"specFileRetries\",\"specFileRetriesDelay\",\"specFileRetriesDeferred\",\"reporterSyncInterval\",\"reporterSyncTimeout\",\"cucumberFeaturesWithLineNumbers\",\"autoCompileOpts\",\"mochaOpts\",\"jasmineOpts\",\"cucumberOpts\",\"onPrepare\",\"onWorkerStart\",\"onWorkerEnd\",\"before\",\"beforeSession\",\"beforeSuite\",\"beforeHook\",\"beforeTest\",\"afterTest\",\"afterHook\",\"afterSuite\",\"afterSession\",\"after\",\"onComplete\",\"beforeAssertion\",\"afterAssertion\",\"beforeFeature\",\"beforeScenario\",\"beforeStep\",\"afterStep\",\"afterScenario\",\"afterFeature\",\"_\",\"suite\",\"$0\",\"ignoredWorkerServices\",\"wdi5\"]"}]}
COMMAND: POST /session/d2ee73163e71edf45acf38a1abb82030/execute/async - {"script":"<script> [21126 bytes]","args":[35000]}
RESULT: {"script":"<script> [21126 bytes]","args":[35000]}
]]></system-out>
    </testcase>
  </testsuite>
  <testsuite timestamp="2025-05-16T17:57:55" time="1342.034" tests="20" failures="0" errors="0" skipped="0">
    <properties>
      <property name="specId" value="0" />
      <property name="suiteName" value="Billing Calculation - Time based (considering transport times) US139738" />
      <property name="capabilities" value="chrome.136_0_7103_93.windows" />
      <property name="file" value="file:///D:/a/1/s/test/specs/BTS/billing-calculation-transp-times.spec.js" />
    </properties>
    <testcase classname="chrome.136_0_7103_93.windows.Billing_Calculation_-_Time_based_(considering_transport_times)_US139738" name="Should create a new yard" time="0.01">
      <system-out><![CDATA[
COMMAND: POST /session/d2ee73163e71edf45acf38a1abb82030/window/fullscreen - {}
RESULT: {}
]]></system-out>
    </testcase>
    <testcase classname="chrome.136_0_7103_93.windows.Billing_Calculation_-_Time_based_(considering_transport_times)_US139738" name="Should create a new partner" time="0.005" />
    <testcase classname="chrome.136_0_7103_93.windows.Billing_Calculation_-_Time_based_(considering_transport_times)_US139738" name="Should create a new site" time="0.003" />
    <testcase classname="chrome.136_0_7103_93.windows.Billing_Calculation_-_Time_based_(considering_transport_times)_US139738" name="Should create the equipment" time="128.538">
      <system-out><![CDATA[
COMMAND: POST /session/d2ee73163e71edf45acf38a1abb82030/execute/async - {"script":"<script> [1562 bytes]","args":[{"selector":{"controlType":"sap.m.GenericTile","properties":{"header":"Manage Resources"}},"wdio_ui5_key":"sapm.GenericTile{\"header\":\"Manage Resources\"}"}]}
RESULT: {"script":"<script> [1562 bytes]","args":[{"selector":{"controlType":"sap.m.GenericTile","properties":{"header":"Manage Resources"}},"wdio_ui5_key":"sapm.GenericTile{\"header\":\"Manage Resources\"}"}]}
RESULT: undefined
COMMAND: POST /session/d2ee73163e71edf45acf38a1abb82030/element - {"using":"xpath","value":"//*[@id=\"__tile39\"]"}
RESULT: {"using":"xpath","value":"//*[@id=\"__tile39\"]"}
COMMAND: POST /session/d2ee73163e71edf45acf38a1abb82030/element/f.39032AFF0B9C80A7D793EE88796AE887.d.B9016E55D1ACBD0F13343F86257536FB.e.18307/click - {}
RESULT: {}
COMMAND: GET /session/d2ee73163e71edf45acf38a1abb82030/screenshot - {}
RESULT: {}
COMMAND: POST /session/d2ee73163e71edf45acf38a1abb82030/elements - {"using":"xpath","value":"//span[text()='Error']"}
RESULT: {"using":"xpath","value":"//span[text()='Error']"}
COMMAND: POST /session/d2ee73163e71edf45acf38a1abb82030/element - {"using":"xpath","value":"//button[@data-kt=\"addNewRUOverflowToolbarButton\"]"}
RESULT: {"using":"xpath","value":"//button[@data-kt=\"addNewRUOverflowToolbarButton\"]"}
COMMAND: POST /session/d2ee73163e71edf45acf38a1abb82030/elements - {"using":"xpath","value":"//button[@data-kt=\"addNewRUOverflowToolbarButton\"]"}
RESULT: {"using":"xpath","value":"//button[@data-kt=\"addNewRUOverflowToolbarButton\"]"}
COMMAND: POST /session/d2ee73163e71edf45acf38a1abb82030/execute/sync - {"script":"<script> [8489 bytes]","args":[{"element-6066-11e4-a52e-4f735466cecf":"f.39032AFF0B9C80A7D793EE88796AE887.d.B9016E55D1ACBD0F13343F86257536FB.e.18437","ELEMENT":"f.39032AFF0B9C80A7D793EE88796AE887.d.B9016E55D1ACBD0F13343F86257536FB.e.18437"}]}
RESULT: {"script":"<script> [8489 bytes]","args":[{"element-6066-11e4-a52e-4f735466cecf":"f.39032AFF0B9C80A7D793EE88796AE887.d.B9016E55D1ACBD0F13343F86257536FB.e.18437","ELEMENT":"f.39032AFF0B9C80A7D793EE88796AE887.d.B9016E55D1ACBD0F13343F86257536FB.e.18437"}]}
COMMAND: GET /session/d2ee73163e71edf45acf38a1abb82030/element/f.39032AFF0B9C80A7D793EE88796AE887.d.B9016E55D1ACBD0F13343F86257536FB.e.18437/enabled - {}
COMMAND: GET /session/d2ee73163e71edf45acf38a1abb82030/screenshot - {}
RESULT: {}
COMMAND: POST /session/d2ee73163e71edf45acf38a1abb82030/execute/sync - {"script":"<script> [8489 bytes]","args":[{"element-6066-11e4-a52e-4f735466cecf":"f.39032AFF0B9C80A7D793EE88796AE887.d.B9016E55D1ACBD0F13343F86257536FB.e.18437","ELEMENT":"f.39032AFF0B9C80A7D793EE88796AE887.d.B9016E55D1ACBD0F13343F86257536FB.e.18437"}]}
COMMAND: GET /session/d2ee73163e71edf45acf38a1abb82030/screenshot - {}
RESULT: {}
RESULT: {"script":"<script> [8489 bytes]","args":[{"element-6066-11e4-a52e-4f735466cecf":"f.39032AFF0B9C80A7D793EE88796AE887.d.B9016E55D1ACBD0F13343F86257536FB.e.18437","ELEMENT":"f.39032AFF0B9C80A7D793EE88796AE887.d.B9016E55D1ACBD0F13343F86257536FB.e.18437"}]}
COMMAND: POST /session/d2ee73163e71edf45acf38a1abb82030/execute/sync - {"script":"<script> [5351 bytes]","args":[{"element-6066-11e4-a52e-4f735466cecf":"f.39032AFF0B9C80A7D793EE88796AE887.d.B9016E55D1ACBD0F13343F86257536FB.e.18437","ELEMENT":"f.39032AFF0B9C80A7D793EE88796AE887.d.B9016E55D1ACBD0F13343F86257536FB.e.18437"}]}
COMMAND: GET /session/d2ee73163e71edf45acf38a1abb82030/screenshot - {}
RESULT: {}
RESULT: {"script":"<script> [5351 bytes]","args":[{"element-6066-11e4-a52e-4f735466cecf":"f.39032AFF0B9C80A7D793EE88796AE887.d.B9016E55D1ACBD0F13343F86257536FB.e.18437","ELEMENT":"f.39032AFF0B9C80A7D793EE88796AE887.d.B9016E55D1ACBD0F13343F86257536FB.e.18437"}]}
COMMAND: POST /session/d2ee73163e71edf45acf38a1abb82030/element/f.39032AFF0B9C80A7D793EE88796AE887.d.B9016E55D1ACBD0F13343F86257536FB.e.18437/click - {}
COMMAND: GET /session/d2ee73163e71edf45acf38a1abb82030/screenshot - {}
RESULT: {}
RESULT: {}
COMMAND: GET /session/d2ee73163e71edf45acf38a1abb82030/screenshot - {}
RESULT: {}
RESULT: {}
COMMAND: POST /session/d2ee73163e71edf45acf38a1abb82030/execute/async - {"script":"<script> [1562 bytes]","args":[{"selector":{"id":"application-manageresources-display-component---newResourceUnit--TYPE-arrow"},"wdio_ui5_key":"applicationmanageresources-display-component---newResourceUnit--TYPE-arrow"}]}
RESULT: {"script":"<script> [1562 bytes]","args":[{"selector":{"id":"application-manageresources-display-component---newResourceUnit--TYPE-arrow"},"wdio_ui5_key":"applicationmanageresources-display-component---newResourceUnit--TYPE-arrow"}]}
RESULT: undefined
COMMAND: POST /session/d2ee73163e71edf45acf38a1abb82030/element - {"using":"xpath","value":"//*[@id=\"application-manageresources-display-component---newResourceUnit--TYPE-arrow\"]"}
RESULT: {"using":"xpath","value":"//*[@id=\"application-manageresources-display-component---newResourceUnit--TYPE-arrow\"]"}
COMMAND: POST /session/d2ee73163e71edf45acf38a1abb82030/element/f.39032AFF0B9C80A7D793EE88796AE887.d.B9016E55D1ACBD0F13343F86257536FB.e.18805/click - {}
RESULT: {}
COMMAND: POST /session/d2ee73163e71edf45acf38a1abb82030/element - {"using":"xpath","value":"//input[@id=\"application-manageresources-display-component---newResourceUnit--TYPE-inner\"]"}
COMMAND: GET /session/d2ee73163e71edf45acf38a1abb82030/screenshot - {}
RESULT: {"using":"xpath","value":"//input[@id=\"application-manageresources-display-component---newResourceUnit--TYPE-inner\"]"}
COMMAND: POST /session/d2ee73163e71edf45acf38a1abb82030/element/f.39032AFF0B9C80A7D793EE88796AE887.d.B9016E55D1ACBD0F13343F86257536FB.e.18787/clear - {}
RESULT: {}
RESULT: {}
COMMAND: POST /session/d2ee73163e71edf45acf38a1abb82030/element/f.39032AFF0B9C80A7D793EE88796AE887.d.B9016E55D1ACBD0F13343F86257536FB.e.18787/value - {"text":"Equipment"}
COMMAND: GET /session/d2ee73163e71edf45acf38a1abb82030/screenshot - {}
RESULT: {"text":"Equipment"}
COMMAND: GET /session/d2ee73163e71edf45acf38a1abb82030/screenshot - {}
RESULT: {}
RESULT: {}
COMMAND: POST /session/d2ee73163e71edf45acf38a1abb82030/actions - {"actions":[{"id":"action67","type":"key","parameters":{},"actions":[{"type":"keyDown","value":"î€‡"},{"type":"pause","duration":10},{"type":"keyUp","value":"î€‡"}]}]}
RESULT: {"actions":[{"id":"action67","type":"key","parameters":{},"actions":[{"type":"keyDown","value":"î€‡"},{"type":"pause","duration":10},{"type":"keyUp","value":"î€‡"}]}]}
COMMAND: POST /session/d2ee73163e71edf45acf38a1abb82030/execute/async - {"script":"<script> [1562 bytes]","args":[{"selector":{"id":"application-manageresources-display-component---newResourceUnit--resourceId","interaction":{"idSuffix":"inner"}},"wdio_ui5_key":"applicationmanageresources-display-component---newResourceUnit--resourceId"}]}
COMMAND: GET /session/d2ee73163e71edf45acf38a1abb82030/screenshot - {}
RESULT: {"script":"<script> [1562 bytes]","args":[{"selector":{"id":"application-manageresources-display-component---newResourceUnit--resourceId","interaction":{"idSuffix":"inner"}},"wdio_ui5_key":"applicationmanageresources-display-component---newResourceUnit--resourceId"}]}
RESULT: undefined
COMMAND: POST /session/d2ee73163e71edf45acf38a1abb82030/execute/async - {"script":"<script> [776 bytes]","args":[{"enterText":"Ij2pYO7813","selector":{"id":"application-manageresources-display-component---newResourceUnit--resourceId","interaction":{"idSuffix":"inner"}},"clearTextFirst":true,"interactionType":"ENTER_TEXT"}]}
RESULT: {}
RESULT: {"script":"<script> [776 bytes]","args":[{"enterText":"Ij2pYO7813","selector":{"id":"application-manageresources-display-component---newResourceUnit--resourceId","interaction":{"idSuffix":"inner"}},"clearTextFirst":true,"interactionType":"ENTER_TEXT"}]}
COMMAND: POST /session/d2ee73163e71edf45acf38a1abb82030/execute/async - {"script":"<script> [1562 bytes]","args":[{"selector":{"id":"application-manageresources-display-component---newResourceUnit--SHORT_TEXT","interaction":{"idSuffix":"inner"}},"wdio_ui5_key":"applicationmanageresources-display-component---newResourceUnit--SHORT_TEXT"}]}
RESULT: {"script":"<script> [1562 bytes]","args":[{"selector":{"id":"application-manageresources-display-component---newResourceUnit--SHORT_TEXT","interaction":{"idSuffix":"inner"}},"wdio_ui5_key":"applicationmanageresources-display-component---newResourceUnit--SHORT_TEXT"}]}
RESULT: undefined
COMMAND: POST /session/d2ee73163e71edf45acf38a1abb82030/execute/async - {"script":"<script> [776 bytes]","args":[{"enterText":"Intercompany Equipment WDIO","selector":{"id":"application-manageresources-display-component---newResourceUnit--SHORT_TEXT","interaction":{"idSuffix":"inner"}},"clearTextFirst":true,"interactionType":"ENTER_TEXT"}]}
RESULT: {"script":"<script> [776 bytes]","args":[{"enterText":"Intercompany Equipment WDIO","selector":{"id":"application-manageresources-display-component---newResourceUnit--SHORT_TEXT","interaction":{"idSuffix":"inner"}},"clearTextFirst":true,"interactionType":"ENTER_TEXT"}]}
COMMAND: POST /session/d2ee73163e71edf45acf38a1abb82030/execute/async - {"script":"<script> [1562 bytes]","args":[{"selector":{"id":"application-manageresources-display-component---newResourceUnit--BASE_UNIT_OF_MEASURE","interaction":{"idSuffix":"inner"}},"wdio_ui5_key":"applicationmanageresources-display-component---newResourceUnit--BASE_UNIT_OF_MEASURE"}]}
RESULT: {"script":"<script> [1562 bytes]","args":[{"selector":{"id":"application-manageresources-display-component---newResourceUnit--BASE_UNIT_OF_MEASURE","interaction":{"idSuffix":"inner"}},"wdio_ui5_key":"applicationmanageresources-display-component---newResourceUnit--BASE_UNIT_OF_MEASURE"}]}
RESULT: undefined
COMMAND: POST /session/d2ee73163e71edf45acf38a1abb82030/execute/async - {"script":"<script> [776 bytes]","args":[{"enterText":"Piece","selector":{"id":"application-manageresources-display-component---newResourceUnit--BASE_UNIT_OF_MEASURE","interaction":{"idSuffix":"inner"}},"clearTextFirst":true,"interactionType":"ENTER_TEXT"}]}
RESULT: {"script":"<script> [776 bytes]","args":[{"enterText":"Piece","selector":{"id":"application-manageresources-display-component---newResourceUnit--BASE_UNIT_OF_MEASURE","interaction":{"idSuffix":"inner"}},"clearTextFirst":true,"interactionType":"ENTER_TEXT"}]}
COMMAND: POST /session/d2ee73163e71edf45acf38a1abb82030/execute/async - {"script":"<script> [1562 bytes]","args":[{"selector":{"id":"application-manageresources-display-component---newResourceUnit--WEIGHT_UNIT","interaction":{"idSuffix":"inner"}},"wdio_ui5_key":"applicationmanageresources-display-component---newResourceUnit--WEIGHT_UNIT"}]}
RESULT: {"script":"<script> [1562 bytes]","args":[{"selector":{"id":"application-manageresources-display-component---newResourceUnit--WEIGHT_UNIT","interaction":{"idSuffix":"inner"}},"wdio_ui5_key":"applicationmanageresources-display-component---newResourceUnit--WEIGHT_UNIT"}]}
RESULT: undefined
COMMAND: POST /session/d2ee73163e71edf45acf38a1abb82030/execute/async - {"script":"<script> [776 bytes]","args":[{"enterText":"Gram","selector":{"id":"application-manageresources-display-component---newResourceUnit--WEIGHT_UNIT","interaction":{"idSuffix":"inner"}},"clearTextFirst":true,"interactionType":"ENTER_TEXT"}]}
RESULT: {"script":"<script> [776 bytes]","args":[{"enterText":"Gram","selector":{"id":"application-manageresources-display-component---newResourceUnit--WEIGHT_UNIT","interaction":{"idSuffix":"inner"}},"clearTextFirst":true,"interactionType":"ENTER_TEXT"}]}
COMMAND: POST /session/d2ee73163e71edf45acf38a1abb82030/execute/async - {"script":"<script> [1562 bytes]","args":[{"selector":{"id":"application-manageresources-display-component---newResourceUnit--DIMENSION_UNIT","interaction":{"idSuffix":"inner"}},"wdio_ui5_key":"applicationmanageresources-display-component---newResourceUnit--DIMENSION_UNIT"}]}
RESULT: {"script":"<script> [1562 bytes]","args":[{"selector":{"id":"application-manageresources-display-component---newResourceUnit--DIMENSION_UNIT","interaction":{"idSuffix":"inner"}},"wdio_ui5_key":"applicationmanageresources-display-component---newResourceUnit--DIMENSION_UNIT"}]}
RESULT: undefined
COMMAND: POST /session/d2ee73163e71edf45acf38a1abb82030/execute/async - {"script":"<script> [776 bytes]","args":[{"enterText":"Meter","selector":{"id":"application-manageresources-display-component---newResourceUnit--DIMENSION_UNIT","interaction":{"idSuffix":"inner"}},"clearTextFirst":true,"interactionType":"ENTER_TEXT"}]}
RESULT: {"script":"<script> [776 bytes]","args":[{"enterText":"Meter","selector":{"id":"application-manageresources-display-component---newResourceUnit--DIMENSION_UNIT","interaction":{"idSuffix":"inner"}},"clearTextFirst":true,"interactionType":"ENTER_TEXT"}]}
COMMAND: POST /session/d2ee73163e71edf45acf38a1abb82030/execute/async - {"script":"<script> [1562 bytes]","args":[{"selector":{"id":"application-manageresources-display-component---newResourceUnit--newRRUPage-anchBar-application-manageresources-display-component---newResourceUnit--control-anchor","interaction":{"idSuffix":"BDI-content"}},"wdio_ui5_key":"applicationmanageresources-display-component---newResourceUnit--newRRUPage-anchBar-application-manageresources-display-component---newResourceUnit--control-anchor"}]}
RESULT: {"script":"<script> [1562 bytes]","args":[{"selector":{"id":"application-manageresources-display-component---newResourceUnit--newRRUPage-anchBar-application-manageresources-display-component---newResourceUnit--control-anchor","interaction":{"idSuffix":"BDI-content"}},"wdio_ui5_key":"applicationmanageresources-display-component---newResourceUnit--newRRUPage-anchBar-application-manageresources-display-component---newResourceUnit--control-anchor"}]}
RESULT: undefined
COMMAND: POST /session/d2ee73163e71edf45acf38a1abb82030/element - {"using":"xpath","value":"//*[@id=\"application-manageresources-display-component---newResourceUnit--newRRUPage-anchBar-application-manageresources-display-component---newResourceUnit--control-anchor\"]"}
RESULT: {"using":"xpath","value":"//*[@id=\"application-manageresources-display-component---newResourceUnit--newRRUPage-anchBar-application-manageresources-display-component---newResourceUnit--control-anchor\"]"}
COMMAND: POST /session/d2ee73163e71edf45acf38a1abb82030/element/f.39032AFF0B9C80A7D793EE88796AE887.d.B9016E55D1ACBD0F13343F86257536FB.e.18937/click - {}
RESULT: {}
COMMAND: POST /session/d2ee73163e71edf45acf38a1abb82030/execute/async - {"script":"<script> [1562 bytes]","args":[{"selector":{"id":"application-manageresources-display-component---newResourceUnit--PLANNING_GROUP","interaction":{"idSuffix":"inner"}},"wdio_ui5_key":"applicationmanageresources-display-component---newResourceUnit--PLANNING_GROUP"}]}
COMMAND: GET /session/d2ee73163e71edf45acf38a1abb82030/screenshot - {}
RESULT: {"script":"<script> [1562 bytes]","args":[{"selector":{"id":"application-manageresources-display-component---newResourceUnit--PLANNING_GROUP","interaction":{"idSuffix":"inner"}},"wdio_ui5_key":"applicationmanageresources-display-component---newResourceUnit--PLANNING_GROUP"}]}
RESULT: undefined
COMMAND: POST /session/d2ee73163e71edf45acf38a1abb82030/execute/async - {"script":"<script> [776 bytes]","args":[{"enterText":"Heavy Equi","selector":{"id":"application-manageresources-display-component---newResourceUnit--PLANNING_GROUP","interaction":{"idSuffix":"inner"}},"clearTextFirst":true,"interactionType":"ENTER_TEXT"}]}
RESULT: {}
RESULT: {"script":"<script> [776 bytes]","args":[{"enterText":"Heavy Equi","selector":{"id":"application-manageresources-display-component---newResourceUnit--PLANNING_GROUP","interaction":{"idSuffix":"inner"}},"clearTextFirst":true,"interactionType":"ENTER_TEXT"}]}
COMMAND: POST /session/d2ee73163e71edf45acf38a1abb82030/execute/async - {"script":"<script> [1562 bytes]","args":[{"selector":{"id":"application-manageresources-display-component---newResourceUnit--ITEM_TYPE-arrow"},"wdio_ui5_key":"applicationmanageresources-display-component---newResourceUnit--ITEM_TYPE-arrow"}]}
RESULT: {"script":"<script> [1562 bytes]","args":[{"selector":{"id":"application-manageresources-display-component---newResourceUnit--ITEM_TYPE-arrow"},"wdio_ui5_key":"applicationmanageresources-display-component---newResourceUnit--ITEM_TYPE-arrow"}]}
RESULT: undefined
COMMAND: POST /session/d2ee73163e71edf45acf38a1abb82030/element - {"using":"xpath","value":"//*[@id=\"application-manageresources-display-component---newResourceUnit--ITEM_TYPE-arrow\"]"}
RESULT: {"using":"xpath","value":"//*[@id=\"application-manageresources-display-component---newResourceUnit--ITEM_TYPE-arrow\"]"}
COMMAND: POST /session/d2ee73163e71edf45acf38a1abb82030/element/f.39032AFF0B9C80A7D793EE88796AE887.d.B9016E55D1ACBD0F13343F86257536FB.e.18946/click - {}
RESULT: {}
COMMAND: POST /session/d2ee73163e71edf45acf38a1abb82030/element - {"using":"xpath","value":"(//span[contains(text(), \"Resource Unit\")])[2]"}
COMMAND: GET /session/d2ee73163e71edf45acf38a1abb82030/screenshot - {}
RESULT: {"using":"xpath","value":"(//span[contains(text(), \"Resource Unit\")])[2]"}
COMMAND: POST /session/d2ee73163e71edf45acf38a1abb82030/element/f.39032AFF0B9C80A7D793EE88796AE887.d.B9016E55D1ACBD0F13343F86257536FB.e.18947/click - {}
RESULT: {}
RESULT: {}
COMMAND: GET /session/d2ee73163e71edf45acf38a1abb82030/screenshot - {}
RESULT: {}
COMMAND: POST /session/d2ee73163e71edf45acf38a1abb82030/element - {"using":"css selector","value":"#application-manageresources-display-component---newResourceUnit--btnAddTimeSegment"}
RESULT: {"using":"css selector","value":"#application-manageresources-display-component---newResourceUnit--btnAddTimeSegment"}
COMMAND: GET /session/d2ee73163e71edf45acf38a1abb82030/element/f.39032AFF0B9C80A7D793EE88796AE887.d.B9016E55D1ACBD0F13343F86257536FB.e.18948/rect - {}
RESULT: {}
COMMAND: GET /session/d2ee73163e71edf45acf38a1abb82030/window/rect - {}
RESULT: {}
COMMAND: POST /session/d2ee73163e71edf45acf38a1abb82030/execute/sync - {"script":"<script> [92 bytes]","args":[]}
RESULT: {"script":"<script> [92 bytes]","args":[]}
COMMAND: POST /session/d2ee73163e71edf45acf38a1abb82030/actions - {"actions":[{"id":"action68","type":"wheel","parameters":{},"actions":[{"type":"scroll","x":-1888,"y":-32,"deltaX":0,"deltaY":0,"duration":0,"origin":{"element-6066-11e4-a52e-4f735466cecf":"f.39032AFF0B9C80A7D793EE88796AE887.d.B9016E55D1ACBD0F13343F86257536FB.e.18948"}}]}]}
COMMAND: GET /session/d2ee73163e71edf45acf38a1abb82030/screenshot - {}
RESULT: {}
COMMAND: POST /session/d2ee73163e71edf45acf38a1abb82030/execute/sync - {"script":"<script> [79 bytes]","args":[{"element-6066-11e4-a52e-4f735466cecf":"f.39032AFF0B9C80A7D793EE88796AE887.d.B9016E55D1ACBD0F13343F86257536FB.e.18948","ELEMENT":"f.39032AFF0B9C80A7D793EE88796AE887.d.B9016E55D1ACBD0F13343F86257536FB.e.18948"},{"block":"start","inline":"nearest"}]}
RESULT: {"script":"<script> [79 bytes]","args":[{"element-6066-11e4-a52e-4f735466cecf":"f.39032AFF0B9C80A7D793EE88796AE887.d.B9016E55D1ACBD0F13343F86257536FB.e.18948","ELEMENT":"f.39032AFF0B9C80A7D793EE88796AE887.d.B9016E55D1ACBD0F13343F86257536FB.e.18948"},{"block":"start","inline":"nearest"}]}
COMMAND: POST /session/d2ee73163e71edf45acf38a1abb82030/execute/async - {"script":"<script> [1562 bytes]","args":[{"selector":{"id":"application-manageresources-display-component---newResourceUnit--btnAddTimeSegment","interaction":{"idSuffix":"inner"}},"wdio_ui5_key":"applicationmanageresources-display-component---newResourceUnit--btnAddTimeSegment"}]}
COMMAND: GET /session/d2ee73163e71edf45acf38a1abb82030/screenshot - {}
RESULT: {"script":"<script> [1562 bytes]","args":[{"selector":{"id":"application-manageresources-display-component---newResourceUnit--btnAddTimeSegment","interaction":{"idSuffix":"inner"}},"wdio_ui5_key":"applicationmanageresources-display-component---newResourceUnit--btnAddTimeSegment"}]}
RESULT: undefined
COMMAND: POST /session/d2ee73163e71edf45acf38a1abb82030/element - {"using":"xpath","value":"//*[@id=\"application-manageresources-display-component---newResourceUnit--btnAddTimeSegment\"]"}
RESULT: {}
RESULT: {"using":"xpath","value":"//*[@id=\"application-manageresources-display-component---newResourceUnit--btnAddTimeSegment\"]"}
COMMAND: POST /session/d2ee73163e71edf45acf38a1abb82030/element/f.39032AFF0B9C80A7D793EE88796AE887.d.B9016E55D1ACBD0F13343F86257536FB.e.18948/click - {}
RESULT: {}
COMMAND: GET /session/d2ee73163e71edf45acf38a1abb82030/screenshot - {}
RESULT: {}
COMMAND: POST /session/d2ee73163e71edf45acf38a1abb82030/element - {"using":"xpath","value":"//input[@id=\"application-manageresources-display-component---newResourceUnit--idRuTSAdmin-application-manageresources-display-component---newResourceUnit--RUTimeSegment-0-inner\"]"}
RESULT: {"using":"xpath","value":"//input[@id=\"application-manageresources-display-component---newResourceUnit--idRuTSAdmin-application-manageresources-display-component---newResourceUnit--RUTimeSegment-0-inner\"]"}
COMMAND: POST /session/d2ee73163e71edf45acf38a1abb82030/element/f.39032AFF0B9C80A7D793EE88796AE887.d.B9016E55D1ACBD0F13343F86257536FB.e.18954/clear - {}
RESULT: {}
COMMAND: POST /session/d2ee73163e71edf45acf38a1abb82030/element/f.39032AFF0B9C80A7D793EE88796AE887.d.B9016E55D1ACBD0F13343F86257536FB.e.18954/value - {"text":"478"}
COMMAND: GET /session/d2ee73163e71edf45acf38a1abb82030/screenshot - {}
RESULT: {"text":"478"}
COMMAND: GET /session/d2ee73163e71edf45acf38a1abb82030/screenshot - {}
RESULT: {}
RESULT: {}
COMMAND: POST /session/d2ee73163e71edf45acf38a1abb82030/element - {"using":"xpath","value":"//li[.//span[text()='478']]"}
RESULT: {"using":"xpath","value":"//li[.//span[text()='478']]"}
COMMAND: POST /session/d2ee73163e71edf45acf38a1abb82030/element/f.39032AFF0B9C80A7D793EE88796AE887.d.B9016E55D1ACBD0F13343F86257536FB.e.18966/click - {}
RESULT: {}
COMMAND: GET /session/d2ee73163e71edf45acf38a1abb82030/screenshot - {}
RESULT: {}
COMMAND: POST /session/d2ee73163e71edf45acf38a1abb82030/element - {"using":"xpath","value":"(//span[contains(@id, \"-application-manageresources-display-component---newResourceUnit--RUTimeSegment-0-arrow\")])[6]"}
RESULT: {"using":"xpath","value":"(//span[contains(@id, \"-application-manageresources-display-component---newResourceUnit--RUTimeSegment-0-arrow\")])[6]"}
COMMAND: POST /session/d2ee73163e71edf45acf38a1abb82030/element/f.39032AFF0B9C80A7D793EE88796AE887.d.B9016E55D1ACBD0F13343F86257536FB.e.18967/click - {}
RESULT: {}
COMMAND: GET /session/d2ee73163e71edf45acf38a1abb82030/screenshot - {}
RESULT: {}
COMMAND: POST /session/d2ee73163e71edf45acf38a1abb82030/element - {"using":"xpath","value":"//span[contains(text(), \"PM Order\")]"}
RESULT: {"using":"xpath","value":"//span[contains(text(), \"PM Order\")]"}
COMMAND: POST /session/d2ee73163e71edf45acf38a1abb82030/element/f.39032AFF0B9C80A7D793EE88796AE887.d.B9016E55D1ACBD0F13343F86257536FB.e.18970/click - {}
RESULT: {}
COMMAND: GET /session/d2ee73163e71edf45acf38a1abb82030/screenshot - {}
RESULT: {}
COMMAND: POST /session/d2ee73163e71edf45acf38a1abb82030/element - {"using":"xpath","value":"(//span[contains(@id ,\"manageresources-display-component---newResourceUnit--RUTimeSegment-0-vhi\")])[1]"}
RESULT: {"using":"xpath","value":"(//span[contains(@id ,\"manageresources-display-component---newResourceUnit--RUTimeSegment-0-vhi\")])[1]"}
COMMAND: GET /session/d2ee73163e71edf45acf38a1abb82030/element/f.39032AFF0B9C80A7D793EE88796AE887.d.B9016E55D1ACBD0F13343F86257536FB.e.18974/rect - {}
RESULT: {}
COMMAND: GET /session/d2ee73163e71edf45acf38a1abb82030/window/rect - {}
RESULT: {}
COMMAND: POST /session/d2ee73163e71edf45acf38a1abb82030/execute/sync - {"script":"<script> [92 bytes]","args":[]}
RESULT: {"script":"<script> [92 bytes]","args":[]}
COMMAND: POST /session/d2ee73163e71edf45acf38a1abb82030/actions - {"actions":[{"id":"action69","type":"wheel","parameters":{},"actions":[{"type":"scroll","x":-869,"y":-24,"deltaX":0,"deltaY":0,"duration":0,"origin":{"element-6066-11e4-a52e-4f735466cecf":"f.39032AFF0B9C80A7D793EE88796AE887.d.B9016E55D1ACBD0F13343F86257536FB.e.18974"}}]}]}
COMMAND: GET /session/d2ee73163e71edf45acf38a1abb82030/screenshot - {}
RESULT: {"actions":[{"id":"action69","type":"wheel","parameters":{},"actions":[{"type":"scroll","x":-869,"y":-24,"deltaX":0,"deltaY":0,"duration":0,"origin":{"element-6066-11e4-a52e-4f735466cecf":"f.39032AFF0B9C80A7D793EE88796AE887.d.B9016E55D1ACBD0F13343F86257536FB.e.18974"}}]}]}
COMMAND: DELETE /session/d2ee73163e71edf45acf38a1abb82030/actions - {}
COMMAND: GET /session/d2ee73163e71edf45acf38a1abb82030/screenshot - {}
RESULT: {}
RESULT: {}
COMMAND: GET /session/d2ee73163e71edf45acf38a1abb82030/screenshot - {}
RESULT: {}
RESULT: {}
COMMAND: POST /session/d2ee73163e71edf45acf38a1abb82030/element/f.39032AFF0B9C80A7D793EE88796AE887.d.B9016E55D1ACBD0F13343F86257536FB.e.18974/click - {}
RESULT: {}
COMMAND: GET /session/d2ee73163e71edf45acf38a1abb82030/screenshot - {}
RESULT: {}
COMMAND: POST /session/d2ee73163e71edf45acf38a1abb82030/execute/async - {"script":"<script> [1562 bytes]","args":[{"selector":{"controlType":"sap.m.SearchField","properties":{"placeholder":"Search"},"searchOpenDialogs":true,"interaction":{"idSuffix":"I"}},"wdio_ui5_key":"sapm.SearchField{\"placeholder\":\"Search\"}"}]}
RESULT: {"script":"<script> [1562 bytes]","args":[{"selector":{"controlType":"sap.m.SearchField","properties":{"placeholder":"Search"},"searchOpenDialogs":true,"interaction":{"idSuffix":"I"}},"wdio_ui5_key":"sapm.SearchField{\"placeholder\":\"Search\"}"}]}
RESULT: undefined
COMMAND: POST /session/d2ee73163e71edf45acf38a1abb82030/execute/async - {"script":"<script> [776 bytes]","args":[{"enterText":"4000360","selector":{"controlType":"sap.m.SearchField","properties":{"placeholder":"Search"},"searchOpenDialogs":true,"interaction":{"idSuffix":"I"}},"clearTextFirst":true,"interactionType":"ENTER_TEXT"}]}
RESULT: {"script":"<script> [776 bytes]","args":[{"enterText":"4000360","selector":{"controlType":"sap.m.SearchField","properties":{"placeholder":"Search"},"searchOpenDialogs":true,"interaction":{"idSuffix":"I"}},"clearTextFirst":true,"interactionType":"ENTER_TEXT"}]}
COMMAND: POST /session/d2ee73163e71edf45acf38a1abb82030/actions - {"actions":[{"id":"action70","type":"key","parameters":{},"actions":[{"type":"keyDown","value":"î€‡"},{"type":"pause","duration":10},{"type":"keyUp","value":"î€‡"}]}]}
RESULT: {"actions":[{"id":"action70","type":"key","parameters":{},"actions":[{"type":"keyDown","value":"î€‡"},{"type":"pause","duration":10},{"type":"keyUp","value":"î€‡"}]}]}
COMMAND: GET /session/d2ee73163e71edf45acf38a1abb82030/screenshot - {}
RESULT: {}
COMMAND: POST /session/d2ee73163e71edf45acf38a1abb82030/element - {"using":"xpath","value":"//td/div/span[contains(text(), \"BGL Vehicles\")]"}
RESULT: {"using":"xpath","value":"//td/div/span[contains(text(), \"BGL Vehicles\")]"}
COMMAND: POST /session/d2ee73163e71edf45acf38a1abb82030/element/f.39032AFF0B9C80A7D793EE88796AE887.d.B9016E55D1ACBD0F13343F86257536FB.e.18995/click - {}
RESULT: {}
COMMAND: GET /session/d2ee73163e71edf45acf38a1abb82030/screenshot - {}
RESULT: {}
COMMAND: POST /session/d2ee73163e71edf45acf38a1abb82030/element - {"using":"xpath","value":"//bdi[contains(text(), \"OK\")]"}
RESULT: {"using":"xpath","value":"//bdi[contains(text(), \"OK\")]"}
COMMAND: POST /session/d2ee73163e71edf45acf38a1abb82030/element/f.39032AFF0B9C80A7D793EE88796AE887.d.B9016E55D1ACBD0F13343F86257536FB.e.18996/click - {}
RESULT: {}
COMMAND: GET /session/d2ee73163e71edf45acf38a1abb82030/screenshot - {}
RESULT: {}
COMMAND: POST /session/d2ee73163e71edf45acf38a1abb82030/execute/async - {"script":"<script> [1562 bytes]","args":[{"selector":{"id":"application-manageresources-display-component---newResourceUnit--newRRUPage-anchBar-application-manageresources-display-component---newResourceUnit--resource-anchor","interaction":{"idSuffix":"BDI-content"}},"wdio_ui5_key":"applicationmanageresources-display-component---newResourceUnit--newRRUPage-anchBar-application-manageresources-display-component---newResourceUnit--resource-anchor"}]}
RESULT: {"script":"<script> [1562 bytes]","args":[{"selector":{"id":"application-manageresources-display-component---newResourceUnit--newRRUPage-anchBar-application-manageresources-display-component---newResourceUnit--resource-anchor","interaction":{"idSuffix":"BDI-content"}},"wdio_ui5_key":"applicationmanageresources-display-component---newResourceUnit--newRRUPage-anchBar-application-manageresources-display-component---newResourceUnit--resource-anchor"}]}
RESULT: undefined
COMMAND: POST /session/d2ee73163e71edf45acf38a1abb82030/element - {"using":"xpath","value":"//*[@id=\"application-manageresources-display-component---newResourceUnit--newRRUPage-anchBar-application-manageresources-display-component---newResourceUnit--resource-anchor\"]"}
RESULT: {"using":"xpath","value":"//*[@id=\"application-manageresources-display-component---newResourceUnit--newRRUPage-anchBar-application-manageresources-display-component---newResourceUnit--resource-anchor\"]"}
COMMAND: POST /session/d2ee73163e71edf45acf38a1abb82030/element/f.39032AFF0B9C80A7D793EE88796AE887.d.B9016E55D1ACBD0F13343F86257536FB.e.19000/click - {}
RESULT: {}
COMMAND: POST /session/d2ee73163e71edf45acf38a1abb82030/execute/async - {"script":"<script> [1562 bytes]","args":[{"selector":{"id":"application-manageresources-display-component---newResourceUnit--PLANNED_DELIVERY_DATE","interaction":{"idSuffix":"inner"}},"wdio_ui5_key":"applicationmanageresources-display-component---newResourceUnit--PLANNED_DELIVERY_DATE"}]}
COMMAND: GET /session/d2ee73163e71edf45acf38a1abb82030/screenshot - {}
RESULT: {"script":"<script> [1562 bytes]","args":[{"selector":{"id":"application-manageresources-display-component---newResourceUnit--PLANNED_DELIVERY_DATE","interaction":{"idSuffix":"inner"}},"wdio_ui5_key":"applicationmanageresources-display-component---newResourceUnit--PLANNED_DELIVERY_DATE"}]}
RESULT: undefined
COMMAND: POST /session/d2ee73163e71edf45acf38a1abb82030/execute/async - {"script":"<script> [6424 bytes]","args":[{"element-6066-11e4-a52e-4f735466cecf":"f.39032AFF0B9C80A7D793EE88796AE887.d.B9016E55D1ACBD0F13343F86257536FB.e.18862"},"setValue",["5/16/25"]]}
RESULT: {}
RESULT: {"script":"<script> [6424 bytes]","args":[{"element-6066-11e4-a52e-4f735466cecf":"f.39032AFF0B9C80A7D793EE88796AE887.d.B9016E55D1ACBD0F13343F86257536FB.e.18862"},"setValue",["5/16/25"]]}
COMMAND: POST /session/d2ee73163e71edf45acf38a1abb82030/element - {"using":"xpath","value":"//label[contains(@class, 'sapMLabelRequired') and .//bdi[contains(text(), 'Planned Retirement')]]"}
RESULT: {"using":"xpath","value":"//label[contains(@class, 'sapMLabelRequired') and .//bdi[contains(text(), 'Planned Retirement')]]"}
COMMAND: POST /session/d2ee73163e71edf45acf38a1abb82030/elements - {"using":"xpath","value":"//label[contains(@class, 'sapMLabelRequired') and .//bdi[contains(text(), 'Planned Retirement')]]"}
RESULT: {"using":"xpath","value":"//label[contains(@class, 'sapMLabelRequired') and .//bdi[contains(text(), 'Planned Retirement')]]"}
COMMAND: POST /session/d2ee73163e71edf45acf38a1abb82030/element - {"using":"xpath","value":"//button[@data-kt=\"resourceUnitSaveButton\"]"}
RESULT: {"using":"xpath","value":"//button[@data-kt=\"resourceUnitSaveButton\"]"}
COMMAND: POST /session/d2ee73163e71edf45acf38a1abb82030/element/f.39032AFF0B9C80A7D793EE88796AE887.d.B9016E55D1ACBD0F13343F86257536FB.e.18822/click - {}
RESULT: {}
COMMAND: GET /session/d2ee73163e71edf45acf38a1abb82030/screenshot - {}
RESULT: {}
COMMAND: POST /session/d2ee73163e71edf45acf38a1abb82030/element - {"using":"xpath","value":"//bdi[contains(text(), \"Close\")]"}
RESULT: {"using":"xpath","value":"//bdi[contains(text(), \"Close\")]"}
COMMAND: POST /session/d2ee73163e71edf45acf38a1abb82030/element/f.39032AFF0B9C80A7D793EE88796AE887.d.B9016E55D1ACBD0F13343F86257536FB.e.19008/click - {}
RESULT: {}
COMMAND: GET /session/d2ee73163e71edf45acf38a1abb82030/screenshot - {}
RESULT: {}
COMMAND: POST /session/d2ee73163e71edf45acf38a1abb82030/element - {"using":"xpath","value":"(//button[contains(@id ,\"actionsToolbar-overflowButton\")])[1]"}
RESULT: {"using":"xpath","value":"(//button[contains(@id ,\"actionsToolbar-overflowButton\")])[1]"}
COMMAND: POST /session/d2ee73163e71edf45acf38a1abb82030/element/f.39032AFF0B9C80A7D793EE88796AE887.d.B9016E55D1ACBD0F13343F86257536FB.e.19060/click - {}
RESULT: {}
COMMAND: GET /session/d2ee73163e71edf45acf38a1abb82030/screenshot - {}
RESULT: {}
COMMAND: POST /session/d2ee73163e71edf45acf38a1abb82030/element - {"using":"xpath","value":"//button[@data-kt=\"priceInfoButton\"]"}
RESULT: {"using":"xpath","value":"//button[@data-kt=\"priceInfoButton\"]"}
COMMAND: POST /session/d2ee73163e71edf45acf38a1abb82030/element/f.39032AFF0B9C80A7D793EE88796AE887.d.B9016E55D1ACBD0F13343F86257536FB.e.19062/click - {}
RESULT: {}
COMMAND: GET /session/d2ee73163e71edf45acf38a1abb82030/screenshot - {}
RESULT: {}
]]></system-out>
    </testcase>
    <testcase classname="chrome.136_0_7103_93.windows.Billing_Calculation_-_Time_based_(considering_transport_times)_US139738" name="Should create new pricing rule for the equipment" time="49.651">
      <system-out><![CDATA[
COMMAND: POST /session/d2ee73163e71edf45acf38a1abb82030/element - {"using":"xpath","value":"//button[@data-kt=\"addButton\"]"}
RESULT: {"using":"xpath","value":"//button[@data-kt=\"addButton\"]"}
COMMAND: POST /session/d2ee73163e71edf45acf38a1abb82030/elements - {"using":"xpath","value":"//button[@data-kt=\"addButton\"]"}
RESULT: {"using":"xpath","value":"//button[@data-kt=\"addButton\"]"}
COMMAND: POST /session/d2ee73163e71edf45acf38a1abb82030/elements - {"using":"xpath","value":"//button[@data-kt=\"addButton\"]"}
RESULT: {"using":"xpath","value":"//button[@data-kt=\"addButton\"]"}
COMMAND: POST /session/d2ee73163e71edf45acf38a1abb82030/element - {"using":"xpath","value":"//button[@data-kt=\"addButton\"]"}
RESULT: {"using":"xpath","value":"//button[@data-kt=\"addButton\"]"}
COMMAND: POST /session/d2ee73163e71edf45acf38a1abb82030/execute/sync - {"script":"<script> [8489 bytes]","args":[{"element-6066-11e4-a52e-4f735466cecf":"f.39032AFF0B9C80A7D793EE88796AE887.d.B9016E55D1ACBD0F13343F86257536FB.e.19098","ELEMENT":"f.39032AFF0B9C80A7D793EE88796AE887.d.B9016E55D1ACBD0F13343F86257536FB.e.19098"}]}
RESULT: {"script":"<script> [8489 bytes]","args":[{"element-6066-11e4-a52e-4f735466cecf":"f.39032AFF0B9C80A7D793EE88796AE887.d.B9016E55D1ACBD0F13343F86257536FB.e.19098","ELEMENT":"f.39032AFF0B9C80A7D793EE88796AE887.d.B9016E55D1ACBD0F13343F86257536FB.e.19098"}]}
COMMAND: GET /session/d2ee73163e71edf45acf38a1abb82030/element/f.39032AFF0B9C80A7D793EE88796AE887.d.B9016E55D1ACBD0F13343F86257536FB.e.19098/enabled - {}
COMMAND: GET /session/d2ee73163e71edf45acf38a1abb82030/screenshot - {}
RESULT: {}
COMMAND: POST /session/d2ee73163e71edf45acf38a1abb82030/execute/sync - {"script":"<script> [8489 bytes]","args":[{"element-6066-11e4-a52e-4f735466cecf":"f.39032AFF0B9C80A7D793EE88796AE887.d.B9016E55D1ACBD0F13343F86257536FB.e.19098","ELEMENT":"f.39032AFF0B9C80A7D793EE88796AE887.d.B9016E55D1ACBD0F13343F86257536FB.e.19098"}]}
COMMAND: GET /session/d2ee73163e71edf45acf38a1abb82030/screenshot - {}
RESULT: {}
RESULT: {"script":"<script> [8489 bytes]","args":[{"element-6066-11e4-a52e-4f735466cecf":"f.39032AFF0B9C80A7D793EE88796AE887.d.B9016E55D1ACBD0F13343F86257536FB.e.19098","ELEMENT":"f.39032AFF0B9C80A7D793EE88796AE887.d.B9016E55D1ACBD0F13343F86257536FB.e.19098"}]}
COMMAND: POST /session/d2ee73163e71edf45acf38a1abb82030/execute/sync - {"script":"<script> [5351 bytes]","args":[{"element-6066-11e4-a52e-4f735466cecf":"f.39032AFF0B9C80A7D793EE88796AE887.d.B9016E55D1ACBD0F13343F86257536FB.e.19098","ELEMENT":"f.39032AFF0B9C80A7D793EE88796AE887.d.B9016E55D1ACBD0F13343F86257536FB.e.19098"}]}
COMMAND: GET /session/d2ee73163e71edf45acf38a1abb82030/screenshot - {}
RESULT: {}
RESULT: {"script":"<script> [5351 bytes]","args":[{"element-6066-11e4-a52e-4f735466cecf":"f.39032AFF0B9C80A7D793EE88796AE887.d.B9016E55D1ACBD0F13343F86257536FB.e.19098","ELEMENT":"f.39032AFF0B9C80A7D793EE88796AE887.d.B9016E55D1ACBD0F13343F86257536FB.e.19098"}]}
COMMAND: POST /session/d2ee73163e71edf45acf38a1abb82030/element/f.39032AFF0B9C80A7D793EE88796AE887.d.B9016E55D1ACBD0F13343F86257536FB.e.19098/click - {}
COMMAND: GET /session/d2ee73163e71edf45acf38a1abb82030/screenshot - {}
RESULT: {}
RESULT: {}
COMMAND: GET /session/d2ee73163e71edf45acf38a1abb82030/screenshot - {}
RESULT: {}
RESULT: {}
COMMAND: POST /session/d2ee73163e71edf45acf38a1abb82030/execute/async - {"script":"<script> [1562 bytes]","args":[{"selector":{"controlType":"sap.m.Title","viewName":"etm.portal.ui.managepricingrules.view.NewItem","viewId":"application-managepricingrules-display-component---newInfoPriceItem","properties":{"text":"New Pricing Rules - Item Level"}},"wdio_ui5_key":"etmportal.ui.managepricingrules.view.NewItemsap.m.Title{\"text\":\"New Pricing Rules - Item Level\"}"}]}
RESULT: {"script":"<script> [1562 bytes]","args":[{"selector":{"controlType":"sap.m.Title","viewName":"etm.portal.ui.managepricingrules.view.NewItem","viewId":"application-managepricingrules-display-component---newInfoPriceItem","properties":{"text":"New Pricing Rules - Item Level"}},"wdio_ui5_key":"etmportal.ui.managepricingrules.view.NewItemsap.m.Title{\"text\":\"New Pricing Rules - Item Level\"}"}]}
RESULT: undefined
COMMAND: POST /session/d2ee73163e71edf45acf38a1abb82030/execute/async - {"script":"<script> [6424 bytes]","args":[{"element-6066-11e4-a52e-4f735466cecf":"f.39032AFF0B9C80A7D793EE88796AE887.d.B9016E55D1ACBD0F13343F86257536FB.e.19268"},"getText",[]]}
RESULT: {"script":"<script> [6424 bytes]","args":[{"element-6066-11e4-a52e-4f735466cecf":"f.39032AFF0B9C80A7D793EE88796AE887.d.B9016E55D1ACBD0F13343F86257536FB.e.19268"},"getText",[]]}
COMMAND: POST /session/d2ee73163e71edf45acf38a1abb82030/execute/async - {"script":"<script> [1562 bytes]","args":[{"selector":{"id":"application-managepricingrules-display-component---newInfoPriceItem--condValidTo","interaction":{"idSuffix":"inner"}},"wdio_ui5_key":"applicationmanagepricingrules-display-component---newInfoPriceItem--condValidTo"}]}
RESULT: {"script":"<script> [1562 bytes]","args":[{"selector":{"id":"application-managepricingrules-display-component---newInfoPriceItem--condValidTo","interaction":{"idSuffix":"inner"}},"wdio_ui5_key":"applicationmanagepricingrules-display-component---newInfoPriceItem--condValidTo"}]}
RESULT: undefined
COMMAND: POST /session/d2ee73163e71edf45acf38a1abb82030/execute/async - {"script":"<script> [776 bytes]","args":[{"enterText":"1/16/26","selector":{"id":"application-managepricingrules-display-component---newInfoPriceItem--condValidTo","interaction":{"idSuffix":"inner"}},"clearTextFirst":true,"interactionType":"ENTER_TEXT"}]}
RESULT: {"script":"<script> [776 bytes]","args":[{"enterText":"1/16/26","selector":{"id":"application-managepricingrules-display-component---newInfoPriceItem--condValidTo","interaction":{"idSuffix":"inner"}},"clearTextFirst":true,"interactionType":"ENTER_TEXT"}]}
COMMAND: POST /session/d2ee73163e71edf45acf38a1abb82030/execute/async - {"script":"<script> [1562 bytes]","args":[{"selector":{"id":"application-managepricingrules-display-component---newInfoPriceItem--billType-arrow"},"wdio_ui5_key":"applicationmanagepricingrules-display-component---newInfoPriceItem--billType-arrow"}]}
RESULT: {"script":"<script> [1562 bytes]","args":[{"selector":{"id":"application-managepricingrules-display-component---newInfoPriceItem--billType-arrow"},"wdio_ui5_key":"applicationmanagepricingrules-display-component---newInfoPriceItem--billType-arrow"}]}
RESULT: undefined
COMMAND: POST /session/d2ee73163e71edf45acf38a1abb82030/element - {"using":"xpath","value":"//*[@id=\"application-managepricingrules-display-component---newInfoPriceItem--billType-arrow\"]"}
RESULT: {"using":"xpath","value":"//*[@id=\"application-managepricingrules-display-component---newInfoPriceItem--billType-arrow\"]"}
COMMAND: POST /session/d2ee73163e71edf45acf38a1abb82030/element/f.39032AFF0B9C80A7D793EE88796AE887.d.B9016E55D1ACBD0F13343F86257536FB.e.19228/click - {}
RESULT: {}
COMMAND: POST /session/d2ee73163e71edf45acf38a1abb82030/element - {"using":"xpath","value":"//span[contains(text(), \"TB - Time based\")]"}
COMMAND: GET /session/d2ee73163e71edf45acf38a1abb82030/screenshot - {}
RESULT: {"using":"xpath","value":"//span[contains(text(), \"TB - Time based\")]"}
COMMAND: POST /session/d2ee73163e71edf45acf38a1abb82030/element/f.39032AFF0B9C80A7D793EE88796AE887.d.B9016E55D1ACBD0F13343F86257536FB.e.19270/click - {}
RESULT: {}
RESULT: {}
COMMAND: POST /session/d2ee73163e71edf45acf38a1abb82030/execute/async - {"script":"<script> [1562 bytes]","args":[{"selector":{"id":"application-managepricingrules-display-component---newInfoPriceItem--priceProc-arrow"},"wdio_ui5_key":"applicationmanagepricingrules-display-component---newInfoPriceItem--priceProc-arrow"}]}
COMMAND: GET /session/d2ee73163e71edf45acf38a1abb82030/screenshot - {}
RESULT: {"script":"<script> [1562 bytes]","args":[{"selector":{"id":"application-managepricingrules-display-component---newInfoPriceItem--priceProc-arrow"},"wdio_ui5_key":"applicationmanagepricingrules-display-component---newInfoPriceItem--priceProc-arrow"}]}
RESULT: undefined
COMMAND: POST /session/d2ee73163e71edf45acf38a1abb82030/element - {"using":"xpath","value":"//*[@id=\"application-managepricingrules-display-component---newInfoPriceItem--priceProc-arrow\"]"}
RESULT: {}
RESULT: {"using":"xpath","value":"//*[@id=\"application-managepricingrules-display-component---newInfoPriceItem--priceProc-arrow\"]"}
COMMAND: POST /session/d2ee73163e71edf45acf38a1abb82030/element/f.39032AFF0B9C80A7D793EE88796AE887.d.B9016E55D1ACBD0F13343F86257536FB.e.19235/click - {}
RESULT: {}
COMMAND: POST /session/d2ee73163e71edf45acf38a1abb82030/element - {"using":"xpath","value":"//span[contains(text(), \"TBS - Time based standard\")]"}
COMMAND: GET /session/d2ee73163e71edf45acf38a1abb82030/screenshot - {}
RESULT: {"using":"xpath","value":"//span[contains(text(), \"TBS - Time based standard\")]"}
COMMAND: POST /session/d2ee73163e71edf45acf38a1abb82030/element/f.39032AFF0B9C80A7D793EE88796AE887.d.B9016E55D1ACBD0F13343F86257536FB.e.19271/click - {}
RESULT: {}
RESULT: {}
COMMAND: POST /session/d2ee73163e71edf45acf38a1abb82030/execute/async - {"script":"<script> [1562 bytes]","args":[{"selector":{"id":"application-managepricingrules-display-component---newInfoPriceItem--calcBase-arrow"},"wdio_ui5_key":"applicationmanagepricingrules-display-component---newInfoPriceItem--calcBase-arrow"}]}
COMMAND: GET /session/d2ee73163e71edf45acf38a1abb82030/screenshot - {}
RESULT: {"script":"<script> [1562 bytes]","args":[{"selector":{"id":"application-managepricingrules-display-component---newInfoPriceItem--calcBase-arrow"},"wdio_ui5_key":"applicationmanagepricingrules-display-component---newInfoPriceItem--calcBase-arrow"}]}
RESULT: undefined
COMMAND: POST /session/d2ee73163e71edf45acf38a1abb82030/element - {"using":"xpath","value":"//*[@id=\"application-managepricingrules-display-component---newInfoPriceItem--calcBase-arrow\"]"}
RESULT: {}
RESULT: {"using":"xpath","value":"//*[@id=\"application-managepricingrules-display-component---newInfoPriceItem--calcBase-arrow\"]"}
COMMAND: POST /session/d2ee73163e71edf45acf38a1abb82030/element/f.39032AFF0B9C80A7D793EE88796AE887.d.B9016E55D1ACBD0F13343F86257536FB.e.19242/click - {}
RESULT: {}
COMMAND: GET /session/d2ee73163e71edf45acf38a1abb82030/screenshot - {}
RESULT: {}
COMMAND: POST /session/d2ee73163e71edf45acf38a1abb82030/element - {"using":"xpath","value":"//span[contains(text(), \"0006 - TB(calendar days)\")]"}
RESULT: {"using":"xpath","value":"//span[contains(text(), \"0006 - TB(calendar days)\")]"}
COMMAND: POST /session/d2ee73163e71edf45acf38a1abb82030/element/f.39032AFF0B9C80A7D793EE88796AE887.d.B9016E55D1ACBD0F13343F86257536FB.e.19272/click - {}
RESULT: {}
COMMAND: GET /session/d2ee73163e71edf45acf38a1abb82030/screenshot - {}
RESULT: {}
COMMAND: POST /session/d2ee73163e71edf45acf38a1abb82030/execute/async - {"script":"<script> [1562 bytes]","args":[{"selector":{"id":"application-managepricingrules-display-component---newInfoPriceItem--daysMonth","interaction":{"idSuffix":"inner"}},"wdio_ui5_key":"applicationmanagepricingrules-display-component---newInfoPriceItem--daysMonth"}]}
RESULT: {"script":"<script> [1562 bytes]","args":[{"selector":{"id":"application-managepricingrules-display-component---newInfoPriceItem--daysMonth","interaction":{"idSuffix":"inner"}},"wdio_ui5_key":"applicationmanagepricingrules-display-component---newInfoPriceItem--daysMonth"}]}
RESULT: undefined
COMMAND: POST /session/d2ee73163e71edf45acf38a1abb82030/execute/async - {"script":"<script> [776 bytes]","args":[{"enterText":"30","selector":{"id":"application-managepricingrules-display-component---newInfoPriceItem--daysMonth","interaction":{"idSuffix":"inner"}},"clearTextFirst":true,"interactionType":"ENTER_TEXT"}]}
RESULT: {"script":"<script> [776 bytes]","args":[{"enterText":"30","selector":{"id":"application-managepricingrules-display-component---newInfoPriceItem--daysMonth","interaction":{"idSuffix":"inner"}},"clearTextFirst":true,"interactionType":"ENTER_TEXT"}]}
COMMAND: POST /session/d2ee73163e71edf45acf38a1abb82030/element - {"using":"xpath","value":"//button[@data-kt=\"saveNewRuleButton\"]"}
RESULT: {"using":"xpath","value":"//button[@data-kt=\"saveNewRuleButton\"]"}
COMMAND: POST /session/d2ee73163e71edf45acf38a1abb82030/element/f.39032AFF0B9C80A7D793EE88796AE887.d.B9016E55D1ACBD0F13343F86257536FB.e.19262/click - {}
RESULT: {}
COMMAND: GET /session/d2ee73163e71edf45acf38a1abb82030/screenshot - {}
RESULT: {}
COMMAND: POST /session/d2ee73163e71edf45acf38a1abb82030/execute/async - {"script":"<script> [1562 bytes]","args":[{"selector":{"id":"application-managepricingrules-display-component---priceInfoItem--smartFilterBar-btnBasicSearch","interaction":{"idSuffix":"I"}},"wdio_ui5_key":"applicationmanagepricingrules-display-component---priceInfoItem--smartFilterBar-btnBasicSearch"}]}
RESULT: {"script":"<script> [1562 bytes]","args":[{"selector":{"id":"application-managepricingrules-display-component---priceInfoItem--smartFilterBar-btnBasicSearch","interaction":{"idSuffix":"I"}},"wdio_ui5_key":"applicationmanagepricingrules-display-component---priceInfoItem--smartFilterBar-btnBasicSearch"}]}
RESULT: undefined
COMMAND: POST /session/d2ee73163e71edf45acf38a1abb82030/execute/async - {"script":"<script> [776 bytes]","args":[{"enterText":"Ij2pYO7813","selector":{"id":"application-managepricingrules-display-component---priceInfoItem--smartFilterBar-btnBasicSearch","interaction":{"idSuffix":"I"}},"clearTextFirst":true,"interactionType":"ENTER_TEXT"}]}
RESULT: {"script":"<script> [776 bytes]","args":[{"enterText":"Ij2pYO7813","selector":{"id":"application-managepricingrules-display-component---priceInfoItem--smartFilterBar-btnBasicSearch","interaction":{"idSuffix":"I"}},"clearTextFirst":true,"interactionType":"ENTER_TEXT"}]}
COMMAND: POST /session/d2ee73163e71edf45acf38a1abb82030/actions - {"actions":[{"id":"action71","type":"key","parameters":{},"actions":[{"type":"keyDown","value":"î€‡"},{"type":"pause","duration":10},{"type":"keyUp","value":"î€‡"}]}]}
RESULT: {"actions":[{"id":"action71","type":"key","parameters":{},"actions":[{"type":"keyDown","value":"î€‡"},{"type":"pause","duration":10},{"type":"keyUp","value":"î€‡"}]}]}
COMMAND: GET /session/d2ee73163e71edf45acf38a1abb82030/screenshot - {}
RESULT: {}
COMMAND: POST /session/d2ee73163e71edf45acf38a1abb82030/element - {"using":"xpath","value":"//span[@id=\"application-managepricingrules-display-component---priceInfoItem--smartTable-header-inner\"]"}
RESULT: {"using":"xpath","value":"//span[@id=\"application-managepricingrules-display-component---priceInfoItem--smartTable-header-inner\"]"}
COMMAND: POST /session/d2ee73163e71edf45acf38a1abb82030/elements - {"using":"xpath","value":"//span[@id=\"application-managepricingrules-display-component---priceInfoItem--smartTable-header-inner\"]"}
RESULT: {"using":"xpath","value":"//span[@id=\"application-managepricingrules-display-component---priceInfoItem--smartTable-header-inner\"]"}
COMMAND: POST /session/d2ee73163e71edf45acf38a1abb82030/execute/sync - {"script":"<script> [56 bytes]","args":[{"element-6066-11e4-a52e-4f735466cecf":"f.39032AFF0B9C80A7D793EE88796AE887.d.B9016E55D1ACBD0F13343F86257536FB.e.19286","ELEMENT":"f.39032AFF0B9C80A7D793EE88796AE887.d.B9016E55D1ACBD0F13343F86257536FB.e.19286"}]}
RESULT: {"script":"<script> [56 bytes]","args":[{"element-6066-11e4-a52e-4f735466cecf":"f.39032AFF0B9C80A7D793EE88796AE887.d.B9016E55D1ACBD0F13343F86257536FB.e.19286","ELEMENT":"f.39032AFF0B9C80A7D793EE88796AE887.d.B9016E55D1ACBD0F13343F86257536FB.e.19286"}]}
COMMAND: POST /session/d2ee73163e71edf45acf38a1abb82030/element - {"using":"css selector","value":"#shell-header-logo"}
COMMAND: GET /session/d2ee73163e71edf45acf38a1abb82030/screenshot - {}
RESULT: {"using":"css selector","value":"#shell-header-logo"}
COMMAND: POST /session/d2ee73163e71edf45acf38a1abb82030/element/f.39032AFF0B9C80A7D793EE88796AE887.d.B9016E55D1ACBD0F13343F86257536FB.e.18407/click - {}
RESULT: {}
RESULT: {}
COMMAND: GET /session/d2ee73163e71edf45acf38a1abb82030/screenshot - {}
RESULT: {}
]]></system-out>
    </testcase>
    <testcase classname="chrome.136_0_7103_93.windows.Billing_Calculation_-_Time_based_(considering_transport_times)_US139738" name="Should create new pricing condition for the equipment" time="65.718">
      <system-out><![CDATA[
COMMAND: POST /session/d2ee73163e71edf45acf38a1abb82030/execute/async - {"script":"<script> [1562 bytes]","args":[{"selector":{"controlType":"sap.m.GenericTile","properties":{"header":"Manage Conditions & Prices"}},"wdio_ui5_key":"sapm.GenericTile{\"header\":\"Manage Conditions & Prices\"}"}]}
RESULT: {"script":"<script> [1562 bytes]","args":[{"selector":{"controlType":"sap.m.GenericTile","properties":{"header":"Manage Conditions & Prices"}},"wdio_ui5_key":"sapm.GenericTile{\"header\":\"Manage Conditions & Prices\"}"}]}
RESULT: undefined
COMMAND: POST /session/d2ee73163e71edf45acf38a1abb82030/element - {"using":"xpath","value":"//*[@id=\"__tile53\"]"}
RESULT: {"using":"xpath","value":"//*[@id=\"__tile53\"]"}
COMMAND: POST /session/d2ee73163e71edf45acf38a1abb82030/element/f.39032AFF0B9C80A7D793EE88796AE887.d.B9016E55D1ACBD0F13343F86257536FB.e.18354/click - {}
RESULT: {}
COMMAND: GET /session/d2ee73163e71edf45acf38a1abb82030/screenshot - {}
RESULT: {}
COMMAND: POST /session/d2ee73163e71edf45acf38a1abb82030/elements - {"using":"xpath","value":"//span[text()='Error']"}
RESULT: {"using":"xpath","value":"//span[text()='Error']"}
COMMAND: POST /session/d2ee73163e71edf45acf38a1abb82030/element - {"using":"xpath","value":"//button[@aria-label=\"Create\"]"}
RESULT: {"using":"xpath","value":"//button[@aria-label=\"Create\"]"}
COMMAND: POST /session/d2ee73163e71edf45acf38a1abb82030/elements - {"using":"xpath","value":"//button[@aria-label=\"Create\"]"}
RESULT: {"using":"xpath","value":"//button[@aria-label=\"Create\"]"}
COMMAND: POST /session/d2ee73163e71edf45acf38a1abb82030/elements - {"using":"xpath","value":"//button[@aria-label=\"Create\"]"}
RESULT: {"using":"xpath","value":"//button[@aria-label=\"Create\"]"}
COMMAND: POST /session/d2ee73163e71edf45acf38a1abb82030/element - {"using":"xpath","value":"//button[@aria-label=\"Create\"]"}
RESULT: {"using":"xpath","value":"//button[@aria-label=\"Create\"]"}
COMMAND: POST /session/d2ee73163e71edf45acf38a1abb82030/execute/sync - {"script":"<script> [8489 bytes]","args":[{"element-6066-11e4-a52e-4f735466cecf":"f.39032AFF0B9C80A7D793EE88796AE887.d.B9016E55D1ACBD0F13343F86257536FB.e.19322","ELEMENT":"f.39032AFF0B9C80A7D793EE88796AE887.d.B9016E55D1ACBD0F13343F86257536FB.e.19322"}]}
RESULT: {"script":"<script> [8489 bytes]","args":[{"element-6066-11e4-a52e-4f735466cecf":"f.39032AFF0B9C80A7D793EE88796AE887.d.B9016E55D1ACBD0F13343F86257536FB.e.19322","ELEMENT":"f.39032AFF0B9C80A7D793EE88796AE887.d.B9016E55D1ACBD0F13343F86257536FB.e.19322"}]}
COMMAND: GET /session/d2ee73163e71edf45acf38a1abb82030/element/f.39032AFF0B9C80A7D793EE88796AE887.d.B9016E55D1ACBD0F13343F86257536FB.e.19322/enabled - {}
COMMAND: GET /session/d2ee73163e71edf45acf38a1abb82030/screenshot - {}
RESULT: {}
COMMAND: POST /session/d2ee73163e71edf45acf38a1abb82030/execute/sync - {"script":"<script> [8489 bytes]","args":[{"element-6066-11e4-a52e-4f735466cecf":"f.39032AFF0B9C80A7D793EE88796AE887.d.B9016E55D1ACBD0F13343F86257536FB.e.19322","ELEMENT":"f.39032AFF0B9C80A7D793EE88796AE887.d.B9016E55D1ACBD0F13343F86257536FB.e.19322"}]}
COMMAND: GET /session/d2ee73163e71edf45acf38a1abb82030/screenshot - {}
RESULT: {}
RESULT: {"script":"<script> [8489 bytes]","args":[{"element-6066-11e4-a52e-4f735466cecf":"f.39032AFF0B9C80A7D793EE88796AE887.d.B9016E55D1ACBD0F13343F86257536FB.e.19322","ELEMENT":"f.39032AFF0B9C80A7D793EE88796AE887.d.B9016E55D1ACBD0F13343F86257536FB.e.19322"}]}
COMMAND: POST /session/d2ee73163e71edf45acf38a1abb82030/execute/sync - {"script":"<script> [5351 bytes]","args":[{"element-6066-11e4-a52e-4f735466cecf":"f.39032AFF0B9C80A7D793EE88796AE887.d.B9016E55D1ACBD0F13343F86257536FB.e.19322","ELEMENT":"f.39032AFF0B9C80A7D793EE88796AE887.d.B9016E55D1ACBD0F13343F86257536FB.e.19322"}]}
COMMAND: GET /session/d2ee73163e71edf45acf38a1abb82030/screenshot - {}
RESULT: {}
RESULT: {"script":"<script> [5351 bytes]","args":[{"element-6066-11e4-a52e-4f735466cecf":"f.39032AFF0B9C80A7D793EE88796AE887.d.B9016E55D1ACBD0F13343F86257536FB.e.19322","ELEMENT":"f.39032AFF0B9C80A7D793EE88796AE887.d.B9016E55D1ACBD0F13343F86257536FB.e.19322"}]}
COMMAND: POST /session/d2ee73163e71edf45acf38a1abb82030/element/f.39032AFF0B9C80A7D793EE88796AE887.d.B9016E55D1ACBD0F13343F86257536FB.e.19322/click - {}
COMMAND: GET /session/d2ee73163e71edf45acf38a1abb82030/screenshot - {}
RESULT: {}
RESULT: {}
COMMAND: GET /session/d2ee73163e71edf45acf38a1abb82030/screenshot - {}
RESULT: {}
RESULT: {}
COMMAND: POST /session/d2ee73163e71edf45acf38a1abb82030/actions - {"actions":[{"id":"action72","type":"key","parameters":{},"actions":[{"type":"keyDown","value":"î€‡"},{"type":"pause","duration":10},{"type":"keyUp","value":"î€‡"}]}]}
RESULT: {"actions":[{"id":"action72","type":"key","parameters":{},"actions":[{"type":"keyDown","value":"î€‡"},{"type":"pause","duration":10},{"type":"keyUp","value":"î€‡"}]}]}
COMMAND: GET /session/d2ee73163e71edf45acf38a1abb82030/screenshot - {}
RESULT: {}
COMMAND: POST /session/d2ee73163e71edf45acf38a1abb82030/execute/async - {"script":"<script> [1562 bytes]","args":[{"selector":{"id":"application-manageconditionprice-display-component---newCondition--condBillCond-arrow"},"wdio_ui5_key":"applicationmanageconditionprice-display-component---newCondition--condBillCond-arrow"}]}
RESULT: {"script":"<script> [1562 bytes]","args":[{"selector":{"id":"application-manageconditionprice-display-component---newCondition--condBillCond-arrow"},"wdio_ui5_key":"applicationmanageconditionprice-display-component---newCondition--condBillCond-arrow"}]}
RESULT: undefined
COMMAND: POST /session/d2ee73163e71edf45acf38a1abb82030/element - {"using":"xpath","value":"//*[@id=\"application-manageconditionprice-display-component---newCondition--condBillCond-arrow\"]"}
RESULT: {"using":"xpath","value":"//*[@id=\"application-manageconditionprice-display-component---newCondition--condBillCond-arrow\"]"}
COMMAND: POST /session/d2ee73163e71edf45acf38a1abb82030/element/f.39032AFF0B9C80A7D793EE88796AE887.d.B9016E55D1ACBD0F13343F86257536FB.e.19500/click - {}
RESULT: {}
COMMAND: GET /session/d2ee73163e71edf45acf38a1abb82030/screenshot - {}
RESULT: {}
COMMAND: POST /session/d2ee73163e71edf45acf38a1abb82030/element - {"using":"xpath","value":"//li[.//span[contains(text(), \"DISP - D&I special price\")]]"}
RESULT: {"using":"xpath","value":"//li[.//span[contains(text(), \"DISP - D&I special price\")]]"}
COMMAND: POST /session/d2ee73163e71edf45acf38a1abb82030/element/f.39032AFF0B9C80A7D793EE88796AE887.d.B9016E55D1ACBD0F13343F86257536FB.e.19504/click - {}
RESULT: {}
COMMAND: GET /session/d2ee73163e71edf45acf38a1abb82030/screenshot - {}
RESULT: {}
COMMAND: POST /session/d2ee73163e71edf45acf38a1abb82030/execute/async - {"script":"<script> [1562 bytes]","args":[{"selector":{"id":"application-manageconditionprice-display-component---newCondition--condValidTo","interaction":{"idSuffix":"inner"}},"wdio_ui5_key":"applicationmanageconditionprice-display-component---newCondition--condValidTo"}]}
RESULT: {"script":"<script> [1562 bytes]","args":[{"selector":{"id":"application-manageconditionprice-display-component---newCondition--condValidTo","interaction":{"idSuffix":"inner"}},"wdio_ui5_key":"applicationmanageconditionprice-display-component---newCondition--condValidTo"}]}
RESULT: undefined
COMMAND: POST /session/d2ee73163e71edf45acf38a1abb82030/execute/async - {"script":"<script> [776 bytes]","args":[{"enterText":"1/16/26","selector":{"id":"application-manageconditionprice-display-component---newCondition--condValidTo","interaction":{"idSuffix":"inner"}},"clearTextFirst":true,"interactionType":"ENTER_TEXT"}]}
RESULT: {"script":"<script> [776 bytes]","args":[{"enterText":"1/16/26","selector":{"id":"application-manageconditionprice-display-component---newCondition--condValidTo","interaction":{"idSuffix":"inner"}},"clearTextFirst":true,"interactionType":"ENTER_TEXT"}]}
COMMAND: POST /session/d2ee73163e71edf45acf38a1abb82030/element - {"using":"xpath","value":"//input[@id=\"application-manageconditionprice-display-component---newCondition--condRU-inner\"]"}
RESULT: {"using":"xpath","value":"//input[@id=\"application-manageconditionprice-display-component---newCondition--condRU-inner\"]"}
COMMAND: POST /session/d2ee73163e71edf45acf38a1abb82030/element/f.39032AFF0B9C80A7D793EE88796AE887.d.B9016E55D1ACBD0F13343F86257536FB.e.19338/clear - {}
RESULT: {}
COMMAND: POST /session/d2ee73163e71edf45acf38a1abb82030/element/f.39032AFF0B9C80A7D793EE88796AE887.d.B9016E55D1ACBD0F13343F86257536FB.e.19338/value - {"text":"Ij2pYO7813"}
COMMAND: GET /session/d2ee73163e71edf45acf38a1abb82030/screenshot - {}
RESULT: {"text":"Ij2pYO7813"}
COMMAND: GET /session/d2ee73163e71edf45acf38a1abb82030/screenshot - {}
RESULT: {}
RESULT: {}
COMMAND: POST /session/d2ee73163e71edf45acf38a1abb82030/actions - {"actions":[{"id":"action73","type":"key","parameters":{},"actions":[{"type":"keyDown","value":"î€‡"},{"type":"pause","duration":10},{"type":"keyUp","value":"î€‡"}]}]}
RESULT: {"actions":[{"id":"action73","type":"key","parameters":{},"actions":[{"type":"keyDown","value":"î€‡"},{"type":"pause","duration":10},{"type":"keyUp","value":"î€‡"}]}]}
COMMAND: POST /session/d2ee73163e71edf45acf38a1abb82030/execute/async - {"script":"<script> [1562 bytes]","args":[{"selector":{"id":"application-manageconditionprice-display-component---newCondition--condBaseQty","interaction":{"idSuffix":"inner"}},"wdio_ui5_key":"applicationmanageconditionprice-display-component---newCondition--condBaseQty"}]}
COMMAND: GET /session/d2ee73163e71edf45acf38a1abb82030/screenshot - {}
RESULT: {"script":"<script> [1562 bytes]","args":[{"selector":{"id":"application-manageconditionprice-display-component---newCondition--condBaseQty","interaction":{"idSuffix":"inner"}},"wdio_ui5_key":"applicationmanageconditionprice-display-component---newCondition--condBaseQty"}]}
RESULT: undefined
COMMAND: POST /session/d2ee73163e71edf45acf38a1abb82030/execute/async - {"script":"<script> [776 bytes]","args":[{"enterText":"1","selector":{"id":"application-manageconditionprice-display-component---newCondition--condBaseQty","interaction":{"idSuffix":"inner"}},"clearTextFirst":true,"interactionType":"ENTER_TEXT"}]}
RESULT: {}
RESULT: {"script":"<script> [776 bytes]","args":[{"enterText":"1","selector":{"id":"application-manageconditionprice-display-component---newCondition--condBaseQty","interaction":{"idSuffix":"inner"}},"clearTextFirst":true,"interactionType":"ENTER_TEXT"}]}
COMMAND: POST /session/d2ee73163e71edf45acf38a1abb82030/execute/async - {"script":"<script> [1562 bytes]","args":[{"selector":{"id":"application-manageconditionprice-display-component---newCondition--condValue","interaction":{"idSuffix":"inner"}},"wdio_ui5_key":"applicationmanageconditionprice-display-component---newCondition--condValue"}]}
RESULT: {"script":"<script> [1562 bytes]","args":[{"selector":{"id":"application-manageconditionprice-display-component---newCondition--condValue","interaction":{"idSuffix":"inner"}},"wdio_ui5_key":"applicationmanageconditionprice-display-component---newCondition--condValue"}]}
RESULT: undefined
COMMAND: POST /session/d2ee73163e71edf45acf38a1abb82030/execute/async - {"script":"<script> [776 bytes]","args":[{"enterText":"100","selector":{"id":"application-manageconditionprice-display-component---newCondition--condValue","interaction":{"idSuffix":"inner"}},"clearTextFirst":true,"interactionType":"ENTER_TEXT"}]}
RESULT: {"script":"<script> [776 bytes]","args":[{"enterText":"100","selector":{"id":"application-manageconditionprice-display-component---newCondition--condValue","interaction":{"idSuffix":"inner"}},"clearTextFirst":true,"interactionType":"ENTER_TEXT"}]}
COMMAND: POST /session/d2ee73163e71edf45acf38a1abb82030/execute/async - {"script":"<script> [1562 bytes]","args":[{"selector":{"id":"application-manageconditionprice-display-component---newCondition--condCurr-arrow"},"wdio_ui5_key":"applicationmanageconditionprice-display-component---newCondition--condCurr-arrow"}]}
RESULT: {"script":"<script> [1562 bytes]","args":[{"selector":{"id":"application-manageconditionprice-display-component---newCondition--condCurr-arrow"},"wdio_ui5_key":"applicationmanageconditionprice-display-component---newCondition--condCurr-arrow"}]}
RESULT: undefined
COMMAND: POST /session/d2ee73163e71edf45acf38a1abb82030/element - {"using":"xpath","value":"//*[@id=\"application-manageconditionprice-display-component---newCondition--condCurr-arrow\"]"}
RESULT: {"using":"xpath","value":"//*[@id=\"application-manageconditionprice-display-component---newCondition--condCurr-arrow\"]"}
COMMAND: POST /session/d2ee73163e71edf45acf38a1abb82030/element/f.39032AFF0B9C80A7D793EE88796AE887.d.B9016E55D1ACBD0F13343F86257536FB.e.19484/click - {}
RESULT: {}
COMMAND: POST /session/d2ee73163e71edf45acf38a1abb82030/element - {"using":"xpath","value":"//span[contains(text(), \"Euro\")]"}
COMMAND: GET /session/d2ee73163e71edf45acf38a1abb82030/screenshot - {}
RESULT: {"using":"xpath","value":"//span[contains(text(), \"Euro\")]"}
COMMAND: POST /session/d2ee73163e71edf45acf38a1abb82030/element/f.39032AFF0B9C80A7D793EE88796AE887.d.B9016E55D1ACBD0F13343F86257536FB.e.19539/click - {}
RESULT: {}
RESULT: {}
COMMAND: POST /session/d2ee73163e71edf45acf38a1abb82030/element - {"using":"xpath","value":"//button[@data-kt=\"saveButton\"]"}
COMMAND: GET /session/d2ee73163e71edf45acf38a1abb82030/screenshot - {}
RESULT: {"using":"xpath","value":"//button[@data-kt=\"saveButton\"]"}
COMMAND: POST /session/d2ee73163e71edf45acf38a1abb82030/element/f.39032AFF0B9C80A7D793EE88796AE887.d.B9016E55D1ACBD0F13343F86257536FB.e.19485/click - {}
RESULT: {}
RESULT: {}
COMMAND: GET /session/d2ee73163e71edf45acf38a1abb82030/screenshot - {}
RESULT: {}
COMMAND: POST /session/d2ee73163e71edf45acf38a1abb82030/execute/async - {"script":"<script> [1562 bytes]","args":[{"selector":{"id":"application-manageconditionprice-display-component---conditions--smartFilterBar-btnBasicSearch","interaction":{"idSuffix":"I"}},"wdio_ui5_key":"applicationmanageconditionprice-display-component---conditions--smartFilterBar-btnBasicSearch"}]}
RESULT: {"script":"<script> [1562 bytes]","args":[{"selector":{"id":"application-manageconditionprice-display-component---conditions--smartFilterBar-btnBasicSearch","interaction":{"idSuffix":"I"}},"wdio_ui5_key":"applicationmanageconditionprice-display-component---conditions--smartFilterBar-btnBasicSearch"}]}
RESULT: undefined
COMMAND: POST /session/d2ee73163e71edf45acf38a1abb82030/execute/async - {"script":"<script> [776 bytes]","args":[{"enterText":"Ij2pYO7813","selector":{"id":"application-manageconditionprice-display-component---conditions--smartFilterBar-btnBasicSearch","interaction":{"idSuffix":"I"}},"clearTextFirst":true,"interactionType":"ENTER_TEXT"}]}
RESULT: {"script":"<script> [776 bytes]","args":[{"enterText":"Ij2pYO7813","selector":{"id":"application-manageconditionprice-display-component---conditions--smartFilterBar-btnBasicSearch","interaction":{"idSuffix":"I"}},"clearTextFirst":true,"interactionType":"ENTER_TEXT"}]}
COMMAND: POST /session/d2ee73163e71edf45acf38a1abb82030/actions - {"actions":[{"id":"action74","type":"key","parameters":{},"actions":[{"type":"keyDown","value":"î€‡"},{"type":"pause","duration":10},{"type":"keyUp","value":"î€‡"}]}]}
RESULT: {"actions":[{"id":"action74","type":"key","parameters":{},"actions":[{"type":"keyDown","value":"î€‡"},{"type":"pause","duration":10},{"type":"keyUp","value":"î€‡"}]}]}
COMMAND: GET /session/d2ee73163e71edf45acf38a1abb82030/screenshot - {}
RESULT: {}
COMMAND: POST /session/d2ee73163e71edf45acf38a1abb82030/execute/async - {"script":"<script> [1562 bytes]","args":[{"selector":{"id":"application-manageconditionprice-display-component---conditions--smartFilterBar-filterItemControl_BASIC-BILL_TYPES-vhi"},"wdio_ui5_key":"applicationmanageconditionprice-display-component---conditions--smartFilterBar-filterItemControl_BASIC-BILL_TYPES-vhi"}]}
RESULT: {"script":"<script> [1562 bytes]","args":[{"selector":{"id":"application-manageconditionprice-display-component---conditions--smartFilterBar-filterItemControl_BASIC-BILL_TYPES-vhi"},"wdio_ui5_key":"applicationmanageconditionprice-display-component---conditions--smartFilterBar-filterItemControl_BASIC-BILL_TYPES-vhi"}]}
RESULT: undefined
COMMAND: POST /session/d2ee73163e71edf45acf38a1abb82030/element - {"using":"xpath","value":"//*[@id=\"application-manageconditionprice-display-component---conditions--smartFilterBar-filterItemControl_BASIC-BILL_TYPES-vhi\"]"}
RESULT: {"using":"xpath","value":"//*[@id=\"application-manageconditionprice-display-component---conditions--smartFilterBar-filterItemControl_BASIC-BILL_TYPES-vhi\"]"}
COMMAND: POST /session/d2ee73163e71edf45acf38a1abb82030/element/f.39032AFF0B9C80A7D793EE88796AE887.d.B9016E55D1ACBD0F13343F86257536FB.e.19556/click - {}
RESULT: {}
COMMAND: POST /session/d2ee73163e71edf45acf38a1abb82030/execute/async - {"script":"<script> [1562 bytes]","args":[{"selector":{"id":"application-manageconditionprice-display-component---conditions--smartFilterBar-filterItemControl_BASIC-BILL_TYPES-valueHelpDialog-smartFilterBar-btnBasicSearch","searchOpenDialogs":true,"interaction":{"idSuffix":"I"}},"wdio_ui5_key":"applicationmanageconditionprice-display-component---conditions--smartFilterBar-filterItemControl_BASIC-BILL_TYPES-valueHelpDialog-smartFilterBar-btnBasicSearch"}]}
COMMAND: GET /session/d2ee73163e71edf45acf38a1abb82030/screenshot - {}
RESULT: {"script":"<script> [1562 bytes]","args":[{"selector":{"id":"application-manageconditionprice-display-component---conditions--smartFilterBar-filterItemControl_BASIC-BILL_TYPES-valueHelpDialog-smartFilterBar-btnBasicSearch","searchOpenDialogs":true,"interaction":{"idSuffix":"I"}},"wdio_ui5_key":"applicationmanageconditionprice-display-component---conditions--smartFilterBar-filterItemControl_BASIC-BILL_TYPES-valueHelpDialog-smartFilterBar-btnBasicSearch"}]}
RESULT: undefined
COMMAND: POST /session/d2ee73163e71edf45acf38a1abb82030/execute/async - {"script":"<script> [776 bytes]","args":[{"enterText":"TB","selector":{"id":"application-manageconditionprice-display-component---conditions--smartFilterBar-filterItemControl_BASIC-BILL_TYPES-valueHelpDialog-smartFilterBar-btnBasicSearch","searchOpenDialogs":true,"interaction":{"idSuffix":"I"}},"clearTextFirst":true,"interactionType":"ENTER_TEXT"}]}
RESULT: {}
RESULT: {"script":"<script> [776 bytes]","args":[{"enterText":"TB","selector":{"id":"application-manageconditionprice-display-component---conditions--smartFilterBar-filterItemControl_BASIC-BILL_TYPES-valueHelpDialog-smartFilterBar-btnBasicSearch","searchOpenDialogs":true,"interaction":{"idSuffix":"I"}},"clearTextFirst":true,"interactionType":"ENTER_TEXT"}]}
COMMAND: POST /session/d2ee73163e71edf45acf38a1abb82030/actions - {"actions":[{"id":"action75","type":"key","parameters":{},"actions":[{"type":"keyDown","value":"î€‡"},{"type":"pause","duration":10},{"type":"keyUp","value":"î€‡"}]}]}
RESULT: {"actions":[{"id":"action75","type":"key","parameters":{},"actions":[{"type":"keyDown","value":"î€‡"},{"type":"pause","duration":10},{"type":"keyUp","value":"î€‡"}]}]}
COMMAND: GET /session/d2ee73163e71edf45acf38a1abb82030/screenshot - {}
RESULT: {}
COMMAND: POST /session/d2ee73163e71edf45acf38a1abb82030/element - {"using":"xpath","value":"//div[contains(@id, 'application-manageconditionprice-display-component---conditions--smartFilterBar-filterItemControl_BASIC-BILL_TYPES-valueHelpDialog-table-rowsel0')]"}
RESULT: {"using":"xpath","value":"//div[contains(@id, 'application-manageconditionprice-display-component---conditions--smartFilterBar-filterItemControl_BASIC-BILL_TYPES-valueHelpDialog-table-rowsel0')]"}
COMMAND: POST /session/d2ee73163e71edf45acf38a1abb82030/element/f.39032AFF0B9C80A7D793EE88796AE887.d.B9016E55D1ACBD0F13343F86257536FB.e.19565/click - {}
RESULT: {}
COMMAND: GET /session/d2ee73163e71edf45acf38a1abb82030/screenshot - {}
RESULT: {}
COMMAND: POST /session/d2ee73163e71edf45acf38a1abb82030/element - {"using":"xpath","value":"//bdi[contains(text(), \"OK\")]"}
RESULT: {"using":"xpath","value":"//bdi[contains(text(), \"OK\")]"}
COMMAND: POST /session/d2ee73163e71edf45acf38a1abb82030/element/f.39032AFF0B9C80A7D793EE88796AE887.d.B9016E55D1ACBD0F13343F86257536FB.e.19567/click - {}
RESULT: {}
COMMAND: GET /session/d2ee73163e71edf45acf38a1abb82030/screenshot - {}
RESULT: {}
COMMAND: POST /session/d2ee73163e71edf45acf38a1abb82030/element - {"using":"xpath","value":"//span[@id=\"application-manageconditionprice-display-component---conditions--smartTable-header-inner\"]"}
RESULT: {"using":"xpath","value":"//span[@id=\"application-manageconditionprice-display-component---conditions--smartTable-header-inner\"]"}
COMMAND: POST /session/d2ee73163e71edf45acf38a1abb82030/elements - {"using":"xpath","value":"//span[@id=\"application-manageconditionprice-display-component---conditions--smartTable-header-inner\"]"}
RESULT: {"using":"xpath","value":"//span[@id=\"application-manageconditionprice-display-component---conditions--smartTable-header-inner\"]"}
COMMAND: POST /session/d2ee73163e71edf45acf38a1abb82030/execute/sync - {"script":"<script> [56 bytes]","args":[{"element-6066-11e4-a52e-4f735466cecf":"f.39032AFF0B9C80A7D793EE88796AE887.d.B9016E55D1ACBD0F13343F86257536FB.e.19570","ELEMENT":"f.39032AFF0B9C80A7D793EE88796AE887.d.B9016E55D1ACBD0F13343F86257536FB.e.19570"}]}
RESULT: {"script":"<script> [56 bytes]","args":[{"element-6066-11e4-a52e-4f735466cecf":"f.39032AFF0B9C80A7D793EE88796AE887.d.B9016E55D1ACBD0F13343F86257536FB.e.19570","ELEMENT":"f.39032AFF0B9C80A7D793EE88796AE887.d.B9016E55D1ACBD0F13343F86257536FB.e.19570"}]}
COMMAND: POST /session/d2ee73163e71edf45acf38a1abb82030/element - {"using":"css selector","value":"#shell-header-logo"}
COMMAND: GET /session/d2ee73163e71edf45acf38a1abb82030/screenshot - {}
RESULT: {"using":"css selector","value":"#shell-header-logo"}
COMMAND: POST /session/d2ee73163e71edf45acf38a1abb82030/element/f.39032AFF0B9C80A7D793EE88796AE887.d.B9016E55D1ACBD0F13343F86257536FB.e.19289/click - {}
RESULT: {}
RESULT: {}
COMMAND: GET /session/d2ee73163e71edf45acf38a1abb82030/screenshot - {}
RESULT: {}
]]></system-out>
    </testcase>
    <testcase classname="chrome.136_0_7103_93.windows.Billing_Calculation_-_Time_based_(considering_transport_times)_US139738" name="Should do a stock increase for the equipment" time="82.111">
      <system-out><![CDATA[
COMMAND: POST /session/d2ee73163e71edf45acf38a1abb82030/execute/async - {"script":"<script> [1562 bytes]","args":[{"selector":{"controlType":"sap.m.GenericTile","properties":{"header":"Manage Handovers"}},"wdio_ui5_key":"sapm.GenericTile{\"header\":\"Manage Handovers\"}"}]}
RESULT: {"script":"<script> [1562 bytes]","args":[{"selector":{"controlType":"sap.m.GenericTile","properties":{"header":"Manage Handovers"}},"wdio_ui5_key":"sapm.GenericTile{\"header\":\"Manage Handovers\"}"}]}
RESULT: undefined
COMMAND: POST /session/d2ee73163e71edf45acf38a1abb82030/element - {"using":"xpath","value":"//*[@id=\"__tile131\"]"}
RESULT: {"using":"xpath","value":"//*[@id=\"__tile131\"]"}
COMMAND: POST /session/d2ee73163e71edf45acf38a1abb82030/element/f.39032AFF0B9C80A7D793EE88796AE887.d.B9016E55D1ACBD0F13343F86257536FB.e.18383/click - {}
RESULT: {}
COMMAND: GET /session/d2ee73163e71edf45acf38a1abb82030/screenshot - {}
RESULT: {}
COMMAND: POST /session/d2ee73163e71edf45acf38a1abb82030/elements - {"using":"xpath","value":"//span[text()='Error']"}
RESULT: {"using":"xpath","value":"//span[text()='Error']"}
COMMAND: POST /session/d2ee73163e71edf45acf38a1abb82030/element - {"using":"xpath","value":"//button[@data-kt=\"masterHOAddButton\"]"}
RESULT: {"using":"xpath","value":"//button[@data-kt=\"masterHOAddButton\"]"}
COMMAND: POST /session/d2ee73163e71edf45acf38a1abb82030/elements - {"using":"xpath","value":"//button[@data-kt=\"masterHOAddButton\"]"}
RESULT: {"using":"xpath","value":"//button[@data-kt=\"masterHOAddButton\"]"}
COMMAND: POST /session/d2ee73163e71edf45acf38a1abb82030/execute/sync - {"script":"<script> [8489 bytes]","args":[{"element-6066-11e4-a52e-4f735466cecf":"f.39032AFF0B9C80A7D793EE88796AE887.d.B9016E55D1ACBD0F13343F86257536FB.e.19615","ELEMENT":"f.39032AFF0B9C80A7D793EE88796AE887.d.B9016E55D1ACBD0F13343F86257536FB.e.19615"}]}
RESULT: {"script":"<script> [8489 bytes]","args":[{"element-6066-11e4-a52e-4f735466cecf":"f.39032AFF0B9C80A7D793EE88796AE887.d.B9016E55D1ACBD0F13343F86257536FB.e.19615","ELEMENT":"f.39032AFF0B9C80A7D793EE88796AE887.d.B9016E55D1ACBD0F13343F86257536FB.e.19615"}]}
COMMAND: GET /session/d2ee73163e71edf45acf38a1abb82030/element/f.39032AFF0B9C80A7D793EE88796AE887.d.B9016E55D1ACBD0F13343F86257536FB.e.19615/enabled - {}
COMMAND: GET /session/d2ee73163e71edf45acf38a1abb82030/screenshot - {}
RESULT: {}
COMMAND: POST /session/d2ee73163e71edf45acf38a1abb82030/execute/sync - {"script":"<script> [8489 bytes]","args":[{"element-6066-11e4-a52e-4f735466cecf":"f.39032AFF0B9C80A7D793EE88796AE887.d.B9016E55D1ACBD0F13343F86257536FB.e.19615","ELEMENT":"f.39032AFF0B9C80A7D793EE88796AE887.d.B9016E55D1ACBD0F13343F86257536FB.e.19615"}]}
COMMAND: GET /session/d2ee73163e71edf45acf38a1abb82030/screenshot - {}
RESULT: {}
RESULT: {"script":"<script> [8489 bytes]","args":[{"element-6066-11e4-a52e-4f735466cecf":"f.39032AFF0B9C80A7D793EE88796AE887.d.B9016E55D1ACBD0F13343F86257536FB.e.19615","ELEMENT":"f.39032AFF0B9C80A7D793EE88796AE887.d.B9016E55D1ACBD0F13343F86257536FB.e.19615"}]}
COMMAND: POST /session/d2ee73163e71edf45acf38a1abb82030/execute/sync - {"script":"<script> [5351 bytes]","args":[{"element-6066-11e4-a52e-4f735466cecf":"f.39032AFF0B9C80A7D793EE88796AE887.d.B9016E55D1ACBD0F13343F86257536FB.e.19615","ELEMENT":"f.39032AFF0B9C80A7D793EE88796AE887.d.B9016E55D1ACBD0F13343F86257536FB.e.19615"}]}
COMMAND: GET /session/d2ee73163e71edf45acf38a1abb82030/screenshot - {}
RESULT: {}
RESULT: {"script":"<script> [5351 bytes]","args":[{"element-6066-11e4-a52e-4f735466cecf":"f.39032AFF0B9C80A7D793EE88796AE887.d.B9016E55D1ACBD0F13343F86257536FB.e.19615","ELEMENT":"f.39032AFF0B9C80A7D793EE88796AE887.d.B9016E55D1ACBD0F13343F86257536FB.e.19615"}]}
COMMAND: POST /session/d2ee73163e71edf45acf38a1abb82030/element/f.39032AFF0B9C80A7D793EE88796AE887.d.B9016E55D1ACBD0F13343F86257536FB.e.19615/click - {}
COMMAND: GET /session/d2ee73163e71edf45acf38a1abb82030/screenshot - {}
RESULT: {}
RESULT: {}
COMMAND: GET /session/d2ee73163e71edf45acf38a1abb82030/screenshot - {}
RESULT: {}
RESULT: {}
COMMAND: POST /session/d2ee73163e71edf45acf38a1abb82030/element - {"using":"xpath","value":"//span[contains(@id ,\"AddNewHO--typeSelect-arrow\")]"}
RESULT: {"using":"xpath","value":"//span[contains(@id ,\"AddNewHO--typeSelect-arrow\")]"}
COMMAND: POST /session/d2ee73163e71edf45acf38a1abb82030/element/f.39032AFF0B9C80A7D793EE88796AE887.d.B9016E55D1ACBD0F13343F86257536FB.e.19966/click - {}
RESULT: {}
COMMAND: GET /session/d2ee73163e71edf45acf38a1abb82030/screenshot - {}
RESULT: {}
COMMAND: POST /session/d2ee73163e71edf45acf38a1abb82030/element - {"using":"xpath","value":"(//li[contains(text(), \"stock increase yard\")])[1]"}
RESULT: {"using":"xpath","value":"(//li[contains(text(), \"stock increase yard\")])[1]"}
COMMAND: POST /session/d2ee73163e71edf45acf38a1abb82030/element/f.39032AFF0B9C80A7D793EE88796AE887.d.B9016E55D1ACBD0F13343F86257536FB.e.19967/click - {}
RESULT: {}
COMMAND: GET /session/d2ee73163e71edf45acf38a1abb82030/screenshot - {}
RESULT: {}
COMMAND: POST /session/d2ee73163e71edf45acf38a1abb82030/execute/async - {"script":"<script> [1562 bytes]","args":[{"selector":{"id":"application-managehandovers-display-component---AddNewHO--dueDate","interaction":{"idSuffix":"inner"}},"wdio_ui5_key":"applicationmanagehandovers-display-component---AddNewHO--dueDate"}]}
RESULT: {"script":"<script> [1562 bytes]","args":[{"selector":{"id":"application-managehandovers-display-component---AddNewHO--dueDate","interaction":{"idSuffix":"inner"}},"wdio_ui5_key":"applicationmanagehandovers-display-component---AddNewHO--dueDate"}]}
RESULT: undefined
COMMAND: POST /session/d2ee73163e71edf45acf38a1abb82030/execute/async - {"script":"<script> [6424 bytes]","args":[{"element-6066-11e4-a52e-4f735466cecf":"f.39032AFF0B9C80A7D793EE88796AE887.d.B9016E55D1ACBD0F13343F86257536FB.e.19969"},"setValue",["5/16/25"]]}
RESULT: {"script":"<script> [6424 bytes]","args":[{"element-6066-11e4-a52e-4f735466cecf":"f.39032AFF0B9C80A7D793EE88796AE887.d.B9016E55D1ACBD0F13343F86257536FB.e.19969"},"setValue",["5/16/25"]]}
COMMAND: POST /session/d2ee73163e71edf45acf38a1abb82030/element - {"using":"xpath","value":"//input[@id=\"generalSectionFrg--receiveYard-inner\"]"}
RESULT: {"using":"xpath","value":"//input[@id=\"generalSectionFrg--receiveYard-inner\"]"}
COMMAND: POST /session/d2ee73163e71edf45acf38a1abb82030/element/f.39032AFF0B9C80A7D793EE88796AE887.d.B9016E55D1ACBD0F13343F86257536FB.e.19973/clear - {}
RESULT: {}
COMMAND: POST /session/d2ee73163e71edf45acf38a1abb82030/element/f.39032AFF0B9C80A7D793EE88796AE887.d.B9016E55D1ACBD0F13343F86257536FB.e.19973/value - {"text":"478"}
COMMAND: GET /session/d2ee73163e71edf45acf38a1abb82030/screenshot - {}
RESULT: {"text":"478"}
COMMAND: GET /session/d2ee73163e71edf45acf38a1abb82030/screenshot - {}
RESULT: {}
RESULT: {}
COMMAND: POST /session/d2ee73163e71edf45acf38a1abb82030/element - {"using":"xpath","value":"//li[.//span[text()='478']]"}
RESULT: {"using":"xpath","value":"//li[.//span[text()='478']]"}
COMMAND: POST /session/d2ee73163e71edf45acf38a1abb82030/element/f.39032AFF0B9C80A7D793EE88796AE887.d.B9016E55D1ACBD0F13343F86257536FB.e.19990/click - {}
RESULT: {}
COMMAND: GET /session/d2ee73163e71edf45acf38a1abb82030/screenshot - {}
RESULT: {}
COMMAND: POST /session/d2ee73163e71edf45acf38a1abb82030/execute/async - {"script":"<script> [1562 bytes]","args":[{"selector":{"id":"application-managehandovers-display-component---AddNewHO--ObjectPageLayout-anchBar-application-managehandovers-display-component---AddNewHO--section4-anchor","interaction":{"idSuffix":"BDI-content"}},"wdio_ui5_key":"applicationmanagehandovers-display-component---AddNewHO--ObjectPageLayout-anchBar-application-managehandovers-display-component---AddNewHO--section4-anchor"}]}
RESULT: {"script":"<script> [1562 bytes]","args":[{"selector":{"id":"application-managehandovers-display-component---AddNewHO--ObjectPageLayout-anchBar-application-managehandovers-display-component---AddNewHO--section4-anchor","interaction":{"idSuffix":"BDI-content"}},"wdio_ui5_key":"applicationmanagehandovers-display-component---AddNewHO--ObjectPageLayout-anchBar-application-managehandovers-display-component---AddNewHO--section4-anchor"}]}
RESULT: undefined
COMMAND: POST /session/d2ee73163e71edf45acf38a1abb82030/element - {"using":"xpath","value":"//*[@id=\"application-managehandovers-display-component---AddNewHO--ObjectPageLayout-anchBar-application-managehandovers-display-component---AddNewHO--section4-anchor\"]"}
RESULT: {"using":"xpath","value":"//*[@id=\"application-managehandovers-display-component---AddNewHO--ObjectPageLayout-anchBar-application-managehandovers-display-component---AddNewHO--section4-anchor\"]"}
COMMAND: POST /session/d2ee73163e71edf45acf38a1abb82030/element/f.39032AFF0B9C80A7D793EE88796AE887.d.B9016E55D1ACBD0F13343F86257536FB.e.19992/click - {}
RESULT: {}
COMMAND: POST /session/d2ee73163e71edf45acf38a1abb82030/element - {"using":"xpath","value":"//button[@aria-label=\"Add\"]"}
COMMAND: GET /session/d2ee73163e71edf45acf38a1abb82030/screenshot - {}
RESULT: {"using":"xpath","value":"//button[@aria-label=\"Add\"]"}
COMMAND: POST /session/d2ee73163e71edf45acf38a1abb82030/element/f.39032AFF0B9C80A7D793EE88796AE887.d.B9016E55D1ACBD0F13343F86257536FB.e.19994/click - {}
RESULT: {}
RESULT: {}
COMMAND: GET /session/d2ee73163e71edf45acf38a1abb82030/screenshot - {}
RESULT: {}
COMMAND: POST /session/d2ee73163e71edf45acf38a1abb82030/execute/async - {"script":"<script> [1562 bytes]","args":[{"selector":{"id":"application-managehandovers-display-component---AddNewHO--smartFilterBar-btnBasicSearch","searchOpenDialogs":true,"interaction":{"idSuffix":"I"}},"wdio_ui5_key":"applicationmanagehandovers-display-component---AddNewHO--smartFilterBar-btnBasicSearch"}]}
RESULT: {"script":"<script> [1562 bytes]","args":[{"selector":{"id":"application-managehandovers-display-component---AddNewHO--smartFilterBar-btnBasicSearch","searchOpenDialogs":true,"interaction":{"idSuffix":"I"}},"wdio_ui5_key":"applicationmanagehandovers-display-component---AddNewHO--smartFilterBar-btnBasicSearch"}]}
RESULT: undefined
COMMAND: POST /session/d2ee73163e71edf45acf38a1abb82030/execute/async - {"script":"<script> [776 bytes]","args":[{"enterText":"Ij2pYO7813","selector":{"id":"application-managehandovers-display-component---AddNewHO--smartFilterBar-btnBasicSearch","searchOpenDialogs":true,"interaction":{"idSuffix":"I"}},"clearTextFirst":true,"interactionType":"ENTER_TEXT"}]}
RESULT: {"script":"<script> [776 bytes]","args":[{"enterText":"Ij2pYO7813","selector":{"id":"application-managehandovers-display-component---AddNewHO--smartFilterBar-btnBasicSearch","searchOpenDialogs":true,"interaction":{"idSuffix":"I"}},"clearTextFirst":true,"interactionType":"ENTER_TEXT"}]}
COMMAND: POST /session/d2ee73163e71edf45acf38a1abb82030/actions - {"actions":[{"id":"action76","type":"key","parameters":{},"actions":[{"type":"keyDown","value":"î€‡"},{"type":"pause","duration":10},{"type":"keyUp","value":"î€‡"}]}]}
RESULT: {"actions":[{"id":"action76","type":"key","parameters":{},"actions":[{"type":"keyDown","value":"î€‡"},{"type":"pause","duration":10},{"type":"keyUp","value":"î€‡"}]}]}
COMMAND: GET /session/d2ee73163e71edf45acf38a1abb82030/screenshot - {}
RESULT: {}
COMMAND: POST /session/d2ee73163e71edf45acf38a1abb82030/execute/async - {"script":"<script> [1562 bytes]","args":[{"selector":{"id":"application-managehandovers-display-component---AddNewHO--popup-sa","searchOpenDialogs":true,"interaction":{"idSuffix":"CbBg"}},"wdio_ui5_key":"applicationmanagehandovers-display-component---AddNewHO--popup-sa"}]}
RESULT: {"script":"<script> [1562 bytes]","args":[{"selector":{"id":"application-managehandovers-display-component---AddNewHO--popup-sa","searchOpenDialogs":true,"interaction":{"idSuffix":"CbBg"}},"wdio_ui5_key":"applicationmanagehandovers-display-component---AddNewHO--popup-sa"}]}
RESULT: undefined
COMMAND: POST /session/d2ee73163e71edf45acf38a1abb82030/element - {"using":"xpath","value":"//*[@id=\"application-managehandovers-display-component---AddNewHO--popup-sa\"]"}
RESULT: {"using":"xpath","value":"//*[@id=\"application-managehandovers-display-component---AddNewHO--popup-sa\"]"}
COMMAND: POST /session/d2ee73163e71edf45acf38a1abb82030/element/f.39032AFF0B9C80A7D793EE88796AE887.d.B9016E55D1ACBD0F13343F86257536FB.e.20146/click - {}
RESULT: {}
COMMAND: GET /session/d2ee73163e71edf45acf38a1abb82030/screenshot - {}
RESULT: {}
COMMAND: POST /session/d2ee73163e71edf45acf38a1abb82030/element - {"using":"xpath","value":"//bdi[contains(text(), \"Select\")]"}
RESULT: {"using":"xpath","value":"//bdi[contains(text(), \"Select\")]"}
COMMAND: POST /session/d2ee73163e71edf45acf38a1abb82030/element/f.39032AFF0B9C80A7D793EE88796AE887.d.B9016E55D1ACBD0F13343F86257536FB.e.20147/click - {}
RESULT: {}
COMMAND: GET /session/d2ee73163e71edf45acf38a1abb82030/screenshot - {}
RESULT: {}
COMMAND: POST /session/d2ee73163e71edf45acf38a1abb82030/element - {"using":"xpath","value":"//button[@data-kt=\"AddNewHOSaveButton\"]"}
RESULT: {"using":"xpath","value":"//button[@data-kt=\"AddNewHOSaveButton\"]"}
COMMAND: POST /session/d2ee73163e71edf45acf38a1abb82030/element/f.39032AFF0B9C80A7D793EE88796AE887.d.B9016E55D1ACBD0F13343F86257536FB.e.20151/click - {}
RESULT: {}
COMMAND: GET /session/d2ee73163e71edf45acf38a1abb82030/screenshot - {}
RESULT: {}
COMMAND: POST /session/d2ee73163e71edf45acf38a1abb82030/execute/async - {"script":"<script> [1562 bytes]","args":[{"selector":{"id":"receiptDatePicker","viewName":"etm.portal.ui.managehandovers.view.DetailExecuteHO","interaction":{"idSuffix":"inner"}},"wdio_ui5_key":"receiptDatePickeretmportal.ui.managehandovers.view.DetailExecuteHO"}]}
RESULT: {"script":"<script> [1562 bytes]","args":[{"selector":{"id":"receiptDatePicker","viewName":"etm.portal.ui.managehandovers.view.DetailExecuteHO","interaction":{"idSuffix":"inner"}},"wdio_ui5_key":"receiptDatePickeretmportal.ui.managehandovers.view.DetailExecuteHO"}]}
RESULT: undefined
COMMAND: POST /session/d2ee73163e71edf45acf38a1abb82030/execute/async - {"script":"<script> [6424 bytes]","args":[{"element-6066-11e4-a52e-4f735466cecf":"f.39032AFF0B9C80A7D793EE88796AE887.d.B9016E55D1ACBD0F13343F86257536FB.e.20172"},"setValue",["5/16/25"]]}
RESULT: {"script":"<script> [6424 bytes]","args":[{"element-6066-11e4-a52e-4f735466cecf":"f.39032AFF0B9C80A7D793EE88796AE887.d.B9016E55D1ACBD0F13343F86257536FB.e.20172"},"setValue",["5/16/25"]]}
COMMAND: POST /session/d2ee73163e71edf45acf38a1abb82030/element - {"using":"xpath","value":"//button[@data-kt=\"PickingTableConfirmAllButton\"]"}
RESULT: {"using":"xpath","value":"//button[@data-kt=\"PickingTableConfirmAllButton\"]"}
COMMAND: POST /session/d2ee73163e71edf45acf38a1abb82030/element/f.39032AFF0B9C80A7D793EE88796AE887.d.B9016E55D1ACBD0F13343F86257536FB.e.20187/click - {}
RESULT: {}
COMMAND: GET /session/d2ee73163e71edf45acf38a1abb82030/screenshot - {}
RESULT: {}
COMMAND: POST /session/d2ee73163e71edf45acf38a1abb82030/element - {"using":"xpath","value":"//bdi[contains(text(), \"OK\")]"}
RESULT: {"using":"xpath","value":"//bdi[contains(text(), \"OK\")]"}
COMMAND: POST /session/d2ee73163e71edf45acf38a1abb82030/element/f.39032AFF0B9C80A7D793EE88796AE887.d.B9016E55D1ACBD0F13343F86257536FB.e.20189/click - {}
RESULT: {}
COMMAND: GET /session/d2ee73163e71edf45acf38a1abb82030/screenshot - {}
RESULT: {}
COMMAND: POST /session/d2ee73163e71edf45acf38a1abb82030/element - {"using":"xpath","value":"(//bdi[contains(text(), \"Receive\")])[2]"}
RESULT: {"using":"xpath","value":"(//bdi[contains(text(), \"Receive\")])[2]"}
COMMAND: POST /session/d2ee73163e71edf45acf38a1abb82030/element/f.39032AFF0B9C80A7D793EE88796AE887.d.B9016E55D1ACBD0F13343F86257536FB.e.20191/click - {}
RESULT: {}
COMMAND: GET /session/d2ee73163e71edf45acf38a1abb82030/screenshot - {}
RESULT: {}
COMMAND: POST /session/d2ee73163e71edf45acf38a1abb82030/element - {"using":"css selector","value":"#shell-header-logo"}
RESULT: {"using":"css selector","value":"#shell-header-logo"}
COMMAND: POST /session/d2ee73163e71edf45acf38a1abb82030/element/f.39032AFF0B9C80A7D793EE88796AE887.d.B9016E55D1ACBD0F13343F86257536FB.e.19576/click - {}
RESULT: {}
COMMAND: GET /session/d2ee73163e71edf45acf38a1abb82030/screenshot - {}
RESULT: {}
]]></system-out>
    </testcase>
    <testcase classname="chrome.136_0_7103_93.windows.Billing_Calculation_-_Time_based_(considering_transport_times)_US139738" name="Should create a new contract" time="57.892">
      <system-out><![CDATA[
COMMAND: POST /session/d2ee73163e71edf45acf38a1abb82030/execute/async - {"script":"<script> [1562 bytes]","args":[{"selector":{"controlType":"sap.m.GenericTile","properties":{"header":"Manage Contracts"}},"wdio_ui5_key":"sapm.GenericTile{\"header\":\"Manage Contracts\"}"}]}
RESULT: {"script":"<script> [1562 bytes]","args":[{"selector":{"controlType":"sap.m.GenericTile","properties":{"header":"Manage Contracts"}},"wdio_ui5_key":"sapm.GenericTile{\"header\":\"Manage Contracts\"}"}]}
RESULT: undefined
COMMAND: POST /session/d2ee73163e71edf45acf38a1abb82030/element - {"using":"xpath","value":"//*[@id=\"__tile130\"]"}
RESULT: {"using":"xpath","value":"//*[@id=\"__tile130\"]"}
COMMAND: POST /session/d2ee73163e71edf45acf38a1abb82030/element/f.39032AFF0B9C80A7D793EE88796AE887.d.B9016E55D1ACBD0F13343F86257536FB.e.18323/click - {}
RESULT: {}
COMMAND: GET /session/d2ee73163e71edf45acf38a1abb82030/screenshot - {}
RESULT: {}
COMMAND: POST /session/d2ee73163e71edf45acf38a1abb82030/elements - {"using":"xpath","value":"//span[text()='Error']"}
RESULT: {"using":"xpath","value":"//span[text()='Error']"}
COMMAND: POST /session/d2ee73163e71edf45acf38a1abb82030/element - {"using":"xpath","value":"//button[@data-kt=\"addButton\"]"}
RESULT: {"using":"xpath","value":"//button[@data-kt=\"addButton\"]"}
COMMAND: POST /session/d2ee73163e71edf45acf38a1abb82030/elements - {"using":"xpath","value":"//button[@data-kt=\"addButton\"]"}
RESULT: {"using":"xpath","value":"//button[@data-kt=\"addButton\"]"}
COMMAND: POST /session/d2ee73163e71edf45acf38a1abb82030/execute/sync - {"script":"<script> [8489 bytes]","args":[{"element-6066-11e4-a52e-4f735466cecf":"f.39032AFF0B9C80A7D793EE88796AE887.d.B9016E55D1ACBD0F13343F86257536FB.e.20415","ELEMENT":"f.39032AFF0B9C80A7D793EE88796AE887.d.B9016E55D1ACBD0F13343F86257536FB.e.20415"}]}
RESULT: {"script":"<script> [8489 bytes]","args":[{"element-6066-11e4-a52e-4f735466cecf":"f.39032AFF0B9C80A7D793EE88796AE887.d.B9016E55D1ACBD0F13343F86257536FB.e.20415","ELEMENT":"f.39032AFF0B9C80A7D793EE88796AE887.d.B9016E55D1ACBD0F13343F86257536FB.e.20415"}]}
COMMAND: GET /session/d2ee73163e71edf45acf38a1abb82030/element/f.39032AFF0B9C80A7D793EE88796AE887.d.B9016E55D1ACBD0F13343F86257536FB.e.20415/enabled - {}
COMMAND: GET /session/d2ee73163e71edf45acf38a1abb82030/screenshot - {}
RESULT: {}
COMMAND: POST /session/d2ee73163e71edf45acf38a1abb82030/execute/sync - {"script":"<script> [8489 bytes]","args":[{"element-6066-11e4-a52e-4f735466cecf":"f.39032AFF0B9C80A7D793EE88796AE887.d.B9016E55D1ACBD0F13343F86257536FB.e.20415","ELEMENT":"f.39032AFF0B9C80A7D793EE88796AE887.d.B9016E55D1ACBD0F13343F86257536FB.e.20415"}]}
COMMAND: GET /session/d2ee73163e71edf45acf38a1abb82030/screenshot - {}
RESULT: {}
RESULT: {"script":"<script> [8489 bytes]","args":[{"element-6066-11e4-a52e-4f735466cecf":"f.39032AFF0B9C80A7D793EE88796AE887.d.B9016E55D1ACBD0F13343F86257536FB.e.20415","ELEMENT":"f.39032AFF0B9C80A7D793EE88796AE887.d.B9016E55D1ACBD0F13343F86257536FB.e.20415"}]}
COMMAND: POST /session/d2ee73163e71edf45acf38a1abb82030/execute/sync - {"script":"<script> [5351 bytes]","args":[{"element-6066-11e4-a52e-4f735466cecf":"f.39032AFF0B9C80A7D793EE88796AE887.d.B9016E55D1ACBD0F13343F86257536FB.e.20415","ELEMENT":"f.39032AFF0B9C80A7D793EE88796AE887.d.B9016E55D1ACBD0F13343F86257536FB.e.20415"}]}
COMMAND: GET /session/d2ee73163e71edf45acf38a1abb82030/screenshot - {}
RESULT: {}
RESULT: {"script":"<script> [5351 bytes]","args":[{"element-6066-11e4-a52e-4f735466cecf":"f.39032AFF0B9C80A7D793EE88796AE887.d.B9016E55D1ACBD0F13343F86257536FB.e.20415","ELEMENT":"f.39032AFF0B9C80A7D793EE88796AE887.d.B9016E55D1ACBD0F13343F86257536FB.e.20415"}]}
COMMAND: GET /session/d2ee73163e71edf45acf38a1abb82030/screenshot - {}
RESULT: {}
RESULT: {}
COMMAND: POST /session/d2ee73163e71edf45acf38a1abb82030/element/f.39032AFF0B9C80A7D793EE88796AE887.d.B9016E55D1ACBD0F13343F86257536FB.e.20415/click - {}
RESULT: {}
COMMAND: GET /session/d2ee73163e71edf45acf38a1abb82030/screenshot - {}
COMMAND: POST /session/d2ee73163e71edf45acf38a1abb82030/execute/async - {"script":"<script> [1562 bytes]","args":[{"selector":{"id":"application-managecontracts-display-component---AddNewContract--projectDescription","interaction":{"idSuffix":"inner"}},"wdio_ui5_key":"applicationmanagecontracts-display-component---AddNewContract--projectDescription"}]}
RESULT: {}
RESULT: {"script":"<script> [1562 bytes]","args":[{"selector":{"id":"application-managecontracts-display-component---AddNewContract--projectDescription","interaction":{"idSuffix":"inner"}},"wdio_ui5_key":"applicationmanagecontracts-display-component---AddNewContract--projectDescription"}]}
RESULT: undefined
COMMAND: POST /session/d2ee73163e71edf45acf38a1abb82030/execute/async - {"script":"<script> [776 bytes]","args":[{"enterText":"Contract WDIO","selector":{"id":"application-managecontracts-display-component---AddNewContract--projectDescription","interaction":{"idSuffix":"inner"}},"clearTextFirst":true,"interactionType":"ENTER_TEXT"}]}
RESULT: {"script":"<script> [776 bytes]","args":[{"enterText":"Contract WDIO","selector":{"id":"application-managecontracts-display-component---AddNewContract--projectDescription","interaction":{"idSuffix":"inner"}},"clearTextFirst":true,"interactionType":"ENTER_TEXT"}]}
COMMAND: POST /session/d2ee73163e71edf45acf38a1abb82030/element - {"using":"xpath","value":"//input[@id=\"application-managecontracts-display-component---AddNewContract--site-inner\"]"}
RESULT: {"using":"xpath","value":"//input[@id=\"application-managecontracts-display-component---AddNewContract--site-inner\"]"}
COMMAND: POST /session/d2ee73163e71edf45acf38a1abb82030/element/f.39032AFF0B9C80A7D793EE88796AE887.d.B9016E55D1ACBD0F13343F86257536FB.e.20771/clear - {}
RESULT: {}
COMMAND: POST /session/d2ee73163e71edf45acf38a1abb82030/element/f.39032AFF0B9C80A7D793EE88796AE887.d.B9016E55D1ACBD0F13343F86257536FB.e.20771/value - {"text":"2224"}
COMMAND: GET /session/d2ee73163e71edf45acf38a1abb82030/screenshot - {}
RESULT: {"text":"2224"}
COMMAND: GET /session/d2ee73163e71edf45acf38a1abb82030/screenshot - {}
RESULT: {}
RESULT: {}
COMMAND: POST /session/d2ee73163e71edf45acf38a1abb82030/element - {"using":"xpath","value":"//li[.//span[text()='2224']]"}
RESULT: {"using":"xpath","value":"//li[.//span[text()='2224']]"}
COMMAND: POST /session/d2ee73163e71edf45acf38a1abb82030/element/f.39032AFF0B9C80A7D793EE88796AE887.d.B9016E55D1ACBD0F13343F86257536FB.e.20801/click - {}
RESULT: {}
COMMAND: GET /session/d2ee73163e71edf45acf38a1abb82030/screenshot - {}
RESULT: {}
COMMAND: POST /session/d2ee73163e71edf45acf38a1abb82030/element - {"using":"xpath","value":"//input[@id=\"application-managecontracts-display-component---AddNewContract--yardId-inner\"]"}
RESULT: {"using":"xpath","value":"//input[@id=\"application-managecontracts-display-component---AddNewContract--yardId-inner\"]"}
COMMAND: GET /session/d2ee73163e71edf45acf38a1abb82030/element/f.39032AFF0B9C80A7D793EE88796AE887.d.B9016E55D1ACBD0F13343F86257536FB.e.20772/property/value - {}
RESULT: {}
COMMAND: POST /session/d2ee73163e71edf45acf38a1abb82030/element - {"using":"xpath","value":"//input[@id=\"application-managecontracts-display-component---AddNewContract--customerSelect-inner\"]"}
COMMAND: GET /session/d2ee73163e71edf45acf38a1abb82030/screenshot - {}
RESULT: {"using":"xpath","value":"//input[@id=\"application-managecontracts-display-component---AddNewContract--customerSelect-inner\"]"}
COMMAND: POST /session/d2ee73163e71edf45acf38a1abb82030/element/f.39032AFF0B9C80A7D793EE88796AE887.d.B9016E55D1ACBD0F13343F86257536FB.e.20770/clear - {}
RESULT: {}
RESULT: {}
COMMAND: POST /session/d2ee73163e71edf45acf38a1abb82030/element/f.39032AFF0B9C80A7D793EE88796AE887.d.B9016E55D1ACBD0F13343F86257536FB.e.20770/value - {"text":"1264"}
COMMAND: GET /session/d2ee73163e71edf45acf38a1abb82030/screenshot - {}
RESULT: {"text":"1264"}
COMMAND: GET /session/d2ee73163e71edf45acf38a1abb82030/screenshot - {}
RESULT: {}
RESULT: {}
COMMAND: POST /session/d2ee73163e71edf45acf38a1abb82030/element - {"using":"xpath","value":"//li[.//span[text()='1264']]"}
RESULT: {"using":"xpath","value":"//li[.//span[text()='1264']]"}
COMMAND: POST /session/d2ee73163e71edf45acf38a1abb82030/element/f.39032AFF0B9C80A7D793EE88796AE887.d.B9016E55D1ACBD0F13343F86257536FB.e.20804/click - {}
RESULT: {}
COMMAND: GET /session/d2ee73163e71edf45acf38a1abb82030/screenshot - {}
RESULT: {}
COMMAND: POST /session/d2ee73163e71edf45acf38a1abb82030/element - {"using":"xpath","value":"//button[@data-kt=\"saveButton\"]"}
RESULT: {"using":"xpath","value":"//button[@data-kt=\"saveButton\"]"}
COMMAND: POST /session/d2ee73163e71edf45acf38a1abb82030/element/f.39032AFF0B9C80A7D793EE88796AE887.d.B9016E55D1ACBD0F13343F86257536FB.e.20805/click - {}
RESULT: {}
COMMAND: GET /session/d2ee73163e71edf45acf38a1abb82030/screenshot - {}
RESULT: {}
COMMAND: POST /session/d2ee73163e71edf45acf38a1abb82030/element - {"using":"xpath","value":"//span[contains(@id ,\"contractDetailTitleNoExpanded\")]"}
RESULT: {"using":"xpath","value":"//span[contains(@id ,\"contractDetailTitleNoExpanded\")]"}
COMMAND: POST /session/d2ee73163e71edf45acf38a1abb82030/elements - {"using":"xpath","value":"//span[contains(@id ,\"contractDetailTitleNoExpanded\")]"}
RESULT: {"using":"xpath","value":"//span[contains(@id ,\"contractDetailTitleNoExpanded\")]"}
COMMAND: POST /session/d2ee73163e71edf45acf38a1abb82030/execute/sync - {"script":"<script> [56 bytes]","args":[{"element-6066-11e4-a52e-4f735466cecf":"f.39032AFF0B9C80A7D793EE88796AE887.d.B9016E55D1ACBD0F13343F86257536FB.e.20815","ELEMENT":"f.39032AFF0B9C80A7D793EE88796AE887.d.B9016E55D1ACBD0F13343F86257536FB.e.20815"}]}
RESULT: {"script":"<script> [56 bytes]","args":[{"element-6066-11e4-a52e-4f735466cecf":"f.39032AFF0B9C80A7D793EE88796AE887.d.B9016E55D1ACBD0F13343F86257536FB.e.20815","ELEMENT":"f.39032AFF0B9C80A7D793EE88796AE887.d.B9016E55D1ACBD0F13343F86257536FB.e.20815"}]}
COMMAND: GET /session/d2ee73163e71edf45acf38a1abb82030/screenshot - {}
RESULT: {}
]]></system-out>
    </testcase>
    <testcase classname="chrome.136_0_7103_93.windows.Billing_Calculation_-_Time_based_(considering_transport_times)_US139738" name="Should add transport time checkbox on contract details" time="16.015">
      <system-out><![CDATA[
COMMAND: POST /session/d2ee73163e71edf45acf38a1abb82030/element - {"using":"xpath","value":"//button[@data-kt=\"contractDetailEditBtnButton\"]"}
RESULT: {"using":"xpath","value":"//button[@data-kt=\"contractDetailEditBtnButton\"]"}
COMMAND: POST /session/d2ee73163e71edf45acf38a1abb82030/element/f.39032AFF0B9C80A7D793EE88796AE887.d.B9016E55D1ACBD0F13343F86257536FB.e.20818/click - {}
RESULT: {}
COMMAND: GET /session/d2ee73163e71edf45acf38a1abb82030/screenshot - {}
RESULT: {}
COMMAND: POST /session/d2ee73163e71edf45acf38a1abb82030/element - {"using":"xpath","value":"(//span[contains(text(), \"Contract Billing\")])[2]"}
RESULT: {"using":"xpath","value":"(//span[contains(text(), \"Contract Billing\")])[2]"}
COMMAND: POST /session/d2ee73163e71edf45acf38a1abb82030/element/f.39032AFF0B9C80A7D793EE88796AE887.d.B9016E55D1ACBD0F13343F86257536FB.e.20878/click - {}
RESULT: {}
COMMAND: GET /session/d2ee73163e71edf45acf38a1abb82030/screenshot - {}
RESULT: {}
COMMAND: POST /session/d2ee73163e71edf45acf38a1abb82030/element - {"using":"xpath","value":"(//div[contains(@id, \"transportTimesBilled-CbBg\")])"}
RESULT: {"using":"xpath","value":"(//div[contains(@id, \"transportTimesBilled-CbBg\")])"}
COMMAND: POST /session/d2ee73163e71edf45acf38a1abb82030/element/f.39032AFF0B9C80A7D793EE88796AE887.d.B9016E55D1ACBD0F13343F86257536FB.e.20910/click - {}
RESULT: {}
COMMAND: GET /session/d2ee73163e71edf45acf38a1abb82030/screenshot - {}
RESULT: {}
COMMAND: POST /session/d2ee73163e71edf45acf38a1abb82030/element - {"using":"xpath","value":"(//button[@data-kt=\"saveButton\"])[2]"}
RESULT: {"using":"xpath","value":"(//button[@data-kt=\"saveButton\"])[2]"}
COMMAND: POST /session/d2ee73163e71edf45acf38a1abb82030/element/f.39032AFF0B9C80A7D793EE88796AE887.d.B9016E55D1ACBD0F13343F86257536FB.e.20911/click - {}
RESULT: {}
COMMAND: GET /session/d2ee73163e71edf45acf38a1abb82030/screenshot - {}
RESULT: {}
]]></system-out>
    </testcase>
    <testcase classname="chrome.136_0_7103_93.windows.Billing_Calculation_-_Time_based_(considering_transport_times)_US139738" name="Should add created equipment to contract" time="45.847">
      <system-out><![CDATA[
COMMAND: POST /session/d2ee73163e71edf45acf38a1abb82030/element - {"using":"xpath","value":"//button[@data-kt=\"contractDetailEditBtnButton\"]"}
RESULT: {"using":"xpath","value":"//button[@data-kt=\"contractDetailEditBtnButton\"]"}
COMMAND: POST /session/d2ee73163e71edf45acf38a1abb82030/element/f.39032AFF0B9C80A7D793EE88796AE887.d.B9016E55D1ACBD0F13343F86257536FB.e.20818/click - {}
RESULT: {}
COMMAND: GET /session/d2ee73163e71edf45acf38a1abb82030/screenshot - {}
RESULT: {}
COMMAND: POST /session/d2ee73163e71edf45acf38a1abb82030/element - {"using":"xpath","value":"(//span[contains(text(), \"Additional Addresses\")])[2]"}
RESULT: {"using":"xpath","value":"(//span[contains(text(), \"Additional Addresses\")])[2]"}
COMMAND: POST /session/d2ee73163e71edf45acf38a1abb82030/element/f.39032AFF0B9C80A7D793EE88796AE887.d.B9016E55D1ACBD0F13343F86257536FB.e.20928/click - {}
RESULT: {}
COMMAND: GET /session/d2ee73163e71edf45acf38a1abb82030/screenshot - {}
RESULT: {}
COMMAND: POST /session/d2ee73163e71edf45acf38a1abb82030/element - {"using":"xpath","value":"//button[@data-kt=\"btnAddTableRowOverflowToolbarButton\"]"}
RESULT: {"using":"xpath","value":"//button[@data-kt=\"btnAddTableRowOverflowToolbarButton\"]"}
COMMAND: POST /session/d2ee73163e71edf45acf38a1abb82030/element/f.39032AFF0B9C80A7D793EE88796AE887.d.B9016E55D1ACBD0F13343F86257536FB.e.20930/click - {}
RESULT: {}
COMMAND: GET /session/d2ee73163e71edf45acf38a1abb82030/screenshot - {}
RESULT: {}
COMMAND: POST /session/d2ee73163e71edf45acf38a1abb82030/element - {"using":"xpath","value":"//div[(text() = 'Standard Entry' or . = 'Standard Entry')]"}
RESULT: {"using":"xpath","value":"//div[(text() = 'Standard Entry' or . = 'Standard Entry')]"}
COMMAND: POST /session/d2ee73163e71edf45acf38a1abb82030/element/f.39032AFF0B9C80A7D793EE88796AE887.d.B9016E55D1ACBD0F13343F86257536FB.e.20932/click - {}
RESULT: {}
COMMAND: GET /session/d2ee73163e71edf45acf38a1abb82030/screenshot - {}
RESULT: {}
COMMAND: POST /session/d2ee73163e71edf45acf38a1abb82030/element - {"using":"xpath","value":"//td[7]/div/div/input"}
RESULT: {"using":"xpath","value":"//td[7]/div/div/input"}
COMMAND: POST /session/d2ee73163e71edf45acf38a1abb82030/element/f.39032AFF0B9C80A7D793EE88796AE887.d.B9016E55D1ACBD0F13343F86257536FB.e.20941/clear - {}
RESULT: {}
COMMAND: POST /session/d2ee73163e71edf45acf38a1abb82030/element/f.39032AFF0B9C80A7D793EE88796AE887.d.B9016E55D1ACBD0F13343F86257536FB.e.20941/value - {"text":"Ij2pYO7813"}
COMMAND: GET /session/d2ee73163e71edf45acf38a1abb82030/screenshot - {}
RESULT: {"text":"Ij2pYO7813"}
COMMAND: GET /session/d2ee73163e71edf45acf38a1abb82030/screenshot - {}
RESULT: {}
RESULT: {}
COMMAND: POST /session/d2ee73163e71edf45acf38a1abb82030/actions - {"actions":[{"id":"action77","type":"key","parameters":{},"actions":[{"type":"keyDown","value":"î€‡"},{"type":"pause","duration":10},{"type":"keyUp","value":"î€‡"}]}]}
RESULT: {"actions":[{"id":"action77","type":"key","parameters":{},"actions":[{"type":"keyDown","value":"î€‡"},{"type":"pause","duration":10},{"type":"keyUp","value":"î€‡"}]}]}
COMMAND: GET /session/d2ee73163e71edf45acf38a1abb82030/screenshot - {}
RESULT: {}
COMMAND: POST /session/d2ee73163e71edf45acf38a1abb82030/execute/sync - {"script":"<script> [276 bytes]","args":["No pricing information was found"]}
RESULT: {"script":"<script> [276 bytes]","args":["No pricing information was found"]}
COMMAND: POST /session/d2ee73163e71edf45acf38a1abb82030/element - {"using":"xpath","value":"(//button[@data-kt=\"saveButton\"])[2]"}
COMMAND: GET /session/d2ee73163e71edf45acf38a1abb82030/screenshot - {}
RESULT: {"using":"xpath","value":"(//button[@data-kt=\"saveButton\"])[2]"}
COMMAND: POST /session/d2ee73163e71edf45acf38a1abb82030/element/f.39032AFF0B9C80A7D793EE88796AE887.d.B9016E55D1ACBD0F13343F86257536FB.e.20911/click - {}
RESULT: {}
RESULT: {}
COMMAND: GET /session/d2ee73163e71edf45acf38a1abb82030/screenshot - {}
RESULT: {}
COMMAND: POST /session/d2ee73163e71edf45acf38a1abb82030/execute/sync - {"script":"<script> [276 bytes]","args":["Some contract items are having rental validity exceeding header rental validity"]}
RESULT: {"script":"<script> [276 bytes]","args":["Some contract items are having rental validity exceeding header rental validity"]}
COMMAND: GET /session/d2ee73163e71edf45acf38a1abb82030/screenshot - {}
RESULT: {}
COMMAND: POST /session/d2ee73163e71edf45acf38a1abb82030/element - {"using":"xpath","value":"//span[contains(@id ,\"contractItemsSmartTable-header-inner\")]"}
RESULT: {"using":"xpath","value":"//span[contains(@id ,\"contractItemsSmartTable-header-inner\")]"}
COMMAND: POST /session/d2ee73163e71edf45acf38a1abb82030/elements - {"using":"xpath","value":"//span[contains(@id ,\"contractItemsSmartTable-header-inner\")]"}
RESULT: {"using":"xpath","value":"//span[contains(@id ,\"contractItemsSmartTable-header-inner\")]"}
COMMAND: POST /session/d2ee73163e71edf45acf38a1abb82030/execute/sync - {"script":"<script> [56 bytes]","args":[{"element-6066-11e4-a52e-4f735466cecf":"f.39032AFF0B9C80A7D793EE88796AE887.d.B9016E55D1ACBD0F13343F86257536FB.e.20962","ELEMENT":"f.39032AFF0B9C80A7D793EE88796AE887.d.B9016E55D1ACBD0F13343F86257536FB.e.20962"}]}
RESULT: {"script":"<script> [56 bytes]","args":[{"element-6066-11e4-a52e-4f735466cecf":"f.39032AFF0B9C80A7D793EE88796AE887.d.B9016E55D1ACBD0F13343F86257536FB.e.20962","ELEMENT":"f.39032AFF0B9C80A7D793EE88796AE887.d.B9016E55D1ACBD0F13343F86257536FB.e.20962"}]}
]]></system-out>
    </testcase>
    <testcase classname="chrome.136_0_7103_93.windows.Billing_Calculation_-_Time_based_(considering_transport_times)_US139738" name="Should do a provide to site 2 step" time="150.675">
      <system-out><![CDATA[
COMMAND: POST /session/d2ee73163e71edf45acf38a1abb82030/element - {"using":"xpath","value":"//button[@data-kt=\"provideButton\"]"}
COMMAND: GET /session/d2ee73163e71edf45acf38a1abb82030/screenshot - {}
RESULT: {"using":"xpath","value":"//button[@data-kt=\"provideButton\"]"}
COMMAND: POST /session/d2ee73163e71edf45acf38a1abb82030/element/f.39032AFF0B9C80A7D793EE88796AE887.d.B9016E55D1ACBD0F13343F86257536FB.e.20963/click - {}
RESULT: {}
RESULT: {}
COMMAND: GET /session/d2ee73163e71edf45acf38a1abb82030/screenshot - {}
RESULT: {}
COMMAND: POST /session/d2ee73163e71edf45acf38a1abb82030/element - {"using":"xpath","value":"(//div[contains(@id, \"application-managehandovers-display-component---AddNewHO--oneStep-CbBg\")])"}
RESULT: {"using":"xpath","value":"(//div[contains(@id, \"application-managehandovers-display-component---AddNewHO--oneStep-CbBg\")])"}
COMMAND: POST /session/d2ee73163e71edf45acf38a1abb82030/element - {"using":"xpath","value":"(//div[contains(@id, \"application-managehandovers-display-component---AddNewHO--oneStep-CbBg\")])/input"}
RESULT: {"using":"xpath","value":"(//div[contains(@id, \"application-managehandovers-display-component---AddNewHO--oneStep-CbBg\")])/input"}
COMMAND: GET /session/d2ee73163e71edf45acf38a1abb82030/element/f.39032AFF0B9C80A7D793EE88796AE887.d.B9016E55D1ACBD0F13343F86257536FB.e.21022/attribute/checked - {}
RESULT: {}
RESULT: undefined
COMMAND: POST /session/d2ee73163e71edf45acf38a1abb82030/execute/async - {"script":"<script> [6424 bytes]","args":[{"element-6066-11e4-a52e-4f735466cecf":"f.39032AFF0B9C80A7D793EE88796AE887.d.B9016E55D1ACBD0F13343F86257536FB.e.19969"},"setValue",["5/16/25"]]}
COMMAND: POST /session/d2ee73163e71edf45acf38a1abb82030/element/f.39032AFF0B9C80A7D793EE88796AE887.d.B9016E55D1ACBD0F13343F86257536FB.e.21264/click - {}
COMMAND: POST /session/d2ee73163e71edf45acf38a1abb82030/execute/async - {"script":"<script> [1562 bytes]","args":[{"selector":{"id":"application-managehandovers-display-component---AddNewHO--dueDate","interaction":{"idSuffix":"inner"}},"wdio_ui5_key":"applicationmanagehandovers-display-component---AddNewHO--dueDate"}]}
RESULT: {}
COMMAND: GET /session/d2ee73163e71edf45acf38a1abb82030/screenshot - {}
RESULT: {"script":"<script> [1562 bytes]","args":[{"selector":{"id":"application-managehandovers-display-component---AddNewHO--dueDate","interaction":{"idSuffix":"inner"}},"wdio_ui5_key":"applicationmanagehandovers-display-component---AddNewHO--dueDate"}]}
COMMAND: POST /session/d2ee73163e71edf45acf38a1abb82030/execute/async - {"script":"<script> [6424 bytes]","args":[{"element-6066-11e4-a52e-4f735466cecf":"f.39032AFF0B9C80A7D793EE88796AE887.d.B9016E55D1ACBD0F13343F86257536FB.e.21020"},"setValue",["5/16/25"]]}
RESULT: {}
RESULT: {"script":"<script> [6424 bytes]","args":[{"element-6066-11e4-a52e-4f735466cecf":"f.39032AFF0B9C80A7D793EE88796AE887.d.B9016E55D1ACBD0F13343F86257536FB.e.21020"},"setValue",["5/16/25"]]}
COMMAND: POST /session/d2ee73163e71edf45acf38a1abb82030/element - {"using":"xpath","value":"//bdi[contains(text(), \"Instructions\")]"}
RESULT: {"using":"xpath","value":"//bdi[contains(text(), \"Instructions\")]"}
COMMAND: POST /session/d2ee73163e71edf45acf38a1abb82030/element/f.39032AFF0B9C80A7D793EE88796AE887.d.B9016E55D1ACBD0F13343F86257536FB.e.21266/click - {}
RESULT: {}
COMMAND: GET /session/d2ee73163e71edf45acf38a1abb82030/screenshot - {}
RESULT: {}
COMMAND: POST /session/d2ee73163e71edf45acf38a1abb82030/element - {"using":"xpath","value":"//button[@data-kt=\"AddNewHOProvideAddItemsButton\"]"}
RESULT: {"using":"xpath","value":"//button[@data-kt=\"AddNewHOProvideAddItemsButton\"]"}
COMMAND: POST /session/d2ee73163e71edf45acf38a1abb82030/element/f.39032AFF0B9C80A7D793EE88796AE887.d.B9016E55D1ACBD0F13343F86257536FB.e.21270/click - {}
RESULT: {}
COMMAND: GET /session/d2ee73163e71edf45acf38a1abb82030/screenshot - {}
RESULT: {}
RESULT: undefined
COMMAND: POST /session/d2ee73163e71edf45acf38a1abb82030/element - {"using":"xpath","value":"//*[@id=\"application-managehandovers-display-component---AddNewHO--popup-sa\"]"}
RESULT: {"using":"xpath","value":"//*[@id=\"application-managehandovers-display-component---AddNewHO--popup-sa\"]"}
COMMAND: POST /session/d2ee73163e71edf45acf38a1abb82030/element/f.39032AFF0B9C80A7D793EE88796AE887.d.B9016E55D1ACBD0F13343F86257536FB.e.21279/click - {}
RESULT: {}
COMMAND: GET /session/d2ee73163e71edf45acf38a1abb82030/screenshot - {}
RESULT: {}
COMMAND: POST /session/d2ee73163e71edf45acf38a1abb82030/element - {"using":"xpath","value":"//*[contains(@id ,\"BDI-content\")][contains(text(), \"Select\")]"}
RESULT: {"using":"xpath","value":"//*[contains(@id ,\"BDI-content\")][contains(text(), \"Select\")]"}
COMMAND: POST /session/d2ee73163e71edf45acf38a1abb82030/element/f.39032AFF0B9C80A7D793EE88796AE887.d.B9016E55D1ACBD0F13343F86257536FB.e.21281/click - {}
RESULT: {}
COMMAND: GET /session/d2ee73163e71edf45acf38a1abb82030/screenshot - {}
RESULT: {}
COMMAND: POST /session/d2ee73163e71edf45acf38a1abb82030/execute/async - {"script":"<script> [1562 bytes]","args":[{"selector":{"id":"application-managehandovers-display-component---AddNewHO--confirmCreationButton","interaction":{"idSuffix":"BDI-content"}},"wdio_ui5_key":"applicationmanagehandovers-display-component---AddNewHO--confirmCreationButton"}]}
RESULT: {"script":"<script> [1562 bytes]","args":[{"selector":{"id":"application-managehandovers-display-component---AddNewHO--confirmCreationButton","interaction":{"idSuffix":"BDI-content"}},"wdio_ui5_key":"applicationmanagehandovers-display-component---AddNewHO--confirmCreationButton"}]}
RESULT: undefined
COMMAND: POST /session/d2ee73163e71edf45acf38a1abb82030/element - {"using":"xpath","value":"//*[@id=\"application-managehandovers-display-component---AddNewHO--confirmCreationButton\"]"}
RESULT: {"using":"xpath","value":"//*[@id=\"application-managehandovers-display-component---AddNewHO--confirmCreationButton\"]"}
COMMAND: POST /session/d2ee73163e71edf45acf38a1abb82030/element/f.39032AFF0B9C80A7D793EE88796AE887.d.B9016E55D1ACBD0F13343F86257536FB.e.21097/click - {}
RESULT: {}
COMMAND: GET /session/d2ee73163e71edf45acf38a1abb82030/screenshot - {}
RESULT: {}
COMMAND: POST /session/d2ee73163e71edf45acf38a1abb82030/execute/async - {"script":"<script> [1562 bytes]","args":[{"selector":{"id":"issueDatePicker","viewName":"etm.portal.ui.managehandovers.view.DetailExecuteHO","interaction":{"idSuffix":"inner"}},"wdio_ui5_key":"issueDatePickeretmportal.ui.managehandovers.view.DetailExecuteHO"}]}
RESULT: {"script":"<script> [1562 bytes]","args":[{"selector":{"id":"issueDatePicker","viewName":"etm.portal.ui.managehandovers.view.DetailExecuteHO","interaction":{"idSuffix":"inner"}},"wdio_ui5_key":"issueDatePickeretmportal.ui.managehandovers.view.DetailExecuteHO"}]}
RESULT: undefined
COMMAND: POST /session/d2ee73163e71edf45acf38a1abb82030/execute/async - {"script":"<script> [776 bytes]","args":[{"enterText":"5/16/25","selector":{"id":"issueDatePicker","viewName":"etm.portal.ui.managehandovers.view.DetailExecuteHO","interaction":{"idSuffix":"inner"}},"clearTextFirst":true,"interactionType":"ENTER_TEXT"}]}
RESULT: {"script":"<script> [776 bytes]","args":[{"enterText":"5/16/25","selector":{"id":"issueDatePicker","viewName":"etm.portal.ui.managehandovers.view.DetailExecuteHO","interaction":{"idSuffix":"inner"}},"clearTextFirst":true,"interactionType":"ENTER_TEXT"}]}
COMMAND: POST /session/d2ee73163e71edf45acf38a1abb82030/element - {"using":"xpath","value":"//bdi[contains(text(), \"OK\")]"}
RESULT: {"using":"xpath","value":"//bdi[contains(text(), \"OK\")]"}
COMMAND: POST /session/d2ee73163e71edf45acf38a1abb82030/element/f.39032AFF0B9C80A7D793EE88796AE887.d.B9016E55D1ACBD0F13343F86257536FB.e.21327/click - {}
RESULT: {}
COMMAND: GET /session/d2ee73163e71edf45acf38a1abb82030/screenshot - {}
RESULT: {}
COMMAND: POST /session/d2ee73163e71edf45acf38a1abb82030/element - {"using":"xpath","value":"//button[@data-kt=\"PickingTableConfirmAllButton\"]"}
RESULT: {"using":"xpath","value":"//button[@data-kt=\"PickingTableConfirmAllButton\"]"}
COMMAND: POST /session/d2ee73163e71edf45acf38a1abb82030/element/f.39032AFF0B9C80A7D793EE88796AE887.d.B9016E55D1ACBD0F13343F86257536FB.e.21333/click - {}
RESULT: {}
COMMAND: GET /session/d2ee73163e71edf45acf38a1abb82030/screenshot - {}
RESULT: {}
COMMAND: POST /session/d2ee73163e71edf45acf38a1abb82030/element - {"using":"xpath","value":"//bdi[contains(text(), \"OK\")]"}
RESULT: {"using":"xpath","value":"//bdi[contains(text(), \"OK\")]"}
COMMAND: POST /session/d2ee73163e71edf45acf38a1abb82030/element/f.39032AFF0B9C80A7D793EE88796AE887.d.B9016E55D1ACBD0F13343F86257536FB.e.21337/click - {}
RESULT: {}
COMMAND: GET /session/d2ee73163e71edf45acf38a1abb82030/screenshot - {}
RESULT: {}
COMMAND: POST /session/d2ee73163e71edf45acf38a1abb82030/element - {"using":"xpath","value":"//button[@data-kt=\"execHoPickButton\"]"}
RESULT: {"using":"xpath","value":"//button[@data-kt=\"execHoPickButton\"]"}
COMMAND: POST /session/d2ee73163e71edf45acf38a1abb82030/element/f.39032AFF0B9C80A7D793EE88796AE887.d.B9016E55D1ACBD0F13343F86257536FB.e.21338/click - {}
RESULT: {}
COMMAND: GET /session/d2ee73163e71edf45acf38a1abb82030/screenshot - {}
RESULT: {}
COMMAND: POST /session/d2ee73163e71edf45acf38a1abb82030/element - {"using":"xpath","value":"//span[contains(@id ,\"filterItemControl_BASIC-RECEIVE_CONTRACT-vhi\")]"}
RESULT: {"using":"xpath","value":"//span[contains(@id ,\"filterItemControl_BASIC-RECEIVE_CONTRACT-vhi\")]"}
COMMAND: POST /session/d2ee73163e71edf45acf38a1abb82030/element/f.39032AFF0B9C80A7D793EE88796AE887.d.B9016E55D1ACBD0F13343F86257536FB.e.21512/click - {}
RESULT: {}
COMMAND: GET /session/d2ee73163e71edf45acf38a1abb82030/screenshot - {}
RESULT: {}
COMMAND: POST /session/d2ee73163e71edf45acf38a1abb82030/execute/async - {"script":"<script> [1562 bytes]","args":[{"selector":{"controlType":"sap.m.SearchField","viewName":"etm.portal.ui.managehandovers.view.MasterHO","bindingPath":{"path":"","propertyPath":"/_BASIC_SEARCH_FIELD","modelName":"fi1t3rM0d31"},"searchOpenDialogs":true,"interaction":{"idSuffix":"I"}},"wdio_ui5_key":"etmportal.ui.managehandovers.view.MasterHOsap.m.SearchField{\"path\":\"\",\"propertyPath\":\"/_BASIC_SEARCH_FIELD\",\"modelName\":\"fi1t3rM0d31\"}"}]}
RESULT: {"script":"<script> [1562 bytes]","args":[{"selector":{"controlType":"sap.m.SearchField","viewName":"etm.portal.ui.managehandovers.view.MasterHO","bindingPath":{"path":"","propertyPath":"/_BASIC_SEARCH_FIELD","modelName":"fi1t3rM0d31"},"searchOpenDialogs":true,"interaction":{"idSuffix":"I"}},"wdio_ui5_key":"etmportal.ui.managehandovers.view.MasterHOsap.m.SearchField{\"path\":\"\",\"propertyPath\":\"/_BASIC_SEARCH_FIELD\",\"modelName\":\"fi1t3rM0d31\"}"}]}
RESULT: undefined
COMMAND: POST /session/d2ee73163e71edf45acf38a1abb82030/execute/async - {"script":"<script> [776 bytes]","args":[{"enterText":"10318","selector":{"controlType":"sap.m.SearchField","viewName":"etm.portal.ui.managehandovers.view.MasterHO","bindingPath":{"path":"","propertyPath":"/_BASIC_SEARCH_FIELD","modelName":"fi1t3rM0d31"},"searchOpenDialogs":true,"interaction":{"idSuffix":"I"}},"clearTextFirst":true,"interactionType":"ENTER_TEXT"}]}
RESULT: {"script":"<script> [776 bytes]","args":[{"enterText":"10318","selector":{"controlType":"sap.m.SearchField","viewName":"etm.portal.ui.managehandovers.view.MasterHO","bindingPath":{"path":"","propertyPath":"/_BASIC_SEARCH_FIELD","modelName":"fi1t3rM0d31"},"searchOpenDialogs":true,"interaction":{"idSuffix":"I"}},"clearTextFirst":true,"interactionType":"ENTER_TEXT"}]}
COMMAND: POST /session/d2ee73163e71edf45acf38a1abb82030/actions - {"actions":[{"id":"action78","type":"key","parameters":{},"actions":[{"type":"keyDown","value":"î€‡"},{"type":"pause","duration":10},{"type":"keyUp","value":"î€‡"}]}]}
RESULT: {"actions":[{"id":"action78","type":"key","parameters":{},"actions":[{"type":"keyDown","value":"î€‡"},{"type":"pause","duration":10},{"type":"keyUp","value":"î€‡"}]}]}
COMMAND: GET /session/d2ee73163e71edf45acf38a1abb82030/screenshot - {}
RESULT: {}
COMMAND: POST /session/d2ee73163e71edf45acf38a1abb82030/element - {"using":"xpath","value":"//div[contains(@id, 'filterItemControl_BASIC-RECEIVE_CONTRACT-valueHelpDialog-table-rowsel0')]"}
RESULT: {"using":"xpath","value":"//div[contains(@id, 'filterItemControl_BASIC-RECEIVE_CONTRACT-valueHelpDialog-table-rowsel0')]"}
COMMAND: POST /session/d2ee73163e71edf45acf38a1abb82030/element/f.39032AFF0B9C80A7D793EE88796AE887.d.B9016E55D1ACBD0F13343F86257536FB.e.21522/click - {}
RESULT: {}
COMMAND: GET /session/d2ee73163e71edf45acf38a1abb82030/screenshot - {}
RESULT: {}
COMMAND: POST /session/d2ee73163e71edf45acf38a1abb82030/element - {"using":"xpath","value":"//bdi[contains(text(), \"OK\")]"}
RESULT: {"using":"xpath","value":"//bdi[contains(text(), \"OK\")]"}
COMMAND: POST /session/d2ee73163e71edf45acf38a1abb82030/element/f.39032AFF0B9C80A7D793EE88796AE887.d.B9016E55D1ACBD0F13343F86257536FB.e.21524/click - {}
RESULT: {}
COMMAND: GET /session/d2ee73163e71edf45acf38a1abb82030/screenshot - {}
RESULT: {}
COMMAND: POST /session/d2ee73163e71edf45acf38a1abb82030/element - {"using":"xpath","value":"//span[contains(@id, \"smartTable-header-inner\")]"}
RESULT: {"using":"xpath","value":"//span[contains(@id, \"smartTable-header-inner\")]"}
COMMAND: POST /session/d2ee73163e71edf45acf38a1abb82030/elements - {"using":"xpath","value":"//span[contains(@id, \"smartTable-header-inner\")]"}
RESULT: {"using":"xpath","value":"//span[contains(@id, \"smartTable-header-inner\")]"}
COMMAND: POST /session/d2ee73163e71edf45acf38a1abb82030/execute/sync - {"script":"<script> [56 bytes]","args":[{"element-6066-11e4-a52e-4f735466cecf":"f.39032AFF0B9C80A7D793EE88796AE887.d.B9016E55D1ACBD0F13343F86257536FB.e.21552","ELEMENT":"f.39032AFF0B9C80A7D793EE88796AE887.d.B9016E55D1ACBD0F13343F86257536FB.e.21552"}]}
RESULT: {"script":"<script> [56 bytes]","args":[{"element-6066-11e4-a52e-4f735466cecf":"f.39032AFF0B9C80A7D793EE88796AE887.d.B9016E55D1ACBD0F13343F86257536FB.e.21552","ELEMENT":"f.39032AFF0B9C80A7D793EE88796AE887.d.B9016E55D1ACBD0F13343F86257536FB.e.21552"}]}
COMMAND: POST /session/d2ee73163e71edf45acf38a1abb82030/element - {"using":"xpath","value":"//table[contains(@id, \"customHandovers\")]//tbody/tr[1]/td[2]/span"}
COMMAND: GET /session/d2ee73163e71edf45acf38a1abb82030/screenshot - {}
RESULT: {"using":"xpath","value":"//table[contains(@id, \"customHandovers\")]//tbody/tr[1]/td[2]/span"}
COMMAND: POST /session/d2ee73163e71edf45acf38a1abb82030/execute/sync - {"script":"<script> [56 bytes]","args":[{"element-6066-11e4-a52e-4f735466cecf":"f.39032AFF0B9C80A7D793EE88796AE887.d.B9016E55D1ACBD0F13343F86257536FB.e.21553","ELEMENT":"f.39032AFF0B9C80A7D793EE88796AE887.d.B9016E55D1ACBD0F13343F86257536FB.e.21553"}]}
RESULT: {}
RESULT: {"script":"<script> [56 bytes]","args":[{"element-6066-11e4-a52e-4f735466cecf":"f.39032AFF0B9C80A7D793EE88796AE887.d.B9016E55D1ACBD0F13343F86257536FB.e.21553","ELEMENT":"f.39032AFF0B9C80A7D793EE88796AE887.d.B9016E55D1ACBD0F13343F86257536FB.e.21553"}]}
COMMAND: POST /session/d2ee73163e71edf45acf38a1abb82030/element - {"using":"xpath","value":"(//span[contains(@id, \"imgNav\")])[1]"}
COMMAND: GET /session/d2ee73163e71edf45acf38a1abb82030/screenshot - {}
RESULT: {"using":"xpath","value":"(//span[contains(@id, \"imgNav\")])[1]"}
COMMAND: POST /session/d2ee73163e71edf45acf38a1abb82030/element/f.39032AFF0B9C80A7D793EE88796AE887.d.B9016E55D1ACBD0F13343F86257536FB.e.21550/click - {}
RESULT: {}
RESULT: {}
COMMAND: GET /session/d2ee73163e71edf45acf38a1abb82030/screenshot - {}
RESULT: {}
RESULT: undefined
COMMAND: POST /session/d2ee73163e71edf45acf38a1abb82030/execute/async - {"script":"<script> [776 bytes]","args":[{"enterText":"5/16/25","selector":{"id":"issueDatePicker","viewName":"etm.portal.ui.managehandovers.view.DetailExecuteHO","interaction":{"idSuffix":"inner"}},"clearTextFirst":true,"interactionType":"ENTER_TEXT"}]}
RESULT: {"script":"<script> [776 bytes]","args":[{"enterText":"5/16/25","selector":{"id":"issueDatePicker","viewName":"etm.portal.ui.managehandovers.view.DetailExecuteHO","interaction":{"idSuffix":"inner"}},"clearTextFirst":true,"interactionType":"ENTER_TEXT"}]}
COMMAND: POST /session/d2ee73163e71edf45acf38a1abb82030/element - {"using":"xpath","value":"//button[@data-kt=\"PickingTableConfirmAllButton\"]"}
RESULT: {"using":"xpath","value":"//button[@data-kt=\"PickingTableConfirmAllButton\"]"}
COMMAND: POST /session/d2ee73163e71edf45acf38a1abb82030/element/f.39032AFF0B9C80A7D793EE88796AE887.d.B9016E55D1ACBD0F13343F86257536FB.e.21593/click - {}
RESULT: {}
COMMAND: GET /session/d2ee73163e71edf45acf38a1abb82030/screenshot - {}
RESULT: {}
COMMAND: POST /session/d2ee73163e71edf45acf38a1abb82030/element - {"using":"xpath","value":"//bdi[contains(text(), \"OK\")]"}
RESULT: {"using":"xpath","value":"//bdi[contains(text(), \"OK\")]"}
COMMAND: POST /session/d2ee73163e71edf45acf38a1abb82030/element/f.39032AFF0B9C80A7D793EE88796AE887.d.B9016E55D1ACBD0F13343F86257536FB.e.21603/click - {}
RESULT: {}
COMMAND: GET /session/d2ee73163e71edf45acf38a1abb82030/screenshot - {}
RESULT: {}
COMMAND: POST /session/d2ee73163e71edf45acf38a1abb82030/element - {"using":"xpath","value":"//button[@data-kt=\"execHoIssueButton\"]"}
RESULT: {"using":"xpath","value":"//button[@data-kt=\"execHoIssueButton\"]"}
COMMAND: POST /session/d2ee73163e71edf45acf38a1abb82030/element/f.39032AFF0B9C80A7D793EE88796AE887.d.B9016E55D1ACBD0F13343F86257536FB.e.21605/click - {}
RESULT: {}
COMMAND: GET /session/d2ee73163e71edf45acf38a1abb82030/screenshot - {}
RESULT: {}
COMMAND: POST /session/d2ee73163e71edf45acf38a1abb82030/element - {"using":"xpath","value":"//input[contains(@id ,\"smartFilterBar-btnBasicSearch-I\")]"}
RESULT: {"using":"xpath","value":"//input[contains(@id ,\"smartFilterBar-btnBasicSearch-I\")]"}
COMMAND: POST /session/d2ee73163e71edf45acf38a1abb82030/elements - {"using":"xpath","value":"//input[contains(@id ,\"smartFilterBar-btnBasicSearch-I\")]"}
RESULT: {"using":"xpath","value":"//input[contains(@id ,\"smartFilterBar-btnBasicSearch-I\")]"}
COMMAND: POST /session/d2ee73163e71edf45acf38a1abb82030/execute/sync - {"script":"<script> [8489 bytes]","args":[{"element-6066-11e4-a52e-4f735466cecf":"f.39032AFF0B9C80A7D793EE88796AE887.d.B9016E55D1ACBD0F13343F86257536FB.e.21019","ELEMENT":"f.39032AFF0B9C80A7D793EE88796AE887.d.B9016E55D1ACBD0F13343F86257536FB.e.21019"}]}
RESULT: {"script":"<script> [8489 bytes]","args":[{"element-6066-11e4-a52e-4f735466cecf":"f.39032AFF0B9C80A7D793EE88796AE887.d.B9016E55D1ACBD0F13343F86257536FB.e.21019","ELEMENT":"f.39032AFF0B9C80A7D793EE88796AE887.d.B9016E55D1ACBD0F13343F86257536FB.e.21019"}]}
COMMAND: GET /session/d2ee73163e71edf45acf38a1abb82030/element/f.39032AFF0B9C80A7D793EE88796AE887.d.B9016E55D1ACBD0F13343F86257536FB.e.21019/enabled - {}
COMMAND: GET /session/d2ee73163e71edf45acf38a1abb82030/screenshot - {}
RESULT: {}
COMMAND: POST /session/d2ee73163e71edf45acf38a1abb82030/element/f.39032AFF0B9C80A7D793EE88796AE887.d.B9016E55D1ACBD0F13343F86257536FB.e.21019/clear - {}
COMMAND: GET /session/d2ee73163e71edf45acf38a1abb82030/screenshot - {}
RESULT: {}
RESULT: {}
COMMAND: POST /session/d2ee73163e71edf45acf38a1abb82030/element/f.39032AFF0B9C80A7D793EE88796AE887.d.B9016E55D1ACBD0F13343F86257536FB.e.21019/value - {"text":"30604"}
COMMAND: GET /session/d2ee73163e71edf45acf38a1abb82030/screenshot - {}
RESULT: {}
RESULT: {"text":"30604"}
COMMAND: GET /session/d2ee73163e71edf45acf38a1abb82030/screenshot - {}
RESULT: {}
RESULT: {}
COMMAND: POST /session/d2ee73163e71edf45acf38a1abb82030/actions - {"actions":[{"id":"action79","type":"key","parameters":{},"actions":[{"type":"keyDown","value":"î€‡"},{"type":"pause","duration":10},{"type":"keyUp","value":"î€‡"}]}]}
RESULT: {"actions":[{"id":"action79","type":"key","parameters":{},"actions":[{"type":"keyDown","value":"î€‡"},{"type":"pause","duration":10},{"type":"keyUp","value":"î€‡"}]}]}
COMMAND: GET /session/d2ee73163e71edf45acf38a1abb82030/screenshot - {}
RESULT: {}
COMMAND: POST /session/d2ee73163e71edf45acf38a1abb82030/element - {"using":"xpath","value":"//span[contains(@id, \"smartTable-header-inner\")]"}
RESULT: {"using":"xpath","value":"//span[contains(@id, \"smartTable-header-inner\")]"}
COMMAND: POST /session/d2ee73163e71edf45acf38a1abb82030/elements - {"using":"xpath","value":"//span[contains(@id, \"smartTable-header-inner\")]"}
RESULT: {"using":"xpath","value":"//span[contains(@id, \"smartTable-header-inner\")]"}
COMMAND: POST /session/d2ee73163e71edf45acf38a1abb82030/execute/sync - {"script":"<script> [56 bytes]","args":[{"element-6066-11e4-a52e-4f735466cecf":"f.39032AFF0B9C80A7D793EE88796AE887.d.B9016E55D1ACBD0F13343F86257536FB.e.21552","ELEMENT":"f.39032AFF0B9C80A7D793EE88796AE887.d.B9016E55D1ACBD0F13343F86257536FB.e.21552"}]}
RESULT: {"script":"<script> [56 bytes]","args":[{"element-6066-11e4-a52e-4f735466cecf":"f.39032AFF0B9C80A7D793EE88796AE887.d.B9016E55D1ACBD0F13343F86257536FB.e.21552","ELEMENT":"f.39032AFF0B9C80A7D793EE88796AE887.d.B9016E55D1ACBD0F13343F86257536FB.e.21552"}]}
COMMAND: POST /session/d2ee73163e71edf45acf38a1abb82030/elements - {"using":"xpath","value":"//thead[contains(@class, \"sapMTableTH\")]/tr/th"}
COMMAND: GET /session/d2ee73163e71edf45acf38a1abb82030/screenshot - {}
RESULT: {"using":"xpath","value":"//thead[contains(@class, \"sapMTableTH\")]/tr/th"}
COMMAND: GET /session/d2ee73163e71edf45acf38a1abb82030/element/f.39032AFF0B9C80A7D793EE88796AE887.d.B9016E55D1ACBD0F13343F86257536FB.e.21655/text - {}
RESULT: {}
RESULT: {}
COMMAND: GET /session/d2ee73163e71edf45acf38a1abb82030/element/f.39032AFF0B9C80A7D793EE88796AE887.d.B9016E55D1ACBD0F13343F86257536FB.e.21656/text - {}
RESULT: {}
COMMAND: GET /session/d2ee73163e71edf45acf38a1abb82030/element/f.39032AFF0B9C80A7D793EE88796AE887.d.B9016E55D1ACBD0F13343F86257536FB.e.21064/text - {}
RESULT: {}
COMMAND: GET /session/d2ee73163e71edf45acf38a1abb82030/element/f.39032AFF0B9C80A7D793EE88796AE887.d.B9016E55D1ACBD0F13343F86257536FB.e.21066/text - {}
RESULT: {}
COMMAND: GET /session/d2ee73163e71edf45acf38a1abb82030/element/f.39032AFF0B9C80A7D793EE88796AE887.d.B9016E55D1ACBD0F13343F86257536FB.e.21610/text - {}
RESULT: {}
COMMAND: GET /session/d2ee73163e71edf45acf38a1abb82030/element/f.39032AFF0B9C80A7D793EE88796AE887.d.B9016E55D1ACBD0F13343F86257536FB.e.21611/text - {}
RESULT: {}
COMMAND: GET /session/d2ee73163e71edf45acf38a1abb82030/element/f.39032AFF0B9C80A7D793EE88796AE887.d.B9016E55D1ACBD0F13343F86257536FB.e.21612/text - {}
RESULT: {}
COMMAND: GET /session/d2ee73163e71edf45acf38a1abb82030/element/f.39032AFF0B9C80A7D793EE88796AE887.d.B9016E55D1ACBD0F13343F86257536FB.e.21613/text - {}
RESULT: {}
COMMAND: GET /session/d2ee73163e71edf45acf38a1abb82030/element/f.39032AFF0B9C80A7D793EE88796AE887.d.B9016E55D1ACBD0F13343F86257536FB.e.21614/text - {}
RESULT: {}
COMMAND: GET /session/d2ee73163e71edf45acf38a1abb82030/element/f.39032AFF0B9C80A7D793EE88796AE887.d.B9016E55D1ACBD0F13343F86257536FB.e.21615/text - {}
RESULT: {}
COMMAND: GET /session/d2ee73163e71edf45acf38a1abb82030/element/f.39032AFF0B9C80A7D793EE88796AE887.d.B9016E55D1ACBD0F13343F86257536FB.e.21616/text - {}
RESULT: {}
COMMAND: GET /session/d2ee73163e71edf45acf38a1abb82030/element/f.39032AFF0B9C80A7D793EE88796AE887.d.B9016E55D1ACBD0F13343F86257536FB.e.21617/text - {}
RESULT: {}
COMMAND: GET /session/d2ee73163e71edf45acf38a1abb82030/element/f.39032AFF0B9C80A7D793EE88796AE887.d.B9016E55D1ACBD0F13343F86257536FB.e.21618/text - {}
RESULT: {}
COMMAND: GET /session/d2ee73163e71edf45acf38a1abb82030/element/f.39032AFF0B9C80A7D793EE88796AE887.d.B9016E55D1ACBD0F13343F86257536FB.e.21067/text - {}
RESULT: {}
COMMAND: POST /session/d2ee73163e71edf45acf38a1abb82030/element - {"using":"xpath","value":"//tbody[contains(@id, \"customHandoversTable-tblBody\")]/tr[1]/td[14]/div/span"}
RESULT: {"using":"xpath","value":"//tbody[contains(@id, \"customHandoversTable-tblBody\")]/tr[1]/td[14]/div/span"}
COMMAND: POST /session/d2ee73163e71edf45acf38a1abb82030/execute/sync - {"script":"<script> [56 bytes]","args":[{"element-6066-11e4-a52e-4f735466cecf":"f.39032AFF0B9C80A7D793EE88796AE887.d.B9016E55D1ACBD0F13343F86257536FB.e.21708","ELEMENT":"f.39032AFF0B9C80A7D793EE88796AE887.d.B9016E55D1ACBD0F13343F86257536FB.e.21708"}]}
RESULT: {"script":"<script> [56 bytes]","args":[{"element-6066-11e4-a52e-4f735466cecf":"f.39032AFF0B9C80A7D793EE88796AE887.d.B9016E55D1ACBD0F13343F86257536FB.e.21708","ELEMENT":"f.39032AFF0B9C80A7D793EE88796AE887.d.B9016E55D1ACBD0F13343F86257536FB.e.21708"}]}
COMMAND: POST /session/d2ee73163e71edf45acf38a1abb82030/element - {"using":"xpath","value":"(//span[contains(@id, \"imgNav\")])[1]"}
COMMAND: GET /session/d2ee73163e71edf45acf38a1abb82030/screenshot - {}
RESULT: {"using":"xpath","value":"(//span[contains(@id, \"imgNav\")])[1]"}
COMMAND: POST /session/d2ee73163e71edf45acf38a1abb82030/element/f.39032AFF0B9C80A7D793EE88796AE887.d.B9016E55D1ACBD0F13343F86257536FB.e.21649/click - {}
RESULT: {}
RESULT: {}
COMMAND: GET /session/d2ee73163e71edf45acf38a1abb82030/screenshot - {}
RESULT: {}
RESULT: undefined
COMMAND: POST /session/d2ee73163e71edf45acf38a1abb82030/execute/async - {"script":"<script> [776 bytes]","args":[{"enterText":"5/23/25","selector":{"id":"receiptDatePicker","viewName":"etm.portal.ui.managehandovers.view.DetailExecuteHO","interaction":{"idSuffix":"inner"}},"clearTextFirst":true,"interactionType":"ENTER_TEXT"}]}
RESULT: {"script":"<script> [776 bytes]","args":[{"enterText":"5/23/25","selector":{"id":"receiptDatePicker","viewName":"etm.portal.ui.managehandovers.view.DetailExecuteHO","interaction":{"idSuffix":"inner"}},"clearTextFirst":true,"interactionType":"ENTER_TEXT"}]}
COMMAND: POST /session/d2ee73163e71edf45acf38a1abb82030/element - {"using":"xpath","value":"//bdi[contains(text(), \"OK\")]"}
RESULT: {"using":"xpath","value":"//bdi[contains(text(), \"OK\")]"}
COMMAND: POST /session/d2ee73163e71edf45acf38a1abb82030/element/f.39032AFF0B9C80A7D793EE88796AE887.d.B9016E55D1ACBD0F13343F86257536FB.e.21731/click - {}
RESULT: {}
COMMAND: GET /session/d2ee73163e71edf45acf38a1abb82030/screenshot - {}
RESULT: {}
COMMAND: POST /session/d2ee73163e71edf45acf38a1abb82030/element - {"using":"xpath","value":"//button[@data-kt=\"PickingTableConfirmAllButton\"]"}
RESULT: {"using":"xpath","value":"//button[@data-kt=\"PickingTableConfirmAllButton\"]"}
COMMAND: POST /session/d2ee73163e71edf45acf38a1abb82030/element/f.39032AFF0B9C80A7D793EE88796AE887.d.B9016E55D1ACBD0F13343F86257536FB.e.21717/click - {}
RESULT: {}
COMMAND: GET /session/d2ee73163e71edf45acf38a1abb82030/screenshot - {}
RESULT: {}
COMMAND: POST /session/d2ee73163e71edf45acf38a1abb82030/element - {"using":"xpath","value":"//bdi[contains(text(), \"OK\")]"}
RESULT: {"using":"xpath","value":"//bdi[contains(text(), \"OK\")]"}
COMMAND: POST /session/d2ee73163e71edf45acf38a1abb82030/element/f.39032AFF0B9C80A7D793EE88796AE887.d.B9016E55D1ACBD0F13343F86257536FB.e.21746/click - {}
RESULT: {}
COMMAND: GET /session/d2ee73163e71edf45acf38a1abb82030/screenshot - {}
RESULT: {}
COMMAND: POST /session/d2ee73163e71edf45acf38a1abb82030/element - {"using":"xpath","value":"//button[@data-kt= \"execHoReceiveButton\"]"}
RESULT: {"using":"xpath","value":"//button[@data-kt= \"execHoReceiveButton\"]"}
COMMAND: POST /session/d2ee73163e71edf45acf38a1abb82030/element/f.39032AFF0B9C80A7D793EE88796AE887.d.B9016E55D1ACBD0F13343F86257536FB.e.21747/click - {}
RESULT: {}
COMMAND: GET /session/d2ee73163e71edf45acf38a1abb82030/screenshot - {}
RESULT: {}
COMMAND: POST /session/d2ee73163e71edf45acf38a1abb82030/element - {"using":"xpath","value":"//input[contains(@id ,\"smartFilterBar-btnBasicSearch-I\")]"}
RESULT: {"using":"xpath","value":"//input[contains(@id ,\"smartFilterBar-btnBasicSearch-I\")]"}
COMMAND: POST /session/d2ee73163e71edf45acf38a1abb82030/elements - {"using":"xpath","value":"//input[contains(@id ,\"smartFilterBar-btnBasicSearch-I\")]"}
RESULT: {"using":"xpath","value":"//input[contains(@id ,\"smartFilterBar-btnBasicSearch-I\")]"}
COMMAND: POST /session/d2ee73163e71edf45acf38a1abb82030/execute/sync - {"script":"<script> [8489 bytes]","args":[{"element-6066-11e4-a52e-4f735466cecf":"f.39032AFF0B9C80A7D793EE88796AE887.d.B9016E55D1ACBD0F13343F86257536FB.e.21019","ELEMENT":"f.39032AFF0B9C80A7D793EE88796AE887.d.B9016E55D1ACBD0F13343F86257536FB.e.21019"}]}
RESULT: {"script":"<script> [8489 bytes]","args":[{"element-6066-11e4-a52e-4f735466cecf":"f.39032AFF0B9C80A7D793EE88796AE887.d.B9016E55D1ACBD0F13343F86257536FB.e.21019","ELEMENT":"f.39032AFF0B9C80A7D793EE88796AE887.d.B9016E55D1ACBD0F13343F86257536FB.e.21019"}]}
COMMAND: GET /session/d2ee73163e71edf45acf38a1abb82030/element/f.39032AFF0B9C80A7D793EE88796AE887.d.B9016E55D1ACBD0F13343F86257536FB.e.21019/enabled - {}
COMMAND: GET /session/d2ee73163e71edf45acf38a1abb82030/screenshot - {}
RESULT: {}
COMMAND: POST /session/d2ee73163e71edf45acf38a1abb82030/element/f.39032AFF0B9C80A7D793EE88796AE887.d.B9016E55D1ACBD0F13343F86257536FB.e.21019/clear - {}
COMMAND: GET /session/d2ee73163e71edf45acf38a1abb82030/screenshot - {}
RESULT: {}
RESULT: {}
COMMAND: POST /session/d2ee73163e71edf45acf38a1abb82030/element/f.39032AFF0B9C80A7D793EE88796AE887.d.B9016E55D1ACBD0F13343F86257536FB.e.21019/value - {"text":"30604"}
COMMAND: GET /session/d2ee73163e71edf45acf38a1abb82030/screenshot - {}
RESULT: {}
RESULT: {"text":"30604"}
COMMAND: GET /session/d2ee73163e71edf45acf38a1abb82030/screenshot - {}
RESULT: {}
RESULT: {}
COMMAND: POST /session/d2ee73163e71edf45acf38a1abb82030/actions - {"actions":[{"id":"action80","type":"key","parameters":{},"actions":[{"type":"keyDown","value":"î€‡"},{"type":"pause","duration":10},{"type":"keyUp","value":"î€‡"}]}]}
RESULT: {"actions":[{"id":"action80","type":"key","parameters":{},"actions":[{"type":"keyDown","value":"î€‡"},{"type":"pause","duration":10},{"type":"keyUp","value":"î€‡"}]}]}
COMMAND: GET /session/d2ee73163e71edf45acf38a1abb82030/screenshot - {}
RESULT: {}
COMMAND: POST /session/d2ee73163e71edf45acf38a1abb82030/element - {"using":"xpath","value":"//span[contains(@id, \"smartTable-header-inner\")]"}
RESULT: {"using":"xpath","value":"//span[contains(@id, \"smartTable-header-inner\")]"}
COMMAND: POST /session/d2ee73163e71edf45acf38a1abb82030/elements - {"using":"xpath","value":"//span[contains(@id, \"smartTable-header-inner\")]"}
RESULT: {"using":"xpath","value":"//span[contains(@id, \"smartTable-header-inner\")]"}
COMMAND: POST /session/d2ee73163e71edf45acf38a1abb82030/execute/sync - {"script":"<script> [56 bytes]","args":[{"element-6066-11e4-a52e-4f735466cecf":"f.39032AFF0B9C80A7D793EE88796AE887.d.B9016E55D1ACBD0F13343F86257536FB.e.21552","ELEMENT":"f.39032AFF0B9C80A7D793EE88796AE887.d.B9016E55D1ACBD0F13343F86257536FB.e.21552"}]}
RESULT: {"script":"<script> [56 bytes]","args":[{"element-6066-11e4-a52e-4f735466cecf":"f.39032AFF0B9C80A7D793EE88796AE887.d.B9016E55D1ACBD0F13343F86257536FB.e.21552","ELEMENT":"f.39032AFF0B9C80A7D793EE88796AE887.d.B9016E55D1ACBD0F13343F86257536FB.e.21552"}]}
COMMAND: POST /session/d2ee73163e71edf45acf38a1abb82030/elements - {"using":"xpath","value":"//thead[contains(@class, \"sapMTableTH\")]/tr/th"}
COMMAND: GET /session/d2ee73163e71edf45acf38a1abb82030/screenshot - {}
RESULT: {"using":"xpath","value":"//thead[contains(@class, \"sapMTableTH\")]/tr/th"}
COMMAND: GET /session/d2ee73163e71edf45acf38a1abb82030/element/f.39032AFF0B9C80A7D793EE88796AE887.d.B9016E55D1ACBD0F13343F86257536FB.e.21655/text - {}
RESULT: {}
RESULT: {}
COMMAND: GET /session/d2ee73163e71edf45acf38a1abb82030/element/f.39032AFF0B9C80A7D793EE88796AE887.d.B9016E55D1ACBD0F13343F86257536FB.e.21656/text - {}
RESULT: {}
COMMAND: GET /session/d2ee73163e71edf45acf38a1abb82030/element/f.39032AFF0B9C80A7D793EE88796AE887.d.B9016E55D1ACBD0F13343F86257536FB.e.21064/text - {}
RESULT: {}
COMMAND: GET /session/d2ee73163e71edf45acf38a1abb82030/element/f.39032AFF0B9C80A7D793EE88796AE887.d.B9016E55D1ACBD0F13343F86257536FB.e.21066/text - {}
RESULT: {}
COMMAND: GET /session/d2ee73163e71edf45acf38a1abb82030/element/f.39032AFF0B9C80A7D793EE88796AE887.d.B9016E55D1ACBD0F13343F86257536FB.e.21752/text - {}
RESULT: {}
COMMAND: GET /session/d2ee73163e71edf45acf38a1abb82030/element/f.39032AFF0B9C80A7D793EE88796AE887.d.B9016E55D1ACBD0F13343F86257536FB.e.21753/text - {}
RESULT: {}
COMMAND: GET /session/d2ee73163e71edf45acf38a1abb82030/element/f.39032AFF0B9C80A7D793EE88796AE887.d.B9016E55D1ACBD0F13343F86257536FB.e.21754/text - {}
RESULT: {}
COMMAND: GET /session/d2ee73163e71edf45acf38a1abb82030/element/f.39032AFF0B9C80A7D793EE88796AE887.d.B9016E55D1ACBD0F13343F86257536FB.e.21755/text - {}
RESULT: {}
COMMAND: GET /session/d2ee73163e71edf45acf38a1abb82030/element/f.39032AFF0B9C80A7D793EE88796AE887.d.B9016E55D1ACBD0F13343F86257536FB.e.21756/text - {}
RESULT: {}
COMMAND: GET /session/d2ee73163e71edf45acf38a1abb82030/element/f.39032AFF0B9C80A7D793EE88796AE887.d.B9016E55D1ACBD0F13343F86257536FB.e.21757/text - {}
RESULT: {}
COMMAND: GET /session/d2ee73163e71edf45acf38a1abb82030/element/f.39032AFF0B9C80A7D793EE88796AE887.d.B9016E55D1ACBD0F13343F86257536FB.e.21758/text - {}
RESULT: {}
COMMAND: GET /session/d2ee73163e71edf45acf38a1abb82030/element/f.39032AFF0B9C80A7D793EE88796AE887.d.B9016E55D1ACBD0F13343F86257536FB.e.21759/text - {}
RESULT: {}
COMMAND: GET /session/d2ee73163e71edf45acf38a1abb82030/element/f.39032AFF0B9C80A7D793EE88796AE887.d.B9016E55D1ACBD0F13343F86257536FB.e.21760/text - {}
RESULT: {}
COMMAND: GET /session/d2ee73163e71edf45acf38a1abb82030/element/f.39032AFF0B9C80A7D793EE88796AE887.d.B9016E55D1ACBD0F13343F86257536FB.e.21067/text - {}
RESULT: {}
COMMAND: POST /session/d2ee73163e71edf45acf38a1abb82030/element - {"using":"xpath","value":"//tbody[contains(@id, \"customHandoversTable-tblBody\")]/tr[1]/td[14]/div/span"}
RESULT: {"using":"xpath","value":"//tbody[contains(@id, \"customHandoversTable-tblBody\")]/tr[1]/td[14]/div/span"}
COMMAND: POST /session/d2ee73163e71edf45acf38a1abb82030/execute/sync - {"script":"<script> [56 bytes]","args":[{"element-6066-11e4-a52e-4f735466cecf":"f.39032AFF0B9C80A7D793EE88796AE887.d.B9016E55D1ACBD0F13343F86257536FB.e.21803","ELEMENT":"f.39032AFF0B9C80A7D793EE88796AE887.d.B9016E55D1ACBD0F13343F86257536FB.e.21803"}]}
RESULT: {"script":"<script> [56 bytes]","args":[{"element-6066-11e4-a52e-4f735466cecf":"f.39032AFF0B9C80A7D793EE88796AE887.d.B9016E55D1ACBD0F13343F86257536FB.e.21803","ELEMENT":"f.39032AFF0B9C80A7D793EE88796AE887.d.B9016E55D1ACBD0F13343F86257536FB.e.21803"}]}
COMMAND: POST /session/d2ee73163e71edf45acf38a1abb82030/element - {"using":"css selector","value":"#shell-header-logo"}
COMMAND: GET /session/d2ee73163e71edf45acf38a1abb82030/screenshot - {}
RESULT: {"using":"css selector","value":"#shell-header-logo"}
COMMAND: POST /session/d2ee73163e71edf45acf38a1abb82030/element/f.39032AFF0B9C80A7D793EE88796AE887.d.B9016E55D1ACBD0F13343F86257536FB.e.20367/click - {}
RESULT: {}
RESULT: {}
COMMAND: GET /session/d2ee73163e71edf45acf38a1abb82030/screenshot - {}
RESULT: {}
]]></system-out>
    </testcase>
    <testcase classname="chrome.136_0_7103_93.windows.Billing_Calculation_-_Time_based_(considering_transport_times)_US139738" name="Should navigate to Manage Billings and trigger contract calculation business confirm it" time="61.841">
      <system-out><![CDATA[
COMMAND: POST /session/d2ee73163e71edf45acf38a1abb82030/execute/async - {"script":"<script> [1562 bytes]","args":[{"selector":{"controlType":"sap.m.GenericTile","properties":{"header":"Manage Billings"}},"wdio_ui5_key":"sapm.GenericTile{\"header\":\"Manage Billings\"}"}]}
RESULT: {"script":"<script> [1562 bytes]","args":[{"selector":{"controlType":"sap.m.GenericTile","properties":{"header":"Manage Billings"}},"wdio_ui5_key":"sapm.GenericTile{\"header\":\"Manage Billings\"}"}]}
RESULT: undefined
COMMAND: POST /session/d2ee73163e71edf45acf38a1abb82030/element - {"using":"xpath","value":"//*[@id=\"__tile51\"]"}
RESULT: {"using":"xpath","value":"//*[@id=\"__tile51\"]"}
COMMAND: POST /session/d2ee73163e71edf45acf38a1abb82030/element/f.39032AFF0B9C80A7D793EE88796AE887.d.B9016E55D1ACBD0F13343F86257536FB.e.18350/click - {}
RESULT: {}
COMMAND: GET /session/d2ee73163e71edf45acf38a1abb82030/screenshot - {}
RESULT: {}
COMMAND: POST /session/d2ee73163e71edf45acf38a1abb82030/elements - {"using":"xpath","value":"//span[text()='Error']"}
RESULT: {"using":"xpath","value":"//span[text()='Error']"}
COMMAND: POST /session/d2ee73163e71edf45acf38a1abb82030/execute/async - {"script":"<script> [1562 bytes]","args":[{"selector":{"id":"application-managebillings-display-component---billRunCalcResult--smartFilterBar-btnBasicSearch","interaction":{"idSuffix":"I"}},"wdio_ui5_key":"applicationmanagebillings-display-component---billRunCalcResult--smartFilterBar-btnBasicSearch"}]}
RESULT: {"script":"<script> [1562 bytes]","args":[{"selector":{"id":"application-managebillings-display-component---billRunCalcResult--smartFilterBar-btnBasicSearch","interaction":{"idSuffix":"I"}},"wdio_ui5_key":"applicationmanagebillings-display-component---billRunCalcResult--smartFilterBar-btnBasicSearch"}]}
RESULT: undefined
COMMAND: POST /session/d2ee73163e71edf45acf38a1abb82030/execute/async - {"script":"<script> [776 bytes]","args":[{"enterText":"10318","selector":{"id":"application-managebillings-display-component---billRunCalcResult--smartFilterBar-btnBasicSearch","interaction":{"idSuffix":"I"}},"clearTextFirst":true,"interactionType":"ENTER_TEXT"}]}
RESULT: {"script":"<script> [776 bytes]","args":[{"enterText":"10318","selector":{"id":"application-managebillings-display-component---billRunCalcResult--smartFilterBar-btnBasicSearch","interaction":{"idSuffix":"I"}},"clearTextFirst":true,"interactionType":"ENTER_TEXT"}]}
COMMAND: POST /session/d2ee73163e71edf45acf38a1abb82030/actions - {"actions":[{"id":"action81","type":"key","parameters":{},"actions":[{"type":"keyDown","value":"î€‡"},{"type":"pause","duration":10},{"type":"keyUp","value":"î€‡"}]}]}
RESULT: {"actions":[{"id":"action81","type":"key","parameters":{},"actions":[{"type":"keyDown","value":"î€‡"},{"type":"pause","duration":10},{"type":"keyUp","value":"î€‡"}]}]}
COMMAND: GET /session/d2ee73163e71edf45acf38a1abb82030/screenshot - {}
RESULT: {}
COMMAND: POST /session/d2ee73163e71edf45acf38a1abb82030/element - {"using":"xpath","value":"//td[@aria-colindex=\"1\"]/div/div[contains(@class, \"sapMCbBg\")]"}
RESULT: {"using":"xpath","value":"//td[@aria-colindex=\"1\"]/div/div[contains(@class, \"sapMCbBg\")]"}
COMMAND: POST /session/d2ee73163e71edf45acf38a1abb82030/element/f.39032AFF0B9C80A7D793EE88796AE887.d.B9016E55D1ACBD0F13343F86257536FB.e.21887/click - {}
RESULT: {}
COMMAND: GET /session/d2ee73163e71edf45acf38a1abb82030/screenshot - {}
RESULT: {}
COMMAND: POST /session/d2ee73163e71edf45acf38a1abb82030/execute/async - {"script":"<script> [1562 bytes]","args":[{"selector":{"id":"application-managebillings-display-component---billRunCalcResult--contractBillRunDate","interaction":{"idSuffix":"inner"}},"wdio_ui5_key":"applicationmanagebillings-display-component---billRunCalcResult--contractBillRunDate"}]}
RESULT: {"script":"<script> [1562 bytes]","args":[{"selector":{"id":"application-managebillings-display-component---billRunCalcResult--contractBillRunDate","interaction":{"idSuffix":"inner"}},"wdio_ui5_key":"applicationmanagebillings-display-component---billRunCalcResult--contractBillRunDate"}]}
RESULT: undefined
COMMAND: POST /session/d2ee73163e71edf45acf38a1abb82030/execute/async - {"script":"<script> [776 bytes]","args":[{"enterText":"5/16/25","selector":{"id":"application-managebillings-display-component---billRunCalcResult--contractBillRunDate","interaction":{"idSuffix":"inner"}},"clearTextFirst":true,"interactionType":"ENTER_TEXT"}]}
RESULT: {"script":"<script> [776 bytes]","args":[{"enterText":"5/16/25","selector":{"id":"application-managebillings-display-component---billRunCalcResult--contractBillRunDate","interaction":{"idSuffix":"inner"}},"clearTextFirst":true,"interactionType":"ENTER_TEXT"}]}
COMMAND: POST /session/d2ee73163e71edf45acf38a1abb82030/element - {"using":"xpath","value":"//bdi[contains(text(), \"Trigger Calculation\")]"}
RESULT: {"using":"xpath","value":"//bdi[contains(text(), \"Trigger Calculation\")]"}
COMMAND: POST /session/d2ee73163e71edf45acf38a1abb82030/element/f.39032AFF0B9C80A7D793EE88796AE887.d.B9016E55D1ACBD0F13343F86257536FB.e.22135/click - {}
RESULT: {}
COMMAND: GET /session/d2ee73163e71edf45acf38a1abb82030/screenshot - {}
RESULT: {}
COMMAND: POST /session/d2ee73163e71edf45acf38a1abb82030/element - {"using":"xpath","value":"(//span[contains(@id, \"imgNav\")])[1]"}
RESULT: {"using":"xpath","value":"(//span[contains(@id, \"imgNav\")])[1]"}
COMMAND: POST /session/d2ee73163e71edf45acf38a1abb82030/element/f.39032AFF0B9C80A7D793EE88796AE887.d.B9016E55D1ACBD0F13343F86257536FB.e.21888/click - {}
RESULT: {}
COMMAND: GET /session/d2ee73163e71edf45acf38a1abb82030/screenshot - {}
RESULT: {}
COMMAND: POST /session/d2ee73163e71edf45acf38a1abb82030/element - {"using":"xpath","value":"//tr/td[6]/div[1]/span[1]/span[1]"}
RESULT: {"using":"xpath","value":"//tr/td[6]/div[1]/span[1]/span[1]"}
COMMAND: GET /session/d2ee73163e71edf45acf38a1abb82030/element/f.39032AFF0B9C80A7D793EE88796AE887.d.B9016E55D1ACBD0F13343F86257536FB.e.22140/text - {}
RESULT: {}
COMMAND: POST /session/d2ee73163e71edf45acf38a1abb82030/element - {"using":"xpath","value":"(//span[contains(@id, \"imgNav\")])[2]"}
RESULT: {"using":"xpath","value":"(//span[contains(@id, \"imgNav\")])[2]"}
COMMAND: POST /session/d2ee73163e71edf45acf38a1abb82030/element/f.39032AFF0B9C80A7D793EE88796AE887.d.B9016E55D1ACBD0F13343F86257536FB.e.22141/click - {}
RESULT: {}
COMMAND: POST /session/d2ee73163e71edf45acf38a1abb82030/element - {"using":"xpath","value":"//bdi[contains(text(), \"Business Confirm\")]"}
COMMAND: GET /session/d2ee73163e71edf45acf38a1abb82030/screenshot - {}
RESULT: {"using":"xpath","value":"//bdi[contains(text(), \"Business Confirm\")]"}
COMMAND: POST /session/d2ee73163e71edf45acf38a1abb82030/elements - {"using":"xpath","value":"//bdi[contains(text(), \"Business Confirm\")]"}
RESULT: {}
RESULT: {"using":"xpath","value":"//bdi[contains(text(), \"Business Confirm\")]"}
COMMAND: POST /session/d2ee73163e71edf45acf38a1abb82030/element - {"using":"xpath","value":"//bdi[contains(text(), \"Business Confirm\")]"}
RESULT: {"using":"xpath","value":"//bdi[contains(text(), \"Business Confirm\")]"}
COMMAND: POST /session/d2ee73163e71edf45acf38a1abb82030/element/f.39032AFF0B9C80A7D793EE88796AE887.d.B9016E55D1ACBD0F13343F86257536FB.e.22143/click - {}
COMMAND: POST /session/d2ee73163e71edf45acf38a1abb82030/element - {"using":"xpath","value":"//bdi[contains(text(), \"Business Confirm\")]"}
RESULT: {"using":"xpath","value":"//bdi[contains(text(), \"Business Confirm\")]"}
COMMAND: POST /session/d2ee73163e71edf45acf38a1abb82030/element/f.39032AFF0B9C80A7D793EE88796AE887.d.B9016E55D1ACBD0F13343F86257536FB.e.22143/click - {}
COMMAND: POST /session/d2ee73163e71edf45acf38a1abb82030/element - {"using":"xpath","value":"//bdi[contains(text(), \"Business Confirm\")]"}
RESULT: {"using":"xpath","value":"//bdi[contains(text(), \"Business Confirm\")]"}
COMMAND: POST /session/d2ee73163e71edf45acf38a1abb82030/element/f.39032AFF0B9C80A7D793EE88796AE887.d.B9016E55D1ACBD0F13343F86257536FB.e.22183/click - {}
RESULT: {}
COMMAND: POST /session/d2ee73163e71edf45acf38a1abb82030/element - {"using":"css selector","value":"#shell-header-logo"}
COMMAND: GET /session/d2ee73163e71edf45acf38a1abb82030/screenshot - {}
RESULT: {"using":"css selector","value":"#shell-header-logo"}
COMMAND: POST /session/d2ee73163e71edf45acf38a1abb82030/element/f.39032AFF0B9C80A7D793EE88796AE887.d.B9016E55D1ACBD0F13343F86257536FB.e.21807/click - {}
RESULT: {}
RESULT: {}
COMMAND: GET /session/d2ee73163e71edf45acf38a1abb82030/screenshot - {}
RESULT: {}
]]></system-out>
    </testcase>
    <testcase classname="chrome.136_0_7103_93.windows.Billing_Calculation_-_Time_based_(considering_transport_times)_US139738" name="Should transfer the billing all the way to completion" time="71.377">
      <system-out><![CDATA[
COMMAND: POST /session/d2ee73163e71edf45acf38a1abb82030/execute/async - {"script":"<script> [1562 bytes]","args":[{"selector":{"controlType":"sap.m.GenericTile","properties":{"header":"Billing Transfer"}},"wdio_ui5_key":"sapm.GenericTile{\"header\":\"Billing Transfer\"}"}]}
RESULT: {"script":"<script> [1562 bytes]","args":[{"selector":{"controlType":"sap.m.GenericTile","properties":{"header":"Billing Transfer"}},"wdio_ui5_key":"sapm.GenericTile{\"header\":\"Billing Transfer\"}"}]}
RESULT: undefined
COMMAND: POST /session/d2ee73163e71edf45acf38a1abb82030/element - {"using":"xpath","value":"//*[@id=\"__tile50\"]"}
RESULT: {"using":"xpath","value":"//*[@id=\"__tile50\"]"}
COMMAND: POST /session/d2ee73163e71edf45acf38a1abb82030/element/f.39032AFF0B9C80A7D793EE88796AE887.d.B9016E55D1ACBD0F13343F86257536FB.e.18348/click - {}
RESULT: {}
COMMAND: GET /session/d2ee73163e71edf45acf38a1abb82030/screenshot - {}
RESULT: {}
COMMAND: POST /session/d2ee73163e71edf45acf38a1abb82030/elements - {"using":"xpath","value":"//span[text()='Error']"}
RESULT: {"using":"xpath","value":"//span[text()='Error']"}
COMMAND: POST /session/d2ee73163e71edf45acf38a1abb82030/element - {"using":"xpath","value":"//input[contains(@id ,\"application-billingtransfer-display-component---billingWorkbench--smartFilterBar-btnBasicSearch\")]"}
RESULT: {"using":"xpath","value":"//input[contains(@id ,\"application-billingtransfer-display-component---billingWorkbench--smartFilterBar-btnBasicSearch\")]"}
COMMAND: POST /session/d2ee73163e71edf45acf38a1abb82030/elements - {"using":"xpath","value":"//input[contains(@id ,\"application-billingtransfer-display-component---billingWorkbench--smartFilterBar-btnBasicSearch\")]"}
RESULT: {"using":"xpath","value":"//input[contains(@id ,\"application-billingtransfer-display-component---billingWorkbench--smartFilterBar-btnBasicSearch\")]"}
COMMAND: POST /session/d2ee73163e71edf45acf38a1abb82030/execute/sync - {"script":"<script> [8489 bytes]","args":[{"element-6066-11e4-a52e-4f735466cecf":"f.39032AFF0B9C80A7D793EE88796AE887.d.B9016E55D1ACBD0F13343F86257536FB.e.22210","ELEMENT":"f.39032AFF0B9C80A7D793EE88796AE887.d.B9016E55D1ACBD0F13343F86257536FB.e.22210"}]}
RESULT: {"script":"<script> [8489 bytes]","args":[{"element-6066-11e4-a52e-4f735466cecf":"f.39032AFF0B9C80A7D793EE88796AE887.d.B9016E55D1ACBD0F13343F86257536FB.e.22210","ELEMENT":"f.39032AFF0B9C80A7D793EE88796AE887.d.B9016E55D1ACBD0F13343F86257536FB.e.22210"}]}
COMMAND: GET /session/d2ee73163e71edf45acf38a1abb82030/element/f.39032AFF0B9C80A7D793EE88796AE887.d.B9016E55D1ACBD0F13343F86257536FB.e.22210/enabled - {}
COMMAND: GET /session/d2ee73163e71edf45acf38a1abb82030/screenshot - {}
RESULT: {}
COMMAND: POST /session/d2ee73163e71edf45acf38a1abb82030/element/f.39032AFF0B9C80A7D793EE88796AE887.d.B9016E55D1ACBD0F13343F86257536FB.e.22210/click - {}
COMMAND: GET /session/d2ee73163e71edf45acf38a1abb82030/screenshot - {}
RESULT: {}
RESULT: {}
COMMAND: GET /session/d2ee73163e71edf45acf38a1abb82030/screenshot - {}
RESULT: {}
RESULT: {}
COMMAND: POST /session/d2ee73163e71edf45acf38a1abb82030/element/f.39032AFF0B9C80A7D793EE88796AE887.d.B9016E55D1ACBD0F13343F86257536FB.e.22210/clear - {}
RESULT: {}
COMMAND: POST /session/d2ee73163e71edf45acf38a1abb82030/element/f.39032AFF0B9C80A7D793EE88796AE887.d.B9016E55D1ACBD0F13343F86257536FB.e.22210/value - {"text":"10318"}
COMMAND: GET /session/d2ee73163e71edf45acf38a1abb82030/screenshot - {}
RESULT: {"text":"10318"}
COMMAND: POST /session/d2ee73163e71edf45acf38a1abb82030/actions - {"actions":[{"id":"action82","type":"key","parameters":{},"actions":[{"type":"keyDown","value":"î€‡"},{"type":"pause","duration":10},{"type":"keyUp","value":"î€‡"}]}]}
COMMAND: GET /session/d2ee73163e71edf45acf38a1abb82030/screenshot - {}
RESULT: {}
RESULT: {"actions":[{"id":"action82","type":"key","parameters":{},"actions":[{"type":"keyDown","value":"î€‡"},{"type":"pause","duration":10},{"type":"keyUp","value":"î€‡"}]}]}
COMMAND: GET /session/d2ee73163e71edf45acf38a1abb82030/screenshot - {}
RESULT: {}
RESULT: {}
COMMAND: POST /session/d2ee73163e71edf45acf38a1abb82030/element - {"using":"xpath","value":"//span[contains(@id ,\"application-billingtransfer-display-component---billingWorkbench--smartTableBillingRuns-header-inner\")]"}
RESULT: {"using":"xpath","value":"//span[contains(@id ,\"application-billingtransfer-display-component---billingWorkbench--smartTableBillingRuns-header-inner\")]"}
COMMAND: POST /session/d2ee73163e71edf45acf38a1abb82030/elements - {"using":"xpath","value":"//span[contains(@id ,\"application-billingtransfer-display-component---billingWorkbench--smartTableBillingRuns-header-inner\")]"}
RESULT: {"using":"xpath","value":"//span[contains(@id ,\"application-billingtransfer-display-component---billingWorkbench--smartTableBillingRuns-header-inner\")]"}
COMMAND: POST /session/d2ee73163e71edf45acf38a1abb82030/execute/sync - {"script":"<script> [56 bytes]","args":[{"element-6066-11e4-a52e-4f735466cecf":"f.39032AFF0B9C80A7D793EE88796AE887.d.B9016E55D1ACBD0F13343F86257536FB.e.22376","ELEMENT":"f.39032AFF0B9C80A7D793EE88796AE887.d.B9016E55D1ACBD0F13343F86257536FB.e.22376"}]}
RESULT: {"script":"<script> [56 bytes]","args":[{"element-6066-11e4-a52e-4f735466cecf":"f.39032AFF0B9C80A7D793EE88796AE887.d.B9016E55D1ACBD0F13343F86257536FB.e.22376","ELEMENT":"f.39032AFF0B9C80A7D793EE88796AE887.d.B9016E55D1ACBD0F13343F86257536FB.e.22376"}]}
COMMAND: POST /session/d2ee73163e71edf45acf38a1abb82030/element - {"using":"xpath","value":"//td[@aria-colindex=\"1\"]/div/div[contains(@class, \"sapMCbBg\")]"}
COMMAND: GET /session/d2ee73163e71edf45acf38a1abb82030/screenshot - {}
RESULT: {"using":"xpath","value":"//td[@aria-colindex=\"1\"]/div/div[contains(@class, \"sapMCbBg\")]"}
COMMAND: POST /session/d2ee73163e71edf45acf38a1abb82030/element/f.39032AFF0B9C80A7D793EE88796AE887.d.B9016E55D1ACBD0F13343F86257536FB.e.22344/click - {}
RESULT: {}
RESULT: {}
COMMAND: GET /session/d2ee73163e71edf45acf38a1abb82030/screenshot - {}
RESULT: {}
COMMAND: POST /session/d2ee73163e71edf45acf38a1abb82030/element - {"using":"xpath","value":"//bdi[contains(text(), \"Check\")]"}
RESULT: {"using":"xpath","value":"//bdi[contains(text(), \"Check\")]"}
COMMAND: POST /session/d2ee73163e71edf45acf38a1abb82030/element/f.39032AFF0B9C80A7D793EE88796AE887.d.B9016E55D1ACBD0F13343F86257536FB.e.22377/click - {}
RESULT: {}
COMMAND: GET /session/d2ee73163e71edf45acf38a1abb82030/screenshot - {}
RESULT: {}
COMMAND: POST /session/d2ee73163e71edf45acf38a1abb82030/element - {"using":"xpath","value":"//bdi[contains(text(), \"OK\")]"}
RESULT: {"using":"xpath","value":"//bdi[contains(text(), \"OK\")]"}
COMMAND: POST /session/d2ee73163e71edf45acf38a1abb82030/element/f.39032AFF0B9C80A7D793EE88796AE887.d.B9016E55D1ACBD0F13343F86257536FB.e.22380/click - {}
RESULT: {}
COMMAND: GET /session/d2ee73163e71edf45acf38a1abb82030/screenshot - {}
RESULT: {}
COMMAND: POST /session/d2ee73163e71edf45acf38a1abb82030/element - {"using":"xpath","value":"(//span[contains(text(), \"CO/SD checked\")]/parent::div/preceding-sibling::div/span)[1]"}
RESULT: {"using":"xpath","value":"(//span[contains(text(), \"CO/SD checked\")]/parent::div/preceding-sibling::div/span)[1]"}
COMMAND: POST /session/d2ee73163e71edf45acf38a1abb82030/element/f.39032AFF0B9C80A7D793EE88796AE887.d.B9016E55D1ACBD0F13343F86257536FB.e.22381/click - {}
RESULT: {}
COMMAND: GET /session/d2ee73163e71edf45acf38a1abb82030/screenshot - {}
RESULT: {}
COMMAND: POST /session/d2ee73163e71edf45acf38a1abb82030/element - {"using":"xpath","value":"//input[contains(@id ,\"application-billingtransfer-display-component---billingWorkbench--smartFilterBar-btnBasicSearch\")]"}
RESULT: {"using":"xpath","value":"//input[contains(@id ,\"application-billingtransfer-display-component---billingWorkbench--smartFilterBar-btnBasicSearch\")]"}
COMMAND: POST /session/d2ee73163e71edf45acf38a1abb82030/elements - {"using":"xpath","value":"//input[contains(@id ,\"application-billingtransfer-display-component---billingWorkbench--smartFilterBar-btnBasicSearch\")]"}
RESULT: {"using":"xpath","value":"//input[contains(@id ,\"application-billingtransfer-display-component---billingWorkbench--smartFilterBar-btnBasicSearch\")]"}
COMMAND: POST /session/d2ee73163e71edf45acf38a1abb82030/execute/sync - {"script":"<script> [8489 bytes]","args":[{"element-6066-11e4-a52e-4f735466cecf":"f.39032AFF0B9C80A7D793EE88796AE887.d.B9016E55D1ACBD0F13343F86257536FB.e.22210","ELEMENT":"f.39032AFF0B9C80A7D793EE88796AE887.d.B9016E55D1ACBD0F13343F86257536FB.e.22210"}]}
RESULT: {"script":"<script> [8489 bytes]","args":[{"element-6066-11e4-a52e-4f735466cecf":"f.39032AFF0B9C80A7D793EE88796AE887.d.B9016E55D1ACBD0F13343F86257536FB.e.22210","ELEMENT":"f.39032AFF0B9C80A7D793EE88796AE887.d.B9016E55D1ACBD0F13343F86257536FB.e.22210"}]}
COMMAND: GET /session/d2ee73163e71edf45acf38a1abb82030/element/f.39032AFF0B9C80A7D793EE88796AE887.d.B9016E55D1ACBD0F13343F86257536FB.e.22210/enabled - {}
COMMAND: GET /session/d2ee73163e71edf45acf38a1abb82030/screenshot - {}
RESULT: {}
COMMAND: POST /session/d2ee73163e71edf45acf38a1abb82030/element/f.39032AFF0B9C80A7D793EE88796AE887.d.B9016E55D1ACBD0F13343F86257536FB.e.22210/click - {}
COMMAND: GET /session/d2ee73163e71edf45acf38a1abb82030/screenshot - {}
RESULT: {}
RESULT: {}
COMMAND: GET /session/d2ee73163e71edf45acf38a1abb82030/screenshot - {}
RESULT: {}
RESULT: {}
COMMAND: POST /session/d2ee73163e71edf45acf38a1abb82030/element/f.39032AFF0B9C80A7D793EE88796AE887.d.B9016E55D1ACBD0F13343F86257536FB.e.22210/clear - {}
RESULT: {}
COMMAND: POST /session/d2ee73163e71edf45acf38a1abb82030/element/f.39032AFF0B9C80A7D793EE88796AE887.d.B9016E55D1ACBD0F13343F86257536FB.e.22210/value - {"text":"10318"}
COMMAND: GET /session/d2ee73163e71edf45acf38a1abb82030/screenshot - {}
RESULT: {"text":"10318"}
COMMAND: POST /session/d2ee73163e71edf45acf38a1abb82030/actions - {"actions":[{"id":"action83","type":"key","parameters":{},"actions":[{"type":"keyDown","value":"î€‡"},{"type":"pause","duration":10},{"type":"keyUp","value":"î€‡"}]}]}
COMMAND: GET /session/d2ee73163e71edf45acf38a1abb82030/screenshot - {}
RESULT: {}
RESULT: {}
RESULT: {"actions":[{"id":"action83","type":"key","parameters":{},"actions":[{"type":"keyDown","value":"î€‡"},{"type":"pause","duration":10},{"type":"keyUp","value":"î€‡"}]}]}
COMMAND: GET /session/d2ee73163e71edf45acf38a1abb82030/screenshot - {}
RESULT: {}
COMMAND: POST /session/d2ee73163e71edf45acf38a1abb82030/element - {"using":"xpath","value":"//span[contains(@id ,\"application-billingtransfer-display-component---billingWorkbench--smartTableBillingRuns-header-inner\")]"}
RESULT: {"using":"xpath","value":"//span[contains(@id ,\"application-billingtransfer-display-component---billingWorkbench--smartTableBillingRuns-header-inner\")]"}
COMMAND: POST /session/d2ee73163e71edf45acf38a1abb82030/elements - {"using":"xpath","value":"//span[contains(@id ,\"application-billingtransfer-display-component---billingWorkbench--smartTableBillingRuns-header-inner\")]"}
RESULT: {"using":"xpath","value":"//span[contains(@id ,\"application-billingtransfer-display-component---billingWorkbench--smartTableBillingRuns-header-inner\")]"}
COMMAND: POST /session/d2ee73163e71edf45acf38a1abb82030/execute/sync - {"script":"<script> [56 bytes]","args":[{"element-6066-11e4-a52e-4f735466cecf":"f.39032AFF0B9C80A7D793EE88796AE887.d.B9016E55D1ACBD0F13343F86257536FB.e.22376","ELEMENT":"f.39032AFF0B9C80A7D793EE88796AE887.d.B9016E55D1ACBD0F13343F86257536FB.e.22376"}]}
RESULT: {"script":"<script> [56 bytes]","args":[{"element-6066-11e4-a52e-4f735466cecf":"f.39032AFF0B9C80A7D793EE88796AE887.d.B9016E55D1ACBD0F13343F86257536FB.e.22376","ELEMENT":"f.39032AFF0B9C80A7D793EE88796AE887.d.B9016E55D1ACBD0F13343F86257536FB.e.22376"}]}
COMMAND: POST /session/d2ee73163e71edf45acf38a1abb82030/element - {"using":"xpath","value":"//td[@aria-colindex=\"1\"]/div/div[contains(@class, \"sapMCbBg\")]"}
COMMAND: GET /session/d2ee73163e71edf45acf38a1abb82030/screenshot - {}
RESULT: {"using":"xpath","value":"//td[@aria-colindex=\"1\"]/div/div[contains(@class, \"sapMCbBg\")]"}
COMMAND: POST /session/d2ee73163e71edf45acf38a1abb82030/element/f.39032AFF0B9C80A7D793EE88796AE887.d.B9016E55D1ACBD0F13343F86257536FB.e.22384/click - {}
RESULT: {}
RESULT: {}
COMMAND: GET /session/d2ee73163e71edf45acf38a1abb82030/screenshot - {}
RESULT: {}
COMMAND: POST /session/d2ee73163e71edf45acf38a1abb82030/element - {"using":"xpath","value":"//bdi[text()=\"Transfer\"]"}
RESULT: {"using":"xpath","value":"//bdi[text()=\"Transfer\"]"}
COMMAND: POST /session/d2ee73163e71edf45acf38a1abb82030/element/f.39032AFF0B9C80A7D793EE88796AE887.d.B9016E55D1ACBD0F13343F86257536FB.e.22385/click - {}
RESULT: {}
COMMAND: GET /session/d2ee73163e71edf45acf38a1abb82030/screenshot - {}
RESULT: {}
COMMAND: POST /session/d2ee73163e71edf45acf38a1abb82030/element - {"using":"xpath","value":"//bdi[contains(text(), \"OK\")]"}
RESULT: {"using":"xpath","value":"//bdi[contains(text(), \"OK\")]"}
COMMAND: POST /session/d2ee73163e71edf45acf38a1abb82030/element/f.39032AFF0B9C80A7D793EE88796AE887.d.B9016E55D1ACBD0F13343F86257536FB.e.22388/click - {}
RESULT: {}
COMMAND: GET /session/d2ee73163e71edf45acf38a1abb82030/screenshot - {}
RESULT: {}
COMMAND: POST /session/d2ee73163e71edf45acf38a1abb82030/element - {"using":"xpath","value":"(//span[contains(text(), \"Completed\")]/parent::div/preceding-sibling::div/span)[1]"}
RESULT: {"using":"xpath","value":"(//span[contains(text(), \"Completed\")]/parent::div/preceding-sibling::div/span)[1]"}
COMMAND: POST /session/d2ee73163e71edf45acf38a1abb82030/element/f.39032AFF0B9C80A7D793EE88796AE887.d.B9016E55D1ACBD0F13343F86257536FB.e.22396/click - {}
RESULT: {}
COMMAND: POST /session/d2ee73163e71edf45acf38a1abb82030/element - {"using":"xpath","value":"//input[contains(@id ,\"application-billingtransfer-display-component---billingWorkbench--smartFilterBar-btnBasicSearch\")]"}
COMMAND: GET /session/d2ee73163e71edf45acf38a1abb82030/screenshot - {}
RESULT: {"using":"xpath","value":"//input[contains(@id ,\"application-billingtransfer-display-component---billingWorkbench--smartFilterBar-btnBasicSearch\")]"}
COMMAND: POST /session/d2ee73163e71edf45acf38a1abb82030/elements - {"using":"xpath","value":"//input[contains(@id ,\"application-billingtransfer-display-component---billingWorkbench--smartFilterBar-btnBasicSearch\")]"}
RESULT: {}
RESULT: {"using":"xpath","value":"//input[contains(@id ,\"application-billingtransfer-display-component---billingWorkbench--smartFilterBar-btnBasicSearch\")]"}
COMMAND: POST /session/d2ee73163e71edf45acf38a1abb82030/execute/sync - {"script":"<script> [8489 bytes]","args":[{"element-6066-11e4-a52e-4f735466cecf":"f.39032AFF0B9C80A7D793EE88796AE887.d.B9016E55D1ACBD0F13343F86257536FB.e.22210","ELEMENT":"f.39032AFF0B9C80A7D793EE88796AE887.d.B9016E55D1ACBD0F13343F86257536FB.e.22210"}]}
RESULT: {"script":"<script> [8489 bytes]","args":[{"element-6066-11e4-a52e-4f735466cecf":"f.39032AFF0B9C80A7D793EE88796AE887.d.B9016E55D1ACBD0F13343F86257536FB.e.22210","ELEMENT":"f.39032AFF0B9C80A7D793EE88796AE887.d.B9016E55D1ACBD0F13343F86257536FB.e.22210"}]}
COMMAND: GET /session/d2ee73163e71edf45acf38a1abb82030/element/f.39032AFF0B9C80A7D793EE88796AE887.d.B9016E55D1ACBD0F13343F86257536FB.e.22210/enabled - {}
COMMAND: GET /session/d2ee73163e71edf45acf38a1abb82030/screenshot - {}
RESULT: {}
COMMAND: POST /session/d2ee73163e71edf45acf38a1abb82030/element/f.39032AFF0B9C80A7D793EE88796AE887.d.B9016E55D1ACBD0F13343F86257536FB.e.22210/click - {}
COMMAND: GET /session/d2ee73163e71edf45acf38a1abb82030/screenshot - {}
RESULT: {}
RESULT: {}
COMMAND: GET /session/d2ee73163e71edf45acf38a1abb82030/screenshot - {}
RESULT: {}
RESULT: {}
COMMAND: POST /session/d2ee73163e71edf45acf38a1abb82030/element/f.39032AFF0B9C80A7D793EE88796AE887.d.B9016E55D1ACBD0F13343F86257536FB.e.22210/clear - {}
RESULT: {}
COMMAND: POST /session/d2ee73163e71edf45acf38a1abb82030/element/f.39032AFF0B9C80A7D793EE88796AE887.d.B9016E55D1ACBD0F13343F86257536FB.e.22210/value - {"text":"10318"}
COMMAND: GET /session/d2ee73163e71edf45acf38a1abb82030/screenshot - {}
RESULT: {"text":"10318"}
COMMAND: POST /session/d2ee73163e71edf45acf38a1abb82030/actions - {"actions":[{"id":"action84","type":"key","parameters":{},"actions":[{"type":"keyDown","value":"î€‡"},{"type":"pause","duration":10},{"type":"keyUp","value":"î€‡"}]}]}
COMMAND: GET /session/d2ee73163e71edf45acf38a1abb82030/screenshot - {}
RESULT: {}
RESULT: {"actions":[{"id":"action84","type":"key","parameters":{},"actions":[{"type":"keyDown","value":"î€‡"},{"type":"pause","duration":10},{"type":"keyUp","value":"î€‡"}]}]}
COMMAND: GET /session/d2ee73163e71edf45acf38a1abb82030/screenshot - {}
RESULT: {}
RESULT: {}
COMMAND: POST /session/d2ee73163e71edf45acf38a1abb82030/element - {"using":"xpath","value":"//span[contains(@id ,\"application-billingtransfer-display-component---billingWorkbench--smartTableBillingRuns-header-inner\")]"}
RESULT: {"using":"xpath","value":"//span[contains(@id ,\"application-billingtransfer-display-component---billingWorkbench--smartTableBillingRuns-header-inner\")]"}
COMMAND: POST /session/d2ee73163e71edf45acf38a1abb82030/elements - {"using":"xpath","value":"//span[contains(@id ,\"application-billingtransfer-display-component---billingWorkbench--smartTableBillingRuns-header-inner\")]"}
RESULT: {"using":"xpath","value":"//span[contains(@id ,\"application-billingtransfer-display-component---billingWorkbench--smartTableBillingRuns-header-inner\")]"}
COMMAND: POST /session/d2ee73163e71edf45acf38a1abb82030/execute/sync - {"script":"<script> [56 bytes]","args":[{"element-6066-11e4-a52e-4f735466cecf":"f.39032AFF0B9C80A7D793EE88796AE887.d.B9016E55D1ACBD0F13343F86257536FB.e.22376","ELEMENT":"f.39032AFF0B9C80A7D793EE88796AE887.d.B9016E55D1ACBD0F13343F86257536FB.e.22376"}]}
RESULT: {"script":"<script> [56 bytes]","args":[{"element-6066-11e4-a52e-4f735466cecf":"f.39032AFF0B9C80A7D793EE88796AE887.d.B9016E55D1ACBD0F13343F86257536FB.e.22376","ELEMENT":"f.39032AFF0B9C80A7D793EE88796AE887.d.B9016E55D1ACBD0F13343F86257536FB.e.22376"}]}
COMMAND: GET /session/d2ee73163e71edf45acf38a1abb82030/screenshot - {}
RESULT: {}
COMMAND: POST /session/d2ee73163e71edf45acf38a1abb82030/execute/sync - {"script":"<script> [56 bytes]","args":[{"element-6066-11e4-a52e-4f735466cecf":"f.39032AFF0B9C80A7D793EE88796AE887.d.B9016E55D1ACBD0F13343F86257536FB.e.22376","ELEMENT":"f.39032AFF0B9C80A7D793EE88796AE887.d.B9016E55D1ACBD0F13343F86257536FB.e.22376"}]}
RESULT: {"script":"<script> [56 bytes]","args":[{"element-6066-11e4-a52e-4f735466cecf":"f.39032AFF0B9C80A7D793EE88796AE887.d.B9016E55D1ACBD0F13343F86257536FB.e.22376","ELEMENT":"f.39032AFF0B9C80A7D793EE88796AE887.d.B9016E55D1ACBD0F13343F86257536FB.e.22376"}]}
COMMAND: GET /session/d2ee73163e71edf45acf38a1abb82030/screenshot - {}
RESULT: {}
COMMAND: POST /session/d2ee73163e71edf45acf38a1abb82030/execute/sync - {"script":"<script> [56 bytes]","args":[{"element-6066-11e4-a52e-4f735466cecf":"f.39032AFF0B9C80A7D793EE88796AE887.d.B9016E55D1ACBD0F13343F86257536FB.e.22376","ELEMENT":"f.39032AFF0B9C80A7D793EE88796AE887.d.B9016E55D1ACBD0F13343F86257536FB.e.22376"}]}
RESULT: {"script":"<script> [56 bytes]","args":[{"element-6066-11e4-a52e-4f735466cecf":"f.39032AFF0B9C80A7D793EE88796AE887.d.B9016E55D1ACBD0F13343F86257536FB.e.22376","ELEMENT":"f.39032AFF0B9C80A7D793EE88796AE887.d.B9016E55D1ACBD0F13343F86257536FB.e.22376"}]}
COMMAND: GET /session/d2ee73163e71edf45acf38a1abb82030/screenshot - {}
RESULT: {}
COMMAND: POST /session/d2ee73163e71edf45acf38a1abb82030/execute/sync - {"script":"<script> [56 bytes]","args":[{"element-6066-11e4-a52e-4f735466cecf":"f.39032AFF0B9C80A7D793EE88796AE887.d.B9016E55D1ACBD0F13343F86257536FB.e.22376","ELEMENT":"f.39032AFF0B9C80A7D793EE88796AE887.d.B9016E55D1ACBD0F13343F86257536FB.e.22376"}]}
RESULT: {"script":"<script> [56 bytes]","args":[{"element-6066-11e4-a52e-4f735466cecf":"f.39032AFF0B9C80A7D793EE88796AE887.d.B9016E55D1ACBD0F13343F86257536FB.e.22376","ELEMENT":"f.39032AFF0B9C80A7D793EE88796AE887.d.B9016E55D1ACBD0F13343F86257536FB.e.22376"}]}
COMMAND: GET /session/d2ee73163e71edf45acf38a1abb82030/screenshot - {}
RESULT: {}
COMMAND: POST /session/d2ee73163e71edf45acf38a1abb82030/execute/sync - {"script":"<script> [56 bytes]","args":[{"element-6066-11e4-a52e-4f735466cecf":"f.39032AFF0B9C80A7D793EE88796AE887.d.B9016E55D1ACBD0F13343F86257536FB.e.22376","ELEMENT":"f.39032AFF0B9C80A7D793EE88796AE887.d.B9016E55D1ACBD0F13343F86257536FB.e.22376"}]}
RESULT: {"script":"<script> [56 bytes]","args":[{"element-6066-11e4-a52e-4f735466cecf":"f.39032AFF0B9C80A7D793EE88796AE887.d.B9016E55D1ACBD0F13343F86257536FB.e.22376","ELEMENT":"f.39032AFF0B9C80A7D793EE88796AE887.d.B9016E55D1ACBD0F13343F86257536FB.e.22376"}]}
COMMAND: GET /session/d2ee73163e71edf45acf38a1abb82030/screenshot - {}
RESULT: {}
COMMAND: POST /session/d2ee73163e71edf45acf38a1abb82030/execute/sync - {"script":"<script> [56 bytes]","args":[{"element-6066-11e4-a52e-4f735466cecf":"f.39032AFF0B9C80A7D793EE88796AE887.d.B9016E55D1ACBD0F13343F86257536FB.e.22376","ELEMENT":"f.39032AFF0B9C80A7D793EE88796AE887.d.B9016E55D1ACBD0F13343F86257536FB.e.22376"}]}
RESULT: {"script":"<script> [56 bytes]","args":[{"element-6066-11e4-a52e-4f735466cecf":"f.39032AFF0B9C80A7D793EE88796AE887.d.B9016E55D1ACBD0F13343F86257536FB.e.22376","ELEMENT":"f.39032AFF0B9C80A7D793EE88796AE887.d.B9016E55D1ACBD0F13343F86257536FB.e.22376"}]}
COMMAND: GET /session/d2ee73163e71edf45acf38a1abb82030/screenshot - {}
COMMAND: POST /session/d2ee73163e71edf45acf38a1abb82030/execute/sync - {"script":"<script> [56 bytes]","args":[{"element-6066-11e4-a52e-4f735466cecf":"f.39032AFF0B9C80A7D793EE88796AE887.d.B9016E55D1ACBD0F13343F86257536FB.e.22376","ELEMENT":"f.39032AFF0B9C80A7D793EE88796AE887.d.B9016E55D1ACBD0F13343F86257536FB.e.22376"}]}
RESULT: {}
RESULT: {"script":"<script> [56 bytes]","args":[{"element-6066-11e4-a52e-4f735466cecf":"f.39032AFF0B9C80A7D793EE88796AE887.d.B9016E55D1ACBD0F13343F86257536FB.e.22376","ELEMENT":"f.39032AFF0B9C80A7D793EE88796AE887.d.B9016E55D1ACBD0F13343F86257536FB.e.22376"}]}
COMMAND: POST /session/d2ee73163e71edf45acf38a1abb82030/element - {"using":"css selector","value":"#shell-header-logo"}
COMMAND: GET /session/d2ee73163e71edf45acf38a1abb82030/screenshot - {}
RESULT: {"using":"css selector","value":"#shell-header-logo"}
COMMAND: POST /session/d2ee73163e71edf45acf38a1abb82030/element/f.39032AFF0B9C80A7D793EE88796AE887.d.B9016E55D1ACBD0F13343F86257536FB.e.22215/click - {}
RESULT: {}
RESULT: {}
COMMAND: GET /session/d2ee73163e71edf45acf38a1abb82030/screenshot - {}
RESULT: {}
]]></system-out>
    </testcase>
    <testcase classname="chrome.136_0_7103_93.windows.Billing_Calculation_-_Time_based_(considering_transport_times)_US139738" name="Should navigate to the contract item check the billed until field value" time="46.879">
      <system-out><![CDATA[
RESULT: undefined
COMMAND: POST /session/d2ee73163e71edf45acf38a1abb82030/element - {"using":"xpath","value":"//*[@id=\"__tile130\"]"}
RESULT: {"using":"xpath","value":"//*[@id=\"__tile130\"]"}
COMMAND: POST /session/d2ee73163e71edf45acf38a1abb82030/element/f.39032AFF0B9C80A7D793EE88796AE887.d.B9016E55D1ACBD0F13343F86257536FB.e.18323/click - {}
RESULT: {}
COMMAND: GET /session/d2ee73163e71edf45acf38a1abb82030/screenshot - {}
RESULT: {}
COMMAND: POST /session/d2ee73163e71edf45acf38a1abb82030/elements - {"using":"xpath","value":"//span[text()='Error']"}
RESULT: {"using":"xpath","value":"//span[text()='Error']"}
COMMAND: POST /session/d2ee73163e71edf45acf38a1abb82030/element - {"using":"xpath","value":"//button[@data-kt=\"addButton\"]"}
RESULT: {"using":"xpath","value":"//button[@data-kt=\"addButton\"]"}
COMMAND: POST /session/d2ee73163e71edf45acf38a1abb82030/elements - {"using":"xpath","value":"//button[@data-kt=\"addButton\"]"}
RESULT: {"using":"xpath","value":"//button[@data-kt=\"addButton\"]"}
COMMAND: POST /session/d2ee73163e71edf45acf38a1abb82030/execute/sync - {"script":"<script> [8489 bytes]","args":[{"element-6066-11e4-a52e-4f735466cecf":"f.39032AFF0B9C80A7D793EE88796AE887.d.B9016E55D1ACBD0F13343F86257536FB.e.22442","ELEMENT":"f.39032AFF0B9C80A7D793EE88796AE887.d.B9016E55D1ACBD0F13343F86257536FB.e.22442"}]}
RESULT: {"script":"<script> [8489 bytes]","args":[{"element-6066-11e4-a52e-4f735466cecf":"f.39032AFF0B9C80A7D793EE88796AE887.d.B9016E55D1ACBD0F13343F86257536FB.e.22442","ELEMENT":"f.39032AFF0B9C80A7D793EE88796AE887.d.B9016E55D1ACBD0F13343F86257536FB.e.22442"}]}
COMMAND: GET /session/d2ee73163e71edf45acf38a1abb82030/element/f.39032AFF0B9C80A7D793EE88796AE887.d.B9016E55D1ACBD0F13343F86257536FB.e.22442/enabled - {}
COMMAND: GET /session/d2ee73163e71edf45acf38a1abb82030/screenshot - {}
RESULT: {}
COMMAND: POST /session/d2ee73163e71edf45acf38a1abb82030/execute/sync - {"script":"<script> [8489 bytes]","args":[{"element-6066-11e4-a52e-4f735466cecf":"f.39032AFF0B9C80A7D793EE88796AE887.d.B9016E55D1ACBD0F13343F86257536FB.e.22442","ELEMENT":"f.39032AFF0B9C80A7D793EE88796AE887.d.B9016E55D1ACBD0F13343F86257536FB.e.22442"}]}
COMMAND: GET /session/d2ee73163e71edf45acf38a1abb82030/screenshot - {}
RESULT: {}
RESULT: {"script":"<script> [8489 bytes]","args":[{"element-6066-11e4-a52e-4f735466cecf":"f.39032AFF0B9C80A7D793EE88796AE887.d.B9016E55D1ACBD0F13343F86257536FB.e.22442","ELEMENT":"f.39032AFF0B9C80A7D793EE88796AE887.d.B9016E55D1ACBD0F13343F86257536FB.e.22442"}]}
COMMAND: POST /session/d2ee73163e71edf45acf38a1abb82030/execute/sync - {"script":"<script> [5351 bytes]","args":[{"element-6066-11e4-a52e-4f735466cecf":"f.39032AFF0B9C80A7D793EE88796AE887.d.B9016E55D1ACBD0F13343F86257536FB.e.22442","ELEMENT":"f.39032AFF0B9C80A7D793EE88796AE887.d.B9016E55D1ACBD0F13343F86257536FB.e.22442"}]}
COMMAND: GET /session/d2ee73163e71edf45acf38a1abb82030/screenshot - {}
RESULT: {}
RESULT: {"script":"<script> [5351 bytes]","args":[{"element-6066-11e4-a52e-4f735466cecf":"f.39032AFF0B9C80A7D793EE88796AE887.d.B9016E55D1ACBD0F13343F86257536FB.e.22442","ELEMENT":"f.39032AFF0B9C80A7D793EE88796AE887.d.B9016E55D1ACBD0F13343F86257536FB.e.22442"}]}
COMMAND: POST /session/d2ee73163e71edf45acf38a1abb82030/element - {"using":"xpath","value":"//input[contains(@id ,\"smartContractFilterBar-btnBasicSearch-I\")]"}
COMMAND: GET /session/d2ee73163e71edf45acf38a1abb82030/screenshot - {}
RESULT: {}
RESULT: {"using":"xpath","value":"//input[contains(@id ,\"smartContractFilterBar-btnBasicSearch-I\")]"}
COMMAND: POST /session/d2ee73163e71edf45acf38a1abb82030/elements - {"using":"xpath","value":"//input[contains(@id ,\"smartContractFilterBar-btnBasicSearch-I\")]"}
RESULT: {}
RESULT: {"using":"xpath","value":"//input[contains(@id ,\"smartContractFilterBar-btnBasicSearch-I\")]"}
COMMAND: POST /session/d2ee73163e71edf45acf38a1abb82030/execute/sync - {"script":"<script> [8489 bytes]","args":[{"element-6066-11e4-a52e-4f735466cecf":"f.39032AFF0B9C80A7D793EE88796AE887.d.B9016E55D1ACBD0F13343F86257536FB.e.22404","ELEMENT":"f.39032AFF0B9C80A7D793EE88796AE887.d.B9016E55D1ACBD0F13343F86257536FB.e.22404"}]}
RESULT: {"script":"<script> [8489 bytes]","args":[{"element-6066-11e4-a52e-4f735466cecf":"f.39032AFF0B9C80A7D793EE88796AE887.d.B9016E55D1ACBD0F13343F86257536FB.e.22404","ELEMENT":"f.39032AFF0B9C80A7D793EE88796AE887.d.B9016E55D1ACBD0F13343F86257536FB.e.22404"}]}
COMMAND: GET /session/d2ee73163e71edf45acf38a1abb82030/element/f.39032AFF0B9C80A7D793EE88796AE887.d.B9016E55D1ACBD0F13343F86257536FB.e.22404/enabled - {}
COMMAND: GET /session/d2ee73163e71edf45acf38a1abb82030/screenshot - {}
RESULT: {}
COMMAND: POST /session/d2ee73163e71edf45acf38a1abb82030/element/f.39032AFF0B9C80A7D793EE88796AE887.d.B9016E55D1ACBD0F13343F86257536FB.e.22404/clear - {}
COMMAND: GET /session/d2ee73163e71edf45acf38a1abb82030/screenshot - {}
RESULT: {}
RESULT: {}
COMMAND: POST /session/d2ee73163e71edf45acf38a1abb82030/element/f.39032AFF0B9C80A7D793EE88796AE887.d.B9016E55D1ACBD0F13343F86257536FB.e.22404/value - {"text":"10318"}
COMMAND: GET /session/d2ee73163e71edf45acf38a1abb82030/screenshot - {}
RESULT: {}
RESULT: {"text":"10318"}
COMMAND: GET /session/d2ee73163e71edf45acf38a1abb82030/screenshot - {}
RESULT: {}
RESULT: {}
COMMAND: POST /session/d2ee73163e71edf45acf38a1abb82030/actions - {"actions":[{"id":"action85","type":"key","parameters":{},"actions":[{"type":"keyDown","value":"î€‡"},{"type":"pause","duration":10},{"type":"keyUp","value":"î€‡"}]}]}
RESULT: {"actions":[{"id":"action85","type":"key","parameters":{},"actions":[{"type":"keyDown","value":"î€‡"},{"type":"pause","duration":10},{"type":"keyUp","value":"î€‡"}]}]}
COMMAND: GET /session/d2ee73163e71edf45acf38a1abb82030/screenshot - {}
RESULT: {}
COMMAND: POST /session/d2ee73163e71edf45acf38a1abb82030/element - {"using":"xpath","value":"//span[contains(@id, \"masterListContractsSmartTable-header-inner\")]"}
RESULT: {"using":"xpath","value":"//span[contains(@id, \"masterListContractsSmartTable-header-inner\")]"}
COMMAND: POST /session/d2ee73163e71edf45acf38a1abb82030/elements - {"using":"xpath","value":"//span[contains(@id, \"masterListContractsSmartTable-header-inner\")]"}
RESULT: {"using":"xpath","value":"//span[contains(@id, \"masterListContractsSmartTable-header-inner\")]"}
COMMAND: POST /session/d2ee73163e71edf45acf38a1abb82030/execute/sync - {"script":"<script> [56 bytes]","args":[{"element-6066-11e4-a52e-4f735466cecf":"f.39032AFF0B9C80A7D793EE88796AE887.d.B9016E55D1ACBD0F13343F86257536FB.e.22514","ELEMENT":"f.39032AFF0B9C80A7D793EE88796AE887.d.B9016E55D1ACBD0F13343F86257536FB.e.22514"}]}
RESULT: {"script":"<script> [56 bytes]","args":[{"element-6066-11e4-a52e-4f735466cecf":"f.39032AFF0B9C80A7D793EE88796AE887.d.B9016E55D1ACBD0F13343F86257536FB.e.22514","ELEMENT":"f.39032AFF0B9C80A7D793EE88796AE887.d.B9016E55D1ACBD0F13343F86257536FB.e.22514"}]}
COMMAND: POST /session/d2ee73163e71edf45acf38a1abb82030/element - {"using":"xpath","value":"(//span[contains(@id, \"imgNav\")])[1]"}
COMMAND: GET /session/d2ee73163e71edf45acf38a1abb82030/screenshot - {}
RESULT: {"using":"xpath","value":"(//span[contains(@id, \"imgNav\")])[1]"}
COMMAND: POST /session/d2ee73163e71edf45acf38a1abb82030/element/f.39032AFF0B9C80A7D793EE88796AE887.d.B9016E55D1ACBD0F13343F86257536FB.e.22513/click - {}
RESULT: {}
RESULT: {}
COMMAND: GET /session/d2ee73163e71edf45acf38a1abb82030/screenshot - {}
RESULT: {}
COMMAND: POST /session/d2ee73163e71edf45acf38a1abb82030/element - {"using":"xpath","value":"//tr[@data-kt=\"productsColumnListItem\"]//td//span[contains(@id, \"imgNav\")][1]"}
RESULT: {"using":"xpath","value":"//tr[@data-kt=\"productsColumnListItem\"]//td//span[contains(@id, \"imgNav\")][1]"}
COMMAND: POST /session/d2ee73163e71edf45acf38a1abb82030/element/f.39032AFF0B9C80A7D793EE88796AE887.d.B9016E55D1ACBD0F13343F86257536FB.e.22686/click - {}
RESULT: {}
COMMAND: GET /session/d2ee73163e71edf45acf38a1abb82030/screenshot - {}
RESULT: {}
COMMAND: POST /session/d2ee73163e71edf45acf38a1abb82030/element - {"using":"xpath","value":"//section[contains(@id, \"application-managecontracts-display-component---BillingItem--ObjectPageLayout-OPHeaderContent\")]/div/div/div/div/div[2]/div/div[2]/span"}
RESULT: {"using":"xpath","value":"//section[contains(@id, \"application-managecontracts-display-component---BillingItem--ObjectPageLayout-OPHeaderContent\")]/div/div/div/div/div[2]/div/div[2]/span"}
COMMAND: POST /session/d2ee73163e71edf45acf38a1abb82030/execute/sync - {"script":"<script> [56 bytes]","args":[{"element-6066-11e4-a52e-4f735466cecf":"f.39032AFF0B9C80A7D793EE88796AE887.d.B9016E55D1ACBD0F13343F86257536FB.e.22828","ELEMENT":"f.39032AFF0B9C80A7D793EE88796AE887.d.B9016E55D1ACBD0F13343F86257536FB.e.22828"}]}
RESULT: {"script":"<script> [56 bytes]","args":[{"element-6066-11e4-a52e-4f735466cecf":"f.39032AFF0B9C80A7D793EE88796AE887.d.B9016E55D1ACBD0F13343F86257536FB.e.22828","ELEMENT":"f.39032AFF0B9C80A7D793EE88796AE887.d.B9016E55D1ACBD0F13343F86257536FB.e.22828"}]}
COMMAND: POST /session/d2ee73163e71edf45acf38a1abb82030/element - {"using":"xpath","value":"//table[contains(@id, \"application-managecontracts-display-component---BillingItem--billingList-listUl\")]//td//*[contains(text(), \"partial billed\")]"}
COMMAND: GET /session/d2ee73163e71edf45acf38a1abb82030/screenshot - {}
RESULT: {"using":"xpath","value":"//table[contains(@id, \"application-managecontracts-display-component---BillingItem--billingList-listUl\")]//td//*[contains(text(), \"partial billed\")]"}
COMMAND: POST /session/d2ee73163e71edf45acf38a1abb82030/execute/sync - {"script":"<script> [56 bytes]","args":[{"element-6066-11e4-a52e-4f735466cecf":"f.39032AFF0B9C80A7D793EE88796AE887.d.B9016E55D1ACBD0F13343F86257536FB.e.22829","ELEMENT":"f.39032AFF0B9C80A7D793EE88796AE887.d.B9016E55D1ACBD0F13343F86257536FB.e.22829"}]}
RESULT: {}
RESULT: {"script":"<script> [56 bytes]","args":[{"element-6066-11e4-a52e-4f735466cecf":"f.39032AFF0B9C80A7D793EE88796AE887.d.B9016E55D1ACBD0F13343F86257536FB.e.22829","ELEMENT":"f.39032AFF0B9C80A7D793EE88796AE887.d.B9016E55D1ACBD0F13343F86257536FB.e.22829"}]}
COMMAND: POST /session/d2ee73163e71edf45acf38a1abb82030/element - {"using":"css selector","value":"#shell-header-logo"}
COMMAND: GET /session/d2ee73163e71edf45acf38a1abb82030/screenshot - {}
RESULT: {}
RESULT: {"using":"css selector","value":"#shell-header-logo"}
COMMAND: POST /session/d2ee73163e71edf45acf38a1abb82030/element/f.39032AFF0B9C80A7D793EE88796AE887.d.B9016E55D1ACBD0F13343F86257536FB.e.22400/click - {}
RESULT: {}
COMMAND: GET /session/d2ee73163e71edf45acf38a1abb82030/screenshot - {}
RESULT: {}
]]></system-out>
    </testcase>
    <testcase classname="chrome.136_0_7103_93.windows.Billing_Calculation_-_Time_based_(considering_transport_times)_US139738" name="Should do a handover return 2 step 7 days after provide or 14 days from today receive it in 21 days" time="175.254">
      <system-out><![CDATA[
RESULT: undefined
COMMAND: POST /session/d2ee73163e71edf45acf38a1abb82030/element - {"using":"xpath","value":"//*[@id=\"__tile130\"]"}
RESULT: {"using":"xpath","value":"//*[@id=\"__tile130\"]"}
COMMAND: POST /session/d2ee73163e71edf45acf38a1abb82030/element/f.39032AFF0B9C80A7D793EE88796AE887.d.B9016E55D1ACBD0F13343F86257536FB.e.18323/click - {}
RESULT: {}
COMMAND: GET /session/d2ee73163e71edf45acf38a1abb82030/screenshot - {}
RESULT: {}
COMMAND: POST /session/d2ee73163e71edf45acf38a1abb82030/elements - {"using":"xpath","value":"//span[text()='Error']"}
RESULT: {"using":"xpath","value":"//span[text()='Error']"}
COMMAND: POST /session/d2ee73163e71edf45acf38a1abb82030/element - {"using":"xpath","value":"//button[@data-kt=\"addButton\"]"}
RESULT: {"using":"xpath","value":"//button[@data-kt=\"addButton\"]"}
COMMAND: POST /session/d2ee73163e71edf45acf38a1abb82030/elements - {"using":"xpath","value":"//button[@data-kt=\"addButton\"]"}
RESULT: {"using":"xpath","value":"//button[@data-kt=\"addButton\"]"}
COMMAND: POST /session/d2ee73163e71edf45acf38a1abb82030/execute/sync - {"script":"<script> [8489 bytes]","args":[{"element-6066-11e4-a52e-4f735466cecf":"f.39032AFF0B9C80A7D793EE88796AE887.d.B9016E55D1ACBD0F13343F86257536FB.e.22879","ELEMENT":"f.39032AFF0B9C80A7D793EE88796AE887.d.B9016E55D1ACBD0F13343F86257536FB.e.22879"}]}
RESULT: {"script":"<script> [8489 bytes]","args":[{"element-6066-11e4-a52e-4f735466cecf":"f.39032AFF0B9C80A7D793EE88796AE887.d.B9016E55D1ACBD0F13343F86257536FB.e.22879","ELEMENT":"f.39032AFF0B9C80A7D793EE88796AE887.d.B9016E55D1ACBD0F13343F86257536FB.e.22879"}]}
COMMAND: GET /session/d2ee73163e71edf45acf38a1abb82030/element/f.39032AFF0B9C80A7D793EE88796AE887.d.B9016E55D1ACBD0F13343F86257536FB.e.22879/enabled - {}
COMMAND: GET /session/d2ee73163e71edf45acf38a1abb82030/screenshot - {}
RESULT: {}
COMMAND: POST /session/d2ee73163e71edf45acf38a1abb82030/execute/sync - {"script":"<script> [8489 bytes]","args":[{"element-6066-11e4-a52e-4f735466cecf":"f.39032AFF0B9C80A7D793EE88796AE887.d.B9016E55D1ACBD0F13343F86257536FB.e.22879","ELEMENT":"f.39032AFF0B9C80A7D793EE88796AE887.d.B9016E55D1ACBD0F13343F86257536FB.e.22879"}]}
COMMAND: GET /session/d2ee73163e71edf45acf38a1abb82030/screenshot - {}
RESULT: {}
RESULT: {"script":"<script> [8489 bytes]","args":[{"element-6066-11e4-a52e-4f735466cecf":"f.39032AFF0B9C80A7D793EE88796AE887.d.B9016E55D1ACBD0F13343F86257536FB.e.22879","ELEMENT":"f.39032AFF0B9C80A7D793EE88796AE887.d.B9016E55D1ACBD0F13343F86257536FB.e.22879"}]}
COMMAND: POST /session/d2ee73163e71edf45acf38a1abb82030/execute/sync - {"script":"<script> [5351 bytes]","args":[{"element-6066-11e4-a52e-4f735466cecf":"f.39032AFF0B9C80A7D793EE88796AE887.d.B9016E55D1ACBD0F13343F86257536FB.e.22879","ELEMENT":"f.39032AFF0B9C80A7D793EE88796AE887.d.B9016E55D1ACBD0F13343F86257536FB.e.22879"}]}
COMMAND: GET /session/d2ee73163e71edf45acf38a1abb82030/screenshot - {}
RESULT: {}
RESULT: {"script":"<script> [5351 bytes]","args":[{"element-6066-11e4-a52e-4f735466cecf":"f.39032AFF0B9C80A7D793EE88796AE887.d.B9016E55D1ACBD0F13343F86257536FB.e.22879","ELEMENT":"f.39032AFF0B9C80A7D793EE88796AE887.d.B9016E55D1ACBD0F13343F86257536FB.e.22879"}]}
COMMAND: GET /session/d2ee73163e71edf45acf38a1abb82030/screenshot - {}
RESULT: {}
RESULT: {}
COMMAND: POST /session/d2ee73163e71edf45acf38a1abb82030/element - {"using":"xpath","value":"//input[contains(@id ,\"smartContractFilterBar-btnBasicSearch-I\")]"}
RESULT: {"using":"xpath","value":"//input[contains(@id ,\"smartContractFilterBar-btnBasicSearch-I\")]"}
COMMAND: POST /session/d2ee73163e71edf45acf38a1abb82030/elements - {"using":"xpath","value":"//input[contains(@id ,\"smartContractFilterBar-btnBasicSearch-I\")]"}
RESULT: {"using":"xpath","value":"//input[contains(@id ,\"smartContractFilterBar-btnBasicSearch-I\")]"}
COMMAND: POST /session/d2ee73163e71edf45acf38a1abb82030/execute/sync - {"script":"<script> [8489 bytes]","args":[{"element-6066-11e4-a52e-4f735466cecf":"f.39032AFF0B9C80A7D793EE88796AE887.d.B9016E55D1ACBD0F13343F86257536FB.e.22836","ELEMENT":"f.39032AFF0B9C80A7D793EE88796AE887.d.B9016E55D1ACBD0F13343F86257536FB.e.22836"}]}
RESULT: {"script":"<script> [8489 bytes]","args":[{"element-6066-11e4-a52e-4f735466cecf":"f.39032AFF0B9C80A7D793EE88796AE887.d.B9016E55D1ACBD0F13343F86257536FB.e.22836","ELEMENT":"f.39032AFF0B9C80A7D793EE88796AE887.d.B9016E55D1ACBD0F13343F86257536FB.e.22836"}]}
COMMAND: GET /session/d2ee73163e71edf45acf38a1abb82030/element/f.39032AFF0B9C80A7D793EE88796AE887.d.B9016E55D1ACBD0F13343F86257536FB.e.22836/enabled - {}
COMMAND: GET /session/d2ee73163e71edf45acf38a1abb82030/screenshot - {}
RESULT: {}
COMMAND: POST /session/d2ee73163e71edf45acf38a1abb82030/element/f.39032AFF0B9C80A7D793EE88796AE887.d.B9016E55D1ACBD0F13343F86257536FB.e.22836/clear - {}
COMMAND: GET /session/d2ee73163e71edf45acf38a1abb82030/screenshot - {}
RESULT: {}
RESULT: {}
COMMAND: POST /session/d2ee73163e71edf45acf38a1abb82030/element/f.39032AFF0B9C80A7D793EE88796AE887.d.B9016E55D1ACBD0F13343F86257536FB.e.22836/value - {"text":"10318"}
COMMAND: GET /session/d2ee73163e71edf45acf38a1abb82030/screenshot - {}
RESULT: {}
RESULT: {"text":"10318"}
COMMAND: GET /session/d2ee73163e71edf45acf38a1abb82030/screenshot - {}
RESULT: {}
RESULT: {}
COMMAND: POST /session/d2ee73163e71edf45acf38a1abb82030/actions - {"actions":[{"id":"action86","type":"key","parameters":{},"actions":[{"type":"keyDown","value":"î€‡"},{"type":"pause","duration":10},{"type":"keyUp","value":"î€‡"}]}]}
RESULT: {"actions":[{"id":"action86","type":"key","parameters":{},"actions":[{"type":"keyDown","value":"î€‡"},{"type":"pause","duration":10},{"type":"keyUp","value":"î€‡"}]}]}
COMMAND: GET /session/d2ee73163e71edf45acf38a1abb82030/screenshot - {}
RESULT: {}
COMMAND: POST /session/d2ee73163e71edf45acf38a1abb82030/element - {"using":"xpath","value":"//span[contains(@id, \"masterListContractsSmartTable-header-inner\")]"}
RESULT: {"using":"xpath","value":"//span[contains(@id, \"masterListContractsSmartTable-header-inner\")]"}
COMMAND: POST /session/d2ee73163e71edf45acf38a1abb82030/elements - {"using":"xpath","value":"//span[contains(@id, \"masterListContractsSmartTable-header-inner\")]"}
RESULT: {"using":"xpath","value":"//span[contains(@id, \"masterListContractsSmartTable-header-inner\")]"}
COMMAND: POST /session/d2ee73163e71edf45acf38a1abb82030/execute/sync - {"script":"<script> [56 bytes]","args":[{"element-6066-11e4-a52e-4f735466cecf":"f.39032AFF0B9C80A7D793EE88796AE887.d.B9016E55D1ACBD0F13343F86257536FB.e.22946","ELEMENT":"f.39032AFF0B9C80A7D793EE88796AE887.d.B9016E55D1ACBD0F13343F86257536FB.e.22946"}]}
RESULT: {"script":"<script> [56 bytes]","args":[{"element-6066-11e4-a52e-4f735466cecf":"f.39032AFF0B9C80A7D793EE88796AE887.d.B9016E55D1ACBD0F13343F86257536FB.e.22946","ELEMENT":"f.39032AFF0B9C80A7D793EE88796AE887.d.B9016E55D1ACBD0F13343F86257536FB.e.22946"}]}
COMMAND: POST /session/d2ee73163e71edf45acf38a1abb82030/element - {"using":"xpath","value":"(//span[contains(@id, \"imgNav\")])[1]"}
COMMAND: GET /session/d2ee73163e71edf45acf38a1abb82030/screenshot - {}
RESULT: {"using":"xpath","value":"(//span[contains(@id, \"imgNav\")])[1]"}
COMMAND: POST /session/d2ee73163e71edf45acf38a1abb82030/element/f.39032AFF0B9C80A7D793EE88796AE887.d.B9016E55D1ACBD0F13343F86257536FB.e.22944/click - {}
RESULT: {}
RESULT: {}
COMMAND: GET /session/d2ee73163e71edf45acf38a1abb82030/screenshot - {}
RESULT: {}
COMMAND: POST /session/d2ee73163e71edf45acf38a1abb82030/element - {"using":"xpath","value":"//button[contains(@id, \"contractDetailReturnButton\")]"}
RESULT: {"using":"xpath","value":"//button[contains(@id, \"contractDetailReturnButton\")]"}
COMMAND: POST /session/d2ee73163e71edf45acf38a1abb82030/element/f.39032AFF0B9C80A7D793EE88796AE887.d.B9016E55D1ACBD0F13343F86257536FB.e.23030/click - {}
RESULT: {}
COMMAND: GET /session/d2ee73163e71edf45acf38a1abb82030/screenshot - {}
RESULT: undefined
COMMAND: POST /session/d2ee73163e71edf45acf38a1abb82030/execute/async - {"script":"<script> [776 bytes]","args":[{"enterText":"5/30/25","selector":{"id":"application-managehandovers-display-component---AddNewHO--dueDate","interaction":{"idSuffix":"inner"}},"clearTextFirst":true,"interactionType":"ENTER_TEXT"}]}
RESULT: {}
RESULT: {"script":"<script> [776 bytes]","args":[{"enterText":"5/30/25","selector":{"id":"application-managehandovers-display-component---AddNewHO--dueDate","interaction":{"idSuffix":"inner"}},"clearTextFirst":true,"interactionType":"ENTER_TEXT"}]}
COMMAND: POST /session/d2ee73163e71edf45acf38a1abb82030/element - {"using":"xpath","value":"//bdi[contains(text(), \"Instructions\")]"}
RESULT: {"using":"xpath","value":"//bdi[contains(text(), \"Instructions\")]"}
COMMAND: POST /session/d2ee73163e71edf45acf38a1abb82030/element/f.39032AFF0B9C80A7D793EE88796AE887.d.B9016E55D1ACBD0F13343F86257536FB.e.23251/click - {}
RESULT: {}
COMMAND: GET /session/d2ee73163e71edf45acf38a1abb82030/screenshot - {}
RESULT: {}
COMMAND: POST /session/d2ee73163e71edf45acf38a1abb82030/element - {"using":"xpath","value":"//button[@data-kt=\"AddNewHOProvideAddItemsButton\"]"}
RESULT: {"using":"xpath","value":"//button[@data-kt=\"AddNewHOProvideAddItemsButton\"]"}
COMMAND: POST /session/d2ee73163e71edf45acf38a1abb82030/element/f.39032AFF0B9C80A7D793EE88796AE887.d.B9016E55D1ACBD0F13343F86257536FB.e.23257/click - {}
RESULT: {}
COMMAND: GET /session/d2ee73163e71edf45acf38a1abb82030/screenshot - {}
RESULT: {}
RESULT: undefined
COMMAND: POST /session/d2ee73163e71edf45acf38a1abb82030/element - {"using":"xpath","value":"//*[@id=\"application-managehandovers-display-component---AddNewHO--popup-sa\"]"}
RESULT: {"using":"xpath","value":"//*[@id=\"application-managehandovers-display-component---AddNewHO--popup-sa\"]"}
COMMAND: POST /session/d2ee73163e71edf45acf38a1abb82030/element/f.39032AFF0B9C80A7D793EE88796AE887.d.B9016E55D1ACBD0F13343F86257536FB.e.23272/click - {}
RESULT: {}
COMMAND: GET /session/d2ee73163e71edf45acf38a1abb82030/screenshot - {}
RESULT: {}
COMMAND: POST /session/d2ee73163e71edf45acf38a1abb82030/element - {"using":"xpath","value":"//*[contains(@id ,\"BDI-content\")][contains(text(), \"Select\")]"}
RESULT: {"using":"xpath","value":"//*[contains(@id ,\"BDI-content\")][contains(text(), \"Select\")]"}
COMMAND: POST /session/d2ee73163e71edf45acf38a1abb82030/element/f.39032AFF0B9C80A7D793EE88796AE887.d.B9016E55D1ACBD0F13343F86257536FB.e.23274/click - {}
RESULT: {}
COMMAND: GET /session/d2ee73163e71edf45acf38a1abb82030/screenshot - {}
RESULT: {}
COMMAND: POST /session/d2ee73163e71edf45acf38a1abb82030/element - {"using":"xpath","value":"(//div[contains(@id, \"application-managehandovers-display-component---AddNewHO--oneStep-CbBg\")])"}
RESULT: {"using":"xpath","value":"(//div[contains(@id, \"application-managehandovers-display-component---AddNewHO--oneStep-CbBg\")])"}
COMMAND: POST /session/d2ee73163e71edf45acf38a1abb82030/element/f.39032AFF0B9C80A7D793EE88796AE887.d.B9016E55D1ACBD0F13343F86257536FB.e.23277/click - {}
RESULT: {}
RESULT: undefined
COMMAND: POST /session/d2ee73163e71edf45acf38a1abb82030/element - {"using":"xpath","value":"//*[@id=\"application-managehandovers-display-component---AddNewHO--confirmCreationButton\"]"}
COMMAND: GET /session/d2ee73163e71edf45acf38a1abb82030/screenshot - {}
RESULT: {"using":"xpath","value":"//*[@id=\"application-managehandovers-display-component---AddNewHO--confirmCreationButton\"]"}
COMMAND: POST /session/d2ee73163e71edf45acf38a1abb82030/element/f.39032AFF0B9C80A7D793EE88796AE887.d.B9016E55D1ACBD0F13343F86257536FB.e.23199/click - {}
RESULT: {}
RESULT: {}
COMMAND: GET /session/d2ee73163e71edf45acf38a1abb82030/screenshot - {}
RESULT: undefined
COMMAND: POST /session/d2ee73163e71edf45acf38a1abb82030/execute/async - {"script":"<script> [776 bytes]","args":[{"enterText":"5/30/25","selector":{"id":"issueDatePicker","viewName":"etm.portal.ui.managehandovers.view.DetailExecuteHO","interaction":{"idSuffix":"inner"}},"clearTextFirst":true,"interactionType":"ENTER_TEXT"}]}
RESULT: {}
RESULT: {"script":"<script> [776 bytes]","args":[{"enterText":"5/30/25","selector":{"id":"issueDatePicker","viewName":"etm.portal.ui.managehandovers.view.DetailExecuteHO","interaction":{"idSuffix":"inner"}},"clearTextFirst":true,"interactionType":"ENTER_TEXT"}]}
COMMAND: POST /session/d2ee73163e71edf45acf38a1abb82030/element - {"using":"xpath","value":"//bdi[contains(text(), \"OK\")]"}
RESULT: {"using":"xpath","value":"//bdi[contains(text(), \"OK\")]"}
COMMAND: POST /session/d2ee73163e71edf45acf38a1abb82030/element/f.39032AFF0B9C80A7D793EE88796AE887.d.B9016E55D1ACBD0F13343F86257536FB.e.23318/click - {}
RESULT: {}
COMMAND: GET /session/d2ee73163e71edf45acf38a1abb82030/screenshot - {}
RESULT: {}
COMMAND: POST /session/d2ee73163e71edf45acf38a1abb82030/element - {"using":"xpath","value":"//button[@data-kt=\"PickingTableConfirmAllButton\"]"}
RESULT: {"using":"xpath","value":"//button[@data-kt=\"PickingTableConfirmAllButton\"]"}
COMMAND: POST /session/d2ee73163e71edf45acf38a1abb82030/element/f.39032AFF0B9C80A7D793EE88796AE887.d.B9016E55D1ACBD0F13343F86257536FB.e.23324/click - {}
RESULT: {}
COMMAND: GET /session/d2ee73163e71edf45acf38a1abb82030/screenshot - {}
RESULT: {}
COMMAND: POST /session/d2ee73163e71edf45acf38a1abb82030/element - {"using":"xpath","value":"//bdi[contains(text(), \"OK\")]"}
RESULT: {"using":"xpath","value":"//bdi[contains(text(), \"OK\")]"}
COMMAND: POST /session/d2ee73163e71edf45acf38a1abb82030/element/f.39032AFF0B9C80A7D793EE88796AE887.d.B9016E55D1ACBD0F13343F86257536FB.e.23328/click - {}
RESULT: {}
COMMAND: GET /session/d2ee73163e71edf45acf38a1abb82030/screenshot - {}
RESULT: {}
COMMAND: POST /session/d2ee73163e71edf45acf38a1abb82030/element - {"using":"xpath","value":"//button[@data-kt=\"execHoPickButton\"]"}
RESULT: {"using":"xpath","value":"//button[@data-kt=\"execHoPickButton\"]"}
COMMAND: POST /session/d2ee73163e71edf45acf38a1abb82030/element/f.39032AFF0B9C80A7D793EE88796AE887.d.B9016E55D1ACBD0F13343F86257536FB.e.23329/click - {}
RESULT: {}
COMMAND: GET /session/d2ee73163e71edf45acf38a1abb82030/screenshot - {}
RESULT: {}
COMMAND: POST /session/d2ee73163e71edf45acf38a1abb82030/element - {"using":"xpath","value":"//span[contains(@id ,\"filterItemControl_BASIC-SEND_CONTRACT-vhi\")]"}
RESULT: {"using":"xpath","value":"//span[contains(@id ,\"filterItemControl_BASIC-SEND_CONTRACT-vhi\")]"}
COMMAND: POST /session/d2ee73163e71edf45acf38a1abb82030/element/f.39032AFF0B9C80A7D793EE88796AE887.d.B9016E55D1ACBD0F13343F86257536FB.e.23629/click - {}
RESULT: {}
COMMAND: GET /session/d2ee73163e71edf45acf38a1abb82030/screenshot - {}
RESULT: {}
RESULT: undefined
COMMAND: POST /session/d2ee73163e71edf45acf38a1abb82030/execute/async - {"script":"<script> [776 bytes]","args":[{"enterText":"10318","selector":{"controlType":"sap.m.SearchField","viewName":"etm.portal.ui.managehandovers.view.MasterHO","bindingPath":{"path":"","propertyPath":"/_BASIC_SEARCH_FIELD","modelName":"fi1t3rM0d31"},"searchOpenDialogs":true,"interaction":{"idSuffix":"I"}},"clearTextFirst":true,"interactionType":"ENTER_TEXT"}]}
RESULT: {"script":"<script> [776 bytes]","args":[{"enterText":"10318","selector":{"controlType":"sap.m.SearchField","viewName":"etm.portal.ui.managehandovers.view.MasterHO","bindingPath":{"path":"","propertyPath":"/_BASIC_SEARCH_FIELD","modelName":"fi1t3rM0d31"},"searchOpenDialogs":true,"interaction":{"idSuffix":"I"}},"clearTextFirst":true,"interactionType":"ENTER_TEXT"}]}
COMMAND: POST /session/d2ee73163e71edf45acf38a1abb82030/actions - {"actions":[{"id":"action87","type":"key","parameters":{},"actions":[{"type":"keyDown","value":"î€‡"},{"type":"pause","duration":10},{"type":"keyUp","value":"î€‡"}]}]}
RESULT: {"actions":[{"id":"action87","type":"key","parameters":{},"actions":[{"type":"keyDown","value":"î€‡"},{"type":"pause","duration":10},{"type":"keyUp","value":"î€‡"}]}]}
COMMAND: GET /session/d2ee73163e71edf45acf38a1abb82030/screenshot - {}
RESULT: {}
COMMAND: POST /session/d2ee73163e71edf45acf38a1abb82030/element - {"using":"xpath","value":"//div[contains(@id, 'filterItemControl_BASIC-SEND_CONTRACT-valueHelpDialog-table-rowsel0')]"}
RESULT: {"using":"xpath","value":"//div[contains(@id, 'filterItemControl_BASIC-SEND_CONTRACT-valueHelpDialog-table-rowsel0')]"}
COMMAND: POST /session/d2ee73163e71edf45acf38a1abb82030/element/f.39032AFF0B9C80A7D793EE88796AE887.d.B9016E55D1ACBD0F13343F86257536FB.e.23637/click - {}
RESULT: {}
COMMAND: GET /session/d2ee73163e71edf45acf38a1abb82030/screenshot - {}
RESULT: {}
COMMAND: POST /session/d2ee73163e71edf45acf38a1abb82030/element - {"using":"xpath","value":"//bdi[contains(text(), \"OK\")]"}
RESULT: {"using":"xpath","value":"//bdi[contains(text(), \"OK\")]"}
COMMAND: POST /session/d2ee73163e71edf45acf38a1abb82030/element/f.39032AFF0B9C80A7D793EE88796AE887.d.B9016E55D1ACBD0F13343F86257536FB.e.23639/click - {}
RESULT: {}
COMMAND: GET /session/d2ee73163e71edf45acf38a1abb82030/screenshot - {}
RESULT: {}
COMMAND: POST /session/d2ee73163e71edf45acf38a1abb82030/element - {"using":"xpath","value":"//span[contains(@id, \"smartTable-header-inner\")]"}
RESULT: {"using":"xpath","value":"//span[contains(@id, \"smartTable-header-inner\")]"}
COMMAND: POST /session/d2ee73163e71edf45acf38a1abb82030/elements - {"using":"xpath","value":"//span[contains(@id, \"smartTable-header-inner\")]"}
RESULT: {"using":"xpath","value":"//span[contains(@id, \"smartTable-header-inner\")]"}
COMMAND: POST /session/d2ee73163e71edf45acf38a1abb82030/execute/sync - {"script":"<script> [56 bytes]","args":[{"element-6066-11e4-a52e-4f735466cecf":"f.39032AFF0B9C80A7D793EE88796AE887.d.B9016E55D1ACBD0F13343F86257536FB.e.23667","ELEMENT":"f.39032AFF0B9C80A7D793EE88796AE887.d.B9016E55D1ACBD0F13343F86257536FB.e.23667"}]}
RESULT: {"script":"<script> [56 bytes]","args":[{"element-6066-11e4-a52e-4f735466cecf":"f.39032AFF0B9C80A7D793EE88796AE887.d.B9016E55D1ACBD0F13343F86257536FB.e.23667","ELEMENT":"f.39032AFF0B9C80A7D793EE88796AE887.d.B9016E55D1ACBD0F13343F86257536FB.e.23667"}]}
COMMAND: POST /session/d2ee73163e71edf45acf38a1abb82030/element - {"using":"xpath","value":"//table[contains(@id, \"customHandovers\")]//tbody/tr[1]/td[2]/span"}
COMMAND: GET /session/d2ee73163e71edf45acf38a1abb82030/screenshot - {}
RESULT: {"using":"xpath","value":"//table[contains(@id, \"customHandovers\")]//tbody/tr[1]/td[2]/span"}
COMMAND: POST /session/d2ee73163e71edf45acf38a1abb82030/execute/sync - {"script":"<script> [56 bytes]","args":[{"element-6066-11e4-a52e-4f735466cecf":"f.39032AFF0B9C80A7D793EE88796AE887.d.B9016E55D1ACBD0F13343F86257536FB.e.23668","ELEMENT":"f.39032AFF0B9C80A7D793EE88796AE887.d.B9016E55D1ACBD0F13343F86257536FB.e.23668"}]}
RESULT: {}
RESULT: {"script":"<script> [56 bytes]","args":[{"element-6066-11e4-a52e-4f735466cecf":"f.39032AFF0B9C80A7D793EE88796AE887.d.B9016E55D1ACBD0F13343F86257536FB.e.23668","ELEMENT":"f.39032AFF0B9C80A7D793EE88796AE887.d.B9016E55D1ACBD0F13343F86257536FB.e.23668"}]}
COMMAND: POST /session/d2ee73163e71edf45acf38a1abb82030/element - {"using":"xpath","value":"(//span[contains(@id, \"imgNav\")])[1]"}
COMMAND: GET /session/d2ee73163e71edf45acf38a1abb82030/screenshot - {}
RESULT: {"using":"xpath","value":"(//span[contains(@id, \"imgNav\")])[1]"}
COMMAND: POST /session/d2ee73163e71edf45acf38a1abb82030/element/f.39032AFF0B9C80A7D793EE88796AE887.d.B9016E55D1ACBD0F13343F86257536FB.e.23665/click - {}
RESULT: {}
RESULT: {}
COMMAND: GET /session/d2ee73163e71edf45acf38a1abb82030/screenshot - {}
RESULT: {}
RESULT: undefined
COMMAND: POST /session/d2ee73163e71edf45acf38a1abb82030/execute/async - {"script":"<script> [776 bytes]","args":[{"enterText":"5/30/25","selector":{"id":"issueDatePicker","viewName":"etm.portal.ui.managehandovers.view.DetailExecuteHO","interaction":{"idSuffix":"inner"}},"clearTextFirst":true,"interactionType":"ENTER_TEXT"}]}
RESULT: {"script":"<script> [776 bytes]","args":[{"enterText":"5/30/25","selector":{"id":"issueDatePicker","viewName":"etm.portal.ui.managehandovers.view.DetailExecuteHO","interaction":{"idSuffix":"inner"}},"clearTextFirst":true,"interactionType":"ENTER_TEXT"}]}
COMMAND: POST /session/d2ee73163e71edf45acf38a1abb82030/element - {"using":"xpath","value":"//button[@data-kt=\"PickingTableConfirmAllButton\"]"}
RESULT: {"using":"xpath","value":"//button[@data-kt=\"PickingTableConfirmAllButton\"]"}
COMMAND: POST /session/d2ee73163e71edf45acf38a1abb82030/element/f.39032AFF0B9C80A7D793EE88796AE887.d.B9016E55D1ACBD0F13343F86257536FB.e.23684/click - {}
RESULT: {}
COMMAND: GET /session/d2ee73163e71edf45acf38a1abb82030/screenshot - {}
RESULT: {}
COMMAND: POST /session/d2ee73163e71edf45acf38a1abb82030/element - {"using":"xpath","value":"//bdi[contains(text(), \"OK\")]"}
RESULT: {"using":"xpath","value":"//bdi[contains(text(), \"OK\")]"}
COMMAND: POST /session/d2ee73163e71edf45acf38a1abb82030/element/f.39032AFF0B9C80A7D793EE88796AE887.d.B9016E55D1ACBD0F13343F86257536FB.e.23714/click - {}
RESULT: {}
COMMAND: GET /session/d2ee73163e71edf45acf38a1abb82030/screenshot - {}
RESULT: {}
COMMAND: POST /session/d2ee73163e71edf45acf38a1abb82030/element - {"using":"xpath","value":"//button[@data-kt=\"execHoIssueButton\"]"}
RESULT: {"using":"xpath","value":"//button[@data-kt=\"execHoIssueButton\"]"}
COMMAND: POST /session/d2ee73163e71edf45acf38a1abb82030/element/f.39032AFF0B9C80A7D793EE88796AE887.d.B9016E55D1ACBD0F13343F86257536FB.e.23715/click - {}
RESULT: {}
COMMAND: GET /session/d2ee73163e71edf45acf38a1abb82030/screenshot - {}
RESULT: {}
COMMAND: POST /session/d2ee73163e71edf45acf38a1abb82030/element - {"using":"xpath","value":"//input[contains(@id ,\"smartFilterBar-btnBasicSearch-I\")]"}
RESULT: {"using":"xpath","value":"//input[contains(@id ,\"smartFilterBar-btnBasicSearch-I\")]"}
COMMAND: POST /session/d2ee73163e71edf45acf38a1abb82030/elements - {"using":"xpath","value":"//input[contains(@id ,\"smartFilterBar-btnBasicSearch-I\")]"}
RESULT: {"using":"xpath","value":"//input[contains(@id ,\"smartFilterBar-btnBasicSearch-I\")]"}
COMMAND: POST /session/d2ee73163e71edf45acf38a1abb82030/execute/sync - {"script":"<script> [8489 bytes]","args":[{"element-6066-11e4-a52e-4f735466cecf":"f.39032AFF0B9C80A7D793EE88796AE887.d.B9016E55D1ACBD0F13343F86257536FB.e.23177","ELEMENT":"f.39032AFF0B9C80A7D793EE88796AE887.d.B9016E55D1ACBD0F13343F86257536FB.e.23177"}]}
RESULT: {"script":"<script> [8489 bytes]","args":[{"element-6066-11e4-a52e-4f735466cecf":"f.39032AFF0B9C80A7D793EE88796AE887.d.B9016E55D1ACBD0F13343F86257536FB.e.23177","ELEMENT":"f.39032AFF0B9C80A7D793EE88796AE887.d.B9016E55D1ACBD0F13343F86257536FB.e.23177"}]}
COMMAND: GET /session/d2ee73163e71edf45acf38a1abb82030/element/f.39032AFF0B9C80A7D793EE88796AE887.d.B9016E55D1ACBD0F13343F86257536FB.e.23177/enabled - {}
COMMAND: GET /session/d2ee73163e71edf45acf38a1abb82030/screenshot - {}
RESULT: {}
COMMAND: POST /session/d2ee73163e71edf45acf38a1abb82030/element/f.39032AFF0B9C80A7D793EE88796AE887.d.B9016E55D1ACBD0F13343F86257536FB.e.23177/clear - {}
COMMAND: GET /session/d2ee73163e71edf45acf38a1abb82030/screenshot - {}
RESULT: {}
RESULT: {}
COMMAND: POST /session/d2ee73163e71edf45acf38a1abb82030/element/f.39032AFF0B9C80A7D793EE88796AE887.d.B9016E55D1ACBD0F13343F86257536FB.e.23177/value - {"text":"30607"}
COMMAND: GET /session/d2ee73163e71edf45acf38a1abb82030/screenshot - {}
RESULT: {}
RESULT: {}
RESULT: {"text":"30607"}
COMMAND: GET /session/d2ee73163e71edf45acf38a1abb82030/screenshot - {}
RESULT: {}
COMMAND: POST /session/d2ee73163e71edf45acf38a1abb82030/actions - {"actions":[{"id":"action88","type":"key","parameters":{},"actions":[{"type":"keyDown","value":"î€‡"},{"type":"pause","duration":10},{"type":"keyUp","value":"î€‡"}]}]}
RESULT: {"actions":[{"id":"action88","type":"key","parameters":{},"actions":[{"type":"keyDown","value":"î€‡"},{"type":"pause","duration":10},{"type":"keyUp","value":"î€‡"}]}]}
COMMAND: GET /session/d2ee73163e71edf45acf38a1abb82030/screenshot - {}
RESULT: {}
COMMAND: POST /session/d2ee73163e71edf45acf38a1abb82030/element - {"using":"xpath","value":"//span[contains(@id, \"smartTable-header-inner\")]"}
RESULT: {"using":"xpath","value":"//span[contains(@id, \"smartTable-header-inner\")]"}
COMMAND: POST /session/d2ee73163e71edf45acf38a1abb82030/elements - {"using":"xpath","value":"//span[contains(@id, \"smartTable-header-inner\")]"}
RESULT: {"using":"xpath","value":"//span[contains(@id, \"smartTable-header-inner\")]"}
COMMAND: POST /session/d2ee73163e71edf45acf38a1abb82030/execute/sync - {"script":"<script> [56 bytes]","args":[{"element-6066-11e4-a52e-4f735466cecf":"f.39032AFF0B9C80A7D793EE88796AE887.d.B9016E55D1ACBD0F13343F86257536FB.e.23667","ELEMENT":"f.39032AFF0B9C80A7D793EE88796AE887.d.B9016E55D1ACBD0F13343F86257536FB.e.23667"}]}
RESULT: {"script":"<script> [56 bytes]","args":[{"element-6066-11e4-a52e-4f735466cecf":"f.39032AFF0B9C80A7D793EE88796AE887.d.B9016E55D1ACBD0F13343F86257536FB.e.23667","ELEMENT":"f.39032AFF0B9C80A7D793EE88796AE887.d.B9016E55D1ACBD0F13343F86257536FB.e.23667"}]}
COMMAND: POST /session/d2ee73163e71edf45acf38a1abb82030/elements - {"using":"xpath","value":"//thead[contains(@class, \"sapMTableTH\")]/tr/th"}
COMMAND: GET /session/d2ee73163e71edf45acf38a1abb82030/screenshot - {}
RESULT: {"using":"xpath","value":"//thead[contains(@class, \"sapMTableTH\")]/tr/th"}
COMMAND: GET /session/d2ee73163e71edf45acf38a1abb82030/element/f.39032AFF0B9C80A7D793EE88796AE887.d.B9016E55D1ACBD0F13343F86257536FB.e.23766/text - {}
RESULT: {}
RESULT: {}
COMMAND: GET /session/d2ee73163e71edf45acf38a1abb82030/element/f.39032AFF0B9C80A7D793EE88796AE887.d.B9016E55D1ACBD0F13343F86257536FB.e.23767/text - {}
RESULT: {}
COMMAND: GET /session/d2ee73163e71edf45acf38a1abb82030/element/f.39032AFF0B9C80A7D793EE88796AE887.d.B9016E55D1ACBD0F13343F86257536FB.e.23215/text - {}
RESULT: {}
COMMAND: GET /session/d2ee73163e71edf45acf38a1abb82030/element/f.39032AFF0B9C80A7D793EE88796AE887.d.B9016E55D1ACBD0F13343F86257536FB.e.23217/text - {}
RESULT: {}
COMMAND: GET /session/d2ee73163e71edf45acf38a1abb82030/element/f.39032AFF0B9C80A7D793EE88796AE887.d.B9016E55D1ACBD0F13343F86257536FB.e.23719/text - {}
RESULT: {}
COMMAND: GET /session/d2ee73163e71edf45acf38a1abb82030/element/f.39032AFF0B9C80A7D793EE88796AE887.d.B9016E55D1ACBD0F13343F86257536FB.e.23720/text - {}
RESULT: {}
COMMAND: GET /session/d2ee73163e71edf45acf38a1abb82030/element/f.39032AFF0B9C80A7D793EE88796AE887.d.B9016E55D1ACBD0F13343F86257536FB.e.23721/text - {}
RESULT: {}
COMMAND: GET /session/d2ee73163e71edf45acf38a1abb82030/element/f.39032AFF0B9C80A7D793EE88796AE887.d.B9016E55D1ACBD0F13343F86257536FB.e.23722/text - {}
RESULT: {}
COMMAND: GET /session/d2ee73163e71edf45acf38a1abb82030/element/f.39032AFF0B9C80A7D793EE88796AE887.d.B9016E55D1ACBD0F13343F86257536FB.e.23723/text - {}
RESULT: {}
COMMAND: GET /session/d2ee73163e71edf45acf38a1abb82030/element/f.39032AFF0B9C80A7D793EE88796AE887.d.B9016E55D1ACBD0F13343F86257536FB.e.23724/text - {}
RESULT: {}
COMMAND: GET /session/d2ee73163e71edf45acf38a1abb82030/element/f.39032AFF0B9C80A7D793EE88796AE887.d.B9016E55D1ACBD0F13343F86257536FB.e.23725/text - {}
RESULT: {}
COMMAND: GET /session/d2ee73163e71edf45acf38a1abb82030/element/f.39032AFF0B9C80A7D793EE88796AE887.d.B9016E55D1ACBD0F13343F86257536FB.e.23726/text - {}
RESULT: {}
COMMAND: GET /session/d2ee73163e71edf45acf38a1abb82030/element/f.39032AFF0B9C80A7D793EE88796AE887.d.B9016E55D1ACBD0F13343F86257536FB.e.23727/text - {}
RESULT: {}
COMMAND: GET /session/d2ee73163e71edf45acf38a1abb82030/element/f.39032AFF0B9C80A7D793EE88796AE887.d.B9016E55D1ACBD0F13343F86257536FB.e.23218/text - {}
RESULT: {}
COMMAND: POST /session/d2ee73163e71edf45acf38a1abb82030/element - {"using":"xpath","value":"//tbody[contains(@id, \"customHandoversTable-tblBody\")]/tr[1]/td[14]/div/span"}
RESULT: {"using":"xpath","value":"//tbody[contains(@id, \"customHandoversTable-tblBody\")]/tr[1]/td[14]/div/span"}
COMMAND: POST /session/d2ee73163e71edf45acf38a1abb82030/execute/sync - {"script":"<script> [56 bytes]","args":[{"element-6066-11e4-a52e-4f735466cecf":"f.39032AFF0B9C80A7D793EE88796AE887.d.B9016E55D1ACBD0F13343F86257536FB.e.23820","ELEMENT":"f.39032AFF0B9C80A7D793EE88796AE887.d.B9016E55D1ACBD0F13343F86257536FB.e.23820"}]}
RESULT: {"script":"<script> [56 bytes]","args":[{"element-6066-11e4-a52e-4f735466cecf":"f.39032AFF0B9C80A7D793EE88796AE887.d.B9016E55D1ACBD0F13343F86257536FB.e.23820","ELEMENT":"f.39032AFF0B9C80A7D793EE88796AE887.d.B9016E55D1ACBD0F13343F86257536FB.e.23820"}]}
COMMAND: POST /session/d2ee73163e71edf45acf38a1abb82030/element - {"using":"xpath","value":"(//span[contains(@id, \"imgNav\")])[1]"}
COMMAND: GET /session/d2ee73163e71edf45acf38a1abb82030/screenshot - {}
RESULT: {"using":"xpath","value":"(//span[contains(@id, \"imgNav\")])[1]"}
COMMAND: POST /session/d2ee73163e71edf45acf38a1abb82030/element/f.39032AFF0B9C80A7D793EE88796AE887.d.B9016E55D1ACBD0F13343F86257536FB.e.23762/click - {}
RESULT: {}
RESULT: {}
COMMAND: GET /session/d2ee73163e71edf45acf38a1abb82030/screenshot - {}
RESULT: {}
RESULT: undefined
COMMAND: POST /session/d2ee73163e71edf45acf38a1abb82030/execute/async - {"script":"<script> [776 bytes]","args":[{"enterText":"6/6/25","selector":{"id":"receiptDatePicker","viewName":"etm.portal.ui.managehandovers.view.DetailExecuteHO","interaction":{"idSuffix":"inner"}},"clearTextFirst":true,"interactionType":"ENTER_TEXT"}]}
RESULT: {"script":"<script> [776 bytes]","args":[{"enterText":"6/6/25","selector":{"id":"receiptDatePicker","viewName":"etm.portal.ui.managehandovers.view.DetailExecuteHO","interaction":{"idSuffix":"inner"}},"clearTextFirst":true,"interactionType":"ENTER_TEXT"}]}
COMMAND: POST /session/d2ee73163e71edf45acf38a1abb82030/element - {"using":"xpath","value":"//bdi[contains(text(), \"OK\")]"}
RESULT: {"using":"xpath","value":"//bdi[contains(text(), \"OK\")]"}
COMMAND: POST /session/d2ee73163e71edf45acf38a1abb82030/element/f.39032AFF0B9C80A7D793EE88796AE887.d.B9016E55D1ACBD0F13343F86257536FB.e.23843/click - {}
RESULT: {}
COMMAND: GET /session/d2ee73163e71edf45acf38a1abb82030/screenshot - {}
RESULT: {}
COMMAND: POST /session/d2ee73163e71edf45acf38a1abb82030/element - {"using":"xpath","value":"//button[@data-kt=\"PickingTableConfirmAllButton\"]"}
RESULT: {"using":"xpath","value":"//button[@data-kt=\"PickingTableConfirmAllButton\"]"}
COMMAND: POST /session/d2ee73163e71edf45acf38a1abb82030/element/f.39032AFF0B9C80A7D793EE88796AE887.d.B9016E55D1ACBD0F13343F86257536FB.e.23825/click - {}
RESULT: {}
COMMAND: GET /session/d2ee73163e71edf45acf38a1abb82030/screenshot - {}
RESULT: {}
COMMAND: POST /session/d2ee73163e71edf45acf38a1abb82030/element - {"using":"xpath","value":"//bdi[contains(text(), \"OK\")]"}
RESULT: {"using":"xpath","value":"//bdi[contains(text(), \"OK\")]"}
COMMAND: POST /session/d2ee73163e71edf45acf38a1abb82030/element/f.39032AFF0B9C80A7D793EE88796AE887.d.B9016E55D1ACBD0F13343F86257536FB.e.23855/click - {}
RESULT: {}
COMMAND: GET /session/d2ee73163e71edf45acf38a1abb82030/screenshot - {}
RESULT: {}
COMMAND: POST /session/d2ee73163e71edf45acf38a1abb82030/element - {"using":"xpath","value":"//button[@data-kt= \"execHoReceiveButton\"]"}
RESULT: {"using":"xpath","value":"//button[@data-kt= \"execHoReceiveButton\"]"}
COMMAND: POST /session/d2ee73163e71edf45acf38a1abb82030/element/f.39032AFF0B9C80A7D793EE88796AE887.d.B9016E55D1ACBD0F13343F86257536FB.e.23857/click - {}
RESULT: {}
COMMAND: GET /session/d2ee73163e71edf45acf38a1abb82030/screenshot - {}
RESULT: {}
COMMAND: POST /session/d2ee73163e71edf45acf38a1abb82030/element - {"using":"xpath","value":"//input[contains(@id ,\"smartFilterBar-btnBasicSearch-I\")]"}
RESULT: {"using":"xpath","value":"//input[contains(@id ,\"smartFilterBar-btnBasicSearch-I\")]"}
COMMAND: POST /session/d2ee73163e71edf45acf38a1abb82030/elements - {"using":"xpath","value":"//input[contains(@id ,\"smartFilterBar-btnBasicSearch-I\")]"}
RESULT: {"using":"xpath","value":"//input[contains(@id ,\"smartFilterBar-btnBasicSearch-I\")]"}
COMMAND: POST /session/d2ee73163e71edf45acf38a1abb82030/execute/sync - {"script":"<script> [8489 bytes]","args":[{"element-6066-11e4-a52e-4f735466cecf":"f.39032AFF0B9C80A7D793EE88796AE887.d.B9016E55D1ACBD0F13343F86257536FB.e.23177","ELEMENT":"f.39032AFF0B9C80A7D793EE88796AE887.d.B9016E55D1ACBD0F13343F86257536FB.e.23177"}]}
RESULT: {"script":"<script> [8489 bytes]","args":[{"element-6066-11e4-a52e-4f735466cecf":"f.39032AFF0B9C80A7D793EE88796AE887.d.B9016E55D1ACBD0F13343F86257536FB.e.23177","ELEMENT":"f.39032AFF0B9C80A7D793EE88796AE887.d.B9016E55D1ACBD0F13343F86257536FB.e.23177"}]}
COMMAND: GET /session/d2ee73163e71edf45acf38a1abb82030/element/f.39032AFF0B9C80A7D793EE88796AE887.d.B9016E55D1ACBD0F13343F86257536FB.e.23177/enabled - {}
COMMAND: GET /session/d2ee73163e71edf45acf38a1abb82030/screenshot - {}
RESULT: {}
COMMAND: POST /session/d2ee73163e71edf45acf38a1abb82030/element/f.39032AFF0B9C80A7D793EE88796AE887.d.B9016E55D1ACBD0F13343F86257536FB.e.23177/clear - {}
COMMAND: GET /session/d2ee73163e71edf45acf38a1abb82030/screenshot - {}
RESULT: {}
RESULT: {}
RESULT: {}
COMMAND: POST /session/d2ee73163e71edf45acf38a1abb82030/element/f.39032AFF0B9C80A7D793EE88796AE887.d.B9016E55D1ACBD0F13343F86257536FB.e.23177/value - {"text":"30607"}
COMMAND: GET /session/d2ee73163e71edf45acf38a1abb82030/screenshot - {}
RESULT: {"text":"30607"}
COMMAND: GET /session/d2ee73163e71edf45acf38a1abb82030/screenshot - {}
RESULT: {}
RESULT: {}
COMMAND: POST /session/d2ee73163e71edf45acf38a1abb82030/actions - {"actions":[{"id":"action89","type":"key","parameters":{},"actions":[{"type":"keyDown","value":"î€‡"},{"type":"pause","duration":10},{"type":"keyUp","value":"î€‡"}]}]}
RESULT: {"actions":[{"id":"action89","type":"key","parameters":{},"actions":[{"type":"keyDown","value":"î€‡"},{"type":"pause","duration":10},{"type":"keyUp","value":"î€‡"}]}]}
COMMAND: GET /session/d2ee73163e71edf45acf38a1abb82030/screenshot - {}
RESULT: {}
COMMAND: POST /session/d2ee73163e71edf45acf38a1abb82030/element - {"using":"xpath","value":"//span[contains(@id, \"smartTable-header-inner\")]"}
RESULT: {"using":"xpath","value":"//span[contains(@id, \"smartTable-header-inner\")]"}
COMMAND: POST /session/d2ee73163e71edf45acf38a1abb82030/elements - {"using":"xpath","value":"//span[contains(@id, \"smartTable-header-inner\")]"}
RESULT: {"using":"xpath","value":"//span[contains(@id, \"smartTable-header-inner\")]"}
COMMAND: POST /session/d2ee73163e71edf45acf38a1abb82030/execute/sync - {"script":"<script> [56 bytes]","args":[{"element-6066-11e4-a52e-4f735466cecf":"f.39032AFF0B9C80A7D793EE88796AE887.d.B9016E55D1ACBD0F13343F86257536FB.e.23667","ELEMENT":"f.39032AFF0B9C80A7D793EE88796AE887.d.B9016E55D1ACBD0F13343F86257536FB.e.23667"}]}
RESULT: {"script":"<script> [56 bytes]","args":[{"element-6066-11e4-a52e-4f735466cecf":"f.39032AFF0B9C80A7D793EE88796AE887.d.B9016E55D1ACBD0F13343F86257536FB.e.23667","ELEMENT":"f.39032AFF0B9C80A7D793EE88796AE887.d.B9016E55D1ACBD0F13343F86257536FB.e.23667"}]}
COMMAND: POST /session/d2ee73163e71edf45acf38a1abb82030/elements - {"using":"xpath","value":"//thead[contains(@class, \"sapMTableTH\")]/tr/th"}
COMMAND: GET /session/d2ee73163e71edf45acf38a1abb82030/screenshot - {}
RESULT: {"using":"xpath","value":"//thead[contains(@class, \"sapMTableTH\")]/tr/th"}
COMMAND: GET /session/d2ee73163e71edf45acf38a1abb82030/element/f.39032AFF0B9C80A7D793EE88796AE887.d.B9016E55D1ACBD0F13343F86257536FB.e.23766/text - {}
RESULT: {}
RESULT: {}
COMMAND: GET /session/d2ee73163e71edf45acf38a1abb82030/element/f.39032AFF0B9C80A7D793EE88796AE887.d.B9016E55D1ACBD0F13343F86257536FB.e.23767/text - {}
RESULT: {}
COMMAND: GET /session/d2ee73163e71edf45acf38a1abb82030/element/f.39032AFF0B9C80A7D793EE88796AE887.d.B9016E55D1ACBD0F13343F86257536FB.e.23215/text - {}
RESULT: {}
COMMAND: GET /session/d2ee73163e71edf45acf38a1abb82030/element/f.39032AFF0B9C80A7D793EE88796AE887.d.B9016E55D1ACBD0F13343F86257536FB.e.23217/text - {}
RESULT: {}
COMMAND: GET /session/d2ee73163e71edf45acf38a1abb82030/element/f.39032AFF0B9C80A7D793EE88796AE887.d.B9016E55D1ACBD0F13343F86257536FB.e.23862/text - {}
RESULT: {}
COMMAND: GET /session/d2ee73163e71edf45acf38a1abb82030/element/f.39032AFF0B9C80A7D793EE88796AE887.d.B9016E55D1ACBD0F13343F86257536FB.e.23863/text - {}
RESULT: {}
COMMAND: GET /session/d2ee73163e71edf45acf38a1abb82030/element/f.39032AFF0B9C80A7D793EE88796AE887.d.B9016E55D1ACBD0F13343F86257536FB.e.23864/text - {}
RESULT: {}
COMMAND: GET /session/d2ee73163e71edf45acf38a1abb82030/element/f.39032AFF0B9C80A7D793EE88796AE887.d.B9016E55D1ACBD0F13343F86257536FB.e.23865/text - {}
RESULT: {}
COMMAND: GET /session/d2ee73163e71edf45acf38a1abb82030/element/f.39032AFF0B9C80A7D793EE88796AE887.d.B9016E55D1ACBD0F13343F86257536FB.e.23866/text - {}
RESULT: {}
COMMAND: GET /session/d2ee73163e71edf45acf38a1abb82030/element/f.39032AFF0B9C80A7D793EE88796AE887.d.B9016E55D1ACBD0F13343F86257536FB.e.23867/text - {}
RESULT: {}
COMMAND: GET /session/d2ee73163e71edf45acf38a1abb82030/element/f.39032AFF0B9C80A7D793EE88796AE887.d.B9016E55D1ACBD0F13343F86257536FB.e.23868/text - {}
RESULT: {}
COMMAND: GET /session/d2ee73163e71edf45acf38a1abb82030/element/f.39032AFF0B9C80A7D793EE88796AE887.d.B9016E55D1ACBD0F13343F86257536FB.e.23869/text - {}
RESULT: {}
COMMAND: GET /session/d2ee73163e71edf45acf38a1abb82030/element/f.39032AFF0B9C80A7D793EE88796AE887.d.B9016E55D1ACBD0F13343F86257536FB.e.23870/text - {}
RESULT: {}
COMMAND: GET /session/d2ee73163e71edf45acf38a1abb82030/element/f.39032AFF0B9C80A7D793EE88796AE887.d.B9016E55D1ACBD0F13343F86257536FB.e.23218/text - {}
RESULT: {}
COMMAND: POST /session/d2ee73163e71edf45acf38a1abb82030/element - {"using":"xpath","value":"//tbody[contains(@id, \"customHandoversTable-tblBody\")]/tr[1]/td[14]/div/span"}
RESULT: {"using":"xpath","value":"//tbody[contains(@id, \"customHandoversTable-tblBody\")]/tr[1]/td[14]/div/span"}
COMMAND: POST /session/d2ee73163e71edf45acf38a1abb82030/execute/sync - {"script":"<script> [56 bytes]","args":[{"element-6066-11e4-a52e-4f735466cecf":"f.39032AFF0B9C80A7D793EE88796AE887.d.B9016E55D1ACBD0F13343F86257536FB.e.23912","ELEMENT":"f.39032AFF0B9C80A7D793EE88796AE887.d.B9016E55D1ACBD0F13343F86257536FB.e.23912"}]}
RESULT: {"script":"<script> [56 bytes]","args":[{"element-6066-11e4-a52e-4f735466cecf":"f.39032AFF0B9C80A7D793EE88796AE887.d.B9016E55D1ACBD0F13343F86257536FB.e.23912","ELEMENT":"f.39032AFF0B9C80A7D793EE88796AE887.d.B9016E55D1ACBD0F13343F86257536FB.e.23912"}]}
COMMAND: POST /session/d2ee73163e71edf45acf38a1abb82030/element - {"using":"css selector","value":"#shell-header-logo"}
COMMAND: GET /session/d2ee73163e71edf45acf38a1abb82030/screenshot - {}
RESULT: {"using":"css selector","value":"#shell-header-logo"}
COMMAND: POST /session/d2ee73163e71edf45acf38a1abb82030/element/f.39032AFF0B9C80A7D793EE88796AE887.d.B9016E55D1ACBD0F13343F86257536FB.e.22832/click - {}
RESULT: {}
RESULT: {}
COMMAND: GET /session/d2ee73163e71edf45acf38a1abb82030/screenshot - {}
RESULT: {}
]]></system-out>
    </testcase>
    <testcase classname="chrome.136_0_7103_93.windows.Billing_Calculation_-_Time_based_(considering_transport_times)_US139738" name="Should do another billing run but in around 17 days from today" time="62.248">
      <system-out><![CDATA[
RESULT: undefined
COMMAND: POST /session/d2ee73163e71edf45acf38a1abb82030/element - {"using":"xpath","value":"//*[@id=\"__tile51\"]"}
RESULT: {"using":"xpath","value":"//*[@id=\"__tile51\"]"}
COMMAND: POST /session/d2ee73163e71edf45acf38a1abb82030/element/f.39032AFF0B9C80A7D793EE88796AE887.d.B9016E55D1ACBD0F13343F86257536FB.e.18350/click - {}
RESULT: {}
COMMAND: GET /session/d2ee73163e71edf45acf38a1abb82030/screenshot - {}
RESULT: {}
COMMAND: POST /session/d2ee73163e71edf45acf38a1abb82030/elements - {"using":"xpath","value":"//span[text()='Error']"}
RESULT: {"using":"xpath","value":"//span[text()='Error']"}
RESULT: undefined
COMMAND: POST /session/d2ee73163e71edf45acf38a1abb82030/execute/async - {"script":"<script> [776 bytes]","args":[{"enterText":"10318","selector":{"id":"application-managebillings-display-component---billRunCalcResult--smartFilterBar-btnBasicSearch","interaction":{"idSuffix":"I"}},"clearTextFirst":true,"interactionType":"ENTER_TEXT"}]}
RESULT: {"script":"<script> [776 bytes]","args":[{"enterText":"10318","selector":{"id":"application-managebillings-display-component---billRunCalcResult--smartFilterBar-btnBasicSearch","interaction":{"idSuffix":"I"}},"clearTextFirst":true,"interactionType":"ENTER_TEXT"}]}
COMMAND: POST /session/d2ee73163e71edf45acf38a1abb82030/actions - {"actions":[{"id":"action90","type":"key","parameters":{},"actions":[{"type":"keyDown","value":"î€‡"},{"type":"pause","duration":10},{"type":"keyUp","value":"î€‡"}]}]}
RESULT: {"actions":[{"id":"action90","type":"key","parameters":{},"actions":[{"type":"keyDown","value":"î€‡"},{"type":"pause","duration":10},{"type":"keyUp","value":"î€‡"}]}]}
COMMAND: GET /session/d2ee73163e71edf45acf38a1abb82030/screenshot - {}
RESULT: {}
COMMAND: POST /session/d2ee73163e71edf45acf38a1abb82030/element - {"using":"xpath","value":"//td[@aria-colindex=\"1\"]/div/div[contains(@class, \"sapMCbBg\")]"}
RESULT: {"using":"xpath","value":"//td[@aria-colindex=\"1\"]/div/div[contains(@class, \"sapMCbBg\")]"}
COMMAND: POST /session/d2ee73163e71edf45acf38a1abb82030/element/f.39032AFF0B9C80A7D793EE88796AE887.d.B9016E55D1ACBD0F13343F86257536FB.e.24129/click - {}
RESULT: {}
COMMAND: GET /session/d2ee73163e71edf45acf38a1abb82030/screenshot - {}
RESULT: {}
RESULT: undefined
COMMAND: POST /session/d2ee73163e71edf45acf38a1abb82030/execute/async - {"script":"<script> [776 bytes]","args":[{"enterText":"6/2/25","selector":{"id":"application-managebillings-display-component---billRunCalcResult--contractBillRunDate","interaction":{"idSuffix":"inner"}},"clearTextFirst":true,"interactionType":"ENTER_TEXT"}]}
RESULT: {"script":"<script> [776 bytes]","args":[{"enterText":"6/2/25","selector":{"id":"application-managebillings-display-component---billRunCalcResult--contractBillRunDate","interaction":{"idSuffix":"inner"}},"clearTextFirst":true,"interactionType":"ENTER_TEXT"}]}
COMMAND: POST /session/d2ee73163e71edf45acf38a1abb82030/element - {"using":"xpath","value":"//bdi[contains(text(), \"Trigger Calculation\")]"}
RESULT: {"using":"xpath","value":"//bdi[contains(text(), \"Trigger Calculation\")]"}
COMMAND: POST /session/d2ee73163e71edf45acf38a1abb82030/element/f.39032AFF0B9C80A7D793EE88796AE887.d.B9016E55D1ACBD0F13343F86257536FB.e.24179/click - {}
RESULT: {}
COMMAND: GET /session/d2ee73163e71edf45acf38a1abb82030/screenshot - {}
RESULT: {}
COMMAND: POST /session/d2ee73163e71edf45acf38a1abb82030/element - {"using":"xpath","value":"(//span[contains(@id, \"imgNav\")])[1]"}
RESULT: {"using":"xpath","value":"(//span[contains(@id, \"imgNav\")])[1]"}
COMMAND: POST /session/d2ee73163e71edf45acf38a1abb82030/element/f.39032AFF0B9C80A7D793EE88796AE887.d.B9016E55D1ACBD0F13343F86257536FB.e.24130/click - {}
RESULT: {}
COMMAND: GET /session/d2ee73163e71edf45acf38a1abb82030/screenshot - {}
RESULT: {}
COMMAND: POST /session/d2ee73163e71edf45acf38a1abb82030/element - {"using":"xpath","value":"//tr/td[6]/div[1]/span[1]/span[1]"}
RESULT: {"using":"xpath","value":"//tr/td[6]/div[1]/span[1]/span[1]"}
COMMAND: GET /session/d2ee73163e71edf45acf38a1abb82030/element/f.39032AFF0B9C80A7D793EE88796AE887.d.B9016E55D1ACBD0F13343F86257536FB.e.24182/text - {}
RESULT: {}
COMMAND: POST /session/d2ee73163e71edf45acf38a1abb82030/element - {"using":"xpath","value":"(//span[contains(@id, \"imgNav\")])[2]"}
RESULT: {"using":"xpath","value":"(//span[contains(@id, \"imgNav\")])[2]"}
COMMAND: POST /session/d2ee73163e71edf45acf38a1abb82030/element/f.39032AFF0B9C80A7D793EE88796AE887.d.B9016E55D1ACBD0F13343F86257536FB.e.24183/click - {}
RESULT: {}
COMMAND: POST /session/d2ee73163e71edf45acf38a1abb82030/element - {"using":"xpath","value":"//bdi[contains(text(), \"Business Confirm\")]"}
COMMAND: GET /session/d2ee73163e71edf45acf38a1abb82030/screenshot - {}
RESULT: {"using":"xpath","value":"//bdi[contains(text(), \"Business Confirm\")]"}
COMMAND: POST /session/d2ee73163e71edf45acf38a1abb82030/elements - {"using":"xpath","value":"//bdi[contains(text(), \"Business Confirm\")]"}
RESULT: {}
RESULT: {"using":"xpath","value":"//bdi[contains(text(), \"Business Confirm\")]"}
COMMAND: POST /session/d2ee73163e71edf45acf38a1abb82030/element - {"using":"xpath","value":"//bdi[contains(text(), \"Business Confirm\")]"}
RESULT: {"using":"xpath","value":"//bdi[contains(text(), \"Business Confirm\")]"}
COMMAND: POST /session/d2ee73163e71edf45acf38a1abb82030/element/f.39032AFF0B9C80A7D793EE88796AE887.d.B9016E55D1ACBD0F13343F86257536FB.e.24249/click - {}
RESULT: {}
COMMAND: POST /session/d2ee73163e71edf45acf38a1abb82030/element - {"using":"css selector","value":"#shell-header-logo"}
COMMAND: GET /session/d2ee73163e71edf45acf38a1abb82030/screenshot - {}
RESULT: {"using":"css selector","value":"#shell-header-logo"}
COMMAND: POST /session/d2ee73163e71edf45acf38a1abb82030/element/f.39032AFF0B9C80A7D793EE88796AE887.d.B9016E55D1ACBD0F13343F86257536FB.e.23916/click - {}
RESULT: {}
RESULT: {}
COMMAND: GET /session/d2ee73163e71edf45acf38a1abb82030/screenshot - {}
RESULT: {}
]]></system-out>
    </testcase>
    <testcase classname="chrome.136_0_7103_93.windows.Billing_Calculation_-_Time_based_(considering_transport_times)_US139738" name="Should transfer the billing all the way to completion" time="73.393">
      <system-out><![CDATA[
RESULT: undefined
COMMAND: POST /session/d2ee73163e71edf45acf38a1abb82030/element - {"using":"xpath","value":"//*[@id=\"__tile50\"]"}
RESULT: {"using":"xpath","value":"//*[@id=\"__tile50\"]"}
COMMAND: POST /session/d2ee73163e71edf45acf38a1abb82030/element/f.39032AFF0B9C80A7D793EE88796AE887.d.B9016E55D1ACBD0F13343F86257536FB.e.18348/click - {}
RESULT: {}
COMMAND: GET /session/d2ee73163e71edf45acf38a1abb82030/screenshot - {}
RESULT: {}
COMMAND: POST /session/d2ee73163e71edf45acf38a1abb82030/elements - {"using":"xpath","value":"//span[text()='Error']"}
RESULT: {"using":"xpath","value":"//span[text()='Error']"}
COMMAND: POST /session/d2ee73163e71edf45acf38a1abb82030/element - {"using":"xpath","value":"//input[contains(@id ,\"application-billingtransfer-display-component---billingWorkbench--smartFilterBar-btnBasicSearch\")]"}
RESULT: {"using":"xpath","value":"//input[contains(@id ,\"application-billingtransfer-display-component---billingWorkbench--smartFilterBar-btnBasicSearch\")]"}
COMMAND: POST /session/d2ee73163e71edf45acf38a1abb82030/elements - {"using":"xpath","value":"//input[contains(@id ,\"application-billingtransfer-display-component---billingWorkbench--smartFilterBar-btnBasicSearch\")]"}
RESULT: {"using":"xpath","value":"//input[contains(@id ,\"application-billingtransfer-display-component---billingWorkbench--smartFilterBar-btnBasicSearch\")]"}
COMMAND: POST /session/d2ee73163e71edf45acf38a1abb82030/execute/sync - {"script":"<script> [8489 bytes]","args":[{"element-6066-11e4-a52e-4f735466cecf":"f.39032AFF0B9C80A7D793EE88796AE887.d.B9016E55D1ACBD0F13343F86257536FB.e.24260","ELEMENT":"f.39032AFF0B9C80A7D793EE88796AE887.d.B9016E55D1ACBD0F13343F86257536FB.e.24260"}]}
RESULT: {"script":"<script> [8489 bytes]","args":[{"element-6066-11e4-a52e-4f735466cecf":"f.39032AFF0B9C80A7D793EE88796AE887.d.B9016E55D1ACBD0F13343F86257536FB.e.24260","ELEMENT":"f.39032AFF0B9C80A7D793EE88796AE887.d.B9016E55D1ACBD0F13343F86257536FB.e.24260"}]}
COMMAND: GET /session/d2ee73163e71edf45acf38a1abb82030/element/f.39032AFF0B9C80A7D793EE88796AE887.d.B9016E55D1ACBD0F13343F86257536FB.e.24260/enabled - {}
COMMAND: GET /session/d2ee73163e71edf45acf38a1abb82030/screenshot - {}
RESULT: {}
COMMAND: POST /session/d2ee73163e71edf45acf38a1abb82030/element/f.39032AFF0B9C80A7D793EE88796AE887.d.B9016E55D1ACBD0F13343F86257536FB.e.24260/click - {}
COMMAND: GET /session/d2ee73163e71edf45acf38a1abb82030/screenshot - {}
RESULT: {}
RESULT: {}
COMMAND: GET /session/d2ee73163e71edf45acf38a1abb82030/screenshot - {}
RESULT: {}
RESULT: {}
COMMAND: POST /session/d2ee73163e71edf45acf38a1abb82030/element/f.39032AFF0B9C80A7D793EE88796AE887.d.B9016E55D1ACBD0F13343F86257536FB.e.24260/clear - {}
RESULT: {}
COMMAND: POST /session/d2ee73163e71edf45acf38a1abb82030/element/f.39032AFF0B9C80A7D793EE88796AE887.d.B9016E55D1ACBD0F13343F86257536FB.e.24260/value - {"text":"10318"}
COMMAND: GET /session/d2ee73163e71edf45acf38a1abb82030/screenshot - {}
RESULT: {"text":"10318"}
COMMAND: POST /session/d2ee73163e71edf45acf38a1abb82030/actions - {"actions":[{"id":"action91","type":"key","parameters":{},"actions":[{"type":"keyDown","value":"î€‡"},{"type":"pause","duration":10},{"type":"keyUp","value":"î€‡"}]}]}
COMMAND: GET /session/d2ee73163e71edf45acf38a1abb82030/screenshot - {}
RESULT: {}
RESULT: {"actions":[{"id":"action91","type":"key","parameters":{},"actions":[{"type":"keyDown","value":"î€‡"},{"type":"pause","duration":10},{"type":"keyUp","value":"î€‡"}]}]}
COMMAND: GET /session/d2ee73163e71edf45acf38a1abb82030/screenshot - {}
RESULT: {}
RESULT: {}
COMMAND: POST /session/d2ee73163e71edf45acf38a1abb82030/element - {"using":"xpath","value":"//span[contains(@id ,\"application-billingtransfer-display-component---billingWorkbench--smartTableBillingRuns-header-inner\")]"}
RESULT: {"using":"xpath","value":"//span[contains(@id ,\"application-billingtransfer-display-component---billingWorkbench--smartTableBillingRuns-header-inner\")]"}
COMMAND: POST /session/d2ee73163e71edf45acf38a1abb82030/elements - {"using":"xpath","value":"//span[contains(@id ,\"application-billingtransfer-display-component---billingWorkbench--smartTableBillingRuns-header-inner\")]"}
RESULT: {"using":"xpath","value":"//span[contains(@id ,\"application-billingtransfer-display-component---billingWorkbench--smartTableBillingRuns-header-inner\")]"}
COMMAND: POST /session/d2ee73163e71edf45acf38a1abb82030/execute/sync - {"script":"<script> [56 bytes]","args":[{"element-6066-11e4-a52e-4f735466cecf":"f.39032AFF0B9C80A7D793EE88796AE887.d.B9016E55D1ACBD0F13343F86257536FB.e.24598","ELEMENT":"f.39032AFF0B9C80A7D793EE88796AE887.d.B9016E55D1ACBD0F13343F86257536FB.e.24598"}]}
RESULT: {"script":"<script> [56 bytes]","args":[{"element-6066-11e4-a52e-4f735466cecf":"f.39032AFF0B9C80A7D793EE88796AE887.d.B9016E55D1ACBD0F13343F86257536FB.e.24598","ELEMENT":"f.39032AFF0B9C80A7D793EE88796AE887.d.B9016E55D1ACBD0F13343F86257536FB.e.24598"}]}
COMMAND: POST /session/d2ee73163e71edf45acf38a1abb82030/element - {"using":"xpath","value":"//td[@aria-colindex=\"1\"]/div/div[contains(@class, \"sapMCbBg\")]"}
COMMAND: GET /session/d2ee73163e71edf45acf38a1abb82030/screenshot - {}
RESULT: {"using":"xpath","value":"//td[@aria-colindex=\"1\"]/div/div[contains(@class, \"sapMCbBg\")]"}
COMMAND: POST /session/d2ee73163e71edf45acf38a1abb82030/element/f.39032AFF0B9C80A7D793EE88796AE887.d.B9016E55D1ACBD0F13343F86257536FB.e.24589/click - {}
RESULT: {}
RESULT: {}
COMMAND: GET /session/d2ee73163e71edf45acf38a1abb82030/screenshot - {}
RESULT: {}
COMMAND: POST /session/d2ee73163e71edf45acf38a1abb82030/element - {"using":"xpath","value":"//bdi[contains(text(), \"Check\")]"}
RESULT: {"using":"xpath","value":"//bdi[contains(text(), \"Check\")]"}
COMMAND: POST /session/d2ee73163e71edf45acf38a1abb82030/element/f.39032AFF0B9C80A7D793EE88796AE887.d.B9016E55D1ACBD0F13343F86257536FB.e.24599/click - {}
RESULT: {}
COMMAND: GET /session/d2ee73163e71edf45acf38a1abb82030/screenshot - {}
RESULT: {}
COMMAND: POST /session/d2ee73163e71edf45acf38a1abb82030/element - {"using":"xpath","value":"//bdi[contains(text(), \"OK\")]"}
RESULT: {"using":"xpath","value":"//bdi[contains(text(), \"OK\")]"}
COMMAND: POST /session/d2ee73163e71edf45acf38a1abb82030/element/f.39032AFF0B9C80A7D793EE88796AE887.d.B9016E55D1ACBD0F13343F86257536FB.e.24603/click - {}
RESULT: {}
COMMAND: GET /session/d2ee73163e71edf45acf38a1abb82030/screenshot - {}
RESULT: {}
COMMAND: POST /session/d2ee73163e71edf45acf38a1abb82030/element - {"using":"xpath","value":"(//span[contains(text(), \"CO/SD checked\")]/parent::div/preceding-sibling::div/span)[1]"}
RESULT: {"using":"xpath","value":"(//span[contains(text(), \"CO/SD checked\")]/parent::div/preceding-sibling::div/span)[1]"}
COMMAND: POST /session/d2ee73163e71edf45acf38a1abb82030/element/f.39032AFF0B9C80A7D793EE88796AE887.d.B9016E55D1ACBD0F13343F86257536FB.e.24604/click - {}
RESULT: {}
COMMAND: GET /session/d2ee73163e71edf45acf38a1abb82030/screenshot - {}
RESULT: {}
COMMAND: POST /session/d2ee73163e71edf45acf38a1abb82030/element - {"using":"xpath","value":"//input[contains(@id ,\"application-billingtransfer-display-component---billingWorkbench--smartFilterBar-btnBasicSearch\")]"}
RESULT: {"using":"xpath","value":"//input[contains(@id ,\"application-billingtransfer-display-component---billingWorkbench--smartFilterBar-btnBasicSearch\")]"}
COMMAND: POST /session/d2ee73163e71edf45acf38a1abb82030/elements - {"using":"xpath","value":"//input[contains(@id ,\"application-billingtransfer-display-component---billingWorkbench--smartFilterBar-btnBasicSearch\")]"}
RESULT: {"using":"xpath","value":"//input[contains(@id ,\"application-billingtransfer-display-component---billingWorkbench--smartFilterBar-btnBasicSearch\")]"}
COMMAND: POST /session/d2ee73163e71edf45acf38a1abb82030/execute/sync - {"script":"<script> [8489 bytes]","args":[{"element-6066-11e4-a52e-4f735466cecf":"f.39032AFF0B9C80A7D793EE88796AE887.d.B9016E55D1ACBD0F13343F86257536FB.e.24260","ELEMENT":"f.39032AFF0B9C80A7D793EE88796AE887.d.B9016E55D1ACBD0F13343F86257536FB.e.24260"}]}
RESULT: {"script":"<script> [8489 bytes]","args":[{"element-6066-11e4-a52e-4f735466cecf":"f.39032AFF0B9C80A7D793EE88796AE887.d.B9016E55D1ACBD0F13343F86257536FB.e.24260","ELEMENT":"f.39032AFF0B9C80A7D793EE88796AE887.d.B9016E55D1ACBD0F13343F86257536FB.e.24260"}]}
COMMAND: GET /session/d2ee73163e71edf45acf38a1abb82030/element/f.39032AFF0B9C80A7D793EE88796AE887.d.B9016E55D1ACBD0F13343F86257536FB.e.24260/enabled - {}
COMMAND: GET /session/d2ee73163e71edf45acf38a1abb82030/screenshot - {}
RESULT: {}
COMMAND: POST /session/d2ee73163e71edf45acf38a1abb82030/element/f.39032AFF0B9C80A7D793EE88796AE887.d.B9016E55D1ACBD0F13343F86257536FB.e.24260/click - {}
COMMAND: GET /session/d2ee73163e71edf45acf38a1abb82030/screenshot - {}
RESULT: {}
RESULT: {}
COMMAND: GET /session/d2ee73163e71edf45acf38a1abb82030/screenshot - {}
RESULT: {}
RESULT: {}
COMMAND: POST /session/d2ee73163e71edf45acf38a1abb82030/element/f.39032AFF0B9C80A7D793EE88796AE887.d.B9016E55D1ACBD0F13343F86257536FB.e.24260/clear - {}
RESULT: {}
COMMAND: POST /session/d2ee73163e71edf45acf38a1abb82030/element/f.39032AFF0B9C80A7D793EE88796AE887.d.B9016E55D1ACBD0F13343F86257536FB.e.24260/value - {"text":"10318"}
COMMAND: GET /session/d2ee73163e71edf45acf38a1abb82030/screenshot - {}
RESULT: {"text":"10318"}
COMMAND: POST /session/d2ee73163e71edf45acf38a1abb82030/actions - {"actions":[{"id":"action92","type":"key","parameters":{},"actions":[{"type":"keyDown","value":"î€‡"},{"type":"pause","duration":10},{"type":"keyUp","value":"î€‡"}]}]}
COMMAND: GET /session/d2ee73163e71edf45acf38a1abb82030/screenshot - {}
RESULT: {}
RESULT: {"actions":[{"id":"action92","type":"key","parameters":{},"actions":[{"type":"keyDown","value":"î€‡"},{"type":"pause","duration":10},{"type":"keyUp","value":"î€‡"}]}]}
COMMAND: GET /session/d2ee73163e71edf45acf38a1abb82030/screenshot - {}
RESULT: {}
RESULT: {}
COMMAND: POST /session/d2ee73163e71edf45acf38a1abb82030/element - {"using":"xpath","value":"//span[contains(@id ,\"application-billingtransfer-display-component---billingWorkbench--smartTableBillingRuns-header-inner\")]"}
RESULT: {"using":"xpath","value":"//span[contains(@id ,\"application-billingtransfer-display-component---billingWorkbench--smartTableBillingRuns-header-inner\")]"}
COMMAND: POST /session/d2ee73163e71edf45acf38a1abb82030/elements - {"using":"xpath","value":"//span[contains(@id ,\"application-billingtransfer-display-component---billingWorkbench--smartTableBillingRuns-header-inner\")]"}
RESULT: {"using":"xpath","value":"//span[contains(@id ,\"application-billingtransfer-display-component---billingWorkbench--smartTableBillingRuns-header-inner\")]"}
COMMAND: POST /session/d2ee73163e71edf45acf38a1abb82030/execute/sync - {"script":"<script> [56 bytes]","args":[{"element-6066-11e4-a52e-4f735466cecf":"f.39032AFF0B9C80A7D793EE88796AE887.d.B9016E55D1ACBD0F13343F86257536FB.e.24598","ELEMENT":"f.39032AFF0B9C80A7D793EE88796AE887.d.B9016E55D1ACBD0F13343F86257536FB.e.24598"}]}
RESULT: {"script":"<script> [56 bytes]","args":[{"element-6066-11e4-a52e-4f735466cecf":"f.39032AFF0B9C80A7D793EE88796AE887.d.B9016E55D1ACBD0F13343F86257536FB.e.24598","ELEMENT":"f.39032AFF0B9C80A7D793EE88796AE887.d.B9016E55D1ACBD0F13343F86257536FB.e.24598"}]}
COMMAND: POST /session/d2ee73163e71edf45acf38a1abb82030/element - {"using":"xpath","value":"//td[@aria-colindex=\"1\"]/div/div[contains(@class, \"sapMCbBg\")]"}
COMMAND: GET /session/d2ee73163e71edf45acf38a1abb82030/screenshot - {}
RESULT: {"using":"xpath","value":"//td[@aria-colindex=\"1\"]/div/div[contains(@class, \"sapMCbBg\")]"}
COMMAND: POST /session/d2ee73163e71edf45acf38a1abb82030/element/f.39032AFF0B9C80A7D793EE88796AE887.d.B9016E55D1ACBD0F13343F86257536FB.e.24607/click - {}
RESULT: {}
RESULT: {}
COMMAND: GET /session/d2ee73163e71edf45acf38a1abb82030/screenshot - {}
RESULT: {}
COMMAND: POST /session/d2ee73163e71edf45acf38a1abb82030/element - {"using":"xpath","value":"//bdi[text()=\"Transfer\"]"}
RESULT: {"using":"xpath","value":"//bdi[text()=\"Transfer\"]"}
COMMAND: POST /session/d2ee73163e71edf45acf38a1abb82030/element/f.39032AFF0B9C80A7D793EE88796AE887.d.B9016E55D1ACBD0F13343F86257536FB.e.24608/click - {}
RESULT: {}
COMMAND: GET /session/d2ee73163e71edf45acf38a1abb82030/screenshot - {}
RESULT: {}
COMMAND: POST /session/d2ee73163e71edf45acf38a1abb82030/element - {"using":"xpath","value":"//bdi[contains(text(), \"OK\")]"}
RESULT: {"using":"xpath","value":"//bdi[contains(text(), \"OK\")]"}
COMMAND: POST /session/d2ee73163e71edf45acf38a1abb82030/element/f.39032AFF0B9C80A7D793EE88796AE887.d.B9016E55D1ACBD0F13343F86257536FB.e.24611/click - {}
RESULT: {}
COMMAND: GET /session/d2ee73163e71edf45acf38a1abb82030/screenshot - {}
RESULT: {}
COMMAND: POST /session/d2ee73163e71edf45acf38a1abb82030/element - {"using":"xpath","value":"(//span[contains(text(), \"Completed\")]/parent::div/preceding-sibling::div/span)[1]"}
RESULT: {"using":"xpath","value":"(//span[contains(text(), \"Completed\")]/parent::div/preceding-sibling::div/span)[1]"}
COMMAND: POST /session/d2ee73163e71edf45acf38a1abb82030/element/f.39032AFF0B9C80A7D793EE88796AE887.d.B9016E55D1ACBD0F13343F86257536FB.e.24619/click - {}
RESULT: {}
COMMAND: POST /session/d2ee73163e71edf45acf38a1abb82030/element - {"using":"xpath","value":"//input[contains(@id ,\"application-billingtransfer-display-component---billingWorkbench--smartFilterBar-btnBasicSearch\")]"}
COMMAND: GET /session/d2ee73163e71edf45acf38a1abb82030/screenshot - {}
RESULT: {"using":"xpath","value":"//input[contains(@id ,\"application-billingtransfer-display-component---billingWorkbench--smartFilterBar-btnBasicSearch\")]"}
COMMAND: POST /session/d2ee73163e71edf45acf38a1abb82030/elements - {"using":"xpath","value":"//input[contains(@id ,\"application-billingtransfer-display-component---billingWorkbench--smartFilterBar-btnBasicSearch\")]"}
RESULT: {}
RESULT: {"using":"xpath","value":"//input[contains(@id ,\"application-billingtransfer-display-component---billingWorkbench--smartFilterBar-btnBasicSearch\")]"}
COMMAND: POST /session/d2ee73163e71edf45acf38a1abb82030/execute/sync - {"script":"<script> [8489 bytes]","args":[{"element-6066-11e4-a52e-4f735466cecf":"f.39032AFF0B9C80A7D793EE88796AE887.d.B9016E55D1ACBD0F13343F86257536FB.e.24260","ELEMENT":"f.39032AFF0B9C80A7D793EE88796AE887.d.B9016E55D1ACBD0F13343F86257536FB.e.24260"}]}
RESULT: {"script":"<script> [8489 bytes]","args":[{"element-6066-11e4-a52e-4f735466cecf":"f.39032AFF0B9C80A7D793EE88796AE887.d.B9016E55D1ACBD0F13343F86257536FB.e.24260","ELEMENT":"f.39032AFF0B9C80A7D793EE88796AE887.d.B9016E55D1ACBD0F13343F86257536FB.e.24260"}]}
COMMAND: GET /session/d2ee73163e71edf45acf38a1abb82030/element/f.39032AFF0B9C80A7D793EE88796AE887.d.B9016E55D1ACBD0F13343F86257536FB.e.24260/enabled - {}
COMMAND: GET /session/d2ee73163e71edf45acf38a1abb82030/screenshot - {}
RESULT: {}
COMMAND: POST /session/d2ee73163e71edf45acf38a1abb82030/element/f.39032AFF0B9C80A7D793EE88796AE887.d.B9016E55D1ACBD0F13343F86257536FB.e.24260/click - {}
COMMAND: GET /session/d2ee73163e71edf45acf38a1abb82030/screenshot - {}
RESULT: {}
RESULT: {}
COMMAND: GET /session/d2ee73163e71edf45acf38a1abb82030/screenshot - {}
RESULT: {}
RESULT: {}
COMMAND: POST /session/d2ee73163e71edf45acf38a1abb82030/element/f.39032AFF0B9C80A7D793EE88796AE887.d.B9016E55D1ACBD0F13343F86257536FB.e.24260/clear - {}
RESULT: {}
COMMAND: POST /session/d2ee73163e71edf45acf38a1abb82030/element/f.39032AFF0B9C80A7D793EE88796AE887.d.B9016E55D1ACBD0F13343F86257536FB.e.24260/value - {"text":"10318"}
COMMAND: GET /session/d2ee73163e71edf45acf38a1abb82030/screenshot - {}
RESULT: {"text":"10318"}
COMMAND: POST /session/d2ee73163e71edf45acf38a1abb82030/actions - {"actions":[{"id":"action93","type":"key","parameters":{},"actions":[{"type":"keyDown","value":"î€‡"},{"type":"pause","duration":10},{"type":"keyUp","value":"î€‡"}]}]}
COMMAND: GET /session/d2ee73163e71edf45acf38a1abb82030/screenshot - {}
RESULT: {}
RESULT: {"actions":[{"id":"action93","type":"key","parameters":{},"actions":[{"type":"keyDown","value":"î€‡"},{"type":"pause","duration":10},{"type":"keyUp","value":"î€‡"}]}]}
COMMAND: GET /session/d2ee73163e71edf45acf38a1abb82030/screenshot - {}
RESULT: {}
RESULT: {}
COMMAND: POST /session/d2ee73163e71edf45acf38a1abb82030/element - {"using":"xpath","value":"//span[contains(@id ,\"application-billingtransfer-display-component---billingWorkbench--smartTableBillingRuns-header-inner\")]"}
RESULT: {"using":"xpath","value":"//span[contains(@id ,\"application-billingtransfer-display-component---billingWorkbench--smartTableBillingRuns-header-inner\")]"}
COMMAND: POST /session/d2ee73163e71edf45acf38a1abb82030/elements - {"using":"xpath","value":"//span[contains(@id ,\"application-billingtransfer-display-component---billingWorkbench--smartTableBillingRuns-header-inner\")]"}
RESULT: {"using":"xpath","value":"//span[contains(@id ,\"application-billingtransfer-display-component---billingWorkbench--smartTableBillingRuns-header-inner\")]"}
COMMAND: POST /session/d2ee73163e71edf45acf38a1abb82030/execute/sync - {"script":"<script> [56 bytes]","args":[{"element-6066-11e4-a52e-4f735466cecf":"f.39032AFF0B9C80A7D793EE88796AE887.d.B9016E55D1ACBD0F13343F86257536FB.e.24598","ELEMENT":"f.39032AFF0B9C80A7D793EE88796AE887.d.B9016E55D1ACBD0F13343F86257536FB.e.24598"}]}
RESULT: {"script":"<script> [56 bytes]","args":[{"element-6066-11e4-a52e-4f735466cecf":"f.39032AFF0B9C80A7D793EE88796AE887.d.B9016E55D1ACBD0F13343F86257536FB.e.24598","ELEMENT":"f.39032AFF0B9C80A7D793EE88796AE887.d.B9016E55D1ACBD0F13343F86257536FB.e.24598"}]}
COMMAND: POST /session/d2ee73163e71edf45acf38a1abb82030/element - {"using":"css selector","value":"#shell-header-logo"}
COMMAND: GET /session/d2ee73163e71edf45acf38a1abb82030/screenshot - {}
RESULT: {"using":"css selector","value":"#shell-header-logo"}
COMMAND: POST /session/d2ee73163e71edf45acf38a1abb82030/element/f.39032AFF0B9C80A7D793EE88796AE887.d.B9016E55D1ACBD0F13343F86257536FB.e.24258/click - {}
RESULT: {}
RESULT: {}
COMMAND: GET /session/d2ee73163e71edf45acf38a1abb82030/screenshot - {}
RESULT: {}
]]></system-out>
    </testcase>
    <testcase classname="chrome.136_0_7103_93.windows.Billing_Calculation_-_Time_based_(considering_transport_times)_US139738" name="Should do another billing run but in around 25 days from today" time="64.974">
      <system-out><![CDATA[
RESULT: undefined
COMMAND: POST /session/d2ee73163e71edf45acf38a1abb82030/element - {"using":"xpath","value":"//*[@id=\"__tile51\"]"}
RESULT: {"using":"xpath","value":"//*[@id=\"__tile51\"]"}
COMMAND: POST /session/d2ee73163e71edf45acf38a1abb82030/element/f.39032AFF0B9C80A7D793EE88796AE887.d.B9016E55D1ACBD0F13343F86257536FB.e.18350/click - {}
RESULT: {}
COMMAND: GET /session/d2ee73163e71edf45acf38a1abb82030/screenshot - {}
RESULT: {}
COMMAND: POST /session/d2ee73163e71edf45acf38a1abb82030/elements - {"using":"xpath","value":"//span[text()='Error']"}
RESULT: {"using":"xpath","value":"//span[text()='Error']"}
RESULT: undefined
COMMAND: POST /session/d2ee73163e71edf45acf38a1abb82030/execute/async - {"script":"<script> [776 bytes]","args":[{"enterText":"10318","selector":{"id":"application-managebillings-display-component---billRunCalcResult--smartFilterBar-btnBasicSearch","interaction":{"idSuffix":"I"}},"clearTextFirst":true,"interactionType":"ENTER_TEXT"}]}
RESULT: {"script":"<script> [776 bytes]","args":[{"enterText":"10318","selector":{"id":"application-managebillings-display-component---billRunCalcResult--smartFilterBar-btnBasicSearch","interaction":{"idSuffix":"I"}},"clearTextFirst":true,"interactionType":"ENTER_TEXT"}]}
COMMAND: POST /session/d2ee73163e71edf45acf38a1abb82030/actions - {"actions":[{"id":"action94","type":"key","parameters":{},"actions":[{"type":"keyDown","value":"î€‡"},{"type":"pause","duration":10},{"type":"keyUp","value":"î€‡"}]}]}
RESULT: {"actions":[{"id":"action94","type":"key","parameters":{},"actions":[{"type":"keyDown","value":"î€‡"},{"type":"pause","duration":10},{"type":"keyUp","value":"î€‡"}]}]}
COMMAND: GET /session/d2ee73163e71edf45acf38a1abb82030/screenshot - {}
RESULT: {}
COMMAND: POST /session/d2ee73163e71edf45acf38a1abb82030/element - {"using":"xpath","value":"//td[@aria-colindex=\"1\"]/div/div[contains(@class, \"sapMCbBg\")]"}
RESULT: {"using":"xpath","value":"//td[@aria-colindex=\"1\"]/div/div[contains(@class, \"sapMCbBg\")]"}
COMMAND: POST /session/d2ee73163e71edf45acf38a1abb82030/element/f.39032AFF0B9C80A7D793EE88796AE887.d.B9016E55D1ACBD0F13343F86257536FB.e.24833/click - {}
RESULT: {}
COMMAND: GET /session/d2ee73163e71edf45acf38a1abb82030/screenshot - {}
RESULT: {}
RESULT: undefined
COMMAND: POST /session/d2ee73163e71edf45acf38a1abb82030/execute/async - {"script":"<script> [776 bytes]","args":[{"enterText":"6/10/25","selector":{"id":"application-managebillings-display-component---billRunCalcResult--contractBillRunDate","interaction":{"idSuffix":"inner"}},"clearTextFirst":true,"interactionType":"ENTER_TEXT"}]}
RESULT: {"script":"<script> [776 bytes]","args":[{"enterText":"6/10/25","selector":{"id":"application-managebillings-display-component---billRunCalcResult--contractBillRunDate","interaction":{"idSuffix":"inner"}},"clearTextFirst":true,"interactionType":"ENTER_TEXT"}]}
COMMAND: POST /session/d2ee73163e71edf45acf38a1abb82030/element - {"using":"xpath","value":"//bdi[contains(text(), \"Trigger Calculation\")]"}
RESULT: {"using":"xpath","value":"//bdi[contains(text(), \"Trigger Calculation\")]"}
COMMAND: POST /session/d2ee73163e71edf45acf38a1abb82030/element/f.39032AFF0B9C80A7D793EE88796AE887.d.B9016E55D1ACBD0F13343F86257536FB.e.24889/click - {}
RESULT: {}
COMMAND: GET /session/d2ee73163e71edf45acf38a1abb82030/screenshot - {}
RESULT: {}
COMMAND: POST /session/d2ee73163e71edf45acf38a1abb82030/element - {"using":"xpath","value":"(//span[contains(@id, \"imgNav\")])[1]"}
RESULT: {"using":"xpath","value":"(//span[contains(@id, \"imgNav\")])[1]"}
COMMAND: POST /session/d2ee73163e71edf45acf38a1abb82030/element/f.39032AFF0B9C80A7D793EE88796AE887.d.B9016E55D1ACBD0F13343F86257536FB.e.24834/click - {}
RESULT: {}
COMMAND: GET /session/d2ee73163e71edf45acf38a1abb82030/screenshot - {}
RESULT: {}
COMMAND: POST /session/d2ee73163e71edf45acf38a1abb82030/element - {"using":"xpath","value":"//tr/td[6]/div[1]/span[1]/span[1]"}
RESULT: {"using":"xpath","value":"//tr/td[6]/div[1]/span[1]/span[1]"}
COMMAND: GET /session/d2ee73163e71edf45acf38a1abb82030/element/f.39032AFF0B9C80A7D793EE88796AE887.d.B9016E55D1ACBD0F13343F86257536FB.e.24894/text - {}
RESULT: {}
COMMAND: POST /session/d2ee73163e71edf45acf38a1abb82030/element - {"using":"xpath","value":"(//span[contains(@id, \"imgNav\")])[2]"}
RESULT: {"using":"xpath","value":"(//span[contains(@id, \"imgNav\")])[2]"}
COMMAND: POST /session/d2ee73163e71edf45acf38a1abb82030/element/f.39032AFF0B9C80A7D793EE88796AE887.d.B9016E55D1ACBD0F13343F86257536FB.e.24895/click - {}
RESULT: {}
COMMAND: POST /session/d2ee73163e71edf45acf38a1abb82030/element - {"using":"xpath","value":"//bdi[contains(text(), \"Business Confirm\")]"}
COMMAND: GET /session/d2ee73163e71edf45acf38a1abb82030/screenshot - {}
RESULT: {"using":"xpath","value":"//bdi[contains(text(), \"Business Confirm\")]"}
COMMAND: POST /session/d2ee73163e71edf45acf38a1abb82030/elements - {"using":"xpath","value":"//bdi[contains(text(), \"Business Confirm\")]"}
RESULT: {}
RESULT: {"using":"xpath","value":"//bdi[contains(text(), \"Business Confirm\")]"}
COMMAND: POST /session/d2ee73163e71edf45acf38a1abb82030/elements - {"using":"xpath","value":"//bdi[contains(text(), \"Business Confirm\")]"}
RESULT: {"using":"xpath","value":"//bdi[contains(text(), \"Business Confirm\")]"}
COMMAND: POST /session/d2ee73163e71edf45acf38a1abb82030/element - {"using":"xpath","value":"//bdi[contains(text(), \"Business Confirm\")]"}
RESULT: {"using":"xpath","value":"//bdi[contains(text(), \"Business Confirm\")]"}
COMMAND: POST /session/d2ee73163e71edf45acf38a1abb82030/element/f.39032AFF0B9C80A7D793EE88796AE887.d.B9016E55D1ACBD0F13343F86257536FB.e.24934/click - {}
RESULT: {}
COMMAND: POST /session/d2ee73163e71edf45acf38a1abb82030/element - {"using":"css selector","value":"#shell-header-logo"}
COMMAND: GET /session/d2ee73163e71edf45acf38a1abb82030/screenshot - {}
RESULT: {"using":"css selector","value":"#shell-header-logo"}
COMMAND: POST /session/d2ee73163e71edf45acf38a1abb82030/element/f.39032AFF0B9C80A7D793EE88796AE887.d.B9016E55D1ACBD0F13343F86257536FB.e.24626/click - {}
RESULT: {}
RESULT: {}
COMMAND: GET /session/d2ee73163e71edf45acf38a1abb82030/screenshot - {}
RESULT: {}
]]></system-out>
    </testcase>
    <testcase classname="chrome.136_0_7103_93.windows.Billing_Calculation_-_Time_based_(considering_transport_times)_US139738" name="Should transfer the billing all the way to completion" time="85.728">
      <system-out><![CDATA[
RESULT: undefined
COMMAND: POST /session/d2ee73163e71edf45acf38a1abb82030/element - {"using":"xpath","value":"//*[@id=\"__tile50\"]"}
RESULT: {"using":"xpath","value":"//*[@id=\"__tile50\"]"}
COMMAND: POST /session/d2ee73163e71edf45acf38a1abb82030/element/f.39032AFF0B9C80A7D793EE88796AE887.d.B9016E55D1ACBD0F13343F86257536FB.e.18348/click - {}
RESULT: {}
COMMAND: GET /session/d2ee73163e71edf45acf38a1abb82030/screenshot - {}
RESULT: {}
COMMAND: POST /session/d2ee73163e71edf45acf38a1abb82030/elements - {"using":"xpath","value":"//span[text()='Error']"}
RESULT: {"using":"xpath","value":"//span[text()='Error']"}
COMMAND: POST /session/d2ee73163e71edf45acf38a1abb82030/element - {"using":"xpath","value":"//input[contains(@id ,\"application-billingtransfer-display-component---billingWorkbench--smartFilterBar-btnBasicSearch\")]"}
RESULT: {"using":"xpath","value":"//input[contains(@id ,\"application-billingtransfer-display-component---billingWorkbench--smartFilterBar-btnBasicSearch\")]"}
COMMAND: POST /session/d2ee73163e71edf45acf38a1abb82030/elements - {"using":"xpath","value":"//input[contains(@id ,\"application-billingtransfer-display-component---billingWorkbench--smartFilterBar-btnBasicSearch\")]"}
RESULT: {"using":"xpath","value":"//input[contains(@id ,\"application-billingtransfer-display-component---billingWorkbench--smartFilterBar-btnBasicSearch\")]"}
COMMAND: POST /session/d2ee73163e71edf45acf38a1abb82030/execute/sync - {"script":"<script> [8489 bytes]","args":[{"element-6066-11e4-a52e-4f735466cecf":"f.39032AFF0B9C80A7D793EE88796AE887.d.B9016E55D1ACBD0F13343F86257536FB.e.24962","ELEMENT":"f.39032AFF0B9C80A7D793EE88796AE887.d.B9016E55D1ACBD0F13343F86257536FB.e.24962"}]}
RESULT: {"script":"<script> [8489 bytes]","args":[{"element-6066-11e4-a52e-4f735466cecf":"f.39032AFF0B9C80A7D793EE88796AE887.d.B9016E55D1ACBD0F13343F86257536FB.e.24962","ELEMENT":"f.39032AFF0B9C80A7D793EE88796AE887.d.B9016E55D1ACBD0F13343F86257536FB.e.24962"}]}
COMMAND: GET /session/d2ee73163e71edf45acf38a1abb82030/element/f.39032AFF0B9C80A7D793EE88796AE887.d.B9016E55D1ACBD0F13343F86257536FB.e.24962/enabled - {}
COMMAND: GET /session/d2ee73163e71edf45acf38a1abb82030/screenshot - {}
RESULT: {}
COMMAND: POST /session/d2ee73163e71edf45acf38a1abb82030/element/f.39032AFF0B9C80A7D793EE88796AE887.d.B9016E55D1ACBD0F13343F86257536FB.e.24962/click - {}
COMMAND: GET /session/d2ee73163e71edf45acf38a1abb82030/screenshot - {}
RESULT: {}
RESULT: {}
COMMAND: GET /session/d2ee73163e71edf45acf38a1abb82030/screenshot - {}
RESULT: {}
RESULT: {}
COMMAND: POST /session/d2ee73163e71edf45acf38a1abb82030/element/f.39032AFF0B9C80A7D793EE88796AE887.d.B9016E55D1ACBD0F13343F86257536FB.e.24962/clear - {}
RESULT: {}
COMMAND: POST /session/d2ee73163e71edf45acf38a1abb82030/element/f.39032AFF0B9C80A7D793EE88796AE887.d.B9016E55D1ACBD0F13343F86257536FB.e.24962/value - {"text":"10318"}
COMMAND: GET /session/d2ee73163e71edf45acf38a1abb82030/screenshot - {}
RESULT: {"text":"10318"}
COMMAND: POST /session/d2ee73163e71edf45acf38a1abb82030/actions - {"actions":[{"id":"action95","type":"key","parameters":{},"actions":[{"type":"keyDown","value":"î€‡"},{"type":"pause","duration":10},{"type":"keyUp","value":"î€‡"}]}]}
COMMAND: GET /session/d2ee73163e71edf45acf38a1abb82030/screenshot - {}
RESULT: {}
RESULT: {"actions":[{"id":"action95","type":"key","parameters":{},"actions":[{"type":"keyDown","value":"î€‡"},{"type":"pause","duration":10},{"type":"keyUp","value":"î€‡"}]}]}
COMMAND: GET /session/d2ee73163e71edf45acf38a1abb82030/screenshot - {}
RESULT: {}
RESULT: {}
COMMAND: POST /session/d2ee73163e71edf45acf38a1abb82030/element - {"using":"xpath","value":"//span[contains(@id ,\"application-billingtransfer-display-component---billingWorkbench--smartTableBillingRuns-header-inner\")]"}
RESULT: {"using":"xpath","value":"//span[contains(@id ,\"application-billingtransfer-display-component---billingWorkbench--smartTableBillingRuns-header-inner\")]"}
COMMAND: POST /session/d2ee73163e71edf45acf38a1abb82030/elements - {"using":"xpath","value":"//span[contains(@id ,\"application-billingtransfer-display-component---billingWorkbench--smartTableBillingRuns-header-inner\")]"}
RESULT: {"using":"xpath","value":"//span[contains(@id ,\"application-billingtransfer-display-component---billingWorkbench--smartTableBillingRuns-header-inner\")]"}
COMMAND: POST /session/d2ee73163e71edf45acf38a1abb82030/execute/sync - {"script":"<script> [56 bytes]","args":[{"element-6066-11e4-a52e-4f735466cecf":"f.39032AFF0B9C80A7D793EE88796AE887.d.B9016E55D1ACBD0F13343F86257536FB.e.25124","ELEMENT":"f.39032AFF0B9C80A7D793EE88796AE887.d.B9016E55D1ACBD0F13343F86257536FB.e.25124"}]}
RESULT: {"script":"<script> [56 bytes]","args":[{"element-6066-11e4-a52e-4f735466cecf":"f.39032AFF0B9C80A7D793EE88796AE887.d.B9016E55D1ACBD0F13343F86257536FB.e.25124","ELEMENT":"f.39032AFF0B9C80A7D793EE88796AE887.d.B9016E55D1ACBD0F13343F86257536FB.e.25124"}]}
COMMAND: POST /session/d2ee73163e71edf45acf38a1abb82030/element - {"using":"xpath","value":"//td[@aria-colindex=\"1\"]/div/div[contains(@class, \"sapMCbBg\")]"}
COMMAND: GET /session/d2ee73163e71edf45acf38a1abb82030/screenshot - {}
RESULT: {"using":"xpath","value":"//td[@aria-colindex=\"1\"]/div/div[contains(@class, \"sapMCbBg\")]"}
COMMAND: POST /session/d2ee73163e71edf45acf38a1abb82030/element/f.39032AFF0B9C80A7D793EE88796AE887.d.B9016E55D1ACBD0F13343F86257536FB.e.25068/click - {}
RESULT: {}
RESULT: {}
COMMAND: GET /session/d2ee73163e71edf45acf38a1abb82030/screenshot - {}
RESULT: {}
COMMAND: POST /session/d2ee73163e71edf45acf38a1abb82030/element - {"using":"xpath","value":"//bdi[contains(text(), \"Check\")]"}
RESULT: {"using":"xpath","value":"//bdi[contains(text(), \"Check\")]"}
COMMAND: POST /session/d2ee73163e71edf45acf38a1abb82030/element/f.39032AFF0B9C80A7D793EE88796AE887.d.B9016E55D1ACBD0F13343F86257536FB.e.25125/click - {}
RESULT: {}
COMMAND: GET /session/d2ee73163e71edf45acf38a1abb82030/screenshot - {}
RESULT: {}
COMMAND: POST /session/d2ee73163e71edf45acf38a1abb82030/element - {"using":"xpath","value":"//bdi[contains(text(), \"OK\")]"}
RESULT: {"using":"xpath","value":"//bdi[contains(text(), \"OK\")]"}
COMMAND: POST /session/d2ee73163e71edf45acf38a1abb82030/element/f.39032AFF0B9C80A7D793EE88796AE887.d.B9016E55D1ACBD0F13343F86257536FB.e.25129/click - {}
RESULT: {}
COMMAND: GET /session/d2ee73163e71edf45acf38a1abb82030/screenshot - {}
RESULT: {}
COMMAND: POST /session/d2ee73163e71edf45acf38a1abb82030/element - {"using":"xpath","value":"(//span[contains(text(), \"CO/SD checked\")]/parent::div/preceding-sibling::div/span)[1]"}
RESULT: {"using":"xpath","value":"(//span[contains(text(), \"CO/SD checked\")]/parent::div/preceding-sibling::div/span)[1]"}
COMMAND: POST /session/d2ee73163e71edf45acf38a1abb82030/element/f.39032AFF0B9C80A7D793EE88796AE887.d.B9016E55D1ACBD0F13343F86257536FB.e.25130/click - {}
RESULT: {}
COMMAND: GET /session/d2ee73163e71edf45acf38a1abb82030/screenshot - {}
RESULT: {}
COMMAND: POST /session/d2ee73163e71edf45acf38a1abb82030/element - {"using":"xpath","value":"//input[contains(@id ,\"application-billingtransfer-display-component---billingWorkbench--smartFilterBar-btnBasicSearch\")]"}
RESULT: {"using":"xpath","value":"//input[contains(@id ,\"application-billingtransfer-display-component---billingWorkbench--smartFilterBar-btnBasicSearch\")]"}
COMMAND: POST /session/d2ee73163e71edf45acf38a1abb82030/elements - {"using":"xpath","value":"//input[contains(@id ,\"application-billingtransfer-display-component---billingWorkbench--smartFilterBar-btnBasicSearch\")]"}
RESULT: {"using":"xpath","value":"//input[contains(@id ,\"application-billingtransfer-display-component---billingWorkbench--smartFilterBar-btnBasicSearch\")]"}
COMMAND: POST /session/d2ee73163e71edf45acf38a1abb82030/execute/sync - {"script":"<script> [8489 bytes]","args":[{"element-6066-11e4-a52e-4f735466cecf":"f.39032AFF0B9C80A7D793EE88796AE887.d.B9016E55D1ACBD0F13343F86257536FB.e.24962","ELEMENT":"f.39032AFF0B9C80A7D793EE88796AE887.d.B9016E55D1ACBD0F13343F86257536FB.e.24962"}]}
RESULT: {"script":"<script> [8489 bytes]","args":[{"element-6066-11e4-a52e-4f735466cecf":"f.39032AFF0B9C80A7D793EE88796AE887.d.B9016E55D1ACBD0F13343F86257536FB.e.24962","ELEMENT":"f.39032AFF0B9C80A7D793EE88796AE887.d.B9016E55D1ACBD0F13343F86257536FB.e.24962"}]}
COMMAND: GET /session/d2ee73163e71edf45acf38a1abb82030/element/f.39032AFF0B9C80A7D793EE88796AE887.d.B9016E55D1ACBD0F13343F86257536FB.e.24962/enabled - {}
COMMAND: GET /session/d2ee73163e71edf45acf38a1abb82030/screenshot - {}
RESULT: {}
COMMAND: POST /session/d2ee73163e71edf45acf38a1abb82030/element/f.39032AFF0B9C80A7D793EE88796AE887.d.B9016E55D1ACBD0F13343F86257536FB.e.24962/click - {}
COMMAND: GET /session/d2ee73163e71edf45acf38a1abb82030/screenshot - {}
RESULT: {}
RESULT: {}
COMMAND: GET /session/d2ee73163e71edf45acf38a1abb82030/screenshot - {}
RESULT: {}
RESULT: {}
COMMAND: POST /session/d2ee73163e71edf45acf38a1abb82030/element/f.39032AFF0B9C80A7D793EE88796AE887.d.B9016E55D1ACBD0F13343F86257536FB.e.24962/clear - {}
RESULT: {}
COMMAND: POST /session/d2ee73163e71edf45acf38a1abb82030/element/f.39032AFF0B9C80A7D793EE88796AE887.d.B9016E55D1ACBD0F13343F86257536FB.e.24962/value - {"text":"10318"}
COMMAND: GET /session/d2ee73163e71edf45acf38a1abb82030/screenshot - {}
RESULT: {"text":"10318"}
COMMAND: POST /session/d2ee73163e71edf45acf38a1abb82030/actions - {"actions":[{"id":"action96","type":"key","parameters":{},"actions":[{"type":"keyDown","value":"î€‡"},{"type":"pause","duration":10},{"type":"keyUp","value":"î€‡"}]}]}
COMMAND: GET /session/d2ee73163e71edf45acf38a1abb82030/screenshot - {}
RESULT: {}
RESULT: {"actions":[{"id":"action96","type":"key","parameters":{},"actions":[{"type":"keyDown","value":"î€‡"},{"type":"pause","duration":10},{"type":"keyUp","value":"î€‡"}]}]}
COMMAND: GET /session/d2ee73163e71edf45acf38a1abb82030/screenshot - {}
RESULT: {}
RESULT: {}
COMMAND: POST /session/d2ee73163e71edf45acf38a1abb82030/element - {"using":"xpath","value":"//span[contains(@id ,\"application-billingtransfer-display-component---billingWorkbench--smartTableBillingRuns-header-inner\")]"}
RESULT: {"using":"xpath","value":"//span[contains(@id ,\"application-billingtransfer-display-component---billingWorkbench--smartTableBillingRuns-header-inner\")]"}
COMMAND: POST /session/d2ee73163e71edf45acf38a1abb82030/elements - {"using":"xpath","value":"//span[contains(@id ,\"application-billingtransfer-display-component---billingWorkbench--smartTableBillingRuns-header-inner\")]"}
RESULT: {"using":"xpath","value":"//span[contains(@id ,\"application-billingtransfer-display-component---billingWorkbench--smartTableBillingRuns-header-inner\")]"}
COMMAND: POST /session/d2ee73163e71edf45acf38a1abb82030/execute/sync - {"script":"<script> [56 bytes]","args":[{"element-6066-11e4-a52e-4f735466cecf":"f.39032AFF0B9C80A7D793EE88796AE887.d.B9016E55D1ACBD0F13343F86257536FB.e.25124","ELEMENT":"f.39032AFF0B9C80A7D793EE88796AE887.d.B9016E55D1ACBD0F13343F86257536FB.e.25124"}]}
RESULT: {"script":"<script> [56 bytes]","args":[{"element-6066-11e4-a52e-4f735466cecf":"f.39032AFF0B9C80A7D793EE88796AE887.d.B9016E55D1ACBD0F13343F86257536FB.e.25124","ELEMENT":"f.39032AFF0B9C80A7D793EE88796AE887.d.B9016E55D1ACBD0F13343F86257536FB.e.25124"}]}
COMMAND: POST /session/d2ee73163e71edf45acf38a1abb82030/element - {"using":"xpath","value":"//td[@aria-colindex=\"1\"]/div/div[contains(@class, \"sapMCbBg\")]"}
COMMAND: GET /session/d2ee73163e71edf45acf38a1abb82030/screenshot - {}
RESULT: {"using":"xpath","value":"//td[@aria-colindex=\"1\"]/div/div[contains(@class, \"sapMCbBg\")]"}
COMMAND: POST /session/d2ee73163e71edf45acf38a1abb82030/element/f.39032AFF0B9C80A7D793EE88796AE887.d.B9016E55D1ACBD0F13343F86257536FB.e.25133/click - {}
RESULT: {}
RESULT: {}
COMMAND: GET /session/d2ee73163e71edf45acf38a1abb82030/screenshot - {}
RESULT: {}
COMMAND: POST /session/d2ee73163e71edf45acf38a1abb82030/element - {"using":"xpath","value":"//bdi[text()=\"Transfer\"]"}
RESULT: {"using":"xpath","value":"//bdi[text()=\"Transfer\"]"}
COMMAND: POST /session/d2ee73163e71edf45acf38a1abb82030/element/f.39032AFF0B9C80A7D793EE88796AE887.d.B9016E55D1ACBD0F13343F86257536FB.e.25134/click - {}
RESULT: {}
COMMAND: GET /session/d2ee73163e71edf45acf38a1abb82030/screenshot - {}
RESULT: {}
COMMAND: POST /session/d2ee73163e71edf45acf38a1abb82030/element - {"using":"xpath","value":"//bdi[contains(text(), \"OK\")]"}
RESULT: {"using":"xpath","value":"//bdi[contains(text(), \"OK\")]"}
COMMAND: POST /session/d2ee73163e71edf45acf38a1abb82030/element/f.39032AFF0B9C80A7D793EE88796AE887.d.B9016E55D1ACBD0F13343F86257536FB.e.25137/click - {}
RESULT: {}
COMMAND: GET /session/d2ee73163e71edf45acf38a1abb82030/screenshot - {}
RESULT: {}
COMMAND: POST /session/d2ee73163e71edf45acf38a1abb82030/element - {"using":"xpath","value":"(//span[contains(text(), \"Completed\")]/parent::div/preceding-sibling::div/span)[1]"}
RESULT: {"using":"xpath","value":"(//span[contains(text(), \"Completed\")]/parent::div/preceding-sibling::div/span)[1]"}
COMMAND: POST /session/d2ee73163e71edf45acf38a1abb82030/element/f.39032AFF0B9C80A7D793EE88796AE887.d.B9016E55D1ACBD0F13343F86257536FB.e.25145/click - {}
RESULT: {}
COMMAND: POST /session/d2ee73163e71edf45acf38a1abb82030/element - {"using":"xpath","value":"//input[contains(@id ,\"application-billingtransfer-display-component---billingWorkbench--smartFilterBar-btnBasicSearch\")]"}
COMMAND: GET /session/d2ee73163e71edf45acf38a1abb82030/screenshot - {}
RESULT: {"using":"xpath","value":"//input[contains(@id ,\"application-billingtransfer-display-component---billingWorkbench--smartFilterBar-btnBasicSearch\")]"}
COMMAND: POST /session/d2ee73163e71edf45acf38a1abb82030/elements - {"using":"xpath","value":"//input[contains(@id ,\"application-billingtransfer-display-component---billingWorkbench--smartFilterBar-btnBasicSearch\")]"}
RESULT: {}
RESULT: {"using":"xpath","value":"//input[contains(@id ,\"application-billingtransfer-display-component---billingWorkbench--smartFilterBar-btnBasicSearch\")]"}
COMMAND: POST /session/d2ee73163e71edf45acf38a1abb82030/execute/sync - {"script":"<script> [8489 bytes]","args":[{"element-6066-11e4-a52e-4f735466cecf":"f.39032AFF0B9C80A7D793EE88796AE887.d.B9016E55D1ACBD0F13343F86257536FB.e.24962","ELEMENT":"f.39032AFF0B9C80A7D793EE88796AE887.d.B9016E55D1ACBD0F13343F86257536FB.e.24962"}]}
RESULT: {"script":"<script> [8489 bytes]","args":[{"element-6066-11e4-a52e-4f735466cecf":"f.39032AFF0B9C80A7D793EE88796AE887.d.B9016E55D1ACBD0F13343F86257536FB.e.24962","ELEMENT":"f.39032AFF0B9C80A7D793EE88796AE887.d.B9016E55D1ACBD0F13343F86257536FB.e.24962"}]}
COMMAND: GET /session/d2ee73163e71edf45acf38a1abb82030/element/f.39032AFF0B9C80A7D793EE88796AE887.d.B9016E55D1ACBD0F13343F86257536FB.e.24962/enabled - {}
COMMAND: GET /session/d2ee73163e71edf45acf38a1abb82030/screenshot - {}
RESULT: {}
COMMAND: POST /session/d2ee73163e71edf45acf38a1abb82030/element/f.39032AFF0B9C80A7D793EE88796AE887.d.B9016E55D1ACBD0F13343F86257536FB.e.24962/click - {}
COMMAND: GET /session/d2ee73163e71edf45acf38a1abb82030/screenshot - {}
RESULT: {}
RESULT: {}
COMMAND: GET /session/d2ee73163e71edf45acf38a1abb82030/screenshot - {}
RESULT: {}
RESULT: {}
COMMAND: POST /session/d2ee73163e71edf45acf38a1abb82030/element/f.39032AFF0B9C80A7D793EE88796AE887.d.B9016E55D1ACBD0F13343F86257536FB.e.24962/clear - {}
RESULT: {}
COMMAND: POST /session/d2ee73163e71edf45acf38a1abb82030/element/f.39032AFF0B9C80A7D793EE88796AE887.d.B9016E55D1ACBD0F13343F86257536FB.e.24962/value - {"text":"10318"}
COMMAND: GET /session/d2ee73163e71edf45acf38a1abb82030/screenshot - {}
RESULT: {"text":"10318"}
COMMAND: POST /session/d2ee73163e71edf45acf38a1abb82030/actions - {"actions":[{"id":"action97","type":"key","parameters":{},"actions":[{"type":"keyDown","value":"î€‡"},{"type":"pause","duration":10},{"type":"keyUp","value":"î€‡"}]}]}
COMMAND: GET /session/d2ee73163e71edf45acf38a1abb82030/screenshot - {}
RESULT: {}
RESULT: {"actions":[{"id":"action97","type":"key","parameters":{},"actions":[{"type":"keyDown","value":"î€‡"},{"type":"pause","duration":10},{"type":"keyUp","value":"î€‡"}]}]}
COMMAND: GET /session/d2ee73163e71edf45acf38a1abb82030/screenshot - {}
RESULT: {}
RESULT: {}
COMMAND: POST /session/d2ee73163e71edf45acf38a1abb82030/element - {"using":"xpath","value":"//span[contains(@id ,\"application-billingtransfer-display-component---billingWorkbench--smartTableBillingRuns-header-inner\")]"}
RESULT: {"using":"xpath","value":"//span[contains(@id ,\"application-billingtransfer-display-component---billingWorkbench--smartTableBillingRuns-header-inner\")]"}
COMMAND: POST /session/d2ee73163e71edf45acf38a1abb82030/elements - {"using":"xpath","value":"//span[contains(@id ,\"application-billingtransfer-display-component---billingWorkbench--smartTableBillingRuns-header-inner\")]"}
RESULT: {"using":"xpath","value":"//span[contains(@id ,\"application-billingtransfer-display-component---billingWorkbench--smartTableBillingRuns-header-inner\")]"}
COMMAND: POST /session/d2ee73163e71edf45acf38a1abb82030/execute/sync - {"script":"<script> [56 bytes]","args":[{"element-6066-11e4-a52e-4f735466cecf":"f.39032AFF0B9C80A7D793EE88796AE887.d.B9016E55D1ACBD0F13343F86257536FB.e.25124","ELEMENT":"f.39032AFF0B9C80A7D793EE88796AE887.d.B9016E55D1ACBD0F13343F86257536FB.e.25124"}]}
RESULT: {"script":"<script> [56 bytes]","args":[{"element-6066-11e4-a52e-4f735466cecf":"f.39032AFF0B9C80A7D793EE88796AE887.d.B9016E55D1ACBD0F13343F86257536FB.e.25124","ELEMENT":"f.39032AFF0B9C80A7D793EE88796AE887.d.B9016E55D1ACBD0F13343F86257536FB.e.25124"}]}
COMMAND: GET /session/d2ee73163e71edf45acf38a1abb82030/screenshot - {}
RESULT: {}
COMMAND: POST /session/d2ee73163e71edf45acf38a1abb82030/execute/sync - {"script":"<script> [56 bytes]","args":[{"element-6066-11e4-a52e-4f735466cecf":"f.39032AFF0B9C80A7D793EE88796AE887.d.B9016E55D1ACBD0F13343F86257536FB.e.25124","ELEMENT":"f.39032AFF0B9C80A7D793EE88796AE887.d.B9016E55D1ACBD0F13343F86257536FB.e.25124"}]}
RESULT: {"script":"<script> [56 bytes]","args":[{"element-6066-11e4-a52e-4f735466cecf":"f.39032AFF0B9C80A7D793EE88796AE887.d.B9016E55D1ACBD0F13343F86257536FB.e.25124","ELEMENT":"f.39032AFF0B9C80A7D793EE88796AE887.d.B9016E55D1ACBD0F13343F86257536FB.e.25124"}]}
COMMAND: GET /session/d2ee73163e71edf45acf38a1abb82030/screenshot - {}
COMMAND: POST /session/d2ee73163e71edf45acf38a1abb82030/execute/sync - {"script":"<script> [56 bytes]","args":[{"element-6066-11e4-a52e-4f735466cecf":"f.39032AFF0B9C80A7D793EE88796AE887.d.B9016E55D1ACBD0F13343F86257536FB.e.25124","ELEMENT":"f.39032AFF0B9C80A7D793EE88796AE887.d.B9016E55D1ACBD0F13343F86257536FB.e.25124"}]}
RESULT: {}
RESULT: {"script":"<script> [56 bytes]","args":[{"element-6066-11e4-a52e-4f735466cecf":"f.39032AFF0B9C80A7D793EE88796AE887.d.B9016E55D1ACBD0F13343F86257536FB.e.25124","ELEMENT":"f.39032AFF0B9C80A7D793EE88796AE887.d.B9016E55D1ACBD0F13343F86257536FB.e.25124"}]}
COMMAND: GET /session/d2ee73163e71edf45acf38a1abb82030/screenshot - {}
COMMAND: POST /session/d2ee73163e71edf45acf38a1abb82030/execute/sync - {"script":"<script> [56 bytes]","args":[{"element-6066-11e4-a52e-4f735466cecf":"f.39032AFF0B9C80A7D793EE88796AE887.d.B9016E55D1ACBD0F13343F86257536FB.e.25124","ELEMENT":"f.39032AFF0B9C80A7D793EE88796AE887.d.B9016E55D1ACBD0F13343F86257536FB.e.25124"}]}
RESULT: {}
RESULT: {"script":"<script> [56 bytes]","args":[{"element-6066-11e4-a52e-4f735466cecf":"f.39032AFF0B9C80A7D793EE88796AE887.d.B9016E55D1ACBD0F13343F86257536FB.e.25124","ELEMENT":"f.39032AFF0B9C80A7D793EE88796AE887.d.B9016E55D1ACBD0F13343F86257536FB.e.25124"}]}
COMMAND: GET /session/d2ee73163e71edf45acf38a1abb82030/screenshot - {}
COMMAND: POST /session/d2ee73163e71edf45acf38a1abb82030/execute/sync - {"script":"<script> [56 bytes]","args":[{"element-6066-11e4-a52e-4f735466cecf":"f.39032AFF0B9C80A7D793EE88796AE887.d.B9016E55D1ACBD0F13343F86257536FB.e.25124","ELEMENT":"f.39032AFF0B9C80A7D793EE88796AE887.d.B9016E55D1ACBD0F13343F86257536FB.e.25124"}]}
RESULT: {}
RESULT: {"script":"<script> [56 bytes]","args":[{"element-6066-11e4-a52e-4f735466cecf":"f.39032AFF0B9C80A7D793EE88796AE887.d.B9016E55D1ACBD0F13343F86257536FB.e.25124","ELEMENT":"f.39032AFF0B9C80A7D793EE88796AE887.d.B9016E55D1ACBD0F13343F86257536FB.e.25124"}]}
COMMAND: GET /session/d2ee73163e71edf45acf38a1abb82030/screenshot - {}
COMMAND: POST /session/d2ee73163e71edf45acf38a1abb82030/execute/sync - {"script":"<script> [56 bytes]","args":[{"element-6066-11e4-a52e-4f735466cecf":"f.39032AFF0B9C80A7D793EE88796AE887.d.B9016E55D1ACBD0F13343F86257536FB.e.25124","ELEMENT":"f.39032AFF0B9C80A7D793EE88796AE887.d.B9016E55D1ACBD0F13343F86257536FB.e.25124"}]}
RESULT: {"script":"<script> [56 bytes]","args":[{"element-6066-11e4-a52e-4f735466cecf":"f.39032AFF0B9C80A7D793EE88796AE887.d.B9016E55D1ACBD0F13343F86257536FB.e.25124","ELEMENT":"f.39032AFF0B9C80A7D793EE88796AE887.d.B9016E55D1ACBD0F13343F86257536FB.e.25124"}]}
COMMAND: POST /session/d2ee73163e71edf45acf38a1abb82030/execute/sync - {"script":"<script> [56 bytes]","args":[{"element-6066-11e4-a52e-4f735466cecf":"f.39032AFF0B9C80A7D793EE88796AE887.d.B9016E55D1ACBD0F13343F86257536FB.e.25124","ELEMENT":"f.39032AFF0B9C80A7D793EE88796AE887.d.B9016E55D1ACBD0F13343F86257536FB.e.25124"}]}
COMMAND: GET /session/d2ee73163e71edf45acf38a1abb82030/screenshot - {}
RESULT: {}
RESULT: {}
RESULT: {"script":"<script> [56 bytes]","args":[{"element-6066-11e4-a52e-4f735466cecf":"f.39032AFF0B9C80A7D793EE88796AE887.d.B9016E55D1ACBD0F13343F86257536FB.e.25124","ELEMENT":"f.39032AFF0B9C80A7D793EE88796AE887.d.B9016E55D1ACBD0F13343F86257536FB.e.25124"}]}
COMMAND: POST /session/d2ee73163e71edf45acf38a1abb82030/execute/sync - {"script":"<script> [56 bytes]","args":[{"element-6066-11e4-a52e-4f735466cecf":"f.39032AFF0B9C80A7D793EE88796AE887.d.B9016E55D1ACBD0F13343F86257536FB.e.25124","ELEMENT":"f.39032AFF0B9C80A7D793EE88796AE887.d.B9016E55D1ACBD0F13343F86257536FB.e.25124"}]}
COMMAND: GET /session/d2ee73163e71edf45acf38a1abb82030/screenshot - {}
RESULT: {"script":"<script> [56 bytes]","args":[{"element-6066-11e4-a52e-4f735466cecf":"f.39032AFF0B9C80A7D793EE88796AE887.d.B9016E55D1ACBD0F13343F86257536FB.e.25124","ELEMENT":"f.39032AFF0B9C80A7D793EE88796AE887.d.B9016E55D1ACBD0F13343F86257536FB.e.25124"}]}
COMMAND: GET /session/d2ee73163e71edf45acf38a1abb82030/screenshot - {}
COMMAND: POST /session/d2ee73163e71edf45acf38a1abb82030/execute/sync - {"script":"<script> [56 bytes]","args":[{"element-6066-11e4-a52e-4f735466cecf":"f.39032AFF0B9C80A7D793EE88796AE887.d.B9016E55D1ACBD0F13343F86257536FB.e.25124","ELEMENT":"f.39032AFF0B9C80A7D793EE88796AE887.d.B9016E55D1ACBD0F13343F86257536FB.e.25124"}]}
RESULT: {}
RESULT: {}
RESULT: {"script":"<script> [56 bytes]","args":[{"element-6066-11e4-a52e-4f735466cecf":"f.39032AFF0B9C80A7D793EE88796AE887.d.B9016E55D1ACBD0F13343F86257536FB.e.25124","ELEMENT":"f.39032AFF0B9C80A7D793EE88796AE887.d.B9016E55D1ACBD0F13343F86257536FB.e.25124"}]}
COMMAND: GET /session/d2ee73163e71edf45acf38a1abb82030/screenshot - {}
COMMAND: POST /session/d2ee73163e71edf45acf38a1abb82030/execute/sync - {"script":"<script> [56 bytes]","args":[{"element-6066-11e4-a52e-4f735466cecf":"f.39032AFF0B9C80A7D793EE88796AE887.d.B9016E55D1ACBD0F13343F86257536FB.e.25124","ELEMENT":"f.39032AFF0B9C80A7D793EE88796AE887.d.B9016E55D1ACBD0F13343F86257536FB.e.25124"}]}
RESULT: {"script":"<script> [56 bytes]","args":[{"element-6066-11e4-a52e-4f735466cecf":"f.39032AFF0B9C80A7D793EE88796AE887.d.B9016E55D1ACBD0F13343F86257536FB.e.25124","ELEMENT":"f.39032AFF0B9C80A7D793EE88796AE887.d.B9016E55D1ACBD0F13343F86257536FB.e.25124"}]}
COMMAND: GET /session/d2ee73163e71edf45acf38a1abb82030/screenshot - {}
COMMAND: POST /session/d2ee73163e71edf45acf38a1abb82030/execute/sync - {"script":"<script> [56 bytes]","args":[{"element-6066-11e4-a52e-4f735466cecf":"f.39032AFF0B9C80A7D793EE88796AE887.d.B9016E55D1ACBD0F13343F86257536FB.e.25124","ELEMENT":"f.39032AFF0B9C80A7D793EE88796AE887.d.B9016E55D1ACBD0F13343F86257536FB.e.25124"}]}
RESULT: {}
RESULT: {}
RESULT: {"script":"<script> [56 bytes]","args":[{"element-6066-11e4-a52e-4f735466cecf":"f.39032AFF0B9C80A7D793EE88796AE887.d.B9016E55D1ACBD0F13343F86257536FB.e.25124","ELEMENT":"f.39032AFF0B9C80A7D793EE88796AE887.d.B9016E55D1ACBD0F13343F86257536FB.e.25124"}]}
COMMAND: GET /session/d2ee73163e71edf45acf38a1abb82030/screenshot - {}
COMMAND: POST /session/d2ee73163e71edf45acf38a1abb82030/execute/sync - {"script":"<script> [56 bytes]","args":[{"element-6066-11e4-a52e-4f735466cecf":"f.39032AFF0B9C80A7D793EE88796AE887.d.B9016E55D1ACBD0F13343F86257536FB.e.25124","ELEMENT":"f.39032AFF0B9C80A7D793EE88796AE887.d.B9016E55D1ACBD0F13343F86257536FB.e.25124"}]}
RESULT: {}
RESULT: {"script":"<script> [56 bytes]","args":[{"element-6066-11e4-a52e-4f735466cecf":"f.39032AFF0B9C80A7D793EE88796AE887.d.B9016E55D1ACBD0F13343F86257536FB.e.25124","ELEMENT":"f.39032AFF0B9C80A7D793EE88796AE887.d.B9016E55D1ACBD0F13343F86257536FB.e.25124"}]}
COMMAND: GET /session/d2ee73163e71edf45acf38a1abb82030/screenshot - {}
RESULT: {}
COMMAND: POST /session/d2ee73163e71edf45acf38a1abb82030/execute/sync - {"script":"<script> [56 bytes]","args":[{"element-6066-11e4-a52e-4f735466cecf":"f.39032AFF0B9C80A7D793EE88796AE887.d.B9016E55D1ACBD0F13343F86257536FB.e.25124","ELEMENT":"f.39032AFF0B9C80A7D793EE88796AE887.d.B9016E55D1ACBD0F13343F86257536FB.e.25124"}]}
RESULT: {"script":"<script> [56 bytes]","args":[{"element-6066-11e4-a52e-4f735466cecf":"f.39032AFF0B9C80A7D793EE88796AE887.d.B9016E55D1ACBD0F13343F86257536FB.e.25124","ELEMENT":"f.39032AFF0B9C80A7D793EE88796AE887.d.B9016E55D1ACBD0F13343F86257536FB.e.25124"}]}
COMMAND: GET /session/d2ee73163e71edf45acf38a1abb82030/screenshot - {}
RESULT: {}
COMMAND: POST /session/d2ee73163e71edf45acf38a1abb82030/execute/sync - {"script":"<script> [56 bytes]","args":[{"element-6066-11e4-a52e-4f735466cecf":"f.39032AFF0B9C80A7D793EE88796AE887.d.B9016E55D1ACBD0F13343F86257536FB.e.25124","ELEMENT":"f.39032AFF0B9C80A7D793EE88796AE887.d.B9016E55D1ACBD0F13343F86257536FB.e.25124"}]}
RESULT: {"script":"<script> [56 bytes]","args":[{"element-6066-11e4-a52e-4f735466cecf":"f.39032AFF0B9C80A7D793EE88796AE887.d.B9016E55D1ACBD0F13343F86257536FB.e.25124","ELEMENT":"f.39032AFF0B9C80A7D793EE88796AE887.d.B9016E55D1ACBD0F13343F86257536FB.e.25124"}]}
COMMAND: GET /session/d2ee73163e71edf45acf38a1abb82030/screenshot - {}
RESULT: {}
COMMAND: POST /session/d2ee73163e71edf45acf38a1abb82030/execute/sync - {"script":"<script> [56 bytes]","args":[{"element-6066-11e4-a52e-4f735466cecf":"f.39032AFF0B9C80A7D793EE88796AE887.d.B9016E55D1ACBD0F13343F86257536FB.e.25124","ELEMENT":"f.39032AFF0B9C80A7D793EE88796AE887.d.B9016E55D1ACBD0F13343F86257536FB.e.25124"}]}
RESULT: {"script":"<script> [56 bytes]","args":[{"element-6066-11e4-a52e-4f735466cecf":"f.39032AFF0B9C80A7D793EE88796AE887.d.B9016E55D1ACBD0F13343F86257536FB.e.25124","ELEMENT":"f.39032AFF0B9C80A7D793EE88796AE887.d.B9016E55D1ACBD0F13343F86257536FB.e.25124"}]}
COMMAND: GET /session/d2ee73163e71edf45acf38a1abb82030/screenshot - {}
RESULT: {}
COMMAND: POST /session/d2ee73163e71edf45acf38a1abb82030/execute/sync - {"script":"<script> [56 bytes]","args":[{"element-6066-11e4-a52e-4f735466cecf":"f.39032AFF0B9C80A7D793EE88796AE887.d.B9016E55D1ACBD0F13343F86257536FB.e.25124","ELEMENT":"f.39032AFF0B9C80A7D793EE88796AE887.d.B9016E55D1ACBD0F13343F86257536FB.e.25124"}]}
RESULT: {"script":"<script> [56 bytes]","args":[{"element-6066-11e4-a52e-4f735466cecf":"f.39032AFF0B9C80A7D793EE88796AE887.d.B9016E55D1ACBD0F13343F86257536FB.e.25124","ELEMENT":"f.39032AFF0B9C80A7D793EE88796AE887.d.B9016E55D1ACBD0F13343F86257536FB.e.25124"}]}
COMMAND: GET /session/d2ee73163e71edf45acf38a1abb82030/screenshot - {}
RESULT: {}
COMMAND: POST /session/d2ee73163e71edf45acf38a1abb82030/execute/sync - {"script":"<script> [56 bytes]","args":[{"element-6066-11e4-a52e-4f735466cecf":"f.39032AFF0B9C80A7D793EE88796AE887.d.B9016E55D1ACBD0F13343F86257536FB.e.25124","ELEMENT":"f.39032AFF0B9C80A7D793EE88796AE887.d.B9016E55D1ACBD0F13343F86257536FB.e.25124"}]}
RESULT: {"script":"<script> [56 bytes]","args":[{"element-6066-11e4-a52e-4f735466cecf":"f.39032AFF0B9C80A7D793EE88796AE887.d.B9016E55D1ACBD0F13343F86257536FB.e.25124","ELEMENT":"f.39032AFF0B9C80A7D793EE88796AE887.d.B9016E55D1ACBD0F13343F86257536FB.e.25124"}]}
COMMAND: GET /session/d2ee73163e71edf45acf38a1abb82030/screenshot - {}
RESULT: {}
COMMAND: POST /session/d2ee73163e71edf45acf38a1abb82030/execute/sync - {"script":"<script> [56 bytes]","args":[{"element-6066-11e4-a52e-4f735466cecf":"f.39032AFF0B9C80A7D793EE88796AE887.d.B9016E55D1ACBD0F13343F86257536FB.e.25124","ELEMENT":"f.39032AFF0B9C80A7D793EE88796AE887.d.B9016E55D1ACBD0F13343F86257536FB.e.25124"}]}
RESULT: {"script":"<script> [56 bytes]","args":[{"element-6066-11e4-a52e-4f735466cecf":"f.39032AFF0B9C80A7D793EE88796AE887.d.B9016E55D1ACBD0F13343F86257536FB.e.25124","ELEMENT":"f.39032AFF0B9C80A7D793EE88796AE887.d.B9016E55D1ACBD0F13343F86257536FB.e.25124"}]}
COMMAND: GET /session/d2ee73163e71edf45acf38a1abb82030/screenshot - {}
RESULT: {}
COMMAND: POST /session/d2ee73163e71edf45acf38a1abb82030/execute/sync - {"script":"<script> [56 bytes]","args":[{"element-6066-11e4-a52e-4f735466cecf":"f.39032AFF0B9C80A7D793EE88796AE887.d.B9016E55D1ACBD0F13343F86257536FB.e.25124","ELEMENT":"f.39032AFF0B9C80A7D793EE88796AE887.d.B9016E55D1ACBD0F13343F86257536FB.e.25124"}]}
RESULT: {"script":"<script> [56 bytes]","args":[{"element-6066-11e4-a52e-4f735466cecf":"f.39032AFF0B9C80A7D793EE88796AE887.d.B9016E55D1ACBD0F13343F86257536FB.e.25124","ELEMENT":"f.39032AFF0B9C80A7D793EE88796AE887.d.B9016E55D1ACBD0F13343F86257536FB.e.25124"}]}
COMMAND: GET /session/d2ee73163e71edf45acf38a1abb82030/screenshot - {}
RESULT: {}
COMMAND: POST /session/d2ee73163e71edf45acf38a1abb82030/execute/sync - {"script":"<script> [56 bytes]","args":[{"element-6066-11e4-a52e-4f735466cecf":"f.39032AFF0B9C80A7D793EE88796AE887.d.B9016E55D1ACBD0F13343F86257536FB.e.25124","ELEMENT":"f.39032AFF0B9C80A7D793EE88796AE887.d.B9016E55D1ACBD0F13343F86257536FB.e.25124"}]}
RESULT: {"script":"<script> [56 bytes]","args":[{"element-6066-11e4-a52e-4f735466cecf":"f.39032AFF0B9C80A7D793EE88796AE887.d.B9016E55D1ACBD0F13343F86257536FB.e.25124","ELEMENT":"f.39032AFF0B9C80A7D793EE88796AE887.d.B9016E55D1ACBD0F13343F86257536FB.e.25124"}]}
COMMAND: POST /session/d2ee73163e71edf45acf38a1abb82030/element - {"using":"css selector","value":"#shell-header-logo"}
COMMAND: GET /session/d2ee73163e71edf45acf38a1abb82030/screenshot - {}
RESULT: {"using":"css selector","value":"#shell-header-logo"}
COMMAND: POST /session/d2ee73163e71edf45acf38a1abb82030/element/f.39032AFF0B9C80A7D793EE88796AE887.d.B9016E55D1ACBD0F13343F86257536FB.e.24960/click - {}
RESULT: {}
RESULT: {}
COMMAND: GET /session/d2ee73163e71edf45acf38a1abb82030/screenshot - {}
RESULT: {}
]]></system-out>
    </testcase>
    <testcase classname="chrome.136_0_7103_93.windows.Billing_Calculation_-_Time_based_(considering_transport_times)_US139738" name="Should navigate to the contract item check the billed until field value" time="48.699">
      <system-out><![CDATA[
RESULT: undefined
COMMAND: POST /session/d2ee73163e71edf45acf38a1abb82030/element - {"using":"xpath","value":"//*[@id=\"__tile130\"]"}
RESULT: {"using":"xpath","value":"//*[@id=\"__tile130\"]"}
COMMAND: POST /session/d2ee73163e71edf45acf38a1abb82030/element/f.39032AFF0B9C80A7D793EE88796AE887.d.B9016E55D1ACBD0F13343F86257536FB.e.18323/click - {}
RESULT: {}
COMMAND: GET /session/d2ee73163e71edf45acf38a1abb82030/screenshot - {}
RESULT: {}
COMMAND: POST /session/d2ee73163e71edf45acf38a1abb82030/elements - {"using":"xpath","value":"//span[text()='Error']"}
RESULT: {"using":"xpath","value":"//span[text()='Error']"}
COMMAND: POST /session/d2ee73163e71edf45acf38a1abb82030/element - {"using":"xpath","value":"//button[@data-kt=\"addButton\"]"}
RESULT: {"using":"xpath","value":"//button[@data-kt=\"addButton\"]"}
COMMAND: POST /session/d2ee73163e71edf45acf38a1abb82030/elements - {"using":"xpath","value":"//button[@data-kt=\"addButton\"]"}
RESULT: {"using":"xpath","value":"//button[@data-kt=\"addButton\"]"}
COMMAND: POST /session/d2ee73163e71edf45acf38a1abb82030/execute/sync - {"script":"<script> [8489 bytes]","args":[{"element-6066-11e4-a52e-4f735466cecf":"f.39032AFF0B9C80A7D793EE88796AE887.d.B9016E55D1ACBD0F13343F86257536FB.e.25206","ELEMENT":"f.39032AFF0B9C80A7D793EE88796AE887.d.B9016E55D1ACBD0F13343F86257536FB.e.25206"}]}
RESULT: {"script":"<script> [8489 bytes]","args":[{"element-6066-11e4-a52e-4f735466cecf":"f.39032AFF0B9C80A7D793EE88796AE887.d.B9016E55D1ACBD0F13343F86257536FB.e.25206","ELEMENT":"f.39032AFF0B9C80A7D793EE88796AE887.d.B9016E55D1ACBD0F13343F86257536FB.e.25206"}]}
COMMAND: GET /session/d2ee73163e71edf45acf38a1abb82030/element/f.39032AFF0B9C80A7D793EE88796AE887.d.B9016E55D1ACBD0F13343F86257536FB.e.25206/enabled - {}
COMMAND: GET /session/d2ee73163e71edf45acf38a1abb82030/screenshot - {}
RESULT: {}
COMMAND: POST /session/d2ee73163e71edf45acf38a1abb82030/execute/sync - {"script":"<script> [8489 bytes]","args":[{"element-6066-11e4-a52e-4f735466cecf":"f.39032AFF0B9C80A7D793EE88796AE887.d.B9016E55D1ACBD0F13343F86257536FB.e.25206","ELEMENT":"f.39032AFF0B9C80A7D793EE88796AE887.d.B9016E55D1ACBD0F13343F86257536FB.e.25206"}]}
COMMAND: GET /session/d2ee73163e71edf45acf38a1abb82030/screenshot - {}
RESULT: {}
RESULT: {}
RESULT: {"script":"<script> [8489 bytes]","args":[{"element-6066-11e4-a52e-4f735466cecf":"f.39032AFF0B9C80A7D793EE88796AE887.d.B9016E55D1ACBD0F13343F86257536FB.e.25206","ELEMENT":"f.39032AFF0B9C80A7D793EE88796AE887.d.B9016E55D1ACBD0F13343F86257536FB.e.25206"}]}
COMMAND: POST /session/d2ee73163e71edf45acf38a1abb82030/execute/sync - {"script":"<script> [5351 bytes]","args":[{"element-6066-11e4-a52e-4f735466cecf":"f.39032AFF0B9C80A7D793EE88796AE887.d.B9016E55D1ACBD0F13343F86257536FB.e.25206","ELEMENT":"f.39032AFF0B9C80A7D793EE88796AE887.d.B9016E55D1ACBD0F13343F86257536FB.e.25206"}]}
COMMAND: GET /session/d2ee73163e71edf45acf38a1abb82030/screenshot - {}
RESULT: {"script":"<script> [5351 bytes]","args":[{"element-6066-11e4-a52e-4f735466cecf":"f.39032AFF0B9C80A7D793EE88796AE887.d.B9016E55D1ACBD0F13343F86257536FB.e.25206","ELEMENT":"f.39032AFF0B9C80A7D793EE88796AE887.d.B9016E55D1ACBD0F13343F86257536FB.e.25206"}]}
COMMAND: POST /session/d2ee73163e71edf45acf38a1abb82030/element - {"using":"xpath","value":"//input[contains(@id ,\"smartContractFilterBar-btnBasicSearch-I\")]"}
COMMAND: GET /session/d2ee73163e71edf45acf38a1abb82030/screenshot - {}
RESULT: {}
RESULT: {"using":"xpath","value":"//input[contains(@id ,\"smartContractFilterBar-btnBasicSearch-I\")]"}
COMMAND: POST /session/d2ee73163e71edf45acf38a1abb82030/elements - {"using":"xpath","value":"//input[contains(@id ,\"smartContractFilterBar-btnBasicSearch-I\")]"}
RESULT: {}
RESULT: {"using":"xpath","value":"//input[contains(@id ,\"smartContractFilterBar-btnBasicSearch-I\")]"}
COMMAND: POST /session/d2ee73163e71edf45acf38a1abb82030/execute/sync - {"script":"<script> [8489 bytes]","args":[{"element-6066-11e4-a52e-4f735466cecf":"f.39032AFF0B9C80A7D793EE88796AE887.d.B9016E55D1ACBD0F13343F86257536FB.e.25164","ELEMENT":"f.39032AFF0B9C80A7D793EE88796AE887.d.B9016E55D1ACBD0F13343F86257536FB.e.25164"}]}
RESULT: {"script":"<script> [8489 bytes]","args":[{"element-6066-11e4-a52e-4f735466cecf":"f.39032AFF0B9C80A7D793EE88796AE887.d.B9016E55D1ACBD0F13343F86257536FB.e.25164","ELEMENT":"f.39032AFF0B9C80A7D793EE88796AE887.d.B9016E55D1ACBD0F13343F86257536FB.e.25164"}]}
COMMAND: GET /session/d2ee73163e71edf45acf38a1abb82030/element/f.39032AFF0B9C80A7D793EE88796AE887.d.B9016E55D1ACBD0F13343F86257536FB.e.25164/enabled - {}
COMMAND: GET /session/d2ee73163e71edf45acf38a1abb82030/screenshot - {}
RESULT: {}
COMMAND: POST /session/d2ee73163e71edf45acf38a1abb82030/element/f.39032AFF0B9C80A7D793EE88796AE887.d.B9016E55D1ACBD0F13343F86257536FB.e.25164/clear - {}
COMMAND: GET /session/d2ee73163e71edf45acf38a1abb82030/screenshot - {}
RESULT: {}
RESULT: {}
COMMAND: POST /session/d2ee73163e71edf45acf38a1abb82030/element/f.39032AFF0B9C80A7D793EE88796AE887.d.B9016E55D1ACBD0F13343F86257536FB.e.25164/value - {"text":"10318"}
COMMAND: GET /session/d2ee73163e71edf45acf38a1abb82030/screenshot - {}
RESULT: {}
RESULT: {"text":"10318"}
COMMAND: GET /session/d2ee73163e71edf45acf38a1abb82030/screenshot - {}
RESULT: {}
RESULT: {}
COMMAND: POST /session/d2ee73163e71edf45acf38a1abb82030/actions - {"actions":[{"id":"action98","type":"key","parameters":{},"actions":[{"type":"keyDown","value":"î€‡"},{"type":"pause","duration":10},{"type":"keyUp","value":"î€‡"}]}]}
RESULT: {"actions":[{"id":"action98","type":"key","parameters":{},"actions":[{"type":"keyDown","value":"î€‡"},{"type":"pause","duration":10},{"type":"keyUp","value":"î€‡"}]}]}
COMMAND: GET /session/d2ee73163e71edf45acf38a1abb82030/screenshot - {}
RESULT: {}
COMMAND: POST /session/d2ee73163e71edf45acf38a1abb82030/element - {"using":"xpath","value":"//span[contains(@id, \"masterListContractsSmartTable-header-inner\")]"}
RESULT: {"using":"xpath","value":"//span[contains(@id, \"masterListContractsSmartTable-header-inner\")]"}
COMMAND: POST /session/d2ee73163e71edf45acf38a1abb82030/elements - {"using":"xpath","value":"//span[contains(@id, \"masterListContractsSmartTable-header-inner\")]"}
RESULT: {"using":"xpath","value":"//span[contains(@id, \"masterListContractsSmartTable-header-inner\")]"}
COMMAND: POST /session/d2ee73163e71edf45acf38a1abb82030/execute/sync - {"script":"<script> [56 bytes]","args":[{"element-6066-11e4-a52e-4f735466cecf":"f.39032AFF0B9C80A7D793EE88796AE887.d.B9016E55D1ACBD0F13343F86257536FB.e.25259","ELEMENT":"f.39032AFF0B9C80A7D793EE88796AE887.d.B9016E55D1ACBD0F13343F86257536FB.e.25259"}]}
RESULT: {"script":"<script> [56 bytes]","args":[{"element-6066-11e4-a52e-4f735466cecf":"f.39032AFF0B9C80A7D793EE88796AE887.d.B9016E55D1ACBD0F13343F86257536FB.e.25259","ELEMENT":"f.39032AFF0B9C80A7D793EE88796AE887.d.B9016E55D1ACBD0F13343F86257536FB.e.25259"}]}
COMMAND: POST /session/d2ee73163e71edf45acf38a1abb82030/element - {"using":"xpath","value":"(//span[contains(@id, \"imgNav\")])[1]"}
COMMAND: GET /session/d2ee73163e71edf45acf38a1abb82030/screenshot - {}
RESULT: {"using":"xpath","value":"(//span[contains(@id, \"imgNav\")])[1]"}
COMMAND: POST /session/d2ee73163e71edf45acf38a1abb82030/element/f.39032AFF0B9C80A7D793EE88796AE887.d.B9016E55D1ACBD0F13343F86257536FB.e.25258/click - {}
RESULT: {}
RESULT: {}
COMMAND: GET /session/d2ee73163e71edf45acf38a1abb82030/screenshot - {}
RESULT: {}
COMMAND: POST /session/d2ee73163e71edf45acf38a1abb82030/element - {"using":"xpath","value":"//tr[@data-kt=\"productsColumnListItem\"]//td//span[contains(@id, \"imgNav\")][1]"}
RESULT: {"using":"xpath","value":"//tr[@data-kt=\"productsColumnListItem\"]//td//span[contains(@id, \"imgNav\")][1]"}
COMMAND: POST /session/d2ee73163e71edf45acf38a1abb82030/element/f.39032AFF0B9C80A7D793EE88796AE887.d.B9016E55D1ACBD0F13343F86257536FB.e.25430/click - {}
RESULT: {}
COMMAND: GET /session/d2ee73163e71edf45acf38a1abb82030/screenshot - {}
RESULT: {}
COMMAND: POST /session/d2ee73163e71edf45acf38a1abb82030/element - {"using":"xpath","value":"//section[contains(@id, \"application-managecontracts-display-component---BillingItem--ObjectPageLayout-OPHeaderContent\")]/div/div/div/div/div[2]/div/div[2]/span"}
RESULT: {"using":"xpath","value":"//section[contains(@id, \"application-managecontracts-display-component---BillingItem--ObjectPageLayout-OPHeaderContent\")]/div/div/div/div/div[2]/div/div[2]/span"}
COMMAND: POST /session/d2ee73163e71edf45acf38a1abb82030/execute/sync - {"script":"<script> [56 bytes]","args":[{"element-6066-11e4-a52e-4f735466cecf":"f.39032AFF0B9C80A7D793EE88796AE887.d.B9016E55D1ACBD0F13343F86257536FB.e.25560","ELEMENT":"f.39032AFF0B9C80A7D793EE88796AE887.d.B9016E55D1ACBD0F13343F86257536FB.e.25560"}]}
RESULT: {"script":"<script> [56 bytes]","args":[{"element-6066-11e4-a52e-4f735466cecf":"f.39032AFF0B9C80A7D793EE88796AE887.d.B9016E55D1ACBD0F13343F86257536FB.e.25560","ELEMENT":"f.39032AFF0B9C80A7D793EE88796AE887.d.B9016E55D1ACBD0F13343F86257536FB.e.25560"}]}
COMMAND: POST /session/d2ee73163e71edf45acf38a1abb82030/element - {"using":"xpath","value":"//table[contains(@id, \"application-managecontracts-display-component---BillingItem--billingList-listUl\")]//td//*[contains(text(), \"final billed\")]"}
COMMAND: GET /session/d2ee73163e71edf45acf38a1abb82030/screenshot - {}
RESULT: {"using":"xpath","value":"//table[contains(@id, \"application-managecontracts-display-component---BillingItem--billingList-listUl\")]//td//*[contains(text(), \"final billed\")]"}
COMMAND: POST /session/d2ee73163e71edf45acf38a1abb82030/execute/sync - {"script":"<script> [56 bytes]","args":[{"element-6066-11e4-a52e-4f735466cecf":"f.39032AFF0B9C80A7D793EE88796AE887.d.B9016E55D1ACBD0F13343F86257536FB.e.25561","ELEMENT":"f.39032AFF0B9C80A7D793EE88796AE887.d.B9016E55D1ACBD0F13343F86257536FB.e.25561"}]}
RESULT: {}
RESULT: {"script":"<script> [56 bytes]","args":[{"element-6066-11e4-a52e-4f735466cecf":"f.39032AFF0B9C80A7D793EE88796AE887.d.B9016E55D1ACBD0F13343F86257536FB.e.25561","ELEMENT":"f.39032AFF0B9C80A7D793EE88796AE887.d.B9016E55D1ACBD0F13343F86257536FB.e.25561"}]}
COMMAND: POST /session/d2ee73163e71edf45acf38a1abb82030/element - {"using":"css selector","value":"#shell-header-logo"}
COMMAND: GET /session/d2ee73163e71edf45acf38a1abb82030/screenshot - {}
RESULT: {"using":"css selector","value":"#shell-header-logo"}
COMMAND: POST /session/d2ee73163e71edf45acf38a1abb82030/element/f.39032AFF0B9C80A7D793EE88796AE887.d.B9016E55D1ACBD0F13343F86257536FB.e.25160/click - {}
RESULT: {}
RESULT: {}
COMMAND: GET /session/d2ee73163e71edf45acf38a1abb82030/screenshot - {}
RESULT: {}
COMMAND: DELETE /session/d2ee73163e71edf45acf38a1abb82030 - {}
RESULT: {}
]]></system-out>
    </testcase>
  </testsuite>
</testsuites>