<?xml version="1.0" encoding="UTF-8"?>
<testsuites tests="49" failures="48" errors="48" skipped="0">
  <testsuite timestamp="2025-05-08T15:11:51" time="956.055" tests="49" failures="48" errors="48" skipped="0">
    <properties>
      <property name="specId" value="0" />
      <property name="suiteName" value="Sanity Tests US104253" />
      <property name="capabilities" value="chrome.135_0_7049_115.windows" />
      <property name="file" value="file:///D:/a/1/s/test/specs/General/sanity.spec.js" />
    </properties>
    <testcase classname="chrome.135_0_7049_115.windows.Sanity_Tests_US104253" name="Should open Manage Partners page" time="30.724">
      <system-out><![CDATA[
COMMAND: POST /session/0c3f38ea03d0c610a74078df3ccd6a0f/execute/async - {"script":"<script> [1562 bytes]","args":[{"selector":{"controlType":"sap.m.GenericTile","properties":{"header":"Manage Partners"}},"wdio_ui5_key":"sapm.GenericTile{\"header\":\"Manage Partners\"}"}]}
RESULT: {"script":"<script> [1562 bytes]","args":[{"selector":{"controlType":"sap.m.GenericTile","properties":{"header":"Manage Partners"}},"wdio_ui5_key":"sapm.GenericTile{\"header\":\"Manage Partners\"}"}]}
RESULT: undefined
COMMAND: POST /session/0c3f38ea03d0c610a74078df3ccd6a0f/element - {"using":"xpath","value":"//*[@id=\"__tile38\"]"}
RESULT: {"using":"xpath","value":"//*[@id=\"__tile38\"]"}
COMMAND: POST /session/0c3f38ea03d0c610a74078df3ccd6a0f/element/f.360E617AAF8E5D6C0649FEC9044AE65B.d.09D53F9D32E4C322CEC4E7E42DBF65D1.e.113/click - {}
RESULT: {}
COMMAND: GET /session/0c3f38ea03d0c610a74078df3ccd6a0f/screenshot - {}
RESULT: {}
RESULT: undefined
COMMAND: POST /session/0c3f38ea03d0c610a74078df3ccd6a0f/element - {"using":"xpath","value":"//*[@id=\"__tile38\"]"}
RESULT: {"using":"xpath","value":"//*[@id=\"__tile38\"]"}
COMMAND: POST /session/0c3f38ea03d0c610a74078df3ccd6a0f/element/f.360E617AAF8E5D6C0649FEC9044AE65B.d.09D53F9D32E4C322CEC4E7E42DBF65D1.e.113/click - {}
RESULT: undefined
COMMAND: POST /session/0c3f38ea03d0c610a74078df3ccd6a0f/element - {"using":"xpath","value":"//*[@id=\"__tile38\"]"}
RESULT: {"using":"xpath","value":"//*[@id=\"__tile38\"]"}
COMMAND: POST /session/0c3f38ea03d0c610a74078df3ccd6a0f/element/f.360E617AAF8E5D6C0649FEC9044AE65B.d.09D53F9D32E4C322CEC4E7E42DBF65D1.e.113/click - {}
COMMAND: POST /session/0c3f38ea03d0c610a74078df3ccd6a0f/execute/async - {"script":"<script> [1562 bytes]","args":[{"selector":{"id":"shellAppTitle"},"wdio_ui5_key":"shellAppTitle"}]}
RESULT: {"script":"<script> [1562 bytes]","args":[{"selector":{"id":"shellAppTitle"},"wdio_ui5_key":"shellAppTitle"}]}
RESULT: undefined
COMMAND: POST /session/0c3f38ea03d0c610a74078df3ccd6a0f/execute/async - {"script":"<script> [6424 bytes]","args":[{"element-6066-11e4-a52e-4f735466cecf":"f.360E617AAF8E5D6C0649FEC9044AE65B.d.09D53F9D32E4C322CEC4E7E42DBF65D1.e.221"},"getTitle",[]]}
RESULT: {"script":"<script> [6424 bytes]","args":[{"element-6066-11e4-a52e-4f735466cecf":"f.360E617AAF8E5D6C0649FEC9044AE65B.d.09D53F9D32E4C322CEC4E7E42DBF65D1.e.221"},"getTitle",[]]}
COMMAND: POST /session/0c3f38ea03d0c610a74078df3ccd6a0f/execute/async - {"script":"<script> [1562 bytes]","args":[{"selector":{"id":"backBtn"},"wdio_ui5_key":"backBtn"}]}
RESULT: {"script":"<script> [1562 bytes]","args":[{"selector":{"id":"backBtn"},"wdio_ui5_key":"backBtn"}]}
RESULT: undefined
COMMAND: POST /session/0c3f38ea03d0c610a74078df3ccd6a0f/element - {"using":"xpath","value":"//*[@id=\"backBtn\"]"}
RESULT: {"using":"xpath","value":"//*[@id=\"backBtn\"]"}
COMMAND: POST /session/0c3f38ea03d0c610a74078df3ccd6a0f/element/f.360E617AAF8E5D6C0649FEC9044AE65B.d.09D53F9D32E4C322CEC4E7E42DBF65D1.e.222/click - {}
]]></system-out>
    </testcase>
  </testsuite>
</testsuites>