<?xml version="1.0" encoding="UTF-8"?>
<testsuites tests="3" failures="0" errors="0" skipped="0">
  <testsuite timestamp="2025-04-29T17:58:04" time="249.829" tests="3" failures="0" errors="0" skipped="0">
    <properties>
      <property name="specId" value="0" />
      <property name="suiteName" value="Address Management Tests US151165 US151160" />
      <property name="capabilities" value="chrome.135_0_7049_96.windows" />
      <property name="file" value="file:///D:/a/1/s/test/specs/BTS/address-management.spec.js" />
    </properties>
    <testcase classname="chrome.135_0_7049_96.windows.Address_Management_Tests_US151165_US151160" name="Step 1 Will check existence of address created with generated name if none then we create" time="90.854">
      <system-out><![CDATA[
COMMAND: POST /session/cec6003545e4d3fb7b98f60442c20044/execute/async - {"script":"<script> [1562 bytes]","args":[{"selector":{"controlType":"sap.m.GenericTile","properties":{"header":"Address Management"}},"wdio_ui5_key":"sapm.GenericTile{\"header\":\"Address Management\"}"}]}
RESULT: {"script":"<script> [1562 bytes]","args":[{"selector":{"controlType":"sap.m.GenericTile","properties":{"header":"Address Management"}},"wdio_ui5_key":"sapm.GenericTile{\"header\":\"Address Management\"}"}]}
RESULT: undefined
COMMAND: POST /session/cec6003545e4d3fb7b98f60442c20044/element - {"using":"xpath","value":"//*[@id=\"__tile33\"]"}
RESULT: {"using":"xpath","value":"//*[@id=\"__tile33\"]"}
COMMAND: POST /session/cec6003545e4d3fb7b98f60442c20044/element/f.4D8D3C7D094331FBD4D8B7E7F34AB081.d.4EE988C174BCCA8555328042021486A7.e.216/click - {}
RESULT: {}
COMMAND: POST /session/cec6003545e4d3fb7b98f60442c20044/element - {"using":"xpath","value":"//button[@data-kt=\"addButton\"]"}
COMMAND: GET /session/cec6003545e4d3fb7b98f60442c20044/screenshot - {}
RESULT: {}
RESULT: {"using":"xpath","value":"//button[@data-kt=\"addButton\"]"}
COMMAND: POST /session/cec6003545e4d3fb7b98f60442c20044/elements - {"using":"xpath","value":"//button[@data-kt=\"addButton\"]"}
RESULT: {"using":"xpath","value":"//button[@data-kt=\"addButton\"]"}
COMMAND: POST /session/cec6003545e4d3fb7b98f60442c20044/elements - {"using":"xpath","value":"//button[@data-kt=\"addButton\"]"}
RESULT: {"using":"xpath","value":"//button[@data-kt=\"addButton\"]"}
COMMAND: POST /session/cec6003545e4d3fb7b98f60442c20044/elements - {"using":"xpath","value":"//button[@data-kt=\"addButton\"]"}
RESULT: {"using":"xpath","value":"//button[@data-kt=\"addButton\"]"}
COMMAND: POST /session/cec6003545e4d3fb7b98f60442c20044/elements - {"using":"xpath","value":"//button[@data-kt=\"addButton\"]"}
RESULT: {"using":"xpath","value":"//button[@data-kt=\"addButton\"]"}
COMMAND: POST /session/cec6003545e4d3fb7b98f60442c20044/elements - {"using":"xpath","value":"//button[@data-kt=\"addButton\"]"}
RESULT: {"using":"xpath","value":"//button[@data-kt=\"addButton\"]"}
COMMAND: POST /session/cec6003545e4d3fb7b98f60442c20044/elements - {"using":"xpath","value":"//button[@data-kt=\"addButton\"]"}
RESULT: {"using":"xpath","value":"//button[@data-kt=\"addButton\"]"}
COMMAND: POST /session/cec6003545e4d3fb7b98f60442c20044/elements - {"using":"xpath","value":"//button[@data-kt=\"addButton\"]"}
RESULT: {"using":"xpath","value":"//button[@data-kt=\"addButton\"]"}
COMMAND: POST /session/cec6003545e4d3fb7b98f60442c20044/elements - {"using":"xpath","value":"//button[@data-kt=\"addButton\"]"}
RESULT: {"using":"xpath","value":"//button[@data-kt=\"addButton\"]"}
COMMAND: POST /session/cec6003545e4d3fb7b98f60442c20044/elements - {"using":"xpath","value":"//button[@data-kt=\"addButton\"]"}
RESULT: {"using":"xpath","value":"//button[@data-kt=\"addButton\"]"}
COMMAND: POST /session/cec6003545e4d3fb7b98f60442c20044/elements - {"using":"xpath","value":"//button[@data-kt=\"addButton\"]"}
RESULT: {"using":"xpath","value":"//button[@data-kt=\"addButton\"]"}
COMMAND: POST /session/cec6003545e4d3fb7b98f60442c20044/elements - {"using":"xpath","value":"//button[@data-kt=\"addButton\"]"}
RESULT: {"using":"xpath","value":"//button[@data-kt=\"addButton\"]"}
COMMAND: POST /session/cec6003545e4d3fb7b98f60442c20044/elements - {"using":"xpath","value":"//button[@data-kt=\"addButton\"]"}
RESULT: {"using":"xpath","value":"//button[@data-kt=\"addButton\"]"}
COMMAND: POST /session/cec6003545e4d3fb7b98f60442c20044/elements - {"using":"xpath","value":"//button[@data-kt=\"addButton\"]"}
RESULT: {"using":"xpath","value":"//button[@data-kt=\"addButton\"]"}
COMMAND: POST /session/cec6003545e4d3fb7b98f60442c20044/elements - {"using":"xpath","value":"//button[@data-kt=\"addButton\"]"}
RESULT: {"using":"xpath","value":"//button[@data-kt=\"addButton\"]"}
COMMAND: POST /session/cec6003545e4d3fb7b98f60442c20044/elements - {"using":"xpath","value":"//button[@data-kt=\"addButton\"]"}
RESULT: {"using":"xpath","value":"//button[@data-kt=\"addButton\"]"}
COMMAND: POST /session/cec6003545e4d3fb7b98f60442c20044/elements - {"using":"xpath","value":"//button[@data-kt=\"addButton\"]"}
RESULT: {"using":"xpath","value":"//button[@data-kt=\"addButton\"]"}
COMMAND: POST /session/cec6003545e4d3fb7b98f60442c20044/elements - {"using":"xpath","value":"//button[@data-kt=\"addButton\"]"}
RESULT: {"using":"xpath","value":"//button[@data-kt=\"addButton\"]"}
COMMAND: POST /session/cec6003545e4d3fb7b98f60442c20044/elements - {"using":"xpath","value":"//button[@data-kt=\"addButton\"]"}
RESULT: {"using":"xpath","value":"//button[@data-kt=\"addButton\"]"}
COMMAND: POST /session/cec6003545e4d3fb7b98f60442c20044/elements - {"using":"xpath","value":"//button[@data-kt=\"addButton\"]"}
RESULT: {"using":"xpath","value":"//button[@data-kt=\"addButton\"]"}
COMMAND: POST /session/cec6003545e4d3fb7b98f60442c20044/elements - {"using":"xpath","value":"//button[@data-kt=\"addButton\"]"}
RESULT: {"using":"xpath","value":"//button[@data-kt=\"addButton\"]"}
COMMAND: POST /session/cec6003545e4d3fb7b98f60442c20044/elements - {"using":"xpath","value":"//button[@data-kt=\"addButton\"]"}
RESULT: {"using":"xpath","value":"//button[@data-kt=\"addButton\"]"}
COMMAND: POST /session/cec6003545e4d3fb7b98f60442c20044/elements - {"using":"xpath","value":"//button[@data-kt=\"addButton\"]"}
RESULT: {"using":"xpath","value":"//button[@data-kt=\"addButton\"]"}
COMMAND: POST /session/cec6003545e4d3fb7b98f60442c20044/elements - {"using":"xpath","value":"//button[@data-kt=\"addButton\"]"}
RESULT: {"using":"xpath","value":"//button[@data-kt=\"addButton\"]"}
COMMAND: POST /session/cec6003545e4d3fb7b98f60442c20044/elements - {"using":"xpath","value":"//button[@data-kt=\"addButton\"]"}
RESULT: {"using":"xpath","value":"//button[@data-kt=\"addButton\"]"}
COMMAND: POST /session/cec6003545e4d3fb7b98f60442c20044/elements - {"using":"xpath","value":"//button[@data-kt=\"addButton\"]"}
RESULT: {"using":"xpath","value":"//button[@data-kt=\"addButton\"]"}
COMMAND: POST /session/cec6003545e4d3fb7b98f60442c20044/elements - {"using":"xpath","value":"//button[@data-kt=\"addButton\"]"}
RESULT: {"using":"xpath","value":"//button[@data-kt=\"addButton\"]"}
COMMAND: POST /session/cec6003545e4d3fb7b98f60442c20044/elements - {"using":"xpath","value":"//button[@data-kt=\"addButton\"]"}
RESULT: {"using":"xpath","value":"//button[@data-kt=\"addButton\"]"}
COMMAND: POST /session/cec6003545e4d3fb7b98f60442c20044/elements - {"using":"xpath","value":"//button[@data-kt=\"addButton\"]"}
RESULT: {"using":"xpath","value":"//button[@data-kt=\"addButton\"]"}
COMMAND: POST /session/cec6003545e4d3fb7b98f60442c20044/elements - {"using":"xpath","value":"//button[@data-kt=\"addButton\"]"}
RESULT: {"using":"xpath","value":"//button[@data-kt=\"addButton\"]"}
COMMAND: POST /session/cec6003545e4d3fb7b98f60442c20044/elements - {"using":"xpath","value":"//button[@data-kt=\"addButton\"]"}
RESULT: {"using":"xpath","value":"//button[@data-kt=\"addButton\"]"}
COMMAND: POST /session/cec6003545e4d3fb7b98f60442c20044/elements - {"using":"xpath","value":"//button[@data-kt=\"addButton\"]"}
RESULT: {"using":"xpath","value":"//button[@data-kt=\"addButton\"]"}
COMMAND: POST /session/cec6003545e4d3fb7b98f60442c20044/elements - {"using":"xpath","value":"//button[@data-kt=\"addButton\"]"}
RESULT: {"using":"xpath","value":"//button[@data-kt=\"addButton\"]"}
COMMAND: POST /session/cec6003545e4d3fb7b98f60442c20044/elements - {"using":"xpath","value":"//button[@data-kt=\"addButton\"]"}
RESULT: {"using":"xpath","value":"//button[@data-kt=\"addButton\"]"}
COMMAND: POST /session/cec6003545e4d3fb7b98f60442c20044/elements - {"using":"xpath","value":"//button[@data-kt=\"addButton\"]"}
RESULT: {"using":"xpath","value":"//button[@data-kt=\"addButton\"]"}
COMMAND: POST /session/cec6003545e4d3fb7b98f60442c20044/elements - {"using":"xpath","value":"//button[@data-kt=\"addButton\"]"}
RESULT: {"using":"xpath","value":"//button[@data-kt=\"addButton\"]"}
COMMAND: POST /session/cec6003545e4d3fb7b98f60442c20044/elements - {"using":"xpath","value":"//button[@data-kt=\"addButton\"]"}
RESULT: {"using":"xpath","value":"//button[@data-kt=\"addButton\"]"}
COMMAND: POST /session/cec6003545e4d3fb7b98f60442c20044/elements - {"using":"xpath","value":"//button[@data-kt=\"addButton\"]"}
RESULT: {"using":"xpath","value":"//button[@data-kt=\"addButton\"]"}
COMMAND: POST /session/cec6003545e4d3fb7b98f60442c20044/elements - {"using":"xpath","value":"//button[@data-kt=\"addButton\"]"}
RESULT: {"using":"xpath","value":"//button[@data-kt=\"addButton\"]"}
COMMAND: POST /session/cec6003545e4d3fb7b98f60442c20044/elements - {"using":"xpath","value":"//button[@data-kt=\"addButton\"]"}
RESULT: {"using":"xpath","value":"//button[@data-kt=\"addButton\"]"}
COMMAND: POST /session/cec6003545e4d3fb7b98f60442c20044/elements - {"using":"xpath","value":"//button[@data-kt=\"addButton\"]"}
RESULT: {"using":"xpath","value":"//button[@data-kt=\"addButton\"]"}
COMMAND: POST /session/cec6003545e4d3fb7b98f60442c20044/elements - {"using":"xpath","value":"//button[@data-kt=\"addButton\"]"}
RESULT: {"using":"xpath","value":"//button[@data-kt=\"addButton\"]"}
COMMAND: POST /session/cec6003545e4d3fb7b98f60442c20044/elements - {"using":"xpath","value":"//button[@data-kt=\"addButton\"]"}
RESULT: {"using":"xpath","value":"//button[@data-kt=\"addButton\"]"}
COMMAND: POST /session/cec6003545e4d3fb7b98f60442c20044/elements - {"using":"xpath","value":"//button[@data-kt=\"addButton\"]"}
RESULT: {"using":"xpath","value":"//button[@data-kt=\"addButton\"]"}
COMMAND: POST /session/cec6003545e4d3fb7b98f60442c20044/elements - {"using":"xpath","value":"//button[@data-kt=\"addButton\"]"}
RESULT: {"using":"xpath","value":"//button[@data-kt=\"addButton\"]"}
COMMAND: POST /session/cec6003545e4d3fb7b98f60442c20044/elements - {"using":"xpath","value":"//button[@data-kt=\"addButton\"]"}
RESULT: {"using":"xpath","value":"//button[@data-kt=\"addButton\"]"}
COMMAND: POST /session/cec6003545e4d3fb7b98f60442c20044/elements - {"using":"xpath","value":"//button[@data-kt=\"addButton\"]"}
RESULT: {"using":"xpath","value":"//button[@data-kt=\"addButton\"]"}
COMMAND: POST /session/cec6003545e4d3fb7b98f60442c20044/elements - {"using":"xpath","value":"//button[@data-kt=\"addButton\"]"}
RESULT: {"using":"xpath","value":"//button[@data-kt=\"addButton\"]"}
COMMAND: POST /session/cec6003545e4d3fb7b98f60442c20044/elements - {"using":"xpath","value":"//button[@data-kt=\"addButton\"]"}
RESULT: {"using":"xpath","value":"//button[@data-kt=\"addButton\"]"}
COMMAND: POST /session/cec6003545e4d3fb7b98f60442c20044/elements - {"using":"xpath","value":"//button[@data-kt=\"addButton\"]"}
RESULT: {"using":"xpath","value":"//button[@data-kt=\"addButton\"]"}
COMMAND: POST /session/cec6003545e4d3fb7b98f60442c20044/element - {"using":"xpath","value":"//button[@data-kt=\"addButton\"]"}
RESULT: {"using":"xpath","value":"//button[@data-kt=\"addButton\"]"}
COMMAND: POST /session/cec6003545e4d3fb7b98f60442c20044/execute/sync - {"script":"<script> [8489 bytes]","args":[{"element-6066-11e4-a52e-4f735466cecf":"f.4D8D3C7D094331FBD4D8B7E7F34AB081.d.4EE988C174BCCA8555328042021486A7.e.301","ELEMENT":"f.4D8D3C7D094331FBD4D8B7E7F34AB081.d.4EE988C174BCCA8555328042021486A7.e.301"}]}
RESULT: {"script":"<script> [8489 bytes]","args":[{"element-6066-11e4-a52e-4f735466cecf":"f.4D8D3C7D094331FBD4D8B7E7F34AB081.d.4EE988C174BCCA8555328042021486A7.e.301","ELEMENT":"f.4D8D3C7D094331FBD4D8B7E7F34AB081.d.4EE988C174BCCA8555328042021486A7.e.301"}]}
COMMAND: GET /session/cec6003545e4d3fb7b98f60442c20044/element/f.4D8D3C7D094331FBD4D8B7E7F34AB081.d.4EE988C174BCCA8555328042021486A7.e.301/enabled - {}
COMMAND: GET /session/cec6003545e4d3fb7b98f60442c20044/screenshot - {}
RESULT: {}
COMMAND: POST /session/cec6003545e4d3fb7b98f60442c20044/execute/sync - {"script":"<script> [8489 bytes]","args":[{"element-6066-11e4-a52e-4f735466cecf":"f.4D8D3C7D094331FBD4D8B7E7F34AB081.d.4EE988C174BCCA8555328042021486A7.e.301","ELEMENT":"f.4D8D3C7D094331FBD4D8B7E7F34AB081.d.4EE988C174BCCA8555328042021486A7.e.301"}]}
COMMAND: GET /session/cec6003545e4d3fb7b98f60442c20044/screenshot - {}
RESULT: {}
RESULT: {"script":"<script> [8489 bytes]","args":[{"element-6066-11e4-a52e-4f735466cecf":"f.4D8D3C7D094331FBD4D8B7E7F34AB081.d.4EE988C174BCCA8555328042021486A7.e.301","ELEMENT":"f.4D8D3C7D094331FBD4D8B7E7F34AB081.d.4EE988C174BCCA8555328042021486A7.e.301"}]}
COMMAND: POST /session/cec6003545e4d3fb7b98f60442c20044/execute/sync - {"script":"<script> [5351 bytes]","args":[{"element-6066-11e4-a52e-4f735466cecf":"f.4D8D3C7D094331FBD4D8B7E7F34AB081.d.4EE988C174BCCA8555328042021486A7.e.301","ELEMENT":"f.4D8D3C7D094331FBD4D8B7E7F34AB081.d.4EE988C174BCCA8555328042021486A7.e.301"}]}
COMMAND: GET /session/cec6003545e4d3fb7b98f60442c20044/screenshot - {}
RESULT: {}
RESULT: {"script":"<script> [5351 bytes]","args":[{"element-6066-11e4-a52e-4f735466cecf":"f.4D8D3C7D094331FBD4D8B7E7F34AB081.d.4EE988C174BCCA8555328042021486A7.e.301","ELEMENT":"f.4D8D3C7D094331FBD4D8B7E7F34AB081.d.4EE988C174BCCA8555328042021486A7.e.301"}]}
COMMAND: GET /session/cec6003545e4d3fb7b98f60442c20044/screenshot - {}
RESULT: {}
RESULT: {}
COMMAND: POST /session/cec6003545e4d3fb7b98f60442c20044/execute/async - {"script":"<script> [1562 bytes]","args":[{"selector":{"id":"application-addressmanagement-display-component---masterAdm--smartFilterBar-btnBasicSearch","interaction":{"idSuffix":"I"}},"wdio_ui5_key":"applicationaddressmanagement-display-component---masterAdm--smartFilterBar-btnBasicSearch"}]}
RESULT: {"script":"<script> [1562 bytes]","args":[{"selector":{"id":"application-addressmanagement-display-component---masterAdm--smartFilterBar-btnBasicSearch","interaction":{"idSuffix":"I"}},"wdio_ui5_key":"applicationaddressmanagement-display-component---masterAdm--smartFilterBar-btnBasicSearch"}]}
RESULT: undefined
COMMAND: POST /session/cec6003545e4d3fb7b98f60442c20044/execute/async - {"script":"<script> [776 bytes]","args":[{"enterText":"gtrhyZXy39","selector":{"id":"application-addressmanagement-display-component---masterAdm--smartFilterBar-btnBasicSearch","interaction":{"idSuffix":"I"}},"clearTextFirst":true,"interactionType":"ENTER_TEXT"}]}
RESULT: {"script":"<script> [776 bytes]","args":[{"enterText":"gtrhyZXy39","selector":{"id":"application-addressmanagement-display-component---masterAdm--smartFilterBar-btnBasicSearch","interaction":{"idSuffix":"I"}},"clearTextFirst":true,"interactionType":"ENTER_TEXT"}]}
COMMAND: POST /session/cec6003545e4d3fb7b98f60442c20044/actions - {"actions":[{"id":"action1","type":"key","parameters":{},"actions":[{"type":"keyDown","value":"î€‡"},{"type":"pause","duration":10},{"type":"keyUp","value":"î€‡"}]}]}
RESULT: {"actions":[{"id":"action1","type":"key","parameters":{},"actions":[{"type":"keyDown","value":"î€‡"},{"type":"pause","duration":10},{"type":"keyUp","value":"î€‡"}]}]}
COMMAND: GET /session/cec6003545e4d3fb7b98f60442c20044/screenshot - {}
RESULT: {}
COMMAND: POST /session/cec6003545e4d3fb7b98f60442c20044/elements - {"using":"xpath","value":"//table[contains(@id, \"customPersonsAddressesTable-listUl\")]/tbody/tr"}
RESULT: {"using":"xpath","value":"//table[contains(@id, \"customPersonsAddressesTable-listUl\")]/tbody/tr"}
COMMAND: POST /session/cec6003545e4d3fb7b98f60442c20044/element - {"using":"xpath","value":"//table[contains(@id, \"customPersonsAddressesTable-listUl\")]/tbody/tr[1]/td[5]/span/span"}
RESULT: {"using":"xpath","value":"//table[contains(@id, \"customPersonsAddressesTable-listUl\")]/tbody/tr[1]/td[5]/span/span"}
COMMAND: POST /session/cec6003545e4d3fb7b98f60442c20044/element - {"using":"xpath","value":"//table[contains(@id, \"customPersonsAddressesTable-listUl\")]/tbody/tr[1]/td[3]/span"}
RESULT: {"using":"xpath","value":"//table[contains(@id, \"customPersonsAddressesTable-listUl\")]/tbody/tr[1]/td[3]/span"}
COMMAND: POST /session/cec6003545e4d3fb7b98f60442c20044/elements - {"using":"xpath","value":"//table[contains(@id, \"customPersonsAddressesTable-listUl\")]/tbody/tr[1]/td[5]/span/span"}
RESULT: {"using":"xpath","value":"//table[contains(@id, \"customPersonsAddressesTable-listUl\")]/tbody/tr[1]/td[5]/span/span"}
COMMAND: POST /session/cec6003545e4d3fb7b98f60442c20044/element - {"using":"xpath","value":"//span[@id=\"application-addressmanagement-display-component---masterAdm--smartTable-header-inner\"]"}
RESULT: {"using":"xpath","value":"//span[@id=\"application-addressmanagement-display-component---masterAdm--smartTable-header-inner\"]"}
COMMAND: POST /session/cec6003545e4d3fb7b98f60442c20044/elements - {"using":"xpath","value":"//span[@id=\"application-addressmanagement-display-component---masterAdm--smartTable-header-inner\"]"}
RESULT: {"using":"xpath","value":"//span[@id=\"application-addressmanagement-display-component---masterAdm--smartTable-header-inner\"]"}
COMMAND: POST /session/cec6003545e4d3fb7b98f60442c20044/execute/sync - {"script":"<script> [56 bytes]","args":[{"element-6066-11e4-a52e-4f735466cecf":"f.4D8D3C7D094331FBD4D8B7E7F34AB081.d.4EE988C174BCCA8555328042021486A7.e.443","ELEMENT":"f.4D8D3C7D094331FBD4D8B7E7F34AB081.d.4EE988C174BCCA8555328042021486A7.e.443"}]}
RESULT: {"script":"<script> [56 bytes]","args":[{"element-6066-11e4-a52e-4f735466cecf":"f.4D8D3C7D094331FBD4D8B7E7F34AB081.d.4EE988C174BCCA8555328042021486A7.e.443","ELEMENT":"f.4D8D3C7D094331FBD4D8B7E7F34AB081.d.4EE988C174BCCA8555328042021486A7.e.443"}]}
COMMAND: POST /session/cec6003545e4d3fb7b98f60442c20044/element - {"using":"xpath","value":"//button[@data-kt=\"addButton\"]"}
COMMAND: GET /session/cec6003545e4d3fb7b98f60442c20044/screenshot - {}
RESULT: {"using":"xpath","value":"//button[@data-kt=\"addButton\"]"}
COMMAND: POST /session/cec6003545e4d3fb7b98f60442c20044/element/f.4D8D3C7D094331FBD4D8B7E7F34AB081.d.4EE988C174BCCA8555328042021486A7.e.301/click - {}
RESULT: {}
RESULT: {}
COMMAND: GET /session/cec6003545e4d3fb7b98f60442c20044/screenshot - {}
RESULT: {}
COMMAND: POST /session/cec6003545e4d3fb7b98f60442c20044/execute/async - {"script":"<script> [1562 bytes]","args":[{"selector":{"controlType":"sap.ui.core.Icon","viewName":"etm.portal.ui.addressmanagement.view.NewAddress","properties":{"src":{"regex":{"source":"slim\\-arrow\\-down"}}},"ancestor":{"id":"addressTitle","viewName":"etm.portal.ui.addressmanagement.view.NewAddress"}},"wdio_ui5_key":"etmportal.ui.addressmanagement.view.NewAddresssap.ui.core.Icon{\"src\":{\"regex\":{\"source\":\"slim\\\\-arrow\\\\-down\"}}}{\"id\":\"addressTitle\",\"viewName\":\"etm.portal.ui.addressmanagement.view.NewAddress\"}"}]}
RESULT: {"script":"<script> [1562 bytes]","args":[{"selector":{"controlType":"sap.ui.core.Icon","viewName":"etm.portal.ui.addressmanagement.view.NewAddress","properties":{"src":{"regex":{"source":"slim\\-arrow\\-down"}}},"ancestor":{"id":"addressTitle","viewName":"etm.portal.ui.addressmanagement.view.NewAddress"}},"wdio_ui5_key":"etmportal.ui.addressmanagement.view.NewAddresssap.ui.core.Icon{\"src\":{\"regex\":{\"source\":\"slim\\\\-arrow\\\\-down\"}}}{\"id\":\"addressTitle\",\"viewName\":\"etm.portal.ui.addressmanagement.view.NewAddress\"}"}]}
RESULT: undefined
COMMAND: POST /session/cec6003545e4d3fb7b98f60442c20044/element - {"using":"xpath","value":"//*[@id=\"__xmlview58--addressTitle-arrow\"]"}
RESULT: {"using":"xpath","value":"//*[@id=\"__xmlview58--addressTitle-arrow\"]"}
COMMAND: POST /session/cec6003545e4d3fb7b98f60442c20044/element/f.4D8D3C7D094331FBD4D8B7E7F34AB081.d.4EE988C174BCCA8555328042021486A7.e.473/click - {}
RESULT: {}
COMMAND: GET /session/cec6003545e4d3fb7b98f60442c20044/screenshot - {}
RESULT: {}
COMMAND: POST /session/cec6003545e4d3fb7b98f60442c20044/element - {"using":"xpath","value":"//li[.//span[text()=\"Dr.\"]]"}
RESULT: {"using":"xpath","value":"//li[.//span[text()=\"Dr.\"]]"}
COMMAND: POST /session/cec6003545e4d3fb7b98f60442c20044/element/f.4D8D3C7D094331FBD4D8B7E7F34AB081.d.4EE988C174BCCA8555328042021486A7.e.595/click - {}
RESULT: {}
COMMAND: POST /session/cec6003545e4d3fb7b98f60442c20044/execute/async - {"script":"<script> [1562 bytes]","args":[{"selector":{"controlType":"sap.ui.core.Icon","viewName":"etm.portal.ui.addressmanagement.view.NewAddress","properties":{"src":{"regex":{"source":"slim\\-arrow\\-down"}}},"ancestor":{"id":"addressDetailDetailsLanguage","viewName":"etm.portal.ui.addressmanagement.view.NewAddress"}},"wdio_ui5_key":"etmportal.ui.addressmanagement.view.NewAddresssap.ui.core.Icon{\"src\":{\"regex\":{\"source\":\"slim\\\\-arrow\\\\-down\"}}}{\"id\":\"addressDetailDetailsLanguage\",\"viewName\":\"etm.portal.ui.addressmanagement.view.NewAddress\"}"}]}
COMMAND: GET /session/cec6003545e4d3fb7b98f60442c20044/screenshot - {}
RESULT: {"script":"<script> [1562 bytes]","args":[{"selector":{"controlType":"sap.ui.core.Icon","viewName":"etm.portal.ui.addressmanagement.view.NewAddress","properties":{"src":{"regex":{"source":"slim\\-arrow\\-down"}}},"ancestor":{"id":"addressDetailDetailsLanguage","viewName":"etm.portal.ui.addressmanagement.view.NewAddress"}},"wdio_ui5_key":"etmportal.ui.addressmanagement.view.NewAddresssap.ui.core.Icon{\"src\":{\"regex\":{\"source\":\"slim\\\\-arrow\\\\-down\"}}}{\"id\":\"addressDetailDetailsLanguage\",\"viewName\":\"etm.portal.ui.addressmanagement.view.NewAddress\"}"}]}
RESULT: undefined
COMMAND: POST /session/cec6003545e4d3fb7b98f60442c20044/element - {"using":"xpath","value":"//*[@id=\"__xmlview58--addressDetailDetailsLanguage-arrow\"]"}
RESULT: {}
RESULT: {"using":"xpath","value":"//*[@id=\"__xmlview58--addressDetailDetailsLanguage-arrow\"]"}
COMMAND: POST /session/cec6003545e4d3fb7b98f60442c20044/element/f.4D8D3C7D094331FBD4D8B7E7F34AB081.d.4EE988C174BCCA8555328042021486A7.e.486/click - {}
RESULT: {}
COMMAND: GET /session/cec6003545e4d3fb7b98f60442c20044/screenshot - {}
RESULT: {}
COMMAND: POST /session/cec6003545e4d3fb7b98f60442c20044/element - {"using":"xpath","value":"//span[contains(text(), \"English\")]"}
RESULT: {"using":"xpath","value":"//span[contains(text(), \"English\")]"}
COMMAND: POST /session/cec6003545e4d3fb7b98f60442c20044/element/f.4D8D3C7D094331FBD4D8B7E7F34AB081.d.4EE988C174BCCA8555328042021486A7.e.596/click - {}
RESULT: {}
COMMAND: POST /session/cec6003545e4d3fb7b98f60442c20044/execute/async - {"script":"<script> [1562 bytes]","args":[{"selector":{"controlType":"sap.m.Input","viewName":"etm.portal.ui.addressmanagement.view.NewAddress","labelFor":{"text":"Name"},"interaction":{"idSuffix":"inner"}},"wdio_ui5_key":"etmportal.ui.addressmanagement.view.NewAddresssap.m.Input{\"text\":\"Name\"}"}]}
COMMAND: GET /session/cec6003545e4d3fb7b98f60442c20044/screenshot - {}
RESULT: {"script":"<script> [1562 bytes]","args":[{"selector":{"controlType":"sap.m.Input","viewName":"etm.portal.ui.addressmanagement.view.NewAddress","labelFor":{"text":"Name"},"interaction":{"idSuffix":"inner"}},"wdio_ui5_key":"etmportal.ui.addressmanagement.view.NewAddresssap.m.Input{\"text\":\"Name\"}"}]}
RESULT: undefined
COMMAND: POST /session/cec6003545e4d3fb7b98f60442c20044/execute/async - {"script":"<script> [776 bytes]","args":[{"enterText":"gtrhyZXy39","selector":{"controlType":"sap.m.Input","viewName":"etm.portal.ui.addressmanagement.view.NewAddress","labelFor":{"text":"Name"},"interaction":{"idSuffix":"inner"}},"clearTextFirst":true,"interactionType":"ENTER_TEXT"}]}
RESULT: {}
RESULT: {"script":"<script> [776 bytes]","args":[{"enterText":"gtrhyZXy39","selector":{"controlType":"sap.m.Input","viewName":"etm.portal.ui.addressmanagement.view.NewAddress","labelFor":{"text":"Name"},"interaction":{"idSuffix":"inner"}},"clearTextFirst":true,"interactionType":"ENTER_TEXT"}]}
COMMAND: POST /session/cec6003545e4d3fb7b98f60442c20044/element - {"using":"xpath","value":"//button[@title=\"Save\"]"}
RESULT: {"using":"xpath","value":"//button[@title=\"Save\"]"}
COMMAND: POST /session/cec6003545e4d3fb7b98f60442c20044/element/f.4D8D3C7D094331FBD4D8B7E7F34AB081.d.4EE988C174BCCA8555328042021486A7.e.573/click - {}
RESULT: {}
COMMAND: GET /session/cec6003545e4d3fb7b98f60442c20044/screenshot - {}
RESULT: {}
COMMAND: POST /session/cec6003545e4d3fb7b98f60442c20044/element - {"using":"xpath","value":"//header[contains(@id, \"application-addressmanagement-display-component---detailAdm--ObjectPageLayout-headerTitle\")]/div[1]/div[3]/div[2]/span"}
RESULT: {"using":"xpath","value":"//header[contains(@id, \"application-addressmanagement-display-component---detailAdm--ObjectPageLayout-headerTitle\")]/div[1]/div[3]/div[2]/span"}
COMMAND: POST /session/cec6003545e4d3fb7b98f60442c20044/elements - {"using":"xpath","value":"//header[contains(@id, \"application-addressmanagement-display-component---detailAdm--ObjectPageLayout-headerTitle\")]/div[1]/div[3]/div[2]/span"}
RESULT: {"using":"xpath","value":"//header[contains(@id, \"application-addressmanagement-display-component---detailAdm--ObjectPageLayout-headerTitle\")]/div[1]/div[3]/div[2]/span"}
COMMAND: POST /session/cec6003545e4d3fb7b98f60442c20044/execute/sync - {"script":"<script> [56 bytes]","args":[{"element-6066-11e4-a52e-4f735466cecf":"f.4D8D3C7D094331FBD4D8B7E7F34AB081.d.4EE988C174BCCA8555328042021486A7.e.623","ELEMENT":"f.4D8D3C7D094331FBD4D8B7E7F34AB081.d.4EE988C174BCCA8555328042021486A7.e.623"}]}
RESULT: {"script":"<script> [56 bytes]","args":[{"element-6066-11e4-a52e-4f735466cecf":"f.4D8D3C7D094331FBD4D8B7E7F34AB081.d.4EE988C174BCCA8555328042021486A7.e.623","ELEMENT":"f.4D8D3C7D094331FBD4D8B7E7F34AB081.d.4EE988C174BCCA8555328042021486A7.e.623"}]}
COMMAND: GET /session/cec6003545e4d3fb7b98f60442c20044/screenshot - {}
RESULT: {}
COMMAND: POST /session/cec6003545e4d3fb7b98f60442c20044/element - {"using":"css selector","value":"#shell-header-logo"}
RESULT: {"using":"css selector","value":"#shell-header-logo"}
COMMAND: POST /session/cec6003545e4d3fb7b98f60442c20044/element/f.4D8D3C7D094331FBD4D8B7E7F34AB081.d.4EE988C174BCCA8555328042021486A7.e.264/click - {}
RESULT: {}
COMMAND: GET /session/cec6003545e4d3fb7b98f60442c20044/screenshot - {}
RESULT: {}
]]></system-out>
    </testcase>
    <testcase classname="chrome.135_0_7049_96.windows.Address_Management_Tests_US151165_US151160" name="Step 2 Should deactivate the created address in earlier step US151165" time="46.143">
      <system-out><![CDATA[
RESULT: undefined
COMMAND: POST /session/cec6003545e4d3fb7b98f60442c20044/element - {"using":"xpath","value":"//*[@id=\"__tile33\"]"}
RESULT: {"using":"xpath","value":"//*[@id=\"__tile33\"]"}
COMMAND: POST /session/cec6003545e4d3fb7b98f60442c20044/element/f.4D8D3C7D094331FBD4D8B7E7F34AB081.d.4EE988C174BCCA8555328042021486A7.e.216/click - {}
RESULT: {}
COMMAND: POST /session/cec6003545e4d3fb7b98f60442c20044/element - {"using":"xpath","value":"//button[@data-kt=\"addButton\"]"}
COMMAND: GET /session/cec6003545e4d3fb7b98f60442c20044/screenshot - {}
RESULT: {"using":"xpath","value":"//button[@data-kt=\"addButton\"]"}
COMMAND: POST /session/cec6003545e4d3fb7b98f60442c20044/elements - {"using":"xpath","value":"//button[@data-kt=\"addButton\"]"}
RESULT: {}
RESULT: {"using":"xpath","value":"//button[@data-kt=\"addButton\"]"}
COMMAND: POST /session/cec6003545e4d3fb7b98f60442c20044/elements - {"using":"xpath","value":"//button[@data-kt=\"addButton\"]"}
RESULT: {"using":"xpath","value":"//button[@data-kt=\"addButton\"]"}
COMMAND: POST /session/cec6003545e4d3fb7b98f60442c20044/element - {"using":"xpath","value":"//button[@data-kt=\"addButton\"]"}
RESULT: {"using":"xpath","value":"//button[@data-kt=\"addButton\"]"}
COMMAND: POST /session/cec6003545e4d3fb7b98f60442c20044/execute/sync - {"script":"<script> [8489 bytes]","args":[{"element-6066-11e4-a52e-4f735466cecf":"f.4D8D3C7D094331FBD4D8B7E7F34AB081.d.4EE988C174BCCA8555328042021486A7.e.680","ELEMENT":"f.4D8D3C7D094331FBD4D8B7E7F34AB081.d.4EE988C174BCCA8555328042021486A7.e.680"}]}
RESULT: {"script":"<script> [8489 bytes]","args":[{"element-6066-11e4-a52e-4f735466cecf":"f.4D8D3C7D094331FBD4D8B7E7F34AB081.d.4EE988C174BCCA8555328042021486A7.e.680","ELEMENT":"f.4D8D3C7D094331FBD4D8B7E7F34AB081.d.4EE988C174BCCA8555328042021486A7.e.680"}]}
COMMAND: GET /session/cec6003545e4d3fb7b98f60442c20044/element/f.4D8D3C7D094331FBD4D8B7E7F34AB081.d.4EE988C174BCCA8555328042021486A7.e.680/enabled - {}
COMMAND: GET /session/cec6003545e4d3fb7b98f60442c20044/screenshot - {}
RESULT: {}
COMMAND: POST /session/cec6003545e4d3fb7b98f60442c20044/execute/sync - {"script":"<script> [8489 bytes]","args":[{"element-6066-11e4-a52e-4f735466cecf":"f.4D8D3C7D094331FBD4D8B7E7F34AB081.d.4EE988C174BCCA8555328042021486A7.e.680","ELEMENT":"f.4D8D3C7D094331FBD4D8B7E7F34AB081.d.4EE988C174BCCA8555328042021486A7.e.680"}]}
COMMAND: GET /session/cec6003545e4d3fb7b98f60442c20044/screenshot - {}
RESULT: {}
RESULT: {"script":"<script> [8489 bytes]","args":[{"element-6066-11e4-a52e-4f735466cecf":"f.4D8D3C7D094331FBD4D8B7E7F34AB081.d.4EE988C174BCCA8555328042021486A7.e.680","ELEMENT":"f.4D8D3C7D094331FBD4D8B7E7F34AB081.d.4EE988C174BCCA8555328042021486A7.e.680"}]}
COMMAND: POST /session/cec6003545e4d3fb7b98f60442c20044/execute/sync - {"script":"<script> [5351 bytes]","args":[{"element-6066-11e4-a52e-4f735466cecf":"f.4D8D3C7D094331FBD4D8B7E7F34AB081.d.4EE988C174BCCA8555328042021486A7.e.680","ELEMENT":"f.4D8D3C7D094331FBD4D8B7E7F34AB081.d.4EE988C174BCCA8555328042021486A7.e.680"}]}
COMMAND: GET /session/cec6003545e4d3fb7b98f60442c20044/screenshot - {}
RESULT: {}
RESULT: {"script":"<script> [5351 bytes]","args":[{"element-6066-11e4-a52e-4f735466cecf":"f.4D8D3C7D094331FBD4D8B7E7F34AB081.d.4EE988C174BCCA8555328042021486A7.e.680","ELEMENT":"f.4D8D3C7D094331FBD4D8B7E7F34AB081.d.4EE988C174BCCA8555328042021486A7.e.680"}]}
COMMAND: GET /session/cec6003545e4d3fb7b98f60442c20044/screenshot - {}
RESULT: {}
RESULT: {}
RESULT: undefined
COMMAND: POST /session/cec6003545e4d3fb7b98f60442c20044/execute/async - {"script":"<script> [776 bytes]","args":[{"enterText":"gtrhyZXy39","selector":{"id":"application-addressmanagement-display-component---masterAdm--smartFilterBar-btnBasicSearch","interaction":{"idSuffix":"I"}},"clearTextFirst":true,"interactionType":"ENTER_TEXT"}]}
RESULT: {"script":"<script> [776 bytes]","args":[{"enterText":"gtrhyZXy39","selector":{"id":"application-addressmanagement-display-component---masterAdm--smartFilterBar-btnBasicSearch","interaction":{"idSuffix":"I"}},"clearTextFirst":true,"interactionType":"ENTER_TEXT"}]}
COMMAND: POST /session/cec6003545e4d3fb7b98f60442c20044/actions - {"actions":[{"id":"action2","type":"key","parameters":{},"actions":[{"type":"keyDown","value":"î€‡"},{"type":"pause","duration":10},{"type":"keyUp","value":"î€‡"}]}]}
RESULT: {"actions":[{"id":"action2","type":"key","parameters":{},"actions":[{"type":"keyDown","value":"î€‡"},{"type":"pause","duration":10},{"type":"keyUp","value":"î€‡"}]}]}
COMMAND: GET /session/cec6003545e4d3fb7b98f60442c20044/screenshot - {}
RESULT: {}
COMMAND: POST /session/cec6003545e4d3fb7b98f60442c20044/elements - {"using":"xpath","value":"//table[contains(@id, \"customPersonsAddressesTable-listUl\")]/tbody/tr"}
RESULT: {"using":"xpath","value":"//table[contains(@id, \"customPersonsAddressesTable-listUl\")]/tbody/tr"}
COMMAND: POST /session/cec6003545e4d3fb7b98f60442c20044/element - {"using":"xpath","value":"//table[contains(@id, \"customPersonsAddressesTable-listUl\")]/tbody/tr[1]/td[5]/span/span"}
RESULT: {"using":"xpath","value":"//table[contains(@id, \"customPersonsAddressesTable-listUl\")]/tbody/tr[1]/td[5]/span/span"}
COMMAND: POST /session/cec6003545e4d3fb7b98f60442c20044/element - {"using":"xpath","value":"//table[contains(@id, \"customPersonsAddressesTable-listUl\")]/tbody/tr[1]/td[3]/span"}
RESULT: {"using":"xpath","value":"//table[contains(@id, \"customPersonsAddressesTable-listUl\")]/tbody/tr[1]/td[3]/span"}
COMMAND: POST /session/cec6003545e4d3fb7b98f60442c20044/elements - {"using":"xpath","value":"//table[contains(@id, \"customPersonsAddressesTable-listUl\")]/tbody/tr[1]/td[5]/span/span"}
RESULT: {"using":"xpath","value":"//table[contains(@id, \"customPersonsAddressesTable-listUl\")]/tbody/tr[1]/td[5]/span/span"}
COMMAND: POST /session/cec6003545e4d3fb7b98f60442c20044/execute/sync - {"script":"<script> [56 bytes]","args":[{"element-6066-11e4-a52e-4f735466cecf":"f.4D8D3C7D094331FBD4D8B7E7F34AB081.d.4EE988C174BCCA8555328042021486A7.e.822","ELEMENT":"f.4D8D3C7D094331FBD4D8B7E7F34AB081.d.4EE988C174BCCA8555328042021486A7.e.822"}]}
RESULT: {"script":"<script> [56 bytes]","args":[{"element-6066-11e4-a52e-4f735466cecf":"f.4D8D3C7D094331FBD4D8B7E7F34AB081.d.4EE988C174BCCA8555328042021486A7.e.822","ELEMENT":"f.4D8D3C7D094331FBD4D8B7E7F34AB081.d.4EE988C174BCCA8555328042021486A7.e.822"}]}
COMMAND: POST /session/cec6003545e4d3fb7b98f60442c20044/execute/sync - {"script":"<script> [56 bytes]","args":[{"element-6066-11e4-a52e-4f735466cecf":"f.4D8D3C7D094331FBD4D8B7E7F34AB081.d.4EE988C174BCCA8555328042021486A7.e.823","ELEMENT":"f.4D8D3C7D094331FBD4D8B7E7F34AB081.d.4EE988C174BCCA8555328042021486A7.e.823"}]}
COMMAND: GET /session/cec6003545e4d3fb7b98f60442c20044/screenshot - {}
RESULT: {"script":"<script> [56 bytes]","args":[{"element-6066-11e4-a52e-4f735466cecf":"f.4D8D3C7D094331FBD4D8B7E7F34AB081.d.4EE988C174BCCA8555328042021486A7.e.823","ELEMENT":"f.4D8D3C7D094331FBD4D8B7E7F34AB081.d.4EE988C174BCCA8555328042021486A7.e.823"}]}
COMMAND: POST /session/cec6003545e4d3fb7b98f60442c20044/element - {"using":"xpath","value":"//table[contains(@id, \"customPersonsAddressesTable-listUl\")]/tbody/tr[1]/td[10]/div/span"}
COMMAND: GET /session/cec6003545e4d3fb7b98f60442c20044/screenshot - {}
RESULT: {}
RESULT: {"using":"xpath","value":"//table[contains(@id, \"customPersonsAddressesTable-listUl\")]/tbody/tr[1]/td[10]/div/span"}
COMMAND: POST /session/cec6003545e4d3fb7b98f60442c20044/execute/sync - {"script":"<script> [56 bytes]","args":[{"element-6066-11e4-a52e-4f735466cecf":"f.4D8D3C7D094331FBD4D8B7E7F34AB081.d.4EE988C174BCCA8555328042021486A7.e.824","ELEMENT":"f.4D8D3C7D094331FBD4D8B7E7F34AB081.d.4EE988C174BCCA8555328042021486A7.e.824"}]}
RESULT: {}
RESULT: {"script":"<script> [56 bytes]","args":[{"element-6066-11e4-a52e-4f735466cecf":"f.4D8D3C7D094331FBD4D8B7E7F34AB081.d.4EE988C174BCCA8555328042021486A7.e.824","ELEMENT":"f.4D8D3C7D094331FBD4D8B7E7F34AB081.d.4EE988C174BCCA8555328042021486A7.e.824"}]}
COMMAND: POST /session/cec6003545e4d3fb7b98f60442c20044/element - {"using":"xpath","value":"//table[contains(@id, \"customPersonsAddressesTable-listUl\")]/tbody/tr[1]/td[2]/div/div"}
COMMAND: GET /session/cec6003545e4d3fb7b98f60442c20044/screenshot - {}
RESULT: {"using":"xpath","value":"//table[contains(@id, \"customPersonsAddressesTable-listUl\")]/tbody/tr[1]/td[2]/div/div"}
COMMAND: POST /session/cec6003545e4d3fb7b98f60442c20044/element/f.4D8D3C7D094331FBD4D8B7E7F34AB081.d.4EE988C174BCCA8555328042021486A7.e.825/click - {}
RESULT: {}
RESULT: {}
COMMAND: GET /session/cec6003545e4d3fb7b98f60442c20044/screenshot - {}
RESULT: {}
COMMAND: POST /session/cec6003545e4d3fb7b98f60442c20044/element - {"using":"xpath","value":"//bdi[contains(text(), \"Deactivate\")]"}
RESULT: {"using":"xpath","value":"//bdi[contains(text(), \"Deactivate\")]"}
COMMAND: POST /session/cec6003545e4d3fb7b98f60442c20044/element/f.4D8D3C7D094331FBD4D8B7E7F34AB081.d.4EE988C174BCCA8555328042021486A7.e.826/click - {}
RESULT: {}
COMMAND: GET /session/cec6003545e4d3fb7b98f60442c20044/screenshot - {}
RESULT: {}
COMMAND: POST /session/cec6003545e4d3fb7b98f60442c20044/element - {"using":"xpath","value":"//bdi[contains(text(), \"Yes\")]"}
RESULT: {"using":"xpath","value":"//bdi[contains(text(), \"Yes\")]"}
COMMAND: POST /session/cec6003545e4d3fb7b98f60442c20044/element/f.4D8D3C7D094331FBD4D8B7E7F34AB081.d.4EE988C174BCCA8555328042021486A7.e.828/click - {}
RESULT: {}
COMMAND: GET /session/cec6003545e4d3fb7b98f60442c20044/screenshot - {}
RESULT: {}
COMMAND: POST /session/cec6003545e4d3fb7b98f60442c20044/element - {"using":"xpath","value":"//table[contains(@id, \"customPersonsAddressesTable-listUl\")]/tbody/tr[1]/td[10]/div/span"}
RESULT: {"using":"xpath","value":"//table[contains(@id, \"customPersonsAddressesTable-listUl\")]/tbody/tr[1]/td[10]/div/span"}
COMMAND: POST /session/cec6003545e4d3fb7b98f60442c20044/execute/sync - {"script":"<script> [56 bytes]","args":[{"element-6066-11e4-a52e-4f735466cecf":"f.4D8D3C7D094331FBD4D8B7E7F34AB081.d.4EE988C174BCCA8555328042021486A7.e.824","ELEMENT":"f.4D8D3C7D094331FBD4D8B7E7F34AB081.d.4EE988C174BCCA8555328042021486A7.e.824"}]}
RESULT: {"script":"<script> [56 bytes]","args":[{"element-6066-11e4-a52e-4f735466cecf":"f.4D8D3C7D094331FBD4D8B7E7F34AB081.d.4EE988C174BCCA8555328042021486A7.e.824","ELEMENT":"f.4D8D3C7D094331FBD4D8B7E7F34AB081.d.4EE988C174BCCA8555328042021486A7.e.824"}]}
COMMAND: GET /session/cec6003545e4d3fb7b98f60442c20044/screenshot - {}
RESULT: {}
COMMAND: POST /session/cec6003545e4d3fb7b98f60442c20044/element - {"using":"css selector","value":"#shell-header-logo"}
RESULT: {"using":"css selector","value":"#shell-header-logo"}
COMMAND: POST /session/cec6003545e4d3fb7b98f60442c20044/element/f.4D8D3C7D094331FBD4D8B7E7F34AB081.d.4EE988C174BCCA8555328042021486A7.e.628/click - {}
RESULT: {}
COMMAND: GET /session/cec6003545e4d3fb7b98f60442c20044/screenshot - {}
RESULT: {}
]]></system-out>
    </testcase>
    <testcase classname="chrome.135_0_7049_96.windows.Address_Management_Tests_US151165_US151160" name="Step 3 Should activate the created address back again US151160" time="45.065">
      <system-out><![CDATA[
RESULT: undefined
COMMAND: POST /session/cec6003545e4d3fb7b98f60442c20044/element - {"using":"xpath","value":"//*[@id=\"__tile33\"]"}
RESULT: {"using":"xpath","value":"//*[@id=\"__tile33\"]"}
COMMAND: POST /session/cec6003545e4d3fb7b98f60442c20044/element/f.4D8D3C7D094331FBD4D8B7E7F34AB081.d.4EE988C174BCCA8555328042021486A7.e.216/click - {}
RESULT: {}
COMMAND: POST /session/cec6003545e4d3fb7b98f60442c20044/element - {"using":"xpath","value":"//button[@data-kt=\"addButton\"]"}
COMMAND: GET /session/cec6003545e4d3fb7b98f60442c20044/screenshot - {}
RESULT: {}
RESULT: {"using":"xpath","value":"//button[@data-kt=\"addButton\"]"}
COMMAND: POST /session/cec6003545e4d3fb7b98f60442c20044/elements - {"using":"xpath","value":"//button[@data-kt=\"addButton\"]"}
RESULT: {"using":"xpath","value":"//button[@data-kt=\"addButton\"]"}
COMMAND: POST /session/cec6003545e4d3fb7b98f60442c20044/execute/sync - {"script":"<script> [8489 bytes]","args":[{"element-6066-11e4-a52e-4f735466cecf":"f.4D8D3C7D094331FBD4D8B7E7F34AB081.d.4EE988C174BCCA8555328042021486A7.e.874","ELEMENT":"f.4D8D3C7D094331FBD4D8B7E7F34AB081.d.4EE988C174BCCA8555328042021486A7.e.874"}]}
RESULT: {"script":"<script> [8489 bytes]","args":[{"element-6066-11e4-a52e-4f735466cecf":"f.4D8D3C7D094331FBD4D8B7E7F34AB081.d.4EE988C174BCCA8555328042021486A7.e.874","ELEMENT":"f.4D8D3C7D094331FBD4D8B7E7F34AB081.d.4EE988C174BCCA8555328042021486A7.e.874"}]}
COMMAND: GET /session/cec6003545e4d3fb7b98f60442c20044/element/f.4D8D3C7D094331FBD4D8B7E7F34AB081.d.4EE988C174BCCA8555328042021486A7.e.874/enabled - {}
COMMAND: GET /session/cec6003545e4d3fb7b98f60442c20044/screenshot - {}
RESULT: {}
COMMAND: POST /session/cec6003545e4d3fb7b98f60442c20044/execute/sync - {"script":"<script> [8489 bytes]","args":[{"element-6066-11e4-a52e-4f735466cecf":"f.4D8D3C7D094331FBD4D8B7E7F34AB081.d.4EE988C174BCCA8555328042021486A7.e.874","ELEMENT":"f.4D8D3C7D094331FBD4D8B7E7F34AB081.d.4EE988C174BCCA8555328042021486A7.e.874"}]}
COMMAND: GET /session/cec6003545e4d3fb7b98f60442c20044/screenshot - {}
RESULT: {}
RESULT: {"script":"<script> [8489 bytes]","args":[{"element-6066-11e4-a52e-4f735466cecf":"f.4D8D3C7D094331FBD4D8B7E7F34AB081.d.4EE988C174BCCA8555328042021486A7.e.874","ELEMENT":"f.4D8D3C7D094331FBD4D8B7E7F34AB081.d.4EE988C174BCCA8555328042021486A7.e.874"}]}
COMMAND: POST /session/cec6003545e4d3fb7b98f60442c20044/execute/sync - {"script":"<script> [5351 bytes]","args":[{"element-6066-11e4-a52e-4f735466cecf":"f.4D8D3C7D094331FBD4D8B7E7F34AB081.d.4EE988C174BCCA8555328042021486A7.e.874","ELEMENT":"f.4D8D3C7D094331FBD4D8B7E7F34AB081.d.4EE988C174BCCA8555328042021486A7.e.874"}]}
COMMAND: GET /session/cec6003545e4d3fb7b98f60442c20044/screenshot - {}
RESULT: {}
RESULT: {"script":"<script> [5351 bytes]","args":[{"element-6066-11e4-a52e-4f735466cecf":"f.4D8D3C7D094331FBD4D8B7E7F34AB081.d.4EE988C174BCCA8555328042021486A7.e.874","ELEMENT":"f.4D8D3C7D094331FBD4D8B7E7F34AB081.d.4EE988C174BCCA8555328042021486A7.e.874"}]}
COMMAND: GET /session/cec6003545e4d3fb7b98f60442c20044/screenshot - {}
RESULT: {}
RESULT: {}
RESULT: undefined
COMMAND: POST /session/cec6003545e4d3fb7b98f60442c20044/execute/async - {"script":"<script> [776 bytes]","args":[{"enterText":"gtrhyZXy39","selector":{"id":"application-addressmanagement-display-component---masterAdm--smartFilterBar-btnBasicSearch","interaction":{"idSuffix":"I"}},"clearTextFirst":true,"interactionType":"ENTER_TEXT"}]}
RESULT: {"script":"<script> [776 bytes]","args":[{"enterText":"gtrhyZXy39","selector":{"id":"application-addressmanagement-display-component---masterAdm--smartFilterBar-btnBasicSearch","interaction":{"idSuffix":"I"}},"clearTextFirst":true,"interactionType":"ENTER_TEXT"}]}
COMMAND: POST /session/cec6003545e4d3fb7b98f60442c20044/actions - {"actions":[{"id":"action3","type":"key","parameters":{},"actions":[{"type":"keyDown","value":"î€‡"},{"type":"pause","duration":10},{"type":"keyUp","value":"î€‡"}]}]}
RESULT: {"actions":[{"id":"action3","type":"key","parameters":{},"actions":[{"type":"keyDown","value":"î€‡"},{"type":"pause","duration":10},{"type":"keyUp","value":"î€‡"}]}]}
COMMAND: GET /session/cec6003545e4d3fb7b98f60442c20044/screenshot - {}
RESULT: {}
COMMAND: POST /session/cec6003545e4d3fb7b98f60442c20044/elements - {"using":"xpath","value":"//table[contains(@id, \"customPersonsAddressesTable-listUl\")]/tbody/tr"}
RESULT: {"using":"xpath","value":"//table[contains(@id, \"customPersonsAddressesTable-listUl\")]/tbody/tr"}
COMMAND: POST /session/cec6003545e4d3fb7b98f60442c20044/element - {"using":"xpath","value":"//table[contains(@id, \"customPersonsAddressesTable-listUl\")]/tbody/tr[1]/td[5]/span/span"}
RESULT: {"using":"xpath","value":"//table[contains(@id, \"customPersonsAddressesTable-listUl\")]/tbody/tr[1]/td[5]/span/span"}
COMMAND: POST /session/cec6003545e4d3fb7b98f60442c20044/element - {"using":"xpath","value":"//table[contains(@id, \"customPersonsAddressesTable-listUl\")]/tbody/tr[1]/td[3]/span"}
RESULT: {"using":"xpath","value":"//table[contains(@id, \"customPersonsAddressesTable-listUl\")]/tbody/tr[1]/td[3]/span"}
COMMAND: POST /session/cec6003545e4d3fb7b98f60442c20044/elements - {"using":"xpath","value":"//table[contains(@id, \"customPersonsAddressesTable-listUl\")]/tbody/tr[1]/td[5]/span/span"}
RESULT: {"using":"xpath","value":"//table[contains(@id, \"customPersonsAddressesTable-listUl\")]/tbody/tr[1]/td[5]/span/span"}
COMMAND: POST /session/cec6003545e4d3fb7b98f60442c20044/execute/sync - {"script":"<script> [56 bytes]","args":[{"element-6066-11e4-a52e-4f735466cecf":"f.4D8D3C7D094331FBD4D8B7E7F34AB081.d.4EE988C174BCCA8555328042021486A7.e.1024","ELEMENT":"f.4D8D3C7D094331FBD4D8B7E7F34AB081.d.4EE988C174BCCA8555328042021486A7.e.1024"}]}
RESULT: {"script":"<script> [56 bytes]","args":[{"element-6066-11e4-a52e-4f735466cecf":"f.4D8D3C7D094331FBD4D8B7E7F34AB081.d.4EE988C174BCCA8555328042021486A7.e.1024","ELEMENT":"f.4D8D3C7D094331FBD4D8B7E7F34AB081.d.4EE988C174BCCA8555328042021486A7.e.1024"}]}
COMMAND: POST /session/cec6003545e4d3fb7b98f60442c20044/execute/sync - {"script":"<script> [56 bytes]","args":[{"element-6066-11e4-a52e-4f735466cecf":"f.4D8D3C7D094331FBD4D8B7E7F34AB081.d.4EE988C174BCCA8555328042021486A7.e.1025","ELEMENT":"f.4D8D3C7D094331FBD4D8B7E7F34AB081.d.4EE988C174BCCA8555328042021486A7.e.1025"}]}
COMMAND: GET /session/cec6003545e4d3fb7b98f60442c20044/screenshot - {}
RESULT: {"script":"<script> [56 bytes]","args":[{"element-6066-11e4-a52e-4f735466cecf":"f.4D8D3C7D094331FBD4D8B7E7F34AB081.d.4EE988C174BCCA8555328042021486A7.e.1025","ELEMENT":"f.4D8D3C7D094331FBD4D8B7E7F34AB081.d.4EE988C174BCCA8555328042021486A7.e.1025"}]}
COMMAND: POST /session/cec6003545e4d3fb7b98f60442c20044/element - {"using":"xpath","value":"//table[contains(@id, \"customPersonsAddressesTable-listUl\")]/tbody/tr[1]/td[10]/div/span"}
COMMAND: GET /session/cec6003545e4d3fb7b98f60442c20044/screenshot - {}
RESULT: {}
RESULT: {"using":"xpath","value":"//table[contains(@id, \"customPersonsAddressesTable-listUl\")]/tbody/tr[1]/td[10]/div/span"}
COMMAND: POST /session/cec6003545e4d3fb7b98f60442c20044/execute/sync - {"script":"<script> [56 bytes]","args":[{"element-6066-11e4-a52e-4f735466cecf":"f.4D8D3C7D094331FBD4D8B7E7F34AB081.d.4EE988C174BCCA8555328042021486A7.e.1026","ELEMENT":"f.4D8D3C7D094331FBD4D8B7E7F34AB081.d.4EE988C174BCCA8555328042021486A7.e.1026"}]}
RESULT: {}
RESULT: {"script":"<script> [56 bytes]","args":[{"element-6066-11e4-a52e-4f735466cecf":"f.4D8D3C7D094331FBD4D8B7E7F34AB081.d.4EE988C174BCCA8555328042021486A7.e.1026","ELEMENT":"f.4D8D3C7D094331FBD4D8B7E7F34AB081.d.4EE988C174BCCA8555328042021486A7.e.1026"}]}
COMMAND: POST /session/cec6003545e4d3fb7b98f60442c20044/element - {"using":"xpath","value":"//table[contains(@id, \"customPersonsAddressesTable-listUl\")]/tbody/tr[1]/td[2]/div/div"}
COMMAND: GET /session/cec6003545e4d3fb7b98f60442c20044/screenshot - {}
RESULT: {"using":"xpath","value":"//table[contains(@id, \"customPersonsAddressesTable-listUl\")]/tbody/tr[1]/td[2]/div/div"}
COMMAND: POST /session/cec6003545e4d3fb7b98f60442c20044/element/f.4D8D3C7D094331FBD4D8B7E7F34AB081.d.4EE988C174BCCA8555328042021486A7.e.1027/click - {}
RESULT: {}
RESULT: {}
COMMAND: GET /session/cec6003545e4d3fb7b98f60442c20044/screenshot - {}
RESULT: {}
COMMAND: POST /session/cec6003545e4d3fb7b98f60442c20044/element - {"using":"xpath","value":"//bdi[contains(text(), \"Activate\")]"}
RESULT: {"using":"xpath","value":"//bdi[contains(text(), \"Activate\")]"}
COMMAND: POST /session/cec6003545e4d3fb7b98f60442c20044/element/f.4D8D3C7D094331FBD4D8B7E7F34AB081.d.4EE988C174BCCA8555328042021486A7.e.1028/click - {}
RESULT: {}
COMMAND: GET /session/cec6003545e4d3fb7b98f60442c20044/screenshot - {}
RESULT: {}
COMMAND: POST /session/cec6003545e4d3fb7b98f60442c20044/element - {"using":"xpath","value":"//bdi[contains(text(), \"Yes\")]"}
RESULT: {"using":"xpath","value":"//bdi[contains(text(), \"Yes\")]"}
COMMAND: POST /session/cec6003545e4d3fb7b98f60442c20044/element/f.4D8D3C7D094331FBD4D8B7E7F34AB081.d.4EE988C174BCCA8555328042021486A7.e.1030/click - {}
RESULT: {}
COMMAND: GET /session/cec6003545e4d3fb7b98f60442c20044/screenshot - {}
RESULT: {}
COMMAND: POST /session/cec6003545e4d3fb7b98f60442c20044/element - {"using":"xpath","value":"//table[contains(@id, \"customPersonsAddressesTable-listUl\")]/tbody/tr[1]/td[10]/div/span"}
RESULT: {"using":"xpath","value":"//table[contains(@id, \"customPersonsAddressesTable-listUl\")]/tbody/tr[1]/td[10]/div/span"}
COMMAND: POST /session/cec6003545e4d3fb7b98f60442c20044/execute/sync - {"script":"<script> [56 bytes]","args":[{"element-6066-11e4-a52e-4f735466cecf":"f.4D8D3C7D094331FBD4D8B7E7F34AB081.d.4EE988C174BCCA8555328042021486A7.e.1026","ELEMENT":"f.4D8D3C7D094331FBD4D8B7E7F34AB081.d.4EE988C174BCCA8555328042021486A7.e.1026"}]}
RESULT: {"script":"<script> [56 bytes]","args":[{"element-6066-11e4-a52e-4f735466cecf":"f.4D8D3C7D094331FBD4D8B7E7F34AB081.d.4EE988C174BCCA8555328042021486A7.e.1026","ELEMENT":"f.4D8D3C7D094331FBD4D8B7E7F34AB081.d.4EE988C174BCCA8555328042021486A7.e.1026"}]}
COMMAND: GET /session/cec6003545e4d3fb7b98f60442c20044/screenshot - {}
RESULT: {}
COMMAND: POST /session/cec6003545e4d3fb7b98f60442c20044/element - {"using":"css selector","value":"#shell-header-logo"}
RESULT: {"using":"css selector","value":"#shell-header-logo"}
COMMAND: POST /session/cec6003545e4d3fb7b98f60442c20044/element/f.4D8D3C7D094331FBD4D8B7E7F34AB081.d.4EE988C174BCCA8555328042021486A7.e.836/click - {}
RESULT: {}
COMMAND: GET /session/cec6003545e4d3fb7b98f60442c20044/screenshot - {}
RESULT: {}
COMMAND: DELETE /session/cec6003545e4d3fb7b98f60442c20044 - {}
RESULT: {}
]]></system-out>
    </testcase>
  </testsuite>
</testsuites>