<?xml version="1.0" encoding="UTF-8"?>
<testsuites tests="9" failures="5" errors="5" skipped="0">
  <testsuite timestamp="2025-06-04T05:15:47" time="728.355" tests="9" failures="5" errors="5" skipped="0">
    <properties>
      <property name="specId" value="0" />
      <property name="suiteName" value="Address Management Tests US156181 US151165 US151160 US156180 US156178 US151157 US151172 US151170 US151166 US151168" />
      <property name="capabilities" value="chrome.136_0_7103_93.windows" />
      <property name="file" value="file:///D:/a/1/s/test/specs/BTS/address-management.spec.js" />
    </properties>
    <testcase classname="chrome.136_0_7103_93.windows.Address_Management_Tests_US156181_US151165_US151160_US156180_US156178_US151157_US151172_US151170_US151166_US151168" name="Step 1 Will check existence of address created with generated name if none then we create US156181" time="64.026">
      <system-out><![CDATA[
COMMAND: POST /session/7587d6046b3c1b09e064ced46cf330df/execute/async - {"script":"<script> [1562 bytes]","args":[{"selector":{"controlType":"sap.m.GenericTile","properties":{"header":"Address Management"}},"wdio_ui5_key":"sapm.GenericTile{\"header\":\"Address Management\"}"}]}
RESULT: {"script":"<script> [1562 bytes]","args":[{"selector":{"controlType":"sap.m.GenericTile","properties":{"header":"Address Management"}},"wdio_ui5_key":"sapm.GenericTile{\"header\":\"Address Management\"}"}]}
RESULT: undefined
COMMAND: POST /session/7587d6046b3c1b09e064ced46cf330df/element - {"using":"xpath","value":"//*[@id=\"__tile33\"]"}
RESULT: {"using":"xpath","value":"//*[@id=\"__tile33\"]"}
COMMAND: POST /session/7587d6046b3c1b09e064ced46cf330df/element/f.B39D86F39810CDE77319A15301F57A28.d.A2F6DF1527A09F3B500D7C3777EBE4E9.e.231/click - {}
RESULT: {}
COMMAND: GET /session/7587d6046b3c1b09e064ced46cf330df/screenshot - {}
RESULT: {}
COMMAND: POST /session/7587d6046b3c1b09e064ced46cf330df/elements - {"using":"xpath","value":"//span[text()='Error']"}
RESULT: {"using":"xpath","value":"//span[text()='Error']"}
COMMAND: POST /session/7587d6046b3c1b09e064ced46cf330df/element - {"using":"xpath","value":"//button[@data-kt=\"addButton\"]"}
RESULT: {"using":"xpath","value":"//button[@data-kt=\"addButton\"]"}
COMMAND: POST /session/7587d6046b3c1b09e064ced46cf330df/elements - {"using":"xpath","value":"//button[@data-kt=\"addButton\"]"}
RESULT: {"using":"xpath","value":"//button[@data-kt=\"addButton\"]"}
COMMAND: POST /session/7587d6046b3c1b09e064ced46cf330df/execute/sync - {"script":"<script> [8489 bytes]","args":[{"element-6066-11e4-a52e-4f735466cecf":"f.B39D86F39810CDE77319A15301F57A28.d.A2F6DF1527A09F3B500D7C3777EBE4E9.e.317","ELEMENT":"f.B39D86F39810CDE77319A15301F57A28.d.A2F6DF1527A09F3B500D7C3777EBE4E9.e.317"}]}
RESULT: {"script":"<script> [8489 bytes]","args":[{"element-6066-11e4-a52e-4f735466cecf":"f.B39D86F39810CDE77319A15301F57A28.d.A2F6DF1527A09F3B500D7C3777EBE4E9.e.317","ELEMENT":"f.B39D86F39810CDE77319A15301F57A28.d.A2F6DF1527A09F3B500D7C3777EBE4E9.e.317"}]}
COMMAND: GET /session/7587d6046b3c1b09e064ced46cf330df/element/f.B39D86F39810CDE77319A15301F57A28.d.A2F6DF1527A09F3B500D7C3777EBE4E9.e.317/enabled - {}
COMMAND: GET /session/7587d6046b3c1b09e064ced46cf330df/screenshot - {}
RESULT: {}
COMMAND: POST /session/7587d6046b3c1b09e064ced46cf330df/execute/sync - {"script":"<script> [8489 bytes]","args":[{"element-6066-11e4-a52e-4f735466cecf":"f.B39D86F39810CDE77319A15301F57A28.d.A2F6DF1527A09F3B500D7C3777EBE4E9.e.317","ELEMENT":"f.B39D86F39810CDE77319A15301F57A28.d.A2F6DF1527A09F3B500D7C3777EBE4E9.e.317"}]}
COMMAND: GET /session/7587d6046b3c1b09e064ced46cf330df/screenshot - {}
RESULT: {}
RESULT: {"script":"<script> [8489 bytes]","args":[{"element-6066-11e4-a52e-4f735466cecf":"f.B39D86F39810CDE77319A15301F57A28.d.A2F6DF1527A09F3B500D7C3777EBE4E9.e.317","ELEMENT":"f.B39D86F39810CDE77319A15301F57A28.d.A2F6DF1527A09F3B500D7C3777EBE4E9.e.317"}]}
COMMAND: POST /session/7587d6046b3c1b09e064ced46cf330df/execute/sync - {"script":"<script> [5351 bytes]","args":[{"element-6066-11e4-a52e-4f735466cecf":"f.B39D86F39810CDE77319A15301F57A28.d.A2F6DF1527A09F3B500D7C3777EBE4E9.e.317","ELEMENT":"f.B39D86F39810CDE77319A15301F57A28.d.A2F6DF1527A09F3B500D7C3777EBE4E9.e.317"}]}
COMMAND: GET /session/7587d6046b3c1b09e064ced46cf330df/screenshot - {}
RESULT: {}
RESULT: {"script":"<script> [5351 bytes]","args":[{"element-6066-11e4-a52e-4f735466cecf":"f.B39D86F39810CDE77319A15301F57A28.d.A2F6DF1527A09F3B500D7C3777EBE4E9.e.317","ELEMENT":"f.B39D86F39810CDE77319A15301F57A28.d.A2F6DF1527A09F3B500D7C3777EBE4E9.e.317"}]}
COMMAND: GET /session/7587d6046b3c1b09e064ced46cf330df/screenshot - {}
RESULT: {}
RESULT: {}
COMMAND: POST /session/7587d6046b3c1b09e064ced46cf330df/execute/async - {"script":"<script> [1562 bytes]","args":[{"selector":{"id":"application-addressmanagement-display-component---masterAdm--smartFilterBar-btnBasicSearch","interaction":{"idSuffix":"I"}},"wdio_ui5_key":"applicationaddressmanagement-display-component---masterAdm--smartFilterBar-btnBasicSearch"}]}
RESULT: {"script":"<script> [1562 bytes]","args":[{"selector":{"id":"application-addressmanagement-display-component---masterAdm--smartFilterBar-btnBasicSearch","interaction":{"idSuffix":"I"}},"wdio_ui5_key":"applicationaddressmanagement-display-component---masterAdm--smartFilterBar-btnBasicSearch"}]}
RESULT: undefined
COMMAND: POST /session/7587d6046b3c1b09e064ced46cf330df/execute/async - {"script":"<script> [776 bytes]","args":[{"enterText":"Nb4QqZ0nbD","selector":{"id":"application-addressmanagement-display-component---masterAdm--smartFilterBar-btnBasicSearch","interaction":{"idSuffix":"I"}},"clearTextFirst":true,"interactionType":"ENTER_TEXT"}]}
RESULT: {"script":"<script> [776 bytes]","args":[{"enterText":"Nb4QqZ0nbD","selector":{"id":"application-addressmanagement-display-component---masterAdm--smartFilterBar-btnBasicSearch","interaction":{"idSuffix":"I"}},"clearTextFirst":true,"interactionType":"ENTER_TEXT"}]}
COMMAND: POST /session/7587d6046b3c1b09e064ced46cf330df/actions - {"actions":[{"id":"action1","type":"key","parameters":{},"actions":[{"type":"keyDown","value":"î€‡"},{"type":"pause","duration":10},{"type":"keyUp","value":"î€‡"}]}]}
RESULT: {"actions":[{"id":"action1","type":"key","parameters":{},"actions":[{"type":"keyDown","value":"î€‡"},{"type":"pause","duration":10},{"type":"keyUp","value":"î€‡"}]}]}
COMMAND: GET /session/7587d6046b3c1b09e064ced46cf330df/screenshot - {}
RESULT: {}
COMMAND: POST /session/7587d6046b3c1b09e064ced46cf330df/elements - {"using":"xpath","value":"//table[contains(@id, \"customPersonsAddressesTable-listUl\")]/tbody/tr"}
RESULT: {"using":"xpath","value":"//table[contains(@id, \"customPersonsAddressesTable-listUl\")]/tbody/tr"}
COMMAND: POST /session/7587d6046b3c1b09e064ced46cf330df/element - {"using":"xpath","value":"//table[contains(@id, \"customPersonsAddressesTable-listUl\")]/tbody/tr[1]/td[5]/span/span"}
RESULT: {"using":"xpath","value":"//table[contains(@id, \"customPersonsAddressesTable-listUl\")]/tbody/tr[1]/td[5]/span/span"}
COMMAND: POST /session/7587d6046b3c1b09e064ced46cf330df/element - {"using":"xpath","value":"//table[contains(@id, \"customPersonsAddressesTable-listUl\")]/tbody/tr[1]/td[3]/span"}
RESULT: {"using":"xpath","value":"//table[contains(@id, \"customPersonsAddressesTable-listUl\")]/tbody/tr[1]/td[3]/span"}
COMMAND: POST /session/7587d6046b3c1b09e064ced46cf330df/elements - {"using":"xpath","value":"//table[contains(@id, \"customPersonsAddressesTable-listUl\")]/tbody/tr[1]/td[5]/span/span"}
RESULT: {"using":"xpath","value":"//table[contains(@id, \"customPersonsAddressesTable-listUl\")]/tbody/tr[1]/td[5]/span/span"}
COMMAND: POST /session/7587d6046b3c1b09e064ced46cf330df/element - {"using":"xpath","value":"//span[@id=\"application-addressmanagement-display-component---masterAdm--smartTable-header-inner\"]"}
RESULT: {"using":"xpath","value":"//span[@id=\"application-addressmanagement-display-component---masterAdm--smartTable-header-inner\"]"}
COMMAND: POST /session/7587d6046b3c1b09e064ced46cf330df/elements - {"using":"xpath","value":"//span[@id=\"application-addressmanagement-display-component---masterAdm--smartTable-header-inner\"]"}
RESULT: {"using":"xpath","value":"//span[@id=\"application-addressmanagement-display-component---masterAdm--smartTable-header-inner\"]"}
COMMAND: POST /session/7587d6046b3c1b09e064ced46cf330df/execute/sync - {"script":"<script> [56 bytes]","args":[{"element-6066-11e4-a52e-4f735466cecf":"f.B39D86F39810CDE77319A15301F57A28.d.A2F6DF1527A09F3B500D7C3777EBE4E9.e.458","ELEMENT":"f.B39D86F39810CDE77319A15301F57A28.d.A2F6DF1527A09F3B500D7C3777EBE4E9.e.458"}]}
RESULT: {"script":"<script> [56 bytes]","args":[{"element-6066-11e4-a52e-4f735466cecf":"f.B39D86F39810CDE77319A15301F57A28.d.A2F6DF1527A09F3B500D7C3777EBE4E9.e.458","ELEMENT":"f.B39D86F39810CDE77319A15301F57A28.d.A2F6DF1527A09F3B500D7C3777EBE4E9.e.458"}]}
COMMAND: POST /session/7587d6046b3c1b09e064ced46cf330df/element - {"using":"xpath","value":"//button[@data-kt=\"addButton\"]"}
COMMAND: GET /session/7587d6046b3c1b09e064ced46cf330df/screenshot - {}
RESULT: {"using":"xpath","value":"//button[@data-kt=\"addButton\"]"}
COMMAND: POST /session/7587d6046b3c1b09e064ced46cf330df/element/f.B39D86F39810CDE77319A15301F57A28.d.A2F6DF1527A09F3B500D7C3777EBE4E9.e.317/click - {}
RESULT: {}
RESULT: {}
COMMAND: GET /session/7587d6046b3c1b09e064ced46cf330df/screenshot - {}
RESULT: {}
COMMAND: POST /session/7587d6046b3c1b09e064ced46cf330df/execute/async - {"script":"<script> [1562 bytes]","args":[{"selector":{"controlType":"sap.ui.core.Icon","viewName":"etm.portal.ui.addressmanagement.view.NewAddress","properties":{"src":{"regex":{"source":"slim\\-arrow\\-down"}}},"ancestor":{"id":"addressTitle","viewName":"etm.portal.ui.addressmanagement.view.NewAddress"}},"wdio_ui5_key":"etmportal.ui.addressmanagement.view.NewAddresssap.ui.core.Icon{\"src\":{\"regex\":{\"source\":\"slim\\\\-arrow\\\\-down\"}}}{\"id\":\"addressTitle\",\"viewName\":\"etm.portal.ui.addressmanagement.view.NewAddress\"}"}]}
RESULT: {"script":"<script> [1562 bytes]","args":[{"selector":{"controlType":"sap.ui.core.Icon","viewName":"etm.portal.ui.addressmanagement.view.NewAddress","properties":{"src":{"regex":{"source":"slim\\-arrow\\-down"}}},"ancestor":{"id":"addressTitle","viewName":"etm.portal.ui.addressmanagement.view.NewAddress"}},"wdio_ui5_key":"etmportal.ui.addressmanagement.view.NewAddresssap.ui.core.Icon{\"src\":{\"regex\":{\"source\":\"slim\\\\-arrow\\\\-down\"}}}{\"id\":\"addressTitle\",\"viewName\":\"etm.portal.ui.addressmanagement.view.NewAddress\"}"}]}
RESULT: undefined
COMMAND: POST /session/7587d6046b3c1b09e064ced46cf330df/element - {"using":"xpath","value":"//*[@id=\"__xmlview58--addressTitle-arrow\"]"}
RESULT: {"using":"xpath","value":"//*[@id=\"__xmlview58--addressTitle-arrow\"]"}
COMMAND: POST /session/7587d6046b3c1b09e064ced46cf330df/element/f.B39D86F39810CDE77319A15301F57A28.d.A2F6DF1527A09F3B500D7C3777EBE4E9.e.594/click - {}
RESULT: {}
COMMAND: GET /session/7587d6046b3c1b09e064ced46cf330df/screenshot - {}
RESULT: {}
COMMAND: POST /session/7587d6046b3c1b09e064ced46cf330df/element - {"using":"xpath","value":"//li[.//span[text()=\"Dr.\"]]"}
RESULT: {"using":"xpath","value":"//li[.//span[text()=\"Dr.\"]]"}
COMMAND: POST /session/7587d6046b3c1b09e064ced46cf330df/element/f.B39D86F39810CDE77319A15301F57A28.d.A2F6DF1527A09F3B500D7C3777EBE4E9.e.595/click - {}
RESULT: {}
COMMAND: POST /session/7587d6046b3c1b09e064ced46cf330df/execute/async - {"script":"<script> [1562 bytes]","args":[{"selector":{"controlType":"sap.ui.core.Icon","viewName":"etm.portal.ui.addressmanagement.view.NewAddress","properties":{"src":{"regex":{"source":"slim\\-arrow\\-down"}}},"ancestor":{"id":"addressDetailDetailsLanguage","viewName":"etm.portal.ui.addressmanagement.view.NewAddress"}},"wdio_ui5_key":"etmportal.ui.addressmanagement.view.NewAddresssap.ui.core.Icon{\"src\":{\"regex\":{\"source\":\"slim\\\\-arrow\\\\-down\"}}}{\"id\":\"addressDetailDetailsLanguage\",\"viewName\":\"etm.portal.ui.addressmanagement.view.NewAddress\"}"}]}
COMMAND: GET /session/7587d6046b3c1b09e064ced46cf330df/screenshot - {}
RESULT: {"script":"<script> [1562 bytes]","args":[{"selector":{"controlType":"sap.ui.core.Icon","viewName":"etm.portal.ui.addressmanagement.view.NewAddress","properties":{"src":{"regex":{"source":"slim\\-arrow\\-down"}}},"ancestor":{"id":"addressDetailDetailsLanguage","viewName":"etm.portal.ui.addressmanagement.view.NewAddress"}},"wdio_ui5_key":"etmportal.ui.addressmanagement.view.NewAddresssap.ui.core.Icon{\"src\":{\"regex\":{\"source\":\"slim\\\\-arrow\\\\-down\"}}}{\"id\":\"addressDetailDetailsLanguage\",\"viewName\":\"etm.portal.ui.addressmanagement.view.NewAddress\"}"}]}
RESULT: undefined
COMMAND: POST /session/7587d6046b3c1b09e064ced46cf330df/element - {"using":"xpath","value":"//*[@id=\"__xmlview58--addressDetailDetailsLanguage-arrow\"]"}
RESULT: {}
RESULT: {"using":"xpath","value":"//*[@id=\"__xmlview58--addressDetailDetailsLanguage-arrow\"]"}
COMMAND: POST /session/7587d6046b3c1b09e064ced46cf330df/element/f.B39D86F39810CDE77319A15301F57A28.d.A2F6DF1527A09F3B500D7C3777EBE4E9.e.497/click - {}
RESULT: {}
COMMAND: GET /session/7587d6046b3c1b09e064ced46cf330df/screenshot - {}
RESULT: {}
COMMAND: POST /session/7587d6046b3c1b09e064ced46cf330df/element - {"using":"xpath","value":"//span[contains(text(), \"English\")]"}
RESULT: {"using":"xpath","value":"//span[contains(text(), \"English\")]"}
COMMAND: POST /session/7587d6046b3c1b09e064ced46cf330df/element/f.B39D86F39810CDE77319A15301F57A28.d.A2F6DF1527A09F3B500D7C3777EBE4E9.e.596/click - {}
RESULT: {}
COMMAND: POST /session/7587d6046b3c1b09e064ced46cf330df/execute/async - {"script":"<script> [1562 bytes]","args":[{"selector":{"controlType":"sap.m.Input","viewName":"etm.portal.ui.addressmanagement.view.NewAddress","labelFor":{"text":"Name"},"interaction":{"idSuffix":"inner"}},"wdio_ui5_key":"etmportal.ui.addressmanagement.view.NewAddresssap.m.Input{\"text\":\"Name\"}"}]}
COMMAND: GET /session/7587d6046b3c1b09e064ced46cf330df/screenshot - {}
RESULT: {"script":"<script> [1562 bytes]","args":[{"selector":{"controlType":"sap.m.Input","viewName":"etm.portal.ui.addressmanagement.view.NewAddress","labelFor":{"text":"Name"},"interaction":{"idSuffix":"inner"}},"wdio_ui5_key":"etmportal.ui.addressmanagement.view.NewAddresssap.m.Input{\"text\":\"Name\"}"}]}
RESULT: undefined
COMMAND: POST /session/7587d6046b3c1b09e064ced46cf330df/execute/async - {"script":"<script> [776 bytes]","args":[{"enterText":"Nb4QqZ0nbD","selector":{"controlType":"sap.m.Input","viewName":"etm.portal.ui.addressmanagement.view.NewAddress","labelFor":{"text":"Name"},"interaction":{"idSuffix":"inner"}},"clearTextFirst":true,"interactionType":"ENTER_TEXT"}]}
RESULT: {}
RESULT: {"script":"<script> [776 bytes]","args":[{"enterText":"Nb4QqZ0nbD","selector":{"controlType":"sap.m.Input","viewName":"etm.portal.ui.addressmanagement.view.NewAddress","labelFor":{"text":"Name"},"interaction":{"idSuffix":"inner"}},"clearTextFirst":true,"interactionType":"ENTER_TEXT"}]}
COMMAND: POST /session/7587d6046b3c1b09e064ced46cf330df/element - {"using":"xpath","value":"//button[@title=\"Save\"]"}
RESULT: {"using":"xpath","value":"//button[@title=\"Save\"]"}
COMMAND: POST /session/7587d6046b3c1b09e064ced46cf330df/element/f.B39D86F39810CDE77319A15301F57A28.d.A2F6DF1527A09F3B500D7C3777EBE4E9.e.582/click - {}
RESULT: {}
COMMAND: GET /session/7587d6046b3c1b09e064ced46cf330df/screenshot - {}
RESULT: {}
COMMAND: POST /session/7587d6046b3c1b09e064ced46cf330df/element - {"using":"xpath","value":"//header[contains(@id, \"application-addressmanagement-display-component---detailAdm--ObjectPageLayout-headerTitle\")]/div[1]/div[3]/div[2]/span"}
RESULT: {"using":"xpath","value":"//header[contains(@id, \"application-addressmanagement-display-component---detailAdm--ObjectPageLayout-headerTitle\")]/div[1]/div[3]/div[2]/span"}
COMMAND: POST /session/7587d6046b3c1b09e064ced46cf330df/elements - {"using":"xpath","value":"//header[contains(@id, \"application-addressmanagement-display-component---detailAdm--ObjectPageLayout-headerTitle\")]/div[1]/div[3]/div[2]/span"}
RESULT: {"using":"xpath","value":"//header[contains(@id, \"application-addressmanagement-display-component---detailAdm--ObjectPageLayout-headerTitle\")]/div[1]/div[3]/div[2]/span"}
COMMAND: POST /session/7587d6046b3c1b09e064ced46cf330df/execute/sync - {"script":"<script> [56 bytes]","args":[{"element-6066-11e4-a52e-4f735466cecf":"f.B39D86F39810CDE77319A15301F57A28.d.A2F6DF1527A09F3B500D7C3777EBE4E9.e.619","ELEMENT":"f.B39D86F39810CDE77319A15301F57A28.d.A2F6DF1527A09F3B500D7C3777EBE4E9.e.619"}]}
RESULT: {"script":"<script> [56 bytes]","args":[{"element-6066-11e4-a52e-4f735466cecf":"f.B39D86F39810CDE77319A15301F57A28.d.A2F6DF1527A09F3B500D7C3777EBE4E9.e.619","ELEMENT":"f.B39D86F39810CDE77319A15301F57A28.d.A2F6DF1527A09F3B500D7C3777EBE4E9.e.619"}]}
COMMAND: GET /session/7587d6046b3c1b09e064ced46cf330df/screenshot - {}
RESULT: {}
COMMAND: POST /session/7587d6046b3c1b09e064ced46cf330df/element - {"using":"css selector","value":"#shell-header-logo"}
RESULT: {"using":"css selector","value":"#shell-header-logo"}
COMMAND: POST /session/7587d6046b3c1b09e064ced46cf330df/element/f.B39D86F39810CDE77319A15301F57A28.d.A2F6DF1527A09F3B500D7C3777EBE4E9.e.280/click - {}
RESULT: {}
COMMAND: GET /session/7587d6046b3c1b09e064ced46cf330df/screenshot - {}
RESULT: {}
]]></system-out>
    </testcase>
    <testcase classname="chrome.136_0_7103_93.windows.Address_Management_Tests_US156181_US151165_US151160_US156180_US156178_US151157_US151172_US151170_US151166_US151168" name="Step 2 Should deactivate the created address in earlier step US151165" time="40.449">
      <system-out><![CDATA[
RESULT: undefined
COMMAND: POST /session/7587d6046b3c1b09e064ced46cf330df/element - {"using":"xpath","value":"//*[@id=\"__tile33\"]"}
RESULT: {"using":"xpath","value":"//*[@id=\"__tile33\"]"}
COMMAND: POST /session/7587d6046b3c1b09e064ced46cf330df/element/f.B39D86F39810CDE77319A15301F57A28.d.A2F6DF1527A09F3B500D7C3777EBE4E9.e.231/click - {}
RESULT: {}
COMMAND: GET /session/7587d6046b3c1b09e064ced46cf330df/screenshot - {}
RESULT: {}
COMMAND: POST /session/7587d6046b3c1b09e064ced46cf330df/elements - {"using":"xpath","value":"//span[text()='Error']"}
RESULT: {"using":"xpath","value":"//span[text()='Error']"}
COMMAND: POST /session/7587d6046b3c1b09e064ced46cf330df/element - {"using":"xpath","value":"//button[@data-kt=\"addButton\"]"}
RESULT: {"using":"xpath","value":"//button[@data-kt=\"addButton\"]"}
COMMAND: POST /session/7587d6046b3c1b09e064ced46cf330df/elements - {"using":"xpath","value":"//button[@data-kt=\"addButton\"]"}
RESULT: {"using":"xpath","value":"//button[@data-kt=\"addButton\"]"}
COMMAND: POST /session/7587d6046b3c1b09e064ced46cf330df/execute/sync - {"script":"<script> [8489 bytes]","args":[{"element-6066-11e4-a52e-4f735466cecf":"f.B39D86F39810CDE77319A15301F57A28.d.A2F6DF1527A09F3B500D7C3777EBE4E9.e.685","ELEMENT":"f.B39D86F39810CDE77319A15301F57A28.d.A2F6DF1527A09F3B500D7C3777EBE4E9.e.685"}]}
RESULT: {"script":"<script> [8489 bytes]","args":[{"element-6066-11e4-a52e-4f735466cecf":"f.B39D86F39810CDE77319A15301F57A28.d.A2F6DF1527A09F3B500D7C3777EBE4E9.e.685","ELEMENT":"f.B39D86F39810CDE77319A15301F57A28.d.A2F6DF1527A09F3B500D7C3777EBE4E9.e.685"}]}
COMMAND: GET /session/7587d6046b3c1b09e064ced46cf330df/element/f.B39D86F39810CDE77319A15301F57A28.d.A2F6DF1527A09F3B500D7C3777EBE4E9.e.685/enabled - {}
COMMAND: GET /session/7587d6046b3c1b09e064ced46cf330df/screenshot - {}
RESULT: {}
COMMAND: POST /session/7587d6046b3c1b09e064ced46cf330df/execute/sync - {"script":"<script> [8489 bytes]","args":[{"element-6066-11e4-a52e-4f735466cecf":"f.B39D86F39810CDE77319A15301F57A28.d.A2F6DF1527A09F3B500D7C3777EBE4E9.e.685","ELEMENT":"f.B39D86F39810CDE77319A15301F57A28.d.A2F6DF1527A09F3B500D7C3777EBE4E9.e.685"}]}
COMMAND: GET /session/7587d6046b3c1b09e064ced46cf330df/screenshot - {}
RESULT: {}
RESULT: {"script":"<script> [8489 bytes]","args":[{"element-6066-11e4-a52e-4f735466cecf":"f.B39D86F39810CDE77319A15301F57A28.d.A2F6DF1527A09F3B500D7C3777EBE4E9.e.685","ELEMENT":"f.B39D86F39810CDE77319A15301F57A28.d.A2F6DF1527A09F3B500D7C3777EBE4E9.e.685"}]}
COMMAND: POST /session/7587d6046b3c1b09e064ced46cf330df/execute/sync - {"script":"<script> [5351 bytes]","args":[{"element-6066-11e4-a52e-4f735466cecf":"f.B39D86F39810CDE77319A15301F57A28.d.A2F6DF1527A09F3B500D7C3777EBE4E9.e.685","ELEMENT":"f.B39D86F39810CDE77319A15301F57A28.d.A2F6DF1527A09F3B500D7C3777EBE4E9.e.685"}]}
COMMAND: GET /session/7587d6046b3c1b09e064ced46cf330df/screenshot - {}
RESULT: {}
RESULT: {"script":"<script> [5351 bytes]","args":[{"element-6066-11e4-a52e-4f735466cecf":"f.B39D86F39810CDE77319A15301F57A28.d.A2F6DF1527A09F3B500D7C3777EBE4E9.e.685","ELEMENT":"f.B39D86F39810CDE77319A15301F57A28.d.A2F6DF1527A09F3B500D7C3777EBE4E9.e.685"}]}
COMMAND: GET /session/7587d6046b3c1b09e064ced46cf330df/screenshot - {}
RESULT: {}
RESULT: {}
RESULT: undefined
COMMAND: POST /session/7587d6046b3c1b09e064ced46cf330df/execute/async - {"script":"<script> [776 bytes]","args":[{"enterText":"Nb4QqZ0nbD","selector":{"id":"application-addressmanagement-display-component---masterAdm--smartFilterBar-btnBasicSearch","interaction":{"idSuffix":"I"}},"clearTextFirst":true,"interactionType":"ENTER_TEXT"}]}
RESULT: {"script":"<script> [776 bytes]","args":[{"enterText":"Nb4QqZ0nbD","selector":{"id":"application-addressmanagement-display-component---masterAdm--smartFilterBar-btnBasicSearch","interaction":{"idSuffix":"I"}},"clearTextFirst":true,"interactionType":"ENTER_TEXT"}]}
COMMAND: POST /session/7587d6046b3c1b09e064ced46cf330df/actions - {"actions":[{"id":"action2","type":"key","parameters":{},"actions":[{"type":"keyDown","value":"î€‡"},{"type":"pause","duration":10},{"type":"keyUp","value":"î€‡"}]}]}
RESULT: {"actions":[{"id":"action2","type":"key","parameters":{},"actions":[{"type":"keyDown","value":"î€‡"},{"type":"pause","duration":10},{"type":"keyUp","value":"î€‡"}]}]}
COMMAND: GET /session/7587d6046b3c1b09e064ced46cf330df/screenshot - {}
RESULT: {}
COMMAND: POST /session/7587d6046b3c1b09e064ced46cf330df/elements - {"using":"xpath","value":"//table[contains(@id, \"customPersonsAddressesTable-listUl\")]/tbody/tr"}
RESULT: {"using":"xpath","value":"//table[contains(@id, \"customPersonsAddressesTable-listUl\")]/tbody/tr"}
COMMAND: POST /session/7587d6046b3c1b09e064ced46cf330df/element - {"using":"xpath","value":"//table[contains(@id, \"customPersonsAddressesTable-listUl\")]/tbody/tr[1]/td[5]/span/span"}
RESULT: {"using":"xpath","value":"//table[contains(@id, \"customPersonsAddressesTable-listUl\")]/tbody/tr[1]/td[5]/span/span"}
COMMAND: POST /session/7587d6046b3c1b09e064ced46cf330df/element - {"using":"xpath","value":"//table[contains(@id, \"customPersonsAddressesTable-listUl\")]/tbody/tr[1]/td[3]/span"}
RESULT: {"using":"xpath","value":"//table[contains(@id, \"customPersonsAddressesTable-listUl\")]/tbody/tr[1]/td[3]/span"}
COMMAND: POST /session/7587d6046b3c1b09e064ced46cf330df/elements - {"using":"xpath","value":"//table[contains(@id, \"customPersonsAddressesTable-listUl\")]/tbody/tr[1]/td[5]/span/span"}
RESULT: {"using":"xpath","value":"//table[contains(@id, \"customPersonsAddressesTable-listUl\")]/tbody/tr[1]/td[5]/span/span"}
COMMAND: POST /session/7587d6046b3c1b09e064ced46cf330df/execute/sync - {"script":"<script> [56 bytes]","args":[{"element-6066-11e4-a52e-4f735466cecf":"f.B39D86F39810CDE77319A15301F57A28.d.A2F6DF1527A09F3B500D7C3777EBE4E9.e.819","ELEMENT":"f.B39D86F39810CDE77319A15301F57A28.d.A2F6DF1527A09F3B500D7C3777EBE4E9.e.819"}]}
RESULT: {"script":"<script> [56 bytes]","args":[{"element-6066-11e4-a52e-4f735466cecf":"f.B39D86F39810CDE77319A15301F57A28.d.A2F6DF1527A09F3B500D7C3777EBE4E9.e.819","ELEMENT":"f.B39D86F39810CDE77319A15301F57A28.d.A2F6DF1527A09F3B500D7C3777EBE4E9.e.819"}]}
COMMAND: POST /session/7587d6046b3c1b09e064ced46cf330df/execute/sync - {"script":"<script> [56 bytes]","args":[{"element-6066-11e4-a52e-4f735466cecf":"f.B39D86F39810CDE77319A15301F57A28.d.A2F6DF1527A09F3B500D7C3777EBE4E9.e.820","ELEMENT":"f.B39D86F39810CDE77319A15301F57A28.d.A2F6DF1527A09F3B500D7C3777EBE4E9.e.820"}]}
COMMAND: GET /session/7587d6046b3c1b09e064ced46cf330df/screenshot - {}
RESULT: {"script":"<script> [56 bytes]","args":[{"element-6066-11e4-a52e-4f735466cecf":"f.B39D86F39810CDE77319A15301F57A28.d.A2F6DF1527A09F3B500D7C3777EBE4E9.e.820","ELEMENT":"f.B39D86F39810CDE77319A15301F57A28.d.A2F6DF1527A09F3B500D7C3777EBE4E9.e.820"}]}
COMMAND: POST /session/7587d6046b3c1b09e064ced46cf330df/element - {"using":"xpath","value":"//table[contains(@id, \"customPersonsAddressesTable-listUl\")]/tbody/tr[1]/td[10]/div/span"}
COMMAND: GET /session/7587d6046b3c1b09e064ced46cf330df/screenshot - {}
RESULT: {}
RESULT: {"using":"xpath","value":"//table[contains(@id, \"customPersonsAddressesTable-listUl\")]/tbody/tr[1]/td[10]/div/span"}
COMMAND: POST /session/7587d6046b3c1b09e064ced46cf330df/execute/sync - {"script":"<script> [56 bytes]","args":[{"element-6066-11e4-a52e-4f735466cecf":"f.B39D86F39810CDE77319A15301F57A28.d.A2F6DF1527A09F3B500D7C3777EBE4E9.e.821","ELEMENT":"f.B39D86F39810CDE77319A15301F57A28.d.A2F6DF1527A09F3B500D7C3777EBE4E9.e.821"}]}
RESULT: {}
RESULT: {"script":"<script> [56 bytes]","args":[{"element-6066-11e4-a52e-4f735466cecf":"f.B39D86F39810CDE77319A15301F57A28.d.A2F6DF1527A09F3B500D7C3777EBE4E9.e.821","ELEMENT":"f.B39D86F39810CDE77319A15301F57A28.d.A2F6DF1527A09F3B500D7C3777EBE4E9.e.821"}]}
COMMAND: POST /session/7587d6046b3c1b09e064ced46cf330df/element - {"using":"xpath","value":"//table[contains(@id, \"customPersonsAddressesTable-listUl\")]/tbody/tr[1]/td[2]/div/div"}
COMMAND: GET /session/7587d6046b3c1b09e064ced46cf330df/screenshot - {}
RESULT: {"using":"xpath","value":"//table[contains(@id, \"customPersonsAddressesTable-listUl\")]/tbody/tr[1]/td[2]/div/div"}
COMMAND: POST /session/7587d6046b3c1b09e064ced46cf330df/element/f.B39D86F39810CDE77319A15301F57A28.d.A2F6DF1527A09F3B500D7C3777EBE4E9.e.822/click - {}
RESULT: {}
RESULT: {}
COMMAND: GET /session/7587d6046b3c1b09e064ced46cf330df/screenshot - {}
RESULT: {}
COMMAND: POST /session/7587d6046b3c1b09e064ced46cf330df/element - {"using":"xpath","value":"//bdi[contains(text(), \"Deactivate\")]"}
RESULT: {"using":"xpath","value":"//bdi[contains(text(), \"Deactivate\")]"}
COMMAND: POST /session/7587d6046b3c1b09e064ced46cf330df/element/f.B39D86F39810CDE77319A15301F57A28.d.A2F6DF1527A09F3B500D7C3777EBE4E9.e.823/click - {}
RESULT: {}
COMMAND: GET /session/7587d6046b3c1b09e064ced46cf330df/screenshot - {}
RESULT: {}
COMMAND: POST /session/7587d6046b3c1b09e064ced46cf330df/element - {"using":"xpath","value":"//bdi[contains(text(), \"Yes\")]"}
RESULT: {"using":"xpath","value":"//bdi[contains(text(), \"Yes\")]"}
COMMAND: POST /session/7587d6046b3c1b09e064ced46cf330df/element/f.B39D86F39810CDE77319A15301F57A28.d.A2F6DF1527A09F3B500D7C3777EBE4E9.e.825/click - {}
RESULT: {}
COMMAND: GET /session/7587d6046b3c1b09e064ced46cf330df/screenshot - {}
RESULT: {}
COMMAND: POST /session/7587d6046b3c1b09e064ced46cf330df/element - {"using":"xpath","value":"//table[contains(@id, \"customPersonsAddressesTable-listUl\")]/tbody/tr[1]/td[10]/div/span"}
RESULT: {"using":"xpath","value":"//table[contains(@id, \"customPersonsAddressesTable-listUl\")]/tbody/tr[1]/td[10]/div/span"}
COMMAND: POST /session/7587d6046b3c1b09e064ced46cf330df/execute/sync - {"script":"<script> [56 bytes]","args":[{"element-6066-11e4-a52e-4f735466cecf":"f.B39D86F39810CDE77319A15301F57A28.d.A2F6DF1527A09F3B500D7C3777EBE4E9.e.821","ELEMENT":"f.B39D86F39810CDE77319A15301F57A28.d.A2F6DF1527A09F3B500D7C3777EBE4E9.e.821"}]}
RESULT: {"script":"<script> [56 bytes]","args":[{"element-6066-11e4-a52e-4f735466cecf":"f.B39D86F39810CDE77319A15301F57A28.d.A2F6DF1527A09F3B500D7C3777EBE4E9.e.821","ELEMENT":"f.B39D86F39810CDE77319A15301F57A28.d.A2F6DF1527A09F3B500D7C3777EBE4E9.e.821"}]}
COMMAND: GET /session/7587d6046b3c1b09e064ced46cf330df/screenshot - {}
RESULT: {}
COMMAND: POST /session/7587d6046b3c1b09e064ced46cf330df/element - {"using":"css selector","value":"#shell-header-logo"}
RESULT: {"using":"css selector","value":"#shell-header-logo"}
COMMAND: POST /session/7587d6046b3c1b09e064ced46cf330df/element/f.B39D86F39810CDE77319A15301F57A28.d.A2F6DF1527A09F3B500D7C3777EBE4E9.e.624/click - {}
RESULT: {}
COMMAND: GET /session/7587d6046b3c1b09e064ced46cf330df/screenshot - {}
RESULT: {}
]]></system-out>
    </testcase>
    <testcase classname="chrome.136_0_7103_93.windows.Address_Management_Tests_US156181_US151165_US151160_US156180_US156178_US151157_US151172_US151170_US151166_US151168" name="Step 3 Should activate the created address back again US151160" time="40.283">
      <system-out><![CDATA[
RESULT: undefined
COMMAND: POST /session/7587d6046b3c1b09e064ced46cf330df/element - {"using":"xpath","value":"//*[@id=\"__tile33\"]"}
RESULT: {"using":"xpath","value":"//*[@id=\"__tile33\"]"}
COMMAND: POST /session/7587d6046b3c1b09e064ced46cf330df/element/f.B39D86F39810CDE77319A15301F57A28.d.A2F6DF1527A09F3B500D7C3777EBE4E9.e.231/click - {}
RESULT: {}
COMMAND: GET /session/7587d6046b3c1b09e064ced46cf330df/screenshot - {}
RESULT: {}
COMMAND: POST /session/7587d6046b3c1b09e064ced46cf330df/elements - {"using":"xpath","value":"//span[text()='Error']"}
RESULT: {"using":"xpath","value":"//span[text()='Error']"}
COMMAND: POST /session/7587d6046b3c1b09e064ced46cf330df/element - {"using":"xpath","value":"//button[@data-kt=\"addButton\"]"}
RESULT: {"using":"xpath","value":"//button[@data-kt=\"addButton\"]"}
COMMAND: POST /session/7587d6046b3c1b09e064ced46cf330df/elements - {"using":"xpath","value":"//button[@data-kt=\"addButton\"]"}
RESULT: {"using":"xpath","value":"//button[@data-kt=\"addButton\"]"}
COMMAND: POST /session/7587d6046b3c1b09e064ced46cf330df/execute/sync - {"script":"<script> [8489 bytes]","args":[{"element-6066-11e4-a52e-4f735466cecf":"f.B39D86F39810CDE77319A15301F57A28.d.A2F6DF1527A09F3B500D7C3777EBE4E9.e.901","ELEMENT":"f.B39D86F39810CDE77319A15301F57A28.d.A2F6DF1527A09F3B500D7C3777EBE4E9.e.901"}]}
RESULT: {"script":"<script> [8489 bytes]","args":[{"element-6066-11e4-a52e-4f735466cecf":"f.B39D86F39810CDE77319A15301F57A28.d.A2F6DF1527A09F3B500D7C3777EBE4E9.e.901","ELEMENT":"f.B39D86F39810CDE77319A15301F57A28.d.A2F6DF1527A09F3B500D7C3777EBE4E9.e.901"}]}
COMMAND: GET /session/7587d6046b3c1b09e064ced46cf330df/element/f.B39D86F39810CDE77319A15301F57A28.d.A2F6DF1527A09F3B500D7C3777EBE4E9.e.901/enabled - {}
COMMAND: GET /session/7587d6046b3c1b09e064ced46cf330df/screenshot - {}
RESULT: {}
COMMAND: POST /session/7587d6046b3c1b09e064ced46cf330df/execute/sync - {"script":"<script> [8489 bytes]","args":[{"element-6066-11e4-a52e-4f735466cecf":"f.B39D86F39810CDE77319A15301F57A28.d.A2F6DF1527A09F3B500D7C3777EBE4E9.e.901","ELEMENT":"f.B39D86F39810CDE77319A15301F57A28.d.A2F6DF1527A09F3B500D7C3777EBE4E9.e.901"}]}
COMMAND: GET /session/7587d6046b3c1b09e064ced46cf330df/screenshot - {}
RESULT: {}
RESULT: {"script":"<script> [8489 bytes]","args":[{"element-6066-11e4-a52e-4f735466cecf":"f.B39D86F39810CDE77319A15301F57A28.d.A2F6DF1527A09F3B500D7C3777EBE4E9.e.901","ELEMENT":"f.B39D86F39810CDE77319A15301F57A28.d.A2F6DF1527A09F3B500D7C3777EBE4E9.e.901"}]}
COMMAND: POST /session/7587d6046b3c1b09e064ced46cf330df/execute/sync - {"script":"<script> [5351 bytes]","args":[{"element-6066-11e4-a52e-4f735466cecf":"f.B39D86F39810CDE77319A15301F57A28.d.A2F6DF1527A09F3B500D7C3777EBE4E9.e.901","ELEMENT":"f.B39D86F39810CDE77319A15301F57A28.d.A2F6DF1527A09F3B500D7C3777EBE4E9.e.901"}]}
COMMAND: GET /session/7587d6046b3c1b09e064ced46cf330df/screenshot - {}
RESULT: {}
RESULT: {"script":"<script> [5351 bytes]","args":[{"element-6066-11e4-a52e-4f735466cecf":"f.B39D86F39810CDE77319A15301F57A28.d.A2F6DF1527A09F3B500D7C3777EBE4E9.e.901","ELEMENT":"f.B39D86F39810CDE77319A15301F57A28.d.A2F6DF1527A09F3B500D7C3777EBE4E9.e.901"}]}
COMMAND: GET /session/7587d6046b3c1b09e064ced46cf330df/screenshot - {}
RESULT: {}
RESULT: {}
RESULT: undefined
COMMAND: POST /session/7587d6046b3c1b09e064ced46cf330df/execute/async - {"script":"<script> [776 bytes]","args":[{"enterText":"Nb4QqZ0nbD","selector":{"id":"application-addressmanagement-display-component---masterAdm--smartFilterBar-btnBasicSearch","interaction":{"idSuffix":"I"}},"clearTextFirst":true,"interactionType":"ENTER_TEXT"}]}
RESULT: {"script":"<script> [776 bytes]","args":[{"enterText":"Nb4QqZ0nbD","selector":{"id":"application-addressmanagement-display-component---masterAdm--smartFilterBar-btnBasicSearch","interaction":{"idSuffix":"I"}},"clearTextFirst":true,"interactionType":"ENTER_TEXT"}]}
COMMAND: POST /session/7587d6046b3c1b09e064ced46cf330df/actions - {"actions":[{"id":"action3","type":"key","parameters":{},"actions":[{"type":"keyDown","value":"î€‡"},{"type":"pause","duration":10},{"type":"keyUp","value":"î€‡"}]}]}
RESULT: {"actions":[{"id":"action3","type":"key","parameters":{},"actions":[{"type":"keyDown","value":"î€‡"},{"type":"pause","duration":10},{"type":"keyUp","value":"î€‡"}]}]}
COMMAND: GET /session/7587d6046b3c1b09e064ced46cf330df/screenshot - {}
RESULT: {}
COMMAND: POST /session/7587d6046b3c1b09e064ced46cf330df/elements - {"using":"xpath","value":"//table[contains(@id, \"customPersonsAddressesTable-listUl\")]/tbody/tr"}
RESULT: {"using":"xpath","value":"//table[contains(@id, \"customPersonsAddressesTable-listUl\")]/tbody/tr"}
COMMAND: POST /session/7587d6046b3c1b09e064ced46cf330df/element - {"using":"xpath","value":"//table[contains(@id, \"customPersonsAddressesTable-listUl\")]/tbody/tr[1]/td[5]/span/span"}
RESULT: {"using":"xpath","value":"//table[contains(@id, \"customPersonsAddressesTable-listUl\")]/tbody/tr[1]/td[5]/span/span"}
COMMAND: POST /session/7587d6046b3c1b09e064ced46cf330df/element - {"using":"xpath","value":"//table[contains(@id, \"customPersonsAddressesTable-listUl\")]/tbody/tr[1]/td[3]/span"}
RESULT: {"using":"xpath","value":"//table[contains(@id, \"customPersonsAddressesTable-listUl\")]/tbody/tr[1]/td[3]/span"}
COMMAND: POST /session/7587d6046b3c1b09e064ced46cf330df/elements - {"using":"xpath","value":"//table[contains(@id, \"customPersonsAddressesTable-listUl\")]/tbody/tr[1]/td[5]/span/span"}
RESULT: {"using":"xpath","value":"//table[contains(@id, \"customPersonsAddressesTable-listUl\")]/tbody/tr[1]/td[5]/span/span"}
COMMAND: POST /session/7587d6046b3c1b09e064ced46cf330df/execute/sync - {"script":"<script> [56 bytes]","args":[{"element-6066-11e4-a52e-4f735466cecf":"f.B39D86F39810CDE77319A15301F57A28.d.A2F6DF1527A09F3B500D7C3777EBE4E9.e.1035","ELEMENT":"f.B39D86F39810CDE77319A15301F57A28.d.A2F6DF1527A09F3B500D7C3777EBE4E9.e.1035"}]}
RESULT: {"script":"<script> [56 bytes]","args":[{"element-6066-11e4-a52e-4f735466cecf":"f.B39D86F39810CDE77319A15301F57A28.d.A2F6DF1527A09F3B500D7C3777EBE4E9.e.1035","ELEMENT":"f.B39D86F39810CDE77319A15301F57A28.d.A2F6DF1527A09F3B500D7C3777EBE4E9.e.1035"}]}
COMMAND: POST /session/7587d6046b3c1b09e064ced46cf330df/execute/sync - {"script":"<script> [56 bytes]","args":[{"element-6066-11e4-a52e-4f735466cecf":"f.B39D86F39810CDE77319A15301F57A28.d.A2F6DF1527A09F3B500D7C3777EBE4E9.e.1036","ELEMENT":"f.B39D86F39810CDE77319A15301F57A28.d.A2F6DF1527A09F3B500D7C3777EBE4E9.e.1036"}]}
COMMAND: GET /session/7587d6046b3c1b09e064ced46cf330df/screenshot - {}
RESULT: {"script":"<script> [56 bytes]","args":[{"element-6066-11e4-a52e-4f735466cecf":"f.B39D86F39810CDE77319A15301F57A28.d.A2F6DF1527A09F3B500D7C3777EBE4E9.e.1036","ELEMENT":"f.B39D86F39810CDE77319A15301F57A28.d.A2F6DF1527A09F3B500D7C3777EBE4E9.e.1036"}]}
COMMAND: POST /session/7587d6046b3c1b09e064ced46cf330df/element - {"using":"xpath","value":"//table[contains(@id, \"customPersonsAddressesTable-listUl\")]/tbody/tr[1]/td[10]/div/span"}
COMMAND: GET /session/7587d6046b3c1b09e064ced46cf330df/screenshot - {}
RESULT: {}
RESULT: {"using":"xpath","value":"//table[contains(@id, \"customPersonsAddressesTable-listUl\")]/tbody/tr[1]/td[10]/div/span"}
COMMAND: POST /session/7587d6046b3c1b09e064ced46cf330df/execute/sync - {"script":"<script> [56 bytes]","args":[{"element-6066-11e4-a52e-4f735466cecf":"f.B39D86F39810CDE77319A15301F57A28.d.A2F6DF1527A09F3B500D7C3777EBE4E9.e.1037","ELEMENT":"f.B39D86F39810CDE77319A15301F57A28.d.A2F6DF1527A09F3B500D7C3777EBE4E9.e.1037"}]}
RESULT: {}
RESULT: {"script":"<script> [56 bytes]","args":[{"element-6066-11e4-a52e-4f735466cecf":"f.B39D86F39810CDE77319A15301F57A28.d.A2F6DF1527A09F3B500D7C3777EBE4E9.e.1037","ELEMENT":"f.B39D86F39810CDE77319A15301F57A28.d.A2F6DF1527A09F3B500D7C3777EBE4E9.e.1037"}]}
COMMAND: POST /session/7587d6046b3c1b09e064ced46cf330df/element - {"using":"xpath","value":"//table[contains(@id, \"customPersonsAddressesTable-listUl\")]/tbody/tr[1]/td[2]/div/div"}
COMMAND: GET /session/7587d6046b3c1b09e064ced46cf330df/screenshot - {}
RESULT: {"using":"xpath","value":"//table[contains(@id, \"customPersonsAddressesTable-listUl\")]/tbody/tr[1]/td[2]/div/div"}
COMMAND: POST /session/7587d6046b3c1b09e064ced46cf330df/element/f.B39D86F39810CDE77319A15301F57A28.d.A2F6DF1527A09F3B500D7C3777EBE4E9.e.1038/click - {}
RESULT: {}
RESULT: {}
COMMAND: GET /session/7587d6046b3c1b09e064ced46cf330df/screenshot - {}
RESULT: {}
COMMAND: POST /session/7587d6046b3c1b09e064ced46cf330df/element - {"using":"xpath","value":"//bdi[contains(text(), \"Activate\")]"}
RESULT: {"using":"xpath","value":"//bdi[contains(text(), \"Activate\")]"}
COMMAND: POST /session/7587d6046b3c1b09e064ced46cf330df/element/f.B39D86F39810CDE77319A15301F57A28.d.A2F6DF1527A09F3B500D7C3777EBE4E9.e.1039/click - {}
RESULT: {}
COMMAND: GET /session/7587d6046b3c1b09e064ced46cf330df/screenshot - {}
RESULT: {}
COMMAND: POST /session/7587d6046b3c1b09e064ced46cf330df/element - {"using":"xpath","value":"//bdi[contains(text(), \"Yes\")]"}
RESULT: {"using":"xpath","value":"//bdi[contains(text(), \"Yes\")]"}
COMMAND: POST /session/7587d6046b3c1b09e064ced46cf330df/element/f.B39D86F39810CDE77319A15301F57A28.d.A2F6DF1527A09F3B500D7C3777EBE4E9.e.1041/click - {}
RESULT: {}
COMMAND: GET /session/7587d6046b3c1b09e064ced46cf330df/screenshot - {}
RESULT: {}
COMMAND: POST /session/7587d6046b3c1b09e064ced46cf330df/element - {"using":"xpath","value":"//table[contains(@id, \"customPersonsAddressesTable-listUl\")]/tbody/tr[1]/td[10]/div/span"}
RESULT: {"using":"xpath","value":"//table[contains(@id, \"customPersonsAddressesTable-listUl\")]/tbody/tr[1]/td[10]/div/span"}
COMMAND: POST /session/7587d6046b3c1b09e064ced46cf330df/execute/sync - {"script":"<script> [56 bytes]","args":[{"element-6066-11e4-a52e-4f735466cecf":"f.B39D86F39810CDE77319A15301F57A28.d.A2F6DF1527A09F3B500D7C3777EBE4E9.e.1037","ELEMENT":"f.B39D86F39810CDE77319A15301F57A28.d.A2F6DF1527A09F3B500D7C3777EBE4E9.e.1037"}]}
RESULT: {"script":"<script> [56 bytes]","args":[{"element-6066-11e4-a52e-4f735466cecf":"f.B39D86F39810CDE77319A15301F57A28.d.A2F6DF1527A09F3B500D7C3777EBE4E9.e.1037","ELEMENT":"f.B39D86F39810CDE77319A15301F57A28.d.A2F6DF1527A09F3B500D7C3777EBE4E9.e.1037"}]}
COMMAND: GET /session/7587d6046b3c1b09e064ced46cf330df/screenshot - {}
RESULT: {}
COMMAND: POST /session/7587d6046b3c1b09e064ced46cf330df/element - {"using":"css selector","value":"#shell-header-logo"}
RESULT: {"using":"css selector","value":"#shell-header-logo"}
COMMAND: POST /session/7587d6046b3c1b09e064ced46cf330df/element/f.B39D86F39810CDE77319A15301F57A28.d.A2F6DF1527A09F3B500D7C3777EBE4E9.e.833/click - {}
RESULT: {}
COMMAND: GET /session/7587d6046b3c1b09e064ced46cf330df/screenshot - {}
RESULT: {}
]]></system-out>
    </testcase>
    <testcase classname="chrome.136_0_7103_93.windows.Address_Management_Tests_US156181_US151165_US151160_US156180_US156178_US151157_US151172_US151170_US151166_US151168" name="Step 4 Should verify searches US156180 edit person and address US156178" time="75.91">
      <system-out><![CDATA[
RESULT: undefined
COMMAND: POST /session/7587d6046b3c1b09e064ced46cf330df/element - {"using":"xpath","value":"//*[@id=\"__tile33\"]"}
RESULT: {"using":"xpath","value":"//*[@id=\"__tile33\"]"}
COMMAND: POST /session/7587d6046b3c1b09e064ced46cf330df/element/f.B39D86F39810CDE77319A15301F57A28.d.A2F6DF1527A09F3B500D7C3777EBE4E9.e.231/click - {}
RESULT: {}
COMMAND: GET /session/7587d6046b3c1b09e064ced46cf330df/screenshot - {}
RESULT: {}
COMMAND: POST /session/7587d6046b3c1b09e064ced46cf330df/elements - {"using":"xpath","value":"//span[text()='Error']"}
RESULT: {"using":"xpath","value":"//span[text()='Error']"}
COMMAND: POST /session/7587d6046b3c1b09e064ced46cf330df/element - {"using":"xpath","value":"//button[@data-kt=\"addButton\"]"}
RESULT: {"using":"xpath","value":"//button[@data-kt=\"addButton\"]"}
COMMAND: POST /session/7587d6046b3c1b09e064ced46cf330df/elements - {"using":"xpath","value":"//button[@data-kt=\"addButton\"]"}
RESULT: {"using":"xpath","value":"//button[@data-kt=\"addButton\"]"}
COMMAND: POST /session/7587d6046b3c1b09e064ced46cf330df/execute/sync - {"script":"<script> [8489 bytes]","args":[{"element-6066-11e4-a52e-4f735466cecf":"f.B39D86F39810CDE77319A15301F57A28.d.A2F6DF1527A09F3B500D7C3777EBE4E9.e.1111","ELEMENT":"f.B39D86F39810CDE77319A15301F57A28.d.A2F6DF1527A09F3B500D7C3777EBE4E9.e.1111"}]}
RESULT: {"script":"<script> [8489 bytes]","args":[{"element-6066-11e4-a52e-4f735466cecf":"f.B39D86F39810CDE77319A15301F57A28.d.A2F6DF1527A09F3B500D7C3777EBE4E9.e.1111","ELEMENT":"f.B39D86F39810CDE77319A15301F57A28.d.A2F6DF1527A09F3B500D7C3777EBE4E9.e.1111"}]}
COMMAND: GET /session/7587d6046b3c1b09e064ced46cf330df/element/f.B39D86F39810CDE77319A15301F57A28.d.A2F6DF1527A09F3B500D7C3777EBE4E9.e.1111/enabled - {}
COMMAND: GET /session/7587d6046b3c1b09e064ced46cf330df/screenshot - {}
RESULT: {}
COMMAND: POST /session/7587d6046b3c1b09e064ced46cf330df/execute/sync - {"script":"<script> [8489 bytes]","args":[{"element-6066-11e4-a52e-4f735466cecf":"f.B39D86F39810CDE77319A15301F57A28.d.A2F6DF1527A09F3B500D7C3777EBE4E9.e.1111","ELEMENT":"f.B39D86F39810CDE77319A15301F57A28.d.A2F6DF1527A09F3B500D7C3777EBE4E9.e.1111"}]}
COMMAND: GET /session/7587d6046b3c1b09e064ced46cf330df/screenshot - {}
RESULT: {}
RESULT: {"script":"<script> [8489 bytes]","args":[{"element-6066-11e4-a52e-4f735466cecf":"f.B39D86F39810CDE77319A15301F57A28.d.A2F6DF1527A09F3B500D7C3777EBE4E9.e.1111","ELEMENT":"f.B39D86F39810CDE77319A15301F57A28.d.A2F6DF1527A09F3B500D7C3777EBE4E9.e.1111"}]}
COMMAND: POST /session/7587d6046b3c1b09e064ced46cf330df/execute/sync - {"script":"<script> [5351 bytes]","args":[{"element-6066-11e4-a52e-4f735466cecf":"f.B39D86F39810CDE77319A15301F57A28.d.A2F6DF1527A09F3B500D7C3777EBE4E9.e.1111","ELEMENT":"f.B39D86F39810CDE77319A15301F57A28.d.A2F6DF1527A09F3B500D7C3777EBE4E9.e.1111"}]}
COMMAND: GET /session/7587d6046b3c1b09e064ced46cf330df/screenshot - {}
RESULT: {}
RESULT: {"script":"<script> [5351 bytes]","args":[{"element-6066-11e4-a52e-4f735466cecf":"f.B39D86F39810CDE77319A15301F57A28.d.A2F6DF1527A09F3B500D7C3777EBE4E9.e.1111","ELEMENT":"f.B39D86F39810CDE77319A15301F57A28.d.A2F6DF1527A09F3B500D7C3777EBE4E9.e.1111"}]}
COMMAND: GET /session/7587d6046b3c1b09e064ced46cf330df/screenshot - {}
RESULT: {}
RESULT: {}
RESULT: undefined
COMMAND: POST /session/7587d6046b3c1b09e064ced46cf330df/execute/async - {"script":"<script> [776 bytes]","args":[{"enterText":"Nb4QqZ0nbD","selector":{"id":"application-addressmanagement-display-component---masterAdm--smartFilterBar-btnBasicSearch","interaction":{"idSuffix":"I"}},"clearTextFirst":true,"interactionType":"ENTER_TEXT"}]}
RESULT: {"script":"<script> [776 bytes]","args":[{"enterText":"Nb4QqZ0nbD","selector":{"id":"application-addressmanagement-display-component---masterAdm--smartFilterBar-btnBasicSearch","interaction":{"idSuffix":"I"}},"clearTextFirst":true,"interactionType":"ENTER_TEXT"}]}
COMMAND: POST /session/7587d6046b3c1b09e064ced46cf330df/actions - {"actions":[{"id":"action4","type":"key","parameters":{},"actions":[{"type":"keyDown","value":"î€‡"},{"type":"pause","duration":10},{"type":"keyUp","value":"î€‡"}]}]}
RESULT: {"actions":[{"id":"action4","type":"key","parameters":{},"actions":[{"type":"keyDown","value":"î€‡"},{"type":"pause","duration":10},{"type":"keyUp","value":"î€‡"}]}]}
COMMAND: GET /session/7587d6046b3c1b09e064ced46cf330df/screenshot - {}
RESULT: {}
COMMAND: POST /session/7587d6046b3c1b09e064ced46cf330df/elements - {"using":"xpath","value":"//table[contains(@id, \"customPersonsAddressesTable-listUl\")]/tbody/tr"}
RESULT: {"using":"xpath","value":"//table[contains(@id, \"customPersonsAddressesTable-listUl\")]/tbody/tr"}
COMMAND: POST /session/7587d6046b3c1b09e064ced46cf330df/element - {"using":"xpath","value":"//table[contains(@id, \"customPersonsAddressesTable-listUl\")]/tbody/tr[1]/td[5]/span/span"}
RESULT: {"using":"xpath","value":"//table[contains(@id, \"customPersonsAddressesTable-listUl\")]/tbody/tr[1]/td[5]/span/span"}
COMMAND: POST /session/7587d6046b3c1b09e064ced46cf330df/element - {"using":"xpath","value":"//table[contains(@id, \"customPersonsAddressesTable-listUl\")]/tbody/tr[1]/td[3]/span"}
RESULT: {"using":"xpath","value":"//table[contains(@id, \"customPersonsAddressesTable-listUl\")]/tbody/tr[1]/td[3]/span"}
COMMAND: POST /session/7587d6046b3c1b09e064ced46cf330df/elements - {"using":"xpath","value":"//table[contains(@id, \"customPersonsAddressesTable-listUl\")]/tbody/tr[1]/td[5]/span/span"}
RESULT: {"using":"xpath","value":"//table[contains(@id, \"customPersonsAddressesTable-listUl\")]/tbody/tr[1]/td[5]/span/span"}
COMMAND: POST /session/7587d6046b3c1b09e064ced46cf330df/execute/sync - {"script":"<script> [56 bytes]","args":[{"element-6066-11e4-a52e-4f735466cecf":"f.B39D86F39810CDE77319A15301F57A28.d.A2F6DF1527A09F3B500D7C3777EBE4E9.e.1245","ELEMENT":"f.B39D86F39810CDE77319A15301F57A28.d.A2F6DF1527A09F3B500D7C3777EBE4E9.e.1245"}]}
RESULT: {"script":"<script> [56 bytes]","args":[{"element-6066-11e4-a52e-4f735466cecf":"f.B39D86F39810CDE77319A15301F57A28.d.A2F6DF1527A09F3B500D7C3777EBE4E9.e.1245","ELEMENT":"f.B39D86F39810CDE77319A15301F57A28.d.A2F6DF1527A09F3B500D7C3777EBE4E9.e.1245"}]}
COMMAND: POST /session/7587d6046b3c1b09e064ced46cf330df/execute/sync - {"script":"<script> [56 bytes]","args":[{"element-6066-11e4-a52e-4f735466cecf":"f.B39D86F39810CDE77319A15301F57A28.d.A2F6DF1527A09F3B500D7C3777EBE4E9.e.1246","ELEMENT":"f.B39D86F39810CDE77319A15301F57A28.d.A2F6DF1527A09F3B500D7C3777EBE4E9.e.1246"}]}
COMMAND: GET /session/7587d6046b3c1b09e064ced46cf330df/screenshot - {}
RESULT: {"script":"<script> [56 bytes]","args":[{"element-6066-11e4-a52e-4f735466cecf":"f.B39D86F39810CDE77319A15301F57A28.d.A2F6DF1527A09F3B500D7C3777EBE4E9.e.1246","ELEMENT":"f.B39D86F39810CDE77319A15301F57A28.d.A2F6DF1527A09F3B500D7C3777EBE4E9.e.1246"}]}
COMMAND: POST /session/7587d6046b3c1b09e064ced46cf330df/element - {"using":"xpath","value":"(//span[contains(@id, \"imgNav\")])[1]"}
COMMAND: GET /session/7587d6046b3c1b09e064ced46cf330df/screenshot - {}
RESULT: {}
RESULT: {"using":"xpath","value":"(//span[contains(@id, \"imgNav\")])[1]"}
COMMAND: POST /session/7587d6046b3c1b09e064ced46cf330df/element/f.B39D86F39810CDE77319A15301F57A28.d.A2F6DF1527A09F3B500D7C3777EBE4E9.e.1243/click - {}
RESULT: {}
RESULT: {}
COMMAND: GET /session/7587d6046b3c1b09e064ced46cf330df/screenshot - {}
RESULT: {}
COMMAND: POST /session/7587d6046b3c1b09e064ced46cf330df/element - {"using":"xpath","value":"//bdi[contains(text(), \"Edit\")]"}
RESULT: {"using":"xpath","value":"//bdi[contains(text(), \"Edit\")]"}
COMMAND: POST /session/7587d6046b3c1b09e064ced46cf330df/element/f.B39D86F39810CDE77319A15301F57A28.d.A2F6DF1527A09F3B500D7C3777EBE4E9.e.1360/click - {}
RESULT: {}
COMMAND: GET /session/7587d6046b3c1b09e064ced46cf330df/screenshot - {}
RESULT: {}
COMMAND: POST /session/7587d6046b3c1b09e064ced46cf330df/execute/async - {"script":"<script> [1562 bytes]","args":[{"selector":{"controlType":"sap.ui.core.Icon","viewName":"etm.portal.ui.addressmanagement.view.EditDetail","properties":{"src":{"regex":{"source":"slim\\-arrow\\-down"}}},"ancestor":{"id":"addressTitle","viewName":"etm.portal.ui.addressmanagement.view.EditDetail"}},"wdio_ui5_key":"etmportal.ui.addressmanagement.view.EditDetailsap.ui.core.Icon{\"src\":{\"regex\":{\"source\":\"slim\\\\-arrow\\\\-down\"}}}{\"id\":\"addressTitle\",\"viewName\":\"etm.portal.ui.addressmanagement.view.EditDetail\"}"}]}
RESULT: {"script":"<script> [1562 bytes]","args":[{"selector":{"controlType":"sap.ui.core.Icon","viewName":"etm.portal.ui.addressmanagement.view.EditDetail","properties":{"src":{"regex":{"source":"slim\\-arrow\\-down"}}},"ancestor":{"id":"addressTitle","viewName":"etm.portal.ui.addressmanagement.view.EditDetail"}},"wdio_ui5_key":"etmportal.ui.addressmanagement.view.EditDetailsap.ui.core.Icon{\"src\":{\"regex\":{\"source\":\"slim\\\\-arrow\\\\-down\"}}}{\"id\":\"addressTitle\",\"viewName\":\"etm.portal.ui.addressmanagement.view.EditDetail\"}"}]}
RESULT: undefined
COMMAND: POST /session/7587d6046b3c1b09e064ced46cf330df/element - {"using":"xpath","value":"//*[@id=\"__xmlview59--addressTitle-arrow\"]"}
RESULT: {"using":"xpath","value":"//*[@id=\"__xmlview59--addressTitle-arrow\"]"}
COMMAND: POST /session/7587d6046b3c1b09e064ced46cf330df/element/f.B39D86F39810CDE77319A15301F57A28.d.A2F6DF1527A09F3B500D7C3777EBE4E9.e.1402/click - {}
RESULT: {}
COMMAND: GET /session/7587d6046b3c1b09e064ced46cf330df/screenshot - {}
RESULT: {}
COMMAND: POST /session/7587d6046b3c1b09e064ced46cf330df/element - {"using":"xpath","value":"//li[.//span[text()=\"Mr.\"]]"}
RESULT: {"using":"xpath","value":"//li[.//span[text()=\"Mr.\"]]"}
COMMAND: POST /session/7587d6046b3c1b09e064ced46cf330df/element/f.B39D86F39810CDE77319A15301F57A28.d.A2F6DF1527A09F3B500D7C3777EBE4E9.e.1404/click - {}
RESULT: {}
COMMAND: GET /session/7587d6046b3c1b09e064ced46cf330df/screenshot - {}
RESULT: {}
COMMAND: POST /session/7587d6046b3c1b09e064ced46cf330df/execute/async - {"script":"<script> [1562 bytes]","args":[{"selector":{"controlType":"sap.m.Input","viewName":"etm.portal.ui.addressmanagement.view.EditDetail","labelFor":{"text":"Last Name"},"interaction":{"idSuffix":"inner"}},"wdio_ui5_key":"etmportal.ui.addressmanagement.view.EditDetailsap.m.Input{\"text\":\"Last Name\"}"}]}
RESULT: {"script":"<script> [1562 bytes]","args":[{"selector":{"controlType":"sap.m.Input","viewName":"etm.portal.ui.addressmanagement.view.EditDetail","labelFor":{"text":"Last Name"},"interaction":{"idSuffix":"inner"}},"wdio_ui5_key":"etmportal.ui.addressmanagement.view.EditDetailsap.m.Input{\"text\":\"Last Name\"}"}]}
RESULT: undefined
COMMAND: POST /session/7587d6046b3c1b09e064ced46cf330df/execute/async - {"script":"<script> [776 bytes]","args":[{"enterText":"EDIT John Cena","selector":{"controlType":"sap.m.Input","viewName":"etm.portal.ui.addressmanagement.view.EditDetail","labelFor":{"text":"Last Name"},"interaction":{"idSuffix":"inner"}},"clearTextFirst":true,"interactionType":"ENTER_TEXT"}]}
RESULT: {"script":"<script> [776 bytes]","args":[{"enterText":"EDIT John Cena","selector":{"controlType":"sap.m.Input","viewName":"etm.portal.ui.addressmanagement.view.EditDetail","labelFor":{"text":"Last Name"},"interaction":{"idSuffix":"inner"}},"clearTextFirst":true,"interactionType":"ENTER_TEXT"}]}
COMMAND: POST /session/7587d6046b3c1b09e064ced46cf330df/execute/async - {"script":"<script> [1562 bytes]","args":[{"selector":{"controlType":"sap.ui.core.Icon","viewName":"etm.portal.ui.addressmanagement.view.EditDetail","properties":{"src":{"regex":{"source":"slim\\-arrow\\-down"}}},"ancestor":{"id":"addressDetailDetailsLanguage","viewName":"etm.portal.ui.addressmanagement.view.EditDetail"}},"wdio_ui5_key":"etmportal.ui.addressmanagement.view.EditDetailsap.ui.core.Icon{\"src\":{\"regex\":{\"source\":\"slim\\\\-arrow\\\\-down\"}}}{\"id\":\"addressDetailDetailsLanguage\",\"viewName\":\"etm.portal.ui.addressmanagement.view.EditDetail\"}"}]}
RESULT: {"script":"<script> [1562 bytes]","args":[{"selector":{"controlType":"sap.ui.core.Icon","viewName":"etm.portal.ui.addressmanagement.view.EditDetail","properties":{"src":{"regex":{"source":"slim\\-arrow\\-down"}}},"ancestor":{"id":"addressDetailDetailsLanguage","viewName":"etm.portal.ui.addressmanagement.view.EditDetail"}},"wdio_ui5_key":"etmportal.ui.addressmanagement.view.EditDetailsap.ui.core.Icon{\"src\":{\"regex\":{\"source\":\"slim\\\\-arrow\\\\-down\"}}}{\"id\":\"addressDetailDetailsLanguage\",\"viewName\":\"etm.portal.ui.addressmanagement.view.EditDetail\"}"}]}
RESULT: undefined
COMMAND: POST /session/7587d6046b3c1b09e064ced46cf330df/element - {"using":"xpath","value":"//*[@id=\"__xmlview59--addressDetailDetailsLanguage-arrow\"]"}
RESULT: {"using":"xpath","value":"//*[@id=\"__xmlview59--addressDetailDetailsLanguage-arrow\"]"}
COMMAND: POST /session/7587d6046b3c1b09e064ced46cf330df/element/f.B39D86F39810CDE77319A15301F57A28.d.A2F6DF1527A09F3B500D7C3777EBE4E9.e.1407/click - {}
RESULT: {}
COMMAND: GET /session/7587d6046b3c1b09e064ced46cf330df/screenshot - {}
RESULT: {}
COMMAND: POST /session/7587d6046b3c1b09e064ced46cf330df/element - {"using":"xpath","value":"//span[contains(text(), \"Bulgarian\")]"}
RESULT: {"using":"xpath","value":"//span[contains(text(), \"Bulgarian\")]"}
COMMAND: POST /session/7587d6046b3c1b09e064ced46cf330df/element/f.B39D86F39810CDE77319A15301F57A28.d.A2F6DF1527A09F3B500D7C3777EBE4E9.e.1408/click - {}
RESULT: {}
COMMAND: GET /session/7587d6046b3c1b09e064ced46cf330df/screenshot - {}
RESULT: {}
COMMAND: POST /session/7587d6046b3c1b09e064ced46cf330df/execute/async - {"script":"<script> [1562 bytes]","args":[{"selector":{"controlType":"sap.m.Input","viewName":"etm.portal.ui.addressmanagement.view.EditDetail","labelFor":{"text":"ZIP/Postal code"},"interaction":{"idSuffix":"inner"}},"wdio_ui5_key":"etmportal.ui.addressmanagement.view.EditDetailsap.m.Input{\"text\":\"ZIP/Postal code\"}"}]}
RESULT: {"script":"<script> [1562 bytes]","args":[{"selector":{"controlType":"sap.m.Input","viewName":"etm.portal.ui.addressmanagement.view.EditDetail","labelFor":{"text":"ZIP/Postal code"},"interaction":{"idSuffix":"inner"}},"wdio_ui5_key":"etmportal.ui.addressmanagement.view.EditDetailsap.m.Input{\"text\":\"ZIP/Postal code\"}"}]}
RESULT: undefined
COMMAND: POST /session/7587d6046b3c1b09e064ced46cf330df/execute/async - {"script":"<script> [776 bytes]","args":[{"enterText":"500292","selector":{"controlType":"sap.m.Input","viewName":"etm.portal.ui.addressmanagement.view.EditDetail","labelFor":{"text":"ZIP/Postal code"},"interaction":{"idSuffix":"inner"}},"clearTextFirst":true,"interactionType":"ENTER_TEXT"}]}
RESULT: {"script":"<script> [776 bytes]","args":[{"enterText":"500292","selector":{"controlType":"sap.m.Input","viewName":"etm.portal.ui.addressmanagement.view.EditDetail","labelFor":{"text":"ZIP/Postal code"},"interaction":{"idSuffix":"inner"}},"clearTextFirst":true,"interactionType":"ENTER_TEXT"}]}
COMMAND: POST /session/7587d6046b3c1b09e064ced46cf330df/execute/async - {"script":"<script> [1562 bytes]","args":[{"selector":{"id":"addressDetailContactsEmail","viewName":"etm.portal.ui.addressmanagement.view.EditDetail","interaction":{"idSuffix":"inner"}},"wdio_ui5_key":"addressDetailContactsEmailetmportal.ui.addressmanagement.view.EditDetail"}]}
RESULT: {"script":"<script> [1562 bytes]","args":[{"selector":{"id":"addressDetailContactsEmail","viewName":"etm.portal.ui.addressmanagement.view.EditDetail","interaction":{"idSuffix":"inner"}},"wdio_ui5_key":"addressDetailContactsEmailetmportal.ui.addressmanagement.view.EditDetail"}]}
RESULT: undefined
COMMAND: POST /session/7587d6046b3c1b09e064ced46cf330df/execute/async - {"script":"<script> [776 bytes]","args":[{"enterText":"webdriverrules@emailfake.com","selector":{"id":"addressDetailContactsEmail","viewName":"etm.portal.ui.addressmanagement.view.EditDetail","interaction":{"idSuffix":"inner"}},"clearTextFirst":true,"interactionType":"ENTER_TEXT"}]}
RESULT: {"script":"<script> [776 bytes]","args":[{"enterText":"webdriverrules@emailfake.com","selector":{"id":"addressDetailContactsEmail","viewName":"etm.portal.ui.addressmanagement.view.EditDetail","interaction":{"idSuffix":"inner"}},"clearTextFirst":true,"interactionType":"ENTER_TEXT"}]}
COMMAND: POST /session/7587d6046b3c1b09e064ced46cf330df/execute/async - {"script":"<script> [1562 bytes]","args":[{"selector":{"id":"addressUserJobTitle","viewName":"etm.portal.ui.addressmanagement.view.EditDetail","interaction":{"idSuffix":"inner"}},"wdio_ui5_key":"addressUserJobTitleetmportal.ui.addressmanagement.view.EditDetail"}]}
RESULT: {"script":"<script> [1562 bytes]","args":[{"selector":{"id":"addressUserJobTitle","viewName":"etm.portal.ui.addressmanagement.view.EditDetail","interaction":{"idSuffix":"inner"}},"wdio_ui5_key":"addressUserJobTitleetmportal.ui.addressmanagement.view.EditDetail"}]}
RESULT: undefined
COMMAND: POST /session/7587d6046b3c1b09e064ced46cf330df/execute/async - {"script":"<script> [776 bytes]","args":[{"enterText":"director","selector":{"id":"addressUserJobTitle","viewName":"etm.portal.ui.addressmanagement.view.EditDetail","interaction":{"idSuffix":"inner"}},"clearTextFirst":true,"interactionType":"ENTER_TEXT"}]}
RESULT: {"script":"<script> [776 bytes]","args":[{"enterText":"director","selector":{"id":"addressUserJobTitle","viewName":"etm.portal.ui.addressmanagement.view.EditDetail","interaction":{"idSuffix":"inner"}},"clearTextFirst":true,"interactionType":"ENTER_TEXT"}]}
COMMAND: POST /session/7587d6046b3c1b09e064ced46cf330df/execute/async - {"script":"<script> [1562 bytes]","args":[{"selector":{"id":"tagMultiInput","viewName":"etm.portal.ui.addressmanagement.view.EditDetail","interaction":{"idSuffix":"inner"}},"wdio_ui5_key":"tagMultiInputetmportal.ui.addressmanagement.view.EditDetail"}]}
RESULT: {"script":"<script> [1562 bytes]","args":[{"selector":{"id":"tagMultiInput","viewName":"etm.portal.ui.addressmanagement.view.EditDetail","interaction":{"idSuffix":"inner"}},"wdio_ui5_key":"tagMultiInputetmportal.ui.addressmanagement.view.EditDetail"}]}
RESULT: undefined
COMMAND: POST /session/7587d6046b3c1b09e064ced46cf330df/execute/async - {"script":"<script> [776 bytes]","args":[{"enterText":"testyTag1","selector":{"id":"tagMultiInput","viewName":"etm.portal.ui.addressmanagement.view.EditDetail","interaction":{"idSuffix":"inner"}},"clearTextFirst":true,"interactionType":"ENTER_TEXT"}]}
RESULT: {"script":"<script> [776 bytes]","args":[{"enterText":"testyTag1","selector":{"id":"tagMultiInput","viewName":"etm.portal.ui.addressmanagement.view.EditDetail","interaction":{"idSuffix":"inner"}},"clearTextFirst":true,"interactionType":"ENTER_TEXT"}]}
COMMAND: POST /session/7587d6046b3c1b09e064ced46cf330df/actions - {"actions":[{"id":"action5","type":"key","parameters":{},"actions":[{"type":"keyDown","value":"î€‡"},{"type":"pause","duration":10},{"type":"keyUp","value":"î€‡"}]}]}
RESULT: {"actions":[{"id":"action5","type":"key","parameters":{},"actions":[{"type":"keyDown","value":"î€‡"},{"type":"pause","duration":10},{"type":"keyUp","value":"î€‡"}]}]}
COMMAND: GET /session/7587d6046b3c1b09e064ced46cf330df/screenshot - {}
RESULT: {}
RESULT: undefined
COMMAND: POST /session/7587d6046b3c1b09e064ced46cf330df/execute/async - {"script":"<script> [776 bytes]","args":[{"enterText":"taggyTag2","selector":{"id":"tagMultiInput","viewName":"etm.portal.ui.addressmanagement.view.EditDetail","interaction":{"idSuffix":"inner"}},"clearTextFirst":true,"interactionType":"ENTER_TEXT"}]}
RESULT: {"script":"<script> [776 bytes]","args":[{"enterText":"taggyTag2","selector":{"id":"tagMultiInput","viewName":"etm.portal.ui.addressmanagement.view.EditDetail","interaction":{"idSuffix":"inner"}},"clearTextFirst":true,"interactionType":"ENTER_TEXT"}]}
COMMAND: POST /session/7587d6046b3c1b09e064ced46cf330df/actions - {"actions":[{"id":"action6","type":"key","parameters":{},"actions":[{"type":"keyDown","value":"î€‡"},{"type":"pause","duration":10},{"type":"keyUp","value":"î€‡"}]}]}
RESULT: {"actions":[{"id":"action6","type":"key","parameters":{},"actions":[{"type":"keyDown","value":"î€‡"},{"type":"pause","duration":10},{"type":"keyUp","value":"î€‡"}]}]}
COMMAND: GET /session/7587d6046b3c1b09e064ced46cf330df/screenshot - {}
RESULT: {}
COMMAND: POST /session/7587d6046b3c1b09e064ced46cf330df/element - {"using":"xpath","value":"//button[@data-kt=\"saveButton\"]"}
RESULT: {"using":"xpath","value":"//button[@data-kt=\"saveButton\"]"}
COMMAND: POST /session/7587d6046b3c1b09e064ced46cf330df/element/f.B39D86F39810CDE77319A15301F57A28.d.A2F6DF1527A09F3B500D7C3777EBE4E9.e.1414/click - {}
RESULT: {}
COMMAND: GET /session/7587d6046b3c1b09e064ced46cf330df/screenshot - {}
RESULT: {}
COMMAND: POST /session/7587d6046b3c1b09e064ced46cf330df/element - {"using":"xpath","value":"//span[@id=\"application-addressmanagement-display-component---detailAdm--addressTitle\"]"}
RESULT: {"using":"xpath","value":"//span[@id=\"application-addressmanagement-display-component---detailAdm--addressTitle\"]"}
COMMAND: POST /session/7587d6046b3c1b09e064ced46cf330df/elements - {"using":"xpath","value":"//span[@id=\"application-addressmanagement-display-component---detailAdm--addressTitle\"]"}
RESULT: {"using":"xpath","value":"//span[@id=\"application-addressmanagement-display-component---detailAdm--addressTitle\"]"}
COMMAND: POST /session/7587d6046b3c1b09e064ced46cf330df/execute/sync - {"script":"<script> [56 bytes]","args":[{"element-6066-11e4-a52e-4f735466cecf":"f.B39D86F39810CDE77319A15301F57A28.d.A2F6DF1527A09F3B500D7C3777EBE4E9.e.1432","ELEMENT":"f.B39D86F39810CDE77319A15301F57A28.d.A2F6DF1527A09F3B500D7C3777EBE4E9.e.1432"}]}
RESULT: {"script":"<script> [56 bytes]","args":[{"element-6066-11e4-a52e-4f735466cecf":"f.B39D86F39810CDE77319A15301F57A28.d.A2F6DF1527A09F3B500D7C3777EBE4E9.e.1432","ELEMENT":"f.B39D86F39810CDE77319A15301F57A28.d.A2F6DF1527A09F3B500D7C3777EBE4E9.e.1432"}]}
COMMAND: POST /session/7587d6046b3c1b09e064ced46cf330df/element - {"using":"xpath","value":"//span[@id=\"application-addressmanagement-display-component---detailAdm--addressDetailDetailsName2\"]"}
COMMAND: GET /session/7587d6046b3c1b09e064ced46cf330df/screenshot - {}
RESULT: {"using":"xpath","value":"//span[@id=\"application-addressmanagement-display-component---detailAdm--addressDetailDetailsName2\"]"}
COMMAND: POST /session/7587d6046b3c1b09e064ced46cf330df/elements - {"using":"xpath","value":"//span[@id=\"application-addressmanagement-display-component---detailAdm--addressDetailDetailsName2\"]"}
RESULT: {}
RESULT: {"using":"xpath","value":"//span[@id=\"application-addressmanagement-display-component---detailAdm--addressDetailDetailsName2\"]"}
COMMAND: POST /session/7587d6046b3c1b09e064ced46cf330df/execute/sync - {"script":"<script> [56 bytes]","args":[{"element-6066-11e4-a52e-4f735466cecf":"f.B39D86F39810CDE77319A15301F57A28.d.A2F6DF1527A09F3B500D7C3777EBE4E9.e.1433","ELEMENT":"f.B39D86F39810CDE77319A15301F57A28.d.A2F6DF1527A09F3B500D7C3777EBE4E9.e.1433"}]}
RESULT: {"script":"<script> [56 bytes]","args":[{"element-6066-11e4-a52e-4f735466cecf":"f.B39D86F39810CDE77319A15301F57A28.d.A2F6DF1527A09F3B500D7C3777EBE4E9.e.1433","ELEMENT":"f.B39D86F39810CDE77319A15301F57A28.d.A2F6DF1527A09F3B500D7C3777EBE4E9.e.1433"}]}
COMMAND: POST /session/7587d6046b3c1b09e064ced46cf330df/element - {"using":"xpath","value":"//span[@id=\"application-addressmanagement-display-component---detailAdm--addressDetailDetailsLanguage\"]"}
COMMAND: GET /session/7587d6046b3c1b09e064ced46cf330df/screenshot - {}
RESULT: {"using":"xpath","value":"//span[@id=\"application-addressmanagement-display-component---detailAdm--addressDetailDetailsLanguage\"]"}
COMMAND: POST /session/7587d6046b3c1b09e064ced46cf330df/elements - {"using":"xpath","value":"//span[@id=\"application-addressmanagement-display-component---detailAdm--addressDetailDetailsLanguage\"]"}
RESULT: {}
RESULT: {"using":"xpath","value":"//span[@id=\"application-addressmanagement-display-component---detailAdm--addressDetailDetailsLanguage\"]"}
COMMAND: POST /session/7587d6046b3c1b09e064ced46cf330df/execute/sync - {"script":"<script> [56 bytes]","args":[{"element-6066-11e4-a52e-4f735466cecf":"f.B39D86F39810CDE77319A15301F57A28.d.A2F6DF1527A09F3B500D7C3777EBE4E9.e.1434","ELEMENT":"f.B39D86F39810CDE77319A15301F57A28.d.A2F6DF1527A09F3B500D7C3777EBE4E9.e.1434"}]}
RESULT: {"script":"<script> [56 bytes]","args":[{"element-6066-11e4-a52e-4f735466cecf":"f.B39D86F39810CDE77319A15301F57A28.d.A2F6DF1527A09F3B500D7C3777EBE4E9.e.1434","ELEMENT":"f.B39D86F39810CDE77319A15301F57A28.d.A2F6DF1527A09F3B500D7C3777EBE4E9.e.1434"}]}
COMMAND: POST /session/7587d6046b3c1b09e064ced46cf330df/element - {"using":"xpath","value":"//span[@id=\"application-addressmanagement-display-component---detailAdm--addressDetailDetailsZip1\"]"}
COMMAND: GET /session/7587d6046b3c1b09e064ced46cf330df/screenshot - {}
RESULT: {"using":"xpath","value":"//span[@id=\"application-addressmanagement-display-component---detailAdm--addressDetailDetailsZip1\"]"}
COMMAND: POST /session/7587d6046b3c1b09e064ced46cf330df/elements - {"using":"xpath","value":"//span[@id=\"application-addressmanagement-display-component---detailAdm--addressDetailDetailsZip1\"]"}
RESULT: {}
RESULT: {"using":"xpath","value":"//span[@id=\"application-addressmanagement-display-component---detailAdm--addressDetailDetailsZip1\"]"}
COMMAND: POST /session/7587d6046b3c1b09e064ced46cf330df/execute/sync - {"script":"<script> [56 bytes]","args":[{"element-6066-11e4-a52e-4f735466cecf":"f.B39D86F39810CDE77319A15301F57A28.d.A2F6DF1527A09F3B500D7C3777EBE4E9.e.1435","ELEMENT":"f.B39D86F39810CDE77319A15301F57A28.d.A2F6DF1527A09F3B500D7C3777EBE4E9.e.1435"}]}
RESULT: {"script":"<script> [56 bytes]","args":[{"element-6066-11e4-a52e-4f735466cecf":"f.B39D86F39810CDE77319A15301F57A28.d.A2F6DF1527A09F3B500D7C3777EBE4E9.e.1435","ELEMENT":"f.B39D86F39810CDE77319A15301F57A28.d.A2F6DF1527A09F3B500D7C3777EBE4E9.e.1435"}]}
COMMAND: POST /session/7587d6046b3c1b09e064ced46cf330df/element - {"using":"xpath","value":"//span[@id=\"application-addressmanagement-display-component---detailAdm--addressDetailContactsEmail\"]"}
COMMAND: GET /session/7587d6046b3c1b09e064ced46cf330df/screenshot - {}
RESULT: {"using":"xpath","value":"//span[@id=\"application-addressmanagement-display-component---detailAdm--addressDetailContactsEmail\"]"}
COMMAND: POST /session/7587d6046b3c1b09e064ced46cf330df/elements - {"using":"xpath","value":"//span[@id=\"application-addressmanagement-display-component---detailAdm--addressDetailContactsEmail\"]"}
RESULT: {}
RESULT: {"using":"xpath","value":"//span[@id=\"application-addressmanagement-display-component---detailAdm--addressDetailContactsEmail\"]"}
COMMAND: POST /session/7587d6046b3c1b09e064ced46cf330df/execute/sync - {"script":"<script> [56 bytes]","args":[{"element-6066-11e4-a52e-4f735466cecf":"f.B39D86F39810CDE77319A15301F57A28.d.A2F6DF1527A09F3B500D7C3777EBE4E9.e.1436","ELEMENT":"f.B39D86F39810CDE77319A15301F57A28.d.A2F6DF1527A09F3B500D7C3777EBE4E9.e.1436"}]}
RESULT: {"script":"<script> [56 bytes]","args":[{"element-6066-11e4-a52e-4f735466cecf":"f.B39D86F39810CDE77319A15301F57A28.d.A2F6DF1527A09F3B500D7C3777EBE4E9.e.1436","ELEMENT":"f.B39D86F39810CDE77319A15301F57A28.d.A2F6DF1527A09F3B500D7C3777EBE4E9.e.1436"}]}
COMMAND: POST /session/7587d6046b3c1b09e064ced46cf330df/element - {"using":"xpath","value":"//span[@id=\"application-addressmanagement-display-component---detailAdm--addressUserJobTitle\"]"}
COMMAND: GET /session/7587d6046b3c1b09e064ced46cf330df/screenshot - {}
RESULT: {"using":"xpath","value":"//span[@id=\"application-addressmanagement-display-component---detailAdm--addressUserJobTitle\"]"}
COMMAND: POST /session/7587d6046b3c1b09e064ced46cf330df/elements - {"using":"xpath","value":"//span[@id=\"application-addressmanagement-display-component---detailAdm--addressUserJobTitle\"]"}
RESULT: {}
RESULT: {"using":"xpath","value":"//span[@id=\"application-addressmanagement-display-component---detailAdm--addressUserJobTitle\"]"}
COMMAND: POST /session/7587d6046b3c1b09e064ced46cf330df/execute/sync - {"script":"<script> [56 bytes]","args":[{"element-6066-11e4-a52e-4f735466cecf":"f.B39D86F39810CDE77319A15301F57A28.d.A2F6DF1527A09F3B500D7C3777EBE4E9.e.1437","ELEMENT":"f.B39D86F39810CDE77319A15301F57A28.d.A2F6DF1527A09F3B500D7C3777EBE4E9.e.1437"}]}
RESULT: {"script":"<script> [56 bytes]","args":[{"element-6066-11e4-a52e-4f735466cecf":"f.B39D86F39810CDE77319A15301F57A28.d.A2F6DF1527A09F3B500D7C3777EBE4E9.e.1437","ELEMENT":"f.B39D86F39810CDE77319A15301F57A28.d.A2F6DF1527A09F3B500D7C3777EBE4E9.e.1437"}]}
COMMAND: POST /session/7587d6046b3c1b09e064ced46cf330df/element - {"using":"xpath","value":"//span[contains(@class, \"sapMTokenText\") and text()=\"testyTag1\"]"}
COMMAND: GET /session/7587d6046b3c1b09e064ced46cf330df/screenshot - {}
RESULT: {"using":"xpath","value":"//span[contains(@class, \"sapMTokenText\") and text()=\"testyTag1\"]"}
COMMAND: POST /session/7587d6046b3c1b09e064ced46cf330df/element - {"using":"xpath","value":"//span[contains(@class, \"sapMTokenText\") and text()=\"taggyTag2\"]"}
RESULT: {}
RESULT: {"using":"xpath","value":"//span[contains(@class, \"sapMTokenText\") and text()=\"taggyTag2\"]"}
COMMAND: POST /session/7587d6046b3c1b09e064ced46cf330df/elements - {"using":"xpath","value":"//span[contains(@class, \"sapMTokenText\") and text()=\"testyTag1\"]"}
RESULT: {"using":"xpath","value":"//span[contains(@class, \"sapMTokenText\") and text()=\"testyTag1\"]"}
COMMAND: POST /session/7587d6046b3c1b09e064ced46cf330df/elements - {"using":"xpath","value":"//span[contains(@class, \"sapMTokenText\") and text()=\"taggyTag2\"]"}
RESULT: {"using":"xpath","value":"//span[contains(@class, \"sapMTokenText\") and text()=\"taggyTag2\"]"}
COMMAND: POST /session/7587d6046b3c1b09e064ced46cf330df/element - {"using":"css selector","value":"#shell-header-logo"}
RESULT: {"using":"css selector","value":"#shell-header-logo"}
COMMAND: POST /session/7587d6046b3c1b09e064ced46cf330df/element/f.B39D86F39810CDE77319A15301F57A28.d.A2F6DF1527A09F3B500D7C3777EBE4E9.e.1048/click - {}
RESULT: {}
COMMAND: GET /session/7587d6046b3c1b09e064ced46cf330df/screenshot - {}
RESULT: {}
]]></system-out>
    </testcase>
  </testsuite>
</testsuites>