<?xml version="1.0" encoding="UTF-8"?>
<testsuites tests="5" failures="0" errors="0" skipped="0">
  <testsuite timestamp="2025-05-04T18:01:56" time="315.988" tests="5" failures="0" errors="0" skipped="0">
    <properties>
      <property name="specId" value="0" />
      <property name="suiteName" value="Address Management Tests US151165 US151160" />
      <property name="capabilities" value="chrome.135_0_7049_96.windows" />
      <property name="file" value="file:///D:/a/1/s/test/specs/BTS/address-management.spec.js" />
    </properties>
    <testcase classname="chrome.135_0_7049_96.windows.Address_Management_Tests_US151165_US151160" name="Step 1 Will check existence of address created with generated name if none then we create" time="70.082">
      <system-out><![CDATA[
COMMAND: POST /session/a82f5743d16f1180c4007975e6622cb1/execute/async - {"script":"<script> [1562 bytes]","args":[{"selector":{"controlType":"sap.m.GenericTile","properties":{"header":"Address Management"}},"wdio_ui5_key":"sapm.GenericTile{\"header\":\"Address Management\"}"}]}
RESULT: {"script":"<script> [1562 bytes]","args":[{"selector":{"controlType":"sap.m.GenericTile","properties":{"header":"Address Management"}},"wdio_ui5_key":"sapm.GenericTile{\"header\":\"Address Management\"}"}]}
RESULT: undefined
COMMAND: POST /session/a82f5743d16f1180c4007975e6622cb1/element - {"using":"xpath","value":"//*[@id=\"__tile33\"]"}
RESULT: {"using":"xpath","value":"//*[@id=\"__tile33\"]"}
COMMAND: POST /session/a82f5743d16f1180c4007975e6622cb1/element/f.F2AC403F3BF937F39E0CE0BCF59AF4A8.d.89E2975F4418DFD66F2408E2D66FB462.e.230/click - {}
RESULT: {}
COMMAND: POST /session/a82f5743d16f1180c4007975e6622cb1/element - {"using":"xpath","value":"//button[@data-kt=\"addButton\"]"}
COMMAND: GET /session/a82f5743d16f1180c4007975e6622cb1/screenshot - {}
RESULT: {"using":"xpath","value":"//button[@data-kt=\"addButton\"]"}
COMMAND: POST /session/a82f5743d16f1180c4007975e6622cb1/elements - {"using":"xpath","value":"//button[@data-kt=\"addButton\"]"}
RESULT: {}
RESULT: {"using":"xpath","value":"//button[@data-kt=\"addButton\"]"}
COMMAND: POST /session/a82f5743d16f1180c4007975e6622cb1/elements - {"using":"xpath","value":"//button[@data-kt=\"addButton\"]"}
RESULT: {"using":"xpath","value":"//button[@data-kt=\"addButton\"]"}
COMMAND: POST /session/a82f5743d16f1180c4007975e6622cb1/elements - {"using":"xpath","value":"//button[@data-kt=\"addButton\"]"}
RESULT: {"using":"xpath","value":"//button[@data-kt=\"addButton\"]"}
COMMAND: POST /session/a82f5743d16f1180c4007975e6622cb1/elements - {"using":"xpath","value":"//button[@data-kt=\"addButton\"]"}
RESULT: {"using":"xpath","value":"//button[@data-kt=\"addButton\"]"}
COMMAND: POST /session/a82f5743d16f1180c4007975e6622cb1/elements - {"using":"xpath","value":"//button[@data-kt=\"addButton\"]"}
RESULT: {"using":"xpath","value":"//button[@data-kt=\"addButton\"]"}
COMMAND: POST /session/a82f5743d16f1180c4007975e6622cb1/elements - {"using":"xpath","value":"//button[@data-kt=\"addButton\"]"}
RESULT: {"using":"xpath","value":"//button[@data-kt=\"addButton\"]"}
COMMAND: POST /session/a82f5743d16f1180c4007975e6622cb1/elements - {"using":"xpath","value":"//button[@data-kt=\"addButton\"]"}
RESULT: {"using":"xpath","value":"//button[@data-kt=\"addButton\"]"}
COMMAND: POST /session/a82f5743d16f1180c4007975e6622cb1/elements - {"using":"xpath","value":"//button[@data-kt=\"addButton\"]"}
RESULT: {"using":"xpath","value":"//button[@data-kt=\"addButton\"]"}
COMMAND: POST /session/a82f5743d16f1180c4007975e6622cb1/elements - {"using":"xpath","value":"//button[@data-kt=\"addButton\"]"}
RESULT: {"using":"xpath","value":"//button[@data-kt=\"addButton\"]"}
COMMAND: POST /session/a82f5743d16f1180c4007975e6622cb1/elements - {"using":"xpath","value":"//button[@data-kt=\"addButton\"]"}
RESULT: {"using":"xpath","value":"//button[@data-kt=\"addButton\"]"}
COMMAND: POST /session/a82f5743d16f1180c4007975e6622cb1/elements - {"using":"xpath","value":"//button[@data-kt=\"addButton\"]"}
RESULT: {"using":"xpath","value":"//button[@data-kt=\"addButton\"]"}
COMMAND: POST /session/a82f5743d16f1180c4007975e6622cb1/elements - {"using":"xpath","value":"//button[@data-kt=\"addButton\"]"}
RESULT: {"using":"xpath","value":"//button[@data-kt=\"addButton\"]"}
COMMAND: POST /session/a82f5743d16f1180c4007975e6622cb1/elements - {"using":"xpath","value":"//button[@data-kt=\"addButton\"]"}
RESULT: {"using":"xpath","value":"//button[@data-kt=\"addButton\"]"}
COMMAND: POST /session/a82f5743d16f1180c4007975e6622cb1/elements - {"using":"xpath","value":"//button[@data-kt=\"addButton\"]"}
RESULT: {"using":"xpath","value":"//button[@data-kt=\"addButton\"]"}
COMMAND: POST /session/a82f5743d16f1180c4007975e6622cb1/elements - {"using":"xpath","value":"//button[@data-kt=\"addButton\"]"}
RESULT: {"using":"xpath","value":"//button[@data-kt=\"addButton\"]"}
COMMAND: POST /session/a82f5743d16f1180c4007975e6622cb1/elements - {"using":"xpath","value":"//button[@data-kt=\"addButton\"]"}
RESULT: {"using":"xpath","value":"//button[@data-kt=\"addButton\"]"}
COMMAND: POST /session/a82f5743d16f1180c4007975e6622cb1/elements - {"using":"xpath","value":"//button[@data-kt=\"addButton\"]"}
RESULT: {"using":"xpath","value":"//button[@data-kt=\"addButton\"]"}
COMMAND: POST /session/a82f5743d16f1180c4007975e6622cb1/elements - {"using":"xpath","value":"//button[@data-kt=\"addButton\"]"}
RESULT: {"using":"xpath","value":"//button[@data-kt=\"addButton\"]"}
COMMAND: POST /session/a82f5743d16f1180c4007975e6622cb1/elements - {"using":"xpath","value":"//button[@data-kt=\"addButton\"]"}
RESULT: {"using":"xpath","value":"//button[@data-kt=\"addButton\"]"}
COMMAND: POST /session/a82f5743d16f1180c4007975e6622cb1/elements - {"using":"xpath","value":"//button[@data-kt=\"addButton\"]"}
RESULT: {"using":"xpath","value":"//button[@data-kt=\"addButton\"]"}
COMMAND: POST /session/a82f5743d16f1180c4007975e6622cb1/elements - {"using":"xpath","value":"//button[@data-kt=\"addButton\"]"}
RESULT: {"using":"xpath","value":"//button[@data-kt=\"addButton\"]"}
COMMAND: POST /session/a82f5743d16f1180c4007975e6622cb1/elements - {"using":"xpath","value":"//button[@data-kt=\"addButton\"]"}
RESULT: {"using":"xpath","value":"//button[@data-kt=\"addButton\"]"}
COMMAND: POST /session/a82f5743d16f1180c4007975e6622cb1/elements - {"using":"xpath","value":"//button[@data-kt=\"addButton\"]"}
RESULT: {"using":"xpath","value":"//button[@data-kt=\"addButton\"]"}
COMMAND: POST /session/a82f5743d16f1180c4007975e6622cb1/elements - {"using":"xpath","value":"//button[@data-kt=\"addButton\"]"}
RESULT: {"using":"xpath","value":"//button[@data-kt=\"addButton\"]"}
COMMAND: POST /session/a82f5743d16f1180c4007975e6622cb1/elements - {"using":"xpath","value":"//button[@data-kt=\"addButton\"]"}
RESULT: {"using":"xpath","value":"//button[@data-kt=\"addButton\"]"}
COMMAND: POST /session/a82f5743d16f1180c4007975e6622cb1/elements - {"using":"xpath","value":"//button[@data-kt=\"addButton\"]"}
RESULT: {"using":"xpath","value":"//button[@data-kt=\"addButton\"]"}
COMMAND: POST /session/a82f5743d16f1180c4007975e6622cb1/elements - {"using":"xpath","value":"//button[@data-kt=\"addButton\"]"}
RESULT: {"using":"xpath","value":"//button[@data-kt=\"addButton\"]"}
COMMAND: POST /session/a82f5743d16f1180c4007975e6622cb1/elements - {"using":"xpath","value":"//button[@data-kt=\"addButton\"]"}
RESULT: {"using":"xpath","value":"//button[@data-kt=\"addButton\"]"}
COMMAND: POST /session/a82f5743d16f1180c4007975e6622cb1/elements - {"using":"xpath","value":"//button[@data-kt=\"addButton\"]"}
RESULT: {"using":"xpath","value":"//button[@data-kt=\"addButton\"]"}
COMMAND: POST /session/a82f5743d16f1180c4007975e6622cb1/element - {"using":"xpath","value":"//button[@data-kt=\"addButton\"]"}
RESULT: {"using":"xpath","value":"//button[@data-kt=\"addButton\"]"}
COMMAND: POST /session/a82f5743d16f1180c4007975e6622cb1/execute/sync - {"script":"<script> [8489 bytes]","args":[{"element-6066-11e4-a52e-4f735466cecf":"f.F2AC403F3BF937F39E0CE0BCF59AF4A8.d.89E2975F4418DFD66F2408E2D66FB462.e.316","ELEMENT":"f.F2AC403F3BF937F39E0CE0BCF59AF4A8.d.89E2975F4418DFD66F2408E2D66FB462.e.316"}]}
RESULT: {"script":"<script> [8489 bytes]","args":[{"element-6066-11e4-a52e-4f735466cecf":"f.F2AC403F3BF937F39E0CE0BCF59AF4A8.d.89E2975F4418DFD66F2408E2D66FB462.e.316","ELEMENT":"f.F2AC403F3BF937F39E0CE0BCF59AF4A8.d.89E2975F4418DFD66F2408E2D66FB462.e.316"}]}
COMMAND: GET /session/a82f5743d16f1180c4007975e6622cb1/element/f.F2AC403F3BF937F39E0CE0BCF59AF4A8.d.89E2975F4418DFD66F2408E2D66FB462.e.316/enabled - {}
COMMAND: GET /session/a82f5743d16f1180c4007975e6622cb1/screenshot - {}
RESULT: {}
COMMAND: POST /session/a82f5743d16f1180c4007975e6622cb1/execute/sync - {"script":"<script> [8489 bytes]","args":[{"element-6066-11e4-a52e-4f735466cecf":"f.F2AC403F3BF937F39E0CE0BCF59AF4A8.d.89E2975F4418DFD66F2408E2D66FB462.e.316","ELEMENT":"f.F2AC403F3BF937F39E0CE0BCF59AF4A8.d.89E2975F4418DFD66F2408E2D66FB462.e.316"}]}
COMMAND: GET /session/a82f5743d16f1180c4007975e6622cb1/screenshot - {}
RESULT: {}
RESULT: {"script":"<script> [8489 bytes]","args":[{"element-6066-11e4-a52e-4f735466cecf":"f.F2AC403F3BF937F39E0CE0BCF59AF4A8.d.89E2975F4418DFD66F2408E2D66FB462.e.316","ELEMENT":"f.F2AC403F3BF937F39E0CE0BCF59AF4A8.d.89E2975F4418DFD66F2408E2D66FB462.e.316"}]}
COMMAND: POST /session/a82f5743d16f1180c4007975e6622cb1/execute/sync - {"script":"<script> [5351 bytes]","args":[{"element-6066-11e4-a52e-4f735466cecf":"f.F2AC403F3BF937F39E0CE0BCF59AF4A8.d.89E2975F4418DFD66F2408E2D66FB462.e.316","ELEMENT":"f.F2AC403F3BF937F39E0CE0BCF59AF4A8.d.89E2975F4418DFD66F2408E2D66FB462.e.316"}]}
COMMAND: GET /session/a82f5743d16f1180c4007975e6622cb1/screenshot - {}
RESULT: {}
RESULT: {}
RESULT: {"script":"<script> [5351 bytes]","args":[{"element-6066-11e4-a52e-4f735466cecf":"f.F2AC403F3BF937F39E0CE0BCF59AF4A8.d.89E2975F4418DFD66F2408E2D66FB462.e.316","ELEMENT":"f.F2AC403F3BF937F39E0CE0BCF59AF4A8.d.89E2975F4418DFD66F2408E2D66FB462.e.316"}]}
COMMAND: GET /session/a82f5743d16f1180c4007975e6622cb1/screenshot - {}
RESULT: {}
COMMAND: POST /session/a82f5743d16f1180c4007975e6622cb1/execute/async - {"script":"<script> [1562 bytes]","args":[{"selector":{"id":"application-addressmanagement-display-component---masterAdm--smartFilterBar-btnBasicSearch","interaction":{"idSuffix":"I"}},"wdio_ui5_key":"applicationaddressmanagement-display-component---masterAdm--smartFilterBar-btnBasicSearch"}]}
RESULT: {"script":"<script> [1562 bytes]","args":[{"selector":{"id":"application-addressmanagement-display-component---masterAdm--smartFilterBar-btnBasicSearch","interaction":{"idSuffix":"I"}},"wdio_ui5_key":"applicationaddressmanagement-display-component---masterAdm--smartFilterBar-btnBasicSearch"}]}
RESULT: undefined
COMMAND: POST /session/a82f5743d16f1180c4007975e6622cb1/execute/async - {"script":"<script> [776 bytes]","args":[{"enterText":"eobkFMqVqc","selector":{"id":"application-addressmanagement-display-component---masterAdm--smartFilterBar-btnBasicSearch","interaction":{"idSuffix":"I"}},"clearTextFirst":true,"interactionType":"ENTER_TEXT"}]}
RESULT: {"script":"<script> [776 bytes]","args":[{"enterText":"eobkFMqVqc","selector":{"id":"application-addressmanagement-display-component---masterAdm--smartFilterBar-btnBasicSearch","interaction":{"idSuffix":"I"}},"clearTextFirst":true,"interactionType":"ENTER_TEXT"}]}
COMMAND: POST /session/a82f5743d16f1180c4007975e6622cb1/actions - {"actions":[{"id":"action1","type":"key","parameters":{},"actions":[{"type":"keyDown","value":"î€‡"},{"type":"pause","duration":10},{"type":"keyUp","value":"î€‡"}]}]}
RESULT: {"actions":[{"id":"action1","type":"key","parameters":{},"actions":[{"type":"keyDown","value":"î€‡"},{"type":"pause","duration":10},{"type":"keyUp","value":"î€‡"}]}]}
COMMAND: GET /session/a82f5743d16f1180c4007975e6622cb1/screenshot - {}
RESULT: {}
COMMAND: POST /session/a82f5743d16f1180c4007975e6622cb1/elements - {"using":"xpath","value":"//table[contains(@id, \"customPersonsAddressesTable-listUl\")]/tbody/tr"}
RESULT: {"using":"xpath","value":"//table[contains(@id, \"customPersonsAddressesTable-listUl\")]/tbody/tr"}
COMMAND: POST /session/a82f5743d16f1180c4007975e6622cb1/element - {"using":"xpath","value":"//table[contains(@id, \"customPersonsAddressesTable-listUl\")]/tbody/tr[1]/td[5]/span/span"}
RESULT: {"using":"xpath","value":"//table[contains(@id, \"customPersonsAddressesTable-listUl\")]/tbody/tr[1]/td[5]/span/span"}
COMMAND: POST /session/a82f5743d16f1180c4007975e6622cb1/element - {"using":"xpath","value":"//table[contains(@id, \"customPersonsAddressesTable-listUl\")]/tbody/tr[1]/td[3]/span"}
RESULT: {"using":"xpath","value":"//table[contains(@id, \"customPersonsAddressesTable-listUl\")]/tbody/tr[1]/td[3]/span"}
COMMAND: POST /session/a82f5743d16f1180c4007975e6622cb1/elements - {"using":"xpath","value":"//table[contains(@id, \"customPersonsAddressesTable-listUl\")]/tbody/tr[1]/td[5]/span/span"}
RESULT: {"using":"xpath","value":"//table[contains(@id, \"customPersonsAddressesTable-listUl\")]/tbody/tr[1]/td[5]/span/span"}
COMMAND: POST /session/a82f5743d16f1180c4007975e6622cb1/element - {"using":"xpath","value":"//span[@id=\"application-addressmanagement-display-component---masterAdm--smartTable-header-inner\"]"}
RESULT: {"using":"xpath","value":"//span[@id=\"application-addressmanagement-display-component---masterAdm--smartTable-header-inner\"]"}
COMMAND: POST /session/a82f5743d16f1180c4007975e6622cb1/elements - {"using":"xpath","value":"//span[@id=\"application-addressmanagement-display-component---masterAdm--smartTable-header-inner\"]"}
RESULT: {"using":"xpath","value":"//span[@id=\"application-addressmanagement-display-component---masterAdm--smartTable-header-inner\"]"}
COMMAND: POST /session/a82f5743d16f1180c4007975e6622cb1/execute/sync - {"script":"<script> [56 bytes]","args":[{"element-6066-11e4-a52e-4f735466cecf":"f.F2AC403F3BF937F39E0CE0BCF59AF4A8.d.89E2975F4418DFD66F2408E2D66FB462.e.457","ELEMENT":"f.F2AC403F3BF937F39E0CE0BCF59AF4A8.d.89E2975F4418DFD66F2408E2D66FB462.e.457"}]}
RESULT: {"script":"<script> [56 bytes]","args":[{"element-6066-11e4-a52e-4f735466cecf":"f.F2AC403F3BF937F39E0CE0BCF59AF4A8.d.89E2975F4418DFD66F2408E2D66FB462.e.457","ELEMENT":"f.F2AC403F3BF937F39E0CE0BCF59AF4A8.d.89E2975F4418DFD66F2408E2D66FB462.e.457"}]}
COMMAND: POST /session/a82f5743d16f1180c4007975e6622cb1/element - {"using":"xpath","value":"//button[@data-kt=\"addButton\"]"}
COMMAND: GET /session/a82f5743d16f1180c4007975e6622cb1/screenshot - {}
RESULT: {"using":"xpath","value":"//button[@data-kt=\"addButton\"]"}
COMMAND: POST /session/a82f5743d16f1180c4007975e6622cb1/element/f.F2AC403F3BF937F39E0CE0BCF59AF4A8.d.89E2975F4418DFD66F2408E2D66FB462.e.316/click - {}
RESULT: {}
RESULT: {}
COMMAND: GET /session/a82f5743d16f1180c4007975e6622cb1/screenshot - {}
RESULT: {}
COMMAND: POST /session/a82f5743d16f1180c4007975e6622cb1/execute/async - {"script":"<script> [1562 bytes]","args":[{"selector":{"controlType":"sap.ui.core.Icon","viewName":"etm.portal.ui.addressmanagement.view.NewAddress","properties":{"src":{"regex":{"source":"slim\\-arrow\\-down"}}},"ancestor":{"id":"addressTitle","viewName":"etm.portal.ui.addressmanagement.view.NewAddress"}},"wdio_ui5_key":"etmportal.ui.addressmanagement.view.NewAddresssap.ui.core.Icon{\"src\":{\"regex\":{\"source\":\"slim\\\\-arrow\\\\-down\"}}}{\"id\":\"addressTitle\",\"viewName\":\"etm.portal.ui.addressmanagement.view.NewAddress\"}"}]}
RESULT: {"script":"<script> [1562 bytes]","args":[{"selector":{"controlType":"sap.ui.core.Icon","viewName":"etm.portal.ui.addressmanagement.view.NewAddress","properties":{"src":{"regex":{"source":"slim\\-arrow\\-down"}}},"ancestor":{"id":"addressTitle","viewName":"etm.portal.ui.addressmanagement.view.NewAddress"}},"wdio_ui5_key":"etmportal.ui.addressmanagement.view.NewAddresssap.ui.core.Icon{\"src\":{\"regex\":{\"source\":\"slim\\\\-arrow\\\\-down\"}}}{\"id\":\"addressTitle\",\"viewName\":\"etm.portal.ui.addressmanagement.view.NewAddress\"}"}]}
RESULT: undefined
COMMAND: POST /session/a82f5743d16f1180c4007975e6622cb1/element - {"using":"xpath","value":"//*[@id=\"__xmlview58--addressTitle-arrow\"]"}
RESULT: {"using":"xpath","value":"//*[@id=\"__xmlview58--addressTitle-arrow\"]"}
COMMAND: POST /session/a82f5743d16f1180c4007975e6622cb1/element/f.F2AC403F3BF937F39E0CE0BCF59AF4A8.d.89E2975F4418DFD66F2408E2D66FB462.e.487/click - {}
RESULT: {}
COMMAND: GET /session/a82f5743d16f1180c4007975e6622cb1/screenshot - {}
RESULT: {}
COMMAND: POST /session/a82f5743d16f1180c4007975e6622cb1/element - {"using":"xpath","value":"//li[.//span[text()=\"Dr.\"]]"}
RESULT: {"using":"xpath","value":"//li[.//span[text()=\"Dr.\"]]"}
COMMAND: POST /session/a82f5743d16f1180c4007975e6622cb1/element/f.F2AC403F3BF937F39E0CE0BCF59AF4A8.d.89E2975F4418DFD66F2408E2D66FB462.e.603/click - {}
RESULT: {}
COMMAND: POST /session/a82f5743d16f1180c4007975e6622cb1/execute/async - {"script":"<script> [1562 bytes]","args":[{"selector":{"controlType":"sap.ui.core.Icon","viewName":"etm.portal.ui.addressmanagement.view.NewAddress","properties":{"src":{"regex":{"source":"slim\\-arrow\\-down"}}},"ancestor":{"id":"addressDetailDetailsLanguage","viewName":"etm.portal.ui.addressmanagement.view.NewAddress"}},"wdio_ui5_key":"etmportal.ui.addressmanagement.view.NewAddresssap.ui.core.Icon{\"src\":{\"regex\":{\"source\":\"slim\\\\-arrow\\\\-down\"}}}{\"id\":\"addressDetailDetailsLanguage\",\"viewName\":\"etm.portal.ui.addressmanagement.view.NewAddress\"}"}]}
COMMAND: GET /session/a82f5743d16f1180c4007975e6622cb1/screenshot - {}
RESULT: {"script":"<script> [1562 bytes]","args":[{"selector":{"controlType":"sap.ui.core.Icon","viewName":"etm.portal.ui.addressmanagement.view.NewAddress","properties":{"src":{"regex":{"source":"slim\\-arrow\\-down"}}},"ancestor":{"id":"addressDetailDetailsLanguage","viewName":"etm.portal.ui.addressmanagement.view.NewAddress"}},"wdio_ui5_key":"etmportal.ui.addressmanagement.view.NewAddresssap.ui.core.Icon{\"src\":{\"regex\":{\"source\":\"slim\\\\-arrow\\\\-down\"}}}{\"id\":\"addressDetailDetailsLanguage\",\"viewName\":\"etm.portal.ui.addressmanagement.view.NewAddress\"}"}]}
RESULT: undefined
COMMAND: POST /session/a82f5743d16f1180c4007975e6622cb1/element - {"using":"xpath","value":"//*[@id=\"__xmlview58--addressDetailDetailsLanguage-arrow\"]"}
RESULT: {}
RESULT: {"using":"xpath","value":"//*[@id=\"__xmlview58--addressDetailDetailsLanguage-arrow\"]"}
COMMAND: POST /session/a82f5743d16f1180c4007975e6622cb1/element/f.F2AC403F3BF937F39E0CE0BCF59AF4A8.d.89E2975F4418DFD66F2408E2D66FB462.e.500/click - {}
RESULT: {}
COMMAND: GET /session/a82f5743d16f1180c4007975e6622cb1/screenshot - {}
RESULT: {}
COMMAND: POST /session/a82f5743d16f1180c4007975e6622cb1/element - {"using":"xpath","value":"//span[contains(text(), \"English\")]"}
RESULT: {"using":"xpath","value":"//span[contains(text(), \"English\")]"}
COMMAND: POST /session/a82f5743d16f1180c4007975e6622cb1/element/f.F2AC403F3BF937F39E0CE0BCF59AF4A8.d.89E2975F4418DFD66F2408E2D66FB462.e.604/click - {}
RESULT: {}
COMMAND: POST /session/a82f5743d16f1180c4007975e6622cb1/execute/async - {"script":"<script> [1562 bytes]","args":[{"selector":{"controlType":"sap.m.Input","viewName":"etm.portal.ui.addressmanagement.view.NewAddress","labelFor":{"text":"Name"},"interaction":{"idSuffix":"inner"}},"wdio_ui5_key":"etmportal.ui.addressmanagement.view.NewAddresssap.m.Input{\"text\":\"Name\"}"}]}
COMMAND: GET /session/a82f5743d16f1180c4007975e6622cb1/screenshot - {}
RESULT: {"script":"<script> [1562 bytes]","args":[{"selector":{"controlType":"sap.m.Input","viewName":"etm.portal.ui.addressmanagement.view.NewAddress","labelFor":{"text":"Name"},"interaction":{"idSuffix":"inner"}},"wdio_ui5_key":"etmportal.ui.addressmanagement.view.NewAddresssap.m.Input{\"text\":\"Name\"}"}]}
RESULT: undefined
COMMAND: POST /session/a82f5743d16f1180c4007975e6622cb1/execute/async - {"script":"<script> [776 bytes]","args":[{"enterText":"eobkFMqVqc","selector":{"controlType":"sap.m.Input","viewName":"etm.portal.ui.addressmanagement.view.NewAddress","labelFor":{"text":"Name"},"interaction":{"idSuffix":"inner"}},"clearTextFirst":true,"interactionType":"ENTER_TEXT"}]}
RESULT: {}
RESULT: {"script":"<script> [776 bytes]","args":[{"enterText":"eobkFMqVqc","selector":{"controlType":"sap.m.Input","viewName":"etm.portal.ui.addressmanagement.view.NewAddress","labelFor":{"text":"Name"},"interaction":{"idSuffix":"inner"}},"clearTextFirst":true,"interactionType":"ENTER_TEXT"}]}
COMMAND: POST /session/a82f5743d16f1180c4007975e6622cb1/element - {"using":"xpath","value":"//button[@title=\"Save\"]"}
RESULT: {"using":"xpath","value":"//button[@title=\"Save\"]"}
COMMAND: POST /session/a82f5743d16f1180c4007975e6622cb1/element/f.F2AC403F3BF937F39E0CE0BCF59AF4A8.d.89E2975F4418DFD66F2408E2D66FB462.e.589/click - {}
RESULT: {}
COMMAND: GET /session/a82f5743d16f1180c4007975e6622cb1/screenshot - {}
RESULT: {}
COMMAND: POST /session/a82f5743d16f1180c4007975e6622cb1/element - {"using":"xpath","value":"//header[contains(@id, \"application-addressmanagement-display-component---detailAdm--ObjectPageLayout-headerTitle\")]/div[1]/div[3]/div[2]/span"}
RESULT: {"using":"xpath","value":"//header[contains(@id, \"application-addressmanagement-display-component---detailAdm--ObjectPageLayout-headerTitle\")]/div[1]/div[3]/div[2]/span"}
COMMAND: POST /session/a82f5743d16f1180c4007975e6622cb1/elements - {"using":"xpath","value":"//header[contains(@id, \"application-addressmanagement-display-component---detailAdm--ObjectPageLayout-headerTitle\")]/div[1]/div[3]/div[2]/span"}
RESULT: {"using":"xpath","value":"//header[contains(@id, \"application-addressmanagement-display-component---detailAdm--ObjectPageLayout-headerTitle\")]/div[1]/div[3]/div[2]/span"}
COMMAND: POST /session/a82f5743d16f1180c4007975e6622cb1/execute/sync - {"script":"<script> [56 bytes]","args":[{"element-6066-11e4-a52e-4f735466cecf":"f.F2AC403F3BF937F39E0CE0BCF59AF4A8.d.89E2975F4418DFD66F2408E2D66FB462.e.636","ELEMENT":"f.F2AC403F3BF937F39E0CE0BCF59AF4A8.d.89E2975F4418DFD66F2408E2D66FB462.e.636"}]}
RESULT: {"script":"<script> [56 bytes]","args":[{"element-6066-11e4-a52e-4f735466cecf":"f.F2AC403F3BF937F39E0CE0BCF59AF4A8.d.89E2975F4418DFD66F2408E2D66FB462.e.636","ELEMENT":"f.F2AC403F3BF937F39E0CE0BCF59AF4A8.d.89E2975F4418DFD66F2408E2D66FB462.e.636"}]}
COMMAND: GET /session/a82f5743d16f1180c4007975e6622cb1/screenshot - {}
RESULT: {}
COMMAND: POST /session/a82f5743d16f1180c4007975e6622cb1/element - {"using":"css selector","value":"#shell-header-logo"}
RESULT: {"using":"css selector","value":"#shell-header-logo"}
COMMAND: POST /session/a82f5743d16f1180c4007975e6622cb1/element/f.F2AC403F3BF937F39E0CE0BCF59AF4A8.d.89E2975F4418DFD66F2408E2D66FB462.e.280/click - {}
RESULT: {}
COMMAND: GET /session/a82f5743d16f1180c4007975e6622cb1/screenshot - {}
RESULT: {}
]]></system-out>
    </testcase>
    <testcase classname="chrome.135_0_7049_96.windows.Address_Management_Tests_US151165_US151160" name="Step 2 Should deactivate the created address in earlier step US151165" time="38.018">
      <system-out><![CDATA[
RESULT: undefined
COMMAND: POST /session/a82f5743d16f1180c4007975e6622cb1/element - {"using":"xpath","value":"//*[@id=\"__tile33\"]"}
RESULT: {"using":"xpath","value":"//*[@id=\"__tile33\"]"}
COMMAND: POST /session/a82f5743d16f1180c4007975e6622cb1/element/f.F2AC403F3BF937F39E0CE0BCF59AF4A8.d.89E2975F4418DFD66F2408E2D66FB462.e.230/click - {}
RESULT: {}
COMMAND: POST /session/a82f5743d16f1180c4007975e6622cb1/element - {"using":"xpath","value":"//button[@data-kt=\"addButton\"]"}
COMMAND: GET /session/a82f5743d16f1180c4007975e6622cb1/screenshot - {}
RESULT: {"using":"xpath","value":"//button[@data-kt=\"addButton\"]"}
COMMAND: POST /session/a82f5743d16f1180c4007975e6622cb1/elements - {"using":"xpath","value":"//button[@data-kt=\"addButton\"]"}
RESULT: {}
RESULT: {"using":"xpath","value":"//button[@data-kt=\"addButton\"]"}
COMMAND: POST /session/a82f5743d16f1180c4007975e6622cb1/elements - {"using":"xpath","value":"//button[@data-kt=\"addButton\"]"}
RESULT: {"using":"xpath","value":"//button[@data-kt=\"addButton\"]"}
COMMAND: POST /session/a82f5743d16f1180c4007975e6622cb1/elements - {"using":"xpath","value":"//button[@data-kt=\"addButton\"]"}
RESULT: {"using":"xpath","value":"//button[@data-kt=\"addButton\"]"}
COMMAND: POST /session/a82f5743d16f1180c4007975e6622cb1/element - {"using":"xpath","value":"//button[@data-kt=\"addButton\"]"}
RESULT: {"using":"xpath","value":"//button[@data-kt=\"addButton\"]"}
COMMAND: POST /session/a82f5743d16f1180c4007975e6622cb1/execute/sync - {"script":"<script> [8489 bytes]","args":[{"element-6066-11e4-a52e-4f735466cecf":"f.F2AC403F3BF937F39E0CE0BCF59AF4A8.d.89E2975F4418DFD66F2408E2D66FB462.e.696","ELEMENT":"f.F2AC403F3BF937F39E0CE0BCF59AF4A8.d.89E2975F4418DFD66F2408E2D66FB462.e.696"}]}
RESULT: {"script":"<script> [8489 bytes]","args":[{"element-6066-11e4-a52e-4f735466cecf":"f.F2AC403F3BF937F39E0CE0BCF59AF4A8.d.89E2975F4418DFD66F2408E2D66FB462.e.696","ELEMENT":"f.F2AC403F3BF937F39E0CE0BCF59AF4A8.d.89E2975F4418DFD66F2408E2D66FB462.e.696"}]}
COMMAND: GET /session/a82f5743d16f1180c4007975e6622cb1/element/f.F2AC403F3BF937F39E0CE0BCF59AF4A8.d.89E2975F4418DFD66F2408E2D66FB462.e.696/enabled - {}
COMMAND: GET /session/a82f5743d16f1180c4007975e6622cb1/screenshot - {}
RESULT: {}
COMMAND: POST /session/a82f5743d16f1180c4007975e6622cb1/execute/sync - {"script":"<script> [8489 bytes]","args":[{"element-6066-11e4-a52e-4f735466cecf":"f.F2AC403F3BF937F39E0CE0BCF59AF4A8.d.89E2975F4418DFD66F2408E2D66FB462.e.696","ELEMENT":"f.F2AC403F3BF937F39E0CE0BCF59AF4A8.d.89E2975F4418DFD66F2408E2D66FB462.e.696"}]}
COMMAND: GET /session/a82f5743d16f1180c4007975e6622cb1/screenshot - {}
RESULT: {}
RESULT: {"script":"<script> [8489 bytes]","args":[{"element-6066-11e4-a52e-4f735466cecf":"f.F2AC403F3BF937F39E0CE0BCF59AF4A8.d.89E2975F4418DFD66F2408E2D66FB462.e.696","ELEMENT":"f.F2AC403F3BF937F39E0CE0BCF59AF4A8.d.89E2975F4418DFD66F2408E2D66FB462.e.696"}]}
COMMAND: POST /session/a82f5743d16f1180c4007975e6622cb1/execute/sync - {"script":"<script> [5351 bytes]","args":[{"element-6066-11e4-a52e-4f735466cecf":"f.F2AC403F3BF937F39E0CE0BCF59AF4A8.d.89E2975F4418DFD66F2408E2D66FB462.e.696","ELEMENT":"f.F2AC403F3BF937F39E0CE0BCF59AF4A8.d.89E2975F4418DFD66F2408E2D66FB462.e.696"}]}
COMMAND: GET /session/a82f5743d16f1180c4007975e6622cb1/screenshot - {}
RESULT: {}
RESULT: {"script":"<script> [5351 bytes]","args":[{"element-6066-11e4-a52e-4f735466cecf":"f.F2AC403F3BF937F39E0CE0BCF59AF4A8.d.89E2975F4418DFD66F2408E2D66FB462.e.696","ELEMENT":"f.F2AC403F3BF937F39E0CE0BCF59AF4A8.d.89E2975F4418DFD66F2408E2D66FB462.e.696"}]}
COMMAND: GET /session/a82f5743d16f1180c4007975e6622cb1/screenshot - {}
RESULT: {}
RESULT: {}
RESULT: undefined
COMMAND: POST /session/a82f5743d16f1180c4007975e6622cb1/execute/async - {"script":"<script> [776 bytes]","args":[{"enterText":"eobkFMqVqc","selector":{"id":"application-addressmanagement-display-component---masterAdm--smartFilterBar-btnBasicSearch","interaction":{"idSuffix":"I"}},"clearTextFirst":true,"interactionType":"ENTER_TEXT"}]}
RESULT: {"script":"<script> [776 bytes]","args":[{"enterText":"eobkFMqVqc","selector":{"id":"application-addressmanagement-display-component---masterAdm--smartFilterBar-btnBasicSearch","interaction":{"idSuffix":"I"}},"clearTextFirst":true,"interactionType":"ENTER_TEXT"}]}
COMMAND: POST /session/a82f5743d16f1180c4007975e6622cb1/actions - {"actions":[{"id":"action2","type":"key","parameters":{},"actions":[{"type":"keyDown","value":"î€‡"},{"type":"pause","duration":10},{"type":"keyUp","value":"î€‡"}]}]}
RESULT: {"actions":[{"id":"action2","type":"key","parameters":{},"actions":[{"type":"keyDown","value":"î€‡"},{"type":"pause","duration":10},{"type":"keyUp","value":"î€‡"}]}]}
COMMAND: GET /session/a82f5743d16f1180c4007975e6622cb1/screenshot - {}
RESULT: {}
COMMAND: POST /session/a82f5743d16f1180c4007975e6622cb1/elements - {"using":"xpath","value":"//table[contains(@id, \"customPersonsAddressesTable-listUl\")]/tbody/tr"}
RESULT: {"using":"xpath","value":"//table[contains(@id, \"customPersonsAddressesTable-listUl\")]/tbody/tr"}
COMMAND: POST /session/a82f5743d16f1180c4007975e6622cb1/element - {"using":"xpath","value":"//table[contains(@id, \"customPersonsAddressesTable-listUl\")]/tbody/tr[1]/td[5]/span/span"}
RESULT: {"using":"xpath","value":"//table[contains(@id, \"customPersonsAddressesTable-listUl\")]/tbody/tr[1]/td[5]/span/span"}
COMMAND: POST /session/a82f5743d16f1180c4007975e6622cb1/element - {"using":"xpath","value":"//table[contains(@id, \"customPersonsAddressesTable-listUl\")]/tbody/tr[1]/td[3]/span"}
RESULT: {"using":"xpath","value":"//table[contains(@id, \"customPersonsAddressesTable-listUl\")]/tbody/tr[1]/td[3]/span"}
COMMAND: POST /session/a82f5743d16f1180c4007975e6622cb1/elements - {"using":"xpath","value":"//table[contains(@id, \"customPersonsAddressesTable-listUl\")]/tbody/tr[1]/td[5]/span/span"}
RESULT: {"using":"xpath","value":"//table[contains(@id, \"customPersonsAddressesTable-listUl\")]/tbody/tr[1]/td[5]/span/span"}
COMMAND: POST /session/a82f5743d16f1180c4007975e6622cb1/execute/sync - {"script":"<script> [56 bytes]","args":[{"element-6066-11e4-a52e-4f735466cecf":"f.F2AC403F3BF937F39E0CE0BCF59AF4A8.d.89E2975F4418DFD66F2408E2D66FB462.e.837","ELEMENT":"f.F2AC403F3BF937F39E0CE0BCF59AF4A8.d.89E2975F4418DFD66F2408E2D66FB462.e.837"}]}
RESULT: {"script":"<script> [56 bytes]","args":[{"element-6066-11e4-a52e-4f735466cecf":"f.F2AC403F3BF937F39E0CE0BCF59AF4A8.d.89E2975F4418DFD66F2408E2D66FB462.e.837","ELEMENT":"f.F2AC403F3BF937F39E0CE0BCF59AF4A8.d.89E2975F4418DFD66F2408E2D66FB462.e.837"}]}
COMMAND: POST /session/a82f5743d16f1180c4007975e6622cb1/execute/sync - {"script":"<script> [56 bytes]","args":[{"element-6066-11e4-a52e-4f735466cecf":"f.F2AC403F3BF937F39E0CE0BCF59AF4A8.d.89E2975F4418DFD66F2408E2D66FB462.e.838","ELEMENT":"f.F2AC403F3BF937F39E0CE0BCF59AF4A8.d.89E2975F4418DFD66F2408E2D66FB462.e.838"}]}
COMMAND: GET /session/a82f5743d16f1180c4007975e6622cb1/screenshot - {}
RESULT: {"script":"<script> [56 bytes]","args":[{"element-6066-11e4-a52e-4f735466cecf":"f.F2AC403F3BF937F39E0CE0BCF59AF4A8.d.89E2975F4418DFD66F2408E2D66FB462.e.838","ELEMENT":"f.F2AC403F3BF937F39E0CE0BCF59AF4A8.d.89E2975F4418DFD66F2408E2D66FB462.e.838"}]}
COMMAND: POST /session/a82f5743d16f1180c4007975e6622cb1/element - {"using":"xpath","value":"//table[contains(@id, \"customPersonsAddressesTable-listUl\")]/tbody/tr[1]/td[10]/div/span"}
COMMAND: GET /session/a82f5743d16f1180c4007975e6622cb1/screenshot - {}
RESULT: {}
RESULT: {"using":"xpath","value":"//table[contains(@id, \"customPersonsAddressesTable-listUl\")]/tbody/tr[1]/td[10]/div/span"}
COMMAND: POST /session/a82f5743d16f1180c4007975e6622cb1/execute/sync - {"script":"<script> [56 bytes]","args":[{"element-6066-11e4-a52e-4f735466cecf":"f.F2AC403F3BF937F39E0CE0BCF59AF4A8.d.89E2975F4418DFD66F2408E2D66FB462.e.839","ELEMENT":"f.F2AC403F3BF937F39E0CE0BCF59AF4A8.d.89E2975F4418DFD66F2408E2D66FB462.e.839"}]}
RESULT: {}
RESULT: {"script":"<script> [56 bytes]","args":[{"element-6066-11e4-a52e-4f735466cecf":"f.F2AC403F3BF937F39E0CE0BCF59AF4A8.d.89E2975F4418DFD66F2408E2D66FB462.e.839","ELEMENT":"f.F2AC403F3BF937F39E0CE0BCF59AF4A8.d.89E2975F4418DFD66F2408E2D66FB462.e.839"}]}
COMMAND: POST /session/a82f5743d16f1180c4007975e6622cb1/element - {"using":"xpath","value":"//table[contains(@id, \"customPersonsAddressesTable-listUl\")]/tbody/tr[1]/td[2]/div/div"}
COMMAND: GET /session/a82f5743d16f1180c4007975e6622cb1/screenshot - {}
RESULT: {"using":"xpath","value":"//table[contains(@id, \"customPersonsAddressesTable-listUl\")]/tbody/tr[1]/td[2]/div/div"}
COMMAND: POST /session/a82f5743d16f1180c4007975e6622cb1/element/f.F2AC403F3BF937F39E0CE0BCF59AF4A8.d.89E2975F4418DFD66F2408E2D66FB462.e.840/click - {}
RESULT: {}
RESULT: {}
COMMAND: GET /session/a82f5743d16f1180c4007975e6622cb1/screenshot - {}
RESULT: {}
COMMAND: POST /session/a82f5743d16f1180c4007975e6622cb1/element - {"using":"xpath","value":"//bdi[contains(text(), \"Deactivate\")]"}
RESULT: {"using":"xpath","value":"//bdi[contains(text(), \"Deactivate\")]"}
COMMAND: POST /session/a82f5743d16f1180c4007975e6622cb1/element/f.F2AC403F3BF937F39E0CE0BCF59AF4A8.d.89E2975F4418DFD66F2408E2D66FB462.e.841/click - {}
RESULT: {}
COMMAND: GET /session/a82f5743d16f1180c4007975e6622cb1/screenshot - {}
RESULT: {}
COMMAND: POST /session/a82f5743d16f1180c4007975e6622cb1/element - {"using":"xpath","value":"//bdi[contains(text(), \"Yes\")]"}
RESULT: {"using":"xpath","value":"//bdi[contains(text(), \"Yes\")]"}
COMMAND: POST /session/a82f5743d16f1180c4007975e6622cb1/element/f.F2AC403F3BF937F39E0CE0BCF59AF4A8.d.89E2975F4418DFD66F2408E2D66FB462.e.843/click - {}
RESULT: {}
COMMAND: GET /session/a82f5743d16f1180c4007975e6622cb1/screenshot - {}
RESULT: {}
COMMAND: POST /session/a82f5743d16f1180c4007975e6622cb1/element - {"using":"xpath","value":"//table[contains(@id, \"customPersonsAddressesTable-listUl\")]/tbody/tr[1]/td[10]/div/span"}
RESULT: {"using":"xpath","value":"//table[contains(@id, \"customPersonsAddressesTable-listUl\")]/tbody/tr[1]/td[10]/div/span"}
COMMAND: POST /session/a82f5743d16f1180c4007975e6622cb1/execute/sync - {"script":"<script> [56 bytes]","args":[{"element-6066-11e4-a52e-4f735466cecf":"f.F2AC403F3BF937F39E0CE0BCF59AF4A8.d.89E2975F4418DFD66F2408E2D66FB462.e.839","ELEMENT":"f.F2AC403F3BF937F39E0CE0BCF59AF4A8.d.89E2975F4418DFD66F2408E2D66FB462.e.839"}]}
RESULT: {"script":"<script> [56 bytes]","args":[{"element-6066-11e4-a52e-4f735466cecf":"f.F2AC403F3BF937F39E0CE0BCF59AF4A8.d.89E2975F4418DFD66F2408E2D66FB462.e.839","ELEMENT":"f.F2AC403F3BF937F39E0CE0BCF59AF4A8.d.89E2975F4418DFD66F2408E2D66FB462.e.839"}]}
COMMAND: GET /session/a82f5743d16f1180c4007975e6622cb1/screenshot - {}
RESULT: {}
COMMAND: POST /session/a82f5743d16f1180c4007975e6622cb1/element - {"using":"css selector","value":"#shell-header-logo"}
RESULT: {"using":"css selector","value":"#shell-header-logo"}
COMMAND: POST /session/a82f5743d16f1180c4007975e6622cb1/element/f.F2AC403F3BF937F39E0CE0BCF59AF4A8.d.89E2975F4418DFD66F2408E2D66FB462.e.641/click - {}
RESULT: {}
COMMAND: GET /session/a82f5743d16f1180c4007975e6622cb1/screenshot - {}
RESULT: {}
]]></system-out>
    </testcase>
    <testcase classname="chrome.135_0_7049_96.windows.Address_Management_Tests_US151165_US151160" name="Step 3 Should activate the created address back again US151160" time="41.065">
      <system-out><![CDATA[
RESULT: undefined
COMMAND: POST /session/a82f5743d16f1180c4007975e6622cb1/element - {"using":"xpath","value":"//*[@id=\"__tile33\"]"}
RESULT: {"using":"xpath","value":"//*[@id=\"__tile33\"]"}
COMMAND: POST /session/a82f5743d16f1180c4007975e6622cb1/element/f.F2AC403F3BF937F39E0CE0BCF59AF4A8.d.89E2975F4418DFD66F2408E2D66FB462.e.230/click - {}
RESULT: {}
COMMAND: POST /session/a82f5743d16f1180c4007975e6622cb1/element - {"using":"xpath","value":"//button[@data-kt=\"addButton\"]"}
COMMAND: GET /session/a82f5743d16f1180c4007975e6622cb1/screenshot - {}
RESULT: {"using":"xpath","value":"//button[@data-kt=\"addButton\"]"}
COMMAND: POST /session/a82f5743d16f1180c4007975e6622cb1/elements - {"using":"xpath","value":"//button[@data-kt=\"addButton\"]"}
RESULT: {}
RESULT: {"using":"xpath","value":"//button[@data-kt=\"addButton\"]"}
COMMAND: POST /session/a82f5743d16f1180c4007975e6622cb1/element - {"using":"xpath","value":"//button[@data-kt=\"addButton\"]"}
RESULT: {"using":"xpath","value":"//button[@data-kt=\"addButton\"]"}
COMMAND: POST /session/a82f5743d16f1180c4007975e6622cb1/execute/sync - {"script":"<script> [8489 bytes]","args":[{"element-6066-11e4-a52e-4f735466cecf":"f.F2AC403F3BF937F39E0CE0BCF59AF4A8.d.89E2975F4418DFD66F2408E2D66FB462.e.911","ELEMENT":"f.F2AC403F3BF937F39E0CE0BCF59AF4A8.d.89E2975F4418DFD66F2408E2D66FB462.e.911"}]}
RESULT: {"script":"<script> [8489 bytes]","args":[{"element-6066-11e4-a52e-4f735466cecf":"f.F2AC403F3BF937F39E0CE0BCF59AF4A8.d.89E2975F4418DFD66F2408E2D66FB462.e.911","ELEMENT":"f.F2AC403F3BF937F39E0CE0BCF59AF4A8.d.89E2975F4418DFD66F2408E2D66FB462.e.911"}]}
COMMAND: GET /session/a82f5743d16f1180c4007975e6622cb1/element/f.F2AC403F3BF937F39E0CE0BCF59AF4A8.d.89E2975F4418DFD66F2408E2D66FB462.e.911/enabled - {}
COMMAND: GET /session/a82f5743d16f1180c4007975e6622cb1/screenshot - {}
RESULT: {}
COMMAND: POST /session/a82f5743d16f1180c4007975e6622cb1/execute/sync - {"script":"<script> [8489 bytes]","args":[{"element-6066-11e4-a52e-4f735466cecf":"f.F2AC403F3BF937F39E0CE0BCF59AF4A8.d.89E2975F4418DFD66F2408E2D66FB462.e.911","ELEMENT":"f.F2AC403F3BF937F39E0CE0BCF59AF4A8.d.89E2975F4418DFD66F2408E2D66FB462.e.911"}]}
COMMAND: GET /session/a82f5743d16f1180c4007975e6622cb1/screenshot - {}
RESULT: {}
RESULT: {"script":"<script> [8489 bytes]","args":[{"element-6066-11e4-a52e-4f735466cecf":"f.F2AC403F3BF937F39E0CE0BCF59AF4A8.d.89E2975F4418DFD66F2408E2D66FB462.e.911","ELEMENT":"f.F2AC403F3BF937F39E0CE0BCF59AF4A8.d.89E2975F4418DFD66F2408E2D66FB462.e.911"}]}
COMMAND: POST /session/a82f5743d16f1180c4007975e6622cb1/execute/sync - {"script":"<script> [5351 bytes]","args":[{"element-6066-11e4-a52e-4f735466cecf":"f.F2AC403F3BF937F39E0CE0BCF59AF4A8.d.89E2975F4418DFD66F2408E2D66FB462.e.911","ELEMENT":"f.F2AC403F3BF937F39E0CE0BCF59AF4A8.d.89E2975F4418DFD66F2408E2D66FB462.e.911"}]}
COMMAND: GET /session/a82f5743d16f1180c4007975e6622cb1/screenshot - {}
RESULT: {}
RESULT: {"script":"<script> [5351 bytes]","args":[{"element-6066-11e4-a52e-4f735466cecf":"f.F2AC403F3BF937F39E0CE0BCF59AF4A8.d.89E2975F4418DFD66F2408E2D66FB462.e.911","ELEMENT":"f.F2AC403F3BF937F39E0CE0BCF59AF4A8.d.89E2975F4418DFD66F2408E2D66FB462.e.911"}]}
COMMAND: GET /session/a82f5743d16f1180c4007975e6622cb1/screenshot - {}
RESULT: {}
RESULT: {}
RESULT: undefined
COMMAND: POST /session/a82f5743d16f1180c4007975e6622cb1/execute/async - {"script":"<script> [776 bytes]","args":[{"enterText":"eobkFMqVqc","selector":{"id":"application-addressmanagement-display-component---masterAdm--smartFilterBar-btnBasicSearch","interaction":{"idSuffix":"I"}},"clearTextFirst":true,"interactionType":"ENTER_TEXT"}]}
RESULT: {"script":"<script> [776 bytes]","args":[{"enterText":"eobkFMqVqc","selector":{"id":"application-addressmanagement-display-component---masterAdm--smartFilterBar-btnBasicSearch","interaction":{"idSuffix":"I"}},"clearTextFirst":true,"interactionType":"ENTER_TEXT"}]}
COMMAND: POST /session/a82f5743d16f1180c4007975e6622cb1/actions - {"actions":[{"id":"action3","type":"key","parameters":{},"actions":[{"type":"keyDown","value":"î€‡"},{"type":"pause","duration":10},{"type":"keyUp","value":"î€‡"}]}]}
RESULT: {"actions":[{"id":"action3","type":"key","parameters":{},"actions":[{"type":"keyDown","value":"î€‡"},{"type":"pause","duration":10},{"type":"keyUp","value":"î€‡"}]}]}
COMMAND: GET /session/a82f5743d16f1180c4007975e6622cb1/screenshot - {}
RESULT: {}
COMMAND: POST /session/a82f5743d16f1180c4007975e6622cb1/elements - {"using":"xpath","value":"//table[contains(@id, \"customPersonsAddressesTable-listUl\")]/tbody/tr"}
RESULT: {"using":"xpath","value":"//table[contains(@id, \"customPersonsAddressesTable-listUl\")]/tbody/tr"}
COMMAND: POST /session/a82f5743d16f1180c4007975e6622cb1/element - {"using":"xpath","value":"//table[contains(@id, \"customPersonsAddressesTable-listUl\")]/tbody/tr[1]/td[5]/span/span"}
RESULT: {"using":"xpath","value":"//table[contains(@id, \"customPersonsAddressesTable-listUl\")]/tbody/tr[1]/td[5]/span/span"}
COMMAND: POST /session/a82f5743d16f1180c4007975e6622cb1/element - {"using":"xpath","value":"//table[contains(@id, \"customPersonsAddressesTable-listUl\")]/tbody/tr[1]/td[3]/span"}
RESULT: {"using":"xpath","value":"//table[contains(@id, \"customPersonsAddressesTable-listUl\")]/tbody/tr[1]/td[3]/span"}
COMMAND: POST /session/a82f5743d16f1180c4007975e6622cb1/elements - {"using":"xpath","value":"//table[contains(@id, \"customPersonsAddressesTable-listUl\")]/tbody/tr[1]/td[5]/span/span"}
RESULT: {"using":"xpath","value":"//table[contains(@id, \"customPersonsAddressesTable-listUl\")]/tbody/tr[1]/td[5]/span/span"}
COMMAND: POST /session/a82f5743d16f1180c4007975e6622cb1/execute/sync - {"script":"<script> [56 bytes]","args":[{"element-6066-11e4-a52e-4f735466cecf":"f.F2AC403F3BF937F39E0CE0BCF59AF4A8.d.89E2975F4418DFD66F2408E2D66FB462.e.1046","ELEMENT":"f.F2AC403F3BF937F39E0CE0BCF59AF4A8.d.89E2975F4418DFD66F2408E2D66FB462.e.1046"}]}
RESULT: {"script":"<script> [56 bytes]","args":[{"element-6066-11e4-a52e-4f735466cecf":"f.F2AC403F3BF937F39E0CE0BCF59AF4A8.d.89E2975F4418DFD66F2408E2D66FB462.e.1046","ELEMENT":"f.F2AC403F3BF937F39E0CE0BCF59AF4A8.d.89E2975F4418DFD66F2408E2D66FB462.e.1046"}]}
COMMAND: POST /session/a82f5743d16f1180c4007975e6622cb1/execute/sync - {"script":"<script> [56 bytes]","args":[{"element-6066-11e4-a52e-4f735466cecf":"f.F2AC403F3BF937F39E0CE0BCF59AF4A8.d.89E2975F4418DFD66F2408E2D66FB462.e.1047","ELEMENT":"f.F2AC403F3BF937F39E0CE0BCF59AF4A8.d.89E2975F4418DFD66F2408E2D66FB462.e.1047"}]}
COMMAND: GET /session/a82f5743d16f1180c4007975e6622cb1/screenshot - {}
RESULT: {"script":"<script> [56 bytes]","args":[{"element-6066-11e4-a52e-4f735466cecf":"f.F2AC403F3BF937F39E0CE0BCF59AF4A8.d.89E2975F4418DFD66F2408E2D66FB462.e.1047","ELEMENT":"f.F2AC403F3BF937F39E0CE0BCF59AF4A8.d.89E2975F4418DFD66F2408E2D66FB462.e.1047"}]}
COMMAND: POST /session/a82f5743d16f1180c4007975e6622cb1/element - {"using":"xpath","value":"//table[contains(@id, \"customPersonsAddressesTable-listUl\")]/tbody/tr[1]/td[10]/div/span"}
COMMAND: GET /session/a82f5743d16f1180c4007975e6622cb1/screenshot - {}
RESULT: {}
RESULT: {"using":"xpath","value":"//table[contains(@id, \"customPersonsAddressesTable-listUl\")]/tbody/tr[1]/td[10]/div/span"}
COMMAND: POST /session/a82f5743d16f1180c4007975e6622cb1/execute/sync - {"script":"<script> [56 bytes]","args":[{"element-6066-11e4-a52e-4f735466cecf":"f.F2AC403F3BF937F39E0CE0BCF59AF4A8.d.89E2975F4418DFD66F2408E2D66FB462.e.1048","ELEMENT":"f.F2AC403F3BF937F39E0CE0BCF59AF4A8.d.89E2975F4418DFD66F2408E2D66FB462.e.1048"}]}
RESULT: {}
RESULT: {"script":"<script> [56 bytes]","args":[{"element-6066-11e4-a52e-4f735466cecf":"f.F2AC403F3BF937F39E0CE0BCF59AF4A8.d.89E2975F4418DFD66F2408E2D66FB462.e.1048","ELEMENT":"f.F2AC403F3BF937F39E0CE0BCF59AF4A8.d.89E2975F4418DFD66F2408E2D66FB462.e.1048"}]}
COMMAND: POST /session/a82f5743d16f1180c4007975e6622cb1/element - {"using":"xpath","value":"//table[contains(@id, \"customPersonsAddressesTable-listUl\")]/tbody/tr[1]/td[2]/div/div"}
COMMAND: GET /session/a82f5743d16f1180c4007975e6622cb1/screenshot - {}
RESULT: {"using":"xpath","value":"//table[contains(@id, \"customPersonsAddressesTable-listUl\")]/tbody/tr[1]/td[2]/div/div"}
COMMAND: POST /session/a82f5743d16f1180c4007975e6622cb1/element/f.F2AC403F3BF937F39E0CE0BCF59AF4A8.d.89E2975F4418DFD66F2408E2D66FB462.e.1049/click - {}
RESULT: {}
RESULT: {}
COMMAND: GET /session/a82f5743d16f1180c4007975e6622cb1/screenshot - {}
RESULT: {}
COMMAND: POST /session/a82f5743d16f1180c4007975e6622cb1/element - {"using":"xpath","value":"//bdi[contains(text(), \"Activate\")]"}
RESULT: {"using":"xpath","value":"//bdi[contains(text(), \"Activate\")]"}
COMMAND: POST /session/a82f5743d16f1180c4007975e6622cb1/element/f.F2AC403F3BF937F39E0CE0BCF59AF4A8.d.89E2975F4418DFD66F2408E2D66FB462.e.1050/click - {}
RESULT: {}
COMMAND: GET /session/a82f5743d16f1180c4007975e6622cb1/screenshot - {}
RESULT: {}
COMMAND: POST /session/a82f5743d16f1180c4007975e6622cb1/element - {"using":"xpath","value":"//bdi[contains(text(), \"Yes\")]"}
RESULT: {"using":"xpath","value":"//bdi[contains(text(), \"Yes\")]"}
COMMAND: POST /session/a82f5743d16f1180c4007975e6622cb1/element/f.F2AC403F3BF937F39E0CE0BCF59AF4A8.d.89E2975F4418DFD66F2408E2D66FB462.e.1052/click - {}
RESULT: {}
COMMAND: GET /session/a82f5743d16f1180c4007975e6622cb1/screenshot - {}
RESULT: {}
COMMAND: POST /session/a82f5743d16f1180c4007975e6622cb1/element - {"using":"xpath","value":"//table[contains(@id, \"customPersonsAddressesTable-listUl\")]/tbody/tr[1]/td[10]/div/span"}
RESULT: {"using":"xpath","value":"//table[contains(@id, \"customPersonsAddressesTable-listUl\")]/tbody/tr[1]/td[10]/div/span"}
COMMAND: POST /session/a82f5743d16f1180c4007975e6622cb1/execute/sync - {"script":"<script> [56 bytes]","args":[{"element-6066-11e4-a52e-4f735466cecf":"f.F2AC403F3BF937F39E0CE0BCF59AF4A8.d.89E2975F4418DFD66F2408E2D66FB462.e.1048","ELEMENT":"f.F2AC403F3BF937F39E0CE0BCF59AF4A8.d.89E2975F4418DFD66F2408E2D66FB462.e.1048"}]}
RESULT: {"script":"<script> [56 bytes]","args":[{"element-6066-11e4-a52e-4f735466cecf":"f.F2AC403F3BF937F39E0CE0BCF59AF4A8.d.89E2975F4418DFD66F2408E2D66FB462.e.1048","ELEMENT":"f.F2AC403F3BF937F39E0CE0BCF59AF4A8.d.89E2975F4418DFD66F2408E2D66FB462.e.1048"}]}
COMMAND: GET /session/a82f5743d16f1180c4007975e6622cb1/screenshot - {}
RESULT: {}
COMMAND: POST /session/a82f5743d16f1180c4007975e6622cb1/element - {"using":"css selector","value":"#shell-header-logo"}
RESULT: {"using":"css selector","value":"#shell-header-logo"}
COMMAND: POST /session/a82f5743d16f1180c4007975e6622cb1/element/f.F2AC403F3BF937F39E0CE0BCF59AF4A8.d.89E2975F4418DFD66F2408E2D66FB462.e.851/click - {}
RESULT: {}
COMMAND: GET /session/a82f5743d16f1180c4007975e6622cb1/screenshot - {}
RESULT: {}
]]></system-out>
    </testcase>
    <testcase classname="chrome.135_0_7049_96.windows.Address_Management_Tests_US151165_US151160" name="Step 4 Should add an attachment to the created address US151166" time="55.736">
      <system-out><![CDATA[
RESULT: undefined
COMMAND: POST /session/a82f5743d16f1180c4007975e6622cb1/element - {"using":"xpath","value":"//*[@id=\"__tile33\"]"}
RESULT: {"using":"xpath","value":"//*[@id=\"__tile33\"]"}
COMMAND: POST /session/a82f5743d16f1180c4007975e6622cb1/element/f.F2AC403F3BF937F39E0CE0BCF59AF4A8.d.89E2975F4418DFD66F2408E2D66FB462.e.230/click - {}
RESULT: {}
COMMAND: POST /session/a82f5743d16f1180c4007975e6622cb1/element - {"using":"xpath","value":"//button[@data-kt=\"addButton\"]"}
COMMAND: GET /session/a82f5743d16f1180c4007975e6622cb1/screenshot - {}
RESULT: {"using":"xpath","value":"//button[@data-kt=\"addButton\"]"}
COMMAND: POST /session/a82f5743d16f1180c4007975e6622cb1/elements - {"using":"xpath","value":"//button[@data-kt=\"addButton\"]"}
RESULT: {}
RESULT: {"using":"xpath","value":"//button[@data-kt=\"addButton\"]"}
COMMAND: POST /session/a82f5743d16f1180c4007975e6622cb1/element - {"using":"xpath","value":"//button[@data-kt=\"addButton\"]"}
RESULT: {"using":"xpath","value":"//button[@data-kt=\"addButton\"]"}
COMMAND: POST /session/a82f5743d16f1180c4007975e6622cb1/execute/sync - {"script":"<script> [8489 bytes]","args":[{"element-6066-11e4-a52e-4f735466cecf":"f.F2AC403F3BF937F39E0CE0BCF59AF4A8.d.89E2975F4418DFD66F2408E2D66FB462.e.1113","ELEMENT":"f.F2AC403F3BF937F39E0CE0BCF59AF4A8.d.89E2975F4418DFD66F2408E2D66FB462.e.1113"}]}
RESULT: {"script":"<script> [8489 bytes]","args":[{"element-6066-11e4-a52e-4f735466cecf":"f.F2AC403F3BF937F39E0CE0BCF59AF4A8.d.89E2975F4418DFD66F2408E2D66FB462.e.1113","ELEMENT":"f.F2AC403F3BF937F39E0CE0BCF59AF4A8.d.89E2975F4418DFD66F2408E2D66FB462.e.1113"}]}
COMMAND: GET /session/a82f5743d16f1180c4007975e6622cb1/element/f.F2AC403F3BF937F39E0CE0BCF59AF4A8.d.89E2975F4418DFD66F2408E2D66FB462.e.1113/enabled - {}
COMMAND: GET /session/a82f5743d16f1180c4007975e6622cb1/screenshot - {}
RESULT: {}
COMMAND: POST /session/a82f5743d16f1180c4007975e6622cb1/execute/sync - {"script":"<script> [8489 bytes]","args":[{"element-6066-11e4-a52e-4f735466cecf":"f.F2AC403F3BF937F39E0CE0BCF59AF4A8.d.89E2975F4418DFD66F2408E2D66FB462.e.1113","ELEMENT":"f.F2AC403F3BF937F39E0CE0BCF59AF4A8.d.89E2975F4418DFD66F2408E2D66FB462.e.1113"}]}
COMMAND: GET /session/a82f5743d16f1180c4007975e6622cb1/screenshot - {}
RESULT: {}
RESULT: {"script":"<script> [8489 bytes]","args":[{"element-6066-11e4-a52e-4f735466cecf":"f.F2AC403F3BF937F39E0CE0BCF59AF4A8.d.89E2975F4418DFD66F2408E2D66FB462.e.1113","ELEMENT":"f.F2AC403F3BF937F39E0CE0BCF59AF4A8.d.89E2975F4418DFD66F2408E2D66FB462.e.1113"}]}
COMMAND: POST /session/a82f5743d16f1180c4007975e6622cb1/execute/sync - {"script":"<script> [5351 bytes]","args":[{"element-6066-11e4-a52e-4f735466cecf":"f.F2AC403F3BF937F39E0CE0BCF59AF4A8.d.89E2975F4418DFD66F2408E2D66FB462.e.1113","ELEMENT":"f.F2AC403F3BF937F39E0CE0BCF59AF4A8.d.89E2975F4418DFD66F2408E2D66FB462.e.1113"}]}
COMMAND: GET /session/a82f5743d16f1180c4007975e6622cb1/screenshot - {}
RESULT: {}
RESULT: {"script":"<script> [5351 bytes]","args":[{"element-6066-11e4-a52e-4f735466cecf":"f.F2AC403F3BF937F39E0CE0BCF59AF4A8.d.89E2975F4418DFD66F2408E2D66FB462.e.1113","ELEMENT":"f.F2AC403F3BF937F39E0CE0BCF59AF4A8.d.89E2975F4418DFD66F2408E2D66FB462.e.1113"}]}
COMMAND: GET /session/a82f5743d16f1180c4007975e6622cb1/screenshot - {}
RESULT: {}
RESULT: {}
RESULT: undefined
COMMAND: POST /session/a82f5743d16f1180c4007975e6622cb1/execute/async - {"script":"<script> [776 bytes]","args":[{"enterText":"eobkFMqVqc","selector":{"id":"application-addressmanagement-display-component---masterAdm--smartFilterBar-btnBasicSearch","interaction":{"idSuffix":"I"}},"clearTextFirst":true,"interactionType":"ENTER_TEXT"}]}
RESULT: {"script":"<script> [776 bytes]","args":[{"enterText":"eobkFMqVqc","selector":{"id":"application-addressmanagement-display-component---masterAdm--smartFilterBar-btnBasicSearch","interaction":{"idSuffix":"I"}},"clearTextFirst":true,"interactionType":"ENTER_TEXT"}]}
COMMAND: POST /session/a82f5743d16f1180c4007975e6622cb1/actions - {"actions":[{"id":"action4","type":"key","parameters":{},"actions":[{"type":"keyDown","value":"î€‡"},{"type":"pause","duration":10},{"type":"keyUp","value":"î€‡"}]}]}
RESULT: {"actions":[{"id":"action4","type":"key","parameters":{},"actions":[{"type":"keyDown","value":"î€‡"},{"type":"pause","duration":10},{"type":"keyUp","value":"î€‡"}]}]}
COMMAND: GET /session/a82f5743d16f1180c4007975e6622cb1/screenshot - {}
RESULT: {}
COMMAND: POST /session/a82f5743d16f1180c4007975e6622cb1/elements - {"using":"xpath","value":"//table[contains(@id, \"customPersonsAddressesTable-listUl\")]/tbody/tr"}
RESULT: {"using":"xpath","value":"//table[contains(@id, \"customPersonsAddressesTable-listUl\")]/tbody/tr"}
COMMAND: POST /session/a82f5743d16f1180c4007975e6622cb1/element - {"using":"xpath","value":"//table[contains(@id, \"customPersonsAddressesTable-listUl\")]/tbody/tr[1]/td[5]/span/span"}
RESULT: {"using":"xpath","value":"//table[contains(@id, \"customPersonsAddressesTable-listUl\")]/tbody/tr[1]/td[5]/span/span"}
COMMAND: POST /session/a82f5743d16f1180c4007975e6622cb1/element - {"using":"xpath","value":"//table[contains(@id, \"customPersonsAddressesTable-listUl\")]/tbody/tr[1]/td[3]/span"}
RESULT: {"using":"xpath","value":"//table[contains(@id, \"customPersonsAddressesTable-listUl\")]/tbody/tr[1]/td[3]/span"}
COMMAND: POST /session/a82f5743d16f1180c4007975e6622cb1/elements - {"using":"xpath","value":"//table[contains(@id, \"customPersonsAddressesTable-listUl\")]/tbody/tr[1]/td[5]/span/span"}
RESULT: {"using":"xpath","value":"//table[contains(@id, \"customPersonsAddressesTable-listUl\")]/tbody/tr[1]/td[5]/span/span"}
COMMAND: POST /session/a82f5743d16f1180c4007975e6622cb1/execute/sync - {"script":"<script> [56 bytes]","args":[{"element-6066-11e4-a52e-4f735466cecf":"f.F2AC403F3BF937F39E0CE0BCF59AF4A8.d.89E2975F4418DFD66F2408E2D66FB462.e.1255","ELEMENT":"f.F2AC403F3BF937F39E0CE0BCF59AF4A8.d.89E2975F4418DFD66F2408E2D66FB462.e.1255"}]}
RESULT: {"script":"<script> [56 bytes]","args":[{"element-6066-11e4-a52e-4f735466cecf":"f.F2AC403F3BF937F39E0CE0BCF59AF4A8.d.89E2975F4418DFD66F2408E2D66FB462.e.1255","ELEMENT":"f.F2AC403F3BF937F39E0CE0BCF59AF4A8.d.89E2975F4418DFD66F2408E2D66FB462.e.1255"}]}
COMMAND: POST /session/a82f5743d16f1180c4007975e6622cb1/execute/sync - {"script":"<script> [56 bytes]","args":[{"element-6066-11e4-a52e-4f735466cecf":"f.F2AC403F3BF937F39E0CE0BCF59AF4A8.d.89E2975F4418DFD66F2408E2D66FB462.e.1256","ELEMENT":"f.F2AC403F3BF937F39E0CE0BCF59AF4A8.d.89E2975F4418DFD66F2408E2D66FB462.e.1256"}]}
COMMAND: GET /session/a82f5743d16f1180c4007975e6622cb1/screenshot - {}
RESULT: {"script":"<script> [56 bytes]","args":[{"element-6066-11e4-a52e-4f735466cecf":"f.F2AC403F3BF937F39E0CE0BCF59AF4A8.d.89E2975F4418DFD66F2408E2D66FB462.e.1256","ELEMENT":"f.F2AC403F3BF937F39E0CE0BCF59AF4A8.d.89E2975F4418DFD66F2408E2D66FB462.e.1256"}]}
COMMAND: POST /session/a82f5743d16f1180c4007975e6622cb1/element - {"using":"xpath","value":"(//span[contains(@id, \"imgNav\")])[1]"}
COMMAND: GET /session/a82f5743d16f1180c4007975e6622cb1/screenshot - {}
RESULT: {}
RESULT: {"using":"xpath","value":"(//span[contains(@id, \"imgNav\")])[1]"}
COMMAND: POST /session/a82f5743d16f1180c4007975e6622cb1/element/f.F2AC403F3BF937F39E0CE0BCF59AF4A8.d.89E2975F4418DFD66F2408E2D66FB462.e.1252/click - {}
RESULT: {}
RESULT: {}
COMMAND: GET /session/a82f5743d16f1180c4007975e6622cb1/screenshot - {}
RESULT: {}
COMMAND: POST /session/a82f5743d16f1180c4007975e6622cb1/element - {"using":"xpath","value":"//bdi[contains(text(), \"Edit\")]"}
RESULT: {"using":"xpath","value":"//bdi[contains(text(), \"Edit\")]"}
COMMAND: POST /session/a82f5743d16f1180c4007975e6622cb1/element/f.F2AC403F3BF937F39E0CE0BCF59AF4A8.d.89E2975F4418DFD66F2408E2D66FB462.e.1379/click - {}
RESULT: {}
COMMAND: GET /session/a82f5743d16f1180c4007975e6622cb1/screenshot - {}
RESULT: {}
COMMAND: POST /session/a82f5743d16f1180c4007975e6622cb1/execute/async - {"script":"<script> [1562 bytes]","args":[{"selector":{"controlType":"sap.m.Button","viewName":"etm.portal.ui.addressmanagement.view.EditDetail","properties":{"text":"Attachments (0)"},"interaction":{"idSuffix":"BDI-content"}},"wdio_ui5_key":"etmportal.ui.addressmanagement.view.EditDetailsap.m.Button{\"text\":\"Attachments (0)\"}"}]}
RESULT: {"script":"<script> [1562 bytes]","args":[{"selector":{"controlType":"sap.m.Button","viewName":"etm.portal.ui.addressmanagement.view.EditDetail","properties":{"text":"Attachments (0)"},"interaction":{"idSuffix":"BDI-content"}},"wdio_ui5_key":"etmportal.ui.addressmanagement.view.EditDetailsap.m.Button{\"text\":\"Attachments (0)\"}"}]}
RESULT: undefined
COMMAND: POST /session/a82f5743d16f1180c4007975e6622cb1/element - {"using":"xpath","value":"//*[@id=\"__xmlview59--ObjectPageLayout-anchBar-__xmlview59--attachments-anchor\"]"}
RESULT: {"using":"xpath","value":"//*[@id=\"__xmlview59--ObjectPageLayout-anchBar-__xmlview59--attachments-anchor\"]"}
COMMAND: POST /session/a82f5743d16f1180c4007975e6622cb1/element/f.F2AC403F3BF937F39E0CE0BCF59AF4A8.d.89E2975F4418DFD66F2408E2D66FB462.e.1433/click - {}
RESULT: {}
COMMAND: GET /session/a82f5743d16f1180c4007975e6622cb1/screenshot - {}
RESULT: {}
COMMAND: POST /session/a82f5743d16f1180c4007975e6622cb1/file - {"file":"[base64] 459776 bytes"}
RESULT: {"file":"[base64] 459776 bytes"}
COMMAND: POST /session/a82f5743d16f1180c4007975e6622cb1/element - {"using":"css selector","value":"input[type=\"file\"]"}
RESULT: {"using":"css selector","value":"input[type=\"file\"]"}
COMMAND: POST /session/a82f5743d16f1180c4007975e6622cb1/element/f.F2AC403F3BF937F39E0CE0BCF59AF4A8.d.89E2975F4418DFD66F2408E2D66FB462.e.1410/clear - {}
RESULT: {}
COMMAND: POST /session/a82f5743d16f1180c4007975e6622cb1/element/f.F2AC403F3BF937F39E0CE0BCF59AF4A8.d.89E2975F4418DFD66F2408E2D66FB462.e.1410/value - {"text":"C:\\Windows\\SystemTemp\\scoped_dir3432_575491694\\upload3432_2097358243\\address-mng-pic.png"}
COMMAND: GET /session/a82f5743d16f1180c4007975e6622cb1/screenshot - {}
RESULT: {"text":"C:\\Windows\\SystemTemp\\scoped_dir3432_575491694\\upload3432_2097358243\\address-mng-pic.png"}
COMMAND: GET /session/a82f5743d16f1180c4007975e6622cb1/screenshot - {}
RESULT: {}
RESULT: {}
COMMAND: POST /session/a82f5743d16f1180c4007975e6622cb1/element - {"using":"xpath","value":"//button[@data-kt=\"saveButton\"]"}
RESULT: {"using":"xpath","value":"//button[@data-kt=\"saveButton\"]"}
COMMAND: POST /session/a82f5743d16f1180c4007975e6622cb1/element/f.F2AC403F3BF937F39E0CE0BCF59AF4A8.d.89E2975F4418DFD66F2408E2D66FB462.e.1457/click - {}
RESULT: {}
COMMAND: GET /session/a82f5743d16f1180c4007975e6622cb1/screenshot - {}
RESULT: {}
COMMAND: POST /session/a82f5743d16f1180c4007975e6622cb1/execute/async - {"script":"<script> [1562 bytes]","args":[{"selector":{"id":"application-addressmanagement-display-component---detailAdm--ObjectPageLayout-anchBar-application-addressmanagement-display-component---detailAdm--attachments-anchor","interaction":{"idSuffix":"content"}},"wdio_ui5_key":"applicationaddressmanagement-display-component---detailAdm--ObjectPageLayout-anchBar-application-addressmanagement-display-component---detailAdm--attachments-anchor"}]}
RESULT: {"script":"<script> [1562 bytes]","args":[{"selector":{"id":"application-addressmanagement-display-component---detailAdm--ObjectPageLayout-anchBar-application-addressmanagement-display-component---detailAdm--attachments-anchor","interaction":{"idSuffix":"content"}},"wdio_ui5_key":"applicationaddressmanagement-display-component---detailAdm--ObjectPageLayout-anchBar-application-addressmanagement-display-component---detailAdm--attachments-anchor"}]}
RESULT: undefined
COMMAND: POST /session/a82f5743d16f1180c4007975e6622cb1/element - {"using":"xpath","value":"//*[@id=\"application-addressmanagement-display-component---detailAdm--ObjectPageLayout-anchBar-application-addressmanagement-display-component---detailAdm--attachments-anchor\"]"}
RESULT: {"using":"xpath","value":"//*[@id=\"application-addressmanagement-display-component---detailAdm--ObjectPageLayout-anchBar-application-addressmanagement-display-component---detailAdm--attachments-anchor\"]"}
COMMAND: POST /session/a82f5743d16f1180c4007975e6622cb1/element/f.F2AC403F3BF937F39E0CE0BCF59AF4A8.d.89E2975F4418DFD66F2408E2D66FB462.e.1463/click - {}
RESULT: {}
COMMAND: GET /session/a82f5743d16f1180c4007975e6622cb1/screenshot - {}
RESULT: {}
COMMAND: POST /session/a82f5743d16f1180c4007975e6622cb1/execute/async - {"script":"<script> [1562 bytes]","args":[{"selector":{"id":"application-addressmanagement-display-component---detailAdm--attachments"},"wdio_ui5_key":"applicationaddressmanagement-display-component---detailAdm--attachments"}]}
RESULT: {"script":"<script> [1562 bytes]","args":[{"selector":{"id":"application-addressmanagement-display-component---detailAdm--attachments"},"wdio_ui5_key":"applicationaddressmanagement-display-component---detailAdm--attachments"}]}
RESULT: undefined
COMMAND: POST /session/a82f5743d16f1180c4007975e6622cb1/execute/async - {"script":"<script> [6424 bytes]","args":[{"element-6066-11e4-a52e-4f735466cecf":"f.F2AC403F3BF937F39E0CE0BCF59AF4A8.d.89E2975F4418DFD66F2408E2D66FB462.e.1366"},"getTitle",[]]}
RESULT: {"script":"<script> [6424 bytes]","args":[{"element-6066-11e4-a52e-4f735466cecf":"f.F2AC403F3BF937F39E0CE0BCF59AF4A8.d.89E2975F4418DFD66F2408E2D66FB462.e.1366"},"getTitle",[]]}
COMMAND: POST /session/a82f5743d16f1180c4007975e6622cb1/element - {"using":"css selector","value":"#shell-header-logo"}
RESULT: {"using":"css selector","value":"#shell-header-logo"}
COMMAND: POST /session/a82f5743d16f1180c4007975e6622cb1/element/f.F2AC403F3BF937F39E0CE0BCF59AF4A8.d.89E2975F4418DFD66F2408E2D66FB462.e.1059/click - {}
RESULT: {}
COMMAND: GET /session/a82f5743d16f1180c4007975e6622cb1/screenshot - {}
RESULT: {}
]]></system-out>
    </testcase>
    <testcase classname="chrome.135_0_7049_96.windows.Address_Management_Tests_US151165_US151160" name="Step 5 Should remove the added attachment on the created address US151168" time="58.572">
      <system-out><![CDATA[
RESULT: undefined
COMMAND: POST /session/a82f5743d16f1180c4007975e6622cb1/element - {"using":"xpath","value":"//*[@id=\"__tile33\"]"}
RESULT: {"using":"xpath","value":"//*[@id=\"__tile33\"]"}
COMMAND: POST /session/a82f5743d16f1180c4007975e6622cb1/element/f.F2AC403F3BF937F39E0CE0BCF59AF4A8.d.89E2975F4418DFD66F2408E2D66FB462.e.230/click - {}
RESULT: {}
COMMAND: POST /session/a82f5743d16f1180c4007975e6622cb1/element - {"using":"xpath","value":"//button[@data-kt=\"addButton\"]"}
COMMAND: GET /session/a82f5743d16f1180c4007975e6622cb1/screenshot - {}
RESULT: {"using":"xpath","value":"//button[@data-kt=\"addButton\"]"}
COMMAND: POST /session/a82f5743d16f1180c4007975e6622cb1/elements - {"using":"xpath","value":"//button[@data-kt=\"addButton\"]"}
RESULT: {}
RESULT: {"using":"xpath","value":"//button[@data-kt=\"addButton\"]"}
COMMAND: POST /session/a82f5743d16f1180c4007975e6622cb1/element - {"using":"xpath","value":"//button[@data-kt=\"addButton\"]"}
RESULT: {"using":"xpath","value":"//button[@data-kt=\"addButton\"]"}
COMMAND: POST /session/a82f5743d16f1180c4007975e6622cb1/execute/sync - {"script":"<script> [8489 bytes]","args":[{"element-6066-11e4-a52e-4f735466cecf":"f.F2AC403F3BF937F39E0CE0BCF59AF4A8.d.89E2975F4418DFD66F2408E2D66FB462.e.1526","ELEMENT":"f.F2AC403F3BF937F39E0CE0BCF59AF4A8.d.89E2975F4418DFD66F2408E2D66FB462.e.1526"}]}
RESULT: {"script":"<script> [8489 bytes]","args":[{"element-6066-11e4-a52e-4f735466cecf":"f.F2AC403F3BF937F39E0CE0BCF59AF4A8.d.89E2975F4418DFD66F2408E2D66FB462.e.1526","ELEMENT":"f.F2AC403F3BF937F39E0CE0BCF59AF4A8.d.89E2975F4418DFD66F2408E2D66FB462.e.1526"}]}
COMMAND: GET /session/a82f5743d16f1180c4007975e6622cb1/element/f.F2AC403F3BF937F39E0CE0BCF59AF4A8.d.89E2975F4418DFD66F2408E2D66FB462.e.1526/enabled - {}
COMMAND: GET /session/a82f5743d16f1180c4007975e6622cb1/screenshot - {}
RESULT: {}
COMMAND: POST /session/a82f5743d16f1180c4007975e6622cb1/execute/sync - {"script":"<script> [8489 bytes]","args":[{"element-6066-11e4-a52e-4f735466cecf":"f.F2AC403F3BF937F39E0CE0BCF59AF4A8.d.89E2975F4418DFD66F2408E2D66FB462.e.1526","ELEMENT":"f.F2AC403F3BF937F39E0CE0BCF59AF4A8.d.89E2975F4418DFD66F2408E2D66FB462.e.1526"}]}
COMMAND: GET /session/a82f5743d16f1180c4007975e6622cb1/screenshot - {}
RESULT: {}
RESULT: {"script":"<script> [8489 bytes]","args":[{"element-6066-11e4-a52e-4f735466cecf":"f.F2AC403F3BF937F39E0CE0BCF59AF4A8.d.89E2975F4418DFD66F2408E2D66FB462.e.1526","ELEMENT":"f.F2AC403F3BF937F39E0CE0BCF59AF4A8.d.89E2975F4418DFD66F2408E2D66FB462.e.1526"}]}
COMMAND: POST /session/a82f5743d16f1180c4007975e6622cb1/execute/sync - {"script":"<script> [5351 bytes]","args":[{"element-6066-11e4-a52e-4f735466cecf":"f.F2AC403F3BF937F39E0CE0BCF59AF4A8.d.89E2975F4418DFD66F2408E2D66FB462.e.1526","ELEMENT":"f.F2AC403F3BF937F39E0CE0BCF59AF4A8.d.89E2975F4418DFD66F2408E2D66FB462.e.1526"}]}
COMMAND: GET /session/a82f5743d16f1180c4007975e6622cb1/screenshot - {}
RESULT: {}
RESULT: {"script":"<script> [5351 bytes]","args":[{"element-6066-11e4-a52e-4f735466cecf":"f.F2AC403F3BF937F39E0CE0BCF59AF4A8.d.89E2975F4418DFD66F2408E2D66FB462.e.1526","ELEMENT":"f.F2AC403F3BF937F39E0CE0BCF59AF4A8.d.89E2975F4418DFD66F2408E2D66FB462.e.1526"}]}
COMMAND: GET /session/a82f5743d16f1180c4007975e6622cb1/screenshot - {}
RESULT: {}
RESULT: {}
RESULT: undefined
COMMAND: POST /session/a82f5743d16f1180c4007975e6622cb1/execute/async - {"script":"<script> [776 bytes]","args":[{"enterText":"eobkFMqVqc","selector":{"id":"application-addressmanagement-display-component---masterAdm--smartFilterBar-btnBasicSearch","interaction":{"idSuffix":"I"}},"clearTextFirst":true,"interactionType":"ENTER_TEXT"}]}
RESULT: {"script":"<script> [776 bytes]","args":[{"enterText":"eobkFMqVqc","selector":{"id":"application-addressmanagement-display-component---masterAdm--smartFilterBar-btnBasicSearch","interaction":{"idSuffix":"I"}},"clearTextFirst":true,"interactionType":"ENTER_TEXT"}]}
COMMAND: POST /session/a82f5743d16f1180c4007975e6622cb1/actions - {"actions":[{"id":"action5","type":"key","parameters":{},"actions":[{"type":"keyDown","value":"î€‡"},{"type":"pause","duration":10},{"type":"keyUp","value":"î€‡"}]}]}
RESULT: {"actions":[{"id":"action5","type":"key","parameters":{},"actions":[{"type":"keyDown","value":"î€‡"},{"type":"pause","duration":10},{"type":"keyUp","value":"î€‡"}]}]}
COMMAND: GET /session/a82f5743d16f1180c4007975e6622cb1/screenshot - {}
RESULT: {}
COMMAND: POST /session/a82f5743d16f1180c4007975e6622cb1/elements - {"using":"xpath","value":"//table[contains(@id, \"customPersonsAddressesTable-listUl\")]/tbody/tr"}
RESULT: {"using":"xpath","value":"//table[contains(@id, \"customPersonsAddressesTable-listUl\")]/tbody/tr"}
COMMAND: POST /session/a82f5743d16f1180c4007975e6622cb1/element - {"using":"xpath","value":"//table[contains(@id, \"customPersonsAddressesTable-listUl\")]/tbody/tr[1]/td[5]/span/span"}
RESULT: {"using":"xpath","value":"//table[contains(@id, \"customPersonsAddressesTable-listUl\")]/tbody/tr[1]/td[5]/span/span"}
COMMAND: POST /session/a82f5743d16f1180c4007975e6622cb1/element - {"using":"xpath","value":"//table[contains(@id, \"customPersonsAddressesTable-listUl\")]/tbody/tr[1]/td[3]/span"}
RESULT: {"using":"xpath","value":"//table[contains(@id, \"customPersonsAddressesTable-listUl\")]/tbody/tr[1]/td[3]/span"}
COMMAND: POST /session/a82f5743d16f1180c4007975e6622cb1/elements - {"using":"xpath","value":"//table[contains(@id, \"customPersonsAddressesTable-listUl\")]/tbody/tr[1]/td[5]/span/span"}
RESULT: {"using":"xpath","value":"//table[contains(@id, \"customPersonsAddressesTable-listUl\")]/tbody/tr[1]/td[5]/span/span"}
COMMAND: POST /session/a82f5743d16f1180c4007975e6622cb1/execute/sync - {"script":"<script> [56 bytes]","args":[{"element-6066-11e4-a52e-4f735466cecf":"f.F2AC403F3BF937F39E0CE0BCF59AF4A8.d.89E2975F4418DFD66F2408E2D66FB462.e.1668","ELEMENT":"f.F2AC403F3BF937F39E0CE0BCF59AF4A8.d.89E2975F4418DFD66F2408E2D66FB462.e.1668"}]}
RESULT: {"script":"<script> [56 bytes]","args":[{"element-6066-11e4-a52e-4f735466cecf":"f.F2AC403F3BF937F39E0CE0BCF59AF4A8.d.89E2975F4418DFD66F2408E2D66FB462.e.1668","ELEMENT":"f.F2AC403F3BF937F39E0CE0BCF59AF4A8.d.89E2975F4418DFD66F2408E2D66FB462.e.1668"}]}
COMMAND: POST /session/a82f5743d16f1180c4007975e6622cb1/execute/sync - {"script":"<script> [56 bytes]","args":[{"element-6066-11e4-a52e-4f735466cecf":"f.F2AC403F3BF937F39E0CE0BCF59AF4A8.d.89E2975F4418DFD66F2408E2D66FB462.e.1669","ELEMENT":"f.F2AC403F3BF937F39E0CE0BCF59AF4A8.d.89E2975F4418DFD66F2408E2D66FB462.e.1669"}]}
COMMAND: GET /session/a82f5743d16f1180c4007975e6622cb1/screenshot - {}
RESULT: {"script":"<script> [56 bytes]","args":[{"element-6066-11e4-a52e-4f735466cecf":"f.F2AC403F3BF937F39E0CE0BCF59AF4A8.d.89E2975F4418DFD66F2408E2D66FB462.e.1669","ELEMENT":"f.F2AC403F3BF937F39E0CE0BCF59AF4A8.d.89E2975F4418DFD66F2408E2D66FB462.e.1669"}]}
COMMAND: POST /session/a82f5743d16f1180c4007975e6622cb1/element - {"using":"xpath","value":"(//span[contains(@id, \"imgNav\")])[1]"}
COMMAND: GET /session/a82f5743d16f1180c4007975e6622cb1/screenshot - {}
RESULT: {}
RESULT: {"using":"xpath","value":"(//span[contains(@id, \"imgNav\")])[1]"}
COMMAND: POST /session/a82f5743d16f1180c4007975e6622cb1/element/f.F2AC403F3BF937F39E0CE0BCF59AF4A8.d.89E2975F4418DFD66F2408E2D66FB462.e.1666/click - {}
RESULT: {}
RESULT: {}
COMMAND: GET /session/a82f5743d16f1180c4007975e6622cb1/screenshot - {}
RESULT: {}
COMMAND: POST /session/a82f5743d16f1180c4007975e6622cb1/element - {"using":"xpath","value":"//bdi[contains(text(), \"Edit\")]"}
RESULT: {"using":"xpath","value":"//bdi[contains(text(), \"Edit\")]"}
COMMAND: POST /session/a82f5743d16f1180c4007975e6622cb1/element/f.F2AC403F3BF937F39E0CE0BCF59AF4A8.d.89E2975F4418DFD66F2408E2D66FB462.e.1791/click - {}
RESULT: {}
COMMAND: GET /session/a82f5743d16f1180c4007975e6622cb1/screenshot - {}
RESULT: {}
COMMAND: POST /session/a82f5743d16f1180c4007975e6622cb1/execute/async - {"script":"<script> [1562 bytes]","args":[{"selector":{"controlType":"sap.m.Button","viewName":"etm.portal.ui.addressmanagement.view.EditDetail","properties":{"text":"Attachments (1)"},"interaction":{"idSuffix":"BDI-content"}},"wdio_ui5_key":"etmportal.ui.addressmanagement.view.EditDetailsap.m.Button{\"text\":\"Attachments (1)\"}"}]}
RESULT: {"script":"<script> [1562 bytes]","args":[{"selector":{"controlType":"sap.m.Button","viewName":"etm.portal.ui.addressmanagement.view.EditDetail","properties":{"text":"Attachments (1)"},"interaction":{"idSuffix":"BDI-content"}},"wdio_ui5_key":"etmportal.ui.addressmanagement.view.EditDetailsap.m.Button{\"text\":\"Attachments (1)\"}"}]}
RESULT: undefined
COMMAND: POST /session/a82f5743d16f1180c4007975e6622cb1/element - {"using":"xpath","value":"//*[@id=\"__xmlview60--ObjectPageLayout-anchBar-__xmlview60--attachments-anchor\"]"}
RESULT: {"using":"xpath","value":"//*[@id=\"__xmlview60--ObjectPageLayout-anchBar-__xmlview60--attachments-anchor\"]"}
COMMAND: POST /session/a82f5743d16f1180c4007975e6622cb1/element/f.F2AC403F3BF937F39E0CE0BCF59AF4A8.d.89E2975F4418DFD66F2408E2D66FB462.e.1835/click - {}
RESULT: {}
COMMAND: GET /session/a82f5743d16f1180c4007975e6622cb1/screenshot - {}
RESULT: {}
COMMAND: POST /session/a82f5743d16f1180c4007975e6622cb1/execute/async - {"script":"<script> [1562 bytes]","args":[{"selector":{"controlType":"sap.ui.core.Icon","viewName":"etm.portal.ui.addressmanagement.view.EditDetail","properties":{"src":{"regex":{"source":"decline"}}}},"wdio_ui5_key":"etmportal.ui.addressmanagement.view.EditDetailsap.ui.core.Icon{\"src\":{\"regex\":{\"source\":\"decline\"}}}"}]}
RESULT: {"script":"<script> [1562 bytes]","args":[{"selector":{"controlType":"sap.ui.core.Icon","viewName":"etm.portal.ui.addressmanagement.view.EditDetail","properties":{"src":{"regex":{"source":"decline"}}}},"wdio_ui5_key":"etmportal.ui.addressmanagement.view.EditDetailsap.ui.core.Icon{\"src\":{\"regex\":{\"source\":\"decline\"}}}"}]}
RESULT: undefined
COMMAND: POST /session/a82f5743d16f1180c4007975e6622cb1/element - {"using":"xpath","value":"//*[@id=\"__item352-__set5-0-deleteButton-img\"]"}
RESULT: {"using":"xpath","value":"//*[@id=\"__item352-__set5-0-deleteButton-img\"]"}
COMMAND: POST /session/a82f5743d16f1180c4007975e6622cb1/element/f.F2AC403F3BF937F39E0CE0BCF59AF4A8.d.89E2975F4418DFD66F2408E2D66FB462.e.1841/click - {}
RESULT: {}
COMMAND: GET /session/a82f5743d16f1180c4007975e6622cb1/screenshot - {}
RESULT: {}
COMMAND: POST /session/a82f5743d16f1180c4007975e6622cb1/element - {"using":"xpath","value":"//bdi[contains(text(), \"OK\")]"}
RESULT: {"using":"xpath","value":"//bdi[contains(text(), \"OK\")]"}
COMMAND: POST /session/a82f5743d16f1180c4007975e6622cb1/element/f.F2AC403F3BF937F39E0CE0BCF59AF4A8.d.89E2975F4418DFD66F2408E2D66FB462.e.1844/click - {}
RESULT: {}
COMMAND: GET /session/a82f5743d16f1180c4007975e6622cb1/screenshot - {}
RESULT: {}
COMMAND: POST /session/a82f5743d16f1180c4007975e6622cb1/element - {"using":"xpath","value":"//button[@data-kt=\"saveButton\"]"}
RESULT: {"using":"xpath","value":"//button[@data-kt=\"saveButton\"]"}
COMMAND: POST /session/a82f5743d16f1180c4007975e6622cb1/element/f.F2AC403F3BF937F39E0CE0BCF59AF4A8.d.89E2975F4418DFD66F2408E2D66FB462.e.1865/click - {}
RESULT: {}
COMMAND: GET /session/a82f5743d16f1180c4007975e6622cb1/screenshot - {}
RESULT: {}
RESULT: undefined
COMMAND: POST /session/a82f5743d16f1180c4007975e6622cb1/element - {"using":"xpath","value":"//*[@id=\"application-addressmanagement-display-component---detailAdm--ObjectPageLayout-anchBar-application-addressmanagement-display-component---detailAdm--attachments-anchor\"]"}
RESULT: {"using":"xpath","value":"//*[@id=\"application-addressmanagement-display-component---detailAdm--ObjectPageLayout-anchBar-application-addressmanagement-display-component---detailAdm--attachments-anchor\"]"}
COMMAND: POST /session/a82f5743d16f1180c4007975e6622cb1/element/f.F2AC403F3BF937F39E0CE0BCF59AF4A8.d.89E2975F4418DFD66F2408E2D66FB462.e.1870/click - {}
RESULT: {}
COMMAND: GET /session/a82f5743d16f1180c4007975e6622cb1/screenshot - {}
RESULT: {}
RESULT: undefined
COMMAND: POST /session/a82f5743d16f1180c4007975e6622cb1/execute/async - {"script":"<script> [6424 bytes]","args":[{"element-6066-11e4-a52e-4f735466cecf":"f.F2AC403F3BF937F39E0CE0BCF59AF4A8.d.89E2975F4418DFD66F2408E2D66FB462.e.1366"},"getTitle",[]]}
COMMAND: POST /session/a82f5743d16f1180c4007975e6622cb1/execute/async - {"script":"<script> [1562 bytes]","args":[{"selector":{"id":"application-addressmanagement-display-component---detailAdm--attachments"},"wdio_ui5_key":"applicationaddressmanagement-display-component---detailAdm--attachments"}]}
RESULT: {"script":"<script> [1562 bytes]","args":[{"selector":{"id":"application-addressmanagement-display-component---detailAdm--attachments"},"wdio_ui5_key":"applicationaddressmanagement-display-component---detailAdm--attachments"}]}
COMMAND: POST /session/a82f5743d16f1180c4007975e6622cb1/execute/async - {"script":"<script> [6424 bytes]","args":[{"element-6066-11e4-a52e-4f735466cecf":"f.F2AC403F3BF937F39E0CE0BCF59AF4A8.d.89E2975F4418DFD66F2408E2D66FB462.e.1780"},"getTitle",[]]}
RESULT: {"script":"<script> [6424 bytes]","args":[{"element-6066-11e4-a52e-4f735466cecf":"f.F2AC403F3BF937F39E0CE0BCF59AF4A8.d.89E2975F4418DFD66F2408E2D66FB462.e.1780"},"getTitle",[]]}
COMMAND: POST /session/a82f5743d16f1180c4007975e6622cb1/element - {"using":"css selector","value":"#shell-header-logo"}
RESULT: {"using":"css selector","value":"#shell-header-logo"}
COMMAND: POST /session/a82f5743d16f1180c4007975e6622cb1/element/f.F2AC403F3BF937F39E0CE0BCF59AF4A8.d.89E2975F4418DFD66F2408E2D66FB462.e.1472/click - {}
RESULT: {}
COMMAND: GET /session/a82f5743d16f1180c4007975e6622cb1/screenshot - {}
RESULT: {}
COMMAND: DELETE /session/a82f5743d16f1180c4007975e6622cb1 - {}
RESULT: {}
]]></system-out>
    </testcase>
  </testsuite>
</testsuites>