<?xml version="1.0" encoding="UTF-8"?>
<testsuites tests="17" failures="2" errors="2" skipped="0">
  <testsuite timestamp="2025-06-01T17:27:42" time="1691.101" tests="13" failures="1" errors="1" skipped="0">
    <properties>
      <property name="specId" value="0"/>
      <property name="suiteName" value="Partner specific tests US150819 US151080 US151654 US151176 US103444 US151078 US151079 US151109 US151174 US151175 US151189"/>
      <property name="capabilities" value="chrome.136_0_7103_93.windows"/>
      <property name="file" value="file:///D:/a/1/s/test/specs/BTS/manage-partners.spec.js"/>
    </properties>
    <testcase classname="chrome.136_0_7103_93.windows.Partner_specific_tests_US150819_US151080_US151654_US151176_US103444_US151078_US151079_US151109_US151174_US151175_US151189" name="Should create a new yard prerequisite" time="151.93">
      <system-out><![CDATA[
COMMAND: POST /session/ad66f158aa4d4ab6ef13355aa7850eca/window/fullscreen - {}
RESULT: {}
COMMAND: POST /session/ad66f158aa4d4ab6ef13355aa7850eca/element - {"using":"xpath","value":"//li[.//span[text()=\"Manage Partners\"]]"}
RESULT: {"using":"xpath","value":"//li[.//span[text()=\"Manage Partners\"]]"}
COMMAND: POST /session/ad66f158aa4d4ab6ef13355aa7850eca/element - {"using":"xpath","value":"//li[.//span[text()=\"Manage Partners\"]]"}
RESULT: {"using":"xpath","value":"//li[.//span[text()=\"Manage Partners\"]]"}
COMMAND: POST /session/ad66f158aa4d4ab6ef13355aa7850eca/element - {"using":"css selector","value":"#shell-header-logo"}
RESULT: {"using":"css selector","value":"#shell-header-logo"}
COMMAND: POST /session/ad66f158aa4d4ab6ef13355aa7850eca/element/f.46184FC8CB979803EFB42F6A75FB8695.d.0DE12883C3F573F305A70FA56FEE9996.e.256/click - {}
COMMAND: POST /session/ad66f158aa4d4ab6ef13355aa7850eca/execute/sync - {"script":"<script> [8489 bytes]","args":[{"element-6066-11e4-a52e-4f735466cecf":"f.46184FC8CB979803EFB42F6A75FB8695.d.0DE12883C3F573F305A70FA56FEE9996.e.256","ELEMENT":"f.46184FC8CB979803EFB42F6A75FB8695.d.0DE12883C3F573F305A70FA56FEE9996.e.256"}]}
RESULT: {}
COMMAND: GET /session/ad66f158aa4d4ab6ef13355aa7850eca/screenshot - {}
RESULT: {"script":"<script> [8489 bytes]","args":[{"element-6066-11e4-a52e-4f735466cecf":"f.46184FC8CB979803EFB42F6A75FB8695.d.0DE12883C3F573F305A70FA56FEE9996.e.256","ELEMENT":"f.46184FC8CB979803EFB42F6A75FB8695.d.0DE12883C3F573F305A70FA56FEE9996.e.256"}]}
COMMAND: POST /session/ad66f158aa4d4ab6ef13355aa7850eca/execute/sync - {"script":"<script> [5351 bytes]","args":[{"element-6066-11e4-a52e-4f735466cecf":"f.46184FC8CB979803EFB42F6A75FB8695.d.0DE12883C3F573F305A70FA56FEE9996.e.256","ELEMENT":"f.46184FC8CB979803EFB42F6A75FB8695.d.0DE12883C3F573F305A70FA56FEE9996.e.256"}]}
COMMAND: GET /session/ad66f158aa4d4ab6ef13355aa7850eca/screenshot - {}
RESULT: {}
RESULT: {"script":"<script> [5351 bytes]","args":[{"element-6066-11e4-a52e-4f735466cecf":"f.46184FC8CB979803EFB42F6A75FB8695.d.0DE12883C3F573F305A70FA56FEE9996.e.256","ELEMENT":"f.46184FC8CB979803EFB42F6A75FB8695.d.0DE12883C3F573F305A70FA56FEE9996.e.256"}]}
COMMAND: GET /session/ad66f158aa4d4ab6ef13355aa7850eca/screenshot - {}
RESULT: {}
RESULT: {}
COMMAND: POST /session/ad66f158aa4d4ab6ef13355aa7850eca/execute/async - {"script":"<script> [1562 bytes]","args":[{"selector":{"controlType":"sap.m.GenericTile","properties":{"header":"Manage Yards"}},"wdio_ui5_key":"sapm.GenericTile{\"header\":\"Manage Yards\"}"}]}
RESULT: {"script":"<script> [1562 bytes]","args":[{"selector":{"controlType":"sap.m.GenericTile","properties":{"header":"Manage Yards"}},"wdio_ui5_key":"sapm.GenericTile{\"header\":\"Manage Yards\"}"}]}
RESULT: undefined
COMMAND: POST /session/ad66f158aa4d4ab6ef13355aa7850eca/element - {"using":"xpath","value":"//*[@id=\"__tile41\"]"}
RESULT: {"using":"xpath","value":"//*[@id=\"__tile41\"]"}
COMMAND: POST /session/ad66f158aa4d4ab6ef13355aa7850eca/element/f.46184FC8CB979803EFB42F6A75FB8695.d.0DE12883C3F573F305A70FA56FEE9996.e.156/click - {}
RESULT: {}
COMMAND: GET /session/ad66f158aa4d4ab6ef13355aa7850eca/screenshot - {}
RESULT: {}
COMMAND: POST /session/ad66f158aa4d4ab6ef13355aa7850eca/elements - {"using":"xpath","value":"//span[text()='Error']"}
RESULT: {"using":"xpath","value":"//span[text()='Error']"}
COMMAND: POST /session/ad66f158aa4d4ab6ef13355aa7850eca/element - {"using":"xpath","value":"//button[@data-kt=\"addNewYardOverflowToolbarButton\"]"}
RESULT: {"using":"xpath","value":"//button[@data-kt=\"addNewYardOverflowToolbarButton\"]"}
COMMAND: POST /session/ad66f158aa4d4ab6ef13355aa7850eca/elements - {"using":"xpath","value":"//button[@data-kt=\"addNewYardOverflowToolbarButton\"]"}
RESULT: {"using":"xpath","value":"//button[@data-kt=\"addNewYardOverflowToolbarButton\"]"}
COMMAND: POST /session/ad66f158aa4d4ab6ef13355aa7850eca/elements - {"using":"xpath","value":"//button[@data-kt=\"addNewYardOverflowToolbarButton\"]"}
RESULT: {"using":"xpath","value":"//button[@data-kt=\"addNewYardOverflowToolbarButton\"]"}
COMMAND: POST /session/ad66f158aa4d4ab6ef13355aa7850eca/elements - {"using":"xpath","value":"//button[@data-kt=\"addNewYardOverflowToolbarButton\"]"}
RESULT: {"using":"xpath","value":"//button[@data-kt=\"addNewYardOverflowToolbarButton\"]"}
COMMAND: POST /session/ad66f158aa4d4ab6ef13355aa7850eca/elements - {"using":"xpath","value":"//button[@data-kt=\"addNewYardOverflowToolbarButton\"]"}
RESULT: {"using":"xpath","value":"//button[@data-kt=\"addNewYardOverflowToolbarButton\"]"}
COMMAND: POST /session/ad66f158aa4d4ab6ef13355aa7850eca/elements - {"using":"xpath","value":"//button[@data-kt=\"addNewYardOverflowToolbarButton\"]"}
RESULT: {"using":"xpath","value":"//button[@data-kt=\"addNewYardOverflowToolbarButton\"]"}
COMMAND: POST /session/ad66f158aa4d4ab6ef13355aa7850eca/elements - {"using":"xpath","value":"//button[@data-kt=\"addNewYardOverflowToolbarButton\"]"}
RESULT: {"using":"xpath","value":"//button[@data-kt=\"addNewYardOverflowToolbarButton\"]"}
COMMAND: POST /session/ad66f158aa4d4ab6ef13355aa7850eca/elements - {"using":"xpath","value":"//button[@data-kt=\"addNewYardOverflowToolbarButton\"]"}
RESULT: {"using":"xpath","value":"//button[@data-kt=\"addNewYardOverflowToolbarButton\"]"}
COMMAND: POST /session/ad66f158aa4d4ab6ef13355aa7850eca/elements - {"using":"xpath","value":"//button[@data-kt=\"addNewYardOverflowToolbarButton\"]"}
RESULT: {"using":"xpath","value":"//button[@data-kt=\"addNewYardOverflowToolbarButton\"]"}
COMMAND: POST /session/ad66f158aa4d4ab6ef13355aa7850eca/elements - {"using":"xpath","value":"//button[@data-kt=\"addNewYardOverflowToolbarButton\"]"}
RESULT: {"using":"xpath","value":"//button[@data-kt=\"addNewYardOverflowToolbarButton\"]"}
COMMAND: POST /session/ad66f158aa4d4ab6ef13355aa7850eca/elements - {"using":"xpath","value":"//button[@data-kt=\"addNewYardOverflowToolbarButton\"]"}
RESULT: {"using":"xpath","value":"//button[@data-kt=\"addNewYardOverflowToolbarButton\"]"}
COMMAND: POST /session/ad66f158aa4d4ab6ef13355aa7850eca/elements - {"using":"xpath","value":"//button[@data-kt=\"addNewYardOverflowToolbarButton\"]"}
RESULT: {"using":"xpath","value":"//button[@data-kt=\"addNewYardOverflowToolbarButton\"]"}
COMMAND: POST /session/ad66f158aa4d4ab6ef13355aa7850eca/elements - {"using":"xpath","value":"//button[@data-kt=\"addNewYardOverflowToolbarButton\"]"}
RESULT: {"using":"xpath","value":"//button[@data-kt=\"addNewYardOverflowToolbarButton\"]"}
COMMAND: POST /session/ad66f158aa4d4ab6ef13355aa7850eca/element - {"using":"xpath","value":"//button[@data-kt=\"addNewYardOverflowToolbarButton\"]"}
RESULT: {"using":"xpath","value":"//button[@data-kt=\"addNewYardOverflowToolbarButton\"]"}
COMMAND: POST /session/ad66f158aa4d4ab6ef13355aa7850eca/execute/sync - {"script":"<script> [8489 bytes]","args":[{"element-6066-11e4-a52e-4f735466cecf":"f.46184FC8CB979803EFB42F6A75FB8695.d.0DE12883C3F573F305A70FA56FEE9996.e.300","ELEMENT":"f.46184FC8CB979803EFB42F6A75FB8695.d.0DE12883C3F573F305A70FA56FEE9996.e.300"}]}
RESULT: {"script":"<script> [8489 bytes]","args":[{"element-6066-11e4-a52e-4f735466cecf":"f.46184FC8CB979803EFB42F6A75FB8695.d.0DE12883C3F573F305A70FA56FEE9996.e.300","ELEMENT":"f.46184FC8CB979803EFB42F6A75FB8695.d.0DE12883C3F573F305A70FA56FEE9996.e.300"}]}
COMMAND: GET /session/ad66f158aa4d4ab6ef13355aa7850eca/element/f.46184FC8CB979803EFB42F6A75FB8695.d.0DE12883C3F573F305A70FA56FEE9996.e.300/enabled - {}
COMMAND: GET /session/ad66f158aa4d4ab6ef13355aa7850eca/screenshot - {}
RESULT: {}
COMMAND: POST /session/ad66f158aa4d4ab6ef13355aa7850eca/execute/sync - {"script":"<script> [8489 bytes]","args":[{"element-6066-11e4-a52e-4f735466cecf":"f.46184FC8CB979803EFB42F6A75FB8695.d.0DE12883C3F573F305A70FA56FEE9996.e.300","ELEMENT":"f.46184FC8CB979803EFB42F6A75FB8695.d.0DE12883C3F573F305A70FA56FEE9996.e.300"}]}
COMMAND: GET /session/ad66f158aa4d4ab6ef13355aa7850eca/screenshot - {}
RESULT: {}
RESULT: {"script":"<script> [8489 bytes]","args":[{"element-6066-11e4-a52e-4f735466cecf":"f.46184FC8CB979803EFB42F6A75FB8695.d.0DE12883C3F573F305A70FA56FEE9996.e.300","ELEMENT":"f.46184FC8CB979803EFB42F6A75FB8695.d.0DE12883C3F573F305A70FA56FEE9996.e.300"}]}
COMMAND: POST /session/ad66f158aa4d4ab6ef13355aa7850eca/execute/sync - {"script":"<script> [5351 bytes]","args":[{"element-6066-11e4-a52e-4f735466cecf":"f.46184FC8CB979803EFB42F6A75FB8695.d.0DE12883C3F573F305A70FA56FEE9996.e.300","ELEMENT":"f.46184FC8CB979803EFB42F6A75FB8695.d.0DE12883C3F573F305A70FA56FEE9996.e.300"}]}
COMMAND: GET /session/ad66f158aa4d4ab6ef13355aa7850eca/screenshot - {}
RESULT: {}
RESULT: {"script":"<script> [5351 bytes]","args":[{"element-6066-11e4-a52e-4f735466cecf":"f.46184FC8CB979803EFB42F6A75FB8695.d.0DE12883C3F573F305A70FA56FEE9996.e.300","ELEMENT":"f.46184FC8CB979803EFB42F6A75FB8695.d.0DE12883C3F573F305A70FA56FEE9996.e.300"}]}
COMMAND: POST /session/ad66f158aa4d4ab6ef13355aa7850eca/element/f.46184FC8CB979803EFB42F6A75FB8695.d.0DE12883C3F573F305A70FA56FEE9996.e.300/click - {}
COMMAND: GET /session/ad66f158aa4d4ab6ef13355aa7850eca/screenshot - {}
RESULT: {}
RESULT: {}
COMMAND: GET /session/ad66f158aa4d4ab6ef13355aa7850eca/screenshot - {}
RESULT: {}
RESULT: {}
COMMAND: POST /session/ad66f158aa4d4ab6ef13355aa7850eca/element - {"using":"xpath","value":"//input[@id=\"application-manageyards-display-component---NewYard--yardId-inner\"]"}
RESULT: {"using":"xpath","value":"//input[@id=\"application-manageyards-display-component---NewYard--yardId-inner\"]"}
COMMAND: POST /session/ad66f158aa4d4ab6ef13355aa7850eca/element - {"using":"xpath","value":"//input[@id=\"application-manageyards-display-component---NewYard--yardId-inner\"]"}
RESULT: {"using":"xpath","value":"//input[@id=\"application-manageyards-display-component---NewYard--yardId-inner\"]"}
COMMAND: POST /session/ad66f158aa4d4ab6ef13355aa7850eca/execute/async - {"script":"<script> [1562 bytes]","args":[{"selector":{"id":"application-manageyards-display-component---NewYard--addressDetailDetailsName1","interaction":{"idSuffix":"inner"}},"wdio_ui5_key":"applicationmanageyards-display-component---NewYard--addressDetailDetailsName1"}]}
RESULT: {"script":"<script> [1562 bytes]","args":[{"selector":{"id":"application-manageyards-display-component---NewYard--addressDetailDetailsName1","interaction":{"idSuffix":"inner"}},"wdio_ui5_key":"applicationmanageyards-display-component---NewYard--addressDetailDetailsName1"}]}
RESULT: undefined
COMMAND: POST /session/ad66f158aa4d4ab6ef13355aa7850eca/execute/async - {"script":"<script> [776 bytes]","args":[{"enterText":"Intracompany Yard wdIO","selector":{"id":"application-manageyards-display-component---NewYard--addressDetailDetailsName1","interaction":{"idSuffix":"inner"}},"clearTextFirst":true,"interactionType":"ENTER_TEXT"}]}
RESULT: {"script":"<script> [776 bytes]","args":[{"enterText":"Intracompany Yard wdIO","selector":{"id":"application-manageyards-display-component---NewYard--addressDetailDetailsName1","interaction":{"idSuffix":"inner"}},"clearTextFirst":true,"interactionType":"ENTER_TEXT"}]}
COMMAND: POST /session/ad66f158aa4d4ab6ef13355aa7850eca/execute/async - {"script":"<script> [1562 bytes]","args":[{"selector":{"id":"application-manageyards-display-component---NewYard--addressDetailDetailsLanguage-arrow"},"wdio_ui5_key":"applicationmanageyards-display-component---NewYard--addressDetailDetailsLanguage-arrow"}]}
RESULT: {"script":"<script> [1562 bytes]","args":[{"selector":{"id":"application-manageyards-display-component---NewYard--addressDetailDetailsLanguage-arrow"},"wdio_ui5_key":"applicationmanageyards-display-component---NewYard--addressDetailDetailsLanguage-arrow"}]}
RESULT: undefined
COMMAND: POST /session/ad66f158aa4d4ab6ef13355aa7850eca/element - {"using":"xpath","value":"//*[@id=\"application-manageyards-display-component---NewYard--addressDetailDetailsLanguage-arrow\"]"}
RESULT: {"using":"xpath","value":"//*[@id=\"application-manageyards-display-component---NewYard--addressDetailDetailsLanguage-arrow\"]"}
COMMAND: POST /session/ad66f158aa4d4ab6ef13355aa7850eca/element/f.46184FC8CB979803EFB42F6A75FB8695.d.0DE12883C3F573F305A70FA56FEE9996.e.724/click - {}
RESULT: {}
COMMAND: POST /session/ad66f158aa4d4ab6ef13355aa7850eca/element - {"using":"xpath","value":"//span[contains(text(), \"English\")]"}
COMMAND: GET /session/ad66f158aa4d4ab6ef13355aa7850eca/screenshot - {}
RESULT: {"using":"xpath","value":"//span[contains(text(), \"English\")]"}
COMMAND: POST /session/ad66f158aa4d4ab6ef13355aa7850eca/element/f.46184FC8CB979803EFB42F6A75FB8695.d.0DE12883C3F573F305A70FA56FEE9996.e.725/click - {}
RESULT: {}
RESULT: {}
COMMAND: POST /session/ad66f158aa4d4ab6ef13355aa7850eca/execute/async - {"script":"<script> [1562 bytes]","args":[{"selector":{"id":"application-manageyards-display-component---NewYard--addressDetailDetailsCity1","interaction":{"idSuffix":"inner"}},"wdio_ui5_key":"applicationmanageyards-display-component---NewYard--addressDetailDetailsCity1"}]}
COMMAND: GET /session/ad66f158aa4d4ab6ef13355aa7850eca/screenshot - {}
RESULT: {"script":"<script> [1562 bytes]","args":[{"selector":{"id":"application-manageyards-display-component---NewYard--addressDetailDetailsCity1","interaction":{"idSuffix":"inner"}},"wdio_ui5_key":"applicationmanageyards-display-component---NewYard--addressDetailDetailsCity1"}]}
RESULT: undefined
COMMAND: POST /session/ad66f158aa4d4ab6ef13355aa7850eca/execute/async - {"script":"<script> [776 bytes]","args":[{"enterText":"Rosario","selector":{"id":"application-manageyards-display-component---NewYard--addressDetailDetailsCity1","interaction":{"idSuffix":"inner"}},"clearTextFirst":true,"interactionType":"ENTER_TEXT"}]}
RESULT: {}
RESULT: {"script":"<script> [776 bytes]","args":[{"enterText":"Rosario","selector":{"id":"application-manageyards-display-component---NewYard--addressDetailDetailsCity1","interaction":{"idSuffix":"inner"}},"clearTextFirst":true,"interactionType":"ENTER_TEXT"}]}
COMMAND: POST /session/ad66f158aa4d4ab6ef13355aa7850eca/execute/async - {"script":"<script> [1562 bytes]","args":[{"selector":{"id":"application-manageyards-display-component---NewYard--addressDetailDetailsCountry-arrow"},"wdio_ui5_key":"applicationmanageyards-display-component---NewYard--addressDetailDetailsCountry-arrow"}]}
RESULT: {"script":"<script> [1562 bytes]","args":[{"selector":{"id":"application-manageyards-display-component---NewYard--addressDetailDetailsCountry-arrow"},"wdio_ui5_key":"applicationmanageyards-display-component---NewYard--addressDetailDetailsCountry-arrow"}]}
RESULT: undefined
COMMAND: POST /session/ad66f158aa4d4ab6ef13355aa7850eca/element - {"using":"xpath","value":"//*[@id=\"application-manageyards-display-component---NewYard--addressDetailDetailsCountry-arrow\"]"}
RESULT: {"using":"xpath","value":"//*[@id=\"application-manageyards-display-component---NewYard--addressDetailDetailsCountry-arrow\"]"}
COMMAND: POST /session/ad66f158aa4d4ab6ef13355aa7850eca/element/f.46184FC8CB979803EFB42F6A75FB8695.d.0DE12883C3F573F305A70FA56FEE9996.e.727/click - {}
RESULT: {}
COMMAND: POST /session/ad66f158aa4d4ab6ef13355aa7850eca/element - {"using":"xpath","value":"//span[contains(text(), \"Argentina\")]"}
COMMAND: GET /session/ad66f158aa4d4ab6ef13355aa7850eca/screenshot - {}
RESULT: {"using":"xpath","value":"//span[contains(text(), \"Argentina\")]"}
COMMAND: POST /session/ad66f158aa4d4ab6ef13355aa7850eca/element/f.46184FC8CB979803EFB42F6A75FB8695.d.0DE12883C3F573F305A70FA56FEE9996.e.729/click - {}
RESULT: {}
RESULT: {}
COMMAND: POST /session/ad66f158aa4d4ab6ef13355aa7850eca/execute/async - {"script":"<script> [1562 bytes]","args":[{"selector":{"id":"application-manageyards-display-component---NewYard--addressEditDetailsCostObjectCstType-arrow"},"wdio_ui5_key":"applicationmanageyards-display-component---NewYard--addressEditDetailsCostObjectCstType-arrow"}]}
COMMAND: GET /session/ad66f158aa4d4ab6ef13355aa7850eca/screenshot - {}
RESULT: {"script":"<script> [1562 bytes]","args":[{"selector":{"id":"application-manageyards-display-component---NewYard--addressEditDetailsCostObjectCstType-arrow"},"wdio_ui5_key":"applicationmanageyards-display-component---NewYard--addressEditDetailsCostObjectCstType-arrow"}]}
RESULT: undefined
COMMAND: POST /session/ad66f158aa4d4ab6ef13355aa7850eca/element - {"using":"xpath","value":"//*[@id=\"application-manageyards-display-component---NewYard--addressEditDetailsCostObjectCstType-arrow\"]"}
RESULT: {}
RESULT: {"using":"xpath","value":"//*[@id=\"application-manageyards-display-component---NewYard--addressEditDetailsCostObjectCstType-arrow\"]"}
COMMAND: POST /session/ad66f158aa4d4ab6ef13355aa7850eca/element/f.46184FC8CB979803EFB42F6A75FB8695.d.0DE12883C3F573F305A70FA56FEE9996.e.730/click - {}
RESULT: {}
COMMAND: POST /session/ad66f158aa4d4ab6ef13355aa7850eca/element - {"using":"xpath","value":"//span[contains(text(), \"Cost Center\")]"}
COMMAND: GET /session/ad66f158aa4d4ab6ef13355aa7850eca/screenshot - {}
RESULT: {"using":"xpath","value":"//span[contains(text(), \"Cost Center\")]"}
COMMAND: POST /session/ad66f158aa4d4ab6ef13355aa7850eca/element/f.46184FC8CB979803EFB42F6A75FB8695.d.0DE12883C3F573F305A70FA56FEE9996.e.731/click - {}
RESULT: {}
RESULT: {}
COMMAND: GET /session/ad66f158aa4d4ab6ef13355aa7850eca/screenshot - {}
RESULT: {}
COMMAND: POST /session/ad66f158aa4d4ab6ef13355aa7850eca/element - {"using":"xpath","value":"//span[@id=\"application-manageyards-display-component---NewYard--addressNewCostObjectCstID-vhi\"]"}
RESULT: {"using":"xpath","value":"//span[@id=\"application-manageyards-display-component---NewYard--addressNewCostObjectCstID-vhi\"]"}
COMMAND: POST /session/ad66f158aa4d4ab6ef13355aa7850eca/execute/sync - {"script":"<script> [8489 bytes]","args":[{"element-6066-11e4-a52e-4f735466cecf":"f.46184FC8CB979803EFB42F6A75FB8695.d.0DE12883C3F573F305A70FA56FEE9996.e.735","ELEMENT":"f.46184FC8CB979803EFB42F6A75FB8695.d.0DE12883C3F573F305A70FA56FEE9996.e.735"}]}
RESULT: {"script":"<script> [8489 bytes]","args":[{"element-6066-11e4-a52e-4f735466cecf":"f.46184FC8CB979803EFB42F6A75FB8695.d.0DE12883C3F573F305A70FA56FEE9996.e.735","ELEMENT":"f.46184FC8CB979803EFB42F6A75FB8695.d.0DE12883C3F573F305A70FA56FEE9996.e.735"}]}
COMMAND: POST /session/ad66f158aa4d4ab6ef13355aa7850eca/execute/async - {"script":"<script> [1562 bytes]","args":[{"selector":{"id":"application-manageyards-display-component---NewYard--addressNewCostObjectCstID-vhi"},"wdio_ui5_key":"applicationmanageyards-display-component---NewYard--addressNewCostObjectCstID-vhi"}]}
COMMAND: GET /session/ad66f158aa4d4ab6ef13355aa7850eca/screenshot - {}
RESULT: {"script":"<script> [1562 bytes]","args":[{"selector":{"id":"application-manageyards-display-component---NewYard--addressNewCostObjectCstID-vhi"},"wdio_ui5_key":"applicationmanageyards-display-component---NewYard--addressNewCostObjectCstID-vhi"}]}
RESULT: undefined
COMMAND: POST /session/ad66f158aa4d4ab6ef13355aa7850eca/element - {"using":"xpath","value":"//*[@id=\"application-manageyards-display-component---NewYard--addressNewCostObjectCstID-vhi\"]"}
RESULT: {}
RESULT: {"using":"xpath","value":"//*[@id=\"application-manageyards-display-component---NewYard--addressNewCostObjectCstID-vhi\"]"}
COMMAND: POST /session/ad66f158aa4d4ab6ef13355aa7850eca/element/f.46184FC8CB979803EFB42F6A75FB8695.d.0DE12883C3F573F305A70FA56FEE9996.e.735/click - {}
RESULT: {}
COMMAND: GET /session/ad66f158aa4d4ab6ef13355aa7850eca/screenshot - {}
RESULT: {}
COMMAND: POST /session/ad66f158aa4d4ab6ef13355aa7850eca/execute/async - {"script":"<script> [1562 bytes]","args":[{"selector":{"controlType":"sap.m.SearchField","properties":{"placeholder":"Search"},"searchOpenDialogs":true,"interaction":{"idSuffix":"I"}},"wdio_ui5_key":"sapm.SearchField{\"placeholder\":\"Search\"}"}]}
RESULT: {"script":"<script> [1562 bytes]","args":[{"selector":{"controlType":"sap.m.SearchField","properties":{"placeholder":"Search"},"searchOpenDialogs":true,"interaction":{"idSuffix":"I"}},"wdio_ui5_key":"sapm.SearchField{\"placeholder\":\"Search\"}"}]}
RESULT: undefined
COMMAND: POST /session/ad66f158aa4d4ab6ef13355aa7850eca/execute/async - {"script":"<script> [776 bytes]","args":[{"enterText":"bauh_b","selector":{"controlType":"sap.m.SearchField","properties":{"placeholder":"Search"},"searchOpenDialogs":true,"interaction":{"idSuffix":"I"}},"clearTextFirst":true,"interactionType":"ENTER_TEXT"}]}
RESULT: {"script":"<script> [776 bytes]","args":[{"enterText":"bauh_b","selector":{"controlType":"sap.m.SearchField","properties":{"placeholder":"Search"},"searchOpenDialogs":true,"interaction":{"idSuffix":"I"}},"clearTextFirst":true,"interactionType":"ENTER_TEXT"}]}
COMMAND: POST /session/ad66f158aa4d4ab6ef13355aa7850eca/actions - {"actions":[{"id":"action1","type":"key","parameters":{},"actions":[{"type":"keyDown","value":""},{"type":"pause","duration":10},{"type":"keyUp","value":""}]}]}
RESULT: {"actions":[{"id":"action1","type":"key","parameters":{},"actions":[{"type":"keyDown","value":""},{"type":"pause","duration":10},{"type":"keyUp","value":""}]}]}
COMMAND: GET /session/ad66f158aa4d4ab6ef13355aa7850eca/screenshot - {}
RESULT: {}
COMMAND: POST /session/ad66f158aa4d4ab6ef13355aa7850eca/element - {"using":"xpath","value":"//span[contains(text(), \"Demo Yard\")]"}
RESULT: {"using":"xpath","value":"//span[contains(text(), \"Demo Yard\")]"}
COMMAND: POST /session/ad66f158aa4d4ab6ef13355aa7850eca/element/f.46184FC8CB979803EFB42F6A75FB8695.d.0DE12883C3F573F305A70FA56FEE9996.e.777/click - {}
RESULT: {}
COMMAND: GET /session/ad66f158aa4d4ab6ef13355aa7850eca/screenshot - {}
RESULT: {}
COMMAND: POST /session/ad66f158aa4d4ab6ef13355aa7850eca/element - {"using":"xpath","value":"//bdi[contains(text(), \"OK\")]"}
RESULT: {"using":"xpath","value":"//bdi[contains(text(), \"OK\")]"}
COMMAND: POST /session/ad66f158aa4d4ab6ef13355aa7850eca/element/f.46184FC8CB979803EFB42F6A75FB8695.d.0DE12883C3F573F305A70FA56FEE9996.e.778/click - {}
RESULT: {}
COMMAND: GET /session/ad66f158aa4d4ab6ef13355aa7850eca/screenshot - {}
RESULT: {}
COMMAND: POST /session/ad66f158aa4d4ab6ef13355aa7850eca/execute/async - {"script":"<script> [1562 bytes]","args":[{"selector":{"id":"application-manageyards-display-component---NewYard--addressEditDetailsCurrency-arrow"},"wdio_ui5_key":"applicationmanageyards-display-component---NewYard--addressEditDetailsCurrency-arrow"}]}
RESULT: {"script":"<script> [1562 bytes]","args":[{"selector":{"id":"application-manageyards-display-component---NewYard--addressEditDetailsCurrency-arrow"},"wdio_ui5_key":"applicationmanageyards-display-component---NewYard--addressEditDetailsCurrency-arrow"}]}
RESULT: undefined
COMMAND: POST /session/ad66f158aa4d4ab6ef13355aa7850eca/element - {"using":"xpath","value":"//*[@id=\"application-manageyards-display-component---NewYard--addressEditDetailsCurrency-arrow\"]"}
RESULT: {"using":"xpath","value":"//*[@id=\"application-manageyards-display-component---NewYard--addressEditDetailsCurrency-arrow\"]"}
COMMAND: POST /session/ad66f158aa4d4ab6ef13355aa7850eca/element/f.46184FC8CB979803EFB42F6A75FB8695.d.0DE12883C3F573F305A70FA56FEE9996.e.781/click - {}
RESULT: {}
COMMAND: POST /session/ad66f158aa4d4ab6ef13355aa7850eca/element - {"using":"xpath","value":"//span[contains(text(), \"Euro\")]"}
COMMAND: GET /session/ad66f158aa4d4ab6ef13355aa7850eca/screenshot - {}
RESULT: {"using":"xpath","value":"//span[contains(text(), \"Euro\")]"}
COMMAND: POST /session/ad66f158aa4d4ab6ef13355aa7850eca/element/f.46184FC8CB979803EFB42F6A75FB8695.d.0DE12883C3F573F305A70FA56FEE9996.e.782/click - {}
RESULT: {}
RESULT: {}
COMMAND: POST /session/ad66f158aa4d4ab6ef13355aa7850eca/execute/async - {"script":"<script> [1562 bytes]","args":[{"selector":{"controlType":"sap.m.Input","viewName":"etm.portal.ui.manageyards.view.New","viewId":"application-manageyards-display-component---NewYard","bindingPath":{"path":"","propertyPath":"/CONTROLLING_AREA","modelName":"NewYardModel"},"interaction":{"idSuffix":"inner"}},"wdio_ui5_key":"etmportal.ui.manageyards.view.Newsap.m.Input{\"path\":\"\",\"propertyPath\":\"/CONTROLLING_AREA\",\"modelName\":\"NewYardModel\"}"}]}
COMMAND: GET /session/ad66f158aa4d4ab6ef13355aa7850eca/screenshot - {}
RESULT: {"script":"<script> [1562 bytes]","args":[{"selector":{"controlType":"sap.m.Input","viewName":"etm.portal.ui.manageyards.view.New","viewId":"application-manageyards-display-component---NewYard","bindingPath":{"path":"","propertyPath":"/CONTROLLING_AREA","modelName":"NewYardModel"},"interaction":{"idSuffix":"inner"}},"wdio_ui5_key":"etmportal.ui.manageyards.view.Newsap.m.Input{\"path\":\"\",\"propertyPath\":\"/CONTROLLING_AREA\",\"modelName\":\"NewYardModel\"}"}]}
RESULT: undefined
COMMAND: POST /session/ad66f158aa4d4ab6ef13355aa7850eca/execute/async - {"script":"<script> [776 bytes]","args":[{"enterText":"Z001","selector":{"controlType":"sap.m.Input","viewName":"etm.portal.ui.manageyards.view.New","viewId":"application-manageyards-display-component---NewYard","bindingPath":{"path":"","propertyPath":"/CONTROLLING_AREA","modelName":"NewYardModel"},"interaction":{"idSuffix":"inner"}},"clearTextFirst":true,"interactionType":"ENTER_TEXT"}]}
RESULT: {}
RESULT: {"script":"<script> [776 bytes]","args":[{"enterText":"Z001","selector":{"controlType":"sap.m.Input","viewName":"etm.portal.ui.manageyards.view.New","viewId":"application-manageyards-display-component---NewYard","bindingPath":{"path":"","propertyPath":"/CONTROLLING_AREA","modelName":"NewYardModel"},"interaction":{"idSuffix":"inner"}},"clearTextFirst":true,"interactionType":"ENTER_TEXT"}]}
COMMAND: POST /session/ad66f158aa4d4ab6ef13355aa7850eca/execute/async - {"script":"<script> [1562 bytes]","args":[{"selector":{"id":"application-manageyards-display-component---NewYard--companyCodeComboBox","interaction":{"idSuffix":"inner"}},"wdio_ui5_key":"applicationmanageyards-display-component---NewYard--companyCodeComboBox"}]}
RESULT: {"script":"<script> [1562 bytes]","args":[{"selector":{"id":"application-manageyards-display-component---NewYard--companyCodeComboBox","interaction":{"idSuffix":"inner"}},"wdio_ui5_key":"applicationmanageyards-display-component---NewYard--companyCodeComboBox"}]}
RESULT: undefined
COMMAND: POST /session/ad66f158aa4d4ab6ef13355aa7850eca/execute/async - {"script":"<script> [776 bytes]","args":[{"enterText":"1000","selector":{"id":"application-manageyards-display-component---NewYard--companyCodeComboBox","interaction":{"idSuffix":"inner"}},"clearTextFirst":true,"interactionType":"ENTER_TEXT"}]}
RESULT: {"script":"<script> [776 bytes]","args":[{"enterText":"1000","selector":{"id":"application-manageyards-display-component---NewYard--companyCodeComboBox","interaction":{"idSuffix":"inner"}},"clearTextFirst":true,"interactionType":"ENTER_TEXT"}]}
COMMAND: POST /session/ad66f158aa4d4ab6ef13355aa7850eca/execute/async - {"script":"<script> [1562 bytes]","args":[{"selector":{"controlType":"sap.m.Input","viewName":"etm.portal.ui.manageyards.view.New","viewId":"application-manageyards-display-component---NewYard","bindingPath":{"path":"","propertyPath":"/PLANT","modelName":"NewYardModel"},"interaction":{"idSuffix":"inner"}},"wdio_ui5_key":"etmportal.ui.manageyards.view.Newsap.m.Input{\"path\":\"\",\"propertyPath\":\"/PLANT\",\"modelName\":\"NewYardModel\"}"}]}
RESULT: {"script":"<script> [1562 bytes]","args":[{"selector":{"controlType":"sap.m.Input","viewName":"etm.portal.ui.manageyards.view.New","viewId":"application-manageyards-display-component---NewYard","bindingPath":{"path":"","propertyPath":"/PLANT","modelName":"NewYardModel"},"interaction":{"idSuffix":"inner"}},"wdio_ui5_key":"etmportal.ui.manageyards.view.Newsap.m.Input{\"path\":\"\",\"propertyPath\":\"/PLANT\",\"modelName\":\"NewYardModel\"}"}]}
RESULT: undefined
COMMAND: POST /session/ad66f158aa4d4ab6ef13355aa7850eca/execute/async - {"script":"<script> [776 bytes]","args":[{"enterText":"1001","selector":{"controlType":"sap.m.Input","viewName":"etm.portal.ui.manageyards.view.New","viewId":"application-manageyards-display-component---NewYard","bindingPath":{"path":"","propertyPath":"/PLANT","modelName":"NewYardModel"},"interaction":{"idSuffix":"inner"}},"clearTextFirst":true,"interactionType":"ENTER_TEXT"}]}
RESULT: {"script":"<script> [776 bytes]","args":[{"enterText":"1001","selector":{"controlType":"sap.m.Input","viewName":"etm.portal.ui.manageyards.view.New","viewId":"application-manageyards-display-component---NewYard","bindingPath":{"path":"","propertyPath":"/PLANT","modelName":"NewYardModel"},"interaction":{"idSuffix":"inner"}},"clearTextFirst":true,"interactionType":"ENTER_TEXT"}]}
COMMAND: POST /session/ad66f158aa4d4ab6ef13355aa7850eca/execute/async - {"script":"<script> [1562 bytes]","args":[{"selector":{"controlType":"sap.m.Input","viewName":"etm.portal.ui.manageyards.view.New","viewId":"application-manageyards-display-component---NewYard","bindingPath":{"path":"","propertyPath":"/SALES_AREA_VKORG","modelName":"NewYardModel"},"interaction":{"idSuffix":"inner"}},"wdio_ui5_key":"etmportal.ui.manageyards.view.Newsap.m.Input{\"path\":\"\",\"propertyPath\":\"/SALES_AREA_VKORG\",\"modelName\":\"NewYardModel\"}"}]}
RESULT: {"script":"<script> [1562 bytes]","args":[{"selector":{"controlType":"sap.m.Input","viewName":"etm.portal.ui.manageyards.view.New","viewId":"application-manageyards-display-component---NewYard","bindingPath":{"path":"","propertyPath":"/SALES_AREA_VKORG","modelName":"NewYardModel"},"interaction":{"idSuffix":"inner"}},"wdio_ui5_key":"etmportal.ui.manageyards.view.Newsap.m.Input{\"path\":\"\",\"propertyPath\":\"/SALES_AREA_VKORG\",\"modelName\":\"NewYardModel\"}"}]}
RESULT: undefined
COMMAND: POST /session/ad66f158aa4d4ab6ef13355aa7850eca/execute/async - {"script":"<script> [776 bytes]","args":[{"enterText":"C002","selector":{"controlType":"sap.m.Input","viewName":"etm.portal.ui.manageyards.view.New","viewId":"application-manageyards-display-component---NewYard","bindingPath":{"path":"","propertyPath":"/SALES_AREA_VKORG","modelName":"NewYardModel"},"interaction":{"idSuffix":"inner"}},"clearTextFirst":true,"interactionType":"ENTER_TEXT"}]}
RESULT: {"script":"<script> [776 bytes]","args":[{"enterText":"C002","selector":{"controlType":"sap.m.Input","viewName":"etm.portal.ui.manageyards.view.New","viewId":"application-manageyards-display-component---NewYard","bindingPath":{"path":"","propertyPath":"/SALES_AREA_VKORG","modelName":"NewYardModel"},"interaction":{"idSuffix":"inner"}},"clearTextFirst":true,"interactionType":"ENTER_TEXT"}]}
COMMAND: POST /session/ad66f158aa4d4ab6ef13355aa7850eca/execute/async - {"script":"<script> [1562 bytes]","args":[{"selector":{"controlType":"sap.m.Input","viewName":"etm.portal.ui.manageyards.view.New","viewId":"application-manageyards-display-component---NewYard","bindingPath":{"path":"","propertyPath":"/SALES_AREA_VTWEG","modelName":"NewYardModel"},"interaction":{"idSuffix":"inner"}},"wdio_ui5_key":"etmportal.ui.manageyards.view.Newsap.m.Input{\"path\":\"\",\"propertyPath\":\"/SALES_AREA_VTWEG\",\"modelName\":\"NewYardModel\"}"}]}
RESULT: {"script":"<script> [1562 bytes]","args":[{"selector":{"controlType":"sap.m.Input","viewName":"etm.portal.ui.manageyards.view.New","viewId":"application-manageyards-display-component---NewYard","bindingPath":{"path":"","propertyPath":"/SALES_AREA_VTWEG","modelName":"NewYardModel"},"interaction":{"idSuffix":"inner"}},"wdio_ui5_key":"etmportal.ui.manageyards.view.Newsap.m.Input{\"path\":\"\",\"propertyPath\":\"/SALES_AREA_VTWEG\",\"modelName\":\"NewYardModel\"}"}]}
RESULT: undefined
COMMAND: POST /session/ad66f158aa4d4ab6ef13355aa7850eca/execute/async - {"script":"<script> [776 bytes]","args":[{"enterText":"C2","selector":{"controlType":"sap.m.Input","viewName":"etm.portal.ui.manageyards.view.New","viewId":"application-manageyards-display-component---NewYard","bindingPath":{"path":"","propertyPath":"/SALES_AREA_VTWEG","modelName":"NewYardModel"},"interaction":{"idSuffix":"inner"}},"clearTextFirst":true,"interactionType":"ENTER_TEXT"}]}
RESULT: {"script":"<script> [776 bytes]","args":[{"enterText":"C2","selector":{"controlType":"sap.m.Input","viewName":"etm.portal.ui.manageyards.view.New","viewId":"application-manageyards-display-component---NewYard","bindingPath":{"path":"","propertyPath":"/SALES_AREA_VTWEG","modelName":"NewYardModel"},"interaction":{"idSuffix":"inner"}},"clearTextFirst":true,"interactionType":"ENTER_TEXT"}]}
COMMAND: POST /session/ad66f158aa4d4ab6ef13355aa7850eca/execute/async - {"script":"<script> [1562 bytes]","args":[{"selector":{"controlType":"sap.m.Input","viewName":"etm.portal.ui.manageyards.view.New","viewId":"application-manageyards-display-component---NewYard","bindingPath":{"path":"","propertyPath":"/SALES_AREA_SPART","modelName":"NewYardModel"},"interaction":{"idSuffix":"inner"}},"wdio_ui5_key":"etmportal.ui.manageyards.view.Newsap.m.Input{\"path\":\"\",\"propertyPath\":\"/SALES_AREA_SPART\",\"modelName\":\"NewYardModel\"}"}]}
RESULT: {"script":"<script> [1562 bytes]","args":[{"selector":{"controlType":"sap.m.Input","viewName":"etm.portal.ui.manageyards.view.New","viewId":"application-manageyards-display-component---NewYard","bindingPath":{"path":"","propertyPath":"/SALES_AREA_SPART","modelName":"NewYardModel"},"interaction":{"idSuffix":"inner"}},"wdio_ui5_key":"etmportal.ui.manageyards.view.Newsap.m.Input{\"path\":\"\",\"propertyPath\":\"/SALES_AREA_SPART\",\"modelName\":\"NewYardModel\"}"}]}
RESULT: undefined
COMMAND: POST /session/ad66f158aa4d4ab6ef13355aa7850eca/execute/async - {"script":"<script> [776 bytes]","args":[{"enterText":"C2","selector":{"controlType":"sap.m.Input","viewName":"etm.portal.ui.manageyards.view.New","viewId":"application-manageyards-display-component---NewYard","bindingPath":{"path":"","propertyPath":"/SALES_AREA_SPART","modelName":"NewYardModel"},"interaction":{"idSuffix":"inner"}},"clearTextFirst":true,"interactionType":"ENTER_TEXT"}]}
RESULT: {"script":"<script> [776 bytes]","args":[{"enterText":"C2","selector":{"controlType":"sap.m.Input","viewName":"etm.portal.ui.manageyards.view.New","viewId":"application-manageyards-display-component---NewYard","bindingPath":{"path":"","propertyPath":"/SALES_AREA_SPART","modelName":"NewYardModel"},"interaction":{"idSuffix":"inner"}},"clearTextFirst":true,"interactionType":"ENTER_TEXT"}]}
COMMAND: POST /session/ad66f158aa4d4ab6ef13355aa7850eca/execute/async - {"script":"<script> [1562 bytes]","args":[{"selector":{"controlType":"sap.m.Input","viewName":"etm.portal.ui.manageyards.view.New","viewId":"application-manageyards-display-component---NewYard","bindingPath":{"path":"","propertyPath":"/SHIP_POINT","modelName":"NewYardModel"},"interaction":{"idSuffix":"inner"}},"wdio_ui5_key":"etmportal.ui.manageyards.view.Newsap.m.Input{\"path\":\"\",\"propertyPath\":\"/SHIP_POINT\",\"modelName\":\"NewYardModel\"}"}]}
RESULT: {"script":"<script> [1562 bytes]","args":[{"selector":{"controlType":"sap.m.Input","viewName":"etm.portal.ui.manageyards.view.New","viewId":"application-manageyards-display-component---NewYard","bindingPath":{"path":"","propertyPath":"/SHIP_POINT","modelName":"NewYardModel"},"interaction":{"idSuffix":"inner"}},"wdio_ui5_key":"etmportal.ui.manageyards.view.Newsap.m.Input{\"path\":\"\",\"propertyPath\":\"/SHIP_POINT\",\"modelName\":\"NewYardModel\"}"}]}
RESULT: undefined
COMMAND: POST /session/ad66f158aa4d4ab6ef13355aa7850eca/execute/async - {"script":"<script> [776 bytes]","args":[{"enterText":"1710","selector":{"controlType":"sap.m.Input","viewName":"etm.portal.ui.manageyards.view.New","viewId":"application-manageyards-display-component---NewYard","bindingPath":{"path":"","propertyPath":"/SHIP_POINT","modelName":"NewYardModel"},"interaction":{"idSuffix":"inner"}},"clearTextFirst":true,"interactionType":"ENTER_TEXT"}]}
RESULT: {"script":"<script> [776 bytes]","args":[{"enterText":"1710","selector":{"controlType":"sap.m.Input","viewName":"etm.portal.ui.manageyards.view.New","viewId":"application-manageyards-display-component---NewYard","bindingPath":{"path":"","propertyPath":"/SHIP_POINT","modelName":"NewYardModel"},"interaction":{"idSuffix":"inner"}},"clearTextFirst":true,"interactionType":"ENTER_TEXT"}]}
COMMAND: POST /session/ad66f158aa4d4ab6ef13355aa7850eca/execute/async - {"script":"<script> [1562 bytes]","args":[{"selector":{"controlType":"sap.m.Input","viewName":"etm.portal.ui.manageyards.view.New","viewId":"application-manageyards-display-component---NewYard","bindingPath":{"path":"","propertyPath":"/DELIVERY_TYPE","modelName":"NewYardModel"},"interaction":{"idSuffix":"inner"}},"wdio_ui5_key":"etmportal.ui.manageyards.view.Newsap.m.Input{\"path\":\"\",\"propertyPath\":\"/DELIVERY_TYPE\",\"modelName\":\"NewYardModel\"}"}]}
RESULT: {"script":"<script> [1562 bytes]","args":[{"selector":{"controlType":"sap.m.Input","viewName":"etm.portal.ui.manageyards.view.New","viewId":"application-manageyards-display-component---NewYard","bindingPath":{"path":"","propertyPath":"/DELIVERY_TYPE","modelName":"NewYardModel"},"interaction":{"idSuffix":"inner"}},"wdio_ui5_key":"etmportal.ui.manageyards.view.Newsap.m.Input{\"path\":\"\",\"propertyPath\":\"/DELIVERY_TYPE\",\"modelName\":\"NewYardModel\"}"}]}
RESULT: undefined
COMMAND: POST /session/ad66f158aa4d4ab6ef13355aa7850eca/execute/async - {"script":"<script> [776 bytes]","args":[{"enterText":"ZL01","selector":{"controlType":"sap.m.Input","viewName":"etm.portal.ui.manageyards.view.New","viewId":"application-manageyards-display-component---NewYard","bindingPath":{"path":"","propertyPath":"/DELIVERY_TYPE","modelName":"NewYardModel"},"interaction":{"idSuffix":"inner"}},"clearTextFirst":true,"interactionType":"ENTER_TEXT"}]}
RESULT: {"script":"<script> [776 bytes]","args":[{"enterText":"ZL01","selector":{"controlType":"sap.m.Input","viewName":"etm.portal.ui.manageyards.view.New","viewId":"application-manageyards-display-component---NewYard","bindingPath":{"path":"","propertyPath":"/DELIVERY_TYPE","modelName":"NewYardModel"},"interaction":{"idSuffix":"inner"}},"clearTextFirst":true,"interactionType":"ENTER_TEXT"}]}
COMMAND: POST /session/ad66f158aa4d4ab6ef13355aa7850eca/execute/async - {"script":"<script> [1562 bytes]","args":[{"selector":{"controlType":"sap.m.Input","viewName":"etm.portal.ui.manageyards.view.New","viewId":"application-manageyards-display-component---NewYard","bindingPath":{"path":"","propertyPath":"/AUART","modelName":"NewYardModel"},"interaction":{"idSuffix":"inner"}},"wdio_ui5_key":"etmportal.ui.manageyards.view.Newsap.m.Input{\"path\":\"\",\"propertyPath\":\"/AUART\",\"modelName\":\"NewYardModel\"}"}]}
RESULT: {"script":"<script> [1562 bytes]","args":[{"selector":{"controlType":"sap.m.Input","viewName":"etm.portal.ui.manageyards.view.New","viewId":"application-manageyards-display-component---NewYard","bindingPath":{"path":"","propertyPath":"/AUART","modelName":"NewYardModel"},"interaction":{"idSuffix":"inner"}},"wdio_ui5_key":"etmportal.ui.manageyards.view.Newsap.m.Input{\"path\":\"\",\"propertyPath\":\"/AUART\",\"modelName\":\"NewYardModel\"}"}]}
RESULT: undefined
COMMAND: POST /session/ad66f158aa4d4ab6ef13355aa7850eca/execute/async - {"script":"<script> [776 bytes]","args":[{"enterText":"TA","selector":{"controlType":"sap.m.Input","viewName":"etm.portal.ui.manageyards.view.New","viewId":"application-manageyards-display-component---NewYard","bindingPath":{"path":"","propertyPath":"/AUART","modelName":"NewYardModel"},"interaction":{"idSuffix":"inner"}},"clearTextFirst":true,"interactionType":"ENTER_TEXT"}]}
RESULT: {"script":"<script> [776 bytes]","args":[{"enterText":"TA","selector":{"controlType":"sap.m.Input","viewName":"etm.portal.ui.manageyards.view.New","viewId":"application-manageyards-display-component---NewYard","bindingPath":{"path":"","propertyPath":"/AUART","modelName":"NewYardModel"},"interaction":{"idSuffix":"inner"}},"clearTextFirst":true,"interactionType":"ENTER_TEXT"}]}
COMMAND: POST /session/ad66f158aa4d4ab6ef13355aa7850eca/element - {"using":"xpath","value":"//button[@data-kt=\"newYardSaveButton\"]"}
RESULT: {"using":"xpath","value":"//button[@data-kt=\"newYardSaveButton\"]"}
COMMAND: POST /session/ad66f158aa4d4ab6ef13355aa7850eca/element/f.46184FC8CB979803EFB42F6A75FB8695.d.0DE12883C3F573F305A70FA56FEE9996.e.709/click - {}
RESULT: {}
COMMAND: GET /session/ad66f158aa4d4ab6ef13355aa7850eca/screenshot - {}
RESULT: {}
COMMAND: POST /session/ad66f158aa4d4ab6ef13355aa7850eca/element - {"using":"xpath","value":"//header[contains(@id, 'ObjectPageLayout-headerTitle')]/div[1]/div[2]/div[1]/span[1]"}
RESULT: {"using":"xpath","value":"//header[contains(@id, 'ObjectPageLayout-headerTitle')]/div[1]/div[2]/div[1]/span[1]"}
COMMAND: POST /session/ad66f158aa4d4ab6ef13355aa7850eca/elements - {"using":"xpath","value":"//header[contains(@id, 'ObjectPageLayout-headerTitle')]/div[1]/div[2]/div[1]/span[1]"}
RESULT: {"using":"xpath","value":"//header[contains(@id, 'ObjectPageLayout-headerTitle')]/div[1]/div[2]/div[1]/span[1]"}
COMMAND: POST /session/ad66f158aa4d4ab6ef13355aa7850eca/execute/sync - {"script":"<script> [56 bytes]","args":[{"element-6066-11e4-a52e-4f735466cecf":"f.46184FC8CB979803EFB42F6A75FB8695.d.0DE12883C3F573F305A70FA56FEE9996.e.1000","ELEMENT":"f.46184FC8CB979803EFB42F6A75FB8695.d.0DE12883C3F573F305A70FA56FEE9996.e.1000"}]}
RESULT: {"script":"<script> [56 bytes]","args":[{"element-6066-11e4-a52e-4f735466cecf":"f.46184FC8CB979803EFB42F6A75FB8695.d.0DE12883C3F573F305A70FA56FEE9996.e.1000","ELEMENT":"f.46184FC8CB979803EFB42F6A75FB8695.d.0DE12883C3F573F305A70FA56FEE9996.e.1000"}]}
COMMAND: GET /session/ad66f158aa4d4ab6ef13355aa7850eca/screenshot - {}
RESULT: {}
COMMAND: POST /session/ad66f158aa4d4ab6ef13355aa7850eca/element - {"using":"css selector","value":"#shell-header-logo"}
RESULT: {"using":"css selector","value":"#shell-header-logo"}
COMMAND: POST /session/ad66f158aa4d4ab6ef13355aa7850eca/element/f.46184FC8CB979803EFB42F6A75FB8695.d.0DE12883C3F573F305A70FA56FEE9996.e.256/click - {}
RESULT: {}
COMMAND: GET /session/ad66f158aa4d4ab6ef13355aa7850eca/screenshot - {}
RESULT: {}
COMMAND: POST /session/ad66f158aa4d4ab6ef13355aa7850eca/execute/sync - {"script":"<script> [299 bytes]","args":[["getModel","getResource"]]}
RESULT: {"script":"<script> [299 bytes]","args":[["getModel","getResource"]]}
]]></system-out>
    </testcase>
    <testcase classname="chrome.136_0_7103_93.windows.Partner_specific_tests_US150819_US151080_US151654_US151176_US103444_US151078_US151079_US151109_US151174_US151175_US151189" name="Should create new external partner US150819" time="123.933">
      <system-out><![CDATA[
COMMAND: POST /session/ad66f158aa4d4ab6ef13355aa7850eca/element - {"using":"xpath","value":"//li[.//span[text()=\"Manage Partners\"]]"}
COMMAND: GET /session/ad66f158aa4d4ab6ef13355aa7850eca/screenshot - {}
RESULT: {"using":"xpath","value":"//li[.//span[text()=\"Manage Partners\"]]"}
COMMAND: POST /session/ad66f158aa4d4ab6ef13355aa7850eca/element - {"using":"xpath","value":"//li[.//span[text()=\"Manage Partners\"]]"}
RESULT: {}
RESULT: {"using":"xpath","value":"//li[.//span[text()=\"Manage Partners\"]]"}
COMMAND: POST /session/ad66f158aa4d4ab6ef13355aa7850eca/element - {"using":"css selector","value":"#shell-header-logo"}
RESULT: {"using":"css selector","value":"#shell-header-logo"}
COMMAND: POST /session/ad66f158aa4d4ab6ef13355aa7850eca/element/f.46184FC8CB979803EFB42F6A75FB8695.d.0DE12883C3F573F305A70FA56FEE9996.e.1002/click - {}
COMMAND: POST /session/ad66f158aa4d4ab6ef13355aa7850eca/execute/sync - {"script":"<script> [8489 bytes]","args":[{"element-6066-11e4-a52e-4f735466cecf":"f.46184FC8CB979803EFB42F6A75FB8695.d.0DE12883C3F573F305A70FA56FEE9996.e.1002","ELEMENT":"f.46184FC8CB979803EFB42F6A75FB8695.d.0DE12883C3F573F305A70FA56FEE9996.e.1002"}]}
RESULT: {}
COMMAND: GET /session/ad66f158aa4d4ab6ef13355aa7850eca/screenshot - {}
RESULT: {"script":"<script> [8489 bytes]","args":[{"element-6066-11e4-a52e-4f735466cecf":"f.46184FC8CB979803EFB42F6A75FB8695.d.0DE12883C3F573F305A70FA56FEE9996.e.1002","ELEMENT":"f.46184FC8CB979803EFB42F6A75FB8695.d.0DE12883C3F573F305A70FA56FEE9996.e.1002"}]}
COMMAND: POST /session/ad66f158aa4d4ab6ef13355aa7850eca/execute/sync - {"script":"<script> [5351 bytes]","args":[{"element-6066-11e4-a52e-4f735466cecf":"f.46184FC8CB979803EFB42F6A75FB8695.d.0DE12883C3F573F305A70FA56FEE9996.e.1002","ELEMENT":"f.46184FC8CB979803EFB42F6A75FB8695.d.0DE12883C3F573F305A70FA56FEE9996.e.1002"}]}
COMMAND: GET /session/ad66f158aa4d4ab6ef13355aa7850eca/screenshot - {}
RESULT: {}
RESULT: {"script":"<script> [5351 bytes]","args":[{"element-6066-11e4-a52e-4f735466cecf":"f.46184FC8CB979803EFB42F6A75FB8695.d.0DE12883C3F573F305A70FA56FEE9996.e.1002","ELEMENT":"f.46184FC8CB979803EFB42F6A75FB8695.d.0DE12883C3F573F305A70FA56FEE9996.e.1002"}]}
COMMAND: GET /session/ad66f158aa4d4ab6ef13355aa7850eca/screenshot - {}
RESULT: {}
RESULT: {}
COMMAND: POST /session/ad66f158aa4d4ab6ef13355aa7850eca/window/fullscreen - {}
RESULT: {}
COMMAND: POST /session/ad66f158aa4d4ab6ef13355aa7850eca/execute/async - {"script":"<script> [1562 bytes]","args":[{"selector":{"controlType":"sap.m.GenericTile","properties":{"header":"Manage Partners"}},"wdio_ui5_key":"sapm.GenericTile{\"header\":\"Manage Partners\"}"}]}
RESULT: {"script":"<script> [1562 bytes]","args":[{"selector":{"controlType":"sap.m.GenericTile","properties":{"header":"Manage Partners"}},"wdio_ui5_key":"sapm.GenericTile{\"header\":\"Manage Partners\"}"}]}
RESULT: undefined
COMMAND: POST /session/ad66f158aa4d4ab6ef13355aa7850eca/element - {"using":"xpath","value":"//*[@id=\"__tile38\"]"}
RESULT: {"using":"xpath","value":"//*[@id=\"__tile38\"]"}
COMMAND: POST /session/ad66f158aa4d4ab6ef13355aa7850eca/element/f.46184FC8CB979803EFB42F6A75FB8695.d.0DE12883C3F573F305A70FA56FEE9996.e.147/click - {}
RESULT: {}
COMMAND: GET /session/ad66f158aa4d4ab6ef13355aa7850eca/screenshot - {}
RESULT: {}
COMMAND: POST /session/ad66f158aa4d4ab6ef13355aa7850eca/elements - {"using":"xpath","value":"//span[text()='Error']"}
RESULT: {"using":"xpath","value":"//span[text()='Error']"}
COMMAND: POST /session/ad66f158aa4d4ab6ef13355aa7850eca/element - {"using":"xpath","value":"//button[@data-kt=\"addButton\"]"}
RESULT: {"using":"xpath","value":"//button[@data-kt=\"addButton\"]"}
COMMAND: POST /session/ad66f158aa4d4ab6ef13355aa7850eca/elements - {"using":"xpath","value":"//button[@data-kt=\"addButton\"]"}
RESULT: {"using":"xpath","value":"//button[@data-kt=\"addButton\"]"}
COMMAND: POST /session/ad66f158aa4d4ab6ef13355aa7850eca/elements - {"using":"xpath","value":"//button[@data-kt=\"addButton\"]"}
RESULT: {"using":"xpath","value":"//button[@data-kt=\"addButton\"]"}
COMMAND: POST /session/ad66f158aa4d4ab6ef13355aa7850eca/element - {"using":"xpath","value":"//button[@data-kt=\"addButton\"]"}
RESULT: {"using":"xpath","value":"//button[@data-kt=\"addButton\"]"}
COMMAND: POST /session/ad66f158aa4d4ab6ef13355aa7850eca/execute/sync - {"script":"<script> [8489 bytes]","args":[{"element-6066-11e4-a52e-4f735466cecf":"f.46184FC8CB979803EFB42F6A75FB8695.d.0DE12883C3F573F305A70FA56FEE9996.e.1038","ELEMENT":"f.46184FC8CB979803EFB42F6A75FB8695.d.0DE12883C3F573F305A70FA56FEE9996.e.1038"}]}
RESULT: {"script":"<script> [8489 bytes]","args":[{"element-6066-11e4-a52e-4f735466cecf":"f.46184FC8CB979803EFB42F6A75FB8695.d.0DE12883C3F573F305A70FA56FEE9996.e.1038","ELEMENT":"f.46184FC8CB979803EFB42F6A75FB8695.d.0DE12883C3F573F305A70FA56FEE9996.e.1038"}]}
COMMAND: GET /session/ad66f158aa4d4ab6ef13355aa7850eca/element/f.46184FC8CB979803EFB42F6A75FB8695.d.0DE12883C3F573F305A70FA56FEE9996.e.1038/enabled - {}
COMMAND: GET /session/ad66f158aa4d4ab6ef13355aa7850eca/screenshot - {}
RESULT: {}
COMMAND: POST /session/ad66f158aa4d4ab6ef13355aa7850eca/execute/sync - {"script":"<script> [8489 bytes]","args":[{"element-6066-11e4-a52e-4f735466cecf":"f.46184FC8CB979803EFB42F6A75FB8695.d.0DE12883C3F573F305A70FA56FEE9996.e.1038","ELEMENT":"f.46184FC8CB979803EFB42F6A75FB8695.d.0DE12883C3F573F305A70FA56FEE9996.e.1038"}]}
COMMAND: GET /session/ad66f158aa4d4ab6ef13355aa7850eca/screenshot - {}
RESULT: {}
RESULT: {"script":"<script> [8489 bytes]","args":[{"element-6066-11e4-a52e-4f735466cecf":"f.46184FC8CB979803EFB42F6A75FB8695.d.0DE12883C3F573F305A70FA56FEE9996.e.1038","ELEMENT":"f.46184FC8CB979803EFB42F6A75FB8695.d.0DE12883C3F573F305A70FA56FEE9996.e.1038"}]}
COMMAND: POST /session/ad66f158aa4d4ab6ef13355aa7850eca/execute/sync - {"script":"<script> [5351 bytes]","args":[{"element-6066-11e4-a52e-4f735466cecf":"f.46184FC8CB979803EFB42F6A75FB8695.d.0DE12883C3F573F305A70FA56FEE9996.e.1038","ELEMENT":"f.46184FC8CB979803EFB42F6A75FB8695.d.0DE12883C3F573F305A70FA56FEE9996.e.1038"}]}
COMMAND: GET /session/ad66f158aa4d4ab6ef13355aa7850eca/screenshot - {}
RESULT: {}
RESULT: {"script":"<script> [5351 bytes]","args":[{"element-6066-11e4-a52e-4f735466cecf":"f.46184FC8CB979803EFB42F6A75FB8695.d.0DE12883C3F573F305A70FA56FEE9996.e.1038","ELEMENT":"f.46184FC8CB979803EFB42F6A75FB8695.d.0DE12883C3F573F305A70FA56FEE9996.e.1038"}]}
COMMAND: POST /session/ad66f158aa4d4ab6ef13355aa7850eca/element/f.46184FC8CB979803EFB42F6A75FB8695.d.0DE12883C3F573F305A70FA56FEE9996.e.1038/click - {}
COMMAND: GET /session/ad66f158aa4d4ab6ef13355aa7850eca/screenshot - {}
RESULT: {}
RESULT: {}
COMMAND: GET /session/ad66f158aa4d4ab6ef13355aa7850eca/screenshot - {}
COMMAND: POST /session/ad66f158aa4d4ab6ef13355aa7850eca/execute/async - {"script":"<script> [1562 bytes]","args":[{"selector":{"id":"application-managepartners-display-component---NewPartner--addressDetailDetailsName1","interaction":{"idSuffix":"inner"}},"wdio_ui5_key":"applicationmanagepartners-display-component---NewPartner--addressDetailDetailsName1"}]}
RESULT: {}
RESULT: {}
RESULT: {"script":"<script> [1562 bytes]","args":[{"selector":{"id":"application-managepartners-display-component---NewPartner--addressDetailDetailsName1","interaction":{"idSuffix":"inner"}},"wdio_ui5_key":"applicationmanagepartners-display-component---NewPartner--addressDetailDetailsName1"}]}
RESULT: undefined
COMMAND: POST /session/ad66f158aa4d4ab6ef13355aa7850eca/execute/async - {"script":"<script> [776 bytes]","args":[{"enterText":"External Partner WDIO","selector":{"id":"application-managepartners-display-component---NewPartner--addressDetailDetailsName1","interaction":{"idSuffix":"inner"}},"clearTextFirst":true,"interactionType":"ENTER_TEXT"}]}
RESULT: {"script":"<script> [776 bytes]","args":[{"enterText":"External Partner WDIO","selector":{"id":"application-managepartners-display-component---NewPartner--addressDetailDetailsName1","interaction":{"idSuffix":"inner"}},"clearTextFirst":true,"interactionType":"ENTER_TEXT"}]}
COMMAND: POST /session/ad66f158aa4d4ab6ef13355aa7850eca/execute/async - {"script":"<script> [1562 bytes]","args":[{"selector":{"id":"application-managepartners-display-component---NewPartner--addressDetailDetailsLanguage-arrow"},"wdio_ui5_key":"applicationmanagepartners-display-component---NewPartner--addressDetailDetailsLanguage-arrow"}]}
RESULT: {"script":"<script> [1562 bytes]","args":[{"selector":{"id":"application-managepartners-display-component---NewPartner--addressDetailDetailsLanguage-arrow"},"wdio_ui5_key":"applicationmanagepartners-display-component---NewPartner--addressDetailDetailsLanguage-arrow"}]}
RESULT: undefined
COMMAND: POST /session/ad66f158aa4d4ab6ef13355aa7850eca/element - {"using":"xpath","value":"//*[@id=\"application-managepartners-display-component---NewPartner--addressDetailDetailsLanguage-arrow\"]"}
RESULT: {"using":"xpath","value":"//*[@id=\"application-managepartners-display-component---NewPartner--addressDetailDetailsLanguage-arrow\"]"}
COMMAND: POST /session/ad66f158aa4d4ab6ef13355aa7850eca/element/f.46184FC8CB979803EFB42F6A75FB8695.d.0DE12883C3F573F305A70FA56FEE9996.e.1476/click - {}
RESULT: {}
COMMAND: POST /session/ad66f158aa4d4ab6ef13355aa7850eca/element - {"using":"xpath","value":"//span[contains(text(), \"English\")]"}
COMMAND: GET /session/ad66f158aa4d4ab6ef13355aa7850eca/screenshot - {}
RESULT: {"using":"xpath","value":"//span[contains(text(), \"English\")]"}
COMMAND: POST /session/ad66f158aa4d4ab6ef13355aa7850eca/element/f.46184FC8CB979803EFB42F6A75FB8695.d.0DE12883C3F573F305A70FA56FEE9996.e.1477/click - {}
RESULT: {}
RESULT: {}
COMMAND: GET /session/ad66f158aa4d4ab6ef13355aa7850eca/screenshot - {}
RESULT: {}
COMMAND: POST /session/ad66f158aa4d4ab6ef13355aa7850eca/execute/async - {"script":"<script> [1562 bytes]","args":[{"selector":{"id":"application-managepartners-display-component---NewPartner--addressDetailDetailsCity1","interaction":{"idSuffix":"inner"}},"wdio_ui5_key":"applicationmanagepartners-display-component---NewPartner--addressDetailDetailsCity1"}]}
RESULT: {"script":"<script> [1562 bytes]","args":[{"selector":{"id":"application-managepartners-display-component---NewPartner--addressDetailDetailsCity1","interaction":{"idSuffix":"inner"}},"wdio_ui5_key":"applicationmanagepartners-display-component---NewPartner--addressDetailDetailsCity1"}]}
RESULT: undefined
COMMAND: POST /session/ad66f158aa4d4ab6ef13355aa7850eca/execute/async - {"script":"<script> [776 bytes]","args":[{"enterText":"Rosario","selector":{"id":"application-managepartners-display-component---NewPartner--addressDetailDetailsCity1","interaction":{"idSuffix":"inner"}},"clearTextFirst":true,"interactionType":"ENTER_TEXT"}]}
RESULT: {"script":"<script> [776 bytes]","args":[{"enterText":"Rosario","selector":{"id":"application-managepartners-display-component---NewPartner--addressDetailDetailsCity1","interaction":{"idSuffix":"inner"}},"clearTextFirst":true,"interactionType":"ENTER_TEXT"}]}
COMMAND: POST /session/ad66f158aa4d4ab6ef13355aa7850eca/execute/async - {"script":"<script> [1562 bytes]","args":[{"selector":{"id":"application-managepartners-display-component---NewPartner--addressDetailDetailsCountry-arrow"},"wdio_ui5_key":"applicationmanagepartners-display-component---NewPartner--addressDetailDetailsCountry-arrow"}]}
RESULT: {"script":"<script> [1562 bytes]","args":[{"selector":{"id":"application-managepartners-display-component---NewPartner--addressDetailDetailsCountry-arrow"},"wdio_ui5_key":"applicationmanagepartners-display-component---NewPartner--addressDetailDetailsCountry-arrow"}]}
RESULT: undefined
COMMAND: POST /session/ad66f158aa4d4ab6ef13355aa7850eca/element - {"using":"xpath","value":"//*[@id=\"application-managepartners-display-component---NewPartner--addressDetailDetailsCountry-arrow\"]"}
RESULT: {"using":"xpath","value":"//*[@id=\"application-managepartners-display-component---NewPartner--addressDetailDetailsCountry-arrow\"]"}
COMMAND: POST /session/ad66f158aa4d4ab6ef13355aa7850eca/element/f.46184FC8CB979803EFB42F6A75FB8695.d.0DE12883C3F573F305A70FA56FEE9996.e.1455/click - {}
RESULT: {}
COMMAND: POST /session/ad66f158aa4d4ab6ef13355aa7850eca/element - {"using":"xpath","value":"//span[contains(text(), \"Argentina\")]"}
COMMAND: GET /session/ad66f158aa4d4ab6ef13355aa7850eca/screenshot - {}
RESULT: {"using":"xpath","value":"//span[contains(text(), \"Argentina\")]"}
COMMAND: POST /session/ad66f158aa4d4ab6ef13355aa7850eca/element/f.46184FC8CB979803EFB42F6A75FB8695.d.0DE12883C3F573F305A70FA56FEE9996.e.1479/click - {}
RESULT: {}
RESULT: {}
COMMAND: GET /session/ad66f158aa4d4ab6ef13355aa7850eca/screenshot - {}
RESULT: {}
COMMAND: POST /session/ad66f158aa4d4ab6ef13355aa7850eca/element - {"using":"xpath","value":"//bdi[contains(text(), \"Commercial\")]"}
RESULT: {"using":"xpath","value":"//bdi[contains(text(), \"Commercial\")]"}
COMMAND: POST /session/ad66f158aa4d4ab6ef13355aa7850eca/element/f.46184FC8CB979803EFB42F6A75FB8695.d.0DE12883C3F573F305A70FA56FEE9996.e.1480/click - {}
RESULT: {}
COMMAND: GET /session/ad66f158aa4d4ab6ef13355aa7850eca/screenshot - {}
RESULT: {}
COMMAND: POST /session/ad66f158aa4d4ab6ef13355aa7850eca/execute/async - {"script":"<script> [1562 bytes]","args":[{"selector":{"id":"application-managepartners-display-component---NewPartner--partnerDetailInternal-arrow"},"wdio_ui5_key":"applicationmanagepartners-display-component---NewPartner--partnerDetailInternal-arrow"}]}
RESULT: {"script":"<script> [1562 bytes]","args":[{"selector":{"id":"application-managepartners-display-component---NewPartner--partnerDetailInternal-arrow"},"wdio_ui5_key":"applicationmanagepartners-display-component---NewPartner--partnerDetailInternal-arrow"}]}
RESULT: undefined
COMMAND: POST /session/ad66f158aa4d4ab6ef13355aa7850eca/element - {"using":"xpath","value":"//*[@id=\"application-managepartners-display-component---NewPartner--partnerDetailInternal-arrow\"]"}
RESULT: {"using":"xpath","value":"//*[@id=\"application-managepartners-display-component---NewPartner--partnerDetailInternal-arrow\"]"}
COMMAND: POST /session/ad66f158aa4d4ab6ef13355aa7850eca/element/f.46184FC8CB979803EFB42F6A75FB8695.d.0DE12883C3F573F305A70FA56FEE9996.e.1486/click - {}
RESULT: {}
COMMAND: POST /session/ad66f158aa4d4ab6ef13355aa7850eca/element - {"using":"xpath","value":"//span[contains(text(), \"External partner\")]"}
COMMAND: GET /session/ad66f158aa4d4ab6ef13355aa7850eca/screenshot - {}
RESULT: {"using":"xpath","value":"//span[contains(text(), \"External partner\")]"}
COMMAND: POST /session/ad66f158aa4d4ab6ef13355aa7850eca/element/f.46184FC8CB979803EFB42F6A75FB8695.d.0DE12883C3F573F305A70FA56FEE9996.e.1487/click - {}
RESULT: {}
RESULT: {}
COMMAND: POST /session/ad66f158aa4d4ab6ef13355aa7850eca/execute/async - {"script":"<script> [1562 bytes]","args":[{"selector":{"id":"application-managepartners-display-component---NewPartner--partnerDetailsCurrency-arrow"},"wdio_ui5_key":"applicationmanagepartners-display-component---NewPartner--partnerDetailsCurrency-arrow"}]}
COMMAND: GET /session/ad66f158aa4d4ab6ef13355aa7850eca/screenshot - {}
RESULT: {"script":"<script> [1562 bytes]","args":[{"selector":{"id":"application-managepartners-display-component---NewPartner--partnerDetailsCurrency-arrow"},"wdio_ui5_key":"applicationmanagepartners-display-component---NewPartner--partnerDetailsCurrency-arrow"}]}
RESULT: undefined
COMMAND: POST /session/ad66f158aa4d4ab6ef13355aa7850eca/element - {"using":"xpath","value":"//*[@id=\"application-managepartners-display-component---NewPartner--partnerDetailsCurrency-arrow\"]"}
RESULT: {}
RESULT: {"using":"xpath","value":"//*[@id=\"application-managepartners-display-component---NewPartner--partnerDetailsCurrency-arrow\"]"}
COMMAND: POST /session/ad66f158aa4d4ab6ef13355aa7850eca/element/f.46184FC8CB979803EFB42F6A75FB8695.d.0DE12883C3F573F305A70FA56FEE9996.e.1492/click - {}
RESULT: {}
COMMAND: POST /session/ad66f158aa4d4ab6ef13355aa7850eca/element - {"using":"xpath","value":"//span[contains(text(), \"US Dollar\")]"}
COMMAND: GET /session/ad66f158aa4d4ab6ef13355aa7850eca/screenshot - {}
RESULT: {"using":"xpath","value":"//span[contains(text(), \"US Dollar\")]"}
COMMAND: POST /session/ad66f158aa4d4ab6ef13355aa7850eca/element/f.46184FC8CB979803EFB42F6A75FB8695.d.0DE12883C3F573F305A70FA56FEE9996.e.1493/click - {}
RESULT: {}
RESULT: {}
COMMAND: GET /session/ad66f158aa4d4ab6ef13355aa7850eca/screenshot - {}
RESULT: {}
COMMAND: POST /session/ad66f158aa4d4ab6ef13355aa7850eca/element - {"using":"xpath","value":"//input[@id=\"application-managepartners-display-component---NewPartner--companyCodeComboBox-inner\"]"}
RESULT: {"using":"xpath","value":"//input[@id=\"application-managepartners-display-component---NewPartner--companyCodeComboBox-inner\"]"}
COMMAND: POST /session/ad66f158aa4d4ab6ef13355aa7850eca/element/f.46184FC8CB979803EFB42F6A75FB8695.d.0DE12883C3F573F305A70FA56FEE9996.e.1389/clear - {}
RESULT: {}
COMMAND: POST /session/ad66f158aa4d4ab6ef13355aa7850eca/element/f.46184FC8CB979803EFB42F6A75FB8695.d.0DE12883C3F573F305A70FA56FEE9996.e.1389/value - {"text":"C002"}
COMMAND: GET /session/ad66f158aa4d4ab6ef13355aa7850eca/screenshot - {}
RESULT: {"text":"C002"}
COMMAND: GET /session/ad66f158aa4d4ab6ef13355aa7850eca/screenshot - {}
RESULT: {}
RESULT: {}
COMMAND: POST /session/ad66f158aa4d4ab6ef13355aa7850eca/element - {"using":"xpath","value":"//li[.//span[text()= \"C002\"]]"}
RESULT: {"using":"xpath","value":"//li[.//span[text()= \"C002\"]]"}
COMMAND: POST /session/ad66f158aa4d4ab6ef13355aa7850eca/element/f.46184FC8CB979803EFB42F6A75FB8695.d.0DE12883C3F573F305A70FA56FEE9996.e.1497/click - {}
RESULT: {}
COMMAND: GET /session/ad66f158aa4d4ab6ef13355aa7850eca/screenshot - {}
RESULT: {}
COMMAND: POST /session/ad66f158aa4d4ab6ef13355aa7850eca/execute/async - {"script":"<script> [1562 bytes]","args":[{"selector":{"controlType":"sap.ui.core.Icon","viewName":"etm.portal.ui.managepartners.view.NewPartner","viewId":"application-managepartners-display-component---NewPartner","properties":{"src":{"regex":{"source":"slim\\-arrow\\-down"}}},"ancestor":{"controlType":"sap.m.ComboBox","viewName":"etm.portal.ui.managepartners.view.NewPartner","viewId":"application-managepartners-display-component---NewPartner","bindingPath":{"path":"","propertyPath":"/CATALOG","modelName":"oNewPartnerModel"}}},"wdio_ui5_key":"etmportal.ui.managepartners.view.NewPartnersap.ui.core.Icon{\"src\":{\"regex\":{\"source\":\"slim\\\\-arrow\\\\-down\"}}}{\"controlType\":\"sap.m.ComboBox\",\"viewName\":\"etm.portal.ui.managepartners.view.NewPartner\",\"viewId\":\"application-managepartners-display-component---NewPartner\",\"bindingPath\":{\"path\":\"\",\"propertyPath\":\"/CATALOG\",\"modelName\":\"oNewPartnerModel\"}}"}]}
RESULT: {"script":"<script> [1562 bytes]","args":[{"selector":{"controlType":"sap.ui.core.Icon","viewName":"etm.portal.ui.managepartners.view.NewPartner","viewId":"application-managepartners-display-component---NewPartner","properties":{"src":{"regex":{"source":"slim\\-arrow\\-down"}}},"ancestor":{"controlType":"sap.m.ComboBox","viewName":"etm.portal.ui.managepartners.view.NewPartner","viewId":"application-managepartners-display-component---NewPartner","bindingPath":{"path":"","propertyPath":"/CATALOG","modelName":"oNewPartnerModel"}}},"wdio_ui5_key":"etmportal.ui.managepartners.view.NewPartnersap.ui.core.Icon{\"src\":{\"regex\":{\"source\":\"slim\\\\-arrow\\\\-down\"}}}{\"controlType\":\"sap.m.ComboBox\",\"viewName\":\"etm.portal.ui.managepartners.view.NewPartner\",\"viewId\":\"application-managepartners-display-component---NewPartner\",\"bindingPath\":{\"path\":\"\",\"propertyPath\":\"/CATALOG\",\"modelName\":\"oNewPartnerModel\"}}"}]}
RESULT: undefined
COMMAND: POST /session/ad66f158aa4d4ab6ef13355aa7850eca/element - {"using":"xpath","value":"//*[@id=\"__box22-arrow\"]"}
RESULT: {"using":"xpath","value":"//*[@id=\"__box22-arrow\"]"}
COMMAND: POST /session/ad66f158aa4d4ab6ef13355aa7850eca/element/f.46184FC8CB979803EFB42F6A75FB8695.d.0DE12883C3F573F305A70FA56FEE9996.e.1456/click - {}
RESULT: {}
COMMAND: GET /session/ad66f158aa4d4ab6ef13355aa7850eca/screenshot - {}
RESULT: {}
COMMAND: POST /session/ad66f158aa4d4ab6ef13355aa7850eca/element - {"using":"xpath","value":"//ul[contains(@id,\"popup-list-listUl\")]//li[.//span[text()= \"Webshop Catalog\"]]"}
RESULT: {"using":"xpath","value":"//ul[contains(@id,\"popup-list-listUl\")]//li[.//span[text()= \"Webshop Catalog\"]]"}
COMMAND: POST /session/ad66f158aa4d4ab6ef13355aa7850eca/element/f.46184FC8CB979803EFB42F6A75FB8695.d.0DE12883C3F573F305A70FA56FEE9996.e.1499/click - {}
RESULT: {}
COMMAND: GET /session/ad66f158aa4d4ab6ef13355aa7850eca/screenshot - {}
RESULT: {}
COMMAND: POST /session/ad66f158aa4d4ab6ef13355aa7850eca/execute/async - {"script":"<script> [1562 bytes]","args":[{"selector":{"id":"application-managepartners-display-component---NewPartner--btnAddTableRow-img"},"wdio_ui5_key":"applicationmanagepartners-display-component---NewPartner--btnAddTableRow-img"}]}
RESULT: {"script":"<script> [1562 bytes]","args":[{"selector":{"id":"application-managepartners-display-component---NewPartner--btnAddTableRow-img"},"wdio_ui5_key":"applicationmanagepartners-display-component---NewPartner--btnAddTableRow-img"}]}
RESULT: undefined
COMMAND: POST /session/ad66f158aa4d4ab6ef13355aa7850eca/element - {"using":"xpath","value":"//*[@id=\"application-managepartners-display-component---NewPartner--btnAddTableRow-img\"]"}
RESULT: {"using":"xpath","value":"//*[@id=\"application-managepartners-display-component---NewPartner--btnAddTableRow-img\"]"}
COMMAND: POST /session/ad66f158aa4d4ab6ef13355aa7850eca/element/f.46184FC8CB979803EFB42F6A75FB8695.d.0DE12883C3F573F305A70FA56FEE9996.e.1500/click - {}
RESULT: {}
COMMAND: GET /session/ad66f158aa4d4ab6ef13355aa7850eca/screenshot - {}
RESULT: {}
COMMAND: POST /session/ad66f158aa4d4ab6ef13355aa7850eca/element - {"using":"xpath","value":"//input[@id=\"application-managepartners-display-component---NewPartner--assignmentYard-application-managepartners-display-component---NewPartner--assignmentsTable-0-inner\"]"}
RESULT: {"using":"xpath","value":"//input[@id=\"application-managepartners-display-component---NewPartner--assignmentYard-application-managepartners-display-component---NewPartner--assignmentsTable-0-inner\"]"}
COMMAND: POST /session/ad66f158aa4d4ab6ef13355aa7850eca/element/f.46184FC8CB979803EFB42F6A75FB8695.d.0DE12883C3F573F305A70FA56FEE9996.e.1503/clear - {}
RESULT: {}
COMMAND: POST /session/ad66f158aa4d4ab6ef13355aa7850eca/element/f.46184FC8CB979803EFB42F6A75FB8695.d.0DE12883C3F573F305A70FA56FEE9996.e.1503/value - {"text":"559"}
COMMAND: GET /session/ad66f158aa4d4ab6ef13355aa7850eca/screenshot - {}
RESULT: {"text":"559"}
COMMAND: GET /session/ad66f158aa4d4ab6ef13355aa7850eca/screenshot - {}
RESULT: {}
RESULT: {}
COMMAND: POST /session/ad66f158aa4d4ab6ef13355aa7850eca/element - {"using":"xpath","value":"//li[.//span[text()='559']]"}
RESULT: {"using":"xpath","value":"//li[.//span[text()='559']]"}
COMMAND: POST /session/ad66f158aa4d4ab6ef13355aa7850eca/element/f.46184FC8CB979803EFB42F6A75FB8695.d.0DE12883C3F573F305A70FA56FEE9996.e.1511/click - {}
RESULT: {}
COMMAND: GET /session/ad66f158aa4d4ab6ef13355aa7850eca/screenshot - {}
RESULT: {}
COMMAND: POST /session/ad66f158aa4d4ab6ef13355aa7850eca/actions - {"actions":[{"id":"action2","type":"key","parameters":{},"actions":[{"type":"keyDown","value":""},{"type":"pause","duration":10},{"type":"keyUp","value":""}]}]}
RESULT: {"actions":[{"id":"action2","type":"key","parameters":{},"actions":[{"type":"keyDown","value":""},{"type":"pause","duration":10},{"type":"keyUp","value":""}]}]}
COMMAND: POST /session/ad66f158aa4d4ab6ef13355aa7850eca/element - {"using":"xpath","value":"//td[contains(@id, \"assignmentsTable-0-cell2\")]/div/div"}
COMMAND: GET /session/ad66f158aa4d4ab6ef13355aa7850eca/screenshot - {}
RESULT: {"using":"xpath","value":"//td[contains(@id, \"assignmentsTable-0-cell2\")]/div/div"}
COMMAND: POST /session/ad66f158aa4d4ab6ef13355aa7850eca/element/f.46184FC8CB979803EFB42F6A75FB8695.d.0DE12883C3F573F305A70FA56FEE9996.e.1514/click - {}
RESULT: {}
RESULT: {}
COMMAND: GET /session/ad66f158aa4d4ab6ef13355aa7850eca/screenshot - {}
RESULT: {}
COMMAND: POST /session/ad66f158aa4d4ab6ef13355aa7850eca/element - {"using":"xpath","value":"//button[@data-kt=\"saveButton\"]"}
RESULT: {"using":"xpath","value":"//button[@data-kt=\"saveButton\"]"}
COMMAND: POST /session/ad66f158aa4d4ab6ef13355aa7850eca/element/f.46184FC8CB979803EFB42F6A75FB8695.d.0DE12883C3F573F305A70FA56FEE9996.e.1451/click - {}
RESULT: {}
COMMAND: GET /session/ad66f158aa4d4ab6ef13355aa7850eca/screenshot - {}
RESULT: {}
COMMAND: POST /session/ad66f158aa4d4ab6ef13355aa7850eca/element - {"using":"xpath","value":"//header[contains(@id, 'ObjectPageLayout-headerTitle')]/div[1]/div[2]/div[2]/span[1]"}
RESULT: {"using":"xpath","value":"//header[contains(@id, 'ObjectPageLayout-headerTitle')]/div[1]/div[2]/div[2]/span[1]"}
COMMAND: POST /session/ad66f158aa4d4ab6ef13355aa7850eca/elements - {"using":"xpath","value":"//header[contains(@id, 'ObjectPageLayout-headerTitle')]/div[1]/div[2]/div[2]/span[1]"}
RESULT: {"using":"xpath","value":"//header[contains(@id, 'ObjectPageLayout-headerTitle')]/div[1]/div[2]/div[2]/span[1]"}
COMMAND: POST /session/ad66f158aa4d4ab6ef13355aa7850eca/execute/sync - {"script":"<script> [56 bytes]","args":[{"element-6066-11e4-a52e-4f735466cecf":"f.46184FC8CB979803EFB42F6A75FB8695.d.0DE12883C3F573F305A70FA56FEE9996.e.1677","ELEMENT":"f.46184FC8CB979803EFB42F6A75FB8695.d.0DE12883C3F573F305A70FA56FEE9996.e.1677"}]}
RESULT: {"script":"<script> [56 bytes]","args":[{"element-6066-11e4-a52e-4f735466cecf":"f.46184FC8CB979803EFB42F6A75FB8695.d.0DE12883C3F573F305A70FA56FEE9996.e.1677","ELEMENT":"f.46184FC8CB979803EFB42F6A75FB8695.d.0DE12883C3F573F305A70FA56FEE9996.e.1677"}]}
COMMAND: POST /session/ad66f158aa4d4ab6ef13355aa7850eca/element - {"using":"css selector","value":"#shell-header-logo"}
COMMAND: GET /session/ad66f158aa4d4ab6ef13355aa7850eca/screenshot - {}
RESULT: {"using":"css selector","value":"#shell-header-logo"}
COMMAND: POST /session/ad66f158aa4d4ab6ef13355aa7850eca/element/f.46184FC8CB979803EFB42F6A75FB8695.d.0DE12883C3F573F305A70FA56FEE9996.e.1002/click - {}
RESULT: {}
RESULT: {}
COMMAND: GET /session/ad66f158aa4d4ab6ef13355aa7850eca/screenshot - {}
RESULT: {}
COMMAND: POST /session/ad66f158aa4d4ab6ef13355aa7850eca/execute/sync - {"script":"<script> [299 bytes]","args":[["getModel","getResource"]]}
RESULT: {"script":"<script> [299 bytes]","args":[["getModel","getResource"]]}
COMMAND: GET /session/ad66f158aa4d4ab6ef13355aa7850eca/screenshot - {}
]]></system-out>
    </testcase>
    <testcase classname="chrome.136_0_7103_93.windows.Partner_specific_tests_US150819_US151080_US151654_US151176_US103444_US151078_US151079_US151109_US151174_US151175_US151189" name="Should filter and search partners US151080" time="96.702">
      <system-out><![CDATA[
COMMAND: POST /session/ad66f158aa4d4ab6ef13355aa7850eca/element - {"using":"xpath","value":"//li[.//span[text()=\"Manage Partners\"]]"}
RESULT: {}
RESULT: {"using":"xpath","value":"//li[.//span[text()=\"Manage Partners\"]]"}
COMMAND: POST /session/ad66f158aa4d4ab6ef13355aa7850eca/element - {"using":"xpath","value":"//li[.//span[text()=\"Manage Partners\"]]"}
RESULT: {"using":"xpath","value":"//li[.//span[text()=\"Manage Partners\"]]"}
COMMAND: POST /session/ad66f158aa4d4ab6ef13355aa7850eca/element - {"using":"css selector","value":"#shell-header-logo"}
RESULT: {"using":"css selector","value":"#shell-header-logo"}
COMMAND: POST /session/ad66f158aa4d4ab6ef13355aa7850eca/element/f.46184FC8CB979803EFB42F6A75FB8695.d.0DE12883C3F573F305A70FA56FEE9996.e.1679/click - {}
COMMAND: POST /session/ad66f158aa4d4ab6ef13355aa7850eca/execute/sync - {"script":"<script> [8489 bytes]","args":[{"element-6066-11e4-a52e-4f735466cecf":"f.46184FC8CB979803EFB42F6A75FB8695.d.0DE12883C3F573F305A70FA56FEE9996.e.1679","ELEMENT":"f.46184FC8CB979803EFB42F6A75FB8695.d.0DE12883C3F573F305A70FA56FEE9996.e.1679"}]}
RESULT: {"script":"<script> [8489 bytes]","args":[{"element-6066-11e4-a52e-4f735466cecf":"f.46184FC8CB979803EFB42F6A75FB8695.d.0DE12883C3F573F305A70FA56FEE9996.e.1679","ELEMENT":"f.46184FC8CB979803EFB42F6A75FB8695.d.0DE12883C3F573F305A70FA56FEE9996.e.1679"}]}
COMMAND: POST /session/ad66f158aa4d4ab6ef13355aa7850eca/execute/sync - {"script":"<script> [5351 bytes]","args":[{"element-6066-11e4-a52e-4f735466cecf":"f.46184FC8CB979803EFB42F6A75FB8695.d.0DE12883C3F573F305A70FA56FEE9996.e.1679","ELEMENT":"f.46184FC8CB979803EFB42F6A75FB8695.d.0DE12883C3F573F305A70FA56FEE9996.e.1679"}]}
COMMAND: GET /session/ad66f158aa4d4ab6ef13355aa7850eca/screenshot - {}
RESULT: {}
RESULT: {"script":"<script> [5351 bytes]","args":[{"element-6066-11e4-a52e-4f735466cecf":"f.46184FC8CB979803EFB42F6A75FB8695.d.0DE12883C3F573F305A70FA56FEE9996.e.1679","ELEMENT":"f.46184FC8CB979803EFB42F6A75FB8695.d.0DE12883C3F573F305A70FA56FEE9996.e.1679"}]}
COMMAND: GET /session/ad66f158aa4d4ab6ef13355aa7850eca/screenshot - {}
COMMAND: GET /session/ad66f158aa4d4ab6ef13355aa7850eca/screenshot - {}
RESULT: {}
RESULT: {}
RESULT: {}
RESULT: undefined
COMMAND: POST /session/ad66f158aa4d4ab6ef13355aa7850eca/element - {"using":"xpath","value":"//*[@id=\"__tile38\"]"}
RESULT: {"using":"xpath","value":"//*[@id=\"__tile38\"]"}
COMMAND: POST /session/ad66f158aa4d4ab6ef13355aa7850eca/element/f.46184FC8CB979803EFB42F6A75FB8695.d.0DE12883C3F573F305A70FA56FEE9996.e.147/click - {}
RESULT: {}
COMMAND: GET /session/ad66f158aa4d4ab6ef13355aa7850eca/screenshot - {}
RESULT: {}
COMMAND: POST /session/ad66f158aa4d4ab6ef13355aa7850eca/elements - {"using":"xpath","value":"//span[text()='Error']"}
RESULT: {"using":"xpath","value":"//span[text()='Error']"}
COMMAND: POST /session/ad66f158aa4d4ab6ef13355aa7850eca/element - {"using":"xpath","value":"//button[@data-kt=\"addButton\"]"}
RESULT: {"using":"xpath","value":"//button[@data-kt=\"addButton\"]"}
COMMAND: POST /session/ad66f158aa4d4ab6ef13355aa7850eca/elements - {"using":"xpath","value":"//button[@data-kt=\"addButton\"]"}
RESULT: {"using":"xpath","value":"//button[@data-kt=\"addButton\"]"}
COMMAND: POST /session/ad66f158aa4d4ab6ef13355aa7850eca/elements - {"using":"xpath","value":"//button[@data-kt=\"addButton\"]"}
RESULT: {"using":"xpath","value":"//button[@data-kt=\"addButton\"]"}
COMMAND: POST /session/ad66f158aa4d4ab6ef13355aa7850eca/elements - {"using":"xpath","value":"//button[@data-kt=\"addButton\"]"}
RESULT: {"using":"xpath","value":"//button[@data-kt=\"addButton\"]"}
COMMAND: POST /session/ad66f158aa4d4ab6ef13355aa7850eca/elements - {"using":"xpath","value":"//button[@data-kt=\"addButton\"]"}
RESULT: {"using":"xpath","value":"//button[@data-kt=\"addButton\"]"}
COMMAND: POST /session/ad66f158aa4d4ab6ef13355aa7850eca/elements - {"using":"xpath","value":"//button[@data-kt=\"addButton\"]"}
RESULT: {"using":"xpath","value":"//button[@data-kt=\"addButton\"]"}
COMMAND: POST /session/ad66f158aa4d4ab6ef13355aa7850eca/elements - {"using":"xpath","value":"//button[@data-kt=\"addButton\"]"}
RESULT: {"using":"xpath","value":"//button[@data-kt=\"addButton\"]"}
COMMAND: POST /session/ad66f158aa4d4ab6ef13355aa7850eca/element - {"using":"xpath","value":"//button[@data-kt=\"addButton\"]"}
RESULT: {"using":"xpath","value":"//button[@data-kt=\"addButton\"]"}
COMMAND: POST /session/ad66f158aa4d4ab6ef13355aa7850eca/execute/sync - {"script":"<script> [8489 bytes]","args":[{"element-6066-11e4-a52e-4f735466cecf":"f.46184FC8CB979803EFB42F6A75FB8695.d.0DE12883C3F573F305A70FA56FEE9996.e.1714","ELEMENT":"f.46184FC8CB979803EFB42F6A75FB8695.d.0DE12883C3F573F305A70FA56FEE9996.e.1714"}]}
RESULT: {"script":"<script> [8489 bytes]","args":[{"element-6066-11e4-a52e-4f735466cecf":"f.46184FC8CB979803EFB42F6A75FB8695.d.0DE12883C3F573F305A70FA56FEE9996.e.1714","ELEMENT":"f.46184FC8CB979803EFB42F6A75FB8695.d.0DE12883C3F573F305A70FA56FEE9996.e.1714"}]}
COMMAND: GET /session/ad66f158aa4d4ab6ef13355aa7850eca/element/f.46184FC8CB979803EFB42F6A75FB8695.d.0DE12883C3F573F305A70FA56FEE9996.e.1714/enabled - {}
COMMAND: GET /session/ad66f158aa4d4ab6ef13355aa7850eca/screenshot - {}
RESULT: {}
COMMAND: POST /session/ad66f158aa4d4ab6ef13355aa7850eca/execute/sync - {"script":"<script> [8489 bytes]","args":[{"element-6066-11e4-a52e-4f735466cecf":"f.46184FC8CB979803EFB42F6A75FB8695.d.0DE12883C3F573F305A70FA56FEE9996.e.1714","ELEMENT":"f.46184FC8CB979803EFB42F6A75FB8695.d.0DE12883C3F573F305A70FA56FEE9996.e.1714"}]}
COMMAND: GET /session/ad66f158aa4d4ab6ef13355aa7850eca/screenshot - {}
RESULT: {}
RESULT: {"script":"<script> [8489 bytes]","args":[{"element-6066-11e4-a52e-4f735466cecf":"f.46184FC8CB979803EFB42F6A75FB8695.d.0DE12883C3F573F305A70FA56FEE9996.e.1714","ELEMENT":"f.46184FC8CB979803EFB42F6A75FB8695.d.0DE12883C3F573F305A70FA56FEE9996.e.1714"}]}
COMMAND: POST /session/ad66f158aa4d4ab6ef13355aa7850eca/execute/sync - {"script":"<script> [5351 bytes]","args":[{"element-6066-11e4-a52e-4f735466cecf":"f.46184FC8CB979803EFB42F6A75FB8695.d.0DE12883C3F573F305A70FA56FEE9996.e.1714","ELEMENT":"f.46184FC8CB979803EFB42F6A75FB8695.d.0DE12883C3F573F305A70FA56FEE9996.e.1714"}]}
COMMAND: GET /session/ad66f158aa4d4ab6ef13355aa7850eca/screenshot - {}
RESULT: {}
RESULT: {"script":"<script> [5351 bytes]","args":[{"element-6066-11e4-a52e-4f735466cecf":"f.46184FC8CB979803EFB42F6A75FB8695.d.0DE12883C3F573F305A70FA56FEE9996.e.1714","ELEMENT":"f.46184FC8CB979803EFB42F6A75FB8695.d.0DE12883C3F573F305A70FA56FEE9996.e.1714"}]}
COMMAND: GET /session/ad66f158aa4d4ab6ef13355aa7850eca/screenshot - {}
RESULT: {}
RESULT: {}
COMMAND: POST /session/ad66f158aa4d4ab6ef13355aa7850eca/execute/async - {"script":"<script> [1562 bytes]","args":[{"selector":{"id":"application-managepartners-display-component---masterPtm--smartTable-btnPersonalisation-img"},"wdio_ui5_key":"applicationmanagepartners-display-component---masterPtm--smartTable-btnPersonalisation-img"}]}
RESULT: {"script":"<script> [1562 bytes]","args":[{"selector":{"id":"application-managepartners-display-component---masterPtm--smartTable-btnPersonalisation-img"},"wdio_ui5_key":"applicationmanagepartners-display-component---masterPtm--smartTable-btnPersonalisation-img"}]}
RESULT: undefined
COMMAND: POST /session/ad66f158aa4d4ab6ef13355aa7850eca/element - {"using":"xpath","value":"//*[@id=\"application-managepartners-display-component---masterPtm--smartTable-btnPersonalisation-img\"]"}
RESULT: {"using":"xpath","value":"//*[@id=\"application-managepartners-display-component---masterPtm--smartTable-btnPersonalisation-img\"]"}
COMMAND: POST /session/ad66f158aa4d4ab6ef13355aa7850eca/element/f.46184FC8CB979803EFB42F6A75FB8695.d.0DE12883C3F573F305A70FA56FEE9996.e.1730/click - {}
RESULT: {}
COMMAND: GET /session/ad66f158aa4d4ab6ef13355aa7850eca/screenshot - {}
RESULT: {}
COMMAND: POST /session/ad66f158aa4d4ab6ef13355aa7850eca/execute/async - {"script":"<script> [1562 bytes]","args":[{"selector":{"controlType":"sap.m.IconTabFilter","viewName":"etm.portal.ui.managepartners.view.Master","viewId":"application-managepartners-display-component---masterPtm","properties":{"text":"Sort"},"searchOpenDialogs":true,"interaction":{"idSuffix":"text"}},"wdio_ui5_key":"etmportal.ui.managepartners.view.Mastersap.m.IconTabFilter{\"text\":\"Sort\"}"}]}
RESULT: {"script":"<script> [1562 bytes]","args":[{"selector":{"controlType":"sap.m.IconTabFilter","viewName":"etm.portal.ui.managepartners.view.Master","viewId":"application-managepartners-display-component---masterPtm","properties":{"text":"Sort"},"searchOpenDialogs":true,"interaction":{"idSuffix":"text"}},"wdio_ui5_key":"etmportal.ui.managepartners.view.Mastersap.m.IconTabFilter{\"text\":\"Sort\"}"}]}
RESULT: undefined
COMMAND: POST /session/ad66f158aa4d4ab6ef13355aa7850eca/element - {"using":"xpath","value":"//*[@id=\"__filter1\"]"}
RESULT: {"using":"xpath","value":"//*[@id=\"__filter1\"]"}
COMMAND: POST /session/ad66f158aa4d4ab6ef13355aa7850eca/element/f.46184FC8CB979803EFB42F6A75FB8695.d.0DE12883C3F573F305A70FA56FEE9996.e.1874/click - {}
RESULT: {}
COMMAND: GET /session/ad66f158aa4d4ab6ef13355aa7850eca/screenshot - {}
RESULT: {}
COMMAND: POST /session/ad66f158aa4d4ab6ef13355aa7850eca/element - {"using":"xpath","value":"//input[@placeholder=\"Sort by\"]/following-sibling::div//span"}
RESULT: {"using":"xpath","value":"//input[@placeholder=\"Sort by\"]/following-sibling::div//span"}
COMMAND: POST /session/ad66f158aa4d4ab6ef13355aa7850eca/element/f.46184FC8CB979803EFB42F6A75FB8695.d.0DE12883C3F573F305A70FA56FEE9996.e.1876/click - {}
RESULT: {}
COMMAND: GET /session/ad66f158aa4d4ab6ef13355aa7850eca/screenshot - {}
RESULT: {}
COMMAND: POST /session/ad66f158aa4d4ab6ef13355aa7850eca/element - {"using":"xpath","value":"//li[.//span[text()=\"Language\"]]"}
RESULT: {"using":"xpath","value":"//li[.//span[text()=\"Language\"]]"}
COMMAND: POST /session/ad66f158aa4d4ab6ef13355aa7850eca/element/f.46184FC8CB979803EFB42F6A75FB8695.d.0DE12883C3F573F305A70FA56FEE9996.e.1877/click - {}
RESULT: {}
COMMAND: GET /session/ad66f158aa4d4ab6ef13355aa7850eca/screenshot - {}
RESULT: {}
COMMAND: POST /session/ad66f158aa4d4ab6ef13355aa7850eca/element - {"using":"xpath","value":"//bdi[contains(text(), \"OK\")]"}
RESULT: {"using":"xpath","value":"//bdi[contains(text(), \"OK\")]"}
COMMAND: POST /session/ad66f158aa4d4ab6ef13355aa7850eca/element/f.46184FC8CB979803EFB42F6A75FB8695.d.0DE12883C3F573F305A70FA56FEE9996.e.1881/click - {}
RESULT: {}
COMMAND: GET /session/ad66f158aa4d4ab6ef13355aa7850eca/screenshot - {}
RESULT: {}
COMMAND: POST /session/ad66f158aa4d4ab6ef13355aa7850eca/element - {"using":"xpath","value":"//table[contains(@id, \"customPartnersTable\")]//tbody/tr[1]/td[3]/span"}
RESULT: {"using":"xpath","value":"//table[contains(@id, \"customPartnersTable\")]//tbody/tr[1]/td[3]/span"}
COMMAND: POST /session/ad66f158aa4d4ab6ef13355aa7850eca/execute/sync - {"script":"<script> [56 bytes]","args":[{"element-6066-11e4-a52e-4f735466cecf":"f.46184FC8CB979803EFB42F6A75FB8695.d.0DE12883C3F573F305A70FA56FEE9996.e.1990","ELEMENT":"f.46184FC8CB979803EFB42F6A75FB8695.d.0DE12883C3F573F305A70FA56FEE9996.e.1990"}]}
RESULT: {"script":"<script> [56 bytes]","args":[{"element-6066-11e4-a52e-4f735466cecf":"f.46184FC8CB979803EFB42F6A75FB8695.d.0DE12883C3F573F305A70FA56FEE9996.e.1990","ELEMENT":"f.46184FC8CB979803EFB42F6A75FB8695.d.0DE12883C3F573F305A70FA56FEE9996.e.1990"}]}
RESULT: undefined
COMMAND: POST /session/ad66f158aa4d4ab6ef13355aa7850eca/element - {"using":"xpath","value":"//*[@id=\"application-managepartners-display-component---masterPtm--smartTable-btnPersonalisation-img\"]"}
COMMAND: GET /session/ad66f158aa4d4ab6ef13355aa7850eca/screenshot - {}
RESULT: {"using":"xpath","value":"//*[@id=\"application-managepartners-display-component---masterPtm--smartTable-btnPersonalisation-img\"]"}
COMMAND: POST /session/ad66f158aa4d4ab6ef13355aa7850eca/element/f.46184FC8CB979803EFB42F6A75FB8695.d.0DE12883C3F573F305A70FA56FEE9996.e.1730/click - {}
RESULT: {}
RESULT: {}
COMMAND: GET /session/ad66f158aa4d4ab6ef13355aa7850eca/screenshot - {}
RESULT: {}
COMMAND: POST /session/ad66f158aa4d4ab6ef13355aa7850eca/element - {"using":"xpath","value":"//bdi[contains(text(), \"Reset\")]"}
RESULT: {"using":"xpath","value":"//bdi[contains(text(), \"Reset\")]"}
COMMAND: POST /session/ad66f158aa4d4ab6ef13355aa7850eca/element/f.46184FC8CB979803EFB42F6A75FB8695.d.0DE12883C3F573F305A70FA56FEE9996.e.1995/click - {}
RESULT: {}
COMMAND: GET /session/ad66f158aa4d4ab6ef13355aa7850eca/screenshot - {}
RESULT: {}
COMMAND: POST /session/ad66f158aa4d4ab6ef13355aa7850eca/element - {"using":"xpath","value":"(//bdi[contains(text(), \"OK\")])[2]"}
RESULT: {"using":"xpath","value":"(//bdi[contains(text(), \"OK\")])[2]"}
COMMAND: POST /session/ad66f158aa4d4ab6ef13355aa7850eca/element/f.46184FC8CB979803EFB42F6A75FB8695.d.0DE12883C3F573F305A70FA56FEE9996.e.1997/click - {}
RESULT: {}
COMMAND: GET /session/ad66f158aa4d4ab6ef13355aa7850eca/screenshot - {}
RESULT: {}
COMMAND: POST /session/ad66f158aa4d4ab6ef13355aa7850eca/element - {"using":"xpath","value":"//bdi[contains(text(), \"OK\")]"}
RESULT: {"using":"xpath","value":"//bdi[contains(text(), \"OK\")]"}
COMMAND: POST /session/ad66f158aa4d4ab6ef13355aa7850eca/element/f.46184FC8CB979803EFB42F6A75FB8695.d.0DE12883C3F573F305A70FA56FEE9996.e.2045/click - {}
RESULT: {}
COMMAND: GET /session/ad66f158aa4d4ab6ef13355aa7850eca/screenshot - {}
RESULT: {}
COMMAND: POST /session/ad66f158aa4d4ab6ef13355aa7850eca/element - {"using":"xpath","value":"//table[contains(@id, \"customPartnersTable\")]//tbody/tr[1]/td[3]/span"}
RESULT: {"using":"xpath","value":"//table[contains(@id, \"customPartnersTable\")]//tbody/tr[1]/td[3]/span"}
COMMAND: POST /session/ad66f158aa4d4ab6ef13355aa7850eca/execute/sync - {"script":"<script> [56 bytes]","args":[{"element-6066-11e4-a52e-4f735466cecf":"f.46184FC8CB979803EFB42F6A75FB8695.d.0DE12883C3F573F305A70FA56FEE9996.e.2047","ELEMENT":"f.46184FC8CB979803EFB42F6A75FB8695.d.0DE12883C3F573F305A70FA56FEE9996.e.2047"}]}
RESULT: {"script":"<script> [56 bytes]","args":[{"element-6066-11e4-a52e-4f735466cecf":"f.46184FC8CB979803EFB42F6A75FB8695.d.0DE12883C3F573F305A70FA56FEE9996.e.2047","ELEMENT":"f.46184FC8CB979803EFB42F6A75FB8695.d.0DE12883C3F573F305A70FA56FEE9996.e.2047"}]}
RESULT: undefined
COMMAND: POST /session/ad66f158aa4d4ab6ef13355aa7850eca/element - {"using":"xpath","value":"//*[@id=\"application-managepartners-display-component---masterPtm--smartTable-btnPersonalisation-img\"]"}
RESULT: {"using":"xpath","value":"//*[@id=\"application-managepartners-display-component---masterPtm--smartTable-btnPersonalisation-img\"]"}
COMMAND: POST /session/ad66f158aa4d4ab6ef13355aa7850eca/element/f.46184FC8CB979803EFB42F6A75FB8695.d.0DE12883C3F573F305A70FA56FEE9996.e.1730/click - {}
COMMAND: GET /session/ad66f158aa4d4ab6ef13355aa7850eca/screenshot - {}
RESULT: {}
COMMAND: GET /session/ad66f158aa4d4ab6ef13355aa7850eca/screenshot - {}
RESULT: {}
RESULT: {}
COMMAND: POST /session/ad66f158aa4d4ab6ef13355aa7850eca/execute/async - {"script":"<script> [1562 bytes]","args":[{"selector":{"controlType":"sap.m.IconTabFilter","viewName":"etm.portal.ui.managepartners.view.Master","viewId":"application-managepartners-display-component---masterPtm","properties":{"text":"Filter"},"searchOpenDialogs":true,"interaction":{"idSuffix":"text"}},"wdio_ui5_key":"etmportal.ui.managepartners.view.Mastersap.m.IconTabFilter{\"text\":\"Filter\"}"}]}
RESULT: {"script":"<script> [1562 bytes]","args":[{"selector":{"controlType":"sap.m.IconTabFilter","viewName":"etm.portal.ui.managepartners.view.Master","viewId":"application-managepartners-display-component---masterPtm","properties":{"text":"Filter"},"searchOpenDialogs":true,"interaction":{"idSuffix":"text"}},"wdio_ui5_key":"etmportal.ui.managepartners.view.Mastersap.m.IconTabFilter{\"text\":\"Filter\"}"}]}
RESULT: undefined
COMMAND: POST /session/ad66f158aa4d4ab6ef13355aa7850eca/element - {"using":"xpath","value":"//*[@id=\"__filter10\"]"}
RESULT: {"using":"xpath","value":"//*[@id=\"__filter10\"]"}
COMMAND: POST /session/ad66f158aa4d4ab6ef13355aa7850eca/element/f.46184FC8CB979803EFB42F6A75FB8695.d.0DE12883C3F573F305A70FA56FEE9996.e.2052/click - {}
RESULT: {}
COMMAND: GET /session/ad66f158aa4d4ab6ef13355aa7850eca/screenshot - {}
RESULT: {}
COMMAND: POST /session/ad66f158aa4d4ab6ef13355aa7850eca/element - {"using":"xpath","value":"//input[@placeholder=\"Filter by\"]/following-sibling::div//span"}
RESULT: {"using":"xpath","value":"//input[@placeholder=\"Filter by\"]/following-sibling::div//span"}
COMMAND: POST /session/ad66f158aa4d4ab6ef13355aa7850eca/element/f.46184FC8CB979803EFB42F6A75FB8695.d.0DE12883C3F573F305A70FA56FEE9996.e.2054/click - {}
RESULT: {}
COMMAND: GET /session/ad66f158aa4d4ab6ef13355aa7850eca/screenshot - {}
RESULT: {}
COMMAND: POST /session/ad66f158aa4d4ab6ef13355aa7850eca/element - {"using":"xpath","value":"//li[.//span[text()=\"Preferred Yard\"]]"}
RESULT: {"using":"xpath","value":"//li[.//span[text()=\"Preferred Yard\"]]"}
COMMAND: POST /session/ad66f158aa4d4ab6ef13355aa7850eca/element/f.46184FC8CB979803EFB42F6A75FB8695.d.0DE12883C3F573F305A70FA56FEE9996.e.2055/click - {}
RESULT: {}
COMMAND: GET /session/ad66f158aa4d4ab6ef13355aa7850eca/screenshot - {}
RESULT: {}
COMMAND: POST /session/ad66f158aa4d4ab6ef13355aa7850eca/execute/async - {"script":"<script> [1562 bytes]","args":[{"selector":{"id":"FilterPanel-filterItemControl_BASIC-application-managepartners-display-component---masterPtm--smartTable-YARDYARD-vhi","searchOpenDialogs":true},"wdio_ui5_key":"FilterPanelfilterItemControl_BASIC-application-managepartners-display-component---masterPtm--smartTable-YARDYARD-vhi"}]}
RESULT: {"script":"<script> [1562 bytes]","args":[{"selector":{"id":"FilterPanel-filterItemControl_BASIC-application-managepartners-display-component---masterPtm--smartTable-YARDYARD-vhi","searchOpenDialogs":true},"wdio_ui5_key":"FilterPanelfilterItemControl_BASIC-application-managepartners-display-component---masterPtm--smartTable-YARDYARD-vhi"}]}
RESULT: undefined
COMMAND: POST /session/ad66f158aa4d4ab6ef13355aa7850eca/element - {"using":"xpath","value":"//*[@id=\"FilterPanel-filterItemControl_BASIC-application-managepartners-display-component---masterPtm--smartTable-YARDYARD-vhi\"]"}
RESULT: {"using":"xpath","value":"//*[@id=\"FilterPanel-filterItemControl_BASIC-application-managepartners-display-component---masterPtm--smartTable-YARDYARD-vhi\"]"}
COMMAND: POST /session/ad66f158aa4d4ab6ef13355aa7850eca/element/f.46184FC8CB979803EFB42F6A75FB8695.d.0DE12883C3F573F305A70FA56FEE9996.e.2058/click - {}
RESULT: {}
COMMAND: GET /session/ad66f158aa4d4ab6ef13355aa7850eca/screenshot - {}
RESULT: {}
COMMAND: POST /session/ad66f158aa4d4ab6ef13355aa7850eca/execute/async - {"script":"<script> [1562 bytes]","args":[{"selector":{"id":"FilterPanel-filterItemControl_BASIC-application-managepartners-display-component---masterPtm--smartTable-YARDYARD-valueHelpDialog-smartFilterBar-btnBasicSearch","searchOpenDialogs":true,"interaction":{"idSuffix":"I"}},"wdio_ui5_key":"FilterPanelfilterItemControl_BASIC-application-managepartners-display-component---masterPtm--smartTable-YARDYARD-valueHelpDialog-smartFilterBar-btnBasicSearch"}]}
RESULT: {"script":"<script> [1562 bytes]","args":[{"selector":{"id":"FilterPanel-filterItemControl_BASIC-application-managepartners-display-component---masterPtm--smartTable-YARDYARD-valueHelpDialog-smartFilterBar-btnBasicSearch","searchOpenDialogs":true,"interaction":{"idSuffix":"I"}},"wdio_ui5_key":"FilterPanelfilterItemControl_BASIC-application-managepartners-display-component---masterPtm--smartTable-YARDYARD-valueHelpDialog-smartFilterBar-btnBasicSearch"}]}
RESULT: undefined
COMMAND: POST /session/ad66f158aa4d4ab6ef13355aa7850eca/execute/async - {"script":"<script> [776 bytes]","args":[{"enterText":"559","selector":{"id":"FilterPanel-filterItemControl_BASIC-application-managepartners-display-component---masterPtm--smartTable-YARDYARD-valueHelpDialog-smartFilterBar-btnBasicSearch","searchOpenDialogs":true,"interaction":{"idSuffix":"I"}},"clearTextFirst":true,"interactionType":"ENTER_TEXT"}]}
RESULT: {"script":"<script> [776 bytes]","args":[{"enterText":"559","selector":{"id":"FilterPanel-filterItemControl_BASIC-application-managepartners-display-component---masterPtm--smartTable-YARDYARD-valueHelpDialog-smartFilterBar-btnBasicSearch","searchOpenDialogs":true,"interaction":{"idSuffix":"I"}},"clearTextFirst":true,"interactionType":"ENTER_TEXT"}]}
COMMAND: POST /session/ad66f158aa4d4ab6ef13355aa7850eca/actions - {"actions":[{"id":"action3","type":"key","parameters":{},"actions":[{"type":"keyDown","value":""},{"type":"pause","duration":10},{"type":"keyUp","value":""}]}]}
RESULT: {"actions":[{"id":"action3","type":"key","parameters":{},"actions":[{"type":"keyDown","value":""},{"type":"pause","duration":10},{"type":"keyUp","value":""}]}]}
COMMAND: GET /session/ad66f158aa4d4ab6ef13355aa7850eca/screenshot - {}
RESULT: {}
COMMAND: POST /session/ad66f158aa4d4ab6ef13355aa7850eca/elements - {"using":"xpath","value":"//table[contains(@id, \"smartTable-YARDYARD-valueHelpDialog-table-table\")]/tbody/tr"}
RESULT: {"using":"xpath","value":"//table[contains(@id, \"smartTable-YARDYARD-valueHelpDialog-table-table\")]/tbody/tr"}
COMMAND: POST /session/ad66f158aa4d4ab6ef13355aa7850eca/element - {"using":"xpath","value":"//table[contains(@id, \"smartTable-YARDYARD-valueHelpDialog-table-table\")]/tbody/tr[1]/td[1]/div/span"}
RESULT: {"using":"xpath","value":"//table[contains(@id, \"smartTable-YARDYARD-valueHelpDialog-table-table\")]/tbody/tr[1]/td[1]/div/span"}
COMMAND: POST /session/ad66f158aa4d4ab6ef13355aa7850eca/elements - {"using":"xpath","value":"//table[contains(@id, \"smartTable-YARDYARD-valueHelpDialog-table-table\")]/tbody/tr[1]/td[1]/div/span"}
RESULT: {"using":"xpath","value":"//table[contains(@id, \"smartTable-YARDYARD-valueHelpDialog-table-table\")]/tbody/tr[1]/td[1]/div/span"}
COMMAND: POST /session/ad66f158aa4d4ab6ef13355aa7850eca/execute/sync - {"script":"<script> [56 bytes]","args":[{"element-6066-11e4-a52e-4f735466cecf":"f.46184FC8CB979803EFB42F6A75FB8695.d.0DE12883C3F573F305A70FA56FEE9996.e.2077","ELEMENT":"f.46184FC8CB979803EFB42F6A75FB8695.d.0DE12883C3F573F305A70FA56FEE9996.e.2077"}]}
RESULT: {"script":"<script> [56 bytes]","args":[{"element-6066-11e4-a52e-4f735466cecf":"f.46184FC8CB979803EFB42F6A75FB8695.d.0DE12883C3F573F305A70FA56FEE9996.e.2077","ELEMENT":"f.46184FC8CB979803EFB42F6A75FB8695.d.0DE12883C3F573F305A70FA56FEE9996.e.2077"}]}
COMMAND: POST /session/ad66f158aa4d4ab6ef13355aa7850eca/element - {"using":"xpath","value":"//div[contains(@id, \"YARDYARD-valueHelpDialog-table-rowsel0\")]"}
COMMAND: GET /session/ad66f158aa4d4ab6ef13355aa7850eca/screenshot - {}
RESULT: {"using":"xpath","value":"//div[contains(@id, \"YARDYARD-valueHelpDialog-table-rowsel0\")]"}
COMMAND: POST /session/ad66f158aa4d4ab6ef13355aa7850eca/element/f.46184FC8CB979803EFB42F6A75FB8695.d.0DE12883C3F573F305A70FA56FEE9996.e.2078/click - {}
RESULT: {}
RESULT: {}
COMMAND: GET /session/ad66f158aa4d4ab6ef13355aa7850eca/screenshot - {}
RESULT: {}
COMMAND: POST /session/ad66f158aa4d4ab6ef13355aa7850eca/element - {"using":"xpath","value":"(//bdi[contains(text(), \"OK\")])[2]"}
RESULT: {"using":"xpath","value":"(//bdi[contains(text(), \"OK\")])[2]"}
COMMAND: POST /session/ad66f158aa4d4ab6ef13355aa7850eca/element/f.46184FC8CB979803EFB42F6A75FB8695.d.0DE12883C3F573F305A70FA56FEE9996.e.2080/click - {}
RESULT: {}
COMMAND: GET /session/ad66f158aa4d4ab6ef13355aa7850eca/screenshot - {}
RESULT: {}
COMMAND: POST /session/ad66f158aa4d4ab6ef13355aa7850eca/element - {"using":"xpath","value":"//bdi[contains(text(), \"OK\")]"}
RESULT: {"using":"xpath","value":"//bdi[contains(text(), \"OK\")]"}
COMMAND: POST /session/ad66f158aa4d4ab6ef13355aa7850eca/element/f.46184FC8CB979803EFB42F6A75FB8695.d.0DE12883C3F573F305A70FA56FEE9996.e.2083/click - {}
RESULT: {}
COMMAND: GET /session/ad66f158aa4d4ab6ef13355aa7850eca/screenshot - {}
RESULT: {}
COMMAND: POST /session/ad66f158aa4d4ab6ef13355aa7850eca/element - {"using":"xpath","value":"//table[contains(@id, \"customPartnersTable\")]//tbody/tr[1]/td[3]/span"}
RESULT: {"using":"xpath","value":"//table[contains(@id, \"customPartnersTable\")]//tbody/tr[1]/td[3]/span"}
COMMAND: POST /session/ad66f158aa4d4ab6ef13355aa7850eca/execute/sync - {"script":"<script> [56 bytes]","args":[{"element-6066-11e4-a52e-4f735466cecf":"f.46184FC8CB979803EFB42F6A75FB8695.d.0DE12883C3F573F305A70FA56FEE9996.e.2047","ELEMENT":"f.46184FC8CB979803EFB42F6A75FB8695.d.0DE12883C3F573F305A70FA56FEE9996.e.2047"}]}
RESULT: {"script":"<script> [56 bytes]","args":[{"element-6066-11e4-a52e-4f735466cecf":"f.46184FC8CB979803EFB42F6A75FB8695.d.0DE12883C3F573F305A70FA56FEE9996.e.2047","ELEMENT":"f.46184FC8CB979803EFB42F6A75FB8695.d.0DE12883C3F573F305A70FA56FEE9996.e.2047"}]}
COMMAND: POST /session/ad66f158aa4d4ab6ef13355aa7850eca/element - {"using":"css selector","value":"#shell-header-logo"}
COMMAND: GET /session/ad66f158aa4d4ab6ef13355aa7850eca/screenshot - {}
RESULT: {"using":"css selector","value":"#shell-header-logo"}
COMMAND: POST /session/ad66f158aa4d4ab6ef13355aa7850eca/element/f.46184FC8CB979803EFB42F6A75FB8695.d.0DE12883C3F573F305A70FA56FEE9996.e.1679/click - {}
RESULT: {}
RESULT: {}
COMMAND: GET /session/ad66f158aa4d4ab6ef13355aa7850eca/screenshot - {}
RESULT: {}
]]></system-out>
    </testcase>
    <testcase classname="chrome.136_0_7103_93.windows.Partner_specific_tests_US150819_US151080_US151654_US151176_US103444_US151078_US151079_US151109_US151174_US151175_US151189" name="Should deactivate the created partner in earlier step US151654" time="66.592">
      <system-out><![CDATA[
COMMAND: POST /session/ad66f158aa4d4ab6ef13355aa7850eca/element - {"using":"xpath","value":"//li[.//span[text()=\"Manage Partners\"]]"}
RESULT: {"using":"xpath","value":"//li[.//span[text()=\"Manage Partners\"]]"}
COMMAND: POST /session/ad66f158aa4d4ab6ef13355aa7850eca/element - {"using":"xpath","value":"//li[.//span[text()=\"Manage Partners\"]]"}
RESULT: {"using":"xpath","value":"//li[.//span[text()=\"Manage Partners\"]]"}
COMMAND: POST /session/ad66f158aa4d4ab6ef13355aa7850eca/element - {"using":"css selector","value":"#shell-header-logo"}
RESULT: {"using":"css selector","value":"#shell-header-logo"}
COMMAND: POST /session/ad66f158aa4d4ab6ef13355aa7850eca/element/f.46184FC8CB979803EFB42F6A75FB8695.d.0DE12883C3F573F305A70FA56FEE9996.e.2139/click - {}
COMMAND: POST /session/ad66f158aa4d4ab6ef13355aa7850eca/execute/sync - {"script":"<script> [8489 bytes]","args":[{"element-6066-11e4-a52e-4f735466cecf":"f.46184FC8CB979803EFB42F6A75FB8695.d.0DE12883C3F573F305A70FA56FEE9996.e.2139","ELEMENT":"f.46184FC8CB979803EFB42F6A75FB8695.d.0DE12883C3F573F305A70FA56FEE9996.e.2139"}]}
RESULT: {"script":"<script> [8489 bytes]","args":[{"element-6066-11e4-a52e-4f735466cecf":"f.46184FC8CB979803EFB42F6A75FB8695.d.0DE12883C3F573F305A70FA56FEE9996.e.2139","ELEMENT":"f.46184FC8CB979803EFB42F6A75FB8695.d.0DE12883C3F573F305A70FA56FEE9996.e.2139"}]}
COMMAND: POST /session/ad66f158aa4d4ab6ef13355aa7850eca/execute/sync - {"script":"<script> [5351 bytes]","args":[{"element-6066-11e4-a52e-4f735466cecf":"f.46184FC8CB979803EFB42F6A75FB8695.d.0DE12883C3F573F305A70FA56FEE9996.e.2139","ELEMENT":"f.46184FC8CB979803EFB42F6A75FB8695.d.0DE12883C3F573F305A70FA56FEE9996.e.2139"}]}
COMMAND: GET /session/ad66f158aa4d4ab6ef13355aa7850eca/screenshot - {}
RESULT: {}
COMMAND: GET /session/ad66f158aa4d4ab6ef13355aa7850eca/screenshot - {}
RESULT: {"script":"<script> [5351 bytes]","args":[{"element-6066-11e4-a52e-4f735466cecf":"f.46184FC8CB979803EFB42F6A75FB8695.d.0DE12883C3F573F305A70FA56FEE9996.e.2139","ELEMENT":"f.46184FC8CB979803EFB42F6A75FB8695.d.0DE12883C3F573F305A70FA56FEE9996.e.2139"}]}
COMMAND: GET /session/ad66f158aa4d4ab6ef13355aa7850eca/screenshot - {}
RESULT: {}
RESULT: {}
RESULT: {}
RESULT: undefined
COMMAND: POST /session/ad66f158aa4d4ab6ef13355aa7850eca/element - {"using":"xpath","value":"//*[@id=\"__tile38\"]"}
RESULT: {"using":"xpath","value":"//*[@id=\"__tile38\"]"}
COMMAND: POST /session/ad66f158aa4d4ab6ef13355aa7850eca/element/f.46184FC8CB979803EFB42F6A75FB8695.d.0DE12883C3F573F305A70FA56FEE9996.e.147/click - {}
RESULT: {}
COMMAND: GET /session/ad66f158aa4d4ab6ef13355aa7850eca/screenshot - {}
COMMAND: POST /session/ad66f158aa4d4ab6ef13355aa7850eca/elements - {"using":"xpath","value":"//span[text()='Error']"}
RESULT: {}
RESULT: {"using":"xpath","value":"//span[text()='Error']"}
COMMAND: POST /session/ad66f158aa4d4ab6ef13355aa7850eca/element - {"using":"xpath","value":"//button[@data-kt=\"addButton\"]"}
RESULT: {"using":"xpath","value":"//button[@data-kt=\"addButton\"]"}
COMMAND: POST /session/ad66f158aa4d4ab6ef13355aa7850eca/elements - {"using":"xpath","value":"//button[@data-kt=\"addButton\"]"}
RESULT: {"using":"xpath","value":"//button[@data-kt=\"addButton\"]"}
COMMAND: POST /session/ad66f158aa4d4ab6ef13355aa7850eca/execute/sync - {"script":"<script> [8489 bytes]","args":[{"element-6066-11e4-a52e-4f735466cecf":"f.46184FC8CB979803EFB42F6A75FB8695.d.0DE12883C3F573F305A70FA56FEE9996.e.2284","ELEMENT":"f.46184FC8CB979803EFB42F6A75FB8695.d.0DE12883C3F573F305A70FA56FEE9996.e.2284"}]}
RESULT: {"script":"<script> [8489 bytes]","args":[{"element-6066-11e4-a52e-4f735466cecf":"f.46184FC8CB979803EFB42F6A75FB8695.d.0DE12883C3F573F305A70FA56FEE9996.e.2284","ELEMENT":"f.46184FC8CB979803EFB42F6A75FB8695.d.0DE12883C3F573F305A70FA56FEE9996.e.2284"}]}
COMMAND: GET /session/ad66f158aa4d4ab6ef13355aa7850eca/element/f.46184FC8CB979803EFB42F6A75FB8695.d.0DE12883C3F573F305A70FA56FEE9996.e.2284/enabled - {}
COMMAND: GET /session/ad66f158aa4d4ab6ef13355aa7850eca/screenshot - {}
RESULT: {}
COMMAND: POST /session/ad66f158aa4d4ab6ef13355aa7850eca/execute/sync - {"script":"<script> [8489 bytes]","args":[{"element-6066-11e4-a52e-4f735466cecf":"f.46184FC8CB979803EFB42F6A75FB8695.d.0DE12883C3F573F305A70FA56FEE9996.e.2284","ELEMENT":"f.46184FC8CB979803EFB42F6A75FB8695.d.0DE12883C3F573F305A70FA56FEE9996.e.2284"}]}
COMMAND: GET /session/ad66f158aa4d4ab6ef13355aa7850eca/screenshot - {}
RESULT: {}
RESULT: {"script":"<script> [8489 bytes]","args":[{"element-6066-11e4-a52e-4f735466cecf":"f.46184FC8CB979803EFB42F6A75FB8695.d.0DE12883C3F573F305A70FA56FEE9996.e.2284","ELEMENT":"f.46184FC8CB979803EFB42F6A75FB8695.d.0DE12883C3F573F305A70FA56FEE9996.e.2284"}]}
COMMAND: POST /session/ad66f158aa4d4ab6ef13355aa7850eca/execute/sync - {"script":"<script> [5351 bytes]","args":[{"element-6066-11e4-a52e-4f735466cecf":"f.46184FC8CB979803EFB42F6A75FB8695.d.0DE12883C3F573F305A70FA56FEE9996.e.2284","ELEMENT":"f.46184FC8CB979803EFB42F6A75FB8695.d.0DE12883C3F573F305A70FA56FEE9996.e.2284"}]}
COMMAND: GET /session/ad66f158aa4d4ab6ef13355aa7850eca/screenshot - {}
RESULT: {}
RESULT: {"script":"<script> [5351 bytes]","args":[{"element-6066-11e4-a52e-4f735466cecf":"f.46184FC8CB979803EFB42F6A75FB8695.d.0DE12883C3F573F305A70FA56FEE9996.e.2284","ELEMENT":"f.46184FC8CB979803EFB42F6A75FB8695.d.0DE12883C3F573F305A70FA56FEE9996.e.2284"}]}
COMMAND: GET /session/ad66f158aa4d4ab6ef13355aa7850eca/screenshot - {}
RESULT: {}
RESULT: {}
COMMAND: POST /session/ad66f158aa4d4ab6ef13355aa7850eca/execute/async - {"script":"<script> [1562 bytes]","args":[{"selector":{"id":"application-managepartners-display-component---masterPtm--smartFilterBar-btnBasicSearch","interaction":{"idSuffix":"I"}},"wdio_ui5_key":"applicationmanagepartners-display-component---masterPtm--smartFilterBar-btnBasicSearch"}]}
RESULT: {"script":"<script> [1562 bytes]","args":[{"selector":{"id":"application-managepartners-display-component---masterPtm--smartFilterBar-btnBasicSearch","interaction":{"idSuffix":"I"}},"wdio_ui5_key":"applicationmanagepartners-display-component---masterPtm--smartFilterBar-btnBasicSearch"}]}
RESULT: undefined
COMMAND: POST /session/ad66f158aa4d4ab6ef13355aa7850eca/execute/async - {"script":"<script> [776 bytes]","args":[{"enterText":"1354","selector":{"id":"application-managepartners-display-component---masterPtm--smartFilterBar-btnBasicSearch","interaction":{"idSuffix":"I"}},"clearTextFirst":true,"interactionType":"ENTER_TEXT"}]}
RESULT: {"script":"<script> [776 bytes]","args":[{"enterText":"1354","selector":{"id":"application-managepartners-display-component---masterPtm--smartFilterBar-btnBasicSearch","interaction":{"idSuffix":"I"}},"clearTextFirst":true,"interactionType":"ENTER_TEXT"}]}
COMMAND: POST /session/ad66f158aa4d4ab6ef13355aa7850eca/actions - {"actions":[{"id":"action4","type":"key","parameters":{},"actions":[{"type":"keyDown","value":""},{"type":"pause","duration":10},{"type":"keyUp","value":""}]}]}
RESULT: {"actions":[{"id":"action4","type":"key","parameters":{},"actions":[{"type":"keyDown","value":""},{"type":"pause","duration":10},{"type":"keyUp","value":""}]}]}
COMMAND: GET /session/ad66f158aa4d4ab6ef13355aa7850eca/screenshot - {}
RESULT: {}
COMMAND: POST /session/ad66f158aa4d4ab6ef13355aa7850eca/elements - {"using":"xpath","value":"//table[contains(@id, \"customPartnersTable-listUl\")]/tbody/tr"}
RESULT: {"using":"xpath","value":"//table[contains(@id, \"customPartnersTable-listUl\")]/tbody/tr"}
COMMAND: POST /session/ad66f158aa4d4ab6ef13355aa7850eca/element - {"using":"xpath","value":"//table[contains(@id, \"customPartnersTable-listUl\")]/tbody/tr[1]/td[3]/span"}
RESULT: {"using":"xpath","value":"//table[contains(@id, \"customPartnersTable-listUl\")]/tbody/tr[1]/td[3]/span"}
COMMAND: POST /session/ad66f158aa4d4ab6ef13355aa7850eca/elements - {"using":"xpath","value":"//table[contains(@id, \"customPartnersTable-listUl\")]/tbody/tr[1]/td[3]/span"}
RESULT: {"using":"xpath","value":"//table[contains(@id, \"customPartnersTable-listUl\")]/tbody/tr[1]/td[3]/span"}
COMMAND: POST /session/ad66f158aa4d4ab6ef13355aa7850eca/execute/sync - {"script":"<script> [56 bytes]","args":[{"element-6066-11e4-a52e-4f735466cecf":"f.46184FC8CB979803EFB42F6A75FB8695.d.0DE12883C3F573F305A70FA56FEE9996.e.2320","ELEMENT":"f.46184FC8CB979803EFB42F6A75FB8695.d.0DE12883C3F573F305A70FA56FEE9996.e.2320"}]}
RESULT: {"script":"<script> [56 bytes]","args":[{"element-6066-11e4-a52e-4f735466cecf":"f.46184FC8CB979803EFB42F6A75FB8695.d.0DE12883C3F573F305A70FA56FEE9996.e.2320","ELEMENT":"f.46184FC8CB979803EFB42F6A75FB8695.d.0DE12883C3F573F305A70FA56FEE9996.e.2320"}]}
COMMAND: POST /session/ad66f158aa4d4ab6ef13355aa7850eca/element - {"using":"xpath","value":"//table[contains(@id, \"customPartnersTable-listUl\")]/tbody/tr[1]/td[7]/div/span"}
COMMAND: GET /session/ad66f158aa4d4ab6ef13355aa7850eca/screenshot - {}
RESULT: {"using":"xpath","value":"//table[contains(@id, \"customPartnersTable-listUl\")]/tbody/tr[1]/td[7]/div/span"}
COMMAND: POST /session/ad66f158aa4d4ab6ef13355aa7850eca/execute/sync - {"script":"<script> [56 bytes]","args":[{"element-6066-11e4-a52e-4f735466cecf":"f.46184FC8CB979803EFB42F6A75FB8695.d.0DE12883C3F573F305A70FA56FEE9996.e.2321","ELEMENT":"f.46184FC8CB979803EFB42F6A75FB8695.d.0DE12883C3F573F305A70FA56FEE9996.e.2321"}]}
RESULT: {}
RESULT: {"script":"<script> [56 bytes]","args":[{"element-6066-11e4-a52e-4f735466cecf":"f.46184FC8CB979803EFB42F6A75FB8695.d.0DE12883C3F573F305A70FA56FEE9996.e.2321","ELEMENT":"f.46184FC8CB979803EFB42F6A75FB8695.d.0DE12883C3F573F305A70FA56FEE9996.e.2321"}]}
COMMAND: POST /session/ad66f158aa4d4ab6ef13355aa7850eca/element - {"using":"xpath","value":"//table[contains(@id, \"customPartnersTable-listUl\")]/tbody/tr[1]/td[2]/div/div"}
COMMAND: GET /session/ad66f158aa4d4ab6ef13355aa7850eca/screenshot - {}
RESULT: {"using":"xpath","value":"//table[contains(@id, \"customPartnersTable-listUl\")]/tbody/tr[1]/td[2]/div/div"}
COMMAND: POST /session/ad66f158aa4d4ab6ef13355aa7850eca/element/f.46184FC8CB979803EFB42F6A75FB8695.d.0DE12883C3F573F305A70FA56FEE9996.e.2322/click - {}
RESULT: {}
RESULT: {}
COMMAND: GET /session/ad66f158aa4d4ab6ef13355aa7850eca/screenshot - {}
RESULT: {}
COMMAND: POST /session/ad66f158aa4d4ab6ef13355aa7850eca/element - {"using":"xpath","value":"//bdi[contains(text(), \"Deactivate\")]"}
RESULT: {"using":"xpath","value":"//bdi[contains(text(), \"Deactivate\")]"}
COMMAND: POST /session/ad66f158aa4d4ab6ef13355aa7850eca/element/f.46184FC8CB979803EFB42F6A75FB8695.d.0DE12883C3F573F305A70FA56FEE9996.e.2323/click - {}
RESULT: {}
COMMAND: GET /session/ad66f158aa4d4ab6ef13355aa7850eca/screenshot - {}
RESULT: {}
COMMAND: POST /session/ad66f158aa4d4ab6ef13355aa7850eca/element - {"using":"xpath","value":"//bdi[contains(text(), \"Yes\")]"}
RESULT: {"using":"xpath","value":"//bdi[contains(text(), \"Yes\")]"}
COMMAND: POST /session/ad66f158aa4d4ab6ef13355aa7850eca/element/f.46184FC8CB979803EFB42F6A75FB8695.d.0DE12883C3F573F305A70FA56FEE9996.e.2325/click - {}
RESULT: {}
COMMAND: GET /session/ad66f158aa4d4ab6ef13355aa7850eca/screenshot - {}
RESULT: {}
COMMAND: POST /session/ad66f158aa4d4ab6ef13355aa7850eca/element - {"using":"xpath","value":"//table[contains(@id, \"customPartnersTable-listUl\")]/tbody/tr[1]/td[7]/div/span"}
RESULT: {"using":"xpath","value":"//table[contains(@id, \"customPartnersTable-listUl\")]/tbody/tr[1]/td[7]/div/span"}
COMMAND: POST /session/ad66f158aa4d4ab6ef13355aa7850eca/execute/sync - {"script":"<script> [56 bytes]","args":[{"element-6066-11e4-a52e-4f735466cecf":"f.46184FC8CB979803EFB42F6A75FB8695.d.0DE12883C3F573F305A70FA56FEE9996.e.2321","ELEMENT":"f.46184FC8CB979803EFB42F6A75FB8695.d.0DE12883C3F573F305A70FA56FEE9996.e.2321"}]}
RESULT: {"script":"<script> [56 bytes]","args":[{"element-6066-11e4-a52e-4f735466cecf":"f.46184FC8CB979803EFB42F6A75FB8695.d.0DE12883C3F573F305A70FA56FEE9996.e.2321","ELEMENT":"f.46184FC8CB979803EFB42F6A75FB8695.d.0DE12883C3F573F305A70FA56FEE9996.e.2321"}]}
COMMAND: GET /session/ad66f158aa4d4ab6ef13355aa7850eca/screenshot - {}
RESULT: {}
COMMAND: POST /session/ad66f158aa4d4ab6ef13355aa7850eca/element - {"using":"css selector","value":"#shell-header-logo"}
RESULT: {"using":"css selector","value":"#shell-header-logo"}
COMMAND: POST /session/ad66f158aa4d4ab6ef13355aa7850eca/element/f.46184FC8CB979803EFB42F6A75FB8695.d.0DE12883C3F573F305A70FA56FEE9996.e.2139/click - {}
RESULT: {}
COMMAND: GET /session/ad66f158aa4d4ab6ef13355aa7850eca/screenshot - {}
RESULT: {}
]]></system-out>
    </testcase>
    <testcase classname="chrome.136_0_7103_93.windows.Partner_specific_tests_US150819_US151080_US151654_US151176_US103444_US151078_US151079_US151109_US151174_US151175_US151189" name="Should activate the created partner again US151176" time="58.794">
      <system-out><![CDATA[
COMMAND: POST /session/ad66f158aa4d4ab6ef13355aa7850eca/element - {"using":"xpath","value":"//li[.//span[text()=\"Manage Partners\"]]"}
RESULT: {"using":"xpath","value":"//li[.//span[text()=\"Manage Partners\"]]"}
COMMAND: POST /session/ad66f158aa4d4ab6ef13355aa7850eca/element - {"using":"xpath","value":"//li[.//span[text()=\"Manage Partners\"]]"}
RESULT: {"using":"xpath","value":"//li[.//span[text()=\"Manage Partners\"]]"}
COMMAND: POST /session/ad66f158aa4d4ab6ef13355aa7850eca/element - {"using":"css selector","value":"#shell-header-logo"}
RESULT: {"using":"css selector","value":"#shell-header-logo"}
COMMAND: POST /session/ad66f158aa4d4ab6ef13355aa7850eca/element/f.46184FC8CB979803EFB42F6A75FB8695.d.0DE12883C3F573F305A70FA56FEE9996.e.2329/click - {}
COMMAND: POST /session/ad66f158aa4d4ab6ef13355aa7850eca/execute/sync - {"script":"<script> [8489 bytes]","args":[{"element-6066-11e4-a52e-4f735466cecf":"f.46184FC8CB979803EFB42F6A75FB8695.d.0DE12883C3F573F305A70FA56FEE9996.e.2329","ELEMENT":"f.46184FC8CB979803EFB42F6A75FB8695.d.0DE12883C3F573F305A70FA56FEE9996.e.2329"}]}
RESULT: {}
COMMAND: GET /session/ad66f158aa4d4ab6ef13355aa7850eca/screenshot - {}
RESULT: {"script":"<script> [8489 bytes]","args":[{"element-6066-11e4-a52e-4f735466cecf":"f.46184FC8CB979803EFB42F6A75FB8695.d.0DE12883C3F573F305A70FA56FEE9996.e.2329","ELEMENT":"f.46184FC8CB979803EFB42F6A75FB8695.d.0DE12883C3F573F305A70FA56FEE9996.e.2329"}]}
COMMAND: POST /session/ad66f158aa4d4ab6ef13355aa7850eca/execute/sync - {"script":"<script> [5351 bytes]","args":[{"element-6066-11e4-a52e-4f735466cecf":"f.46184FC8CB979803EFB42F6A75FB8695.d.0DE12883C3F573F305A70FA56FEE9996.e.2329","ELEMENT":"f.46184FC8CB979803EFB42F6A75FB8695.d.0DE12883C3F573F305A70FA56FEE9996.e.2329"}]}
COMMAND: GET /session/ad66f158aa4d4ab6ef13355aa7850eca/screenshot - {}
RESULT: {}
RESULT: {"script":"<script> [5351 bytes]","args":[{"element-6066-11e4-a52e-4f735466cecf":"f.46184FC8CB979803EFB42F6A75FB8695.d.0DE12883C3F573F305A70FA56FEE9996.e.2329","ELEMENT":"f.46184FC8CB979803EFB42F6A75FB8695.d.0DE12883C3F573F305A70FA56FEE9996.e.2329"}]}
COMMAND: GET /session/ad66f158aa4d4ab6ef13355aa7850eca/screenshot - {}
RESULT: {}
RESULT: {}
RESULT: undefined
COMMAND: POST /session/ad66f158aa4d4ab6ef13355aa7850eca/element - {"using":"xpath","value":"//*[@id=\"__tile38\"]"}
RESULT: {"using":"xpath","value":"//*[@id=\"__tile38\"]"}
COMMAND: POST /session/ad66f158aa4d4ab6ef13355aa7850eca/element/f.46184FC8CB979803EFB42F6A75FB8695.d.0DE12883C3F573F305A70FA56FEE9996.e.147/click - {}
RESULT: {}
COMMAND: GET /session/ad66f158aa4d4ab6ef13355aa7850eca/screenshot - {}
RESULT: {}
COMMAND: POST /session/ad66f158aa4d4ab6ef13355aa7850eca/elements - {"using":"xpath","value":"//span[text()='Error']"}
RESULT: {"using":"xpath","value":"//span[text()='Error']"}
COMMAND: POST /session/ad66f158aa4d4ab6ef13355aa7850eca/element - {"using":"xpath","value":"//button[@data-kt=\"addButton\"]"}
RESULT: {"using":"xpath","value":"//button[@data-kt=\"addButton\"]"}
COMMAND: POST /session/ad66f158aa4d4ab6ef13355aa7850eca/elements - {"using":"xpath","value":"//button[@data-kt=\"addButton\"]"}
RESULT: {"using":"xpath","value":"//button[@data-kt=\"addButton\"]"}
COMMAND: POST /session/ad66f158aa4d4ab6ef13355aa7850eca/execute/sync - {"script":"<script> [8489 bytes]","args":[{"element-6066-11e4-a52e-4f735466cecf":"f.46184FC8CB979803EFB42F6A75FB8695.d.0DE12883C3F573F305A70FA56FEE9996.e.2375","ELEMENT":"f.46184FC8CB979803EFB42F6A75FB8695.d.0DE12883C3F573F305A70FA56FEE9996.e.2375"}]}
RESULT: {"script":"<script> [8489 bytes]","args":[{"element-6066-11e4-a52e-4f735466cecf":"f.46184FC8CB979803EFB42F6A75FB8695.d.0DE12883C3F573F305A70FA56FEE9996.e.2375","ELEMENT":"f.46184FC8CB979803EFB42F6A75FB8695.d.0DE12883C3F573F305A70FA56FEE9996.e.2375"}]}
COMMAND: GET /session/ad66f158aa4d4ab6ef13355aa7850eca/element/f.46184FC8CB979803EFB42F6A75FB8695.d.0DE12883C3F573F305A70FA56FEE9996.e.2375/enabled - {}
COMMAND: GET /session/ad66f158aa4d4ab6ef13355aa7850eca/screenshot - {}
RESULT: {}
COMMAND: POST /session/ad66f158aa4d4ab6ef13355aa7850eca/execute/sync - {"script":"<script> [8489 bytes]","args":[{"element-6066-11e4-a52e-4f735466cecf":"f.46184FC8CB979803EFB42F6A75FB8695.d.0DE12883C3F573F305A70FA56FEE9996.e.2375","ELEMENT":"f.46184FC8CB979803EFB42F6A75FB8695.d.0DE12883C3F573F305A70FA56FEE9996.e.2375"}]}
COMMAND: GET /session/ad66f158aa4d4ab6ef13355aa7850eca/screenshot - {}
RESULT: {}
RESULT: {"script":"<script> [8489 bytes]","args":[{"element-6066-11e4-a52e-4f735466cecf":"f.46184FC8CB979803EFB42F6A75FB8695.d.0DE12883C3F573F305A70FA56FEE9996.e.2375","ELEMENT":"f.46184FC8CB979803EFB42F6A75FB8695.d.0DE12883C3F573F305A70FA56FEE9996.e.2375"}]}
COMMAND: POST /session/ad66f158aa4d4ab6ef13355aa7850eca/execute/sync - {"script":"<script> [5351 bytes]","args":[{"element-6066-11e4-a52e-4f735466cecf":"f.46184FC8CB979803EFB42F6A75FB8695.d.0DE12883C3F573F305A70FA56FEE9996.e.2375","ELEMENT":"f.46184FC8CB979803EFB42F6A75FB8695.d.0DE12883C3F573F305A70FA56FEE9996.e.2375"}]}
COMMAND: GET /session/ad66f158aa4d4ab6ef13355aa7850eca/screenshot - {}
RESULT: {}
RESULT: {"script":"<script> [5351 bytes]","args":[{"element-6066-11e4-a52e-4f735466cecf":"f.46184FC8CB979803EFB42F6A75FB8695.d.0DE12883C3F573F305A70FA56FEE9996.e.2375","ELEMENT":"f.46184FC8CB979803EFB42F6A75FB8695.d.0DE12883C3F573F305A70FA56FEE9996.e.2375"}]}
COMMAND: GET /session/ad66f158aa4d4ab6ef13355aa7850eca/screenshot - {}
RESULT: {}
RESULT: {}
RESULT: undefined
COMMAND: POST /session/ad66f158aa4d4ab6ef13355aa7850eca/execute/async - {"script":"<script> [776 bytes]","args":[{"enterText":"1354","selector":{"id":"application-managepartners-display-component---masterPtm--smartFilterBar-btnBasicSearch","interaction":{"idSuffix":"I"}},"clearTextFirst":true,"interactionType":"ENTER_TEXT"}]}
RESULT: {"script":"<script> [776 bytes]","args":[{"enterText":"1354","selector":{"id":"application-managepartners-display-component---masterPtm--smartFilterBar-btnBasicSearch","interaction":{"idSuffix":"I"}},"clearTextFirst":true,"interactionType":"ENTER_TEXT"}]}
COMMAND: POST /session/ad66f158aa4d4ab6ef13355aa7850eca/actions - {"actions":[{"id":"action5","type":"key","parameters":{},"actions":[{"type":"keyDown","value":""},{"type":"pause","duration":10},{"type":"keyUp","value":""}]}]}
RESULT: {"actions":[{"id":"action5","type":"key","parameters":{},"actions":[{"type":"keyDown","value":""},{"type":"pause","duration":10},{"type":"keyUp","value":""}]}]}
COMMAND: GET /session/ad66f158aa4d4ab6ef13355aa7850eca/screenshot - {}
RESULT: {}
COMMAND: POST /session/ad66f158aa4d4ab6ef13355aa7850eca/elements - {"using":"xpath","value":"//table[contains(@id, \"customPartnersTable-listUl\")]/tbody/tr"}
RESULT: {"using":"xpath","value":"//table[contains(@id, \"customPartnersTable-listUl\")]/tbody/tr"}
COMMAND: POST /session/ad66f158aa4d4ab6ef13355aa7850eca/element - {"using":"xpath","value":"//table[contains(@id, \"customPartnersTable-listUl\")]/tbody/tr[1]/td[3]/span"}
RESULT: {"using":"xpath","value":"//table[contains(@id, \"customPartnersTable-listUl\")]/tbody/tr[1]/td[3]/span"}
COMMAND: POST /session/ad66f158aa4d4ab6ef13355aa7850eca/elements - {"using":"xpath","value":"//table[contains(@id, \"customPartnersTable-listUl\")]/tbody/tr[1]/td[3]/span"}
RESULT: {"using":"xpath","value":"//table[contains(@id, \"customPartnersTable-listUl\")]/tbody/tr[1]/td[3]/span"}
COMMAND: POST /session/ad66f158aa4d4ab6ef13355aa7850eca/execute/sync - {"script":"<script> [56 bytes]","args":[{"element-6066-11e4-a52e-4f735466cecf":"f.46184FC8CB979803EFB42F6A75FB8695.d.0DE12883C3F573F305A70FA56FEE9996.e.2509","ELEMENT":"f.46184FC8CB979803EFB42F6A75FB8695.d.0DE12883C3F573F305A70FA56FEE9996.e.2509"}]}
RESULT: {"script":"<script> [56 bytes]","args":[{"element-6066-11e4-a52e-4f735466cecf":"f.46184FC8CB979803EFB42F6A75FB8695.d.0DE12883C3F573F305A70FA56FEE9996.e.2509","ELEMENT":"f.46184FC8CB979803EFB42F6A75FB8695.d.0DE12883C3F573F305A70FA56FEE9996.e.2509"}]}
COMMAND: POST /session/ad66f158aa4d4ab6ef13355aa7850eca/element - {"using":"xpath","value":"//table[contains(@id, \"customPartnersTable-listUl\")]/tbody/tr[1]/td[7]/div/span"}
COMMAND: GET /session/ad66f158aa4d4ab6ef13355aa7850eca/screenshot - {}
RESULT: {"using":"xpath","value":"//table[contains(@id, \"customPartnersTable-listUl\")]/tbody/tr[1]/td[7]/div/span"}
COMMAND: POST /session/ad66f158aa4d4ab6ef13355aa7850eca/execute/sync - {"script":"<script> [56 bytes]","args":[{"element-6066-11e4-a52e-4f735466cecf":"f.46184FC8CB979803EFB42F6A75FB8695.d.0DE12883C3F573F305A70FA56FEE9996.e.2510","ELEMENT":"f.46184FC8CB979803EFB42F6A75FB8695.d.0DE12883C3F573F305A70FA56FEE9996.e.2510"}]}
RESULT: {}
RESULT: {"script":"<script> [56 bytes]","args":[{"element-6066-11e4-a52e-4f735466cecf":"f.46184FC8CB979803EFB42F6A75FB8695.d.0DE12883C3F573F305A70FA56FEE9996.e.2510","ELEMENT":"f.46184FC8CB979803EFB42F6A75FB8695.d.0DE12883C3F573F305A70FA56FEE9996.e.2510"}]}
COMMAND: POST /session/ad66f158aa4d4ab6ef13355aa7850eca/element - {"using":"xpath","value":"//table[contains(@id, \"customPartnersTable-listUl\")]/tbody/tr[1]/td[2]/div/div"}
COMMAND: GET /session/ad66f158aa4d4ab6ef13355aa7850eca/screenshot - {}
RESULT: {"using":"xpath","value":"//table[contains(@id, \"customPartnersTable-listUl\")]/tbody/tr[1]/td[2]/div/div"}
COMMAND: POST /session/ad66f158aa4d4ab6ef13355aa7850eca/element/f.46184FC8CB979803EFB42F6A75FB8695.d.0DE12883C3F573F305A70FA56FEE9996.e.2511/click - {}
RESULT: {}
RESULT: {}
COMMAND: GET /session/ad66f158aa4d4ab6ef13355aa7850eca/screenshot - {}
RESULT: {}
COMMAND: POST /session/ad66f158aa4d4ab6ef13355aa7850eca/element - {"using":"xpath","value":"//bdi[contains(text(), \"Activate\")]"}
RESULT: {"using":"xpath","value":"//bdi[contains(text(), \"Activate\")]"}
COMMAND: POST /session/ad66f158aa4d4ab6ef13355aa7850eca/element/f.46184FC8CB979803EFB42F6A75FB8695.d.0DE12883C3F573F305A70FA56FEE9996.e.2512/click - {}
RESULT: {}
COMMAND: GET /session/ad66f158aa4d4ab6ef13355aa7850eca/screenshot - {}
RESULT: {}
COMMAND: POST /session/ad66f158aa4d4ab6ef13355aa7850eca/element - {"using":"xpath","value":"//bdi[contains(text(), \"Yes\")]"}
RESULT: {"using":"xpath","value":"//bdi[contains(text(), \"Yes\")]"}
COMMAND: POST /session/ad66f158aa4d4ab6ef13355aa7850eca/element/f.46184FC8CB979803EFB42F6A75FB8695.d.0DE12883C3F573F305A70FA56FEE9996.e.2514/click - {}
RESULT: {}
COMMAND: GET /session/ad66f158aa4d4ab6ef13355aa7850eca/screenshot - {}
RESULT: {}
COMMAND: POST /session/ad66f158aa4d4ab6ef13355aa7850eca/element - {"using":"xpath","value":"//table[contains(@id, \"customPartnersTable-listUl\")]/tbody/tr[1]/td[7]/div/span"}
RESULT: {"using":"xpath","value":"//table[contains(@id, \"customPartnersTable-listUl\")]/tbody/tr[1]/td[7]/div/span"}
COMMAND: POST /session/ad66f158aa4d4ab6ef13355aa7850eca/execute/sync - {"script":"<script> [56 bytes]","args":[{"element-6066-11e4-a52e-4f735466cecf":"f.46184FC8CB979803EFB42F6A75FB8695.d.0DE12883C3F573F305A70FA56FEE9996.e.2510","ELEMENT":"f.46184FC8CB979803EFB42F6A75FB8695.d.0DE12883C3F573F305A70FA56FEE9996.e.2510"}]}
RESULT: {"script":"<script> [56 bytes]","args":[{"element-6066-11e4-a52e-4f735466cecf":"f.46184FC8CB979803EFB42F6A75FB8695.d.0DE12883C3F573F305A70FA56FEE9996.e.2510","ELEMENT":"f.46184FC8CB979803EFB42F6A75FB8695.d.0DE12883C3F573F305A70FA56FEE9996.e.2510"}]}
COMMAND: GET /session/ad66f158aa4d4ab6ef13355aa7850eca/screenshot - {}
RESULT: {}
COMMAND: POST /session/ad66f158aa4d4ab6ef13355aa7850eca/element - {"using":"css selector","value":"#shell-header-logo"}
RESULT: {"using":"css selector","value":"#shell-header-logo"}
COMMAND: POST /session/ad66f158aa4d4ab6ef13355aa7850eca/element/f.46184FC8CB979803EFB42F6A75FB8695.d.0DE12883C3F573F305A70FA56FEE9996.e.2329/click - {}
RESULT: {}
COMMAND: GET /session/ad66f158aa4d4ab6ef13355aa7850eca/screenshot - {}
RESULT: {}
]]></system-out>
    </testcase>
    <testcase classname="chrome.136_0_7103_93.windows.Partner_specific_tests_US150819_US151080_US151654_US151176_US103444_US151078_US151079_US151109_US151174_US151175_US151189" name="Should edit the created external partner and save it and check its content US103444" time="74.856">
      <system-out><![CDATA[
COMMAND: POST /session/ad66f158aa4d4ab6ef13355aa7850eca/element - {"using":"xpath","value":"//li[.//span[text()=\"Manage Partners\"]]"}
RESULT: {"using":"xpath","value":"//li[.//span[text()=\"Manage Partners\"]]"}
COMMAND: POST /session/ad66f158aa4d4ab6ef13355aa7850eca/element - {"using":"xpath","value":"//li[.//span[text()=\"Manage Partners\"]]"}
RESULT: {"using":"xpath","value":"//li[.//span[text()=\"Manage Partners\"]]"}
COMMAND: POST /session/ad66f158aa4d4ab6ef13355aa7850eca/element - {"using":"css selector","value":"#shell-header-logo"}
RESULT: {"using":"css selector","value":"#shell-header-logo"}
COMMAND: POST /session/ad66f158aa4d4ab6ef13355aa7850eca/element/f.46184FC8CB979803EFB42F6A75FB8695.d.0DE12883C3F573F305A70FA56FEE9996.e.2518/click - {}
COMMAND: POST /session/ad66f158aa4d4ab6ef13355aa7850eca/execute/sync - {"script":"<script> [8489 bytes]","args":[{"element-6066-11e4-a52e-4f735466cecf":"f.46184FC8CB979803EFB42F6A75FB8695.d.0DE12883C3F573F305A70FA56FEE9996.e.2518","ELEMENT":"f.46184FC8CB979803EFB42F6A75FB8695.d.0DE12883C3F573F305A70FA56FEE9996.e.2518"}]}
RESULT: {"script":"<script> [8489 bytes]","args":[{"element-6066-11e4-a52e-4f735466cecf":"f.46184FC8CB979803EFB42F6A75FB8695.d.0DE12883C3F573F305A70FA56FEE9996.e.2518","ELEMENT":"f.46184FC8CB979803EFB42F6A75FB8695.d.0DE12883C3F573F305A70FA56FEE9996.e.2518"}]}
COMMAND: POST /session/ad66f158aa4d4ab6ef13355aa7850eca/execute/sync - {"script":"<script> [5351 bytes]","args":[{"element-6066-11e4-a52e-4f735466cecf":"f.46184FC8CB979803EFB42F6A75FB8695.d.0DE12883C3F573F305A70FA56FEE9996.e.2518","ELEMENT":"f.46184FC8CB979803EFB42F6A75FB8695.d.0DE12883C3F573F305A70FA56FEE9996.e.2518"}]}
COMMAND: GET /session/ad66f158aa4d4ab6ef13355aa7850eca/screenshot - {}
RESULT: {}
COMMAND: GET /session/ad66f158aa4d4ab6ef13355aa7850eca/screenshot - {}
RESULT: {"script":"<script> [5351 bytes]","args":[{"element-6066-11e4-a52e-4f735466cecf":"f.46184FC8CB979803EFB42F6A75FB8695.d.0DE12883C3F573F305A70FA56FEE9996.e.2518","ELEMENT":"f.46184FC8CB979803EFB42F6A75FB8695.d.0DE12883C3F573F305A70FA56FEE9996.e.2518"}]}
COMMAND: GET /session/ad66f158aa4d4ab6ef13355aa7850eca/screenshot - {}
RESULT: {}
RESULT: {}
RESULT: {}
RESULT: undefined
COMMAND: POST /session/ad66f158aa4d4ab6ef13355aa7850eca/element - {"using":"xpath","value":"//*[@id=\"__tile38\"]"}
RESULT: {"using":"xpath","value":"//*[@id=\"__tile38\"]"}
COMMAND: POST /session/ad66f158aa4d4ab6ef13355aa7850eca/element/f.46184FC8CB979803EFB42F6A75FB8695.d.0DE12883C3F573F305A70FA56FEE9996.e.147/click - {}
RESULT: {}
COMMAND: GET /session/ad66f158aa4d4ab6ef13355aa7850eca/screenshot - {}
RESULT: {}
COMMAND: POST /session/ad66f158aa4d4ab6ef13355aa7850eca/elements - {"using":"xpath","value":"//span[text()='Error']"}
RESULT: {"using":"xpath","value":"//span[text()='Error']"}
COMMAND: POST /session/ad66f158aa4d4ab6ef13355aa7850eca/element - {"using":"xpath","value":"//button[@data-kt=\"addButton\"]"}
RESULT: {"using":"xpath","value":"//button[@data-kt=\"addButton\"]"}
COMMAND: POST /session/ad66f158aa4d4ab6ef13355aa7850eca/elements - {"using":"xpath","value":"//button[@data-kt=\"addButton\"]"}
RESULT: {"using":"xpath","value":"//button[@data-kt=\"addButton\"]"}
COMMAND: POST /session/ad66f158aa4d4ab6ef13355aa7850eca/execute/sync - {"script":"<script> [8489 bytes]","args":[{"element-6066-11e4-a52e-4f735466cecf":"f.46184FC8CB979803EFB42F6A75FB8695.d.0DE12883C3F573F305A70FA56FEE9996.e.2563","ELEMENT":"f.46184FC8CB979803EFB42F6A75FB8695.d.0DE12883C3F573F305A70FA56FEE9996.e.2563"}]}
RESULT: {"script":"<script> [8489 bytes]","args":[{"element-6066-11e4-a52e-4f735466cecf":"f.46184FC8CB979803EFB42F6A75FB8695.d.0DE12883C3F573F305A70FA56FEE9996.e.2563","ELEMENT":"f.46184FC8CB979803EFB42F6A75FB8695.d.0DE12883C3F573F305A70FA56FEE9996.e.2563"}]}
COMMAND: GET /session/ad66f158aa4d4ab6ef13355aa7850eca/element/f.46184FC8CB979803EFB42F6A75FB8695.d.0DE12883C3F573F305A70FA56FEE9996.e.2563/enabled - {}
COMMAND: GET /session/ad66f158aa4d4ab6ef13355aa7850eca/screenshot - {}
RESULT: {}
COMMAND: POST /session/ad66f158aa4d4ab6ef13355aa7850eca/execute/sync - {"script":"<script> [8489 bytes]","args":[{"element-6066-11e4-a52e-4f735466cecf":"f.46184FC8CB979803EFB42F6A75FB8695.d.0DE12883C3F573F305A70FA56FEE9996.e.2563","ELEMENT":"f.46184FC8CB979803EFB42F6A75FB8695.d.0DE12883C3F573F305A70FA56FEE9996.e.2563"}]}
COMMAND: GET /session/ad66f158aa4d4ab6ef13355aa7850eca/screenshot - {}
RESULT: {}
RESULT: {"script":"<script> [8489 bytes]","args":[{"element-6066-11e4-a52e-4f735466cecf":"f.46184FC8CB979803EFB42F6A75FB8695.d.0DE12883C3F573F305A70FA56FEE9996.e.2563","ELEMENT":"f.46184FC8CB979803EFB42F6A75FB8695.d.0DE12883C3F573F305A70FA56FEE9996.e.2563"}]}
COMMAND: POST /session/ad66f158aa4d4ab6ef13355aa7850eca/execute/sync - {"script":"<script> [5351 bytes]","args":[{"element-6066-11e4-a52e-4f735466cecf":"f.46184FC8CB979803EFB42F6A75FB8695.d.0DE12883C3F573F305A70FA56FEE9996.e.2563","ELEMENT":"f.46184FC8CB979803EFB42F6A75FB8695.d.0DE12883C3F573F305A70FA56FEE9996.e.2563"}]}
COMMAND: GET /session/ad66f158aa4d4ab6ef13355aa7850eca/screenshot - {}
RESULT: {}
RESULT: {"script":"<script> [5351 bytes]","args":[{"element-6066-11e4-a52e-4f735466cecf":"f.46184FC8CB979803EFB42F6A75FB8695.d.0DE12883C3F573F305A70FA56FEE9996.e.2563","ELEMENT":"f.46184FC8CB979803EFB42F6A75FB8695.d.0DE12883C3F573F305A70FA56FEE9996.e.2563"}]}
COMMAND: GET /session/ad66f158aa4d4ab6ef13355aa7850eca/screenshot - {}
RESULT: {}
RESULT: {}
RESULT: undefined
COMMAND: POST /session/ad66f158aa4d4ab6ef13355aa7850eca/execute/async - {"script":"<script> [776 bytes]","args":[{"enterText":"1354","selector":{"id":"application-managepartners-display-component---masterPtm--smartFilterBar-btnBasicSearch","interaction":{"idSuffix":"I"}},"clearTextFirst":true,"interactionType":"ENTER_TEXT"}]}
RESULT: {"script":"<script> [776 bytes]","args":[{"enterText":"1354","selector":{"id":"application-managepartners-display-component---masterPtm--smartFilterBar-btnBasicSearch","interaction":{"idSuffix":"I"}},"clearTextFirst":true,"interactionType":"ENTER_TEXT"}]}
COMMAND: POST /session/ad66f158aa4d4ab6ef13355aa7850eca/actions - {"actions":[{"id":"action6","type":"key","parameters":{},"actions":[{"type":"keyDown","value":""},{"type":"pause","duration":10},{"type":"keyUp","value":""}]}]}
RESULT: {"actions":[{"id":"action6","type":"key","parameters":{},"actions":[{"type":"keyDown","value":""},{"type":"pause","duration":10},{"type":"keyUp","value":""}]}]}
COMMAND: GET /session/ad66f158aa4d4ab6ef13355aa7850eca/screenshot - {}
RESULT: {}
COMMAND: POST /session/ad66f158aa4d4ab6ef13355aa7850eca/elements - {"using":"xpath","value":"//table[contains(@id, \"customPartnersTable-listUl\")]/tbody/tr"}
RESULT: {"using":"xpath","value":"//table[contains(@id, \"customPartnersTable-listUl\")]/tbody/tr"}
COMMAND: POST /session/ad66f158aa4d4ab6ef13355aa7850eca/element - {"using":"xpath","value":"//table[contains(@id, \"customPartnersTable-listUl\")]/tbody/tr[1]/td[3]/span"}
RESULT: {"using":"xpath","value":"//table[contains(@id, \"customPartnersTable-listUl\")]/tbody/tr[1]/td[3]/span"}
COMMAND: POST /session/ad66f158aa4d4ab6ef13355aa7850eca/elements - {"using":"xpath","value":"//table[contains(@id, \"customPartnersTable-listUl\")]/tbody/tr[1]/td[3]/span"}
RESULT: {"using":"xpath","value":"//table[contains(@id, \"customPartnersTable-listUl\")]/tbody/tr[1]/td[3]/span"}
COMMAND: POST /session/ad66f158aa4d4ab6ef13355aa7850eca/execute/sync - {"script":"<script> [56 bytes]","args":[{"element-6066-11e4-a52e-4f735466cecf":"f.46184FC8CB979803EFB42F6A75FB8695.d.0DE12883C3F573F305A70FA56FEE9996.e.2699","ELEMENT":"f.46184FC8CB979803EFB42F6A75FB8695.d.0DE12883C3F573F305A70FA56FEE9996.e.2699"}]}
RESULT: {"script":"<script> [56 bytes]","args":[{"element-6066-11e4-a52e-4f735466cecf":"f.46184FC8CB979803EFB42F6A75FB8695.d.0DE12883C3F573F305A70FA56FEE9996.e.2699","ELEMENT":"f.46184FC8CB979803EFB42F6A75FB8695.d.0DE12883C3F573F305A70FA56FEE9996.e.2699"}]}
COMMAND: POST /session/ad66f158aa4d4ab6ef13355aa7850eca/element - {"using":"xpath","value":"(//span[contains(@id, \"imgNav\")])[1]"}
COMMAND: GET /session/ad66f158aa4d4ab6ef13355aa7850eca/screenshot - {}
RESULT: {"using":"xpath","value":"(//span[contains(@id, \"imgNav\")])[1]"}
COMMAND: POST /session/ad66f158aa4d4ab6ef13355aa7850eca/element/f.46184FC8CB979803EFB42F6A75FB8695.d.0DE12883C3F573F305A70FA56FEE9996.e.2697/click - {}
RESULT: {}
RESULT: {}
COMMAND: GET /session/ad66f158aa4d4ab6ef13355aa7850eca/screenshot - {}
RESULT: {}
COMMAND: POST /session/ad66f158aa4d4ab6ef13355aa7850eca/element - {"using":"xpath","value":"//bdi[contains(text(), \"Edit\")]"}
RESULT: {"using":"xpath","value":"//bdi[contains(text(), \"Edit\")]"}
COMMAND: POST /session/ad66f158aa4d4ab6ef13355aa7850eca/element/f.46184FC8CB979803EFB42F6A75FB8695.d.0DE12883C3F573F305A70FA56FEE9996.e.2840/click - {}
RESULT: {}
COMMAND: GET /session/ad66f158aa4d4ab6ef13355aa7850eca/screenshot - {}
RESULT: {}
COMMAND: POST /session/ad66f158aa4d4ab6ef13355aa7850eca/execute/async - {"script":"<script> [1562 bytes]","args":[{"selector":{"controlType":"sap.m.Input","viewName":"etm.portal.ui.managepartners.view.EditDetail","labelFor":{"text":"Name"},"interaction":{"idSuffix":"inner"}},"wdio_ui5_key":"etmportal.ui.managepartners.view.EditDetailsap.m.Input{\"text\":\"Name\"}"}]}
RESULT: {"script":"<script> [1562 bytes]","args":[{"selector":{"controlType":"sap.m.Input","viewName":"etm.portal.ui.managepartners.view.EditDetail","labelFor":{"text":"Name"},"interaction":{"idSuffix":"inner"}},"wdio_ui5_key":"etmportal.ui.managepartners.view.EditDetailsap.m.Input{\"text\":\"Name\"}"}]}
RESULT: undefined
COMMAND: POST /session/ad66f158aa4d4ab6ef13355aa7850eca/execute/async - {"script":"<script> [776 bytes]","args":[{"enterText":"External EDIT","selector":{"controlType":"sap.m.Input","viewName":"etm.portal.ui.managepartners.view.EditDetail","labelFor":{"text":"Name"},"interaction":{"idSuffix":"inner"}},"clearTextFirst":true,"interactionType":"ENTER_TEXT"}]}
RESULT: {"script":"<script> [776 bytes]","args":[{"enterText":"External EDIT","selector":{"controlType":"sap.m.Input","viewName":"etm.portal.ui.managepartners.view.EditDetail","labelFor":{"text":"Name"},"interaction":{"idSuffix":"inner"}},"clearTextFirst":true,"interactionType":"ENTER_TEXT"}]}
COMMAND: POST /session/ad66f158aa4d4ab6ef13355aa7850eca/element - {"using":"xpath","value":"(//span[contains(@id,\"addressDetailDetailsLanguage-arrow\")])[1]"}
RESULT: {"using":"xpath","value":"(//span[contains(@id,\"addressDetailDetailsLanguage-arrow\")])[1]"}
COMMAND: POST /session/ad66f158aa4d4ab6ef13355aa7850eca/element/f.46184FC8CB979803EFB42F6A75FB8695.d.0DE12883C3F573F305A70FA56FEE9996.e.2919/click - {}
RESULT: {}
COMMAND: POST /session/ad66f158aa4d4ab6ef13355aa7850eca/element - {"using":"xpath","value":"//span[contains(text(), \"Chinese\")]"}
COMMAND: GET /session/ad66f158aa4d4ab6ef13355aa7850eca/screenshot - {}
RESULT: {"using":"xpath","value":"//span[contains(text(), \"Chinese\")]"}
COMMAND: POST /session/ad66f158aa4d4ab6ef13355aa7850eca/element/f.46184FC8CB979803EFB42F6A75FB8695.d.0DE12883C3F573F305A70FA56FEE9996.e.2920/click - {}
RESULT: {}
RESULT: {}
COMMAND: GET /session/ad66f158aa4d4ab6ef13355aa7850eca/screenshot - {}
RESULT: {}
COMMAND: POST /session/ad66f158aa4d4ab6ef13355aa7850eca/execute/async - {"script":"<script> [1562 bytes]","args":[{"selector":{"controlType":"sap.m.Input","viewName":"etm.portal.ui.managepartners.view.EditDetail","labelFor":{"text":"City"},"interaction":{"idSuffix":"inner"}},"wdio_ui5_key":"etmportal.ui.managepartners.view.EditDetailsap.m.Input{\"text\":\"City\"}"}]}
RESULT: {"script":"<script> [1562 bytes]","args":[{"selector":{"controlType":"sap.m.Input","viewName":"etm.portal.ui.managepartners.view.EditDetail","labelFor":{"text":"City"},"interaction":{"idSuffix":"inner"}},"wdio_ui5_key":"etmportal.ui.managepartners.view.EditDetailsap.m.Input{\"text\":\"City\"}"}]}
RESULT: undefined
COMMAND: POST /session/ad66f158aa4d4ab6ef13355aa7850eca/execute/async - {"script":"<script> [776 bytes]","args":[{"enterText":"Clooj-Napoca","selector":{"controlType":"sap.m.Input","viewName":"etm.portal.ui.managepartners.view.EditDetail","labelFor":{"text":"City"},"interaction":{"idSuffix":"inner"}},"clearTextFirst":true,"interactionType":"ENTER_TEXT"}]}
RESULT: {"script":"<script> [776 bytes]","args":[{"enterText":"Clooj-Napoca","selector":{"controlType":"sap.m.Input","viewName":"etm.portal.ui.managepartners.view.EditDetail","labelFor":{"text":"City"},"interaction":{"idSuffix":"inner"}},"clearTextFirst":true,"interactionType":"ENTER_TEXT"}]}
COMMAND: POST /session/ad66f158aa4d4ab6ef13355aa7850eca/element - {"using":"xpath","value":"//button[@data-kt=\"saveButton\"]"}
RESULT: {"using":"xpath","value":"//button[@data-kt=\"saveButton\"]"}
COMMAND: POST /session/ad66f158aa4d4ab6ef13355aa7850eca/element/f.46184FC8CB979803EFB42F6A75FB8695.d.0DE12883C3F573F305A70FA56FEE9996.e.2902/click - {}
RESULT: {}
COMMAND: GET /session/ad66f158aa4d4ab6ef13355aa7850eca/screenshot - {}
RESULT: {}
COMMAND: POST /session/ad66f158aa4d4ab6ef13355aa7850eca/execute/async - {"script":"<script> [1562 bytes]","args":[{"selector":{"id":"application-managepartners-display-component---detailPtm--addressDetailDetailsName1"},"wdio_ui5_key":"applicationmanagepartners-display-component---detailPtm--addressDetailDetailsName1"}]}
RESULT: {"script":"<script> [1562 bytes]","args":[{"selector":{"id":"application-managepartners-display-component---detailPtm--addressDetailDetailsName1"},"wdio_ui5_key":"applicationmanagepartners-display-component---detailPtm--addressDetailDetailsName1"}]}
RESULT: undefined
COMMAND: POST /session/ad66f158aa4d4ab6ef13355aa7850eca/execute/async - {"script":"<script> [6424 bytes]","args":[{"element-6066-11e4-a52e-4f735466cecf":"f.46184FC8CB979803EFB42F6A75FB8695.d.0DE12883C3F573F305A70FA56FEE9996.e.2951"},"getValue",[]]}
RESULT: {"script":"<script> [6424 bytes]","args":[{"element-6066-11e4-a52e-4f735466cecf":"f.46184FC8CB979803EFB42F6A75FB8695.d.0DE12883C3F573F305A70FA56FEE9996.e.2951"},"getValue",[]]}
COMMAND: POST /session/ad66f158aa4d4ab6ef13355aa7850eca/element - {"using":"xpath","value":"//input[@id = \"application-managepartners-display-component---detailPtm--addressDetailDetailsLanguage-inner\"]"}
RESULT: {"using":"xpath","value":"//input[@id = \"application-managepartners-display-component---detailPtm--addressDetailDetailsLanguage-inner\"]"}
COMMAND: GET /session/ad66f158aa4d4ab6ef13355aa7850eca/element/f.46184FC8CB979803EFB42F6A75FB8695.d.0DE12883C3F573F305A70FA56FEE9996.e.2952/property/value - {}
RESULT: {}
COMMAND: POST /session/ad66f158aa4d4ab6ef13355aa7850eca/execute/async - {"script":"<script> [1562 bytes]","args":[{"selector":{"id":"application-managepartners-display-component---detailPtm--addressDetailDetailsCity1"},"wdio_ui5_key":"applicationmanagepartners-display-component---detailPtm--addressDetailDetailsCity1"}]}
COMMAND: GET /session/ad66f158aa4d4ab6ef13355aa7850eca/screenshot - {}
RESULT: {"script":"<script> [1562 bytes]","args":[{"selector":{"id":"application-managepartners-display-component---detailPtm--addressDetailDetailsCity1"},"wdio_ui5_key":"applicationmanagepartners-display-component---detailPtm--addressDetailDetailsCity1"}]}
RESULT: undefined
COMMAND: POST /session/ad66f158aa4d4ab6ef13355aa7850eca/execute/async - {"script":"<script> [6424 bytes]","args":[{"element-6066-11e4-a52e-4f735466cecf":"f.46184FC8CB979803EFB42F6A75FB8695.d.0DE12883C3F573F305A70FA56FEE9996.e.2953"},"getValue",[]]}
RESULT: {}
RESULT: {"script":"<script> [6424 bytes]","args":[{"element-6066-11e4-a52e-4f735466cecf":"f.46184FC8CB979803EFB42F6A75FB8695.d.0DE12883C3F573F305A70FA56FEE9996.e.2953"},"getValue",[]]}
COMMAND: POST /session/ad66f158aa4d4ab6ef13355aa7850eca/element - {"using":"css selector","value":"#shell-header-logo"}
RESULT: {"using":"css selector","value":"#shell-header-logo"}
COMMAND: POST /session/ad66f158aa4d4ab6ef13355aa7850eca/element/f.46184FC8CB979803EFB42F6A75FB8695.d.0DE12883C3F573F305A70FA56FEE9996.e.2518/click - {}
RESULT: {}
COMMAND: GET /session/ad66f158aa4d4ab6ef13355aa7850eca/screenshot - {}
RESULT: {}
]]></system-out>
    </testcase>
    <testcase classname="chrome.136_0_7103_93.windows.Partner_specific_tests_US150819_US151080_US151654_US151176_US103444_US151078_US151079_US151109_US151174_US151175_US151189" name="Should create a new intercompany partner edit some of its fields US151078" time="276.172">
      <system-out><![CDATA[
COMMAND: POST /session/ad66f158aa4d4ab6ef13355aa7850eca/element - {"using":"xpath","value":"//li[.//span[text()=\"Manage Partners\"]]"}
RESULT: {"using":"xpath","value":"//li[.//span[text()=\"Manage Partners\"]]"}
COMMAND: POST /session/ad66f158aa4d4ab6ef13355aa7850eca/element - {"using":"xpath","value":"//li[.//span[text()=\"Manage Partners\"]]"}
RESULT: {"using":"xpath","value":"//li[.//span[text()=\"Manage Partners\"]]"}
COMMAND: POST /session/ad66f158aa4d4ab6ef13355aa7850eca/element - {"using":"css selector","value":"#shell-header-logo"}
RESULT: {"using":"css selector","value":"#shell-header-logo"}
COMMAND: POST /session/ad66f158aa4d4ab6ef13355aa7850eca/element/f.46184FC8CB979803EFB42F6A75FB8695.d.0DE12883C3F573F305A70FA56FEE9996.e.2983/click - {}
COMMAND: POST /session/ad66f158aa4d4ab6ef13355aa7850eca/execute/sync - {"script":"<script> [8489 bytes]","args":[{"element-6066-11e4-a52e-4f735466cecf":"f.46184FC8CB979803EFB42F6A75FB8695.d.0DE12883C3F573F305A70FA56FEE9996.e.2983","ELEMENT":"f.46184FC8CB979803EFB42F6A75FB8695.d.0DE12883C3F573F305A70FA56FEE9996.e.2983"}]}
RESULT: {}
COMMAND: GET /session/ad66f158aa4d4ab6ef13355aa7850eca/screenshot - {}
RESULT: {"script":"<script> [8489 bytes]","args":[{"element-6066-11e4-a52e-4f735466cecf":"f.46184FC8CB979803EFB42F6A75FB8695.d.0DE12883C3F573F305A70FA56FEE9996.e.2983","ELEMENT":"f.46184FC8CB979803EFB42F6A75FB8695.d.0DE12883C3F573F305A70FA56FEE9996.e.2983"}]}
COMMAND: POST /session/ad66f158aa4d4ab6ef13355aa7850eca/execute/sync - {"script":"<script> [5351 bytes]","args":[{"element-6066-11e4-a52e-4f735466cecf":"f.46184FC8CB979803EFB42F6A75FB8695.d.0DE12883C3F573F305A70FA56FEE9996.e.2983","ELEMENT":"f.46184FC8CB979803EFB42F6A75FB8695.d.0DE12883C3F573F305A70FA56FEE9996.e.2983"}]}
COMMAND: GET /session/ad66f158aa4d4ab6ef13355aa7850eca/screenshot - {}
RESULT: {}
RESULT: {"script":"<script> [5351 bytes]","args":[{"element-6066-11e4-a52e-4f735466cecf":"f.46184FC8CB979803EFB42F6A75FB8695.d.0DE12883C3F573F305A70FA56FEE9996.e.2983","ELEMENT":"f.46184FC8CB979803EFB42F6A75FB8695.d.0DE12883C3F573F305A70FA56FEE9996.e.2983"}]}
COMMAND: GET /session/ad66f158aa4d4ab6ef13355aa7850eca/screenshot - {}
RESULT: {}
RESULT: {}
COMMAND: POST /session/ad66f158aa4d4ab6ef13355aa7850eca/refresh - {}
RESULT: {}
COMMAND: GET /session/ad66f158aa4d4ab6ef13355aa7850eca/screenshot - {}
RESULT: {}
COMMAND: POST /session/ad66f158aa4d4ab6ef13355aa7850eca/refresh - {}
RESULT: {}
COMMAND: GET /session/ad66f158aa4d4ab6ef13355aa7850eca/screenshot - {}
RESULT: {}
COMMAND: POST /session/ad66f158aa4d4ab6ef13355aa7850eca/window/fullscreen - {}
RESULT: {}
COMMAND: POST /session/ad66f158aa4d4ab6ef13355aa7850eca/execute/async - {"script":"<script> [189 bytes]","args":[]}
RESULT: {"script":"<script> [189 bytes]","args":[]}
COMMAND: POST /session/ad66f158aa4d4ab6ef13355aa7850eca/execute/async - {"script":"<script> [123 bytes]","args":[]}
RESULT: {"script":"<script> [123 bytes]","args":[]}
COMMAND: POST /session/ad66f158aa4d4ab6ef13355aa7850eca/timeouts - {"script":"<number>"}
RESULT: {"script":"<number>"}
COMMAND: GET /session/ad66f158aa4d4ab6ef13355aa7850eca/timeouts - {}
RESULT: {}
RESULT: undefined
COMMAND: POST /session/ad66f158aa4d4ab6ef13355aa7850eca/execute/async - {"script":"<script> [2676 bytes]","args":[]}
RESULT: {"script":"<script> [2676 bytes]","args":[]}
COMMAND: POST /session/ad66f158aa4d4ab6ef13355aa7850eca/execute/async - {"script":"<script> [2342 bytes]","args":[{"protocol":"http","hostname":"0.0.0.0","path":"/","capabilities":{"browserName":"chrome","goog:chromeOptions":{"binary":"C:\\Program Files\\Google\\Chrome\\Application\\chrome.exe","args":["--start-maximized"]}},"logLevel":"warn","connectionRetryTimeout":120000,"connectionRetryCount":3,"logLevels":{},"enableDirectConnect":true,"strictSSL":true,"_":"65 more keys: [\"cacheDir\",\"port\",\"requestedCapabilities\",\"automationProtocol\",\"baseUrl\",\"waitforInterval\",\"waitforTimeout\",\"onReload\",\"beforeCommand\",\"afterCommand\",\"rootDir\",\"specs\",\"suites\",\"exclude\",\"groupLogsByTestSpec\",\"excludeDriverLogs\",\"bail\",\"framework\",\"reporters\",\"services\",\"maxInstances\",\"maxInstancesPerCapability\",\"injectGlobals\",\"filesToWatch\",\"execArgv\",\"runnerEnv\",\"runner\",\"shard\",\"specFileRetries\",\"specFileRetriesDelay\",\"specFileRetriesDeferred\",\"reporterSyncInterval\",\"reporterSyncTimeout\",\"cucumberFeaturesWithLineNumbers\",\"autoCompileOpts\",\"mochaOpts\",\"jasmineOpts\",\"cucumberOpts\",\"onPrepare\",\"onWorkerStart\",\"onWorkerEnd\",\"before\",\"beforeSession\",\"beforeSuite\",\"beforeHook\",\"beforeTest\",\"afterTest\",\"afterHook\",\"afterSuite\",\"afterSession\",\"after\",\"onComplete\",\"beforeAssertion\",\"afterAssertion\",\"beforeFeature\",\"beforeScenario\",\"beforeStep\",\"afterStep\",\"afterScenario\",\"afterFeature\",\"_\",\"suite\",\"$0\",\"ignoredWorkerServices\",\"wdi5\"]"}]}
RESULT: {"script":"<script> [2342 bytes]","args":[{"protocol":"http","hostname":"0.0.0.0","path":"/","capabilities":{"browserName":"chrome","goog:chromeOptions":{"binary":"C:\\Program Files\\Google\\Chrome\\Application\\chrome.exe","args":["--start-maximized"]}},"logLevel":"warn","connectionRetryTimeout":120000,"connectionRetryCount":3,"logLevels":{},"enableDirectConnect":true,"strictSSL":true,"_":"65 more keys: [\"cacheDir\",\"port\",\"requestedCapabilities\",\"automationProtocol\",\"baseUrl\",\"waitforInterval\",\"waitforTimeout\",\"onReload\",\"beforeCommand\",\"afterCommand\",\"rootDir\",\"specs\",\"suites\",\"exclude\",\"groupLogsByTestSpec\",\"excludeDriverLogs\",\"bail\",\"framework\",\"reporters\",\"services\",\"maxInstances\",\"maxInstancesPerCapability\",\"injectGlobals\",\"filesToWatch\",\"execArgv\",\"runnerEnv\",\"runner\",\"shard\",\"specFileRetries\",\"specFileRetriesDelay\",\"specFileRetriesDeferred\",\"reporterSyncInterval\",\"reporterSyncTimeout\",\"cucumberFeaturesWithLineNumbers\",\"autoCompileOpts\",\"mochaOpts\",\"jasmineOpts\",\"cucumberOpts\",\"onPrepare\",\"onWorkerStart\",\"onWorkerEnd\",\"before\",\"beforeSession\",\"beforeSuite\",\"beforeHook\",\"beforeTest\",\"afterTest\",\"afterHook\",\"afterSuite\",\"afterSession\",\"after\",\"onComplete\",\"beforeAssertion\",\"afterAssertion\",\"beforeFeature\",\"beforeScenario\",\"beforeStep\",\"afterStep\",\"afterScenario\",\"afterFeature\",\"_\",\"suite\",\"$0\",\"ignoredWorkerServices\",\"wdi5\"]"}]}
COMMAND: POST /session/ad66f158aa4d4ab6ef13355aa7850eca/execute/async - {"script":"<script> [21126 bytes]","args":[35000]}
RESULT: {"script":"<script> [21126 bytes]","args":[35000]}
COMMAND: POST /session/ad66f158aa4d4ab6ef13355aa7850eca/window/fullscreen - {}
RESULT: {}
COMMAND: POST /session/ad66f158aa4d4ab6ef13355aa7850eca/window/fullscreen - {}
RESULT: {}
COMMAND: POST /session/ad66f158aa4d4ab6ef13355aa7850eca/execute/async - {"script":"<script> [1562 bytes]","args":[{"selector":{"controlType":"sap.m.GenericTile","properties":{"header":"Manage Partners"}},"wdio_ui5_key":"sapm.GenericTile{\"header\":\"Manage Partners\"}"}]}
RESULT: {"script":"<script> [1562 bytes]","args":[{"selector":{"controlType":"sap.m.GenericTile","properties":{"header":"Manage Partners"}},"wdio_ui5_key":"sapm.GenericTile{\"header\":\"Manage Partners\"}"}]}
RESULT: undefined
COMMAND: POST /session/ad66f158aa4d4ab6ef13355aa7850eca/element - {"using":"xpath","value":"//*[@id=\"__tile30\"]"}
RESULT: {"using":"xpath","value":"//*[@id=\"__tile30\"]"}
COMMAND: POST /session/ad66f158aa4d4ab6ef13355aa7850eca/element/f.46184FC8CB979803EFB42F6A75FB8695.d.A119FE631CC5BAFC8CB4EFD4E2119D33.e.3108/click - {}
RESULT: {}
COMMAND: GET /session/ad66f158aa4d4ab6ef13355aa7850eca/screenshot - {}
RESULT: {}
COMMAND: POST /session/ad66f158aa4d4ab6ef13355aa7850eca/elements - {"using":"xpath","value":"//span[text()='Error']"}
RESULT: {"using":"xpath","value":"//span[text()='Error']"}
COMMAND: POST /session/ad66f158aa4d4ab6ef13355aa7850eca/element - {"using":"xpath","value":"//button[@data-kt=\"addButton\"]"}
RESULT: {"using":"xpath","value":"//button[@data-kt=\"addButton\"]"}
COMMAND: POST /session/ad66f158aa4d4ab6ef13355aa7850eca/elements - {"using":"xpath","value":"//button[@data-kt=\"addButton\"]"}
RESULT: {"using":"xpath","value":"//button[@data-kt=\"addButton\"]"}
COMMAND: POST /session/ad66f158aa4d4ab6ef13355aa7850eca/elements - {"using":"xpath","value":"//button[@data-kt=\"addButton\"]"}
RESULT: {"using":"xpath","value":"//button[@data-kt=\"addButton\"]"}
COMMAND: POST /session/ad66f158aa4d4ab6ef13355aa7850eca/elements - {"using":"xpath","value":"//button[@data-kt=\"addButton\"]"}
RESULT: {"using":"xpath","value":"//button[@data-kt=\"addButton\"]"}
COMMAND: POST /session/ad66f158aa4d4ab6ef13355aa7850eca/elements - {"using":"xpath","value":"//button[@data-kt=\"addButton\"]"}
RESULT: {"using":"xpath","value":"//button[@data-kt=\"addButton\"]"}
COMMAND: POST /session/ad66f158aa4d4ab6ef13355aa7850eca/elements - {"using":"xpath","value":"//button[@data-kt=\"addButton\"]"}
RESULT: {"using":"xpath","value":"//button[@data-kt=\"addButton\"]"}
COMMAND: POST /session/ad66f158aa4d4ab6ef13355aa7850eca/elements - {"using":"xpath","value":"//button[@data-kt=\"addButton\"]"}
RESULT: {"using":"xpath","value":"//button[@data-kt=\"addButton\"]"}
COMMAND: POST /session/ad66f158aa4d4ab6ef13355aa7850eca/elements - {"using":"xpath","value":"//button[@data-kt=\"addButton\"]"}
RESULT: {"using":"xpath","value":"//button[@data-kt=\"addButton\"]"}
COMMAND: POST /session/ad66f158aa4d4ab6ef13355aa7850eca/elements - {"using":"xpath","value":"//button[@data-kt=\"addButton\"]"}
RESULT: {"using":"xpath","value":"//button[@data-kt=\"addButton\"]"}
COMMAND: POST /session/ad66f158aa4d4ab6ef13355aa7850eca/elements - {"using":"xpath","value":"//button[@data-kt=\"addButton\"]"}
RESULT: {"using":"xpath","value":"//button[@data-kt=\"addButton\"]"}
COMMAND: POST /session/ad66f158aa4d4ab6ef13355aa7850eca/elements - {"using":"xpath","value":"//button[@data-kt=\"addButton\"]"}
RESULT: {"using":"xpath","value":"//button[@data-kt=\"addButton\"]"}
COMMAND: POST /session/ad66f158aa4d4ab6ef13355aa7850eca/elements - {"using":"xpath","value":"//button[@data-kt=\"addButton\"]"}
RESULT: {"using":"xpath","value":"//button[@data-kt=\"addButton\"]"}
COMMAND: POST /session/ad66f158aa4d4ab6ef13355aa7850eca/elements - {"using":"xpath","value":"//button[@data-kt=\"addButton\"]"}
RESULT: {"using":"xpath","value":"//button[@data-kt=\"addButton\"]"}
COMMAND: POST /session/ad66f158aa4d4ab6ef13355aa7850eca/elements - {"using":"xpath","value":"//button[@data-kt=\"addButton\"]"}
RESULT: {"using":"xpath","value":"//button[@data-kt=\"addButton\"]"}
COMMAND: POST /session/ad66f158aa4d4ab6ef13355aa7850eca/elements - {"using":"xpath","value":"//button[@data-kt=\"addButton\"]"}
RESULT: {"using":"xpath","value":"//button[@data-kt=\"addButton\"]"}
COMMAND: POST /session/ad66f158aa4d4ab6ef13355aa7850eca/elements - {"using":"xpath","value":"//button[@data-kt=\"addButton\"]"}
RESULT: {"using":"xpath","value":"//button[@data-kt=\"addButton\"]"}
COMMAND: POST /session/ad66f158aa4d4ab6ef13355aa7850eca/elements - {"using":"xpath","value":"//button[@data-kt=\"addButton\"]"}
RESULT: {"using":"xpath","value":"//button[@data-kt=\"addButton\"]"}
COMMAND: POST /session/ad66f158aa4d4ab6ef13355aa7850eca/elements - {"using":"xpath","value":"//button[@data-kt=\"addButton\"]"}
RESULT: {"using":"xpath","value":"//button[@data-kt=\"addButton\"]"}
COMMAND: POST /session/ad66f158aa4d4ab6ef13355aa7850eca/elements - {"using":"xpath","value":"//button[@data-kt=\"addButton\"]"}
RESULT: {"using":"xpath","value":"//button[@data-kt=\"addButton\"]"}
COMMAND: POST /session/ad66f158aa4d4ab6ef13355aa7850eca/elements - {"using":"xpath","value":"//button[@data-kt=\"addButton\"]"}
RESULT: {"using":"xpath","value":"//button[@data-kt=\"addButton\"]"}
COMMAND: POST /session/ad66f158aa4d4ab6ef13355aa7850eca/elements - {"using":"xpath","value":"//button[@data-kt=\"addButton\"]"}
RESULT: {"using":"xpath","value":"//button[@data-kt=\"addButton\"]"}
COMMAND: POST /session/ad66f158aa4d4ab6ef13355aa7850eca/element - {"using":"xpath","value":"//button[@data-kt=\"addButton\"]"}
RESULT: {"using":"xpath","value":"//button[@data-kt=\"addButton\"]"}
COMMAND: POST /session/ad66f158aa4d4ab6ef13355aa7850eca/execute/sync - {"script":"<script> [8489 bytes]","args":[{"element-6066-11e4-a52e-4f735466cecf":"f.46184FC8CB979803EFB42F6A75FB8695.d.A119FE631CC5BAFC8CB4EFD4E2119D33.e.3223","ELEMENT":"f.46184FC8CB979803EFB42F6A75FB8695.d.A119FE631CC5BAFC8CB4EFD4E2119D33.e.3223"}]}
RESULT: {"script":"<script> [8489 bytes]","args":[{"element-6066-11e4-a52e-4f735466cecf":"f.46184FC8CB979803EFB42F6A75FB8695.d.A119FE631CC5BAFC8CB4EFD4E2119D33.e.3223","ELEMENT":"f.46184FC8CB979803EFB42F6A75FB8695.d.A119FE631CC5BAFC8CB4EFD4E2119D33.e.3223"}]}
COMMAND: GET /session/ad66f158aa4d4ab6ef13355aa7850eca/element/f.46184FC8CB979803EFB42F6A75FB8695.d.A119FE631CC5BAFC8CB4EFD4E2119D33.e.3223/enabled - {}
COMMAND: GET /session/ad66f158aa4d4ab6ef13355aa7850eca/screenshot - {}
RESULT: {}
COMMAND: POST /session/ad66f158aa4d4ab6ef13355aa7850eca/execute/sync - {"script":"<script> [8489 bytes]","args":[{"element-6066-11e4-a52e-4f735466cecf":"f.46184FC8CB979803EFB42F6A75FB8695.d.A119FE631CC5BAFC8CB4EFD4E2119D33.e.3223","ELEMENT":"f.46184FC8CB979803EFB42F6A75FB8695.d.A119FE631CC5BAFC8CB4EFD4E2119D33.e.3223"}]}
COMMAND: GET /session/ad66f158aa4d4ab6ef13355aa7850eca/screenshot - {}
RESULT: {}
RESULT: {"script":"<script> [8489 bytes]","args":[{"element-6066-11e4-a52e-4f735466cecf":"f.46184FC8CB979803EFB42F6A75FB8695.d.A119FE631CC5BAFC8CB4EFD4E2119D33.e.3223","ELEMENT":"f.46184FC8CB979803EFB42F6A75FB8695.d.A119FE631CC5BAFC8CB4EFD4E2119D33.e.3223"}]}
COMMAND: POST /session/ad66f158aa4d4ab6ef13355aa7850eca/execute/sync - {"script":"<script> [5351 bytes]","args":[{"element-6066-11e4-a52e-4f735466cecf":"f.46184FC8CB979803EFB42F6A75FB8695.d.A119FE631CC5BAFC8CB4EFD4E2119D33.e.3223","ELEMENT":"f.46184FC8CB979803EFB42F6A75FB8695.d.A119FE631CC5BAFC8CB4EFD4E2119D33.e.3223"}]}
COMMAND: GET /session/ad66f158aa4d4ab6ef13355aa7850eca/screenshot - {}
RESULT: {}
RESULT: {"script":"<script> [5351 bytes]","args":[{"element-6066-11e4-a52e-4f735466cecf":"f.46184FC8CB979803EFB42F6A75FB8695.d.A119FE631CC5BAFC8CB4EFD4E2119D33.e.3223","ELEMENT":"f.46184FC8CB979803EFB42F6A75FB8695.d.A119FE631CC5BAFC8CB4EFD4E2119D33.e.3223"}]}
COMMAND: POST /session/ad66f158aa4d4ab6ef13355aa7850eca/element/f.46184FC8CB979803EFB42F6A75FB8695.d.A119FE631CC5BAFC8CB4EFD4E2119D33.e.3223/click - {}
COMMAND: GET /session/ad66f158aa4d4ab6ef13355aa7850eca/screenshot - {}
RESULT: {}
RESULT: {}
COMMAND: GET /session/ad66f158aa4d4ab6ef13355aa7850eca/screenshot - {}
COMMAND: POST /session/ad66f158aa4d4ab6ef13355aa7850eca/execute/async - {"script":"<script> [1562 bytes]","args":[{"selector":{"id":"application-managepartners-display-component---NewPartner--addressDetailDetailsName1","interaction":{"idSuffix":"inner"}},"wdio_ui5_key":"applicationmanagepartners-display-component---NewPartner--addressDetailDetailsName1"}]}
RESULT: {}
RESULT: {}
RESULT: {"script":"<script> [1562 bytes]","args":[{"selector":{"id":"application-managepartners-display-component---NewPartner--addressDetailDetailsName1","interaction":{"idSuffix":"inner"}},"wdio_ui5_key":"applicationmanagepartners-display-component---NewPartner--addressDetailDetailsName1"}]}
RESULT: undefined
COMMAND: POST /session/ad66f158aa4d4ab6ef13355aa7850eca/execute/async - {"script":"<script> [776 bytes]","args":[{"enterText":"Intercompany Partner WDIO","selector":{"id":"application-managepartners-display-component---NewPartner--addressDetailDetailsName1","interaction":{"idSuffix":"inner"}},"clearTextFirst":true,"interactionType":"ENTER_TEXT"}]}
RESULT: {"script":"<script> [776 bytes]","args":[{"enterText":"Intercompany Partner WDIO","selector":{"id":"application-managepartners-display-component---NewPartner--addressDetailDetailsName1","interaction":{"idSuffix":"inner"}},"clearTextFirst":true,"interactionType":"ENTER_TEXT"}]}
COMMAND: POST /session/ad66f158aa4d4ab6ef13355aa7850eca/execute/async - {"script":"<script> [1562 bytes]","args":[{"selector":{"id":"application-managepartners-display-component---NewPartner--addressDetailDetailsLanguage-arrow"},"wdio_ui5_key":"applicationmanagepartners-display-component---NewPartner--addressDetailDetailsLanguage-arrow"}]}
RESULT: {"script":"<script> [1562 bytes]","args":[{"selector":{"id":"application-managepartners-display-component---NewPartner--addressDetailDetailsLanguage-arrow"},"wdio_ui5_key":"applicationmanagepartners-display-component---NewPartner--addressDetailDetailsLanguage-arrow"}]}
RESULT: undefined
COMMAND: POST /session/ad66f158aa4d4ab6ef13355aa7850eca/element - {"using":"xpath","value":"//*[@id=\"application-managepartners-display-component---NewPartner--addressDetailDetailsLanguage-arrow\"]"}
RESULT: {"using":"xpath","value":"//*[@id=\"application-managepartners-display-component---NewPartner--addressDetailDetailsLanguage-arrow\"]"}
COMMAND: POST /session/ad66f158aa4d4ab6ef13355aa7850eca/element/f.46184FC8CB979803EFB42F6A75FB8695.d.A119FE631CC5BAFC8CB4EFD4E2119D33.e.3666/click - {}
RESULT: {}
COMMAND: POST /session/ad66f158aa4d4ab6ef13355aa7850eca/element - {"using":"xpath","value":"//span[contains(text(), \"English\")]"}
COMMAND: GET /session/ad66f158aa4d4ab6ef13355aa7850eca/screenshot - {}
RESULT: {"using":"xpath","value":"//span[contains(text(), \"English\")]"}
COMMAND: POST /session/ad66f158aa4d4ab6ef13355aa7850eca/element/f.46184FC8CB979803EFB42F6A75FB8695.d.A119FE631CC5BAFC8CB4EFD4E2119D33.e.3667/click - {}
RESULT: {}
RESULT: {}
COMMAND: GET /session/ad66f158aa4d4ab6ef13355aa7850eca/screenshot - {}
RESULT: {}
COMMAND: POST /session/ad66f158aa4d4ab6ef13355aa7850eca/execute/async - {"script":"<script> [1562 bytes]","args":[{"selector":{"id":"application-managepartners-display-component---NewPartner--addressDetailDetailsCity1","interaction":{"idSuffix":"inner"}},"wdio_ui5_key":"applicationmanagepartners-display-component---NewPartner--addressDetailDetailsCity1"}]}
RESULT: {"script":"<script> [1562 bytes]","args":[{"selector":{"id":"application-managepartners-display-component---NewPartner--addressDetailDetailsCity1","interaction":{"idSuffix":"inner"}},"wdio_ui5_key":"applicationmanagepartners-display-component---NewPartner--addressDetailDetailsCity1"}]}
RESULT: undefined
COMMAND: POST /session/ad66f158aa4d4ab6ef13355aa7850eca/execute/async - {"script":"<script> [776 bytes]","args":[{"enterText":"Rosario","selector":{"id":"application-managepartners-display-component---NewPartner--addressDetailDetailsCity1","interaction":{"idSuffix":"inner"}},"clearTextFirst":true,"interactionType":"ENTER_TEXT"}]}
RESULT: {"script":"<script> [776 bytes]","args":[{"enterText":"Rosario","selector":{"id":"application-managepartners-display-component---NewPartner--addressDetailDetailsCity1","interaction":{"idSuffix":"inner"}},"clearTextFirst":true,"interactionType":"ENTER_TEXT"}]}
COMMAND: POST /session/ad66f158aa4d4ab6ef13355aa7850eca/execute/async - {"script":"<script> [1562 bytes]","args":[{"selector":{"id":"application-managepartners-display-component---NewPartner--addressDetailDetailsCountry-arrow"},"wdio_ui5_key":"applicationmanagepartners-display-component---NewPartner--addressDetailDetailsCountry-arrow"}]}
RESULT: {"script":"<script> [1562 bytes]","args":[{"selector":{"id":"application-managepartners-display-component---NewPartner--addressDetailDetailsCountry-arrow"},"wdio_ui5_key":"applicationmanagepartners-display-component---NewPartner--addressDetailDetailsCountry-arrow"}]}
RESULT: undefined
COMMAND: POST /session/ad66f158aa4d4ab6ef13355aa7850eca/element - {"using":"xpath","value":"//*[@id=\"application-managepartners-display-component---NewPartner--addressDetailDetailsCountry-arrow\"]"}
RESULT: {"using":"xpath","value":"//*[@id=\"application-managepartners-display-component---NewPartner--addressDetailDetailsCountry-arrow\"]"}
COMMAND: POST /session/ad66f158aa4d4ab6ef13355aa7850eca/element/f.46184FC8CB979803EFB42F6A75FB8695.d.A119FE631CC5BAFC8CB4EFD4E2119D33.e.3641/click - {}
RESULT: {}
COMMAND: POST /session/ad66f158aa4d4ab6ef13355aa7850eca/element - {"using":"xpath","value":"//span[contains(text(), \"Argentina\")]"}
COMMAND: GET /session/ad66f158aa4d4ab6ef13355aa7850eca/screenshot - {}
RESULT: {"using":"xpath","value":"//span[contains(text(), \"Argentina\")]"}
COMMAND: POST /session/ad66f158aa4d4ab6ef13355aa7850eca/element/f.46184FC8CB979803EFB42F6A75FB8695.d.A119FE631CC5BAFC8CB4EFD4E2119D33.e.3669/click - {}
RESULT: {}
RESULT: {}
COMMAND: GET /session/ad66f158aa4d4ab6ef13355aa7850eca/screenshot - {}
RESULT: {}
COMMAND: POST /session/ad66f158aa4d4ab6ef13355aa7850eca/element - {"using":"xpath","value":"//bdi[contains(text(), \"Commercial\")]"}
RESULT: {"using":"xpath","value":"//bdi[contains(text(), \"Commercial\")]"}
COMMAND: POST /session/ad66f158aa4d4ab6ef13355aa7850eca/element/f.46184FC8CB979803EFB42F6A75FB8695.d.A119FE631CC5BAFC8CB4EFD4E2119D33.e.3670/click - {}
RESULT: {}
COMMAND: GET /session/ad66f158aa4d4ab6ef13355aa7850eca/screenshot - {}
RESULT: {}
COMMAND: POST /session/ad66f158aa4d4ab6ef13355aa7850eca/execute/async - {"script":"<script> [1562 bytes]","args":[{"selector":{"id":"application-managepartners-display-component---NewPartner--partnerDetailInternal-arrow"},"wdio_ui5_key":"applicationmanagepartners-display-component---NewPartner--partnerDetailInternal-arrow"}]}
RESULT: {"script":"<script> [1562 bytes]","args":[{"selector":{"id":"application-managepartners-display-component---NewPartner--partnerDetailInternal-arrow"},"wdio_ui5_key":"applicationmanagepartners-display-component---NewPartner--partnerDetailInternal-arrow"}]}
RESULT: undefined
COMMAND: POST /session/ad66f158aa4d4ab6ef13355aa7850eca/element - {"using":"xpath","value":"//*[@id=\"application-managepartners-display-component---NewPartner--partnerDetailInternal-arrow\"]"}
RESULT: {"using":"xpath","value":"//*[@id=\"application-managepartners-display-component---NewPartner--partnerDetailInternal-arrow\"]"}
COMMAND: POST /session/ad66f158aa4d4ab6ef13355aa7850eca/element/f.46184FC8CB979803EFB42F6A75FB8695.d.A119FE631CC5BAFC8CB4EFD4E2119D33.e.3676/click - {}
RESULT: {}
COMMAND: POST /session/ad66f158aa4d4ab6ef13355aa7850eca/element - {"using":"xpath","value":"//span[contains(text(), \"Affiliated company\")]"}
COMMAND: GET /session/ad66f158aa4d4ab6ef13355aa7850eca/screenshot - {}
RESULT: {"using":"xpath","value":"//span[contains(text(), \"Affiliated company\")]"}
COMMAND: POST /session/ad66f158aa4d4ab6ef13355aa7850eca/element/f.46184FC8CB979803EFB42F6A75FB8695.d.A119FE631CC5BAFC8CB4EFD4E2119D33.e.3679/click - {}
RESULT: {}
RESULT: {}
COMMAND: POST /session/ad66f158aa4d4ab6ef13355aa7850eca/execute/async - {"script":"<script> [1562 bytes]","args":[{"selector":{"id":"application-managepartners-display-component---NewPartner--partnerDetailsCurrency-arrow"},"wdio_ui5_key":"applicationmanagepartners-display-component---NewPartner--partnerDetailsCurrency-arrow"}]}
COMMAND: GET /session/ad66f158aa4d4ab6ef13355aa7850eca/screenshot - {}
RESULT: {"script":"<script> [1562 bytes]","args":[{"selector":{"id":"application-managepartners-display-component---NewPartner--partnerDetailsCurrency-arrow"},"wdio_ui5_key":"applicationmanagepartners-display-component---NewPartner--partnerDetailsCurrency-arrow"}]}
RESULT: undefined
COMMAND: POST /session/ad66f158aa4d4ab6ef13355aa7850eca/element - {"using":"xpath","value":"//*[@id=\"application-managepartners-display-component---NewPartner--partnerDetailsCurrency-arrow\"]"}
RESULT: {}
RESULT: {"using":"xpath","value":"//*[@id=\"application-managepartners-display-component---NewPartner--partnerDetailsCurrency-arrow\"]"}
COMMAND: POST /session/ad66f158aa4d4ab6ef13355aa7850eca/element/f.46184FC8CB979803EFB42F6A75FB8695.d.A119FE631CC5BAFC8CB4EFD4E2119D33.e.3686/click - {}
RESULT: {}
COMMAND: POST /session/ad66f158aa4d4ab6ef13355aa7850eca/element - {"using":"xpath","value":"//span[contains(text(), \"Euro\")]"}
COMMAND: GET /session/ad66f158aa4d4ab6ef13355aa7850eca/screenshot - {}
RESULT: {"using":"xpath","value":"//span[contains(text(), \"Euro\")]"}
COMMAND: POST /session/ad66f158aa4d4ab6ef13355aa7850eca/element/f.46184FC8CB979803EFB42F6A75FB8695.d.A119FE631CC5BAFC8CB4EFD4E2119D33.e.3687/click - {}
RESULT: {}
RESULT: {}
COMMAND: POST /session/ad66f158aa4d4ab6ef13355aa7850eca/execute/async - {"script":"<script> [1562 bytes]","args":[{"selector":{"id":"application-managepartners-display-component---NewPartner--addressEditDetailsCostObjectCstType-arrow"},"wdio_ui5_key":"applicationmanagepartners-display-component---NewPartner--addressEditDetailsCostObjectCstType-arrow"}]}
COMMAND: GET /session/ad66f158aa4d4ab6ef13355aa7850eca/screenshot - {}
RESULT: {"script":"<script> [1562 bytes]","args":[{"selector":{"id":"application-managepartners-display-component---NewPartner--addressEditDetailsCostObjectCstType-arrow"},"wdio_ui5_key":"applicationmanagepartners-display-component---NewPartner--addressEditDetailsCostObjectCstType-arrow"}]}
RESULT: undefined
COMMAND: POST /session/ad66f158aa4d4ab6ef13355aa7850eca/element - {"using":"xpath","value":"//*[@id=\"application-managepartners-display-component---NewPartner--addressEditDetailsCostObjectCstType-arrow\"]"}
RESULT: {}
RESULT: {"using":"xpath","value":"//*[@id=\"application-managepartners-display-component---NewPartner--addressEditDetailsCostObjectCstType-arrow\"]"}
COMMAND: POST /session/ad66f158aa4d4ab6ef13355aa7850eca/element/f.46184FC8CB979803EFB42F6A75FB8695.d.A119FE631CC5BAFC8CB4EFD4E2119D33.e.3688/click - {}
RESULT: {}
COMMAND: POST /session/ad66f158aa4d4ab6ef13355aa7850eca/element - {"using":"xpath","value":"//span[contains(text(), \"Cost Center\")]"}
COMMAND: GET /session/ad66f158aa4d4ab6ef13355aa7850eca/screenshot - {}
RESULT: {"using":"xpath","value":"//span[contains(text(), \"Cost Center\")]"}
COMMAND: POST /session/ad66f158aa4d4ab6ef13355aa7850eca/element/f.46184FC8CB979803EFB42F6A75FB8695.d.A119FE631CC5BAFC8CB4EFD4E2119D33.e.3689/click - {}
RESULT: {}
RESULT: {}
COMMAND: GET /session/ad66f158aa4d4ab6ef13355aa7850eca/screenshot - {}
RESULT: {}
COMMAND: POST /session/ad66f158aa4d4ab6ef13355aa7850eca/element - {"using":"xpath","value":"//span[@id=\"application-managepartners-display-component---NewPartner--addressNewCostObjectCstID-vhi\"]"}
RESULT: {"using":"xpath","value":"//span[@id=\"application-managepartners-display-component---NewPartner--addressNewCostObjectCstID-vhi\"]"}
COMMAND: POST /session/ad66f158aa4d4ab6ef13355aa7850eca/execute/sync - {"script":"<script> [8489 bytes]","args":[{"element-6066-11e4-a52e-4f735466cecf":"f.46184FC8CB979803EFB42F6A75FB8695.d.A119FE631CC5BAFC8CB4EFD4E2119D33.e.3693","ELEMENT":"f.46184FC8CB979803EFB42F6A75FB8695.d.A119FE631CC5BAFC8CB4EFD4E2119D33.e.3693"}]}
RESULT: {"script":"<script> [8489 bytes]","args":[{"element-6066-11e4-a52e-4f735466cecf":"f.46184FC8CB979803EFB42F6A75FB8695.d.A119FE631CC5BAFC8CB4EFD4E2119D33.e.3693","ELEMENT":"f.46184FC8CB979803EFB42F6A75FB8695.d.A119FE631CC5BAFC8CB4EFD4E2119D33.e.3693"}]}
COMMAND: POST /session/ad66f158aa4d4ab6ef13355aa7850eca/execute/async - {"script":"<script> [1562 bytes]","args":[{"selector":{"id":"application-managepartners-display-component---NewPartner--addressNewCostObjectCstID-vhi"},"wdio_ui5_key":"applicationmanagepartners-display-component---NewPartner--addressNewCostObjectCstID-vhi"}]}
COMMAND: GET /session/ad66f158aa4d4ab6ef13355aa7850eca/screenshot - {}
RESULT: {"script":"<script> [1562 bytes]","args":[{"selector":{"id":"application-managepartners-display-component---NewPartner--addressNewCostObjectCstID-vhi"},"wdio_ui5_key":"applicationmanagepartners-display-component---NewPartner--addressNewCostObjectCstID-vhi"}]}
RESULT: undefined
COMMAND: POST /session/ad66f158aa4d4ab6ef13355aa7850eca/element - {"using":"xpath","value":"//*[@id=\"application-managepartners-display-component---NewPartner--addressNewCostObjectCstID-vhi\"]"}
RESULT: {}
RESULT: {"using":"xpath","value":"//*[@id=\"application-managepartners-display-component---NewPartner--addressNewCostObjectCstID-vhi\"]"}
COMMAND: POST /session/ad66f158aa4d4ab6ef13355aa7850eca/element/f.46184FC8CB979803EFB42F6A75FB8695.d.A119FE631CC5BAFC8CB4EFD4E2119D33.e.3693/click - {}
RESULT: {}
COMMAND: GET /session/ad66f158aa4d4ab6ef13355aa7850eca/screenshot - {}
RESULT: {}
COMMAND: POST /session/ad66f158aa4d4ab6ef13355aa7850eca/execute/async - {"script":"<script> [1562 bytes]","args":[{"selector":{"controlType":"sap.m.SearchField","properties":{"placeholder":"Search"},"searchOpenDialogs":true,"interaction":{"idSuffix":"I"}},"wdio_ui5_key":"sapm.SearchField{\"placeholder\":\"Search\"}"}]}
RESULT: {"script":"<script> [1562 bytes]","args":[{"selector":{"controlType":"sap.m.SearchField","properties":{"placeholder":"Search"},"searchOpenDialogs":true,"interaction":{"idSuffix":"I"}},"wdio_ui5_key":"sapm.SearchField{\"placeholder\":\"Search\"}"}]}
RESULT: undefined
COMMAND: POST /session/ad66f158aa4d4ab6ef13355aa7850eca/execute/async - {"script":"<script> [776 bytes]","args":[{"enterText":"10001013","selector":{"controlType":"sap.m.SearchField","properties":{"placeholder":"Search"},"searchOpenDialogs":true,"interaction":{"idSuffix":"I"}},"clearTextFirst":true,"interactionType":"ENTER_TEXT"}]}
RESULT: {"script":"<script> [776 bytes]","args":[{"enterText":"10001013","selector":{"controlType":"sap.m.SearchField","properties":{"placeholder":"Search"},"searchOpenDialogs":true,"interaction":{"idSuffix":"I"}},"clearTextFirst":true,"interactionType":"ENTER_TEXT"}]}
COMMAND: POST /session/ad66f158aa4d4ab6ef13355aa7850eca/actions - {"actions":[{"id":"action7","type":"key","parameters":{},"actions":[{"type":"keyDown","value":""},{"type":"pause","duration":10},{"type":"keyUp","value":""}]}]}
RESULT: {"actions":[{"id":"action7","type":"key","parameters":{},"actions":[{"type":"keyDown","value":""},{"type":"pause","duration":10},{"type":"keyUp","value":""}]}]}
COMMAND: GET /session/ad66f158aa4d4ab6ef13355aa7850eca/screenshot - {}
RESULT: {}
COMMAND: POST /session/ad66f158aa4d4ab6ef13355aa7850eca/element - {"using":"xpath","value":"//span[contains(text(), \"General Management\")]"}
RESULT: {"using":"xpath","value":"//span[contains(text(), \"General Management\")]"}
COMMAND: POST /session/ad66f158aa4d4ab6ef13355aa7850eca/element/f.46184FC8CB979803EFB42F6A75FB8695.d.A119FE631CC5BAFC8CB4EFD4E2119D33.e.3735/click - {}
RESULT: {}
COMMAND: GET /session/ad66f158aa4d4ab6ef13355aa7850eca/screenshot - {}
RESULT: {}
COMMAND: POST /session/ad66f158aa4d4ab6ef13355aa7850eca/element - {"using":"xpath","value":"//bdi[contains(text(), \"OK\")]"}
RESULT: {"using":"xpath","value":"//bdi[contains(text(), \"OK\")]"}
COMMAND: POST /session/ad66f158aa4d4ab6ef13355aa7850eca/element/f.46184FC8CB979803EFB42F6A75FB8695.d.A119FE631CC5BAFC8CB4EFD4E2119D33.e.3736/click - {}
RESULT: {}
COMMAND: GET /session/ad66f158aa4d4ab6ef13355aa7850eca/screenshot - {}
RESULT: {}
COMMAND: POST /session/ad66f158aa4d4ab6ef13355aa7850eca/element - {"using":"xpath","value":"//input[@id=\"application-managepartners-display-component---NewPartner--companyCodeComboBox-inner\"]"}
RESULT: {"using":"xpath","value":"//input[@id=\"application-managepartners-display-component---NewPartner--companyCodeComboBox-inner\"]"}
COMMAND: POST /session/ad66f158aa4d4ab6ef13355aa7850eca/element/f.46184FC8CB979803EFB42F6A75FB8695.d.A119FE631CC5BAFC8CB4EFD4E2119D33.e.3536/clear - {}
RESULT: {}
COMMAND: POST /session/ad66f158aa4d4ab6ef13355aa7850eca/element/f.46184FC8CB979803EFB42F6A75FB8695.d.A119FE631CC5BAFC8CB4EFD4E2119D33.e.3536/value - {"text":"C002"}
COMMAND: GET /session/ad66f158aa4d4ab6ef13355aa7850eca/screenshot - {}
RESULT: {"text":"C002"}
COMMAND: GET /session/ad66f158aa4d4ab6ef13355aa7850eca/screenshot - {}
RESULT: {}
RESULT: {}
COMMAND: POST /session/ad66f158aa4d4ab6ef13355aa7850eca/element - {"using":"xpath","value":"//li[.//span[text()= \"C002\"]]"}
RESULT: {"using":"xpath","value":"//li[.//span[text()= \"C002\"]]"}
COMMAND: POST /session/ad66f158aa4d4ab6ef13355aa7850eca/element/f.46184FC8CB979803EFB42F6A75FB8695.d.A119FE631CC5BAFC8CB4EFD4E2119D33.e.3742/click - {}
RESULT: {}
COMMAND: GET /session/ad66f158aa4d4ab6ef13355aa7850eca/screenshot - {}
RESULT: {}
COMMAND: POST /session/ad66f158aa4d4ab6ef13355aa7850eca/execute/async - {"script":"<script> [1562 bytes]","args":[{"selector":{"id":"application-managepartners-display-component---NewPartner--btnAddTableRow-img"},"wdio_ui5_key":"applicationmanagepartners-display-component---NewPartner--btnAddTableRow-img"}]}
RESULT: {"script":"<script> [1562 bytes]","args":[{"selector":{"id":"application-managepartners-display-component---NewPartner--btnAddTableRow-img"},"wdio_ui5_key":"applicationmanagepartners-display-component---NewPartner--btnAddTableRow-img"}]}
RESULT: undefined
COMMAND: POST /session/ad66f158aa4d4ab6ef13355aa7850eca/element - {"using":"xpath","value":"//*[@id=\"application-managepartners-display-component---NewPartner--btnAddTableRow-img\"]"}
RESULT: {"using":"xpath","value":"//*[@id=\"application-managepartners-display-component---NewPartner--btnAddTableRow-img\"]"}
COMMAND: POST /session/ad66f158aa4d4ab6ef13355aa7850eca/element/f.46184FC8CB979803EFB42F6A75FB8695.d.A119FE631CC5BAFC8CB4EFD4E2119D33.e.3743/click - {}
RESULT: {}
COMMAND: GET /session/ad66f158aa4d4ab6ef13355aa7850eca/screenshot - {}
RESULT: {}
COMMAND: POST /session/ad66f158aa4d4ab6ef13355aa7850eca/element - {"using":"xpath","value":"//input[@id=\"application-managepartners-display-component---NewPartner--assignmentYard-application-managepartners-display-component---NewPartner--assignmentsTable-0-inner\"]"}
RESULT: {"using":"xpath","value":"//input[@id=\"application-managepartners-display-component---NewPartner--assignmentYard-application-managepartners-display-component---NewPartner--assignmentsTable-0-inner\"]"}
COMMAND: POST /session/ad66f158aa4d4ab6ef13355aa7850eca/element/f.46184FC8CB979803EFB42F6A75FB8695.d.A119FE631CC5BAFC8CB4EFD4E2119D33.e.3746/clear - {}
RESULT: {}
COMMAND: POST /session/ad66f158aa4d4ab6ef13355aa7850eca/element/f.46184FC8CB979803EFB42F6A75FB8695.d.A119FE631CC5BAFC8CB4EFD4E2119D33.e.3746/value - {"text":"559"}
COMMAND: GET /session/ad66f158aa4d4ab6ef13355aa7850eca/screenshot - {}
RESULT: {"text":"559"}
COMMAND: GET /session/ad66f158aa4d4ab6ef13355aa7850eca/screenshot - {}
RESULT: {}
RESULT: {}
COMMAND: POST /session/ad66f158aa4d4ab6ef13355aa7850eca/element - {"using":"xpath","value":"//li[.//span[text()='559']]"}
RESULT: {"using":"xpath","value":"//li[.//span[text()='559']]"}
COMMAND: POST /session/ad66f158aa4d4ab6ef13355aa7850eca/element/f.46184FC8CB979803EFB42F6A75FB8695.d.A119FE631CC5BAFC8CB4EFD4E2119D33.e.3755/click - {}
RESULT: {}
COMMAND: GET /session/ad66f158aa4d4ab6ef13355aa7850eca/screenshot - {}
RESULT: {}
COMMAND: POST /session/ad66f158aa4d4ab6ef13355aa7850eca/actions - {"actions":[{"id":"action8","type":"key","parameters":{},"actions":[{"type":"keyDown","value":""},{"type":"pause","duration":10},{"type":"keyUp","value":""}]}]}
RESULT: {"actions":[{"id":"action8","type":"key","parameters":{},"actions":[{"type":"keyDown","value":""},{"type":"pause","duration":10},{"type":"keyUp","value":""}]}]}
COMMAND: POST /session/ad66f158aa4d4ab6ef13355aa7850eca/execute/async - {"script":"<script> [1562 bytes]","args":[{"selector":{"id":"application-managepartners-display-component---NewPartner--externalCustomerComboBox-application-managepartners-display-component---NewPartner--assignmentsTable-0-vhi"},"wdio_ui5_key":"applicationmanagepartners-display-component---NewPartner--externalCustomerComboBox-application-managepartners-display-component---NewPartner--assignmentsTable-0-vhi"}]}
COMMAND: GET /session/ad66f158aa4d4ab6ef13355aa7850eca/screenshot - {}
RESULT: {"script":"<script> [1562 bytes]","args":[{"selector":{"id":"application-managepartners-display-component---NewPartner--externalCustomerComboBox-application-managepartners-display-component---NewPartner--assignmentsTable-0-vhi"},"wdio_ui5_key":"applicationmanagepartners-display-component---NewPartner--externalCustomerComboBox-application-managepartners-display-component---NewPartner--assignmentsTable-0-vhi"}]}
RESULT: undefined
COMMAND: POST /session/ad66f158aa4d4ab6ef13355aa7850eca/element - {"using":"xpath","value":"//*[@id=\"application-managepartners-display-component---NewPartner--externalCustomerComboBox-application-managepartners-display-component---NewPartner--assignmentsTable-0-vhi\"]"}
RESULT: {}
RESULT: {"using":"xpath","value":"//*[@id=\"application-managepartners-display-component---NewPartner--externalCustomerComboBox-application-managepartners-display-component---NewPartner--assignmentsTable-0-vhi\"]"}
COMMAND: POST /session/ad66f158aa4d4ab6ef13355aa7850eca/element/f.46184FC8CB979803EFB42F6A75FB8695.d.A119FE631CC5BAFC8CB4EFD4E2119D33.e.3759/click - {}
RESULT: {}
RESULT: undefined
COMMAND: POST /session/ad66f158aa4d4ab6ef13355aa7850eca/execute/async - {"script":"<script> [776 bytes]","args":[{"enterText":"300003","selector":{"controlType":"sap.m.SearchField","properties":{"placeholder":"Search"},"searchOpenDialogs":true,"interaction":{"idSuffix":"I"}},"clearTextFirst":true,"interactionType":"ENTER_TEXT"}]}
COMMAND: GET /session/ad66f158aa4d4ab6ef13355aa7850eca/screenshot - {}
RESULT: {"script":"<script> [776 bytes]","args":[{"enterText":"300003","selector":{"controlType":"sap.m.SearchField","properties":{"placeholder":"Search"},"searchOpenDialogs":true,"interaction":{"idSuffix":"I"}},"clearTextFirst":true,"interactionType":"ENTER_TEXT"}]}
COMMAND: POST /session/ad66f158aa4d4ab6ef13355aa7850eca/actions - {"actions":[{"id":"action9","type":"key","parameters":{},"actions":[{"type":"keyDown","value":""},{"type":"pause","duration":10},{"type":"keyUp","value":""}]}]}
RESULT: {}
RESULT: {"actions":[{"id":"action9","type":"key","parameters":{},"actions":[{"type":"keyDown","value":""},{"type":"pause","duration":10},{"type":"keyUp","value":""}]}]}
COMMAND: GET /session/ad66f158aa4d4ab6ef13355aa7850eca/screenshot - {}
RESULT: {}
COMMAND: POST /session/ad66f158aa4d4ab6ef13355aa7850eca/element - {"using":"xpath","value":"//span[contains(text(), \"300003\")]"}
RESULT: {"using":"xpath","value":"//span[contains(text(), \"300003\")]"}
COMMAND: POST /session/ad66f158aa4d4ab6ef13355aa7850eca/element/f.46184FC8CB979803EFB42F6A75FB8695.d.A119FE631CC5BAFC8CB4EFD4E2119D33.e.3765/click - {}
RESULT: {}
COMMAND: GET /session/ad66f158aa4d4ab6ef13355aa7850eca/screenshot - {}
RESULT: {}
COMMAND: POST /session/ad66f158aa4d4ab6ef13355aa7850eca/element - {"using":"xpath","value":"//bdi[contains(text(), \"OK\")]"}
RESULT: {"using":"xpath","value":"//bdi[contains(text(), \"OK\")]"}
COMMAND: POST /session/ad66f158aa4d4ab6ef13355aa7850eca/element/f.46184FC8CB979803EFB42F6A75FB8695.d.A119FE631CC5BAFC8CB4EFD4E2119D33.e.3767/click - {}
RESULT: {}
COMMAND: GET /session/ad66f158aa4d4ab6ef13355aa7850eca/screenshot - {}
COMMAND: POST /session/ad66f158aa4d4ab6ef13355aa7850eca/execute/async - {"script":"<script> [1562 bytes]","args":[{"selector":{"id":"application-managepartners-display-component---NewPartner--intercompVendorComboBox-application-managepartners-display-component---NewPartner--assignmentsTable-0-vhi"},"wdio_ui5_key":"applicationmanagepartners-display-component---NewPartner--intercompVendorComboBox-application-managepartners-display-component---NewPartner--assignmentsTable-0-vhi"}]}
RESULT: {}
RESULT: {"script":"<script> [1562 bytes]","args":[{"selector":{"id":"application-managepartners-display-component---NewPartner--intercompVendorComboBox-application-managepartners-display-component---NewPartner--assignmentsTable-0-vhi"},"wdio_ui5_key":"applicationmanagepartners-display-component---NewPartner--intercompVendorComboBox-application-managepartners-display-component---NewPartner--assignmentsTable-0-vhi"}]}
RESULT: undefined
COMMAND: POST /session/ad66f158aa4d4ab6ef13355aa7850eca/element - {"using":"xpath","value":"//*[@id=\"application-managepartners-display-component---NewPartner--intercompVendorComboBox-application-managepartners-display-component---NewPartner--assignmentsTable-0-vhi\"]"}
RESULT: {"using":"xpath","value":"//*[@id=\"application-managepartners-display-component---NewPartner--intercompVendorComboBox-application-managepartners-display-component---NewPartner--assignmentsTable-0-vhi\"]"}
COMMAND: POST /session/ad66f158aa4d4ab6ef13355aa7850eca/element/f.46184FC8CB979803EFB42F6A75FB8695.d.A119FE631CC5BAFC8CB4EFD4E2119D33.e.3770/click - {}
RESULT: {}
RESULT: undefined
COMMAND: POST /session/ad66f158aa4d4ab6ef13355aa7850eca/execute/async - {"script":"<script> [776 bytes]","args":[{"enterText":"100005","selector":{"controlType":"sap.m.SearchField","properties":{"placeholder":"Search"},"searchOpenDialogs":true,"interaction":{"idSuffix":"I"}},"clearTextFirst":true,"interactionType":"ENTER_TEXT"}]}
COMMAND: GET /session/ad66f158aa4d4ab6ef13355aa7850eca/screenshot - {}
RESULT: {"script":"<script> [776 bytes]","args":[{"enterText":"100005","selector":{"controlType":"sap.m.SearchField","properties":{"placeholder":"Search"},"searchOpenDialogs":true,"interaction":{"idSuffix":"I"}},"clearTextFirst":true,"interactionType":"ENTER_TEXT"}]}
COMMAND: POST /session/ad66f158aa4d4ab6ef13355aa7850eca/actions - {"actions":[{"id":"action10","type":"key","parameters":{},"actions":[{"type":"keyDown","value":""},{"type":"pause","duration":10},{"type":"keyUp","value":""}]}]}
RESULT: {}
RESULT: {"actions":[{"id":"action10","type":"key","parameters":{},"actions":[{"type":"keyDown","value":""},{"type":"pause","duration":10},{"type":"keyUp","value":""}]}]}
COMMAND: GET /session/ad66f158aa4d4ab6ef13355aa7850eca/screenshot - {}
RESULT: {}
COMMAND: POST /session/ad66f158aa4d4ab6ef13355aa7850eca/element - {"using":"xpath","value":"//span[contains(text(), \"Penguins - Field/12345 Berlin\")]"}
RESULT: {"using":"xpath","value":"//span[contains(text(), \"Penguins - Field/12345 Berlin\")]"}
COMMAND: POST /session/ad66f158aa4d4ab6ef13355aa7850eca/element/f.46184FC8CB979803EFB42F6A75FB8695.d.A119FE631CC5BAFC8CB4EFD4E2119D33.e.3787/click - {}
RESULT: {}
COMMAND: GET /session/ad66f158aa4d4ab6ef13355aa7850eca/screenshot - {}
RESULT: {}
COMMAND: POST /session/ad66f158aa4d4ab6ef13355aa7850eca/element - {"using":"xpath","value":"//bdi[contains(text(), \"OK\")]"}
RESULT: {"using":"xpath","value":"//bdi[contains(text(), \"OK\")]"}
COMMAND: POST /session/ad66f158aa4d4ab6ef13355aa7850eca/element/f.46184FC8CB979803EFB42F6A75FB8695.d.A119FE631CC5BAFC8CB4EFD4E2119D33.e.3788/click - {}
RESULT: {}
COMMAND: GET /session/ad66f158aa4d4ab6ef13355aa7850eca/screenshot - {}
RESULT: {}
COMMAND: POST /session/ad66f158aa4d4ab6ef13355aa7850eca/element - {"using":"xpath","value":"//button[@data-kt=\"saveButton\"]"}
RESULT: {"using":"xpath","value":"//button[@data-kt=\"saveButton\"]"}
COMMAND: POST /session/ad66f158aa4d4ab6ef13355aa7850eca/element/f.46184FC8CB979803EFB42F6A75FB8695.d.A119FE631CC5BAFC8CB4EFD4E2119D33.e.3643/click - {}
RESULT: {}
COMMAND: GET /session/ad66f158aa4d4ab6ef13355aa7850eca/screenshot - {}
RESULT: {}
COMMAND: POST /session/ad66f158aa4d4ab6ef13355aa7850eca/element - {"using":"xpath","value":"//header[contains(@id, 'ObjectPageLayout-headerTitle')]/div[1]/div[2]/div[2]/span[1]"}
RESULT: {"using":"xpath","value":"//header[contains(@id, 'ObjectPageLayout-headerTitle')]/div[1]/div[2]/div[2]/span[1]"}
COMMAND: POST /session/ad66f158aa4d4ab6ef13355aa7850eca/elements - {"using":"xpath","value":"//header[contains(@id, 'ObjectPageLayout-headerTitle')]/div[1]/div[2]/div[2]/span[1]"}
RESULT: {"using":"xpath","value":"//header[contains(@id, 'ObjectPageLayout-headerTitle')]/div[1]/div[2]/div[2]/span[1]"}
COMMAND: POST /session/ad66f158aa4d4ab6ef13355aa7850eca/execute/sync - {"script":"<script> [56 bytes]","args":[{"element-6066-11e4-a52e-4f735466cecf":"f.46184FC8CB979803EFB42F6A75FB8695.d.A119FE631CC5BAFC8CB4EFD4E2119D33.e.3956","ELEMENT":"f.46184FC8CB979803EFB42F6A75FB8695.d.A119FE631CC5BAFC8CB4EFD4E2119D33.e.3956"}]}
RESULT: {"script":"<script> [56 bytes]","args":[{"element-6066-11e4-a52e-4f735466cecf":"f.46184FC8CB979803EFB42F6A75FB8695.d.A119FE631CC5BAFC8CB4EFD4E2119D33.e.3956","ELEMENT":"f.46184FC8CB979803EFB42F6A75FB8695.d.A119FE631CC5BAFC8CB4EFD4E2119D33.e.3956"}]}
COMMAND: POST /session/ad66f158aa4d4ab6ef13355aa7850eca/element - {"using":"css selector","value":"#shell-header-logo"}
COMMAND: GET /session/ad66f158aa4d4ab6ef13355aa7850eca/screenshot - {}
RESULT: {"using":"css selector","value":"#shell-header-logo"}
COMMAND: POST /session/ad66f158aa4d4ab6ef13355aa7850eca/element/f.46184FC8CB979803EFB42F6A75FB8695.d.A119FE631CC5BAFC8CB4EFD4E2119D33.e.3188/click - {}
RESULT: {}
RESULT: {}
COMMAND: GET /session/ad66f158aa4d4ab6ef13355aa7850eca/screenshot - {}
RESULT: {}
COMMAND: POST /session/ad66f158aa4d4ab6ef13355aa7850eca/execute/sync - {"script":"<script> [299 bytes]","args":[["getModel","getResource"]]}
RESULT: {"script":"<script> [299 bytes]","args":[["getModel","getResource"]]}
RESULT: undefined
COMMAND: POST /session/ad66f158aa4d4ab6ef13355aa7850eca/element - {"using":"xpath","value":"//*[@id=\"__tile30\"]"}
COMMAND: GET /session/ad66f158aa4d4ab6ef13355aa7850eca/screenshot - {}
RESULT: {"using":"xpath","value":"//*[@id=\"__tile30\"]"}
COMMAND: POST /session/ad66f158aa4d4ab6ef13355aa7850eca/element/f.46184FC8CB979803EFB42F6A75FB8695.d.A119FE631CC5BAFC8CB4EFD4E2119D33.e.3108/click - {}
RESULT: {}
RESULT: {}
COMMAND: GET /session/ad66f158aa4d4ab6ef13355aa7850eca/screenshot - {}
RESULT: {}
COMMAND: POST /session/ad66f158aa4d4ab6ef13355aa7850eca/elements - {"using":"xpath","value":"//span[text()='Error']"}
RESULT: {"using":"xpath","value":"//span[text()='Error']"}
COMMAND: POST /session/ad66f158aa4d4ab6ef13355aa7850eca/element - {"using":"xpath","value":"//button[@data-kt=\"addButton\"]"}
RESULT: {"using":"xpath","value":"//button[@data-kt=\"addButton\"]"}
COMMAND: POST /session/ad66f158aa4d4ab6ef13355aa7850eca/elements - {"using":"xpath","value":"//button[@data-kt=\"addButton\"]"}
RESULT: {"using":"xpath","value":"//button[@data-kt=\"addButton\"]"}
COMMAND: POST /session/ad66f158aa4d4ab6ef13355aa7850eca/execute/sync - {"script":"<script> [8489 bytes]","args":[{"element-6066-11e4-a52e-4f735466cecf":"f.46184FC8CB979803EFB42F6A75FB8695.d.A119FE631CC5BAFC8CB4EFD4E2119D33.e.4003","ELEMENT":"f.46184FC8CB979803EFB42F6A75FB8695.d.A119FE631CC5BAFC8CB4EFD4E2119D33.e.4003"}]}
RESULT: {"script":"<script> [8489 bytes]","args":[{"element-6066-11e4-a52e-4f735466cecf":"f.46184FC8CB979803EFB42F6A75FB8695.d.A119FE631CC5BAFC8CB4EFD4E2119D33.e.4003","ELEMENT":"f.46184FC8CB979803EFB42F6A75FB8695.d.A119FE631CC5BAFC8CB4EFD4E2119D33.e.4003"}]}
COMMAND: GET /session/ad66f158aa4d4ab6ef13355aa7850eca/element/f.46184FC8CB979803EFB42F6A75FB8695.d.A119FE631CC5BAFC8CB4EFD4E2119D33.e.4003/enabled - {}
COMMAND: GET /session/ad66f158aa4d4ab6ef13355aa7850eca/screenshot - {}
RESULT: {}
COMMAND: POST /session/ad66f158aa4d4ab6ef13355aa7850eca/execute/sync - {"script":"<script> [8489 bytes]","args":[{"element-6066-11e4-a52e-4f735466cecf":"f.46184FC8CB979803EFB42F6A75FB8695.d.A119FE631CC5BAFC8CB4EFD4E2119D33.e.4003","ELEMENT":"f.46184FC8CB979803EFB42F6A75FB8695.d.A119FE631CC5BAFC8CB4EFD4E2119D33.e.4003"}]}
COMMAND: GET /session/ad66f158aa4d4ab6ef13355aa7850eca/screenshot - {}
RESULT: {}
RESULT: {"script":"<script> [8489 bytes]","args":[{"element-6066-11e4-a52e-4f735466cecf":"f.46184FC8CB979803EFB42F6A75FB8695.d.A119FE631CC5BAFC8CB4EFD4E2119D33.e.4003","ELEMENT":"f.46184FC8CB979803EFB42F6A75FB8695.d.A119FE631CC5BAFC8CB4EFD4E2119D33.e.4003"}]}
COMMAND: POST /session/ad66f158aa4d4ab6ef13355aa7850eca/execute/sync - {"script":"<script> [5351 bytes]","args":[{"element-6066-11e4-a52e-4f735466cecf":"f.46184FC8CB979803EFB42F6A75FB8695.d.A119FE631CC5BAFC8CB4EFD4E2119D33.e.4003","ELEMENT":"f.46184FC8CB979803EFB42F6A75FB8695.d.A119FE631CC5BAFC8CB4EFD4E2119D33.e.4003"}]}
COMMAND: GET /session/ad66f158aa4d4ab6ef13355aa7850eca/screenshot - {}
RESULT: {}
RESULT: {"script":"<script> [5351 bytes]","args":[{"element-6066-11e4-a52e-4f735466cecf":"f.46184FC8CB979803EFB42F6A75FB8695.d.A119FE631CC5BAFC8CB4EFD4E2119D33.e.4003","ELEMENT":"f.46184FC8CB979803EFB42F6A75FB8695.d.A119FE631CC5BAFC8CB4EFD4E2119D33.e.4003"}]}
COMMAND: GET /session/ad66f158aa4d4ab6ef13355aa7850eca/screenshot - {}
RESULT: {}
RESULT: {}
COMMAND: POST /session/ad66f158aa4d4ab6ef13355aa7850eca/execute/async - {"script":"<script> [1562 bytes]","args":[{"selector":{"id":"application-managepartners-display-component---masterPtm--smartFilterBar-btnBasicSearch","interaction":{"idSuffix":"I"}},"wdio_ui5_key":"applicationmanagepartners-display-component---masterPtm--smartFilterBar-btnBasicSearch"}]}
RESULT: {"script":"<script> [1562 bytes]","args":[{"selector":{"id":"application-managepartners-display-component---masterPtm--smartFilterBar-btnBasicSearch","interaction":{"idSuffix":"I"}},"wdio_ui5_key":"applicationmanagepartners-display-component---masterPtm--smartFilterBar-btnBasicSearch"}]}
RESULT: undefined
COMMAND: POST /session/ad66f158aa4d4ab6ef13355aa7850eca/execute/async - {"script":"<script> [776 bytes]","args":[{"enterText":"1355","selector":{"id":"application-managepartners-display-component---masterPtm--smartFilterBar-btnBasicSearch","interaction":{"idSuffix":"I"}},"clearTextFirst":true,"interactionType":"ENTER_TEXT"}]}
RESULT: {"script":"<script> [776 bytes]","args":[{"enterText":"1355","selector":{"id":"application-managepartners-display-component---masterPtm--smartFilterBar-btnBasicSearch","interaction":{"idSuffix":"I"}},"clearTextFirst":true,"interactionType":"ENTER_TEXT"}]}
COMMAND: POST /session/ad66f158aa4d4ab6ef13355aa7850eca/actions - {"actions":[{"id":"action11","type":"key","parameters":{},"actions":[{"type":"keyDown","value":""},{"type":"pause","duration":10},{"type":"keyUp","value":""}]}]}
RESULT: {"actions":[{"id":"action11","type":"key","parameters":{},"actions":[{"type":"keyDown","value":""},{"type":"pause","duration":10},{"type":"keyUp","value":""}]}]}
COMMAND: GET /session/ad66f158aa4d4ab6ef13355aa7850eca/screenshot - {}
RESULT: {}
COMMAND: POST /session/ad66f158aa4d4ab6ef13355aa7850eca/elements - {"using":"xpath","value":"//table[contains(@id, \"customPartnersTable-listUl\")]/tbody/tr"}
RESULT: {"using":"xpath","value":"//table[contains(@id, \"customPartnersTable-listUl\")]/tbody/tr"}
COMMAND: POST /session/ad66f158aa4d4ab6ef13355aa7850eca/element - {"using":"xpath","value":"//table[contains(@id, \"customPartnersTable-listUl\")]/tbody/tr[1]/td[3]/span"}
RESULT: {"using":"xpath","value":"//table[contains(@id, \"customPartnersTable-listUl\")]/tbody/tr[1]/td[3]/span"}
COMMAND: POST /session/ad66f158aa4d4ab6ef13355aa7850eca/elements - {"using":"xpath","value":"//table[contains(@id, \"customPartnersTable-listUl\")]/tbody/tr[1]/td[3]/span"}
RESULT: {"using":"xpath","value":"//table[contains(@id, \"customPartnersTable-listUl\")]/tbody/tr[1]/td[3]/span"}
COMMAND: POST /session/ad66f158aa4d4ab6ef13355aa7850eca/execute/sync - {"script":"<script> [56 bytes]","args":[{"element-6066-11e4-a52e-4f735466cecf":"f.46184FC8CB979803EFB42F6A75FB8695.d.A119FE631CC5BAFC8CB4EFD4E2119D33.e.4138","ELEMENT":"f.46184FC8CB979803EFB42F6A75FB8695.d.A119FE631CC5BAFC8CB4EFD4E2119D33.e.4138"}]}
RESULT: {"script":"<script> [56 bytes]","args":[{"element-6066-11e4-a52e-4f735466cecf":"f.46184FC8CB979803EFB42F6A75FB8695.d.A119FE631CC5BAFC8CB4EFD4E2119D33.e.4138","ELEMENT":"f.46184FC8CB979803EFB42F6A75FB8695.d.A119FE631CC5BAFC8CB4EFD4E2119D33.e.4138"}]}
COMMAND: POST /session/ad66f158aa4d4ab6ef13355aa7850eca/element - {"using":"xpath","value":"(//span[contains(@id, \"imgNav\")])[1]"}
COMMAND: GET /session/ad66f158aa4d4ab6ef13355aa7850eca/screenshot - {}
RESULT: {"using":"xpath","value":"(//span[contains(@id, \"imgNav\")])[1]"}
COMMAND: POST /session/ad66f158aa4d4ab6ef13355aa7850eca/element/f.46184FC8CB979803EFB42F6A75FB8695.d.A119FE631CC5BAFC8CB4EFD4E2119D33.e.4136/click - {}
RESULT: {}
RESULT: {}
COMMAND: GET /session/ad66f158aa4d4ab6ef13355aa7850eca/screenshot - {}
RESULT: {}
COMMAND: POST /session/ad66f158aa4d4ab6ef13355aa7850eca/element - {"using":"xpath","value":"//bdi[contains(text(), \"Edit\")]"}
RESULT: {"using":"xpath","value":"//bdi[contains(text(), \"Edit\")]"}
COMMAND: POST /session/ad66f158aa4d4ab6ef13355aa7850eca/element/f.46184FC8CB979803EFB42F6A75FB8695.d.A119FE631CC5BAFC8CB4EFD4E2119D33.e.4281/click - {}
RESULT: {}
COMMAND: GET /session/ad66f158aa4d4ab6ef13355aa7850eca/screenshot - {}
RESULT: {}
COMMAND: POST /session/ad66f158aa4d4ab6ef13355aa7850eca/execute/async - {"script":"<script> [1562 bytes]","args":[{"selector":{"controlType":"sap.m.Input","viewName":"etm.portal.ui.managepartners.view.EditDetail","labelFor":{"text":"Name"},"interaction":{"idSuffix":"inner"}},"wdio_ui5_key":"etmportal.ui.managepartners.view.EditDetailsap.m.Input{\"text\":\"Name\"}"}]}
RESULT: {"script":"<script> [1562 bytes]","args":[{"selector":{"controlType":"sap.m.Input","viewName":"etm.portal.ui.managepartners.view.EditDetail","labelFor":{"text":"Name"},"interaction":{"idSuffix":"inner"}},"wdio_ui5_key":"etmportal.ui.managepartners.view.EditDetailsap.m.Input{\"text\":\"Name\"}"}]}
RESULT: undefined
COMMAND: POST /session/ad66f158aa4d4ab6ef13355aa7850eca/execute/async - {"script":"<script> [776 bytes]","args":[{"enterText":"Intercompany EDIT","selector":{"controlType":"sap.m.Input","viewName":"etm.portal.ui.managepartners.view.EditDetail","labelFor":{"text":"Name"},"interaction":{"idSuffix":"inner"}},"clearTextFirst":true,"interactionType":"ENTER_TEXT"}]}
RESULT: {"script":"<script> [776 bytes]","args":[{"enterText":"Intercompany EDIT","selector":{"controlType":"sap.m.Input","viewName":"etm.portal.ui.managepartners.view.EditDetail","labelFor":{"text":"Name"},"interaction":{"idSuffix":"inner"}},"clearTextFirst":true,"interactionType":"ENTER_TEXT"}]}
COMMAND: POST /session/ad66f158aa4d4ab6ef13355aa7850eca/element - {"using":"xpath","value":"(//span[contains(@id,\"addressDetailDetailsLanguage-arrow\")])[1]"}
RESULT: {"using":"xpath","value":"(//span[contains(@id,\"addressDetailDetailsLanguage-arrow\")])[1]"}
COMMAND: POST /session/ad66f158aa4d4ab6ef13355aa7850eca/element/f.46184FC8CB979803EFB42F6A75FB8695.d.A119FE631CC5BAFC8CB4EFD4E2119D33.e.4366/click - {}
RESULT: {}
COMMAND: POST /session/ad66f158aa4d4ab6ef13355aa7850eca/element - {"using":"xpath","value":"//span[contains(text(), \"Chinese\")]"}
COMMAND: GET /session/ad66f158aa4d4ab6ef13355aa7850eca/screenshot - {}
RESULT: {"using":"xpath","value":"//span[contains(text(), \"Chinese\")]"}
COMMAND: POST /session/ad66f158aa4d4ab6ef13355aa7850eca/element/f.46184FC8CB979803EFB42F6A75FB8695.d.A119FE631CC5BAFC8CB4EFD4E2119D33.e.4367/click - {}
RESULT: {}
RESULT: {}
COMMAND: GET /session/ad66f158aa4d4ab6ef13355aa7850eca/screenshot - {}
RESULT: {}
COMMAND: POST /session/ad66f158aa4d4ab6ef13355aa7850eca/execute/async - {"script":"<script> [1562 bytes]","args":[{"selector":{"controlType":"sap.m.Input","viewName":"etm.portal.ui.managepartners.view.EditDetail","labelFor":{"text":"City"},"interaction":{"idSuffix":"inner"}},"wdio_ui5_key":"etmportal.ui.managepartners.view.EditDetailsap.m.Input{\"text\":\"City\"}"}]}
RESULT: {"script":"<script> [1562 bytes]","args":[{"selector":{"controlType":"sap.m.Input","viewName":"etm.portal.ui.managepartners.view.EditDetail","labelFor":{"text":"City"},"interaction":{"idSuffix":"inner"}},"wdio_ui5_key":"etmportal.ui.managepartners.view.EditDetailsap.m.Input{\"text\":\"City\"}"}]}
RESULT: undefined
COMMAND: POST /session/ad66f158aa4d4ab6ef13355aa7850eca/execute/async - {"script":"<script> [776 bytes]","args":[{"enterText":"Clooj-Napoca","selector":{"controlType":"sap.m.Input","viewName":"etm.portal.ui.managepartners.view.EditDetail","labelFor":{"text":"City"},"interaction":{"idSuffix":"inner"}},"clearTextFirst":true,"interactionType":"ENTER_TEXT"}]}
RESULT: {"script":"<script> [776 bytes]","args":[{"enterText":"Clooj-Napoca","selector":{"controlType":"sap.m.Input","viewName":"etm.portal.ui.managepartners.view.EditDetail","labelFor":{"text":"City"},"interaction":{"idSuffix":"inner"}},"clearTextFirst":true,"interactionType":"ENTER_TEXT"}]}
COMMAND: POST /session/ad66f158aa4d4ab6ef13355aa7850eca/element - {"using":"xpath","value":"//button[@data-kt=\"saveButton\"]"}
RESULT: {"using":"xpath","value":"//button[@data-kt=\"saveButton\"]"}
COMMAND: POST /session/ad66f158aa4d4ab6ef13355aa7850eca/element/f.46184FC8CB979803EFB42F6A75FB8695.d.A119FE631CC5BAFC8CB4EFD4E2119D33.e.4343/click - {}
RESULT: {}
COMMAND: GET /session/ad66f158aa4d4ab6ef13355aa7850eca/screenshot - {}
RESULT: {}
COMMAND: POST /session/ad66f158aa4d4ab6ef13355aa7850eca/execute/async - {"script":"<script> [1562 bytes]","args":[{"selector":{"id":"application-managepartners-display-component---detailPtm--addressDetailDetailsName1"},"wdio_ui5_key":"applicationmanagepartners-display-component---detailPtm--addressDetailDetailsName1"}]}
RESULT: {"script":"<script> [1562 bytes]","args":[{"selector":{"id":"application-managepartners-display-component---detailPtm--addressDetailDetailsName1"},"wdio_ui5_key":"applicationmanagepartners-display-component---detailPtm--addressDetailDetailsName1"}]}
RESULT: undefined
COMMAND: POST /session/ad66f158aa4d4ab6ef13355aa7850eca/execute/async - {"script":"<script> [6424 bytes]","args":[{"element-6066-11e4-a52e-4f735466cecf":"f.46184FC8CB979803EFB42F6A75FB8695.d.A119FE631CC5BAFC8CB4EFD4E2119D33.e.4398"},"getValue",[]]}
RESULT: {"script":"<script> [6424 bytes]","args":[{"element-6066-11e4-a52e-4f735466cecf":"f.46184FC8CB979803EFB42F6A75FB8695.d.A119FE631CC5BAFC8CB4EFD4E2119D33.e.4398"},"getValue",[]]}
COMMAND: POST /session/ad66f158aa4d4ab6ef13355aa7850eca/element - {"using":"xpath","value":"//input[@id = \"application-managepartners-display-component---detailPtm--addressDetailDetailsLanguage-inner\"]"}
RESULT: {"using":"xpath","value":"//input[@id = \"application-managepartners-display-component---detailPtm--addressDetailDetailsLanguage-inner\"]"}
COMMAND: GET /session/ad66f158aa4d4ab6ef13355aa7850eca/element/f.46184FC8CB979803EFB42F6A75FB8695.d.A119FE631CC5BAFC8CB4EFD4E2119D33.e.4399/property/value - {}
RESULT: {}
COMMAND: POST /session/ad66f158aa4d4ab6ef13355aa7850eca/execute/async - {"script":"<script> [1562 bytes]","args":[{"selector":{"id":"application-managepartners-display-component---detailPtm--addressDetailDetailsCity1"},"wdio_ui5_key":"applicationmanagepartners-display-component---detailPtm--addressDetailDetailsCity1"}]}
COMMAND: GET /session/ad66f158aa4d4ab6ef13355aa7850eca/screenshot - {}
RESULT: {"script":"<script> [1562 bytes]","args":[{"selector":{"id":"application-managepartners-display-component---detailPtm--addressDetailDetailsCity1"},"wdio_ui5_key":"applicationmanagepartners-display-component---detailPtm--addressDetailDetailsCity1"}]}
RESULT: undefined
COMMAND: POST /session/ad66f158aa4d4ab6ef13355aa7850eca/execute/async - {"script":"<script> [6424 bytes]","args":[{"element-6066-11e4-a52e-4f735466cecf":"f.46184FC8CB979803EFB42F6A75FB8695.d.A119FE631CC5BAFC8CB4EFD4E2119D33.e.4400"},"getValue",[]]}
RESULT: {}
RESULT: {"script":"<script> [6424 bytes]","args":[{"element-6066-11e4-a52e-4f735466cecf":"f.46184FC8CB979803EFB42F6A75FB8695.d.A119FE631CC5BAFC8CB4EFD4E2119D33.e.4400"},"getValue",[]]}
COMMAND: POST /session/ad66f158aa4d4ab6ef13355aa7850eca/element - {"using":"css selector","value":"#shell-header-logo"}
RESULT: {"using":"css selector","value":"#shell-header-logo"}
COMMAND: POST /session/ad66f158aa4d4ab6ef13355aa7850eca/element/f.46184FC8CB979803EFB42F6A75FB8695.d.A119FE631CC5BAFC8CB4EFD4E2119D33.e.3959/click - {}
RESULT: {}
COMMAND: GET /session/ad66f158aa4d4ab6ef13355aa7850eca/screenshot - {}
RESULT: {}
]]></system-out>
    </testcase>
    <testcase classname="chrome.136_0_7103_93.windows.Partner_specific_tests_US150819_US151080_US151654_US151176_US103444_US151078_US151079_US151109_US151174_US151175_US151189" name="Should create a new intracompany partner edit some of its fields US151079" time="258.588">
      <system-out><![CDATA[
COMMAND: POST /session/ad66f158aa4d4ab6ef13355aa7850eca/element - {"using":"xpath","value":"//li[.//span[text()=\"Manage Partners\"]]"}
RESULT: {"using":"xpath","value":"//li[.//span[text()=\"Manage Partners\"]]"}
COMMAND: POST /session/ad66f158aa4d4ab6ef13355aa7850eca/element - {"using":"xpath","value":"//li[.//span[text()=\"Manage Partners\"]]"}
RESULT: {"using":"xpath","value":"//li[.//span[text()=\"Manage Partners\"]]"}
COMMAND: POST /session/ad66f158aa4d4ab6ef13355aa7850eca/element - {"using":"css selector","value":"#shell-header-logo"}
RESULT: {"using":"css selector","value":"#shell-header-logo"}
COMMAND: POST /session/ad66f158aa4d4ab6ef13355aa7850eca/element/f.46184FC8CB979803EFB42F6A75FB8695.d.A119FE631CC5BAFC8CB4EFD4E2119D33.e.4430/click - {}
COMMAND: POST /session/ad66f158aa4d4ab6ef13355aa7850eca/execute/sync - {"script":"<script> [8489 bytes]","args":[{"element-6066-11e4-a52e-4f735466cecf":"f.46184FC8CB979803EFB42F6A75FB8695.d.A119FE631CC5BAFC8CB4EFD4E2119D33.e.4430","ELEMENT":"f.46184FC8CB979803EFB42F6A75FB8695.d.A119FE631CC5BAFC8CB4EFD4E2119D33.e.4430"}]}
RESULT: {"script":"<script> [8489 bytes]","args":[{"element-6066-11e4-a52e-4f735466cecf":"f.46184FC8CB979803EFB42F6A75FB8695.d.A119FE631CC5BAFC8CB4EFD4E2119D33.e.4430","ELEMENT":"f.46184FC8CB979803EFB42F6A75FB8695.d.A119FE631CC5BAFC8CB4EFD4E2119D33.e.4430"}]}
COMMAND: POST /session/ad66f158aa4d4ab6ef13355aa7850eca/execute/sync - {"script":"<script> [5351 bytes]","args":[{"element-6066-11e4-a52e-4f735466cecf":"f.46184FC8CB979803EFB42F6A75FB8695.d.A119FE631CC5BAFC8CB4EFD4E2119D33.e.4430","ELEMENT":"f.46184FC8CB979803EFB42F6A75FB8695.d.A119FE631CC5BAFC8CB4EFD4E2119D33.e.4430"}]}
COMMAND: GET /session/ad66f158aa4d4ab6ef13355aa7850eca/screenshot - {}
RESULT: {}
COMMAND: GET /session/ad66f158aa4d4ab6ef13355aa7850eca/screenshot - {}
RESULT: {"script":"<script> [5351 bytes]","args":[{"element-6066-11e4-a52e-4f735466cecf":"f.46184FC8CB979803EFB42F6A75FB8695.d.A119FE631CC5BAFC8CB4EFD4E2119D33.e.4430","ELEMENT":"f.46184FC8CB979803EFB42F6A75FB8695.d.A119FE631CC5BAFC8CB4EFD4E2119D33.e.4430"}]}
COMMAND: GET /session/ad66f158aa4d4ab6ef13355aa7850eca/screenshot - {}
RESULT: {}
RESULT: {}
RESULT: {}
COMMAND: POST /session/ad66f158aa4d4ab6ef13355aa7850eca/refresh - {}
RESULT: {}
COMMAND: GET /session/ad66f158aa4d4ab6ef13355aa7850eca/screenshot - {}
RESULT: {}
COMMAND: POST /session/ad66f158aa4d4ab6ef13355aa7850eca/refresh - {}
RESULT: {}
COMMAND: GET /session/ad66f158aa4d4ab6ef13355aa7850eca/screenshot - {}
RESULT: {}
COMMAND: POST /session/ad66f158aa4d4ab6ef13355aa7850eca/window/fullscreen - {}
RESULT: {}
COMMAND: POST /session/ad66f158aa4d4ab6ef13355aa7850eca/execute/async - {"script":"<script> [189 bytes]","args":[]}
RESULT: {"script":"<script> [189 bytes]","args":[]}
COMMAND: POST /session/ad66f158aa4d4ab6ef13355aa7850eca/execute/async - {"script":"<script> [123 bytes]","args":[]}
RESULT: {"script":"<script> [123 bytes]","args":[]}
COMMAND: POST /session/ad66f158aa4d4ab6ef13355aa7850eca/timeouts - {"script":"<number>"}
RESULT: {"script":"<number>"}
COMMAND: GET /session/ad66f158aa4d4ab6ef13355aa7850eca/timeouts - {}
RESULT: {}
RESULT: undefined
COMMAND: POST /session/ad66f158aa4d4ab6ef13355aa7850eca/execute/async - {"script":"<script> [2676 bytes]","args":[]}
RESULT: {"script":"<script> [2676 bytes]","args":[]}
COMMAND: POST /session/ad66f158aa4d4ab6ef13355aa7850eca/execute/async - {"script":"<script> [2342 bytes]","args":[{"protocol":"http","hostname":"0.0.0.0","path":"/","capabilities":{"browserName":"chrome","goog:chromeOptions":{"binary":"C:\\Program Files\\Google\\Chrome\\Application\\chrome.exe","args":["--start-maximized"]}},"logLevel":"warn","connectionRetryTimeout":120000,"connectionRetryCount":3,"logLevels":{},"enableDirectConnect":true,"strictSSL":true,"_":"65 more keys: [\"cacheDir\",\"port\",\"requestedCapabilities\",\"automationProtocol\",\"baseUrl\",\"waitforInterval\",\"waitforTimeout\",\"onReload\",\"beforeCommand\",\"afterCommand\",\"rootDir\",\"specs\",\"suites\",\"exclude\",\"groupLogsByTestSpec\",\"excludeDriverLogs\",\"bail\",\"framework\",\"reporters\",\"services\",\"maxInstances\",\"maxInstancesPerCapability\",\"injectGlobals\",\"filesToWatch\",\"execArgv\",\"runnerEnv\",\"runner\",\"shard\",\"specFileRetries\",\"specFileRetriesDelay\",\"specFileRetriesDeferred\",\"reporterSyncInterval\",\"reporterSyncTimeout\",\"cucumberFeaturesWithLineNumbers\",\"autoCompileOpts\",\"mochaOpts\",\"jasmineOpts\",\"cucumberOpts\",\"onPrepare\",\"onWorkerStart\",\"onWorkerEnd\",\"before\",\"beforeSession\",\"beforeSuite\",\"beforeHook\",\"beforeTest\",\"afterTest\",\"afterHook\",\"afterSuite\",\"afterSession\",\"after\",\"onComplete\",\"beforeAssertion\",\"afterAssertion\",\"beforeFeature\",\"beforeScenario\",\"beforeStep\",\"afterStep\",\"afterScenario\",\"afterFeature\",\"_\",\"suite\",\"$0\",\"ignoredWorkerServices\",\"wdi5\"]"}]}
RESULT: {"script":"<script> [2342 bytes]","args":[{"protocol":"http","hostname":"0.0.0.0","path":"/","capabilities":{"browserName":"chrome","goog:chromeOptions":{"binary":"C:\\Program Files\\Google\\Chrome\\Application\\chrome.exe","args":["--start-maximized"]}},"logLevel":"warn","connectionRetryTimeout":120000,"connectionRetryCount":3,"logLevels":{},"enableDirectConnect":true,"strictSSL":true,"_":"65 more keys: [\"cacheDir\",\"port\",\"requestedCapabilities\",\"automationProtocol\",\"baseUrl\",\"waitforInterval\",\"waitforTimeout\",\"onReload\",\"beforeCommand\",\"afterCommand\",\"rootDir\",\"specs\",\"suites\",\"exclude\",\"groupLogsByTestSpec\",\"excludeDriverLogs\",\"bail\",\"framework\",\"reporters\",\"services\",\"maxInstances\",\"maxInstancesPerCapability\",\"injectGlobals\",\"filesToWatch\",\"execArgv\",\"runnerEnv\",\"runner\",\"shard\",\"specFileRetries\",\"specFileRetriesDelay\",\"specFileRetriesDeferred\",\"reporterSyncInterval\",\"reporterSyncTimeout\",\"cucumberFeaturesWithLineNumbers\",\"autoCompileOpts\",\"mochaOpts\",\"jasmineOpts\",\"cucumberOpts\",\"onPrepare\",\"onWorkerStart\",\"onWorkerEnd\",\"before\",\"beforeSession\",\"beforeSuite\",\"beforeHook\",\"beforeTest\",\"afterTest\",\"afterHook\",\"afterSuite\",\"afterSession\",\"after\",\"onComplete\",\"beforeAssertion\",\"afterAssertion\",\"beforeFeature\",\"beforeScenario\",\"beforeStep\",\"afterStep\",\"afterScenario\",\"afterFeature\",\"_\",\"suite\",\"$0\",\"ignoredWorkerServices\",\"wdi5\"]"}]}
COMMAND: POST /session/ad66f158aa4d4ab6ef13355aa7850eca/execute/async - {"script":"<script> [21126 bytes]","args":[35000]}
RESULT: {"script":"<script> [21126 bytes]","args":[35000]}
COMMAND: POST /session/ad66f158aa4d4ab6ef13355aa7850eca/window/fullscreen - {}
RESULT: {}
COMMAND: POST /session/ad66f158aa4d4ab6ef13355aa7850eca/window/fullscreen - {}
RESULT: {}
COMMAND: POST /session/ad66f158aa4d4ab6ef13355aa7850eca/execute/async - {"script":"<script> [1562 bytes]","args":[{"selector":{"controlType":"sap.m.GenericTile","properties":{"header":"Manage Partners"}},"wdio_ui5_key":"sapm.GenericTile{\"header\":\"Manage Partners\"}"}]}
RESULT: {"script":"<script> [1562 bytes]","args":[{"selector":{"controlType":"sap.m.GenericTile","properties":{"header":"Manage Partners"}},"wdio_ui5_key":"sapm.GenericTile{\"header\":\"Manage Partners\"}"}]}
RESULT: undefined
COMMAND: POST /session/ad66f158aa4d4ab6ef13355aa7850eca/element - {"using":"xpath","value":"//*[@id=\"__tile30\"]"}
RESULT: {"using":"xpath","value":"//*[@id=\"__tile30\"]"}
COMMAND: POST /session/ad66f158aa4d4ab6ef13355aa7850eca/element/f.46184FC8CB979803EFB42F6A75FB8695.d.AB81163FA132FF03249B7962439B9979.e.4500/click - {}
RESULT: {}
COMMAND: GET /session/ad66f158aa4d4ab6ef13355aa7850eca/screenshot - {}
RESULT: {}
COMMAND: POST /session/ad66f158aa4d4ab6ef13355aa7850eca/elements - {"using":"xpath","value":"//span[text()='Error']"}
RESULT: {"using":"xpath","value":"//span[text()='Error']"}
COMMAND: POST /session/ad66f158aa4d4ab6ef13355aa7850eca/element - {"using":"xpath","value":"//button[@data-kt=\"addButton\"]"}
RESULT: {"using":"xpath","value":"//button[@data-kt=\"addButton\"]"}
COMMAND: POST /session/ad66f158aa4d4ab6ef13355aa7850eca/elements - {"using":"xpath","value":"//button[@data-kt=\"addButton\"]"}
RESULT: {"using":"xpath","value":"//button[@data-kt=\"addButton\"]"}
COMMAND: POST /session/ad66f158aa4d4ab6ef13355aa7850eca/elements - {"using":"xpath","value":"//button[@data-kt=\"addButton\"]"}
RESULT: {"using":"xpath","value":"//button[@data-kt=\"addButton\"]"}
COMMAND: POST /session/ad66f158aa4d4ab6ef13355aa7850eca/elements - {"using":"xpath","value":"//button[@data-kt=\"addButton\"]"}
RESULT: {"using":"xpath","value":"//button[@data-kt=\"addButton\"]"}
COMMAND: POST /session/ad66f158aa4d4ab6ef13355aa7850eca/elements - {"using":"xpath","value":"//button[@data-kt=\"addButton\"]"}
RESULT: {"using":"xpath","value":"//button[@data-kt=\"addButton\"]"}
COMMAND: POST /session/ad66f158aa4d4ab6ef13355aa7850eca/elements - {"using":"xpath","value":"//button[@data-kt=\"addButton\"]"}
RESULT: {"using":"xpath","value":"//button[@data-kt=\"addButton\"]"}
COMMAND: POST /session/ad66f158aa4d4ab6ef13355aa7850eca/elements - {"using":"xpath","value":"//button[@data-kt=\"addButton\"]"}
RESULT: {"using":"xpath","value":"//button[@data-kt=\"addButton\"]"}
COMMAND: POST /session/ad66f158aa4d4ab6ef13355aa7850eca/elements - {"using":"xpath","value":"//button[@data-kt=\"addButton\"]"}
RESULT: {"using":"xpath","value":"//button[@data-kt=\"addButton\"]"}
COMMAND: POST /session/ad66f158aa4d4ab6ef13355aa7850eca/elements - {"using":"xpath","value":"//button[@data-kt=\"addButton\"]"}
RESULT: {"using":"xpath","value":"//button[@data-kt=\"addButton\"]"}
COMMAND: POST /session/ad66f158aa4d4ab6ef13355aa7850eca/elements - {"using":"xpath","value":"//button[@data-kt=\"addButton\"]"}
RESULT: {"using":"xpath","value":"//button[@data-kt=\"addButton\"]"}
COMMAND: POST /session/ad66f158aa4d4ab6ef13355aa7850eca/elements - {"using":"xpath","value":"//button[@data-kt=\"addButton\"]"}
RESULT: {"using":"xpath","value":"//button[@data-kt=\"addButton\"]"}
COMMAND: POST /session/ad66f158aa4d4ab6ef13355aa7850eca/elements - {"using":"xpath","value":"//button[@data-kt=\"addButton\"]"}
RESULT: {"using":"xpath","value":"//button[@data-kt=\"addButton\"]"}
COMMAND: POST /session/ad66f158aa4d4ab6ef13355aa7850eca/elements - {"using":"xpath","value":"//button[@data-kt=\"addButton\"]"}
RESULT: {"using":"xpath","value":"//button[@data-kt=\"addButton\"]"}
COMMAND: POST /session/ad66f158aa4d4ab6ef13355aa7850eca/elements - {"using":"xpath","value":"//button[@data-kt=\"addButton\"]"}
RESULT: {"using":"xpath","value":"//button[@data-kt=\"addButton\"]"}
COMMAND: POST /session/ad66f158aa4d4ab6ef13355aa7850eca/element - {"using":"xpath","value":"//button[@data-kt=\"addButton\"]"}
RESULT: {"using":"xpath","value":"//button[@data-kt=\"addButton\"]"}
COMMAND: POST /session/ad66f158aa4d4ab6ef13355aa7850eca/execute/sync - {"script":"<script> [8489 bytes]","args":[{"element-6066-11e4-a52e-4f735466cecf":"f.46184FC8CB979803EFB42F6A75FB8695.d.AB81163FA132FF03249B7962439B9979.e.4615","ELEMENT":"f.46184FC8CB979803EFB42F6A75FB8695.d.AB81163FA132FF03249B7962439B9979.e.4615"}]}
RESULT: {"script":"<script> [8489 bytes]","args":[{"element-6066-11e4-a52e-4f735466cecf":"f.46184FC8CB979803EFB42F6A75FB8695.d.AB81163FA132FF03249B7962439B9979.e.4615","ELEMENT":"f.46184FC8CB979803EFB42F6A75FB8695.d.AB81163FA132FF03249B7962439B9979.e.4615"}]}
COMMAND: GET /session/ad66f158aa4d4ab6ef13355aa7850eca/element/f.46184FC8CB979803EFB42F6A75FB8695.d.AB81163FA132FF03249B7962439B9979.e.4615/enabled - {}
COMMAND: GET /session/ad66f158aa4d4ab6ef13355aa7850eca/screenshot - {}
RESULT: {}
COMMAND: POST /session/ad66f158aa4d4ab6ef13355aa7850eca/execute/sync - {"script":"<script> [8489 bytes]","args":[{"element-6066-11e4-a52e-4f735466cecf":"f.46184FC8CB979803EFB42F6A75FB8695.d.AB81163FA132FF03249B7962439B9979.e.4615","ELEMENT":"f.46184FC8CB979803EFB42F6A75FB8695.d.AB81163FA132FF03249B7962439B9979.e.4615"}]}
COMMAND: GET /session/ad66f158aa4d4ab6ef13355aa7850eca/screenshot - {}
RESULT: {}
RESULT: {"script":"<script> [8489 bytes]","args":[{"element-6066-11e4-a52e-4f735466cecf":"f.46184FC8CB979803EFB42F6A75FB8695.d.AB81163FA132FF03249B7962439B9979.e.4615","ELEMENT":"f.46184FC8CB979803EFB42F6A75FB8695.d.AB81163FA132FF03249B7962439B9979.e.4615"}]}
COMMAND: POST /session/ad66f158aa4d4ab6ef13355aa7850eca/execute/sync - {"script":"<script> [5351 bytes]","args":[{"element-6066-11e4-a52e-4f735466cecf":"f.46184FC8CB979803EFB42F6A75FB8695.d.AB81163FA132FF03249B7962439B9979.e.4615","ELEMENT":"f.46184FC8CB979803EFB42F6A75FB8695.d.AB81163FA132FF03249B7962439B9979.e.4615"}]}
COMMAND: GET /session/ad66f158aa4d4ab6ef13355aa7850eca/screenshot - {}
RESULT: {}
RESULT: {"script":"<script> [5351 bytes]","args":[{"element-6066-11e4-a52e-4f735466cecf":"f.46184FC8CB979803EFB42F6A75FB8695.d.AB81163FA132FF03249B7962439B9979.e.4615","ELEMENT":"f.46184FC8CB979803EFB42F6A75FB8695.d.AB81163FA132FF03249B7962439B9979.e.4615"}]}
COMMAND: POST /session/ad66f158aa4d4ab6ef13355aa7850eca/element/f.46184FC8CB979803EFB42F6A75FB8695.d.AB81163FA132FF03249B7962439B9979.e.4615/click - {}
COMMAND: GET /session/ad66f158aa4d4ab6ef13355aa7850eca/screenshot - {}
RESULT: {}
RESULT: {}
COMMAND: GET /session/ad66f158aa4d4ab6ef13355aa7850eca/screenshot - {}
COMMAND: POST /session/ad66f158aa4d4ab6ef13355aa7850eca/execute/async - {"script":"<script> [1562 bytes]","args":[{"selector":{"id":"application-managepartners-display-component---NewPartner--addressDetailDetailsName1","interaction":{"idSuffix":"inner"}},"wdio_ui5_key":"applicationmanagepartners-display-component---NewPartner--addressDetailDetailsName1"}]}
RESULT: {}
RESULT: {}
RESULT: {"script":"<script> [1562 bytes]","args":[{"selector":{"id":"application-managepartners-display-component---NewPartner--addressDetailDetailsName1","interaction":{"idSuffix":"inner"}},"wdio_ui5_key":"applicationmanagepartners-display-component---NewPartner--addressDetailDetailsName1"}]}
RESULT: undefined
COMMAND: POST /session/ad66f158aa4d4ab6ef13355aa7850eca/execute/async - {"script":"<script> [776 bytes]","args":[{"enterText":"Intracompany Partner WDIO","selector":{"id":"application-managepartners-display-component---NewPartner--addressDetailDetailsName1","interaction":{"idSuffix":"inner"}},"clearTextFirst":true,"interactionType":"ENTER_TEXT"}]}
RESULT: {"script":"<script> [776 bytes]","args":[{"enterText":"Intracompany Partner WDIO","selector":{"id":"application-managepartners-display-component---NewPartner--addressDetailDetailsName1","interaction":{"idSuffix":"inner"}},"clearTextFirst":true,"interactionType":"ENTER_TEXT"}]}
COMMAND: POST /session/ad66f158aa4d4ab6ef13355aa7850eca/execute/async - {"script":"<script> [1562 bytes]","args":[{"selector":{"id":"application-managepartners-display-component---NewPartner--addressDetailDetailsLanguage-arrow"},"wdio_ui5_key":"applicationmanagepartners-display-component---NewPartner--addressDetailDetailsLanguage-arrow"}]}
RESULT: {"script":"<script> [1562 bytes]","args":[{"selector":{"id":"application-managepartners-display-component---NewPartner--addressDetailDetailsLanguage-arrow"},"wdio_ui5_key":"applicationmanagepartners-display-component---NewPartner--addressDetailDetailsLanguage-arrow"}]}
RESULT: undefined
COMMAND: POST /session/ad66f158aa4d4ab6ef13355aa7850eca/element - {"using":"xpath","value":"//*[@id=\"application-managepartners-display-component---NewPartner--addressDetailDetailsLanguage-arrow\"]"}
RESULT: {"using":"xpath","value":"//*[@id=\"application-managepartners-display-component---NewPartner--addressDetailDetailsLanguage-arrow\"]"}
COMMAND: POST /session/ad66f158aa4d4ab6ef13355aa7850eca/element/f.46184FC8CB979803EFB42F6A75FB8695.d.AB81163FA132FF03249B7962439B9979.e.5063/click - {}
RESULT: {}
COMMAND: POST /session/ad66f158aa4d4ab6ef13355aa7850eca/element - {"using":"xpath","value":"//span[contains(text(), \"English\")]"}
COMMAND: GET /session/ad66f158aa4d4ab6ef13355aa7850eca/screenshot - {}
RESULT: {"using":"xpath","value":"//span[contains(text(), \"English\")]"}
COMMAND: POST /session/ad66f158aa4d4ab6ef13355aa7850eca/element/f.46184FC8CB979803EFB42F6A75FB8695.d.AB81163FA132FF03249B7962439B9979.e.5064/click - {}
RESULT: {}
RESULT: {}
COMMAND: GET /session/ad66f158aa4d4ab6ef13355aa7850eca/screenshot - {}
RESULT: {}
COMMAND: POST /session/ad66f158aa4d4ab6ef13355aa7850eca/execute/async - {"script":"<script> [1562 bytes]","args":[{"selector":{"id":"application-managepartners-display-component---NewPartner--addressDetailDetailsCity1","interaction":{"idSuffix":"inner"}},"wdio_ui5_key":"applicationmanagepartners-display-component---NewPartner--addressDetailDetailsCity1"}]}
RESULT: {"script":"<script> [1562 bytes]","args":[{"selector":{"id":"application-managepartners-display-component---NewPartner--addressDetailDetailsCity1","interaction":{"idSuffix":"inner"}},"wdio_ui5_key":"applicationmanagepartners-display-component---NewPartner--addressDetailDetailsCity1"}]}
RESULT: undefined
COMMAND: POST /session/ad66f158aa4d4ab6ef13355aa7850eca/execute/async - {"script":"<script> [776 bytes]","args":[{"enterText":"Rosario","selector":{"id":"application-managepartners-display-component---NewPartner--addressDetailDetailsCity1","interaction":{"idSuffix":"inner"}},"clearTextFirst":true,"interactionType":"ENTER_TEXT"}]}
RESULT: {"script":"<script> [776 bytes]","args":[{"enterText":"Rosario","selector":{"id":"application-managepartners-display-component---NewPartner--addressDetailDetailsCity1","interaction":{"idSuffix":"inner"}},"clearTextFirst":true,"interactionType":"ENTER_TEXT"}]}
COMMAND: POST /session/ad66f158aa4d4ab6ef13355aa7850eca/execute/async - {"script":"<script> [1562 bytes]","args":[{"selector":{"id":"application-managepartners-display-component---NewPartner--addressDetailDetailsCountry-arrow"},"wdio_ui5_key":"applicationmanagepartners-display-component---NewPartner--addressDetailDetailsCountry-arrow"}]}
RESULT: {"script":"<script> [1562 bytes]","args":[{"selector":{"id":"application-managepartners-display-component---NewPartner--addressDetailDetailsCountry-arrow"},"wdio_ui5_key":"applicationmanagepartners-display-component---NewPartner--addressDetailDetailsCountry-arrow"}]}
RESULT: undefined
COMMAND: POST /session/ad66f158aa4d4ab6ef13355aa7850eca/element - {"using":"xpath","value":"//*[@id=\"application-managepartners-display-component---NewPartner--addressDetailDetailsCountry-arrow\"]"}
RESULT: {"using":"xpath","value":"//*[@id=\"application-managepartners-display-component---NewPartner--addressDetailDetailsCountry-arrow\"]"}
COMMAND: POST /session/ad66f158aa4d4ab6ef13355aa7850eca/element/f.46184FC8CB979803EFB42F6A75FB8695.d.AB81163FA132FF03249B7962439B9979.e.5027/click - {}
RESULT: {}
COMMAND: POST /session/ad66f158aa4d4ab6ef13355aa7850eca/element - {"using":"xpath","value":"//span[contains(text(), \"Argentina\")]"}
COMMAND: GET /session/ad66f158aa4d4ab6ef13355aa7850eca/screenshot - {}
RESULT: {"using":"xpath","value":"//span[contains(text(), \"Argentina\")]"}
COMMAND: POST /session/ad66f158aa4d4ab6ef13355aa7850eca/element/f.46184FC8CB979803EFB42F6A75FB8695.d.AB81163FA132FF03249B7962439B9979.e.5066/click - {}
RESULT: {}
RESULT: {}
COMMAND: GET /session/ad66f158aa4d4ab6ef13355aa7850eca/screenshot - {}
RESULT: {}
COMMAND: POST /session/ad66f158aa4d4ab6ef13355aa7850eca/element - {"using":"xpath","value":"//bdi[contains(text(), \"Commercial\")]"}
RESULT: {"using":"xpath","value":"//bdi[contains(text(), \"Commercial\")]"}
COMMAND: POST /session/ad66f158aa4d4ab6ef13355aa7850eca/element/f.46184FC8CB979803EFB42F6A75FB8695.d.AB81163FA132FF03249B7962439B9979.e.5067/click - {}
RESULT: {}
COMMAND: GET /session/ad66f158aa4d4ab6ef13355aa7850eca/screenshot - {}
RESULT: {}
COMMAND: POST /session/ad66f158aa4d4ab6ef13355aa7850eca/execute/async - {"script":"<script> [1562 bytes]","args":[{"selector":{"id":"application-managepartners-display-component---NewPartner--partnerDetailInternal-arrow"},"wdio_ui5_key":"applicationmanagepartners-display-component---NewPartner--partnerDetailInternal-arrow"}]}
RESULT: {"script":"<script> [1562 bytes]","args":[{"selector":{"id":"application-managepartners-display-component---NewPartner--partnerDetailInternal-arrow"},"wdio_ui5_key":"applicationmanagepartners-display-component---NewPartner--partnerDetailInternal-arrow"}]}
RESULT: undefined
COMMAND: POST /session/ad66f158aa4d4ab6ef13355aa7850eca/element - {"using":"xpath","value":"//*[@id=\"application-managepartners-display-component---NewPartner--partnerDetailInternal-arrow\"]"}
RESULT: {"using":"xpath","value":"//*[@id=\"application-managepartners-display-component---NewPartner--partnerDetailInternal-arrow\"]"}
COMMAND: POST /session/ad66f158aa4d4ab6ef13355aa7850eca/element/f.46184FC8CB979803EFB42F6A75FB8695.d.AB81163FA132FF03249B7962439B9979.e.5075/click - {}
RESULT: {}
COMMAND: POST /session/ad66f158aa4d4ab6ef13355aa7850eca/element - {"using":"xpath","value":"//span[contains(text(), \"Affiliated company\")]"}
COMMAND: GET /session/ad66f158aa4d4ab6ef13355aa7850eca/screenshot - {}
RESULT: {"using":"xpath","value":"//span[contains(text(), \"Affiliated company\")]"}
COMMAND: POST /session/ad66f158aa4d4ab6ef13355aa7850eca/element/f.46184FC8CB979803EFB42F6A75FB8695.d.AB81163FA132FF03249B7962439B9979.e.5076/click - {}
RESULT: {}
RESULT: {}
COMMAND: POST /session/ad66f158aa4d4ab6ef13355aa7850eca/execute/async - {"script":"<script> [1562 bytes]","args":[{"selector":{"id":"application-managepartners-display-component---NewPartner--partnerDetailsCurrency-arrow"},"wdio_ui5_key":"applicationmanagepartners-display-component---NewPartner--partnerDetailsCurrency-arrow"}]}
COMMAND: GET /session/ad66f158aa4d4ab6ef13355aa7850eca/screenshot - {}
RESULT: {"script":"<script> [1562 bytes]","args":[{"selector":{"id":"application-managepartners-display-component---NewPartner--partnerDetailsCurrency-arrow"},"wdio_ui5_key":"applicationmanagepartners-display-component---NewPartner--partnerDetailsCurrency-arrow"}]}
RESULT: undefined
COMMAND: POST /session/ad66f158aa4d4ab6ef13355aa7850eca/element - {"using":"xpath","value":"//*[@id=\"application-managepartners-display-component---NewPartner--partnerDetailsCurrency-arrow\"]"}
RESULT: {}
RESULT: {"using":"xpath","value":"//*[@id=\"application-managepartners-display-component---NewPartner--partnerDetailsCurrency-arrow\"]"}
COMMAND: POST /session/ad66f158aa4d4ab6ef13355aa7850eca/element/f.46184FC8CB979803EFB42F6A75FB8695.d.AB81163FA132FF03249B7962439B9979.e.5083/click - {}
RESULT: {}
COMMAND: POST /session/ad66f158aa4d4ab6ef13355aa7850eca/element - {"using":"xpath","value":"//span[contains(text(), \"Euro\")]"}
COMMAND: GET /session/ad66f158aa4d4ab6ef13355aa7850eca/screenshot - {}
RESULT: {"using":"xpath","value":"//span[contains(text(), \"Euro\")]"}
COMMAND: POST /session/ad66f158aa4d4ab6ef13355aa7850eca/element/f.46184FC8CB979803EFB42F6A75FB8695.d.AB81163FA132FF03249B7962439B9979.e.5084/click - {}
RESULT: {}
RESULT: {}
COMMAND: POST /session/ad66f158aa4d4ab6ef13355aa7850eca/execute/async - {"script":"<script> [1562 bytes]","args":[{"selector":{"id":"application-managepartners-display-component---NewPartner--addressEditDetailsCostObjectCstType-arrow"},"wdio_ui5_key":"applicationmanagepartners-display-component---NewPartner--addressEditDetailsCostObjectCstType-arrow"}]}
COMMAND: GET /session/ad66f158aa4d4ab6ef13355aa7850eca/screenshot - {}
RESULT: {"script":"<script> [1562 bytes]","args":[{"selector":{"id":"application-managepartners-display-component---NewPartner--addressEditDetailsCostObjectCstType-arrow"},"wdio_ui5_key":"applicationmanagepartners-display-component---NewPartner--addressEditDetailsCostObjectCstType-arrow"}]}
RESULT: undefined
COMMAND: POST /session/ad66f158aa4d4ab6ef13355aa7850eca/element - {"using":"xpath","value":"//*[@id=\"application-managepartners-display-component---NewPartner--addressEditDetailsCostObjectCstType-arrow\"]"}
RESULT: {}
RESULT: {"using":"xpath","value":"//*[@id=\"application-managepartners-display-component---NewPartner--addressEditDetailsCostObjectCstType-arrow\"]"}
COMMAND: POST /session/ad66f158aa4d4ab6ef13355aa7850eca/element/f.46184FC8CB979803EFB42F6A75FB8695.d.AB81163FA132FF03249B7962439B9979.e.5085/click - {}
RESULT: {}
COMMAND: POST /session/ad66f158aa4d4ab6ef13355aa7850eca/element - {"using":"xpath","value":"//span[contains(text(), \"Cost Center\")]"}
COMMAND: GET /session/ad66f158aa4d4ab6ef13355aa7850eca/screenshot - {}
RESULT: {"using":"xpath","value":"//span[contains(text(), \"Cost Center\")]"}
COMMAND: POST /session/ad66f158aa4d4ab6ef13355aa7850eca/element/f.46184FC8CB979803EFB42F6A75FB8695.d.AB81163FA132FF03249B7962439B9979.e.5086/click - {}
RESULT: {}
RESULT: {}
COMMAND: GET /session/ad66f158aa4d4ab6ef13355aa7850eca/screenshot - {}
RESULT: {}
COMMAND: POST /session/ad66f158aa4d4ab6ef13355aa7850eca/element - {"using":"xpath","value":"//span[@id=\"application-managepartners-display-component---NewPartner--addressNewCostObjectCstID-vhi\"]"}
RESULT: {"using":"xpath","value":"//span[@id=\"application-managepartners-display-component---NewPartner--addressNewCostObjectCstID-vhi\"]"}
COMMAND: POST /session/ad66f158aa4d4ab6ef13355aa7850eca/execute/sync - {"script":"<script> [8489 bytes]","args":[{"element-6066-11e4-a52e-4f735466cecf":"f.46184FC8CB979803EFB42F6A75FB8695.d.AB81163FA132FF03249B7962439B9979.e.5090","ELEMENT":"f.46184FC8CB979803EFB42F6A75FB8695.d.AB81163FA132FF03249B7962439B9979.e.5090"}]}
RESULT: {"script":"<script> [8489 bytes]","args":[{"element-6066-11e4-a52e-4f735466cecf":"f.46184FC8CB979803EFB42F6A75FB8695.d.AB81163FA132FF03249B7962439B9979.e.5090","ELEMENT":"f.46184FC8CB979803EFB42F6A75FB8695.d.AB81163FA132FF03249B7962439B9979.e.5090"}]}
COMMAND: POST /session/ad66f158aa4d4ab6ef13355aa7850eca/execute/async - {"script":"<script> [1562 bytes]","args":[{"selector":{"id":"application-managepartners-display-component---NewPartner--addressNewCostObjectCstID-vhi"},"wdio_ui5_key":"applicationmanagepartners-display-component---NewPartner--addressNewCostObjectCstID-vhi"}]}
COMMAND: GET /session/ad66f158aa4d4ab6ef13355aa7850eca/screenshot - {}
RESULT: {"script":"<script> [1562 bytes]","args":[{"selector":{"id":"application-managepartners-display-component---NewPartner--addressNewCostObjectCstID-vhi"},"wdio_ui5_key":"applicationmanagepartners-display-component---NewPartner--addressNewCostObjectCstID-vhi"}]}
RESULT: undefined
COMMAND: POST /session/ad66f158aa4d4ab6ef13355aa7850eca/element - {"using":"xpath","value":"//*[@id=\"application-managepartners-display-component---NewPartner--addressNewCostObjectCstID-vhi\"]"}
RESULT: {}
RESULT: {"using":"xpath","value":"//*[@id=\"application-managepartners-display-component---NewPartner--addressNewCostObjectCstID-vhi\"]"}
COMMAND: POST /session/ad66f158aa4d4ab6ef13355aa7850eca/element/f.46184FC8CB979803EFB42F6A75FB8695.d.AB81163FA132FF03249B7962439B9979.e.5090/click - {}
RESULT: {}
COMMAND: GET /session/ad66f158aa4d4ab6ef13355aa7850eca/screenshot - {}
RESULT: {}
COMMAND: POST /session/ad66f158aa4d4ab6ef13355aa7850eca/execute/async - {"script":"<script> [1562 bytes]","args":[{"selector":{"controlType":"sap.m.SearchField","properties":{"placeholder":"Search"},"searchOpenDialogs":true,"interaction":{"idSuffix":"I"}},"wdio_ui5_key":"sapm.SearchField{\"placeholder\":\"Search\"}"}]}
RESULT: {"script":"<script> [1562 bytes]","args":[{"selector":{"controlType":"sap.m.SearchField","properties":{"placeholder":"Search"},"searchOpenDialogs":true,"interaction":{"idSuffix":"I"}},"wdio_ui5_key":"sapm.SearchField{\"placeholder\":\"Search\"}"}]}
RESULT: undefined
COMMAND: POST /session/ad66f158aa4d4ab6ef13355aa7850eca/execute/async - {"script":"<script> [776 bytes]","args":[{"enterText":"10001013","selector":{"controlType":"sap.m.SearchField","properties":{"placeholder":"Search"},"searchOpenDialogs":true,"interaction":{"idSuffix":"I"}},"clearTextFirst":true,"interactionType":"ENTER_TEXT"}]}
RESULT: {"script":"<script> [776 bytes]","args":[{"enterText":"10001013","selector":{"controlType":"sap.m.SearchField","properties":{"placeholder":"Search"},"searchOpenDialogs":true,"interaction":{"idSuffix":"I"}},"clearTextFirst":true,"interactionType":"ENTER_TEXT"}]}
COMMAND: POST /session/ad66f158aa4d4ab6ef13355aa7850eca/actions - {"actions":[{"id":"action12","type":"key","parameters":{},"actions":[{"type":"keyDown","value":""},{"type":"pause","duration":10},{"type":"keyUp","value":""}]}]}
RESULT: {"actions":[{"id":"action12","type":"key","parameters":{},"actions":[{"type":"keyDown","value":""},{"type":"pause","duration":10},{"type":"keyUp","value":""}]}]}
COMMAND: GET /session/ad66f158aa4d4ab6ef13355aa7850eca/screenshot - {}
RESULT: {}
COMMAND: POST /session/ad66f158aa4d4ab6ef13355aa7850eca/element - {"using":"xpath","value":"//span[contains(text(), \"General Management\")]"}
RESULT: {"using":"xpath","value":"//span[contains(text(), \"General Management\")]"}
COMMAND: POST /session/ad66f158aa4d4ab6ef13355aa7850eca/element/f.46184FC8CB979803EFB42F6A75FB8695.d.AB81163FA132FF03249B7962439B9979.e.5133/click - {}
RESULT: {}
COMMAND: GET /session/ad66f158aa4d4ab6ef13355aa7850eca/screenshot - {}
RESULT: {}
COMMAND: POST /session/ad66f158aa4d4ab6ef13355aa7850eca/element - {"using":"xpath","value":"//bdi[contains(text(), \"OK\")]"}
RESULT: {"using":"xpath","value":"//bdi[contains(text(), \"OK\")]"}
COMMAND: POST /session/ad66f158aa4d4ab6ef13355aa7850eca/element/f.46184FC8CB979803EFB42F6A75FB8695.d.AB81163FA132FF03249B7962439B9979.e.5134/click - {}
RESULT: {}
COMMAND: GET /session/ad66f158aa4d4ab6ef13355aa7850eca/screenshot - {}
RESULT: {}
COMMAND: POST /session/ad66f158aa4d4ab6ef13355aa7850eca/element - {"using":"xpath","value":"//input[@id=\"application-managepartners-display-component---NewPartner--companyCodeComboBox-inner\"]"}
RESULT: {"using":"xpath","value":"//input[@id=\"application-managepartners-display-component---NewPartner--companyCodeComboBox-inner\"]"}
COMMAND: POST /session/ad66f158aa4d4ab6ef13355aa7850eca/element/f.46184FC8CB979803EFB42F6A75FB8695.d.AB81163FA132FF03249B7962439B9979.e.4969/clear - {}
RESULT: {}
COMMAND: POST /session/ad66f158aa4d4ab6ef13355aa7850eca/element/f.46184FC8CB979803EFB42F6A75FB8695.d.AB81163FA132FF03249B7962439B9979.e.4969/value - {"text":"1000"}
COMMAND: GET /session/ad66f158aa4d4ab6ef13355aa7850eca/screenshot - {}
RESULT: {"text":"1000"}
COMMAND: GET /session/ad66f158aa4d4ab6ef13355aa7850eca/screenshot - {}
RESULT: {}
RESULT: {}
COMMAND: POST /session/ad66f158aa4d4ab6ef13355aa7850eca/element - {"using":"xpath","value":"//li[.//span[text()= \"1000\"]]"}
RESULT: {"using":"xpath","value":"//li[.//span[text()= \"1000\"]]"}
COMMAND: POST /session/ad66f158aa4d4ab6ef13355aa7850eca/element/f.46184FC8CB979803EFB42F6A75FB8695.d.AB81163FA132FF03249B7962439B9979.e.5140/click - {}
RESULT: {}
COMMAND: GET /session/ad66f158aa4d4ab6ef13355aa7850eca/screenshot - {}
RESULT: {}
COMMAND: POST /session/ad66f158aa4d4ab6ef13355aa7850eca/execute/async - {"script":"<script> [1562 bytes]","args":[{"selector":{"id":"application-managepartners-display-component---NewPartner--btnAddTableRow-img"},"wdio_ui5_key":"applicationmanagepartners-display-component---NewPartner--btnAddTableRow-img"}]}
RESULT: {"script":"<script> [1562 bytes]","args":[{"selector":{"id":"application-managepartners-display-component---NewPartner--btnAddTableRow-img"},"wdio_ui5_key":"applicationmanagepartners-display-component---NewPartner--btnAddTableRow-img"}]}
RESULT: undefined
COMMAND: POST /session/ad66f158aa4d4ab6ef13355aa7850eca/element - {"using":"xpath","value":"//*[@id=\"application-managepartners-display-component---NewPartner--btnAddTableRow-img\"]"}
RESULT: {"using":"xpath","value":"//*[@id=\"application-managepartners-display-component---NewPartner--btnAddTableRow-img\"]"}
COMMAND: POST /session/ad66f158aa4d4ab6ef13355aa7850eca/element/f.46184FC8CB979803EFB42F6A75FB8695.d.AB81163FA132FF03249B7962439B9979.e.5141/click - {}
RESULT: {}
COMMAND: GET /session/ad66f158aa4d4ab6ef13355aa7850eca/screenshot - {}
RESULT: {}
COMMAND: POST /session/ad66f158aa4d4ab6ef13355aa7850eca/element - {"using":"xpath","value":"//input[@id=\"application-managepartners-display-component---NewPartner--assignmentYard-application-managepartners-display-component---NewPartner--assignmentsTable-0-inner\"]"}
RESULT: {"using":"xpath","value":"//input[@id=\"application-managepartners-display-component---NewPartner--assignmentYard-application-managepartners-display-component---NewPartner--assignmentsTable-0-inner\"]"}
COMMAND: POST /session/ad66f158aa4d4ab6ef13355aa7850eca/element/f.46184FC8CB979803EFB42F6A75FB8695.d.AB81163FA132FF03249B7962439B9979.e.5144/clear - {}
RESULT: {}
COMMAND: POST /session/ad66f158aa4d4ab6ef13355aa7850eca/element/f.46184FC8CB979803EFB42F6A75FB8695.d.AB81163FA132FF03249B7962439B9979.e.5144/value - {"text":"559"}
COMMAND: GET /session/ad66f158aa4d4ab6ef13355aa7850eca/screenshot - {}
RESULT: {"text":"559"}
COMMAND: GET /session/ad66f158aa4d4ab6ef13355aa7850eca/screenshot - {}
RESULT: {}
RESULT: {}
COMMAND: POST /session/ad66f158aa4d4ab6ef13355aa7850eca/element - {"using":"xpath","value":"//li[.//span[text()='559']]"}
RESULT: {"using":"xpath","value":"//li[.//span[text()='559']]"}
COMMAND: POST /session/ad66f158aa4d4ab6ef13355aa7850eca/element/f.46184FC8CB979803EFB42F6A75FB8695.d.AB81163FA132FF03249B7962439B9979.e.5153/click - {}
RESULT: {}
COMMAND: GET /session/ad66f158aa4d4ab6ef13355aa7850eca/screenshot - {}
RESULT: {}
COMMAND: POST /session/ad66f158aa4d4ab6ef13355aa7850eca/actions - {"actions":[{"id":"action13","type":"key","parameters":{},"actions":[{"type":"keyDown","value":""},{"type":"pause","duration":10},{"type":"keyUp","value":""}]}]}
RESULT: {"actions":[{"id":"action13","type":"key","parameters":{},"actions":[{"type":"keyDown","value":""},{"type":"pause","duration":10},{"type":"keyUp","value":""}]}]}
COMMAND: POST /session/ad66f158aa4d4ab6ef13355aa7850eca/execute/async - {"script":"<script> [1562 bytes]","args":[{"selector":{"id":"application-managepartners-display-component---NewPartner--externalCustomerComboBox-application-managepartners-display-component---NewPartner--assignmentsTable-0-vhi"},"wdio_ui5_key":"applicationmanagepartners-display-component---NewPartner--externalCustomerComboBox-application-managepartners-display-component---NewPartner--assignmentsTable-0-vhi"}]}
COMMAND: GET /session/ad66f158aa4d4ab6ef13355aa7850eca/screenshot - {}
RESULT: {"script":"<script> [1562 bytes]","args":[{"selector":{"id":"application-managepartners-display-component---NewPartner--externalCustomerComboBox-application-managepartners-display-component---NewPartner--assignmentsTable-0-vhi"},"wdio_ui5_key":"applicationmanagepartners-display-component---NewPartner--externalCustomerComboBox-application-managepartners-display-component---NewPartner--assignmentsTable-0-vhi"}]}
RESULT: undefined
COMMAND: POST /session/ad66f158aa4d4ab6ef13355aa7850eca/element - {"using":"xpath","value":"//*[@id=\"application-managepartners-display-component---NewPartner--externalCustomerComboBox-application-managepartners-display-component---NewPartner--assignmentsTable-0-vhi\"]"}
RESULT: {}
RESULT: {"using":"xpath","value":"//*[@id=\"application-managepartners-display-component---NewPartner--externalCustomerComboBox-application-managepartners-display-component---NewPartner--assignmentsTable-0-vhi\"]"}
COMMAND: POST /session/ad66f158aa4d4ab6ef13355aa7850eca/element/f.46184FC8CB979803EFB42F6A75FB8695.d.AB81163FA132FF03249B7962439B9979.e.5157/click - {}
RESULT: {}
RESULT: undefined
COMMAND: POST /session/ad66f158aa4d4ab6ef13355aa7850eca/execute/async - {"script":"<script> [776 bytes]","args":[{"enterText":"300003","selector":{"controlType":"sap.m.SearchField","properties":{"placeholder":"Search"},"searchOpenDialogs":true,"interaction":{"idSuffix":"I"}},"clearTextFirst":true,"interactionType":"ENTER_TEXT"}]}
COMMAND: GET /session/ad66f158aa4d4ab6ef13355aa7850eca/screenshot - {}
RESULT: {"script":"<script> [776 bytes]","args":[{"enterText":"300003","selector":{"controlType":"sap.m.SearchField","properties":{"placeholder":"Search"},"searchOpenDialogs":true,"interaction":{"idSuffix":"I"}},"clearTextFirst":true,"interactionType":"ENTER_TEXT"}]}
COMMAND: POST /session/ad66f158aa4d4ab6ef13355aa7850eca/actions - {"actions":[{"id":"action14","type":"key","parameters":{},"actions":[{"type":"keyDown","value":""},{"type":"pause","duration":10},{"type":"keyUp","value":""}]}]}
RESULT: {}
RESULT: {"actions":[{"id":"action14","type":"key","parameters":{},"actions":[{"type":"keyDown","value":""},{"type":"pause","duration":10},{"type":"keyUp","value":""}]}]}
COMMAND: GET /session/ad66f158aa4d4ab6ef13355aa7850eca/screenshot - {}
RESULT: {}
COMMAND: POST /session/ad66f158aa4d4ab6ef13355aa7850eca/element - {"using":"xpath","value":"//span[contains(text(), \"300003\")]"}
RESULT: {"using":"xpath","value":"//span[contains(text(), \"300003\")]"}
COMMAND: POST /session/ad66f158aa4d4ab6ef13355aa7850eca/element/f.46184FC8CB979803EFB42F6A75FB8695.d.AB81163FA132FF03249B7962439B9979.e.5176/click - {}
RESULT: {}
COMMAND: GET /session/ad66f158aa4d4ab6ef13355aa7850eca/screenshot - {}
RESULT: {}
COMMAND: POST /session/ad66f158aa4d4ab6ef13355aa7850eca/element - {"using":"xpath","value":"//bdi[contains(text(), \"OK\")]"}
RESULT: {"using":"xpath","value":"//bdi[contains(text(), \"OK\")]"}
COMMAND: POST /session/ad66f158aa4d4ab6ef13355aa7850eca/element/f.46184FC8CB979803EFB42F6A75FB8695.d.AB81163FA132FF03249B7962439B9979.e.5178/click - {}
RESULT: {}
COMMAND: GET /session/ad66f158aa4d4ab6ef13355aa7850eca/screenshot - {}
RESULT: {}
COMMAND: POST /session/ad66f158aa4d4ab6ef13355aa7850eca/execute/async - {"script":"<script> [1562 bytes]","args":[{"selector":{"id":"application-managepartners-display-component---NewPartner--intercompVendorComboBox-application-managepartners-display-component---NewPartner--assignmentsTable-0-vhi"},"wdio_ui5_key":"applicationmanagepartners-display-component---NewPartner--intercompVendorComboBox-application-managepartners-display-component---NewPartner--assignmentsTable-0-vhi"}]}
RESULT: {"script":"<script> [1562 bytes]","args":[{"selector":{"id":"application-managepartners-display-component---NewPartner--intercompVendorComboBox-application-managepartners-display-component---NewPartner--assignmentsTable-0-vhi"},"wdio_ui5_key":"applicationmanagepartners-display-component---NewPartner--intercompVendorComboBox-application-managepartners-display-component---NewPartner--assignmentsTable-0-vhi"}]}
RESULT: undefined
COMMAND: POST /session/ad66f158aa4d4ab6ef13355aa7850eca/element - {"using":"xpath","value":"//*[@id=\"application-managepartners-display-component---NewPartner--intercompVendorComboBox-application-managepartners-display-component---NewPartner--assignmentsTable-0-vhi\"]"}
RESULT: {"using":"xpath","value":"//*[@id=\"application-managepartners-display-component---NewPartner--intercompVendorComboBox-application-managepartners-display-component---NewPartner--assignmentsTable-0-vhi\"]"}
COMMAND: POST /session/ad66f158aa4d4ab6ef13355aa7850eca/element/f.46184FC8CB979803EFB42F6A75FB8695.d.AB81163FA132FF03249B7962439B9979.e.5182/click - {}
RESULT: {}
RESULT: undefined
COMMAND: POST /session/ad66f158aa4d4ab6ef13355aa7850eca/execute/async - {"script":"<script> [776 bytes]","args":[{"enterText":"100005","selector":{"controlType":"sap.m.SearchField","properties":{"placeholder":"Search"},"searchOpenDialogs":true,"interaction":{"idSuffix":"I"}},"clearTextFirst":true,"interactionType":"ENTER_TEXT"}]}
COMMAND: GET /session/ad66f158aa4d4ab6ef13355aa7850eca/screenshot - {}
RESULT: {"script":"<script> [776 bytes]","args":[{"enterText":"100005","selector":{"controlType":"sap.m.SearchField","properties":{"placeholder":"Search"},"searchOpenDialogs":true,"interaction":{"idSuffix":"I"}},"clearTextFirst":true,"interactionType":"ENTER_TEXT"}]}
COMMAND: POST /session/ad66f158aa4d4ab6ef13355aa7850eca/actions - {"actions":[{"id":"action15","type":"key","parameters":{},"actions":[{"type":"keyDown","value":""},{"type":"pause","duration":10},{"type":"keyUp","value":""}]}]}
RESULT: {}
RESULT: {"actions":[{"id":"action15","type":"key","parameters":{},"actions":[{"type":"keyDown","value":""},{"type":"pause","duration":10},{"type":"keyUp","value":""}]}]}
COMMAND: GET /session/ad66f158aa4d4ab6ef13355aa7850eca/screenshot - {}
RESULT: {}
COMMAND: POST /session/ad66f158aa4d4ab6ef13355aa7850eca/element - {"using":"xpath","value":"//span[contains(text(), \"Penguins - Field/12345 Berlin\")]"}
RESULT: {"using":"xpath","value":"//span[contains(text(), \"Penguins - Field/12345 Berlin\")]"}
COMMAND: POST /session/ad66f158aa4d4ab6ef13355aa7850eca/element/f.46184FC8CB979803EFB42F6A75FB8695.d.AB81163FA132FF03249B7962439B9979.e.5200/click - {}
RESULT: {}
COMMAND: GET /session/ad66f158aa4d4ab6ef13355aa7850eca/screenshot - {}
RESULT: {}
COMMAND: POST /session/ad66f158aa4d4ab6ef13355aa7850eca/element - {"using":"xpath","value":"//bdi[contains(text(), \"OK\")]"}
RESULT: {"using":"xpath","value":"//bdi[contains(text(), \"OK\")]"}
COMMAND: POST /session/ad66f158aa4d4ab6ef13355aa7850eca/element/f.46184FC8CB979803EFB42F6A75FB8695.d.AB81163FA132FF03249B7962439B9979.e.5201/click - {}
RESULT: {}
COMMAND: GET /session/ad66f158aa4d4ab6ef13355aa7850eca/screenshot - {}
RESULT: {}
COMMAND: POST /session/ad66f158aa4d4ab6ef13355aa7850eca/element - {"using":"xpath","value":"//button[@data-kt=\"saveButton\"]"}
RESULT: {"using":"xpath","value":"//button[@data-kt=\"saveButton\"]"}
COMMAND: POST /session/ad66f158aa4d4ab6ef13355aa7850eca/element/f.46184FC8CB979803EFB42F6A75FB8695.d.AB81163FA132FF03249B7962439B9979.e.5048/click - {}
RESULT: {}
COMMAND: GET /session/ad66f158aa4d4ab6ef13355aa7850eca/screenshot - {}
RESULT: {}
COMMAND: POST /session/ad66f158aa4d4ab6ef13355aa7850eca/element - {"using":"xpath","value":"//header[contains(@id, 'ObjectPageLayout-headerTitle')]/div[1]/div[2]/div[2]/span[1]"}
RESULT: {"using":"xpath","value":"//header[contains(@id, 'ObjectPageLayout-headerTitle')]/div[1]/div[2]/div[2]/span[1]"}
COMMAND: POST /session/ad66f158aa4d4ab6ef13355aa7850eca/elements - {"using":"xpath","value":"//header[contains(@id, 'ObjectPageLayout-headerTitle')]/div[1]/div[2]/div[2]/span[1]"}
RESULT: {"using":"xpath","value":"//header[contains(@id, 'ObjectPageLayout-headerTitle')]/div[1]/div[2]/div[2]/span[1]"}
COMMAND: POST /session/ad66f158aa4d4ab6ef13355aa7850eca/execute/sync - {"script":"<script> [56 bytes]","args":[{"element-6066-11e4-a52e-4f735466cecf":"f.46184FC8CB979803EFB42F6A75FB8695.d.AB81163FA132FF03249B7962439B9979.e.5364","ELEMENT":"f.46184FC8CB979803EFB42F6A75FB8695.d.AB81163FA132FF03249B7962439B9979.e.5364"}]}
RESULT: {"script":"<script> [56 bytes]","args":[{"element-6066-11e4-a52e-4f735466cecf":"f.46184FC8CB979803EFB42F6A75FB8695.d.AB81163FA132FF03249B7962439B9979.e.5364","ELEMENT":"f.46184FC8CB979803EFB42F6A75FB8695.d.AB81163FA132FF03249B7962439B9979.e.5364"}]}
COMMAND: POST /session/ad66f158aa4d4ab6ef13355aa7850eca/element - {"using":"css selector","value":"#shell-header-logo"}
COMMAND: GET /session/ad66f158aa4d4ab6ef13355aa7850eca/screenshot - {}
RESULT: {"using":"css selector","value":"#shell-header-logo"}
COMMAND: POST /session/ad66f158aa4d4ab6ef13355aa7850eca/element/f.46184FC8CB979803EFB42F6A75FB8695.d.AB81163FA132FF03249B7962439B9979.e.4580/click - {}
RESULT: {}
RESULT: {}
COMMAND: GET /session/ad66f158aa4d4ab6ef13355aa7850eca/screenshot - {}
RESULT: {}
COMMAND: POST /session/ad66f158aa4d4ab6ef13355aa7850eca/execute/sync - {"script":"<script> [299 bytes]","args":[["getModel","getResource"]]}
RESULT: {"script":"<script> [299 bytes]","args":[["getModel","getResource"]]}
RESULT: undefined
COMMAND: POST /session/ad66f158aa4d4ab6ef13355aa7850eca/element - {"using":"xpath","value":"//*[@id=\"__tile30\"]"}
COMMAND: GET /session/ad66f158aa4d4ab6ef13355aa7850eca/screenshot - {}
RESULT: {"using":"xpath","value":"//*[@id=\"__tile30\"]"}
COMMAND: POST /session/ad66f158aa4d4ab6ef13355aa7850eca/element/f.46184FC8CB979803EFB42F6A75FB8695.d.AB81163FA132FF03249B7962439B9979.e.4500/click - {}
RESULT: {}
RESULT: {}
COMMAND: GET /session/ad66f158aa4d4ab6ef13355aa7850eca/screenshot - {}
RESULT: {}
COMMAND: POST /session/ad66f158aa4d4ab6ef13355aa7850eca/elements - {"using":"xpath","value":"//span[text()='Error']"}
RESULT: {"using":"xpath","value":"//span[text()='Error']"}
COMMAND: POST /session/ad66f158aa4d4ab6ef13355aa7850eca/element - {"using":"xpath","value":"//button[@data-kt=\"addButton\"]"}
RESULT: {"using":"xpath","value":"//button[@data-kt=\"addButton\"]"}
COMMAND: POST /session/ad66f158aa4d4ab6ef13355aa7850eca/elements - {"using":"xpath","value":"//button[@data-kt=\"addButton\"]"}
RESULT: {"using":"xpath","value":"//button[@data-kt=\"addButton\"]"}
COMMAND: POST /session/ad66f158aa4d4ab6ef13355aa7850eca/execute/sync - {"script":"<script> [8489 bytes]","args":[{"element-6066-11e4-a52e-4f735466cecf":"f.46184FC8CB979803EFB42F6A75FB8695.d.AB81163FA132FF03249B7962439B9979.e.5412","ELEMENT":"f.46184FC8CB979803EFB42F6A75FB8695.d.AB81163FA132FF03249B7962439B9979.e.5412"}]}
RESULT: {"script":"<script> [8489 bytes]","args":[{"element-6066-11e4-a52e-4f735466cecf":"f.46184FC8CB979803EFB42F6A75FB8695.d.AB81163FA132FF03249B7962439B9979.e.5412","ELEMENT":"f.46184FC8CB979803EFB42F6A75FB8695.d.AB81163FA132FF03249B7962439B9979.e.5412"}]}
COMMAND: GET /session/ad66f158aa4d4ab6ef13355aa7850eca/element/f.46184FC8CB979803EFB42F6A75FB8695.d.AB81163FA132FF03249B7962439B9979.e.5412/enabled - {}
COMMAND: GET /session/ad66f158aa4d4ab6ef13355aa7850eca/screenshot - {}
RESULT: {}
COMMAND: POST /session/ad66f158aa4d4ab6ef13355aa7850eca/execute/sync - {"script":"<script> [8489 bytes]","args":[{"element-6066-11e4-a52e-4f735466cecf":"f.46184FC8CB979803EFB42F6A75FB8695.d.AB81163FA132FF03249B7962439B9979.e.5412","ELEMENT":"f.46184FC8CB979803EFB42F6A75FB8695.d.AB81163FA132FF03249B7962439B9979.e.5412"}]}
COMMAND: GET /session/ad66f158aa4d4ab6ef13355aa7850eca/screenshot - {}
RESULT: {}
RESULT: {"script":"<script> [8489 bytes]","args":[{"element-6066-11e4-a52e-4f735466cecf":"f.46184FC8CB979803EFB42F6A75FB8695.d.AB81163FA132FF03249B7962439B9979.e.5412","ELEMENT":"f.46184FC8CB979803EFB42F6A75FB8695.d.AB81163FA132FF03249B7962439B9979.e.5412"}]}
COMMAND: POST /session/ad66f158aa4d4ab6ef13355aa7850eca/execute/sync - {"script":"<script> [5351 bytes]","args":[{"element-6066-11e4-a52e-4f735466cecf":"f.46184FC8CB979803EFB42F6A75FB8695.d.AB81163FA132FF03249B7962439B9979.e.5412","ELEMENT":"f.46184FC8CB979803EFB42F6A75FB8695.d.AB81163FA132FF03249B7962439B9979.e.5412"}]}
COMMAND: GET /session/ad66f158aa4d4ab6ef13355aa7850eca/screenshot - {}
RESULT: {}
RESULT: {"script":"<script> [5351 bytes]","args":[{"element-6066-11e4-a52e-4f735466cecf":"f.46184FC8CB979803EFB42F6A75FB8695.d.AB81163FA132FF03249B7962439B9979.e.5412","ELEMENT":"f.46184FC8CB979803EFB42F6A75FB8695.d.AB81163FA132FF03249B7962439B9979.e.5412"}]}
COMMAND: GET /session/ad66f158aa4d4ab6ef13355aa7850eca/screenshot - {}
RESULT: {}
RESULT: {}
COMMAND: POST /session/ad66f158aa4d4ab6ef13355aa7850eca/execute/async - {"script":"<script> [1562 bytes]","args":[{"selector":{"id":"application-managepartners-display-component---masterPtm--smartFilterBar-btnBasicSearch","interaction":{"idSuffix":"I"}},"wdio_ui5_key":"applicationmanagepartners-display-component---masterPtm--smartFilterBar-btnBasicSearch"}]}
RESULT: {"script":"<script> [1562 bytes]","args":[{"selector":{"id":"application-managepartners-display-component---masterPtm--smartFilterBar-btnBasicSearch","interaction":{"idSuffix":"I"}},"wdio_ui5_key":"applicationmanagepartners-display-component---masterPtm--smartFilterBar-btnBasicSearch"}]}
RESULT: undefined
COMMAND: POST /session/ad66f158aa4d4ab6ef13355aa7850eca/execute/async - {"script":"<script> [776 bytes]","args":[{"enterText":"1356","selector":{"id":"application-managepartners-display-component---masterPtm--smartFilterBar-btnBasicSearch","interaction":{"idSuffix":"I"}},"clearTextFirst":true,"interactionType":"ENTER_TEXT"}]}
RESULT: {"script":"<script> [776 bytes]","args":[{"enterText":"1356","selector":{"id":"application-managepartners-display-component---masterPtm--smartFilterBar-btnBasicSearch","interaction":{"idSuffix":"I"}},"clearTextFirst":true,"interactionType":"ENTER_TEXT"}]}
COMMAND: POST /session/ad66f158aa4d4ab6ef13355aa7850eca/actions - {"actions":[{"id":"action16","type":"key","parameters":{},"actions":[{"type":"keyDown","value":""},{"type":"pause","duration":10},{"type":"keyUp","value":""}]}]}
RESULT: {"actions":[{"id":"action16","type":"key","parameters":{},"actions":[{"type":"keyDown","value":""},{"type":"pause","duration":10},{"type":"keyUp","value":""}]}]}
COMMAND: GET /session/ad66f158aa4d4ab6ef13355aa7850eca/screenshot - {}
RESULT: {}
COMMAND: POST /session/ad66f158aa4d4ab6ef13355aa7850eca/elements - {"using":"xpath","value":"//table[contains(@id, \"customPartnersTable-listUl\")]/tbody/tr"}
RESULT: {"using":"xpath","value":"//table[contains(@id, \"customPartnersTable-listUl\")]/tbody/tr"}
COMMAND: POST /session/ad66f158aa4d4ab6ef13355aa7850eca/element - {"using":"xpath","value":"//table[contains(@id, \"customPartnersTable-listUl\")]/tbody/tr[1]/td[3]/span"}
RESULT: {"using":"xpath","value":"//table[contains(@id, \"customPartnersTable-listUl\")]/tbody/tr[1]/td[3]/span"}
COMMAND: POST /session/ad66f158aa4d4ab6ef13355aa7850eca/elements - {"using":"xpath","value":"//table[contains(@id, \"customPartnersTable-listUl\")]/tbody/tr[1]/td[3]/span"}
RESULT: {"using":"xpath","value":"//table[contains(@id, \"customPartnersTable-listUl\")]/tbody/tr[1]/td[3]/span"}
COMMAND: POST /session/ad66f158aa4d4ab6ef13355aa7850eca/execute/sync - {"script":"<script> [56 bytes]","args":[{"element-6066-11e4-a52e-4f735466cecf":"f.46184FC8CB979803EFB42F6A75FB8695.d.AB81163FA132FF03249B7962439B9979.e.5546","ELEMENT":"f.46184FC8CB979803EFB42F6A75FB8695.d.AB81163FA132FF03249B7962439B9979.e.5546"}]}
RESULT: {"script":"<script> [56 bytes]","args":[{"element-6066-11e4-a52e-4f735466cecf":"f.46184FC8CB979803EFB42F6A75FB8695.d.AB81163FA132FF03249B7962439B9979.e.5546","ELEMENT":"f.46184FC8CB979803EFB42F6A75FB8695.d.AB81163FA132FF03249B7962439B9979.e.5546"}]}
COMMAND: POST /session/ad66f158aa4d4ab6ef13355aa7850eca/element - {"using":"xpath","value":"(//span[contains(@id, \"imgNav\")])[1]"}
COMMAND: GET /session/ad66f158aa4d4ab6ef13355aa7850eca/screenshot - {}
RESULT: {"using":"xpath","value":"(//span[contains(@id, \"imgNav\")])[1]"}
COMMAND: POST /session/ad66f158aa4d4ab6ef13355aa7850eca/element/f.46184FC8CB979803EFB42F6A75FB8695.d.AB81163FA132FF03249B7962439B9979.e.5544/click - {}
RESULT: {}
RESULT: {}
COMMAND: GET /session/ad66f158aa4d4ab6ef13355aa7850eca/screenshot - {}
RESULT: {}
COMMAND: POST /session/ad66f158aa4d4ab6ef13355aa7850eca/element - {"using":"xpath","value":"//bdi[contains(text(), \"Edit\")]"}
RESULT: {"using":"xpath","value":"//bdi[contains(text(), \"Edit\")]"}
COMMAND: POST /session/ad66f158aa4d4ab6ef13355aa7850eca/element/f.46184FC8CB979803EFB42F6A75FB8695.d.AB81163FA132FF03249B7962439B9979.e.5691/click - {}
RESULT: {}
COMMAND: GET /session/ad66f158aa4d4ab6ef13355aa7850eca/screenshot - {}
RESULT: {}
COMMAND: POST /session/ad66f158aa4d4ab6ef13355aa7850eca/execute/async - {"script":"<script> [1562 bytes]","args":[{"selector":{"controlType":"sap.m.Input","viewName":"etm.portal.ui.managepartners.view.EditDetail","labelFor":{"text":"Name"},"interaction":{"idSuffix":"inner"}},"wdio_ui5_key":"etmportal.ui.managepartners.view.EditDetailsap.m.Input{\"text\":\"Name\"}"}]}
RESULT: {"script":"<script> [1562 bytes]","args":[{"selector":{"controlType":"sap.m.Input","viewName":"etm.portal.ui.managepartners.view.EditDetail","labelFor":{"text":"Name"},"interaction":{"idSuffix":"inner"}},"wdio_ui5_key":"etmportal.ui.managepartners.view.EditDetailsap.m.Input{\"text\":\"Name\"}"}]}
RESULT: undefined
COMMAND: POST /session/ad66f158aa4d4ab6ef13355aa7850eca/execute/async - {"script":"<script> [776 bytes]","args":[{"enterText":"Intracompany EDIT","selector":{"controlType":"sap.m.Input","viewName":"etm.portal.ui.managepartners.view.EditDetail","labelFor":{"text":"Name"},"interaction":{"idSuffix":"inner"}},"clearTextFirst":true,"interactionType":"ENTER_TEXT"}]}
RESULT: {"script":"<script> [776 bytes]","args":[{"enterText":"Intracompany EDIT","selector":{"controlType":"sap.m.Input","viewName":"etm.portal.ui.managepartners.view.EditDetail","labelFor":{"text":"Name"},"interaction":{"idSuffix":"inner"}},"clearTextFirst":true,"interactionType":"ENTER_TEXT"}]}
COMMAND: POST /session/ad66f158aa4d4ab6ef13355aa7850eca/element - {"using":"xpath","value":"(//span[contains(@id,\"addressDetailDetailsLanguage-arrow\")])[1]"}
RESULT: {"using":"xpath","value":"(//span[contains(@id,\"addressDetailDetailsLanguage-arrow\")])[1]"}
COMMAND: POST /session/ad66f158aa4d4ab6ef13355aa7850eca/element/f.46184FC8CB979803EFB42F6A75FB8695.d.AB81163FA132FF03249B7962439B9979.e.5776/click - {}
RESULT: {}
COMMAND: POST /session/ad66f158aa4d4ab6ef13355aa7850eca/element - {"using":"xpath","value":"//span[contains(text(), \"Chinese\")]"}
COMMAND: GET /session/ad66f158aa4d4ab6ef13355aa7850eca/screenshot - {}
RESULT: {"using":"xpath","value":"//span[contains(text(), \"Chinese\")]"}
COMMAND: POST /session/ad66f158aa4d4ab6ef13355aa7850eca/element/f.46184FC8CB979803EFB42F6A75FB8695.d.AB81163FA132FF03249B7962439B9979.e.5777/click - {}
RESULT: {}
RESULT: {}
COMMAND: GET /session/ad66f158aa4d4ab6ef13355aa7850eca/screenshot - {}
RESULT: {}
COMMAND: POST /session/ad66f158aa4d4ab6ef13355aa7850eca/execute/async - {"script":"<script> [1562 bytes]","args":[{"selector":{"controlType":"sap.m.Input","viewName":"etm.portal.ui.managepartners.view.EditDetail","labelFor":{"text":"City"},"interaction":{"idSuffix":"inner"}},"wdio_ui5_key":"etmportal.ui.managepartners.view.EditDetailsap.m.Input{\"text\":\"City\"}"}]}
RESULT: {"script":"<script> [1562 bytes]","args":[{"selector":{"controlType":"sap.m.Input","viewName":"etm.portal.ui.managepartners.view.EditDetail","labelFor":{"text":"City"},"interaction":{"idSuffix":"inner"}},"wdio_ui5_key":"etmportal.ui.managepartners.view.EditDetailsap.m.Input{\"text\":\"City\"}"}]}
RESULT: undefined
COMMAND: POST /session/ad66f158aa4d4ab6ef13355aa7850eca/execute/async - {"script":"<script> [776 bytes]","args":[{"enterText":"Clooj-Napoca","selector":{"controlType":"sap.m.Input","viewName":"etm.portal.ui.managepartners.view.EditDetail","labelFor":{"text":"City"},"interaction":{"idSuffix":"inner"}},"clearTextFirst":true,"interactionType":"ENTER_TEXT"}]}
RESULT: {"script":"<script> [776 bytes]","args":[{"enterText":"Clooj-Napoca","selector":{"controlType":"sap.m.Input","viewName":"etm.portal.ui.managepartners.view.EditDetail","labelFor":{"text":"City"},"interaction":{"idSuffix":"inner"}},"clearTextFirst":true,"interactionType":"ENTER_TEXT"}]}
COMMAND: POST /session/ad66f158aa4d4ab6ef13355aa7850eca/element - {"using":"xpath","value":"//button[@data-kt=\"saveButton\"]"}
RESULT: {"using":"xpath","value":"//button[@data-kt=\"saveButton\"]"}
COMMAND: POST /session/ad66f158aa4d4ab6ef13355aa7850eca/element/f.46184FC8CB979803EFB42F6A75FB8695.d.AB81163FA132FF03249B7962439B9979.e.5753/click - {}
RESULT: {}
COMMAND: GET /session/ad66f158aa4d4ab6ef13355aa7850eca/screenshot - {}
RESULT: {}
COMMAND: POST /session/ad66f158aa4d4ab6ef13355aa7850eca/execute/async - {"script":"<script> [1562 bytes]","args":[{"selector":{"id":"application-managepartners-display-component---detailPtm--addressDetailDetailsName1"},"wdio_ui5_key":"applicationmanagepartners-display-component---detailPtm--addressDetailDetailsName1"}]}
RESULT: {"script":"<script> [1562 bytes]","args":[{"selector":{"id":"application-managepartners-display-component---detailPtm--addressDetailDetailsName1"},"wdio_ui5_key":"applicationmanagepartners-display-component---detailPtm--addressDetailDetailsName1"}]}
RESULT: undefined
COMMAND: POST /session/ad66f158aa4d4ab6ef13355aa7850eca/execute/async - {"script":"<script> [6424 bytes]","args":[{"element-6066-11e4-a52e-4f735466cecf":"f.46184FC8CB979803EFB42F6A75FB8695.d.AB81163FA132FF03249B7962439B9979.e.5808"},"getValue",[]]}
RESULT: {"script":"<script> [6424 bytes]","args":[{"element-6066-11e4-a52e-4f735466cecf":"f.46184FC8CB979803EFB42F6A75FB8695.d.AB81163FA132FF03249B7962439B9979.e.5808"},"getValue",[]]}
COMMAND: POST /session/ad66f158aa4d4ab6ef13355aa7850eca/element - {"using":"xpath","value":"//input[@id = \"application-managepartners-display-component---detailPtm--addressDetailDetailsLanguage-inner\"]"}
RESULT: {"using":"xpath","value":"//input[@id = \"application-managepartners-display-component---detailPtm--addressDetailDetailsLanguage-inner\"]"}
COMMAND: GET /session/ad66f158aa4d4ab6ef13355aa7850eca/element/f.46184FC8CB979803EFB42F6A75FB8695.d.AB81163FA132FF03249B7962439B9979.e.5809/property/value - {}
RESULT: {}
COMMAND: POST /session/ad66f158aa4d4ab6ef13355aa7850eca/execute/async - {"script":"<script> [1562 bytes]","args":[{"selector":{"id":"application-managepartners-display-component---detailPtm--addressDetailDetailsCity1"},"wdio_ui5_key":"applicationmanagepartners-display-component---detailPtm--addressDetailDetailsCity1"}]}
COMMAND: GET /session/ad66f158aa4d4ab6ef13355aa7850eca/screenshot - {}
RESULT: {}
RESULT: {"script":"<script> [1562 bytes]","args":[{"selector":{"id":"application-managepartners-display-component---detailPtm--addressDetailDetailsCity1"},"wdio_ui5_key":"applicationmanagepartners-display-component---detailPtm--addressDetailDetailsCity1"}]}
RESULT: undefined
COMMAND: POST /session/ad66f158aa4d4ab6ef13355aa7850eca/execute/async - {"script":"<script> [6424 bytes]","args":[{"element-6066-11e4-a52e-4f735466cecf":"f.46184FC8CB979803EFB42F6A75FB8695.d.AB81163FA132FF03249B7962439B9979.e.5810"},"getValue",[]]}
RESULT: {"script":"<script> [6424 bytes]","args":[{"element-6066-11e4-a52e-4f735466cecf":"f.46184FC8CB979803EFB42F6A75FB8695.d.AB81163FA132FF03249B7962439B9979.e.5810"},"getValue",[]]}
COMMAND: POST /session/ad66f158aa4d4ab6ef13355aa7850eca/element - {"using":"css selector","value":"#shell-header-logo"}
RESULT: {"using":"css selector","value":"#shell-header-logo"}
COMMAND: POST /session/ad66f158aa4d4ab6ef13355aa7850eca/element/f.46184FC8CB979803EFB42F6A75FB8695.d.AB81163FA132FF03249B7962439B9979.e.5367/click - {}
RESULT: {}
COMMAND: GET /session/ad66f158aa4d4ab6ef13355aa7850eca/screenshot - {}
RESULT: {}
]]></system-out>
    </testcase>
    <testcase classname="chrome.136_0_7103_93.windows.Partner_specific_tests_US150819_US151080_US151654_US151176_US103444_US151078_US151079_US151109_US151174_US151175_US151189" name="Should do filtering and navigation tests US151109" time="165.467">
      <system-out><![CDATA[
COMMAND: POST /session/ad66f158aa4d4ab6ef13355aa7850eca/element - {"using":"xpath","value":"//li[.//span[text()=\"Manage Partners\"]]"}
RESULT: {"using":"xpath","value":"//li[.//span[text()=\"Manage Partners\"]]"}
COMMAND: POST /session/ad66f158aa4d4ab6ef13355aa7850eca/element - {"using":"xpath","value":"//li[.//span[text()=\"Manage Partners\"]]"}
RESULT: {"using":"xpath","value":"//li[.//span[text()=\"Manage Partners\"]]"}
COMMAND: POST /session/ad66f158aa4d4ab6ef13355aa7850eca/element - {"using":"css selector","value":"#shell-header-logo"}
RESULT: {"using":"css selector","value":"#shell-header-logo"}
COMMAND: POST /session/ad66f158aa4d4ab6ef13355aa7850eca/element/f.46184FC8CB979803EFB42F6A75FB8695.d.AB81163FA132FF03249B7962439B9979.e.5841/click - {}
COMMAND: POST /session/ad66f158aa4d4ab6ef13355aa7850eca/execute/sync - {"script":"<script> [8489 bytes]","args":[{"element-6066-11e4-a52e-4f735466cecf":"f.46184FC8CB979803EFB42F6A75FB8695.d.AB81163FA132FF03249B7962439B9979.e.5841","ELEMENT":"f.46184FC8CB979803EFB42F6A75FB8695.d.AB81163FA132FF03249B7962439B9979.e.5841"}]}
RESULT: {}
COMMAND: GET /session/ad66f158aa4d4ab6ef13355aa7850eca/screenshot - {}
RESULT: {"script":"<script> [8489 bytes]","args":[{"element-6066-11e4-a52e-4f735466cecf":"f.46184FC8CB979803EFB42F6A75FB8695.d.AB81163FA132FF03249B7962439B9979.e.5841","ELEMENT":"f.46184FC8CB979803EFB42F6A75FB8695.d.AB81163FA132FF03249B7962439B9979.e.5841"}]}
COMMAND: POST /session/ad66f158aa4d4ab6ef13355aa7850eca/execute/sync - {"script":"<script> [5351 bytes]","args":[{"element-6066-11e4-a52e-4f735466cecf":"f.46184FC8CB979803EFB42F6A75FB8695.d.AB81163FA132FF03249B7962439B9979.e.5841","ELEMENT":"f.46184FC8CB979803EFB42F6A75FB8695.d.AB81163FA132FF03249B7962439B9979.e.5841"}]}
COMMAND: GET /session/ad66f158aa4d4ab6ef13355aa7850eca/screenshot - {}
RESULT: {}
RESULT: {"script":"<script> [5351 bytes]","args":[{"element-6066-11e4-a52e-4f735466cecf":"f.46184FC8CB979803EFB42F6A75FB8695.d.AB81163FA132FF03249B7962439B9979.e.5841","ELEMENT":"f.46184FC8CB979803EFB42F6A75FB8695.d.AB81163FA132FF03249B7962439B9979.e.5841"}]}
COMMAND: GET /session/ad66f158aa4d4ab6ef13355aa7850eca/screenshot - {}
RESULT: {}
RESULT: {}
RESULT: undefined
COMMAND: POST /session/ad66f158aa4d4ab6ef13355aa7850eca/element - {"using":"xpath","value":"//*[@id=\"__tile30\"]"}
RESULT: {"using":"xpath","value":"//*[@id=\"__tile30\"]"}
COMMAND: POST /session/ad66f158aa4d4ab6ef13355aa7850eca/element/f.46184FC8CB979803EFB42F6A75FB8695.d.AB81163FA132FF03249B7962439B9979.e.4500/click - {}
RESULT: {}
COMMAND: GET /session/ad66f158aa4d4ab6ef13355aa7850eca/screenshot - {}
COMMAND: POST /session/ad66f158aa4d4ab6ef13355aa7850eca/elements - {"using":"xpath","value":"//span[text()='Error']"}
RESULT: {}
RESULT: {"using":"xpath","value":"//span[text()='Error']"}
COMMAND: POST /session/ad66f158aa4d4ab6ef13355aa7850eca/element - {"using":"xpath","value":"//button[@data-kt=\"addButton\"]"}
RESULT: {"using":"xpath","value":"//button[@data-kt=\"addButton\"]"}
COMMAND: POST /session/ad66f158aa4d4ab6ef13355aa7850eca/elements - {"using":"xpath","value":"//button[@data-kt=\"addButton\"]"}
RESULT: {"using":"xpath","value":"//button[@data-kt=\"addButton\"]"}
COMMAND: POST /session/ad66f158aa4d4ab6ef13355aa7850eca/elements - {"using":"xpath","value":"//button[@data-kt=\"addButton\"]"}
RESULT: {"using":"xpath","value":"//button[@data-kt=\"addButton\"]"}
COMMAND: POST /session/ad66f158aa4d4ab6ef13355aa7850eca/elements - {"using":"xpath","value":"//button[@data-kt=\"addButton\"]"}
RESULT: {"using":"xpath","value":"//button[@data-kt=\"addButton\"]"}
COMMAND: POST /session/ad66f158aa4d4ab6ef13355aa7850eca/elements - {"using":"xpath","value":"//button[@data-kt=\"addButton\"]"}
RESULT: {"using":"xpath","value":"//button[@data-kt=\"addButton\"]"}
COMMAND: POST /session/ad66f158aa4d4ab6ef13355aa7850eca/element - {"using":"xpath","value":"//button[@data-kt=\"addButton\"]"}
RESULT: {"using":"xpath","value":"//button[@data-kt=\"addButton\"]"}
COMMAND: POST /session/ad66f158aa4d4ab6ef13355aa7850eca/execute/sync - {"script":"<script> [8489 bytes]","args":[{"element-6066-11e4-a52e-4f735466cecf":"f.46184FC8CB979803EFB42F6A75FB8695.d.AB81163FA132FF03249B7962439B9979.e.5886","ELEMENT":"f.46184FC8CB979803EFB42F6A75FB8695.d.AB81163FA132FF03249B7962439B9979.e.5886"}]}
RESULT: {"script":"<script> [8489 bytes]","args":[{"element-6066-11e4-a52e-4f735466cecf":"f.46184FC8CB979803EFB42F6A75FB8695.d.AB81163FA132FF03249B7962439B9979.e.5886","ELEMENT":"f.46184FC8CB979803EFB42F6A75FB8695.d.AB81163FA132FF03249B7962439B9979.e.5886"}]}
COMMAND: GET /session/ad66f158aa4d4ab6ef13355aa7850eca/element/f.46184FC8CB979803EFB42F6A75FB8695.d.AB81163FA132FF03249B7962439B9979.e.5886/enabled - {}
COMMAND: GET /session/ad66f158aa4d4ab6ef13355aa7850eca/screenshot - {}
RESULT: {}
COMMAND: POST /session/ad66f158aa4d4ab6ef13355aa7850eca/execute/sync - {"script":"<script> [8489 bytes]","args":[{"element-6066-11e4-a52e-4f735466cecf":"f.46184FC8CB979803EFB42F6A75FB8695.d.AB81163FA132FF03249B7962439B9979.e.5886","ELEMENT":"f.46184FC8CB979803EFB42F6A75FB8695.d.AB81163FA132FF03249B7962439B9979.e.5886"}]}
COMMAND: GET /session/ad66f158aa4d4ab6ef13355aa7850eca/screenshot - {}
RESULT: {}
RESULT: {"script":"<script> [8489 bytes]","args":[{"element-6066-11e4-a52e-4f735466cecf":"f.46184FC8CB979803EFB42F6A75FB8695.d.AB81163FA132FF03249B7962439B9979.e.5886","ELEMENT":"f.46184FC8CB979803EFB42F6A75FB8695.d.AB81163FA132FF03249B7962439B9979.e.5886"}]}
COMMAND: POST /session/ad66f158aa4d4ab6ef13355aa7850eca/execute/sync - {"script":"<script> [5351 bytes]","args":[{"element-6066-11e4-a52e-4f735466cecf":"f.46184FC8CB979803EFB42F6A75FB8695.d.AB81163FA132FF03249B7962439B9979.e.5886","ELEMENT":"f.46184FC8CB979803EFB42F6A75FB8695.d.AB81163FA132FF03249B7962439B9979.e.5886"}]}
COMMAND: GET /session/ad66f158aa4d4ab6ef13355aa7850eca/screenshot - {}
RESULT: {}
RESULT: {"script":"<script> [5351 bytes]","args":[{"element-6066-11e4-a52e-4f735466cecf":"f.46184FC8CB979803EFB42F6A75FB8695.d.AB81163FA132FF03249B7962439B9979.e.5886","ELEMENT":"f.46184FC8CB979803EFB42F6A75FB8695.d.AB81163FA132FF03249B7962439B9979.e.5886"}]}
COMMAND: GET /session/ad66f158aa4d4ab6ef13355aa7850eca/screenshot - {}
RESULT: {}
RESULT: {}
COMMAND: POST /session/ad66f158aa4d4ab6ef13355aa7850eca/element - {"using":"xpath","value":"//span[@id=\"application-managepartners-display-component---masterPtm--smartTable-header-inner\"]"}
RESULT: {"using":"xpath","value":"//span[@id=\"application-managepartners-display-component---masterPtm--smartTable-header-inner\"]"}
COMMAND: POST /session/ad66f158aa4d4ab6ef13355aa7850eca/elements - {"using":"xpath","value":"//span[@id=\"application-managepartners-display-component---masterPtm--smartTable-header-inner\"]"}
RESULT: {"using":"xpath","value":"//span[@id=\"application-managepartners-display-component---masterPtm--smartTable-header-inner\"]"}
COMMAND: POST /session/ad66f158aa4d4ab6ef13355aa7850eca/execute/sync - {"script":"<script> [56 bytes]","args":[{"element-6066-11e4-a52e-4f735466cecf":"f.46184FC8CB979803EFB42F6A75FB8695.d.AB81163FA132FF03249B7962439B9979.e.6012","ELEMENT":"f.46184FC8CB979803EFB42F6A75FB8695.d.AB81163FA132FF03249B7962439B9979.e.6012"}]}
RESULT: {"script":"<script> [56 bytes]","args":[{"element-6066-11e4-a52e-4f735466cecf":"f.46184FC8CB979803EFB42F6A75FB8695.d.AB81163FA132FF03249B7962439B9979.e.6012","ELEMENT":"f.46184FC8CB979803EFB42F6A75FB8695.d.AB81163FA132FF03249B7962439B9979.e.6012"}]}
RESULT: undefined
COMMAND: POST /session/ad66f158aa4d4ab6ef13355aa7850eca/execute/async - {"script":"<script> [776 bytes]","args":[{"enterText":"External Partner WDIO","selector":{"id":"application-managepartners-display-component---masterPtm--smartFilterBar-btnBasicSearch","interaction":{"idSuffix":"I"}},"clearTextFirst":true,"interactionType":"ENTER_TEXT"}]}
COMMAND: GET /session/ad66f158aa4d4ab6ef13355aa7850eca/screenshot - {}
RESULT: {"script":"<script> [776 bytes]","args":[{"enterText":"External Partner WDIO","selector":{"id":"application-managepartners-display-component---masterPtm--smartFilterBar-btnBasicSearch","interaction":{"idSuffix":"I"}},"clearTextFirst":true,"interactionType":"ENTER_TEXT"}]}
RESULT: {}
COMMAND: POST /session/ad66f158aa4d4ab6ef13355aa7850eca/actions - {"actions":[{"id":"action17","type":"key","parameters":{},"actions":[{"type":"keyDown","value":""},{"type":"pause","duration":10},{"type":"keyUp","value":""}]}]}
RESULT: {"actions":[{"id":"action17","type":"key","parameters":{},"actions":[{"type":"keyDown","value":""},{"type":"pause","duration":10},{"type":"keyUp","value":""}]}]}
COMMAND: GET /session/ad66f158aa4d4ab6ef13355aa7850eca/screenshot - {}
RESULT: {}
COMMAND: POST /session/ad66f158aa4d4ab6ef13355aa7850eca/element - {"using":"xpath","value":"//span[@id=\"application-managepartners-display-component---masterPtm--smartTable-header-inner\"]"}
RESULT: {"using":"xpath","value":"//span[@id=\"application-managepartners-display-component---masterPtm--smartTable-header-inner\"]"}
COMMAND: POST /session/ad66f158aa4d4ab6ef13355aa7850eca/elements - {"using":"xpath","value":"//span[@id=\"application-managepartners-display-component---masterPtm--smartTable-header-inner\"]"}
RESULT: {"using":"xpath","value":"//span[@id=\"application-managepartners-display-component---masterPtm--smartTable-header-inner\"]"}
COMMAND: POST /session/ad66f158aa4d4ab6ef13355aa7850eca/execute/sync - {"script":"<script> [56 bytes]","args":[{"element-6066-11e4-a52e-4f735466cecf":"f.46184FC8CB979803EFB42F6A75FB8695.d.AB81163FA132FF03249B7962439B9979.e.6012","ELEMENT":"f.46184FC8CB979803EFB42F6A75FB8695.d.AB81163FA132FF03249B7962439B9979.e.6012"}]}
RESULT: {"script":"<script> [56 bytes]","args":[{"element-6066-11e4-a52e-4f735466cecf":"f.46184FC8CB979803EFB42F6A75FB8695.d.AB81163FA132FF03249B7962439B9979.e.6012","ELEMENT":"f.46184FC8CB979803EFB42F6A75FB8695.d.AB81163FA132FF03249B7962439B9979.e.6012"}]}
COMMAND: POST /session/ad66f158aa4d4ab6ef13355aa7850eca/element - {"using":"xpath","value":"//div[contains(@id, \"managepartners-display-component---masterPtm--smartFilterBar-btnBasicSearch-reset\")]"}
COMMAND: GET /session/ad66f158aa4d4ab6ef13355aa7850eca/screenshot - {}
RESULT: {"using":"xpath","value":"//div[contains(@id, \"managepartners-display-component---masterPtm--smartFilterBar-btnBasicSearch-reset\")]"}
COMMAND: POST /session/ad66f158aa4d4ab6ef13355aa7850eca/element/f.46184FC8CB979803EFB42F6A75FB8695.d.AB81163FA132FF03249B7962439B9979.e.6170/click - {}
RESULT: {}
RESULT: {}
COMMAND: GET /session/ad66f158aa4d4ab6ef13355aa7850eca/screenshot - {}
RESULT: {}
COMMAND: POST /session/ad66f158aa4d4ab6ef13355aa7850eca/execute/async - {"script":"<script> [1562 bytes]","args":[{"selector":{"id":"application-managepartners-display-component---masterPtm--smartFilterBar-filterItemControl_BASIC-MAIN_ADDRESS-vhi"},"wdio_ui5_key":"applicationmanagepartners-display-component---masterPtm--smartFilterBar-filterItemControl_BASIC-MAIN_ADDRESS-vhi"}]}
RESULT: {"script":"<script> [1562 bytes]","args":[{"selector":{"id":"application-managepartners-display-component---masterPtm--smartFilterBar-filterItemControl_BASIC-MAIN_ADDRESS-vhi"},"wdio_ui5_key":"applicationmanagepartners-display-component---masterPtm--smartFilterBar-filterItemControl_BASIC-MAIN_ADDRESS-vhi"}]}
RESULT: undefined
COMMAND: POST /session/ad66f158aa4d4ab6ef13355aa7850eca/element - {"using":"xpath","value":"//*[@id=\"application-managepartners-display-component---masterPtm--smartFilterBar-filterItemControl_BASIC-MAIN_ADDRESS-vhi\"]"}
RESULT: {"using":"xpath","value":"//*[@id=\"application-managepartners-display-component---masterPtm--smartFilterBar-filterItemControl_BASIC-MAIN_ADDRESS-vhi\"]"}
COMMAND: POST /session/ad66f158aa4d4ab6ef13355aa7850eca/element/f.46184FC8CB979803EFB42F6A75FB8695.d.AB81163FA132FF03249B7962439B9979.e.6253/click - {}
RESULT: {}
COMMAND: GET /session/ad66f158aa4d4ab6ef13355aa7850eca/screenshot - {}
RESULT: {}
COMMAND: POST /session/ad66f158aa4d4ab6ef13355aa7850eca/execute/async - {"script":"<script> [1562 bytes]","args":[{"selector":{"id":"application-managepartners-display-component---masterPtm--smartFilterBar-filterItemControl_BASIC-MAIN_ADDRESS-valueHelpDialog-smartFilterBar-btnBasicSearch","searchOpenDialogs":true,"interaction":{"idSuffix":"I"}},"wdio_ui5_key":"applicationmanagepartners-display-component---masterPtm--smartFilterBar-filterItemControl_BASIC-MAIN_ADDRESS-valueHelpDialog-smartFilterBar-btnBasicSearch"}]}
RESULT: {"script":"<script> [1562 bytes]","args":[{"selector":{"id":"application-managepartners-display-component---masterPtm--smartFilterBar-filterItemControl_BASIC-MAIN_ADDRESS-valueHelpDialog-smartFilterBar-btnBasicSearch","searchOpenDialogs":true,"interaction":{"idSuffix":"I"}},"wdio_ui5_key":"applicationmanagepartners-display-component---masterPtm--smartFilterBar-filterItemControl_BASIC-MAIN_ADDRESS-valueHelpDialog-smartFilterBar-btnBasicSearch"}]}
RESULT: undefined
COMMAND: POST /session/ad66f158aa4d4ab6ef13355aa7850eca/execute/async - {"script":"<script> [776 bytes]","args":[{"enterText":"Romania","selector":{"id":"application-managepartners-display-component---masterPtm--smartFilterBar-filterItemControl_BASIC-MAIN_ADDRESS-valueHelpDialog-smartFilterBar-btnBasicSearch","searchOpenDialogs":true,"interaction":{"idSuffix":"I"}},"clearTextFirst":true,"interactionType":"ENTER_TEXT"}]}
RESULT: {"script":"<script> [776 bytes]","args":[{"enterText":"Romania","selector":{"id":"application-managepartners-display-component---masterPtm--smartFilterBar-filterItemControl_BASIC-MAIN_ADDRESS-valueHelpDialog-smartFilterBar-btnBasicSearch","searchOpenDialogs":true,"interaction":{"idSuffix":"I"}},"clearTextFirst":true,"interactionType":"ENTER_TEXT"}]}
COMMAND: POST /session/ad66f158aa4d4ab6ef13355aa7850eca/actions - {"actions":[{"id":"action18","type":"key","parameters":{},"actions":[{"type":"keyDown","value":""},{"type":"pause","duration":10},{"type":"keyUp","value":""}]}]}
RESULT: {"actions":[{"id":"action18","type":"key","parameters":{},"actions":[{"type":"keyDown","value":""},{"type":"pause","duration":10},{"type":"keyUp","value":""}]}]}
COMMAND: POST /session/ad66f158aa4d4ab6ef13355aa7850eca/elements - {"using":"xpath","value":"//table[contains(@id, \"smartFilterBar-filterItemControl_BASIC-MAIN_ADDRESS-valueHelpDialog-table-table\")]/tbody/tr"}
COMMAND: GET /session/ad66f158aa4d4ab6ef13355aa7850eca/screenshot - {}
RESULT: {"using":"xpath","value":"//table[contains(@id, \"smartFilterBar-filterItemControl_BASIC-MAIN_ADDRESS-valueHelpDialog-table-table\")]/tbody/tr"}
COMMAND: POST /session/ad66f158aa4d4ab6ef13355aa7850eca/element - {"using":"xpath","value":"//table[contains(@id, \"smartFilterBar-filterItemControl_BASIC-MAIN_ADDRESS-valueHelpDialog-table-table\")]/tbody/tr[1]/td[1]/div/span"}
RESULT: {}
RESULT: {"using":"xpath","value":"//table[contains(@id, \"smartFilterBar-filterItemControl_BASIC-MAIN_ADDRESS-valueHelpDialog-table-table\")]/tbody/tr[1]/td[1]/div/span"}
COMMAND: POST /session/ad66f158aa4d4ab6ef13355aa7850eca/elements - {"using":"xpath","value":"//table[contains(@id, \"smartFilterBar-filterItemControl_BASIC-MAIN_ADDRESS-valueHelpDialog-table-table\")]/tbody/tr[1]/td[1]/div/span"}
RESULT: {"using":"xpath","value":"//table[contains(@id, \"smartFilterBar-filterItemControl_BASIC-MAIN_ADDRESS-valueHelpDialog-table-table\")]/tbody/tr[1]/td[1]/div/span"}
COMMAND: POST /session/ad66f158aa4d4ab6ef13355aa7850eca/execute/sync - {"script":"<script> [56 bytes]","args":[{"element-6066-11e4-a52e-4f735466cecf":"f.46184FC8CB979803EFB42F6A75FB8695.d.AB81163FA132FF03249B7962439B9979.e.6273","ELEMENT":"f.46184FC8CB979803EFB42F6A75FB8695.d.AB81163FA132FF03249B7962439B9979.e.6273"}]}
RESULT: {"script":"<script> [56 bytes]","args":[{"element-6066-11e4-a52e-4f735466cecf":"f.46184FC8CB979803EFB42F6A75FB8695.d.AB81163FA132FF03249B7962439B9979.e.6273","ELEMENT":"f.46184FC8CB979803EFB42F6A75FB8695.d.AB81163FA132FF03249B7962439B9979.e.6273"}]}
COMMAND: POST /session/ad66f158aa4d4ab6ef13355aa7850eca/element - {"using":"xpath","value":"//div[contains(@id, \"filterItemControl_BASIC-MAIN_ADDRESS-valueHelpDialog-table-rowsel0\")]"}
COMMAND: GET /session/ad66f158aa4d4ab6ef13355aa7850eca/screenshot - {}
RESULT: {"using":"xpath","value":"//div[contains(@id, \"filterItemControl_BASIC-MAIN_ADDRESS-valueHelpDialog-table-rowsel0\")]"}
COMMAND: POST /session/ad66f158aa4d4ab6ef13355aa7850eca/element/f.46184FC8CB979803EFB42F6A75FB8695.d.AB81163FA132FF03249B7962439B9979.e.6274/click - {}
RESULT: {}
RESULT: {}
COMMAND: GET /session/ad66f158aa4d4ab6ef13355aa7850eca/screenshot - {}
RESULT: {}
COMMAND: POST /session/ad66f158aa4d4ab6ef13355aa7850eca/element - {"using":"xpath","value":"(//bdi[contains(text(), \"OK\")])[1]"}
RESULT: {"using":"xpath","value":"(//bdi[contains(text(), \"OK\")])[1]"}
COMMAND: POST /session/ad66f158aa4d4ab6ef13355aa7850eca/element/f.46184FC8CB979803EFB42F6A75FB8695.d.AB81163FA132FF03249B7962439B9979.e.6276/click - {}
RESULT: {}
COMMAND: GET /session/ad66f158aa4d4ab6ef13355aa7850eca/screenshot - {}
RESULT: {}
COMMAND: POST /session/ad66f158aa4d4ab6ef13355aa7850eca/element - {"using":"xpath","value":"//span[@id=\"application-managepartners-display-component---masterPtm--smartTable-header-inner\"]"}
RESULT: {"using":"xpath","value":"//span[@id=\"application-managepartners-display-component---masterPtm--smartTable-header-inner\"]"}
COMMAND: POST /session/ad66f158aa4d4ab6ef13355aa7850eca/elements - {"using":"xpath","value":"//span[@id=\"application-managepartners-display-component---masterPtm--smartTable-header-inner\"]"}
RESULT: {"using":"xpath","value":"//span[@id=\"application-managepartners-display-component---masterPtm--smartTable-header-inner\"]"}
COMMAND: POST /session/ad66f158aa4d4ab6ef13355aa7850eca/execute/sync - {"script":"<script> [56 bytes]","args":[{"element-6066-11e4-a52e-4f735466cecf":"f.46184FC8CB979803EFB42F6A75FB8695.d.AB81163FA132FF03249B7962439B9979.e.6012","ELEMENT":"f.46184FC8CB979803EFB42F6A75FB8695.d.AB81163FA132FF03249B7962439B9979.e.6012"}]}
RESULT: {"script":"<script> [56 bytes]","args":[{"element-6066-11e4-a52e-4f735466cecf":"f.46184FC8CB979803EFB42F6A75FB8695.d.AB81163FA132FF03249B7962439B9979.e.6012","ELEMENT":"f.46184FC8CB979803EFB42F6A75FB8695.d.AB81163FA132FF03249B7962439B9979.e.6012"}]}
COMMAND: POST /session/ad66f158aa4d4ab6ef13355aa7850eca/element - {"using":"xpath","value":"//span[contains(@title, \"Remove\")]"}
COMMAND: GET /session/ad66f158aa4d4ab6ef13355aa7850eca/screenshot - {}
RESULT: {"using":"xpath","value":"//span[contains(@title, \"Remove\")]"}
COMMAND: POST /session/ad66f158aa4d4ab6ef13355aa7850eca/element/f.46184FC8CB979803EFB42F6A75FB8695.d.AB81163FA132FF03249B7962439B9979.e.6290/click - {}
RESULT: {}
RESULT: {}
COMMAND: GET /session/ad66f158aa4d4ab6ef13355aa7850eca/screenshot - {}
RESULT: {}
COMMAND: POST /session/ad66f158aa4d4ab6ef13355aa7850eca/element - {"using":"xpath","value":"//span[@id=\"application-managepartners-display-component---masterPtm--smartTable-header-inner\"]"}
RESULT: {"using":"xpath","value":"//span[@id=\"application-managepartners-display-component---masterPtm--smartTable-header-inner\"]"}
COMMAND: POST /session/ad66f158aa4d4ab6ef13355aa7850eca/elements - {"using":"xpath","value":"//span[@id=\"application-managepartners-display-component---masterPtm--smartTable-header-inner\"]"}
RESULT: {"using":"xpath","value":"//span[@id=\"application-managepartners-display-component---masterPtm--smartTable-header-inner\"]"}
COMMAND: POST /session/ad66f158aa4d4ab6ef13355aa7850eca/execute/sync - {"script":"<script> [56 bytes]","args":[{"element-6066-11e4-a52e-4f735466cecf":"f.46184FC8CB979803EFB42F6A75FB8695.d.AB81163FA132FF03249B7962439B9979.e.6012","ELEMENT":"f.46184FC8CB979803EFB42F6A75FB8695.d.AB81163FA132FF03249B7962439B9979.e.6012"}]}
RESULT: {"script":"<script> [56 bytes]","args":[{"element-6066-11e4-a52e-4f735466cecf":"f.46184FC8CB979803EFB42F6A75FB8695.d.AB81163FA132FF03249B7962439B9979.e.6012","ELEMENT":"f.46184FC8CB979803EFB42F6A75FB8695.d.AB81163FA132FF03249B7962439B9979.e.6012"}]}
COMMAND: POST /session/ad66f158aa4d4ab6ef13355aa7850eca/execute/async - {"script":"<script> [1562 bytes]","args":[{"selector":{"id":"application-managepartners-display-component---masterPtm--smartFilterBar-filterItemControl_BASIC-YARD-vhi"},"wdio_ui5_key":"applicationmanagepartners-display-component---masterPtm--smartFilterBar-filterItemControl_BASIC-YARD-vhi"}]}
COMMAND: GET /session/ad66f158aa4d4ab6ef13355aa7850eca/screenshot - {}
RESULT: {"script":"<script> [1562 bytes]","args":[{"selector":{"id":"application-managepartners-display-component---masterPtm--smartFilterBar-filterItemControl_BASIC-YARD-vhi"},"wdio_ui5_key":"applicationmanagepartners-display-component---masterPtm--smartFilterBar-filterItemControl_BASIC-YARD-vhi"}]}
RESULT: undefined
COMMAND: POST /session/ad66f158aa4d4ab6ef13355aa7850eca/element - {"using":"xpath","value":"//*[@id=\"application-managepartners-display-component---masterPtm--smartFilterBar-filterItemControl_BASIC-YARD-vhi\"]"}
RESULT: {}
RESULT: {"using":"xpath","value":"//*[@id=\"application-managepartners-display-component---masterPtm--smartFilterBar-filterItemControl_BASIC-YARD-vhi\"]"}
COMMAND: POST /session/ad66f158aa4d4ab6ef13355aa7850eca/element/f.46184FC8CB979803EFB42F6A75FB8695.d.AB81163FA132FF03249B7962439B9979.e.6397/click - {}
RESULT: {}
COMMAND: GET /session/ad66f158aa4d4ab6ef13355aa7850eca/screenshot - {}
RESULT: {}
COMMAND: POST /session/ad66f158aa4d4ab6ef13355aa7850eca/execute/async - {"script":"<script> [1562 bytes]","args":[{"selector":{"id":"application-managepartners-display-component---masterPtm--smartFilterBar-filterItemControl_BASIC-YARD-valueHelpDialog-smartFilterBar-btnBasicSearch","searchOpenDialogs":true,"interaction":{"idSuffix":"I"}},"wdio_ui5_key":"applicationmanagepartners-display-component---masterPtm--smartFilterBar-filterItemControl_BASIC-YARD-valueHelpDialog-smartFilterBar-btnBasicSearch"}]}
RESULT: {"script":"<script> [1562 bytes]","args":[{"selector":{"id":"application-managepartners-display-component---masterPtm--smartFilterBar-filterItemControl_BASIC-YARD-valueHelpDialog-smartFilterBar-btnBasicSearch","searchOpenDialogs":true,"interaction":{"idSuffix":"I"}},"wdio_ui5_key":"applicationmanagepartners-display-component---masterPtm--smartFilterBar-filterItemControl_BASIC-YARD-valueHelpDialog-smartFilterBar-btnBasicSearch"}]}
RESULT: undefined
COMMAND: POST /session/ad66f158aa4d4ab6ef13355aa7850eca/execute/async - {"script":"<script> [776 bytes]","args":[{"enterText":"Test","selector":{"id":"application-managepartners-display-component---masterPtm--smartFilterBar-filterItemControl_BASIC-YARD-valueHelpDialog-smartFilterBar-btnBasicSearch","searchOpenDialogs":true,"interaction":{"idSuffix":"I"}},"clearTextFirst":true,"interactionType":"ENTER_TEXT"}]}
RESULT: {"script":"<script> [776 bytes]","args":[{"enterText":"Test","selector":{"id":"application-managepartners-display-component---masterPtm--smartFilterBar-filterItemControl_BASIC-YARD-valueHelpDialog-smartFilterBar-btnBasicSearch","searchOpenDialogs":true,"interaction":{"idSuffix":"I"}},"clearTextFirst":true,"interactionType":"ENTER_TEXT"}]}
COMMAND: POST /session/ad66f158aa4d4ab6ef13355aa7850eca/actions - {"actions":[{"id":"action19","type":"key","parameters":{},"actions":[{"type":"keyDown","value":""},{"type":"pause","duration":10},{"type":"keyUp","value":""}]}]}
RESULT: {"actions":[{"id":"action19","type":"key","parameters":{},"actions":[{"type":"keyDown","value":""},{"type":"pause","duration":10},{"type":"keyUp","value":""}]}]}
COMMAND: POST /session/ad66f158aa4d4ab6ef13355aa7850eca/elements - {"using":"xpath","value":"//table[contains(@id, \"smartFilterBar-filterItemControl_BASIC-YARD-valueHelpDialog-table-table\")]/tbody/tr"}
COMMAND: GET /session/ad66f158aa4d4ab6ef13355aa7850eca/screenshot - {}
RESULT: {"using":"xpath","value":"//table[contains(@id, \"smartFilterBar-filterItemControl_BASIC-YARD-valueHelpDialog-table-table\")]/tbody/tr"}
COMMAND: POST /session/ad66f158aa4d4ab6ef13355aa7850eca/element - {"using":"xpath","value":"//table[contains(@id, \"smartFilterBar-filterItemControl_BASIC-YARD-valueHelpDialog-table-table\")]/tbody/tr[1]/td[1]/div/span"}
RESULT: {}
RESULT: {"using":"xpath","value":"//table[contains(@id, \"smartFilterBar-filterItemControl_BASIC-YARD-valueHelpDialog-table-table\")]/tbody/tr[1]/td[1]/div/span"}
COMMAND: POST /session/ad66f158aa4d4ab6ef13355aa7850eca/elements - {"using":"xpath","value":"//table[contains(@id, \"smartFilterBar-filterItemControl_BASIC-YARD-valueHelpDialog-table-table\")]/tbody/tr[1]/td[1]/div/span"}
RESULT: {"using":"xpath","value":"//table[contains(@id, \"smartFilterBar-filterItemControl_BASIC-YARD-valueHelpDialog-table-table\")]/tbody/tr[1]/td[1]/div/span"}
COMMAND: POST /session/ad66f158aa4d4ab6ef13355aa7850eca/execute/sync - {"script":"<script> [56 bytes]","args":[{"element-6066-11e4-a52e-4f735466cecf":"f.46184FC8CB979803EFB42F6A75FB8695.d.AB81163FA132FF03249B7962439B9979.e.6417","ELEMENT":"f.46184FC8CB979803EFB42F6A75FB8695.d.AB81163FA132FF03249B7962439B9979.e.6417"}]}
RESULT: {"script":"<script> [56 bytes]","args":[{"element-6066-11e4-a52e-4f735466cecf":"f.46184FC8CB979803EFB42F6A75FB8695.d.AB81163FA132FF03249B7962439B9979.e.6417","ELEMENT":"f.46184FC8CB979803EFB42F6A75FB8695.d.AB81163FA132FF03249B7962439B9979.e.6417"}]}
COMMAND: POST /session/ad66f158aa4d4ab6ef13355aa7850eca/element - {"using":"xpath","value":"//table[contains(@id, \"smartFilterBar-filterItemControl_BASIC-YARD-valueHelpDialog-table-table\")]/tbody/tr[2]/td[1]/div/span"}
COMMAND: GET /session/ad66f158aa4d4ab6ef13355aa7850eca/screenshot - {}
RESULT: {"using":"xpath","value":"//table[contains(@id, \"smartFilterBar-filterItemControl_BASIC-YARD-valueHelpDialog-table-table\")]/tbody/tr[2]/td[1]/div/span"}
COMMAND: POST /session/ad66f158aa4d4ab6ef13355aa7850eca/elements - {"using":"xpath","value":"//table[contains(@id, \"smartFilterBar-filterItemControl_BASIC-YARD-valueHelpDialog-table-table\")]/tbody/tr[2]/td[1]/div/span"}
RESULT: {}
RESULT: {"using":"xpath","value":"//table[contains(@id, \"smartFilterBar-filterItemControl_BASIC-YARD-valueHelpDialog-table-table\")]/tbody/tr[2]/td[1]/div/span"}
COMMAND: POST /session/ad66f158aa4d4ab6ef13355aa7850eca/execute/sync - {"script":"<script> [56 bytes]","args":[{"element-6066-11e4-a52e-4f735466cecf":"f.46184FC8CB979803EFB42F6A75FB8695.d.AB81163FA132FF03249B7962439B9979.e.6418","ELEMENT":"f.46184FC8CB979803EFB42F6A75FB8695.d.AB81163FA132FF03249B7962439B9979.e.6418"}]}
RESULT: {"script":"<script> [56 bytes]","args":[{"element-6066-11e4-a52e-4f735466cecf":"f.46184FC8CB979803EFB42F6A75FB8695.d.AB81163FA132FF03249B7962439B9979.e.6418","ELEMENT":"f.46184FC8CB979803EFB42F6A75FB8695.d.AB81163FA132FF03249B7962439B9979.e.6418"}]}
COMMAND: POST /session/ad66f158aa4d4ab6ef13355aa7850eca/element - {"using":"xpath","value":"//table[contains(@id, \"smartFilterBar-filterItemControl_BASIC-YARD-valueHelpDialog-table-table\")]/tbody/tr[3]/td[1]/div/span"}
COMMAND: GET /session/ad66f158aa4d4ab6ef13355aa7850eca/screenshot - {}
RESULT: {"using":"xpath","value":"//table[contains(@id, \"smartFilterBar-filterItemControl_BASIC-YARD-valueHelpDialog-table-table\")]/tbody/tr[3]/td[1]/div/span"}
COMMAND: POST /session/ad66f158aa4d4ab6ef13355aa7850eca/elements - {"using":"xpath","value":"//table[contains(@id, \"smartFilterBar-filterItemControl_BASIC-YARD-valueHelpDialog-table-table\")]/tbody/tr[3]/td[1]/div/span"}
RESULT: {}
RESULT: {"using":"xpath","value":"//table[contains(@id, \"smartFilterBar-filterItemControl_BASIC-YARD-valueHelpDialog-table-table\")]/tbody/tr[3]/td[1]/div/span"}
COMMAND: POST /session/ad66f158aa4d4ab6ef13355aa7850eca/execute/sync - {"script":"<script> [56 bytes]","args":[{"element-6066-11e4-a52e-4f735466cecf":"f.46184FC8CB979803EFB42F6A75FB8695.d.AB81163FA132FF03249B7962439B9979.e.6419","ELEMENT":"f.46184FC8CB979803EFB42F6A75FB8695.d.AB81163FA132FF03249B7962439B9979.e.6419"}]}
RESULT: {"script":"<script> [56 bytes]","args":[{"element-6066-11e4-a52e-4f735466cecf":"f.46184FC8CB979803EFB42F6A75FB8695.d.AB81163FA132FF03249B7962439B9979.e.6419","ELEMENT":"f.46184FC8CB979803EFB42F6A75FB8695.d.AB81163FA132FF03249B7962439B9979.e.6419"}]}
COMMAND: POST /session/ad66f158aa4d4ab6ef13355aa7850eca/element - {"using":"xpath","value":"//div[contains(@id, \"filterItemControl_BASIC-YARD-valueHelpDialog-table-rowsel2\")]"}
COMMAND: GET /session/ad66f158aa4d4ab6ef13355aa7850eca/screenshot - {}
RESULT: {"using":"xpath","value":"//div[contains(@id, \"filterItemControl_BASIC-YARD-valueHelpDialog-table-rowsel2\")]"}
COMMAND: POST /session/ad66f158aa4d4ab6ef13355aa7850eca/element/f.46184FC8CB979803EFB42F6A75FB8695.d.AB81163FA132FF03249B7962439B9979.e.6420/click - {}
RESULT: {}
RESULT: {}
COMMAND: GET /session/ad66f158aa4d4ab6ef13355aa7850eca/screenshot - {}
RESULT: {}
COMMAND: POST /session/ad66f158aa4d4ab6ef13355aa7850eca/element - {"using":"xpath","value":"(//bdi[contains(text(), \"OK\")])[1]"}
RESULT: {"using":"xpath","value":"(//bdi[contains(text(), \"OK\")])[1]"}
COMMAND: POST /session/ad66f158aa4d4ab6ef13355aa7850eca/element/f.46184FC8CB979803EFB42F6A75FB8695.d.AB81163FA132FF03249B7962439B9979.e.6422/click - {}
RESULT: {}
COMMAND: GET /session/ad66f158aa4d4ab6ef13355aa7850eca/screenshot - {}
RESULT: {}
COMMAND: POST /session/ad66f158aa4d4ab6ef13355aa7850eca/element - {"using":"xpath","value":"//span[@id=\"application-managepartners-display-component---masterPtm--smartTable-header-inner\"]"}
RESULT: {"using":"xpath","value":"//span[@id=\"application-managepartners-display-component---masterPtm--smartTable-header-inner\"]"}
COMMAND: POST /session/ad66f158aa4d4ab6ef13355aa7850eca/elements - {"using":"xpath","value":"//span[@id=\"application-managepartners-display-component---masterPtm--smartTable-header-inner\"]"}
RESULT: {"using":"xpath","value":"//span[@id=\"application-managepartners-display-component---masterPtm--smartTable-header-inner\"]"}
COMMAND: POST /session/ad66f158aa4d4ab6ef13355aa7850eca/execute/sync - {"script":"<script> [56 bytes]","args":[{"element-6066-11e4-a52e-4f735466cecf":"f.46184FC8CB979803EFB42F6A75FB8695.d.AB81163FA132FF03249B7962439B9979.e.6012","ELEMENT":"f.46184FC8CB979803EFB42F6A75FB8695.d.AB81163FA132FF03249B7962439B9979.e.6012"}]}
RESULT: {"script":"<script> [56 bytes]","args":[{"element-6066-11e4-a52e-4f735466cecf":"f.46184FC8CB979803EFB42F6A75FB8695.d.AB81163FA132FF03249B7962439B9979.e.6012","ELEMENT":"f.46184FC8CB979803EFB42F6A75FB8695.d.AB81163FA132FF03249B7962439B9979.e.6012"}]}
COMMAND: POST /session/ad66f158aa4d4ab6ef13355aa7850eca/element - {"using":"xpath","value":"//span[contains(@title, \"Remove\")]"}
COMMAND: GET /session/ad66f158aa4d4ab6ef13355aa7850eca/screenshot - {}
RESULT: {"using":"xpath","value":"//span[contains(@title, \"Remove\")]"}
COMMAND: POST /session/ad66f158aa4d4ab6ef13355aa7850eca/element/f.46184FC8CB979803EFB42F6A75FB8695.d.AB81163FA132FF03249B7962439B9979.e.6435/click - {}
RESULT: {}
RESULT: {}
COMMAND: GET /session/ad66f158aa4d4ab6ef13355aa7850eca/screenshot - {}
RESULT: {}
COMMAND: POST /session/ad66f158aa4d4ab6ef13355aa7850eca/element - {"using":"xpath","value":"//span[@id=\"application-managepartners-display-component---masterPtm--smartTable-header-inner\"]"}
RESULT: {"using":"xpath","value":"//span[@id=\"application-managepartners-display-component---masterPtm--smartTable-header-inner\"]"}
COMMAND: POST /session/ad66f158aa4d4ab6ef13355aa7850eca/elements - {"using":"xpath","value":"//span[@id=\"application-managepartners-display-component---masterPtm--smartTable-header-inner\"]"}
RESULT: {"using":"xpath","value":"//span[@id=\"application-managepartners-display-component---masterPtm--smartTable-header-inner\"]"}
COMMAND: POST /session/ad66f158aa4d4ab6ef13355aa7850eca/execute/sync - {"script":"<script> [56 bytes]","args":[{"element-6066-11e4-a52e-4f735466cecf":"f.46184FC8CB979803EFB42F6A75FB8695.d.AB81163FA132FF03249B7962439B9979.e.6012","ELEMENT":"f.46184FC8CB979803EFB42F6A75FB8695.d.AB81163FA132FF03249B7962439B9979.e.6012"}]}
RESULT: {"script":"<script> [56 bytes]","args":[{"element-6066-11e4-a52e-4f735466cecf":"f.46184FC8CB979803EFB42F6A75FB8695.d.AB81163FA132FF03249B7962439B9979.e.6012","ELEMENT":"f.46184FC8CB979803EFB42F6A75FB8695.d.AB81163FA132FF03249B7962439B9979.e.6012"}]}
COMMAND: POST /session/ad66f158aa4d4ab6ef13355aa7850eca/execute/async - {"script":"<script> [1562 bytes]","args":[{"selector":{"id":"application-managepartners-display-component---masterPtm--smartFilterBar-filterItemControl_BASIC-ALL_TAGS-vhi"},"wdio_ui5_key":"applicationmanagepartners-display-component---masterPtm--smartFilterBar-filterItemControl_BASIC-ALL_TAGS-vhi"}]}
COMMAND: GET /session/ad66f158aa4d4ab6ef13355aa7850eca/screenshot - {}
RESULT: {"script":"<script> [1562 bytes]","args":[{"selector":{"id":"application-managepartners-display-component---masterPtm--smartFilterBar-filterItemControl_BASIC-ALL_TAGS-vhi"},"wdio_ui5_key":"applicationmanagepartners-display-component---masterPtm--smartFilterBar-filterItemControl_BASIC-ALL_TAGS-vhi"}]}
RESULT: undefined
COMMAND: POST /session/ad66f158aa4d4ab6ef13355aa7850eca/element - {"using":"xpath","value":"//*[@id=\"application-managepartners-display-component---masterPtm--smartFilterBar-filterItemControl_BASIC-ALL_TAGS-vhi\"]"}
RESULT: {}
RESULT: {"using":"xpath","value":"//*[@id=\"application-managepartners-display-component---masterPtm--smartFilterBar-filterItemControl_BASIC-ALL_TAGS-vhi\"]"}
COMMAND: POST /session/ad66f158aa4d4ab6ef13355aa7850eca/element/f.46184FC8CB979803EFB42F6A75FB8695.d.AB81163FA132FF03249B7962439B9979.e.6538/click - {}
RESULT: {}
COMMAND: GET /session/ad66f158aa4d4ab6ef13355aa7850eca/screenshot - {}
RESULT: {}
COMMAND: POST /session/ad66f158aa4d4ab6ef13355aa7850eca/execute/async - {"script":"<script> [1562 bytes]","args":[{"selector":{"id":"application-managepartners-display-component---masterPtm--smartFilterBar-filterItemControl_BASIC-ALL_TAGS-valueHelpDialog-smartFilterBar-btnBasicSearch","searchOpenDialogs":true,"interaction":{"idSuffix":"I"}},"wdio_ui5_key":"applicationmanagepartners-display-component---masterPtm--smartFilterBar-filterItemControl_BASIC-ALL_TAGS-valueHelpDialog-smartFilterBar-btnBasicSearch"}]}
RESULT: {"script":"<script> [1562 bytes]","args":[{"selector":{"id":"application-managepartners-display-component---masterPtm--smartFilterBar-filterItemControl_BASIC-ALL_TAGS-valueHelpDialog-smartFilterBar-btnBasicSearch","searchOpenDialogs":true,"interaction":{"idSuffix":"I"}},"wdio_ui5_key":"applicationmanagepartners-display-component---masterPtm--smartFilterBar-filterItemControl_BASIC-ALL_TAGS-valueHelpDialog-smartFilterBar-btnBasicSearch"}]}
RESULT: undefined
COMMAND: POST /session/ad66f158aa4d4ab6ef13355aa7850eca/execute/async - {"script":"<script> [776 bytes]","args":[{"enterText":"test-tag-1","selector":{"id":"application-managepartners-display-component---masterPtm--smartFilterBar-filterItemControl_BASIC-ALL_TAGS-valueHelpDialog-smartFilterBar-btnBasicSearch","searchOpenDialogs":true,"interaction":{"idSuffix":"I"}},"clearTextFirst":true,"interactionType":"ENTER_TEXT"}]}
RESULT: {"script":"<script> [776 bytes]","args":[{"enterText":"test-tag-1","selector":{"id":"application-managepartners-display-component---masterPtm--smartFilterBar-filterItemControl_BASIC-ALL_TAGS-valueHelpDialog-smartFilterBar-btnBasicSearch","searchOpenDialogs":true,"interaction":{"idSuffix":"I"}},"clearTextFirst":true,"interactionType":"ENTER_TEXT"}]}
COMMAND: POST /session/ad66f158aa4d4ab6ef13355aa7850eca/actions - {"actions":[{"id":"action20","type":"key","parameters":{},"actions":[{"type":"keyDown","value":""},{"type":"pause","duration":10},{"type":"keyUp","value":""}]}]}
RESULT: {"actions":[{"id":"action20","type":"key","parameters":{},"actions":[{"type":"keyDown","value":""},{"type":"pause","duration":10},{"type":"keyUp","value":""}]}]}
COMMAND: POST /session/ad66f158aa4d4ab6ef13355aa7850eca/elements - {"using":"xpath","value":"//table[contains(@id, \"smartFilterBar-filterItemControl_BASIC-ALL_TAGS-valueHelpDialog-table-table\")]/tbody/tr"}
COMMAND: GET /session/ad66f158aa4d4ab6ef13355aa7850eca/screenshot - {}
RESULT: {"using":"xpath","value":"//table[contains(@id, \"smartFilterBar-filterItemControl_BASIC-ALL_TAGS-valueHelpDialog-table-table\")]/tbody/tr"}
COMMAND: POST /session/ad66f158aa4d4ab6ef13355aa7850eca/element - {"using":"xpath","value":"//table[contains(@id, \"smartFilterBar-filterItemControl_BASIC-ALL_TAGS-valueHelpDialog-table-table\")]/tbody/tr[1]/td[1]/div/span"}
RESULT: {}
RESULT: {"using":"xpath","value":"//table[contains(@id, \"smartFilterBar-filterItemControl_BASIC-ALL_TAGS-valueHelpDialog-table-table\")]/tbody/tr[1]/td[1]/div/span"}
COMMAND: POST /session/ad66f158aa4d4ab6ef13355aa7850eca/elements - {"using":"xpath","value":"//table[contains(@id, \"smartFilterBar-filterItemControl_BASIC-ALL_TAGS-valueHelpDialog-table-table\")]/tbody/tr[1]/td[1]/div/span"}
RESULT: {"using":"xpath","value":"//table[contains(@id, \"smartFilterBar-filterItemControl_BASIC-ALL_TAGS-valueHelpDialog-table-table\")]/tbody/tr[1]/td[1]/div/span"}
COMMAND: POST /session/ad66f158aa4d4ab6ef13355aa7850eca/execute/sync - {"script":"<script> [56 bytes]","args":[{"element-6066-11e4-a52e-4f735466cecf":"f.46184FC8CB979803EFB42F6A75FB8695.d.AB81163FA132FF03249B7962439B9979.e.6559","ELEMENT":"f.46184FC8CB979803EFB42F6A75FB8695.d.AB81163FA132FF03249B7962439B9979.e.6559"}]}
RESULT: {"script":"<script> [56 bytes]","args":[{"element-6066-11e4-a52e-4f735466cecf":"f.46184FC8CB979803EFB42F6A75FB8695.d.AB81163FA132FF03249B7962439B9979.e.6559","ELEMENT":"f.46184FC8CB979803EFB42F6A75FB8695.d.AB81163FA132FF03249B7962439B9979.e.6559"}]}
COMMAND: POST /session/ad66f158aa4d4ab6ef13355aa7850eca/element - {"using":"xpath","value":"//div[contains(@id, \"filterItemControl_BASIC-ALL_TAGS-valueHelpDialog-table-rowsel0\")]"}
COMMAND: GET /session/ad66f158aa4d4ab6ef13355aa7850eca/screenshot - {}
RESULT: {"using":"xpath","value":"//div[contains(@id, \"filterItemControl_BASIC-ALL_TAGS-valueHelpDialog-table-rowsel0\")]"}
COMMAND: POST /session/ad66f158aa4d4ab6ef13355aa7850eca/element/f.46184FC8CB979803EFB42F6A75FB8695.d.AB81163FA132FF03249B7962439B9979.e.6560/click - {}
RESULT: {}
RESULT: {}
COMMAND: GET /session/ad66f158aa4d4ab6ef13355aa7850eca/screenshot - {}
RESULT: {}
COMMAND: POST /session/ad66f158aa4d4ab6ef13355aa7850eca/element - {"using":"xpath","value":"(//bdi[contains(text(), \"OK\")])[1]"}
RESULT: {"using":"xpath","value":"(//bdi[contains(text(), \"OK\")])[1]"}
COMMAND: POST /session/ad66f158aa4d4ab6ef13355aa7850eca/element/f.46184FC8CB979803EFB42F6A75FB8695.d.AB81163FA132FF03249B7962439B9979.e.6562/click - {}
RESULT: {}
COMMAND: GET /session/ad66f158aa4d4ab6ef13355aa7850eca/screenshot - {}
RESULT: {}
COMMAND: POST /session/ad66f158aa4d4ab6ef13355aa7850eca/element - {"using":"xpath","value":"//span[@id=\"application-managepartners-display-component---masterPtm--smartTable-header-inner\"]"}
RESULT: {"using":"xpath","value":"//span[@id=\"application-managepartners-display-component---masterPtm--smartTable-header-inner\"]"}
COMMAND: POST /session/ad66f158aa4d4ab6ef13355aa7850eca/elements - {"using":"xpath","value":"//span[@id=\"application-managepartners-display-component---masterPtm--smartTable-header-inner\"]"}
RESULT: {"using":"xpath","value":"//span[@id=\"application-managepartners-display-component---masterPtm--smartTable-header-inner\"]"}
COMMAND: POST /session/ad66f158aa4d4ab6ef13355aa7850eca/execute/sync - {"script":"<script> [56 bytes]","args":[{"element-6066-11e4-a52e-4f735466cecf":"f.46184FC8CB979803EFB42F6A75FB8695.d.AB81163FA132FF03249B7962439B9979.e.6012","ELEMENT":"f.46184FC8CB979803EFB42F6A75FB8695.d.AB81163FA132FF03249B7962439B9979.e.6012"}]}
RESULT: {"script":"<script> [56 bytes]","args":[{"element-6066-11e4-a52e-4f735466cecf":"f.46184FC8CB979803EFB42F6A75FB8695.d.AB81163FA132FF03249B7962439B9979.e.6012","ELEMENT":"f.46184FC8CB979803EFB42F6A75FB8695.d.AB81163FA132FF03249B7962439B9979.e.6012"}]}
COMMAND: POST /session/ad66f158aa4d4ab6ef13355aa7850eca/element - {"using":"xpath","value":"//span[contains(@title, \"Remove\")]"}
COMMAND: GET /session/ad66f158aa4d4ab6ef13355aa7850eca/screenshot - {}
RESULT: {"using":"xpath","value":"//span[contains(@title, \"Remove\")]"}
COMMAND: POST /session/ad66f158aa4d4ab6ef13355aa7850eca/element/f.46184FC8CB979803EFB42F6A75FB8695.d.AB81163FA132FF03249B7962439B9979.e.6585/click - {}
RESULT: {}
RESULT: {}
COMMAND: GET /session/ad66f158aa4d4ab6ef13355aa7850eca/screenshot - {}
COMMAND: POST /session/ad66f158aa4d4ab6ef13355aa7850eca/execute/async - {"script":"<script> [1562 bytes]","args":[{"selector":{"id":"application-managepartners-display-component---masterPtm--partnerTypes-arrow"},"wdio_ui5_key":"applicationmanagepartners-display-component---masterPtm--partnerTypes-arrow"}]}
RESULT: {}
RESULT: {"script":"<script> [1562 bytes]","args":[{"selector":{"id":"application-managepartners-display-component---masterPtm--partnerTypes-arrow"},"wdio_ui5_key":"applicationmanagepartners-display-component---masterPtm--partnerTypes-arrow"}]}
RESULT: undefined
COMMAND: POST /session/ad66f158aa4d4ab6ef13355aa7850eca/element - {"using":"xpath","value":"//*[@id=\"application-managepartners-display-component---masterPtm--partnerTypes-arrow\"]"}
RESULT: {"using":"xpath","value":"//*[@id=\"application-managepartners-display-component---masterPtm--partnerTypes-arrow\"]"}
COMMAND: POST /session/ad66f158aa4d4ab6ef13355aa7850eca/element/f.46184FC8CB979803EFB42F6A75FB8695.d.AB81163FA132FF03249B7962439B9979.e.6692/click - {}
RESULT: {}
COMMAND: GET /session/ad66f158aa4d4ab6ef13355aa7850eca/screenshot - {}
RESULT: {}
COMMAND: POST /session/ad66f158aa4d4ab6ef13355aa7850eca/element - {"using":"xpath","value":"//li[.//span[text()=\"External partner\"]]//div[contains(@class,\"sapMCbBg\")]"}
RESULT: {"using":"xpath","value":"//li[.//span[text()=\"External partner\"]]//div[contains(@class,\"sapMCbBg\")]"}
COMMAND: POST /session/ad66f158aa4d4ab6ef13355aa7850eca/element/f.46184FC8CB979803EFB42F6A75FB8695.d.AB81163FA132FF03249B7962439B9979.e.6695/click - {}
RESULT: {}
COMMAND: GET /session/ad66f158aa4d4ab6ef13355aa7850eca/screenshot - {}
RESULT: {}
COMMAND: POST /session/ad66f158aa4d4ab6ef13355aa7850eca/element - {"using":"xpath","value":"//div[contains(@id,\"application-managepartners-display-component---masterPtm--smartFilterBar-btnBasicSearch-search\")]"}
RESULT: {"using":"xpath","value":"//div[contains(@id,\"application-managepartners-display-component---masterPtm--smartFilterBar-btnBasicSearch-search\")]"}
COMMAND: POST /session/ad66f158aa4d4ab6ef13355aa7850eca/element/f.46184FC8CB979803EFB42F6A75FB8695.d.AB81163FA132FF03249B7962439B9979.e.6771/click - {}
RESULT: {}
COMMAND: GET /session/ad66f158aa4d4ab6ef13355aa7850eca/screenshot - {}
RESULT: {}
COMMAND: POST /session/ad66f158aa4d4ab6ef13355aa7850eca/element - {"using":"xpath","value":"//span[@id=\"application-managepartners-display-component---masterPtm--smartTable-header-inner\"]"}
RESULT: {"using":"xpath","value":"//span[@id=\"application-managepartners-display-component---masterPtm--smartTable-header-inner\"]"}
COMMAND: POST /session/ad66f158aa4d4ab6ef13355aa7850eca/elements - {"using":"xpath","value":"//span[@id=\"application-managepartners-display-component---masterPtm--smartTable-header-inner\"]"}
RESULT: {"using":"xpath","value":"//span[@id=\"application-managepartners-display-component---masterPtm--smartTable-header-inner\"]"}
COMMAND: POST /session/ad66f158aa4d4ab6ef13355aa7850eca/execute/sync - {"script":"<script> [56 bytes]","args":[{"element-6066-11e4-a52e-4f735466cecf":"f.46184FC8CB979803EFB42F6A75FB8695.d.AB81163FA132FF03249B7962439B9979.e.6012","ELEMENT":"f.46184FC8CB979803EFB42F6A75FB8695.d.AB81163FA132FF03249B7962439B9979.e.6012"}]}
RESULT: {"script":"<script> [56 bytes]","args":[{"element-6066-11e4-a52e-4f735466cecf":"f.46184FC8CB979803EFB42F6A75FB8695.d.AB81163FA132FF03249B7962439B9979.e.6012","ELEMENT":"f.46184FC8CB979803EFB42F6A75FB8695.d.AB81163FA132FF03249B7962439B9979.e.6012"}]}
COMMAND: POST /session/ad66f158aa4d4ab6ef13355aa7850eca/element - {"using":"xpath","value":"//span[contains(@title, \"Remove\")]"}
COMMAND: GET /session/ad66f158aa4d4ab6ef13355aa7850eca/screenshot - {}
RESULT: {"using":"xpath","value":"//span[contains(@title, \"Remove\")]"}
COMMAND: POST /session/ad66f158aa4d4ab6ef13355aa7850eca/element/f.46184FC8CB979803EFB42F6A75FB8695.d.AB81163FA132FF03249B7962439B9979.e.6774/click - {}
RESULT: {}
RESULT: {}
COMMAND: GET /session/ad66f158aa4d4ab6ef13355aa7850eca/screenshot - {}
RESULT: {}
COMMAND: POST /session/ad66f158aa4d4ab6ef13355aa7850eca/execute/async - {"script":"<script> [1562 bytes]","args":[{"selector":{"id":"application-managepartners-display-component---masterPtm--smartFilterBar-btnFilters","interaction":{"idSuffix":"BDI-content"}},"wdio_ui5_key":"applicationmanagepartners-display-component---masterPtm--smartFilterBar-btnFilters"}]}
RESULT: {"script":"<script> [1562 bytes]","args":[{"selector":{"id":"application-managepartners-display-component---masterPtm--smartFilterBar-btnFilters","interaction":{"idSuffix":"BDI-content"}},"wdio_ui5_key":"applicationmanagepartners-display-component---masterPtm--smartFilterBar-btnFilters"}]}
RESULT: undefined
COMMAND: POST /session/ad66f158aa4d4ab6ef13355aa7850eca/element - {"using":"xpath","value":"//*[@id=\"application-managepartners-display-component---masterPtm--smartFilterBar-btnFilters\"]"}
RESULT: {"using":"xpath","value":"//*[@id=\"application-managepartners-display-component---masterPtm--smartFilterBar-btnFilters\"]"}
COMMAND: POST /session/ad66f158aa4d4ab6ef13355aa7850eca/element/f.46184FC8CB979803EFB42F6A75FB8695.d.AB81163FA132FF03249B7962439B9979.e.5851/click - {}
RESULT: {}
COMMAND: GET /session/ad66f158aa4d4ab6ef13355aa7850eca/screenshot - {}
RESULT: {}
COMMAND: POST /session/ad66f158aa4d4ab6ef13355aa7850eca/elements - {"using":"xpath","value":"//table[contains(@id, \"listView-innerSelectionPanelTable-listUl\")]/tbody/tr"}
RESULT: {"using":"xpath","value":"//table[contains(@id, \"listView-innerSelectionPanelTable-listUl\")]/tbody/tr"}
COMMAND: POST /session/ad66f158aa4d4ab6ef13355aa7850eca/element - {"using":"xpath","value":"//table[contains(@id, \"listView-innerSelectionPanelTable-listUl\")]/tbody/tr[2]/td[2]/div/div"}
RESULT: {"using":"xpath","value":"//table[contains(@id, \"listView-innerSelectionPanelTable-listUl\")]/tbody/tr[2]/td[2]/div/div"}
COMMAND: POST /session/ad66f158aa4d4ab6ef13355aa7850eca/element - {"using":"xpath","value":"//table[contains(@id, \"listView-innerSelectionPanelTable-listUl\")]/tbody/tr[2]/td[2]/div"}
RESULT: {"using":"xpath","value":"//table[contains(@id, \"listView-innerSelectionPanelTable-listUl\")]/tbody/tr[2]/td[2]/div"}
COMMAND: POST /session/ad66f158aa4d4ab6ef13355aa7850eca/element - {"using":"xpath","value":"//table[contains(@id, \"listView-innerSelectionPanelTable-listUl\")]/tbody/tr[2]/td[3]/div/div/span/span[1]/bdi"}
RESULT: {"using":"xpath","value":"//table[contains(@id, \"listView-innerSelectionPanelTable-listUl\")]/tbody/tr[2]/td[3]/div/div/span/span[1]/bdi"}
COMMAND: POST /session/ad66f158aa4d4ab6ef13355aa7850eca/execute/sync - {"script":"<script> [56 bytes]","args":[{"element-6066-11e4-a52e-4f735466cecf":"f.46184FC8CB979803EFB42F6A75FB8695.d.AB81163FA132FF03249B7962439B9979.e.6882","ELEMENT":"f.46184FC8CB979803EFB42F6A75FB8695.d.AB81163FA132FF03249B7962439B9979.e.6882"}]}
RESULT: {"script":"<script> [56 bytes]","args":[{"element-6066-11e4-a52e-4f735466cecf":"f.46184FC8CB979803EFB42F6A75FB8695.d.AB81163FA132FF03249B7962439B9979.e.6882","ELEMENT":"f.46184FC8CB979803EFB42F6A75FB8695.d.AB81163FA132FF03249B7962439B9979.e.6882"}]}
COMMAND: GET /session/ad66f158aa4d4ab6ef13355aa7850eca/element/f.46184FC8CB979803EFB42F6A75FB8695.d.AB81163FA132FF03249B7962439B9979.e.6881/attribute/aria-checked - {}
COMMAND: GET /session/ad66f158aa4d4ab6ef13355aa7850eca/screenshot - {}
RESULT: {}
COMMAND: POST /session/ad66f158aa4d4ab6ef13355aa7850eca/element - {"using":"xpath","value":"//table[contains(@id, \"listView-innerSelectionPanelTable-listUl\")]/tbody/tr[3]/td[2]/div/div"}
RESULT: {}
RESULT: {"using":"xpath","value":"//table[contains(@id, \"listView-innerSelectionPanelTable-listUl\")]/tbody/tr[3]/td[2]/div/div"}
COMMAND: POST /session/ad66f158aa4d4ab6ef13355aa7850eca/element - {"using":"xpath","value":"//table[contains(@id, \"listView-innerSelectionPanelTable-listUl\")]/tbody/tr[3]/td[2]/div"}
RESULT: {"using":"xpath","value":"//table[contains(@id, \"listView-innerSelectionPanelTable-listUl\")]/tbody/tr[3]/td[2]/div"}
COMMAND: POST /session/ad66f158aa4d4ab6ef13355aa7850eca/element - {"using":"xpath","value":"//table[contains(@id, \"listView-innerSelectionPanelTable-listUl\")]/tbody/tr[3]/td[3]/div/div/span/span[1]/bdi"}
RESULT: {"using":"xpath","value":"//table[contains(@id, \"listView-innerSelectionPanelTable-listUl\")]/tbody/tr[3]/td[3]/div/div/span/span[1]/bdi"}
COMMAND: POST /session/ad66f158aa4d4ab6ef13355aa7850eca/execute/sync - {"script":"<script> [56 bytes]","args":[{"element-6066-11e4-a52e-4f735466cecf":"f.46184FC8CB979803EFB42F6A75FB8695.d.AB81163FA132FF03249B7962439B9979.e.6885","ELEMENT":"f.46184FC8CB979803EFB42F6A75FB8695.d.AB81163FA132FF03249B7962439B9979.e.6885"}]}
RESULT: {"script":"<script> [56 bytes]","args":[{"element-6066-11e4-a52e-4f735466cecf":"f.46184FC8CB979803EFB42F6A75FB8695.d.AB81163FA132FF03249B7962439B9979.e.6885","ELEMENT":"f.46184FC8CB979803EFB42F6A75FB8695.d.AB81163FA132FF03249B7962439B9979.e.6885"}]}
COMMAND: GET /session/ad66f158aa4d4ab6ef13355aa7850eca/element/f.46184FC8CB979803EFB42F6A75FB8695.d.AB81163FA132FF03249B7962439B9979.e.6884/attribute/aria-checked - {}
COMMAND: GET /session/ad66f158aa4d4ab6ef13355aa7850eca/screenshot - {}
RESULT: {}
COMMAND: POST /session/ad66f158aa4d4ab6ef13355aa7850eca/element - {"using":"xpath","value":"//table[contains(@id, \"listView-innerSelectionPanelTable-listUl\")]/tbody/tr[4]/td[2]/div/div"}
RESULT: {}
RESULT: {"using":"xpath","value":"//table[contains(@id, \"listView-innerSelectionPanelTable-listUl\")]/tbody/tr[4]/td[2]/div/div"}
COMMAND: POST /session/ad66f158aa4d4ab6ef13355aa7850eca/element - {"using":"xpath","value":"//table[contains(@id, \"listView-innerSelectionPanelTable-listUl\")]/tbody/tr[4]/td[2]/div"}
RESULT: {"using":"xpath","value":"//table[contains(@id, \"listView-innerSelectionPanelTable-listUl\")]/tbody/tr[4]/td[2]/div"}
COMMAND: POST /session/ad66f158aa4d4ab6ef13355aa7850eca/element - {"using":"xpath","value":"//table[contains(@id, \"listView-innerSelectionPanelTable-listUl\")]/tbody/tr[4]/td[3]/div/div/span/span[1]/bdi"}
RESULT: {"using":"xpath","value":"//table[contains(@id, \"listView-innerSelectionPanelTable-listUl\")]/tbody/tr[4]/td[3]/div/div/span/span[1]/bdi"}
COMMAND: POST /session/ad66f158aa4d4ab6ef13355aa7850eca/execute/sync - {"script":"<script> [56 bytes]","args":[{"element-6066-11e4-a52e-4f735466cecf":"f.46184FC8CB979803EFB42F6A75FB8695.d.AB81163FA132FF03249B7962439B9979.e.6888","ELEMENT":"f.46184FC8CB979803EFB42F6A75FB8695.d.AB81163FA132FF03249B7962439B9979.e.6888"}]}
RESULT: {"script":"<script> [56 bytes]","args":[{"element-6066-11e4-a52e-4f735466cecf":"f.46184FC8CB979803EFB42F6A75FB8695.d.AB81163FA132FF03249B7962439B9979.e.6888","ELEMENT":"f.46184FC8CB979803EFB42F6A75FB8695.d.AB81163FA132FF03249B7962439B9979.e.6888"}]}
COMMAND: GET /session/ad66f158aa4d4ab6ef13355aa7850eca/element/f.46184FC8CB979803EFB42F6A75FB8695.d.AB81163FA132FF03249B7962439B9979.e.6887/attribute/aria-checked - {}
COMMAND: GET /session/ad66f158aa4d4ab6ef13355aa7850eca/screenshot - {}
RESULT: {}
COMMAND: POST /session/ad66f158aa4d4ab6ef13355aa7850eca/element - {"using":"xpath","value":"//table[contains(@id, \"listView-innerSelectionPanelTable-listUl\")]/tbody/tr[5]/td[2]/div/div"}
RESULT: {}
RESULT: {"using":"xpath","value":"//table[contains(@id, \"listView-innerSelectionPanelTable-listUl\")]/tbody/tr[5]/td[2]/div/div"}
COMMAND: POST /session/ad66f158aa4d4ab6ef13355aa7850eca/element - {"using":"xpath","value":"//table[contains(@id, \"listView-innerSelectionPanelTable-listUl\")]/tbody/tr[5]/td[2]/div"}
RESULT: {"using":"xpath","value":"//table[contains(@id, \"listView-innerSelectionPanelTable-listUl\")]/tbody/tr[5]/td[2]/div"}
COMMAND: POST /session/ad66f158aa4d4ab6ef13355aa7850eca/element - {"using":"xpath","value":"//table[contains(@id, \"listView-innerSelectionPanelTable-listUl\")]/tbody/tr[5]/td[3]/div/div/span/span[1]/bdi"}
RESULT: {"using":"xpath","value":"//table[contains(@id, \"listView-innerSelectionPanelTable-listUl\")]/tbody/tr[5]/td[3]/div/div/span/span[1]/bdi"}
COMMAND: POST /session/ad66f158aa4d4ab6ef13355aa7850eca/execute/sync - {"script":"<script> [56 bytes]","args":[{"element-6066-11e4-a52e-4f735466cecf":"f.46184FC8CB979803EFB42F6A75FB8695.d.AB81163FA132FF03249B7962439B9979.e.6891","ELEMENT":"f.46184FC8CB979803EFB42F6A75FB8695.d.AB81163FA132FF03249B7962439B9979.e.6891"}]}
RESULT: {"script":"<script> [56 bytes]","args":[{"element-6066-11e4-a52e-4f735466cecf":"f.46184FC8CB979803EFB42F6A75FB8695.d.AB81163FA132FF03249B7962439B9979.e.6891","ELEMENT":"f.46184FC8CB979803EFB42F6A75FB8695.d.AB81163FA132FF03249B7962439B9979.e.6891"}]}
COMMAND: GET /session/ad66f158aa4d4ab6ef13355aa7850eca/element/f.46184FC8CB979803EFB42F6A75FB8695.d.AB81163FA132FF03249B7962439B9979.e.6890/attribute/aria-checked - {}
COMMAND: GET /session/ad66f158aa4d4ab6ef13355aa7850eca/screenshot - {}
RESULT: {}
COMMAND: POST /session/ad66f158aa4d4ab6ef13355aa7850eca/element - {"using":"xpath","value":"//table[contains(@id, \"listView-innerSelectionPanelTable-listUl\")]/tbody/tr[6]/td[2]/div/div"}
RESULT: {}
RESULT: {"using":"xpath","value":"//table[contains(@id, \"listView-innerSelectionPanelTable-listUl\")]/tbody/tr[6]/td[2]/div/div"}
COMMAND: POST /session/ad66f158aa4d4ab6ef13355aa7850eca/element - {"using":"xpath","value":"//table[contains(@id, \"listView-innerSelectionPanelTable-listUl\")]/tbody/tr[6]/td[2]/div"}
RESULT: {"using":"xpath","value":"//table[contains(@id, \"listView-innerSelectionPanelTable-listUl\")]/tbody/tr[6]/td[2]/div"}
COMMAND: POST /session/ad66f158aa4d4ab6ef13355aa7850eca/element - {"using":"xpath","value":"//table[contains(@id, \"listView-innerSelectionPanelTable-listUl\")]/tbody/tr[6]/td[3]/div/div/span/span[1]/bdi"}
RESULT: {"using":"xpath","value":"//table[contains(@id, \"listView-innerSelectionPanelTable-listUl\")]/tbody/tr[6]/td[3]/div/div/span/span[1]/bdi"}
COMMAND: POST /session/ad66f158aa4d4ab6ef13355aa7850eca/execute/sync - {"script":"<script> [56 bytes]","args":[{"element-6066-11e4-a52e-4f735466cecf":"f.46184FC8CB979803EFB42F6A75FB8695.d.AB81163FA132FF03249B7962439B9979.e.6894","ELEMENT":"f.46184FC8CB979803EFB42F6A75FB8695.d.AB81163FA132FF03249B7962439B9979.e.6894"}]}
RESULT: {"script":"<script> [56 bytes]","args":[{"element-6066-11e4-a52e-4f735466cecf":"f.46184FC8CB979803EFB42F6A75FB8695.d.AB81163FA132FF03249B7962439B9979.e.6894","ELEMENT":"f.46184FC8CB979803EFB42F6A75FB8695.d.AB81163FA132FF03249B7962439B9979.e.6894"}]}
COMMAND: GET /session/ad66f158aa4d4ab6ef13355aa7850eca/element/f.46184FC8CB979803EFB42F6A75FB8695.d.AB81163FA132FF03249B7962439B9979.e.6893/attribute/aria-checked - {}
COMMAND: GET /session/ad66f158aa4d4ab6ef13355aa7850eca/screenshot - {}
RESULT: {}
COMMAND: POST /session/ad66f158aa4d4ab6ef13355aa7850eca/element - {"using":"xpath","value":"//table[contains(@id, \"listView-innerSelectionPanelTable-listUl\")]/tbody/tr[7]/td[2]/div/div"}
RESULT: {}
RESULT: {"using":"xpath","value":"//table[contains(@id, \"listView-innerSelectionPanelTable-listUl\")]/tbody/tr[7]/td[2]/div/div"}
COMMAND: POST /session/ad66f158aa4d4ab6ef13355aa7850eca/element - {"using":"xpath","value":"//table[contains(@id, \"listView-innerSelectionPanelTable-listUl\")]/tbody/tr[7]/td[2]/div"}
RESULT: {"using":"xpath","value":"//table[contains(@id, \"listView-innerSelectionPanelTable-listUl\")]/tbody/tr[7]/td[2]/div"}
COMMAND: POST /session/ad66f158aa4d4ab6ef13355aa7850eca/element - {"using":"xpath","value":"//table[contains(@id, \"listView-innerSelectionPanelTable-listUl\")]/tbody/tr[7]/td[3]/div/div/span/span[1]/bdi"}
RESULT: {"using":"xpath","value":"//table[contains(@id, \"listView-innerSelectionPanelTable-listUl\")]/tbody/tr[7]/td[3]/div/div/span/span[1]/bdi"}
COMMAND: POST /session/ad66f158aa4d4ab6ef13355aa7850eca/execute/sync - {"script":"<script> [56 bytes]","args":[{"element-6066-11e4-a52e-4f735466cecf":"f.46184FC8CB979803EFB42F6A75FB8695.d.AB81163FA132FF03249B7962439B9979.e.6897","ELEMENT":"f.46184FC8CB979803EFB42F6A75FB8695.d.AB81163FA132FF03249B7962439B9979.e.6897"}]}
RESULT: {"script":"<script> [56 bytes]","args":[{"element-6066-11e4-a52e-4f735466cecf":"f.46184FC8CB979803EFB42F6A75FB8695.d.AB81163FA132FF03249B7962439B9979.e.6897","ELEMENT":"f.46184FC8CB979803EFB42F6A75FB8695.d.AB81163FA132FF03249B7962439B9979.e.6897"}]}
COMMAND: GET /session/ad66f158aa4d4ab6ef13355aa7850eca/element/f.46184FC8CB979803EFB42F6A75FB8695.d.AB81163FA132FF03249B7962439B9979.e.6896/attribute/aria-checked - {}
COMMAND: GET /session/ad66f158aa4d4ab6ef13355aa7850eca/screenshot - {}
RESULT: {}
COMMAND: POST /session/ad66f158aa4d4ab6ef13355aa7850eca/element - {"using":"xpath","value":"//table[contains(@id, \"listView-innerSelectionPanelTable-listUl\")]/tbody/tr[8]/td[2]/div/div"}
RESULT: {}
RESULT: {"using":"xpath","value":"//table[contains(@id, \"listView-innerSelectionPanelTable-listUl\")]/tbody/tr[8]/td[2]/div/div"}
COMMAND: POST /session/ad66f158aa4d4ab6ef13355aa7850eca/element - {"using":"xpath","value":"//table[contains(@id, \"listView-innerSelectionPanelTable-listUl\")]/tbody/tr[8]/td[2]/div"}
RESULT: {"using":"xpath","value":"//table[contains(@id, \"listView-innerSelectionPanelTable-listUl\")]/tbody/tr[8]/td[2]/div"}
COMMAND: POST /session/ad66f158aa4d4ab6ef13355aa7850eca/element - {"using":"xpath","value":"//table[contains(@id, \"listView-innerSelectionPanelTable-listUl\")]/tbody/tr[8]/td[3]/div/div/span/span[1]/bdi"}
RESULT: {"using":"xpath","value":"//table[contains(@id, \"listView-innerSelectionPanelTable-listUl\")]/tbody/tr[8]/td[3]/div/div/span/span[1]/bdi"}
COMMAND: POST /session/ad66f158aa4d4ab6ef13355aa7850eca/execute/sync - {"script":"<script> [56 bytes]","args":[{"element-6066-11e4-a52e-4f735466cecf":"f.46184FC8CB979803EFB42F6A75FB8695.d.AB81163FA132FF03249B7962439B9979.e.6900","ELEMENT":"f.46184FC8CB979803EFB42F6A75FB8695.d.AB81163FA132FF03249B7962439B9979.e.6900"}]}
RESULT: {"script":"<script> [56 bytes]","args":[{"element-6066-11e4-a52e-4f735466cecf":"f.46184FC8CB979803EFB42F6A75FB8695.d.AB81163FA132FF03249B7962439B9979.e.6900","ELEMENT":"f.46184FC8CB979803EFB42F6A75FB8695.d.AB81163FA132FF03249B7962439B9979.e.6900"}]}
COMMAND: GET /session/ad66f158aa4d4ab6ef13355aa7850eca/element/f.46184FC8CB979803EFB42F6A75FB8695.d.AB81163FA132FF03249B7962439B9979.e.6899/attribute/aria-checked - {}
COMMAND: GET /session/ad66f158aa4d4ab6ef13355aa7850eca/screenshot - {}
RESULT: {}
COMMAND: POST /session/ad66f158aa4d4ab6ef13355aa7850eca/element - {"using":"xpath","value":"//table[contains(@id, \"listView-innerSelectionPanelTable-listUl\")]/tbody/tr[9]/td[2]/div/div"}
RESULT: {}
RESULT: {"using":"xpath","value":"//table[contains(@id, \"listView-innerSelectionPanelTable-listUl\")]/tbody/tr[9]/td[2]/div/div"}
COMMAND: POST /session/ad66f158aa4d4ab6ef13355aa7850eca/element - {"using":"xpath","value":"//table[contains(@id, \"listView-innerSelectionPanelTable-listUl\")]/tbody/tr[9]/td[2]/div"}
RESULT: {"using":"xpath","value":"//table[contains(@id, \"listView-innerSelectionPanelTable-listUl\")]/tbody/tr[9]/td[2]/div"}
COMMAND: POST /session/ad66f158aa4d4ab6ef13355aa7850eca/element - {"using":"xpath","value":"//table[contains(@id, \"listView-innerSelectionPanelTable-listUl\")]/tbody/tr[9]/td[3]/div/div/span/span[1]/bdi"}
RESULT: {"using":"xpath","value":"//table[contains(@id, \"listView-innerSelectionPanelTable-listUl\")]/tbody/tr[9]/td[3]/div/div/span/span[1]/bdi"}
COMMAND: POST /session/ad66f158aa4d4ab6ef13355aa7850eca/execute/sync - {"script":"<script> [56 bytes]","args":[{"element-6066-11e4-a52e-4f735466cecf":"f.46184FC8CB979803EFB42F6A75FB8695.d.AB81163FA132FF03249B7962439B9979.e.6903","ELEMENT":"f.46184FC8CB979803EFB42F6A75FB8695.d.AB81163FA132FF03249B7962439B9979.e.6903"}]}
RESULT: {"script":"<script> [56 bytes]","args":[{"element-6066-11e4-a52e-4f735466cecf":"f.46184FC8CB979803EFB42F6A75FB8695.d.AB81163FA132FF03249B7962439B9979.e.6903","ELEMENT":"f.46184FC8CB979803EFB42F6A75FB8695.d.AB81163FA132FF03249B7962439B9979.e.6903"}]}
COMMAND: GET /session/ad66f158aa4d4ab6ef13355aa7850eca/element/f.46184FC8CB979803EFB42F6A75FB8695.d.AB81163FA132FF03249B7962439B9979.e.6902/attribute/aria-checked - {}
COMMAND: GET /session/ad66f158aa4d4ab6ef13355aa7850eca/screenshot - {}
RESULT: {}
COMMAND: POST /session/ad66f158aa4d4ab6ef13355aa7850eca/element - {"using":"xpath","value":"//table[contains(@id, \"listView-innerSelectionPanelTable-listUl\")]/tbody/tr[10]/td[2]/div/div"}
RESULT: {}
RESULT: {"using":"xpath","value":"//table[contains(@id, \"listView-innerSelectionPanelTable-listUl\")]/tbody/tr[10]/td[2]/div/div"}
COMMAND: POST /session/ad66f158aa4d4ab6ef13355aa7850eca/element - {"using":"xpath","value":"//table[contains(@id, \"listView-innerSelectionPanelTable-listUl\")]/tbody/tr[10]/td[2]/div"}
RESULT: {"using":"xpath","value":"//table[contains(@id, \"listView-innerSelectionPanelTable-listUl\")]/tbody/tr[10]/td[2]/div"}
COMMAND: POST /session/ad66f158aa4d4ab6ef13355aa7850eca/element - {"using":"xpath","value":"//table[contains(@id, \"listView-innerSelectionPanelTable-listUl\")]/tbody/tr[10]/td[3]/div/div/span/span[1]/bdi"}
RESULT: {"using":"xpath","value":"//table[contains(@id, \"listView-innerSelectionPanelTable-listUl\")]/tbody/tr[10]/td[3]/div/div/span/span[1]/bdi"}
COMMAND: POST /session/ad66f158aa4d4ab6ef13355aa7850eca/execute/sync - {"script":"<script> [56 bytes]","args":[{"element-6066-11e4-a52e-4f735466cecf":"f.46184FC8CB979803EFB42F6A75FB8695.d.AB81163FA132FF03249B7962439B9979.e.6906","ELEMENT":"f.46184FC8CB979803EFB42F6A75FB8695.d.AB81163FA132FF03249B7962439B9979.e.6906"}]}
RESULT: {"script":"<script> [56 bytes]","args":[{"element-6066-11e4-a52e-4f735466cecf":"f.46184FC8CB979803EFB42F6A75FB8695.d.AB81163FA132FF03249B7962439B9979.e.6906","ELEMENT":"f.46184FC8CB979803EFB42F6A75FB8695.d.AB81163FA132FF03249B7962439B9979.e.6906"}]}
COMMAND: GET /session/ad66f158aa4d4ab6ef13355aa7850eca/element/f.46184FC8CB979803EFB42F6A75FB8695.d.AB81163FA132FF03249B7962439B9979.e.6905/attribute/aria-checked - {}
COMMAND: GET /session/ad66f158aa4d4ab6ef13355aa7850eca/screenshot - {}
RESULT: {}
COMMAND: POST /session/ad66f158aa4d4ab6ef13355aa7850eca/element - {"using":"xpath","value":"//table[contains(@id, \"listView-innerSelectionPanelTable-listUl\")]/tbody/tr[11]/td[2]/div/div"}
RESULT: {}
RESULT: {"using":"xpath","value":"//table[contains(@id, \"listView-innerSelectionPanelTable-listUl\")]/tbody/tr[11]/td[2]/div/div"}
COMMAND: POST /session/ad66f158aa4d4ab6ef13355aa7850eca/element - {"using":"xpath","value":"//table[contains(@id, \"listView-innerSelectionPanelTable-listUl\")]/tbody/tr[11]/td[2]/div"}
RESULT: {"using":"xpath","value":"//table[contains(@id, \"listView-innerSelectionPanelTable-listUl\")]/tbody/tr[11]/td[2]/div"}
COMMAND: POST /session/ad66f158aa4d4ab6ef13355aa7850eca/element - {"using":"xpath","value":"//table[contains(@id, \"listView-innerSelectionPanelTable-listUl\")]/tbody/tr[11]/td[3]/div/div/span/span[1]/bdi"}
RESULT: {"using":"xpath","value":"//table[contains(@id, \"listView-innerSelectionPanelTable-listUl\")]/tbody/tr[11]/td[3]/div/div/span/span[1]/bdi"}
COMMAND: POST /session/ad66f158aa4d4ab6ef13355aa7850eca/execute/sync - {"script":"<script> [56 bytes]","args":[{"element-6066-11e4-a52e-4f735466cecf":"f.46184FC8CB979803EFB42F6A75FB8695.d.AB81163FA132FF03249B7962439B9979.e.6909","ELEMENT":"f.46184FC8CB979803EFB42F6A75FB8695.d.AB81163FA132FF03249B7962439B9979.e.6909"}]}
RESULT: {"script":"<script> [56 bytes]","args":[{"element-6066-11e4-a52e-4f735466cecf":"f.46184FC8CB979803EFB42F6A75FB8695.d.AB81163FA132FF03249B7962439B9979.e.6909","ELEMENT":"f.46184FC8CB979803EFB42F6A75FB8695.d.AB81163FA132FF03249B7962439B9979.e.6909"}]}
COMMAND: GET /session/ad66f158aa4d4ab6ef13355aa7850eca/element/f.46184FC8CB979803EFB42F6A75FB8695.d.AB81163FA132FF03249B7962439B9979.e.6908/attribute/aria-checked - {}
COMMAND: GET /session/ad66f158aa4d4ab6ef13355aa7850eca/screenshot - {}
RESULT: {}
COMMAND: POST /session/ad66f158aa4d4ab6ef13355aa7850eca/element - {"using":"xpath","value":"//table[contains(@id, \"listView-innerSelectionPanelTable-listUl\")]/tbody/tr[12]/td[2]/div/div"}
RESULT: {}
RESULT: {"using":"xpath","value":"//table[contains(@id, \"listView-innerSelectionPanelTable-listUl\")]/tbody/tr[12]/td[2]/div/div"}
COMMAND: POST /session/ad66f158aa4d4ab6ef13355aa7850eca/element - {"using":"xpath","value":"//table[contains(@id, \"listView-innerSelectionPanelTable-listUl\")]/tbody/tr[12]/td[2]/div"}
RESULT: {"using":"xpath","value":"//table[contains(@id, \"listView-innerSelectionPanelTable-listUl\")]/tbody/tr[12]/td[2]/div"}
COMMAND: POST /session/ad66f158aa4d4ab6ef13355aa7850eca/element - {"using":"xpath","value":"//table[contains(@id, \"listView-innerSelectionPanelTable-listUl\")]/tbody/tr[12]/td[3]/div/div/span/span[1]/bdi"}
RESULT: {"using":"xpath","value":"//table[contains(@id, \"listView-innerSelectionPanelTable-listUl\")]/tbody/tr[12]/td[3]/div/div/span/span[1]/bdi"}
COMMAND: POST /session/ad66f158aa4d4ab6ef13355aa7850eca/execute/sync - {"script":"<script> [56 bytes]","args":[{"element-6066-11e4-a52e-4f735466cecf":"f.46184FC8CB979803EFB42F6A75FB8695.d.AB81163FA132FF03249B7962439B9979.e.6912","ELEMENT":"f.46184FC8CB979803EFB42F6A75FB8695.d.AB81163FA132FF03249B7962439B9979.e.6912"}]}
RESULT: {"script":"<script> [56 bytes]","args":[{"element-6066-11e4-a52e-4f735466cecf":"f.46184FC8CB979803EFB42F6A75FB8695.d.AB81163FA132FF03249B7962439B9979.e.6912","ELEMENT":"f.46184FC8CB979803EFB42F6A75FB8695.d.AB81163FA132FF03249B7962439B9979.e.6912"}]}
COMMAND: GET /session/ad66f158aa4d4ab6ef13355aa7850eca/element/f.46184FC8CB979803EFB42F6A75FB8695.d.AB81163FA132FF03249B7962439B9979.e.6911/attribute/aria-checked - {}
COMMAND: GET /session/ad66f158aa4d4ab6ef13355aa7850eca/screenshot - {}
RESULT: {}
COMMAND: POST /session/ad66f158aa4d4ab6ef13355aa7850eca/element - {"using":"xpath","value":"//table[contains(@id, \"listView-innerSelectionPanelTable-listUl\")]/tbody/tr[13]/td[2]/div/div"}
RESULT: {}
RESULT: {"using":"xpath","value":"//table[contains(@id, \"listView-innerSelectionPanelTable-listUl\")]/tbody/tr[13]/td[2]/div/div"}
COMMAND: POST /session/ad66f158aa4d4ab6ef13355aa7850eca/element - {"using":"xpath","value":"//table[contains(@id, \"listView-innerSelectionPanelTable-listUl\")]/tbody/tr[13]/td[2]/div"}
RESULT: {"using":"xpath","value":"//table[contains(@id, \"listView-innerSelectionPanelTable-listUl\")]/tbody/tr[13]/td[2]/div"}
COMMAND: POST /session/ad66f158aa4d4ab6ef13355aa7850eca/element - {"using":"xpath","value":"//table[contains(@id, \"listView-innerSelectionPanelTable-listUl\")]/tbody/tr[13]/td[3]/div/div/span/span[1]/bdi"}
RESULT: {"using":"xpath","value":"//table[contains(@id, \"listView-innerSelectionPanelTable-listUl\")]/tbody/tr[13]/td[3]/div/div/span/span[1]/bdi"}
COMMAND: POST /session/ad66f158aa4d4ab6ef13355aa7850eca/execute/sync - {"script":"<script> [56 bytes]","args":[{"element-6066-11e4-a52e-4f735466cecf":"f.46184FC8CB979803EFB42F6A75FB8695.d.AB81163FA132FF03249B7962439B9979.e.6915","ELEMENT":"f.46184FC8CB979803EFB42F6A75FB8695.d.AB81163FA132FF03249B7962439B9979.e.6915"}]}
RESULT: {"script":"<script> [56 bytes]","args":[{"element-6066-11e4-a52e-4f735466cecf":"f.46184FC8CB979803EFB42F6A75FB8695.d.AB81163FA132FF03249B7962439B9979.e.6915","ELEMENT":"f.46184FC8CB979803EFB42F6A75FB8695.d.AB81163FA132FF03249B7962439B9979.e.6915"}]}
COMMAND: GET /session/ad66f158aa4d4ab6ef13355aa7850eca/element/f.46184FC8CB979803EFB42F6A75FB8695.d.AB81163FA132FF03249B7962439B9979.e.6914/attribute/aria-checked - {}
COMMAND: GET /session/ad66f158aa4d4ab6ef13355aa7850eca/screenshot - {}
RESULT: {}
COMMAND: POST /session/ad66f158aa4d4ab6ef13355aa7850eca/element - {"using":"xpath","value":"//table[contains(@id, \"listView-innerSelectionPanelTable-listUl\")]/tbody/tr[14]/td[2]/div/div"}
COMMAND: POST /session/ad66f158aa4d4ab6ef13355aa7850eca/element/f.46184FC8CB979803EFB42F6A75FB8695.d.AB81163FA132FF03249B7962439B9979.e.6913/click - {}
RESULT: {}
RESULT: {"using":"xpath","value":"//table[contains(@id, \"listView-innerSelectionPanelTable-listUl\")]/tbody/tr[14]/td[2]/div/div"}
COMMAND: POST /session/ad66f158aa4d4ab6ef13355aa7850eca/element - {"using":"xpath","value":"//table[contains(@id, \"listView-innerSelectionPanelTable-listUl\")]/tbody/tr[14]/td[2]/div"}
RESULT: {}
COMMAND: GET /session/ad66f158aa4d4ab6ef13355aa7850eca/screenshot - {}
RESULT: {"using":"xpath","value":"//table[contains(@id, \"listView-innerSelectionPanelTable-listUl\")]/tbody/tr[14]/td[2]/div"}
COMMAND: POST /session/ad66f158aa4d4ab6ef13355aa7850eca/element - {"using":"xpath","value":"//table[contains(@id, \"listView-innerSelectionPanelTable-listUl\")]/tbody/tr[14]/td[3]/div/div/span/span[1]/bdi"}
RESULT: {}
RESULT: {"using":"xpath","value":"//table[contains(@id, \"listView-innerSelectionPanelTable-listUl\")]/tbody/tr[14]/td[3]/div/div/span/span[1]/bdi"}
COMMAND: POST /session/ad66f158aa4d4ab6ef13355aa7850eca/execute/sync - {"script":"<script> [56 bytes]","args":[{"element-6066-11e4-a52e-4f735466cecf":"f.46184FC8CB979803EFB42F6A75FB8695.d.AB81163FA132FF03249B7962439B9979.e.6919","ELEMENT":"f.46184FC8CB979803EFB42F6A75FB8695.d.AB81163FA132FF03249B7962439B9979.e.6919"}]}
RESULT: {"script":"<script> [56 bytes]","args":[{"element-6066-11e4-a52e-4f735466cecf":"f.46184FC8CB979803EFB42F6A75FB8695.d.AB81163FA132FF03249B7962439B9979.e.6919","ELEMENT":"f.46184FC8CB979803EFB42F6A75FB8695.d.AB81163FA132FF03249B7962439B9979.e.6919"}]}
COMMAND: GET /session/ad66f158aa4d4ab6ef13355aa7850eca/element/f.46184FC8CB979803EFB42F6A75FB8695.d.AB81163FA132FF03249B7962439B9979.e.6918/attribute/aria-checked - {}
COMMAND: GET /session/ad66f158aa4d4ab6ef13355aa7850eca/screenshot - {}
RESULT: {}
COMMAND: POST /session/ad66f158aa4d4ab6ef13355aa7850eca/element - {"using":"xpath","value":"//table[contains(@id, \"listView-innerSelectionPanelTable-listUl\")]/tbody/tr[15]/td[2]/div/div"}
RESULT: {}
RESULT: {"using":"xpath","value":"//table[contains(@id, \"listView-innerSelectionPanelTable-listUl\")]/tbody/tr[15]/td[2]/div/div"}
COMMAND: POST /session/ad66f158aa4d4ab6ef13355aa7850eca/element - {"using":"xpath","value":"//table[contains(@id, \"listView-innerSelectionPanelTable-listUl\")]/tbody/tr[15]/td[2]/div"}
RESULT: {"using":"xpath","value":"//table[contains(@id, \"listView-innerSelectionPanelTable-listUl\")]/tbody/tr[15]/td[2]/div"}
COMMAND: POST /session/ad66f158aa4d4ab6ef13355aa7850eca/element - {"using":"xpath","value":"//table[contains(@id, \"listView-innerSelectionPanelTable-listUl\")]/tbody/tr[15]/td[3]/div/div/span/span[1]/bdi"}
RESULT: {"using":"xpath","value":"//table[contains(@id, \"listView-innerSelectionPanelTable-listUl\")]/tbody/tr[15]/td[3]/div/div/span/span[1]/bdi"}
COMMAND: POST /session/ad66f158aa4d4ab6ef13355aa7850eca/execute/sync - {"script":"<script> [56 bytes]","args":[{"element-6066-11e4-a52e-4f735466cecf":"f.46184FC8CB979803EFB42F6A75FB8695.d.AB81163FA132FF03249B7962439B9979.e.6922","ELEMENT":"f.46184FC8CB979803EFB42F6A75FB8695.d.AB81163FA132FF03249B7962439B9979.e.6922"}]}
RESULT: {"script":"<script> [56 bytes]","args":[{"element-6066-11e4-a52e-4f735466cecf":"f.46184FC8CB979803EFB42F6A75FB8695.d.AB81163FA132FF03249B7962439B9979.e.6922","ELEMENT":"f.46184FC8CB979803EFB42F6A75FB8695.d.AB81163FA132FF03249B7962439B9979.e.6922"}]}
COMMAND: GET /session/ad66f158aa4d4ab6ef13355aa7850eca/element/f.46184FC8CB979803EFB42F6A75FB8695.d.AB81163FA132FF03249B7962439B9979.e.6921/attribute/aria-checked - {}
COMMAND: GET /session/ad66f158aa4d4ab6ef13355aa7850eca/screenshot - {}
RESULT: {}
COMMAND: POST /session/ad66f158aa4d4ab6ef13355aa7850eca/element - {"using":"xpath","value":"//table[contains(@id, \"listView-innerSelectionPanelTable-listUl\")]/tbody/tr[16]/td[2]/div/div"}
RESULT: {}
RESULT: {"using":"xpath","value":"//table[contains(@id, \"listView-innerSelectionPanelTable-listUl\")]/tbody/tr[16]/td[2]/div/div"}
COMMAND: POST /session/ad66f158aa4d4ab6ef13355aa7850eca/element - {"using":"xpath","value":"//table[contains(@id, \"listView-innerSelectionPanelTable-listUl\")]/tbody/tr[16]/td[2]/div"}
RESULT: {"using":"xpath","value":"//table[contains(@id, \"listView-innerSelectionPanelTable-listUl\")]/tbody/tr[16]/td[2]/div"}
COMMAND: POST /session/ad66f158aa4d4ab6ef13355aa7850eca/element - {"using":"xpath","value":"//table[contains(@id, \"listView-innerSelectionPanelTable-listUl\")]/tbody/tr[16]/td[3]/div/div/span/span[1]/bdi"}
RESULT: {"using":"xpath","value":"//table[contains(@id, \"listView-innerSelectionPanelTable-listUl\")]/tbody/tr[16]/td[3]/div/div/span/span[1]/bdi"}
COMMAND: POST /session/ad66f158aa4d4ab6ef13355aa7850eca/execute/sync - {"script":"<script> [56 bytes]","args":[{"element-6066-11e4-a52e-4f735466cecf":"f.46184FC8CB979803EFB42F6A75FB8695.d.AB81163FA132FF03249B7962439B9979.e.6925","ELEMENT":"f.46184FC8CB979803EFB42F6A75FB8695.d.AB81163FA132FF03249B7962439B9979.e.6925"}]}
RESULT: {"script":"<script> [56 bytes]","args":[{"element-6066-11e4-a52e-4f735466cecf":"f.46184FC8CB979803EFB42F6A75FB8695.d.AB81163FA132FF03249B7962439B9979.e.6925","ELEMENT":"f.46184FC8CB979803EFB42F6A75FB8695.d.AB81163FA132FF03249B7962439B9979.e.6925"}]}
COMMAND: GET /session/ad66f158aa4d4ab6ef13355aa7850eca/element/f.46184FC8CB979803EFB42F6A75FB8695.d.AB81163FA132FF03249B7962439B9979.e.6924/attribute/aria-checked - {}
COMMAND: GET /session/ad66f158aa4d4ab6ef13355aa7850eca/screenshot - {}
RESULT: {}
COMMAND: POST /session/ad66f158aa4d4ab6ef13355aa7850eca/element - {"using":"xpath","value":"//table[contains(@id, \"listView-innerSelectionPanelTable-listUl\")]/tbody/tr[17]/td[2]/div/div"}
RESULT: {}
RESULT: {"using":"xpath","value":"//table[contains(@id, \"listView-innerSelectionPanelTable-listUl\")]/tbody/tr[17]/td[2]/div/div"}
COMMAND: POST /session/ad66f158aa4d4ab6ef13355aa7850eca/element - {"using":"xpath","value":"//table[contains(@id, \"listView-innerSelectionPanelTable-listUl\")]/tbody/tr[17]/td[2]/div"}
RESULT: {"using":"xpath","value":"//table[contains(@id, \"listView-innerSelectionPanelTable-listUl\")]/tbody/tr[17]/td[2]/div"}
COMMAND: POST /session/ad66f158aa4d4ab6ef13355aa7850eca/element - {"using":"xpath","value":"//table[contains(@id, \"listView-innerSelectionPanelTable-listUl\")]/tbody/tr[17]/td[3]/div/div/span/span[1]/bdi"}
RESULT: {"using":"xpath","value":"//table[contains(@id, \"listView-innerSelectionPanelTable-listUl\")]/tbody/tr[17]/td[3]/div/div/span/span[1]/bdi"}
COMMAND: POST /session/ad66f158aa4d4ab6ef13355aa7850eca/execute/sync - {"script":"<script> [56 bytes]","args":[{"element-6066-11e4-a52e-4f735466cecf":"f.46184FC8CB979803EFB42F6A75FB8695.d.AB81163FA132FF03249B7962439B9979.e.6928","ELEMENT":"f.46184FC8CB979803EFB42F6A75FB8695.d.AB81163FA132FF03249B7962439B9979.e.6928"}]}
RESULT: {"script":"<script> [56 bytes]","args":[{"element-6066-11e4-a52e-4f735466cecf":"f.46184FC8CB979803EFB42F6A75FB8695.d.AB81163FA132FF03249B7962439B9979.e.6928","ELEMENT":"f.46184FC8CB979803EFB42F6A75FB8695.d.AB81163FA132FF03249B7962439B9979.e.6928"}]}
COMMAND: GET /session/ad66f158aa4d4ab6ef13355aa7850eca/element/f.46184FC8CB979803EFB42F6A75FB8695.d.AB81163FA132FF03249B7962439B9979.e.6927/attribute/aria-checked - {}
COMMAND: GET /session/ad66f158aa4d4ab6ef13355aa7850eca/screenshot - {}
RESULT: {}
COMMAND: POST /session/ad66f158aa4d4ab6ef13355aa7850eca/element - {"using":"xpath","value":"//table[contains(@id, \"listView-innerSelectionPanelTable-listUl\")]/tbody/tr[18]/td[2]/div/div"}
RESULT: {}
RESULT: {"using":"xpath","value":"//table[contains(@id, \"listView-innerSelectionPanelTable-listUl\")]/tbody/tr[18]/td[2]/div/div"}
COMMAND: POST /session/ad66f158aa4d4ab6ef13355aa7850eca/element - {"using":"xpath","value":"//table[contains(@id, \"listView-innerSelectionPanelTable-listUl\")]/tbody/tr[18]/td[2]/div"}
RESULT: {"using":"xpath","value":"//table[contains(@id, \"listView-innerSelectionPanelTable-listUl\")]/tbody/tr[18]/td[2]/div"}
COMMAND: POST /session/ad66f158aa4d4ab6ef13355aa7850eca/element - {"using":"xpath","value":"//table[contains(@id, \"listView-innerSelectionPanelTable-listUl\")]/tbody/tr[18]/td[3]/div/div/span/span[1]/bdi"}
RESULT: {"using":"xpath","value":"//table[contains(@id, \"listView-innerSelectionPanelTable-listUl\")]/tbody/tr[18]/td[3]/div/div/span/span[1]/bdi"}
COMMAND: POST /session/ad66f158aa4d4ab6ef13355aa7850eca/execute/sync - {"script":"<script> [56 bytes]","args":[{"element-6066-11e4-a52e-4f735466cecf":"f.46184FC8CB979803EFB42F6A75FB8695.d.AB81163FA132FF03249B7962439B9979.e.6931","ELEMENT":"f.46184FC8CB979803EFB42F6A75FB8695.d.AB81163FA132FF03249B7962439B9979.e.6931"}]}
RESULT: {"script":"<script> [56 bytes]","args":[{"element-6066-11e4-a52e-4f735466cecf":"f.46184FC8CB979803EFB42F6A75FB8695.d.AB81163FA132FF03249B7962439B9979.e.6931","ELEMENT":"f.46184FC8CB979803EFB42F6A75FB8695.d.AB81163FA132FF03249B7962439B9979.e.6931"}]}
COMMAND: GET /session/ad66f158aa4d4ab6ef13355aa7850eca/element/f.46184FC8CB979803EFB42F6A75FB8695.d.AB81163FA132FF03249B7962439B9979.e.6930/attribute/aria-checked - {}
COMMAND: GET /session/ad66f158aa4d4ab6ef13355aa7850eca/screenshot - {}
RESULT: {}
COMMAND: POST /session/ad66f158aa4d4ab6ef13355aa7850eca/element - {"using":"xpath","value":"//table[contains(@id, \"listView-innerSelectionPanelTable-listUl\")]/tbody/tr[19]/td[2]/div/div"}
RESULT: {}
RESULT: {"using":"xpath","value":"//table[contains(@id, \"listView-innerSelectionPanelTable-listUl\")]/tbody/tr[19]/td[2]/div/div"}
COMMAND: POST /session/ad66f158aa4d4ab6ef13355aa7850eca/element - {"using":"xpath","value":"//table[contains(@id, \"listView-innerSelectionPanelTable-listUl\")]/tbody/tr[19]/td[2]/div"}
RESULT: {"using":"xpath","value":"//table[contains(@id, \"listView-innerSelectionPanelTable-listUl\")]/tbody/tr[19]/td[2]/div"}
COMMAND: POST /session/ad66f158aa4d4ab6ef13355aa7850eca/element - {"using":"xpath","value":"//table[contains(@id, \"listView-innerSelectionPanelTable-listUl\")]/tbody/tr[19]/td[3]/div/div/span/span[1]/bdi"}
RESULT: {"using":"xpath","value":"//table[contains(@id, \"listView-innerSelectionPanelTable-listUl\")]/tbody/tr[19]/td[3]/div/div/span/span[1]/bdi"}
COMMAND: POST /session/ad66f158aa4d4ab6ef13355aa7850eca/execute/sync - {"script":"<script> [56 bytes]","args":[{"element-6066-11e4-a52e-4f735466cecf":"f.46184FC8CB979803EFB42F6A75FB8695.d.AB81163FA132FF03249B7962439B9979.e.6934","ELEMENT":"f.46184FC8CB979803EFB42F6A75FB8695.d.AB81163FA132FF03249B7962439B9979.e.6934"}]}
RESULT: {"script":"<script> [56 bytes]","args":[{"element-6066-11e4-a52e-4f735466cecf":"f.46184FC8CB979803EFB42F6A75FB8695.d.AB81163FA132FF03249B7962439B9979.e.6934","ELEMENT":"f.46184FC8CB979803EFB42F6A75FB8695.d.AB81163FA132FF03249B7962439B9979.e.6934"}]}
COMMAND: GET /session/ad66f158aa4d4ab6ef13355aa7850eca/element/f.46184FC8CB979803EFB42F6A75FB8695.d.AB81163FA132FF03249B7962439B9979.e.6933/attribute/aria-checked - {}
COMMAND: GET /session/ad66f158aa4d4ab6ef13355aa7850eca/screenshot - {}
RESULT: {}
COMMAND: POST /session/ad66f158aa4d4ab6ef13355aa7850eca/element - {"using":"xpath","value":"//table[contains(@id, \"listView-innerSelectionPanelTable-listUl\")]/tbody/tr[20]/td[2]/div/div"}
RESULT: {}
RESULT: {"using":"xpath","value":"//table[contains(@id, \"listView-innerSelectionPanelTable-listUl\")]/tbody/tr[20]/td[2]/div/div"}
COMMAND: POST /session/ad66f158aa4d4ab6ef13355aa7850eca/element - {"using":"xpath","value":"//table[contains(@id, \"listView-innerSelectionPanelTable-listUl\")]/tbody/tr[20]/td[2]/div"}
RESULT: {"using":"xpath","value":"//table[contains(@id, \"listView-innerSelectionPanelTable-listUl\")]/tbody/tr[20]/td[2]/div"}
COMMAND: POST /session/ad66f158aa4d4ab6ef13355aa7850eca/element - {"using":"xpath","value":"//table[contains(@id, \"listView-innerSelectionPanelTable-listUl\")]/tbody/tr[20]/td[3]/div/div/span/span[1]/bdi"}
RESULT: {"using":"xpath","value":"//table[contains(@id, \"listView-innerSelectionPanelTable-listUl\")]/tbody/tr[20]/td[3]/div/div/span/span[1]/bdi"}
COMMAND: POST /session/ad66f158aa4d4ab6ef13355aa7850eca/execute/sync - {"script":"<script> [56 bytes]","args":[{"element-6066-11e4-a52e-4f735466cecf":"f.46184FC8CB979803EFB42F6A75FB8695.d.AB81163FA132FF03249B7962439B9979.e.6937","ELEMENT":"f.46184FC8CB979803EFB42F6A75FB8695.d.AB81163FA132FF03249B7962439B9979.e.6937"}]}
RESULT: {"script":"<script> [56 bytes]","args":[{"element-6066-11e4-a52e-4f735466cecf":"f.46184FC8CB979803EFB42F6A75FB8695.d.AB81163FA132FF03249B7962439B9979.e.6937","ELEMENT":"f.46184FC8CB979803EFB42F6A75FB8695.d.AB81163FA132FF03249B7962439B9979.e.6937"}]}
COMMAND: GET /session/ad66f158aa4d4ab6ef13355aa7850eca/element/f.46184FC8CB979803EFB42F6A75FB8695.d.AB81163FA132FF03249B7962439B9979.e.6936/attribute/aria-checked - {}
COMMAND: GET /session/ad66f158aa4d4ab6ef13355aa7850eca/screenshot - {}
RESULT: {}
COMMAND: POST /session/ad66f158aa4d4ab6ef13355aa7850eca/element - {"using":"xpath","value":"//table[contains(@id, \"listView-innerSelectionPanelTable-listUl\")]/tbody/tr[21]/td[2]/div/div"}
RESULT: {}
RESULT: {"using":"xpath","value":"//table[contains(@id, \"listView-innerSelectionPanelTable-listUl\")]/tbody/tr[21]/td[2]/div/div"}
COMMAND: POST /session/ad66f158aa4d4ab6ef13355aa7850eca/element - {"using":"xpath","value":"//table[contains(@id, \"listView-innerSelectionPanelTable-listUl\")]/tbody/tr[21]/td[2]/div"}
RESULT: {"using":"xpath","value":"//table[contains(@id, \"listView-innerSelectionPanelTable-listUl\")]/tbody/tr[21]/td[2]/div"}
COMMAND: POST /session/ad66f158aa4d4ab6ef13355aa7850eca/element - {"using":"xpath","value":"//table[contains(@id, \"listView-innerSelectionPanelTable-listUl\")]/tbody/tr[21]/td[3]/div/div/span/span[1]/bdi"}
RESULT: {"using":"xpath","value":"//table[contains(@id, \"listView-innerSelectionPanelTable-listUl\")]/tbody/tr[21]/td[3]/div/div/span/span[1]/bdi"}
COMMAND: POST /session/ad66f158aa4d4ab6ef13355aa7850eca/execute/sync - {"script":"<script> [56 bytes]","args":[{"element-6066-11e4-a52e-4f735466cecf":"f.46184FC8CB979803EFB42F6A75FB8695.d.AB81163FA132FF03249B7962439B9979.e.6940","ELEMENT":"f.46184FC8CB979803EFB42F6A75FB8695.d.AB81163FA132FF03249B7962439B9979.e.6940"}]}
RESULT: {"script":"<script> [56 bytes]","args":[{"element-6066-11e4-a52e-4f735466cecf":"f.46184FC8CB979803EFB42F6A75FB8695.d.AB81163FA132FF03249B7962439B9979.e.6940","ELEMENT":"f.46184FC8CB979803EFB42F6A75FB8695.d.AB81163FA132FF03249B7962439B9979.e.6940"}]}
COMMAND: GET /session/ad66f158aa4d4ab6ef13355aa7850eca/element/f.46184FC8CB979803EFB42F6A75FB8695.d.AB81163FA132FF03249B7962439B9979.e.6939/attribute/aria-checked - {}
COMMAND: GET /session/ad66f158aa4d4ab6ef13355aa7850eca/screenshot - {}
RESULT: {}
COMMAND: POST /session/ad66f158aa4d4ab6ef13355aa7850eca/element - {"using":"xpath","value":"//table[contains(@id, \"listView-innerSelectionPanelTable-listUl\")]/tbody/tr[22]/td[2]/div/div"}
RESULT: {}
RESULT: {"using":"xpath","value":"//table[contains(@id, \"listView-innerSelectionPanelTable-listUl\")]/tbody/tr[22]/td[2]/div/div"}
COMMAND: POST /session/ad66f158aa4d4ab6ef13355aa7850eca/element - {"using":"xpath","value":"//table[contains(@id, \"listView-innerSelectionPanelTable-listUl\")]/tbody/tr[22]/td[2]/div"}
RESULT: {"using":"xpath","value":"//table[contains(@id, \"listView-innerSelectionPanelTable-listUl\")]/tbody/tr[22]/td[2]/div"}
COMMAND: POST /session/ad66f158aa4d4ab6ef13355aa7850eca/element - {"using":"xpath","value":"//table[contains(@id, \"listView-innerSelectionPanelTable-listUl\")]/tbody/tr[22]/td[3]/div/div/span/span[1]/bdi"}
RESULT: {"using":"xpath","value":"//table[contains(@id, \"listView-innerSelectionPanelTable-listUl\")]/tbody/tr[22]/td[3]/div/div/span/span[1]/bdi"}
COMMAND: POST /session/ad66f158aa4d4ab6ef13355aa7850eca/execute/sync - {"script":"<script> [56 bytes]","args":[{"element-6066-11e4-a52e-4f735466cecf":"f.46184FC8CB979803EFB42F6A75FB8695.d.AB81163FA132FF03249B7962439B9979.e.6943","ELEMENT":"f.46184FC8CB979803EFB42F6A75FB8695.d.AB81163FA132FF03249B7962439B9979.e.6943"}]}
RESULT: {"script":"<script> [56 bytes]","args":[{"element-6066-11e4-a52e-4f735466cecf":"f.46184FC8CB979803EFB42F6A75FB8695.d.AB81163FA132FF03249B7962439B9979.e.6943","ELEMENT":"f.46184FC8CB979803EFB42F6A75FB8695.d.AB81163FA132FF03249B7962439B9979.e.6943"}]}
COMMAND: GET /session/ad66f158aa4d4ab6ef13355aa7850eca/element/f.46184FC8CB979803EFB42F6A75FB8695.d.AB81163FA132FF03249B7962439B9979.e.6942/attribute/aria-checked - {}
COMMAND: GET /session/ad66f158aa4d4ab6ef13355aa7850eca/screenshot - {}
RESULT: {}
COMMAND: POST /session/ad66f158aa4d4ab6ef13355aa7850eca/element - {"using":"xpath","value":"//table[contains(@id, \"listView-innerSelectionPanelTable-listUl\")]/tbody/tr[23]/td[2]/div/div"}
RESULT: {}
RESULT: {"using":"xpath","value":"//table[contains(@id, \"listView-innerSelectionPanelTable-listUl\")]/tbody/tr[23]/td[2]/div/div"}
COMMAND: POST /session/ad66f158aa4d4ab6ef13355aa7850eca/element - {"using":"xpath","value":"//table[contains(@id, \"listView-innerSelectionPanelTable-listUl\")]/tbody/tr[23]/td[2]/div"}
RESULT: {"using":"xpath","value":"//table[contains(@id, \"listView-innerSelectionPanelTable-listUl\")]/tbody/tr[23]/td[2]/div"}
COMMAND: POST /session/ad66f158aa4d4ab6ef13355aa7850eca/element - {"using":"xpath","value":"//table[contains(@id, \"listView-innerSelectionPanelTable-listUl\")]/tbody/tr[23]/td[3]/div/div/span/span[1]/bdi"}
RESULT: {"using":"xpath","value":"//table[contains(@id, \"listView-innerSelectionPanelTable-listUl\")]/tbody/tr[23]/td[3]/div/div/span/span[1]/bdi"}
COMMAND: POST /session/ad66f158aa4d4ab6ef13355aa7850eca/execute/sync - {"script":"<script> [56 bytes]","args":[{"element-6066-11e4-a52e-4f735466cecf":"f.46184FC8CB979803EFB42F6A75FB8695.d.AB81163FA132FF03249B7962439B9979.e.6946","ELEMENT":"f.46184FC8CB979803EFB42F6A75FB8695.d.AB81163FA132FF03249B7962439B9979.e.6946"}]}
RESULT: {"script":"<script> [56 bytes]","args":[{"element-6066-11e4-a52e-4f735466cecf":"f.46184FC8CB979803EFB42F6A75FB8695.d.AB81163FA132FF03249B7962439B9979.e.6946","ELEMENT":"f.46184FC8CB979803EFB42F6A75FB8695.d.AB81163FA132FF03249B7962439B9979.e.6946"}]}
COMMAND: GET /session/ad66f158aa4d4ab6ef13355aa7850eca/element/f.46184FC8CB979803EFB42F6A75FB8695.d.AB81163FA132FF03249B7962439B9979.e.6945/attribute/aria-checked - {}
COMMAND: GET /session/ad66f158aa4d4ab6ef13355aa7850eca/screenshot - {}
RESULT: {}
COMMAND: POST /session/ad66f158aa4d4ab6ef13355aa7850eca/element - {"using":"xpath","value":"//table[contains(@id, \"listView-innerSelectionPanelTable-listUl\")]/tbody/tr[24]/td[2]/div/div"}
RESULT: {}
RESULT: {"using":"xpath","value":"//table[contains(@id, \"listView-innerSelectionPanelTable-listUl\")]/tbody/tr[24]/td[2]/div/div"}
COMMAND: POST /session/ad66f158aa4d4ab6ef13355aa7850eca/element - {"using":"xpath","value":"//table[contains(@id, \"listView-innerSelectionPanelTable-listUl\")]/tbody/tr[24]/td[2]/div"}
RESULT: {"using":"xpath","value":"//table[contains(@id, \"listView-innerSelectionPanelTable-listUl\")]/tbody/tr[24]/td[2]/div"}
COMMAND: POST /session/ad66f158aa4d4ab6ef13355aa7850eca/element - {"using":"xpath","value":"//table[contains(@id, \"listView-innerSelectionPanelTable-listUl\")]/tbody/tr[24]/td[3]/div/div/span/span[1]/bdi"}
RESULT: {"using":"xpath","value":"//table[contains(@id, \"listView-innerSelectionPanelTable-listUl\")]/tbody/tr[24]/td[3]/div/div/span/span[1]/bdi"}
COMMAND: POST /session/ad66f158aa4d4ab6ef13355aa7850eca/execute/sync - {"script":"<script> [56 bytes]","args":[{"element-6066-11e4-a52e-4f735466cecf":"f.46184FC8CB979803EFB42F6A75FB8695.d.AB81163FA132FF03249B7962439B9979.e.6949","ELEMENT":"f.46184FC8CB979803EFB42F6A75FB8695.d.AB81163FA132FF03249B7962439B9979.e.6949"}]}
RESULT: {"script":"<script> [56 bytes]","args":[{"element-6066-11e4-a52e-4f735466cecf":"f.46184FC8CB979803EFB42F6A75FB8695.d.AB81163FA132FF03249B7962439B9979.e.6949","ELEMENT":"f.46184FC8CB979803EFB42F6A75FB8695.d.AB81163FA132FF03249B7962439B9979.e.6949"}]}
COMMAND: GET /session/ad66f158aa4d4ab6ef13355aa7850eca/element/f.46184FC8CB979803EFB42F6A75FB8695.d.AB81163FA132FF03249B7962439B9979.e.6948/attribute/aria-checked - {}
COMMAND: GET /session/ad66f158aa4d4ab6ef13355aa7850eca/screenshot - {}
RESULT: {}
COMMAND: POST /session/ad66f158aa4d4ab6ef13355aa7850eca/element - {"using":"xpath","value":"//table[contains(@id, \"listView-innerSelectionPanelTable-listUl\")]/tbody/tr[25]/td[2]/div/div"}
RESULT: {}
RESULT: {"using":"xpath","value":"//table[contains(@id, \"listView-innerSelectionPanelTable-listUl\")]/tbody/tr[25]/td[2]/div/div"}
COMMAND: POST /session/ad66f158aa4d4ab6ef13355aa7850eca/element - {"using":"xpath","value":"//table[contains(@id, \"listView-innerSelectionPanelTable-listUl\")]/tbody/tr[25]/td[2]/div"}
RESULT: {"using":"xpath","value":"//table[contains(@id, \"listView-innerSelectionPanelTable-listUl\")]/tbody/tr[25]/td[2]/div"}
COMMAND: POST /session/ad66f158aa4d4ab6ef13355aa7850eca/element - {"using":"xpath","value":"//table[contains(@id, \"listView-innerSelectionPanelTable-listUl\")]/tbody/tr[25]/td[3]/div/div/span/span[1]/bdi"}
RESULT: {"using":"xpath","value":"//table[contains(@id, \"listView-innerSelectionPanelTable-listUl\")]/tbody/tr[25]/td[3]/div/div/span/span[1]/bdi"}
COMMAND: POST /session/ad66f158aa4d4ab6ef13355aa7850eca/execute/sync - {"script":"<script> [56 bytes]","args":[{"element-6066-11e4-a52e-4f735466cecf":"f.46184FC8CB979803EFB42F6A75FB8695.d.AB81163FA132FF03249B7962439B9979.e.6952","ELEMENT":"f.46184FC8CB979803EFB42F6A75FB8695.d.AB81163FA132FF03249B7962439B9979.e.6952"}]}
RESULT: {"script":"<script> [56 bytes]","args":[{"element-6066-11e4-a52e-4f735466cecf":"f.46184FC8CB979803EFB42F6A75FB8695.d.AB81163FA132FF03249B7962439B9979.e.6952","ELEMENT":"f.46184FC8CB979803EFB42F6A75FB8695.d.AB81163FA132FF03249B7962439B9979.e.6952"}]}
COMMAND: GET /session/ad66f158aa4d4ab6ef13355aa7850eca/element/f.46184FC8CB979803EFB42F6A75FB8695.d.AB81163FA132FF03249B7962439B9979.e.6951/attribute/aria-checked - {}
COMMAND: GET /session/ad66f158aa4d4ab6ef13355aa7850eca/screenshot - {}
RESULT: {}
COMMAND: POST /session/ad66f158aa4d4ab6ef13355aa7850eca/element - {"using":"xpath","value":"//bdi[contains(text(), \"OK\")]"}
RESULT: {}
RESULT: {"using":"xpath","value":"//bdi[contains(text(), \"OK\")]"}
COMMAND: POST /session/ad66f158aa4d4ab6ef13355aa7850eca/element/f.46184FC8CB979803EFB42F6A75FB8695.d.AB81163FA132FF03249B7962439B9979.e.6953/click - {}
RESULT: {}
COMMAND: GET /session/ad66f158aa4d4ab6ef13355aa7850eca/screenshot - {}
RESULT: {}
COMMAND: POST /session/ad66f158aa4d4ab6ef13355aa7850eca/execute/async - {"script":"<script> [1562 bytes]","args":[{"selector":{"id":"application-managepartners-display-component---masterPtm--smartFilterBar-filterItemControlA_-LINK_TO_ADDRESSES_MAIN.CITY1-vhi"},"wdio_ui5_key":"applicationmanagepartners-display-component---masterPtm--smartFilterBar-filterItemControlA_-LINK_TO_ADDRESSES_MAIN.CITY1-vhi"}]}
RESULT: {"script":"<script> [1562 bytes]","args":[{"selector":{"id":"application-managepartners-display-component---masterPtm--smartFilterBar-filterItemControlA_-LINK_TO_ADDRESSES_MAIN.CITY1-vhi"},"wdio_ui5_key":"applicationmanagepartners-display-component---masterPtm--smartFilterBar-filterItemControlA_-LINK_TO_ADDRESSES_MAIN.CITY1-vhi"}]}
RESULT: undefined
COMMAND: POST /session/ad66f158aa4d4ab6ef13355aa7850eca/element - {"using":"xpath","value":"//*[@id=\"application-managepartners-display-component---masterPtm--smartFilterBar-filterItemControlA_-LINK_TO_ADDRESSES_MAIN.CITY1-vhi\"]"}
RESULT: {"using":"xpath","value":"//*[@id=\"application-managepartners-display-component---masterPtm--smartFilterBar-filterItemControlA_-LINK_TO_ADDRESSES_MAIN.CITY1-vhi\"]"}
COMMAND: POST /session/ad66f158aa4d4ab6ef13355aa7850eca/element/f.46184FC8CB979803EFB42F6A75FB8695.d.AB81163FA132FF03249B7962439B9979.e.6967/click - {}
RESULT: {}
COMMAND: GET /session/ad66f158aa4d4ab6ef13355aa7850eca/screenshot - {}
RESULT: {}
COMMAND: POST /session/ad66f158aa4d4ab6ef13355aa7850eca/execute/async - {"script":"<script> [1562 bytes]","args":[{"selector":{"controlType":"sap.m.Input","viewName":"etm.portal.ui.managepartners.view.Master","viewId":"application-managepartners-display-component---masterPtm","properties":{"valueState":"None"},"searchOpenDialogs":true,"interaction":{"idSuffix":"inner"}},"wdio_ui5_key":"etmportal.ui.managepartners.view.Mastersap.m.Input{\"valueState\":\"None\"}"}]}
RESULT: {"script":"<script> [1562 bytes]","args":[{"selector":{"controlType":"sap.m.Input","viewName":"etm.portal.ui.managepartners.view.Master","viewId":"application-managepartners-display-component---masterPtm","properties":{"valueState":"None"},"searchOpenDialogs":true,"interaction":{"idSuffix":"inner"}},"wdio_ui5_key":"etmportal.ui.managepartners.view.Mastersap.m.Input{\"valueState\":\"None\"}"}]}
RESULT: undefined
COMMAND: POST /session/ad66f158aa4d4ab6ef13355aa7850eca/execute/async - {"script":"<script> [776 bytes]","args":[{"enterText":"Bucure","selector":{"controlType":"sap.m.Input","viewName":"etm.portal.ui.managepartners.view.Master","viewId":"application-managepartners-display-component---masterPtm","properties":{"valueState":"None"},"searchOpenDialogs":true,"interaction":{"idSuffix":"inner"}},"clearTextFirst":true,"interactionType":"ENTER_TEXT"}]}
RESULT: {"script":"<script> [776 bytes]","args":[{"enterText":"Bucure","selector":{"controlType":"sap.m.Input","viewName":"etm.portal.ui.managepartners.view.Master","viewId":"application-managepartners-display-component---masterPtm","properties":{"valueState":"None"},"searchOpenDialogs":true,"interaction":{"idSuffix":"inner"}},"clearTextFirst":true,"interactionType":"ENTER_TEXT"}]}
COMMAND: POST /session/ad66f158aa4d4ab6ef13355aa7850eca/actions - {"actions":[{"id":"action21","type":"key","parameters":{},"actions":[{"type":"keyDown","value":""},{"type":"pause","duration":10},{"type":"keyUp","value":""}]}]}
RESULT: {"actions":[{"id":"action21","type":"key","parameters":{},"actions":[{"type":"keyDown","value":""},{"type":"pause","duration":10},{"type":"keyUp","value":""}]}]}
COMMAND: GET /session/ad66f158aa4d4ab6ef13355aa7850eca/screenshot - {}
RESULT: {}
COMMAND: POST /session/ad66f158aa4d4ab6ef13355aa7850eca/element - {"using":"xpath","value":"(//bdi[contains(text(), \"OK\")])[1]"}
RESULT: {"using":"xpath","value":"(//bdi[contains(text(), \"OK\")])[1]"}
COMMAND: POST /session/ad66f158aa4d4ab6ef13355aa7850eca/element/f.46184FC8CB979803EFB42F6A75FB8695.d.AB81163FA132FF03249B7962439B9979.e.6973/click - {}
RESULT: {}
COMMAND: GET /session/ad66f158aa4d4ab6ef13355aa7850eca/screenshot - {}
RESULT: {}
COMMAND: POST /session/ad66f158aa4d4ab6ef13355aa7850eca/element - {"using":"xpath","value":"//span[@id=\"application-managepartners-display-component---masterPtm--smartTable-header-inner\"]"}
RESULT: {"using":"xpath","value":"//span[@id=\"application-managepartners-display-component---masterPtm--smartTable-header-inner\"]"}
COMMAND: POST /session/ad66f158aa4d4ab6ef13355aa7850eca/elements - {"using":"xpath","value":"//span[@id=\"application-managepartners-display-component---masterPtm--smartTable-header-inner\"]"}
RESULT: {"using":"xpath","value":"//span[@id=\"application-managepartners-display-component---masterPtm--smartTable-header-inner\"]"}
COMMAND: POST /session/ad66f158aa4d4ab6ef13355aa7850eca/execute/sync - {"script":"<script> [56 bytes]","args":[{"element-6066-11e4-a52e-4f735466cecf":"f.46184FC8CB979803EFB42F6A75FB8695.d.AB81163FA132FF03249B7962439B9979.e.6012","ELEMENT":"f.46184FC8CB979803EFB42F6A75FB8695.d.AB81163FA132FF03249B7962439B9979.e.6012"}]}
RESULT: {"script":"<script> [56 bytes]","args":[{"element-6066-11e4-a52e-4f735466cecf":"f.46184FC8CB979803EFB42F6A75FB8695.d.AB81163FA132FF03249B7962439B9979.e.6012","ELEMENT":"f.46184FC8CB979803EFB42F6A75FB8695.d.AB81163FA132FF03249B7962439B9979.e.6012"}]}
COMMAND: POST /session/ad66f158aa4d4ab6ef13355aa7850eca/element - {"using":"xpath","value":"//span[contains(@title, \"Remove\")]"}
COMMAND: GET /session/ad66f158aa4d4ab6ef13355aa7850eca/screenshot - {}
RESULT: {"using":"xpath","value":"//span[contains(@title, \"Remove\")]"}
COMMAND: POST /session/ad66f158aa4d4ab6ef13355aa7850eca/element/f.46184FC8CB979803EFB42F6A75FB8695.d.AB81163FA132FF03249B7962439B9979.e.7048/click - {}
RESULT: {}
RESULT: {}
COMMAND: GET /session/ad66f158aa4d4ab6ef13355aa7850eca/screenshot - {}
RESULT: {}
COMMAND: POST /session/ad66f158aa4d4ab6ef13355aa7850eca/element - {"using":"xpath","value":"//span[@id=\"application-managepartners-display-component---masterPtm--smartTable-header-inner\"]"}
RESULT: {"using":"xpath","value":"//span[@id=\"application-managepartners-display-component---masterPtm--smartTable-header-inner\"]"}
COMMAND: POST /session/ad66f158aa4d4ab6ef13355aa7850eca/elements - {"using":"xpath","value":"//span[@id=\"application-managepartners-display-component---masterPtm--smartTable-header-inner\"]"}
RESULT: {"using":"xpath","value":"//span[@id=\"application-managepartners-display-component---masterPtm--smartTable-header-inner\"]"}
COMMAND: POST /session/ad66f158aa4d4ab6ef13355aa7850eca/execute/sync - {"script":"<script> [56 bytes]","args":[{"element-6066-11e4-a52e-4f735466cecf":"f.46184FC8CB979803EFB42F6A75FB8695.d.AB81163FA132FF03249B7962439B9979.e.6012","ELEMENT":"f.46184FC8CB979803EFB42F6A75FB8695.d.AB81163FA132FF03249B7962439B9979.e.6012"}]}
RESULT: {"script":"<script> [56 bytes]","args":[{"element-6066-11e4-a52e-4f735466cecf":"f.46184FC8CB979803EFB42F6A75FB8695.d.AB81163FA132FF03249B7962439B9979.e.6012","ELEMENT":"f.46184FC8CB979803EFB42F6A75FB8695.d.AB81163FA132FF03249B7962439B9979.e.6012"}]}
COMMAND: POST /session/ad66f158aa4d4ab6ef13355aa7850eca/element - {"using":"css selector","value":"#shell-header-logo"}
COMMAND: GET /session/ad66f158aa4d4ab6ef13355aa7850eca/screenshot - {}
RESULT: {"using":"css selector","value":"#shell-header-logo"}
COMMAND: POST /session/ad66f158aa4d4ab6ef13355aa7850eca/element/f.46184FC8CB979803EFB42F6A75FB8695.d.AB81163FA132FF03249B7962439B9979.e.5841/click - {}
RESULT: {}
RESULT: {}
COMMAND: GET /session/ad66f158aa4d4ab6ef13355aa7850eca/screenshot - {}
RESULT: {}
]]></system-out>
    </testcase>
    <testcase classname="chrome.136_0_7103_93.windows.Partner_specific_tests_US150819_US151080_US151654_US151176_US103444_US151078_US151079_US151109_US151174_US151175_US151189" name="Should try to save empty partner US151174" time="51.061">
      <system-out><![CDATA[
COMMAND: POST /session/ad66f158aa4d4ab6ef13355aa7850eca/element - {"using":"xpath","value":"//li[.//span[text()=\"Manage Partners\"]]"}
RESULT: {"using":"xpath","value":"//li[.//span[text()=\"Manage Partners\"]]"}
COMMAND: POST /session/ad66f158aa4d4ab6ef13355aa7850eca/element - {"using":"xpath","value":"//li[.//span[text()=\"Manage Partners\"]]"}
RESULT: {"using":"xpath","value":"//li[.//span[text()=\"Manage Partners\"]]"}
COMMAND: POST /session/ad66f158aa4d4ab6ef13355aa7850eca/element - {"using":"css selector","value":"#shell-header-logo"}
RESULT: {"using":"css selector","value":"#shell-header-logo"}
COMMAND: POST /session/ad66f158aa4d4ab6ef13355aa7850eca/element/f.46184FC8CB979803EFB42F6A75FB8695.d.AB81163FA132FF03249B7962439B9979.e.7143/click - {}
COMMAND: POST /session/ad66f158aa4d4ab6ef13355aa7850eca/execute/sync - {"script":"<script> [8489 bytes]","args":[{"element-6066-11e4-a52e-4f735466cecf":"f.46184FC8CB979803EFB42F6A75FB8695.d.AB81163FA132FF03249B7962439B9979.e.7143","ELEMENT":"f.46184FC8CB979803EFB42F6A75FB8695.d.AB81163FA132FF03249B7962439B9979.e.7143"}]}
RESULT: {}
COMMAND: GET /session/ad66f158aa4d4ab6ef13355aa7850eca/screenshot - {}
RESULT: {"script":"<script> [8489 bytes]","args":[{"element-6066-11e4-a52e-4f735466cecf":"f.46184FC8CB979803EFB42F6A75FB8695.d.AB81163FA132FF03249B7962439B9979.e.7143","ELEMENT":"f.46184FC8CB979803EFB42F6A75FB8695.d.AB81163FA132FF03249B7962439B9979.e.7143"}]}
COMMAND: POST /session/ad66f158aa4d4ab6ef13355aa7850eca/execute/sync - {"script":"<script> [5351 bytes]","args":[{"element-6066-11e4-a52e-4f735466cecf":"f.46184FC8CB979803EFB42F6A75FB8695.d.AB81163FA132FF03249B7962439B9979.e.7143","ELEMENT":"f.46184FC8CB979803EFB42F6A75FB8695.d.AB81163FA132FF03249B7962439B9979.e.7143"}]}
COMMAND: GET /session/ad66f158aa4d4ab6ef13355aa7850eca/screenshot - {}
RESULT: {}
RESULT: {"script":"<script> [5351 bytes]","args":[{"element-6066-11e4-a52e-4f735466cecf":"f.46184FC8CB979803EFB42F6A75FB8695.d.AB81163FA132FF03249B7962439B9979.e.7143","ELEMENT":"f.46184FC8CB979803EFB42F6A75FB8695.d.AB81163FA132FF03249B7962439B9979.e.7143"}]}
COMMAND: GET /session/ad66f158aa4d4ab6ef13355aa7850eca/screenshot - {}
RESULT: {}
RESULT: {}
RESULT: undefined
COMMAND: POST /session/ad66f158aa4d4ab6ef13355aa7850eca/element - {"using":"xpath","value":"//*[@id=\"__tile30\"]"}
RESULT: {"using":"xpath","value":"//*[@id=\"__tile30\"]"}
COMMAND: POST /session/ad66f158aa4d4ab6ef13355aa7850eca/element/f.46184FC8CB979803EFB42F6A75FB8695.d.AB81163FA132FF03249B7962439B9979.e.4500/click - {}
RESULT: {}
COMMAND: GET /session/ad66f158aa4d4ab6ef13355aa7850eca/screenshot - {}
RESULT: {}
COMMAND: POST /session/ad66f158aa4d4ab6ef13355aa7850eca/elements - {"using":"xpath","value":"//span[text()='Error']"}
RESULT: {"using":"xpath","value":"//span[text()='Error']"}
COMMAND: POST /session/ad66f158aa4d4ab6ef13355aa7850eca/element - {"using":"xpath","value":"//button[@data-kt=\"addButton\"]"}
RESULT: {"using":"xpath","value":"//button[@data-kt=\"addButton\"]"}
COMMAND: POST /session/ad66f158aa4d4ab6ef13355aa7850eca/elements - {"using":"xpath","value":"//button[@data-kt=\"addButton\"]"}
RESULT: {"using":"xpath","value":"//button[@data-kt=\"addButton\"]"}
COMMAND: POST /session/ad66f158aa4d4ab6ef13355aa7850eca/execute/sync - {"script":"<script> [8489 bytes]","args":[{"element-6066-11e4-a52e-4f735466cecf":"f.46184FC8CB979803EFB42F6A75FB8695.d.AB81163FA132FF03249B7962439B9979.e.7188","ELEMENT":"f.46184FC8CB979803EFB42F6A75FB8695.d.AB81163FA132FF03249B7962439B9979.e.7188"}]}
RESULT: {"script":"<script> [8489 bytes]","args":[{"element-6066-11e4-a52e-4f735466cecf":"f.46184FC8CB979803EFB42F6A75FB8695.d.AB81163FA132FF03249B7962439B9979.e.7188","ELEMENT":"f.46184FC8CB979803EFB42F6A75FB8695.d.AB81163FA132FF03249B7962439B9979.e.7188"}]}
COMMAND: GET /session/ad66f158aa4d4ab6ef13355aa7850eca/element/f.46184FC8CB979803EFB42F6A75FB8695.d.AB81163FA132FF03249B7962439B9979.e.7188/enabled - {}
COMMAND: GET /session/ad66f158aa4d4ab6ef13355aa7850eca/screenshot - {}
RESULT: {}
COMMAND: POST /session/ad66f158aa4d4ab6ef13355aa7850eca/execute/sync - {"script":"<script> [8489 bytes]","args":[{"element-6066-11e4-a52e-4f735466cecf":"f.46184FC8CB979803EFB42F6A75FB8695.d.AB81163FA132FF03249B7962439B9979.e.7188","ELEMENT":"f.46184FC8CB979803EFB42F6A75FB8695.d.AB81163FA132FF03249B7962439B9979.e.7188"}]}
COMMAND: GET /session/ad66f158aa4d4ab6ef13355aa7850eca/screenshot - {}
RESULT: {}
RESULT: {"script":"<script> [8489 bytes]","args":[{"element-6066-11e4-a52e-4f735466cecf":"f.46184FC8CB979803EFB42F6A75FB8695.d.AB81163FA132FF03249B7962439B9979.e.7188","ELEMENT":"f.46184FC8CB979803EFB42F6A75FB8695.d.AB81163FA132FF03249B7962439B9979.e.7188"}]}
COMMAND: POST /session/ad66f158aa4d4ab6ef13355aa7850eca/execute/sync - {"script":"<script> [5351 bytes]","args":[{"element-6066-11e4-a52e-4f735466cecf":"f.46184FC8CB979803EFB42F6A75FB8695.d.AB81163FA132FF03249B7962439B9979.e.7188","ELEMENT":"f.46184FC8CB979803EFB42F6A75FB8695.d.AB81163FA132FF03249B7962439B9979.e.7188"}]}
COMMAND: GET /session/ad66f158aa4d4ab6ef13355aa7850eca/screenshot - {}
RESULT: {}
RESULT: {"script":"<script> [5351 bytes]","args":[{"element-6066-11e4-a52e-4f735466cecf":"f.46184FC8CB979803EFB42F6A75FB8695.d.AB81163FA132FF03249B7962439B9979.e.7188","ELEMENT":"f.46184FC8CB979803EFB42F6A75FB8695.d.AB81163FA132FF03249B7962439B9979.e.7188"}]}
COMMAND: POST /session/ad66f158aa4d4ab6ef13355aa7850eca/element/f.46184FC8CB979803EFB42F6A75FB8695.d.AB81163FA132FF03249B7962439B9979.e.7188/click - {}
COMMAND: GET /session/ad66f158aa4d4ab6ef13355aa7850eca/screenshot - {}
RESULT: {}
RESULT: {}
COMMAND: GET /session/ad66f158aa4d4ab6ef13355aa7850eca/screenshot - {}
COMMAND: POST /session/ad66f158aa4d4ab6ef13355aa7850eca/element - {"using":"xpath","value":"//button[@data-kt=\"saveButton\"]"}
RESULT: {}
RESULT: {}
RESULT: {"using":"xpath","value":"//button[@data-kt=\"saveButton\"]"}
COMMAND: POST /session/ad66f158aa4d4ab6ef13355aa7850eca/element/f.46184FC8CB979803EFB42F6A75FB8695.d.AB81163FA132FF03249B7962439B9979.e.7609/click - {}
RESULT: {}
COMMAND: GET /session/ad66f158aa4d4ab6ef13355aa7850eca/screenshot - {}
RESULT: {}
COMMAND: POST /session/ad66f158aa4d4ab6ef13355aa7850eca/element - {"using":"xpath","value":"//span[contains(@class, \"sapMMsgBoxText\")]"}
RESULT: {"using":"xpath","value":"//span[contains(@class, \"sapMMsgBoxText\")]"}
COMMAND: POST /session/ad66f158aa4d4ab6ef13355aa7850eca/execute/sync - {"script":"<script> [56 bytes]","args":[{"element-6066-11e4-a52e-4f735466cecf":"f.46184FC8CB979803EFB42F6A75FB8695.d.AB81163FA132FF03249B7962439B9979.e.7624","ELEMENT":"f.46184FC8CB979803EFB42F6A75FB8695.d.AB81163FA132FF03249B7962439B9979.e.7624"}]}
RESULT: {"script":"<script> [56 bytes]","args":[{"element-6066-11e4-a52e-4f735466cecf":"f.46184FC8CB979803EFB42F6A75FB8695.d.AB81163FA132FF03249B7962439B9979.e.7624","ELEMENT":"f.46184FC8CB979803EFB42F6A75FB8695.d.AB81163FA132FF03249B7962439B9979.e.7624"}]}
COMMAND: POST /session/ad66f158aa4d4ab6ef13355aa7850eca/element - {"using":"xpath","value":"(//bdi[contains(text(), \"Close\")])[1]"}
COMMAND: POST /session/ad66f158aa4d4ab6ef13355aa7850eca/elements - {"using":"xpath","value":"//span[contains(@class, \"sapMMsgBoxText\")]"}
COMMAND: GET /session/ad66f158aa4d4ab6ef13355aa7850eca/screenshot - {}
RESULT: {"using":"xpath","value":"(//bdi[contains(text(), \"Close\")])[1]"}
COMMAND: POST /session/ad66f158aa4d4ab6ef13355aa7850eca/element/f.46184FC8CB979803EFB42F6A75FB8695.d.AB81163FA132FF03249B7962439B9979.e.7625/click - {}
RESULT: {"using":"xpath","value":"//span[contains(@class, \"sapMMsgBoxText\")]"}
RESULT: {}
RESULT: {}
COMMAND: GET /session/ad66f158aa4d4ab6ef13355aa7850eca/screenshot - {}
RESULT: {}
COMMAND: POST /session/ad66f158aa4d4ab6ef13355aa7850eca/element - {"using":"css selector","value":"#shell-header-logo"}
RESULT: {"using":"css selector","value":"#shell-header-logo"}
COMMAND: POST /session/ad66f158aa4d4ab6ef13355aa7850eca/element/f.46184FC8CB979803EFB42F6A75FB8695.d.AB81163FA132FF03249B7962439B9979.e.7143/click - {}
RESULT: {}
COMMAND: GET /session/ad66f158aa4d4ab6ef13355aa7850eca/screenshot - {}
RESULT: {}
]]></system-out>
    </testcase>
    <testcase classname="chrome.136_0_7103_93.windows.Partner_specific_tests_US150819_US151080_US151654_US151176_US103444_US151078_US151079_US151109_US151174_US151175_US151189" name="Should do various searches US151175" time="164.598">
      <system-out><![CDATA[
COMMAND: POST /session/ad66f158aa4d4ab6ef13355aa7850eca/element - {"using":"xpath","value":"//li[.//span[text()=\"Manage Partners\"]]"}
RESULT: {"using":"xpath","value":"//li[.//span[text()=\"Manage Partners\"]]"}
COMMAND: POST /session/ad66f158aa4d4ab6ef13355aa7850eca/element - {"using":"xpath","value":"//li[.//span[text()=\"Manage Partners\"]]"}
RESULT: {"using":"xpath","value":"//li[.//span[text()=\"Manage Partners\"]]"}
COMMAND: POST /session/ad66f158aa4d4ab6ef13355aa7850eca/element - {"using":"css selector","value":"#shell-header-logo"}
RESULT: {"using":"css selector","value":"#shell-header-logo"}
COMMAND: POST /session/ad66f158aa4d4ab6ef13355aa7850eca/element/f.46184FC8CB979803EFB42F6A75FB8695.d.AB81163FA132FF03249B7962439B9979.e.7627/click - {}
COMMAND: POST /session/ad66f158aa4d4ab6ef13355aa7850eca/execute/sync - {"script":"<script> [8489 bytes]","args":[{"element-6066-11e4-a52e-4f735466cecf":"f.46184FC8CB979803EFB42F6A75FB8695.d.AB81163FA132FF03249B7962439B9979.e.7627","ELEMENT":"f.46184FC8CB979803EFB42F6A75FB8695.d.AB81163FA132FF03249B7962439B9979.e.7627"}]}
RESULT: {}
COMMAND: GET /session/ad66f158aa4d4ab6ef13355aa7850eca/screenshot - {}
RESULT: {"script":"<script> [8489 bytes]","args":[{"element-6066-11e4-a52e-4f735466cecf":"f.46184FC8CB979803EFB42F6A75FB8695.d.AB81163FA132FF03249B7962439B9979.e.7627","ELEMENT":"f.46184FC8CB979803EFB42F6A75FB8695.d.AB81163FA132FF03249B7962439B9979.e.7627"}]}
COMMAND: POST /session/ad66f158aa4d4ab6ef13355aa7850eca/execute/sync - {"script":"<script> [5351 bytes]","args":[{"element-6066-11e4-a52e-4f735466cecf":"f.46184FC8CB979803EFB42F6A75FB8695.d.AB81163FA132FF03249B7962439B9979.e.7627","ELEMENT":"f.46184FC8CB979803EFB42F6A75FB8695.d.AB81163FA132FF03249B7962439B9979.e.7627"}]}
COMMAND: GET /session/ad66f158aa4d4ab6ef13355aa7850eca/screenshot - {}
RESULT: {}
RESULT: {"script":"<script> [5351 bytes]","args":[{"element-6066-11e4-a52e-4f735466cecf":"f.46184FC8CB979803EFB42F6A75FB8695.d.AB81163FA132FF03249B7962439B9979.e.7627","ELEMENT":"f.46184FC8CB979803EFB42F6A75FB8695.d.AB81163FA132FF03249B7962439B9979.e.7627"}]}
COMMAND: GET /session/ad66f158aa4d4ab6ef13355aa7850eca/screenshot - {}
RESULT: {}
RESULT: {}
RESULT: undefined
COMMAND: POST /session/ad66f158aa4d4ab6ef13355aa7850eca/element - {"using":"xpath","value":"//*[@id=\"__tile30\"]"}
RESULT: {"using":"xpath","value":"//*[@id=\"__tile30\"]"}
COMMAND: POST /session/ad66f158aa4d4ab6ef13355aa7850eca/element/f.46184FC8CB979803EFB42F6A75FB8695.d.AB81163FA132FF03249B7962439B9979.e.4500/click - {}
RESULT: {}
COMMAND: GET /session/ad66f158aa4d4ab6ef13355aa7850eca/screenshot - {}
RESULT: {}
COMMAND: POST /session/ad66f158aa4d4ab6ef13355aa7850eca/elements - {"using":"xpath","value":"//span[text()='Error']"}
RESULT: {"using":"xpath","value":"//span[text()='Error']"}
COMMAND: POST /session/ad66f158aa4d4ab6ef13355aa7850eca/element - {"using":"xpath","value":"//button[@data-kt=\"addButton\"]"}
RESULT: {"using":"xpath","value":"//button[@data-kt=\"addButton\"]"}
COMMAND: POST /session/ad66f158aa4d4ab6ef13355aa7850eca/elements - {"using":"xpath","value":"//button[@data-kt=\"addButton\"]"}
RESULT: {"using":"xpath","value":"//button[@data-kt=\"addButton\"]"}
COMMAND: POST /session/ad66f158aa4d4ab6ef13355aa7850eca/execute/sync - {"script":"<script> [8489 bytes]","args":[{"element-6066-11e4-a52e-4f735466cecf":"f.46184FC8CB979803EFB42F6A75FB8695.d.AB81163FA132FF03249B7962439B9979.e.7673","ELEMENT":"f.46184FC8CB979803EFB42F6A75FB8695.d.AB81163FA132FF03249B7962439B9979.e.7673"}]}
RESULT: {"script":"<script> [8489 bytes]","args":[{"element-6066-11e4-a52e-4f735466cecf":"f.46184FC8CB979803EFB42F6A75FB8695.d.AB81163FA132FF03249B7962439B9979.e.7673","ELEMENT":"f.46184FC8CB979803EFB42F6A75FB8695.d.AB81163FA132FF03249B7962439B9979.e.7673"}]}
COMMAND: GET /session/ad66f158aa4d4ab6ef13355aa7850eca/element/f.46184FC8CB979803EFB42F6A75FB8695.d.AB81163FA132FF03249B7962439B9979.e.7673/enabled - {}
COMMAND: GET /session/ad66f158aa4d4ab6ef13355aa7850eca/screenshot - {}
RESULT: {}
COMMAND: POST /session/ad66f158aa4d4ab6ef13355aa7850eca/execute/sync - {"script":"<script> [8489 bytes]","args":[{"element-6066-11e4-a52e-4f735466cecf":"f.46184FC8CB979803EFB42F6A75FB8695.d.AB81163FA132FF03249B7962439B9979.e.7673","ELEMENT":"f.46184FC8CB979803EFB42F6A75FB8695.d.AB81163FA132FF03249B7962439B9979.e.7673"}]}
COMMAND: GET /session/ad66f158aa4d4ab6ef13355aa7850eca/screenshot - {}
RESULT: {}
RESULT: {"script":"<script> [8489 bytes]","args":[{"element-6066-11e4-a52e-4f735466cecf":"f.46184FC8CB979803EFB42F6A75FB8695.d.AB81163FA132FF03249B7962439B9979.e.7673","ELEMENT":"f.46184FC8CB979803EFB42F6A75FB8695.d.AB81163FA132FF03249B7962439B9979.e.7673"}]}
COMMAND: POST /session/ad66f158aa4d4ab6ef13355aa7850eca/execute/sync - {"script":"<script> [5351 bytes]","args":[{"element-6066-11e4-a52e-4f735466cecf":"f.46184FC8CB979803EFB42F6A75FB8695.d.AB81163FA132FF03249B7962439B9979.e.7673","ELEMENT":"f.46184FC8CB979803EFB42F6A75FB8695.d.AB81163FA132FF03249B7962439B9979.e.7673"}]}
COMMAND: GET /session/ad66f158aa4d4ab6ef13355aa7850eca/screenshot - {}
RESULT: {}
RESULT: {"script":"<script> [5351 bytes]","args":[{"element-6066-11e4-a52e-4f735466cecf":"f.46184FC8CB979803EFB42F6A75FB8695.d.AB81163FA132FF03249B7962439B9979.e.7673","ELEMENT":"f.46184FC8CB979803EFB42F6A75FB8695.d.AB81163FA132FF03249B7962439B9979.e.7673"}]}
COMMAND: GET /session/ad66f158aa4d4ab6ef13355aa7850eca/screenshot - {}
RESULT: {}
RESULT: {}
COMMAND: POST /session/ad66f158aa4d4ab6ef13355aa7850eca/element - {"using":"xpath","value":"//span[@id=\"application-managepartners-display-component---masterPtm--smartTable-header-inner\"]"}
RESULT: {"using":"xpath","value":"//span[@id=\"application-managepartners-display-component---masterPtm--smartTable-header-inner\"]"}
COMMAND: POST /session/ad66f158aa4d4ab6ef13355aa7850eca/elements - {"using":"xpath","value":"//span[@id=\"application-managepartners-display-component---masterPtm--smartTable-header-inner\"]"}
RESULT: {"using":"xpath","value":"//span[@id=\"application-managepartners-display-component---masterPtm--smartTable-header-inner\"]"}
COMMAND: POST /session/ad66f158aa4d4ab6ef13355aa7850eca/execute/sync - {"script":"<script> [56 bytes]","args":[{"element-6066-11e4-a52e-4f735466cecf":"f.46184FC8CB979803EFB42F6A75FB8695.d.AB81163FA132FF03249B7962439B9979.e.7800","ELEMENT":"f.46184FC8CB979803EFB42F6A75FB8695.d.AB81163FA132FF03249B7962439B9979.e.7800"}]}
RESULT: {"script":"<script> [56 bytes]","args":[{"element-6066-11e4-a52e-4f735466cecf":"f.46184FC8CB979803EFB42F6A75FB8695.d.AB81163FA132FF03249B7962439B9979.e.7800","ELEMENT":"f.46184FC8CB979803EFB42F6A75FB8695.d.AB81163FA132FF03249B7962439B9979.e.7800"}]}
RESULT: undefined
COMMAND: POST /session/ad66f158aa4d4ab6ef13355aa7850eca/element - {"using":"xpath","value":"//*[@id=\"application-managepartners-display-component---masterPtm--smartFilterBar-btnFilters\"]"}
COMMAND: GET /session/ad66f158aa4d4ab6ef13355aa7850eca/screenshot - {}
RESULT: {"using":"xpath","value":"//*[@id=\"application-managepartners-display-component---masterPtm--smartFilterBar-btnFilters\"]"}
COMMAND: POST /session/ad66f158aa4d4ab6ef13355aa7850eca/element/f.46184FC8CB979803EFB42F6A75FB8695.d.AB81163FA132FF03249B7962439B9979.e.7650/click - {}
RESULT: {}
RESULT: {}
COMMAND: GET /session/ad66f158aa4d4ab6ef13355aa7850eca/screenshot - {}
RESULT: {}
COMMAND: POST /session/ad66f158aa4d4ab6ef13355aa7850eca/elements - {"using":"xpath","value":"//table[contains(@id, \"listView-innerSelectionPanelTable-listUl\")]/tbody/tr"}
RESULT: {"using":"xpath","value":"//table[contains(@id, \"listView-innerSelectionPanelTable-listUl\")]/tbody/tr"}
COMMAND: POST /session/ad66f158aa4d4ab6ef13355aa7850eca/element - {"using":"xpath","value":"//table[contains(@id, \"listView-innerSelectionPanelTable-listUl\")]/tbody/tr[2]/td[2]/div/div"}
RESULT: {"using":"xpath","value":"//table[contains(@id, \"listView-innerSelectionPanelTable-listUl\")]/tbody/tr[2]/td[2]/div/div"}
COMMAND: POST /session/ad66f158aa4d4ab6ef13355aa7850eca/element - {"using":"xpath","value":"//table[contains(@id, \"listView-innerSelectionPanelTable-listUl\")]/tbody/tr[2]/td[2]/div"}
RESULT: {"using":"xpath","value":"//table[contains(@id, \"listView-innerSelectionPanelTable-listUl\")]/tbody/tr[2]/td[2]/div"}
COMMAND: POST /session/ad66f158aa4d4ab6ef13355aa7850eca/element - {"using":"xpath","value":"//table[contains(@id, \"listView-innerSelectionPanelTable-listUl\")]/tbody/tr[2]/td[3]/div/div/span/span[1]/bdi"}
RESULT: {"using":"xpath","value":"//table[contains(@id, \"listView-innerSelectionPanelTable-listUl\")]/tbody/tr[2]/td[3]/div/div/span/span[1]/bdi"}
COMMAND: POST /session/ad66f158aa4d4ab6ef13355aa7850eca/execute/sync - {"script":"<script> [56 bytes]","args":[{"element-6066-11e4-a52e-4f735466cecf":"f.46184FC8CB979803EFB42F6A75FB8695.d.AB81163FA132FF03249B7962439B9979.e.7868","ELEMENT":"f.46184FC8CB979803EFB42F6A75FB8695.d.AB81163FA132FF03249B7962439B9979.e.7868"}]}
RESULT: {"script":"<script> [56 bytes]","args":[{"element-6066-11e4-a52e-4f735466cecf":"f.46184FC8CB979803EFB42F6A75FB8695.d.AB81163FA132FF03249B7962439B9979.e.7868","ELEMENT":"f.46184FC8CB979803EFB42F6A75FB8695.d.AB81163FA132FF03249B7962439B9979.e.7868"}]}
COMMAND: GET /session/ad66f158aa4d4ab6ef13355aa7850eca/element/f.46184FC8CB979803EFB42F6A75FB8695.d.AB81163FA132FF03249B7962439B9979.e.7867/attribute/aria-checked - {}
COMMAND: GET /session/ad66f158aa4d4ab6ef13355aa7850eca/screenshot - {}
RESULT: {}
COMMAND: POST /session/ad66f158aa4d4ab6ef13355aa7850eca/element - {"using":"xpath","value":"//table[contains(@id, \"listView-innerSelectionPanelTable-listUl\")]/tbody/tr[3]/td[2]/div/div"}
RESULT: {}
RESULT: {"using":"xpath","value":"//table[contains(@id, \"listView-innerSelectionPanelTable-listUl\")]/tbody/tr[3]/td[2]/div/div"}
COMMAND: POST /session/ad66f158aa4d4ab6ef13355aa7850eca/element - {"using":"xpath","value":"//table[contains(@id, \"listView-innerSelectionPanelTable-listUl\")]/tbody/tr[3]/td[2]/div"}
RESULT: {"using":"xpath","value":"//table[contains(@id, \"listView-innerSelectionPanelTable-listUl\")]/tbody/tr[3]/td[2]/div"}
COMMAND: POST /session/ad66f158aa4d4ab6ef13355aa7850eca/element - {"using":"xpath","value":"//table[contains(@id, \"listView-innerSelectionPanelTable-listUl\")]/tbody/tr[3]/td[3]/div/div/span/span[1]/bdi"}
RESULT: {"using":"xpath","value":"//table[contains(@id, \"listView-innerSelectionPanelTable-listUl\")]/tbody/tr[3]/td[3]/div/div/span/span[1]/bdi"}
COMMAND: POST /session/ad66f158aa4d4ab6ef13355aa7850eca/execute/sync - {"script":"<script> [56 bytes]","args":[{"element-6066-11e4-a52e-4f735466cecf":"f.46184FC8CB979803EFB42F6A75FB8695.d.AB81163FA132FF03249B7962439B9979.e.7871","ELEMENT":"f.46184FC8CB979803EFB42F6A75FB8695.d.AB81163FA132FF03249B7962439B9979.e.7871"}]}
RESULT: {"script":"<script> [56 bytes]","args":[{"element-6066-11e4-a52e-4f735466cecf":"f.46184FC8CB979803EFB42F6A75FB8695.d.AB81163FA132FF03249B7962439B9979.e.7871","ELEMENT":"f.46184FC8CB979803EFB42F6A75FB8695.d.AB81163FA132FF03249B7962439B9979.e.7871"}]}
COMMAND: GET /session/ad66f158aa4d4ab6ef13355aa7850eca/element/f.46184FC8CB979803EFB42F6A75FB8695.d.AB81163FA132FF03249B7962439B9979.e.7870/attribute/aria-checked - {}
COMMAND: GET /session/ad66f158aa4d4ab6ef13355aa7850eca/screenshot - {}
RESULT: {}
COMMAND: POST /session/ad66f158aa4d4ab6ef13355aa7850eca/element - {"using":"xpath","value":"//table[contains(@id, \"listView-innerSelectionPanelTable-listUl\")]/tbody/tr[4]/td[2]/div/div"}
RESULT: {}
RESULT: {"using":"xpath","value":"//table[contains(@id, \"listView-innerSelectionPanelTable-listUl\")]/tbody/tr[4]/td[2]/div/div"}
COMMAND: POST /session/ad66f158aa4d4ab6ef13355aa7850eca/element - {"using":"xpath","value":"//table[contains(@id, \"listView-innerSelectionPanelTable-listUl\")]/tbody/tr[4]/td[2]/div"}
RESULT: {"using":"xpath","value":"//table[contains(@id, \"listView-innerSelectionPanelTable-listUl\")]/tbody/tr[4]/td[2]/div"}
COMMAND: POST /session/ad66f158aa4d4ab6ef13355aa7850eca/element - {"using":"xpath","value":"//table[contains(@id, \"listView-innerSelectionPanelTable-listUl\")]/tbody/tr[4]/td[3]/div/div/span/span[1]/bdi"}
RESULT: {"using":"xpath","value":"//table[contains(@id, \"listView-innerSelectionPanelTable-listUl\")]/tbody/tr[4]/td[3]/div/div/span/span[1]/bdi"}
COMMAND: POST /session/ad66f158aa4d4ab6ef13355aa7850eca/execute/sync - {"script":"<script> [56 bytes]","args":[{"element-6066-11e4-a52e-4f735466cecf":"f.46184FC8CB979803EFB42F6A75FB8695.d.AB81163FA132FF03249B7962439B9979.e.7874","ELEMENT":"f.46184FC8CB979803EFB42F6A75FB8695.d.AB81163FA132FF03249B7962439B9979.e.7874"}]}
RESULT: {"script":"<script> [56 bytes]","args":[{"element-6066-11e4-a52e-4f735466cecf":"f.46184FC8CB979803EFB42F6A75FB8695.d.AB81163FA132FF03249B7962439B9979.e.7874","ELEMENT":"f.46184FC8CB979803EFB42F6A75FB8695.d.AB81163FA132FF03249B7962439B9979.e.7874"}]}
COMMAND: GET /session/ad66f158aa4d4ab6ef13355aa7850eca/element/f.46184FC8CB979803EFB42F6A75FB8695.d.AB81163FA132FF03249B7962439B9979.e.7873/attribute/aria-checked - {}
COMMAND: GET /session/ad66f158aa4d4ab6ef13355aa7850eca/screenshot - {}
RESULT: {}
COMMAND: POST /session/ad66f158aa4d4ab6ef13355aa7850eca/element - {"using":"xpath","value":"//table[contains(@id, \"listView-innerSelectionPanelTable-listUl\")]/tbody/tr[5]/td[2]/div/div"}
RESULT: {}
RESULT: {"using":"xpath","value":"//table[contains(@id, \"listView-innerSelectionPanelTable-listUl\")]/tbody/tr[5]/td[2]/div/div"}
COMMAND: POST /session/ad66f158aa4d4ab6ef13355aa7850eca/element - {"using":"xpath","value":"//table[contains(@id, \"listView-innerSelectionPanelTable-listUl\")]/tbody/tr[5]/td[2]/div"}
RESULT: {"using":"xpath","value":"//table[contains(@id, \"listView-innerSelectionPanelTable-listUl\")]/tbody/tr[5]/td[2]/div"}
COMMAND: POST /session/ad66f158aa4d4ab6ef13355aa7850eca/element - {"using":"xpath","value":"//table[contains(@id, \"listView-innerSelectionPanelTable-listUl\")]/tbody/tr[5]/td[3]/div/div/span/span[1]/bdi"}
RESULT: {"using":"xpath","value":"//table[contains(@id, \"listView-innerSelectionPanelTable-listUl\")]/tbody/tr[5]/td[3]/div/div/span/span[1]/bdi"}
COMMAND: POST /session/ad66f158aa4d4ab6ef13355aa7850eca/execute/sync - {"script":"<script> [56 bytes]","args":[{"element-6066-11e4-a52e-4f735466cecf":"f.46184FC8CB979803EFB42F6A75FB8695.d.AB81163FA132FF03249B7962439B9979.e.7877","ELEMENT":"f.46184FC8CB979803EFB42F6A75FB8695.d.AB81163FA132FF03249B7962439B9979.e.7877"}]}
RESULT: {"script":"<script> [56 bytes]","args":[{"element-6066-11e4-a52e-4f735466cecf":"f.46184FC8CB979803EFB42F6A75FB8695.d.AB81163FA132FF03249B7962439B9979.e.7877","ELEMENT":"f.46184FC8CB979803EFB42F6A75FB8695.d.AB81163FA132FF03249B7962439B9979.e.7877"}]}
COMMAND: GET /session/ad66f158aa4d4ab6ef13355aa7850eca/element/f.46184FC8CB979803EFB42F6A75FB8695.d.AB81163FA132FF03249B7962439B9979.e.7876/attribute/aria-checked - {}
COMMAND: GET /session/ad66f158aa4d4ab6ef13355aa7850eca/screenshot - {}
RESULT: {}
COMMAND: POST /session/ad66f158aa4d4ab6ef13355aa7850eca/element - {"using":"xpath","value":"//table[contains(@id, \"listView-innerSelectionPanelTable-listUl\")]/tbody/tr[6]/td[2]/div/div"}
RESULT: {}
RESULT: {"using":"xpath","value":"//table[contains(@id, \"listView-innerSelectionPanelTable-listUl\")]/tbody/tr[6]/td[2]/div/div"}
COMMAND: POST /session/ad66f158aa4d4ab6ef13355aa7850eca/element - {"using":"xpath","value":"//table[contains(@id, \"listView-innerSelectionPanelTable-listUl\")]/tbody/tr[6]/td[2]/div"}
RESULT: {"using":"xpath","value":"//table[contains(@id, \"listView-innerSelectionPanelTable-listUl\")]/tbody/tr[6]/td[2]/div"}
COMMAND: POST /session/ad66f158aa4d4ab6ef13355aa7850eca/element - {"using":"xpath","value":"//table[contains(@id, \"listView-innerSelectionPanelTable-listUl\")]/tbody/tr[6]/td[3]/div/div/span/span[1]/bdi"}
RESULT: {"using":"xpath","value":"//table[contains(@id, \"listView-innerSelectionPanelTable-listUl\")]/tbody/tr[6]/td[3]/div/div/span/span[1]/bdi"}
COMMAND: POST /session/ad66f158aa4d4ab6ef13355aa7850eca/execute/sync - {"script":"<script> [56 bytes]","args":[{"element-6066-11e4-a52e-4f735466cecf":"f.46184FC8CB979803EFB42F6A75FB8695.d.AB81163FA132FF03249B7962439B9979.e.7880","ELEMENT":"f.46184FC8CB979803EFB42F6A75FB8695.d.AB81163FA132FF03249B7962439B9979.e.7880"}]}
RESULT: {"script":"<script> [56 bytes]","args":[{"element-6066-11e4-a52e-4f735466cecf":"f.46184FC8CB979803EFB42F6A75FB8695.d.AB81163FA132FF03249B7962439B9979.e.7880","ELEMENT":"f.46184FC8CB979803EFB42F6A75FB8695.d.AB81163FA132FF03249B7962439B9979.e.7880"}]}
COMMAND: GET /session/ad66f158aa4d4ab6ef13355aa7850eca/element/f.46184FC8CB979803EFB42F6A75FB8695.d.AB81163FA132FF03249B7962439B9979.e.7879/attribute/aria-checked - {}
COMMAND: GET /session/ad66f158aa4d4ab6ef13355aa7850eca/screenshot - {}
RESULT: {}
COMMAND: POST /session/ad66f158aa4d4ab6ef13355aa7850eca/element - {"using":"xpath","value":"//table[contains(@id, \"listView-innerSelectionPanelTable-listUl\")]/tbody/tr[7]/td[2]/div/div"}
RESULT: {}
RESULT: {"using":"xpath","value":"//table[contains(@id, \"listView-innerSelectionPanelTable-listUl\")]/tbody/tr[7]/td[2]/div/div"}
COMMAND: POST /session/ad66f158aa4d4ab6ef13355aa7850eca/element - {"using":"xpath","value":"//table[contains(@id, \"listView-innerSelectionPanelTable-listUl\")]/tbody/tr[7]/td[2]/div"}
RESULT: {"using":"xpath","value":"//table[contains(@id, \"listView-innerSelectionPanelTable-listUl\")]/tbody/tr[7]/td[2]/div"}
COMMAND: POST /session/ad66f158aa4d4ab6ef13355aa7850eca/element - {"using":"xpath","value":"//table[contains(@id, \"listView-innerSelectionPanelTable-listUl\")]/tbody/tr[7]/td[3]/div/div/span/span[1]/bdi"}
RESULT: {"using":"xpath","value":"//table[contains(@id, \"listView-innerSelectionPanelTable-listUl\")]/tbody/tr[7]/td[3]/div/div/span/span[1]/bdi"}
COMMAND: POST /session/ad66f158aa4d4ab6ef13355aa7850eca/execute/sync - {"script":"<script> [56 bytes]","args":[{"element-6066-11e4-a52e-4f735466cecf":"f.46184FC8CB979803EFB42F6A75FB8695.d.AB81163FA132FF03249B7962439B9979.e.7883","ELEMENT":"f.46184FC8CB979803EFB42F6A75FB8695.d.AB81163FA132FF03249B7962439B9979.e.7883"}]}
RESULT: {"script":"<script> [56 bytes]","args":[{"element-6066-11e4-a52e-4f735466cecf":"f.46184FC8CB979803EFB42F6A75FB8695.d.AB81163FA132FF03249B7962439B9979.e.7883","ELEMENT":"f.46184FC8CB979803EFB42F6A75FB8695.d.AB81163FA132FF03249B7962439B9979.e.7883"}]}
COMMAND: GET /session/ad66f158aa4d4ab6ef13355aa7850eca/element/f.46184FC8CB979803EFB42F6A75FB8695.d.AB81163FA132FF03249B7962439B9979.e.7882/attribute/aria-checked - {}
COMMAND: GET /session/ad66f158aa4d4ab6ef13355aa7850eca/screenshot - {}
RESULT: {}
COMMAND: POST /session/ad66f158aa4d4ab6ef13355aa7850eca/element - {"using":"xpath","value":"//table[contains(@id, \"listView-innerSelectionPanelTable-listUl\")]/tbody/tr[8]/td[2]/div/div"}
RESULT: {}
RESULT: {"using":"xpath","value":"//table[contains(@id, \"listView-innerSelectionPanelTable-listUl\")]/tbody/tr[8]/td[2]/div/div"}
COMMAND: POST /session/ad66f158aa4d4ab6ef13355aa7850eca/element - {"using":"xpath","value":"//table[contains(@id, \"listView-innerSelectionPanelTable-listUl\")]/tbody/tr[8]/td[2]/div"}
RESULT: {"using":"xpath","value":"//table[contains(@id, \"listView-innerSelectionPanelTable-listUl\")]/tbody/tr[8]/td[2]/div"}
COMMAND: POST /session/ad66f158aa4d4ab6ef13355aa7850eca/element - {"using":"xpath","value":"//table[contains(@id, \"listView-innerSelectionPanelTable-listUl\")]/tbody/tr[8]/td[3]/div/div/span/span[1]/bdi"}
RESULT: {"using":"xpath","value":"//table[contains(@id, \"listView-innerSelectionPanelTable-listUl\")]/tbody/tr[8]/td[3]/div/div/span/span[1]/bdi"}
COMMAND: POST /session/ad66f158aa4d4ab6ef13355aa7850eca/execute/sync - {"script":"<script> [56 bytes]","args":[{"element-6066-11e4-a52e-4f735466cecf":"f.46184FC8CB979803EFB42F6A75FB8695.d.AB81163FA132FF03249B7962439B9979.e.7886","ELEMENT":"f.46184FC8CB979803EFB42F6A75FB8695.d.AB81163FA132FF03249B7962439B9979.e.7886"}]}
RESULT: {"script":"<script> [56 bytes]","args":[{"element-6066-11e4-a52e-4f735466cecf":"f.46184FC8CB979803EFB42F6A75FB8695.d.AB81163FA132FF03249B7962439B9979.e.7886","ELEMENT":"f.46184FC8CB979803EFB42F6A75FB8695.d.AB81163FA132FF03249B7962439B9979.e.7886"}]}
COMMAND: GET /session/ad66f158aa4d4ab6ef13355aa7850eca/element/f.46184FC8CB979803EFB42F6A75FB8695.d.AB81163FA132FF03249B7962439B9979.e.7885/attribute/aria-checked - {}
COMMAND: GET /session/ad66f158aa4d4ab6ef13355aa7850eca/screenshot - {}
RESULT: {}
COMMAND: POST /session/ad66f158aa4d4ab6ef13355aa7850eca/element - {"using":"xpath","value":"//table[contains(@id, \"listView-innerSelectionPanelTable-listUl\")]/tbody/tr[9]/td[2]/div/div"}
RESULT: {}
RESULT: {"using":"xpath","value":"//table[contains(@id, \"listView-innerSelectionPanelTable-listUl\")]/tbody/tr[9]/td[2]/div/div"}
COMMAND: POST /session/ad66f158aa4d4ab6ef13355aa7850eca/element - {"using":"xpath","value":"//table[contains(@id, \"listView-innerSelectionPanelTable-listUl\")]/tbody/tr[9]/td[2]/div"}
RESULT: {"using":"xpath","value":"//table[contains(@id, \"listView-innerSelectionPanelTable-listUl\")]/tbody/tr[9]/td[2]/div"}
COMMAND: POST /session/ad66f158aa4d4ab6ef13355aa7850eca/element - {"using":"xpath","value":"//table[contains(@id, \"listView-innerSelectionPanelTable-listUl\")]/tbody/tr[9]/td[3]/div/div/span/span[1]/bdi"}
RESULT: {"using":"xpath","value":"//table[contains(@id, \"listView-innerSelectionPanelTable-listUl\")]/tbody/tr[9]/td[3]/div/div/span/span[1]/bdi"}
COMMAND: POST /session/ad66f158aa4d4ab6ef13355aa7850eca/execute/sync - {"script":"<script> [56 bytes]","args":[{"element-6066-11e4-a52e-4f735466cecf":"f.46184FC8CB979803EFB42F6A75FB8695.d.AB81163FA132FF03249B7962439B9979.e.7889","ELEMENT":"f.46184FC8CB979803EFB42F6A75FB8695.d.AB81163FA132FF03249B7962439B9979.e.7889"}]}
RESULT: {"script":"<script> [56 bytes]","args":[{"element-6066-11e4-a52e-4f735466cecf":"f.46184FC8CB979803EFB42F6A75FB8695.d.AB81163FA132FF03249B7962439B9979.e.7889","ELEMENT":"f.46184FC8CB979803EFB42F6A75FB8695.d.AB81163FA132FF03249B7962439B9979.e.7889"}]}
COMMAND: GET /session/ad66f158aa4d4ab6ef13355aa7850eca/element/f.46184FC8CB979803EFB42F6A75FB8695.d.AB81163FA132FF03249B7962439B9979.e.7888/attribute/aria-checked - {}
COMMAND: GET /session/ad66f158aa4d4ab6ef13355aa7850eca/screenshot - {}
RESULT: {}
COMMAND: POST /session/ad66f158aa4d4ab6ef13355aa7850eca/element - {"using":"xpath","value":"//table[contains(@id, \"listView-innerSelectionPanelTable-listUl\")]/tbody/tr[10]/td[2]/div/div"}
RESULT: {}
RESULT: {"using":"xpath","value":"//table[contains(@id, \"listView-innerSelectionPanelTable-listUl\")]/tbody/tr[10]/td[2]/div/div"}
COMMAND: POST /session/ad66f158aa4d4ab6ef13355aa7850eca/element - {"using":"xpath","value":"//table[contains(@id, \"listView-innerSelectionPanelTable-listUl\")]/tbody/tr[10]/td[2]/div"}
RESULT: {"using":"xpath","value":"//table[contains(@id, \"listView-innerSelectionPanelTable-listUl\")]/tbody/tr[10]/td[2]/div"}
COMMAND: POST /session/ad66f158aa4d4ab6ef13355aa7850eca/element - {"using":"xpath","value":"//table[contains(@id, \"listView-innerSelectionPanelTable-listUl\")]/tbody/tr[10]/td[3]/div/div/span/span[1]/bdi"}
RESULT: {"using":"xpath","value":"//table[contains(@id, \"listView-innerSelectionPanelTable-listUl\")]/tbody/tr[10]/td[3]/div/div/span/span[1]/bdi"}
COMMAND: POST /session/ad66f158aa4d4ab6ef13355aa7850eca/execute/sync - {"script":"<script> [56 bytes]","args":[{"element-6066-11e4-a52e-4f735466cecf":"f.46184FC8CB979803EFB42F6A75FB8695.d.AB81163FA132FF03249B7962439B9979.e.7892","ELEMENT":"f.46184FC8CB979803EFB42F6A75FB8695.d.AB81163FA132FF03249B7962439B9979.e.7892"}]}
RESULT: {"script":"<script> [56 bytes]","args":[{"element-6066-11e4-a52e-4f735466cecf":"f.46184FC8CB979803EFB42F6A75FB8695.d.AB81163FA132FF03249B7962439B9979.e.7892","ELEMENT":"f.46184FC8CB979803EFB42F6A75FB8695.d.AB81163FA132FF03249B7962439B9979.e.7892"}]}
COMMAND: GET /session/ad66f158aa4d4ab6ef13355aa7850eca/element/f.46184FC8CB979803EFB42F6A75FB8695.d.AB81163FA132FF03249B7962439B9979.e.7891/attribute/aria-checked - {}
COMMAND: GET /session/ad66f158aa4d4ab6ef13355aa7850eca/screenshot - {}
RESULT: {}
COMMAND: POST /session/ad66f158aa4d4ab6ef13355aa7850eca/element - {"using":"xpath","value":"//table[contains(@id, \"listView-innerSelectionPanelTable-listUl\")]/tbody/tr[11]/td[2]/div/div"}
RESULT: {}
RESULT: {"using":"xpath","value":"//table[contains(@id, \"listView-innerSelectionPanelTable-listUl\")]/tbody/tr[11]/td[2]/div/div"}
COMMAND: POST /session/ad66f158aa4d4ab6ef13355aa7850eca/element - {"using":"xpath","value":"//table[contains(@id, \"listView-innerSelectionPanelTable-listUl\")]/tbody/tr[11]/td[2]/div"}
RESULT: {"using":"xpath","value":"//table[contains(@id, \"listView-innerSelectionPanelTable-listUl\")]/tbody/tr[11]/td[2]/div"}
COMMAND: POST /session/ad66f158aa4d4ab6ef13355aa7850eca/element - {"using":"xpath","value":"//table[contains(@id, \"listView-innerSelectionPanelTable-listUl\")]/tbody/tr[11]/td[3]/div/div/span/span[1]/bdi"}
RESULT: {"using":"xpath","value":"//table[contains(@id, \"listView-innerSelectionPanelTable-listUl\")]/tbody/tr[11]/td[3]/div/div/span/span[1]/bdi"}
COMMAND: POST /session/ad66f158aa4d4ab6ef13355aa7850eca/execute/sync - {"script":"<script> [56 bytes]","args":[{"element-6066-11e4-a52e-4f735466cecf":"f.46184FC8CB979803EFB42F6A75FB8695.d.AB81163FA132FF03249B7962439B9979.e.7895","ELEMENT":"f.46184FC8CB979803EFB42F6A75FB8695.d.AB81163FA132FF03249B7962439B9979.e.7895"}]}
RESULT: {"script":"<script> [56 bytes]","args":[{"element-6066-11e4-a52e-4f735466cecf":"f.46184FC8CB979803EFB42F6A75FB8695.d.AB81163FA132FF03249B7962439B9979.e.7895","ELEMENT":"f.46184FC8CB979803EFB42F6A75FB8695.d.AB81163FA132FF03249B7962439B9979.e.7895"}]}
COMMAND: GET /session/ad66f158aa4d4ab6ef13355aa7850eca/element/f.46184FC8CB979803EFB42F6A75FB8695.d.AB81163FA132FF03249B7962439B9979.e.7894/attribute/aria-checked - {}
COMMAND: GET /session/ad66f158aa4d4ab6ef13355aa7850eca/screenshot - {}
RESULT: {}
COMMAND: POST /session/ad66f158aa4d4ab6ef13355aa7850eca/element - {"using":"xpath","value":"//table[contains(@id, \"listView-innerSelectionPanelTable-listUl\")]/tbody/tr[12]/td[2]/div/div"}
RESULT: {}
RESULT: {"using":"xpath","value":"//table[contains(@id, \"listView-innerSelectionPanelTable-listUl\")]/tbody/tr[12]/td[2]/div/div"}
COMMAND: POST /session/ad66f158aa4d4ab6ef13355aa7850eca/element - {"using":"xpath","value":"//table[contains(@id, \"listView-innerSelectionPanelTable-listUl\")]/tbody/tr[12]/td[2]/div"}
RESULT: {"using":"xpath","value":"//table[contains(@id, \"listView-innerSelectionPanelTable-listUl\")]/tbody/tr[12]/td[2]/div"}
COMMAND: POST /session/ad66f158aa4d4ab6ef13355aa7850eca/element - {"using":"xpath","value":"//table[contains(@id, \"listView-innerSelectionPanelTable-listUl\")]/tbody/tr[12]/td[3]/div/div/span/span[1]/bdi"}
RESULT: {"using":"xpath","value":"//table[contains(@id, \"listView-innerSelectionPanelTable-listUl\")]/tbody/tr[12]/td[3]/div/div/span/span[1]/bdi"}
COMMAND: POST /session/ad66f158aa4d4ab6ef13355aa7850eca/execute/sync - {"script":"<script> [56 bytes]","args":[{"element-6066-11e4-a52e-4f735466cecf":"f.46184FC8CB979803EFB42F6A75FB8695.d.AB81163FA132FF03249B7962439B9979.e.7898","ELEMENT":"f.46184FC8CB979803EFB42F6A75FB8695.d.AB81163FA132FF03249B7962439B9979.e.7898"}]}
RESULT: {"script":"<script> [56 bytes]","args":[{"element-6066-11e4-a52e-4f735466cecf":"f.46184FC8CB979803EFB42F6A75FB8695.d.AB81163FA132FF03249B7962439B9979.e.7898","ELEMENT":"f.46184FC8CB979803EFB42F6A75FB8695.d.AB81163FA132FF03249B7962439B9979.e.7898"}]}
COMMAND: GET /session/ad66f158aa4d4ab6ef13355aa7850eca/element/f.46184FC8CB979803EFB42F6A75FB8695.d.AB81163FA132FF03249B7962439B9979.e.7897/attribute/aria-checked - {}
COMMAND: GET /session/ad66f158aa4d4ab6ef13355aa7850eca/screenshot - {}
RESULT: {}
COMMAND: POST /session/ad66f158aa4d4ab6ef13355aa7850eca/element - {"using":"xpath","value":"//table[contains(@id, \"listView-innerSelectionPanelTable-listUl\")]/tbody/tr[13]/td[2]/div/div"}
RESULT: {}
RESULT: {"using":"xpath","value":"//table[contains(@id, \"listView-innerSelectionPanelTable-listUl\")]/tbody/tr[13]/td[2]/div/div"}
COMMAND: POST /session/ad66f158aa4d4ab6ef13355aa7850eca/element - {"using":"xpath","value":"//table[contains(@id, \"listView-innerSelectionPanelTable-listUl\")]/tbody/tr[13]/td[2]/div"}
RESULT: {"using":"xpath","value":"//table[contains(@id, \"listView-innerSelectionPanelTable-listUl\")]/tbody/tr[13]/td[2]/div"}
COMMAND: POST /session/ad66f158aa4d4ab6ef13355aa7850eca/element - {"using":"xpath","value":"//table[contains(@id, \"listView-innerSelectionPanelTable-listUl\")]/tbody/tr[13]/td[3]/div/div/span/span[1]/bdi"}
RESULT: {"using":"xpath","value":"//table[contains(@id, \"listView-innerSelectionPanelTable-listUl\")]/tbody/tr[13]/td[3]/div/div/span/span[1]/bdi"}
COMMAND: POST /session/ad66f158aa4d4ab6ef13355aa7850eca/execute/sync - {"script":"<script> [56 bytes]","args":[{"element-6066-11e4-a52e-4f735466cecf":"f.46184FC8CB979803EFB42F6A75FB8695.d.AB81163FA132FF03249B7962439B9979.e.7901","ELEMENT":"f.46184FC8CB979803EFB42F6A75FB8695.d.AB81163FA132FF03249B7962439B9979.e.7901"}]}
RESULT: {"script":"<script> [56 bytes]","args":[{"element-6066-11e4-a52e-4f735466cecf":"f.46184FC8CB979803EFB42F6A75FB8695.d.AB81163FA132FF03249B7962439B9979.e.7901","ELEMENT":"f.46184FC8CB979803EFB42F6A75FB8695.d.AB81163FA132FF03249B7962439B9979.e.7901"}]}
COMMAND: GET /session/ad66f158aa4d4ab6ef13355aa7850eca/element/f.46184FC8CB979803EFB42F6A75FB8695.d.AB81163FA132FF03249B7962439B9979.e.7900/attribute/aria-checked - {}
COMMAND: GET /session/ad66f158aa4d4ab6ef13355aa7850eca/screenshot - {}
RESULT: {}
COMMAND: POST /session/ad66f158aa4d4ab6ef13355aa7850eca/element - {"using":"xpath","value":"//table[contains(@id, \"listView-innerSelectionPanelTable-listUl\")]/tbody/tr[14]/td[2]/div/div"}
RESULT: {}
RESULT: {"using":"xpath","value":"//table[contains(@id, \"listView-innerSelectionPanelTable-listUl\")]/tbody/tr[14]/td[2]/div/div"}
COMMAND: POST /session/ad66f158aa4d4ab6ef13355aa7850eca/element - {"using":"xpath","value":"//table[contains(@id, \"listView-innerSelectionPanelTable-listUl\")]/tbody/tr[14]/td[2]/div"}
RESULT: {"using":"xpath","value":"//table[contains(@id, \"listView-innerSelectionPanelTable-listUl\")]/tbody/tr[14]/td[2]/div"}
COMMAND: POST /session/ad66f158aa4d4ab6ef13355aa7850eca/element - {"using":"xpath","value":"//table[contains(@id, \"listView-innerSelectionPanelTable-listUl\")]/tbody/tr[14]/td[3]/div/div/span/span[1]/bdi"}
RESULT: {"using":"xpath","value":"//table[contains(@id, \"listView-innerSelectionPanelTable-listUl\")]/tbody/tr[14]/td[3]/div/div/span/span[1]/bdi"}
COMMAND: POST /session/ad66f158aa4d4ab6ef13355aa7850eca/execute/sync - {"script":"<script> [56 bytes]","args":[{"element-6066-11e4-a52e-4f735466cecf":"f.46184FC8CB979803EFB42F6A75FB8695.d.AB81163FA132FF03249B7962439B9979.e.7904","ELEMENT":"f.46184FC8CB979803EFB42F6A75FB8695.d.AB81163FA132FF03249B7962439B9979.e.7904"}]}
RESULT: {"script":"<script> [56 bytes]","args":[{"element-6066-11e4-a52e-4f735466cecf":"f.46184FC8CB979803EFB42F6A75FB8695.d.AB81163FA132FF03249B7962439B9979.e.7904","ELEMENT":"f.46184FC8CB979803EFB42F6A75FB8695.d.AB81163FA132FF03249B7962439B9979.e.7904"}]}
COMMAND: GET /session/ad66f158aa4d4ab6ef13355aa7850eca/element/f.46184FC8CB979803EFB42F6A75FB8695.d.AB81163FA132FF03249B7962439B9979.e.7903/attribute/aria-checked - {}
COMMAND: GET /session/ad66f158aa4d4ab6ef13355aa7850eca/screenshot - {}
RESULT: {}
COMMAND: POST /session/ad66f158aa4d4ab6ef13355aa7850eca/element - {"using":"xpath","value":"//table[contains(@id, \"listView-innerSelectionPanelTable-listUl\")]/tbody/tr[15]/td[2]/div/div"}
RESULT: {}
RESULT: {"using":"xpath","value":"//table[contains(@id, \"listView-innerSelectionPanelTable-listUl\")]/tbody/tr[15]/td[2]/div/div"}
COMMAND: POST /session/ad66f158aa4d4ab6ef13355aa7850eca/element - {"using":"xpath","value":"//table[contains(@id, \"listView-innerSelectionPanelTable-listUl\")]/tbody/tr[15]/td[2]/div"}
RESULT: {"using":"xpath","value":"//table[contains(@id, \"listView-innerSelectionPanelTable-listUl\")]/tbody/tr[15]/td[2]/div"}
COMMAND: POST /session/ad66f158aa4d4ab6ef13355aa7850eca/element - {"using":"xpath","value":"//table[contains(@id, \"listView-innerSelectionPanelTable-listUl\")]/tbody/tr[15]/td[3]/div/div/span/span[1]/bdi"}
RESULT: {"using":"xpath","value":"//table[contains(@id, \"listView-innerSelectionPanelTable-listUl\")]/tbody/tr[15]/td[3]/div/div/span/span[1]/bdi"}
COMMAND: POST /session/ad66f158aa4d4ab6ef13355aa7850eca/execute/sync - {"script":"<script> [56 bytes]","args":[{"element-6066-11e4-a52e-4f735466cecf":"f.46184FC8CB979803EFB42F6A75FB8695.d.AB81163FA132FF03249B7962439B9979.e.7907","ELEMENT":"f.46184FC8CB979803EFB42F6A75FB8695.d.AB81163FA132FF03249B7962439B9979.e.7907"}]}
RESULT: {"script":"<script> [56 bytes]","args":[{"element-6066-11e4-a52e-4f735466cecf":"f.46184FC8CB979803EFB42F6A75FB8695.d.AB81163FA132FF03249B7962439B9979.e.7907","ELEMENT":"f.46184FC8CB979803EFB42F6A75FB8695.d.AB81163FA132FF03249B7962439B9979.e.7907"}]}
COMMAND: GET /session/ad66f158aa4d4ab6ef13355aa7850eca/element/f.46184FC8CB979803EFB42F6A75FB8695.d.AB81163FA132FF03249B7962439B9979.e.7906/attribute/aria-checked - {}
COMMAND: GET /session/ad66f158aa4d4ab6ef13355aa7850eca/screenshot - {}
RESULT: {}
COMMAND: POST /session/ad66f158aa4d4ab6ef13355aa7850eca/element - {"using":"xpath","value":"//table[contains(@id, \"listView-innerSelectionPanelTable-listUl\")]/tbody/tr[16]/td[2]/div/div"}
RESULT: {}
RESULT: {"using":"xpath","value":"//table[contains(@id, \"listView-innerSelectionPanelTable-listUl\")]/tbody/tr[16]/td[2]/div/div"}
COMMAND: POST /session/ad66f158aa4d4ab6ef13355aa7850eca/element - {"using":"xpath","value":"//table[contains(@id, \"listView-innerSelectionPanelTable-listUl\")]/tbody/tr[16]/td[2]/div"}
RESULT: {"using":"xpath","value":"//table[contains(@id, \"listView-innerSelectionPanelTable-listUl\")]/tbody/tr[16]/td[2]/div"}
COMMAND: POST /session/ad66f158aa4d4ab6ef13355aa7850eca/element - {"using":"xpath","value":"//table[contains(@id, \"listView-innerSelectionPanelTable-listUl\")]/tbody/tr[16]/td[3]/div/div/span/span[1]/bdi"}
RESULT: {"using":"xpath","value":"//table[contains(@id, \"listView-innerSelectionPanelTable-listUl\")]/tbody/tr[16]/td[3]/div/div/span/span[1]/bdi"}
COMMAND: POST /session/ad66f158aa4d4ab6ef13355aa7850eca/execute/sync - {"script":"<script> [56 bytes]","args":[{"element-6066-11e4-a52e-4f735466cecf":"f.46184FC8CB979803EFB42F6A75FB8695.d.AB81163FA132FF03249B7962439B9979.e.7910","ELEMENT":"f.46184FC8CB979803EFB42F6A75FB8695.d.AB81163FA132FF03249B7962439B9979.e.7910"}]}
RESULT: {"script":"<script> [56 bytes]","args":[{"element-6066-11e4-a52e-4f735466cecf":"f.46184FC8CB979803EFB42F6A75FB8695.d.AB81163FA132FF03249B7962439B9979.e.7910","ELEMENT":"f.46184FC8CB979803EFB42F6A75FB8695.d.AB81163FA132FF03249B7962439B9979.e.7910"}]}
COMMAND: GET /session/ad66f158aa4d4ab6ef13355aa7850eca/element/f.46184FC8CB979803EFB42F6A75FB8695.d.AB81163FA132FF03249B7962439B9979.e.7909/attribute/aria-checked - {}
COMMAND: GET /session/ad66f158aa4d4ab6ef13355aa7850eca/screenshot - {}
RESULT: {}
COMMAND: POST /session/ad66f158aa4d4ab6ef13355aa7850eca/element - {"using":"xpath","value":"//table[contains(@id, \"listView-innerSelectionPanelTable-listUl\")]/tbody/tr[17]/td[2]/div/div"}
RESULT: {}
RESULT: {"using":"xpath","value":"//table[contains(@id, \"listView-innerSelectionPanelTable-listUl\")]/tbody/tr[17]/td[2]/div/div"}
COMMAND: POST /session/ad66f158aa4d4ab6ef13355aa7850eca/element - {"using":"xpath","value":"//table[contains(@id, \"listView-innerSelectionPanelTable-listUl\")]/tbody/tr[17]/td[2]/div"}
RESULT: {"using":"xpath","value":"//table[contains(@id, \"listView-innerSelectionPanelTable-listUl\")]/tbody/tr[17]/td[2]/div"}
COMMAND: POST /session/ad66f158aa4d4ab6ef13355aa7850eca/element - {"using":"xpath","value":"//table[contains(@id, \"listView-innerSelectionPanelTable-listUl\")]/tbody/tr[17]/td[3]/div/div/span/span[1]/bdi"}
RESULT: {"using":"xpath","value":"//table[contains(@id, \"listView-innerSelectionPanelTable-listUl\")]/tbody/tr[17]/td[3]/div/div/span/span[1]/bdi"}
COMMAND: POST /session/ad66f158aa4d4ab6ef13355aa7850eca/execute/sync - {"script":"<script> [56 bytes]","args":[{"element-6066-11e4-a52e-4f735466cecf":"f.46184FC8CB979803EFB42F6A75FB8695.d.AB81163FA132FF03249B7962439B9979.e.7913","ELEMENT":"f.46184FC8CB979803EFB42F6A75FB8695.d.AB81163FA132FF03249B7962439B9979.e.7913"}]}
RESULT: {"script":"<script> [56 bytes]","args":[{"element-6066-11e4-a52e-4f735466cecf":"f.46184FC8CB979803EFB42F6A75FB8695.d.AB81163FA132FF03249B7962439B9979.e.7913","ELEMENT":"f.46184FC8CB979803EFB42F6A75FB8695.d.AB81163FA132FF03249B7962439B9979.e.7913"}]}
COMMAND: GET /session/ad66f158aa4d4ab6ef13355aa7850eca/element/f.46184FC8CB979803EFB42F6A75FB8695.d.AB81163FA132FF03249B7962439B9979.e.7912/attribute/aria-checked - {}
COMMAND: GET /session/ad66f158aa4d4ab6ef13355aa7850eca/screenshot - {}
RESULT: {}
COMMAND: POST /session/ad66f158aa4d4ab6ef13355aa7850eca/element - {"using":"xpath","value":"//table[contains(@id, \"listView-innerSelectionPanelTable-listUl\")]/tbody/tr[18]/td[2]/div/div"}
RESULT: {}
RESULT: {"using":"xpath","value":"//table[contains(@id, \"listView-innerSelectionPanelTable-listUl\")]/tbody/tr[18]/td[2]/div/div"}
COMMAND: POST /session/ad66f158aa4d4ab6ef13355aa7850eca/element - {"using":"xpath","value":"//table[contains(@id, \"listView-innerSelectionPanelTable-listUl\")]/tbody/tr[18]/td[2]/div"}
RESULT: {"using":"xpath","value":"//table[contains(@id, \"listView-innerSelectionPanelTable-listUl\")]/tbody/tr[18]/td[2]/div"}
COMMAND: POST /session/ad66f158aa4d4ab6ef13355aa7850eca/element - {"using":"xpath","value":"//table[contains(@id, \"listView-innerSelectionPanelTable-listUl\")]/tbody/tr[18]/td[3]/div/div/span/span[1]/bdi"}
RESULT: {"using":"xpath","value":"//table[contains(@id, \"listView-innerSelectionPanelTable-listUl\")]/tbody/tr[18]/td[3]/div/div/span/span[1]/bdi"}
COMMAND: POST /session/ad66f158aa4d4ab6ef13355aa7850eca/execute/sync - {"script":"<script> [56 bytes]","args":[{"element-6066-11e4-a52e-4f735466cecf":"f.46184FC8CB979803EFB42F6A75FB8695.d.AB81163FA132FF03249B7962439B9979.e.7916","ELEMENT":"f.46184FC8CB979803EFB42F6A75FB8695.d.AB81163FA132FF03249B7962439B9979.e.7916"}]}
RESULT: {"script":"<script> [56 bytes]","args":[{"element-6066-11e4-a52e-4f735466cecf":"f.46184FC8CB979803EFB42F6A75FB8695.d.AB81163FA132FF03249B7962439B9979.e.7916","ELEMENT":"f.46184FC8CB979803EFB42F6A75FB8695.d.AB81163FA132FF03249B7962439B9979.e.7916"}]}
COMMAND: GET /session/ad66f158aa4d4ab6ef13355aa7850eca/element/f.46184FC8CB979803EFB42F6A75FB8695.d.AB81163FA132FF03249B7962439B9979.e.7915/attribute/aria-checked - {}
COMMAND: GET /session/ad66f158aa4d4ab6ef13355aa7850eca/screenshot - {}
RESULT: {}
COMMAND: POST /session/ad66f158aa4d4ab6ef13355aa7850eca/element - {"using":"xpath","value":"//table[contains(@id, \"listView-innerSelectionPanelTable-listUl\")]/tbody/tr[19]/td[2]/div/div"}
RESULT: {}
RESULT: {"using":"xpath","value":"//table[contains(@id, \"listView-innerSelectionPanelTable-listUl\")]/tbody/tr[19]/td[2]/div/div"}
COMMAND: POST /session/ad66f158aa4d4ab6ef13355aa7850eca/element - {"using":"xpath","value":"//table[contains(@id, \"listView-innerSelectionPanelTable-listUl\")]/tbody/tr[19]/td[2]/div"}
RESULT: {"using":"xpath","value":"//table[contains(@id, \"listView-innerSelectionPanelTable-listUl\")]/tbody/tr[19]/td[2]/div"}
COMMAND: POST /session/ad66f158aa4d4ab6ef13355aa7850eca/element - {"using":"xpath","value":"//table[contains(@id, \"listView-innerSelectionPanelTable-listUl\")]/tbody/tr[19]/td[3]/div/div/span/span[1]/bdi"}
RESULT: {"using":"xpath","value":"//table[contains(@id, \"listView-innerSelectionPanelTable-listUl\")]/tbody/tr[19]/td[3]/div/div/span/span[1]/bdi"}
COMMAND: POST /session/ad66f158aa4d4ab6ef13355aa7850eca/execute/sync - {"script":"<script> [56 bytes]","args":[{"element-6066-11e4-a52e-4f735466cecf":"f.46184FC8CB979803EFB42F6A75FB8695.d.AB81163FA132FF03249B7962439B9979.e.7919","ELEMENT":"f.46184FC8CB979803EFB42F6A75FB8695.d.AB81163FA132FF03249B7962439B9979.e.7919"}]}
RESULT: {"script":"<script> [56 bytes]","args":[{"element-6066-11e4-a52e-4f735466cecf":"f.46184FC8CB979803EFB42F6A75FB8695.d.AB81163FA132FF03249B7962439B9979.e.7919","ELEMENT":"f.46184FC8CB979803EFB42F6A75FB8695.d.AB81163FA132FF03249B7962439B9979.e.7919"}]}
COMMAND: GET /session/ad66f158aa4d4ab6ef13355aa7850eca/element/f.46184FC8CB979803EFB42F6A75FB8695.d.AB81163FA132FF03249B7962439B9979.e.7918/attribute/aria-checked - {}
COMMAND: GET /session/ad66f158aa4d4ab6ef13355aa7850eca/screenshot - {}
RESULT: {}
COMMAND: POST /session/ad66f158aa4d4ab6ef13355aa7850eca/element - {"using":"xpath","value":"//table[contains(@id, \"listView-innerSelectionPanelTable-listUl\")]/tbody/tr[20]/td[2]/div/div"}
RESULT: {}
RESULT: {"using":"xpath","value":"//table[contains(@id, \"listView-innerSelectionPanelTable-listUl\")]/tbody/tr[20]/td[2]/div/div"}
COMMAND: POST /session/ad66f158aa4d4ab6ef13355aa7850eca/element - {"using":"xpath","value":"//table[contains(@id, \"listView-innerSelectionPanelTable-listUl\")]/tbody/tr[20]/td[2]/div"}
RESULT: {"using":"xpath","value":"//table[contains(@id, \"listView-innerSelectionPanelTable-listUl\")]/tbody/tr[20]/td[2]/div"}
COMMAND: POST /session/ad66f158aa4d4ab6ef13355aa7850eca/element - {"using":"xpath","value":"//table[contains(@id, \"listView-innerSelectionPanelTable-listUl\")]/tbody/tr[20]/td[3]/div/div/span/span[1]/bdi"}
RESULT: {"using":"xpath","value":"//table[contains(@id, \"listView-innerSelectionPanelTable-listUl\")]/tbody/tr[20]/td[3]/div/div/span/span[1]/bdi"}
COMMAND: POST /session/ad66f158aa4d4ab6ef13355aa7850eca/execute/sync - {"script":"<script> [56 bytes]","args":[{"element-6066-11e4-a52e-4f735466cecf":"f.46184FC8CB979803EFB42F6A75FB8695.d.AB81163FA132FF03249B7962439B9979.e.7922","ELEMENT":"f.46184FC8CB979803EFB42F6A75FB8695.d.AB81163FA132FF03249B7962439B9979.e.7922"}]}
RESULT: {"script":"<script> [56 bytes]","args":[{"element-6066-11e4-a52e-4f735466cecf":"f.46184FC8CB979803EFB42F6A75FB8695.d.AB81163FA132FF03249B7962439B9979.e.7922","ELEMENT":"f.46184FC8CB979803EFB42F6A75FB8695.d.AB81163FA132FF03249B7962439B9979.e.7922"}]}
COMMAND: GET /session/ad66f158aa4d4ab6ef13355aa7850eca/element/f.46184FC8CB979803EFB42F6A75FB8695.d.AB81163FA132FF03249B7962439B9979.e.7921/attribute/aria-checked - {}
COMMAND: GET /session/ad66f158aa4d4ab6ef13355aa7850eca/screenshot - {}
RESULT: {}
COMMAND: POST /session/ad66f158aa4d4ab6ef13355aa7850eca/element - {"using":"xpath","value":"//table[contains(@id, \"listView-innerSelectionPanelTable-listUl\")]/tbody/tr[21]/td[2]/div/div"}
COMMAND: POST /session/ad66f158aa4d4ab6ef13355aa7850eca/element/f.46184FC8CB979803EFB42F6A75FB8695.d.AB81163FA132FF03249B7962439B9979.e.7920/click - {}
RESULT: {}
RESULT: {"using":"xpath","value":"//table[contains(@id, \"listView-innerSelectionPanelTable-listUl\")]/tbody/tr[21]/td[2]/div/div"}
COMMAND: POST /session/ad66f158aa4d4ab6ef13355aa7850eca/element - {"using":"xpath","value":"//table[contains(@id, \"listView-innerSelectionPanelTable-listUl\")]/tbody/tr[21]/td[2]/div"}
RESULT: {}
COMMAND: GET /session/ad66f158aa4d4ab6ef13355aa7850eca/screenshot - {}
RESULT: {"using":"xpath","value":"//table[contains(@id, \"listView-innerSelectionPanelTable-listUl\")]/tbody/tr[21]/td[2]/div"}
COMMAND: POST /session/ad66f158aa4d4ab6ef13355aa7850eca/element - {"using":"xpath","value":"//table[contains(@id, \"listView-innerSelectionPanelTable-listUl\")]/tbody/tr[21]/td[3]/div/div/span/span[1]/bdi"}
RESULT: {}
RESULT: {"using":"xpath","value":"//table[contains(@id, \"listView-innerSelectionPanelTable-listUl\")]/tbody/tr[21]/td[3]/div/div/span/span[1]/bdi"}
COMMAND: POST /session/ad66f158aa4d4ab6ef13355aa7850eca/execute/sync - {"script":"<script> [56 bytes]","args":[{"element-6066-11e4-a52e-4f735466cecf":"f.46184FC8CB979803EFB42F6A75FB8695.d.AB81163FA132FF03249B7962439B9979.e.7928","ELEMENT":"f.46184FC8CB979803EFB42F6A75FB8695.d.AB81163FA132FF03249B7962439B9979.e.7928"}]}
RESULT: {"script":"<script> [56 bytes]","args":[{"element-6066-11e4-a52e-4f735466cecf":"f.46184FC8CB979803EFB42F6A75FB8695.d.AB81163FA132FF03249B7962439B9979.e.7928","ELEMENT":"f.46184FC8CB979803EFB42F6A75FB8695.d.AB81163FA132FF03249B7962439B9979.e.7928"}]}
COMMAND: GET /session/ad66f158aa4d4ab6ef13355aa7850eca/element/f.46184FC8CB979803EFB42F6A75FB8695.d.AB81163FA132FF03249B7962439B9979.e.7927/attribute/aria-checked - {}
COMMAND: GET /session/ad66f158aa4d4ab6ef13355aa7850eca/screenshot - {}
RESULT: {}
COMMAND: POST /session/ad66f158aa4d4ab6ef13355aa7850eca/element - {"using":"xpath","value":"//table[contains(@id, \"listView-innerSelectionPanelTable-listUl\")]/tbody/tr[22]/td[2]/div/div"}
COMMAND: POST /session/ad66f158aa4d4ab6ef13355aa7850eca/element/f.46184FC8CB979803EFB42F6A75FB8695.d.AB81163FA132FF03249B7962439B9979.e.7923/click - {}
RESULT: {}
RESULT: {}
COMMAND: GET /session/ad66f158aa4d4ab6ef13355aa7850eca/screenshot - {}
RESULT: {"using":"xpath","value":"//table[contains(@id, \"listView-innerSelectionPanelTable-listUl\")]/tbody/tr[22]/td[2]/div/div"}
COMMAND: POST /session/ad66f158aa4d4ab6ef13355aa7850eca/element - {"using":"xpath","value":"//table[contains(@id, \"listView-innerSelectionPanelTable-listUl\")]/tbody/tr[22]/td[2]/div"}
RESULT: {}
RESULT: {"using":"xpath","value":"//table[contains(@id, \"listView-innerSelectionPanelTable-listUl\")]/tbody/tr[22]/td[2]/div"}
COMMAND: POST /session/ad66f158aa4d4ab6ef13355aa7850eca/element - {"using":"xpath","value":"//table[contains(@id, \"listView-innerSelectionPanelTable-listUl\")]/tbody/tr[22]/td[3]/div/div/span/span[1]/bdi"}
RESULT: {"using":"xpath","value":"//table[contains(@id, \"listView-innerSelectionPanelTable-listUl\")]/tbody/tr[22]/td[3]/div/div/span/span[1]/bdi"}
COMMAND: POST /session/ad66f158aa4d4ab6ef13355aa7850eca/execute/sync - {"script":"<script> [56 bytes]","args":[{"element-6066-11e4-a52e-4f735466cecf":"f.46184FC8CB979803EFB42F6A75FB8695.d.AB81163FA132FF03249B7962439B9979.e.7932","ELEMENT":"f.46184FC8CB979803EFB42F6A75FB8695.d.AB81163FA132FF03249B7962439B9979.e.7932"}]}
RESULT: {"script":"<script> [56 bytes]","args":[{"element-6066-11e4-a52e-4f735466cecf":"f.46184FC8CB979803EFB42F6A75FB8695.d.AB81163FA132FF03249B7962439B9979.e.7932","ELEMENT":"f.46184FC8CB979803EFB42F6A75FB8695.d.AB81163FA132FF03249B7962439B9979.e.7932"}]}
COMMAND: GET /session/ad66f158aa4d4ab6ef13355aa7850eca/element/f.46184FC8CB979803EFB42F6A75FB8695.d.AB81163FA132FF03249B7962439B9979.e.7931/attribute/aria-checked - {}
COMMAND: GET /session/ad66f158aa4d4ab6ef13355aa7850eca/screenshot - {}
RESULT: {}
COMMAND: POST /session/ad66f158aa4d4ab6ef13355aa7850eca/element - {"using":"xpath","value":"//table[contains(@id, \"listView-innerSelectionPanelTable-listUl\")]/tbody/tr[23]/td[2]/div/div"}
RESULT: {}
RESULT: {"using":"xpath","value":"//table[contains(@id, \"listView-innerSelectionPanelTable-listUl\")]/tbody/tr[23]/td[2]/div/div"}
COMMAND: POST /session/ad66f158aa4d4ab6ef13355aa7850eca/element - {"using":"xpath","value":"//table[contains(@id, \"listView-innerSelectionPanelTable-listUl\")]/tbody/tr[23]/td[2]/div"}
RESULT: {"using":"xpath","value":"//table[contains(@id, \"listView-innerSelectionPanelTable-listUl\")]/tbody/tr[23]/td[2]/div"}
COMMAND: POST /session/ad66f158aa4d4ab6ef13355aa7850eca/element - {"using":"xpath","value":"//table[contains(@id, \"listView-innerSelectionPanelTable-listUl\")]/tbody/tr[23]/td[3]/div/div/span/span[1]/bdi"}
RESULT: {"using":"xpath","value":"//table[contains(@id, \"listView-innerSelectionPanelTable-listUl\")]/tbody/tr[23]/td[3]/div/div/span/span[1]/bdi"}
COMMAND: POST /session/ad66f158aa4d4ab6ef13355aa7850eca/execute/sync - {"script":"<script> [56 bytes]","args":[{"element-6066-11e4-a52e-4f735466cecf":"f.46184FC8CB979803EFB42F6A75FB8695.d.AB81163FA132FF03249B7962439B9979.e.7935","ELEMENT":"f.46184FC8CB979803EFB42F6A75FB8695.d.AB81163FA132FF03249B7962439B9979.e.7935"}]}
RESULT: {"script":"<script> [56 bytes]","args":[{"element-6066-11e4-a52e-4f735466cecf":"f.46184FC8CB979803EFB42F6A75FB8695.d.AB81163FA132FF03249B7962439B9979.e.7935","ELEMENT":"f.46184FC8CB979803EFB42F6A75FB8695.d.AB81163FA132FF03249B7962439B9979.e.7935"}]}
COMMAND: GET /session/ad66f158aa4d4ab6ef13355aa7850eca/element/f.46184FC8CB979803EFB42F6A75FB8695.d.AB81163FA132FF03249B7962439B9979.e.7934/attribute/aria-checked - {}
COMMAND: GET /session/ad66f158aa4d4ab6ef13355aa7850eca/screenshot - {}
RESULT: {}
COMMAND: POST /session/ad66f158aa4d4ab6ef13355aa7850eca/element - {"using":"xpath","value":"//table[contains(@id, \"listView-innerSelectionPanelTable-listUl\")]/tbody/tr[24]/td[2]/div/div"}
RESULT: {}
RESULT: {"using":"xpath","value":"//table[contains(@id, \"listView-innerSelectionPanelTable-listUl\")]/tbody/tr[24]/td[2]/div/div"}
COMMAND: POST /session/ad66f158aa4d4ab6ef13355aa7850eca/element - {"using":"xpath","value":"//table[contains(@id, \"listView-innerSelectionPanelTable-listUl\")]/tbody/tr[24]/td[2]/div"}
RESULT: {"using":"xpath","value":"//table[contains(@id, \"listView-innerSelectionPanelTable-listUl\")]/tbody/tr[24]/td[2]/div"}
COMMAND: POST /session/ad66f158aa4d4ab6ef13355aa7850eca/element - {"using":"xpath","value":"//table[contains(@id, \"listView-innerSelectionPanelTable-listUl\")]/tbody/tr[24]/td[3]/div/div/span/span[1]/bdi"}
RESULT: {"using":"xpath","value":"//table[contains(@id, \"listView-innerSelectionPanelTable-listUl\")]/tbody/tr[24]/td[3]/div/div/span/span[1]/bdi"}
COMMAND: POST /session/ad66f158aa4d4ab6ef13355aa7850eca/execute/sync - {"script":"<script> [56 bytes]","args":[{"element-6066-11e4-a52e-4f735466cecf":"f.46184FC8CB979803EFB42F6A75FB8695.d.AB81163FA132FF03249B7962439B9979.e.7938","ELEMENT":"f.46184FC8CB979803EFB42F6A75FB8695.d.AB81163FA132FF03249B7962439B9979.e.7938"}]}
RESULT: {"script":"<script> [56 bytes]","args":[{"element-6066-11e4-a52e-4f735466cecf":"f.46184FC8CB979803EFB42F6A75FB8695.d.AB81163FA132FF03249B7962439B9979.e.7938","ELEMENT":"f.46184FC8CB979803EFB42F6A75FB8695.d.AB81163FA132FF03249B7962439B9979.e.7938"}]}
COMMAND: GET /session/ad66f158aa4d4ab6ef13355aa7850eca/element/f.46184FC8CB979803EFB42F6A75FB8695.d.AB81163FA132FF03249B7962439B9979.e.7937/attribute/aria-checked - {}
COMMAND: GET /session/ad66f158aa4d4ab6ef13355aa7850eca/screenshot - {}
RESULT: {}
COMMAND: POST /session/ad66f158aa4d4ab6ef13355aa7850eca/element - {"using":"xpath","value":"//table[contains(@id, \"listView-innerSelectionPanelTable-listUl\")]/tbody/tr[25]/td[2]/div/div"}
RESULT: {}
RESULT: {"using":"xpath","value":"//table[contains(@id, \"listView-innerSelectionPanelTable-listUl\")]/tbody/tr[25]/td[2]/div/div"}
COMMAND: POST /session/ad66f158aa4d4ab6ef13355aa7850eca/element - {"using":"xpath","value":"//table[contains(@id, \"listView-innerSelectionPanelTable-listUl\")]/tbody/tr[25]/td[2]/div"}
RESULT: {"using":"xpath","value":"//table[contains(@id, \"listView-innerSelectionPanelTable-listUl\")]/tbody/tr[25]/td[2]/div"}
COMMAND: POST /session/ad66f158aa4d4ab6ef13355aa7850eca/element - {"using":"xpath","value":"//table[contains(@id, \"listView-innerSelectionPanelTable-listUl\")]/tbody/tr[25]/td[3]/div/div/span/span[1]/bdi"}
RESULT: {"using":"xpath","value":"//table[contains(@id, \"listView-innerSelectionPanelTable-listUl\")]/tbody/tr[25]/td[3]/div/div/span/span[1]/bdi"}
COMMAND: POST /session/ad66f158aa4d4ab6ef13355aa7850eca/execute/sync - {"script":"<script> [56 bytes]","args":[{"element-6066-11e4-a52e-4f735466cecf":"f.46184FC8CB979803EFB42F6A75FB8695.d.AB81163FA132FF03249B7962439B9979.e.7941","ELEMENT":"f.46184FC8CB979803EFB42F6A75FB8695.d.AB81163FA132FF03249B7962439B9979.e.7941"}]}
RESULT: {"script":"<script> [56 bytes]","args":[{"element-6066-11e4-a52e-4f735466cecf":"f.46184FC8CB979803EFB42F6A75FB8695.d.AB81163FA132FF03249B7962439B9979.e.7941","ELEMENT":"f.46184FC8CB979803EFB42F6A75FB8695.d.AB81163FA132FF03249B7962439B9979.e.7941"}]}
COMMAND: GET /session/ad66f158aa4d4ab6ef13355aa7850eca/element/f.46184FC8CB979803EFB42F6A75FB8695.d.AB81163FA132FF03249B7962439B9979.e.7940/attribute/aria-checked - {}
COMMAND: GET /session/ad66f158aa4d4ab6ef13355aa7850eca/screenshot - {}
RESULT: {}
COMMAND: POST /session/ad66f158aa4d4ab6ef13355aa7850eca/element - {"using":"xpath","value":"//bdi[contains(text(), \"OK\")]"}
RESULT: {}
RESULT: {"using":"xpath","value":"//bdi[contains(text(), \"OK\")]"}
COMMAND: POST /session/ad66f158aa4d4ab6ef13355aa7850eca/element/f.46184FC8CB979803EFB42F6A75FB8695.d.AB81163FA132FF03249B7962439B9979.e.7942/click - {}
RESULT: {}
COMMAND: GET /session/ad66f158aa4d4ab6ef13355aa7850eca/screenshot - {}
RESULT: {}
COMMAND: POST /session/ad66f158aa4d4ab6ef13355aa7850eca/execute/async - {"script":"<script> [1562 bytes]","args":[{"selector":{"id":"application-managepartners-display-component---masterPtm--smartFilterBar-filterItemControlA_-LINK_TO_ADDRESSES_MAIN.ID-vhi"},"wdio_ui5_key":"applicationmanagepartners-display-component---masterPtm--smartFilterBar-filterItemControlA_-LINK_TO_ADDRESSES_MAIN.ID-vhi"}]}
RESULT: {"script":"<script> [1562 bytes]","args":[{"selector":{"id":"application-managepartners-display-component---masterPtm--smartFilterBar-filterItemControlA_-LINK_TO_ADDRESSES_MAIN.ID-vhi"},"wdio_ui5_key":"applicationmanagepartners-display-component---masterPtm--smartFilterBar-filterItemControlA_-LINK_TO_ADDRESSES_MAIN.ID-vhi"}]}
RESULT: undefined
COMMAND: POST /session/ad66f158aa4d4ab6ef13355aa7850eca/element - {"using":"xpath","value":"//*[@id=\"application-managepartners-display-component---masterPtm--smartFilterBar-filterItemControlA_-LINK_TO_ADDRESSES_MAIN.ID-vhi\"]"}
RESULT: {"using":"xpath","value":"//*[@id=\"application-managepartners-display-component---masterPtm--smartFilterBar-filterItemControlA_-LINK_TO_ADDRESSES_MAIN.ID-vhi\"]"}
COMMAND: POST /session/ad66f158aa4d4ab6ef13355aa7850eca/element/f.46184FC8CB979803EFB42F6A75FB8695.d.AB81163FA132FF03249B7962439B9979.e.7955/click - {}
RESULT: {}
COMMAND: GET /session/ad66f158aa4d4ab6ef13355aa7850eca/screenshot - {}
RESULT: {}
COMMAND: POST /session/ad66f158aa4d4ab6ef13355aa7850eca/element - {"using":"xpath","value":"//div[input[@value=\"contains\"]]//span[contains(@id, \"arrow\")]"}
RESULT: {"using":"xpath","value":"//div[input[@value=\"contains\"]]//span[contains(@id, \"arrow\")]"}
COMMAND: POST /session/ad66f158aa4d4ab6ef13355aa7850eca/element/f.46184FC8CB979803EFB42F6A75FB8695.d.AB81163FA132FF03249B7962439B9979.e.7960/click - {}
RESULT: {}
COMMAND: GET /session/ad66f158aa4d4ab6ef13355aa7850eca/screenshot - {}
RESULT: {}
COMMAND: POST /session/ad66f158aa4d4ab6ef13355aa7850eca/element - {"using":"xpath","value":"//li[.//span[text()='equal to']]"}
RESULT: {"using":"xpath","value":"//li[.//span[text()='equal to']]"}
COMMAND: POST /session/ad66f158aa4d4ab6ef13355aa7850eca/element/f.46184FC8CB979803EFB42F6A75FB8695.d.AB81163FA132FF03249B7962439B9979.e.7961/click - {}
RESULT: {}
COMMAND: GET /session/ad66f158aa4d4ab6ef13355aa7850eca/screenshot - {}
RESULT: {}
RESULT: undefined
COMMAND: POST /session/ad66f158aa4d4ab6ef13355aa7850eca/execute/async - {"script":"<script> [776 bytes]","args":[{"enterText":"1006","selector":{"controlType":"sap.m.Input","viewName":"etm.portal.ui.managepartners.view.Master","viewId":"application-managepartners-display-component---masterPtm","properties":{"valueState":"None"},"searchOpenDialogs":true,"interaction":{"idSuffix":"inner"}},"clearTextFirst":true,"interactionType":"ENTER_TEXT"}]}
RESULT: {"script":"<script> [776 bytes]","args":[{"enterText":"1006","selector":{"controlType":"sap.m.Input","viewName":"etm.portal.ui.managepartners.view.Master","viewId":"application-managepartners-display-component---masterPtm","properties":{"valueState":"None"},"searchOpenDialogs":true,"interaction":{"idSuffix":"inner"}},"clearTextFirst":true,"interactionType":"ENTER_TEXT"}]}
COMMAND: POST /session/ad66f158aa4d4ab6ef13355aa7850eca/actions - {"actions":[{"id":"action22","type":"key","parameters":{},"actions":[{"type":"keyDown","value":""},{"type":"pause","duration":10},{"type":"keyUp","value":""}]}]}
RESULT: {"actions":[{"id":"action22","type":"key","parameters":{},"actions":[{"type":"keyDown","value":""},{"type":"pause","duration":10},{"type":"keyUp","value":""}]}]}
COMMAND: GET /session/ad66f158aa4d4ab6ef13355aa7850eca/screenshot - {}
RESULT: {}
COMMAND: POST /session/ad66f158aa4d4ab6ef13355aa7850eca/element - {"using":"xpath","value":"(//bdi[contains(text(), \"OK\")])[1]"}
RESULT: {"using":"xpath","value":"(//bdi[contains(text(), \"OK\")])[1]"}
COMMAND: POST /session/ad66f158aa4d4ab6ef13355aa7850eca/element/f.46184FC8CB979803EFB42F6A75FB8695.d.AB81163FA132FF03249B7962439B9979.e.7962/click - {}
RESULT: {}
COMMAND: GET /session/ad66f158aa4d4ab6ef13355aa7850eca/screenshot - {}
RESULT: {}
COMMAND: POST /session/ad66f158aa4d4ab6ef13355aa7850eca/element - {"using":"xpath","value":"//span[@id=\"application-managepartners-display-component---masterPtm--smartTable-header-inner\"]"}
RESULT: {"using":"xpath","value":"//span[@id=\"application-managepartners-display-component---masterPtm--smartTable-header-inner\"]"}
COMMAND: POST /session/ad66f158aa4d4ab6ef13355aa7850eca/elements - {"using":"xpath","value":"//span[@id=\"application-managepartners-display-component---masterPtm--smartTable-header-inner\"]"}
RESULT: {"using":"xpath","value":"//span[@id=\"application-managepartners-display-component---masterPtm--smartTable-header-inner\"]"}
COMMAND: POST /session/ad66f158aa4d4ab6ef13355aa7850eca/execute/sync - {"script":"<script> [56 bytes]","args":[{"element-6066-11e4-a52e-4f735466cecf":"f.46184FC8CB979803EFB42F6A75FB8695.d.AB81163FA132FF03249B7962439B9979.e.7800","ELEMENT":"f.46184FC8CB979803EFB42F6A75FB8695.d.AB81163FA132FF03249B7962439B9979.e.7800"}]}
RESULT: {"script":"<script> [56 bytes]","args":[{"element-6066-11e4-a52e-4f735466cecf":"f.46184FC8CB979803EFB42F6A75FB8695.d.AB81163FA132FF03249B7962439B9979.e.7800","ELEMENT":"f.46184FC8CB979803EFB42F6A75FB8695.d.AB81163FA132FF03249B7962439B9979.e.7800"}]}
COMMAND: POST /session/ad66f158aa4d4ab6ef13355aa7850eca/element - {"using":"xpath","value":"//span[contains(@title, \"Remove\")]"}
COMMAND: GET /session/ad66f158aa4d4ab6ef13355aa7850eca/screenshot - {}
RESULT: {"using":"xpath","value":"//span[contains(@title, \"Remove\")]"}
COMMAND: POST /session/ad66f158aa4d4ab6ef13355aa7850eca/element/f.46184FC8CB979803EFB42F6A75FB8695.d.AB81163FA132FF03249B7962439B9979.e.7967/click - {}
RESULT: {}
RESULT: {}
COMMAND: GET /session/ad66f158aa4d4ab6ef13355aa7850eca/screenshot - {}
RESULT: {}
RESULT: undefined
COMMAND: POST /session/ad66f158aa4d4ab6ef13355aa7850eca/element - {"using":"xpath","value":"//*[@id=\"application-managepartners-display-component---masterPtm--smartFilterBar-filterItemControl_BASIC-YARD-vhi\"]"}
RESULT: {"using":"xpath","value":"//*[@id=\"application-managepartners-display-component---masterPtm--smartFilterBar-filterItemControl_BASIC-YARD-vhi\"]"}
COMMAND: POST /session/ad66f158aa4d4ab6ef13355aa7850eca/element/f.46184FC8CB979803EFB42F6A75FB8695.d.AB81163FA132FF03249B7962439B9979.e.8076/click - {}
RESULT: {}
COMMAND: GET /session/ad66f158aa4d4ab6ef13355aa7850eca/screenshot - {}
RESULT: {}
RESULT: undefined
COMMAND: POST /session/ad66f158aa4d4ab6ef13355aa7850eca/execute/async - {"script":"<script> [776 bytes]","args":[{"enterText":"Test","selector":{"id":"application-managepartners-display-component---masterPtm--smartFilterBar-filterItemControl_BASIC-YARD-valueHelpDialog-smartFilterBar-btnBasicSearch","searchOpenDialogs":true,"interaction":{"idSuffix":"I"}},"clearTextFirst":true,"interactionType":"ENTER_TEXT"}]}
RESULT: {"script":"<script> [776 bytes]","args":[{"enterText":"Test","selector":{"id":"application-managepartners-display-component---masterPtm--smartFilterBar-filterItemControl_BASIC-YARD-valueHelpDialog-smartFilterBar-btnBasicSearch","searchOpenDialogs":true,"interaction":{"idSuffix":"I"}},"clearTextFirst":true,"interactionType":"ENTER_TEXT"}]}
COMMAND: POST /session/ad66f158aa4d4ab6ef13355aa7850eca/actions - {"actions":[{"id":"action23","type":"key","parameters":{},"actions":[{"type":"keyDown","value":""},{"type":"pause","duration":10},{"type":"keyUp","value":""}]}]}
RESULT: {"actions":[{"id":"action23","type":"key","parameters":{},"actions":[{"type":"keyDown","value":""},{"type":"pause","duration":10},{"type":"keyUp","value":""}]}]}
COMMAND: POST /session/ad66f158aa4d4ab6ef13355aa7850eca/elements - {"using":"xpath","value":"//table[contains(@id, \"smartFilterBar-filterItemControl_BASIC-YARD-valueHelpDialog-table-table\")]/tbody/tr"}
COMMAND: GET /session/ad66f158aa4d4ab6ef13355aa7850eca/screenshot - {}
RESULT: {"using":"xpath","value":"//table[contains(@id, \"smartFilterBar-filterItemControl_BASIC-YARD-valueHelpDialog-table-table\")]/tbody/tr"}
COMMAND: POST /session/ad66f158aa4d4ab6ef13355aa7850eca/element - {"using":"xpath","value":"//table[contains(@id, \"smartFilterBar-filterItemControl_BASIC-YARD-valueHelpDialog-table-table\")]/tbody/tr[1]/td[1]/div/span"}
RESULT: {}
RESULT: {"using":"xpath","value":"//table[contains(@id, \"smartFilterBar-filterItemControl_BASIC-YARD-valueHelpDialog-table-table\")]/tbody/tr[1]/td[1]/div/span"}
COMMAND: POST /session/ad66f158aa4d4ab6ef13355aa7850eca/elements - {"using":"xpath","value":"//table[contains(@id, \"smartFilterBar-filterItemControl_BASIC-YARD-valueHelpDialog-table-table\")]/tbody/tr[1]/td[1]/div/span"}
RESULT: {"using":"xpath","value":"//table[contains(@id, \"smartFilterBar-filterItemControl_BASIC-YARD-valueHelpDialog-table-table\")]/tbody/tr[1]/td[1]/div/span"}
COMMAND: POST /session/ad66f158aa4d4ab6ef13355aa7850eca/execute/sync - {"script":"<script> [56 bytes]","args":[{"element-6066-11e4-a52e-4f735466cecf":"f.46184FC8CB979803EFB42F6A75FB8695.d.AB81163FA132FF03249B7962439B9979.e.8096","ELEMENT":"f.46184FC8CB979803EFB42F6A75FB8695.d.AB81163FA132FF03249B7962439B9979.e.8096"}]}
RESULT: {"script":"<script> [56 bytes]","args":[{"element-6066-11e4-a52e-4f735466cecf":"f.46184FC8CB979803EFB42F6A75FB8695.d.AB81163FA132FF03249B7962439B9979.e.8096","ELEMENT":"f.46184FC8CB979803EFB42F6A75FB8695.d.AB81163FA132FF03249B7962439B9979.e.8096"}]}
COMMAND: POST /session/ad66f158aa4d4ab6ef13355aa7850eca/element - {"using":"xpath","value":"//table[contains(@id, \"smartFilterBar-filterItemControl_BASIC-YARD-valueHelpDialog-table-table\")]/tbody/tr[2]/td[1]/div/span"}
COMMAND: GET /session/ad66f158aa4d4ab6ef13355aa7850eca/screenshot - {}
RESULT: {"using":"xpath","value":"//table[contains(@id, \"smartFilterBar-filterItemControl_BASIC-YARD-valueHelpDialog-table-table\")]/tbody/tr[2]/td[1]/div/span"}
COMMAND: POST /session/ad66f158aa4d4ab6ef13355aa7850eca/elements - {"using":"xpath","value":"//table[contains(@id, \"smartFilterBar-filterItemControl_BASIC-YARD-valueHelpDialog-table-table\")]/tbody/tr[2]/td[1]/div/span"}
RESULT: {}
RESULT: {"using":"xpath","value":"//table[contains(@id, \"smartFilterBar-filterItemControl_BASIC-YARD-valueHelpDialog-table-table\")]/tbody/tr[2]/td[1]/div/span"}
COMMAND: POST /session/ad66f158aa4d4ab6ef13355aa7850eca/execute/sync - {"script":"<script> [56 bytes]","args":[{"element-6066-11e4-a52e-4f735466cecf":"f.46184FC8CB979803EFB42F6A75FB8695.d.AB81163FA132FF03249B7962439B9979.e.8097","ELEMENT":"f.46184FC8CB979803EFB42F6A75FB8695.d.AB81163FA132FF03249B7962439B9979.e.8097"}]}
RESULT: {"script":"<script> [56 bytes]","args":[{"element-6066-11e4-a52e-4f735466cecf":"f.46184FC8CB979803EFB42F6A75FB8695.d.AB81163FA132FF03249B7962439B9979.e.8097","ELEMENT":"f.46184FC8CB979803EFB42F6A75FB8695.d.AB81163FA132FF03249B7962439B9979.e.8097"}]}
COMMAND: POST /session/ad66f158aa4d4ab6ef13355aa7850eca/element - {"using":"xpath","value":"//table[contains(@id, \"smartFilterBar-filterItemControl_BASIC-YARD-valueHelpDialog-table-table\")]/tbody/tr[3]/td[1]/div/span"}
COMMAND: GET /session/ad66f158aa4d4ab6ef13355aa7850eca/screenshot - {}
RESULT: {"using":"xpath","value":"//table[contains(@id, \"smartFilterBar-filterItemControl_BASIC-YARD-valueHelpDialog-table-table\")]/tbody/tr[3]/td[1]/div/span"}
COMMAND: POST /session/ad66f158aa4d4ab6ef13355aa7850eca/elements - {"using":"xpath","value":"//table[contains(@id, \"smartFilterBar-filterItemControl_BASIC-YARD-valueHelpDialog-table-table\")]/tbody/tr[3]/td[1]/div/span"}
RESULT: {}
RESULT: {"using":"xpath","value":"//table[contains(@id, \"smartFilterBar-filterItemControl_BASIC-YARD-valueHelpDialog-table-table\")]/tbody/tr[3]/td[1]/div/span"}
COMMAND: POST /session/ad66f158aa4d4ab6ef13355aa7850eca/execute/sync - {"script":"<script> [56 bytes]","args":[{"element-6066-11e4-a52e-4f735466cecf":"f.46184FC8CB979803EFB42F6A75FB8695.d.AB81163FA132FF03249B7962439B9979.e.8098","ELEMENT":"f.46184FC8CB979803EFB42F6A75FB8695.d.AB81163FA132FF03249B7962439B9979.e.8098"}]}
RESULT: {"script":"<script> [56 bytes]","args":[{"element-6066-11e4-a52e-4f735466cecf":"f.46184FC8CB979803EFB42F6A75FB8695.d.AB81163FA132FF03249B7962439B9979.e.8098","ELEMENT":"f.46184FC8CB979803EFB42F6A75FB8695.d.AB81163FA132FF03249B7962439B9979.e.8098"}]}
COMMAND: POST /session/ad66f158aa4d4ab6ef13355aa7850eca/element - {"using":"xpath","value":"//div[contains(@id, \"filterItemControl_BASIC-YARD-valueHelpDialog-table-rowsel2\")]"}
COMMAND: GET /session/ad66f158aa4d4ab6ef13355aa7850eca/screenshot - {}
RESULT: {"using":"xpath","value":"//div[contains(@id, \"filterItemControl_BASIC-YARD-valueHelpDialog-table-rowsel2\")]"}
COMMAND: POST /session/ad66f158aa4d4ab6ef13355aa7850eca/element/f.46184FC8CB979803EFB42F6A75FB8695.d.AB81163FA132FF03249B7962439B9979.e.8099/click - {}
RESULT: {}
RESULT: {}
COMMAND: GET /session/ad66f158aa4d4ab6ef13355aa7850eca/screenshot - {}
RESULT: {}
COMMAND: POST /session/ad66f158aa4d4ab6ef13355aa7850eca/element - {"using":"xpath","value":"(//bdi[contains(text(), \"OK\")])[1]"}
RESULT: {"using":"xpath","value":"(//bdi[contains(text(), \"OK\")])[1]"}
COMMAND: POST /session/ad66f158aa4d4ab6ef13355aa7850eca/element/f.46184FC8CB979803EFB42F6A75FB8695.d.AB81163FA132FF03249B7962439B9979.e.8101/click - {}
RESULT: {}
COMMAND: GET /session/ad66f158aa4d4ab6ef13355aa7850eca/screenshot - {}
RESULT: {}
COMMAND: POST /session/ad66f158aa4d4ab6ef13355aa7850eca/element - {"using":"xpath","value":"//span[@id=\"application-managepartners-display-component---masterPtm--smartTable-header-inner\"]"}
RESULT: {"using":"xpath","value":"//span[@id=\"application-managepartners-display-component---masterPtm--smartTable-header-inner\"]"}
COMMAND: POST /session/ad66f158aa4d4ab6ef13355aa7850eca/elements - {"using":"xpath","value":"//span[@id=\"application-managepartners-display-component---masterPtm--smartTable-header-inner\"]"}
RESULT: {"using":"xpath","value":"//span[@id=\"application-managepartners-display-component---masterPtm--smartTable-header-inner\"]"}
COMMAND: POST /session/ad66f158aa4d4ab6ef13355aa7850eca/execute/sync - {"script":"<script> [56 bytes]","args":[{"element-6066-11e4-a52e-4f735466cecf":"f.46184FC8CB979803EFB42F6A75FB8695.d.AB81163FA132FF03249B7962439B9979.e.7800","ELEMENT":"f.46184FC8CB979803EFB42F6A75FB8695.d.AB81163FA132FF03249B7962439B9979.e.7800"}]}
RESULT: {"script":"<script> [56 bytes]","args":[{"element-6066-11e4-a52e-4f735466cecf":"f.46184FC8CB979803EFB42F6A75FB8695.d.AB81163FA132FF03249B7962439B9979.e.7800","ELEMENT":"f.46184FC8CB979803EFB42F6A75FB8695.d.AB81163FA132FF03249B7962439B9979.e.7800"}]}
COMMAND: POST /session/ad66f158aa4d4ab6ef13355aa7850eca/element - {"using":"xpath","value":"//span[contains(@title, \"Remove\")]"}
COMMAND: GET /session/ad66f158aa4d4ab6ef13355aa7850eca/screenshot - {}
RESULT: {"using":"xpath","value":"//span[contains(@title, \"Remove\")]"}
COMMAND: POST /session/ad66f158aa4d4ab6ef13355aa7850eca/element/f.46184FC8CB979803EFB42F6A75FB8695.d.AB81163FA132FF03249B7962439B9979.e.8115/click - {}
RESULT: {}
RESULT: {}
COMMAND: GET /session/ad66f158aa4d4ab6ef13355aa7850eca/screenshot - {}
RESULT: {}
RESULT: undefined
COMMAND: POST /session/ad66f158aa4d4ab6ef13355aa7850eca/element - {"using":"xpath","value":"//*[@id=\"application-managepartners-display-component---masterPtm--smartFilterBar-filterItemControl_BASIC-MAIN_ADDRESS-vhi\"]"}
RESULT: {"using":"xpath","value":"//*[@id=\"application-managepartners-display-component---masterPtm--smartFilterBar-filterItemControl_BASIC-MAIN_ADDRESS-vhi\"]"}
COMMAND: POST /session/ad66f158aa4d4ab6ef13355aa7850eca/element/f.46184FC8CB979803EFB42F6A75FB8695.d.AB81163FA132FF03249B7962439B9979.e.8217/click - {}
RESULT: {}
COMMAND: GET /session/ad66f158aa4d4ab6ef13355aa7850eca/screenshot - {}
RESULT: {}
RESULT: undefined
COMMAND: POST /session/ad66f158aa4d4ab6ef13355aa7850eca/execute/async - {"script":"<script> [776 bytes]","args":[{"enterText":"Romania","selector":{"id":"application-managepartners-display-component---masterPtm--smartFilterBar-filterItemControl_BASIC-MAIN_ADDRESS-valueHelpDialog-smartFilterBar-btnBasicSearch","searchOpenDialogs":true,"interaction":{"idSuffix":"I"}},"clearTextFirst":true,"interactionType":"ENTER_TEXT"}]}
RESULT: {"script":"<script> [776 bytes]","args":[{"enterText":"Romania","selector":{"id":"application-managepartners-display-component---masterPtm--smartFilterBar-filterItemControl_BASIC-MAIN_ADDRESS-valueHelpDialog-smartFilterBar-btnBasicSearch","searchOpenDialogs":true,"interaction":{"idSuffix":"I"}},"clearTextFirst":true,"interactionType":"ENTER_TEXT"}]}
COMMAND: POST /session/ad66f158aa4d4ab6ef13355aa7850eca/actions - {"actions":[{"id":"action24","type":"key","parameters":{},"actions":[{"type":"keyDown","value":""},{"type":"pause","duration":10},{"type":"keyUp","value":""}]}]}
RESULT: {"actions":[{"id":"action24","type":"key","parameters":{},"actions":[{"type":"keyDown","value":""},{"type":"pause","duration":10},{"type":"keyUp","value":""}]}]}
COMMAND: POST /session/ad66f158aa4d4ab6ef13355aa7850eca/elements - {"using":"xpath","value":"//table[contains(@id, \"smartFilterBar-filterItemControl_BASIC-MAIN_ADDRESS-valueHelpDialog-table-table\")]/tbody/tr"}
COMMAND: GET /session/ad66f158aa4d4ab6ef13355aa7850eca/screenshot - {}
RESULT: {"using":"xpath","value":"//table[contains(@id, \"smartFilterBar-filterItemControl_BASIC-MAIN_ADDRESS-valueHelpDialog-table-table\")]/tbody/tr"}
COMMAND: POST /session/ad66f158aa4d4ab6ef13355aa7850eca/element - {"using":"xpath","value":"//table[contains(@id, \"smartFilterBar-filterItemControl_BASIC-MAIN_ADDRESS-valueHelpDialog-table-table\")]/tbody/tr[1]/td[1]/div/span"}
RESULT: {}
RESULT: {"using":"xpath","value":"//table[contains(@id, \"smartFilterBar-filterItemControl_BASIC-MAIN_ADDRESS-valueHelpDialog-table-table\")]/tbody/tr[1]/td[1]/div/span"}
COMMAND: POST /session/ad66f158aa4d4ab6ef13355aa7850eca/elements - {"using":"xpath","value":"//table[contains(@id, \"smartFilterBar-filterItemControl_BASIC-MAIN_ADDRESS-valueHelpDialog-table-table\")]/tbody/tr[1]/td[1]/div/span"}
RESULT: {"using":"xpath","value":"//table[contains(@id, \"smartFilterBar-filterItemControl_BASIC-MAIN_ADDRESS-valueHelpDialog-table-table\")]/tbody/tr[1]/td[1]/div/span"}
COMMAND: POST /session/ad66f158aa4d4ab6ef13355aa7850eca/execute/sync - {"script":"<script> [56 bytes]","args":[{"element-6066-11e4-a52e-4f735466cecf":"f.46184FC8CB979803EFB42F6A75FB8695.d.AB81163FA132FF03249B7962439B9979.e.8238","ELEMENT":"f.46184FC8CB979803EFB42F6A75FB8695.d.AB81163FA132FF03249B7962439B9979.e.8238"}]}
RESULT: {"script":"<script> [56 bytes]","args":[{"element-6066-11e4-a52e-4f735466cecf":"f.46184FC8CB979803EFB42F6A75FB8695.d.AB81163FA132FF03249B7962439B9979.e.8238","ELEMENT":"f.46184FC8CB979803EFB42F6A75FB8695.d.AB81163FA132FF03249B7962439B9979.e.8238"}]}
COMMAND: POST /session/ad66f158aa4d4ab6ef13355aa7850eca/element - {"using":"xpath","value":"//div[contains(@id, \"filterItemControl_BASIC-MAIN_ADDRESS-valueHelpDialog-table-rowsel0\")]"}
COMMAND: GET /session/ad66f158aa4d4ab6ef13355aa7850eca/screenshot - {}
RESULT: {"using":"xpath","value":"//div[contains(@id, \"filterItemControl_BASIC-MAIN_ADDRESS-valueHelpDialog-table-rowsel0\")]"}
COMMAND: POST /session/ad66f158aa4d4ab6ef13355aa7850eca/element/f.46184FC8CB979803EFB42F6A75FB8695.d.AB81163FA132FF03249B7962439B9979.e.8239/click - {}
RESULT: {}
RESULT: {}
COMMAND: GET /session/ad66f158aa4d4ab6ef13355aa7850eca/screenshot - {}
RESULT: {}
COMMAND: POST /session/ad66f158aa4d4ab6ef13355aa7850eca/element - {"using":"xpath","value":"(//bdi[contains(text(), \"OK\")])[1]"}
RESULT: {"using":"xpath","value":"(//bdi[contains(text(), \"OK\")])[1]"}
COMMAND: POST /session/ad66f158aa4d4ab6ef13355aa7850eca/element/f.46184FC8CB979803EFB42F6A75FB8695.d.AB81163FA132FF03249B7962439B9979.e.8241/click - {}
RESULT: {}
COMMAND: GET /session/ad66f158aa4d4ab6ef13355aa7850eca/screenshot - {}
RESULT: {}
COMMAND: POST /session/ad66f158aa4d4ab6ef13355aa7850eca/element - {"using":"xpath","value":"//span[@id=\"application-managepartners-display-component---masterPtm--smartTable-header-inner\"]"}
RESULT: {"using":"xpath","value":"//span[@id=\"application-managepartners-display-component---masterPtm--smartTable-header-inner\"]"}
COMMAND: POST /session/ad66f158aa4d4ab6ef13355aa7850eca/elements - {"using":"xpath","value":"//span[@id=\"application-managepartners-display-component---masterPtm--smartTable-header-inner\"]"}
RESULT: {"using":"xpath","value":"//span[@id=\"application-managepartners-display-component---masterPtm--smartTable-header-inner\"]"}
COMMAND: POST /session/ad66f158aa4d4ab6ef13355aa7850eca/execute/sync - {"script":"<script> [56 bytes]","args":[{"element-6066-11e4-a52e-4f735466cecf":"f.46184FC8CB979803EFB42F6A75FB8695.d.AB81163FA132FF03249B7962439B9979.e.7800","ELEMENT":"f.46184FC8CB979803EFB42F6A75FB8695.d.AB81163FA132FF03249B7962439B9979.e.7800"}]}
RESULT: {"script":"<script> [56 bytes]","args":[{"element-6066-11e4-a52e-4f735466cecf":"f.46184FC8CB979803EFB42F6A75FB8695.d.AB81163FA132FF03249B7962439B9979.e.7800","ELEMENT":"f.46184FC8CB979803EFB42F6A75FB8695.d.AB81163FA132FF03249B7962439B9979.e.7800"}]}
COMMAND: POST /session/ad66f158aa4d4ab6ef13355aa7850eca/element - {"using":"xpath","value":"//span[contains(@title, \"Remove\")]"}
COMMAND: GET /session/ad66f158aa4d4ab6ef13355aa7850eca/screenshot - {}
RESULT: {"using":"xpath","value":"//span[contains(@title, \"Remove\")]"}
COMMAND: POST /session/ad66f158aa4d4ab6ef13355aa7850eca/element/f.46184FC8CB979803EFB42F6A75FB8695.d.AB81163FA132FF03249B7962439B9979.e.8254/click - {}
RESULT: {}
RESULT: {}
COMMAND: GET /session/ad66f158aa4d4ab6ef13355aa7850eca/screenshot - {}
RESULT: {}
COMMAND: POST /session/ad66f158aa4d4ab6ef13355aa7850eca/execute/async - {"script":"<script> [1562 bytes]","args":[{"selector":{"id":"application-managepartners-display-component---masterPtm--catalogs-arrow"},"wdio_ui5_key":"applicationmanagepartners-display-component---masterPtm--catalogs-arrow"}]}
RESULT: {"script":"<script> [1562 bytes]","args":[{"selector":{"id":"application-managepartners-display-component---masterPtm--catalogs-arrow"},"wdio_ui5_key":"applicationmanagepartners-display-component---masterPtm--catalogs-arrow"}]}
RESULT: undefined
COMMAND: POST /session/ad66f158aa4d4ab6ef13355aa7850eca/element - {"using":"xpath","value":"//*[@id=\"application-managepartners-display-component---masterPtm--catalogs-arrow\"]"}
RESULT: {"using":"xpath","value":"//*[@id=\"application-managepartners-display-component---masterPtm--catalogs-arrow\"]"}
COMMAND: POST /session/ad66f158aa4d4ab6ef13355aa7850eca/element/f.46184FC8CB979803EFB42F6A75FB8695.d.AB81163FA132FF03249B7962439B9979.e.8359/click - {}
RESULT: {}
COMMAND: GET /session/ad66f158aa4d4ab6ef13355aa7850eca/screenshot - {}
RESULT: {}
COMMAND: POST /session/ad66f158aa4d4ab6ef13355aa7850eca/element - {"using":"xpath","value":"//li[.//span[text()=\"Webshop Catalog\"]]//div[contains(@class,\"sapMCbBg\")]"}
RESULT: {"using":"xpath","value":"//li[.//span[text()=\"Webshop Catalog\"]]//div[contains(@class,\"sapMCbBg\")]"}
COMMAND: POST /session/ad66f158aa4d4ab6ef13355aa7850eca/element/f.46184FC8CB979803EFB42F6A75FB8695.d.AB81163FA132FF03249B7962439B9979.e.8373/click - {}
RESULT: {}
COMMAND: GET /session/ad66f158aa4d4ab6ef13355aa7850eca/screenshot - {}
RESULT: {}
RESULT: undefined
COMMAND: POST /session/ad66f158aa4d4ab6ef13355aa7850eca/element - {"using":"xpath","value":"//*[@id=\"application-managepartners-display-component---masterPtm--catalogs-arrow\"]"}
RESULT: {"using":"xpath","value":"//*[@id=\"application-managepartners-display-component---masterPtm--catalogs-arrow\"]"}
COMMAND: POST /session/ad66f158aa4d4ab6ef13355aa7850eca/element/f.46184FC8CB979803EFB42F6A75FB8695.d.AB81163FA132FF03249B7962439B9979.e.8359/click - {}
RESULT: {}
COMMAND: POST /session/ad66f158aa4d4ab6ef13355aa7850eca/element - {"using":"xpath","value":"//span[@id=\"application-managepartners-display-component---masterPtm--smartTable-header-inner\"]"}
COMMAND: GET /session/ad66f158aa4d4ab6ef13355aa7850eca/screenshot - {}
RESULT: {"using":"xpath","value":"//span[@id=\"application-managepartners-display-component---masterPtm--smartTable-header-inner\"]"}
COMMAND: POST /session/ad66f158aa4d4ab6ef13355aa7850eca/elements - {"using":"xpath","value":"//span[@id=\"application-managepartners-display-component---masterPtm--smartTable-header-inner\"]"}
RESULT: {}
RESULT: {"using":"xpath","value":"//span[@id=\"application-managepartners-display-component---masterPtm--smartTable-header-inner\"]"}
COMMAND: POST /session/ad66f158aa4d4ab6ef13355aa7850eca/execute/sync - {"script":"<script> [56 bytes]","args":[{"element-6066-11e4-a52e-4f735466cecf":"f.46184FC8CB979803EFB42F6A75FB8695.d.AB81163FA132FF03249B7962439B9979.e.7800","ELEMENT":"f.46184FC8CB979803EFB42F6A75FB8695.d.AB81163FA132FF03249B7962439B9979.e.7800"}]}
RESULT: {"script":"<script> [56 bytes]","args":[{"element-6066-11e4-a52e-4f735466cecf":"f.46184FC8CB979803EFB42F6A75FB8695.d.AB81163FA132FF03249B7962439B9979.e.7800","ELEMENT":"f.46184FC8CB979803EFB42F6A75FB8695.d.AB81163FA132FF03249B7962439B9979.e.7800"}]}
COMMAND: POST /session/ad66f158aa4d4ab6ef13355aa7850eca/element - {"using":"xpath","value":"//span[contains(@title, \"Remove\")]"}
COMMAND: GET /session/ad66f158aa4d4ab6ef13355aa7850eca/screenshot - {}
RESULT: {}
RESULT: {"using":"xpath","value":"//span[contains(@title, \"Remove\")]"}
COMMAND: POST /session/ad66f158aa4d4ab6ef13355aa7850eca/element/f.46184FC8CB979803EFB42F6A75FB8695.d.AB81163FA132FF03249B7962439B9979.e.8388/click - {}
RESULT: {}
COMMAND: GET /session/ad66f158aa4d4ab6ef13355aa7850eca/screenshot - {}
RESULT: {}
COMMAND: POST /session/ad66f158aa4d4ab6ef13355aa7850eca/execute/async - {"script":"<script> [1562 bytes]","args":[{"selector":{"id":"application-managepartners-display-component---masterPtm--currencies-arrow"},"wdio_ui5_key":"applicationmanagepartners-display-component---masterPtm--currencies-arrow"}]}
RESULT: {"script":"<script> [1562 bytes]","args":[{"selector":{"id":"application-managepartners-display-component---masterPtm--currencies-arrow"},"wdio_ui5_key":"applicationmanagepartners-display-component---masterPtm--currencies-arrow"}]}
RESULT: undefined
COMMAND: POST /session/ad66f158aa4d4ab6ef13355aa7850eca/element - {"using":"xpath","value":"//*[@id=\"application-managepartners-display-component---masterPtm--currencies-arrow\"]"}
RESULT: {"using":"xpath","value":"//*[@id=\"application-managepartners-display-component---masterPtm--currencies-arrow\"]"}
COMMAND: POST /session/ad66f158aa4d4ab6ef13355aa7850eca/element/f.46184FC8CB979803EFB42F6A75FB8695.d.AB81163FA132FF03249B7962439B9979.e.8463/click - {}
RESULT: {}
COMMAND: GET /session/ad66f158aa4d4ab6ef13355aa7850eca/screenshot - {}
RESULT: {}
COMMAND: POST /session/ad66f158aa4d4ab6ef13355aa7850eca/element - {"using":"xpath","value":"//li[.//span[text()=\"US Dollar\"]]//div[contains(@class,\"sapMCbBg\")]"}
RESULT: {"using":"xpath","value":"//li[.//span[text()=\"US Dollar\"]]//div[contains(@class,\"sapMCbBg\")]"}
COMMAND: POST /session/ad66f158aa4d4ab6ef13355aa7850eca/element/f.46184FC8CB979803EFB42F6A75FB8695.d.AB81163FA132FF03249B7962439B9979.e.8466/click - {}
RESULT: {}
COMMAND: GET /session/ad66f158aa4d4ab6ef13355aa7850eca/screenshot - {}
RESULT: {}
RESULT: undefined
COMMAND: POST /session/ad66f158aa4d4ab6ef13355aa7850eca/element - {"using":"xpath","value":"//*[@id=\"application-managepartners-display-component---masterPtm--currencies-arrow\"]"}
RESULT: {"using":"xpath","value":"//*[@id=\"application-managepartners-display-component---masterPtm--currencies-arrow\"]"}
COMMAND: POST /session/ad66f158aa4d4ab6ef13355aa7850eca/element/f.46184FC8CB979803EFB42F6A75FB8695.d.AB81163FA132FF03249B7962439B9979.e.8463/click - {}
RESULT: {}
COMMAND: POST /session/ad66f158aa4d4ab6ef13355aa7850eca/element - {"using":"xpath","value":"//span[@id=\"application-managepartners-display-component---masterPtm--smartTable-header-inner\"]"}
COMMAND: GET /session/ad66f158aa4d4ab6ef13355aa7850eca/screenshot - {}
RESULT: {"using":"xpath","value":"//span[@id=\"application-managepartners-display-component---masterPtm--smartTable-header-inner\"]"}
COMMAND: POST /session/ad66f158aa4d4ab6ef13355aa7850eca/elements - {"using":"xpath","value":"//span[@id=\"application-managepartners-display-component---masterPtm--smartTable-header-inner\"]"}
RESULT: {}
RESULT: {"using":"xpath","value":"//span[@id=\"application-managepartners-display-component---masterPtm--smartTable-header-inner\"]"}
COMMAND: POST /session/ad66f158aa4d4ab6ef13355aa7850eca/execute/sync - {"script":"<script> [56 bytes]","args":[{"element-6066-11e4-a52e-4f735466cecf":"f.46184FC8CB979803EFB42F6A75FB8695.d.AB81163FA132FF03249B7962439B9979.e.7800","ELEMENT":"f.46184FC8CB979803EFB42F6A75FB8695.d.AB81163FA132FF03249B7962439B9979.e.7800"}]}
RESULT: {"script":"<script> [56 bytes]","args":[{"element-6066-11e4-a52e-4f735466cecf":"f.46184FC8CB979803EFB42F6A75FB8695.d.AB81163FA132FF03249B7962439B9979.e.7800","ELEMENT":"f.46184FC8CB979803EFB42F6A75FB8695.d.AB81163FA132FF03249B7962439B9979.e.7800"}]}
COMMAND: POST /session/ad66f158aa4d4ab6ef13355aa7850eca/element - {"using":"xpath","value":"//span[contains(@title, \"Remove\")]"}
COMMAND: GET /session/ad66f158aa4d4ab6ef13355aa7850eca/screenshot - {}
RESULT: {"using":"xpath","value":"//span[contains(@title, \"Remove\")]"}
COMMAND: POST /session/ad66f158aa4d4ab6ef13355aa7850eca/element/f.46184FC8CB979803EFB42F6A75FB8695.d.AB81163FA132FF03249B7962439B9979.e.8626/click - {}
RESULT: {}
RESULT: {}
COMMAND: GET /session/ad66f158aa4d4ab6ef13355aa7850eca/screenshot - {}
COMMAND: POST /session/ad66f158aa4d4ab6ef13355aa7850eca/execute/async - {"script":"<script> [1562 bytes]","args":[{"selector":{"id":"application-managepartners-display-component---masterPtm--languages-arrow"},"wdio_ui5_key":"applicationmanagepartners-display-component---masterPtm--languages-arrow"}]}
RESULT: {}
RESULT: {"script":"<script> [1562 bytes]","args":[{"selector":{"id":"application-managepartners-display-component---masterPtm--languages-arrow"},"wdio_ui5_key":"applicationmanagepartners-display-component---masterPtm--languages-arrow"}]}
RESULT: undefined
COMMAND: POST /session/ad66f158aa4d4ab6ef13355aa7850eca/element - {"using":"xpath","value":"//*[@id=\"application-managepartners-display-component---masterPtm--languages-arrow\"]"}
RESULT: {"using":"xpath","value":"//*[@id=\"application-managepartners-display-component---masterPtm--languages-arrow\"]"}
COMMAND: POST /session/ad66f158aa4d4ab6ef13355aa7850eca/element/f.46184FC8CB979803EFB42F6A75FB8695.d.AB81163FA132FF03249B7962439B9979.e.8706/click - {}
RESULT: {}
COMMAND: GET /session/ad66f158aa4d4ab6ef13355aa7850eca/screenshot - {}
RESULT: {}
COMMAND: POST /session/ad66f158aa4d4ab6ef13355aa7850eca/element - {"using":"xpath","value":"//li[.//span[text()=\"German\"]]//div[contains(@class,\"sapMCbBg\")]"}
RESULT: {"using":"xpath","value":"//li[.//span[text()=\"German\"]]//div[contains(@class,\"sapMCbBg\")]"}
COMMAND: POST /session/ad66f158aa4d4ab6ef13355aa7850eca/element/f.46184FC8CB979803EFB42F6A75FB8695.d.AB81163FA132FF03249B7962439B9979.e.8750/click - {}
RESULT: {}
COMMAND: GET /session/ad66f158aa4d4ab6ef13355aa7850eca/screenshot - {}
RESULT: {}
RESULT: undefined
COMMAND: POST /session/ad66f158aa4d4ab6ef13355aa7850eca/element - {"using":"xpath","value":"//*[@id=\"application-managepartners-display-component---masterPtm--languages-arrow\"]"}
RESULT: {"using":"xpath","value":"//*[@id=\"application-managepartners-display-component---masterPtm--languages-arrow\"]"}
COMMAND: POST /session/ad66f158aa4d4ab6ef13355aa7850eca/element/f.46184FC8CB979803EFB42F6A75FB8695.d.AB81163FA132FF03249B7962439B9979.e.8706/click - {}
RESULT: {}
COMMAND: POST /session/ad66f158aa4d4ab6ef13355aa7850eca/element - {"using":"xpath","value":"//span[@id=\"application-managepartners-display-component---masterPtm--smartTable-header-inner\"]"}
COMMAND: GET /session/ad66f158aa4d4ab6ef13355aa7850eca/screenshot - {}
RESULT: {"using":"xpath","value":"//span[@id=\"application-managepartners-display-component---masterPtm--smartTable-header-inner\"]"}
COMMAND: POST /session/ad66f158aa4d4ab6ef13355aa7850eca/elements - {"using":"xpath","value":"//span[@id=\"application-managepartners-display-component---masterPtm--smartTable-header-inner\"]"}
RESULT: {}
RESULT: {"using":"xpath","value":"//span[@id=\"application-managepartners-display-component---masterPtm--smartTable-header-inner\"]"}
COMMAND: POST /session/ad66f158aa4d4ab6ef13355aa7850eca/execute/sync - {"script":"<script> [56 bytes]","args":[{"element-6066-11e4-a52e-4f735466cecf":"f.46184FC8CB979803EFB42F6A75FB8695.d.AB81163FA132FF03249B7962439B9979.e.7800","ELEMENT":"f.46184FC8CB979803EFB42F6A75FB8695.d.AB81163FA132FF03249B7962439B9979.e.7800"}]}
RESULT: {"script":"<script> [56 bytes]","args":[{"element-6066-11e4-a52e-4f735466cecf":"f.46184FC8CB979803EFB42F6A75FB8695.d.AB81163FA132FF03249B7962439B9979.e.7800","ELEMENT":"f.46184FC8CB979803EFB42F6A75FB8695.d.AB81163FA132FF03249B7962439B9979.e.7800"}]}
COMMAND: POST /session/ad66f158aa4d4ab6ef13355aa7850eca/element - {"using":"css selector","value":"#shell-header-logo"}
COMMAND: GET /session/ad66f158aa4d4ab6ef13355aa7850eca/screenshot - {}
RESULT: {"using":"css selector","value":"#shell-header-logo"}
COMMAND: POST /session/ad66f158aa4d4ab6ef13355aa7850eca/element/f.46184FC8CB979803EFB42F6A75FB8695.d.AB81163FA132FF03249B7962439B9979.e.7627/click - {}
RESULT: {}
RESULT: {}
COMMAND: GET /session/ad66f158aa4d4ab6ef13355aa7850eca/screenshot - {}
RESULT: {}
]]></system-out>
    </testcase>
    <testcase classname="chrome.136_0_7103_93.windows.Partner_specific_tests_US150819_US151080_US151654_US151176_US103444_US151078_US151079_US151109_US151174_US151175_US151189" name="Should add a new Business Partner role same role US151541" time="79.494">
      <system-out><![CDATA[
COMMAND: POST /session/ad66f158aa4d4ab6ef13355aa7850eca/execute/async - {"script":"<script> [1562 bytes]","args":[{"selector":{"controlType":"sap.m.GenericTile","properties":{"header":"Data Explorer"}},"wdio_ui5_key":"sapm.GenericTile{\"header\":\"Data Explorer\"}"}]}
RESULT: {"script":"<script> [1562 bytes]","args":[{"selector":{"controlType":"sap.m.GenericTile","properties":{"header":"Data Explorer"}},"wdio_ui5_key":"sapm.GenericTile{\"header\":\"Data Explorer\"}"}]}
RESULT: undefined
COMMAND: POST /session/ad66f158aa4d4ab6ef13355aa7850eca/element - {"using":"xpath","value":"//*[@id=\"__tile117\"]"}
RESULT: {"using":"xpath","value":"//*[@id=\"__tile117\"]"}
COMMAND: POST /session/ad66f158aa4d4ab6ef13355aa7850eca/element/f.46184FC8CB979803EFB42F6A75FB8695.d.AB81163FA132FF03249B7962439B9979.e.8815/click - {}
RESULT: {}
COMMAND: GET /session/ad66f158aa4d4ab6ef13355aa7850eca/screenshot - {}
RESULT: {}
COMMAND: POST /session/ad66f158aa4d4ab6ef13355aa7850eca/elements - {"using":"xpath","value":"//span[text()='Error']"}
RESULT: {"using":"xpath","value":"//span[text()='Error']"}
COMMAND: POST /session/ad66f158aa4d4ab6ef13355aa7850eca/window/fullscreen - {}
RESULT: {}
COMMAND: POST /session/ad66f158aa4d4ab6ef13355aa7850eca/element - {"using":"xpath","value":"//input[@id=\"application-businessconfigurations-display-component---masterBusinessConfigurations--smartFilterBar-btnBasicSearch-I\"]"}
RESULT: {"using":"xpath","value":"//input[@id=\"application-businessconfigurations-display-component---masterBusinessConfigurations--smartFilterBar-btnBasicSearch-I\"]"}
COMMAND: POST /session/ad66f158aa4d4ab6ef13355aa7850eca/elements - {"using":"xpath","value":"//input[@id=\"application-businessconfigurations-display-component---masterBusinessConfigurations--smartFilterBar-btnBasicSearch-I\"]"}
RESULT: {"using":"xpath","value":"//input[@id=\"application-businessconfigurations-display-component---masterBusinessConfigurations--smartFilterBar-btnBasicSearch-I\"]"}
COMMAND: POST /session/ad66f158aa4d4ab6ef13355aa7850eca/execute/sync - {"script":"<script> [8489 bytes]","args":[{"element-6066-11e4-a52e-4f735466cecf":"f.46184FC8CB979803EFB42F6A75FB8695.d.AB81163FA132FF03249B7962439B9979.e.8839","ELEMENT":"f.46184FC8CB979803EFB42F6A75FB8695.d.AB81163FA132FF03249B7962439B9979.e.8839"}]}
RESULT: {"script":"<script> [8489 bytes]","args":[{"element-6066-11e4-a52e-4f735466cecf":"f.46184FC8CB979803EFB42F6A75FB8695.d.AB81163FA132FF03249B7962439B9979.e.8839","ELEMENT":"f.46184FC8CB979803EFB42F6A75FB8695.d.AB81163FA132FF03249B7962439B9979.e.8839"}]}
COMMAND: GET /session/ad66f158aa4d4ab6ef13355aa7850eca/element/f.46184FC8CB979803EFB42F6A75FB8695.d.AB81163FA132FF03249B7962439B9979.e.8839/enabled - {}
COMMAND: GET /session/ad66f158aa4d4ab6ef13355aa7850eca/screenshot - {}
RESULT: {}
COMMAND: POST /session/ad66f158aa4d4ab6ef13355aa7850eca/execute/sync - {"script":"<script> [8489 bytes]","args":[{"element-6066-11e4-a52e-4f735466cecf":"f.46184FC8CB979803EFB42F6A75FB8695.d.AB81163FA132FF03249B7962439B9979.e.8839","ELEMENT":"f.46184FC8CB979803EFB42F6A75FB8695.d.AB81163FA132FF03249B7962439B9979.e.8839"}]}
COMMAND: GET /session/ad66f158aa4d4ab6ef13355aa7850eca/screenshot - {}
RESULT: {}
RESULT: {"script":"<script> [8489 bytes]","args":[{"element-6066-11e4-a52e-4f735466cecf":"f.46184FC8CB979803EFB42F6A75FB8695.d.AB81163FA132FF03249B7962439B9979.e.8839","ELEMENT":"f.46184FC8CB979803EFB42F6A75FB8695.d.AB81163FA132FF03249B7962439B9979.e.8839"}]}
COMMAND: POST /session/ad66f158aa4d4ab6ef13355aa7850eca/execute/sync - {"script":"<script> [5351 bytes]","args":[{"element-6066-11e4-a52e-4f735466cecf":"f.46184FC8CB979803EFB42F6A75FB8695.d.AB81163FA132FF03249B7962439B9979.e.8839","ELEMENT":"f.46184FC8CB979803EFB42F6A75FB8695.d.AB81163FA132FF03249B7962439B9979.e.8839"}]}
COMMAND: GET /session/ad66f158aa4d4ab6ef13355aa7850eca/screenshot - {}
RESULT: {}
RESULT: {"script":"<script> [5351 bytes]","args":[{"element-6066-11e4-a52e-4f735466cecf":"f.46184FC8CB979803EFB42F6A75FB8695.d.AB81163FA132FF03249B7962439B9979.e.8839","ELEMENT":"f.46184FC8CB979803EFB42F6A75FB8695.d.AB81163FA132FF03249B7962439B9979.e.8839"}]}
COMMAND: GET /session/ad66f158aa4d4ab6ef13355aa7850eca/screenshot - {}
RESULT: {}
RESULT: {}
COMMAND: POST /session/ad66f158aa4d4ab6ef13355aa7850eca/element - {"using":"xpath","value":"//span[@id=\"application-businessconfigurations-display-component---masterBusinessConfigurations--masterListDataExplorerSmartTable-header-inner\"]"}
RESULT: {"using":"xpath","value":"//span[@id=\"application-businessconfigurations-display-component---masterBusinessConfigurations--masterListDataExplorerSmartTable-header-inner\"]"}
COMMAND: POST /session/ad66f158aa4d4ab6ef13355aa7850eca/elements - {"using":"xpath","value":"//span[@id=\"application-businessconfigurations-display-component---masterBusinessConfigurations--masterListDataExplorerSmartTable-header-inner\"]"}
RESULT: {"using":"xpath","value":"//span[@id=\"application-businessconfigurations-display-component---masterBusinessConfigurations--masterListDataExplorerSmartTable-header-inner\"]"}
COMMAND: POST /session/ad66f158aa4d4ab6ef13355aa7850eca/execute/sync - {"script":"<script> [56 bytes]","args":[{"element-6066-11e4-a52e-4f735466cecf":"f.46184FC8CB979803EFB42F6A75FB8695.d.AB81163FA132FF03249B7962439B9979.e.8985","ELEMENT":"f.46184FC8CB979803EFB42F6A75FB8695.d.AB81163FA132FF03249B7962439B9979.e.8985"}]}
RESULT: {"script":"<script> [56 bytes]","args":[{"element-6066-11e4-a52e-4f735466cecf":"f.46184FC8CB979803EFB42F6A75FB8695.d.AB81163FA132FF03249B7962439B9979.e.8985","ELEMENT":"f.46184FC8CB979803EFB42F6A75FB8695.d.AB81163FA132FF03249B7962439B9979.e.8985"}]}
COMMAND: POST /session/ad66f158aa4d4ab6ef13355aa7850eca/element/f.46184FC8CB979803EFB42F6A75FB8695.d.AB81163FA132FF03249B7962439B9979.e.8839/clear - {}
COMMAND: GET /session/ad66f158aa4d4ab6ef13355aa7850eca/screenshot - {}
RESULT: {}
COMMAND: POST /session/ad66f158aa4d4ab6ef13355aa7850eca/element/f.46184FC8CB979803EFB42F6A75FB8695.d.AB81163FA132FF03249B7962439B9979.e.8839/value - {"text":"NETM_C_BUSINESS_PARTNER_ROLES"}
COMMAND: GET /session/ad66f158aa4d4ab6ef13355aa7850eca/screenshot - {}
RESULT: {}
RESULT: {"text":"NETM_C_BUSINESS_PARTNER_ROLES"}
COMMAND: GET /session/ad66f158aa4d4ab6ef13355aa7850eca/screenshot - {}
RESULT: {}
RESULT: {}
COMMAND: POST /session/ad66f158aa4d4ab6ef13355aa7850eca/actions - {"actions":[{"id":"action25","type":"key","parameters":{},"actions":[{"type":"keyDown","value":""},{"type":"pause","duration":10},{"type":"keyUp","value":""}]}]}
RESULT: {"actions":[{"id":"action25","type":"key","parameters":{},"actions":[{"type":"keyDown","value":""},{"type":"pause","duration":10},{"type":"keyUp","value":""}]}]}
COMMAND: GET /session/ad66f158aa4d4ab6ef13355aa7850eca/screenshot - {}
RESULT: {}
COMMAND: POST /session/ad66f158aa4d4ab6ef13355aa7850eca/elements - {"using":"xpath","value":"//table[contains(@id, \"masterListDataExplorerTable-listUl\")]/tbody/tr"}
RESULT: {"using":"xpath","value":"//table[contains(@id, \"masterListDataExplorerTable-listUl\")]/tbody/tr"}
COMMAND: POST /session/ad66f158aa4d4ab6ef13355aa7850eca/element - {"using":"xpath","value":"//table[contains(@id, \"masterListDataExplorerTable-listUl\")]/tbody/tr[2]/td[4]/span"}
RESULT: {"using":"xpath","value":"//table[contains(@id, \"masterListDataExplorerTable-listUl\")]/tbody/tr[2]/td[4]/span"}
COMMAND: POST /session/ad66f158aa4d4ab6ef13355aa7850eca/elements - {"using":"xpath","value":"//table[contains(@id, \"masterListDataExplorerTable-listUl\")]/tbody/tr[2]/td[4]/span"}
RESULT: {"using":"xpath","value":"//table[contains(@id, \"masterListDataExplorerTable-listUl\")]/tbody/tr[2]/td[4]/span"}
COMMAND: POST /session/ad66f158aa4d4ab6ef13355aa7850eca/execute/sync - {"script":"<script> [56 bytes]","args":[{"element-6066-11e4-a52e-4f735466cecf":"f.46184FC8CB979803EFB42F6A75FB8695.d.AB81163FA132FF03249B7962439B9979.e.8994","ELEMENT":"f.46184FC8CB979803EFB42F6A75FB8695.d.AB81163FA132FF03249B7962439B9979.e.8994"}]}
RESULT: {"script":"<script> [56 bytes]","args":[{"element-6066-11e4-a52e-4f735466cecf":"f.46184FC8CB979803EFB42F6A75FB8695.d.AB81163FA132FF03249B7962439B9979.e.8994","ELEMENT":"f.46184FC8CB979803EFB42F6A75FB8695.d.AB81163FA132FF03249B7962439B9979.e.8994"}]}
COMMAND: POST /session/ad66f158aa4d4ab6ef13355aa7850eca/element - {"using":"xpath","value":"(//span[contains(@id, \"imgNav\")])[1]"}
COMMAND: GET /session/ad66f158aa4d4ab6ef13355aa7850eca/screenshot - {}
RESULT: {"using":"xpath","value":"(//span[contains(@id, \"imgNav\")])[1]"}
COMMAND: POST /session/ad66f158aa4d4ab6ef13355aa7850eca/element/f.46184FC8CB979803EFB42F6A75FB8695.d.AB81163FA132FF03249B7962439B9979.e.8995/click - {}
RESULT: {}
RESULT: {}
COMMAND: GET /session/ad66f158aa4d4ab6ef13355aa7850eca/screenshot - {}
RESULT: {}
COMMAND: POST /session/ad66f158aa4d4ab6ef13355aa7850eca/element - {"using":"xpath","value":"//bdi[contains(text(), \"Edit\")]"}
RESULT: {"using":"xpath","value":"//bdi[contains(text(), \"Edit\")]"}
COMMAND: POST /session/ad66f158aa4d4ab6ef13355aa7850eca/element/f.46184FC8CB979803EFB42F6A75FB8695.d.AB81163FA132FF03249B7962439B9979.e.9114/click - {}
RESULT: {}
COMMAND: GET /session/ad66f158aa4d4ab6ef13355aa7850eca/screenshot - {}
RESULT: {}
COMMAND: POST /session/ad66f158aa4d4ab6ef13355aa7850eca/element - {"using":"xpath","value":"//button[contains(@id, \"detailBusinessConfigurations--addButton\")]"}
RESULT: {"using":"xpath","value":"//button[contains(@id, \"detailBusinessConfigurations--addButton\")]"}
COMMAND: POST /session/ad66f158aa4d4ab6ef13355aa7850eca/element/f.46184FC8CB979803EFB42F6A75FB8695.d.AB81163FA132FF03249B7962439B9979.e.9124/click - {}
RESULT: {}
COMMAND: GET /session/ad66f158aa4d4ab6ef13355aa7850eca/screenshot - {}
RESULT: {}
COMMAND: POST /session/ad66f158aa4d4ab6ef13355aa7850eca/elements - {"using":"xpath","value":"//table[contains(@id, \"detailBusinessConfigurations--detailsTable-listUl\")]/tbody/tr"}
RESULT: {"using":"xpath","value":"//table[contains(@id, \"detailBusinessConfigurations--detailsTable-listUl\")]/tbody/tr"}
COMMAND: POST /session/ad66f158aa4d4ab6ef13355aa7850eca/element - {"using":"xpath","value":"//table[contains(@id, \"detailBusinessConfigurations--detailsTable-listUl\")]/tbody/tr[1]/td[3]/div/div/div/div/input"}
RESULT: {"using":"xpath","value":"//table[contains(@id, \"detailBusinessConfigurations--detailsTable-listUl\")]/tbody/tr[1]/td[3]/div/div/div/div/input"}
COMMAND: POST /session/ad66f158aa4d4ab6ef13355aa7850eca/element/f.46184FC8CB979803EFB42F6A75FB8695.d.AB81163FA132FF03249B7962439B9979.e.9127/clear - {}
RESULT: {}
COMMAND: POST /session/ad66f158aa4d4ab6ef13355aa7850eca/element/f.46184FC8CB979803EFB42F6A75FB8695.d.AB81163FA132FF03249B7962439B9979.e.9127/value - {"text":"WebDriver Testy"}
COMMAND: GET /session/ad66f158aa4d4ab6ef13355aa7850eca/screenshot - {}
RESULT: {"text":"WebDriver Testy"}
COMMAND: GET /session/ad66f158aa4d4ab6ef13355aa7850eca/screenshot - {}
RESULT: {}
RESULT: {}
COMMAND: POST /session/ad66f158aa4d4ab6ef13355aa7850eca/element - {"using":"xpath","value":"//button[contains(@id, \"detailBusinessConfigurations--addButton\")]"}
RESULT: {"using":"xpath","value":"//button[contains(@id, \"detailBusinessConfigurations--addButton\")]"}
COMMAND: POST /session/ad66f158aa4d4ab6ef13355aa7850eca/element/f.46184FC8CB979803EFB42F6A75FB8695.d.AB81163FA132FF03249B7962439B9979.e.9124/click - {}
RESULT: {}
COMMAND: GET /session/ad66f158aa4d4ab6ef13355aa7850eca/screenshot - {}
RESULT: {}
COMMAND: POST /session/ad66f158aa4d4ab6ef13355aa7850eca/element - {"using":"xpath","value":"//table[contains(@id, \"detailBusinessConfigurations--detailsTable-listUl\")]/tbody/tr[1]/td[3]/div/div/div/div/input"}
RESULT: {"using":"xpath","value":"//table[contains(@id, \"detailBusinessConfigurations--detailsTable-listUl\")]/tbody/tr[1]/td[3]/div/div/div/div/input"}
COMMAND: POST /session/ad66f158aa4d4ab6ef13355aa7850eca/element/f.46184FC8CB979803EFB42F6A75FB8695.d.AB81163FA132FF03249B7962439B9979.e.9139/clear - {}
RESULT: {}
COMMAND: POST /session/ad66f158aa4d4ab6ef13355aa7850eca/element/f.46184FC8CB979803EFB42F6A75FB8695.d.AB81163FA132FF03249B7962439B9979.e.9139/value - {"text":"WebDriver Testy"}
COMMAND: GET /session/ad66f158aa4d4ab6ef13355aa7850eca/screenshot - {}
RESULT: {"text":"WebDriver Testy"}
COMMAND: GET /session/ad66f158aa4d4ab6ef13355aa7850eca/screenshot - {}
RESULT: {}
RESULT: {}
COMMAND: POST /session/ad66f158aa4d4ab6ef13355aa7850eca/element - {"using":"xpath","value":"//bdi[text()=\"Save\"]"}
RESULT: {"using":"xpath","value":"//bdi[text()=\"Save\"]"}
COMMAND: POST /session/ad66f158aa4d4ab6ef13355aa7850eca/element/f.46184FC8CB979803EFB42F6A75FB8695.d.AB81163FA132FF03249B7962439B9979.e.9147/click - {}
RESULT: {}
COMMAND: GET /session/ad66f158aa4d4ab6ef13355aa7850eca/screenshot - {}
RESULT: {}
COMMAND: POST /session/ad66f158aa4d4ab6ef13355aa7850eca/element - {"using":"xpath","value":"//span[contains(@class, \"sapMMsgBoxText\")]"}
RESULT: {"using":"xpath","value":"//span[contains(@class, \"sapMMsgBoxText\")]"}
COMMAND: POST /session/ad66f158aa4d4ab6ef13355aa7850eca/elements - {"using":"xpath","value":"//span[contains(@class, \"sapMMsgBoxText\")]"}
RESULT: {"using":"xpath","value":"//span[contains(@class, \"sapMMsgBoxText\")]"}
COMMAND: POST /session/ad66f158aa4d4ab6ef13355aa7850eca/execute/sync - {"script":"<script> [56 bytes]","args":[{"element-6066-11e4-a52e-4f735466cecf":"f.46184FC8CB979803EFB42F6A75FB8695.d.AB81163FA132FF03249B7962439B9979.e.9166","ELEMENT":"f.46184FC8CB979803EFB42F6A75FB8695.d.AB81163FA132FF03249B7962439B9979.e.9166"}]}
RESULT: {"script":"<script> [56 bytes]","args":[{"element-6066-11e4-a52e-4f735466cecf":"f.46184FC8CB979803EFB42F6A75FB8695.d.AB81163FA132FF03249B7962439B9979.e.9166","ELEMENT":"f.46184FC8CB979803EFB42F6A75FB8695.d.AB81163FA132FF03249B7962439B9979.e.9166"}]}
COMMAND: POST /session/ad66f158aa4d4ab6ef13355aa7850eca/element - {"using":"xpath","value":"//bdi[text()=\"Close\"]"}
COMMAND: GET /session/ad66f158aa4d4ab6ef13355aa7850eca/screenshot - {}
RESULT: {"using":"xpath","value":"//bdi[text()=\"Close\"]"}
COMMAND: POST /session/ad66f158aa4d4ab6ef13355aa7850eca/element/f.46184FC8CB979803EFB42F6A75FB8695.d.AB81163FA132FF03249B7962439B9979.e.9167/click - {}
RESULT: {}
RESULT: {}
COMMAND: GET /session/ad66f158aa4d4ab6ef13355aa7850eca/screenshot - {}
RESULT: {}
COMMAND: POST /session/ad66f158aa4d4ab6ef13355aa7850eca/element - {"using":"css selector","value":"#shell-header-logo"}
RESULT: {"using":"css selector","value":"#shell-header-logo"}
COMMAND: POST /session/ad66f158aa4d4ab6ef13355aa7850eca/element/f.46184FC8CB979803EFB42F6A75FB8695.d.AB81163FA132FF03249B7962439B9979.e.8822/click - {}
RESULT: {}
COMMAND: GET /session/ad66f158aa4d4ab6ef13355aa7850eca/screenshot - {}
RESULT: {}
]]></system-out>
    </testcase>
    <testcase classname="chrome.136_0_7103_93.windows.Partner_specific_tests_US150819_US151080_US151654_US151176_US103444_US151078_US151079_US151109_US151174_US151175_US151189" name="Should do QC various tests US151189" time="63.991">
      <failure/>
      <error message="element not interactable&#xA;  (Session info: chrome=136.0.7103.93)"/>
      <system-out><![CDATA[
RESULT: undefined
COMMAND: POST /session/ad66f158aa4d4ab6ef13355aa7850eca/element - {"using":"xpath","value":"//*[@id=\"__tile30\"]"}
RESULT: {"using":"xpath","value":"//*[@id=\"__tile30\"]"}
COMMAND: POST /session/ad66f158aa4d4ab6ef13355aa7850eca/element/f.46184FC8CB979803EFB42F6A75FB8695.d.AB81163FA132FF03249B7962439B9979.e.4500/click - {}
RESULT: {}
COMMAND: POST /session/ad66f158aa4d4ab6ef13355aa7850eca/element - {"using":"xpath","value":"//button[@data-kt=\"addButton\"]"}
COMMAND: GET /session/ad66f158aa4d4ab6ef13355aa7850eca/screenshot - {}
RESULT: {"using":"xpath","value":"//button[@data-kt=\"addButton\"]"}
COMMAND: POST /session/ad66f158aa4d4ab6ef13355aa7850eca/elements - {"using":"xpath","value":"//button[@data-kt=\"addButton\"]"}
RESULT: {}
RESULT: {"using":"xpath","value":"//button[@data-kt=\"addButton\"]"}
COMMAND: POST /session/ad66f158aa4d4ab6ef13355aa7850eca/execute/sync - {"script":"<script> [8489 bytes]","args":[{"element-6066-11e4-a52e-4f735466cecf":"f.46184FC8CB979803EFB42F6A75FB8695.d.AB81163FA132FF03249B7962439B9979.e.9215","ELEMENT":"f.46184FC8CB979803EFB42F6A75FB8695.d.AB81163FA132FF03249B7962439B9979.e.9215"}]}
RESULT: {"script":"<script> [8489 bytes]","args":[{"element-6066-11e4-a52e-4f735466cecf":"f.46184FC8CB979803EFB42F6A75FB8695.d.AB81163FA132FF03249B7962439B9979.e.9215","ELEMENT":"f.46184FC8CB979803EFB42F6A75FB8695.d.AB81163FA132FF03249B7962439B9979.e.9215"}]}
COMMAND: GET /session/ad66f158aa4d4ab6ef13355aa7850eca/element/f.46184FC8CB979803EFB42F6A75FB8695.d.AB81163FA132FF03249B7962439B9979.e.9215/enabled - {}
COMMAND: GET /session/ad66f158aa4d4ab6ef13355aa7850eca/screenshot - {}
RESULT: {}
COMMAND: POST /session/ad66f158aa4d4ab6ef13355aa7850eca/execute/sync - {"script":"<script> [8489 bytes]","args":[{"element-6066-11e4-a52e-4f735466cecf":"f.46184FC8CB979803EFB42F6A75FB8695.d.AB81163FA132FF03249B7962439B9979.e.9215","ELEMENT":"f.46184FC8CB979803EFB42F6A75FB8695.d.AB81163FA132FF03249B7962439B9979.e.9215"}]}
COMMAND: GET /session/ad66f158aa4d4ab6ef13355aa7850eca/screenshot - {}
RESULT: {}
RESULT: {"script":"<script> [8489 bytes]","args":[{"element-6066-11e4-a52e-4f735466cecf":"f.46184FC8CB979803EFB42F6A75FB8695.d.AB81163FA132FF03249B7962439B9979.e.9215","ELEMENT":"f.46184FC8CB979803EFB42F6A75FB8695.d.AB81163FA132FF03249B7962439B9979.e.9215"}]}
COMMAND: POST /session/ad66f158aa4d4ab6ef13355aa7850eca/execute/sync - {"script":"<script> [5351 bytes]","args":[{"element-6066-11e4-a52e-4f735466cecf":"f.46184FC8CB979803EFB42F6A75FB8695.d.AB81163FA132FF03249B7962439B9979.e.9215","ELEMENT":"f.46184FC8CB979803EFB42F6A75FB8695.d.AB81163FA132FF03249B7962439B9979.e.9215"}]}
COMMAND: GET /session/ad66f158aa4d4ab6ef13355aa7850eca/screenshot - {}
RESULT: {}
RESULT: {"script":"<script> [5351 bytes]","args":[{"element-6066-11e4-a52e-4f735466cecf":"f.46184FC8CB979803EFB42F6A75FB8695.d.AB81163FA132FF03249B7962439B9979.e.9215","ELEMENT":"f.46184FC8CB979803EFB42F6A75FB8695.d.AB81163FA132FF03249B7962439B9979.e.9215"}]}
COMMAND: GET /session/ad66f158aa4d4ab6ef13355aa7850eca/screenshot - {}
RESULT: {}
RESULT: {}
COMMAND: POST /session/ad66f158aa4d4ab6ef13355aa7850eca/element - {"using":"xpath","value":"//span[@id=\"application-managepartners-display-component---masterPtm--smartTable-header-inner\"]"}
RESULT: {"using":"xpath","value":"//span[@id=\"application-managepartners-display-component---masterPtm--smartTable-header-inner\"]"}
COMMAND: POST /session/ad66f158aa4d4ab6ef13355aa7850eca/elements - {"using":"xpath","value":"//span[@id=\"application-managepartners-display-component---masterPtm--smartTable-header-inner\"]"}
RESULT: {"using":"xpath","value":"//span[@id=\"application-managepartners-display-component---masterPtm--smartTable-header-inner\"]"}
COMMAND: POST /session/ad66f158aa4d4ab6ef13355aa7850eca/execute/sync - {"script":"<script> [56 bytes]","args":[{"element-6066-11e4-a52e-4f735466cecf":"f.46184FC8CB979803EFB42F6A75FB8695.d.AB81163FA132FF03249B7962439B9979.e.9340","ELEMENT":"f.46184FC8CB979803EFB42F6A75FB8695.d.AB81163FA132FF03249B7962439B9979.e.9340"}]}
RESULT: {"script":"<script> [56 bytes]","args":[{"element-6066-11e4-a52e-4f735466cecf":"f.46184FC8CB979803EFB42F6A75FB8695.d.AB81163FA132FF03249B7962439B9979.e.9340","ELEMENT":"f.46184FC8CB979803EFB42F6A75FB8695.d.AB81163FA132FF03249B7962439B9979.e.9340"}]}
RESULT: undefined
COMMAND: POST /session/ad66f158aa4d4ab6ef13355aa7850eca/execute/async - {"script":"<script> [776 bytes]","args":[{"enterText":"1354","selector":{"id":"application-managepartners-display-component---masterPtm--smartFilterBar-btnBasicSearch","interaction":{"idSuffix":"I"}},"clearTextFirst":true,"interactionType":"ENTER_TEXT"}]}
COMMAND: GET /session/ad66f158aa4d4ab6ef13355aa7850eca/screenshot - {}
RESULT: {"script":"<script> [776 bytes]","args":[{"enterText":"1354","selector":{"id":"application-managepartners-display-component---masterPtm--smartFilterBar-btnBasicSearch","interaction":{"idSuffix":"I"}},"clearTextFirst":true,"interactionType":"ENTER_TEXT"}]}
COMMAND: POST /session/ad66f158aa4d4ab6ef13355aa7850eca/actions - {"actions":[{"id":"action26","type":"key","parameters":{},"actions":[{"type":"keyDown","value":""},{"type":"pause","duration":10},{"type":"keyUp","value":""}]}]}
RESULT: {}
RESULT: {"actions":[{"id":"action26","type":"key","parameters":{},"actions":[{"type":"keyDown","value":""},{"type":"pause","duration":10},{"type":"keyUp","value":""}]}]}
COMMAND: GET /session/ad66f158aa4d4ab6ef13355aa7850eca/screenshot - {}
RESULT: {}
COMMAND: POST /session/ad66f158aa4d4ab6ef13355aa7850eca/elements - {"using":"xpath","value":"//table[contains(@id, \"customPartnersTable-listUl\")]/tbody/tr"}
RESULT: {"using":"xpath","value":"//table[contains(@id, \"customPartnersTable-listUl\")]/tbody/tr"}
COMMAND: POST /session/ad66f158aa4d4ab6ef13355aa7850eca/element - {"using":"xpath","value":"//table[contains(@id, \"customPartnersTable-listUl\")]/tbody/tr[1]/td[3]/span"}
RESULT: {"using":"xpath","value":"//table[contains(@id, \"customPartnersTable-listUl\")]/tbody/tr[1]/td[3]/span"}
COMMAND: POST /session/ad66f158aa4d4ab6ef13355aa7850eca/elements - {"using":"xpath","value":"//table[contains(@id, \"customPartnersTable-listUl\")]/tbody/tr[1]/td[3]/span"}
RESULT: {"using":"xpath","value":"//table[contains(@id, \"customPartnersTable-listUl\")]/tbody/tr[1]/td[3]/span"}
COMMAND: POST /session/ad66f158aa4d4ab6ef13355aa7850eca/execute/sync - {"script":"<script> [56 bytes]","args":[{"element-6066-11e4-a52e-4f735466cecf":"f.46184FC8CB979803EFB42F6A75FB8695.d.AB81163FA132FF03249B7962439B9979.e.9351","ELEMENT":"f.46184FC8CB979803EFB42F6A75FB8695.d.AB81163FA132FF03249B7962439B9979.e.9351"}]}
RESULT: {"script":"<script> [56 bytes]","args":[{"element-6066-11e4-a52e-4f735466cecf":"f.46184FC8CB979803EFB42F6A75FB8695.d.AB81163FA132FF03249B7962439B9979.e.9351","ELEMENT":"f.46184FC8CB979803EFB42F6A75FB8695.d.AB81163FA132FF03249B7962439B9979.e.9351"}]}
COMMAND: POST /session/ad66f158aa4d4ab6ef13355aa7850eca/element - {"using":"xpath","value":"//div[contains(@id, \"smartFilterBar-btnBasicSearch-reset\")]"}
COMMAND: GET /session/ad66f158aa4d4ab6ef13355aa7850eca/screenshot - {}
RESULT: {"using":"xpath","value":"//div[contains(@id, \"smartFilterBar-btnBasicSearch-reset\")]"}
COMMAND: POST /session/ad66f158aa4d4ab6ef13355aa7850eca/element/f.46184FC8CB979803EFB42F6A75FB8695.d.AB81163FA132FF03249B7962439B9979.e.9352/click - {}
RESULT: {}
RESULT: {}
COMMAND: GET /session/ad66f158aa4d4ab6ef13355aa7850eca/screenshot - {}
RESULT: {}
RESULT: undefined
COMMAND: POST /session/ad66f158aa4d4ab6ef13355aa7850eca/element - {"using":"xpath","value":"//*[@id=\"application-managepartners-display-component---masterPtm--smartFilterBar-filterItemControl_BASIC-MAIN_ADDRESS-vhi\"]"}
RESULT: {"using":"xpath","value":"//*[@id=\"application-managepartners-display-component---masterPtm--smartFilterBar-filterItemControl_BASIC-MAIN_ADDRESS-vhi\"]"}
COMMAND: POST /session/ad66f158aa4d4ab6ef13355aa7850eca/element/f.46184FC8CB979803EFB42F6A75FB8695.d.AB81163FA132FF03249B7962439B9979.e.9455/click - {}
RESULT: {}
COMMAND: GET /session/ad66f158aa4d4ab6ef13355aa7850eca/screenshot - {}
RESULT: {}
RESULT: undefined
COMMAND: POST /session/ad66f158aa4d4ab6ef13355aa7850eca/execute/async - {"script":"<script> [776 bytes]","args":[{"enterText":"Romania","selector":{"id":"application-managepartners-display-component---masterPtm--smartFilterBar-filterItemControl_BASIC-MAIN_ADDRESS-valueHelpDialog-smartFilterBar-btnBasicSearch","searchOpenDialogs":true,"interaction":{"idSuffix":"I"}},"clearTextFirst":true,"interactionType":"ENTER_TEXT"}]}
RESULT: {"script":"<script> [776 bytes]","args":[{"enterText":"Romania","selector":{"id":"application-managepartners-display-component---masterPtm--smartFilterBar-filterItemControl_BASIC-MAIN_ADDRESS-valueHelpDialog-smartFilterBar-btnBasicSearch","searchOpenDialogs":true,"interaction":{"idSuffix":"I"}},"clearTextFirst":true,"interactionType":"ENTER_TEXT"}]}
COMMAND: POST /session/ad66f158aa4d4ab6ef13355aa7850eca/actions - {"actions":[{"id":"action27","type":"key","parameters":{},"actions":[{"type":"keyDown","value":""},{"type":"pause","duration":10},{"type":"keyUp","value":""}]}]}
RESULT: {"actions":[{"id":"action27","type":"key","parameters":{},"actions":[{"type":"keyDown","value":""},{"type":"pause","duration":10},{"type":"keyUp","value":""}]}]}
COMMAND: GET /session/ad66f158aa4d4ab6ef13355aa7850eca/screenshot - {}
RESULT: {}
COMMAND: POST /session/ad66f158aa4d4ab6ef13355aa7850eca/elements - {"using":"xpath","value":"//table[contains(@id, \"smartFilterBar-filterItemControl_BASIC-MAIN_ADDRESS-valueHelpDialog-table-table\")]/tbody/tr"}
RESULT: {"using":"xpath","value":"//table[contains(@id, \"smartFilterBar-filterItemControl_BASIC-MAIN_ADDRESS-valueHelpDialog-table-table\")]/tbody/tr"}
COMMAND: POST /session/ad66f158aa4d4ab6ef13355aa7850eca/element - {"using":"xpath","value":"//table[contains(@id, \"smartFilterBar-filterItemControl_BASIC-MAIN_ADDRESS-valueHelpDialog-table-table\")]/tbody/tr[1]/td[1]/div/span"}
RESULT: {"using":"xpath","value":"//table[contains(@id, \"smartFilterBar-filterItemControl_BASIC-MAIN_ADDRESS-valueHelpDialog-table-table\")]/tbody/tr[1]/td[1]/div/span"}
COMMAND: POST /session/ad66f158aa4d4ab6ef13355aa7850eca/elements - {"using":"xpath","value":"//table[contains(@id, \"smartFilterBar-filterItemControl_BASIC-MAIN_ADDRESS-valueHelpDialog-table-table\")]/tbody/tr[1]/td[1]/div/span"}
RESULT: {"using":"xpath","value":"//table[contains(@id, \"smartFilterBar-filterItemControl_BASIC-MAIN_ADDRESS-valueHelpDialog-table-table\")]/tbody/tr[1]/td[1]/div/span"}
COMMAND: POST /session/ad66f158aa4d4ab6ef13355aa7850eca/execute/sync - {"script":"<script> [56 bytes]","args":[{"element-6066-11e4-a52e-4f735466cecf":"f.46184FC8CB979803EFB42F6A75FB8695.d.AB81163FA132FF03249B7962439B9979.e.9476","ELEMENT":"f.46184FC8CB979803EFB42F6A75FB8695.d.AB81163FA132FF03249B7962439B9979.e.9476"}]}
RESULT: {"script":"<script> [56 bytes]","args":[{"element-6066-11e4-a52e-4f735466cecf":"f.46184FC8CB979803EFB42F6A75FB8695.d.AB81163FA132FF03249B7962439B9979.e.9476","ELEMENT":"f.46184FC8CB979803EFB42F6A75FB8695.d.AB81163FA132FF03249B7962439B9979.e.9476"}]}
COMMAND: POST /session/ad66f158aa4d4ab6ef13355aa7850eca/element - {"using":"xpath","value":"//div[contains(@id, \"filterItemControl_BASIC-MAIN_ADDRESS-valueHelpDialog-table-rowsel0\")]"}
COMMAND: GET /session/ad66f158aa4d4ab6ef13355aa7850eca/screenshot - {}
RESULT: {"using":"xpath","value":"//div[contains(@id, \"filterItemControl_BASIC-MAIN_ADDRESS-valueHelpDialog-table-rowsel0\")]"}
COMMAND: POST /session/ad66f158aa4d4ab6ef13355aa7850eca/element/f.46184FC8CB979803EFB42F6A75FB8695.d.AB81163FA132FF03249B7962439B9979.e.9477/click - {}
RESULT: {}
RESULT: {}
COMMAND: GET /session/ad66f158aa4d4ab6ef13355aa7850eca/screenshot - {}
RESULT: {}
RESULT: undefined
COMMAND: POST /session/ad66f158aa4d4ab6ef13355aa7850eca/execute/async - {"script":"<script> [776 bytes]","args":[{"enterText":"Germany","selector":{"id":"application-managepartners-display-component---masterPtm--smartFilterBar-filterItemControl_BASIC-MAIN_ADDRESS-valueHelpDialog-smartFilterBar-btnBasicSearch","searchOpenDialogs":true,"interaction":{"idSuffix":"I"}},"clearTextFirst":true,"interactionType":"ENTER_TEXT"}]}
RESULT: {"script":"<script> [776 bytes]","args":[{"enterText":"Germany","selector":{"id":"application-managepartners-display-component---masterPtm--smartFilterBar-filterItemControl_BASIC-MAIN_ADDRESS-valueHelpDialog-smartFilterBar-btnBasicSearch","searchOpenDialogs":true,"interaction":{"idSuffix":"I"}},"clearTextFirst":true,"interactionType":"ENTER_TEXT"}]}
COMMAND: POST /session/ad66f158aa4d4ab6ef13355aa7850eca/actions - {"actions":[{"id":"action28","type":"key","parameters":{},"actions":[{"type":"keyDown","value":""},{"type":"pause","duration":10},{"type":"keyUp","value":""}]}]}
RESULT: {"actions":[{"id":"action28","type":"key","parameters":{},"actions":[{"type":"keyDown","value":""},{"type":"pause","duration":10},{"type":"keyUp","value":""}]}]}
COMMAND: GET /session/ad66f158aa4d4ab6ef13355aa7850eca/screenshot - {}
RESULT: {}
COMMAND: POST /session/ad66f158aa4d4ab6ef13355aa7850eca/elements - {"using":"xpath","value":"//table[contains(@id, \"smartFilterBar-filterItemControl_BASIC-MAIN_ADDRESS-valueHelpDialog-table-table\")]/tbody/tr"}
RESULT: {"using":"xpath","value":"//table[contains(@id, \"smartFilterBar-filterItemControl_BASIC-MAIN_ADDRESS-valueHelpDialog-table-table\")]/tbody/tr"}
COMMAND: POST /session/ad66f158aa4d4ab6ef13355aa7850eca/element - {"using":"xpath","value":"//table[contains(@id, \"smartFilterBar-filterItemControl_BASIC-MAIN_ADDRESS-valueHelpDialog-table-table\")]/tbody/tr[1]/td[1]/div/span"}
RESULT: {"using":"xpath","value":"//table[contains(@id, \"smartFilterBar-filterItemControl_BASIC-MAIN_ADDRESS-valueHelpDialog-table-table\")]/tbody/tr[1]/td[1]/div/span"}
COMMAND: POST /session/ad66f158aa4d4ab6ef13355aa7850eca/elements - {"using":"xpath","value":"//table[contains(@id, \"smartFilterBar-filterItemControl_BASIC-MAIN_ADDRESS-valueHelpDialog-table-table\")]/tbody/tr[1]/td[1]/div/span"}
RESULT: {"using":"xpath","value":"//table[contains(@id, \"smartFilterBar-filterItemControl_BASIC-MAIN_ADDRESS-valueHelpDialog-table-table\")]/tbody/tr[1]/td[1]/div/span"}
COMMAND: POST /session/ad66f158aa4d4ab6ef13355aa7850eca/execute/sync - {"script":"<script> [56 bytes]","args":[{"element-6066-11e4-a52e-4f735466cecf":"f.46184FC8CB979803EFB42F6A75FB8695.d.AB81163FA132FF03249B7962439B9979.e.9476","ELEMENT":"f.46184FC8CB979803EFB42F6A75FB8695.d.AB81163FA132FF03249B7962439B9979.e.9476"}]}
RESULT: {"script":"<script> [56 bytes]","args":[{"element-6066-11e4-a52e-4f735466cecf":"f.46184FC8CB979803EFB42F6A75FB8695.d.AB81163FA132FF03249B7962439B9979.e.9476","ELEMENT":"f.46184FC8CB979803EFB42F6A75FB8695.d.AB81163FA132FF03249B7962439B9979.e.9476"}]}
COMMAND: POST /session/ad66f158aa4d4ab6ef13355aa7850eca/element - {"using":"xpath","value":"//div[contains(@id, \"filterItemControl_BASIC-MAIN_ADDRESS-valueHelpDialog-table-rowsel0\")]"}
COMMAND: GET /session/ad66f158aa4d4ab6ef13355aa7850eca/screenshot - {}
RESULT: {"using":"xpath","value":"//div[contains(@id, \"filterItemControl_BASIC-MAIN_ADDRESS-valueHelpDialog-table-rowsel0\")]"}
COMMAND: POST /session/ad66f158aa4d4ab6ef13355aa7850eca/element/f.46184FC8CB979803EFB42F6A75FB8695.d.AB81163FA132FF03249B7962439B9979.e.9477/click - {}
RESULT: {}
RESULT: {}
COMMAND: GET /session/ad66f158aa4d4ab6ef13355aa7850eca/screenshot - {}
RESULT: {}
RESULT: undefined
COMMAND: POST /session/ad66f158aa4d4ab6ef13355aa7850eca/execute/async - {"script":"<script> [776 bytes]","args":[{"enterText":"Argentina","selector":{"id":"application-managepartners-display-component---masterPtm--smartFilterBar-filterItemControl_BASIC-MAIN_ADDRESS-valueHelpDialog-smartFilterBar-btnBasicSearch","searchOpenDialogs":true,"interaction":{"idSuffix":"I"}},"clearTextFirst":true,"interactionType":"ENTER_TEXT"}]}
RESULT: {"script":"<script> [776 bytes]","args":[{"enterText":"Argentina","selector":{"id":"application-managepartners-display-component---masterPtm--smartFilterBar-filterItemControl_BASIC-MAIN_ADDRESS-valueHelpDialog-smartFilterBar-btnBasicSearch","searchOpenDialogs":true,"interaction":{"idSuffix":"I"}},"clearTextFirst":true,"interactionType":"ENTER_TEXT"}]}
COMMAND: POST /session/ad66f158aa4d4ab6ef13355aa7850eca/actions - {"actions":[{"id":"action29","type":"key","parameters":{},"actions":[{"type":"keyDown","value":""},{"type":"pause","duration":10},{"type":"keyUp","value":""}]}]}
RESULT: {"actions":[{"id":"action29","type":"key","parameters":{},"actions":[{"type":"keyDown","value":""},{"type":"pause","duration":10},{"type":"keyUp","value":""}]}]}
COMMAND: GET /session/ad66f158aa4d4ab6ef13355aa7850eca/screenshot - {}
RESULT: {}
COMMAND: POST /session/ad66f158aa4d4ab6ef13355aa7850eca/element - {"using":"xpath","value":"//div[contains(@id, \"filterItemControl_BASIC-MAIN_ADDRESS-valueHelpDialog-table-rowsel0\")]"}
RESULT: {"using":"xpath","value":"//div[contains(@id, \"filterItemControl_BASIC-MAIN_ADDRESS-valueHelpDialog-table-rowsel0\")]"}
COMMAND: POST /session/ad66f158aa4d4ab6ef13355aa7850eca/element/f.46184FC8CB979803EFB42F6A75FB8695.d.AB81163FA132FF03249B7962439B9979.e.9477/click - {}
RESULT: {}
COMMAND: GET /session/ad66f158aa4d4ab6ef13355aa7850eca/screenshot - {}
RESULT: {}
COMMAND: POST /session/ad66f158aa4d4ab6ef13355aa7850eca/element - {"using":"xpath","value":"(//bdi[contains(text(), \"OK\")])[1]"}
RESULT: {"using":"xpath","value":"(//bdi[contains(text(), \"OK\")])[1]"}
COMMAND: POST /session/ad66f158aa4d4ab6ef13355aa7850eca/element/f.46184FC8CB979803EFB42F6A75FB8695.d.AB81163FA132FF03249B7962439B9979.e.9480/click - {}
RESULT: {}
COMMAND: GET /session/ad66f158aa4d4ab6ef13355aa7850eca/screenshot - {}
RESULT: {}
COMMAND: POST /session/ad66f158aa4d4ab6ef13355aa7850eca/element - {"using":"xpath","value":"//span[@id=\"application-managepartners-display-component---masterPtm--smartTable-header-inner\"]"}
RESULT: {"using":"xpath","value":"//span[@id=\"application-managepartners-display-component---masterPtm--smartTable-header-inner\"]"}
COMMAND: POST /session/ad66f158aa4d4ab6ef13355aa7850eca/elements - {"using":"xpath","value":"//span[@id=\"application-managepartners-display-component---masterPtm--smartTable-header-inner\"]"}
RESULT: {"using":"xpath","value":"//span[@id=\"application-managepartners-display-component---masterPtm--smartTable-header-inner\"]"}
COMMAND: POST /session/ad66f158aa4d4ab6ef13355aa7850eca/execute/sync - {"script":"<script> [56 bytes]","args":[{"element-6066-11e4-a52e-4f735466cecf":"f.46184FC8CB979803EFB42F6A75FB8695.d.AB81163FA132FF03249B7962439B9979.e.9340","ELEMENT":"f.46184FC8CB979803EFB42F6A75FB8695.d.AB81163FA132FF03249B7962439B9979.e.9340"}]}
RESULT: {"script":"<script> [56 bytes]","args":[{"element-6066-11e4-a52e-4f735466cecf":"f.46184FC8CB979803EFB42F6A75FB8695.d.AB81163FA132FF03249B7962439B9979.e.9340","ELEMENT":"f.46184FC8CB979803EFB42F6A75FB8695.d.AB81163FA132FF03249B7962439B9979.e.9340"}]}
COMMAND: POST /session/ad66f158aa4d4ab6ef13355aa7850eca/element - {"using":"xpath","value":"//span[contains(@title, \"Remove\")]"}
COMMAND: GET /session/ad66f158aa4d4ab6ef13355aa7850eca/screenshot - {}
RESULT: {"using":"xpath","value":"//span[contains(@title, \"Remove\")]"}
COMMAND: POST /session/ad66f158aa4d4ab6ef13355aa7850eca/element/f.46184FC8CB979803EFB42F6A75FB8695.d.AB81163FA132FF03249B7962439B9979.e.9512/click - {}
RESULT: {}
COMMAND: GET /session/ad66f158aa4d4ab6ef13355aa7850eca/screenshot - {}
RESULT: {}
COMMAND: GET /session/ad66f158aa4d4ab6ef13355aa7850eca/screenshot - {}
COMMAND: POST /session/ad66f158aa4d4ab6ef13355aa7850eca/element - {"using":"css selector","value":"#j_username"}
COMMAND: POST /session/ad66f158aa4d4ab6ef13355aa7850eca/url - {"url":"https://qa-testing-00-live-etm-ui.cfapps.eu10-004.hana.ondemand.com/"}
COMMAND: GET /session/ad66f158aa4d4ab6ef13355aa7850eca/screenshot - {}
RESULT: {}
RESULT: {"url":"https://qa-testing-00-live-etm-ui.cfapps.eu10-004.hana.ondemand.com/"}
RESULT: undefined
COMMAND: GET /session/ad66f158aa4d4ab6ef13355aa7850eca/screenshot - {}
RESULT: {"using":"css selector","value":"#j_username"}
COMMAND: POST /session/ad66f158aa4d4ab6ef13355aa7850eca/element - {"using":"css selector","value":"#j_username"}
RESULT: {}
RESULT: {}
RESULT: {"using":"css selector","value":"#j_username"}
COMMAND: POST /session/ad66f158aa4d4ab6ef13355aa7850eca/element - {"using":"css selector","value":"#shell-header-logo"}
RESULT: {"using":"css selector","value":"#shell-header-logo"}
COMMAND: POST /session/ad66f158aa4d4ab6ef13355aa7850eca/execute/sync - {"script":"<script> [8489 bytes]","args":[{"element-6066-11e4-a52e-4f735466cecf":"f.46184FC8CB979803EFB42F6A75FB8695.d.2D2B924D41553927E182D05E1CDF423C.e.9529","ELEMENT":"f.46184FC8CB979803EFB42F6A75FB8695.d.2D2B924D41553927E182D05E1CDF423C.e.9529"}]}
RESULT: {"script":"<script> [8489 bytes]","args":[{"element-6066-11e4-a52e-4f735466cecf":"f.46184FC8CB979803EFB42F6A75FB8695.d.2D2B924D41553927E182D05E1CDF423C.e.9529","ELEMENT":"f.46184FC8CB979803EFB42F6A75FB8695.d.2D2B924D41553927E182D05E1CDF423C.e.9529"}]}
COMMAND: POST /session/ad66f158aa4d4ab6ef13355aa7850eca/element - {"using":"css selector","value":"#shell-header-logo"}
COMMAND: GET /session/ad66f158aa4d4ab6ef13355aa7850eca/screenshot - {}
RESULT: {"using":"css selector","value":"#shell-header-logo"}
COMMAND: POST /session/ad66f158aa4d4ab6ef13355aa7850eca/execute/sync - {"script":"<script> [8489 bytes]","args":[{"element-6066-11e4-a52e-4f735466cecf":"f.46184FC8CB979803EFB42F6A75FB8695.d.2D2B924D41553927E182D05E1CDF423C.e.9529","ELEMENT":"f.46184FC8CB979803EFB42F6A75FB8695.d.2D2B924D41553927E182D05E1CDF423C.e.9529"}]}
RESULT: {}
RESULT: {"script":"<script> [8489 bytes]","args":[{"element-6066-11e4-a52e-4f735466cecf":"f.46184FC8CB979803EFB42F6A75FB8695.d.2D2B924D41553927E182D05E1CDF423C.e.9529","ELEMENT":"f.46184FC8CB979803EFB42F6A75FB8695.d.2D2B924D41553927E182D05E1CDF423C.e.9529"}]}
COMMAND: POST /session/ad66f158aa4d4ab6ef13355aa7850eca/execute/sync - {"script":"<script> [5351 bytes]","args":[{"element-6066-11e4-a52e-4f735466cecf":"f.46184FC8CB979803EFB42F6A75FB8695.d.2D2B924D41553927E182D05E1CDF423C.e.9529","ELEMENT":"f.46184FC8CB979803EFB42F6A75FB8695.d.2D2B924D41553927E182D05E1CDF423C.e.9529"}]}
COMMAND: GET /session/ad66f158aa4d4ab6ef13355aa7850eca/screenshot - {}
RESULT: {"script":"<script> [5351 bytes]","args":[{"element-6066-11e4-a52e-4f735466cecf":"f.46184FC8CB979803EFB42F6A75FB8695.d.2D2B924D41553927E182D05E1CDF423C.e.9529","ELEMENT":"f.46184FC8CB979803EFB42F6A75FB8695.d.2D2B924D41553927E182D05E1CDF423C.e.9529"}]}
COMMAND: POST /session/ad66f158aa4d4ab6ef13355aa7850eca/element - {"using":"css selector","value":"#shell-header-logo"}
COMMAND: GET /session/ad66f158aa4d4ab6ef13355aa7850eca/screenshot - {}
RESULT: {}
RESULT: {"using":"css selector","value":"#shell-header-logo"}
COMMAND: POST /session/ad66f158aa4d4ab6ef13355aa7850eca/element/f.46184FC8CB979803EFB42F6A75FB8695.d.2D2B924D41553927E182D05E1CDF423C.e.9529/click - {}
RESULT: {}
RESULT: {}
COMMAND: GET /session/ad66f158aa4d4ab6ef13355aa7850eca/screenshot - {}
RESULT: {}
COMMAND: POST /session/ad66f158aa4d4ab6ef13355aa7850eca/execute/async - {"script":"<script> [189 bytes]","args":[]}
RESULT: {"script":"<script> [189 bytes]","args":[]}
COMMAND: POST /session/ad66f158aa4d4ab6ef13355aa7850eca/execute/async - {"script":"<script> [123 bytes]","args":[]}
RESULT: {"script":"<script> [123 bytes]","args":[]}
COMMAND: POST /session/ad66f158aa4d4ab6ef13355aa7850eca/timeouts - {"script":"<number>"}
RESULT: {"script":"<number>"}
COMMAND: GET /session/ad66f158aa4d4ab6ef13355aa7850eca/timeouts - {}
RESULT: {}
RESULT: undefined
COMMAND: POST /session/ad66f158aa4d4ab6ef13355aa7850eca/execute/async - {"script":"<script> [2676 bytes]","args":[]}
RESULT: {"script":"<script> [2676 bytes]","args":[]}
COMMAND: POST /session/ad66f158aa4d4ab6ef13355aa7850eca/execute/async - {"script":"<script> [2342 bytes]","args":[{"protocol":"http","hostname":"0.0.0.0","path":"/","capabilities":{"browserName":"chrome","goog:chromeOptions":{"binary":"C:\\Program Files\\Google\\Chrome\\Application\\chrome.exe","args":["--start-maximized"]}},"logLevel":"warn","connectionRetryTimeout":120000,"connectionRetryCount":3,"logLevels":{},"enableDirectConnect":true,"strictSSL":true,"_":"65 more keys: [\"cacheDir\",\"port\",\"requestedCapabilities\",\"automationProtocol\",\"baseUrl\",\"waitforInterval\",\"waitforTimeout\",\"onReload\",\"beforeCommand\",\"afterCommand\",\"rootDir\",\"specs\",\"suites\",\"exclude\",\"groupLogsByTestSpec\",\"excludeDriverLogs\",\"bail\",\"framework\",\"reporters\",\"services\",\"maxInstances\",\"maxInstancesPerCapability\",\"injectGlobals\",\"filesToWatch\",\"execArgv\",\"runnerEnv\",\"runner\",\"shard\",\"specFileRetries\",\"specFileRetriesDelay\",\"specFileRetriesDeferred\",\"reporterSyncInterval\",\"reporterSyncTimeout\",\"cucumberFeaturesWithLineNumbers\",\"autoCompileOpts\",\"mochaOpts\",\"jasmineOpts\",\"cucumberOpts\",\"onPrepare\",\"onWorkerStart\",\"onWorkerEnd\",\"before\",\"beforeSession\",\"beforeSuite\",\"beforeHook\",\"beforeTest\",\"afterTest\",\"afterHook\",\"afterSuite\",\"afterSession\",\"after\",\"onComplete\",\"beforeAssertion\",\"afterAssertion\",\"beforeFeature\",\"beforeScenario\",\"beforeStep\",\"afterStep\",\"afterScenario\",\"afterFeature\",\"_\",\"suite\",\"$0\",\"ignoredWorkerServices\",\"wdi5\"]"}]}
RESULT: {"script":"<script> [2342 bytes]","args":[{"protocol":"http","hostname":"0.0.0.0","path":"/","capabilities":{"browserName":"chrome","goog:chromeOptions":{"binary":"C:\\Program Files\\Google\\Chrome\\Application\\chrome.exe","args":["--start-maximized"]}},"logLevel":"warn","connectionRetryTimeout":120000,"connectionRetryCount":3,"logLevels":{},"enableDirectConnect":true,"strictSSL":true,"_":"65 more keys: [\"cacheDir\",\"port\",\"requestedCapabilities\",\"automationProtocol\",\"baseUrl\",\"waitforInterval\",\"waitforTimeout\",\"onReload\",\"beforeCommand\",\"afterCommand\",\"rootDir\",\"specs\",\"suites\",\"exclude\",\"groupLogsByTestSpec\",\"excludeDriverLogs\",\"bail\",\"framework\",\"reporters\",\"services\",\"maxInstances\",\"maxInstancesPerCapability\",\"injectGlobals\",\"filesToWatch\",\"execArgv\",\"runnerEnv\",\"runner\",\"shard\",\"specFileRetries\",\"specFileRetriesDelay\",\"specFileRetriesDeferred\",\"reporterSyncInterval\",\"reporterSyncTimeout\",\"cucumberFeaturesWithLineNumbers\",\"autoCompileOpts\",\"mochaOpts\",\"jasmineOpts\",\"cucumberOpts\",\"onPrepare\",\"onWorkerStart\",\"onWorkerEnd\",\"before\",\"beforeSession\",\"beforeSuite\",\"beforeHook\",\"beforeTest\",\"afterTest\",\"afterHook\",\"afterSuite\",\"afterSession\",\"after\",\"onComplete\",\"beforeAssertion\",\"afterAssertion\",\"beforeFeature\",\"beforeScenario\",\"beforeStep\",\"afterStep\",\"afterScenario\",\"afterFeature\",\"_\",\"suite\",\"$0\",\"ignoredWorkerServices\",\"wdi5\"]"}]}
COMMAND: POST /session/ad66f158aa4d4ab6ef13355aa7850eca/execute/async - {"script":"<script> [21126 bytes]","args":[35000]}
RESULT: {"script":"<script> [21126 bytes]","args":[35000]}
COMMAND: POST /session/ad66f158aa4d4ab6ef13355aa7850eca/window/maximize - {}
RESULT: {}
COMMAND: POST /session/ad66f158aa4d4ab6ef13355aa7850eca/execute/async - {"script":"<script> [1562 bytes]","args":[{"selector":{"id":"shell-header","interaction":{"idSuffix":"icon"}},"wdio_ui5_key":"shellheader"}]}
COMMAND: GET /session/ad66f158aa4d4ab6ef13355aa7850eca/screenshot - {}
RESULT: {"script":"<script> [1562 bytes]","args":[{"selector":{"id":"shell-header","interaction":{"idSuffix":"icon"}},"wdio_ui5_key":"shellheader"}]}
RESULT: undefined
COMMAND: POST /session/ad66f158aa4d4ab6ef13355aa7850eca/refresh - {}
RESULT: {}
RESULT: {}
COMMAND: GET /session/ad66f158aa4d4ab6ef13355aa7850eca/screenshot - {}
RESULT: {}
COMMAND: POST /session/ad66f158aa4d4ab6ef13355aa7850eca/refresh - {}
RESULT: {}
COMMAND: GET /session/ad66f158aa4d4ab6ef13355aa7850eca/screenshot - {}
RESULT: {}
COMMAND: POST /session/ad66f158aa4d4ab6ef13355aa7850eca/window/fullscreen - {}
RESULT: {}
COMMAND: POST /session/ad66f158aa4d4ab6ef13355aa7850eca/execute/async - {"script":"<script> [189 bytes]","args":[]}
RESULT: {"script":"<script> [189 bytes]","args":[]}
COMMAND: POST /session/ad66f158aa4d4ab6ef13355aa7850eca/execute/async - {"script":"<script> [123 bytes]","args":[]}
RESULT: {"script":"<script> [123 bytes]","args":[]}
COMMAND: POST /session/ad66f158aa4d4ab6ef13355aa7850eca/timeouts - {"script":"<number>"}
RESULT: {"script":"<number>"}
COMMAND: GET /session/ad66f158aa4d4ab6ef13355aa7850eca/timeouts - {}
RESULT: {}
RESULT: undefined
COMMAND: POST /session/ad66f158aa4d4ab6ef13355aa7850eca/execute/async - {"script":"<script> [2676 bytes]","args":[]}
RESULT: {"script":"<script> [2676 bytes]","args":[]}
COMMAND: POST /session/ad66f158aa4d4ab6ef13355aa7850eca/execute/async - {"script":"<script> [2342 bytes]","args":[{"protocol":"http","hostname":"0.0.0.0","path":"/","capabilities":{"browserName":"chrome","goog:chromeOptions":{"binary":"C:\\Program Files\\Google\\Chrome\\Application\\chrome.exe","args":["--start-maximized"]}},"logLevel":"warn","connectionRetryTimeout":120000,"connectionRetryCount":3,"logLevels":{},"enableDirectConnect":true,"strictSSL":true,"_":"65 more keys: [\"cacheDir\",\"port\",\"requestedCapabilities\",\"automationProtocol\",\"baseUrl\",\"waitforInterval\",\"waitforTimeout\",\"onReload\",\"beforeCommand\",\"afterCommand\",\"rootDir\",\"specs\",\"suites\",\"exclude\",\"groupLogsByTestSpec\",\"excludeDriverLogs\",\"bail\",\"framework\",\"reporters\",\"services\",\"maxInstances\",\"maxInstancesPerCapability\",\"injectGlobals\",\"filesToWatch\",\"execArgv\",\"runnerEnv\",\"runner\",\"shard\",\"specFileRetries\",\"specFileRetriesDelay\",\"specFileRetriesDeferred\",\"reporterSyncInterval\",\"reporterSyncTimeout\",\"cucumberFeaturesWithLineNumbers\",\"autoCompileOpts\",\"mochaOpts\",\"jasmineOpts\",\"cucumberOpts\",\"onPrepare\",\"onWorkerStart\",\"onWorkerEnd\",\"before\",\"beforeSession\",\"beforeSuite\",\"beforeHook\",\"beforeTest\",\"afterTest\",\"afterHook\",\"afterSuite\",\"afterSession\",\"after\",\"onComplete\",\"beforeAssertion\",\"afterAssertion\",\"beforeFeature\",\"beforeScenario\",\"beforeStep\",\"afterStep\",\"afterScenario\",\"afterFeature\",\"_\",\"suite\",\"$0\",\"ignoredWorkerServices\",\"wdi5\"]"}]}
RESULT: {"script":"<script> [2342 bytes]","args":[{"protocol":"http","hostname":"0.0.0.0","path":"/","capabilities":{"browserName":"chrome","goog:chromeOptions":{"binary":"C:\\Program Files\\Google\\Chrome\\Application\\chrome.exe","args":["--start-maximized"]}},"logLevel":"warn","connectionRetryTimeout":120000,"connectionRetryCount":3,"logLevels":{},"enableDirectConnect":true,"strictSSL":true,"_":"65 more keys: [\"cacheDir\",\"port\",\"requestedCapabilities\",\"automationProtocol\",\"baseUrl\",\"waitforInterval\",\"waitforTimeout\",\"onReload\",\"beforeCommand\",\"afterCommand\",\"rootDir\",\"specs\",\"suites\",\"exclude\",\"groupLogsByTestSpec\",\"excludeDriverLogs\",\"bail\",\"framework\",\"reporters\",\"services\",\"maxInstances\",\"maxInstancesPerCapability\",\"injectGlobals\",\"filesToWatch\",\"execArgv\",\"runnerEnv\",\"runner\",\"shard\",\"specFileRetries\",\"specFileRetriesDelay\",\"specFileRetriesDeferred\",\"reporterSyncInterval\",\"reporterSyncTimeout\",\"cucumberFeaturesWithLineNumbers\",\"autoCompileOpts\",\"mochaOpts\",\"jasmineOpts\",\"cucumberOpts\",\"onPrepare\",\"onWorkerStart\",\"onWorkerEnd\",\"before\",\"beforeSession\",\"beforeSuite\",\"beforeHook\",\"beforeTest\",\"afterTest\",\"afterHook\",\"afterSuite\",\"afterSession\",\"after\",\"onComplete\",\"beforeAssertion\",\"afterAssertion\",\"beforeFeature\",\"beforeScenario\",\"beforeStep\",\"afterStep\",\"afterScenario\",\"afterFeature\",\"_\",\"suite\",\"$0\",\"ignoredWorkerServices\",\"wdi5\"]"}]}
COMMAND: POST /session/ad66f158aa4d4ab6ef13355aa7850eca/execute/async - {"script":"<script> [21126 bytes]","args":[35000]}
RESULT: {"script":"<script> [21126 bytes]","args":[35000]}
]]></system-out>
      <system-err><![CDATA[
element not interactable: element not interactable
  (Session info: chrome=136.0.7103.93)
    at async Context.<anonymous> (D:\a\1\s\test\specs\BTS\manage-partners.spec.js:1260:9)
]]></system-err>
    </testcase>
  </testsuite>
  <testsuite timestamp="2025-06-01T17:55:53" time="593.251" tests="4" failures="1" errors="1" skipped="0">
    <properties>
      <property name="specId" value="0"/>
      <property name="suiteName" value="Create partner US118246"/>
      <property name="capabilities" value="chrome.136_0_7103_93.windows"/>
      <property name="file" value="file:///D:/a/1/s/test/specs/BTS/create-partner.spec.js"/>
    </properties>
    <testcase classname="chrome.136_0_7103_93.windows.Create_partner_US118246" name="Should create a new yard in case create yard failed" time="134.423">
      <system-out><![CDATA[
COMMAND: POST /session/ad66f158aa4d4ab6ef13355aa7850eca/window/fullscreen - {}
RESULT: {}
COMMAND: POST /session/ad66f158aa4d4ab6ef13355aa7850eca/execute/async - {"script":"<script> [1562 bytes]","args":[{"selector":{"controlType":"sap.m.GenericTile","properties":{"header":"Manage Yards"}},"wdio_ui5_key":"sapm.GenericTile{\"header\":\"Manage Yards\"}"}]}
RESULT: {"script":"<script> [1562 bytes]","args":[{"selector":{"controlType":"sap.m.GenericTile","properties":{"header":"Manage Yards"}},"wdio_ui5_key":"sapm.GenericTile{\"header\":\"Manage Yards\"}"}]}
RESULT: undefined
COMMAND: POST /session/ad66f158aa4d4ab6ef13355aa7850eca/element - {"using":"xpath","value":"//*[@id=\"__tile41\"]"}
RESULT: {"using":"xpath","value":"//*[@id=\"__tile41\"]"}
COMMAND: POST /session/ad66f158aa4d4ab6ef13355aa7850eca/element/f.46184FC8CB979803EFB42F6A75FB8695.d.EC299B10F004505FF5C0FCB684824527.e.9691/click - {}
RESULT: {}
COMMAND: GET /session/ad66f158aa4d4ab6ef13355aa7850eca/screenshot - {}
RESULT: {}
COMMAND: POST /session/ad66f158aa4d4ab6ef13355aa7850eca/elements - {"using":"xpath","value":"//span[text()='Error']"}
RESULT: {"using":"xpath","value":"//span[text()='Error']"}
COMMAND: POST /session/ad66f158aa4d4ab6ef13355aa7850eca/element - {"using":"xpath","value":"//button[@data-kt=\"addNewYardOverflowToolbarButton\"]"}
RESULT: {"using":"xpath","value":"//button[@data-kt=\"addNewYardOverflowToolbarButton\"]"}
COMMAND: POST /session/ad66f158aa4d4ab6ef13355aa7850eca/elements - {"using":"xpath","value":"//button[@data-kt=\"addNewYardOverflowToolbarButton\"]"}
RESULT: {"using":"xpath","value":"//button[@data-kt=\"addNewYardOverflowToolbarButton\"]"}
COMMAND: POST /session/ad66f158aa4d4ab6ef13355aa7850eca/elements - {"using":"xpath","value":"//button[@data-kt=\"addNewYardOverflowToolbarButton\"]"}
RESULT: {"using":"xpath","value":"//button[@data-kt=\"addNewYardOverflowToolbarButton\"]"}
COMMAND: POST /session/ad66f158aa4d4ab6ef13355aa7850eca/elements - {"using":"xpath","value":"//button[@data-kt=\"addNewYardOverflowToolbarButton\"]"}
RESULT: {"using":"xpath","value":"//button[@data-kt=\"addNewYardOverflowToolbarButton\"]"}
COMMAND: POST /session/ad66f158aa4d4ab6ef13355aa7850eca/elements - {"using":"xpath","value":"//button[@data-kt=\"addNewYardOverflowToolbarButton\"]"}
RESULT: {"using":"xpath","value":"//button[@data-kt=\"addNewYardOverflowToolbarButton\"]"}
COMMAND: POST /session/ad66f158aa4d4ab6ef13355aa7850eca/elements - {"using":"xpath","value":"//button[@data-kt=\"addNewYardOverflowToolbarButton\"]"}
RESULT: {"using":"xpath","value":"//button[@data-kt=\"addNewYardOverflowToolbarButton\"]"}
COMMAND: POST /session/ad66f158aa4d4ab6ef13355aa7850eca/elements - {"using":"xpath","value":"//button[@data-kt=\"addNewYardOverflowToolbarButton\"]"}
RESULT: {"using":"xpath","value":"//button[@data-kt=\"addNewYardOverflowToolbarButton\"]"}
COMMAND: POST /session/ad66f158aa4d4ab6ef13355aa7850eca/elements - {"using":"xpath","value":"//button[@data-kt=\"addNewYardOverflowToolbarButton\"]"}
RESULT: {"using":"xpath","value":"//button[@data-kt=\"addNewYardOverflowToolbarButton\"]"}
COMMAND: POST /session/ad66f158aa4d4ab6ef13355aa7850eca/elements - {"using":"xpath","value":"//button[@data-kt=\"addNewYardOverflowToolbarButton\"]"}
RESULT: {"using":"xpath","value":"//button[@data-kt=\"addNewYardOverflowToolbarButton\"]"}
COMMAND: POST /session/ad66f158aa4d4ab6ef13355aa7850eca/elements - {"using":"xpath","value":"//button[@data-kt=\"addNewYardOverflowToolbarButton\"]"}
RESULT: {"using":"xpath","value":"//button[@data-kt=\"addNewYardOverflowToolbarButton\"]"}
COMMAND: POST /session/ad66f158aa4d4ab6ef13355aa7850eca/elements - {"using":"xpath","value":"//button[@data-kt=\"addNewYardOverflowToolbarButton\"]"}
RESULT: {"using":"xpath","value":"//button[@data-kt=\"addNewYardOverflowToolbarButton\"]"}
COMMAND: POST /session/ad66f158aa4d4ab6ef13355aa7850eca/elements - {"using":"xpath","value":"//button[@data-kt=\"addNewYardOverflowToolbarButton\"]"}
RESULT: {"using":"xpath","value":"//button[@data-kt=\"addNewYardOverflowToolbarButton\"]"}
COMMAND: POST /session/ad66f158aa4d4ab6ef13355aa7850eca/elements - {"using":"xpath","value":"//button[@data-kt=\"addNewYardOverflowToolbarButton\"]"}
RESULT: {"using":"xpath","value":"//button[@data-kt=\"addNewYardOverflowToolbarButton\"]"}
COMMAND: POST /session/ad66f158aa4d4ab6ef13355aa7850eca/elements - {"using":"xpath","value":"//button[@data-kt=\"addNewYardOverflowToolbarButton\"]"}
RESULT: {"using":"xpath","value":"//button[@data-kt=\"addNewYardOverflowToolbarButton\"]"}
COMMAND: POST /session/ad66f158aa4d4ab6ef13355aa7850eca/elements - {"using":"xpath","value":"//button[@data-kt=\"addNewYardOverflowToolbarButton\"]"}
RESULT: {"using":"xpath","value":"//button[@data-kt=\"addNewYardOverflowToolbarButton\"]"}
COMMAND: POST /session/ad66f158aa4d4ab6ef13355aa7850eca/elements - {"using":"xpath","value":"//button[@data-kt=\"addNewYardOverflowToolbarButton\"]"}
RESULT: {"using":"xpath","value":"//button[@data-kt=\"addNewYardOverflowToolbarButton\"]"}
COMMAND: POST /session/ad66f158aa4d4ab6ef13355aa7850eca/elements - {"using":"xpath","value":"//button[@data-kt=\"addNewYardOverflowToolbarButton\"]"}
RESULT: {"using":"xpath","value":"//button[@data-kt=\"addNewYardOverflowToolbarButton\"]"}
COMMAND: POST /session/ad66f158aa4d4ab6ef13355aa7850eca/elements - {"using":"xpath","value":"//button[@data-kt=\"addNewYardOverflowToolbarButton\"]"}
RESULT: {"using":"xpath","value":"//button[@data-kt=\"addNewYardOverflowToolbarButton\"]"}
COMMAND: POST /session/ad66f158aa4d4ab6ef13355aa7850eca/elements - {"using":"xpath","value":"//button[@data-kt=\"addNewYardOverflowToolbarButton\"]"}
RESULT: {"using":"xpath","value":"//button[@data-kt=\"addNewYardOverflowToolbarButton\"]"}
COMMAND: POST /session/ad66f158aa4d4ab6ef13355aa7850eca/elements - {"using":"xpath","value":"//button[@data-kt=\"addNewYardOverflowToolbarButton\"]"}
RESULT: {"using":"xpath","value":"//button[@data-kt=\"addNewYardOverflowToolbarButton\"]"}
COMMAND: POST /session/ad66f158aa4d4ab6ef13355aa7850eca/elements - {"using":"xpath","value":"//button[@data-kt=\"addNewYardOverflowToolbarButton\"]"}
RESULT: {"using":"xpath","value":"//button[@data-kt=\"addNewYardOverflowToolbarButton\"]"}
COMMAND: POST /session/ad66f158aa4d4ab6ef13355aa7850eca/elements - {"using":"xpath","value":"//button[@data-kt=\"addNewYardOverflowToolbarButton\"]"}
RESULT: {"using":"xpath","value":"//button[@data-kt=\"addNewYardOverflowToolbarButton\"]"}
COMMAND: POST /session/ad66f158aa4d4ab6ef13355aa7850eca/element - {"using":"xpath","value":"//button[@data-kt=\"addNewYardOverflowToolbarButton\"]"}
RESULT: {"using":"xpath","value":"//button[@data-kt=\"addNewYardOverflowToolbarButton\"]"}
COMMAND: POST /session/ad66f158aa4d4ab6ef13355aa7850eca/execute/sync - {"script":"<script> [8489 bytes]","args":[{"element-6066-11e4-a52e-4f735466cecf":"f.46184FC8CB979803EFB42F6A75FB8695.d.EC299B10F004505FF5C0FCB684824527.e.9818","ELEMENT":"f.46184FC8CB979803EFB42F6A75FB8695.d.EC299B10F004505FF5C0FCB684824527.e.9818"}]}
RESULT: {"script":"<script> [8489 bytes]","args":[{"element-6066-11e4-a52e-4f735466cecf":"f.46184FC8CB979803EFB42F6A75FB8695.d.EC299B10F004505FF5C0FCB684824527.e.9818","ELEMENT":"f.46184FC8CB979803EFB42F6A75FB8695.d.EC299B10F004505FF5C0FCB684824527.e.9818"}]}
COMMAND: GET /session/ad66f158aa4d4ab6ef13355aa7850eca/element/f.46184FC8CB979803EFB42F6A75FB8695.d.EC299B10F004505FF5C0FCB684824527.e.9818/enabled - {}
COMMAND: GET /session/ad66f158aa4d4ab6ef13355aa7850eca/screenshot - {}
RESULT: {}
COMMAND: POST /session/ad66f158aa4d4ab6ef13355aa7850eca/execute/sync - {"script":"<script> [8489 bytes]","args":[{"element-6066-11e4-a52e-4f735466cecf":"f.46184FC8CB979803EFB42F6A75FB8695.d.EC299B10F004505FF5C0FCB684824527.e.9818","ELEMENT":"f.46184FC8CB979803EFB42F6A75FB8695.d.EC299B10F004505FF5C0FCB684824527.e.9818"}]}
COMMAND: GET /session/ad66f158aa4d4ab6ef13355aa7850eca/screenshot - {}
RESULT: {}
RESULT: {"script":"<script> [8489 bytes]","args":[{"element-6066-11e4-a52e-4f735466cecf":"f.46184FC8CB979803EFB42F6A75FB8695.d.EC299B10F004505FF5C0FCB684824527.e.9818","ELEMENT":"f.46184FC8CB979803EFB42F6A75FB8695.d.EC299B10F004505FF5C0FCB684824527.e.9818"}]}
COMMAND: POST /session/ad66f158aa4d4ab6ef13355aa7850eca/execute/sync - {"script":"<script> [5351 bytes]","args":[{"element-6066-11e4-a52e-4f735466cecf":"f.46184FC8CB979803EFB42F6A75FB8695.d.EC299B10F004505FF5C0FCB684824527.e.9818","ELEMENT":"f.46184FC8CB979803EFB42F6A75FB8695.d.EC299B10F004505FF5C0FCB684824527.e.9818"}]}
COMMAND: GET /session/ad66f158aa4d4ab6ef13355aa7850eca/screenshot - {}
RESULT: {}
RESULT: {"script":"<script> [5351 bytes]","args":[{"element-6066-11e4-a52e-4f735466cecf":"f.46184FC8CB979803EFB42F6A75FB8695.d.EC299B10F004505FF5C0FCB684824527.e.9818","ELEMENT":"f.46184FC8CB979803EFB42F6A75FB8695.d.EC299B10F004505FF5C0FCB684824527.e.9818"}]}
COMMAND: POST /session/ad66f158aa4d4ab6ef13355aa7850eca/element/f.46184FC8CB979803EFB42F6A75FB8695.d.EC299B10F004505FF5C0FCB684824527.e.9818/click - {}
COMMAND: GET /session/ad66f158aa4d4ab6ef13355aa7850eca/screenshot - {}
RESULT: {}
RESULT: {}
COMMAND: GET /session/ad66f158aa4d4ab6ef13355aa7850eca/screenshot - {}
RESULT: {}
COMMAND: POST /session/ad66f158aa4d4ab6ef13355aa7850eca/element - {"using":"xpath","value":"//input[@id=\"application-manageyards-display-component---NewYard--yardId-inner\"]"}
RESULT: {}
RESULT: {"using":"xpath","value":"//input[@id=\"application-manageyards-display-component---NewYard--yardId-inner\"]"}
COMMAND: POST /session/ad66f158aa4d4ab6ef13355aa7850eca/element - {"using":"xpath","value":"//input[@id=\"application-manageyards-display-component---NewYard--yardId-inner\"]"}
RESULT: {"using":"xpath","value":"//input[@id=\"application-manageyards-display-component---NewYard--yardId-inner\"]"}
COMMAND: POST /session/ad66f158aa4d4ab6ef13355aa7850eca/execute/async - {"script":"<script> [1562 bytes]","args":[{"selector":{"id":"application-manageyards-display-component---NewYard--addressDetailDetailsName1","interaction":{"idSuffix":"inner"}},"wdio_ui5_key":"applicationmanageyards-display-component---NewYard--addressDetailDetailsName1"}]}
RESULT: {"script":"<script> [1562 bytes]","args":[{"selector":{"id":"application-manageyards-display-component---NewYard--addressDetailDetailsName1","interaction":{"idSuffix":"inner"}},"wdio_ui5_key":"applicationmanageyards-display-component---NewYard--addressDetailDetailsName1"}]}
RESULT: undefined
COMMAND: POST /session/ad66f158aa4d4ab6ef13355aa7850eca/execute/async - {"script":"<script> [776 bytes]","args":[{"enterText":"Intracompany Yard wdIO","selector":{"id":"application-manageyards-display-component---NewYard--addressDetailDetailsName1","interaction":{"idSuffix":"inner"}},"clearTextFirst":true,"interactionType":"ENTER_TEXT"}]}
RESULT: {"script":"<script> [776 bytes]","args":[{"enterText":"Intracompany Yard wdIO","selector":{"id":"application-manageyards-display-component---NewYard--addressDetailDetailsName1","interaction":{"idSuffix":"inner"}},"clearTextFirst":true,"interactionType":"ENTER_TEXT"}]}
COMMAND: POST /session/ad66f158aa4d4ab6ef13355aa7850eca/execute/async - {"script":"<script> [1562 bytes]","args":[{"selector":{"id":"application-manageyards-display-component---NewYard--addressDetailDetailsLanguage-arrow"},"wdio_ui5_key":"applicationmanageyards-display-component---NewYard--addressDetailDetailsLanguage-arrow"}]}
RESULT: {"script":"<script> [1562 bytes]","args":[{"selector":{"id":"application-manageyards-display-component---NewYard--addressDetailDetailsLanguage-arrow"},"wdio_ui5_key":"applicationmanageyards-display-component---NewYard--addressDetailDetailsLanguage-arrow"}]}
RESULT: undefined
COMMAND: POST /session/ad66f158aa4d4ab6ef13355aa7850eca/element - {"using":"xpath","value":"//*[@id=\"application-manageyards-display-component---NewYard--addressDetailDetailsLanguage-arrow\"]"}
RESULT: {"using":"xpath","value":"//*[@id=\"application-manageyards-display-component---NewYard--addressDetailDetailsLanguage-arrow\"]"}
COMMAND: POST /session/ad66f158aa4d4ab6ef13355aa7850eca/element/f.46184FC8CB979803EFB42F6A75FB8695.d.EC299B10F004505FF5C0FCB684824527.e.10250/click - {}
RESULT: {}
COMMAND: POST /session/ad66f158aa4d4ab6ef13355aa7850eca/element - {"using":"xpath","value":"//span[contains(text(), \"English\")]"}
COMMAND: GET /session/ad66f158aa4d4ab6ef13355aa7850eca/screenshot - {}
RESULT: {"using":"xpath","value":"//span[contains(text(), \"English\")]"}
COMMAND: POST /session/ad66f158aa4d4ab6ef13355aa7850eca/element/f.46184FC8CB979803EFB42F6A75FB8695.d.EC299B10F004505FF5C0FCB684824527.e.10251/click - {}
RESULT: {}
RESULT: {}
COMMAND: POST /session/ad66f158aa4d4ab6ef13355aa7850eca/execute/async - {"script":"<script> [1562 bytes]","args":[{"selector":{"id":"application-manageyards-display-component---NewYard--addressDetailDetailsCity1","interaction":{"idSuffix":"inner"}},"wdio_ui5_key":"applicationmanageyards-display-component---NewYard--addressDetailDetailsCity1"}]}
COMMAND: GET /session/ad66f158aa4d4ab6ef13355aa7850eca/screenshot - {}
RESULT: {"script":"<script> [1562 bytes]","args":[{"selector":{"id":"application-manageyards-display-component---NewYard--addressDetailDetailsCity1","interaction":{"idSuffix":"inner"}},"wdio_ui5_key":"applicationmanageyards-display-component---NewYard--addressDetailDetailsCity1"}]}
RESULT: undefined
COMMAND: POST /session/ad66f158aa4d4ab6ef13355aa7850eca/execute/async - {"script":"<script> [776 bytes]","args":[{"enterText":"Rosario","selector":{"id":"application-manageyards-display-component---NewYard--addressDetailDetailsCity1","interaction":{"idSuffix":"inner"}},"clearTextFirst":true,"interactionType":"ENTER_TEXT"}]}
RESULT: {}
RESULT: {"script":"<script> [776 bytes]","args":[{"enterText":"Rosario","selector":{"id":"application-manageyards-display-component---NewYard--addressDetailDetailsCity1","interaction":{"idSuffix":"inner"}},"clearTextFirst":true,"interactionType":"ENTER_TEXT"}]}
COMMAND: POST /session/ad66f158aa4d4ab6ef13355aa7850eca/execute/async - {"script":"<script> [1562 bytes]","args":[{"selector":{"id":"application-manageyards-display-component---NewYard--addressDetailDetailsCountry-arrow"},"wdio_ui5_key":"applicationmanageyards-display-component---NewYard--addressDetailDetailsCountry-arrow"}]}
RESULT: {"script":"<script> [1562 bytes]","args":[{"selector":{"id":"application-manageyards-display-component---NewYard--addressDetailDetailsCountry-arrow"},"wdio_ui5_key":"applicationmanageyards-display-component---NewYard--addressDetailDetailsCountry-arrow"}]}
RESULT: undefined
COMMAND: POST /session/ad66f158aa4d4ab6ef13355aa7850eca/element - {"using":"xpath","value":"//*[@id=\"application-manageyards-display-component---NewYard--addressDetailDetailsCountry-arrow\"]"}
RESULT: {"using":"xpath","value":"//*[@id=\"application-manageyards-display-component---NewYard--addressDetailDetailsCountry-arrow\"]"}
COMMAND: POST /session/ad66f158aa4d4ab6ef13355aa7850eca/element/f.46184FC8CB979803EFB42F6A75FB8695.d.EC299B10F004505FF5C0FCB684824527.e.10253/click - {}
RESULT: {}
COMMAND: POST /session/ad66f158aa4d4ab6ef13355aa7850eca/element - {"using":"xpath","value":"//span[contains(text(), \"Argentina\")]"}
COMMAND: GET /session/ad66f158aa4d4ab6ef13355aa7850eca/screenshot - {}
RESULT: {"using":"xpath","value":"//span[contains(text(), \"Argentina\")]"}
COMMAND: POST /session/ad66f158aa4d4ab6ef13355aa7850eca/element/f.46184FC8CB979803EFB42F6A75FB8695.d.EC299B10F004505FF5C0FCB684824527.e.10255/click - {}
RESULT: {}
RESULT: {}
COMMAND: POST /session/ad66f158aa4d4ab6ef13355aa7850eca/execute/async - {"script":"<script> [1562 bytes]","args":[{"selector":{"id":"application-manageyards-display-component---NewYard--addressEditDetailsCostObjectCstType-arrow"},"wdio_ui5_key":"applicationmanageyards-display-component---NewYard--addressEditDetailsCostObjectCstType-arrow"}]}
COMMAND: GET /session/ad66f158aa4d4ab6ef13355aa7850eca/screenshot - {}
RESULT: {"script":"<script> [1562 bytes]","args":[{"selector":{"id":"application-manageyards-display-component---NewYard--addressEditDetailsCostObjectCstType-arrow"},"wdio_ui5_key":"applicationmanageyards-display-component---NewYard--addressEditDetailsCostObjectCstType-arrow"}]}
RESULT: undefined
COMMAND: POST /session/ad66f158aa4d4ab6ef13355aa7850eca/element - {"using":"xpath","value":"//*[@id=\"application-manageyards-display-component---NewYard--addressEditDetailsCostObjectCstType-arrow\"]"}
RESULT: {}
RESULT: {"using":"xpath","value":"//*[@id=\"application-manageyards-display-component---NewYard--addressEditDetailsCostObjectCstType-arrow\"]"}
COMMAND: POST /session/ad66f158aa4d4ab6ef13355aa7850eca/element/f.46184FC8CB979803EFB42F6A75FB8695.d.EC299B10F004505FF5C0FCB684824527.e.10256/click - {}
RESULT: {}
COMMAND: POST /session/ad66f158aa4d4ab6ef13355aa7850eca/element - {"using":"xpath","value":"//span[contains(text(), \"Cost Center\")]"}
COMMAND: GET /session/ad66f158aa4d4ab6ef13355aa7850eca/screenshot - {}
RESULT: {"using":"xpath","value":"//span[contains(text(), \"Cost Center\")]"}
COMMAND: POST /session/ad66f158aa4d4ab6ef13355aa7850eca/element/f.46184FC8CB979803EFB42F6A75FB8695.d.EC299B10F004505FF5C0FCB684824527.e.10257/click - {}
RESULT: {}
RESULT: {}
COMMAND: GET /session/ad66f158aa4d4ab6ef13355aa7850eca/screenshot - {}
RESULT: {}
COMMAND: POST /session/ad66f158aa4d4ab6ef13355aa7850eca/element - {"using":"xpath","value":"//span[@id=\"application-manageyards-display-component---NewYard--addressNewCostObjectCstID-vhi\"]"}
RESULT: {"using":"xpath","value":"//span[@id=\"application-manageyards-display-component---NewYard--addressNewCostObjectCstID-vhi\"]"}
COMMAND: POST /session/ad66f158aa4d4ab6ef13355aa7850eca/execute/sync - {"script":"<script> [8489 bytes]","args":[{"element-6066-11e4-a52e-4f735466cecf":"f.46184FC8CB979803EFB42F6A75FB8695.d.EC299B10F004505FF5C0FCB684824527.e.10261","ELEMENT":"f.46184FC8CB979803EFB42F6A75FB8695.d.EC299B10F004505FF5C0FCB684824527.e.10261"}]}
RESULT: {"script":"<script> [8489 bytes]","args":[{"element-6066-11e4-a52e-4f735466cecf":"f.46184FC8CB979803EFB42F6A75FB8695.d.EC299B10F004505FF5C0FCB684824527.e.10261","ELEMENT":"f.46184FC8CB979803EFB42F6A75FB8695.d.EC299B10F004505FF5C0FCB684824527.e.10261"}]}
COMMAND: POST /session/ad66f158aa4d4ab6ef13355aa7850eca/execute/async - {"script":"<script> [1562 bytes]","args":[{"selector":{"id":"application-manageyards-display-component---NewYard--addressNewCostObjectCstID-vhi"},"wdio_ui5_key":"applicationmanageyards-display-component---NewYard--addressNewCostObjectCstID-vhi"}]}
COMMAND: GET /session/ad66f158aa4d4ab6ef13355aa7850eca/screenshot - {}
RESULT: {"script":"<script> [1562 bytes]","args":[{"selector":{"id":"application-manageyards-display-component---NewYard--addressNewCostObjectCstID-vhi"},"wdio_ui5_key":"applicationmanageyards-display-component---NewYard--addressNewCostObjectCstID-vhi"}]}
RESULT: undefined
COMMAND: POST /session/ad66f158aa4d4ab6ef13355aa7850eca/element - {"using":"xpath","value":"//*[@id=\"application-manageyards-display-component---NewYard--addressNewCostObjectCstID-vhi\"]"}
RESULT: {}
RESULT: {"using":"xpath","value":"//*[@id=\"application-manageyards-display-component---NewYard--addressNewCostObjectCstID-vhi\"]"}
COMMAND: POST /session/ad66f158aa4d4ab6ef13355aa7850eca/element/f.46184FC8CB979803EFB42F6A75FB8695.d.EC299B10F004505FF5C0FCB684824527.e.10261/click - {}
RESULT: {}
COMMAND: GET /session/ad66f158aa4d4ab6ef13355aa7850eca/screenshot - {}
RESULT: {}
COMMAND: POST /session/ad66f158aa4d4ab6ef13355aa7850eca/execute/async - {"script":"<script> [1562 bytes]","args":[{"selector":{"controlType":"sap.m.SearchField","properties":{"placeholder":"Search"},"searchOpenDialogs":true,"interaction":{"idSuffix":"I"}},"wdio_ui5_key":"sapm.SearchField{\"placeholder\":\"Search\"}"}]}
RESULT: {"script":"<script> [1562 bytes]","args":[{"selector":{"controlType":"sap.m.SearchField","properties":{"placeholder":"Search"},"searchOpenDialogs":true,"interaction":{"idSuffix":"I"}},"wdio_ui5_key":"sapm.SearchField{\"placeholder\":\"Search\"}"}]}
RESULT: undefined
COMMAND: POST /session/ad66f158aa4d4ab6ef13355aa7850eca/execute/async - {"script":"<script> [776 bytes]","args":[{"enterText":"bauh_b","selector":{"controlType":"sap.m.SearchField","properties":{"placeholder":"Search"},"searchOpenDialogs":true,"interaction":{"idSuffix":"I"}},"clearTextFirst":true,"interactionType":"ENTER_TEXT"}]}
RESULT: {"script":"<script> [776 bytes]","args":[{"enterText":"bauh_b","selector":{"controlType":"sap.m.SearchField","properties":{"placeholder":"Search"},"searchOpenDialogs":true,"interaction":{"idSuffix":"I"}},"clearTextFirst":true,"interactionType":"ENTER_TEXT"}]}
COMMAND: POST /session/ad66f158aa4d4ab6ef13355aa7850eca/actions - {"actions":[{"id":"action30","type":"key","parameters":{},"actions":[{"type":"keyDown","value":""},{"type":"pause","duration":10},{"type":"keyUp","value":""}]}]}
RESULT: {"actions":[{"id":"action30","type":"key","parameters":{},"actions":[{"type":"keyDown","value":""},{"type":"pause","duration":10},{"type":"keyUp","value":""}]}]}
COMMAND: GET /session/ad66f158aa4d4ab6ef13355aa7850eca/screenshot - {}
RESULT: {}
COMMAND: POST /session/ad66f158aa4d4ab6ef13355aa7850eca/element - {"using":"xpath","value":"//span[contains(text(), \"Demo Yard\")]"}
RESULT: {"using":"xpath","value":"//span[contains(text(), \"Demo Yard\")]"}
COMMAND: POST /session/ad66f158aa4d4ab6ef13355aa7850eca/element/f.46184FC8CB979803EFB42F6A75FB8695.d.EC299B10F004505FF5C0FCB684824527.e.10302/click - {}
RESULT: {}
COMMAND: GET /session/ad66f158aa4d4ab6ef13355aa7850eca/screenshot - {}
RESULT: {}
COMMAND: POST /session/ad66f158aa4d4ab6ef13355aa7850eca/element - {"using":"xpath","value":"//bdi[contains(text(), \"OK\")]"}
RESULT: {"using":"xpath","value":"//bdi[contains(text(), \"OK\")]"}
COMMAND: POST /session/ad66f158aa4d4ab6ef13355aa7850eca/element/f.46184FC8CB979803EFB42F6A75FB8695.d.EC299B10F004505FF5C0FCB684824527.e.10303/click - {}
RESULT: {}
COMMAND: GET /session/ad66f158aa4d4ab6ef13355aa7850eca/screenshot - {}
RESULT: {}
COMMAND: POST /session/ad66f158aa4d4ab6ef13355aa7850eca/execute/async - {"script":"<script> [1562 bytes]","args":[{"selector":{"id":"application-manageyards-display-component---NewYard--addressEditDetailsCurrency-arrow"},"wdio_ui5_key":"applicationmanageyards-display-component---NewYard--addressEditDetailsCurrency-arrow"}]}
RESULT: {"script":"<script> [1562 bytes]","args":[{"selector":{"id":"application-manageyards-display-component---NewYard--addressEditDetailsCurrency-arrow"},"wdio_ui5_key":"applicationmanageyards-display-component---NewYard--addressEditDetailsCurrency-arrow"}]}
RESULT: undefined
COMMAND: POST /session/ad66f158aa4d4ab6ef13355aa7850eca/element - {"using":"xpath","value":"//*[@id=\"application-manageyards-display-component---NewYard--addressEditDetailsCurrency-arrow\"]"}
RESULT: {"using":"xpath","value":"//*[@id=\"application-manageyards-display-component---NewYard--addressEditDetailsCurrency-arrow\"]"}
COMMAND: POST /session/ad66f158aa4d4ab6ef13355aa7850eca/element/f.46184FC8CB979803EFB42F6A75FB8695.d.EC299B10F004505FF5C0FCB684824527.e.10306/click - {}
RESULT: {}
COMMAND: POST /session/ad66f158aa4d4ab6ef13355aa7850eca/element - {"using":"xpath","value":"//span[contains(text(), \"Euro\")]"}
COMMAND: GET /session/ad66f158aa4d4ab6ef13355aa7850eca/screenshot - {}
RESULT: {"using":"xpath","value":"//span[contains(text(), \"Euro\")]"}
COMMAND: POST /session/ad66f158aa4d4ab6ef13355aa7850eca/element/f.46184FC8CB979803EFB42F6A75FB8695.d.EC299B10F004505FF5C0FCB684824527.e.10307/click - {}
RESULT: {}
RESULT: {}
COMMAND: POST /session/ad66f158aa4d4ab6ef13355aa7850eca/execute/async - {"script":"<script> [1562 bytes]","args":[{"selector":{"controlType":"sap.m.Input","viewName":"etm.portal.ui.manageyards.view.New","viewId":"application-manageyards-display-component---NewYard","bindingPath":{"path":"","propertyPath":"/CONTROLLING_AREA","modelName":"NewYardModel"},"interaction":{"idSuffix":"inner"}},"wdio_ui5_key":"etmportal.ui.manageyards.view.Newsap.m.Input{\"path\":\"\",\"propertyPath\":\"/CONTROLLING_AREA\",\"modelName\":\"NewYardModel\"}"}]}
COMMAND: GET /session/ad66f158aa4d4ab6ef13355aa7850eca/screenshot - {}
RESULT: {"script":"<script> [1562 bytes]","args":[{"selector":{"controlType":"sap.m.Input","viewName":"etm.portal.ui.manageyards.view.New","viewId":"application-manageyards-display-component---NewYard","bindingPath":{"path":"","propertyPath":"/CONTROLLING_AREA","modelName":"NewYardModel"},"interaction":{"idSuffix":"inner"}},"wdio_ui5_key":"etmportal.ui.manageyards.view.Newsap.m.Input{\"path\":\"\",\"propertyPath\":\"/CONTROLLING_AREA\",\"modelName\":\"NewYardModel\"}"}]}
RESULT: undefined
COMMAND: POST /session/ad66f158aa4d4ab6ef13355aa7850eca/execute/async - {"script":"<script> [776 bytes]","args":[{"enterText":"Z001","selector":{"controlType":"sap.m.Input","viewName":"etm.portal.ui.manageyards.view.New","viewId":"application-manageyards-display-component---NewYard","bindingPath":{"path":"","propertyPath":"/CONTROLLING_AREA","modelName":"NewYardModel"},"interaction":{"idSuffix":"inner"}},"clearTextFirst":true,"interactionType":"ENTER_TEXT"}]}
RESULT: {}
RESULT: {"script":"<script> [776 bytes]","args":[{"enterText":"Z001","selector":{"controlType":"sap.m.Input","viewName":"etm.portal.ui.manageyards.view.New","viewId":"application-manageyards-display-component---NewYard","bindingPath":{"path":"","propertyPath":"/CONTROLLING_AREA","modelName":"NewYardModel"},"interaction":{"idSuffix":"inner"}},"clearTextFirst":true,"interactionType":"ENTER_TEXT"}]}
COMMAND: POST /session/ad66f158aa4d4ab6ef13355aa7850eca/execute/async - {"script":"<script> [1562 bytes]","args":[{"selector":{"id":"application-manageyards-display-component---NewYard--companyCodeComboBox","interaction":{"idSuffix":"inner"}},"wdio_ui5_key":"applicationmanageyards-display-component---NewYard--companyCodeComboBox"}]}
RESULT: {"script":"<script> [1562 bytes]","args":[{"selector":{"id":"application-manageyards-display-component---NewYard--companyCodeComboBox","interaction":{"idSuffix":"inner"}},"wdio_ui5_key":"applicationmanageyards-display-component---NewYard--companyCodeComboBox"}]}
RESULT: undefined
COMMAND: POST /session/ad66f158aa4d4ab6ef13355aa7850eca/execute/async - {"script":"<script> [776 bytes]","args":[{"enterText":"1000","selector":{"id":"application-manageyards-display-component---NewYard--companyCodeComboBox","interaction":{"idSuffix":"inner"}},"clearTextFirst":true,"interactionType":"ENTER_TEXT"}]}
RESULT: {"script":"<script> [776 bytes]","args":[{"enterText":"1000","selector":{"id":"application-manageyards-display-component---NewYard--companyCodeComboBox","interaction":{"idSuffix":"inner"}},"clearTextFirst":true,"interactionType":"ENTER_TEXT"}]}
COMMAND: POST /session/ad66f158aa4d4ab6ef13355aa7850eca/execute/async - {"script":"<script> [1562 bytes]","args":[{"selector":{"controlType":"sap.m.Input","viewName":"etm.portal.ui.manageyards.view.New","viewId":"application-manageyards-display-component---NewYard","bindingPath":{"path":"","propertyPath":"/PLANT","modelName":"NewYardModel"},"interaction":{"idSuffix":"inner"}},"wdio_ui5_key":"etmportal.ui.manageyards.view.Newsap.m.Input{\"path\":\"\",\"propertyPath\":\"/PLANT\",\"modelName\":\"NewYardModel\"}"}]}
RESULT: {"script":"<script> [1562 bytes]","args":[{"selector":{"controlType":"sap.m.Input","viewName":"etm.portal.ui.manageyards.view.New","viewId":"application-manageyards-display-component---NewYard","bindingPath":{"path":"","propertyPath":"/PLANT","modelName":"NewYardModel"},"interaction":{"idSuffix":"inner"}},"wdio_ui5_key":"etmportal.ui.manageyards.view.Newsap.m.Input{\"path\":\"\",\"propertyPath\":\"/PLANT\",\"modelName\":\"NewYardModel\"}"}]}
RESULT: undefined
COMMAND: POST /session/ad66f158aa4d4ab6ef13355aa7850eca/execute/async - {"script":"<script> [776 bytes]","args":[{"enterText":"1001","selector":{"controlType":"sap.m.Input","viewName":"etm.portal.ui.manageyards.view.New","viewId":"application-manageyards-display-component---NewYard","bindingPath":{"path":"","propertyPath":"/PLANT","modelName":"NewYardModel"},"interaction":{"idSuffix":"inner"}},"clearTextFirst":true,"interactionType":"ENTER_TEXT"}]}
RESULT: {"script":"<script> [776 bytes]","args":[{"enterText":"1001","selector":{"controlType":"sap.m.Input","viewName":"etm.portal.ui.manageyards.view.New","viewId":"application-manageyards-display-component---NewYard","bindingPath":{"path":"","propertyPath":"/PLANT","modelName":"NewYardModel"},"interaction":{"idSuffix":"inner"}},"clearTextFirst":true,"interactionType":"ENTER_TEXT"}]}
COMMAND: POST /session/ad66f158aa4d4ab6ef13355aa7850eca/execute/async - {"script":"<script> [1562 bytes]","args":[{"selector":{"controlType":"sap.m.Input","viewName":"etm.portal.ui.manageyards.view.New","viewId":"application-manageyards-display-component---NewYard","bindingPath":{"path":"","propertyPath":"/SALES_AREA_VKORG","modelName":"NewYardModel"},"interaction":{"idSuffix":"inner"}},"wdio_ui5_key":"etmportal.ui.manageyards.view.Newsap.m.Input{\"path\":\"\",\"propertyPath\":\"/SALES_AREA_VKORG\",\"modelName\":\"NewYardModel\"}"}]}
RESULT: {"script":"<script> [1562 bytes]","args":[{"selector":{"controlType":"sap.m.Input","viewName":"etm.portal.ui.manageyards.view.New","viewId":"application-manageyards-display-component---NewYard","bindingPath":{"path":"","propertyPath":"/SALES_AREA_VKORG","modelName":"NewYardModel"},"interaction":{"idSuffix":"inner"}},"wdio_ui5_key":"etmportal.ui.manageyards.view.Newsap.m.Input{\"path\":\"\",\"propertyPath\":\"/SALES_AREA_VKORG\",\"modelName\":\"NewYardModel\"}"}]}
RESULT: undefined
COMMAND: POST /session/ad66f158aa4d4ab6ef13355aa7850eca/execute/async - {"script":"<script> [776 bytes]","args":[{"enterText":"C002","selector":{"controlType":"sap.m.Input","viewName":"etm.portal.ui.manageyards.view.New","viewId":"application-manageyards-display-component---NewYard","bindingPath":{"path":"","propertyPath":"/SALES_AREA_VKORG","modelName":"NewYardModel"},"interaction":{"idSuffix":"inner"}},"clearTextFirst":true,"interactionType":"ENTER_TEXT"}]}
RESULT: {"script":"<script> [776 bytes]","args":[{"enterText":"C002","selector":{"controlType":"sap.m.Input","viewName":"etm.portal.ui.manageyards.view.New","viewId":"application-manageyards-display-component---NewYard","bindingPath":{"path":"","propertyPath":"/SALES_AREA_VKORG","modelName":"NewYardModel"},"interaction":{"idSuffix":"inner"}},"clearTextFirst":true,"interactionType":"ENTER_TEXT"}]}
COMMAND: POST /session/ad66f158aa4d4ab6ef13355aa7850eca/execute/async - {"script":"<script> [1562 bytes]","args":[{"selector":{"controlType":"sap.m.Input","viewName":"etm.portal.ui.manageyards.view.New","viewId":"application-manageyards-display-component---NewYard","bindingPath":{"path":"","propertyPath":"/SALES_AREA_VTWEG","modelName":"NewYardModel"},"interaction":{"idSuffix":"inner"}},"wdio_ui5_key":"etmportal.ui.manageyards.view.Newsap.m.Input{\"path\":\"\",\"propertyPath\":\"/SALES_AREA_VTWEG\",\"modelName\":\"NewYardModel\"}"}]}
RESULT: {"script":"<script> [1562 bytes]","args":[{"selector":{"controlType":"sap.m.Input","viewName":"etm.portal.ui.manageyards.view.New","viewId":"application-manageyards-display-component---NewYard","bindingPath":{"path":"","propertyPath":"/SALES_AREA_VTWEG","modelName":"NewYardModel"},"interaction":{"idSuffix":"inner"}},"wdio_ui5_key":"etmportal.ui.manageyards.view.Newsap.m.Input{\"path\":\"\",\"propertyPath\":\"/SALES_AREA_VTWEG\",\"modelName\":\"NewYardModel\"}"}]}
RESULT: undefined
COMMAND: POST /session/ad66f158aa4d4ab6ef13355aa7850eca/execute/async - {"script":"<script> [776 bytes]","args":[{"enterText":"C2","selector":{"controlType":"sap.m.Input","viewName":"etm.portal.ui.manageyards.view.New","viewId":"application-manageyards-display-component---NewYard","bindingPath":{"path":"","propertyPath":"/SALES_AREA_VTWEG","modelName":"NewYardModel"},"interaction":{"idSuffix":"inner"}},"clearTextFirst":true,"interactionType":"ENTER_TEXT"}]}
RESULT: {"script":"<script> [776 bytes]","args":[{"enterText":"C2","selector":{"controlType":"sap.m.Input","viewName":"etm.portal.ui.manageyards.view.New","viewId":"application-manageyards-display-component---NewYard","bindingPath":{"path":"","propertyPath":"/SALES_AREA_VTWEG","modelName":"NewYardModel"},"interaction":{"idSuffix":"inner"}},"clearTextFirst":true,"interactionType":"ENTER_TEXT"}]}
COMMAND: POST /session/ad66f158aa4d4ab6ef13355aa7850eca/execute/async - {"script":"<script> [1562 bytes]","args":[{"selector":{"controlType":"sap.m.Input","viewName":"etm.portal.ui.manageyards.view.New","viewId":"application-manageyards-display-component---NewYard","bindingPath":{"path":"","propertyPath":"/SALES_AREA_SPART","modelName":"NewYardModel"},"interaction":{"idSuffix":"inner"}},"wdio_ui5_key":"etmportal.ui.manageyards.view.Newsap.m.Input{\"path\":\"\",\"propertyPath\":\"/SALES_AREA_SPART\",\"modelName\":\"NewYardModel\"}"}]}
RESULT: {"script":"<script> [1562 bytes]","args":[{"selector":{"controlType":"sap.m.Input","viewName":"etm.portal.ui.manageyards.view.New","viewId":"application-manageyards-display-component---NewYard","bindingPath":{"path":"","propertyPath":"/SALES_AREA_SPART","modelName":"NewYardModel"},"interaction":{"idSuffix":"inner"}},"wdio_ui5_key":"etmportal.ui.manageyards.view.Newsap.m.Input{\"path\":\"\",\"propertyPath\":\"/SALES_AREA_SPART\",\"modelName\":\"NewYardModel\"}"}]}
RESULT: undefined
COMMAND: POST /session/ad66f158aa4d4ab6ef13355aa7850eca/execute/async - {"script":"<script> [776 bytes]","args":[{"enterText":"C2","selector":{"controlType":"sap.m.Input","viewName":"etm.portal.ui.manageyards.view.New","viewId":"application-manageyards-display-component---NewYard","bindingPath":{"path":"","propertyPath":"/SALES_AREA_SPART","modelName":"NewYardModel"},"interaction":{"idSuffix":"inner"}},"clearTextFirst":true,"interactionType":"ENTER_TEXT"}]}
RESULT: {"script":"<script> [776 bytes]","args":[{"enterText":"C2","selector":{"controlType":"sap.m.Input","viewName":"etm.portal.ui.manageyards.view.New","viewId":"application-manageyards-display-component---NewYard","bindingPath":{"path":"","propertyPath":"/SALES_AREA_SPART","modelName":"NewYardModel"},"interaction":{"idSuffix":"inner"}},"clearTextFirst":true,"interactionType":"ENTER_TEXT"}]}
COMMAND: POST /session/ad66f158aa4d4ab6ef13355aa7850eca/execute/async - {"script":"<script> [1562 bytes]","args":[{"selector":{"controlType":"sap.m.Input","viewName":"etm.portal.ui.manageyards.view.New","viewId":"application-manageyards-display-component---NewYard","bindingPath":{"path":"","propertyPath":"/SHIP_POINT","modelName":"NewYardModel"},"interaction":{"idSuffix":"inner"}},"wdio_ui5_key":"etmportal.ui.manageyards.view.Newsap.m.Input{\"path\":\"\",\"propertyPath\":\"/SHIP_POINT\",\"modelName\":\"NewYardModel\"}"}]}
RESULT: {"script":"<script> [1562 bytes]","args":[{"selector":{"controlType":"sap.m.Input","viewName":"etm.portal.ui.manageyards.view.New","viewId":"application-manageyards-display-component---NewYard","bindingPath":{"path":"","propertyPath":"/SHIP_POINT","modelName":"NewYardModel"},"interaction":{"idSuffix":"inner"}},"wdio_ui5_key":"etmportal.ui.manageyards.view.Newsap.m.Input{\"path\":\"\",\"propertyPath\":\"/SHIP_POINT\",\"modelName\":\"NewYardModel\"}"}]}
RESULT: undefined
COMMAND: POST /session/ad66f158aa4d4ab6ef13355aa7850eca/execute/async - {"script":"<script> [776 bytes]","args":[{"enterText":"1710","selector":{"controlType":"sap.m.Input","viewName":"etm.portal.ui.manageyards.view.New","viewId":"application-manageyards-display-component---NewYard","bindingPath":{"path":"","propertyPath":"/SHIP_POINT","modelName":"NewYardModel"},"interaction":{"idSuffix":"inner"}},"clearTextFirst":true,"interactionType":"ENTER_TEXT"}]}
RESULT: {"script":"<script> [776 bytes]","args":[{"enterText":"1710","selector":{"controlType":"sap.m.Input","viewName":"etm.portal.ui.manageyards.view.New","viewId":"application-manageyards-display-component---NewYard","bindingPath":{"path":"","propertyPath":"/SHIP_POINT","modelName":"NewYardModel"},"interaction":{"idSuffix":"inner"}},"clearTextFirst":true,"interactionType":"ENTER_TEXT"}]}
COMMAND: POST /session/ad66f158aa4d4ab6ef13355aa7850eca/execute/async - {"script":"<script> [1562 bytes]","args":[{"selector":{"controlType":"sap.m.Input","viewName":"etm.portal.ui.manageyards.view.New","viewId":"application-manageyards-display-component---NewYard","bindingPath":{"path":"","propertyPath":"/DELIVERY_TYPE","modelName":"NewYardModel"},"interaction":{"idSuffix":"inner"}},"wdio_ui5_key":"etmportal.ui.manageyards.view.Newsap.m.Input{\"path\":\"\",\"propertyPath\":\"/DELIVERY_TYPE\",\"modelName\":\"NewYardModel\"}"}]}
RESULT: {"script":"<script> [1562 bytes]","args":[{"selector":{"controlType":"sap.m.Input","viewName":"etm.portal.ui.manageyards.view.New","viewId":"application-manageyards-display-component---NewYard","bindingPath":{"path":"","propertyPath":"/DELIVERY_TYPE","modelName":"NewYardModel"},"interaction":{"idSuffix":"inner"}},"wdio_ui5_key":"etmportal.ui.manageyards.view.Newsap.m.Input{\"path\":\"\",\"propertyPath\":\"/DELIVERY_TYPE\",\"modelName\":\"NewYardModel\"}"}]}
RESULT: undefined
COMMAND: POST /session/ad66f158aa4d4ab6ef13355aa7850eca/execute/async - {"script":"<script> [776 bytes]","args":[{"enterText":"ZL01","selector":{"controlType":"sap.m.Input","viewName":"etm.portal.ui.manageyards.view.New","viewId":"application-manageyards-display-component---NewYard","bindingPath":{"path":"","propertyPath":"/DELIVERY_TYPE","modelName":"NewYardModel"},"interaction":{"idSuffix":"inner"}},"clearTextFirst":true,"interactionType":"ENTER_TEXT"}]}
RESULT: {"script":"<script> [776 bytes]","args":[{"enterText":"ZL01","selector":{"controlType":"sap.m.Input","viewName":"etm.portal.ui.manageyards.view.New","viewId":"application-manageyards-display-component---NewYard","bindingPath":{"path":"","propertyPath":"/DELIVERY_TYPE","modelName":"NewYardModel"},"interaction":{"idSuffix":"inner"}},"clearTextFirst":true,"interactionType":"ENTER_TEXT"}]}
COMMAND: POST /session/ad66f158aa4d4ab6ef13355aa7850eca/execute/async - {"script":"<script> [1562 bytes]","args":[{"selector":{"controlType":"sap.m.Input","viewName":"etm.portal.ui.manageyards.view.New","viewId":"application-manageyards-display-component---NewYard","bindingPath":{"path":"","propertyPath":"/AUART","modelName":"NewYardModel"},"interaction":{"idSuffix":"inner"}},"wdio_ui5_key":"etmportal.ui.manageyards.view.Newsap.m.Input{\"path\":\"\",\"propertyPath\":\"/AUART\",\"modelName\":\"NewYardModel\"}"}]}
RESULT: {"script":"<script> [1562 bytes]","args":[{"selector":{"controlType":"sap.m.Input","viewName":"etm.portal.ui.manageyards.view.New","viewId":"application-manageyards-display-component---NewYard","bindingPath":{"path":"","propertyPath":"/AUART","modelName":"NewYardModel"},"interaction":{"idSuffix":"inner"}},"wdio_ui5_key":"etmportal.ui.manageyards.view.Newsap.m.Input{\"path\":\"\",\"propertyPath\":\"/AUART\",\"modelName\":\"NewYardModel\"}"}]}
RESULT: undefined
COMMAND: POST /session/ad66f158aa4d4ab6ef13355aa7850eca/execute/async - {"script":"<script> [776 bytes]","args":[{"enterText":"TA","selector":{"controlType":"sap.m.Input","viewName":"etm.portal.ui.manageyards.view.New","viewId":"application-manageyards-display-component---NewYard","bindingPath":{"path":"","propertyPath":"/AUART","modelName":"NewYardModel"},"interaction":{"idSuffix":"inner"}},"clearTextFirst":true,"interactionType":"ENTER_TEXT"}]}
RESULT: {"script":"<script> [776 bytes]","args":[{"enterText":"TA","selector":{"controlType":"sap.m.Input","viewName":"etm.portal.ui.manageyards.view.New","viewId":"application-manageyards-display-component---NewYard","bindingPath":{"path":"","propertyPath":"/AUART","modelName":"NewYardModel"},"interaction":{"idSuffix":"inner"}},"clearTextFirst":true,"interactionType":"ENTER_TEXT"}]}
COMMAND: POST /session/ad66f158aa4d4ab6ef13355aa7850eca/element - {"using":"xpath","value":"//button[@data-kt=\"newYardSaveButton\"]"}
RESULT: {"using":"xpath","value":"//button[@data-kt=\"newYardSaveButton\"]"}
COMMAND: POST /session/ad66f158aa4d4ab6ef13355aa7850eca/element/f.46184FC8CB979803EFB42F6A75FB8695.d.EC299B10F004505FF5C0FCB684824527.e.10243/click - {}
RESULT: {}
COMMAND: GET /session/ad66f158aa4d4ab6ef13355aa7850eca/screenshot - {}
RESULT: {}
COMMAND: POST /session/ad66f158aa4d4ab6ef13355aa7850eca/element - {"using":"xpath","value":"//header[contains(@id, 'ObjectPageLayout-headerTitle')]/div[1]/div[2]/div[1]/span[1]"}
RESULT: {"using":"xpath","value":"//header[contains(@id, 'ObjectPageLayout-headerTitle')]/div[1]/div[2]/div[1]/span[1]"}
COMMAND: POST /session/ad66f158aa4d4ab6ef13355aa7850eca/elements - {"using":"xpath","value":"//header[contains(@id, 'ObjectPageLayout-headerTitle')]/div[1]/div[2]/div[1]/span[1]"}
RESULT: {"using":"xpath","value":"//header[contains(@id, 'ObjectPageLayout-headerTitle')]/div[1]/div[2]/div[1]/span[1]"}
COMMAND: POST /session/ad66f158aa4d4ab6ef13355aa7850eca/execute/sync - {"script":"<script> [56 bytes]","args":[{"element-6066-11e4-a52e-4f735466cecf":"f.46184FC8CB979803EFB42F6A75FB8695.d.EC299B10F004505FF5C0FCB684824527.e.10524","ELEMENT":"f.46184FC8CB979803EFB42F6A75FB8695.d.EC299B10F004505FF5C0FCB684824527.e.10524"}]}
RESULT: {"script":"<script> [56 bytes]","args":[{"element-6066-11e4-a52e-4f735466cecf":"f.46184FC8CB979803EFB42F6A75FB8695.d.EC299B10F004505FF5C0FCB684824527.e.10524","ELEMENT":"f.46184FC8CB979803EFB42F6A75FB8695.d.EC299B10F004505FF5C0FCB684824527.e.10524"}]}
COMMAND: GET /session/ad66f158aa4d4ab6ef13355aa7850eca/screenshot - {}
RESULT: {}
COMMAND: POST /session/ad66f158aa4d4ab6ef13355aa7850eca/element - {"using":"css selector","value":"#shell-header-logo"}
RESULT: {"using":"css selector","value":"#shell-header-logo"}
COMMAND: POST /session/ad66f158aa4d4ab6ef13355aa7850eca/element/f.46184FC8CB979803EFB42F6A75FB8695.d.EC299B10F004505FF5C0FCB684824527.e.9787/click - {}
RESULT: {}
COMMAND: GET /session/ad66f158aa4d4ab6ef13355aa7850eca/screenshot - {}
RESULT: {}
COMMAND: POST /session/ad66f158aa4d4ab6ef13355aa7850eca/execute/sync - {"script":"<script> [299 bytes]","args":[["getModel","getResource"]]}
RESULT: {"script":"<script> [299 bytes]","args":[["getModel","getResource"]]}
]]></system-out>
    </testcase>
    <testcase classname="chrome.136_0_7103_93.windows.Create_partner_US118246" name="Should create new external partner" time="110.683">
      <system-out><![CDATA[
COMMAND: GET /session/ad66f158aa4d4ab6ef13355aa7850eca/screenshot - {}
COMMAND: POST /session/ad66f158aa4d4ab6ef13355aa7850eca/window/fullscreen - {}
RESULT: {}
COMMAND: POST /session/ad66f158aa4d4ab6ef13355aa7850eca/execute/async - {"script":"<script> [1562 bytes]","args":[{"selector":{"controlType":"sap.m.GenericTile","properties":{"header":"Manage Partners"}},"wdio_ui5_key":"sapm.GenericTile{\"header\":\"Manage Partners\"}"}]}
RESULT: {}
RESULT: {"script":"<script> [1562 bytes]","args":[{"selector":{"controlType":"sap.m.GenericTile","properties":{"header":"Manage Partners"}},"wdio_ui5_key":"sapm.GenericTile{\"header\":\"Manage Partners\"}"}]}
RESULT: undefined
COMMAND: POST /session/ad66f158aa4d4ab6ef13355aa7850eca/element - {"using":"xpath","value":"//*[@id=\"__tile38\"]"}
RESULT: {"using":"xpath","value":"//*[@id=\"__tile38\"]"}
COMMAND: POST /session/ad66f158aa4d4ab6ef13355aa7850eca/element/f.46184FC8CB979803EFB42F6A75FB8695.d.EC299B10F004505FF5C0FCB684824527.e.9682/click - {}
RESULT: {}
COMMAND: GET /session/ad66f158aa4d4ab6ef13355aa7850eca/screenshot - {}
COMMAND: POST /session/ad66f158aa4d4ab6ef13355aa7850eca/elements - {"using":"xpath","value":"//span[text()='Error']"}
RESULT: {}
RESULT: {"using":"xpath","value":"//span[text()='Error']"}
COMMAND: POST /session/ad66f158aa4d4ab6ef13355aa7850eca/element - {"using":"xpath","value":"//button[@data-kt=\"addButton\"]"}
RESULT: {"using":"xpath","value":"//button[@data-kt=\"addButton\"]"}
COMMAND: POST /session/ad66f158aa4d4ab6ef13355aa7850eca/elements - {"using":"xpath","value":"//button[@data-kt=\"addButton\"]"}
RESULT: {"using":"xpath","value":"//button[@data-kt=\"addButton\"]"}
COMMAND: POST /session/ad66f158aa4d4ab6ef13355aa7850eca/elements - {"using":"xpath","value":"//button[@data-kt=\"addButton\"]"}
RESULT: {"using":"xpath","value":"//button[@data-kt=\"addButton\"]"}
COMMAND: POST /session/ad66f158aa4d4ab6ef13355aa7850eca/elements - {"using":"xpath","value":"//button[@data-kt=\"addButton\"]"}
RESULT: {"using":"xpath","value":"//button[@data-kt=\"addButton\"]"}
COMMAND: POST /session/ad66f158aa4d4ab6ef13355aa7850eca/elements - {"using":"xpath","value":"//button[@data-kt=\"addButton\"]"}
RESULT: {"using":"xpath","value":"//button[@data-kt=\"addButton\"]"}
COMMAND: POST /session/ad66f158aa4d4ab6ef13355aa7850eca/elements - {"using":"xpath","value":"//button[@data-kt=\"addButton\"]"}
RESULT: {"using":"xpath","value":"//button[@data-kt=\"addButton\"]"}
COMMAND: POST /session/ad66f158aa4d4ab6ef13355aa7850eca/element - {"using":"xpath","value":"//button[@data-kt=\"addButton\"]"}
RESULT: {"using":"xpath","value":"//button[@data-kt=\"addButton\"]"}
COMMAND: POST /session/ad66f158aa4d4ab6ef13355aa7850eca/execute/sync - {"script":"<script> [8489 bytes]","args":[{"element-6066-11e4-a52e-4f735466cecf":"f.46184FC8CB979803EFB42F6A75FB8695.d.EC299B10F004505FF5C0FCB684824527.e.10561","ELEMENT":"f.46184FC8CB979803EFB42F6A75FB8695.d.EC299B10F004505FF5C0FCB684824527.e.10561"}]}
RESULT: {"script":"<script> [8489 bytes]","args":[{"element-6066-11e4-a52e-4f735466cecf":"f.46184FC8CB979803EFB42F6A75FB8695.d.EC299B10F004505FF5C0FCB684824527.e.10561","ELEMENT":"f.46184FC8CB979803EFB42F6A75FB8695.d.EC299B10F004505FF5C0FCB684824527.e.10561"}]}
COMMAND: GET /session/ad66f158aa4d4ab6ef13355aa7850eca/element/f.46184FC8CB979803EFB42F6A75FB8695.d.EC299B10F004505FF5C0FCB684824527.e.10561/enabled - {}
COMMAND: GET /session/ad66f158aa4d4ab6ef13355aa7850eca/screenshot - {}
RESULT: {}
COMMAND: POST /session/ad66f158aa4d4ab6ef13355aa7850eca/execute/sync - {"script":"<script> [8489 bytes]","args":[{"element-6066-11e4-a52e-4f735466cecf":"f.46184FC8CB979803EFB42F6A75FB8695.d.EC299B10F004505FF5C0FCB684824527.e.10561","ELEMENT":"f.46184FC8CB979803EFB42F6A75FB8695.d.EC299B10F004505FF5C0FCB684824527.e.10561"}]}
COMMAND: GET /session/ad66f158aa4d4ab6ef13355aa7850eca/screenshot - {}
RESULT: {}
RESULT: {"script":"<script> [8489 bytes]","args":[{"element-6066-11e4-a52e-4f735466cecf":"f.46184FC8CB979803EFB42F6A75FB8695.d.EC299B10F004505FF5C0FCB684824527.e.10561","ELEMENT":"f.46184FC8CB979803EFB42F6A75FB8695.d.EC299B10F004505FF5C0FCB684824527.e.10561"}]}
COMMAND: POST /session/ad66f158aa4d4ab6ef13355aa7850eca/execute/sync - {"script":"<script> [5351 bytes]","args":[{"element-6066-11e4-a52e-4f735466cecf":"f.46184FC8CB979803EFB42F6A75FB8695.d.EC299B10F004505FF5C0FCB684824527.e.10561","ELEMENT":"f.46184FC8CB979803EFB42F6A75FB8695.d.EC299B10F004505FF5C0FCB684824527.e.10561"}]}
COMMAND: GET /session/ad66f158aa4d4ab6ef13355aa7850eca/screenshot - {}
RESULT: {}
RESULT: {"script":"<script> [5351 bytes]","args":[{"element-6066-11e4-a52e-4f735466cecf":"f.46184FC8CB979803EFB42F6A75FB8695.d.EC299B10F004505FF5C0FCB684824527.e.10561","ELEMENT":"f.46184FC8CB979803EFB42F6A75FB8695.d.EC299B10F004505FF5C0FCB684824527.e.10561"}]}
COMMAND: POST /session/ad66f158aa4d4ab6ef13355aa7850eca/element/f.46184FC8CB979803EFB42F6A75FB8695.d.EC299B10F004505FF5C0FCB684824527.e.10561/click - {}
COMMAND: GET /session/ad66f158aa4d4ab6ef13355aa7850eca/screenshot - {}
RESULT: {}
RESULT: {}
COMMAND: GET /session/ad66f158aa4d4ab6ef13355aa7850eca/screenshot - {}
COMMAND: POST /session/ad66f158aa4d4ab6ef13355aa7850eca/execute/async - {"script":"<script> [1562 bytes]","args":[{"selector":{"id":"application-managepartners-display-component---NewPartner--addressDetailDetailsName1","interaction":{"idSuffix":"inner"}},"wdio_ui5_key":"applicationmanagepartners-display-component---NewPartner--addressDetailDetailsName1"}]}
RESULT: {}
RESULT: {}
RESULT: {"script":"<script> [1562 bytes]","args":[{"selector":{"id":"application-managepartners-display-component---NewPartner--addressDetailDetailsName1","interaction":{"idSuffix":"inner"}},"wdio_ui5_key":"applicationmanagepartners-display-component---NewPartner--addressDetailDetailsName1"}]}
RESULT: undefined
COMMAND: POST /session/ad66f158aa4d4ab6ef13355aa7850eca/execute/async - {"script":"<script> [776 bytes]","args":[{"enterText":"External Partner WDIO","selector":{"id":"application-managepartners-display-component---NewPartner--addressDetailDetailsName1","interaction":{"idSuffix":"inner"}},"clearTextFirst":true,"interactionType":"ENTER_TEXT"}]}
RESULT: {"script":"<script> [776 bytes]","args":[{"enterText":"External Partner WDIO","selector":{"id":"application-managepartners-display-component---NewPartner--addressDetailDetailsName1","interaction":{"idSuffix":"inner"}},"clearTextFirst":true,"interactionType":"ENTER_TEXT"}]}
COMMAND: POST /session/ad66f158aa4d4ab6ef13355aa7850eca/execute/async - {"script":"<script> [1562 bytes]","args":[{"selector":{"id":"application-managepartners-display-component---NewPartner--addressDetailDetailsLanguage-arrow"},"wdio_ui5_key":"applicationmanagepartners-display-component---NewPartner--addressDetailDetailsLanguage-arrow"}]}
RESULT: {"script":"<script> [1562 bytes]","args":[{"selector":{"id":"application-managepartners-display-component---NewPartner--addressDetailDetailsLanguage-arrow"},"wdio_ui5_key":"applicationmanagepartners-display-component---NewPartner--addressDetailDetailsLanguage-arrow"}]}
RESULT: undefined
COMMAND: POST /session/ad66f158aa4d4ab6ef13355aa7850eca/element - {"using":"xpath","value":"//*[@id=\"application-managepartners-display-component---NewPartner--addressDetailDetailsLanguage-arrow\"]"}
RESULT: {"using":"xpath","value":"//*[@id=\"application-managepartners-display-component---NewPartner--addressDetailDetailsLanguage-arrow\"]"}
COMMAND: POST /session/ad66f158aa4d4ab6ef13355aa7850eca/element/f.46184FC8CB979803EFB42F6A75FB8695.d.EC299B10F004505FF5C0FCB684824527.e.11009/click - {}
RESULT: {}
COMMAND: POST /session/ad66f158aa4d4ab6ef13355aa7850eca/element - {"using":"xpath","value":"//span[contains(text(), \"English\")]"}
COMMAND: GET /session/ad66f158aa4d4ab6ef13355aa7850eca/screenshot - {}
RESULT: {"using":"xpath","value":"//span[contains(text(), \"English\")]"}
COMMAND: POST /session/ad66f158aa4d4ab6ef13355aa7850eca/element/f.46184FC8CB979803EFB42F6A75FB8695.d.EC299B10F004505FF5C0FCB684824527.e.11010/click - {}
RESULT: {}
RESULT: {}
COMMAND: GET /session/ad66f158aa4d4ab6ef13355aa7850eca/screenshot - {}
RESULT: {}
COMMAND: POST /session/ad66f158aa4d4ab6ef13355aa7850eca/execute/async - {"script":"<script> [1562 bytes]","args":[{"selector":{"id":"application-managepartners-display-component---NewPartner--addressDetailDetailsCity1","interaction":{"idSuffix":"inner"}},"wdio_ui5_key":"applicationmanagepartners-display-component---NewPartner--addressDetailDetailsCity1"}]}
RESULT: {"script":"<script> [1562 bytes]","args":[{"selector":{"id":"application-managepartners-display-component---NewPartner--addressDetailDetailsCity1","interaction":{"idSuffix":"inner"}},"wdio_ui5_key":"applicationmanagepartners-display-component---NewPartner--addressDetailDetailsCity1"}]}
RESULT: undefined
COMMAND: POST /session/ad66f158aa4d4ab6ef13355aa7850eca/execute/async - {"script":"<script> [776 bytes]","args":[{"enterText":"Rosario","selector":{"id":"application-managepartners-display-component---NewPartner--addressDetailDetailsCity1","interaction":{"idSuffix":"inner"}},"clearTextFirst":true,"interactionType":"ENTER_TEXT"}]}
RESULT: {"script":"<script> [776 bytes]","args":[{"enterText":"Rosario","selector":{"id":"application-managepartners-display-component---NewPartner--addressDetailDetailsCity1","interaction":{"idSuffix":"inner"}},"clearTextFirst":true,"interactionType":"ENTER_TEXT"}]}
COMMAND: POST /session/ad66f158aa4d4ab6ef13355aa7850eca/execute/async - {"script":"<script> [1562 bytes]","args":[{"selector":{"id":"application-managepartners-display-component---NewPartner--addressDetailDetailsCountry-arrow"},"wdio_ui5_key":"applicationmanagepartners-display-component---NewPartner--addressDetailDetailsCountry-arrow"}]}
RESULT: {"script":"<script> [1562 bytes]","args":[{"selector":{"id":"application-managepartners-display-component---NewPartner--addressDetailDetailsCountry-arrow"},"wdio_ui5_key":"applicationmanagepartners-display-component---NewPartner--addressDetailDetailsCountry-arrow"}]}
RESULT: undefined
COMMAND: POST /session/ad66f158aa4d4ab6ef13355aa7850eca/element - {"using":"xpath","value":"//*[@id=\"application-managepartners-display-component---NewPartner--addressDetailDetailsCountry-arrow\"]"}
RESULT: {"using":"xpath","value":"//*[@id=\"application-managepartners-display-component---NewPartner--addressDetailDetailsCountry-arrow\"]"}
COMMAND: POST /session/ad66f158aa4d4ab6ef13355aa7850eca/element/f.46184FC8CB979803EFB42F6A75FB8695.d.EC299B10F004505FF5C0FCB684824527.e.10984/click - {}
RESULT: {}
COMMAND: POST /session/ad66f158aa4d4ab6ef13355aa7850eca/element - {"using":"xpath","value":"//span[contains(text(), \"Argentina\")]"}
COMMAND: GET /session/ad66f158aa4d4ab6ef13355aa7850eca/screenshot - {}
RESULT: {"using":"xpath","value":"//span[contains(text(), \"Argentina\")]"}
COMMAND: POST /session/ad66f158aa4d4ab6ef13355aa7850eca/element/f.46184FC8CB979803EFB42F6A75FB8695.d.EC299B10F004505FF5C0FCB684824527.e.11012/click - {}
RESULT: {}
RESULT: {}
COMMAND: GET /session/ad66f158aa4d4ab6ef13355aa7850eca/screenshot - {}
RESULT: {}
COMMAND: POST /session/ad66f158aa4d4ab6ef13355aa7850eca/element - {"using":"xpath","value":"//bdi[contains(text(), \"Commercial\")]"}
RESULT: {"using":"xpath","value":"//bdi[contains(text(), \"Commercial\")]"}
COMMAND: POST /session/ad66f158aa4d4ab6ef13355aa7850eca/element/f.46184FC8CB979803EFB42F6A75FB8695.d.EC299B10F004505FF5C0FCB684824527.e.11013/click - {}
RESULT: {}
COMMAND: GET /session/ad66f158aa4d4ab6ef13355aa7850eca/screenshot - {}
RESULT: {}
COMMAND: POST /session/ad66f158aa4d4ab6ef13355aa7850eca/execute/async - {"script":"<script> [1562 bytes]","args":[{"selector":{"id":"application-managepartners-display-component---NewPartner--partnerDetailInternal-arrow"},"wdio_ui5_key":"applicationmanagepartners-display-component---NewPartner--partnerDetailInternal-arrow"}]}
RESULT: {"script":"<script> [1562 bytes]","args":[{"selector":{"id":"application-managepartners-display-component---NewPartner--partnerDetailInternal-arrow"},"wdio_ui5_key":"applicationmanagepartners-display-component---NewPartner--partnerDetailInternal-arrow"}]}
RESULT: undefined
COMMAND: POST /session/ad66f158aa4d4ab6ef13355aa7850eca/element - {"using":"xpath","value":"//*[@id=\"application-managepartners-display-component---NewPartner--partnerDetailInternal-arrow\"]"}
RESULT: {"using":"xpath","value":"//*[@id=\"application-managepartners-display-component---NewPartner--partnerDetailInternal-arrow\"]"}
COMMAND: POST /session/ad66f158aa4d4ab6ef13355aa7850eca/element/f.46184FC8CB979803EFB42F6A75FB8695.d.EC299B10F004505FF5C0FCB684824527.e.11019/click - {}
RESULT: {}
COMMAND: POST /session/ad66f158aa4d4ab6ef13355aa7850eca/element - {"using":"xpath","value":"//span[contains(text(), \"External partner\")]"}
COMMAND: GET /session/ad66f158aa4d4ab6ef13355aa7850eca/screenshot - {}
RESULT: {"using":"xpath","value":"//span[contains(text(), \"External partner\")]"}
COMMAND: POST /session/ad66f158aa4d4ab6ef13355aa7850eca/element/f.46184FC8CB979803EFB42F6A75FB8695.d.EC299B10F004505FF5C0FCB684824527.e.11020/click - {}
RESULT: {}
RESULT: {}
COMMAND: POST /session/ad66f158aa4d4ab6ef13355aa7850eca/execute/async - {"script":"<script> [1562 bytes]","args":[{"selector":{"id":"application-managepartners-display-component---NewPartner--partnerDetailsCurrency-arrow"},"wdio_ui5_key":"applicationmanagepartners-display-component---NewPartner--partnerDetailsCurrency-arrow"}]}
COMMAND: GET /session/ad66f158aa4d4ab6ef13355aa7850eca/screenshot - {}
RESULT: {"script":"<script> [1562 bytes]","args":[{"selector":{"id":"application-managepartners-display-component---NewPartner--partnerDetailsCurrency-arrow"},"wdio_ui5_key":"applicationmanagepartners-display-component---NewPartner--partnerDetailsCurrency-arrow"}]}
RESULT: undefined
COMMAND: POST /session/ad66f158aa4d4ab6ef13355aa7850eca/element - {"using":"xpath","value":"//*[@id=\"application-managepartners-display-component---NewPartner--partnerDetailsCurrency-arrow\"]"}
RESULT: {}
RESULT: {"using":"xpath","value":"//*[@id=\"application-managepartners-display-component---NewPartner--partnerDetailsCurrency-arrow\"]"}
COMMAND: POST /session/ad66f158aa4d4ab6ef13355aa7850eca/element/f.46184FC8CB979803EFB42F6A75FB8695.d.EC299B10F004505FF5C0FCB684824527.e.11025/click - {}
RESULT: {}
COMMAND: POST /session/ad66f158aa4d4ab6ef13355aa7850eca/element - {"using":"xpath","value":"//span[contains(text(), \"US Dollar\")]"}
COMMAND: GET /session/ad66f158aa4d4ab6ef13355aa7850eca/screenshot - {}
RESULT: {"using":"xpath","value":"//span[contains(text(), \"US Dollar\")]"}
COMMAND: POST /session/ad66f158aa4d4ab6ef13355aa7850eca/element/f.46184FC8CB979803EFB42F6A75FB8695.d.EC299B10F004505FF5C0FCB684824527.e.11026/click - {}
RESULT: {}
RESULT: {}
COMMAND: GET /session/ad66f158aa4d4ab6ef13355aa7850eca/screenshot - {}
RESULT: {}
COMMAND: POST /session/ad66f158aa4d4ab6ef13355aa7850eca/element - {"using":"xpath","value":"//input[@id=\"application-managepartners-display-component---NewPartner--companyCodeComboBox-inner\"]"}
RESULT: {"using":"xpath","value":"//input[@id=\"application-managepartners-display-component---NewPartner--companyCodeComboBox-inner\"]"}
COMMAND: POST /session/ad66f158aa4d4ab6ef13355aa7850eca/element/f.46184FC8CB979803EFB42F6A75FB8695.d.EC299B10F004505FF5C0FCB684824527.e.10922/clear - {}
RESULT: {}
COMMAND: POST /session/ad66f158aa4d4ab6ef13355aa7850eca/element/f.46184FC8CB979803EFB42F6A75FB8695.d.EC299B10F004505FF5C0FCB684824527.e.10922/value - {"text":"C002"}
COMMAND: GET /session/ad66f158aa4d4ab6ef13355aa7850eca/screenshot - {}
RESULT: {"text":"C002"}
COMMAND: GET /session/ad66f158aa4d4ab6ef13355aa7850eca/screenshot - {}
RESULT: {}
RESULT: {}
COMMAND: POST /session/ad66f158aa4d4ab6ef13355aa7850eca/element - {"using":"xpath","value":"//li[.//span[text()= \"C002\"]]"}
RESULT: {"using":"xpath","value":"//li[.//span[text()= \"C002\"]]"}
COMMAND: POST /session/ad66f158aa4d4ab6ef13355aa7850eca/element/f.46184FC8CB979803EFB42F6A75FB8695.d.EC299B10F004505FF5C0FCB684824527.e.11030/click - {}
RESULT: {}
COMMAND: GET /session/ad66f158aa4d4ab6ef13355aa7850eca/screenshot - {}
RESULT: {}
COMMAND: POST /session/ad66f158aa4d4ab6ef13355aa7850eca/execute/async - {"script":"<script> [1562 bytes]","args":[{"selector":{"controlType":"sap.ui.core.Icon","viewName":"etm.portal.ui.managepartners.view.NewPartner","viewId":"application-managepartners-display-component---NewPartner","properties":{"src":{"regex":{"source":"slim\\-arrow\\-down"}}},"ancestor":{"controlType":"sap.m.ComboBox","viewName":"etm.portal.ui.managepartners.view.NewPartner","viewId":"application-managepartners-display-component---NewPartner","bindingPath":{"path":"","propertyPath":"/CATALOG","modelName":"oNewPartnerModel"}}},"wdio_ui5_key":"etmportal.ui.managepartners.view.NewPartnersap.ui.core.Icon{\"src\":{\"regex\":{\"source\":\"slim\\\\-arrow\\\\-down\"}}}{\"controlType\":\"sap.m.ComboBox\",\"viewName\":\"etm.portal.ui.managepartners.view.NewPartner\",\"viewId\":\"application-managepartners-display-component---NewPartner\",\"bindingPath\":{\"path\":\"\",\"propertyPath\":\"/CATALOG\",\"modelName\":\"oNewPartnerModel\"}}"}]}
RESULT: {"script":"<script> [1562 bytes]","args":[{"selector":{"controlType":"sap.ui.core.Icon","viewName":"etm.portal.ui.managepartners.view.NewPartner","viewId":"application-managepartners-display-component---NewPartner","properties":{"src":{"regex":{"source":"slim\\-arrow\\-down"}}},"ancestor":{"controlType":"sap.m.ComboBox","viewName":"etm.portal.ui.managepartners.view.NewPartner","viewId":"application-managepartners-display-component---NewPartner","bindingPath":{"path":"","propertyPath":"/CATALOG","modelName":"oNewPartnerModel"}}},"wdio_ui5_key":"etmportal.ui.managepartners.view.NewPartnersap.ui.core.Icon{\"src\":{\"regex\":{\"source\":\"slim\\\\-arrow\\\\-down\"}}}{\"controlType\":\"sap.m.ComboBox\",\"viewName\":\"etm.portal.ui.managepartners.view.NewPartner\",\"viewId\":\"application-managepartners-display-component---NewPartner\",\"bindingPath\":{\"path\":\"\",\"propertyPath\":\"/CATALOG\",\"modelName\":\"oNewPartnerModel\"}}"}]}
RESULT: undefined
COMMAND: POST /session/ad66f158aa4d4ab6ef13355aa7850eca/element - {"using":"xpath","value":"//*[@id=\"__box22-arrow\"]"}
RESULT: {"using":"xpath","value":"//*[@id=\"__box22-arrow\"]"}
COMMAND: POST /session/ad66f158aa4d4ab6ef13355aa7850eca/element/f.46184FC8CB979803EFB42F6A75FB8695.d.EC299B10F004505FF5C0FCB684824527.e.10985/click - {}
RESULT: {}
COMMAND: GET /session/ad66f158aa4d4ab6ef13355aa7850eca/screenshot - {}
RESULT: {}
COMMAND: POST /session/ad66f158aa4d4ab6ef13355aa7850eca/element - {"using":"xpath","value":"//ul[contains(@id,\"popup-list-listUl\")]//li[.//span[text()= \"Webshop Catalog\"]]"}
RESULT: {"using":"xpath","value":"//ul[contains(@id,\"popup-list-listUl\")]//li[.//span[text()= \"Webshop Catalog\"]]"}
COMMAND: POST /session/ad66f158aa4d4ab6ef13355aa7850eca/element/f.46184FC8CB979803EFB42F6A75FB8695.d.EC299B10F004505FF5C0FCB684824527.e.11032/click - {}
RESULT: {}
COMMAND: GET /session/ad66f158aa4d4ab6ef13355aa7850eca/screenshot - {}
RESULT: {}
COMMAND: POST /session/ad66f158aa4d4ab6ef13355aa7850eca/execute/async - {"script":"<script> [1562 bytes]","args":[{"selector":{"id":"application-managepartners-display-component---NewPartner--btnAddTableRow-img"},"wdio_ui5_key":"applicationmanagepartners-display-component---NewPartner--btnAddTableRow-img"}]}
RESULT: {"script":"<script> [1562 bytes]","args":[{"selector":{"id":"application-managepartners-display-component---NewPartner--btnAddTableRow-img"},"wdio_ui5_key":"applicationmanagepartners-display-component---NewPartner--btnAddTableRow-img"}]}
RESULT: undefined
COMMAND: POST /session/ad66f158aa4d4ab6ef13355aa7850eca/element - {"using":"xpath","value":"//*[@id=\"application-managepartners-display-component---NewPartner--btnAddTableRow-img\"]"}
RESULT: {"using":"xpath","value":"//*[@id=\"application-managepartners-display-component---NewPartner--btnAddTableRow-img\"]"}
COMMAND: POST /session/ad66f158aa4d4ab6ef13355aa7850eca/element/f.46184FC8CB979803EFB42F6A75FB8695.d.EC299B10F004505FF5C0FCB684824527.e.11033/click - {}
RESULT: {}
COMMAND: GET /session/ad66f158aa4d4ab6ef13355aa7850eca/screenshot - {}
RESULT: {}
COMMAND: POST /session/ad66f158aa4d4ab6ef13355aa7850eca/element - {"using":"xpath","value":"//input[@id=\"application-managepartners-display-component---NewPartner--assignmentYard-application-managepartners-display-component---NewPartner--assignmentsTable-0-inner\"]"}
RESULT: {"using":"xpath","value":"//input[@id=\"application-managepartners-display-component---NewPartner--assignmentYard-application-managepartners-display-component---NewPartner--assignmentsTable-0-inner\"]"}
COMMAND: POST /session/ad66f158aa4d4ab6ef13355aa7850eca/element/f.46184FC8CB979803EFB42F6A75FB8695.d.EC299B10F004505FF5C0FCB684824527.e.11036/clear - {}
RESULT: {}
COMMAND: POST /session/ad66f158aa4d4ab6ef13355aa7850eca/element/f.46184FC8CB979803EFB42F6A75FB8695.d.EC299B10F004505FF5C0FCB684824527.e.11036/value - {"text":"562"}
COMMAND: GET /session/ad66f158aa4d4ab6ef13355aa7850eca/screenshot - {}
RESULT: {"text":"562"}
COMMAND: GET /session/ad66f158aa4d4ab6ef13355aa7850eca/screenshot - {}
RESULT: {}
RESULT: {}
COMMAND: POST /session/ad66f158aa4d4ab6ef13355aa7850eca/element - {"using":"xpath","value":"//li[.//span[text()='562']]"}
RESULT: {"using":"xpath","value":"//li[.//span[text()='562']]"}
COMMAND: POST /session/ad66f158aa4d4ab6ef13355aa7850eca/element/f.46184FC8CB979803EFB42F6A75FB8695.d.EC299B10F004505FF5C0FCB684824527.e.11045/click - {}
RESULT: {}
COMMAND: GET /session/ad66f158aa4d4ab6ef13355aa7850eca/screenshot - {}
RESULT: {}
COMMAND: POST /session/ad66f158aa4d4ab6ef13355aa7850eca/actions - {"actions":[{"id":"action31","type":"key","parameters":{},"actions":[{"type":"keyDown","value":""},{"type":"pause","duration":10},{"type":"keyUp","value":""}]}]}
RESULT: {"actions":[{"id":"action31","type":"key","parameters":{},"actions":[{"type":"keyDown","value":""},{"type":"pause","duration":10},{"type":"keyUp","value":""}]}]}
COMMAND: POST /session/ad66f158aa4d4ab6ef13355aa7850eca/element - {"using":"xpath","value":"//td[contains(@id, \"assignmentsTable-0-cell2\")]/div/div"}
COMMAND: GET /session/ad66f158aa4d4ab6ef13355aa7850eca/screenshot - {}
RESULT: {"using":"xpath","value":"//td[contains(@id, \"assignmentsTable-0-cell2\")]/div/div"}
COMMAND: POST /session/ad66f158aa4d4ab6ef13355aa7850eca/element/f.46184FC8CB979803EFB42F6A75FB8695.d.EC299B10F004505FF5C0FCB684824527.e.11048/click - {}
RESULT: {}
RESULT: {}
COMMAND: GET /session/ad66f158aa4d4ab6ef13355aa7850eca/screenshot - {}
RESULT: {}
COMMAND: POST /session/ad66f158aa4d4ab6ef13355aa7850eca/element - {"using":"xpath","value":"//button[@data-kt=\"saveButton\"]"}
RESULT: {"using":"xpath","value":"//button[@data-kt=\"saveButton\"]"}
COMMAND: POST /session/ad66f158aa4d4ab6ef13355aa7850eca/element/f.46184FC8CB979803EFB42F6A75FB8695.d.EC299B10F004505FF5C0FCB684824527.e.10986/click - {}
RESULT: {}
COMMAND: GET /session/ad66f158aa4d4ab6ef13355aa7850eca/screenshot - {}
RESULT: {}
COMMAND: POST /session/ad66f158aa4d4ab6ef13355aa7850eca/element - {"using":"xpath","value":"//header[contains(@id, 'ObjectPageLayout-headerTitle')]/div[1]/div[2]/div[2]/span[1]"}
RESULT: {"using":"xpath","value":"//header[contains(@id, 'ObjectPageLayout-headerTitle')]/div[1]/div[2]/div[2]/span[1]"}
COMMAND: POST /session/ad66f158aa4d4ab6ef13355aa7850eca/elements - {"using":"xpath","value":"//header[contains(@id, 'ObjectPageLayout-headerTitle')]/div[1]/div[2]/div[2]/span[1]"}
RESULT: {"using":"xpath","value":"//header[contains(@id, 'ObjectPageLayout-headerTitle')]/div[1]/div[2]/div[2]/span[1]"}
COMMAND: POST /session/ad66f158aa4d4ab6ef13355aa7850eca/execute/sync - {"script":"<script> [56 bytes]","args":[{"element-6066-11e4-a52e-4f735466cecf":"f.46184FC8CB979803EFB42F6A75FB8695.d.EC299B10F004505FF5C0FCB684824527.e.11211","ELEMENT":"f.46184FC8CB979803EFB42F6A75FB8695.d.EC299B10F004505FF5C0FCB684824527.e.11211"}]}
RESULT: {"script":"<script> [56 bytes]","args":[{"element-6066-11e4-a52e-4f735466cecf":"f.46184FC8CB979803EFB42F6A75FB8695.d.EC299B10F004505FF5C0FCB684824527.e.11211","ELEMENT":"f.46184FC8CB979803EFB42F6A75FB8695.d.EC299B10F004505FF5C0FCB684824527.e.11211"}]}
COMMAND: POST /session/ad66f158aa4d4ab6ef13355aa7850eca/element - {"using":"css selector","value":"#shell-header-logo"}
COMMAND: GET /session/ad66f158aa4d4ab6ef13355aa7850eca/screenshot - {}
RESULT: {"using":"css selector","value":"#shell-header-logo"}
COMMAND: POST /session/ad66f158aa4d4ab6ef13355aa7850eca/element/f.46184FC8CB979803EFB42F6A75FB8695.d.EC299B10F004505FF5C0FCB684824527.e.10528/click - {}
RESULT: {}
RESULT: {}
COMMAND: GET /session/ad66f158aa4d4ab6ef13355aa7850eca/screenshot - {}
RESULT: {}
COMMAND: POST /session/ad66f158aa4d4ab6ef13355aa7850eca/execute/sync - {"script":"<script> [299 bytes]","args":[["getModel","getResource"]]}
RESULT: {"script":"<script> [299 bytes]","args":[["getModel","getResource"]]}
]]></system-out>
    </testcase>
    <testcase classname="chrome.136_0_7103_93.windows.Create_partner_US118246" name="Should create a new yard in case create yard failed" time="118.606">
      <system-out><![CDATA[
RESULT: undefined
COMMAND: POST /session/ad66f158aa4d4ab6ef13355aa7850eca/element - {"using":"xpath","value":"//*[@id=\"__tile41\"]"}
COMMAND: GET /session/ad66f158aa4d4ab6ef13355aa7850eca/screenshot - {}
RESULT: {"using":"xpath","value":"//*[@id=\"__tile41\"]"}
COMMAND: POST /session/ad66f158aa4d4ab6ef13355aa7850eca/element/f.46184FC8CB979803EFB42F6A75FB8695.d.EC299B10F004505FF5C0FCB684824527.e.9691/click - {}
RESULT: {}
RESULT: {}
COMMAND: GET /session/ad66f158aa4d4ab6ef13355aa7850eca/screenshot - {}
RESULT: {}
COMMAND: POST /session/ad66f158aa4d4ab6ef13355aa7850eca/elements - {"using":"xpath","value":"//span[text()='Error']"}
RESULT: {"using":"xpath","value":"//span[text()='Error']"}
COMMAND: POST /session/ad66f158aa4d4ab6ef13355aa7850eca/element - {"using":"xpath","value":"//button[@data-kt=\"addNewYardOverflowToolbarButton\"]"}
RESULT: {"using":"xpath","value":"//button[@data-kt=\"addNewYardOverflowToolbarButton\"]"}
COMMAND: POST /session/ad66f158aa4d4ab6ef13355aa7850eca/elements - {"using":"xpath","value":"//button[@data-kt=\"addNewYardOverflowToolbarButton\"]"}
RESULT: {"using":"xpath","value":"//button[@data-kt=\"addNewYardOverflowToolbarButton\"]"}
COMMAND: POST /session/ad66f158aa4d4ab6ef13355aa7850eca/execute/sync - {"script":"<script> [8489 bytes]","args":[{"element-6066-11e4-a52e-4f735466cecf":"f.46184FC8CB979803EFB42F6A75FB8695.d.EC299B10F004505FF5C0FCB684824527.e.11247","ELEMENT":"f.46184FC8CB979803EFB42F6A75FB8695.d.EC299B10F004505FF5C0FCB684824527.e.11247"}]}
RESULT: {"script":"<script> [8489 bytes]","args":[{"element-6066-11e4-a52e-4f735466cecf":"f.46184FC8CB979803EFB42F6A75FB8695.d.EC299B10F004505FF5C0FCB684824527.e.11247","ELEMENT":"f.46184FC8CB979803EFB42F6A75FB8695.d.EC299B10F004505FF5C0FCB684824527.e.11247"}]}
COMMAND: GET /session/ad66f158aa4d4ab6ef13355aa7850eca/element/f.46184FC8CB979803EFB42F6A75FB8695.d.EC299B10F004505FF5C0FCB684824527.e.11247/enabled - {}
COMMAND: GET /session/ad66f158aa4d4ab6ef13355aa7850eca/screenshot - {}
RESULT: {}
COMMAND: POST /session/ad66f158aa4d4ab6ef13355aa7850eca/execute/sync - {"script":"<script> [8489 bytes]","args":[{"element-6066-11e4-a52e-4f735466cecf":"f.46184FC8CB979803EFB42F6A75FB8695.d.EC299B10F004505FF5C0FCB684824527.e.11247","ELEMENT":"f.46184FC8CB979803EFB42F6A75FB8695.d.EC299B10F004505FF5C0FCB684824527.e.11247"}]}
COMMAND: GET /session/ad66f158aa4d4ab6ef13355aa7850eca/screenshot - {}
RESULT: {}
RESULT: {"script":"<script> [8489 bytes]","args":[{"element-6066-11e4-a52e-4f735466cecf":"f.46184FC8CB979803EFB42F6A75FB8695.d.EC299B10F004505FF5C0FCB684824527.e.11247","ELEMENT":"f.46184FC8CB979803EFB42F6A75FB8695.d.EC299B10F004505FF5C0FCB684824527.e.11247"}]}
COMMAND: POST /session/ad66f158aa4d4ab6ef13355aa7850eca/execute/sync - {"script":"<script> [5351 bytes]","args":[{"element-6066-11e4-a52e-4f735466cecf":"f.46184FC8CB979803EFB42F6A75FB8695.d.EC299B10F004505FF5C0FCB684824527.e.11247","ELEMENT":"f.46184FC8CB979803EFB42F6A75FB8695.d.EC299B10F004505FF5C0FCB684824527.e.11247"}]}
COMMAND: GET /session/ad66f158aa4d4ab6ef13355aa7850eca/screenshot - {}
RESULT: {}
RESULT: {"script":"<script> [5351 bytes]","args":[{"element-6066-11e4-a52e-4f735466cecf":"f.46184FC8CB979803EFB42F6A75FB8695.d.EC299B10F004505FF5C0FCB684824527.e.11247","ELEMENT":"f.46184FC8CB979803EFB42F6A75FB8695.d.EC299B10F004505FF5C0FCB684824527.e.11247"}]}
COMMAND: POST /session/ad66f158aa4d4ab6ef13355aa7850eca/element/f.46184FC8CB979803EFB42F6A75FB8695.d.EC299B10F004505FF5C0FCB684824527.e.11247/click - {}
COMMAND: GET /session/ad66f158aa4d4ab6ef13355aa7850eca/screenshot - {}
RESULT: {}
RESULT: {}
COMMAND: GET /session/ad66f158aa4d4ab6ef13355aa7850eca/screenshot - {}
COMMAND: POST /session/ad66f158aa4d4ab6ef13355aa7850eca/element - {"using":"xpath","value":"//input[@id=\"application-manageyards-display-component---NewYard--yardId-inner\"]"}
RESULT: {}
RESULT: {}
RESULT: {"using":"xpath","value":"//input[@id=\"application-manageyards-display-component---NewYard--yardId-inner\"]"}
COMMAND: POST /session/ad66f158aa4d4ab6ef13355aa7850eca/element - {"using":"xpath","value":"//input[@id=\"application-manageyards-display-component---NewYard--yardId-inner\"]"}
RESULT: {"using":"xpath","value":"//input[@id=\"application-manageyards-display-component---NewYard--yardId-inner\"]"}
RESULT: undefined
COMMAND: POST /session/ad66f158aa4d4ab6ef13355aa7850eca/execute/async - {"script":"<script> [776 bytes]","args":[{"enterText":"Warehouse Managed WDIO","selector":{"id":"application-manageyards-display-component---NewYard--addressDetailDetailsName1","interaction":{"idSuffix":"inner"}},"clearTextFirst":true,"interactionType":"ENTER_TEXT"}]}
RESULT: {"script":"<script> [776 bytes]","args":[{"enterText":"Warehouse Managed WDIO","selector":{"id":"application-manageyards-display-component---NewYard--addressDetailDetailsName1","interaction":{"idSuffix":"inner"}},"clearTextFirst":true,"interactionType":"ENTER_TEXT"}]}
RESULT: undefined
COMMAND: POST /session/ad66f158aa4d4ab6ef13355aa7850eca/element - {"using":"xpath","value":"//*[@id=\"application-manageyards-display-component---NewYard--addressDetailDetailsLanguage-arrow\"]"}
RESULT: {"using":"xpath","value":"//*[@id=\"application-manageyards-display-component---NewYard--addressDetailDetailsLanguage-arrow\"]"}
COMMAND: POST /session/ad66f158aa4d4ab6ef13355aa7850eca/element/f.46184FC8CB979803EFB42F6A75FB8695.d.EC299B10F004505FF5C0FCB684824527.e.11674/click - {}
RESULT: {}
COMMAND: POST /session/ad66f158aa4d4ab6ef13355aa7850eca/element - {"using":"xpath","value":"//span[contains(text(), \"English\")]"}
COMMAND: GET /session/ad66f158aa4d4ab6ef13355aa7850eca/screenshot - {}
RESULT: {"using":"xpath","value":"//span[contains(text(), \"English\")]"}
COMMAND: POST /session/ad66f158aa4d4ab6ef13355aa7850eca/element/f.46184FC8CB979803EFB42F6A75FB8695.d.EC299B10F004505FF5C0FCB684824527.e.11675/click - {}
RESULT: {}
RESULT: {}
RESULT: undefined
COMMAND: POST /session/ad66f158aa4d4ab6ef13355aa7850eca/execute/async - {"script":"<script> [776 bytes]","args":[{"enterText":"Rosario","selector":{"id":"application-manageyards-display-component---NewYard--addressDetailDetailsCity1","interaction":{"idSuffix":"inner"}},"clearTextFirst":true,"interactionType":"ENTER_TEXT"}]}
COMMAND: GET /session/ad66f158aa4d4ab6ef13355aa7850eca/screenshot - {}
RESULT: {"script":"<script> [776 bytes]","args":[{"enterText":"Rosario","selector":{"id":"application-manageyards-display-component---NewYard--addressDetailDetailsCity1","interaction":{"idSuffix":"inner"}},"clearTextFirst":true,"interactionType":"ENTER_TEXT"}]}
RESULT: undefined
COMMAND: POST /session/ad66f158aa4d4ab6ef13355aa7850eca/element - {"using":"xpath","value":"//*[@id=\"application-manageyards-display-component---NewYard--addressDetailDetailsCountry-arrow\"]"}
RESULT: {}
RESULT: {"using":"xpath","value":"//*[@id=\"application-manageyards-display-component---NewYard--addressDetailDetailsCountry-arrow\"]"}
COMMAND: POST /session/ad66f158aa4d4ab6ef13355aa7850eca/element/f.46184FC8CB979803EFB42F6A75FB8695.d.EC299B10F004505FF5C0FCB684824527.e.11676/click - {}
RESULT: {}
COMMAND: POST /session/ad66f158aa4d4ab6ef13355aa7850eca/element - {"using":"xpath","value":"//span[contains(text(), \"Argentina\")]"}
COMMAND: GET /session/ad66f158aa4d4ab6ef13355aa7850eca/screenshot - {}
RESULT: {"using":"xpath","value":"//span[contains(text(), \"Argentina\")]"}
COMMAND: POST /session/ad66f158aa4d4ab6ef13355aa7850eca/element/f.46184FC8CB979803EFB42F6A75FB8695.d.EC299B10F004505FF5C0FCB684824527.e.11678/click - {}
RESULT: {}
RESULT: {}
RESULT: undefined
COMMAND: POST /session/ad66f158aa4d4ab6ef13355aa7850eca/element - {"using":"xpath","value":"//*[@id=\"application-manageyards-display-component---NewYard--addressEditDetailsCostObjectCstType-arrow\"]"}
COMMAND: GET /session/ad66f158aa4d4ab6ef13355aa7850eca/screenshot - {}
RESULT: {"using":"xpath","value":"//*[@id=\"application-manageyards-display-component---NewYard--addressEditDetailsCostObjectCstType-arrow\"]"}
COMMAND: POST /session/ad66f158aa4d4ab6ef13355aa7850eca/element/f.46184FC8CB979803EFB42F6A75FB8695.d.EC299B10F004505FF5C0FCB684824527.e.11679/click - {}
RESULT: {}
RESULT: {}
COMMAND: POST /session/ad66f158aa4d4ab6ef13355aa7850eca/element - {"using":"xpath","value":"//span[contains(text(), \"Cost Center\")]"}
COMMAND: GET /session/ad66f158aa4d4ab6ef13355aa7850eca/screenshot - {}
RESULT: {"using":"xpath","value":"//span[contains(text(), \"Cost Center\")]"}
COMMAND: POST /session/ad66f158aa4d4ab6ef13355aa7850eca/element/f.46184FC8CB979803EFB42F6A75FB8695.d.EC299B10F004505FF5C0FCB684824527.e.11680/click - {}
RESULT: {}
RESULT: {}
COMMAND: GET /session/ad66f158aa4d4ab6ef13355aa7850eca/screenshot - {}
RESULT: {}
COMMAND: POST /session/ad66f158aa4d4ab6ef13355aa7850eca/element - {"using":"xpath","value":"//span[@id=\"application-manageyards-display-component---NewYard--addressNewCostObjectCstID-vhi\"]"}
RESULT: {"using":"xpath","value":"//span[@id=\"application-manageyards-display-component---NewYard--addressNewCostObjectCstID-vhi\"]"}
COMMAND: POST /session/ad66f158aa4d4ab6ef13355aa7850eca/execute/sync - {"script":"<script> [8489 bytes]","args":[{"element-6066-11e4-a52e-4f735466cecf":"f.46184FC8CB979803EFB42F6A75FB8695.d.EC299B10F004505FF5C0FCB684824527.e.11684","ELEMENT":"f.46184FC8CB979803EFB42F6A75FB8695.d.EC299B10F004505FF5C0FCB684824527.e.11684"}]}
RESULT: {"script":"<script> [8489 bytes]","args":[{"element-6066-11e4-a52e-4f735466cecf":"f.46184FC8CB979803EFB42F6A75FB8695.d.EC299B10F004505FF5C0FCB684824527.e.11684","ELEMENT":"f.46184FC8CB979803EFB42F6A75FB8695.d.EC299B10F004505FF5C0FCB684824527.e.11684"}]}
RESULT: undefined
COMMAND: POST /session/ad66f158aa4d4ab6ef13355aa7850eca/element - {"using":"xpath","value":"//*[@id=\"application-manageyards-display-component---NewYard--addressNewCostObjectCstID-vhi\"]"}
COMMAND: GET /session/ad66f158aa4d4ab6ef13355aa7850eca/screenshot - {}
RESULT: {"using":"xpath","value":"//*[@id=\"application-manageyards-display-component---NewYard--addressNewCostObjectCstID-vhi\"]"}
COMMAND: POST /session/ad66f158aa4d4ab6ef13355aa7850eca/element/f.46184FC8CB979803EFB42F6A75FB8695.d.EC299B10F004505FF5C0FCB684824527.e.11684/click - {}
RESULT: {}
RESULT: {}
COMMAND: GET /session/ad66f158aa4d4ab6ef13355aa7850eca/screenshot - {}
RESULT: {}
RESULT: undefined
COMMAND: POST /session/ad66f158aa4d4ab6ef13355aa7850eca/execute/async - {"script":"<script> [776 bytes]","args":[{"enterText":"bauh_b","selector":{"controlType":"sap.m.SearchField","properties":{"placeholder":"Search"},"searchOpenDialogs":true,"interaction":{"idSuffix":"I"}},"clearTextFirst":true,"interactionType":"ENTER_TEXT"}]}
RESULT: {"script":"<script> [776 bytes]","args":[{"enterText":"bauh_b","selector":{"controlType":"sap.m.SearchField","properties":{"placeholder":"Search"},"searchOpenDialogs":true,"interaction":{"idSuffix":"I"}},"clearTextFirst":true,"interactionType":"ENTER_TEXT"}]}
COMMAND: POST /session/ad66f158aa4d4ab6ef13355aa7850eca/actions - {"actions":[{"id":"action32","type":"key","parameters":{},"actions":[{"type":"keyDown","value":""},{"type":"pause","duration":10},{"type":"keyUp","value":""}]}]}
RESULT: {"actions":[{"id":"action32","type":"key","parameters":{},"actions":[{"type":"keyDown","value":""},{"type":"pause","duration":10},{"type":"keyUp","value":""}]}]}
COMMAND: GET /session/ad66f158aa4d4ab6ef13355aa7850eca/screenshot - {}
RESULT: {}
COMMAND: POST /session/ad66f158aa4d4ab6ef13355aa7850eca/element - {"using":"xpath","value":"//span[contains(text(), \"Demo Yard\")]"}
RESULT: {"using":"xpath","value":"//span[contains(text(), \"Demo Yard\")]"}
COMMAND: POST /session/ad66f158aa4d4ab6ef13355aa7850eca/element/f.46184FC8CB979803EFB42F6A75FB8695.d.EC299B10F004505FF5C0FCB684824527.e.11724/click - {}
RESULT: {}
COMMAND: GET /session/ad66f158aa4d4ab6ef13355aa7850eca/screenshot - {}
RESULT: {}
COMMAND: POST /session/ad66f158aa4d4ab6ef13355aa7850eca/element - {"using":"xpath","value":"//bdi[contains(text(), \"OK\")]"}
RESULT: {"using":"xpath","value":"//bdi[contains(text(), \"OK\")]"}
COMMAND: POST /session/ad66f158aa4d4ab6ef13355aa7850eca/element/f.46184FC8CB979803EFB42F6A75FB8695.d.EC299B10F004505FF5C0FCB684824527.e.11725/click - {}
RESULT: {}
COMMAND: GET /session/ad66f158aa4d4ab6ef13355aa7850eca/screenshot - {}
RESULT: {}
RESULT: undefined
COMMAND: POST /session/ad66f158aa4d4ab6ef13355aa7850eca/element - {"using":"xpath","value":"//*[@id=\"application-manageyards-display-component---NewYard--addressEditDetailsCurrency-arrow\"]"}
RESULT: {"using":"xpath","value":"//*[@id=\"application-manageyards-display-component---NewYard--addressEditDetailsCurrency-arrow\"]"}
COMMAND: POST /session/ad66f158aa4d4ab6ef13355aa7850eca/element/f.46184FC8CB979803EFB42F6A75FB8695.d.EC299B10F004505FF5C0FCB684824527.e.11728/click - {}
RESULT: {}
COMMAND: POST /session/ad66f158aa4d4ab6ef13355aa7850eca/element - {"using":"xpath","value":"//span[contains(text(), \"Euro\")]"}
COMMAND: GET /session/ad66f158aa4d4ab6ef13355aa7850eca/screenshot - {}
RESULT: {"using":"xpath","value":"//span[contains(text(), \"Euro\")]"}
COMMAND: POST /session/ad66f158aa4d4ab6ef13355aa7850eca/element/f.46184FC8CB979803EFB42F6A75FB8695.d.EC299B10F004505FF5C0FCB684824527.e.11729/click - {}
RESULT: {}
RESULT: {}
RESULT: undefined
COMMAND: POST /session/ad66f158aa4d4ab6ef13355aa7850eca/execute/async - {"script":"<script> [776 bytes]","args":[{"enterText":"Z001","selector":{"controlType":"sap.m.Input","viewName":"etm.portal.ui.manageyards.view.New","viewId":"application-manageyards-display-component---NewYard","bindingPath":{"path":"","propertyPath":"/CONTROLLING_AREA","modelName":"NewYardModel"},"interaction":{"idSuffix":"inner"}},"clearTextFirst":true,"interactionType":"ENTER_TEXT"}]}
COMMAND: GET /session/ad66f158aa4d4ab6ef13355aa7850eca/screenshot - {}
RESULT: {"script":"<script> [776 bytes]","args":[{"enterText":"Z001","selector":{"controlType":"sap.m.Input","viewName":"etm.portal.ui.manageyards.view.New","viewId":"application-manageyards-display-component---NewYard","bindingPath":{"path":"","propertyPath":"/CONTROLLING_AREA","modelName":"NewYardModel"},"interaction":{"idSuffix":"inner"}},"clearTextFirst":true,"interactionType":"ENTER_TEXT"}]}
RESULT: undefined
COMMAND: POST /session/ad66f158aa4d4ab6ef13355aa7850eca/execute/async - {"script":"<script> [776 bytes]","args":[{"enterText":"1000","selector":{"id":"application-manageyards-display-component---NewYard--companyCodeComboBox","interaction":{"idSuffix":"inner"}},"clearTextFirst":true,"interactionType":"ENTER_TEXT"}]}
RESULT: {}
RESULT: {"script":"<script> [776 bytes]","args":[{"enterText":"1000","selector":{"id":"application-manageyards-display-component---NewYard--companyCodeComboBox","interaction":{"idSuffix":"inner"}},"clearTextFirst":true,"interactionType":"ENTER_TEXT"}]}
RESULT: undefined
COMMAND: POST /session/ad66f158aa4d4ab6ef13355aa7850eca/execute/async - {"script":"<script> [776 bytes]","args":[{"enterText":"1001","selector":{"controlType":"sap.m.Input","viewName":"etm.portal.ui.manageyards.view.New","viewId":"application-manageyards-display-component---NewYard","bindingPath":{"path":"","propertyPath":"/PLANT","modelName":"NewYardModel"},"interaction":{"idSuffix":"inner"}},"clearTextFirst":true,"interactionType":"ENTER_TEXT"}]}
RESULT: {"script":"<script> [776 bytes]","args":[{"enterText":"1001","selector":{"controlType":"sap.m.Input","viewName":"etm.portal.ui.manageyards.view.New","viewId":"application-manageyards-display-component---NewYard","bindingPath":{"path":"","propertyPath":"/PLANT","modelName":"NewYardModel"},"interaction":{"idSuffix":"inner"}},"clearTextFirst":true,"interactionType":"ENTER_TEXT"}]}
RESULT: undefined
COMMAND: POST /session/ad66f158aa4d4ab6ef13355aa7850eca/execute/async - {"script":"<script> [776 bytes]","args":[{"enterText":"C002","selector":{"controlType":"sap.m.Input","viewName":"etm.portal.ui.manageyards.view.New","viewId":"application-manageyards-display-component---NewYard","bindingPath":{"path":"","propertyPath":"/SALES_AREA_VKORG","modelName":"NewYardModel"},"interaction":{"idSuffix":"inner"}},"clearTextFirst":true,"interactionType":"ENTER_TEXT"}]}
RESULT: {"script":"<script> [776 bytes]","args":[{"enterText":"C002","selector":{"controlType":"sap.m.Input","viewName":"etm.portal.ui.manageyards.view.New","viewId":"application-manageyards-display-component---NewYard","bindingPath":{"path":"","propertyPath":"/SALES_AREA_VKORG","modelName":"NewYardModel"},"interaction":{"idSuffix":"inner"}},"clearTextFirst":true,"interactionType":"ENTER_TEXT"}]}
RESULT: undefined
COMMAND: POST /session/ad66f158aa4d4ab6ef13355aa7850eca/execute/async - {"script":"<script> [776 bytes]","args":[{"enterText":"C2","selector":{"controlType":"sap.m.Input","viewName":"etm.portal.ui.manageyards.view.New","viewId":"application-manageyards-display-component---NewYard","bindingPath":{"path":"","propertyPath":"/SALES_AREA_VTWEG","modelName":"NewYardModel"},"interaction":{"idSuffix":"inner"}},"clearTextFirst":true,"interactionType":"ENTER_TEXT"}]}
RESULT: {"script":"<script> [776 bytes]","args":[{"enterText":"C2","selector":{"controlType":"sap.m.Input","viewName":"etm.portal.ui.manageyards.view.New","viewId":"application-manageyards-display-component---NewYard","bindingPath":{"path":"","propertyPath":"/SALES_AREA_VTWEG","modelName":"NewYardModel"},"interaction":{"idSuffix":"inner"}},"clearTextFirst":true,"interactionType":"ENTER_TEXT"}]}
RESULT: undefined
COMMAND: POST /session/ad66f158aa4d4ab6ef13355aa7850eca/execute/async - {"script":"<script> [776 bytes]","args":[{"enterText":"C2","selector":{"controlType":"sap.m.Input","viewName":"etm.portal.ui.manageyards.view.New","viewId":"application-manageyards-display-component---NewYard","bindingPath":{"path":"","propertyPath":"/SALES_AREA_SPART","modelName":"NewYardModel"},"interaction":{"idSuffix":"inner"}},"clearTextFirst":true,"interactionType":"ENTER_TEXT"}]}
RESULT: {"script":"<script> [776 bytes]","args":[{"enterText":"C2","selector":{"controlType":"sap.m.Input","viewName":"etm.portal.ui.manageyards.view.New","viewId":"application-manageyards-display-component---NewYard","bindingPath":{"path":"","propertyPath":"/SALES_AREA_SPART","modelName":"NewYardModel"},"interaction":{"idSuffix":"inner"}},"clearTextFirst":true,"interactionType":"ENTER_TEXT"}]}
RESULT: undefined
COMMAND: POST /session/ad66f158aa4d4ab6ef13355aa7850eca/execute/async - {"script":"<script> [776 bytes]","args":[{"enterText":"1710","selector":{"controlType":"sap.m.Input","viewName":"etm.portal.ui.manageyards.view.New","viewId":"application-manageyards-display-component---NewYard","bindingPath":{"path":"","propertyPath":"/SHIP_POINT","modelName":"NewYardModel"},"interaction":{"idSuffix":"inner"}},"clearTextFirst":true,"interactionType":"ENTER_TEXT"}]}
RESULT: {"script":"<script> [776 bytes]","args":[{"enterText":"1710","selector":{"controlType":"sap.m.Input","viewName":"etm.portal.ui.manageyards.view.New","viewId":"application-manageyards-display-component---NewYard","bindingPath":{"path":"","propertyPath":"/SHIP_POINT","modelName":"NewYardModel"},"interaction":{"idSuffix":"inner"}},"clearTextFirst":true,"interactionType":"ENTER_TEXT"}]}
RESULT: undefined
COMMAND: POST /session/ad66f158aa4d4ab6ef13355aa7850eca/execute/async - {"script":"<script> [776 bytes]","args":[{"enterText":"ZL01","selector":{"controlType":"sap.m.Input","viewName":"etm.portal.ui.manageyards.view.New","viewId":"application-manageyards-display-component---NewYard","bindingPath":{"path":"","propertyPath":"/DELIVERY_TYPE","modelName":"NewYardModel"},"interaction":{"idSuffix":"inner"}},"clearTextFirst":true,"interactionType":"ENTER_TEXT"}]}
RESULT: {"script":"<script> [776 bytes]","args":[{"enterText":"ZL01","selector":{"controlType":"sap.m.Input","viewName":"etm.portal.ui.manageyards.view.New","viewId":"application-manageyards-display-component---NewYard","bindingPath":{"path":"","propertyPath":"/DELIVERY_TYPE","modelName":"NewYardModel"},"interaction":{"idSuffix":"inner"}},"clearTextFirst":true,"interactionType":"ENTER_TEXT"}]}
RESULT: undefined
COMMAND: POST /session/ad66f158aa4d4ab6ef13355aa7850eca/execute/async - {"script":"<script> [776 bytes]","args":[{"enterText":"TA","selector":{"controlType":"sap.m.Input","viewName":"etm.portal.ui.manageyards.view.New","viewId":"application-manageyards-display-component---NewYard","bindingPath":{"path":"","propertyPath":"/AUART","modelName":"NewYardModel"},"interaction":{"idSuffix":"inner"}},"clearTextFirst":true,"interactionType":"ENTER_TEXT"}]}
RESULT: {"script":"<script> [776 bytes]","args":[{"enterText":"TA","selector":{"controlType":"sap.m.Input","viewName":"etm.portal.ui.manageyards.view.New","viewId":"application-manageyards-display-component---NewYard","bindingPath":{"path":"","propertyPath":"/AUART","modelName":"NewYardModel"},"interaction":{"idSuffix":"inner"}},"clearTextFirst":true,"interactionType":"ENTER_TEXT"}]}
COMMAND: POST /session/ad66f158aa4d4ab6ef13355aa7850eca/execute/async - {"script":"<script> [1562 bytes]","args":[{"selector":{"id":"application-manageyards-display-component---NewYard--whmCheckBox","interaction":{"idSuffix":"CbBg"}},"wdio_ui5_key":"applicationmanageyards-display-component---NewYard--whmCheckBox"}]}
RESULT: {"script":"<script> [1562 bytes]","args":[{"selector":{"id":"application-manageyards-display-component---NewYard--whmCheckBox","interaction":{"idSuffix":"CbBg"}},"wdio_ui5_key":"applicationmanageyards-display-component---NewYard--whmCheckBox"}]}
RESULT: undefined
COMMAND: POST /session/ad66f158aa4d4ab6ef13355aa7850eca/element - {"using":"xpath","value":"//*[@id=\"application-manageyards-display-component---NewYard--whmCheckBox\"]"}
RESULT: {"using":"xpath","value":"//*[@id=\"application-manageyards-display-component---NewYard--whmCheckBox\"]"}
COMMAND: POST /session/ad66f158aa4d4ab6ef13355aa7850eca/element/f.46184FC8CB979803EFB42F6A75FB8695.d.EC299B10F004505FF5C0FCB684824527.e.11739/click - {}
RESULT: {}
COMMAND: GET /session/ad66f158aa4d4ab6ef13355aa7850eca/screenshot - {}
RESULT: {}
COMMAND: POST /session/ad66f158aa4d4ab6ef13355aa7850eca/element - {"using":"xpath","value":"//button[@data-kt=\"newYardSaveButton\"]"}
RESULT: {"using":"xpath","value":"//button[@data-kt=\"newYardSaveButton\"]"}
COMMAND: POST /session/ad66f158aa4d4ab6ef13355aa7850eca/element/f.46184FC8CB979803EFB42F6A75FB8695.d.EC299B10F004505FF5C0FCB684824527.e.11660/click - {}
RESULT: {}
COMMAND: GET /session/ad66f158aa4d4ab6ef13355aa7850eca/screenshot - {}
RESULT: {}
COMMAND: POST /session/ad66f158aa4d4ab6ef13355aa7850eca/element - {"using":"xpath","value":"//header[contains(@id, 'ObjectPageLayout-headerTitle')]/div[1]/div[2]/div[1]/span[1]"}
RESULT: {"using":"xpath","value":"//header[contains(@id, 'ObjectPageLayout-headerTitle')]/div[1]/div[2]/div[1]/span[1]"}
COMMAND: POST /session/ad66f158aa4d4ab6ef13355aa7850eca/elements - {"using":"xpath","value":"//header[contains(@id, 'ObjectPageLayout-headerTitle')]/div[1]/div[2]/div[1]/span[1]"}
RESULT: {"using":"xpath","value":"//header[contains(@id, 'ObjectPageLayout-headerTitle')]/div[1]/div[2]/div[1]/span[1]"}
COMMAND: POST /session/ad66f158aa4d4ab6ef13355aa7850eca/execute/sync - {"script":"<script> [56 bytes]","args":[{"element-6066-11e4-a52e-4f735466cecf":"f.46184FC8CB979803EFB42F6A75FB8695.d.EC299B10F004505FF5C0FCB684824527.e.11941","ELEMENT":"f.46184FC8CB979803EFB42F6A75FB8695.d.EC299B10F004505FF5C0FCB684824527.e.11941"}]}
RESULT: {"script":"<script> [56 bytes]","args":[{"element-6066-11e4-a52e-4f735466cecf":"f.46184FC8CB979803EFB42F6A75FB8695.d.EC299B10F004505FF5C0FCB684824527.e.11941","ELEMENT":"f.46184FC8CB979803EFB42F6A75FB8695.d.EC299B10F004505FF5C0FCB684824527.e.11941"}]}
COMMAND: GET /session/ad66f158aa4d4ab6ef13355aa7850eca/screenshot - {}
RESULT: {}
COMMAND: POST /session/ad66f158aa4d4ab6ef13355aa7850eca/element - {"using":"css selector","value":"#shell-header-logo"}
RESULT: {"using":"css selector","value":"#shell-header-logo"}
COMMAND: POST /session/ad66f158aa4d4ab6ef13355aa7850eca/element/f.46184FC8CB979803EFB42F6A75FB8695.d.EC299B10F004505FF5C0FCB684824527.e.11215/click - {}
RESULT: {}
COMMAND: GET /session/ad66f158aa4d4ab6ef13355aa7850eca/screenshot - {}
RESULT: {}
COMMAND: POST /session/ad66f158aa4d4ab6ef13355aa7850eca/execute/sync - {"script":"<script> [299 bytes]","args":[["getModel","getResource"]]}
RESULT: {"script":"<script> [299 bytes]","args":[["getModel","getResource"]]}
]]></system-out>
    </testcase>
    <testcase classname="chrome.136_0_7103_93.windows.Create_partner_US118246" name="Should create new external WHM partner" time="172.706">
      <failure/>
      <error message="Can't call click on element with selector &quot;//ul[contains(@id,&quot;popup-list-listUl&quot;)]//li[.//span[text()= &quot;Webshop Catalog&quot;]]&quot; because element wasn't found"/>
      <system-out><![CDATA[
COMMAND: POST /session/ad66f158aa4d4ab6ef13355aa7850eca/window/fullscreen - {}
COMMAND: GET /session/ad66f158aa4d4ab6ef13355aa7850eca/screenshot - {}
RESULT: {}
RESULT: undefined
COMMAND: POST /session/ad66f158aa4d4ab6ef13355aa7850eca/element - {"using":"xpath","value":"//*[@id=\"__tile38\"]"}
RESULT: {}
RESULT: {"using":"xpath","value":"//*[@id=\"__tile38\"]"}
COMMAND: POST /session/ad66f158aa4d4ab6ef13355aa7850eca/element/f.46184FC8CB979803EFB42F6A75FB8695.d.EC299B10F004505FF5C0FCB684824527.e.9682/click - {}
RESULT: {}
COMMAND: GET /session/ad66f158aa4d4ab6ef13355aa7850eca/screenshot - {}
RESULT: {}
COMMAND: POST /session/ad66f158aa4d4ab6ef13355aa7850eca/elements - {"using":"xpath","value":"//span[text()='Error']"}
RESULT: {"using":"xpath","value":"//span[text()='Error']"}
COMMAND: POST /session/ad66f158aa4d4ab6ef13355aa7850eca/element - {"using":"xpath","value":"//button[@data-kt=\"addButton\"]"}
RESULT: {"using":"xpath","value":"//button[@data-kt=\"addButton\"]"}
COMMAND: POST /session/ad66f158aa4d4ab6ef13355aa7850eca/elements - {"using":"xpath","value":"//button[@data-kt=\"addButton\"]"}
RESULT: {"using":"xpath","value":"//button[@data-kt=\"addButton\"]"}
COMMAND: POST /session/ad66f158aa4d4ab6ef13355aa7850eca/execute/sync - {"script":"<script> [8489 bytes]","args":[{"element-6066-11e4-a52e-4f735466cecf":"f.46184FC8CB979803EFB42F6A75FB8695.d.EC299B10F004505FF5C0FCB684824527.e.11989","ELEMENT":"f.46184FC8CB979803EFB42F6A75FB8695.d.EC299B10F004505FF5C0FCB684824527.e.11989"}]}
RESULT: {"script":"<script> [8489 bytes]","args":[{"element-6066-11e4-a52e-4f735466cecf":"f.46184FC8CB979803EFB42F6A75FB8695.d.EC299B10F004505FF5C0FCB684824527.e.11989","ELEMENT":"f.46184FC8CB979803EFB42F6A75FB8695.d.EC299B10F004505FF5C0FCB684824527.e.11989"}]}
COMMAND: GET /session/ad66f158aa4d4ab6ef13355aa7850eca/element/f.46184FC8CB979803EFB42F6A75FB8695.d.EC299B10F004505FF5C0FCB684824527.e.11989/enabled - {}
COMMAND: GET /session/ad66f158aa4d4ab6ef13355aa7850eca/screenshot - {}
RESULT: {}
COMMAND: POST /session/ad66f158aa4d4ab6ef13355aa7850eca/execute/sync - {"script":"<script> [8489 bytes]","args":[{"element-6066-11e4-a52e-4f735466cecf":"f.46184FC8CB979803EFB42F6A75FB8695.d.EC299B10F004505FF5C0FCB684824527.e.11989","ELEMENT":"f.46184FC8CB979803EFB42F6A75FB8695.d.EC299B10F004505FF5C0FCB684824527.e.11989"}]}
COMMAND: GET /session/ad66f158aa4d4ab6ef13355aa7850eca/screenshot - {}
RESULT: {}
RESULT: {"script":"<script> [8489 bytes]","args":[{"element-6066-11e4-a52e-4f735466cecf":"f.46184FC8CB979803EFB42F6A75FB8695.d.EC299B10F004505FF5C0FCB684824527.e.11989","ELEMENT":"f.46184FC8CB979803EFB42F6A75FB8695.d.EC299B10F004505FF5C0FCB684824527.e.11989"}]}
COMMAND: POST /session/ad66f158aa4d4ab6ef13355aa7850eca/execute/sync - {"script":"<script> [5351 bytes]","args":[{"element-6066-11e4-a52e-4f735466cecf":"f.46184FC8CB979803EFB42F6A75FB8695.d.EC299B10F004505FF5C0FCB684824527.e.11989","ELEMENT":"f.46184FC8CB979803EFB42F6A75FB8695.d.EC299B10F004505FF5C0FCB684824527.e.11989"}]}
COMMAND: GET /session/ad66f158aa4d4ab6ef13355aa7850eca/screenshot - {}
RESULT: {}
RESULT: {"script":"<script> [5351 bytes]","args":[{"element-6066-11e4-a52e-4f735466cecf":"f.46184FC8CB979803EFB42F6A75FB8695.d.EC299B10F004505FF5C0FCB684824527.e.11989","ELEMENT":"f.46184FC8CB979803EFB42F6A75FB8695.d.EC299B10F004505FF5C0FCB684824527.e.11989"}]}
COMMAND: POST /session/ad66f158aa4d4ab6ef13355aa7850eca/element/f.46184FC8CB979803EFB42F6A75FB8695.d.EC299B10F004505FF5C0FCB684824527.e.11989/click - {}
COMMAND: GET /session/ad66f158aa4d4ab6ef13355aa7850eca/screenshot - {}
RESULT: {}
RESULT: {}
COMMAND: GET /session/ad66f158aa4d4ab6ef13355aa7850eca/screenshot - {}
RESULT: {}
RESULT: {}
RESULT: undefined
COMMAND: POST /session/ad66f158aa4d4ab6ef13355aa7850eca/execute/async - {"script":"<script> [776 bytes]","args":[{"enterText":"External Partner WDIO","selector":{"id":"application-managepartners-display-component---NewPartner--addressDetailDetailsName1","interaction":{"idSuffix":"inner"}},"clearTextFirst":true,"interactionType":"ENTER_TEXT"}]}
RESULT: {"script":"<script> [776 bytes]","args":[{"enterText":"External Partner WDIO","selector":{"id":"application-managepartners-display-component---NewPartner--addressDetailDetailsName1","interaction":{"idSuffix":"inner"}},"clearTextFirst":true,"interactionType":"ENTER_TEXT"}]}
RESULT: undefined
COMMAND: POST /session/ad66f158aa4d4ab6ef13355aa7850eca/element - {"using":"xpath","value":"//*[@id=\"application-managepartners-display-component---NewPartner--addressDetailDetailsLanguage-arrow\"]"}
RESULT: {"using":"xpath","value":"//*[@id=\"application-managepartners-display-component---NewPartner--addressDetailDetailsLanguage-arrow\"]"}
COMMAND: POST /session/ad66f158aa4d4ab6ef13355aa7850eca/element/f.46184FC8CB979803EFB42F6A75FB8695.d.EC299B10F004505FF5C0FCB684824527.e.12413/click - {}
RESULT: {}
COMMAND: POST /session/ad66f158aa4d4ab6ef13355aa7850eca/element - {"using":"xpath","value":"//span[contains(text(), \"English\")]"}
COMMAND: GET /session/ad66f158aa4d4ab6ef13355aa7850eca/screenshot - {}
RESULT: {"using":"xpath","value":"//span[contains(text(), \"English\")]"}
COMMAND: POST /session/ad66f158aa4d4ab6ef13355aa7850eca/element/f.46184FC8CB979803EFB42F6A75FB8695.d.EC299B10F004505FF5C0FCB684824527.e.12414/click - {}
RESULT: {}
RESULT: {}
COMMAND: GET /session/ad66f158aa4d4ab6ef13355aa7850eca/screenshot - {}
RESULT: {}
RESULT: undefined
COMMAND: POST /session/ad66f158aa4d4ab6ef13355aa7850eca/execute/async - {"script":"<script> [776 bytes]","args":[{"enterText":"Rosario","selector":{"id":"application-managepartners-display-component---NewPartner--addressDetailDetailsCity1","interaction":{"idSuffix":"inner"}},"clearTextFirst":true,"interactionType":"ENTER_TEXT"}]}
RESULT: {"script":"<script> [776 bytes]","args":[{"enterText":"Rosario","selector":{"id":"application-managepartners-display-component---NewPartner--addressDetailDetailsCity1","interaction":{"idSuffix":"inner"}},"clearTextFirst":true,"interactionType":"ENTER_TEXT"}]}
RESULT: undefined
COMMAND: POST /session/ad66f158aa4d4ab6ef13355aa7850eca/element - {"using":"xpath","value":"//*[@id=\"application-managepartners-display-component---NewPartner--addressDetailDetailsCountry-arrow\"]"}
RESULT: {"using":"xpath","value":"//*[@id=\"application-managepartners-display-component---NewPartner--addressDetailDetailsCountry-arrow\"]"}
COMMAND: POST /session/ad66f158aa4d4ab6ef13355aa7850eca/element/f.46184FC8CB979803EFB42F6A75FB8695.d.EC299B10F004505FF5C0FCB684824527.e.12394/click - {}
RESULT: {}
COMMAND: POST /session/ad66f158aa4d4ab6ef13355aa7850eca/element - {"using":"xpath","value":"//span[contains(text(), \"Argentina\")]"}
COMMAND: GET /session/ad66f158aa4d4ab6ef13355aa7850eca/screenshot - {}
RESULT: {"using":"xpath","value":"//span[contains(text(), \"Argentina\")]"}
COMMAND: POST /session/ad66f158aa4d4ab6ef13355aa7850eca/element/f.46184FC8CB979803EFB42F6A75FB8695.d.EC299B10F004505FF5C0FCB684824527.e.12415/click - {}
RESULT: {}
RESULT: {}
COMMAND: GET /session/ad66f158aa4d4ab6ef13355aa7850eca/screenshot - {}
RESULT: {}
COMMAND: POST /session/ad66f158aa4d4ab6ef13355aa7850eca/element - {"using":"xpath","value":"//bdi[contains(text(), \"Commercial\")]"}
RESULT: {"using":"xpath","value":"//bdi[contains(text(), \"Commercial\")]"}
COMMAND: POST /session/ad66f158aa4d4ab6ef13355aa7850eca/element/f.46184FC8CB979803EFB42F6A75FB8695.d.EC299B10F004505FF5C0FCB684824527.e.12416/click - {}
RESULT: {}
COMMAND: GET /session/ad66f158aa4d4ab6ef13355aa7850eca/screenshot - {}
RESULT: {}
RESULT: undefined
COMMAND: POST /session/ad66f158aa4d4ab6ef13355aa7850eca/element - {"using":"xpath","value":"//*[@id=\"application-managepartners-display-component---NewPartner--partnerDetailInternal-arrow\"]"}
RESULT: {"using":"xpath","value":"//*[@id=\"application-managepartners-display-component---NewPartner--partnerDetailInternal-arrow\"]"}
COMMAND: POST /session/ad66f158aa4d4ab6ef13355aa7850eca/element/f.46184FC8CB979803EFB42F6A75FB8695.d.EC299B10F004505FF5C0FCB684824527.e.12422/click - {}
RESULT: {}
COMMAND: POST /session/ad66f158aa4d4ab6ef13355aa7850eca/element - {"using":"xpath","value":"//span[contains(text(), \"External partner\")]"}
COMMAND: GET /session/ad66f158aa4d4ab6ef13355aa7850eca/screenshot - {}
RESULT: {"using":"xpath","value":"//span[contains(text(), \"External partner\")]"}
COMMAND: POST /session/ad66f158aa4d4ab6ef13355aa7850eca/element/f.46184FC8CB979803EFB42F6A75FB8695.d.EC299B10F004505FF5C0FCB684824527.e.12425/click - {}
RESULT: {}
RESULT: {}
RESULT: undefined
COMMAND: POST /session/ad66f158aa4d4ab6ef13355aa7850eca/element - {"using":"xpath","value":"//*[@id=\"application-managepartners-display-component---NewPartner--partnerDetailsCurrency-arrow\"]"}
COMMAND: GET /session/ad66f158aa4d4ab6ef13355aa7850eca/screenshot - {}
RESULT: {"using":"xpath","value":"//*[@id=\"application-managepartners-display-component---NewPartner--partnerDetailsCurrency-arrow\"]"}
COMMAND: POST /session/ad66f158aa4d4ab6ef13355aa7850eca/element/f.46184FC8CB979803EFB42F6A75FB8695.d.EC299B10F004505FF5C0FCB684824527.e.12430/click - {}
RESULT: {}
RESULT: {}
COMMAND: POST /session/ad66f158aa4d4ab6ef13355aa7850eca/element - {"using":"xpath","value":"//span[contains(text(), \"US Dollar\")]"}
COMMAND: GET /session/ad66f158aa4d4ab6ef13355aa7850eca/screenshot - {}
RESULT: {"using":"xpath","value":"//span[contains(text(), \"US Dollar\")]"}
COMMAND: POST /session/ad66f158aa4d4ab6ef13355aa7850eca/element/f.46184FC8CB979803EFB42F6A75FB8695.d.EC299B10F004505FF5C0FCB684824527.e.12431/click - {}
RESULT: {}
RESULT: {}
COMMAND: GET /session/ad66f158aa4d4ab6ef13355aa7850eca/screenshot - {}
RESULT: {}
COMMAND: POST /session/ad66f158aa4d4ab6ef13355aa7850eca/element - {"using":"xpath","value":"//input[@id=\"application-managepartners-display-component---NewPartner--companyCodeComboBox-inner\"]"}
RESULT: {"using":"xpath","value":"//input[@id=\"application-managepartners-display-component---NewPartner--companyCodeComboBox-inner\"]"}
COMMAND: POST /session/ad66f158aa4d4ab6ef13355aa7850eca/element/f.46184FC8CB979803EFB42F6A75FB8695.d.EC299B10F004505FF5C0FCB684824527.e.12328/clear - {}
RESULT: {}
COMMAND: POST /session/ad66f158aa4d4ab6ef13355aa7850eca/element/f.46184FC8CB979803EFB42F6A75FB8695.d.EC299B10F004505FF5C0FCB684824527.e.12328/value - {"text":"C002"}
COMMAND: GET /session/ad66f158aa4d4ab6ef13355aa7850eca/screenshot - {}
RESULT: {"text":"C002"}
COMMAND: GET /session/ad66f158aa4d4ab6ef13355aa7850eca/screenshot - {}
RESULT: {}
RESULT: {}
COMMAND: POST /session/ad66f158aa4d4ab6ef13355aa7850eca/element - {"using":"xpath","value":"//li[.//span[text()= \"C002\"]]"}
RESULT: {"using":"xpath","value":"//li[.//span[text()= \"C002\"]]"}
COMMAND: POST /session/ad66f158aa4d4ab6ef13355aa7850eca/element/f.46184FC8CB979803EFB42F6A75FB8695.d.EC299B10F004505FF5C0FCB684824527.e.12435/click - {}
RESULT: {}
COMMAND: GET /session/ad66f158aa4d4ab6ef13355aa7850eca/screenshot - {}
RESULT: {}
RESULT: undefined
COMMAND: POST /session/ad66f158aa4d4ab6ef13355aa7850eca/element - {"using":"xpath","value":"//*[@id=\"__box22-arrow\"]"}
RESULT: {"using":"xpath","value":"//*[@id=\"__box22-arrow\"]"}
COMMAND: POST /session/ad66f158aa4d4ab6ef13355aa7850eca/elements - {"using":"xpath","value":"//*[@id=\"__box22-arrow\"]"}
RESULT: {"using":"xpath","value":"//*[@id=\"__box22-arrow\"]"}
COMMAND: POST /session/ad66f158aa4d4ab6ef13355aa7850eca/elements - {"using":"xpath","value":"//*[@id=\"__box22-arrow\"]"}
RESULT: {"using":"xpath","value":"//*[@id=\"__box22-arrow\"]"}
COMMAND: POST /session/ad66f158aa4d4ab6ef13355aa7850eca/elements - {"using":"xpath","value":"//*[@id=\"__box22-arrow\"]"}
RESULT: {"using":"xpath","value":"//*[@id=\"__box22-arrow\"]"}
COMMAND: POST /session/ad66f158aa4d4ab6ef13355aa7850eca/elements - {"using":"xpath","value":"//*[@id=\"__box22-arrow\"]"}
RESULT: {"using":"xpath","value":"//*[@id=\"__box22-arrow\"]"}
COMMAND: POST /session/ad66f158aa4d4ab6ef13355aa7850eca/elements - {"using":"xpath","value":"//*[@id=\"__box22-arrow\"]"}
RESULT: {"using":"xpath","value":"//*[@id=\"__box22-arrow\"]"}
COMMAND: POST /session/ad66f158aa4d4ab6ef13355aa7850eca/elements - {"using":"xpath","value":"//*[@id=\"__box22-arrow\"]"}
RESULT: {"using":"xpath","value":"//*[@id=\"__box22-arrow\"]"}
COMMAND: POST /session/ad66f158aa4d4ab6ef13355aa7850eca/elements - {"using":"xpath","value":"//*[@id=\"__box22-arrow\"]"}
RESULT: {"using":"xpath","value":"//*[@id=\"__box22-arrow\"]"}
COMMAND: POST /session/ad66f158aa4d4ab6ef13355aa7850eca/elements - {"using":"xpath","value":"//*[@id=\"__box22-arrow\"]"}
RESULT: {"using":"xpath","value":"//*[@id=\"__box22-arrow\"]"}
COMMAND: POST /session/ad66f158aa4d4ab6ef13355aa7850eca/elements - {"using":"xpath","value":"//*[@id=\"__box22-arrow\"]"}
RESULT: {"using":"xpath","value":"//*[@id=\"__box22-arrow\"]"}
COMMAND: POST /session/ad66f158aa4d4ab6ef13355aa7850eca/elements - {"using":"xpath","value":"//*[@id=\"__box22-arrow\"]"}
RESULT: {"using":"xpath","value":"//*[@id=\"__box22-arrow\"]"}
COMMAND: POST /session/ad66f158aa4d4ab6ef13355aa7850eca/elements - {"using":"xpath","value":"//*[@id=\"__box22-arrow\"]"}
RESULT: {"using":"xpath","value":"//*[@id=\"__box22-arrow\"]"}
COMMAND: POST /session/ad66f158aa4d4ab6ef13355aa7850eca/elements - {"using":"xpath","value":"//*[@id=\"__box22-arrow\"]"}
RESULT: {"using":"xpath","value":"//*[@id=\"__box22-arrow\"]"}
COMMAND: POST /session/ad66f158aa4d4ab6ef13355aa7850eca/elements - {"using":"xpath","value":"//*[@id=\"__box22-arrow\"]"}
RESULT: {"using":"xpath","value":"//*[@id=\"__box22-arrow\"]"}
COMMAND: POST /session/ad66f158aa4d4ab6ef13355aa7850eca/elements - {"using":"xpath","value":"//*[@id=\"__box22-arrow\"]"}
RESULT: {"using":"xpath","value":"//*[@id=\"__box22-arrow\"]"}
COMMAND: POST /session/ad66f158aa4d4ab6ef13355aa7850eca/elements - {"using":"xpath","value":"//*[@id=\"__box22-arrow\"]"}
RESULT: {"using":"xpath","value":"//*[@id=\"__box22-arrow\"]"}
COMMAND: POST /session/ad66f158aa4d4ab6ef13355aa7850eca/elements - {"using":"xpath","value":"//*[@id=\"__box22-arrow\"]"}
RESULT: {"using":"xpath","value":"//*[@id=\"__box22-arrow\"]"}
COMMAND: POST /session/ad66f158aa4d4ab6ef13355aa7850eca/elements - {"using":"xpath","value":"//*[@id=\"__box22-arrow\"]"}
RESULT: {"using":"xpath","value":"//*[@id=\"__box22-arrow\"]"}
COMMAND: POST /session/ad66f158aa4d4ab6ef13355aa7850eca/elements - {"using":"xpath","value":"//*[@id=\"__box22-arrow\"]"}
RESULT: {"using":"xpath","value":"//*[@id=\"__box22-arrow\"]"}
COMMAND: POST /session/ad66f158aa4d4ab6ef13355aa7850eca/elements - {"using":"xpath","value":"//*[@id=\"__box22-arrow\"]"}
RESULT: {"using":"xpath","value":"//*[@id=\"__box22-arrow\"]"}
COMMAND: POST /session/ad66f158aa4d4ab6ef13355aa7850eca/elements - {"using":"xpath","value":"//*[@id=\"__box22-arrow\"]"}
RESULT: {"using":"xpath","value":"//*[@id=\"__box22-arrow\"]"}
COMMAND: POST /session/ad66f158aa4d4ab6ef13355aa7850eca/elements - {"using":"xpath","value":"//*[@id=\"__box22-arrow\"]"}
RESULT: {"using":"xpath","value":"//*[@id=\"__box22-arrow\"]"}
COMMAND: POST /session/ad66f158aa4d4ab6ef13355aa7850eca/elements - {"using":"xpath","value":"//*[@id=\"__box22-arrow\"]"}
RESULT: {"using":"xpath","value":"//*[@id=\"__box22-arrow\"]"}
COMMAND: POST /session/ad66f158aa4d4ab6ef13355aa7850eca/elements - {"using":"xpath","value":"//*[@id=\"__box22-arrow\"]"}
RESULT: {"using":"xpath","value":"//*[@id=\"__box22-arrow\"]"}
COMMAND: POST /session/ad66f158aa4d4ab6ef13355aa7850eca/elements - {"using":"xpath","value":"//*[@id=\"__box22-arrow\"]"}
RESULT: {"using":"xpath","value":"//*[@id=\"__box22-arrow\"]"}
COMMAND: POST /session/ad66f158aa4d4ab6ef13355aa7850eca/elements - {"using":"xpath","value":"//*[@id=\"__box22-arrow\"]"}
RESULT: {"using":"xpath","value":"//*[@id=\"__box22-arrow\"]"}
COMMAND: POST /session/ad66f158aa4d4ab6ef13355aa7850eca/elements - {"using":"xpath","value":"//*[@id=\"__box22-arrow\"]"}
RESULT: {"using":"xpath","value":"//*[@id=\"__box22-arrow\"]"}
COMMAND: POST /session/ad66f158aa4d4ab6ef13355aa7850eca/elements - {"using":"xpath","value":"//*[@id=\"__box22-arrow\"]"}
RESULT: {"using":"xpath","value":"//*[@id=\"__box22-arrow\"]"}
COMMAND: POST /session/ad66f158aa4d4ab6ef13355aa7850eca/elements - {"using":"xpath","value":"//*[@id=\"__box22-arrow\"]"}
RESULT: {"using":"xpath","value":"//*[@id=\"__box22-arrow\"]"}
COMMAND: POST /session/ad66f158aa4d4ab6ef13355aa7850eca/elements - {"using":"xpath","value":"//*[@id=\"__box22-arrow\"]"}
RESULT: {"using":"xpath","value":"//*[@id=\"__box22-arrow\"]"}
COMMAND: POST /session/ad66f158aa4d4ab6ef13355aa7850eca/elements - {"using":"xpath","value":"//*[@id=\"__box22-arrow\"]"}
RESULT: {"using":"xpath","value":"//*[@id=\"__box22-arrow\"]"}
COMMAND: POST /session/ad66f158aa4d4ab6ef13355aa7850eca/elements - {"using":"xpath","value":"//*[@id=\"__box22-arrow\"]"}
RESULT: {"using":"xpath","value":"//*[@id=\"__box22-arrow\"]"}
COMMAND: POST /session/ad66f158aa4d4ab6ef13355aa7850eca/elements - {"using":"xpath","value":"//*[@id=\"__box22-arrow\"]"}
RESULT: {"using":"xpath","value":"//*[@id=\"__box22-arrow\"]"}
COMMAND: POST /session/ad66f158aa4d4ab6ef13355aa7850eca/elements - {"using":"xpath","value":"//*[@id=\"__box22-arrow\"]"}
RESULT: {"using":"xpath","value":"//*[@id=\"__box22-arrow\"]"}
COMMAND: POST /session/ad66f158aa4d4ab6ef13355aa7850eca/elements - {"using":"xpath","value":"//*[@id=\"__box22-arrow\"]"}
RESULT: {"using":"xpath","value":"//*[@id=\"__box22-arrow\"]"}
COMMAND: POST /session/ad66f158aa4d4ab6ef13355aa7850eca/elements - {"using":"xpath","value":"//*[@id=\"__box22-arrow\"]"}
RESULT: {"using":"xpath","value":"//*[@id=\"__box22-arrow\"]"}
COMMAND: POST /session/ad66f158aa4d4ab6ef13355aa7850eca/elements - {"using":"xpath","value":"//*[@id=\"__box22-arrow\"]"}
RESULT: {"using":"xpath","value":"//*[@id=\"__box22-arrow\"]"}
COMMAND: POST /session/ad66f158aa4d4ab6ef13355aa7850eca/elements - {"using":"xpath","value":"//*[@id=\"__box22-arrow\"]"}
RESULT: {"using":"xpath","value":"//*[@id=\"__box22-arrow\"]"}
COMMAND: POST /session/ad66f158aa4d4ab6ef13355aa7850eca/elements - {"using":"xpath","value":"//*[@id=\"__box22-arrow\"]"}
RESULT: {"using":"xpath","value":"//*[@id=\"__box22-arrow\"]"}
COMMAND: POST /session/ad66f158aa4d4ab6ef13355aa7850eca/elements - {"using":"xpath","value":"//*[@id=\"__box22-arrow\"]"}
RESULT: {"using":"xpath","value":"//*[@id=\"__box22-arrow\"]"}
COMMAND: POST /session/ad66f158aa4d4ab6ef13355aa7850eca/elements - {"using":"xpath","value":"//*[@id=\"__box22-arrow\"]"}
RESULT: {"using":"xpath","value":"//*[@id=\"__box22-arrow\"]"}
COMMAND: POST /session/ad66f158aa4d4ab6ef13355aa7850eca/elements - {"using":"xpath","value":"//*[@id=\"__box22-arrow\"]"}
RESULT: {"using":"xpath","value":"//*[@id=\"__box22-arrow\"]"}
COMMAND: POST /session/ad66f158aa4d4ab6ef13355aa7850eca/elements - {"using":"xpath","value":"//*[@id=\"__box22-arrow\"]"}
RESULT: {"using":"xpath","value":"//*[@id=\"__box22-arrow\"]"}
COMMAND: POST /session/ad66f158aa4d4ab6ef13355aa7850eca/elements - {"using":"xpath","value":"//*[@id=\"__box22-arrow\"]"}
RESULT: {"using":"xpath","value":"//*[@id=\"__box22-arrow\"]"}
COMMAND: POST /session/ad66f158aa4d4ab6ef13355aa7850eca/elements - {"using":"xpath","value":"//*[@id=\"__box22-arrow\"]"}
RESULT: {"using":"xpath","value":"//*[@id=\"__box22-arrow\"]"}
COMMAND: POST /session/ad66f158aa4d4ab6ef13355aa7850eca/elements - {"using":"xpath","value":"//*[@id=\"__box22-arrow\"]"}
RESULT: {"using":"xpath","value":"//*[@id=\"__box22-arrow\"]"}
COMMAND: POST /session/ad66f158aa4d4ab6ef13355aa7850eca/elements - {"using":"xpath","value":"//*[@id=\"__box22-arrow\"]"}
RESULT: {"using":"xpath","value":"//*[@id=\"__box22-arrow\"]"}
COMMAND: POST /session/ad66f158aa4d4ab6ef13355aa7850eca/elements - {"using":"xpath","value":"//*[@id=\"__box22-arrow\"]"}
RESULT: {"using":"xpath","value":"//*[@id=\"__box22-arrow\"]"}
COMMAND: POST /session/ad66f158aa4d4ab6ef13355aa7850eca/elements - {"using":"xpath","value":"//*[@id=\"__box22-arrow\"]"}
RESULT: {"using":"xpath","value":"//*[@id=\"__box22-arrow\"]"}
COMMAND: POST /session/ad66f158aa4d4ab6ef13355aa7850eca/elements - {"using":"xpath","value":"//*[@id=\"__box22-arrow\"]"}
RESULT: {"using":"xpath","value":"//*[@id=\"__box22-arrow\"]"}
COMMAND: POST /session/ad66f158aa4d4ab6ef13355aa7850eca/elements - {"using":"xpath","value":"//*[@id=\"__box22-arrow\"]"}
RESULT: {"using":"xpath","value":"//*[@id=\"__box22-arrow\"]"}
COMMAND: POST /session/ad66f158aa4d4ab6ef13355aa7850eca/elements - {"using":"xpath","value":"//*[@id=\"__box22-arrow\"]"}
RESULT: {"using":"xpath","value":"//*[@id=\"__box22-arrow\"]"}
COMMAND: POST /session/ad66f158aa4d4ab6ef13355aa7850eca/elements - {"using":"xpath","value":"//*[@id=\"__box22-arrow\"]"}
RESULT: {"using":"xpath","value":"//*[@id=\"__box22-arrow\"]"}
COMMAND: POST /session/ad66f158aa4d4ab6ef13355aa7850eca/elements - {"using":"xpath","value":"//*[@id=\"__box22-arrow\"]"}
RESULT: {"using":"xpath","value":"//*[@id=\"__box22-arrow\"]"}
COMMAND: POST /session/ad66f158aa4d4ab6ef13355aa7850eca/elements - {"using":"xpath","value":"//*[@id=\"__box22-arrow\"]"}
RESULT: {"using":"xpath","value":"//*[@id=\"__box22-arrow\"]"}
COMMAND: POST /session/ad66f158aa4d4ab6ef13355aa7850eca/elements - {"using":"xpath","value":"//*[@id=\"__box22-arrow\"]"}
RESULT: {"using":"xpath","value":"//*[@id=\"__box22-arrow\"]"}
COMMAND: POST /session/ad66f158aa4d4ab6ef13355aa7850eca/elements - {"using":"xpath","value":"//*[@id=\"__box22-arrow\"]"}
RESULT: {"using":"xpath","value":"//*[@id=\"__box22-arrow\"]"}
COMMAND: POST /session/ad66f158aa4d4ab6ef13355aa7850eca/elements - {"using":"xpath","value":"//*[@id=\"__box22-arrow\"]"}
RESULT: {"using":"xpath","value":"//*[@id=\"__box22-arrow\"]"}
COMMAND: POST /session/ad66f158aa4d4ab6ef13355aa7850eca/elements - {"using":"xpath","value":"//*[@id=\"__box22-arrow\"]"}
RESULT: {"using":"xpath","value":"//*[@id=\"__box22-arrow\"]"}
COMMAND: POST /session/ad66f158aa4d4ab6ef13355aa7850eca/elements - {"using":"xpath","value":"//*[@id=\"__box22-arrow\"]"}
RESULT: {"using":"xpath","value":"//*[@id=\"__box22-arrow\"]"}
COMMAND: POST /session/ad66f158aa4d4ab6ef13355aa7850eca/elements - {"using":"xpath","value":"//*[@id=\"__box22-arrow\"]"}
RESULT: {"using":"xpath","value":"//*[@id=\"__box22-arrow\"]"}
COMMAND: POST /session/ad66f158aa4d4ab6ef13355aa7850eca/elements - {"using":"xpath","value":"//*[@id=\"__box22-arrow\"]"}
RESULT: {"using":"xpath","value":"//*[@id=\"__box22-arrow\"]"}
COMMAND: POST /session/ad66f158aa4d4ab6ef13355aa7850eca/elements - {"using":"xpath","value":"//*[@id=\"__box22-arrow\"]"}
RESULT: {"using":"xpath","value":"//*[@id=\"__box22-arrow\"]"}
COMMAND: POST /session/ad66f158aa4d4ab6ef13355aa7850eca/elements - {"using":"xpath","value":"//*[@id=\"__box22-arrow\"]"}
RESULT: {"using":"xpath","value":"//*[@id=\"__box22-arrow\"]"}
COMMAND: POST /session/ad66f158aa4d4ab6ef13355aa7850eca/elements - {"using":"xpath","value":"//*[@id=\"__box22-arrow\"]"}
RESULT: {"using":"xpath","value":"//*[@id=\"__box22-arrow\"]"}
COMMAND: POST /session/ad66f158aa4d4ab6ef13355aa7850eca/elements - {"using":"xpath","value":"//*[@id=\"__box22-arrow\"]"}
RESULT: {"using":"xpath","value":"//*[@id=\"__box22-arrow\"]"}
COMMAND: POST /session/ad66f158aa4d4ab6ef13355aa7850eca/elements - {"using":"xpath","value":"//*[@id=\"__box22-arrow\"]"}
RESULT: {"using":"xpath","value":"//*[@id=\"__box22-arrow\"]"}
COMMAND: POST /session/ad66f158aa4d4ab6ef13355aa7850eca/elements - {"using":"xpath","value":"//*[@id=\"__box22-arrow\"]"}
RESULT: {"using":"xpath","value":"//*[@id=\"__box22-arrow\"]"}
COMMAND: POST /session/ad66f158aa4d4ab6ef13355aa7850eca/elements - {"using":"xpath","value":"//*[@id=\"__box22-arrow\"]"}
RESULT: {"using":"xpath","value":"//*[@id=\"__box22-arrow\"]"}
COMMAND: POST /session/ad66f158aa4d4ab6ef13355aa7850eca/elements - {"using":"xpath","value":"//*[@id=\"__box22-arrow\"]"}
RESULT: {"using":"xpath","value":"//*[@id=\"__box22-arrow\"]"}
COMMAND: POST /session/ad66f158aa4d4ab6ef13355aa7850eca/elements - {"using":"xpath","value":"//*[@id=\"__box22-arrow\"]"}
RESULT: {"using":"xpath","value":"//*[@id=\"__box22-arrow\"]"}
COMMAND: POST /session/ad66f158aa4d4ab6ef13355aa7850eca/elements - {"using":"xpath","value":"//*[@id=\"__box22-arrow\"]"}
RESULT: {"using":"xpath","value":"//*[@id=\"__box22-arrow\"]"}
COMMAND: POST /session/ad66f158aa4d4ab6ef13355aa7850eca/elements - {"using":"xpath","value":"//*[@id=\"__box22-arrow\"]"}
RESULT: {"using":"xpath","value":"//*[@id=\"__box22-arrow\"]"}
COMMAND: POST /session/ad66f158aa4d4ab6ef13355aa7850eca/elements - {"using":"xpath","value":"//*[@id=\"__box22-arrow\"]"}
RESULT: {"using":"xpath","value":"//*[@id=\"__box22-arrow\"]"}
COMMAND: POST /session/ad66f158aa4d4ab6ef13355aa7850eca/elements - {"using":"xpath","value":"//*[@id=\"__box22-arrow\"]"}
RESULT: {"using":"xpath","value":"//*[@id=\"__box22-arrow\"]"}
COMMAND: POST /session/ad66f158aa4d4ab6ef13355aa7850eca/elements - {"using":"xpath","value":"//*[@id=\"__box22-arrow\"]"}
RESULT: {"using":"xpath","value":"//*[@id=\"__box22-arrow\"]"}
COMMAND: POST /session/ad66f158aa4d4ab6ef13355aa7850eca/elements - {"using":"xpath","value":"//*[@id=\"__box22-arrow\"]"}
RESULT: {"using":"xpath","value":"//*[@id=\"__box22-arrow\"]"}
COMMAND: POST /session/ad66f158aa4d4ab6ef13355aa7850eca/elements - {"using":"xpath","value":"//*[@id=\"__box22-arrow\"]"}
RESULT: {"using":"xpath","value":"//*[@id=\"__box22-arrow\"]"}
COMMAND: POST /session/ad66f158aa4d4ab6ef13355aa7850eca/elements - {"using":"xpath","value":"//*[@id=\"__box22-arrow\"]"}
RESULT: {"using":"xpath","value":"//*[@id=\"__box22-arrow\"]"}
COMMAND: POST /session/ad66f158aa4d4ab6ef13355aa7850eca/elements - {"using":"xpath","value":"//*[@id=\"__box22-arrow\"]"}
RESULT: {"using":"xpath","value":"//*[@id=\"__box22-arrow\"]"}
COMMAND: POST /session/ad66f158aa4d4ab6ef13355aa7850eca/elements - {"using":"xpath","value":"//*[@id=\"__box22-arrow\"]"}
RESULT: {"using":"xpath","value":"//*[@id=\"__box22-arrow\"]"}
COMMAND: POST /session/ad66f158aa4d4ab6ef13355aa7850eca/elements - {"using":"xpath","value":"//*[@id=\"__box22-arrow\"]"}
RESULT: {"using":"xpath","value":"//*[@id=\"__box22-arrow\"]"}
COMMAND: POST /session/ad66f158aa4d4ab6ef13355aa7850eca/elements - {"using":"xpath","value":"//*[@id=\"__box22-arrow\"]"}
RESULT: {"using":"xpath","value":"//*[@id=\"__box22-arrow\"]"}
COMMAND: POST /session/ad66f158aa4d4ab6ef13355aa7850eca/elements - {"using":"xpath","value":"//*[@id=\"__box22-arrow\"]"}
RESULT: {"using":"xpath","value":"//*[@id=\"__box22-arrow\"]"}
COMMAND: POST /session/ad66f158aa4d4ab6ef13355aa7850eca/elements - {"using":"xpath","value":"//*[@id=\"__box22-arrow\"]"}
RESULT: {"using":"xpath","value":"//*[@id=\"__box22-arrow\"]"}
COMMAND: POST /session/ad66f158aa4d4ab6ef13355aa7850eca/elements - {"using":"xpath","value":"//*[@id=\"__box22-arrow\"]"}
RESULT: {"using":"xpath","value":"//*[@id=\"__box22-arrow\"]"}
COMMAND: POST /session/ad66f158aa4d4ab6ef13355aa7850eca/elements - {"using":"xpath","value":"//*[@id=\"__box22-arrow\"]"}
RESULT: {"using":"xpath","value":"//*[@id=\"__box22-arrow\"]"}
COMMAND: POST /session/ad66f158aa4d4ab6ef13355aa7850eca/elements - {"using":"xpath","value":"//*[@id=\"__box22-arrow\"]"}
RESULT: {"using":"xpath","value":"//*[@id=\"__box22-arrow\"]"}
COMMAND: POST /session/ad66f158aa4d4ab6ef13355aa7850eca/elements - {"using":"xpath","value":"//*[@id=\"__box22-arrow\"]"}
RESULT: {"using":"xpath","value":"//*[@id=\"__box22-arrow\"]"}
COMMAND: POST /session/ad66f158aa4d4ab6ef13355aa7850eca/elements - {"using":"xpath","value":"//*[@id=\"__box22-arrow\"]"}
RESULT: {"using":"xpath","value":"//*[@id=\"__box22-arrow\"]"}
COMMAND: POST /session/ad66f158aa4d4ab6ef13355aa7850eca/elements - {"using":"xpath","value":"//*[@id=\"__box22-arrow\"]"}
RESULT: {"using":"xpath","value":"//*[@id=\"__box22-arrow\"]"}
COMMAND: POST /session/ad66f158aa4d4ab6ef13355aa7850eca/elements - {"using":"xpath","value":"//*[@id=\"__box22-arrow\"]"}
RESULT: {"using":"xpath","value":"//*[@id=\"__box22-arrow\"]"}
COMMAND: POST /session/ad66f158aa4d4ab6ef13355aa7850eca/elements - {"using":"xpath","value":"//*[@id=\"__box22-arrow\"]"}
RESULT: {"using":"xpath","value":"//*[@id=\"__box22-arrow\"]"}
COMMAND: POST /session/ad66f158aa4d4ab6ef13355aa7850eca/elements - {"using":"xpath","value":"//*[@id=\"__box22-arrow\"]"}
RESULT: {"using":"xpath","value":"//*[@id=\"__box22-arrow\"]"}
COMMAND: POST /session/ad66f158aa4d4ab6ef13355aa7850eca/elements - {"using":"xpath","value":"//*[@id=\"__box22-arrow\"]"}
RESULT: {"using":"xpath","value":"//*[@id=\"__box22-arrow\"]"}
COMMAND: POST /session/ad66f158aa4d4ab6ef13355aa7850eca/elements - {"using":"xpath","value":"//*[@id=\"__box22-arrow\"]"}
RESULT: {"using":"xpath","value":"//*[@id=\"__box22-arrow\"]"}
COMMAND: POST /session/ad66f158aa4d4ab6ef13355aa7850eca/elements - {"using":"xpath","value":"//*[@id=\"__box22-arrow\"]"}
RESULT: {"using":"xpath","value":"//*[@id=\"__box22-arrow\"]"}
COMMAND: POST /session/ad66f158aa4d4ab6ef13355aa7850eca/elements - {"using":"xpath","value":"//*[@id=\"__box22-arrow\"]"}
RESULT: {"using":"xpath","value":"//*[@id=\"__box22-arrow\"]"}
COMMAND: POST /session/ad66f158aa4d4ab6ef13355aa7850eca/elements - {"using":"xpath","value":"//*[@id=\"__box22-arrow\"]"}
RESULT: {"using":"xpath","value":"//*[@id=\"__box22-arrow\"]"}
COMMAND: POST /session/ad66f158aa4d4ab6ef13355aa7850eca/elements - {"using":"xpath","value":"//*[@id=\"__box22-arrow\"]"}
RESULT: {"using":"xpath","value":"//*[@id=\"__box22-arrow\"]"}
COMMAND: POST /session/ad66f158aa4d4ab6ef13355aa7850eca/elements - {"using":"xpath","value":"//*[@id=\"__box22-arrow\"]"}
RESULT: {"using":"xpath","value":"//*[@id=\"__box22-arrow\"]"}
COMMAND: POST /session/ad66f158aa4d4ab6ef13355aa7850eca/elements - {"using":"xpath","value":"//*[@id=\"__box22-arrow\"]"}
RESULT: {"using":"xpath","value":"//*[@id=\"__box22-arrow\"]"}
COMMAND: POST /session/ad66f158aa4d4ab6ef13355aa7850eca/elements - {"using":"xpath","value":"//*[@id=\"__box22-arrow\"]"}
RESULT: {"using":"xpath","value":"//*[@id=\"__box22-arrow\"]"}
COMMAND: POST /session/ad66f158aa4d4ab6ef13355aa7850eca/elements - {"using":"xpath","value":"//*[@id=\"__box22-arrow\"]"}
RESULT: {"using":"xpath","value":"//*[@id=\"__box22-arrow\"]"}
COMMAND: POST /session/ad66f158aa4d4ab6ef13355aa7850eca/elements - {"using":"xpath","value":"//*[@id=\"__box22-arrow\"]"}
RESULT: {"using":"xpath","value":"//*[@id=\"__box22-arrow\"]"}
COMMAND: POST /session/ad66f158aa4d4ab6ef13355aa7850eca/elements - {"using":"xpath","value":"//*[@id=\"__box22-arrow\"]"}
RESULT: {"using":"xpath","value":"//*[@id=\"__box22-arrow\"]"}
COMMAND: POST /session/ad66f158aa4d4ab6ef13355aa7850eca/elements - {"using":"xpath","value":"//*[@id=\"__box22-arrow\"]"}
RESULT: {"using":"xpath","value":"//*[@id=\"__box22-arrow\"]"}
COMMAND: POST /session/ad66f158aa4d4ab6ef13355aa7850eca/elements - {"using":"xpath","value":"//*[@id=\"__box22-arrow\"]"}
RESULT: {"using":"xpath","value":"//*[@id=\"__box22-arrow\"]"}
COMMAND: POST /session/ad66f158aa4d4ab6ef13355aa7850eca/elements - {"using":"xpath","value":"//*[@id=\"__box22-arrow\"]"}
RESULT: {"using":"xpath","value":"//*[@id=\"__box22-arrow\"]"}
COMMAND: POST /session/ad66f158aa4d4ab6ef13355aa7850eca/elements - {"using":"xpath","value":"//*[@id=\"__box22-arrow\"]"}
RESULT: {"using":"xpath","value":"//*[@id=\"__box22-arrow\"]"}
COMMAND: POST /session/ad66f158aa4d4ab6ef13355aa7850eca/elements - {"using":"xpath","value":"//*[@id=\"__box22-arrow\"]"}
RESULT: {"using":"xpath","value":"//*[@id=\"__box22-arrow\"]"}
COMMAND: POST /session/ad66f158aa4d4ab6ef13355aa7850eca/elements - {"using":"xpath","value":"//*[@id=\"__box22-arrow\"]"}
RESULT: {"using":"xpath","value":"//*[@id=\"__box22-arrow\"]"}
COMMAND: POST /session/ad66f158aa4d4ab6ef13355aa7850eca/elements - {"using":"xpath","value":"//*[@id=\"__box22-arrow\"]"}
RESULT: {"using":"xpath","value":"//*[@id=\"__box22-arrow\"]"}
COMMAND: POST /session/ad66f158aa4d4ab6ef13355aa7850eca/elements - {"using":"xpath","value":"//*[@id=\"__box22-arrow\"]"}
RESULT: {"using":"xpath","value":"//*[@id=\"__box22-arrow\"]"}
COMMAND: POST /session/ad66f158aa4d4ab6ef13355aa7850eca/elements - {"using":"xpath","value":"//*[@id=\"__box22-arrow\"]"}
RESULT: {"using":"xpath","value":"//*[@id=\"__box22-arrow\"]"}
COMMAND: POST /session/ad66f158aa4d4ab6ef13355aa7850eca/elements - {"using":"xpath","value":"//*[@id=\"__box22-arrow\"]"}
RESULT: {"using":"xpath","value":"//*[@id=\"__box22-arrow\"]"}
COMMAND: POST /session/ad66f158aa4d4ab6ef13355aa7850eca/elements - {"using":"xpath","value":"//*[@id=\"__box22-arrow\"]"}
RESULT: {"using":"xpath","value":"//*[@id=\"__box22-arrow\"]"}
COMMAND: POST /session/ad66f158aa4d4ab6ef13355aa7850eca/elements - {"using":"xpath","value":"//*[@id=\"__box22-arrow\"]"}
RESULT: {"using":"xpath","value":"//*[@id=\"__box22-arrow\"]"}
COMMAND: POST /session/ad66f158aa4d4ab6ef13355aa7850eca/elements - {"using":"xpath","value":"//*[@id=\"__box22-arrow\"]"}
RESULT: {"using":"xpath","value":"//*[@id=\"__box22-arrow\"]"}
COMMAND: POST /session/ad66f158aa4d4ab6ef13355aa7850eca/elements - {"using":"xpath","value":"//*[@id=\"__box22-arrow\"]"}
RESULT: {"using":"xpath","value":"//*[@id=\"__box22-arrow\"]"}
COMMAND: POST /session/ad66f158aa4d4ab6ef13355aa7850eca/elements - {"using":"xpath","value":"//*[@id=\"__box22-arrow\"]"}
RESULT: {"using":"xpath","value":"//*[@id=\"__box22-arrow\"]"}
COMMAND: POST /session/ad66f158aa4d4ab6ef13355aa7850eca/element - {"using":"xpath","value":"//ul[contains(@id,\"popup-list-listUl\")]//li[.//span[text()= \"Webshop Catalog\"]]"}
RESULT: {"using":"xpath","value":"//ul[contains(@id,\"popup-list-listUl\")]//li[.//span[text()= \"Webshop Catalog\"]]"}
COMMAND: POST /session/ad66f158aa4d4ab6ef13355aa7850eca/elements - {"using":"xpath","value":"//ul[contains(@id,\"popup-list-listUl\")]//li[.//span[text()= \"Webshop Catalog\"]]"}
RESULT: {"using":"xpath","value":"//ul[contains(@id,\"popup-list-listUl\")]//li[.//span[text()= \"Webshop Catalog\"]]"}
COMMAND: POST /session/ad66f158aa4d4ab6ef13355aa7850eca/elements - {"using":"xpath","value":"//ul[contains(@id,\"popup-list-listUl\")]//li[.//span[text()= \"Webshop Catalog\"]]"}
RESULT: {"using":"xpath","value":"//ul[contains(@id,\"popup-list-listUl\")]//li[.//span[text()= \"Webshop Catalog\"]]"}
COMMAND: POST /session/ad66f158aa4d4ab6ef13355aa7850eca/elements - {"using":"xpath","value":"//ul[contains(@id,\"popup-list-listUl\")]//li[.//span[text()= \"Webshop Catalog\"]]"}
RESULT: {"using":"xpath","value":"//ul[contains(@id,\"popup-list-listUl\")]//li[.//span[text()= \"Webshop Catalog\"]]"}
COMMAND: POST /session/ad66f158aa4d4ab6ef13355aa7850eca/elements - {"using":"xpath","value":"//ul[contains(@id,\"popup-list-listUl\")]//li[.//span[text()= \"Webshop Catalog\"]]"}
RESULT: {"using":"xpath","value":"//ul[contains(@id,\"popup-list-listUl\")]//li[.//span[text()= \"Webshop Catalog\"]]"}
COMMAND: POST /session/ad66f158aa4d4ab6ef13355aa7850eca/elements - {"using":"xpath","value":"//ul[contains(@id,\"popup-list-listUl\")]//li[.//span[text()= \"Webshop Catalog\"]]"}
RESULT: {"using":"xpath","value":"//ul[contains(@id,\"popup-list-listUl\")]//li[.//span[text()= \"Webshop Catalog\"]]"}
COMMAND: POST /session/ad66f158aa4d4ab6ef13355aa7850eca/elements - {"using":"xpath","value":"//ul[contains(@id,\"popup-list-listUl\")]//li[.//span[text()= \"Webshop Catalog\"]]"}
RESULT: {"using":"xpath","value":"//ul[contains(@id,\"popup-list-listUl\")]//li[.//span[text()= \"Webshop Catalog\"]]"}
COMMAND: POST /session/ad66f158aa4d4ab6ef13355aa7850eca/elements - {"using":"xpath","value":"//ul[contains(@id,\"popup-list-listUl\")]//li[.//span[text()= \"Webshop Catalog\"]]"}
RESULT: {"using":"xpath","value":"//ul[contains(@id,\"popup-list-listUl\")]//li[.//span[text()= \"Webshop Catalog\"]]"}
COMMAND: POST /session/ad66f158aa4d4ab6ef13355aa7850eca/elements - {"using":"xpath","value":"//ul[contains(@id,\"popup-list-listUl\")]//li[.//span[text()= \"Webshop Catalog\"]]"}
RESULT: {"using":"xpath","value":"//ul[contains(@id,\"popup-list-listUl\")]//li[.//span[text()= \"Webshop Catalog\"]]"}
COMMAND: POST /session/ad66f158aa4d4ab6ef13355aa7850eca/elements - {"using":"xpath","value":"//ul[contains(@id,\"popup-list-listUl\")]//li[.//span[text()= \"Webshop Catalog\"]]"}
RESULT: {"using":"xpath","value":"//ul[contains(@id,\"popup-list-listUl\")]//li[.//span[text()= \"Webshop Catalog\"]]"}
COMMAND: POST /session/ad66f158aa4d4ab6ef13355aa7850eca/elements - {"using":"xpath","value":"//ul[contains(@id,\"popup-list-listUl\")]//li[.//span[text()= \"Webshop Catalog\"]]"}
RESULT: {"using":"xpath","value":"//ul[contains(@id,\"popup-list-listUl\")]//li[.//span[text()= \"Webshop Catalog\"]]"}
COMMAND: POST /session/ad66f158aa4d4ab6ef13355aa7850eca/elements - {"using":"xpath","value":"//ul[contains(@id,\"popup-list-listUl\")]//li[.//span[text()= \"Webshop Catalog\"]]"}
RESULT: {"using":"xpath","value":"//ul[contains(@id,\"popup-list-listUl\")]//li[.//span[text()= \"Webshop Catalog\"]]"}
COMMAND: POST /session/ad66f158aa4d4ab6ef13355aa7850eca/elements - {"using":"xpath","value":"//ul[contains(@id,\"popup-list-listUl\")]//li[.//span[text()= \"Webshop Catalog\"]]"}
RESULT: {"using":"xpath","value":"//ul[contains(@id,\"popup-list-listUl\")]//li[.//span[text()= \"Webshop Catalog\"]]"}
COMMAND: POST /session/ad66f158aa4d4ab6ef13355aa7850eca/elements - {"using":"xpath","value":"//ul[contains(@id,\"popup-list-listUl\")]//li[.//span[text()= \"Webshop Catalog\"]]"}
RESULT: {"using":"xpath","value":"//ul[contains(@id,\"popup-list-listUl\")]//li[.//span[text()= \"Webshop Catalog\"]]"}
COMMAND: POST /session/ad66f158aa4d4ab6ef13355aa7850eca/elements - {"using":"xpath","value":"//ul[contains(@id,\"popup-list-listUl\")]//li[.//span[text()= \"Webshop Catalog\"]]"}
RESULT: {"using":"xpath","value":"//ul[contains(@id,\"popup-list-listUl\")]//li[.//span[text()= \"Webshop Catalog\"]]"}
COMMAND: POST /session/ad66f158aa4d4ab6ef13355aa7850eca/elements - {"using":"xpath","value":"//ul[contains(@id,\"popup-list-listUl\")]//li[.//span[text()= \"Webshop Catalog\"]]"}
RESULT: {"using":"xpath","value":"//ul[contains(@id,\"popup-list-listUl\")]//li[.//span[text()= \"Webshop Catalog\"]]"}
COMMAND: POST /session/ad66f158aa4d4ab6ef13355aa7850eca/elements - {"using":"xpath","value":"//ul[contains(@id,\"popup-list-listUl\")]//li[.//span[text()= \"Webshop Catalog\"]]"}
RESULT: {"using":"xpath","value":"//ul[contains(@id,\"popup-list-listUl\")]//li[.//span[text()= \"Webshop Catalog\"]]"}
COMMAND: POST /session/ad66f158aa4d4ab6ef13355aa7850eca/elements - {"using":"xpath","value":"//ul[contains(@id,\"popup-list-listUl\")]//li[.//span[text()= \"Webshop Catalog\"]]"}
RESULT: {"using":"xpath","value":"//ul[contains(@id,\"popup-list-listUl\")]//li[.//span[text()= \"Webshop Catalog\"]]"}
COMMAND: POST /session/ad66f158aa4d4ab6ef13355aa7850eca/elements - {"using":"xpath","value":"//ul[contains(@id,\"popup-list-listUl\")]//li[.//span[text()= \"Webshop Catalog\"]]"}
RESULT: {"using":"xpath","value":"//ul[contains(@id,\"popup-list-listUl\")]//li[.//span[text()= \"Webshop Catalog\"]]"}
COMMAND: POST /session/ad66f158aa4d4ab6ef13355aa7850eca/elements - {"using":"xpath","value":"//ul[contains(@id,\"popup-list-listUl\")]//li[.//span[text()= \"Webshop Catalog\"]]"}
RESULT: {"using":"xpath","value":"//ul[contains(@id,\"popup-list-listUl\")]//li[.//span[text()= \"Webshop Catalog\"]]"}
COMMAND: POST /session/ad66f158aa4d4ab6ef13355aa7850eca/elements - {"using":"xpath","value":"//ul[contains(@id,\"popup-list-listUl\")]//li[.//span[text()= \"Webshop Catalog\"]]"}
RESULT: {"using":"xpath","value":"//ul[contains(@id,\"popup-list-listUl\")]//li[.//span[text()= \"Webshop Catalog\"]]"}
COMMAND: POST /session/ad66f158aa4d4ab6ef13355aa7850eca/elements - {"using":"xpath","value":"//ul[contains(@id,\"popup-list-listUl\")]//li[.//span[text()= \"Webshop Catalog\"]]"}
RESULT: {"using":"xpath","value":"//ul[contains(@id,\"popup-list-listUl\")]//li[.//span[text()= \"Webshop Catalog\"]]"}
COMMAND: POST /session/ad66f158aa4d4ab6ef13355aa7850eca/elements - {"using":"xpath","value":"//ul[contains(@id,\"popup-list-listUl\")]//li[.//span[text()= \"Webshop Catalog\"]]"}
RESULT: {"using":"xpath","value":"//ul[contains(@id,\"popup-list-listUl\")]//li[.//span[text()= \"Webshop Catalog\"]]"}
COMMAND: POST /session/ad66f158aa4d4ab6ef13355aa7850eca/elements - {"using":"xpath","value":"//ul[contains(@id,\"popup-list-listUl\")]//li[.//span[text()= \"Webshop Catalog\"]]"}
RESULT: {"using":"xpath","value":"//ul[contains(@id,\"popup-list-listUl\")]//li[.//span[text()= \"Webshop Catalog\"]]"}
COMMAND: POST /session/ad66f158aa4d4ab6ef13355aa7850eca/elements - {"using":"xpath","value":"//ul[contains(@id,\"popup-list-listUl\")]//li[.//span[text()= \"Webshop Catalog\"]]"}
RESULT: {"using":"xpath","value":"//ul[contains(@id,\"popup-list-listUl\")]//li[.//span[text()= \"Webshop Catalog\"]]"}
COMMAND: POST /session/ad66f158aa4d4ab6ef13355aa7850eca/elements - {"using":"xpath","value":"//ul[contains(@id,\"popup-list-listUl\")]//li[.//span[text()= \"Webshop Catalog\"]]"}
RESULT: {"using":"xpath","value":"//ul[contains(@id,\"popup-list-listUl\")]//li[.//span[text()= \"Webshop Catalog\"]]"}
COMMAND: POST /session/ad66f158aa4d4ab6ef13355aa7850eca/elements - {"using":"xpath","value":"//ul[contains(@id,\"popup-list-listUl\")]//li[.//span[text()= \"Webshop Catalog\"]]"}
RESULT: {"using":"xpath","value":"//ul[contains(@id,\"popup-list-listUl\")]//li[.//span[text()= \"Webshop Catalog\"]]"}
COMMAND: POST /session/ad66f158aa4d4ab6ef13355aa7850eca/elements - {"using":"xpath","value":"//ul[contains(@id,\"popup-list-listUl\")]//li[.//span[text()= \"Webshop Catalog\"]]"}
RESULT: {"using":"xpath","value":"//ul[contains(@id,\"popup-list-listUl\")]//li[.//span[text()= \"Webshop Catalog\"]]"}
COMMAND: POST /session/ad66f158aa4d4ab6ef13355aa7850eca/elements - {"using":"xpath","value":"//ul[contains(@id,\"popup-list-listUl\")]//li[.//span[text()= \"Webshop Catalog\"]]"}
RESULT: {"using":"xpath","value":"//ul[contains(@id,\"popup-list-listUl\")]//li[.//span[text()= \"Webshop Catalog\"]]"}
COMMAND: POST /session/ad66f158aa4d4ab6ef13355aa7850eca/elements - {"using":"xpath","value":"//ul[contains(@id,\"popup-list-listUl\")]//li[.//span[text()= \"Webshop Catalog\"]]"}
RESULT: {"using":"xpath","value":"//ul[contains(@id,\"popup-list-listUl\")]//li[.//span[text()= \"Webshop Catalog\"]]"}
COMMAND: POST /session/ad66f158aa4d4ab6ef13355aa7850eca/elements - {"using":"xpath","value":"//ul[contains(@id,\"popup-list-listUl\")]//li[.//span[text()= \"Webshop Catalog\"]]"}
RESULT: {"using":"xpath","value":"//ul[contains(@id,\"popup-list-listUl\")]//li[.//span[text()= \"Webshop Catalog\"]]"}
COMMAND: POST /session/ad66f158aa4d4ab6ef13355aa7850eca/elements - {"using":"xpath","value":"//ul[contains(@id,\"popup-list-listUl\")]//li[.//span[text()= \"Webshop Catalog\"]]"}
RESULT: {"using":"xpath","value":"//ul[contains(@id,\"popup-list-listUl\")]//li[.//span[text()= \"Webshop Catalog\"]]"}
COMMAND: POST /session/ad66f158aa4d4ab6ef13355aa7850eca/elements - {"using":"xpath","value":"//ul[contains(@id,\"popup-list-listUl\")]//li[.//span[text()= \"Webshop Catalog\"]]"}
RESULT: {"using":"xpath","value":"//ul[contains(@id,\"popup-list-listUl\")]//li[.//span[text()= \"Webshop Catalog\"]]"}
COMMAND: POST /session/ad66f158aa4d4ab6ef13355aa7850eca/elements - {"using":"xpath","value":"//ul[contains(@id,\"popup-list-listUl\")]//li[.//span[text()= \"Webshop Catalog\"]]"}
RESULT: {"using":"xpath","value":"//ul[contains(@id,\"popup-list-listUl\")]//li[.//span[text()= \"Webshop Catalog\"]]"}
COMMAND: POST /session/ad66f158aa4d4ab6ef13355aa7850eca/elements - {"using":"xpath","value":"//ul[contains(@id,\"popup-list-listUl\")]//li[.//span[text()= \"Webshop Catalog\"]]"}
RESULT: {"using":"xpath","value":"//ul[contains(@id,\"popup-list-listUl\")]//li[.//span[text()= \"Webshop Catalog\"]]"}
COMMAND: POST /session/ad66f158aa4d4ab6ef13355aa7850eca/elements - {"using":"xpath","value":"//ul[contains(@id,\"popup-list-listUl\")]//li[.//span[text()= \"Webshop Catalog\"]]"}
RESULT: {"using":"xpath","value":"//ul[contains(@id,\"popup-list-listUl\")]//li[.//span[text()= \"Webshop Catalog\"]]"}
COMMAND: POST /session/ad66f158aa4d4ab6ef13355aa7850eca/elements - {"using":"xpath","value":"//ul[contains(@id,\"popup-list-listUl\")]//li[.//span[text()= \"Webshop Catalog\"]]"}
RESULT: {"using":"xpath","value":"//ul[contains(@id,\"popup-list-listUl\")]//li[.//span[text()= \"Webshop Catalog\"]]"}
COMMAND: POST /session/ad66f158aa4d4ab6ef13355aa7850eca/elements - {"using":"xpath","value":"//ul[contains(@id,\"popup-list-listUl\")]//li[.//span[text()= \"Webshop Catalog\"]]"}
RESULT: {"using":"xpath","value":"//ul[contains(@id,\"popup-list-listUl\")]//li[.//span[text()= \"Webshop Catalog\"]]"}
COMMAND: POST /session/ad66f158aa4d4ab6ef13355aa7850eca/elements - {"using":"xpath","value":"//ul[contains(@id,\"popup-list-listUl\")]//li[.//span[text()= \"Webshop Catalog\"]]"}
RESULT: {"using":"xpath","value":"//ul[contains(@id,\"popup-list-listUl\")]//li[.//span[text()= \"Webshop Catalog\"]]"}
COMMAND: POST /session/ad66f158aa4d4ab6ef13355aa7850eca/elements - {"using":"xpath","value":"//ul[contains(@id,\"popup-list-listUl\")]//li[.//span[text()= \"Webshop Catalog\"]]"}
RESULT: {"using":"xpath","value":"//ul[contains(@id,\"popup-list-listUl\")]//li[.//span[text()= \"Webshop Catalog\"]]"}
COMMAND: POST /session/ad66f158aa4d4ab6ef13355aa7850eca/elements - {"using":"xpath","value":"//ul[contains(@id,\"popup-list-listUl\")]//li[.//span[text()= \"Webshop Catalog\"]]"}
RESULT: {"using":"xpath","value":"//ul[contains(@id,\"popup-list-listUl\")]//li[.//span[text()= \"Webshop Catalog\"]]"}
COMMAND: POST /session/ad66f158aa4d4ab6ef13355aa7850eca/elements - {"using":"xpath","value":"//ul[contains(@id,\"popup-list-listUl\")]//li[.//span[text()= \"Webshop Catalog\"]]"}
RESULT: {"using":"xpath","value":"//ul[contains(@id,\"popup-list-listUl\")]//li[.//span[text()= \"Webshop Catalog\"]]"}
COMMAND: POST /session/ad66f158aa4d4ab6ef13355aa7850eca/elements - {"using":"xpath","value":"//ul[contains(@id,\"popup-list-listUl\")]//li[.//span[text()= \"Webshop Catalog\"]]"}
RESULT: {"using":"xpath","value":"//ul[contains(@id,\"popup-list-listUl\")]//li[.//span[text()= \"Webshop Catalog\"]]"}
COMMAND: POST /session/ad66f158aa4d4ab6ef13355aa7850eca/elements - {"using":"xpath","value":"//ul[contains(@id,\"popup-list-listUl\")]//li[.//span[text()= \"Webshop Catalog\"]]"}
RESULT: {"using":"xpath","value":"//ul[contains(@id,\"popup-list-listUl\")]//li[.//span[text()= \"Webshop Catalog\"]]"}
COMMAND: POST /session/ad66f158aa4d4ab6ef13355aa7850eca/elements - {"using":"xpath","value":"//ul[contains(@id,\"popup-list-listUl\")]//li[.//span[text()= \"Webshop Catalog\"]]"}
RESULT: {"using":"xpath","value":"//ul[contains(@id,\"popup-list-listUl\")]//li[.//span[text()= \"Webshop Catalog\"]]"}
COMMAND: POST /session/ad66f158aa4d4ab6ef13355aa7850eca/elements - {"using":"xpath","value":"//ul[contains(@id,\"popup-list-listUl\")]//li[.//span[text()= \"Webshop Catalog\"]]"}
RESULT: {"using":"xpath","value":"//ul[contains(@id,\"popup-list-listUl\")]//li[.//span[text()= \"Webshop Catalog\"]]"}
COMMAND: POST /session/ad66f158aa4d4ab6ef13355aa7850eca/elements - {"using":"xpath","value":"//ul[contains(@id,\"popup-list-listUl\")]//li[.//span[text()= \"Webshop Catalog\"]]"}
RESULT: {"using":"xpath","value":"//ul[contains(@id,\"popup-list-listUl\")]//li[.//span[text()= \"Webshop Catalog\"]]"}
COMMAND: POST /session/ad66f158aa4d4ab6ef13355aa7850eca/elements - {"using":"xpath","value":"//ul[contains(@id,\"popup-list-listUl\")]//li[.//span[text()= \"Webshop Catalog\"]]"}
RESULT: {"using":"xpath","value":"//ul[contains(@id,\"popup-list-listUl\")]//li[.//span[text()= \"Webshop Catalog\"]]"}
COMMAND: POST /session/ad66f158aa4d4ab6ef13355aa7850eca/elements - {"using":"xpath","value":"//ul[contains(@id,\"popup-list-listUl\")]//li[.//span[text()= \"Webshop Catalog\"]]"}
RESULT: {"using":"xpath","value":"//ul[contains(@id,\"popup-list-listUl\")]//li[.//span[text()= \"Webshop Catalog\"]]"}
COMMAND: POST /session/ad66f158aa4d4ab6ef13355aa7850eca/elements - {"using":"xpath","value":"//ul[contains(@id,\"popup-list-listUl\")]//li[.//span[text()= \"Webshop Catalog\"]]"}
RESULT: {"using":"xpath","value":"//ul[contains(@id,\"popup-list-listUl\")]//li[.//span[text()= \"Webshop Catalog\"]]"}
COMMAND: POST /session/ad66f158aa4d4ab6ef13355aa7850eca/elements - {"using":"xpath","value":"//ul[contains(@id,\"popup-list-listUl\")]//li[.//span[text()= \"Webshop Catalog\"]]"}
RESULT: {"using":"xpath","value":"//ul[contains(@id,\"popup-list-listUl\")]//li[.//span[text()= \"Webshop Catalog\"]]"}
COMMAND: POST /session/ad66f158aa4d4ab6ef13355aa7850eca/elements - {"using":"xpath","value":"//ul[contains(@id,\"popup-list-listUl\")]//li[.//span[text()= \"Webshop Catalog\"]]"}
RESULT: {"using":"xpath","value":"//ul[contains(@id,\"popup-list-listUl\")]//li[.//span[text()= \"Webshop Catalog\"]]"}
COMMAND: POST /session/ad66f158aa4d4ab6ef13355aa7850eca/elements - {"using":"xpath","value":"//ul[contains(@id,\"popup-list-listUl\")]//li[.//span[text()= \"Webshop Catalog\"]]"}
RESULT: {"using":"xpath","value":"//ul[contains(@id,\"popup-list-listUl\")]//li[.//span[text()= \"Webshop Catalog\"]]"}
COMMAND: POST /session/ad66f158aa4d4ab6ef13355aa7850eca/elements - {"using":"xpath","value":"//ul[contains(@id,\"popup-list-listUl\")]//li[.//span[text()= \"Webshop Catalog\"]]"}
RESULT: {"using":"xpath","value":"//ul[contains(@id,\"popup-list-listUl\")]//li[.//span[text()= \"Webshop Catalog\"]]"}
COMMAND: POST /session/ad66f158aa4d4ab6ef13355aa7850eca/elements - {"using":"xpath","value":"//ul[contains(@id,\"popup-list-listUl\")]//li[.//span[text()= \"Webshop Catalog\"]]"}
RESULT: {"using":"xpath","value":"//ul[contains(@id,\"popup-list-listUl\")]//li[.//span[text()= \"Webshop Catalog\"]]"}
COMMAND: POST /session/ad66f158aa4d4ab6ef13355aa7850eca/elements - {"using":"xpath","value":"//ul[contains(@id,\"popup-list-listUl\")]//li[.//span[text()= \"Webshop Catalog\"]]"}
RESULT: {"using":"xpath","value":"//ul[contains(@id,\"popup-list-listUl\")]//li[.//span[text()= \"Webshop Catalog\"]]"}
COMMAND: POST /session/ad66f158aa4d4ab6ef13355aa7850eca/elements - {"using":"xpath","value":"//ul[contains(@id,\"popup-list-listUl\")]//li[.//span[text()= \"Webshop Catalog\"]]"}
RESULT: {"using":"xpath","value":"//ul[contains(@id,\"popup-list-listUl\")]//li[.//span[text()= \"Webshop Catalog\"]]"}
COMMAND: POST /session/ad66f158aa4d4ab6ef13355aa7850eca/elements - {"using":"xpath","value":"//ul[contains(@id,\"popup-list-listUl\")]//li[.//span[text()= \"Webshop Catalog\"]]"}
RESULT: {"using":"xpath","value":"//ul[contains(@id,\"popup-list-listUl\")]//li[.//span[text()= \"Webshop Catalog\"]]"}
COMMAND: POST /session/ad66f158aa4d4ab6ef13355aa7850eca/elements - {"using":"xpath","value":"//ul[contains(@id,\"popup-list-listUl\")]//li[.//span[text()= \"Webshop Catalog\"]]"}
RESULT: {"using":"xpath","value":"//ul[contains(@id,\"popup-list-listUl\")]//li[.//span[text()= \"Webshop Catalog\"]]"}
COMMAND: POST /session/ad66f158aa4d4ab6ef13355aa7850eca/elements - {"using":"xpath","value":"//ul[contains(@id,\"popup-list-listUl\")]//li[.//span[text()= \"Webshop Catalog\"]]"}
RESULT: {"using":"xpath","value":"//ul[contains(@id,\"popup-list-listUl\")]//li[.//span[text()= \"Webshop Catalog\"]]"}
COMMAND: POST /session/ad66f158aa4d4ab6ef13355aa7850eca/elements - {"using":"xpath","value":"//ul[contains(@id,\"popup-list-listUl\")]//li[.//span[text()= \"Webshop Catalog\"]]"}
RESULT: {"using":"xpath","value":"//ul[contains(@id,\"popup-list-listUl\")]//li[.//span[text()= \"Webshop Catalog\"]]"}
COMMAND: POST /session/ad66f158aa4d4ab6ef13355aa7850eca/elements - {"using":"xpath","value":"//ul[contains(@id,\"popup-list-listUl\")]//li[.//span[text()= \"Webshop Catalog\"]]"}
RESULT: {"using":"xpath","value":"//ul[contains(@id,\"popup-list-listUl\")]//li[.//span[text()= \"Webshop Catalog\"]]"}
COMMAND: POST /session/ad66f158aa4d4ab6ef13355aa7850eca/elements - {"using":"xpath","value":"//ul[contains(@id,\"popup-list-listUl\")]//li[.//span[text()= \"Webshop Catalog\"]]"}
RESULT: {"using":"xpath","value":"//ul[contains(@id,\"popup-list-listUl\")]//li[.//span[text()= \"Webshop Catalog\"]]"}
COMMAND: POST /session/ad66f158aa4d4ab6ef13355aa7850eca/elements - {"using":"xpath","value":"//ul[contains(@id,\"popup-list-listUl\")]//li[.//span[text()= \"Webshop Catalog\"]]"}
RESULT: {"using":"xpath","value":"//ul[contains(@id,\"popup-list-listUl\")]//li[.//span[text()= \"Webshop Catalog\"]]"}
COMMAND: POST /session/ad66f158aa4d4ab6ef13355aa7850eca/elements - {"using":"xpath","value":"//ul[contains(@id,\"popup-list-listUl\")]//li[.//span[text()= \"Webshop Catalog\"]]"}
RESULT: {"using":"xpath","value":"//ul[contains(@id,\"popup-list-listUl\")]//li[.//span[text()= \"Webshop Catalog\"]]"}
COMMAND: POST /session/ad66f158aa4d4ab6ef13355aa7850eca/elements - {"using":"xpath","value":"//ul[contains(@id,\"popup-list-listUl\")]//li[.//span[text()= \"Webshop Catalog\"]]"}
RESULT: {"using":"xpath","value":"//ul[contains(@id,\"popup-list-listUl\")]//li[.//span[text()= \"Webshop Catalog\"]]"}
COMMAND: POST /session/ad66f158aa4d4ab6ef13355aa7850eca/elements - {"using":"xpath","value":"//ul[contains(@id,\"popup-list-listUl\")]//li[.//span[text()= \"Webshop Catalog\"]]"}
RESULT: {"using":"xpath","value":"//ul[contains(@id,\"popup-list-listUl\")]//li[.//span[text()= \"Webshop Catalog\"]]"}
COMMAND: POST /session/ad66f158aa4d4ab6ef13355aa7850eca/elements - {"using":"xpath","value":"//ul[contains(@id,\"popup-list-listUl\")]//li[.//span[text()= \"Webshop Catalog\"]]"}
RESULT: {"using":"xpath","value":"//ul[contains(@id,\"popup-list-listUl\")]//li[.//span[text()= \"Webshop Catalog\"]]"}
COMMAND: POST /session/ad66f158aa4d4ab6ef13355aa7850eca/elements - {"using":"xpath","value":"//ul[contains(@id,\"popup-list-listUl\")]//li[.//span[text()= \"Webshop Catalog\"]]"}
RESULT: {"using":"xpath","value":"//ul[contains(@id,\"popup-list-listUl\")]//li[.//span[text()= \"Webshop Catalog\"]]"}
COMMAND: POST /session/ad66f158aa4d4ab6ef13355aa7850eca/elements - {"using":"xpath","value":"//ul[contains(@id,\"popup-list-listUl\")]//li[.//span[text()= \"Webshop Catalog\"]]"}
RESULT: {"using":"xpath","value":"//ul[contains(@id,\"popup-list-listUl\")]//li[.//span[text()= \"Webshop Catalog\"]]"}
COMMAND: POST /session/ad66f158aa4d4ab6ef13355aa7850eca/elements - {"using":"xpath","value":"//ul[contains(@id,\"popup-list-listUl\")]//li[.//span[text()= \"Webshop Catalog\"]]"}
RESULT: {"using":"xpath","value":"//ul[contains(@id,\"popup-list-listUl\")]//li[.//span[text()= \"Webshop Catalog\"]]"}
COMMAND: POST /session/ad66f158aa4d4ab6ef13355aa7850eca/elements - {"using":"xpath","value":"//ul[contains(@id,\"popup-list-listUl\")]//li[.//span[text()= \"Webshop Catalog\"]]"}
RESULT: {"using":"xpath","value":"//ul[contains(@id,\"popup-list-listUl\")]//li[.//span[text()= \"Webshop Catalog\"]]"}
COMMAND: POST /session/ad66f158aa4d4ab6ef13355aa7850eca/elements - {"using":"xpath","value":"//ul[contains(@id,\"popup-list-listUl\")]//li[.//span[text()= \"Webshop Catalog\"]]"}
RESULT: {"using":"xpath","value":"//ul[contains(@id,\"popup-list-listUl\")]//li[.//span[text()= \"Webshop Catalog\"]]"}
COMMAND: POST /session/ad66f158aa4d4ab6ef13355aa7850eca/elements - {"using":"xpath","value":"//ul[contains(@id,\"popup-list-listUl\")]//li[.//span[text()= \"Webshop Catalog\"]]"}
RESULT: {"using":"xpath","value":"//ul[contains(@id,\"popup-list-listUl\")]//li[.//span[text()= \"Webshop Catalog\"]]"}
COMMAND: POST /session/ad66f158aa4d4ab6ef13355aa7850eca/elements - {"using":"xpath","value":"//ul[contains(@id,\"popup-list-listUl\")]//li[.//span[text()= \"Webshop Catalog\"]]"}
RESULT: {"using":"xpath","value":"//ul[contains(@id,\"popup-list-listUl\")]//li[.//span[text()= \"Webshop Catalog\"]]"}
COMMAND: POST /session/ad66f158aa4d4ab6ef13355aa7850eca/elements - {"using":"xpath","value":"//ul[contains(@id,\"popup-list-listUl\")]//li[.//span[text()= \"Webshop Catalog\"]]"}
RESULT: {"using":"xpath","value":"//ul[contains(@id,\"popup-list-listUl\")]//li[.//span[text()= \"Webshop Catalog\"]]"}
COMMAND: POST /session/ad66f158aa4d4ab6ef13355aa7850eca/elements - {"using":"xpath","value":"//ul[contains(@id,\"popup-list-listUl\")]//li[.//span[text()= \"Webshop Catalog\"]]"}
RESULT: {"using":"xpath","value":"//ul[contains(@id,\"popup-list-listUl\")]//li[.//span[text()= \"Webshop Catalog\"]]"}
COMMAND: POST /session/ad66f158aa4d4ab6ef13355aa7850eca/elements - {"using":"xpath","value":"//ul[contains(@id,\"popup-list-listUl\")]//li[.//span[text()= \"Webshop Catalog\"]]"}
RESULT: {"using":"xpath","value":"//ul[contains(@id,\"popup-list-listUl\")]//li[.//span[text()= \"Webshop Catalog\"]]"}
COMMAND: POST /session/ad66f158aa4d4ab6ef13355aa7850eca/elements - {"using":"xpath","value":"//ul[contains(@id,\"popup-list-listUl\")]//li[.//span[text()= \"Webshop Catalog\"]]"}
RESULT: {"using":"xpath","value":"//ul[contains(@id,\"popup-list-listUl\")]//li[.//span[text()= \"Webshop Catalog\"]]"}
COMMAND: POST /session/ad66f158aa4d4ab6ef13355aa7850eca/elements - {"using":"xpath","value":"//ul[contains(@id,\"popup-list-listUl\")]//li[.//span[text()= \"Webshop Catalog\"]]"}
RESULT: {"using":"xpath","value":"//ul[contains(@id,\"popup-list-listUl\")]//li[.//span[text()= \"Webshop Catalog\"]]"}
COMMAND: POST /session/ad66f158aa4d4ab6ef13355aa7850eca/elements - {"using":"xpath","value":"//ul[contains(@id,\"popup-list-listUl\")]//li[.//span[text()= \"Webshop Catalog\"]]"}
RESULT: {"using":"xpath","value":"//ul[contains(@id,\"popup-list-listUl\")]//li[.//span[text()= \"Webshop Catalog\"]]"}
COMMAND: POST /session/ad66f158aa4d4ab6ef13355aa7850eca/elements - {"using":"xpath","value":"//ul[contains(@id,\"popup-list-listUl\")]//li[.//span[text()= \"Webshop Catalog\"]]"}
RESULT: {"using":"xpath","value":"//ul[contains(@id,\"popup-list-listUl\")]//li[.//span[text()= \"Webshop Catalog\"]]"}
COMMAND: POST /session/ad66f158aa4d4ab6ef13355aa7850eca/elements - {"using":"xpath","value":"//ul[contains(@id,\"popup-list-listUl\")]//li[.//span[text()= \"Webshop Catalog\"]]"}
RESULT: {"using":"xpath","value":"//ul[contains(@id,\"popup-list-listUl\")]//li[.//span[text()= \"Webshop Catalog\"]]"}
COMMAND: POST /session/ad66f158aa4d4ab6ef13355aa7850eca/elements - {"using":"xpath","value":"//ul[contains(@id,\"popup-list-listUl\")]//li[.//span[text()= \"Webshop Catalog\"]]"}
RESULT: {"using":"xpath","value":"//ul[contains(@id,\"popup-list-listUl\")]//li[.//span[text()= \"Webshop Catalog\"]]"}
COMMAND: POST /session/ad66f158aa4d4ab6ef13355aa7850eca/elements - {"using":"xpath","value":"//ul[contains(@id,\"popup-list-listUl\")]//li[.//span[text()= \"Webshop Catalog\"]]"}
RESULT: {"using":"xpath","value":"//ul[contains(@id,\"popup-list-listUl\")]//li[.//span[text()= \"Webshop Catalog\"]]"}
COMMAND: POST /session/ad66f158aa4d4ab6ef13355aa7850eca/elements - {"using":"xpath","value":"//ul[contains(@id,\"popup-list-listUl\")]//li[.//span[text()= \"Webshop Catalog\"]]"}
RESULT: {"using":"xpath","value":"//ul[contains(@id,\"popup-list-listUl\")]//li[.//span[text()= \"Webshop Catalog\"]]"}
COMMAND: POST /session/ad66f158aa4d4ab6ef13355aa7850eca/elements - {"using":"xpath","value":"//ul[contains(@id,\"popup-list-listUl\")]//li[.//span[text()= \"Webshop Catalog\"]]"}
RESULT: {"using":"xpath","value":"//ul[contains(@id,\"popup-list-listUl\")]//li[.//span[text()= \"Webshop Catalog\"]]"}
COMMAND: POST /session/ad66f158aa4d4ab6ef13355aa7850eca/elements - {"using":"xpath","value":"//ul[contains(@id,\"popup-list-listUl\")]//li[.//span[text()= \"Webshop Catalog\"]]"}
RESULT: {"using":"xpath","value":"//ul[contains(@id,\"popup-list-listUl\")]//li[.//span[text()= \"Webshop Catalog\"]]"}
COMMAND: POST /session/ad66f158aa4d4ab6ef13355aa7850eca/elements - {"using":"xpath","value":"//ul[contains(@id,\"popup-list-listUl\")]//li[.//span[text()= \"Webshop Catalog\"]]"}
RESULT: {"using":"xpath","value":"//ul[contains(@id,\"popup-list-listUl\")]//li[.//span[text()= \"Webshop Catalog\"]]"}
COMMAND: POST /session/ad66f158aa4d4ab6ef13355aa7850eca/elements - {"using":"xpath","value":"//ul[contains(@id,\"popup-list-listUl\")]//li[.//span[text()= \"Webshop Catalog\"]]"}
RESULT: {"using":"xpath","value":"//ul[contains(@id,\"popup-list-listUl\")]//li[.//span[text()= \"Webshop Catalog\"]]"}
COMMAND: POST /session/ad66f158aa4d4ab6ef13355aa7850eca/elements - {"using":"xpath","value":"//ul[contains(@id,\"popup-list-listUl\")]//li[.//span[text()= \"Webshop Catalog\"]]"}
RESULT: {"using":"xpath","value":"//ul[contains(@id,\"popup-list-listUl\")]//li[.//span[text()= \"Webshop Catalog\"]]"}
COMMAND: POST /session/ad66f158aa4d4ab6ef13355aa7850eca/elements - {"using":"xpath","value":"//ul[contains(@id,\"popup-list-listUl\")]//li[.//span[text()= \"Webshop Catalog\"]]"}
RESULT: {"using":"xpath","value":"//ul[contains(@id,\"popup-list-listUl\")]//li[.//span[text()= \"Webshop Catalog\"]]"}
COMMAND: POST /session/ad66f158aa4d4ab6ef13355aa7850eca/elements - {"using":"xpath","value":"//ul[contains(@id,\"popup-list-listUl\")]//li[.//span[text()= \"Webshop Catalog\"]]"}
RESULT: {"using":"xpath","value":"//ul[contains(@id,\"popup-list-listUl\")]//li[.//span[text()= \"Webshop Catalog\"]]"}
COMMAND: POST /session/ad66f158aa4d4ab6ef13355aa7850eca/elements - {"using":"xpath","value":"//ul[contains(@id,\"popup-list-listUl\")]//li[.//span[text()= \"Webshop Catalog\"]]"}
RESULT: {"using":"xpath","value":"//ul[contains(@id,\"popup-list-listUl\")]//li[.//span[text()= \"Webshop Catalog\"]]"}
COMMAND: POST /session/ad66f158aa4d4ab6ef13355aa7850eca/elements - {"using":"xpath","value":"//ul[contains(@id,\"popup-list-listUl\")]//li[.//span[text()= \"Webshop Catalog\"]]"}
RESULT: {"using":"xpath","value":"//ul[contains(@id,\"popup-list-listUl\")]//li[.//span[text()= \"Webshop Catalog\"]]"}
COMMAND: POST /session/ad66f158aa4d4ab6ef13355aa7850eca/elements - {"using":"xpath","value":"//ul[contains(@id,\"popup-list-listUl\")]//li[.//span[text()= \"Webshop Catalog\"]]"}
RESULT: {"using":"xpath","value":"//ul[contains(@id,\"popup-list-listUl\")]//li[.//span[text()= \"Webshop Catalog\"]]"}
COMMAND: POST /session/ad66f158aa4d4ab6ef13355aa7850eca/elements - {"using":"xpath","value":"//ul[contains(@id,\"popup-list-listUl\")]//li[.//span[text()= \"Webshop Catalog\"]]"}
RESULT: {"using":"xpath","value":"//ul[contains(@id,\"popup-list-listUl\")]//li[.//span[text()= \"Webshop Catalog\"]]"}
COMMAND: POST /session/ad66f158aa4d4ab6ef13355aa7850eca/elements - {"using":"xpath","value":"//ul[contains(@id,\"popup-list-listUl\")]//li[.//span[text()= \"Webshop Catalog\"]]"}
RESULT: {"using":"xpath","value":"//ul[contains(@id,\"popup-list-listUl\")]//li[.//span[text()= \"Webshop Catalog\"]]"}
COMMAND: POST /session/ad66f158aa4d4ab6ef13355aa7850eca/elements - {"using":"xpath","value":"//ul[contains(@id,\"popup-list-listUl\")]//li[.//span[text()= \"Webshop Catalog\"]]"}
RESULT: {"using":"xpath","value":"//ul[contains(@id,\"popup-list-listUl\")]//li[.//span[text()= \"Webshop Catalog\"]]"}
COMMAND: POST /session/ad66f158aa4d4ab6ef13355aa7850eca/elements - {"using":"xpath","value":"//ul[contains(@id,\"popup-list-listUl\")]//li[.//span[text()= \"Webshop Catalog\"]]"}
RESULT: {"using":"xpath","value":"//ul[contains(@id,\"popup-list-listUl\")]//li[.//span[text()= \"Webshop Catalog\"]]"}
COMMAND: POST /session/ad66f158aa4d4ab6ef13355aa7850eca/elements - {"using":"xpath","value":"//ul[contains(@id,\"popup-list-listUl\")]//li[.//span[text()= \"Webshop Catalog\"]]"}
RESULT: {"using":"xpath","value":"//ul[contains(@id,\"popup-list-listUl\")]//li[.//span[text()= \"Webshop Catalog\"]]"}
COMMAND: POST /session/ad66f158aa4d4ab6ef13355aa7850eca/elements - {"using":"xpath","value":"//ul[contains(@id,\"popup-list-listUl\")]//li[.//span[text()= \"Webshop Catalog\"]]"}
RESULT: {"using":"xpath","value":"//ul[contains(@id,\"popup-list-listUl\")]//li[.//span[text()= \"Webshop Catalog\"]]"}
COMMAND: POST /session/ad66f158aa4d4ab6ef13355aa7850eca/elements - {"using":"xpath","value":"//ul[contains(@id,\"popup-list-listUl\")]//li[.//span[text()= \"Webshop Catalog\"]]"}
RESULT: {"using":"xpath","value":"//ul[contains(@id,\"popup-list-listUl\")]//li[.//span[text()= \"Webshop Catalog\"]]"}
COMMAND: POST /session/ad66f158aa4d4ab6ef13355aa7850eca/elements - {"using":"xpath","value":"//ul[contains(@id,\"popup-list-listUl\")]//li[.//span[text()= \"Webshop Catalog\"]]"}
RESULT: {"using":"xpath","value":"//ul[contains(@id,\"popup-list-listUl\")]//li[.//span[text()= \"Webshop Catalog\"]]"}
COMMAND: POST /session/ad66f158aa4d4ab6ef13355aa7850eca/elements - {"using":"xpath","value":"//ul[contains(@id,\"popup-list-listUl\")]//li[.//span[text()= \"Webshop Catalog\"]]"}
RESULT: {"using":"xpath","value":"//ul[contains(@id,\"popup-list-listUl\")]//li[.//span[text()= \"Webshop Catalog\"]]"}
COMMAND: POST /session/ad66f158aa4d4ab6ef13355aa7850eca/elements - {"using":"xpath","value":"//ul[contains(@id,\"popup-list-listUl\")]//li[.//span[text()= \"Webshop Catalog\"]]"}
RESULT: {"using":"xpath","value":"//ul[contains(@id,\"popup-list-listUl\")]//li[.//span[text()= \"Webshop Catalog\"]]"}
COMMAND: POST /session/ad66f158aa4d4ab6ef13355aa7850eca/elements - {"using":"xpath","value":"//ul[contains(@id,\"popup-list-listUl\")]//li[.//span[text()= \"Webshop Catalog\"]]"}
RESULT: {"using":"xpath","value":"//ul[contains(@id,\"popup-list-listUl\")]//li[.//span[text()= \"Webshop Catalog\"]]"}
COMMAND: POST /session/ad66f158aa4d4ab6ef13355aa7850eca/elements - {"using":"xpath","value":"//ul[contains(@id,\"popup-list-listUl\")]//li[.//span[text()= \"Webshop Catalog\"]]"}
RESULT: {"using":"xpath","value":"//ul[contains(@id,\"popup-list-listUl\")]//li[.//span[text()= \"Webshop Catalog\"]]"}
COMMAND: POST /session/ad66f158aa4d4ab6ef13355aa7850eca/elements - {"using":"xpath","value":"//ul[contains(@id,\"popup-list-listUl\")]//li[.//span[text()= \"Webshop Catalog\"]]"}
RESULT: {"using":"xpath","value":"//ul[contains(@id,\"popup-list-listUl\")]//li[.//span[text()= \"Webshop Catalog\"]]"}
COMMAND: POST /session/ad66f158aa4d4ab6ef13355aa7850eca/elements - {"using":"xpath","value":"//ul[contains(@id,\"popup-list-listUl\")]//li[.//span[text()= \"Webshop Catalog\"]]"}
RESULT: {"using":"xpath","value":"//ul[contains(@id,\"popup-list-listUl\")]//li[.//span[text()= \"Webshop Catalog\"]]"}
COMMAND: POST /session/ad66f158aa4d4ab6ef13355aa7850eca/elements - {"using":"xpath","value":"//ul[contains(@id,\"popup-list-listUl\")]//li[.//span[text()= \"Webshop Catalog\"]]"}
RESULT: {"using":"xpath","value":"//ul[contains(@id,\"popup-list-listUl\")]//li[.//span[text()= \"Webshop Catalog\"]]"}
COMMAND: POST /session/ad66f158aa4d4ab6ef13355aa7850eca/elements - {"using":"xpath","value":"//ul[contains(@id,\"popup-list-listUl\")]//li[.//span[text()= \"Webshop Catalog\"]]"}
RESULT: {"using":"xpath","value":"//ul[contains(@id,\"popup-list-listUl\")]//li[.//span[text()= \"Webshop Catalog\"]]"}
COMMAND: POST /session/ad66f158aa4d4ab6ef13355aa7850eca/elements - {"using":"xpath","value":"//ul[contains(@id,\"popup-list-listUl\")]//li[.//span[text()= \"Webshop Catalog\"]]"}
RESULT: {"using":"xpath","value":"//ul[contains(@id,\"popup-list-listUl\")]//li[.//span[text()= \"Webshop Catalog\"]]"}
COMMAND: POST /session/ad66f158aa4d4ab6ef13355aa7850eca/elements - {"using":"xpath","value":"//ul[contains(@id,\"popup-list-listUl\")]//li[.//span[text()= \"Webshop Catalog\"]]"}
RESULT: {"using":"xpath","value":"//ul[contains(@id,\"popup-list-listUl\")]//li[.//span[text()= \"Webshop Catalog\"]]"}
COMMAND: POST /session/ad66f158aa4d4ab6ef13355aa7850eca/elements - {"using":"xpath","value":"//ul[contains(@id,\"popup-list-listUl\")]//li[.//span[text()= \"Webshop Catalog\"]]"}
RESULT: {"using":"xpath","value":"//ul[contains(@id,\"popup-list-listUl\")]//li[.//span[text()= \"Webshop Catalog\"]]"}
COMMAND: POST /session/ad66f158aa4d4ab6ef13355aa7850eca/elements - {"using":"xpath","value":"//ul[contains(@id,\"popup-list-listUl\")]//li[.//span[text()= \"Webshop Catalog\"]]"}
RESULT: {"using":"xpath","value":"//ul[contains(@id,\"popup-list-listUl\")]//li[.//span[text()= \"Webshop Catalog\"]]"}
COMMAND: POST /session/ad66f158aa4d4ab6ef13355aa7850eca/elements - {"using":"xpath","value":"//ul[contains(@id,\"popup-list-listUl\")]//li[.//span[text()= \"Webshop Catalog\"]]"}
RESULT: {"using":"xpath","value":"//ul[contains(@id,\"popup-list-listUl\")]//li[.//span[text()= \"Webshop Catalog\"]]"}
COMMAND: POST /session/ad66f158aa4d4ab6ef13355aa7850eca/elements - {"using":"xpath","value":"//ul[contains(@id,\"popup-list-listUl\")]//li[.//span[text()= \"Webshop Catalog\"]]"}
RESULT: {"using":"xpath","value":"//ul[contains(@id,\"popup-list-listUl\")]//li[.//span[text()= \"Webshop Catalog\"]]"}
COMMAND: POST /session/ad66f158aa4d4ab6ef13355aa7850eca/elements - {"using":"xpath","value":"//ul[contains(@id,\"popup-list-listUl\")]//li[.//span[text()= \"Webshop Catalog\"]]"}
RESULT: {"using":"xpath","value":"//ul[contains(@id,\"popup-list-listUl\")]//li[.//span[text()= \"Webshop Catalog\"]]"}
COMMAND: POST /session/ad66f158aa4d4ab6ef13355aa7850eca/elements - {"using":"xpath","value":"//ul[contains(@id,\"popup-list-listUl\")]//li[.//span[text()= \"Webshop Catalog\"]]"}
RESULT: {"using":"xpath","value":"//ul[contains(@id,\"popup-list-listUl\")]//li[.//span[text()= \"Webshop Catalog\"]]"}
COMMAND: POST /session/ad66f158aa4d4ab6ef13355aa7850eca/elements - {"using":"xpath","value":"//ul[contains(@id,\"popup-list-listUl\")]//li[.//span[text()= \"Webshop Catalog\"]]"}
RESULT: {"using":"xpath","value":"//ul[contains(@id,\"popup-list-listUl\")]//li[.//span[text()= \"Webshop Catalog\"]]"}
COMMAND: POST /session/ad66f158aa4d4ab6ef13355aa7850eca/elements - {"using":"xpath","value":"//ul[contains(@id,\"popup-list-listUl\")]//li[.//span[text()= \"Webshop Catalog\"]]"}
COMMAND: GET /session/ad66f158aa4d4ab6ef13355aa7850eca/screenshot - {}
RESULT: {"using":"xpath","value":"//ul[contains(@id,\"popup-list-listUl\")]//li[.//span[text()= \"Webshop Catalog\"]]"}
RESULT: {}
COMMAND: GET /session/ad66f158aa4d4ab6ef13355aa7850eca/screenshot - {}
COMMAND: GET /session/ad66f158aa4d4ab6ef13355aa7850eca/screenshot - {}
RESULT: {}
RESULT: {}
COMMAND: DELETE /session/ad66f158aa4d4ab6ef13355aa7850eca - {}
RESULT: {}
]]></system-out>
      <system-err><![CDATA[
Error: Can't call click on element with selector "//ul[contains(@id,"popup-list-listUl")]//li[.//span[text()= "Webshop Catalog"]]" because element wasn't found
    at async UtilsPrerequisites.partnerCreation (D:\a\1\s\test\specs\BTS\prerequisites-and-utils-functions.js:518:13)
    at async Context.<anonymous> (D:\a\1\s\test\specs\BTS\create-partner.spec.js:43:47)
]]></system-err>
    </testcase>
  </testsuite>
</testsuites>