<?xml version="1.0" encoding="UTF-8"?>
<testsuites tests="49" failures="0" errors="0" skipped="0">
  <testsuite timestamp="2025-05-29T15:08:22" time="2019.401" tests="49" failures="0" errors="0" skipped="0">
    <properties>
      <property name="specId" value="0"/>
      <property name="suiteName" value="Sanity Tests US104253"/>
      <property name="capabilities" value="chrome.136_0_7103_93.windows"/>
      <property name="file" value="file:///D:/a/1/s/test/specs/General/sanity.spec.js"/>
    </properties>
    <testcase classname="chrome.136_0_7103_93.windows.Sanity_Tests_US104253" name="Should open Manage Partners page" time="47.993">
      <system-out><![CDATA[
COMMAND: POST /session/b476bfaa375639e21d3f0c4d73676959/execute/async - {"script":"<script> [1562 bytes]","args":[{"selector":{"controlType":"sap.m.GenericTile","properties":{"header":"Manage Partners"}},"wdio_ui5_key":"sapm.GenericTile{\"header\":\"Manage Partners\"}"}]}
RESULT: {"script":"<script> [1562 bytes]","args":[{"selector":{"controlType":"sap.m.GenericTile","properties":{"header":"Manage Partners"}},"wdio_ui5_key":"sapm.GenericTile{\"header\":\"Manage Partners\"}"}]}
RESULT: undefined
COMMAND: POST /session/b476bfaa375639e21d3f0c4d73676959/element - {"using":"xpath","value":"//*[@id=\"__tile38\"]"}
RESULT: {"using":"xpath","value":"//*[@id=\"__tile38\"]"}
COMMAND: POST /session/b476bfaa375639e21d3f0c4d73676959/element/f.1F07B75241787BF51536F41C8FA9D570.d.05B88879957895673F804ECF55FFABDC.e.116/click - {}
RESULT: {}
COMMAND: GET /session/b476bfaa375639e21d3f0c4d73676959/screenshot - {}
RESULT: {}
COMMAND: POST /session/b476bfaa375639e21d3f0c4d73676959/elements - {"using":"xpath","value":"//span[text()='Error']"}
RESULT: {"using":"xpath","value":"//span[text()='Error']"}
RESULT: undefined
COMMAND: POST /session/b476bfaa375639e21d3f0c4d73676959/element - {"using":"xpath","value":"//*[@id=\"__tile38\"]"}
RESULT: {"using":"xpath","value":"//*[@id=\"__tile38\"]"}
COMMAND: POST /session/b476bfaa375639e21d3f0c4d73676959/element/f.1F07B75241787BF51536F41C8FA9D570.d.05B88879957895673F804ECF55FFABDC.e.116/click - {}
RESULT: undefined
COMMAND: POST /session/b476bfaa375639e21d3f0c4d73676959/element - {"using":"xpath","value":"//*[@id=\"__tile38\"]"}
RESULT: {"using":"xpath","value":"//*[@id=\"__tile38\"]"}
COMMAND: POST /session/b476bfaa375639e21d3f0c4d73676959/element/f.1F07B75241787BF51536F41C8FA9D570.d.05B88879957895673F804ECF55FFABDC.e.116/click - {}
COMMAND: POST /session/b476bfaa375639e21d3f0c4d73676959/execute/async - {"script":"<script> [1562 bytes]","args":[{"selector":{"id":"shellAppTitle"},"wdio_ui5_key":"shellAppTitle"}]}
RESULT: {"script":"<script> [1562 bytes]","args":[{"selector":{"id":"shellAppTitle"},"wdio_ui5_key":"shellAppTitle"}]}
RESULT: undefined
COMMAND: POST /session/b476bfaa375639e21d3f0c4d73676959/execute/async - {"script":"<script> [6424 bytes]","args":[{"element-6066-11e4-a52e-4f735466cecf":"f.1F07B75241787BF51536F41C8FA9D570.d.05B88879957895673F804ECF55FFABDC.e.291"},"getTitle",[]]}
RESULT: {"script":"<script> [6424 bytes]","args":[{"element-6066-11e4-a52e-4f735466cecf":"f.1F07B75241787BF51536F41C8FA9D570.d.05B88879957895673F804ECF55FFABDC.e.291"},"getTitle",[]]}
COMMAND: POST /session/b476bfaa375639e21d3f0c4d73676959/execute/async - {"script":"<script> [1562 bytes]","args":[{"selector":{"id":"backBtn"},"wdio_ui5_key":"backBtn"}]}
RESULT: {"script":"<script> [1562 bytes]","args":[{"selector":{"id":"backBtn"},"wdio_ui5_key":"backBtn"}]}
RESULT: undefined
COMMAND: POST /session/b476bfaa375639e21d3f0c4d73676959/element - {"using":"xpath","value":"//*[@id=\"backBtn\"]"}
RESULT: {"using":"xpath","value":"//*[@id=\"backBtn\"]"}
COMMAND: POST /session/b476bfaa375639e21d3f0c4d73676959/element/f.1F07B75241787BF51536F41C8FA9D570.d.05B88879957895673F804ECF55FFABDC.e.292/click - {}
RESULT: {}
COMMAND: GET /session/b476bfaa375639e21d3f0c4d73676959/screenshot - {}
RESULT: {}
]]></system-out>
    </testcase>
    <testcase classname="chrome.136_0_7103_93.windows.Sanity_Tests_US104253" name="Should open Manage Sites page" time="41.979">
      <system-out><![CDATA[
COMMAND: POST /session/b476bfaa375639e21d3f0c4d73676959/execute/async - {"script":"<script> [1562 bytes]","args":[{"selector":{"controlType":"sap.m.GenericTile","properties":{"header":"Manage Sites"}},"wdio_ui5_key":"sapm.GenericTile{\"header\":\"Manage Sites\"}"}]}
RESULT: {"script":"<script> [1562 bytes]","args":[{"selector":{"controlType":"sap.m.GenericTile","properties":{"header":"Manage Sites"}},"wdio_ui5_key":"sapm.GenericTile{\"header\":\"Manage Sites\"}"}]}
RESULT: undefined
COMMAND: POST /session/b476bfaa375639e21d3f0c4d73676959/element - {"using":"xpath","value":"//*[@id=\"__tile40\"]"}
RESULT: {"using":"xpath","value":"//*[@id=\"__tile40\"]"}
COMMAND: POST /session/b476bfaa375639e21d3f0c4d73676959/element/f.1F07B75241787BF51536F41C8FA9D570.d.05B88879957895673F804ECF55FFABDC.e.294/click - {}
RESULT: {}
COMMAND: GET /session/b476bfaa375639e21d3f0c4d73676959/screenshot - {}
RESULT: {}
COMMAND: POST /session/b476bfaa375639e21d3f0c4d73676959/elements - {"using":"xpath","value":"//span[text()='Error']"}
RESULT: {"using":"xpath","value":"//span[text()='Error']"}
RESULT: undefined
COMMAND: POST /session/b476bfaa375639e21d3f0c4d73676959/element - {"using":"xpath","value":"//*[@id=\"__tile40\"]"}
RESULT: {"using":"xpath","value":"//*[@id=\"__tile40\"]"}
COMMAND: POST /session/b476bfaa375639e21d3f0c4d73676959/element/f.1F07B75241787BF51536F41C8FA9D570.d.05B88879957895673F804ECF55FFABDC.e.294/click - {}
RESULT: undefined
COMMAND: POST /session/b476bfaa375639e21d3f0c4d73676959/element - {"using":"xpath","value":"//*[@id=\"__tile40\"]"}
RESULT: {"using":"xpath","value":"//*[@id=\"__tile40\"]"}
COMMAND: POST /session/b476bfaa375639e21d3f0c4d73676959/element/f.1F07B75241787BF51536F41C8FA9D570.d.05B88879957895673F804ECF55FFABDC.e.294/click - {}
RESULT: undefined
COMMAND: POST /session/b476bfaa375639e21d3f0c4d73676959/execute/async - {"script":"<script> [6424 bytes]","args":[{"element-6066-11e4-a52e-4f735466cecf":"f.1F07B75241787BF51536F41C8FA9D570.d.05B88879957895673F804ECF55FFABDC.e.291"},"getTitle",[]]}
COMMAND: POST /session/b476bfaa375639e21d3f0c4d73676959/execute/async - {"script":"<script> [1562 bytes]","args":[{"selector":{"id":"shellAppTitle"},"wdio_ui5_key":"shellAppTitle"}]}
RESULT: {"script":"<script> [1562 bytes]","args":[{"selector":{"id":"shellAppTitle"},"wdio_ui5_key":"shellAppTitle"}]}
COMMAND: POST /session/b476bfaa375639e21d3f0c4d73676959/execute/async - {"script":"<script> [6424 bytes]","args":[{"element-6066-11e4-a52e-4f735466cecf":"f.1F07B75241787BF51536F41C8FA9D570.d.05B88879957895673F804ECF55FFABDC.e.482"},"getTitle",[]]}
RESULT: {"script":"<script> [6424 bytes]","args":[{"element-6066-11e4-a52e-4f735466cecf":"f.1F07B75241787BF51536F41C8FA9D570.d.05B88879957895673F804ECF55FFABDC.e.482"},"getTitle",[]]}
RESULT: undefined
COMMAND: POST /session/b476bfaa375639e21d3f0c4d73676959/element/f.1F07B75241787BF51536F41C8FA9D570.d.05B88879957895673F804ECF55FFABDC.e.292/click - {}
RESULT: {}
COMMAND: GET /session/b476bfaa375639e21d3f0c4d73676959/screenshot - {}
RESULT: {}
]]></system-out>
    </testcase>
    <testcase classname="chrome.136_0_7103_93.windows.Sanity_Tests_US104253" name="Should open Manage Resources page" time="44.85">
      <system-out><![CDATA[
COMMAND: POST /session/b476bfaa375639e21d3f0c4d73676959/execute/async - {"script":"<script> [1562 bytes]","args":[{"selector":{"controlType":"sap.m.GenericTile","properties":{"header":"Manage Resources"}},"wdio_ui5_key":"sapm.GenericTile{\"header\":\"Manage Resources\"}"}]}
RESULT: {"script":"<script> [1562 bytes]","args":[{"selector":{"controlType":"sap.m.GenericTile","properties":{"header":"Manage Resources"}},"wdio_ui5_key":"sapm.GenericTile{\"header\":\"Manage Resources\"}"}]}
RESULT: undefined
COMMAND: POST /session/b476bfaa375639e21d3f0c4d73676959/element - {"using":"xpath","value":"//*[@id=\"__tile39\"]"}
RESULT: {"using":"xpath","value":"//*[@id=\"__tile39\"]"}
COMMAND: POST /session/b476bfaa375639e21d3f0c4d73676959/element/f.1F07B75241787BF51536F41C8FA9D570.d.05B88879957895673F804ECF55FFABDC.e.484/click - {}
RESULT: {}
COMMAND: GET /session/b476bfaa375639e21d3f0c4d73676959/screenshot - {}
RESULT: {}
COMMAND: POST /session/b476bfaa375639e21d3f0c4d73676959/elements - {"using":"xpath","value":"//span[text()='Error']"}
RESULT: {"using":"xpath","value":"//span[text()='Error']"}
RESULT: undefined
COMMAND: POST /session/b476bfaa375639e21d3f0c4d73676959/element - {"using":"xpath","value":"//*[@id=\"__tile39\"]"}
RESULT: {"using":"xpath","value":"//*[@id=\"__tile39\"]"}
COMMAND: POST /session/b476bfaa375639e21d3f0c4d73676959/element/f.1F07B75241787BF51536F41C8FA9D570.d.05B88879957895673F804ECF55FFABDC.e.484/click - {}
RESULT: undefined
COMMAND: POST /session/b476bfaa375639e21d3f0c4d73676959/element - {"using":"xpath","value":"//*[@id=\"__tile39\"]"}
RESULT: {"using":"xpath","value":"//*[@id=\"__tile39\"]"}
COMMAND: POST /session/b476bfaa375639e21d3f0c4d73676959/element/f.1F07B75241787BF51536F41C8FA9D570.d.05B88879957895673F804ECF55FFABDC.e.484/click - {}
RESULT: undefined
COMMAND: POST /session/b476bfaa375639e21d3f0c4d73676959/execute/async - {"script":"<script> [6424 bytes]","args":[{"element-6066-11e4-a52e-4f735466cecf":"f.1F07B75241787BF51536F41C8FA9D570.d.05B88879957895673F804ECF55FFABDC.e.291"},"getTitle",[]]}
COMMAND: POST /session/b476bfaa375639e21d3f0c4d73676959/execute/async - {"script":"<script> [1562 bytes]","args":[{"selector":{"id":"shellAppTitle"},"wdio_ui5_key":"shellAppTitle"}]}
RESULT: {"script":"<script> [1562 bytes]","args":[{"selector":{"id":"shellAppTitle"},"wdio_ui5_key":"shellAppTitle"}]}
COMMAND: POST /session/b476bfaa375639e21d3f0c4d73676959/execute/async - {"script":"<script> [6424 bytes]","args":[{"element-6066-11e4-a52e-4f735466cecf":"f.1F07B75241787BF51536F41C8FA9D570.d.05B88879957895673F804ECF55FFABDC.e.655"},"getTitle",[]]}
RESULT: {"script":"<script> [6424 bytes]","args":[{"element-6066-11e4-a52e-4f735466cecf":"f.1F07B75241787BF51536F41C8FA9D570.d.05B88879957895673F804ECF55FFABDC.e.655"},"getTitle",[]]}
RESULT: undefined
COMMAND: POST /session/b476bfaa375639e21d3f0c4d73676959/element/f.1F07B75241787BF51536F41C8FA9D570.d.05B88879957895673F804ECF55FFABDC.e.292/click - {}
COMMAND: POST /session/b476bfaa375639e21d3f0c4d73676959/element - {"using":"xpath","value":"//*[@id=\"backBtn\"]"}
RESULT: {"using":"xpath","value":"//*[@id=\"backBtn\"]"}
COMMAND: POST /session/b476bfaa375639e21d3f0c4d73676959/element/f.1F07B75241787BF51536F41C8FA9D570.d.05B88879957895673F804ECF55FFABDC.e.292/click - {}
COMMAND: POST /session/b476bfaa375639e21d3f0c4d73676959/element - {"using":"xpath","value":"//*[@id=\"backBtn\"]"}
RESULT: {"using":"xpath","value":"//*[@id=\"backBtn\"]"}
COMMAND: POST /session/b476bfaa375639e21d3f0c4d73676959/element/f.1F07B75241787BF51536F41C8FA9D570.d.05B88879957895673F804ECF55FFABDC.e.656/click - {}
RESULT: {}
COMMAND: GET /session/b476bfaa375639e21d3f0c4d73676959/screenshot - {}
RESULT: {}
]]></system-out>
    </testcase>
    <testcase classname="chrome.136_0_7103_93.windows.Sanity_Tests_US104253" name="Should open Manage Catalogs page" time="38.192">
      <system-out><![CDATA[
COMMAND: POST /session/b476bfaa375639e21d3f0c4d73676959/execute/async - {"script":"<script> [1562 bytes]","args":[{"selector":{"controlType":"sap.m.GenericTile","properties":{"header":"Manage Catalogs"}},"wdio_ui5_key":"sapm.GenericTile{\"header\":\"Manage Catalogs\"}"}]}
RESULT: {"script":"<script> [1562 bytes]","args":[{"selector":{"controlType":"sap.m.GenericTile","properties":{"header":"Manage Catalogs"}},"wdio_ui5_key":"sapm.GenericTile{\"header\":\"Manage Catalogs\"}"}]}
RESULT: undefined
COMMAND: POST /session/b476bfaa375639e21d3f0c4d73676959/element - {"using":"xpath","value":"//*[@id=\"__tile37\"]"}
RESULT: {"using":"xpath","value":"//*[@id=\"__tile37\"]"}
COMMAND: POST /session/b476bfaa375639e21d3f0c4d73676959/element/f.1F07B75241787BF51536F41C8FA9D570.d.05B88879957895673F804ECF55FFABDC.e.658/click - {}
RESULT: {}
COMMAND: GET /session/b476bfaa375639e21d3f0c4d73676959/screenshot - {}
RESULT: {}
COMMAND: POST /session/b476bfaa375639e21d3f0c4d73676959/elements - {"using":"xpath","value":"//span[text()='Error']"}
RESULT: {"using":"xpath","value":"//span[text()='Error']"}
RESULT: undefined
COMMAND: POST /session/b476bfaa375639e21d3f0c4d73676959/element - {"using":"xpath","value":"//*[@id=\"__tile37\"]"}
RESULT: {"using":"xpath","value":"//*[@id=\"__tile37\"]"}
COMMAND: POST /session/b476bfaa375639e21d3f0c4d73676959/element/f.1F07B75241787BF51536F41C8FA9D570.d.05B88879957895673F804ECF55FFABDC.e.658/click - {}
RESULT: undefined
COMMAND: POST /session/b476bfaa375639e21d3f0c4d73676959/element - {"using":"xpath","value":"//*[@id=\"__tile37\"]"}
RESULT: {"using":"xpath","value":"//*[@id=\"__tile37\"]"}
COMMAND: POST /session/b476bfaa375639e21d3f0c4d73676959/element/f.1F07B75241787BF51536F41C8FA9D570.d.05B88879957895673F804ECF55FFABDC.e.658/click - {}
RESULT: undefined
COMMAND: POST /session/b476bfaa375639e21d3f0c4d73676959/execute/async - {"script":"<script> [6424 bytes]","args":[{"element-6066-11e4-a52e-4f735466cecf":"f.1F07B75241787BF51536F41C8FA9D570.d.05B88879957895673F804ECF55FFABDC.e.291"},"getTitle",[]]}
COMMAND: POST /session/b476bfaa375639e21d3f0c4d73676959/execute/async - {"script":"<script> [1562 bytes]","args":[{"selector":{"id":"shellAppTitle"},"wdio_ui5_key":"shellAppTitle"}]}
RESULT: {"script":"<script> [1562 bytes]","args":[{"selector":{"id":"shellAppTitle"},"wdio_ui5_key":"shellAppTitle"}]}
COMMAND: POST /session/b476bfaa375639e21d3f0c4d73676959/execute/async - {"script":"<script> [6424 bytes]","args":[{"element-6066-11e4-a52e-4f735466cecf":"f.1F07B75241787BF51536F41C8FA9D570.d.05B88879957895673F804ECF55FFABDC.e.726"},"getTitle",[]]}
RESULT: {"script":"<script> [6424 bytes]","args":[{"element-6066-11e4-a52e-4f735466cecf":"f.1F07B75241787BF51536F41C8FA9D570.d.05B88879957895673F804ECF55FFABDC.e.726"},"getTitle",[]]}
RESULT: undefined
COMMAND: POST /session/b476bfaa375639e21d3f0c4d73676959/element/f.1F07B75241787BF51536F41C8FA9D570.d.05B88879957895673F804ECF55FFABDC.e.656/click - {}
RESULT: {}
COMMAND: GET /session/b476bfaa375639e21d3f0c4d73676959/screenshot - {}
RESULT: {}
]]></system-out>
    </testcase>
    <testcase classname="chrome.136_0_7103_93.windows.Sanity_Tests_US104253" name="Should open Manage Calendars page" time="37.762">
      <system-out><![CDATA[
COMMAND: POST /session/b476bfaa375639e21d3f0c4d73676959/execute/async - {"script":"<script> [1562 bytes]","args":[{"selector":{"controlType":"sap.m.GenericTile","properties":{"header":"Manage Calendars"}},"wdio_ui5_key":"sapm.GenericTile{\"header\":\"Manage Calendars\"}"}]}
RESULT: {"script":"<script> [1562 bytes]","args":[{"selector":{"controlType":"sap.m.GenericTile","properties":{"header":"Manage Calendars"}},"wdio_ui5_key":"sapm.GenericTile{\"header\":\"Manage Calendars\"}"}]}
RESULT: undefined
COMMAND: POST /session/b476bfaa375639e21d3f0c4d73676959/element - {"using":"xpath","value":"//*[@id=\"__tile36\"]"}
RESULT: {"using":"xpath","value":"//*[@id=\"__tile36\"]"}
COMMAND: POST /session/b476bfaa375639e21d3f0c4d73676959/element/f.1F07B75241787BF51536F41C8FA9D570.d.05B88879957895673F804ECF55FFABDC.e.729/click - {}
RESULT: {}
COMMAND: GET /session/b476bfaa375639e21d3f0c4d73676959/screenshot - {}
RESULT: {}
COMMAND: POST /session/b476bfaa375639e21d3f0c4d73676959/elements - {"using":"xpath","value":"//span[text()='Error']"}
RESULT: {"using":"xpath","value":"//span[text()='Error']"}
RESULT: undefined
COMMAND: POST /session/b476bfaa375639e21d3f0c4d73676959/element - {"using":"xpath","value":"//*[@id=\"__tile36\"]"}
RESULT: {"using":"xpath","value":"//*[@id=\"__tile36\"]"}
COMMAND: POST /session/b476bfaa375639e21d3f0c4d73676959/element/f.1F07B75241787BF51536F41C8FA9D570.d.05B88879957895673F804ECF55FFABDC.e.729/click - {}
RESULT: undefined
COMMAND: POST /session/b476bfaa375639e21d3f0c4d73676959/element - {"using":"xpath","value":"//*[@id=\"__tile36\"]"}
RESULT: {"using":"xpath","value":"//*[@id=\"__tile36\"]"}
COMMAND: POST /session/b476bfaa375639e21d3f0c4d73676959/element/f.1F07B75241787BF51536F41C8FA9D570.d.05B88879957895673F804ECF55FFABDC.e.729/click - {}
RESULT: undefined
COMMAND: POST /session/b476bfaa375639e21d3f0c4d73676959/execute/async - {"script":"<script> [6424 bytes]","args":[{"element-6066-11e4-a52e-4f735466cecf":"f.1F07B75241787BF51536F41C8FA9D570.d.05B88879957895673F804ECF55FFABDC.e.291"},"getTitle",[]]}
COMMAND: POST /session/b476bfaa375639e21d3f0c4d73676959/execute/async - {"script":"<script> [1562 bytes]","args":[{"selector":{"id":"shellAppTitle"},"wdio_ui5_key":"shellAppTitle"}]}
RESULT: {"script":"<script> [1562 bytes]","args":[{"selector":{"id":"shellAppTitle"},"wdio_ui5_key":"shellAppTitle"}]}
COMMAND: POST /session/b476bfaa375639e21d3f0c4d73676959/execute/async - {"script":"<script> [6424 bytes]","args":[{"element-6066-11e4-a52e-4f735466cecf":"f.1F07B75241787BF51536F41C8FA9D570.d.05B88879957895673F804ECF55FFABDC.e.796"},"getTitle",[]]}
RESULT: {"script":"<script> [6424 bytes]","args":[{"element-6066-11e4-a52e-4f735466cecf":"f.1F07B75241787BF51536F41C8FA9D570.d.05B88879957895673F804ECF55FFABDC.e.796"},"getTitle",[]]}
RESULT: undefined
COMMAND: POST /session/b476bfaa375639e21d3f0c4d73676959/element/f.1F07B75241787BF51536F41C8FA9D570.d.05B88879957895673F804ECF55FFABDC.e.656/click - {}
COMMAND: POST /session/b476bfaa375639e21d3f0c4d73676959/element - {"using":"xpath","value":"//*[@id=\"backBtn\"]"}
RESULT: {"using":"xpath","value":"//*[@id=\"backBtn\"]"}
COMMAND: POST /session/b476bfaa375639e21d3f0c4d73676959/element/f.1F07B75241787BF51536F41C8FA9D570.d.05B88879957895673F804ECF55FFABDC.e.656/click - {}
COMMAND: POST /session/b476bfaa375639e21d3f0c4d73676959/element - {"using":"xpath","value":"//*[@id=\"backBtn\"]"}
RESULT: {"using":"xpath","value":"//*[@id=\"backBtn\"]"}
COMMAND: POST /session/b476bfaa375639e21d3f0c4d73676959/element/f.1F07B75241787BF51536F41C8FA9D570.d.05B88879957895673F804ECF55FFABDC.e.797/click - {}
RESULT: {}
COMMAND: GET /session/b476bfaa375639e21d3f0c4d73676959/screenshot - {}
RESULT: {}
]]></system-out>
    </testcase>
    <testcase classname="chrome.136_0_7103_93.windows.Sanity_Tests_US104253" name="Should open Address Management page" time="39.227">
      <system-out><![CDATA[
COMMAND: POST /session/b476bfaa375639e21d3f0c4d73676959/execute/async - {"script":"<script> [1562 bytes]","args":[{"selector":{"controlType":"sap.m.GenericTile","properties":{"header":"Address Management"}},"wdio_ui5_key":"sapm.GenericTile{\"header\":\"Address Management\"}"}]}
RESULT: {"script":"<script> [1562 bytes]","args":[{"selector":{"controlType":"sap.m.GenericTile","properties":{"header":"Address Management"}},"wdio_ui5_key":"sapm.GenericTile{\"header\":\"Address Management\"}"}]}
RESULT: undefined
COMMAND: POST /session/b476bfaa375639e21d3f0c4d73676959/element - {"using":"xpath","value":"//*[@id=\"__tile33\"]"}
RESULT: {"using":"xpath","value":"//*[@id=\"__tile33\"]"}
COMMAND: POST /session/b476bfaa375639e21d3f0c4d73676959/element/f.1F07B75241787BF51536F41C8FA9D570.d.05B88879957895673F804ECF55FFABDC.e.799/click - {}
RESULT: {}
COMMAND: GET /session/b476bfaa375639e21d3f0c4d73676959/screenshot - {}
RESULT: {}
COMMAND: POST /session/b476bfaa375639e21d3f0c4d73676959/elements - {"using":"xpath","value":"//span[text()='Error']"}
RESULT: {"using":"xpath","value":"//span[text()='Error']"}
RESULT: undefined
COMMAND: POST /session/b476bfaa375639e21d3f0c4d73676959/element - {"using":"xpath","value":"//*[@id=\"__tile33\"]"}
RESULT: {"using":"xpath","value":"//*[@id=\"__tile33\"]"}
COMMAND: POST /session/b476bfaa375639e21d3f0c4d73676959/element/f.1F07B75241787BF51536F41C8FA9D570.d.05B88879957895673F804ECF55FFABDC.e.799/click - {}
RESULT: undefined
COMMAND: POST /session/b476bfaa375639e21d3f0c4d73676959/element - {"using":"xpath","value":"//*[@id=\"__tile33\"]"}
RESULT: {"using":"xpath","value":"//*[@id=\"__tile33\"]"}
COMMAND: POST /session/b476bfaa375639e21d3f0c4d73676959/element/f.1F07B75241787BF51536F41C8FA9D570.d.05B88879957895673F804ECF55FFABDC.e.799/click - {}
RESULT: undefined
COMMAND: POST /session/b476bfaa375639e21d3f0c4d73676959/execute/async - {"script":"<script> [6424 bytes]","args":[{"element-6066-11e4-a52e-4f735466cecf":"f.1F07B75241787BF51536F41C8FA9D570.d.05B88879957895673F804ECF55FFABDC.e.291"},"getTitle",[]]}
COMMAND: POST /session/b476bfaa375639e21d3f0c4d73676959/execute/async - {"script":"<script> [1562 bytes]","args":[{"selector":{"id":"shellAppTitle"},"wdio_ui5_key":"shellAppTitle"}]}
RESULT: {"script":"<script> [1562 bytes]","args":[{"selector":{"id":"shellAppTitle"},"wdio_ui5_key":"shellAppTitle"}]}
COMMAND: POST /session/b476bfaa375639e21d3f0c4d73676959/execute/async - {"script":"<script> [6424 bytes]","args":[{"element-6066-11e4-a52e-4f735466cecf":"f.1F07B75241787BF51536F41C8FA9D570.d.05B88879957895673F804ECF55FFABDC.e.992"},"getTitle",[]]}
RESULT: {"script":"<script> [6424 bytes]","args":[{"element-6066-11e4-a52e-4f735466cecf":"f.1F07B75241787BF51536F41C8FA9D570.d.05B88879957895673F804ECF55FFABDC.e.992"},"getTitle",[]]}
RESULT: undefined
COMMAND: POST /session/b476bfaa375639e21d3f0c4d73676959/element/f.1F07B75241787BF51536F41C8FA9D570.d.05B88879957895673F804ECF55FFABDC.e.797/click - {}
RESULT: {}
COMMAND: GET /session/b476bfaa375639e21d3f0c4d73676959/screenshot - {}
RESULT: {}
]]></system-out>
    </testcase>
    <testcase classname="chrome.136_0_7103_93.windows.Sanity_Tests_US104253" name="Should open Bill Of Resources page" time="37.165">
      <system-out><![CDATA[
COMMAND: POST /session/b476bfaa375639e21d3f0c4d73676959/execute/async - {"script":"<script> [1562 bytes]","args":[{"selector":{"controlType":"sap.m.GenericTile","properties":{"header":"Bill Of Resources"}},"wdio_ui5_key":"sapm.GenericTile{\"header\":\"Bill Of Resources\"}"}]}
RESULT: {"script":"<script> [1562 bytes]","args":[{"selector":{"controlType":"sap.m.GenericTile","properties":{"header":"Bill Of Resources"}},"wdio_ui5_key":"sapm.GenericTile{\"header\":\"Bill Of Resources\"}"}]}
RESULT: undefined
COMMAND: POST /session/b476bfaa375639e21d3f0c4d73676959/element - {"using":"xpath","value":"//*[@id=\"__tile34\"]"}
RESULT: {"using":"xpath","value":"//*[@id=\"__tile34\"]"}
COMMAND: POST /session/b476bfaa375639e21d3f0c4d73676959/element/f.1F07B75241787BF51536F41C8FA9D570.d.05B88879957895673F804ECF55FFABDC.e.994/click - {}
RESULT: {}
COMMAND: GET /session/b476bfaa375639e21d3f0c4d73676959/screenshot - {}
RESULT: {}
COMMAND: POST /session/b476bfaa375639e21d3f0c4d73676959/elements - {"using":"xpath","value":"//span[text()='Error']"}
RESULT: {"using":"xpath","value":"//span[text()='Error']"}
RESULT: undefined
COMMAND: POST /session/b476bfaa375639e21d3f0c4d73676959/element - {"using":"xpath","value":"//*[@id=\"__tile34\"]"}
RESULT: {"using":"xpath","value":"//*[@id=\"__tile34\"]"}
COMMAND: POST /session/b476bfaa375639e21d3f0c4d73676959/element/f.1F07B75241787BF51536F41C8FA9D570.d.05B88879957895673F804ECF55FFABDC.e.994/click - {}
RESULT: undefined
COMMAND: POST /session/b476bfaa375639e21d3f0c4d73676959/element - {"using":"xpath","value":"//*[@id=\"__tile34\"]"}
RESULT: {"using":"xpath","value":"//*[@id=\"__tile34\"]"}
COMMAND: POST /session/b476bfaa375639e21d3f0c4d73676959/element/f.1F07B75241787BF51536F41C8FA9D570.d.05B88879957895673F804ECF55FFABDC.e.994/click - {}
RESULT: undefined
COMMAND: POST /session/b476bfaa375639e21d3f0c4d73676959/execute/async - {"script":"<script> [6424 bytes]","args":[{"element-6066-11e4-a52e-4f735466cecf":"f.1F07B75241787BF51536F41C8FA9D570.d.05B88879957895673F804ECF55FFABDC.e.291"},"getTitle",[]]}
COMMAND: POST /session/b476bfaa375639e21d3f0c4d73676959/execute/async - {"script":"<script> [1562 bytes]","args":[{"selector":{"id":"shellAppTitle"},"wdio_ui5_key":"shellAppTitle"}]}
RESULT: {"script":"<script> [1562 bytes]","args":[{"selector":{"id":"shellAppTitle"},"wdio_ui5_key":"shellAppTitle"}]}
COMMAND: POST /session/b476bfaa375639e21d3f0c4d73676959/execute/async - {"script":"<script> [6424 bytes]","args":[{"element-6066-11e4-a52e-4f735466cecf":"f.1F07B75241787BF51536F41C8FA9D570.d.05B88879957895673F804ECF55FFABDC.e.1094"},"getTitle",[]]}
RESULT: {"script":"<script> [6424 bytes]","args":[{"element-6066-11e4-a52e-4f735466cecf":"f.1F07B75241787BF51536F41C8FA9D570.d.05B88879957895673F804ECF55FFABDC.e.1094"},"getTitle",[]]}
RESULT: undefined
COMMAND: POST /session/b476bfaa375639e21d3f0c4d73676959/element/f.1F07B75241787BF51536F41C8FA9D570.d.05B88879957895673F804ECF55FFABDC.e.797/click - {}
COMMAND: POST /session/b476bfaa375639e21d3f0c4d73676959/element - {"using":"xpath","value":"//*[@id=\"backBtn\"]"}
RESULT: {"using":"xpath","value":"//*[@id=\"backBtn\"]"}
COMMAND: POST /session/b476bfaa375639e21d3f0c4d73676959/element/f.1F07B75241787BF51536F41C8FA9D570.d.05B88879957895673F804ECF55FFABDC.e.797/click - {}
COMMAND: POST /session/b476bfaa375639e21d3f0c4d73676959/element - {"using":"xpath","value":"//*[@id=\"backBtn\"]"}
RESULT: {"using":"xpath","value":"//*[@id=\"backBtn\"]"}
COMMAND: POST /session/b476bfaa375639e21d3f0c4d73676959/element/f.1F07B75241787BF51536F41C8FA9D570.d.05B88879957895673F804ECF55FFABDC.e.1095/click - {}
RESULT: {}
COMMAND: GET /session/b476bfaa375639e21d3f0c4d73676959/screenshot - {}
RESULT: {}
]]></system-out>
    </testcase>
    <testcase classname="chrome.136_0_7103_93.windows.Sanity_Tests_US104253" name="Should open Manage Yards page" time="44.665">
      <system-out><![CDATA[
COMMAND: POST /session/b476bfaa375639e21d3f0c4d73676959/execute/async - {"script":"<script> [1562 bytes]","args":[{"selector":{"controlType":"sap.m.GenericTile","properties":{"header":"Manage Yards"}},"wdio_ui5_key":"sapm.GenericTile{\"header\":\"Manage Yards\"}"}]}
RESULT: {"script":"<script> [1562 bytes]","args":[{"selector":{"controlType":"sap.m.GenericTile","properties":{"header":"Manage Yards"}},"wdio_ui5_key":"sapm.GenericTile{\"header\":\"Manage Yards\"}"}]}
RESULT: undefined
COMMAND: POST /session/b476bfaa375639e21d3f0c4d73676959/element - {"using":"xpath","value":"//*[@id=\"__tile41\"]"}
RESULT: {"using":"xpath","value":"//*[@id=\"__tile41\"]"}
COMMAND: POST /session/b476bfaa375639e21d3f0c4d73676959/element/f.1F07B75241787BF51536F41C8FA9D570.d.05B88879957895673F804ECF55FFABDC.e.106/click - {}
RESULT: {}
COMMAND: GET /session/b476bfaa375639e21d3f0c4d73676959/screenshot - {}
RESULT: {}
COMMAND: POST /session/b476bfaa375639e21d3f0c4d73676959/elements - {"using":"xpath","value":"//span[text()='Error']"}
RESULT: {"using":"xpath","value":"//span[text()='Error']"}
RESULT: undefined
COMMAND: POST /session/b476bfaa375639e21d3f0c4d73676959/element - {"using":"xpath","value":"//*[@id=\"__tile41\"]"}
RESULT: {"using":"xpath","value":"//*[@id=\"__tile41\"]"}
COMMAND: POST /session/b476bfaa375639e21d3f0c4d73676959/element/f.1F07B75241787BF51536F41C8FA9D570.d.05B88879957895673F804ECF55FFABDC.e.106/click - {}
RESULT: undefined
COMMAND: POST /session/b476bfaa375639e21d3f0c4d73676959/element - {"using":"xpath","value":"//*[@id=\"__tile41\"]"}
RESULT: {"using":"xpath","value":"//*[@id=\"__tile41\"]"}
COMMAND: POST /session/b476bfaa375639e21d3f0c4d73676959/element/f.1F07B75241787BF51536F41C8FA9D570.d.05B88879957895673F804ECF55FFABDC.e.106/click - {}
RESULT: undefined
COMMAND: POST /session/b476bfaa375639e21d3f0c4d73676959/execute/async - {"script":"<script> [6424 bytes]","args":[{"element-6066-11e4-a52e-4f735466cecf":"f.1F07B75241787BF51536F41C8FA9D570.d.05B88879957895673F804ECF55FFABDC.e.291"},"getTitle",[]]}
COMMAND: POST /session/b476bfaa375639e21d3f0c4d73676959/execute/async - {"script":"<script> [1562 bytes]","args":[{"selector":{"id":"shellAppTitle"},"wdio_ui5_key":"shellAppTitle"}]}
RESULT: {"script":"<script> [1562 bytes]","args":[{"selector":{"id":"shellAppTitle"},"wdio_ui5_key":"shellAppTitle"}]}
COMMAND: POST /session/b476bfaa375639e21d3f0c4d73676959/execute/async - {"script":"<script> [6424 bytes]","args":[{"element-6066-11e4-a52e-4f735466cecf":"f.1F07B75241787BF51536F41C8FA9D570.d.05B88879957895673F804ECF55FFABDC.e.1277"},"getTitle",[]]}
RESULT: {"script":"<script> [6424 bytes]","args":[{"element-6066-11e4-a52e-4f735466cecf":"f.1F07B75241787BF51536F41C8FA9D570.d.05B88879957895673F804ECF55FFABDC.e.1277"},"getTitle",[]]}
RESULT: undefined
COMMAND: POST /session/b476bfaa375639e21d3f0c4d73676959/element/f.1F07B75241787BF51536F41C8FA9D570.d.05B88879957895673F804ECF55FFABDC.e.1095/click - {}
RESULT: {}
COMMAND: GET /session/b476bfaa375639e21d3f0c4d73676959/screenshot - {}
RESULT: {}
]]></system-out>
    </testcase>
    <testcase classname="chrome.136_0_7103_93.windows.Sanity_Tests_US104253" name="Should open Manage Requests page" time="37.324">
      <system-out><![CDATA[
COMMAND: POST /session/b476bfaa375639e21d3f0c4d73676959/execute/async - {"script":"<script> [1562 bytes]","args":[{"selector":{"controlType":"sap.m.GenericTile","properties":{"header":"Manage Requests"}},"wdio_ui5_key":"sapm.GenericTile{\"header\":\"Manage Requests\"}"}]}
RESULT: {"script":"<script> [1562 bytes]","args":[{"selector":{"controlType":"sap.m.GenericTile","properties":{"header":"Manage Requests"}},"wdio_ui5_key":"sapm.GenericTile{\"header\":\"Manage Requests\"}"}]}
RESULT: undefined
COMMAND: POST /session/b476bfaa375639e21d3f0c4d73676959/element - {"using":"xpath","value":"//*[@id=\"__tile47\"]"}
RESULT: {"using":"xpath","value":"//*[@id=\"__tile47\"]"}
COMMAND: POST /session/b476bfaa375639e21d3f0c4d73676959/element/f.1F07B75241787BF51536F41C8FA9D570.d.05B88879957895673F804ECF55FFABDC.e.1279/click - {}
RESULT: {}
COMMAND: GET /session/b476bfaa375639e21d3f0c4d73676959/screenshot - {}
RESULT: {}
COMMAND: POST /session/b476bfaa375639e21d3f0c4d73676959/elements - {"using":"xpath","value":"//span[text()='Error']"}
RESULT: {"using":"xpath","value":"//span[text()='Error']"}
RESULT: undefined
COMMAND: POST /session/b476bfaa375639e21d3f0c4d73676959/element - {"using":"xpath","value":"//*[@id=\"__tile47\"]"}
RESULT: {"using":"xpath","value":"//*[@id=\"__tile47\"]"}
COMMAND: POST /session/b476bfaa375639e21d3f0c4d73676959/element/f.1F07B75241787BF51536F41C8FA9D570.d.05B88879957895673F804ECF55FFABDC.e.1279/click - {}
RESULT: undefined
COMMAND: POST /session/b476bfaa375639e21d3f0c4d73676959/element - {"using":"xpath","value":"//*[@id=\"__tile47\"]"}
RESULT: {"using":"xpath","value":"//*[@id=\"__tile47\"]"}
COMMAND: POST /session/b476bfaa375639e21d3f0c4d73676959/element/f.1F07B75241787BF51536F41C8FA9D570.d.05B88879957895673F804ECF55FFABDC.e.1279/click - {}
RESULT: undefined
COMMAND: POST /session/b476bfaa375639e21d3f0c4d73676959/execute/async - {"script":"<script> [6424 bytes]","args":[{"element-6066-11e4-a52e-4f735466cecf":"f.1F07B75241787BF51536F41C8FA9D570.d.05B88879957895673F804ECF55FFABDC.e.291"},"getTitle",[]]}
COMMAND: POST /session/b476bfaa375639e21d3f0c4d73676959/execute/async - {"script":"<script> [1562 bytes]","args":[{"selector":{"id":"shellAppTitle"},"wdio_ui5_key":"shellAppTitle"}]}
RESULT: {"script":"<script> [1562 bytes]","args":[{"selector":{"id":"shellAppTitle"},"wdio_ui5_key":"shellAppTitle"}]}
COMMAND: POST /session/b476bfaa375639e21d3f0c4d73676959/execute/async - {"script":"<script> [6424 bytes]","args":[{"element-6066-11e4-a52e-4f735466cecf":"f.1F07B75241787BF51536F41C8FA9D570.d.05B88879957895673F804ECF55FFABDC.e.1375"},"getTitle",[]]}
RESULT: {"script":"<script> [6424 bytes]","args":[{"element-6066-11e4-a52e-4f735466cecf":"f.1F07B75241787BF51536F41C8FA9D570.d.05B88879957895673F804ECF55FFABDC.e.1375"},"getTitle",[]]}
RESULT: undefined
COMMAND: POST /session/b476bfaa375639e21d3f0c4d73676959/element/f.1F07B75241787BF51536F41C8FA9D570.d.05B88879957895673F804ECF55FFABDC.e.1095/click - {}
COMMAND: POST /session/b476bfaa375639e21d3f0c4d73676959/element - {"using":"xpath","value":"//*[@id=\"backBtn\"]"}
RESULT: {"using":"xpath","value":"//*[@id=\"backBtn\"]"}
COMMAND: POST /session/b476bfaa375639e21d3f0c4d73676959/element/f.1F07B75241787BF51536F41C8FA9D570.d.05B88879957895673F804ECF55FFABDC.e.1095/click - {}
COMMAND: POST /session/b476bfaa375639e21d3f0c4d73676959/element - {"using":"xpath","value":"//*[@id=\"backBtn\"]"}
RESULT: {"using":"xpath","value":"//*[@id=\"backBtn\"]"}
COMMAND: POST /session/b476bfaa375639e21d3f0c4d73676959/element/f.1F07B75241787BF51536F41C8FA9D570.d.05B88879957895673F804ECF55FFABDC.e.1376/click - {}
RESULT: {}
COMMAND: GET /session/b476bfaa375639e21d3f0c4d73676959/screenshot - {}
RESULT: {}
]]></system-out>
    </testcase>
    <testcase classname="chrome.136_0_7103_93.windows.Sanity_Tests_US104253" name="Should open Manage Purchasing page" time="38.516">
      <system-out><![CDATA[
COMMAND: POST /session/b476bfaa375639e21d3f0c4d73676959/execute/async - {"script":"<script> [1562 bytes]","args":[{"selector":{"controlType":"sap.m.GenericTile","properties":{"header":"Manage Purchasing"}},"wdio_ui5_key":"sapm.GenericTile{\"header\":\"Manage Purchasing\"}"}]}
RESULT: {"script":"<script> [1562 bytes]","args":[{"selector":{"controlType":"sap.m.GenericTile","properties":{"header":"Manage Purchasing"}},"wdio_ui5_key":"sapm.GenericTile{\"header\":\"Manage Purchasing\"}"}]}
RESULT: undefined
COMMAND: POST /session/b476bfaa375639e21d3f0c4d73676959/element - {"using":"xpath","value":"//*[@id=\"__tile46\"]"}
RESULT: {"using":"xpath","value":"//*[@id=\"__tile46\"]"}
COMMAND: POST /session/b476bfaa375639e21d3f0c4d73676959/element/f.1F07B75241787BF51536F41C8FA9D570.d.05B88879957895673F804ECF55FFABDC.e.1379/click - {}
RESULT: {}
COMMAND: GET /session/b476bfaa375639e21d3f0c4d73676959/screenshot - {}
RESULT: {}
COMMAND: POST /session/b476bfaa375639e21d3f0c4d73676959/elements - {"using":"xpath","value":"//span[text()='Error']"}
RESULT: {"using":"xpath","value":"//span[text()='Error']"}
RESULT: undefined
COMMAND: POST /session/b476bfaa375639e21d3f0c4d73676959/element - {"using":"xpath","value":"//*[@id=\"__tile46\"]"}
RESULT: {"using":"xpath","value":"//*[@id=\"__tile46\"]"}
COMMAND: POST /session/b476bfaa375639e21d3f0c4d73676959/element/f.1F07B75241787BF51536F41C8FA9D570.d.05B88879957895673F804ECF55FFABDC.e.1379/click - {}
RESULT: undefined
COMMAND: POST /session/b476bfaa375639e21d3f0c4d73676959/element - {"using":"xpath","value":"//*[@id=\"__tile46\"]"}
RESULT: {"using":"xpath","value":"//*[@id=\"__tile46\"]"}
COMMAND: POST /session/b476bfaa375639e21d3f0c4d73676959/element/f.1F07B75241787BF51536F41C8FA9D570.d.05B88879957895673F804ECF55FFABDC.e.1379/click - {}
RESULT: undefined
COMMAND: POST /session/b476bfaa375639e21d3f0c4d73676959/execute/async - {"script":"<script> [6424 bytes]","args":[{"element-6066-11e4-a52e-4f735466cecf":"f.1F07B75241787BF51536F41C8FA9D570.d.05B88879957895673F804ECF55FFABDC.e.291"},"getTitle",[]]}
COMMAND: POST /session/b476bfaa375639e21d3f0c4d73676959/execute/async - {"script":"<script> [1562 bytes]","args":[{"selector":{"id":"shellAppTitle"},"wdio_ui5_key":"shellAppTitle"}]}
RESULT: {"script":"<script> [1562 bytes]","args":[{"selector":{"id":"shellAppTitle"},"wdio_ui5_key":"shellAppTitle"}]}
COMMAND: POST /session/b476bfaa375639e21d3f0c4d73676959/execute/async - {"script":"<script> [6424 bytes]","args":[{"element-6066-11e4-a52e-4f735466cecf":"f.1F07B75241787BF51536F41C8FA9D570.d.05B88879957895673F804ECF55FFABDC.e.1451"},"getTitle",[]]}
RESULT: {"script":"<script> [6424 bytes]","args":[{"element-6066-11e4-a52e-4f735466cecf":"f.1F07B75241787BF51536F41C8FA9D570.d.05B88879957895673F804ECF55FFABDC.e.1451"},"getTitle",[]]}
RESULT: undefined
COMMAND: POST /session/b476bfaa375639e21d3f0c4d73676959/element/f.1F07B75241787BF51536F41C8FA9D570.d.05B88879957895673F804ECF55FFABDC.e.1376/click - {}
RESULT: {}
COMMAND: GET /session/b476bfaa375639e21d3f0c4d73676959/screenshot - {}
RESULT: {}
]]></system-out>
    </testcase>
    <testcase classname="chrome.136_0_7103_93.windows.Sanity_Tests_US104253" name="Should open Planning Board page" time="38.493">
      <system-out><![CDATA[
COMMAND: POST /session/b476bfaa375639e21d3f0c4d73676959/execute/async - {"script":"<script> [1562 bytes]","args":[{"selector":{"controlType":"sap.m.GenericTile","properties":{"header":"Planning Board"}},"wdio_ui5_key":"sapm.GenericTile{\"header\":\"Planning Board\"}"}]}
RESULT: {"script":"<script> [1562 bytes]","args":[{"selector":{"controlType":"sap.m.GenericTile","properties":{"header":"Planning Board"}},"wdio_ui5_key":"sapm.GenericTile{\"header\":\"Planning Board\"}"}]}
RESULT: undefined
COMMAND: POST /session/b476bfaa375639e21d3f0c4d73676959/element - {"using":"xpath","value":"//*[@id=\"__tile131\"]"}
RESULT: {"using":"xpath","value":"//*[@id=\"__tile131\"]"}
COMMAND: POST /session/b476bfaa375639e21d3f0c4d73676959/element/f.1F07B75241787BF51536F41C8FA9D570.d.05B88879957895673F804ECF55FFABDC.e.1453/click - {}
RESULT: {}
COMMAND: GET /session/b476bfaa375639e21d3f0c4d73676959/screenshot - {}
RESULT: {}
COMMAND: POST /session/b476bfaa375639e21d3f0c4d73676959/elements - {"using":"xpath","value":"//span[text()='Error']"}
RESULT: {"using":"xpath","value":"//span[text()='Error']"}
RESULT: undefined
COMMAND: POST /session/b476bfaa375639e21d3f0c4d73676959/element - {"using":"xpath","value":"//*[@id=\"__tile131\"]"}
RESULT: {"using":"xpath","value":"//*[@id=\"__tile131\"]"}
COMMAND: POST /session/b476bfaa375639e21d3f0c4d73676959/element/f.1F07B75241787BF51536F41C8FA9D570.d.05B88879957895673F804ECF55FFABDC.e.1453/click - {}
RESULT: undefined
COMMAND: POST /session/b476bfaa375639e21d3f0c4d73676959/element - {"using":"xpath","value":"//*[@id=\"__tile131\"]"}
RESULT: {"using":"xpath","value":"//*[@id=\"__tile131\"]"}
COMMAND: POST /session/b476bfaa375639e21d3f0c4d73676959/element/f.1F07B75241787BF51536F41C8FA9D570.d.05B88879957895673F804ECF55FFABDC.e.1453/click - {}
RESULT: undefined
COMMAND: POST /session/b476bfaa375639e21d3f0c4d73676959/execute/async - {"script":"<script> [6424 bytes]","args":[{"element-6066-11e4-a52e-4f735466cecf":"f.1F07B75241787BF51536F41C8FA9D570.d.05B88879957895673F804ECF55FFABDC.e.291"},"getTitle",[]]}
COMMAND: POST /session/b476bfaa375639e21d3f0c4d73676959/execute/async - {"script":"<script> [1562 bytes]","args":[{"selector":{"id":"shellAppTitle"},"wdio_ui5_key":"shellAppTitle"}]}
RESULT: {"script":"<script> [1562 bytes]","args":[{"selector":{"id":"shellAppTitle"},"wdio_ui5_key":"shellAppTitle"}]}
COMMAND: POST /session/b476bfaa375639e21d3f0c4d73676959/execute/async - {"script":"<script> [6424 bytes]","args":[{"element-6066-11e4-a52e-4f735466cecf":"f.1F07B75241787BF51536F41C8FA9D570.d.05B88879957895673F804ECF55FFABDC.e.1500"},"getTitle",[]]}
RESULT: {"script":"<script> [6424 bytes]","args":[{"element-6066-11e4-a52e-4f735466cecf":"f.1F07B75241787BF51536F41C8FA9D570.d.05B88879957895673F804ECF55FFABDC.e.1500"},"getTitle",[]]}
RESULT: undefined
COMMAND: POST /session/b476bfaa375639e21d3f0c4d73676959/element/f.1F07B75241787BF51536F41C8FA9D570.d.05B88879957895673F804ECF55FFABDC.e.1376/click - {}
COMMAND: POST /session/b476bfaa375639e21d3f0c4d73676959/element/f.1F07B75241787BF51536F41C8FA9D570.d.05B88879957895673F804ECF55FFABDC.e.1376/click - {}
COMMAND: POST /session/b476bfaa375639e21d3f0c4d73676959/element - {"using":"xpath","value":"//*[@id=\"backBtn\"]"}
COMMAND: POST /session/b476bfaa375639e21d3f0c4d73676959/element - {"using":"xpath","value":"//*[@id=\"backBtn\"]"}
RESULT: {"using":"xpath","value":"//*[@id=\"backBtn\"]"}
COMMAND: POST /session/b476bfaa375639e21d3f0c4d73676959/element/f.1F07B75241787BF51536F41C8FA9D570.d.05B88879957895673F804ECF55FFABDC.e.1376/click - {}
RESULT: {"using":"xpath","value":"//*[@id=\"backBtn\"]"}
COMMAND: POST /session/b476bfaa375639e21d3f0c4d73676959/element/f.1F07B75241787BF51536F41C8FA9D570.d.05B88879957895673F804ECF55FFABDC.e.1376/click - {}
COMMAND: POST /session/b476bfaa375639e21d3f0c4d73676959/element - {"using":"xpath","value":"//*[@id=\"backBtn\"]"}
COMMAND: POST /session/b476bfaa375639e21d3f0c4d73676959/element - {"using":"xpath","value":"//*[@id=\"backBtn\"]"}
RESULT: {"using":"xpath","value":"//*[@id=\"backBtn\"]"}
COMMAND: POST /session/b476bfaa375639e21d3f0c4d73676959/element/f.1F07B75241787BF51536F41C8FA9D570.d.05B88879957895673F804ECF55FFABDC.e.1501/click - {}
RESULT: {"using":"xpath","value":"//*[@id=\"backBtn\"]"}
COMMAND: POST /session/b476bfaa375639e21d3f0c4d73676959/element/f.1F07B75241787BF51536F41C8FA9D570.d.05B88879957895673F804ECF55FFABDC.e.1501/click - {}
RESULT: {}
COMMAND: GET /session/b476bfaa375639e21d3f0c4d73676959/screenshot - {}
RESULT: {}
COMMAND: GET /session/b476bfaa375639e21d3f0c4d73676959/screenshot - {}
RESULT: {}
RESULT: {}
]]></system-out>
    </testcase>
    <testcase classname="chrome.136_0_7103_93.windows.Sanity_Tests_US104253" name="Should open Manage Contracts page" time="42.697">
      <system-out><![CDATA[
COMMAND: POST /session/b476bfaa375639e21d3f0c4d73676959/execute/async - {"script":"<script> [1562 bytes]","args":[{"selector":{"controlType":"sap.m.GenericTile","properties":{"header":"Manage Contracts"}},"wdio_ui5_key":"sapm.GenericTile{\"header\":\"Manage Contracts\"}"}]}
RESULT: {"script":"<script> [1562 bytes]","args":[{"selector":{"controlType":"sap.m.GenericTile","properties":{"header":"Manage Contracts"}},"wdio_ui5_key":"sapm.GenericTile{\"header\":\"Manage Contracts\"}"}]}
RESULT: undefined
COMMAND: POST /session/b476bfaa375639e21d3f0c4d73676959/element - {"using":"xpath","value":"//*[@id=\"__tile130\"]"}
RESULT: {"using":"xpath","value":"//*[@id=\"__tile130\"]"}
COMMAND: POST /session/b476bfaa375639e21d3f0c4d73676959/element/f.1F07B75241787BF51536F41C8FA9D570.d.05B88879957895673F804ECF55FFABDC.e.1503/click - {}
RESULT: {}
COMMAND: GET /session/b476bfaa375639e21d3f0c4d73676959/screenshot - {}
RESULT: {}
COMMAND: POST /session/b476bfaa375639e21d3f0c4d73676959/elements - {"using":"xpath","value":"//span[text()='Error']"}
RESULT: {"using":"xpath","value":"//span[text()='Error']"}
RESULT: undefined
COMMAND: POST /session/b476bfaa375639e21d3f0c4d73676959/element - {"using":"xpath","value":"//*[@id=\"__tile130\"]"}
RESULT: {"using":"xpath","value":"//*[@id=\"__tile130\"]"}
COMMAND: POST /session/b476bfaa375639e21d3f0c4d73676959/element/f.1F07B75241787BF51536F41C8FA9D570.d.05B88879957895673F804ECF55FFABDC.e.1503/click - {}
RESULT: undefined
COMMAND: POST /session/b476bfaa375639e21d3f0c4d73676959/element - {"using":"xpath","value":"//*[@id=\"__tile130\"]"}
RESULT: {"using":"xpath","value":"//*[@id=\"__tile130\"]"}
COMMAND: POST /session/b476bfaa375639e21d3f0c4d73676959/element/f.1F07B75241787BF51536F41C8FA9D570.d.05B88879957895673F804ECF55FFABDC.e.1503/click - {}
RESULT: undefined
COMMAND: POST /session/b476bfaa375639e21d3f0c4d73676959/execute/async - {"script":"<script> [6424 bytes]","args":[{"element-6066-11e4-a52e-4f735466cecf":"f.1F07B75241787BF51536F41C8FA9D570.d.05B88879957895673F804ECF55FFABDC.e.291"},"getTitle",[]]}
COMMAND: POST /session/b476bfaa375639e21d3f0c4d73676959/execute/async - {"script":"<script> [1562 bytes]","args":[{"selector":{"id":"shellAppTitle"},"wdio_ui5_key":"shellAppTitle"}]}
RESULT: {"script":"<script> [1562 bytes]","args":[{"selector":{"id":"shellAppTitle"},"wdio_ui5_key":"shellAppTitle"}]}
COMMAND: POST /session/b476bfaa375639e21d3f0c4d73676959/execute/async - {"script":"<script> [6424 bytes]","args":[{"element-6066-11e4-a52e-4f735466cecf":"f.1F07B75241787BF51536F41C8FA9D570.d.05B88879957895673F804ECF55FFABDC.e.1571"},"getTitle",[]]}
RESULT: {"script":"<script> [6424 bytes]","args":[{"element-6066-11e4-a52e-4f735466cecf":"f.1F07B75241787BF51536F41C8FA9D570.d.05B88879957895673F804ECF55FFABDC.e.1571"},"getTitle",[]]}
RESULT: undefined
COMMAND: POST /session/b476bfaa375639e21d3f0c4d73676959/element/f.1F07B75241787BF51536F41C8FA9D570.d.05B88879957895673F804ECF55FFABDC.e.1501/click - {}
RESULT: {}
COMMAND: GET /session/b476bfaa375639e21d3f0c4d73676959/screenshot - {}
RESULT: {}
]]></system-out>
    </testcase>
    <testcase classname="chrome.136_0_7103_93.windows.Sanity_Tests_US104253" name="Should open Manage Quotations page" time="39.415">
      <system-out><![CDATA[
COMMAND: POST /session/b476bfaa375639e21d3f0c4d73676959/execute/async - {"script":"<script> [1562 bytes]","args":[{"selector":{"controlType":"sap.m.GenericTile","properties":{"header":"Manage Quotations"}},"wdio_ui5_key":"sapm.GenericTile{\"header\":\"Manage Quotations\"}"}]}
RESULT: {"script":"<script> [1562 bytes]","args":[{"selector":{"controlType":"sap.m.GenericTile","properties":{"header":"Manage Quotations"}},"wdio_ui5_key":"sapm.GenericTile{\"header\":\"Manage Quotations\"}"}]}
RESULT: undefined
COMMAND: POST /session/b476bfaa375639e21d3f0c4d73676959/element - {"using":"xpath","value":"//*[@id=\"__tile132\"]"}
RESULT: {"using":"xpath","value":"//*[@id=\"__tile132\"]"}
COMMAND: POST /session/b476bfaa375639e21d3f0c4d73676959/element/f.1F07B75241787BF51536F41C8FA9D570.d.05B88879957895673F804ECF55FFABDC.e.1573/click - {}
RESULT: {}
COMMAND: GET /session/b476bfaa375639e21d3f0c4d73676959/screenshot - {}
RESULT: {}
COMMAND: POST /session/b476bfaa375639e21d3f0c4d73676959/elements - {"using":"xpath","value":"//span[text()='Error']"}
RESULT: {"using":"xpath","value":"//span[text()='Error']"}
RESULT: undefined
COMMAND: POST /session/b476bfaa375639e21d3f0c4d73676959/element - {"using":"xpath","value":"//*[@id=\"__tile132\"]"}
RESULT: {"using":"xpath","value":"//*[@id=\"__tile132\"]"}
COMMAND: POST /session/b476bfaa375639e21d3f0c4d73676959/element/f.1F07B75241787BF51536F41C8FA9D570.d.05B88879957895673F804ECF55FFABDC.e.1573/click - {}
RESULT: undefined
COMMAND: POST /session/b476bfaa375639e21d3f0c4d73676959/element - {"using":"xpath","value":"//*[@id=\"__tile132\"]"}
RESULT: {"using":"xpath","value":"//*[@id=\"__tile132\"]"}
COMMAND: POST /session/b476bfaa375639e21d3f0c4d73676959/element/f.1F07B75241787BF51536F41C8FA9D570.d.05B88879957895673F804ECF55FFABDC.e.1573/click - {}
RESULT: undefined
COMMAND: POST /session/b476bfaa375639e21d3f0c4d73676959/execute/async - {"script":"<script> [6424 bytes]","args":[{"element-6066-11e4-a52e-4f735466cecf":"f.1F07B75241787BF51536F41C8FA9D570.d.05B88879957895673F804ECF55FFABDC.e.291"},"getTitle",[]]}
COMMAND: POST /session/b476bfaa375639e21d3f0c4d73676959/execute/async - {"script":"<script> [1562 bytes]","args":[{"selector":{"id":"shellAppTitle"},"wdio_ui5_key":"shellAppTitle"}]}
RESULT: {"script":"<script> [1562 bytes]","args":[{"selector":{"id":"shellAppTitle"},"wdio_ui5_key":"shellAppTitle"}]}
COMMAND: POST /session/b476bfaa375639e21d3f0c4d73676959/execute/async - {"script":"<script> [6424 bytes]","args":[{"element-6066-11e4-a52e-4f735466cecf":"f.1F07B75241787BF51536F41C8FA9D570.d.05B88879957895673F804ECF55FFABDC.e.1646"},"getTitle",[]]}
RESULT: {"script":"<script> [6424 bytes]","args":[{"element-6066-11e4-a52e-4f735466cecf":"f.1F07B75241787BF51536F41C8FA9D570.d.05B88879957895673F804ECF55FFABDC.e.1646"},"getTitle",[]]}
RESULT: undefined
COMMAND: POST /session/b476bfaa375639e21d3f0c4d73676959/element/f.1F07B75241787BF51536F41C8FA9D570.d.05B88879957895673F804ECF55FFABDC.e.1501/click - {}
COMMAND: POST /session/b476bfaa375639e21d3f0c4d73676959/element - {"using":"xpath","value":"//*[@id=\"backBtn\"]"}
RESULT: {"using":"xpath","value":"//*[@id=\"backBtn\"]"}
COMMAND: POST /session/b476bfaa375639e21d3f0c4d73676959/element/f.1F07B75241787BF51536F41C8FA9D570.d.05B88879957895673F804ECF55FFABDC.e.1501/click - {}
COMMAND: POST /session/b476bfaa375639e21d3f0c4d73676959/element - {"using":"xpath","value":"//*[@id=\"backBtn\"]"}
RESULT: {"using":"xpath","value":"//*[@id=\"backBtn\"]"}
COMMAND: POST /session/b476bfaa375639e21d3f0c4d73676959/element/f.1F07B75241787BF51536F41C8FA9D570.d.05B88879957895673F804ECF55FFABDC.e.1647/click - {}
RESULT: {}
COMMAND: GET /session/b476bfaa375639e21d3f0c4d73676959/screenshot - {}
RESULT: {}
]]></system-out>
    </testcase>
    <testcase classname="chrome.136_0_7103_93.windows.Sanity_Tests_US104253" name="Should open Manage Handovers page" time="40.393">
      <system-out><![CDATA[
COMMAND: POST /session/b476bfaa375639e21d3f0c4d73676959/execute/async - {"script":"<script> [1562 bytes]","args":[{"selector":{"controlType":"sap.m.GenericTile","properties":{"header":"Manage Handovers"}},"wdio_ui5_key":"sapm.GenericTile{\"header\":\"Manage Handovers\"}"}]}
RESULT: {"script":"<script> [1562 bytes]","args":[{"selector":{"controlType":"sap.m.GenericTile","properties":{"header":"Manage Handovers"}},"wdio_ui5_key":"sapm.GenericTile{\"header\":\"Manage Handovers\"}"}]}
RESULT: undefined
COMMAND: POST /session/b476bfaa375639e21d3f0c4d73676959/element - {"using":"xpath","value":"//*[@id=\"__tile133\"]"}
RESULT: {"using":"xpath","value":"//*[@id=\"__tile133\"]"}
COMMAND: POST /session/b476bfaa375639e21d3f0c4d73676959/element/f.1F07B75241787BF51536F41C8FA9D570.d.05B88879957895673F804ECF55FFABDC.e.1649/click - {}
RESULT: {}
COMMAND: GET /session/b476bfaa375639e21d3f0c4d73676959/screenshot - {}
RESULT: {}
COMMAND: POST /session/b476bfaa375639e21d3f0c4d73676959/elements - {"using":"xpath","value":"//span[text()='Error']"}
RESULT: {"using":"xpath","value":"//span[text()='Error']"}
RESULT: undefined
COMMAND: POST /session/b476bfaa375639e21d3f0c4d73676959/element - {"using":"xpath","value":"//*[@id=\"__tile133\"]"}
RESULT: {"using":"xpath","value":"//*[@id=\"__tile133\"]"}
COMMAND: POST /session/b476bfaa375639e21d3f0c4d73676959/element/f.1F07B75241787BF51536F41C8FA9D570.d.05B88879957895673F804ECF55FFABDC.e.1649/click - {}
RESULT: undefined
COMMAND: POST /session/b476bfaa375639e21d3f0c4d73676959/element - {"using":"xpath","value":"//*[@id=\"__tile133\"]"}
RESULT: {"using":"xpath","value":"//*[@id=\"__tile133\"]"}
COMMAND: POST /session/b476bfaa375639e21d3f0c4d73676959/element/f.1F07B75241787BF51536F41C8FA9D570.d.05B88879957895673F804ECF55FFABDC.e.1649/click - {}
RESULT: undefined
COMMAND: POST /session/b476bfaa375639e21d3f0c4d73676959/execute/async - {"script":"<script> [6424 bytes]","args":[{"element-6066-11e4-a52e-4f735466cecf":"f.1F07B75241787BF51536F41C8FA9D570.d.05B88879957895673F804ECF55FFABDC.e.291"},"getTitle",[]]}
COMMAND: POST /session/b476bfaa375639e21d3f0c4d73676959/execute/async - {"script":"<script> [1562 bytes]","args":[{"selector":{"id":"shellAppTitle"},"wdio_ui5_key":"shellAppTitle"}]}
RESULT: {"script":"<script> [1562 bytes]","args":[{"selector":{"id":"shellAppTitle"},"wdio_ui5_key":"shellAppTitle"}]}
COMMAND: POST /session/b476bfaa375639e21d3f0c4d73676959/execute/async - {"script":"<script> [6424 bytes]","args":[{"element-6066-11e4-a52e-4f735466cecf":"f.1F07B75241787BF51536F41C8FA9D570.d.05B88879957895673F804ECF55FFABDC.e.1748"},"getTitle",[]]}
RESULT: {"script":"<script> [6424 bytes]","args":[{"element-6066-11e4-a52e-4f735466cecf":"f.1F07B75241787BF51536F41C8FA9D570.d.05B88879957895673F804ECF55FFABDC.e.1748"},"getTitle",[]]}
RESULT: undefined
COMMAND: POST /session/b476bfaa375639e21d3f0c4d73676959/element/f.1F07B75241787BF51536F41C8FA9D570.d.05B88879957895673F804ECF55FFABDC.e.1647/click - {}
RESULT: {}
COMMAND: GET /session/b476bfaa375639e21d3f0c4d73676959/screenshot - {}
RESULT: {}
]]></system-out>
    </testcase>
    <testcase classname="chrome.136_0_7103_93.windows.Sanity_Tests_US104253" name="Should open Delivery Monitor page" time="38.705">
      <system-out><![CDATA[
COMMAND: POST /session/b476bfaa375639e21d3f0c4d73676959/execute/async - {"script":"<script> [1562 bytes]","args":[{"selector":{"controlType":"sap.m.GenericTile","properties":{"header":"Delivery Monitor"}},"wdio_ui5_key":"sapm.GenericTile{\"header\":\"Delivery Monitor\"}"}]}
RESULT: {"script":"<script> [1562 bytes]","args":[{"selector":{"controlType":"sap.m.GenericTile","properties":{"header":"Delivery Monitor"}},"wdio_ui5_key":"sapm.GenericTile{\"header\":\"Delivery Monitor\"}"}]}
RESULT: undefined
COMMAND: POST /session/b476bfaa375639e21d3f0c4d73676959/element - {"using":"xpath","value":"//*[@id=\"__tile43\"]"}
RESULT: {"using":"xpath","value":"//*[@id=\"__tile43\"]"}
COMMAND: POST /session/b476bfaa375639e21d3f0c4d73676959/element/f.1F07B75241787BF51536F41C8FA9D570.d.05B88879957895673F804ECF55FFABDC.e.1750/click - {}
RESULT: {}
COMMAND: GET /session/b476bfaa375639e21d3f0c4d73676959/screenshot - {}
RESULT: {}
COMMAND: POST /session/b476bfaa375639e21d3f0c4d73676959/elements - {"using":"xpath","value":"//span[text()='Error']"}
RESULT: {"using":"xpath","value":"//span[text()='Error']"}
RESULT: undefined
COMMAND: POST /session/b476bfaa375639e21d3f0c4d73676959/element - {"using":"xpath","value":"//*[@id=\"__tile43\"]"}
RESULT: {"using":"xpath","value":"//*[@id=\"__tile43\"]"}
COMMAND: POST /session/b476bfaa375639e21d3f0c4d73676959/element/f.1F07B75241787BF51536F41C8FA9D570.d.05B88879957895673F804ECF55FFABDC.e.1750/click - {}
RESULT: undefined
COMMAND: POST /session/b476bfaa375639e21d3f0c4d73676959/element - {"using":"xpath","value":"//*[@id=\"__tile43\"]"}
RESULT: {"using":"xpath","value":"//*[@id=\"__tile43\"]"}
COMMAND: POST /session/b476bfaa375639e21d3f0c4d73676959/element/f.1F07B75241787BF51536F41C8FA9D570.d.05B88879957895673F804ECF55FFABDC.e.1750/click - {}
RESULT: undefined
COMMAND: POST /session/b476bfaa375639e21d3f0c4d73676959/execute/async - {"script":"<script> [6424 bytes]","args":[{"element-6066-11e4-a52e-4f735466cecf":"f.1F07B75241787BF51536F41C8FA9D570.d.05B88879957895673F804ECF55FFABDC.e.291"},"getTitle",[]]}
COMMAND: POST /session/b476bfaa375639e21d3f0c4d73676959/execute/async - {"script":"<script> [1562 bytes]","args":[{"selector":{"id":"shellAppTitle"},"wdio_ui5_key":"shellAppTitle"}]}
RESULT: {"script":"<script> [1562 bytes]","args":[{"selector":{"id":"shellAppTitle"},"wdio_ui5_key":"shellAppTitle"}]}
COMMAND: POST /session/b476bfaa375639e21d3f0c4d73676959/execute/async - {"script":"<script> [6424 bytes]","args":[{"element-6066-11e4-a52e-4f735466cecf":"f.1F07B75241787BF51536F41C8FA9D570.d.05B88879957895673F804ECF55FFABDC.e.1843"},"getTitle",[]]}
RESULT: {"script":"<script> [6424 bytes]","args":[{"element-6066-11e4-a52e-4f735466cecf":"f.1F07B75241787BF51536F41C8FA9D570.d.05B88879957895673F804ECF55FFABDC.e.1843"},"getTitle",[]]}
RESULT: undefined
COMMAND: POST /session/b476bfaa375639e21d3f0c4d73676959/element/f.1F07B75241787BF51536F41C8FA9D570.d.05B88879957895673F804ECF55FFABDC.e.1647/click - {}
COMMAND: POST /session/b476bfaa375639e21d3f0c4d73676959/element - {"using":"xpath","value":"//*[@id=\"backBtn\"]"}
RESULT: {"using":"xpath","value":"//*[@id=\"backBtn\"]"}
COMMAND: POST /session/b476bfaa375639e21d3f0c4d73676959/element/f.1F07B75241787BF51536F41C8FA9D570.d.05B88879957895673F804ECF55FFABDC.e.1647/click - {}
COMMAND: POST /session/b476bfaa375639e21d3f0c4d73676959/element - {"using":"xpath","value":"//*[@id=\"backBtn\"]"}
RESULT: {"using":"xpath","value":"//*[@id=\"backBtn\"]"}
COMMAND: POST /session/b476bfaa375639e21d3f0c4d73676959/element/f.1F07B75241787BF51536F41C8FA9D570.d.05B88879957895673F804ECF55FFABDC.e.1844/click - {}
RESULT: {}
COMMAND: GET /session/b476bfaa375639e21d3f0c4d73676959/screenshot - {}
RESULT: {}
]]></system-out>
    </testcase>
    <testcase classname="chrome.136_0_7103_93.windows.Sanity_Tests_US104253" name="Should open Manage Calendar Exceptions page" time="38.418">
      <system-out><![CDATA[
COMMAND: POST /session/b476bfaa375639e21d3f0c4d73676959/execute/async - {"script":"<script> [1562 bytes]","args":[{"selector":{"controlType":"sap.m.GenericTile","properties":{"header":"Manage Calendar Exceptions"}},"wdio_ui5_key":"sapm.GenericTile{\"header\":\"Manage Calendar Exceptions\"}"}]}
RESULT: {"script":"<script> [1562 bytes]","args":[{"selector":{"controlType":"sap.m.GenericTile","properties":{"header":"Manage Calendar Exceptions"}},"wdio_ui5_key":"sapm.GenericTile{\"header\":\"Manage Calendar Exceptions\"}"}]}
RESULT: undefined
COMMAND: POST /session/b476bfaa375639e21d3f0c4d73676959/element - {"using":"xpath","value":"//*[@id=\"__tile52\"]"}
RESULT: {"using":"xpath","value":"//*[@id=\"__tile52\"]"}
COMMAND: POST /session/b476bfaa375639e21d3f0c4d73676959/element/f.1F07B75241787BF51536F41C8FA9D570.d.05B88879957895673F804ECF55FFABDC.e.1846/click - {}
RESULT: {}
COMMAND: GET /session/b476bfaa375639e21d3f0c4d73676959/screenshot - {}
RESULT: {}
COMMAND: POST /session/b476bfaa375639e21d3f0c4d73676959/elements - {"using":"xpath","value":"//span[text()='Error']"}
RESULT: {"using":"xpath","value":"//span[text()='Error']"}
RESULT: undefined
COMMAND: POST /session/b476bfaa375639e21d3f0c4d73676959/element - {"using":"xpath","value":"//*[@id=\"__tile52\"]"}
RESULT: {"using":"xpath","value":"//*[@id=\"__tile52\"]"}
COMMAND: POST /session/b476bfaa375639e21d3f0c4d73676959/element/f.1F07B75241787BF51536F41C8FA9D570.d.05B88879957895673F804ECF55FFABDC.e.1846/click - {}
RESULT: undefined
COMMAND: POST /session/b476bfaa375639e21d3f0c4d73676959/element - {"using":"xpath","value":"//*[@id=\"__tile52\"]"}
RESULT: {"using":"xpath","value":"//*[@id=\"__tile52\"]"}
COMMAND: POST /session/b476bfaa375639e21d3f0c4d73676959/element/f.1F07B75241787BF51536F41C8FA9D570.d.05B88879957895673F804ECF55FFABDC.e.1846/click - {}
RESULT: undefined
COMMAND: POST /session/b476bfaa375639e21d3f0c4d73676959/execute/async - {"script":"<script> [6424 bytes]","args":[{"element-6066-11e4-a52e-4f735466cecf":"f.1F07B75241787BF51536F41C8FA9D570.d.05B88879957895673F804ECF55FFABDC.e.291"},"getTitle",[]]}
COMMAND: POST /session/b476bfaa375639e21d3f0c4d73676959/execute/async - {"script":"<script> [1562 bytes]","args":[{"selector":{"id":"shellAppTitle"},"wdio_ui5_key":"shellAppTitle"}]}
RESULT: {"script":"<script> [1562 bytes]","args":[{"selector":{"id":"shellAppTitle"},"wdio_ui5_key":"shellAppTitle"}]}
COMMAND: POST /session/b476bfaa375639e21d3f0c4d73676959/execute/async - {"script":"<script> [6424 bytes]","args":[{"element-6066-11e4-a52e-4f735466cecf":"f.1F07B75241787BF51536F41C8FA9D570.d.05B88879957895673F804ECF55FFABDC.e.1900"},"getTitle",[]]}
RESULT: {"script":"<script> [6424 bytes]","args":[{"element-6066-11e4-a52e-4f735466cecf":"f.1F07B75241787BF51536F41C8FA9D570.d.05B88879957895673F804ECF55FFABDC.e.1900"},"getTitle",[]]}
RESULT: undefined
COMMAND: POST /session/b476bfaa375639e21d3f0c4d73676959/element/f.1F07B75241787BF51536F41C8FA9D570.d.05B88879957895673F804ECF55FFABDC.e.1844/click - {}
RESULT: {}
COMMAND: GET /session/b476bfaa375639e21d3f0c4d73676959/screenshot - {}
RESULT: {}
]]></system-out>
    </testcase>
    <testcase classname="chrome.136_0_7103_93.windows.Sanity_Tests_US104253" name="Should open Manage States Performance page" time="40.138">
      <system-out><![CDATA[
COMMAND: POST /session/b476bfaa375639e21d3f0c4d73676959/execute/async - {"script":"<script> [1562 bytes]","args":[{"selector":{"controlType":"sap.m.GenericTile","properties":{"header":"Manage States & Performance"}},"wdio_ui5_key":"sapm.GenericTile{\"header\":\"Manage States & Performance\"}"}]}
RESULT: {"script":"<script> [1562 bytes]","args":[{"selector":{"controlType":"sap.m.GenericTile","properties":{"header":"Manage States & Performance"}},"wdio_ui5_key":"sapm.GenericTile{\"header\":\"Manage States & Performance\"}"}]}
RESULT: undefined
COMMAND: POST /session/b476bfaa375639e21d3f0c4d73676959/element - {"using":"xpath","value":"//*[@id=\"__tile56\"]"}
RESULT: {"using":"xpath","value":"//*[@id=\"__tile56\"]"}
COMMAND: POST /session/b476bfaa375639e21d3f0c4d73676959/element/f.1F07B75241787BF51536F41C8FA9D570.d.05B88879957895673F804ECF55FFABDC.e.1904/click - {}
RESULT: {}
COMMAND: GET /session/b476bfaa375639e21d3f0c4d73676959/screenshot - {}
RESULT: {}
COMMAND: POST /session/b476bfaa375639e21d3f0c4d73676959/elements - {"using":"xpath","value":"//span[text()='Error']"}
RESULT: {"using":"xpath","value":"//span[text()='Error']"}
RESULT: undefined
COMMAND: POST /session/b476bfaa375639e21d3f0c4d73676959/element - {"using":"xpath","value":"//*[@id=\"__tile56\"]"}
RESULT: {"using":"xpath","value":"//*[@id=\"__tile56\"]"}
COMMAND: POST /session/b476bfaa375639e21d3f0c4d73676959/element/f.1F07B75241787BF51536F41C8FA9D570.d.05B88879957895673F804ECF55FFABDC.e.1904/click - {}
RESULT: undefined
COMMAND: POST /session/b476bfaa375639e21d3f0c4d73676959/element - {"using":"xpath","value":"//*[@id=\"__tile56\"]"}
RESULT: {"using":"xpath","value":"//*[@id=\"__tile56\"]"}
COMMAND: POST /session/b476bfaa375639e21d3f0c4d73676959/element/f.1F07B75241787BF51536F41C8FA9D570.d.05B88879957895673F804ECF55FFABDC.e.1904/click - {}
RESULT: undefined
COMMAND: POST /session/b476bfaa375639e21d3f0c4d73676959/execute/async - {"script":"<script> [6424 bytes]","args":[{"element-6066-11e4-a52e-4f735466cecf":"f.1F07B75241787BF51536F41C8FA9D570.d.05B88879957895673F804ECF55FFABDC.e.291"},"getTitle",[]]}
COMMAND: POST /session/b476bfaa375639e21d3f0c4d73676959/execute/async - {"script":"<script> [1562 bytes]","args":[{"selector":{"id":"shellAppTitle"},"wdio_ui5_key":"shellAppTitle"}]}
RESULT: {"script":"<script> [1562 bytes]","args":[{"selector":{"id":"shellAppTitle"},"wdio_ui5_key":"shellAppTitle"}]}
COMMAND: POST /session/b476bfaa375639e21d3f0c4d73676959/execute/async - {"script":"<script> [6424 bytes]","args":[{"element-6066-11e4-a52e-4f735466cecf":"f.1F07B75241787BF51536F41C8FA9D570.d.05B88879957895673F804ECF55FFABDC.e.2004"},"getTitle",[]]}
RESULT: {"script":"<script> [6424 bytes]","args":[{"element-6066-11e4-a52e-4f735466cecf":"f.1F07B75241787BF51536F41C8FA9D570.d.05B88879957895673F804ECF55FFABDC.e.2004"},"getTitle",[]]}
RESULT: undefined
COMMAND: POST /session/b476bfaa375639e21d3f0c4d73676959/element/f.1F07B75241787BF51536F41C8FA9D570.d.05B88879957895673F804ECF55FFABDC.e.1844/click - {}
COMMAND: POST /session/b476bfaa375639e21d3f0c4d73676959/element - {"using":"xpath","value":"//*[@id=\"backBtn\"]"}
RESULT: {"using":"xpath","value":"//*[@id=\"backBtn\"]"}
COMMAND: POST /session/b476bfaa375639e21d3f0c4d73676959/element/f.1F07B75241787BF51536F41C8FA9D570.d.05B88879957895673F804ECF55FFABDC.e.1844/click - {}
COMMAND: POST /session/b476bfaa375639e21d3f0c4d73676959/element - {"using":"xpath","value":"//*[@id=\"backBtn\"]"}
RESULT: {"using":"xpath","value":"//*[@id=\"backBtn\"]"}
COMMAND: POST /session/b476bfaa375639e21d3f0c4d73676959/element/f.1F07B75241787BF51536F41C8FA9D570.d.05B88879957895673F804ECF55FFABDC.e.2005/click - {}
RESULT: {}
COMMAND: GET /session/b476bfaa375639e21d3f0c4d73676959/screenshot - {}
RESULT: {}
]]></system-out>
    </testcase>
    <testcase classname="chrome.136_0_7103_93.windows.Sanity_Tests_US104253" name="Should open Manage Billings page" time="43.63">
      <system-out><![CDATA[
COMMAND: POST /session/b476bfaa375639e21d3f0c4d73676959/execute/async - {"script":"<script> [1562 bytes]","args":[{"selector":{"controlType":"sap.m.GenericTile","properties":{"header":"Manage Billings"}},"wdio_ui5_key":"sapm.GenericTile{\"header\":\"Manage Billings\"}"}]}
RESULT: {"script":"<script> [1562 bytes]","args":[{"selector":{"controlType":"sap.m.GenericTile","properties":{"header":"Manage Billings"}},"wdio_ui5_key":"sapm.GenericTile{\"header\":\"Manage Billings\"}"}]}
RESULT: undefined
COMMAND: POST /session/b476bfaa375639e21d3f0c4d73676959/element - {"using":"xpath","value":"//*[@id=\"__tile51\"]"}
RESULT: {"using":"xpath","value":"//*[@id=\"__tile51\"]"}
COMMAND: POST /session/b476bfaa375639e21d3f0c4d73676959/element/f.1F07B75241787BF51536F41C8FA9D570.d.05B88879957895673F804ECF55FFABDC.e.2007/click - {}
RESULT: {}
COMMAND: GET /session/b476bfaa375639e21d3f0c4d73676959/screenshot - {}
RESULT: {}
COMMAND: POST /session/b476bfaa375639e21d3f0c4d73676959/elements - {"using":"xpath","value":"//span[text()='Error']"}
RESULT: {"using":"xpath","value":"//span[text()='Error']"}
RESULT: undefined
COMMAND: POST /session/b476bfaa375639e21d3f0c4d73676959/element - {"using":"xpath","value":"//*[@id=\"__tile51\"]"}
RESULT: {"using":"xpath","value":"//*[@id=\"__tile51\"]"}
COMMAND: POST /session/b476bfaa375639e21d3f0c4d73676959/element/f.1F07B75241787BF51536F41C8FA9D570.d.05B88879957895673F804ECF55FFABDC.e.2007/click - {}
RESULT: undefined
COMMAND: POST /session/b476bfaa375639e21d3f0c4d73676959/element - {"using":"xpath","value":"//*[@id=\"__tile51\"]"}
RESULT: {"using":"xpath","value":"//*[@id=\"__tile51\"]"}
COMMAND: POST /session/b476bfaa375639e21d3f0c4d73676959/element/f.1F07B75241787BF51536F41C8FA9D570.d.05B88879957895673F804ECF55FFABDC.e.2007/click - {}
RESULT: undefined
COMMAND: POST /session/b476bfaa375639e21d3f0c4d73676959/execute/async - {"script":"<script> [6424 bytes]","args":[{"element-6066-11e4-a52e-4f735466cecf":"f.1F07B75241787BF51536F41C8FA9D570.d.05B88879957895673F804ECF55FFABDC.e.291"},"getTitle",[]]}
COMMAND: POST /session/b476bfaa375639e21d3f0c4d73676959/execute/async - {"script":"<script> [1562 bytes]","args":[{"selector":{"id":"shellAppTitle"},"wdio_ui5_key":"shellAppTitle"}]}
RESULT: {"script":"<script> [1562 bytes]","args":[{"selector":{"id":"shellAppTitle"},"wdio_ui5_key":"shellAppTitle"}]}
COMMAND: POST /session/b476bfaa375639e21d3f0c4d73676959/execute/async - {"script":"<script> [6424 bytes]","args":[{"element-6066-11e4-a52e-4f735466cecf":"f.1F07B75241787BF51536F41C8FA9D570.d.05B88879957895673F804ECF55FFABDC.e.2241"},"getTitle",[]]}
RESULT: {"script":"<script> [6424 bytes]","args":[{"element-6066-11e4-a52e-4f735466cecf":"f.1F07B75241787BF51536F41C8FA9D570.d.05B88879957895673F804ECF55FFABDC.e.2241"},"getTitle",[]]}
RESULT: undefined
COMMAND: POST /session/b476bfaa375639e21d3f0c4d73676959/element/f.1F07B75241787BF51536F41C8FA9D570.d.05B88879957895673F804ECF55FFABDC.e.2005/click - {}
COMMAND: POST /session/b476bfaa375639e21d3f0c4d73676959/element/f.1F07B75241787BF51536F41C8FA9D570.d.05B88879957895673F804ECF55FFABDC.e.2005/click - {}
RESULT: {}
COMMAND: GET /session/b476bfaa375639e21d3f0c4d73676959/screenshot - {}
COMMAND: POST /session/b476bfaa375639e21d3f0c4d73676959/element - {"using":"xpath","value":"//*[@id=\"backBtn\"]"}
RESULT: {}
RESULT: {"using":"xpath","value":"//*[@id=\"backBtn\"]"}
COMMAND: POST /session/b476bfaa375639e21d3f0c4d73676959/elements - {"using":"xpath","value":"//*[@id=\"backBtn\"]"}
RESULT: {"using":"xpath","value":"//*[@id=\"backBtn\"]"}
COMMAND: POST /session/b476bfaa375639e21d3f0c4d73676959/elements - {"using":"xpath","value":"//*[@id=\"backBtn\"]"}
RESULT: {"using":"xpath","value":"//*[@id=\"backBtn\"]"}
COMMAND: POST /session/b476bfaa375639e21d3f0c4d73676959/elements - {"using":"xpath","value":"//*[@id=\"backBtn\"]"}
RESULT: {"using":"xpath","value":"//*[@id=\"backBtn\"]"}
COMMAND: POST /session/b476bfaa375639e21d3f0c4d73676959/elements - {"using":"xpath","value":"//*[@id=\"backBtn\"]"}
RESULT: {"using":"xpath","value":"//*[@id=\"backBtn\"]"}
COMMAND: POST /session/b476bfaa375639e21d3f0c4d73676959/elements - {"using":"xpath","value":"//*[@id=\"backBtn\"]"}
RESULT: {"using":"xpath","value":"//*[@id=\"backBtn\"]"}
COMMAND: POST /session/b476bfaa375639e21d3f0c4d73676959/elements - {"using":"xpath","value":"//*[@id=\"backBtn\"]"}
RESULT: {"using":"xpath","value":"//*[@id=\"backBtn\"]"}
COMMAND: POST /session/b476bfaa375639e21d3f0c4d73676959/elements - {"using":"xpath","value":"//*[@id=\"backBtn\"]"}
RESULT: {"using":"xpath","value":"//*[@id=\"backBtn\"]"}
COMMAND: POST /session/b476bfaa375639e21d3f0c4d73676959/elements - {"using":"xpath","value":"//*[@id=\"backBtn\"]"}
RESULT: {"using":"xpath","value":"//*[@id=\"backBtn\"]"}
COMMAND: POST /session/b476bfaa375639e21d3f0c4d73676959/elements - {"using":"xpath","value":"//*[@id=\"backBtn\"]"}
RESULT: {"using":"xpath","value":"//*[@id=\"backBtn\"]"}
COMMAND: POST /session/b476bfaa375639e21d3f0c4d73676959/elements - {"using":"xpath","value":"//*[@id=\"backBtn\"]"}
RESULT: {"using":"xpath","value":"//*[@id=\"backBtn\"]"}
COMMAND: POST /session/b476bfaa375639e21d3f0c4d73676959/elements - {"using":"xpath","value":"//*[@id=\"backBtn\"]"}
RESULT: {"using":"xpath","value":"//*[@id=\"backBtn\"]"}
COMMAND: POST /session/b476bfaa375639e21d3f0c4d73676959/elements - {"using":"xpath","value":"//*[@id=\"backBtn\"]"}
RESULT: {"using":"xpath","value":"//*[@id=\"backBtn\"]"}
COMMAND: POST /session/b476bfaa375639e21d3f0c4d73676959/elements - {"using":"xpath","value":"//*[@id=\"backBtn\"]"}
RESULT: {"using":"xpath","value":"//*[@id=\"backBtn\"]"}
COMMAND: POST /session/b476bfaa375639e21d3f0c4d73676959/elements - {"using":"xpath","value":"//*[@id=\"backBtn\"]"}
RESULT: {"using":"xpath","value":"//*[@id=\"backBtn\"]"}
COMMAND: POST /session/b476bfaa375639e21d3f0c4d73676959/elements - {"using":"xpath","value":"//*[@id=\"backBtn\"]"}
RESULT: {"using":"xpath","value":"//*[@id=\"backBtn\"]"}
COMMAND: POST /session/b476bfaa375639e21d3f0c4d73676959/elements - {"using":"xpath","value":"//*[@id=\"backBtn\"]"}
RESULT: {"using":"xpath","value":"//*[@id=\"backBtn\"]"}
]]></system-out>
    </testcase>
    <testcase classname="chrome.136_0_7103_93.windows.Sanity_Tests_US104253" name="Should open Manage Conditions Prices page" time="58.551">
      <system-out><![CDATA[
COMMAND: POST /session/b476bfaa375639e21d3f0c4d73676959/execute/async - {"script":"<script> [1562 bytes]","args":[{"selector":{"controlType":"sap.m.GenericTile","properties":{"header":"Manage Conditions & Prices"}},"wdio_ui5_key":"sapm.GenericTile{\"header\":\"Manage Conditions & Prices\"}"}]}
COMMAND: POST /session/b476bfaa375639e21d3f0c4d73676959/elements - {"using":"xpath","value":"//*[@id=\"backBtn\"]"}
RESULT: {"script":"<script> [1562 bytes]","args":[{"selector":{"controlType":"sap.m.GenericTile","properties":{"header":"Manage Conditions & Prices"}},"wdio_ui5_key":"sapm.GenericTile{\"header\":\"Manage Conditions & Prices\"}"}]}
RESULT: undefined
COMMAND: POST /session/b476bfaa375639e21d3f0c4d73676959/element - {"using":"xpath","value":"//*[@id=\"__tile53\"]"}
RESULT: {"using":"xpath","value":"//*[@id=\"backBtn\"]"}
COMMAND: POST /session/b476bfaa375639e21d3f0c4d73676959/elements - {"using":"xpath","value":"//*[@id=\"backBtn\"]"}
RESULT: {"using":"xpath","value":"//*[@id=\"__tile53\"]"}
COMMAND: POST /session/b476bfaa375639e21d3f0c4d73676959/element/f.1F07B75241787BF51536F41C8FA9D570.d.05B88879957895673F804ECF55FFABDC.e.2245/click - {}
RESULT: {"using":"xpath","value":"//*[@id=\"backBtn\"]"}
RESULT: {}
COMMAND: GET /session/b476bfaa375639e21d3f0c4d73676959/screenshot - {}
COMMAND: POST /session/b476bfaa375639e21d3f0c4d73676959/elements - {"using":"xpath","value":"//*[@id=\"backBtn\"]"}
RESULT: {}
RESULT: {"using":"xpath","value":"//*[@id=\"backBtn\"]"}
COMMAND: POST /session/b476bfaa375639e21d3f0c4d73676959/elements - {"using":"xpath","value":"//*[@id=\"backBtn\"]"}
RESULT: {"using":"xpath","value":"//*[@id=\"backBtn\"]"}
COMMAND: POST /session/b476bfaa375639e21d3f0c4d73676959/elements - {"using":"xpath","value":"//*[@id=\"backBtn\"]"}
COMMAND: POST /session/b476bfaa375639e21d3f0c4d73676959/elements - {"using":"xpath","value":"//span[text()='Error']"}
RESULT: {"using":"xpath","value":"//*[@id=\"backBtn\"]"}
COMMAND: POST /session/b476bfaa375639e21d3f0c4d73676959/element - {"using":"xpath","value":"//*[@id=\"backBtn\"]"}
RESULT: {"using":"xpath","value":"//span[text()='Error']"}
RESULT: {"using":"xpath","value":"//*[@id=\"backBtn\"]"}
COMMAND: POST /session/b476bfaa375639e21d3f0c4d73676959/element/f.1F07B75241787BF51536F41C8FA9D570.d.05B88879957895673F804ECF55FFABDC.e.2005/click - {}
COMMAND: POST /session/b476bfaa375639e21d3f0c4d73676959/element - {"using":"xpath","value":"//*[@id=\"backBtn\"]"}
RESULT: {"using":"xpath","value":"//*[@id=\"backBtn\"]"}
COMMAND: POST /session/b476bfaa375639e21d3f0c4d73676959/element/f.1F07B75241787BF51536F41C8FA9D570.d.05B88879957895673F804ECF55FFABDC.e.2417/click - {}
RESULT: {}
COMMAND: GET /session/b476bfaa375639e21d3f0c4d73676959/screenshot - {}
RESULT: {}
RESULT: undefined
COMMAND: POST /session/b476bfaa375639e21d3f0c4d73676959/element - {"using":"xpath","value":"//*[@id=\"__tile53\"]"}
RESULT: {"using":"xpath","value":"//*[@id=\"__tile53\"]"}
COMMAND: POST /session/b476bfaa375639e21d3f0c4d73676959/element/f.1F07B75241787BF51536F41C8FA9D570.d.05B88879957895673F804ECF55FFABDC.e.2245/click - {}
RESULT: {}
RESULT: undefined
COMMAND: POST /session/b476bfaa375639e21d3f0c4d73676959/element - {"using":"xpath","value":"//*[@id=\"__tile53\"]"}
COMMAND: GET /session/b476bfaa375639e21d3f0c4d73676959/screenshot - {}
RESULT: {"using":"xpath","value":"//*[@id=\"__tile53\"]"}
COMMAND: POST /session/b476bfaa375639e21d3f0c4d73676959/element/f.1F07B75241787BF51536F41C8FA9D570.d.05B88879957895673F804ECF55FFABDC.e.2245/click - {}
RESULT: {}
RESULT: undefined
COMMAND: POST /session/b476bfaa375639e21d3f0c4d73676959/execute/async - {"script":"<script> [6424 bytes]","args":[{"element-6066-11e4-a52e-4f735466cecf":"f.1F07B75241787BF51536F41C8FA9D570.d.05B88879957895673F804ECF55FFABDC.e.291"},"getTitle",[]]}
COMMAND: POST /session/b476bfaa375639e21d3f0c4d73676959/execute/async - {"script":"<script> [1562 bytes]","args":[{"selector":{"id":"shellAppTitle"},"wdio_ui5_key":"shellAppTitle"}]}
RESULT: {"script":"<script> [1562 bytes]","args":[{"selector":{"id":"shellAppTitle"},"wdio_ui5_key":"shellAppTitle"}]}
COMMAND: POST /session/b476bfaa375639e21d3f0c4d73676959/execute/async - {"script":"<script> [6424 bytes]","args":[{"element-6066-11e4-a52e-4f735466cecf":"f.1F07B75241787BF51536F41C8FA9D570.d.05B88879957895673F804ECF55FFABDC.e.2600"},"getTitle",[]]}
RESULT: {"script":"<script> [6424 bytes]","args":[{"element-6066-11e4-a52e-4f735466cecf":"f.1F07B75241787BF51536F41C8FA9D570.d.05B88879957895673F804ECF55FFABDC.e.2600"},"getTitle",[]]}
RESULT: undefined
COMMAND: POST /session/b476bfaa375639e21d3f0c4d73676959/element/f.1F07B75241787BF51536F41C8FA9D570.d.05B88879957895673F804ECF55FFABDC.e.2417/click - {}
RESULT: {}
COMMAND: GET /session/b476bfaa375639e21d3f0c4d73676959/screenshot - {}
RESULT: {}
]]></system-out>
    </testcase>
    <testcase classname="chrome.136_0_7103_93.windows.Sanity_Tests_US104253" name="Should open Billing Transfer page" time="41.635">
      <system-out><![CDATA[
COMMAND: POST /session/b476bfaa375639e21d3f0c4d73676959/execute/async - {"script":"<script> [1562 bytes]","args":[{"selector":{"controlType":"sap.m.GenericTile","properties":{"header":"Billing Transfer"}},"wdio_ui5_key":"sapm.GenericTile{\"header\":\"Billing Transfer\"}"}]}
RESULT: {"script":"<script> [1562 bytes]","args":[{"selector":{"controlType":"sap.m.GenericTile","properties":{"header":"Billing Transfer"}},"wdio_ui5_key":"sapm.GenericTile{\"header\":\"Billing Transfer\"}"}]}
RESULT: undefined
COMMAND: POST /session/b476bfaa375639e21d3f0c4d73676959/element - {"using":"xpath","value":"//*[@id=\"__tile50\"]"}
RESULT: {"using":"xpath","value":"//*[@id=\"__tile50\"]"}
COMMAND: POST /session/b476bfaa375639e21d3f0c4d73676959/element/f.1F07B75241787BF51536F41C8FA9D570.d.05B88879957895673F804ECF55FFABDC.e.2602/click - {}
RESULT: {}
COMMAND: GET /session/b476bfaa375639e21d3f0c4d73676959/screenshot - {}
RESULT: {}
COMMAND: POST /session/b476bfaa375639e21d3f0c4d73676959/elements - {"using":"xpath","value":"//span[text()='Error']"}
RESULT: {"using":"xpath","value":"//span[text()='Error']"}
RESULT: undefined
COMMAND: POST /session/b476bfaa375639e21d3f0c4d73676959/element - {"using":"xpath","value":"//*[@id=\"__tile50\"]"}
RESULT: {"using":"xpath","value":"//*[@id=\"__tile50\"]"}
COMMAND: POST /session/b476bfaa375639e21d3f0c4d73676959/element/f.1F07B75241787BF51536F41C8FA9D570.d.05B88879957895673F804ECF55FFABDC.e.2602/click - {}
RESULT: undefined
COMMAND: POST /session/b476bfaa375639e21d3f0c4d73676959/element - {"using":"xpath","value":"//*[@id=\"__tile50\"]"}
RESULT: {"using":"xpath","value":"//*[@id=\"__tile50\"]"}
COMMAND: POST /session/b476bfaa375639e21d3f0c4d73676959/element/f.1F07B75241787BF51536F41C8FA9D570.d.05B88879957895673F804ECF55FFABDC.e.2602/click - {}
RESULT: undefined
COMMAND: POST /session/b476bfaa375639e21d3f0c4d73676959/execute/async - {"script":"<script> [6424 bytes]","args":[{"element-6066-11e4-a52e-4f735466cecf":"f.1F07B75241787BF51536F41C8FA9D570.d.05B88879957895673F804ECF55FFABDC.e.291"},"getTitle",[]]}
COMMAND: POST /session/b476bfaa375639e21d3f0c4d73676959/execute/async - {"script":"<script> [1562 bytes]","args":[{"selector":{"id":"shellAppTitle"},"wdio_ui5_key":"shellAppTitle"}]}
RESULT: {"script":"<script> [1562 bytes]","args":[{"selector":{"id":"shellAppTitle"},"wdio_ui5_key":"shellAppTitle"}]}
COMMAND: POST /session/b476bfaa375639e21d3f0c4d73676959/execute/async - {"script":"<script> [6424 bytes]","args":[{"element-6066-11e4-a52e-4f735466cecf":"f.1F07B75241787BF51536F41C8FA9D570.d.05B88879957895673F804ECF55FFABDC.e.2860"},"getTitle",[]]}
RESULT: {"script":"<script> [6424 bytes]","args":[{"element-6066-11e4-a52e-4f735466cecf":"f.1F07B75241787BF51536F41C8FA9D570.d.05B88879957895673F804ECF55FFABDC.e.2860"},"getTitle",[]]}
RESULT: undefined
COMMAND: POST /session/b476bfaa375639e21d3f0c4d73676959/element/f.1F07B75241787BF51536F41C8FA9D570.d.05B88879957895673F804ECF55FFABDC.e.2417/click - {}
COMMAND: POST /session/b476bfaa375639e21d3f0c4d73676959/element - {"using":"xpath","value":"//*[@id=\"backBtn\"]"}
RESULT: {"using":"xpath","value":"//*[@id=\"backBtn\"]"}
COMMAND: POST /session/b476bfaa375639e21d3f0c4d73676959/element/f.1F07B75241787BF51536F41C8FA9D570.d.05B88879957895673F804ECF55FFABDC.e.2417/click - {}
COMMAND: POST /session/b476bfaa375639e21d3f0c4d73676959/element - {"using":"xpath","value":"//*[@id=\"backBtn\"]"}
RESULT: {"using":"xpath","value":"//*[@id=\"backBtn\"]"}
COMMAND: POST /session/b476bfaa375639e21d3f0c4d73676959/element/f.1F07B75241787BF51536F41C8FA9D570.d.05B88879957895673F804ECF55FFABDC.e.2861/click - {}
RESULT: {}
COMMAND: GET /session/b476bfaa375639e21d3f0c4d73676959/screenshot - {}
RESULT: {}
]]></system-out>
    </testcase>
    <testcase classname="chrome.136_0_7103_93.windows.Sanity_Tests_US104253" name="Should open Manage Pricing Rules page" time="40.553">
      <system-out><![CDATA[
COMMAND: POST /session/b476bfaa375639e21d3f0c4d73676959/execute/async - {"script":"<script> [1562 bytes]","args":[{"selector":{"controlType":"sap.m.GenericTile","properties":{"header":"Manage Pricing Rules"}},"wdio_ui5_key":"sapm.GenericTile{\"header\":\"Manage Pricing Rules\"}"}]}
RESULT: {"script":"<script> [1562 bytes]","args":[{"selector":{"controlType":"sap.m.GenericTile","properties":{"header":"Manage Pricing Rules"}},"wdio_ui5_key":"sapm.GenericTile{\"header\":\"Manage Pricing Rules\"}"}]}
RESULT: undefined
COMMAND: POST /session/b476bfaa375639e21d3f0c4d73676959/element - {"using":"xpath","value":"//*[@id=\"__tile55\"]"}
RESULT: {"using":"xpath","value":"//*[@id=\"__tile55\"]"}
COMMAND: POST /session/b476bfaa375639e21d3f0c4d73676959/element/f.1F07B75241787BF51536F41C8FA9D570.d.05B88879957895673F804ECF55FFABDC.e.2863/click - {}
RESULT: {}
COMMAND: GET /session/b476bfaa375639e21d3f0c4d73676959/screenshot - {}
RESULT: {}
COMMAND: POST /session/b476bfaa375639e21d3f0c4d73676959/elements - {"using":"xpath","value":"//span[text()='Error']"}
RESULT: {"using":"xpath","value":"//span[text()='Error']"}
RESULT: undefined
COMMAND: POST /session/b476bfaa375639e21d3f0c4d73676959/element - {"using":"xpath","value":"//*[@id=\"__tile55\"]"}
RESULT: {"using":"xpath","value":"//*[@id=\"__tile55\"]"}
COMMAND: POST /session/b476bfaa375639e21d3f0c4d73676959/element/f.1F07B75241787BF51536F41C8FA9D570.d.05B88879957895673F804ECF55FFABDC.e.2863/click - {}
RESULT: undefined
COMMAND: POST /session/b476bfaa375639e21d3f0c4d73676959/element - {"using":"xpath","value":"//*[@id=\"__tile55\"]"}
RESULT: {"using":"xpath","value":"//*[@id=\"__tile55\"]"}
COMMAND: POST /session/b476bfaa375639e21d3f0c4d73676959/element/f.1F07B75241787BF51536F41C8FA9D570.d.05B88879957895673F804ECF55FFABDC.e.2863/click - {}
RESULT: undefined
COMMAND: POST /session/b476bfaa375639e21d3f0c4d73676959/execute/async - {"script":"<script> [6424 bytes]","args":[{"element-6066-11e4-a52e-4f735466cecf":"f.1F07B75241787BF51536F41C8FA9D570.d.05B88879957895673F804ECF55FFABDC.e.291"},"getTitle",[]]}
COMMAND: POST /session/b476bfaa375639e21d3f0c4d73676959/execute/async - {"script":"<script> [1562 bytes]","args":[{"selector":{"id":"shellAppTitle"},"wdio_ui5_key":"shellAppTitle"}]}
RESULT: {"script":"<script> [1562 bytes]","args":[{"selector":{"id":"shellAppTitle"},"wdio_ui5_key":"shellAppTitle"}]}
COMMAND: POST /session/b476bfaa375639e21d3f0c4d73676959/execute/async - {"script":"<script> [6424 bytes]","args":[{"element-6066-11e4-a52e-4f735466cecf":"f.1F07B75241787BF51536F41C8FA9D570.d.05B88879957895673F804ECF55FFABDC.e.2911"},"getTitle",[]]}
RESULT: {"script":"<script> [6424 bytes]","args":[{"element-6066-11e4-a52e-4f735466cecf":"f.1F07B75241787BF51536F41C8FA9D570.d.05B88879957895673F804ECF55FFABDC.e.2911"},"getTitle",[]]}
RESULT: undefined
COMMAND: POST /session/b476bfaa375639e21d3f0c4d73676959/element/f.1F07B75241787BF51536F41C8FA9D570.d.05B88879957895673F804ECF55FFABDC.e.2861/click - {}
RESULT: {}
COMMAND: GET /session/b476bfaa375639e21d3f0c4d73676959/screenshot - {}
RESULT: {}
]]></system-out>
    </testcase>
    <testcase classname="chrome.136_0_7103_93.windows.Sanity_Tests_US104253" name="Should open Manage Price Determination Matrices page" time="39.664">
      <system-out><![CDATA[
COMMAND: POST /session/b476bfaa375639e21d3f0c4d73676959/execute/async - {"script":"<script> [1562 bytes]","args":[{"selector":{"controlType":"sap.m.GenericTile","properties":{"header":"Manage Price Determination Matrices"}},"wdio_ui5_key":"sapm.GenericTile{\"header\":\"Manage Price Determination Matrices\"}"}]}
RESULT: {"script":"<script> [1562 bytes]","args":[{"selector":{"controlType":"sap.m.GenericTile","properties":{"header":"Manage Price Determination Matrices"}},"wdio_ui5_key":"sapm.GenericTile{\"header\":\"Manage Price Determination Matrices\"}"}]}
RESULT: undefined
COMMAND: POST /session/b476bfaa375639e21d3f0c4d73676959/element - {"using":"xpath","value":"//*[@id=\"__tile54\"]"}
RESULT: {"using":"xpath","value":"//*[@id=\"__tile54\"]"}
COMMAND: POST /session/b476bfaa375639e21d3f0c4d73676959/element/f.1F07B75241787BF51536F41C8FA9D570.d.05B88879957895673F804ECF55FFABDC.e.2913/click - {}
RESULT: {}
COMMAND: GET /session/b476bfaa375639e21d3f0c4d73676959/screenshot - {}
RESULT: {}
COMMAND: POST /session/b476bfaa375639e21d3f0c4d73676959/elements - {"using":"xpath","value":"//span[text()='Error']"}
RESULT: {"using":"xpath","value":"//span[text()='Error']"}
RESULT: undefined
COMMAND: POST /session/b476bfaa375639e21d3f0c4d73676959/element - {"using":"xpath","value":"//*[@id=\"__tile54\"]"}
RESULT: {"using":"xpath","value":"//*[@id=\"__tile54\"]"}
COMMAND: POST /session/b476bfaa375639e21d3f0c4d73676959/element/f.1F07B75241787BF51536F41C8FA9D570.d.05B88879957895673F804ECF55FFABDC.e.2913/click - {}
RESULT: undefined
COMMAND: POST /session/b476bfaa375639e21d3f0c4d73676959/element - {"using":"xpath","value":"//*[@id=\"__tile54\"]"}
RESULT: {"using":"xpath","value":"//*[@id=\"__tile54\"]"}
COMMAND: POST /session/b476bfaa375639e21d3f0c4d73676959/element/f.1F07B75241787BF51536F41C8FA9D570.d.05B88879957895673F804ECF55FFABDC.e.2913/click - {}
RESULT: undefined
COMMAND: POST /session/b476bfaa375639e21d3f0c4d73676959/execute/async - {"script":"<script> [6424 bytes]","args":[{"element-6066-11e4-a52e-4f735466cecf":"f.1F07B75241787BF51536F41C8FA9D570.d.05B88879957895673F804ECF55FFABDC.e.291"},"getTitle",[]]}
COMMAND: POST /session/b476bfaa375639e21d3f0c4d73676959/execute/async - {"script":"<script> [1562 bytes]","args":[{"selector":{"id":"shellAppTitle"},"wdio_ui5_key":"shellAppTitle"}]}
RESULT: {"script":"<script> [1562 bytes]","args":[{"selector":{"id":"shellAppTitle"},"wdio_ui5_key":"shellAppTitle"}]}
COMMAND: POST /session/b476bfaa375639e21d3f0c4d73676959/execute/async - {"script":"<script> [6424 bytes]","args":[{"element-6066-11e4-a52e-4f735466cecf":"f.1F07B75241787BF51536F41C8FA9D570.d.05B88879957895673F804ECF55FFABDC.e.3009"},"getTitle",[]]}
RESULT: {"script":"<script> [6424 bytes]","args":[{"element-6066-11e4-a52e-4f735466cecf":"f.1F07B75241787BF51536F41C8FA9D570.d.05B88879957895673F804ECF55FFABDC.e.3009"},"getTitle",[]]}
RESULT: undefined
COMMAND: POST /session/b476bfaa375639e21d3f0c4d73676959/element/f.1F07B75241787BF51536F41C8FA9D570.d.05B88879957895673F804ECF55FFABDC.e.2861/click - {}
COMMAND: POST /session/b476bfaa375639e21d3f0c4d73676959/element - {"using":"xpath","value":"//*[@id=\"backBtn\"]"}
RESULT: {"using":"xpath","value":"//*[@id=\"backBtn\"]"}
COMMAND: POST /session/b476bfaa375639e21d3f0c4d73676959/element/f.1F07B75241787BF51536F41C8FA9D570.d.05B88879957895673F804ECF55FFABDC.e.2861/click - {}
COMMAND: POST /session/b476bfaa375639e21d3f0c4d73676959/element - {"using":"xpath","value":"//*[@id=\"backBtn\"]"}
RESULT: {"using":"xpath","value":"//*[@id=\"backBtn\"]"}
COMMAND: POST /session/b476bfaa375639e21d3f0c4d73676959/element/f.1F07B75241787BF51536F41C8FA9D570.d.05B88879957895673F804ECF55FFABDC.e.3010/click - {}
RESULT: {}
COMMAND: GET /session/b476bfaa375639e21d3f0c4d73676959/screenshot - {}
RESULT: {}
]]></system-out>
    </testcase>
    <testcase classname="chrome.136_0_7103_93.windows.Sanity_Tests_US104253" name="Should open Yard Overview page" time="43.354">
      <system-out><![CDATA[
COMMAND: POST /session/b476bfaa375639e21d3f0c4d73676959/execute/async - {"script":"<script> [1562 bytes]","args":[{"selector":{"controlType":"sap.m.GenericTile","properties":{"header":"Yard Overview"}},"wdio_ui5_key":"sapm.GenericTile{\"header\":\"Yard Overview\"}"}]}
RESULT: {"script":"<script> [1562 bytes]","args":[{"selector":{"controlType":"sap.m.GenericTile","properties":{"header":"Yard Overview"}},"wdio_ui5_key":"sapm.GenericTile{\"header\":\"Yard Overview\"}"}]}
RESULT: undefined
COMMAND: POST /session/b476bfaa375639e21d3f0c4d73676959/element - {"using":"xpath","value":"//*[@id=\"__tile102\"]"}
RESULT: {"using":"xpath","value":"//*[@id=\"__tile102\"]"}
COMMAND: POST /session/b476bfaa375639e21d3f0c4d73676959/element/f.1F07B75241787BF51536F41C8FA9D570.d.05B88879957895673F804ECF55FFABDC.e.3012/click - {}
RESULT: {}
COMMAND: GET /session/b476bfaa375639e21d3f0c4d73676959/screenshot - {}
RESULT: {}
COMMAND: POST /session/b476bfaa375639e21d3f0c4d73676959/elements - {"using":"xpath","value":"//span[text()='Error']"}
RESULT: {"using":"xpath","value":"//span[text()='Error']"}
RESULT: undefined
COMMAND: POST /session/b476bfaa375639e21d3f0c4d73676959/element - {"using":"xpath","value":"//*[@id=\"__tile102\"]"}
RESULT: {"using":"xpath","value":"//*[@id=\"__tile102\"]"}
COMMAND: POST /session/b476bfaa375639e21d3f0c4d73676959/element/f.1F07B75241787BF51536F41C8FA9D570.d.05B88879957895673F804ECF55FFABDC.e.3012/click - {}
RESULT: undefined
COMMAND: POST /session/b476bfaa375639e21d3f0c4d73676959/element - {"using":"xpath","value":"//*[@id=\"__tile102\"]"}
RESULT: {"using":"xpath","value":"//*[@id=\"__tile102\"]"}
COMMAND: POST /session/b476bfaa375639e21d3f0c4d73676959/element/f.1F07B75241787BF51536F41C8FA9D570.d.05B88879957895673F804ECF55FFABDC.e.3012/click - {}
RESULT: undefined
COMMAND: POST /session/b476bfaa375639e21d3f0c4d73676959/execute/async - {"script":"<script> [6424 bytes]","args":[{"element-6066-11e4-a52e-4f735466cecf":"f.1F07B75241787BF51536F41C8FA9D570.d.05B88879957895673F804ECF55FFABDC.e.291"},"getTitle",[]]}
COMMAND: POST /session/b476bfaa375639e21d3f0c4d73676959/execute/async - {"script":"<script> [1562 bytes]","args":[{"selector":{"id":"shellAppTitle"},"wdio_ui5_key":"shellAppTitle"}]}
RESULT: {"script":"<script> [1562 bytes]","args":[{"selector":{"id":"shellAppTitle"},"wdio_ui5_key":"shellAppTitle"}]}
COMMAND: POST /session/b476bfaa375639e21d3f0c4d73676959/execute/async - {"script":"<script> [6424 bytes]","args":[{"element-6066-11e4-a52e-4f735466cecf":"f.1F07B75241787BF51536F41C8FA9D570.d.05B88879957895673F804ECF55FFABDC.e.3073"},"getTitle",[]]}
RESULT: {"script":"<script> [6424 bytes]","args":[{"element-6066-11e4-a52e-4f735466cecf":"f.1F07B75241787BF51536F41C8FA9D570.d.05B88879957895673F804ECF55FFABDC.e.3073"},"getTitle",[]]}
RESULT: undefined
COMMAND: POST /session/b476bfaa375639e21d3f0c4d73676959/element/f.1F07B75241787BF51536F41C8FA9D570.d.05B88879957895673F804ECF55FFABDC.e.3010/click - {}
RESULT: {}
COMMAND: GET /session/b476bfaa375639e21d3f0c4d73676959/screenshot - {}
RESULT: {}
]]></system-out>
    </testcase>
    <testcase classname="chrome.136_0_7103_93.windows.Sanity_Tests_US104253" name="Should open Site Overview page" time="40.355">
      <system-out><![CDATA[
COMMAND: POST /session/b476bfaa375639e21d3f0c4d73676959/execute/async - {"script":"<script> [1562 bytes]","args":[{"selector":{"controlType":"sap.m.GenericTile","properties":{"header":"Site Overview"}},"wdio_ui5_key":"sapm.GenericTile{\"header\":\"Site Overview\"}"}]}
RESULT: {"script":"<script> [1562 bytes]","args":[{"selector":{"controlType":"sap.m.GenericTile","properties":{"header":"Site Overview"}},"wdio_ui5_key":"sapm.GenericTile{\"header\":\"Site Overview\"}"}]}
RESULT: undefined
COMMAND: POST /session/b476bfaa375639e21d3f0c4d73676959/element - {"using":"xpath","value":"//*[@id=\"__tile100\"]"}
RESULT: {"using":"xpath","value":"//*[@id=\"__tile100\"]"}
COMMAND: POST /session/b476bfaa375639e21d3f0c4d73676959/element/f.1F07B75241787BF51536F41C8FA9D570.d.05B88879957895673F804ECF55FFABDC.e.3076/click - {}
RESULT: {}
COMMAND: GET /session/b476bfaa375639e21d3f0c4d73676959/screenshot - {}
RESULT: {}
COMMAND: POST /session/b476bfaa375639e21d3f0c4d73676959/elements - {"using":"xpath","value":"//span[text()='Error']"}
RESULT: {"using":"xpath","value":"//span[text()='Error']"}
RESULT: undefined
COMMAND: POST /session/b476bfaa375639e21d3f0c4d73676959/element - {"using":"xpath","value":"//*[@id=\"__tile100\"]"}
RESULT: {"using":"xpath","value":"//*[@id=\"__tile100\"]"}
COMMAND: POST /session/b476bfaa375639e21d3f0c4d73676959/element/f.1F07B75241787BF51536F41C8FA9D570.d.05B88879957895673F804ECF55FFABDC.e.3076/click - {}
RESULT: undefined
COMMAND: POST /session/b476bfaa375639e21d3f0c4d73676959/element - {"using":"xpath","value":"//*[@id=\"__tile100\"]"}
RESULT: {"using":"xpath","value":"//*[@id=\"__tile100\"]"}
COMMAND: POST /session/b476bfaa375639e21d3f0c4d73676959/element/f.1F07B75241787BF51536F41C8FA9D570.d.05B88879957895673F804ECF55FFABDC.e.3076/click - {}
RESULT: undefined
COMMAND: POST /session/b476bfaa375639e21d3f0c4d73676959/execute/async - {"script":"<script> [6424 bytes]","args":[{"element-6066-11e4-a52e-4f735466cecf":"f.1F07B75241787BF51536F41C8FA9D570.d.05B88879957895673F804ECF55FFABDC.e.291"},"getTitle",[]]}
COMMAND: POST /session/b476bfaa375639e21d3f0c4d73676959/execute/async - {"script":"<script> [1562 bytes]","args":[{"selector":{"id":"shellAppTitle"},"wdio_ui5_key":"shellAppTitle"}]}
RESULT: {"script":"<script> [1562 bytes]","args":[{"selector":{"id":"shellAppTitle"},"wdio_ui5_key":"shellAppTitle"}]}
COMMAND: POST /session/b476bfaa375639e21d3f0c4d73676959/execute/async - {"script":"<script> [6424 bytes]","args":[{"element-6066-11e4-a52e-4f735466cecf":"f.1F07B75241787BF51536F41C8FA9D570.d.05B88879957895673F804ECF55FFABDC.e.3187"},"getTitle",[]]}
RESULT: {"script":"<script> [6424 bytes]","args":[{"element-6066-11e4-a52e-4f735466cecf":"f.1F07B75241787BF51536F41C8FA9D570.d.05B88879957895673F804ECF55FFABDC.e.3187"},"getTitle",[]]}
RESULT: undefined
COMMAND: POST /session/b476bfaa375639e21d3f0c4d73676959/element/f.1F07B75241787BF51536F41C8FA9D570.d.05B88879957895673F804ECF55FFABDC.e.3010/click - {}
COMMAND: POST /session/b476bfaa375639e21d3f0c4d73676959/element - {"using":"xpath","value":"//*[@id=\"backBtn\"]"}
RESULT: {"using":"xpath","value":"//*[@id=\"backBtn\"]"}
COMMAND: POST /session/b476bfaa375639e21d3f0c4d73676959/element/f.1F07B75241787BF51536F41C8FA9D570.d.05B88879957895673F804ECF55FFABDC.e.3010/click - {}
COMMAND: POST /session/b476bfaa375639e21d3f0c4d73676959/element - {"using":"xpath","value":"//*[@id=\"backBtn\"]"}
RESULT: {"using":"xpath","value":"//*[@id=\"backBtn\"]"}
COMMAND: POST /session/b476bfaa375639e21d3f0c4d73676959/element/f.1F07B75241787BF51536F41C8FA9D570.d.05B88879957895673F804ECF55FFABDC.e.3188/click - {}
RESULT: {}
COMMAND: GET /session/b476bfaa375639e21d3f0c4d73676959/screenshot - {}
RESULT: {}
]]></system-out>
    </testcase>
    <testcase classname="chrome.136_0_7103_93.windows.Sanity_Tests_US104253" name="Should open Trace Track Resources page" time="38.819">
      <system-out><![CDATA[
COMMAND: POST /session/b476bfaa375639e21d3f0c4d73676959/execute/async - {"script":"<script> [1562 bytes]","args":[{"selector":{"controlType":"sap.m.GenericTile","properties":{"header":"Trace & Track Resources"}},"wdio_ui5_key":"sapm.GenericTile{\"header\":\"Trace & Track Resources\"}"}]}
RESULT: {"script":"<script> [1562 bytes]","args":[{"selector":{"controlType":"sap.m.GenericTile","properties":{"header":"Trace & Track Resources"}},"wdio_ui5_key":"sapm.GenericTile{\"header\":\"Trace & Track Resources\"}"}]}
RESULT: undefined
COMMAND: POST /session/b476bfaa375639e21d3f0c4d73676959/element - {"using":"xpath","value":"//*[@id=\"__tile101\"]"}
RESULT: {"using":"xpath","value":"//*[@id=\"__tile101\"]"}
COMMAND: POST /session/b476bfaa375639e21d3f0c4d73676959/element/f.1F07B75241787BF51536F41C8FA9D570.d.05B88879957895673F804ECF55FFABDC.e.3190/click - {}
RESULT: {}
COMMAND: GET /session/b476bfaa375639e21d3f0c4d73676959/screenshot - {}
RESULT: {}
COMMAND: POST /session/b476bfaa375639e21d3f0c4d73676959/elements - {"using":"xpath","value":"//span[text()='Error']"}
RESULT: {"using":"xpath","value":"//span[text()='Error']"}
RESULT: undefined
COMMAND: POST /session/b476bfaa375639e21d3f0c4d73676959/element - {"using":"xpath","value":"//*[@id=\"__tile101\"]"}
RESULT: {"using":"xpath","value":"//*[@id=\"__tile101\"]"}
COMMAND: POST /session/b476bfaa375639e21d3f0c4d73676959/element/f.1F07B75241787BF51536F41C8FA9D570.d.05B88879957895673F804ECF55FFABDC.e.3190/click - {}
RESULT: undefined
COMMAND: POST /session/b476bfaa375639e21d3f0c4d73676959/element - {"using":"xpath","value":"//*[@id=\"__tile101\"]"}
RESULT: {"using":"xpath","value":"//*[@id=\"__tile101\"]"}
COMMAND: POST /session/b476bfaa375639e21d3f0c4d73676959/element/f.1F07B75241787BF51536F41C8FA9D570.d.05B88879957895673F804ECF55FFABDC.e.3190/click - {}
RESULT: undefined
COMMAND: POST /session/b476bfaa375639e21d3f0c4d73676959/execute/async - {"script":"<script> [6424 bytes]","args":[{"element-6066-11e4-a52e-4f735466cecf":"f.1F07B75241787BF51536F41C8FA9D570.d.05B88879957895673F804ECF55FFABDC.e.291"},"getTitle",[]]}
COMMAND: POST /session/b476bfaa375639e21d3f0c4d73676959/execute/async - {"script":"<script> [1562 bytes]","args":[{"selector":{"id":"shellAppTitle"},"wdio_ui5_key":"shellAppTitle"}]}
RESULT: {"script":"<script> [1562 bytes]","args":[{"selector":{"id":"shellAppTitle"},"wdio_ui5_key":"shellAppTitle"}]}
COMMAND: POST /session/b476bfaa375639e21d3f0c4d73676959/execute/async - {"script":"<script> [6424 bytes]","args":[{"element-6066-11e4-a52e-4f735466cecf":"f.1F07B75241787BF51536F41C8FA9D570.d.05B88879957895673F804ECF55FFABDC.e.3224"},"getTitle",[]]}
RESULT: {"script":"<script> [6424 bytes]","args":[{"element-6066-11e4-a52e-4f735466cecf":"f.1F07B75241787BF51536F41C8FA9D570.d.05B88879957895673F804ECF55FFABDC.e.3224"},"getTitle",[]]}
RESULT: undefined
COMMAND: POST /session/b476bfaa375639e21d3f0c4d73676959/element/f.1F07B75241787BF51536F41C8FA9D570.d.05B88879957895673F804ECF55FFABDC.e.3188/click - {}
RESULT: {}
COMMAND: GET /session/b476bfaa375639e21d3f0c4d73676959/screenshot - {}
RESULT: {}
]]></system-out>
    </testcase>
    <testcase classname="chrome.136_0_7103_93.windows.Sanity_Tests_US104253" name="Should open RU Inventory List page" time="40.763">
      <system-out><![CDATA[
COMMAND: POST /session/b476bfaa375639e21d3f0c4d73676959/execute/async - {"script":"<script> [1562 bytes]","args":[{"selector":{"controlType":"sap.m.GenericTile","properties":{"header":"RU Inventory List"}},"wdio_ui5_key":"sapm.GenericTile{\"header\":\"RU Inventory List\"}"}]}
RESULT: {"script":"<script> [1562 bytes]","args":[{"selector":{"controlType":"sap.m.GenericTile","properties":{"header":"RU Inventory List"}},"wdio_ui5_key":"sapm.GenericTile{\"header\":\"RU Inventory List\"}"}]}
RESULT: undefined
COMMAND: POST /session/b476bfaa375639e21d3f0c4d73676959/element - {"using":"xpath","value":"//*[@id=\"__tile99\"]"}
RESULT: {"using":"xpath","value":"//*[@id=\"__tile99\"]"}
COMMAND: POST /session/b476bfaa375639e21d3f0c4d73676959/element/f.1F07B75241787BF51536F41C8FA9D570.d.05B88879957895673F804ECF55FFABDC.e.3226/click - {}
RESULT: {}
COMMAND: GET /session/b476bfaa375639e21d3f0c4d73676959/screenshot - {}
RESULT: {}
COMMAND: POST /session/b476bfaa375639e21d3f0c4d73676959/elements - {"using":"xpath","value":"//span[text()='Error']"}
RESULT: {"using":"xpath","value":"//span[text()='Error']"}
RESULT: undefined
COMMAND: POST /session/b476bfaa375639e21d3f0c4d73676959/element - {"using":"xpath","value":"//*[@id=\"__tile99\"]"}
RESULT: {"using":"xpath","value":"//*[@id=\"__tile99\"]"}
COMMAND: POST /session/b476bfaa375639e21d3f0c4d73676959/element/f.1F07B75241787BF51536F41C8FA9D570.d.05B88879957895673F804ECF55FFABDC.e.3226/click - {}
RESULT: undefined
COMMAND: POST /session/b476bfaa375639e21d3f0c4d73676959/element - {"using":"xpath","value":"//*[@id=\"__tile99\"]"}
RESULT: {"using":"xpath","value":"//*[@id=\"__tile99\"]"}
COMMAND: POST /session/b476bfaa375639e21d3f0c4d73676959/element/f.1F07B75241787BF51536F41C8FA9D570.d.05B88879957895673F804ECF55FFABDC.e.3226/click - {}
RESULT: undefined
COMMAND: POST /session/b476bfaa375639e21d3f0c4d73676959/execute/async - {"script":"<script> [6424 bytes]","args":[{"element-6066-11e4-a52e-4f735466cecf":"f.1F07B75241787BF51536F41C8FA9D570.d.05B88879957895673F804ECF55FFABDC.e.291"},"getTitle",[]]}
COMMAND: POST /session/b476bfaa375639e21d3f0c4d73676959/execute/async - {"script":"<script> [1562 bytes]","args":[{"selector":{"id":"shellAppTitle"},"wdio_ui5_key":"shellAppTitle"}]}
RESULT: {"script":"<script> [1562 bytes]","args":[{"selector":{"id":"shellAppTitle"},"wdio_ui5_key":"shellAppTitle"}]}
COMMAND: POST /session/b476bfaa375639e21d3f0c4d73676959/execute/async - {"script":"<script> [6424 bytes]","args":[{"element-6066-11e4-a52e-4f735466cecf":"f.1F07B75241787BF51536F41C8FA9D570.d.05B88879957895673F804ECF55FFABDC.e.3420"},"getTitle",[]]}
RESULT: {"script":"<script> [6424 bytes]","args":[{"element-6066-11e4-a52e-4f735466cecf":"f.1F07B75241787BF51536F41C8FA9D570.d.05B88879957895673F804ECF55FFABDC.e.3420"},"getTitle",[]]}
RESULT: undefined
COMMAND: POST /session/b476bfaa375639e21d3f0c4d73676959/element/f.1F07B75241787BF51536F41C8FA9D570.d.05B88879957895673F804ECF55FFABDC.e.3188/click - {}
COMMAND: POST /session/b476bfaa375639e21d3f0c4d73676959/element - {"using":"xpath","value":"//*[@id=\"backBtn\"]"}
RESULT: {"using":"xpath","value":"//*[@id=\"backBtn\"]"}
COMMAND: POST /session/b476bfaa375639e21d3f0c4d73676959/element/f.1F07B75241787BF51536F41C8FA9D570.d.05B88879957895673F804ECF55FFABDC.e.3188/click - {}
COMMAND: POST /session/b476bfaa375639e21d3f0c4d73676959/element - {"using":"xpath","value":"//*[@id=\"backBtn\"]"}
RESULT: {"using":"xpath","value":"//*[@id=\"backBtn\"]"}
COMMAND: POST /session/b476bfaa375639e21d3f0c4d73676959/element/f.1F07B75241787BF51536F41C8FA9D570.d.05B88879957895673F804ECF55FFABDC.e.3421/click - {}
RESULT: {}
COMMAND: GET /session/b476bfaa375639e21d3f0c4d73676959/screenshot - {}
RESULT: {}
]]></system-out>
    </testcase>
    <testcase classname="chrome.136_0_7103_93.windows.Sanity_Tests_US104253" name="Should open Contracts Dashboard page" time="44.24">
      <system-out><![CDATA[
COMMAND: POST /session/b476bfaa375639e21d3f0c4d73676959/execute/async - {"script":"<script> [1562 bytes]","args":[{"selector":{"controlType":"sap.m.GenericTile","properties":{"header":"Contracts Dashboard"}},"wdio_ui5_key":"sapm.GenericTile{\"header\":\"Contracts Dashboard\"}"}]}
RESULT: {"script":"<script> [1562 bytes]","args":[{"selector":{"controlType":"sap.m.GenericTile","properties":{"header":"Contracts Dashboard"}},"wdio_ui5_key":"sapm.GenericTile{\"header\":\"Contracts Dashboard\"}"}]}
RESULT: undefined
COMMAND: POST /session/b476bfaa375639e21d3f0c4d73676959/element - {"using":"xpath","value":"//*[@id=\"__tile97\"]"}
RESULT: {"using":"xpath","value":"//*[@id=\"__tile97\"]"}
COMMAND: POST /session/b476bfaa375639e21d3f0c4d73676959/element/f.1F07B75241787BF51536F41C8FA9D570.d.05B88879957895673F804ECF55FFABDC.e.3423/click - {}
RESULT: {}
COMMAND: GET /session/b476bfaa375639e21d3f0c4d73676959/screenshot - {}
RESULT: {}
COMMAND: POST /session/b476bfaa375639e21d3f0c4d73676959/elements - {"using":"xpath","value":"//span[text()='Error']"}
RESULT: {"using":"xpath","value":"//span[text()='Error']"}
RESULT: undefined
COMMAND: POST /session/b476bfaa375639e21d3f0c4d73676959/element - {"using":"xpath","value":"//*[@id=\"__tile97\"]"}
RESULT: {"using":"xpath","value":"//*[@id=\"__tile97\"]"}
COMMAND: POST /session/b476bfaa375639e21d3f0c4d73676959/element/f.1F07B75241787BF51536F41C8FA9D570.d.05B88879957895673F804ECF55FFABDC.e.3423/click - {}
RESULT: undefined
COMMAND: POST /session/b476bfaa375639e21d3f0c4d73676959/element - {"using":"xpath","value":"//*[@id=\"__tile97\"]"}
RESULT: {"using":"xpath","value":"//*[@id=\"__tile97\"]"}
COMMAND: POST /session/b476bfaa375639e21d3f0c4d73676959/element/f.1F07B75241787BF51536F41C8FA9D570.d.05B88879957895673F804ECF55FFABDC.e.3423/click - {}
RESULT: undefined
COMMAND: POST /session/b476bfaa375639e21d3f0c4d73676959/execute/async - {"script":"<script> [6424 bytes]","args":[{"element-6066-11e4-a52e-4f735466cecf":"f.1F07B75241787BF51536F41C8FA9D570.d.05B88879957895673F804ECF55FFABDC.e.291"},"getTitle",[]]}
COMMAND: POST /session/b476bfaa375639e21d3f0c4d73676959/execute/async - {"script":"<script> [1562 bytes]","args":[{"selector":{"id":"shellAppTitle"},"wdio_ui5_key":"shellAppTitle"}]}
RESULT: {"script":"<script> [1562 bytes]","args":[{"selector":{"id":"shellAppTitle"},"wdio_ui5_key":"shellAppTitle"}]}
COMMAND: POST /session/b476bfaa375639e21d3f0c4d73676959/execute/async - {"script":"<script> [6424 bytes]","args":[{"element-6066-11e4-a52e-4f735466cecf":"f.1F07B75241787BF51536F41C8FA9D570.d.05B88879957895673F804ECF55FFABDC.e.3443"},"getTitle",[]]}
RESULT: {"script":"<script> [6424 bytes]","args":[{"element-6066-11e4-a52e-4f735466cecf":"f.1F07B75241787BF51536F41C8FA9D570.d.05B88879957895673F804ECF55FFABDC.e.3443"},"getTitle",[]]}
RESULT: undefined
COMMAND: POST /session/b476bfaa375639e21d3f0c4d73676959/element/f.1F07B75241787BF51536F41C8FA9D570.d.05B88879957895673F804ECF55FFABDC.e.3421/click - {}
RESULT: {}
COMMAND: GET /session/b476bfaa375639e21d3f0c4d73676959/screenshot - {}
RESULT: {}
]]></system-out>
    </testcase>
    <testcase classname="chrome.136_0_7103_93.windows.Sanity_Tests_US104253" name="Should open Bin Status Report page" time="43.549">
      <system-out><![CDATA[
COMMAND: POST /session/b476bfaa375639e21d3f0c4d73676959/execute/async - {"script":"<script> [1562 bytes]","args":[{"selector":{"controlType":"sap.m.GenericTile","properties":{"header":"Bin Status Report"}},"wdio_ui5_key":"sapm.GenericTile{\"header\":\"Bin Status Report\"}"}]}
RESULT: {"script":"<script> [1562 bytes]","args":[{"selector":{"controlType":"sap.m.GenericTile","properties":{"header":"Bin Status Report"}},"wdio_ui5_key":"sapm.GenericTile{\"header\":\"Bin Status Report\"}"}]}
RESULT: undefined
COMMAND: POST /session/b476bfaa375639e21d3f0c4d73676959/element - {"using":"xpath","value":"//*[@id=\"__tile104\"]"}
RESULT: {"using":"xpath","value":"//*[@id=\"__tile104\"]"}
COMMAND: POST /session/b476bfaa375639e21d3f0c4d73676959/element/f.1F07B75241787BF51536F41C8FA9D570.d.05B88879957895673F804ECF55FFABDC.e.3445/click - {}
RESULT: {}
COMMAND: GET /session/b476bfaa375639e21d3f0c4d73676959/screenshot - {}
RESULT: {}
COMMAND: POST /session/b476bfaa375639e21d3f0c4d73676959/elements - {"using":"xpath","value":"//span[text()='Error']"}
RESULT: {"using":"xpath","value":"//span[text()='Error']"}
RESULT: undefined
COMMAND: POST /session/b476bfaa375639e21d3f0c4d73676959/element - {"using":"xpath","value":"//*[@id=\"__tile104\"]"}
RESULT: {"using":"xpath","value":"//*[@id=\"__tile104\"]"}
COMMAND: POST /session/b476bfaa375639e21d3f0c4d73676959/element/f.1F07B75241787BF51536F41C8FA9D570.d.05B88879957895673F804ECF55FFABDC.e.3445/click - {}
RESULT: undefined
COMMAND: POST /session/b476bfaa375639e21d3f0c4d73676959/element - {"using":"xpath","value":"//*[@id=\"__tile104\"]"}
RESULT: {"using":"xpath","value":"//*[@id=\"__tile104\"]"}
COMMAND: POST /session/b476bfaa375639e21d3f0c4d73676959/element/f.1F07B75241787BF51536F41C8FA9D570.d.05B88879957895673F804ECF55FFABDC.e.3445/click - {}
RESULT: undefined
COMMAND: POST /session/b476bfaa375639e21d3f0c4d73676959/execute/async - {"script":"<script> [6424 bytes]","args":[{"element-6066-11e4-a52e-4f735466cecf":"f.1F07B75241787BF51536F41C8FA9D570.d.05B88879957895673F804ECF55FFABDC.e.291"},"getTitle",[]]}
COMMAND: POST /session/b476bfaa375639e21d3f0c4d73676959/execute/async - {"script":"<script> [1562 bytes]","args":[{"selector":{"id":"shellAppTitle"},"wdio_ui5_key":"shellAppTitle"}]}
RESULT: {"script":"<script> [1562 bytes]","args":[{"selector":{"id":"shellAppTitle"},"wdio_ui5_key":"shellAppTitle"}]}
COMMAND: POST /session/b476bfaa375639e21d3f0c4d73676959/execute/async - {"script":"<script> [6424 bytes]","args":[{"element-6066-11e4-a52e-4f735466cecf":"f.1F07B75241787BF51536F41C8FA9D570.d.05B88879957895673F804ECF55FFABDC.e.3542"},"getTitle",[]]}
RESULT: {"script":"<script> [6424 bytes]","args":[{"element-6066-11e4-a52e-4f735466cecf":"f.1F07B75241787BF51536F41C8FA9D570.d.05B88879957895673F804ECF55FFABDC.e.3542"},"getTitle",[]]}
RESULT: undefined
COMMAND: POST /session/b476bfaa375639e21d3f0c4d73676959/element/f.1F07B75241787BF51536F41C8FA9D570.d.05B88879957895673F804ECF55FFABDC.e.3421/click - {}
COMMAND: POST /session/b476bfaa375639e21d3f0c4d73676959/element - {"using":"xpath","value":"//*[@id=\"backBtn\"]"}
RESULT: {"using":"xpath","value":"//*[@id=\"backBtn\"]"}
COMMAND: POST /session/b476bfaa375639e21d3f0c4d73676959/element/f.1F07B75241787BF51536F41C8FA9D570.d.05B88879957895673F804ECF55FFABDC.e.3421/click - {}
COMMAND: POST /session/b476bfaa375639e21d3f0c4d73676959/element - {"using":"xpath","value":"//*[@id=\"backBtn\"]"}
RESULT: {"using":"xpath","value":"//*[@id=\"backBtn\"]"}
COMMAND: POST /session/b476bfaa375639e21d3f0c4d73676959/element/f.1F07B75241787BF51536F41C8FA9D570.d.05B88879957895673F804ECF55FFABDC.e.3543/click - {}
RESULT: {}
COMMAND: GET /session/b476bfaa375639e21d3f0c4d73676959/screenshot - {}
RESULT: {}
]]></system-out>
    </testcase>
    <testcase classname="chrome.136_0_7103_93.windows.Sanity_Tests_US104253" name="Should open Manage Warehouse Movements page" time="39.95">
      <system-out><![CDATA[
COMMAND: POST /session/b476bfaa375639e21d3f0c4d73676959/execute/async - {"script":"<script> [1562 bytes]","args":[{"selector":{"controlType":"sap.m.GenericTile","properties":{"header":"Manage Warehouse Movements"}},"wdio_ui5_key":"sapm.GenericTile{\"header\":\"Manage Warehouse Movements\"}"}]}
RESULT: {"script":"<script> [1562 bytes]","args":[{"selector":{"controlType":"sap.m.GenericTile","properties":{"header":"Manage Warehouse Movements"}},"wdio_ui5_key":"sapm.GenericTile{\"header\":\"Manage Warehouse Movements\"}"}]}
RESULT: undefined
COMMAND: POST /session/b476bfaa375639e21d3f0c4d73676959/element - {"using":"xpath","value":"//*[@id=\"__tile105\"]"}
RESULT: {"using":"xpath","value":"//*[@id=\"__tile105\"]"}
COMMAND: POST /session/b476bfaa375639e21d3f0c4d73676959/element/f.1F07B75241787BF51536F41C8FA9D570.d.05B88879957895673F804ECF55FFABDC.e.3547/click - {}
RESULT: {}
COMMAND: GET /session/b476bfaa375639e21d3f0c4d73676959/screenshot - {}
RESULT: {}
COMMAND: POST /session/b476bfaa375639e21d3f0c4d73676959/elements - {"using":"xpath","value":"//span[text()='Error']"}
RESULT: {"using":"xpath","value":"//span[text()='Error']"}
RESULT: undefined
COMMAND: POST /session/b476bfaa375639e21d3f0c4d73676959/element - {"using":"xpath","value":"//*[@id=\"__tile105\"]"}
RESULT: {"using":"xpath","value":"//*[@id=\"__tile105\"]"}
COMMAND: POST /session/b476bfaa375639e21d3f0c4d73676959/element/f.1F07B75241787BF51536F41C8FA9D570.d.05B88879957895673F804ECF55FFABDC.e.3547/click - {}
RESULT: undefined
COMMAND: POST /session/b476bfaa375639e21d3f0c4d73676959/element - {"using":"xpath","value":"//*[@id=\"__tile105\"]"}
RESULT: {"using":"xpath","value":"//*[@id=\"__tile105\"]"}
COMMAND: POST /session/b476bfaa375639e21d3f0c4d73676959/element/f.1F07B75241787BF51536F41C8FA9D570.d.05B88879957895673F804ECF55FFABDC.e.3547/click - {}
RESULT: undefined
COMMAND: POST /session/b476bfaa375639e21d3f0c4d73676959/execute/async - {"script":"<script> [6424 bytes]","args":[{"element-6066-11e4-a52e-4f735466cecf":"f.1F07B75241787BF51536F41C8FA9D570.d.05B88879957895673F804ECF55FFABDC.e.291"},"getTitle",[]]}
COMMAND: POST /session/b476bfaa375639e21d3f0c4d73676959/execute/async - {"script":"<script> [1562 bytes]","args":[{"selector":{"id":"shellAppTitle"},"wdio_ui5_key":"shellAppTitle"}]}
RESULT: {"script":"<script> [1562 bytes]","args":[{"selector":{"id":"shellAppTitle"},"wdio_ui5_key":"shellAppTitle"}]}
COMMAND: POST /session/b476bfaa375639e21d3f0c4d73676959/execute/async - {"script":"<script> [6424 bytes]","args":[{"element-6066-11e4-a52e-4f735466cecf":"f.1F07B75241787BF51536F41C8FA9D570.d.05B88879957895673F804ECF55FFABDC.e.3634"},"getTitle",[]]}
RESULT: {"script":"<script> [6424 bytes]","args":[{"element-6066-11e4-a52e-4f735466cecf":"f.1F07B75241787BF51536F41C8FA9D570.d.05B88879957895673F804ECF55FFABDC.e.3634"},"getTitle",[]]}
RESULT: undefined
COMMAND: POST /session/b476bfaa375639e21d3f0c4d73676959/element/f.1F07B75241787BF51536F41C8FA9D570.d.05B88879957895673F804ECF55FFABDC.e.3543/click - {}
RESULT: {}
COMMAND: GET /session/b476bfaa375639e21d3f0c4d73676959/screenshot - {}
RESULT: {}
]]></system-out>
    </testcase>
    <testcase classname="chrome.136_0_7103_93.windows.Sanity_Tests_US104253" name="Should open Bin Inventory List page" time="40.506">
      <system-out><![CDATA[
COMMAND: POST /session/b476bfaa375639e21d3f0c4d73676959/execute/async - {"script":"<script> [1562 bytes]","args":[{"selector":{"controlType":"sap.m.GenericTile","properties":{"header":"Bin Inventory List"}},"wdio_ui5_key":"sapm.GenericTile{\"header\":\"Bin Inventory List\"}"}]}
RESULT: {"script":"<script> [1562 bytes]","args":[{"selector":{"controlType":"sap.m.GenericTile","properties":{"header":"Bin Inventory List"}},"wdio_ui5_key":"sapm.GenericTile{\"header\":\"Bin Inventory List\"}"}]}
RESULT: undefined
COMMAND: POST /session/b476bfaa375639e21d3f0c4d73676959/element - {"using":"xpath","value":"//*[@id=\"__tile103\"]"}
RESULT: {"using":"xpath","value":"//*[@id=\"__tile103\"]"}
COMMAND: POST /session/b476bfaa375639e21d3f0c4d73676959/element/f.1F07B75241787BF51536F41C8FA9D570.d.05B88879957895673F804ECF55FFABDC.e.3636/click - {}
RESULT: {}
COMMAND: GET /session/b476bfaa375639e21d3f0c4d73676959/screenshot - {}
RESULT: {}
COMMAND: POST /session/b476bfaa375639e21d3f0c4d73676959/elements - {"using":"xpath","value":"//span[text()='Error']"}
RESULT: {"using":"xpath","value":"//span[text()='Error']"}
RESULT: undefined
COMMAND: POST /session/b476bfaa375639e21d3f0c4d73676959/element - {"using":"xpath","value":"//*[@id=\"__tile103\"]"}
RESULT: {"using":"xpath","value":"//*[@id=\"__tile103\"]"}
COMMAND: POST /session/b476bfaa375639e21d3f0c4d73676959/element/f.1F07B75241787BF51536F41C8FA9D570.d.05B88879957895673F804ECF55FFABDC.e.3636/click - {}
RESULT: undefined
COMMAND: POST /session/b476bfaa375639e21d3f0c4d73676959/element - {"using":"xpath","value":"//*[@id=\"__tile103\"]"}
RESULT: {"using":"xpath","value":"//*[@id=\"__tile103\"]"}
COMMAND: POST /session/b476bfaa375639e21d3f0c4d73676959/element/f.1F07B75241787BF51536F41C8FA9D570.d.05B88879957895673F804ECF55FFABDC.e.3636/click - {}
RESULT: undefined
COMMAND: POST /session/b476bfaa375639e21d3f0c4d73676959/execute/async - {"script":"<script> [6424 bytes]","args":[{"element-6066-11e4-a52e-4f735466cecf":"f.1F07B75241787BF51536F41C8FA9D570.d.05B88879957895673F804ECF55FFABDC.e.291"},"getTitle",[]]}
COMMAND: POST /session/b476bfaa375639e21d3f0c4d73676959/execute/async - {"script":"<script> [1562 bytes]","args":[{"selector":{"id":"shellAppTitle"},"wdio_ui5_key":"shellAppTitle"}]}
RESULT: {"script":"<script> [1562 bytes]","args":[{"selector":{"id":"shellAppTitle"},"wdio_ui5_key":"shellAppTitle"}]}
COMMAND: POST /session/b476bfaa375639e21d3f0c4d73676959/execute/async - {"script":"<script> [6424 bytes]","args":[{"element-6066-11e4-a52e-4f735466cecf":"f.1F07B75241787BF51536F41C8FA9D570.d.05B88879957895673F804ECF55FFABDC.e.3730"},"getTitle",[]]}
RESULT: {"script":"<script> [6424 bytes]","args":[{"element-6066-11e4-a52e-4f735466cecf":"f.1F07B75241787BF51536F41C8FA9D570.d.05B88879957895673F804ECF55FFABDC.e.3730"},"getTitle",[]]}
RESULT: undefined
COMMAND: POST /session/b476bfaa375639e21d3f0c4d73676959/element/f.1F07B75241787BF51536F41C8FA9D570.d.05B88879957895673F804ECF55FFABDC.e.3543/click - {}
COMMAND: POST /session/b476bfaa375639e21d3f0c4d73676959/element - {"using":"xpath","value":"//*[@id=\"backBtn\"]"}
RESULT: {"using":"xpath","value":"//*[@id=\"backBtn\"]"}
COMMAND: POST /session/b476bfaa375639e21d3f0c4d73676959/element/f.1F07B75241787BF51536F41C8FA9D570.d.05B88879957895673F804ECF55FFABDC.e.3543/click - {}
COMMAND: POST /session/b476bfaa375639e21d3f0c4d73676959/element - {"using":"xpath","value":"//*[@id=\"backBtn\"]"}
RESULT: {"using":"xpath","value":"//*[@id=\"backBtn\"]"}
COMMAND: POST /session/b476bfaa375639e21d3f0c4d73676959/element/f.1F07B75241787BF51536F41C8FA9D570.d.05B88879957895673F804ECF55FFABDC.e.3731/click - {}
RESULT: {}
COMMAND: GET /session/b476bfaa375639e21d3f0c4d73676959/screenshot - {}
RESULT: {}
]]></system-out>
    </testcase>
    <testcase classname="chrome.136_0_7103_93.windows.Sanity_Tests_US104253" name="Should open ISC Templates page" time="42.543">
      <system-out><![CDATA[
COMMAND: POST /session/b476bfaa375639e21d3f0c4d73676959/execute/async - {"script":"<script> [1562 bytes]","args":[{"selector":{"controlType":"sap.m.GenericTile","properties":{"header":"ISC Templates"}},"wdio_ui5_key":"sapm.GenericTile{\"header\":\"ISC Templates\"}"}]}
RESULT: {"script":"<script> [1562 bytes]","args":[{"selector":{"controlType":"sap.m.GenericTile","properties":{"header":"ISC Templates"}},"wdio_ui5_key":"sapm.GenericTile{\"header\":\"ISC Templates\"}"}]}
RESULT: undefined
COMMAND: POST /session/b476bfaa375639e21d3f0c4d73676959/element - {"using":"xpath","value":"//*[@id=\"__tile111\"]"}
RESULT: {"using":"xpath","value":"//*[@id=\"__tile111\"]"}
COMMAND: POST /session/b476bfaa375639e21d3f0c4d73676959/element/f.1F07B75241787BF51536F41C8FA9D570.d.05B88879957895673F804ECF55FFABDC.e.3733/click - {}
RESULT: {}
COMMAND: GET /session/b476bfaa375639e21d3f0c4d73676959/screenshot - {}
RESULT: {}
COMMAND: POST /session/b476bfaa375639e21d3f0c4d73676959/elements - {"using":"xpath","value":"//span[text()='Error']"}
RESULT: {"using":"xpath","value":"//span[text()='Error']"}
RESULT: undefined
COMMAND: POST /session/b476bfaa375639e21d3f0c4d73676959/element - {"using":"xpath","value":"//*[@id=\"__tile111\"]"}
RESULT: {"using":"xpath","value":"//*[@id=\"__tile111\"]"}
COMMAND: POST /session/b476bfaa375639e21d3f0c4d73676959/element/f.1F07B75241787BF51536F41C8FA9D570.d.05B88879957895673F804ECF55FFABDC.e.3733/click - {}
RESULT: undefined
COMMAND: POST /session/b476bfaa375639e21d3f0c4d73676959/element - {"using":"xpath","value":"//*[@id=\"__tile111\"]"}
RESULT: {"using":"xpath","value":"//*[@id=\"__tile111\"]"}
COMMAND: POST /session/b476bfaa375639e21d3f0c4d73676959/element/f.1F07B75241787BF51536F41C8FA9D570.d.05B88879957895673F804ECF55FFABDC.e.3733/click - {}
RESULT: undefined
COMMAND: POST /session/b476bfaa375639e21d3f0c4d73676959/execute/async - {"script":"<script> [6424 bytes]","args":[{"element-6066-11e4-a52e-4f735466cecf":"f.1F07B75241787BF51536F41C8FA9D570.d.05B88879957895673F804ECF55FFABDC.e.291"},"getTitle",[]]}
COMMAND: POST /session/b476bfaa375639e21d3f0c4d73676959/execute/async - {"script":"<script> [1562 bytes]","args":[{"selector":{"id":"shellAppTitle"},"wdio_ui5_key":"shellAppTitle"}]}
RESULT: {"script":"<script> [1562 bytes]","args":[{"selector":{"id":"shellAppTitle"},"wdio_ui5_key":"shellAppTitle"}]}
COMMAND: POST /session/b476bfaa375639e21d3f0c4d73676959/execute/async - {"script":"<script> [6424 bytes]","args":[{"element-6066-11e4-a52e-4f735466cecf":"f.1F07B75241787BF51536F41C8FA9D570.d.05B88879957895673F804ECF55FFABDC.e.3807"},"getTitle",[]]}
RESULT: {"script":"<script> [6424 bytes]","args":[{"element-6066-11e4-a52e-4f735466cecf":"f.1F07B75241787BF51536F41C8FA9D570.d.05B88879957895673F804ECF55FFABDC.e.3807"},"getTitle",[]]}
RESULT: undefined
COMMAND: POST /session/b476bfaa375639e21d3f0c4d73676959/element/f.1F07B75241787BF51536F41C8FA9D570.d.05B88879957895673F804ECF55FFABDC.e.3731/click - {}
RESULT: {}
COMMAND: GET /session/b476bfaa375639e21d3f0c4d73676959/screenshot - {}
RESULT: {}
]]></system-out>
    </testcase>
    <testcase classname="chrome.136_0_7103_93.windows.Sanity_Tests_US104253" name="Should open ISC Schedules page" time="41.116">
      <system-out><![CDATA[
COMMAND: POST /session/b476bfaa375639e21d3f0c4d73676959/execute/async - {"script":"<script> [1562 bytes]","args":[{"selector":{"controlType":"sap.m.GenericTile","properties":{"header":"ISC Schedules"}},"wdio_ui5_key":"sapm.GenericTile{\"header\":\"ISC Schedules\"}"}]}
RESULT: {"script":"<script> [1562 bytes]","args":[{"selector":{"controlType":"sap.m.GenericTile","properties":{"header":"ISC Schedules"}},"wdio_ui5_key":"sapm.GenericTile{\"header\":\"ISC Schedules\"}"}]}
RESULT: undefined
COMMAND: POST /session/b476bfaa375639e21d3f0c4d73676959/element - {"using":"xpath","value":"//*[@id=\"__tile109\"]"}
RESULT: {"using":"xpath","value":"//*[@id=\"__tile109\"]"}
COMMAND: POST /session/b476bfaa375639e21d3f0c4d73676959/element/f.1F07B75241787BF51536F41C8FA9D570.d.05B88879957895673F804ECF55FFABDC.e.3810/click - {}
RESULT: {}
COMMAND: GET /session/b476bfaa375639e21d3f0c4d73676959/screenshot - {}
RESULT: {}
COMMAND: POST /session/b476bfaa375639e21d3f0c4d73676959/elements - {"using":"xpath","value":"//span[text()='Error']"}
RESULT: {"using":"xpath","value":"//span[text()='Error']"}
RESULT: undefined
COMMAND: POST /session/b476bfaa375639e21d3f0c4d73676959/element - {"using":"xpath","value":"//*[@id=\"__tile109\"]"}
RESULT: {"using":"xpath","value":"//*[@id=\"__tile109\"]"}
COMMAND: POST /session/b476bfaa375639e21d3f0c4d73676959/element/f.1F07B75241787BF51536F41C8FA9D570.d.05B88879957895673F804ECF55FFABDC.e.3810/click - {}
RESULT: undefined
COMMAND: POST /session/b476bfaa375639e21d3f0c4d73676959/element - {"using":"xpath","value":"//*[@id=\"__tile109\"]"}
RESULT: {"using":"xpath","value":"//*[@id=\"__tile109\"]"}
COMMAND: POST /session/b476bfaa375639e21d3f0c4d73676959/element/f.1F07B75241787BF51536F41C8FA9D570.d.05B88879957895673F804ECF55FFABDC.e.3810/click - {}
RESULT: undefined
COMMAND: POST /session/b476bfaa375639e21d3f0c4d73676959/execute/async - {"script":"<script> [6424 bytes]","args":[{"element-6066-11e4-a52e-4f735466cecf":"f.1F07B75241787BF51536F41C8FA9D570.d.05B88879957895673F804ECF55FFABDC.e.291"},"getTitle",[]]}
COMMAND: POST /session/b476bfaa375639e21d3f0c4d73676959/execute/async - {"script":"<script> [1562 bytes]","args":[{"selector":{"id":"shellAppTitle"},"wdio_ui5_key":"shellAppTitle"}]}
RESULT: {"script":"<script> [1562 bytes]","args":[{"selector":{"id":"shellAppTitle"},"wdio_ui5_key":"shellAppTitle"}]}
COMMAND: POST /session/b476bfaa375639e21d3f0c4d73676959/execute/async - {"script":"<script> [6424 bytes]","args":[{"element-6066-11e4-a52e-4f735466cecf":"f.1F07B75241787BF51536F41C8FA9D570.d.05B88879957895673F804ECF55FFABDC.e.3888"},"getTitle",[]]}
RESULT: {"script":"<script> [6424 bytes]","args":[{"element-6066-11e4-a52e-4f735466cecf":"f.1F07B75241787BF51536F41C8FA9D570.d.05B88879957895673F804ECF55FFABDC.e.3888"},"getTitle",[]]}
RESULT: undefined
COMMAND: POST /session/b476bfaa375639e21d3f0c4d73676959/element/f.1F07B75241787BF51536F41C8FA9D570.d.05B88879957895673F804ECF55FFABDC.e.3731/click - {}
COMMAND: POST /session/b476bfaa375639e21d3f0c4d73676959/element - {"using":"xpath","value":"//*[@id=\"backBtn\"]"}
RESULT: {"using":"xpath","value":"//*[@id=\"backBtn\"]"}
COMMAND: POST /session/b476bfaa375639e21d3f0c4d73676959/element/f.1F07B75241787BF51536F41C8FA9D570.d.05B88879957895673F804ECF55FFABDC.e.3731/click - {}
COMMAND: POST /session/b476bfaa375639e21d3f0c4d73676959/element - {"using":"xpath","value":"//*[@id=\"backBtn\"]"}
RESULT: {"using":"xpath","value":"//*[@id=\"backBtn\"]"}
COMMAND: POST /session/b476bfaa375639e21d3f0c4d73676959/element/f.1F07B75241787BF51536F41C8FA9D570.d.05B88879957895673F804ECF55FFABDC.e.3889/click - {}
RESULT: {}
COMMAND: GET /session/b476bfaa375639e21d3f0c4d73676959/screenshot - {}
RESULT: {}
]]></system-out>
    </testcase>
    <testcase classname="chrome.136_0_7103_93.windows.Sanity_Tests_US104253" name="Should open ISC Dashboard page" time="39.968">
      <system-out><![CDATA[
COMMAND: POST /session/b476bfaa375639e21d3f0c4d73676959/execute/async - {"script":"<script> [1562 bytes]","args":[{"selector":{"controlType":"sap.m.GenericTile","properties":{"header":"ISC Dashboard"}},"wdio_ui5_key":"sapm.GenericTile{\"header\":\"ISC Dashboard\"}"}]}
RESULT: {"script":"<script> [1562 bytes]","args":[{"selector":{"controlType":"sap.m.GenericTile","properties":{"header":"ISC Dashboard"}},"wdio_ui5_key":"sapm.GenericTile{\"header\":\"ISC Dashboard\"}"}]}
RESULT: undefined
COMMAND: POST /session/b476bfaa375639e21d3f0c4d73676959/element - {"using":"xpath","value":"//*[@id=\"__tile106\"]"}
RESULT: {"using":"xpath","value":"//*[@id=\"__tile106\"]"}
COMMAND: POST /session/b476bfaa375639e21d3f0c4d73676959/element/f.1F07B75241787BF51536F41C8FA9D570.d.05B88879957895673F804ECF55FFABDC.e.3891/click - {}
RESULT: {}
COMMAND: GET /session/b476bfaa375639e21d3f0c4d73676959/screenshot - {}
RESULT: {}
COMMAND: POST /session/b476bfaa375639e21d3f0c4d73676959/elements - {"using":"xpath","value":"//span[text()='Error']"}
RESULT: {"using":"xpath","value":"//span[text()='Error']"}
RESULT: undefined
COMMAND: POST /session/b476bfaa375639e21d3f0c4d73676959/element - {"using":"xpath","value":"//*[@id=\"__tile106\"]"}
RESULT: {"using":"xpath","value":"//*[@id=\"__tile106\"]"}
COMMAND: POST /session/b476bfaa375639e21d3f0c4d73676959/element/f.1F07B75241787BF51536F41C8FA9D570.d.05B88879957895673F804ECF55FFABDC.e.3891/click - {}
RESULT: undefined
COMMAND: POST /session/b476bfaa375639e21d3f0c4d73676959/element - {"using":"xpath","value":"//*[@id=\"__tile106\"]"}
RESULT: {"using":"xpath","value":"//*[@id=\"__tile106\"]"}
COMMAND: POST /session/b476bfaa375639e21d3f0c4d73676959/element/f.1F07B75241787BF51536F41C8FA9D570.d.05B88879957895673F804ECF55FFABDC.e.3891/click - {}
RESULT: undefined
COMMAND: POST /session/b476bfaa375639e21d3f0c4d73676959/execute/async - {"script":"<script> [6424 bytes]","args":[{"element-6066-11e4-a52e-4f735466cecf":"f.1F07B75241787BF51536F41C8FA9D570.d.05B88879957895673F804ECF55FFABDC.e.291"},"getTitle",[]]}
COMMAND: POST /session/b476bfaa375639e21d3f0c4d73676959/execute/async - {"script":"<script> [1562 bytes]","args":[{"selector":{"id":"shellAppTitle"},"wdio_ui5_key":"shellAppTitle"}]}
RESULT: {"script":"<script> [1562 bytes]","args":[{"selector":{"id":"shellAppTitle"},"wdio_ui5_key":"shellAppTitle"}]}
COMMAND: POST /session/b476bfaa375639e21d3f0c4d73676959/execute/async - {"script":"<script> [6424 bytes]","args":[{"element-6066-11e4-a52e-4f735466cecf":"f.1F07B75241787BF51536F41C8FA9D570.d.05B88879957895673F804ECF55FFABDC.e.4011"},"getTitle",[]]}
RESULT: {"script":"<script> [6424 bytes]","args":[{"element-6066-11e4-a52e-4f735466cecf":"f.1F07B75241787BF51536F41C8FA9D570.d.05B88879957895673F804ECF55FFABDC.e.4011"},"getTitle",[]]}
RESULT: undefined
COMMAND: POST /session/b476bfaa375639e21d3f0c4d73676959/element/f.1F07B75241787BF51536F41C8FA9D570.d.05B88879957895673F804ECF55FFABDC.e.3889/click - {}
RESULT: {}
COMMAND: GET /session/b476bfaa375639e21d3f0c4d73676959/screenshot - {}
RESULT: {}
]]></system-out>
    </testcase>
    <testcase classname="chrome.136_0_7103_93.windows.Sanity_Tests_US104253" name="Should open ISC Orders page" time="37.396">
      <system-out><![CDATA[
COMMAND: POST /session/b476bfaa375639e21d3f0c4d73676959/execute/async - {"script":"<script> [1562 bytes]","args":[{"selector":{"controlType":"sap.m.GenericTile","properties":{"header":"ISC Orders"}},"wdio_ui5_key":"sapm.GenericTile{\"header\":\"ISC Orders\"}"}]}
RESULT: {"script":"<script> [1562 bytes]","args":[{"selector":{"controlType":"sap.m.GenericTile","properties":{"header":"ISC Orders"}},"wdio_ui5_key":"sapm.GenericTile{\"header\":\"ISC Orders\"}"}]}
RESULT: undefined
COMMAND: POST /session/b476bfaa375639e21d3f0c4d73676959/element - {"using":"xpath","value":"//*[@id=\"__tile108\"]"}
RESULT: {"using":"xpath","value":"//*[@id=\"__tile108\"]"}
COMMAND: POST /session/b476bfaa375639e21d3f0c4d73676959/element/f.1F07B75241787BF51536F41C8FA9D570.d.05B88879957895673F804ECF55FFABDC.e.4013/click - {}
RESULT: {}
COMMAND: GET /session/b476bfaa375639e21d3f0c4d73676959/screenshot - {}
RESULT: {}
COMMAND: POST /session/b476bfaa375639e21d3f0c4d73676959/elements - {"using":"xpath","value":"//span[text()='Error']"}
RESULT: {"using":"xpath","value":"//span[text()='Error']"}
RESULT: undefined
COMMAND: POST /session/b476bfaa375639e21d3f0c4d73676959/element - {"using":"xpath","value":"//*[@id=\"__tile108\"]"}
RESULT: {"using":"xpath","value":"//*[@id=\"__tile108\"]"}
COMMAND: POST /session/b476bfaa375639e21d3f0c4d73676959/element/f.1F07B75241787BF51536F41C8FA9D570.d.05B88879957895673F804ECF55FFABDC.e.4013/click - {}
RESULT: undefined
COMMAND: POST /session/b476bfaa375639e21d3f0c4d73676959/element - {"using":"xpath","value":"//*[@id=\"__tile108\"]"}
RESULT: {"using":"xpath","value":"//*[@id=\"__tile108\"]"}
COMMAND: POST /session/b476bfaa375639e21d3f0c4d73676959/element/f.1F07B75241787BF51536F41C8FA9D570.d.05B88879957895673F804ECF55FFABDC.e.4013/click - {}
RESULT: undefined
COMMAND: POST /session/b476bfaa375639e21d3f0c4d73676959/execute/async - {"script":"<script> [6424 bytes]","args":[{"element-6066-11e4-a52e-4f735466cecf":"f.1F07B75241787BF51536F41C8FA9D570.d.05B88879957895673F804ECF55FFABDC.e.291"},"getTitle",[]]}
COMMAND: POST /session/b476bfaa375639e21d3f0c4d73676959/execute/async - {"script":"<script> [1562 bytes]","args":[{"selector":{"id":"shellAppTitle"},"wdio_ui5_key":"shellAppTitle"}]}
RESULT: {"script":"<script> [1562 bytes]","args":[{"selector":{"id":"shellAppTitle"},"wdio_ui5_key":"shellAppTitle"}]}
COMMAND: POST /session/b476bfaa375639e21d3f0c4d73676959/execute/async - {"script":"<script> [6424 bytes]","args":[{"element-6066-11e4-a52e-4f735466cecf":"f.1F07B75241787BF51536F41C8FA9D570.d.05B88879957895673F804ECF55FFABDC.e.4127"},"getTitle",[]]}
RESULT: {"script":"<script> [6424 bytes]","args":[{"element-6066-11e4-a52e-4f735466cecf":"f.1F07B75241787BF51536F41C8FA9D570.d.05B88879957895673F804ECF55FFABDC.e.4127"},"getTitle",[]]}
RESULT: undefined
COMMAND: POST /session/b476bfaa375639e21d3f0c4d73676959/element/f.1F07B75241787BF51536F41C8FA9D570.d.05B88879957895673F804ECF55FFABDC.e.3889/click - {}
COMMAND: POST /session/b476bfaa375639e21d3f0c4d73676959/element - {"using":"xpath","value":"//*[@id=\"backBtn\"]"}
RESULT: {"using":"xpath","value":"//*[@id=\"backBtn\"]"}
COMMAND: POST /session/b476bfaa375639e21d3f0c4d73676959/element/f.1F07B75241787BF51536F41C8FA9D570.d.05B88879957895673F804ECF55FFABDC.e.3889/click - {}
COMMAND: POST /session/b476bfaa375639e21d3f0c4d73676959/element - {"using":"xpath","value":"//*[@id=\"backBtn\"]"}
RESULT: {"using":"xpath","value":"//*[@id=\"backBtn\"]"}
COMMAND: POST /session/b476bfaa375639e21d3f0c4d73676959/element/f.1F07B75241787BF51536F41C8FA9D570.d.05B88879957895673F804ECF55FFABDC.e.4128/click - {}
RESULT: {}
COMMAND: GET /session/b476bfaa375639e21d3f0c4d73676959/screenshot - {}
RESULT: {}
]]></system-out>
    </testcase>
    <testcase classname="chrome.136_0_7103_93.windows.Sanity_Tests_US104253" name="Should open ISC Tasks page" time="39.649">
      <system-out><![CDATA[
COMMAND: POST /session/b476bfaa375639e21d3f0c4d73676959/execute/async - {"script":"<script> [1562 bytes]","args":[{"selector":{"controlType":"sap.m.GenericTile","properties":{"header":"ISC Tasks"}},"wdio_ui5_key":"sapm.GenericTile{\"header\":\"ISC Tasks\"}"}]}
RESULT: {"script":"<script> [1562 bytes]","args":[{"selector":{"controlType":"sap.m.GenericTile","properties":{"header":"ISC Tasks"}},"wdio_ui5_key":"sapm.GenericTile{\"header\":\"ISC Tasks\"}"}]}
RESULT: undefined
COMMAND: POST /session/b476bfaa375639e21d3f0c4d73676959/element - {"using":"xpath","value":"//*[@id=\"__tile110\"]"}
RESULT: {"using":"xpath","value":"//*[@id=\"__tile110\"]"}
COMMAND: POST /session/b476bfaa375639e21d3f0c4d73676959/element/f.1F07B75241787BF51536F41C8FA9D570.d.05B88879957895673F804ECF55FFABDC.e.4130/click - {}
RESULT: {}
COMMAND: GET /session/b476bfaa375639e21d3f0c4d73676959/screenshot - {}
RESULT: {}
COMMAND: POST /session/b476bfaa375639e21d3f0c4d73676959/elements - {"using":"xpath","value":"//span[text()='Error']"}
RESULT: {"using":"xpath","value":"//span[text()='Error']"}
RESULT: undefined
COMMAND: POST /session/b476bfaa375639e21d3f0c4d73676959/element - {"using":"xpath","value":"//*[@id=\"__tile110\"]"}
RESULT: {"using":"xpath","value":"//*[@id=\"__tile110\"]"}
COMMAND: POST /session/b476bfaa375639e21d3f0c4d73676959/element/f.1F07B75241787BF51536F41C8FA9D570.d.05B88879957895673F804ECF55FFABDC.e.4130/click - {}
RESULT: undefined
COMMAND: POST /session/b476bfaa375639e21d3f0c4d73676959/element - {"using":"xpath","value":"//*[@id=\"__tile110\"]"}
RESULT: {"using":"xpath","value":"//*[@id=\"__tile110\"]"}
COMMAND: POST /session/b476bfaa375639e21d3f0c4d73676959/element/f.1F07B75241787BF51536F41C8FA9D570.d.05B88879957895673F804ECF55FFABDC.e.4130/click - {}
RESULT: undefined
COMMAND: POST /session/b476bfaa375639e21d3f0c4d73676959/execute/async - {"script":"<script> [6424 bytes]","args":[{"element-6066-11e4-a52e-4f735466cecf":"f.1F07B75241787BF51536F41C8FA9D570.d.05B88879957895673F804ECF55FFABDC.e.291"},"getTitle",[]]}
COMMAND: POST /session/b476bfaa375639e21d3f0c4d73676959/execute/async - {"script":"<script> [1562 bytes]","args":[{"selector":{"id":"shellAppTitle"},"wdio_ui5_key":"shellAppTitle"}]}
RESULT: {"script":"<script> [1562 bytes]","args":[{"selector":{"id":"shellAppTitle"},"wdio_ui5_key":"shellAppTitle"}]}
COMMAND: POST /session/b476bfaa375639e21d3f0c4d73676959/execute/async - {"script":"<script> [6424 bytes]","args":[{"element-6066-11e4-a52e-4f735466cecf":"f.1F07B75241787BF51536F41C8FA9D570.d.05B88879957895673F804ECF55FFABDC.e.4218"},"getTitle",[]]}
RESULT: {"script":"<script> [6424 bytes]","args":[{"element-6066-11e4-a52e-4f735466cecf":"f.1F07B75241787BF51536F41C8FA9D570.d.05B88879957895673F804ECF55FFABDC.e.4218"},"getTitle",[]]}
RESULT: undefined
COMMAND: POST /session/b476bfaa375639e21d3f0c4d73676959/element/f.1F07B75241787BF51536F41C8FA9D570.d.05B88879957895673F804ECF55FFABDC.e.4128/click - {}
RESULT: {}
COMMAND: GET /session/b476bfaa375639e21d3f0c4d73676959/screenshot - {}
RESULT: {}
]]></system-out>
    </testcase>
    <testcase classname="chrome.136_0_7103_93.windows.Sanity_Tests_US104253" name="Should open Manage Resource Logbook page" time="39.214">
      <system-out><![CDATA[
COMMAND: POST /session/b476bfaa375639e21d3f0c4d73676959/execute/async - {"script":"<script> [1562 bytes]","args":[{"selector":{"controlType":"sap.m.GenericTile","properties":{"header":"Manage Resource Logbook"}},"wdio_ui5_key":"sapm.GenericTile{\"header\":\"Manage Resource Logbook\"}"}]}
RESULT: {"script":"<script> [1562 bytes]","args":[{"selector":{"controlType":"sap.m.GenericTile","properties":{"header":"Manage Resource Logbook"}},"wdio_ui5_key":"sapm.GenericTile{\"header\":\"Manage Resource Logbook\"}"}]}
RESULT: undefined
COMMAND: POST /session/b476bfaa375639e21d3f0c4d73676959/element - {"using":"xpath","value":"//*[@id=\"__tile113\"]"}
RESULT: {"using":"xpath","value":"//*[@id=\"__tile113\"]"}
COMMAND: POST /session/b476bfaa375639e21d3f0c4d73676959/element/f.1F07B75241787BF51536F41C8FA9D570.d.05B88879957895673F804ECF55FFABDC.e.4220/click - {}
RESULT: {}
COMMAND: GET /session/b476bfaa375639e21d3f0c4d73676959/screenshot - {}
RESULT: {}
COMMAND: POST /session/b476bfaa375639e21d3f0c4d73676959/elements - {"using":"xpath","value":"//span[text()='Error']"}
RESULT: {"using":"xpath","value":"//span[text()='Error']"}
RESULT: undefined
COMMAND: POST /session/b476bfaa375639e21d3f0c4d73676959/element - {"using":"xpath","value":"//*[@id=\"__tile113\"]"}
RESULT: {"using":"xpath","value":"//*[@id=\"__tile113\"]"}
COMMAND: POST /session/b476bfaa375639e21d3f0c4d73676959/element/f.1F07B75241787BF51536F41C8FA9D570.d.05B88879957895673F804ECF55FFABDC.e.4220/click - {}
RESULT: undefined
COMMAND: POST /session/b476bfaa375639e21d3f0c4d73676959/element - {"using":"xpath","value":"//*[@id=\"__tile113\"]"}
RESULT: {"using":"xpath","value":"//*[@id=\"__tile113\"]"}
COMMAND: POST /session/b476bfaa375639e21d3f0c4d73676959/element/f.1F07B75241787BF51536F41C8FA9D570.d.05B88879957895673F804ECF55FFABDC.e.4220/click - {}
RESULT: undefined
COMMAND: POST /session/b476bfaa375639e21d3f0c4d73676959/execute/async - {"script":"<script> [6424 bytes]","args":[{"element-6066-11e4-a52e-4f735466cecf":"f.1F07B75241787BF51536F41C8FA9D570.d.05B88879957895673F804ECF55FFABDC.e.291"},"getTitle",[]]}
COMMAND: POST /session/b476bfaa375639e21d3f0c4d73676959/execute/async - {"script":"<script> [1562 bytes]","args":[{"selector":{"id":"shellAppTitle"},"wdio_ui5_key":"shellAppTitle"}]}
RESULT: {"script":"<script> [1562 bytes]","args":[{"selector":{"id":"shellAppTitle"},"wdio_ui5_key":"shellAppTitle"}]}
COMMAND: POST /session/b476bfaa375639e21d3f0c4d73676959/execute/async - {"script":"<script> [6424 bytes]","args":[{"element-6066-11e4-a52e-4f735466cecf":"f.1F07B75241787BF51536F41C8FA9D570.d.05B88879957895673F804ECF55FFABDC.e.4325"},"getTitle",[]]}
RESULT: {"script":"<script> [6424 bytes]","args":[{"element-6066-11e4-a52e-4f735466cecf":"f.1F07B75241787BF51536F41C8FA9D570.d.05B88879957895673F804ECF55FFABDC.e.4325"},"getTitle",[]]}
RESULT: undefined
COMMAND: POST /session/b476bfaa375639e21d3f0c4d73676959/element/f.1F07B75241787BF51536F41C8FA9D570.d.05B88879957895673F804ECF55FFABDC.e.4128/click - {}
COMMAND: POST /session/b476bfaa375639e21d3f0c4d73676959/element - {"using":"xpath","value":"//*[@id=\"backBtn\"]"}
RESULT: {"using":"xpath","value":"//*[@id=\"backBtn\"]"}
COMMAND: POST /session/b476bfaa375639e21d3f0c4d73676959/element/f.1F07B75241787BF51536F41C8FA9D570.d.05B88879957895673F804ECF55FFABDC.e.4128/click - {}
COMMAND: POST /session/b476bfaa375639e21d3f0c4d73676959/element - {"using":"xpath","value":"//*[@id=\"backBtn\"]"}
RESULT: {"using":"xpath","value":"//*[@id=\"backBtn\"]"}
COMMAND: POST /session/b476bfaa375639e21d3f0c4d73676959/element/f.1F07B75241787BF51536F41C8FA9D570.d.05B88879957895673F804ECF55FFABDC.e.4326/click - {}
RESULT: {}
COMMAND: GET /session/b476bfaa375639e21d3f0c4d73676959/screenshot - {}
RESULT: {}
]]></system-out>
    </testcase>
    <testcase classname="chrome.136_0_7103_93.windows.Sanity_Tests_US104253" name="Should open Manage Logbook page" time="44.133">
      <system-out><![CDATA[
COMMAND: POST /session/b476bfaa375639e21d3f0c4d73676959/execute/async - {"script":"<script> [1562 bytes]","args":[{"selector":{"controlType":"sap.m.GenericTile","properties":{"header":"Manage Logbook"}},"wdio_ui5_key":"sapm.GenericTile{\"header\":\"Manage Logbook\"}"}]}
RESULT: {"script":"<script> [1562 bytes]","args":[{"selector":{"controlType":"sap.m.GenericTile","properties":{"header":"Manage Logbook"}},"wdio_ui5_key":"sapm.GenericTile{\"header\":\"Manage Logbook\"}"}]}
RESULT: undefined
COMMAND: POST /session/b476bfaa375639e21d3f0c4d73676959/element - {"using":"xpath","value":"//*[@id=\"__tile112\"]"}
RESULT: {"using":"xpath","value":"//*[@id=\"__tile112\"]"}
COMMAND: POST /session/b476bfaa375639e21d3f0c4d73676959/element/f.1F07B75241787BF51536F41C8FA9D570.d.05B88879957895673F804ECF55FFABDC.e.4328/click - {}
RESULT: {}
COMMAND: GET /session/b476bfaa375639e21d3f0c4d73676959/screenshot - {}
RESULT: {}
COMMAND: POST /session/b476bfaa375639e21d3f0c4d73676959/elements - {"using":"xpath","value":"//span[text()='Error']"}
RESULT: {"using":"xpath","value":"//span[text()='Error']"}
RESULT: undefined
COMMAND: POST /session/b476bfaa375639e21d3f0c4d73676959/element - {"using":"xpath","value":"//*[@id=\"__tile112\"]"}
RESULT: {"using":"xpath","value":"//*[@id=\"__tile112\"]"}
COMMAND: POST /session/b476bfaa375639e21d3f0c4d73676959/element/f.1F07B75241787BF51536F41C8FA9D570.d.05B88879957895673F804ECF55FFABDC.e.4328/click - {}
RESULT: undefined
COMMAND: POST /session/b476bfaa375639e21d3f0c4d73676959/element - {"using":"xpath","value":"//*[@id=\"__tile112\"]"}
RESULT: {"using":"xpath","value":"//*[@id=\"__tile112\"]"}
COMMAND: POST /session/b476bfaa375639e21d3f0c4d73676959/element/f.1F07B75241787BF51536F41C8FA9D570.d.05B88879957895673F804ECF55FFABDC.e.4328/click - {}
RESULT: undefined
COMMAND: POST /session/b476bfaa375639e21d3f0c4d73676959/execute/async - {"script":"<script> [6424 bytes]","args":[{"element-6066-11e4-a52e-4f735466cecf":"f.1F07B75241787BF51536F41C8FA9D570.d.05B88879957895673F804ECF55FFABDC.e.291"},"getTitle",[]]}
COMMAND: POST /session/b476bfaa375639e21d3f0c4d73676959/execute/async - {"script":"<script> [1562 bytes]","args":[{"selector":{"id":"shellAppTitle"},"wdio_ui5_key":"shellAppTitle"}]}
RESULT: {"script":"<script> [1562 bytes]","args":[{"selector":{"id":"shellAppTitle"},"wdio_ui5_key":"shellAppTitle"}]}
COMMAND: POST /session/b476bfaa375639e21d3f0c4d73676959/execute/async - {"script":"<script> [6424 bytes]","args":[{"element-6066-11e4-a52e-4f735466cecf":"f.1F07B75241787BF51536F41C8FA9D570.d.05B88879957895673F804ECF55FFABDC.e.4413"},"getTitle",[]]}
RESULT: {"script":"<script> [6424 bytes]","args":[{"element-6066-11e4-a52e-4f735466cecf":"f.1F07B75241787BF51536F41C8FA9D570.d.05B88879957895673F804ECF55FFABDC.e.4413"},"getTitle",[]]}
RESULT: undefined
COMMAND: POST /session/b476bfaa375639e21d3f0c4d73676959/element/f.1F07B75241787BF51536F41C8FA9D570.d.05B88879957895673F804ECF55FFABDC.e.4326/click - {}
RESULT: {}
COMMAND: GET /session/b476bfaa375639e21d3f0c4d73676959/screenshot - {}
RESULT: {}
]]></system-out>
    </testcase>
    <testcase classname="chrome.136_0_7103_93.windows.Sanity_Tests_US104253" name="Should open ISC Orders Calendar page" time="41.396">
      <system-out><![CDATA[
COMMAND: POST /session/b476bfaa375639e21d3f0c4d73676959/execute/async - {"script":"<script> [1562 bytes]","args":[{"selector":{"controlType":"sap.m.GenericTile","properties":{"header":"ISC Orders Calendar"}},"wdio_ui5_key":"sapm.GenericTile{\"header\":\"ISC Orders Calendar\"}"}]}
RESULT: {"script":"<script> [1562 bytes]","args":[{"selector":{"controlType":"sap.m.GenericTile","properties":{"header":"ISC Orders Calendar"}},"wdio_ui5_key":"sapm.GenericTile{\"header\":\"ISC Orders Calendar\"}"}]}
RESULT: undefined
COMMAND: POST /session/b476bfaa375639e21d3f0c4d73676959/element - {"using":"xpath","value":"//*[@id=\"__tile107\"]"}
RESULT: {"using":"xpath","value":"//*[@id=\"__tile107\"]"}
COMMAND: POST /session/b476bfaa375639e21d3f0c4d73676959/element/f.1F07B75241787BF51536F41C8FA9D570.d.05B88879957895673F804ECF55FFABDC.e.4415/click - {}
RESULT: {}
COMMAND: GET /session/b476bfaa375639e21d3f0c4d73676959/screenshot - {}
RESULT: {}
COMMAND: POST /session/b476bfaa375639e21d3f0c4d73676959/elements - {"using":"xpath","value":"//span[text()='Error']"}
RESULT: {"using":"xpath","value":"//span[text()='Error']"}
RESULT: undefined
COMMAND: POST /session/b476bfaa375639e21d3f0c4d73676959/element - {"using":"xpath","value":"//*[@id=\"__tile107\"]"}
RESULT: {"using":"xpath","value":"//*[@id=\"__tile107\"]"}
COMMAND: POST /session/b476bfaa375639e21d3f0c4d73676959/element/f.1F07B75241787BF51536F41C8FA9D570.d.05B88879957895673F804ECF55FFABDC.e.4415/click - {}
RESULT: undefined
COMMAND: POST /session/b476bfaa375639e21d3f0c4d73676959/element - {"using":"xpath","value":"//*[@id=\"__tile107\"]"}
RESULT: {"using":"xpath","value":"//*[@id=\"__tile107\"]"}
COMMAND: POST /session/b476bfaa375639e21d3f0c4d73676959/element/f.1F07B75241787BF51536F41C8FA9D570.d.05B88879957895673F804ECF55FFABDC.e.4415/click - {}
RESULT: undefined
COMMAND: POST /session/b476bfaa375639e21d3f0c4d73676959/execute/async - {"script":"<script> [6424 bytes]","args":[{"element-6066-11e4-a52e-4f735466cecf":"f.1F07B75241787BF51536F41C8FA9D570.d.05B88879957895673F804ECF55FFABDC.e.291"},"getTitle",[]]}
COMMAND: POST /session/b476bfaa375639e21d3f0c4d73676959/execute/async - {"script":"<script> [1562 bytes]","args":[{"selector":{"id":"shellAppTitle"},"wdio_ui5_key":"shellAppTitle"}]}
RESULT: {"script":"<script> [1562 bytes]","args":[{"selector":{"id":"shellAppTitle"},"wdio_ui5_key":"shellAppTitle"}]}
COMMAND: POST /session/b476bfaa375639e21d3f0c4d73676959/execute/async - {"script":"<script> [6424 bytes]","args":[{"element-6066-11e4-a52e-4f735466cecf":"f.1F07B75241787BF51536F41C8FA9D570.d.05B88879957895673F804ECF55FFABDC.e.4626"},"getTitle",[]]}
RESULT: {"script":"<script> [6424 bytes]","args":[{"element-6066-11e4-a52e-4f735466cecf":"f.1F07B75241787BF51536F41C8FA9D570.d.05B88879957895673F804ECF55FFABDC.e.4626"},"getTitle",[]]}
RESULT: undefined
COMMAND: POST /session/b476bfaa375639e21d3f0c4d73676959/element/f.1F07B75241787BF51536F41C8FA9D570.d.05B88879957895673F804ECF55FFABDC.e.4326/click - {}
COMMAND: POST /session/b476bfaa375639e21d3f0c4d73676959/element - {"using":"xpath","value":"//*[@id=\"backBtn\"]"}
RESULT: {"using":"xpath","value":"//*[@id=\"backBtn\"]"}
COMMAND: POST /session/b476bfaa375639e21d3f0c4d73676959/element/f.1F07B75241787BF51536F41C8FA9D570.d.05B88879957895673F804ECF55FFABDC.e.4326/click - {}
COMMAND: POST /session/b476bfaa375639e21d3f0c4d73676959/element - {"using":"xpath","value":"//*[@id=\"backBtn\"]"}
RESULT: {"using":"xpath","value":"//*[@id=\"backBtn\"]"}
COMMAND: POST /session/b476bfaa375639e21d3f0c4d73676959/element/f.1F07B75241787BF51536F41C8FA9D570.d.05B88879957895673F804ECF55FFABDC.e.4627/click - {}
RESULT: {}
COMMAND: GET /session/b476bfaa375639e21d3f0c4d73676959/screenshot - {}
RESULT: {}
]]></system-out>
    </testcase>
    <testcase classname="chrome.136_0_7103_93.windows.Sanity_Tests_US104253" name="Should open Configure System page" time="37.217">
      <system-out><![CDATA[
COMMAND: POST /session/b476bfaa375639e21d3f0c4d73676959/execute/async - {"script":"<script> [1562 bytes]","args":[{"selector":{"controlType":"sap.m.GenericTile","properties":{"header":"Configure System"}},"wdio_ui5_key":"sapm.GenericTile{\"header\":\"Configure System\"}"}]}
RESULT: {"script":"<script> [1562 bytes]","args":[{"selector":{"controlType":"sap.m.GenericTile","properties":{"header":"Configure System"}},"wdio_ui5_key":"sapm.GenericTile{\"header\":\"Configure System\"}"}]}
RESULT: undefined
COMMAND: POST /session/b476bfaa375639e21d3f0c4d73676959/element - {"using":"xpath","value":"//*[@id=\"__tile114\"]"}
RESULT: {"using":"xpath","value":"//*[@id=\"__tile114\"]"}
COMMAND: POST /session/b476bfaa375639e21d3f0c4d73676959/element/f.1F07B75241787BF51536F41C8FA9D570.d.05B88879957895673F804ECF55FFABDC.e.4629/click - {}
RESULT: {}
COMMAND: GET /session/b476bfaa375639e21d3f0c4d73676959/screenshot - {}
RESULT: {}
COMMAND: POST /session/b476bfaa375639e21d3f0c4d73676959/elements - {"using":"xpath","value":"//span[text()='Error']"}
RESULT: {"using":"xpath","value":"//span[text()='Error']"}
RESULT: undefined
COMMAND: POST /session/b476bfaa375639e21d3f0c4d73676959/element - {"using":"xpath","value":"//*[@id=\"__tile114\"]"}
RESULT: {"using":"xpath","value":"//*[@id=\"__tile114\"]"}
COMMAND: POST /session/b476bfaa375639e21d3f0c4d73676959/element/f.1F07B75241787BF51536F41C8FA9D570.d.05B88879957895673F804ECF55FFABDC.e.4629/click - {}
RESULT: undefined
COMMAND: POST /session/b476bfaa375639e21d3f0c4d73676959/element - {"using":"xpath","value":"//*[@id=\"__tile114\"]"}
RESULT: {"using":"xpath","value":"//*[@id=\"__tile114\"]"}
COMMAND: POST /session/b476bfaa375639e21d3f0c4d73676959/element/f.1F07B75241787BF51536F41C8FA9D570.d.05B88879957895673F804ECF55FFABDC.e.4629/click - {}
RESULT: undefined
COMMAND: POST /session/b476bfaa375639e21d3f0c4d73676959/execute/async - {"script":"<script> [6424 bytes]","args":[{"element-6066-11e4-a52e-4f735466cecf":"f.1F07B75241787BF51536F41C8FA9D570.d.05B88879957895673F804ECF55FFABDC.e.291"},"getTitle",[]]}
COMMAND: POST /session/b476bfaa375639e21d3f0c4d73676959/execute/async - {"script":"<script> [1562 bytes]","args":[{"selector":{"id":"shellAppTitle"},"wdio_ui5_key":"shellAppTitle"}]}
RESULT: {"script":"<script> [1562 bytes]","args":[{"selector":{"id":"shellAppTitle"},"wdio_ui5_key":"shellAppTitle"}]}
COMMAND: POST /session/b476bfaa375639e21d3f0c4d73676959/execute/async - {"script":"<script> [6424 bytes]","args":[{"element-6066-11e4-a52e-4f735466cecf":"f.1F07B75241787BF51536F41C8FA9D570.d.05B88879957895673F804ECF55FFABDC.e.4661"},"getTitle",[]]}
RESULT: {"script":"<script> [6424 bytes]","args":[{"element-6066-11e4-a52e-4f735466cecf":"f.1F07B75241787BF51536F41C8FA9D570.d.05B88879957895673F804ECF55FFABDC.e.4661"},"getTitle",[]]}
RESULT: undefined
COMMAND: POST /session/b476bfaa375639e21d3f0c4d73676959/element/f.1F07B75241787BF51536F41C8FA9D570.d.05B88879957895673F804ECF55FFABDC.e.4627/click - {}
RESULT: {}
COMMAND: GET /session/b476bfaa375639e21d3f0c4d73676959/screenshot - {}
RESULT: {}
]]></system-out>
    </testcase>
    <testcase classname="chrome.136_0_7103_93.windows.Sanity_Tests_US104253" name="Should open Manage Classifications page" time="38.627">
      <system-out><![CDATA[
COMMAND: POST /session/b476bfaa375639e21d3f0c4d73676959/execute/async - {"script":"<script> [1562 bytes]","args":[{"selector":{"controlType":"sap.m.GenericTile","properties":{"header":"Manage Classifications"}},"wdio_ui5_key":"sapm.GenericTile{\"header\":\"Manage Classifications\"}"}]}
RESULT: {"script":"<script> [1562 bytes]","args":[{"selector":{"controlType":"sap.m.GenericTile","properties":{"header":"Manage Classifications"}},"wdio_ui5_key":"sapm.GenericTile{\"header\":\"Manage Classifications\"}"}]}
RESULT: undefined
COMMAND: POST /session/b476bfaa375639e21d3f0c4d73676959/element - {"using":"xpath","value":"//*[@id=\"__tile115\"]"}
RESULT: {"using":"xpath","value":"//*[@id=\"__tile115\"]"}
COMMAND: POST /session/b476bfaa375639e21d3f0c4d73676959/element/f.1F07B75241787BF51536F41C8FA9D570.d.05B88879957895673F804ECF55FFABDC.e.4665/click - {}
RESULT: {}
COMMAND: GET /session/b476bfaa375639e21d3f0c4d73676959/screenshot - {}
RESULT: {}
COMMAND: POST /session/b476bfaa375639e21d3f0c4d73676959/elements - {"using":"xpath","value":"//span[text()='Error']"}
RESULT: {"using":"xpath","value":"//span[text()='Error']"}
RESULT: undefined
COMMAND: POST /session/b476bfaa375639e21d3f0c4d73676959/element - {"using":"xpath","value":"//*[@id=\"__tile115\"]"}
RESULT: {"using":"xpath","value":"//*[@id=\"__tile115\"]"}
COMMAND: POST /session/b476bfaa375639e21d3f0c4d73676959/element/f.1F07B75241787BF51536F41C8FA9D570.d.05B88879957895673F804ECF55FFABDC.e.4665/click - {}
RESULT: undefined
COMMAND: POST /session/b476bfaa375639e21d3f0c4d73676959/element - {"using":"xpath","value":"//*[@id=\"__tile115\"]"}
RESULT: {"using":"xpath","value":"//*[@id=\"__tile115\"]"}
COMMAND: POST /session/b476bfaa375639e21d3f0c4d73676959/element/f.1F07B75241787BF51536F41C8FA9D570.d.05B88879957895673F804ECF55FFABDC.e.4665/click - {}
RESULT: undefined
COMMAND: POST /session/b476bfaa375639e21d3f0c4d73676959/execute/async - {"script":"<script> [6424 bytes]","args":[{"element-6066-11e4-a52e-4f735466cecf":"f.1F07B75241787BF51536F41C8FA9D570.d.05B88879957895673F804ECF55FFABDC.e.291"},"getTitle",[]]}
COMMAND: POST /session/b476bfaa375639e21d3f0c4d73676959/execute/async - {"script":"<script> [1562 bytes]","args":[{"selector":{"id":"shellAppTitle"},"wdio_ui5_key":"shellAppTitle"}]}
RESULT: {"script":"<script> [1562 bytes]","args":[{"selector":{"id":"shellAppTitle"},"wdio_ui5_key":"shellAppTitle"}]}
COMMAND: POST /session/b476bfaa375639e21d3f0c4d73676959/execute/async - {"script":"<script> [6424 bytes]","args":[{"element-6066-11e4-a52e-4f735466cecf":"f.1F07B75241787BF51536F41C8FA9D570.d.05B88879957895673F804ECF55FFABDC.e.4769"},"getTitle",[]]}
RESULT: {"script":"<script> [6424 bytes]","args":[{"element-6066-11e4-a52e-4f735466cecf":"f.1F07B75241787BF51536F41C8FA9D570.d.05B88879957895673F804ECF55FFABDC.e.4769"},"getTitle",[]]}
RESULT: undefined
COMMAND: POST /session/b476bfaa375639e21d3f0c4d73676959/element/f.1F07B75241787BF51536F41C8FA9D570.d.05B88879957895673F804ECF55FFABDC.e.4627/click - {}
COMMAND: POST /session/b476bfaa375639e21d3f0c4d73676959/element - {"using":"xpath","value":"//*[@id=\"backBtn\"]"}
RESULT: {"using":"xpath","value":"//*[@id=\"backBtn\"]"}
COMMAND: POST /session/b476bfaa375639e21d3f0c4d73676959/element/f.1F07B75241787BF51536F41C8FA9D570.d.05B88879957895673F804ECF55FFABDC.e.4627/click - {}
COMMAND: POST /session/b476bfaa375639e21d3f0c4d73676959/element - {"using":"xpath","value":"//*[@id=\"backBtn\"]"}
RESULT: {"using":"xpath","value":"//*[@id=\"backBtn\"]"}
COMMAND: POST /session/b476bfaa375639e21d3f0c4d73676959/element/f.1F07B75241787BF51536F41C8FA9D570.d.05B88879957895673F804ECF55FFABDC.e.4770/click - {}
RESULT: {}
COMMAND: GET /session/b476bfaa375639e21d3f0c4d73676959/screenshot - {}
RESULT: {}
]]></system-out>
    </testcase>
    <testcase classname="chrome.136_0_7103_93.windows.Sanity_Tests_US104253" name="Should open Data Explorer page" time="39.559">
      <system-out><![CDATA[
COMMAND: POST /session/b476bfaa375639e21d3f0c4d73676959/execute/async - {"script":"<script> [1562 bytes]","args":[{"selector":{"controlType":"sap.m.GenericTile","properties":{"header":"Data Explorer"}},"wdio_ui5_key":"sapm.GenericTile{\"header\":\"Data Explorer\"}"}]}
RESULT: {"script":"<script> [1562 bytes]","args":[{"selector":{"controlType":"sap.m.GenericTile","properties":{"header":"Data Explorer"}},"wdio_ui5_key":"sapm.GenericTile{\"header\":\"Data Explorer\"}"}]}
RESULT: undefined
COMMAND: POST /session/b476bfaa375639e21d3f0c4d73676959/element - {"using":"xpath","value":"//*[@id=\"__tile117\"]"}
RESULT: {"using":"xpath","value":"//*[@id=\"__tile117\"]"}
COMMAND: POST /session/b476bfaa375639e21d3f0c4d73676959/element/f.1F07B75241787BF51536F41C8FA9D570.d.05B88879957895673F804ECF55FFABDC.e.4772/click - {}
RESULT: {}
COMMAND: GET /session/b476bfaa375639e21d3f0c4d73676959/screenshot - {}
RESULT: {}
COMMAND: POST /session/b476bfaa375639e21d3f0c4d73676959/elements - {"using":"xpath","value":"//span[text()='Error']"}
RESULT: {"using":"xpath","value":"//span[text()='Error']"}
RESULT: undefined
COMMAND: POST /session/b476bfaa375639e21d3f0c4d73676959/element - {"using":"xpath","value":"//*[@id=\"__tile117\"]"}
RESULT: {"using":"xpath","value":"//*[@id=\"__tile117\"]"}
COMMAND: POST /session/b476bfaa375639e21d3f0c4d73676959/element/f.1F07B75241787BF51536F41C8FA9D570.d.05B88879957895673F804ECF55FFABDC.e.4772/click - {}
RESULT: undefined
COMMAND: POST /session/b476bfaa375639e21d3f0c4d73676959/element - {"using":"xpath","value":"//*[@id=\"__tile117\"]"}
RESULT: {"using":"xpath","value":"//*[@id=\"__tile117\"]"}
COMMAND: POST /session/b476bfaa375639e21d3f0c4d73676959/element/f.1F07B75241787BF51536F41C8FA9D570.d.05B88879957895673F804ECF55FFABDC.e.4772/click - {}
RESULT: undefined
COMMAND: POST /session/b476bfaa375639e21d3f0c4d73676959/execute/async - {"script":"<script> [6424 bytes]","args":[{"element-6066-11e4-a52e-4f735466cecf":"f.1F07B75241787BF51536F41C8FA9D570.d.05B88879957895673F804ECF55FFABDC.e.291"},"getTitle",[]]}
COMMAND: POST /session/b476bfaa375639e21d3f0c4d73676959/execute/async - {"script":"<script> [1562 bytes]","args":[{"selector":{"id":"shellAppTitle"},"wdio_ui5_key":"shellAppTitle"}]}
RESULT: {"script":"<script> [1562 bytes]","args":[{"selector":{"id":"shellAppTitle"},"wdio_ui5_key":"shellAppTitle"}]}
COMMAND: POST /session/b476bfaa375639e21d3f0c4d73676959/execute/async - {"script":"<script> [6424 bytes]","args":[{"element-6066-11e4-a52e-4f735466cecf":"f.1F07B75241787BF51536F41C8FA9D570.d.05B88879957895673F804ECF55FFABDC.e.5097"},"getTitle",[]]}
RESULT: {"script":"<script> [6424 bytes]","args":[{"element-6066-11e4-a52e-4f735466cecf":"f.1F07B75241787BF51536F41C8FA9D570.d.05B88879957895673F804ECF55FFABDC.e.5097"},"getTitle",[]]}
RESULT: undefined
COMMAND: POST /session/b476bfaa375639e21d3f0c4d73676959/element/f.1F07B75241787BF51536F41C8FA9D570.d.05B88879957895673F804ECF55FFABDC.e.4770/click - {}
RESULT: {}
COMMAND: GET /session/b476bfaa375639e21d3f0c4d73676959/screenshot - {}
RESULT: {}
]]></system-out>
    </testcase>
    <testcase classname="chrome.136_0_7103_93.windows.Sanity_Tests_US104253" name="Should open Performance Monitor page" time="36.359">
      <system-out><![CDATA[
COMMAND: POST /session/b476bfaa375639e21d3f0c4d73676959/execute/async - {"script":"<script> [1562 bytes]","args":[{"selector":{"controlType":"sap.m.GenericTile","properties":{"header":"Performance Monitor"}},"wdio_ui5_key":"sapm.GenericTile{\"header\":\"Performance Monitor\"}"}]}
RESULT: {"script":"<script> [1562 bytes]","args":[{"selector":{"controlType":"sap.m.GenericTile","properties":{"header":"Performance Monitor"}},"wdio_ui5_key":"sapm.GenericTile{\"header\":\"Performance Monitor\"}"}]}
RESULT: undefined
COMMAND: POST /session/b476bfaa375639e21d3f0c4d73676959/element - {"using":"xpath","value":"//*[@id=\"__tile116\"]"}
RESULT: {"using":"xpath","value":"//*[@id=\"__tile116\"]"}
COMMAND: POST /session/b476bfaa375639e21d3f0c4d73676959/element/f.1F07B75241787BF51536F41C8FA9D570.d.05B88879957895673F804ECF55FFABDC.e.5099/click - {}
RESULT: {}
COMMAND: GET /session/b476bfaa375639e21d3f0c4d73676959/screenshot - {}
RESULT: {}
COMMAND: POST /session/b476bfaa375639e21d3f0c4d73676959/elements - {"using":"xpath","value":"//span[text()='Error']"}
RESULT: {"using":"xpath","value":"//span[text()='Error']"}
RESULT: undefined
COMMAND: POST /session/b476bfaa375639e21d3f0c4d73676959/element - {"using":"xpath","value":"//*[@id=\"__tile116\"]"}
RESULT: {"using":"xpath","value":"//*[@id=\"__tile116\"]"}
COMMAND: POST /session/b476bfaa375639e21d3f0c4d73676959/element/f.1F07B75241787BF51536F41C8FA9D570.d.05B88879957895673F804ECF55FFABDC.e.5099/click - {}
RESULT: undefined
COMMAND: POST /session/b476bfaa375639e21d3f0c4d73676959/element - {"using":"xpath","value":"//*[@id=\"__tile116\"]"}
RESULT: {"using":"xpath","value":"//*[@id=\"__tile116\"]"}
COMMAND: POST /session/b476bfaa375639e21d3f0c4d73676959/element/f.1F07B75241787BF51536F41C8FA9D570.d.05B88879957895673F804ECF55FFABDC.e.5099/click - {}
RESULT: undefined
COMMAND: POST /session/b476bfaa375639e21d3f0c4d73676959/execute/async - {"script":"<script> [6424 bytes]","args":[{"element-6066-11e4-a52e-4f735466cecf":"f.1F07B75241787BF51536F41C8FA9D570.d.05B88879957895673F804ECF55FFABDC.e.291"},"getTitle",[]]}
COMMAND: POST /session/b476bfaa375639e21d3f0c4d73676959/execute/async - {"script":"<script> [1562 bytes]","args":[{"selector":{"id":"shellAppTitle"},"wdio_ui5_key":"shellAppTitle"}]}
RESULT: {"script":"<script> [1562 bytes]","args":[{"selector":{"id":"shellAppTitle"},"wdio_ui5_key":"shellAppTitle"}]}
COMMAND: POST /session/b476bfaa375639e21d3f0c4d73676959/execute/async - {"script":"<script> [6424 bytes]","args":[{"element-6066-11e4-a52e-4f735466cecf":"f.1F07B75241787BF51536F41C8FA9D570.d.05B88879957895673F804ECF55FFABDC.e.5137"},"getTitle",[]]}
RESULT: {"script":"<script> [6424 bytes]","args":[{"element-6066-11e4-a52e-4f735466cecf":"f.1F07B75241787BF51536F41C8FA9D570.d.05B88879957895673F804ECF55FFABDC.e.5137"},"getTitle",[]]}
RESULT: undefined
COMMAND: POST /session/b476bfaa375639e21d3f0c4d73676959/element/f.1F07B75241787BF51536F41C8FA9D570.d.05B88879957895673F804ECF55FFABDC.e.4770/click - {}
COMMAND: POST /session/b476bfaa375639e21d3f0c4d73676959/element - {"using":"xpath","value":"//*[@id=\"backBtn\"]"}
RESULT: {"using":"xpath","value":"//*[@id=\"backBtn\"]"}
COMMAND: POST /session/b476bfaa375639e21d3f0c4d73676959/element/f.1F07B75241787BF51536F41C8FA9D570.d.05B88879957895673F804ECF55FFABDC.e.4770/click - {}
COMMAND: POST /session/b476bfaa375639e21d3f0c4d73676959/element - {"using":"xpath","value":"//*[@id=\"backBtn\"]"}
RESULT: {"using":"xpath","value":"//*[@id=\"backBtn\"]"}
COMMAND: POST /session/b476bfaa375639e21d3f0c4d73676959/element/f.1F07B75241787BF51536F41C8FA9D570.d.05B88879957895673F804ECF55FFABDC.e.5138/click - {}
RESULT: {}
COMMAND: GET /session/b476bfaa375639e21d3f0c4d73676959/screenshot - {}
RESULT: {}
]]></system-out>
    </testcase>
    <testcase classname="chrome.136_0_7103_93.windows.Sanity_Tests_US104253" name="Should open Organizational Model page" time="40.705">
      <system-out><![CDATA[
COMMAND: POST /session/b476bfaa375639e21d3f0c4d73676959/execute/async - {"script":"<script> [1562 bytes]","args":[{"selector":{"controlType":"sap.m.GenericTile","properties":{"header":"Organizational Model"}},"wdio_ui5_key":"sapm.GenericTile{\"header\":\"Organizational Model\"}"}]}
RESULT: {"script":"<script> [1562 bytes]","args":[{"selector":{"controlType":"sap.m.GenericTile","properties":{"header":"Organizational Model"}},"wdio_ui5_key":"sapm.GenericTile{\"header\":\"Organizational Model\"}"}]}
RESULT: undefined
COMMAND: POST /session/b476bfaa375639e21d3f0c4d73676959/element - {"using":"xpath","value":"//*[@id=\"__tile120\"]"}
RESULT: {"using":"xpath","value":"//*[@id=\"__tile120\"]"}
COMMAND: POST /session/b476bfaa375639e21d3f0c4d73676959/element/f.1F07B75241787BF51536F41C8FA9D570.d.05B88879957895673F804ECF55FFABDC.e.5141/click - {}
RESULT: {}
COMMAND: GET /session/b476bfaa375639e21d3f0c4d73676959/screenshot - {}
RESULT: {}
COMMAND: POST /session/b476bfaa375639e21d3f0c4d73676959/elements - {"using":"xpath","value":"//span[text()='Error']"}
RESULT: {"using":"xpath","value":"//span[text()='Error']"}
RESULT: undefined
COMMAND: POST /session/b476bfaa375639e21d3f0c4d73676959/element - {"using":"xpath","value":"//*[@id=\"__tile120\"]"}
RESULT: {"using":"xpath","value":"//*[@id=\"__tile120\"]"}
COMMAND: POST /session/b476bfaa375639e21d3f0c4d73676959/element/f.1F07B75241787BF51536F41C8FA9D570.d.05B88879957895673F804ECF55FFABDC.e.5141/click - {}
RESULT: undefined
COMMAND: POST /session/b476bfaa375639e21d3f0c4d73676959/element - {"using":"xpath","value":"//*[@id=\"__tile120\"]"}
RESULT: {"using":"xpath","value":"//*[@id=\"__tile120\"]"}
COMMAND: POST /session/b476bfaa375639e21d3f0c4d73676959/element/f.1F07B75241787BF51536F41C8FA9D570.d.05B88879957895673F804ECF55FFABDC.e.5141/click - {}
RESULT: undefined
COMMAND: POST /session/b476bfaa375639e21d3f0c4d73676959/execute/async - {"script":"<script> [6424 bytes]","args":[{"element-6066-11e4-a52e-4f735466cecf":"f.1F07B75241787BF51536F41C8FA9D570.d.05B88879957895673F804ECF55FFABDC.e.291"},"getTitle",[]]}
COMMAND: POST /session/b476bfaa375639e21d3f0c4d73676959/execute/async - {"script":"<script> [1562 bytes]","args":[{"selector":{"id":"shellAppTitle"},"wdio_ui5_key":"shellAppTitle"}]}
RESULT: {"script":"<script> [1562 bytes]","args":[{"selector":{"id":"shellAppTitle"},"wdio_ui5_key":"shellAppTitle"}]}
COMMAND: POST /session/b476bfaa375639e21d3f0c4d73676959/execute/async - {"script":"<script> [6424 bytes]","args":[{"element-6066-11e4-a52e-4f735466cecf":"f.1F07B75241787BF51536F41C8FA9D570.d.05B88879957895673F804ECF55FFABDC.e.5160"},"getTitle",[]]}
RESULT: {"script":"<script> [6424 bytes]","args":[{"element-6066-11e4-a52e-4f735466cecf":"f.1F07B75241787BF51536F41C8FA9D570.d.05B88879957895673F804ECF55FFABDC.e.5160"},"getTitle",[]]}
RESULT: undefined
COMMAND: POST /session/b476bfaa375639e21d3f0c4d73676959/element/f.1F07B75241787BF51536F41C8FA9D570.d.05B88879957895673F804ECF55FFABDC.e.5138/click - {}
RESULT: {}
COMMAND: GET /session/b476bfaa375639e21d3f0c4d73676959/screenshot - {}
RESULT: {}
]]></system-out>
    </testcase>
    <testcase classname="chrome.136_0_7103_93.windows.Sanity_Tests_US104253" name="Should open Manage Roles page" time="36.705">
      <system-out><![CDATA[
COMMAND: POST /session/b476bfaa375639e21d3f0c4d73676959/execute/async - {"script":"<script> [1562 bytes]","args":[{"selector":{"controlType":"sap.m.GenericTile","properties":{"header":"Manage Roles"}},"wdio_ui5_key":"sapm.GenericTile{\"header\":\"Manage Roles\"}"}]}
RESULT: {"script":"<script> [1562 bytes]","args":[{"selector":{"controlType":"sap.m.GenericTile","properties":{"header":"Manage Roles"}},"wdio_ui5_key":"sapm.GenericTile{\"header\":\"Manage Roles\"}"}]}
RESULT: undefined
COMMAND: POST /session/b476bfaa375639e21d3f0c4d73676959/element - {"using":"xpath","value":"//*[@id=\"__tile119\"]"}
RESULT: {"using":"xpath","value":"//*[@id=\"__tile119\"]"}
COMMAND: POST /session/b476bfaa375639e21d3f0c4d73676959/element/f.1F07B75241787BF51536F41C8FA9D570.d.05B88879957895673F804ECF55FFABDC.e.5162/click - {}
RESULT: {}
COMMAND: GET /session/b476bfaa375639e21d3f0c4d73676959/screenshot - {}
RESULT: {}
COMMAND: POST /session/b476bfaa375639e21d3f0c4d73676959/elements - {"using":"xpath","value":"//span[text()='Error']"}
RESULT: {"using":"xpath","value":"//span[text()='Error']"}
RESULT: undefined
COMMAND: POST /session/b476bfaa375639e21d3f0c4d73676959/element - {"using":"xpath","value":"//*[@id=\"__tile119\"]"}
RESULT: {"using":"xpath","value":"//*[@id=\"__tile119\"]"}
COMMAND: POST /session/b476bfaa375639e21d3f0c4d73676959/element/f.1F07B75241787BF51536F41C8FA9D570.d.05B88879957895673F804ECF55FFABDC.e.5162/click - {}
RESULT: undefined
COMMAND: POST /session/b476bfaa375639e21d3f0c4d73676959/element - {"using":"xpath","value":"//*[@id=\"__tile119\"]"}
RESULT: {"using":"xpath","value":"//*[@id=\"__tile119\"]"}
COMMAND: POST /session/b476bfaa375639e21d3f0c4d73676959/element/f.1F07B75241787BF51536F41C8FA9D570.d.05B88879957895673F804ECF55FFABDC.e.5162/click - {}
RESULT: undefined
COMMAND: POST /session/b476bfaa375639e21d3f0c4d73676959/execute/async - {"script":"<script> [6424 bytes]","args":[{"element-6066-11e4-a52e-4f735466cecf":"f.1F07B75241787BF51536F41C8FA9D570.d.05B88879957895673F804ECF55FFABDC.e.291"},"getTitle",[]]}
COMMAND: POST /session/b476bfaa375639e21d3f0c4d73676959/execute/async - {"script":"<script> [1562 bytes]","args":[{"selector":{"id":"shellAppTitle"},"wdio_ui5_key":"shellAppTitle"}]}
RESULT: {"script":"<script> [1562 bytes]","args":[{"selector":{"id":"shellAppTitle"},"wdio_ui5_key":"shellAppTitle"}]}
COMMAND: POST /session/b476bfaa375639e21d3f0c4d73676959/execute/async - {"script":"<script> [6424 bytes]","args":[{"element-6066-11e4-a52e-4f735466cecf":"f.1F07B75241787BF51536F41C8FA9D570.d.05B88879957895673F804ECF55FFABDC.e.5262"},"getTitle",[]]}
RESULT: {"script":"<script> [6424 bytes]","args":[{"element-6066-11e4-a52e-4f735466cecf":"f.1F07B75241787BF51536F41C8FA9D570.d.05B88879957895673F804ECF55FFABDC.e.5262"},"getTitle",[]]}
RESULT: undefined
COMMAND: POST /session/b476bfaa375639e21d3f0c4d73676959/element/f.1F07B75241787BF51536F41C8FA9D570.d.05B88879957895673F804ECF55FFABDC.e.5138/click - {}
COMMAND: POST /session/b476bfaa375639e21d3f0c4d73676959/element - {"using":"xpath","value":"//*[@id=\"backBtn\"]"}
RESULT: {"using":"xpath","value":"//*[@id=\"backBtn\"]"}
COMMAND: POST /session/b476bfaa375639e21d3f0c4d73676959/element/f.1F07B75241787BF51536F41C8FA9D570.d.05B88879957895673F804ECF55FFABDC.e.5138/click - {}
COMMAND: POST /session/b476bfaa375639e21d3f0c4d73676959/element - {"using":"xpath","value":"//*[@id=\"backBtn\"]"}
RESULT: {"using":"xpath","value":"//*[@id=\"backBtn\"]"}
COMMAND: POST /session/b476bfaa375639e21d3f0c4d73676959/element/f.1F07B75241787BF51536F41C8FA9D570.d.05B88879957895673F804ECF55FFABDC.e.5263/click - {}
RESULT: {}
COMMAND: GET /session/b476bfaa375639e21d3f0c4d73676959/screenshot - {}
RESULT: {}
]]></system-out>
    </testcase>
    <testcase classname="chrome.136_0_7103_93.windows.Sanity_Tests_US104253" name="Should open Authorization Tables page" time="37.21">
      <system-out><![CDATA[
COMMAND: POST /session/b476bfaa375639e21d3f0c4d73676959/execute/async - {"script":"<script> [1562 bytes]","args":[{"selector":{"controlType":"sap.m.GenericTile","properties":{"header":"Authorization Tables"}},"wdio_ui5_key":"sapm.GenericTile{\"header\":\"Authorization Tables\"}"}]}
RESULT: {"script":"<script> [1562 bytes]","args":[{"selector":{"controlType":"sap.m.GenericTile","properties":{"header":"Authorization Tables"}},"wdio_ui5_key":"sapm.GenericTile{\"header\":\"Authorization Tables\"}"}]}
RESULT: undefined
COMMAND: POST /session/b476bfaa375639e21d3f0c4d73676959/element - {"using":"xpath","value":"//*[@id=\"__tile118\"]"}
RESULT: {"using":"xpath","value":"//*[@id=\"__tile118\"]"}
COMMAND: POST /session/b476bfaa375639e21d3f0c4d73676959/element/f.1F07B75241787BF51536F41C8FA9D570.d.05B88879957895673F804ECF55FFABDC.e.5265/click - {}
RESULT: {}
COMMAND: GET /session/b476bfaa375639e21d3f0c4d73676959/screenshot - {}
RESULT: {}
COMMAND: POST /session/b476bfaa375639e21d3f0c4d73676959/elements - {"using":"xpath","value":"//span[text()='Error']"}
RESULT: {"using":"xpath","value":"//span[text()='Error']"}
RESULT: undefined
COMMAND: POST /session/b476bfaa375639e21d3f0c4d73676959/element - {"using":"xpath","value":"//*[@id=\"__tile118\"]"}
RESULT: {"using":"xpath","value":"//*[@id=\"__tile118\"]"}
COMMAND: POST /session/b476bfaa375639e21d3f0c4d73676959/element/f.1F07B75241787BF51536F41C8FA9D570.d.05B88879957895673F804ECF55FFABDC.e.5265/click - {}
RESULT: undefined
COMMAND: POST /session/b476bfaa375639e21d3f0c4d73676959/element - {"using":"xpath","value":"//*[@id=\"__tile118\"]"}
RESULT: {"using":"xpath","value":"//*[@id=\"__tile118\"]"}
COMMAND: POST /session/b476bfaa375639e21d3f0c4d73676959/element/f.1F07B75241787BF51536F41C8FA9D570.d.05B88879957895673F804ECF55FFABDC.e.5265/click - {}
RESULT: undefined
COMMAND: POST /session/b476bfaa375639e21d3f0c4d73676959/execute/async - {"script":"<script> [6424 bytes]","args":[{"element-6066-11e4-a52e-4f735466cecf":"f.1F07B75241787BF51536F41C8FA9D570.d.05B88879957895673F804ECF55FFABDC.e.291"},"getTitle",[]]}
COMMAND: POST /session/b476bfaa375639e21d3f0c4d73676959/execute/async - {"script":"<script> [1562 bytes]","args":[{"selector":{"id":"shellAppTitle"},"wdio_ui5_key":"shellAppTitle"}]}
RESULT: {"script":"<script> [1562 bytes]","args":[{"selector":{"id":"shellAppTitle"},"wdio_ui5_key":"shellAppTitle"}]}
COMMAND: POST /session/b476bfaa375639e21d3f0c4d73676959/execute/async - {"script":"<script> [6424 bytes]","args":[{"element-6066-11e4-a52e-4f735466cecf":"f.1F07B75241787BF51536F41C8FA9D570.d.05B88879957895673F804ECF55FFABDC.e.5354"},"getTitle",[]]}
RESULT: {"script":"<script> [6424 bytes]","args":[{"element-6066-11e4-a52e-4f735466cecf":"f.1F07B75241787BF51536F41C8FA9D570.d.05B88879957895673F804ECF55FFABDC.e.5354"},"getTitle",[]]}
RESULT: undefined
COMMAND: POST /session/b476bfaa375639e21d3f0c4d73676959/element/f.1F07B75241787BF51536F41C8FA9D570.d.05B88879957895673F804ECF55FFABDC.e.5263/click - {}
RESULT: {}
COMMAND: GET /session/b476bfaa375639e21d3f0c4d73676959/screenshot - {}
RESULT: {}
]]></system-out>
    </testcase>
    <testcase classname="chrome.136_0_7103_93.windows.Sanity_Tests_US104253" name="Should open User Maintenance page" time="37.34">
      <system-out><![CDATA[
COMMAND: POST /session/b476bfaa375639e21d3f0c4d73676959/execute/async - {"script":"<script> [1562 bytes]","args":[{"selector":{"controlType":"sap.m.GenericTile","properties":{"header":"User Maintenance"}},"wdio_ui5_key":"sapm.GenericTile{\"header\":\"User Maintenance\"}"}]}
RESULT: {"script":"<script> [1562 bytes]","args":[{"selector":{"controlType":"sap.m.GenericTile","properties":{"header":"User Maintenance"}},"wdio_ui5_key":"sapm.GenericTile{\"header\":\"User Maintenance\"}"}]}
RESULT: undefined
COMMAND: POST /session/b476bfaa375639e21d3f0c4d73676959/element - {"using":"xpath","value":"//*[@id=\"__tile121\"]"}
RESULT: {"using":"xpath","value":"//*[@id=\"__tile121\"]"}
COMMAND: POST /session/b476bfaa375639e21d3f0c4d73676959/element/f.1F07B75241787BF51536F41C8FA9D570.d.05B88879957895673F804ECF55FFABDC.e.5356/click - {}
RESULT: {}
COMMAND: GET /session/b476bfaa375639e21d3f0c4d73676959/screenshot - {}
RESULT: {}
COMMAND: POST /session/b476bfaa375639e21d3f0c4d73676959/elements - {"using":"xpath","value":"//span[text()='Error']"}
RESULT: {"using":"xpath","value":"//span[text()='Error']"}
RESULT: undefined
COMMAND: POST /session/b476bfaa375639e21d3f0c4d73676959/element - {"using":"xpath","value":"//*[@id=\"__tile121\"]"}
RESULT: {"using":"xpath","value":"//*[@id=\"__tile121\"]"}
COMMAND: POST /session/b476bfaa375639e21d3f0c4d73676959/element/f.1F07B75241787BF51536F41C8FA9D570.d.05B88879957895673F804ECF55FFABDC.e.5356/click - {}
RESULT: undefined
COMMAND: POST /session/b476bfaa375639e21d3f0c4d73676959/element - {"using":"xpath","value":"//*[@id=\"__tile121\"]"}
RESULT: {"using":"xpath","value":"//*[@id=\"__tile121\"]"}
COMMAND: POST /session/b476bfaa375639e21d3f0c4d73676959/element/f.1F07B75241787BF51536F41C8FA9D570.d.05B88879957895673F804ECF55FFABDC.e.5356/click - {}
RESULT: undefined
COMMAND: POST /session/b476bfaa375639e21d3f0c4d73676959/execute/async - {"script":"<script> [6424 bytes]","args":[{"element-6066-11e4-a52e-4f735466cecf":"f.1F07B75241787BF51536F41C8FA9D570.d.05B88879957895673F804ECF55FFABDC.e.291"},"getTitle",[]]}
COMMAND: POST /session/b476bfaa375639e21d3f0c4d73676959/execute/async - {"script":"<script> [1562 bytes]","args":[{"selector":{"id":"shellAppTitle"},"wdio_ui5_key":"shellAppTitle"}]}
RESULT: {"script":"<script> [1562 bytes]","args":[{"selector":{"id":"shellAppTitle"},"wdio_ui5_key":"shellAppTitle"}]}
COMMAND: POST /session/b476bfaa375639e21d3f0c4d73676959/execute/async - {"script":"<script> [6424 bytes]","args":[{"element-6066-11e4-a52e-4f735466cecf":"f.1F07B75241787BF51536F41C8FA9D570.d.05B88879957895673F804ECF55FFABDC.e.5449"},"getTitle",[]]}
RESULT: {"script":"<script> [6424 bytes]","args":[{"element-6066-11e4-a52e-4f735466cecf":"f.1F07B75241787BF51536F41C8FA9D570.d.05B88879957895673F804ECF55FFABDC.e.5449"},"getTitle",[]]}
RESULT: undefined
COMMAND: POST /session/b476bfaa375639e21d3f0c4d73676959/element/f.1F07B75241787BF51536F41C8FA9D570.d.05B88879957895673F804ECF55FFABDC.e.5263/click - {}
COMMAND: POST /session/b476bfaa375639e21d3f0c4d73676959/element - {"using":"xpath","value":"//*[@id=\"backBtn\"]"}
RESULT: {"using":"xpath","value":"//*[@id=\"backBtn\"]"}
COMMAND: POST /session/b476bfaa375639e21d3f0c4d73676959/element/f.1F07B75241787BF51536F41C8FA9D570.d.05B88879957895673F804ECF55FFABDC.e.5263/click - {}
COMMAND: POST /session/b476bfaa375639e21d3f0c4d73676959/element - {"using":"xpath","value":"//*[@id=\"backBtn\"]"}
RESULT: {"using":"xpath","value":"//*[@id=\"backBtn\"]"}
COMMAND: POST /session/b476bfaa375639e21d3f0c4d73676959/element/f.1F07B75241787BF51536F41C8FA9D570.d.05B88879957895673F804ECF55FFABDC.e.5450/click - {}
RESULT: {}
COMMAND: GET /session/b476bfaa375639e21d3f0c4d73676959/screenshot - {}
RESULT: {}
]]></system-out>
    </testcase>
    <testcase classname="chrome.136_0_7103_93.windows.Sanity_Tests_US104253" name="Should open Schedule Jobs page" time="36.476">
      <system-out><![CDATA[
COMMAND: POST /session/b476bfaa375639e21d3f0c4d73676959/execute/async - {"script":"<script> [1562 bytes]","args":[{"selector":{"controlType":"sap.m.GenericTile","properties":{"header":"Schedule Jobs"}},"wdio_ui5_key":"sapm.GenericTile{\"header\":\"Schedule Jobs\"}"}]}
RESULT: {"script":"<script> [1562 bytes]","args":[{"selector":{"controlType":"sap.m.GenericTile","properties":{"header":"Schedule Jobs"}},"wdio_ui5_key":"sapm.GenericTile{\"header\":\"Schedule Jobs\"}"}]}
RESULT: undefined
COMMAND: POST /session/b476bfaa375639e21d3f0c4d73676959/element - {"using":"xpath","value":"//*[@id=\"__tile127\"]"}
RESULT: {"using":"xpath","value":"//*[@id=\"__tile127\"]"}
COMMAND: POST /session/b476bfaa375639e21d3f0c4d73676959/element/f.1F07B75241787BF51536F41C8FA9D570.d.05B88879957895673F804ECF55FFABDC.e.5454/click - {}
RESULT: {}
COMMAND: GET /session/b476bfaa375639e21d3f0c4d73676959/screenshot - {}
RESULT: {}
COMMAND: POST /session/b476bfaa375639e21d3f0c4d73676959/elements - {"using":"xpath","value":"//span[text()='Error']"}
RESULT: {"using":"xpath","value":"//span[text()='Error']"}
RESULT: undefined
COMMAND: POST /session/b476bfaa375639e21d3f0c4d73676959/element - {"using":"xpath","value":"//*[@id=\"__tile127\"]"}
RESULT: {"using":"xpath","value":"//*[@id=\"__tile127\"]"}
COMMAND: POST /session/b476bfaa375639e21d3f0c4d73676959/element/f.1F07B75241787BF51536F41C8FA9D570.d.05B88879957895673F804ECF55FFABDC.e.5454/click - {}
RESULT: undefined
COMMAND: POST /session/b476bfaa375639e21d3f0c4d73676959/element - {"using":"xpath","value":"//*[@id=\"__tile127\"]"}
RESULT: {"using":"xpath","value":"//*[@id=\"__tile127\"]"}
COMMAND: POST /session/b476bfaa375639e21d3f0c4d73676959/element/f.1F07B75241787BF51536F41C8FA9D570.d.05B88879957895673F804ECF55FFABDC.e.5454/click - {}
RESULT: undefined
COMMAND: POST /session/b476bfaa375639e21d3f0c4d73676959/execute/async - {"script":"<script> [6424 bytes]","args":[{"element-6066-11e4-a52e-4f735466cecf":"f.1F07B75241787BF51536F41C8FA9D570.d.05B88879957895673F804ECF55FFABDC.e.291"},"getTitle",[]]}
COMMAND: POST /session/b476bfaa375639e21d3f0c4d73676959/execute/async - {"script":"<script> [1562 bytes]","args":[{"selector":{"id":"shellAppTitle"},"wdio_ui5_key":"shellAppTitle"}]}
RESULT: {"script":"<script> [1562 bytes]","args":[{"selector":{"id":"shellAppTitle"},"wdio_ui5_key":"shellAppTitle"}]}
COMMAND: POST /session/b476bfaa375639e21d3f0c4d73676959/execute/async - {"script":"<script> [6424 bytes]","args":[{"element-6066-11e4-a52e-4f735466cecf":"f.1F07B75241787BF51536F41C8FA9D570.d.05B88879957895673F804ECF55FFABDC.e.5499"},"getTitle",[]]}
RESULT: {"script":"<script> [6424 bytes]","args":[{"element-6066-11e4-a52e-4f735466cecf":"f.1F07B75241787BF51536F41C8FA9D570.d.05B88879957895673F804ECF55FFABDC.e.5499"},"getTitle",[]]}
RESULT: undefined
COMMAND: POST /session/b476bfaa375639e21d3f0c4d73676959/element/f.1F07B75241787BF51536F41C8FA9D570.d.05B88879957895673F804ECF55FFABDC.e.5450/click - {}
COMMAND: POST /session/b476bfaa375639e21d3f0c4d73676959/element/f.1F07B75241787BF51536F41C8FA9D570.d.05B88879957895673F804ECF55FFABDC.e.5450/click - {}
RESULT: {}
COMMAND: GET /session/b476bfaa375639e21d3f0c4d73676959/screenshot - {}
COMMAND: POST /session/b476bfaa375639e21d3f0c4d73676959/element - {"using":"xpath","value":"//*[@id=\"backBtn\"]"}
RESULT: {}
RESULT: {"using":"xpath","value":"//*[@id=\"backBtn\"]"}
COMMAND: POST /session/b476bfaa375639e21d3f0c4d73676959/elements - {"using":"xpath","value":"//*[@id=\"backBtn\"]"}
RESULT: {"using":"xpath","value":"//*[@id=\"backBtn\"]"}
COMMAND: POST /session/b476bfaa375639e21d3f0c4d73676959/elements - {"using":"xpath","value":"//*[@id=\"backBtn\"]"}
RESULT: {"using":"xpath","value":"//*[@id=\"backBtn\"]"}
COMMAND: POST /session/b476bfaa375639e21d3f0c4d73676959/elements - {"using":"xpath","value":"//*[@id=\"backBtn\"]"}
RESULT: {"using":"xpath","value":"//*[@id=\"backBtn\"]"}
COMMAND: POST /session/b476bfaa375639e21d3f0c4d73676959/elements - {"using":"xpath","value":"//*[@id=\"backBtn\"]"}
RESULT: {"using":"xpath","value":"//*[@id=\"backBtn\"]"}
COMMAND: POST /session/b476bfaa375639e21d3f0c4d73676959/elements - {"using":"xpath","value":"//*[@id=\"backBtn\"]"}
RESULT: {"using":"xpath","value":"//*[@id=\"backBtn\"]"}
COMMAND: POST /session/b476bfaa375639e21d3f0c4d73676959/elements - {"using":"xpath","value":"//*[@id=\"backBtn\"]"}
RESULT: {"using":"xpath","value":"//*[@id=\"backBtn\"]"}
COMMAND: POST /session/b476bfaa375639e21d3f0c4d73676959/elements - {"using":"xpath","value":"//*[@id=\"backBtn\"]"}
RESULT: {"using":"xpath","value":"//*[@id=\"backBtn\"]"}
COMMAND: POST /session/b476bfaa375639e21d3f0c4d73676959/elements - {"using":"xpath","value":"//*[@id=\"backBtn\"]"}
RESULT: {"using":"xpath","value":"//*[@id=\"backBtn\"]"}
COMMAND: POST /session/b476bfaa375639e21d3f0c4d73676959/elements - {"using":"xpath","value":"//*[@id=\"backBtn\"]"}
RESULT: {"using":"xpath","value":"//*[@id=\"backBtn\"]"}
COMMAND: POST /session/b476bfaa375639e21d3f0c4d73676959/elements - {"using":"xpath","value":"//*[@id=\"backBtn\"]"}
RESULT: {"using":"xpath","value":"//*[@id=\"backBtn\"]"}
COMMAND: POST /session/b476bfaa375639e21d3f0c4d73676959/elements - {"using":"xpath","value":"//*[@id=\"backBtn\"]"}
RESULT: {"using":"xpath","value":"//*[@id=\"backBtn\"]"}
COMMAND: POST /session/b476bfaa375639e21d3f0c4d73676959/elements - {"using":"xpath","value":"//*[@id=\"backBtn\"]"}
RESULT: {"using":"xpath","value":"//*[@id=\"backBtn\"]"}
COMMAND: POST /session/b476bfaa375639e21d3f0c4d73676959/elements - {"using":"xpath","value":"//*[@id=\"backBtn\"]"}
RESULT: {"using":"xpath","value":"//*[@id=\"backBtn\"]"}
COMMAND: POST /session/b476bfaa375639e21d3f0c4d73676959/elements - {"using":"xpath","value":"//*[@id=\"backBtn\"]"}
RESULT: {"using":"xpath","value":"//*[@id=\"backBtn\"]"}
COMMAND: POST /session/b476bfaa375639e21d3f0c4d73676959/elements - {"using":"xpath","value":"//*[@id=\"backBtn\"]"}
RESULT: {"using":"xpath","value":"//*[@id=\"backBtn\"]"}
COMMAND: POST /session/b476bfaa375639e21d3f0c4d73676959/elements - {"using":"xpath","value":"//*[@id=\"backBtn\"]"}
]]></system-out>
    </testcase>
    <testcase classname="chrome.136_0_7103_93.windows.Sanity_Tests_US104253" name="Should open Jobs Setup page" time="36.715">
      <system-out><![CDATA[
COMMAND: POST /session/b476bfaa375639e21d3f0c4d73676959/execute/async - {"script":"<script> [1562 bytes]","args":[{"selector":{"controlType":"sap.m.GenericTile","properties":{"header":"Jobs Setup"}},"wdio_ui5_key":"sapm.GenericTile{\"header\":\"Jobs Setup\"}"}]}
RESULT: {"using":"xpath","value":"//*[@id=\"backBtn\"]"}
COMMAND: POST /session/b476bfaa375639e21d3f0c4d73676959/elements - {"using":"xpath","value":"//*[@id=\"backBtn\"]"}
RESULT: {"script":"<script> [1562 bytes]","args":[{"selector":{"controlType":"sap.m.GenericTile","properties":{"header":"Jobs Setup"}},"wdio_ui5_key":"sapm.GenericTile{\"header\":\"Jobs Setup\"}"}]}
RESULT: undefined
COMMAND: POST /session/b476bfaa375639e21d3f0c4d73676959/element - {"using":"xpath","value":"//*[@id=\"__tile128\"]"}
RESULT: {"using":"xpath","value":"//*[@id=\"backBtn\"]"}
COMMAND: POST /session/b476bfaa375639e21d3f0c4d73676959/elements - {"using":"xpath","value":"//*[@id=\"backBtn\"]"}
RESULT: {"using":"xpath","value":"//*[@id=\"__tile128\"]"}
COMMAND: POST /session/b476bfaa375639e21d3f0c4d73676959/element/f.1F07B75241787BF51536F41C8FA9D570.d.05B88879957895673F804ECF55FFABDC.e.5501/click - {}
RESULT: {"using":"xpath","value":"//*[@id=\"backBtn\"]"}
COMMAND: POST /session/b476bfaa375639e21d3f0c4d73676959/elements - {"using":"xpath","value":"//*[@id=\"backBtn\"]"}
RESULT: {}
COMMAND: GET /session/b476bfaa375639e21d3f0c4d73676959/screenshot - {}
RESULT: {"using":"xpath","value":"//*[@id=\"backBtn\"]"}
COMMAND: POST /session/b476bfaa375639e21d3f0c4d73676959/elements - {"using":"xpath","value":"//*[@id=\"backBtn\"]"}
RESULT: {}
RESULT: {"using":"xpath","value":"//*[@id=\"backBtn\"]"}
COMMAND: POST /session/b476bfaa375639e21d3f0c4d73676959/elements - {"using":"xpath","value":"//*[@id=\"backBtn\"]"}
RESULT: {"using":"xpath","value":"//*[@id=\"backBtn\"]"}
COMMAND: POST /session/b476bfaa375639e21d3f0c4d73676959/elements - {"using":"xpath","value":"//*[@id=\"backBtn\"]"}
RESULT: {"using":"xpath","value":"//*[@id=\"backBtn\"]"}
COMMAND: POST /session/b476bfaa375639e21d3f0c4d73676959/element - {"using":"xpath","value":"//*[@id=\"backBtn\"]"}
RESULT: {"using":"xpath","value":"//*[@id=\"backBtn\"]"}
COMMAND: POST /session/b476bfaa375639e21d3f0c4d73676959/element/f.1F07B75241787BF51536F41C8FA9D570.d.05B88879957895673F804ECF55FFABDC.e.5450/click - {}
COMMAND: POST /session/b476bfaa375639e21d3f0c4d73676959/element - {"using":"xpath","value":"//*[@id=\"backBtn\"]"}
RESULT: {"using":"xpath","value":"//*[@id=\"backBtn\"]"}
COMMAND: POST /session/b476bfaa375639e21d3f0c4d73676959/element/f.1F07B75241787BF51536F41C8FA9D570.d.05B88879957895673F804ECF55FFABDC.e.5565/click - {}
RESULT: {}
COMMAND: GET /session/b476bfaa375639e21d3f0c4d73676959/screenshot - {}
RESULT: {}
COMMAND: POST /session/b476bfaa375639e21d3f0c4d73676959/elements - {"using":"xpath","value":"//span[text()='Error']"}
RESULT: {"using":"xpath","value":"//span[text()='Error']"}
RESULT: undefined
COMMAND: POST /session/b476bfaa375639e21d3f0c4d73676959/element - {"using":"xpath","value":"//*[@id=\"__tile128\"]"}
RESULT: {"using":"xpath","value":"//*[@id=\"__tile128\"]"}
COMMAND: POST /session/b476bfaa375639e21d3f0c4d73676959/element/f.1F07B75241787BF51536F41C8FA9D570.d.05B88879957895673F804ECF55FFABDC.e.5501/click - {}
RESULT: undefined
COMMAND: POST /session/b476bfaa375639e21d3f0c4d73676959/element - {"using":"xpath","value":"//*[@id=\"__tile128\"]"}
RESULT: {"using":"xpath","value":"//*[@id=\"__tile128\"]"}
COMMAND: POST /session/b476bfaa375639e21d3f0c4d73676959/element/f.1F07B75241787BF51536F41C8FA9D570.d.05B88879957895673F804ECF55FFABDC.e.5501/click - {}
RESULT: undefined
COMMAND: POST /session/b476bfaa375639e21d3f0c4d73676959/execute/async - {"script":"<script> [6424 bytes]","args":[{"element-6066-11e4-a52e-4f735466cecf":"f.1F07B75241787BF51536F41C8FA9D570.d.05B88879957895673F804ECF55FFABDC.e.291"},"getTitle",[]]}
COMMAND: POST /session/b476bfaa375639e21d3f0c4d73676959/execute/async - {"script":"<script> [1562 bytes]","args":[{"selector":{"id":"shellAppTitle"},"wdio_ui5_key":"shellAppTitle"}]}
RESULT: {"script":"<script> [1562 bytes]","args":[{"selector":{"id":"shellAppTitle"},"wdio_ui5_key":"shellAppTitle"}]}
COMMAND: POST /session/b476bfaa375639e21d3f0c4d73676959/execute/async - {"script":"<script> [6424 bytes]","args":[{"element-6066-11e4-a52e-4f735466cecf":"f.1F07B75241787BF51536F41C8FA9D570.d.05B88879957895673F804ECF55FFABDC.e.5592"},"getTitle",[]]}
RESULT: {"script":"<script> [6424 bytes]","args":[{"element-6066-11e4-a52e-4f735466cecf":"f.1F07B75241787BF51536F41C8FA9D570.d.05B88879957895673F804ECF55FFABDC.e.5592"},"getTitle",[]]}
RESULT: undefined
COMMAND: POST /session/b476bfaa375639e21d3f0c4d73676959/element/f.1F07B75241787BF51536F41C8FA9D570.d.05B88879957895673F804ECF55FFABDC.e.5565/click - {}
COMMAND: POST /session/b476bfaa375639e21d3f0c4d73676959/element/f.1F07B75241787BF51536F41C8FA9D570.d.05B88879957895673F804ECF55FFABDC.e.5565/click - {}
RESULT: {}
COMMAND: GET /session/b476bfaa375639e21d3f0c4d73676959/screenshot - {}
RESULT: {}
COMMAND: GET /session/b476bfaa375639e21d3f0c4d73676959/screenshot - {}
RESULT: {}
RESULT: {}
]]></system-out>
    </testcase>
    <testcase classname="chrome.136_0_7103_93.windows.Sanity_Tests_US104253" name="Should open Target Systems Configuration page" time="36.108">
      <system-out><![CDATA[
COMMAND: POST /session/b476bfaa375639e21d3f0c4d73676959/execute/async - {"script":"<script> [1562 bytes]","args":[{"selector":{"controlType":"sap.m.GenericTile","properties":{"header":"Target Systems Configuration"}},"wdio_ui5_key":"sapm.GenericTile{\"header\":\"Target Systems Configuration\"}"}]}
RESULT: {"script":"<script> [1562 bytes]","args":[{"selector":{"controlType":"sap.m.GenericTile","properties":{"header":"Target Systems Configuration"}},"wdio_ui5_key":"sapm.GenericTile{\"header\":\"Target Systems Configuration\"}"}]}
RESULT: undefined
COMMAND: POST /session/b476bfaa375639e21d3f0c4d73676959/element - {"using":"xpath","value":"//*[@id=\"__tile129\"]"}
RESULT: {"using":"xpath","value":"//*[@id=\"__tile129\"]"}
COMMAND: POST /session/b476bfaa375639e21d3f0c4d73676959/element/f.1F07B75241787BF51536F41C8FA9D570.d.05B88879957895673F804ECF55FFABDC.e.5596/click - {}
RESULT: {}
COMMAND: GET /session/b476bfaa375639e21d3f0c4d73676959/screenshot - {}
RESULT: {}
COMMAND: POST /session/b476bfaa375639e21d3f0c4d73676959/elements - {"using":"xpath","value":"//span[text()='Error']"}
RESULT: {"using":"xpath","value":"//span[text()='Error']"}
RESULT: undefined
COMMAND: POST /session/b476bfaa375639e21d3f0c4d73676959/element - {"using":"xpath","value":"//*[@id=\"__tile129\"]"}
RESULT: {"using":"xpath","value":"//*[@id=\"__tile129\"]"}
COMMAND: POST /session/b476bfaa375639e21d3f0c4d73676959/element/f.1F07B75241787BF51536F41C8FA9D570.d.05B88879957895673F804ECF55FFABDC.e.5596/click - {}
RESULT: undefined
COMMAND: POST /session/b476bfaa375639e21d3f0c4d73676959/element - {"using":"xpath","value":"//*[@id=\"__tile129\"]"}
RESULT: {"using":"xpath","value":"//*[@id=\"__tile129\"]"}
COMMAND: POST /session/b476bfaa375639e21d3f0c4d73676959/element/f.1F07B75241787BF51536F41C8FA9D570.d.05B88879957895673F804ECF55FFABDC.e.5596/click - {}
RESULT: undefined
COMMAND: POST /session/b476bfaa375639e21d3f0c4d73676959/execute/async - {"script":"<script> [6424 bytes]","args":[{"element-6066-11e4-a52e-4f735466cecf":"f.1F07B75241787BF51536F41C8FA9D570.d.05B88879957895673F804ECF55FFABDC.e.291"},"getTitle",[]]}
COMMAND: POST /session/b476bfaa375639e21d3f0c4d73676959/execute/async - {"script":"<script> [1562 bytes]","args":[{"selector":{"id":"shellAppTitle"},"wdio_ui5_key":"shellAppTitle"}]}
RESULT: {"script":"<script> [1562 bytes]","args":[{"selector":{"id":"shellAppTitle"},"wdio_ui5_key":"shellAppTitle"}]}
COMMAND: POST /session/b476bfaa375639e21d3f0c4d73676959/execute/async - {"script":"<script> [6424 bytes]","args":[{"element-6066-11e4-a52e-4f735466cecf":"f.1F07B75241787BF51536F41C8FA9D570.d.05B88879957895673F804ECF55FFABDC.e.5649"},"getTitle",[]]}
RESULT: {"script":"<script> [6424 bytes]","args":[{"element-6066-11e4-a52e-4f735466cecf":"f.1F07B75241787BF51536F41C8FA9D570.d.05B88879957895673F804ECF55FFABDC.e.5649"},"getTitle",[]]}
RESULT: undefined
COMMAND: POST /session/b476bfaa375639e21d3f0c4d73676959/element/f.1F07B75241787BF51536F41C8FA9D570.d.05B88879957895673F804ECF55FFABDC.e.5565/click - {}
COMMAND: POST /session/b476bfaa375639e21d3f0c4d73676959/element/f.1F07B75241787BF51536F41C8FA9D570.d.05B88879957895673F804ECF55FFABDC.e.5565/click - {}
RESULT: {}
COMMAND: GET /session/b476bfaa375639e21d3f0c4d73676959/screenshot - {}
COMMAND: POST /session/b476bfaa375639e21d3f0c4d73676959/element - {"using":"xpath","value":"//*[@id=\"backBtn\"]"}
RESULT: {}
RESULT: {"using":"xpath","value":"//*[@id=\"backBtn\"]"}
COMMAND: POST /session/b476bfaa375639e21d3f0c4d73676959/elements - {"using":"xpath","value":"//*[@id=\"backBtn\"]"}
RESULT: {"using":"xpath","value":"//*[@id=\"backBtn\"]"}
COMMAND: POST /session/b476bfaa375639e21d3f0c4d73676959/elements - {"using":"xpath","value":"//*[@id=\"backBtn\"]"}
RESULT: {"using":"xpath","value":"//*[@id=\"backBtn\"]"}
COMMAND: POST /session/b476bfaa375639e21d3f0c4d73676959/elements - {"using":"xpath","value":"//*[@id=\"backBtn\"]"}
RESULT: {"using":"xpath","value":"//*[@id=\"backBtn\"]"}
COMMAND: POST /session/b476bfaa375639e21d3f0c4d73676959/elements - {"using":"xpath","value":"//*[@id=\"backBtn\"]"}
RESULT: {"using":"xpath","value":"//*[@id=\"backBtn\"]"}
COMMAND: POST /session/b476bfaa375639e21d3f0c4d73676959/elements - {"using":"xpath","value":"//*[@id=\"backBtn\"]"}
RESULT: {"using":"xpath","value":"//*[@id=\"backBtn\"]"}
COMMAND: POST /session/b476bfaa375639e21d3f0c4d73676959/elements - {"using":"xpath","value":"//*[@id=\"backBtn\"]"}
RESULT: {"using":"xpath","value":"//*[@id=\"backBtn\"]"}
COMMAND: POST /session/b476bfaa375639e21d3f0c4d73676959/elements - {"using":"xpath","value":"//*[@id=\"backBtn\"]"}
RESULT: {"using":"xpath","value":"//*[@id=\"backBtn\"]"}
COMMAND: POST /session/b476bfaa375639e21d3f0c4d73676959/elements - {"using":"xpath","value":"//*[@id=\"backBtn\"]"}
RESULT: {"using":"xpath","value":"//*[@id=\"backBtn\"]"}
COMMAND: POST /session/b476bfaa375639e21d3f0c4d73676959/elements - {"using":"xpath","value":"//*[@id=\"backBtn\"]"}
RESULT: {"using":"xpath","value":"//*[@id=\"backBtn\"]"}
COMMAND: POST /session/b476bfaa375639e21d3f0c4d73676959/elements - {"using":"xpath","value":"//*[@id=\"backBtn\"]"}
RESULT: {"using":"xpath","value":"//*[@id=\"backBtn\"]"}
COMMAND: POST /session/b476bfaa375639e21d3f0c4d73676959/elements - {"using":"xpath","value":"//*[@id=\"backBtn\"]"}
RESULT: {"using":"xpath","value":"//*[@id=\"backBtn\"]"}
COMMAND: POST /session/b476bfaa375639e21d3f0c4d73676959/elements - {"using":"xpath","value":"//*[@id=\"backBtn\"]"}
RESULT: {"using":"xpath","value":"//*[@id=\"backBtn\"]"}
COMMAND: POST /session/b476bfaa375639e21d3f0c4d73676959/elements - {"using":"xpath","value":"//*[@id=\"backBtn\"]"}
RESULT: {"using":"xpath","value":"//*[@id=\"backBtn\"]"}
COMMAND: POST /session/b476bfaa375639e21d3f0c4d73676959/elements - {"using":"xpath","value":"//*[@id=\"backBtn\"]"}
RESULT: {"using":"xpath","value":"//*[@id=\"backBtn\"]"}
COMMAND: POST /session/b476bfaa375639e21d3f0c4d73676959/elements - {"using":"xpath","value":"//*[@id=\"backBtn\"]"}
RESULT: {"using":"xpath","value":"//*[@id=\"backBtn\"]"}
COMMAND: POST /session/b476bfaa375639e21d3f0c4d73676959/elements - {"using":"xpath","value":"//*[@id=\"backBtn\"]"}
RESULT: {"using":"xpath","value":"//*[@id=\"backBtn\"]"}
COMMAND: POST /session/b476bfaa375639e21d3f0c4d73676959/elements - {"using":"xpath","value":"//*[@id=\"backBtn\"]"}
RESULT: {"using":"xpath","value":"//*[@id=\"backBtn\"]"}
COMMAND: POST /session/b476bfaa375639e21d3f0c4d73676959/elements - {"using":"xpath","value":"//*[@id=\"backBtn\"]"}
RESULT: {"using":"xpath","value":"//*[@id=\"backBtn\"]"}
COMMAND: POST /session/b476bfaa375639e21d3f0c4d73676959/elements - {"using":"xpath","value":"//*[@id=\"backBtn\"]"}
RESULT: {"using":"xpath","value":"//*[@id=\"backBtn\"]"}
COMMAND: POST /session/b476bfaa375639e21d3f0c4d73676959/elements - {"using":"xpath","value":"//*[@id=\"backBtn\"]"}
RESULT: {"using":"xpath","value":"//*[@id=\"backBtn\"]"}
COMMAND: POST /session/b476bfaa375639e21d3f0c4d73676959/elements - {"using":"xpath","value":"//*[@id=\"backBtn\"]"}
RESULT: {"using":"xpath","value":"//*[@id=\"backBtn\"]"}
COMMAND: POST /session/b476bfaa375639e21d3f0c4d73676959/elements - {"using":"xpath","value":"//*[@id=\"backBtn\"]"}
RESULT: {"using":"xpath","value":"//*[@id=\"backBtn\"]"}
COMMAND: POST /session/b476bfaa375639e21d3f0c4d73676959/elements - {"using":"xpath","value":"//*[@id=\"backBtn\"]"}
RESULT: {"using":"xpath","value":"//*[@id=\"backBtn\"]"}
COMMAND: POST /session/b476bfaa375639e21d3f0c4d73676959/elements - {"using":"xpath","value":"//*[@id=\"backBtn\"]"}
RESULT: {"using":"xpath","value":"//*[@id=\"backBtn\"]"}
COMMAND: POST /session/b476bfaa375639e21d3f0c4d73676959/elements - {"using":"xpath","value":"//*[@id=\"backBtn\"]"}
RESULT: {"using":"xpath","value":"//*[@id=\"backBtn\"]"}
COMMAND: POST /session/b476bfaa375639e21d3f0c4d73676959/elements - {"using":"xpath","value":"//*[@id=\"backBtn\"]"}
RESULT: {"using":"xpath","value":"//*[@id=\"backBtn\"]"}
COMMAND: POST /session/b476bfaa375639e21d3f0c4d73676959/elements - {"using":"xpath","value":"//*[@id=\"backBtn\"]"}
RESULT: {"using":"xpath","value":"//*[@id=\"backBtn\"]"}
COMMAND: POST /session/b476bfaa375639e21d3f0c4d73676959/elements - {"using":"xpath","value":"//*[@id=\"backBtn\"]"}
RESULT: {"using":"xpath","value":"//*[@id=\"backBtn\"]"}
COMMAND: POST /session/b476bfaa375639e21d3f0c4d73676959/elements - {"using":"xpath","value":"//*[@id=\"backBtn\"]"}
RESULT: {"using":"xpath","value":"//*[@id=\"backBtn\"]"}
COMMAND: POST /session/b476bfaa375639e21d3f0c4d73676959/elements - {"using":"xpath","value":"//*[@id=\"backBtn\"]"}
RESULT: {"using":"xpath","value":"//*[@id=\"backBtn\"]"}
COMMAND: POST /session/b476bfaa375639e21d3f0c4d73676959/elements - {"using":"xpath","value":"//*[@id=\"backBtn\"]"}
RESULT: {"using":"xpath","value":"//*[@id=\"backBtn\"]"}
COMMAND: POST /session/b476bfaa375639e21d3f0c4d73676959/elements - {"using":"xpath","value":"//*[@id=\"backBtn\"]"}
RESULT: {"using":"xpath","value":"//*[@id=\"backBtn\"]"}
COMMAND: POST /session/b476bfaa375639e21d3f0c4d73676959/elements - {"using":"xpath","value":"//*[@id=\"backBtn\"]"}
RESULT: {"using":"xpath","value":"//*[@id=\"backBtn\"]"}
COMMAND: POST /session/b476bfaa375639e21d3f0c4d73676959/elements - {"using":"xpath","value":"//*[@id=\"backBtn\"]"}
RESULT: {"using":"xpath","value":"//*[@id=\"backBtn\"]"}
COMMAND: POST /session/b476bfaa375639e21d3f0c4d73676959/elements - {"using":"xpath","value":"//*[@id=\"backBtn\"]"}
RESULT: {"using":"xpath","value":"//*[@id=\"backBtn\"]"}
COMMAND: POST /session/b476bfaa375639e21d3f0c4d73676959/elements - {"using":"xpath","value":"//*[@id=\"backBtn\"]"}
RESULT: {"using":"xpath","value":"//*[@id=\"backBtn\"]"}
COMMAND: POST /session/b476bfaa375639e21d3f0c4d73676959/elements - {"using":"xpath","value":"//*[@id=\"backBtn\"]"}
RESULT: {"using":"xpath","value":"//*[@id=\"backBtn\"]"}
COMMAND: POST /session/b476bfaa375639e21d3f0c4d73676959/elements - {"using":"xpath","value":"//*[@id=\"backBtn\"]"}
RESULT: {"using":"xpath","value":"//*[@id=\"backBtn\"]"}
COMMAND: POST /session/b476bfaa375639e21d3f0c4d73676959/elements - {"using":"xpath","value":"//*[@id=\"backBtn\"]"}
RESULT: {"using":"xpath","value":"//*[@id=\"backBtn\"]"}
COMMAND: DELETE /session/b476bfaa375639e21d3f0c4d73676959 - {}
RESULT: {}
]]></system-out>
    </testcase>
  </testsuite>
</testsuites>