<?xml version="1.0" encoding="UTF-8"?>
<testsuites tests="3" failures="1" errors="1" skipped="2">
  <testsuite timestamp="2025-06-10T17:35:43" time="30.571" tests="3" failures="1" errors="1" skipped="2">
    <properties>
      <property name="specId" value="0" />
      <property name="suiteName" value="Check QaLive System is up, or stop pipeline" />
      <property name="capabilities" value="chrome.137_0_7151_69.windows" />
      <property name="file" value="file:///D:/a/1/s/test/specs/TECH/check-QaLive-up.spec.js" />
    </properties>
    <testcase classname="chrome.137_0_7151_69.windows.Check_QaLive_System_is_up,_or_stop_pipeline" name="should check if the number in the specified element is greater than 0" time="0">
      <skipped />
      <system-out><![CDATA[
COMMAND: GET /session/c56c6ca64bf227ea47357cbaa984db57/screenshot - {}
COMMAND: GET /session/c56c6ca64bf227ea47357cbaa984db57/screenshot - {}
RESULT: {}
]]></system-out>
    </testcase>
    <testcase classname="chrome.137_0_7151_69.windows.Check_QaLive_System_is_up,_or_stop_pipeline" name="should check if the number in the specified element is greater than 0" time="0">
      <skipped />
      <system-out><![CDATA[
COMMAND: GET /session/c56c6ca64bf227ea47357cbaa984db57/screenshot - {}
RESULT: {}
RESULT: {}
COMMAND: DELETE /session/c56c6ca64bf227ea47357cbaa984db57 - {}
RESULT: {}
]]></system-out>
    </testcase>
  </testsuite>
</testsuites>