<?xml version="1.0" encoding="UTF-8"?>
<testsuites tests="15" failures="5" errors="5" skipped="0">
  <testsuite timestamp="2025-05-31T16:38:16" time="938.034" tests="9" failures="5" errors="5" skipped="0">
    <properties>
      <property name="specId" value="0"/>
      <property name="suiteName" value="Prerequisites &amp; test for yard mass return on Yard Overview US131057"/>
      <property name="capabilities" value="chrome.136_0_7103_93.windows"/>
      <property name="file" value="file:///D:/a/1/s/test/specs/HTR/yard-mass-return.spec.js"/>
    </properties>
    <testcase classname="chrome.136_0_7103_93.windows.Prerequisites_&amp;_test_for_yard_mass_return_on_Yard_Overview_US131057" name="Prereq Should create a new yard used for all following tests" time="127.464">
      <system-out><![CDATA[
COMMAND: POST /session/61a4e41d5d5dd3b82ee98b69d8aceb21/window/fullscreen - {}
RESULT: {}
COMMAND: POST /session/61a4e41d5d5dd3b82ee98b69d8aceb21/execute/async - {"script":"<script> [1562 bytes]","args":[{"selector":{"controlType":"sap.m.GenericTile","properties":{"header":"Manage Yards"}},"wdio_ui5_key":"sapm.GenericTile{\"header\":\"Manage Yards\"}"}]}
RESULT: {"script":"<script> [1562 bytes]","args":[{"selector":{"controlType":"sap.m.GenericTile","properties":{"header":"Manage Yards"}},"wdio_ui5_key":"sapm.GenericTile{\"header\":\"Manage Yards\"}"}]}
RESULT: undefined
COMMAND: POST /session/61a4e41d5d5dd3b82ee98b69d8aceb21/element - {"using":"xpath","value":"//*[@id=\"__tile41\"]"}
RESULT: {"using":"xpath","value":"//*[@id=\"__tile41\"]"}
COMMAND: POST /session/61a4e41d5d5dd3b82ee98b69d8aceb21/element/f.5597B913AB35EBD8B52179872D09D3B6.d.49DE703FDAF8963F840D96288319E2E5.e.153/click - {}
RESULT: {}
COMMAND: GET /session/61a4e41d5d5dd3b82ee98b69d8aceb21/screenshot - {}
RESULT: {}
COMMAND: POST /session/61a4e41d5d5dd3b82ee98b69d8aceb21/elements - {"using":"xpath","value":"//span[text()='Error']"}
RESULT: {"using":"xpath","value":"//span[text()='Error']"}
COMMAND: POST /session/61a4e41d5d5dd3b82ee98b69d8aceb21/element - {"using":"xpath","value":"//button[@data-kt=\"addNewYardOverflowToolbarButton\"]"}
RESULT: {"using":"xpath","value":"//button[@data-kt=\"addNewYardOverflowToolbarButton\"]"}
COMMAND: POST /session/61a4e41d5d5dd3b82ee98b69d8aceb21/elements - {"using":"xpath","value":"//button[@data-kt=\"addNewYardOverflowToolbarButton\"]"}
RESULT: {"using":"xpath","value":"//button[@data-kt=\"addNewYardOverflowToolbarButton\"]"}
COMMAND: POST /session/61a4e41d5d5dd3b82ee98b69d8aceb21/elements - {"using":"xpath","value":"//button[@data-kt=\"addNewYardOverflowToolbarButton\"]"}
RESULT: {"using":"xpath","value":"//button[@data-kt=\"addNewYardOverflowToolbarButton\"]"}
COMMAND: POST /session/61a4e41d5d5dd3b82ee98b69d8aceb21/elements - {"using":"xpath","value":"//button[@data-kt=\"addNewYardOverflowToolbarButton\"]"}
RESULT: {"using":"xpath","value":"//button[@data-kt=\"addNewYardOverflowToolbarButton\"]"}
COMMAND: POST /session/61a4e41d5d5dd3b82ee98b69d8aceb21/elements - {"using":"xpath","value":"//button[@data-kt=\"addNewYardOverflowToolbarButton\"]"}
RESULT: {"using":"xpath","value":"//button[@data-kt=\"addNewYardOverflowToolbarButton\"]"}
COMMAND: POST /session/61a4e41d5d5dd3b82ee98b69d8aceb21/elements - {"using":"xpath","value":"//button[@data-kt=\"addNewYardOverflowToolbarButton\"]"}
RESULT: {"using":"xpath","value":"//button[@data-kt=\"addNewYardOverflowToolbarButton\"]"}
COMMAND: POST /session/61a4e41d5d5dd3b82ee98b69d8aceb21/element - {"using":"xpath","value":"//button[@data-kt=\"addNewYardOverflowToolbarButton\"]"}
RESULT: {"using":"xpath","value":"//button[@data-kt=\"addNewYardOverflowToolbarButton\"]"}
COMMAND: POST /session/61a4e41d5d5dd3b82ee98b69d8aceb21/execute/sync - {"script":"<script> [8489 bytes]","args":[{"element-6066-11e4-a52e-4f735466cecf":"f.5597B913AB35EBD8B52179872D09D3B6.d.49DE703FDAF8963F840D96288319E2E5.e.290","ELEMENT":"f.5597B913AB35EBD8B52179872D09D3B6.d.49DE703FDAF8963F840D96288319E2E5.e.290"}]}
RESULT: {"script":"<script> [8489 bytes]","args":[{"element-6066-11e4-a52e-4f735466cecf":"f.5597B913AB35EBD8B52179872D09D3B6.d.49DE703FDAF8963F840D96288319E2E5.e.290","ELEMENT":"f.5597B913AB35EBD8B52179872D09D3B6.d.49DE703FDAF8963F840D96288319E2E5.e.290"}]}
COMMAND: GET /session/61a4e41d5d5dd3b82ee98b69d8aceb21/element/f.5597B913AB35EBD8B52179872D09D3B6.d.49DE703FDAF8963F840D96288319E2E5.e.290/enabled - {}
COMMAND: GET /session/61a4e41d5d5dd3b82ee98b69d8aceb21/screenshot - {}
RESULT: {}
COMMAND: POST /session/61a4e41d5d5dd3b82ee98b69d8aceb21/execute/sync - {"script":"<script> [8489 bytes]","args":[{"element-6066-11e4-a52e-4f735466cecf":"f.5597B913AB35EBD8B52179872D09D3B6.d.49DE703FDAF8963F840D96288319E2E5.e.290","ELEMENT":"f.5597B913AB35EBD8B52179872D09D3B6.d.49DE703FDAF8963F840D96288319E2E5.e.290"}]}
COMMAND: GET /session/61a4e41d5d5dd3b82ee98b69d8aceb21/screenshot - {}
RESULT: {}
RESULT: {"script":"<script> [8489 bytes]","args":[{"element-6066-11e4-a52e-4f735466cecf":"f.5597B913AB35EBD8B52179872D09D3B6.d.49DE703FDAF8963F840D96288319E2E5.e.290","ELEMENT":"f.5597B913AB35EBD8B52179872D09D3B6.d.49DE703FDAF8963F840D96288319E2E5.e.290"}]}
COMMAND: POST /session/61a4e41d5d5dd3b82ee98b69d8aceb21/execute/sync - {"script":"<script> [5351 bytes]","args":[{"element-6066-11e4-a52e-4f735466cecf":"f.5597B913AB35EBD8B52179872D09D3B6.d.49DE703FDAF8963F840D96288319E2E5.e.290","ELEMENT":"f.5597B913AB35EBD8B52179872D09D3B6.d.49DE703FDAF8963F840D96288319E2E5.e.290"}]}
COMMAND: GET /session/61a4e41d5d5dd3b82ee98b69d8aceb21/screenshot - {}
RESULT: {}
RESULT: {"script":"<script> [5351 bytes]","args":[{"element-6066-11e4-a52e-4f735466cecf":"f.5597B913AB35EBD8B52179872D09D3B6.d.49DE703FDAF8963F840D96288319E2E5.e.290","ELEMENT":"f.5597B913AB35EBD8B52179872D09D3B6.d.49DE703FDAF8963F840D96288319E2E5.e.290"}]}
COMMAND: POST /session/61a4e41d5d5dd3b82ee98b69d8aceb21/element/f.5597B913AB35EBD8B52179872D09D3B6.d.49DE703FDAF8963F840D96288319E2E5.e.290/click - {}
COMMAND: GET /session/61a4e41d5d5dd3b82ee98b69d8aceb21/screenshot - {}
RESULT: {}
RESULT: {}
RESULT: {}
COMMAND: GET /session/61a4e41d5d5dd3b82ee98b69d8aceb21/screenshot - {}
COMMAND: POST /session/61a4e41d5d5dd3b82ee98b69d8aceb21/element - {"using":"xpath","value":"//input[@id=\"application-manageyards-display-component---NewYard--yardId-inner\"]"}
RESULT: {}
RESULT: {"using":"xpath","value":"//input[@id=\"application-manageyards-display-component---NewYard--yardId-inner\"]"}
COMMAND: POST /session/61a4e41d5d5dd3b82ee98b69d8aceb21/element - {"using":"xpath","value":"//input[@id=\"application-manageyards-display-component---NewYard--yardId-inner\"]"}
RESULT: {"using":"xpath","value":"//input[@id=\"application-manageyards-display-component---NewYard--yardId-inner\"]"}
COMMAND: POST /session/61a4e41d5d5dd3b82ee98b69d8aceb21/execute/async - {"script":"<script> [1562 bytes]","args":[{"selector":{"id":"application-manageyards-display-component---NewYard--addressDetailDetailsName1","interaction":{"idSuffix":"inner"}},"wdio_ui5_key":"applicationmanageyards-display-component---NewYard--addressDetailDetailsName1"}]}
RESULT: {"script":"<script> [1562 bytes]","args":[{"selector":{"id":"application-manageyards-display-component---NewYard--addressDetailDetailsName1","interaction":{"idSuffix":"inner"}},"wdio_ui5_key":"applicationmanageyards-display-component---NewYard--addressDetailDetailsName1"}]}
RESULT: undefined
COMMAND: POST /session/61a4e41d5d5dd3b82ee98b69d8aceb21/execute/async - {"script":"<script> [776 bytes]","args":[{"enterText":"Other Yard WDIO","selector":{"id":"application-manageyards-display-component---NewYard--addressDetailDetailsName1","interaction":{"idSuffix":"inner"}},"clearTextFirst":true,"interactionType":"ENTER_TEXT"}]}
RESULT: {"script":"<script> [776 bytes]","args":[{"enterText":"Other Yard WDIO","selector":{"id":"application-manageyards-display-component---NewYard--addressDetailDetailsName1","interaction":{"idSuffix":"inner"}},"clearTextFirst":true,"interactionType":"ENTER_TEXT"}]}
COMMAND: POST /session/61a4e41d5d5dd3b82ee98b69d8aceb21/execute/async - {"script":"<script> [1562 bytes]","args":[{"selector":{"id":"application-manageyards-display-component---NewYard--addressDetailDetailsLanguage-arrow"},"wdio_ui5_key":"applicationmanageyards-display-component---NewYard--addressDetailDetailsLanguage-arrow"}]}
RESULT: {"script":"<script> [1562 bytes]","args":[{"selector":{"id":"application-manageyards-display-component---NewYard--addressDetailDetailsLanguage-arrow"},"wdio_ui5_key":"applicationmanageyards-display-component---NewYard--addressDetailDetailsLanguage-arrow"}]}
RESULT: undefined
COMMAND: POST /session/61a4e41d5d5dd3b82ee98b69d8aceb21/element - {"using":"xpath","value":"//*[@id=\"application-manageyards-display-component---NewYard--addressDetailDetailsLanguage-arrow\"]"}
RESULT: {"using":"xpath","value":"//*[@id=\"application-manageyards-display-component---NewYard--addressDetailDetailsLanguage-arrow\"]"}
COMMAND: POST /session/61a4e41d5d5dd3b82ee98b69d8aceb21/element/f.5597B913AB35EBD8B52179872D09D3B6.d.49DE703FDAF8963F840D96288319E2E5.e.723/click - {}
RESULT: {}
COMMAND: POST /session/61a4e41d5d5dd3b82ee98b69d8aceb21/element - {"using":"xpath","value":"//span[contains(text(), \"English\")]"}
COMMAND: GET /session/61a4e41d5d5dd3b82ee98b69d8aceb21/screenshot - {}
RESULT: {"using":"xpath","value":"//span[contains(text(), \"English\")]"}
COMMAND: POST /session/61a4e41d5d5dd3b82ee98b69d8aceb21/element/f.5597B913AB35EBD8B52179872D09D3B6.d.49DE703FDAF8963F840D96288319E2E5.e.724/click - {}
RESULT: {}
RESULT: {}
COMMAND: POST /session/61a4e41d5d5dd3b82ee98b69d8aceb21/execute/async - {"script":"<script> [1562 bytes]","args":[{"selector":{"id":"application-manageyards-display-component---NewYard--addressDetailDetailsCity1","interaction":{"idSuffix":"inner"}},"wdio_ui5_key":"applicationmanageyards-display-component---NewYard--addressDetailDetailsCity1"}]}
COMMAND: GET /session/61a4e41d5d5dd3b82ee98b69d8aceb21/screenshot - {}
RESULT: {"script":"<script> [1562 bytes]","args":[{"selector":{"id":"application-manageyards-display-component---NewYard--addressDetailDetailsCity1","interaction":{"idSuffix":"inner"}},"wdio_ui5_key":"applicationmanageyards-display-component---NewYard--addressDetailDetailsCity1"}]}
RESULT: undefined
COMMAND: POST /session/61a4e41d5d5dd3b82ee98b69d8aceb21/execute/async - {"script":"<script> [776 bytes]","args":[{"enterText":"Rosario","selector":{"id":"application-manageyards-display-component---NewYard--addressDetailDetailsCity1","interaction":{"idSuffix":"inner"}},"clearTextFirst":true,"interactionType":"ENTER_TEXT"}]}
RESULT: {}
RESULT: {"script":"<script> [776 bytes]","args":[{"enterText":"Rosario","selector":{"id":"application-manageyards-display-component---NewYard--addressDetailDetailsCity1","interaction":{"idSuffix":"inner"}},"clearTextFirst":true,"interactionType":"ENTER_TEXT"}]}
COMMAND: POST /session/61a4e41d5d5dd3b82ee98b69d8aceb21/execute/async - {"script":"<script> [1562 bytes]","args":[{"selector":{"id":"application-manageyards-display-component---NewYard--addressDetailDetailsCountry-arrow"},"wdio_ui5_key":"applicationmanageyards-display-component---NewYard--addressDetailDetailsCountry-arrow"}]}
RESULT: {"script":"<script> [1562 bytes]","args":[{"selector":{"id":"application-manageyards-display-component---NewYard--addressDetailDetailsCountry-arrow"},"wdio_ui5_key":"applicationmanageyards-display-component---NewYard--addressDetailDetailsCountry-arrow"}]}
RESULT: undefined
COMMAND: POST /session/61a4e41d5d5dd3b82ee98b69d8aceb21/element - {"using":"xpath","value":"//*[@id=\"application-manageyards-display-component---NewYard--addressDetailDetailsCountry-arrow\"]"}
RESULT: {"using":"xpath","value":"//*[@id=\"application-manageyards-display-component---NewYard--addressDetailDetailsCountry-arrow\"]"}
COMMAND: POST /session/61a4e41d5d5dd3b82ee98b69d8aceb21/element/f.5597B913AB35EBD8B52179872D09D3B6.d.49DE703FDAF8963F840D96288319E2E5.e.726/click - {}
RESULT: {}
COMMAND: POST /session/61a4e41d5d5dd3b82ee98b69d8aceb21/element - {"using":"xpath","value":"//span[contains(text(), \"Argentina\")]"}
COMMAND: GET /session/61a4e41d5d5dd3b82ee98b69d8aceb21/screenshot - {}
RESULT: {"using":"xpath","value":"//span[contains(text(), \"Argentina\")]"}
COMMAND: POST /session/61a4e41d5d5dd3b82ee98b69d8aceb21/element/f.5597B913AB35EBD8B52179872D09D3B6.d.49DE703FDAF8963F840D96288319E2E5.e.727/click - {}
RESULT: {}
RESULT: {}
COMMAND: POST /session/61a4e41d5d5dd3b82ee98b69d8aceb21/execute/async - {"script":"<script> [1562 bytes]","args":[{"selector":{"id":"application-manageyards-display-component---NewYard--addressEditDetailsCostObjectCstType-arrow"},"wdio_ui5_key":"applicationmanageyards-display-component---NewYard--addressEditDetailsCostObjectCstType-arrow"}]}
COMMAND: GET /session/61a4e41d5d5dd3b82ee98b69d8aceb21/screenshot - {}
RESULT: {"script":"<script> [1562 bytes]","args":[{"selector":{"id":"application-manageyards-display-component---NewYard--addressEditDetailsCostObjectCstType-arrow"},"wdio_ui5_key":"applicationmanageyards-display-component---NewYard--addressEditDetailsCostObjectCstType-arrow"}]}
RESULT: undefined
COMMAND: POST /session/61a4e41d5d5dd3b82ee98b69d8aceb21/element - {"using":"xpath","value":"//*[@id=\"application-manageyards-display-component---NewYard--addressEditDetailsCostObjectCstType-arrow\"]"}
RESULT: {}
RESULT: {"using":"xpath","value":"//*[@id=\"application-manageyards-display-component---NewYard--addressEditDetailsCostObjectCstType-arrow\"]"}
COMMAND: POST /session/61a4e41d5d5dd3b82ee98b69d8aceb21/element/f.5597B913AB35EBD8B52179872D09D3B6.d.49DE703FDAF8963F840D96288319E2E5.e.729/click - {}
RESULT: {}
COMMAND: POST /session/61a4e41d5d5dd3b82ee98b69d8aceb21/element - {"using":"xpath","value":"//span[contains(text(), \"Cost Center\")]"}
COMMAND: GET /session/61a4e41d5d5dd3b82ee98b69d8aceb21/screenshot - {}
RESULT: {"using":"xpath","value":"//span[contains(text(), \"Cost Center\")]"}
COMMAND: POST /session/61a4e41d5d5dd3b82ee98b69d8aceb21/element/f.5597B913AB35EBD8B52179872D09D3B6.d.49DE703FDAF8963F840D96288319E2E5.e.730/click - {}
RESULT: {}
RESULT: {}
COMMAND: GET /session/61a4e41d5d5dd3b82ee98b69d8aceb21/screenshot - {}
RESULT: {}
COMMAND: POST /session/61a4e41d5d5dd3b82ee98b69d8aceb21/element - {"using":"xpath","value":"//span[@id=\"application-manageyards-display-component---NewYard--addressNewCostObjectCstID-vhi\"]"}
RESULT: {"using":"xpath","value":"//span[@id=\"application-manageyards-display-component---NewYard--addressNewCostObjectCstID-vhi\"]"}
COMMAND: POST /session/61a4e41d5d5dd3b82ee98b69d8aceb21/execute/sync - {"script":"<script> [8489 bytes]","args":[{"element-6066-11e4-a52e-4f735466cecf":"f.5597B913AB35EBD8B52179872D09D3B6.d.49DE703FDAF8963F840D96288319E2E5.e.734","ELEMENT":"f.5597B913AB35EBD8B52179872D09D3B6.d.49DE703FDAF8963F840D96288319E2E5.e.734"}]}
RESULT: {"script":"<script> [8489 bytes]","args":[{"element-6066-11e4-a52e-4f735466cecf":"f.5597B913AB35EBD8B52179872D09D3B6.d.49DE703FDAF8963F840D96288319E2E5.e.734","ELEMENT":"f.5597B913AB35EBD8B52179872D09D3B6.d.49DE703FDAF8963F840D96288319E2E5.e.734"}]}
COMMAND: POST /session/61a4e41d5d5dd3b82ee98b69d8aceb21/execute/async - {"script":"<script> [1562 bytes]","args":[{"selector":{"id":"application-manageyards-display-component---NewYard--addressNewCostObjectCstID-vhi"},"wdio_ui5_key":"applicationmanageyards-display-component---NewYard--addressNewCostObjectCstID-vhi"}]}
COMMAND: GET /session/61a4e41d5d5dd3b82ee98b69d8aceb21/screenshot - {}
RESULT: {"script":"<script> [1562 bytes]","args":[{"selector":{"id":"application-manageyards-display-component---NewYard--addressNewCostObjectCstID-vhi"},"wdio_ui5_key":"applicationmanageyards-display-component---NewYard--addressNewCostObjectCstID-vhi"}]}
RESULT: undefined
COMMAND: POST /session/61a4e41d5d5dd3b82ee98b69d8aceb21/element - {"using":"xpath","value":"//*[@id=\"application-manageyards-display-component---NewYard--addressNewCostObjectCstID-vhi\"]"}
RESULT: {}
RESULT: {"using":"xpath","value":"//*[@id=\"application-manageyards-display-component---NewYard--addressNewCostObjectCstID-vhi\"]"}
COMMAND: POST /session/61a4e41d5d5dd3b82ee98b69d8aceb21/element/f.5597B913AB35EBD8B52179872D09D3B6.d.49DE703FDAF8963F840D96288319E2E5.e.734/click - {}
RESULT: {}
COMMAND: GET /session/61a4e41d5d5dd3b82ee98b69d8aceb21/screenshot - {}
RESULT: {}
COMMAND: POST /session/61a4e41d5d5dd3b82ee98b69d8aceb21/execute/async - {"script":"<script> [1562 bytes]","args":[{"selector":{"controlType":"sap.m.SearchField","properties":{"placeholder":"Search"},"searchOpenDialogs":true,"interaction":{"idSuffix":"I"}},"wdio_ui5_key":"sapm.SearchField{\"placeholder\":\"Search\"}"}]}
RESULT: {"script":"<script> [1562 bytes]","args":[{"selector":{"controlType":"sap.m.SearchField","properties":{"placeholder":"Search"},"searchOpenDialogs":true,"interaction":{"idSuffix":"I"}},"wdio_ui5_key":"sapm.SearchField{\"placeholder\":\"Search\"}"}]}
RESULT: undefined
COMMAND: POST /session/61a4e41d5d5dd3b82ee98b69d8aceb21/execute/async - {"script":"<script> [776 bytes]","args":[{"enterText":"bauh_b","selector":{"controlType":"sap.m.SearchField","properties":{"placeholder":"Search"},"searchOpenDialogs":true,"interaction":{"idSuffix":"I"}},"clearTextFirst":true,"interactionType":"ENTER_TEXT"}]}
RESULT: {"script":"<script> [776 bytes]","args":[{"enterText":"bauh_b","selector":{"controlType":"sap.m.SearchField","properties":{"placeholder":"Search"},"searchOpenDialogs":true,"interaction":{"idSuffix":"I"}},"clearTextFirst":true,"interactionType":"ENTER_TEXT"}]}
COMMAND: POST /session/61a4e41d5d5dd3b82ee98b69d8aceb21/actions - {"actions":[{"id":"action1","type":"key","parameters":{},"actions":[{"type":"keyDown","value":""},{"type":"pause","duration":10},{"type":"keyUp","value":""}]}]}
RESULT: {"actions":[{"id":"action1","type":"key","parameters":{},"actions":[{"type":"keyDown","value":""},{"type":"pause","duration":10},{"type":"keyUp","value":""}]}]}
COMMAND: GET /session/61a4e41d5d5dd3b82ee98b69d8aceb21/screenshot - {}
RESULT: {}
COMMAND: POST /session/61a4e41d5d5dd3b82ee98b69d8aceb21/element - {"using":"xpath","value":"//span[contains(text(), \"Demo Yard\")]"}
RESULT: {"using":"xpath","value":"//span[contains(text(), \"Demo Yard\")]"}
COMMAND: POST /session/61a4e41d5d5dd3b82ee98b69d8aceb21/element/f.5597B913AB35EBD8B52179872D09D3B6.d.49DE703FDAF8963F840D96288319E2E5.e.775/click - {}
RESULT: {}
COMMAND: GET /session/61a4e41d5d5dd3b82ee98b69d8aceb21/screenshot - {}
RESULT: {}
COMMAND: POST /session/61a4e41d5d5dd3b82ee98b69d8aceb21/element - {"using":"xpath","value":"//bdi[contains(text(), \"OK\")]"}
RESULT: {"using":"xpath","value":"//bdi[contains(text(), \"OK\")]"}
COMMAND: POST /session/61a4e41d5d5dd3b82ee98b69d8aceb21/element/f.5597B913AB35EBD8B52179872D09D3B6.d.49DE703FDAF8963F840D96288319E2E5.e.776/click - {}
RESULT: {}
COMMAND: GET /session/61a4e41d5d5dd3b82ee98b69d8aceb21/screenshot - {}
RESULT: {}
COMMAND: POST /session/61a4e41d5d5dd3b82ee98b69d8aceb21/execute/async - {"script":"<script> [1562 bytes]","args":[{"selector":{"id":"application-manageyards-display-component---NewYard--addressEditDetailsCurrency-arrow"},"wdio_ui5_key":"applicationmanageyards-display-component---NewYard--addressEditDetailsCurrency-arrow"}]}
RESULT: {"script":"<script> [1562 bytes]","args":[{"selector":{"id":"application-manageyards-display-component---NewYard--addressEditDetailsCurrency-arrow"},"wdio_ui5_key":"applicationmanageyards-display-component---NewYard--addressEditDetailsCurrency-arrow"}]}
RESULT: undefined
COMMAND: POST /session/61a4e41d5d5dd3b82ee98b69d8aceb21/element - {"using":"xpath","value":"//*[@id=\"application-manageyards-display-component---NewYard--addressEditDetailsCurrency-arrow\"]"}
RESULT: {"using":"xpath","value":"//*[@id=\"application-manageyards-display-component---NewYard--addressEditDetailsCurrency-arrow\"]"}
COMMAND: POST /session/61a4e41d5d5dd3b82ee98b69d8aceb21/element/f.5597B913AB35EBD8B52179872D09D3B6.d.49DE703FDAF8963F840D96288319E2E5.e.779/click - {}
RESULT: {}
COMMAND: POST /session/61a4e41d5d5dd3b82ee98b69d8aceb21/element - {"using":"xpath","value":"//span[contains(text(), \"Euro\")]"}
COMMAND: GET /session/61a4e41d5d5dd3b82ee98b69d8aceb21/screenshot - {}
RESULT: {"using":"xpath","value":"//span[contains(text(), \"Euro\")]"}
COMMAND: POST /session/61a4e41d5d5dd3b82ee98b69d8aceb21/element/f.5597B913AB35EBD8B52179872D09D3B6.d.49DE703FDAF8963F840D96288319E2E5.e.780/click - {}
RESULT: {}
RESULT: {}
COMMAND: POST /session/61a4e41d5d5dd3b82ee98b69d8aceb21/execute/async - {"script":"<script> [1562 bytes]","args":[{"selector":{"controlType":"sap.m.Input","viewName":"etm.portal.ui.manageyards.view.New","viewId":"application-manageyards-display-component---NewYard","bindingPath":{"path":"","propertyPath":"/CONTROLLING_AREA","modelName":"NewYardModel"},"interaction":{"idSuffix":"inner"}},"wdio_ui5_key":"etmportal.ui.manageyards.view.Newsap.m.Input{\"path\":\"\",\"propertyPath\":\"/CONTROLLING_AREA\",\"modelName\":\"NewYardModel\"}"}]}
COMMAND: GET /session/61a4e41d5d5dd3b82ee98b69d8aceb21/screenshot - {}
RESULT: {"script":"<script> [1562 bytes]","args":[{"selector":{"controlType":"sap.m.Input","viewName":"etm.portal.ui.manageyards.view.New","viewId":"application-manageyards-display-component---NewYard","bindingPath":{"path":"","propertyPath":"/CONTROLLING_AREA","modelName":"NewYardModel"},"interaction":{"idSuffix":"inner"}},"wdio_ui5_key":"etmportal.ui.manageyards.view.Newsap.m.Input{\"path\":\"\",\"propertyPath\":\"/CONTROLLING_AREA\",\"modelName\":\"NewYardModel\"}"}]}
RESULT: undefined
COMMAND: POST /session/61a4e41d5d5dd3b82ee98b69d8aceb21/execute/async - {"script":"<script> [776 bytes]","args":[{"enterText":"Z001","selector":{"controlType":"sap.m.Input","viewName":"etm.portal.ui.manageyards.view.New","viewId":"application-manageyards-display-component---NewYard","bindingPath":{"path":"","propertyPath":"/CONTROLLING_AREA","modelName":"NewYardModel"},"interaction":{"idSuffix":"inner"}},"clearTextFirst":true,"interactionType":"ENTER_TEXT"}]}
RESULT: {}
RESULT: {"script":"<script> [776 bytes]","args":[{"enterText":"Z001","selector":{"controlType":"sap.m.Input","viewName":"etm.portal.ui.manageyards.view.New","viewId":"application-manageyards-display-component---NewYard","bindingPath":{"path":"","propertyPath":"/CONTROLLING_AREA","modelName":"NewYardModel"},"interaction":{"idSuffix":"inner"}},"clearTextFirst":true,"interactionType":"ENTER_TEXT"}]}
COMMAND: POST /session/61a4e41d5d5dd3b82ee98b69d8aceb21/execute/async - {"script":"<script> [1562 bytes]","args":[{"selector":{"id":"application-manageyards-display-component---NewYard--companyCodeComboBox","interaction":{"idSuffix":"inner"}},"wdio_ui5_key":"applicationmanageyards-display-component---NewYard--companyCodeComboBox"}]}
RESULT: {"script":"<script> [1562 bytes]","args":[{"selector":{"id":"application-manageyards-display-component---NewYard--companyCodeComboBox","interaction":{"idSuffix":"inner"}},"wdio_ui5_key":"applicationmanageyards-display-component---NewYard--companyCodeComboBox"}]}
RESULT: undefined
COMMAND: POST /session/61a4e41d5d5dd3b82ee98b69d8aceb21/execute/async - {"script":"<script> [776 bytes]","args":[{"enterText":"1000","selector":{"id":"application-manageyards-display-component---NewYard--companyCodeComboBox","interaction":{"idSuffix":"inner"}},"clearTextFirst":true,"interactionType":"ENTER_TEXT"}]}
RESULT: {"script":"<script> [776 bytes]","args":[{"enterText":"1000","selector":{"id":"application-manageyards-display-component---NewYard--companyCodeComboBox","interaction":{"idSuffix":"inner"}},"clearTextFirst":true,"interactionType":"ENTER_TEXT"}]}
COMMAND: POST /session/61a4e41d5d5dd3b82ee98b69d8aceb21/execute/async - {"script":"<script> [1562 bytes]","args":[{"selector":{"controlType":"sap.m.Input","viewName":"etm.portal.ui.manageyards.view.New","viewId":"application-manageyards-display-component---NewYard","bindingPath":{"path":"","propertyPath":"/PLANT","modelName":"NewYardModel"},"interaction":{"idSuffix":"inner"}},"wdio_ui5_key":"etmportal.ui.manageyards.view.Newsap.m.Input{\"path\":\"\",\"propertyPath\":\"/PLANT\",\"modelName\":\"NewYardModel\"}"}]}
RESULT: {"script":"<script> [1562 bytes]","args":[{"selector":{"controlType":"sap.m.Input","viewName":"etm.portal.ui.manageyards.view.New","viewId":"application-manageyards-display-component---NewYard","bindingPath":{"path":"","propertyPath":"/PLANT","modelName":"NewYardModel"},"interaction":{"idSuffix":"inner"}},"wdio_ui5_key":"etmportal.ui.manageyards.view.Newsap.m.Input{\"path\":\"\",\"propertyPath\":\"/PLANT\",\"modelName\":\"NewYardModel\"}"}]}
RESULT: undefined
COMMAND: POST /session/61a4e41d5d5dd3b82ee98b69d8aceb21/execute/async - {"script":"<script> [776 bytes]","args":[{"enterText":"1001","selector":{"controlType":"sap.m.Input","viewName":"etm.portal.ui.manageyards.view.New","viewId":"application-manageyards-display-component---NewYard","bindingPath":{"path":"","propertyPath":"/PLANT","modelName":"NewYardModel"},"interaction":{"idSuffix":"inner"}},"clearTextFirst":true,"interactionType":"ENTER_TEXT"}]}
RESULT: {"script":"<script> [776 bytes]","args":[{"enterText":"1001","selector":{"controlType":"sap.m.Input","viewName":"etm.portal.ui.manageyards.view.New","viewId":"application-manageyards-display-component---NewYard","bindingPath":{"path":"","propertyPath":"/PLANT","modelName":"NewYardModel"},"interaction":{"idSuffix":"inner"}},"clearTextFirst":true,"interactionType":"ENTER_TEXT"}]}
COMMAND: POST /session/61a4e41d5d5dd3b82ee98b69d8aceb21/execute/async - {"script":"<script> [1562 bytes]","args":[{"selector":{"controlType":"sap.m.Input","viewName":"etm.portal.ui.manageyards.view.New","viewId":"application-manageyards-display-component---NewYard","bindingPath":{"path":"","propertyPath":"/SALES_AREA_VKORG","modelName":"NewYardModel"},"interaction":{"idSuffix":"inner"}},"wdio_ui5_key":"etmportal.ui.manageyards.view.Newsap.m.Input{\"path\":\"\",\"propertyPath\":\"/SALES_AREA_VKORG\",\"modelName\":\"NewYardModel\"}"}]}
RESULT: {"script":"<script> [1562 bytes]","args":[{"selector":{"controlType":"sap.m.Input","viewName":"etm.portal.ui.manageyards.view.New","viewId":"application-manageyards-display-component---NewYard","bindingPath":{"path":"","propertyPath":"/SALES_AREA_VKORG","modelName":"NewYardModel"},"interaction":{"idSuffix":"inner"}},"wdio_ui5_key":"etmportal.ui.manageyards.view.Newsap.m.Input{\"path\":\"\",\"propertyPath\":\"/SALES_AREA_VKORG\",\"modelName\":\"NewYardModel\"}"}]}
RESULT: undefined
COMMAND: POST /session/61a4e41d5d5dd3b82ee98b69d8aceb21/execute/async - {"script":"<script> [776 bytes]","args":[{"enterText":"C002","selector":{"controlType":"sap.m.Input","viewName":"etm.portal.ui.manageyards.view.New","viewId":"application-manageyards-display-component---NewYard","bindingPath":{"path":"","propertyPath":"/SALES_AREA_VKORG","modelName":"NewYardModel"},"interaction":{"idSuffix":"inner"}},"clearTextFirst":true,"interactionType":"ENTER_TEXT"}]}
RESULT: {"script":"<script> [776 bytes]","args":[{"enterText":"C002","selector":{"controlType":"sap.m.Input","viewName":"etm.portal.ui.manageyards.view.New","viewId":"application-manageyards-display-component---NewYard","bindingPath":{"path":"","propertyPath":"/SALES_AREA_VKORG","modelName":"NewYardModel"},"interaction":{"idSuffix":"inner"}},"clearTextFirst":true,"interactionType":"ENTER_TEXT"}]}
COMMAND: POST /session/61a4e41d5d5dd3b82ee98b69d8aceb21/execute/async - {"script":"<script> [1562 bytes]","args":[{"selector":{"controlType":"sap.m.Input","viewName":"etm.portal.ui.manageyards.view.New","viewId":"application-manageyards-display-component---NewYard","bindingPath":{"path":"","propertyPath":"/SALES_AREA_VTWEG","modelName":"NewYardModel"},"interaction":{"idSuffix":"inner"}},"wdio_ui5_key":"etmportal.ui.manageyards.view.Newsap.m.Input{\"path\":\"\",\"propertyPath\":\"/SALES_AREA_VTWEG\",\"modelName\":\"NewYardModel\"}"}]}
RESULT: {"script":"<script> [1562 bytes]","args":[{"selector":{"controlType":"sap.m.Input","viewName":"etm.portal.ui.manageyards.view.New","viewId":"application-manageyards-display-component---NewYard","bindingPath":{"path":"","propertyPath":"/SALES_AREA_VTWEG","modelName":"NewYardModel"},"interaction":{"idSuffix":"inner"}},"wdio_ui5_key":"etmportal.ui.manageyards.view.Newsap.m.Input{\"path\":\"\",\"propertyPath\":\"/SALES_AREA_VTWEG\",\"modelName\":\"NewYardModel\"}"}]}
RESULT: undefined
COMMAND: POST /session/61a4e41d5d5dd3b82ee98b69d8aceb21/execute/async - {"script":"<script> [776 bytes]","args":[{"enterText":"C2","selector":{"controlType":"sap.m.Input","viewName":"etm.portal.ui.manageyards.view.New","viewId":"application-manageyards-display-component---NewYard","bindingPath":{"path":"","propertyPath":"/SALES_AREA_VTWEG","modelName":"NewYardModel"},"interaction":{"idSuffix":"inner"}},"clearTextFirst":true,"interactionType":"ENTER_TEXT"}]}
RESULT: {"script":"<script> [776 bytes]","args":[{"enterText":"C2","selector":{"controlType":"sap.m.Input","viewName":"etm.portal.ui.manageyards.view.New","viewId":"application-manageyards-display-component---NewYard","bindingPath":{"path":"","propertyPath":"/SALES_AREA_VTWEG","modelName":"NewYardModel"},"interaction":{"idSuffix":"inner"}},"clearTextFirst":true,"interactionType":"ENTER_TEXT"}]}
COMMAND: POST /session/61a4e41d5d5dd3b82ee98b69d8aceb21/execute/async - {"script":"<script> [1562 bytes]","args":[{"selector":{"controlType":"sap.m.Input","viewName":"etm.portal.ui.manageyards.view.New","viewId":"application-manageyards-display-component---NewYard","bindingPath":{"path":"","propertyPath":"/SALES_AREA_SPART","modelName":"NewYardModel"},"interaction":{"idSuffix":"inner"}},"wdio_ui5_key":"etmportal.ui.manageyards.view.Newsap.m.Input{\"path\":\"\",\"propertyPath\":\"/SALES_AREA_SPART\",\"modelName\":\"NewYardModel\"}"}]}
RESULT: {"script":"<script> [1562 bytes]","args":[{"selector":{"controlType":"sap.m.Input","viewName":"etm.portal.ui.manageyards.view.New","viewId":"application-manageyards-display-component---NewYard","bindingPath":{"path":"","propertyPath":"/SALES_AREA_SPART","modelName":"NewYardModel"},"interaction":{"idSuffix":"inner"}},"wdio_ui5_key":"etmportal.ui.manageyards.view.Newsap.m.Input{\"path\":\"\",\"propertyPath\":\"/SALES_AREA_SPART\",\"modelName\":\"NewYardModel\"}"}]}
RESULT: undefined
COMMAND: POST /session/61a4e41d5d5dd3b82ee98b69d8aceb21/execute/async - {"script":"<script> [776 bytes]","args":[{"enterText":"C2","selector":{"controlType":"sap.m.Input","viewName":"etm.portal.ui.manageyards.view.New","viewId":"application-manageyards-display-component---NewYard","bindingPath":{"path":"","propertyPath":"/SALES_AREA_SPART","modelName":"NewYardModel"},"interaction":{"idSuffix":"inner"}},"clearTextFirst":true,"interactionType":"ENTER_TEXT"}]}
RESULT: {"script":"<script> [776 bytes]","args":[{"enterText":"C2","selector":{"controlType":"sap.m.Input","viewName":"etm.portal.ui.manageyards.view.New","viewId":"application-manageyards-display-component---NewYard","bindingPath":{"path":"","propertyPath":"/SALES_AREA_SPART","modelName":"NewYardModel"},"interaction":{"idSuffix":"inner"}},"clearTextFirst":true,"interactionType":"ENTER_TEXT"}]}
COMMAND: POST /session/61a4e41d5d5dd3b82ee98b69d8aceb21/execute/async - {"script":"<script> [1562 bytes]","args":[{"selector":{"controlType":"sap.m.Input","viewName":"etm.portal.ui.manageyards.view.New","viewId":"application-manageyards-display-component---NewYard","bindingPath":{"path":"","propertyPath":"/SHIP_POINT","modelName":"NewYardModel"},"interaction":{"idSuffix":"inner"}},"wdio_ui5_key":"etmportal.ui.manageyards.view.Newsap.m.Input{\"path\":\"\",\"propertyPath\":\"/SHIP_POINT\",\"modelName\":\"NewYardModel\"}"}]}
RESULT: {"script":"<script> [1562 bytes]","args":[{"selector":{"controlType":"sap.m.Input","viewName":"etm.portal.ui.manageyards.view.New","viewId":"application-manageyards-display-component---NewYard","bindingPath":{"path":"","propertyPath":"/SHIP_POINT","modelName":"NewYardModel"},"interaction":{"idSuffix":"inner"}},"wdio_ui5_key":"etmportal.ui.manageyards.view.Newsap.m.Input{\"path\":\"\",\"propertyPath\":\"/SHIP_POINT\",\"modelName\":\"NewYardModel\"}"}]}
RESULT: undefined
COMMAND: POST /session/61a4e41d5d5dd3b82ee98b69d8aceb21/execute/async - {"script":"<script> [776 bytes]","args":[{"enterText":"1710","selector":{"controlType":"sap.m.Input","viewName":"etm.portal.ui.manageyards.view.New","viewId":"application-manageyards-display-component---NewYard","bindingPath":{"path":"","propertyPath":"/SHIP_POINT","modelName":"NewYardModel"},"interaction":{"idSuffix":"inner"}},"clearTextFirst":true,"interactionType":"ENTER_TEXT"}]}
RESULT: {"script":"<script> [776 bytes]","args":[{"enterText":"1710","selector":{"controlType":"sap.m.Input","viewName":"etm.portal.ui.manageyards.view.New","viewId":"application-manageyards-display-component---NewYard","bindingPath":{"path":"","propertyPath":"/SHIP_POINT","modelName":"NewYardModel"},"interaction":{"idSuffix":"inner"}},"clearTextFirst":true,"interactionType":"ENTER_TEXT"}]}
COMMAND: POST /session/61a4e41d5d5dd3b82ee98b69d8aceb21/execute/async - {"script":"<script> [1562 bytes]","args":[{"selector":{"controlType":"sap.m.Input","viewName":"etm.portal.ui.manageyards.view.New","viewId":"application-manageyards-display-component---NewYard","bindingPath":{"path":"","propertyPath":"/DELIVERY_TYPE","modelName":"NewYardModel"},"interaction":{"idSuffix":"inner"}},"wdio_ui5_key":"etmportal.ui.manageyards.view.Newsap.m.Input{\"path\":\"\",\"propertyPath\":\"/DELIVERY_TYPE\",\"modelName\":\"NewYardModel\"}"}]}
RESULT: {"script":"<script> [1562 bytes]","args":[{"selector":{"controlType":"sap.m.Input","viewName":"etm.portal.ui.manageyards.view.New","viewId":"application-manageyards-display-component---NewYard","bindingPath":{"path":"","propertyPath":"/DELIVERY_TYPE","modelName":"NewYardModel"},"interaction":{"idSuffix":"inner"}},"wdio_ui5_key":"etmportal.ui.manageyards.view.Newsap.m.Input{\"path\":\"\",\"propertyPath\":\"/DELIVERY_TYPE\",\"modelName\":\"NewYardModel\"}"}]}
RESULT: undefined
COMMAND: POST /session/61a4e41d5d5dd3b82ee98b69d8aceb21/execute/async - {"script":"<script> [776 bytes]","args":[{"enterText":"ZL01","selector":{"controlType":"sap.m.Input","viewName":"etm.portal.ui.manageyards.view.New","viewId":"application-manageyards-display-component---NewYard","bindingPath":{"path":"","propertyPath":"/DELIVERY_TYPE","modelName":"NewYardModel"},"interaction":{"idSuffix":"inner"}},"clearTextFirst":true,"interactionType":"ENTER_TEXT"}]}
RESULT: {"script":"<script> [776 bytes]","args":[{"enterText":"ZL01","selector":{"controlType":"sap.m.Input","viewName":"etm.portal.ui.manageyards.view.New","viewId":"application-manageyards-display-component---NewYard","bindingPath":{"path":"","propertyPath":"/DELIVERY_TYPE","modelName":"NewYardModel"},"interaction":{"idSuffix":"inner"}},"clearTextFirst":true,"interactionType":"ENTER_TEXT"}]}
COMMAND: POST /session/61a4e41d5d5dd3b82ee98b69d8aceb21/execute/async - {"script":"<script> [1562 bytes]","args":[{"selector":{"controlType":"sap.m.Input","viewName":"etm.portal.ui.manageyards.view.New","viewId":"application-manageyards-display-component---NewYard","bindingPath":{"path":"","propertyPath":"/AUART","modelName":"NewYardModel"},"interaction":{"idSuffix":"inner"}},"wdio_ui5_key":"etmportal.ui.manageyards.view.Newsap.m.Input{\"path\":\"\",\"propertyPath\":\"/AUART\",\"modelName\":\"NewYardModel\"}"}]}
RESULT: {"script":"<script> [1562 bytes]","args":[{"selector":{"controlType":"sap.m.Input","viewName":"etm.portal.ui.manageyards.view.New","viewId":"application-manageyards-display-component---NewYard","bindingPath":{"path":"","propertyPath":"/AUART","modelName":"NewYardModel"},"interaction":{"idSuffix":"inner"}},"wdio_ui5_key":"etmportal.ui.manageyards.view.Newsap.m.Input{\"path\":\"\",\"propertyPath\":\"/AUART\",\"modelName\":\"NewYardModel\"}"}]}
RESULT: undefined
COMMAND: POST /session/61a4e41d5d5dd3b82ee98b69d8aceb21/execute/async - {"script":"<script> [776 bytes]","args":[{"enterText":"TA","selector":{"controlType":"sap.m.Input","viewName":"etm.portal.ui.manageyards.view.New","viewId":"application-manageyards-display-component---NewYard","bindingPath":{"path":"","propertyPath":"/AUART","modelName":"NewYardModel"},"interaction":{"idSuffix":"inner"}},"clearTextFirst":true,"interactionType":"ENTER_TEXT"}]}
RESULT: {"script":"<script> [776 bytes]","args":[{"enterText":"TA","selector":{"controlType":"sap.m.Input","viewName":"etm.portal.ui.manageyards.view.New","viewId":"application-manageyards-display-component---NewYard","bindingPath":{"path":"","propertyPath":"/AUART","modelName":"NewYardModel"},"interaction":{"idSuffix":"inner"}},"clearTextFirst":true,"interactionType":"ENTER_TEXT"}]}
COMMAND: POST /session/61a4e41d5d5dd3b82ee98b69d8aceb21/element - {"using":"xpath","value":"//button[@data-kt=\"newYardSaveButton\"]"}
RESULT: {"using":"xpath","value":"//button[@data-kt=\"newYardSaveButton\"]"}
COMMAND: POST /session/61a4e41d5d5dd3b82ee98b69d8aceb21/element/f.5597B913AB35EBD8B52179872D09D3B6.d.49DE703FDAF8963F840D96288319E2E5.e.706/click - {}
RESULT: {}
COMMAND: GET /session/61a4e41d5d5dd3b82ee98b69d8aceb21/screenshot - {}
RESULT: {}
COMMAND: POST /session/61a4e41d5d5dd3b82ee98b69d8aceb21/element - {"using":"xpath","value":"//header[contains(@id, 'ObjectPageLayout-headerTitle')]/div[1]/div[2]/div[1]/span[1]"}
RESULT: {"using":"xpath","value":"//header[contains(@id, 'ObjectPageLayout-headerTitle')]/div[1]/div[2]/div[1]/span[1]"}
COMMAND: POST /session/61a4e41d5d5dd3b82ee98b69d8aceb21/elements - {"using":"xpath","value":"//header[contains(@id, 'ObjectPageLayout-headerTitle')]/div[1]/div[2]/div[1]/span[1]"}
RESULT: {"using":"xpath","value":"//header[contains(@id, 'ObjectPageLayout-headerTitle')]/div[1]/div[2]/div[1]/span[1]"}
COMMAND: POST /session/61a4e41d5d5dd3b82ee98b69d8aceb21/execute/sync - {"script":"<script> [56 bytes]","args":[{"element-6066-11e4-a52e-4f735466cecf":"f.5597B913AB35EBD8B52179872D09D3B6.d.49DE703FDAF8963F840D96288319E2E5.e.999","ELEMENT":"f.5597B913AB35EBD8B52179872D09D3B6.d.49DE703FDAF8963F840D96288319E2E5.e.999"}]}
RESULT: {"script":"<script> [56 bytes]","args":[{"element-6066-11e4-a52e-4f735466cecf":"f.5597B913AB35EBD8B52179872D09D3B6.d.49DE703FDAF8963F840D96288319E2E5.e.999","ELEMENT":"f.5597B913AB35EBD8B52179872D09D3B6.d.49DE703FDAF8963F840D96288319E2E5.e.999"}]}
COMMAND: GET /session/61a4e41d5d5dd3b82ee98b69d8aceb21/screenshot - {}
RESULT: {}
COMMAND: POST /session/61a4e41d5d5dd3b82ee98b69d8aceb21/element - {"using":"css selector","value":"#shell-header-logo"}
RESULT: {"using":"css selector","value":"#shell-header-logo"}
COMMAND: POST /session/61a4e41d5d5dd3b82ee98b69d8aceb21/element/f.5597B913AB35EBD8B52179872D09D3B6.d.49DE703FDAF8963F840D96288319E2E5.e.258/click - {}
RESULT: {}
COMMAND: GET /session/61a4e41d5d5dd3b82ee98b69d8aceb21/screenshot - {}
RESULT: {}
COMMAND: POST /session/61a4e41d5d5dd3b82ee98b69d8aceb21/execute/sync - {"script":"<script> [299 bytes]","args":[["getModel","getResource"]]}
RESULT: {"script":"<script> [299 bytes]","args":[["getModel","getResource"]]}
]]></system-out>
    </testcase>
    <testcase classname="chrome.136_0_7103_93.windows.Prerequisites_&amp;_test_for_yard_mass_return_on_Yard_Overview_US131057" name="Prereq Should create a new partner" time="138.543">
      <system-out><![CDATA[
COMMAND: GET /session/61a4e41d5d5dd3b82ee98b69d8aceb21/screenshot - {}
COMMAND: POST /session/61a4e41d5d5dd3b82ee98b69d8aceb21/window/fullscreen - {}
RESULT: {}
COMMAND: POST /session/61a4e41d5d5dd3b82ee98b69d8aceb21/execute/async - {"script":"<script> [1562 bytes]","args":[{"selector":{"controlType":"sap.m.GenericTile","properties":{"header":"Manage Partners"}},"wdio_ui5_key":"sapm.GenericTile{\"header\":\"Manage Partners\"}"}]}
RESULT: {}
RESULT: {"script":"<script> [1562 bytes]","args":[{"selector":{"controlType":"sap.m.GenericTile","properties":{"header":"Manage Partners"}},"wdio_ui5_key":"sapm.GenericTile{\"header\":\"Manage Partners\"}"}]}
RESULT: undefined
COMMAND: POST /session/61a4e41d5d5dd3b82ee98b69d8aceb21/element - {"using":"xpath","value":"//*[@id=\"__tile38\"]"}
RESULT: {"using":"xpath","value":"//*[@id=\"__tile38\"]"}
COMMAND: POST /session/61a4e41d5d5dd3b82ee98b69d8aceb21/element/f.5597B913AB35EBD8B52179872D09D3B6.d.49DE703FDAF8963F840D96288319E2E5.e.144/click - {}
RESULT: {}
COMMAND: GET /session/61a4e41d5d5dd3b82ee98b69d8aceb21/screenshot - {}
RESULT: {}
COMMAND: POST /session/61a4e41d5d5dd3b82ee98b69d8aceb21/elements - {"using":"xpath","value":"//span[text()='Error']"}
RESULT: {"using":"xpath","value":"//span[text()='Error']"}
COMMAND: POST /session/61a4e41d5d5dd3b82ee98b69d8aceb21/element - {"using":"xpath","value":"//button[@data-kt=\"addButton\"]"}
RESULT: {"using":"xpath","value":"//button[@data-kt=\"addButton\"]"}
COMMAND: POST /session/61a4e41d5d5dd3b82ee98b69d8aceb21/elements - {"using":"xpath","value":"//button[@data-kt=\"addButton\"]"}
RESULT: {"using":"xpath","value":"//button[@data-kt=\"addButton\"]"}
COMMAND: POST /session/61a4e41d5d5dd3b82ee98b69d8aceb21/execute/sync - {"script":"<script> [8489 bytes]","args":[{"element-6066-11e4-a52e-4f735466cecf":"f.5597B913AB35EBD8B52179872D09D3B6.d.49DE703FDAF8963F840D96288319E2E5.e.1047","ELEMENT":"f.5597B913AB35EBD8B52179872D09D3B6.d.49DE703FDAF8963F840D96288319E2E5.e.1047"}]}
RESULT: {"script":"<script> [8489 bytes]","args":[{"element-6066-11e4-a52e-4f735466cecf":"f.5597B913AB35EBD8B52179872D09D3B6.d.49DE703FDAF8963F840D96288319E2E5.e.1047","ELEMENT":"f.5597B913AB35EBD8B52179872D09D3B6.d.49DE703FDAF8963F840D96288319E2E5.e.1047"}]}
COMMAND: GET /session/61a4e41d5d5dd3b82ee98b69d8aceb21/element/f.5597B913AB35EBD8B52179872D09D3B6.d.49DE703FDAF8963F840D96288319E2E5.e.1047/enabled - {}
COMMAND: GET /session/61a4e41d5d5dd3b82ee98b69d8aceb21/screenshot - {}
RESULT: {}
COMMAND: POST /session/61a4e41d5d5dd3b82ee98b69d8aceb21/execute/sync - {"script":"<script> [8489 bytes]","args":[{"element-6066-11e4-a52e-4f735466cecf":"f.5597B913AB35EBD8B52179872D09D3B6.d.49DE703FDAF8963F840D96288319E2E5.e.1047","ELEMENT":"f.5597B913AB35EBD8B52179872D09D3B6.d.49DE703FDAF8963F840D96288319E2E5.e.1047"}]}
COMMAND: GET /session/61a4e41d5d5dd3b82ee98b69d8aceb21/screenshot - {}
RESULT: {}
RESULT: {"script":"<script> [8489 bytes]","args":[{"element-6066-11e4-a52e-4f735466cecf":"f.5597B913AB35EBD8B52179872D09D3B6.d.49DE703FDAF8963F840D96288319E2E5.e.1047","ELEMENT":"f.5597B913AB35EBD8B52179872D09D3B6.d.49DE703FDAF8963F840D96288319E2E5.e.1047"}]}
COMMAND: POST /session/61a4e41d5d5dd3b82ee98b69d8aceb21/execute/sync - {"script":"<script> [5351 bytes]","args":[{"element-6066-11e4-a52e-4f735466cecf":"f.5597B913AB35EBD8B52179872D09D3B6.d.49DE703FDAF8963F840D96288319E2E5.e.1047","ELEMENT":"f.5597B913AB35EBD8B52179872D09D3B6.d.49DE703FDAF8963F840D96288319E2E5.e.1047"}]}
COMMAND: GET /session/61a4e41d5d5dd3b82ee98b69d8aceb21/screenshot - {}
RESULT: {}
RESULT: {"script":"<script> [5351 bytes]","args":[{"element-6066-11e4-a52e-4f735466cecf":"f.5597B913AB35EBD8B52179872D09D3B6.d.49DE703FDAF8963F840D96288319E2E5.e.1047","ELEMENT":"f.5597B913AB35EBD8B52179872D09D3B6.d.49DE703FDAF8963F840D96288319E2E5.e.1047"}]}
COMMAND: POST /session/61a4e41d5d5dd3b82ee98b69d8aceb21/element/f.5597B913AB35EBD8B52179872D09D3B6.d.49DE703FDAF8963F840D96288319E2E5.e.1047/click - {}
COMMAND: GET /session/61a4e41d5d5dd3b82ee98b69d8aceb21/screenshot - {}
RESULT: {}
RESULT: {}
COMMAND: GET /session/61a4e41d5d5dd3b82ee98b69d8aceb21/screenshot - {}
COMMAND: POST /session/61a4e41d5d5dd3b82ee98b69d8aceb21/execute/async - {"script":"<script> [1562 bytes]","args":[{"selector":{"id":"application-managepartners-display-component---NewPartner--addressDetailDetailsName1","interaction":{"idSuffix":"inner"}},"wdio_ui5_key":"applicationmanagepartners-display-component---NewPartner--addressDetailDetailsName1"}]}
RESULT: {}
RESULT: {}
RESULT: {"script":"<script> [1562 bytes]","args":[{"selector":{"id":"application-managepartners-display-component---NewPartner--addressDetailDetailsName1","interaction":{"idSuffix":"inner"}},"wdio_ui5_key":"applicationmanagepartners-display-component---NewPartner--addressDetailDetailsName1"}]}
RESULT: undefined
COMMAND: POST /session/61a4e41d5d5dd3b82ee98b69d8aceb21/execute/async - {"script":"<script> [776 bytes]","args":[{"enterText":"Intracompany Partner WDIO","selector":{"id":"application-managepartners-display-component---NewPartner--addressDetailDetailsName1","interaction":{"idSuffix":"inner"}},"clearTextFirst":true,"interactionType":"ENTER_TEXT"}]}
RESULT: {"script":"<script> [776 bytes]","args":[{"enterText":"Intracompany Partner WDIO","selector":{"id":"application-managepartners-display-component---NewPartner--addressDetailDetailsName1","interaction":{"idSuffix":"inner"}},"clearTextFirst":true,"interactionType":"ENTER_TEXT"}]}
COMMAND: POST /session/61a4e41d5d5dd3b82ee98b69d8aceb21/execute/async - {"script":"<script> [1562 bytes]","args":[{"selector":{"id":"application-managepartners-display-component---NewPartner--addressDetailDetailsLanguage-arrow"},"wdio_ui5_key":"applicationmanagepartners-display-component---NewPartner--addressDetailDetailsLanguage-arrow"}]}
RESULT: {"script":"<script> [1562 bytes]","args":[{"selector":{"id":"application-managepartners-display-component---NewPartner--addressDetailDetailsLanguage-arrow"},"wdio_ui5_key":"applicationmanagepartners-display-component---NewPartner--addressDetailDetailsLanguage-arrow"}]}
RESULT: undefined
COMMAND: POST /session/61a4e41d5d5dd3b82ee98b69d8aceb21/element - {"using":"xpath","value":"//*[@id=\"application-managepartners-display-component---NewPartner--addressDetailDetailsLanguage-arrow\"]"}
RESULT: {"using":"xpath","value":"//*[@id=\"application-managepartners-display-component---NewPartner--addressDetailDetailsLanguage-arrow\"]"}
COMMAND: POST /session/61a4e41d5d5dd3b82ee98b69d8aceb21/element/f.5597B913AB35EBD8B52179872D09D3B6.d.49DE703FDAF8963F840D96288319E2E5.e.1487/click - {}
RESULT: {}
COMMAND: POST /session/61a4e41d5d5dd3b82ee98b69d8aceb21/element - {"using":"xpath","value":"//span[contains(text(), \"English\")]"}
COMMAND: GET /session/61a4e41d5d5dd3b82ee98b69d8aceb21/screenshot - {}
RESULT: {"using":"xpath","value":"//span[contains(text(), \"English\")]"}
COMMAND: POST /session/61a4e41d5d5dd3b82ee98b69d8aceb21/element/f.5597B913AB35EBD8B52179872D09D3B6.d.49DE703FDAF8963F840D96288319E2E5.e.1488/click - {}
RESULT: {}
RESULT: {}
COMMAND: GET /session/61a4e41d5d5dd3b82ee98b69d8aceb21/screenshot - {}
RESULT: {}
COMMAND: POST /session/61a4e41d5d5dd3b82ee98b69d8aceb21/execute/async - {"script":"<script> [1562 bytes]","args":[{"selector":{"id":"application-managepartners-display-component---NewPartner--addressDetailDetailsCity1","interaction":{"idSuffix":"inner"}},"wdio_ui5_key":"applicationmanagepartners-display-component---NewPartner--addressDetailDetailsCity1"}]}
RESULT: {"script":"<script> [1562 bytes]","args":[{"selector":{"id":"application-managepartners-display-component---NewPartner--addressDetailDetailsCity1","interaction":{"idSuffix":"inner"}},"wdio_ui5_key":"applicationmanagepartners-display-component---NewPartner--addressDetailDetailsCity1"}]}
RESULT: undefined
COMMAND: POST /session/61a4e41d5d5dd3b82ee98b69d8aceb21/execute/async - {"script":"<script> [776 bytes]","args":[{"enterText":"Rosario","selector":{"id":"application-managepartners-display-component---NewPartner--addressDetailDetailsCity1","interaction":{"idSuffix":"inner"}},"clearTextFirst":true,"interactionType":"ENTER_TEXT"}]}
RESULT: {"script":"<script> [776 bytes]","args":[{"enterText":"Rosario","selector":{"id":"application-managepartners-display-component---NewPartner--addressDetailDetailsCity1","interaction":{"idSuffix":"inner"}},"clearTextFirst":true,"interactionType":"ENTER_TEXT"}]}
COMMAND: POST /session/61a4e41d5d5dd3b82ee98b69d8aceb21/execute/async - {"script":"<script> [1562 bytes]","args":[{"selector":{"id":"application-managepartners-display-component---NewPartner--addressDetailDetailsCountry-arrow"},"wdio_ui5_key":"applicationmanagepartners-display-component---NewPartner--addressDetailDetailsCountry-arrow"}]}
RESULT: {"script":"<script> [1562 bytes]","args":[{"selector":{"id":"application-managepartners-display-component---NewPartner--addressDetailDetailsCountry-arrow"},"wdio_ui5_key":"applicationmanagepartners-display-component---NewPartner--addressDetailDetailsCountry-arrow"}]}
RESULT: undefined
COMMAND: POST /session/61a4e41d5d5dd3b82ee98b69d8aceb21/element - {"using":"xpath","value":"//*[@id=\"application-managepartners-display-component---NewPartner--addressDetailDetailsCountry-arrow\"]"}
RESULT: {"using":"xpath","value":"//*[@id=\"application-managepartners-display-component---NewPartner--addressDetailDetailsCountry-arrow\"]"}
COMMAND: POST /session/61a4e41d5d5dd3b82ee98b69d8aceb21/element/f.5597B913AB35EBD8B52179872D09D3B6.d.49DE703FDAF8963F840D96288319E2E5.e.1450/click - {}
RESULT: {}
COMMAND: POST /session/61a4e41d5d5dd3b82ee98b69d8aceb21/element - {"using":"xpath","value":"//span[contains(text(), \"Argentina\")]"}
COMMAND: GET /session/61a4e41d5d5dd3b82ee98b69d8aceb21/screenshot - {}
RESULT: {"using":"xpath","value":"//span[contains(text(), \"Argentina\")]"}
COMMAND: POST /session/61a4e41d5d5dd3b82ee98b69d8aceb21/element/f.5597B913AB35EBD8B52179872D09D3B6.d.49DE703FDAF8963F840D96288319E2E5.e.1490/click - {}
RESULT: {}
RESULT: {}
COMMAND: GET /session/61a4e41d5d5dd3b82ee98b69d8aceb21/screenshot - {}
RESULT: {}
COMMAND: POST /session/61a4e41d5d5dd3b82ee98b69d8aceb21/element - {"using":"xpath","value":"//bdi[contains(text(), \"Commercial\")]"}
RESULT: {"using":"xpath","value":"//bdi[contains(text(), \"Commercial\")]"}
COMMAND: POST /session/61a4e41d5d5dd3b82ee98b69d8aceb21/element/f.5597B913AB35EBD8B52179872D09D3B6.d.49DE703FDAF8963F840D96288319E2E5.e.1491/click - {}
RESULT: {}
COMMAND: GET /session/61a4e41d5d5dd3b82ee98b69d8aceb21/screenshot - {}
RESULT: {}
COMMAND: POST /session/61a4e41d5d5dd3b82ee98b69d8aceb21/execute/async - {"script":"<script> [1562 bytes]","args":[{"selector":{"id":"application-managepartners-display-component---NewPartner--partnerDetailInternal-arrow"},"wdio_ui5_key":"applicationmanagepartners-display-component---NewPartner--partnerDetailInternal-arrow"}]}
RESULT: {"script":"<script> [1562 bytes]","args":[{"selector":{"id":"application-managepartners-display-component---NewPartner--partnerDetailInternal-arrow"},"wdio_ui5_key":"applicationmanagepartners-display-component---NewPartner--partnerDetailInternal-arrow"}]}
RESULT: undefined
COMMAND: POST /session/61a4e41d5d5dd3b82ee98b69d8aceb21/element - {"using":"xpath","value":"//*[@id=\"application-managepartners-display-component---NewPartner--partnerDetailInternal-arrow\"]"}
RESULT: {"using":"xpath","value":"//*[@id=\"application-managepartners-display-component---NewPartner--partnerDetailInternal-arrow\"]"}
COMMAND: POST /session/61a4e41d5d5dd3b82ee98b69d8aceb21/element/f.5597B913AB35EBD8B52179872D09D3B6.d.49DE703FDAF8963F840D96288319E2E5.e.1497/click - {}
RESULT: {}
COMMAND: POST /session/61a4e41d5d5dd3b82ee98b69d8aceb21/element - {"using":"xpath","value":"//span[contains(text(), \"Affiliated company\")]"}
COMMAND: GET /session/61a4e41d5d5dd3b82ee98b69d8aceb21/screenshot - {}
RESULT: {"using":"xpath","value":"//span[contains(text(), \"Affiliated company\")]"}
COMMAND: POST /session/61a4e41d5d5dd3b82ee98b69d8aceb21/element/f.5597B913AB35EBD8B52179872D09D3B6.d.49DE703FDAF8963F840D96288319E2E5.e.1498/click - {}
RESULT: {}
RESULT: {}
COMMAND: POST /session/61a4e41d5d5dd3b82ee98b69d8aceb21/execute/async - {"script":"<script> [1562 bytes]","args":[{"selector":{"id":"application-managepartners-display-component---NewPartner--partnerDetailsCurrency-arrow"},"wdio_ui5_key":"applicationmanagepartners-display-component---NewPartner--partnerDetailsCurrency-arrow"}]}
COMMAND: GET /session/61a4e41d5d5dd3b82ee98b69d8aceb21/screenshot - {}
RESULT: {"script":"<script> [1562 bytes]","args":[{"selector":{"id":"application-managepartners-display-component---NewPartner--partnerDetailsCurrency-arrow"},"wdio_ui5_key":"applicationmanagepartners-display-component---NewPartner--partnerDetailsCurrency-arrow"}]}
RESULT: undefined
COMMAND: POST /session/61a4e41d5d5dd3b82ee98b69d8aceb21/element - {"using":"xpath","value":"//*[@id=\"application-managepartners-display-component---NewPartner--partnerDetailsCurrency-arrow\"]"}
RESULT: {}
RESULT: {"using":"xpath","value":"//*[@id=\"application-managepartners-display-component---NewPartner--partnerDetailsCurrency-arrow\"]"}
COMMAND: POST /session/61a4e41d5d5dd3b82ee98b69d8aceb21/element/f.5597B913AB35EBD8B52179872D09D3B6.d.49DE703FDAF8963F840D96288319E2E5.e.1505/click - {}
RESULT: {}
COMMAND: POST /session/61a4e41d5d5dd3b82ee98b69d8aceb21/element - {"using":"xpath","value":"//span[contains(text(), \"Euro\")]"}
COMMAND: GET /session/61a4e41d5d5dd3b82ee98b69d8aceb21/screenshot - {}
RESULT: {"using":"xpath","value":"//span[contains(text(), \"Euro\")]"}
COMMAND: POST /session/61a4e41d5d5dd3b82ee98b69d8aceb21/element/f.5597B913AB35EBD8B52179872D09D3B6.d.49DE703FDAF8963F840D96288319E2E5.e.1506/click - {}
RESULT: {}
RESULT: {}
COMMAND: POST /session/61a4e41d5d5dd3b82ee98b69d8aceb21/execute/async - {"script":"<script> [1562 bytes]","args":[{"selector":{"id":"application-managepartners-display-component---NewPartner--addressEditDetailsCostObjectCstType-arrow"},"wdio_ui5_key":"applicationmanagepartners-display-component---NewPartner--addressEditDetailsCostObjectCstType-arrow"}]}
COMMAND: GET /session/61a4e41d5d5dd3b82ee98b69d8aceb21/screenshot - {}
RESULT: {"script":"<script> [1562 bytes]","args":[{"selector":{"id":"application-managepartners-display-component---NewPartner--addressEditDetailsCostObjectCstType-arrow"},"wdio_ui5_key":"applicationmanagepartners-display-component---NewPartner--addressEditDetailsCostObjectCstType-arrow"}]}
RESULT: undefined
COMMAND: POST /session/61a4e41d5d5dd3b82ee98b69d8aceb21/element - {"using":"xpath","value":"//*[@id=\"application-managepartners-display-component---NewPartner--addressEditDetailsCostObjectCstType-arrow\"]"}
RESULT: {}
RESULT: {"using":"xpath","value":"//*[@id=\"application-managepartners-display-component---NewPartner--addressEditDetailsCostObjectCstType-arrow\"]"}
COMMAND: POST /session/61a4e41d5d5dd3b82ee98b69d8aceb21/element/f.5597B913AB35EBD8B52179872D09D3B6.d.49DE703FDAF8963F840D96288319E2E5.e.1507/click - {}
RESULT: {}
COMMAND: POST /session/61a4e41d5d5dd3b82ee98b69d8aceb21/element - {"using":"xpath","value":"//span[contains(text(), \"Cost Center\")]"}
COMMAND: GET /session/61a4e41d5d5dd3b82ee98b69d8aceb21/screenshot - {}
RESULT: {"using":"xpath","value":"//span[contains(text(), \"Cost Center\")]"}
COMMAND: POST /session/61a4e41d5d5dd3b82ee98b69d8aceb21/element/f.5597B913AB35EBD8B52179872D09D3B6.d.49DE703FDAF8963F840D96288319E2E5.e.1508/click - {}
RESULT: {}
RESULT: {}
COMMAND: GET /session/61a4e41d5d5dd3b82ee98b69d8aceb21/screenshot - {}
RESULT: {}
COMMAND: POST /session/61a4e41d5d5dd3b82ee98b69d8aceb21/element - {"using":"xpath","value":"//span[@id=\"application-managepartners-display-component---NewPartner--addressNewCostObjectCstID-vhi\"]"}
RESULT: {"using":"xpath","value":"//span[@id=\"application-managepartners-display-component---NewPartner--addressNewCostObjectCstID-vhi\"]"}
COMMAND: POST /session/61a4e41d5d5dd3b82ee98b69d8aceb21/execute/sync - {"script":"<script> [8489 bytes]","args":[{"element-6066-11e4-a52e-4f735466cecf":"f.5597B913AB35EBD8B52179872D09D3B6.d.49DE703FDAF8963F840D96288319E2E5.e.1512","ELEMENT":"f.5597B913AB35EBD8B52179872D09D3B6.d.49DE703FDAF8963F840D96288319E2E5.e.1512"}]}
RESULT: {"script":"<script> [8489 bytes]","args":[{"element-6066-11e4-a52e-4f735466cecf":"f.5597B913AB35EBD8B52179872D09D3B6.d.49DE703FDAF8963F840D96288319E2E5.e.1512","ELEMENT":"f.5597B913AB35EBD8B52179872D09D3B6.d.49DE703FDAF8963F840D96288319E2E5.e.1512"}]}
COMMAND: POST /session/61a4e41d5d5dd3b82ee98b69d8aceb21/execute/async - {"script":"<script> [1562 bytes]","args":[{"selector":{"id":"application-managepartners-display-component---NewPartner--addressNewCostObjectCstID-vhi"},"wdio_ui5_key":"applicationmanagepartners-display-component---NewPartner--addressNewCostObjectCstID-vhi"}]}
COMMAND: GET /session/61a4e41d5d5dd3b82ee98b69d8aceb21/screenshot - {}
RESULT: {"script":"<script> [1562 bytes]","args":[{"selector":{"id":"application-managepartners-display-component---NewPartner--addressNewCostObjectCstID-vhi"},"wdio_ui5_key":"applicationmanagepartners-display-component---NewPartner--addressNewCostObjectCstID-vhi"}]}
RESULT: undefined
COMMAND: POST /session/61a4e41d5d5dd3b82ee98b69d8aceb21/element - {"using":"xpath","value":"//*[@id=\"application-managepartners-display-component---NewPartner--addressNewCostObjectCstID-vhi\"]"}
RESULT: {}
RESULT: {"using":"xpath","value":"//*[@id=\"application-managepartners-display-component---NewPartner--addressNewCostObjectCstID-vhi\"]"}
COMMAND: POST /session/61a4e41d5d5dd3b82ee98b69d8aceb21/element/f.5597B913AB35EBD8B52179872D09D3B6.d.49DE703FDAF8963F840D96288319E2E5.e.1512/click - {}
RESULT: {}
COMMAND: GET /session/61a4e41d5d5dd3b82ee98b69d8aceb21/screenshot - {}
RESULT: {}
RESULT: undefined
COMMAND: POST /session/61a4e41d5d5dd3b82ee98b69d8aceb21/execute/async - {"script":"<script> [776 bytes]","args":[{"enterText":"10001013","selector":{"controlType":"sap.m.SearchField","properties":{"placeholder":"Search"},"searchOpenDialogs":true,"interaction":{"idSuffix":"I"}},"clearTextFirst":true,"interactionType":"ENTER_TEXT"}]}
RESULT: {"script":"<script> [776 bytes]","args":[{"enterText":"10001013","selector":{"controlType":"sap.m.SearchField","properties":{"placeholder":"Search"},"searchOpenDialogs":true,"interaction":{"idSuffix":"I"}},"clearTextFirst":true,"interactionType":"ENTER_TEXT"}]}
COMMAND: POST /session/61a4e41d5d5dd3b82ee98b69d8aceb21/actions - {"actions":[{"id":"action2","type":"key","parameters":{},"actions":[{"type":"keyDown","value":""},{"type":"pause","duration":10},{"type":"keyUp","value":""}]}]}
RESULT: {"actions":[{"id":"action2","type":"key","parameters":{},"actions":[{"type":"keyDown","value":""},{"type":"pause","duration":10},{"type":"keyUp","value":""}]}]}
COMMAND: GET /session/61a4e41d5d5dd3b82ee98b69d8aceb21/screenshot - {}
RESULT: {}
COMMAND: POST /session/61a4e41d5d5dd3b82ee98b69d8aceb21/element - {"using":"xpath","value":"//span[contains(text(), \"General Management\")]"}
RESULT: {"using":"xpath","value":"//span[contains(text(), \"General Management\")]"}
COMMAND: POST /session/61a4e41d5d5dd3b82ee98b69d8aceb21/element/f.5597B913AB35EBD8B52179872D09D3B6.d.49DE703FDAF8963F840D96288319E2E5.e.1552/click - {}
RESULT: {}
COMMAND: GET /session/61a4e41d5d5dd3b82ee98b69d8aceb21/screenshot - {}
RESULT: {}
COMMAND: POST /session/61a4e41d5d5dd3b82ee98b69d8aceb21/element - {"using":"xpath","value":"//bdi[contains(text(), \"OK\")]"}
RESULT: {"using":"xpath","value":"//bdi[contains(text(), \"OK\")]"}
COMMAND: POST /session/61a4e41d5d5dd3b82ee98b69d8aceb21/element/f.5597B913AB35EBD8B52179872D09D3B6.d.49DE703FDAF8963F840D96288319E2E5.e.1553/click - {}
RESULT: {}
COMMAND: GET /session/61a4e41d5d5dd3b82ee98b69d8aceb21/screenshot - {}
RESULT: {}
COMMAND: POST /session/61a4e41d5d5dd3b82ee98b69d8aceb21/element - {"using":"xpath","value":"//input[@id=\"application-managepartners-display-component---NewPartner--companyCodeComboBox-inner\"]"}
RESULT: {"using":"xpath","value":"//input[@id=\"application-managepartners-display-component---NewPartner--companyCodeComboBox-inner\"]"}
COMMAND: POST /session/61a4e41d5d5dd3b82ee98b69d8aceb21/element/f.5597B913AB35EBD8B52179872D09D3B6.d.49DE703FDAF8963F840D96288319E2E5.e.1347/clear - {}
RESULT: {}
COMMAND: POST /session/61a4e41d5d5dd3b82ee98b69d8aceb21/element/f.5597B913AB35EBD8B52179872D09D3B6.d.49DE703FDAF8963F840D96288319E2E5.e.1347/value - {"text":"1000"}
COMMAND: GET /session/61a4e41d5d5dd3b82ee98b69d8aceb21/screenshot - {}
RESULT: {"text":"1000"}
COMMAND: GET /session/61a4e41d5d5dd3b82ee98b69d8aceb21/screenshot - {}
RESULT: {}
RESULT: {}
COMMAND: POST /session/61a4e41d5d5dd3b82ee98b69d8aceb21/element - {"using":"xpath","value":"//li[.//span[text()= \"1000\"]]"}
RESULT: {"using":"xpath","value":"//li[.//span[text()= \"1000\"]]"}
COMMAND: POST /session/61a4e41d5d5dd3b82ee98b69d8aceb21/element/f.5597B913AB35EBD8B52179872D09D3B6.d.49DE703FDAF8963F840D96288319E2E5.e.1559/click - {}
RESULT: {}
COMMAND: GET /session/61a4e41d5d5dd3b82ee98b69d8aceb21/screenshot - {}
RESULT: {}
COMMAND: POST /session/61a4e41d5d5dd3b82ee98b69d8aceb21/execute/async - {"script":"<script> [1562 bytes]","args":[{"selector":{"id":"application-managepartners-display-component---NewPartner--btnAddTableRow-img"},"wdio_ui5_key":"applicationmanagepartners-display-component---NewPartner--btnAddTableRow-img"}]}
RESULT: {"script":"<script> [1562 bytes]","args":[{"selector":{"id":"application-managepartners-display-component---NewPartner--btnAddTableRow-img"},"wdio_ui5_key":"applicationmanagepartners-display-component---NewPartner--btnAddTableRow-img"}]}
RESULT: undefined
COMMAND: POST /session/61a4e41d5d5dd3b82ee98b69d8aceb21/element - {"using":"xpath","value":"//*[@id=\"application-managepartners-display-component---NewPartner--btnAddTableRow-img\"]"}
RESULT: {"using":"xpath","value":"//*[@id=\"application-managepartners-display-component---NewPartner--btnAddTableRow-img\"]"}
COMMAND: POST /session/61a4e41d5d5dd3b82ee98b69d8aceb21/element/f.5597B913AB35EBD8B52179872D09D3B6.d.49DE703FDAF8963F840D96288319E2E5.e.1560/click - {}
RESULT: {}
COMMAND: GET /session/61a4e41d5d5dd3b82ee98b69d8aceb21/screenshot - {}
RESULT: {}
COMMAND: POST /session/61a4e41d5d5dd3b82ee98b69d8aceb21/element - {"using":"xpath","value":"//input[@id=\"application-managepartners-display-component---NewPartner--assignmentYard-application-managepartners-display-component---NewPartner--assignmentsTable-0-inner\"]"}
RESULT: {"using":"xpath","value":"//input[@id=\"application-managepartners-display-component---NewPartner--assignmentYard-application-managepartners-display-component---NewPartner--assignmentsTable-0-inner\"]"}
COMMAND: POST /session/61a4e41d5d5dd3b82ee98b69d8aceb21/element/f.5597B913AB35EBD8B52179872D09D3B6.d.49DE703FDAF8963F840D96288319E2E5.e.1563/clear - {}
RESULT: {}
COMMAND: POST /session/61a4e41d5d5dd3b82ee98b69d8aceb21/element/f.5597B913AB35EBD8B52179872D09D3B6.d.49DE703FDAF8963F840D96288319E2E5.e.1563/value - {"text":"526"}
COMMAND: GET /session/61a4e41d5d5dd3b82ee98b69d8aceb21/screenshot - {}
RESULT: {"text":"526"}
COMMAND: GET /session/61a4e41d5d5dd3b82ee98b69d8aceb21/screenshot - {}
RESULT: {}
RESULT: {}
COMMAND: POST /session/61a4e41d5d5dd3b82ee98b69d8aceb21/element - {"using":"xpath","value":"//li[.//span[text()='526']]"}
RESULT: {"using":"xpath","value":"//li[.//span[text()='526']]"}
COMMAND: POST /session/61a4e41d5d5dd3b82ee98b69d8aceb21/element/f.5597B913AB35EBD8B52179872D09D3B6.d.49DE703FDAF8963F840D96288319E2E5.e.1572/click - {}
RESULT: {}
COMMAND: GET /session/61a4e41d5d5dd3b82ee98b69d8aceb21/screenshot - {}
RESULT: {}
COMMAND: POST /session/61a4e41d5d5dd3b82ee98b69d8aceb21/actions - {"actions":[{"id":"action3","type":"key","parameters":{},"actions":[{"type":"keyDown","value":""},{"type":"pause","duration":10},{"type":"keyUp","value":""}]}]}
RESULT: {"actions":[{"id":"action3","type":"key","parameters":{},"actions":[{"type":"keyDown","value":""},{"type":"pause","duration":10},{"type":"keyUp","value":""}]}]}
COMMAND: POST /session/61a4e41d5d5dd3b82ee98b69d8aceb21/execute/async - {"script":"<script> [1562 bytes]","args":[{"selector":{"id":"application-managepartners-display-component---NewPartner--externalCustomerComboBox-application-managepartners-display-component---NewPartner--assignmentsTable-0-vhi"},"wdio_ui5_key":"applicationmanagepartners-display-component---NewPartner--externalCustomerComboBox-application-managepartners-display-component---NewPartner--assignmentsTable-0-vhi"}]}
COMMAND: GET /session/61a4e41d5d5dd3b82ee98b69d8aceb21/screenshot - {}
RESULT: {"script":"<script> [1562 bytes]","args":[{"selector":{"id":"application-managepartners-display-component---NewPartner--externalCustomerComboBox-application-managepartners-display-component---NewPartner--assignmentsTable-0-vhi"},"wdio_ui5_key":"applicationmanagepartners-display-component---NewPartner--externalCustomerComboBox-application-managepartners-display-component---NewPartner--assignmentsTable-0-vhi"}]}
RESULT: undefined
COMMAND: POST /session/61a4e41d5d5dd3b82ee98b69d8aceb21/element - {"using":"xpath","value":"//*[@id=\"application-managepartners-display-component---NewPartner--externalCustomerComboBox-application-managepartners-display-component---NewPartner--assignmentsTable-0-vhi\"]"}
RESULT: {}
RESULT: {"using":"xpath","value":"//*[@id=\"application-managepartners-display-component---NewPartner--externalCustomerComboBox-application-managepartners-display-component---NewPartner--assignmentsTable-0-vhi\"]"}
COMMAND: POST /session/61a4e41d5d5dd3b82ee98b69d8aceb21/element/f.5597B913AB35EBD8B52179872D09D3B6.d.49DE703FDAF8963F840D96288319E2E5.e.1576/click - {}
RESULT: {}
RESULT: undefined
COMMAND: POST /session/61a4e41d5d5dd3b82ee98b69d8aceb21/execute/async - {"script":"<script> [776 bytes]","args":[{"enterText":"300003","selector":{"controlType":"sap.m.SearchField","properties":{"placeholder":"Search"},"searchOpenDialogs":true,"interaction":{"idSuffix":"I"}},"clearTextFirst":true,"interactionType":"ENTER_TEXT"}]}
COMMAND: GET /session/61a4e41d5d5dd3b82ee98b69d8aceb21/screenshot - {}
RESULT: {"script":"<script> [776 bytes]","args":[{"enterText":"300003","selector":{"controlType":"sap.m.SearchField","properties":{"placeholder":"Search"},"searchOpenDialogs":true,"interaction":{"idSuffix":"I"}},"clearTextFirst":true,"interactionType":"ENTER_TEXT"}]}
COMMAND: POST /session/61a4e41d5d5dd3b82ee98b69d8aceb21/actions - {"actions":[{"id":"action4","type":"key","parameters":{},"actions":[{"type":"keyDown","value":""},{"type":"pause","duration":10},{"type":"keyUp","value":""}]}]}
RESULT: {}
RESULT: {"actions":[{"id":"action4","type":"key","parameters":{},"actions":[{"type":"keyDown","value":""},{"type":"pause","duration":10},{"type":"keyUp","value":""}]}]}
COMMAND: GET /session/61a4e41d5d5dd3b82ee98b69d8aceb21/screenshot - {}
RESULT: {}
COMMAND: POST /session/61a4e41d5d5dd3b82ee98b69d8aceb21/element - {"using":"xpath","value":"//span[contains(text(), \"300003\")]"}
RESULT: {"using":"xpath","value":"//span[contains(text(), \"300003\")]"}
COMMAND: POST /session/61a4e41d5d5dd3b82ee98b69d8aceb21/element/f.5597B913AB35EBD8B52179872D09D3B6.d.49DE703FDAF8963F840D96288319E2E5.e.1594/click - {}
RESULT: {}
COMMAND: GET /session/61a4e41d5d5dd3b82ee98b69d8aceb21/screenshot - {}
RESULT: {}
COMMAND: POST /session/61a4e41d5d5dd3b82ee98b69d8aceb21/element - {"using":"xpath","value":"//bdi[contains(text(), \"OK\")]"}
RESULT: {"using":"xpath","value":"//bdi[contains(text(), \"OK\")]"}
COMMAND: POST /session/61a4e41d5d5dd3b82ee98b69d8aceb21/element/f.5597B913AB35EBD8B52179872D09D3B6.d.49DE703FDAF8963F840D96288319E2E5.e.1596/click - {}
RESULT: {}
COMMAND: GET /session/61a4e41d5d5dd3b82ee98b69d8aceb21/screenshot - {}
RESULT: {}
COMMAND: POST /session/61a4e41d5d5dd3b82ee98b69d8aceb21/execute/async - {"script":"<script> [1562 bytes]","args":[{"selector":{"id":"application-managepartners-display-component---NewPartner--intercompVendorComboBox-application-managepartners-display-component---NewPartner--assignmentsTable-0-vhi"},"wdio_ui5_key":"applicationmanagepartners-display-component---NewPartner--intercompVendorComboBox-application-managepartners-display-component---NewPartner--assignmentsTable-0-vhi"}]}
RESULT: {"script":"<script> [1562 bytes]","args":[{"selector":{"id":"application-managepartners-display-component---NewPartner--intercompVendorComboBox-application-managepartners-display-component---NewPartner--assignmentsTable-0-vhi"},"wdio_ui5_key":"applicationmanagepartners-display-component---NewPartner--intercompVendorComboBox-application-managepartners-display-component---NewPartner--assignmentsTable-0-vhi"}]}
RESULT: undefined
COMMAND: POST /session/61a4e41d5d5dd3b82ee98b69d8aceb21/element - {"using":"xpath","value":"//*[@id=\"application-managepartners-display-component---NewPartner--intercompVendorComboBox-application-managepartners-display-component---NewPartner--assignmentsTable-0-vhi\"]"}
RESULT: {"using":"xpath","value":"//*[@id=\"application-managepartners-display-component---NewPartner--intercompVendorComboBox-application-managepartners-display-component---NewPartner--assignmentsTable-0-vhi\"]"}
COMMAND: POST /session/61a4e41d5d5dd3b82ee98b69d8aceb21/element/f.5597B913AB35EBD8B52179872D09D3B6.d.49DE703FDAF8963F840D96288319E2E5.e.1599/click - {}
RESULT: {}
RESULT: undefined
COMMAND: POST /session/61a4e41d5d5dd3b82ee98b69d8aceb21/execute/async - {"script":"<script> [776 bytes]","args":[{"enterText":"100005","selector":{"controlType":"sap.m.SearchField","properties":{"placeholder":"Search"},"searchOpenDialogs":true,"interaction":{"idSuffix":"I"}},"clearTextFirst":true,"interactionType":"ENTER_TEXT"}]}
COMMAND: GET /session/61a4e41d5d5dd3b82ee98b69d8aceb21/screenshot - {}
RESULT: {"script":"<script> [776 bytes]","args":[{"enterText":"100005","selector":{"controlType":"sap.m.SearchField","properties":{"placeholder":"Search"},"searchOpenDialogs":true,"interaction":{"idSuffix":"I"}},"clearTextFirst":true,"interactionType":"ENTER_TEXT"}]}
COMMAND: POST /session/61a4e41d5d5dd3b82ee98b69d8aceb21/actions - {"actions":[{"id":"action5","type":"key","parameters":{},"actions":[{"type":"keyDown","value":""},{"type":"pause","duration":10},{"type":"keyUp","value":""}]}]}
RESULT: {}
RESULT: {"actions":[{"id":"action5","type":"key","parameters":{},"actions":[{"type":"keyDown","value":""},{"type":"pause","duration":10},{"type":"keyUp","value":""}]}]}
COMMAND: GET /session/61a4e41d5d5dd3b82ee98b69d8aceb21/screenshot - {}
RESULT: {}
COMMAND: POST /session/61a4e41d5d5dd3b82ee98b69d8aceb21/element - {"using":"xpath","value":"//span[contains(text(), \"Penguins - Field/12345 Berlin\")]"}
RESULT: {"using":"xpath","value":"//span[contains(text(), \"Penguins - Field/12345 Berlin\")]"}
COMMAND: POST /session/61a4e41d5d5dd3b82ee98b69d8aceb21/element/f.5597B913AB35EBD8B52179872D09D3B6.d.49DE703FDAF8963F840D96288319E2E5.e.1617/click - {}
RESULT: {}
COMMAND: GET /session/61a4e41d5d5dd3b82ee98b69d8aceb21/screenshot - {}
RESULT: {}
COMMAND: POST /session/61a4e41d5d5dd3b82ee98b69d8aceb21/element - {"using":"xpath","value":"//bdi[contains(text(), \"OK\")]"}
RESULT: {"using":"xpath","value":"//bdi[contains(text(), \"OK\")]"}
COMMAND: POST /session/61a4e41d5d5dd3b82ee98b69d8aceb21/element/f.5597B913AB35EBD8B52179872D09D3B6.d.49DE703FDAF8963F840D96288319E2E5.e.1618/click - {}
RESULT: {}
COMMAND: GET /session/61a4e41d5d5dd3b82ee98b69d8aceb21/screenshot - {}
RESULT: {}
COMMAND: POST /session/61a4e41d5d5dd3b82ee98b69d8aceb21/element - {"using":"xpath","value":"//button[@data-kt=\"saveButton\"]"}
RESULT: {"using":"xpath","value":"//button[@data-kt=\"saveButton\"]"}
COMMAND: POST /session/61a4e41d5d5dd3b82ee98b69d8aceb21/element/f.5597B913AB35EBD8B52179872D09D3B6.d.49DE703FDAF8963F840D96288319E2E5.e.1471/click - {}
RESULT: {}
COMMAND: GET /session/61a4e41d5d5dd3b82ee98b69d8aceb21/screenshot - {}
RESULT: {}
COMMAND: POST /session/61a4e41d5d5dd3b82ee98b69d8aceb21/element - {"using":"xpath","value":"//header[contains(@id, 'ObjectPageLayout-headerTitle')]/div[1]/div[2]/div[2]/span[1]"}
RESULT: {"using":"xpath","value":"//header[contains(@id, 'ObjectPageLayout-headerTitle')]/div[1]/div[2]/div[2]/span[1]"}
COMMAND: POST /session/61a4e41d5d5dd3b82ee98b69d8aceb21/elements - {"using":"xpath","value":"//header[contains(@id, 'ObjectPageLayout-headerTitle')]/div[1]/div[2]/div[2]/span[1]"}
RESULT: {"using":"xpath","value":"//header[contains(@id, 'ObjectPageLayout-headerTitle')]/div[1]/div[2]/div[2]/span[1]"}
COMMAND: POST /session/61a4e41d5d5dd3b82ee98b69d8aceb21/execute/sync - {"script":"<script> [56 bytes]","args":[{"element-6066-11e4-a52e-4f735466cecf":"f.5597B913AB35EBD8B52179872D09D3B6.d.49DE703FDAF8963F840D96288319E2E5.e.1782","ELEMENT":"f.5597B913AB35EBD8B52179872D09D3B6.d.49DE703FDAF8963F840D96288319E2E5.e.1782"}]}
RESULT: {"script":"<script> [56 bytes]","args":[{"element-6066-11e4-a52e-4f735466cecf":"f.5597B913AB35EBD8B52179872D09D3B6.d.49DE703FDAF8963F840D96288319E2E5.e.1782","ELEMENT":"f.5597B913AB35EBD8B52179872D09D3B6.d.49DE703FDAF8963F840D96288319E2E5.e.1782"}]}
COMMAND: POST /session/61a4e41d5d5dd3b82ee98b69d8aceb21/element - {"using":"css selector","value":"#shell-header-logo"}
COMMAND: GET /session/61a4e41d5d5dd3b82ee98b69d8aceb21/screenshot - {}
RESULT: {"using":"css selector","value":"#shell-header-logo"}
COMMAND: POST /session/61a4e41d5d5dd3b82ee98b69d8aceb21/element/f.5597B913AB35EBD8B52179872D09D3B6.d.49DE703FDAF8963F840D96288319E2E5.e.1003/click - {}
RESULT: {}
RESULT: {}
COMMAND: GET /session/61a4e41d5d5dd3b82ee98b69d8aceb21/screenshot - {}
RESULT: {}
COMMAND: POST /session/61a4e41d5d5dd3b82ee98b69d8aceb21/execute/sync - {"script":"<script> [299 bytes]","args":[["getModel","getResource"]]}
RESULT: {"script":"<script> [299 bytes]","args":[["getModel","getResource"]]}
]]></system-out>
    </testcase>
    <testcase classname="chrome.136_0_7103_93.windows.Prerequisites_&amp;_test_for_yard_mass_return_on_Yard_Overview_US131057" name="Prereq Should create a new site" time="153.632">
      <system-out><![CDATA[
COMMAND: GET /session/61a4e41d5d5dd3b82ee98b69d8aceb21/screenshot - {}
COMMAND: POST /session/61a4e41d5d5dd3b82ee98b69d8aceb21/execute/async - {"script":"<script> [1562 bytes]","args":[{"selector":{"controlType":"sap.m.GenericTile","properties":{"header":"Manage Sites"}},"wdio_ui5_key":"sapm.GenericTile{\"header\":\"Manage Sites\"}"}]}
RESULT: {}
RESULT: {"script":"<script> [1562 bytes]","args":[{"selector":{"controlType":"sap.m.GenericTile","properties":{"header":"Manage Sites"}},"wdio_ui5_key":"sapm.GenericTile{\"header\":\"Manage Sites\"}"}]}
RESULT: undefined
COMMAND: POST /session/61a4e41d5d5dd3b82ee98b69d8aceb21/element - {"using":"xpath","value":"//*[@id=\"__tile40\"]"}
RESULT: {"using":"xpath","value":"//*[@id=\"__tile40\"]"}
COMMAND: POST /session/61a4e41d5d5dd3b82ee98b69d8aceb21/element/f.5597B913AB35EBD8B52179872D09D3B6.d.49DE703FDAF8963F840D96288319E2E5.e.150/click - {}
RESULT: {}
COMMAND: GET /session/61a4e41d5d5dd3b82ee98b69d8aceb21/screenshot - {}
RESULT: {}
COMMAND: POST /session/61a4e41d5d5dd3b82ee98b69d8aceb21/elements - {"using":"xpath","value":"//span[text()='Error']"}
RESULT: {"using":"xpath","value":"//span[text()='Error']"}
COMMAND: POST /session/61a4e41d5d5dd3b82ee98b69d8aceb21/element - {"using":"xpath","value":"//button[@data-kt=\"addOverflowToolbarButton\"]"}
RESULT: {"using":"xpath","value":"//button[@data-kt=\"addOverflowToolbarButton\"]"}
COMMAND: POST /session/61a4e41d5d5dd3b82ee98b69d8aceb21/elements - {"using":"xpath","value":"//button[@data-kt=\"addOverflowToolbarButton\"]"}
RESULT: {"using":"xpath","value":"//button[@data-kt=\"addOverflowToolbarButton\"]"}
COMMAND: POST /session/61a4e41d5d5dd3b82ee98b69d8aceb21/execute/sync - {"script":"<script> [8489 bytes]","args":[{"element-6066-11e4-a52e-4f735466cecf":"f.5597B913AB35EBD8B52179872D09D3B6.d.49DE703FDAF8963F840D96288319E2E5.e.1830","ELEMENT":"f.5597B913AB35EBD8B52179872D09D3B6.d.49DE703FDAF8963F840D96288319E2E5.e.1830"}]}
RESULT: {"script":"<script> [8489 bytes]","args":[{"element-6066-11e4-a52e-4f735466cecf":"f.5597B913AB35EBD8B52179872D09D3B6.d.49DE703FDAF8963F840D96288319E2E5.e.1830","ELEMENT":"f.5597B913AB35EBD8B52179872D09D3B6.d.49DE703FDAF8963F840D96288319E2E5.e.1830"}]}
COMMAND: GET /session/61a4e41d5d5dd3b82ee98b69d8aceb21/element/f.5597B913AB35EBD8B52179872D09D3B6.d.49DE703FDAF8963F840D96288319E2E5.e.1830/enabled - {}
COMMAND: GET /session/61a4e41d5d5dd3b82ee98b69d8aceb21/screenshot - {}
RESULT: {}
COMMAND: POST /session/61a4e41d5d5dd3b82ee98b69d8aceb21/execute/sync - {"script":"<script> [8489 bytes]","args":[{"element-6066-11e4-a52e-4f735466cecf":"f.5597B913AB35EBD8B52179872D09D3B6.d.49DE703FDAF8963F840D96288319E2E5.e.1830","ELEMENT":"f.5597B913AB35EBD8B52179872D09D3B6.d.49DE703FDAF8963F840D96288319E2E5.e.1830"}]}
COMMAND: GET /session/61a4e41d5d5dd3b82ee98b69d8aceb21/screenshot - {}
RESULT: {}
RESULT: {"script":"<script> [8489 bytes]","args":[{"element-6066-11e4-a52e-4f735466cecf":"f.5597B913AB35EBD8B52179872D09D3B6.d.49DE703FDAF8963F840D96288319E2E5.e.1830","ELEMENT":"f.5597B913AB35EBD8B52179872D09D3B6.d.49DE703FDAF8963F840D96288319E2E5.e.1830"}]}
COMMAND: POST /session/61a4e41d5d5dd3b82ee98b69d8aceb21/execute/sync - {"script":"<script> [5351 bytes]","args":[{"element-6066-11e4-a52e-4f735466cecf":"f.5597B913AB35EBD8B52179872D09D3B6.d.49DE703FDAF8963F840D96288319E2E5.e.1830","ELEMENT":"f.5597B913AB35EBD8B52179872D09D3B6.d.49DE703FDAF8963F840D96288319E2E5.e.1830"}]}
COMMAND: GET /session/61a4e41d5d5dd3b82ee98b69d8aceb21/screenshot - {}
RESULT: {}
RESULT: {"script":"<script> [5351 bytes]","args":[{"element-6066-11e4-a52e-4f735466cecf":"f.5597B913AB35EBD8B52179872D09D3B6.d.49DE703FDAF8963F840D96288319E2E5.e.1830","ELEMENT":"f.5597B913AB35EBD8B52179872D09D3B6.d.49DE703FDAF8963F840D96288319E2E5.e.1830"}]}
COMMAND: POST /session/61a4e41d5d5dd3b82ee98b69d8aceb21/element/f.5597B913AB35EBD8B52179872D09D3B6.d.49DE703FDAF8963F840D96288319E2E5.e.1830/click - {}
COMMAND: GET /session/61a4e41d5d5dd3b82ee98b69d8aceb21/screenshot - {}
RESULT: {}
RESULT: {}
COMMAND: GET /session/61a4e41d5d5dd3b82ee98b69d8aceb21/screenshot - {}
RESULT: {}
RESULT: {}
COMMAND: POST /session/61a4e41d5d5dd3b82ee98b69d8aceb21/element - {"using":"xpath","value":"//input[@id=\"application-managesites-display-component---NewSite--siteId-inner\"]"}
RESULT: {"using":"xpath","value":"//input[@id=\"application-managesites-display-component---NewSite--siteId-inner\"]"}
COMMAND: POST /session/61a4e41d5d5dd3b82ee98b69d8aceb21/element - {"using":"xpath","value":"//input[@id=\"application-managesites-display-component---NewSite--siteId-inner\"]"}
RESULT: {"using":"xpath","value":"//input[@id=\"application-managesites-display-component---NewSite--siteId-inner\"]"}
COMMAND: POST /session/61a4e41d5d5dd3b82ee98b69d8aceb21/execute/async - {"script":"<script> [1562 bytes]","args":[{"selector":{"id":"application-managesites-display-component---NewSite--addressDetailDetailsName1","interaction":{"idSuffix":"inner"}},"wdio_ui5_key":"applicationmanagesites-display-component---NewSite--addressDetailDetailsName1"}]}
RESULT: {"script":"<script> [1562 bytes]","args":[{"selector":{"id":"application-managesites-display-component---NewSite--addressDetailDetailsName1","interaction":{"idSuffix":"inner"}},"wdio_ui5_key":"applicationmanagesites-display-component---NewSite--addressDetailDetailsName1"}]}
RESULT: undefined
COMMAND: POST /session/61a4e41d5d5dd3b82ee98b69d8aceb21/execute/async - {"script":"<script> [776 bytes]","args":[{"enterText":"Intracompany Site wdIO","selector":{"id":"application-managesites-display-component---NewSite--addressDetailDetailsName1","interaction":{"idSuffix":"inner"}},"clearTextFirst":true,"interactionType":"ENTER_TEXT"}]}
RESULT: {"script":"<script> [776 bytes]","args":[{"enterText":"Intracompany Site wdIO","selector":{"id":"application-managesites-display-component---NewSite--addressDetailDetailsName1","interaction":{"idSuffix":"inner"}},"clearTextFirst":true,"interactionType":"ENTER_TEXT"}]}
COMMAND: POST /session/61a4e41d5d5dd3b82ee98b69d8aceb21/execute/async - {"script":"<script> [1562 bytes]","args":[{"selector":{"id":"application-managesites-display-component---NewSite--addressDetailDetailsLanguage-arrow"},"wdio_ui5_key":"applicationmanagesites-display-component---NewSite--addressDetailDetailsLanguage-arrow"}]}
RESULT: {"script":"<script> [1562 bytes]","args":[{"selector":{"id":"application-managesites-display-component---NewSite--addressDetailDetailsLanguage-arrow"},"wdio_ui5_key":"applicationmanagesites-display-component---NewSite--addressDetailDetailsLanguage-arrow"}]}
RESULT: undefined
COMMAND: POST /session/61a4e41d5d5dd3b82ee98b69d8aceb21/element - {"using":"xpath","value":"//*[@id=\"application-managesites-display-component---NewSite--addressDetailDetailsLanguage-arrow\"]"}
RESULT: {"using":"xpath","value":"//*[@id=\"application-managesites-display-component---NewSite--addressDetailDetailsLanguage-arrow\"]"}
COMMAND: POST /session/61a4e41d5d5dd3b82ee98b69d8aceb21/element/f.5597B913AB35EBD8B52179872D09D3B6.d.49DE703FDAF8963F840D96288319E2E5.e.2231/click - {}
RESULT: {}
COMMAND: POST /session/61a4e41d5d5dd3b82ee98b69d8aceb21/element - {"using":"xpath","value":"//span[contains(text(), \"English\")]"}
COMMAND: GET /session/61a4e41d5d5dd3b82ee98b69d8aceb21/screenshot - {}
RESULT: {"using":"xpath","value":"//span[contains(text(), \"English\")]"}
COMMAND: POST /session/61a4e41d5d5dd3b82ee98b69d8aceb21/element/f.5597B913AB35EBD8B52179872D09D3B6.d.49DE703FDAF8963F840D96288319E2E5.e.2232/click - {}
RESULT: {}
RESULT: {}
COMMAND: POST /session/61a4e41d5d5dd3b82ee98b69d8aceb21/execute/async - {"script":"<script> [1562 bytes]","args":[{"selector":{"id":"application-managesites-display-component---NewSite--addressDetailDetailsCity1","interaction":{"idSuffix":"inner"}},"wdio_ui5_key":"applicationmanagesites-display-component---NewSite--addressDetailDetailsCity1"}]}
COMMAND: GET /session/61a4e41d5d5dd3b82ee98b69d8aceb21/screenshot - {}
RESULT: {"script":"<script> [1562 bytes]","args":[{"selector":{"id":"application-managesites-display-component---NewSite--addressDetailDetailsCity1","interaction":{"idSuffix":"inner"}},"wdio_ui5_key":"applicationmanagesites-display-component---NewSite--addressDetailDetailsCity1"}]}
RESULT: undefined
COMMAND: POST /session/61a4e41d5d5dd3b82ee98b69d8aceb21/execute/async - {"script":"<script> [776 bytes]","args":[{"enterText":"Rosario","selector":{"id":"application-managesites-display-component---NewSite--addressDetailDetailsCity1","interaction":{"idSuffix":"inner"}},"clearTextFirst":true,"interactionType":"ENTER_TEXT"}]}
RESULT: {}
RESULT: {"script":"<script> [776 bytes]","args":[{"enterText":"Rosario","selector":{"id":"application-managesites-display-component---NewSite--addressDetailDetailsCity1","interaction":{"idSuffix":"inner"}},"clearTextFirst":true,"interactionType":"ENTER_TEXT"}]}
COMMAND: POST /session/61a4e41d5d5dd3b82ee98b69d8aceb21/execute/async - {"script":"<script> [1562 bytes]","args":[{"selector":{"id":"application-managesites-display-component---NewSite--addressDetailDetailsCountry-arrow"},"wdio_ui5_key":"applicationmanagesites-display-component---NewSite--addressDetailDetailsCountry-arrow"}]}
RESULT: {"script":"<script> [1562 bytes]","args":[{"selector":{"id":"application-managesites-display-component---NewSite--addressDetailDetailsCountry-arrow"},"wdio_ui5_key":"applicationmanagesites-display-component---NewSite--addressDetailDetailsCountry-arrow"}]}
RESULT: undefined
COMMAND: POST /session/61a4e41d5d5dd3b82ee98b69d8aceb21/element - {"using":"xpath","value":"//*[@id=\"application-managesites-display-component---NewSite--addressDetailDetailsCountry-arrow\"]"}
RESULT: {"using":"xpath","value":"//*[@id=\"application-managesites-display-component---NewSite--addressDetailDetailsCountry-arrow\"]"}
COMMAND: POST /session/61a4e41d5d5dd3b82ee98b69d8aceb21/element/f.5597B913AB35EBD8B52179872D09D3B6.d.49DE703FDAF8963F840D96288319E2E5.e.2234/click - {}
RESULT: {}
COMMAND: POST /session/61a4e41d5d5dd3b82ee98b69d8aceb21/element - {"using":"xpath","value":"//span[contains(text(), \"Argentina\")]"}
COMMAND: GET /session/61a4e41d5d5dd3b82ee98b69d8aceb21/screenshot - {}
RESULT: {"using":"xpath","value":"//span[contains(text(), \"Argentina\")]"}
COMMAND: POST /session/61a4e41d5d5dd3b82ee98b69d8aceb21/element/f.5597B913AB35EBD8B52179872D09D3B6.d.49DE703FDAF8963F840D96288319E2E5.e.2235/click - {}
RESULT: {}
RESULT: {}
COMMAND: GET /session/61a4e41d5d5dd3b82ee98b69d8aceb21/screenshot - {}
RESULT: {}
COMMAND: POST /session/61a4e41d5d5dd3b82ee98b69d8aceb21/execute/async - {"script":"<script> [1562 bytes]","args":[{"selector":{"id":"application-managesites-display-component---NewSite--addressEditDetailsCostObjectCstType-arrow"},"wdio_ui5_key":"applicationmanagesites-display-component---NewSite--addressEditDetailsCostObjectCstType-arrow"}]}
RESULT: {"script":"<script> [1562 bytes]","args":[{"selector":{"id":"application-managesites-display-component---NewSite--addressEditDetailsCostObjectCstType-arrow"},"wdio_ui5_key":"applicationmanagesites-display-component---NewSite--addressEditDetailsCostObjectCstType-arrow"}]}
RESULT: undefined
COMMAND: POST /session/61a4e41d5d5dd3b82ee98b69d8aceb21/element - {"using":"xpath","value":"//*[@id=\"application-managesites-display-component---NewSite--addressEditDetailsCostObjectCstType-arrow\"]"}
RESULT: {"using":"xpath","value":"//*[@id=\"application-managesites-display-component---NewSite--addressEditDetailsCostObjectCstType-arrow\"]"}
COMMAND: POST /session/61a4e41d5d5dd3b82ee98b69d8aceb21/element/f.5597B913AB35EBD8B52179872D09D3B6.d.49DE703FDAF8963F840D96288319E2E5.e.2237/click - {}
RESULT: {}
COMMAND: POST /session/61a4e41d5d5dd3b82ee98b69d8aceb21/element - {"using":"xpath","value":"//span[contains(text(), \"Cost Center\")]"}
COMMAND: GET /session/61a4e41d5d5dd3b82ee98b69d8aceb21/screenshot - {}
RESULT: {"using":"xpath","value":"//span[contains(text(), \"Cost Center\")]"}
COMMAND: POST /session/61a4e41d5d5dd3b82ee98b69d8aceb21/element/f.5597B913AB35EBD8B52179872D09D3B6.d.49DE703FDAF8963F840D96288319E2E5.e.2239/click - {}
RESULT: {}
RESULT: {}
COMMAND: GET /session/61a4e41d5d5dd3b82ee98b69d8aceb21/screenshot - {}
RESULT: {}
COMMAND: POST /session/61a4e41d5d5dd3b82ee98b69d8aceb21/element - {"using":"xpath","value":"//span[@id=\"application-managesites-display-component---NewSite--addressNewCostObjectCstID-vhi\"]"}
RESULT: {"using":"xpath","value":"//span[@id=\"application-managesites-display-component---NewSite--addressNewCostObjectCstID-vhi\"]"}
COMMAND: POST /session/61a4e41d5d5dd3b82ee98b69d8aceb21/execute/sync - {"script":"<script> [8489 bytes]","args":[{"element-6066-11e4-a52e-4f735466cecf":"f.5597B913AB35EBD8B52179872D09D3B6.d.49DE703FDAF8963F840D96288319E2E5.e.2243","ELEMENT":"f.5597B913AB35EBD8B52179872D09D3B6.d.49DE703FDAF8963F840D96288319E2E5.e.2243"}]}
RESULT: {"script":"<script> [8489 bytes]","args":[{"element-6066-11e4-a52e-4f735466cecf":"f.5597B913AB35EBD8B52179872D09D3B6.d.49DE703FDAF8963F840D96288319E2E5.e.2243","ELEMENT":"f.5597B913AB35EBD8B52179872D09D3B6.d.49DE703FDAF8963F840D96288319E2E5.e.2243"}]}
COMMAND: POST /session/61a4e41d5d5dd3b82ee98b69d8aceb21/execute/async - {"script":"<script> [1562 bytes]","args":[{"selector":{"id":"application-managesites-display-component---NewSite--addressNewCostObjectCstID-vhi"},"wdio_ui5_key":"applicationmanagesites-display-component---NewSite--addressNewCostObjectCstID-vhi"}]}
COMMAND: GET /session/61a4e41d5d5dd3b82ee98b69d8aceb21/screenshot - {}
RESULT: {"script":"<script> [1562 bytes]","args":[{"selector":{"id":"application-managesites-display-component---NewSite--addressNewCostObjectCstID-vhi"},"wdio_ui5_key":"applicationmanagesites-display-component---NewSite--addressNewCostObjectCstID-vhi"}]}
RESULT: undefined
COMMAND: POST /session/61a4e41d5d5dd3b82ee98b69d8aceb21/element - {"using":"xpath","value":"//*[@id=\"application-managesites-display-component---NewSite--addressNewCostObjectCstID-vhi\"]"}
RESULT: {}
RESULT: {"using":"xpath","value":"//*[@id=\"application-managesites-display-component---NewSite--addressNewCostObjectCstID-vhi\"]"}
COMMAND: POST /session/61a4e41d5d5dd3b82ee98b69d8aceb21/element/f.5597B913AB35EBD8B52179872D09D3B6.d.49DE703FDAF8963F840D96288319E2E5.e.2243/click - {}
RESULT: {}
COMMAND: GET /session/61a4e41d5d5dd3b82ee98b69d8aceb21/screenshot - {}
RESULT: {}
RESULT: undefined
COMMAND: POST /session/61a4e41d5d5dd3b82ee98b69d8aceb21/execute/async - {"script":"<script> [776 bytes]","args":[{"enterText":"10001013","selector":{"controlType":"sap.m.SearchField","properties":{"placeholder":"Search"},"searchOpenDialogs":true,"interaction":{"idSuffix":"I"}},"clearTextFirst":true,"interactionType":"ENTER_TEXT"}]}
RESULT: {"script":"<script> [776 bytes]","args":[{"enterText":"10001013","selector":{"controlType":"sap.m.SearchField","properties":{"placeholder":"Search"},"searchOpenDialogs":true,"interaction":{"idSuffix":"I"}},"clearTextFirst":true,"interactionType":"ENTER_TEXT"}]}
COMMAND: POST /session/61a4e41d5d5dd3b82ee98b69d8aceb21/actions - {"actions":[{"id":"action6","type":"key","parameters":{},"actions":[{"type":"keyDown","value":""},{"type":"pause","duration":10},{"type":"keyUp","value":""}]}]}
RESULT: {"actions":[{"id":"action6","type":"key","parameters":{},"actions":[{"type":"keyDown","value":""},{"type":"pause","duration":10},{"type":"keyUp","value":""}]}]}
COMMAND: GET /session/61a4e41d5d5dd3b82ee98b69d8aceb21/screenshot - {}
RESULT: {}
COMMAND: POST /session/61a4e41d5d5dd3b82ee98b69d8aceb21/element - {"using":"xpath","value":"//span[contains(text(), \"General Management\")]"}
RESULT: {"using":"xpath","value":"//span[contains(text(), \"General Management\")]"}
COMMAND: POST /session/61a4e41d5d5dd3b82ee98b69d8aceb21/element/f.5597B913AB35EBD8B52179872D09D3B6.d.49DE703FDAF8963F840D96288319E2E5.e.2283/click - {}
RESULT: {}
COMMAND: GET /session/61a4e41d5d5dd3b82ee98b69d8aceb21/screenshot - {}
RESULT: {}
COMMAND: POST /session/61a4e41d5d5dd3b82ee98b69d8aceb21/element - {"using":"xpath","value":"//bdi[contains(text(), \"OK\")]"}
RESULT: {"using":"xpath","value":"//bdi[contains(text(), \"OK\")]"}
COMMAND: POST /session/61a4e41d5d5dd3b82ee98b69d8aceb21/element/f.5597B913AB35EBD8B52179872D09D3B6.d.49DE703FDAF8963F840D96288319E2E5.e.2284/click - {}
RESULT: {}
COMMAND: GET /session/61a4e41d5d5dd3b82ee98b69d8aceb21/screenshot - {}
RESULT: {}
COMMAND: POST /session/61a4e41d5d5dd3b82ee98b69d8aceb21/element - {"using":"xpath","value":"//input[@id=\"application-managesites-display-component---NewSite--addressDetailDetailsCalendar-inner\"]"}
RESULT: {"using":"xpath","value":"//input[@id=\"application-managesites-display-component---NewSite--addressDetailDetailsCalendar-inner\"]"}
COMMAND: POST /session/61a4e41d5d5dd3b82ee98b69d8aceb21/element/f.5597B913AB35EBD8B52179872D09D3B6.d.49DE703FDAF8963F840D96288319E2E5.e.2026/clear - {}
RESULT: {}
COMMAND: POST /session/61a4e41d5d5dd3b82ee98b69d8aceb21/element/f.5597B913AB35EBD8B52179872D09D3B6.d.49DE703FDAF8963F840D96288319E2E5.e.2026/value - {"text":"Unit"}
COMMAND: GET /session/61a4e41d5d5dd3b82ee98b69d8aceb21/screenshot - {}
RESULT: {"text":"Unit"}
COMMAND: GET /session/61a4e41d5d5dd3b82ee98b69d8aceb21/screenshot - {}
RESULT: {}
RESULT: {}
COMMAND: POST /session/61a4e41d5d5dd3b82ee98b69d8aceb21/actions - {"actions":[{"id":"action7","type":"key","parameters":{},"actions":[{"type":"keyDown","value":""},{"type":"pause","duration":10},{"type":"keyUp","value":""}]}]}
RESULT: {"actions":[{"id":"action7","type":"key","parameters":{},"actions":[{"type":"keyDown","value":""},{"type":"pause","duration":10},{"type":"keyUp","value":""}]}]}
COMMAND: POST /session/61a4e41d5d5dd3b82ee98b69d8aceb21/element - {"using":"xpath","value":"//input[@id=\"application-managesites-display-component---NewSite--addressDetailDetailsYard-inner\"]"}
COMMAND: GET /session/61a4e41d5d5dd3b82ee98b69d8aceb21/screenshot - {}
RESULT: {"using":"xpath","value":"//input[@id=\"application-managesites-display-component---NewSite--addressDetailDetailsYard-inner\"]"}
COMMAND: POST /session/61a4e41d5d5dd3b82ee98b69d8aceb21/element/f.5597B913AB35EBD8B52179872D09D3B6.d.49DE703FDAF8963F840D96288319E2E5.e.2027/clear - {}
RESULT: {}
RESULT: {}
COMMAND: POST /session/61a4e41d5d5dd3b82ee98b69d8aceb21/element/f.5597B913AB35EBD8B52179872D09D3B6.d.49DE703FDAF8963F840D96288319E2E5.e.2027/value - {"text":"526"}
COMMAND: GET /session/61a4e41d5d5dd3b82ee98b69d8aceb21/screenshot - {}
RESULT: {"text":"526"}
COMMAND: GET /session/61a4e41d5d5dd3b82ee98b69d8aceb21/screenshot - {}
RESULT: {}
RESULT: {}
COMMAND: POST /session/61a4e41d5d5dd3b82ee98b69d8aceb21/element - {"using":"xpath","value":"//li[.//span[text()='526']]"}
RESULT: {"using":"xpath","value":"//li[.//span[text()='526']]"}
COMMAND: POST /session/61a4e41d5d5dd3b82ee98b69d8aceb21/element/f.5597B913AB35EBD8B52179872D09D3B6.d.49DE703FDAF8963F840D96288319E2E5.e.2292/click - {}
RESULT: {}
COMMAND: GET /session/61a4e41d5d5dd3b82ee98b69d8aceb21/screenshot - {}
RESULT: {}
COMMAND: POST /session/61a4e41d5d5dd3b82ee98b69d8aceb21/element - {"using":"xpath","value":"//input[@id=\"application-managesites-display-component---NewSite--addressDetailDetailsPartner-inner\"]"}
RESULT: {"using":"xpath","value":"//input[@id=\"application-managesites-display-component---NewSite--addressDetailDetailsPartner-inner\"]"}
COMMAND: POST /session/61a4e41d5d5dd3b82ee98b69d8aceb21/element - {"using":"xpath","value":"//input[@id=\"application-managesites-display-component---NewSite--addressDetailDetailsPartner-inner\"]"}
RESULT: {"using":"xpath","value":"//input[@id=\"application-managesites-display-component---NewSite--addressDetailDetailsPartner-inner\"]"}
COMMAND: POST /session/61a4e41d5d5dd3b82ee98b69d8aceb21/element - {"using":"xpath","value":"//button[@data-kt=\"saveButton\"]"}
RESULT: {"using":"xpath","value":"//button[@data-kt=\"saveButton\"]"}
COMMAND: POST /session/61a4e41d5d5dd3b82ee98b69d8aceb21/element/f.5597B913AB35EBD8B52179872D09D3B6.d.49DE703FDAF8963F840D96288319E2E5.e.2217/click - {}
RESULT: {}
COMMAND: GET /session/61a4e41d5d5dd3b82ee98b69d8aceb21/screenshot - {}
RESULT: {}
COMMAND: POST /session/61a4e41d5d5dd3b82ee98b69d8aceb21/element - {"using":"xpath","value":"//header[contains(@id, 'ObjectPageLayout-headerTitle')]/div[1]/div[2]/div[2]/span[1]"}
RESULT: {"using":"xpath","value":"//header[contains(@id, 'ObjectPageLayout-headerTitle')]/div[1]/div[2]/div[2]/span[1]"}
COMMAND: POST /session/61a4e41d5d5dd3b82ee98b69d8aceb21/elements - {"using":"xpath","value":"//header[contains(@id, 'ObjectPageLayout-headerTitle')]/div[1]/div[2]/div[2]/span[1]"}
RESULT: {"using":"xpath","value":"//header[contains(@id, 'ObjectPageLayout-headerTitle')]/div[1]/div[2]/div[2]/span[1]"}
COMMAND: POST /session/61a4e41d5d5dd3b82ee98b69d8aceb21/execute/sync - {"script":"<script> [56 bytes]","args":[{"element-6066-11e4-a52e-4f735466cecf":"f.5597B913AB35EBD8B52179872D09D3B6.d.49DE703FDAF8963F840D96288319E2E5.e.2494","ELEMENT":"f.5597B913AB35EBD8B52179872D09D3B6.d.49DE703FDAF8963F840D96288319E2E5.e.2494"}]}
RESULT: {"script":"<script> [56 bytes]","args":[{"element-6066-11e4-a52e-4f735466cecf":"f.5597B913AB35EBD8B52179872D09D3B6.d.49DE703FDAF8963F840D96288319E2E5.e.2494","ELEMENT":"f.5597B913AB35EBD8B52179872D09D3B6.d.49DE703FDAF8963F840D96288319E2E5.e.2494"}]}
COMMAND: POST /session/61a4e41d5d5dd3b82ee98b69d8aceb21/element - {"using":"css selector","value":"#shell-header-logo"}
COMMAND: GET /session/61a4e41d5d5dd3b82ee98b69d8aceb21/screenshot - {}
RESULT: {"using":"css selector","value":"#shell-header-logo"}
COMMAND: POST /session/61a4e41d5d5dd3b82ee98b69d8aceb21/element/f.5597B913AB35EBD8B52179872D09D3B6.d.49DE703FDAF8963F840D96288319E2E5.e.1787/click - {}
RESULT: {}
RESULT: {}
COMMAND: GET /session/61a4e41d5d5dd3b82ee98b69d8aceb21/screenshot - {}
RESULT: {}
COMMAND: POST /session/61a4e41d5d5dd3b82ee98b69d8aceb21/execute/sync - {"script":"<script> [299 bytes]","args":[["getModel","getResource"]]}
RESULT: {"script":"<script> [299 bytes]","args":[["getModel","getResource"]]}
COMMAND: POST /session/61a4e41d5d5dd3b82ee98b69d8aceb21/actions - {"actions":[{"id":"action8","type":"key","parameters":{},"actions":[{"type":"keyDown","value":""},{"type":"pause","duration":10},{"type":"keyUp","value":""}]}]}
COMMAND: GET /session/61a4e41d5d5dd3b82ee98b69d8aceb21/screenshot - {}
RESULT: {}
RESULT: {"actions":[{"id":"action8","type":"key","parameters":{},"actions":[{"type":"keyDown","value":""},{"type":"pause","duration":10},{"type":"keyUp","value":""}]}]}
COMMAND: GET /session/61a4e41d5d5dd3b82ee98b69d8aceb21/screenshot - {}
RESULT: {}
COMMAND: POST /session/61a4e41d5d5dd3b82ee98b69d8aceb21/refresh - {}
RESULT: {}
COMMAND: GET /session/61a4e41d5d5dd3b82ee98b69d8aceb21/screenshot - {}
RESULT: {}
COMMAND: POST /session/61a4e41d5d5dd3b82ee98b69d8aceb21/refresh - {}
RESULT: {}
COMMAND: GET /session/61a4e41d5d5dd3b82ee98b69d8aceb21/screenshot - {}
RESULT: {}
COMMAND: POST /session/61a4e41d5d5dd3b82ee98b69d8aceb21/window/fullscreen - {}
RESULT: {}
COMMAND: POST /session/61a4e41d5d5dd3b82ee98b69d8aceb21/execute/async - {"script":"<script> [189 bytes]","args":[]}
RESULT: {"script":"<script> [189 bytes]","args":[]}
COMMAND: POST /session/61a4e41d5d5dd3b82ee98b69d8aceb21/execute/async - {"script":"<script> [123 bytes]","args":[]}
RESULT: {"script":"<script> [123 bytes]","args":[]}
COMMAND: POST /session/61a4e41d5d5dd3b82ee98b69d8aceb21/timeouts - {"script":"<number>"}
RESULT: {"script":"<number>"}
COMMAND: GET /session/61a4e41d5d5dd3b82ee98b69d8aceb21/timeouts - {}
RESULT: {}
RESULT: undefined
COMMAND: POST /session/61a4e41d5d5dd3b82ee98b69d8aceb21/execute/async - {"script":"<script> [2676 bytes]","args":[]}
RESULT: {"script":"<script> [2676 bytes]","args":[]}
COMMAND: POST /session/61a4e41d5d5dd3b82ee98b69d8aceb21/execute/async - {"script":"<script> [2342 bytes]","args":[{"protocol":"http","hostname":"0.0.0.0","path":"/","capabilities":{"browserName":"chrome","goog:chromeOptions":{"binary":"C:\\Program Files\\Google\\Chrome\\Application\\chrome.exe","args":["--start-maximized"]}},"logLevel":"warn","connectionRetryTimeout":120000,"connectionRetryCount":3,"logLevels":{},"enableDirectConnect":true,"strictSSL":true,"_":"65 more keys: [\"cacheDir\",\"port\",\"requestedCapabilities\",\"automationProtocol\",\"baseUrl\",\"waitforInterval\",\"waitforTimeout\",\"onReload\",\"beforeCommand\",\"afterCommand\",\"rootDir\",\"specs\",\"suites\",\"exclude\",\"groupLogsByTestSpec\",\"excludeDriverLogs\",\"bail\",\"framework\",\"reporters\",\"services\",\"maxInstances\",\"maxInstancesPerCapability\",\"injectGlobals\",\"filesToWatch\",\"execArgv\",\"runnerEnv\",\"runner\",\"shard\",\"specFileRetries\",\"specFileRetriesDelay\",\"specFileRetriesDeferred\",\"reporterSyncInterval\",\"reporterSyncTimeout\",\"cucumberFeaturesWithLineNumbers\",\"autoCompileOpts\",\"mochaOpts\",\"jasmineOpts\",\"cucumberOpts\",\"onPrepare\",\"onWorkerStart\",\"onWorkerEnd\",\"before\",\"beforeSession\",\"beforeSuite\",\"beforeHook\",\"beforeTest\",\"afterTest\",\"afterHook\",\"afterSuite\",\"afterSession\",\"after\",\"onComplete\",\"beforeAssertion\",\"afterAssertion\",\"beforeFeature\",\"beforeScenario\",\"beforeStep\",\"afterStep\",\"afterScenario\",\"afterFeature\",\"_\",\"suite\",\"$0\",\"ignoredWorkerServices\",\"wdi5\"]"}]}
RESULT: {"script":"<script> [2342 bytes]","args":[{"protocol":"http","hostname":"0.0.0.0","path":"/","capabilities":{"browserName":"chrome","goog:chromeOptions":{"binary":"C:\\Program Files\\Google\\Chrome\\Application\\chrome.exe","args":["--start-maximized"]}},"logLevel":"warn","connectionRetryTimeout":120000,"connectionRetryCount":3,"logLevels":{},"enableDirectConnect":true,"strictSSL":true,"_":"65 more keys: [\"cacheDir\",\"port\",\"requestedCapabilities\",\"automationProtocol\",\"baseUrl\",\"waitforInterval\",\"waitforTimeout\",\"onReload\",\"beforeCommand\",\"afterCommand\",\"rootDir\",\"specs\",\"suites\",\"exclude\",\"groupLogsByTestSpec\",\"excludeDriverLogs\",\"bail\",\"framework\",\"reporters\",\"services\",\"maxInstances\",\"maxInstancesPerCapability\",\"injectGlobals\",\"filesToWatch\",\"execArgv\",\"runnerEnv\",\"runner\",\"shard\",\"specFileRetries\",\"specFileRetriesDelay\",\"specFileRetriesDeferred\",\"reporterSyncInterval\",\"reporterSyncTimeout\",\"cucumberFeaturesWithLineNumbers\",\"autoCompileOpts\",\"mochaOpts\",\"jasmineOpts\",\"cucumberOpts\",\"onPrepare\",\"onWorkerStart\",\"onWorkerEnd\",\"before\",\"beforeSession\",\"beforeSuite\",\"beforeHook\",\"beforeTest\",\"afterTest\",\"afterHook\",\"afterSuite\",\"afterSession\",\"after\",\"onComplete\",\"beforeAssertion\",\"afterAssertion\",\"beforeFeature\",\"beforeScenario\",\"beforeStep\",\"afterStep\",\"afterScenario\",\"afterFeature\",\"_\",\"suite\",\"$0\",\"ignoredWorkerServices\",\"wdi5\"]"}]}
COMMAND: POST /session/61a4e41d5d5dd3b82ee98b69d8aceb21/execute/async - {"script":"<script> [21126 bytes]","args":[35000]}
RESULT: {"script":"<script> [21126 bytes]","args":[35000]}
COMMAND: POST /session/61a4e41d5d5dd3b82ee98b69d8aceb21/window/fullscreen - {}
RESULT: {}
]]></system-out>
    </testcase>
    <testcase classname="chrome.136_0_7103_93.windows.Prerequisites_&amp;_test_for_yard_mass_return_on_Yard_Overview_US131057" name="Prereq Should create a new material" time="124.957">
      <system-out><![CDATA[
COMMAND: POST /session/61a4e41d5d5dd3b82ee98b69d8aceb21/execute/async - {"script":"<script> [1562 bytes]","args":[{"selector":{"controlType":"sap.m.GenericTile","properties":{"header":"Manage Resources"}},"wdio_ui5_key":"sapm.GenericTile{\"header\":\"Manage Resources\"}"}]}
RESULT: {"script":"<script> [1562 bytes]","args":[{"selector":{"controlType":"sap.m.GenericTile","properties":{"header":"Manage Resources"}},"wdio_ui5_key":"sapm.GenericTile{\"header\":\"Manage Resources\"}"}]}
RESULT: undefined
COMMAND: POST /session/61a4e41d5d5dd3b82ee98b69d8aceb21/element - {"using":"xpath","value":"//*[@id=\"__tile31\"]"}
RESULT: {"using":"xpath","value":"//*[@id=\"__tile31\"]"}
COMMAND: POST /session/61a4e41d5d5dd3b82ee98b69d8aceb21/element/f.5597B913AB35EBD8B52179872D09D3B6.d.C91C12C22A4436CDC7956B0A9AA8E387.e.2568/click - {}
RESULT: {}
COMMAND: GET /session/61a4e41d5d5dd3b82ee98b69d8aceb21/screenshot - {}
RESULT: {}
COMMAND: POST /session/61a4e41d5d5dd3b82ee98b69d8aceb21/elements - {"using":"xpath","value":"//span[text()='Error']"}
RESULT: {"using":"xpath","value":"//span[text()='Error']"}
COMMAND: POST /session/61a4e41d5d5dd3b82ee98b69d8aceb21/element - {"using":"xpath","value":"//button[@data-kt=\"addNewRUOverflowToolbarButton\"]"}
RESULT: {"using":"xpath","value":"//button[@data-kt=\"addNewRUOverflowToolbarButton\"]"}
COMMAND: POST /session/61a4e41d5d5dd3b82ee98b69d8aceb21/elements - {"using":"xpath","value":"//button[@data-kt=\"addNewRUOverflowToolbarButton\"]"}
RESULT: {"using":"xpath","value":"//button[@data-kt=\"addNewRUOverflowToolbarButton\"]"}
COMMAND: POST /session/61a4e41d5d5dd3b82ee98b69d8aceb21/elements - {"using":"xpath","value":"//button[@data-kt=\"addNewRUOverflowToolbarButton\"]"}
RESULT: {"using":"xpath","value":"//button[@data-kt=\"addNewRUOverflowToolbarButton\"]"}
COMMAND: POST /session/61a4e41d5d5dd3b82ee98b69d8aceb21/elements - {"using":"xpath","value":"//button[@data-kt=\"addNewRUOverflowToolbarButton\"]"}
RESULT: {"using":"xpath","value":"//button[@data-kt=\"addNewRUOverflowToolbarButton\"]"}
COMMAND: POST /session/61a4e41d5d5dd3b82ee98b69d8aceb21/elements - {"using":"xpath","value":"//button[@data-kt=\"addNewRUOverflowToolbarButton\"]"}
RESULT: {"using":"xpath","value":"//button[@data-kt=\"addNewRUOverflowToolbarButton\"]"}
COMMAND: POST /session/61a4e41d5d5dd3b82ee98b69d8aceb21/elements - {"using":"xpath","value":"//button[@data-kt=\"addNewRUOverflowToolbarButton\"]"}
RESULT: {"using":"xpath","value":"//button[@data-kt=\"addNewRUOverflowToolbarButton\"]"}
COMMAND: POST /session/61a4e41d5d5dd3b82ee98b69d8aceb21/element - {"using":"xpath","value":"//button[@data-kt=\"addNewRUOverflowToolbarButton\"]"}
RESULT: {"using":"xpath","value":"//button[@data-kt=\"addNewRUOverflowToolbarButton\"]"}
COMMAND: POST /session/61a4e41d5d5dd3b82ee98b69d8aceb21/execute/sync - {"script":"<script> [8489 bytes]","args":[{"element-6066-11e4-a52e-4f735466cecf":"f.5597B913AB35EBD8B52179872D09D3B6.d.C91C12C22A4436CDC7956B0A9AA8E387.e.2678","ELEMENT":"f.5597B913AB35EBD8B52179872D09D3B6.d.C91C12C22A4436CDC7956B0A9AA8E387.e.2678"}]}
RESULT: {"script":"<script> [8489 bytes]","args":[{"element-6066-11e4-a52e-4f735466cecf":"f.5597B913AB35EBD8B52179872D09D3B6.d.C91C12C22A4436CDC7956B0A9AA8E387.e.2678","ELEMENT":"f.5597B913AB35EBD8B52179872D09D3B6.d.C91C12C22A4436CDC7956B0A9AA8E387.e.2678"}]}
COMMAND: GET /session/61a4e41d5d5dd3b82ee98b69d8aceb21/element/f.5597B913AB35EBD8B52179872D09D3B6.d.C91C12C22A4436CDC7956B0A9AA8E387.e.2678/enabled - {}
COMMAND: GET /session/61a4e41d5d5dd3b82ee98b69d8aceb21/screenshot - {}
RESULT: {}
COMMAND: POST /session/61a4e41d5d5dd3b82ee98b69d8aceb21/execute/sync - {"script":"<script> [8489 bytes]","args":[{"element-6066-11e4-a52e-4f735466cecf":"f.5597B913AB35EBD8B52179872D09D3B6.d.C91C12C22A4436CDC7956B0A9AA8E387.e.2678","ELEMENT":"f.5597B913AB35EBD8B52179872D09D3B6.d.C91C12C22A4436CDC7956B0A9AA8E387.e.2678"}]}
COMMAND: GET /session/61a4e41d5d5dd3b82ee98b69d8aceb21/screenshot - {}
RESULT: {}
RESULT: {"script":"<script> [8489 bytes]","args":[{"element-6066-11e4-a52e-4f735466cecf":"f.5597B913AB35EBD8B52179872D09D3B6.d.C91C12C22A4436CDC7956B0A9AA8E387.e.2678","ELEMENT":"f.5597B913AB35EBD8B52179872D09D3B6.d.C91C12C22A4436CDC7956B0A9AA8E387.e.2678"}]}
COMMAND: POST /session/61a4e41d5d5dd3b82ee98b69d8aceb21/execute/sync - {"script":"<script> [5351 bytes]","args":[{"element-6066-11e4-a52e-4f735466cecf":"f.5597B913AB35EBD8B52179872D09D3B6.d.C91C12C22A4436CDC7956B0A9AA8E387.e.2678","ELEMENT":"f.5597B913AB35EBD8B52179872D09D3B6.d.C91C12C22A4436CDC7956B0A9AA8E387.e.2678"}]}
COMMAND: GET /session/61a4e41d5d5dd3b82ee98b69d8aceb21/screenshot - {}
RESULT: {}
RESULT: {"script":"<script> [5351 bytes]","args":[{"element-6066-11e4-a52e-4f735466cecf":"f.5597B913AB35EBD8B52179872D09D3B6.d.C91C12C22A4436CDC7956B0A9AA8E387.e.2678","ELEMENT":"f.5597B913AB35EBD8B52179872D09D3B6.d.C91C12C22A4436CDC7956B0A9AA8E387.e.2678"}]}
COMMAND: POST /session/61a4e41d5d5dd3b82ee98b69d8aceb21/element/f.5597B913AB35EBD8B52179872D09D3B6.d.C91C12C22A4436CDC7956B0A9AA8E387.e.2678/click - {}
COMMAND: GET /session/61a4e41d5d5dd3b82ee98b69d8aceb21/screenshot - {}
RESULT: {}
RESULT: {}
COMMAND: GET /session/61a4e41d5d5dd3b82ee98b69d8aceb21/screenshot - {}
RESULT: {}
COMMAND: POST /session/61a4e41d5d5dd3b82ee98b69d8aceb21/execute/async - {"script":"<script> [1562 bytes]","args":[{"selector":{"id":"application-manageresources-display-component---newResourceUnit--TYPE-arrow"},"wdio_ui5_key":"applicationmanageresources-display-component---newResourceUnit--TYPE-arrow"}]}
RESULT: {}
RESULT: {"script":"<script> [1562 bytes]","args":[{"selector":{"id":"application-manageresources-display-component---newResourceUnit--TYPE-arrow"},"wdio_ui5_key":"applicationmanageresources-display-component---newResourceUnit--TYPE-arrow"}]}
RESULT: undefined
COMMAND: POST /session/61a4e41d5d5dd3b82ee98b69d8aceb21/element - {"using":"xpath","value":"//*[@id=\"application-manageresources-display-component---newResourceUnit--TYPE-arrow\"]"}
RESULT: {"using":"xpath","value":"//*[@id=\"application-manageresources-display-component---newResourceUnit--TYPE-arrow\"]"}
COMMAND: POST /session/61a4e41d5d5dd3b82ee98b69d8aceb21/element/f.5597B913AB35EBD8B52179872D09D3B6.d.C91C12C22A4436CDC7956B0A9AA8E387.e.3048/click - {}
RESULT: {}
COMMAND: POST /session/61a4e41d5d5dd3b82ee98b69d8aceb21/element - {"using":"xpath","value":"//input[@id=\"application-manageresources-display-component---newResourceUnit--TYPE-inner\"]"}
COMMAND: GET /session/61a4e41d5d5dd3b82ee98b69d8aceb21/screenshot - {}
RESULT: {"using":"xpath","value":"//input[@id=\"application-manageresources-display-component---newResourceUnit--TYPE-inner\"]"}
COMMAND: POST /session/61a4e41d5d5dd3b82ee98b69d8aceb21/element/f.5597B913AB35EBD8B52179872D09D3B6.d.C91C12C22A4436CDC7956B0A9AA8E387.e.3032/clear - {}
RESULT: {}
RESULT: {}
COMMAND: POST /session/61a4e41d5d5dd3b82ee98b69d8aceb21/element/f.5597B913AB35EBD8B52179872D09D3B6.d.C91C12C22A4436CDC7956B0A9AA8E387.e.3032/value - {"text":"Material"}
COMMAND: GET /session/61a4e41d5d5dd3b82ee98b69d8aceb21/screenshot - {}
RESULT: {"text":"Material"}
COMMAND: GET /session/61a4e41d5d5dd3b82ee98b69d8aceb21/screenshot - {}
RESULT: {}
RESULT: {}
COMMAND: POST /session/61a4e41d5d5dd3b82ee98b69d8aceb21/actions - {"actions":[{"id":"action9","type":"key","parameters":{},"actions":[{"type":"keyDown","value":""},{"type":"pause","duration":10},{"type":"keyUp","value":""}]}]}
RESULT: {"actions":[{"id":"action9","type":"key","parameters":{},"actions":[{"type":"keyDown","value":""},{"type":"pause","duration":10},{"type":"keyUp","value":""}]}]}
COMMAND: POST /session/61a4e41d5d5dd3b82ee98b69d8aceb21/execute/async - {"script":"<script> [1562 bytes]","args":[{"selector":{"id":"application-manageresources-display-component---newResourceUnit--SHORT_TEXT","interaction":{"idSuffix":"inner"}},"wdio_ui5_key":"applicationmanageresources-display-component---newResourceUnit--SHORT_TEXT"}]}
COMMAND: GET /session/61a4e41d5d5dd3b82ee98b69d8aceb21/screenshot - {}
RESULT: {"script":"<script> [1562 bytes]","args":[{"selector":{"id":"application-manageresources-display-component---newResourceUnit--SHORT_TEXT","interaction":{"idSuffix":"inner"}},"wdio_ui5_key":"applicationmanageresources-display-component---newResourceUnit--SHORT_TEXT"}]}
RESULT: undefined
COMMAND: POST /session/61a4e41d5d5dd3b82ee98b69d8aceb21/execute/async - {"script":"<script> [776 bytes]","args":[{"enterText":"Cement WDIO","selector":{"id":"application-manageresources-display-component---newResourceUnit--SHORT_TEXT","interaction":{"idSuffix":"inner"}},"clearTextFirst":true,"interactionType":"ENTER_TEXT"}]}
RESULT: {}
RESULT: {"script":"<script> [776 bytes]","args":[{"enterText":"Cement WDIO","selector":{"id":"application-manageresources-display-component---newResourceUnit--SHORT_TEXT","interaction":{"idSuffix":"inner"}},"clearTextFirst":true,"interactionType":"ENTER_TEXT"}]}
COMMAND: POST /session/61a4e41d5d5dd3b82ee98b69d8aceb21/execute/async - {"script":"<script> [1562 bytes]","args":[{"selector":{"id":"application-manageresources-display-component---newResourceUnit--BASE_UNIT_OF_MEASURE","interaction":{"idSuffix":"inner"}},"wdio_ui5_key":"applicationmanageresources-display-component---newResourceUnit--BASE_UNIT_OF_MEASURE"}]}
RESULT: {"script":"<script> [1562 bytes]","args":[{"selector":{"id":"application-manageresources-display-component---newResourceUnit--BASE_UNIT_OF_MEASURE","interaction":{"idSuffix":"inner"}},"wdio_ui5_key":"applicationmanageresources-display-component---newResourceUnit--BASE_UNIT_OF_MEASURE"}]}
RESULT: undefined
COMMAND: POST /session/61a4e41d5d5dd3b82ee98b69d8aceb21/execute/async - {"script":"<script> [776 bytes]","args":[{"enterText":"Piece","selector":{"id":"application-manageresources-display-component---newResourceUnit--BASE_UNIT_OF_MEASURE","interaction":{"idSuffix":"inner"}},"clearTextFirst":true,"interactionType":"ENTER_TEXT"}]}
RESULT: {"script":"<script> [776 bytes]","args":[{"enterText":"Piece","selector":{"id":"application-manageresources-display-component---newResourceUnit--BASE_UNIT_OF_MEASURE","interaction":{"idSuffix":"inner"}},"clearTextFirst":true,"interactionType":"ENTER_TEXT"}]}
COMMAND: POST /session/61a4e41d5d5dd3b82ee98b69d8aceb21/execute/async - {"script":"<script> [1562 bytes]","args":[{"selector":{"id":"application-manageresources-display-component---newResourceUnit--WEIGHT_UNIT","interaction":{"idSuffix":"inner"}},"wdio_ui5_key":"applicationmanageresources-display-component---newResourceUnit--WEIGHT_UNIT"}]}
RESULT: {"script":"<script> [1562 bytes]","args":[{"selector":{"id":"application-manageresources-display-component---newResourceUnit--WEIGHT_UNIT","interaction":{"idSuffix":"inner"}},"wdio_ui5_key":"applicationmanageresources-display-component---newResourceUnit--WEIGHT_UNIT"}]}
RESULT: undefined
COMMAND: POST /session/61a4e41d5d5dd3b82ee98b69d8aceb21/execute/async - {"script":"<script> [776 bytes]","args":[{"enterText":"Gram","selector":{"id":"application-manageresources-display-component---newResourceUnit--WEIGHT_UNIT","interaction":{"idSuffix":"inner"}},"clearTextFirst":true,"interactionType":"ENTER_TEXT"}]}
RESULT: {"script":"<script> [776 bytes]","args":[{"enterText":"Gram","selector":{"id":"application-manageresources-display-component---newResourceUnit--WEIGHT_UNIT","interaction":{"idSuffix":"inner"}},"clearTextFirst":true,"interactionType":"ENTER_TEXT"}]}
COMMAND: POST /session/61a4e41d5d5dd3b82ee98b69d8aceb21/execute/async - {"script":"<script> [1562 bytes]","args":[{"selector":{"id":"application-manageresources-display-component---newResourceUnit--DIMENSION_UNIT","interaction":{"idSuffix":"inner"}},"wdio_ui5_key":"applicationmanageresources-display-component---newResourceUnit--DIMENSION_UNIT"}]}
RESULT: {"script":"<script> [1562 bytes]","args":[{"selector":{"id":"application-manageresources-display-component---newResourceUnit--DIMENSION_UNIT","interaction":{"idSuffix":"inner"}},"wdio_ui5_key":"applicationmanageresources-display-component---newResourceUnit--DIMENSION_UNIT"}]}
RESULT: undefined
COMMAND: POST /session/61a4e41d5d5dd3b82ee98b69d8aceb21/execute/async - {"script":"<script> [776 bytes]","args":[{"enterText":"Meter","selector":{"id":"application-manageresources-display-component---newResourceUnit--DIMENSION_UNIT","interaction":{"idSuffix":"inner"}},"clearTextFirst":true,"interactionType":"ENTER_TEXT"}]}
RESULT: {"script":"<script> [776 bytes]","args":[{"enterText":"Meter","selector":{"id":"application-manageresources-display-component---newResourceUnit--DIMENSION_UNIT","interaction":{"idSuffix":"inner"}},"clearTextFirst":true,"interactionType":"ENTER_TEXT"}]}
COMMAND: POST /session/61a4e41d5d5dd3b82ee98b69d8aceb21/execute/async - {"script":"<script> [1562 bytes]","args":[{"selector":{"id":"application-manageresources-display-component---newResourceUnit--newRRUPage-anchBar-application-manageresources-display-component---newResourceUnit--control-anchor","interaction":{"idSuffix":"BDI-content"}},"wdio_ui5_key":"applicationmanageresources-display-component---newResourceUnit--newRRUPage-anchBar-application-manageresources-display-component---newResourceUnit--control-anchor"}]}
RESULT: {"script":"<script> [1562 bytes]","args":[{"selector":{"id":"application-manageresources-display-component---newResourceUnit--newRRUPage-anchBar-application-manageresources-display-component---newResourceUnit--control-anchor","interaction":{"idSuffix":"BDI-content"}},"wdio_ui5_key":"applicationmanageresources-display-component---newResourceUnit--newRRUPage-anchBar-application-manageresources-display-component---newResourceUnit--control-anchor"}]}
RESULT: undefined
COMMAND: POST /session/61a4e41d5d5dd3b82ee98b69d8aceb21/element - {"using":"xpath","value":"//*[@id=\"application-manageresources-display-component---newResourceUnit--newRRUPage-anchBar-application-manageresources-display-component---newResourceUnit--control-anchor\"]"}
RESULT: {"using":"xpath","value":"//*[@id=\"application-manageresources-display-component---newResourceUnit--newRRUPage-anchBar-application-manageresources-display-component---newResourceUnit--control-anchor\"]"}
COMMAND: POST /session/61a4e41d5d5dd3b82ee98b69d8aceb21/element/f.5597B913AB35EBD8B52179872D09D3B6.d.C91C12C22A4436CDC7956B0A9AA8E387.e.3181/click - {}
RESULT: {}
COMMAND: POST /session/61a4e41d5d5dd3b82ee98b69d8aceb21/execute/async - {"script":"<script> [1562 bytes]","args":[{"selector":{"id":"application-manageresources-display-component---newResourceUnit--PLANNING_GROUP","interaction":{"idSuffix":"inner"}},"wdio_ui5_key":"applicationmanageresources-display-component---newResourceUnit--PLANNING_GROUP"}]}
COMMAND: GET /session/61a4e41d5d5dd3b82ee98b69d8aceb21/screenshot - {}
RESULT: {"script":"<script> [1562 bytes]","args":[{"selector":{"id":"application-manageresources-display-component---newResourceUnit--PLANNING_GROUP","interaction":{"idSuffix":"inner"}},"wdio_ui5_key":"applicationmanageresources-display-component---newResourceUnit--PLANNING_GROUP"}]}
RESULT: undefined
COMMAND: POST /session/61a4e41d5d5dd3b82ee98b69d8aceb21/execute/async - {"script":"<script> [776 bytes]","args":[{"enterText":"Material","selector":{"id":"application-manageresources-display-component---newResourceUnit--PLANNING_GROUP","interaction":{"idSuffix":"inner"}},"clearTextFirst":true,"interactionType":"ENTER_TEXT"}]}
RESULT: {}
RESULT: {"script":"<script> [776 bytes]","args":[{"enterText":"Material","selector":{"id":"application-manageresources-display-component---newResourceUnit--PLANNING_GROUP","interaction":{"idSuffix":"inner"}},"clearTextFirst":true,"interactionType":"ENTER_TEXT"}]}
COMMAND: POST /session/61a4e41d5d5dd3b82ee98b69d8aceb21/execute/async - {"script":"<script> [1562 bytes]","args":[{"selector":{"id":"application-manageresources-display-component---newResourceUnit--PLANNING_INDICATOR","interaction":{"idSuffix":"inner"}},"wdio_ui5_key":"applicationmanageresources-display-component---newResourceUnit--PLANNING_INDICATOR"}]}
RESULT: {"script":"<script> [1562 bytes]","args":[{"selector":{"id":"application-manageresources-display-component---newResourceUnit--PLANNING_INDICATOR","interaction":{"idSuffix":"inner"}},"wdio_ui5_key":"applicationmanageresources-display-component---newResourceUnit--PLANNING_INDICATOR"}]}
RESULT: undefined
COMMAND: POST /session/61a4e41d5d5dd3b82ee98b69d8aceb21/execute/async - {"script":"<script> [776 bytes]","args":[{"enterText":"10 - infinite","selector":{"id":"application-manageresources-display-component---newResourceUnit--PLANNING_INDICATOR","interaction":{"idSuffix":"inner"}},"clearTextFirst":true,"interactionType":"ENTER_TEXT"}]}
RESULT: {"script":"<script> [776 bytes]","args":[{"enterText":"10 - infinite","selector":{"id":"application-manageresources-display-component---newResourceUnit--PLANNING_INDICATOR","interaction":{"idSuffix":"inner"}},"clearTextFirst":true,"interactionType":"ENTER_TEXT"}]}
COMMAND: POST /session/61a4e41d5d5dd3b82ee98b69d8aceb21/element - {"using":"css selector","value":"#application-manageresources-display-component---newResourceUnit--btnAddTimeSegment"}
RESULT: {"using":"css selector","value":"#application-manageresources-display-component---newResourceUnit--btnAddTimeSegment"}
COMMAND: GET /session/61a4e41d5d5dd3b82ee98b69d8aceb21/element/f.5597B913AB35EBD8B52179872D09D3B6.d.C91C12C22A4436CDC7956B0A9AA8E387.e.3191/rect - {}
RESULT: {}
COMMAND: GET /session/61a4e41d5d5dd3b82ee98b69d8aceb21/window/rect - {}
RESULT: {}
COMMAND: POST /session/61a4e41d5d5dd3b82ee98b69d8aceb21/execute/sync - {"script":"<script> [92 bytes]","args":[]}
RESULT: {"script":"<script> [92 bytes]","args":[]}
COMMAND: POST /session/61a4e41d5d5dd3b82ee98b69d8aceb21/actions - {"actions":[{"id":"action10","type":"wheel","parameters":{},"actions":[{"type":"scroll","x":-1888,"y":-32,"deltaX":0,"deltaY":0,"duration":0,"origin":{"element-6066-11e4-a52e-4f735466cecf":"f.5597B913AB35EBD8B52179872D09D3B6.d.C91C12C22A4436CDC7956B0A9AA8E387.e.3191"}}]}]}
COMMAND: GET /session/61a4e41d5d5dd3b82ee98b69d8aceb21/screenshot - {}
RESULT: {}
COMMAND: POST /session/61a4e41d5d5dd3b82ee98b69d8aceb21/execute/sync - {"script":"<script> [79 bytes]","args":[{"element-6066-11e4-a52e-4f735466cecf":"f.5597B913AB35EBD8B52179872D09D3B6.d.C91C12C22A4436CDC7956B0A9AA8E387.e.3191","ELEMENT":"f.5597B913AB35EBD8B52179872D09D3B6.d.C91C12C22A4436CDC7956B0A9AA8E387.e.3191"},{"block":"start","inline":"nearest"}]}
RESULT: {"script":"<script> [79 bytes]","args":[{"element-6066-11e4-a52e-4f735466cecf":"f.5597B913AB35EBD8B52179872D09D3B6.d.C91C12C22A4436CDC7956B0A9AA8E387.e.3191","ELEMENT":"f.5597B913AB35EBD8B52179872D09D3B6.d.C91C12C22A4436CDC7956B0A9AA8E387.e.3191"},{"block":"start","inline":"nearest"}]}
COMMAND: POST /session/61a4e41d5d5dd3b82ee98b69d8aceb21/execute/async - {"script":"<script> [1562 bytes]","args":[{"selector":{"id":"application-manageresources-display-component---newResourceUnit--btnAddTimeSegment","interaction":{"idSuffix":"inner"}},"wdio_ui5_key":"applicationmanageresources-display-component---newResourceUnit--btnAddTimeSegment"}]}
COMMAND: GET /session/61a4e41d5d5dd3b82ee98b69d8aceb21/screenshot - {}
RESULT: {"script":"<script> [1562 bytes]","args":[{"selector":{"id":"application-manageresources-display-component---newResourceUnit--btnAddTimeSegment","interaction":{"idSuffix":"inner"}},"wdio_ui5_key":"applicationmanageresources-display-component---newResourceUnit--btnAddTimeSegment"}]}
RESULT: undefined
COMMAND: POST /session/61a4e41d5d5dd3b82ee98b69d8aceb21/element - {"using":"xpath","value":"//*[@id=\"application-manageresources-display-component---newResourceUnit--btnAddTimeSegment\"]"}
RESULT: {}
RESULT: {"using":"xpath","value":"//*[@id=\"application-manageresources-display-component---newResourceUnit--btnAddTimeSegment\"]"}
COMMAND: POST /session/61a4e41d5d5dd3b82ee98b69d8aceb21/element/f.5597B913AB35EBD8B52179872D09D3B6.d.C91C12C22A4436CDC7956B0A9AA8E387.e.3191/click - {}
RESULT: {}
COMMAND: GET /session/61a4e41d5d5dd3b82ee98b69d8aceb21/screenshot - {}
RESULT: {}
COMMAND: POST /session/61a4e41d5d5dd3b82ee98b69d8aceb21/element - {"using":"xpath","value":"//input[@id=\"application-manageresources-display-component---newResourceUnit--idRuTSAdmin-application-manageresources-display-component---newResourceUnit--RUTimeSegment-0-inner\"]"}
RESULT: {"using":"xpath","value":"//input[@id=\"application-manageresources-display-component---newResourceUnit--idRuTSAdmin-application-manageresources-display-component---newResourceUnit--RUTimeSegment-0-inner\"]"}
COMMAND: POST /session/61a4e41d5d5dd3b82ee98b69d8aceb21/element/f.5597B913AB35EBD8B52179872D09D3B6.d.C91C12C22A4436CDC7956B0A9AA8E387.e.3196/clear - {}
RESULT: {}
COMMAND: POST /session/61a4e41d5d5dd3b82ee98b69d8aceb21/element/f.5597B913AB35EBD8B52179872D09D3B6.d.C91C12C22A4436CDC7956B0A9AA8E387.e.3196/value - {"text":"526"}
COMMAND: GET /session/61a4e41d5d5dd3b82ee98b69d8aceb21/screenshot - {}
RESULT: {"text":"526"}
COMMAND: GET /session/61a4e41d5d5dd3b82ee98b69d8aceb21/screenshot - {}
RESULT: {}
RESULT: {}
COMMAND: POST /session/61a4e41d5d5dd3b82ee98b69d8aceb21/element - {"using":"xpath","value":"//li[.//span[text()='526']]"}
RESULT: {"using":"xpath","value":"//li[.//span[text()='526']]"}
COMMAND: POST /session/61a4e41d5d5dd3b82ee98b69d8aceb21/element/f.5597B913AB35EBD8B52179872D09D3B6.d.C91C12C22A4436CDC7956B0A9AA8E387.e.3205/click - {}
RESULT: {}
COMMAND: GET /session/61a4e41d5d5dd3b82ee98b69d8aceb21/screenshot - {}
RESULT: {}
COMMAND: POST /session/61a4e41d5d5dd3b82ee98b69d8aceb21/element - {"using":"xpath","value":"(//span[contains(@id, \"-application-manageresources-display-component---newResourceUnit--RUTimeSegment-0-arrow\")])[2]"}
RESULT: {"using":"xpath","value":"(//span[contains(@id, \"-application-manageresources-display-component---newResourceUnit--RUTimeSegment-0-arrow\")])[2]"}
COMMAND: POST /session/61a4e41d5d5dd3b82ee98b69d8aceb21/element/f.5597B913AB35EBD8B52179872D09D3B6.d.C91C12C22A4436CDC7956B0A9AA8E387.e.3206/click - {}
RESULT: {}
COMMAND: POST /session/61a4e41d5d5dd3b82ee98b69d8aceb21/element - {"using":"xpath","value":"//span[contains(text(), \"PM Order\")]"}
COMMAND: GET /session/61a4e41d5d5dd3b82ee98b69d8aceb21/screenshot - {}
RESULT: {"using":"xpath","value":"//span[contains(text(), \"PM Order\")]"}
COMMAND: POST /session/61a4e41d5d5dd3b82ee98b69d8aceb21/element/f.5597B913AB35EBD8B52179872D09D3B6.d.C91C12C22A4436CDC7956B0A9AA8E387.e.3207/click - {}
RESULT: {}
RESULT: {}
COMMAND: GET /session/61a4e41d5d5dd3b82ee98b69d8aceb21/screenshot - {}
RESULT: {}
COMMAND: POST /session/61a4e41d5d5dd3b82ee98b69d8aceb21/element - {"using":"xpath","value":"//td/div/div/div/span[contains(@id, \"newResourceUnit--RUTimeSegment-0-vhi\")][1]"}
RESULT: {"using":"xpath","value":"//td/div/div/div/span[contains(@id, \"newResourceUnit--RUTimeSegment-0-vhi\")][1]"}
COMMAND: GET /session/61a4e41d5d5dd3b82ee98b69d8aceb21/element/f.5597B913AB35EBD8B52179872D09D3B6.d.C91C12C22A4436CDC7956B0A9AA8E387.e.3211/rect - {}
RESULT: {}
COMMAND: GET /session/61a4e41d5d5dd3b82ee98b69d8aceb21/window/rect - {}
RESULT: {}
COMMAND: POST /session/61a4e41d5d5dd3b82ee98b69d8aceb21/execute/sync - {"script":"<script> [92 bytes]","args":[]}
RESULT: {"script":"<script> [92 bytes]","args":[]}
COMMAND: POST /session/61a4e41d5d5dd3b82ee98b69d8aceb21/actions - {"actions":[{"id":"action11","type":"wheel","parameters":{},"actions":[{"type":"scroll","x":-1888,"y":-24,"deltaX":0,"deltaY":0,"duration":0,"origin":{"element-6066-11e4-a52e-4f735466cecf":"f.5597B913AB35EBD8B52179872D09D3B6.d.C91C12C22A4436CDC7956B0A9AA8E387.e.3211"}}]}]}
COMMAND: GET /session/61a4e41d5d5dd3b82ee98b69d8aceb21/screenshot - {}
RESULT: {}
COMMAND: POST /session/61a4e41d5d5dd3b82ee98b69d8aceb21/execute/sync - {"script":"<script> [79 bytes]","args":[{"element-6066-11e4-a52e-4f735466cecf":"f.5597B913AB35EBD8B52179872D09D3B6.d.C91C12C22A4436CDC7956B0A9AA8E387.e.3211","ELEMENT":"f.5597B913AB35EBD8B52179872D09D3B6.d.C91C12C22A4436CDC7956B0A9AA8E387.e.3211"},{"block":"start","inline":"nearest"}]}
RESULT: {"script":"<script> [79 bytes]","args":[{"element-6066-11e4-a52e-4f735466cecf":"f.5597B913AB35EBD8B52179872D09D3B6.d.C91C12C22A4436CDC7956B0A9AA8E387.e.3211","ELEMENT":"f.5597B913AB35EBD8B52179872D09D3B6.d.C91C12C22A4436CDC7956B0A9AA8E387.e.3211"},{"block":"start","inline":"nearest"}]}
COMMAND: GET /session/61a4e41d5d5dd3b82ee98b69d8aceb21/screenshot - {}
RESULT: {}
COMMAND: POST /session/61a4e41d5d5dd3b82ee98b69d8aceb21/element/f.5597B913AB35EBD8B52179872D09D3B6.d.C91C12C22A4436CDC7956B0A9AA8E387.e.3211/click - {}
RESULT: {}
COMMAND: GET /session/61a4e41d5d5dd3b82ee98b69d8aceb21/screenshot - {}
RESULT: {}
COMMAND: POST /session/61a4e41d5d5dd3b82ee98b69d8aceb21/execute/async - {"script":"<script> [1562 bytes]","args":[{"selector":{"controlType":"sap.m.SearchField","properties":{"placeholder":"Search"},"searchOpenDialogs":true,"interaction":{"idSuffix":"I"}},"wdio_ui5_key":"sapm.SearchField{\"placeholder\":\"Search\"}"}]}
RESULT: {"script":"<script> [1562 bytes]","args":[{"selector":{"controlType":"sap.m.SearchField","properties":{"placeholder":"Search"},"searchOpenDialogs":true,"interaction":{"idSuffix":"I"}},"wdio_ui5_key":"sapm.SearchField{\"placeholder\":\"Search\"}"}]}
RESULT: undefined
COMMAND: POST /session/61a4e41d5d5dd3b82ee98b69d8aceb21/execute/async - {"script":"<script> [776 bytes]","args":[{"enterText":"4000360","selector":{"controlType":"sap.m.SearchField","properties":{"placeholder":"Search"},"searchOpenDialogs":true,"interaction":{"idSuffix":"I"}},"clearTextFirst":true,"interactionType":"ENTER_TEXT"}]}
RESULT: {"script":"<script> [776 bytes]","args":[{"enterText":"4000360","selector":{"controlType":"sap.m.SearchField","properties":{"placeholder":"Search"},"searchOpenDialogs":true,"interaction":{"idSuffix":"I"}},"clearTextFirst":true,"interactionType":"ENTER_TEXT"}]}
COMMAND: POST /session/61a4e41d5d5dd3b82ee98b69d8aceb21/actions - {"actions":[{"id":"action12","type":"key","parameters":{},"actions":[{"type":"keyDown","value":""},{"type":"pause","duration":10},{"type":"keyUp","value":""}]}]}
RESULT: {"actions":[{"id":"action12","type":"key","parameters":{},"actions":[{"type":"keyDown","value":""},{"type":"pause","duration":10},{"type":"keyUp","value":""}]}]}
COMMAND: GET /session/61a4e41d5d5dd3b82ee98b69d8aceb21/screenshot - {}
RESULT: {}
COMMAND: POST /session/61a4e41d5d5dd3b82ee98b69d8aceb21/element - {"using":"xpath","value":"//td/div/span[contains(text(), \"BGL Vehicles\")]"}
RESULT: {"using":"xpath","value":"//td/div/span[contains(text(), \"BGL Vehicles\")]"}
COMMAND: POST /session/61a4e41d5d5dd3b82ee98b69d8aceb21/element/f.5597B913AB35EBD8B52179872D09D3B6.d.C91C12C22A4436CDC7956B0A9AA8E387.e.3234/click - {}
RESULT: {}
COMMAND: GET /session/61a4e41d5d5dd3b82ee98b69d8aceb21/screenshot - {}
RESULT: {}
COMMAND: POST /session/61a4e41d5d5dd3b82ee98b69d8aceb21/element - {"using":"xpath","value":"//bdi[contains(text(), \"OK\")]"}
RESULT: {"using":"xpath","value":"//bdi[contains(text(), \"OK\")]"}
COMMAND: POST /session/61a4e41d5d5dd3b82ee98b69d8aceb21/element/f.5597B913AB35EBD8B52179872D09D3B6.d.C91C12C22A4436CDC7956B0A9AA8E387.e.3235/click - {}
RESULT: {}
COMMAND: GET /session/61a4e41d5d5dd3b82ee98b69d8aceb21/screenshot - {}
RESULT: {}
COMMAND: POST /session/61a4e41d5d5dd3b82ee98b69d8aceb21/element - {"using":"xpath","value":"//label[contains(@class, 'sapMLabelRequired') and .//bdi[contains(text(), 'Planned Retirement')]]"}
RESULT: {"using":"xpath","value":"//label[contains(@class, 'sapMLabelRequired') and .//bdi[contains(text(), 'Planned Retirement')]]"}
COMMAND: POST /session/61a4e41d5d5dd3b82ee98b69d8aceb21/elements - {"using":"xpath","value":"//label[contains(@class, 'sapMLabelRequired') and .//bdi[contains(text(), 'Planned Retirement')]]"}
RESULT: {"using":"xpath","value":"//label[contains(@class, 'sapMLabelRequired') and .//bdi[contains(text(), 'Planned Retirement')]]"}
COMMAND: POST /session/61a4e41d5d5dd3b82ee98b69d8aceb21/element - {"using":"xpath","value":"//button[@data-kt=\"resourceUnitSaveButton\"]"}
RESULT: {"using":"xpath","value":"//button[@data-kt=\"resourceUnitSaveButton\"]"}
COMMAND: POST /session/61a4e41d5d5dd3b82ee98b69d8aceb21/element/f.5597B913AB35EBD8B52179872D09D3B6.d.C91C12C22A4436CDC7956B0A9AA8E387.e.3067/click - {}
RESULT: {}
COMMAND: GET /session/61a4e41d5d5dd3b82ee98b69d8aceb21/screenshot - {}
RESULT: {}
COMMAND: POST /session/61a4e41d5d5dd3b82ee98b69d8aceb21/element - {"using":"xpath","value":"//bdi[contains(text(), \"Close\")]"}
RESULT: {"using":"xpath","value":"//bdi[contains(text(), \"Close\")]"}
COMMAND: POST /session/61a4e41d5d5dd3b82ee98b69d8aceb21/element/f.5597B913AB35EBD8B52179872D09D3B6.d.C91C12C22A4436CDC7956B0A9AA8E387.e.3241/click - {}
RESULT: {}
COMMAND: GET /session/61a4e41d5d5dd3b82ee98b69d8aceb21/screenshot - {}
RESULT: {}
COMMAND: POST /session/61a4e41d5d5dd3b82ee98b69d8aceb21/element - {"using":"xpath","value":"//header[contains(@id, 'detailRruPage-headerTitle')]/div[1]/div[2]/div[2]/span[1]"}
RESULT: {"using":"xpath","value":"//header[contains(@id, 'detailRruPage-headerTitle')]/div[1]/div[2]/div[2]/span[1]"}
COMMAND: POST /session/61a4e41d5d5dd3b82ee98b69d8aceb21/elements - {"using":"xpath","value":"//header[contains(@id, 'detailRruPage-headerTitle')]/div[1]/div[2]/div[2]/span[1]"}
RESULT: {"using":"xpath","value":"//header[contains(@id, 'detailRruPage-headerTitle')]/div[1]/div[2]/div[2]/span[1]"}
COMMAND: POST /session/61a4e41d5d5dd3b82ee98b69d8aceb21/execute/sync - {"script":"<script> [56 bytes]","args":[{"element-6066-11e4-a52e-4f735466cecf":"f.5597B913AB35EBD8B52179872D09D3B6.d.C91C12C22A4436CDC7956B0A9AA8E387.e.3274","ELEMENT":"f.5597B913AB35EBD8B52179872D09D3B6.d.C91C12C22A4436CDC7956B0A9AA8E387.e.3274"}]}
RESULT: {"script":"<script> [56 bytes]","args":[{"element-6066-11e4-a52e-4f735466cecf":"f.5597B913AB35EBD8B52179872D09D3B6.d.C91C12C22A4436CDC7956B0A9AA8E387.e.3274","ELEMENT":"f.5597B913AB35EBD8B52179872D09D3B6.d.C91C12C22A4436CDC7956B0A9AA8E387.e.3274"}]}
COMMAND: POST /session/61a4e41d5d5dd3b82ee98b69d8aceb21/element - {"using":"css selector","value":"#shell-header-logo"}
COMMAND: GET /session/61a4e41d5d5dd3b82ee98b69d8aceb21/screenshot - {}
RESULT: {"using":"css selector","value":"#shell-header-logo"}
COMMAND: POST /session/61a4e41d5d5dd3b82ee98b69d8aceb21/element/f.5597B913AB35EBD8B52179872D09D3B6.d.C91C12C22A4436CDC7956B0A9AA8E387.e.2647/click - {}
RESULT: {}
RESULT: {}
COMMAND: GET /session/61a4e41d5d5dd3b82ee98b69d8aceb21/screenshot - {}
RESULT: {}
]]></system-out>
    </testcase>
    <testcase classname="chrome.136_0_7103_93.windows.Prerequisites_&amp;_test_for_yard_mass_return_on_Yard_Overview_US131057" name="Prereq Should do stock increase" time="90.804">
      <failure/>
      <error message="Can't call click on element with selector &quot;//li[.//span[contains(text(),'526 -')]]&quot; because element wasn't found"/>
      <system-out><![CDATA[
COMMAND: POST /session/61a4e41d5d5dd3b82ee98b69d8aceb21/execute/async - {"script":"<script> [1562 bytes]","args":[{"selector":{"controlType":"sap.m.GenericTile","properties":{"header":"Manage Handovers"}},"wdio_ui5_key":"sapm.GenericTile{\"header\":\"Manage Handovers\"}"}]}
RESULT: {"script":"<script> [1562 bytes]","args":[{"selector":{"controlType":"sap.m.GenericTile","properties":{"header":"Manage Handovers"}},"wdio_ui5_key":"sapm.GenericTile{\"header\":\"Manage Handovers\"}"}]}
RESULT: undefined
COMMAND: POST /session/61a4e41d5d5dd3b82ee98b69d8aceb21/element - {"using":"xpath","value":"//*[@id=\"__tile133\"]"}
RESULT: {"using":"xpath","value":"//*[@id=\"__tile133\"]"}
COMMAND: POST /session/61a4e41d5d5dd3b82ee98b69d8aceb21/element/f.5597B913AB35EBD8B52179872D09D3B6.d.C91C12C22A4436CDC7956B0A9AA8E387.e.2595/click - {}
RESULT: {}
COMMAND: GET /session/61a4e41d5d5dd3b82ee98b69d8aceb21/screenshot - {}
RESULT: {}
COMMAND: POST /session/61a4e41d5d5dd3b82ee98b69d8aceb21/elements - {"using":"xpath","value":"//span[text()='Error']"}
RESULT: {"using":"xpath","value":"//span[text()='Error']"}
COMMAND: POST /session/61a4e41d5d5dd3b82ee98b69d8aceb21/element - {"using":"xpath","value":"//button[@data-kt=\"masterHOAddButton\"]"}
RESULT: {"using":"xpath","value":"//button[@data-kt=\"masterHOAddButton\"]"}
COMMAND: POST /session/61a4e41d5d5dd3b82ee98b69d8aceb21/elements - {"using":"xpath","value":"//button[@data-kt=\"masterHOAddButton\"]"}
RESULT: {"using":"xpath","value":"//button[@data-kt=\"masterHOAddButton\"]"}
COMMAND: POST /session/61a4e41d5d5dd3b82ee98b69d8aceb21/execute/sync - {"script":"<script> [8489 bytes]","args":[{"element-6066-11e4-a52e-4f735466cecf":"f.5597B913AB35EBD8B52179872D09D3B6.d.C91C12C22A4436CDC7956B0A9AA8E387.e.3317","ELEMENT":"f.5597B913AB35EBD8B52179872D09D3B6.d.C91C12C22A4436CDC7956B0A9AA8E387.e.3317"}]}
RESULT: {"script":"<script> [8489 bytes]","args":[{"element-6066-11e4-a52e-4f735466cecf":"f.5597B913AB35EBD8B52179872D09D3B6.d.C91C12C22A4436CDC7956B0A9AA8E387.e.3317","ELEMENT":"f.5597B913AB35EBD8B52179872D09D3B6.d.C91C12C22A4436CDC7956B0A9AA8E387.e.3317"}]}
COMMAND: GET /session/61a4e41d5d5dd3b82ee98b69d8aceb21/element/f.5597B913AB35EBD8B52179872D09D3B6.d.C91C12C22A4436CDC7956B0A9AA8E387.e.3317/enabled - {}
COMMAND: GET /session/61a4e41d5d5dd3b82ee98b69d8aceb21/screenshot - {}
RESULT: {}
COMMAND: POST /session/61a4e41d5d5dd3b82ee98b69d8aceb21/execute/sync - {"script":"<script> [8489 bytes]","args":[{"element-6066-11e4-a52e-4f735466cecf":"f.5597B913AB35EBD8B52179872D09D3B6.d.C91C12C22A4436CDC7956B0A9AA8E387.e.3317","ELEMENT":"f.5597B913AB35EBD8B52179872D09D3B6.d.C91C12C22A4436CDC7956B0A9AA8E387.e.3317"}]}
COMMAND: GET /session/61a4e41d5d5dd3b82ee98b69d8aceb21/screenshot - {}
RESULT: {}
RESULT: {"script":"<script> [8489 bytes]","args":[{"element-6066-11e4-a52e-4f735466cecf":"f.5597B913AB35EBD8B52179872D09D3B6.d.C91C12C22A4436CDC7956B0A9AA8E387.e.3317","ELEMENT":"f.5597B913AB35EBD8B52179872D09D3B6.d.C91C12C22A4436CDC7956B0A9AA8E387.e.3317"}]}
COMMAND: POST /session/61a4e41d5d5dd3b82ee98b69d8aceb21/execute/sync - {"script":"<script> [5351 bytes]","args":[{"element-6066-11e4-a52e-4f735466cecf":"f.5597B913AB35EBD8B52179872D09D3B6.d.C91C12C22A4436CDC7956B0A9AA8E387.e.3317","ELEMENT":"f.5597B913AB35EBD8B52179872D09D3B6.d.C91C12C22A4436CDC7956B0A9AA8E387.e.3317"}]}
COMMAND: GET /session/61a4e41d5d5dd3b82ee98b69d8aceb21/screenshot - {}
RESULT: {}
RESULT: {"script":"<script> [5351 bytes]","args":[{"element-6066-11e4-a52e-4f735466cecf":"f.5597B913AB35EBD8B52179872D09D3B6.d.C91C12C22A4436CDC7956B0A9AA8E387.e.3317","ELEMENT":"f.5597B913AB35EBD8B52179872D09D3B6.d.C91C12C22A4436CDC7956B0A9AA8E387.e.3317"}]}
COMMAND: POST /session/61a4e41d5d5dd3b82ee98b69d8aceb21/element/f.5597B913AB35EBD8B52179872D09D3B6.d.C91C12C22A4436CDC7956B0A9AA8E387.e.3317/click - {}
COMMAND: GET /session/61a4e41d5d5dd3b82ee98b69d8aceb21/screenshot - {}
RESULT: {}
RESULT: {}
COMMAND: GET /session/61a4e41d5d5dd3b82ee98b69d8aceb21/screenshot - {}
RESULT: {}
RESULT: {}
COMMAND: POST /session/61a4e41d5d5dd3b82ee98b69d8aceb21/element - {"using":"xpath","value":"//span[contains(@id ,\"AddNewHO--typeSelect-arrow\")]"}
RESULT: {"using":"xpath","value":"//span[contains(@id ,\"AddNewHO--typeSelect-arrow\")]"}
COMMAND: POST /session/61a4e41d5d5dd3b82ee98b69d8aceb21/element/f.5597B913AB35EBD8B52179872D09D3B6.d.C91C12C22A4436CDC7956B0A9AA8E387.e.3677/click - {}
RESULT: {}
COMMAND: GET /session/61a4e41d5d5dd3b82ee98b69d8aceb21/screenshot - {}
RESULT: {}
COMMAND: POST /session/61a4e41d5d5dd3b82ee98b69d8aceb21/element - {"using":"xpath","value":"(//li[contains(text(), \"stock increase yard\")])[1]"}
RESULT: {"using":"xpath","value":"(//li[contains(text(), \"stock increase yard\")])[1]"}
COMMAND: POST /session/61a4e41d5d5dd3b82ee98b69d8aceb21/element/f.5597B913AB35EBD8B52179872D09D3B6.d.C91C12C22A4436CDC7956B0A9AA8E387.e.3678/click - {}
RESULT: {}
COMMAND: GET /session/61a4e41d5d5dd3b82ee98b69d8aceb21/screenshot - {}
RESULT: {}
COMMAND: POST /session/61a4e41d5d5dd3b82ee98b69d8aceb21/execute/async - {"script":"<script> [1562 bytes]","args":[{"selector":{"id":"application-managehandovers-display-component---AddNewHO--dueDate","interaction":{"idSuffix":"inner"}},"wdio_ui5_key":"applicationmanagehandovers-display-component---AddNewHO--dueDate"}]}
RESULT: {"script":"<script> [1562 bytes]","args":[{"selector":{"id":"application-managehandovers-display-component---AddNewHO--dueDate","interaction":{"idSuffix":"inner"}},"wdio_ui5_key":"applicationmanagehandovers-display-component---AddNewHO--dueDate"}]}
RESULT: undefined
COMMAND: POST /session/61a4e41d5d5dd3b82ee98b69d8aceb21/execute/async - {"script":"<script> [6424 bytes]","args":[{"element-6066-11e4-a52e-4f735466cecf":"f.5597B913AB35EBD8B52179872D09D3B6.d.C91C12C22A4436CDC7956B0A9AA8E387.e.3680"},"setValue",["5/31/25"]]}
RESULT: {"script":"<script> [6424 bytes]","args":[{"element-6066-11e4-a52e-4f735466cecf":"f.5597B913AB35EBD8B52179872D09D3B6.d.C91C12C22A4436CDC7956B0A9AA8E387.e.3680"},"setValue",["5/31/25"]]}
COMMAND: POST /session/61a4e41d5d5dd3b82ee98b69d8aceb21/element - {"using":"xpath","value":"//input[@id=\"generalSectionFrg--receiveYard-inner\"]"}
RESULT: {"using":"xpath","value":"//input[@id=\"generalSectionFrg--receiveYard-inner\"]"}
COMMAND: POST /session/61a4e41d5d5dd3b82ee98b69d8aceb21/element/f.5597B913AB35EBD8B52179872D09D3B6.d.C91C12C22A4436CDC7956B0A9AA8E387.e.3686/clear - {}
RESULT: {}
COMMAND: POST /session/61a4e41d5d5dd3b82ee98b69d8aceb21/element/f.5597B913AB35EBD8B52179872D09D3B6.d.C91C12C22A4436CDC7956B0A9AA8E387.e.3686/value - {"text":"526"}
COMMAND: GET /session/61a4e41d5d5dd3b82ee98b69d8aceb21/screenshot - {}
RESULT: {"text":"526"}
COMMAND: GET /session/61a4e41d5d5dd3b82ee98b69d8aceb21/screenshot - {}
RESULT: {}
RESULT: {}
COMMAND: POST /session/61a4e41d5d5dd3b82ee98b69d8aceb21/element - {"using":"xpath","value":"//li[.//span[contains(text(),'526 -')]]"}
RESULT: {"using":"xpath","value":"//li[.//span[contains(text(),'526 -')]]"}
COMMAND: POST /session/61a4e41d5d5dd3b82ee98b69d8aceb21/elements - {"using":"xpath","value":"//li[.//span[contains(text(),'526 -')]]"}
RESULT: {"using":"xpath","value":"//li[.//span[contains(text(),'526 -')]]"}
COMMAND: POST /session/61a4e41d5d5dd3b82ee98b69d8aceb21/elements - {"using":"xpath","value":"//li[.//span[contains(text(),'526 -')]]"}
RESULT: {"using":"xpath","value":"//li[.//span[contains(text(),'526 -')]]"}
COMMAND: POST /session/61a4e41d5d5dd3b82ee98b69d8aceb21/elements - {"using":"xpath","value":"//li[.//span[contains(text(),'526 -')]]"}
RESULT: {"using":"xpath","value":"//li[.//span[contains(text(),'526 -')]]"}
COMMAND: POST /session/61a4e41d5d5dd3b82ee98b69d8aceb21/elements - {"using":"xpath","value":"//li[.//span[contains(text(),'526 -')]]"}
RESULT: {"using":"xpath","value":"//li[.//span[contains(text(),'526 -')]]"}
COMMAND: POST /session/61a4e41d5d5dd3b82ee98b69d8aceb21/elements - {"using":"xpath","value":"//li[.//span[contains(text(),'526 -')]]"}
RESULT: {"using":"xpath","value":"//li[.//span[contains(text(),'526 -')]]"}
COMMAND: POST /session/61a4e41d5d5dd3b82ee98b69d8aceb21/elements - {"using":"xpath","value":"//li[.//span[contains(text(),'526 -')]]"}
RESULT: {"using":"xpath","value":"//li[.//span[contains(text(),'526 -')]]"}
COMMAND: POST /session/61a4e41d5d5dd3b82ee98b69d8aceb21/elements - {"using":"xpath","value":"//li[.//span[contains(text(),'526 -')]]"}
RESULT: {"using":"xpath","value":"//li[.//span[contains(text(),'526 -')]]"}
COMMAND: POST /session/61a4e41d5d5dd3b82ee98b69d8aceb21/elements - {"using":"xpath","value":"//li[.//span[contains(text(),'526 -')]]"}
RESULT: {"using":"xpath","value":"//li[.//span[contains(text(),'526 -')]]"}
COMMAND: POST /session/61a4e41d5d5dd3b82ee98b69d8aceb21/elements - {"using":"xpath","value":"//li[.//span[contains(text(),'526 -')]]"}
RESULT: {"using":"xpath","value":"//li[.//span[contains(text(),'526 -')]]"}
COMMAND: POST /session/61a4e41d5d5dd3b82ee98b69d8aceb21/elements - {"using":"xpath","value":"//li[.//span[contains(text(),'526 -')]]"}
RESULT: {"using":"xpath","value":"//li[.//span[contains(text(),'526 -')]]"}
COMMAND: POST /session/61a4e41d5d5dd3b82ee98b69d8aceb21/elements - {"using":"xpath","value":"//li[.//span[contains(text(),'526 -')]]"}
RESULT: {"using":"xpath","value":"//li[.//span[contains(text(),'526 -')]]"}
COMMAND: POST /session/61a4e41d5d5dd3b82ee98b69d8aceb21/elements - {"using":"xpath","value":"//li[.//span[contains(text(),'526 -')]]"}
RESULT: {"using":"xpath","value":"//li[.//span[contains(text(),'526 -')]]"}
COMMAND: POST /session/61a4e41d5d5dd3b82ee98b69d8aceb21/elements - {"using":"xpath","value":"//li[.//span[contains(text(),'526 -')]]"}
RESULT: {"using":"xpath","value":"//li[.//span[contains(text(),'526 -')]]"}
COMMAND: POST /session/61a4e41d5d5dd3b82ee98b69d8aceb21/elements - {"using":"xpath","value":"//li[.//span[contains(text(),'526 -')]]"}
RESULT: {"using":"xpath","value":"//li[.//span[contains(text(),'526 -')]]"}
COMMAND: POST /session/61a4e41d5d5dd3b82ee98b69d8aceb21/elements - {"using":"xpath","value":"//li[.//span[contains(text(),'526 -')]]"}
RESULT: {"using":"xpath","value":"//li[.//span[contains(text(),'526 -')]]"}
COMMAND: POST /session/61a4e41d5d5dd3b82ee98b69d8aceb21/elements - {"using":"xpath","value":"//li[.//span[contains(text(),'526 -')]]"}
RESULT: {"using":"xpath","value":"//li[.//span[contains(text(),'526 -')]]"}
COMMAND: POST /session/61a4e41d5d5dd3b82ee98b69d8aceb21/elements - {"using":"xpath","value":"//li[.//span[contains(text(),'526 -')]]"}
RESULT: {"using":"xpath","value":"//li[.//span[contains(text(),'526 -')]]"}
COMMAND: POST /session/61a4e41d5d5dd3b82ee98b69d8aceb21/elements - {"using":"xpath","value":"//li[.//span[contains(text(),'526 -')]]"}
RESULT: {"using":"xpath","value":"//li[.//span[contains(text(),'526 -')]]"}
COMMAND: POST /session/61a4e41d5d5dd3b82ee98b69d8aceb21/elements - {"using":"xpath","value":"//li[.//span[contains(text(),'526 -')]]"}
RESULT: {"using":"xpath","value":"//li[.//span[contains(text(),'526 -')]]"}
COMMAND: POST /session/61a4e41d5d5dd3b82ee98b69d8aceb21/elements - {"using":"xpath","value":"//li[.//span[contains(text(),'526 -')]]"}
RESULT: {"using":"xpath","value":"//li[.//span[contains(text(),'526 -')]]"}
COMMAND: POST /session/61a4e41d5d5dd3b82ee98b69d8aceb21/elements - {"using":"xpath","value":"//li[.//span[contains(text(),'526 -')]]"}
RESULT: {"using":"xpath","value":"//li[.//span[contains(text(),'526 -')]]"}
COMMAND: POST /session/61a4e41d5d5dd3b82ee98b69d8aceb21/elements - {"using":"xpath","value":"//li[.//span[contains(text(),'526 -')]]"}
RESULT: {"using":"xpath","value":"//li[.//span[contains(text(),'526 -')]]"}
COMMAND: POST /session/61a4e41d5d5dd3b82ee98b69d8aceb21/elements - {"using":"xpath","value":"//li[.//span[contains(text(),'526 -')]]"}
RESULT: {"using":"xpath","value":"//li[.//span[contains(text(),'526 -')]]"}
COMMAND: POST /session/61a4e41d5d5dd3b82ee98b69d8aceb21/elements - {"using":"xpath","value":"//li[.//span[contains(text(),'526 -')]]"}
RESULT: {"using":"xpath","value":"//li[.//span[contains(text(),'526 -')]]"}
COMMAND: POST /session/61a4e41d5d5dd3b82ee98b69d8aceb21/elements - {"using":"xpath","value":"//li[.//span[contains(text(),'526 -')]]"}
RESULT: {"using":"xpath","value":"//li[.//span[contains(text(),'526 -')]]"}
COMMAND: POST /session/61a4e41d5d5dd3b82ee98b69d8aceb21/elements - {"using":"xpath","value":"//li[.//span[contains(text(),'526 -')]]"}
RESULT: {"using":"xpath","value":"//li[.//span[contains(text(),'526 -')]]"}
COMMAND: POST /session/61a4e41d5d5dd3b82ee98b69d8aceb21/elements - {"using":"xpath","value":"//li[.//span[contains(text(),'526 -')]]"}
RESULT: {"using":"xpath","value":"//li[.//span[contains(text(),'526 -')]]"}
COMMAND: POST /session/61a4e41d5d5dd3b82ee98b69d8aceb21/elements - {"using":"xpath","value":"//li[.//span[contains(text(),'526 -')]]"}
RESULT: {"using":"xpath","value":"//li[.//span[contains(text(),'526 -')]]"}
COMMAND: POST /session/61a4e41d5d5dd3b82ee98b69d8aceb21/elements - {"using":"xpath","value":"//li[.//span[contains(text(),'526 -')]]"}
RESULT: {"using":"xpath","value":"//li[.//span[contains(text(),'526 -')]]"}
COMMAND: POST /session/61a4e41d5d5dd3b82ee98b69d8aceb21/elements - {"using":"xpath","value":"//li[.//span[contains(text(),'526 -')]]"}
RESULT: {"using":"xpath","value":"//li[.//span[contains(text(),'526 -')]]"}
COMMAND: POST /session/61a4e41d5d5dd3b82ee98b69d8aceb21/elements - {"using":"xpath","value":"//li[.//span[contains(text(),'526 -')]]"}
RESULT: {"using":"xpath","value":"//li[.//span[contains(text(),'526 -')]]"}
COMMAND: POST /session/61a4e41d5d5dd3b82ee98b69d8aceb21/elements - {"using":"xpath","value":"//li[.//span[contains(text(),'526 -')]]"}
RESULT: {"using":"xpath","value":"//li[.//span[contains(text(),'526 -')]]"}
COMMAND: POST /session/61a4e41d5d5dd3b82ee98b69d8aceb21/elements - {"using":"xpath","value":"//li[.//span[contains(text(),'526 -')]]"}
RESULT: {"using":"xpath","value":"//li[.//span[contains(text(),'526 -')]]"}
COMMAND: POST /session/61a4e41d5d5dd3b82ee98b69d8aceb21/elements - {"using":"xpath","value":"//li[.//span[contains(text(),'526 -')]]"}
RESULT: {"using":"xpath","value":"//li[.//span[contains(text(),'526 -')]]"}
COMMAND: POST /session/61a4e41d5d5dd3b82ee98b69d8aceb21/elements - {"using":"xpath","value":"//li[.//span[contains(text(),'526 -')]]"}
RESULT: {"using":"xpath","value":"//li[.//span[contains(text(),'526 -')]]"}
COMMAND: POST /session/61a4e41d5d5dd3b82ee98b69d8aceb21/elements - {"using":"xpath","value":"//li[.//span[contains(text(),'526 -')]]"}
RESULT: {"using":"xpath","value":"//li[.//span[contains(text(),'526 -')]]"}
COMMAND: POST /session/61a4e41d5d5dd3b82ee98b69d8aceb21/elements - {"using":"xpath","value":"//li[.//span[contains(text(),'526 -')]]"}
RESULT: {"using":"xpath","value":"//li[.//span[contains(text(),'526 -')]]"}
COMMAND: POST /session/61a4e41d5d5dd3b82ee98b69d8aceb21/elements - {"using":"xpath","value":"//li[.//span[contains(text(),'526 -')]]"}
RESULT: {"using":"xpath","value":"//li[.//span[contains(text(),'526 -')]]"}
COMMAND: POST /session/61a4e41d5d5dd3b82ee98b69d8aceb21/elements - {"using":"xpath","value":"//li[.//span[contains(text(),'526 -')]]"}
RESULT: {"using":"xpath","value":"//li[.//span[contains(text(),'526 -')]]"}
COMMAND: POST /session/61a4e41d5d5dd3b82ee98b69d8aceb21/elements - {"using":"xpath","value":"//li[.//span[contains(text(),'526 -')]]"}
RESULT: {"using":"xpath","value":"//li[.//span[contains(text(),'526 -')]]"}
COMMAND: POST /session/61a4e41d5d5dd3b82ee98b69d8aceb21/elements - {"using":"xpath","value":"//li[.//span[contains(text(),'526 -')]]"}
RESULT: {"using":"xpath","value":"//li[.//span[contains(text(),'526 -')]]"}
COMMAND: POST /session/61a4e41d5d5dd3b82ee98b69d8aceb21/elements - {"using":"xpath","value":"//li[.//span[contains(text(),'526 -')]]"}
RESULT: {"using":"xpath","value":"//li[.//span[contains(text(),'526 -')]]"}
COMMAND: POST /session/61a4e41d5d5dd3b82ee98b69d8aceb21/elements - {"using":"xpath","value":"//li[.//span[contains(text(),'526 -')]]"}
RESULT: {"using":"xpath","value":"//li[.//span[contains(text(),'526 -')]]"}
COMMAND: POST /session/61a4e41d5d5dd3b82ee98b69d8aceb21/elements - {"using":"xpath","value":"//li[.//span[contains(text(),'526 -')]]"}
RESULT: {"using":"xpath","value":"//li[.//span[contains(text(),'526 -')]]"}
COMMAND: POST /session/61a4e41d5d5dd3b82ee98b69d8aceb21/elements - {"using":"xpath","value":"//li[.//span[contains(text(),'526 -')]]"}
RESULT: {"using":"xpath","value":"//li[.//span[contains(text(),'526 -')]]"}
COMMAND: POST /session/61a4e41d5d5dd3b82ee98b69d8aceb21/elements - {"using":"xpath","value":"//li[.//span[contains(text(),'526 -')]]"}
RESULT: {"using":"xpath","value":"//li[.//span[contains(text(),'526 -')]]"}
COMMAND: POST /session/61a4e41d5d5dd3b82ee98b69d8aceb21/elements - {"using":"xpath","value":"//li[.//span[contains(text(),'526 -')]]"}
RESULT: {"using":"xpath","value":"//li[.//span[contains(text(),'526 -')]]"}
COMMAND: POST /session/61a4e41d5d5dd3b82ee98b69d8aceb21/elements - {"using":"xpath","value":"//li[.//span[contains(text(),'526 -')]]"}
RESULT: {"using":"xpath","value":"//li[.//span[contains(text(),'526 -')]]"}
COMMAND: POST /session/61a4e41d5d5dd3b82ee98b69d8aceb21/elements - {"using":"xpath","value":"//li[.//span[contains(text(),'526 -')]]"}
RESULT: {"using":"xpath","value":"//li[.//span[contains(text(),'526 -')]]"}
COMMAND: POST /session/61a4e41d5d5dd3b82ee98b69d8aceb21/elements - {"using":"xpath","value":"//li[.//span[contains(text(),'526 -')]]"}
RESULT: {"using":"xpath","value":"//li[.//span[contains(text(),'526 -')]]"}
COMMAND: POST /session/61a4e41d5d5dd3b82ee98b69d8aceb21/elements - {"using":"xpath","value":"//li[.//span[contains(text(),'526 -')]]"}
RESULT: {"using":"xpath","value":"//li[.//span[contains(text(),'526 -')]]"}
COMMAND: POST /session/61a4e41d5d5dd3b82ee98b69d8aceb21/elements - {"using":"xpath","value":"//li[.//span[contains(text(),'526 -')]]"}
RESULT: {"using":"xpath","value":"//li[.//span[contains(text(),'526 -')]]"}
COMMAND: POST /session/61a4e41d5d5dd3b82ee98b69d8aceb21/elements - {"using":"xpath","value":"//li[.//span[contains(text(),'526 -')]]"}
RESULT: {"using":"xpath","value":"//li[.//span[contains(text(),'526 -')]]"}
COMMAND: POST /session/61a4e41d5d5dd3b82ee98b69d8aceb21/elements - {"using":"xpath","value":"//li[.//span[contains(text(),'526 -')]]"}
RESULT: {"using":"xpath","value":"//li[.//span[contains(text(),'526 -')]]"}
COMMAND: POST /session/61a4e41d5d5dd3b82ee98b69d8aceb21/elements - {"using":"xpath","value":"//li[.//span[contains(text(),'526 -')]]"}
RESULT: {"using":"xpath","value":"//li[.//span[contains(text(),'526 -')]]"}
COMMAND: POST /session/61a4e41d5d5dd3b82ee98b69d8aceb21/elements - {"using":"xpath","value":"//li[.//span[contains(text(),'526 -')]]"}
RESULT: {"using":"xpath","value":"//li[.//span[contains(text(),'526 -')]]"}
COMMAND: POST /session/61a4e41d5d5dd3b82ee98b69d8aceb21/elements - {"using":"xpath","value":"//li[.//span[contains(text(),'526 -')]]"}
RESULT: {"using":"xpath","value":"//li[.//span[contains(text(),'526 -')]]"}
COMMAND: POST /session/61a4e41d5d5dd3b82ee98b69d8aceb21/elements - {"using":"xpath","value":"//li[.//span[contains(text(),'526 -')]]"}
RESULT: {"using":"xpath","value":"//li[.//span[contains(text(),'526 -')]]"}
COMMAND: POST /session/61a4e41d5d5dd3b82ee98b69d8aceb21/elements - {"using":"xpath","value":"//li[.//span[contains(text(),'526 -')]]"}
RESULT: {"using":"xpath","value":"//li[.//span[contains(text(),'526 -')]]"}
COMMAND: POST /session/61a4e41d5d5dd3b82ee98b69d8aceb21/elements - {"using":"xpath","value":"//li[.//span[contains(text(),'526 -')]]"}
RESULT: {"using":"xpath","value":"//li[.//span[contains(text(),'526 -')]]"}
COMMAND: POST /session/61a4e41d5d5dd3b82ee98b69d8aceb21/elements - {"using":"xpath","value":"//li[.//span[contains(text(),'526 -')]]"}
RESULT: {"using":"xpath","value":"//li[.//span[contains(text(),'526 -')]]"}
COMMAND: POST /session/61a4e41d5d5dd3b82ee98b69d8aceb21/elements - {"using":"xpath","value":"//li[.//span[contains(text(),'526 -')]]"}
RESULT: {"using":"xpath","value":"//li[.//span[contains(text(),'526 -')]]"}
COMMAND: POST /session/61a4e41d5d5dd3b82ee98b69d8aceb21/elements - {"using":"xpath","value":"//li[.//span[contains(text(),'526 -')]]"}
RESULT: {"using":"xpath","value":"//li[.//span[contains(text(),'526 -')]]"}
COMMAND: POST /session/61a4e41d5d5dd3b82ee98b69d8aceb21/elements - {"using":"xpath","value":"//li[.//span[contains(text(),'526 -')]]"}
RESULT: {"using":"xpath","value":"//li[.//span[contains(text(),'526 -')]]"}
COMMAND: POST /session/61a4e41d5d5dd3b82ee98b69d8aceb21/elements - {"using":"xpath","value":"//li[.//span[contains(text(),'526 -')]]"}
RESULT: {"using":"xpath","value":"//li[.//span[contains(text(),'526 -')]]"}
COMMAND: POST /session/61a4e41d5d5dd3b82ee98b69d8aceb21/elements - {"using":"xpath","value":"//li[.//span[contains(text(),'526 -')]]"}
RESULT: {"using":"xpath","value":"//li[.//span[contains(text(),'526 -')]]"}
COMMAND: POST /session/61a4e41d5d5dd3b82ee98b69d8aceb21/elements - {"using":"xpath","value":"//li[.//span[contains(text(),'526 -')]]"}
RESULT: {"using":"xpath","value":"//li[.//span[contains(text(),'526 -')]]"}
COMMAND: POST /session/61a4e41d5d5dd3b82ee98b69d8aceb21/elements - {"using":"xpath","value":"//li[.//span[contains(text(),'526 -')]]"}
RESULT: {"using":"xpath","value":"//li[.//span[contains(text(),'526 -')]]"}
COMMAND: POST /session/61a4e41d5d5dd3b82ee98b69d8aceb21/elements - {"using":"xpath","value":"//li[.//span[contains(text(),'526 -')]]"}
RESULT: {"using":"xpath","value":"//li[.//span[contains(text(),'526 -')]]"}
COMMAND: POST /session/61a4e41d5d5dd3b82ee98b69d8aceb21/elements - {"using":"xpath","value":"//li[.//span[contains(text(),'526 -')]]"}
RESULT: {"using":"xpath","value":"//li[.//span[contains(text(),'526 -')]]"}
COMMAND: POST /session/61a4e41d5d5dd3b82ee98b69d8aceb21/elements - {"using":"xpath","value":"//li[.//span[contains(text(),'526 -')]]"}
RESULT: {"using":"xpath","value":"//li[.//span[contains(text(),'526 -')]]"}
COMMAND: POST /session/61a4e41d5d5dd3b82ee98b69d8aceb21/elements - {"using":"xpath","value":"//li[.//span[contains(text(),'526 -')]]"}
RESULT: {"using":"xpath","value":"//li[.//span[contains(text(),'526 -')]]"}
COMMAND: POST /session/61a4e41d5d5dd3b82ee98b69d8aceb21/elements - {"using":"xpath","value":"//li[.//span[contains(text(),'526 -')]]"}
RESULT: {"using":"xpath","value":"//li[.//span[contains(text(),'526 -')]]"}
COMMAND: POST /session/61a4e41d5d5dd3b82ee98b69d8aceb21/elements - {"using":"xpath","value":"//li[.//span[contains(text(),'526 -')]]"}
RESULT: {"using":"xpath","value":"//li[.//span[contains(text(),'526 -')]]"}
COMMAND: POST /session/61a4e41d5d5dd3b82ee98b69d8aceb21/elements - {"using":"xpath","value":"//li[.//span[contains(text(),'526 -')]]"}
RESULT: {"using":"xpath","value":"//li[.//span[contains(text(),'526 -')]]"}
COMMAND: POST /session/61a4e41d5d5dd3b82ee98b69d8aceb21/elements - {"using":"xpath","value":"//li[.//span[contains(text(),'526 -')]]"}
RESULT: {"using":"xpath","value":"//li[.//span[contains(text(),'526 -')]]"}
COMMAND: POST /session/61a4e41d5d5dd3b82ee98b69d8aceb21/elements - {"using":"xpath","value":"//li[.//span[contains(text(),'526 -')]]"}
RESULT: {"using":"xpath","value":"//li[.//span[contains(text(),'526 -')]]"}
COMMAND: POST /session/61a4e41d5d5dd3b82ee98b69d8aceb21/elements - {"using":"xpath","value":"//li[.//span[contains(text(),'526 -')]]"}
RESULT: {"using":"xpath","value":"//li[.//span[contains(text(),'526 -')]]"}
COMMAND: POST /session/61a4e41d5d5dd3b82ee98b69d8aceb21/elements - {"using":"xpath","value":"//li[.//span[contains(text(),'526 -')]]"}
RESULT: {"using":"xpath","value":"//li[.//span[contains(text(),'526 -')]]"}
COMMAND: POST /session/61a4e41d5d5dd3b82ee98b69d8aceb21/elements - {"using":"xpath","value":"//li[.//span[contains(text(),'526 -')]]"}
RESULT: {"using":"xpath","value":"//li[.//span[contains(text(),'526 -')]]"}
COMMAND: POST /session/61a4e41d5d5dd3b82ee98b69d8aceb21/elements - {"using":"xpath","value":"//li[.//span[contains(text(),'526 -')]]"}
RESULT: {"using":"xpath","value":"//li[.//span[contains(text(),'526 -')]]"}
COMMAND: POST /session/61a4e41d5d5dd3b82ee98b69d8aceb21/elements - {"using":"xpath","value":"//li[.//span[contains(text(),'526 -')]]"}
RESULT: {"using":"xpath","value":"//li[.//span[contains(text(),'526 -')]]"}
COMMAND: POST /session/61a4e41d5d5dd3b82ee98b69d8aceb21/elements - {"using":"xpath","value":"//li[.//span[contains(text(),'526 -')]]"}
RESULT: {"using":"xpath","value":"//li[.//span[contains(text(),'526 -')]]"}
COMMAND: POST /session/61a4e41d5d5dd3b82ee98b69d8aceb21/elements - {"using":"xpath","value":"//li[.//span[contains(text(),'526 -')]]"}
RESULT: {"using":"xpath","value":"//li[.//span[contains(text(),'526 -')]]"}
COMMAND: POST /session/61a4e41d5d5dd3b82ee98b69d8aceb21/elements - {"using":"xpath","value":"//li[.//span[contains(text(),'526 -')]]"}
RESULT: {"using":"xpath","value":"//li[.//span[contains(text(),'526 -')]]"}
COMMAND: POST /session/61a4e41d5d5dd3b82ee98b69d8aceb21/elements - {"using":"xpath","value":"//li[.//span[contains(text(),'526 -')]]"}
RESULT: {"using":"xpath","value":"//li[.//span[contains(text(),'526 -')]]"}
COMMAND: POST /session/61a4e41d5d5dd3b82ee98b69d8aceb21/elements - {"using":"xpath","value":"//li[.//span[contains(text(),'526 -')]]"}
RESULT: {"using":"xpath","value":"//li[.//span[contains(text(),'526 -')]]"}
COMMAND: POST /session/61a4e41d5d5dd3b82ee98b69d8aceb21/elements - {"using":"xpath","value":"//li[.//span[contains(text(),'526 -')]]"}
RESULT: {"using":"xpath","value":"//li[.//span[contains(text(),'526 -')]]"}
COMMAND: POST /session/61a4e41d5d5dd3b82ee98b69d8aceb21/elements - {"using":"xpath","value":"//li[.//span[contains(text(),'526 -')]]"}
RESULT: {"using":"xpath","value":"//li[.//span[contains(text(),'526 -')]]"}
COMMAND: POST /session/61a4e41d5d5dd3b82ee98b69d8aceb21/elements - {"using":"xpath","value":"//li[.//span[contains(text(),'526 -')]]"}
RESULT: {"using":"xpath","value":"//li[.//span[contains(text(),'526 -')]]"}
COMMAND: POST /session/61a4e41d5d5dd3b82ee98b69d8aceb21/elements - {"using":"xpath","value":"//li[.//span[contains(text(),'526 -')]]"}
RESULT: {"using":"xpath","value":"//li[.//span[contains(text(),'526 -')]]"}
COMMAND: POST /session/61a4e41d5d5dd3b82ee98b69d8aceb21/elements - {"using":"xpath","value":"//li[.//span[contains(text(),'526 -')]]"}
RESULT: {"using":"xpath","value":"//li[.//span[contains(text(),'526 -')]]"}
COMMAND: POST /session/61a4e41d5d5dd3b82ee98b69d8aceb21/elements - {"using":"xpath","value":"//li[.//span[contains(text(),'526 -')]]"}
RESULT: {"using":"xpath","value":"//li[.//span[contains(text(),'526 -')]]"}
COMMAND: POST /session/61a4e41d5d5dd3b82ee98b69d8aceb21/elements - {"using":"xpath","value":"//li[.//span[contains(text(),'526 -')]]"}
RESULT: {"using":"xpath","value":"//li[.//span[contains(text(),'526 -')]]"}
COMMAND: POST /session/61a4e41d5d5dd3b82ee98b69d8aceb21/elements - {"using":"xpath","value":"//li[.//span[contains(text(),'526 -')]]"}
RESULT: {"using":"xpath","value":"//li[.//span[contains(text(),'526 -')]]"}
COMMAND: POST /session/61a4e41d5d5dd3b82ee98b69d8aceb21/elements - {"using":"xpath","value":"//li[.//span[contains(text(),'526 -')]]"}
RESULT: {"using":"xpath","value":"//li[.//span[contains(text(),'526 -')]]"}
COMMAND: POST /session/61a4e41d5d5dd3b82ee98b69d8aceb21/elements - {"using":"xpath","value":"//li[.//span[contains(text(),'526 -')]]"}
RESULT: {"using":"xpath","value":"//li[.//span[contains(text(),'526 -')]]"}
COMMAND: POST /session/61a4e41d5d5dd3b82ee98b69d8aceb21/elements - {"using":"xpath","value":"//li[.//span[contains(text(),'526 -')]]"}
RESULT: {"using":"xpath","value":"//li[.//span[contains(text(),'526 -')]]"}
COMMAND: POST /session/61a4e41d5d5dd3b82ee98b69d8aceb21/elements - {"using":"xpath","value":"//li[.//span[contains(text(),'526 -')]]"}
RESULT: {"using":"xpath","value":"//li[.//span[contains(text(),'526 -')]]"}
COMMAND: POST /session/61a4e41d5d5dd3b82ee98b69d8aceb21/elements - {"using":"xpath","value":"//li[.//span[contains(text(),'526 -')]]"}
RESULT: {"using":"xpath","value":"//li[.//span[contains(text(),'526 -')]]"}
COMMAND: POST /session/61a4e41d5d5dd3b82ee98b69d8aceb21/elements - {"using":"xpath","value":"//li[.//span[contains(text(),'526 -')]]"}
RESULT: {"using":"xpath","value":"//li[.//span[contains(text(),'526 -')]]"}
COMMAND: POST /session/61a4e41d5d5dd3b82ee98b69d8aceb21/elements - {"using":"xpath","value":"//li[.//span[contains(text(),'526 -')]]"}
RESULT: {"using":"xpath","value":"//li[.//span[contains(text(),'526 -')]]"}
COMMAND: POST /session/61a4e41d5d5dd3b82ee98b69d8aceb21/elements - {"using":"xpath","value":"//li[.//span[contains(text(),'526 -')]]"}
RESULT: {"using":"xpath","value":"//li[.//span[contains(text(),'526 -')]]"}
COMMAND: POST /session/61a4e41d5d5dd3b82ee98b69d8aceb21/elements - {"using":"xpath","value":"//li[.//span[contains(text(),'526 -')]]"}
RESULT: {"using":"xpath","value":"//li[.//span[contains(text(),'526 -')]]"}
COMMAND: POST /session/61a4e41d5d5dd3b82ee98b69d8aceb21/elements - {"using":"xpath","value":"//li[.//span[contains(text(),'526 -')]]"}
RESULT: {"using":"xpath","value":"//li[.//span[contains(text(),'526 -')]]"}
COMMAND: POST /session/61a4e41d5d5dd3b82ee98b69d8aceb21/elements - {"using":"xpath","value":"//li[.//span[contains(text(),'526 -')]]"}
RESULT: {"using":"xpath","value":"//li[.//span[contains(text(),'526 -')]]"}
COMMAND: POST /session/61a4e41d5d5dd3b82ee98b69d8aceb21/elements - {"using":"xpath","value":"//li[.//span[contains(text(),'526 -')]]"}
RESULT: {"using":"xpath","value":"//li[.//span[contains(text(),'526 -')]]"}
COMMAND: POST /session/61a4e41d5d5dd3b82ee98b69d8aceb21/elements - {"using":"xpath","value":"//li[.//span[contains(text(),'526 -')]]"}
RESULT: {"using":"xpath","value":"//li[.//span[contains(text(),'526 -')]]"}
COMMAND: POST /session/61a4e41d5d5dd3b82ee98b69d8aceb21/elements - {"using":"xpath","value":"//li[.//span[contains(text(),'526 -')]]"}
RESULT: {"using":"xpath","value":"//li[.//span[contains(text(),'526 -')]]"}
COMMAND: POST /session/61a4e41d5d5dd3b82ee98b69d8aceb21/elements - {"using":"xpath","value":"//li[.//span[contains(text(),'526 -')]]"}
RESULT: {"using":"xpath","value":"//li[.//span[contains(text(),'526 -')]]"}
COMMAND: POST /session/61a4e41d5d5dd3b82ee98b69d8aceb21/elements - {"using":"xpath","value":"//li[.//span[contains(text(),'526 -')]]"}
RESULT: {"using":"xpath","value":"//li[.//span[contains(text(),'526 -')]]"}
COMMAND: POST /session/61a4e41d5d5dd3b82ee98b69d8aceb21/elements - {"using":"xpath","value":"//li[.//span[contains(text(),'526 -')]]"}
RESULT: {"using":"xpath","value":"//li[.//span[contains(text(),'526 -')]]"}
COMMAND: POST /session/61a4e41d5d5dd3b82ee98b69d8aceb21/elements - {"using":"xpath","value":"//li[.//span[contains(text(),'526 -')]]"}
RESULT: {"using":"xpath","value":"//li[.//span[contains(text(),'526 -')]]"}
COMMAND: POST /session/61a4e41d5d5dd3b82ee98b69d8aceb21/elements - {"using":"xpath","value":"//li[.//span[contains(text(),'526 -')]]"}
RESULT: {"using":"xpath","value":"//li[.//span[contains(text(),'526 -')]]"}
COMMAND: POST /session/61a4e41d5d5dd3b82ee98b69d8aceb21/elements - {"using":"xpath","value":"//li[.//span[contains(text(),'526 -')]]"}
RESULT: {"using":"xpath","value":"//li[.//span[contains(text(),'526 -')]]"}
COMMAND: POST /session/61a4e41d5d5dd3b82ee98b69d8aceb21/elements - {"using":"xpath","value":"//li[.//span[contains(text(),'526 -')]]"}
RESULT: {"using":"xpath","value":"//li[.//span[contains(text(),'526 -')]]"}
COMMAND: POST /session/61a4e41d5d5dd3b82ee98b69d8aceb21/elements - {"using":"xpath","value":"//li[.//span[contains(text(),'526 -')]]"}
RESULT: {"using":"xpath","value":"//li[.//span[contains(text(),'526 -')]]"}
COMMAND: POST /session/61a4e41d5d5dd3b82ee98b69d8aceb21/elements - {"using":"xpath","value":"//li[.//span[contains(text(),'526 -')]]"}
RESULT: {"using":"xpath","value":"//li[.//span[contains(text(),'526 -')]]"}
COMMAND: POST /session/61a4e41d5d5dd3b82ee98b69d8aceb21/elements - {"using":"xpath","value":"//li[.//span[contains(text(),'526 -')]]"}
RESULT: {"using":"xpath","value":"//li[.//span[contains(text(),'526 -')]]"}
COMMAND: POST /session/61a4e41d5d5dd3b82ee98b69d8aceb21/elements - {"using":"xpath","value":"//li[.//span[contains(text(),'526 -')]]"}
RESULT: {"using":"xpath","value":"//li[.//span[contains(text(),'526 -')]]"}
COMMAND: POST /session/61a4e41d5d5dd3b82ee98b69d8aceb21/elements - {"using":"xpath","value":"//li[.//span[contains(text(),'526 -')]]"}
COMMAND: GET /session/61a4e41d5d5dd3b82ee98b69d8aceb21/screenshot - {}
RESULT: {"using":"xpath","value":"//li[.//span[contains(text(),'526 -')]]"}
RESULT: {}
COMMAND: GET /session/61a4e41d5d5dd3b82ee98b69d8aceb21/screenshot - {}
]]></system-out>
      <system-err><![CDATA[
Error: Can't call click on element with selector "//li[.//span[contains(text(),'526 -')]]" because element wasn't found
    at async UtilsPrerequisites.stockIncrease (D:\a\1\s\test\specs\BTS\prerequisites-and-utils-functions.js:1638:9)
    at async Context.<anonymous> (D:\a\1\s\test\specs\HTR\yard-mass-return.spec.js:57:9)
]]></system-err>
    </testcase>
    <testcase classname="chrome.136_0_7103_93.windows.Prerequisites_&amp;_test_for_yard_mass_return_on_Yard_Overview_US131057" name="Prereq Should create a new contract" time="61.085">
      <failure/>
      <error message="element (&quot;//button[@data-kt=&quot;addButton&quot;]&quot;) still not existing after 45000ms"/>
      <system-out><![CDATA[
COMMAND: POST /session/61a4e41d5d5dd3b82ee98b69d8aceb21/execute/async - {"script":"<script> [1562 bytes]","args":[{"selector":{"controlType":"sap.m.GenericTile","properties":{"header":"Manage Contracts"}},"wdio_ui5_key":"sapm.GenericTile{\"header\":\"Manage Contracts\"}"}]}
RESULT: {}
RESULT: {"script":"<script> [1562 bytes]","args":[{"selector":{"controlType":"sap.m.GenericTile","properties":{"header":"Manage Contracts"}},"wdio_ui5_key":"sapm.GenericTile{\"header\":\"Manage Contracts\"}"}]}
RESULT: undefined
COMMAND: POST /session/61a4e41d5d5dd3b82ee98b69d8aceb21/elements - {"using":"xpath","value":"//span[text()='Error']"}
RESULT: {"using":"xpath","value":"//span[text()='Error']"}
COMMAND: POST /session/61a4e41d5d5dd3b82ee98b69d8aceb21/element - {"using":"xpath","value":"//button[@data-kt=\"addButton\"]"}
RESULT: {"using":"xpath","value":"//button[@data-kt=\"addButton\"]"}
COMMAND: POST /session/61a4e41d5d5dd3b82ee98b69d8aceb21/elements - {"using":"xpath","value":"//button[@data-kt=\"addButton\"]"}
RESULT: {"using":"xpath","value":"//button[@data-kt=\"addButton\"]"}
COMMAND: POST /session/61a4e41d5d5dd3b82ee98b69d8aceb21/elements - {"using":"xpath","value":"//button[@data-kt=\"addButton\"]"}
RESULT: {"using":"xpath","value":"//button[@data-kt=\"addButton\"]"}
COMMAND: POST /session/61a4e41d5d5dd3b82ee98b69d8aceb21/elements - {"using":"xpath","value":"//button[@data-kt=\"addButton\"]"}
RESULT: {"using":"xpath","value":"//button[@data-kt=\"addButton\"]"}
COMMAND: POST /session/61a4e41d5d5dd3b82ee98b69d8aceb21/elements - {"using":"xpath","value":"//button[@data-kt=\"addButton\"]"}
RESULT: {"using":"xpath","value":"//button[@data-kt=\"addButton\"]"}
COMMAND: POST /session/61a4e41d5d5dd3b82ee98b69d8aceb21/elements - {"using":"xpath","value":"//button[@data-kt=\"addButton\"]"}
RESULT: {"using":"xpath","value":"//button[@data-kt=\"addButton\"]"}
COMMAND: POST /session/61a4e41d5d5dd3b82ee98b69d8aceb21/elements - {"using":"xpath","value":"//button[@data-kt=\"addButton\"]"}
RESULT: {"using":"xpath","value":"//button[@data-kt=\"addButton\"]"}
COMMAND: POST /session/61a4e41d5d5dd3b82ee98b69d8aceb21/elements - {"using":"xpath","value":"//button[@data-kt=\"addButton\"]"}
RESULT: {"using":"xpath","value":"//button[@data-kt=\"addButton\"]"}
COMMAND: POST /session/61a4e41d5d5dd3b82ee98b69d8aceb21/elements - {"using":"xpath","value":"//button[@data-kt=\"addButton\"]"}
RESULT: {"using":"xpath","value":"//button[@data-kt=\"addButton\"]"}
COMMAND: POST /session/61a4e41d5d5dd3b82ee98b69d8aceb21/elements - {"using":"xpath","value":"//button[@data-kt=\"addButton\"]"}
RESULT: {"using":"xpath","value":"//button[@data-kt=\"addButton\"]"}
COMMAND: POST /session/61a4e41d5d5dd3b82ee98b69d8aceb21/elements - {"using":"xpath","value":"//button[@data-kt=\"addButton\"]"}
RESULT: {"using":"xpath","value":"//button[@data-kt=\"addButton\"]"}
COMMAND: POST /session/61a4e41d5d5dd3b82ee98b69d8aceb21/elements - {"using":"xpath","value":"//button[@data-kt=\"addButton\"]"}
RESULT: {"using":"xpath","value":"//button[@data-kt=\"addButton\"]"}
COMMAND: POST /session/61a4e41d5d5dd3b82ee98b69d8aceb21/elements - {"using":"xpath","value":"//button[@data-kt=\"addButton\"]"}
RESULT: {"using":"xpath","value":"//button[@data-kt=\"addButton\"]"}
COMMAND: POST /session/61a4e41d5d5dd3b82ee98b69d8aceb21/elements - {"using":"xpath","value":"//button[@data-kt=\"addButton\"]"}
RESULT: {"using":"xpath","value":"//button[@data-kt=\"addButton\"]"}
COMMAND: POST /session/61a4e41d5d5dd3b82ee98b69d8aceb21/elements - {"using":"xpath","value":"//button[@data-kt=\"addButton\"]"}
RESULT: {"using":"xpath","value":"//button[@data-kt=\"addButton\"]"}
COMMAND: POST /session/61a4e41d5d5dd3b82ee98b69d8aceb21/elements - {"using":"xpath","value":"//button[@data-kt=\"addButton\"]"}
RESULT: {"using":"xpath","value":"//button[@data-kt=\"addButton\"]"}
COMMAND: POST /session/61a4e41d5d5dd3b82ee98b69d8aceb21/elements - {"using":"xpath","value":"//button[@data-kt=\"addButton\"]"}
RESULT: {"using":"xpath","value":"//button[@data-kt=\"addButton\"]"}
COMMAND: POST /session/61a4e41d5d5dd3b82ee98b69d8aceb21/elements - {"using":"xpath","value":"//button[@data-kt=\"addButton\"]"}
RESULT: {"using":"xpath","value":"//button[@data-kt=\"addButton\"]"}
COMMAND: POST /session/61a4e41d5d5dd3b82ee98b69d8aceb21/elements - {"using":"xpath","value":"//button[@data-kt=\"addButton\"]"}
RESULT: {"using":"xpath","value":"//button[@data-kt=\"addButton\"]"}
COMMAND: POST /session/61a4e41d5d5dd3b82ee98b69d8aceb21/elements - {"using":"xpath","value":"//button[@data-kt=\"addButton\"]"}
RESULT: {"using":"xpath","value":"//button[@data-kt=\"addButton\"]"}
COMMAND: POST /session/61a4e41d5d5dd3b82ee98b69d8aceb21/elements - {"using":"xpath","value":"//button[@data-kt=\"addButton\"]"}
RESULT: {"using":"xpath","value":"//button[@data-kt=\"addButton\"]"}
COMMAND: POST /session/61a4e41d5d5dd3b82ee98b69d8aceb21/elements - {"using":"xpath","value":"//button[@data-kt=\"addButton\"]"}
RESULT: {"using":"xpath","value":"//button[@data-kt=\"addButton\"]"}
COMMAND: POST /session/61a4e41d5d5dd3b82ee98b69d8aceb21/elements - {"using":"xpath","value":"//button[@data-kt=\"addButton\"]"}
RESULT: {"using":"xpath","value":"//button[@data-kt=\"addButton\"]"}
COMMAND: POST /session/61a4e41d5d5dd3b82ee98b69d8aceb21/elements - {"using":"xpath","value":"//button[@data-kt=\"addButton\"]"}
RESULT: {"using":"xpath","value":"//button[@data-kt=\"addButton\"]"}
COMMAND: POST /session/61a4e41d5d5dd3b82ee98b69d8aceb21/elements - {"using":"xpath","value":"//button[@data-kt=\"addButton\"]"}
RESULT: {"using":"xpath","value":"//button[@data-kt=\"addButton\"]"}
COMMAND: POST /session/61a4e41d5d5dd3b82ee98b69d8aceb21/elements - {"using":"xpath","value":"//button[@data-kt=\"addButton\"]"}
RESULT: {"using":"xpath","value":"//button[@data-kt=\"addButton\"]"}
COMMAND: POST /session/61a4e41d5d5dd3b82ee98b69d8aceb21/elements - {"using":"xpath","value":"//button[@data-kt=\"addButton\"]"}
RESULT: {"using":"xpath","value":"//button[@data-kt=\"addButton\"]"}
COMMAND: POST /session/61a4e41d5d5dd3b82ee98b69d8aceb21/elements - {"using":"xpath","value":"//button[@data-kt=\"addButton\"]"}
RESULT: {"using":"xpath","value":"//button[@data-kt=\"addButton\"]"}
COMMAND: POST /session/61a4e41d5d5dd3b82ee98b69d8aceb21/elements - {"using":"xpath","value":"//button[@data-kt=\"addButton\"]"}
RESULT: {"using":"xpath","value":"//button[@data-kt=\"addButton\"]"}
COMMAND: POST /session/61a4e41d5d5dd3b82ee98b69d8aceb21/elements - {"using":"xpath","value":"//button[@data-kt=\"addButton\"]"}
RESULT: {"using":"xpath","value":"//button[@data-kt=\"addButton\"]"}
COMMAND: POST /session/61a4e41d5d5dd3b82ee98b69d8aceb21/elements - {"using":"xpath","value":"//button[@data-kt=\"addButton\"]"}
RESULT: {"using":"xpath","value":"//button[@data-kt=\"addButton\"]"}
COMMAND: POST /session/61a4e41d5d5dd3b82ee98b69d8aceb21/elements - {"using":"xpath","value":"//button[@data-kt=\"addButton\"]"}
RESULT: {"using":"xpath","value":"//button[@data-kt=\"addButton\"]"}
COMMAND: POST /session/61a4e41d5d5dd3b82ee98b69d8aceb21/elements - {"using":"xpath","value":"//button[@data-kt=\"addButton\"]"}
RESULT: {"using":"xpath","value":"//button[@data-kt=\"addButton\"]"}
COMMAND: POST /session/61a4e41d5d5dd3b82ee98b69d8aceb21/elements - {"using":"xpath","value":"//button[@data-kt=\"addButton\"]"}
RESULT: {"using":"xpath","value":"//button[@data-kt=\"addButton\"]"}
COMMAND: POST /session/61a4e41d5d5dd3b82ee98b69d8aceb21/elements - {"using":"xpath","value":"//button[@data-kt=\"addButton\"]"}
RESULT: {"using":"xpath","value":"//button[@data-kt=\"addButton\"]"}
COMMAND: POST /session/61a4e41d5d5dd3b82ee98b69d8aceb21/elements - {"using":"xpath","value":"//button[@data-kt=\"addButton\"]"}
RESULT: {"using":"xpath","value":"//button[@data-kt=\"addButton\"]"}
COMMAND: POST /session/61a4e41d5d5dd3b82ee98b69d8aceb21/elements - {"using":"xpath","value":"//button[@data-kt=\"addButton\"]"}
RESULT: {"using":"xpath","value":"//button[@data-kt=\"addButton\"]"}
COMMAND: POST /session/61a4e41d5d5dd3b82ee98b69d8aceb21/elements - {"using":"xpath","value":"//button[@data-kt=\"addButton\"]"}
RESULT: {"using":"xpath","value":"//button[@data-kt=\"addButton\"]"}
COMMAND: POST /session/61a4e41d5d5dd3b82ee98b69d8aceb21/elements - {"using":"xpath","value":"//button[@data-kt=\"addButton\"]"}
RESULT: {"using":"xpath","value":"//button[@data-kt=\"addButton\"]"}
COMMAND: POST /session/61a4e41d5d5dd3b82ee98b69d8aceb21/elements - {"using":"xpath","value":"//button[@data-kt=\"addButton\"]"}
RESULT: {"using":"xpath","value":"//button[@data-kt=\"addButton\"]"}
COMMAND: POST /session/61a4e41d5d5dd3b82ee98b69d8aceb21/elements - {"using":"xpath","value":"//button[@data-kt=\"addButton\"]"}
RESULT: {"using":"xpath","value":"//button[@data-kt=\"addButton\"]"}
COMMAND: POST /session/61a4e41d5d5dd3b82ee98b69d8aceb21/elements - {"using":"xpath","value":"//button[@data-kt=\"addButton\"]"}
RESULT: {"using":"xpath","value":"//button[@data-kt=\"addButton\"]"}
COMMAND: POST /session/61a4e41d5d5dd3b82ee98b69d8aceb21/elements - {"using":"xpath","value":"//button[@data-kt=\"addButton\"]"}
RESULT: {"using":"xpath","value":"//button[@data-kt=\"addButton\"]"}
COMMAND: POST /session/61a4e41d5d5dd3b82ee98b69d8aceb21/elements - {"using":"xpath","value":"//button[@data-kt=\"addButton\"]"}
RESULT: {"using":"xpath","value":"//button[@data-kt=\"addButton\"]"}
COMMAND: POST /session/61a4e41d5d5dd3b82ee98b69d8aceb21/elements - {"using":"xpath","value":"//button[@data-kt=\"addButton\"]"}
RESULT: {"using":"xpath","value":"//button[@data-kt=\"addButton\"]"}
COMMAND: POST /session/61a4e41d5d5dd3b82ee98b69d8aceb21/elements - {"using":"xpath","value":"//button[@data-kt=\"addButton\"]"}
RESULT: {"using":"xpath","value":"//button[@data-kt=\"addButton\"]"}
COMMAND: POST /session/61a4e41d5d5dd3b82ee98b69d8aceb21/elements - {"using":"xpath","value":"//button[@data-kt=\"addButton\"]"}
RESULT: {"using":"xpath","value":"//button[@data-kt=\"addButton\"]"}
COMMAND: POST /session/61a4e41d5d5dd3b82ee98b69d8aceb21/elements - {"using":"xpath","value":"//button[@data-kt=\"addButton\"]"}
RESULT: {"using":"xpath","value":"//button[@data-kt=\"addButton\"]"}
COMMAND: POST /session/61a4e41d5d5dd3b82ee98b69d8aceb21/elements - {"using":"xpath","value":"//button[@data-kt=\"addButton\"]"}
RESULT: {"using":"xpath","value":"//button[@data-kt=\"addButton\"]"}
COMMAND: POST /session/61a4e41d5d5dd3b82ee98b69d8aceb21/elements - {"using":"xpath","value":"//button[@data-kt=\"addButton\"]"}
RESULT: {"using":"xpath","value":"//button[@data-kt=\"addButton\"]"}
COMMAND: POST /session/61a4e41d5d5dd3b82ee98b69d8aceb21/elements - {"using":"xpath","value":"//button[@data-kt=\"addButton\"]"}
RESULT: {"using":"xpath","value":"//button[@data-kt=\"addButton\"]"}
COMMAND: POST /session/61a4e41d5d5dd3b82ee98b69d8aceb21/elements - {"using":"xpath","value":"//button[@data-kt=\"addButton\"]"}
RESULT: {"using":"xpath","value":"//button[@data-kt=\"addButton\"]"}
COMMAND: POST /session/61a4e41d5d5dd3b82ee98b69d8aceb21/elements - {"using":"xpath","value":"//button[@data-kt=\"addButton\"]"}
RESULT: {"using":"xpath","value":"//button[@data-kt=\"addButton\"]"}
COMMAND: POST /session/61a4e41d5d5dd3b82ee98b69d8aceb21/elements - {"using":"xpath","value":"//button[@data-kt=\"addButton\"]"}
RESULT: {"using":"xpath","value":"//button[@data-kt=\"addButton\"]"}
COMMAND: POST /session/61a4e41d5d5dd3b82ee98b69d8aceb21/elements - {"using":"xpath","value":"//button[@data-kt=\"addButton\"]"}
RESULT: {"using":"xpath","value":"//button[@data-kt=\"addButton\"]"}
COMMAND: POST /session/61a4e41d5d5dd3b82ee98b69d8aceb21/elements - {"using":"xpath","value":"//button[@data-kt=\"addButton\"]"}
RESULT: {"using":"xpath","value":"//button[@data-kt=\"addButton\"]"}
COMMAND: POST /session/61a4e41d5d5dd3b82ee98b69d8aceb21/elements - {"using":"xpath","value":"//button[@data-kt=\"addButton\"]"}
RESULT: {"using":"xpath","value":"//button[@data-kt=\"addButton\"]"}
COMMAND: POST /session/61a4e41d5d5dd3b82ee98b69d8aceb21/elements - {"using":"xpath","value":"//button[@data-kt=\"addButton\"]"}
RESULT: {"using":"xpath","value":"//button[@data-kt=\"addButton\"]"}
COMMAND: POST /session/61a4e41d5d5dd3b82ee98b69d8aceb21/elements - {"using":"xpath","value":"//button[@data-kt=\"addButton\"]"}
RESULT: {"using":"xpath","value":"//button[@data-kt=\"addButton\"]"}
COMMAND: POST /session/61a4e41d5d5dd3b82ee98b69d8aceb21/elements - {"using":"xpath","value":"//button[@data-kt=\"addButton\"]"}
RESULT: {"using":"xpath","value":"//button[@data-kt=\"addButton\"]"}
COMMAND: POST /session/61a4e41d5d5dd3b82ee98b69d8aceb21/elements - {"using":"xpath","value":"//button[@data-kt=\"addButton\"]"}
RESULT: {"using":"xpath","value":"//button[@data-kt=\"addButton\"]"}
COMMAND: POST /session/61a4e41d5d5dd3b82ee98b69d8aceb21/elements - {"using":"xpath","value":"//button[@data-kt=\"addButton\"]"}
RESULT: {"using":"xpath","value":"//button[@data-kt=\"addButton\"]"}
COMMAND: POST /session/61a4e41d5d5dd3b82ee98b69d8aceb21/elements - {"using":"xpath","value":"//button[@data-kt=\"addButton\"]"}
RESULT: {"using":"xpath","value":"//button[@data-kt=\"addButton\"]"}
COMMAND: POST /session/61a4e41d5d5dd3b82ee98b69d8aceb21/elements - {"using":"xpath","value":"//button[@data-kt=\"addButton\"]"}
RESULT: {"using":"xpath","value":"//button[@data-kt=\"addButton\"]"}
COMMAND: POST /session/61a4e41d5d5dd3b82ee98b69d8aceb21/elements - {"using":"xpath","value":"//button[@data-kt=\"addButton\"]"}
RESULT: {"using":"xpath","value":"//button[@data-kt=\"addButton\"]"}
COMMAND: POST /session/61a4e41d5d5dd3b82ee98b69d8aceb21/elements - {"using":"xpath","value":"//button[@data-kt=\"addButton\"]"}
RESULT: {"using":"xpath","value":"//button[@data-kt=\"addButton\"]"}
COMMAND: POST /session/61a4e41d5d5dd3b82ee98b69d8aceb21/elements - {"using":"xpath","value":"//button[@data-kt=\"addButton\"]"}
RESULT: {"using":"xpath","value":"//button[@data-kt=\"addButton\"]"}
COMMAND: POST /session/61a4e41d5d5dd3b82ee98b69d8aceb21/elements - {"using":"xpath","value":"//button[@data-kt=\"addButton\"]"}
RESULT: {"using":"xpath","value":"//button[@data-kt=\"addButton\"]"}
COMMAND: POST /session/61a4e41d5d5dd3b82ee98b69d8aceb21/elements - {"using":"xpath","value":"//button[@data-kt=\"addButton\"]"}
RESULT: {"using":"xpath","value":"//button[@data-kt=\"addButton\"]"}
COMMAND: POST /session/61a4e41d5d5dd3b82ee98b69d8aceb21/elements - {"using":"xpath","value":"//button[@data-kt=\"addButton\"]"}
RESULT: {"using":"xpath","value":"//button[@data-kt=\"addButton\"]"}
COMMAND: POST /session/61a4e41d5d5dd3b82ee98b69d8aceb21/elements - {"using":"xpath","value":"//button[@data-kt=\"addButton\"]"}
RESULT: {"using":"xpath","value":"//button[@data-kt=\"addButton\"]"}
COMMAND: POST /session/61a4e41d5d5dd3b82ee98b69d8aceb21/elements - {"using":"xpath","value":"//button[@data-kt=\"addButton\"]"}
RESULT: {"using":"xpath","value":"//button[@data-kt=\"addButton\"]"}
COMMAND: POST /session/61a4e41d5d5dd3b82ee98b69d8aceb21/elements - {"using":"xpath","value":"//button[@data-kt=\"addButton\"]"}
RESULT: {"using":"xpath","value":"//button[@data-kt=\"addButton\"]"}
COMMAND: POST /session/61a4e41d5d5dd3b82ee98b69d8aceb21/elements - {"using":"xpath","value":"//button[@data-kt=\"addButton\"]"}
RESULT: {"using":"xpath","value":"//button[@data-kt=\"addButton\"]"}
COMMAND: POST /session/61a4e41d5d5dd3b82ee98b69d8aceb21/elements - {"using":"xpath","value":"//button[@data-kt=\"addButton\"]"}
RESULT: {"using":"xpath","value":"//button[@data-kt=\"addButton\"]"}
COMMAND: POST /session/61a4e41d5d5dd3b82ee98b69d8aceb21/elements - {"using":"xpath","value":"//button[@data-kt=\"addButton\"]"}
RESULT: {"using":"xpath","value":"//button[@data-kt=\"addButton\"]"}
COMMAND: POST /session/61a4e41d5d5dd3b82ee98b69d8aceb21/elements - {"using":"xpath","value":"//button[@data-kt=\"addButton\"]"}
RESULT: {"using":"xpath","value":"//button[@data-kt=\"addButton\"]"}
COMMAND: POST /session/61a4e41d5d5dd3b82ee98b69d8aceb21/elements - {"using":"xpath","value":"//button[@data-kt=\"addButton\"]"}
RESULT: {"using":"xpath","value":"//button[@data-kt=\"addButton\"]"}
COMMAND: POST /session/61a4e41d5d5dd3b82ee98b69d8aceb21/elements - {"using":"xpath","value":"//button[@data-kt=\"addButton\"]"}
RESULT: {"using":"xpath","value":"//button[@data-kt=\"addButton\"]"}
COMMAND: POST /session/61a4e41d5d5dd3b82ee98b69d8aceb21/elements - {"using":"xpath","value":"//button[@data-kt=\"addButton\"]"}
RESULT: {"using":"xpath","value":"//button[@data-kt=\"addButton\"]"}
COMMAND: POST /session/61a4e41d5d5dd3b82ee98b69d8aceb21/elements - {"using":"xpath","value":"//button[@data-kt=\"addButton\"]"}
RESULT: {"using":"xpath","value":"//button[@data-kt=\"addButton\"]"}
COMMAND: POST /session/61a4e41d5d5dd3b82ee98b69d8aceb21/elements - {"using":"xpath","value":"//button[@data-kt=\"addButton\"]"}
RESULT: {"using":"xpath","value":"//button[@data-kt=\"addButton\"]"}
COMMAND: POST /session/61a4e41d5d5dd3b82ee98b69d8aceb21/elements - {"using":"xpath","value":"//button[@data-kt=\"addButton\"]"}
RESULT: {"using":"xpath","value":"//button[@data-kt=\"addButton\"]"}
COMMAND: POST /session/61a4e41d5d5dd3b82ee98b69d8aceb21/elements - {"using":"xpath","value":"//button[@data-kt=\"addButton\"]"}
RESULT: {"using":"xpath","value":"//button[@data-kt=\"addButton\"]"}
COMMAND: POST /session/61a4e41d5d5dd3b82ee98b69d8aceb21/elements - {"using":"xpath","value":"//button[@data-kt=\"addButton\"]"}
RESULT: {"using":"xpath","value":"//button[@data-kt=\"addButton\"]"}
COMMAND: POST /session/61a4e41d5d5dd3b82ee98b69d8aceb21/elements - {"using":"xpath","value":"//button[@data-kt=\"addButton\"]"}
RESULT: {"using":"xpath","value":"//button[@data-kt=\"addButton\"]"}
COMMAND: POST /session/61a4e41d5d5dd3b82ee98b69d8aceb21/elements - {"using":"xpath","value":"//button[@data-kt=\"addButton\"]"}
RESULT: {"using":"xpath","value":"//button[@data-kt=\"addButton\"]"}
COMMAND: POST /session/61a4e41d5d5dd3b82ee98b69d8aceb21/elements - {"using":"xpath","value":"//button[@data-kt=\"addButton\"]"}
RESULT: {"using":"xpath","value":"//button[@data-kt=\"addButton\"]"}
COMMAND: POST /session/61a4e41d5d5dd3b82ee98b69d8aceb21/elements - {"using":"xpath","value":"//button[@data-kt=\"addButton\"]"}
RESULT: {"using":"xpath","value":"//button[@data-kt=\"addButton\"]"}
COMMAND: POST /session/61a4e41d5d5dd3b82ee98b69d8aceb21/elements - {"using":"xpath","value":"//button[@data-kt=\"addButton\"]"}
RESULT: {"using":"xpath","value":"//button[@data-kt=\"addButton\"]"}
COMMAND: POST /session/61a4e41d5d5dd3b82ee98b69d8aceb21/elements - {"using":"xpath","value":"//button[@data-kt=\"addButton\"]"}
RESULT: {"using":"xpath","value":"//button[@data-kt=\"addButton\"]"}
COMMAND: POST /session/61a4e41d5d5dd3b82ee98b69d8aceb21/elements - {"using":"xpath","value":"//button[@data-kt=\"addButton\"]"}
COMMAND: GET /session/61a4e41d5d5dd3b82ee98b69d8aceb21/screenshot - {}
RESULT: {"using":"xpath","value":"//button[@data-kt=\"addButton\"]"}
RESULT: {}
]]></system-out>
      <system-err><![CDATA[
Error: element ("//button[@data-kt="addButton"]") still not existing after 45000ms
    at async UtilsPrerequisites.contractCreation (D:\a\1\s\test\specs\BTS\prerequisites-and-utils-functions.js:1741:9)
    at async Context.<anonymous> (D:\a\1\s\test\specs\HTR\yard-mass-return.spec.js:62:44)
]]></system-err>
    </testcase>
    <testcase classname="chrome.136_0_7103_93.windows.Prerequisites_&amp;_test_for_yard_mass_return_on_Yard_Overview_US131057" name="Prereq Should add created material to contract" time="60.962">
      <failure/>
      <error message="Can't call click on element with selector &quot;//button[@data-kt=&quot;contractDetailEditBtnButton&quot;]&quot; because element wasn't found"/>
      <system-out><![CDATA[
COMMAND: GET /session/61a4e41d5d5dd3b82ee98b69d8aceb21/screenshot - {}
COMMAND: POST /session/61a4e41d5d5dd3b82ee98b69d8aceb21/element - {"using":"xpath","value":"//button[@data-kt=\"contractDetailEditBtnButton\"]"}
RESULT: {}
RESULT: {"using":"xpath","value":"//button[@data-kt=\"contractDetailEditBtnButton\"]"}
COMMAND: POST /session/61a4e41d5d5dd3b82ee98b69d8aceb21/elements - {"using":"xpath","value":"//button[@data-kt=\"contractDetailEditBtnButton\"]"}
RESULT: {"using":"xpath","value":"//button[@data-kt=\"contractDetailEditBtnButton\"]"}
COMMAND: POST /session/61a4e41d5d5dd3b82ee98b69d8aceb21/elements - {"using":"xpath","value":"//button[@data-kt=\"contractDetailEditBtnButton\"]"}
RESULT: {"using":"xpath","value":"//button[@data-kt=\"contractDetailEditBtnButton\"]"}
COMMAND: POST /session/61a4e41d5d5dd3b82ee98b69d8aceb21/elements - {"using":"xpath","value":"//button[@data-kt=\"contractDetailEditBtnButton\"]"}
RESULT: {"using":"xpath","value":"//button[@data-kt=\"contractDetailEditBtnButton\"]"}
COMMAND: POST /session/61a4e41d5d5dd3b82ee98b69d8aceb21/elements - {"using":"xpath","value":"//button[@data-kt=\"contractDetailEditBtnButton\"]"}
RESULT: {"using":"xpath","value":"//button[@data-kt=\"contractDetailEditBtnButton\"]"}
COMMAND: POST /session/61a4e41d5d5dd3b82ee98b69d8aceb21/elements - {"using":"xpath","value":"//button[@data-kt=\"contractDetailEditBtnButton\"]"}
RESULT: {"using":"xpath","value":"//button[@data-kt=\"contractDetailEditBtnButton\"]"}
COMMAND: POST /session/61a4e41d5d5dd3b82ee98b69d8aceb21/elements - {"using":"xpath","value":"//button[@data-kt=\"contractDetailEditBtnButton\"]"}
RESULT: {"using":"xpath","value":"//button[@data-kt=\"contractDetailEditBtnButton\"]"}
COMMAND: POST /session/61a4e41d5d5dd3b82ee98b69d8aceb21/elements - {"using":"xpath","value":"//button[@data-kt=\"contractDetailEditBtnButton\"]"}
RESULT: {"using":"xpath","value":"//button[@data-kt=\"contractDetailEditBtnButton\"]"}
COMMAND: POST /session/61a4e41d5d5dd3b82ee98b69d8aceb21/elements - {"using":"xpath","value":"//button[@data-kt=\"contractDetailEditBtnButton\"]"}
RESULT: {"using":"xpath","value":"//button[@data-kt=\"contractDetailEditBtnButton\"]"}
COMMAND: POST /session/61a4e41d5d5dd3b82ee98b69d8aceb21/elements - {"using":"xpath","value":"//button[@data-kt=\"contractDetailEditBtnButton\"]"}
RESULT: {"using":"xpath","value":"//button[@data-kt=\"contractDetailEditBtnButton\"]"}
COMMAND: POST /session/61a4e41d5d5dd3b82ee98b69d8aceb21/elements - {"using":"xpath","value":"//button[@data-kt=\"contractDetailEditBtnButton\"]"}
RESULT: {"using":"xpath","value":"//button[@data-kt=\"contractDetailEditBtnButton\"]"}
COMMAND: POST /session/61a4e41d5d5dd3b82ee98b69d8aceb21/elements - {"using":"xpath","value":"//button[@data-kt=\"contractDetailEditBtnButton\"]"}
RESULT: {"using":"xpath","value":"//button[@data-kt=\"contractDetailEditBtnButton\"]"}
COMMAND: POST /session/61a4e41d5d5dd3b82ee98b69d8aceb21/elements - {"using":"xpath","value":"//button[@data-kt=\"contractDetailEditBtnButton\"]"}
RESULT: {"using":"xpath","value":"//button[@data-kt=\"contractDetailEditBtnButton\"]"}
COMMAND: POST /session/61a4e41d5d5dd3b82ee98b69d8aceb21/elements - {"using":"xpath","value":"//button[@data-kt=\"contractDetailEditBtnButton\"]"}
RESULT: {"using":"xpath","value":"//button[@data-kt=\"contractDetailEditBtnButton\"]"}
COMMAND: POST /session/61a4e41d5d5dd3b82ee98b69d8aceb21/elements - {"using":"xpath","value":"//button[@data-kt=\"contractDetailEditBtnButton\"]"}
RESULT: {"using":"xpath","value":"//button[@data-kt=\"contractDetailEditBtnButton\"]"}
COMMAND: POST /session/61a4e41d5d5dd3b82ee98b69d8aceb21/elements - {"using":"xpath","value":"//button[@data-kt=\"contractDetailEditBtnButton\"]"}
RESULT: {"using":"xpath","value":"//button[@data-kt=\"contractDetailEditBtnButton\"]"}
COMMAND: POST /session/61a4e41d5d5dd3b82ee98b69d8aceb21/elements - {"using":"xpath","value":"//button[@data-kt=\"contractDetailEditBtnButton\"]"}
RESULT: {"using":"xpath","value":"//button[@data-kt=\"contractDetailEditBtnButton\"]"}
COMMAND: POST /session/61a4e41d5d5dd3b82ee98b69d8aceb21/elements - {"using":"xpath","value":"//button[@data-kt=\"contractDetailEditBtnButton\"]"}
RESULT: {"using":"xpath","value":"//button[@data-kt=\"contractDetailEditBtnButton\"]"}
COMMAND: POST /session/61a4e41d5d5dd3b82ee98b69d8aceb21/elements - {"using":"xpath","value":"//button[@data-kt=\"contractDetailEditBtnButton\"]"}
RESULT: {"using":"xpath","value":"//button[@data-kt=\"contractDetailEditBtnButton\"]"}
COMMAND: POST /session/61a4e41d5d5dd3b82ee98b69d8aceb21/elements - {"using":"xpath","value":"//button[@data-kt=\"contractDetailEditBtnButton\"]"}
RESULT: {"using":"xpath","value":"//button[@data-kt=\"contractDetailEditBtnButton\"]"}
COMMAND: POST /session/61a4e41d5d5dd3b82ee98b69d8aceb21/elements - {"using":"xpath","value":"//button[@data-kt=\"contractDetailEditBtnButton\"]"}
RESULT: {"using":"xpath","value":"//button[@data-kt=\"contractDetailEditBtnButton\"]"}
COMMAND: POST /session/61a4e41d5d5dd3b82ee98b69d8aceb21/elements - {"using":"xpath","value":"//button[@data-kt=\"contractDetailEditBtnButton\"]"}
RESULT: {"using":"xpath","value":"//button[@data-kt=\"contractDetailEditBtnButton\"]"}
COMMAND: POST /session/61a4e41d5d5dd3b82ee98b69d8aceb21/elements - {"using":"xpath","value":"//button[@data-kt=\"contractDetailEditBtnButton\"]"}
RESULT: {"using":"xpath","value":"//button[@data-kt=\"contractDetailEditBtnButton\"]"}
COMMAND: POST /session/61a4e41d5d5dd3b82ee98b69d8aceb21/elements - {"using":"xpath","value":"//button[@data-kt=\"contractDetailEditBtnButton\"]"}
RESULT: {"using":"xpath","value":"//button[@data-kt=\"contractDetailEditBtnButton\"]"}
COMMAND: POST /session/61a4e41d5d5dd3b82ee98b69d8aceb21/elements - {"using":"xpath","value":"//button[@data-kt=\"contractDetailEditBtnButton\"]"}
RESULT: {"using":"xpath","value":"//button[@data-kt=\"contractDetailEditBtnButton\"]"}
COMMAND: POST /session/61a4e41d5d5dd3b82ee98b69d8aceb21/elements - {"using":"xpath","value":"//button[@data-kt=\"contractDetailEditBtnButton\"]"}
RESULT: {"using":"xpath","value":"//button[@data-kt=\"contractDetailEditBtnButton\"]"}
COMMAND: POST /session/61a4e41d5d5dd3b82ee98b69d8aceb21/elements - {"using":"xpath","value":"//button[@data-kt=\"contractDetailEditBtnButton\"]"}
RESULT: {"using":"xpath","value":"//button[@data-kt=\"contractDetailEditBtnButton\"]"}
COMMAND: POST /session/61a4e41d5d5dd3b82ee98b69d8aceb21/elements - {"using":"xpath","value":"//button[@data-kt=\"contractDetailEditBtnButton\"]"}
RESULT: {"using":"xpath","value":"//button[@data-kt=\"contractDetailEditBtnButton\"]"}
COMMAND: POST /session/61a4e41d5d5dd3b82ee98b69d8aceb21/elements - {"using":"xpath","value":"//button[@data-kt=\"contractDetailEditBtnButton\"]"}
RESULT: {"using":"xpath","value":"//button[@data-kt=\"contractDetailEditBtnButton\"]"}
COMMAND: POST /session/61a4e41d5d5dd3b82ee98b69d8aceb21/elements - {"using":"xpath","value":"//button[@data-kt=\"contractDetailEditBtnButton\"]"}
RESULT: {"using":"xpath","value":"//button[@data-kt=\"contractDetailEditBtnButton\"]"}
COMMAND: POST /session/61a4e41d5d5dd3b82ee98b69d8aceb21/elements - {"using":"xpath","value":"//button[@data-kt=\"contractDetailEditBtnButton\"]"}
RESULT: {"using":"xpath","value":"//button[@data-kt=\"contractDetailEditBtnButton\"]"}
COMMAND: POST /session/61a4e41d5d5dd3b82ee98b69d8aceb21/elements - {"using":"xpath","value":"//button[@data-kt=\"contractDetailEditBtnButton\"]"}
RESULT: {"using":"xpath","value":"//button[@data-kt=\"contractDetailEditBtnButton\"]"}
COMMAND: POST /session/61a4e41d5d5dd3b82ee98b69d8aceb21/elements - {"using":"xpath","value":"//button[@data-kt=\"contractDetailEditBtnButton\"]"}
RESULT: {"using":"xpath","value":"//button[@data-kt=\"contractDetailEditBtnButton\"]"}
COMMAND: POST /session/61a4e41d5d5dd3b82ee98b69d8aceb21/elements - {"using":"xpath","value":"//button[@data-kt=\"contractDetailEditBtnButton\"]"}
RESULT: {"using":"xpath","value":"//button[@data-kt=\"contractDetailEditBtnButton\"]"}
COMMAND: POST /session/61a4e41d5d5dd3b82ee98b69d8aceb21/elements - {"using":"xpath","value":"//button[@data-kt=\"contractDetailEditBtnButton\"]"}
RESULT: {"using":"xpath","value":"//button[@data-kt=\"contractDetailEditBtnButton\"]"}
COMMAND: POST /session/61a4e41d5d5dd3b82ee98b69d8aceb21/elements - {"using":"xpath","value":"//button[@data-kt=\"contractDetailEditBtnButton\"]"}
RESULT: {"using":"xpath","value":"//button[@data-kt=\"contractDetailEditBtnButton\"]"}
COMMAND: POST /session/61a4e41d5d5dd3b82ee98b69d8aceb21/elements - {"using":"xpath","value":"//button[@data-kt=\"contractDetailEditBtnButton\"]"}
RESULT: {"using":"xpath","value":"//button[@data-kt=\"contractDetailEditBtnButton\"]"}
COMMAND: POST /session/61a4e41d5d5dd3b82ee98b69d8aceb21/elements - {"using":"xpath","value":"//button[@data-kt=\"contractDetailEditBtnButton\"]"}
RESULT: {"using":"xpath","value":"//button[@data-kt=\"contractDetailEditBtnButton\"]"}
COMMAND: POST /session/61a4e41d5d5dd3b82ee98b69d8aceb21/elements - {"using":"xpath","value":"//button[@data-kt=\"contractDetailEditBtnButton\"]"}
RESULT: {"using":"xpath","value":"//button[@data-kt=\"contractDetailEditBtnButton\"]"}
COMMAND: POST /session/61a4e41d5d5dd3b82ee98b69d8aceb21/elements - {"using":"xpath","value":"//button[@data-kt=\"contractDetailEditBtnButton\"]"}
RESULT: {"using":"xpath","value":"//button[@data-kt=\"contractDetailEditBtnButton\"]"}
COMMAND: POST /session/61a4e41d5d5dd3b82ee98b69d8aceb21/elements - {"using":"xpath","value":"//button[@data-kt=\"contractDetailEditBtnButton\"]"}
RESULT: {"using":"xpath","value":"//button[@data-kt=\"contractDetailEditBtnButton\"]"}
COMMAND: POST /session/61a4e41d5d5dd3b82ee98b69d8aceb21/elements - {"using":"xpath","value":"//button[@data-kt=\"contractDetailEditBtnButton\"]"}
RESULT: {"using":"xpath","value":"//button[@data-kt=\"contractDetailEditBtnButton\"]"}
COMMAND: POST /session/61a4e41d5d5dd3b82ee98b69d8aceb21/elements - {"using":"xpath","value":"//button[@data-kt=\"contractDetailEditBtnButton\"]"}
RESULT: {"using":"xpath","value":"//button[@data-kt=\"contractDetailEditBtnButton\"]"}
COMMAND: POST /session/61a4e41d5d5dd3b82ee98b69d8aceb21/elements - {"using":"xpath","value":"//button[@data-kt=\"contractDetailEditBtnButton\"]"}
RESULT: {"using":"xpath","value":"//button[@data-kt=\"contractDetailEditBtnButton\"]"}
COMMAND: POST /session/61a4e41d5d5dd3b82ee98b69d8aceb21/elements - {"using":"xpath","value":"//button[@data-kt=\"contractDetailEditBtnButton\"]"}
RESULT: {"using":"xpath","value":"//button[@data-kt=\"contractDetailEditBtnButton\"]"}
COMMAND: POST /session/61a4e41d5d5dd3b82ee98b69d8aceb21/elements - {"using":"xpath","value":"//button[@data-kt=\"contractDetailEditBtnButton\"]"}
RESULT: {"using":"xpath","value":"//button[@data-kt=\"contractDetailEditBtnButton\"]"}
COMMAND: POST /session/61a4e41d5d5dd3b82ee98b69d8aceb21/elements - {"using":"xpath","value":"//button[@data-kt=\"contractDetailEditBtnButton\"]"}
RESULT: {"using":"xpath","value":"//button[@data-kt=\"contractDetailEditBtnButton\"]"}
COMMAND: POST /session/61a4e41d5d5dd3b82ee98b69d8aceb21/elements - {"using":"xpath","value":"//button[@data-kt=\"contractDetailEditBtnButton\"]"}
RESULT: {"using":"xpath","value":"//button[@data-kt=\"contractDetailEditBtnButton\"]"}
COMMAND: POST /session/61a4e41d5d5dd3b82ee98b69d8aceb21/elements - {"using":"xpath","value":"//button[@data-kt=\"contractDetailEditBtnButton\"]"}
RESULT: {"using":"xpath","value":"//button[@data-kt=\"contractDetailEditBtnButton\"]"}
COMMAND: POST /session/61a4e41d5d5dd3b82ee98b69d8aceb21/elements - {"using":"xpath","value":"//button[@data-kt=\"contractDetailEditBtnButton\"]"}
RESULT: {"using":"xpath","value":"//button[@data-kt=\"contractDetailEditBtnButton\"]"}
COMMAND: POST /session/61a4e41d5d5dd3b82ee98b69d8aceb21/elements - {"using":"xpath","value":"//button[@data-kt=\"contractDetailEditBtnButton\"]"}
RESULT: {"using":"xpath","value":"//button[@data-kt=\"contractDetailEditBtnButton\"]"}
COMMAND: POST /session/61a4e41d5d5dd3b82ee98b69d8aceb21/elements - {"using":"xpath","value":"//button[@data-kt=\"contractDetailEditBtnButton\"]"}
RESULT: {"using":"xpath","value":"//button[@data-kt=\"contractDetailEditBtnButton\"]"}
COMMAND: POST /session/61a4e41d5d5dd3b82ee98b69d8aceb21/elements - {"using":"xpath","value":"//button[@data-kt=\"contractDetailEditBtnButton\"]"}
RESULT: {"using":"xpath","value":"//button[@data-kt=\"contractDetailEditBtnButton\"]"}
COMMAND: POST /session/61a4e41d5d5dd3b82ee98b69d8aceb21/elements - {"using":"xpath","value":"//button[@data-kt=\"contractDetailEditBtnButton\"]"}
RESULT: {"using":"xpath","value":"//button[@data-kt=\"contractDetailEditBtnButton\"]"}
COMMAND: POST /session/61a4e41d5d5dd3b82ee98b69d8aceb21/elements - {"using":"xpath","value":"//button[@data-kt=\"contractDetailEditBtnButton\"]"}
RESULT: {"using":"xpath","value":"//button[@data-kt=\"contractDetailEditBtnButton\"]"}
COMMAND: POST /session/61a4e41d5d5dd3b82ee98b69d8aceb21/elements - {"using":"xpath","value":"//button[@data-kt=\"contractDetailEditBtnButton\"]"}
RESULT: {"using":"xpath","value":"//button[@data-kt=\"contractDetailEditBtnButton\"]"}
COMMAND: POST /session/61a4e41d5d5dd3b82ee98b69d8aceb21/elements - {"using":"xpath","value":"//button[@data-kt=\"contractDetailEditBtnButton\"]"}
RESULT: {"using":"xpath","value":"//button[@data-kt=\"contractDetailEditBtnButton\"]"}
COMMAND: POST /session/61a4e41d5d5dd3b82ee98b69d8aceb21/elements - {"using":"xpath","value":"//button[@data-kt=\"contractDetailEditBtnButton\"]"}
RESULT: {"using":"xpath","value":"//button[@data-kt=\"contractDetailEditBtnButton\"]"}
COMMAND: POST /session/61a4e41d5d5dd3b82ee98b69d8aceb21/elements - {"using":"xpath","value":"//button[@data-kt=\"contractDetailEditBtnButton\"]"}
RESULT: {"using":"xpath","value":"//button[@data-kt=\"contractDetailEditBtnButton\"]"}
COMMAND: POST /session/61a4e41d5d5dd3b82ee98b69d8aceb21/elements - {"using":"xpath","value":"//button[@data-kt=\"contractDetailEditBtnButton\"]"}
RESULT: {"using":"xpath","value":"//button[@data-kt=\"contractDetailEditBtnButton\"]"}
COMMAND: POST /session/61a4e41d5d5dd3b82ee98b69d8aceb21/elements - {"using":"xpath","value":"//button[@data-kt=\"contractDetailEditBtnButton\"]"}
RESULT: {"using":"xpath","value":"//button[@data-kt=\"contractDetailEditBtnButton\"]"}
COMMAND: POST /session/61a4e41d5d5dd3b82ee98b69d8aceb21/elements - {"using":"xpath","value":"//button[@data-kt=\"contractDetailEditBtnButton\"]"}
RESULT: {"using":"xpath","value":"//button[@data-kt=\"contractDetailEditBtnButton\"]"}
COMMAND: POST /session/61a4e41d5d5dd3b82ee98b69d8aceb21/elements - {"using":"xpath","value":"//button[@data-kt=\"contractDetailEditBtnButton\"]"}
RESULT: {"using":"xpath","value":"//button[@data-kt=\"contractDetailEditBtnButton\"]"}
COMMAND: POST /session/61a4e41d5d5dd3b82ee98b69d8aceb21/elements - {"using":"xpath","value":"//button[@data-kt=\"contractDetailEditBtnButton\"]"}
RESULT: {"using":"xpath","value":"//button[@data-kt=\"contractDetailEditBtnButton\"]"}
COMMAND: POST /session/61a4e41d5d5dd3b82ee98b69d8aceb21/elements - {"using":"xpath","value":"//button[@data-kt=\"contractDetailEditBtnButton\"]"}
RESULT: {"using":"xpath","value":"//button[@data-kt=\"contractDetailEditBtnButton\"]"}
COMMAND: POST /session/61a4e41d5d5dd3b82ee98b69d8aceb21/elements - {"using":"xpath","value":"//button[@data-kt=\"contractDetailEditBtnButton\"]"}
RESULT: {"using":"xpath","value":"//button[@data-kt=\"contractDetailEditBtnButton\"]"}
COMMAND: POST /session/61a4e41d5d5dd3b82ee98b69d8aceb21/elements - {"using":"xpath","value":"//button[@data-kt=\"contractDetailEditBtnButton\"]"}
RESULT: {"using":"xpath","value":"//button[@data-kt=\"contractDetailEditBtnButton\"]"}
COMMAND: POST /session/61a4e41d5d5dd3b82ee98b69d8aceb21/elements - {"using":"xpath","value":"//button[@data-kt=\"contractDetailEditBtnButton\"]"}
RESULT: {"using":"xpath","value":"//button[@data-kt=\"contractDetailEditBtnButton\"]"}
COMMAND: POST /session/61a4e41d5d5dd3b82ee98b69d8aceb21/elements - {"using":"xpath","value":"//button[@data-kt=\"contractDetailEditBtnButton\"]"}
RESULT: {"using":"xpath","value":"//button[@data-kt=\"contractDetailEditBtnButton\"]"}
COMMAND: POST /session/61a4e41d5d5dd3b82ee98b69d8aceb21/elements - {"using":"xpath","value":"//button[@data-kt=\"contractDetailEditBtnButton\"]"}
RESULT: {"using":"xpath","value":"//button[@data-kt=\"contractDetailEditBtnButton\"]"}
COMMAND: POST /session/61a4e41d5d5dd3b82ee98b69d8aceb21/elements - {"using":"xpath","value":"//button[@data-kt=\"contractDetailEditBtnButton\"]"}
RESULT: {"using":"xpath","value":"//button[@data-kt=\"contractDetailEditBtnButton\"]"}
COMMAND: POST /session/61a4e41d5d5dd3b82ee98b69d8aceb21/elements - {"using":"xpath","value":"//button[@data-kt=\"contractDetailEditBtnButton\"]"}
RESULT: {"using":"xpath","value":"//button[@data-kt=\"contractDetailEditBtnButton\"]"}
COMMAND: POST /session/61a4e41d5d5dd3b82ee98b69d8aceb21/elements - {"using":"xpath","value":"//button[@data-kt=\"contractDetailEditBtnButton\"]"}
RESULT: {"using":"xpath","value":"//button[@data-kt=\"contractDetailEditBtnButton\"]"}
COMMAND: POST /session/61a4e41d5d5dd3b82ee98b69d8aceb21/elements - {"using":"xpath","value":"//button[@data-kt=\"contractDetailEditBtnButton\"]"}
RESULT: {"using":"xpath","value":"//button[@data-kt=\"contractDetailEditBtnButton\"]"}
COMMAND: POST /session/61a4e41d5d5dd3b82ee98b69d8aceb21/elements - {"using":"xpath","value":"//button[@data-kt=\"contractDetailEditBtnButton\"]"}
RESULT: {"using":"xpath","value":"//button[@data-kt=\"contractDetailEditBtnButton\"]"}
COMMAND: POST /session/61a4e41d5d5dd3b82ee98b69d8aceb21/elements - {"using":"xpath","value":"//button[@data-kt=\"contractDetailEditBtnButton\"]"}
RESULT: {"using":"xpath","value":"//button[@data-kt=\"contractDetailEditBtnButton\"]"}
COMMAND: POST /session/61a4e41d5d5dd3b82ee98b69d8aceb21/elements - {"using":"xpath","value":"//button[@data-kt=\"contractDetailEditBtnButton\"]"}
RESULT: {"using":"xpath","value":"//button[@data-kt=\"contractDetailEditBtnButton\"]"}
COMMAND: POST /session/61a4e41d5d5dd3b82ee98b69d8aceb21/elements - {"using":"xpath","value":"//button[@data-kt=\"contractDetailEditBtnButton\"]"}
RESULT: {"using":"xpath","value":"//button[@data-kt=\"contractDetailEditBtnButton\"]"}
COMMAND: POST /session/61a4e41d5d5dd3b82ee98b69d8aceb21/elements - {"using":"xpath","value":"//button[@data-kt=\"contractDetailEditBtnButton\"]"}
RESULT: {"using":"xpath","value":"//button[@data-kt=\"contractDetailEditBtnButton\"]"}
COMMAND: POST /session/61a4e41d5d5dd3b82ee98b69d8aceb21/elements - {"using":"xpath","value":"//button[@data-kt=\"contractDetailEditBtnButton\"]"}
RESULT: {"using":"xpath","value":"//button[@data-kt=\"contractDetailEditBtnButton\"]"}
COMMAND: POST /session/61a4e41d5d5dd3b82ee98b69d8aceb21/elements - {"using":"xpath","value":"//button[@data-kt=\"contractDetailEditBtnButton\"]"}
RESULT: {"using":"xpath","value":"//button[@data-kt=\"contractDetailEditBtnButton\"]"}
COMMAND: POST /session/61a4e41d5d5dd3b82ee98b69d8aceb21/elements - {"using":"xpath","value":"//button[@data-kt=\"contractDetailEditBtnButton\"]"}
RESULT: {"using":"xpath","value":"//button[@data-kt=\"contractDetailEditBtnButton\"]"}
COMMAND: POST /session/61a4e41d5d5dd3b82ee98b69d8aceb21/elements - {"using":"xpath","value":"//button[@data-kt=\"contractDetailEditBtnButton\"]"}
RESULT: {"using":"xpath","value":"//button[@data-kt=\"contractDetailEditBtnButton\"]"}
COMMAND: POST /session/61a4e41d5d5dd3b82ee98b69d8aceb21/elements - {"using":"xpath","value":"//button[@data-kt=\"contractDetailEditBtnButton\"]"}
RESULT: {"using":"xpath","value":"//button[@data-kt=\"contractDetailEditBtnButton\"]"}
COMMAND: POST /session/61a4e41d5d5dd3b82ee98b69d8aceb21/elements - {"using":"xpath","value":"//button[@data-kt=\"contractDetailEditBtnButton\"]"}
RESULT: {"using":"xpath","value":"//button[@data-kt=\"contractDetailEditBtnButton\"]"}
COMMAND: POST /session/61a4e41d5d5dd3b82ee98b69d8aceb21/elements - {"using":"xpath","value":"//button[@data-kt=\"contractDetailEditBtnButton\"]"}
RESULT: {"using":"xpath","value":"//button[@data-kt=\"contractDetailEditBtnButton\"]"}
COMMAND: POST /session/61a4e41d5d5dd3b82ee98b69d8aceb21/elements - {"using":"xpath","value":"//button[@data-kt=\"contractDetailEditBtnButton\"]"}
RESULT: {"using":"xpath","value":"//button[@data-kt=\"contractDetailEditBtnButton\"]"}
COMMAND: POST /session/61a4e41d5d5dd3b82ee98b69d8aceb21/elements - {"using":"xpath","value":"//button[@data-kt=\"contractDetailEditBtnButton\"]"}
RESULT: {"using":"xpath","value":"//button[@data-kt=\"contractDetailEditBtnButton\"]"}
COMMAND: POST /session/61a4e41d5d5dd3b82ee98b69d8aceb21/elements - {"using":"xpath","value":"//button[@data-kt=\"contractDetailEditBtnButton\"]"}
RESULT: {"using":"xpath","value":"//button[@data-kt=\"contractDetailEditBtnButton\"]"}
COMMAND: POST /session/61a4e41d5d5dd3b82ee98b69d8aceb21/elements - {"using":"xpath","value":"//button[@data-kt=\"contractDetailEditBtnButton\"]"}
RESULT: {"using":"xpath","value":"//button[@data-kt=\"contractDetailEditBtnButton\"]"}
COMMAND: POST /session/61a4e41d5d5dd3b82ee98b69d8aceb21/elements - {"using":"xpath","value":"//button[@data-kt=\"contractDetailEditBtnButton\"]"}
RESULT: {"using":"xpath","value":"//button[@data-kt=\"contractDetailEditBtnButton\"]"}
COMMAND: POST /session/61a4e41d5d5dd3b82ee98b69d8aceb21/elements - {"using":"xpath","value":"//button[@data-kt=\"contractDetailEditBtnButton\"]"}
RESULT: {"using":"xpath","value":"//button[@data-kt=\"contractDetailEditBtnButton\"]"}
COMMAND: POST /session/61a4e41d5d5dd3b82ee98b69d8aceb21/elements - {"using":"xpath","value":"//button[@data-kt=\"contractDetailEditBtnButton\"]"}
RESULT: {"using":"xpath","value":"//button[@data-kt=\"contractDetailEditBtnButton\"]"}
COMMAND: POST /session/61a4e41d5d5dd3b82ee98b69d8aceb21/elements - {"using":"xpath","value":"//button[@data-kt=\"contractDetailEditBtnButton\"]"}
RESULT: {"using":"xpath","value":"//button[@data-kt=\"contractDetailEditBtnButton\"]"}
COMMAND: POST /session/61a4e41d5d5dd3b82ee98b69d8aceb21/elements - {"using":"xpath","value":"//button[@data-kt=\"contractDetailEditBtnButton\"]"}
RESULT: {"using":"xpath","value":"//button[@data-kt=\"contractDetailEditBtnButton\"]"}
COMMAND: POST /session/61a4e41d5d5dd3b82ee98b69d8aceb21/elements - {"using":"xpath","value":"//button[@data-kt=\"contractDetailEditBtnButton\"]"}
RESULT: {"using":"xpath","value":"//button[@data-kt=\"contractDetailEditBtnButton\"]"}
COMMAND: POST /session/61a4e41d5d5dd3b82ee98b69d8aceb21/elements - {"using":"xpath","value":"//button[@data-kt=\"contractDetailEditBtnButton\"]"}
RESULT: {"using":"xpath","value":"//button[@data-kt=\"contractDetailEditBtnButton\"]"}
COMMAND: POST /session/61a4e41d5d5dd3b82ee98b69d8aceb21/elements - {"using":"xpath","value":"//button[@data-kt=\"contractDetailEditBtnButton\"]"}
RESULT: {"using":"xpath","value":"//button[@data-kt=\"contractDetailEditBtnButton\"]"}
COMMAND: POST /session/61a4e41d5d5dd3b82ee98b69d8aceb21/elements - {"using":"xpath","value":"//button[@data-kt=\"contractDetailEditBtnButton\"]"}
RESULT: {"using":"xpath","value":"//button[@data-kt=\"contractDetailEditBtnButton\"]"}
COMMAND: POST /session/61a4e41d5d5dd3b82ee98b69d8aceb21/elements - {"using":"xpath","value":"//button[@data-kt=\"contractDetailEditBtnButton\"]"}
RESULT: {"using":"xpath","value":"//button[@data-kt=\"contractDetailEditBtnButton\"]"}
COMMAND: POST /session/61a4e41d5d5dd3b82ee98b69d8aceb21/elements - {"using":"xpath","value":"//button[@data-kt=\"contractDetailEditBtnButton\"]"}
RESULT: {"using":"xpath","value":"//button[@data-kt=\"contractDetailEditBtnButton\"]"}
COMMAND: POST /session/61a4e41d5d5dd3b82ee98b69d8aceb21/elements - {"using":"xpath","value":"//button[@data-kt=\"contractDetailEditBtnButton\"]"}
RESULT: {"using":"xpath","value":"//button[@data-kt=\"contractDetailEditBtnButton\"]"}
COMMAND: POST /session/61a4e41d5d5dd3b82ee98b69d8aceb21/elements - {"using":"xpath","value":"//button[@data-kt=\"contractDetailEditBtnButton\"]"}
RESULT: {"using":"xpath","value":"//button[@data-kt=\"contractDetailEditBtnButton\"]"}
COMMAND: POST /session/61a4e41d5d5dd3b82ee98b69d8aceb21/elements - {"using":"xpath","value":"//button[@data-kt=\"contractDetailEditBtnButton\"]"}
RESULT: {"using":"xpath","value":"//button[@data-kt=\"contractDetailEditBtnButton\"]"}
COMMAND: POST /session/61a4e41d5d5dd3b82ee98b69d8aceb21/elements - {"using":"xpath","value":"//button[@data-kt=\"contractDetailEditBtnButton\"]"}
RESULT: {"using":"xpath","value":"//button[@data-kt=\"contractDetailEditBtnButton\"]"}
COMMAND: POST /session/61a4e41d5d5dd3b82ee98b69d8aceb21/elements - {"using":"xpath","value":"//button[@data-kt=\"contractDetailEditBtnButton\"]"}
RESULT: {"using":"xpath","value":"//button[@data-kt=\"contractDetailEditBtnButton\"]"}
COMMAND: POST /session/61a4e41d5d5dd3b82ee98b69d8aceb21/elements - {"using":"xpath","value":"//button[@data-kt=\"contractDetailEditBtnButton\"]"}
RESULT: {"using":"xpath","value":"//button[@data-kt=\"contractDetailEditBtnButton\"]"}
COMMAND: POST /session/61a4e41d5d5dd3b82ee98b69d8aceb21/elements - {"using":"xpath","value":"//button[@data-kt=\"contractDetailEditBtnButton\"]"}
RESULT: {"using":"xpath","value":"//button[@data-kt=\"contractDetailEditBtnButton\"]"}
COMMAND: POST /session/61a4e41d5d5dd3b82ee98b69d8aceb21/elements - {"using":"xpath","value":"//button[@data-kt=\"contractDetailEditBtnButton\"]"}
RESULT: {"using":"xpath","value":"//button[@data-kt=\"contractDetailEditBtnButton\"]"}
COMMAND: POST /session/61a4e41d5d5dd3b82ee98b69d8aceb21/elements - {"using":"xpath","value":"//button[@data-kt=\"contractDetailEditBtnButton\"]"}
RESULT: {"using":"xpath","value":"//button[@data-kt=\"contractDetailEditBtnButton\"]"}
COMMAND: POST /session/61a4e41d5d5dd3b82ee98b69d8aceb21/elements - {"using":"xpath","value":"//button[@data-kt=\"contractDetailEditBtnButton\"]"}
RESULT: {"using":"xpath","value":"//button[@data-kt=\"contractDetailEditBtnButton\"]"}
COMMAND: POST /session/61a4e41d5d5dd3b82ee98b69d8aceb21/elements - {"using":"xpath","value":"//button[@data-kt=\"contractDetailEditBtnButton\"]"}
RESULT: {"using":"xpath","value":"//button[@data-kt=\"contractDetailEditBtnButton\"]"}
COMMAND: POST /session/61a4e41d5d5dd3b82ee98b69d8aceb21/elements - {"using":"xpath","value":"//button[@data-kt=\"contractDetailEditBtnButton\"]"}
RESULT: {"using":"xpath","value":"//button[@data-kt=\"contractDetailEditBtnButton\"]"}
COMMAND: POST /session/61a4e41d5d5dd3b82ee98b69d8aceb21/elements - {"using":"xpath","value":"//button[@data-kt=\"contractDetailEditBtnButton\"]"}
RESULT: {"using":"xpath","value":"//button[@data-kt=\"contractDetailEditBtnButton\"]"}
COMMAND: POST /session/61a4e41d5d5dd3b82ee98b69d8aceb21/elements - {"using":"xpath","value":"//button[@data-kt=\"contractDetailEditBtnButton\"]"}
RESULT: {"using":"xpath","value":"//button[@data-kt=\"contractDetailEditBtnButton\"]"}
COMMAND: POST /session/61a4e41d5d5dd3b82ee98b69d8aceb21/elements - {"using":"xpath","value":"//button[@data-kt=\"contractDetailEditBtnButton\"]"}
RESULT: {"using":"xpath","value":"//button[@data-kt=\"contractDetailEditBtnButton\"]"}
COMMAND: POST /session/61a4e41d5d5dd3b82ee98b69d8aceb21/elements - {"using":"xpath","value":"//button[@data-kt=\"contractDetailEditBtnButton\"]"}
RESULT: {"using":"xpath","value":"//button[@data-kt=\"contractDetailEditBtnButton\"]"}
COMMAND: POST /session/61a4e41d5d5dd3b82ee98b69d8aceb21/elements - {"using":"xpath","value":"//button[@data-kt=\"contractDetailEditBtnButton\"]"}
RESULT: {"using":"xpath","value":"//button[@data-kt=\"contractDetailEditBtnButton\"]"}
COMMAND: POST /session/61a4e41d5d5dd3b82ee98b69d8aceb21/elements - {"using":"xpath","value":"//button[@data-kt=\"contractDetailEditBtnButton\"]"}
RESULT: {"using":"xpath","value":"//button[@data-kt=\"contractDetailEditBtnButton\"]"}
COMMAND: POST /session/61a4e41d5d5dd3b82ee98b69d8aceb21/elements - {"using":"xpath","value":"//button[@data-kt=\"contractDetailEditBtnButton\"]"}
RESULT: {"using":"xpath","value":"//button[@data-kt=\"contractDetailEditBtnButton\"]"}
COMMAND: POST /session/61a4e41d5d5dd3b82ee98b69d8aceb21/elements - {"using":"xpath","value":"//button[@data-kt=\"contractDetailEditBtnButton\"]"}
RESULT: {"using":"xpath","value":"//button[@data-kt=\"contractDetailEditBtnButton\"]"}
COMMAND: POST /session/61a4e41d5d5dd3b82ee98b69d8aceb21/elements - {"using":"xpath","value":"//button[@data-kt=\"contractDetailEditBtnButton\"]"}
COMMAND: GET /session/61a4e41d5d5dd3b82ee98b69d8aceb21/screenshot - {}
RESULT: {"using":"xpath","value":"//button[@data-kt=\"contractDetailEditBtnButton\"]"}
RESULT: {}
]]></system-out>
      <system-err><![CDATA[
Error: Can't call click on element with selector "//button[@data-kt="contractDetailEditBtnButton"]" because element wasn't found
    at async UtilsPrerequisites.addItemToContract (D:\a\1\s\test\specs\BTS\prerequisites-and-utils-functions.js:1852:9)
    at async Context.<anonymous> (D:\a\1\s\test\specs\HTR\yard-mass-return.spec.js:66:9)
]]></system-err>
    </testcase>
    <testcase classname="chrome.136_0_7103_93.windows.Prerequisites_&amp;_test_for_yard_mass_return_on_Yard_Overview_US131057" name="Prerq Should do a provide to site handover" time="60.937">
      <failure/>
      <error message="Can't call click on element with selector &quot;//button[@data-kt=&quot;provideButton&quot;]&quot; because element wasn't found"/>
      <system-out><![CDATA[
COMMAND: POST /session/61a4e41d5d5dd3b82ee98b69d8aceb21/element - {"using":"xpath","value":"//button[@data-kt=\"provideButton\"]"}
COMMAND: GET /session/61a4e41d5d5dd3b82ee98b69d8aceb21/screenshot - {}
RESULT: {"using":"xpath","value":"//button[@data-kt=\"provideButton\"]"}
COMMAND: POST /session/61a4e41d5d5dd3b82ee98b69d8aceb21/elements - {"using":"xpath","value":"//button[@data-kt=\"provideButton\"]"}
RESULT: {}
RESULT: {"using":"xpath","value":"//button[@data-kt=\"provideButton\"]"}
COMMAND: POST /session/61a4e41d5d5dd3b82ee98b69d8aceb21/elements - {"using":"xpath","value":"//button[@data-kt=\"provideButton\"]"}
RESULT: {"using":"xpath","value":"//button[@data-kt=\"provideButton\"]"}
COMMAND: POST /session/61a4e41d5d5dd3b82ee98b69d8aceb21/elements - {"using":"xpath","value":"//button[@data-kt=\"provideButton\"]"}
RESULT: {"using":"xpath","value":"//button[@data-kt=\"provideButton\"]"}
COMMAND: POST /session/61a4e41d5d5dd3b82ee98b69d8aceb21/elements - {"using":"xpath","value":"//button[@data-kt=\"provideButton\"]"}
RESULT: {"using":"xpath","value":"//button[@data-kt=\"provideButton\"]"}
COMMAND: POST /session/61a4e41d5d5dd3b82ee98b69d8aceb21/elements - {"using":"xpath","value":"//button[@data-kt=\"provideButton\"]"}
RESULT: {"using":"xpath","value":"//button[@data-kt=\"provideButton\"]"}
COMMAND: POST /session/61a4e41d5d5dd3b82ee98b69d8aceb21/elements - {"using":"xpath","value":"//button[@data-kt=\"provideButton\"]"}
RESULT: {"using":"xpath","value":"//button[@data-kt=\"provideButton\"]"}
COMMAND: POST /session/61a4e41d5d5dd3b82ee98b69d8aceb21/elements - {"using":"xpath","value":"//button[@data-kt=\"provideButton\"]"}
RESULT: {"using":"xpath","value":"//button[@data-kt=\"provideButton\"]"}
COMMAND: POST /session/61a4e41d5d5dd3b82ee98b69d8aceb21/elements - {"using":"xpath","value":"//button[@data-kt=\"provideButton\"]"}
RESULT: {"using":"xpath","value":"//button[@data-kt=\"provideButton\"]"}
COMMAND: POST /session/61a4e41d5d5dd3b82ee98b69d8aceb21/elements - {"using":"xpath","value":"//button[@data-kt=\"provideButton\"]"}
RESULT: {"using":"xpath","value":"//button[@data-kt=\"provideButton\"]"}
COMMAND: POST /session/61a4e41d5d5dd3b82ee98b69d8aceb21/elements - {"using":"xpath","value":"//button[@data-kt=\"provideButton\"]"}
RESULT: {"using":"xpath","value":"//button[@data-kt=\"provideButton\"]"}
COMMAND: POST /session/61a4e41d5d5dd3b82ee98b69d8aceb21/elements - {"using":"xpath","value":"//button[@data-kt=\"provideButton\"]"}
RESULT: {"using":"xpath","value":"//button[@data-kt=\"provideButton\"]"}
COMMAND: POST /session/61a4e41d5d5dd3b82ee98b69d8aceb21/elements - {"using":"xpath","value":"//button[@data-kt=\"provideButton\"]"}
RESULT: {"using":"xpath","value":"//button[@data-kt=\"provideButton\"]"}
COMMAND: POST /session/61a4e41d5d5dd3b82ee98b69d8aceb21/elements - {"using":"xpath","value":"//button[@data-kt=\"provideButton\"]"}
RESULT: {"using":"xpath","value":"//button[@data-kt=\"provideButton\"]"}
COMMAND: POST /session/61a4e41d5d5dd3b82ee98b69d8aceb21/elements - {"using":"xpath","value":"//button[@data-kt=\"provideButton\"]"}
RESULT: {"using":"xpath","value":"//button[@data-kt=\"provideButton\"]"}
COMMAND: POST /session/61a4e41d5d5dd3b82ee98b69d8aceb21/elements - {"using":"xpath","value":"//button[@data-kt=\"provideButton\"]"}
RESULT: {"using":"xpath","value":"//button[@data-kt=\"provideButton\"]"}
COMMAND: POST /session/61a4e41d5d5dd3b82ee98b69d8aceb21/elements - {"using":"xpath","value":"//button[@data-kt=\"provideButton\"]"}
RESULT: {"using":"xpath","value":"//button[@data-kt=\"provideButton\"]"}
COMMAND: POST /session/61a4e41d5d5dd3b82ee98b69d8aceb21/elements - {"using":"xpath","value":"//button[@data-kt=\"provideButton\"]"}
RESULT: {"using":"xpath","value":"//button[@data-kt=\"provideButton\"]"}
COMMAND: POST /session/61a4e41d5d5dd3b82ee98b69d8aceb21/elements - {"using":"xpath","value":"//button[@data-kt=\"provideButton\"]"}
RESULT: {"using":"xpath","value":"//button[@data-kt=\"provideButton\"]"}
COMMAND: POST /session/61a4e41d5d5dd3b82ee98b69d8aceb21/elements - {"using":"xpath","value":"//button[@data-kt=\"provideButton\"]"}
RESULT: {"using":"xpath","value":"//button[@data-kt=\"provideButton\"]"}
COMMAND: POST /session/61a4e41d5d5dd3b82ee98b69d8aceb21/elements - {"using":"xpath","value":"//button[@data-kt=\"provideButton\"]"}
RESULT: {"using":"xpath","value":"//button[@data-kt=\"provideButton\"]"}
COMMAND: POST /session/61a4e41d5d5dd3b82ee98b69d8aceb21/elements - {"using":"xpath","value":"//button[@data-kt=\"provideButton\"]"}
RESULT: {"using":"xpath","value":"//button[@data-kt=\"provideButton\"]"}
COMMAND: POST /session/61a4e41d5d5dd3b82ee98b69d8aceb21/elements - {"using":"xpath","value":"//button[@data-kt=\"provideButton\"]"}
RESULT: {"using":"xpath","value":"//button[@data-kt=\"provideButton\"]"}
COMMAND: POST /session/61a4e41d5d5dd3b82ee98b69d8aceb21/elements - {"using":"xpath","value":"//button[@data-kt=\"provideButton\"]"}
RESULT: {"using":"xpath","value":"//button[@data-kt=\"provideButton\"]"}
COMMAND: POST /session/61a4e41d5d5dd3b82ee98b69d8aceb21/elements - {"using":"xpath","value":"//button[@data-kt=\"provideButton\"]"}
RESULT: {"using":"xpath","value":"//button[@data-kt=\"provideButton\"]"}
COMMAND: POST /session/61a4e41d5d5dd3b82ee98b69d8aceb21/elements - {"using":"xpath","value":"//button[@data-kt=\"provideButton\"]"}
RESULT: {"using":"xpath","value":"//button[@data-kt=\"provideButton\"]"}
COMMAND: POST /session/61a4e41d5d5dd3b82ee98b69d8aceb21/elements - {"using":"xpath","value":"//button[@data-kt=\"provideButton\"]"}
RESULT: {"using":"xpath","value":"//button[@data-kt=\"provideButton\"]"}
COMMAND: POST /session/61a4e41d5d5dd3b82ee98b69d8aceb21/elements - {"using":"xpath","value":"//button[@data-kt=\"provideButton\"]"}
RESULT: {"using":"xpath","value":"//button[@data-kt=\"provideButton\"]"}
COMMAND: POST /session/61a4e41d5d5dd3b82ee98b69d8aceb21/elements - {"using":"xpath","value":"//button[@data-kt=\"provideButton\"]"}
RESULT: {"using":"xpath","value":"//button[@data-kt=\"provideButton\"]"}
COMMAND: POST /session/61a4e41d5d5dd3b82ee98b69d8aceb21/elements - {"using":"xpath","value":"//button[@data-kt=\"provideButton\"]"}
RESULT: {"using":"xpath","value":"//button[@data-kt=\"provideButton\"]"}
COMMAND: POST /session/61a4e41d5d5dd3b82ee98b69d8aceb21/elements - {"using":"xpath","value":"//button[@data-kt=\"provideButton\"]"}
RESULT: {"using":"xpath","value":"//button[@data-kt=\"provideButton\"]"}
COMMAND: POST /session/61a4e41d5d5dd3b82ee98b69d8aceb21/elements - {"using":"xpath","value":"//button[@data-kt=\"provideButton\"]"}
RESULT: {"using":"xpath","value":"//button[@data-kt=\"provideButton\"]"}
COMMAND: POST /session/61a4e41d5d5dd3b82ee98b69d8aceb21/elements - {"using":"xpath","value":"//button[@data-kt=\"provideButton\"]"}
RESULT: {"using":"xpath","value":"//button[@data-kt=\"provideButton\"]"}
COMMAND: POST /session/61a4e41d5d5dd3b82ee98b69d8aceb21/elements - {"using":"xpath","value":"//button[@data-kt=\"provideButton\"]"}
RESULT: {"using":"xpath","value":"//button[@data-kt=\"provideButton\"]"}
COMMAND: POST /session/61a4e41d5d5dd3b82ee98b69d8aceb21/elements - {"using":"xpath","value":"//button[@data-kt=\"provideButton\"]"}
RESULT: {"using":"xpath","value":"//button[@data-kt=\"provideButton\"]"}
COMMAND: POST /session/61a4e41d5d5dd3b82ee98b69d8aceb21/elements - {"using":"xpath","value":"//button[@data-kt=\"provideButton\"]"}
RESULT: {"using":"xpath","value":"//button[@data-kt=\"provideButton\"]"}
COMMAND: POST /session/61a4e41d5d5dd3b82ee98b69d8aceb21/elements - {"using":"xpath","value":"//button[@data-kt=\"provideButton\"]"}
RESULT: {"using":"xpath","value":"//button[@data-kt=\"provideButton\"]"}
COMMAND: POST /session/61a4e41d5d5dd3b82ee98b69d8aceb21/elements - {"using":"xpath","value":"//button[@data-kt=\"provideButton\"]"}
RESULT: {"using":"xpath","value":"//button[@data-kt=\"provideButton\"]"}
COMMAND: POST /session/61a4e41d5d5dd3b82ee98b69d8aceb21/elements - {"using":"xpath","value":"//button[@data-kt=\"provideButton\"]"}
RESULT: {"using":"xpath","value":"//button[@data-kt=\"provideButton\"]"}
COMMAND: POST /session/61a4e41d5d5dd3b82ee98b69d8aceb21/elements - {"using":"xpath","value":"//button[@data-kt=\"provideButton\"]"}
RESULT: {"using":"xpath","value":"//button[@data-kt=\"provideButton\"]"}
COMMAND: POST /session/61a4e41d5d5dd3b82ee98b69d8aceb21/elements - {"using":"xpath","value":"//button[@data-kt=\"provideButton\"]"}
RESULT: {"using":"xpath","value":"//button[@data-kt=\"provideButton\"]"}
COMMAND: POST /session/61a4e41d5d5dd3b82ee98b69d8aceb21/elements - {"using":"xpath","value":"//button[@data-kt=\"provideButton\"]"}
RESULT: {"using":"xpath","value":"//button[@data-kt=\"provideButton\"]"}
COMMAND: POST /session/61a4e41d5d5dd3b82ee98b69d8aceb21/elements - {"using":"xpath","value":"//button[@data-kt=\"provideButton\"]"}
RESULT: {"using":"xpath","value":"//button[@data-kt=\"provideButton\"]"}
COMMAND: POST /session/61a4e41d5d5dd3b82ee98b69d8aceb21/elements - {"using":"xpath","value":"//button[@data-kt=\"provideButton\"]"}
RESULT: {"using":"xpath","value":"//button[@data-kt=\"provideButton\"]"}
COMMAND: POST /session/61a4e41d5d5dd3b82ee98b69d8aceb21/elements - {"using":"xpath","value":"//button[@data-kt=\"provideButton\"]"}
RESULT: {"using":"xpath","value":"//button[@data-kt=\"provideButton\"]"}
COMMAND: POST /session/61a4e41d5d5dd3b82ee98b69d8aceb21/elements - {"using":"xpath","value":"//button[@data-kt=\"provideButton\"]"}
RESULT: {"using":"xpath","value":"//button[@data-kt=\"provideButton\"]"}
COMMAND: POST /session/61a4e41d5d5dd3b82ee98b69d8aceb21/elements - {"using":"xpath","value":"//button[@data-kt=\"provideButton\"]"}
RESULT: {"using":"xpath","value":"//button[@data-kt=\"provideButton\"]"}
COMMAND: POST /session/61a4e41d5d5dd3b82ee98b69d8aceb21/elements - {"using":"xpath","value":"//button[@data-kt=\"provideButton\"]"}
RESULT: {"using":"xpath","value":"//button[@data-kt=\"provideButton\"]"}
COMMAND: POST /session/61a4e41d5d5dd3b82ee98b69d8aceb21/elements - {"using":"xpath","value":"//button[@data-kt=\"provideButton\"]"}
RESULT: {"using":"xpath","value":"//button[@data-kt=\"provideButton\"]"}
COMMAND: POST /session/61a4e41d5d5dd3b82ee98b69d8aceb21/elements - {"using":"xpath","value":"//button[@data-kt=\"provideButton\"]"}
RESULT: {"using":"xpath","value":"//button[@data-kt=\"provideButton\"]"}
COMMAND: POST /session/61a4e41d5d5dd3b82ee98b69d8aceb21/elements - {"using":"xpath","value":"//button[@data-kt=\"provideButton\"]"}
RESULT: {"using":"xpath","value":"//button[@data-kt=\"provideButton\"]"}
COMMAND: POST /session/61a4e41d5d5dd3b82ee98b69d8aceb21/elements - {"using":"xpath","value":"//button[@data-kt=\"provideButton\"]"}
RESULT: {"using":"xpath","value":"//button[@data-kt=\"provideButton\"]"}
COMMAND: POST /session/61a4e41d5d5dd3b82ee98b69d8aceb21/elements - {"using":"xpath","value":"//button[@data-kt=\"provideButton\"]"}
RESULT: {"using":"xpath","value":"//button[@data-kt=\"provideButton\"]"}
COMMAND: POST /session/61a4e41d5d5dd3b82ee98b69d8aceb21/elements - {"using":"xpath","value":"//button[@data-kt=\"provideButton\"]"}
RESULT: {"using":"xpath","value":"//button[@data-kt=\"provideButton\"]"}
COMMAND: POST /session/61a4e41d5d5dd3b82ee98b69d8aceb21/elements - {"using":"xpath","value":"//button[@data-kt=\"provideButton\"]"}
RESULT: {"using":"xpath","value":"//button[@data-kt=\"provideButton\"]"}
COMMAND: POST /session/61a4e41d5d5dd3b82ee98b69d8aceb21/elements - {"using":"xpath","value":"//button[@data-kt=\"provideButton\"]"}
RESULT: {"using":"xpath","value":"//button[@data-kt=\"provideButton\"]"}
COMMAND: POST /session/61a4e41d5d5dd3b82ee98b69d8aceb21/elements - {"using":"xpath","value":"//button[@data-kt=\"provideButton\"]"}
RESULT: {"using":"xpath","value":"//button[@data-kt=\"provideButton\"]"}
COMMAND: POST /session/61a4e41d5d5dd3b82ee98b69d8aceb21/elements - {"using":"xpath","value":"//button[@data-kt=\"provideButton\"]"}
RESULT: {"using":"xpath","value":"//button[@data-kt=\"provideButton\"]"}
COMMAND: POST /session/61a4e41d5d5dd3b82ee98b69d8aceb21/elements - {"using":"xpath","value":"//button[@data-kt=\"provideButton\"]"}
RESULT: {"using":"xpath","value":"//button[@data-kt=\"provideButton\"]"}
COMMAND: POST /session/61a4e41d5d5dd3b82ee98b69d8aceb21/elements - {"using":"xpath","value":"//button[@data-kt=\"provideButton\"]"}
RESULT: {"using":"xpath","value":"//button[@data-kt=\"provideButton\"]"}
COMMAND: POST /session/61a4e41d5d5dd3b82ee98b69d8aceb21/elements - {"using":"xpath","value":"//button[@data-kt=\"provideButton\"]"}
RESULT: {"using":"xpath","value":"//button[@data-kt=\"provideButton\"]"}
COMMAND: POST /session/61a4e41d5d5dd3b82ee98b69d8aceb21/elements - {"using":"xpath","value":"//button[@data-kt=\"provideButton\"]"}
RESULT: {"using":"xpath","value":"//button[@data-kt=\"provideButton\"]"}
COMMAND: POST /session/61a4e41d5d5dd3b82ee98b69d8aceb21/elements - {"using":"xpath","value":"//button[@data-kt=\"provideButton\"]"}
RESULT: {"using":"xpath","value":"//button[@data-kt=\"provideButton\"]"}
COMMAND: POST /session/61a4e41d5d5dd3b82ee98b69d8aceb21/elements - {"using":"xpath","value":"//button[@data-kt=\"provideButton\"]"}
RESULT: {"using":"xpath","value":"//button[@data-kt=\"provideButton\"]"}
COMMAND: POST /session/61a4e41d5d5dd3b82ee98b69d8aceb21/elements - {"using":"xpath","value":"//button[@data-kt=\"provideButton\"]"}
RESULT: {"using":"xpath","value":"//button[@data-kt=\"provideButton\"]"}
COMMAND: POST /session/61a4e41d5d5dd3b82ee98b69d8aceb21/elements - {"using":"xpath","value":"//button[@data-kt=\"provideButton\"]"}
RESULT: {"using":"xpath","value":"//button[@data-kt=\"provideButton\"]"}
COMMAND: POST /session/61a4e41d5d5dd3b82ee98b69d8aceb21/elements - {"using":"xpath","value":"//button[@data-kt=\"provideButton\"]"}
RESULT: {"using":"xpath","value":"//button[@data-kt=\"provideButton\"]"}
COMMAND: POST /session/61a4e41d5d5dd3b82ee98b69d8aceb21/elements - {"using":"xpath","value":"//button[@data-kt=\"provideButton\"]"}
RESULT: {"using":"xpath","value":"//button[@data-kt=\"provideButton\"]"}
COMMAND: POST /session/61a4e41d5d5dd3b82ee98b69d8aceb21/elements - {"using":"xpath","value":"//button[@data-kt=\"provideButton\"]"}
RESULT: {"using":"xpath","value":"//button[@data-kt=\"provideButton\"]"}
COMMAND: POST /session/61a4e41d5d5dd3b82ee98b69d8aceb21/elements - {"using":"xpath","value":"//button[@data-kt=\"provideButton\"]"}
RESULT: {"using":"xpath","value":"//button[@data-kt=\"provideButton\"]"}
COMMAND: POST /session/61a4e41d5d5dd3b82ee98b69d8aceb21/elements - {"using":"xpath","value":"//button[@data-kt=\"provideButton\"]"}
RESULT: {"using":"xpath","value":"//button[@data-kt=\"provideButton\"]"}
COMMAND: POST /session/61a4e41d5d5dd3b82ee98b69d8aceb21/elements - {"using":"xpath","value":"//button[@data-kt=\"provideButton\"]"}
RESULT: {"using":"xpath","value":"//button[@data-kt=\"provideButton\"]"}
COMMAND: POST /session/61a4e41d5d5dd3b82ee98b69d8aceb21/elements - {"using":"xpath","value":"//button[@data-kt=\"provideButton\"]"}
RESULT: {"using":"xpath","value":"//button[@data-kt=\"provideButton\"]"}
COMMAND: POST /session/61a4e41d5d5dd3b82ee98b69d8aceb21/elements - {"using":"xpath","value":"//button[@data-kt=\"provideButton\"]"}
RESULT: {"using":"xpath","value":"//button[@data-kt=\"provideButton\"]"}
COMMAND: POST /session/61a4e41d5d5dd3b82ee98b69d8aceb21/elements - {"using":"xpath","value":"//button[@data-kt=\"provideButton\"]"}
RESULT: {"using":"xpath","value":"//button[@data-kt=\"provideButton\"]"}
COMMAND: POST /session/61a4e41d5d5dd3b82ee98b69d8aceb21/elements - {"using":"xpath","value":"//button[@data-kt=\"provideButton\"]"}
RESULT: {"using":"xpath","value":"//button[@data-kt=\"provideButton\"]"}
COMMAND: POST /session/61a4e41d5d5dd3b82ee98b69d8aceb21/elements - {"using":"xpath","value":"//button[@data-kt=\"provideButton\"]"}
RESULT: {"using":"xpath","value":"//button[@data-kt=\"provideButton\"]"}
COMMAND: POST /session/61a4e41d5d5dd3b82ee98b69d8aceb21/elements - {"using":"xpath","value":"//button[@data-kt=\"provideButton\"]"}
RESULT: {"using":"xpath","value":"//button[@data-kt=\"provideButton\"]"}
COMMAND: POST /session/61a4e41d5d5dd3b82ee98b69d8aceb21/elements - {"using":"xpath","value":"//button[@data-kt=\"provideButton\"]"}
RESULT: {"using":"xpath","value":"//button[@data-kt=\"provideButton\"]"}
COMMAND: POST /session/61a4e41d5d5dd3b82ee98b69d8aceb21/elements - {"using":"xpath","value":"//button[@data-kt=\"provideButton\"]"}
RESULT: {"using":"xpath","value":"//button[@data-kt=\"provideButton\"]"}
COMMAND: POST /session/61a4e41d5d5dd3b82ee98b69d8aceb21/elements - {"using":"xpath","value":"//button[@data-kt=\"provideButton\"]"}
RESULT: {"using":"xpath","value":"//button[@data-kt=\"provideButton\"]"}
COMMAND: POST /session/61a4e41d5d5dd3b82ee98b69d8aceb21/elements - {"using":"xpath","value":"//button[@data-kt=\"provideButton\"]"}
RESULT: {"using":"xpath","value":"//button[@data-kt=\"provideButton\"]"}
COMMAND: POST /session/61a4e41d5d5dd3b82ee98b69d8aceb21/elements - {"using":"xpath","value":"//button[@data-kt=\"provideButton\"]"}
RESULT: {"using":"xpath","value":"//button[@data-kt=\"provideButton\"]"}
COMMAND: POST /session/61a4e41d5d5dd3b82ee98b69d8aceb21/elements - {"using":"xpath","value":"//button[@data-kt=\"provideButton\"]"}
RESULT: {"using":"xpath","value":"//button[@data-kt=\"provideButton\"]"}
COMMAND: POST /session/61a4e41d5d5dd3b82ee98b69d8aceb21/elements - {"using":"xpath","value":"//button[@data-kt=\"provideButton\"]"}
RESULT: {"using":"xpath","value":"//button[@data-kt=\"provideButton\"]"}
COMMAND: POST /session/61a4e41d5d5dd3b82ee98b69d8aceb21/elements - {"using":"xpath","value":"//button[@data-kt=\"provideButton\"]"}
RESULT: {"using":"xpath","value":"//button[@data-kt=\"provideButton\"]"}
COMMAND: POST /session/61a4e41d5d5dd3b82ee98b69d8aceb21/elements - {"using":"xpath","value":"//button[@data-kt=\"provideButton\"]"}
RESULT: {"using":"xpath","value":"//button[@data-kt=\"provideButton\"]"}
COMMAND: POST /session/61a4e41d5d5dd3b82ee98b69d8aceb21/elements - {"using":"xpath","value":"//button[@data-kt=\"provideButton\"]"}
RESULT: {"using":"xpath","value":"//button[@data-kt=\"provideButton\"]"}
COMMAND: POST /session/61a4e41d5d5dd3b82ee98b69d8aceb21/elements - {"using":"xpath","value":"//button[@data-kt=\"provideButton\"]"}
RESULT: {"using":"xpath","value":"//button[@data-kt=\"provideButton\"]"}
COMMAND: POST /session/61a4e41d5d5dd3b82ee98b69d8aceb21/elements - {"using":"xpath","value":"//button[@data-kt=\"provideButton\"]"}
RESULT: {"using":"xpath","value":"//button[@data-kt=\"provideButton\"]"}
COMMAND: POST /session/61a4e41d5d5dd3b82ee98b69d8aceb21/elements - {"using":"xpath","value":"//button[@data-kt=\"provideButton\"]"}
RESULT: {"using":"xpath","value":"//button[@data-kt=\"provideButton\"]"}
COMMAND: POST /session/61a4e41d5d5dd3b82ee98b69d8aceb21/elements - {"using":"xpath","value":"//button[@data-kt=\"provideButton\"]"}
RESULT: {"using":"xpath","value":"//button[@data-kt=\"provideButton\"]"}
COMMAND: POST /session/61a4e41d5d5dd3b82ee98b69d8aceb21/elements - {"using":"xpath","value":"//button[@data-kt=\"provideButton\"]"}
RESULT: {"using":"xpath","value":"//button[@data-kt=\"provideButton\"]"}
COMMAND: POST /session/61a4e41d5d5dd3b82ee98b69d8aceb21/elements - {"using":"xpath","value":"//button[@data-kt=\"provideButton\"]"}
RESULT: {"using":"xpath","value":"//button[@data-kt=\"provideButton\"]"}
COMMAND: POST /session/61a4e41d5d5dd3b82ee98b69d8aceb21/elements - {"using":"xpath","value":"//button[@data-kt=\"provideButton\"]"}
RESULT: {"using":"xpath","value":"//button[@data-kt=\"provideButton\"]"}
COMMAND: POST /session/61a4e41d5d5dd3b82ee98b69d8aceb21/elements - {"using":"xpath","value":"//button[@data-kt=\"provideButton\"]"}
RESULT: {"using":"xpath","value":"//button[@data-kt=\"provideButton\"]"}
COMMAND: POST /session/61a4e41d5d5dd3b82ee98b69d8aceb21/elements - {"using":"xpath","value":"//button[@data-kt=\"provideButton\"]"}
RESULT: {"using":"xpath","value":"//button[@data-kt=\"provideButton\"]"}
COMMAND: POST /session/61a4e41d5d5dd3b82ee98b69d8aceb21/elements - {"using":"xpath","value":"//button[@data-kt=\"provideButton\"]"}
RESULT: {"using":"xpath","value":"//button[@data-kt=\"provideButton\"]"}
COMMAND: POST /session/61a4e41d5d5dd3b82ee98b69d8aceb21/elements - {"using":"xpath","value":"//button[@data-kt=\"provideButton\"]"}
RESULT: {"using":"xpath","value":"//button[@data-kt=\"provideButton\"]"}
COMMAND: POST /session/61a4e41d5d5dd3b82ee98b69d8aceb21/elements - {"using":"xpath","value":"//button[@data-kt=\"provideButton\"]"}
RESULT: {"using":"xpath","value":"//button[@data-kt=\"provideButton\"]"}
COMMAND: POST /session/61a4e41d5d5dd3b82ee98b69d8aceb21/elements - {"using":"xpath","value":"//button[@data-kt=\"provideButton\"]"}
RESULT: {"using":"xpath","value":"//button[@data-kt=\"provideButton\"]"}
COMMAND: POST /session/61a4e41d5d5dd3b82ee98b69d8aceb21/elements - {"using":"xpath","value":"//button[@data-kt=\"provideButton\"]"}
RESULT: {"using":"xpath","value":"//button[@data-kt=\"provideButton\"]"}
COMMAND: POST /session/61a4e41d5d5dd3b82ee98b69d8aceb21/elements - {"using":"xpath","value":"//button[@data-kt=\"provideButton\"]"}
RESULT: {"using":"xpath","value":"//button[@data-kt=\"provideButton\"]"}
COMMAND: POST /session/61a4e41d5d5dd3b82ee98b69d8aceb21/elements - {"using":"xpath","value":"//button[@data-kt=\"provideButton\"]"}
RESULT: {"using":"xpath","value":"//button[@data-kt=\"provideButton\"]"}
COMMAND: POST /session/61a4e41d5d5dd3b82ee98b69d8aceb21/elements - {"using":"xpath","value":"//button[@data-kt=\"provideButton\"]"}
RESULT: {"using":"xpath","value":"//button[@data-kt=\"provideButton\"]"}
COMMAND: POST /session/61a4e41d5d5dd3b82ee98b69d8aceb21/elements - {"using":"xpath","value":"//button[@data-kt=\"provideButton\"]"}
RESULT: {"using":"xpath","value":"//button[@data-kt=\"provideButton\"]"}
COMMAND: POST /session/61a4e41d5d5dd3b82ee98b69d8aceb21/elements - {"using":"xpath","value":"//button[@data-kt=\"provideButton\"]"}
RESULT: {"using":"xpath","value":"//button[@data-kt=\"provideButton\"]"}
COMMAND: POST /session/61a4e41d5d5dd3b82ee98b69d8aceb21/elements - {"using":"xpath","value":"//button[@data-kt=\"provideButton\"]"}
RESULT: {"using":"xpath","value":"//button[@data-kt=\"provideButton\"]"}
COMMAND: POST /session/61a4e41d5d5dd3b82ee98b69d8aceb21/elements - {"using":"xpath","value":"//button[@data-kt=\"provideButton\"]"}
RESULT: {"using":"xpath","value":"//button[@data-kt=\"provideButton\"]"}
COMMAND: POST /session/61a4e41d5d5dd3b82ee98b69d8aceb21/elements - {"using":"xpath","value":"//button[@data-kt=\"provideButton\"]"}
RESULT: {"using":"xpath","value":"//button[@data-kt=\"provideButton\"]"}
COMMAND: POST /session/61a4e41d5d5dd3b82ee98b69d8aceb21/elements - {"using":"xpath","value":"//button[@data-kt=\"provideButton\"]"}
RESULT: {"using":"xpath","value":"//button[@data-kt=\"provideButton\"]"}
COMMAND: POST /session/61a4e41d5d5dd3b82ee98b69d8aceb21/elements - {"using":"xpath","value":"//button[@data-kt=\"provideButton\"]"}
RESULT: {"using":"xpath","value":"//button[@data-kt=\"provideButton\"]"}
COMMAND: POST /session/61a4e41d5d5dd3b82ee98b69d8aceb21/elements - {"using":"xpath","value":"//button[@data-kt=\"provideButton\"]"}
RESULT: {"using":"xpath","value":"//button[@data-kt=\"provideButton\"]"}
COMMAND: POST /session/61a4e41d5d5dd3b82ee98b69d8aceb21/elements - {"using":"xpath","value":"//button[@data-kt=\"provideButton\"]"}
RESULT: {"using":"xpath","value":"//button[@data-kt=\"provideButton\"]"}
COMMAND: POST /session/61a4e41d5d5dd3b82ee98b69d8aceb21/elements - {"using":"xpath","value":"//button[@data-kt=\"provideButton\"]"}
RESULT: {"using":"xpath","value":"//button[@data-kt=\"provideButton\"]"}
COMMAND: POST /session/61a4e41d5d5dd3b82ee98b69d8aceb21/elements - {"using":"xpath","value":"//button[@data-kt=\"provideButton\"]"}
RESULT: {"using":"xpath","value":"//button[@data-kt=\"provideButton\"]"}
COMMAND: POST /session/61a4e41d5d5dd3b82ee98b69d8aceb21/elements - {"using":"xpath","value":"//button[@data-kt=\"provideButton\"]"}
RESULT: {"using":"xpath","value":"//button[@data-kt=\"provideButton\"]"}
COMMAND: POST /session/61a4e41d5d5dd3b82ee98b69d8aceb21/elements - {"using":"xpath","value":"//button[@data-kt=\"provideButton\"]"}
RESULT: {"using":"xpath","value":"//button[@data-kt=\"provideButton\"]"}
COMMAND: POST /session/61a4e41d5d5dd3b82ee98b69d8aceb21/elements - {"using":"xpath","value":"//button[@data-kt=\"provideButton\"]"}
RESULT: {"using":"xpath","value":"//button[@data-kt=\"provideButton\"]"}
COMMAND: POST /session/61a4e41d5d5dd3b82ee98b69d8aceb21/elements - {"using":"xpath","value":"//button[@data-kt=\"provideButton\"]"}
RESULT: {"using":"xpath","value":"//button[@data-kt=\"provideButton\"]"}
COMMAND: POST /session/61a4e41d5d5dd3b82ee98b69d8aceb21/elements - {"using":"xpath","value":"//button[@data-kt=\"provideButton\"]"}
RESULT: {"using":"xpath","value":"//button[@data-kt=\"provideButton\"]"}
COMMAND: POST /session/61a4e41d5d5dd3b82ee98b69d8aceb21/elements - {"using":"xpath","value":"//button[@data-kt=\"provideButton\"]"}
COMMAND: GET /session/61a4e41d5d5dd3b82ee98b69d8aceb21/screenshot - {}
RESULT: {"using":"xpath","value":"//button[@data-kt=\"provideButton\"]"}
RESULT: {}
]]></system-out>
      <system-err><![CDATA[
Error: Can't call click on element with selector "//button[@data-kt="provideButton"]" because element wasn't found
    at async UtilsPrerequisites.provideToSiteHandoverFromContractDetails (D:\a\1\s\test\specs\BTS\prerequisites-and-utils-functions.js:1949:9)
    at async Context.<anonymous> (D:\a\1\s\test\specs\HTR\yard-mass-return.spec.js:70:9)
]]></system-err>
    </testcase>
    <testcase classname="chrome.136_0_7103_93.windows.Prerequisites_&amp;_test_for_yard_mass_return_on_Yard_Overview_US131057" name="Should do mass return on Yard Overview US131057" time="60.974">
      <failure/>
      <error message="element (&quot;//input[contains(@id,&quot;application-yardoverview-display-component---masterYardInventory--smartFilterBar-btnBasicSearch-I&quot;)]&quot;) still not existing after 45000ms"/>
      <system-out><![CDATA[
COMMAND: POST /session/61a4e41d5d5dd3b82ee98b69d8aceb21/execute/async - {"script":"<script> [1562 bytes]","args":[{"selector":{"controlType":"sap.m.GenericTile","properties":{"header":"Yard Overview"}},"wdio_ui5_key":"sapm.GenericTile{\"header\":\"Yard Overview\"}"}]}
COMMAND: GET /session/61a4e41d5d5dd3b82ee98b69d8aceb21/screenshot - {}
RESULT: {"script":"<script> [1562 bytes]","args":[{"selector":{"controlType":"sap.m.GenericTile","properties":{"header":"Yard Overview"}},"wdio_ui5_key":"sapm.GenericTile{\"header\":\"Yard Overview\"}"}]}
RESULT: undefined
RESULT: {}
COMMAND: POST /session/61a4e41d5d5dd3b82ee98b69d8aceb21/elements - {"using":"xpath","value":"//span[text()='Error']"}
RESULT: {"using":"xpath","value":"//span[text()='Error']"}
COMMAND: POST /session/61a4e41d5d5dd3b82ee98b69d8aceb21/element - {"using":"xpath","value":"//input[contains(@id,\"application-yardoverview-display-component---masterYardInventory--smartFilterBar-btnBasicSearch-I\")]"}
RESULT: {"using":"xpath","value":"//input[contains(@id,\"application-yardoverview-display-component---masterYardInventory--smartFilterBar-btnBasicSearch-I\")]"}
COMMAND: POST /session/61a4e41d5d5dd3b82ee98b69d8aceb21/elements - {"using":"xpath","value":"//input[contains(@id,\"application-yardoverview-display-component---masterYardInventory--smartFilterBar-btnBasicSearch-I\")]"}
RESULT: {"using":"xpath","value":"//input[contains(@id,\"application-yardoverview-display-component---masterYardInventory--smartFilterBar-btnBasicSearch-I\")]"}
COMMAND: POST /session/61a4e41d5d5dd3b82ee98b69d8aceb21/elements - {"using":"xpath","value":"//input[contains(@id,\"application-yardoverview-display-component---masterYardInventory--smartFilterBar-btnBasicSearch-I\")]"}
RESULT: {"using":"xpath","value":"//input[contains(@id,\"application-yardoverview-display-component---masterYardInventory--smartFilterBar-btnBasicSearch-I\")]"}
COMMAND: POST /session/61a4e41d5d5dd3b82ee98b69d8aceb21/elements - {"using":"xpath","value":"//input[contains(@id,\"application-yardoverview-display-component---masterYardInventory--smartFilterBar-btnBasicSearch-I\")]"}
RESULT: {"using":"xpath","value":"//input[contains(@id,\"application-yardoverview-display-component---masterYardInventory--smartFilterBar-btnBasicSearch-I\")]"}
COMMAND: POST /session/61a4e41d5d5dd3b82ee98b69d8aceb21/elements - {"using":"xpath","value":"//input[contains(@id,\"application-yardoverview-display-component---masterYardInventory--smartFilterBar-btnBasicSearch-I\")]"}
RESULT: {"using":"xpath","value":"//input[contains(@id,\"application-yardoverview-display-component---masterYardInventory--smartFilterBar-btnBasicSearch-I\")]"}
COMMAND: POST /session/61a4e41d5d5dd3b82ee98b69d8aceb21/elements - {"using":"xpath","value":"//input[contains(@id,\"application-yardoverview-display-component---masterYardInventory--smartFilterBar-btnBasicSearch-I\")]"}
RESULT: {"using":"xpath","value":"//input[contains(@id,\"application-yardoverview-display-component---masterYardInventory--smartFilterBar-btnBasicSearch-I\")]"}
COMMAND: POST /session/61a4e41d5d5dd3b82ee98b69d8aceb21/elements - {"using":"xpath","value":"//input[contains(@id,\"application-yardoverview-display-component---masterYardInventory--smartFilterBar-btnBasicSearch-I\")]"}
RESULT: {"using":"xpath","value":"//input[contains(@id,\"application-yardoverview-display-component---masterYardInventory--smartFilterBar-btnBasicSearch-I\")]"}
COMMAND: POST /session/61a4e41d5d5dd3b82ee98b69d8aceb21/elements - {"using":"xpath","value":"//input[contains(@id,\"application-yardoverview-display-component---masterYardInventory--smartFilterBar-btnBasicSearch-I\")]"}
RESULT: {"using":"xpath","value":"//input[contains(@id,\"application-yardoverview-display-component---masterYardInventory--smartFilterBar-btnBasicSearch-I\")]"}
COMMAND: POST /session/61a4e41d5d5dd3b82ee98b69d8aceb21/elements - {"using":"xpath","value":"//input[contains(@id,\"application-yardoverview-display-component---masterYardInventory--smartFilterBar-btnBasicSearch-I\")]"}
RESULT: {"using":"xpath","value":"//input[contains(@id,\"application-yardoverview-display-component---masterYardInventory--smartFilterBar-btnBasicSearch-I\")]"}
COMMAND: POST /session/61a4e41d5d5dd3b82ee98b69d8aceb21/elements - {"using":"xpath","value":"//input[contains(@id,\"application-yardoverview-display-component---masterYardInventory--smartFilterBar-btnBasicSearch-I\")]"}
RESULT: {"using":"xpath","value":"//input[contains(@id,\"application-yardoverview-display-component---masterYardInventory--smartFilterBar-btnBasicSearch-I\")]"}
COMMAND: POST /session/61a4e41d5d5dd3b82ee98b69d8aceb21/elements - {"using":"xpath","value":"//input[contains(@id,\"application-yardoverview-display-component---masterYardInventory--smartFilterBar-btnBasicSearch-I\")]"}
RESULT: {"using":"xpath","value":"//input[contains(@id,\"application-yardoverview-display-component---masterYardInventory--smartFilterBar-btnBasicSearch-I\")]"}
COMMAND: POST /session/61a4e41d5d5dd3b82ee98b69d8aceb21/elements - {"using":"xpath","value":"//input[contains(@id,\"application-yardoverview-display-component---masterYardInventory--smartFilterBar-btnBasicSearch-I\")]"}
RESULT: {"using":"xpath","value":"//input[contains(@id,\"application-yardoverview-display-component---masterYardInventory--smartFilterBar-btnBasicSearch-I\")]"}
COMMAND: POST /session/61a4e41d5d5dd3b82ee98b69d8aceb21/elements - {"using":"xpath","value":"//input[contains(@id,\"application-yardoverview-display-component---masterYardInventory--smartFilterBar-btnBasicSearch-I\")]"}
RESULT: {"using":"xpath","value":"//input[contains(@id,\"application-yardoverview-display-component---masterYardInventory--smartFilterBar-btnBasicSearch-I\")]"}
COMMAND: POST /session/61a4e41d5d5dd3b82ee98b69d8aceb21/elements - {"using":"xpath","value":"//input[contains(@id,\"application-yardoverview-display-component---masterYardInventory--smartFilterBar-btnBasicSearch-I\")]"}
RESULT: {"using":"xpath","value":"//input[contains(@id,\"application-yardoverview-display-component---masterYardInventory--smartFilterBar-btnBasicSearch-I\")]"}
COMMAND: POST /session/61a4e41d5d5dd3b82ee98b69d8aceb21/elements - {"using":"xpath","value":"//input[contains(@id,\"application-yardoverview-display-component---masterYardInventory--smartFilterBar-btnBasicSearch-I\")]"}
RESULT: {"using":"xpath","value":"//input[contains(@id,\"application-yardoverview-display-component---masterYardInventory--smartFilterBar-btnBasicSearch-I\")]"}
COMMAND: POST /session/61a4e41d5d5dd3b82ee98b69d8aceb21/elements - {"using":"xpath","value":"//input[contains(@id,\"application-yardoverview-display-component---masterYardInventory--smartFilterBar-btnBasicSearch-I\")]"}
RESULT: {"using":"xpath","value":"//input[contains(@id,\"application-yardoverview-display-component---masterYardInventory--smartFilterBar-btnBasicSearch-I\")]"}
COMMAND: POST /session/61a4e41d5d5dd3b82ee98b69d8aceb21/elements - {"using":"xpath","value":"//input[contains(@id,\"application-yardoverview-display-component---masterYardInventory--smartFilterBar-btnBasicSearch-I\")]"}
RESULT: {"using":"xpath","value":"//input[contains(@id,\"application-yardoverview-display-component---masterYardInventory--smartFilterBar-btnBasicSearch-I\")]"}
COMMAND: POST /session/61a4e41d5d5dd3b82ee98b69d8aceb21/elements - {"using":"xpath","value":"//input[contains(@id,\"application-yardoverview-display-component---masterYardInventory--smartFilterBar-btnBasicSearch-I\")]"}
RESULT: {"using":"xpath","value":"//input[contains(@id,\"application-yardoverview-display-component---masterYardInventory--smartFilterBar-btnBasicSearch-I\")]"}
COMMAND: POST /session/61a4e41d5d5dd3b82ee98b69d8aceb21/elements - {"using":"xpath","value":"//input[contains(@id,\"application-yardoverview-display-component---masterYardInventory--smartFilterBar-btnBasicSearch-I\")]"}
RESULT: {"using":"xpath","value":"//input[contains(@id,\"application-yardoverview-display-component---masterYardInventory--smartFilterBar-btnBasicSearch-I\")]"}
COMMAND: POST /session/61a4e41d5d5dd3b82ee98b69d8aceb21/elements - {"using":"xpath","value":"//input[contains(@id,\"application-yardoverview-display-component---masterYardInventory--smartFilterBar-btnBasicSearch-I\")]"}
RESULT: {"using":"xpath","value":"//input[contains(@id,\"application-yardoverview-display-component---masterYardInventory--smartFilterBar-btnBasicSearch-I\")]"}
COMMAND: POST /session/61a4e41d5d5dd3b82ee98b69d8aceb21/elements - {"using":"xpath","value":"//input[contains(@id,\"application-yardoverview-display-component---masterYardInventory--smartFilterBar-btnBasicSearch-I\")]"}
RESULT: {"using":"xpath","value":"//input[contains(@id,\"application-yardoverview-display-component---masterYardInventory--smartFilterBar-btnBasicSearch-I\")]"}
COMMAND: POST /session/61a4e41d5d5dd3b82ee98b69d8aceb21/elements - {"using":"xpath","value":"//input[contains(@id,\"application-yardoverview-display-component---masterYardInventory--smartFilterBar-btnBasicSearch-I\")]"}
RESULT: {"using":"xpath","value":"//input[contains(@id,\"application-yardoverview-display-component---masterYardInventory--smartFilterBar-btnBasicSearch-I\")]"}
COMMAND: POST /session/61a4e41d5d5dd3b82ee98b69d8aceb21/elements - {"using":"xpath","value":"//input[contains(@id,\"application-yardoverview-display-component---masterYardInventory--smartFilterBar-btnBasicSearch-I\")]"}
RESULT: {"using":"xpath","value":"//input[contains(@id,\"application-yardoverview-display-component---masterYardInventory--smartFilterBar-btnBasicSearch-I\")]"}
COMMAND: POST /session/61a4e41d5d5dd3b82ee98b69d8aceb21/elements - {"using":"xpath","value":"//input[contains(@id,\"application-yardoverview-display-component---masterYardInventory--smartFilterBar-btnBasicSearch-I\")]"}
RESULT: {"using":"xpath","value":"//input[contains(@id,\"application-yardoverview-display-component---masterYardInventory--smartFilterBar-btnBasicSearch-I\")]"}
COMMAND: POST /session/61a4e41d5d5dd3b82ee98b69d8aceb21/elements - {"using":"xpath","value":"//input[contains(@id,\"application-yardoverview-display-component---masterYardInventory--smartFilterBar-btnBasicSearch-I\")]"}
RESULT: {"using":"xpath","value":"//input[contains(@id,\"application-yardoverview-display-component---masterYardInventory--smartFilterBar-btnBasicSearch-I\")]"}
COMMAND: POST /session/61a4e41d5d5dd3b82ee98b69d8aceb21/elements - {"using":"xpath","value":"//input[contains(@id,\"application-yardoverview-display-component---masterYardInventory--smartFilterBar-btnBasicSearch-I\")]"}
RESULT: {"using":"xpath","value":"//input[contains(@id,\"application-yardoverview-display-component---masterYardInventory--smartFilterBar-btnBasicSearch-I\")]"}
COMMAND: POST /session/61a4e41d5d5dd3b82ee98b69d8aceb21/elements - {"using":"xpath","value":"//input[contains(@id,\"application-yardoverview-display-component---masterYardInventory--smartFilterBar-btnBasicSearch-I\")]"}
RESULT: {"using":"xpath","value":"//input[contains(@id,\"application-yardoverview-display-component---masterYardInventory--smartFilterBar-btnBasicSearch-I\")]"}
COMMAND: POST /session/61a4e41d5d5dd3b82ee98b69d8aceb21/elements - {"using":"xpath","value":"//input[contains(@id,\"application-yardoverview-display-component---masterYardInventory--smartFilterBar-btnBasicSearch-I\")]"}
RESULT: {"using":"xpath","value":"//input[contains(@id,\"application-yardoverview-display-component---masterYardInventory--smartFilterBar-btnBasicSearch-I\")]"}
COMMAND: POST /session/61a4e41d5d5dd3b82ee98b69d8aceb21/elements - {"using":"xpath","value":"//input[contains(@id,\"application-yardoverview-display-component---masterYardInventory--smartFilterBar-btnBasicSearch-I\")]"}
RESULT: {"using":"xpath","value":"//input[contains(@id,\"application-yardoverview-display-component---masterYardInventory--smartFilterBar-btnBasicSearch-I\")]"}
COMMAND: POST /session/61a4e41d5d5dd3b82ee98b69d8aceb21/elements - {"using":"xpath","value":"//input[contains(@id,\"application-yardoverview-display-component---masterYardInventory--smartFilterBar-btnBasicSearch-I\")]"}
RESULT: {"using":"xpath","value":"//input[contains(@id,\"application-yardoverview-display-component---masterYardInventory--smartFilterBar-btnBasicSearch-I\")]"}
COMMAND: POST /session/61a4e41d5d5dd3b82ee98b69d8aceb21/elements - {"using":"xpath","value":"//input[contains(@id,\"application-yardoverview-display-component---masterYardInventory--smartFilterBar-btnBasicSearch-I\")]"}
RESULT: {"using":"xpath","value":"//input[contains(@id,\"application-yardoverview-display-component---masterYardInventory--smartFilterBar-btnBasicSearch-I\")]"}
COMMAND: POST /session/61a4e41d5d5dd3b82ee98b69d8aceb21/elements - {"using":"xpath","value":"//input[contains(@id,\"application-yardoverview-display-component---masterYardInventory--smartFilterBar-btnBasicSearch-I\")]"}
RESULT: {"using":"xpath","value":"//input[contains(@id,\"application-yardoverview-display-component---masterYardInventory--smartFilterBar-btnBasicSearch-I\")]"}
COMMAND: POST /session/61a4e41d5d5dd3b82ee98b69d8aceb21/elements - {"using":"xpath","value":"//input[contains(@id,\"application-yardoverview-display-component---masterYardInventory--smartFilterBar-btnBasicSearch-I\")]"}
RESULT: {"using":"xpath","value":"//input[contains(@id,\"application-yardoverview-display-component---masterYardInventory--smartFilterBar-btnBasicSearch-I\")]"}
COMMAND: POST /session/61a4e41d5d5dd3b82ee98b69d8aceb21/elements - {"using":"xpath","value":"//input[contains(@id,\"application-yardoverview-display-component---masterYardInventory--smartFilterBar-btnBasicSearch-I\")]"}
RESULT: {"using":"xpath","value":"//input[contains(@id,\"application-yardoverview-display-component---masterYardInventory--smartFilterBar-btnBasicSearch-I\")]"}
COMMAND: POST /session/61a4e41d5d5dd3b82ee98b69d8aceb21/elements - {"using":"xpath","value":"//input[contains(@id,\"application-yardoverview-display-component---masterYardInventory--smartFilterBar-btnBasicSearch-I\")]"}
RESULT: {"using":"xpath","value":"//input[contains(@id,\"application-yardoverview-display-component---masterYardInventory--smartFilterBar-btnBasicSearch-I\")]"}
COMMAND: POST /session/61a4e41d5d5dd3b82ee98b69d8aceb21/elements - {"using":"xpath","value":"//input[contains(@id,\"application-yardoverview-display-component---masterYardInventory--smartFilterBar-btnBasicSearch-I\")]"}
RESULT: {"using":"xpath","value":"//input[contains(@id,\"application-yardoverview-display-component---masterYardInventory--smartFilterBar-btnBasicSearch-I\")]"}
COMMAND: POST /session/61a4e41d5d5dd3b82ee98b69d8aceb21/elements - {"using":"xpath","value":"//input[contains(@id,\"application-yardoverview-display-component---masterYardInventory--smartFilterBar-btnBasicSearch-I\")]"}
RESULT: {"using":"xpath","value":"//input[contains(@id,\"application-yardoverview-display-component---masterYardInventory--smartFilterBar-btnBasicSearch-I\")]"}
COMMAND: POST /session/61a4e41d5d5dd3b82ee98b69d8aceb21/elements - {"using":"xpath","value":"//input[contains(@id,\"application-yardoverview-display-component---masterYardInventory--smartFilterBar-btnBasicSearch-I\")]"}
RESULT: {"using":"xpath","value":"//input[contains(@id,\"application-yardoverview-display-component---masterYardInventory--smartFilterBar-btnBasicSearch-I\")]"}
COMMAND: POST /session/61a4e41d5d5dd3b82ee98b69d8aceb21/elements - {"using":"xpath","value":"//input[contains(@id,\"application-yardoverview-display-component---masterYardInventory--smartFilterBar-btnBasicSearch-I\")]"}
RESULT: {"using":"xpath","value":"//input[contains(@id,\"application-yardoverview-display-component---masterYardInventory--smartFilterBar-btnBasicSearch-I\")]"}
COMMAND: POST /session/61a4e41d5d5dd3b82ee98b69d8aceb21/elements - {"using":"xpath","value":"//input[contains(@id,\"application-yardoverview-display-component---masterYardInventory--smartFilterBar-btnBasicSearch-I\")]"}
RESULT: {"using":"xpath","value":"//input[contains(@id,\"application-yardoverview-display-component---masterYardInventory--smartFilterBar-btnBasicSearch-I\")]"}
COMMAND: POST /session/61a4e41d5d5dd3b82ee98b69d8aceb21/elements - {"using":"xpath","value":"//input[contains(@id,\"application-yardoverview-display-component---masterYardInventory--smartFilterBar-btnBasicSearch-I\")]"}
RESULT: {"using":"xpath","value":"//input[contains(@id,\"application-yardoverview-display-component---masterYardInventory--smartFilterBar-btnBasicSearch-I\")]"}
COMMAND: POST /session/61a4e41d5d5dd3b82ee98b69d8aceb21/elements - {"using":"xpath","value":"//input[contains(@id,\"application-yardoverview-display-component---masterYardInventory--smartFilterBar-btnBasicSearch-I\")]"}
RESULT: {"using":"xpath","value":"//input[contains(@id,\"application-yardoverview-display-component---masterYardInventory--smartFilterBar-btnBasicSearch-I\")]"}
COMMAND: POST /session/61a4e41d5d5dd3b82ee98b69d8aceb21/elements - {"using":"xpath","value":"//input[contains(@id,\"application-yardoverview-display-component---masterYardInventory--smartFilterBar-btnBasicSearch-I\")]"}
RESULT: {"using":"xpath","value":"//input[contains(@id,\"application-yardoverview-display-component---masterYardInventory--smartFilterBar-btnBasicSearch-I\")]"}
COMMAND: POST /session/61a4e41d5d5dd3b82ee98b69d8aceb21/elements - {"using":"xpath","value":"//input[contains(@id,\"application-yardoverview-display-component---masterYardInventory--smartFilterBar-btnBasicSearch-I\")]"}
RESULT: {"using":"xpath","value":"//input[contains(@id,\"application-yardoverview-display-component---masterYardInventory--smartFilterBar-btnBasicSearch-I\")]"}
COMMAND: POST /session/61a4e41d5d5dd3b82ee98b69d8aceb21/elements - {"using":"xpath","value":"//input[contains(@id,\"application-yardoverview-display-component---masterYardInventory--smartFilterBar-btnBasicSearch-I\")]"}
RESULT: {"using":"xpath","value":"//input[contains(@id,\"application-yardoverview-display-component---masterYardInventory--smartFilterBar-btnBasicSearch-I\")]"}
COMMAND: POST /session/61a4e41d5d5dd3b82ee98b69d8aceb21/elements - {"using":"xpath","value":"//input[contains(@id,\"application-yardoverview-display-component---masterYardInventory--smartFilterBar-btnBasicSearch-I\")]"}
RESULT: {"using":"xpath","value":"//input[contains(@id,\"application-yardoverview-display-component---masterYardInventory--smartFilterBar-btnBasicSearch-I\")]"}
COMMAND: POST /session/61a4e41d5d5dd3b82ee98b69d8aceb21/elements - {"using":"xpath","value":"//input[contains(@id,\"application-yardoverview-display-component---masterYardInventory--smartFilterBar-btnBasicSearch-I\")]"}
RESULT: {"using":"xpath","value":"//input[contains(@id,\"application-yardoverview-display-component---masterYardInventory--smartFilterBar-btnBasicSearch-I\")]"}
COMMAND: POST /session/61a4e41d5d5dd3b82ee98b69d8aceb21/elements - {"using":"xpath","value":"//input[contains(@id,\"application-yardoverview-display-component---masterYardInventory--smartFilterBar-btnBasicSearch-I\")]"}
RESULT: {"using":"xpath","value":"//input[contains(@id,\"application-yardoverview-display-component---masterYardInventory--smartFilterBar-btnBasicSearch-I\")]"}
COMMAND: POST /session/61a4e41d5d5dd3b82ee98b69d8aceb21/elements - {"using":"xpath","value":"//input[contains(@id,\"application-yardoverview-display-component---masterYardInventory--smartFilterBar-btnBasicSearch-I\")]"}
RESULT: {"using":"xpath","value":"//input[contains(@id,\"application-yardoverview-display-component---masterYardInventory--smartFilterBar-btnBasicSearch-I\")]"}
COMMAND: POST /session/61a4e41d5d5dd3b82ee98b69d8aceb21/elements - {"using":"xpath","value":"//input[contains(@id,\"application-yardoverview-display-component---masterYardInventory--smartFilterBar-btnBasicSearch-I\")]"}
RESULT: {"using":"xpath","value":"//input[contains(@id,\"application-yardoverview-display-component---masterYardInventory--smartFilterBar-btnBasicSearch-I\")]"}
COMMAND: POST /session/61a4e41d5d5dd3b82ee98b69d8aceb21/elements - {"using":"xpath","value":"//input[contains(@id,\"application-yardoverview-display-component---masterYardInventory--smartFilterBar-btnBasicSearch-I\")]"}
RESULT: {"using":"xpath","value":"//input[contains(@id,\"application-yardoverview-display-component---masterYardInventory--smartFilterBar-btnBasicSearch-I\")]"}
COMMAND: POST /session/61a4e41d5d5dd3b82ee98b69d8aceb21/elements - {"using":"xpath","value":"//input[contains(@id,\"application-yardoverview-display-component---masterYardInventory--smartFilterBar-btnBasicSearch-I\")]"}
RESULT: {"using":"xpath","value":"//input[contains(@id,\"application-yardoverview-display-component---masterYardInventory--smartFilterBar-btnBasicSearch-I\")]"}
COMMAND: POST /session/61a4e41d5d5dd3b82ee98b69d8aceb21/elements - {"using":"xpath","value":"//input[contains(@id,\"application-yardoverview-display-component---masterYardInventory--smartFilterBar-btnBasicSearch-I\")]"}
RESULT: {"using":"xpath","value":"//input[contains(@id,\"application-yardoverview-display-component---masterYardInventory--smartFilterBar-btnBasicSearch-I\")]"}
COMMAND: POST /session/61a4e41d5d5dd3b82ee98b69d8aceb21/elements - {"using":"xpath","value":"//input[contains(@id,\"application-yardoverview-display-component---masterYardInventory--smartFilterBar-btnBasicSearch-I\")]"}
RESULT: {"using":"xpath","value":"//input[contains(@id,\"application-yardoverview-display-component---masterYardInventory--smartFilterBar-btnBasicSearch-I\")]"}
COMMAND: POST /session/61a4e41d5d5dd3b82ee98b69d8aceb21/elements - {"using":"xpath","value":"//input[contains(@id,\"application-yardoverview-display-component---masterYardInventory--smartFilterBar-btnBasicSearch-I\")]"}
RESULT: {"using":"xpath","value":"//input[contains(@id,\"application-yardoverview-display-component---masterYardInventory--smartFilterBar-btnBasicSearch-I\")]"}
COMMAND: POST /session/61a4e41d5d5dd3b82ee98b69d8aceb21/elements - {"using":"xpath","value":"//input[contains(@id,\"application-yardoverview-display-component---masterYardInventory--smartFilterBar-btnBasicSearch-I\")]"}
RESULT: {"using":"xpath","value":"//input[contains(@id,\"application-yardoverview-display-component---masterYardInventory--smartFilterBar-btnBasicSearch-I\")]"}
COMMAND: POST /session/61a4e41d5d5dd3b82ee98b69d8aceb21/elements - {"using":"xpath","value":"//input[contains(@id,\"application-yardoverview-display-component---masterYardInventory--smartFilterBar-btnBasicSearch-I\")]"}
RESULT: {"using":"xpath","value":"//input[contains(@id,\"application-yardoverview-display-component---masterYardInventory--smartFilterBar-btnBasicSearch-I\")]"}
COMMAND: POST /session/61a4e41d5d5dd3b82ee98b69d8aceb21/elements - {"using":"xpath","value":"//input[contains(@id,\"application-yardoverview-display-component---masterYardInventory--smartFilterBar-btnBasicSearch-I\")]"}
RESULT: {"using":"xpath","value":"//input[contains(@id,\"application-yardoverview-display-component---masterYardInventory--smartFilterBar-btnBasicSearch-I\")]"}
COMMAND: POST /session/61a4e41d5d5dd3b82ee98b69d8aceb21/elements - {"using":"xpath","value":"//input[contains(@id,\"application-yardoverview-display-component---masterYardInventory--smartFilterBar-btnBasicSearch-I\")]"}
RESULT: {"using":"xpath","value":"//input[contains(@id,\"application-yardoverview-display-component---masterYardInventory--smartFilterBar-btnBasicSearch-I\")]"}
COMMAND: POST /session/61a4e41d5d5dd3b82ee98b69d8aceb21/elements - {"using":"xpath","value":"//input[contains(@id,\"application-yardoverview-display-component---masterYardInventory--smartFilterBar-btnBasicSearch-I\")]"}
RESULT: {"using":"xpath","value":"//input[contains(@id,\"application-yardoverview-display-component---masterYardInventory--smartFilterBar-btnBasicSearch-I\")]"}
COMMAND: POST /session/61a4e41d5d5dd3b82ee98b69d8aceb21/elements - {"using":"xpath","value":"//input[contains(@id,\"application-yardoverview-display-component---masterYardInventory--smartFilterBar-btnBasicSearch-I\")]"}
RESULT: {"using":"xpath","value":"//input[contains(@id,\"application-yardoverview-display-component---masterYardInventory--smartFilterBar-btnBasicSearch-I\")]"}
COMMAND: POST /session/61a4e41d5d5dd3b82ee98b69d8aceb21/elements - {"using":"xpath","value":"//input[contains(@id,\"application-yardoverview-display-component---masterYardInventory--smartFilterBar-btnBasicSearch-I\")]"}
RESULT: {"using":"xpath","value":"//input[contains(@id,\"application-yardoverview-display-component---masterYardInventory--smartFilterBar-btnBasicSearch-I\")]"}
COMMAND: POST /session/61a4e41d5d5dd3b82ee98b69d8aceb21/elements - {"using":"xpath","value":"//input[contains(@id,\"application-yardoverview-display-component---masterYardInventory--smartFilterBar-btnBasicSearch-I\")]"}
RESULT: {"using":"xpath","value":"//input[contains(@id,\"application-yardoverview-display-component---masterYardInventory--smartFilterBar-btnBasicSearch-I\")]"}
COMMAND: POST /session/61a4e41d5d5dd3b82ee98b69d8aceb21/elements - {"using":"xpath","value":"//input[contains(@id,\"application-yardoverview-display-component---masterYardInventory--smartFilterBar-btnBasicSearch-I\")]"}
RESULT: {"using":"xpath","value":"//input[contains(@id,\"application-yardoverview-display-component---masterYardInventory--smartFilterBar-btnBasicSearch-I\")]"}
COMMAND: POST /session/61a4e41d5d5dd3b82ee98b69d8aceb21/elements - {"using":"xpath","value":"//input[contains(@id,\"application-yardoverview-display-component---masterYardInventory--smartFilterBar-btnBasicSearch-I\")]"}
RESULT: {"using":"xpath","value":"//input[contains(@id,\"application-yardoverview-display-component---masterYardInventory--smartFilterBar-btnBasicSearch-I\")]"}
COMMAND: POST /session/61a4e41d5d5dd3b82ee98b69d8aceb21/elements - {"using":"xpath","value":"//input[contains(@id,\"application-yardoverview-display-component---masterYardInventory--smartFilterBar-btnBasicSearch-I\")]"}
RESULT: {"using":"xpath","value":"//input[contains(@id,\"application-yardoverview-display-component---masterYardInventory--smartFilterBar-btnBasicSearch-I\")]"}
COMMAND: POST /session/61a4e41d5d5dd3b82ee98b69d8aceb21/elements - {"using":"xpath","value":"//input[contains(@id,\"application-yardoverview-display-component---masterYardInventory--smartFilterBar-btnBasicSearch-I\")]"}
RESULT: {"using":"xpath","value":"//input[contains(@id,\"application-yardoverview-display-component---masterYardInventory--smartFilterBar-btnBasicSearch-I\")]"}
COMMAND: POST /session/61a4e41d5d5dd3b82ee98b69d8aceb21/elements - {"using":"xpath","value":"//input[contains(@id,\"application-yardoverview-display-component---masterYardInventory--smartFilterBar-btnBasicSearch-I\")]"}
RESULT: {"using":"xpath","value":"//input[contains(@id,\"application-yardoverview-display-component---masterYardInventory--smartFilterBar-btnBasicSearch-I\")]"}
COMMAND: POST /session/61a4e41d5d5dd3b82ee98b69d8aceb21/elements - {"using":"xpath","value":"//input[contains(@id,\"application-yardoverview-display-component---masterYardInventory--smartFilterBar-btnBasicSearch-I\")]"}
RESULT: {"using":"xpath","value":"//input[contains(@id,\"application-yardoverview-display-component---masterYardInventory--smartFilterBar-btnBasicSearch-I\")]"}
COMMAND: POST /session/61a4e41d5d5dd3b82ee98b69d8aceb21/elements - {"using":"xpath","value":"//input[contains(@id,\"application-yardoverview-display-component---masterYardInventory--smartFilterBar-btnBasicSearch-I\")]"}
RESULT: {"using":"xpath","value":"//input[contains(@id,\"application-yardoverview-display-component---masterYardInventory--smartFilterBar-btnBasicSearch-I\")]"}
COMMAND: POST /session/61a4e41d5d5dd3b82ee98b69d8aceb21/elements - {"using":"xpath","value":"//input[contains(@id,\"application-yardoverview-display-component---masterYardInventory--smartFilterBar-btnBasicSearch-I\")]"}
RESULT: {"using":"xpath","value":"//input[contains(@id,\"application-yardoverview-display-component---masterYardInventory--smartFilterBar-btnBasicSearch-I\")]"}
COMMAND: POST /session/61a4e41d5d5dd3b82ee98b69d8aceb21/elements - {"using":"xpath","value":"//input[contains(@id,\"application-yardoverview-display-component---masterYardInventory--smartFilterBar-btnBasicSearch-I\")]"}
RESULT: {"using":"xpath","value":"//input[contains(@id,\"application-yardoverview-display-component---masterYardInventory--smartFilterBar-btnBasicSearch-I\")]"}
COMMAND: POST /session/61a4e41d5d5dd3b82ee98b69d8aceb21/elements - {"using":"xpath","value":"//input[contains(@id,\"application-yardoverview-display-component---masterYardInventory--smartFilterBar-btnBasicSearch-I\")]"}
RESULT: {"using":"xpath","value":"//input[contains(@id,\"application-yardoverview-display-component---masterYardInventory--smartFilterBar-btnBasicSearch-I\")]"}
COMMAND: POST /session/61a4e41d5d5dd3b82ee98b69d8aceb21/elements - {"using":"xpath","value":"//input[contains(@id,\"application-yardoverview-display-component---masterYardInventory--smartFilterBar-btnBasicSearch-I\")]"}
RESULT: {"using":"xpath","value":"//input[contains(@id,\"application-yardoverview-display-component---masterYardInventory--smartFilterBar-btnBasicSearch-I\")]"}
COMMAND: POST /session/61a4e41d5d5dd3b82ee98b69d8aceb21/elements - {"using":"xpath","value":"//input[contains(@id,\"application-yardoverview-display-component---masterYardInventory--smartFilterBar-btnBasicSearch-I\")]"}
RESULT: {"using":"xpath","value":"//input[contains(@id,\"application-yardoverview-display-component---masterYardInventory--smartFilterBar-btnBasicSearch-I\")]"}
COMMAND: POST /session/61a4e41d5d5dd3b82ee98b69d8aceb21/elements - {"using":"xpath","value":"//input[contains(@id,\"application-yardoverview-display-component---masterYardInventory--smartFilterBar-btnBasicSearch-I\")]"}
RESULT: {"using":"xpath","value":"//input[contains(@id,\"application-yardoverview-display-component---masterYardInventory--smartFilterBar-btnBasicSearch-I\")]"}
COMMAND: POST /session/61a4e41d5d5dd3b82ee98b69d8aceb21/elements - {"using":"xpath","value":"//input[contains(@id,\"application-yardoverview-display-component---masterYardInventory--smartFilterBar-btnBasicSearch-I\")]"}
RESULT: {"using":"xpath","value":"//input[contains(@id,\"application-yardoverview-display-component---masterYardInventory--smartFilterBar-btnBasicSearch-I\")]"}
COMMAND: POST /session/61a4e41d5d5dd3b82ee98b69d8aceb21/elements - {"using":"xpath","value":"//input[contains(@id,\"application-yardoverview-display-component---masterYardInventory--smartFilterBar-btnBasicSearch-I\")]"}
RESULT: {"using":"xpath","value":"//input[contains(@id,\"application-yardoverview-display-component---masterYardInventory--smartFilterBar-btnBasicSearch-I\")]"}
COMMAND: POST /session/61a4e41d5d5dd3b82ee98b69d8aceb21/elements - {"using":"xpath","value":"//input[contains(@id,\"application-yardoverview-display-component---masterYardInventory--smartFilterBar-btnBasicSearch-I\")]"}
RESULT: {"using":"xpath","value":"//input[contains(@id,\"application-yardoverview-display-component---masterYardInventory--smartFilterBar-btnBasicSearch-I\")]"}
COMMAND: POST /session/61a4e41d5d5dd3b82ee98b69d8aceb21/elements - {"using":"xpath","value":"//input[contains(@id,\"application-yardoverview-display-component---masterYardInventory--smartFilterBar-btnBasicSearch-I\")]"}
RESULT: {"using":"xpath","value":"//input[contains(@id,\"application-yardoverview-display-component---masterYardInventory--smartFilterBar-btnBasicSearch-I\")]"}
COMMAND: POST /session/61a4e41d5d5dd3b82ee98b69d8aceb21/elements - {"using":"xpath","value":"//input[contains(@id,\"application-yardoverview-display-component---masterYardInventory--smartFilterBar-btnBasicSearch-I\")]"}
RESULT: {"using":"xpath","value":"//input[contains(@id,\"application-yardoverview-display-component---masterYardInventory--smartFilterBar-btnBasicSearch-I\")]"}
COMMAND: POST /session/61a4e41d5d5dd3b82ee98b69d8aceb21/elements - {"using":"xpath","value":"//input[contains(@id,\"application-yardoverview-display-component---masterYardInventory--smartFilterBar-btnBasicSearch-I\")]"}
RESULT: {"using":"xpath","value":"//input[contains(@id,\"application-yardoverview-display-component---masterYardInventory--smartFilterBar-btnBasicSearch-I\")]"}
COMMAND: POST /session/61a4e41d5d5dd3b82ee98b69d8aceb21/elements - {"using":"xpath","value":"//input[contains(@id,\"application-yardoverview-display-component---masterYardInventory--smartFilterBar-btnBasicSearch-I\")]"}
RESULT: {"using":"xpath","value":"//input[contains(@id,\"application-yardoverview-display-component---masterYardInventory--smartFilterBar-btnBasicSearch-I\")]"}
COMMAND: POST /session/61a4e41d5d5dd3b82ee98b69d8aceb21/elements - {"using":"xpath","value":"//input[contains(@id,\"application-yardoverview-display-component---masterYardInventory--smartFilterBar-btnBasicSearch-I\")]"}
RESULT: {"using":"xpath","value":"//input[contains(@id,\"application-yardoverview-display-component---masterYardInventory--smartFilterBar-btnBasicSearch-I\")]"}
COMMAND: POST /session/61a4e41d5d5dd3b82ee98b69d8aceb21/elements - {"using":"xpath","value":"//input[contains(@id,\"application-yardoverview-display-component---masterYardInventory--smartFilterBar-btnBasicSearch-I\")]"}
RESULT: {"using":"xpath","value":"//input[contains(@id,\"application-yardoverview-display-component---masterYardInventory--smartFilterBar-btnBasicSearch-I\")]"}
COMMAND: POST /session/61a4e41d5d5dd3b82ee98b69d8aceb21/elements - {"using":"xpath","value":"//input[contains(@id,\"application-yardoverview-display-component---masterYardInventory--smartFilterBar-btnBasicSearch-I\")]"}
RESULT: {"using":"xpath","value":"//input[contains(@id,\"application-yardoverview-display-component---masterYardInventory--smartFilterBar-btnBasicSearch-I\")]"}
COMMAND: POST /session/61a4e41d5d5dd3b82ee98b69d8aceb21/elements - {"using":"xpath","value":"//input[contains(@id,\"application-yardoverview-display-component---masterYardInventory--smartFilterBar-btnBasicSearch-I\")]"}
RESULT: {"using":"xpath","value":"//input[contains(@id,\"application-yardoverview-display-component---masterYardInventory--smartFilterBar-btnBasicSearch-I\")]"}
COMMAND: POST /session/61a4e41d5d5dd3b82ee98b69d8aceb21/elements - {"using":"xpath","value":"//input[contains(@id,\"application-yardoverview-display-component---masterYardInventory--smartFilterBar-btnBasicSearch-I\")]"}
RESULT: {"using":"xpath","value":"//input[contains(@id,\"application-yardoverview-display-component---masterYardInventory--smartFilterBar-btnBasicSearch-I\")]"}
COMMAND: POST /session/61a4e41d5d5dd3b82ee98b69d8aceb21/elements - {"using":"xpath","value":"//input[contains(@id,\"application-yardoverview-display-component---masterYardInventory--smartFilterBar-btnBasicSearch-I\")]"}
RESULT: {"using":"xpath","value":"//input[contains(@id,\"application-yardoverview-display-component---masterYardInventory--smartFilterBar-btnBasicSearch-I\")]"}
COMMAND: POST /session/61a4e41d5d5dd3b82ee98b69d8aceb21/elements - {"using":"xpath","value":"//input[contains(@id,\"application-yardoverview-display-component---masterYardInventory--smartFilterBar-btnBasicSearch-I\")]"}
RESULT: {"using":"xpath","value":"//input[contains(@id,\"application-yardoverview-display-component---masterYardInventory--smartFilterBar-btnBasicSearch-I\")]"}
COMMAND: POST /session/61a4e41d5d5dd3b82ee98b69d8aceb21/elements - {"using":"xpath","value":"//input[contains(@id,\"application-yardoverview-display-component---masterYardInventory--smartFilterBar-btnBasicSearch-I\")]"}
RESULT: {"using":"xpath","value":"//input[contains(@id,\"application-yardoverview-display-component---masterYardInventory--smartFilterBar-btnBasicSearch-I\")]"}
COMMAND: GET /session/61a4e41d5d5dd3b82ee98b69d8aceb21/screenshot - {}
RESULT: {}
COMMAND: GET /session/61a4e41d5d5dd3b82ee98b69d8aceb21/screenshot - {}
COMMAND: POST /session/61a4e41d5d5dd3b82ee98b69d8aceb21/element - {"using":"css selector","value":"#j_username"}
COMMAND: POST /session/61a4e41d5d5dd3b82ee98b69d8aceb21/url - {"url":"https://qa-testing-00-live-etm-ui.cfapps.eu10-004.hana.ondemand.com/"}
COMMAND: GET /session/61a4e41d5d5dd3b82ee98b69d8aceb21/screenshot - {}
RESULT: {}
RESULT: {"url":"https://qa-testing-00-live-etm-ui.cfapps.eu10-004.hana.ondemand.com/"}
RESULT: undefined
COMMAND: GET /session/61a4e41d5d5dd3b82ee98b69d8aceb21/screenshot - {}
RESULT: {"using":"css selector","value":"#j_username"}
COMMAND: POST /session/61a4e41d5d5dd3b82ee98b69d8aceb21/element - {"using":"css selector","value":"#j_username"}
RESULT: {}
RESULT: {}
RESULT: {"using":"css selector","value":"#j_username"}
COMMAND: POST /session/61a4e41d5d5dd3b82ee98b69d8aceb21/element - {"using":"css selector","value":"#shell-header-logo"}
RESULT: {"using":"css selector","value":"#shell-header-logo"}
COMMAND: POST /session/61a4e41d5d5dd3b82ee98b69d8aceb21/execute/sync - {"script":"<script> [8489 bytes]","args":[{"element-6066-11e4-a52e-4f735466cecf":"f.5597B913AB35EBD8B52179872D09D3B6.d.D9E8407ABC3BF7A8DE34E08FE6F75280.e.3710","ELEMENT":"f.5597B913AB35EBD8B52179872D09D3B6.d.D9E8407ABC3BF7A8DE34E08FE6F75280.e.3710"}]}
RESULT: {"script":"<script> [8489 bytes]","args":[{"element-6066-11e4-a52e-4f735466cecf":"f.5597B913AB35EBD8B52179872D09D3B6.d.D9E8407ABC3BF7A8DE34E08FE6F75280.e.3710","ELEMENT":"f.5597B913AB35EBD8B52179872D09D3B6.d.D9E8407ABC3BF7A8DE34E08FE6F75280.e.3710"}]}
COMMAND: POST /session/61a4e41d5d5dd3b82ee98b69d8aceb21/element - {"using":"css selector","value":"#shell-header-logo"}
COMMAND: GET /session/61a4e41d5d5dd3b82ee98b69d8aceb21/screenshot - {}
RESULT: {"using":"css selector","value":"#shell-header-logo"}
COMMAND: POST /session/61a4e41d5d5dd3b82ee98b69d8aceb21/execute/sync - {"script":"<script> [8489 bytes]","args":[{"element-6066-11e4-a52e-4f735466cecf":"f.5597B913AB35EBD8B52179872D09D3B6.d.D9E8407ABC3BF7A8DE34E08FE6F75280.e.3710","ELEMENT":"f.5597B913AB35EBD8B52179872D09D3B6.d.D9E8407ABC3BF7A8DE34E08FE6F75280.e.3710"}]}
RESULT: {}
RESULT: {"script":"<script> [8489 bytes]","args":[{"element-6066-11e4-a52e-4f735466cecf":"f.5597B913AB35EBD8B52179872D09D3B6.d.D9E8407ABC3BF7A8DE34E08FE6F75280.e.3710","ELEMENT":"f.5597B913AB35EBD8B52179872D09D3B6.d.D9E8407ABC3BF7A8DE34E08FE6F75280.e.3710"}]}
COMMAND: POST /session/61a4e41d5d5dd3b82ee98b69d8aceb21/execute/sync - {"script":"<script> [5351 bytes]","args":[{"element-6066-11e4-a52e-4f735466cecf":"f.5597B913AB35EBD8B52179872D09D3B6.d.D9E8407ABC3BF7A8DE34E08FE6F75280.e.3710","ELEMENT":"f.5597B913AB35EBD8B52179872D09D3B6.d.D9E8407ABC3BF7A8DE34E08FE6F75280.e.3710"}]}
COMMAND: GET /session/61a4e41d5d5dd3b82ee98b69d8aceb21/screenshot - {}
RESULT: {"script":"<script> [5351 bytes]","args":[{"element-6066-11e4-a52e-4f735466cecf":"f.5597B913AB35EBD8B52179872D09D3B6.d.D9E8407ABC3BF7A8DE34E08FE6F75280.e.3710","ELEMENT":"f.5597B913AB35EBD8B52179872D09D3B6.d.D9E8407ABC3BF7A8DE34E08FE6F75280.e.3710"}]}
COMMAND: POST /session/61a4e41d5d5dd3b82ee98b69d8aceb21/element - {"using":"css selector","value":"#shell-header-logo"}
COMMAND: GET /session/61a4e41d5d5dd3b82ee98b69d8aceb21/screenshot - {}
RESULT: {}
RESULT: {"using":"css selector","value":"#shell-header-logo"}
COMMAND: POST /session/61a4e41d5d5dd3b82ee98b69d8aceb21/element/f.5597B913AB35EBD8B52179872D09D3B6.d.D9E8407ABC3BF7A8DE34E08FE6F75280.e.3710/click - {}
RESULT: {}
RESULT: {}
COMMAND: GET /session/61a4e41d5d5dd3b82ee98b69d8aceb21/screenshot - {}
RESULT: {}
COMMAND: POST /session/61a4e41d5d5dd3b82ee98b69d8aceb21/execute/async - {"script":"<script> [189 bytes]","args":[]}
RESULT: {"script":"<script> [189 bytes]","args":[]}
COMMAND: POST /session/61a4e41d5d5dd3b82ee98b69d8aceb21/execute/async - {"script":"<script> [123 bytes]","args":[]}
RESULT: {"script":"<script> [123 bytes]","args":[]}
COMMAND: POST /session/61a4e41d5d5dd3b82ee98b69d8aceb21/timeouts - {"script":"<number>"}
RESULT: {"script":"<number>"}
COMMAND: GET /session/61a4e41d5d5dd3b82ee98b69d8aceb21/timeouts - {}
RESULT: {}
RESULT: undefined
COMMAND: POST /session/61a4e41d5d5dd3b82ee98b69d8aceb21/execute/async - {"script":"<script> [2676 bytes]","args":[]}
RESULT: {"script":"<script> [2676 bytes]","args":[]}
COMMAND: POST /session/61a4e41d5d5dd3b82ee98b69d8aceb21/execute/async - {"script":"<script> [2342 bytes]","args":[{"protocol":"http","hostname":"0.0.0.0","path":"/","capabilities":{"browserName":"chrome","goog:chromeOptions":{"binary":"C:\\Program Files\\Google\\Chrome\\Application\\chrome.exe","args":["--start-maximized"]}},"logLevel":"warn","connectionRetryTimeout":120000,"connectionRetryCount":3,"logLevels":{},"enableDirectConnect":true,"strictSSL":true,"_":"65 more keys: [\"cacheDir\",\"port\",\"requestedCapabilities\",\"automationProtocol\",\"baseUrl\",\"waitforInterval\",\"waitforTimeout\",\"onReload\",\"beforeCommand\",\"afterCommand\",\"rootDir\",\"specs\",\"suites\",\"exclude\",\"groupLogsByTestSpec\",\"excludeDriverLogs\",\"bail\",\"framework\",\"reporters\",\"services\",\"maxInstances\",\"maxInstancesPerCapability\",\"injectGlobals\",\"filesToWatch\",\"execArgv\",\"runnerEnv\",\"runner\",\"shard\",\"specFileRetries\",\"specFileRetriesDelay\",\"specFileRetriesDeferred\",\"reporterSyncInterval\",\"reporterSyncTimeout\",\"cucumberFeaturesWithLineNumbers\",\"autoCompileOpts\",\"mochaOpts\",\"jasmineOpts\",\"cucumberOpts\",\"onPrepare\",\"onWorkerStart\",\"onWorkerEnd\",\"before\",\"beforeSession\",\"beforeSuite\",\"beforeHook\",\"beforeTest\",\"afterTest\",\"afterHook\",\"afterSuite\",\"afterSession\",\"after\",\"onComplete\",\"beforeAssertion\",\"afterAssertion\",\"beforeFeature\",\"beforeScenario\",\"beforeStep\",\"afterStep\",\"afterScenario\",\"afterFeature\",\"_\",\"suite\",\"$0\",\"ignoredWorkerServices\",\"wdi5\"]"}]}
RESULT: {"script":"<script> [2342 bytes]","args":[{"protocol":"http","hostname":"0.0.0.0","path":"/","capabilities":{"browserName":"chrome","goog:chromeOptions":{"binary":"C:\\Program Files\\Google\\Chrome\\Application\\chrome.exe","args":["--start-maximized"]}},"logLevel":"warn","connectionRetryTimeout":120000,"connectionRetryCount":3,"logLevels":{},"enableDirectConnect":true,"strictSSL":true,"_":"65 more keys: [\"cacheDir\",\"port\",\"requestedCapabilities\",\"automationProtocol\",\"baseUrl\",\"waitforInterval\",\"waitforTimeout\",\"onReload\",\"beforeCommand\",\"afterCommand\",\"rootDir\",\"specs\",\"suites\",\"exclude\",\"groupLogsByTestSpec\",\"excludeDriverLogs\",\"bail\",\"framework\",\"reporters\",\"services\",\"maxInstances\",\"maxInstancesPerCapability\",\"injectGlobals\",\"filesToWatch\",\"execArgv\",\"runnerEnv\",\"runner\",\"shard\",\"specFileRetries\",\"specFileRetriesDelay\",\"specFileRetriesDeferred\",\"reporterSyncInterval\",\"reporterSyncTimeout\",\"cucumberFeaturesWithLineNumbers\",\"autoCompileOpts\",\"mochaOpts\",\"jasmineOpts\",\"cucumberOpts\",\"onPrepare\",\"onWorkerStart\",\"onWorkerEnd\",\"before\",\"beforeSession\",\"beforeSuite\",\"beforeHook\",\"beforeTest\",\"afterTest\",\"afterHook\",\"afterSuite\",\"afterSession\",\"after\",\"onComplete\",\"beforeAssertion\",\"afterAssertion\",\"beforeFeature\",\"beforeScenario\",\"beforeStep\",\"afterStep\",\"afterScenario\",\"afterFeature\",\"_\",\"suite\",\"$0\",\"ignoredWorkerServices\",\"wdi5\"]"}]}
COMMAND: POST /session/61a4e41d5d5dd3b82ee98b69d8aceb21/execute/async - {"script":"<script> [21126 bytes]","args":[35000]}
RESULT: {"script":"<script> [21126 bytes]","args":[35000]}
COMMAND: POST /session/61a4e41d5d5dd3b82ee98b69d8aceb21/window/maximize - {}
RESULT: {}
COMMAND: POST /session/61a4e41d5d5dd3b82ee98b69d8aceb21/execute/async - {"script":"<script> [1562 bytes]","args":[{"selector":{"id":"shell-header","interaction":{"idSuffix":"icon"}},"wdio_ui5_key":"shellheader"}]}
COMMAND: GET /session/61a4e41d5d5dd3b82ee98b69d8aceb21/screenshot - {}
RESULT: {"script":"<script> [1562 bytes]","args":[{"selector":{"id":"shell-header","interaction":{"idSuffix":"icon"}},"wdio_ui5_key":"shellheader"}]}
RESULT: undefined
COMMAND: POST /session/61a4e41d5d5dd3b82ee98b69d8aceb21/refresh - {}
RESULT: {}
RESULT: {}
COMMAND: GET /session/61a4e41d5d5dd3b82ee98b69d8aceb21/screenshot - {}
RESULT: {}
COMMAND: POST /session/61a4e41d5d5dd3b82ee98b69d8aceb21/refresh - {}
RESULT: {}
COMMAND: GET /session/61a4e41d5d5dd3b82ee98b69d8aceb21/screenshot - {}
RESULT: {}
COMMAND: POST /session/61a4e41d5d5dd3b82ee98b69d8aceb21/window/fullscreen - {}
RESULT: {}
COMMAND: POST /session/61a4e41d5d5dd3b82ee98b69d8aceb21/execute/async - {"script":"<script> [189 bytes]","args":[]}
RESULT: {"script":"<script> [189 bytes]","args":[]}
COMMAND: POST /session/61a4e41d5d5dd3b82ee98b69d8aceb21/execute/async - {"script":"<script> [123 bytes]","args":[]}
RESULT: {"script":"<script> [123 bytes]","args":[]}
COMMAND: POST /session/61a4e41d5d5dd3b82ee98b69d8aceb21/timeouts - {"script":"<number>"}
RESULT: {"script":"<number>"}
COMMAND: GET /session/61a4e41d5d5dd3b82ee98b69d8aceb21/timeouts - {}
RESULT: {}
RESULT: undefined
COMMAND: POST /session/61a4e41d5d5dd3b82ee98b69d8aceb21/execute/async - {"script":"<script> [2676 bytes]","args":[]}
RESULT: {"script":"<script> [2676 bytes]","args":[]}
COMMAND: POST /session/61a4e41d5d5dd3b82ee98b69d8aceb21/execute/async - {"script":"<script> [2342 bytes]","args":[{"protocol":"http","hostname":"0.0.0.0","path":"/","capabilities":{"browserName":"chrome","goog:chromeOptions":{"binary":"C:\\Program Files\\Google\\Chrome\\Application\\chrome.exe","args":["--start-maximized"]}},"logLevel":"warn","connectionRetryTimeout":120000,"connectionRetryCount":3,"logLevels":{},"enableDirectConnect":true,"strictSSL":true,"_":"65 more keys: [\"cacheDir\",\"port\",\"requestedCapabilities\",\"automationProtocol\",\"baseUrl\",\"waitforInterval\",\"waitforTimeout\",\"onReload\",\"beforeCommand\",\"afterCommand\",\"rootDir\",\"specs\",\"suites\",\"exclude\",\"groupLogsByTestSpec\",\"excludeDriverLogs\",\"bail\",\"framework\",\"reporters\",\"services\",\"maxInstances\",\"maxInstancesPerCapability\",\"injectGlobals\",\"filesToWatch\",\"execArgv\",\"runnerEnv\",\"runner\",\"shard\",\"specFileRetries\",\"specFileRetriesDelay\",\"specFileRetriesDeferred\",\"reporterSyncInterval\",\"reporterSyncTimeout\",\"cucumberFeaturesWithLineNumbers\",\"autoCompileOpts\",\"mochaOpts\",\"jasmineOpts\",\"cucumberOpts\",\"onPrepare\",\"onWorkerStart\",\"onWorkerEnd\",\"before\",\"beforeSession\",\"beforeSuite\",\"beforeHook\",\"beforeTest\",\"afterTest\",\"afterHook\",\"afterSuite\",\"afterSession\",\"after\",\"onComplete\",\"beforeAssertion\",\"afterAssertion\",\"beforeFeature\",\"beforeScenario\",\"beforeStep\",\"afterStep\",\"afterScenario\",\"afterFeature\",\"_\",\"suite\",\"$0\",\"ignoredWorkerServices\",\"wdi5\"]"}]}
RESULT: {"script":"<script> [2342 bytes]","args":[{"protocol":"http","hostname":"0.0.0.0","path":"/","capabilities":{"browserName":"chrome","goog:chromeOptions":{"binary":"C:\\Program Files\\Google\\Chrome\\Application\\chrome.exe","args":["--start-maximized"]}},"logLevel":"warn","connectionRetryTimeout":120000,"connectionRetryCount":3,"logLevels":{},"enableDirectConnect":true,"strictSSL":true,"_":"65 more keys: [\"cacheDir\",\"port\",\"requestedCapabilities\",\"automationProtocol\",\"baseUrl\",\"waitforInterval\",\"waitforTimeout\",\"onReload\",\"beforeCommand\",\"afterCommand\",\"rootDir\",\"specs\",\"suites\",\"exclude\",\"groupLogsByTestSpec\",\"excludeDriverLogs\",\"bail\",\"framework\",\"reporters\",\"services\",\"maxInstances\",\"maxInstancesPerCapability\",\"injectGlobals\",\"filesToWatch\",\"execArgv\",\"runnerEnv\",\"runner\",\"shard\",\"specFileRetries\",\"specFileRetriesDelay\",\"specFileRetriesDeferred\",\"reporterSyncInterval\",\"reporterSyncTimeout\",\"cucumberFeaturesWithLineNumbers\",\"autoCompileOpts\",\"mochaOpts\",\"jasmineOpts\",\"cucumberOpts\",\"onPrepare\",\"onWorkerStart\",\"onWorkerEnd\",\"before\",\"beforeSession\",\"beforeSuite\",\"beforeHook\",\"beforeTest\",\"afterTest\",\"afterHook\",\"afterSuite\",\"afterSession\",\"after\",\"onComplete\",\"beforeAssertion\",\"afterAssertion\",\"beforeFeature\",\"beforeScenario\",\"beforeStep\",\"afterStep\",\"afterScenario\",\"afterFeature\",\"_\",\"suite\",\"$0\",\"ignoredWorkerServices\",\"wdi5\"]"}]}
COMMAND: POST /session/61a4e41d5d5dd3b82ee98b69d8aceb21/execute/async - {"script":"<script> [21126 bytes]","args":[35000]}
RESULT: {"script":"<script> [21126 bytes]","args":[35000]}
COMMAND: POST /session/61a4e41d5d5dd3b82ee98b69d8aceb21/window/fullscreen - {}
RESULT: {}
]]></system-out>
      <system-err><![CDATA[
Error: element ("//input[contains(@id,"application-yardoverview-display-component---masterYardInventory--smartFilterBar-btnBasicSearch-I")]") still not existing after 45000ms
    at async Context.<anonymous> (D:\a\1\s\test\specs\HTR\yard-mass-return.spec.js:80:9)
]]></system-err>
    </testcase>
  </testsuite>
  <testsuite timestamp="2025-05-31T16:53:54" time="389.444" tests="6" failures="0" errors="0" skipped="0">
    <properties>
      <property name="specId" value="0"/>
      <property name="suiteName" value="Yard Overview Autoplanning US130989"/>
      <property name="capabilities" value="chrome.136_0_7103_93.windows"/>
      <property name="file" value="file:///D:/a/1/s/test/specs/HTR/yard-overview-autoplanning.spec.js"/>
    </properties>
    <testcase classname="chrome.136_0_7103_93.windows.Yard_Overview_Autoplanning_US130989" name="Prereq Should create a new yard used for all following tests" time="0.014">
      <system-out><![CDATA[
COMMAND: POST /session/61a4e41d5d5dd3b82ee98b69d8aceb21/window/fullscreen - {}
RESULT: {}
]]></system-out>
    </testcase>
    <testcase classname="chrome.136_0_7103_93.windows.Yard_Overview_Autoplanning_US130989" name="Prereq Should create a new partner" time="0.003"/>
    <testcase classname="chrome.136_0_7103_93.windows.Yard_Overview_Autoplanning_US130989" name="Prereq Should create a new site" time="0.004"/>
    <testcase classname="chrome.136_0_7103_93.windows.Yard_Overview_Autoplanning_US130989" name="Prereq Should create a new material with catalog selection" time="116.786">
      <system-out><![CDATA[
COMMAND: POST /session/61a4e41d5d5dd3b82ee98b69d8aceb21/execute/async - {"script":"<script> [1562 bytes]","args":[{"selector":{"controlType":"sap.m.GenericTile","properties":{"header":"Manage Resources"}},"wdio_ui5_key":"sapm.GenericTile{\"header\":\"Manage Resources\"}"}]}
RESULT: {"script":"<script> [1562 bytes]","args":[{"selector":{"controlType":"sap.m.GenericTile","properties":{"header":"Manage Resources"}},"wdio_ui5_key":"sapm.GenericTile{\"header\":\"Manage Resources\"}"}]}
RESULT: undefined
COMMAND: POST /session/61a4e41d5d5dd3b82ee98b69d8aceb21/element - {"using":"xpath","value":"//*[@id=\"__tile39\"]"}
RESULT: {"using":"xpath","value":"//*[@id=\"__tile39\"]"}
COMMAND: POST /session/61a4e41d5d5dd3b82ee98b69d8aceb21/element/f.5597B913AB35EBD8B52179872D09D3B6.d.7B2391DB444D7CD0FA8FBF707E020C90.e.3872/click - {}
RESULT: {}
COMMAND: GET /session/61a4e41d5d5dd3b82ee98b69d8aceb21/screenshot - {}
RESULT: {}
COMMAND: POST /session/61a4e41d5d5dd3b82ee98b69d8aceb21/elements - {"using":"xpath","value":"//span[text()='Error']"}
RESULT: {"using":"xpath","value":"//span[text()='Error']"}
COMMAND: POST /session/61a4e41d5d5dd3b82ee98b69d8aceb21/element - {"using":"xpath","value":"//button[@data-kt=\"addNewRUOverflowToolbarButton\"]"}
RESULT: {"using":"xpath","value":"//button[@data-kt=\"addNewRUOverflowToolbarButton\"]"}
COMMAND: POST /session/61a4e41d5d5dd3b82ee98b69d8aceb21/elements - {"using":"xpath","value":"//button[@data-kt=\"addNewRUOverflowToolbarButton\"]"}
RESULT: {"using":"xpath","value":"//button[@data-kt=\"addNewRUOverflowToolbarButton\"]"}
COMMAND: POST /session/61a4e41d5d5dd3b82ee98b69d8aceb21/elements - {"using":"xpath","value":"//button[@data-kt=\"addNewRUOverflowToolbarButton\"]"}
RESULT: {"using":"xpath","value":"//button[@data-kt=\"addNewRUOverflowToolbarButton\"]"}
COMMAND: POST /session/61a4e41d5d5dd3b82ee98b69d8aceb21/elements - {"using":"xpath","value":"//button[@data-kt=\"addNewRUOverflowToolbarButton\"]"}
RESULT: {"using":"xpath","value":"//button[@data-kt=\"addNewRUOverflowToolbarButton\"]"}
COMMAND: POST /session/61a4e41d5d5dd3b82ee98b69d8aceb21/elements - {"using":"xpath","value":"//button[@data-kt=\"addNewRUOverflowToolbarButton\"]"}
RESULT: {"using":"xpath","value":"//button[@data-kt=\"addNewRUOverflowToolbarButton\"]"}
COMMAND: POST /session/61a4e41d5d5dd3b82ee98b69d8aceb21/element - {"using":"xpath","value":"//button[@data-kt=\"addNewRUOverflowToolbarButton\"]"}
RESULT: {"using":"xpath","value":"//button[@data-kt=\"addNewRUOverflowToolbarButton\"]"}
COMMAND: POST /session/61a4e41d5d5dd3b82ee98b69d8aceb21/execute/sync - {"script":"<script> [8489 bytes]","args":[{"element-6066-11e4-a52e-4f735466cecf":"f.5597B913AB35EBD8B52179872D09D3B6.d.7B2391DB444D7CD0FA8FBF707E020C90.e.4011","ELEMENT":"f.5597B913AB35EBD8B52179872D09D3B6.d.7B2391DB444D7CD0FA8FBF707E020C90.e.4011"}]}
RESULT: {"script":"<script> [8489 bytes]","args":[{"element-6066-11e4-a52e-4f735466cecf":"f.5597B913AB35EBD8B52179872D09D3B6.d.7B2391DB444D7CD0FA8FBF707E020C90.e.4011","ELEMENT":"f.5597B913AB35EBD8B52179872D09D3B6.d.7B2391DB444D7CD0FA8FBF707E020C90.e.4011"}]}
COMMAND: GET /session/61a4e41d5d5dd3b82ee98b69d8aceb21/element/f.5597B913AB35EBD8B52179872D09D3B6.d.7B2391DB444D7CD0FA8FBF707E020C90.e.4011/enabled - {}
COMMAND: GET /session/61a4e41d5d5dd3b82ee98b69d8aceb21/screenshot - {}
RESULT: {}
COMMAND: POST /session/61a4e41d5d5dd3b82ee98b69d8aceb21/execute/sync - {"script":"<script> [8489 bytes]","args":[{"element-6066-11e4-a52e-4f735466cecf":"f.5597B913AB35EBD8B52179872D09D3B6.d.7B2391DB444D7CD0FA8FBF707E020C90.e.4011","ELEMENT":"f.5597B913AB35EBD8B52179872D09D3B6.d.7B2391DB444D7CD0FA8FBF707E020C90.e.4011"}]}
COMMAND: GET /session/61a4e41d5d5dd3b82ee98b69d8aceb21/screenshot - {}
RESULT: {}
RESULT: {"script":"<script> [8489 bytes]","args":[{"element-6066-11e4-a52e-4f735466cecf":"f.5597B913AB35EBD8B52179872D09D3B6.d.7B2391DB444D7CD0FA8FBF707E020C90.e.4011","ELEMENT":"f.5597B913AB35EBD8B52179872D09D3B6.d.7B2391DB444D7CD0FA8FBF707E020C90.e.4011"}]}
COMMAND: POST /session/61a4e41d5d5dd3b82ee98b69d8aceb21/execute/sync - {"script":"<script> [5351 bytes]","args":[{"element-6066-11e4-a52e-4f735466cecf":"f.5597B913AB35EBD8B52179872D09D3B6.d.7B2391DB444D7CD0FA8FBF707E020C90.e.4011","ELEMENT":"f.5597B913AB35EBD8B52179872D09D3B6.d.7B2391DB444D7CD0FA8FBF707E020C90.e.4011"}]}
COMMAND: GET /session/61a4e41d5d5dd3b82ee98b69d8aceb21/screenshot - {}
RESULT: {}
RESULT: {"script":"<script> [5351 bytes]","args":[{"element-6066-11e4-a52e-4f735466cecf":"f.5597B913AB35EBD8B52179872D09D3B6.d.7B2391DB444D7CD0FA8FBF707E020C90.e.4011","ELEMENT":"f.5597B913AB35EBD8B52179872D09D3B6.d.7B2391DB444D7CD0FA8FBF707E020C90.e.4011"}]}
COMMAND: POST /session/61a4e41d5d5dd3b82ee98b69d8aceb21/element/f.5597B913AB35EBD8B52179872D09D3B6.d.7B2391DB444D7CD0FA8FBF707E020C90.e.4011/click - {}
COMMAND: GET /session/61a4e41d5d5dd3b82ee98b69d8aceb21/screenshot - {}
RESULT: {}
RESULT: {}
COMMAND: GET /session/61a4e41d5d5dd3b82ee98b69d8aceb21/screenshot - {}
RESULT: {}
RESULT: {}
COMMAND: POST /session/61a4e41d5d5dd3b82ee98b69d8aceb21/execute/async - {"script":"<script> [1562 bytes]","args":[{"selector":{"id":"application-manageresources-display-component---newResourceUnit--TYPE-arrow"},"wdio_ui5_key":"applicationmanageresources-display-component---newResourceUnit--TYPE-arrow"}]}
RESULT: {"script":"<script> [1562 bytes]","args":[{"selector":{"id":"application-manageresources-display-component---newResourceUnit--TYPE-arrow"},"wdio_ui5_key":"applicationmanageresources-display-component---newResourceUnit--TYPE-arrow"}]}
RESULT: undefined
COMMAND: POST /session/61a4e41d5d5dd3b82ee98b69d8aceb21/element - {"using":"xpath","value":"//*[@id=\"application-manageresources-display-component---newResourceUnit--TYPE-arrow\"]"}
RESULT: {"using":"xpath","value":"//*[@id=\"application-manageresources-display-component---newResourceUnit--TYPE-arrow\"]"}
COMMAND: POST /session/61a4e41d5d5dd3b82ee98b69d8aceb21/element/f.5597B913AB35EBD8B52179872D09D3B6.d.7B2391DB444D7CD0FA8FBF707E020C90.e.4379/click - {}
RESULT: {}
COMMAND: POST /session/61a4e41d5d5dd3b82ee98b69d8aceb21/element - {"using":"xpath","value":"//input[@id=\"application-manageresources-display-component---newResourceUnit--TYPE-inner\"]"}
COMMAND: GET /session/61a4e41d5d5dd3b82ee98b69d8aceb21/screenshot - {}
RESULT: {"using":"xpath","value":"//input[@id=\"application-manageresources-display-component---newResourceUnit--TYPE-inner\"]"}
COMMAND: POST /session/61a4e41d5d5dd3b82ee98b69d8aceb21/element/f.5597B913AB35EBD8B52179872D09D3B6.d.7B2391DB444D7CD0FA8FBF707E020C90.e.4363/clear - {}
RESULT: {}
RESULT: {}
COMMAND: POST /session/61a4e41d5d5dd3b82ee98b69d8aceb21/element/f.5597B913AB35EBD8B52179872D09D3B6.d.7B2391DB444D7CD0FA8FBF707E020C90.e.4363/value - {"text":"Material"}
COMMAND: GET /session/61a4e41d5d5dd3b82ee98b69d8aceb21/screenshot - {}
RESULT: {"text":"Material"}
COMMAND: GET /session/61a4e41d5d5dd3b82ee98b69d8aceb21/screenshot - {}
RESULT: {}
RESULT: {}
COMMAND: POST /session/61a4e41d5d5dd3b82ee98b69d8aceb21/actions - {"actions":[{"id":"action13","type":"key","parameters":{},"actions":[{"type":"keyDown","value":""},{"type":"pause","duration":10},{"type":"keyUp","value":""}]}]}
RESULT: {"actions":[{"id":"action13","type":"key","parameters":{},"actions":[{"type":"keyDown","value":""},{"type":"pause","duration":10},{"type":"keyUp","value":""}]}]}
COMMAND: POST /session/61a4e41d5d5dd3b82ee98b69d8aceb21/execute/async - {"script":"<script> [1562 bytes]","args":[{"selector":{"id":"application-manageresources-display-component---newResourceUnit--SHORT_TEXT","interaction":{"idSuffix":"inner"}},"wdio_ui5_key":"applicationmanageresources-display-component---newResourceUnit--SHORT_TEXT"}]}
COMMAND: GET /session/61a4e41d5d5dd3b82ee98b69d8aceb21/screenshot - {}
RESULT: {"script":"<script> [1562 bytes]","args":[{"selector":{"id":"application-manageresources-display-component---newResourceUnit--SHORT_TEXT","interaction":{"idSuffix":"inner"}},"wdio_ui5_key":"applicationmanageresources-display-component---newResourceUnit--SHORT_TEXT"}]}
RESULT: undefined
COMMAND: POST /session/61a4e41d5d5dd3b82ee98b69d8aceb21/execute/async - {"script":"<script> [776 bytes]","args":[{"enterText":"Cement WDIO","selector":{"id":"application-manageresources-display-component---newResourceUnit--SHORT_TEXT","interaction":{"idSuffix":"inner"}},"clearTextFirst":true,"interactionType":"ENTER_TEXT"}]}
RESULT: {}
RESULT: {"script":"<script> [776 bytes]","args":[{"enterText":"Cement WDIO","selector":{"id":"application-manageresources-display-component---newResourceUnit--SHORT_TEXT","interaction":{"idSuffix":"inner"}},"clearTextFirst":true,"interactionType":"ENTER_TEXT"}]}
COMMAND: POST /session/61a4e41d5d5dd3b82ee98b69d8aceb21/execute/async - {"script":"<script> [1562 bytes]","args":[{"selector":{"id":"application-manageresources-display-component---newResourceUnit--BASE_UNIT_OF_MEASURE","interaction":{"idSuffix":"inner"}},"wdio_ui5_key":"applicationmanageresources-display-component---newResourceUnit--BASE_UNIT_OF_MEASURE"}]}
RESULT: {"script":"<script> [1562 bytes]","args":[{"selector":{"id":"application-manageresources-display-component---newResourceUnit--BASE_UNIT_OF_MEASURE","interaction":{"idSuffix":"inner"}},"wdio_ui5_key":"applicationmanageresources-display-component---newResourceUnit--BASE_UNIT_OF_MEASURE"}]}
RESULT: undefined
COMMAND: POST /session/61a4e41d5d5dd3b82ee98b69d8aceb21/execute/async - {"script":"<script> [776 bytes]","args":[{"enterText":"Piece","selector":{"id":"application-manageresources-display-component---newResourceUnit--BASE_UNIT_OF_MEASURE","interaction":{"idSuffix":"inner"}},"clearTextFirst":true,"interactionType":"ENTER_TEXT"}]}
RESULT: {"script":"<script> [776 bytes]","args":[{"enterText":"Piece","selector":{"id":"application-manageresources-display-component---newResourceUnit--BASE_UNIT_OF_MEASURE","interaction":{"idSuffix":"inner"}},"clearTextFirst":true,"interactionType":"ENTER_TEXT"}]}
COMMAND: POST /session/61a4e41d5d5dd3b82ee98b69d8aceb21/execute/async - {"script":"<script> [1562 bytes]","args":[{"selector":{"id":"application-manageresources-display-component---newResourceUnit--WEIGHT_UNIT","interaction":{"idSuffix":"inner"}},"wdio_ui5_key":"applicationmanageresources-display-component---newResourceUnit--WEIGHT_UNIT"}]}
RESULT: {"script":"<script> [1562 bytes]","args":[{"selector":{"id":"application-manageresources-display-component---newResourceUnit--WEIGHT_UNIT","interaction":{"idSuffix":"inner"}},"wdio_ui5_key":"applicationmanageresources-display-component---newResourceUnit--WEIGHT_UNIT"}]}
RESULT: undefined
COMMAND: POST /session/61a4e41d5d5dd3b82ee98b69d8aceb21/execute/async - {"script":"<script> [776 bytes]","args":[{"enterText":"Gram","selector":{"id":"application-manageresources-display-component---newResourceUnit--WEIGHT_UNIT","interaction":{"idSuffix":"inner"}},"clearTextFirst":true,"interactionType":"ENTER_TEXT"}]}
RESULT: {"script":"<script> [776 bytes]","args":[{"enterText":"Gram","selector":{"id":"application-manageresources-display-component---newResourceUnit--WEIGHT_UNIT","interaction":{"idSuffix":"inner"}},"clearTextFirst":true,"interactionType":"ENTER_TEXT"}]}
COMMAND: POST /session/61a4e41d5d5dd3b82ee98b69d8aceb21/execute/async - {"script":"<script> [1562 bytes]","args":[{"selector":{"id":"application-manageresources-display-component---newResourceUnit--DIMENSION_UNIT","interaction":{"idSuffix":"inner"}},"wdio_ui5_key":"applicationmanageresources-display-component---newResourceUnit--DIMENSION_UNIT"}]}
RESULT: {"script":"<script> [1562 bytes]","args":[{"selector":{"id":"application-manageresources-display-component---newResourceUnit--DIMENSION_UNIT","interaction":{"idSuffix":"inner"}},"wdio_ui5_key":"applicationmanageresources-display-component---newResourceUnit--DIMENSION_UNIT"}]}
RESULT: undefined
COMMAND: POST /session/61a4e41d5d5dd3b82ee98b69d8aceb21/execute/async - {"script":"<script> [776 bytes]","args":[{"enterText":"Meter","selector":{"id":"application-manageresources-display-component---newResourceUnit--DIMENSION_UNIT","interaction":{"idSuffix":"inner"}},"clearTextFirst":true,"interactionType":"ENTER_TEXT"}]}
RESULT: {"script":"<script> [776 bytes]","args":[{"enterText":"Meter","selector":{"id":"application-manageresources-display-component---newResourceUnit--DIMENSION_UNIT","interaction":{"idSuffix":"inner"}},"clearTextFirst":true,"interactionType":"ENTER_TEXT"}]}
COMMAND: POST /session/61a4e41d5d5dd3b82ee98b69d8aceb21/execute/async - {"script":"<script> [1562 bytes]","args":[{"selector":{"id":"application-manageresources-display-component---newResourceUnit--newRRUPage-anchBar-application-manageresources-display-component---newResourceUnit--control-anchor","interaction":{"idSuffix":"BDI-content"}},"wdio_ui5_key":"applicationmanageresources-display-component---newResourceUnit--newRRUPage-anchBar-application-manageresources-display-component---newResourceUnit--control-anchor"}]}
RESULT: {"script":"<script> [1562 bytes]","args":[{"selector":{"id":"application-manageresources-display-component---newResourceUnit--newRRUPage-anchBar-application-manageresources-display-component---newResourceUnit--control-anchor","interaction":{"idSuffix":"BDI-content"}},"wdio_ui5_key":"applicationmanageresources-display-component---newResourceUnit--newRRUPage-anchBar-application-manageresources-display-component---newResourceUnit--control-anchor"}]}
RESULT: undefined
COMMAND: POST /session/61a4e41d5d5dd3b82ee98b69d8aceb21/element - {"using":"xpath","value":"//*[@id=\"application-manageresources-display-component---newResourceUnit--newRRUPage-anchBar-application-manageresources-display-component---newResourceUnit--control-anchor\"]"}
RESULT: {"using":"xpath","value":"//*[@id=\"application-manageresources-display-component---newResourceUnit--newRRUPage-anchBar-application-manageresources-display-component---newResourceUnit--control-anchor\"]"}
COMMAND: POST /session/61a4e41d5d5dd3b82ee98b69d8aceb21/element/f.5597B913AB35EBD8B52179872D09D3B6.d.7B2391DB444D7CD0FA8FBF707E020C90.e.4511/click - {}
RESULT: {}
COMMAND: POST /session/61a4e41d5d5dd3b82ee98b69d8aceb21/execute/async - {"script":"<script> [1562 bytes]","args":[{"selector":{"id":"application-manageresources-display-component---newResourceUnit--PLANNING_GROUP","interaction":{"idSuffix":"inner"}},"wdio_ui5_key":"applicationmanageresources-display-component---newResourceUnit--PLANNING_GROUP"}]}
COMMAND: GET /session/61a4e41d5d5dd3b82ee98b69d8aceb21/screenshot - {}
RESULT: {"script":"<script> [1562 bytes]","args":[{"selector":{"id":"application-manageresources-display-component---newResourceUnit--PLANNING_GROUP","interaction":{"idSuffix":"inner"}},"wdio_ui5_key":"applicationmanageresources-display-component---newResourceUnit--PLANNING_GROUP"}]}
RESULT: undefined
COMMAND: POST /session/61a4e41d5d5dd3b82ee98b69d8aceb21/execute/async - {"script":"<script> [776 bytes]","args":[{"enterText":"Material","selector":{"id":"application-manageresources-display-component---newResourceUnit--PLANNING_GROUP","interaction":{"idSuffix":"inner"}},"clearTextFirst":true,"interactionType":"ENTER_TEXT"}]}
RESULT: {}
RESULT: {"script":"<script> [776 bytes]","args":[{"enterText":"Material","selector":{"id":"application-manageresources-display-component---newResourceUnit--PLANNING_GROUP","interaction":{"idSuffix":"inner"}},"clearTextFirst":true,"interactionType":"ENTER_TEXT"}]}
COMMAND: POST /session/61a4e41d5d5dd3b82ee98b69d8aceb21/execute/async - {"script":"<script> [1562 bytes]","args":[{"selector":{"id":"application-manageresources-display-component---newResourceUnit--PLANNING_INDICATOR","interaction":{"idSuffix":"inner"}},"wdio_ui5_key":"applicationmanageresources-display-component---newResourceUnit--PLANNING_INDICATOR"}]}
RESULT: {"script":"<script> [1562 bytes]","args":[{"selector":{"id":"application-manageresources-display-component---newResourceUnit--PLANNING_INDICATOR","interaction":{"idSuffix":"inner"}},"wdio_ui5_key":"applicationmanageresources-display-component---newResourceUnit--PLANNING_INDICATOR"}]}
RESULT: undefined
COMMAND: POST /session/61a4e41d5d5dd3b82ee98b69d8aceb21/execute/async - {"script":"<script> [776 bytes]","args":[{"enterText":"10 - infinite","selector":{"id":"application-manageresources-display-component---newResourceUnit--PLANNING_INDICATOR","interaction":{"idSuffix":"inner"}},"clearTextFirst":true,"interactionType":"ENTER_TEXT"}]}
RESULT: {"script":"<script> [776 bytes]","args":[{"enterText":"10 - infinite","selector":{"id":"application-manageresources-display-component---newResourceUnit--PLANNING_INDICATOR","interaction":{"idSuffix":"inner"}},"clearTextFirst":true,"interactionType":"ENTER_TEXT"}]}
COMMAND: POST /session/61a4e41d5d5dd3b82ee98b69d8aceb21/element - {"using":"css selector","value":"#application-manageresources-display-component---newResourceUnit--btnAddTimeSegment"}
RESULT: {"using":"css selector","value":"#application-manageresources-display-component---newResourceUnit--btnAddTimeSegment"}
COMMAND: GET /session/61a4e41d5d5dd3b82ee98b69d8aceb21/element/f.5597B913AB35EBD8B52179872D09D3B6.d.7B2391DB444D7CD0FA8FBF707E020C90.e.4519/rect - {}
RESULT: {}
COMMAND: GET /session/61a4e41d5d5dd3b82ee98b69d8aceb21/window/rect - {}
RESULT: {}
COMMAND: POST /session/61a4e41d5d5dd3b82ee98b69d8aceb21/execute/sync - {"script":"<script> [92 bytes]","args":[]}
RESULT: {"script":"<script> [92 bytes]","args":[]}
COMMAND: POST /session/61a4e41d5d5dd3b82ee98b69d8aceb21/actions - {"actions":[{"id":"action14","type":"wheel","parameters":{},"actions":[{"type":"scroll","x":-1888,"y":-32,"deltaX":0,"deltaY":0,"duration":0,"origin":{"element-6066-11e4-a52e-4f735466cecf":"f.5597B913AB35EBD8B52179872D09D3B6.d.7B2391DB444D7CD0FA8FBF707E020C90.e.4519"}}]}]}
COMMAND: GET /session/61a4e41d5d5dd3b82ee98b69d8aceb21/screenshot - {}
RESULT: {}
COMMAND: POST /session/61a4e41d5d5dd3b82ee98b69d8aceb21/execute/sync - {"script":"<script> [79 bytes]","args":[{"element-6066-11e4-a52e-4f735466cecf":"f.5597B913AB35EBD8B52179872D09D3B6.d.7B2391DB444D7CD0FA8FBF707E020C90.e.4519","ELEMENT":"f.5597B913AB35EBD8B52179872D09D3B6.d.7B2391DB444D7CD0FA8FBF707E020C90.e.4519"},{"block":"start","inline":"nearest"}]}
RESULT: {"script":"<script> [79 bytes]","args":[{"element-6066-11e4-a52e-4f735466cecf":"f.5597B913AB35EBD8B52179872D09D3B6.d.7B2391DB444D7CD0FA8FBF707E020C90.e.4519","ELEMENT":"f.5597B913AB35EBD8B52179872D09D3B6.d.7B2391DB444D7CD0FA8FBF707E020C90.e.4519"},{"block":"start","inline":"nearest"}]}
COMMAND: POST /session/61a4e41d5d5dd3b82ee98b69d8aceb21/execute/async - {"script":"<script> [1562 bytes]","args":[{"selector":{"id":"application-manageresources-display-component---newResourceUnit--btnAddTimeSegment","interaction":{"idSuffix":"inner"}},"wdio_ui5_key":"applicationmanageresources-display-component---newResourceUnit--btnAddTimeSegment"}]}
COMMAND: GET /session/61a4e41d5d5dd3b82ee98b69d8aceb21/screenshot - {}
RESULT: {"script":"<script> [1562 bytes]","args":[{"selector":{"id":"application-manageresources-display-component---newResourceUnit--btnAddTimeSegment","interaction":{"idSuffix":"inner"}},"wdio_ui5_key":"applicationmanageresources-display-component---newResourceUnit--btnAddTimeSegment"}]}
RESULT: undefined
COMMAND: POST /session/61a4e41d5d5dd3b82ee98b69d8aceb21/element - {"using":"xpath","value":"//*[@id=\"application-manageresources-display-component---newResourceUnit--btnAddTimeSegment\"]"}
RESULT: {}
RESULT: {"using":"xpath","value":"//*[@id=\"application-manageresources-display-component---newResourceUnit--btnAddTimeSegment\"]"}
COMMAND: POST /session/61a4e41d5d5dd3b82ee98b69d8aceb21/element/f.5597B913AB35EBD8B52179872D09D3B6.d.7B2391DB444D7CD0FA8FBF707E020C90.e.4519/click - {}
RESULT: {}
COMMAND: GET /session/61a4e41d5d5dd3b82ee98b69d8aceb21/screenshot - {}
RESULT: {}
COMMAND: POST /session/61a4e41d5d5dd3b82ee98b69d8aceb21/element - {"using":"xpath","value":"//input[@id=\"application-manageresources-display-component---newResourceUnit--idRuTSAdmin-application-manageresources-display-component---newResourceUnit--RUTimeSegment-0-inner\"]"}
RESULT: {"using":"xpath","value":"//input[@id=\"application-manageresources-display-component---newResourceUnit--idRuTSAdmin-application-manageresources-display-component---newResourceUnit--RUTimeSegment-0-inner\"]"}
COMMAND: POST /session/61a4e41d5d5dd3b82ee98b69d8aceb21/element/f.5597B913AB35EBD8B52179872D09D3B6.d.7B2391DB444D7CD0FA8FBF707E020C90.e.4524/clear - {}
RESULT: {}
COMMAND: POST /session/61a4e41d5d5dd3b82ee98b69d8aceb21/element/f.5597B913AB35EBD8B52179872D09D3B6.d.7B2391DB444D7CD0FA8FBF707E020C90.e.4524/value - {"text":"526"}
COMMAND: GET /session/61a4e41d5d5dd3b82ee98b69d8aceb21/screenshot - {}
RESULT: {"text":"526"}
COMMAND: GET /session/61a4e41d5d5dd3b82ee98b69d8aceb21/screenshot - {}
RESULT: {}
RESULT: {}
COMMAND: POST /session/61a4e41d5d5dd3b82ee98b69d8aceb21/element - {"using":"xpath","value":"//li[.//span[text()='526']]"}
RESULT: {"using":"xpath","value":"//li[.//span[text()='526']]"}
COMMAND: POST /session/61a4e41d5d5dd3b82ee98b69d8aceb21/element/f.5597B913AB35EBD8B52179872D09D3B6.d.7B2391DB444D7CD0FA8FBF707E020C90.e.4533/click - {}
RESULT: {}
COMMAND: GET /session/61a4e41d5d5dd3b82ee98b69d8aceb21/screenshot - {}
RESULT: {}
COMMAND: POST /session/61a4e41d5d5dd3b82ee98b69d8aceb21/element - {"using":"xpath","value":"//*[contains(text(), \"Catalogs\")][contains(@id ,\"application-manageresources-display-component---newResourceUnit--newRRUPage-anchBar\")]"}
RESULT: {"using":"xpath","value":"//*[contains(text(), \"Catalogs\")][contains(@id ,\"application-manageresources-display-component---newResourceUnit--newRRUPage-anchBar\")]"}
COMMAND: POST /session/61a4e41d5d5dd3b82ee98b69d8aceb21/element/f.5597B913AB35EBD8B52179872D09D3B6.d.7B2391DB444D7CD0FA8FBF707E020C90.e.4534/click - {}
RESULT: {}
COMMAND: GET /session/61a4e41d5d5dd3b82ee98b69d8aceb21/screenshot - {}
RESULT: {}
COMMAND: POST /session/61a4e41d5d5dd3b82ee98b69d8aceb21/element - {"using":"xpath","value":"//*[contains(text(), \"Assign\")][contains(@id ,\"button\")]"}
RESULT: {"using":"xpath","value":"//*[contains(text(), \"Assign\")][contains(@id ,\"button\")]"}
COMMAND: POST /session/61a4e41d5d5dd3b82ee98b69d8aceb21/element/f.5597B913AB35EBD8B52179872D09D3B6.d.7B2391DB444D7CD0FA8FBF707E020C90.e.4538/click - {}
RESULT: {}
COMMAND: GET /session/61a4e41d5d5dd3b82ee98b69d8aceb21/screenshot - {}
RESULT: {}
COMMAND: POST /session/61a4e41d5d5dd3b82ee98b69d8aceb21/element - {"using":"xpath","value":"//span[@id = \"application-manageresources-display-component---newResourceUnit--catalogSelect-arrow\"]"}
RESULT: {"using":"xpath","value":"//span[@id = \"application-manageresources-display-component---newResourceUnit--catalogSelect-arrow\"]"}
COMMAND: POST /session/61a4e41d5d5dd3b82ee98b69d8aceb21/element/f.5597B913AB35EBD8B52179872D09D3B6.d.7B2391DB444D7CD0FA8FBF707E020C90.e.4547/click - {}
RESULT: {}
COMMAND: GET /session/61a4e41d5d5dd3b82ee98b69d8aceb21/screenshot - {}
RESULT: {}
COMMAND: POST /session/61a4e41d5d5dd3b82ee98b69d8aceb21/element - {"using":"xpath","value":"//li[.//span[text()=\"Webshop Catalog\"]]"}
RESULT: {"using":"xpath","value":"//li[.//span[text()=\"Webshop Catalog\"]]"}
COMMAND: POST /session/61a4e41d5d5dd3b82ee98b69d8aceb21/element/f.5597B913AB35EBD8B52179872D09D3B6.d.7B2391DB444D7CD0FA8FBF707E020C90.e.4548/click - {}
RESULT: {}
COMMAND: GET /session/61a4e41d5d5dd3b82ee98b69d8aceb21/screenshot - {}
RESULT: {}
COMMAND: POST /session/61a4e41d5d5dd3b82ee98b69d8aceb21/element - {"using":"xpath","value":"//span[@id = \"application-manageresources-display-component---newResourceUnit--catalogItemSelect-arrow\"]"}
RESULT: {"using":"xpath","value":"//span[@id = \"application-manageresources-display-component---newResourceUnit--catalogItemSelect-arrow\"]"}
COMMAND: POST /session/61a4e41d5d5dd3b82ee98b69d8aceb21/element/f.5597B913AB35EBD8B52179872D09D3B6.d.7B2391DB444D7CD0FA8FBF707E020C90.e.4549/click - {}
RESULT: {}
COMMAND: GET /session/61a4e41d5d5dd3b82ee98b69d8aceb21/screenshot - {}
RESULT: {}
COMMAND: POST /session/61a4e41d5d5dd3b82ee98b69d8aceb21/element - {"using":"xpath","value":"//li[.//span[text()=\"Concert - Concert \"]]"}
RESULT: {"using":"xpath","value":"//li[.//span[text()=\"Concert - Concert \"]]"}
COMMAND: POST /session/61a4e41d5d5dd3b82ee98b69d8aceb21/element/f.5597B913AB35EBD8B52179872D09D3B6.d.7B2391DB444D7CD0FA8FBF707E020C90.e.4550/click - {}
RESULT: {}
COMMAND: GET /session/61a4e41d5d5dd3b82ee98b69d8aceb21/screenshot - {}
RESULT: {}
COMMAND: POST /session/61a4e41d5d5dd3b82ee98b69d8aceb21/execute/async - {"script":"<script> [1562 bytes]","args":[{"selector":{"id":"application-manageresources-display-component---newResourceUnit--RUAssignmentSaveButton","searchOpenDialogs":true,"interaction":{"idSuffix":"BDI-content"}},"wdio_ui5_key":"applicationmanageresources-display-component---newResourceUnit--RUAssignmentSaveButton"}]}
RESULT: {"script":"<script> [1562 bytes]","args":[{"selector":{"id":"application-manageresources-display-component---newResourceUnit--RUAssignmentSaveButton","searchOpenDialogs":true,"interaction":{"idSuffix":"BDI-content"}},"wdio_ui5_key":"applicationmanageresources-display-component---newResourceUnit--RUAssignmentSaveButton"}]}
RESULT: undefined
COMMAND: POST /session/61a4e41d5d5dd3b82ee98b69d8aceb21/element - {"using":"xpath","value":"//*[@id=\"application-manageresources-display-component---newResourceUnit--RUAssignmentSaveButton\"]"}
RESULT: {"using":"xpath","value":"//*[@id=\"application-manageresources-display-component---newResourceUnit--RUAssignmentSaveButton\"]"}
COMMAND: POST /session/61a4e41d5d5dd3b82ee98b69d8aceb21/element/f.5597B913AB35EBD8B52179872D09D3B6.d.7B2391DB444D7CD0FA8FBF707E020C90.e.4566/click - {}
RESULT: {}
COMMAND: GET /session/61a4e41d5d5dd3b82ee98b69d8aceb21/screenshot - {}
RESULT: {}
COMMAND: POST /session/61a4e41d5d5dd3b82ee98b69d8aceb21/element - {"using":"xpath","value":"//button[@data-kt=\"resourceUnitSaveButton\"]"}
RESULT: {"using":"xpath","value":"//button[@data-kt=\"resourceUnitSaveButton\"]"}
COMMAND: POST /session/61a4e41d5d5dd3b82ee98b69d8aceb21/element/f.5597B913AB35EBD8B52179872D09D3B6.d.7B2391DB444D7CD0FA8FBF707E020C90.e.4397/click - {}
RESULT: {}
COMMAND: GET /session/61a4e41d5d5dd3b82ee98b69d8aceb21/screenshot - {}
RESULT: {}
COMMAND: POST /session/61a4e41d5d5dd3b82ee98b69d8aceb21/element - {"using":"xpath","value":"//bdi[contains(text(), \"Close\")]"}
RESULT: {"using":"xpath","value":"//bdi[contains(text(), \"Close\")]"}
COMMAND: POST /session/61a4e41d5d5dd3b82ee98b69d8aceb21/element/f.5597B913AB35EBD8B52179872D09D3B6.d.7B2391DB444D7CD0FA8FBF707E020C90.e.4575/click - {}
RESULT: {}
COMMAND: GET /session/61a4e41d5d5dd3b82ee98b69d8aceb21/screenshot - {}
RESULT: {}
COMMAND: POST /session/61a4e41d5d5dd3b82ee98b69d8aceb21/element - {"using":"xpath","value":"//header[contains(@id, 'detailRruPage-headerTitle')]/div[1]/div[2]/div[2]/span[1]"}
RESULT: {"using":"xpath","value":"//header[contains(@id, 'detailRruPage-headerTitle')]/div[1]/div[2]/div[2]/span[1]"}
COMMAND: POST /session/61a4e41d5d5dd3b82ee98b69d8aceb21/elements - {"using":"xpath","value":"//header[contains(@id, 'detailRruPage-headerTitle')]/div[1]/div[2]/div[2]/span[1]"}
RESULT: {"using":"xpath","value":"//header[contains(@id, 'detailRruPage-headerTitle')]/div[1]/div[2]/div[2]/span[1]"}
COMMAND: POST /session/61a4e41d5d5dd3b82ee98b69d8aceb21/execute/sync - {"script":"<script> [56 bytes]","args":[{"element-6066-11e4-a52e-4f735466cecf":"f.5597B913AB35EBD8B52179872D09D3B6.d.7B2391DB444D7CD0FA8FBF707E020C90.e.4606","ELEMENT":"f.5597B913AB35EBD8B52179872D09D3B6.d.7B2391DB444D7CD0FA8FBF707E020C90.e.4606"}]}
RESULT: {"script":"<script> [56 bytes]","args":[{"element-6066-11e4-a52e-4f735466cecf":"f.5597B913AB35EBD8B52179872D09D3B6.d.7B2391DB444D7CD0FA8FBF707E020C90.e.4606","ELEMENT":"f.5597B913AB35EBD8B52179872D09D3B6.d.7B2391DB444D7CD0FA8FBF707E020C90.e.4606"}]}
COMMAND: POST /session/61a4e41d5d5dd3b82ee98b69d8aceb21/element - {"using":"css selector","value":"#shell-header-logo"}
COMMAND: GET /session/61a4e41d5d5dd3b82ee98b69d8aceb21/screenshot - {}
RESULT: {"using":"css selector","value":"#shell-header-logo"}
COMMAND: POST /session/61a4e41d5d5dd3b82ee98b69d8aceb21/element/f.5597B913AB35EBD8B52179872D09D3B6.d.7B2391DB444D7CD0FA8FBF707E020C90.e.3980/click - {}
RESULT: {}
RESULT: {}
COMMAND: GET /session/61a4e41d5d5dd3b82ee98b69d8aceb21/screenshot - {}
RESULT: {}
]]></system-out>
    </testcase>
    <testcase classname="chrome.136_0_7103_93.windows.Yard_Overview_Autoplanning_US130989" name="Should create a new request and add the material" time="95.417">
      <system-out><![CDATA[
COMMAND: POST /session/61a4e41d5d5dd3b82ee98b69d8aceb21/execute/async - {"script":"<script> [1562 bytes]","args":[{"selector":{"controlType":"sap.m.GenericTile","properties":{"header":"Manage Requests"}},"wdio_ui5_key":"sapm.GenericTile{\"header\":\"Manage Requests\"}"}]}
RESULT: {"script":"<script> [1562 bytes]","args":[{"selector":{"controlType":"sap.m.GenericTile","properties":{"header":"Manage Requests"}},"wdio_ui5_key":"sapm.GenericTile{\"header\":\"Manage Requests\"}"}]}
RESULT: undefined
COMMAND: POST /session/61a4e41d5d5dd3b82ee98b69d8aceb21/element - {"using":"xpath","value":"//*[@id=\"__tile47\"]"}
RESULT: {"using":"xpath","value":"//*[@id=\"__tile47\"]"}
COMMAND: POST /session/61a4e41d5d5dd3b82ee98b69d8aceb21/element/f.5597B913AB35EBD8B52179872D09D3B6.d.7B2391DB444D7CD0FA8FBF707E020C90.e.3966/click - {}
RESULT: {}
COMMAND: GET /session/61a4e41d5d5dd3b82ee98b69d8aceb21/screenshot - {}
RESULT: {}
COMMAND: POST /session/61a4e41d5d5dd3b82ee98b69d8aceb21/elements - {"using":"xpath","value":"//span[text()='Error']"}
RESULT: {"using":"xpath","value":"//span[text()='Error']"}
COMMAND: POST /session/61a4e41d5d5dd3b82ee98b69d8aceb21/execute/async - {"script":"<script> [1562 bytes]","args":[{"selector":{"id":"btnCreateNew","viewName":"etm.portal.ui.managerequests.view.Master","interaction":{"idSuffix":"inner"}},"wdio_ui5_key":"btnCreateNewetmportal.ui.managerequests.view.Master"}]}
RESULT: {"script":"<script> [1562 bytes]","args":[{"selector":{"id":"btnCreateNew","viewName":"etm.portal.ui.managerequests.view.Master","interaction":{"idSuffix":"inner"}},"wdio_ui5_key":"btnCreateNewetmportal.ui.managerequests.view.Master"}]}
RESULT: undefined
COMMAND: POST /session/61a4e41d5d5dd3b82ee98b69d8aceb21/element - {"using":"xpath","value":"//*[@id=\"__xmlview58--btnCreateNew\"]"}
RESULT: {"using":"xpath","value":"//*[@id=\"__xmlview58--btnCreateNew\"]"}
COMMAND: POST /session/61a4e41d5d5dd3b82ee98b69d8aceb21/element/f.5597B913AB35EBD8B52179872D09D3B6.d.7B2391DB444D7CD0FA8FBF707E020C90.e.4664/click - {}
RESULT: {}
COMMAND: GET /session/61a4e41d5d5dd3b82ee98b69d8aceb21/screenshot - {}
RESULT: {}
COMMAND: POST /session/61a4e41d5d5dd3b82ee98b69d8aceb21/execute/async - {"script":"<script> [1562 bytes]","args":[{"selector":{"controlType":"sap.ui.core.Icon","viewName":"etm.portal.ui.managerequests.view.NewRequest","properties":{"src":{"regex":{"source":"full\\-screen"}}}},"wdio_ui5_key":"etmportal.ui.managerequests.view.NewRequestsap.ui.core.Icon{\"src\":{\"regex\":{\"source\":\"full\\\\-screen\"}}}"}]}
RESULT: {"script":"<script> [1562 bytes]","args":[{"selector":{"controlType":"sap.ui.core.Icon","viewName":"etm.portal.ui.managerequests.view.NewRequest","properties":{"src":{"regex":{"source":"full\\-screen"}}}},"wdio_ui5_key":"etmportal.ui.managerequests.view.NewRequestsap.ui.core.Icon{\"src\":{\"regex\":{\"source\":\"full\\\\-screen\"}}}"}]}
RESULT: undefined
COMMAND: POST /session/61a4e41d5d5dd3b82ee98b69d8aceb21/element - {"using":"xpath","value":"//*[@id=\"__button83-img\"]"}
RESULT: {"using":"xpath","value":"//*[@id=\"__button83-img\"]"}
COMMAND: POST /session/61a4e41d5d5dd3b82ee98b69d8aceb21/element/f.5597B913AB35EBD8B52179872D09D3B6.d.7B2391DB444D7CD0FA8FBF707E020C90.e.5077/click - {}
RESULT: {}
COMMAND: GET /session/61a4e41d5d5dd3b82ee98b69d8aceb21/screenshot - {}
RESULT: {}
COMMAND: POST /session/61a4e41d5d5dd3b82ee98b69d8aceb21/element - {"using":"xpath","value":"//input[contains(@id ,\"yardId-inner\")]"}
RESULT: {"using":"xpath","value":"//input[contains(@id ,\"yardId-inner\")]"}
COMMAND: POST /session/61a4e41d5d5dd3b82ee98b69d8aceb21/element/f.5597B913AB35EBD8B52179872D09D3B6.d.7B2391DB444D7CD0FA8FBF707E020C90.e.4918/value - {"text":"526"}
RESULT: {"text":"526"}
COMMAND: GET /session/61a4e41d5d5dd3b82ee98b69d8aceb21/screenshot - {}
RESULT: {}
COMMAND: POST /session/61a4e41d5d5dd3b82ee98b69d8aceb21/element - {"using":"xpath","value":"//li[.//span[text()='526']]"}
RESULT: {"using":"xpath","value":"//li[.//span[text()='526']]"}
COMMAND: POST /session/61a4e41d5d5dd3b82ee98b69d8aceb21/element/f.5597B913AB35EBD8B52179872D09D3B6.d.7B2391DB444D7CD0FA8FBF707E020C90.e.5122/click - {}
RESULT: {}
COMMAND: GET /session/61a4e41d5d5dd3b82ee98b69d8aceb21/screenshot - {}
RESULT: {}
COMMAND: POST /session/61a4e41d5d5dd3b82ee98b69d8aceb21/element - {"using":"xpath","value":"//input[contains(@id ,\"customerNumber-inner\")]"}
RESULT: {"using":"xpath","value":"//input[contains(@id ,\"customerNumber-inner\")]"}
COMMAND: POST /session/61a4e41d5d5dd3b82ee98b69d8aceb21/element/f.5597B913AB35EBD8B52179872D09D3B6.d.7B2391DB444D7CD0FA8FBF707E020C90.e.4912/clear - {}
RESULT: {}
COMMAND: POST /session/61a4e41d5d5dd3b82ee98b69d8aceb21/element/f.5597B913AB35EBD8B52179872D09D3B6.d.7B2391DB444D7CD0FA8FBF707E020C90.e.4912/value - {"text":"1326"}
COMMAND: GET /session/61a4e41d5d5dd3b82ee98b69d8aceb21/screenshot - {}
RESULT: {"text":"1326"}
COMMAND: GET /session/61a4e41d5d5dd3b82ee98b69d8aceb21/screenshot - {}
RESULT: {}
RESULT: {}
COMMAND: POST /session/61a4e41d5d5dd3b82ee98b69d8aceb21/element - {"using":"xpath","value":"//li[.//span[text()='1326']]"}
RESULT: {"using":"xpath","value":"//li[.//span[text()='1326']]"}
COMMAND: POST /session/61a4e41d5d5dd3b82ee98b69d8aceb21/element/f.5597B913AB35EBD8B52179872D09D3B6.d.7B2391DB444D7CD0FA8FBF707E020C90.e.5124/click - {}
RESULT: {}
COMMAND: GET /session/61a4e41d5d5dd3b82ee98b69d8aceb21/screenshot - {}
RESULT: {}
COMMAND: POST /session/61a4e41d5d5dd3b82ee98b69d8aceb21/element - {"using":"xpath","value":"//button[contains(@id ,\"btnAddTableRow\")]"}
RESULT: {"using":"xpath","value":"//button[contains(@id ,\"btnAddTableRow\")]"}
COMMAND: POST /session/61a4e41d5d5dd3b82ee98b69d8aceb21/element/f.5597B913AB35EBD8B52179872D09D3B6.d.7B2391DB444D7CD0FA8FBF707E020C90.e.4890/click - {}
RESULT: {}
COMMAND: GET /session/61a4e41d5d5dd3b82ee98b69d8aceb21/screenshot - {}
RESULT: {}
COMMAND: POST /session/61a4e41d5d5dd3b82ee98b69d8aceb21/actions - {"actions":[{"id":"action15","type":"key","parameters":{},"actions":[{"type":"keyDown","value":""},{"type":"pause","duration":10},{"type":"keyUp","value":""}]}]}
RESULT: {"actions":[{"id":"action15","type":"key","parameters":{},"actions":[{"type":"keyDown","value":""},{"type":"pause","duration":10},{"type":"keyUp","value":""}]}]}
COMMAND: POST /session/61a4e41d5d5dd3b82ee98b69d8aceb21/actions - {"actions":[{"id":"action16","type":"key","parameters":{},"actions":[{"type":"keyDown","value":""},{"type":"pause","duration":10},{"type":"keyUp","value":""}]}]}
COMMAND: GET /session/61a4e41d5d5dd3b82ee98b69d8aceb21/screenshot - {}
RESULT: {"actions":[{"id":"action16","type":"key","parameters":{},"actions":[{"type":"keyDown","value":""},{"type":"pause","duration":10},{"type":"keyUp","value":""}]}]}
COMMAND: GET /session/61a4e41d5d5dd3b82ee98b69d8aceb21/screenshot - {}
RESULT: {}
RESULT: {}
COMMAND: POST /session/61a4e41d5d5dd3b82ee98b69d8aceb21/element - {"using":"xpath","value":"//table[contains(@id, \"requestItemsTable-listUl\")]//tbody/tr[1]/td[3]/div/div/input"}
RESULT: {"using":"xpath","value":"//table[contains(@id, \"requestItemsTable-listUl\")]//tbody/tr[1]/td[3]/div/div/input"}
COMMAND: POST /session/61a4e41d5d5dd3b82ee98b69d8aceb21/element/f.5597B913AB35EBD8B52179872D09D3B6.d.7B2391DB444D7CD0FA8FBF707E020C90.e.5128/clear - {}
RESULT: {}
COMMAND: POST /session/61a4e41d5d5dd3b82ee98b69d8aceb21/element/f.5597B913AB35EBD8B52179872D09D3B6.d.7B2391DB444D7CD0FA8FBF707E020C90.e.5128/value - {"text":"Concert"}
COMMAND: GET /session/61a4e41d5d5dd3b82ee98b69d8aceb21/screenshot - {}
RESULT: {"text":"Concert"}
COMMAND: GET /session/61a4e41d5d5dd3b82ee98b69d8aceb21/screenshot - {}
RESULT: {}
RESULT: {}
COMMAND: POST /session/61a4e41d5d5dd3b82ee98b69d8aceb21/element - {"using":"xpath","value":"//li[.//span[contains(text(), \"Concert\")]]"}
RESULT: {"using":"xpath","value":"//li[.//span[contains(text(), \"Concert\")]]"}
COMMAND: POST /session/61a4e41d5d5dd3b82ee98b69d8aceb21/element/f.5597B913AB35EBD8B52179872D09D3B6.d.7B2391DB444D7CD0FA8FBF707E020C90.e.5140/click - {}
RESULT: {}
COMMAND: GET /session/61a4e41d5d5dd3b82ee98b69d8aceb21/screenshot - {}
RESULT: {}
COMMAND: POST /session/61a4e41d5d5dd3b82ee98b69d8aceb21/execute/async - {"script":"<script> [1562 bytes]","args":[{"selector":{"controlType":"sap.ui.core.Icon","viewName":"etm.portal.ui.managerequests.view.NewRequest","properties":{"src":{"regex":{"source":"message\\-error"}}},"ancestor":{"controlType":"sap.m.ColumnListItem","viewName":"etm.portal.ui.managerequests.view.NewRequest","bindingPath":{"modelName":"newRequestItems","path":"/RequestItems/0"},"ancestor":{"id":"requestItemsTable","viewName":"etm.portal.ui.managerequests.view.NewRequest"}}},"wdio_ui5_key":"etmportal.ui.managerequests.view.NewRequestsap.ui.core.Icon{\"src\":{\"regex\":{\"source\":\"message\\\\-error\"}}}{\"controlType\":\"sap.m.ColumnListItem\",\"viewName\":\"etm.portal.ui.managerequests.view.NewRequest\",\"bindingPath\":{\"modelName\":\"newRequestItems\",\"path\":\"/RequestItems/0\"},\"ancestor\":{\"id\":\"requestItemsTable\",\"viewName\":\"etm.portal.ui.managerequests.view.NewRequest\"}}"}]}
RESULT: {"script":"<script> [1562 bytes]","args":[{"selector":{"controlType":"sap.ui.core.Icon","viewName":"etm.portal.ui.managerequests.view.NewRequest","properties":{"src":{"regex":{"source":"message\\-error"}}},"ancestor":{"controlType":"sap.m.ColumnListItem","viewName":"etm.portal.ui.managerequests.view.NewRequest","bindingPath":{"modelName":"newRequestItems","path":"/RequestItems/0"},"ancestor":{"id":"requestItemsTable","viewName":"etm.portal.ui.managerequests.view.NewRequest"}}},"wdio_ui5_key":"etmportal.ui.managerequests.view.NewRequestsap.ui.core.Icon{\"src\":{\"regex\":{\"source\":\"message\\\\-error\"}}}{\"controlType\":\"sap.m.ColumnListItem\",\"viewName\":\"etm.portal.ui.managerequests.view.NewRequest\",\"bindingPath\":{\"modelName\":\"newRequestItems\",\"path\":\"/RequestItems/0\"},\"ancestor\":{\"id\":\"requestItemsTable\",\"viewName\":\"etm.portal.ui.managerequests.view.NewRequest\"}}"}]}
RESULT: undefined
COMMAND: POST /session/61a4e41d5d5dd3b82ee98b69d8aceb21/element - {"using":"xpath","value":"//*[@id=\"__status10-__xmlview59--requestItemsTable-0-icon\"]"}
RESULT: {"using":"xpath","value":"//*[@id=\"__status10-__xmlview59--requestItemsTable-0-icon\"]"}
COMMAND: POST /session/61a4e41d5d5dd3b82ee98b69d8aceb21/element/f.5597B913AB35EBD8B52179872D09D3B6.d.7B2391DB444D7CD0FA8FBF707E020C90.e.5141/click - {}
RESULT: {}
COMMAND: POST /session/61a4e41d5d5dd3b82ee98b69d8aceb21/execute/async - {"script":"<script> [1562 bytes]","args":[{"selector":{"controlType":"sap.ui.core.Icon","viewName":"etm.portal.ui.managerequests.view.NewRequest","properties":{"src":{"regex":{"source":"slim\\-arrow\\-down"}}},"searchOpenDialogs":true,"ancestor":{"id":"costObjectAdminTypeComboBox","viewName":"etm.portal.ui.managerequests.view.NewRequest","searchOpenDialogs":true}},"wdio_ui5_key":"etmportal.ui.managerequests.view.NewRequestsap.ui.core.Icon{\"src\":{\"regex\":{\"source\":\"slim\\\\-arrow\\\\-down\"}}}{\"id\":\"costObjectAdminTypeComboBox\",\"viewName\":\"etm.portal.ui.managerequests.view.NewRequest\",\"searchOpenDialogs\":true}"}]}
COMMAND: GET /session/61a4e41d5d5dd3b82ee98b69d8aceb21/screenshot - {}
RESULT: {"script":"<script> [1562 bytes]","args":[{"selector":{"controlType":"sap.ui.core.Icon","viewName":"etm.portal.ui.managerequests.view.NewRequest","properties":{"src":{"regex":{"source":"slim\\-arrow\\-down"}}},"searchOpenDialogs":true,"ancestor":{"id":"costObjectAdminTypeComboBox","viewName":"etm.portal.ui.managerequests.view.NewRequest","searchOpenDialogs":true}},"wdio_ui5_key":"etmportal.ui.managerequests.view.NewRequestsap.ui.core.Icon{\"src\":{\"regex\":{\"source\":\"slim\\\\-arrow\\\\-down\"}}}{\"id\":\"costObjectAdminTypeComboBox\",\"viewName\":\"etm.portal.ui.managerequests.view.NewRequest\",\"searchOpenDialogs\":true}"}]}
RESULT: undefined
COMMAND: POST /session/61a4e41d5d5dd3b82ee98b69d8aceb21/element - {"using":"xpath","value":"//*[@id=\"__xmlview59--costObjectAdminTypeComboBox-arrow\"]"}
RESULT: {}
RESULT: {"using":"xpath","value":"//*[@id=\"__xmlview59--costObjectAdminTypeComboBox-arrow\"]"}
COMMAND: POST /session/61a4e41d5d5dd3b82ee98b69d8aceb21/element/f.5597B913AB35EBD8B52179872D09D3B6.d.7B2391DB444D7CD0FA8FBF707E020C90.e.5145/click - {}
RESULT: {}
COMMAND: GET /session/61a4e41d5d5dd3b82ee98b69d8aceb21/screenshot - {}
RESULT: {}
COMMAND: POST /session/61a4e41d5d5dd3b82ee98b69d8aceb21/execute/async - {"script":"<script> [1562 bytes]","args":[{"selector":{"controlType":"sap.m.StandardListItem","viewName":"etm.portal.ui.managerequests.view.NewRequest","properties":{"title":"Cost Center"},"searchOpenDialogs":true,"interaction":{"idSuffix":"content"}},"wdio_ui5_key":"etmportal.ui.managerequests.view.NewRequestsap.m.StandardListItem{\"title\":\"Cost Center\"}"}]}
RESULT: {"script":"<script> [1562 bytes]","args":[{"selector":{"controlType":"sap.m.StandardListItem","viewName":"etm.portal.ui.managerequests.view.NewRequest","properties":{"title":"Cost Center"},"searchOpenDialogs":true,"interaction":{"idSuffix":"content"}},"wdio_ui5_key":"etmportal.ui.managerequests.view.NewRequestsap.m.StandardListItem{\"title\":\"Cost Center\"}"}]}
RESULT: undefined
COMMAND: POST /session/61a4e41d5d5dd3b82ee98b69d8aceb21/element - {"using":"xpath","value":"//*[@id=\"__item1589\"]"}
RESULT: {"using":"xpath","value":"//*[@id=\"__item1589\"]"}
COMMAND: POST /session/61a4e41d5d5dd3b82ee98b69d8aceb21/element/f.5597B913AB35EBD8B52179872D09D3B6.d.7B2391DB444D7CD0FA8FBF707E020C90.e.5149/click - {}
RESULT: {}
COMMAND: GET /session/61a4e41d5d5dd3b82ee98b69d8aceb21/screenshot - {}
RESULT: {}
COMMAND: POST /session/61a4e41d5d5dd3b82ee98b69d8aceb21/execute/async - {"script":"<script> [1562 bytes]","args":[{"selector":{"controlType":"sap.m.Button","viewName":"etm.portal.ui.managerequests.view.NewRequest","i18NText":{"propertyName":"text","key":"save"},"searchOpenDialogs":true,"interaction":{"idSuffix":"inner"}},"wdio_ui5_key":"etmportal.ui.managerequests.view.NewRequestsap.m.Button{\"propertyName\":\"text\",\"key\":\"save\"}"}]}
RESULT: {"script":"<script> [1562 bytes]","args":[{"selector":{"controlType":"sap.m.Button","viewName":"etm.portal.ui.managerequests.view.NewRequest","i18NText":{"propertyName":"text","key":"save"},"searchOpenDialogs":true,"interaction":{"idSuffix":"inner"}},"wdio_ui5_key":"etmportal.ui.managerequests.view.NewRequestsap.m.Button{\"propertyName\":\"text\",\"key\":\"save\"}"}]}
RESULT: undefined
COMMAND: POST /session/61a4e41d5d5dd3b82ee98b69d8aceb21/element - {"using":"xpath","value":"//*[@id=\"__button101\"]"}
RESULT: {"using":"xpath","value":"//*[@id=\"__button101\"]"}
COMMAND: POST /session/61a4e41d5d5dd3b82ee98b69d8aceb21/element/f.5597B913AB35EBD8B52179872D09D3B6.d.7B2391DB444D7CD0FA8FBF707E020C90.e.5157/click - {}
RESULT: {}
COMMAND: GET /session/61a4e41d5d5dd3b82ee98b69d8aceb21/screenshot - {}
RESULT: {}
COMMAND: POST /session/61a4e41d5d5dd3b82ee98b69d8aceb21/execute/async - {"script":"<script> [1562 bytes]","args":[{"selector":{"controlType":"sap.m.Button","viewName":"etm.portal.ui.managerequests.view.NewRequest","i18NText":{"propertyName":"tooltip","key":"save"},"interaction":{"idSuffix":"BDI-content"}},"wdio_ui5_key":"etmportal.ui.managerequests.view.NewRequestsap.m.Button{\"propertyName\":\"tooltip\",\"key\":\"save\"}"}]}
RESULT: {"script":"<script> [1562 bytes]","args":[{"selector":{"controlType":"sap.m.Button","viewName":"etm.portal.ui.managerequests.view.NewRequest","i18NText":{"propertyName":"tooltip","key":"save"},"interaction":{"idSuffix":"BDI-content"}},"wdio_ui5_key":"etmportal.ui.managerequests.view.NewRequestsap.m.Button{\"propertyName\":\"tooltip\",\"key\":\"save\"}"}]}
RESULT: undefined
COMMAND: POST /session/61a4e41d5d5dd3b82ee98b69d8aceb21/element - {"using":"xpath","value":"//*[@id=\"__button90\"]"}
RESULT: {"using":"xpath","value":"//*[@id=\"__button90\"]"}
COMMAND: POST /session/61a4e41d5d5dd3b82ee98b69d8aceb21/element/f.5597B913AB35EBD8B52179872D09D3B6.d.7B2391DB444D7CD0FA8FBF707E020C90.e.5032/click - {}
RESULT: {}
COMMAND: POST /session/61a4e41d5d5dd3b82ee98b69d8aceb21/execute/async - {"script":"<script> [1562 bytes]","args":[{"selector":{"controlType":"sap.m.Button","properties":{"text":"Close"},"searchOpenDialogs":true,"interaction":{"idSuffix":"inner"}},"wdio_ui5_key":"sapm.Button{\"text\":\"Close\"}"}]}
COMMAND: GET /session/61a4e41d5d5dd3b82ee98b69d8aceb21/screenshot - {}
RESULT: {"script":"<script> [1562 bytes]","args":[{"selector":{"controlType":"sap.m.Button","properties":{"text":"Close"},"searchOpenDialogs":true,"interaction":{"idSuffix":"inner"}},"wdio_ui5_key":"sapm.Button{\"text\":\"Close\"}"}]}
RESULT: undefined
COMMAND: POST /session/61a4e41d5d5dd3b82ee98b69d8aceb21/element - {"using":"xpath","value":"//*[@id=\"__mbox-btn-1\"]"}
RESULT: {}
RESULT: {"using":"xpath","value":"//*[@id=\"__mbox-btn-1\"]"}
COMMAND: POST /session/61a4e41d5d5dd3b82ee98b69d8aceb21/element/f.5597B913AB35EBD8B52179872D09D3B6.d.7B2391DB444D7CD0FA8FBF707E020C90.e.5161/click - {}
RESULT: {}
COMMAND: GET /session/61a4e41d5d5dd3b82ee98b69d8aceb21/screenshot - {}
RESULT: {}
COMMAND: POST /session/61a4e41d5d5dd3b82ee98b69d8aceb21/execute/async - {"script":"<script> [1562 bytes]","args":[{"selector":{"controlType":"sap.m.Text","viewName":"etm.portal.ui.managerequests.view.Detail","bindingPath":{"propertyPath":"NO","modelName":"catalogModel"}},"wdio_ui5_key":"etmportal.ui.managerequests.view.Detailsap.m.Text{\"propertyPath\":\"NO\",\"modelName\":\"catalogModel\"}"}]}
RESULT: {"script":"<script> [1562 bytes]","args":[{"selector":{"controlType":"sap.m.Text","viewName":"etm.portal.ui.managerequests.view.Detail","bindingPath":{"propertyPath":"NO","modelName":"catalogModel"}},"wdio_ui5_key":"etmportal.ui.managerequests.view.Detailsap.m.Text{\"propertyPath\":\"NO\",\"modelName\":\"catalogModel\"}"}]}
RESULT: undefined
COMMAND: POST /session/61a4e41d5d5dd3b82ee98b69d8aceb21/execute/async - {"script":"<script> [6424 bytes]","args":[{"element-6066-11e4-a52e-4f735466cecf":"f.5597B913AB35EBD8B52179872D09D3B6.d.7B2391DB444D7CD0FA8FBF707E020C90.e.5431"},"getText",[]]}
RESULT: {"script":"<script> [6424 bytes]","args":[{"element-6066-11e4-a52e-4f735466cecf":"f.5597B913AB35EBD8B52179872D09D3B6.d.7B2391DB444D7CD0FA8FBF707E020C90.e.5431"},"getText",[]]}
COMMAND: POST /session/61a4e41d5d5dd3b82ee98b69d8aceb21/element - {"using":"css selector","value":"#shell-header-logo"}
RESULT: {"using":"css selector","value":"#shell-header-logo"}
COMMAND: POST /session/61a4e41d5d5dd3b82ee98b69d8aceb21/element/f.5597B913AB35EBD8B52179872D09D3B6.d.7B2391DB444D7CD0FA8FBF707E020C90.e.4610/click - {}
RESULT: {}
COMMAND: GET /session/61a4e41d5d5dd3b82ee98b69d8aceb21/screenshot - {}
RESULT: {}
]]></system-out>
    </testcase>
    <testcase classname="chrome.136_0_7103_93.windows.Yard_Overview_Autoplanning_US130989" name="Should navigate to Yard overview and plan the request" time="127.963">
      <system-out><![CDATA[
COMMAND: POST /session/61a4e41d5d5dd3b82ee98b69d8aceb21/execute/async - {"script":"<script> [1562 bytes]","args":[{"selector":{"controlType":"sap.m.GenericTile","properties":{"header":"Yard Overview"}},"wdio_ui5_key":"sapm.GenericTile{\"header\":\"Yard Overview\"}"}]}
RESULT: {"script":"<script> [1562 bytes]","args":[{"selector":{"controlType":"sap.m.GenericTile","properties":{"header":"Yard Overview"}},"wdio_ui5_key":"sapm.GenericTile{\"header\":\"Yard Overview\"}"}]}
RESULT: undefined
COMMAND: POST /session/61a4e41d5d5dd3b82ee98b69d8aceb21/element - {"using":"xpath","value":"//*[@id=\"__tile102\"]"}
RESULT: {"using":"xpath","value":"//*[@id=\"__tile102\"]"}
COMMAND: POST /session/61a4e41d5d5dd3b82ee98b69d8aceb21/element/f.5597B913AB35EBD8B52179872D09D3B6.d.7B2391DB444D7CD0FA8FBF707E020C90.e.5435/click - {}
RESULT: {}
COMMAND: GET /session/61a4e41d5d5dd3b82ee98b69d8aceb21/screenshot - {}
RESULT: {}
COMMAND: POST /session/61a4e41d5d5dd3b82ee98b69d8aceb21/elements - {"using":"xpath","value":"//span[text()='Error']"}
RESULT: {"using":"xpath","value":"//span[text()='Error']"}
COMMAND: POST /session/61a4e41d5d5dd3b82ee98b69d8aceb21/execute/async - {"script":"<script> [1562 bytes]","args":[{"selector":{"id":"application-yardoverview-display-component---masterYardInventory--smartFilterBar-btnBasicSearch","interaction":{"idSuffix":"I"}},"wdio_ui5_key":"applicationyardoverview-display-component---masterYardInventory--smartFilterBar-btnBasicSearch"}]}
RESULT: {"script":"<script> [1562 bytes]","args":[{"selector":{"id":"application-yardoverview-display-component---masterYardInventory--smartFilterBar-btnBasicSearch","interaction":{"idSuffix":"I"}},"wdio_ui5_key":"applicationyardoverview-display-component---masterYardInventory--smartFilterBar-btnBasicSearch"}]}
RESULT: undefined
COMMAND: POST /session/61a4e41d5d5dd3b82ee98b69d8aceb21/execute/async - {"script":"<script> [776 bytes]","args":[{"enterText":"526","selector":{"id":"application-yardoverview-display-component---masterYardInventory--smartFilterBar-btnBasicSearch","interaction":{"idSuffix":"I"}},"clearTextFirst":true,"interactionType":"ENTER_TEXT"}]}
RESULT: {"script":"<script> [776 bytes]","args":[{"enterText":"526","selector":{"id":"application-yardoverview-display-component---masterYardInventory--smartFilterBar-btnBasicSearch","interaction":{"idSuffix":"I"}},"clearTextFirst":true,"interactionType":"ENTER_TEXT"}]}
COMMAND: POST /session/61a4e41d5d5dd3b82ee98b69d8aceb21/actions - {"actions":[{"id":"action17","type":"key","parameters":{},"actions":[{"type":"keyDown","value":""},{"type":"pause","duration":10},{"type":"keyUp","value":""}]}]}
RESULT: {"actions":[{"id":"action17","type":"key","parameters":{},"actions":[{"type":"keyDown","value":""},{"type":"pause","duration":10},{"type":"keyUp","value":""}]}]}
COMMAND: GET /session/61a4e41d5d5dd3b82ee98b69d8aceb21/screenshot - {}
RESULT: {}
COMMAND: POST /session/61a4e41d5d5dd3b82ee98b69d8aceb21/execute/async - {"script":"<script> [1562 bytes]","args":[{"selector":{"controlType":"sap.m.Text","viewName":"etm.portal.ui.yardoverview.view.Master","viewId":"application-yardoverview-display-component---masterYardInventory","bindingPath":{"propertyPath":"ID"}},"wdio_ui5_key":"etmportal.ui.yardoverview.view.Mastersap.m.Text{\"propertyPath\":\"ID\"}"}]}
RESULT: {"script":"<script> [1562 bytes]","args":[{"selector":{"controlType":"sap.m.Text","viewName":"etm.portal.ui.yardoverview.view.Master","viewId":"application-yardoverview-display-component---masterYardInventory","bindingPath":{"propertyPath":"ID"}},"wdio_ui5_key":"etmportal.ui.yardoverview.view.Mastersap.m.Text{\"propertyPath\":\"ID\"}"}]}
RESULT: undefined
COMMAND: POST /session/61a4e41d5d5dd3b82ee98b69d8aceb21/element - {"using":"xpath","value":"//*[@id=\"__text982-__clone2937\"]"}
RESULT: {"using":"xpath","value":"//*[@id=\"__text982-__clone2937\"]"}
COMMAND: POST /session/61a4e41d5d5dd3b82ee98b69d8aceb21/element/f.5597B913AB35EBD8B52179872D09D3B6.d.7B2391DB444D7CD0FA8FBF707E020C90.e.5506/click - {}
RESULT: {}
COMMAND: GET /session/61a4e41d5d5dd3b82ee98b69d8aceb21/screenshot - {}
RESULT: {}
COMMAND: POST /session/61a4e41d5d5dd3b82ee98b69d8aceb21/execute/async - {"script":"<script> [1562 bytes]","args":[{"selector":{"id":"application-yardoverview-display-component---detailYardInventory--ObjectPageLayout-anchBar-application-yardoverview-display-component---detailYardInventory--openRequestsSection-anchor","interaction":{"idSuffix":"BDI-content"}},"wdio_ui5_key":"applicationyardoverview-display-component---detailYardInventory--ObjectPageLayout-anchBar-application-yardoverview-display-component---detailYardInventory--openRequestsSection-anchor"}]}
RESULT: {"script":"<script> [1562 bytes]","args":[{"selector":{"id":"application-yardoverview-display-component---detailYardInventory--ObjectPageLayout-anchBar-application-yardoverview-display-component---detailYardInventory--openRequestsSection-anchor","interaction":{"idSuffix":"BDI-content"}},"wdio_ui5_key":"applicationyardoverview-display-component---detailYardInventory--ObjectPageLayout-anchBar-application-yardoverview-display-component---detailYardInventory--openRequestsSection-anchor"}]}
RESULT: undefined
COMMAND: POST /session/61a4e41d5d5dd3b82ee98b69d8aceb21/element - {"using":"xpath","value":"//*[@id=\"application-yardoverview-display-component---detailYardInventory--ObjectPageLayout-anchBar-application-yardoverview-display-component---detailYardInventory--openRequestsSection-anchor\"]"}
RESULT: {"using":"xpath","value":"//*[@id=\"application-yardoverview-display-component---detailYardInventory--ObjectPageLayout-anchBar-application-yardoverview-display-component---detailYardInventory--openRequestsSection-anchor\"]"}
COMMAND: POST /session/61a4e41d5d5dd3b82ee98b69d8aceb21/element/f.5597B913AB35EBD8B52179872D09D3B6.d.7B2391DB444D7CD0FA8FBF707E020C90.e.5600/click - {}
RESULT: {}
COMMAND: GET /session/61a4e41d5d5dd3b82ee98b69d8aceb21/screenshot - {}
RESULT: {}
COMMAND: POST /session/61a4e41d5d5dd3b82ee98b69d8aceb21/element - {"using":"xpath","value":"//input[contains(@aria-labelledby ,\"INTERNAL_GROUP-request\")]"}
RESULT: {"using":"xpath","value":"//input[contains(@aria-labelledby ,\"INTERNAL_GROUP-request\")]"}
COMMAND: POST /session/61a4e41d5d5dd3b82ee98b69d8aceb21/element/f.5597B913AB35EBD8B52179872D09D3B6.d.7B2391DB444D7CD0FA8FBF707E020C90.e.5611/clear - {}
RESULT: {}
COMMAND: POST /session/61a4e41d5d5dd3b82ee98b69d8aceb21/element/f.5597B913AB35EBD8B52179872D09D3B6.d.7B2391DB444D7CD0FA8FBF707E020C90.e.5611/value - {"text":"20194"}
COMMAND: GET /session/61a4e41d5d5dd3b82ee98b69d8aceb21/screenshot - {}
RESULT: {"text":"20194"}
COMMAND: GET /session/61a4e41d5d5dd3b82ee98b69d8aceb21/screenshot - {}
RESULT: {}
RESULT: {}
COMMAND: POST /session/61a4e41d5d5dd3b82ee98b69d8aceb21/actions - {"actions":[{"id":"action18","type":"key","parameters":{},"actions":[{"type":"keyDown","value":""},{"type":"pause","duration":10},{"type":"keyUp","value":""}]}]}
RESULT: {"actions":[{"id":"action18","type":"key","parameters":{},"actions":[{"type":"keyDown","value":""},{"type":"pause","duration":10},{"type":"keyUp","value":""}]}]}
COMMAND: POST /session/61a4e41d5d5dd3b82ee98b69d8aceb21/element - {"using":"xpath","value":"//button[contains(@id,\"openRequests-triggerAction-autoplanBtn\")]"}
COMMAND: GET /session/61a4e41d5d5dd3b82ee98b69d8aceb21/screenshot - {}
RESULT: {"using":"xpath","value":"//button[contains(@id,\"openRequests-triggerAction-autoplanBtn\")]"}
COMMAND: POST /session/61a4e41d5d5dd3b82ee98b69d8aceb21/element/f.5597B913AB35EBD8B52179872D09D3B6.d.7B2391DB444D7CD0FA8FBF707E020C90.e.5631/click - {}
RESULT: {}
RESULT: {}
COMMAND: GET /session/61a4e41d5d5dd3b82ee98b69d8aceb21/screenshot - {}
RESULT: {}
COMMAND: POST /session/61a4e41d5d5dd3b82ee98b69d8aceb21/execute/async - {"script":"<script> [1562 bytes]","args":[{"selector":{"id":"application-yardoverview-display-component---detailYardInventory--customRequestsTable-sa","interaction":{"idSuffix":"CbBg"}},"wdio_ui5_key":"applicationyardoverview-display-component---detailYardInventory--customRequestsTable-sa"}]}
RESULT: {"script":"<script> [1562 bytes]","args":[{"selector":{"id":"application-yardoverview-display-component---detailYardInventory--customRequestsTable-sa","interaction":{"idSuffix":"CbBg"}},"wdio_ui5_key":"applicationyardoverview-display-component---detailYardInventory--customRequestsTable-sa"}]}
RESULT: undefined
COMMAND: POST /session/61a4e41d5d5dd3b82ee98b69d8aceb21/element - {"using":"xpath","value":"//*[@id=\"application-yardoverview-display-component---detailYardInventory--customRequestsTable-sa\"]"}
RESULT: {"using":"xpath","value":"//*[@id=\"application-yardoverview-display-component---detailYardInventory--customRequestsTable-sa\"]"}
COMMAND: POST /session/61a4e41d5d5dd3b82ee98b69d8aceb21/element/f.5597B913AB35EBD8B52179872D09D3B6.d.7B2391DB444D7CD0FA8FBF707E020C90.e.5654/click - {}
RESULT: {}
COMMAND: GET /session/61a4e41d5d5dd3b82ee98b69d8aceb21/screenshot - {}
RESULT: {}
COMMAND: POST /session/61a4e41d5d5dd3b82ee98b69d8aceb21/element - {"using":"xpath","value":"//button[contains(@id,\"openRequests-triggerAction-autoplanBtn\")]"}
RESULT: {"using":"xpath","value":"//button[contains(@id,\"openRequests-triggerAction-autoplanBtn\")]"}
COMMAND: POST /session/61a4e41d5d5dd3b82ee98b69d8aceb21/element/f.5597B913AB35EBD8B52179872D09D3B6.d.7B2391DB444D7CD0FA8FBF707E020C90.e.5631/click - {}
RESULT: {}
COMMAND: GET /session/61a4e41d5d5dd3b82ee98b69d8aceb21/screenshot - {}
RESULT: {}
COMMAND: POST /session/61a4e41d5d5dd3b82ee98b69d8aceb21/element - {"using":"xpath","value":"//button[.//bdi[contains(text(),\"OK\")]]"}
RESULT: {"using":"xpath","value":"//button[.//bdi[contains(text(),\"OK\")]]"}
COMMAND: POST /session/61a4e41d5d5dd3b82ee98b69d8aceb21/element/f.5597B913AB35EBD8B52179872D09D3B6.d.7B2391DB444D7CD0FA8FBF707E020C90.e.5655/click - {}
RESULT: {}
COMMAND: GET /session/61a4e41d5d5dd3b82ee98b69d8aceb21/screenshot - {}
RESULT: {}
COMMAND: POST /session/61a4e41d5d5dd3b82ee98b69d8aceb21/execute/async - {"script":"<script> [1562 bytes]","args":[{"selector":{"id":"application-yardoverview-display-component---detailYardInventory--refreshOpenRequests-img"},"wdio_ui5_key":"applicationyardoverview-display-component---detailYardInventory--refreshOpenRequests-img"}]}
RESULT: {"script":"<script> [1562 bytes]","args":[{"selector":{"id":"application-yardoverview-display-component---detailYardInventory--refreshOpenRequests-img"},"wdio_ui5_key":"applicationyardoverview-display-component---detailYardInventory--refreshOpenRequests-img"}]}
RESULT: undefined
COMMAND: POST /session/61a4e41d5d5dd3b82ee98b69d8aceb21/element - {"using":"xpath","value":"//*[@id=\"application-yardoverview-display-component---detailYardInventory--refreshOpenRequests-img\"]"}
RESULT: {"using":"xpath","value":"//*[@id=\"application-yardoverview-display-component---detailYardInventory--refreshOpenRequests-img\"]"}
COMMAND: POST /session/61a4e41d5d5dd3b82ee98b69d8aceb21/element/f.5597B913AB35EBD8B52179872D09D3B6.d.7B2391DB444D7CD0FA8FBF707E020C90.e.5657/click - {}
RESULT: {}
COMMAND: GET /session/61a4e41d5d5dd3b82ee98b69d8aceb21/screenshot - {}
RESULT: {}
COMMAND: POST /session/61a4e41d5d5dd3b82ee98b69d8aceb21/execute/async - {"script":"<script> [1562 bytes]","args":[{"selector":{"id":"application-yardoverview-display-component---detailYardInventory--ObjectPageLayout-anchBar-application-yardoverview-display-component---detailYardInventory--openProvidesSection-anchor","interaction":{"idSuffix":"BDI-content"}},"wdio_ui5_key":"applicationyardoverview-display-component---detailYardInventory--ObjectPageLayout-anchBar-application-yardoverview-display-component---detailYardInventory--openProvidesSection-anchor"}]}
RESULT: {"script":"<script> [1562 bytes]","args":[{"selector":{"id":"application-yardoverview-display-component---detailYardInventory--ObjectPageLayout-anchBar-application-yardoverview-display-component---detailYardInventory--openProvidesSection-anchor","interaction":{"idSuffix":"BDI-content"}},"wdio_ui5_key":"applicationyardoverview-display-component---detailYardInventory--ObjectPageLayout-anchBar-application-yardoverview-display-component---detailYardInventory--openProvidesSection-anchor"}]}
RESULT: undefined
COMMAND: POST /session/61a4e41d5d5dd3b82ee98b69d8aceb21/element - {"using":"xpath","value":"//*[@id=\"application-yardoverview-display-component---detailYardInventory--ObjectPageLayout-anchBar-application-yardoverview-display-component---detailYardInventory--openProvidesSection-anchor\"]"}
RESULT: {"using":"xpath","value":"//*[@id=\"application-yardoverview-display-component---detailYardInventory--ObjectPageLayout-anchBar-application-yardoverview-display-component---detailYardInventory--openProvidesSection-anchor\"]"}
COMMAND: POST /session/61a4e41d5d5dd3b82ee98b69d8aceb21/element/f.5597B913AB35EBD8B52179872D09D3B6.d.7B2391DB444D7CD0FA8FBF707E020C90.e.5661/click - {}
RESULT: {}
COMMAND: GET /session/61a4e41d5d5dd3b82ee98b69d8aceb21/screenshot - {}
RESULT: {}
COMMAND: POST /session/61a4e41d5d5dd3b82ee98b69d8aceb21/element - {"using":"css selector","value":"#shell-header-logo"}
RESULT: {"using":"css selector","value":"#shell-header-logo"}
COMMAND: POST /session/61a4e41d5d5dd3b82ee98b69d8aceb21/element/f.5597B913AB35EBD8B52179872D09D3B6.d.7B2391DB444D7CD0FA8FBF707E020C90.e.5438/click - {}
RESULT: {}
COMMAND: GET /session/61a4e41d5d5dd3b82ee98b69d8aceb21/screenshot - {}
RESULT: {}
RESULT: undefined
COMMAND: POST /session/61a4e41d5d5dd3b82ee98b69d8aceb21/element - {"using":"xpath","value":"//*[@id=\"__tile47\"]"}
RESULT: {"using":"xpath","value":"//*[@id=\"__tile47\"]"}
COMMAND: POST /session/61a4e41d5d5dd3b82ee98b69d8aceb21/element/f.5597B913AB35EBD8B52179872D09D3B6.d.7B2391DB444D7CD0FA8FBF707E020C90.e.3966/click - {}
RESULT: {}
COMMAND: GET /session/61a4e41d5d5dd3b82ee98b69d8aceb21/screenshot - {}
RESULT: {}
COMMAND: POST /session/61a4e41d5d5dd3b82ee98b69d8aceb21/elements - {"using":"xpath","value":"//span[text()='Error']"}
RESULT: {"using":"xpath","value":"//span[text()='Error']"}
COMMAND: POST /session/61a4e41d5d5dd3b82ee98b69d8aceb21/execute/async - {"script":"<script> [1562 bytes]","args":[{"selector":{"controlType":"sap.m.SearchField","viewName":"etm.portal.ui.managerequests.view.Master","bindingPath":{"path":"","propertyPath":"/_BASIC_SEARCH_FIELD","modelName":"fi1t3rM0d31"},"interaction":{"idSuffix":"I"}},"wdio_ui5_key":"etmportal.ui.managerequests.view.Mastersap.m.SearchField{\"path\":\"\",\"propertyPath\":\"/_BASIC_SEARCH_FIELD\",\"modelName\":\"fi1t3rM0d31\"}"}]}
RESULT: {"script":"<script> [1562 bytes]","args":[{"selector":{"controlType":"sap.m.SearchField","viewName":"etm.portal.ui.managerequests.view.Master","bindingPath":{"path":"","propertyPath":"/_BASIC_SEARCH_FIELD","modelName":"fi1t3rM0d31"},"interaction":{"idSuffix":"I"}},"wdio_ui5_key":"etmportal.ui.managerequests.view.Mastersap.m.SearchField{\"path\":\"\",\"propertyPath\":\"/_BASIC_SEARCH_FIELD\",\"modelName\":\"fi1t3rM0d31\"}"}]}
RESULT: undefined
COMMAND: POST /session/61a4e41d5d5dd3b82ee98b69d8aceb21/execute/async - {"script":"<script> [776 bytes]","args":[{"enterText":"20194","selector":{"controlType":"sap.m.SearchField","viewName":"etm.portal.ui.managerequests.view.Master","bindingPath":{"path":"","propertyPath":"/_BASIC_SEARCH_FIELD","modelName":"fi1t3rM0d31"},"interaction":{"idSuffix":"I"}},"clearTextFirst":true,"interactionType":"ENTER_TEXT"}]}
RESULT: {"script":"<script> [776 bytes]","args":[{"enterText":"20194","selector":{"controlType":"sap.m.SearchField","viewName":"etm.portal.ui.managerequests.view.Master","bindingPath":{"path":"","propertyPath":"/_BASIC_SEARCH_FIELD","modelName":"fi1t3rM0d31"},"interaction":{"idSuffix":"I"}},"clearTextFirst":true,"interactionType":"ENTER_TEXT"}]}
COMMAND: POST /session/61a4e41d5d5dd3b82ee98b69d8aceb21/actions - {"actions":[{"id":"action19","type":"key","parameters":{},"actions":[{"type":"keyDown","value":""},{"type":"pause","duration":10},{"type":"keyUp","value":""}]}]}
RESULT: {"actions":[{"id":"action19","type":"key","parameters":{},"actions":[{"type":"keyDown","value":""},{"type":"pause","duration":10},{"type":"keyUp","value":""}]}]}
COMMAND: GET /session/61a4e41d5d5dd3b82ee98b69d8aceb21/screenshot - {}
RESULT: {}
COMMAND: POST /session/61a4e41d5d5dd3b82ee98b69d8aceb21/execute/async - {"script":"<script> [1562 bytes]","args":[{"selector":{"controlType":"sap.m.ObjectNumber","viewName":"etm.portal.ui.managerequests.view.Master","bindingPath":{"propertyPath":"IN_USE_FOR"},"interaction":{"idSuffix":"number"}},"wdio_ui5_key":"etmportal.ui.managerequests.view.Mastersap.m.ObjectNumber{\"propertyPath\":\"IN_USE_FOR\"}"}]}
RESULT: {"script":"<script> [1562 bytes]","args":[{"selector":{"controlType":"sap.m.ObjectNumber","viewName":"etm.portal.ui.managerequests.view.Master","bindingPath":{"propertyPath":"IN_USE_FOR"},"interaction":{"idSuffix":"number"}},"wdio_ui5_key":"etmportal.ui.managerequests.view.Mastersap.m.ObjectNumber{\"propertyPath\":\"IN_USE_FOR\"}"}]}
RESULT: undefined
COMMAND: POST /session/61a4e41d5d5dd3b82ee98b69d8aceb21/element - {"using":"xpath","value":"//*[@id=\"__number8-__clone3078\"]"}
RESULT: {"using":"xpath","value":"//*[@id=\"__number8-__clone3078\"]"}
COMMAND: POST /session/61a4e41d5d5dd3b82ee98b69d8aceb21/element/f.5597B913AB35EBD8B52179872D09D3B6.d.7B2391DB444D7CD0FA8FBF707E020C90.e.5798/click - {}
RESULT: {}
COMMAND: POST /session/61a4e41d5d5dd3b82ee98b69d8aceb21/execute/async - {"script":"<script> [1562 bytes]","args":[{"selector":{"controlType":"sap.m.ObjectStatus","viewName":"etm.portal.ui.managerequests.view.Detail","bindingPath":{"propertyPath":"LINK_TO_STATUS/DESCRIPTION","modelName":"catalogModel"}},"wdio_ui5_key":"etmportal.ui.managerequests.view.Detailsap.m.ObjectStatus{\"propertyPath\":\"LINK_TO_STATUS/DESCRIPTION\",\"modelName\":\"catalogModel\"}"}]}
COMMAND: GET /session/61a4e41d5d5dd3b82ee98b69d8aceb21/screenshot - {}
RESULT: {"script":"<script> [1562 bytes]","args":[{"selector":{"controlType":"sap.m.ObjectStatus","viewName":"etm.portal.ui.managerequests.view.Detail","bindingPath":{"propertyPath":"LINK_TO_STATUS/DESCRIPTION","modelName":"catalogModel"}},"wdio_ui5_key":"etmportal.ui.managerequests.view.Detailsap.m.ObjectStatus{\"propertyPath\":\"LINK_TO_STATUS/DESCRIPTION\",\"modelName\":\"catalogModel\"}"}]}
RESULT: undefined
COMMAND: POST /session/61a4e41d5d5dd3b82ee98b69d8aceb21/execute/async - {"script":"<script> [6424 bytes]","args":[{"element-6066-11e4-a52e-4f735466cecf":"f.5597B913AB35EBD8B52179872D09D3B6.d.7B2391DB444D7CD0FA8FBF707E020C90.e.5998"},"getText",[]]}
RESULT: {}
RESULT: {"script":"<script> [6424 bytes]","args":[{"element-6066-11e4-a52e-4f735466cecf":"f.5597B913AB35EBD8B52179872D09D3B6.d.7B2391DB444D7CD0FA8FBF707E020C90.e.5998"},"getText",[]]}
COMMAND: POST /session/61a4e41d5d5dd3b82ee98b69d8aceb21/element - {"using":"css selector","value":"#shell-header-logo"}
RESULT: {"using":"css selector","value":"#shell-header-logo"}
COMMAND: POST /session/61a4e41d5d5dd3b82ee98b69d8aceb21/element/f.5597B913AB35EBD8B52179872D09D3B6.d.7B2391DB444D7CD0FA8FBF707E020C90.e.5679/click - {}
RESULT: {}
COMMAND: GET /session/61a4e41d5d5dd3b82ee98b69d8aceb21/screenshot - {}
RESULT: {}
COMMAND: DELETE /session/61a4e41d5d5dd3b82ee98b69d8aceb21 - {}
RESULT: {}
]]></system-out>
    </testcase>
  </testsuite>
</testsuites>