<?xml version="1.0" encoding="UTF-8"?>
<testsuites tests="18" failures="0" errors="0" skipped="0">
  <testsuite timestamp="2025-04-30T07:01:56" time="74.945" tests="2" failures="0" errors="0" skipped="0">
    <properties>
      <property name="specId" value="0" />
      <property name="suiteName" value="Assign the user test user id to an address" />
      <property name="capabilities" value="chrome.135_0_7049_96.windows" />
      <property name="file" value="file:///D:/a/1/s/test/specs/R2C/assign-user-id-to-an-address.spec.js" />
    </properties>
    <testcase classname="chrome.135_0_7049_96.windows.Assign_the_user_test_user_id_to_an_address" name="Should search for test1ETM create only if not present" time="26.003">
      <system-out><![CDATA[
COMMAND: POST /session/989d4e3e3c66b6f7845d3771674e314d/execute/async - {"script":"<script> [1562 bytes]","args":[{"selector":{"id":"application-addressmanagement-display-component---masterAdm--smartFilterBar-filterItemControl_BASIC-NAME-vhi"},"wdio_ui5_key":"applicationaddressmanagement-display-component---masterAdm--smartFilterBar-filterItemControl_BASIC-NAME-vhi"}]}
RESULT: {"script":"<script> [1562 bytes]","args":[{"selector":{"id":"application-addressmanagement-display-component---masterAdm--smartFilterBar-filterItemControl_BASIC-NAME-vhi"},"wdio_ui5_key":"applicationaddressmanagement-display-component---masterAdm--smartFilterBar-filterItemControl_BASIC-NAME-vhi"}]}
RESULT: undefined
COMMAND: POST /session/989d4e3e3c66b6f7845d3771674e314d/element - {"using":"xpath","value":"//*[@id=\"application-addressmanagement-display-component---masterAdm--smartFilterBar-filterItemControl_BASIC-NAME-vhi\"]"}
RESULT: {"using":"xpath","value":"//*[@id=\"application-addressmanagement-display-component---masterAdm--smartFilterBar-filterItemControl_BASIC-NAME-vhi\"]"}
COMMAND: POST /session/989d4e3e3c66b6f7845d3771674e314d/element/f.5281968FC682DAF02FAC5F987076CB5D.d.DF72B3BC88CBF4E73CE3DF3267F49856.e.295/click - {}
RESULT: {}
COMMAND: POST /session/989d4e3e3c66b6f7845d3771674e314d/execute/async - {"script":"<script> [1562 bytes]","args":[{"selector":{"controlType":"sap.m.Input","viewName":"etm.portal.ui.addressmanagement.view.Master","viewId":"application-addressmanagement-display-component---masterAdm","properties":{"valueState":"None"},"searchOpenDialogs":true,"interaction":{"idSuffix":"inner"}},"wdio_ui5_key":"etmportal.ui.addressmanagement.view.Mastersap.m.Input{\"valueState\":\"None\"}"}]}
COMMAND: GET /session/989d4e3e3c66b6f7845d3771674e314d/screenshot - {}
RESULT: {"script":"<script> [1562 bytes]","args":[{"selector":{"controlType":"sap.m.Input","viewName":"etm.portal.ui.addressmanagement.view.Master","viewId":"application-addressmanagement-display-component---masterAdm","properties":{"valueState":"None"},"searchOpenDialogs":true,"interaction":{"idSuffix":"inner"}},"wdio_ui5_key":"etmportal.ui.addressmanagement.view.Mastersap.m.Input{\"valueState\":\"None\"}"}]}
RESULT: undefined
COMMAND: POST /session/989d4e3e3c66b6f7845d3771674e314d/execute/async - {"script":"<script> [776 bytes]","args":[{"enterText":"Test1ETM","selector":{"controlType":"sap.m.Input","viewName":"etm.portal.ui.addressmanagement.view.Master","viewId":"application-addressmanagement-display-component---masterAdm","properties":{"valueState":"None"},"searchOpenDialogs":true,"interaction":{"idSuffix":"inner"}},"clearTextFirst":true,"interactionType":"ENTER_TEXT"}]}
RESULT: {}
RESULT: {"script":"<script> [776 bytes]","args":[{"enterText":"Test1ETM","selector":{"controlType":"sap.m.Input","viewName":"etm.portal.ui.addressmanagement.view.Master","viewId":"application-addressmanagement-display-component---masterAdm","properties":{"valueState":"None"},"searchOpenDialogs":true,"interaction":{"idSuffix":"inner"}},"clearTextFirst":true,"interactionType":"ENTER_TEXT"}]}
COMMAND: POST /session/989d4e3e3c66b6f7845d3771674e314d/actions - {"actions":[{"id":"action1","type":"key","parameters":{},"actions":[{"type":"keyDown","value":"î€‡"},{"type":"pause","duration":10},{"type":"keyUp","value":"î€‡"}]}]}
RESULT: {"actions":[{"id":"action1","type":"key","parameters":{},"actions":[{"type":"keyDown","value":"î€‡"},{"type":"pause","duration":10},{"type":"keyUp","value":"î€‡"}]}]}
COMMAND: POST /session/989d4e3e3c66b6f7845d3771674e314d/execute/async - {"script":"<script> [1562 bytes]","args":[{"selector":{"id":"application-addressmanagement-display-component---masterAdm--smartFilterBar-filterItemControl_BASIC-NAME-valueHelpDialog-ok","searchOpenDialogs":true,"interaction":{"idSuffix":"BDI-content"}},"wdio_ui5_key":"applicationaddressmanagement-display-component---masterAdm--smartFilterBar-filterItemControl_BASIC-NAME-valueHelpDialog-ok"}]}
COMMAND: GET /session/989d4e3e3c66b6f7845d3771674e314d/screenshot - {}
RESULT: {"script":"<script> [1562 bytes]","args":[{"selector":{"id":"application-addressmanagement-display-component---masterAdm--smartFilterBar-filterItemControl_BASIC-NAME-valueHelpDialog-ok","searchOpenDialogs":true,"interaction":{"idSuffix":"BDI-content"}},"wdio_ui5_key":"applicationaddressmanagement-display-component---masterAdm--smartFilterBar-filterItemControl_BASIC-NAME-valueHelpDialog-ok"}]}
RESULT: undefined
COMMAND: POST /session/989d4e3e3c66b6f7845d3771674e314d/element - {"using":"xpath","value":"//*[@id=\"application-addressmanagement-display-component---masterAdm--smartFilterBar-filterItemControl_BASIC-NAME-valueHelpDialog-ok\"]"}
RESULT: {}
RESULT: {"using":"xpath","value":"//*[@id=\"application-addressmanagement-display-component---masterAdm--smartFilterBar-filterItemControl_BASIC-NAME-valueHelpDialog-ok\"]"}
COMMAND: POST /session/989d4e3e3c66b6f7845d3771674e314d/element/f.5281968FC682DAF02FAC5F987076CB5D.d.DF72B3BC88CBF4E73CE3DF3267F49856.e.304/click - {}
RESULT: {}
COMMAND: GET /session/989d4e3e3c66b6f7845d3771674e314d/screenshot - {}
RESULT: {}
COMMAND: POST /session/989d4e3e3c66b6f7845d3771674e314d/element - {"using":"xpath","value":"(//span[text()=\"Active\"])[1]"}
RESULT: {"using":"xpath","value":"(//span[text()=\"Active\"])[1]"}
COMMAND: POST /session/989d4e3e3c66b6f7845d3771674e314d/elements - {"using":"xpath","value":"(//span[text()=\"Active\"])[1]"}
RESULT: {"using":"xpath","value":"(//span[text()=\"Active\"])[1]"}
COMMAND: POST /session/989d4e3e3c66b6f7845d3771674e314d/execute/sync - {"script":"<script> [8489 bytes]","args":[{"element-6066-11e4-a52e-4f735466cecf":"f.5281968FC682DAF02FAC5F987076CB5D.d.DF72B3BC88CBF4E73CE3DF3267F49856.e.318","ELEMENT":"f.5281968FC682DAF02FAC5F987076CB5D.d.DF72B3BC88CBF4E73CE3DF3267F49856.e.318"}]}
RESULT: {"script":"<script> [8489 bytes]","args":[{"element-6066-11e4-a52e-4f735466cecf":"f.5281968FC682DAF02FAC5F987076CB5D.d.DF72B3BC88CBF4E73CE3DF3267F49856.e.318","ELEMENT":"f.5281968FC682DAF02FAC5F987076CB5D.d.DF72B3BC88CBF4E73CE3DF3267F49856.e.318"}]}
COMMAND: POST /session/989d4e3e3c66b6f7845d3771674e314d/execute/sync - {"script":"<script> [5351 bytes]","args":[{"element-6066-11e4-a52e-4f735466cecf":"f.5281968FC682DAF02FAC5F987076CB5D.d.DF72B3BC88CBF4E73CE3DF3267F49856.e.318","ELEMENT":"f.5281968FC682DAF02FAC5F987076CB5D.d.DF72B3BC88CBF4E73CE3DF3267F49856.e.318"}]}
COMMAND: GET /session/989d4e3e3c66b6f7845d3771674e314d/screenshot - {}
RESULT: {"script":"<script> [5351 bytes]","args":[{"element-6066-11e4-a52e-4f735466cecf":"f.5281968FC682DAF02FAC5F987076CB5D.d.DF72B3BC88CBF4E73CE3DF3267F49856.e.318","ELEMENT":"f.5281968FC682DAF02FAC5F987076CB5D.d.DF72B3BC88CBF4E73CE3DF3267F49856.e.318"}]}
COMMAND: POST /session/989d4e3e3c66b6f7845d3771674e314d/element/f.5281968FC682DAF02FAC5F987076CB5D.d.DF72B3BC88CBF4E73CE3DF3267F49856.e.318/click - {}
COMMAND: GET /session/989d4e3e3c66b6f7845d3771674e314d/screenshot - {}
RESULT: {}
RESULT: {}
COMMAND: POST /session/989d4e3e3c66b6f7845d3771674e314d/element - {"using":"xpath","value":"//span[@id=\"application-addressmanagement-display-component---detailAdm--addressDetailDetailsName1\"]"}
COMMAND: GET /session/989d4e3e3c66b6f7845d3771674e314d/screenshot - {}
RESULT: {}
RESULT: {"using":"xpath","value":"//span[@id=\"application-addressmanagement-display-component---detailAdm--addressDetailDetailsName1\"]"}
COMMAND: POST /session/989d4e3e3c66b6f7845d3771674e314d/execute/sync - {"script":"<script> [8489 bytes]","args":[{"element-6066-11e4-a52e-4f735466cecf":"f.5281968FC682DAF02FAC5F987076CB5D.d.DF72B3BC88CBF4E73CE3DF3267F49856.e.400","ELEMENT":"f.5281968FC682DAF02FAC5F987076CB5D.d.DF72B3BC88CBF4E73CE3DF3267F49856.e.400"}]}
RESULT: {}
RESULT: {"script":"<script> [8489 bytes]","args":[{"element-6066-11e4-a52e-4f735466cecf":"f.5281968FC682DAF02FAC5F987076CB5D.d.DF72B3BC88CBF4E73CE3DF3267F49856.e.400","ELEMENT":"f.5281968FC682DAF02FAC5F987076CB5D.d.DF72B3BC88CBF4E73CE3DF3267F49856.e.400"}]}
COMMAND: GET /session/989d4e3e3c66b6f7845d3771674e314d/screenshot - {}
]]></system-out>
    </testcase>
    <testcase classname="chrome.135_0_7049_96.windows.Assign_the_user_test_user_id_to_an_address" name="Should edit the title of the created found address" time="13.177">
      <system-out><![CDATA[
COMMAND: POST /session/989d4e3e3c66b6f7845d3771674e314d/execute/async - {"script":"<script> [1562 bytes]","args":[{"selector":{"controlType":"sap.m.Button","viewName":"etm.portal.ui.addressmanagement.view.Detail","viewId":"application-addressmanagement-display-component---detailAdm","i18NText":{"propertyName":"text","key":"edit"}},"wdio_ui5_key":"etmportal.ui.addressmanagement.view.Detailsap.m.Button{\"propertyName\":\"text\",\"key\":\"edit\"}"}]}
RESULT: {}
RESULT: {"script":"<script> [1562 bytes]","args":[{"selector":{"controlType":"sap.m.Button","viewName":"etm.portal.ui.addressmanagement.view.Detail","viewId":"application-addressmanagement-display-component---detailAdm","i18NText":{"propertyName":"text","key":"edit"}},"wdio_ui5_key":"etmportal.ui.addressmanagement.view.Detailsap.m.Button{\"propertyName\":\"text\",\"key\":\"edit\"}"}]}
RESULT: undefined
COMMAND: POST /session/989d4e3e3c66b6f7845d3771674e314d/element - {"using":"xpath","value":"//*[@id=\"__button16\"]"}
RESULT: {"using":"xpath","value":"//*[@id=\"__button16\"]"}
COMMAND: POST /session/989d4e3e3c66b6f7845d3771674e314d/element/f.5281968FC682DAF02FAC5F987076CB5D.d.DF72B3BC88CBF4E73CE3DF3267F49856.e.405/click - {}
RESULT: {}
COMMAND: POST /session/989d4e3e3c66b6f7845d3771674e314d/execute/async - {"script":"<script> [1562 bytes]","args":[{"selector":{"controlType":"sap.ui.core.Icon","viewName":"etm.portal.ui.addressmanagement.view.EditDetail","properties":{"src":{"regex":{"source":"slim\\-arrow\\-down"}}},"ancestor":{"id":"addressTitle","viewName":"etm.portal.ui.addressmanagement.view.EditDetail"}},"wdio_ui5_key":"etmportal.ui.addressmanagement.view.EditDetailsap.ui.core.Icon{\"src\":{\"regex\":{\"source\":\"slim\\\\-arrow\\\\-down\"}}}{\"id\":\"addressTitle\",\"viewName\":\"etm.portal.ui.addressmanagement.view.EditDetail\"}"}]}
COMMAND: GET /session/989d4e3e3c66b6f7845d3771674e314d/screenshot - {}
RESULT: {"script":"<script> [1562 bytes]","args":[{"selector":{"controlType":"sap.ui.core.Icon","viewName":"etm.portal.ui.addressmanagement.view.EditDetail","properties":{"src":{"regex":{"source":"slim\\-arrow\\-down"}}},"ancestor":{"id":"addressTitle","viewName":"etm.portal.ui.addressmanagement.view.EditDetail"}},"wdio_ui5_key":"etmportal.ui.addressmanagement.view.EditDetailsap.ui.core.Icon{\"src\":{\"regex\":{\"source\":\"slim\\\\-arrow\\\\-down\"}}}{\"id\":\"addressTitle\",\"viewName\":\"etm.portal.ui.addressmanagement.view.EditDetail\"}"}]}
RESULT: undefined
COMMAND: POST /session/989d4e3e3c66b6f7845d3771674e314d/element - {"using":"xpath","value":"//*[@id=\"__xmlview58--addressTitle-arrow\"]"}
RESULT: {}
RESULT: {"using":"xpath","value":"//*[@id=\"__xmlview58--addressTitle-arrow\"]"}
COMMAND: POST /session/989d4e3e3c66b6f7845d3771674e314d/element/f.5281968FC682DAF02FAC5F987076CB5D.d.DF72B3BC88CBF4E73CE3DF3267F49856.e.456/click - {}
RESULT: {}
COMMAND: POST /session/989d4e3e3c66b6f7845d3771674e314d/execute/async - {"script":"<script> [1562 bytes]","args":[{"selector":{"controlType":"sap.m.StandardListItem","viewName":"etm.portal.ui.addressmanagement.view.EditDetail","properties":{"title":"Dr."},"searchOpenDialogs":true},"wdio_ui5_key":"etmportal.ui.addressmanagement.view.EditDetailsap.m.StandardListItem{\"title\":\"Dr.\"}"}]}
COMMAND: GET /session/989d4e3e3c66b6f7845d3771674e314d/screenshot - {}
RESULT: {"script":"<script> [1562 bytes]","args":[{"selector":{"controlType":"sap.m.StandardListItem","viewName":"etm.portal.ui.addressmanagement.view.EditDetail","properties":{"title":"Dr."},"searchOpenDialogs":true},"wdio_ui5_key":"etmportal.ui.addressmanagement.view.EditDetailsap.m.StandardListItem{\"title\":\"Dr.\"}"}]}
RESULT: undefined
COMMAND: POST /session/989d4e3e3c66b6f7845d3771674e314d/element - {"using":"xpath","value":"//*[@id=\"__item229\"]"}
RESULT: {}
RESULT: {"using":"xpath","value":"//*[@id=\"__item229\"]"}
COMMAND: POST /session/989d4e3e3c66b6f7845d3771674e314d/element/f.5281968FC682DAF02FAC5F987076CB5D.d.DF72B3BC88CBF4E73CE3DF3267F49856.e.458/click - {}
RESULT: {}
COMMAND: POST /session/989d4e3e3c66b6f7845d3771674e314d/execute/async - {"script":"<script> [1562 bytes]","args":[{"selector":{"controlType":"sap.m.Button","viewName":"etm.portal.ui.addressmanagement.view.EditDetail","i18NText":{"propertyName":"text","key":"save"}},"wdio_ui5_key":"etmportal.ui.addressmanagement.view.EditDetailsap.m.Button{\"propertyName\":\"text\",\"key\":\"save\"}"}]}
COMMAND: GET /session/989d4e3e3c66b6f7845d3771674e314d/screenshot - {}
RESULT: {"script":"<script> [1562 bytes]","args":[{"selector":{"controlType":"sap.m.Button","viewName":"etm.portal.ui.addressmanagement.view.EditDetail","i18NText":{"propertyName":"text","key":"save"}},"wdio_ui5_key":"etmportal.ui.addressmanagement.view.EditDetailsap.m.Button{\"propertyName\":\"text\",\"key\":\"save\"}"}]}
RESULT: undefined
COMMAND: POST /session/989d4e3e3c66b6f7845d3771674e314d/element - {"using":"xpath","value":"//*[@id=\"__button39\"]"}
RESULT: {}
RESULT: {"using":"xpath","value":"//*[@id=\"__button39\"]"}
COMMAND: POST /session/989d4e3e3c66b6f7845d3771674e314d/element/f.5281968FC682DAF02FAC5F987076CB5D.d.DF72B3BC88CBF4E73CE3DF3267F49856.e.459/click - {}
RESULT: {}
COMMAND: GET /session/989d4e3e3c66b6f7845d3771674e314d/screenshot - {}
RESULT: {}
COMMAND: POST /session/989d4e3e3c66b6f7845d3771674e314d/element - {"using":"xpath","value":"//span[@id=\"application-addressmanagement-display-component---detailAdm--addressTitle\"]"}
RESULT: {"using":"xpath","value":"//span[@id=\"application-addressmanagement-display-component---detailAdm--addressTitle\"]"}
COMMAND: GET /session/989d4e3e3c66b6f7845d3771674e314d/element/f.5281968FC682DAF02FAC5F987076CB5D.d.DF72B3BC88CBF4E73CE3DF3267F49856.e.470/text - {}
RESULT: {}
COMMAND: POST /session/989d4e3e3c66b6f7845d3771674e314d/element - {"using":"xpath","value":"//span[@id=\"application-addressmanagement-display-component---detailAdm--addressDetailDetailsName1\"]"}
RESULT: {"using":"xpath","value":"//span[@id=\"application-addressmanagement-display-component---detailAdm--addressDetailDetailsName1\"]"}
COMMAND: GET /session/989d4e3e3c66b6f7845d3771674e314d/element/f.5281968FC682DAF02FAC5F987076CB5D.d.DF72B3BC88CBF4E73CE3DF3267F49856.e.400/text - {}
RESULT: {}
COMMAND: POST /session/989d4e3e3c66b6f7845d3771674e314d/refresh - {}
RESULT: {}
COMMAND: GET /session/989d4e3e3c66b6f7845d3771674e314d/screenshot - {}
RESULT: {}
COMMAND: POST /session/989d4e3e3c66b6f7845d3771674e314d/refresh - {}
RESULT: {}
COMMAND: GET /session/989d4e3e3c66b6f7845d3771674e314d/screenshot - {}
RESULT: {}
COMMAND: POST /session/989d4e3e3c66b6f7845d3771674e314d/window/fullscreen - {}
RESULT: {}
COMMAND: POST /session/989d4e3e3c66b6f7845d3771674e314d/execute/async - {"script":"<script> [189 bytes]","args":[]}
RESULT: {"script":"<script> [189 bytes]","args":[]}
COMMAND: POST /session/989d4e3e3c66b6f7845d3771674e314d/execute/async - {"script":"<script> [123 bytes]","args":[]}
RESULT: {"script":"<script> [123 bytes]","args":[]}
COMMAND: POST /session/989d4e3e3c66b6f7845d3771674e314d/timeouts - {"script":"<number>"}
RESULT: {"script":"<number>"}
COMMAND: GET /session/989d4e3e3c66b6f7845d3771674e314d/timeouts - {}
RESULT: {}
RESULT: undefined
COMMAND: POST /session/989d4e3e3c66b6f7845d3771674e314d/execute/async - {"script":"<script> [2676 bytes]","args":[]}
RESULT: {"script":"<script> [2676 bytes]","args":[]}
COMMAND: POST /session/989d4e3e3c66b6f7845d3771674e314d/execute/async - {"script":"<script> [2342 bytes]","args":[{"protocol":"http","hostname":"0.0.0.0","path":"/","capabilities":{"browserName":"chrome","goog:chromeOptions":{"binary":"C:\\Program Files\\Google\\Chrome\\Application\\chrome.exe","args":["--start-maximized"]}},"logLevel":"warn","connectionRetryTimeout":120000,"connectionRetryCount":3,"logLevels":{},"enableDirectConnect":true,"strictSSL":true,"_":"65 more keys: [\"cacheDir\",\"port\",\"requestedCapabilities\",\"automationProtocol\",\"baseUrl\",\"waitforInterval\",\"waitforTimeout\",\"onReload\",\"beforeCommand\",\"afterCommand\",\"rootDir\",\"specs\",\"suites\",\"exclude\",\"groupLogsByTestSpec\",\"excludeDriverLogs\",\"bail\",\"framework\",\"reporters\",\"services\",\"maxInstances\",\"maxInstancesPerCapability\",\"injectGlobals\",\"filesToWatch\",\"execArgv\",\"runnerEnv\",\"runner\",\"shard\",\"specFileRetries\",\"specFileRetriesDelay\",\"specFileRetriesDeferred\",\"reporterSyncInterval\",\"reporterSyncTimeout\",\"cucumberFeaturesWithLineNumbers\",\"autoCompileOpts\",\"mochaOpts\",\"jasmineOpts\",\"cucumberOpts\",\"onPrepare\",\"onWorkerStart\",\"onWorkerEnd\",\"before\",\"beforeSession\",\"beforeSuite\",\"beforeHook\",\"beforeTest\",\"afterTest\",\"afterHook\",\"afterSuite\",\"afterSession\",\"after\",\"onComplete\",\"beforeAssertion\",\"afterAssertion\",\"beforeFeature\",\"beforeScenario\",\"beforeStep\",\"afterStep\",\"afterScenario\",\"afterFeature\",\"_\",\"suite\",\"$0\",\"ignoredWorkerServices\",\"wdi5\"]"}]}
RESULT: {"script":"<script> [2342 bytes]","args":[{"protocol":"http","hostname":"0.0.0.0","path":"/","capabilities":{"browserName":"chrome","goog:chromeOptions":{"binary":"C:\\Program Files\\Google\\Chrome\\Application\\chrome.exe","args":["--start-maximized"]}},"logLevel":"warn","connectionRetryTimeout":120000,"connectionRetryCount":3,"logLevels":{},"enableDirectConnect":true,"strictSSL":true,"_":"65 more keys: [\"cacheDir\",\"port\",\"requestedCapabilities\",\"automationProtocol\",\"baseUrl\",\"waitforInterval\",\"waitforTimeout\",\"onReload\",\"beforeCommand\",\"afterCommand\",\"rootDir\",\"specs\",\"suites\",\"exclude\",\"groupLogsByTestSpec\",\"excludeDriverLogs\",\"bail\",\"framework\",\"reporters\",\"services\",\"maxInstances\",\"maxInstancesPerCapability\",\"injectGlobals\",\"filesToWatch\",\"execArgv\",\"runnerEnv\",\"runner\",\"shard\",\"specFileRetries\",\"specFileRetriesDelay\",\"specFileRetriesDeferred\",\"reporterSyncInterval\",\"reporterSyncTimeout\",\"cucumberFeaturesWithLineNumbers\",\"autoCompileOpts\",\"mochaOpts\",\"jasmineOpts\",\"cucumberOpts\",\"onPrepare\",\"onWorkerStart\",\"onWorkerEnd\",\"before\",\"beforeSession\",\"beforeSuite\",\"beforeHook\",\"beforeTest\",\"afterTest\",\"afterHook\",\"afterSuite\",\"afterSession\",\"after\",\"onComplete\",\"beforeAssertion\",\"afterAssertion\",\"beforeFeature\",\"beforeScenario\",\"beforeStep\",\"afterStep\",\"afterScenario\",\"afterFeature\",\"_\",\"suite\",\"$0\",\"ignoredWorkerServices\",\"wdi5\"]"}]}
COMMAND: POST /session/989d4e3e3c66b6f7845d3771674e314d/execute/async - {"script":"<script> [21126 bytes]","args":[35000]}
RESULT: {"script":"<script> [21126 bytes]","args":[35000]}
COMMAND: POST /session/989d4e3e3c66b6f7845d3771674e314d/element - {"using":"css selector","value":"#shell-header-logo"}
RESULT: {"using":"css selector","value":"#shell-header-logo"}
COMMAND: POST /session/989d4e3e3c66b6f7845d3771674e314d/element/f.5281968FC682DAF02FAC5F987076CB5D.d.7396EC3646470DDEE64C25D62FDBCD10.e.591/click - {}
RESULT: {}
COMMAND: GET /session/989d4e3e3c66b6f7845d3771674e314d/screenshot - {}
COMMAND: POST /session/989d4e3e3c66b6f7845d3771674e314d/execute/async - {"script":"<script> [1562 bytes]","args":[{"selector":{"controlType":"sap.m.GenericTile","properties":{"header":"Manage Yards"}},"wdio_ui5_key":"sapm.GenericTile{\"header\":\"Manage Yards\"}"}]}
RESULT: {}
RESULT: {"script":"<script> [1562 bytes]","args":[{"selector":{"controlType":"sap.m.GenericTile","properties":{"header":"Manage Yards"}},"wdio_ui5_key":"sapm.GenericTile{\"header\":\"Manage Yards\"}"}]}
RESULT: undefined
COMMAND: POST /session/989d4e3e3c66b6f7845d3771674e314d/element - {"using":"xpath","value":"//*[@id=\"__tile52\"]"}
RESULT: {"using":"xpath","value":"//*[@id=\"__tile52\"]"}
COMMAND: POST /session/989d4e3e3c66b6f7845d3771674e314d/element/f.5281968FC682DAF02FAC5F987076CB5D.d.7396EC3646470DDEE64C25D62FDBCD10.e.915/click - {}
RESULT: {}
]]></system-out>
    </testcase>
  </testsuite>
  <testsuite timestamp="2025-04-30T07:03:11" time="293.653" tests="2" failures="0" errors="0" skipped="0">
    <properties>
      <property name="specId" value="0" />
      <property name="suiteName" value="Create 2 Yards US112496" />
      <property name="capabilities" value="chrome.135_0_7049_96.windows" />
      <property name="file" value="file:///D:/a/1/s/test/specs/R2C/create-yard.spec.js" />
    </properties>
    <testcase classname="chrome.135_0_7049_96.windows.Create_2_Yards_US112496" name="Should create a new simple yard" time="141.292">
      <system-out><![CDATA[
COMMAND: GET /session/989d4e3e3c66b6f7845d3771674e314d/screenshot - {}
RESULT: {}
COMMAND: POST /session/989d4e3e3c66b6f7845d3771674e314d/execute/async - {"script":"<script> [1562 bytes]","args":[{"selector":{"controlType":"sap.ui.core.Icon","viewName":"etm.portal.ui.manageyards.view.Master","viewId":"application-manageyards-display-component---masterYard","properties":{"src":{"regex":{"source":"add"}}}},"wdio_ui5_key":"etmportal.ui.manageyards.view.Mastersap.ui.core.Icon{\"src\":{\"regex\":{\"source\":\"add\"}}}"}]}
RESULT: {"script":"<script> [1562 bytes]","args":[{"selector":{"controlType":"sap.ui.core.Icon","viewName":"etm.portal.ui.manageyards.view.Master","viewId":"application-manageyards-display-component---masterYard","properties":{"src":{"regex":{"source":"add"}}}},"wdio_ui5_key":"etmportal.ui.manageyards.view.Mastersap.ui.core.Icon{\"src\":{\"regex\":{\"source\":\"add\"}}}"}]}
RESULT: undefined
COMMAND: POST /session/989d4e3e3c66b6f7845d3771674e314d/element - {"using":"xpath","value":"//*[@id=\"__button25-img\"]"}
RESULT: {"using":"xpath","value":"//*[@id=\"__button25-img\"]"}
COMMAND: POST /session/989d4e3e3c66b6f7845d3771674e314d/element/f.5281968FC682DAF02FAC5F987076CB5D.d.7396EC3646470DDEE64C25D62FDBCD10.e.958/click - {}
RESULT: {}
COMMAND: GET /session/989d4e3e3c66b6f7845d3771674e314d/screenshot - {}
RESULT: {}
COMMAND: POST /session/989d4e3e3c66b6f7845d3771674e314d/execute/async - {"script":"<script> [1562 bytes]","args":[{"selector":{"id":"application-manageyards-display-component---NewYard--yardId","interaction":{"idSuffix":"inner"}},"wdio_ui5_key":"applicationmanageyards-display-component---NewYard--yardId"}]}
RESULT: {"script":"<script> [1562 bytes]","args":[{"selector":{"id":"application-manageyards-display-component---NewYard--yardId","interaction":{"idSuffix":"inner"}},"wdio_ui5_key":"applicationmanageyards-display-component---NewYard--yardId"}]}
RESULT: undefined
COMMAND: POST /session/989d4e3e3c66b6f7845d3771674e314d/element - {"using":"xpath","value":"//*[@id=\"application-manageyards-display-component---NewYard--addressDetailDetailsName1-inner\"]"}
RESULT: {"using":"xpath","value":"//*[@id=\"application-manageyards-display-component---NewYard--addressDetailDetailsName1-inner\"]"}
COMMAND: POST /session/989d4e3e3c66b6f7845d3771674e314d/element/f.5281968FC682DAF02FAC5F987076CB5D.d.7396EC3646470DDEE64C25D62FDBCD10.e.1193/clear - {}
RESULT: {}
COMMAND: POST /session/989d4e3e3c66b6f7845d3771674e314d/element/f.5281968FC682DAF02FAC5F987076CB5D.d.7396EC3646470DDEE64C25D62FDBCD10.e.1193/value - {"text":"Webdriver Yard yznz"}
COMMAND: GET /session/989d4e3e3c66b6f7845d3771674e314d/screenshot - {}
RESULT: {"text":"Webdriver Yard yznz"}
COMMAND: POST /session/989d4e3e3c66b6f7845d3771674e314d/element - {"using":"xpath","value":"//*[@id=\"application-manageyards-display-component---NewYard--addressDetailDetailsLanguage-inner\"]"}
COMMAND: GET /session/989d4e3e3c66b6f7845d3771674e314d/screenshot - {}
RESULT: {}
RESULT: {"using":"xpath","value":"//*[@id=\"application-manageyards-display-component---NewYard--addressDetailDetailsLanguage-inner\"]"}
COMMAND: POST /session/989d4e3e3c66b6f7845d3771674e314d/element/f.5281968FC682DAF02FAC5F987076CB5D.d.7396EC3646470DDEE64C25D62FDBCD10.e.1194/clear - {}
RESULT: {}
RESULT: {}
COMMAND: POST /session/989d4e3e3c66b6f7845d3771674e314d/element/f.5281968FC682DAF02FAC5F987076CB5D.d.7396EC3646470DDEE64C25D62FDBCD10.e.1194/value - {"text":"Romanian"}
COMMAND: GET /session/989d4e3e3c66b6f7845d3771674e314d/screenshot - {}
RESULT: {"text":"Romanian"}
COMMAND: GET /session/989d4e3e3c66b6f7845d3771674e314d/screenshot - {}
RESULT: {}
RESULT: {}
COMMAND: POST /session/989d4e3e3c66b6f7845d3771674e314d/element - {"using":"xpath","value":"//*[@id=\"application-manageyards-display-component---NewYard--addressDetailDetailsCity1-inner\"]"}
RESULT: {"using":"xpath","value":"//*[@id=\"application-manageyards-display-component---NewYard--addressDetailDetailsCity1-inner\"]"}
COMMAND: POST /session/989d4e3e3c66b6f7845d3771674e314d/element/f.5281968FC682DAF02FAC5F987076CB5D.d.7396EC3646470DDEE64C25D62FDBCD10.e.1196/clear - {}
RESULT: {}
COMMAND: POST /session/989d4e3e3c66b6f7845d3771674e314d/element/f.5281968FC682DAF02FAC5F987076CB5D.d.7396EC3646470DDEE64C25D62FDBCD10.e.1196/value - {"text":"Bucuresti"}
COMMAND: GET /session/989d4e3e3c66b6f7845d3771674e314d/screenshot - {}
RESULT: {"text":"Bucuresti"}
COMMAND: GET /session/989d4e3e3c66b6f7845d3771674e314d/screenshot - {}
RESULT: {}
COMMAND: POST /session/989d4e3e3c66b6f7845d3771674e314d/element - {"using":"xpath","value":"//*[@id=\"application-manageyards-display-component---NewYard--addressDetailDetailsCountry-inner\"]"}
RESULT: {}
RESULT: {"using":"xpath","value":"//*[@id=\"application-manageyards-display-component---NewYard--addressDetailDetailsCountry-inner\"]"}
COMMAND: POST /session/989d4e3e3c66b6f7845d3771674e314d/element/f.5281968FC682DAF02FAC5F987076CB5D.d.7396EC3646470DDEE64C25D62FDBCD10.e.1200/clear - {}
RESULT: {}
COMMAND: POST /session/989d4e3e3c66b6f7845d3771674e314d/element/f.5281968FC682DAF02FAC5F987076CB5D.d.7396EC3646470DDEE64C25D62FDBCD10.e.1200/value - {"text":"Romania"}
COMMAND: GET /session/989d4e3e3c66b6f7845d3771674e314d/screenshot - {}
RESULT: {"text":"Romania"}
COMMAND: GET /session/989d4e3e3c66b6f7845d3771674e314d/screenshot - {}
COMMAND: POST /session/989d4e3e3c66b6f7845d3771674e314d/element - {"using":"xpath","value":"//div[contains(text(), \"Commercial\")]"}
RESULT: {}
RESULT: {}
RESULT: {"using":"xpath","value":"//div[contains(text(), \"Commercial\")]"}
COMMAND: GET /session/989d4e3e3c66b6f7845d3771674e314d/element/f.5281968FC682DAF02FAC5F987076CB5D.d.7396EC3646470DDEE64C25D62FDBCD10.e.1390/rect - {}
RESULT: {}
COMMAND: GET /session/989d4e3e3c66b6f7845d3771674e314d/window/rect - {}
RESULT: {}
COMMAND: POST /session/989d4e3e3c66b6f7845d3771674e314d/execute/sync - {"script":"<script> [92 bytes]","args":[]}
RESULT: {"script":"<script> [92 bytes]","args":[]}
COMMAND: POST /session/989d4e3e3c66b6f7845d3771674e314d/actions - {"actions":[{"id":"action2","type":"wheel","parameters":{},"actions":[{"type":"scroll","x":-1825,"y":-44,"deltaX":0,"deltaY":0,"duration":0,"origin":{"element-6066-11e4-a52e-4f735466cecf":"f.5281968FC682DAF02FAC5F987076CB5D.d.7396EC3646470DDEE64C25D62FDBCD10.e.1390"}}]}]}
COMMAND: GET /session/989d4e3e3c66b6f7845d3771674e314d/screenshot - {}
RESULT: {}
COMMAND: POST /session/989d4e3e3c66b6f7845d3771674e314d/execute/sync - {"script":"<script> [79 bytes]","args":[{"element-6066-11e4-a52e-4f735466cecf":"f.5281968FC682DAF02FAC5F987076CB5D.d.7396EC3646470DDEE64C25D62FDBCD10.e.1390","ELEMENT":"f.5281968FC682DAF02FAC5F987076CB5D.d.7396EC3646470DDEE64C25D62FDBCD10.e.1390"},{"block":"start","inline":"nearest"}]}
RESULT: {"script":"<script> [79 bytes]","args":[{"element-6066-11e4-a52e-4f735466cecf":"f.5281968FC682DAF02FAC5F987076CB5D.d.7396EC3646470DDEE64C25D62FDBCD10.e.1390","ELEMENT":"f.5281968FC682DAF02FAC5F987076CB5D.d.7396EC3646470DDEE64C25D62FDBCD10.e.1390"},{"block":"start","inline":"nearest"}]}
COMMAND: GET /session/989d4e3e3c66b6f7845d3771674e314d/screenshot - {}
RESULT: {}
COMMAND: POST /session/989d4e3e3c66b6f7845d3771674e314d/element - {"using":"xpath","value":"//input[@id='application-manageyards-display-component---NewYard--addressEditDetailsCostObjectCstType-inner']"}
RESULT: {"using":"xpath","value":"//input[@id='application-manageyards-display-component---NewYard--addressEditDetailsCostObjectCstType-inner']"}
COMMAND: POST /session/989d4e3e3c66b6f7845d3771674e314d/execute/sync - {"script":"<script> [8489 bytes]","args":[{"element-6066-11e4-a52e-4f735466cecf":"f.5281968FC682DAF02FAC5F987076CB5D.d.7396EC3646470DDEE64C25D62FDBCD10.e.1206","ELEMENT":"f.5281968FC682DAF02FAC5F987076CB5D.d.7396EC3646470DDEE64C25D62FDBCD10.e.1206"}]}
RESULT: {"script":"<script> [8489 bytes]","args":[{"element-6066-11e4-a52e-4f735466cecf":"f.5281968FC682DAF02FAC5F987076CB5D.d.7396EC3646470DDEE64C25D62FDBCD10.e.1206","ELEMENT":"f.5281968FC682DAF02FAC5F987076CB5D.d.7396EC3646470DDEE64C25D62FDBCD10.e.1206"}]}
COMMAND: POST /session/989d4e3e3c66b6f7845d3771674e314d/element/f.5281968FC682DAF02FAC5F987076CB5D.d.7396EC3646470DDEE64C25D62FDBCD10.e.1206/clear - {}
COMMAND: GET /session/989d4e3e3c66b6f7845d3771674e314d/screenshot - {}
RESULT: {}
COMMAND: POST /session/989d4e3e3c66b6f7845d3771674e314d/element/f.5281968FC682DAF02FAC5F987076CB5D.d.7396EC3646470DDEE64C25D62FDBCD10.e.1206/value - {"text":"Cost"}
COMMAND: GET /session/989d4e3e3c66b6f7845d3771674e314d/screenshot - {}
RESULT: {}
RESULT: {"text":"Cost"}
COMMAND: GET /session/989d4e3e3c66b6f7845d3771674e314d/screenshot - {}
RESULT: {}
RESULT: {}
COMMAND: POST /session/989d4e3e3c66b6f7845d3771674e314d/execute/async - {"script":"<script> [1562 bytes]","args":[{"selector":{"id":"application-manageyards-display-component---NewYard--addressNewCostObjectCstID","interaction":{"idSuffix":"inner"}},"wdio_ui5_key":"applicationmanageyards-display-component---NewYard--addressNewCostObjectCstID"}]}
RESULT: {"script":"<script> [1562 bytes]","args":[{"selector":{"id":"application-manageyards-display-component---NewYard--addressNewCostObjectCstID","interaction":{"idSuffix":"inner"}},"wdio_ui5_key":"applicationmanageyards-display-component---NewYard--addressNewCostObjectCstID"}]}
RESULT: undefined
COMMAND: POST /session/989d4e3e3c66b6f7845d3771674e314d/execute/async - {"script":"<script> [776 bytes]","args":[{"enterText":"10001013","selector":{"id":"application-manageyards-display-component---NewYard--addressNewCostObjectCstID","interaction":{"idSuffix":"inner"}},"clearTextFirst":true,"interactionType":"ENTER_TEXT"}]}
RESULT: {"script":"<script> [776 bytes]","args":[{"enterText":"10001013","selector":{"id":"application-manageyards-display-component---NewYard--addressNewCostObjectCstID","interaction":{"idSuffix":"inner"}},"clearTextFirst":true,"interactionType":"ENTER_TEXT"}]}
COMMAND: POST /session/989d4e3e3c66b6f7845d3771674e314d/actions - {"actions":[{"id":"action3","type":"key","parameters":{},"actions":[{"type":"keyDown","value":"î€‡"},{"type":"pause","duration":10},{"type":"keyUp","value":"î€‡"}]}]}
RESULT: {"actions":[{"id":"action3","type":"key","parameters":{},"actions":[{"type":"keyDown","value":"î€‡"},{"type":"pause","duration":10},{"type":"keyUp","value":"î€‡"}]}]}
COMMAND: GET /session/989d4e3e3c66b6f7845d3771674e314d/screenshot - {}
RESULT: {}
COMMAND: POST /session/989d4e3e3c66b6f7845d3771674e314d/execute/async - {"script":"<script> [1562 bytes]","args":[{"selector":{"controlType":"sap.m.Button","viewName":"etm.portal.ui.manageyards.view.New","viewId":"application-manageyards-display-component---NewYard","i18NText":{"propertyName":"text","key":"save"},"interaction":{"idSuffix":"inner"}},"wdio_ui5_key":"etmportal.ui.manageyards.view.Newsap.m.Button{\"propertyName\":\"text\",\"key\":\"save\"}"}]}
RESULT: {"script":"<script> [1562 bytes]","args":[{"selector":{"controlType":"sap.m.Button","viewName":"etm.portal.ui.manageyards.view.New","viewId":"application-manageyards-display-component---NewYard","i18NText":{"propertyName":"text","key":"save"},"interaction":{"idSuffix":"inner"}},"wdio_ui5_key":"etmportal.ui.manageyards.view.Newsap.m.Button{\"propertyName\":\"text\",\"key\":\"save\"}"}]}
RESULT: undefined
COMMAND: POST /session/989d4e3e3c66b6f7845d3771674e314d/element - {"using":"xpath","value":"//*[@id=\"__button39\"]"}
RESULT: {"using":"xpath","value":"//*[@id=\"__button39\"]"}
COMMAND: POST /session/989d4e3e3c66b6f7845d3771674e314d/element/f.5281968FC682DAF02FAC5F987076CB5D.d.7396EC3646470DDEE64C25D62FDBCD10.e.1370/click - {}
RESULT: {}
COMMAND: GET /session/989d4e3e3c66b6f7845d3771674e314d/screenshot - {}
RESULT: {}
COMMAND: POST /session/989d4e3e3c66b6f7845d3771674e314d/element - {"using":"xpath","value":"//header/div/div/div/div/div/div[2]/div/span"}
RESULT: {"using":"xpath","value":"//header/div/div/div/div/div/div[2]/div/span"}
COMMAND: GET /session/989d4e3e3c66b6f7845d3771674e314d/element/f.5281968FC682DAF02FAC5F987076CB5D.d.7396EC3646470DDEE64C25D62FDBCD10.e.1611/text - {}
RESULT: {}
COMMAND: POST /session/989d4e3e3c66b6f7845d3771674e314d/element - {"using":"xpath","value":"//header/div/div[2]/div[2]/span"}
RESULT: {"using":"xpath","value":"//header/div/div[2]/div[2]/span"}
COMMAND: GET /session/989d4e3e3c66b6f7845d3771674e314d/element/f.5281968FC682DAF02FAC5F987076CB5D.d.7396EC3646470DDEE64C25D62FDBCD10.e.1612/text - {}
RESULT: {}
COMMAND: POST /session/989d4e3e3c66b6f7845d3771674e314d/execute/async - {"script":"<script> [1562 bytes]","args":[{"selector":{"controlType":"sap.m.OverflowToolbarButton","viewName":"etm.portal.ui.manageyards.view.Detail","viewId":"application-manageyards-display-component---detailYard","i18NText":{"propertyName":"tooltip","key":"closeColumn"},"interaction":{"idSuffix":"inner"}},"wdio_ui5_key":"etmportal.ui.manageyards.view.Detailsap.m.OverflowToolbarButton{\"propertyName\":\"tooltip\",\"key\":\"closeColumn\"}"}]}
RESULT: {"script":"<script> [1562 bytes]","args":[{"selector":{"controlType":"sap.m.OverflowToolbarButton","viewName":"etm.portal.ui.manageyards.view.Detail","viewId":"application-manageyards-display-component---detailYard","i18NText":{"propertyName":"tooltip","key":"closeColumn"},"interaction":{"idSuffix":"inner"}},"wdio_ui5_key":"etmportal.ui.manageyards.view.Detailsap.m.OverflowToolbarButton{\"propertyName\":\"tooltip\",\"key\":\"closeColumn\"}"}]}
RESULT: undefined
COMMAND: POST /session/989d4e3e3c66b6f7845d3771674e314d/element - {"using":"xpath","value":"//*[@id=\"__button62\"]"}
RESULT: {"using":"xpath","value":"//*[@id=\"__button62\"]"}
COMMAND: POST /session/989d4e3e3c66b6f7845d3771674e314d/element/f.5281968FC682DAF02FAC5F987076CB5D.d.7396EC3646470DDEE64C25D62FDBCD10.e.1614/click - {}
RESULT: {}
COMMAND: POST /session/989d4e3e3c66b6f7845d3771674e314d/refresh - {}
COMMAND: GET /session/989d4e3e3c66b6f7845d3771674e314d/screenshot - {}
RESULT: {}
COMMAND: GET /session/989d4e3e3c66b6f7845d3771674e314d/screenshot - {}
RESULT: {}
RESULT: {}
COMMAND: POST /session/989d4e3e3c66b6f7845d3771674e314d/refresh - {}
RESULT: {}
COMMAND: GET /session/989d4e3e3c66b6f7845d3771674e314d/screenshot - {}
RESULT: {}
COMMAND: POST /session/989d4e3e3c66b6f7845d3771674e314d/window/fullscreen - {}
RESULT: {}
COMMAND: POST /session/989d4e3e3c66b6f7845d3771674e314d/execute/async - {"script":"<script> [189 bytes]","args":[]}
RESULT: {"script":"<script> [189 bytes]","args":[]}
COMMAND: POST /session/989d4e3e3c66b6f7845d3771674e314d/execute/async - {"script":"<script> [123 bytes]","args":[]}
RESULT: {"script":"<script> [123 bytes]","args":[]}
COMMAND: POST /session/989d4e3e3c66b6f7845d3771674e314d/timeouts - {"script":"<number>"}
RESULT: {"script":"<number>"}
COMMAND: GET /session/989d4e3e3c66b6f7845d3771674e314d/timeouts - {}
RESULT: {}
RESULT: undefined
COMMAND: POST /session/989d4e3e3c66b6f7845d3771674e314d/execute/async - {"script":"<script> [2676 bytes]","args":[]}
RESULT: {"script":"<script> [2676 bytes]","args":[]}
COMMAND: POST /session/989d4e3e3c66b6f7845d3771674e314d/execute/async - {"script":"<script> [2342 bytes]","args":[{"protocol":"http","hostname":"0.0.0.0","path":"/","capabilities":{"browserName":"chrome","goog:chromeOptions":{"binary":"C:\\Program Files\\Google\\Chrome\\Application\\chrome.exe","args":["--start-maximized"]}},"logLevel":"warn","connectionRetryTimeout":120000,"connectionRetryCount":3,"logLevels":{},"enableDirectConnect":true,"strictSSL":true,"_":"65 more keys: [\"cacheDir\",\"port\",\"requestedCapabilities\",\"automationProtocol\",\"baseUrl\",\"waitforInterval\",\"waitforTimeout\",\"onReload\",\"beforeCommand\",\"afterCommand\",\"rootDir\",\"specs\",\"suites\",\"exclude\",\"groupLogsByTestSpec\",\"excludeDriverLogs\",\"bail\",\"framework\",\"reporters\",\"services\",\"maxInstances\",\"maxInstancesPerCapability\",\"injectGlobals\",\"filesToWatch\",\"execArgv\",\"runnerEnv\",\"runner\",\"shard\",\"specFileRetries\",\"specFileRetriesDelay\",\"specFileRetriesDeferred\",\"reporterSyncInterval\",\"reporterSyncTimeout\",\"cucumberFeaturesWithLineNumbers\",\"autoCompileOpts\",\"mochaOpts\",\"jasmineOpts\",\"cucumberOpts\",\"onPrepare\",\"onWorkerStart\",\"onWorkerEnd\",\"before\",\"beforeSession\",\"beforeSuite\",\"beforeHook\",\"beforeTest\",\"afterTest\",\"afterHook\",\"afterSuite\",\"afterSession\",\"after\",\"onComplete\",\"beforeAssertion\",\"afterAssertion\",\"beforeFeature\",\"beforeScenario\",\"beforeStep\",\"afterStep\",\"afterScenario\",\"afterFeature\",\"_\",\"suite\",\"$0\",\"ignoredWorkerServices\",\"wdi5\"]"}]}
RESULT: {"script":"<script> [2342 bytes]","args":[{"protocol":"http","hostname":"0.0.0.0","path":"/","capabilities":{"browserName":"chrome","goog:chromeOptions":{"binary":"C:\\Program Files\\Google\\Chrome\\Application\\chrome.exe","args":["--start-maximized"]}},"logLevel":"warn","connectionRetryTimeout":120000,"connectionRetryCount":3,"logLevels":{},"enableDirectConnect":true,"strictSSL":true,"_":"65 more keys: [\"cacheDir\",\"port\",\"requestedCapabilities\",\"automationProtocol\",\"baseUrl\",\"waitforInterval\",\"waitforTimeout\",\"onReload\",\"beforeCommand\",\"afterCommand\",\"rootDir\",\"specs\",\"suites\",\"exclude\",\"groupLogsByTestSpec\",\"excludeDriverLogs\",\"bail\",\"framework\",\"reporters\",\"services\",\"maxInstances\",\"maxInstancesPerCapability\",\"injectGlobals\",\"filesToWatch\",\"execArgv\",\"runnerEnv\",\"runner\",\"shard\",\"specFileRetries\",\"specFileRetriesDelay\",\"specFileRetriesDeferred\",\"reporterSyncInterval\",\"reporterSyncTimeout\",\"cucumberFeaturesWithLineNumbers\",\"autoCompileOpts\",\"mochaOpts\",\"jasmineOpts\",\"cucumberOpts\",\"onPrepare\",\"onWorkerStart\",\"onWorkerEnd\",\"before\",\"beforeSession\",\"beforeSuite\",\"beforeHook\",\"beforeTest\",\"afterTest\",\"afterHook\",\"afterSuite\",\"afterSession\",\"after\",\"onComplete\",\"beforeAssertion\",\"afterAssertion\",\"beforeFeature\",\"beforeScenario\",\"beforeStep\",\"afterStep\",\"afterScenario\",\"afterFeature\",\"_\",\"suite\",\"$0\",\"ignoredWorkerServices\",\"wdi5\"]"}]}
COMMAND: POST /session/989d4e3e3c66b6f7845d3771674e314d/execute/async - {"script":"<script> [21126 bytes]","args":[35000]}
RESULT: {"script":"<script> [21126 bytes]","args":[35000]}
]]></system-out>
    </testcase>
    <testcase classname="chrome.135_0_7049_96.windows.Create_2_Yards_US112496" name="Should create a WHM yard" time="66.709">
      <system-out><![CDATA[
COMMAND: POST /session/989d4e3e3c66b6f7845d3771674e314d/execute/async - {"script":"<script> [1562 bytes]","args":[{"selector":{"controlType":"sap.ui.core.Icon","viewName":"etm.portal.ui.manageyards.view.Master","viewId":"application-manageyards-display-component---masterYard","properties":{"src":{"regex":{"source":"add"}}}},"wdio_ui5_key":"etmportal.ui.manageyards.view.Mastersap.ui.core.Icon{\"src\":{\"regex\":{\"source\":\"add\"}}}"}]}
RESULT: {"script":"<script> [1562 bytes]","args":[{"selector":{"controlType":"sap.ui.core.Icon","viewName":"etm.portal.ui.manageyards.view.Master","viewId":"application-manageyards-display-component---masterYard","properties":{"src":{"regex":{"source":"add"}}}},"wdio_ui5_key":"etmportal.ui.manageyards.view.Mastersap.ui.core.Icon{\"src\":{\"regex\":{\"source\":\"add\"}}}"}]}
RESULT: undefined
COMMAND: POST /session/989d4e3e3c66b6f7845d3771674e314d/element - {"using":"xpath","value":"//*[@id=\"__button9-img\"]"}
RESULT: {"using":"xpath","value":"//*[@id=\"__button9-img\"]"}
COMMAND: POST /session/989d4e3e3c66b6f7845d3771674e314d/element/f.5281968FC682DAF02FAC5F987076CB5D.d.867E2094A6290246A4D715B7DB60054F.e.1715/click - {}
RESULT: {}
COMMAND: GET /session/989d4e3e3c66b6f7845d3771674e314d/screenshot - {}
RESULT: {}
COMMAND: POST /session/989d4e3e3c66b6f7845d3771674e314d/execute/async - {"script":"<script> [1562 bytes]","args":[{"selector":{"id":"application-manageyards-display-component---NewYard--yardId","interaction":{"idSuffix":"inner"}},"wdio_ui5_key":"applicationmanageyards-display-component---NewYard--yardId"}]}
RESULT: {"script":"<script> [1562 bytes]","args":[{"selector":{"id":"application-manageyards-display-component---NewYard--yardId","interaction":{"idSuffix":"inner"}},"wdio_ui5_key":"applicationmanageyards-display-component---NewYard--yardId"}]}
RESULT: undefined
COMMAND: POST /session/989d4e3e3c66b6f7845d3771674e314d/element - {"using":"xpath","value":"//*[@id=\"application-manageyards-display-component---NewYard--addressDetailDetailsName1-inner\"]"}
RESULT: {"using":"xpath","value":"//*[@id=\"application-manageyards-display-component---NewYard--addressDetailDetailsName1-inner\"]"}
COMMAND: POST /session/989d4e3e3c66b6f7845d3771674e314d/element/f.5281968FC682DAF02FAC5F987076CB5D.d.867E2094A6290246A4D715B7DB60054F.e.1868/clear - {}
RESULT: {}
COMMAND: POST /session/989d4e3e3c66b6f7845d3771674e314d/element/f.5281968FC682DAF02FAC5F987076CB5D.d.867E2094A6290246A4D715B7DB60054F.e.1868/value - {"text":"Webdriver WHM Yard ikqv4"}
COMMAND: GET /session/989d4e3e3c66b6f7845d3771674e314d/screenshot - {}
RESULT: {"text":"Webdriver WHM Yard ikqv4"}
COMMAND: POST /session/989d4e3e3c66b6f7845d3771674e314d/element - {"using":"xpath","value":"//*[@id=\"application-manageyards-display-component---NewYard--addressDetailDetailsLanguage-inner\"]"}
COMMAND: GET /session/989d4e3e3c66b6f7845d3771674e314d/screenshot - {}
RESULT: {}
RESULT: {"using":"xpath","value":"//*[@id=\"application-manageyards-display-component---NewYard--addressDetailDetailsLanguage-inner\"]"}
COMMAND: POST /session/989d4e3e3c66b6f7845d3771674e314d/element/f.5281968FC682DAF02FAC5F987076CB5D.d.867E2094A6290246A4D715B7DB60054F.e.1869/clear - {}
RESULT: {}
RESULT: {}
COMMAND: POST /session/989d4e3e3c66b6f7845d3771674e314d/element/f.5281968FC682DAF02FAC5F987076CB5D.d.867E2094A6290246A4D715B7DB60054F.e.1869/value - {"text":"Romanian"}
RESULT: {"text":"Romanian"}
COMMAND: GET /session/989d4e3e3c66b6f7845d3771674e314d/screenshot - {}
COMMAND: GET /session/989d4e3e3c66b6f7845d3771674e314d/screenshot - {}
RESULT: {}
RESULT: {}
COMMAND: POST /session/989d4e3e3c66b6f7845d3771674e314d/element - {"using":"xpath","value":"//*[@id=\"application-manageyards-display-component---NewYard--addressDetailDetailsCity1-inner\"]"}
RESULT: {"using":"xpath","value":"//*[@id=\"application-manageyards-display-component---NewYard--addressDetailDetailsCity1-inner\"]"}
COMMAND: POST /session/989d4e3e3c66b6f7845d3771674e314d/element/f.5281968FC682DAF02FAC5F987076CB5D.d.867E2094A6290246A4D715B7DB60054F.e.1871/clear - {}
RESULT: {}
COMMAND: POST /session/989d4e3e3c66b6f7845d3771674e314d/element/f.5281968FC682DAF02FAC5F987076CB5D.d.867E2094A6290246A4D715B7DB60054F.e.1871/value - {"text":"Bucuresti"}
COMMAND: GET /session/989d4e3e3c66b6f7845d3771674e314d/screenshot - {}
RESULT: {"text":"Bucuresti"}
COMMAND: GET /session/989d4e3e3c66b6f7845d3771674e314d/screenshot - {}
RESULT: {}
RESULT: {}
COMMAND: POST /session/989d4e3e3c66b6f7845d3771674e314d/element - {"using":"xpath","value":"//*[@id=\"application-manageyards-display-component---NewYard--addressDetailDetailsCountry-inner\"]"}
RESULT: {"using":"xpath","value":"//*[@id=\"application-manageyards-display-component---NewYard--addressDetailDetailsCountry-inner\"]"}
COMMAND: POST /session/989d4e3e3c66b6f7845d3771674e314d/element/f.5281968FC682DAF02FAC5F987076CB5D.d.867E2094A6290246A4D715B7DB60054F.e.1875/clear - {}
RESULT: {}
COMMAND: POST /session/989d4e3e3c66b6f7845d3771674e314d/element/f.5281968FC682DAF02FAC5F987076CB5D.d.867E2094A6290246A4D715B7DB60054F.e.1875/value - {"text":"Romania"}
COMMAND: GET /session/989d4e3e3c66b6f7845d3771674e314d/screenshot - {}
RESULT: {"text":"Romania"}
COMMAND: GET /session/989d4e3e3c66b6f7845d3771674e314d/screenshot - {}
RESULT: {}
RESULT: {}
COMMAND: POST /session/989d4e3e3c66b6f7845d3771674e314d/execute/async - {"script":"<script> [1562 bytes]","args":[{"selector":{"controlType":"sap.m.Button","viewName":"etm.portal.ui.manageyards.view.New","viewId":"application-manageyards-display-component---NewYard","properties":{"text":"Commercial"},"interaction":{"idSuffix":"BDI-content"}},"wdio_ui5_key":"etmportal.ui.manageyards.view.Newsap.m.Button{\"text\":\"Commercial\"}"}]}
RESULT: {"script":"<script> [1562 bytes]","args":[{"selector":{"controlType":"sap.m.Button","viewName":"etm.portal.ui.manageyards.view.New","viewId":"application-manageyards-display-component---NewYard","properties":{"text":"Commercial"},"interaction":{"idSuffix":"BDI-content"}},"wdio_ui5_key":"etmportal.ui.manageyards.view.Newsap.m.Button{\"text\":\"Commercial\"}"}]}
RESULT: undefined
COMMAND: POST /session/989d4e3e3c66b6f7845d3771674e314d/element - {"using":"xpath","value":"//*[@id=\"application-manageyards-display-component---NewYard--ObjectPageLayout-anchBar-__section18-anchor\"]"}
RESULT: {"using":"xpath","value":"//*[@id=\"application-manageyards-display-component---NewYard--ObjectPageLayout-anchBar-__section18-anchor\"]"}
COMMAND: POST /session/989d4e3e3c66b6f7845d3771674e314d/element/f.5281968FC682DAF02FAC5F987076CB5D.d.867E2094A6290246A4D715B7DB60054F.e.2020/click - {}
RESULT: {}
COMMAND: GET /session/989d4e3e3c66b6f7845d3771674e314d/screenshot - {}
RESULT: {}
COMMAND: POST /session/989d4e3e3c66b6f7845d3771674e314d/element - {"using":"xpath","value":"//input[@id='application-manageyards-display-component---NewYard--addressEditDetailsCostObjectCstType-inner']"}
RESULT: {"using":"xpath","value":"//input[@id='application-manageyards-display-component---NewYard--addressEditDetailsCostObjectCstType-inner']"}
COMMAND: POST /session/989d4e3e3c66b6f7845d3771674e314d/execute/sync - {"script":"<script> [8489 bytes]","args":[{"element-6066-11e4-a52e-4f735466cecf":"f.5281968FC682DAF02FAC5F987076CB5D.d.867E2094A6290246A4D715B7DB60054F.e.1881","ELEMENT":"f.5281968FC682DAF02FAC5F987076CB5D.d.867E2094A6290246A4D715B7DB60054F.e.1881"}]}
RESULT: {"script":"<script> [8489 bytes]","args":[{"element-6066-11e4-a52e-4f735466cecf":"f.5281968FC682DAF02FAC5F987076CB5D.d.867E2094A6290246A4D715B7DB60054F.e.1881","ELEMENT":"f.5281968FC682DAF02FAC5F987076CB5D.d.867E2094A6290246A4D715B7DB60054F.e.1881"}]}
COMMAND: POST /session/989d4e3e3c66b6f7845d3771674e314d/element/f.5281968FC682DAF02FAC5F987076CB5D.d.867E2094A6290246A4D715B7DB60054F.e.1881/clear - {}
COMMAND: GET /session/989d4e3e3c66b6f7845d3771674e314d/screenshot - {}
RESULT: {}
COMMAND: POST /session/989d4e3e3c66b6f7845d3771674e314d/element/f.5281968FC682DAF02FAC5F987076CB5D.d.867E2094A6290246A4D715B7DB60054F.e.1881/value - {"text":"Cost"}
COMMAND: GET /session/989d4e3e3c66b6f7845d3771674e314d/screenshot - {}
RESULT: {}
RESULT: {"text":"Cost"}
COMMAND: GET /session/989d4e3e3c66b6f7845d3771674e314d/screenshot - {}
RESULT: {}
RESULT: {}
COMMAND: POST /session/989d4e3e3c66b6f7845d3771674e314d/execute/async - {"script":"<script> [1562 bytes]","args":[{"selector":{"id":"application-manageyards-display-component---NewYard--addressNewCostObjectCstID","interaction":{"idSuffix":"inner"}},"wdio_ui5_key":"applicationmanageyards-display-component---NewYard--addressNewCostObjectCstID"}]}
RESULT: {"script":"<script> [1562 bytes]","args":[{"selector":{"id":"application-manageyards-display-component---NewYard--addressNewCostObjectCstID","interaction":{"idSuffix":"inner"}},"wdio_ui5_key":"applicationmanageyards-display-component---NewYard--addressNewCostObjectCstID"}]}
RESULT: undefined
COMMAND: POST /session/989d4e3e3c66b6f7845d3771674e314d/execute/async - {"script":"<script> [776 bytes]","args":[{"enterText":"10001013","selector":{"id":"application-manageyards-display-component---NewYard--addressNewCostObjectCstID","interaction":{"idSuffix":"inner"}},"clearTextFirst":true,"interactionType":"ENTER_TEXT"}]}
RESULT: {"script":"<script> [776 bytes]","args":[{"enterText":"10001013","selector":{"id":"application-manageyards-display-component---NewYard--addressNewCostObjectCstID","interaction":{"idSuffix":"inner"}},"clearTextFirst":true,"interactionType":"ENTER_TEXT"}]}
COMMAND: POST /session/989d4e3e3c66b6f7845d3771674e314d/actions - {"actions":[{"id":"action4","type":"key","parameters":{},"actions":[{"type":"keyDown","value":"î€‡"},{"type":"pause","duration":10},{"type":"keyUp","value":"î€‡"}]}]}
RESULT: {"actions":[{"id":"action4","type":"key","parameters":{},"actions":[{"type":"keyDown","value":"î€‡"},{"type":"pause","duration":10},{"type":"keyUp","value":"î€‡"}]}]}
COMMAND: POST /session/989d4e3e3c66b6f7845d3771674e314d/execute/async - {"script":"<script> [1562 bytes]","args":[{"selector":{"id":"application-manageyards-display-component---NewYard--addressEditDetailsCurrency","interaction":{"idSuffix":"inner"}},"wdio_ui5_key":"applicationmanageyards-display-component---NewYard--addressEditDetailsCurrency"}]}
COMMAND: GET /session/989d4e3e3c66b6f7845d3771674e314d/screenshot - {}
RESULT: {"script":"<script> [1562 bytes]","args":[{"selector":{"id":"application-manageyards-display-component---NewYard--addressEditDetailsCurrency","interaction":{"idSuffix":"inner"}},"wdio_ui5_key":"applicationmanageyards-display-component---NewYard--addressEditDetailsCurrency"}]}
RESULT: undefined
COMMAND: POST /session/989d4e3e3c66b6f7845d3771674e314d/execute/async - {"script":"<script> [776 bytes]","args":[{"enterText":"Euro","selector":{"id":"application-manageyards-display-component---NewYard--addressEditDetailsCurrency","interaction":{"idSuffix":"inner"}},"clearTextFirst":true,"interactionType":"ENTER_TEXT"}]}
RESULT: {}
RESULT: {"script":"<script> [776 bytes]","args":[{"enterText":"Euro","selector":{"id":"application-manageyards-display-component---NewYard--addressEditDetailsCurrency","interaction":{"idSuffix":"inner"}},"clearTextFirst":true,"interactionType":"ENTER_TEXT"}]}
COMMAND: POST /session/989d4e3e3c66b6f7845d3771674e314d/execute/async - {"script":"<script> [1562 bytes]","args":[{"selector":{"controlType":"sap.m.Input","viewName":"etm.portal.ui.manageyards.view.New","viewId":"application-manageyards-display-component---NewYard","bindingPath":{"path":"","propertyPath":"/CONTROLLING_AREA","modelName":"NewYardModel"},"interaction":{"idSuffix":"inner"}},"wdio_ui5_key":"etmportal.ui.manageyards.view.Newsap.m.Input{\"path\":\"\",\"propertyPath\":\"/CONTROLLING_AREA\",\"modelName\":\"NewYardModel\"}"}]}
RESULT: {"script":"<script> [1562 bytes]","args":[{"selector":{"controlType":"sap.m.Input","viewName":"etm.portal.ui.manageyards.view.New","viewId":"application-manageyards-display-component---NewYard","bindingPath":{"path":"","propertyPath":"/CONTROLLING_AREA","modelName":"NewYardModel"},"interaction":{"idSuffix":"inner"}},"wdio_ui5_key":"etmportal.ui.manageyards.view.Newsap.m.Input{\"path\":\"\",\"propertyPath\":\"/CONTROLLING_AREA\",\"modelName\":\"NewYardModel\"}"}]}
RESULT: undefined
COMMAND: POST /session/989d4e3e3c66b6f7845d3771674e314d/execute/async - {"script":"<script> [776 bytes]","args":[{"enterText":"Z001","selector":{"controlType":"sap.m.Input","viewName":"etm.portal.ui.manageyards.view.New","viewId":"application-manageyards-display-component---NewYard","bindingPath":{"path":"","propertyPath":"/CONTROLLING_AREA","modelName":"NewYardModel"},"interaction":{"idSuffix":"inner"}},"clearTextFirst":true,"interactionType":"ENTER_TEXT"}]}
RESULT: {"script":"<script> [776 bytes]","args":[{"enterText":"Z001","selector":{"controlType":"sap.m.Input","viewName":"etm.portal.ui.manageyards.view.New","viewId":"application-manageyards-display-component---NewYard","bindingPath":{"path":"","propertyPath":"/CONTROLLING_AREA","modelName":"NewYardModel"},"interaction":{"idSuffix":"inner"}},"clearTextFirst":true,"interactionType":"ENTER_TEXT"}]}
COMMAND: POST /session/989d4e3e3c66b6f7845d3771674e314d/execute/async - {"script":"<script> [1562 bytes]","args":[{"selector":{"id":"application-manageyards-display-component---NewYard--companyCodeComboBox","interaction":{"idSuffix":"inner"}},"wdio_ui5_key":"applicationmanageyards-display-component---NewYard--companyCodeComboBox"}]}
RESULT: {"script":"<script> [1562 bytes]","args":[{"selector":{"id":"application-manageyards-display-component---NewYard--companyCodeComboBox","interaction":{"idSuffix":"inner"}},"wdio_ui5_key":"applicationmanageyards-display-component---NewYard--companyCodeComboBox"}]}
RESULT: undefined
COMMAND: POST /session/989d4e3e3c66b6f7845d3771674e314d/execute/async - {"script":"<script> [776 bytes]","args":[{"enterText":"1000","selector":{"id":"application-manageyards-display-component---NewYard--companyCodeComboBox","interaction":{"idSuffix":"inner"}},"clearTextFirst":true,"interactionType":"ENTER_TEXT"}]}
RESULT: {"script":"<script> [776 bytes]","args":[{"enterText":"1000","selector":{"id":"application-manageyards-display-component---NewYard--companyCodeComboBox","interaction":{"idSuffix":"inner"}},"clearTextFirst":true,"interactionType":"ENTER_TEXT"}]}
COMMAND: POST /session/989d4e3e3c66b6f7845d3771674e314d/actions - {"actions":[{"id":"action5","type":"key","parameters":{},"actions":[{"type":"keyDown","value":"î€‡"},{"type":"pause","duration":10},{"type":"keyUp","value":"î€‡"}]}]}
RESULT: {"actions":[{"id":"action5","type":"key","parameters":{},"actions":[{"type":"keyDown","value":"î€‡"},{"type":"pause","duration":10},{"type":"keyUp","value":"î€‡"}]}]}
COMMAND: POST /session/989d4e3e3c66b6f7845d3771674e314d/execute/async - {"script":"<script> [1562 bytes]","args":[{"selector":{"controlType":"sap.m.Input","viewName":"etm.portal.ui.manageyards.view.New","viewId":"application-manageyards-display-component---NewYard","bindingPath":{"path":"","propertyPath":"/PLANT","modelName":"NewYardModel"},"interaction":{"idSuffix":"inner"}},"wdio_ui5_key":"etmportal.ui.manageyards.view.Newsap.m.Input{\"path\":\"\",\"propertyPath\":\"/PLANT\",\"modelName\":\"NewYardModel\"}"}]}
COMMAND: GET /session/989d4e3e3c66b6f7845d3771674e314d/screenshot - {}
RESULT: {"script":"<script> [1562 bytes]","args":[{"selector":{"controlType":"sap.m.Input","viewName":"etm.portal.ui.manageyards.view.New","viewId":"application-manageyards-display-component---NewYard","bindingPath":{"path":"","propertyPath":"/PLANT","modelName":"NewYardModel"},"interaction":{"idSuffix":"inner"}},"wdio_ui5_key":"etmportal.ui.manageyards.view.Newsap.m.Input{\"path\":\"\",\"propertyPath\":\"/PLANT\",\"modelName\":\"NewYardModel\"}"}]}
RESULT: undefined
COMMAND: POST /session/989d4e3e3c66b6f7845d3771674e314d/execute/async - {"script":"<script> [776 bytes]","args":[{"enterText":"1001","selector":{"controlType":"sap.m.Input","viewName":"etm.portal.ui.manageyards.view.New","viewId":"application-manageyards-display-component---NewYard","bindingPath":{"path":"","propertyPath":"/PLANT","modelName":"NewYardModel"},"interaction":{"idSuffix":"inner"}},"clearTextFirst":true,"interactionType":"ENTER_TEXT"}]}
RESULT: {}
RESULT: {"script":"<script> [776 bytes]","args":[{"enterText":"1001","selector":{"controlType":"sap.m.Input","viewName":"etm.portal.ui.manageyards.view.New","viewId":"application-manageyards-display-component---NewYard","bindingPath":{"path":"","propertyPath":"/PLANT","modelName":"NewYardModel"},"interaction":{"idSuffix":"inner"}},"clearTextFirst":true,"interactionType":"ENTER_TEXT"}]}
COMMAND: POST /session/989d4e3e3c66b6f7845d3771674e314d/execute/async - {"script":"<script> [1562 bytes]","args":[{"selector":{"controlType":"sap.m.Input","viewName":"etm.portal.ui.manageyards.view.New","viewId":"application-manageyards-display-component---NewYard","bindingPath":{"path":"","propertyPath":"/SALES_AREA_VKORG","modelName":"NewYardModel"},"interaction":{"idSuffix":"inner"}},"wdio_ui5_key":"etmportal.ui.manageyards.view.Newsap.m.Input{\"path\":\"\",\"propertyPath\":\"/SALES_AREA_VKORG\",\"modelName\":\"NewYardModel\"}"}]}
RESULT: {"script":"<script> [1562 bytes]","args":[{"selector":{"controlType":"sap.m.Input","viewName":"etm.portal.ui.manageyards.view.New","viewId":"application-manageyards-display-component---NewYard","bindingPath":{"path":"","propertyPath":"/SALES_AREA_VKORG","modelName":"NewYardModel"},"interaction":{"idSuffix":"inner"}},"wdio_ui5_key":"etmportal.ui.manageyards.view.Newsap.m.Input{\"path\":\"\",\"propertyPath\":\"/SALES_AREA_VKORG\",\"modelName\":\"NewYardModel\"}"}]}
RESULT: undefined
COMMAND: POST /session/989d4e3e3c66b6f7845d3771674e314d/execute/async - {"script":"<script> [776 bytes]","args":[{"enterText":"C002","selector":{"controlType":"sap.m.Input","viewName":"etm.portal.ui.manageyards.view.New","viewId":"application-manageyards-display-component---NewYard","bindingPath":{"path":"","propertyPath":"/SALES_AREA_VKORG","modelName":"NewYardModel"},"interaction":{"idSuffix":"inner"}},"clearTextFirst":true,"interactionType":"ENTER_TEXT"}]}
RESULT: {"script":"<script> [776 bytes]","args":[{"enterText":"C002","selector":{"controlType":"sap.m.Input","viewName":"etm.portal.ui.manageyards.view.New","viewId":"application-manageyards-display-component---NewYard","bindingPath":{"path":"","propertyPath":"/SALES_AREA_VKORG","modelName":"NewYardModel"},"interaction":{"idSuffix":"inner"}},"clearTextFirst":true,"interactionType":"ENTER_TEXT"}]}
COMMAND: POST /session/989d4e3e3c66b6f7845d3771674e314d/execute/async - {"script":"<script> [1562 bytes]","args":[{"selector":{"controlType":"sap.m.Input","viewName":"etm.portal.ui.manageyards.view.New","viewId":"application-manageyards-display-component---NewYard","bindingPath":{"path":"","propertyPath":"/SALES_AREA_VTWEG","modelName":"NewYardModel"},"interaction":{"idSuffix":"inner"}},"wdio_ui5_key":"etmportal.ui.manageyards.view.Newsap.m.Input{\"path\":\"\",\"propertyPath\":\"/SALES_AREA_VTWEG\",\"modelName\":\"NewYardModel\"}"}]}
RESULT: {"script":"<script> [1562 bytes]","args":[{"selector":{"controlType":"sap.m.Input","viewName":"etm.portal.ui.manageyards.view.New","viewId":"application-manageyards-display-component---NewYard","bindingPath":{"path":"","propertyPath":"/SALES_AREA_VTWEG","modelName":"NewYardModel"},"interaction":{"idSuffix":"inner"}},"wdio_ui5_key":"etmportal.ui.manageyards.view.Newsap.m.Input{\"path\":\"\",\"propertyPath\":\"/SALES_AREA_VTWEG\",\"modelName\":\"NewYardModel\"}"}]}
RESULT: undefined
COMMAND: POST /session/989d4e3e3c66b6f7845d3771674e314d/execute/async - {"script":"<script> [776 bytes]","args":[{"enterText":"C2","selector":{"controlType":"sap.m.Input","viewName":"etm.portal.ui.manageyards.view.New","viewId":"application-manageyards-display-component---NewYard","bindingPath":{"path":"","propertyPath":"/SALES_AREA_VTWEG","modelName":"NewYardModel"},"interaction":{"idSuffix":"inner"}},"clearTextFirst":true,"interactionType":"ENTER_TEXT"}]}
RESULT: {"script":"<script> [776 bytes]","args":[{"enterText":"C2","selector":{"controlType":"sap.m.Input","viewName":"etm.portal.ui.manageyards.view.New","viewId":"application-manageyards-display-component---NewYard","bindingPath":{"path":"","propertyPath":"/SALES_AREA_VTWEG","modelName":"NewYardModel"},"interaction":{"idSuffix":"inner"}},"clearTextFirst":true,"interactionType":"ENTER_TEXT"}]}
COMMAND: POST /session/989d4e3e3c66b6f7845d3771674e314d/execute/async - {"script":"<script> [1562 bytes]","args":[{"selector":{"controlType":"sap.m.Input","viewName":"etm.portal.ui.manageyards.view.New","viewId":"application-manageyards-display-component---NewYard","bindingPath":{"path":"","propertyPath":"/SALES_AREA_SPART","modelName":"NewYardModel"},"interaction":{"idSuffix":"inner"}},"wdio_ui5_key":"etmportal.ui.manageyards.view.Newsap.m.Input{\"path\":\"\",\"propertyPath\":\"/SALES_AREA_SPART\",\"modelName\":\"NewYardModel\"}"}]}
RESULT: {"script":"<script> [1562 bytes]","args":[{"selector":{"controlType":"sap.m.Input","viewName":"etm.portal.ui.manageyards.view.New","viewId":"application-manageyards-display-component---NewYard","bindingPath":{"path":"","propertyPath":"/SALES_AREA_SPART","modelName":"NewYardModel"},"interaction":{"idSuffix":"inner"}},"wdio_ui5_key":"etmportal.ui.manageyards.view.Newsap.m.Input{\"path\":\"\",\"propertyPath\":\"/SALES_AREA_SPART\",\"modelName\":\"NewYardModel\"}"}]}
RESULT: undefined
COMMAND: POST /session/989d4e3e3c66b6f7845d3771674e314d/execute/async - {"script":"<script> [776 bytes]","args":[{"enterText":"C2","selector":{"controlType":"sap.m.Input","viewName":"etm.portal.ui.manageyards.view.New","viewId":"application-manageyards-display-component---NewYard","bindingPath":{"path":"","propertyPath":"/SALES_AREA_SPART","modelName":"NewYardModel"},"interaction":{"idSuffix":"inner"}},"clearTextFirst":true,"interactionType":"ENTER_TEXT"}]}
RESULT: {"script":"<script> [776 bytes]","args":[{"enterText":"C2","selector":{"controlType":"sap.m.Input","viewName":"etm.portal.ui.manageyards.view.New","viewId":"application-manageyards-display-component---NewYard","bindingPath":{"path":"","propertyPath":"/SALES_AREA_SPART","modelName":"NewYardModel"},"interaction":{"idSuffix":"inner"}},"clearTextFirst":true,"interactionType":"ENTER_TEXT"}]}
COMMAND: POST /session/989d4e3e3c66b6f7845d3771674e314d/execute/async - {"script":"<script> [1562 bytes]","args":[{"selector":{"id":"application-manageyards-display-component---NewYard--whmCheckBox","interaction":{"idSuffix":"CbBg"}},"wdio_ui5_key":"applicationmanageyards-display-component---NewYard--whmCheckBox"}]}
RESULT: {"script":"<script> [1562 bytes]","args":[{"selector":{"id":"application-manageyards-display-component---NewYard--whmCheckBox","interaction":{"idSuffix":"CbBg"}},"wdio_ui5_key":"applicationmanageyards-display-component---NewYard--whmCheckBox"}]}
RESULT: undefined
COMMAND: POST /session/989d4e3e3c66b6f7845d3771674e314d/element - {"using":"xpath","value":"//*[@id=\"application-manageyards-display-component---NewYard--whmCheckBox\"]"}
RESULT: {"using":"xpath","value":"//*[@id=\"application-manageyards-display-component---NewYard--whmCheckBox\"]"}
COMMAND: POST /session/989d4e3e3c66b6f7845d3771674e314d/element/f.5281968FC682DAF02FAC5F987076CB5D.d.867E2094A6290246A4D715B7DB60054F.e.2043/click - {}
RESULT: {}
COMMAND: POST /session/989d4e3e3c66b6f7845d3771674e314d/execute/async - {"script":"<script> [1562 bytes]","args":[{"selector":{"controlType":"sap.m.Button","viewName":"etm.portal.ui.manageyards.view.New","viewId":"application-manageyards-display-component---NewYard","i18NText":{"propertyName":"text","key":"save"},"interaction":{"idSuffix":"inner"}},"wdio_ui5_key":"etmportal.ui.manageyards.view.Newsap.m.Button{\"propertyName\":\"text\",\"key\":\"save\"}"}]}
COMMAND: GET /session/989d4e3e3c66b6f7845d3771674e314d/screenshot - {}
RESULT: {"script":"<script> [1562 bytes]","args":[{"selector":{"controlType":"sap.m.Button","viewName":"etm.portal.ui.manageyards.view.New","viewId":"application-manageyards-display-component---NewYard","i18NText":{"propertyName":"text","key":"save"},"interaction":{"idSuffix":"inner"}},"wdio_ui5_key":"etmportal.ui.manageyards.view.Newsap.m.Button{\"propertyName\":\"text\",\"key\":\"save\"}"}]}
RESULT: undefined
COMMAND: POST /session/989d4e3e3c66b6f7845d3771674e314d/element - {"using":"xpath","value":"//*[@id=\"__button43\"]"}
RESULT: {}
RESULT: {"using":"xpath","value":"//*[@id=\"__button43\"]"}
COMMAND: POST /session/989d4e3e3c66b6f7845d3771674e314d/element/f.5281968FC682DAF02FAC5F987076CB5D.d.867E2094A6290246A4D715B7DB60054F.e.2005/click - {}
RESULT: {}
COMMAND: GET /session/989d4e3e3c66b6f7845d3771674e314d/screenshot - {}
RESULT: {}
COMMAND: POST /session/989d4e3e3c66b6f7845d3771674e314d/element - {"using":"xpath","value":"//header/div/div/div/div/div/div[2]/div/span"}
RESULT: {"using":"xpath","value":"//header/div/div/div/div/div/div[2]/div/span"}
COMMAND: GET /session/989d4e3e3c66b6f7845d3771674e314d/element/f.5281968FC682DAF02FAC5F987076CB5D.d.867E2094A6290246A4D715B7DB60054F.e.2196/text - {}
RESULT: {}
COMMAND: POST /session/989d4e3e3c66b6f7845d3771674e314d/element - {"using":"xpath","value":"//header/div/div[2]/div[2]/span"}
RESULT: {"using":"xpath","value":"//header/div/div[2]/div[2]/span"}
COMMAND: GET /session/989d4e3e3c66b6f7845d3771674e314d/element/f.5281968FC682DAF02FAC5F987076CB5D.d.867E2094A6290246A4D715B7DB60054F.e.2197/text - {}
RESULT: {}
COMMAND: POST /session/989d4e3e3c66b6f7845d3771674e314d/element - {"using":"css selector","value":"#j_username"}
COMMAND: POST /session/989d4e3e3c66b6f7845d3771674e314d/url - {"url":"https://qa-testing-00-live-etm-ui.cfapps.eu10-004.hana.ondemand.com/"}
RESULT: {"url":"https://qa-testing-00-live-etm-ui.cfapps.eu10-004.hana.ondemand.com/"}
RESULT: undefined
COMMAND: GET /session/989d4e3e3c66b6f7845d3771674e314d/screenshot - {}
RESULT: {"using":"css selector","value":"#j_username"}
COMMAND: POST /session/989d4e3e3c66b6f7845d3771674e314d/element - {"using":"css selector","value":"#j_username"}
RESULT: {}
RESULT: {"using":"css selector","value":"#j_username"}
COMMAND: POST /session/989d4e3e3c66b6f7845d3771674e314d/element - {"using":"css selector","value":"#shell-header-logo"}
RESULT: {"using":"css selector","value":"#shell-header-logo"}
COMMAND: POST /session/989d4e3e3c66b6f7845d3771674e314d/execute/sync - {"script":"<script> [8489 bytes]","args":[{"element-6066-11e4-a52e-4f735466cecf":"f.5281968FC682DAF02FAC5F987076CB5D.d.09AD3420239BE4D0627F878191377459.e.2215","ELEMENT":"f.5281968FC682DAF02FAC5F987076CB5D.d.09AD3420239BE4D0627F878191377459.e.2215"}]}
RESULT: {"script":"<script> [8489 bytes]","args":[{"element-6066-11e4-a52e-4f735466cecf":"f.5281968FC682DAF02FAC5F987076CB5D.d.09AD3420239BE4D0627F878191377459.e.2215","ELEMENT":"f.5281968FC682DAF02FAC5F987076CB5D.d.09AD3420239BE4D0627F878191377459.e.2215"}]}
COMMAND: POST /session/989d4e3e3c66b6f7845d3771674e314d/element - {"using":"css selector","value":"#shell-header-logo"}
COMMAND: GET /session/989d4e3e3c66b6f7845d3771674e314d/screenshot - {}
RESULT: {"using":"css selector","value":"#shell-header-logo"}
COMMAND: POST /session/989d4e3e3c66b6f7845d3771674e314d/execute/sync - {"script":"<script> [8489 bytes]","args":[{"element-6066-11e4-a52e-4f735466cecf":"f.5281968FC682DAF02FAC5F987076CB5D.d.09AD3420239BE4D0627F878191377459.e.2215","ELEMENT":"f.5281968FC682DAF02FAC5F987076CB5D.d.09AD3420239BE4D0627F878191377459.e.2215"}]}
RESULT: {}
RESULT: {"script":"<script> [8489 bytes]","args":[{"element-6066-11e4-a52e-4f735466cecf":"f.5281968FC682DAF02FAC5F987076CB5D.d.09AD3420239BE4D0627F878191377459.e.2215","ELEMENT":"f.5281968FC682DAF02FAC5F987076CB5D.d.09AD3420239BE4D0627F878191377459.e.2215"}]}
COMMAND: POST /session/989d4e3e3c66b6f7845d3771674e314d/execute/sync - {"script":"<script> [5351 bytes]","args":[{"element-6066-11e4-a52e-4f735466cecf":"f.5281968FC682DAF02FAC5F987076CB5D.d.09AD3420239BE4D0627F878191377459.e.2215","ELEMENT":"f.5281968FC682DAF02FAC5F987076CB5D.d.09AD3420239BE4D0627F878191377459.e.2215"}]}
COMMAND: GET /session/989d4e3e3c66b6f7845d3771674e314d/screenshot - {}
RESULT: {"script":"<script> [5351 bytes]","args":[{"element-6066-11e4-a52e-4f735466cecf":"f.5281968FC682DAF02FAC5F987076CB5D.d.09AD3420239BE4D0627F878191377459.e.2215","ELEMENT":"f.5281968FC682DAF02FAC5F987076CB5D.d.09AD3420239BE4D0627F878191377459.e.2215"}]}
COMMAND: POST /session/989d4e3e3c66b6f7845d3771674e314d/element - {"using":"css selector","value":"#shell-header-logo"}
COMMAND: GET /session/989d4e3e3c66b6f7845d3771674e314d/screenshot - {}
RESULT: {}
RESULT: {"using":"css selector","value":"#shell-header-logo"}
COMMAND: POST /session/989d4e3e3c66b6f7845d3771674e314d/element/f.5281968FC682DAF02FAC5F987076CB5D.d.09AD3420239BE4D0627F878191377459.e.2215/click - {}
RESULT: {}
RESULT: {}
COMMAND: GET /session/989d4e3e3c66b6f7845d3771674e314d/screenshot - {}
RESULT: {}
COMMAND: POST /session/989d4e3e3c66b6f7845d3771674e314d/execute/async - {"script":"<script> [189 bytes]","args":[]}
RESULT: {"script":"<script> [189 bytes]","args":[]}
COMMAND: POST /session/989d4e3e3c66b6f7845d3771674e314d/execute/async - {"script":"<script> [123 bytes]","args":[]}
RESULT: {"script":"<script> [123 bytes]","args":[]}
COMMAND: POST /session/989d4e3e3c66b6f7845d3771674e314d/timeouts - {"script":"<number>"}
RESULT: {"script":"<number>"}
COMMAND: GET /session/989d4e3e3c66b6f7845d3771674e314d/timeouts - {}
RESULT: {}
RESULT: undefined
COMMAND: POST /session/989d4e3e3c66b6f7845d3771674e314d/execute/async - {"script":"<script> [2676 bytes]","args":[]}
RESULT: {"script":"<script> [2676 bytes]","args":[]}
COMMAND: POST /session/989d4e3e3c66b6f7845d3771674e314d/execute/async - {"script":"<script> [2342 bytes]","args":[{"protocol":"http","hostname":"0.0.0.0","path":"/","capabilities":{"browserName":"chrome","goog:chromeOptions":{"binary":"C:\\Program Files\\Google\\Chrome\\Application\\chrome.exe","args":["--start-maximized"]}},"logLevel":"warn","connectionRetryTimeout":120000,"connectionRetryCount":3,"logLevels":{},"enableDirectConnect":true,"strictSSL":true,"_":"65 more keys: [\"cacheDir\",\"port\",\"requestedCapabilities\",\"automationProtocol\",\"baseUrl\",\"waitforInterval\",\"waitforTimeout\",\"onReload\",\"beforeCommand\",\"afterCommand\",\"rootDir\",\"specs\",\"suites\",\"exclude\",\"groupLogsByTestSpec\",\"excludeDriverLogs\",\"bail\",\"framework\",\"reporters\",\"services\",\"maxInstances\",\"maxInstancesPerCapability\",\"injectGlobals\",\"filesToWatch\",\"execArgv\",\"runnerEnv\",\"runner\",\"shard\",\"specFileRetries\",\"specFileRetriesDelay\",\"specFileRetriesDeferred\",\"reporterSyncInterval\",\"reporterSyncTimeout\",\"cucumberFeaturesWithLineNumbers\",\"autoCompileOpts\",\"mochaOpts\",\"jasmineOpts\",\"cucumberOpts\",\"onPrepare\",\"onWorkerStart\",\"onWorkerEnd\",\"before\",\"beforeSession\",\"beforeSuite\",\"beforeHook\",\"beforeTest\",\"afterTest\",\"afterHook\",\"afterSuite\",\"afterSession\",\"after\",\"onComplete\",\"beforeAssertion\",\"afterAssertion\",\"beforeFeature\",\"beforeScenario\",\"beforeStep\",\"afterStep\",\"afterScenario\",\"afterFeature\",\"_\",\"suite\",\"$0\",\"ignoredWorkerServices\",\"wdi5\"]"}]}
RESULT: {"script":"<script> [2342 bytes]","args":[{"protocol":"http","hostname":"0.0.0.0","path":"/","capabilities":{"browserName":"chrome","goog:chromeOptions":{"binary":"C:\\Program Files\\Google\\Chrome\\Application\\chrome.exe","args":["--start-maximized"]}},"logLevel":"warn","connectionRetryTimeout":120000,"connectionRetryCount":3,"logLevels":{},"enableDirectConnect":true,"strictSSL":true,"_":"65 more keys: [\"cacheDir\",\"port\",\"requestedCapabilities\",\"automationProtocol\",\"baseUrl\",\"waitforInterval\",\"waitforTimeout\",\"onReload\",\"beforeCommand\",\"afterCommand\",\"rootDir\",\"specs\",\"suites\",\"exclude\",\"groupLogsByTestSpec\",\"excludeDriverLogs\",\"bail\",\"framework\",\"reporters\",\"services\",\"maxInstances\",\"maxInstancesPerCapability\",\"injectGlobals\",\"filesToWatch\",\"execArgv\",\"runnerEnv\",\"runner\",\"shard\",\"specFileRetries\",\"specFileRetriesDelay\",\"specFileRetriesDeferred\",\"reporterSyncInterval\",\"reporterSyncTimeout\",\"cucumberFeaturesWithLineNumbers\",\"autoCompileOpts\",\"mochaOpts\",\"jasmineOpts\",\"cucumberOpts\",\"onPrepare\",\"onWorkerStart\",\"onWorkerEnd\",\"before\",\"beforeSession\",\"beforeSuite\",\"beforeHook\",\"beforeTest\",\"afterTest\",\"afterHook\",\"afterSuite\",\"afterSession\",\"after\",\"onComplete\",\"beforeAssertion\",\"afterAssertion\",\"beforeFeature\",\"beforeScenario\",\"beforeStep\",\"afterStep\",\"afterScenario\",\"afterFeature\",\"_\",\"suite\",\"$0\",\"ignoredWorkerServices\",\"wdi5\"]"}]}
COMMAND: POST /session/989d4e3e3c66b6f7845d3771674e314d/execute/async - {"script":"<script> [21126 bytes]","args":[35000]}
RESULT: {"script":"<script> [21126 bytes]","args":[35000]}
COMMAND: POST /session/989d4e3e3c66b6f7845d3771674e314d/window/maximize - {}
RESULT: {}
COMMAND: POST /session/989d4e3e3c66b6f7845d3771674e314d/execute/async - {"script":"<script> [1562 bytes]","args":[{"selector":{"id":"shell-header","interaction":{"idSuffix":"icon"}},"wdio_ui5_key":"shellheader"}]}
COMMAND: GET /session/989d4e3e3c66b6f7845d3771674e314d/screenshot - {}
RESULT: {"script":"<script> [1562 bytes]","args":[{"selector":{"id":"shell-header","interaction":{"idSuffix":"icon"}},"wdio_ui5_key":"shellheader"}]}
RESULT: undefined
COMMAND: POST /session/989d4e3e3c66b6f7845d3771674e314d/refresh - {}
RESULT: {}
RESULT: {}
COMMAND: GET /session/989d4e3e3c66b6f7845d3771674e314d/screenshot - {}
RESULT: {}
COMMAND: POST /session/989d4e3e3c66b6f7845d3771674e314d/refresh - {}
RESULT: {}
COMMAND: GET /session/989d4e3e3c66b6f7845d3771674e314d/screenshot - {}
RESULT: {}
COMMAND: POST /session/989d4e3e3c66b6f7845d3771674e314d/window/fullscreen - {}
RESULT: {}
COMMAND: POST /session/989d4e3e3c66b6f7845d3771674e314d/execute/async - {"script":"<script> [189 bytes]","args":[]}
RESULT: {"script":"<script> [189 bytes]","args":[]}
COMMAND: POST /session/989d4e3e3c66b6f7845d3771674e314d/execute/async - {"script":"<script> [123 bytes]","args":[]}
RESULT: {"script":"<script> [123 bytes]","args":[]}
COMMAND: POST /session/989d4e3e3c66b6f7845d3771674e314d/timeouts - {"script":"<number>"}
RESULT: {"script":"<number>"}
COMMAND: GET /session/989d4e3e3c66b6f7845d3771674e314d/timeouts - {}
RESULT: {}
RESULT: undefined
COMMAND: POST /session/989d4e3e3c66b6f7845d3771674e314d/execute/async - {"script":"<script> [2676 bytes]","args":[]}
RESULT: {"script":"<script> [2676 bytes]","args":[]}
COMMAND: POST /session/989d4e3e3c66b6f7845d3771674e314d/execute/async - {"script":"<script> [2342 bytes]","args":[{"protocol":"http","hostname":"0.0.0.0","path":"/","capabilities":{"browserName":"chrome","goog:chromeOptions":{"binary":"C:\\Program Files\\Google\\Chrome\\Application\\chrome.exe","args":["--start-maximized"]}},"logLevel":"warn","connectionRetryTimeout":120000,"connectionRetryCount":3,"logLevels":{},"enableDirectConnect":true,"strictSSL":true,"_":"65 more keys: [\"cacheDir\",\"port\",\"requestedCapabilities\",\"automationProtocol\",\"baseUrl\",\"waitforInterval\",\"waitforTimeout\",\"onReload\",\"beforeCommand\",\"afterCommand\",\"rootDir\",\"specs\",\"suites\",\"exclude\",\"groupLogsByTestSpec\",\"excludeDriverLogs\",\"bail\",\"framework\",\"reporters\",\"services\",\"maxInstances\",\"maxInstancesPerCapability\",\"injectGlobals\",\"filesToWatch\",\"execArgv\",\"runnerEnv\",\"runner\",\"shard\",\"specFileRetries\",\"specFileRetriesDelay\",\"specFileRetriesDeferred\",\"reporterSyncInterval\",\"reporterSyncTimeout\",\"cucumberFeaturesWithLineNumbers\",\"autoCompileOpts\",\"mochaOpts\",\"jasmineOpts\",\"cucumberOpts\",\"onPrepare\",\"onWorkerStart\",\"onWorkerEnd\",\"before\",\"beforeSession\",\"beforeSuite\",\"beforeHook\",\"beforeTest\",\"afterTest\",\"afterHook\",\"afterSuite\",\"afterSession\",\"after\",\"onComplete\",\"beforeAssertion\",\"afterAssertion\",\"beforeFeature\",\"beforeScenario\",\"beforeStep\",\"afterStep\",\"afterScenario\",\"afterFeature\",\"_\",\"suite\",\"$0\",\"ignoredWorkerServices\",\"wdi5\"]"}]}
RESULT: {"script":"<script> [2342 bytes]","args":[{"protocol":"http","hostname":"0.0.0.0","path":"/","capabilities":{"browserName":"chrome","goog:chromeOptions":{"binary":"C:\\Program Files\\Google\\Chrome\\Application\\chrome.exe","args":["--start-maximized"]}},"logLevel":"warn","connectionRetryTimeout":120000,"connectionRetryCount":3,"logLevels":{},"enableDirectConnect":true,"strictSSL":true,"_":"65 more keys: [\"cacheDir\",\"port\",\"requestedCapabilities\",\"automationProtocol\",\"baseUrl\",\"waitforInterval\",\"waitforTimeout\",\"onReload\",\"beforeCommand\",\"afterCommand\",\"rootDir\",\"specs\",\"suites\",\"exclude\",\"groupLogsByTestSpec\",\"excludeDriverLogs\",\"bail\",\"framework\",\"reporters\",\"services\",\"maxInstances\",\"maxInstancesPerCapability\",\"injectGlobals\",\"filesToWatch\",\"execArgv\",\"runnerEnv\",\"runner\",\"shard\",\"specFileRetries\",\"specFileRetriesDelay\",\"specFileRetriesDeferred\",\"reporterSyncInterval\",\"reporterSyncTimeout\",\"cucumberFeaturesWithLineNumbers\",\"autoCompileOpts\",\"mochaOpts\",\"jasmineOpts\",\"cucumberOpts\",\"onPrepare\",\"onWorkerStart\",\"onWorkerEnd\",\"before\",\"beforeSession\",\"beforeSuite\",\"beforeHook\",\"beforeTest\",\"afterTest\",\"afterHook\",\"afterSuite\",\"afterSession\",\"after\",\"onComplete\",\"beforeAssertion\",\"afterAssertion\",\"beforeFeature\",\"beforeScenario\",\"beforeStep\",\"afterStep\",\"afterScenario\",\"afterFeature\",\"_\",\"suite\",\"$0\",\"ignoredWorkerServices\",\"wdi5\"]"}]}
COMMAND: POST /session/989d4e3e3c66b6f7845d3771674e314d/execute/async - {"script":"<script> [21126 bytes]","args":[35000]}
RESULT: {"script":"<script> [21126 bytes]","args":[35000]}
]]></system-out>
    </testcase>
  </testsuite>
  <testsuite timestamp="2025-04-30T07:08:05" time="244.643" tests="2" failures="0" errors="0" skipped="0">
    <properties>
      <property name="specId" value="0" />
      <property name="suiteName" value="Create partner US118246" />
      <property name="capabilities" value="chrome.135_0_7049_96.windows" />
      <property name="file" value="file:///D:/a/1/s/test/specs/BTS/create-partner.spec.js" />
    </properties>
    <testcase classname="chrome.135_0_7049_96.windows.Create_partner_US118246" name="Should create new external partner" time="88.832">
      <system-out><![CDATA[
COMMAND: POST /session/989d4e3e3c66b6f7845d3771674e314d/window/fullscreen - {}
RESULT: {}
COMMAND: POST /session/989d4e3e3c66b6f7845d3771674e314d/execute/async - {"script":"<script> [1562 bytes]","args":[{"selector":{"controlType":"sap.m.GenericTile","properties":{"header":"Manage Partners"}},"wdio_ui5_key":"sapm.GenericTile{\"header\":\"Manage Partners\"}"}]}
RESULT: {"script":"<script> [1562 bytes]","args":[{"selector":{"controlType":"sap.m.GenericTile","properties":{"header":"Manage Partners"}},"wdio_ui5_key":"sapm.GenericTile{\"header\":\"Manage Partners\"}"}]}
RESULT: undefined
COMMAND: POST /session/989d4e3e3c66b6f7845d3771674e314d/element - {"using":"xpath","value":"//*[@id=\"__tile38\"]"}
RESULT: {"using":"xpath","value":"//*[@id=\"__tile38\"]"}
COMMAND: POST /session/989d4e3e3c66b6f7845d3771674e314d/element/f.5281968FC682DAF02FAC5F987076CB5D.d.E1D86C257883E2F8FBE99796FD4359DC.e.2367/click - {}
RESULT: {}
COMMAND: POST /session/989d4e3e3c66b6f7845d3771674e314d/element - {"using":"xpath","value":"//button[@data-kt=\"addButton\"]"}
COMMAND: GET /session/989d4e3e3c66b6f7845d3771674e314d/screenshot - {}
RESULT: {"using":"xpath","value":"//button[@data-kt=\"addButton\"]"}
COMMAND: POST /session/989d4e3e3c66b6f7845d3771674e314d/elements - {"using":"xpath","value":"//button[@data-kt=\"addButton\"]"}
RESULT: {}
RESULT: {"using":"xpath","value":"//button[@data-kt=\"addButton\"]"}
COMMAND: POST /session/989d4e3e3c66b6f7845d3771674e314d/elements - {"using":"xpath","value":"//button[@data-kt=\"addButton\"]"}
RESULT: {"using":"xpath","value":"//button[@data-kt=\"addButton\"]"}
COMMAND: POST /session/989d4e3e3c66b6f7845d3771674e314d/elements - {"using":"xpath","value":"//button[@data-kt=\"addButton\"]"}
RESULT: {"using":"xpath","value":"//button[@data-kt=\"addButton\"]"}
COMMAND: POST /session/989d4e3e3c66b6f7845d3771674e314d/elements - {"using":"xpath","value":"//button[@data-kt=\"addButton\"]"}
RESULT: {"using":"xpath","value":"//button[@data-kt=\"addButton\"]"}
COMMAND: POST /session/989d4e3e3c66b6f7845d3771674e314d/elements - {"using":"xpath","value":"//button[@data-kt=\"addButton\"]"}
RESULT: {"using":"xpath","value":"//button[@data-kt=\"addButton\"]"}
COMMAND: POST /session/989d4e3e3c66b6f7845d3771674e314d/elements - {"using":"xpath","value":"//button[@data-kt=\"addButton\"]"}
RESULT: {"using":"xpath","value":"//button[@data-kt=\"addButton\"]"}
COMMAND: POST /session/989d4e3e3c66b6f7845d3771674e314d/elements - {"using":"xpath","value":"//button[@data-kt=\"addButton\"]"}
RESULT: {"using":"xpath","value":"//button[@data-kt=\"addButton\"]"}
COMMAND: POST /session/989d4e3e3c66b6f7845d3771674e314d/elements - {"using":"xpath","value":"//button[@data-kt=\"addButton\"]"}
RESULT: {"using":"xpath","value":"//button[@data-kt=\"addButton\"]"}
COMMAND: POST /session/989d4e3e3c66b6f7845d3771674e314d/elements - {"using":"xpath","value":"//button[@data-kt=\"addButton\"]"}
RESULT: {"using":"xpath","value":"//button[@data-kt=\"addButton\"]"}
COMMAND: POST /session/989d4e3e3c66b6f7845d3771674e314d/elements - {"using":"xpath","value":"//button[@data-kt=\"addButton\"]"}
RESULT: {"using":"xpath","value":"//button[@data-kt=\"addButton\"]"}
COMMAND: POST /session/989d4e3e3c66b6f7845d3771674e314d/elements - {"using":"xpath","value":"//button[@data-kt=\"addButton\"]"}
RESULT: {"using":"xpath","value":"//button[@data-kt=\"addButton\"]"}
COMMAND: POST /session/989d4e3e3c66b6f7845d3771674e314d/elements - {"using":"xpath","value":"//button[@data-kt=\"addButton\"]"}
RESULT: {"using":"xpath","value":"//button[@data-kt=\"addButton\"]"}
COMMAND: POST /session/989d4e3e3c66b6f7845d3771674e314d/elements - {"using":"xpath","value":"//button[@data-kt=\"addButton\"]"}
RESULT: {"using":"xpath","value":"//button[@data-kt=\"addButton\"]"}
COMMAND: POST /session/989d4e3e3c66b6f7845d3771674e314d/elements - {"using":"xpath","value":"//button[@data-kt=\"addButton\"]"}
RESULT: {"using":"xpath","value":"//button[@data-kt=\"addButton\"]"}
COMMAND: POST /session/989d4e3e3c66b6f7845d3771674e314d/elements - {"using":"xpath","value":"//button[@data-kt=\"addButton\"]"}
RESULT: {"using":"xpath","value":"//button[@data-kt=\"addButton\"]"}
COMMAND: POST /session/989d4e3e3c66b6f7845d3771674e314d/elements - {"using":"xpath","value":"//button[@data-kt=\"addButton\"]"}
RESULT: {"using":"xpath","value":"//button[@data-kt=\"addButton\"]"}
COMMAND: POST /session/989d4e3e3c66b6f7845d3771674e314d/elements - {"using":"xpath","value":"//button[@data-kt=\"addButton\"]"}
RESULT: {"using":"xpath","value":"//button[@data-kt=\"addButton\"]"}
COMMAND: POST /session/989d4e3e3c66b6f7845d3771674e314d/elements - {"using":"xpath","value":"//button[@data-kt=\"addButton\"]"}
RESULT: {"using":"xpath","value":"//button[@data-kt=\"addButton\"]"}
COMMAND: POST /session/989d4e3e3c66b6f7845d3771674e314d/elements - {"using":"xpath","value":"//button[@data-kt=\"addButton\"]"}
RESULT: {"using":"xpath","value":"//button[@data-kt=\"addButton\"]"}
COMMAND: POST /session/989d4e3e3c66b6f7845d3771674e314d/elements - {"using":"xpath","value":"//button[@data-kt=\"addButton\"]"}
RESULT: {"using":"xpath","value":"//button[@data-kt=\"addButton\"]"}
COMMAND: POST /session/989d4e3e3c66b6f7845d3771674e314d/elements - {"using":"xpath","value":"//button[@data-kt=\"addButton\"]"}
RESULT: {"using":"xpath","value":"//button[@data-kt=\"addButton\"]"}
COMMAND: POST /session/989d4e3e3c66b6f7845d3771674e314d/elements - {"using":"xpath","value":"//button[@data-kt=\"addButton\"]"}
RESULT: {"using":"xpath","value":"//button[@data-kt=\"addButton\"]"}
COMMAND: POST /session/989d4e3e3c66b6f7845d3771674e314d/element - {"using":"xpath","value":"//button[@data-kt=\"addButton\"]"}
RESULT: {"using":"xpath","value":"//button[@data-kt=\"addButton\"]"}
COMMAND: POST /session/989d4e3e3c66b6f7845d3771674e314d/execute/sync - {"script":"<script> [8489 bytes]","args":[{"element-6066-11e4-a52e-4f735466cecf":"f.5281968FC682DAF02FAC5F987076CB5D.d.E1D86C257883E2F8FBE99796FD4359DC.e.2527","ELEMENT":"f.5281968FC682DAF02FAC5F987076CB5D.d.E1D86C257883E2F8FBE99796FD4359DC.e.2527"}]}
RESULT: {"script":"<script> [8489 bytes]","args":[{"element-6066-11e4-a52e-4f735466cecf":"f.5281968FC682DAF02FAC5F987076CB5D.d.E1D86C257883E2F8FBE99796FD4359DC.e.2527","ELEMENT":"f.5281968FC682DAF02FAC5F987076CB5D.d.E1D86C257883E2F8FBE99796FD4359DC.e.2527"}]}
COMMAND: GET /session/989d4e3e3c66b6f7845d3771674e314d/element/f.5281968FC682DAF02FAC5F987076CB5D.d.E1D86C257883E2F8FBE99796FD4359DC.e.2527/enabled - {}
COMMAND: GET /session/989d4e3e3c66b6f7845d3771674e314d/screenshot - {}
RESULT: {}
COMMAND: POST /session/989d4e3e3c66b6f7845d3771674e314d/execute/sync - {"script":"<script> [8489 bytes]","args":[{"element-6066-11e4-a52e-4f735466cecf":"f.5281968FC682DAF02FAC5F987076CB5D.d.E1D86C257883E2F8FBE99796FD4359DC.e.2527","ELEMENT":"f.5281968FC682DAF02FAC5F987076CB5D.d.E1D86C257883E2F8FBE99796FD4359DC.e.2527"}]}
COMMAND: GET /session/989d4e3e3c66b6f7845d3771674e314d/screenshot - {}
RESULT: {}
RESULT: {"script":"<script> [8489 bytes]","args":[{"element-6066-11e4-a52e-4f735466cecf":"f.5281968FC682DAF02FAC5F987076CB5D.d.E1D86C257883E2F8FBE99796FD4359DC.e.2527","ELEMENT":"f.5281968FC682DAF02FAC5F987076CB5D.d.E1D86C257883E2F8FBE99796FD4359DC.e.2527"}]}
COMMAND: POST /session/989d4e3e3c66b6f7845d3771674e314d/execute/sync - {"script":"<script> [5351 bytes]","args":[{"element-6066-11e4-a52e-4f735466cecf":"f.5281968FC682DAF02FAC5F987076CB5D.d.E1D86C257883E2F8FBE99796FD4359DC.e.2527","ELEMENT":"f.5281968FC682DAF02FAC5F987076CB5D.d.E1D86C257883E2F8FBE99796FD4359DC.e.2527"}]}
COMMAND: GET /session/989d4e3e3c66b6f7845d3771674e314d/screenshot - {}
RESULT: {}
RESULT: {"script":"<script> [5351 bytes]","args":[{"element-6066-11e4-a52e-4f735466cecf":"f.5281968FC682DAF02FAC5F987076CB5D.d.E1D86C257883E2F8FBE99796FD4359DC.e.2527","ELEMENT":"f.5281968FC682DAF02FAC5F987076CB5D.d.E1D86C257883E2F8FBE99796FD4359DC.e.2527"}]}
COMMAND: POST /session/989d4e3e3c66b6f7845d3771674e314d/element/f.5281968FC682DAF02FAC5F987076CB5D.d.E1D86C257883E2F8FBE99796FD4359DC.e.2527/click - {}
COMMAND: GET /session/989d4e3e3c66b6f7845d3771674e314d/screenshot - {}
RESULT: {}
RESULT: {}
COMMAND: GET /session/989d4e3e3c66b6f7845d3771674e314d/screenshot - {}
COMMAND: POST /session/989d4e3e3c66b6f7845d3771674e314d/execute/async - {"script":"<script> [1562 bytes]","args":[{"selector":{"id":"application-managepartners-display-component---NewPartner--addressDetailDetailsName1","interaction":{"idSuffix":"inner"}},"wdio_ui5_key":"applicationmanagepartners-display-component---NewPartner--addressDetailDetailsName1"}]}
RESULT: {}
RESULT: {}
RESULT: {"script":"<script> [1562 bytes]","args":[{"selector":{"id":"application-managepartners-display-component---NewPartner--addressDetailDetailsName1","interaction":{"idSuffix":"inner"}},"wdio_ui5_key":"applicationmanagepartners-display-component---NewPartner--addressDetailDetailsName1"}]}
RESULT: undefined
COMMAND: POST /session/989d4e3e3c66b6f7845d3771674e314d/execute/async - {"script":"<script> [776 bytes]","args":[{"enterText":"External Partner WDIO","selector":{"id":"application-managepartners-display-component---NewPartner--addressDetailDetailsName1","interaction":{"idSuffix":"inner"}},"clearTextFirst":true,"interactionType":"ENTER_TEXT"}]}
RESULT: {"script":"<script> [776 bytes]","args":[{"enterText":"External Partner WDIO","selector":{"id":"application-managepartners-display-component---NewPartner--addressDetailDetailsName1","interaction":{"idSuffix":"inner"}},"clearTextFirst":true,"interactionType":"ENTER_TEXT"}]}
COMMAND: POST /session/989d4e3e3c66b6f7845d3771674e314d/execute/async - {"script":"<script> [1562 bytes]","args":[{"selector":{"id":"application-managepartners-display-component---NewPartner--addressDetailDetailsLanguage-arrow"},"wdio_ui5_key":"applicationmanagepartners-display-component---NewPartner--addressDetailDetailsLanguage-arrow"}]}
RESULT: {"script":"<script> [1562 bytes]","args":[{"selector":{"id":"application-managepartners-display-component---NewPartner--addressDetailDetailsLanguage-arrow"},"wdio_ui5_key":"applicationmanagepartners-display-component---NewPartner--addressDetailDetailsLanguage-arrow"}]}
RESULT: undefined
COMMAND: POST /session/989d4e3e3c66b6f7845d3771674e314d/element - {"using":"xpath","value":"//*[@id=\"application-managepartners-display-component---NewPartner--addressDetailDetailsLanguage-arrow\"]"}
RESULT: {"using":"xpath","value":"//*[@id=\"application-managepartners-display-component---NewPartner--addressDetailDetailsLanguage-arrow\"]"}
COMMAND: POST /session/989d4e3e3c66b6f7845d3771674e314d/element/f.5281968FC682DAF02FAC5F987076CB5D.d.E1D86C257883E2F8FBE99796FD4359DC.e.2962/click - {}
RESULT: {}
COMMAND: POST /session/989d4e3e3c66b6f7845d3771674e314d/element - {"using":"xpath","value":"//span[contains(text(), \"English\")]"}
COMMAND: GET /session/989d4e3e3c66b6f7845d3771674e314d/screenshot - {}
RESULT: {"using":"xpath","value":"//span[contains(text(), \"English\")]"}
COMMAND: POST /session/989d4e3e3c66b6f7845d3771674e314d/element/f.5281968FC682DAF02FAC5F987076CB5D.d.E1D86C257883E2F8FBE99796FD4359DC.e.2963/click - {}
RESULT: {}
RESULT: {}
COMMAND: GET /session/989d4e3e3c66b6f7845d3771674e314d/screenshot - {}
RESULT: {}
COMMAND: POST /session/989d4e3e3c66b6f7845d3771674e314d/execute/async - {"script":"<script> [1562 bytes]","args":[{"selector":{"id":"application-managepartners-display-component---NewPartner--addressDetailDetailsCity1","interaction":{"idSuffix":"inner"}},"wdio_ui5_key":"applicationmanagepartners-display-component---NewPartner--addressDetailDetailsCity1"}]}
RESULT: {"script":"<script> [1562 bytes]","args":[{"selector":{"id":"application-managepartners-display-component---NewPartner--addressDetailDetailsCity1","interaction":{"idSuffix":"inner"}},"wdio_ui5_key":"applicationmanagepartners-display-component---NewPartner--addressDetailDetailsCity1"}]}
RESULT: undefined
COMMAND: POST /session/989d4e3e3c66b6f7845d3771674e314d/execute/async - {"script":"<script> [776 bytes]","args":[{"enterText":"Rosario","selector":{"id":"application-managepartners-display-component---NewPartner--addressDetailDetailsCity1","interaction":{"idSuffix":"inner"}},"clearTextFirst":true,"interactionType":"ENTER_TEXT"}]}
RESULT: {"script":"<script> [776 bytes]","args":[{"enterText":"Rosario","selector":{"id":"application-managepartners-display-component---NewPartner--addressDetailDetailsCity1","interaction":{"idSuffix":"inner"}},"clearTextFirst":true,"interactionType":"ENTER_TEXT"}]}
COMMAND: POST /session/989d4e3e3c66b6f7845d3771674e314d/execute/async - {"script":"<script> [1562 bytes]","args":[{"selector":{"id":"application-managepartners-display-component---NewPartner--addressDetailDetailsCountry-arrow"},"wdio_ui5_key":"applicationmanagepartners-display-component---NewPartner--addressDetailDetailsCountry-arrow"}]}
RESULT: {"script":"<script> [1562 bytes]","args":[{"selector":{"id":"application-managepartners-display-component---NewPartner--addressDetailDetailsCountry-arrow"},"wdio_ui5_key":"applicationmanagepartners-display-component---NewPartner--addressDetailDetailsCountry-arrow"}]}
RESULT: undefined
COMMAND: POST /session/989d4e3e3c66b6f7845d3771674e314d/element - {"using":"xpath","value":"//*[@id=\"application-managepartners-display-component---NewPartner--addressDetailDetailsCountry-arrow\"]"}
RESULT: {"using":"xpath","value":"//*[@id=\"application-managepartners-display-component---NewPartner--addressDetailDetailsCountry-arrow\"]"}
COMMAND: POST /session/989d4e3e3c66b6f7845d3771674e314d/element/f.5281968FC682DAF02FAC5F987076CB5D.d.E1D86C257883E2F8FBE99796FD4359DC.e.2918/click - {}
RESULT: {}
COMMAND: POST /session/989d4e3e3c66b6f7845d3771674e314d/element - {"using":"xpath","value":"//span[contains(text(), \"Argentina\")]"}
COMMAND: GET /session/989d4e3e3c66b6f7845d3771674e314d/screenshot - {}
RESULT: {"using":"xpath","value":"//span[contains(text(), \"Argentina\")]"}
COMMAND: POST /session/989d4e3e3c66b6f7845d3771674e314d/element/f.5281968FC682DAF02FAC5F987076CB5D.d.E1D86C257883E2F8FBE99796FD4359DC.e.2965/click - {}
RESULT: {}
RESULT: {}
COMMAND: GET /session/989d4e3e3c66b6f7845d3771674e314d/screenshot - {}
RESULT: {}
COMMAND: POST /session/989d4e3e3c66b6f7845d3771674e314d/element - {"using":"xpath","value":"//bdi[contains(text(), \"Commercial\")]"}
RESULT: {"using":"xpath","value":"//bdi[contains(text(), \"Commercial\")]"}
COMMAND: POST /session/989d4e3e3c66b6f7845d3771674e314d/element/f.5281968FC682DAF02FAC5F987076CB5D.d.E1D86C257883E2F8FBE99796FD4359DC.e.2966/click - {}
RESULT: {}
COMMAND: GET /session/989d4e3e3c66b6f7845d3771674e314d/screenshot - {}
RESULT: {}
COMMAND: POST /session/989d4e3e3c66b6f7845d3771674e314d/execute/async - {"script":"<script> [1562 bytes]","args":[{"selector":{"id":"application-managepartners-display-component---NewPartner--partnerDetailInternal-arrow"},"wdio_ui5_key":"applicationmanagepartners-display-component---NewPartner--partnerDetailInternal-arrow"}]}
RESULT: {"script":"<script> [1562 bytes]","args":[{"selector":{"id":"application-managepartners-display-component---NewPartner--partnerDetailInternal-arrow"},"wdio_ui5_key":"applicationmanagepartners-display-component---NewPartner--partnerDetailInternal-arrow"}]}
RESULT: undefined
COMMAND: POST /session/989d4e3e3c66b6f7845d3771674e314d/element - {"using":"xpath","value":"//*[@id=\"application-managepartners-display-component---NewPartner--partnerDetailInternal-arrow\"]"}
RESULT: {"using":"xpath","value":"//*[@id=\"application-managepartners-display-component---NewPartner--partnerDetailInternal-arrow\"]"}
COMMAND: POST /session/989d4e3e3c66b6f7845d3771674e314d/element/f.5281968FC682DAF02FAC5F987076CB5D.d.E1D86C257883E2F8FBE99796FD4359DC.e.2973/click - {}
RESULT: {}
COMMAND: POST /session/989d4e3e3c66b6f7845d3771674e314d/element - {"using":"xpath","value":"//span[contains(text(), \"External partner\")]"}
COMMAND: GET /session/989d4e3e3c66b6f7845d3771674e314d/screenshot - {}
RESULT: {"using":"xpath","value":"//span[contains(text(), \"External partner\")]"}
COMMAND: POST /session/989d4e3e3c66b6f7845d3771674e314d/element/f.5281968FC682DAF02FAC5F987076CB5D.d.E1D86C257883E2F8FBE99796FD4359DC.e.2974/click - {}
RESULT: {}
RESULT: {}
COMMAND: POST /session/989d4e3e3c66b6f7845d3771674e314d/execute/async - {"script":"<script> [1562 bytes]","args":[{"selector":{"id":"application-managepartners-display-component---NewPartner--partnerDetailsCurrency-arrow"},"wdio_ui5_key":"applicationmanagepartners-display-component---NewPartner--partnerDetailsCurrency-arrow"}]}
COMMAND: GET /session/989d4e3e3c66b6f7845d3771674e314d/screenshot - {}
RESULT: {"script":"<script> [1562 bytes]","args":[{"selector":{"id":"application-managepartners-display-component---NewPartner--partnerDetailsCurrency-arrow"},"wdio_ui5_key":"applicationmanagepartners-display-component---NewPartner--partnerDetailsCurrency-arrow"}]}
RESULT: undefined
COMMAND: POST /session/989d4e3e3c66b6f7845d3771674e314d/element - {"using":"xpath","value":"//*[@id=\"application-managepartners-display-component---NewPartner--partnerDetailsCurrency-arrow\"]"}
RESULT: {}
RESULT: {"using":"xpath","value":"//*[@id=\"application-managepartners-display-component---NewPartner--partnerDetailsCurrency-arrow\"]"}
COMMAND: POST /session/989d4e3e3c66b6f7845d3771674e314d/element/f.5281968FC682DAF02FAC5F987076CB5D.d.E1D86C257883E2F8FBE99796FD4359DC.e.2979/click - {}
RESULT: {}
COMMAND: POST /session/989d4e3e3c66b6f7845d3771674e314d/element - {"using":"xpath","value":"//span[contains(text(), \"US Dollar\")]"}
COMMAND: GET /session/989d4e3e3c66b6f7845d3771674e314d/screenshot - {}
RESULT: {"using":"xpath","value":"//span[contains(text(), \"US Dollar\")]"}
COMMAND: POST /session/989d4e3e3c66b6f7845d3771674e314d/element/f.5281968FC682DAF02FAC5F987076CB5D.d.E1D86C257883E2F8FBE99796FD4359DC.e.2980/click - {}
RESULT: {}
RESULT: {}
COMMAND: GET /session/989d4e3e3c66b6f7845d3771674e314d/screenshot - {}
RESULT: {}
COMMAND: POST /session/989d4e3e3c66b6f7845d3771674e314d/element - {"using":"xpath","value":"//input[@id=\"application-managepartners-display-component---NewPartner--companyCodeComboBox-inner\"]"}
RESULT: {"using":"xpath","value":"//input[@id=\"application-managepartners-display-component---NewPartner--companyCodeComboBox-inner\"]"}
COMMAND: POST /session/989d4e3e3c66b6f7845d3771674e314d/element/f.5281968FC682DAF02FAC5F987076CB5D.d.E1D86C257883E2F8FBE99796FD4359DC.e.2875/clear - {}
RESULT: {}
COMMAND: POST /session/989d4e3e3c66b6f7845d3771674e314d/element/f.5281968FC682DAF02FAC5F987076CB5D.d.E1D86C257883E2F8FBE99796FD4359DC.e.2875/value - {"text":"C002"}
COMMAND: GET /session/989d4e3e3c66b6f7845d3771674e314d/screenshot - {}
RESULT: {"text":"C002"}
COMMAND: GET /session/989d4e3e3c66b6f7845d3771674e314d/screenshot - {}
RESULT: {}
RESULT: {}
COMMAND: POST /session/989d4e3e3c66b6f7845d3771674e314d/element - {"using":"xpath","value":"//span[contains(text(), \"C002\")]"}
RESULT: {"using":"xpath","value":"//span[contains(text(), \"C002\")]"}
COMMAND: POST /session/989d4e3e3c66b6f7845d3771674e314d/element/f.5281968FC682DAF02FAC5F987076CB5D.d.E1D86C257883E2F8FBE99796FD4359DC.e.2984/click - {}
RESULT: {}
COMMAND: GET /session/989d4e3e3c66b6f7845d3771674e314d/screenshot - {}
RESULT: {}
COMMAND: POST /session/989d4e3e3c66b6f7845d3771674e314d/execute/async - {"script":"<script> [1562 bytes]","args":[{"selector":{"id":"application-managepartners-display-component---NewPartner--btnAddTableRow-img"},"wdio_ui5_key":"applicationmanagepartners-display-component---NewPartner--btnAddTableRow-img"}]}
RESULT: {"script":"<script> [1562 bytes]","args":[{"selector":{"id":"application-managepartners-display-component---NewPartner--btnAddTableRow-img"},"wdio_ui5_key":"applicationmanagepartners-display-component---NewPartner--btnAddTableRow-img"}]}
RESULT: undefined
COMMAND: POST /session/989d4e3e3c66b6f7845d3771674e314d/element - {"using":"xpath","value":"//*[@id=\"application-managepartners-display-component---NewPartner--btnAddTableRow-img\"]"}
RESULT: {"using":"xpath","value":"//*[@id=\"application-managepartners-display-component---NewPartner--btnAddTableRow-img\"]"}
COMMAND: POST /session/989d4e3e3c66b6f7845d3771674e314d/element/f.5281968FC682DAF02FAC5F987076CB5D.d.E1D86C257883E2F8FBE99796FD4359DC.e.2985/click - {}
RESULT: {}
COMMAND: GET /session/989d4e3e3c66b6f7845d3771674e314d/screenshot - {}
RESULT: {}
COMMAND: POST /session/989d4e3e3c66b6f7845d3771674e314d/element - {"using":"xpath","value":"//input[@id=\"application-managepartners-display-component---NewPartner--assignmentYard-application-managepartners-display-component---NewPartner--assignmentsTable-0-inner\"]"}
RESULT: {"using":"xpath","value":"//input[@id=\"application-managepartners-display-component---NewPartner--assignmentYard-application-managepartners-display-component---NewPartner--assignmentsTable-0-inner\"]"}
COMMAND: POST /session/989d4e3e3c66b6f7845d3771674e314d/element/f.5281968FC682DAF02FAC5F987076CB5D.d.E1D86C257883E2F8FBE99796FD4359DC.e.2988/clear - {}
RESULT: {}
COMMAND: POST /session/989d4e3e3c66b6f7845d3771674e314d/element/f.5281968FC682DAF02FAC5F987076CB5D.d.E1D86C257883E2F8FBE99796FD4359DC.e.2988/value - {"text":"437"}
COMMAND: GET /session/989d4e3e3c66b6f7845d3771674e314d/screenshot - {}
RESULT: {"text":"437"}
COMMAND: GET /session/989d4e3e3c66b6f7845d3771674e314d/screenshot - {}
RESULT: {}
RESULT: {}
COMMAND: POST /session/989d4e3e3c66b6f7845d3771674e314d/element - {"using":"xpath","value":"//li[.//span[text()='437']]"}
RESULT: {"using":"xpath","value":"//li[.//span[text()='437']]"}
COMMAND: POST /session/989d4e3e3c66b6f7845d3771674e314d/element/f.5281968FC682DAF02FAC5F987076CB5D.d.E1D86C257883E2F8FBE99796FD4359DC.e.2996/click - {}
RESULT: {}
COMMAND: GET /session/989d4e3e3c66b6f7845d3771674e314d/screenshot - {}
RESULT: {}
COMMAND: POST /session/989d4e3e3c66b6f7845d3771674e314d/actions - {"actions":[{"id":"action6","type":"key","parameters":{},"actions":[{"type":"keyDown","value":"î€‡"},{"type":"pause","duration":10},{"type":"keyUp","value":"î€‡"}]}]}
RESULT: {"actions":[{"id":"action6","type":"key","parameters":{},"actions":[{"type":"keyDown","value":"î€‡"},{"type":"pause","duration":10},{"type":"keyUp","value":"î€‡"}]}]}
COMMAND: POST /session/989d4e3e3c66b6f7845d3771674e314d/element - {"using":"xpath","value":"//td[contains(@id, \"assignmentsTable-0-cell2\")]/div/div"}
COMMAND: GET /session/989d4e3e3c66b6f7845d3771674e314d/screenshot - {}
RESULT: {"using":"xpath","value":"//td[contains(@id, \"assignmentsTable-0-cell2\")]/div/div"}
COMMAND: POST /session/989d4e3e3c66b6f7845d3771674e314d/element/f.5281968FC682DAF02FAC5F987076CB5D.d.E1D86C257883E2F8FBE99796FD4359DC.e.2999/click - {}
RESULT: {}
RESULT: {}
COMMAND: GET /session/989d4e3e3c66b6f7845d3771674e314d/screenshot - {}
RESULT: {}
COMMAND: POST /session/989d4e3e3c66b6f7845d3771674e314d/element - {"using":"xpath","value":"//button[@data-kt=\"saveButton\"]"}
RESULT: {"using":"xpath","value":"//button[@data-kt=\"saveButton\"]"}
COMMAND: POST /session/989d4e3e3c66b6f7845d3771674e314d/element/f.5281968FC682DAF02FAC5F987076CB5D.d.E1D86C257883E2F8FBE99796FD4359DC.e.2939/click - {}
RESULT: {}
COMMAND: GET /session/989d4e3e3c66b6f7845d3771674e314d/screenshot - {}
RESULT: {}
COMMAND: POST /session/989d4e3e3c66b6f7845d3771674e314d/element - {"using":"xpath","value":"//header[contains(@id, 'ObjectPageLayout-headerTitle')]/div[1]/div[2]/div[2]/span[1]"}
RESULT: {"using":"xpath","value":"//header[contains(@id, 'ObjectPageLayout-headerTitle')]/div[1]/div[2]/div[2]/span[1]"}
COMMAND: POST /session/989d4e3e3c66b6f7845d3771674e314d/elements - {"using":"xpath","value":"//header[contains(@id, 'ObjectPageLayout-headerTitle')]/div[1]/div[2]/div[2]/span[1]"}
RESULT: {"using":"xpath","value":"//header[contains(@id, 'ObjectPageLayout-headerTitle')]/div[1]/div[2]/div[2]/span[1]"}
COMMAND: POST /session/989d4e3e3c66b6f7845d3771674e314d/execute/sync - {"script":"<script> [56 bytes]","args":[{"element-6066-11e4-a52e-4f735466cecf":"f.5281968FC682DAF02FAC5F987076CB5D.d.E1D86C257883E2F8FBE99796FD4359DC.e.3162","ELEMENT":"f.5281968FC682DAF02FAC5F987076CB5D.d.E1D86C257883E2F8FBE99796FD4359DC.e.3162"}]}
RESULT: {"script":"<script> [56 bytes]","args":[{"element-6066-11e4-a52e-4f735466cecf":"f.5281968FC682DAF02FAC5F987076CB5D.d.E1D86C257883E2F8FBE99796FD4359DC.e.3162","ELEMENT":"f.5281968FC682DAF02FAC5F987076CB5D.d.E1D86C257883E2F8FBE99796FD4359DC.e.3162"}]}
COMMAND: POST /session/989d4e3e3c66b6f7845d3771674e314d/element - {"using":"css selector","value":"#shell-header-logo"}
COMMAND: GET /session/989d4e3e3c66b6f7845d3771674e314d/screenshot - {}
RESULT: {"using":"css selector","value":"#shell-header-logo"}
COMMAND: POST /session/989d4e3e3c66b6f7845d3771674e314d/element/f.5281968FC682DAF02FAC5F987076CB5D.d.E1D86C257883E2F8FBE99796FD4359DC.e.2481/click - {}
RESULT: {}
RESULT: {}
COMMAND: GET /session/989d4e3e3c66b6f7845d3771674e314d/screenshot - {}
RESULT: {}
COMMAND: POST /session/989d4e3e3c66b6f7845d3771674e314d/execute/sync - {"script":"<script> [299 bytes]","args":[["getModel","getResource"]]}
RESULT: {"script":"<script> [299 bytes]","args":[["getModel","getResource"]]}
COMMAND: GET /session/989d4e3e3c66b6f7845d3771674e314d/screenshot - {}
]]></system-out>
    </testcase>
    <testcase classname="chrome.135_0_7049_96.windows.Create_partner_US118246" name="Should create new external WHM partner" time="99.189">
      <system-out><![CDATA[
COMMAND: POST /session/989d4e3e3c66b6f7845d3771674e314d/window/fullscreen - {}
RESULT: {}
RESULT: {}
RESULT: undefined
COMMAND: POST /session/989d4e3e3c66b6f7845d3771674e314d/element - {"using":"xpath","value":"//*[@id=\"__tile38\"]"}
RESULT: {"using":"xpath","value":"//*[@id=\"__tile38\"]"}
COMMAND: POST /session/989d4e3e3c66b6f7845d3771674e314d/element/f.5281968FC682DAF02FAC5F987076CB5D.d.E1D86C257883E2F8FBE99796FD4359DC.e.2367/click - {}
RESULT: {}
COMMAND: POST /session/989d4e3e3c66b6f7845d3771674e314d/element - {"using":"xpath","value":"//button[@data-kt=\"addButton\"]"}
COMMAND: GET /session/989d4e3e3c66b6f7845d3771674e314d/screenshot - {}
RESULT: {"using":"xpath","value":"//button[@data-kt=\"addButton\"]"}
COMMAND: POST /session/989d4e3e3c66b6f7845d3771674e314d/elements - {"using":"xpath","value":"//button[@data-kt=\"addButton\"]"}
RESULT: {}
RESULT: {"using":"xpath","value":"//button[@data-kt=\"addButton\"]"}
COMMAND: POST /session/989d4e3e3c66b6f7845d3771674e314d/element - {"using":"xpath","value":"//button[@data-kt=\"addButton\"]"}
RESULT: {"using":"xpath","value":"//button[@data-kt=\"addButton\"]"}
COMMAND: POST /session/989d4e3e3c66b6f7845d3771674e314d/execute/sync - {"script":"<script> [8489 bytes]","args":[{"element-6066-11e4-a52e-4f735466cecf":"f.5281968FC682DAF02FAC5F987076CB5D.d.E1D86C257883E2F8FBE99796FD4359DC.e.3210","ELEMENT":"f.5281968FC682DAF02FAC5F987076CB5D.d.E1D86C257883E2F8FBE99796FD4359DC.e.3210"}]}
RESULT: {"script":"<script> [8489 bytes]","args":[{"element-6066-11e4-a52e-4f735466cecf":"f.5281968FC682DAF02FAC5F987076CB5D.d.E1D86C257883E2F8FBE99796FD4359DC.e.3210","ELEMENT":"f.5281968FC682DAF02FAC5F987076CB5D.d.E1D86C257883E2F8FBE99796FD4359DC.e.3210"}]}
COMMAND: GET /session/989d4e3e3c66b6f7845d3771674e314d/element/f.5281968FC682DAF02FAC5F987076CB5D.d.E1D86C257883E2F8FBE99796FD4359DC.e.3210/enabled - {}
COMMAND: GET /session/989d4e3e3c66b6f7845d3771674e314d/screenshot - {}
RESULT: {}
COMMAND: POST /session/989d4e3e3c66b6f7845d3771674e314d/execute/sync - {"script":"<script> [8489 bytes]","args":[{"element-6066-11e4-a52e-4f735466cecf":"f.5281968FC682DAF02FAC5F987076CB5D.d.E1D86C257883E2F8FBE99796FD4359DC.e.3210","ELEMENT":"f.5281968FC682DAF02FAC5F987076CB5D.d.E1D86C257883E2F8FBE99796FD4359DC.e.3210"}]}
RESULT: {"script":"<script> [8489 bytes]","args":[{"element-6066-11e4-a52e-4f735466cecf":"f.5281968FC682DAF02FAC5F987076CB5D.d.E1D86C257883E2F8FBE99796FD4359DC.e.3210","ELEMENT":"f.5281968FC682DAF02FAC5F987076CB5D.d.E1D86C257883E2F8FBE99796FD4359DC.e.3210"}]}
COMMAND: POST /session/989d4e3e3c66b6f7845d3771674e314d/execute/sync - {"script":"<script> [5351 bytes]","args":[{"element-6066-11e4-a52e-4f735466cecf":"f.5281968FC682DAF02FAC5F987076CB5D.d.E1D86C257883E2F8FBE99796FD4359DC.e.3210","ELEMENT":"f.5281968FC682DAF02FAC5F987076CB5D.d.E1D86C257883E2F8FBE99796FD4359DC.e.3210"}]}
RESULT: {"script":"<script> [5351 bytes]","args":[{"element-6066-11e4-a52e-4f735466cecf":"f.5281968FC682DAF02FAC5F987076CB5D.d.E1D86C257883E2F8FBE99796FD4359DC.e.3210","ELEMENT":"f.5281968FC682DAF02FAC5F987076CB5D.d.E1D86C257883E2F8FBE99796FD4359DC.e.3210"}]}
COMMAND: POST /session/989d4e3e3c66b6f7845d3771674e314d/element/f.5281968FC682DAF02FAC5F987076CB5D.d.E1D86C257883E2F8FBE99796FD4359DC.e.3210/click - {}
RESULT: {}
COMMAND: GET /session/989d4e3e3c66b6f7845d3771674e314d/screenshot - {}
COMMAND: GET /session/989d4e3e3c66b6f7845d3771674e314d/screenshot - {}
COMMAND: GET /session/989d4e3e3c66b6f7845d3771674e314d/screenshot - {}
RESULT: {}
COMMAND: GET /session/989d4e3e3c66b6f7845d3771674e314d/screenshot - {}
RESULT: undefined
COMMAND: POST /session/989d4e3e3c66b6f7845d3771674e314d/execute/async - {"script":"<script> [776 bytes]","args":[{"enterText":"WHM Partner WDIO","selector":{"id":"application-managepartners-display-component---NewPartner--addressDetailDetailsName1","interaction":{"idSuffix":"inner"}},"clearTextFirst":true,"interactionType":"ENTER_TEXT"}]}
RESULT: {}
RESULT: {}
RESULT: {}
RESULT: {}
RESULT: {"script":"<script> [776 bytes]","args":[{"enterText":"WHM Partner WDIO","selector":{"id":"application-managepartners-display-component---NewPartner--addressDetailDetailsName1","interaction":{"idSuffix":"inner"}},"clearTextFirst":true,"interactionType":"ENTER_TEXT"}]}
RESULT: undefined
COMMAND: POST /session/989d4e3e3c66b6f7845d3771674e314d/element - {"using":"xpath","value":"//*[@id=\"application-managepartners-display-component---NewPartner--addressDetailDetailsLanguage-arrow\"]"}
RESULT: {"using":"xpath","value":"//*[@id=\"application-managepartners-display-component---NewPartner--addressDetailDetailsLanguage-arrow\"]"}
COMMAND: POST /session/989d4e3e3c66b6f7845d3771674e314d/element/f.5281968FC682DAF02FAC5F987076CB5D.d.E1D86C257883E2F8FBE99796FD4359DC.e.3645/click - {}
RESULT: {}
COMMAND: POST /session/989d4e3e3c66b6f7845d3771674e314d/element - {"using":"xpath","value":"//span[contains(text(), \"English\")]"}
COMMAND: GET /session/989d4e3e3c66b6f7845d3771674e314d/screenshot - {}
RESULT: {"using":"xpath","value":"//span[contains(text(), \"English\")]"}
COMMAND: POST /session/989d4e3e3c66b6f7845d3771674e314d/element/f.5281968FC682DAF02FAC5F987076CB5D.d.E1D86C257883E2F8FBE99796FD4359DC.e.3646/click - {}
RESULT: {}
RESULT: {}
COMMAND: GET /session/989d4e3e3c66b6f7845d3771674e314d/screenshot - {}
RESULT: {}
RESULT: undefined
COMMAND: POST /session/989d4e3e3c66b6f7845d3771674e314d/execute/async - {"script":"<script> [776 bytes]","args":[{"enterText":"Rosario","selector":{"id":"application-managepartners-display-component---NewPartner--addressDetailDetailsCity1","interaction":{"idSuffix":"inner"}},"clearTextFirst":true,"interactionType":"ENTER_TEXT"}]}
RESULT: {"script":"<script> [776 bytes]","args":[{"enterText":"Rosario","selector":{"id":"application-managepartners-display-component---NewPartner--addressDetailDetailsCity1","interaction":{"idSuffix":"inner"}},"clearTextFirst":true,"interactionType":"ENTER_TEXT"}]}
RESULT: undefined
COMMAND: POST /session/989d4e3e3c66b6f7845d3771674e314d/element - {"using":"xpath","value":"//*[@id=\"application-managepartners-display-component---NewPartner--addressDetailDetailsCountry-arrow\"]"}
RESULT: {"using":"xpath","value":"//*[@id=\"application-managepartners-display-component---NewPartner--addressDetailDetailsCountry-arrow\"]"}
COMMAND: POST /session/989d4e3e3c66b6f7845d3771674e314d/element/f.5281968FC682DAF02FAC5F987076CB5D.d.E1D86C257883E2F8FBE99796FD4359DC.e.3622/click - {}
RESULT: {}
COMMAND: POST /session/989d4e3e3c66b6f7845d3771674e314d/element - {"using":"xpath","value":"//span[contains(text(), \"Argentina\")]"}
COMMAND: GET /session/989d4e3e3c66b6f7845d3771674e314d/screenshot - {}
RESULT: {"using":"xpath","value":"//span[contains(text(), \"Argentina\")]"}
COMMAND: POST /session/989d4e3e3c66b6f7845d3771674e314d/element/f.5281968FC682DAF02FAC5F987076CB5D.d.E1D86C257883E2F8FBE99796FD4359DC.e.3647/click - {}
RESULT: {}
RESULT: {}
COMMAND: GET /session/989d4e3e3c66b6f7845d3771674e314d/screenshot - {}
RESULT: {}
COMMAND: POST /session/989d4e3e3c66b6f7845d3771674e314d/element - {"using":"xpath","value":"//bdi[contains(text(), \"Commercial\")]"}
RESULT: {"using":"xpath","value":"//bdi[contains(text(), \"Commercial\")]"}
COMMAND: POST /session/989d4e3e3c66b6f7845d3771674e314d/element/f.5281968FC682DAF02FAC5F987076CB5D.d.E1D86C257883E2F8FBE99796FD4359DC.e.3648/click - {}
RESULT: {}
COMMAND: GET /session/989d4e3e3c66b6f7845d3771674e314d/screenshot - {}
RESULT: {}
RESULT: undefined
COMMAND: POST /session/989d4e3e3c66b6f7845d3771674e314d/element - {"using":"xpath","value":"//*[@id=\"application-managepartners-display-component---NewPartner--partnerDetailInternal-arrow\"]"}
RESULT: {"using":"xpath","value":"//*[@id=\"application-managepartners-display-component---NewPartner--partnerDetailInternal-arrow\"]"}
COMMAND: POST /session/989d4e3e3c66b6f7845d3771674e314d/element/f.5281968FC682DAF02FAC5F987076CB5D.d.E1D86C257883E2F8FBE99796FD4359DC.e.3654/click - {}
RESULT: {}
COMMAND: POST /session/989d4e3e3c66b6f7845d3771674e314d/element - {"using":"xpath","value":"//span[contains(text(), \"External partner\")]"}
COMMAND: GET /session/989d4e3e3c66b6f7845d3771674e314d/screenshot - {}
RESULT: {"using":"xpath","value":"//span[contains(text(), \"External partner\")]"}
COMMAND: POST /session/989d4e3e3c66b6f7845d3771674e314d/element/f.5281968FC682DAF02FAC5F987076CB5D.d.E1D86C257883E2F8FBE99796FD4359DC.e.3655/click - {}
RESULT: {}
RESULT: {}
RESULT: undefined
COMMAND: POST /session/989d4e3e3c66b6f7845d3771674e314d/element - {"using":"xpath","value":"//*[@id=\"application-managepartners-display-component---NewPartner--partnerDetailsCurrency-arrow\"]"}
COMMAND: GET /session/989d4e3e3c66b6f7845d3771674e314d/screenshot - {}
RESULT: {"using":"xpath","value":"//*[@id=\"application-managepartners-display-component---NewPartner--partnerDetailsCurrency-arrow\"]"}
COMMAND: POST /session/989d4e3e3c66b6f7845d3771674e314d/element/f.5281968FC682DAF02FAC5F987076CB5D.d.E1D86C257883E2F8FBE99796FD4359DC.e.3660/click - {}
RESULT: {}
RESULT: {}
COMMAND: POST /session/989d4e3e3c66b6f7845d3771674e314d/element - {"using":"xpath","value":"//span[contains(text(), \"US Dollar\")]"}
COMMAND: GET /session/989d4e3e3c66b6f7845d3771674e314d/screenshot - {}
RESULT: {"using":"xpath","value":"//span[contains(text(), \"US Dollar\")]"}
COMMAND: POST /session/989d4e3e3c66b6f7845d3771674e314d/element/f.5281968FC682DAF02FAC5F987076CB5D.d.E1D86C257883E2F8FBE99796FD4359DC.e.3661/click - {}
RESULT: {}
RESULT: {}
COMMAND: GET /session/989d4e3e3c66b6f7845d3771674e314d/screenshot - {}
RESULT: {}
COMMAND: POST /session/989d4e3e3c66b6f7845d3771674e314d/element - {"using":"xpath","value":"//input[@id=\"application-managepartners-display-component---NewPartner--companyCodeComboBox-inner\"]"}
RESULT: {"using":"xpath","value":"//input[@id=\"application-managepartners-display-component---NewPartner--companyCodeComboBox-inner\"]"}
COMMAND: POST /session/989d4e3e3c66b6f7845d3771674e314d/element/f.5281968FC682DAF02FAC5F987076CB5D.d.E1D86C257883E2F8FBE99796FD4359DC.e.3598/clear - {}
RESULT: {}
COMMAND: POST /session/989d4e3e3c66b6f7845d3771674e314d/element/f.5281968FC682DAF02FAC5F987076CB5D.d.E1D86C257883E2F8FBE99796FD4359DC.e.3598/value - {"text":"C002"}
COMMAND: GET /session/989d4e3e3c66b6f7845d3771674e314d/screenshot - {}
RESULT: {"text":"C002"}
COMMAND: GET /session/989d4e3e3c66b6f7845d3771674e314d/screenshot - {}
RESULT: {}
RESULT: {}
COMMAND: POST /session/989d4e3e3c66b6f7845d3771674e314d/element - {"using":"xpath","value":"//span[contains(text(), \"C002\")]"}
RESULT: {"using":"xpath","value":"//span[contains(text(), \"C002\")]"}
COMMAND: POST /session/989d4e3e3c66b6f7845d3771674e314d/element/f.5281968FC682DAF02FAC5F987076CB5D.d.E1D86C257883E2F8FBE99796FD4359DC.e.3665/click - {}
RESULT: {}
COMMAND: GET /session/989d4e3e3c66b6f7845d3771674e314d/screenshot - {}
RESULT: {}
RESULT: undefined
COMMAND: POST /session/989d4e3e3c66b6f7845d3771674e314d/element - {"using":"xpath","value":"//*[@id=\"application-managepartners-display-component---NewPartner--btnAddTableRow-img\"]"}
RESULT: {"using":"xpath","value":"//*[@id=\"application-managepartners-display-component---NewPartner--btnAddTableRow-img\"]"}
COMMAND: POST /session/989d4e3e3c66b6f7845d3771674e314d/element/f.5281968FC682DAF02FAC5F987076CB5D.d.E1D86C257883E2F8FBE99796FD4359DC.e.3666/click - {}
RESULT: {}
COMMAND: GET /session/989d4e3e3c66b6f7845d3771674e314d/screenshot - {}
RESULT: {}
COMMAND: POST /session/989d4e3e3c66b6f7845d3771674e314d/element - {"using":"xpath","value":"//input[@id=\"application-managepartners-display-component---NewPartner--assignmentYard-application-managepartners-display-component---NewPartner--assignmentsTable-0-inner\"]"}
RESULT: {"using":"xpath","value":"//input[@id=\"application-managepartners-display-component---NewPartner--assignmentYard-application-managepartners-display-component---NewPartner--assignmentsTable-0-inner\"]"}
COMMAND: POST /session/989d4e3e3c66b6f7845d3771674e314d/element/f.5281968FC682DAF02FAC5F987076CB5D.d.E1D86C257883E2F8FBE99796FD4359DC.e.3669/clear - {}
RESULT: {}
COMMAND: POST /session/989d4e3e3c66b6f7845d3771674e314d/element/f.5281968FC682DAF02FAC5F987076CB5D.d.E1D86C257883E2F8FBE99796FD4359DC.e.3669/value - {"text":"439"}
COMMAND: GET /session/989d4e3e3c66b6f7845d3771674e314d/screenshot - {}
RESULT: {"text":"439"}
COMMAND: GET /session/989d4e3e3c66b6f7845d3771674e314d/screenshot - {}
RESULT: {}
RESULT: {}
COMMAND: POST /session/989d4e3e3c66b6f7845d3771674e314d/element - {"using":"xpath","value":"//li[.//span[text()='439']]"}
RESULT: {"using":"xpath","value":"//li[.//span[text()='439']]"}
COMMAND: POST /session/989d4e3e3c66b6f7845d3771674e314d/element/f.5281968FC682DAF02FAC5F987076CB5D.d.E1D86C257883E2F8FBE99796FD4359DC.e.3677/click - {}
RESULT: {}
COMMAND: GET /session/989d4e3e3c66b6f7845d3771674e314d/screenshot - {}
RESULT: {}
COMMAND: POST /session/989d4e3e3c66b6f7845d3771674e314d/actions - {"actions":[{"id":"action7","type":"key","parameters":{},"actions":[{"type":"keyDown","value":"î€‡"},{"type":"pause","duration":10},{"type":"keyUp","value":"î€‡"}]}]}
RESULT: {"actions":[{"id":"action7","type":"key","parameters":{},"actions":[{"type":"keyDown","value":"î€‡"},{"type":"pause","duration":10},{"type":"keyUp","value":"î€‡"}]}]}
COMMAND: POST /session/989d4e3e3c66b6f7845d3771674e314d/element - {"using":"xpath","value":"//td[contains(@id, \"assignmentsTable-0-cell2\")]/div/div"}
COMMAND: GET /session/989d4e3e3c66b6f7845d3771674e314d/screenshot - {}
RESULT: {"using":"xpath","value":"//td[contains(@id, \"assignmentsTable-0-cell2\")]/div/div"}
COMMAND: POST /session/989d4e3e3c66b6f7845d3771674e314d/element/f.5281968FC682DAF02FAC5F987076CB5D.d.E1D86C257883E2F8FBE99796FD4359DC.e.3680/click - {}
RESULT: {}
RESULT: {}
COMMAND: GET /session/989d4e3e3c66b6f7845d3771674e314d/screenshot - {}
RESULT: {}
COMMAND: POST /session/989d4e3e3c66b6f7845d3771674e314d/element - {"using":"xpath","value":"//button[@data-kt=\"saveButton\"]"}
RESULT: {"using":"xpath","value":"//button[@data-kt=\"saveButton\"]"}
COMMAND: POST /session/989d4e3e3c66b6f7845d3771674e314d/element/f.5281968FC682DAF02FAC5F987076CB5D.d.E1D86C257883E2F8FBE99796FD4359DC.e.3624/click - {}
RESULT: {}
COMMAND: GET /session/989d4e3e3c66b6f7845d3771674e314d/screenshot - {}
RESULT: {}
COMMAND: POST /session/989d4e3e3c66b6f7845d3771674e314d/element - {"using":"xpath","value":"//header[contains(@id, 'ObjectPageLayout-headerTitle')]/div[1]/div[2]/div[2]/span[1]"}
RESULT: {"using":"xpath","value":"//header[contains(@id, 'ObjectPageLayout-headerTitle')]/div[1]/div[2]/div[2]/span[1]"}
COMMAND: POST /session/989d4e3e3c66b6f7845d3771674e314d/elements - {"using":"xpath","value":"//header[contains(@id, 'ObjectPageLayout-headerTitle')]/div[1]/div[2]/div[2]/span[1]"}
RESULT: {"using":"xpath","value":"//header[contains(@id, 'ObjectPageLayout-headerTitle')]/div[1]/div[2]/div[2]/span[1]"}
COMMAND: POST /session/989d4e3e3c66b6f7845d3771674e314d/execute/sync - {"script":"<script> [56 bytes]","args":[{"element-6066-11e4-a52e-4f735466cecf":"f.5281968FC682DAF02FAC5F987076CB5D.d.E1D86C257883E2F8FBE99796FD4359DC.e.3842","ELEMENT":"f.5281968FC682DAF02FAC5F987076CB5D.d.E1D86C257883E2F8FBE99796FD4359DC.e.3842"}]}
RESULT: {"script":"<script> [56 bytes]","args":[{"element-6066-11e4-a52e-4f735466cecf":"f.5281968FC682DAF02FAC5F987076CB5D.d.E1D86C257883E2F8FBE99796FD4359DC.e.3842","ELEMENT":"f.5281968FC682DAF02FAC5F987076CB5D.d.E1D86C257883E2F8FBE99796FD4359DC.e.3842"}]}
COMMAND: POST /session/989d4e3e3c66b6f7845d3771674e314d/element - {"using":"css selector","value":"#shell-header-logo"}
COMMAND: GET /session/989d4e3e3c66b6f7845d3771674e314d/screenshot - {}
RESULT: {"using":"css selector","value":"#shell-header-logo"}
COMMAND: POST /session/989d4e3e3c66b6f7845d3771674e314d/element/f.5281968FC682DAF02FAC5F987076CB5D.d.E1D86C257883E2F8FBE99796FD4359DC.e.3165/click - {}
RESULT: {}
RESULT: {}
COMMAND: GET /session/989d4e3e3c66b6f7845d3771674e314d/screenshot - {}
RESULT: {}
COMMAND: POST /session/989d4e3e3c66b6f7845d3771674e314d/execute/sync - {"script":"<script> [299 bytes]","args":[["getModel","getResource"]]}
RESULT: {"script":"<script> [299 bytes]","args":[["getModel","getResource"]]}
COMMAND: POST /session/989d4e3e3c66b6f7845d3771674e314d/refresh - {}
COMMAND: GET /session/989d4e3e3c66b6f7845d3771674e314d/screenshot - {}
RESULT: {}
COMMAND: GET /session/989d4e3e3c66b6f7845d3771674e314d/screenshot - {}
RESULT: {}
RESULT: {}
COMMAND: POST /session/989d4e3e3c66b6f7845d3771674e314d/refresh - {}
RESULT: {}
COMMAND: GET /session/989d4e3e3c66b6f7845d3771674e314d/screenshot - {}
RESULT: {}
COMMAND: POST /session/989d4e3e3c66b6f7845d3771674e314d/window/fullscreen - {}
RESULT: {}
COMMAND: POST /session/989d4e3e3c66b6f7845d3771674e314d/execute/async - {"script":"<script> [189 bytes]","args":[]}
RESULT: {"script":"<script> [189 bytes]","args":[]}
COMMAND: POST /session/989d4e3e3c66b6f7845d3771674e314d/execute/async - {"script":"<script> [123 bytes]","args":[]}
RESULT: {"script":"<script> [123 bytes]","args":[]}
COMMAND: POST /session/989d4e3e3c66b6f7845d3771674e314d/timeouts - {"script":"<number>"}
RESULT: {"script":"<number>"}
COMMAND: GET /session/989d4e3e3c66b6f7845d3771674e314d/timeouts - {}
RESULT: {}
RESULT: undefined
COMMAND: POST /session/989d4e3e3c66b6f7845d3771674e314d/execute/async - {"script":"<script> [2676 bytes]","args":[]}
RESULT: {"script":"<script> [2676 bytes]","args":[]}
COMMAND: POST /session/989d4e3e3c66b6f7845d3771674e314d/execute/async - {"script":"<script> [2342 bytes]","args":[{"protocol":"http","hostname":"0.0.0.0","path":"/","capabilities":{"browserName":"chrome","goog:chromeOptions":{"binary":"C:\\Program Files\\Google\\Chrome\\Application\\chrome.exe","args":["--start-maximized"]}},"logLevel":"warn","connectionRetryTimeout":120000,"connectionRetryCount":3,"logLevels":{},"enableDirectConnect":true,"strictSSL":true,"_":"65 more keys: [\"cacheDir\",\"port\",\"requestedCapabilities\",\"automationProtocol\",\"baseUrl\",\"waitforInterval\",\"waitforTimeout\",\"onReload\",\"beforeCommand\",\"afterCommand\",\"rootDir\",\"specs\",\"suites\",\"exclude\",\"groupLogsByTestSpec\",\"excludeDriverLogs\",\"bail\",\"framework\",\"reporters\",\"services\",\"maxInstances\",\"maxInstancesPerCapability\",\"injectGlobals\",\"filesToWatch\",\"execArgv\",\"runnerEnv\",\"runner\",\"shard\",\"specFileRetries\",\"specFileRetriesDelay\",\"specFileRetriesDeferred\",\"reporterSyncInterval\",\"reporterSyncTimeout\",\"cucumberFeaturesWithLineNumbers\",\"autoCompileOpts\",\"mochaOpts\",\"jasmineOpts\",\"cucumberOpts\",\"onPrepare\",\"onWorkerStart\",\"onWorkerEnd\",\"before\",\"beforeSession\",\"beforeSuite\",\"beforeHook\",\"beforeTest\",\"afterTest\",\"afterHook\",\"afterSuite\",\"afterSession\",\"after\",\"onComplete\",\"beforeAssertion\",\"afterAssertion\",\"beforeFeature\",\"beforeScenario\",\"beforeStep\",\"afterStep\",\"afterScenario\",\"afterFeature\",\"_\",\"suite\",\"$0\",\"ignoredWorkerServices\",\"wdi5\"]"}]}
RESULT: {"script":"<script> [2342 bytes]","args":[{"protocol":"http","hostname":"0.0.0.0","path":"/","capabilities":{"browserName":"chrome","goog:chromeOptions":{"binary":"C:\\Program Files\\Google\\Chrome\\Application\\chrome.exe","args":["--start-maximized"]}},"logLevel":"warn","connectionRetryTimeout":120000,"connectionRetryCount":3,"logLevels":{},"enableDirectConnect":true,"strictSSL":true,"_":"65 more keys: [\"cacheDir\",\"port\",\"requestedCapabilities\",\"automationProtocol\",\"baseUrl\",\"waitforInterval\",\"waitforTimeout\",\"onReload\",\"beforeCommand\",\"afterCommand\",\"rootDir\",\"specs\",\"suites\",\"exclude\",\"groupLogsByTestSpec\",\"excludeDriverLogs\",\"bail\",\"framework\",\"reporters\",\"services\",\"maxInstances\",\"maxInstancesPerCapability\",\"injectGlobals\",\"filesToWatch\",\"execArgv\",\"runnerEnv\",\"runner\",\"shard\",\"specFileRetries\",\"specFileRetriesDelay\",\"specFileRetriesDeferred\",\"reporterSyncInterval\",\"reporterSyncTimeout\",\"cucumberFeaturesWithLineNumbers\",\"autoCompileOpts\",\"mochaOpts\",\"jasmineOpts\",\"cucumberOpts\",\"onPrepare\",\"onWorkerStart\",\"onWorkerEnd\",\"before\",\"beforeSession\",\"beforeSuite\",\"beforeHook\",\"beforeTest\",\"afterTest\",\"afterHook\",\"afterSuite\",\"afterSession\",\"after\",\"onComplete\",\"beforeAssertion\",\"afterAssertion\",\"beforeFeature\",\"beforeScenario\",\"beforeStep\",\"afterStep\",\"afterScenario\",\"afterFeature\",\"_\",\"suite\",\"$0\",\"ignoredWorkerServices\",\"wdi5\"]"}]}
COMMAND: POST /session/989d4e3e3c66b6f7845d3771674e314d/execute/async - {"script":"<script> [21126 bytes]","args":[35000]}
RESULT: {"script":"<script> [21126 bytes]","args":[35000]}
COMMAND: POST /session/989d4e3e3c66b6f7845d3771674e314d/element - {"using":"css selector","value":"#shell-header-logo"}
RESULT: {"using":"css selector","value":"#shell-header-logo"}
COMMAND: POST /session/989d4e3e3c66b6f7845d3771674e314d/element/f.5281968FC682DAF02FAC5F987076CB5D.d.F59036D1F27B442415F97542364E4B00.e.3988/click - {}
RESULT: {}
COMMAND: GET /session/989d4e3e3c66b6f7845d3771674e314d/screenshot - {}
RESULT: {}
COMMAND: POST /session/989d4e3e3c66b6f7845d3771674e314d/execute/async - {"script":"<script> [1562 bytes]","args":[{"selector":{"controlType":"sap.m.GenericTile","properties":{"header":"Manage Sites"}},"wdio_ui5_key":"sapm.GenericTile{\"header\":\"Manage Sites\"}"}]}
RESULT: {"script":"<script> [1562 bytes]","args":[{"selector":{"controlType":"sap.m.GenericTile","properties":{"header":"Manage Sites"}},"wdio_ui5_key":"sapm.GenericTile{\"header\":\"Manage Sites\"}"}]}
RESULT: undefined
COMMAND: POST /session/989d4e3e3c66b6f7845d3771674e314d/element - {"using":"xpath","value":"//*[@id=\"__tile32\"]"}
RESULT: {"using":"xpath","value":"//*[@id=\"__tile32\"]"}
COMMAND: POST /session/989d4e3e3c66b6f7845d3771674e314d/element/f.5281968FC682DAF02FAC5F987076CB5D.d.F59036D1F27B442415F97542364E4B00.e.3916/click - {}
RESULT: {}
]]></system-out>
    </testcase>
  </testsuite>
  <testsuite timestamp="2025-04-30T07:12:09" time="228.14" tests="2" failures="0" errors="0" skipped="0">
    <properties>
      <property name="specId" value="0" />
      <property name="suiteName" value="Create 2 sites US118246" />
      <property name="capabilities" value="chrome.135_0_7049_96.windows" />
      <property name="file" value="file:///D:/a/1/s/test/specs/R2C/create-site.spec.js" />
    </properties>
    <testcase classname="chrome.135_0_7049_96.windows.Create_2_sites_US118246" name="Should create new site" time="112.243">
      <system-out><![CDATA[
COMMAND: POST /session/989d4e3e3c66b6f7845d3771674e314d/execute/async - {"script":"<script> [1562 bytes]","args":[{"selector":{"controlType":"sap.m.Title","viewName":"etm.portal.ui.managesites.view.Master","viewId":"application-managesites-display-component---masterSite","i18NText":{"propertyName":"text","key":"sites"}},"wdio_ui5_key":"etmportal.ui.managesites.view.Mastersap.m.Title{\"propertyName\":\"text\",\"key\":\"sites\"}"}]}
COMMAND: GET /session/989d4e3e3c66b6f7845d3771674e314d/screenshot - {}
RESULT: {"script":"<script> [1562 bytes]","args":[{"selector":{"controlType":"sap.m.Title","viewName":"etm.portal.ui.managesites.view.Master","viewId":"application-managesites-display-component---masterSite","i18NText":{"propertyName":"text","key":"sites"}},"wdio_ui5_key":"etmportal.ui.managesites.view.Mastersap.m.Title{\"propertyName\":\"text\",\"key\":\"sites\"}"}]}
RESULT: undefined
COMMAND: POST /session/989d4e3e3c66b6f7845d3771674e314d/execute/async - {"script":"<script> [6424 bytes]","args":[{"element-6066-11e4-a52e-4f735466cecf":"f.5281968FC682DAF02FAC5F987076CB5D.d.F59036D1F27B442415F97542364E4B00.e.4161"},"getText",[]]}
RESULT: {}
RESULT: {"script":"<script> [6424 bytes]","args":[{"element-6066-11e4-a52e-4f735466cecf":"f.5281968FC682DAF02FAC5F987076CB5D.d.F59036D1F27B442415F97542364E4B00.e.4161"},"getText",[]]}
COMMAND: POST /session/989d4e3e3c66b6f7845d3771674e314d/execute/async - {"script":"<script> [1562 bytes]","args":[{"selector":{"controlType":"sap.ui.core.Icon","viewName":"etm.portal.ui.managesites.view.Master","viewId":"application-managesites-display-component---masterSite","properties":{"src":{"regex":{"source":"add"}}}},"wdio_ui5_key":"etmportal.ui.managesites.view.Mastersap.ui.core.Icon{\"src\":{\"regex\":{\"source\":\"add\"}}}"}]}
RESULT: {"script":"<script> [1562 bytes]","args":[{"selector":{"controlType":"sap.ui.core.Icon","viewName":"etm.portal.ui.managesites.view.Master","viewId":"application-managesites-display-component---masterSite","properties":{"src":{"regex":{"source":"add"}}}},"wdio_ui5_key":"etmportal.ui.managesites.view.Mastersap.ui.core.Icon{\"src\":{\"regex\":{\"source\":\"add\"}}}"}]}
RESULT: undefined
COMMAND: POST /session/989d4e3e3c66b6f7845d3771674e314d/element - {"using":"xpath","value":"//*[@id=\"__button4-img\"]"}
RESULT: {"using":"xpath","value":"//*[@id=\"__button4-img\"]"}
COMMAND: POST /session/989d4e3e3c66b6f7845d3771674e314d/element/f.5281968FC682DAF02FAC5F987076CB5D.d.F59036D1F27B442415F97542364E4B00.e.4038/click - {}
RESULT: {}
COMMAND: POST /session/989d4e3e3c66b6f7845d3771674e314d/execute/async - {"script":"<script> [1562 bytes]","args":[{"selector":{"id":"application-managesites-display-component---NewSite--siteId","interaction":{"idSuffix":"inner"}},"wdio_ui5_key":"applicationmanagesites-display-component---NewSite--siteId"}]}
COMMAND: GET /session/989d4e3e3c66b6f7845d3771674e314d/screenshot - {}
RESULT: {"script":"<script> [1562 bytes]","args":[{"selector":{"id":"application-managesites-display-component---NewSite--siteId","interaction":{"idSuffix":"inner"}},"wdio_ui5_key":"applicationmanagesites-display-component---NewSite--siteId"}]}
RESULT: undefined
COMMAND: POST /session/989d4e3e3c66b6f7845d3771674e314d/execute/async - {"script":"<script> [1562 bytes]","args":[{"selector":{"id":"application-managesites-display-component---NewSite--addressDetailDetailsName1","interaction":{"idSuffix":"inner"}},"wdio_ui5_key":"applicationmanagesites-display-component---NewSite--addressDetailDetailsName1"}]}
RESULT: {}
RESULT: {"script":"<script> [1562 bytes]","args":[{"selector":{"id":"application-managesites-display-component---NewSite--addressDetailDetailsName1","interaction":{"idSuffix":"inner"}},"wdio_ui5_key":"applicationmanagesites-display-component---NewSite--addressDetailDetailsName1"}]}
RESULT: undefined
COMMAND: POST /session/989d4e3e3c66b6f7845d3771674e314d/execute/async - {"script":"<script> [776 bytes]","args":[{"enterText":"Webdriver Site fsu8h","selector":{"id":"application-managesites-display-component---NewSite--addressDetailDetailsName1","interaction":{"idSuffix":"inner"}},"clearTextFirst":true,"interactionType":"ENTER_TEXT"}]}
RESULT: {"script":"<script> [776 bytes]","args":[{"enterText":"Webdriver Site fsu8h","selector":{"id":"application-managesites-display-component---NewSite--addressDetailDetailsName1","interaction":{"idSuffix":"inner"}},"clearTextFirst":true,"interactionType":"ENTER_TEXT"}]}
COMMAND: POST /session/989d4e3e3c66b6f7845d3771674e314d/execute/async - {"script":"<script> [1562 bytes]","args":[{"selector":{"id":"application-managesites-display-component---NewSite--addressDetailDetailsLanguage","interaction":{"idSuffix":"inner"}},"wdio_ui5_key":"applicationmanagesites-display-component---NewSite--addressDetailDetailsLanguage"}]}
RESULT: {"script":"<script> [1562 bytes]","args":[{"selector":{"id":"application-managesites-display-component---NewSite--addressDetailDetailsLanguage","interaction":{"idSuffix":"inner"}},"wdio_ui5_key":"applicationmanagesites-display-component---NewSite--addressDetailDetailsLanguage"}]}
RESULT: undefined
COMMAND: POST /session/989d4e3e3c66b6f7845d3771674e314d/execute/async - {"script":"<script> [776 bytes]","args":[{"enterText":"Romanian","selector":{"id":"application-managesites-display-component---NewSite--addressDetailDetailsLanguage","interaction":{"idSuffix":"inner"}},"clearTextFirst":true,"interactionType":"ENTER_TEXT"}]}
RESULT: {"script":"<script> [776 bytes]","args":[{"enterText":"Romanian","selector":{"id":"application-managesites-display-component---NewSite--addressDetailDetailsLanguage","interaction":{"idSuffix":"inner"}},"clearTextFirst":true,"interactionType":"ENTER_TEXT"}]}
COMMAND: POST /session/989d4e3e3c66b6f7845d3771674e314d/execute/async - {"script":"<script> [1562 bytes]","args":[{"selector":{"id":"application-managesites-display-component---NewSite--addressDetailDetailsCity1","interaction":{"idSuffix":"inner"}},"wdio_ui5_key":"applicationmanagesites-display-component---NewSite--addressDetailDetailsCity1"}]}
RESULT: {"script":"<script> [1562 bytes]","args":[{"selector":{"id":"application-managesites-display-component---NewSite--addressDetailDetailsCity1","interaction":{"idSuffix":"inner"}},"wdio_ui5_key":"applicationmanagesites-display-component---NewSite--addressDetailDetailsCity1"}]}
RESULT: undefined
COMMAND: POST /session/989d4e3e3c66b6f7845d3771674e314d/execute/async - {"script":"<script> [776 bytes]","args":[{"enterText":"Bucharest","selector":{"id":"application-managesites-display-component---NewSite--addressDetailDetailsCity1","interaction":{"idSuffix":"inner"}},"clearTextFirst":true,"interactionType":"ENTER_TEXT"}]}
RESULT: {"script":"<script> [776 bytes]","args":[{"enterText":"Bucharest","selector":{"id":"application-managesites-display-component---NewSite--addressDetailDetailsCity1","interaction":{"idSuffix":"inner"}},"clearTextFirst":true,"interactionType":"ENTER_TEXT"}]}
COMMAND: POST /session/989d4e3e3c66b6f7845d3771674e314d/execute/async - {"script":"<script> [1562 bytes]","args":[{"selector":{"id":"application-managesites-display-component---NewSite--addressDetailDetailsCountry","interaction":{"idSuffix":"inner"}},"wdio_ui5_key":"applicationmanagesites-display-component---NewSite--addressDetailDetailsCountry"}]}
RESULT: {"script":"<script> [1562 bytes]","args":[{"selector":{"id":"application-managesites-display-component---NewSite--addressDetailDetailsCountry","interaction":{"idSuffix":"inner"}},"wdio_ui5_key":"applicationmanagesites-display-component---NewSite--addressDetailDetailsCountry"}]}
RESULT: undefined
COMMAND: POST /session/989d4e3e3c66b6f7845d3771674e314d/execute/async - {"script":"<script> [776 bytes]","args":[{"enterText":"Romania","selector":{"id":"application-managesites-display-component---NewSite--addressDetailDetailsCountry","interaction":{"idSuffix":"inner"}},"clearTextFirst":true,"interactionType":"ENTER_TEXT"}]}
RESULT: {"script":"<script> [776 bytes]","args":[{"enterText":"Romania","selector":{"id":"application-managesites-display-component---NewSite--addressDetailDetailsCountry","interaction":{"idSuffix":"inner"}},"clearTextFirst":true,"interactionType":"ENTER_TEXT"}]}
COMMAND: POST /session/989d4e3e3c66b6f7845d3771674e314d/execute/async - {"script":"<script> [1562 bytes]","args":[{"selector":{"id":"application-managesites-display-component---NewSite--addressDetailDetailsCalendar","interaction":{"idSuffix":"inner"}},"wdio_ui5_key":"applicationmanagesites-display-component---NewSite--addressDetailDetailsCalendar"}]}
RESULT: {"script":"<script> [1562 bytes]","args":[{"selector":{"id":"application-managesites-display-component---NewSite--addressDetailDetailsCalendar","interaction":{"idSuffix":"inner"}},"wdio_ui5_key":"applicationmanagesites-display-component---NewSite--addressDetailDetailsCalendar"}]}
RESULT: undefined
COMMAND: POST /session/989d4e3e3c66b6f7845d3771674e314d/execute/async - {"script":"<script> [776 bytes]","args":[{"enterText":"Germany","selector":{"id":"application-managesites-display-component---NewSite--addressDetailDetailsCalendar","interaction":{"idSuffix":"inner"}},"clearTextFirst":true,"interactionType":"ENTER_TEXT"}]}
RESULT: {"script":"<script> [776 bytes]","args":[{"enterText":"Germany","selector":{"id":"application-managesites-display-component---NewSite--addressDetailDetailsCalendar","interaction":{"idSuffix":"inner"}},"clearTextFirst":true,"interactionType":"ENTER_TEXT"}]}
COMMAND: POST /session/989d4e3e3c66b6f7845d3771674e314d/execute/async - {"script":"<script> [1562 bytes]","args":[{"selector":{"id":"application-managesites-display-component---NewSite--addressEditDetailsCostObjectCstType-arrow"},"wdio_ui5_key":"applicationmanagesites-display-component---NewSite--addressEditDetailsCostObjectCstType-arrow"}]}
RESULT: {"script":"<script> [1562 bytes]","args":[{"selector":{"id":"application-managesites-display-component---NewSite--addressEditDetailsCostObjectCstType-arrow"},"wdio_ui5_key":"applicationmanagesites-display-component---NewSite--addressEditDetailsCostObjectCstType-arrow"}]}
RESULT: undefined
COMMAND: POST /session/989d4e3e3c66b6f7845d3771674e314d/element - {"using":"xpath","value":"//*[@id=\"application-managesites-display-component---NewSite--addressEditDetailsCostObjectCstType-arrow\"]"}
RESULT: {"using":"xpath","value":"//*[@id=\"application-managesites-display-component---NewSite--addressEditDetailsCostObjectCstType-arrow\"]"}
COMMAND: POST /session/989d4e3e3c66b6f7845d3771674e314d/element/f.5281968FC682DAF02FAC5F987076CB5D.d.F59036D1F27B442415F97542364E4B00.e.4428/click - {}
RESULT: {}
COMMAND: POST /session/989d4e3e3c66b6f7845d3771674e314d/element - {"using":"xpath","value":"//span[contains(text(), \"Work Breakdown Structure\")]"}
COMMAND: GET /session/989d4e3e3c66b6f7845d3771674e314d/screenshot - {}
RESULT: {"using":"xpath","value":"//span[contains(text(), \"Work Breakdown Structure\")]"}
COMMAND: POST /session/989d4e3e3c66b6f7845d3771674e314d/element/f.5281968FC682DAF02FAC5F987076CB5D.d.F59036D1F27B442415F97542364E4B00.e.4429/click - {}
RESULT: {}
RESULT: {}
COMMAND: GET /session/989d4e3e3c66b6f7845d3771674e314d/screenshot - {}
RESULT: {}
COMMAND: POST /session/989d4e3e3c66b6f7845d3771674e314d/execute/async - {"script":"<script> [1562 bytes]","args":[{"selector":{"id":"application-managesites-display-component---NewSite--addressNewCostObjectCstID-vhi"},"wdio_ui5_key":"applicationmanagesites-display-component---NewSite--addressNewCostObjectCstID-vhi"}]}
RESULT: {"script":"<script> [1562 bytes]","args":[{"selector":{"id":"application-managesites-display-component---NewSite--addressNewCostObjectCstID-vhi"},"wdio_ui5_key":"applicationmanagesites-display-component---NewSite--addressNewCostObjectCstID-vhi"}]}
RESULT: undefined
COMMAND: POST /session/989d4e3e3c66b6f7845d3771674e314d/element - {"using":"xpath","value":"//*[@id=\"application-managesites-display-component---NewSite--addressNewCostObjectCstID-vhi\"]"}
RESULT: {"using":"xpath","value":"//*[@id=\"application-managesites-display-component---NewSite--addressNewCostObjectCstID-vhi\"]"}
COMMAND: POST /session/989d4e3e3c66b6f7845d3771674e314d/element/f.5281968FC682DAF02FAC5F987076CB5D.d.F59036D1F27B442415F97542364E4B00.e.4434/click - {}
RESULT: {}
COMMAND: GET /session/989d4e3e3c66b6f7845d3771674e314d/screenshot - {}
RESULT: {}
COMMAND: POST /session/989d4e3e3c66b6f7845d3771674e314d/execute/async - {"script":"<script> [1562 bytes]","args":[{"selector":{"controlType":"sap.m.SearchField","properties":{"placeholder":"Search"},"searchOpenDialogs":true,"interaction":{"idSuffix":"I"}},"wdio_ui5_key":"sapm.SearchField{\"placeholder\":\"Search\"}"}]}
RESULT: {"script":"<script> [1562 bytes]","args":[{"selector":{"controlType":"sap.m.SearchField","properties":{"placeholder":"Search"},"searchOpenDialogs":true,"interaction":{"idSuffix":"I"}},"wdio_ui5_key":"sapm.SearchField{\"placeholder\":\"Search\"}"}]}
RESULT: undefined
COMMAND: POST /session/989d4e3e3c66b6f7845d3771674e314d/execute/async - {"script":"<script> [776 bytes]","args":[{"enterText":"A1-000100-01","selector":{"controlType":"sap.m.SearchField","properties":{"placeholder":"Search"},"searchOpenDialogs":true,"interaction":{"idSuffix":"I"}},"clearTextFirst":true,"interactionType":"ENTER_TEXT"}]}
RESULT: {"script":"<script> [776 bytes]","args":[{"enterText":"A1-000100-01","selector":{"controlType":"sap.m.SearchField","properties":{"placeholder":"Search"},"searchOpenDialogs":true,"interaction":{"idSuffix":"I"}},"clearTextFirst":true,"interactionType":"ENTER_TEXT"}]}
COMMAND: POST /session/989d4e3e3c66b6f7845d3771674e314d/actions - {"actions":[{"id":"action8","type":"key","parameters":{},"actions":[{"type":"keyDown","value":"î€‡"},{"type":"pause","duration":10},{"type":"keyUp","value":"î€‡"}]}]}
RESULT: {"actions":[{"id":"action8","type":"key","parameters":{},"actions":[{"type":"keyDown","value":"î€‡"},{"type":"pause","duration":10},{"type":"keyUp","value":"î€‡"}]}]}
COMMAND: GET /session/989d4e3e3c66b6f7845d3771674e314d/screenshot - {}
RESULT: {}
COMMAND: POST /session/989d4e3e3c66b6f7845d3771674e314d/element - {"using":"xpath","value":"//span[contains(text(), \"Template for ETO-Process\")]"}
RESULT: {"using":"xpath","value":"//span[contains(text(), \"Template for ETO-Process\")]"}
COMMAND: POST /session/989d4e3e3c66b6f7845d3771674e314d/element/f.5281968FC682DAF02FAC5F987076CB5D.d.F59036D1F27B442415F97542364E4B00.e.4453/click - {}
RESULT: {}
COMMAND: GET /session/989d4e3e3c66b6f7845d3771674e314d/screenshot - {}
RESULT: {}
COMMAND: POST /session/989d4e3e3c66b6f7845d3771674e314d/element - {"using":"xpath","value":"//bdi[contains(text(), \"OK\")]"}
RESULT: {"using":"xpath","value":"//bdi[contains(text(), \"OK\")]"}
COMMAND: POST /session/989d4e3e3c66b6f7845d3771674e314d/element/f.5281968FC682DAF02FAC5F987076CB5D.d.F59036D1F27B442415F97542364E4B00.e.4454/click - {}
RESULT: {}
COMMAND: GET /session/989d4e3e3c66b6f7845d3771674e314d/screenshot - {}
RESULT: {}
COMMAND: POST /session/989d4e3e3c66b6f7845d3771674e314d/element - {"using":"xpath","value":"//input[@id=\"application-managesites-display-component---NewSite--addressDetailDetailsYard-inner\"]"}
RESULT: {"using":"xpath","value":"//input[@id=\"application-managesites-display-component---NewSite--addressDetailDetailsYard-inner\"]"}
COMMAND: POST /session/989d4e3e3c66b6f7845d3771674e314d/element/f.5281968FC682DAF02FAC5F987076CB5D.d.F59036D1F27B442415F97542364E4B00.e.4223/value - {"text":"437"}
RESULT: {"text":"437"}
COMMAND: GET /session/989d4e3e3c66b6f7845d3771674e314d/screenshot - {}
RESULT: {}
COMMAND: POST /session/989d4e3e3c66b6f7845d3771674e314d/actions - {"actions":[{"id":"action9","type":"key","parameters":{},"actions":[{"type":"keyDown","value":"î€‡"},{"type":"pause","duration":10},{"type":"keyUp","value":"î€‡"}]}]}
RESULT: {"actions":[{"id":"action9","type":"key","parameters":{},"actions":[{"type":"keyDown","value":"î€‡"},{"type":"pause","duration":10},{"type":"keyUp","value":"î€‡"}]}]}
COMMAND: GET /session/989d4e3e3c66b6f7845d3771674e314d/screenshot - {}
RESULT: {}
COMMAND: POST /session/989d4e3e3c66b6f7845d3771674e314d/element - {"using":"xpath","value":"//input[@id=\"application-managesites-display-component---NewSite--addressDetailDetailsPartner-inner\"]"}
RESULT: {"using":"xpath","value":"//input[@id=\"application-managesites-display-component---NewSite--addressDetailDetailsPartner-inner\"]"}
COMMAND: POST /session/989d4e3e3c66b6f7845d3771674e314d/elements - {"using":"xpath","value":"//input[@id=\"application-managesites-display-component---NewSite--addressDetailDetailsPartner-inner\"]"}
RESULT: {"using":"xpath","value":"//input[@id=\"application-managesites-display-component---NewSite--addressDetailDetailsPartner-inner\"]"}
COMMAND: POST /session/989d4e3e3c66b6f7845d3771674e314d/execute/async - {"script":"<script> [1562 bytes]","args":[{"selector":{"controlType":"sap.m.Button","viewName":"etm.portal.ui.managesites.view.NewSmartSite","viewId":"application-managesites-display-component---NewSite","properties":{"text":"Commercial"},"interaction":{"idSuffix":"BDI-content"}},"wdio_ui5_key":"etmportal.ui.managesites.view.NewSmartSitesap.m.Button{\"text\":\"Commercial\"}"}]}
RESULT: {"script":"<script> [1562 bytes]","args":[{"selector":{"controlType":"sap.m.Button","viewName":"etm.portal.ui.managesites.view.NewSmartSite","viewId":"application-managesites-display-component---NewSite","properties":{"text":"Commercial"},"interaction":{"idSuffix":"BDI-content"}},"wdio_ui5_key":"etmportal.ui.managesites.view.NewSmartSitesap.m.Button{\"text\":\"Commercial\"}"}]}
RESULT: undefined
COMMAND: POST /session/989d4e3e3c66b6f7845d3771674e314d/element - {"using":"xpath","value":"//*[@id=\"application-managesites-display-component---NewSite--ObjectPageLayout-anchBar-__section5-anchor\"]"}
RESULT: {"using":"xpath","value":"//*[@id=\"application-managesites-display-component---NewSite--ObjectPageLayout-anchBar-__section5-anchor\"]"}
COMMAND: POST /session/989d4e3e3c66b6f7845d3771674e314d/element/f.5281968FC682DAF02FAC5F987076CB5D.d.F59036D1F27B442415F97542364E4B00.e.4475/click - {}
RESULT: {}
COMMAND: POST /session/989d4e3e3c66b6f7845d3771674e314d/execute/async - {"script":"<script> [1562 bytes]","args":[{"selector":{"controlType":"sap.m.Button","viewName":"etm.portal.ui.managesites.view.NewSmartSite","viewId":"application-managesites-display-component---NewSite","i18NText":{"propertyName":"text","key":"save"},"interaction":{"idSuffix":"BDI-content"}},"wdio_ui5_key":"etmportal.ui.managesites.view.NewSmartSitesap.m.Button{\"propertyName\":\"text\",\"key\":\"save\"}"}]}
COMMAND: GET /session/989d4e3e3c66b6f7845d3771674e314d/screenshot - {}
RESULT: {"script":"<script> [1562 bytes]","args":[{"selector":{"controlType":"sap.m.Button","viewName":"etm.portal.ui.managesites.view.NewSmartSite","viewId":"application-managesites-display-component---NewSite","i18NText":{"propertyName":"text","key":"save"},"interaction":{"idSuffix":"BDI-content"}},"wdio_ui5_key":"etmportal.ui.managesites.view.NewSmartSitesap.m.Button{\"propertyName\":\"text\",\"key\":\"save\"}"}]}
RESULT: undefined
COMMAND: POST /session/989d4e3e3c66b6f7845d3771674e314d/element - {"using":"xpath","value":"//*[@id=\"__button16\"]"}
RESULT: {}
RESULT: {"using":"xpath","value":"//*[@id=\"__button16\"]"}
COMMAND: POST /session/989d4e3e3c66b6f7845d3771674e314d/element/f.5281968FC682DAF02FAC5F987076CB5D.d.F59036D1F27B442415F97542364E4B00.e.4407/click - {}
RESULT: {}
COMMAND: GET /session/989d4e3e3c66b6f7845d3771674e314d/screenshot - {}
COMMAND: POST /session/989d4e3e3c66b6f7845d3771674e314d/execute/async - {"script":"<script> [1562 bytes]","args":[{"selector":{"id":"application-managesites-display-component---detailSite--addressDetailDetailsYardText"},"wdio_ui5_key":"applicationmanagesites-display-component---detailSite--addressDetailDetailsYardText"}]}
RESULT: {}
RESULT: {"script":"<script> [1562 bytes]","args":[{"selector":{"id":"application-managesites-display-component---detailSite--addressDetailDetailsYardText"},"wdio_ui5_key":"applicationmanagesites-display-component---detailSite--addressDetailDetailsYardText"}]}
RESULT: undefined
COMMAND: POST /session/989d4e3e3c66b6f7845d3771674e314d/element - {"using":"xpath","value":"//header/div/div[2]/div[2]/span"}
RESULT: {"using":"xpath","value":"//header/div/div[2]/div[2]/span"}
COMMAND: GET /session/989d4e3e3c66b6f7845d3771674e314d/element/f.5281968FC682DAF02FAC5F987076CB5D.d.F59036D1F27B442415F97542364E4B00.e.4697/text - {}
RESULT: {}
COMMAND: POST /session/989d4e3e3c66b6f7845d3771674e314d/execute/async - {"script":"<script> [1562 bytes]","args":[{"selector":{"controlType":"sap.m.Label","viewName":"etm.portal.ui.managesites.view.Detail","viewId":"application-managesites-display-component---detailSite","i18NText":{"propertyName":"text","key":"status"}},"wdio_ui5_key":"etmportal.ui.managesites.view.Detailsap.m.Label{\"propertyName\":\"text\",\"key\":\"status\"}"}]}
RESULT: {"script":"<script> [1562 bytes]","args":[{"selector":{"controlType":"sap.m.Label","viewName":"etm.portal.ui.managesites.view.Detail","viewId":"application-managesites-display-component---detailSite","i18NText":{"propertyName":"text","key":"status"}},"wdio_ui5_key":"etmportal.ui.managesites.view.Detailsap.m.Label{\"propertyName\":\"text\",\"key\":\"status\"}"}]}
RESULT: undefined
COMMAND: POST /session/989d4e3e3c66b6f7845d3771674e314d/execute/async - {"script":"<script> [6424 bytes]","args":[{"element-6066-11e4-a52e-4f735466cecf":"f.5281968FC682DAF02FAC5F987076CB5D.d.F59036D1F27B442415F97542364E4B00.e.4685"},"getText",[]]}
RESULT: {"script":"<script> [6424 bytes]","args":[{"element-6066-11e4-a52e-4f735466cecf":"f.5281968FC682DAF02FAC5F987076CB5D.d.F59036D1F27B442415F97542364E4B00.e.4685"},"getText",[]]}
]]></system-out>
    </testcase>
    <testcase classname="chrome.135_0_7049_96.windows.Create_2_sites_US118246" name="Should create WHM site" time="63.47">
      <system-out><![CDATA[
RESULT: undefined
COMMAND: POST /session/989d4e3e3c66b6f7845d3771674e314d/element - {"using":"xpath","value":"//*[@id=\"__button4-img\"]"}
RESULT: {"using":"xpath","value":"//*[@id=\"__button4-img\"]"}
COMMAND: POST /session/989d4e3e3c66b6f7845d3771674e314d/element/f.5281968FC682DAF02FAC5F987076CB5D.d.F59036D1F27B442415F97542364E4B00.e.4698/click - {}
RESULT: {}
COMMAND: GET /session/989d4e3e3c66b6f7845d3771674e314d/screenshot - {}
RESULT: {}
RESULT: undefined
COMMAND: POST /session/989d4e3e3c66b6f7845d3771674e314d/execute/async - {"script":"<script> [1562 bytes]","args":[{"selector":{"controlType":"sap.m.Button","viewName":"etm.portal.ui.managesites.view.NewSmartSite","viewId":"application-managesites-display-component---NewSite","properties":{"text":"General Information"},"interaction":{"idSuffix":"BDI-content"}},"wdio_ui5_key":"etmportal.ui.managesites.view.NewSmartSitesap.m.Button{\"text\":\"General Information\"}"}]}
RESULT: {"script":"<script> [1562 bytes]","args":[{"selector":{"controlType":"sap.m.Button","viewName":"etm.portal.ui.managesites.view.NewSmartSite","viewId":"application-managesites-display-component---NewSite","properties":{"text":"General Information"},"interaction":{"idSuffix":"BDI-content"}},"wdio_ui5_key":"etmportal.ui.managesites.view.NewSmartSitesap.m.Button{\"text\":\"General Information\"}"}]}
RESULT: undefined
COMMAND: POST /session/989d4e3e3c66b6f7845d3771674e314d/element - {"using":"xpath","value":"//*[@id=\"application-managesites-display-component---NewSite--ObjectPageLayout-anchBar-__section3-anchor\"]"}
RESULT: {"using":"xpath","value":"//*[@id=\"application-managesites-display-component---NewSite--ObjectPageLayout-anchBar-__section3-anchor\"]"}
COMMAND: POST /session/989d4e3e3c66b6f7845d3771674e314d/element/f.5281968FC682DAF02FAC5F987076CB5D.d.F59036D1F27B442415F97542364E4B00.e.4881/click - {}
RESULT: {}
RESULT: undefined
COMMAND: POST /session/989d4e3e3c66b6f7845d3771674e314d/execute/async - {"script":"<script> [776 bytes]","args":[{"enterText":"Webdriver WHM Site 5oij4","selector":{"id":"application-managesites-display-component---NewSite--addressDetailDetailsName1","interaction":{"idSuffix":"inner"}},"clearTextFirst":true,"interactionType":"ENTER_TEXT"}]}
COMMAND: GET /session/989d4e3e3c66b6f7845d3771674e314d/screenshot - {}
RESULT: {"script":"<script> [776 bytes]","args":[{"enterText":"Webdriver WHM Site 5oij4","selector":{"id":"application-managesites-display-component---NewSite--addressDetailDetailsName1","interaction":{"idSuffix":"inner"}},"clearTextFirst":true,"interactionType":"ENTER_TEXT"}]}
RESULT: {}
RESULT: undefined
COMMAND: POST /session/989d4e3e3c66b6f7845d3771674e314d/execute/async - {"script":"<script> [776 bytes]","args":[{"enterText":"Romanian","selector":{"id":"application-managesites-display-component---NewSite--addressDetailDetailsLanguage","interaction":{"idSuffix":"inner"}},"clearTextFirst":true,"interactionType":"ENTER_TEXT"}]}
RESULT: {"script":"<script> [776 bytes]","args":[{"enterText":"Romanian","selector":{"id":"application-managesites-display-component---NewSite--addressDetailDetailsLanguage","interaction":{"idSuffix":"inner"}},"clearTextFirst":true,"interactionType":"ENTER_TEXT"}]}
COMMAND: POST /session/989d4e3e3c66b6f7845d3771674e314d/actions - {"actions":[{"id":"action10","type":"key","parameters":{},"actions":[{"type":"keyDown","value":"î€‡"},{"type":"pause","duration":10},{"type":"keyUp","value":"î€‡"}]}]}
RESULT: {"actions":[{"id":"action10","type":"key","parameters":{},"actions":[{"type":"keyDown","value":"î€‡"},{"type":"pause","duration":10},{"type":"keyUp","value":"î€‡"}]}]}
RESULT: undefined
COMMAND: POST /session/989d4e3e3c66b6f7845d3771674e314d/execute/async - {"script":"<script> [776 bytes]","args":[{"enterText":"Bucharest","selector":{"id":"application-managesites-display-component---NewSite--addressDetailDetailsCity1","interaction":{"idSuffix":"inner"}},"clearTextFirst":true,"interactionType":"ENTER_TEXT"}]}
COMMAND: GET /session/989d4e3e3c66b6f7845d3771674e314d/screenshot - {}
RESULT: {"script":"<script> [776 bytes]","args":[{"enterText":"Bucharest","selector":{"id":"application-managesites-display-component---NewSite--addressDetailDetailsCity1","interaction":{"idSuffix":"inner"}},"clearTextFirst":true,"interactionType":"ENTER_TEXT"}]}
RESULT: {}
COMMAND: POST /session/989d4e3e3c66b6f7845d3771674e314d/actions - {"actions":[{"id":"action11","type":"key","parameters":{},"actions":[{"type":"keyDown","value":"î€‡"},{"type":"pause","duration":10},{"type":"keyUp","value":"î€‡"}]}]}
RESULT: {"actions":[{"id":"action11","type":"key","parameters":{},"actions":[{"type":"keyDown","value":"î€‡"},{"type":"pause","duration":10},{"type":"keyUp","value":"î€‡"}]}]}
RESULT: undefined
COMMAND: POST /session/989d4e3e3c66b6f7845d3771674e314d/execute/async - {"script":"<script> [6424 bytes]","args":[{"element-6066-11e4-a52e-4f735466cecf":"f.5281968FC682DAF02FAC5F987076CB5D.d.F59036D1F27B442415F97542364E4B00.e.4212"},"setValue",["Romania"]]}
COMMAND: GET /session/989d4e3e3c66b6f7845d3771674e314d/screenshot - {}
COMMAND: POST /session/989d4e3e3c66b6f7845d3771674e314d/execute/async - {"script":"<script> [1562 bytes]","args":[{"selector":{"id":"application-managesites-display-component---NewSite--addressDetailDetailsCountry","interaction":{"idSuffix":"inner"}},"wdio_ui5_key":"applicationmanagesites-display-component---NewSite--addressDetailDetailsCountry"}]}
RESULT: {}
RESULT: {"script":"<script> [1562 bytes]","args":[{"selector":{"id":"application-managesites-display-component---NewSite--addressDetailDetailsCountry","interaction":{"idSuffix":"inner"}},"wdio_ui5_key":"applicationmanagesites-display-component---NewSite--addressDetailDetailsCountry"}]}
COMMAND: POST /session/989d4e3e3c66b6f7845d3771674e314d/execute/async - {"script":"<script> [6424 bytes]","args":[{"element-6066-11e4-a52e-4f735466cecf":"f.5281968FC682DAF02FAC5F987076CB5D.d.F59036D1F27B442415F97542364E4B00.e.4755"},"setValue",["Romania"]]}
RESULT: {"script":"<script> [6424 bytes]","args":[{"element-6066-11e4-a52e-4f735466cecf":"f.5281968FC682DAF02FAC5F987076CB5D.d.F59036D1F27B442415F97542364E4B00.e.4755"},"setValue",["Romania"]]}
COMMAND: POST /session/989d4e3e3c66b6f7845d3771674e314d/actions - {"actions":[{"id":"action12","type":"key","parameters":{},"actions":[{"type":"keyDown","value":"î€‡"},{"type":"pause","duration":10},{"type":"keyUp","value":"î€‡"}]}]}
RESULT: {"actions":[{"id":"action12","type":"key","parameters":{},"actions":[{"type":"keyDown","value":"î€‡"},{"type":"pause","duration":10},{"type":"keyUp","value":"î€‡"}]}]}
RESULT: undefined
COMMAND: POST /session/989d4e3e3c66b6f7845d3771674e314d/execute/async - {"script":"<script> [776 bytes]","args":[{"enterText":"Germany","selector":{"id":"application-managesites-display-component---NewSite--addressDetailDetailsCalendar","interaction":{"idSuffix":"inner"}},"clearTextFirst":true,"interactionType":"ENTER_TEXT"}]}
COMMAND: GET /session/989d4e3e3c66b6f7845d3771674e314d/screenshot - {}
RESULT: {"script":"<script> [776 bytes]","args":[{"enterText":"Germany","selector":{"id":"application-managesites-display-component---NewSite--addressDetailDetailsCalendar","interaction":{"idSuffix":"inner"}},"clearTextFirst":true,"interactionType":"ENTER_TEXT"}]}
RESULT: {}
COMMAND: POST /session/989d4e3e3c66b6f7845d3771674e314d/actions - {"actions":[{"id":"action13","type":"key","parameters":{},"actions":[{"type":"keyDown","value":"î€‡"},{"type":"pause","duration":10},{"type":"keyUp","value":"î€‡"}]}]}
RESULT: {"actions":[{"id":"action13","type":"key","parameters":{},"actions":[{"type":"keyDown","value":"î€‡"},{"type":"pause","duration":10},{"type":"keyUp","value":"î€‡"}]}]}
COMMAND: POST /session/989d4e3e3c66b6f7845d3771674e314d/execute/async - {"script":"<script> [1562 bytes]","args":[{"selector":{"id":"application-managesites-display-component---NewSite--addressEditDetailsCostObjectCstType","interaction":{"idSuffix":"inner"}},"wdio_ui5_key":"applicationmanagesites-display-component---NewSite--addressEditDetailsCostObjectCstType"}]}
COMMAND: GET /session/989d4e3e3c66b6f7845d3771674e314d/screenshot - {}
RESULT: {"script":"<script> [1562 bytes]","args":[{"selector":{"id":"application-managesites-display-component---NewSite--addressEditDetailsCostObjectCstType","interaction":{"idSuffix":"inner"}},"wdio_ui5_key":"applicationmanagesites-display-component---NewSite--addressEditDetailsCostObjectCstType"}]}
RESULT: undefined
COMMAND: POST /session/989d4e3e3c66b6f7845d3771674e314d/execute/async - {"script":"<script> [776 bytes]","args":[{"enterText":"Cost","selector":{"id":"application-managesites-display-component---NewSite--addressEditDetailsCostObjectCstType","interaction":{"idSuffix":"inner"}},"clearTextFirst":true,"interactionType":"ENTER_TEXT"}]}
RESULT: {}
RESULT: {"script":"<script> [776 bytes]","args":[{"enterText":"Cost","selector":{"id":"application-managesites-display-component---NewSite--addressEditDetailsCostObjectCstType","interaction":{"idSuffix":"inner"}},"clearTextFirst":true,"interactionType":"ENTER_TEXT"}]}
COMMAND: POST /session/989d4e3e3c66b6f7845d3771674e314d/actions - {"actions":[{"id":"action14","type":"key","parameters":{},"actions":[{"type":"keyDown","value":"î€‡"},{"type":"pause","duration":10},{"type":"keyUp","value":"î€‡"}]}]}
RESULT: {"actions":[{"id":"action14","type":"key","parameters":{},"actions":[{"type":"keyDown","value":"î€‡"},{"type":"pause","duration":10},{"type":"keyUp","value":"î€‡"}]}]}
COMMAND: POST /session/989d4e3e3c66b6f7845d3771674e314d/execute/async - {"script":"<script> [1562 bytes]","args":[{"selector":{"id":"application-managesites-display-component---NewSite--addressNewCostObjectCstID","interaction":{"idSuffix":"inner"}},"wdio_ui5_key":"applicationmanagesites-display-component---NewSite--addressNewCostObjectCstID"}]}
COMMAND: GET /session/989d4e3e3c66b6f7845d3771674e314d/screenshot - {}
RESULT: {"script":"<script> [1562 bytes]","args":[{"selector":{"id":"application-managesites-display-component---NewSite--addressNewCostObjectCstID","interaction":{"idSuffix":"inner"}},"wdio_ui5_key":"applicationmanagesites-display-component---NewSite--addressNewCostObjectCstID"}]}
RESULT: undefined
COMMAND: POST /session/989d4e3e3c66b6f7845d3771674e314d/execute/async - {"script":"<script> [776 bytes]","args":[{"enterText":"1001","selector":{"id":"application-managesites-display-component---NewSite--addressNewCostObjectCstID","interaction":{"idSuffix":"inner"}},"clearTextFirst":true,"interactionType":"ENTER_TEXT"}]}
RESULT: {}
RESULT: {"script":"<script> [776 bytes]","args":[{"enterText":"1001","selector":{"id":"application-managesites-display-component---NewSite--addressNewCostObjectCstID","interaction":{"idSuffix":"inner"}},"clearTextFirst":true,"interactionType":"ENTER_TEXT"}]}
COMMAND: POST /session/989d4e3e3c66b6f7845d3771674e314d/actions - {"actions":[{"id":"action15","type":"key","parameters":{},"actions":[{"type":"keyDown","value":"î€‡"},{"type":"pause","duration":10},{"type":"keyUp","value":"î€‡"}]}]}
RESULT: {"actions":[{"id":"action15","type":"key","parameters":{},"actions":[{"type":"keyDown","value":"î€‡"},{"type":"pause","duration":10},{"type":"keyUp","value":"î€‡"}]}]}
COMMAND: POST /session/989d4e3e3c66b6f7845d3771674e314d/element - {"using":"xpath","value":"//input[@id=\"application-managesites-display-component---NewSite--addressDetailDetailsYard-inner\"]"}
COMMAND: GET /session/989d4e3e3c66b6f7845d3771674e314d/screenshot - {}
RESULT: {"using":"xpath","value":"//input[@id=\"application-managesites-display-component---NewSite--addressDetailDetailsYard-inner\"]"}
COMMAND: POST /session/989d4e3e3c66b6f7845d3771674e314d/element/f.5281968FC682DAF02FAC5F987076CB5D.d.F59036D1F27B442415F97542364E4B00.e.4766/value - {"text":"439"}
RESULT: {}
RESULT: {"text":"439"}
COMMAND: GET /session/989d4e3e3c66b6f7845d3771674e314d/screenshot - {}
RESULT: {}
COMMAND: POST /session/989d4e3e3c66b6f7845d3771674e314d/actions - {"actions":[{"id":"action16","type":"key","parameters":{},"actions":[{"type":"keyDown","value":"î€‡"},{"type":"pause","duration":10},{"type":"keyUp","value":"î€‡"}]}]}
RESULT: {"actions":[{"id":"action16","type":"key","parameters":{},"actions":[{"type":"keyDown","value":"î€‡"},{"type":"pause","duration":10},{"type":"keyUp","value":"î€‡"}]}]}
COMMAND: GET /session/989d4e3e3c66b6f7845d3771674e314d/screenshot - {}
RESULT: {}
COMMAND: POST /session/989d4e3e3c66b6f7845d3771674e314d/element - {"using":"xpath","value":"//input[@id=\"application-managesites-display-component---NewSite--addressDetailDetailsPartner-inner\"]"}
RESULT: {"using":"xpath","value":"//input[@id=\"application-managesites-display-component---NewSite--addressDetailDetailsPartner-inner\"]"}
COMMAND: POST /session/989d4e3e3c66b6f7845d3771674e314d/elements - {"using":"xpath","value":"//input[@id=\"application-managesites-display-component---NewSite--addressDetailDetailsPartner-inner\"]"}
RESULT: {"using":"xpath","value":"//input[@id=\"application-managesites-display-component---NewSite--addressDetailDetailsPartner-inner\"]"}
RESULT: undefined
COMMAND: POST /session/989d4e3e3c66b6f7845d3771674e314d/element - {"using":"xpath","value":"//*[@id=\"application-managesites-display-component---NewSite--ObjectPageLayout-anchBar-__section5-anchor\"]"}
RESULT: {"using":"xpath","value":"//*[@id=\"application-managesites-display-component---NewSite--ObjectPageLayout-anchBar-__section5-anchor\"]"}
COMMAND: POST /session/989d4e3e3c66b6f7845d3771674e314d/element/f.5281968FC682DAF02FAC5F987076CB5D.d.F59036D1F27B442415F97542364E4B00.e.4889/click - {}
RESULT: {}
COMMAND: POST /session/989d4e3e3c66b6f7845d3771674e314d/execute/async - {"script":"<script> [1562 bytes]","args":[{"selector":{"id":"application-managesites-display-component---NewSite--siteWhmCheckBox-label","interaction":{"idSuffix":"bdi"}},"wdio_ui5_key":"applicationmanagesites-display-component---NewSite--siteWhmCheckBox-label"}]}
COMMAND: GET /session/989d4e3e3c66b6f7845d3771674e314d/screenshot - {}
RESULT: {"script":"<script> [1562 bytes]","args":[{"selector":{"id":"application-managesites-display-component---NewSite--siteWhmCheckBox-label","interaction":{"idSuffix":"bdi"}},"wdio_ui5_key":"applicationmanagesites-display-component---NewSite--siteWhmCheckBox-label"}]}
RESULT: undefined
COMMAND: POST /session/989d4e3e3c66b6f7845d3771674e314d/element - {"using":"xpath","value":"//*[@id=\"application-managesites-display-component---NewSite--siteWhmCheckBox-label\"]"}
RESULT: {}
RESULT: {"using":"xpath","value":"//*[@id=\"application-managesites-display-component---NewSite--siteWhmCheckBox-label\"]"}
COMMAND: POST /session/989d4e3e3c66b6f7845d3771674e314d/element/f.5281968FC682DAF02FAC5F987076CB5D.d.F59036D1F27B442415F97542364E4B00.e.4892/click - {}
RESULT: {}
RESULT: undefined
COMMAND: POST /session/989d4e3e3c66b6f7845d3771674e314d/element - {"using":"xpath","value":"//*[@id=\"__button16\"]"}
COMMAND: GET /session/989d4e3e3c66b6f7845d3771674e314d/screenshot - {}
RESULT: {"using":"xpath","value":"//*[@id=\"__button16\"]"}
COMMAND: POST /session/989d4e3e3c66b6f7845d3771674e314d/element/f.5281968FC682DAF02FAC5F987076CB5D.d.F59036D1F27B442415F97542364E4B00.e.4893/click - {}
RESULT: {}
RESULT: {}
COMMAND: GET /session/989d4e3e3c66b6f7845d3771674e314d/screenshot - {}
RESULT: {}
COMMAND: POST /session/989d4e3e3c66b6f7845d3771674e314d/element - {"using":"xpath","value":"//header/div/div[2]/div[2]/span"}
RESULT: {"using":"xpath","value":"//header/div/div[2]/div[2]/span"}
COMMAND: GET /session/989d4e3e3c66b6f7845d3771674e314d/element/f.5281968FC682DAF02FAC5F987076CB5D.d.F59036D1F27B442415F97542364E4B00.e.5091/text - {}
RESULT: {}
RESULT: undefined
RESULT: undefined
COMMAND: POST /session/989d4e3e3c66b6f7845d3771674e314d/execute/async - {"script":"<script> [6424 bytes]","args":[{"element-6066-11e4-a52e-4f735466cecf":"f.5281968FC682DAF02FAC5F987076CB5D.d.F59036D1F27B442415F97542364E4B00.e.4685"},"getText",[]]}
COMMAND: POST /session/989d4e3e3c66b6f7845d3771674e314d/execute/async - {"script":"<script> [1562 bytes]","args":[{"selector":{"controlType":"sap.m.Label","viewName":"etm.portal.ui.managesites.view.Detail","viewId":"application-managesites-display-component---detailSite","i18NText":{"propertyName":"text","key":"status"}},"wdio_ui5_key":"etmportal.ui.managesites.view.Detailsap.m.Label{\"propertyName\":\"text\",\"key\":\"status\"}"}]}
RESULT: {"script":"<script> [1562 bytes]","args":[{"selector":{"controlType":"sap.m.Label","viewName":"etm.portal.ui.managesites.view.Detail","viewId":"application-managesites-display-component---detailSite","i18NText":{"propertyName":"text","key":"status"}},"wdio_ui5_key":"etmportal.ui.managesites.view.Detailsap.m.Label{\"propertyName\":\"text\",\"key\":\"status\"}"}]}
COMMAND: POST /session/989d4e3e3c66b6f7845d3771674e314d/execute/async - {"script":"<script> [6424 bytes]","args":[{"element-6066-11e4-a52e-4f735466cecf":"f.5281968FC682DAF02FAC5F987076CB5D.d.F59036D1F27B442415F97542364E4B00.e.5080"},"getText",[]]}
RESULT: {"script":"<script> [6424 bytes]","args":[{"element-6066-11e4-a52e-4f735466cecf":"f.5281968FC682DAF02FAC5F987076CB5D.d.F59036D1F27B442415F97542364E4B00.e.5080"},"getText",[]]}
COMMAND: POST /session/989d4e3e3c66b6f7845d3771674e314d/execute/async - {"script":"<script> [1562 bytes]","args":[{"selector":{"id":"shell-header","interaction":{"idSuffix":"icon"}},"wdio_ui5_key":"shellheader"}]}
RESULT: {"script":"<script> [1562 bytes]","args":[{"selector":{"id":"shell-header","interaction":{"idSuffix":"icon"}},"wdio_ui5_key":"shellheader"}]}
RESULT: undefined
COMMAND: POST /session/989d4e3e3c66b6f7845d3771674e314d/element - {"using":"xpath","value":"//*[@id=\"shell-header\"]"}
RESULT: {"using":"xpath","value":"//*[@id=\"shell-header\"]"}
COMMAND: POST /session/989d4e3e3c66b6f7845d3771674e314d/element/f.5281968FC682DAF02FAC5F987076CB5D.d.F59036D1F27B442415F97542364E4B00.e.5092/click - {}
RESULT: {}
COMMAND: POST /session/989d4e3e3c66b6f7845d3771674e314d/refresh - {}
COMMAND: GET /session/989d4e3e3c66b6f7845d3771674e314d/screenshot - {}
RESULT: {}
COMMAND: GET /session/989d4e3e3c66b6f7845d3771674e314d/screenshot - {}
RESULT: {}
RESULT: {}
COMMAND: POST /session/989d4e3e3c66b6f7845d3771674e314d/refresh - {}
RESULT: {}
COMMAND: GET /session/989d4e3e3c66b6f7845d3771674e314d/screenshot - {}
RESULT: {}
COMMAND: POST /session/989d4e3e3c66b6f7845d3771674e314d/window/fullscreen - {}
RESULT: {}
COMMAND: POST /session/989d4e3e3c66b6f7845d3771674e314d/execute/async - {"script":"<script> [189 bytes]","args":[]}
RESULT: {"script":"<script> [189 bytes]","args":[]}
COMMAND: POST /session/989d4e3e3c66b6f7845d3771674e314d/execute/async - {"script":"<script> [123 bytes]","args":[]}
RESULT: {"script":"<script> [123 bytes]","args":[]}
COMMAND: POST /session/989d4e3e3c66b6f7845d3771674e314d/timeouts - {"script":"<number>"}
RESULT: {"script":"<number>"}
COMMAND: GET /session/989d4e3e3c66b6f7845d3771674e314d/timeouts - {}
RESULT: {}
RESULT: undefined
COMMAND: POST /session/989d4e3e3c66b6f7845d3771674e314d/execute/async - {"script":"<script> [2676 bytes]","args":[]}
RESULT: {"script":"<script> [2676 bytes]","args":[]}
COMMAND: POST /session/989d4e3e3c66b6f7845d3771674e314d/execute/async - {"script":"<script> [2342 bytes]","args":[{"protocol":"http","hostname":"0.0.0.0","path":"/","capabilities":{"browserName":"chrome","goog:chromeOptions":{"binary":"C:\\Program Files\\Google\\Chrome\\Application\\chrome.exe","args":["--start-maximized"]}},"logLevel":"warn","connectionRetryTimeout":120000,"connectionRetryCount":3,"logLevels":{},"enableDirectConnect":true,"strictSSL":true,"_":"65 more keys: [\"cacheDir\",\"port\",\"requestedCapabilities\",\"automationProtocol\",\"baseUrl\",\"waitforInterval\",\"waitforTimeout\",\"onReload\",\"beforeCommand\",\"afterCommand\",\"rootDir\",\"specs\",\"suites\",\"exclude\",\"groupLogsByTestSpec\",\"excludeDriverLogs\",\"bail\",\"framework\",\"reporters\",\"services\",\"maxInstances\",\"maxInstancesPerCapability\",\"injectGlobals\",\"filesToWatch\",\"execArgv\",\"runnerEnv\",\"runner\",\"shard\",\"specFileRetries\",\"specFileRetriesDelay\",\"specFileRetriesDeferred\",\"reporterSyncInterval\",\"reporterSyncTimeout\",\"cucumberFeaturesWithLineNumbers\",\"autoCompileOpts\",\"mochaOpts\",\"jasmineOpts\",\"cucumberOpts\",\"onPrepare\",\"onWorkerStart\",\"onWorkerEnd\",\"before\",\"beforeSession\",\"beforeSuite\",\"beforeHook\",\"beforeTest\",\"afterTest\",\"afterHook\",\"afterSuite\",\"afterSession\",\"after\",\"onComplete\",\"beforeAssertion\",\"afterAssertion\",\"beforeFeature\",\"beforeScenario\",\"beforeStep\",\"afterStep\",\"afterScenario\",\"afterFeature\",\"_\",\"suite\",\"$0\",\"ignoredWorkerServices\",\"wdi5\"]"}]}
RESULT: {"script":"<script> [2342 bytes]","args":[{"protocol":"http","hostname":"0.0.0.0","path":"/","capabilities":{"browserName":"chrome","goog:chromeOptions":{"binary":"C:\\Program Files\\Google\\Chrome\\Application\\chrome.exe","args":["--start-maximized"]}},"logLevel":"warn","connectionRetryTimeout":120000,"connectionRetryCount":3,"logLevels":{},"enableDirectConnect":true,"strictSSL":true,"_":"65 more keys: [\"cacheDir\",\"port\",\"requestedCapabilities\",\"automationProtocol\",\"baseUrl\",\"waitforInterval\",\"waitforTimeout\",\"onReload\",\"beforeCommand\",\"afterCommand\",\"rootDir\",\"specs\",\"suites\",\"exclude\",\"groupLogsByTestSpec\",\"excludeDriverLogs\",\"bail\",\"framework\",\"reporters\",\"services\",\"maxInstances\",\"maxInstancesPerCapability\",\"injectGlobals\",\"filesToWatch\",\"execArgv\",\"runnerEnv\",\"runner\",\"shard\",\"specFileRetries\",\"specFileRetriesDelay\",\"specFileRetriesDeferred\",\"reporterSyncInterval\",\"reporterSyncTimeout\",\"cucumberFeaturesWithLineNumbers\",\"autoCompileOpts\",\"mochaOpts\",\"jasmineOpts\",\"cucumberOpts\",\"onPrepare\",\"onWorkerStart\",\"onWorkerEnd\",\"before\",\"beforeSession\",\"beforeSuite\",\"beforeHook\",\"beforeTest\",\"afterTest\",\"afterHook\",\"afterSuite\",\"afterSession\",\"after\",\"onComplete\",\"beforeAssertion\",\"afterAssertion\",\"beforeFeature\",\"beforeScenario\",\"beforeStep\",\"afterStep\",\"afterScenario\",\"afterFeature\",\"_\",\"suite\",\"$0\",\"ignoredWorkerServices\",\"wdi5\"]"}]}
COMMAND: POST /session/989d4e3e3c66b6f7845d3771674e314d/execute/async - {"script":"<script> [21126 bytes]","args":[35000]}
RESULT: {"script":"<script> [21126 bytes]","args":[35000]}
COMMAND: POST /session/989d4e3e3c66b6f7845d3771674e314d/element - {"using":"css selector","value":"#j_username"}
COMMAND: POST /session/989d4e3e3c66b6f7845d3771674e314d/url - {"url":"https://qa-testing-00-live-etm-ui.cfapps.eu10-004.hana.ondemand.com/"}
RESULT: {"using":"css selector","value":"#j_username"}
COMMAND: POST /session/989d4e3e3c66b6f7845d3771674e314d/element - {"using":"css selector","value":"#j_username"}
RESULT: {"url":"https://qa-testing-00-live-etm-ui.cfapps.eu10-004.hana.ondemand.com/"}
RESULT: undefined
COMMAND: GET /session/989d4e3e3c66b6f7845d3771674e314d/screenshot - {}
RESULT: {"using":"css selector","value":"#j_username"}
COMMAND: POST /session/989d4e3e3c66b6f7845d3771674e314d/element - {"using":"css selector","value":"#shell-header-logo"}
RESULT: {}
RESULT: {"using":"css selector","value":"#shell-header-logo"}
COMMAND: POST /session/989d4e3e3c66b6f7845d3771674e314d/execute/sync - {"script":"<script> [8489 bytes]","args":[{"element-6066-11e4-a52e-4f735466cecf":"f.5281968FC682DAF02FAC5F987076CB5D.d.4EE5C8C5DCCE73DF4B7736ADF680F3ED.e.5361","ELEMENT":"f.5281968FC682DAF02FAC5F987076CB5D.d.4EE5C8C5DCCE73DF4B7736ADF680F3ED.e.5361"}]}
RESULT: {"script":"<script> [8489 bytes]","args":[{"element-6066-11e4-a52e-4f735466cecf":"f.5281968FC682DAF02FAC5F987076CB5D.d.4EE5C8C5DCCE73DF4B7736ADF680F3ED.e.5361","ELEMENT":"f.5281968FC682DAF02FAC5F987076CB5D.d.4EE5C8C5DCCE73DF4B7736ADF680F3ED.e.5361"}]}
COMMAND: POST /session/989d4e3e3c66b6f7845d3771674e314d/element - {"using":"css selector","value":"#shell-header-logo"}
COMMAND: GET /session/989d4e3e3c66b6f7845d3771674e314d/screenshot - {}
RESULT: {"using":"css selector","value":"#shell-header-logo"}
COMMAND: POST /session/989d4e3e3c66b6f7845d3771674e314d/execute/sync - {"script":"<script> [8489 bytes]","args":[{"element-6066-11e4-a52e-4f735466cecf":"f.5281968FC682DAF02FAC5F987076CB5D.d.4EE5C8C5DCCE73DF4B7736ADF680F3ED.e.5361","ELEMENT":"f.5281968FC682DAF02FAC5F987076CB5D.d.4EE5C8C5DCCE73DF4B7736ADF680F3ED.e.5361"}]}
RESULT: {}
RESULT: {"script":"<script> [8489 bytes]","args":[{"element-6066-11e4-a52e-4f735466cecf":"f.5281968FC682DAF02FAC5F987076CB5D.d.4EE5C8C5DCCE73DF4B7736ADF680F3ED.e.5361","ELEMENT":"f.5281968FC682DAF02FAC5F987076CB5D.d.4EE5C8C5DCCE73DF4B7736ADF680F3ED.e.5361"}]}
COMMAND: POST /session/989d4e3e3c66b6f7845d3771674e314d/execute/sync - {"script":"<script> [5351 bytes]","args":[{"element-6066-11e4-a52e-4f735466cecf":"f.5281968FC682DAF02FAC5F987076CB5D.d.4EE5C8C5DCCE73DF4B7736ADF680F3ED.e.5361","ELEMENT":"f.5281968FC682DAF02FAC5F987076CB5D.d.4EE5C8C5DCCE73DF4B7736ADF680F3ED.e.5361"}]}
COMMAND: GET /session/989d4e3e3c66b6f7845d3771674e314d/screenshot - {}
RESULT: {"script":"<script> [5351 bytes]","args":[{"element-6066-11e4-a52e-4f735466cecf":"f.5281968FC682DAF02FAC5F987076CB5D.d.4EE5C8C5DCCE73DF4B7736ADF680F3ED.e.5361","ELEMENT":"f.5281968FC682DAF02FAC5F987076CB5D.d.4EE5C8C5DCCE73DF4B7736ADF680F3ED.e.5361"}]}
COMMAND: POST /session/989d4e3e3c66b6f7845d3771674e314d/element - {"using":"css selector","value":"#shell-header-logo"}
COMMAND: GET /session/989d4e3e3c66b6f7845d3771674e314d/screenshot - {}
RESULT: {}
RESULT: {"using":"css selector","value":"#shell-header-logo"}
COMMAND: POST /session/989d4e3e3c66b6f7845d3771674e314d/element/f.5281968FC682DAF02FAC5F987076CB5D.d.4EE5C8C5DCCE73DF4B7736ADF680F3ED.e.5361/click - {}
RESULT: {}
RESULT: {}
COMMAND: GET /session/989d4e3e3c66b6f7845d3771674e314d/screenshot - {}
RESULT: {}
COMMAND: POST /session/989d4e3e3c66b6f7845d3771674e314d/execute/async - {"script":"<script> [189 bytes]","args":[]}
RESULT: {"script":"<script> [189 bytes]","args":[]}
COMMAND: POST /session/989d4e3e3c66b6f7845d3771674e314d/execute/async - {"script":"<script> [123 bytes]","args":[]}
RESULT: {"script":"<script> [123 bytes]","args":[]}
COMMAND: POST /session/989d4e3e3c66b6f7845d3771674e314d/timeouts - {"script":"<number>"}
RESULT: {"script":"<number>"}
COMMAND: GET /session/989d4e3e3c66b6f7845d3771674e314d/timeouts - {}
RESULT: {}
RESULT: undefined
COMMAND: POST /session/989d4e3e3c66b6f7845d3771674e314d/execute/async - {"script":"<script> [2676 bytes]","args":[]}
RESULT: {"script":"<script> [2676 bytes]","args":[]}
COMMAND: POST /session/989d4e3e3c66b6f7845d3771674e314d/execute/async - {"script":"<script> [2342 bytes]","args":[{"protocol":"http","hostname":"0.0.0.0","path":"/","capabilities":{"browserName":"chrome","goog:chromeOptions":{"binary":"C:\\Program Files\\Google\\Chrome\\Application\\chrome.exe","args":["--start-maximized"]}},"logLevel":"warn","connectionRetryTimeout":120000,"connectionRetryCount":3,"logLevels":{},"enableDirectConnect":true,"strictSSL":true,"_":"65 more keys: [\"cacheDir\",\"port\",\"requestedCapabilities\",\"automationProtocol\",\"baseUrl\",\"waitforInterval\",\"waitforTimeout\",\"onReload\",\"beforeCommand\",\"afterCommand\",\"rootDir\",\"specs\",\"suites\",\"exclude\",\"groupLogsByTestSpec\",\"excludeDriverLogs\",\"bail\",\"framework\",\"reporters\",\"services\",\"maxInstances\",\"maxInstancesPerCapability\",\"injectGlobals\",\"filesToWatch\",\"execArgv\",\"runnerEnv\",\"runner\",\"shard\",\"specFileRetries\",\"specFileRetriesDelay\",\"specFileRetriesDeferred\",\"reporterSyncInterval\",\"reporterSyncTimeout\",\"cucumberFeaturesWithLineNumbers\",\"autoCompileOpts\",\"mochaOpts\",\"jasmineOpts\",\"cucumberOpts\",\"onPrepare\",\"onWorkerStart\",\"onWorkerEnd\",\"before\",\"beforeSession\",\"beforeSuite\",\"beforeHook\",\"beforeTest\",\"afterTest\",\"afterHook\",\"afterSuite\",\"afterSession\",\"after\",\"onComplete\",\"beforeAssertion\",\"afterAssertion\",\"beforeFeature\",\"beforeScenario\",\"beforeStep\",\"afterStep\",\"afterScenario\",\"afterFeature\",\"_\",\"suite\",\"$0\",\"ignoredWorkerServices\",\"wdi5\"]"}]}
RESULT: {"script":"<script> [2342 bytes]","args":[{"protocol":"http","hostname":"0.0.0.0","path":"/","capabilities":{"browserName":"chrome","goog:chromeOptions":{"binary":"C:\\Program Files\\Google\\Chrome\\Application\\chrome.exe","args":["--start-maximized"]}},"logLevel":"warn","connectionRetryTimeout":120000,"connectionRetryCount":3,"logLevels":{},"enableDirectConnect":true,"strictSSL":true,"_":"65 more keys: [\"cacheDir\",\"port\",\"requestedCapabilities\",\"automationProtocol\",\"baseUrl\",\"waitforInterval\",\"waitforTimeout\",\"onReload\",\"beforeCommand\",\"afterCommand\",\"rootDir\",\"specs\",\"suites\",\"exclude\",\"groupLogsByTestSpec\",\"excludeDriverLogs\",\"bail\",\"framework\",\"reporters\",\"services\",\"maxInstances\",\"maxInstancesPerCapability\",\"injectGlobals\",\"filesToWatch\",\"execArgv\",\"runnerEnv\",\"runner\",\"shard\",\"specFileRetries\",\"specFileRetriesDelay\",\"specFileRetriesDeferred\",\"reporterSyncInterval\",\"reporterSyncTimeout\",\"cucumberFeaturesWithLineNumbers\",\"autoCompileOpts\",\"mochaOpts\",\"jasmineOpts\",\"cucumberOpts\",\"onPrepare\",\"onWorkerStart\",\"onWorkerEnd\",\"before\",\"beforeSession\",\"beforeSuite\",\"beforeHook\",\"beforeTest\",\"afterTest\",\"afterHook\",\"afterSuite\",\"afterSession\",\"after\",\"onComplete\",\"beforeAssertion\",\"afterAssertion\",\"beforeFeature\",\"beforeScenario\",\"beforeStep\",\"afterStep\",\"afterScenario\",\"afterFeature\",\"_\",\"suite\",\"$0\",\"ignoredWorkerServices\",\"wdi5\"]"}]}
COMMAND: POST /session/989d4e3e3c66b6f7845d3771674e314d/execute/async - {"script":"<script> [21126 bytes]","args":[35000]}
RESULT: {"script":"<script> [21126 bytes]","args":[35000]}
COMMAND: POST /session/989d4e3e3c66b6f7845d3771674e314d/window/maximize - {}
RESULT: {}
COMMAND: POST /session/989d4e3e3c66b6f7845d3771674e314d/execute/async - {"script":"<script> [1562 bytes]","args":[{"selector":{"id":"shell-header","interaction":{"idSuffix":"icon"}},"wdio_ui5_key":"shellheader"}]}
COMMAND: GET /session/989d4e3e3c66b6f7845d3771674e314d/screenshot - {}
RESULT: {"script":"<script> [1562 bytes]","args":[{"selector":{"id":"shell-header","interaction":{"idSuffix":"icon"}},"wdio_ui5_key":"shellheader"}]}
RESULT: undefined
RESULT: {}
COMMAND: POST /session/989d4e3e3c66b6f7845d3771674e314d/execute/async - {"script":"<script> [1562 bytes]","args":[{"selector":{"controlType":"sap.m.Title","i18NText":{"propertyName":"text","key":"dataCollectionAgreement"},"searchOpenDialogs":true},"wdio_ui5_key":"sapm.Title{\"propertyName\":\"text\",\"key\":\"dataCollectionAgreement\"}"}]}
RESULT: {"script":"<script> [1562 bytes]","args":[{"selector":{"controlType":"sap.m.Title","i18NText":{"propertyName":"text","key":"dataCollectionAgreement"},"searchOpenDialogs":true},"wdio_ui5_key":"sapm.Title{\"propertyName\":\"text\",\"key\":\"dataCollectionAgreement\"}"}]}
RESULT: undefined
COMMAND: POST /session/989d4e3e3c66b6f7845d3771674e314d/execute/async - {"script":"<script> [1562 bytes]","args":[{"selector":{"controlType":"sap.m.GenericTile","properties":{"header":"Manage Resources"}},"wdio_ui5_key":"sapm.GenericTile{\"header\":\"Manage Resources\"}"}]}
RESULT: {"script":"<script> [1562 bytes]","args":[{"selector":{"controlType":"sap.m.GenericTile","properties":{"header":"Manage Resources"}},"wdio_ui5_key":"sapm.GenericTile{\"header\":\"Manage Resources\"}"}]}
RESULT: undefined
COMMAND: POST /session/989d4e3e3c66b6f7845d3771674e314d/element - {"using":"xpath","value":"//*[@id=\"__tile31\"]"}
RESULT: {"using":"xpath","value":"//*[@id=\"__tile31\"]"}
COMMAND: POST /session/989d4e3e3c66b6f7845d3771674e314d/element/f.5281968FC682DAF02FAC5F987076CB5D.d.4EE5C8C5DCCE73DF4B7736ADF680F3ED.e.5383/click - {}
RESULT: {}
COMMAND: GET /session/989d4e3e3c66b6f7845d3771674e314d/screenshot - {}
RESULT: {}
]]></system-out>
    </testcase>
  </testsuite>
  <testsuite timestamp="2025-04-30T07:15:58" time="575.048" tests="2" failures="0" errors="0" skipped="0">
    <properties>
      <property name="specId" value="0" />
      <property name="suiteName" value="Create 2 RU material US118246" />
      <property name="capabilities" value="chrome.135_0_7049_96.windows" />
      <property name="file" value="file:///D:/a/1/s/test/specs/R2C/create-material.spec.js" />
    </properties>
    <testcase classname="chrome.135_0_7049_96.windows.Create_2_RU_material_US118246" name="Create material" time="271.288">
      <system-out><![CDATA[
COMMAND: POST /session/989d4e3e3c66b6f7845d3771674e314d/element - {"using":"xpath","value":"//button[@data-kt=\"addNewRUOverflowToolbarButton\"]"}
RESULT: {"using":"xpath","value":"//button[@data-kt=\"addNewRUOverflowToolbarButton\"]"}
COMMAND: POST /session/989d4e3e3c66b6f7845d3771674e314d/element - {"using":"xpath","value":"//button[@data-kt=\"addNewRUOverflowToolbarButton\"]"}
RESULT: {"using":"xpath","value":"//button[@data-kt=\"addNewRUOverflowToolbarButton\"]"}
COMMAND: POST /session/989d4e3e3c66b6f7845d3771674e314d/element - {"using":"xpath","value":"//button[@data-kt=\"addNewRUOverflowToolbarButton\"]"}
RESULT: {"using":"xpath","value":"//button[@data-kt=\"addNewRUOverflowToolbarButton\"]"}
COMMAND: POST /session/989d4e3e3c66b6f7845d3771674e314d/element - {"using":"xpath","value":"//button[@data-kt=\"addNewRUOverflowToolbarButton\"]"}
RESULT: {"using":"xpath","value":"//button[@data-kt=\"addNewRUOverflowToolbarButton\"]"}
COMMAND: POST /session/989d4e3e3c66b6f7845d3771674e314d/element - {"using":"xpath","value":"//button[@data-kt=\"addNewRUOverflowToolbarButton\"]"}
COMMAND: POST /session/989d4e3e3c66b6f7845d3771674e314d/execute/async - {"script":"<script> [1562 bytes]","args":[{"selector":{"controlType":"sap.ui.core.Icon","viewName":"etm.portal.ui.manageresources.view.Master","viewId":"application-manageresources-display-component---masterRU","properties":{"src":{"regex":{"source":"add"}}}},"wdio_ui5_key":"etmportal.ui.manageresources.view.Mastersap.ui.core.Icon{\"src\":{\"regex\":{\"source\":\"add\"}}}"}]}
RESULT: {"using":"xpath","value":"//button[@data-kt=\"addNewRUOverflowToolbarButton\"]"}
RESULT: {"script":"<script> [1562 bytes]","args":[{"selector":{"controlType":"sap.ui.core.Icon","viewName":"etm.portal.ui.manageresources.view.Master","viewId":"application-manageresources-display-component---masterRU","properties":{"src":{"regex":{"source":"add"}}}},"wdio_ui5_key":"etmportal.ui.manageresources.view.Mastersap.ui.core.Icon{\"src\":{\"regex\":{\"source\":\"add\"}}}"}]}
RESULT: undefined
COMMAND: POST /session/989d4e3e3c66b6f7845d3771674e314d/element - {"using":"xpath","value":"//*[@id=\"__button5-img\"]"}
RESULT: {"using":"xpath","value":"//*[@id=\"__button5-img\"]"}
COMMAND: POST /session/989d4e3e3c66b6f7845d3771674e314d/element/f.5281968FC682DAF02FAC5F987076CB5D.d.4EE5C8C5DCCE73DF4B7736ADF680F3ED.e.5521/click - {}
RESULT: {}
COMMAND: GET /session/989d4e3e3c66b6f7845d3771674e314d/screenshot - {}
RESULT: {}
COMMAND: POST /session/989d4e3e3c66b6f7845d3771674e314d/execute/async - {"script":"<script> [1562 bytes]","args":[{"selector":{"controlType":"sap.m.ComboBox","viewName":"reusables.view.manageresources.NewResourceUnit","viewId":"application-manageresources-display-component---newResourceUnit","bindingPath":{"path":"","propertyPath":"/RuTypes","modelName":"catalogModel"},"searchOpenDialogs":true},"wdio_ui5_key":"reusablesview.manageresources.NewResourceUnitsap.m.ComboBox{\"path\":\"\",\"propertyPath\":\"/RuTypes\",\"modelName\":\"catalogModel\"}"}]}
RESULT: {"script":"<script> [1562 bytes]","args":[{"selector":{"controlType":"sap.m.ComboBox","viewName":"reusables.view.manageresources.NewResourceUnit","viewId":"application-manageresources-display-component---newResourceUnit","bindingPath":{"path":"","propertyPath":"/RuTypes","modelName":"catalogModel"},"searchOpenDialogs":true},"wdio_ui5_key":"reusablesview.manageresources.NewResourceUnitsap.m.ComboBox{\"path\":\"\",\"propertyPath\":\"/RuTypes\",\"modelName\":\"catalogModel\"}"}]}
RESULT: undefined
COMMAND: POST /session/989d4e3e3c66b6f7845d3771674e314d/execute/async - {"script":"<script> [1562 bytes]","args":[{"selector":{"controlType":"sap.m.ComboBox","viewName":"reusables.view.manageresources.NewResourceUnit","viewId":"application-manageresources-display-component---newResourceUnit","bindingPath":{"path":"","propertyPath":"/Yards","modelName":"catalogModel"},"searchOpenDialogs":true},"wdio_ui5_key":"reusablesview.manageresources.NewResourceUnitsap.m.ComboBox{\"path\":\"\",\"propertyPath\":\"/Yards\",\"modelName\":\"catalogModel\"}"}]}
RESULT: {"script":"<script> [1562 bytes]","args":[{"selector":{"controlType":"sap.m.ComboBox","viewName":"reusables.view.manageresources.NewResourceUnit","viewId":"application-manageresources-display-component---newResourceUnit","bindingPath":{"path":"","propertyPath":"/Yards","modelName":"catalogModel"},"searchOpenDialogs":true},"wdio_ui5_key":"reusablesview.manageresources.NewResourceUnitsap.m.ComboBox{\"path\":\"\",\"propertyPath\":\"/Yards\",\"modelName\":\"catalogModel\"}"}]}
RESULT: undefined
COMMAND: POST /session/989d4e3e3c66b6f7845d3771674e314d/execute/async - {"script":"<script> [1562 bytes]","args":[{"selector":{"controlType":"etm.portal.ui.reusables.customControls.LiveSearchComboBox","viewName":"reusables.view.manageresources.NewResourceUnit","viewId":"application-manageresources-display-component---newResourceUnit","bindingPath":{"path":"","propertyPath":"/CatalogItems","modelName":"catalogModel"},"searchOpenDialogs":true},"wdio_ui5_key":"reusablesview.manageresources.NewResourceUnitetm.portal.ui.reusables.customControls.LiveSearchComboBox{\"path\":\"\",\"propertyPath\":\"/CatalogItems\",\"modelName\":\"catalogModel\"}"}]}
RESULT: {"script":"<script> [1562 bytes]","args":[{"selector":{"controlType":"etm.portal.ui.reusables.customControls.LiveSearchComboBox","viewName":"reusables.view.manageresources.NewResourceUnit","viewId":"application-manageresources-display-component---newResourceUnit","bindingPath":{"path":"","propertyPath":"/CatalogItems","modelName":"catalogModel"},"searchOpenDialogs":true},"wdio_ui5_key":"reusablesview.manageresources.NewResourceUnitetm.portal.ui.reusables.customControls.LiveSearchComboBox{\"path\":\"\",\"propertyPath\":\"/CatalogItems\",\"modelName\":\"catalogModel\"}"}]}
RESULT: undefined
COMMAND: POST /session/989d4e3e3c66b6f7845d3771674e314d/element - {"using":"xpath","value":"//bdi[text()=\"OK\"]"}
RESULT: {"using":"xpath","value":"//bdi[text()=\"OK\"]"}
COMMAND: POST /session/989d4e3e3c66b6f7845d3771674e314d/elements - {"using":"xpath","value":"//bdi[text()=\"OK\"]"}
RESULT: {"using":"xpath","value":"//bdi[text()=\"OK\"]"}
COMMAND: POST /session/989d4e3e3c66b6f7845d3771674e314d/elements - {"using":"xpath","value":"//bdi[text()=\"OK\"]"}
RESULT: {"using":"xpath","value":"//bdi[text()=\"OK\"]"}
COMMAND: POST /session/989d4e3e3c66b6f7845d3771674e314d/elements - {"using":"xpath","value":"//bdi[text()=\"OK\"]"}
RESULT: {"using":"xpath","value":"//bdi[text()=\"OK\"]"}
COMMAND: POST /session/989d4e3e3c66b6f7845d3771674e314d/elements - {"using":"xpath","value":"//bdi[text()=\"OK\"]"}
RESULT: {"using":"xpath","value":"//bdi[text()=\"OK\"]"}
COMMAND: POST /session/989d4e3e3c66b6f7845d3771674e314d/elements - {"using":"xpath","value":"//bdi[text()=\"OK\"]"}
RESULT: {"using":"xpath","value":"//bdi[text()=\"OK\"]"}
COMMAND: POST /session/989d4e3e3c66b6f7845d3771674e314d/elements - {"using":"xpath","value":"//bdi[text()=\"OK\"]"}
RESULT: {"using":"xpath","value":"//bdi[text()=\"OK\"]"}
COMMAND: POST /session/989d4e3e3c66b6f7845d3771674e314d/elements - {"using":"xpath","value":"//bdi[text()=\"OK\"]"}
RESULT: {"using":"xpath","value":"//bdi[text()=\"OK\"]"}
COMMAND: POST /session/989d4e3e3c66b6f7845d3771674e314d/elements - {"using":"xpath","value":"//bdi[text()=\"OK\"]"}
RESULT: {"using":"xpath","value":"//bdi[text()=\"OK\"]"}
COMMAND: POST /session/989d4e3e3c66b6f7845d3771674e314d/elements - {"using":"xpath","value":"//bdi[text()=\"OK\"]"}
RESULT: {"using":"xpath","value":"//bdi[text()=\"OK\"]"}
COMMAND: POST /session/989d4e3e3c66b6f7845d3771674e314d/elements - {"using":"xpath","value":"//bdi[text()=\"OK\"]"}
RESULT: {"using":"xpath","value":"//bdi[text()=\"OK\"]"}
COMMAND: POST /session/989d4e3e3c66b6f7845d3771674e314d/elements - {"using":"xpath","value":"//bdi[text()=\"OK\"]"}
RESULT: {"using":"xpath","value":"//bdi[text()=\"OK\"]"}
COMMAND: POST /session/989d4e3e3c66b6f7845d3771674e314d/elements - {"using":"xpath","value":"//bdi[text()=\"OK\"]"}
RESULT: {"using":"xpath","value":"//bdi[text()=\"OK\"]"}
COMMAND: POST /session/989d4e3e3c66b6f7845d3771674e314d/elements - {"using":"xpath","value":"//bdi[text()=\"OK\"]"}
RESULT: {"using":"xpath","value":"//bdi[text()=\"OK\"]"}
COMMAND: POST /session/989d4e3e3c66b6f7845d3771674e314d/elements - {"using":"xpath","value":"//bdi[text()=\"OK\"]"}
RESULT: {"using":"xpath","value":"//bdi[text()=\"OK\"]"}
COMMAND: POST /session/989d4e3e3c66b6f7845d3771674e314d/elements - {"using":"xpath","value":"//bdi[text()=\"OK\"]"}
RESULT: {"using":"xpath","value":"//bdi[text()=\"OK\"]"}
COMMAND: POST /session/989d4e3e3c66b6f7845d3771674e314d/elements - {"using":"xpath","value":"//bdi[text()=\"OK\"]"}
RESULT: {"using":"xpath","value":"//bdi[text()=\"OK\"]"}
COMMAND: POST /session/989d4e3e3c66b6f7845d3771674e314d/elements - {"using":"xpath","value":"//bdi[text()=\"OK\"]"}
RESULT: {"using":"xpath","value":"//bdi[text()=\"OK\"]"}
COMMAND: POST /session/989d4e3e3c66b6f7845d3771674e314d/elements - {"using":"xpath","value":"//bdi[text()=\"OK\"]"}
RESULT: {"using":"xpath","value":"//bdi[text()=\"OK\"]"}
COMMAND: POST /session/989d4e3e3c66b6f7845d3771674e314d/elements - {"using":"xpath","value":"//bdi[text()=\"OK\"]"}
RESULT: {"using":"xpath","value":"//bdi[text()=\"OK\"]"}
COMMAND: POST /session/989d4e3e3c66b6f7845d3771674e314d/elements - {"using":"xpath","value":"//bdi[text()=\"OK\"]"}
RESULT: {"using":"xpath","value":"//bdi[text()=\"OK\"]"}
COMMAND: POST /session/989d4e3e3c66b6f7845d3771674e314d/elements - {"using":"xpath","value":"//bdi[text()=\"OK\"]"}
RESULT: {"using":"xpath","value":"//bdi[text()=\"OK\"]"}
COMMAND: POST /session/989d4e3e3c66b6f7845d3771674e314d/elements - {"using":"xpath","value":"//bdi[text()=\"OK\"]"}
RESULT: {"using":"xpath","value":"//bdi[text()=\"OK\"]"}
COMMAND: POST /session/989d4e3e3c66b6f7845d3771674e314d/elements - {"using":"xpath","value":"//bdi[text()=\"OK\"]"}
RESULT: {"using":"xpath","value":"//bdi[text()=\"OK\"]"}
COMMAND: POST /session/989d4e3e3c66b6f7845d3771674e314d/elements - {"using":"xpath","value":"//bdi[text()=\"OK\"]"}
RESULT: {"using":"xpath","value":"//bdi[text()=\"OK\"]"}
COMMAND: POST /session/989d4e3e3c66b6f7845d3771674e314d/elements - {"using":"xpath","value":"//bdi[text()=\"OK\"]"}
RESULT: {"using":"xpath","value":"//bdi[text()=\"OK\"]"}
COMMAND: POST /session/989d4e3e3c66b6f7845d3771674e314d/elements - {"using":"xpath","value":"//bdi[text()=\"OK\"]"}
RESULT: {"using":"xpath","value":"//bdi[text()=\"OK\"]"}
COMMAND: POST /session/989d4e3e3c66b6f7845d3771674e314d/elements - {"using":"xpath","value":"//bdi[text()=\"OK\"]"}
RESULT: {"using":"xpath","value":"//bdi[text()=\"OK\"]"}
COMMAND: POST /session/989d4e3e3c66b6f7845d3771674e314d/elements - {"using":"xpath","value":"//bdi[text()=\"OK\"]"}
RESULT: {"using":"xpath","value":"//bdi[text()=\"OK\"]"}
COMMAND: POST /session/989d4e3e3c66b6f7845d3771674e314d/elements - {"using":"xpath","value":"//bdi[text()=\"OK\"]"}
RESULT: {"using":"xpath","value":"//bdi[text()=\"OK\"]"}
COMMAND: POST /session/989d4e3e3c66b6f7845d3771674e314d/elements - {"using":"xpath","value":"//bdi[text()=\"OK\"]"}
RESULT: {"using":"xpath","value":"//bdi[text()=\"OK\"]"}
COMMAND: POST /session/989d4e3e3c66b6f7845d3771674e314d/elements - {"using":"xpath","value":"//bdi[text()=\"OK\"]"}
RESULT: {"using":"xpath","value":"//bdi[text()=\"OK\"]"}
COMMAND: POST /session/989d4e3e3c66b6f7845d3771674e314d/elements - {"using":"xpath","value":"//bdi[text()=\"OK\"]"}
RESULT: {"using":"xpath","value":"//bdi[text()=\"OK\"]"}
COMMAND: POST /session/989d4e3e3c66b6f7845d3771674e314d/elements - {"using":"xpath","value":"//bdi[text()=\"OK\"]"}
RESULT: {"using":"xpath","value":"//bdi[text()=\"OK\"]"}
COMMAND: POST /session/989d4e3e3c66b6f7845d3771674e314d/elements - {"using":"xpath","value":"//bdi[text()=\"OK\"]"}
RESULT: {"using":"xpath","value":"//bdi[text()=\"OK\"]"}
COMMAND: POST /session/989d4e3e3c66b6f7845d3771674e314d/elements - {"using":"xpath","value":"//bdi[text()=\"OK\"]"}
RESULT: {"using":"xpath","value":"//bdi[text()=\"OK\"]"}
COMMAND: POST /session/989d4e3e3c66b6f7845d3771674e314d/elements - {"using":"xpath","value":"//bdi[text()=\"OK\"]"}
RESULT: {"using":"xpath","value":"//bdi[text()=\"OK\"]"}
COMMAND: POST /session/989d4e3e3c66b6f7845d3771674e314d/elements - {"using":"xpath","value":"//bdi[text()=\"OK\"]"}
RESULT: {"using":"xpath","value":"//bdi[text()=\"OK\"]"}
COMMAND: POST /session/989d4e3e3c66b6f7845d3771674e314d/elements - {"using":"xpath","value":"//bdi[text()=\"OK\"]"}
RESULT: {"using":"xpath","value":"//bdi[text()=\"OK\"]"}
COMMAND: POST /session/989d4e3e3c66b6f7845d3771674e314d/elements - {"using":"xpath","value":"//bdi[text()=\"OK\"]"}
RESULT: {"using":"xpath","value":"//bdi[text()=\"OK\"]"}
COMMAND: POST /session/989d4e3e3c66b6f7845d3771674e314d/elements - {"using":"xpath","value":"//bdi[text()=\"OK\"]"}
RESULT: {"using":"xpath","value":"//bdi[text()=\"OK\"]"}
COMMAND: POST /session/989d4e3e3c66b6f7845d3771674e314d/elements - {"using":"xpath","value":"//bdi[text()=\"OK\"]"}
RESULT: {"using":"xpath","value":"//bdi[text()=\"OK\"]"}
COMMAND: POST /session/989d4e3e3c66b6f7845d3771674e314d/elements - {"using":"xpath","value":"//bdi[text()=\"OK\"]"}
RESULT: {"using":"xpath","value":"//bdi[text()=\"OK\"]"}
COMMAND: POST /session/989d4e3e3c66b6f7845d3771674e314d/elements - {"using":"xpath","value":"//bdi[text()=\"OK\"]"}
RESULT: {"using":"xpath","value":"//bdi[text()=\"OK\"]"}
COMMAND: POST /session/989d4e3e3c66b6f7845d3771674e314d/elements - {"using":"xpath","value":"//bdi[text()=\"OK\"]"}
RESULT: {"using":"xpath","value":"//bdi[text()=\"OK\"]"}
COMMAND: POST /session/989d4e3e3c66b6f7845d3771674e314d/elements - {"using":"xpath","value":"//bdi[text()=\"OK\"]"}
RESULT: {"using":"xpath","value":"//bdi[text()=\"OK\"]"}
COMMAND: POST /session/989d4e3e3c66b6f7845d3771674e314d/elements - {"using":"xpath","value":"//bdi[text()=\"OK\"]"}
RESULT: {"using":"xpath","value":"//bdi[text()=\"OK\"]"}
COMMAND: POST /session/989d4e3e3c66b6f7845d3771674e314d/elements - {"using":"xpath","value":"//bdi[text()=\"OK\"]"}
RESULT: {"using":"xpath","value":"//bdi[text()=\"OK\"]"}
COMMAND: POST /session/989d4e3e3c66b6f7845d3771674e314d/elements - {"using":"xpath","value":"//bdi[text()=\"OK\"]"}
RESULT: {"using":"xpath","value":"//bdi[text()=\"OK\"]"}
COMMAND: POST /session/989d4e3e3c66b6f7845d3771674e314d/elements - {"using":"xpath","value":"//bdi[text()=\"OK\"]"}
RESULT: {"using":"xpath","value":"//bdi[text()=\"OK\"]"}
COMMAND: POST /session/989d4e3e3c66b6f7845d3771674e314d/elements - {"using":"xpath","value":"//bdi[text()=\"OK\"]"}
RESULT: {"using":"xpath","value":"//bdi[text()=\"OK\"]"}
COMMAND: POST /session/989d4e3e3c66b6f7845d3771674e314d/elements - {"using":"xpath","value":"//bdi[text()=\"OK\"]"}
RESULT: {"using":"xpath","value":"//bdi[text()=\"OK\"]"}
COMMAND: POST /session/989d4e3e3c66b6f7845d3771674e314d/elements - {"using":"xpath","value":"//bdi[text()=\"OK\"]"}
RESULT: {"using":"xpath","value":"//bdi[text()=\"OK\"]"}
COMMAND: POST /session/989d4e3e3c66b6f7845d3771674e314d/elements - {"using":"xpath","value":"//bdi[text()=\"OK\"]"}
RESULT: {"using":"xpath","value":"//bdi[text()=\"OK\"]"}
COMMAND: POST /session/989d4e3e3c66b6f7845d3771674e314d/elements - {"using":"xpath","value":"//bdi[text()=\"OK\"]"}
RESULT: {"using":"xpath","value":"//bdi[text()=\"OK\"]"}
COMMAND: POST /session/989d4e3e3c66b6f7845d3771674e314d/elements - {"using":"xpath","value":"//bdi[text()=\"OK\"]"}
RESULT: {"using":"xpath","value":"//bdi[text()=\"OK\"]"}
COMMAND: POST /session/989d4e3e3c66b6f7845d3771674e314d/elements - {"using":"xpath","value":"//bdi[text()=\"OK\"]"}
RESULT: {"using":"xpath","value":"//bdi[text()=\"OK\"]"}
COMMAND: POST /session/989d4e3e3c66b6f7845d3771674e314d/elements - {"using":"xpath","value":"//bdi[text()=\"OK\"]"}
RESULT: {"using":"xpath","value":"//bdi[text()=\"OK\"]"}
COMMAND: POST /session/989d4e3e3c66b6f7845d3771674e314d/elements - {"using":"xpath","value":"//bdi[text()=\"OK\"]"}
RESULT: {"using":"xpath","value":"//bdi[text()=\"OK\"]"}
COMMAND: POST /session/989d4e3e3c66b6f7845d3771674e314d/elements - {"using":"xpath","value":"//bdi[text()=\"OK\"]"}
RESULT: {"using":"xpath","value":"//bdi[text()=\"OK\"]"}
COMMAND: POST /session/989d4e3e3c66b6f7845d3771674e314d/elements - {"using":"xpath","value":"//bdi[text()=\"OK\"]"}
RESULT: {"using":"xpath","value":"//bdi[text()=\"OK\"]"}
COMMAND: POST /session/989d4e3e3c66b6f7845d3771674e314d/elements - {"using":"xpath","value":"//bdi[text()=\"OK\"]"}
RESULT: {"using":"xpath","value":"//bdi[text()=\"OK\"]"}
COMMAND: POST /session/989d4e3e3c66b6f7845d3771674e314d/elements - {"using":"xpath","value":"//bdi[text()=\"OK\"]"}
RESULT: {"using":"xpath","value":"//bdi[text()=\"OK\"]"}
COMMAND: POST /session/989d4e3e3c66b6f7845d3771674e314d/elements - {"using":"xpath","value":"//bdi[text()=\"OK\"]"}
RESULT: {"using":"xpath","value":"//bdi[text()=\"OK\"]"}
COMMAND: POST /session/989d4e3e3c66b6f7845d3771674e314d/elements - {"using":"xpath","value":"//bdi[text()=\"OK\"]"}
RESULT: {"using":"xpath","value":"//bdi[text()=\"OK\"]"}
COMMAND: POST /session/989d4e3e3c66b6f7845d3771674e314d/elements - {"using":"xpath","value":"//bdi[text()=\"OK\"]"}
RESULT: {"using":"xpath","value":"//bdi[text()=\"OK\"]"}
COMMAND: POST /session/989d4e3e3c66b6f7845d3771674e314d/elements - {"using":"xpath","value":"//bdi[text()=\"OK\"]"}
RESULT: {"using":"xpath","value":"//bdi[text()=\"OK\"]"}
COMMAND: POST /session/989d4e3e3c66b6f7845d3771674e314d/elements - {"using":"xpath","value":"//bdi[text()=\"OK\"]"}
RESULT: {"using":"xpath","value":"//bdi[text()=\"OK\"]"}
COMMAND: POST /session/989d4e3e3c66b6f7845d3771674e314d/elements - {"using":"xpath","value":"//bdi[text()=\"OK\"]"}
RESULT: {"using":"xpath","value":"//bdi[text()=\"OK\"]"}
COMMAND: POST /session/989d4e3e3c66b6f7845d3771674e314d/elements - {"using":"xpath","value":"//bdi[text()=\"OK\"]"}
RESULT: {"using":"xpath","value":"//bdi[text()=\"OK\"]"}
COMMAND: POST /session/989d4e3e3c66b6f7845d3771674e314d/elements - {"using":"xpath","value":"//bdi[text()=\"OK\"]"}
RESULT: {"using":"xpath","value":"//bdi[text()=\"OK\"]"}
COMMAND: POST /session/989d4e3e3c66b6f7845d3771674e314d/elements - {"using":"xpath","value":"//bdi[text()=\"OK\"]"}
RESULT: {"using":"xpath","value":"//bdi[text()=\"OK\"]"}
COMMAND: POST /session/989d4e3e3c66b6f7845d3771674e314d/elements - {"using":"xpath","value":"//bdi[text()=\"OK\"]"}
RESULT: {"using":"xpath","value":"//bdi[text()=\"OK\"]"}
COMMAND: POST /session/989d4e3e3c66b6f7845d3771674e314d/elements - {"using":"xpath","value":"//bdi[text()=\"OK\"]"}
RESULT: {"using":"xpath","value":"//bdi[text()=\"OK\"]"}
COMMAND: POST /session/989d4e3e3c66b6f7845d3771674e314d/elements - {"using":"xpath","value":"//bdi[text()=\"OK\"]"}
RESULT: {"using":"xpath","value":"//bdi[text()=\"OK\"]"}
COMMAND: POST /session/989d4e3e3c66b6f7845d3771674e314d/elements - {"using":"xpath","value":"//bdi[text()=\"OK\"]"}
RESULT: {"using":"xpath","value":"//bdi[text()=\"OK\"]"}
COMMAND: POST /session/989d4e3e3c66b6f7845d3771674e314d/elements - {"using":"xpath","value":"//bdi[text()=\"OK\"]"}
RESULT: {"using":"xpath","value":"//bdi[text()=\"OK\"]"}
COMMAND: POST /session/989d4e3e3c66b6f7845d3771674e314d/elements - {"using":"xpath","value":"//bdi[text()=\"OK\"]"}
RESULT: {"using":"xpath","value":"//bdi[text()=\"OK\"]"}
COMMAND: POST /session/989d4e3e3c66b6f7845d3771674e314d/elements - {"using":"xpath","value":"//bdi[text()=\"OK\"]"}
RESULT: {"using":"xpath","value":"//bdi[text()=\"OK\"]"}
COMMAND: POST /session/989d4e3e3c66b6f7845d3771674e314d/elements - {"using":"xpath","value":"//bdi[text()=\"OK\"]"}
RESULT: {"using":"xpath","value":"//bdi[text()=\"OK\"]"}
COMMAND: POST /session/989d4e3e3c66b6f7845d3771674e314d/elements - {"using":"xpath","value":"//bdi[text()=\"OK\"]"}
RESULT: {"using":"xpath","value":"//bdi[text()=\"OK\"]"}
COMMAND: POST /session/989d4e3e3c66b6f7845d3771674e314d/elements - {"using":"xpath","value":"//bdi[text()=\"OK\"]"}
RESULT: {"using":"xpath","value":"//bdi[text()=\"OK\"]"}
COMMAND: POST /session/989d4e3e3c66b6f7845d3771674e314d/elements - {"using":"xpath","value":"//bdi[text()=\"OK\"]"}
RESULT: {"using":"xpath","value":"//bdi[text()=\"OK\"]"}
COMMAND: POST /session/989d4e3e3c66b6f7845d3771674e314d/elements - {"using":"xpath","value":"//bdi[text()=\"OK\"]"}
RESULT: {"using":"xpath","value":"//bdi[text()=\"OK\"]"}
COMMAND: POST /session/989d4e3e3c66b6f7845d3771674e314d/elements - {"using":"xpath","value":"//bdi[text()=\"OK\"]"}
RESULT: {"using":"xpath","value":"//bdi[text()=\"OK\"]"}
COMMAND: POST /session/989d4e3e3c66b6f7845d3771674e314d/elements - {"using":"xpath","value":"//bdi[text()=\"OK\"]"}
RESULT: {"using":"xpath","value":"//bdi[text()=\"OK\"]"}
COMMAND: POST /session/989d4e3e3c66b6f7845d3771674e314d/elements - {"using":"xpath","value":"//bdi[text()=\"OK\"]"}
RESULT: {"using":"xpath","value":"//bdi[text()=\"OK\"]"}
COMMAND: POST /session/989d4e3e3c66b6f7845d3771674e314d/elements - {"using":"xpath","value":"//bdi[text()=\"OK\"]"}
RESULT: {"using":"xpath","value":"//bdi[text()=\"OK\"]"}
COMMAND: POST /session/989d4e3e3c66b6f7845d3771674e314d/elements - {"using":"xpath","value":"//bdi[text()=\"OK\"]"}
RESULT: {"using":"xpath","value":"//bdi[text()=\"OK\"]"}
COMMAND: POST /session/989d4e3e3c66b6f7845d3771674e314d/elements - {"using":"xpath","value":"//bdi[text()=\"OK\"]"}
RESULT: {"using":"xpath","value":"//bdi[text()=\"OK\"]"}
COMMAND: POST /session/989d4e3e3c66b6f7845d3771674e314d/elements - {"using":"xpath","value":"//bdi[text()=\"OK\"]"}
RESULT: {"using":"xpath","value":"//bdi[text()=\"OK\"]"}
COMMAND: POST /session/989d4e3e3c66b6f7845d3771674e314d/elements - {"using":"xpath","value":"//bdi[text()=\"OK\"]"}
RESULT: {"using":"xpath","value":"//bdi[text()=\"OK\"]"}
COMMAND: POST /session/989d4e3e3c66b6f7845d3771674e314d/elements - {"using":"xpath","value":"//bdi[text()=\"OK\"]"}
RESULT: {"using":"xpath","value":"//bdi[text()=\"OK\"]"}
COMMAND: POST /session/989d4e3e3c66b6f7845d3771674e314d/elements - {"using":"xpath","value":"//bdi[text()=\"OK\"]"}
RESULT: {"using":"xpath","value":"//bdi[text()=\"OK\"]"}
COMMAND: POST /session/989d4e3e3c66b6f7845d3771674e314d/elements - {"using":"xpath","value":"//bdi[text()=\"OK\"]"}
RESULT: {"using":"xpath","value":"//bdi[text()=\"OK\"]"}
COMMAND: POST /session/989d4e3e3c66b6f7845d3771674e314d/elements - {"using":"xpath","value":"//bdi[text()=\"OK\"]"}
RESULT: {"using":"xpath","value":"//bdi[text()=\"OK\"]"}
COMMAND: POST /session/989d4e3e3c66b6f7845d3771674e314d/elements - {"using":"xpath","value":"//bdi[text()=\"OK\"]"}
RESULT: {"using":"xpath","value":"//bdi[text()=\"OK\"]"}
COMMAND: POST /session/989d4e3e3c66b6f7845d3771674e314d/elements - {"using":"xpath","value":"//bdi[text()=\"OK\"]"}
RESULT: {"using":"xpath","value":"//bdi[text()=\"OK\"]"}
COMMAND: POST /session/989d4e3e3c66b6f7845d3771674e314d/elements - {"using":"xpath","value":"//bdi[text()=\"OK\"]"}
RESULT: {"using":"xpath","value":"//bdi[text()=\"OK\"]"}
COMMAND: POST /session/989d4e3e3c66b6f7845d3771674e314d/elements - {"using":"xpath","value":"//bdi[text()=\"OK\"]"}
RESULT: {"using":"xpath","value":"//bdi[text()=\"OK\"]"}
COMMAND: POST /session/989d4e3e3c66b6f7845d3771674e314d/elements - {"using":"xpath","value":"//bdi[text()=\"OK\"]"}
RESULT: {"using":"xpath","value":"//bdi[text()=\"OK\"]"}
COMMAND: POST /session/989d4e3e3c66b6f7845d3771674e314d/elements - {"using":"xpath","value":"//bdi[text()=\"OK\"]"}
RESULT: {"using":"xpath","value":"//bdi[text()=\"OK\"]"}
COMMAND: POST /session/989d4e3e3c66b6f7845d3771674e314d/elements - {"using":"xpath","value":"//bdi[text()=\"OK\"]"}
RESULT: {"using":"xpath","value":"//bdi[text()=\"OK\"]"}
COMMAND: POST /session/989d4e3e3c66b6f7845d3771674e314d/elements - {"using":"xpath","value":"//bdi[text()=\"OK\"]"}
RESULT: {"using":"xpath","value":"//bdi[text()=\"OK\"]"}
COMMAND: POST /session/989d4e3e3c66b6f7845d3771674e314d/elements - {"using":"xpath","value":"//bdi[text()=\"OK\"]"}
RESULT: {"using":"xpath","value":"//bdi[text()=\"OK\"]"}
COMMAND: POST /session/989d4e3e3c66b6f7845d3771674e314d/elements - {"using":"xpath","value":"//bdi[text()=\"OK\"]"}
RESULT: {"using":"xpath","value":"//bdi[text()=\"OK\"]"}
COMMAND: POST /session/989d4e3e3c66b6f7845d3771674e314d/elements - {"using":"xpath","value":"//bdi[text()=\"OK\"]"}
RESULT: {"using":"xpath","value":"//bdi[text()=\"OK\"]"}
COMMAND: POST /session/989d4e3e3c66b6f7845d3771674e314d/elements - {"using":"xpath","value":"//bdi[text()=\"OK\"]"}
RESULT: {"using":"xpath","value":"//bdi[text()=\"OK\"]"}
COMMAND: POST /session/989d4e3e3c66b6f7845d3771674e314d/elements - {"using":"xpath","value":"//bdi[text()=\"OK\"]"}
RESULT: {"using":"xpath","value":"//bdi[text()=\"OK\"]"}
COMMAND: POST /session/989d4e3e3c66b6f7845d3771674e314d/elements - {"using":"xpath","value":"//bdi[text()=\"OK\"]"}
RESULT: {"using":"xpath","value":"//bdi[text()=\"OK\"]"}
COMMAND: POST /session/989d4e3e3c66b6f7845d3771674e314d/elements - {"using":"xpath","value":"//bdi[text()=\"OK\"]"}
RESULT: {"using":"xpath","value":"//bdi[text()=\"OK\"]"}
COMMAND: POST /session/989d4e3e3c66b6f7845d3771674e314d/elements - {"using":"xpath","value":"//bdi[text()=\"OK\"]"}
RESULT: {"using":"xpath","value":"//bdi[text()=\"OK\"]"}
COMMAND: POST /session/989d4e3e3c66b6f7845d3771674e314d/elements - {"using":"xpath","value":"//bdi[text()=\"OK\"]"}
RESULT: {"using":"xpath","value":"//bdi[text()=\"OK\"]"}
COMMAND: POST /session/989d4e3e3c66b6f7845d3771674e314d/elements - {"using":"xpath","value":"//bdi[text()=\"OK\"]"}
RESULT: {"using":"xpath","value":"//bdi[text()=\"OK\"]"}
COMMAND: POST /session/989d4e3e3c66b6f7845d3771674e314d/elements - {"using":"xpath","value":"//bdi[text()=\"OK\"]"}
RESULT: {"using":"xpath","value":"//bdi[text()=\"OK\"]"}
COMMAND: POST /session/989d4e3e3c66b6f7845d3771674e314d/elements - {"using":"xpath","value":"//bdi[text()=\"OK\"]"}
RESULT: {"using":"xpath","value":"//bdi[text()=\"OK\"]"}
COMMAND: POST /session/989d4e3e3c66b6f7845d3771674e314d/elements - {"using":"xpath","value":"//bdi[text()=\"OK\"]"}
RESULT: {"using":"xpath","value":"//bdi[text()=\"OK\"]"}
COMMAND: POST /session/989d4e3e3c66b6f7845d3771674e314d/elements - {"using":"xpath","value":"//bdi[text()=\"OK\"]"}
RESULT: {"using":"xpath","value":"//bdi[text()=\"OK\"]"}
COMMAND: POST /session/989d4e3e3c66b6f7845d3771674e314d/elements - {"using":"xpath","value":"//bdi[text()=\"OK\"]"}
RESULT: {"using":"xpath","value":"//bdi[text()=\"OK\"]"}
COMMAND: POST /session/989d4e3e3c66b6f7845d3771674e314d/elements - {"using":"xpath","value":"//bdi[text()=\"OK\"]"}
RESULT: {"using":"xpath","value":"//bdi[text()=\"OK\"]"}
COMMAND: POST /session/989d4e3e3c66b6f7845d3771674e314d/elements - {"using":"xpath","value":"//bdi[text()=\"OK\"]"}
RESULT: {"using":"xpath","value":"//bdi[text()=\"OK\"]"}
COMMAND: POST /session/989d4e3e3c66b6f7845d3771674e314d/elements - {"using":"xpath","value":"//bdi[text()=\"OK\"]"}
COMMAND: POST /session/989d4e3e3c66b6f7845d3771674e314d/element - {"using":"xpath","value":"//bdi[text()=\"OK\"]"}
RESULT: {"using":"xpath","value":"//bdi[text()=\"OK\"]"}
RESULT: {"using":"xpath","value":"//bdi[text()=\"OK\"]"}
COMMAND: POST /session/989d4e3e3c66b6f7845d3771674e314d/elements - {"using":"xpath","value":"//bdi[text()=\"OK\"]"}
RESULT: {"using":"xpath","value":"//bdi[text()=\"OK\"]"}
COMMAND: POST /session/989d4e3e3c66b6f7845d3771674e314d/elements - {"using":"xpath","value":"//bdi[text()=\"OK\"]"}
RESULT: {"using":"xpath","value":"//bdi[text()=\"OK\"]"}
COMMAND: POST /session/989d4e3e3c66b6f7845d3771674e314d/elements - {"using":"xpath","value":"//bdi[text()=\"OK\"]"}
RESULT: {"using":"xpath","value":"//bdi[text()=\"OK\"]"}
COMMAND: POST /session/989d4e3e3c66b6f7845d3771674e314d/elements - {"using":"xpath","value":"//bdi[text()=\"OK\"]"}
RESULT: {"using":"xpath","value":"//bdi[text()=\"OK\"]"}
COMMAND: POST /session/989d4e3e3c66b6f7845d3771674e314d/elements - {"using":"xpath","value":"//bdi[text()=\"OK\"]"}
RESULT: {"using":"xpath","value":"//bdi[text()=\"OK\"]"}
COMMAND: POST /session/989d4e3e3c66b6f7845d3771674e314d/elements - {"using":"xpath","value":"//bdi[text()=\"OK\"]"}
RESULT: {"using":"xpath","value":"//bdi[text()=\"OK\"]"}
COMMAND: POST /session/989d4e3e3c66b6f7845d3771674e314d/elements - {"using":"xpath","value":"//bdi[text()=\"OK\"]"}
RESULT: {"using":"xpath","value":"//bdi[text()=\"OK\"]"}
COMMAND: POST /session/989d4e3e3c66b6f7845d3771674e314d/elements - {"using":"xpath","value":"//bdi[text()=\"OK\"]"}
RESULT: {"using":"xpath","value":"//bdi[text()=\"OK\"]"}
COMMAND: POST /session/989d4e3e3c66b6f7845d3771674e314d/elements - {"using":"xpath","value":"//bdi[text()=\"OK\"]"}
RESULT: {"using":"xpath","value":"//bdi[text()=\"OK\"]"}
COMMAND: POST /session/989d4e3e3c66b6f7845d3771674e314d/elements - {"using":"xpath","value":"//bdi[text()=\"OK\"]"}
RESULT: {"using":"xpath","value":"//bdi[text()=\"OK\"]"}
COMMAND: POST /session/989d4e3e3c66b6f7845d3771674e314d/elements - {"using":"xpath","value":"//bdi[text()=\"OK\"]"}
RESULT: {"using":"xpath","value":"//bdi[text()=\"OK\"]"}
COMMAND: POST /session/989d4e3e3c66b6f7845d3771674e314d/elements - {"using":"xpath","value":"//bdi[text()=\"OK\"]"}
RESULT: {"using":"xpath","value":"//bdi[text()=\"OK\"]"}
COMMAND: POST /session/989d4e3e3c66b6f7845d3771674e314d/elements - {"using":"xpath","value":"//bdi[text()=\"OK\"]"}
RESULT: {"using":"xpath","value":"//bdi[text()=\"OK\"]"}
COMMAND: POST /session/989d4e3e3c66b6f7845d3771674e314d/elements - {"using":"xpath","value":"//bdi[text()=\"OK\"]"}
RESULT: {"using":"xpath","value":"//bdi[text()=\"OK\"]"}
COMMAND: POST /session/989d4e3e3c66b6f7845d3771674e314d/elements - {"using":"xpath","value":"//bdi[text()=\"OK\"]"}
RESULT: {"using":"xpath","value":"//bdi[text()=\"OK\"]"}
COMMAND: POST /session/989d4e3e3c66b6f7845d3771674e314d/elements - {"using":"xpath","value":"//bdi[text()=\"OK\"]"}
RESULT: {"using":"xpath","value":"//bdi[text()=\"OK\"]"}
COMMAND: POST /session/989d4e3e3c66b6f7845d3771674e314d/elements - {"using":"xpath","value":"//bdi[text()=\"OK\"]"}
RESULT: {"using":"xpath","value":"//bdi[text()=\"OK\"]"}
COMMAND: POST /session/989d4e3e3c66b6f7845d3771674e314d/elements - {"using":"xpath","value":"//bdi[text()=\"OK\"]"}
RESULT: {"using":"xpath","value":"//bdi[text()=\"OK\"]"}
COMMAND: POST /session/989d4e3e3c66b6f7845d3771674e314d/elements - {"using":"xpath","value":"//bdi[text()=\"OK\"]"}
RESULT: {"using":"xpath","value":"//bdi[text()=\"OK\"]"}
COMMAND: POST /session/989d4e3e3c66b6f7845d3771674e314d/elements - {"using":"xpath","value":"//bdi[text()=\"OK\"]"}
RESULT: {"using":"xpath","value":"//bdi[text()=\"OK\"]"}
COMMAND: POST /session/989d4e3e3c66b6f7845d3771674e314d/elements - {"using":"xpath","value":"//bdi[text()=\"OK\"]"}
RESULT: {"using":"xpath","value":"//bdi[text()=\"OK\"]"}
COMMAND: POST /session/989d4e3e3c66b6f7845d3771674e314d/elements - {"using":"xpath","value":"//bdi[text()=\"OK\"]"}
RESULT: {"using":"xpath","value":"//bdi[text()=\"OK\"]"}
COMMAND: POST /session/989d4e3e3c66b6f7845d3771674e314d/elements - {"using":"xpath","value":"//bdi[text()=\"OK\"]"}
RESULT: {"using":"xpath","value":"//bdi[text()=\"OK\"]"}
COMMAND: POST /session/989d4e3e3c66b6f7845d3771674e314d/elements - {"using":"xpath","value":"//bdi[text()=\"OK\"]"}
RESULT: {"using":"xpath","value":"//bdi[text()=\"OK\"]"}
COMMAND: POST /session/989d4e3e3c66b6f7845d3771674e314d/elements - {"using":"xpath","value":"//bdi[text()=\"OK\"]"}
RESULT: {"using":"xpath","value":"//bdi[text()=\"OK\"]"}
COMMAND: POST /session/989d4e3e3c66b6f7845d3771674e314d/elements - {"using":"xpath","value":"//bdi[text()=\"OK\"]"}
RESULT: {"using":"xpath","value":"//bdi[text()=\"OK\"]"}
COMMAND: POST /session/989d4e3e3c66b6f7845d3771674e314d/elements - {"using":"xpath","value":"//bdi[text()=\"OK\"]"}
RESULT: {"using":"xpath","value":"//bdi[text()=\"OK\"]"}
COMMAND: POST /session/989d4e3e3c66b6f7845d3771674e314d/elements - {"using":"xpath","value":"//bdi[text()=\"OK\"]"}
RESULT: {"using":"xpath","value":"//bdi[text()=\"OK\"]"}
COMMAND: POST /session/989d4e3e3c66b6f7845d3771674e314d/elements - {"using":"xpath","value":"//bdi[text()=\"OK\"]"}
RESULT: {"using":"xpath","value":"//bdi[text()=\"OK\"]"}
COMMAND: POST /session/989d4e3e3c66b6f7845d3771674e314d/elements - {"using":"xpath","value":"//bdi[text()=\"OK\"]"}
RESULT: {"using":"xpath","value":"//bdi[text()=\"OK\"]"}
COMMAND: POST /session/989d4e3e3c66b6f7845d3771674e314d/elements - {"using":"xpath","value":"//bdi[text()=\"OK\"]"}
RESULT: {"using":"xpath","value":"//bdi[text()=\"OK\"]"}
COMMAND: POST /session/989d4e3e3c66b6f7845d3771674e314d/elements - {"using":"xpath","value":"//bdi[text()=\"OK\"]"}
RESULT: {"using":"xpath","value":"//bdi[text()=\"OK\"]"}
COMMAND: POST /session/989d4e3e3c66b6f7845d3771674e314d/elements - {"using":"xpath","value":"//bdi[text()=\"OK\"]"}
RESULT: {"using":"xpath","value":"//bdi[text()=\"OK\"]"}
COMMAND: POST /session/989d4e3e3c66b6f7845d3771674e314d/elements - {"using":"xpath","value":"//bdi[text()=\"OK\"]"}
RESULT: {"using":"xpath","value":"//bdi[text()=\"OK\"]"}
COMMAND: POST /session/989d4e3e3c66b6f7845d3771674e314d/elements - {"using":"xpath","value":"//bdi[text()=\"OK\"]"}
RESULT: {"using":"xpath","value":"//bdi[text()=\"OK\"]"}
COMMAND: POST /session/989d4e3e3c66b6f7845d3771674e314d/elements - {"using":"xpath","value":"//bdi[text()=\"OK\"]"}
RESULT: {"using":"xpath","value":"//bdi[text()=\"OK\"]"}
COMMAND: POST /session/989d4e3e3c66b6f7845d3771674e314d/elements - {"using":"xpath","value":"//bdi[text()=\"OK\"]"}
RESULT: {"using":"xpath","value":"//bdi[text()=\"OK\"]"}
COMMAND: POST /session/989d4e3e3c66b6f7845d3771674e314d/elements - {"using":"xpath","value":"//bdi[text()=\"OK\"]"}
RESULT: {"using":"xpath","value":"//bdi[text()=\"OK\"]"}
COMMAND: POST /session/989d4e3e3c66b6f7845d3771674e314d/elements - {"using":"xpath","value":"//bdi[text()=\"OK\"]"}
RESULT: {"using":"xpath","value":"//bdi[text()=\"OK\"]"}
COMMAND: POST /session/989d4e3e3c66b6f7845d3771674e314d/elements - {"using":"xpath","value":"//bdi[text()=\"OK\"]"}
RESULT: {"using":"xpath","value":"//bdi[text()=\"OK\"]"}
COMMAND: POST /session/989d4e3e3c66b6f7845d3771674e314d/elements - {"using":"xpath","value":"//bdi[text()=\"OK\"]"}
RESULT: {"using":"xpath","value":"//bdi[text()=\"OK\"]"}
COMMAND: POST /session/989d4e3e3c66b6f7845d3771674e314d/elements - {"using":"xpath","value":"//bdi[text()=\"OK\"]"}
RESULT: {"using":"xpath","value":"//bdi[text()=\"OK\"]"}
COMMAND: POST /session/989d4e3e3c66b6f7845d3771674e314d/elements - {"using":"xpath","value":"//bdi[text()=\"OK\"]"}
RESULT: {"using":"xpath","value":"//bdi[text()=\"OK\"]"}
COMMAND: POST /session/989d4e3e3c66b6f7845d3771674e314d/elements - {"using":"xpath","value":"//bdi[text()=\"OK\"]"}
RESULT: {"using":"xpath","value":"//bdi[text()=\"OK\"]"}
COMMAND: POST /session/989d4e3e3c66b6f7845d3771674e314d/elements - {"using":"xpath","value":"//bdi[text()=\"OK\"]"}
RESULT: {"using":"xpath","value":"//bdi[text()=\"OK\"]"}
COMMAND: POST /session/989d4e3e3c66b6f7845d3771674e314d/elements - {"using":"xpath","value":"//bdi[text()=\"OK\"]"}
RESULT: {"using":"xpath","value":"//bdi[text()=\"OK\"]"}
COMMAND: POST /session/989d4e3e3c66b6f7845d3771674e314d/elements - {"using":"xpath","value":"//bdi[text()=\"OK\"]"}
RESULT: {"using":"xpath","value":"//bdi[text()=\"OK\"]"}
COMMAND: POST /session/989d4e3e3c66b6f7845d3771674e314d/elements - {"using":"xpath","value":"//bdi[text()=\"OK\"]"}
RESULT: {"using":"xpath","value":"//bdi[text()=\"OK\"]"}
COMMAND: POST /session/989d4e3e3c66b6f7845d3771674e314d/elements - {"using":"xpath","value":"//bdi[text()=\"OK\"]"}
RESULT: {"using":"xpath","value":"//bdi[text()=\"OK\"]"}
COMMAND: POST /session/989d4e3e3c66b6f7845d3771674e314d/elements - {"using":"xpath","value":"//bdi[text()=\"OK\"]"}
RESULT: {"using":"xpath","value":"//bdi[text()=\"OK\"]"}
COMMAND: POST /session/989d4e3e3c66b6f7845d3771674e314d/elements - {"using":"xpath","value":"//bdi[text()=\"OK\"]"}
RESULT: {"using":"xpath","value":"//bdi[text()=\"OK\"]"}
COMMAND: POST /session/989d4e3e3c66b6f7845d3771674e314d/elements - {"using":"xpath","value":"//bdi[text()=\"OK\"]"}
RESULT: {"using":"xpath","value":"//bdi[text()=\"OK\"]"}
COMMAND: POST /session/989d4e3e3c66b6f7845d3771674e314d/elements - {"using":"xpath","value":"//bdi[text()=\"OK\"]"}
RESULT: {"using":"xpath","value":"//bdi[text()=\"OK\"]"}
COMMAND: POST /session/989d4e3e3c66b6f7845d3771674e314d/elements - {"using":"xpath","value":"//bdi[text()=\"OK\"]"}
RESULT: {"using":"xpath","value":"//bdi[text()=\"OK\"]"}
COMMAND: POST /session/989d4e3e3c66b6f7845d3771674e314d/elements - {"using":"xpath","value":"//bdi[text()=\"OK\"]"}
RESULT: {"using":"xpath","value":"//bdi[text()=\"OK\"]"}
COMMAND: POST /session/989d4e3e3c66b6f7845d3771674e314d/elements - {"using":"xpath","value":"//bdi[text()=\"OK\"]"}
RESULT: {"using":"xpath","value":"//bdi[text()=\"OK\"]"}
COMMAND: POST /session/989d4e3e3c66b6f7845d3771674e314d/elements - {"using":"xpath","value":"//bdi[text()=\"OK\"]"}
RESULT: {"using":"xpath","value":"//bdi[text()=\"OK\"]"}
COMMAND: POST /session/989d4e3e3c66b6f7845d3771674e314d/elements - {"using":"xpath","value":"//bdi[text()=\"OK\"]"}
RESULT: {"using":"xpath","value":"//bdi[text()=\"OK\"]"}
COMMAND: POST /session/989d4e3e3c66b6f7845d3771674e314d/elements - {"using":"xpath","value":"//bdi[text()=\"OK\"]"}
RESULT: {"using":"xpath","value":"//bdi[text()=\"OK\"]"}
COMMAND: POST /session/989d4e3e3c66b6f7845d3771674e314d/elements - {"using":"xpath","value":"//bdi[text()=\"OK\"]"}
RESULT: {"using":"xpath","value":"//bdi[text()=\"OK\"]"}
COMMAND: POST /session/989d4e3e3c66b6f7845d3771674e314d/elements - {"using":"xpath","value":"//bdi[text()=\"OK\"]"}
RESULT: {"using":"xpath","value":"//bdi[text()=\"OK\"]"}
COMMAND: POST /session/989d4e3e3c66b6f7845d3771674e314d/elements - {"using":"xpath","value":"//bdi[text()=\"OK\"]"}
RESULT: {"using":"xpath","value":"//bdi[text()=\"OK\"]"}
COMMAND: POST /session/989d4e3e3c66b6f7845d3771674e314d/elements - {"using":"xpath","value":"//bdi[text()=\"OK\"]"}
RESULT: {"using":"xpath","value":"//bdi[text()=\"OK\"]"}
COMMAND: POST /session/989d4e3e3c66b6f7845d3771674e314d/elements - {"using":"xpath","value":"//bdi[text()=\"OK\"]"}
RESULT: {"using":"xpath","value":"//bdi[text()=\"OK\"]"}
COMMAND: POST /session/989d4e3e3c66b6f7845d3771674e314d/elements - {"using":"xpath","value":"//bdi[text()=\"OK\"]"}
RESULT: {"using":"xpath","value":"//bdi[text()=\"OK\"]"}
COMMAND: POST /session/989d4e3e3c66b6f7845d3771674e314d/elements - {"using":"xpath","value":"//bdi[text()=\"OK\"]"}
RESULT: {"using":"xpath","value":"//bdi[text()=\"OK\"]"}
COMMAND: POST /session/989d4e3e3c66b6f7845d3771674e314d/elements - {"using":"xpath","value":"//bdi[text()=\"OK\"]"}
RESULT: {"using":"xpath","value":"//bdi[text()=\"OK\"]"}
COMMAND: POST /session/989d4e3e3c66b6f7845d3771674e314d/elements - {"using":"xpath","value":"//bdi[text()=\"OK\"]"}
RESULT: {"using":"xpath","value":"//bdi[text()=\"OK\"]"}
COMMAND: POST /session/989d4e3e3c66b6f7845d3771674e314d/elements - {"using":"xpath","value":"//bdi[text()=\"OK\"]"}
RESULT: {"using":"xpath","value":"//bdi[text()=\"OK\"]"}
COMMAND: POST /session/989d4e3e3c66b6f7845d3771674e314d/elements - {"using":"xpath","value":"//bdi[text()=\"OK\"]"}
RESULT: {"using":"xpath","value":"//bdi[text()=\"OK\"]"}
COMMAND: POST /session/989d4e3e3c66b6f7845d3771674e314d/elements - {"using":"xpath","value":"//bdi[text()=\"OK\"]"}
RESULT: {"using":"xpath","value":"//bdi[text()=\"OK\"]"}
COMMAND: POST /session/989d4e3e3c66b6f7845d3771674e314d/elements - {"using":"xpath","value":"//bdi[text()=\"OK\"]"}
RESULT: {"using":"xpath","value":"//bdi[text()=\"OK\"]"}
COMMAND: POST /session/989d4e3e3c66b6f7845d3771674e314d/elements - {"using":"xpath","value":"//bdi[text()=\"OK\"]"}
RESULT: {"using":"xpath","value":"//bdi[text()=\"OK\"]"}
COMMAND: POST /session/989d4e3e3c66b6f7845d3771674e314d/elements - {"using":"xpath","value":"//bdi[text()=\"OK\"]"}
RESULT: {"using":"xpath","value":"//bdi[text()=\"OK\"]"}
COMMAND: POST /session/989d4e3e3c66b6f7845d3771674e314d/elements - {"using":"xpath","value":"//bdi[text()=\"OK\"]"}
RESULT: {"using":"xpath","value":"//bdi[text()=\"OK\"]"}
COMMAND: POST /session/989d4e3e3c66b6f7845d3771674e314d/elements - {"using":"xpath","value":"//bdi[text()=\"OK\"]"}
RESULT: {"using":"xpath","value":"//bdi[text()=\"OK\"]"}
COMMAND: POST /session/989d4e3e3c66b6f7845d3771674e314d/elements - {"using":"xpath","value":"//bdi[text()=\"OK\"]"}
RESULT: {"using":"xpath","value":"//bdi[text()=\"OK\"]"}
COMMAND: POST /session/989d4e3e3c66b6f7845d3771674e314d/elements - {"using":"xpath","value":"//bdi[text()=\"OK\"]"}
RESULT: {"using":"xpath","value":"//bdi[text()=\"OK\"]"}
COMMAND: POST /session/989d4e3e3c66b6f7845d3771674e314d/elements - {"using":"xpath","value":"//bdi[text()=\"OK\"]"}
RESULT: {"using":"xpath","value":"//bdi[text()=\"OK\"]"}
COMMAND: POST /session/989d4e3e3c66b6f7845d3771674e314d/elements - {"using":"xpath","value":"//bdi[text()=\"OK\"]"}
RESULT: {"using":"xpath","value":"//bdi[text()=\"OK\"]"}
COMMAND: POST /session/989d4e3e3c66b6f7845d3771674e314d/elements - {"using":"xpath","value":"//bdi[text()=\"OK\"]"}
RESULT: {"using":"xpath","value":"//bdi[text()=\"OK\"]"}
COMMAND: POST /session/989d4e3e3c66b6f7845d3771674e314d/elements - {"using":"xpath","value":"//bdi[text()=\"OK\"]"}
RESULT: {"using":"xpath","value":"//bdi[text()=\"OK\"]"}
COMMAND: POST /session/989d4e3e3c66b6f7845d3771674e314d/elements - {"using":"xpath","value":"//bdi[text()=\"OK\"]"}
RESULT: {"using":"xpath","value":"//bdi[text()=\"OK\"]"}
COMMAND: POST /session/989d4e3e3c66b6f7845d3771674e314d/elements - {"using":"xpath","value":"//bdi[text()=\"OK\"]"}
RESULT: {"using":"xpath","value":"//bdi[text()=\"OK\"]"}
COMMAND: POST /session/989d4e3e3c66b6f7845d3771674e314d/elements - {"using":"xpath","value":"//bdi[text()=\"OK\"]"}
RESULT: {"using":"xpath","value":"//bdi[text()=\"OK\"]"}
COMMAND: POST /session/989d4e3e3c66b6f7845d3771674e314d/elements - {"using":"xpath","value":"//bdi[text()=\"OK\"]"}
RESULT: {"using":"xpath","value":"//bdi[text()=\"OK\"]"}
COMMAND: POST /session/989d4e3e3c66b6f7845d3771674e314d/elements - {"using":"xpath","value":"//bdi[text()=\"OK\"]"}
RESULT: {"using":"xpath","value":"//bdi[text()=\"OK\"]"}
COMMAND: POST /session/989d4e3e3c66b6f7845d3771674e314d/elements - {"using":"xpath","value":"//bdi[text()=\"OK\"]"}
RESULT: {"using":"xpath","value":"//bdi[text()=\"OK\"]"}
COMMAND: POST /session/989d4e3e3c66b6f7845d3771674e314d/elements - {"using":"xpath","value":"//bdi[text()=\"OK\"]"}
RESULT: {"using":"xpath","value":"//bdi[text()=\"OK\"]"}
COMMAND: POST /session/989d4e3e3c66b6f7845d3771674e314d/elements - {"using":"xpath","value":"//bdi[text()=\"OK\"]"}
RESULT: {"using":"xpath","value":"//bdi[text()=\"OK\"]"}
COMMAND: POST /session/989d4e3e3c66b6f7845d3771674e314d/elements - {"using":"xpath","value":"//bdi[text()=\"OK\"]"}
RESULT: {"using":"xpath","value":"//bdi[text()=\"OK\"]"}
COMMAND: POST /session/989d4e3e3c66b6f7845d3771674e314d/elements - {"using":"xpath","value":"//bdi[text()=\"OK\"]"}
RESULT: {"using":"xpath","value":"//bdi[text()=\"OK\"]"}
COMMAND: POST /session/989d4e3e3c66b6f7845d3771674e314d/elements - {"using":"xpath","value":"//bdi[text()=\"OK\"]"}
RESULT: {"using":"xpath","value":"//bdi[text()=\"OK\"]"}
COMMAND: POST /session/989d4e3e3c66b6f7845d3771674e314d/elements - {"using":"xpath","value":"//bdi[text()=\"OK\"]"}
RESULT: {"using":"xpath","value":"//bdi[text()=\"OK\"]"}
COMMAND: POST /session/989d4e3e3c66b6f7845d3771674e314d/elements - {"using":"xpath","value":"//bdi[text()=\"OK\"]"}
RESULT: {"using":"xpath","value":"//bdi[text()=\"OK\"]"}
COMMAND: POST /session/989d4e3e3c66b6f7845d3771674e314d/elements - {"using":"xpath","value":"//bdi[text()=\"OK\"]"}
RESULT: {"using":"xpath","value":"//bdi[text()=\"OK\"]"}
COMMAND: POST /session/989d4e3e3c66b6f7845d3771674e314d/elements - {"using":"xpath","value":"//bdi[text()=\"OK\"]"}
RESULT: {"using":"xpath","value":"//bdi[text()=\"OK\"]"}
COMMAND: POST /session/989d4e3e3c66b6f7845d3771674e314d/elements - {"using":"xpath","value":"//bdi[text()=\"OK\"]"}
RESULT: {"using":"xpath","value":"//bdi[text()=\"OK\"]"}
COMMAND: POST /session/989d4e3e3c66b6f7845d3771674e314d/elements - {"using":"xpath","value":"//bdi[text()=\"OK\"]"}
RESULT: {"using":"xpath","value":"//bdi[text()=\"OK\"]"}
COMMAND: POST /session/989d4e3e3c66b6f7845d3771674e314d/elements - {"using":"xpath","value":"//bdi[text()=\"OK\"]"}
RESULT: {"using":"xpath","value":"//bdi[text()=\"OK\"]"}
COMMAND: POST /session/989d4e3e3c66b6f7845d3771674e314d/elements - {"using":"xpath","value":"//bdi[text()=\"OK\"]"}
RESULT: {"using":"xpath","value":"//bdi[text()=\"OK\"]"}
COMMAND: POST /session/989d4e3e3c66b6f7845d3771674e314d/elements - {"using":"xpath","value":"//bdi[text()=\"OK\"]"}
RESULT: {"using":"xpath","value":"//bdi[text()=\"OK\"]"}
COMMAND: POST /session/989d4e3e3c66b6f7845d3771674e314d/elements - {"using":"xpath","value":"//bdi[text()=\"OK\"]"}
RESULT: {"using":"xpath","value":"//bdi[text()=\"OK\"]"}
COMMAND: POST /session/989d4e3e3c66b6f7845d3771674e314d/elements - {"using":"xpath","value":"//bdi[text()=\"OK\"]"}
RESULT: {"using":"xpath","value":"//bdi[text()=\"OK\"]"}
COMMAND: POST /session/989d4e3e3c66b6f7845d3771674e314d/elements - {"using":"xpath","value":"//bdi[text()=\"OK\"]"}
RESULT: {"using":"xpath","value":"//bdi[text()=\"OK\"]"}
COMMAND: POST /session/989d4e3e3c66b6f7845d3771674e314d/elements - {"using":"xpath","value":"//bdi[text()=\"OK\"]"}
RESULT: {"using":"xpath","value":"//bdi[text()=\"OK\"]"}
COMMAND: POST /session/989d4e3e3c66b6f7845d3771674e314d/elements - {"using":"xpath","value":"//bdi[text()=\"OK\"]"}
RESULT: {"using":"xpath","value":"//bdi[text()=\"OK\"]"}
COMMAND: POST /session/989d4e3e3c66b6f7845d3771674e314d/elements - {"using":"xpath","value":"//bdi[text()=\"OK\"]"}
RESULT: {"using":"xpath","value":"//bdi[text()=\"OK\"]"}
COMMAND: POST /session/989d4e3e3c66b6f7845d3771674e314d/elements - {"using":"xpath","value":"//bdi[text()=\"OK\"]"}
RESULT: {"using":"xpath","value":"//bdi[text()=\"OK\"]"}
COMMAND: POST /session/989d4e3e3c66b6f7845d3771674e314d/elements - {"using":"xpath","value":"//bdi[text()=\"OK\"]"}
RESULT: {"using":"xpath","value":"//bdi[text()=\"OK\"]"}
COMMAND: POST /session/989d4e3e3c66b6f7845d3771674e314d/elements - {"using":"xpath","value":"//bdi[text()=\"OK\"]"}
RESULT: {"using":"xpath","value":"//bdi[text()=\"OK\"]"}
COMMAND: POST /session/989d4e3e3c66b6f7845d3771674e314d/elements - {"using":"xpath","value":"//bdi[text()=\"OK\"]"}
RESULT: {"using":"xpath","value":"//bdi[text()=\"OK\"]"}
COMMAND: POST /session/989d4e3e3c66b6f7845d3771674e314d/elements - {"using":"xpath","value":"//bdi[text()=\"OK\"]"}
RESULT: {"using":"xpath","value":"//bdi[text()=\"OK\"]"}
COMMAND: POST /session/989d4e3e3c66b6f7845d3771674e314d/elements - {"using":"xpath","value":"//bdi[text()=\"OK\"]"}
RESULT: {"using":"xpath","value":"//bdi[text()=\"OK\"]"}
COMMAND: POST /session/989d4e3e3c66b6f7845d3771674e314d/elements - {"using":"xpath","value":"//bdi[text()=\"OK\"]"}
RESULT: {"using":"xpath","value":"//bdi[text()=\"OK\"]"}
COMMAND: POST /session/989d4e3e3c66b6f7845d3771674e314d/elements - {"using":"xpath","value":"//bdi[text()=\"OK\"]"}
RESULT: {"using":"xpath","value":"//bdi[text()=\"OK\"]"}
COMMAND: POST /session/989d4e3e3c66b6f7845d3771674e314d/elements - {"using":"xpath","value":"//bdi[text()=\"OK\"]"}
RESULT: {"using":"xpath","value":"//bdi[text()=\"OK\"]"}
COMMAND: POST /session/989d4e3e3c66b6f7845d3771674e314d/elements - {"using":"xpath","value":"//bdi[text()=\"OK\"]"}
RESULT: {"using":"xpath","value":"//bdi[text()=\"OK\"]"}
COMMAND: POST /session/989d4e3e3c66b6f7845d3771674e314d/elements - {"using":"xpath","value":"//bdi[text()=\"OK\"]"}
RESULT: {"using":"xpath","value":"//bdi[text()=\"OK\"]"}
COMMAND: POST /session/989d4e3e3c66b6f7845d3771674e314d/elements - {"using":"xpath","value":"//bdi[text()=\"OK\"]"}
RESULT: {"using":"xpath","value":"//bdi[text()=\"OK\"]"}
COMMAND: POST /session/989d4e3e3c66b6f7845d3771674e314d/execute/async - {"script":"<script> [1562 bytes]","args":[{"selector":{"id":"application-manageresources-display-component---newResourceUnit--TYPE-arrow"},"wdio_ui5_key":"applicationmanageresources-display-component---newResourceUnit--TYPE-arrow"}]}
RESULT: {"script":"<script> [1562 bytes]","args":[{"selector":{"id":"application-manageresources-display-component---newResourceUnit--TYPE-arrow"},"wdio_ui5_key":"applicationmanageresources-display-component---newResourceUnit--TYPE-arrow"}]}
RESULT: undefined
COMMAND: POST /session/989d4e3e3c66b6f7845d3771674e314d/element - {"using":"xpath","value":"//*[@id=\"application-manageresources-display-component---newResourceUnit--TYPE-arrow\"]"}
RESULT: {"using":"xpath","value":"//*[@id=\"application-manageresources-display-component---newResourceUnit--TYPE-arrow\"]"}
COMMAND: POST /session/989d4e3e3c66b6f7845d3771674e314d/element/f.5281968FC682DAF02FAC5F987076CB5D.d.4EE5C8C5DCCE73DF4B7736ADF680F3ED.e.5830/click - {}
RESULT: {}
COMMAND: POST /session/989d4e3e3c66b6f7845d3771674e314d/execute/async - {"script":"<script> [1562 bytes]","args":[{"selector":{"controlType":"sap.m.StandardListItem","viewName":"reusables.view.manageresources.NewResourceUnit","viewId":"application-manageresources-display-component---newResourceUnit","properties":{"title":"Material"},"searchOpenDialogs":true,"interaction":{"idSuffix":"titleText"}},"wdio_ui5_key":"reusablesview.manageresources.NewResourceUnitsap.m.StandardListItem{\"title\":\"Material\"}"}]}
COMMAND: GET /session/989d4e3e3c66b6f7845d3771674e314d/screenshot - {}
RESULT: {"script":"<script> [1562 bytes]","args":[{"selector":{"controlType":"sap.m.StandardListItem","viewName":"reusables.view.manageresources.NewResourceUnit","viewId":"application-manageresources-display-component---newResourceUnit","properties":{"title":"Material"},"searchOpenDialogs":true,"interaction":{"idSuffix":"titleText"}},"wdio_ui5_key":"reusablesview.manageresources.NewResourceUnitsap.m.StandardListItem{\"title\":\"Material\"}"}]}
RESULT: undefined
COMMAND: POST /session/989d4e3e3c66b6f7845d3771674e314d/element - {"using":"xpath","value":"//*[@id=\"__item142\"]"}
RESULT: {}
RESULT: {"using":"xpath","value":"//*[@id=\"__item142\"]"}
COMMAND: POST /session/989d4e3e3c66b6f7845d3771674e314d/element/f.5281968FC682DAF02FAC5F987076CB5D.d.4EE5C8C5DCCE73DF4B7736ADF680F3ED.e.5833/click - {}
RESULT: {}
COMMAND: POST /session/989d4e3e3c66b6f7845d3771674e314d/execute/async - {"script":"<script> [1562 bytes]","args":[{"selector":{"id":"application-manageresources-display-component---newResourceUnit--SHORT_TEXT","interaction":{"idSuffix":"inner"}},"wdio_ui5_key":"applicationmanageresources-display-component---newResourceUnit--SHORT_TEXT"}]}
COMMAND: GET /session/989d4e3e3c66b6f7845d3771674e314d/screenshot - {}
RESULT: {"script":"<script> [1562 bytes]","args":[{"selector":{"id":"application-manageresources-display-component---newResourceUnit--SHORT_TEXT","interaction":{"idSuffix":"inner"}},"wdio_ui5_key":"applicationmanageresources-display-component---newResourceUnit--SHORT_TEXT"}]}
RESULT: undefined
COMMAND: POST /session/989d4e3e3c66b6f7845d3771674e314d/execute/async - {"script":"<script> [776 bytes]","args":[{"enterText":"WebdriverRU R2C9947f","selector":{"id":"application-manageresources-display-component---newResourceUnit--SHORT_TEXT","interaction":{"idSuffix":"inner"}},"clearTextFirst":true,"interactionType":"ENTER_TEXT"}]}
RESULT: {}
RESULT: {"script":"<script> [776 bytes]","args":[{"enterText":"WebdriverRU R2C9947f","selector":{"id":"application-manageresources-display-component---newResourceUnit--SHORT_TEXT","interaction":{"idSuffix":"inner"}},"clearTextFirst":true,"interactionType":"ENTER_TEXT"}]}
COMMAND: POST /session/989d4e3e3c66b6f7845d3771674e314d/execute/async - {"script":"<script> [1562 bytes]","args":[{"selector":{"id":"application-manageresources-display-component---newResourceUnit--BASE_UNIT_OF_MEASURE-arrow"},"wdio_ui5_key":"applicationmanageresources-display-component---newResourceUnit--BASE_UNIT_OF_MEASURE-arrow"}]}
RESULT: {"script":"<script> [1562 bytes]","args":[{"selector":{"id":"application-manageresources-display-component---newResourceUnit--BASE_UNIT_OF_MEASURE-arrow"},"wdio_ui5_key":"applicationmanageresources-display-component---newResourceUnit--BASE_UNIT_OF_MEASURE-arrow"}]}
RESULT: undefined
COMMAND: POST /session/989d4e3e3c66b6f7845d3771674e314d/element - {"using":"xpath","value":"//*[@id=\"application-manageresources-display-component---newResourceUnit--BASE_UNIT_OF_MEASURE-arrow\"]"}
RESULT: {"using":"xpath","value":"//*[@id=\"application-manageresources-display-component---newResourceUnit--BASE_UNIT_OF_MEASURE-arrow\"]"}
COMMAND: POST /session/989d4e3e3c66b6f7845d3771674e314d/element/f.5281968FC682DAF02FAC5F987076CB5D.d.4EE5C8C5DCCE73DF4B7736ADF680F3ED.e.5891/click - {}
RESULT: {}
COMMAND: POST /session/989d4e3e3c66b6f7845d3771674e314d/execute/async - {"script":"<script> [1562 bytes]","args":[{"selector":{"controlType":"sap.m.StandardListItem","viewName":"reusables.view.manageresources.NewResourceUnit","viewId":"application-manageresources-display-component---newResourceUnit","properties":{"title":"Piece"},"searchOpenDialogs":true,"interaction":{"idSuffix":"titleText"}},"wdio_ui5_key":"reusablesview.manageresources.NewResourceUnitsap.m.StandardListItem{\"title\":\"Piece\"}"}]}
COMMAND: GET /session/989d4e3e3c66b6f7845d3771674e314d/screenshot - {}
RESULT: {"script":"<script> [1562 bytes]","args":[{"selector":{"controlType":"sap.m.StandardListItem","viewName":"reusables.view.manageresources.NewResourceUnit","viewId":"application-manageresources-display-component---newResourceUnit","properties":{"title":"Piece"},"searchOpenDialogs":true,"interaction":{"idSuffix":"titleText"}},"wdio_ui5_key":"reusablesview.manageresources.NewResourceUnitsap.m.StandardListItem{\"title\":\"Piece\"}"}]}
RESULT: undefined
COMMAND: POST /session/989d4e3e3c66b6f7845d3771674e314d/element - {"using":"xpath","value":"//*[@id=\"__item186\"]"}
RESULT: {}
RESULT: {"using":"xpath","value":"//*[@id=\"__item186\"]"}
COMMAND: POST /session/989d4e3e3c66b6f7845d3771674e314d/element/f.5281968FC682DAF02FAC5F987076CB5D.d.4EE5C8C5DCCE73DF4B7736ADF680F3ED.e.5893/click - {}
RESULT: {}
COMMAND: POST /session/989d4e3e3c66b6f7845d3771674e314d/execute/async - {"script":"<script> [1562 bytes]","args":[{"selector":{"id":"application-manageresources-display-component---newResourceUnit--WEIGHT_UNIT-arrow"},"wdio_ui5_key":"applicationmanageresources-display-component---newResourceUnit--WEIGHT_UNIT-arrow"}]}
COMMAND: GET /session/989d4e3e3c66b6f7845d3771674e314d/screenshot - {}
RESULT: {"script":"<script> [1562 bytes]","args":[{"selector":{"id":"application-manageresources-display-component---newResourceUnit--WEIGHT_UNIT-arrow"},"wdio_ui5_key":"applicationmanageresources-display-component---newResourceUnit--WEIGHT_UNIT-arrow"}]}
RESULT: undefined
COMMAND: POST /session/989d4e3e3c66b6f7845d3771674e314d/element - {"using":"xpath","value":"//*[@id=\"application-manageresources-display-component---newResourceUnit--WEIGHT_UNIT-arrow\"]"}
RESULT: {}
RESULT: {"using":"xpath","value":"//*[@id=\"application-manageresources-display-component---newResourceUnit--WEIGHT_UNIT-arrow\"]"}
COMMAND: POST /session/989d4e3e3c66b6f7845d3771674e314d/element/f.5281968FC682DAF02FAC5F987076CB5D.d.4EE5C8C5DCCE73DF4B7736ADF680F3ED.e.5894/click - {}
RESULT: {}
COMMAND: POST /session/989d4e3e3c66b6f7845d3771674e314d/execute/async - {"script":"<script> [1562 bytes]","args":[{"selector":{"controlType":"sap.m.StandardListItem","viewName":"reusables.view.manageresources.NewResourceUnit","viewId":"application-manageresources-display-component---newResourceUnit","properties":{"title":"Gram"},"searchOpenDialogs":true,"interaction":{"idSuffix":"content"}},"wdio_ui5_key":"reusablesview.manageresources.NewResourceUnitsap.m.StandardListItem{\"title\":\"Gram\"}"}]}
COMMAND: GET /session/989d4e3e3c66b6f7845d3771674e314d/screenshot - {}
RESULT: {"script":"<script> [1562 bytes]","args":[{"selector":{"controlType":"sap.m.StandardListItem","viewName":"reusables.view.manageresources.NewResourceUnit","viewId":"application-manageresources-display-component---newResourceUnit","properties":{"title":"Gram"},"searchOpenDialogs":true,"interaction":{"idSuffix":"content"}},"wdio_ui5_key":"reusablesview.manageresources.NewResourceUnitsap.m.StandardListItem{\"title\":\"Gram\"}"}]}
RESULT: undefined
COMMAND: POST /session/989d4e3e3c66b6f7845d3771674e314d/element - {"using":"xpath","value":"//*[@id=\"__item251\"]"}
RESULT: {}
RESULT: {"using":"xpath","value":"//*[@id=\"__item251\"]"}
COMMAND: POST /session/989d4e3e3c66b6f7845d3771674e314d/element/f.5281968FC682DAF02FAC5F987076CB5D.d.4EE5C8C5DCCE73DF4B7736ADF680F3ED.e.5896/click - {}
RESULT: {}
COMMAND: GET /session/989d4e3e3c66b6f7845d3771674e314d/screenshot - {}
RESULT: {}
COMMAND: POST /session/989d4e3e3c66b6f7845d3771674e314d/execute/async - {"script":"<script> [1562 bytes]","args":[{"selector":{"id":"application-manageresources-display-component---newResourceUnit--newRRUPage-OPHeaderContent-collapseBtn-img"},"wdio_ui5_key":"applicationmanageresources-display-component---newResourceUnit--newRRUPage-OPHeaderContent-collapseBtn-img"}]}
RESULT: {"script":"<script> [1562 bytes]","args":[{"selector":{"id":"application-manageresources-display-component---newResourceUnit--newRRUPage-OPHeaderContent-collapseBtn-img"},"wdio_ui5_key":"applicationmanageresources-display-component---newResourceUnit--newRRUPage-OPHeaderContent-collapseBtn-img"}]}
RESULT: undefined
COMMAND: POST /session/989d4e3e3c66b6f7845d3771674e314d/element - {"using":"xpath","value":"//*[@id=\"application-manageresources-display-component---newResourceUnit--newRRUPage-OPHeaderContent-collapseBtn-img\"]"}
RESULT: {"using":"xpath","value":"//*[@id=\"application-manageresources-display-component---newResourceUnit--newRRUPage-OPHeaderContent-collapseBtn-img\"]"}
COMMAND: POST /session/989d4e3e3c66b6f7845d3771674e314d/element/f.5281968FC682DAF02FAC5F987076CB5D.d.4EE5C8C5DCCE73DF4B7736ADF680F3ED.e.5842/click - {}
RESULT: {}
COMMAND: GET /session/989d4e3e3c66b6f7845d3771674e314d/screenshot - {}
RESULT: {}
COMMAND: POST /session/989d4e3e3c66b6f7845d3771674e314d/element - {"using":"xpath","value":"(//span[contains(@id ,\"application-manageresources-display-component---newResourceUnit--DIMENSION_UNIT-arrow\")])[1]"}
RESULT: {"using":"xpath","value":"(//span[contains(@id ,\"application-manageresources-display-component---newResourceUnit--DIMENSION_UNIT-arrow\")])[1]"}
COMMAND: POST /session/989d4e3e3c66b6f7845d3771674e314d/element/f.5281968FC682DAF02FAC5F987076CB5D.d.4EE5C8C5DCCE73DF4B7736ADF680F3ED.e.5902/click - {}
RESULT: {}
COMMAND: GET /session/989d4e3e3c66b6f7845d3771674e314d/screenshot - {}
RESULT: {}
COMMAND: POST /session/989d4e3e3c66b6f7845d3771674e314d/execute/async - {"script":"<script> [1562 bytes]","args":[{"selector":{"controlType":"sap.m.StandardListItem","viewName":"reusables.view.manageresources.NewResourceUnit","viewId":"application-manageresources-display-component---newResourceUnit","properties":{"title":"Centimeter"},"searchOpenDialogs":true,"interaction":{"idSuffix":"titleText"}},"wdio_ui5_key":"reusablesview.manageresources.NewResourceUnitsap.m.StandardListItem{\"title\":\"Centimeter\"}"}]}
RESULT: {"script":"<script> [1562 bytes]","args":[{"selector":{"controlType":"sap.m.StandardListItem","viewName":"reusables.view.manageresources.NewResourceUnit","viewId":"application-manageresources-display-component---newResourceUnit","properties":{"title":"Centimeter"},"searchOpenDialogs":true,"interaction":{"idSuffix":"titleText"}},"wdio_ui5_key":"reusablesview.manageresources.NewResourceUnitsap.m.StandardListItem{\"title\":\"Centimeter\"}"}]}
RESULT: undefined
COMMAND: POST /session/989d4e3e3c66b6f7845d3771674e314d/element - {"using":"xpath","value":"//*[@id=\"__item254\"]"}
RESULT: {"using":"xpath","value":"//*[@id=\"__item254\"]"}
COMMAND: POST /session/989d4e3e3c66b6f7845d3771674e314d/element/f.5281968FC682DAF02FAC5F987076CB5D.d.4EE5C8C5DCCE73DF4B7736ADF680F3ED.e.5904/click - {}
RESULT: {}
COMMAND: GET /session/989d4e3e3c66b6f7845d3771674e314d/screenshot - {}
RESULT: {}
COMMAND: POST /session/989d4e3e3c66b6f7845d3771674e314d/execute/async - {"script":"<script> [1562 bytes]","args":[{"selector":{"id":"application-manageresources-display-component---newResourceUnit--newRRUPage-anchBar-application-manageresources-display-component---newResourceUnit--reference-anchor","interaction":{"idSuffix":"BDI-content"}},"wdio_ui5_key":"applicationmanageresources-display-component---newResourceUnit--newRRUPage-anchBar-application-manageresources-display-component---newResourceUnit--reference-anchor"}]}
RESULT: {"script":"<script> [1562 bytes]","args":[{"selector":{"id":"application-manageresources-display-component---newResourceUnit--newRRUPage-anchBar-application-manageresources-display-component---newResourceUnit--reference-anchor","interaction":{"idSuffix":"BDI-content"}},"wdio_ui5_key":"applicationmanageresources-display-component---newResourceUnit--newRRUPage-anchBar-application-manageresources-display-component---newResourceUnit--reference-anchor"}]}
RESULT: undefined
COMMAND: POST /session/989d4e3e3c66b6f7845d3771674e314d/element - {"using":"xpath","value":"//*[@id=\"application-manageresources-display-component---newResourceUnit--newRRUPage-anchBar-application-manageresources-display-component---newResourceUnit--reference-anchor\"]"}
RESULT: {"using":"xpath","value":"//*[@id=\"application-manageresources-display-component---newResourceUnit--newRRUPage-anchBar-application-manageresources-display-component---newResourceUnit--reference-anchor\"]"}
COMMAND: POST /session/989d4e3e3c66b6f7845d3771674e314d/element/f.5281968FC682DAF02FAC5F987076CB5D.d.4EE5C8C5DCCE73DF4B7736ADF680F3ED.e.5906/click - {}
RESULT: {}
COMMAND: POST /session/989d4e3e3c66b6f7845d3771674e314d/execute/async - {"script":"<script> [1562 bytes]","args":[{"selector":{"id":"application-manageresources-display-component---newResourceUnit--PLANNING_GROUP-arrow"},"wdio_ui5_key":"applicationmanageresources-display-component---newResourceUnit--PLANNING_GROUP-arrow"}]}
COMMAND: GET /session/989d4e3e3c66b6f7845d3771674e314d/screenshot - {}
RESULT: {"script":"<script> [1562 bytes]","args":[{"selector":{"id":"application-manageresources-display-component---newResourceUnit--PLANNING_GROUP-arrow"},"wdio_ui5_key":"applicationmanageresources-display-component---newResourceUnit--PLANNING_GROUP-arrow"}]}
RESULT: undefined
COMMAND: POST /session/989d4e3e3c66b6f7845d3771674e314d/element - {"using":"xpath","value":"//*[@id=\"application-manageresources-display-component---newResourceUnit--PLANNING_GROUP-arrow\"]"}
RESULT: {}
RESULT: {"using":"xpath","value":"//*[@id=\"application-manageresources-display-component---newResourceUnit--PLANNING_GROUP-arrow\"]"}
COMMAND: POST /session/989d4e3e3c66b6f7845d3771674e314d/element/f.5281968FC682DAF02FAC5F987076CB5D.d.4EE5C8C5DCCE73DF4B7736ADF680F3ED.e.5912/click - {}
RESULT: {}
COMMAND: POST /session/989d4e3e3c66b6f7845d3771674e314d/execute/async - {"script":"<script> [1562 bytes]","args":[{"selector":{"controlType":"sap.m.StandardListItem","viewName":"reusables.view.manageresources.NewResourceUnit","viewId":"application-manageresources-display-component---newResourceUnit","properties":{"title":"Heavy Equi"},"searchOpenDialogs":true,"interaction":{"idSuffix":"content"}},"wdio_ui5_key":"reusablesview.manageresources.NewResourceUnitsap.m.StandardListItem{\"title\":\"Heavy Equi\"}"}]}
COMMAND: GET /session/989d4e3e3c66b6f7845d3771674e314d/screenshot - {}
RESULT: {"script":"<script> [1562 bytes]","args":[{"selector":{"controlType":"sap.m.StandardListItem","viewName":"reusables.view.manageresources.NewResourceUnit","viewId":"application-manageresources-display-component---newResourceUnit","properties":{"title":"Heavy Equi"},"searchOpenDialogs":true,"interaction":{"idSuffix":"content"}},"wdio_ui5_key":"reusablesview.manageresources.NewResourceUnitsap.m.StandardListItem{\"title\":\"Heavy Equi\"}"}]}
RESULT: undefined
COMMAND: POST /session/989d4e3e3c66b6f7845d3771674e314d/element - {"using":"xpath","value":"//*[@id=\"__item262\"]"}
RESULT: {}
RESULT: {"using":"xpath","value":"//*[@id=\"__item262\"]"}
COMMAND: POST /session/989d4e3e3c66b6f7845d3771674e314d/element/f.5281968FC682DAF02FAC5F987076CB5D.d.4EE5C8C5DCCE73DF4B7736ADF680F3ED.e.5914/click - {}
RESULT: {}
COMMAND: GET /session/989d4e3e3c66b6f7845d3771674e314d/screenshot - {}
RESULT: {}
COMMAND: POST /session/989d4e3e3c66b6f7845d3771674e314d/execute/async - {"script":"<script> [1562 bytes]","args":[{"selector":{"id":"application-manageresources-display-component---newResourceUnit--PLANNING_INDICATOR-arrow"},"wdio_ui5_key":"applicationmanageresources-display-component---newResourceUnit--PLANNING_INDICATOR-arrow"}]}
RESULT: {"script":"<script> [1562 bytes]","args":[{"selector":{"id":"application-manageresources-display-component---newResourceUnit--PLANNING_INDICATOR-arrow"},"wdio_ui5_key":"applicationmanageresources-display-component---newResourceUnit--PLANNING_INDICATOR-arrow"}]}
RESULT: undefined
COMMAND: POST /session/989d4e3e3c66b6f7845d3771674e314d/element - {"using":"xpath","value":"//*[@id=\"application-manageresources-display-component---newResourceUnit--PLANNING_INDICATOR-arrow\"]"}
RESULT: {"using":"xpath","value":"//*[@id=\"application-manageresources-display-component---newResourceUnit--PLANNING_INDICATOR-arrow\"]"}
COMMAND: POST /session/989d4e3e3c66b6f7845d3771674e314d/element/f.5281968FC682DAF02FAC5F987076CB5D.d.4EE5C8C5DCCE73DF4B7736ADF680F3ED.e.5915/click - {}
RESULT: {}
COMMAND: POST /session/989d4e3e3c66b6f7845d3771674e314d/execute/async - {"script":"<script> [1562 bytes]","args":[{"selector":{"controlType":"sap.m.StandardListItem","viewName":"reusables.view.manageresources.NewResourceUnit","viewId":"application-manageresources-display-component---newResourceUnit","properties":{"title":"10 - infinite"},"searchOpenDialogs":true,"interaction":{"idSuffix":"content"}},"wdio_ui5_key":"reusablesview.manageresources.NewResourceUnitsap.m.StandardListItem{\"title\":\"10 - infinite\"}"}]}
COMMAND: GET /session/989d4e3e3c66b6f7845d3771674e314d/screenshot - {}
RESULT: {"script":"<script> [1562 bytes]","args":[{"selector":{"controlType":"sap.m.StandardListItem","viewName":"reusables.view.manageresources.NewResourceUnit","viewId":"application-manageresources-display-component---newResourceUnit","properties":{"title":"10 - infinite"},"searchOpenDialogs":true,"interaction":{"idSuffix":"content"}},"wdio_ui5_key":"reusablesview.manageresources.NewResourceUnitsap.m.StandardListItem{\"title\":\"10 - infinite\"}"}]}
RESULT: undefined
COMMAND: POST /session/989d4e3e3c66b6f7845d3771674e314d/element - {"using":"xpath","value":"//*[@id=\"__item272\"]"}
RESULT: {}
RESULT: {"using":"xpath","value":"//*[@id=\"__item272\"]"}
COMMAND: POST /session/989d4e3e3c66b6f7845d3771674e314d/element/f.5281968FC682DAF02FAC5F987076CB5D.d.4EE5C8C5DCCE73DF4B7736ADF680F3ED.e.5917/click - {}
RESULT: {}
COMMAND: GET /session/989d4e3e3c66b6f7845d3771674e314d/screenshot - {}
RESULT: {}
COMMAND: POST /session/989d4e3e3c66b6f7845d3771674e314d/element - {"using":"xpath","value":"//bdi[contains(text(), \"Time Segment\")]"}
RESULT: {"using":"xpath","value":"//bdi[contains(text(), \"Time Segment\")]"}
COMMAND: GET /session/989d4e3e3c66b6f7845d3771674e314d/element/f.5281968FC682DAF02FAC5F987076CB5D.d.4EE5C8C5DCCE73DF4B7736ADF680F3ED.e.5918/rect - {}
RESULT: {}
COMMAND: GET /session/989d4e3e3c66b6f7845d3771674e314d/window/rect - {}
RESULT: {}
COMMAND: POST /session/989d4e3e3c66b6f7845d3771674e314d/execute/sync - {"script":"<script> [92 bytes]","args":[]}
RESULT: {"script":"<script> [92 bytes]","args":[]}
COMMAND: POST /session/989d4e3e3c66b6f7845d3771674e314d/actions - {"actions":[{"id":"action17","type":"wheel","parameters":{},"actions":[{"type":"scroll","x":-1820,"y":-21,"deltaX":0,"deltaY":0,"duration":0,"origin":{"element-6066-11e4-a52e-4f735466cecf":"f.5281968FC682DAF02FAC5F987076CB5D.d.4EE5C8C5DCCE73DF4B7736ADF680F3ED.e.5918"}}]}]}
COMMAND: GET /session/989d4e3e3c66b6f7845d3771674e314d/screenshot - {}
RESULT: {}
COMMAND: POST /session/989d4e3e3c66b6f7845d3771674e314d/execute/sync - {"script":"<script> [79 bytes]","args":[{"element-6066-11e4-a52e-4f735466cecf":"f.5281968FC682DAF02FAC5F987076CB5D.d.4EE5C8C5DCCE73DF4B7736ADF680F3ED.e.5918","ELEMENT":"f.5281968FC682DAF02FAC5F987076CB5D.d.4EE5C8C5DCCE73DF4B7736ADF680F3ED.e.5918"},{"block":"start","inline":"nearest"}]}
RESULT: {"script":"<script> [79 bytes]","args":[{"element-6066-11e4-a52e-4f735466cecf":"f.5281968FC682DAF02FAC5F987076CB5D.d.4EE5C8C5DCCE73DF4B7736ADF680F3ED.e.5918","ELEMENT":"f.5281968FC682DAF02FAC5F987076CB5D.d.4EE5C8C5DCCE73DF4B7736ADF680F3ED.e.5918"},{"block":"start","inline":"nearest"}]}
COMMAND: GET /session/989d4e3e3c66b6f7845d3771674e314d/screenshot - {}
RESULT: {}
COMMAND: POST /session/989d4e3e3c66b6f7845d3771674e314d/element - {"using":"xpath","value":"//span[@id=\"application-manageresources-display-component---newResourceUnit--btnAddTimeSegment-img\"]"}
RESULT: {"using":"xpath","value":"//span[@id=\"application-manageresources-display-component---newResourceUnit--btnAddTimeSegment-img\"]"}
COMMAND: POST /session/989d4e3e3c66b6f7845d3771674e314d/execute/sync - {"script":"<script> [8489 bytes]","args":[{"element-6066-11e4-a52e-4f735466cecf":"f.5281968FC682DAF02FAC5F987076CB5D.d.4EE5C8C5DCCE73DF4B7736ADF680F3ED.e.5921","ELEMENT":"f.5281968FC682DAF02FAC5F987076CB5D.d.4EE5C8C5DCCE73DF4B7736ADF680F3ED.e.5921"}]}
RESULT: {"script":"<script> [8489 bytes]","args":[{"element-6066-11e4-a52e-4f735466cecf":"f.5281968FC682DAF02FAC5F987076CB5D.d.4EE5C8C5DCCE73DF4B7736ADF680F3ED.e.5921","ELEMENT":"f.5281968FC682DAF02FAC5F987076CB5D.d.4EE5C8C5DCCE73DF4B7736ADF680F3ED.e.5921"}]}
COMMAND: POST /session/989d4e3e3c66b6f7845d3771674e314d/element/f.5281968FC682DAF02FAC5F987076CB5D.d.4EE5C8C5DCCE73DF4B7736ADF680F3ED.e.5921/click - {}
COMMAND: GET /session/989d4e3e3c66b6f7845d3771674e314d/screenshot - {}
RESULT: {}
COMMAND: GET /session/989d4e3e3c66b6f7845d3771674e314d/screenshot - {}
COMMAND: POST /session/989d4e3e3c66b6f7845d3771674e314d/element - {"using":"xpath","value":"//input[@id=\"application-manageresources-display-component---newResourceUnit--idRuTSAdmin-application-manageresources-display-component---newResourceUnit--RUTimeSegment-0-inner\"]"}
RESULT: {}
RESULT: {}
RESULT: {"using":"xpath","value":"//input[@id=\"application-manageresources-display-component---newResourceUnit--idRuTSAdmin-application-manageresources-display-component---newResourceUnit--RUTimeSegment-0-inner\"]"}
COMMAND: POST /session/989d4e3e3c66b6f7845d3771674e314d/element/f.5281968FC682DAF02FAC5F987076CB5D.d.4EE5C8C5DCCE73DF4B7736ADF680F3ED.e.5924/clear - {}
RESULT: {}
COMMAND: POST /session/989d4e3e3c66b6f7845d3771674e314d/element/f.5281968FC682DAF02FAC5F987076CB5D.d.4EE5C8C5DCCE73DF4B7736ADF680F3ED.e.5924/value - {"text":"437"}
COMMAND: GET /session/989d4e3e3c66b6f7845d3771674e314d/screenshot - {}
RESULT: {"text":"437"}
COMMAND: GET /session/989d4e3e3c66b6f7845d3771674e314d/screenshot - {}
RESULT: {}
RESULT: {}
COMMAND: POST /session/989d4e3e3c66b6f7845d3771674e314d/actions - {"actions":[{"id":"action18","type":"key","parameters":{},"actions":[{"type":"keyDown","value":"î€‡"},{"type":"pause","duration":10},{"type":"keyUp","value":"î€‡"}]}]}
RESULT: {"actions":[{"id":"action18","type":"key","parameters":{},"actions":[{"type":"keyDown","value":"î€‡"},{"type":"pause","duration":10},{"type":"keyUp","value":"î€‡"}]}]}
COMMAND: GET /session/989d4e3e3c66b6f7845d3771674e314d/screenshot - {}
RESULT: {}
COMMAND: POST /session/989d4e3e3c66b6f7845d3771674e314d/execute/async - {"script":"<script> [1562 bytes]","args":[{"selector":{"controlType":"sap.m.Button","viewName":"reusables.view.manageresources.NewResourceUnit","viewId":"application-manageresources-display-component---newResourceUnit","i18NText":{"propertyName":"tooltip","key":"save"},"interaction":{"idSuffix":"BDI-content"}},"wdio_ui5_key":"reusablesview.manageresources.NewResourceUnitsap.m.Button{\"propertyName\":\"tooltip\",\"key\":\"save\"}"}]}
RESULT: {"script":"<script> [1562 bytes]","args":[{"selector":{"controlType":"sap.m.Button","viewName":"reusables.view.manageresources.NewResourceUnit","viewId":"application-manageresources-display-component---newResourceUnit","i18NText":{"propertyName":"tooltip","key":"save"},"interaction":{"idSuffix":"BDI-content"}},"wdio_ui5_key":"reusablesview.manageresources.NewResourceUnitsap.m.Button{\"propertyName\":\"tooltip\",\"key\":\"save\"}"}]}
RESULT: undefined
COMMAND: POST /session/989d4e3e3c66b6f7845d3771674e314d/element - {"using":"xpath","value":"//*[@id=\"application-manageresources-display-component---newResourceUnit--createRuButton\"]"}
RESULT: {"using":"xpath","value":"//*[@id=\"application-manageresources-display-component---newResourceUnit--createRuButton\"]"}
COMMAND: POST /session/989d4e3e3c66b6f7845d3771674e314d/element/f.5281968FC682DAF02FAC5F987076CB5D.d.4EE5C8C5DCCE73DF4B7736ADF680F3ED.e.5848/click - {}
RESULT: {}
COMMAND: GET /session/989d4e3e3c66b6f7845d3771674e314d/screenshot - {}
RESULT: {}
COMMAND: POST /session/989d4e3e3c66b6f7845d3771674e314d/execute/async - {"script":"<script> [1562 bytes]","args":[{"selector":{"controlType":"sap.m.Title","properties":{"text":"Success"},"searchOpenDialogs":true},"wdio_ui5_key":"sapm.Title{\"text\":\"Success\"}"}]}
RESULT: {"script":"<script> [1562 bytes]","args":[{"selector":{"controlType":"sap.m.Title","properties":{"text":"Success"},"searchOpenDialogs":true},"wdio_ui5_key":"sapm.Title{\"text\":\"Success\"}"}]}
RESULT: undefined
COMMAND: POST /session/989d4e3e3c66b6f7845d3771674e314d/execute/async - {"script":"<script> [6424 bytes]","args":[{"element-6066-11e4-a52e-4f735466cecf":"f.5281968FC682DAF02FAC5F987076CB5D.d.4EE5C8C5DCCE73DF4B7736ADF680F3ED.e.5938"},"getText",[]]}
RESULT: {"script":"<script> [6424 bytes]","args":[{"element-6066-11e4-a52e-4f735466cecf":"f.5281968FC682DAF02FAC5F987076CB5D.d.4EE5C8C5DCCE73DF4B7736ADF680F3ED.e.5938"},"getText",[]]}
COMMAND: POST /session/989d4e3e3c66b6f7845d3771674e314d/element - {"using":"xpath","value":"//*[contains(@id, '__text') and (contains(text(), 'successfully created') or contains(., 'successfully created'))]"}
RESULT: {"using":"xpath","value":"//*[contains(@id, '__text') and (contains(text(), 'successfully created') or contains(., 'successfully created'))]"}
COMMAND: GET /session/989d4e3e3c66b6f7845d3771674e314d/element/f.5281968FC682DAF02FAC5F987076CB5D.d.4EE5C8C5DCCE73DF4B7736ADF680F3ED.e.5936/text - {}
RESULT: {}
COMMAND: POST /session/989d4e3e3c66b6f7845d3771674e314d/execute/async - {"script":"<script> [1562 bytes]","args":[{"selector":{"controlType":"sap.m.Button","properties":{"text":"Close"},"searchOpenDialogs":true,"interaction":{"idSuffix":"BDI-content"}},"wdio_ui5_key":"sapm.Button{\"text\":\"Close\"}"}]}
RESULT: {"script":"<script> [1562 bytes]","args":[{"selector":{"controlType":"sap.m.Button","properties":{"text":"Close"},"searchOpenDialogs":true,"interaction":{"idSuffix":"BDI-content"}},"wdio_ui5_key":"sapm.Button{\"text\":\"Close\"}"}]}
RESULT: undefined
COMMAND: POST /session/989d4e3e3c66b6f7845d3771674e314d/element - {"using":"xpath","value":"//*[@id=\"__mbox-btn-0\"]"}
RESULT: {"using":"xpath","value":"//*[@id=\"__mbox-btn-0\"]"}
COMMAND: POST /session/989d4e3e3c66b6f7845d3771674e314d/element/f.5281968FC682DAF02FAC5F987076CB5D.d.4EE5C8C5DCCE73DF4B7736ADF680F3ED.e.5934/click - {}
RESULT: {}
COMMAND: GET /session/989d4e3e3c66b6f7845d3771674e314d/screenshot - {}
COMMAND: POST /session/989d4e3e3c66b6f7845d3771674e314d/execute/async - {"script":"<script> [1562 bytes]","args":[{"selector":{"controlType":"sap.ui.core.Icon","viewName":"etm.portal.ui.manageresources.view.Detail","viewId":"application-manageresources-display-component---detailRU","properties":{"src":{"regex":{"source":"overflow"}}}},"wdio_ui5_key":"etmportal.ui.manageresources.view.Detailsap.ui.core.Icon{\"src\":{\"regex\":{\"source\":\"overflow\"}}}"}]}
RESULT: {}
RESULT: {"script":"<script> [1562 bytes]","args":[{"selector":{"controlType":"sap.ui.core.Icon","viewName":"etm.portal.ui.manageresources.view.Detail","viewId":"application-manageresources-display-component---detailRU","properties":{"src":{"regex":{"source":"overflow"}}}},"wdio_ui5_key":"etmportal.ui.manageresources.view.Detailsap.ui.core.Icon{\"src\":{\"regex\":{\"source\":\"overflow\"}}}"}]}
RESULT: undefined
COMMAND: POST /session/989d4e3e3c66b6f7845d3771674e314d/element - {"using":"xpath","value":"//*[@id=\"__title15-_actionsToolbar-overflowButton-img\"]"}
RESULT: {"using":"xpath","value":"//*[@id=\"__title15-_actionsToolbar-overflowButton-img\"]"}
COMMAND: POST /session/989d4e3e3c66b6f7845d3771674e314d/element/f.5281968FC682DAF02FAC5F987076CB5D.d.4EE5C8C5DCCE73DF4B7736ADF680F3ED.e.5970/click - {}
RESULT: {}
COMMAND: POST /session/989d4e3e3c66b6f7845d3771674e314d/execute/async - {"script":"<script> [1562 bytes]","args":[{"selector":{"controlType":"sap.m.Button","viewName":"etm.portal.ui.manageresources.view.Detail","viewId":"application-manageresources-display-component---detailRU","i18NText":{"propertyName":"tooltip","key":"closeColumn"},"searchOpenDialogs":true,"interaction":{"idSuffix":"inner"}},"wdio_ui5_key":"etmportal.ui.manageresources.view.Detailsap.m.Button{\"propertyName\":\"tooltip\",\"key\":\"closeColumn\"}"}]}
COMMAND: GET /session/989d4e3e3c66b6f7845d3771674e314d/screenshot - {}
RESULT: {"script":"<script> [1562 bytes]","args":[{"selector":{"controlType":"sap.m.Button","viewName":"etm.portal.ui.manageresources.view.Detail","viewId":"application-manageresources-display-component---detailRU","i18NText":{"propertyName":"tooltip","key":"closeColumn"},"searchOpenDialogs":true,"interaction":{"idSuffix":"inner"}},"wdio_ui5_key":"etmportal.ui.manageresources.view.Detailsap.m.Button{\"propertyName\":\"tooltip\",\"key\":\"closeColumn\"}"}]}
RESULT: undefined
COMMAND: POST /session/989d4e3e3c66b6f7845d3771674e314d/element - {"using":"xpath","value":"//*[@id=\"__button43\"]"}
RESULT: {}
RESULT: {"using":"xpath","value":"//*[@id=\"__button43\"]"}
COMMAND: POST /session/989d4e3e3c66b6f7845d3771674e314d/element/f.5281968FC682DAF02FAC5F987076CB5D.d.4EE5C8C5DCCE73DF4B7736ADF680F3ED.e.5972/click - {}
RESULT: {}
COMMAND: GET /session/989d4e3e3c66b6f7845d3771674e314d/screenshot - {}
RESULT: {}
COMMAND: POST /session/989d4e3e3c66b6f7845d3771674e314d/refresh - {}
RESULT: {}
COMMAND: GET /session/989d4e3e3c66b6f7845d3771674e314d/screenshot - {}
RESULT: {}
COMMAND: POST /session/989d4e3e3c66b6f7845d3771674e314d/refresh - {}
RESULT: {}
COMMAND: GET /session/989d4e3e3c66b6f7845d3771674e314d/screenshot - {}
RESULT: {}
COMMAND: POST /session/989d4e3e3c66b6f7845d3771674e314d/window/fullscreen - {}
RESULT: {}
COMMAND: POST /session/989d4e3e3c66b6f7845d3771674e314d/execute/async - {"script":"<script> [189 bytes]","args":[]}
RESULT: {"script":"<script> [189 bytes]","args":[]}
COMMAND: POST /session/989d4e3e3c66b6f7845d3771674e314d/execute/async - {"script":"<script> [123 bytes]","args":[]}
RESULT: {"script":"<script> [123 bytes]","args":[]}
COMMAND: POST /session/989d4e3e3c66b6f7845d3771674e314d/timeouts - {"script":"<number>"}
RESULT: {"script":"<number>"}
COMMAND: GET /session/989d4e3e3c66b6f7845d3771674e314d/timeouts - {}
RESULT: {}
RESULT: undefined
COMMAND: POST /session/989d4e3e3c66b6f7845d3771674e314d/execute/async - {"script":"<script> [2676 bytes]","args":[]}
RESULT: {"script":"<script> [2676 bytes]","args":[]}
COMMAND: POST /session/989d4e3e3c66b6f7845d3771674e314d/execute/async - {"script":"<script> [2342 bytes]","args":[{"protocol":"http","hostname":"0.0.0.0","path":"/","capabilities":{"browserName":"chrome","goog:chromeOptions":{"binary":"C:\\Program Files\\Google\\Chrome\\Application\\chrome.exe","args":["--start-maximized"]}},"logLevel":"warn","connectionRetryTimeout":120000,"connectionRetryCount":3,"logLevels":{},"enableDirectConnect":true,"strictSSL":true,"_":"65 more keys: [\"cacheDir\",\"port\",\"requestedCapabilities\",\"automationProtocol\",\"baseUrl\",\"waitforInterval\",\"waitforTimeout\",\"onReload\",\"beforeCommand\",\"afterCommand\",\"rootDir\",\"specs\",\"suites\",\"exclude\",\"groupLogsByTestSpec\",\"excludeDriverLogs\",\"bail\",\"framework\",\"reporters\",\"services\",\"maxInstances\",\"maxInstancesPerCapability\",\"injectGlobals\",\"filesToWatch\",\"execArgv\",\"runnerEnv\",\"runner\",\"shard\",\"specFileRetries\",\"specFileRetriesDelay\",\"specFileRetriesDeferred\",\"reporterSyncInterval\",\"reporterSyncTimeout\",\"cucumberFeaturesWithLineNumbers\",\"autoCompileOpts\",\"mochaOpts\",\"jasmineOpts\",\"cucumberOpts\",\"onPrepare\",\"onWorkerStart\",\"onWorkerEnd\",\"before\",\"beforeSession\",\"beforeSuite\",\"beforeHook\",\"beforeTest\",\"afterTest\",\"afterHook\",\"afterSuite\",\"afterSession\",\"after\",\"onComplete\",\"beforeAssertion\",\"afterAssertion\",\"beforeFeature\",\"beforeScenario\",\"beforeStep\",\"afterStep\",\"afterScenario\",\"afterFeature\",\"_\",\"suite\",\"$0\",\"ignoredWorkerServices\",\"wdi5\"]"}]}
RESULT: {"script":"<script> [2342 bytes]","args":[{"protocol":"http","hostname":"0.0.0.0","path":"/","capabilities":{"browserName":"chrome","goog:chromeOptions":{"binary":"C:\\Program Files\\Google\\Chrome\\Application\\chrome.exe","args":["--start-maximized"]}},"logLevel":"warn","connectionRetryTimeout":120000,"connectionRetryCount":3,"logLevels":{},"enableDirectConnect":true,"strictSSL":true,"_":"65 more keys: [\"cacheDir\",\"port\",\"requestedCapabilities\",\"automationProtocol\",\"baseUrl\",\"waitforInterval\",\"waitforTimeout\",\"onReload\",\"beforeCommand\",\"afterCommand\",\"rootDir\",\"specs\",\"suites\",\"exclude\",\"groupLogsByTestSpec\",\"excludeDriverLogs\",\"bail\",\"framework\",\"reporters\",\"services\",\"maxInstances\",\"maxInstancesPerCapability\",\"injectGlobals\",\"filesToWatch\",\"execArgv\",\"runnerEnv\",\"runner\",\"shard\",\"specFileRetries\",\"specFileRetriesDelay\",\"specFileRetriesDeferred\",\"reporterSyncInterval\",\"reporterSyncTimeout\",\"cucumberFeaturesWithLineNumbers\",\"autoCompileOpts\",\"mochaOpts\",\"jasmineOpts\",\"cucumberOpts\",\"onPrepare\",\"onWorkerStart\",\"onWorkerEnd\",\"before\",\"beforeSession\",\"beforeSuite\",\"beforeHook\",\"beforeTest\",\"afterTest\",\"afterHook\",\"afterSuite\",\"afterSession\",\"after\",\"onComplete\",\"beforeAssertion\",\"afterAssertion\",\"beforeFeature\",\"beforeScenario\",\"beforeStep\",\"afterStep\",\"afterScenario\",\"afterFeature\",\"_\",\"suite\",\"$0\",\"ignoredWorkerServices\",\"wdi5\"]"}]}
COMMAND: POST /session/989d4e3e3c66b6f7845d3771674e314d/execute/async - {"script":"<script> [21126 bytes]","args":[35000]}
RESULT: {"script":"<script> [21126 bytes]","args":[35000]}
]]></system-out>
    </testcase>
    <testcase classname="chrome.135_0_7049_96.windows.Create_2_RU_material_US118246" name="Create WHM material" time="208.81">
      <system-out><![CDATA[
COMMAND: POST /session/989d4e3e3c66b6f7845d3771674e314d/element - {"using":"xpath","value":"//button[@data-kt=\"addNewRUOverflowToolbarButton\"]"}
RESULT: {"using":"xpath","value":"//button[@data-kt=\"addNewRUOverflowToolbarButton\"]"}
COMMAND: POST /session/989d4e3e3c66b6f7845d3771674e314d/element - {"using":"xpath","value":"//button[@data-kt=\"addNewRUOverflowToolbarButton\"]"}
RESULT: {"using":"xpath","value":"//button[@data-kt=\"addNewRUOverflowToolbarButton\"]"}
COMMAND: POST /session/989d4e3e3c66b6f7845d3771674e314d/element - {"using":"xpath","value":"//button[@data-kt=\"addNewRUOverflowToolbarButton\"]"}
RESULT: {"using":"xpath","value":"//button[@data-kt=\"addNewRUOverflowToolbarButton\"]"}
COMMAND: POST /session/989d4e3e3c66b6f7845d3771674e314d/element - {"using":"xpath","value":"//button[@data-kt=\"addNewRUOverflowToolbarButton\"]"}
RESULT: {"using":"xpath","value":"//button[@data-kt=\"addNewRUOverflowToolbarButton\"]"}
COMMAND: POST /session/989d4e3e3c66b6f7845d3771674e314d/element - {"using":"xpath","value":"//button[@data-kt=\"addNewRUOverflowToolbarButton\"]"}
RESULT: {"using":"xpath","value":"//button[@data-kt=\"addNewRUOverflowToolbarButton\"]"}
COMMAND: POST /session/989d4e3e3c66b6f7845d3771674e314d/element - {"using":"xpath","value":"//button[@data-kt=\"addNewRUOverflowToolbarButton\"]"}
RESULT: {"using":"xpath","value":"//button[@data-kt=\"addNewRUOverflowToolbarButton\"]"}
COMMAND: POST /session/989d4e3e3c66b6f7845d3771674e314d/element - {"using":"xpath","value":"//button[@data-kt=\"addNewRUOverflowToolbarButton\"]"}
RESULT: {"using":"xpath","value":"//button[@data-kt=\"addNewRUOverflowToolbarButton\"]"}
COMMAND: POST /session/989d4e3e3c66b6f7845d3771674e314d/element - {"using":"xpath","value":"//button[@data-kt=\"addNewRUOverflowToolbarButton\"]"}
RESULT: {"using":"xpath","value":"//button[@data-kt=\"addNewRUOverflowToolbarButton\"]"}
COMMAND: POST /session/989d4e3e3c66b6f7845d3771674e314d/element - {"using":"xpath","value":"//button[@data-kt=\"addNewRUOverflowToolbarButton\"]"}
RESULT: {"using":"xpath","value":"//button[@data-kt=\"addNewRUOverflowToolbarButton\"]"}
COMMAND: POST /session/989d4e3e3c66b6f7845d3771674e314d/element - {"using":"xpath","value":"//button[@data-kt=\"addNewRUOverflowToolbarButton\"]"}
RESULT: {"using":"xpath","value":"//button[@data-kt=\"addNewRUOverflowToolbarButton\"]"}
COMMAND: POST /session/989d4e3e3c66b6f7845d3771674e314d/element - {"using":"xpath","value":"//button[@data-kt=\"addNewRUOverflowToolbarButton\"]"}
RESULT: {"using":"xpath","value":"//button[@data-kt=\"addNewRUOverflowToolbarButton\"]"}
COMMAND: POST /session/989d4e3e3c66b6f7845d3771674e314d/element - {"using":"xpath","value":"//button[@data-kt=\"addNewRUOverflowToolbarButton\"]"}
COMMAND: POST /session/989d4e3e3c66b6f7845d3771674e314d/execute/async - {"script":"<script> [1562 bytes]","args":[{"selector":{"controlType":"sap.ui.core.Icon","viewName":"etm.portal.ui.manageresources.view.Master","viewId":"application-manageresources-display-component---masterRU","properties":{"src":{"regex":{"source":"add"}}}},"wdio_ui5_key":"etmportal.ui.manageresources.view.Mastersap.ui.core.Icon{\"src\":{\"regex\":{\"source\":\"add\"}}}"}]}
RESULT: {"using":"xpath","value":"//button[@data-kt=\"addNewRUOverflowToolbarButton\"]"}
COMMAND: POST /session/989d4e3e3c66b6f7845d3771674e314d/execute/sync - {"script":"<script> [8489 bytes]","args":[{"element-6066-11e4-a52e-4f735466cecf":"f.5281968FC682DAF02FAC5F987076CB5D.d.4D9134B3EC911B52A061C96F9B84809B.e.6096","ELEMENT":"f.5281968FC682DAF02FAC5F987076CB5D.d.4D9134B3EC911B52A061C96F9B84809B.e.6096"}]}
RESULT: {"script":"<script> [1562 bytes]","args":[{"selector":{"controlType":"sap.ui.core.Icon","viewName":"etm.portal.ui.manageresources.view.Master","viewId":"application-manageresources-display-component---masterRU","properties":{"src":{"regex":{"source":"add"}}}},"wdio_ui5_key":"etmportal.ui.manageresources.view.Mastersap.ui.core.Icon{\"src\":{\"regex\":{\"source\":\"add\"}}}"}]}
RESULT: undefined
COMMAND: POST /session/989d4e3e3c66b6f7845d3771674e314d/element - {"using":"xpath","value":"//*[@id=\"__button3-img\"]"}
RESULT: {"script":"<script> [8489 bytes]","args":[{"element-6066-11e4-a52e-4f735466cecf":"f.5281968FC682DAF02FAC5F987076CB5D.d.4D9134B3EC911B52A061C96F9B84809B.e.6096","ELEMENT":"f.5281968FC682DAF02FAC5F987076CB5D.d.4D9134B3EC911B52A061C96F9B84809B.e.6096"}]}
COMMAND: GET /session/989d4e3e3c66b6f7845d3771674e314d/screenshot - {}
RESULT: {"using":"xpath","value":"//*[@id=\"__button3-img\"]"}
COMMAND: POST /session/989d4e3e3c66b6f7845d3771674e314d/element/f.5281968FC682DAF02FAC5F987076CB5D.d.4D9134B3EC911B52A061C96F9B84809B.e.6110/click - {}
RESULT: {}
RESULT: {}
COMMAND: GET /session/989d4e3e3c66b6f7845d3771674e314d/screenshot - {}
COMMAND: POST /session/989d4e3e3c66b6f7845d3771674e314d/execute/async - {"script":"<script> [1562 bytes]","args":[{"selector":{"controlType":"sap.m.ComboBox","viewName":"reusables.view.manageresources.NewResourceUnit","viewId":"application-manageresources-display-component---newResourceUnit","bindingPath":{"path":"","propertyPath":"/RuTypes","modelName":"catalogModel"},"searchOpenDialogs":true},"wdio_ui5_key":"reusablesview.manageresources.NewResourceUnitsap.m.ComboBox{\"path\":\"\",\"propertyPath\":\"/RuTypes\",\"modelName\":\"catalogModel\"}"}]}
RESULT: {}
RESULT: {"script":"<script> [1562 bytes]","args":[{"selector":{"controlType":"sap.m.ComboBox","viewName":"reusables.view.manageresources.NewResourceUnit","viewId":"application-manageresources-display-component---newResourceUnit","bindingPath":{"path":"","propertyPath":"/RuTypes","modelName":"catalogModel"},"searchOpenDialogs":true},"wdio_ui5_key":"reusablesview.manageresources.NewResourceUnitsap.m.ComboBox{\"path\":\"\",\"propertyPath\":\"/RuTypes\",\"modelName\":\"catalogModel\"}"}]}
RESULT: undefined
COMMAND: POST /session/989d4e3e3c66b6f7845d3771674e314d/execute/async - {"script":"<script> [1562 bytes]","args":[{"selector":{"controlType":"sap.m.ComboBox","viewName":"reusables.view.manageresources.NewResourceUnit","viewId":"application-manageresources-display-component---newResourceUnit","bindingPath":{"path":"","propertyPath":"/Yards","modelName":"catalogModel"},"searchOpenDialogs":true},"wdio_ui5_key":"reusablesview.manageresources.NewResourceUnitsap.m.ComboBox{\"path\":\"\",\"propertyPath\":\"/Yards\",\"modelName\":\"catalogModel\"}"}]}
RESULT: {"script":"<script> [1562 bytes]","args":[{"selector":{"controlType":"sap.m.ComboBox","viewName":"reusables.view.manageresources.NewResourceUnit","viewId":"application-manageresources-display-component---newResourceUnit","bindingPath":{"path":"","propertyPath":"/Yards","modelName":"catalogModel"},"searchOpenDialogs":true},"wdio_ui5_key":"reusablesview.manageresources.NewResourceUnitsap.m.ComboBox{\"path\":\"\",\"propertyPath\":\"/Yards\",\"modelName\":\"catalogModel\"}"}]}
RESULT: undefined
COMMAND: POST /session/989d4e3e3c66b6f7845d3771674e314d/execute/async - {"script":"<script> [1562 bytes]","args":[{"selector":{"controlType":"etm.portal.ui.reusables.customControls.LiveSearchComboBox","viewName":"reusables.view.manageresources.NewResourceUnit","viewId":"application-manageresources-display-component---newResourceUnit","bindingPath":{"path":"","propertyPath":"/CatalogItems","modelName":"catalogModel"},"searchOpenDialogs":true},"wdio_ui5_key":"reusablesview.manageresources.NewResourceUnitetm.portal.ui.reusables.customControls.LiveSearchComboBox{\"path\":\"\",\"propertyPath\":\"/CatalogItems\",\"modelName\":\"catalogModel\"}"}]}
RESULT: {"script":"<script> [1562 bytes]","args":[{"selector":{"controlType":"etm.portal.ui.reusables.customControls.LiveSearchComboBox","viewName":"reusables.view.manageresources.NewResourceUnit","viewId":"application-manageresources-display-component---newResourceUnit","bindingPath":{"path":"","propertyPath":"/CatalogItems","modelName":"catalogModel"},"searchOpenDialogs":true},"wdio_ui5_key":"reusablesview.manageresources.NewResourceUnitetm.portal.ui.reusables.customControls.LiveSearchComboBox{\"path\":\"\",\"propertyPath\":\"/CatalogItems\",\"modelName\":\"catalogModel\"}"}]}
RESULT: undefined
COMMAND: POST /session/989d4e3e3c66b6f7845d3771674e314d/element - {"using":"xpath","value":"//bdi[text()=\"OK\"]"}
RESULT: {"using":"xpath","value":"//bdi[text()=\"OK\"]"}
COMMAND: POST /session/989d4e3e3c66b6f7845d3771674e314d/elements - {"using":"xpath","value":"//bdi[text()=\"OK\"]"}
RESULT: {"using":"xpath","value":"//bdi[text()=\"OK\"]"}
COMMAND: POST /session/989d4e3e3c66b6f7845d3771674e314d/elements - {"using":"xpath","value":"//bdi[text()=\"OK\"]"}
RESULT: {"using":"xpath","value":"//bdi[text()=\"OK\"]"}
COMMAND: POST /session/989d4e3e3c66b6f7845d3771674e314d/elements - {"using":"xpath","value":"//bdi[text()=\"OK\"]"}
RESULT: {"using":"xpath","value":"//bdi[text()=\"OK\"]"}
COMMAND: POST /session/989d4e3e3c66b6f7845d3771674e314d/elements - {"using":"xpath","value":"//bdi[text()=\"OK\"]"}
RESULT: {"using":"xpath","value":"//bdi[text()=\"OK\"]"}
COMMAND: POST /session/989d4e3e3c66b6f7845d3771674e314d/elements - {"using":"xpath","value":"//bdi[text()=\"OK\"]"}
RESULT: {"using":"xpath","value":"//bdi[text()=\"OK\"]"}
COMMAND: POST /session/989d4e3e3c66b6f7845d3771674e314d/elements - {"using":"xpath","value":"//bdi[text()=\"OK\"]"}
RESULT: {"using":"xpath","value":"//bdi[text()=\"OK\"]"}
COMMAND: POST /session/989d4e3e3c66b6f7845d3771674e314d/elements - {"using":"xpath","value":"//bdi[text()=\"OK\"]"}
RESULT: {"using":"xpath","value":"//bdi[text()=\"OK\"]"}
COMMAND: POST /session/989d4e3e3c66b6f7845d3771674e314d/elements - {"using":"xpath","value":"//bdi[text()=\"OK\"]"}
RESULT: {"using":"xpath","value":"//bdi[text()=\"OK\"]"}
COMMAND: POST /session/989d4e3e3c66b6f7845d3771674e314d/elements - {"using":"xpath","value":"//bdi[text()=\"OK\"]"}
RESULT: {"using":"xpath","value":"//bdi[text()=\"OK\"]"}
COMMAND: POST /session/989d4e3e3c66b6f7845d3771674e314d/elements - {"using":"xpath","value":"//bdi[text()=\"OK\"]"}
RESULT: {"using":"xpath","value":"//bdi[text()=\"OK\"]"}
COMMAND: POST /session/989d4e3e3c66b6f7845d3771674e314d/elements - {"using":"xpath","value":"//bdi[text()=\"OK\"]"}
RESULT: {"using":"xpath","value":"//bdi[text()=\"OK\"]"}
COMMAND: POST /session/989d4e3e3c66b6f7845d3771674e314d/elements - {"using":"xpath","value":"//bdi[text()=\"OK\"]"}
RESULT: {"using":"xpath","value":"//bdi[text()=\"OK\"]"}
COMMAND: POST /session/989d4e3e3c66b6f7845d3771674e314d/elements - {"using":"xpath","value":"//bdi[text()=\"OK\"]"}
RESULT: {"using":"xpath","value":"//bdi[text()=\"OK\"]"}
COMMAND: POST /session/989d4e3e3c66b6f7845d3771674e314d/elements - {"using":"xpath","value":"//bdi[text()=\"OK\"]"}
RESULT: {"using":"xpath","value":"//bdi[text()=\"OK\"]"}
COMMAND: POST /session/989d4e3e3c66b6f7845d3771674e314d/elements - {"using":"xpath","value":"//bdi[text()=\"OK\"]"}
RESULT: {"using":"xpath","value":"//bdi[text()=\"OK\"]"}
COMMAND: POST /session/989d4e3e3c66b6f7845d3771674e314d/elements - {"using":"xpath","value":"//bdi[text()=\"OK\"]"}
RESULT: {"using":"xpath","value":"//bdi[text()=\"OK\"]"}
COMMAND: POST /session/989d4e3e3c66b6f7845d3771674e314d/elements - {"using":"xpath","value":"//bdi[text()=\"OK\"]"}
RESULT: {"using":"xpath","value":"//bdi[text()=\"OK\"]"}
COMMAND: POST /session/989d4e3e3c66b6f7845d3771674e314d/elements - {"using":"xpath","value":"//bdi[text()=\"OK\"]"}
RESULT: {"using":"xpath","value":"//bdi[text()=\"OK\"]"}
COMMAND: POST /session/989d4e3e3c66b6f7845d3771674e314d/elements - {"using":"xpath","value":"//bdi[text()=\"OK\"]"}
RESULT: {"using":"xpath","value":"//bdi[text()=\"OK\"]"}
COMMAND: POST /session/989d4e3e3c66b6f7845d3771674e314d/elements - {"using":"xpath","value":"//bdi[text()=\"OK\"]"}
RESULT: {"using":"xpath","value":"//bdi[text()=\"OK\"]"}
COMMAND: POST /session/989d4e3e3c66b6f7845d3771674e314d/elements - {"using":"xpath","value":"//bdi[text()=\"OK\"]"}
RESULT: {"using":"xpath","value":"//bdi[text()=\"OK\"]"}
COMMAND: POST /session/989d4e3e3c66b6f7845d3771674e314d/elements - {"using":"xpath","value":"//bdi[text()=\"OK\"]"}
RESULT: {"using":"xpath","value":"//bdi[text()=\"OK\"]"}
COMMAND: POST /session/989d4e3e3c66b6f7845d3771674e314d/elements - {"using":"xpath","value":"//bdi[text()=\"OK\"]"}
RESULT: {"using":"xpath","value":"//bdi[text()=\"OK\"]"}
COMMAND: POST /session/989d4e3e3c66b6f7845d3771674e314d/elements - {"using":"xpath","value":"//bdi[text()=\"OK\"]"}
RESULT: {"using":"xpath","value":"//bdi[text()=\"OK\"]"}
COMMAND: POST /session/989d4e3e3c66b6f7845d3771674e314d/elements - {"using":"xpath","value":"//bdi[text()=\"OK\"]"}
RESULT: {"using":"xpath","value":"//bdi[text()=\"OK\"]"}
COMMAND: POST /session/989d4e3e3c66b6f7845d3771674e314d/elements - {"using":"xpath","value":"//bdi[text()=\"OK\"]"}
RESULT: {"using":"xpath","value":"//bdi[text()=\"OK\"]"}
COMMAND: POST /session/989d4e3e3c66b6f7845d3771674e314d/elements - {"using":"xpath","value":"//bdi[text()=\"OK\"]"}
RESULT: {"using":"xpath","value":"//bdi[text()=\"OK\"]"}
COMMAND: POST /session/989d4e3e3c66b6f7845d3771674e314d/elements - {"using":"xpath","value":"//bdi[text()=\"OK\"]"}
RESULT: {"using":"xpath","value":"//bdi[text()=\"OK\"]"}
COMMAND: POST /session/989d4e3e3c66b6f7845d3771674e314d/elements - {"using":"xpath","value":"//bdi[text()=\"OK\"]"}
RESULT: {"using":"xpath","value":"//bdi[text()=\"OK\"]"}
COMMAND: POST /session/989d4e3e3c66b6f7845d3771674e314d/elements - {"using":"xpath","value":"//bdi[text()=\"OK\"]"}
RESULT: {"using":"xpath","value":"//bdi[text()=\"OK\"]"}
COMMAND: POST /session/989d4e3e3c66b6f7845d3771674e314d/elements - {"using":"xpath","value":"//bdi[text()=\"OK\"]"}
RESULT: {"using":"xpath","value":"//bdi[text()=\"OK\"]"}
COMMAND: POST /session/989d4e3e3c66b6f7845d3771674e314d/elements - {"using":"xpath","value":"//bdi[text()=\"OK\"]"}
RESULT: {"using":"xpath","value":"//bdi[text()=\"OK\"]"}
COMMAND: POST /session/989d4e3e3c66b6f7845d3771674e314d/elements - {"using":"xpath","value":"//bdi[text()=\"OK\"]"}
RESULT: {"using":"xpath","value":"//bdi[text()=\"OK\"]"}
COMMAND: POST /session/989d4e3e3c66b6f7845d3771674e314d/elements - {"using":"xpath","value":"//bdi[text()=\"OK\"]"}
RESULT: {"using":"xpath","value":"//bdi[text()=\"OK\"]"}
COMMAND: POST /session/989d4e3e3c66b6f7845d3771674e314d/elements - {"using":"xpath","value":"//bdi[text()=\"OK\"]"}
RESULT: {"using":"xpath","value":"//bdi[text()=\"OK\"]"}
COMMAND: POST /session/989d4e3e3c66b6f7845d3771674e314d/elements - {"using":"xpath","value":"//bdi[text()=\"OK\"]"}
RESULT: {"using":"xpath","value":"//bdi[text()=\"OK\"]"}
COMMAND: POST /session/989d4e3e3c66b6f7845d3771674e314d/elements - {"using":"xpath","value":"//bdi[text()=\"OK\"]"}
RESULT: {"using":"xpath","value":"//bdi[text()=\"OK\"]"}
COMMAND: POST /session/989d4e3e3c66b6f7845d3771674e314d/elements - {"using":"xpath","value":"//bdi[text()=\"OK\"]"}
RESULT: {"using":"xpath","value":"//bdi[text()=\"OK\"]"}
COMMAND: POST /session/989d4e3e3c66b6f7845d3771674e314d/elements - {"using":"xpath","value":"//bdi[text()=\"OK\"]"}
RESULT: {"using":"xpath","value":"//bdi[text()=\"OK\"]"}
COMMAND: POST /session/989d4e3e3c66b6f7845d3771674e314d/elements - {"using":"xpath","value":"//bdi[text()=\"OK\"]"}
RESULT: {"using":"xpath","value":"//bdi[text()=\"OK\"]"}
COMMAND: POST /session/989d4e3e3c66b6f7845d3771674e314d/elements - {"using":"xpath","value":"//bdi[text()=\"OK\"]"}
RESULT: {"using":"xpath","value":"//bdi[text()=\"OK\"]"}
COMMAND: POST /session/989d4e3e3c66b6f7845d3771674e314d/elements - {"using":"xpath","value":"//bdi[text()=\"OK\"]"}
RESULT: {"using":"xpath","value":"//bdi[text()=\"OK\"]"}
COMMAND: POST /session/989d4e3e3c66b6f7845d3771674e314d/elements - {"using":"xpath","value":"//bdi[text()=\"OK\"]"}
RESULT: {"using":"xpath","value":"//bdi[text()=\"OK\"]"}
COMMAND: POST /session/989d4e3e3c66b6f7845d3771674e314d/elements - {"using":"xpath","value":"//bdi[text()=\"OK\"]"}
RESULT: {"using":"xpath","value":"//bdi[text()=\"OK\"]"}
COMMAND: POST /session/989d4e3e3c66b6f7845d3771674e314d/elements - {"using":"xpath","value":"//bdi[text()=\"OK\"]"}
RESULT: {"using":"xpath","value":"//bdi[text()=\"OK\"]"}
COMMAND: POST /session/989d4e3e3c66b6f7845d3771674e314d/elements - {"using":"xpath","value":"//bdi[text()=\"OK\"]"}
RESULT: {"using":"xpath","value":"//bdi[text()=\"OK\"]"}
COMMAND: POST /session/989d4e3e3c66b6f7845d3771674e314d/elements - {"using":"xpath","value":"//bdi[text()=\"OK\"]"}
RESULT: {"using":"xpath","value":"//bdi[text()=\"OK\"]"}
COMMAND: POST /session/989d4e3e3c66b6f7845d3771674e314d/elements - {"using":"xpath","value":"//bdi[text()=\"OK\"]"}
RESULT: {"using":"xpath","value":"//bdi[text()=\"OK\"]"}
COMMAND: POST /session/989d4e3e3c66b6f7845d3771674e314d/elements - {"using":"xpath","value":"//bdi[text()=\"OK\"]"}
RESULT: {"using":"xpath","value":"//bdi[text()=\"OK\"]"}
COMMAND: POST /session/989d4e3e3c66b6f7845d3771674e314d/elements - {"using":"xpath","value":"//bdi[text()=\"OK\"]"}
RESULT: {"using":"xpath","value":"//bdi[text()=\"OK\"]"}
COMMAND: POST /session/989d4e3e3c66b6f7845d3771674e314d/elements - {"using":"xpath","value":"//bdi[text()=\"OK\"]"}
RESULT: {"using":"xpath","value":"//bdi[text()=\"OK\"]"}
COMMAND: POST /session/989d4e3e3c66b6f7845d3771674e314d/elements - {"using":"xpath","value":"//bdi[text()=\"OK\"]"}
RESULT: {"using":"xpath","value":"//bdi[text()=\"OK\"]"}
COMMAND: POST /session/989d4e3e3c66b6f7845d3771674e314d/elements - {"using":"xpath","value":"//bdi[text()=\"OK\"]"}
RESULT: {"using":"xpath","value":"//bdi[text()=\"OK\"]"}
COMMAND: POST /session/989d4e3e3c66b6f7845d3771674e314d/elements - {"using":"xpath","value":"//bdi[text()=\"OK\"]"}
RESULT: {"using":"xpath","value":"//bdi[text()=\"OK\"]"}
COMMAND: POST /session/989d4e3e3c66b6f7845d3771674e314d/elements - {"using":"xpath","value":"//bdi[text()=\"OK\"]"}
RESULT: {"using":"xpath","value":"//bdi[text()=\"OK\"]"}
COMMAND: POST /session/989d4e3e3c66b6f7845d3771674e314d/elements - {"using":"xpath","value":"//bdi[text()=\"OK\"]"}
RESULT: {"using":"xpath","value":"//bdi[text()=\"OK\"]"}
COMMAND: POST /session/989d4e3e3c66b6f7845d3771674e314d/elements - {"using":"xpath","value":"//bdi[text()=\"OK\"]"}
RESULT: {"using":"xpath","value":"//bdi[text()=\"OK\"]"}
COMMAND: POST /session/989d4e3e3c66b6f7845d3771674e314d/elements - {"using":"xpath","value":"//bdi[text()=\"OK\"]"}
RESULT: {"using":"xpath","value":"//bdi[text()=\"OK\"]"}
COMMAND: POST /session/989d4e3e3c66b6f7845d3771674e314d/elements - {"using":"xpath","value":"//bdi[text()=\"OK\"]"}
RESULT: {"using":"xpath","value":"//bdi[text()=\"OK\"]"}
COMMAND: POST /session/989d4e3e3c66b6f7845d3771674e314d/elements - {"using":"xpath","value":"//bdi[text()=\"OK\"]"}
RESULT: {"using":"xpath","value":"//bdi[text()=\"OK\"]"}
COMMAND: POST /session/989d4e3e3c66b6f7845d3771674e314d/elements - {"using":"xpath","value":"//bdi[text()=\"OK\"]"}
RESULT: {"using":"xpath","value":"//bdi[text()=\"OK\"]"}
COMMAND: POST /session/989d4e3e3c66b6f7845d3771674e314d/elements - {"using":"xpath","value":"//bdi[text()=\"OK\"]"}
RESULT: {"using":"xpath","value":"//bdi[text()=\"OK\"]"}
COMMAND: POST /session/989d4e3e3c66b6f7845d3771674e314d/elements - {"using":"xpath","value":"//bdi[text()=\"OK\"]"}
RESULT: {"using":"xpath","value":"//bdi[text()=\"OK\"]"}
COMMAND: POST /session/989d4e3e3c66b6f7845d3771674e314d/elements - {"using":"xpath","value":"//bdi[text()=\"OK\"]"}
RESULT: {"using":"xpath","value":"//bdi[text()=\"OK\"]"}
COMMAND: POST /session/989d4e3e3c66b6f7845d3771674e314d/elements - {"using":"xpath","value":"//bdi[text()=\"OK\"]"}
RESULT: {"using":"xpath","value":"//bdi[text()=\"OK\"]"}
COMMAND: POST /session/989d4e3e3c66b6f7845d3771674e314d/elements - {"using":"xpath","value":"//bdi[text()=\"OK\"]"}
RESULT: {"using":"xpath","value":"//bdi[text()=\"OK\"]"}
COMMAND: POST /session/989d4e3e3c66b6f7845d3771674e314d/elements - {"using":"xpath","value":"//bdi[text()=\"OK\"]"}
RESULT: {"using":"xpath","value":"//bdi[text()=\"OK\"]"}
COMMAND: POST /session/989d4e3e3c66b6f7845d3771674e314d/elements - {"using":"xpath","value":"//bdi[text()=\"OK\"]"}
RESULT: {"using":"xpath","value":"//bdi[text()=\"OK\"]"}
COMMAND: POST /session/989d4e3e3c66b6f7845d3771674e314d/elements - {"using":"xpath","value":"//bdi[text()=\"OK\"]"}
RESULT: {"using":"xpath","value":"//bdi[text()=\"OK\"]"}
COMMAND: POST /session/989d4e3e3c66b6f7845d3771674e314d/elements - {"using":"xpath","value":"//bdi[text()=\"OK\"]"}
RESULT: {"using":"xpath","value":"//bdi[text()=\"OK\"]"}
COMMAND: POST /session/989d4e3e3c66b6f7845d3771674e314d/elements - {"using":"xpath","value":"//bdi[text()=\"OK\"]"}
RESULT: {"using":"xpath","value":"//bdi[text()=\"OK\"]"}
COMMAND: POST /session/989d4e3e3c66b6f7845d3771674e314d/elements - {"using":"xpath","value":"//bdi[text()=\"OK\"]"}
RESULT: {"using":"xpath","value":"//bdi[text()=\"OK\"]"}
COMMAND: POST /session/989d4e3e3c66b6f7845d3771674e314d/elements - {"using":"xpath","value":"//bdi[text()=\"OK\"]"}
RESULT: {"using":"xpath","value":"//bdi[text()=\"OK\"]"}
COMMAND: POST /session/989d4e3e3c66b6f7845d3771674e314d/elements - {"using":"xpath","value":"//bdi[text()=\"OK\"]"}
RESULT: {"using":"xpath","value":"//bdi[text()=\"OK\"]"}
COMMAND: POST /session/989d4e3e3c66b6f7845d3771674e314d/elements - {"using":"xpath","value":"//bdi[text()=\"OK\"]"}
RESULT: {"using":"xpath","value":"//bdi[text()=\"OK\"]"}
COMMAND: POST /session/989d4e3e3c66b6f7845d3771674e314d/elements - {"using":"xpath","value":"//bdi[text()=\"OK\"]"}
RESULT: {"using":"xpath","value":"//bdi[text()=\"OK\"]"}
COMMAND: POST /session/989d4e3e3c66b6f7845d3771674e314d/elements - {"using":"xpath","value":"//bdi[text()=\"OK\"]"}
RESULT: {"using":"xpath","value":"//bdi[text()=\"OK\"]"}
COMMAND: POST /session/989d4e3e3c66b6f7845d3771674e314d/elements - {"using":"xpath","value":"//bdi[text()=\"OK\"]"}
RESULT: {"using":"xpath","value":"//bdi[text()=\"OK\"]"}
COMMAND: POST /session/989d4e3e3c66b6f7845d3771674e314d/elements - {"using":"xpath","value":"//bdi[text()=\"OK\"]"}
RESULT: {"using":"xpath","value":"//bdi[text()=\"OK\"]"}
COMMAND: POST /session/989d4e3e3c66b6f7845d3771674e314d/elements - {"using":"xpath","value":"//bdi[text()=\"OK\"]"}
RESULT: {"using":"xpath","value":"//bdi[text()=\"OK\"]"}
COMMAND: POST /session/989d4e3e3c66b6f7845d3771674e314d/elements - {"using":"xpath","value":"//bdi[text()=\"OK\"]"}
RESULT: {"using":"xpath","value":"//bdi[text()=\"OK\"]"}
COMMAND: POST /session/989d4e3e3c66b6f7845d3771674e314d/elements - {"using":"xpath","value":"//bdi[text()=\"OK\"]"}
RESULT: {"using":"xpath","value":"//bdi[text()=\"OK\"]"}
COMMAND: POST /session/989d4e3e3c66b6f7845d3771674e314d/elements - {"using":"xpath","value":"//bdi[text()=\"OK\"]"}
RESULT: {"using":"xpath","value":"//bdi[text()=\"OK\"]"}
COMMAND: POST /session/989d4e3e3c66b6f7845d3771674e314d/elements - {"using":"xpath","value":"//bdi[text()=\"OK\"]"}
RESULT: {"using":"xpath","value":"//bdi[text()=\"OK\"]"}
COMMAND: POST /session/989d4e3e3c66b6f7845d3771674e314d/elements - {"using":"xpath","value":"//bdi[text()=\"OK\"]"}
RESULT: {"using":"xpath","value":"//bdi[text()=\"OK\"]"}
COMMAND: POST /session/989d4e3e3c66b6f7845d3771674e314d/elements - {"using":"xpath","value":"//bdi[text()=\"OK\"]"}
RESULT: {"using":"xpath","value":"//bdi[text()=\"OK\"]"}
COMMAND: POST /session/989d4e3e3c66b6f7845d3771674e314d/elements - {"using":"xpath","value":"//bdi[text()=\"OK\"]"}
RESULT: {"using":"xpath","value":"//bdi[text()=\"OK\"]"}
COMMAND: POST /session/989d4e3e3c66b6f7845d3771674e314d/elements - {"using":"xpath","value":"//bdi[text()=\"OK\"]"}
RESULT: {"using":"xpath","value":"//bdi[text()=\"OK\"]"}
COMMAND: POST /session/989d4e3e3c66b6f7845d3771674e314d/elements - {"using":"xpath","value":"//bdi[text()=\"OK\"]"}
RESULT: {"using":"xpath","value":"//bdi[text()=\"OK\"]"}
COMMAND: POST /session/989d4e3e3c66b6f7845d3771674e314d/elements - {"using":"xpath","value":"//bdi[text()=\"OK\"]"}
RESULT: {"using":"xpath","value":"//bdi[text()=\"OK\"]"}
COMMAND: POST /session/989d4e3e3c66b6f7845d3771674e314d/elements - {"using":"xpath","value":"//bdi[text()=\"OK\"]"}
RESULT: {"using":"xpath","value":"//bdi[text()=\"OK\"]"}
COMMAND: POST /session/989d4e3e3c66b6f7845d3771674e314d/elements - {"using":"xpath","value":"//bdi[text()=\"OK\"]"}
RESULT: {"using":"xpath","value":"//bdi[text()=\"OK\"]"}
COMMAND: POST /session/989d4e3e3c66b6f7845d3771674e314d/elements - {"using":"xpath","value":"//bdi[text()=\"OK\"]"}
RESULT: {"using":"xpath","value":"//bdi[text()=\"OK\"]"}
COMMAND: POST /session/989d4e3e3c66b6f7845d3771674e314d/elements - {"using":"xpath","value":"//bdi[text()=\"OK\"]"}
RESULT: {"using":"xpath","value":"//bdi[text()=\"OK\"]"}
COMMAND: POST /session/989d4e3e3c66b6f7845d3771674e314d/elements - {"using":"xpath","value":"//bdi[text()=\"OK\"]"}
RESULT: {"using":"xpath","value":"//bdi[text()=\"OK\"]"}
COMMAND: POST /session/989d4e3e3c66b6f7845d3771674e314d/elements - {"using":"xpath","value":"//bdi[text()=\"OK\"]"}
RESULT: {"using":"xpath","value":"//bdi[text()=\"OK\"]"}
COMMAND: POST /session/989d4e3e3c66b6f7845d3771674e314d/elements - {"using":"xpath","value":"//bdi[text()=\"OK\"]"}
RESULT: {"using":"xpath","value":"//bdi[text()=\"OK\"]"}
COMMAND: POST /session/989d4e3e3c66b6f7845d3771674e314d/elements - {"using":"xpath","value":"//bdi[text()=\"OK\"]"}
RESULT: {"using":"xpath","value":"//bdi[text()=\"OK\"]"}
COMMAND: POST /session/989d4e3e3c66b6f7845d3771674e314d/elements - {"using":"xpath","value":"//bdi[text()=\"OK\"]"}
RESULT: {"using":"xpath","value":"//bdi[text()=\"OK\"]"}
COMMAND: POST /session/989d4e3e3c66b6f7845d3771674e314d/elements - {"using":"xpath","value":"//bdi[text()=\"OK\"]"}
RESULT: {"using":"xpath","value":"//bdi[text()=\"OK\"]"}
COMMAND: POST /session/989d4e3e3c66b6f7845d3771674e314d/elements - {"using":"xpath","value":"//bdi[text()=\"OK\"]"}
RESULT: {"using":"xpath","value":"//bdi[text()=\"OK\"]"}
COMMAND: POST /session/989d4e3e3c66b6f7845d3771674e314d/elements - {"using":"xpath","value":"//bdi[text()=\"OK\"]"}
RESULT: {"using":"xpath","value":"//bdi[text()=\"OK\"]"}
COMMAND: POST /session/989d4e3e3c66b6f7845d3771674e314d/elements - {"using":"xpath","value":"//bdi[text()=\"OK\"]"}
RESULT: {"using":"xpath","value":"//bdi[text()=\"OK\"]"}
COMMAND: POST /session/989d4e3e3c66b6f7845d3771674e314d/elements - {"using":"xpath","value":"//bdi[text()=\"OK\"]"}
RESULT: {"using":"xpath","value":"//bdi[text()=\"OK\"]"}
COMMAND: POST /session/989d4e3e3c66b6f7845d3771674e314d/elements - {"using":"xpath","value":"//bdi[text()=\"OK\"]"}
RESULT: {"using":"xpath","value":"//bdi[text()=\"OK\"]"}
COMMAND: POST /session/989d4e3e3c66b6f7845d3771674e314d/elements - {"using":"xpath","value":"//bdi[text()=\"OK\"]"}
RESULT: {"using":"xpath","value":"//bdi[text()=\"OK\"]"}
COMMAND: POST /session/989d4e3e3c66b6f7845d3771674e314d/elements - {"using":"xpath","value":"//bdi[text()=\"OK\"]"}
RESULT: {"using":"xpath","value":"//bdi[text()=\"OK\"]"}
COMMAND: POST /session/989d4e3e3c66b6f7845d3771674e314d/elements - {"using":"xpath","value":"//bdi[text()=\"OK\"]"}
RESULT: {"using":"xpath","value":"//bdi[text()=\"OK\"]"}
COMMAND: POST /session/989d4e3e3c66b6f7845d3771674e314d/elements - {"using":"xpath","value":"//bdi[text()=\"OK\"]"}
RESULT: {"using":"xpath","value":"//bdi[text()=\"OK\"]"}
COMMAND: POST /session/989d4e3e3c66b6f7845d3771674e314d/elements - {"using":"xpath","value":"//bdi[text()=\"OK\"]"}
RESULT: {"using":"xpath","value":"//bdi[text()=\"OK\"]"}
COMMAND: POST /session/989d4e3e3c66b6f7845d3771674e314d/elements - {"using":"xpath","value":"//bdi[text()=\"OK\"]"}
RESULT: {"using":"xpath","value":"//bdi[text()=\"OK\"]"}
COMMAND: POST /session/989d4e3e3c66b6f7845d3771674e314d/elements - {"using":"xpath","value":"//bdi[text()=\"OK\"]"}
RESULT: {"using":"xpath","value":"//bdi[text()=\"OK\"]"}
COMMAND: POST /session/989d4e3e3c66b6f7845d3771674e314d/elements - {"using":"xpath","value":"//bdi[text()=\"OK\"]"}
RESULT: {"using":"xpath","value":"//bdi[text()=\"OK\"]"}
COMMAND: POST /session/989d4e3e3c66b6f7845d3771674e314d/elements - {"using":"xpath","value":"//bdi[text()=\"OK\"]"}
RESULT: {"using":"xpath","value":"//bdi[text()=\"OK\"]"}
COMMAND: POST /session/989d4e3e3c66b6f7845d3771674e314d/elements - {"using":"xpath","value":"//bdi[text()=\"OK\"]"}
RESULT: {"using":"xpath","value":"//bdi[text()=\"OK\"]"}
COMMAND: POST /session/989d4e3e3c66b6f7845d3771674e314d/elements - {"using":"xpath","value":"//bdi[text()=\"OK\"]"}
RESULT: {"using":"xpath","value":"//bdi[text()=\"OK\"]"}
COMMAND: POST /session/989d4e3e3c66b6f7845d3771674e314d/elements - {"using":"xpath","value":"//bdi[text()=\"OK\"]"}
RESULT: {"using":"xpath","value":"//bdi[text()=\"OK\"]"}
COMMAND: POST /session/989d4e3e3c66b6f7845d3771674e314d/elements - {"using":"xpath","value":"//bdi[text()=\"OK\"]"}
RESULT: {"using":"xpath","value":"//bdi[text()=\"OK\"]"}
COMMAND: POST /session/989d4e3e3c66b6f7845d3771674e314d/elements - {"using":"xpath","value":"//bdi[text()=\"OK\"]"}
RESULT: {"using":"xpath","value":"//bdi[text()=\"OK\"]"}
COMMAND: POST /session/989d4e3e3c66b6f7845d3771674e314d/elements - {"using":"xpath","value":"//bdi[text()=\"OK\"]"}
RESULT: {"using":"xpath","value":"//bdi[text()=\"OK\"]"}
COMMAND: POST /session/989d4e3e3c66b6f7845d3771674e314d/elements - {"using":"xpath","value":"//bdi[text()=\"OK\"]"}
COMMAND: POST /session/989d4e3e3c66b6f7845d3771674e314d/element - {"using":"xpath","value":"//bdi[text()=\"OK\"]"}
RESULT: {"using":"xpath","value":"//bdi[text()=\"OK\"]"}
RESULT: {"using":"xpath","value":"//bdi[text()=\"OK\"]"}
COMMAND: POST /session/989d4e3e3c66b6f7845d3771674e314d/elements - {"using":"xpath","value":"//bdi[text()=\"OK\"]"}
RESULT: {"using":"xpath","value":"//bdi[text()=\"OK\"]"}
COMMAND: POST /session/989d4e3e3c66b6f7845d3771674e314d/elements - {"using":"xpath","value":"//bdi[text()=\"OK\"]"}
RESULT: {"using":"xpath","value":"//bdi[text()=\"OK\"]"}
COMMAND: POST /session/989d4e3e3c66b6f7845d3771674e314d/elements - {"using":"xpath","value":"//bdi[text()=\"OK\"]"}
RESULT: {"using":"xpath","value":"//bdi[text()=\"OK\"]"}
COMMAND: POST /session/989d4e3e3c66b6f7845d3771674e314d/elements - {"using":"xpath","value":"//bdi[text()=\"OK\"]"}
RESULT: {"using":"xpath","value":"//bdi[text()=\"OK\"]"}
COMMAND: POST /session/989d4e3e3c66b6f7845d3771674e314d/elements - {"using":"xpath","value":"//bdi[text()=\"OK\"]"}
RESULT: {"using":"xpath","value":"//bdi[text()=\"OK\"]"}
COMMAND: POST /session/989d4e3e3c66b6f7845d3771674e314d/elements - {"using":"xpath","value":"//bdi[text()=\"OK\"]"}
RESULT: {"using":"xpath","value":"//bdi[text()=\"OK\"]"}
COMMAND: POST /session/989d4e3e3c66b6f7845d3771674e314d/elements - {"using":"xpath","value":"//bdi[text()=\"OK\"]"}
RESULT: {"using":"xpath","value":"//bdi[text()=\"OK\"]"}
COMMAND: POST /session/989d4e3e3c66b6f7845d3771674e314d/elements - {"using":"xpath","value":"//bdi[text()=\"OK\"]"}
RESULT: {"using":"xpath","value":"//bdi[text()=\"OK\"]"}
COMMAND: POST /session/989d4e3e3c66b6f7845d3771674e314d/elements - {"using":"xpath","value":"//bdi[text()=\"OK\"]"}
RESULT: {"using":"xpath","value":"//bdi[text()=\"OK\"]"}
COMMAND: POST /session/989d4e3e3c66b6f7845d3771674e314d/elements - {"using":"xpath","value":"//bdi[text()=\"OK\"]"}
RESULT: {"using":"xpath","value":"//bdi[text()=\"OK\"]"}
COMMAND: POST /session/989d4e3e3c66b6f7845d3771674e314d/elements - {"using":"xpath","value":"//bdi[text()=\"OK\"]"}
RESULT: {"using":"xpath","value":"//bdi[text()=\"OK\"]"}
COMMAND: POST /session/989d4e3e3c66b6f7845d3771674e314d/elements - {"using":"xpath","value":"//bdi[text()=\"OK\"]"}
RESULT: {"using":"xpath","value":"//bdi[text()=\"OK\"]"}
COMMAND: POST /session/989d4e3e3c66b6f7845d3771674e314d/elements - {"using":"xpath","value":"//bdi[text()=\"OK\"]"}
RESULT: {"using":"xpath","value":"//bdi[text()=\"OK\"]"}
COMMAND: POST /session/989d4e3e3c66b6f7845d3771674e314d/elements - {"using":"xpath","value":"//bdi[text()=\"OK\"]"}
RESULT: {"using":"xpath","value":"//bdi[text()=\"OK\"]"}
COMMAND: POST /session/989d4e3e3c66b6f7845d3771674e314d/elements - {"using":"xpath","value":"//bdi[text()=\"OK\"]"}
RESULT: {"using":"xpath","value":"//bdi[text()=\"OK\"]"}
COMMAND: POST /session/989d4e3e3c66b6f7845d3771674e314d/elements - {"using":"xpath","value":"//bdi[text()=\"OK\"]"}
RESULT: {"using":"xpath","value":"//bdi[text()=\"OK\"]"}
COMMAND: POST /session/989d4e3e3c66b6f7845d3771674e314d/elements - {"using":"xpath","value":"//bdi[text()=\"OK\"]"}
RESULT: {"using":"xpath","value":"//bdi[text()=\"OK\"]"}
COMMAND: POST /session/989d4e3e3c66b6f7845d3771674e314d/elements - {"using":"xpath","value":"//bdi[text()=\"OK\"]"}
RESULT: {"using":"xpath","value":"//bdi[text()=\"OK\"]"}
COMMAND: POST /session/989d4e3e3c66b6f7845d3771674e314d/elements - {"using":"xpath","value":"//bdi[text()=\"OK\"]"}
RESULT: {"using":"xpath","value":"//bdi[text()=\"OK\"]"}
COMMAND: POST /session/989d4e3e3c66b6f7845d3771674e314d/elements - {"using":"xpath","value":"//bdi[text()=\"OK\"]"}
RESULT: {"using":"xpath","value":"//bdi[text()=\"OK\"]"}
COMMAND: POST /session/989d4e3e3c66b6f7845d3771674e314d/elements - {"using":"xpath","value":"//bdi[text()=\"OK\"]"}
RESULT: {"using":"xpath","value":"//bdi[text()=\"OK\"]"}
COMMAND: POST /session/989d4e3e3c66b6f7845d3771674e314d/elements - {"using":"xpath","value":"//bdi[text()=\"OK\"]"}
RESULT: {"using":"xpath","value":"//bdi[text()=\"OK\"]"}
COMMAND: POST /session/989d4e3e3c66b6f7845d3771674e314d/elements - {"using":"xpath","value":"//bdi[text()=\"OK\"]"}
RESULT: {"using":"xpath","value":"//bdi[text()=\"OK\"]"}
COMMAND: POST /session/989d4e3e3c66b6f7845d3771674e314d/elements - {"using":"xpath","value":"//bdi[text()=\"OK\"]"}
RESULT: {"using":"xpath","value":"//bdi[text()=\"OK\"]"}
COMMAND: POST /session/989d4e3e3c66b6f7845d3771674e314d/elements - {"using":"xpath","value":"//bdi[text()=\"OK\"]"}
RESULT: {"using":"xpath","value":"//bdi[text()=\"OK\"]"}
COMMAND: POST /session/989d4e3e3c66b6f7845d3771674e314d/elements - {"using":"xpath","value":"//bdi[text()=\"OK\"]"}
RESULT: {"using":"xpath","value":"//bdi[text()=\"OK\"]"}
COMMAND: POST /session/989d4e3e3c66b6f7845d3771674e314d/elements - {"using":"xpath","value":"//bdi[text()=\"OK\"]"}
RESULT: {"using":"xpath","value":"//bdi[text()=\"OK\"]"}
COMMAND: POST /session/989d4e3e3c66b6f7845d3771674e314d/elements - {"using":"xpath","value":"//bdi[text()=\"OK\"]"}
RESULT: {"using":"xpath","value":"//bdi[text()=\"OK\"]"}
COMMAND: POST /session/989d4e3e3c66b6f7845d3771674e314d/elements - {"using":"xpath","value":"//bdi[text()=\"OK\"]"}
RESULT: {"using":"xpath","value":"//bdi[text()=\"OK\"]"}
COMMAND: POST /session/989d4e3e3c66b6f7845d3771674e314d/elements - {"using":"xpath","value":"//bdi[text()=\"OK\"]"}
RESULT: {"using":"xpath","value":"//bdi[text()=\"OK\"]"}
COMMAND: POST /session/989d4e3e3c66b6f7845d3771674e314d/elements - {"using":"xpath","value":"//bdi[text()=\"OK\"]"}
RESULT: {"using":"xpath","value":"//bdi[text()=\"OK\"]"}
COMMAND: POST /session/989d4e3e3c66b6f7845d3771674e314d/elements - {"using":"xpath","value":"//bdi[text()=\"OK\"]"}
RESULT: {"using":"xpath","value":"//bdi[text()=\"OK\"]"}
COMMAND: POST /session/989d4e3e3c66b6f7845d3771674e314d/elements - {"using":"xpath","value":"//bdi[text()=\"OK\"]"}
RESULT: {"using":"xpath","value":"//bdi[text()=\"OK\"]"}
COMMAND: POST /session/989d4e3e3c66b6f7845d3771674e314d/elements - {"using":"xpath","value":"//bdi[text()=\"OK\"]"}
RESULT: {"using":"xpath","value":"//bdi[text()=\"OK\"]"}
COMMAND: POST /session/989d4e3e3c66b6f7845d3771674e314d/elements - {"using":"xpath","value":"//bdi[text()=\"OK\"]"}
RESULT: {"using":"xpath","value":"//bdi[text()=\"OK\"]"}
COMMAND: POST /session/989d4e3e3c66b6f7845d3771674e314d/elements - {"using":"xpath","value":"//bdi[text()=\"OK\"]"}
RESULT: {"using":"xpath","value":"//bdi[text()=\"OK\"]"}
COMMAND: POST /session/989d4e3e3c66b6f7845d3771674e314d/elements - {"using":"xpath","value":"//bdi[text()=\"OK\"]"}
RESULT: {"using":"xpath","value":"//bdi[text()=\"OK\"]"}
COMMAND: POST /session/989d4e3e3c66b6f7845d3771674e314d/elements - {"using":"xpath","value":"//bdi[text()=\"OK\"]"}
RESULT: {"using":"xpath","value":"//bdi[text()=\"OK\"]"}
COMMAND: POST /session/989d4e3e3c66b6f7845d3771674e314d/elements - {"using":"xpath","value":"//bdi[text()=\"OK\"]"}
RESULT: {"using":"xpath","value":"//bdi[text()=\"OK\"]"}
COMMAND: POST /session/989d4e3e3c66b6f7845d3771674e314d/elements - {"using":"xpath","value":"//bdi[text()=\"OK\"]"}
RESULT: {"using":"xpath","value":"//bdi[text()=\"OK\"]"}
COMMAND: POST /session/989d4e3e3c66b6f7845d3771674e314d/elements - {"using":"xpath","value":"//bdi[text()=\"OK\"]"}
RESULT: {"using":"xpath","value":"//bdi[text()=\"OK\"]"}
COMMAND: POST /session/989d4e3e3c66b6f7845d3771674e314d/elements - {"using":"xpath","value":"//bdi[text()=\"OK\"]"}
RESULT: {"using":"xpath","value":"//bdi[text()=\"OK\"]"}
COMMAND: POST /session/989d4e3e3c66b6f7845d3771674e314d/elements - {"using":"xpath","value":"//bdi[text()=\"OK\"]"}
RESULT: {"using":"xpath","value":"//bdi[text()=\"OK\"]"}
COMMAND: POST /session/989d4e3e3c66b6f7845d3771674e314d/elements - {"using":"xpath","value":"//bdi[text()=\"OK\"]"}
RESULT: {"using":"xpath","value":"//bdi[text()=\"OK\"]"}
COMMAND: POST /session/989d4e3e3c66b6f7845d3771674e314d/elements - {"using":"xpath","value":"//bdi[text()=\"OK\"]"}
RESULT: {"using":"xpath","value":"//bdi[text()=\"OK\"]"}
COMMAND: POST /session/989d4e3e3c66b6f7845d3771674e314d/elements - {"using":"xpath","value":"//bdi[text()=\"OK\"]"}
RESULT: {"using":"xpath","value":"//bdi[text()=\"OK\"]"}
COMMAND: POST /session/989d4e3e3c66b6f7845d3771674e314d/elements - {"using":"xpath","value":"//bdi[text()=\"OK\"]"}
RESULT: {"using":"xpath","value":"//bdi[text()=\"OK\"]"}
COMMAND: POST /session/989d4e3e3c66b6f7845d3771674e314d/elements - {"using":"xpath","value":"//bdi[text()=\"OK\"]"}
RESULT: {"using":"xpath","value":"//bdi[text()=\"OK\"]"}
COMMAND: POST /session/989d4e3e3c66b6f7845d3771674e314d/elements - {"using":"xpath","value":"//bdi[text()=\"OK\"]"}
RESULT: {"using":"xpath","value":"//bdi[text()=\"OK\"]"}
COMMAND: POST /session/989d4e3e3c66b6f7845d3771674e314d/elements - {"using":"xpath","value":"//bdi[text()=\"OK\"]"}
RESULT: {"using":"xpath","value":"//bdi[text()=\"OK\"]"}
COMMAND: POST /session/989d4e3e3c66b6f7845d3771674e314d/elements - {"using":"xpath","value":"//bdi[text()=\"OK\"]"}
RESULT: {"using":"xpath","value":"//bdi[text()=\"OK\"]"}
COMMAND: POST /session/989d4e3e3c66b6f7845d3771674e314d/elements - {"using":"xpath","value":"//bdi[text()=\"OK\"]"}
RESULT: {"using":"xpath","value":"//bdi[text()=\"OK\"]"}
COMMAND: POST /session/989d4e3e3c66b6f7845d3771674e314d/elements - {"using":"xpath","value":"//bdi[text()=\"OK\"]"}
RESULT: {"using":"xpath","value":"//bdi[text()=\"OK\"]"}
COMMAND: POST /session/989d4e3e3c66b6f7845d3771674e314d/elements - {"using":"xpath","value":"//bdi[text()=\"OK\"]"}
RESULT: {"using":"xpath","value":"//bdi[text()=\"OK\"]"}
COMMAND: POST /session/989d4e3e3c66b6f7845d3771674e314d/elements - {"using":"xpath","value":"//bdi[text()=\"OK\"]"}
RESULT: {"using":"xpath","value":"//bdi[text()=\"OK\"]"}
COMMAND: POST /session/989d4e3e3c66b6f7845d3771674e314d/elements - {"using":"xpath","value":"//bdi[text()=\"OK\"]"}
RESULT: {"using":"xpath","value":"//bdi[text()=\"OK\"]"}
COMMAND: POST /session/989d4e3e3c66b6f7845d3771674e314d/elements - {"using":"xpath","value":"//bdi[text()=\"OK\"]"}
RESULT: {"using":"xpath","value":"//bdi[text()=\"OK\"]"}
COMMAND: POST /session/989d4e3e3c66b6f7845d3771674e314d/elements - {"using":"xpath","value":"//bdi[text()=\"OK\"]"}
RESULT: {"using":"xpath","value":"//bdi[text()=\"OK\"]"}
COMMAND: POST /session/989d4e3e3c66b6f7845d3771674e314d/elements - {"using":"xpath","value":"//bdi[text()=\"OK\"]"}
RESULT: {"using":"xpath","value":"//bdi[text()=\"OK\"]"}
COMMAND: POST /session/989d4e3e3c66b6f7845d3771674e314d/elements - {"using":"xpath","value":"//bdi[text()=\"OK\"]"}
RESULT: {"using":"xpath","value":"//bdi[text()=\"OK\"]"}
COMMAND: POST /session/989d4e3e3c66b6f7845d3771674e314d/elements - {"using":"xpath","value":"//bdi[text()=\"OK\"]"}
RESULT: {"using":"xpath","value":"//bdi[text()=\"OK\"]"}
COMMAND: POST /session/989d4e3e3c66b6f7845d3771674e314d/elements - {"using":"xpath","value":"//bdi[text()=\"OK\"]"}
RESULT: {"using":"xpath","value":"//bdi[text()=\"OK\"]"}
COMMAND: POST /session/989d4e3e3c66b6f7845d3771674e314d/elements - {"using":"xpath","value":"//bdi[text()=\"OK\"]"}
RESULT: {"using":"xpath","value":"//bdi[text()=\"OK\"]"}
COMMAND: POST /session/989d4e3e3c66b6f7845d3771674e314d/elements - {"using":"xpath","value":"//bdi[text()=\"OK\"]"}
RESULT: {"using":"xpath","value":"//bdi[text()=\"OK\"]"}
COMMAND: POST /session/989d4e3e3c66b6f7845d3771674e314d/elements - {"using":"xpath","value":"//bdi[text()=\"OK\"]"}
RESULT: {"using":"xpath","value":"//bdi[text()=\"OK\"]"}
COMMAND: POST /session/989d4e3e3c66b6f7845d3771674e314d/elements - {"using":"xpath","value":"//bdi[text()=\"OK\"]"}
RESULT: {"using":"xpath","value":"//bdi[text()=\"OK\"]"}
COMMAND: POST /session/989d4e3e3c66b6f7845d3771674e314d/elements - {"using":"xpath","value":"//bdi[text()=\"OK\"]"}
RESULT: {"using":"xpath","value":"//bdi[text()=\"OK\"]"}
COMMAND: POST /session/989d4e3e3c66b6f7845d3771674e314d/elements - {"using":"xpath","value":"//bdi[text()=\"OK\"]"}
RESULT: {"using":"xpath","value":"//bdi[text()=\"OK\"]"}
COMMAND: POST /session/989d4e3e3c66b6f7845d3771674e314d/elements - {"using":"xpath","value":"//bdi[text()=\"OK\"]"}
RESULT: {"using":"xpath","value":"//bdi[text()=\"OK\"]"}
COMMAND: POST /session/989d4e3e3c66b6f7845d3771674e314d/elements - {"using":"xpath","value":"//bdi[text()=\"OK\"]"}
RESULT: {"using":"xpath","value":"//bdi[text()=\"OK\"]"}
COMMAND: POST /session/989d4e3e3c66b6f7845d3771674e314d/elements - {"using":"xpath","value":"//bdi[text()=\"OK\"]"}
RESULT: {"using":"xpath","value":"//bdi[text()=\"OK\"]"}
COMMAND: POST /session/989d4e3e3c66b6f7845d3771674e314d/elements - {"using":"xpath","value":"//bdi[text()=\"OK\"]"}
RESULT: {"using":"xpath","value":"//bdi[text()=\"OK\"]"}
COMMAND: POST /session/989d4e3e3c66b6f7845d3771674e314d/elements - {"using":"xpath","value":"//bdi[text()=\"OK\"]"}
RESULT: {"using":"xpath","value":"//bdi[text()=\"OK\"]"}
COMMAND: POST /session/989d4e3e3c66b6f7845d3771674e314d/elements - {"using":"xpath","value":"//bdi[text()=\"OK\"]"}
RESULT: {"using":"xpath","value":"//bdi[text()=\"OK\"]"}
COMMAND: POST /session/989d4e3e3c66b6f7845d3771674e314d/elements - {"using":"xpath","value":"//bdi[text()=\"OK\"]"}
RESULT: {"using":"xpath","value":"//bdi[text()=\"OK\"]"}
COMMAND: POST /session/989d4e3e3c66b6f7845d3771674e314d/elements - {"using":"xpath","value":"//bdi[text()=\"OK\"]"}
RESULT: {"using":"xpath","value":"//bdi[text()=\"OK\"]"}
COMMAND: POST /session/989d4e3e3c66b6f7845d3771674e314d/elements - {"using":"xpath","value":"//bdi[text()=\"OK\"]"}
RESULT: {"using":"xpath","value":"//bdi[text()=\"OK\"]"}
COMMAND: POST /session/989d4e3e3c66b6f7845d3771674e314d/elements - {"using":"xpath","value":"//bdi[text()=\"OK\"]"}
RESULT: {"using":"xpath","value":"//bdi[text()=\"OK\"]"}
COMMAND: POST /session/989d4e3e3c66b6f7845d3771674e314d/elements - {"using":"xpath","value":"//bdi[text()=\"OK\"]"}
RESULT: {"using":"xpath","value":"//bdi[text()=\"OK\"]"}
COMMAND: POST /session/989d4e3e3c66b6f7845d3771674e314d/elements - {"using":"xpath","value":"//bdi[text()=\"OK\"]"}
RESULT: {"using":"xpath","value":"//bdi[text()=\"OK\"]"}
COMMAND: POST /session/989d4e3e3c66b6f7845d3771674e314d/elements - {"using":"xpath","value":"//bdi[text()=\"OK\"]"}
RESULT: {"using":"xpath","value":"//bdi[text()=\"OK\"]"}
COMMAND: POST /session/989d4e3e3c66b6f7845d3771674e314d/elements - {"using":"xpath","value":"//bdi[text()=\"OK\"]"}
RESULT: {"using":"xpath","value":"//bdi[text()=\"OK\"]"}
COMMAND: POST /session/989d4e3e3c66b6f7845d3771674e314d/elements - {"using":"xpath","value":"//bdi[text()=\"OK\"]"}
RESULT: {"using":"xpath","value":"//bdi[text()=\"OK\"]"}
COMMAND: POST /session/989d4e3e3c66b6f7845d3771674e314d/elements - {"using":"xpath","value":"//bdi[text()=\"OK\"]"}
RESULT: {"using":"xpath","value":"//bdi[text()=\"OK\"]"}
COMMAND: POST /session/989d4e3e3c66b6f7845d3771674e314d/elements - {"using":"xpath","value":"//bdi[text()=\"OK\"]"}
RESULT: {"using":"xpath","value":"//bdi[text()=\"OK\"]"}
COMMAND: POST /session/989d4e3e3c66b6f7845d3771674e314d/elements - {"using":"xpath","value":"//bdi[text()=\"OK\"]"}
RESULT: {"using":"xpath","value":"//bdi[text()=\"OK\"]"}
COMMAND: POST /session/989d4e3e3c66b6f7845d3771674e314d/elements - {"using":"xpath","value":"//bdi[text()=\"OK\"]"}
RESULT: {"using":"xpath","value":"//bdi[text()=\"OK\"]"}
COMMAND: POST /session/989d4e3e3c66b6f7845d3771674e314d/elements - {"using":"xpath","value":"//bdi[text()=\"OK\"]"}
RESULT: {"using":"xpath","value":"//bdi[text()=\"OK\"]"}
COMMAND: POST /session/989d4e3e3c66b6f7845d3771674e314d/elements - {"using":"xpath","value":"//bdi[text()=\"OK\"]"}
RESULT: {"using":"xpath","value":"//bdi[text()=\"OK\"]"}
COMMAND: POST /session/989d4e3e3c66b6f7845d3771674e314d/elements - {"using":"xpath","value":"//bdi[text()=\"OK\"]"}
RESULT: {"using":"xpath","value":"//bdi[text()=\"OK\"]"}
COMMAND: POST /session/989d4e3e3c66b6f7845d3771674e314d/elements - {"using":"xpath","value":"//bdi[text()=\"OK\"]"}
RESULT: {"using":"xpath","value":"//bdi[text()=\"OK\"]"}
COMMAND: POST /session/989d4e3e3c66b6f7845d3771674e314d/elements - {"using":"xpath","value":"//bdi[text()=\"OK\"]"}
RESULT: {"using":"xpath","value":"//bdi[text()=\"OK\"]"}
COMMAND: POST /session/989d4e3e3c66b6f7845d3771674e314d/elements - {"using":"xpath","value":"//bdi[text()=\"OK\"]"}
RESULT: {"using":"xpath","value":"//bdi[text()=\"OK\"]"}
COMMAND: POST /session/989d4e3e3c66b6f7845d3771674e314d/elements - {"using":"xpath","value":"//bdi[text()=\"OK\"]"}
RESULT: {"using":"xpath","value":"//bdi[text()=\"OK\"]"}
COMMAND: POST /session/989d4e3e3c66b6f7845d3771674e314d/elements - {"using":"xpath","value":"//bdi[text()=\"OK\"]"}
RESULT: {"using":"xpath","value":"//bdi[text()=\"OK\"]"}
COMMAND: POST /session/989d4e3e3c66b6f7845d3771674e314d/elements - {"using":"xpath","value":"//bdi[text()=\"OK\"]"}
RESULT: {"using":"xpath","value":"//bdi[text()=\"OK\"]"}
COMMAND: POST /session/989d4e3e3c66b6f7845d3771674e314d/elements - {"using":"xpath","value":"//bdi[text()=\"OK\"]"}
RESULT: {"using":"xpath","value":"//bdi[text()=\"OK\"]"}
COMMAND: POST /session/989d4e3e3c66b6f7845d3771674e314d/elements - {"using":"xpath","value":"//bdi[text()=\"OK\"]"}
RESULT: {"using":"xpath","value":"//bdi[text()=\"OK\"]"}
COMMAND: POST /session/989d4e3e3c66b6f7845d3771674e314d/elements - {"using":"xpath","value":"//bdi[text()=\"OK\"]"}
RESULT: {"using":"xpath","value":"//bdi[text()=\"OK\"]"}
COMMAND: POST /session/989d4e3e3c66b6f7845d3771674e314d/elements - {"using":"xpath","value":"//bdi[text()=\"OK\"]"}
RESULT: {"using":"xpath","value":"//bdi[text()=\"OK\"]"}
COMMAND: POST /session/989d4e3e3c66b6f7845d3771674e314d/elements - {"using":"xpath","value":"//bdi[text()=\"OK\"]"}
RESULT: {"using":"xpath","value":"//bdi[text()=\"OK\"]"}
COMMAND: POST /session/989d4e3e3c66b6f7845d3771674e314d/elements - {"using":"xpath","value":"//bdi[text()=\"OK\"]"}
RESULT: {"using":"xpath","value":"//bdi[text()=\"OK\"]"}
COMMAND: POST /session/989d4e3e3c66b6f7845d3771674e314d/elements - {"using":"xpath","value":"//bdi[text()=\"OK\"]"}
RESULT: {"using":"xpath","value":"//bdi[text()=\"OK\"]"}
COMMAND: POST /session/989d4e3e3c66b6f7845d3771674e314d/elements - {"using":"xpath","value":"//bdi[text()=\"OK\"]"}
RESULT: {"using":"xpath","value":"//bdi[text()=\"OK\"]"}
COMMAND: POST /session/989d4e3e3c66b6f7845d3771674e314d/elements - {"using":"xpath","value":"//bdi[text()=\"OK\"]"}
RESULT: {"using":"xpath","value":"//bdi[text()=\"OK\"]"}
COMMAND: POST /session/989d4e3e3c66b6f7845d3771674e314d/elements - {"using":"xpath","value":"//bdi[text()=\"OK\"]"}
RESULT: {"using":"xpath","value":"//bdi[text()=\"OK\"]"}
COMMAND: POST /session/989d4e3e3c66b6f7845d3771674e314d/elements - {"using":"xpath","value":"//bdi[text()=\"OK\"]"}
RESULT: {"using":"xpath","value":"//bdi[text()=\"OK\"]"}
COMMAND: POST /session/989d4e3e3c66b6f7845d3771674e314d/elements - {"using":"xpath","value":"//bdi[text()=\"OK\"]"}
RESULT: {"using":"xpath","value":"//bdi[text()=\"OK\"]"}
COMMAND: POST /session/989d4e3e3c66b6f7845d3771674e314d/elements - {"using":"xpath","value":"//bdi[text()=\"OK\"]"}
RESULT: {"using":"xpath","value":"//bdi[text()=\"OK\"]"}
COMMAND: POST /session/989d4e3e3c66b6f7845d3771674e314d/elements - {"using":"xpath","value":"//bdi[text()=\"OK\"]"}
RESULT: {"using":"xpath","value":"//bdi[text()=\"OK\"]"}
COMMAND: POST /session/989d4e3e3c66b6f7845d3771674e314d/elements - {"using":"xpath","value":"//bdi[text()=\"OK\"]"}
RESULT: {"using":"xpath","value":"//bdi[text()=\"OK\"]"}
COMMAND: POST /session/989d4e3e3c66b6f7845d3771674e314d/elements - {"using":"xpath","value":"//bdi[text()=\"OK\"]"}
RESULT: {"using":"xpath","value":"//bdi[text()=\"OK\"]"}
COMMAND: POST /session/989d4e3e3c66b6f7845d3771674e314d/elements - {"using":"xpath","value":"//bdi[text()=\"OK\"]"}
RESULT: {"using":"xpath","value":"//bdi[text()=\"OK\"]"}
COMMAND: POST /session/989d4e3e3c66b6f7845d3771674e314d/elements - {"using":"xpath","value":"//bdi[text()=\"OK\"]"}
RESULT: {"using":"xpath","value":"//bdi[text()=\"OK\"]"}
COMMAND: POST /session/989d4e3e3c66b6f7845d3771674e314d/elements - {"using":"xpath","value":"//bdi[text()=\"OK\"]"}
RESULT: {"using":"xpath","value":"//bdi[text()=\"OK\"]"}
COMMAND: POST /session/989d4e3e3c66b6f7845d3771674e314d/elements - {"using":"xpath","value":"//bdi[text()=\"OK\"]"}
RESULT: {"using":"xpath","value":"//bdi[text()=\"OK\"]"}
COMMAND: POST /session/989d4e3e3c66b6f7845d3771674e314d/elements - {"using":"xpath","value":"//bdi[text()=\"OK\"]"}
RESULT: {"using":"xpath","value":"//bdi[text()=\"OK\"]"}
COMMAND: POST /session/989d4e3e3c66b6f7845d3771674e314d/elements - {"using":"xpath","value":"//bdi[text()=\"OK\"]"}
RESULT: {"using":"xpath","value":"//bdi[text()=\"OK\"]"}
COMMAND: POST /session/989d4e3e3c66b6f7845d3771674e314d/elements - {"using":"xpath","value":"//bdi[text()=\"OK\"]"}
RESULT: {"using":"xpath","value":"//bdi[text()=\"OK\"]"}
COMMAND: POST /session/989d4e3e3c66b6f7845d3771674e314d/elements - {"using":"xpath","value":"//bdi[text()=\"OK\"]"}
RESULT: {"using":"xpath","value":"//bdi[text()=\"OK\"]"}
COMMAND: POST /session/989d4e3e3c66b6f7845d3771674e314d/execute/async - {"script":"<script> [1562 bytes]","args":[{"selector":{"id":"application-manageresources-display-component---newResourceUnit--TYPE-arrow"},"wdio_ui5_key":"applicationmanageresources-display-component---newResourceUnit--TYPE-arrow"}]}
RESULT: {"script":"<script> [1562 bytes]","args":[{"selector":{"id":"application-manageresources-display-component---newResourceUnit--TYPE-arrow"},"wdio_ui5_key":"applicationmanageresources-display-component---newResourceUnit--TYPE-arrow"}]}
RESULT: undefined
COMMAND: POST /session/989d4e3e3c66b6f7845d3771674e314d/element - {"using":"xpath","value":"//*[@id=\"application-manageresources-display-component---newResourceUnit--TYPE-arrow\"]"}
RESULT: {"using":"xpath","value":"//*[@id=\"application-manageresources-display-component---newResourceUnit--TYPE-arrow\"]"}
COMMAND: POST /session/989d4e3e3c66b6f7845d3771674e314d/element/f.5281968FC682DAF02FAC5F987076CB5D.d.4D9134B3EC911B52A061C96F9B84809B.e.6458/click - {}
RESULT: {}
COMMAND: POST /session/989d4e3e3c66b6f7845d3771674e314d/execute/async - {"script":"<script> [1562 bytes]","args":[{"selector":{"controlType":"sap.m.StandardListItem","viewName":"reusables.view.manageresources.NewResourceUnit","viewId":"application-manageresources-display-component---newResourceUnit","properties":{"title":"Material"},"searchOpenDialogs":true,"interaction":{"idSuffix":"titleText"}},"wdio_ui5_key":"reusablesview.manageresources.NewResourceUnitsap.m.StandardListItem{\"title\":\"Material\"}"}]}
COMMAND: GET /session/989d4e3e3c66b6f7845d3771674e314d/screenshot - {}
RESULT: {"script":"<script> [1562 bytes]","args":[{"selector":{"controlType":"sap.m.StandardListItem","viewName":"reusables.view.manageresources.NewResourceUnit","viewId":"application-manageresources-display-component---newResourceUnit","properties":{"title":"Material"},"searchOpenDialogs":true,"interaction":{"idSuffix":"titleText"}},"wdio_ui5_key":"reusablesview.manageresources.NewResourceUnitsap.m.StandardListItem{\"title\":\"Material\"}"}]}
RESULT: undefined
COMMAND: POST /session/989d4e3e3c66b6f7845d3771674e314d/element - {"using":"xpath","value":"//*[@id=\"__item143\"]"}
RESULT: {}
RESULT: {"using":"xpath","value":"//*[@id=\"__item143\"]"}
COMMAND: POST /session/989d4e3e3c66b6f7845d3771674e314d/element/f.5281968FC682DAF02FAC5F987076CB5D.d.4D9134B3EC911B52A061C96F9B84809B.e.6461/click - {}
RESULT: {}
COMMAND: POST /session/989d4e3e3c66b6f7845d3771674e314d/execute/async - {"script":"<script> [1562 bytes]","args":[{"selector":{"id":"application-manageresources-display-component---newResourceUnit--SHORT_TEXT","interaction":{"idSuffix":"inner"}},"wdio_ui5_key":"applicationmanageresources-display-component---newResourceUnit--SHORT_TEXT"}]}
COMMAND: GET /session/989d4e3e3c66b6f7845d3771674e314d/screenshot - {}
RESULT: {}
RESULT: {"script":"<script> [1562 bytes]","args":[{"selector":{"id":"application-manageresources-display-component---newResourceUnit--SHORT_TEXT","interaction":{"idSuffix":"inner"}},"wdio_ui5_key":"applicationmanageresources-display-component---newResourceUnit--SHORT_TEXT"}]}
RESULT: undefined
COMMAND: POST /session/989d4e3e3c66b6f7845d3771674e314d/execute/async - {"script":"<script> [776 bytes]","args":[{"enterText":"WebdriverWHM_RU R2C8bqqv","selector":{"id":"application-manageresources-display-component---newResourceUnit--SHORT_TEXT","interaction":{"idSuffix":"inner"}},"clearTextFirst":true,"interactionType":"ENTER_TEXT"}]}
RESULT: {"script":"<script> [776 bytes]","args":[{"enterText":"WebdriverWHM_RU R2C8bqqv","selector":{"id":"application-manageresources-display-component---newResourceUnit--SHORT_TEXT","interaction":{"idSuffix":"inner"}},"clearTextFirst":true,"interactionType":"ENTER_TEXT"}]}
COMMAND: POST /session/989d4e3e3c66b6f7845d3771674e314d/execute/async - {"script":"<script> [1562 bytes]","args":[{"selector":{"id":"application-manageresources-display-component---newResourceUnit--BASE_UNIT_OF_MEASURE-arrow"},"wdio_ui5_key":"applicationmanageresources-display-component---newResourceUnit--BASE_UNIT_OF_MEASURE-arrow"}]}
RESULT: {"script":"<script> [1562 bytes]","args":[{"selector":{"id":"application-manageresources-display-component---newResourceUnit--BASE_UNIT_OF_MEASURE-arrow"},"wdio_ui5_key":"applicationmanageresources-display-component---newResourceUnit--BASE_UNIT_OF_MEASURE-arrow"}]}
RESULT: undefined
COMMAND: POST /session/989d4e3e3c66b6f7845d3771674e314d/element - {"using":"xpath","value":"//*[@id=\"application-manageresources-display-component---newResourceUnit--BASE_UNIT_OF_MEASURE-arrow\"]"}
RESULT: {"using":"xpath","value":"//*[@id=\"application-manageresources-display-component---newResourceUnit--BASE_UNIT_OF_MEASURE-arrow\"]"}
COMMAND: POST /session/989d4e3e3c66b6f7845d3771674e314d/element/f.5281968FC682DAF02FAC5F987076CB5D.d.4D9134B3EC911B52A061C96F9B84809B.e.6519/click - {}
RESULT: {}
COMMAND: POST /session/989d4e3e3c66b6f7845d3771674e314d/execute/async - {"script":"<script> [1562 bytes]","args":[{"selector":{"controlType":"sap.m.StandardListItem","viewName":"reusables.view.manageresources.NewResourceUnit","viewId":"application-manageresources-display-component---newResourceUnit","properties":{"title":"Piece"},"searchOpenDialogs":true,"interaction":{"idSuffix":"content"}},"wdio_ui5_key":"reusablesview.manageresources.NewResourceUnitsap.m.StandardListItem{\"title\":\"Piece\"}"}]}
COMMAND: GET /session/989d4e3e3c66b6f7845d3771674e314d/screenshot - {}
RESULT: {"script":"<script> [1562 bytes]","args":[{"selector":{"controlType":"sap.m.StandardListItem","viewName":"reusables.view.manageresources.NewResourceUnit","viewId":"application-manageresources-display-component---newResourceUnit","properties":{"title":"Piece"},"searchOpenDialogs":true,"interaction":{"idSuffix":"content"}},"wdio_ui5_key":"reusablesview.manageresources.NewResourceUnitsap.m.StandardListItem{\"title\":\"Piece\"}"}]}
RESULT: undefined
COMMAND: POST /session/989d4e3e3c66b6f7845d3771674e314d/element - {"using":"xpath","value":"//*[@id=\"__item187\"]"}
RESULT: {}
RESULT: {"using":"xpath","value":"//*[@id=\"__item187\"]"}
COMMAND: POST /session/989d4e3e3c66b6f7845d3771674e314d/element/f.5281968FC682DAF02FAC5F987076CB5D.d.4D9134B3EC911B52A061C96F9B84809B.e.6521/click - {}
RESULT: {}
COMMAND: POST /session/989d4e3e3c66b6f7845d3771674e314d/execute/async - {"script":"<script> [1562 bytes]","args":[{"selector":{"id":"application-manageresources-display-component---newResourceUnit--WEIGHT_UNIT-arrow"},"wdio_ui5_key":"applicationmanageresources-display-component---newResourceUnit--WEIGHT_UNIT-arrow"}]}
COMMAND: GET /session/989d4e3e3c66b6f7845d3771674e314d/screenshot - {}
RESULT: {"script":"<script> [1562 bytes]","args":[{"selector":{"id":"application-manageresources-display-component---newResourceUnit--WEIGHT_UNIT-arrow"},"wdio_ui5_key":"applicationmanageresources-display-component---newResourceUnit--WEIGHT_UNIT-arrow"}]}
RESULT: undefined
COMMAND: POST /session/989d4e3e3c66b6f7845d3771674e314d/element - {"using":"xpath","value":"//*[@id=\"application-manageresources-display-component---newResourceUnit--WEIGHT_UNIT-arrow\"]"}
RESULT: {}
RESULT: {"using":"xpath","value":"//*[@id=\"application-manageresources-display-component---newResourceUnit--WEIGHT_UNIT-arrow\"]"}
COMMAND: POST /session/989d4e3e3c66b6f7845d3771674e314d/element/f.5281968FC682DAF02FAC5F987076CB5D.d.4D9134B3EC911B52A061C96F9B84809B.e.6522/click - {}
RESULT: {}
COMMAND: POST /session/989d4e3e3c66b6f7845d3771674e314d/execute/async - {"script":"<script> [1562 bytes]","args":[{"selector":{"controlType":"sap.m.StandardListItem","viewName":"reusables.view.manageresources.NewResourceUnit","viewId":"application-manageresources-display-component---newResourceUnit","properties":{"title":"Gram"},"searchOpenDialogs":true,"interaction":{"idSuffix":"content"}},"wdio_ui5_key":"reusablesview.manageresources.NewResourceUnitsap.m.StandardListItem{\"title\":\"Gram\"}"}]}
COMMAND: GET /session/989d4e3e3c66b6f7845d3771674e314d/screenshot - {}
RESULT: {"script":"<script> [1562 bytes]","args":[{"selector":{"controlType":"sap.m.StandardListItem","viewName":"reusables.view.manageresources.NewResourceUnit","viewId":"application-manageresources-display-component---newResourceUnit","properties":{"title":"Gram"},"searchOpenDialogs":true,"interaction":{"idSuffix":"content"}},"wdio_ui5_key":"reusablesview.manageresources.NewResourceUnitsap.m.StandardListItem{\"title\":\"Gram\"}"}]}
RESULT: undefined
COMMAND: POST /session/989d4e3e3c66b6f7845d3771674e314d/element - {"using":"xpath","value":"//*[@id=\"__item252\"]"}
RESULT: {}
RESULT: {"using":"xpath","value":"//*[@id=\"__item252\"]"}
COMMAND: POST /session/989d4e3e3c66b6f7845d3771674e314d/element/f.5281968FC682DAF02FAC5F987076CB5D.d.4D9134B3EC911B52A061C96F9B84809B.e.6524/click - {}
RESULT: {}
COMMAND: GET /session/989d4e3e3c66b6f7845d3771674e314d/screenshot - {}
RESULT: {}
COMMAND: POST /session/989d4e3e3c66b6f7845d3771674e314d/execute/async - {"script":"<script> [1562 bytes]","args":[{"selector":{"id":"application-manageresources-display-component---newResourceUnit--newRRUPage-OPHeaderContent-collapseBtn-img"},"wdio_ui5_key":"applicationmanageresources-display-component---newResourceUnit--newRRUPage-OPHeaderContent-collapseBtn-img"}]}
RESULT: {"script":"<script> [1562 bytes]","args":[{"selector":{"id":"application-manageresources-display-component---newResourceUnit--newRRUPage-OPHeaderContent-collapseBtn-img"},"wdio_ui5_key":"applicationmanageresources-display-component---newResourceUnit--newRRUPage-OPHeaderContent-collapseBtn-img"}]}
RESULT: undefined
COMMAND: POST /session/989d4e3e3c66b6f7845d3771674e314d/element - {"using":"xpath","value":"//*[@id=\"application-manageresources-display-component---newResourceUnit--newRRUPage-OPHeaderContent-collapseBtn-img\"]"}
RESULT: {"using":"xpath","value":"//*[@id=\"application-manageresources-display-component---newResourceUnit--newRRUPage-OPHeaderContent-collapseBtn-img\"]"}
COMMAND: POST /session/989d4e3e3c66b6f7845d3771674e314d/element/f.5281968FC682DAF02FAC5F987076CB5D.d.4D9134B3EC911B52A061C96F9B84809B.e.6470/click - {}
RESULT: {}
COMMAND: GET /session/989d4e3e3c66b6f7845d3771674e314d/screenshot - {}
RESULT: {}
COMMAND: POST /session/989d4e3e3c66b6f7845d3771674e314d/element - {"using":"xpath","value":"(//span[contains(@id ,\"application-manageresources-display-component---newResourceUnit--DIMENSION_UNIT-arrow\")])[1]"}
RESULT: {"using":"xpath","value":"(//span[contains(@id ,\"application-manageresources-display-component---newResourceUnit--DIMENSION_UNIT-arrow\")])[1]"}
COMMAND: POST /session/989d4e3e3c66b6f7845d3771674e314d/element/f.5281968FC682DAF02FAC5F987076CB5D.d.4D9134B3EC911B52A061C96F9B84809B.e.6530/click - {}
RESULT: {}
COMMAND: GET /session/989d4e3e3c66b6f7845d3771674e314d/screenshot - {}
RESULT: {}
COMMAND: POST /session/989d4e3e3c66b6f7845d3771674e314d/execute/async - {"script":"<script> [1562 bytes]","args":[{"selector":{"controlType":"sap.m.StandardListItem","viewName":"reusables.view.manageresources.NewResourceUnit","viewId":"application-manageresources-display-component---newResourceUnit","properties":{"title":"Centimeter"},"searchOpenDialogs":true,"interaction":{"idSuffix":"titleText"}},"wdio_ui5_key":"reusablesview.manageresources.NewResourceUnitsap.m.StandardListItem{\"title\":\"Centimeter\"}"}]}
RESULT: {"script":"<script> [1562 bytes]","args":[{"selector":{"controlType":"sap.m.StandardListItem","viewName":"reusables.view.manageresources.NewResourceUnit","viewId":"application-manageresources-display-component---newResourceUnit","properties":{"title":"Centimeter"},"searchOpenDialogs":true,"interaction":{"idSuffix":"titleText"}},"wdio_ui5_key":"reusablesview.manageresources.NewResourceUnitsap.m.StandardListItem{\"title\":\"Centimeter\"}"}]}
RESULT: undefined
COMMAND: POST /session/989d4e3e3c66b6f7845d3771674e314d/element - {"using":"xpath","value":"//*[@id=\"__item255\"]"}
RESULT: {"using":"xpath","value":"//*[@id=\"__item255\"]"}
COMMAND: POST /session/989d4e3e3c66b6f7845d3771674e314d/element/f.5281968FC682DAF02FAC5F987076CB5D.d.4D9134B3EC911B52A061C96F9B84809B.e.6532/click - {}
RESULT: {}
COMMAND: GET /session/989d4e3e3c66b6f7845d3771674e314d/screenshot - {}
RESULT: {}
COMMAND: POST /session/989d4e3e3c66b6f7845d3771674e314d/execute/async - {"script":"<script> [1562 bytes]","args":[{"selector":{"id":"application-manageresources-display-component---newResourceUnit--newRRUPage-anchBar-application-manageresources-display-component---newResourceUnit--reference-anchor","interaction":{"idSuffix":"BDI-content"}},"wdio_ui5_key":"applicationmanageresources-display-component---newResourceUnit--newRRUPage-anchBar-application-manageresources-display-component---newResourceUnit--reference-anchor"}]}
RESULT: {"script":"<script> [1562 bytes]","args":[{"selector":{"id":"application-manageresources-display-component---newResourceUnit--newRRUPage-anchBar-application-manageresources-display-component---newResourceUnit--reference-anchor","interaction":{"idSuffix":"BDI-content"}},"wdio_ui5_key":"applicationmanageresources-display-component---newResourceUnit--newRRUPage-anchBar-application-manageresources-display-component---newResourceUnit--reference-anchor"}]}
RESULT: undefined
COMMAND: POST /session/989d4e3e3c66b6f7845d3771674e314d/element - {"using":"xpath","value":"//*[@id=\"application-manageresources-display-component---newResourceUnit--newRRUPage-anchBar-application-manageresources-display-component---newResourceUnit--reference-anchor\"]"}
RESULT: {"using":"xpath","value":"//*[@id=\"application-manageresources-display-component---newResourceUnit--newRRUPage-anchBar-application-manageresources-display-component---newResourceUnit--reference-anchor\"]"}
COMMAND: POST /session/989d4e3e3c66b6f7845d3771674e314d/element/f.5281968FC682DAF02FAC5F987076CB5D.d.4D9134B3EC911B52A061C96F9B84809B.e.6534/click - {}
RESULT: {}
COMMAND: POST /session/989d4e3e3c66b6f7845d3771674e314d/execute/async - {"script":"<script> [1562 bytes]","args":[{"selector":{"id":"application-manageresources-display-component---newResourceUnit--PLANNING_GROUP-arrow"},"wdio_ui5_key":"applicationmanageresources-display-component---newResourceUnit--PLANNING_GROUP-arrow"}]}
COMMAND: GET /session/989d4e3e3c66b6f7845d3771674e314d/screenshot - {}
RESULT: {"script":"<script> [1562 bytes]","args":[{"selector":{"id":"application-manageresources-display-component---newResourceUnit--PLANNING_GROUP-arrow"},"wdio_ui5_key":"applicationmanageresources-display-component---newResourceUnit--PLANNING_GROUP-arrow"}]}
RESULT: undefined
COMMAND: POST /session/989d4e3e3c66b6f7845d3771674e314d/element - {"using":"xpath","value":"//*[@id=\"application-manageresources-display-component---newResourceUnit--PLANNING_GROUP-arrow\"]"}
RESULT: {}
RESULT: {"using":"xpath","value":"//*[@id=\"application-manageresources-display-component---newResourceUnit--PLANNING_GROUP-arrow\"]"}
COMMAND: POST /session/989d4e3e3c66b6f7845d3771674e314d/element/f.5281968FC682DAF02FAC5F987076CB5D.d.4D9134B3EC911B52A061C96F9B84809B.e.6538/click - {}
RESULT: {}
COMMAND: POST /session/989d4e3e3c66b6f7845d3771674e314d/execute/async - {"script":"<script> [1562 bytes]","args":[{"selector":{"controlType":"sap.m.StandardListItem","viewName":"reusables.view.manageresources.NewResourceUnit","viewId":"application-manageresources-display-component---newResourceUnit","properties":{"title":"Heavy Equi"},"searchOpenDialogs":true,"interaction":{"idSuffix":"content"}},"wdio_ui5_key":"reusablesview.manageresources.NewResourceUnitsap.m.StandardListItem{\"title\":\"Heavy Equi\"}"}]}
COMMAND: GET /session/989d4e3e3c66b6f7845d3771674e314d/screenshot - {}
RESULT: {"script":"<script> [1562 bytes]","args":[{"selector":{"controlType":"sap.m.StandardListItem","viewName":"reusables.view.manageresources.NewResourceUnit","viewId":"application-manageresources-display-component---newResourceUnit","properties":{"title":"Heavy Equi"},"searchOpenDialogs":true,"interaction":{"idSuffix":"content"}},"wdio_ui5_key":"reusablesview.manageresources.NewResourceUnitsap.m.StandardListItem{\"title\":\"Heavy Equi\"}"}]}
RESULT: undefined
COMMAND: POST /session/989d4e3e3c66b6f7845d3771674e314d/element - {"using":"xpath","value":"//*[@id=\"__item263\"]"}
RESULT: {}
RESULT: {"using":"xpath","value":"//*[@id=\"__item263\"]"}
COMMAND: POST /session/989d4e3e3c66b6f7845d3771674e314d/element/f.5281968FC682DAF02FAC5F987076CB5D.d.4D9134B3EC911B52A061C96F9B84809B.e.6540/click - {}
RESULT: {}
COMMAND: GET /session/989d4e3e3c66b6f7845d3771674e314d/screenshot - {}
RESULT: {}
COMMAND: POST /session/989d4e3e3c66b6f7845d3771674e314d/execute/async - {"script":"<script> [1562 bytes]","args":[{"selector":{"id":"application-manageresources-display-component---newResourceUnit--PLANNING_INDICATOR-arrow"},"wdio_ui5_key":"applicationmanageresources-display-component---newResourceUnit--PLANNING_INDICATOR-arrow"}]}
RESULT: {"script":"<script> [1562 bytes]","args":[{"selector":{"id":"application-manageresources-display-component---newResourceUnit--PLANNING_INDICATOR-arrow"},"wdio_ui5_key":"applicationmanageresources-display-component---newResourceUnit--PLANNING_INDICATOR-arrow"}]}
RESULT: undefined
COMMAND: POST /session/989d4e3e3c66b6f7845d3771674e314d/element - {"using":"xpath","value":"//*[@id=\"application-manageresources-display-component---newResourceUnit--PLANNING_INDICATOR-arrow\"]"}
RESULT: {"using":"xpath","value":"//*[@id=\"application-manageresources-display-component---newResourceUnit--PLANNING_INDICATOR-arrow\"]"}
COMMAND: POST /session/989d4e3e3c66b6f7845d3771674e314d/element/f.5281968FC682DAF02FAC5F987076CB5D.d.4D9134B3EC911B52A061C96F9B84809B.e.6541/click - {}
RESULT: {}
COMMAND: POST /session/989d4e3e3c66b6f7845d3771674e314d/execute/async - {"script":"<script> [1562 bytes]","args":[{"selector":{"controlType":"sap.m.StandardListItem","viewName":"reusables.view.manageresources.NewResourceUnit","viewId":"application-manageresources-display-component---newResourceUnit","properties":{"title":"10 - infinite"},"searchOpenDialogs":true,"interaction":{"idSuffix":"content"}},"wdio_ui5_key":"reusablesview.manageresources.NewResourceUnitsap.m.StandardListItem{\"title\":\"10 - infinite\"}"}]}
COMMAND: GET /session/989d4e3e3c66b6f7845d3771674e314d/screenshot - {}
RESULT: {"script":"<script> [1562 bytes]","args":[{"selector":{"controlType":"sap.m.StandardListItem","viewName":"reusables.view.manageresources.NewResourceUnit","viewId":"application-manageresources-display-component---newResourceUnit","properties":{"title":"10 - infinite"},"searchOpenDialogs":true,"interaction":{"idSuffix":"content"}},"wdio_ui5_key":"reusablesview.manageresources.NewResourceUnitsap.m.StandardListItem{\"title\":\"10 - infinite\"}"}]}
RESULT: undefined
COMMAND: POST /session/989d4e3e3c66b6f7845d3771674e314d/element - {"using":"xpath","value":"//*[@id=\"__item273\"]"}
RESULT: {}
RESULT: {"using":"xpath","value":"//*[@id=\"__item273\"]"}
COMMAND: POST /session/989d4e3e3c66b6f7845d3771674e314d/element/f.5281968FC682DAF02FAC5F987076CB5D.d.4D9134B3EC911B52A061C96F9B84809B.e.6543/click - {}
RESULT: {}
COMMAND: GET /session/989d4e3e3c66b6f7845d3771674e314d/screenshot - {}
RESULT: {}
COMMAND: POST /session/989d4e3e3c66b6f7845d3771674e314d/element - {"using":"xpath","value":"//bdi[contains(text(), \"Time Segment\")]"}
RESULT: {"using":"xpath","value":"//bdi[contains(text(), \"Time Segment\")]"}
COMMAND: GET /session/989d4e3e3c66b6f7845d3771674e314d/element/f.5281968FC682DAF02FAC5F987076CB5D.d.4D9134B3EC911B52A061C96F9B84809B.e.6544/rect - {}
RESULT: {}
COMMAND: GET /session/989d4e3e3c66b6f7845d3771674e314d/window/rect - {}
RESULT: {}
COMMAND: POST /session/989d4e3e3c66b6f7845d3771674e314d/execute/sync - {"script":"<script> [92 bytes]","args":[]}
RESULT: {"script":"<script> [92 bytes]","args":[]}
COMMAND: POST /session/989d4e3e3c66b6f7845d3771674e314d/actions - {"actions":[{"id":"action19","type":"wheel","parameters":{},"actions":[{"type":"scroll","x":-1804,"y":-21,"deltaX":0,"deltaY":0,"duration":0,"origin":{"element-6066-11e4-a52e-4f735466cecf":"f.5281968FC682DAF02FAC5F987076CB5D.d.4D9134B3EC911B52A061C96F9B84809B.e.6544"}}]}]}
COMMAND: GET /session/989d4e3e3c66b6f7845d3771674e314d/screenshot - {}
RESULT: {}
COMMAND: POST /session/989d4e3e3c66b6f7845d3771674e314d/execute/sync - {"script":"<script> [79 bytes]","args":[{"element-6066-11e4-a52e-4f735466cecf":"f.5281968FC682DAF02FAC5F987076CB5D.d.4D9134B3EC911B52A061C96F9B84809B.e.6544","ELEMENT":"f.5281968FC682DAF02FAC5F987076CB5D.d.4D9134B3EC911B52A061C96F9B84809B.e.6544"},{"block":"start","inline":"nearest"}]}
RESULT: {"script":"<script> [79 bytes]","args":[{"element-6066-11e4-a52e-4f735466cecf":"f.5281968FC682DAF02FAC5F987076CB5D.d.4D9134B3EC911B52A061C96F9B84809B.e.6544","ELEMENT":"f.5281968FC682DAF02FAC5F987076CB5D.d.4D9134B3EC911B52A061C96F9B84809B.e.6544"},{"block":"start","inline":"nearest"}]}
COMMAND: GET /session/989d4e3e3c66b6f7845d3771674e314d/screenshot - {}
RESULT: {}
COMMAND: POST /session/989d4e3e3c66b6f7845d3771674e314d/element - {"using":"xpath","value":"//span[@id=\"application-manageresources-display-component---newResourceUnit--btnAddTimeSegment-img\"]"}
RESULT: {"using":"xpath","value":"//span[@id=\"application-manageresources-display-component---newResourceUnit--btnAddTimeSegment-img\"]"}
COMMAND: POST /session/989d4e3e3c66b6f7845d3771674e314d/execute/sync - {"script":"<script> [8489 bytes]","args":[{"element-6066-11e4-a52e-4f735466cecf":"f.5281968FC682DAF02FAC5F987076CB5D.d.4D9134B3EC911B52A061C96F9B84809B.e.6547","ELEMENT":"f.5281968FC682DAF02FAC5F987076CB5D.d.4D9134B3EC911B52A061C96F9B84809B.e.6547"}]}
RESULT: {"script":"<script> [8489 bytes]","args":[{"element-6066-11e4-a52e-4f735466cecf":"f.5281968FC682DAF02FAC5F987076CB5D.d.4D9134B3EC911B52A061C96F9B84809B.e.6547","ELEMENT":"f.5281968FC682DAF02FAC5F987076CB5D.d.4D9134B3EC911B52A061C96F9B84809B.e.6547"}]}
COMMAND: POST /session/989d4e3e3c66b6f7845d3771674e314d/element/f.5281968FC682DAF02FAC5F987076CB5D.d.4D9134B3EC911B52A061C96F9B84809B.e.6547/click - {}
COMMAND: GET /session/989d4e3e3c66b6f7845d3771674e314d/screenshot - {}
RESULT: {}
COMMAND: GET /session/989d4e3e3c66b6f7845d3771674e314d/screenshot - {}
COMMAND: POST /session/989d4e3e3c66b6f7845d3771674e314d/element - {"using":"xpath","value":"//input[@id=\"application-manageresources-display-component---newResourceUnit--idRuTSAdmin-application-manageresources-display-component---newResourceUnit--RUTimeSegment-0-inner\"]"}
RESULT: {}
RESULT: {}
RESULT: {"using":"xpath","value":"//input[@id=\"application-manageresources-display-component---newResourceUnit--idRuTSAdmin-application-manageresources-display-component---newResourceUnit--RUTimeSegment-0-inner\"]"}
COMMAND: POST /session/989d4e3e3c66b6f7845d3771674e314d/element/f.5281968FC682DAF02FAC5F987076CB5D.d.4D9134B3EC911B52A061C96F9B84809B.e.6550/clear - {}
RESULT: {}
COMMAND: POST /session/989d4e3e3c66b6f7845d3771674e314d/element/f.5281968FC682DAF02FAC5F987076CB5D.d.4D9134B3EC911B52A061C96F9B84809B.e.6550/value - {"text":"439"}
COMMAND: GET /session/989d4e3e3c66b6f7845d3771674e314d/screenshot - {}
RESULT: {"text":"439"}
COMMAND: GET /session/989d4e3e3c66b6f7845d3771674e314d/screenshot - {}
RESULT: {}
RESULT: {}
COMMAND: POST /session/989d4e3e3c66b6f7845d3771674e314d/actions - {"actions":[{"id":"action20","type":"key","parameters":{},"actions":[{"type":"keyDown","value":"î€‡"},{"type":"pause","duration":10},{"type":"keyUp","value":"î€‡"}]}]}
RESULT: {"actions":[{"id":"action20","type":"key","parameters":{},"actions":[{"type":"keyDown","value":"î€‡"},{"type":"pause","duration":10},{"type":"keyUp","value":"î€‡"}]}]}
COMMAND: POST /session/989d4e3e3c66b6f7845d3771674e314d/execute/async - {"script":"<script> [1562 bytes]","args":[{"selector":{"controlType":"sap.m.Button","viewName":"reusables.view.manageresources.NewResourceUnit","viewId":"application-manageresources-display-component---newResourceUnit","i18NText":{"propertyName":"tooltip","key":"save"},"interaction":{"idSuffix":"BDI-content"}},"wdio_ui5_key":"reusablesview.manageresources.NewResourceUnitsap.m.Button{\"propertyName\":\"tooltip\",\"key\":\"save\"}"}]}
COMMAND: GET /session/989d4e3e3c66b6f7845d3771674e314d/screenshot - {}
RESULT: {"script":"<script> [1562 bytes]","args":[{"selector":{"controlType":"sap.m.Button","viewName":"reusables.view.manageresources.NewResourceUnit","viewId":"application-manageresources-display-component---newResourceUnit","i18NText":{"propertyName":"tooltip","key":"save"},"interaction":{"idSuffix":"BDI-content"}},"wdio_ui5_key":"reusablesview.manageresources.NewResourceUnitsap.m.Button{\"propertyName\":\"tooltip\",\"key\":\"save\"}"}]}
RESULT: undefined
COMMAND: POST /session/989d4e3e3c66b6f7845d3771674e314d/element - {"using":"xpath","value":"//*[@id=\"application-manageresources-display-component---newResourceUnit--createRuButton\"]"}
RESULT: {}
RESULT: {"using":"xpath","value":"//*[@id=\"application-manageresources-display-component---newResourceUnit--createRuButton\"]"}
COMMAND: POST /session/989d4e3e3c66b6f7845d3771674e314d/element/f.5281968FC682DAF02FAC5F987076CB5D.d.4D9134B3EC911B52A061C96F9B84809B.e.6476/click - {}
RESULT: {}
COMMAND: GET /session/989d4e3e3c66b6f7845d3771674e314d/screenshot - {}
RESULT: {}
COMMAND: POST /session/989d4e3e3c66b6f7845d3771674e314d/execute/async - {"script":"<script> [1562 bytes]","args":[{"selector":{"controlType":"sap.m.Title","properties":{"text":"Success"},"searchOpenDialogs":true},"wdio_ui5_key":"sapm.Title{\"text\":\"Success\"}"}]}
RESULT: {"script":"<script> [1562 bytes]","args":[{"selector":{"controlType":"sap.m.Title","properties":{"text":"Success"},"searchOpenDialogs":true},"wdio_ui5_key":"sapm.Title{\"text\":\"Success\"}"}]}
RESULT: undefined
COMMAND: POST /session/989d4e3e3c66b6f7845d3771674e314d/execute/async - {"script":"<script> [6424 bytes]","args":[{"element-6066-11e4-a52e-4f735466cecf":"f.5281968FC682DAF02FAC5F987076CB5D.d.4D9134B3EC911B52A061C96F9B84809B.e.6565"},"getText",[]]}
RESULT: {"script":"<script> [6424 bytes]","args":[{"element-6066-11e4-a52e-4f735466cecf":"f.5281968FC682DAF02FAC5F987076CB5D.d.4D9134B3EC911B52A061C96F9B84809B.e.6565"},"getText",[]]}
COMMAND: POST /session/989d4e3e3c66b6f7845d3771674e314d/element - {"using":"xpath","value":"//*[contains(@id, '__text') and (contains(text(), 'successfully created') or contains(., 'successfully created'))]"}
RESULT: {"using":"xpath","value":"//*[contains(@id, '__text') and (contains(text(), 'successfully created') or contains(., 'successfully created'))]"}
COMMAND: GET /session/989d4e3e3c66b6f7845d3771674e314d/element/f.5281968FC682DAF02FAC5F987076CB5D.d.4D9134B3EC911B52A061C96F9B84809B.e.6563/text - {}
RESULT: {}
COMMAND: POST /session/989d4e3e3c66b6f7845d3771674e314d/execute/async - {"script":"<script> [1562 bytes]","args":[{"selector":{"controlType":"sap.m.Button","properties":{"text":"Close"},"searchOpenDialogs":true,"interaction":{"idSuffix":"BDI-content"}},"wdio_ui5_key":"sapm.Button{\"text\":\"Close\"}"}]}
RESULT: {"script":"<script> [1562 bytes]","args":[{"selector":{"controlType":"sap.m.Button","properties":{"text":"Close"},"searchOpenDialogs":true,"interaction":{"idSuffix":"BDI-content"}},"wdio_ui5_key":"sapm.Button{\"text\":\"Close\"}"}]}
RESULT: undefined
COMMAND: POST /session/989d4e3e3c66b6f7845d3771674e314d/element - {"using":"xpath","value":"//*[@id=\"__mbox-btn-0\"]"}
RESULT: {"using":"xpath","value":"//*[@id=\"__mbox-btn-0\"]"}
COMMAND: POST /session/989d4e3e3c66b6f7845d3771674e314d/element/f.5281968FC682DAF02FAC5F987076CB5D.d.4D9134B3EC911B52A061C96F9B84809B.e.6561/click - {}
RESULT: {}
COMMAND: GET /session/989d4e3e3c66b6f7845d3771674e314d/screenshot - {}
RESULT: {}
COMMAND: POST /session/989d4e3e3c66b6f7845d3771674e314d/execute/async - {"script":"<script> [1562 bytes]","args":[{"selector":{"controlType":"sap.ui.core.Icon","viewName":"etm.portal.ui.manageresources.view.Detail","viewId":"application-manageresources-display-component---detailRU","properties":{"src":{"regex":{"source":"overflow"}}}},"wdio_ui5_key":"etmportal.ui.manageresources.view.Detailsap.ui.core.Icon{\"src\":{\"regex\":{\"source\":\"overflow\"}}}"}]}
RESULT: {"script":"<script> [1562 bytes]","args":[{"selector":{"controlType":"sap.ui.core.Icon","viewName":"etm.portal.ui.manageresources.view.Detail","viewId":"application-manageresources-display-component---detailRU","properties":{"src":{"regex":{"source":"overflow"}}}},"wdio_ui5_key":"etmportal.ui.manageresources.view.Detailsap.ui.core.Icon{\"src\":{\"regex\":{\"source\":\"overflow\"}}}"}]}
RESULT: undefined
COMMAND: POST /session/989d4e3e3c66b6f7845d3771674e314d/element - {"using":"xpath","value":"//*[@id=\"__title15-_actionsToolbar-overflowButton-img\"]"}
RESULT: {"using":"xpath","value":"//*[@id=\"__title15-_actionsToolbar-overflowButton-img\"]"}
COMMAND: POST /session/989d4e3e3c66b6f7845d3771674e314d/element/f.5281968FC682DAF02FAC5F987076CB5D.d.4D9134B3EC911B52A061C96F9B84809B.e.6597/click - {}
RESULT: {}
COMMAND: POST /session/989d4e3e3c66b6f7845d3771674e314d/execute/async - {"script":"<script> [1562 bytes]","args":[{"selector":{"controlType":"sap.m.Button","viewName":"etm.portal.ui.manageresources.view.Detail","viewId":"application-manageresources-display-component---detailRU","i18NText":{"propertyName":"tooltip","key":"closeColumn"},"searchOpenDialogs":true,"interaction":{"idSuffix":"inner"}},"wdio_ui5_key":"etmportal.ui.manageresources.view.Detailsap.m.Button{\"propertyName\":\"tooltip\",\"key\":\"closeColumn\"}"}]}
COMMAND: GET /session/989d4e3e3c66b6f7845d3771674e314d/screenshot - {}
RESULT: {"script":"<script> [1562 bytes]","args":[{"selector":{"controlType":"sap.m.Button","viewName":"etm.portal.ui.manageresources.view.Detail","viewId":"application-manageresources-display-component---detailRU","i18NText":{"propertyName":"tooltip","key":"closeColumn"},"searchOpenDialogs":true,"interaction":{"idSuffix":"inner"}},"wdio_ui5_key":"etmportal.ui.manageresources.view.Detailsap.m.Button{\"propertyName\":\"tooltip\",\"key\":\"closeColumn\"}"}]}
RESULT: undefined
COMMAND: POST /session/989d4e3e3c66b6f7845d3771674e314d/element - {"using":"xpath","value":"//*[@id=\"__button41\"]"}
RESULT: {}
RESULT: {"using":"xpath","value":"//*[@id=\"__button41\"]"}
COMMAND: POST /session/989d4e3e3c66b6f7845d3771674e314d/element/f.5281968FC682DAF02FAC5F987076CB5D.d.4D9134B3EC911B52A061C96F9B84809B.e.6599/click - {}
RESULT: {}
COMMAND: POST /session/989d4e3e3c66b6f7845d3771674e314d/element - {"using":"css selector","value":"#j_username"}
COMMAND: POST /session/989d4e3e3c66b6f7845d3771674e314d/url - {"url":"https://qa-testing-00-live-etm-ui.cfapps.eu10-004.hana.ondemand.com/"}
COMMAND: GET /session/989d4e3e3c66b6f7845d3771674e314d/screenshot - {}
RESULT: {}
RESULT: {"url":"https://qa-testing-00-live-etm-ui.cfapps.eu10-004.hana.ondemand.com/"}
RESULT: undefined
COMMAND: GET /session/989d4e3e3c66b6f7845d3771674e314d/screenshot - {}
RESULT: {"using":"css selector","value":"#j_username"}
COMMAND: POST /session/989d4e3e3c66b6f7845d3771674e314d/element - {"using":"css selector","value":"#j_username"}
RESULT: {}
RESULT: {"using":"css selector","value":"#j_username"}
COMMAND: POST /session/989d4e3e3c66b6f7845d3771674e314d/element - {"using":"css selector","value":"#shell-header-logo"}
RESULT: {"using":"css selector","value":"#shell-header-logo"}
COMMAND: POST /session/989d4e3e3c66b6f7845d3771674e314d/execute/sync - {"script":"<script> [8489 bytes]","args":[{"element-6066-11e4-a52e-4f735466cecf":"f.5281968FC682DAF02FAC5F987076CB5D.d.D1BDDA4250E9DB4BBCB60CD306D481F9.e.6724","ELEMENT":"f.5281968FC682DAF02FAC5F987076CB5D.d.D1BDDA4250E9DB4BBCB60CD306D481F9.e.6724"}]}
RESULT: {"script":"<script> [8489 bytes]","args":[{"element-6066-11e4-a52e-4f735466cecf":"f.5281968FC682DAF02FAC5F987076CB5D.d.D1BDDA4250E9DB4BBCB60CD306D481F9.e.6724","ELEMENT":"f.5281968FC682DAF02FAC5F987076CB5D.d.D1BDDA4250E9DB4BBCB60CD306D481F9.e.6724"}]}
COMMAND: POST /session/989d4e3e3c66b6f7845d3771674e314d/element - {"using":"css selector","value":"#shell-header-logo"}
COMMAND: GET /session/989d4e3e3c66b6f7845d3771674e314d/screenshot - {}
RESULT: {"using":"css selector","value":"#shell-header-logo"}
COMMAND: POST /session/989d4e3e3c66b6f7845d3771674e314d/execute/sync - {"script":"<script> [8489 bytes]","args":[{"element-6066-11e4-a52e-4f735466cecf":"f.5281968FC682DAF02FAC5F987076CB5D.d.D1BDDA4250E9DB4BBCB60CD306D481F9.e.6724","ELEMENT":"f.5281968FC682DAF02FAC5F987076CB5D.d.D1BDDA4250E9DB4BBCB60CD306D481F9.e.6724"}]}
RESULT: {}
RESULT: {"script":"<script> [8489 bytes]","args":[{"element-6066-11e4-a52e-4f735466cecf":"f.5281968FC682DAF02FAC5F987076CB5D.d.D1BDDA4250E9DB4BBCB60CD306D481F9.e.6724","ELEMENT":"f.5281968FC682DAF02FAC5F987076CB5D.d.D1BDDA4250E9DB4BBCB60CD306D481F9.e.6724"}]}
COMMAND: POST /session/989d4e3e3c66b6f7845d3771674e314d/execute/sync - {"script":"<script> [5351 bytes]","args":[{"element-6066-11e4-a52e-4f735466cecf":"f.5281968FC682DAF02FAC5F987076CB5D.d.D1BDDA4250E9DB4BBCB60CD306D481F9.e.6724","ELEMENT":"f.5281968FC682DAF02FAC5F987076CB5D.d.D1BDDA4250E9DB4BBCB60CD306D481F9.e.6724"}]}
COMMAND: GET /session/989d4e3e3c66b6f7845d3771674e314d/screenshot - {}
RESULT: {"script":"<script> [5351 bytes]","args":[{"element-6066-11e4-a52e-4f735466cecf":"f.5281968FC682DAF02FAC5F987076CB5D.d.D1BDDA4250E9DB4BBCB60CD306D481F9.e.6724","ELEMENT":"f.5281968FC682DAF02FAC5F987076CB5D.d.D1BDDA4250E9DB4BBCB60CD306D481F9.e.6724"}]}
COMMAND: POST /session/989d4e3e3c66b6f7845d3771674e314d/element - {"using":"css selector","value":"#shell-header-logo"}
COMMAND: GET /session/989d4e3e3c66b6f7845d3771674e314d/screenshot - {}
RESULT: {}
RESULT: {"using":"css selector","value":"#shell-header-logo"}
COMMAND: POST /session/989d4e3e3c66b6f7845d3771674e314d/element/f.5281968FC682DAF02FAC5F987076CB5D.d.D1BDDA4250E9DB4BBCB60CD306D481F9.e.6724/click - {}
RESULT: {}
RESULT: {}
COMMAND: GET /session/989d4e3e3c66b6f7845d3771674e314d/screenshot - {}
RESULT: {}
COMMAND: POST /session/989d4e3e3c66b6f7845d3771674e314d/execute/async - {"script":"<script> [189 bytes]","args":[]}
RESULT: {"script":"<script> [189 bytes]","args":[]}
COMMAND: POST /session/989d4e3e3c66b6f7845d3771674e314d/execute/async - {"script":"<script> [123 bytes]","args":[]}
RESULT: {"script":"<script> [123 bytes]","args":[]}
COMMAND: POST /session/989d4e3e3c66b6f7845d3771674e314d/timeouts - {"script":"<number>"}
RESULT: {"script":"<number>"}
COMMAND: GET /session/989d4e3e3c66b6f7845d3771674e314d/timeouts - {}
RESULT: {}
RESULT: undefined
COMMAND: POST /session/989d4e3e3c66b6f7845d3771674e314d/execute/async - {"script":"<script> [2676 bytes]","args":[]}
RESULT: {"script":"<script> [2676 bytes]","args":[]}
COMMAND: POST /session/989d4e3e3c66b6f7845d3771674e314d/execute/async - {"script":"<script> [2342 bytes]","args":[{"protocol":"http","hostname":"0.0.0.0","path":"/","capabilities":{"browserName":"chrome","goog:chromeOptions":{"binary":"C:\\Program Files\\Google\\Chrome\\Application\\chrome.exe","args":["--start-maximized"]}},"logLevel":"warn","connectionRetryTimeout":120000,"connectionRetryCount":3,"logLevels":{},"enableDirectConnect":true,"strictSSL":true,"_":"65 more keys: [\"cacheDir\",\"port\",\"requestedCapabilities\",\"automationProtocol\",\"baseUrl\",\"waitforInterval\",\"waitforTimeout\",\"onReload\",\"beforeCommand\",\"afterCommand\",\"rootDir\",\"specs\",\"suites\",\"exclude\",\"groupLogsByTestSpec\",\"excludeDriverLogs\",\"bail\",\"framework\",\"reporters\",\"services\",\"maxInstances\",\"maxInstancesPerCapability\",\"injectGlobals\",\"filesToWatch\",\"execArgv\",\"runnerEnv\",\"runner\",\"shard\",\"specFileRetries\",\"specFileRetriesDelay\",\"specFileRetriesDeferred\",\"reporterSyncInterval\",\"reporterSyncTimeout\",\"cucumberFeaturesWithLineNumbers\",\"autoCompileOpts\",\"mochaOpts\",\"jasmineOpts\",\"cucumberOpts\",\"onPrepare\",\"onWorkerStart\",\"onWorkerEnd\",\"before\",\"beforeSession\",\"beforeSuite\",\"beforeHook\",\"beforeTest\",\"afterTest\",\"afterHook\",\"afterSuite\",\"afterSession\",\"after\",\"onComplete\",\"beforeAssertion\",\"afterAssertion\",\"beforeFeature\",\"beforeScenario\",\"beforeStep\",\"afterStep\",\"afterScenario\",\"afterFeature\",\"_\",\"suite\",\"$0\",\"ignoredWorkerServices\",\"wdi5\"]"}]}
RESULT: {"script":"<script> [2342 bytes]","args":[{"protocol":"http","hostname":"0.0.0.0","path":"/","capabilities":{"browserName":"chrome","goog:chromeOptions":{"binary":"C:\\Program Files\\Google\\Chrome\\Application\\chrome.exe","args":["--start-maximized"]}},"logLevel":"warn","connectionRetryTimeout":120000,"connectionRetryCount":3,"logLevels":{},"enableDirectConnect":true,"strictSSL":true,"_":"65 more keys: [\"cacheDir\",\"port\",\"requestedCapabilities\",\"automationProtocol\",\"baseUrl\",\"waitforInterval\",\"waitforTimeout\",\"onReload\",\"beforeCommand\",\"afterCommand\",\"rootDir\",\"specs\",\"suites\",\"exclude\",\"groupLogsByTestSpec\",\"excludeDriverLogs\",\"bail\",\"framework\",\"reporters\",\"services\",\"maxInstances\",\"maxInstancesPerCapability\",\"injectGlobals\",\"filesToWatch\",\"execArgv\",\"runnerEnv\",\"runner\",\"shard\",\"specFileRetries\",\"specFileRetriesDelay\",\"specFileRetriesDeferred\",\"reporterSyncInterval\",\"reporterSyncTimeout\",\"cucumberFeaturesWithLineNumbers\",\"autoCompileOpts\",\"mochaOpts\",\"jasmineOpts\",\"cucumberOpts\",\"onPrepare\",\"onWorkerStart\",\"onWorkerEnd\",\"before\",\"beforeSession\",\"beforeSuite\",\"beforeHook\",\"beforeTest\",\"afterTest\",\"afterHook\",\"afterSuite\",\"afterSession\",\"after\",\"onComplete\",\"beforeAssertion\",\"afterAssertion\",\"beforeFeature\",\"beforeScenario\",\"beforeStep\",\"afterStep\",\"afterScenario\",\"afterFeature\",\"_\",\"suite\",\"$0\",\"ignoredWorkerServices\",\"wdi5\"]"}]}
COMMAND: POST /session/989d4e3e3c66b6f7845d3771674e314d/execute/async - {"script":"<script> [21126 bytes]","args":[35000]}
RESULT: {"script":"<script> [21126 bytes]","args":[35000]}
COMMAND: POST /session/989d4e3e3c66b6f7845d3771674e314d/window/maximize - {}
RESULT: {}
COMMAND: POST /session/989d4e3e3c66b6f7845d3771674e314d/execute/async - {"script":"<script> [1562 bytes]","args":[{"selector":{"id":"shell-header","interaction":{"idSuffix":"icon"}},"wdio_ui5_key":"shellheader"}]}
COMMAND: GET /session/989d4e3e3c66b6f7845d3771674e314d/screenshot - {}
RESULT: {"script":"<script> [1562 bytes]","args":[{"selector":{"id":"shell-header","interaction":{"idSuffix":"icon"}},"wdio_ui5_key":"shellheader"}]}
RESULT: undefined
]]></system-out>
    </testcase>
  </testsuite>
  <testsuite timestamp="2025-04-30T07:25:33" time="308.421" tests="1" failures="0" errors="0" skipped="0">
    <properties>
      <property name="specId" value="0" />
      <property name="suiteName" value="create-equipment" />
      <property name="capabilities" value="chrome.135_0_7049_96.windows" />
      <property name="file" value="file:///D:/a/1/s/test/specs/R2C/create-equipment.spec.js" />
    </properties>
    <testcase classname="chrome.135_0_7049_96.windows.create-equipment" name="create equipment" time="288.142">
      <system-out><![CDATA[
COMMAND: POST /session/989d4e3e3c66b6f7845d3771674e314d/execute/async - {"script":"<script> [1562 bytes]","args":[{"selector":{"controlType":"sap.m.GenericTile","properties":{"header":"Manage Resources"}},"wdio_ui5_key":"sapm.GenericTile{\"header\":\"Manage Resources\"}"}]}
RESULT: {}
RESULT: {"script":"<script> [1562 bytes]","args":[{"selector":{"controlType":"sap.m.GenericTile","properties":{"header":"Manage Resources"}},"wdio_ui5_key":"sapm.GenericTile{\"header\":\"Manage Resources\"}"}]}
RESULT: undefined
COMMAND: POST /session/989d4e3e3c66b6f7845d3771674e314d/element - {"using":"xpath","value":"//*[@id=\"__tile31\"]"}
RESULT: {"using":"xpath","value":"//*[@id=\"__tile31\"]"}
COMMAND: POST /session/989d4e3e3c66b6f7845d3771674e314d/element/f.5281968FC682DAF02FAC5F987076CB5D.d.D1BDDA4250E9DB4BBCB60CD306D481F9.e.6744/click - {}
RESULT: {}
COMMAND: GET /session/989d4e3e3c66b6f7845d3771674e314d/screenshot - {}
RESULT: {}
COMMAND: POST /session/989d4e3e3c66b6f7845d3771674e314d/element - {"using":"xpath","value":"//button[@data-kt=\"addNewRUOverflowToolbarButton\"]"}
RESULT: {"using":"xpath","value":"//button[@data-kt=\"addNewRUOverflowToolbarButton\"]"}
COMMAND: POST /session/989d4e3e3c66b6f7845d3771674e314d/element - {"using":"xpath","value":"//button[@data-kt=\"addNewRUOverflowToolbarButton\"]"}
RESULT: {"using":"xpath","value":"//button[@data-kt=\"addNewRUOverflowToolbarButton\"]"}
COMMAND: POST /session/989d4e3e3c66b6f7845d3771674e314d/element - {"using":"xpath","value":"//button[@data-kt=\"addNewRUOverflowToolbarButton\"]"}
RESULT: {"using":"xpath","value":"//button[@data-kt=\"addNewRUOverflowToolbarButton\"]"}
COMMAND: POST /session/989d4e3e3c66b6f7845d3771674e314d/element - {"using":"xpath","value":"//button[@data-kt=\"addNewRUOverflowToolbarButton\"]"}
COMMAND: POST /session/989d4e3e3c66b6f7845d3771674e314d/execute/async - {"script":"<script> [1562 bytes]","args":[{"selector":{"controlType":"sap.ui.core.Icon","viewName":"etm.portal.ui.manageresources.view.Master","viewId":"application-manageresources-display-component---masterRU","properties":{"src":{"regex":{"source":"add"}}}},"wdio_ui5_key":"etmportal.ui.manageresources.view.Mastersap.ui.core.Icon{\"src\":{\"regex\":{\"source\":\"add\"}}}"}]}
RESULT: {"using":"xpath","value":"//button[@data-kt=\"addNewRUOverflowToolbarButton\"]"}
RESULT: {"script":"<script> [1562 bytes]","args":[{"selector":{"controlType":"sap.ui.core.Icon","viewName":"etm.portal.ui.manageresources.view.Master","viewId":"application-manageresources-display-component---masterRU","properties":{"src":{"regex":{"source":"add"}}}},"wdio_ui5_key":"etmportal.ui.manageresources.view.Mastersap.ui.core.Icon{\"src\":{\"regex\":{\"source\":\"add\"}}}"}]}
RESULT: undefined
COMMAND: POST /session/989d4e3e3c66b6f7845d3771674e314d/element - {"using":"xpath","value":"//*[@id=\"__button5-img\"]"}
RESULT: {"using":"xpath","value":"//*[@id=\"__button5-img\"]"}
COMMAND: POST /session/989d4e3e3c66b6f7845d3771674e314d/element/f.5281968FC682DAF02FAC5F987076CB5D.d.D1BDDA4250E9DB4BBCB60CD306D481F9.e.6884/click - {}
RESULT: {}
COMMAND: GET /session/989d4e3e3c66b6f7845d3771674e314d/screenshot - {}
COMMAND: POST /session/989d4e3e3c66b6f7845d3771674e314d/execute/async - {"script":"<script> [1562 bytes]","args":[{"selector":{"controlType":"sap.m.ComboBox","viewName":"reusables.view.manageresources.NewResourceUnit","viewId":"application-manageresources-display-component---newResourceUnit","bindingPath":{"path":"","propertyPath":"/RuTypes","modelName":"catalogModel"},"searchOpenDialogs":true},"wdio_ui5_key":"reusablesview.manageresources.NewResourceUnitsap.m.ComboBox{\"path\":\"\",\"propertyPath\":\"/RuTypes\",\"modelName\":\"catalogModel\"}"}]}
RESULT: {}
RESULT: {"script":"<script> [1562 bytes]","args":[{"selector":{"controlType":"sap.m.ComboBox","viewName":"reusables.view.manageresources.NewResourceUnit","viewId":"application-manageresources-display-component---newResourceUnit","bindingPath":{"path":"","propertyPath":"/RuTypes","modelName":"catalogModel"},"searchOpenDialogs":true},"wdio_ui5_key":"reusablesview.manageresources.NewResourceUnitsap.m.ComboBox{\"path\":\"\",\"propertyPath\":\"/RuTypes\",\"modelName\":\"catalogModel\"}"}]}
RESULT: undefined
COMMAND: POST /session/989d4e3e3c66b6f7845d3771674e314d/execute/async - {"script":"<script> [1562 bytes]","args":[{"selector":{"controlType":"sap.m.ComboBox","viewName":"reusables.view.manageresources.NewResourceUnit","viewId":"application-manageresources-display-component---newResourceUnit","bindingPath":{"path":"","propertyPath":"/Yards","modelName":"catalogModel"},"searchOpenDialogs":true},"wdio_ui5_key":"reusablesview.manageresources.NewResourceUnitsap.m.ComboBox{\"path\":\"\",\"propertyPath\":\"/Yards\",\"modelName\":\"catalogModel\"}"}]}
RESULT: {"script":"<script> [1562 bytes]","args":[{"selector":{"controlType":"sap.m.ComboBox","viewName":"reusables.view.manageresources.NewResourceUnit","viewId":"application-manageresources-display-component---newResourceUnit","bindingPath":{"path":"","propertyPath":"/Yards","modelName":"catalogModel"},"searchOpenDialogs":true},"wdio_ui5_key":"reusablesview.manageresources.NewResourceUnitsap.m.ComboBox{\"path\":\"\",\"propertyPath\":\"/Yards\",\"modelName\":\"catalogModel\"}"}]}
RESULT: undefined
COMMAND: POST /session/989d4e3e3c66b6f7845d3771674e314d/execute/async - {"script":"<script> [1562 bytes]","args":[{"selector":{"controlType":"etm.portal.ui.reusables.customControls.LiveSearchComboBox","viewName":"reusables.view.manageresources.NewResourceUnit","viewId":"application-manageresources-display-component---newResourceUnit","bindingPath":{"path":"","propertyPath":"/CatalogItems","modelName":"catalogModel"},"searchOpenDialogs":true},"wdio_ui5_key":"reusablesview.manageresources.NewResourceUnitetm.portal.ui.reusables.customControls.LiveSearchComboBox{\"path\":\"\",\"propertyPath\":\"/CatalogItems\",\"modelName\":\"catalogModel\"}"}]}
RESULT: {"script":"<script> [1562 bytes]","args":[{"selector":{"controlType":"etm.portal.ui.reusables.customControls.LiveSearchComboBox","viewName":"reusables.view.manageresources.NewResourceUnit","viewId":"application-manageresources-display-component---newResourceUnit","bindingPath":{"path":"","propertyPath":"/CatalogItems","modelName":"catalogModel"},"searchOpenDialogs":true},"wdio_ui5_key":"reusablesview.manageresources.NewResourceUnitetm.portal.ui.reusables.customControls.LiveSearchComboBox{\"path\":\"\",\"propertyPath\":\"/CatalogItems\",\"modelName\":\"catalogModel\"}"}]}
RESULT: undefined
COMMAND: POST /session/989d4e3e3c66b6f7845d3771674e314d/element - {"using":"xpath","value":"//bdi[text()=\"OK\"]"}
RESULT: {"using":"xpath","value":"//bdi[text()=\"OK\"]"}
COMMAND: POST /session/989d4e3e3c66b6f7845d3771674e314d/elements - {"using":"xpath","value":"//bdi[text()=\"OK\"]"}
RESULT: {"using":"xpath","value":"//bdi[text()=\"OK\"]"}
COMMAND: POST /session/989d4e3e3c66b6f7845d3771674e314d/elements - {"using":"xpath","value":"//bdi[text()=\"OK\"]"}
RESULT: {"using":"xpath","value":"//bdi[text()=\"OK\"]"}
COMMAND: POST /session/989d4e3e3c66b6f7845d3771674e314d/elements - {"using":"xpath","value":"//bdi[text()=\"OK\"]"}
RESULT: {"using":"xpath","value":"//bdi[text()=\"OK\"]"}
COMMAND: POST /session/989d4e3e3c66b6f7845d3771674e314d/elements - {"using":"xpath","value":"//bdi[text()=\"OK\"]"}
RESULT: {"using":"xpath","value":"//bdi[text()=\"OK\"]"}
COMMAND: POST /session/989d4e3e3c66b6f7845d3771674e314d/elements - {"using":"xpath","value":"//bdi[text()=\"OK\"]"}
RESULT: {"using":"xpath","value":"//bdi[text()=\"OK\"]"}
COMMAND: POST /session/989d4e3e3c66b6f7845d3771674e314d/elements - {"using":"xpath","value":"//bdi[text()=\"OK\"]"}
RESULT: {"using":"xpath","value":"//bdi[text()=\"OK\"]"}
COMMAND: POST /session/989d4e3e3c66b6f7845d3771674e314d/elements - {"using":"xpath","value":"//bdi[text()=\"OK\"]"}
RESULT: {"using":"xpath","value":"//bdi[text()=\"OK\"]"}
COMMAND: POST /session/989d4e3e3c66b6f7845d3771674e314d/elements - {"using":"xpath","value":"//bdi[text()=\"OK\"]"}
RESULT: {"using":"xpath","value":"//bdi[text()=\"OK\"]"}
COMMAND: POST /session/989d4e3e3c66b6f7845d3771674e314d/elements - {"using":"xpath","value":"//bdi[text()=\"OK\"]"}
RESULT: {"using":"xpath","value":"//bdi[text()=\"OK\"]"}
COMMAND: POST /session/989d4e3e3c66b6f7845d3771674e314d/elements - {"using":"xpath","value":"//bdi[text()=\"OK\"]"}
RESULT: {"using":"xpath","value":"//bdi[text()=\"OK\"]"}
COMMAND: POST /session/989d4e3e3c66b6f7845d3771674e314d/elements - {"using":"xpath","value":"//bdi[text()=\"OK\"]"}
RESULT: {"using":"xpath","value":"//bdi[text()=\"OK\"]"}
COMMAND: POST /session/989d4e3e3c66b6f7845d3771674e314d/elements - {"using":"xpath","value":"//bdi[text()=\"OK\"]"}
RESULT: {"using":"xpath","value":"//bdi[text()=\"OK\"]"}
COMMAND: POST /session/989d4e3e3c66b6f7845d3771674e314d/elements - {"using":"xpath","value":"//bdi[text()=\"OK\"]"}
RESULT: {"using":"xpath","value":"//bdi[text()=\"OK\"]"}
COMMAND: POST /session/989d4e3e3c66b6f7845d3771674e314d/elements - {"using":"xpath","value":"//bdi[text()=\"OK\"]"}
RESULT: {"using":"xpath","value":"//bdi[text()=\"OK\"]"}
COMMAND: POST /session/989d4e3e3c66b6f7845d3771674e314d/elements - {"using":"xpath","value":"//bdi[text()=\"OK\"]"}
RESULT: {"using":"xpath","value":"//bdi[text()=\"OK\"]"}
COMMAND: POST /session/989d4e3e3c66b6f7845d3771674e314d/elements - {"using":"xpath","value":"//bdi[text()=\"OK\"]"}
RESULT: {"using":"xpath","value":"//bdi[text()=\"OK\"]"}
COMMAND: POST /session/989d4e3e3c66b6f7845d3771674e314d/elements - {"using":"xpath","value":"//bdi[text()=\"OK\"]"}
RESULT: {"using":"xpath","value":"//bdi[text()=\"OK\"]"}
COMMAND: POST /session/989d4e3e3c66b6f7845d3771674e314d/elements - {"using":"xpath","value":"//bdi[text()=\"OK\"]"}
RESULT: {"using":"xpath","value":"//bdi[text()=\"OK\"]"}
COMMAND: POST /session/989d4e3e3c66b6f7845d3771674e314d/elements - {"using":"xpath","value":"//bdi[text()=\"OK\"]"}
RESULT: {"using":"xpath","value":"//bdi[text()=\"OK\"]"}
COMMAND: POST /session/989d4e3e3c66b6f7845d3771674e314d/elements - {"using":"xpath","value":"//bdi[text()=\"OK\"]"}
RESULT: {"using":"xpath","value":"//bdi[text()=\"OK\"]"}
COMMAND: POST /session/989d4e3e3c66b6f7845d3771674e314d/elements - {"using":"xpath","value":"//bdi[text()=\"OK\"]"}
RESULT: {"using":"xpath","value":"//bdi[text()=\"OK\"]"}
COMMAND: POST /session/989d4e3e3c66b6f7845d3771674e314d/elements - {"using":"xpath","value":"//bdi[text()=\"OK\"]"}
RESULT: {"using":"xpath","value":"//bdi[text()=\"OK\"]"}
COMMAND: POST /session/989d4e3e3c66b6f7845d3771674e314d/elements - {"using":"xpath","value":"//bdi[text()=\"OK\"]"}
RESULT: {"using":"xpath","value":"//bdi[text()=\"OK\"]"}
COMMAND: POST /session/989d4e3e3c66b6f7845d3771674e314d/elements - {"using":"xpath","value":"//bdi[text()=\"OK\"]"}
RESULT: {"using":"xpath","value":"//bdi[text()=\"OK\"]"}
COMMAND: POST /session/989d4e3e3c66b6f7845d3771674e314d/elements - {"using":"xpath","value":"//bdi[text()=\"OK\"]"}
RESULT: {"using":"xpath","value":"//bdi[text()=\"OK\"]"}
COMMAND: POST /session/989d4e3e3c66b6f7845d3771674e314d/elements - {"using":"xpath","value":"//bdi[text()=\"OK\"]"}
RESULT: {"using":"xpath","value":"//bdi[text()=\"OK\"]"}
COMMAND: POST /session/989d4e3e3c66b6f7845d3771674e314d/elements - {"using":"xpath","value":"//bdi[text()=\"OK\"]"}
RESULT: {"using":"xpath","value":"//bdi[text()=\"OK\"]"}
COMMAND: POST /session/989d4e3e3c66b6f7845d3771674e314d/elements - {"using":"xpath","value":"//bdi[text()=\"OK\"]"}
RESULT: {"using":"xpath","value":"//bdi[text()=\"OK\"]"}
COMMAND: POST /session/989d4e3e3c66b6f7845d3771674e314d/elements - {"using":"xpath","value":"//bdi[text()=\"OK\"]"}
RESULT: {"using":"xpath","value":"//bdi[text()=\"OK\"]"}
COMMAND: POST /session/989d4e3e3c66b6f7845d3771674e314d/elements - {"using":"xpath","value":"//bdi[text()=\"OK\"]"}
RESULT: {"using":"xpath","value":"//bdi[text()=\"OK\"]"}
COMMAND: POST /session/989d4e3e3c66b6f7845d3771674e314d/elements - {"using":"xpath","value":"//bdi[text()=\"OK\"]"}
RESULT: {"using":"xpath","value":"//bdi[text()=\"OK\"]"}
COMMAND: POST /session/989d4e3e3c66b6f7845d3771674e314d/elements - {"using":"xpath","value":"//bdi[text()=\"OK\"]"}
RESULT: {"using":"xpath","value":"//bdi[text()=\"OK\"]"}
COMMAND: POST /session/989d4e3e3c66b6f7845d3771674e314d/elements - {"using":"xpath","value":"//bdi[text()=\"OK\"]"}
RESULT: {"using":"xpath","value":"//bdi[text()=\"OK\"]"}
COMMAND: POST /session/989d4e3e3c66b6f7845d3771674e314d/elements - {"using":"xpath","value":"//bdi[text()=\"OK\"]"}
RESULT: {"using":"xpath","value":"//bdi[text()=\"OK\"]"}
COMMAND: POST /session/989d4e3e3c66b6f7845d3771674e314d/elements - {"using":"xpath","value":"//bdi[text()=\"OK\"]"}
RESULT: {"using":"xpath","value":"//bdi[text()=\"OK\"]"}
COMMAND: POST /session/989d4e3e3c66b6f7845d3771674e314d/elements - {"using":"xpath","value":"//bdi[text()=\"OK\"]"}
RESULT: {"using":"xpath","value":"//bdi[text()=\"OK\"]"}
COMMAND: POST /session/989d4e3e3c66b6f7845d3771674e314d/elements - {"using":"xpath","value":"//bdi[text()=\"OK\"]"}
RESULT: {"using":"xpath","value":"//bdi[text()=\"OK\"]"}
COMMAND: POST /session/989d4e3e3c66b6f7845d3771674e314d/elements - {"using":"xpath","value":"//bdi[text()=\"OK\"]"}
RESULT: {"using":"xpath","value":"//bdi[text()=\"OK\"]"}
COMMAND: POST /session/989d4e3e3c66b6f7845d3771674e314d/elements - {"using":"xpath","value":"//bdi[text()=\"OK\"]"}
RESULT: {"using":"xpath","value":"//bdi[text()=\"OK\"]"}
COMMAND: POST /session/989d4e3e3c66b6f7845d3771674e314d/elements - {"using":"xpath","value":"//bdi[text()=\"OK\"]"}
RESULT: {"using":"xpath","value":"//bdi[text()=\"OK\"]"}
COMMAND: POST /session/989d4e3e3c66b6f7845d3771674e314d/elements - {"using":"xpath","value":"//bdi[text()=\"OK\"]"}
RESULT: {"using":"xpath","value":"//bdi[text()=\"OK\"]"}
COMMAND: POST /session/989d4e3e3c66b6f7845d3771674e314d/elements - {"using":"xpath","value":"//bdi[text()=\"OK\"]"}
RESULT: {"using":"xpath","value":"//bdi[text()=\"OK\"]"}
COMMAND: POST /session/989d4e3e3c66b6f7845d3771674e314d/elements - {"using":"xpath","value":"//bdi[text()=\"OK\"]"}
RESULT: {"using":"xpath","value":"//bdi[text()=\"OK\"]"}
COMMAND: POST /session/989d4e3e3c66b6f7845d3771674e314d/elements - {"using":"xpath","value":"//bdi[text()=\"OK\"]"}
RESULT: {"using":"xpath","value":"//bdi[text()=\"OK\"]"}
COMMAND: POST /session/989d4e3e3c66b6f7845d3771674e314d/elements - {"using":"xpath","value":"//bdi[text()=\"OK\"]"}
RESULT: {"using":"xpath","value":"//bdi[text()=\"OK\"]"}
COMMAND: POST /session/989d4e3e3c66b6f7845d3771674e314d/elements - {"using":"xpath","value":"//bdi[text()=\"OK\"]"}
RESULT: {"using":"xpath","value":"//bdi[text()=\"OK\"]"}
COMMAND: POST /session/989d4e3e3c66b6f7845d3771674e314d/elements - {"using":"xpath","value":"//bdi[text()=\"OK\"]"}
RESULT: {"using":"xpath","value":"//bdi[text()=\"OK\"]"}
COMMAND: POST /session/989d4e3e3c66b6f7845d3771674e314d/elements - {"using":"xpath","value":"//bdi[text()=\"OK\"]"}
RESULT: {"using":"xpath","value":"//bdi[text()=\"OK\"]"}
COMMAND: POST /session/989d4e3e3c66b6f7845d3771674e314d/elements - {"using":"xpath","value":"//bdi[text()=\"OK\"]"}
RESULT: {"using":"xpath","value":"//bdi[text()=\"OK\"]"}
COMMAND: POST /session/989d4e3e3c66b6f7845d3771674e314d/elements - {"using":"xpath","value":"//bdi[text()=\"OK\"]"}
RESULT: {"using":"xpath","value":"//bdi[text()=\"OK\"]"}
COMMAND: POST /session/989d4e3e3c66b6f7845d3771674e314d/elements - {"using":"xpath","value":"//bdi[text()=\"OK\"]"}
RESULT: {"using":"xpath","value":"//bdi[text()=\"OK\"]"}
COMMAND: POST /session/989d4e3e3c66b6f7845d3771674e314d/elements - {"using":"xpath","value":"//bdi[text()=\"OK\"]"}
RESULT: {"using":"xpath","value":"//bdi[text()=\"OK\"]"}
COMMAND: POST /session/989d4e3e3c66b6f7845d3771674e314d/elements - {"using":"xpath","value":"//bdi[text()=\"OK\"]"}
RESULT: {"using":"xpath","value":"//bdi[text()=\"OK\"]"}
COMMAND: POST /session/989d4e3e3c66b6f7845d3771674e314d/elements - {"using":"xpath","value":"//bdi[text()=\"OK\"]"}
RESULT: {"using":"xpath","value":"//bdi[text()=\"OK\"]"}
COMMAND: POST /session/989d4e3e3c66b6f7845d3771674e314d/elements - {"using":"xpath","value":"//bdi[text()=\"OK\"]"}
RESULT: {"using":"xpath","value":"//bdi[text()=\"OK\"]"}
COMMAND: POST /session/989d4e3e3c66b6f7845d3771674e314d/elements - {"using":"xpath","value":"//bdi[text()=\"OK\"]"}
RESULT: {"using":"xpath","value":"//bdi[text()=\"OK\"]"}
COMMAND: POST /session/989d4e3e3c66b6f7845d3771674e314d/elements - {"using":"xpath","value":"//bdi[text()=\"OK\"]"}
RESULT: {"using":"xpath","value":"//bdi[text()=\"OK\"]"}
COMMAND: POST /session/989d4e3e3c66b6f7845d3771674e314d/elements - {"using":"xpath","value":"//bdi[text()=\"OK\"]"}
RESULT: {"using":"xpath","value":"//bdi[text()=\"OK\"]"}
COMMAND: POST /session/989d4e3e3c66b6f7845d3771674e314d/elements - {"using":"xpath","value":"//bdi[text()=\"OK\"]"}
RESULT: {"using":"xpath","value":"//bdi[text()=\"OK\"]"}
COMMAND: POST /session/989d4e3e3c66b6f7845d3771674e314d/elements - {"using":"xpath","value":"//bdi[text()=\"OK\"]"}
RESULT: {"using":"xpath","value":"//bdi[text()=\"OK\"]"}
COMMAND: POST /session/989d4e3e3c66b6f7845d3771674e314d/elements - {"using":"xpath","value":"//bdi[text()=\"OK\"]"}
RESULT: {"using":"xpath","value":"//bdi[text()=\"OK\"]"}
COMMAND: POST /session/989d4e3e3c66b6f7845d3771674e314d/elements - {"using":"xpath","value":"//bdi[text()=\"OK\"]"}
RESULT: {"using":"xpath","value":"//bdi[text()=\"OK\"]"}
COMMAND: POST /session/989d4e3e3c66b6f7845d3771674e314d/elements - {"using":"xpath","value":"//bdi[text()=\"OK\"]"}
RESULT: {"using":"xpath","value":"//bdi[text()=\"OK\"]"}
COMMAND: POST /session/989d4e3e3c66b6f7845d3771674e314d/elements - {"using":"xpath","value":"//bdi[text()=\"OK\"]"}
RESULT: {"using":"xpath","value":"//bdi[text()=\"OK\"]"}
COMMAND: POST /session/989d4e3e3c66b6f7845d3771674e314d/elements - {"using":"xpath","value":"//bdi[text()=\"OK\"]"}
RESULT: {"using":"xpath","value":"//bdi[text()=\"OK\"]"}
COMMAND: POST /session/989d4e3e3c66b6f7845d3771674e314d/elements - {"using":"xpath","value":"//bdi[text()=\"OK\"]"}
RESULT: {"using":"xpath","value":"//bdi[text()=\"OK\"]"}
COMMAND: POST /session/989d4e3e3c66b6f7845d3771674e314d/elements - {"using":"xpath","value":"//bdi[text()=\"OK\"]"}
RESULT: {"using":"xpath","value":"//bdi[text()=\"OK\"]"}
COMMAND: POST /session/989d4e3e3c66b6f7845d3771674e314d/elements - {"using":"xpath","value":"//bdi[text()=\"OK\"]"}
RESULT: {"using":"xpath","value":"//bdi[text()=\"OK\"]"}
COMMAND: POST /session/989d4e3e3c66b6f7845d3771674e314d/elements - {"using":"xpath","value":"//bdi[text()=\"OK\"]"}
RESULT: {"using":"xpath","value":"//bdi[text()=\"OK\"]"}
COMMAND: POST /session/989d4e3e3c66b6f7845d3771674e314d/elements - {"using":"xpath","value":"//bdi[text()=\"OK\"]"}
RESULT: {"using":"xpath","value":"//bdi[text()=\"OK\"]"}
COMMAND: POST /session/989d4e3e3c66b6f7845d3771674e314d/elements - {"using":"xpath","value":"//bdi[text()=\"OK\"]"}
RESULT: {"using":"xpath","value":"//bdi[text()=\"OK\"]"}
COMMAND: POST /session/989d4e3e3c66b6f7845d3771674e314d/elements - {"using":"xpath","value":"//bdi[text()=\"OK\"]"}
RESULT: {"using":"xpath","value":"//bdi[text()=\"OK\"]"}
COMMAND: POST /session/989d4e3e3c66b6f7845d3771674e314d/elements - {"using":"xpath","value":"//bdi[text()=\"OK\"]"}
RESULT: {"using":"xpath","value":"//bdi[text()=\"OK\"]"}
COMMAND: POST /session/989d4e3e3c66b6f7845d3771674e314d/elements - {"using":"xpath","value":"//bdi[text()=\"OK\"]"}
RESULT: {"using":"xpath","value":"//bdi[text()=\"OK\"]"}
COMMAND: POST /session/989d4e3e3c66b6f7845d3771674e314d/elements - {"using":"xpath","value":"//bdi[text()=\"OK\"]"}
RESULT: {"using":"xpath","value":"//bdi[text()=\"OK\"]"}
COMMAND: POST /session/989d4e3e3c66b6f7845d3771674e314d/elements - {"using":"xpath","value":"//bdi[text()=\"OK\"]"}
RESULT: {"using":"xpath","value":"//bdi[text()=\"OK\"]"}
COMMAND: POST /session/989d4e3e3c66b6f7845d3771674e314d/elements - {"using":"xpath","value":"//bdi[text()=\"OK\"]"}
RESULT: {"using":"xpath","value":"//bdi[text()=\"OK\"]"}
COMMAND: POST /session/989d4e3e3c66b6f7845d3771674e314d/elements - {"using":"xpath","value":"//bdi[text()=\"OK\"]"}
RESULT: {"using":"xpath","value":"//bdi[text()=\"OK\"]"}
COMMAND: POST /session/989d4e3e3c66b6f7845d3771674e314d/elements - {"using":"xpath","value":"//bdi[text()=\"OK\"]"}
RESULT: {"using":"xpath","value":"//bdi[text()=\"OK\"]"}
COMMAND: POST /session/989d4e3e3c66b6f7845d3771674e314d/elements - {"using":"xpath","value":"//bdi[text()=\"OK\"]"}
RESULT: {"using":"xpath","value":"//bdi[text()=\"OK\"]"}
COMMAND: POST /session/989d4e3e3c66b6f7845d3771674e314d/elements - {"using":"xpath","value":"//bdi[text()=\"OK\"]"}
RESULT: {"using":"xpath","value":"//bdi[text()=\"OK\"]"}
COMMAND: POST /session/989d4e3e3c66b6f7845d3771674e314d/elements - {"using":"xpath","value":"//bdi[text()=\"OK\"]"}
RESULT: {"using":"xpath","value":"//bdi[text()=\"OK\"]"}
COMMAND: POST /session/989d4e3e3c66b6f7845d3771674e314d/elements - {"using":"xpath","value":"//bdi[text()=\"OK\"]"}
RESULT: {"using":"xpath","value":"//bdi[text()=\"OK\"]"}
COMMAND: POST /session/989d4e3e3c66b6f7845d3771674e314d/elements - {"using":"xpath","value":"//bdi[text()=\"OK\"]"}
RESULT: {"using":"xpath","value":"//bdi[text()=\"OK\"]"}
COMMAND: POST /session/989d4e3e3c66b6f7845d3771674e314d/elements - {"using":"xpath","value":"//bdi[text()=\"OK\"]"}
RESULT: {"using":"xpath","value":"//bdi[text()=\"OK\"]"}
COMMAND: POST /session/989d4e3e3c66b6f7845d3771674e314d/elements - {"using":"xpath","value":"//bdi[text()=\"OK\"]"}
RESULT: {"using":"xpath","value":"//bdi[text()=\"OK\"]"}
COMMAND: POST /session/989d4e3e3c66b6f7845d3771674e314d/elements - {"using":"xpath","value":"//bdi[text()=\"OK\"]"}
RESULT: {"using":"xpath","value":"//bdi[text()=\"OK\"]"}
COMMAND: POST /session/989d4e3e3c66b6f7845d3771674e314d/elements - {"using":"xpath","value":"//bdi[text()=\"OK\"]"}
RESULT: {"using":"xpath","value":"//bdi[text()=\"OK\"]"}
COMMAND: POST /session/989d4e3e3c66b6f7845d3771674e314d/elements - {"using":"xpath","value":"//bdi[text()=\"OK\"]"}
RESULT: {"using":"xpath","value":"//bdi[text()=\"OK\"]"}
COMMAND: POST /session/989d4e3e3c66b6f7845d3771674e314d/elements - {"using":"xpath","value":"//bdi[text()=\"OK\"]"}
RESULT: {"using":"xpath","value":"//bdi[text()=\"OK\"]"}
COMMAND: POST /session/989d4e3e3c66b6f7845d3771674e314d/elements - {"using":"xpath","value":"//bdi[text()=\"OK\"]"}
RESULT: {"using":"xpath","value":"//bdi[text()=\"OK\"]"}
COMMAND: POST /session/989d4e3e3c66b6f7845d3771674e314d/elements - {"using":"xpath","value":"//bdi[text()=\"OK\"]"}
RESULT: {"using":"xpath","value":"//bdi[text()=\"OK\"]"}
COMMAND: POST /session/989d4e3e3c66b6f7845d3771674e314d/elements - {"using":"xpath","value":"//bdi[text()=\"OK\"]"}
RESULT: {"using":"xpath","value":"//bdi[text()=\"OK\"]"}
COMMAND: POST /session/989d4e3e3c66b6f7845d3771674e314d/elements - {"using":"xpath","value":"//bdi[text()=\"OK\"]"}
RESULT: {"using":"xpath","value":"//bdi[text()=\"OK\"]"}
COMMAND: POST /session/989d4e3e3c66b6f7845d3771674e314d/elements - {"using":"xpath","value":"//bdi[text()=\"OK\"]"}
RESULT: {"using":"xpath","value":"//bdi[text()=\"OK\"]"}
COMMAND: POST /session/989d4e3e3c66b6f7845d3771674e314d/elements - {"using":"xpath","value":"//bdi[text()=\"OK\"]"}
RESULT: {"using":"xpath","value":"//bdi[text()=\"OK\"]"}
COMMAND: POST /session/989d4e3e3c66b6f7845d3771674e314d/elements - {"using":"xpath","value":"//bdi[text()=\"OK\"]"}
RESULT: {"using":"xpath","value":"//bdi[text()=\"OK\"]"}
COMMAND: POST /session/989d4e3e3c66b6f7845d3771674e314d/elements - {"using":"xpath","value":"//bdi[text()=\"OK\"]"}
RESULT: {"using":"xpath","value":"//bdi[text()=\"OK\"]"}
COMMAND: POST /session/989d4e3e3c66b6f7845d3771674e314d/elements - {"using":"xpath","value":"//bdi[text()=\"OK\"]"}
RESULT: {"using":"xpath","value":"//bdi[text()=\"OK\"]"}
COMMAND: POST /session/989d4e3e3c66b6f7845d3771674e314d/elements - {"using":"xpath","value":"//bdi[text()=\"OK\"]"}
RESULT: {"using":"xpath","value":"//bdi[text()=\"OK\"]"}
COMMAND: POST /session/989d4e3e3c66b6f7845d3771674e314d/elements - {"using":"xpath","value":"//bdi[text()=\"OK\"]"}
RESULT: {"using":"xpath","value":"//bdi[text()=\"OK\"]"}
COMMAND: POST /session/989d4e3e3c66b6f7845d3771674e314d/elements - {"using":"xpath","value":"//bdi[text()=\"OK\"]"}
RESULT: {"using":"xpath","value":"//bdi[text()=\"OK\"]"}
COMMAND: POST /session/989d4e3e3c66b6f7845d3771674e314d/elements - {"using":"xpath","value":"//bdi[text()=\"OK\"]"}
RESULT: {"using":"xpath","value":"//bdi[text()=\"OK\"]"}
COMMAND: POST /session/989d4e3e3c66b6f7845d3771674e314d/elements - {"using":"xpath","value":"//bdi[text()=\"OK\"]"}
RESULT: {"using":"xpath","value":"//bdi[text()=\"OK\"]"}
COMMAND: POST /session/989d4e3e3c66b6f7845d3771674e314d/elements - {"using":"xpath","value":"//bdi[text()=\"OK\"]"}
RESULT: {"using":"xpath","value":"//bdi[text()=\"OK\"]"}
COMMAND: POST /session/989d4e3e3c66b6f7845d3771674e314d/elements - {"using":"xpath","value":"//bdi[text()=\"OK\"]"}
RESULT: {"using":"xpath","value":"//bdi[text()=\"OK\"]"}
COMMAND: POST /session/989d4e3e3c66b6f7845d3771674e314d/elements - {"using":"xpath","value":"//bdi[text()=\"OK\"]"}
RESULT: {"using":"xpath","value":"//bdi[text()=\"OK\"]"}
COMMAND: POST /session/989d4e3e3c66b6f7845d3771674e314d/elements - {"using":"xpath","value":"//bdi[text()=\"OK\"]"}
RESULT: {"using":"xpath","value":"//bdi[text()=\"OK\"]"}
COMMAND: POST /session/989d4e3e3c66b6f7845d3771674e314d/elements - {"using":"xpath","value":"//bdi[text()=\"OK\"]"}
RESULT: {"using":"xpath","value":"//bdi[text()=\"OK\"]"}
COMMAND: POST /session/989d4e3e3c66b6f7845d3771674e314d/elements - {"using":"xpath","value":"//bdi[text()=\"OK\"]"}
RESULT: {"using":"xpath","value":"//bdi[text()=\"OK\"]"}
COMMAND: POST /session/989d4e3e3c66b6f7845d3771674e314d/elements - {"using":"xpath","value":"//bdi[text()=\"OK\"]"}
RESULT: {"using":"xpath","value":"//bdi[text()=\"OK\"]"}
COMMAND: POST /session/989d4e3e3c66b6f7845d3771674e314d/elements - {"using":"xpath","value":"//bdi[text()=\"OK\"]"}
RESULT: {"using":"xpath","value":"//bdi[text()=\"OK\"]"}
COMMAND: POST /session/989d4e3e3c66b6f7845d3771674e314d/elements - {"using":"xpath","value":"//bdi[text()=\"OK\"]"}
RESULT: {"using":"xpath","value":"//bdi[text()=\"OK\"]"}
COMMAND: POST /session/989d4e3e3c66b6f7845d3771674e314d/elements - {"using":"xpath","value":"//bdi[text()=\"OK\"]"}
RESULT: {"using":"xpath","value":"//bdi[text()=\"OK\"]"}
COMMAND: POST /session/989d4e3e3c66b6f7845d3771674e314d/elements - {"using":"xpath","value":"//bdi[text()=\"OK\"]"}
RESULT: {"using":"xpath","value":"//bdi[text()=\"OK\"]"}
COMMAND: POST /session/989d4e3e3c66b6f7845d3771674e314d/elements - {"using":"xpath","value":"//bdi[text()=\"OK\"]"}
RESULT: {"using":"xpath","value":"//bdi[text()=\"OK\"]"}
COMMAND: POST /session/989d4e3e3c66b6f7845d3771674e314d/elements - {"using":"xpath","value":"//bdi[text()=\"OK\"]"}
RESULT: {"using":"xpath","value":"//bdi[text()=\"OK\"]"}
COMMAND: POST /session/989d4e3e3c66b6f7845d3771674e314d/elements - {"using":"xpath","value":"//bdi[text()=\"OK\"]"}
RESULT: {"using":"xpath","value":"//bdi[text()=\"OK\"]"}
COMMAND: POST /session/989d4e3e3c66b6f7845d3771674e314d/elements - {"using":"xpath","value":"//bdi[text()=\"OK\"]"}
RESULT: {"using":"xpath","value":"//bdi[text()=\"OK\"]"}
COMMAND: POST /session/989d4e3e3c66b6f7845d3771674e314d/elements - {"using":"xpath","value":"//bdi[text()=\"OK\"]"}
RESULT: {"using":"xpath","value":"//bdi[text()=\"OK\"]"}
COMMAND: POST /session/989d4e3e3c66b6f7845d3771674e314d/element - {"using":"xpath","value":"//bdi[text()=\"OK\"]"}
RESULT: {"using":"xpath","value":"//bdi[text()=\"OK\"]"}
COMMAND: POST /session/989d4e3e3c66b6f7845d3771674e314d/elements - {"using":"xpath","value":"//bdi[text()=\"OK\"]"}
RESULT: {"using":"xpath","value":"//bdi[text()=\"OK\"]"}
COMMAND: POST /session/989d4e3e3c66b6f7845d3771674e314d/elements - {"using":"xpath","value":"//bdi[text()=\"OK\"]"}
RESULT: {"using":"xpath","value":"//bdi[text()=\"OK\"]"}
COMMAND: POST /session/989d4e3e3c66b6f7845d3771674e314d/elements - {"using":"xpath","value":"//bdi[text()=\"OK\"]"}
RESULT: {"using":"xpath","value":"//bdi[text()=\"OK\"]"}
COMMAND: POST /session/989d4e3e3c66b6f7845d3771674e314d/elements - {"using":"xpath","value":"//bdi[text()=\"OK\"]"}
RESULT: {"using":"xpath","value":"//bdi[text()=\"OK\"]"}
COMMAND: POST /session/989d4e3e3c66b6f7845d3771674e314d/elements - {"using":"xpath","value":"//bdi[text()=\"OK\"]"}
RESULT: {"using":"xpath","value":"//bdi[text()=\"OK\"]"}
COMMAND: POST /session/989d4e3e3c66b6f7845d3771674e314d/elements - {"using":"xpath","value":"//bdi[text()=\"OK\"]"}
RESULT: {"using":"xpath","value":"//bdi[text()=\"OK\"]"}
COMMAND: POST /session/989d4e3e3c66b6f7845d3771674e314d/elements - {"using":"xpath","value":"//bdi[text()=\"OK\"]"}
RESULT: {"using":"xpath","value":"//bdi[text()=\"OK\"]"}
COMMAND: POST /session/989d4e3e3c66b6f7845d3771674e314d/elements - {"using":"xpath","value":"//bdi[text()=\"OK\"]"}
RESULT: {"using":"xpath","value":"//bdi[text()=\"OK\"]"}
COMMAND: POST /session/989d4e3e3c66b6f7845d3771674e314d/elements - {"using":"xpath","value":"//bdi[text()=\"OK\"]"}
RESULT: {"using":"xpath","value":"//bdi[text()=\"OK\"]"}
COMMAND: POST /session/989d4e3e3c66b6f7845d3771674e314d/elements - {"using":"xpath","value":"//bdi[text()=\"OK\"]"}
RESULT: {"using":"xpath","value":"//bdi[text()=\"OK\"]"}
COMMAND: POST /session/989d4e3e3c66b6f7845d3771674e314d/elements - {"using":"xpath","value":"//bdi[text()=\"OK\"]"}
RESULT: {"using":"xpath","value":"//bdi[text()=\"OK\"]"}
COMMAND: POST /session/989d4e3e3c66b6f7845d3771674e314d/elements - {"using":"xpath","value":"//bdi[text()=\"OK\"]"}
RESULT: {"using":"xpath","value":"//bdi[text()=\"OK\"]"}
COMMAND: POST /session/989d4e3e3c66b6f7845d3771674e314d/elements - {"using":"xpath","value":"//bdi[text()=\"OK\"]"}
RESULT: {"using":"xpath","value":"//bdi[text()=\"OK\"]"}
COMMAND: POST /session/989d4e3e3c66b6f7845d3771674e314d/elements - {"using":"xpath","value":"//bdi[text()=\"OK\"]"}
RESULT: {"using":"xpath","value":"//bdi[text()=\"OK\"]"}
COMMAND: POST /session/989d4e3e3c66b6f7845d3771674e314d/elements - {"using":"xpath","value":"//bdi[text()=\"OK\"]"}
RESULT: {"using":"xpath","value":"//bdi[text()=\"OK\"]"}
COMMAND: POST /session/989d4e3e3c66b6f7845d3771674e314d/elements - {"using":"xpath","value":"//bdi[text()=\"OK\"]"}
RESULT: {"using":"xpath","value":"//bdi[text()=\"OK\"]"}
COMMAND: POST /session/989d4e3e3c66b6f7845d3771674e314d/elements - {"using":"xpath","value":"//bdi[text()=\"OK\"]"}
RESULT: {"using":"xpath","value":"//bdi[text()=\"OK\"]"}
COMMAND: POST /session/989d4e3e3c66b6f7845d3771674e314d/elements - {"using":"xpath","value":"//bdi[text()=\"OK\"]"}
RESULT: {"using":"xpath","value":"//bdi[text()=\"OK\"]"}
COMMAND: POST /session/989d4e3e3c66b6f7845d3771674e314d/elements - {"using":"xpath","value":"//bdi[text()=\"OK\"]"}
RESULT: {"using":"xpath","value":"//bdi[text()=\"OK\"]"}
COMMAND: POST /session/989d4e3e3c66b6f7845d3771674e314d/elements - {"using":"xpath","value":"//bdi[text()=\"OK\"]"}
RESULT: {"using":"xpath","value":"//bdi[text()=\"OK\"]"}
COMMAND: POST /session/989d4e3e3c66b6f7845d3771674e314d/elements - {"using":"xpath","value":"//bdi[text()=\"OK\"]"}
RESULT: {"using":"xpath","value":"//bdi[text()=\"OK\"]"}
COMMAND: POST /session/989d4e3e3c66b6f7845d3771674e314d/elements - {"using":"xpath","value":"//bdi[text()=\"OK\"]"}
RESULT: {"using":"xpath","value":"//bdi[text()=\"OK\"]"}
COMMAND: POST /session/989d4e3e3c66b6f7845d3771674e314d/elements - {"using":"xpath","value":"//bdi[text()=\"OK\"]"}
RESULT: {"using":"xpath","value":"//bdi[text()=\"OK\"]"}
COMMAND: POST /session/989d4e3e3c66b6f7845d3771674e314d/elements - {"using":"xpath","value":"//bdi[text()=\"OK\"]"}
RESULT: {"using":"xpath","value":"//bdi[text()=\"OK\"]"}
COMMAND: POST /session/989d4e3e3c66b6f7845d3771674e314d/elements - {"using":"xpath","value":"//bdi[text()=\"OK\"]"}
RESULT: {"using":"xpath","value":"//bdi[text()=\"OK\"]"}
COMMAND: POST /session/989d4e3e3c66b6f7845d3771674e314d/elements - {"using":"xpath","value":"//bdi[text()=\"OK\"]"}
RESULT: {"using":"xpath","value":"//bdi[text()=\"OK\"]"}
COMMAND: POST /session/989d4e3e3c66b6f7845d3771674e314d/elements - {"using":"xpath","value":"//bdi[text()=\"OK\"]"}
RESULT: {"using":"xpath","value":"//bdi[text()=\"OK\"]"}
COMMAND: POST /session/989d4e3e3c66b6f7845d3771674e314d/elements - {"using":"xpath","value":"//bdi[text()=\"OK\"]"}
RESULT: {"using":"xpath","value":"//bdi[text()=\"OK\"]"}
COMMAND: POST /session/989d4e3e3c66b6f7845d3771674e314d/elements - {"using":"xpath","value":"//bdi[text()=\"OK\"]"}
RESULT: {"using":"xpath","value":"//bdi[text()=\"OK\"]"}
COMMAND: POST /session/989d4e3e3c66b6f7845d3771674e314d/elements - {"using":"xpath","value":"//bdi[text()=\"OK\"]"}
RESULT: {"using":"xpath","value":"//bdi[text()=\"OK\"]"}
COMMAND: POST /session/989d4e3e3c66b6f7845d3771674e314d/elements - {"using":"xpath","value":"//bdi[text()=\"OK\"]"}
RESULT: {"using":"xpath","value":"//bdi[text()=\"OK\"]"}
COMMAND: POST /session/989d4e3e3c66b6f7845d3771674e314d/elements - {"using":"xpath","value":"//bdi[text()=\"OK\"]"}
RESULT: {"using":"xpath","value":"//bdi[text()=\"OK\"]"}
COMMAND: POST /session/989d4e3e3c66b6f7845d3771674e314d/elements - {"using":"xpath","value":"//bdi[text()=\"OK\"]"}
RESULT: {"using":"xpath","value":"//bdi[text()=\"OK\"]"}
COMMAND: POST /session/989d4e3e3c66b6f7845d3771674e314d/elements - {"using":"xpath","value":"//bdi[text()=\"OK\"]"}
RESULT: {"using":"xpath","value":"//bdi[text()=\"OK\"]"}
COMMAND: POST /session/989d4e3e3c66b6f7845d3771674e314d/elements - {"using":"xpath","value":"//bdi[text()=\"OK\"]"}
RESULT: {"using":"xpath","value":"//bdi[text()=\"OK\"]"}
COMMAND: POST /session/989d4e3e3c66b6f7845d3771674e314d/elements - {"using":"xpath","value":"//bdi[text()=\"OK\"]"}
RESULT: {"using":"xpath","value":"//bdi[text()=\"OK\"]"}
COMMAND: POST /session/989d4e3e3c66b6f7845d3771674e314d/elements - {"using":"xpath","value":"//bdi[text()=\"OK\"]"}
RESULT: {"using":"xpath","value":"//bdi[text()=\"OK\"]"}
COMMAND: POST /session/989d4e3e3c66b6f7845d3771674e314d/elements - {"using":"xpath","value":"//bdi[text()=\"OK\"]"}
RESULT: {"using":"xpath","value":"//bdi[text()=\"OK\"]"}
COMMAND: POST /session/989d4e3e3c66b6f7845d3771674e314d/elements - {"using":"xpath","value":"//bdi[text()=\"OK\"]"}
RESULT: {"using":"xpath","value":"//bdi[text()=\"OK\"]"}
COMMAND: POST /session/989d4e3e3c66b6f7845d3771674e314d/elements - {"using":"xpath","value":"//bdi[text()=\"OK\"]"}
RESULT: {"using":"xpath","value":"//bdi[text()=\"OK\"]"}
COMMAND: POST /session/989d4e3e3c66b6f7845d3771674e314d/elements - {"using":"xpath","value":"//bdi[text()=\"OK\"]"}
RESULT: {"using":"xpath","value":"//bdi[text()=\"OK\"]"}
COMMAND: POST /session/989d4e3e3c66b6f7845d3771674e314d/elements - {"using":"xpath","value":"//bdi[text()=\"OK\"]"}
RESULT: {"using":"xpath","value":"//bdi[text()=\"OK\"]"}
COMMAND: POST /session/989d4e3e3c66b6f7845d3771674e314d/elements - {"using":"xpath","value":"//bdi[text()=\"OK\"]"}
RESULT: {"using":"xpath","value":"//bdi[text()=\"OK\"]"}
COMMAND: POST /session/989d4e3e3c66b6f7845d3771674e314d/elements - {"using":"xpath","value":"//bdi[text()=\"OK\"]"}
RESULT: {"using":"xpath","value":"//bdi[text()=\"OK\"]"}
COMMAND: POST /session/989d4e3e3c66b6f7845d3771674e314d/elements - {"using":"xpath","value":"//bdi[text()=\"OK\"]"}
RESULT: {"using":"xpath","value":"//bdi[text()=\"OK\"]"}
COMMAND: POST /session/989d4e3e3c66b6f7845d3771674e314d/elements - {"using":"xpath","value":"//bdi[text()=\"OK\"]"}
RESULT: {"using":"xpath","value":"//bdi[text()=\"OK\"]"}
COMMAND: POST /session/989d4e3e3c66b6f7845d3771674e314d/elements - {"using":"xpath","value":"//bdi[text()=\"OK\"]"}
RESULT: {"using":"xpath","value":"//bdi[text()=\"OK\"]"}
COMMAND: POST /session/989d4e3e3c66b6f7845d3771674e314d/elements - {"using":"xpath","value":"//bdi[text()=\"OK\"]"}
RESULT: {"using":"xpath","value":"//bdi[text()=\"OK\"]"}
COMMAND: POST /session/989d4e3e3c66b6f7845d3771674e314d/elements - {"using":"xpath","value":"//bdi[text()=\"OK\"]"}
RESULT: {"using":"xpath","value":"//bdi[text()=\"OK\"]"}
COMMAND: POST /session/989d4e3e3c66b6f7845d3771674e314d/elements - {"using":"xpath","value":"//bdi[text()=\"OK\"]"}
RESULT: {"using":"xpath","value":"//bdi[text()=\"OK\"]"}
COMMAND: POST /session/989d4e3e3c66b6f7845d3771674e314d/elements - {"using":"xpath","value":"//bdi[text()=\"OK\"]"}
RESULT: {"using":"xpath","value":"//bdi[text()=\"OK\"]"}
COMMAND: POST /session/989d4e3e3c66b6f7845d3771674e314d/elements - {"using":"xpath","value":"//bdi[text()=\"OK\"]"}
RESULT: {"using":"xpath","value":"//bdi[text()=\"OK\"]"}
COMMAND: POST /session/989d4e3e3c66b6f7845d3771674e314d/elements - {"using":"xpath","value":"//bdi[text()=\"OK\"]"}
RESULT: {"using":"xpath","value":"//bdi[text()=\"OK\"]"}
COMMAND: POST /session/989d4e3e3c66b6f7845d3771674e314d/elements - {"using":"xpath","value":"//bdi[text()=\"OK\"]"}
RESULT: {"using":"xpath","value":"//bdi[text()=\"OK\"]"}
COMMAND: POST /session/989d4e3e3c66b6f7845d3771674e314d/elements - {"using":"xpath","value":"//bdi[text()=\"OK\"]"}
RESULT: {"using":"xpath","value":"//bdi[text()=\"OK\"]"}
COMMAND: POST /session/989d4e3e3c66b6f7845d3771674e314d/elements - {"using":"xpath","value":"//bdi[text()=\"OK\"]"}
RESULT: {"using":"xpath","value":"//bdi[text()=\"OK\"]"}
COMMAND: POST /session/989d4e3e3c66b6f7845d3771674e314d/elements - {"using":"xpath","value":"//bdi[text()=\"OK\"]"}
RESULT: {"using":"xpath","value":"//bdi[text()=\"OK\"]"}
COMMAND: POST /session/989d4e3e3c66b6f7845d3771674e314d/elements - {"using":"xpath","value":"//bdi[text()=\"OK\"]"}
RESULT: {"using":"xpath","value":"//bdi[text()=\"OK\"]"}
COMMAND: POST /session/989d4e3e3c66b6f7845d3771674e314d/elements - {"using":"xpath","value":"//bdi[text()=\"OK\"]"}
RESULT: {"using":"xpath","value":"//bdi[text()=\"OK\"]"}
COMMAND: POST /session/989d4e3e3c66b6f7845d3771674e314d/elements - {"using":"xpath","value":"//bdi[text()=\"OK\"]"}
RESULT: {"using":"xpath","value":"//bdi[text()=\"OK\"]"}
COMMAND: POST /session/989d4e3e3c66b6f7845d3771674e314d/elements - {"using":"xpath","value":"//bdi[text()=\"OK\"]"}
RESULT: {"using":"xpath","value":"//bdi[text()=\"OK\"]"}
COMMAND: POST /session/989d4e3e3c66b6f7845d3771674e314d/elements - {"using":"xpath","value":"//bdi[text()=\"OK\"]"}
RESULT: {"using":"xpath","value":"//bdi[text()=\"OK\"]"}
COMMAND: POST /session/989d4e3e3c66b6f7845d3771674e314d/elements - {"using":"xpath","value":"//bdi[text()=\"OK\"]"}
RESULT: {"using":"xpath","value":"//bdi[text()=\"OK\"]"}
COMMAND: POST /session/989d4e3e3c66b6f7845d3771674e314d/elements - {"using":"xpath","value":"//bdi[text()=\"OK\"]"}
RESULT: {"using":"xpath","value":"//bdi[text()=\"OK\"]"}
COMMAND: POST /session/989d4e3e3c66b6f7845d3771674e314d/elements - {"using":"xpath","value":"//bdi[text()=\"OK\"]"}
RESULT: {"using":"xpath","value":"//bdi[text()=\"OK\"]"}
COMMAND: POST /session/989d4e3e3c66b6f7845d3771674e314d/elements - {"using":"xpath","value":"//bdi[text()=\"OK\"]"}
RESULT: {"using":"xpath","value":"//bdi[text()=\"OK\"]"}
COMMAND: POST /session/989d4e3e3c66b6f7845d3771674e314d/elements - {"using":"xpath","value":"//bdi[text()=\"OK\"]"}
RESULT: {"using":"xpath","value":"//bdi[text()=\"OK\"]"}
COMMAND: POST /session/989d4e3e3c66b6f7845d3771674e314d/elements - {"using":"xpath","value":"//bdi[text()=\"OK\"]"}
RESULT: {"using":"xpath","value":"//bdi[text()=\"OK\"]"}
COMMAND: POST /session/989d4e3e3c66b6f7845d3771674e314d/elements - {"using":"xpath","value":"//bdi[text()=\"OK\"]"}
RESULT: {"using":"xpath","value":"//bdi[text()=\"OK\"]"}
COMMAND: POST /session/989d4e3e3c66b6f7845d3771674e314d/elements - {"using":"xpath","value":"//bdi[text()=\"OK\"]"}
RESULT: {"using":"xpath","value":"//bdi[text()=\"OK\"]"}
COMMAND: POST /session/989d4e3e3c66b6f7845d3771674e314d/elements - {"using":"xpath","value":"//bdi[text()=\"OK\"]"}
RESULT: {"using":"xpath","value":"//bdi[text()=\"OK\"]"}
COMMAND: POST /session/989d4e3e3c66b6f7845d3771674e314d/elements - {"using":"xpath","value":"//bdi[text()=\"OK\"]"}
RESULT: {"using":"xpath","value":"//bdi[text()=\"OK\"]"}
COMMAND: POST /session/989d4e3e3c66b6f7845d3771674e314d/elements - {"using":"xpath","value":"//bdi[text()=\"OK\"]"}
RESULT: {"using":"xpath","value":"//bdi[text()=\"OK\"]"}
COMMAND: POST /session/989d4e3e3c66b6f7845d3771674e314d/elements - {"using":"xpath","value":"//bdi[text()=\"OK\"]"}
RESULT: {"using":"xpath","value":"//bdi[text()=\"OK\"]"}
COMMAND: POST /session/989d4e3e3c66b6f7845d3771674e314d/elements - {"using":"xpath","value":"//bdi[text()=\"OK\"]"}
RESULT: {"using":"xpath","value":"//bdi[text()=\"OK\"]"}
COMMAND: POST /session/989d4e3e3c66b6f7845d3771674e314d/elements - {"using":"xpath","value":"//bdi[text()=\"OK\"]"}
RESULT: {"using":"xpath","value":"//bdi[text()=\"OK\"]"}
COMMAND: POST /session/989d4e3e3c66b6f7845d3771674e314d/elements - {"using":"xpath","value":"//bdi[text()=\"OK\"]"}
RESULT: {"using":"xpath","value":"//bdi[text()=\"OK\"]"}
COMMAND: POST /session/989d4e3e3c66b6f7845d3771674e314d/elements - {"using":"xpath","value":"//bdi[text()=\"OK\"]"}
RESULT: {"using":"xpath","value":"//bdi[text()=\"OK\"]"}
COMMAND: POST /session/989d4e3e3c66b6f7845d3771674e314d/elements - {"using":"xpath","value":"//bdi[text()=\"OK\"]"}
RESULT: {"using":"xpath","value":"//bdi[text()=\"OK\"]"}
COMMAND: POST /session/989d4e3e3c66b6f7845d3771674e314d/elements - {"using":"xpath","value":"//bdi[text()=\"OK\"]"}
RESULT: {"using":"xpath","value":"//bdi[text()=\"OK\"]"}
COMMAND: POST /session/989d4e3e3c66b6f7845d3771674e314d/elements - {"using":"xpath","value":"//bdi[text()=\"OK\"]"}
RESULT: {"using":"xpath","value":"//bdi[text()=\"OK\"]"}
COMMAND: POST /session/989d4e3e3c66b6f7845d3771674e314d/elements - {"using":"xpath","value":"//bdi[text()=\"OK\"]"}
RESULT: {"using":"xpath","value":"//bdi[text()=\"OK\"]"}
COMMAND: POST /session/989d4e3e3c66b6f7845d3771674e314d/elements - {"using":"xpath","value":"//bdi[text()=\"OK\"]"}
RESULT: {"using":"xpath","value":"//bdi[text()=\"OK\"]"}
COMMAND: POST /session/989d4e3e3c66b6f7845d3771674e314d/elements - {"using":"xpath","value":"//bdi[text()=\"OK\"]"}
RESULT: {"using":"xpath","value":"//bdi[text()=\"OK\"]"}
COMMAND: POST /session/989d4e3e3c66b6f7845d3771674e314d/elements - {"using":"xpath","value":"//bdi[text()=\"OK\"]"}
RESULT: {"using":"xpath","value":"//bdi[text()=\"OK\"]"}
COMMAND: POST /session/989d4e3e3c66b6f7845d3771674e314d/elements - {"using":"xpath","value":"//bdi[text()=\"OK\"]"}
RESULT: {"using":"xpath","value":"//bdi[text()=\"OK\"]"}
COMMAND: POST /session/989d4e3e3c66b6f7845d3771674e314d/elements - {"using":"xpath","value":"//bdi[text()=\"OK\"]"}
RESULT: {"using":"xpath","value":"//bdi[text()=\"OK\"]"}
COMMAND: POST /session/989d4e3e3c66b6f7845d3771674e314d/elements - {"using":"xpath","value":"//bdi[text()=\"OK\"]"}
RESULT: {"using":"xpath","value":"//bdi[text()=\"OK\"]"}
COMMAND: POST /session/989d4e3e3c66b6f7845d3771674e314d/elements - {"using":"xpath","value":"//bdi[text()=\"OK\"]"}
RESULT: {"using":"xpath","value":"//bdi[text()=\"OK\"]"}
COMMAND: POST /session/989d4e3e3c66b6f7845d3771674e314d/elements - {"using":"xpath","value":"//bdi[text()=\"OK\"]"}
RESULT: {"using":"xpath","value":"//bdi[text()=\"OK\"]"}
COMMAND: POST /session/989d4e3e3c66b6f7845d3771674e314d/elements - {"using":"xpath","value":"//bdi[text()=\"OK\"]"}
RESULT: {"using":"xpath","value":"//bdi[text()=\"OK\"]"}
COMMAND: POST /session/989d4e3e3c66b6f7845d3771674e314d/elements - {"using":"xpath","value":"//bdi[text()=\"OK\"]"}
RESULT: {"using":"xpath","value":"//bdi[text()=\"OK\"]"}
COMMAND: POST /session/989d4e3e3c66b6f7845d3771674e314d/elements - {"using":"xpath","value":"//bdi[text()=\"OK\"]"}
RESULT: {"using":"xpath","value":"//bdi[text()=\"OK\"]"}
COMMAND: POST /session/989d4e3e3c66b6f7845d3771674e314d/elements - {"using":"xpath","value":"//bdi[text()=\"OK\"]"}
RESULT: {"using":"xpath","value":"//bdi[text()=\"OK\"]"}
COMMAND: POST /session/989d4e3e3c66b6f7845d3771674e314d/elements - {"using":"xpath","value":"//bdi[text()=\"OK\"]"}
RESULT: {"using":"xpath","value":"//bdi[text()=\"OK\"]"}
COMMAND: POST /session/989d4e3e3c66b6f7845d3771674e314d/elements - {"using":"xpath","value":"//bdi[text()=\"OK\"]"}
RESULT: {"using":"xpath","value":"//bdi[text()=\"OK\"]"}
COMMAND: POST /session/989d4e3e3c66b6f7845d3771674e314d/elements - {"using":"xpath","value":"//bdi[text()=\"OK\"]"}
RESULT: {"using":"xpath","value":"//bdi[text()=\"OK\"]"}
COMMAND: POST /session/989d4e3e3c66b6f7845d3771674e314d/elements - {"using":"xpath","value":"//bdi[text()=\"OK\"]"}
RESULT: {"using":"xpath","value":"//bdi[text()=\"OK\"]"}
COMMAND: POST /session/989d4e3e3c66b6f7845d3771674e314d/elements - {"using":"xpath","value":"//bdi[text()=\"OK\"]"}
RESULT: {"using":"xpath","value":"//bdi[text()=\"OK\"]"}
COMMAND: POST /session/989d4e3e3c66b6f7845d3771674e314d/elements - {"using":"xpath","value":"//bdi[text()=\"OK\"]"}
RESULT: {"using":"xpath","value":"//bdi[text()=\"OK\"]"}
COMMAND: POST /session/989d4e3e3c66b6f7845d3771674e314d/elements - {"using":"xpath","value":"//bdi[text()=\"OK\"]"}
RESULT: {"using":"xpath","value":"//bdi[text()=\"OK\"]"}
COMMAND: POST /session/989d4e3e3c66b6f7845d3771674e314d/elements - {"using":"xpath","value":"//bdi[text()=\"OK\"]"}
RESULT: {"using":"xpath","value":"//bdi[text()=\"OK\"]"}
COMMAND: POST /session/989d4e3e3c66b6f7845d3771674e314d/elements - {"using":"xpath","value":"//bdi[text()=\"OK\"]"}
RESULT: {"using":"xpath","value":"//bdi[text()=\"OK\"]"}
COMMAND: POST /session/989d4e3e3c66b6f7845d3771674e314d/elements - {"using":"xpath","value":"//bdi[text()=\"OK\"]"}
RESULT: {"using":"xpath","value":"//bdi[text()=\"OK\"]"}
COMMAND: POST /session/989d4e3e3c66b6f7845d3771674e314d/elements - {"using":"xpath","value":"//bdi[text()=\"OK\"]"}
RESULT: {"using":"xpath","value":"//bdi[text()=\"OK\"]"}
COMMAND: POST /session/989d4e3e3c66b6f7845d3771674e314d/elements - {"using":"xpath","value":"//bdi[text()=\"OK\"]"}
RESULT: {"using":"xpath","value":"//bdi[text()=\"OK\"]"}
COMMAND: POST /session/989d4e3e3c66b6f7845d3771674e314d/elements - {"using":"xpath","value":"//bdi[text()=\"OK\"]"}
RESULT: {"using":"xpath","value":"//bdi[text()=\"OK\"]"}
COMMAND: POST /session/989d4e3e3c66b6f7845d3771674e314d/elements - {"using":"xpath","value":"//bdi[text()=\"OK\"]"}
RESULT: {"using":"xpath","value":"//bdi[text()=\"OK\"]"}
COMMAND: POST /session/989d4e3e3c66b6f7845d3771674e314d/elements - {"using":"xpath","value":"//bdi[text()=\"OK\"]"}
RESULT: {"using":"xpath","value":"//bdi[text()=\"OK\"]"}
COMMAND: POST /session/989d4e3e3c66b6f7845d3771674e314d/elements - {"using":"xpath","value":"//bdi[text()=\"OK\"]"}
RESULT: {"using":"xpath","value":"//bdi[text()=\"OK\"]"}
COMMAND: POST /session/989d4e3e3c66b6f7845d3771674e314d/elements - {"using":"xpath","value":"//bdi[text()=\"OK\"]"}
RESULT: {"using":"xpath","value":"//bdi[text()=\"OK\"]"}
COMMAND: POST /session/989d4e3e3c66b6f7845d3771674e314d/elements - {"using":"xpath","value":"//bdi[text()=\"OK\"]"}
RESULT: {"using":"xpath","value":"//bdi[text()=\"OK\"]"}
COMMAND: POST /session/989d4e3e3c66b6f7845d3771674e314d/elements - {"using":"xpath","value":"//bdi[text()=\"OK\"]"}
RESULT: {"using":"xpath","value":"//bdi[text()=\"OK\"]"}
COMMAND: POST /session/989d4e3e3c66b6f7845d3771674e314d/elements - {"using":"xpath","value":"//bdi[text()=\"OK\"]"}
RESULT: {"using":"xpath","value":"//bdi[text()=\"OK\"]"}
COMMAND: POST /session/989d4e3e3c66b6f7845d3771674e314d/elements - {"using":"xpath","value":"//bdi[text()=\"OK\"]"}
RESULT: {"using":"xpath","value":"//bdi[text()=\"OK\"]"}
COMMAND: POST /session/989d4e3e3c66b6f7845d3771674e314d/elements - {"using":"xpath","value":"//bdi[text()=\"OK\"]"}
RESULT: {"using":"xpath","value":"//bdi[text()=\"OK\"]"}
COMMAND: POST /session/989d4e3e3c66b6f7845d3771674e314d/elements - {"using":"xpath","value":"//bdi[text()=\"OK\"]"}
RESULT: {"using":"xpath","value":"//bdi[text()=\"OK\"]"}
COMMAND: POST /session/989d4e3e3c66b6f7845d3771674e314d/elements - {"using":"xpath","value":"//bdi[text()=\"OK\"]"}
RESULT: {"using":"xpath","value":"//bdi[text()=\"OK\"]"}
COMMAND: POST /session/989d4e3e3c66b6f7845d3771674e314d/elements - {"using":"xpath","value":"//bdi[text()=\"OK\"]"}
RESULT: {"using":"xpath","value":"//bdi[text()=\"OK\"]"}
COMMAND: POST /session/989d4e3e3c66b6f7845d3771674e314d/elements - {"using":"xpath","value":"//bdi[text()=\"OK\"]"}
RESULT: {"using":"xpath","value":"//bdi[text()=\"OK\"]"}
COMMAND: POST /session/989d4e3e3c66b6f7845d3771674e314d/elements - {"using":"xpath","value":"//bdi[text()=\"OK\"]"}
RESULT: {"using":"xpath","value":"//bdi[text()=\"OK\"]"}
COMMAND: POST /session/989d4e3e3c66b6f7845d3771674e314d/execute/async - {"script":"<script> [1562 bytes]","args":[{"selector":{"id":"application-manageresources-display-component---newResourceUnit--TYPE-arrow"},"wdio_ui5_key":"applicationmanageresources-display-component---newResourceUnit--TYPE-arrow"}]}
RESULT: {"script":"<script> [1562 bytes]","args":[{"selector":{"id":"application-manageresources-display-component---newResourceUnit--TYPE-arrow"},"wdio_ui5_key":"applicationmanageresources-display-component---newResourceUnit--TYPE-arrow"}]}
RESULT: undefined
COMMAND: POST /session/989d4e3e3c66b6f7845d3771674e314d/element - {"using":"xpath","value":"//*[@id=\"application-manageresources-display-component---newResourceUnit--TYPE-arrow\"]"}
RESULT: {"using":"xpath","value":"//*[@id=\"application-manageresources-display-component---newResourceUnit--TYPE-arrow\"]"}
COMMAND: POST /session/989d4e3e3c66b6f7845d3771674e314d/element/f.5281968FC682DAF02FAC5F987076CB5D.d.D1BDDA4250E9DB4BBCB60CD306D481F9.e.7193/click - {}
RESULT: {}
COMMAND: POST /session/989d4e3e3c66b6f7845d3771674e314d/execute/async - {"script":"<script> [1562 bytes]","args":[{"selector":{"controlType":"sap.m.StandardListItem","viewName":"reusables.view.manageresources.NewResourceUnit","viewId":"application-manageresources-display-component---newResourceUnit","properties":{"title":"Equipment"},"searchOpenDialogs":true,"interaction":{"idSuffix":"content"}},"wdio_ui5_key":"reusablesview.manageresources.NewResourceUnitsap.m.StandardListItem{\"title\":\"Equipment\"}"}]}
COMMAND: GET /session/989d4e3e3c66b6f7845d3771674e314d/screenshot - {}
RESULT: {"script":"<script> [1562 bytes]","args":[{"selector":{"controlType":"sap.m.StandardListItem","viewName":"reusables.view.manageresources.NewResourceUnit","viewId":"application-manageresources-display-component---newResourceUnit","properties":{"title":"Equipment"},"searchOpenDialogs":true,"interaction":{"idSuffix":"content"}},"wdio_ui5_key":"reusablesview.manageresources.NewResourceUnitsap.m.StandardListItem{\"title\":\"Equipment\"}"}]}
RESULT: undefined
COMMAND: POST /session/989d4e3e3c66b6f7845d3771674e314d/element - {"using":"xpath","value":"//*[@id=\"__item139\"]"}
RESULT: {}
RESULT: {"using":"xpath","value":"//*[@id=\"__item139\"]"}
COMMAND: POST /session/989d4e3e3c66b6f7845d3771674e314d/element/f.5281968FC682DAF02FAC5F987076CB5D.d.D1BDDA4250E9DB4BBCB60CD306D481F9.e.7196/click - {}
RESULT: {}
COMMAND: POST /session/989d4e3e3c66b6f7845d3771674e314d/execute/async - {"script":"<script> [1562 bytes]","args":[{"selector":{"id":"application-manageresources-display-component---newResourceUnit--resourceId","interaction":{"idSuffix":"inner"}},"wdio_ui5_key":"applicationmanageresources-display-component---newResourceUnit--resourceId"}]}
COMMAND: GET /session/989d4e3e3c66b6f7845d3771674e314d/screenshot - {}
RESULT: {"script":"<script> [1562 bytes]","args":[{"selector":{"id":"application-manageresources-display-component---newResourceUnit--resourceId","interaction":{"idSuffix":"inner"}},"wdio_ui5_key":"applicationmanageresources-display-component---newResourceUnit--resourceId"}]}
RESULT: undefined
COMMAND: POST /session/989d4e3e3c66b6f7845d3771674e314d/execute/async - {"script":"<script> [776 bytes]","args":[{"enterText":"EquipmentCounter 2qeto","selector":{"id":"application-manageresources-display-component---newResourceUnit--resourceId","interaction":{"idSuffix":"inner"}},"clearTextFirst":true,"interactionType":"ENTER_TEXT"}]}
RESULT: {}
RESULT: {"script":"<script> [776 bytes]","args":[{"enterText":"EquipmentCounter 2qeto","selector":{"id":"application-manageresources-display-component---newResourceUnit--resourceId","interaction":{"idSuffix":"inner"}},"clearTextFirst":true,"interactionType":"ENTER_TEXT"}]}
COMMAND: POST /session/989d4e3e3c66b6f7845d3771674e314d/execute/async - {"script":"<script> [1562 bytes]","args":[{"selector":{"id":"application-manageresources-display-component---newResourceUnit--SHORT_TEXT","interaction":{"idSuffix":"inner"}},"wdio_ui5_key":"applicationmanageresources-display-component---newResourceUnit--SHORT_TEXT"}]}
RESULT: {"script":"<script> [1562 bytes]","args":[{"selector":{"id":"application-manageresources-display-component---newResourceUnit--SHORT_TEXT","interaction":{"idSuffix":"inner"}},"wdio_ui5_key":"applicationmanageresources-display-component---newResourceUnit--SHORT_TEXT"}]}
RESULT: undefined
COMMAND: POST /session/989d4e3e3c66b6f7845d3771674e314d/execute/async - {"script":"<script> [776 bytes]","args":[{"enterText":"EquipmentCounter 2qeto","selector":{"id":"application-manageresources-display-component---newResourceUnit--SHORT_TEXT","interaction":{"idSuffix":"inner"}},"clearTextFirst":true,"interactionType":"ENTER_TEXT"}]}
RESULT: {"script":"<script> [776 bytes]","args":[{"enterText":"EquipmentCounter 2qeto","selector":{"id":"application-manageresources-display-component---newResourceUnit--SHORT_TEXT","interaction":{"idSuffix":"inner"}},"clearTextFirst":true,"interactionType":"ENTER_TEXT"}]}
COMMAND: POST /session/989d4e3e3c66b6f7845d3771674e314d/execute/async - {"script":"<script> [1562 bytes]","args":[{"selector":{"id":"application-manageresources-display-component---newResourceUnit--BASE_UNIT_OF_MEASURE","interaction":{"idSuffix":"inner"}},"wdio_ui5_key":"applicationmanageresources-display-component---newResourceUnit--BASE_UNIT_OF_MEASURE"}]}
RESULT: {"script":"<script> [1562 bytes]","args":[{"selector":{"id":"application-manageresources-display-component---newResourceUnit--BASE_UNIT_OF_MEASURE","interaction":{"idSuffix":"inner"}},"wdio_ui5_key":"applicationmanageresources-display-component---newResourceUnit--BASE_UNIT_OF_MEASURE"}]}
RESULT: undefined
COMMAND: POST /session/989d4e3e3c66b6f7845d3771674e314d/execute/async - {"script":"<script> [776 bytes]","args":[{"enterText":"Piece","selector":{"id":"application-manageresources-display-component---newResourceUnit--BASE_UNIT_OF_MEASURE","interaction":{"idSuffix":"inner"}},"clearTextFirst":true,"interactionType":"ENTER_TEXT"}]}
RESULT: {"script":"<script> [776 bytes]","args":[{"enterText":"Piece","selector":{"id":"application-manageresources-display-component---newResourceUnit--BASE_UNIT_OF_MEASURE","interaction":{"idSuffix":"inner"}},"clearTextFirst":true,"interactionType":"ENTER_TEXT"}]}
COMMAND: POST /session/989d4e3e3c66b6f7845d3771674e314d/execute/async - {"script":"<script> [1562 bytes]","args":[{"selector":{"id":"application-manageresources-display-component---newResourceUnit--WEIGHT_UNIT","interaction":{"idSuffix":"inner"}},"wdio_ui5_key":"applicationmanageresources-display-component---newResourceUnit--WEIGHT_UNIT"}]}
RESULT: {"script":"<script> [1562 bytes]","args":[{"selector":{"id":"application-manageresources-display-component---newResourceUnit--WEIGHT_UNIT","interaction":{"idSuffix":"inner"}},"wdio_ui5_key":"applicationmanageresources-display-component---newResourceUnit--WEIGHT_UNIT"}]}
RESULT: undefined
COMMAND: POST /session/989d4e3e3c66b6f7845d3771674e314d/execute/async - {"script":"<script> [776 bytes]","args":[{"enterText":"Gram","selector":{"id":"application-manageresources-display-component---newResourceUnit--WEIGHT_UNIT","interaction":{"idSuffix":"inner"}},"clearTextFirst":true,"interactionType":"ENTER_TEXT"}]}
RESULT: {"script":"<script> [776 bytes]","args":[{"enterText":"Gram","selector":{"id":"application-manageresources-display-component---newResourceUnit--WEIGHT_UNIT","interaction":{"idSuffix":"inner"}},"clearTextFirst":true,"interactionType":"ENTER_TEXT"}]}
COMMAND: POST /session/989d4e3e3c66b6f7845d3771674e314d/execute/async - {"script":"<script> [1562 bytes]","args":[{"selector":{"id":"application-manageresources-display-component---newResourceUnit--newRRUPage-OPHeaderContent-collapseBtn-img"},"wdio_ui5_key":"applicationmanageresources-display-component---newResourceUnit--newRRUPage-OPHeaderContent-collapseBtn-img"}]}
RESULT: {"script":"<script> [1562 bytes]","args":[{"selector":{"id":"application-manageresources-display-component---newResourceUnit--newRRUPage-OPHeaderContent-collapseBtn-img"},"wdio_ui5_key":"applicationmanageresources-display-component---newResourceUnit--newRRUPage-OPHeaderContent-collapseBtn-img"}]}
RESULT: undefined
COMMAND: POST /session/989d4e3e3c66b6f7845d3771674e314d/element - {"using":"xpath","value":"//*[@id=\"application-manageresources-display-component---newResourceUnit--newRRUPage-OPHeaderContent-collapseBtn-img\"]"}
RESULT: {"using":"xpath","value":"//*[@id=\"application-manageresources-display-component---newResourceUnit--newRRUPage-OPHeaderContent-collapseBtn-img\"]"}
COMMAND: POST /session/989d4e3e3c66b6f7845d3771674e314d/element/f.5281968FC682DAF02FAC5F987076CB5D.d.D1BDDA4250E9DB4BBCB60CD306D481F9.e.7205/click - {}
RESULT: {}
COMMAND: GET /session/989d4e3e3c66b6f7845d3771674e314d/screenshot - {}
RESULT: {}
COMMAND: POST /session/989d4e3e3c66b6f7845d3771674e314d/element - {"using":"xpath","value":"(//span[contains(@id ,\"application-manageresources-display-component---newResourceUnit--DIMENSION_UNIT-arrow\")])[1]"}
RESULT: {"using":"xpath","value":"(//span[contains(@id ,\"application-manageresources-display-component---newResourceUnit--DIMENSION_UNIT-arrow\")])[1]"}
COMMAND: POST /session/989d4e3e3c66b6f7845d3771674e314d/element/f.5281968FC682DAF02FAC5F987076CB5D.d.D1BDDA4250E9DB4BBCB60CD306D481F9.e.7327/click - {}
RESULT: {}
COMMAND: GET /session/989d4e3e3c66b6f7845d3771674e314d/screenshot - {}
RESULT: {}
COMMAND: POST /session/989d4e3e3c66b6f7845d3771674e314d/execute/async - {"script":"<script> [1562 bytes]","args":[{"selector":{"controlType":"sap.m.StandardListItem","viewName":"reusables.view.manageresources.NewResourceUnit","viewId":"application-manageresources-display-component---newResourceUnit","properties":{"title":"Centimeter"},"searchOpenDialogs":true,"interaction":{"idSuffix":"titleText"}},"wdio_ui5_key":"reusablesview.manageresources.NewResourceUnitsap.m.StandardListItem{\"title\":\"Centimeter\"}"}]}
RESULT: {"script":"<script> [1562 bytes]","args":[{"selector":{"controlType":"sap.m.StandardListItem","viewName":"reusables.view.manageresources.NewResourceUnit","viewId":"application-manageresources-display-component---newResourceUnit","properties":{"title":"Centimeter"},"searchOpenDialogs":true,"interaction":{"idSuffix":"titleText"}},"wdio_ui5_key":"reusablesview.manageresources.NewResourceUnitsap.m.StandardListItem{\"title\":\"Centimeter\"}"}]}
RESULT: undefined
COMMAND: POST /session/989d4e3e3c66b6f7845d3771674e314d/element - {"using":"xpath","value":"//*[@id=\"__item182\"]"}
RESULT: {"using":"xpath","value":"//*[@id=\"__item182\"]"}
COMMAND: POST /session/989d4e3e3c66b6f7845d3771674e314d/element/f.5281968FC682DAF02FAC5F987076CB5D.d.D1BDDA4250E9DB4BBCB60CD306D481F9.e.7331/click - {}
RESULT: {}
COMMAND: GET /session/989d4e3e3c66b6f7845d3771674e314d/screenshot - {}
RESULT: {}
COMMAND: POST /session/989d4e3e3c66b6f7845d3771674e314d/execute/async - {"script":"<script> [1562 bytes]","args":[{"selector":{"id":"application-manageresources-display-component---newResourceUnit--newRRUPage-anchBar-application-manageresources-display-component---newResourceUnit--control-anchor","interaction":{"idSuffix":"BDI-content"}},"wdio_ui5_key":"applicationmanageresources-display-component---newResourceUnit--newRRUPage-anchBar-application-manageresources-display-component---newResourceUnit--control-anchor"}]}
RESULT: {"script":"<script> [1562 bytes]","args":[{"selector":{"id":"application-manageresources-display-component---newResourceUnit--newRRUPage-anchBar-application-manageresources-display-component---newResourceUnit--control-anchor","interaction":{"idSuffix":"BDI-content"}},"wdio_ui5_key":"applicationmanageresources-display-component---newResourceUnit--newRRUPage-anchBar-application-manageresources-display-component---newResourceUnit--control-anchor"}]}
RESULT: undefined
COMMAND: POST /session/989d4e3e3c66b6f7845d3771674e314d/element - {"using":"xpath","value":"//*[@id=\"application-manageresources-display-component---newResourceUnit--newRRUPage-anchBar-application-manageresources-display-component---newResourceUnit--control-anchor\"]"}
RESULT: {"using":"xpath","value":"//*[@id=\"application-manageresources-display-component---newResourceUnit--newRRUPage-anchBar-application-manageresources-display-component---newResourceUnit--control-anchor\"]"}
COMMAND: POST /session/989d4e3e3c66b6f7845d3771674e314d/element/f.5281968FC682DAF02FAC5F987076CB5D.d.D1BDDA4250E9DB4BBCB60CD306D481F9.e.7333/click - {}
RESULT: {}
COMMAND: POST /session/989d4e3e3c66b6f7845d3771674e314d/execute/async - {"script":"<script> [1562 bytes]","args":[{"selector":{"id":"application-manageresources-display-component---newResourceUnit--PLANNING_GROUP","interaction":{"idSuffix":"inner"}},"wdio_ui5_key":"applicationmanageresources-display-component---newResourceUnit--PLANNING_GROUP"}]}
COMMAND: GET /session/989d4e3e3c66b6f7845d3771674e314d/screenshot - {}
RESULT: {"script":"<script> [1562 bytes]","args":[{"selector":{"id":"application-manageresources-display-component---newResourceUnit--PLANNING_GROUP","interaction":{"idSuffix":"inner"}},"wdio_ui5_key":"applicationmanageresources-display-component---newResourceUnit--PLANNING_GROUP"}]}
RESULT: undefined
COMMAND: POST /session/989d4e3e3c66b6f7845d3771674e314d/execute/async - {"script":"<script> [776 bytes]","args":[{"enterText":"Heavy Equi","selector":{"id":"application-manageresources-display-component---newResourceUnit--PLANNING_GROUP","interaction":{"idSuffix":"inner"}},"clearTextFirst":true,"interactionType":"ENTER_TEXT"}]}
RESULT: {}
RESULT: {"script":"<script> [776 bytes]","args":[{"enterText":"Heavy Equi","selector":{"id":"application-manageresources-display-component---newResourceUnit--PLANNING_GROUP","interaction":{"idSuffix":"inner"}},"clearTextFirst":true,"interactionType":"ENTER_TEXT"}]}
COMMAND: POST /session/989d4e3e3c66b6f7845d3771674e314d/execute/async - {"script":"<script> [1562 bytes]","args":[{"selector":{"id":"application-manageresources-display-component---newResourceUnit--ITEM_TYPE-arrow"},"wdio_ui5_key":"applicationmanageresources-display-component---newResourceUnit--ITEM_TYPE-arrow"}]}
RESULT: {"script":"<script> [1562 bytes]","args":[{"selector":{"id":"application-manageresources-display-component---newResourceUnit--ITEM_TYPE-arrow"},"wdio_ui5_key":"applicationmanageresources-display-component---newResourceUnit--ITEM_TYPE-arrow"}]}
RESULT: undefined
COMMAND: POST /session/989d4e3e3c66b6f7845d3771674e314d/element - {"using":"xpath","value":"//*[@id=\"application-manageresources-display-component---newResourceUnit--ITEM_TYPE-arrow\"]"}
RESULT: {"using":"xpath","value":"//*[@id=\"application-manageresources-display-component---newResourceUnit--ITEM_TYPE-arrow\"]"}
COMMAND: POST /session/989d4e3e3c66b6f7845d3771674e314d/element/f.5281968FC682DAF02FAC5F987076CB5D.d.D1BDDA4250E9DB4BBCB60CD306D481F9.e.7340/click - {}
RESULT: {}
COMMAND: POST /session/989d4e3e3c66b6f7845d3771674e314d/execute/async - {"script":"<script> [1562 bytes]","args":[{"selector":{"controlType":"sap.m.StandardListItem","viewName":"reusables.view.manageresources.NewResourceUnit","viewId":"application-manageresources-display-component---newResourceUnit","properties":{"title":"Resource Unit"},"searchOpenDialogs":true,"interaction":{"idSuffix":"titleText"}},"wdio_ui5_key":"reusablesview.manageresources.NewResourceUnitsap.m.StandardListItem{\"title\":\"Resource Unit\"}"}]}
COMMAND: GET /session/989d4e3e3c66b6f7845d3771674e314d/screenshot - {}
RESULT: {"script":"<script> [1562 bytes]","args":[{"selector":{"controlType":"sap.m.StandardListItem","viewName":"reusables.view.manageresources.NewResourceUnit","viewId":"application-manageresources-display-component---newResourceUnit","properties":{"title":"Resource Unit"},"searchOpenDialogs":true,"interaction":{"idSuffix":"titleText"}},"wdio_ui5_key":"reusablesview.manageresources.NewResourceUnitsap.m.StandardListItem{\"title\":\"Resource Unit\"}"}]}
RESULT: undefined
COMMAND: POST /session/989d4e3e3c66b6f7845d3771674e314d/element - {"using":"xpath","value":"//*[@id=\"__item204\"]"}
RESULT: {}
RESULT: {"using":"xpath","value":"//*[@id=\"__item204\"]"}
COMMAND: POST /session/989d4e3e3c66b6f7845d3771674e314d/element/f.5281968FC682DAF02FAC5F987076CB5D.d.D1BDDA4250E9DB4BBCB60CD306D481F9.e.7342/click - {}
RESULT: {}
COMMAND: POST /session/989d4e3e3c66b6f7845d3771674e314d/element - {"using":"xpath","value":"//bdi[contains(text(), \"Time Segment\")]"}
COMMAND: GET /session/989d4e3e3c66b6f7845d3771674e314d/screenshot - {}
RESULT: {"using":"xpath","value":"//bdi[contains(text(), \"Time Segment\")]"}
COMMAND: GET /session/989d4e3e3c66b6f7845d3771674e314d/element/f.5281968FC682DAF02FAC5F987076CB5D.d.D1BDDA4250E9DB4BBCB60CD306D481F9.e.7343/rect - {}
RESULT: {}
RESULT: {}
COMMAND: GET /session/989d4e3e3c66b6f7845d3771674e314d/window/rect - {}
RESULT: {}
COMMAND: POST /session/989d4e3e3c66b6f7845d3771674e314d/execute/sync - {"script":"<script> [92 bytes]","args":[]}
RESULT: {"script":"<script> [92 bytes]","args":[]}
COMMAND: POST /session/989d4e3e3c66b6f7845d3771674e314d/actions - {"actions":[{"id":"action21","type":"wheel","parameters":{},"actions":[{"type":"scroll","x":-1820,"y":-21,"deltaX":0,"deltaY":0,"duration":0,"origin":{"element-6066-11e4-a52e-4f735466cecf":"f.5281968FC682DAF02FAC5F987076CB5D.d.D1BDDA4250E9DB4BBCB60CD306D481F9.e.7343"}}]}]}
COMMAND: GET /session/989d4e3e3c66b6f7845d3771674e314d/screenshot - {}
RESULT: {}
COMMAND: POST /session/989d4e3e3c66b6f7845d3771674e314d/execute/sync - {"script":"<script> [79 bytes]","args":[{"element-6066-11e4-a52e-4f735466cecf":"f.5281968FC682DAF02FAC5F987076CB5D.d.D1BDDA4250E9DB4BBCB60CD306D481F9.e.7343","ELEMENT":"f.5281968FC682DAF02FAC5F987076CB5D.d.D1BDDA4250E9DB4BBCB60CD306D481F9.e.7343"},{"block":"start","inline":"nearest"}]}
RESULT: {"script":"<script> [79 bytes]","args":[{"element-6066-11e4-a52e-4f735466cecf":"f.5281968FC682DAF02FAC5F987076CB5D.d.D1BDDA4250E9DB4BBCB60CD306D481F9.e.7343","ELEMENT":"f.5281968FC682DAF02FAC5F987076CB5D.d.D1BDDA4250E9DB4BBCB60CD306D481F9.e.7343"},{"block":"start","inline":"nearest"}]}
COMMAND: POST /session/989d4e3e3c66b6f7845d3771674e314d/execute/async - {"script":"<script> [1562 bytes]","args":[{"selector":{"id":"application-manageresources-display-component---newResourceUnit--btnAddTimeSegment-img"},"wdio_ui5_key":"applicationmanageresources-display-component---newResourceUnit--btnAddTimeSegment-img"}]}
COMMAND: GET /session/989d4e3e3c66b6f7845d3771674e314d/screenshot - {}
RESULT: {"script":"<script> [1562 bytes]","args":[{"selector":{"id":"application-manageresources-display-component---newResourceUnit--btnAddTimeSegment-img"},"wdio_ui5_key":"applicationmanageresources-display-component---newResourceUnit--btnAddTimeSegment-img"}]}
RESULT: undefined
COMMAND: POST /session/989d4e3e3c66b6f7845d3771674e314d/element - {"using":"xpath","value":"//*[@id=\"application-manageresources-display-component---newResourceUnit--btnAddTimeSegment-img\"]"}
RESULT: {}
RESULT: {"using":"xpath","value":"//*[@id=\"application-manageresources-display-component---newResourceUnit--btnAddTimeSegment-img\"]"}
COMMAND: POST /session/989d4e3e3c66b6f7845d3771674e314d/element/f.5281968FC682DAF02FAC5F987076CB5D.d.D1BDDA4250E9DB4BBCB60CD306D481F9.e.7346/click - {}
RESULT: {}
COMMAND: POST /session/989d4e3e3c66b6f7845d3771674e314d/element - {"using":"xpath","value":"//input[@id=\"application-manageresources-display-component---newResourceUnit--idRuTSAdmin-application-manageresources-display-component---newResourceUnit--RUTimeSegment-0-inner\"]"}
COMMAND: GET /session/989d4e3e3c66b6f7845d3771674e314d/screenshot - {}
RESULT: {"using":"xpath","value":"//input[@id=\"application-manageresources-display-component---newResourceUnit--idRuTSAdmin-application-manageresources-display-component---newResourceUnit--RUTimeSegment-0-inner\"]"}
COMMAND: POST /session/989d4e3e3c66b6f7845d3771674e314d/element/f.5281968FC682DAF02FAC5F987076CB5D.d.D1BDDA4250E9DB4BBCB60CD306D481F9.e.7349/clear - {}
RESULT: {}
RESULT: {}
COMMAND: POST /session/989d4e3e3c66b6f7845d3771674e314d/element/f.5281968FC682DAF02FAC5F987076CB5D.d.D1BDDA4250E9DB4BBCB60CD306D481F9.e.7349/value - {"text":"Webdriver Yard"}
COMMAND: GET /session/989d4e3e3c66b6f7845d3771674e314d/screenshot - {}
RESULT: {}
RESULT: {"text":"Webdriver Yard"}
COMMAND: GET /session/989d4e3e3c66b6f7845d3771674e314d/screenshot - {}
RESULT: {}
COMMAND: POST /session/989d4e3e3c66b6f7845d3771674e314d/actions - {"actions":[{"id":"action22","type":"key","parameters":{},"actions":[{"type":"keyDown","value":"î€‡"},{"type":"pause","duration":10},{"type":"keyUp","value":"î€‡"}]}]}
RESULT: {"actions":[{"id":"action22","type":"key","parameters":{},"actions":[{"type":"keyDown","value":"î€‡"},{"type":"pause","duration":10},{"type":"keyUp","value":"î€‡"}]}]}
COMMAND: POST /session/989d4e3e3c66b6f7845d3771674e314d/execute/async - {"script":"<script> [1562 bytes]","args":[{"selector":{"controlType":"sap.ui.core.Icon","viewName":"reusables.view.manageresources.NewResourceUnit","viewId":"application-manageresources-display-component---newResourceUnit","properties":{"src":{"regex":{"source":"slim\\-arrow\\-down"}}},"ancestor":{"controlType":"sap.m.ComboBox","viewName":"reusables.view.manageresources.NewResourceUnit","viewId":"application-manageresources-display-component---newResourceUnit","bindingPath":{"path":"/RESOURCE_UNIT_TIME_SEQUENCES/0","propertyPath":"COST_OBJECT_ADMIN_CST_TYPE","modelName":"oNewRruModel"}}},"wdio_ui5_key":"reusablesview.manageresources.NewResourceUnitsap.ui.core.Icon{\"src\":{\"regex\":{\"source\":\"slim\\\\-arrow\\\\-down\"}}}{\"controlType\":\"sap.m.ComboBox\",\"viewName\":\"reusables.view.manageresources.NewResourceUnit\",\"viewId\":\"application-manageresources-display-component---newResourceUnit\",\"bindingPath\":{\"path\":\"/RESOURCE_UNIT_TIME_SEQUENCES/0\",\"propertyPath\":\"COST_OBJECT_ADMIN_CST_TYPE\",\"modelName\":\"oNewRruModel\"}}"}]}
COMMAND: GET /session/989d4e3e3c66b6f7845d3771674e314d/screenshot - {}
RESULT: {"script":"<script> [1562 bytes]","args":[{"selector":{"controlType":"sap.ui.core.Icon","viewName":"reusables.view.manageresources.NewResourceUnit","viewId":"application-manageresources-display-component---newResourceUnit","properties":{"src":{"regex":{"source":"slim\\-arrow\\-down"}}},"ancestor":{"controlType":"sap.m.ComboBox","viewName":"reusables.view.manageresources.NewResourceUnit","viewId":"application-manageresources-display-component---newResourceUnit","bindingPath":{"path":"/RESOURCE_UNIT_TIME_SEQUENCES/0","propertyPath":"COST_OBJECT_ADMIN_CST_TYPE","modelName":"oNewRruModel"}}},"wdio_ui5_key":"reusablesview.manageresources.NewResourceUnitsap.ui.core.Icon{\"src\":{\"regex\":{\"source\":\"slim\\\\-arrow\\\\-down\"}}}{\"controlType\":\"sap.m.ComboBox\",\"viewName\":\"reusables.view.manageresources.NewResourceUnit\",\"viewId\":\"application-manageresources-display-component---newResourceUnit\",\"bindingPath\":{\"path\":\"/RESOURCE_UNIT_TIME_SEQUENCES/0\",\"propertyPath\":\"COST_OBJECT_ADMIN_CST_TYPE\",\"modelName\":\"oNewRruModel\"}}"}]}
RESULT: undefined
COMMAND: POST /session/989d4e3e3c66b6f7845d3771674e314d/element - {"using":"xpath","value":"//*[@id=\"__box4-application-manageresources-display-component---newResourceUnit--RUTimeSegment-0-arrow\"]"}
RESULT: {}
RESULT: {"using":"xpath","value":"//*[@id=\"__box4-application-manageresources-display-component---newResourceUnit--RUTimeSegment-0-arrow\"]"}
COMMAND: POST /session/989d4e3e3c66b6f7845d3771674e314d/element/f.5281968FC682DAF02FAC5F987076CB5D.d.D1BDDA4250E9DB4BBCB60CD306D481F9.e.7365/click - {}
RESULT: {}
COMMAND: POST /session/989d4e3e3c66b6f7845d3771674e314d/execute/async - {"script":"<script> [1562 bytes]","args":[{"selector":{"controlType":"sap.m.StandardListItem","viewName":"reusables.view.manageresources.NewResourceUnit","viewId":"application-manageresources-display-component---newResourceUnit","properties":{"title":"PM Order"},"searchOpenDialogs":true,"interaction":{"idSuffix":"titleText"}},"wdio_ui5_key":"reusablesview.manageresources.NewResourceUnitsap.m.StandardListItem{\"title\":\"PM Order\"}"}]}
COMMAND: GET /session/989d4e3e3c66b6f7845d3771674e314d/screenshot - {}
RESULT: {"script":"<script> [1562 bytes]","args":[{"selector":{"controlType":"sap.m.StandardListItem","viewName":"reusables.view.manageresources.NewResourceUnit","viewId":"application-manageresources-display-component---newResourceUnit","properties":{"title":"PM Order"},"searchOpenDialogs":true,"interaction":{"idSuffix":"titleText"}},"wdio_ui5_key":"reusablesview.manageresources.NewResourceUnitsap.m.StandardListItem{\"title\":\"PM Order\"}"}]}
RESULT: undefined
COMMAND: POST /session/989d4e3e3c66b6f7845d3771674e314d/element - {"using":"xpath","value":"//*[@id=\"__item821\"]"}
RESULT: {}
RESULT: {"using":"xpath","value":"//*[@id=\"__item821\"]"}
COMMAND: POST /session/989d4e3e3c66b6f7845d3771674e314d/element/f.5281968FC682DAF02FAC5F987076CB5D.d.D1BDDA4250E9DB4BBCB60CD306D481F9.e.7369/click - {}
RESULT: {}
COMMAND: GET /session/989d4e3e3c66b6f7845d3771674e314d/screenshot - {}
RESULT: {}
COMMAND: POST /session/989d4e3e3c66b6f7845d3771674e314d/element - {"using":"xpath","value":"(//input[contains(@id ,\"-application-manageresources-display-component---newResourceUnit--RUTimeSegment-0-inner\")])[8]"}
RESULT: {"using":"xpath","value":"(//input[contains(@id ,\"-application-manageresources-display-component---newResourceUnit--RUTimeSegment-0-inner\")])[8]"}
COMMAND: POST /session/989d4e3e3c66b6f7845d3771674e314d/element/f.5281968FC682DAF02FAC5F987076CB5D.d.D1BDDA4250E9DB4BBCB60CD306D481F9.e.7372/clear - {}
RESULT: {}
COMMAND: POST /session/989d4e3e3c66b6f7845d3771674e314d/element/f.5281968FC682DAF02FAC5F987076CB5D.d.D1BDDA4250E9DB4BBCB60CD306D481F9.e.7372/value - {"text":"4000360"}
COMMAND: GET /session/989d4e3e3c66b6f7845d3771674e314d/screenshot - {}
RESULT: {"text":"4000360"}
COMMAND: GET /session/989d4e3e3c66b6f7845d3771674e314d/screenshot - {}
RESULT: {}
RESULT: {}
COMMAND: POST /session/989d4e3e3c66b6f7845d3771674e314d/actions - {"actions":[{"id":"action23","type":"key","parameters":{},"actions":[{"type":"keyDown","value":"î€‡"},{"type":"pause","duration":10},{"type":"keyUp","value":"î€‡"}]}]}
RESULT: {"actions":[{"id":"action23","type":"key","parameters":{},"actions":[{"type":"keyDown","value":"î€‡"},{"type":"pause","duration":10},{"type":"keyUp","value":"î€‡"}]}]}
COMMAND: GET /session/989d4e3e3c66b6f7845d3771674e314d/screenshot - {}
RESULT: {}
COMMAND: POST /session/989d4e3e3c66b6f7845d3771674e314d/execute/async - {"script":"<script> [1562 bytes]","args":[{"selector":{"id":"application-manageresources-display-component---newResourceUnit--newTimeSegmentDateRangePicker-application-manageresources-display-component---newResourceUnit--RUTimeSegment-0","interaction":{"idSuffix":"inner"}},"wdio_ui5_key":"applicationmanageresources-display-component---newResourceUnit--newTimeSegmentDateRangePicker-application-manageresources-display-component---newResourceUnit--RUTimeSegment-0"}]}
RESULT: {"script":"<script> [1562 bytes]","args":[{"selector":{"id":"application-manageresources-display-component---newResourceUnit--newTimeSegmentDateRangePicker-application-manageresources-display-component---newResourceUnit--RUTimeSegment-0","interaction":{"idSuffix":"inner"}},"wdio_ui5_key":"applicationmanageresources-display-component---newResourceUnit--newTimeSegmentDateRangePicker-application-manageresources-display-component---newResourceUnit--RUTimeSegment-0"}]}
RESULT: undefined
COMMAND: POST /session/989d4e3e3c66b6f7845d3771674e314d/execute/async - {"script":"<script> [1562 bytes]","args":[{"selector":{"id":"application-manageresources-display-component---newResourceUnit--newRRUPage-anchBar-application-manageresources-display-component---newResourceUnit--resource-anchor","interaction":{"idSuffix":"BDI-content"}},"wdio_ui5_key":"applicationmanageresources-display-component---newResourceUnit--newRRUPage-anchBar-application-manageresources-display-component---newResourceUnit--resource-anchor"}]}
RESULT: {"script":"<script> [1562 bytes]","args":[{"selector":{"id":"application-manageresources-display-component---newResourceUnit--newRRUPage-anchBar-application-manageresources-display-component---newResourceUnit--resource-anchor","interaction":{"idSuffix":"BDI-content"}},"wdio_ui5_key":"applicationmanageresources-display-component---newResourceUnit--newRRUPage-anchBar-application-manageresources-display-component---newResourceUnit--resource-anchor"}]}
RESULT: undefined
COMMAND: POST /session/989d4e3e3c66b6f7845d3771674e314d/element - {"using":"xpath","value":"//*[@id=\"application-manageresources-display-component---newResourceUnit--newRRUPage-anchBar-application-manageresources-display-component---newResourceUnit--resource-anchor\"]"}
RESULT: {"using":"xpath","value":"//*[@id=\"application-manageresources-display-component---newResourceUnit--newRRUPage-anchBar-application-manageresources-display-component---newResourceUnit--resource-anchor\"]"}
COMMAND: POST /session/989d4e3e3c66b6f7845d3771674e314d/element/f.5281968FC682DAF02FAC5F987076CB5D.d.D1BDDA4250E9DB4BBCB60CD306D481F9.e.7392/click - {}
RESULT: {}
COMMAND: POST /session/989d4e3e3c66b6f7845d3771674e314d/execute/async - {"script":"<script> [1562 bytes]","args":[{"selector":{"id":"application-manageresources-display-component---newResourceUnit--PLANNED_DELIVERY_DATE","interaction":{"idSuffix":"inner"}},"wdio_ui5_key":"applicationmanageresources-display-component---newResourceUnit--PLANNED_DELIVERY_DATE"}]}
COMMAND: GET /session/989d4e3e3c66b6f7845d3771674e314d/screenshot - {}
RESULT: {"script":"<script> [1562 bytes]","args":[{"selector":{"id":"application-manageresources-display-component---newResourceUnit--PLANNED_DELIVERY_DATE","interaction":{"idSuffix":"inner"}},"wdio_ui5_key":"applicationmanageresources-display-component---newResourceUnit--PLANNED_DELIVERY_DATE"}]}
RESULT: undefined
COMMAND: POST /session/989d4e3e3c66b6f7845d3771674e314d/execute/async - {"script":"<script> [6424 bytes]","args":[{"element-6066-11e4-a52e-4f735466cecf":"f.5281968FC682DAF02FAC5F987076CB5D.d.D1BDDA4250E9DB4BBCB60CD306D481F9.e.7250"},"setValue",["05/30/24"]]}
RESULT: {}
RESULT: {"script":"<script> [6424 bytes]","args":[{"element-6066-11e4-a52e-4f735466cecf":"f.5281968FC682DAF02FAC5F987076CB5D.d.D1BDDA4250E9DB4BBCB60CD306D481F9.e.7250"},"setValue",["05/30/24"]]}
COMMAND: POST /session/989d4e3e3c66b6f7845d3771674e314d/execute/async - {"script":"<script> [1562 bytes]","args":[{"selector":{"controlType":"sap.m.Button","viewName":"reusables.view.manageresources.NewResourceUnit","viewId":"application-manageresources-display-component---newResourceUnit","i18NText":{"propertyName":"tooltip","key":"save"},"interaction":{"idSuffix":"BDI-content"}},"wdio_ui5_key":"reusablesview.manageresources.NewResourceUnitsap.m.Button{\"propertyName\":\"tooltip\",\"key\":\"save\"}"}]}
RESULT: {"script":"<script> [1562 bytes]","args":[{"selector":{"controlType":"sap.m.Button","viewName":"reusables.view.manageresources.NewResourceUnit","viewId":"application-manageresources-display-component---newResourceUnit","i18NText":{"propertyName":"tooltip","key":"save"},"interaction":{"idSuffix":"BDI-content"}},"wdio_ui5_key":"reusablesview.manageresources.NewResourceUnitsap.m.Button{\"propertyName\":\"tooltip\",\"key\":\"save\"}"}]}
RESULT: undefined
COMMAND: POST /session/989d4e3e3c66b6f7845d3771674e314d/element - {"using":"xpath","value":"//*[@id=\"application-manageresources-display-component---newResourceUnit--createRuButton\"]"}
RESULT: {"using":"xpath","value":"//*[@id=\"application-manageresources-display-component---newResourceUnit--createRuButton\"]"}
COMMAND: POST /session/989d4e3e3c66b6f7845d3771674e314d/element/f.5281968FC682DAF02FAC5F987076CB5D.d.D1BDDA4250E9DB4BBCB60CD306D481F9.e.7211/click - {}
RESULT: {}
COMMAND: GET /session/989d4e3e3c66b6f7845d3771674e314d/screenshot - {}
RESULT: {}
COMMAND: POST /session/989d4e3e3c66b6f7845d3771674e314d/execute/async - {"script":"<script> [1562 bytes]","args":[{"selector":{"controlType":"sap.m.Button","properties":{"text":"Close"},"searchOpenDialogs":true,"interaction":{"idSuffix":"inner"}},"wdio_ui5_key":"sapm.Button{\"text\":\"Close\"}"}]}
RESULT: {"script":"<script> [1562 bytes]","args":[{"selector":{"controlType":"sap.m.Button","properties":{"text":"Close"},"searchOpenDialogs":true,"interaction":{"idSuffix":"inner"}},"wdio_ui5_key":"sapm.Button{\"text\":\"Close\"}"}]}
RESULT: undefined
COMMAND: POST /session/989d4e3e3c66b6f7845d3771674e314d/element - {"using":"xpath","value":"//*[@id=\"__mbox-btn-0\"]"}
RESULT: {"using":"xpath","value":"//*[@id=\"__mbox-btn-0\"]"}
COMMAND: POST /session/989d4e3e3c66b6f7845d3771674e314d/element/f.5281968FC682DAF02FAC5F987076CB5D.d.D1BDDA4250E9DB4BBCB60CD306D481F9.e.7398/click - {}
RESULT: {}
COMMAND: GET /session/989d4e3e3c66b6f7845d3771674e314d/screenshot - {}
COMMAND: POST /session/989d4e3e3c66b6f7845d3771674e314d/execute/async - {"script":"<script> [1562 bytes]","args":[{"selector":{"controlType":"sap.m.Text","viewName":"etm.portal.ui.manageresources.view.Detail","viewId":"application-manageresources-display-component---detailRU","bindingPath":{"propertyPath":"ID","modelName":"catalogModel"}},"wdio_ui5_key":"etmportal.ui.manageresources.view.Detailsap.m.Text{\"propertyPath\":\"ID\",\"modelName\":\"catalogModel\"}"}]}
RESULT: {}
RESULT: {"script":"<script> [1562 bytes]","args":[{"selector":{"controlType":"sap.m.Text","viewName":"etm.portal.ui.manageresources.view.Detail","viewId":"application-manageresources-display-component---detailRU","bindingPath":{"propertyPath":"ID","modelName":"catalogModel"}},"wdio_ui5_key":"etmportal.ui.manageresources.view.Detailsap.m.Text{\"propertyPath\":\"ID\",\"modelName\":\"catalogModel\"}"}]}
RESULT: undefined
COMMAND: POST /session/989d4e3e3c66b6f7845d3771674e314d/execute/async - {"script":"<script> [6424 bytes]","args":[{"element-6066-11e4-a52e-4f735466cecf":"f.5281968FC682DAF02FAC5F987076CB5D.d.D1BDDA4250E9DB4BBCB60CD306D481F9.e.7458"},"getText",[]]}
RESULT: {"script":"<script> [6424 bytes]","args":[{"element-6066-11e4-a52e-4f735466cecf":"f.5281968FC682DAF02FAC5F987076CB5D.d.D1BDDA4250E9DB4BBCB60CD306D481F9.e.7458"},"getText",[]]}
COMMAND: POST /session/989d4e3e3c66b6f7845d3771674e314d/element - {"using":"xpath","value":"//bdi[text()=\"Edit\"]"}
RESULT: {"using":"xpath","value":"//bdi[text()=\"Edit\"]"}
COMMAND: GET /session/989d4e3e3c66b6f7845d3771674e314d/element/f.5281968FC682DAF02FAC5F987076CB5D.d.D1BDDA4250E9DB4BBCB60CD306D481F9.e.7459/enabled - {}
RESULT: {}
COMMAND: POST /session/989d4e3e3c66b6f7845d3771674e314d/execute/sync - {"script":"<script> [8489 bytes]","args":[{"element-6066-11e4-a52e-4f735466cecf":"f.5281968FC682DAF02FAC5F987076CB5D.d.D1BDDA4250E9DB4BBCB60CD306D481F9.e.7459","ELEMENT":"f.5281968FC682DAF02FAC5F987076CB5D.d.D1BDDA4250E9DB4BBCB60CD306D481F9.e.7459"}]}
COMMAND: GET /session/989d4e3e3c66b6f7845d3771674e314d/screenshot - {}
RESULT: {"script":"<script> [8489 bytes]","args":[{"element-6066-11e4-a52e-4f735466cecf":"f.5281968FC682DAF02FAC5F987076CB5D.d.D1BDDA4250E9DB4BBCB60CD306D481F9.e.7459","ELEMENT":"f.5281968FC682DAF02FAC5F987076CB5D.d.D1BDDA4250E9DB4BBCB60CD306D481F9.e.7459"}]}
COMMAND: POST /session/989d4e3e3c66b6f7845d3771674e314d/execute/sync - {"script":"<script> [5351 bytes]","args":[{"element-6066-11e4-a52e-4f735466cecf":"f.5281968FC682DAF02FAC5F987076CB5D.d.D1BDDA4250E9DB4BBCB60CD306D481F9.e.7459","ELEMENT":"f.5281968FC682DAF02FAC5F987076CB5D.d.D1BDDA4250E9DB4BBCB60CD306D481F9.e.7459"}]}
COMMAND: GET /session/989d4e3e3c66b6f7845d3771674e314d/screenshot - {}
RESULT: {}
RESULT: {"script":"<script> [5351 bytes]","args":[{"element-6066-11e4-a52e-4f735466cecf":"f.5281968FC682DAF02FAC5F987076CB5D.d.D1BDDA4250E9DB4BBCB60CD306D481F9.e.7459","ELEMENT":"f.5281968FC682DAF02FAC5F987076CB5D.d.D1BDDA4250E9DB4BBCB60CD306D481F9.e.7459"}]}
COMMAND: POST /session/989d4e3e3c66b6f7845d3771674e314d/element/f.5281968FC682DAF02FAC5F987076CB5D.d.D1BDDA4250E9DB4BBCB60CD306D481F9.e.7459/click - {}
COMMAND: GET /session/989d4e3e3c66b6f7845d3771674e314d/screenshot - {}
RESULT: {}
RESULT: {}
COMMAND: GET /session/989d4e3e3c66b6f7845d3771674e314d/screenshot - {}
RESULT: {}
RESULT: {}
COMMAND: POST /session/989d4e3e3c66b6f7845d3771674e314d/element - {"using":"xpath","value":"//bdi[@id=\"application-manageresources-display-component---editResource--editRruPage-anchBar-application-manageresources-display-component---editResource--counters-anchor-BDI-content\"]"}
RESULT: {"using":"xpath","value":"//bdi[@id=\"application-manageresources-display-component---editResource--editRruPage-anchBar-application-manageresources-display-component---editResource--counters-anchor-BDI-content\"]"}
COMMAND: POST /session/989d4e3e3c66b6f7845d3771674e314d/execute/sync - {"script":"<script> [8489 bytes]","args":[{"element-6066-11e4-a52e-4f735466cecf":"f.5281968FC682DAF02FAC5F987076CB5D.d.D1BDDA4250E9DB4BBCB60CD306D481F9.e.7563","ELEMENT":"f.5281968FC682DAF02FAC5F987076CB5D.d.D1BDDA4250E9DB4BBCB60CD306D481F9.e.7563"}]}
RESULT: {"script":"<script> [8489 bytes]","args":[{"element-6066-11e4-a52e-4f735466cecf":"f.5281968FC682DAF02FAC5F987076CB5D.d.D1BDDA4250E9DB4BBCB60CD306D481F9.e.7563","ELEMENT":"f.5281968FC682DAF02FAC5F987076CB5D.d.D1BDDA4250E9DB4BBCB60CD306D481F9.e.7563"}]}
COMMAND: POST /session/989d4e3e3c66b6f7845d3771674e314d/element/f.5281968FC682DAF02FAC5F987076CB5D.d.D1BDDA4250E9DB4BBCB60CD306D481F9.e.7563/click - {}
COMMAND: GET /session/989d4e3e3c66b6f7845d3771674e314d/screenshot - {}
RESULT: {}
COMMAND: GET /session/989d4e3e3c66b6f7845d3771674e314d/screenshot - {}
RESULT: {}
RESULT: {}
COMMAND: POST /session/989d4e3e3c66b6f7845d3771674e314d/execute/async - {"script":"<script> [1562 bytes]","args":[{"selector":{"id":"application-manageresources-display-component---editResource--btnAddCounter-img"},"wdio_ui5_key":"applicationmanageresources-display-component---editResource--btnAddCounter-img"}]}
RESULT: {"script":"<script> [1562 bytes]","args":[{"selector":{"id":"application-manageresources-display-component---editResource--btnAddCounter-img"},"wdio_ui5_key":"applicationmanageresources-display-component---editResource--btnAddCounter-img"}]}
RESULT: undefined
COMMAND: POST /session/989d4e3e3c66b6f7845d3771674e314d/element - {"using":"xpath","value":"//*[@id=\"application-manageresources-display-component---editResource--btnAddCounter-img\"]"}
RESULT: {"using":"xpath","value":"//*[@id=\"application-manageresources-display-component---editResource--btnAddCounter-img\"]"}
COMMAND: POST /session/989d4e3e3c66b6f7845d3771674e314d/element/f.5281968FC682DAF02FAC5F987076CB5D.d.D1BDDA4250E9DB4BBCB60CD306D481F9.e.7609/click - {}
RESULT: {}
COMMAND: GET /session/989d4e3e3c66b6f7845d3771674e314d/screenshot - {}
RESULT: {}
COMMAND: POST /session/989d4e3e3c66b6f7845d3771674e314d/execute/async - {"script":"<script> [1562 bytes]","args":[{"selector":{"id":"application-manageresources-display-component---editResource--HAND_OVER_TYPE-application-manageresources-display-component---editResource--RUCounters-0","interaction":{"idSuffix":"CbBg"}},"wdio_ui5_key":"applicationmanageresources-display-component---editResource--HAND_OVER_TYPE-application-manageresources-display-component---editResource--RUCounters-0"}]}
RESULT: {"script":"<script> [1562 bytes]","args":[{"selector":{"id":"application-manageresources-display-component---editResource--HAND_OVER_TYPE-application-manageresources-display-component---editResource--RUCounters-0","interaction":{"idSuffix":"CbBg"}},"wdio_ui5_key":"applicationmanageresources-display-component---editResource--HAND_OVER_TYPE-application-manageresources-display-component---editResource--RUCounters-0"}]}
RESULT: undefined
COMMAND: POST /session/989d4e3e3c66b6f7845d3771674e314d/element - {"using":"xpath","value":"//*[@id=\"application-manageresources-display-component---editResource--HAND_OVER_TYPE-application-manageresources-display-component---editResource--RUCounters-0\"]"}
RESULT: {"using":"xpath","value":"//*[@id=\"application-manageresources-display-component---editResource--HAND_OVER_TYPE-application-manageresources-display-component---editResource--RUCounters-0\"]"}
COMMAND: POST /session/989d4e3e3c66b6f7845d3771674e314d/element/f.5281968FC682DAF02FAC5F987076CB5D.d.D1BDDA4250E9DB4BBCB60CD306D481F9.e.7615/click - {}
RESULT: {}
COMMAND: POST /session/989d4e3e3c66b6f7845d3771674e314d/execute/async - {"script":"<script> [1562 bytes]","args":[{"selector":{"controlType":"sap.m.Button","viewName":"etm.portal.ui.manageresources.view.EditResource","viewId":"application-manageresources-display-component---editResource","i18NText":{"propertyName":"text","key":"save"},"interaction":{"idSuffix":"BDI-content"}},"wdio_ui5_key":"etmportal.ui.manageresources.view.EditResourcesap.m.Button{\"propertyName\":\"text\",\"key\":\"save\"}"}]}
COMMAND: GET /session/989d4e3e3c66b6f7845d3771674e314d/screenshot - {}
RESULT: {"script":"<script> [1562 bytes]","args":[{"selector":{"controlType":"sap.m.Button","viewName":"etm.portal.ui.manageresources.view.EditResource","viewId":"application-manageresources-display-component---editResource","i18NText":{"propertyName":"text","key":"save"},"interaction":{"idSuffix":"BDI-content"}},"wdio_ui5_key":"etmportal.ui.manageresources.view.EditResourcesap.m.Button{\"propertyName\":\"text\",\"key\":\"save\"}"}]}
RESULT: undefined
COMMAND: POST /session/989d4e3e3c66b6f7845d3771674e314d/element - {"using":"xpath","value":"//*[@id=\"__button90\"]"}
RESULT: {}
RESULT: {"using":"xpath","value":"//*[@id=\"__button90\"]"}
COMMAND: POST /session/989d4e3e3c66b6f7845d3771674e314d/element/f.5281968FC682DAF02FAC5F987076CB5D.d.D1BDDA4250E9DB4BBCB60CD306D481F9.e.7617/click - {}
RESULT: {}
COMMAND: GET /session/989d4e3e3c66b6f7845d3771674e314d/screenshot - {}
RESULT: {}
COMMAND: POST /session/989d4e3e3c66b6f7845d3771674e314d/element - {"using":"css selector","value":"#shell-header-logo"}
RESULT: {"using":"css selector","value":"#shell-header-logo"}
COMMAND: POST /session/989d4e3e3c66b6f7845d3771674e314d/elements - {"using":"css selector","value":"#shell-header-logo"}
RESULT: {"using":"css selector","value":"#shell-header-logo"}
COMMAND: POST /session/989d4e3e3c66b6f7845d3771674e314d/execute/sync - {"script":"<script> [8489 bytes]","args":[{"element-6066-11e4-a52e-4f735466cecf":"f.5281968FC682DAF02FAC5F987076CB5D.d.D1BDDA4250E9DB4BBCB60CD306D481F9.e.6724","ELEMENT":"f.5281968FC682DAF02FAC5F987076CB5D.d.D1BDDA4250E9DB4BBCB60CD306D481F9.e.6724"}]}
RESULT: {"script":"<script> [8489 bytes]","args":[{"element-6066-11e4-a52e-4f735466cecf":"f.5281968FC682DAF02FAC5F987076CB5D.d.D1BDDA4250E9DB4BBCB60CD306D481F9.e.6724","ELEMENT":"f.5281968FC682DAF02FAC5F987076CB5D.d.D1BDDA4250E9DB4BBCB60CD306D481F9.e.6724"}]}
COMMAND: POST /session/989d4e3e3c66b6f7845d3771674e314d/execute/sync - {"script":"<script> [5351 bytes]","args":[{"element-6066-11e4-a52e-4f735466cecf":"f.5281968FC682DAF02FAC5F987076CB5D.d.D1BDDA4250E9DB4BBCB60CD306D481F9.e.6724","ELEMENT":"f.5281968FC682DAF02FAC5F987076CB5D.d.D1BDDA4250E9DB4BBCB60CD306D481F9.e.6724"}]}
COMMAND: GET /session/989d4e3e3c66b6f7845d3771674e314d/screenshot - {}
RESULT: {"script":"<script> [5351 bytes]","args":[{"element-6066-11e4-a52e-4f735466cecf":"f.5281968FC682DAF02FAC5F987076CB5D.d.D1BDDA4250E9DB4BBCB60CD306D481F9.e.6724","ELEMENT":"f.5281968FC682DAF02FAC5F987076CB5D.d.D1BDDA4250E9DB4BBCB60CD306D481F9.e.6724"}]}
COMMAND: POST /session/989d4e3e3c66b6f7845d3771674e314d/element/f.5281968FC682DAF02FAC5F987076CB5D.d.D1BDDA4250E9DB4BBCB60CD306D481F9.e.6724/click - {}
COMMAND: GET /session/989d4e3e3c66b6f7845d3771674e314d/screenshot - {}
RESULT: {}
RESULT: {}
COMMAND: GET /session/989d4e3e3c66b6f7845d3771674e314d/screenshot - {}
RESULT: {}
RESULT: {}
COMMAND: POST /session/989d4e3e3c66b6f7845d3771674e314d/element - {"using":"css selector","value":"#shell-header-logo"}
RESULT: {"using":"css selector","value":"#shell-header-logo"}
COMMAND: POST /session/989d4e3e3c66b6f7845d3771674e314d/element/f.5281968FC682DAF02FAC5F987076CB5D.d.D1BDDA4250E9DB4BBCB60CD306D481F9.e.7632/click - {}
RESULT: {}
COMMAND: GET /session/989d4e3e3c66b6f7845d3771674e314d/screenshot - {}
RESULT: {}
]]></system-out>
    </testcase>
  </testsuite>
  <testsuite timestamp="2025-04-30T07:30:41" time="88.804" tests="2" failures="0" errors="0" skipped="0">
    <properties>
      <property name="specId" value="0" />
      <property name="suiteName" value="Personnel creation and reference material verification  US120163" />
      <property name="capabilities" value="chrome.135_0_7049_96.windows" />
      <property name="file" value="file:///D:/a/1/s/test/specs/R2C/create-personnel-no-material-reference.spec.js" />
    </properties>
    <testcase classname="chrome.135_0_7049_96.windows.Personnel_creation_and_reference_material_verification__US120163" name="Should create a new personnel and verify if the material reference is visible" time="69.082">
      <system-out><![CDATA[
RESULT: undefined
COMMAND: POST /session/989d4e3e3c66b6f7845d3771674e314d/element - {"using":"xpath","value":"//*[@id=\"__tile31\"]"}
RESULT: {"using":"xpath","value":"//*[@id=\"__tile31\"]"}
COMMAND: POST /session/989d4e3e3c66b6f7845d3771674e314d/element/f.5281968FC682DAF02FAC5F987076CB5D.d.D1BDDA4250E9DB4BBCB60CD306D481F9.e.6744/click - {}
RESULT: {}
COMMAND: GET /session/989d4e3e3c66b6f7845d3771674e314d/screenshot - {}
RESULT: {}
COMMAND: POST /session/989d4e3e3c66b6f7845d3771674e314d/element - {"using":"xpath","value":"//button[@data-kt=\"addNewRUOverflowToolbarButton\"]"}
RESULT: {"using":"xpath","value":"//button[@data-kt=\"addNewRUOverflowToolbarButton\"]"}
COMMAND: POST /session/989d4e3e3c66b6f7845d3771674e314d/execute/sync - {"script":"<script> [8489 bytes]","args":[{"element-6066-11e4-a52e-4f735466cecf":"f.5281968FC682DAF02FAC5F987076CB5D.d.D1BDDA4250E9DB4BBCB60CD306D481F9.e.7783","ELEMENT":"f.5281968FC682DAF02FAC5F987076CB5D.d.D1BDDA4250E9DB4BBCB60CD306D481F9.e.7783"}]}
RESULT: {"script":"<script> [8489 bytes]","args":[{"element-6066-11e4-a52e-4f735466cecf":"f.5281968FC682DAF02FAC5F987076CB5D.d.D1BDDA4250E9DB4BBCB60CD306D481F9.e.7783","ELEMENT":"f.5281968FC682DAF02FAC5F987076CB5D.d.D1BDDA4250E9DB4BBCB60CD306D481F9.e.7783"}]}
COMMAND: POST /session/989d4e3e3c66b6f7845d3771674e314d/element/f.5281968FC682DAF02FAC5F987076CB5D.d.D1BDDA4250E9DB4BBCB60CD306D481F9.e.7783/click - {}
COMMAND: GET /session/989d4e3e3c66b6f7845d3771674e314d/screenshot - {}
RESULT: {}
RESULT: undefined
COMMAND: POST /session/989d4e3e3c66b6f7845d3771674e314d/element - {"using":"xpath","value":"//*[@id=\"application-manageresources-display-component---newResourceUnit--TYPE-arrow\"]"}
COMMAND: GET /session/989d4e3e3c66b6f7845d3771674e314d/screenshot - {}
RESULT: {}
RESULT: {"using":"xpath","value":"//*[@id=\"application-manageresources-display-component---newResourceUnit--TYPE-arrow\"]"}
COMMAND: POST /session/989d4e3e3c66b6f7845d3771674e314d/element/f.5281968FC682DAF02FAC5F987076CB5D.d.D1BDDA4250E9DB4BBCB60CD306D481F9.e.8016/click - {}
RESULT: {}
RESULT: {}
COMMAND: POST /session/989d4e3e3c66b6f7845d3771674e314d/execute/async - {"script":"<script> [1562 bytes]","args":[{"selector":{"controlType":"sap.m.StandardListItem","viewName":"reusables.view.manageresources.NewResourceUnit","viewId":"application-manageresources-display-component---newResourceUnit","properties":{"title":"Personnel"},"searchOpenDialogs":true,"interaction":{"idSuffix":"titleText"}},"wdio_ui5_key":"reusablesview.manageresources.NewResourceUnitsap.m.StandardListItem{\"title\":\"Personnel\"}"}]}
COMMAND: GET /session/989d4e3e3c66b6f7845d3771674e314d/screenshot - {}
RESULT: {"script":"<script> [1562 bytes]","args":[{"selector":{"controlType":"sap.m.StandardListItem","viewName":"reusables.view.manageresources.NewResourceUnit","viewId":"application-manageresources-display-component---newResourceUnit","properties":{"title":"Personnel"},"searchOpenDialogs":true,"interaction":{"idSuffix":"titleText"}},"wdio_ui5_key":"reusablesview.manageresources.NewResourceUnitsap.m.StandardListItem{\"title\":\"Personnel\"}"}]}
RESULT: undefined
COMMAND: POST /session/989d4e3e3c66b6f7845d3771674e314d/element - {"using":"xpath","value":"//*[@id=\"__item1399\"]"}
RESULT: {}
RESULT: {"using":"xpath","value":"//*[@id=\"__item1399\"]"}
COMMAND: POST /session/989d4e3e3c66b6f7845d3771674e314d/element/f.5281968FC682DAF02FAC5F987076CB5D.d.D1BDDA4250E9DB4BBCB60CD306D481F9.e.8023/click - {}
RESULT: {}
RESULT: undefined
COMMAND: POST /session/989d4e3e3c66b6f7845d3771674e314d/execute/async - {"script":"<script> [776 bytes]","args":[{"enterText":"WdIOPersonnelshqlfi","selector":{"id":"application-manageresources-display-component---newResourceUnit--SHORT_TEXT","interaction":{"idSuffix":"inner"}},"clearTextFirst":true,"interactionType":"ENTER_TEXT"}]}
COMMAND: GET /session/989d4e3e3c66b6f7845d3771674e314d/screenshot - {}
RESULT: {"script":"<script> [776 bytes]","args":[{"enterText":"WdIOPersonnelshqlfi","selector":{"id":"application-manageresources-display-component---newResourceUnit--SHORT_TEXT","interaction":{"idSuffix":"inner"}},"clearTextFirst":true,"interactionType":"ENTER_TEXT"}]}
COMMAND: POST /session/989d4e3e3c66b6f7845d3771674e314d/element - {"using":"xpath","value":"//bdi[contains(text(), \"Material\")]"}
RESULT: {}
RESULT: {"using":"xpath","value":"//bdi[contains(text(), \"Material\")]"}
COMMAND: POST /session/989d4e3e3c66b6f7845d3771674e314d/element - {"using":"xpath","value":"//bdi[contains(text(), \"Material\")]"}
RESULT: {"using":"xpath","value":"//bdi[contains(text(), \"Material\")]"}
COMMAND: POST /session/989d4e3e3c66b6f7845d3771674e314d/execute/async - {"script":"<script> [1562 bytes]","args":[{"selector":{"id":"application-manageresources-display-component---newResourceUnit--BASE_UNIT_OF_MEASURE-arrow"},"wdio_ui5_key":"applicationmanageresources-display-component---newResourceUnit--BASE_UNIT_OF_MEASURE-arrow"}]}
RESULT: {"script":"<script> [1562 bytes]","args":[{"selector":{"id":"application-manageresources-display-component---newResourceUnit--BASE_UNIT_OF_MEASURE-arrow"},"wdio_ui5_key":"applicationmanageresources-display-component---newResourceUnit--BASE_UNIT_OF_MEASURE-arrow"}]}
RESULT: undefined
COMMAND: POST /session/989d4e3e3c66b6f7845d3771674e314d/element - {"using":"xpath","value":"//*[@id=\"application-manageresources-display-component---newResourceUnit--BASE_UNIT_OF_MEASURE-arrow\"]"}
RESULT: {"using":"xpath","value":"//*[@id=\"application-manageresources-display-component---newResourceUnit--BASE_UNIT_OF_MEASURE-arrow\"]"}
COMMAND: POST /session/989d4e3e3c66b6f7845d3771674e314d/element/f.5281968FC682DAF02FAC5F987076CB5D.d.D1BDDA4250E9DB4BBCB60CD306D481F9.e.8065/click - {}
RESULT: {}
COMMAND: POST /session/989d4e3e3c66b6f7845d3771674e314d/execute/async - {"script":"<script> [1562 bytes]","args":[{"selector":{"controlType":"sap.m.StandardListItem","viewName":"reusables.view.manageresources.NewResourceUnit","viewId":"application-manageresources-display-component---newResourceUnit","properties":{"title":"Percent"},"searchOpenDialogs":true,"interaction":{"idSuffix":"titleText"}},"wdio_ui5_key":"reusablesview.manageresources.NewResourceUnitsap.m.StandardListItem{\"title\":\"Percent\"}"}]}
COMMAND: GET /session/989d4e3e3c66b6f7845d3771674e314d/screenshot - {}
RESULT: {"script":"<script> [1562 bytes]","args":[{"selector":{"controlType":"sap.m.StandardListItem","viewName":"reusables.view.manageresources.NewResourceUnit","viewId":"application-manageresources-display-component---newResourceUnit","properties":{"title":"Percent"},"searchOpenDialogs":true,"interaction":{"idSuffix":"titleText"}},"wdio_ui5_key":"reusablesview.manageresources.NewResourceUnitsap.m.StandardListItem{\"title\":\"Percent\"}"}]}
RESULT: undefined
COMMAND: POST /session/989d4e3e3c66b6f7845d3771674e314d/element - {"using":"xpath","value":"//*[@id=\"__item1421\"]"}
RESULT: {}
RESULT: {"using":"xpath","value":"//*[@id=\"__item1421\"]"}
COMMAND: POST /session/989d4e3e3c66b6f7845d3771674e314d/element/f.5281968FC682DAF02FAC5F987076CB5D.d.D1BDDA4250E9DB4BBCB60CD306D481F9.e.8067/click - {}
RESULT: {}
COMMAND: POST /session/989d4e3e3c66b6f7845d3771674e314d/execute/async - {"script":"<script> [1562 bytes]","args":[{"selector":{"id":"application-manageresources-display-component---newResourceUnit--PLANNING_GROUP-arrow"},"wdio_ui5_key":"applicationmanageresources-display-component---newResourceUnit--PLANNING_GROUP-arrow"}]}
COMMAND: GET /session/989d4e3e3c66b6f7845d3771674e314d/screenshot - {}
RESULT: {"script":"<script> [1562 bytes]","args":[{"selector":{"id":"application-manageresources-display-component---newResourceUnit--PLANNING_GROUP-arrow"},"wdio_ui5_key":"applicationmanageresources-display-component---newResourceUnit--PLANNING_GROUP-arrow"}]}
RESULT: undefined
COMMAND: POST /session/989d4e3e3c66b6f7845d3771674e314d/element - {"using":"xpath","value":"//*[@id=\"application-manageresources-display-component---newResourceUnit--PLANNING_GROUP-arrow\"]"}
RESULT: {}
RESULT: {"using":"xpath","value":"//*[@id=\"application-manageresources-display-component---newResourceUnit--PLANNING_GROUP-arrow\"]"}
COMMAND: POST /session/989d4e3e3c66b6f7845d3771674e314d/element/f.5281968FC682DAF02FAC5F987076CB5D.d.D1BDDA4250E9DB4BBCB60CD306D481F9.e.8068/click - {}
RESULT: {}
COMMAND: GET /session/989d4e3e3c66b6f7845d3771674e314d/screenshot - {}
RESULT: {}
COMMAND: POST /session/989d4e3e3c66b6f7845d3771674e314d/execute/async - {"script":"<script> [1562 bytes]","args":[{"selector":{"controlType":"sap.m.StandardListItem","viewName":"reusables.view.manageresources.NewResourceUnit","viewId":"application-manageresources-display-component---newResourceUnit","properties":{"title":"Operating personnel"},"searchOpenDialogs":true,"interaction":{"idSuffix":"titleText"}},"wdio_ui5_key":"reusablesview.manageresources.NewResourceUnitsap.m.StandardListItem{\"title\":\"Operating personnel\"}"}]}
RESULT: {"script":"<script> [1562 bytes]","args":[{"selector":{"controlType":"sap.m.StandardListItem","viewName":"reusables.view.manageresources.NewResourceUnit","viewId":"application-manageresources-display-component---newResourceUnit","properties":{"title":"Operating personnel"},"searchOpenDialogs":true,"interaction":{"idSuffix":"titleText"}},"wdio_ui5_key":"reusablesview.manageresources.NewResourceUnitsap.m.StandardListItem{\"title\":\"Operating personnel\"}"}]}
RESULT: undefined
COMMAND: POST /session/989d4e3e3c66b6f7845d3771674e314d/element - {"using":"xpath","value":"//*[@id=\"__item1430\"]"}
RESULT: {"using":"xpath","value":"//*[@id=\"__item1430\"]"}
COMMAND: POST /session/989d4e3e3c66b6f7845d3771674e314d/element/f.5281968FC682DAF02FAC5F987076CB5D.d.D1BDDA4250E9DB4BBCB60CD306D481F9.e.8070/click - {}
RESULT: {}
COMMAND: GET /session/989d4e3e3c66b6f7845d3771674e314d/screenshot - {}
RESULT: {}
COMMAND: POST /session/989d4e3e3c66b6f7845d3771674e314d/element - {"using":"xpath","value":"//bdi[contains(text(), \"Time Segment\")]"}
RESULT: {"using":"xpath","value":"//bdi[contains(text(), \"Time Segment\")]"}
COMMAND: GET /session/989d4e3e3c66b6f7845d3771674e314d/element/f.5281968FC682DAF02FAC5F987076CB5D.d.D1BDDA4250E9DB4BBCB60CD306D481F9.e.8071/rect - {}
RESULT: {}
COMMAND: GET /session/989d4e3e3c66b6f7845d3771674e314d/window/rect - {}
RESULT: {}
COMMAND: POST /session/989d4e3e3c66b6f7845d3771674e314d/execute/sync - {"script":"<script> [92 bytes]","args":[]}
RESULT: {"script":"<script> [92 bytes]","args":[]}
COMMAND: POST /session/989d4e3e3c66b6f7845d3771674e314d/actions - {"actions":[{"id":"action24","type":"wheel","parameters":{},"actions":[{"type":"scroll","x":-1820,"y":804,"deltaX":0,"deltaY":0,"duration":0,"origin":{"element-6066-11e4-a52e-4f735466cecf":"f.5281968FC682DAF02FAC5F987076CB5D.d.D1BDDA4250E9DB4BBCB60CD306D481F9.e.8071"}}]}]}
COMMAND: GET /session/989d4e3e3c66b6f7845d3771674e314d/screenshot - {}
RESULT: {}
COMMAND: POST /session/989d4e3e3c66b6f7845d3771674e314d/execute/sync - {"script":"<script> [79 bytes]","args":[{"element-6066-11e4-a52e-4f735466cecf":"f.5281968FC682DAF02FAC5F987076CB5D.d.D1BDDA4250E9DB4BBCB60CD306D481F9.e.8071","ELEMENT":"f.5281968FC682DAF02FAC5F987076CB5D.d.D1BDDA4250E9DB4BBCB60CD306D481F9.e.8071"},{"block":"start","inline":"nearest"}]}
RESULT: {"script":"<script> [79 bytes]","args":[{"element-6066-11e4-a52e-4f735466cecf":"f.5281968FC682DAF02FAC5F987076CB5D.d.D1BDDA4250E9DB4BBCB60CD306D481F9.e.8071","ELEMENT":"f.5281968FC682DAF02FAC5F987076CB5D.d.D1BDDA4250E9DB4BBCB60CD306D481F9.e.8071"},{"block":"start","inline":"nearest"}]}
COMMAND: GET /session/989d4e3e3c66b6f7845d3771674e314d/screenshot - {}
RESULT: {}
COMMAND: POST /session/989d4e3e3c66b6f7845d3771674e314d/element - {"using":"xpath","value":"//span[@id=\"application-manageresources-display-component---newResourceUnit--btnAddTimeSegment-img\"]"}
RESULT: {"using":"xpath","value":"//span[@id=\"application-manageresources-display-component---newResourceUnit--btnAddTimeSegment-img\"]"}
COMMAND: POST /session/989d4e3e3c66b6f7845d3771674e314d/execute/sync - {"script":"<script> [8489 bytes]","args":[{"element-6066-11e4-a52e-4f735466cecf":"f.5281968FC682DAF02FAC5F987076CB5D.d.D1BDDA4250E9DB4BBCB60CD306D481F9.e.8078","ELEMENT":"f.5281968FC682DAF02FAC5F987076CB5D.d.D1BDDA4250E9DB4BBCB60CD306D481F9.e.8078"}]}
RESULT: {"script":"<script> [8489 bytes]","args":[{"element-6066-11e4-a52e-4f735466cecf":"f.5281968FC682DAF02FAC5F987076CB5D.d.D1BDDA4250E9DB4BBCB60CD306D481F9.e.8078","ELEMENT":"f.5281968FC682DAF02FAC5F987076CB5D.d.D1BDDA4250E9DB4BBCB60CD306D481F9.e.8078"}]}
COMMAND: POST /session/989d4e3e3c66b6f7845d3771674e314d/element/f.5281968FC682DAF02FAC5F987076CB5D.d.D1BDDA4250E9DB4BBCB60CD306D481F9.e.8078/click - {}
COMMAND: GET /session/989d4e3e3c66b6f7845d3771674e314d/screenshot - {}
RESULT: {}
COMMAND: GET /session/989d4e3e3c66b6f7845d3771674e314d/screenshot - {}
COMMAND: POST /session/989d4e3e3c66b6f7845d3771674e314d/element - {"using":"xpath","value":"//input[@id=\"application-manageresources-display-component---newResourceUnit--idRuTSAdmin-application-manageresources-display-component---newResourceUnit--RUTimeSegment-0-inner\"]"}
RESULT: {}
RESULT: {}
RESULT: {"using":"xpath","value":"//input[@id=\"application-manageresources-display-component---newResourceUnit--idRuTSAdmin-application-manageresources-display-component---newResourceUnit--RUTimeSegment-0-inner\"]"}
COMMAND: POST /session/989d4e3e3c66b6f7845d3771674e314d/element/f.5281968FC682DAF02FAC5F987076CB5D.d.D1BDDA4250E9DB4BBCB60CD306D481F9.e.8081/clear - {}
RESULT: {}
COMMAND: POST /session/989d4e3e3c66b6f7845d3771674e314d/element/f.5281968FC682DAF02FAC5F987076CB5D.d.D1BDDA4250E9DB4BBCB60CD306D481F9.e.8081/value - {"text":"webdriveryard"}
COMMAND: GET /session/989d4e3e3c66b6f7845d3771674e314d/screenshot - {}
RESULT: {"text":"webdriveryard"}
COMMAND: GET /session/989d4e3e3c66b6f7845d3771674e314d/screenshot - {}
RESULT: {}
RESULT: {}
COMMAND: POST /session/989d4e3e3c66b6f7845d3771674e314d/actions - {"actions":[{"id":"action25","type":"key","parameters":{},"actions":[{"type":"keyDown","value":"î€‡"},{"type":"pause","duration":10},{"type":"keyUp","value":"î€‡"}]}]}
RESULT: {"actions":[{"id":"action25","type":"key","parameters":{},"actions":[{"type":"keyDown","value":"î€‡"},{"type":"pause","duration":10},{"type":"keyUp","value":"î€‡"}]}]}
COMMAND: GET /session/989d4e3e3c66b6f7845d3771674e314d/screenshot - {}
RESULT: {}
COMMAND: POST /session/989d4e3e3c66b6f7845d3771674e314d/element - {"using":"xpath","value":"//input[contains(@id, \"application-manageresources-display-component---newResourceUnit--newControlDataDateRangePicker-inner\")]"}
RESULT: {"using":"xpath","value":"//input[contains(@id, \"application-manageresources-display-component---newResourceUnit--newControlDataDateRangePicker-inner\")]"}
COMMAND: POST /session/989d4e3e3c66b6f7845d3771674e314d/element/f.5281968FC682DAF02FAC5F987076CB5D.d.D1BDDA4250E9DB4BBCB60CD306D481F9.e.8053/clear - {}
RESULT: {}
COMMAND: POST /session/989d4e3e3c66b6f7845d3771674e314d/element/f.5281968FC682DAF02FAC5F987076CB5D.d.D1BDDA4250E9DB4BBCB60CD306D481F9.e.8053/value - {"text":"12/17/26 - 2/18/27"}
COMMAND: GET /session/989d4e3e3c66b6f7845d3771674e314d/screenshot - {}
RESULT: {"text":"12/17/26 - 2/18/27"}
COMMAND: POST /session/989d4e3e3c66b6f7845d3771674e314d/element - {"using":"xpath","value":"//bdi[contains(@id, \"application-manageresources-display-component---newResourceUnit--createRuButton-BDI-content\")]"}
COMMAND: GET /session/989d4e3e3c66b6f7845d3771674e314d/screenshot - {}
RESULT: {}
RESULT: {"using":"xpath","value":"//bdi[contains(@id, \"application-manageresources-display-component---newResourceUnit--createRuButton-BDI-content\")]"}
COMMAND: POST /session/989d4e3e3c66b6f7845d3771674e314d/element/f.5281968FC682DAF02FAC5F987076CB5D.d.D1BDDA4250E9DB4BBCB60CD306D481F9.e.8095/click - {}
RESULT: {}
RESULT: {}
COMMAND: GET /session/989d4e3e3c66b6f7845d3771674e314d/screenshot - {}
RESULT: {}
COMMAND: POST /session/989d4e3e3c66b6f7845d3771674e314d/actions - {"actions":[{"id":"action26","type":"key","parameters":{},"actions":[{"type":"keyDown","value":"î€‡"},{"type":"pause","duration":10},{"type":"keyUp","value":"î€‡"}]}]}
RESULT: {"actions":[{"id":"action26","type":"key","parameters":{},"actions":[{"type":"keyDown","value":"î€‡"},{"type":"pause","duration":10},{"type":"keyUp","value":"î€‡"}]}]}
COMMAND: GET /session/989d4e3e3c66b6f7845d3771674e314d/screenshot - {}
RESULT: {}
]]></system-out>
    </testcase>
    <testcase classname="chrome.135_0_7049_96.windows.Personnel_creation_and_reference_material_verification__US120163" name="Should verify if the reference material is visible in edit and detail mode" time="16.503">
      <system-out><![CDATA[
COMMAND: POST /session/989d4e3e3c66b6f7845d3771674e314d/element - {"using":"xpath","value":"//bdi[contains(text(), \"Edit\")]"}
RESULT: {"using":"xpath","value":"//bdi[contains(text(), \"Edit\")]"}
COMMAND: POST /session/989d4e3e3c66b6f7845d3771674e314d/element/f.5281968FC682DAF02FAC5F987076CB5D.d.D1BDDA4250E9DB4BBCB60CD306D481F9.e.8119/click - {}
RESULT: {}
COMMAND: GET /session/989d4e3e3c66b6f7845d3771674e314d/screenshot - {}
RESULT: {}
COMMAND: POST /session/989d4e3e3c66b6f7845d3771674e314d/element - {"using":"xpath","value":"//bdi[contains(text(), \"Material\")]"}
RESULT: {"using":"xpath","value":"//bdi[contains(text(), \"Material\")]"}
COMMAND: POST /session/989d4e3e3c66b6f7845d3771674e314d/element - {"using":"xpath","value":"//bdi[contains(text(), \"Material\")]"}
RESULT: {"using":"xpath","value":"//bdi[contains(text(), \"Material\")]"}
COMMAND: POST /session/989d4e3e3c66b6f7845d3771674e314d/element - {"using":"xpath","value":"(//bdi[contains(text(), \"Save\")])[2]"}
RESULT: {"using":"xpath","value":"(//bdi[contains(text(), \"Save\")])[2]"}
COMMAND: POST /session/989d4e3e3c66b6f7845d3771674e314d/element/f.5281968FC682DAF02FAC5F987076CB5D.d.D1BDDA4250E9DB4BBCB60CD306D481F9.e.8171/click - {}
RESULT: {}
COMMAND: GET /session/989d4e3e3c66b6f7845d3771674e314d/screenshot - {}
RESULT: {}
COMMAND: POST /session/989d4e3e3c66b6f7845d3771674e314d/element - {"using":"css selector","value":"#j_username"}
COMMAND: POST /session/989d4e3e3c66b6f7845d3771674e314d/url - {"url":"https://qa-testing-00-live-etm-ui.cfapps.eu10-004.hana.ondemand.com/"}
RESULT: {"using":"css selector","value":"#j_username"}
COMMAND: POST /session/989d4e3e3c66b6f7845d3771674e314d/element - {"using":"css selector","value":"#j_username"}
RESULT: {"url":"https://qa-testing-00-live-etm-ui.cfapps.eu10-004.hana.ondemand.com/"}
RESULT: undefined
COMMAND: GET /session/989d4e3e3c66b6f7845d3771674e314d/screenshot - {}
RESULT: {"using":"css selector","value":"#j_username"}
COMMAND: POST /session/989d4e3e3c66b6f7845d3771674e314d/element - {"using":"css selector","value":"#shell-header-logo"}
RESULT: {}
RESULT: {"using":"css selector","value":"#shell-header-logo"}
COMMAND: POST /session/989d4e3e3c66b6f7845d3771674e314d/execute/sync - {"script":"<script> [8489 bytes]","args":[{"element-6066-11e4-a52e-4f735466cecf":"f.5281968FC682DAF02FAC5F987076CB5D.d.46D3F3A164F11084D9F6A5D32A82E2CC.e.8194","ELEMENT":"f.5281968FC682DAF02FAC5F987076CB5D.d.46D3F3A164F11084D9F6A5D32A82E2CC.e.8194"}]}
RESULT: {"script":"<script> [8489 bytes]","args":[{"element-6066-11e4-a52e-4f735466cecf":"f.5281968FC682DAF02FAC5F987076CB5D.d.46D3F3A164F11084D9F6A5D32A82E2CC.e.8194","ELEMENT":"f.5281968FC682DAF02FAC5F987076CB5D.d.46D3F3A164F11084D9F6A5D32A82E2CC.e.8194"}]}
COMMAND: POST /session/989d4e3e3c66b6f7845d3771674e314d/element - {"using":"css selector","value":"#shell-header-logo"}
COMMAND: GET /session/989d4e3e3c66b6f7845d3771674e314d/screenshot - {}
RESULT: {"using":"css selector","value":"#shell-header-logo"}
COMMAND: POST /session/989d4e3e3c66b6f7845d3771674e314d/execute/sync - {"script":"<script> [8489 bytes]","args":[{"element-6066-11e4-a52e-4f735466cecf":"f.5281968FC682DAF02FAC5F987076CB5D.d.46D3F3A164F11084D9F6A5D32A82E2CC.e.8194","ELEMENT":"f.5281968FC682DAF02FAC5F987076CB5D.d.46D3F3A164F11084D9F6A5D32A82E2CC.e.8194"}]}
RESULT: {}
RESULT: {"script":"<script> [8489 bytes]","args":[{"element-6066-11e4-a52e-4f735466cecf":"f.5281968FC682DAF02FAC5F987076CB5D.d.46D3F3A164F11084D9F6A5D32A82E2CC.e.8194","ELEMENT":"f.5281968FC682DAF02FAC5F987076CB5D.d.46D3F3A164F11084D9F6A5D32A82E2CC.e.8194"}]}
COMMAND: POST /session/989d4e3e3c66b6f7845d3771674e314d/execute/sync - {"script":"<script> [5351 bytes]","args":[{"element-6066-11e4-a52e-4f735466cecf":"f.5281968FC682DAF02FAC5F987076CB5D.d.46D3F3A164F11084D9F6A5D32A82E2CC.e.8194","ELEMENT":"f.5281968FC682DAF02FAC5F987076CB5D.d.46D3F3A164F11084D9F6A5D32A82E2CC.e.8194"}]}
COMMAND: GET /session/989d4e3e3c66b6f7845d3771674e314d/screenshot - {}
RESULT: {"script":"<script> [5351 bytes]","args":[{"element-6066-11e4-a52e-4f735466cecf":"f.5281968FC682DAF02FAC5F987076CB5D.d.46D3F3A164F11084D9F6A5D32A82E2CC.e.8194","ELEMENT":"f.5281968FC682DAF02FAC5F987076CB5D.d.46D3F3A164F11084D9F6A5D32A82E2CC.e.8194"}]}
COMMAND: POST /session/989d4e3e3c66b6f7845d3771674e314d/element - {"using":"css selector","value":"#shell-header-logo"}
COMMAND: GET /session/989d4e3e3c66b6f7845d3771674e314d/screenshot - {}
RESULT: {}
RESULT: {"using":"css selector","value":"#shell-header-logo"}
COMMAND: POST /session/989d4e3e3c66b6f7845d3771674e314d/element/f.5281968FC682DAF02FAC5F987076CB5D.d.46D3F3A164F11084D9F6A5D32A82E2CC.e.8194/click - {}
RESULT: {}
RESULT: {}
COMMAND: GET /session/989d4e3e3c66b6f7845d3771674e314d/screenshot - {}
RESULT: {}
COMMAND: POST /session/989d4e3e3c66b6f7845d3771674e314d/execute/async - {"script":"<script> [189 bytes]","args":[]}
RESULT: {"script":"<script> [189 bytes]","args":[]}
COMMAND: POST /session/989d4e3e3c66b6f7845d3771674e314d/execute/async - {"script":"<script> [123 bytes]","args":[]}
RESULT: {"script":"<script> [123 bytes]","args":[]}
COMMAND: POST /session/989d4e3e3c66b6f7845d3771674e314d/timeouts - {"script":"<number>"}
RESULT: {"script":"<number>"}
COMMAND: GET /session/989d4e3e3c66b6f7845d3771674e314d/timeouts - {}
RESULT: {}
RESULT: undefined
COMMAND: POST /session/989d4e3e3c66b6f7845d3771674e314d/execute/async - {"script":"<script> [2676 bytes]","args":[]}
RESULT: {"script":"<script> [2676 bytes]","args":[]}
COMMAND: POST /session/989d4e3e3c66b6f7845d3771674e314d/execute/async - {"script":"<script> [2342 bytes]","args":[{"protocol":"http","hostname":"0.0.0.0","path":"/","capabilities":{"browserName":"chrome","goog:chromeOptions":{"binary":"C:\\Program Files\\Google\\Chrome\\Application\\chrome.exe","args":["--start-maximized"]}},"logLevel":"warn","connectionRetryTimeout":120000,"connectionRetryCount":3,"logLevels":{},"enableDirectConnect":true,"strictSSL":true,"_":"65 more keys: [\"cacheDir\",\"port\",\"requestedCapabilities\",\"automationProtocol\",\"baseUrl\",\"waitforInterval\",\"waitforTimeout\",\"onReload\",\"beforeCommand\",\"afterCommand\",\"rootDir\",\"specs\",\"suites\",\"exclude\",\"groupLogsByTestSpec\",\"excludeDriverLogs\",\"bail\",\"framework\",\"reporters\",\"services\",\"maxInstances\",\"maxInstancesPerCapability\",\"injectGlobals\",\"filesToWatch\",\"execArgv\",\"runnerEnv\",\"runner\",\"shard\",\"specFileRetries\",\"specFileRetriesDelay\",\"specFileRetriesDeferred\",\"reporterSyncInterval\",\"reporterSyncTimeout\",\"cucumberFeaturesWithLineNumbers\",\"autoCompileOpts\",\"mochaOpts\",\"jasmineOpts\",\"cucumberOpts\",\"onPrepare\",\"onWorkerStart\",\"onWorkerEnd\",\"before\",\"beforeSession\",\"beforeSuite\",\"beforeHook\",\"beforeTest\",\"afterTest\",\"afterHook\",\"afterSuite\",\"afterSession\",\"after\",\"onComplete\",\"beforeAssertion\",\"afterAssertion\",\"beforeFeature\",\"beforeScenario\",\"beforeStep\",\"afterStep\",\"afterScenario\",\"afterFeature\",\"_\",\"suite\",\"$0\",\"ignoredWorkerServices\",\"wdi5\"]"}]}
RESULT: {"script":"<script> [2342 bytes]","args":[{"protocol":"http","hostname":"0.0.0.0","path":"/","capabilities":{"browserName":"chrome","goog:chromeOptions":{"binary":"C:\\Program Files\\Google\\Chrome\\Application\\chrome.exe","args":["--start-maximized"]}},"logLevel":"warn","connectionRetryTimeout":120000,"connectionRetryCount":3,"logLevels":{},"enableDirectConnect":true,"strictSSL":true,"_":"65 more keys: [\"cacheDir\",\"port\",\"requestedCapabilities\",\"automationProtocol\",\"baseUrl\",\"waitforInterval\",\"waitforTimeout\",\"onReload\",\"beforeCommand\",\"afterCommand\",\"rootDir\",\"specs\",\"suites\",\"exclude\",\"groupLogsByTestSpec\",\"excludeDriverLogs\",\"bail\",\"framework\",\"reporters\",\"services\",\"maxInstances\",\"maxInstancesPerCapability\",\"injectGlobals\",\"filesToWatch\",\"execArgv\",\"runnerEnv\",\"runner\",\"shard\",\"specFileRetries\",\"specFileRetriesDelay\",\"specFileRetriesDeferred\",\"reporterSyncInterval\",\"reporterSyncTimeout\",\"cucumberFeaturesWithLineNumbers\",\"autoCompileOpts\",\"mochaOpts\",\"jasmineOpts\",\"cucumberOpts\",\"onPrepare\",\"onWorkerStart\",\"onWorkerEnd\",\"before\",\"beforeSession\",\"beforeSuite\",\"beforeHook\",\"beforeTest\",\"afterTest\",\"afterHook\",\"afterSuite\",\"afterSession\",\"after\",\"onComplete\",\"beforeAssertion\",\"afterAssertion\",\"beforeFeature\",\"beforeScenario\",\"beforeStep\",\"afterStep\",\"afterScenario\",\"afterFeature\",\"_\",\"suite\",\"$0\",\"ignoredWorkerServices\",\"wdi5\"]"}]}
COMMAND: POST /session/989d4e3e3c66b6f7845d3771674e314d/execute/async - {"script":"<script> [21126 bytes]","args":[35000]}
RESULT: {"script":"<script> [21126 bytes]","args":[35000]}
COMMAND: POST /session/989d4e3e3c66b6f7845d3771674e314d/window/maximize - {}
RESULT: {}
COMMAND: POST /session/989d4e3e3c66b6f7845d3771674e314d/execute/async - {"script":"<script> [1562 bytes]","args":[{"selector":{"id":"shell-header","interaction":{"idSuffix":"icon"}},"wdio_ui5_key":"shellheader"}]}
COMMAND: GET /session/989d4e3e3c66b6f7845d3771674e314d/screenshot - {}
RESULT: {"script":"<script> [1562 bytes]","args":[{"selector":{"id":"shell-header","interaction":{"idSuffix":"icon"}},"wdio_ui5_key":"shellheader"}]}
RESULT: undefined
RESULT: {}
]]></system-out>
    </testcase>
  </testsuite>
  <testsuite timestamp="2025-04-30T07:32:10" time="505.41" tests="5" failures="0" errors="0" skipped="0">
    <properties>
      <property name="specId" value="0" />
      <property name="suiteName" value="Warehouse movements inventory test" />
      <property name="capabilities" value="chrome.135_0_7049_96.windows" />
      <property name="file" value="file:///D:/a/1/s/test/specs/R2C/create-resource.spec.js" />
    </properties>
    <testcase classname="chrome.135_0_7049_96.windows.Warehouse_movements_inventory_test" name="Should create a new WHM yard" time="130.135">
      <system-out><![CDATA[
COMMAND: POST /session/989d4e3e3c66b6f7845d3771674e314d/execute/async - {"script":"<script> [1562 bytes]","args":[{"selector":{"controlType":"sap.m.GenericTile","properties":{"header":"Manage Yards"}},"wdio_ui5_key":"sapm.GenericTile{\"header\":\"Manage Yards\"}"}]}
RESULT: {"script":"<script> [1562 bytes]","args":[{"selector":{"controlType":"sap.m.GenericTile","properties":{"header":"Manage Yards"}},"wdio_ui5_key":"sapm.GenericTile{\"header\":\"Manage Yards\"}"}]}
RESULT: undefined
COMMAND: POST /session/989d4e3e3c66b6f7845d3771674e314d/element - {"using":"xpath","value":"//*[@id=\"__tile41\"]"}
RESULT: {"using":"xpath","value":"//*[@id=\"__tile41\"]"}
COMMAND: POST /session/989d4e3e3c66b6f7845d3771674e314d/element/f.5281968FC682DAF02FAC5F987076CB5D.d.46D3F3A164F11084D9F6A5D32A82E2CC.e.8197/click - {}
RESULT: {}
COMMAND: GET /session/989d4e3e3c66b6f7845d3771674e314d/screenshot - {}
RESULT: {}
COMMAND: POST /session/989d4e3e3c66b6f7845d3771674e314d/execute/async - {"script":"<script> [1562 bytes]","args":[{"selector":{"controlType":"sap.ui.core.Icon","viewName":"etm.portal.ui.manageyards.view.Master","viewId":"application-manageyards-display-component---masterYard","properties":{"src":{"regex":{"source":"add"}}}},"wdio_ui5_key":"etmportal.ui.manageyards.view.Mastersap.ui.core.Icon{\"src\":{\"regex\":{\"source\":\"add\"}}}"}]}
RESULT: {"script":"<script> [1562 bytes]","args":[{"selector":{"controlType":"sap.ui.core.Icon","viewName":"etm.portal.ui.manageyards.view.Master","viewId":"application-manageyards-display-component---masterYard","properties":{"src":{"regex":{"source":"add"}}}},"wdio_ui5_key":"etmportal.ui.manageyards.view.Mastersap.ui.core.Icon{\"src\":{\"regex\":{\"source\":\"add\"}}}"}]}
RESULT: undefined
COMMAND: POST /session/989d4e3e3c66b6f7845d3771674e314d/element - {"using":"xpath","value":"//*[@id=\"__button4-img\"]"}
RESULT: {"using":"xpath","value":"//*[@id=\"__button4-img\"]"}
COMMAND: POST /session/989d4e3e3c66b6f7845d3771674e314d/element/f.5281968FC682DAF02FAC5F987076CB5D.d.46D3F3A164F11084D9F6A5D32A82E2CC.e.8243/click - {}
RESULT: {}
COMMAND: GET /session/989d4e3e3c66b6f7845d3771674e314d/screenshot - {}
RESULT: {}
COMMAND: POST /session/989d4e3e3c66b6f7845d3771674e314d/execute/async - {"script":"<script> [1562 bytes]","args":[{"selector":{"id":"application-manageyards-display-component---NewYard--yardId","interaction":{"idSuffix":"inner"}},"wdio_ui5_key":"applicationmanageyards-display-component---NewYard--yardId"}]}
RESULT: {"script":"<script> [1562 bytes]","args":[{"selector":{"id":"application-manageyards-display-component---NewYard--yardId","interaction":{"idSuffix":"inner"}},"wdio_ui5_key":"applicationmanageyards-display-component---NewYard--yardId"}]}
RESULT: undefined
COMMAND: POST /session/989d4e3e3c66b6f7845d3771674e314d/element - {"using":"xpath","value":"//*[@id=\"application-manageyards-display-component---NewYard--addressDetailDetailsName1-inner\"]"}
RESULT: {"using":"xpath","value":"//*[@id=\"application-manageyards-display-component---NewYard--addressDetailDetailsName1-inner\"]"}
COMMAND: POST /session/989d4e3e3c66b6f7845d3771674e314d/element/f.5281968FC682DAF02FAC5F987076CB5D.d.46D3F3A164F11084D9F6A5D32A82E2CC.e.8474/clear - {}
RESULT: {}
COMMAND: POST /session/989d4e3e3c66b6f7845d3771674e314d/element/f.5281968FC682DAF02FAC5F987076CB5D.d.46D3F3A164F11084D9F6A5D32A82E2CC.e.8474/value - {"text":"WebdriverWHMYard7i7dhk"}
COMMAND: GET /session/989d4e3e3c66b6f7845d3771674e314d/screenshot - {}
RESULT: {"text":"WebdriverWHMYard7i7dhk"}
COMMAND: POST /session/989d4e3e3c66b6f7845d3771674e314d/element - {"using":"xpath","value":"//*[@id=\"application-manageyards-display-component---NewYard--addressDetailDetailsLanguage-inner\"]"}
COMMAND: GET /session/989d4e3e3c66b6f7845d3771674e314d/screenshot - {}
RESULT: {}
RESULT: {"using":"xpath","value":"//*[@id=\"application-manageyards-display-component---NewYard--addressDetailDetailsLanguage-inner\"]"}
COMMAND: POST /session/989d4e3e3c66b6f7845d3771674e314d/element/f.5281968FC682DAF02FAC5F987076CB5D.d.46D3F3A164F11084D9F6A5D32A82E2CC.e.8475/clear - {}
RESULT: {}
RESULT: {}
COMMAND: POST /session/989d4e3e3c66b6f7845d3771674e314d/element/f.5281968FC682DAF02FAC5F987076CB5D.d.46D3F3A164F11084D9F6A5D32A82E2CC.e.8475/value - {"text":"Romanian"}
COMMAND: GET /session/989d4e3e3c66b6f7845d3771674e314d/screenshot - {}
RESULT: {"text":"Romanian"}
COMMAND: POST /session/989d4e3e3c66b6f7845d3771674e314d/element - {"using":"xpath","value":"//input[contains(@id ,\"application-manageyards-display-component---NewYard--addressDetailDetailsName1-inner\")]"}
COMMAND: GET /session/989d4e3e3c66b6f7845d3771674e314d/screenshot - {}
RESULT: {}
RESULT: {"using":"xpath","value":"//input[contains(@id ,\"application-manageyards-display-component---NewYard--addressDetailDetailsName1-inner\")]"}
COMMAND: GET /session/989d4e3e3c66b6f7845d3771674e314d/element/f.5281968FC682DAF02FAC5F987076CB5D.d.46D3F3A164F11084D9F6A5D32A82E2CC.e.8474/property/value - {}
RESULT: {}
RESULT: {}
COMMAND: GET /session/989d4e3e3c66b6f7845d3771674e314d/screenshot - {}
RESULT: {}
COMMAND: POST /session/989d4e3e3c66b6f7845d3771674e314d/element - {"using":"xpath","value":"//*[@id=\"application-manageyards-display-component---NewYard--addressDetailDetailsCity1-inner\"]"}
RESULT: {"using":"xpath","value":"//*[@id=\"application-manageyards-display-component---NewYard--addressDetailDetailsCity1-inner\"]"}
COMMAND: POST /session/989d4e3e3c66b6f7845d3771674e314d/element/f.5281968FC682DAF02FAC5F987076CB5D.d.46D3F3A164F11084D9F6A5D32A82E2CC.e.8477/clear - {}
RESULT: {}
COMMAND: POST /session/989d4e3e3c66b6f7845d3771674e314d/element/f.5281968FC682DAF02FAC5F987076CB5D.d.46D3F3A164F11084D9F6A5D32A82E2CC.e.8477/value - {"text":"Bucuresti"}
COMMAND: GET /session/989d4e3e3c66b6f7845d3771674e314d/screenshot - {}
RESULT: {"text":"Bucuresti"}
COMMAND: GET /session/989d4e3e3c66b6f7845d3771674e314d/screenshot - {}
RESULT: {}
RESULT: {}
COMMAND: POST /session/989d4e3e3c66b6f7845d3771674e314d/element - {"using":"xpath","value":"//*[@id=\"application-manageyards-display-component---NewYard--addressDetailDetailsCountry-inner\"]"}
RESULT: {"using":"xpath","value":"//*[@id=\"application-manageyards-display-component---NewYard--addressDetailDetailsCountry-inner\"]"}
COMMAND: POST /session/989d4e3e3c66b6f7845d3771674e314d/element/f.5281968FC682DAF02FAC5F987076CB5D.d.46D3F3A164F11084D9F6A5D32A82E2CC.e.8481/clear - {}
RESULT: {}
COMMAND: POST /session/989d4e3e3c66b6f7845d3771674e314d/element/f.5281968FC682DAF02FAC5F987076CB5D.d.46D3F3A164F11084D9F6A5D32A82E2CC.e.8481/value - {"text":"Romania"}
COMMAND: GET /session/989d4e3e3c66b6f7845d3771674e314d/screenshot - {}
RESULT: {"text":"Romania"}
COMMAND: GET /session/989d4e3e3c66b6f7845d3771674e314d/screenshot - {}
RESULT: {}
RESULT: {}
COMMAND: POST /session/989d4e3e3c66b6f7845d3771674e314d/execute/async - {"script":"<script> [1562 bytes]","args":[{"selector":{"controlType":"sap.m.Button","viewName":"etm.portal.ui.manageyards.view.New","viewId":"application-manageyards-display-component---NewYard","properties":{"text":"Commercial"},"interaction":{"idSuffix":"BDI-content"}},"wdio_ui5_key":"etmportal.ui.manageyards.view.Newsap.m.Button{\"text\":\"Commercial\"}"}]}
RESULT: {"script":"<script> [1562 bytes]","args":[{"selector":{"controlType":"sap.m.Button","viewName":"etm.portal.ui.manageyards.view.New","viewId":"application-manageyards-display-component---NewYard","properties":{"text":"Commercial"},"interaction":{"idSuffix":"BDI-content"}},"wdio_ui5_key":"etmportal.ui.manageyards.view.Newsap.m.Button{\"text\":\"Commercial\"}"}]}
RESULT: undefined
COMMAND: POST /session/989d4e3e3c66b6f7845d3771674e314d/element - {"using":"xpath","value":"//*[@id=\"application-manageyards-display-component---NewYard--ObjectPageLayout-anchBar-__section5-anchor\"]"}
RESULT: {"using":"xpath","value":"//*[@id=\"application-manageyards-display-component---NewYard--ObjectPageLayout-anchBar-__section5-anchor\"]"}
COMMAND: POST /session/989d4e3e3c66b6f7845d3771674e314d/element/f.5281968FC682DAF02FAC5F987076CB5D.d.46D3F3A164F11084D9F6A5D32A82E2CC.e.8652/click - {}
RESULT: {}
COMMAND: GET /session/989d4e3e3c66b6f7845d3771674e314d/screenshot - {}
RESULT: {}
COMMAND: POST /session/989d4e3e3c66b6f7845d3771674e314d/element - {"using":"xpath","value":"//div[contains(text(), \"Commercial\")]"}
RESULT: {"using":"xpath","value":"//div[contains(text(), \"Commercial\")]"}
COMMAND: GET /session/989d4e3e3c66b6f7845d3771674e314d/element/f.5281968FC682DAF02FAC5F987076CB5D.d.46D3F3A164F11084D9F6A5D32A82E2CC.e.8661/rect - {}
RESULT: {}
COMMAND: GET /session/989d4e3e3c66b6f7845d3771674e314d/window/rect - {}
RESULT: {}
COMMAND: POST /session/989d4e3e3c66b6f7845d3771674e314d/execute/sync - {"script":"<script> [92 bytes]","args":[]}
RESULT: {"script":"<script> [92 bytes]","args":[]}
COMMAND: POST /session/989d4e3e3c66b6f7845d3771674e314d/actions - {"actions":[{"id":"action27","type":"wheel","parameters":{},"actions":[{"type":"scroll","x":-1841,"y":-44,"deltaX":0,"deltaY":0,"duration":0,"origin":{"element-6066-11e4-a52e-4f735466cecf":"f.5281968FC682DAF02FAC5F987076CB5D.d.46D3F3A164F11084D9F6A5D32A82E2CC.e.8661"}}]}]}
COMMAND: GET /session/989d4e3e3c66b6f7845d3771674e314d/screenshot - {}
RESULT: {}
COMMAND: POST /session/989d4e3e3c66b6f7845d3771674e314d/execute/sync - {"script":"<script> [79 bytes]","args":[{"element-6066-11e4-a52e-4f735466cecf":"f.5281968FC682DAF02FAC5F987076CB5D.d.46D3F3A164F11084D9F6A5D32A82E2CC.e.8661","ELEMENT":"f.5281968FC682DAF02FAC5F987076CB5D.d.46D3F3A164F11084D9F6A5D32A82E2CC.e.8661"},{"block":"start","inline":"nearest"}]}
RESULT: {"script":"<script> [79 bytes]","args":[{"element-6066-11e4-a52e-4f735466cecf":"f.5281968FC682DAF02FAC5F987076CB5D.d.46D3F3A164F11084D9F6A5D32A82E2CC.e.8661","ELEMENT":"f.5281968FC682DAF02FAC5F987076CB5D.d.46D3F3A164F11084D9F6A5D32A82E2CC.e.8661"},{"block":"start","inline":"nearest"}]}
COMMAND: GET /session/989d4e3e3c66b6f7845d3771674e314d/screenshot - {}
RESULT: {}
COMMAND: POST /session/989d4e3e3c66b6f7845d3771674e314d/execute/async - {"script":"<script> [1562 bytes]","args":[{"selector":{"id":"application-manageyards-display-component---NewYard--addressEditDetailsCostObjectCstType-arrow"},"wdio_ui5_key":"applicationmanageyards-display-component---NewYard--addressEditDetailsCostObjectCstType-arrow"}]}
RESULT: {"script":"<script> [1562 bytes]","args":[{"selector":{"id":"application-manageyards-display-component---NewYard--addressEditDetailsCostObjectCstType-arrow"},"wdio_ui5_key":"applicationmanageyards-display-component---NewYard--addressEditDetailsCostObjectCstType-arrow"}]}
RESULT: undefined
COMMAND: POST /session/989d4e3e3c66b6f7845d3771674e314d/element - {"using":"xpath","value":"//*[@id=\"application-manageyards-display-component---NewYard--addressEditDetailsCostObjectCstType-arrow\"]"}
RESULT: {"using":"xpath","value":"//*[@id=\"application-manageyards-display-component---NewYard--addressEditDetailsCostObjectCstType-arrow\"]"}
COMMAND: POST /session/989d4e3e3c66b6f7845d3771674e314d/element/f.5281968FC682DAF02FAC5F987076CB5D.d.46D3F3A164F11084D9F6A5D32A82E2CC.e.8662/click - {}
RESULT: {}
COMMAND: POST /session/989d4e3e3c66b6f7845d3771674e314d/element - {"using":"xpath","value":"//span[contains(text(), \"Cost Center\")]"}
COMMAND: GET /session/989d4e3e3c66b6f7845d3771674e314d/screenshot - {}
RESULT: {"using":"xpath","value":"//span[contains(text(), \"Cost Center\")]"}
COMMAND: POST /session/989d4e3e3c66b6f7845d3771674e314d/element/f.5281968FC682DAF02FAC5F987076CB5D.d.46D3F3A164F11084D9F6A5D32A82E2CC.e.8663/click - {}
RESULT: {}
RESULT: {}
COMMAND: GET /session/989d4e3e3c66b6f7845d3771674e314d/screenshot - {}
RESULT: {}
COMMAND: POST /session/989d4e3e3c66b6f7845d3771674e314d/execute/async - {"script":"<script> [1562 bytes]","args":[{"selector":{"id":"application-manageyards-display-component---NewYard--addressNewCostObjectCstID-vhi"},"wdio_ui5_key":"applicationmanageyards-display-component---NewYard--addressNewCostObjectCstID-vhi"}]}
RESULT: {"script":"<script> [1562 bytes]","args":[{"selector":{"id":"application-manageyards-display-component---NewYard--addressNewCostObjectCstID-vhi"},"wdio_ui5_key":"applicationmanageyards-display-component---NewYard--addressNewCostObjectCstID-vhi"}]}
RESULT: undefined
COMMAND: POST /session/989d4e3e3c66b6f7845d3771674e314d/element - {"using":"xpath","value":"//*[@id=\"application-manageyards-display-component---NewYard--addressNewCostObjectCstID-vhi\"]"}
RESULT: {"using":"xpath","value":"//*[@id=\"application-manageyards-display-component---NewYard--addressNewCostObjectCstID-vhi\"]"}
COMMAND: POST /session/989d4e3e3c66b6f7845d3771674e314d/element/f.5281968FC682DAF02FAC5F987076CB5D.d.46D3F3A164F11084D9F6A5D32A82E2CC.e.8667/click - {}
RESULT: {}
COMMAND: GET /session/989d4e3e3c66b6f7845d3771674e314d/screenshot - {}
RESULT: {}
COMMAND: POST /session/989d4e3e3c66b6f7845d3771674e314d/execute/async - {"script":"<script> [1562 bytes]","args":[{"selector":{"controlType":"sap.m.SearchField","properties":{"placeholder":"Search"},"searchOpenDialogs":true,"interaction":{"idSuffix":"I"}},"wdio_ui5_key":"sapm.SearchField{\"placeholder\":\"Search\"}"}]}
RESULT: {"script":"<script> [1562 bytes]","args":[{"selector":{"controlType":"sap.m.SearchField","properties":{"placeholder":"Search"},"searchOpenDialogs":true,"interaction":{"idSuffix":"I"}},"wdio_ui5_key":"sapm.SearchField{\"placeholder\":\"Search\"}"}]}
RESULT: undefined
COMMAND: POST /session/989d4e3e3c66b6f7845d3771674e314d/execute/async - {"script":"<script> [776 bytes]","args":[{"enterText":"10001013","selector":{"controlType":"sap.m.SearchField","properties":{"placeholder":"Search"},"searchOpenDialogs":true,"interaction":{"idSuffix":"I"}},"clearTextFirst":true,"interactionType":"ENTER_TEXT"}]}
RESULT: {"script":"<script> [776 bytes]","args":[{"enterText":"10001013","selector":{"controlType":"sap.m.SearchField","properties":{"placeholder":"Search"},"searchOpenDialogs":true,"interaction":{"idSuffix":"I"}},"clearTextFirst":true,"interactionType":"ENTER_TEXT"}]}
COMMAND: POST /session/989d4e3e3c66b6f7845d3771674e314d/actions - {"actions":[{"id":"action28","type":"key","parameters":{},"actions":[{"type":"keyDown","value":"î€‡"},{"type":"pause","duration":10},{"type":"keyUp","value":"î€‡"}]}]}
RESULT: {"actions":[{"id":"action28","type":"key","parameters":{},"actions":[{"type":"keyDown","value":"î€‡"},{"type":"pause","duration":10},{"type":"keyUp","value":"î€‡"}]}]}
COMMAND: GET /session/989d4e3e3c66b6f7845d3771674e314d/screenshot - {}
RESULT: {}
COMMAND: POST /session/989d4e3e3c66b6f7845d3771674e314d/element - {"using":"xpath","value":"//span[contains(text(), \"General Management\")]"}
RESULT: {"using":"xpath","value":"//span[contains(text(), \"General Management\")]"}
COMMAND: POST /session/989d4e3e3c66b6f7845d3771674e314d/element/f.5281968FC682DAF02FAC5F987076CB5D.d.46D3F3A164F11084D9F6A5D32A82E2CC.e.8708/click - {}
RESULT: {}
COMMAND: GET /session/989d4e3e3c66b6f7845d3771674e314d/screenshot - {}
RESULT: {}
COMMAND: POST /session/989d4e3e3c66b6f7845d3771674e314d/element - {"using":"xpath","value":"//bdi[contains(text(), \"OK\")]"}
RESULT: {"using":"xpath","value":"//bdi[contains(text(), \"OK\")]"}
COMMAND: POST /session/989d4e3e3c66b6f7845d3771674e314d/element/f.5281968FC682DAF02FAC5F987076CB5D.d.46D3F3A164F11084D9F6A5D32A82E2CC.e.8709/click - {}
RESULT: {}
COMMAND: GET /session/989d4e3e3c66b6f7845d3771674e314d/screenshot - {}
RESULT: {}
COMMAND: POST /session/989d4e3e3c66b6f7845d3771674e314d/execute/async - {"script":"<script> [1562 bytes]","args":[{"selector":{"id":"application-manageyards-display-component---NewYard--addressEditDetailsCurrency","interaction":{"idSuffix":"inner"}},"wdio_ui5_key":"applicationmanageyards-display-component---NewYard--addressEditDetailsCurrency"}]}
RESULT: {"script":"<script> [1562 bytes]","args":[{"selector":{"id":"application-manageyards-display-component---NewYard--addressEditDetailsCurrency","interaction":{"idSuffix":"inner"}},"wdio_ui5_key":"applicationmanageyards-display-component---NewYard--addressEditDetailsCurrency"}]}
RESULT: undefined
COMMAND: POST /session/989d4e3e3c66b6f7845d3771674e314d/execute/async - {"script":"<script> [776 bytes]","args":[{"enterText":"Euro","selector":{"id":"application-manageyards-display-component---NewYard--addressEditDetailsCurrency","interaction":{"idSuffix":"inner"}},"clearTextFirst":true,"interactionType":"ENTER_TEXT"}]}
RESULT: {"script":"<script> [776 bytes]","args":[{"enterText":"Euro","selector":{"id":"application-manageyards-display-component---NewYard--addressEditDetailsCurrency","interaction":{"idSuffix":"inner"}},"clearTextFirst":true,"interactionType":"ENTER_TEXT"}]}
COMMAND: POST /session/989d4e3e3c66b6f7845d3771674e314d/execute/async - {"script":"<script> [1562 bytes]","args":[{"selector":{"controlType":"sap.m.Input","viewName":"etm.portal.ui.manageyards.view.New","viewId":"application-manageyards-display-component---NewYard","bindingPath":{"path":"","propertyPath":"/CONTROLLING_AREA","modelName":"NewYardModel"},"interaction":{"idSuffix":"inner"}},"wdio_ui5_key":"etmportal.ui.manageyards.view.Newsap.m.Input{\"path\":\"\",\"propertyPath\":\"/CONTROLLING_AREA\",\"modelName\":\"NewYardModel\"}"}]}
RESULT: {"script":"<script> [1562 bytes]","args":[{"selector":{"controlType":"sap.m.Input","viewName":"etm.portal.ui.manageyards.view.New","viewId":"application-manageyards-display-component---NewYard","bindingPath":{"path":"","propertyPath":"/CONTROLLING_AREA","modelName":"NewYardModel"},"interaction":{"idSuffix":"inner"}},"wdio_ui5_key":"etmportal.ui.manageyards.view.Newsap.m.Input{\"path\":\"\",\"propertyPath\":\"/CONTROLLING_AREA\",\"modelName\":\"NewYardModel\"}"}]}
RESULT: undefined
COMMAND: POST /session/989d4e3e3c66b6f7845d3771674e314d/execute/async - {"script":"<script> [776 bytes]","args":[{"enterText":"Z001","selector":{"controlType":"sap.m.Input","viewName":"etm.portal.ui.manageyards.view.New","viewId":"application-manageyards-display-component---NewYard","bindingPath":{"path":"","propertyPath":"/CONTROLLING_AREA","modelName":"NewYardModel"},"interaction":{"idSuffix":"inner"}},"clearTextFirst":true,"interactionType":"ENTER_TEXT"}]}
RESULT: {"script":"<script> [776 bytes]","args":[{"enterText":"Z001","selector":{"controlType":"sap.m.Input","viewName":"etm.portal.ui.manageyards.view.New","viewId":"application-manageyards-display-component---NewYard","bindingPath":{"path":"","propertyPath":"/CONTROLLING_AREA","modelName":"NewYardModel"},"interaction":{"idSuffix":"inner"}},"clearTextFirst":true,"interactionType":"ENTER_TEXT"}]}
COMMAND: POST /session/989d4e3e3c66b6f7845d3771674e314d/execute/async - {"script":"<script> [1562 bytes]","args":[{"selector":{"id":"application-manageyards-display-component---NewYard--companyCodeComboBox","interaction":{"idSuffix":"inner"}},"wdio_ui5_key":"applicationmanageyards-display-component---NewYard--companyCodeComboBox"}]}
RESULT: {"script":"<script> [1562 bytes]","args":[{"selector":{"id":"application-manageyards-display-component---NewYard--companyCodeComboBox","interaction":{"idSuffix":"inner"}},"wdio_ui5_key":"applicationmanageyards-display-component---NewYard--companyCodeComboBox"}]}
RESULT: undefined
COMMAND: POST /session/989d4e3e3c66b6f7845d3771674e314d/execute/async - {"script":"<script> [776 bytes]","args":[{"enterText":"1000","selector":{"id":"application-manageyards-display-component---NewYard--companyCodeComboBox","interaction":{"idSuffix":"inner"}},"clearTextFirst":true,"interactionType":"ENTER_TEXT"}]}
RESULT: {"script":"<script> [776 bytes]","args":[{"enterText":"1000","selector":{"id":"application-manageyards-display-component---NewYard--companyCodeComboBox","interaction":{"idSuffix":"inner"}},"clearTextFirst":true,"interactionType":"ENTER_TEXT"}]}
COMMAND: POST /session/989d4e3e3c66b6f7845d3771674e314d/actions - {"actions":[{"id":"action29","type":"key","parameters":{},"actions":[{"type":"keyDown","value":"î€‡"},{"type":"pause","duration":10},{"type":"keyUp","value":"î€‡"}]}]}
RESULT: {"actions":[{"id":"action29","type":"key","parameters":{},"actions":[{"type":"keyDown","value":"î€‡"},{"type":"pause","duration":10},{"type":"keyUp","value":"î€‡"}]}]}
COMMAND: POST /session/989d4e3e3c66b6f7845d3771674e314d/execute/async - {"script":"<script> [1562 bytes]","args":[{"selector":{"controlType":"sap.m.Input","viewName":"etm.portal.ui.manageyards.view.New","viewId":"application-manageyards-display-component---NewYard","bindingPath":{"path":"","propertyPath":"/PLANT","modelName":"NewYardModel"},"interaction":{"idSuffix":"inner"}},"wdio_ui5_key":"etmportal.ui.manageyards.view.Newsap.m.Input{\"path\":\"\",\"propertyPath\":\"/PLANT\",\"modelName\":\"NewYardModel\"}"}]}
COMMAND: GET /session/989d4e3e3c66b6f7845d3771674e314d/screenshot - {}
RESULT: {"script":"<script> [1562 bytes]","args":[{"selector":{"controlType":"sap.m.Input","viewName":"etm.portal.ui.manageyards.view.New","viewId":"application-manageyards-display-component---NewYard","bindingPath":{"path":"","propertyPath":"/PLANT","modelName":"NewYardModel"},"interaction":{"idSuffix":"inner"}},"wdio_ui5_key":"etmportal.ui.manageyards.view.Newsap.m.Input{\"path\":\"\",\"propertyPath\":\"/PLANT\",\"modelName\":\"NewYardModel\"}"}]}
RESULT: undefined
COMMAND: POST /session/989d4e3e3c66b6f7845d3771674e314d/execute/async - {"script":"<script> [776 bytes]","args":[{"enterText":"1001","selector":{"controlType":"sap.m.Input","viewName":"etm.portal.ui.manageyards.view.New","viewId":"application-manageyards-display-component---NewYard","bindingPath":{"path":"","propertyPath":"/PLANT","modelName":"NewYardModel"},"interaction":{"idSuffix":"inner"}},"clearTextFirst":true,"interactionType":"ENTER_TEXT"}]}
RESULT: {}
RESULT: {"script":"<script> [776 bytes]","args":[{"enterText":"1001","selector":{"controlType":"sap.m.Input","viewName":"etm.portal.ui.manageyards.view.New","viewId":"application-manageyards-display-component---NewYard","bindingPath":{"path":"","propertyPath":"/PLANT","modelName":"NewYardModel"},"interaction":{"idSuffix":"inner"}},"clearTextFirst":true,"interactionType":"ENTER_TEXT"}]}
COMMAND: POST /session/989d4e3e3c66b6f7845d3771674e314d/execute/async - {"script":"<script> [1562 bytes]","args":[{"selector":{"controlType":"sap.m.Input","viewName":"etm.portal.ui.manageyards.view.New","viewId":"application-manageyards-display-component---NewYard","bindingPath":{"path":"","propertyPath":"/SALES_AREA_VKORG","modelName":"NewYardModel"},"interaction":{"idSuffix":"inner"}},"wdio_ui5_key":"etmportal.ui.manageyards.view.Newsap.m.Input{\"path\":\"\",\"propertyPath\":\"/SALES_AREA_VKORG\",\"modelName\":\"NewYardModel\"}"}]}
RESULT: {"script":"<script> [1562 bytes]","args":[{"selector":{"controlType":"sap.m.Input","viewName":"etm.portal.ui.manageyards.view.New","viewId":"application-manageyards-display-component---NewYard","bindingPath":{"path":"","propertyPath":"/SALES_AREA_VKORG","modelName":"NewYardModel"},"interaction":{"idSuffix":"inner"}},"wdio_ui5_key":"etmportal.ui.manageyards.view.Newsap.m.Input{\"path\":\"\",\"propertyPath\":\"/SALES_AREA_VKORG\",\"modelName\":\"NewYardModel\"}"}]}
RESULT: undefined
COMMAND: POST /session/989d4e3e3c66b6f7845d3771674e314d/execute/async - {"script":"<script> [776 bytes]","args":[{"enterText":"C002","selector":{"controlType":"sap.m.Input","viewName":"etm.portal.ui.manageyards.view.New","viewId":"application-manageyards-display-component---NewYard","bindingPath":{"path":"","propertyPath":"/SALES_AREA_VKORG","modelName":"NewYardModel"},"interaction":{"idSuffix":"inner"}},"clearTextFirst":true,"interactionType":"ENTER_TEXT"}]}
RESULT: {"script":"<script> [776 bytes]","args":[{"enterText":"C002","selector":{"controlType":"sap.m.Input","viewName":"etm.portal.ui.manageyards.view.New","viewId":"application-manageyards-display-component---NewYard","bindingPath":{"path":"","propertyPath":"/SALES_AREA_VKORG","modelName":"NewYardModel"},"interaction":{"idSuffix":"inner"}},"clearTextFirst":true,"interactionType":"ENTER_TEXT"}]}
COMMAND: POST /session/989d4e3e3c66b6f7845d3771674e314d/execute/async - {"script":"<script> [1562 bytes]","args":[{"selector":{"controlType":"sap.m.Input","viewName":"etm.portal.ui.manageyards.view.New","viewId":"application-manageyards-display-component---NewYard","bindingPath":{"path":"","propertyPath":"/SALES_AREA_VTWEG","modelName":"NewYardModel"},"interaction":{"idSuffix":"inner"}},"wdio_ui5_key":"etmportal.ui.manageyards.view.Newsap.m.Input{\"path\":\"\",\"propertyPath\":\"/SALES_AREA_VTWEG\",\"modelName\":\"NewYardModel\"}"}]}
RESULT: {"script":"<script> [1562 bytes]","args":[{"selector":{"controlType":"sap.m.Input","viewName":"etm.portal.ui.manageyards.view.New","viewId":"application-manageyards-display-component---NewYard","bindingPath":{"path":"","propertyPath":"/SALES_AREA_VTWEG","modelName":"NewYardModel"},"interaction":{"idSuffix":"inner"}},"wdio_ui5_key":"etmportal.ui.manageyards.view.Newsap.m.Input{\"path\":\"\",\"propertyPath\":\"/SALES_AREA_VTWEG\",\"modelName\":\"NewYardModel\"}"}]}
RESULT: undefined
COMMAND: POST /session/989d4e3e3c66b6f7845d3771674e314d/execute/async - {"script":"<script> [776 bytes]","args":[{"enterText":"C2","selector":{"controlType":"sap.m.Input","viewName":"etm.portal.ui.manageyards.view.New","viewId":"application-manageyards-display-component---NewYard","bindingPath":{"path":"","propertyPath":"/SALES_AREA_VTWEG","modelName":"NewYardModel"},"interaction":{"idSuffix":"inner"}},"clearTextFirst":true,"interactionType":"ENTER_TEXT"}]}
RESULT: {"script":"<script> [776 bytes]","args":[{"enterText":"C2","selector":{"controlType":"sap.m.Input","viewName":"etm.portal.ui.manageyards.view.New","viewId":"application-manageyards-display-component---NewYard","bindingPath":{"path":"","propertyPath":"/SALES_AREA_VTWEG","modelName":"NewYardModel"},"interaction":{"idSuffix":"inner"}},"clearTextFirst":true,"interactionType":"ENTER_TEXT"}]}
COMMAND: POST /session/989d4e3e3c66b6f7845d3771674e314d/execute/async - {"script":"<script> [1562 bytes]","args":[{"selector":{"controlType":"sap.m.Input","viewName":"etm.portal.ui.manageyards.view.New","viewId":"application-manageyards-display-component---NewYard","bindingPath":{"path":"","propertyPath":"/SALES_AREA_SPART","modelName":"NewYardModel"},"interaction":{"idSuffix":"inner"}},"wdio_ui5_key":"etmportal.ui.manageyards.view.Newsap.m.Input{\"path\":\"\",\"propertyPath\":\"/SALES_AREA_SPART\",\"modelName\":\"NewYardModel\"}"}]}
RESULT: {"script":"<script> [1562 bytes]","args":[{"selector":{"controlType":"sap.m.Input","viewName":"etm.portal.ui.manageyards.view.New","viewId":"application-manageyards-display-component---NewYard","bindingPath":{"path":"","propertyPath":"/SALES_AREA_SPART","modelName":"NewYardModel"},"interaction":{"idSuffix":"inner"}},"wdio_ui5_key":"etmportal.ui.manageyards.view.Newsap.m.Input{\"path\":\"\",\"propertyPath\":\"/SALES_AREA_SPART\",\"modelName\":\"NewYardModel\"}"}]}
RESULT: undefined
COMMAND: POST /session/989d4e3e3c66b6f7845d3771674e314d/execute/async - {"script":"<script> [776 bytes]","args":[{"enterText":"C2","selector":{"controlType":"sap.m.Input","viewName":"etm.portal.ui.manageyards.view.New","viewId":"application-manageyards-display-component---NewYard","bindingPath":{"path":"","propertyPath":"/SALES_AREA_SPART","modelName":"NewYardModel"},"interaction":{"idSuffix":"inner"}},"clearTextFirst":true,"interactionType":"ENTER_TEXT"}]}
RESULT: {"script":"<script> [776 bytes]","args":[{"enterText":"C2","selector":{"controlType":"sap.m.Input","viewName":"etm.portal.ui.manageyards.view.New","viewId":"application-manageyards-display-component---NewYard","bindingPath":{"path":"","propertyPath":"/SALES_AREA_SPART","modelName":"NewYardModel"},"interaction":{"idSuffix":"inner"}},"clearTextFirst":true,"interactionType":"ENTER_TEXT"}]}
COMMAND: POST /session/989d4e3e3c66b6f7845d3771674e314d/execute/async - {"script":"<script> [1562 bytes]","args":[{"selector":{"id":"application-manageyards-display-component---NewYard--whmCheckBox","interaction":{"idSuffix":"CbBg"}},"wdio_ui5_key":"applicationmanageyards-display-component---NewYard--whmCheckBox"}]}
RESULT: {"script":"<script> [1562 bytes]","args":[{"selector":{"id":"application-manageyards-display-component---NewYard--whmCheckBox","interaction":{"idSuffix":"CbBg"}},"wdio_ui5_key":"applicationmanageyards-display-component---NewYard--whmCheckBox"}]}
RESULT: undefined
COMMAND: POST /session/989d4e3e3c66b6f7845d3771674e314d/element - {"using":"xpath","value":"//*[@id=\"application-manageyards-display-component---NewYard--whmCheckBox\"]"}
RESULT: {"using":"xpath","value":"//*[@id=\"application-manageyards-display-component---NewYard--whmCheckBox\"]"}
COMMAND: POST /session/989d4e3e3c66b6f7845d3771674e314d/element/f.5281968FC682DAF02FAC5F987076CB5D.d.46D3F3A164F11084D9F6A5D32A82E2CC.e.8720/click - {}
RESULT: {}
COMMAND: POST /session/989d4e3e3c66b6f7845d3771674e314d/execute/async - {"script":"<script> [1562 bytes]","args":[{"selector":{"controlType":"sap.m.Button","viewName":"etm.portal.ui.manageyards.view.New","viewId":"application-manageyards-display-component---NewYard","i18NText":{"propertyName":"text","key":"save"},"interaction":{"idSuffix":"inner"}},"wdio_ui5_key":"etmportal.ui.manageyards.view.Newsap.m.Button{\"propertyName\":\"text\",\"key\":\"save\"}"}]}
COMMAND: GET /session/989d4e3e3c66b6f7845d3771674e314d/screenshot - {}
RESULT: {"script":"<script> [1562 bytes]","args":[{"selector":{"controlType":"sap.m.Button","viewName":"etm.portal.ui.manageyards.view.New","viewId":"application-manageyards-display-component---NewYard","i18NText":{"propertyName":"text","key":"save"},"interaction":{"idSuffix":"inner"}},"wdio_ui5_key":"etmportal.ui.manageyards.view.Newsap.m.Button{\"propertyName\":\"text\",\"key\":\"save\"}"}]}
RESULT: undefined
COMMAND: POST /session/989d4e3e3c66b6f7845d3771674e314d/element - {"using":"xpath","value":"//*[@id=\"__button18\"]"}
RESULT: {}
RESULT: {"using":"xpath","value":"//*[@id=\"__button18\"]"}
COMMAND: POST /session/989d4e3e3c66b6f7845d3771674e314d/element/f.5281968FC682DAF02FAC5F987076CB5D.d.46D3F3A164F11084D9F6A5D32A82E2CC.e.8639/click - {}
RESULT: {}
COMMAND: GET /session/989d4e3e3c66b6f7845d3771674e314d/screenshot - {}
RESULT: {}
COMMAND: POST /session/989d4e3e3c66b6f7845d3771674e314d/element - {"using":"css selector","value":"#shell-header-logo"}
RESULT: {"using":"css selector","value":"#shell-header-logo"}
COMMAND: POST /session/989d4e3e3c66b6f7845d3771674e314d/element/f.5281968FC682DAF02FAC5F987076CB5D.d.46D3F3A164F11084D9F6A5D32A82E2CC.e.8194/click - {}
RESULT: {}
COMMAND: GET /session/989d4e3e3c66b6f7845d3771674e314d/screenshot - {}
RESULT: {}
COMMAND: POST /session/989d4e3e3c66b6f7845d3771674e314d/refresh - {}
RESULT: {}
COMMAND: GET /session/989d4e3e3c66b6f7845d3771674e314d/screenshot - {}
RESULT: {}
COMMAND: POST /session/989d4e3e3c66b6f7845d3771674e314d/execute/async - {"script":"<script> [189 bytes]","args":[]}
RESULT: {"script":"<script> [189 bytes]","args":[]}
COMMAND: POST /session/989d4e3e3c66b6f7845d3771674e314d/execute/async - {"script":"<script> [123 bytes]","args":[]}
RESULT: {"script":"<script> [123 bytes]","args":[]}
COMMAND: POST /session/989d4e3e3c66b6f7845d3771674e314d/timeouts - {"script":"<number>"}
RESULT: {"script":"<number>"}
COMMAND: GET /session/989d4e3e3c66b6f7845d3771674e314d/timeouts - {}
RESULT: {}
RESULT: undefined
COMMAND: POST /session/989d4e3e3c66b6f7845d3771674e314d/execute/async - {"script":"<script> [2676 bytes]","args":[]}
RESULT: {"script":"<script> [2676 bytes]","args":[]}
COMMAND: POST /session/989d4e3e3c66b6f7845d3771674e314d/execute/async - {"script":"<script> [2342 bytes]","args":[{"protocol":"http","hostname":"0.0.0.0","path":"/","capabilities":{"browserName":"chrome","goog:chromeOptions":{"binary":"C:\\Program Files\\Google\\Chrome\\Application\\chrome.exe","args":["--start-maximized"]}},"logLevel":"warn","connectionRetryTimeout":120000,"connectionRetryCount":3,"logLevels":{},"enableDirectConnect":true,"strictSSL":true,"_":"65 more keys: [\"cacheDir\",\"port\",\"requestedCapabilities\",\"automationProtocol\",\"baseUrl\",\"waitforInterval\",\"waitforTimeout\",\"onReload\",\"beforeCommand\",\"afterCommand\",\"rootDir\",\"specs\",\"suites\",\"exclude\",\"groupLogsByTestSpec\",\"excludeDriverLogs\",\"bail\",\"framework\",\"reporters\",\"services\",\"maxInstances\",\"maxInstancesPerCapability\",\"injectGlobals\",\"filesToWatch\",\"execArgv\",\"runnerEnv\",\"runner\",\"shard\",\"specFileRetries\",\"specFileRetriesDelay\",\"specFileRetriesDeferred\",\"reporterSyncInterval\",\"reporterSyncTimeout\",\"cucumberFeaturesWithLineNumbers\",\"autoCompileOpts\",\"mochaOpts\",\"jasmineOpts\",\"cucumberOpts\",\"onPrepare\",\"onWorkerStart\",\"onWorkerEnd\",\"before\",\"beforeSession\",\"beforeSuite\",\"beforeHook\",\"beforeTest\",\"afterTest\",\"afterHook\",\"afterSuite\",\"afterSession\",\"after\",\"onComplete\",\"beforeAssertion\",\"afterAssertion\",\"beforeFeature\",\"beforeScenario\",\"beforeStep\",\"afterStep\",\"afterScenario\",\"afterFeature\",\"_\",\"suite\",\"$0\",\"ignoredWorkerServices\",\"wdi5\"]"}]}
RESULT: {"script":"<script> [2342 bytes]","args":[{"protocol":"http","hostname":"0.0.0.0","path":"/","capabilities":{"browserName":"chrome","goog:chromeOptions":{"binary":"C:\\Program Files\\Google\\Chrome\\Application\\chrome.exe","args":["--start-maximized"]}},"logLevel":"warn","connectionRetryTimeout":120000,"connectionRetryCount":3,"logLevels":{},"enableDirectConnect":true,"strictSSL":true,"_":"65 more keys: [\"cacheDir\",\"port\",\"requestedCapabilities\",\"automationProtocol\",\"baseUrl\",\"waitforInterval\",\"waitforTimeout\",\"onReload\",\"beforeCommand\",\"afterCommand\",\"rootDir\",\"specs\",\"suites\",\"exclude\",\"groupLogsByTestSpec\",\"excludeDriverLogs\",\"bail\",\"framework\",\"reporters\",\"services\",\"maxInstances\",\"maxInstancesPerCapability\",\"injectGlobals\",\"filesToWatch\",\"execArgv\",\"runnerEnv\",\"runner\",\"shard\",\"specFileRetries\",\"specFileRetriesDelay\",\"specFileRetriesDeferred\",\"reporterSyncInterval\",\"reporterSyncTimeout\",\"cucumberFeaturesWithLineNumbers\",\"autoCompileOpts\",\"mochaOpts\",\"jasmineOpts\",\"cucumberOpts\",\"onPrepare\",\"onWorkerStart\",\"onWorkerEnd\",\"before\",\"beforeSession\",\"beforeSuite\",\"beforeHook\",\"beforeTest\",\"afterTest\",\"afterHook\",\"afterSuite\",\"afterSession\",\"after\",\"onComplete\",\"beforeAssertion\",\"afterAssertion\",\"beforeFeature\",\"beforeScenario\",\"beforeStep\",\"afterStep\",\"afterScenario\",\"afterFeature\",\"_\",\"suite\",\"$0\",\"ignoredWorkerServices\",\"wdi5\"]"}]}
COMMAND: POST /session/989d4e3e3c66b6f7845d3771674e314d/execute/async - {"script":"<script> [21126 bytes]","args":[35000]}
RESULT: {"script":"<script> [21126 bytes]","args":[35000]}
]]></system-out>
    </testcase>
    <testcase classname="chrome.135_0_7049_96.windows.Warehouse_movements_inventory_test" name="Should create a new warehouse organization" time="71.24">
      <system-out><![CDATA[
COMMAND: POST /session/989d4e3e3c66b6f7845d3771674e314d/execute/async - {"script":"<script> [1562 bytes]","args":[{"selector":{"controlType":"sap.m.GenericTile","properties":{"header":"Bin Status Report"}},"wdio_ui5_key":"sapm.GenericTile{\"header\":\"Bin Status Report\"}"}]}
RESULT: {"script":"<script> [1562 bytes]","args":[{"selector":{"controlType":"sap.m.GenericTile","properties":{"header":"Bin Status Report"}},"wdio_ui5_key":"sapm.GenericTile{\"header\":\"Bin Status Report\"}"}]}
RESULT: undefined
COMMAND: POST /session/989d4e3e3c66b6f7845d3771674e314d/element - {"using":"xpath","value":"//*[@id=\"__tile104\"]"}
RESULT: {"using":"xpath","value":"//*[@id=\"__tile104\"]"}
COMMAND: POST /session/989d4e3e3c66b6f7845d3771674e314d/element/f.5281968FC682DAF02FAC5F987076CB5D.d.DAB1C36B0A72200348C3038174663E37.e.8936/click - {}
RESULT: {}
COMMAND: GET /session/989d4e3e3c66b6f7845d3771674e314d/screenshot - {}
RESULT: {}
COMMAND: POST /session/989d4e3e3c66b6f7845d3771674e314d/execute/async - {"script":"<script> [1562 bytes]","args":[{"selector":{"id":"application-binstatusreport-display-component---warehousing--createOrgBtn","interaction":{"idSuffix":"BDI-content"}},"wdio_ui5_key":"applicationbinstatusreport-display-component---warehousing--createOrgBtn"}]}
RESULT: {"script":"<script> [1562 bytes]","args":[{"selector":{"id":"application-binstatusreport-display-component---warehousing--createOrgBtn","interaction":{"idSuffix":"BDI-content"}},"wdio_ui5_key":"applicationbinstatusreport-display-component---warehousing--createOrgBtn"}]}
RESULT: undefined
COMMAND: POST /session/989d4e3e3c66b6f7845d3771674e314d/element - {"using":"xpath","value":"//*[@id=\"application-binstatusreport-display-component---warehousing--createOrgBtn\"]"}
RESULT: {"using":"xpath","value":"//*[@id=\"application-binstatusreport-display-component---warehousing--createOrgBtn\"]"}
COMMAND: POST /session/989d4e3e3c66b6f7845d3771674e314d/element/f.5281968FC682DAF02FAC5F987076CB5D.d.DAB1C36B0A72200348C3038174663E37.e.8980/click - {}
RESULT: {}
COMMAND: GET /session/989d4e3e3c66b6f7845d3771674e314d/screenshot - {}
RESULT: {}
COMMAND: POST /session/989d4e3e3c66b6f7845d3771674e314d/execute/async - {"script":"<script> [1562 bytes]","args":[{"selector":{"id":"createOrganizationPop--sectionInput","searchOpenDialogs":true,"interaction":{"idSuffix":"inner"}},"wdio_ui5_key":"createOrganizationPopsectionInput"}]}
RESULT: {"script":"<script> [1562 bytes]","args":[{"selector":{"id":"createOrganizationPop--sectionInput","searchOpenDialogs":true,"interaction":{"idSuffix":"inner"}},"wdio_ui5_key":"createOrganizationPopsectionInput"}]}
RESULT: undefined
COMMAND: POST /session/989d4e3e3c66b6f7845d3771674e314d/execute/async - {"script":"<script> [776 bytes]","args":[{"enterText":"Sec31pph","selector":{"id":"createOrganizationPop--sectionInput","searchOpenDialogs":true,"interaction":{"idSuffix":"inner"}},"clearTextFirst":true,"interactionType":"ENTER_TEXT"}]}
RESULT: {"script":"<script> [776 bytes]","args":[{"enterText":"Sec31pph","selector":{"id":"createOrganizationPop--sectionInput","searchOpenDialogs":true,"interaction":{"idSuffix":"inner"}},"clearTextFirst":true,"interactionType":"ENTER_TEXT"}]}
COMMAND: POST /session/989d4e3e3c66b6f7845d3771674e314d/execute/async - {"script":"<script> [1562 bytes]","args":[{"selector":{"id":"createOrganizationPop--descriptionInput","searchOpenDialogs":true,"interaction":{"idSuffix":"inner"}},"wdio_ui5_key":"createOrganizationPopdescriptionInput"}]}
RESULT: {"script":"<script> [1562 bytes]","args":[{"selector":{"id":"createOrganizationPop--descriptionInput","searchOpenDialogs":true,"interaction":{"idSuffix":"inner"}},"wdio_ui5_key":"createOrganizationPopdescriptionInput"}]}
RESULT: undefined
COMMAND: POST /session/989d4e3e3c66b6f7845d3771674e314d/execute/async - {"script":"<script> [776 bytes]","args":[{"enterText":"OrgName51a1s","selector":{"id":"createOrganizationPop--descriptionInput","searchOpenDialogs":true,"interaction":{"idSuffix":"inner"}},"clearTextFirst":true,"interactionType":"ENTER_TEXT"}]}
RESULT: {"script":"<script> [776 bytes]","args":[{"enterText":"OrgName51a1s","selector":{"id":"createOrganizationPop--descriptionInput","searchOpenDialogs":true,"interaction":{"idSuffix":"inner"}},"clearTextFirst":true,"interactionType":"ENTER_TEXT"}]}
COMMAND: POST /session/989d4e3e3c66b6f7845d3771674e314d/element - {"using":"xpath","value":"//input[contains(@id ,\"createOrganizationPop--yardOrg-inner\")]"}
RESULT: {"using":"xpath","value":"//input[contains(@id ,\"createOrganizationPop--yardOrg-inner\")]"}
COMMAND: POST /session/989d4e3e3c66b6f7845d3771674e314d/element/f.5281968FC682DAF02FAC5F987076CB5D.d.DAB1C36B0A72200348C3038174663E37.e.9022/clear - {}
RESULT: {}
COMMAND: POST /session/989d4e3e3c66b6f7845d3771674e314d/element/f.5281968FC682DAF02FAC5F987076CB5D.d.DAB1C36B0A72200348C3038174663E37.e.9022/value - {"text":"WebdriverWHMYard7i7dhk"}
COMMAND: GET /session/989d4e3e3c66b6f7845d3771674e314d/screenshot - {}
RESULT: {"text":"WebdriverWHMYard7i7dhk"}
COMMAND: GET /session/989d4e3e3c66b6f7845d3771674e314d/screenshot - {}
RESULT: {}
RESULT: {}
COMMAND: POST /session/989d4e3e3c66b6f7845d3771674e314d/actions - {"actions":[{"id":"action30","type":"key","parameters":{},"actions":[{"type":"keyDown","value":"î€‡"},{"type":"pause","duration":10},{"type":"keyUp","value":"î€‡"}]}]}
RESULT: {"actions":[{"id":"action30","type":"key","parameters":{},"actions":[{"type":"keyDown","value":"î€‡"},{"type":"pause","duration":10},{"type":"keyUp","value":"î€‡"}]}]}
COMMAND: GET /session/989d4e3e3c66b6f7845d3771674e314d/screenshot - {}
RESULT: {}
COMMAND: POST /session/989d4e3e3c66b6f7845d3771674e314d/execute/async - {"script":"<script> [1562 bytes]","args":[{"selector":{"id":"createOrganizationPop--grZone","searchOpenDialogs":true,"interaction":{"idSuffix":"CbBg"}},"wdio_ui5_key":"createOrganizationPopgrZone"}]}
RESULT: {"script":"<script> [1562 bytes]","args":[{"selector":{"id":"createOrganizationPop--grZone","searchOpenDialogs":true,"interaction":{"idSuffix":"CbBg"}},"wdio_ui5_key":"createOrganizationPopgrZone"}]}
RESULT: undefined
COMMAND: POST /session/989d4e3e3c66b6f7845d3771674e314d/element - {"using":"xpath","value":"//*[@id=\"createOrganizationPop--grZone\"]"}
RESULT: {"using":"xpath","value":"//*[@id=\"createOrganizationPop--grZone\"]"}
COMMAND: POST /session/989d4e3e3c66b6f7845d3771674e314d/element/f.5281968FC682DAF02FAC5F987076CB5D.d.DAB1C36B0A72200348C3038174663E37.e.9042/click - {}
RESULT: {}
COMMAND: POST /session/989d4e3e3c66b6f7845d3771674e314d/execute/async - {"script":"<script> [1562 bytes]","args":[{"selector":{"id":"createOrganizationPop--giZone","searchOpenDialogs":true,"interaction":{"idSuffix":"CbBg"}},"wdio_ui5_key":"createOrganizationPopgiZone"}]}
COMMAND: GET /session/989d4e3e3c66b6f7845d3771674e314d/screenshot - {}
RESULT: {"script":"<script> [1562 bytes]","args":[{"selector":{"id":"createOrganizationPop--giZone","searchOpenDialogs":true,"interaction":{"idSuffix":"CbBg"}},"wdio_ui5_key":"createOrganizationPopgiZone"}]}
RESULT: undefined
COMMAND: POST /session/989d4e3e3c66b6f7845d3771674e314d/element - {"using":"xpath","value":"//*[@id=\"createOrganizationPop--giZone\"]"}
RESULT: {}
RESULT: {"using":"xpath","value":"//*[@id=\"createOrganizationPop--giZone\"]"}
COMMAND: POST /session/989d4e3e3c66b6f7845d3771674e314d/element/f.5281968FC682DAF02FAC5F987076CB5D.d.DAB1C36B0A72200348C3038174663E37.e.9044/click - {}
RESULT: {}
COMMAND: POST /session/989d4e3e3c66b6f7845d3771674e314d/execute/async - {"script":"<script> [1562 bytes]","args":[{"selector":{"id":"createOrganizationPop--binNoInput","searchOpenDialogs":true,"interaction":{"idSuffix":"inner"}},"wdio_ui5_key":"createOrganizationPopbinNoInput"}]}
COMMAND: GET /session/989d4e3e3c66b6f7845d3771674e314d/screenshot - {}
RESULT: {"script":"<script> [1562 bytes]","args":[{"selector":{"id":"createOrganizationPop--binNoInput","searchOpenDialogs":true,"interaction":{"idSuffix":"inner"}},"wdio_ui5_key":"createOrganizationPopbinNoInput"}]}
RESULT: undefined
COMMAND: POST /session/989d4e3e3c66b6f7845d3771674e314d/execute/async - {"script":"<script> [776 bytes]","args":[{"enterText":"Binwb5j1","selector":{"id":"createOrganizationPop--binNoInput","searchOpenDialogs":true,"interaction":{"idSuffix":"inner"}},"clearTextFirst":true,"interactionType":"ENTER_TEXT"}]}
RESULT: {}
RESULT: {"script":"<script> [776 bytes]","args":[{"enterText":"Binwb5j1","selector":{"id":"createOrganizationPop--binNoInput","searchOpenDialogs":true,"interaction":{"idSuffix":"inner"}},"clearTextFirst":true,"interactionType":"ENTER_TEXT"}]}
COMMAND: POST /session/989d4e3e3c66b6f7845d3771674e314d/execute/async - {"script":"<script> [1562 bytes]","args":[{"selector":{"id":"createOrganizationPop--descriptionId","searchOpenDialogs":true,"interaction":{"idSuffix":"inner"}},"wdio_ui5_key":"createOrganizationPopdescriptionId"}]}
RESULT: {"script":"<script> [1562 bytes]","args":[{"selector":{"id":"createOrganizationPop--descriptionId","searchOpenDialogs":true,"interaction":{"idSuffix":"inner"}},"wdio_ui5_key":"createOrganizationPopdescriptionId"}]}
RESULT: undefined
COMMAND: POST /session/989d4e3e3c66b6f7845d3771674e314d/execute/async - {"script":"<script> [776 bytes]","args":[{"enterText":"Bin9ktk6","selector":{"id":"createOrganizationPop--descriptionId","searchOpenDialogs":true,"interaction":{"idSuffix":"inner"}},"clearTextFirst":true,"interactionType":"ENTER_TEXT"}]}
RESULT: {"script":"<script> [776 bytes]","args":[{"enterText":"Bin9ktk6","selector":{"id":"createOrganizationPop--descriptionId","searchOpenDialogs":true,"interaction":{"idSuffix":"inner"}},"clearTextFirst":true,"interactionType":"ENTER_TEXT"}]}
COMMAND: POST /session/989d4e3e3c66b6f7845d3771674e314d/execute/async - {"script":"<script> [1562 bytes]","args":[{"selector":{"controlType":"sap.m.CheckBox","viewName":"etm.portal.ui.binstatusreport.view.MasterWareBins","viewId":"application-binstatusreport-display-component---warehousing","bindingPath":{"path":"","propertyPath":"/ZONE","modelName":"newBin"},"searchOpenDialogs":true,"interaction":{"idSuffix":"CbBg"}},"wdio_ui5_key":"etmportal.ui.binstatusreport.view.MasterWareBinssap.m.CheckBox{\"path\":\"\",\"propertyPath\":\"/ZONE\",\"modelName\":\"newBin\"}"}]}
RESULT: {"script":"<script> [1562 bytes]","args":[{"selector":{"controlType":"sap.m.CheckBox","viewName":"etm.portal.ui.binstatusreport.view.MasterWareBins","viewId":"application-binstatusreport-display-component---warehousing","bindingPath":{"path":"","propertyPath":"/ZONE","modelName":"newBin"},"searchOpenDialogs":true,"interaction":{"idSuffix":"CbBg"}},"wdio_ui5_key":"etmportal.ui.binstatusreport.view.MasterWareBinssap.m.CheckBox{\"path\":\"\",\"propertyPath\":\"/ZONE\",\"modelName\":\"newBin\"}"}]}
RESULT: undefined
COMMAND: POST /session/989d4e3e3c66b6f7845d3771674e314d/element - {"using":"xpath","value":"//*[@id=\"__box12\"]"}
RESULT: {"using":"xpath","value":"//*[@id=\"__box12\"]"}
COMMAND: POST /session/989d4e3e3c66b6f7845d3771674e314d/element/f.5281968FC682DAF02FAC5F987076CB5D.d.DAB1C36B0A72200348C3038174663E37.e.9048/click - {}
RESULT: {}
COMMAND: POST /session/989d4e3e3c66b6f7845d3771674e314d/execute/async - {"script":"<script> [1562 bytes]","args":[{"selector":{"id":"createOrganizationPop--binTypesCB-arrow","searchOpenDialogs":true},"wdio_ui5_key":"createOrganizationPopbinTypesCB-arrow"}]}
COMMAND: GET /session/989d4e3e3c66b6f7845d3771674e314d/screenshot - {}
RESULT: {"script":"<script> [1562 bytes]","args":[{"selector":{"id":"createOrganizationPop--binTypesCB-arrow","searchOpenDialogs":true},"wdio_ui5_key":"createOrganizationPopbinTypesCB-arrow"}]}
RESULT: undefined
COMMAND: POST /session/989d4e3e3c66b6f7845d3771674e314d/element - {"using":"xpath","value":"//*[@id=\"createOrganizationPop--binTypesCB-arrow\"]"}
RESULT: {}
RESULT: {"using":"xpath","value":"//*[@id=\"createOrganizationPop--binTypesCB-arrow\"]"}
COMMAND: POST /session/989d4e3e3c66b6f7845d3771674e314d/element/f.5281968FC682DAF02FAC5F987076CB5D.d.DAB1C36B0A72200348C3038174663E37.e.9049/click - {}
RESULT: {}
COMMAND: POST /session/989d4e3e3c66b6f7845d3771674e314d/execute/async - {"script":"<script> [1562 bytes]","args":[{"selector":{"controlType":"sap.m.StandardListItem","viewName":"etm.portal.ui.binstatusreport.view.MasterWareBins","viewId":"application-binstatusreport-display-component---warehousing","properties":{"title":"1 - General / No capacity check"},"searchOpenDialogs":true,"interaction":{"idSuffix":"content"}},"wdio_ui5_key":"etmportal.ui.binstatusreport.view.MasterWareBinssap.m.StandardListItem{\"title\":\"1 - General / No capacity check\"}"}]}
COMMAND: GET /session/989d4e3e3c66b6f7845d3771674e314d/screenshot - {}
RESULT: {"script":"<script> [1562 bytes]","args":[{"selector":{"controlType":"sap.m.StandardListItem","viewName":"etm.portal.ui.binstatusreport.view.MasterWareBins","viewId":"application-binstatusreport-display-component---warehousing","properties":{"title":"1 - General / No capacity check"},"searchOpenDialogs":true,"interaction":{"idSuffix":"content"}},"wdio_ui5_key":"etmportal.ui.binstatusreport.view.MasterWareBinssap.m.StandardListItem{\"title\":\"1 - General / No capacity check\"}"}]}
RESULT: undefined
COMMAND: POST /session/989d4e3e3c66b6f7845d3771674e314d/element - {"using":"xpath","value":"//*[@id=\"__item104\"]"}
RESULT: {}
RESULT: {"using":"xpath","value":"//*[@id=\"__item104\"]"}
COMMAND: POST /session/989d4e3e3c66b6f7845d3771674e314d/element/f.5281968FC682DAF02FAC5F987076CB5D.d.DAB1C36B0A72200348C3038174663E37.e.9051/click - {}
RESULT: {}
COMMAND: POST /session/989d4e3e3c66b6f7845d3771674e314d/execute/async - {"script":"<script> [1562 bytes]","args":[{"selector":{"id":"createOrganizationPop--finishBtn","searchOpenDialogs":true,"interaction":{"idSuffix":"BDI-content"}},"wdio_ui5_key":"createOrganizationPopfinishBtn"}]}
COMMAND: GET /session/989d4e3e3c66b6f7845d3771674e314d/screenshot - {}
RESULT: {"script":"<script> [1562 bytes]","args":[{"selector":{"id":"createOrganizationPop--finishBtn","searchOpenDialogs":true,"interaction":{"idSuffix":"BDI-content"}},"wdio_ui5_key":"createOrganizationPopfinishBtn"}]}
RESULT: undefined
COMMAND: POST /session/989d4e3e3c66b6f7845d3771674e314d/element - {"using":"xpath","value":"//*[@id=\"createOrganizationPop--finishBtn\"]"}
RESULT: {}
RESULT: {"using":"xpath","value":"//*[@id=\"createOrganizationPop--finishBtn\"]"}
COMMAND: POST /session/989d4e3e3c66b6f7845d3771674e314d/element/f.5281968FC682DAF02FAC5F987076CB5D.d.DAB1C36B0A72200348C3038174663E37.e.9053/click - {}
RESULT: {}
COMMAND: GET /session/989d4e3e3c66b6f7845d3771674e314d/screenshot - {}
RESULT: {}
COMMAND: POST /session/989d4e3e3c66b6f7845d3771674e314d/element - {"using":"css selector","value":"#shell-header-logo"}
RESULT: {"using":"css selector","value":"#shell-header-logo"}
COMMAND: POST /session/989d4e3e3c66b6f7845d3771674e314d/element/f.5281968FC682DAF02FAC5F987076CB5D.d.DAB1C36B0A72200348C3038174663E37.e.8940/click - {}
RESULT: {}
COMMAND: GET /session/989d4e3e3c66b6f7845d3771674e314d/screenshot - {}
RESULT: {}
]]></system-out>
    </testcase>
    <testcase classname="chrome.135_0_7049_96.windows.Warehouse_movements_inventory_test" name="Should Create new material for WHM yard" time="144.752">
      <system-out><![CDATA[
COMMAND: POST /session/989d4e3e3c66b6f7845d3771674e314d/execute/async - {"script":"<script> [1562 bytes]","args":[{"selector":{"controlType":"sap.m.GenericTile","properties":{"header":"Manage Resources"}},"wdio_ui5_key":"sapm.GenericTile{\"header\":\"Manage Resources\"}"}]}
RESULT: {"script":"<script> [1562 bytes]","args":[{"selector":{"controlType":"sap.m.GenericTile","properties":{"header":"Manage Resources"}},"wdio_ui5_key":"sapm.GenericTile{\"header\":\"Manage Resources\"}"}]}
RESULT: undefined
COMMAND: POST /session/989d4e3e3c66b6f7845d3771674e314d/element - {"using":"xpath","value":"//*[@id=\"__tile39\"]"}
RESULT: {"using":"xpath","value":"//*[@id=\"__tile39\"]"}
COMMAND: POST /session/989d4e3e3c66b6f7845d3771674e314d/element/f.5281968FC682DAF02FAC5F987076CB5D.d.DAB1C36B0A72200348C3038174663E37.e.9061/click - {}
RESULT: {}
COMMAND: GET /session/989d4e3e3c66b6f7845d3771674e314d/screenshot - {}
RESULT: {}
COMMAND: POST /session/989d4e3e3c66b6f7845d3771674e314d/element - {"using":"xpath","value":"//button[@data-kt=\"addNewRUOverflowToolbarButton\"]"}
RESULT: {"using":"xpath","value":"//button[@data-kt=\"addNewRUOverflowToolbarButton\"]"}
COMMAND: POST /session/989d4e3e3c66b6f7845d3771674e314d/execute/sync - {"script":"<script> [8489 bytes]","args":[{"element-6066-11e4-a52e-4f735466cecf":"f.5281968FC682DAF02FAC5F987076CB5D.d.DAB1C36B0A72200348C3038174663E37.e.9092","ELEMENT":"f.5281968FC682DAF02FAC5F987076CB5D.d.DAB1C36B0A72200348C3038174663E37.e.9092"}]}
RESULT: {"script":"<script> [8489 bytes]","args":[{"element-6066-11e4-a52e-4f735466cecf":"f.5281968FC682DAF02FAC5F987076CB5D.d.DAB1C36B0A72200348C3038174663E37.e.9092","ELEMENT":"f.5281968FC682DAF02FAC5F987076CB5D.d.DAB1C36B0A72200348C3038174663E37.e.9092"}]}
COMMAND: POST /session/989d4e3e3c66b6f7845d3771674e314d/element/f.5281968FC682DAF02FAC5F987076CB5D.d.DAB1C36B0A72200348C3038174663E37.e.9092/click - {}
COMMAND: GET /session/989d4e3e3c66b6f7845d3771674e314d/screenshot - {}
RESULT: {}
COMMAND: POST /session/989d4e3e3c66b6f7845d3771674e314d/execute/async - {"script":"<script> [1562 bytes]","args":[{"selector":{"id":"application-manageresources-display-component---newResourceUnit--TYPE-arrow"},"wdio_ui5_key":"applicationmanageresources-display-component---newResourceUnit--TYPE-arrow"}]}
COMMAND: GET /session/989d4e3e3c66b6f7845d3771674e314d/screenshot - {}
RESULT: {}
RESULT: {"script":"<script> [1562 bytes]","args":[{"selector":{"id":"application-manageresources-display-component---newResourceUnit--TYPE-arrow"},"wdio_ui5_key":"applicationmanageresources-display-component---newResourceUnit--TYPE-arrow"}]}
RESULT: undefined
COMMAND: POST /session/989d4e3e3c66b6f7845d3771674e314d/element - {"using":"xpath","value":"//*[@id=\"application-manageresources-display-component---newResourceUnit--TYPE-arrow\"]"}
RESULT: {}
RESULT: {"using":"xpath","value":"//*[@id=\"application-manageresources-display-component---newResourceUnit--TYPE-arrow\"]"}
COMMAND: POST /session/989d4e3e3c66b6f7845d3771674e314d/element/f.5281968FC682DAF02FAC5F987076CB5D.d.DAB1C36B0A72200348C3038174663E37.e.9417/click - {}
RESULT: {}
COMMAND: POST /session/989d4e3e3c66b6f7845d3771674e314d/execute/async - {"script":"<script> [1562 bytes]","args":[{"selector":{"controlType":"sap.m.StandardListItem","viewName":"reusables.view.manageresources.NewResourceUnit","viewId":"application-manageresources-display-component---newResourceUnit","properties":{"title":"Material"},"searchOpenDialogs":true,"interaction":{"idSuffix":"titleText"}},"wdio_ui5_key":"reusablesview.manageresources.NewResourceUnitsap.m.StandardListItem{\"title\":\"Material\"}"}]}
COMMAND: GET /session/989d4e3e3c66b6f7845d3771674e314d/screenshot - {}
RESULT: {"script":"<script> [1562 bytes]","args":[{"selector":{"controlType":"sap.m.StandardListItem","viewName":"reusables.view.manageresources.NewResourceUnit","viewId":"application-manageresources-display-component---newResourceUnit","properties":{"title":"Material"},"searchOpenDialogs":true,"interaction":{"idSuffix":"titleText"}},"wdio_ui5_key":"reusablesview.manageresources.NewResourceUnitsap.m.StandardListItem{\"title\":\"Material\"}"}]}
RESULT: undefined
COMMAND: POST /session/989d4e3e3c66b6f7845d3771674e314d/element - {"using":"xpath","value":"//*[@id=\"__item234\"]"}
RESULT: {}
RESULT: {"using":"xpath","value":"//*[@id=\"__item234\"]"}
COMMAND: POST /session/989d4e3e3c66b6f7845d3771674e314d/element/f.5281968FC682DAF02FAC5F987076CB5D.d.DAB1C36B0A72200348C3038174663E37.e.9420/click - {}
RESULT: {}
COMMAND: POST /session/989d4e3e3c66b6f7845d3771674e314d/execute/async - {"script":"<script> [1562 bytes]","args":[{"selector":{"id":"application-manageresources-display-component---newResourceUnit--SHORT_TEXT","interaction":{"idSuffix":"inner"}},"wdio_ui5_key":"applicationmanageresources-display-component---newResourceUnit--SHORT_TEXT"}]}
COMMAND: GET /session/989d4e3e3c66b6f7845d3771674e314d/screenshot - {}
RESULT: {"script":"<script> [1562 bytes]","args":[{"selector":{"id":"application-manageresources-display-component---newResourceUnit--SHORT_TEXT","interaction":{"idSuffix":"inner"}},"wdio_ui5_key":"applicationmanageresources-display-component---newResourceUnit--SHORT_TEXT"}]}
RESULT: undefined
COMMAND: POST /session/989d4e3e3c66b6f7845d3771674e314d/execute/async - {"script":"<script> [776 bytes]","args":[{"enterText":"WebdriverRUR2Ctrcb3","selector":{"id":"application-manageresources-display-component---newResourceUnit--SHORT_TEXT","interaction":{"idSuffix":"inner"}},"clearTextFirst":true,"interactionType":"ENTER_TEXT"}]}
RESULT: {}
RESULT: {"script":"<script> [776 bytes]","args":[{"enterText":"WebdriverRUR2Ctrcb3","selector":{"id":"application-manageresources-display-component---newResourceUnit--SHORT_TEXT","interaction":{"idSuffix":"inner"}},"clearTextFirst":true,"interactionType":"ENTER_TEXT"}]}
COMMAND: POST /session/989d4e3e3c66b6f7845d3771674e314d/execute/async - {"script":"<script> [1562 bytes]","args":[{"selector":{"id":"application-manageresources-display-component---newResourceUnit--BASE_UNIT_OF_MEASURE-arrow"},"wdio_ui5_key":"applicationmanageresources-display-component---newResourceUnit--BASE_UNIT_OF_MEASURE-arrow"}]}
RESULT: {"script":"<script> [1562 bytes]","args":[{"selector":{"id":"application-manageresources-display-component---newResourceUnit--BASE_UNIT_OF_MEASURE-arrow"},"wdio_ui5_key":"applicationmanageresources-display-component---newResourceUnit--BASE_UNIT_OF_MEASURE-arrow"}]}
RESULT: undefined
COMMAND: POST /session/989d4e3e3c66b6f7845d3771674e314d/element - {"using":"xpath","value":"//*[@id=\"application-manageresources-display-component---newResourceUnit--BASE_UNIT_OF_MEASURE-arrow\"]"}
RESULT: {"using":"xpath","value":"//*[@id=\"application-manageresources-display-component---newResourceUnit--BASE_UNIT_OF_MEASURE-arrow\"]"}
COMMAND: POST /session/989d4e3e3c66b6f7845d3771674e314d/element/f.5281968FC682DAF02FAC5F987076CB5D.d.DAB1C36B0A72200348C3038174663E37.e.9476/click - {}
RESULT: {}
COMMAND: POST /session/989d4e3e3c66b6f7845d3771674e314d/execute/async - {"script":"<script> [1562 bytes]","args":[{"selector":{"controlType":"sap.m.StandardListItem","viewName":"reusables.view.manageresources.NewResourceUnit","viewId":"application-manageresources-display-component---newResourceUnit","properties":{"title":"Piece"},"searchOpenDialogs":true,"interaction":{"idSuffix":"titleText"}},"wdio_ui5_key":"reusablesview.manageresources.NewResourceUnitsap.m.StandardListItem{\"title\":\"Piece\"}"}]}
COMMAND: GET /session/989d4e3e3c66b6f7845d3771674e314d/screenshot - {}
RESULT: {"script":"<script> [1562 bytes]","args":[{"selector":{"controlType":"sap.m.StandardListItem","viewName":"reusables.view.manageresources.NewResourceUnit","viewId":"application-manageresources-display-component---newResourceUnit","properties":{"title":"Piece"},"searchOpenDialogs":true,"interaction":{"idSuffix":"titleText"}},"wdio_ui5_key":"reusablesview.manageresources.NewResourceUnitsap.m.StandardListItem{\"title\":\"Piece\"}"}]}
RESULT: undefined
COMMAND: POST /session/989d4e3e3c66b6f7845d3771674e314d/element - {"using":"xpath","value":"//*[@id=\"__item278\"]"}
RESULT: {}
RESULT: {"using":"xpath","value":"//*[@id=\"__item278\"]"}
COMMAND: POST /session/989d4e3e3c66b6f7845d3771674e314d/element/f.5281968FC682DAF02FAC5F987076CB5D.d.DAB1C36B0A72200348C3038174663E37.e.9478/click - {}
RESULT: {}
COMMAND: POST /session/989d4e3e3c66b6f7845d3771674e314d/element - {"using":"xpath","value":"//input[contains(@id ,\"application-manageresources-display-component---newResourceUnit--SHORT_TEXT-inner\")]"}
COMMAND: GET /session/989d4e3e3c66b6f7845d3771674e314d/screenshot - {}
RESULT: {"using":"xpath","value":"//input[contains(@id ,\"application-manageresources-display-component---newResourceUnit--SHORT_TEXT-inner\")]"}
COMMAND: GET /session/989d4e3e3c66b6f7845d3771674e314d/element/f.5281968FC682DAF02FAC5F987076CB5D.d.DAB1C36B0A72200348C3038174663E37.e.9437/property/value - {}
RESULT: {}
RESULT: {}
COMMAND: POST /session/989d4e3e3c66b6f7845d3771674e314d/execute/async - {"script":"<script> [1562 bytes]","args":[{"selector":{"id":"application-manageresources-display-component---newResourceUnit--WEIGHT_UNIT-arrow"},"wdio_ui5_key":"applicationmanageresources-display-component---newResourceUnit--WEIGHT_UNIT-arrow"}]}
COMMAND: GET /session/989d4e3e3c66b6f7845d3771674e314d/screenshot - {}
RESULT: {"script":"<script> [1562 bytes]","args":[{"selector":{"id":"application-manageresources-display-component---newResourceUnit--WEIGHT_UNIT-arrow"},"wdio_ui5_key":"applicationmanageresources-display-component---newResourceUnit--WEIGHT_UNIT-arrow"}]}
RESULT: undefined
COMMAND: POST /session/989d4e3e3c66b6f7845d3771674e314d/element - {"using":"xpath","value":"//*[@id=\"application-manageresources-display-component---newResourceUnit--WEIGHT_UNIT-arrow\"]"}
RESULT: {}
RESULT: {"using":"xpath","value":"//*[@id=\"application-manageresources-display-component---newResourceUnit--WEIGHT_UNIT-arrow\"]"}
COMMAND: POST /session/989d4e3e3c66b6f7845d3771674e314d/element/f.5281968FC682DAF02FAC5F987076CB5D.d.DAB1C36B0A72200348C3038174663E37.e.9479/click - {}
RESULT: {}
COMMAND: POST /session/989d4e3e3c66b6f7845d3771674e314d/execute/async - {"script":"<script> [1562 bytes]","args":[{"selector":{"controlType":"sap.m.StandardListItem","viewName":"reusables.view.manageresources.NewResourceUnit","viewId":"application-manageresources-display-component---newResourceUnit","properties":{"title":"Gram"},"searchOpenDialogs":true,"interaction":{"idSuffix":"content"}},"wdio_ui5_key":"reusablesview.manageresources.NewResourceUnitsap.m.StandardListItem{\"title\":\"Gram\"}"}]}
COMMAND: GET /session/989d4e3e3c66b6f7845d3771674e314d/screenshot - {}
RESULT: {"script":"<script> [1562 bytes]","args":[{"selector":{"controlType":"sap.m.StandardListItem","viewName":"reusables.view.manageresources.NewResourceUnit","viewId":"application-manageresources-display-component---newResourceUnit","properties":{"title":"Gram"},"searchOpenDialogs":true,"interaction":{"idSuffix":"content"}},"wdio_ui5_key":"reusablesview.manageresources.NewResourceUnitsap.m.StandardListItem{\"title\":\"Gram\"}"}]}
RESULT: undefined
COMMAND: POST /session/989d4e3e3c66b6f7845d3771674e314d/element - {"using":"xpath","value":"//*[@id=\"__item343\"]"}
RESULT: {}
RESULT: {"using":"xpath","value":"//*[@id=\"__item343\"]"}
COMMAND: POST /session/989d4e3e3c66b6f7845d3771674e314d/element/f.5281968FC682DAF02FAC5F987076CB5D.d.DAB1C36B0A72200348C3038174663E37.e.9481/click - {}
RESULT: {}
COMMAND: POST /session/989d4e3e3c66b6f7845d3771674e314d/execute/async - {"script":"<script> [1562 bytes]","args":[{"selector":{"id":"application-manageresources-display-component---newResourceUnit--newRRUPage-OPHeaderContent-collapseBtn-img"},"wdio_ui5_key":"applicationmanageresources-display-component---newResourceUnit--newRRUPage-OPHeaderContent-collapseBtn-img"}]}
COMMAND: GET /session/989d4e3e3c66b6f7845d3771674e314d/screenshot - {}
RESULT: {"script":"<script> [1562 bytes]","args":[{"selector":{"id":"application-manageresources-display-component---newResourceUnit--newRRUPage-OPHeaderContent-collapseBtn-img"},"wdio_ui5_key":"applicationmanageresources-display-component---newResourceUnit--newRRUPage-OPHeaderContent-collapseBtn-img"}]}
RESULT: undefined
COMMAND: POST /session/989d4e3e3c66b6f7845d3771674e314d/element - {"using":"xpath","value":"//*[@id=\"application-manageresources-display-component---newResourceUnit--newRRUPage-OPHeaderContent-collapseBtn-img\"]"}
RESULT: {}
RESULT: {"using":"xpath","value":"//*[@id=\"application-manageresources-display-component---newResourceUnit--newRRUPage-OPHeaderContent-collapseBtn-img\"]"}
COMMAND: POST /session/989d4e3e3c66b6f7845d3771674e314d/element/f.5281968FC682DAF02FAC5F987076CB5D.d.DAB1C36B0A72200348C3038174663E37.e.9427/click - {}
RESULT: {}
COMMAND: GET /session/989d4e3e3c66b6f7845d3771674e314d/screenshot - {}
RESULT: {}
COMMAND: POST /session/989d4e3e3c66b6f7845d3771674e314d/element - {"using":"xpath","value":"(//span[contains(@id ,\"application-manageresources-display-component---newResourceUnit--DIMENSION_UNIT-arrow\")])[1]"}
RESULT: {"using":"xpath","value":"(//span[contains(@id ,\"application-manageresources-display-component---newResourceUnit--DIMENSION_UNIT-arrow\")])[1]"}
COMMAND: POST /session/989d4e3e3c66b6f7845d3771674e314d/element/f.5281968FC682DAF02FAC5F987076CB5D.d.DAB1C36B0A72200348C3038174663E37.e.9487/click - {}
RESULT: {}
COMMAND: GET /session/989d4e3e3c66b6f7845d3771674e314d/screenshot - {}
RESULT: {}
COMMAND: POST /session/989d4e3e3c66b6f7845d3771674e314d/execute/async - {"script":"<script> [1562 bytes]","args":[{"selector":{"controlType":"sap.m.StandardListItem","viewName":"reusables.view.manageresources.NewResourceUnit","viewId":"application-manageresources-display-component---newResourceUnit","properties":{"title":"Centimeter"},"searchOpenDialogs":true,"interaction":{"idSuffix":"titleText"}},"wdio_ui5_key":"reusablesview.manageresources.NewResourceUnitsap.m.StandardListItem{\"title\":\"Centimeter\"}"}]}
RESULT: {"script":"<script> [1562 bytes]","args":[{"selector":{"controlType":"sap.m.StandardListItem","viewName":"reusables.view.manageresources.NewResourceUnit","viewId":"application-manageresources-display-component---newResourceUnit","properties":{"title":"Centimeter"},"searchOpenDialogs":true,"interaction":{"idSuffix":"titleText"}},"wdio_ui5_key":"reusablesview.manageresources.NewResourceUnitsap.m.StandardListItem{\"title\":\"Centimeter\"}"}]}
RESULT: undefined
COMMAND: POST /session/989d4e3e3c66b6f7845d3771674e314d/element - {"using":"xpath","value":"//*[@id=\"__item346\"]"}
RESULT: {"using":"xpath","value":"//*[@id=\"__item346\"]"}
COMMAND: POST /session/989d4e3e3c66b6f7845d3771674e314d/element/f.5281968FC682DAF02FAC5F987076CB5D.d.DAB1C36B0A72200348C3038174663E37.e.9489/click - {}
RESULT: {}
COMMAND: POST /session/989d4e3e3c66b6f7845d3771674e314d/execute/async - {"script":"<script> [1562 bytes]","args":[{"selector":{"id":"application-manageresources-display-component---newResourceUnit--newRRUPage-anchBar-application-manageresources-display-component---newResourceUnit--reference-anchor","interaction":{"idSuffix":"BDI-content"}},"wdio_ui5_key":"applicationmanageresources-display-component---newResourceUnit--newRRUPage-anchBar-application-manageresources-display-component---newResourceUnit--reference-anchor"}]}
COMMAND: GET /session/989d4e3e3c66b6f7845d3771674e314d/screenshot - {}
RESULT: {"script":"<script> [1562 bytes]","args":[{"selector":{"id":"application-manageresources-display-component---newResourceUnit--newRRUPage-anchBar-application-manageresources-display-component---newResourceUnit--reference-anchor","interaction":{"idSuffix":"BDI-content"}},"wdio_ui5_key":"applicationmanageresources-display-component---newResourceUnit--newRRUPage-anchBar-application-manageresources-display-component---newResourceUnit--reference-anchor"}]}
RESULT: undefined
COMMAND: POST /session/989d4e3e3c66b6f7845d3771674e314d/element - {"using":"xpath","value":"//*[@id=\"application-manageresources-display-component---newResourceUnit--newRRUPage-anchBar-application-manageresources-display-component---newResourceUnit--reference-anchor\"]"}
RESULT: {}
RESULT: {"using":"xpath","value":"//*[@id=\"application-manageresources-display-component---newResourceUnit--newRRUPage-anchBar-application-manageresources-display-component---newResourceUnit--reference-anchor\"]"}
COMMAND: POST /session/989d4e3e3c66b6f7845d3771674e314d/element/f.5281968FC682DAF02FAC5F987076CB5D.d.DAB1C36B0A72200348C3038174663E37.e.9491/click - {}
RESULT: {}
COMMAND: POST /session/989d4e3e3c66b6f7845d3771674e314d/execute/async - {"script":"<script> [1562 bytes]","args":[{"selector":{"id":"application-manageresources-display-component---newResourceUnit--PLANNING_GROUP-arrow"},"wdio_ui5_key":"applicationmanageresources-display-component---newResourceUnit--PLANNING_GROUP-arrow"}]}
COMMAND: GET /session/989d4e3e3c66b6f7845d3771674e314d/screenshot - {}
RESULT: {"script":"<script> [1562 bytes]","args":[{"selector":{"id":"application-manageresources-display-component---newResourceUnit--PLANNING_GROUP-arrow"},"wdio_ui5_key":"applicationmanageresources-display-component---newResourceUnit--PLANNING_GROUP-arrow"}]}
RESULT: undefined
COMMAND: POST /session/989d4e3e3c66b6f7845d3771674e314d/element - {"using":"xpath","value":"//*[@id=\"application-manageresources-display-component---newResourceUnit--PLANNING_GROUP-arrow\"]"}
RESULT: {}
RESULT: {"using":"xpath","value":"//*[@id=\"application-manageresources-display-component---newResourceUnit--PLANNING_GROUP-arrow\"]"}
COMMAND: POST /session/989d4e3e3c66b6f7845d3771674e314d/element/f.5281968FC682DAF02FAC5F987076CB5D.d.DAB1C36B0A72200348C3038174663E37.e.9495/click - {}
RESULT: {}
COMMAND: POST /session/989d4e3e3c66b6f7845d3771674e314d/execute/async - {"script":"<script> [1562 bytes]","args":[{"selector":{"controlType":"sap.m.StandardListItem","viewName":"reusables.view.manageresources.NewResourceUnit","viewId":"application-manageresources-display-component---newResourceUnit","properties":{"title":"Heavy Equi"},"searchOpenDialogs":true,"interaction":{"idSuffix":"content"}},"wdio_ui5_key":"reusablesview.manageresources.NewResourceUnitsap.m.StandardListItem{\"title\":\"Heavy Equi\"}"}]}
COMMAND: GET /session/989d4e3e3c66b6f7845d3771674e314d/screenshot - {}
RESULT: {"script":"<script> [1562 bytes]","args":[{"selector":{"controlType":"sap.m.StandardListItem","viewName":"reusables.view.manageresources.NewResourceUnit","viewId":"application-manageresources-display-component---newResourceUnit","properties":{"title":"Heavy Equi"},"searchOpenDialogs":true,"interaction":{"idSuffix":"content"}},"wdio_ui5_key":"reusablesview.manageresources.NewResourceUnitsap.m.StandardListItem{\"title\":\"Heavy Equi\"}"}]}
RESULT: undefined
COMMAND: POST /session/989d4e3e3c66b6f7845d3771674e314d/element - {"using":"xpath","value":"//*[@id=\"__item354\"]"}
RESULT: {}
RESULT: {"using":"xpath","value":"//*[@id=\"__item354\"]"}
COMMAND: POST /session/989d4e3e3c66b6f7845d3771674e314d/element/f.5281968FC682DAF02FAC5F987076CB5D.d.DAB1C36B0A72200348C3038174663E37.e.9498/click - {}
RESULT: {}
COMMAND: GET /session/989d4e3e3c66b6f7845d3771674e314d/screenshot - {}
RESULT: {}
COMMAND: POST /session/989d4e3e3c66b6f7845d3771674e314d/execute/async - {"script":"<script> [1562 bytes]","args":[{"selector":{"id":"application-manageresources-display-component---newResourceUnit--PLANNING_INDICATOR-arrow"},"wdio_ui5_key":"applicationmanageresources-display-component---newResourceUnit--PLANNING_INDICATOR-arrow"}]}
RESULT: {"script":"<script> [1562 bytes]","args":[{"selector":{"id":"application-manageresources-display-component---newResourceUnit--PLANNING_INDICATOR-arrow"},"wdio_ui5_key":"applicationmanageresources-display-component---newResourceUnit--PLANNING_INDICATOR-arrow"}]}
RESULT: undefined
COMMAND: POST /session/989d4e3e3c66b6f7845d3771674e314d/element - {"using":"xpath","value":"//*[@id=\"application-manageresources-display-component---newResourceUnit--PLANNING_INDICATOR-arrow\"]"}
RESULT: {"using":"xpath","value":"//*[@id=\"application-manageresources-display-component---newResourceUnit--PLANNING_INDICATOR-arrow\"]"}
COMMAND: POST /session/989d4e3e3c66b6f7845d3771674e314d/element/f.5281968FC682DAF02FAC5F987076CB5D.d.DAB1C36B0A72200348C3038174663E37.e.9499/click - {}
RESULT: {}
COMMAND: POST /session/989d4e3e3c66b6f7845d3771674e314d/execute/async - {"script":"<script> [1562 bytes]","args":[{"selector":{"controlType":"sap.m.StandardListItem","viewName":"reusables.view.manageresources.NewResourceUnit","viewId":"application-manageresources-display-component---newResourceUnit","properties":{"title":"10 - infinite"},"searchOpenDialogs":true,"interaction":{"idSuffix":"content"}},"wdio_ui5_key":"reusablesview.manageresources.NewResourceUnitsap.m.StandardListItem{\"title\":\"10 - infinite\"}"}]}
COMMAND: GET /session/989d4e3e3c66b6f7845d3771674e314d/screenshot - {}
RESULT: {"script":"<script> [1562 bytes]","args":[{"selector":{"controlType":"sap.m.StandardListItem","viewName":"reusables.view.manageresources.NewResourceUnit","viewId":"application-manageresources-display-component---newResourceUnit","properties":{"title":"10 - infinite"},"searchOpenDialogs":true,"interaction":{"idSuffix":"content"}},"wdio_ui5_key":"reusablesview.manageresources.NewResourceUnitsap.m.StandardListItem{\"title\":\"10 - infinite\"}"}]}
RESULT: undefined
COMMAND: POST /session/989d4e3e3c66b6f7845d3771674e314d/element - {"using":"xpath","value":"//*[@id=\"__item364\"]"}
RESULT: {}
RESULT: {"using":"xpath","value":"//*[@id=\"__item364\"]"}
COMMAND: POST /session/989d4e3e3c66b6f7845d3771674e314d/element/f.5281968FC682DAF02FAC5F987076CB5D.d.DAB1C36B0A72200348C3038174663E37.e.9501/click - {}
RESULT: {}
COMMAND: GET /session/989d4e3e3c66b6f7845d3771674e314d/screenshot - {}
RESULT: {}
COMMAND: POST /session/989d4e3e3c66b6f7845d3771674e314d/element - {"using":"xpath","value":"//bdi[contains(text(), \"Time Segment\")]"}
RESULT: {"using":"xpath","value":"//bdi[contains(text(), \"Time Segment\")]"}
COMMAND: GET /session/989d4e3e3c66b6f7845d3771674e314d/element/f.5281968FC682DAF02FAC5F987076CB5D.d.DAB1C36B0A72200348C3038174663E37.e.9502/rect - {}
RESULT: {}
COMMAND: GET /session/989d4e3e3c66b6f7845d3771674e314d/window/rect - {}
RESULT: {}
COMMAND: POST /session/989d4e3e3c66b6f7845d3771674e314d/execute/sync - {"script":"<script> [92 bytes]","args":[]}
RESULT: {"script":"<script> [92 bytes]","args":[]}
COMMAND: POST /session/989d4e3e3c66b6f7845d3771674e314d/actions - {"actions":[{"id":"action31","type":"wheel","parameters":{},"actions":[{"type":"scroll","x":-1820,"y":-21,"deltaX":0,"deltaY":0,"duration":0,"origin":{"element-6066-11e4-a52e-4f735466cecf":"f.5281968FC682DAF02FAC5F987076CB5D.d.DAB1C36B0A72200348C3038174663E37.e.9502"}}]}]}
COMMAND: GET /session/989d4e3e3c66b6f7845d3771674e314d/screenshot - {}
RESULT: {}
COMMAND: POST /session/989d4e3e3c66b6f7845d3771674e314d/execute/sync - {"script":"<script> [79 bytes]","args":[{"element-6066-11e4-a52e-4f735466cecf":"f.5281968FC682DAF02FAC5F987076CB5D.d.DAB1C36B0A72200348C3038174663E37.e.9502","ELEMENT":"f.5281968FC682DAF02FAC5F987076CB5D.d.DAB1C36B0A72200348C3038174663E37.e.9502"},{"block":"start","inline":"nearest"}]}
RESULT: {"script":"<script> [79 bytes]","args":[{"element-6066-11e4-a52e-4f735466cecf":"f.5281968FC682DAF02FAC5F987076CB5D.d.DAB1C36B0A72200348C3038174663E37.e.9502","ELEMENT":"f.5281968FC682DAF02FAC5F987076CB5D.d.DAB1C36B0A72200348C3038174663E37.e.9502"},{"block":"start","inline":"nearest"}]}
COMMAND: GET /session/989d4e3e3c66b6f7845d3771674e314d/screenshot - {}
RESULT: {}
COMMAND: POST /session/989d4e3e3c66b6f7845d3771674e314d/element - {"using":"xpath","value":"//span[@id=\"application-manageresources-display-component---newResourceUnit--btnAddTimeSegment-img\"]"}
RESULT: {"using":"xpath","value":"//span[@id=\"application-manageresources-display-component---newResourceUnit--btnAddTimeSegment-img\"]"}
COMMAND: POST /session/989d4e3e3c66b6f7845d3771674e314d/execute/sync - {"script":"<script> [8489 bytes]","args":[{"element-6066-11e4-a52e-4f735466cecf":"f.5281968FC682DAF02FAC5F987076CB5D.d.DAB1C36B0A72200348C3038174663E37.e.9505","ELEMENT":"f.5281968FC682DAF02FAC5F987076CB5D.d.DAB1C36B0A72200348C3038174663E37.e.9505"}]}
RESULT: {"script":"<script> [8489 bytes]","args":[{"element-6066-11e4-a52e-4f735466cecf":"f.5281968FC682DAF02FAC5F987076CB5D.d.DAB1C36B0A72200348C3038174663E37.e.9505","ELEMENT":"f.5281968FC682DAF02FAC5F987076CB5D.d.DAB1C36B0A72200348C3038174663E37.e.9505"}]}
COMMAND: POST /session/989d4e3e3c66b6f7845d3771674e314d/element/f.5281968FC682DAF02FAC5F987076CB5D.d.DAB1C36B0A72200348C3038174663E37.e.9505/click - {}
COMMAND: GET /session/989d4e3e3c66b6f7845d3771674e314d/screenshot - {}
RESULT: {}
COMMAND: GET /session/989d4e3e3c66b6f7845d3771674e314d/screenshot - {}
COMMAND: POST /session/989d4e3e3c66b6f7845d3771674e314d/element - {"using":"xpath","value":"//input[@id=\"application-manageresources-display-component---newResourceUnit--idRuTSAdmin-application-manageresources-display-component---newResourceUnit--RUTimeSegment-0-inner\"]"}
RESULT: {}
RESULT: {}
RESULT: {"using":"xpath","value":"//input[@id=\"application-manageresources-display-component---newResourceUnit--idRuTSAdmin-application-manageresources-display-component---newResourceUnit--RUTimeSegment-0-inner\"]"}
COMMAND: POST /session/989d4e3e3c66b6f7845d3771674e314d/element/f.5281968FC682DAF02FAC5F987076CB5D.d.DAB1C36B0A72200348C3038174663E37.e.9508/clear - {}
RESULT: {}
COMMAND: POST /session/989d4e3e3c66b6f7845d3771674e314d/element/f.5281968FC682DAF02FAC5F987076CB5D.d.DAB1C36B0A72200348C3038174663E37.e.9508/value - {"text":"WebdriverWHMYard7i7dhk"}
COMMAND: GET /session/989d4e3e3c66b6f7845d3771674e314d/screenshot - {}
RESULT: {"text":"WebdriverWHMYard7i7dhk"}
COMMAND: GET /session/989d4e3e3c66b6f7845d3771674e314d/screenshot - {}
COMMAND: POST /session/989d4e3e3c66b6f7845d3771674e314d/actions - {"actions":[{"id":"action32","type":"key","parameters":{},"actions":[{"type":"keyDown","value":"î€‡"},{"type":"pause","duration":10},{"type":"keyUp","value":"î€‡"}]}]}
RESULT: {}
RESULT: {}
RESULT: {"actions":[{"id":"action32","type":"key","parameters":{},"actions":[{"type":"keyDown","value":"î€‡"},{"type":"pause","duration":10},{"type":"keyUp","value":"î€‡"}]}]}
COMMAND: GET /session/989d4e3e3c66b6f7845d3771674e314d/screenshot - {}
RESULT: {}
COMMAND: POST /session/989d4e3e3c66b6f7845d3771674e314d/execute/async - {"script":"<script> [1562 bytes]","args":[{"selector":{"controlType":"sap.m.Button","viewName":"reusables.view.manageresources.NewResourceUnit","viewId":"application-manageresources-display-component---newResourceUnit","i18NText":{"propertyName":"tooltip","key":"save"},"interaction":{"idSuffix":"BDI-content"}},"wdio_ui5_key":"reusablesview.manageresources.NewResourceUnitsap.m.Button{\"propertyName\":\"tooltip\",\"key\":\"save\"}"}]}
RESULT: {"script":"<script> [1562 bytes]","args":[{"selector":{"controlType":"sap.m.Button","viewName":"reusables.view.manageresources.NewResourceUnit","viewId":"application-manageresources-display-component---newResourceUnit","i18NText":{"propertyName":"tooltip","key":"save"},"interaction":{"idSuffix":"BDI-content"}},"wdio_ui5_key":"reusablesview.manageresources.NewResourceUnitsap.m.Button{\"propertyName\":\"tooltip\",\"key\":\"save\"}"}]}
RESULT: undefined
COMMAND: POST /session/989d4e3e3c66b6f7845d3771674e314d/element - {"using":"xpath","value":"//*[@id=\"application-manageresources-display-component---newResourceUnit--createRuButton\"]"}
RESULT: {"using":"xpath","value":"//*[@id=\"application-manageresources-display-component---newResourceUnit--createRuButton\"]"}
COMMAND: POST /session/989d4e3e3c66b6f7845d3771674e314d/element/f.5281968FC682DAF02FAC5F987076CB5D.d.DAB1C36B0A72200348C3038174663E37.e.9433/click - {}
RESULT: {}
COMMAND: GET /session/989d4e3e3c66b6f7845d3771674e314d/screenshot - {}
RESULT: {}
COMMAND: POST /session/989d4e3e3c66b6f7845d3771674e314d/execute/async - {"script":"<script> [1562 bytes]","args":[{"selector":{"controlType":"sap.m.Title","properties":{"text":"Success"},"searchOpenDialogs":true},"wdio_ui5_key":"sapm.Title{\"text\":\"Success\"}"}]}
RESULT: {"script":"<script> [1562 bytes]","args":[{"selector":{"controlType":"sap.m.Title","properties":{"text":"Success"},"searchOpenDialogs":true},"wdio_ui5_key":"sapm.Title{\"text\":\"Success\"}"}]}
RESULT: undefined
COMMAND: POST /session/989d4e3e3c66b6f7845d3771674e314d/execute/async - {"script":"<script> [6424 bytes]","args":[{"element-6066-11e4-a52e-4f735466cecf":"f.5281968FC682DAF02FAC5F987076CB5D.d.DAB1C36B0A72200348C3038174663E37.e.9525"},"getText",[]]}
RESULT: {"script":"<script> [6424 bytes]","args":[{"element-6066-11e4-a52e-4f735466cecf":"f.5281968FC682DAF02FAC5F987076CB5D.d.DAB1C36B0A72200348C3038174663E37.e.9525"},"getText",[]]}
COMMAND: POST /session/989d4e3e3c66b6f7845d3771674e314d/element - {"using":"xpath","value":"//*[contains(@id, '__text') and (contains(text(), 'successfully created') or contains(., 'successfully created'))]"}
RESULT: {"using":"xpath","value":"//*[contains(@id, '__text') and (contains(text(), 'successfully created') or contains(., 'successfully created'))]"}
COMMAND: GET /session/989d4e3e3c66b6f7845d3771674e314d/element/f.5281968FC682DAF02FAC5F987076CB5D.d.DAB1C36B0A72200348C3038174663E37.e.9524/text - {}
RESULT: {}
COMMAND: POST /session/989d4e3e3c66b6f7845d3771674e314d/execute/async - {"script":"<script> [1562 bytes]","args":[{"selector":{"controlType":"sap.m.Button","properties":{"text":"Close"},"searchOpenDialogs":true,"interaction":{"idSuffix":"BDI-content"}},"wdio_ui5_key":"sapm.Button{\"text\":\"Close\"}"}]}
RESULT: {"script":"<script> [1562 bytes]","args":[{"selector":{"controlType":"sap.m.Button","properties":{"text":"Close"},"searchOpenDialogs":true,"interaction":{"idSuffix":"BDI-content"}},"wdio_ui5_key":"sapm.Button{\"text\":\"Close\"}"}]}
RESULT: undefined
COMMAND: POST /session/989d4e3e3c66b6f7845d3771674e314d/element - {"using":"xpath","value":"//*[@id=\"__mbox-btn-0\"]"}
RESULT: {"using":"xpath","value":"//*[@id=\"__mbox-btn-0\"]"}
COMMAND: POST /session/989d4e3e3c66b6f7845d3771674e314d/element/f.5281968FC682DAF02FAC5F987076CB5D.d.DAB1C36B0A72200348C3038174663E37.e.9521/click - {}
RESULT: {}
COMMAND: GET /session/989d4e3e3c66b6f7845d3771674e314d/screenshot - {}
RESULT: {}
COMMAND: POST /session/989d4e3e3c66b6f7845d3771674e314d/execute/async - {"script":"<script> [1562 bytes]","args":[{"selector":{"controlType":"sap.ui.core.Icon","viewName":"etm.portal.ui.manageresources.view.Detail","viewId":"application-manageresources-display-component---detailRU","properties":{"src":{"regex":{"source":"overflow"}}}},"wdio_ui5_key":"etmportal.ui.manageresources.view.Detailsap.ui.core.Icon{\"src\":{\"regex\":{\"source\":\"overflow\"}}}"}]}
RESULT: {"script":"<script> [1562 bytes]","args":[{"selector":{"controlType":"sap.ui.core.Icon","viewName":"etm.portal.ui.manageresources.view.Detail","viewId":"application-manageresources-display-component---detailRU","properties":{"src":{"regex":{"source":"overflow"}}}},"wdio_ui5_key":"etmportal.ui.manageresources.view.Detailsap.ui.core.Icon{\"src\":{\"regex\":{\"source\":\"overflow\"}}}"}]}
RESULT: undefined
COMMAND: POST /session/989d4e3e3c66b6f7845d3771674e314d/element - {"using":"xpath","value":"//*[@id=\"__title18-_actionsToolbar-overflowButton-img\"]"}
RESULT: {"using":"xpath","value":"//*[@id=\"__title18-_actionsToolbar-overflowButton-img\"]"}
COMMAND: POST /session/989d4e3e3c66b6f7845d3771674e314d/element/f.5281968FC682DAF02FAC5F987076CB5D.d.DAB1C36B0A72200348C3038174663E37.e.9554/click - {}
RESULT: {}
COMMAND: POST /session/989d4e3e3c66b6f7845d3771674e314d/execute/async - {"script":"<script> [1562 bytes]","args":[{"selector":{"controlType":"sap.m.Button","viewName":"etm.portal.ui.manageresources.view.Detail","viewId":"application-manageresources-display-component---detailRU","i18NText":{"propertyName":"tooltip","key":"closeColumn"},"searchOpenDialogs":true,"interaction":{"idSuffix":"inner"}},"wdio_ui5_key":"etmportal.ui.manageresources.view.Detailsap.m.Button{\"propertyName\":\"tooltip\",\"key\":\"closeColumn\"}"}]}
COMMAND: GET /session/989d4e3e3c66b6f7845d3771674e314d/screenshot - {}
RESULT: {"script":"<script> [1562 bytes]","args":[{"selector":{"controlType":"sap.m.Button","viewName":"etm.portal.ui.manageresources.view.Detail","viewId":"application-manageresources-display-component---detailRU","i18NText":{"propertyName":"tooltip","key":"closeColumn"},"searchOpenDialogs":true,"interaction":{"idSuffix":"inner"}},"wdio_ui5_key":"etmportal.ui.manageresources.view.Detailsap.m.Button{\"propertyName\":\"tooltip\",\"key\":\"closeColumn\"}"}]}
RESULT: undefined
COMMAND: POST /session/989d4e3e3c66b6f7845d3771674e314d/element - {"using":"xpath","value":"//*[@id=\"__button47\"]"}
RESULT: {}
RESULT: {"using":"xpath","value":"//*[@id=\"__button47\"]"}
COMMAND: POST /session/989d4e3e3c66b6f7845d3771674e314d/element/f.5281968FC682DAF02FAC5F987076CB5D.d.DAB1C36B0A72200348C3038174663E37.e.9556/click - {}
RESULT: {}
COMMAND: GET /session/989d4e3e3c66b6f7845d3771674e314d/screenshot - {}
RESULT: {}
COMMAND: POST /session/989d4e3e3c66b6f7845d3771674e314d/refresh - {}
RESULT: {}
COMMAND: GET /session/989d4e3e3c66b6f7845d3771674e314d/screenshot - {}
RESULT: {}
COMMAND: POST /session/989d4e3e3c66b6f7845d3771674e314d/execute/async - {"script":"<script> [189 bytes]","args":[]}
RESULT: {"script":"<script> [189 bytes]","args":[]}
COMMAND: POST /session/989d4e3e3c66b6f7845d3771674e314d/execute/async - {"script":"<script> [123 bytes]","args":[]}
RESULT: {"script":"<script> [123 bytes]","args":[]}
COMMAND: POST /session/989d4e3e3c66b6f7845d3771674e314d/timeouts - {"script":"<number>"}
RESULT: {"script":"<number>"}
COMMAND: GET /session/989d4e3e3c66b6f7845d3771674e314d/timeouts - {}
RESULT: {}
RESULT: undefined
COMMAND: POST /session/989d4e3e3c66b6f7845d3771674e314d/execute/async - {"script":"<script> [2676 bytes]","args":[]}
RESULT: {"script":"<script> [2676 bytes]","args":[]}
COMMAND: POST /session/989d4e3e3c66b6f7845d3771674e314d/execute/async - {"script":"<script> [2342 bytes]","args":[{"protocol":"http","hostname":"0.0.0.0","path":"/","capabilities":{"browserName":"chrome","goog:chromeOptions":{"binary":"C:\\Program Files\\Google\\Chrome\\Application\\chrome.exe","args":["--start-maximized"]}},"logLevel":"warn","connectionRetryTimeout":120000,"connectionRetryCount":3,"logLevels":{},"enableDirectConnect":true,"strictSSL":true,"_":"65 more keys: [\"cacheDir\",\"port\",\"requestedCapabilities\",\"automationProtocol\",\"baseUrl\",\"waitforInterval\",\"waitforTimeout\",\"onReload\",\"beforeCommand\",\"afterCommand\",\"rootDir\",\"specs\",\"suites\",\"exclude\",\"groupLogsByTestSpec\",\"excludeDriverLogs\",\"bail\",\"framework\",\"reporters\",\"services\",\"maxInstances\",\"maxInstancesPerCapability\",\"injectGlobals\",\"filesToWatch\",\"execArgv\",\"runnerEnv\",\"runner\",\"shard\",\"specFileRetries\",\"specFileRetriesDelay\",\"specFileRetriesDeferred\",\"reporterSyncInterval\",\"reporterSyncTimeout\",\"cucumberFeaturesWithLineNumbers\",\"autoCompileOpts\",\"mochaOpts\",\"jasmineOpts\",\"cucumberOpts\",\"onPrepare\",\"onWorkerStart\",\"onWorkerEnd\",\"before\",\"beforeSession\",\"beforeSuite\",\"beforeHook\",\"beforeTest\",\"afterTest\",\"afterHook\",\"afterSuite\",\"afterSession\",\"after\",\"onComplete\",\"beforeAssertion\",\"afterAssertion\",\"beforeFeature\",\"beforeScenario\",\"beforeStep\",\"afterStep\",\"afterScenario\",\"afterFeature\",\"_\",\"suite\",\"$0\",\"ignoredWorkerServices\",\"wdi5\"]"}]}
RESULT: {"script":"<script> [2342 bytes]","args":[{"protocol":"http","hostname":"0.0.0.0","path":"/","capabilities":{"browserName":"chrome","goog:chromeOptions":{"binary":"C:\\Program Files\\Google\\Chrome\\Application\\chrome.exe","args":["--start-maximized"]}},"logLevel":"warn","connectionRetryTimeout":120000,"connectionRetryCount":3,"logLevels":{},"enableDirectConnect":true,"strictSSL":true,"_":"65 more keys: [\"cacheDir\",\"port\",\"requestedCapabilities\",\"automationProtocol\",\"baseUrl\",\"waitforInterval\",\"waitforTimeout\",\"onReload\",\"beforeCommand\",\"afterCommand\",\"rootDir\",\"specs\",\"suites\",\"exclude\",\"groupLogsByTestSpec\",\"excludeDriverLogs\",\"bail\",\"framework\",\"reporters\",\"services\",\"maxInstances\",\"maxInstancesPerCapability\",\"injectGlobals\",\"filesToWatch\",\"execArgv\",\"runnerEnv\",\"runner\",\"shard\",\"specFileRetries\",\"specFileRetriesDelay\",\"specFileRetriesDeferred\",\"reporterSyncInterval\",\"reporterSyncTimeout\",\"cucumberFeaturesWithLineNumbers\",\"autoCompileOpts\",\"mochaOpts\",\"jasmineOpts\",\"cucumberOpts\",\"onPrepare\",\"onWorkerStart\",\"onWorkerEnd\",\"before\",\"beforeSession\",\"beforeSuite\",\"beforeHook\",\"beforeTest\",\"afterTest\",\"afterHook\",\"afterSuite\",\"afterSession\",\"after\",\"onComplete\",\"beforeAssertion\",\"afterAssertion\",\"beforeFeature\",\"beforeScenario\",\"beforeStep\",\"afterStep\",\"afterScenario\",\"afterFeature\",\"_\",\"suite\",\"$0\",\"ignoredWorkerServices\",\"wdi5\"]"}]}
COMMAND: POST /session/989d4e3e3c66b6f7845d3771674e314d/execute/async - {"script":"<script> [21126 bytes]","args":[35000]}
RESULT: {"script":"<script> [21126 bytes]","args":[35000]}
COMMAND: POST /session/989d4e3e3c66b6f7845d3771674e314d/element - {"using":"css selector","value":"#shell-header-logo"}
RESULT: {"using":"css selector","value":"#shell-header-logo"}
COMMAND: POST /session/989d4e3e3c66b6f7845d3771674e314d/element/f.5281968FC682DAF02FAC5F987076CB5D.d.7B8C4F9F90A372FC09D3E6D3F220F9D2.e.9639/click - {}
RESULT: {}
COMMAND: GET /session/989d4e3e3c66b6f7845d3771674e314d/screenshot - {}
RESULT: {}
COMMAND: POST /session/989d4e3e3c66b6f7845d3771674e314d/element - {"using":"css selector","value":"#shell-header-logo"}
RESULT: {"using":"css selector","value":"#shell-header-logo"}
COMMAND: POST /session/989d4e3e3c66b6f7845d3771674e314d/element/f.5281968FC682DAF02FAC5F987076CB5D.d.7B8C4F9F90A372FC09D3E6D3F220F9D2.e.9820/click - {}
RESULT: {}
COMMAND: GET /session/989d4e3e3c66b6f7845d3771674e314d/screenshot - {}
RESULT: {}
]]></system-out>
    </testcase>
    <testcase classname="chrome.135_0_7049_96.windows.Warehouse_movements_inventory_test" name="Should do a stock increase handover" time="78.77">
      <system-out><![CDATA[
COMMAND: POST /session/989d4e3e3c66b6f7845d3771674e314d/execute/async - {"script":"<script> [1562 bytes]","args":[{"selector":{"controlType":"sap.m.Text","viewName":"etm.portal.ui.managehandoverstile.view.Master","properties":{"text":"Manage Handovers"},"interaction":{"idSuffix":"inner"}},"wdio_ui5_key":"etmportal.ui.managehandoverstile.view.Mastersap.m.Text{\"text\":\"Manage Handovers\"}"}]}
RESULT: {"script":"<script> [1562 bytes]","args":[{"selector":{"controlType":"sap.m.Text","viewName":"etm.portal.ui.managehandoverstile.view.Master","properties":{"text":"Manage Handovers"},"interaction":{"idSuffix":"inner"}},"wdio_ui5_key":"etmportal.ui.managehandoverstile.view.Mastersap.m.Text{\"text\":\"Manage Handovers\"}"}]}
RESULT: undefined
COMMAND: POST /session/989d4e3e3c66b6f7845d3771674e314d/element - {"using":"xpath","value":"//*[@id=\"__tile132-title\"]"}
RESULT: {"using":"xpath","value":"//*[@id=\"__tile132-title\"]"}
COMMAND: POST /session/989d4e3e3c66b6f7845d3771674e314d/element/f.5281968FC682DAF02FAC5F987076CB5D.d.7B8C4F9F90A372FC09D3E6D3F220F9D2.e.9831/click - {}
RESULT: {}
COMMAND: GET /session/989d4e3e3c66b6f7845d3771674e314d/screenshot - {}
RESULT: {}
COMMAND: POST /session/989d4e3e3c66b6f7845d3771674e314d/element - {"using":"xpath","value":"//button[(@data-kt = 'masterHOAddButton')]"}
RESULT: {"using":"xpath","value":"//button[(@data-kt = 'masterHOAddButton')]"}
COMMAND: POST /session/989d4e3e3c66b6f7845d3771674e314d/element/f.5281968FC682DAF02FAC5F987076CB5D.d.7B8C4F9F90A372FC09D3E6D3F220F9D2.e.9861/click - {}
RESULT: {}
COMMAND: GET /session/989d4e3e3c66b6f7845d3771674e314d/screenshot - {}
RESULT: {}
COMMAND: POST /session/989d4e3e3c66b6f7845d3771674e314d/element - {"using":"xpath","value":"//span[contains(@id ,\"AddNewHO--typeSelect-arrow\")]"}
RESULT: {"using":"xpath","value":"//span[contains(@id ,\"AddNewHO--typeSelect-arrow\")]"}
COMMAND: POST /session/989d4e3e3c66b6f7845d3771674e314d/element/f.5281968FC682DAF02FAC5F987076CB5D.d.7B8C4F9F90A372FC09D3E6D3F220F9D2.e.10004/click - {}
RESULT: {}
COMMAND: POST /session/989d4e3e3c66b6f7845d3771674e314d/element - {"using":"xpath","value":"(//li[contains(text(), \"stock increase yard\")])[1]"}
COMMAND: GET /session/989d4e3e3c66b6f7845d3771674e314d/screenshot - {}
RESULT: {"using":"xpath","value":"(//li[contains(text(), \"stock increase yard\")])[1]"}
COMMAND: POST /session/989d4e3e3c66b6f7845d3771674e314d/element/f.5281968FC682DAF02FAC5F987076CB5D.d.7B8C4F9F90A372FC09D3E6D3F220F9D2.e.10005/click - {}
RESULT: {}
RESULT: {}
COMMAND: GET /session/989d4e3e3c66b6f7845d3771674e314d/screenshot - {}
RESULT: {}
COMMAND: POST /session/989d4e3e3c66b6f7845d3771674e314d/execute/async - {"script":"<script> [1562 bytes]","args":[{"selector":{"id":"application-managehandovers-display-component---AddNewHO--dueDate","interaction":{"idSuffix":"inner"}},"wdio_ui5_key":"applicationmanagehandovers-display-component---AddNewHO--dueDate"}]}
RESULT: {"script":"<script> [1562 bytes]","args":[{"selector":{"id":"application-managehandovers-display-component---AddNewHO--dueDate","interaction":{"idSuffix":"inner"}},"wdio_ui5_key":"applicationmanagehandovers-display-component---AddNewHO--dueDate"}]}
RESULT: undefined
COMMAND: POST /session/989d4e3e3c66b6f7845d3771674e314d/execute/async - {"script":"<script> [6424 bytes]","args":[{"element-6066-11e4-a52e-4f735466cecf":"f.5281968FC682DAF02FAC5F987076CB5D.d.7B8C4F9F90A372FC09D3E6D3F220F9D2.e.10009"},"setValue",["04/30/2025"]]}
RESULT: {"script":"<script> [6424 bytes]","args":[{"element-6066-11e4-a52e-4f735466cecf":"f.5281968FC682DAF02FAC5F987076CB5D.d.7B8C4F9F90A372FC09D3E6D3F220F9D2.e.10009"},"setValue",["04/30/2025"]]}
COMMAND: POST /session/989d4e3e3c66b6f7845d3771674e314d/element - {"using":"xpath","value":"//input[@id=\"generalSectionFrg--receiveYard-inner\"]"}
RESULT: {"using":"xpath","value":"//input[@id=\"generalSectionFrg--receiveYard-inner\"]"}
COMMAND: POST /session/989d4e3e3c66b6f7845d3771674e314d/element/f.5281968FC682DAF02FAC5F987076CB5D.d.7B8C4F9F90A372FC09D3E6D3F220F9D2.e.10015/clear - {}
RESULT: {}
COMMAND: POST /session/989d4e3e3c66b6f7845d3771674e314d/element/f.5281968FC682DAF02FAC5F987076CB5D.d.7B8C4F9F90A372FC09D3E6D3F220F9D2.e.10015/value - {"text":"WebdriverWHMYard7i7dhk"}
COMMAND: GET /session/989d4e3e3c66b6f7845d3771674e314d/screenshot - {}
RESULT: {"text":"WebdriverWHMYard7i7dhk"}
COMMAND: GET /session/989d4e3e3c66b6f7845d3771674e314d/screenshot - {}
RESULT: {}
RESULT: {}
COMMAND: POST /session/989d4e3e3c66b6f7845d3771674e314d/execute/async - {"script":"<script> [1562 bytes]","args":[{"selector":{"id":"application-managehandovers-display-component---AddNewHO--ObjectPageLayout-anchBar-application-managehandovers-display-component---AddNewHO--section4-anchor","interaction":{"idSuffix":"BDI-content"}},"wdio_ui5_key":"applicationmanagehandovers-display-component---AddNewHO--ObjectPageLayout-anchBar-application-managehandovers-display-component---AddNewHO--section4-anchor"}]}
RESULT: {"script":"<script> [1562 bytes]","args":[{"selector":{"id":"application-managehandovers-display-component---AddNewHO--ObjectPageLayout-anchBar-application-managehandovers-display-component---AddNewHO--section4-anchor","interaction":{"idSuffix":"BDI-content"}},"wdio_ui5_key":"applicationmanagehandovers-display-component---AddNewHO--ObjectPageLayout-anchBar-application-managehandovers-display-component---AddNewHO--section4-anchor"}]}
RESULT: undefined
COMMAND: POST /session/989d4e3e3c66b6f7845d3771674e314d/element - {"using":"xpath","value":"//*[@id=\"application-managehandovers-display-component---AddNewHO--ObjectPageLayout-anchBar-application-managehandovers-display-component---AddNewHO--section4-anchor\"]"}
RESULT: {"using":"xpath","value":"//*[@id=\"application-managehandovers-display-component---AddNewHO--ObjectPageLayout-anchBar-application-managehandovers-display-component---AddNewHO--section4-anchor\"]"}
COMMAND: POST /session/989d4e3e3c66b6f7845d3771674e314d/element/f.5281968FC682DAF02FAC5F987076CB5D.d.7B8C4F9F90A372FC09D3E6D3F220F9D2.e.10032/click - {}
RESULT: {}
COMMAND: GET /session/989d4e3e3c66b6f7845d3771674e314d/screenshot - {}
RESULT: {}
COMMAND: POST /session/989d4e3e3c66b6f7845d3771674e314d/element - {"using":"xpath","value":"//button[@aria-label=\"Add\"]"}
RESULT: {"using":"xpath","value":"//button[@aria-label=\"Add\"]"}
COMMAND: POST /session/989d4e3e3c66b6f7845d3771674e314d/element/f.5281968FC682DAF02FAC5F987076CB5D.d.7B8C4F9F90A372FC09D3E6D3F220F9D2.e.10036/click - {}
RESULT: {}
COMMAND: GET /session/989d4e3e3c66b6f7845d3771674e314d/screenshot - {}
RESULT: {}
COMMAND: POST /session/989d4e3e3c66b6f7845d3771674e314d/execute/async - {"script":"<script> [1562 bytes]","args":[{"selector":{"id":"application-managehandovers-display-component---AddNewHO--smartFilterBar-btnBasicSearch","searchOpenDialogs":true,"interaction":{"idSuffix":"I"}},"wdio_ui5_key":"applicationmanagehandovers-display-component---AddNewHO--smartFilterBar-btnBasicSearch"}]}
RESULT: {"script":"<script> [1562 bytes]","args":[{"selector":{"id":"application-managehandovers-display-component---AddNewHO--smartFilterBar-btnBasicSearch","searchOpenDialogs":true,"interaction":{"idSuffix":"I"}},"wdio_ui5_key":"applicationmanagehandovers-display-component---AddNewHO--smartFilterBar-btnBasicSearch"}]}
RESULT: undefined
COMMAND: POST /session/989d4e3e3c66b6f7845d3771674e314d/execute/async - {"script":"<script> [776 bytes]","args":[{"enterText":"WebdriverRUR2Ctrcb3","selector":{"id":"application-managehandovers-display-component---AddNewHO--smartFilterBar-btnBasicSearch","searchOpenDialogs":true,"interaction":{"idSuffix":"I"}},"clearTextFirst":true,"interactionType":"ENTER_TEXT"}]}
RESULT: {"script":"<script> [776 bytes]","args":[{"enterText":"WebdriverRUR2Ctrcb3","selector":{"id":"application-managehandovers-display-component---AddNewHO--smartFilterBar-btnBasicSearch","searchOpenDialogs":true,"interaction":{"idSuffix":"I"}},"clearTextFirst":true,"interactionType":"ENTER_TEXT"}]}
COMMAND: POST /session/989d4e3e3c66b6f7845d3771674e314d/actions - {"actions":[{"id":"action33","type":"key","parameters":{},"actions":[{"type":"keyDown","value":"î€‡"},{"type":"pause","duration":10},{"type":"keyUp","value":"î€‡"}]}]}
RESULT: {"actions":[{"id":"action33","type":"key","parameters":{},"actions":[{"type":"keyDown","value":"î€‡"},{"type":"pause","duration":10},{"type":"keyUp","value":"î€‡"}]}]}
COMMAND: POST /session/989d4e3e3c66b6f7845d3771674e314d/execute/async - {"script":"<script> [1562 bytes]","args":[{"selector":{"id":"application-managehandovers-display-component---AddNewHO--popup-sa","searchOpenDialogs":true,"interaction":{"idSuffix":"CbBg"}},"wdio_ui5_key":"applicationmanagehandovers-display-component---AddNewHO--popup-sa"}]}
COMMAND: GET /session/989d4e3e3c66b6f7845d3771674e314d/screenshot - {}
RESULT: {"script":"<script> [1562 bytes]","args":[{"selector":{"id":"application-managehandovers-display-component---AddNewHO--popup-sa","searchOpenDialogs":true,"interaction":{"idSuffix":"CbBg"}},"wdio_ui5_key":"applicationmanagehandovers-display-component---AddNewHO--popup-sa"}]}
RESULT: undefined
COMMAND: POST /session/989d4e3e3c66b6f7845d3771674e314d/element - {"using":"xpath","value":"//*[@id=\"application-managehandovers-display-component---AddNewHO--popup-sa\"]"}
RESULT: {}
RESULT: {"using":"xpath","value":"//*[@id=\"application-managehandovers-display-component---AddNewHO--popup-sa\"]"}
COMMAND: POST /session/989d4e3e3c66b6f7845d3771674e314d/element/f.5281968FC682DAF02FAC5F987076CB5D.d.7B8C4F9F90A372FC09D3E6D3F220F9D2.e.10189/click - {}
RESULT: {}
COMMAND: GET /session/989d4e3e3c66b6f7845d3771674e314d/screenshot - {}
RESULT: {}
COMMAND: POST /session/989d4e3e3c66b6f7845d3771674e314d/element - {"using":"xpath","value":"//bdi[contains(text(), \"Select\")]"}
RESULT: {"using":"xpath","value":"//bdi[contains(text(), \"Select\")]"}
COMMAND: POST /session/989d4e3e3c66b6f7845d3771674e314d/element/f.5281968FC682DAF02FAC5F987076CB5D.d.7B8C4F9F90A372FC09D3E6D3F220F9D2.e.10190/click - {}
RESULT: {}
COMMAND: GET /session/989d4e3e3c66b6f7845d3771674e314d/screenshot - {}
RESULT: {}
COMMAND: POST /session/989d4e3e3c66b6f7845d3771674e314d/element - {"using":"xpath","value":"//button[@data-kt=\"AddNewHOSaveButton\"]"}
RESULT: {"using":"xpath","value":"//button[@data-kt=\"AddNewHOSaveButton\"]"}
COMMAND: POST /session/989d4e3e3c66b6f7845d3771674e314d/element/f.5281968FC682DAF02FAC5F987076CB5D.d.7B8C4F9F90A372FC09D3E6D3F220F9D2.e.10194/click - {}
RESULT: {}
COMMAND: GET /session/989d4e3e3c66b6f7845d3771674e314d/screenshot - {}
RESULT: {}
COMMAND: POST /session/989d4e3e3c66b6f7845d3771674e314d/execute/async - {"script":"<script> [1562 bytes]","args":[{"selector":{"id":"receiptDatePicker","viewName":"etm.portal.ui.managehandovers.view.DetailExecuteHO","interaction":{"idSuffix":"inner"}},"wdio_ui5_key":"receiptDatePickeretmportal.ui.managehandovers.view.DetailExecuteHO"}]}
RESULT: {"script":"<script> [1562 bytes]","args":[{"selector":{"id":"receiptDatePicker","viewName":"etm.portal.ui.managehandovers.view.DetailExecuteHO","interaction":{"idSuffix":"inner"}},"wdio_ui5_key":"receiptDatePickeretmportal.ui.managehandovers.view.DetailExecuteHO"}]}
RESULT: undefined
COMMAND: POST /session/989d4e3e3c66b6f7845d3771674e314d/execute/async - {"script":"<script> [6424 bytes]","args":[{"element-6066-11e4-a52e-4f735466cecf":"f.5281968FC682DAF02FAC5F987076CB5D.d.7B8C4F9F90A372FC09D3E6D3F220F9D2.e.10222"},"setValue",["04/30/2025"]]}
RESULT: {"script":"<script> [6424 bytes]","args":[{"element-6066-11e4-a52e-4f735466cecf":"f.5281968FC682DAF02FAC5F987076CB5D.d.7B8C4F9F90A372FC09D3E6D3F220F9D2.e.10222"},"setValue",["04/30/2025"]]}
COMMAND: POST /session/989d4e3e3c66b6f7845d3771674e314d/element - {"using":"xpath","value":"//button[@data-kt=\"PickingTableConfirmAllButton\"]"}
RESULT: {"using":"xpath","value":"//button[@data-kt=\"PickingTableConfirmAllButton\"]"}
COMMAND: POST /session/989d4e3e3c66b6f7845d3771674e314d/element/f.5281968FC682DAF02FAC5F987076CB5D.d.7B8C4F9F90A372FC09D3E6D3F220F9D2.e.10241/click - {}
RESULT: {}
COMMAND: GET /session/989d4e3e3c66b6f7845d3771674e314d/screenshot - {}
RESULT: {}
COMMAND: POST /session/989d4e3e3c66b6f7845d3771674e314d/element - {"using":"xpath","value":"//bdi[contains(text(), \"OK\")]"}
RESULT: {"using":"xpath","value":"//bdi[contains(text(), \"OK\")]"}
COMMAND: POST /session/989d4e3e3c66b6f7845d3771674e314d/element/f.5281968FC682DAF02FAC5F987076CB5D.d.7B8C4F9F90A372FC09D3E6D3F220F9D2.e.10243/click - {}
RESULT: {}
COMMAND: GET /session/989d4e3e3c66b6f7845d3771674e314d/screenshot - {}
RESULT: {}
COMMAND: POST /session/989d4e3e3c66b6f7845d3771674e314d/element - {"using":"xpath","value":"(//bdi[contains(text(), \"Receive\")])[2]"}
RESULT: {"using":"xpath","value":"(//bdi[contains(text(), \"Receive\")])[2]"}
COMMAND: POST /session/989d4e3e3c66b6f7845d3771674e314d/element/f.5281968FC682DAF02FAC5F987076CB5D.d.7B8C4F9F90A372FC09D3E6D3F220F9D2.e.10245/click - {}
RESULT: {}
COMMAND: GET /session/989d4e3e3c66b6f7845d3771674e314d/screenshot - {}
RESULT: {}
COMMAND: POST /session/989d4e3e3c66b6f7845d3771674e314d/element - {"using":"css selector","value":"#shell-header-logo"}
RESULT: {"using":"css selector","value":"#shell-header-logo"}
COMMAND: POST /session/989d4e3e3c66b6f7845d3771674e314d/element/f.5281968FC682DAF02FAC5F987076CB5D.d.7B8C4F9F90A372FC09D3E6D3F220F9D2.e.9820/click - {}
RESULT: {}
COMMAND: GET /session/989d4e3e3c66b6f7845d3771674e314d/screenshot - {}
RESULT: {}
]]></system-out>
    </testcase>
    <testcase classname="chrome.135_0_7049_96.windows.Warehouse_movements_inventory_test" name="Verify the warehouse movement" time="54.714">
      <system-out><![CDATA[
COMMAND: POST /session/989d4e3e3c66b6f7845d3771674e314d/execute/async - {"script":"<script> [1562 bytes]","args":[{"selector":{"controlType":"sap.m.GenericTile","properties":{"header":"Manage Warehouse Movements"}},"wdio_ui5_key":"sapm.GenericTile{\"header\":\"Manage Warehouse Movements\"}"}]}
RESULT: {"script":"<script> [1562 bytes]","args":[{"selector":{"controlType":"sap.m.GenericTile","properties":{"header":"Manage Warehouse Movements"}},"wdio_ui5_key":"sapm.GenericTile{\"header\":\"Manage Warehouse Movements\"}"}]}
RESULT: undefined
COMMAND: POST /session/989d4e3e3c66b6f7845d3771674e314d/element - {"using":"xpath","value":"//*[@id=\"__tile105\"]"}
RESULT: {"using":"xpath","value":"//*[@id=\"__tile105\"]"}
COMMAND: POST /session/989d4e3e3c66b6f7845d3771674e314d/element/f.5281968FC682DAF02FAC5F987076CB5D.d.7B8C4F9F90A372FC09D3E6D3F220F9D2.e.10390/click - {}
RESULT: {}
COMMAND: GET /session/989d4e3e3c66b6f7845d3771674e314d/screenshot - {}
RESULT: {}
COMMAND: POST /session/989d4e3e3c66b6f7845d3771674e314d/execute/async - {"script":"<script> [1562 bytes]","args":[{"selector":{"id":"application-warehousemovements-display-component---warehouseMovements--smartFilterBar-filterItemControl_BASIC-YARD-vhi"},"wdio_ui5_key":"applicationwarehousemovements-display-component---warehouseMovements--smartFilterBar-filterItemControl_BASIC-YARD-vhi"}]}
RESULT: {"script":"<script> [1562 bytes]","args":[{"selector":{"id":"application-warehousemovements-display-component---warehouseMovements--smartFilterBar-filterItemControl_BASIC-YARD-vhi"},"wdio_ui5_key":"applicationwarehousemovements-display-component---warehouseMovements--smartFilterBar-filterItemControl_BASIC-YARD-vhi"}]}
RESULT: undefined
COMMAND: POST /session/989d4e3e3c66b6f7845d3771674e314d/element - {"using":"xpath","value":"//*[@id=\"application-warehousemovements-display-component---warehouseMovements--smartFilterBar-filterItemControl_BASIC-YARD-vhi\"]"}
RESULT: {"using":"xpath","value":"//*[@id=\"application-warehousemovements-display-component---warehouseMovements--smartFilterBar-filterItemControl_BASIC-YARD-vhi\"]"}
COMMAND: POST /session/989d4e3e3c66b6f7845d3771674e314d/element/f.5281968FC682DAF02FAC5F987076CB5D.d.7B8C4F9F90A372FC09D3E6D3F220F9D2.e.10611/click - {}
RESULT: {}
COMMAND: GET /session/989d4e3e3c66b6f7845d3771674e314d/screenshot - {}
RESULT: {}
COMMAND: POST /session/989d4e3e3c66b6f7845d3771674e314d/execute/async - {"script":"<script> [1562 bytes]","args":[{"selector":{"id":"application-warehousemovements-display-component---warehouseMovements--smartFilterBar-filterItemControl_BASIC-YARD-valueHelpDialog-smartFilterBar-btnBasicSearch","searchOpenDialogs":true,"interaction":{"idSuffix":"I"}},"wdio_ui5_key":"applicationwarehousemovements-display-component---warehouseMovements--smartFilterBar-filterItemControl_BASIC-YARD-valueHelpDialog-smartFilterBar-btnBasicSearch"}]}
RESULT: {"script":"<script> [1562 bytes]","args":[{"selector":{"id":"application-warehousemovements-display-component---warehouseMovements--smartFilterBar-filterItemControl_BASIC-YARD-valueHelpDialog-smartFilterBar-btnBasicSearch","searchOpenDialogs":true,"interaction":{"idSuffix":"I"}},"wdio_ui5_key":"applicationwarehousemovements-display-component---warehouseMovements--smartFilterBar-filterItemControl_BASIC-YARD-valueHelpDialog-smartFilterBar-btnBasicSearch"}]}
RESULT: undefined
COMMAND: POST /session/989d4e3e3c66b6f7845d3771674e314d/execute/async - {"script":"<script> [776 bytes]","args":[{"enterText":"WebdriverWHMYard7i7dhk","selector":{"id":"application-warehousemovements-display-component---warehouseMovements--smartFilterBar-filterItemControl_BASIC-YARD-valueHelpDialog-smartFilterBar-btnBasicSearch","searchOpenDialogs":true,"interaction":{"idSuffix":"I"}},"clearTextFirst":true,"interactionType":"ENTER_TEXT"}]}
RESULT: {"script":"<script> [776 bytes]","args":[{"enterText":"WebdriverWHMYard7i7dhk","selector":{"id":"application-warehousemovements-display-component---warehouseMovements--smartFilterBar-filterItemControl_BASIC-YARD-valueHelpDialog-smartFilterBar-btnBasicSearch","searchOpenDialogs":true,"interaction":{"idSuffix":"I"}},"clearTextFirst":true,"interactionType":"ENTER_TEXT"}]}
COMMAND: POST /session/989d4e3e3c66b6f7845d3771674e314d/actions - {"actions":[{"id":"action34","type":"key","parameters":{},"actions":[{"type":"keyDown","value":"î€‡"},{"type":"pause","duration":10},{"type":"keyUp","value":"î€‡"}]}]}
RESULT: {"actions":[{"id":"action34","type":"key","parameters":{},"actions":[{"type":"keyDown","value":"î€‡"},{"type":"pause","duration":10},{"type":"keyUp","value":"î€‡"}]}]}
COMMAND: GET /session/989d4e3e3c66b6f7845d3771674e314d/screenshot - {}
RESULT: {}
COMMAND: POST /session/989d4e3e3c66b6f7845d3771674e314d/element - {"using":"xpath","value":"//div[@id='application-warehousemovements-display-component---warehouseMovements--smartFilterBar-filterItemControl_BASIC-YARD-valueHelpDialog-table-rowsel0']"}
RESULT: {"using":"xpath","value":"//div[@id='application-warehousemovements-display-component---warehouseMovements--smartFilterBar-filterItemControl_BASIC-YARD-valueHelpDialog-table-rowsel0']"}
COMMAND: POST /session/989d4e3e3c66b6f7845d3771674e314d/element/f.5281968FC682DAF02FAC5F987076CB5D.d.7B8C4F9F90A372FC09D3E6D3F220F9D2.e.10621/click - {}
RESULT: {}
COMMAND: POST /session/989d4e3e3c66b6f7845d3771674e314d/execute/async - {"script":"<script> [1562 bytes]","args":[{"selector":{"id":"application-warehousemovements-display-component---warehouseMovements--smartFilterBar-filterItemControl_BASIC-YARD-valueHelpDialog-ok","searchOpenDialogs":true,"interaction":{"idSuffix":"BDI-content"}},"wdio_ui5_key":"applicationwarehousemovements-display-component---warehouseMovements--smartFilterBar-filterItemControl_BASIC-YARD-valueHelpDialog-ok"}]}
COMMAND: GET /session/989d4e3e3c66b6f7845d3771674e314d/screenshot - {}
RESULT: {"script":"<script> [1562 bytes]","args":[{"selector":{"id":"application-warehousemovements-display-component---warehouseMovements--smartFilterBar-filterItemControl_BASIC-YARD-valueHelpDialog-ok","searchOpenDialogs":true,"interaction":{"idSuffix":"BDI-content"}},"wdio_ui5_key":"applicationwarehousemovements-display-component---warehouseMovements--smartFilterBar-filterItemControl_BASIC-YARD-valueHelpDialog-ok"}]}
RESULT: undefined
COMMAND: POST /session/989d4e3e3c66b6f7845d3771674e314d/element - {"using":"xpath","value":"//*[@id=\"application-warehousemovements-display-component---warehouseMovements--smartFilterBar-filterItemControl_BASIC-YARD-valueHelpDialog-ok\"]"}
RESULT: {}
RESULT: {"using":"xpath","value":"//*[@id=\"application-warehousemovements-display-component---warehouseMovements--smartFilterBar-filterItemControl_BASIC-YARD-valueHelpDialog-ok\"]"}
COMMAND: POST /session/989d4e3e3c66b6f7845d3771674e314d/element/f.5281968FC682DAF02FAC5F987076CB5D.d.7B8C4F9F90A372FC09D3E6D3F220F9D2.e.10624/click - {}
RESULT: {}
COMMAND: POST /session/989d4e3e3c66b6f7845d3771674e314d/execute/async - {"script":"<script> [1562 bytes]","args":[{"selector":{"controlType":"sap.ui.core.Icon","viewName":"etm.portal.ui.warehousemovements.view.MasterMovement","viewId":"application-warehousemovements-display-component---warehouseMovements","properties":{"src":{"regex":{"source":"add"}}}},"wdio_ui5_key":"etmportal.ui.warehousemovements.view.MasterMovementsap.ui.core.Icon{\"src\":{\"regex\":{\"source\":\"add\"}}}"}]}
COMMAND: GET /session/989d4e3e3c66b6f7845d3771674e314d/screenshot - {}
RESULT: {"script":"<script> [1562 bytes]","args":[{"selector":{"controlType":"sap.ui.core.Icon","viewName":"etm.portal.ui.warehousemovements.view.MasterMovement","viewId":"application-warehousemovements-display-component---warehouseMovements","properties":{"src":{"regex":{"source":"add"}}}},"wdio_ui5_key":"etmportal.ui.warehousemovements.view.MasterMovementsap.ui.core.Icon{\"src\":{\"regex\":{\"source\":\"add\"}}}"}]}
RESULT: undefined
COMMAND: POST /session/989d4e3e3c66b6f7845d3771674e314d/element - {"using":"xpath","value":"//*[@id=\"__button73-img\"]"}
RESULT: {}
RESULT: {"using":"xpath","value":"//*[@id=\"__button73-img\"]"}
COMMAND: POST /session/989d4e3e3c66b6f7845d3771674e314d/element/f.5281968FC682DAF02FAC5F987076CB5D.d.7B8C4F9F90A372FC09D3E6D3F220F9D2.e.10426/click - {}
RESULT: {}
COMMAND: POST /session/989d4e3e3c66b6f7845d3771674e314d/element - {"using":"xpath","value":"//input[contains(@id ,\"application-warehousemovements-display-component---addMovement--sectionsList-inner\")]"}
COMMAND: GET /session/989d4e3e3c66b6f7845d3771674e314d/screenshot - {}
RESULT: {"using":"xpath","value":"//input[contains(@id ,\"application-warehousemovements-display-component---addMovement--sectionsList-inner\")]"}
COMMAND: POST /session/989d4e3e3c66b6f7845d3771674e314d/elements - {"using":"xpath","value":"//input[contains(@id ,\"application-warehousemovements-display-component---addMovement--sectionsList-inner\")]"}
RESULT: {}
RESULT: {"using":"xpath","value":"//input[contains(@id ,\"application-warehousemovements-display-component---addMovement--sectionsList-inner\")]"}
COMMAND: POST /session/989d4e3e3c66b6f7845d3771674e314d/element - {"using":"xpath","value":"//input[contains(@id ,\"application-warehousemovements-display-component---addMovement--sectionsList-inner\")]"}
RESULT: {"using":"xpath","value":"//input[contains(@id ,\"application-warehousemovements-display-component---addMovement--sectionsList-inner\")]"}
COMMAND: POST /session/989d4e3e3c66b6f7845d3771674e314d/element/f.5281968FC682DAF02FAC5F987076CB5D.d.7B8C4F9F90A372FC09D3E6D3F220F9D2.e.10689/clear - {}
RESULT: {}
COMMAND: POST /session/989d4e3e3c66b6f7845d3771674e314d/element/f.5281968FC682DAF02FAC5F987076CB5D.d.7B8C4F9F90A372FC09D3E6D3F220F9D2.e.10689/value - {"text":"Sec31pph"}
COMMAND: GET /session/989d4e3e3c66b6f7845d3771674e314d/screenshot - {}
RESULT: {"text":"Sec31pph"}
COMMAND: GET /session/989d4e3e3c66b6f7845d3771674e314d/screenshot - {}
RESULT: {}
RESULT: {}
COMMAND: POST /session/989d4e3e3c66b6f7845d3771674e314d/actions - {"actions":[{"id":"action35","type":"key","parameters":{},"actions":[{"type":"keyDown","value":"î€‡"},{"type":"pause","duration":10},{"type":"keyUp","value":"î€‡"}]}]}
RESULT: {"actions":[{"id":"action35","type":"key","parameters":{},"actions":[{"type":"keyDown","value":"î€‡"},{"type":"pause","duration":10},{"type":"keyUp","value":"î€‡"}]}]}
COMMAND: GET /session/989d4e3e3c66b6f7845d3771674e314d/screenshot - {}
RESULT: {}
COMMAND: POST /session/989d4e3e3c66b6f7845d3771674e314d/execute/async - {"script":"<script> [1562 bytes]","args":[{"selector":{"id":"application-warehousemovements-display-component---addMovement--addItem-img"},"wdio_ui5_key":"applicationwarehousemovements-display-component---addMovement--addItem-img"}]}
RESULT: {"script":"<script> [1562 bytes]","args":[{"selector":{"id":"application-warehousemovements-display-component---addMovement--addItem-img"},"wdio_ui5_key":"applicationwarehousemovements-display-component---addMovement--addItem-img"}]}
RESULT: undefined
COMMAND: POST /session/989d4e3e3c66b6f7845d3771674e314d/element - {"using":"xpath","value":"//*[@id=\"application-warehousemovements-display-component---addMovement--addItem-img\"]"}
RESULT: {"using":"xpath","value":"//*[@id=\"application-warehousemovements-display-component---addMovement--addItem-img\"]"}
COMMAND: POST /session/989d4e3e3c66b6f7845d3771674e314d/element/f.5281968FC682DAF02FAC5F987076CB5D.d.7B8C4F9F90A372FC09D3E6D3F220F9D2.e.10673/click - {}
RESULT: {}
COMMAND: POST /session/989d4e3e3c66b6f7845d3771674e314d/execute/async - {"script":"<script> [1562 bytes]","args":[{"selector":{"id":"movementItemsPopUp--invSearch","searchOpenDialogs":true,"interaction":{"idSuffix":"I"}},"wdio_ui5_key":"movementItemsPopUpinvSearch"}]}
COMMAND: GET /session/989d4e3e3c66b6f7845d3771674e314d/screenshot - {}
RESULT: {"script":"<script> [1562 bytes]","args":[{"selector":{"id":"movementItemsPopUp--invSearch","searchOpenDialogs":true,"interaction":{"idSuffix":"I"}},"wdio_ui5_key":"movementItemsPopUpinvSearch"}]}
RESULT: undefined
COMMAND: POST /session/989d4e3e3c66b6f7845d3771674e314d/execute/async - {"script":"<script> [776 bytes]","args":[{"enterText":"WebdriverRUR2Ctrcb3","selector":{"id":"movementItemsPopUp--invSearch","searchOpenDialogs":true,"interaction":{"idSuffix":"I"}},"clearTextFirst":true,"interactionType":"ENTER_TEXT"}]}
RESULT: {}
RESULT: {"script":"<script> [776 bytes]","args":[{"enterText":"WebdriverRUR2Ctrcb3","selector":{"id":"movementItemsPopUp--invSearch","searchOpenDialogs":true,"interaction":{"idSuffix":"I"}},"clearTextFirst":true,"interactionType":"ENTER_TEXT"}]}
COMMAND: POST /session/989d4e3e3c66b6f7845d3771674e314d/execute/async - {"script":"<script> [1562 bytes]","args":[{"selector":{"id":"movementItemsPopUp--movementItemsTable-sa","searchOpenDialogs":true,"interaction":{"idSuffix":"CbBg"}},"wdio_ui5_key":"movementItemsPopUpmovementItemsTable-sa"}]}
RESULT: {"script":"<script> [1562 bytes]","args":[{"selector":{"id":"movementItemsPopUp--movementItemsTable-sa","searchOpenDialogs":true,"interaction":{"idSuffix":"CbBg"}},"wdio_ui5_key":"movementItemsPopUpmovementItemsTable-sa"}]}
RESULT: undefined
COMMAND: POST /session/989d4e3e3c66b6f7845d3771674e314d/element - {"using":"xpath","value":"//*[@id=\"movementItemsPopUp--movementItemsTable-sa\"]"}
RESULT: {"using":"xpath","value":"//*[@id=\"movementItemsPopUp--movementItemsTable-sa\"]"}
COMMAND: POST /session/989d4e3e3c66b6f7845d3771674e314d/element/f.5281968FC682DAF02FAC5F987076CB5D.d.7B8C4F9F90A372FC09D3E6D3F220F9D2.e.10773/click - {}
RESULT: {}
COMMAND: POST /session/989d4e3e3c66b6f7845d3771674e314d/execute/async - {"script":"<script> [1562 bytes]","args":[{"selector":{"id":"movementItemsPopUp--createBtn","searchOpenDialogs":true,"interaction":{"idSuffix":"BDI-content"}},"wdio_ui5_key":"movementItemsPopUpcreateBtn"}]}
COMMAND: GET /session/989d4e3e3c66b6f7845d3771674e314d/screenshot - {}
RESULT: {"script":"<script> [1562 bytes]","args":[{"selector":{"id":"movementItemsPopUp--createBtn","searchOpenDialogs":true,"interaction":{"idSuffix":"BDI-content"}},"wdio_ui5_key":"movementItemsPopUpcreateBtn"}]}
RESULT: undefined
COMMAND: POST /session/989d4e3e3c66b6f7845d3771674e314d/element - {"using":"xpath","value":"//*[@id=\"movementItemsPopUp--createBtn\"]"}
RESULT: {}
RESULT: {"using":"xpath","value":"//*[@id=\"movementItemsPopUp--createBtn\"]"}
COMMAND: POST /session/989d4e3e3c66b6f7845d3771674e314d/element/f.5281968FC682DAF02FAC5F987076CB5D.d.7B8C4F9F90A372FC09D3E6D3F220F9D2.e.10775/click - {}
RESULT: {}
COMMAND: GET /session/989d4e3e3c66b6f7845d3771674e314d/screenshot - {}
RESULT: {}
COMMAND: DELETE /session/989d4e3e3c66b6f7845d3771674e314d - {}
RESULT: {}
]]></system-out>
    </testcase>
  </testsuite>
</testsuites>