<?xml version="1.0" encoding="UTF-8"?>
<testsuites tests="49" failures="0" errors="0" skipped="0">
  <testsuite timestamp="2025-04-28T15:09:25" time="1794.003" tests="49" failures="0" errors="0" skipped="0">
    <properties>
      <property name="specId" value="0" />
      <property name="suiteName" value="Sanity Tests US104253" />
      <property name="capabilities" value="chrome.135_0_7049_96.windows" />
      <property name="file" value="file:///D:/a/1/s/test/specs/General/sanity.spec.js" />
    </properties>
    <testcase classname="chrome.135_0_7049_96.windows.Sanity_Tests_US104253" name="Should open Manage Partners page" time="31.566">
      <system-out><![CDATA[
COMMAND: POST /session/8528a3b8a3d94cb09d60657e161ca13a/execute/async - {"script":"<script> [1562 bytes]","args":[{"selector":{"controlType":"sap.m.GenericTile","properties":{"header":"Manage Partners"}},"wdio_ui5_key":"sapm.GenericTile{\"header\":\"Manage Partners\"}"}]}
RESULT: {"script":"<script> [1562 bytes]","args":[{"selector":{"controlType":"sap.m.GenericTile","properties":{"header":"Manage Partners"}},"wdio_ui5_key":"sapm.GenericTile{\"header\":\"Manage Partners\"}"}]}
RESULT: undefined
COMMAND: POST /session/8528a3b8a3d94cb09d60657e161ca13a/element - {"using":"xpath","value":"//*[@id=\"__tile38\"]"}
RESULT: {"using":"xpath","value":"//*[@id=\"__tile38\"]"}
COMMAND: POST /session/8528a3b8a3d94cb09d60657e161ca13a/element/f.1189DC93B98F8F633B92F8EF9BEFB9FA.d.2810A14520B991873C63C379DA56F125.e.120/click - {}
RESULT: {}
COMMAND: GET /session/8528a3b8a3d94cb09d60657e161ca13a/screenshot - {}
RESULT: {}
RESULT: undefined
COMMAND: POST /session/8528a3b8a3d94cb09d60657e161ca13a/element - {"using":"xpath","value":"//*[@id=\"__tile38\"]"}
RESULT: {"using":"xpath","value":"//*[@id=\"__tile38\"]"}
COMMAND: POST /session/8528a3b8a3d94cb09d60657e161ca13a/element/f.1189DC93B98F8F633B92F8EF9BEFB9FA.d.2810A14520B991873C63C379DA56F125.e.120/click - {}
RESULT: undefined
COMMAND: POST /session/8528a3b8a3d94cb09d60657e161ca13a/element - {"using":"xpath","value":"//*[@id=\"__tile38\"]"}
RESULT: {"using":"xpath","value":"//*[@id=\"__tile38\"]"}
COMMAND: POST /session/8528a3b8a3d94cb09d60657e161ca13a/element/f.1189DC93B98F8F633B92F8EF9BEFB9FA.d.2810A14520B991873C63C379DA56F125.e.120/click - {}
COMMAND: POST /session/8528a3b8a3d94cb09d60657e161ca13a/execute/async - {"script":"<script> [1562 bytes]","args":[{"selector":{"id":"shellAppTitle"},"wdio_ui5_key":"shellAppTitle"}]}
RESULT: {"script":"<script> [1562 bytes]","args":[{"selector":{"id":"shellAppTitle"},"wdio_ui5_key":"shellAppTitle"}]}
RESULT: undefined
COMMAND: POST /session/8528a3b8a3d94cb09d60657e161ca13a/execute/async - {"script":"<script> [6424 bytes]","args":[{"element-6066-11e4-a52e-4f735466cecf":"f.1189DC93B98F8F633B92F8EF9BEFB9FA.d.2810A14520B991873C63C379DA56F125.e.295"},"getTitle",[]]}
RESULT: {"script":"<script> [6424 bytes]","args":[{"element-6066-11e4-a52e-4f735466cecf":"f.1189DC93B98F8F633B92F8EF9BEFB9FA.d.2810A14520B991873C63C379DA56F125.e.295"},"getTitle",[]]}
COMMAND: POST /session/8528a3b8a3d94cb09d60657e161ca13a/execute/async - {"script":"<script> [1562 bytes]","args":[{"selector":{"id":"backBtn"},"wdio_ui5_key":"backBtn"}]}
RESULT: {"script":"<script> [1562 bytes]","args":[{"selector":{"id":"backBtn"},"wdio_ui5_key":"backBtn"}]}
RESULT: undefined
COMMAND: POST /session/8528a3b8a3d94cb09d60657e161ca13a/element - {"using":"xpath","value":"//*[@id=\"backBtn\"]"}
RESULT: {"using":"xpath","value":"//*[@id=\"backBtn\"]"}
COMMAND: POST /session/8528a3b8a3d94cb09d60657e161ca13a/element/f.1189DC93B98F8F633B92F8EF9BEFB9FA.d.2810A14520B991873C63C379DA56F125.e.296/click - {}
RESULT: {}
COMMAND: GET /session/8528a3b8a3d94cb09d60657e161ca13a/screenshot - {}
RESULT: {}
]]></system-out>
    </testcase>
    <testcase classname="chrome.135_0_7049_96.windows.Sanity_Tests_US104253" name="Should open Manage Sites page" time="36.239">
      <system-out><![CDATA[
COMMAND: POST /session/8528a3b8a3d94cb09d60657e161ca13a/execute/async - {"script":"<script> [1562 bytes]","args":[{"selector":{"controlType":"sap.m.GenericTile","properties":{"header":"Manage Sites"}},"wdio_ui5_key":"sapm.GenericTile{\"header\":\"Manage Sites\"}"}]}
RESULT: {"script":"<script> [1562 bytes]","args":[{"selector":{"controlType":"sap.m.GenericTile","properties":{"header":"Manage Sites"}},"wdio_ui5_key":"sapm.GenericTile{\"header\":\"Manage Sites\"}"}]}
RESULT: undefined
COMMAND: POST /session/8528a3b8a3d94cb09d60657e161ca13a/element - {"using":"xpath","value":"//*[@id=\"__tile40\"]"}
RESULT: {"using":"xpath","value":"//*[@id=\"__tile40\"]"}
COMMAND: POST /session/8528a3b8a3d94cb09d60657e161ca13a/element/f.1189DC93B98F8F633B92F8EF9BEFB9FA.d.2810A14520B991873C63C379DA56F125.e.298/click - {}
RESULT: {}
COMMAND: GET /session/8528a3b8a3d94cb09d60657e161ca13a/screenshot - {}
RESULT: {}
RESULT: undefined
COMMAND: POST /session/8528a3b8a3d94cb09d60657e161ca13a/element - {"using":"xpath","value":"//*[@id=\"__tile40\"]"}
RESULT: {"using":"xpath","value":"//*[@id=\"__tile40\"]"}
COMMAND: POST /session/8528a3b8a3d94cb09d60657e161ca13a/element/f.1189DC93B98F8F633B92F8EF9BEFB9FA.d.2810A14520B991873C63C379DA56F125.e.298/click - {}
RESULT: undefined
COMMAND: POST /session/8528a3b8a3d94cb09d60657e161ca13a/element - {"using":"xpath","value":"//*[@id=\"__tile40\"]"}
RESULT: {"using":"xpath","value":"//*[@id=\"__tile40\"]"}
COMMAND: POST /session/8528a3b8a3d94cb09d60657e161ca13a/element/f.1189DC93B98F8F633B92F8EF9BEFB9FA.d.2810A14520B991873C63C379DA56F125.e.298/click - {}
RESULT: undefined
COMMAND: POST /session/8528a3b8a3d94cb09d60657e161ca13a/execute/async - {"script":"<script> [6424 bytes]","args":[{"element-6066-11e4-a52e-4f735466cecf":"f.1189DC93B98F8F633B92F8EF9BEFB9FA.d.2810A14520B991873C63C379DA56F125.e.295"},"getTitle",[]]}
COMMAND: POST /session/8528a3b8a3d94cb09d60657e161ca13a/execute/async - {"script":"<script> [1562 bytes]","args":[{"selector":{"id":"shellAppTitle"},"wdio_ui5_key":"shellAppTitle"}]}
RESULT: {"script":"<script> [1562 bytes]","args":[{"selector":{"id":"shellAppTitle"},"wdio_ui5_key":"shellAppTitle"}]}
COMMAND: POST /session/8528a3b8a3d94cb09d60657e161ca13a/execute/async - {"script":"<script> [6424 bytes]","args":[{"element-6066-11e4-a52e-4f735466cecf":"f.1189DC93B98F8F633B92F8EF9BEFB9FA.d.2810A14520B991873C63C379DA56F125.e.486"},"getTitle",[]]}
RESULT: {"script":"<script> [6424 bytes]","args":[{"element-6066-11e4-a52e-4f735466cecf":"f.1189DC93B98F8F633B92F8EF9BEFB9FA.d.2810A14520B991873C63C379DA56F125.e.486"},"getTitle",[]]}
RESULT: undefined
COMMAND: POST /session/8528a3b8a3d94cb09d60657e161ca13a/element/f.1189DC93B98F8F633B92F8EF9BEFB9FA.d.2810A14520B991873C63C379DA56F125.e.296/click - {}
RESULT: {}
COMMAND: GET /session/8528a3b8a3d94cb09d60657e161ca13a/screenshot - {}
RESULT: {}
]]></system-out>
    </testcase>
    <testcase classname="chrome.135_0_7049_96.windows.Sanity_Tests_US104253" name="Should open Manage Resources page" time="32.407">
      <system-out><![CDATA[
COMMAND: POST /session/8528a3b8a3d94cb09d60657e161ca13a/execute/async - {"script":"<script> [1562 bytes]","args":[{"selector":{"controlType":"sap.m.GenericTile","properties":{"header":"Manage Resources"}},"wdio_ui5_key":"sapm.GenericTile{\"header\":\"Manage Resources\"}"}]}
RESULT: {"script":"<script> [1562 bytes]","args":[{"selector":{"controlType":"sap.m.GenericTile","properties":{"header":"Manage Resources"}},"wdio_ui5_key":"sapm.GenericTile{\"header\":\"Manage Resources\"}"}]}
RESULT: undefined
COMMAND: POST /session/8528a3b8a3d94cb09d60657e161ca13a/element - {"using":"xpath","value":"//*[@id=\"__tile39\"]"}
RESULT: {"using":"xpath","value":"//*[@id=\"__tile39\"]"}
COMMAND: POST /session/8528a3b8a3d94cb09d60657e161ca13a/element/f.1189DC93B98F8F633B92F8EF9BEFB9FA.d.2810A14520B991873C63C379DA56F125.e.488/click - {}
RESULT: {}
COMMAND: GET /session/8528a3b8a3d94cb09d60657e161ca13a/screenshot - {}
RESULT: {}
RESULT: undefined
COMMAND: POST /session/8528a3b8a3d94cb09d60657e161ca13a/element - {"using":"xpath","value":"//*[@id=\"__tile39\"]"}
RESULT: {"using":"xpath","value":"//*[@id=\"__tile39\"]"}
COMMAND: POST /session/8528a3b8a3d94cb09d60657e161ca13a/element/f.1189DC93B98F8F633B92F8EF9BEFB9FA.d.2810A14520B991873C63C379DA56F125.e.488/click - {}
RESULT: undefined
COMMAND: POST /session/8528a3b8a3d94cb09d60657e161ca13a/element - {"using":"xpath","value":"//*[@id=\"__tile39\"]"}
RESULT: {"using":"xpath","value":"//*[@id=\"__tile39\"]"}
COMMAND: POST /session/8528a3b8a3d94cb09d60657e161ca13a/element/f.1189DC93B98F8F633B92F8EF9BEFB9FA.d.2810A14520B991873C63C379DA56F125.e.488/click - {}
RESULT: undefined
COMMAND: POST /session/8528a3b8a3d94cb09d60657e161ca13a/execute/async - {"script":"<script> [6424 bytes]","args":[{"element-6066-11e4-a52e-4f735466cecf":"f.1189DC93B98F8F633B92F8EF9BEFB9FA.d.2810A14520B991873C63C379DA56F125.e.295"},"getTitle",[]]}
COMMAND: POST /session/8528a3b8a3d94cb09d60657e161ca13a/execute/async - {"script":"<script> [1562 bytes]","args":[{"selector":{"id":"shellAppTitle"},"wdio_ui5_key":"shellAppTitle"}]}
RESULT: {"script":"<script> [1562 bytes]","args":[{"selector":{"id":"shellAppTitle"},"wdio_ui5_key":"shellAppTitle"}]}
COMMAND: POST /session/8528a3b8a3d94cb09d60657e161ca13a/execute/async - {"script":"<script> [6424 bytes]","args":[{"element-6066-11e4-a52e-4f735466cecf":"f.1189DC93B98F8F633B92F8EF9BEFB9FA.d.2810A14520B991873C63C379DA56F125.e.662"},"getTitle",[]]}
RESULT: {"script":"<script> [6424 bytes]","args":[{"element-6066-11e4-a52e-4f735466cecf":"f.1189DC93B98F8F633B92F8EF9BEFB9FA.d.2810A14520B991873C63C379DA56F125.e.662"},"getTitle",[]]}
RESULT: undefined
COMMAND: POST /session/8528a3b8a3d94cb09d60657e161ca13a/element/f.1189DC93B98F8F633B92F8EF9BEFB9FA.d.2810A14520B991873C63C379DA56F125.e.296/click - {}
COMMAND: POST /session/8528a3b8a3d94cb09d60657e161ca13a/element - {"using":"xpath","value":"//*[@id=\"backBtn\"]"}
RESULT: {"using":"xpath","value":"//*[@id=\"backBtn\"]"}
COMMAND: POST /session/8528a3b8a3d94cb09d60657e161ca13a/element/f.1189DC93B98F8F633B92F8EF9BEFB9FA.d.2810A14520B991873C63C379DA56F125.e.296/click - {}
COMMAND: POST /session/8528a3b8a3d94cb09d60657e161ca13a/element - {"using":"xpath","value":"//*[@id=\"backBtn\"]"}
RESULT: {"using":"xpath","value":"//*[@id=\"backBtn\"]"}
COMMAND: POST /session/8528a3b8a3d94cb09d60657e161ca13a/element/f.1189DC93B98F8F633B92F8EF9BEFB9FA.d.2810A14520B991873C63C379DA56F125.e.663/click - {}
RESULT: {}
COMMAND: GET /session/8528a3b8a3d94cb09d60657e161ca13a/screenshot - {}
RESULT: {}
]]></system-out>
    </testcase>
    <testcase classname="chrome.135_0_7049_96.windows.Sanity_Tests_US104253" name="Should open Manage Catalogs page" time="32.565">
      <system-out><![CDATA[
COMMAND: POST /session/8528a3b8a3d94cb09d60657e161ca13a/execute/async - {"script":"<script> [1562 bytes]","args":[{"selector":{"controlType":"sap.m.GenericTile","properties":{"header":"Manage Catalogs"}},"wdio_ui5_key":"sapm.GenericTile{\"header\":\"Manage Catalogs\"}"}]}
RESULT: {"script":"<script> [1562 bytes]","args":[{"selector":{"controlType":"sap.m.GenericTile","properties":{"header":"Manage Catalogs"}},"wdio_ui5_key":"sapm.GenericTile{\"header\":\"Manage Catalogs\"}"}]}
RESULT: undefined
COMMAND: POST /session/8528a3b8a3d94cb09d60657e161ca13a/element - {"using":"xpath","value":"//*[@id=\"__tile37\"]"}
RESULT: {"using":"xpath","value":"//*[@id=\"__tile37\"]"}
COMMAND: POST /session/8528a3b8a3d94cb09d60657e161ca13a/element/f.1189DC93B98F8F633B92F8EF9BEFB9FA.d.2810A14520B991873C63C379DA56F125.e.665/click - {}
RESULT: {}
COMMAND: GET /session/8528a3b8a3d94cb09d60657e161ca13a/screenshot - {}
RESULT: {}
RESULT: undefined
COMMAND: POST /session/8528a3b8a3d94cb09d60657e161ca13a/element - {"using":"xpath","value":"//*[@id=\"__tile37\"]"}
RESULT: {"using":"xpath","value":"//*[@id=\"__tile37\"]"}
COMMAND: POST /session/8528a3b8a3d94cb09d60657e161ca13a/element/f.1189DC93B98F8F633B92F8EF9BEFB9FA.d.2810A14520B991873C63C379DA56F125.e.665/click - {}
RESULT: undefined
COMMAND: POST /session/8528a3b8a3d94cb09d60657e161ca13a/element - {"using":"xpath","value":"//*[@id=\"__tile37\"]"}
RESULT: {"using":"xpath","value":"//*[@id=\"__tile37\"]"}
COMMAND: POST /session/8528a3b8a3d94cb09d60657e161ca13a/element/f.1189DC93B98F8F633B92F8EF9BEFB9FA.d.2810A14520B991873C63C379DA56F125.e.665/click - {}
RESULT: undefined
COMMAND: POST /session/8528a3b8a3d94cb09d60657e161ca13a/execute/async - {"script":"<script> [6424 bytes]","args":[{"element-6066-11e4-a52e-4f735466cecf":"f.1189DC93B98F8F633B92F8EF9BEFB9FA.d.2810A14520B991873C63C379DA56F125.e.295"},"getTitle",[]]}
COMMAND: POST /session/8528a3b8a3d94cb09d60657e161ca13a/execute/async - {"script":"<script> [1562 bytes]","args":[{"selector":{"id":"shellAppTitle"},"wdio_ui5_key":"shellAppTitle"}]}
RESULT: {"script":"<script> [1562 bytes]","args":[{"selector":{"id":"shellAppTitle"},"wdio_ui5_key":"shellAppTitle"}]}
COMMAND: POST /session/8528a3b8a3d94cb09d60657e161ca13a/execute/async - {"script":"<script> [6424 bytes]","args":[{"element-6066-11e4-a52e-4f735466cecf":"f.1189DC93B98F8F633B92F8EF9BEFB9FA.d.2810A14520B991873C63C379DA56F125.e.735"},"getTitle",[]]}
RESULT: {"script":"<script> [6424 bytes]","args":[{"element-6066-11e4-a52e-4f735466cecf":"f.1189DC93B98F8F633B92F8EF9BEFB9FA.d.2810A14520B991873C63C379DA56F125.e.735"},"getTitle",[]]}
RESULT: undefined
COMMAND: POST /session/8528a3b8a3d94cb09d60657e161ca13a/element/f.1189DC93B98F8F633B92F8EF9BEFB9FA.d.2810A14520B991873C63C379DA56F125.e.663/click - {}
RESULT: {}
COMMAND: GET /session/8528a3b8a3d94cb09d60657e161ca13a/screenshot - {}
RESULT: {}
]]></system-out>
    </testcase>
    <testcase classname="chrome.135_0_7049_96.windows.Sanity_Tests_US104253" name="Should open Manage Calendars page" time="32.061">
      <system-out><![CDATA[
COMMAND: POST /session/8528a3b8a3d94cb09d60657e161ca13a/execute/async - {"script":"<script> [1562 bytes]","args":[{"selector":{"controlType":"sap.m.GenericTile","properties":{"header":"Manage Calendars"}},"wdio_ui5_key":"sapm.GenericTile{\"header\":\"Manage Calendars\"}"}]}
RESULT: {"script":"<script> [1562 bytes]","args":[{"selector":{"controlType":"sap.m.GenericTile","properties":{"header":"Manage Calendars"}},"wdio_ui5_key":"sapm.GenericTile{\"header\":\"Manage Calendars\"}"}]}
RESULT: undefined
COMMAND: POST /session/8528a3b8a3d94cb09d60657e161ca13a/element - {"using":"xpath","value":"//*[@id=\"__tile36\"]"}
RESULT: {"using":"xpath","value":"//*[@id=\"__tile36\"]"}
COMMAND: POST /session/8528a3b8a3d94cb09d60657e161ca13a/element/f.1189DC93B98F8F633B92F8EF9BEFB9FA.d.2810A14520B991873C63C379DA56F125.e.737/click - {}
RESULT: {}
COMMAND: GET /session/8528a3b8a3d94cb09d60657e161ca13a/screenshot - {}
RESULT: {}
RESULT: undefined
COMMAND: POST /session/8528a3b8a3d94cb09d60657e161ca13a/element - {"using":"xpath","value":"//*[@id=\"__tile36\"]"}
RESULT: {"using":"xpath","value":"//*[@id=\"__tile36\"]"}
COMMAND: POST /session/8528a3b8a3d94cb09d60657e161ca13a/element/f.1189DC93B98F8F633B92F8EF9BEFB9FA.d.2810A14520B991873C63C379DA56F125.e.737/click - {}
RESULT: undefined
COMMAND: POST /session/8528a3b8a3d94cb09d60657e161ca13a/element - {"using":"xpath","value":"//*[@id=\"__tile36\"]"}
RESULT: {"using":"xpath","value":"//*[@id=\"__tile36\"]"}
COMMAND: POST /session/8528a3b8a3d94cb09d60657e161ca13a/element/f.1189DC93B98F8F633B92F8EF9BEFB9FA.d.2810A14520B991873C63C379DA56F125.e.737/click - {}
RESULT: undefined
COMMAND: POST /session/8528a3b8a3d94cb09d60657e161ca13a/execute/async - {"script":"<script> [6424 bytes]","args":[{"element-6066-11e4-a52e-4f735466cecf":"f.1189DC93B98F8F633B92F8EF9BEFB9FA.d.2810A14520B991873C63C379DA56F125.e.295"},"getTitle",[]]}
COMMAND: POST /session/8528a3b8a3d94cb09d60657e161ca13a/execute/async - {"script":"<script> [1562 bytes]","args":[{"selector":{"id":"shellAppTitle"},"wdio_ui5_key":"shellAppTitle"}]}
RESULT: {"script":"<script> [1562 bytes]","args":[{"selector":{"id":"shellAppTitle"},"wdio_ui5_key":"shellAppTitle"}]}
COMMAND: POST /session/8528a3b8a3d94cb09d60657e161ca13a/execute/async - {"script":"<script> [6424 bytes]","args":[{"element-6066-11e4-a52e-4f735466cecf":"f.1189DC93B98F8F633B92F8EF9BEFB9FA.d.2810A14520B991873C63C379DA56F125.e.808"},"getTitle",[]]}
RESULT: {"script":"<script> [6424 bytes]","args":[{"element-6066-11e4-a52e-4f735466cecf":"f.1189DC93B98F8F633B92F8EF9BEFB9FA.d.2810A14520B991873C63C379DA56F125.e.808"},"getTitle",[]]}
RESULT: undefined
COMMAND: POST /session/8528a3b8a3d94cb09d60657e161ca13a/element/f.1189DC93B98F8F633B92F8EF9BEFB9FA.d.2810A14520B991873C63C379DA56F125.e.663/click - {}
COMMAND: POST /session/8528a3b8a3d94cb09d60657e161ca13a/element - {"using":"xpath","value":"//*[@id=\"backBtn\"]"}
RESULT: {"using":"xpath","value":"//*[@id=\"backBtn\"]"}
COMMAND: POST /session/8528a3b8a3d94cb09d60657e161ca13a/element/f.1189DC93B98F8F633B92F8EF9BEFB9FA.d.2810A14520B991873C63C379DA56F125.e.663/click - {}
COMMAND: POST /session/8528a3b8a3d94cb09d60657e161ca13a/element - {"using":"xpath","value":"//*[@id=\"backBtn\"]"}
RESULT: {"using":"xpath","value":"//*[@id=\"backBtn\"]"}
COMMAND: POST /session/8528a3b8a3d94cb09d60657e161ca13a/element/f.1189DC93B98F8F633B92F8EF9BEFB9FA.d.2810A14520B991873C63C379DA56F125.e.809/click - {}
RESULT: {}
COMMAND: GET /session/8528a3b8a3d94cb09d60657e161ca13a/screenshot - {}
RESULT: {}
]]></system-out>
    </testcase>
    <testcase classname="chrome.135_0_7049_96.windows.Sanity_Tests_US104253" name="Should open Address Management page" time="34.881">
      <system-out><![CDATA[
COMMAND: POST /session/8528a3b8a3d94cb09d60657e161ca13a/execute/async - {"script":"<script> [1562 bytes]","args":[{"selector":{"controlType":"sap.m.GenericTile","properties":{"header":"Address Management"}},"wdio_ui5_key":"sapm.GenericTile{\"header\":\"Address Management\"}"}]}
RESULT: {"script":"<script> [1562 bytes]","args":[{"selector":{"controlType":"sap.m.GenericTile","properties":{"header":"Address Management"}},"wdio_ui5_key":"sapm.GenericTile{\"header\":\"Address Management\"}"}]}
RESULT: undefined
COMMAND: POST /session/8528a3b8a3d94cb09d60657e161ca13a/element - {"using":"xpath","value":"//*[@id=\"__tile33\"]"}
RESULT: {"using":"xpath","value":"//*[@id=\"__tile33\"]"}
COMMAND: POST /session/8528a3b8a3d94cb09d60657e161ca13a/element/f.1189DC93B98F8F633B92F8EF9BEFB9FA.d.2810A14520B991873C63C379DA56F125.e.811/click - {}
RESULT: {}
COMMAND: GET /session/8528a3b8a3d94cb09d60657e161ca13a/screenshot - {}
RESULT: {}
RESULT: undefined
COMMAND: POST /session/8528a3b8a3d94cb09d60657e161ca13a/element - {"using":"xpath","value":"//*[@id=\"__tile33\"]"}
RESULT: {"using":"xpath","value":"//*[@id=\"__tile33\"]"}
COMMAND: POST /session/8528a3b8a3d94cb09d60657e161ca13a/element/f.1189DC93B98F8F633B92F8EF9BEFB9FA.d.2810A14520B991873C63C379DA56F125.e.811/click - {}
RESULT: undefined
COMMAND: POST /session/8528a3b8a3d94cb09d60657e161ca13a/element - {"using":"xpath","value":"//*[@id=\"__tile33\"]"}
RESULT: {"using":"xpath","value":"//*[@id=\"__tile33\"]"}
COMMAND: POST /session/8528a3b8a3d94cb09d60657e161ca13a/element/f.1189DC93B98F8F633B92F8EF9BEFB9FA.d.2810A14520B991873C63C379DA56F125.e.811/click - {}
RESULT: undefined
COMMAND: POST /session/8528a3b8a3d94cb09d60657e161ca13a/execute/async - {"script":"<script> [6424 bytes]","args":[{"element-6066-11e4-a52e-4f735466cecf":"f.1189DC93B98F8F633B92F8EF9BEFB9FA.d.2810A14520B991873C63C379DA56F125.e.295"},"getTitle",[]]}
COMMAND: POST /session/8528a3b8a3d94cb09d60657e161ca13a/execute/async - {"script":"<script> [1562 bytes]","args":[{"selector":{"id":"shellAppTitle"},"wdio_ui5_key":"shellAppTitle"}]}
RESULT: {"script":"<script> [1562 bytes]","args":[{"selector":{"id":"shellAppTitle"},"wdio_ui5_key":"shellAppTitle"}]}
COMMAND: POST /session/8528a3b8a3d94cb09d60657e161ca13a/execute/async - {"script":"<script> [6424 bytes]","args":[{"element-6066-11e4-a52e-4f735466cecf":"f.1189DC93B98F8F633B92F8EF9BEFB9FA.d.2810A14520B991873C63C379DA56F125.e.1004"},"getTitle",[]]}
RESULT: {"script":"<script> [6424 bytes]","args":[{"element-6066-11e4-a52e-4f735466cecf":"f.1189DC93B98F8F633B92F8EF9BEFB9FA.d.2810A14520B991873C63C379DA56F125.e.1004"},"getTitle",[]]}
RESULT: undefined
COMMAND: POST /session/8528a3b8a3d94cb09d60657e161ca13a/element/f.1189DC93B98F8F633B92F8EF9BEFB9FA.d.2810A14520B991873C63C379DA56F125.e.809/click - {}
RESULT: {}
COMMAND: GET /session/8528a3b8a3d94cb09d60657e161ca13a/screenshot - {}
RESULT: {}
]]></system-out>
    </testcase>
    <testcase classname="chrome.135_0_7049_96.windows.Sanity_Tests_US104253" name="Should open Bill Of Resources page" time="43.411">
      <system-out><![CDATA[
COMMAND: POST /session/8528a3b8a3d94cb09d60657e161ca13a/execute/async - {"script":"<script> [1562 bytes]","args":[{"selector":{"controlType":"sap.m.GenericTile","properties":{"header":"Bill Of Resources"}},"wdio_ui5_key":"sapm.GenericTile{\"header\":\"Bill Of Resources\"}"}]}
RESULT: {"script":"<script> [1562 bytes]","args":[{"selector":{"controlType":"sap.m.GenericTile","properties":{"header":"Bill Of Resources"}},"wdio_ui5_key":"sapm.GenericTile{\"header\":\"Bill Of Resources\"}"}]}
RESULT: undefined
COMMAND: POST /session/8528a3b8a3d94cb09d60657e161ca13a/element - {"using":"xpath","value":"//*[@id=\"__tile34\"]"}
RESULT: {"using":"xpath","value":"//*[@id=\"__tile34\"]"}
COMMAND: POST /session/8528a3b8a3d94cb09d60657e161ca13a/element/f.1189DC93B98F8F633B92F8EF9BEFB9FA.d.2810A14520B991873C63C379DA56F125.e.1006/click - {}
RESULT: {}
COMMAND: GET /session/8528a3b8a3d94cb09d60657e161ca13a/screenshot - {}
RESULT: {}
RESULT: undefined
COMMAND: POST /session/8528a3b8a3d94cb09d60657e161ca13a/element - {"using":"xpath","value":"//*[@id=\"__tile34\"]"}
RESULT: {"using":"xpath","value":"//*[@id=\"__tile34\"]"}
COMMAND: POST /session/8528a3b8a3d94cb09d60657e161ca13a/element/f.1189DC93B98F8F633B92F8EF9BEFB9FA.d.2810A14520B991873C63C379DA56F125.e.1006/click - {}
RESULT: undefined
COMMAND: POST /session/8528a3b8a3d94cb09d60657e161ca13a/element - {"using":"xpath","value":"//*[@id=\"__tile34\"]"}
RESULT: {"using":"xpath","value":"//*[@id=\"__tile34\"]"}
COMMAND: POST /session/8528a3b8a3d94cb09d60657e161ca13a/element/f.1189DC93B98F8F633B92F8EF9BEFB9FA.d.2810A14520B991873C63C379DA56F125.e.1006/click - {}
RESULT: undefined
COMMAND: POST /session/8528a3b8a3d94cb09d60657e161ca13a/execute/async - {"script":"<script> [6424 bytes]","args":[{"element-6066-11e4-a52e-4f735466cecf":"f.1189DC93B98F8F633B92F8EF9BEFB9FA.d.2810A14520B991873C63C379DA56F125.e.295"},"getTitle",[]]}
COMMAND: POST /session/8528a3b8a3d94cb09d60657e161ca13a/execute/async - {"script":"<script> [1562 bytes]","args":[{"selector":{"id":"shellAppTitle"},"wdio_ui5_key":"shellAppTitle"}]}
RESULT: {"script":"<script> [1562 bytes]","args":[{"selector":{"id":"shellAppTitle"},"wdio_ui5_key":"shellAppTitle"}]}
COMMAND: POST /session/8528a3b8a3d94cb09d60657e161ca13a/execute/async - {"script":"<script> [6424 bytes]","args":[{"element-6066-11e4-a52e-4f735466cecf":"f.1189DC93B98F8F633B92F8EF9BEFB9FA.d.2810A14520B991873C63C379DA56F125.e.1095"},"getTitle",[]]}
RESULT: {"script":"<script> [6424 bytes]","args":[{"element-6066-11e4-a52e-4f735466cecf":"f.1189DC93B98F8F633B92F8EF9BEFB9FA.d.2810A14520B991873C63C379DA56F125.e.1095"},"getTitle",[]]}
RESULT: undefined
COMMAND: POST /session/8528a3b8a3d94cb09d60657e161ca13a/element/f.1189DC93B98F8F633B92F8EF9BEFB9FA.d.2810A14520B991873C63C379DA56F125.e.809/click - {}
COMMAND: POST /session/8528a3b8a3d94cb09d60657e161ca13a/element - {"using":"xpath","value":"//*[@id=\"backBtn\"]"}
RESULT: {"using":"xpath","value":"//*[@id=\"backBtn\"]"}
COMMAND: POST /session/8528a3b8a3d94cb09d60657e161ca13a/element/f.1189DC93B98F8F633B92F8EF9BEFB9FA.d.2810A14520B991873C63C379DA56F125.e.809/click - {}
COMMAND: POST /session/8528a3b8a3d94cb09d60657e161ca13a/element - {"using":"xpath","value":"//*[@id=\"backBtn\"]"}
RESULT: {"using":"xpath","value":"//*[@id=\"backBtn\"]"}
COMMAND: POST /session/8528a3b8a3d94cb09d60657e161ca13a/element/f.1189DC93B98F8F633B92F8EF9BEFB9FA.d.2810A14520B991873C63C379DA56F125.e.1096/click - {}
RESULT: {}
COMMAND: GET /session/8528a3b8a3d94cb09d60657e161ca13a/screenshot - {}
RESULT: {}
]]></system-out>
    </testcase>
    <testcase classname="chrome.135_0_7049_96.windows.Sanity_Tests_US104253" name="Should open Manage Yards page" time="38.902">
      <system-out><![CDATA[
COMMAND: POST /session/8528a3b8a3d94cb09d60657e161ca13a/execute/async - {"script":"<script> [1562 bytes]","args":[{"selector":{"controlType":"sap.m.GenericTile","properties":{"header":"Manage Yards"}},"wdio_ui5_key":"sapm.GenericTile{\"header\":\"Manage Yards\"}"}]}
RESULT: {"script":"<script> [1562 bytes]","args":[{"selector":{"controlType":"sap.m.GenericTile","properties":{"header":"Manage Yards"}},"wdio_ui5_key":"sapm.GenericTile{\"header\":\"Manage Yards\"}"}]}
RESULT: undefined
COMMAND: POST /session/8528a3b8a3d94cb09d60657e161ca13a/element - {"using":"xpath","value":"//*[@id=\"__tile41\"]"}
RESULT: {"using":"xpath","value":"//*[@id=\"__tile41\"]"}
COMMAND: POST /session/8528a3b8a3d94cb09d60657e161ca13a/element/f.1189DC93B98F8F633B92F8EF9BEFB9FA.d.2810A14520B991873C63C379DA56F125.e.1098/click - {}
RESULT: {}
COMMAND: GET /session/8528a3b8a3d94cb09d60657e161ca13a/screenshot - {}
RESULT: {}
RESULT: undefined
COMMAND: POST /session/8528a3b8a3d94cb09d60657e161ca13a/element - {"using":"xpath","value":"//*[@id=\"__tile41\"]"}
RESULT: {"using":"xpath","value":"//*[@id=\"__tile41\"]"}
COMMAND: POST /session/8528a3b8a3d94cb09d60657e161ca13a/element/f.1189DC93B98F8F633B92F8EF9BEFB9FA.d.2810A14520B991873C63C379DA56F125.e.1098/click - {}
RESULT: undefined
COMMAND: POST /session/8528a3b8a3d94cb09d60657e161ca13a/element - {"using":"xpath","value":"//*[@id=\"__tile41\"]"}
RESULT: {"using":"xpath","value":"//*[@id=\"__tile41\"]"}
COMMAND: POST /session/8528a3b8a3d94cb09d60657e161ca13a/element/f.1189DC93B98F8F633B92F8EF9BEFB9FA.d.2810A14520B991873C63C379DA56F125.e.1098/click - {}
RESULT: undefined
COMMAND: POST /session/8528a3b8a3d94cb09d60657e161ca13a/execute/async - {"script":"<script> [6424 bytes]","args":[{"element-6066-11e4-a52e-4f735466cecf":"f.1189DC93B98F8F633B92F8EF9BEFB9FA.d.2810A14520B991873C63C379DA56F125.e.295"},"getTitle",[]]}
COMMAND: POST /session/8528a3b8a3d94cb09d60657e161ca13a/execute/async - {"script":"<script> [1562 bytes]","args":[{"selector":{"id":"shellAppTitle"},"wdio_ui5_key":"shellAppTitle"}]}
RESULT: {"script":"<script> [1562 bytes]","args":[{"selector":{"id":"shellAppTitle"},"wdio_ui5_key":"shellAppTitle"}]}
COMMAND: POST /session/8528a3b8a3d94cb09d60657e161ca13a/execute/async - {"script":"<script> [6424 bytes]","args":[{"element-6066-11e4-a52e-4f735466cecf":"f.1189DC93B98F8F633B92F8EF9BEFB9FA.d.2810A14520B991873C63C379DA56F125.e.1278"},"getTitle",[]]}
RESULT: {"script":"<script> [6424 bytes]","args":[{"element-6066-11e4-a52e-4f735466cecf":"f.1189DC93B98F8F633B92F8EF9BEFB9FA.d.2810A14520B991873C63C379DA56F125.e.1278"},"getTitle",[]]}
RESULT: undefined
COMMAND: POST /session/8528a3b8a3d94cb09d60657e161ca13a/element/f.1189DC93B98F8F633B92F8EF9BEFB9FA.d.2810A14520B991873C63C379DA56F125.e.1096/click - {}
RESULT: {}
COMMAND: GET /session/8528a3b8a3d94cb09d60657e161ca13a/screenshot - {}
RESULT: {}
]]></system-out>
    </testcase>
    <testcase classname="chrome.135_0_7049_96.windows.Sanity_Tests_US104253" name="Should open Manage Requests page" time="37.892">
      <system-out><![CDATA[
COMMAND: POST /session/8528a3b8a3d94cb09d60657e161ca13a/execute/async - {"script":"<script> [1562 bytes]","args":[{"selector":{"controlType":"sap.m.GenericTile","properties":{"header":"Manage Requests"}},"wdio_ui5_key":"sapm.GenericTile{\"header\":\"Manage Requests\"}"}]}
RESULT: {"script":"<script> [1562 bytes]","args":[{"selector":{"controlType":"sap.m.GenericTile","properties":{"header":"Manage Requests"}},"wdio_ui5_key":"sapm.GenericTile{\"header\":\"Manage Requests\"}"}]}
RESULT: undefined
COMMAND: POST /session/8528a3b8a3d94cb09d60657e161ca13a/element - {"using":"xpath","value":"//*[@id=\"__tile47\"]"}
RESULT: {"using":"xpath","value":"//*[@id=\"__tile47\"]"}
COMMAND: POST /session/8528a3b8a3d94cb09d60657e161ca13a/element/f.1189DC93B98F8F633B92F8EF9BEFB9FA.d.2810A14520B991873C63C379DA56F125.e.1280/click - {}
RESULT: {}
COMMAND: GET /session/8528a3b8a3d94cb09d60657e161ca13a/screenshot - {}
RESULT: {}
RESULT: undefined
COMMAND: POST /session/8528a3b8a3d94cb09d60657e161ca13a/element - {"using":"xpath","value":"//*[@id=\"__tile47\"]"}
RESULT: {"using":"xpath","value":"//*[@id=\"__tile47\"]"}
COMMAND: POST /session/8528a3b8a3d94cb09d60657e161ca13a/element/f.1189DC93B98F8F633B92F8EF9BEFB9FA.d.2810A14520B991873C63C379DA56F125.e.1280/click - {}
RESULT: undefined
COMMAND: POST /session/8528a3b8a3d94cb09d60657e161ca13a/element - {"using":"xpath","value":"//*[@id=\"__tile47\"]"}
RESULT: {"using":"xpath","value":"//*[@id=\"__tile47\"]"}
COMMAND: POST /session/8528a3b8a3d94cb09d60657e161ca13a/element/f.1189DC93B98F8F633B92F8EF9BEFB9FA.d.2810A14520B991873C63C379DA56F125.e.1280/click - {}
RESULT: undefined
COMMAND: POST /session/8528a3b8a3d94cb09d60657e161ca13a/execute/async - {"script":"<script> [6424 bytes]","args":[{"element-6066-11e4-a52e-4f735466cecf":"f.1189DC93B98F8F633B92F8EF9BEFB9FA.d.2810A14520B991873C63C379DA56F125.e.295"},"getTitle",[]]}
COMMAND: POST /session/8528a3b8a3d94cb09d60657e161ca13a/execute/async - {"script":"<script> [1562 bytes]","args":[{"selector":{"id":"shellAppTitle"},"wdio_ui5_key":"shellAppTitle"}]}
RESULT: {"script":"<script> [1562 bytes]","args":[{"selector":{"id":"shellAppTitle"},"wdio_ui5_key":"shellAppTitle"}]}
COMMAND: POST /session/8528a3b8a3d94cb09d60657e161ca13a/execute/async - {"script":"<script> [6424 bytes]","args":[{"element-6066-11e4-a52e-4f735466cecf":"f.1189DC93B98F8F633B92F8EF9BEFB9FA.d.2810A14520B991873C63C379DA56F125.e.1380"},"getTitle",[]]}
RESULT: {"script":"<script> [6424 bytes]","args":[{"element-6066-11e4-a52e-4f735466cecf":"f.1189DC93B98F8F633B92F8EF9BEFB9FA.d.2810A14520B991873C63C379DA56F125.e.1380"},"getTitle",[]]}
RESULT: undefined
COMMAND: POST /session/8528a3b8a3d94cb09d60657e161ca13a/element/f.1189DC93B98F8F633B92F8EF9BEFB9FA.d.2810A14520B991873C63C379DA56F125.e.1096/click - {}
COMMAND: POST /session/8528a3b8a3d94cb09d60657e161ca13a/element - {"using":"xpath","value":"//*[@id=\"backBtn\"]"}
RESULT: {"using":"xpath","value":"//*[@id=\"backBtn\"]"}
COMMAND: POST /session/8528a3b8a3d94cb09d60657e161ca13a/element/f.1189DC93B98F8F633B92F8EF9BEFB9FA.d.2810A14520B991873C63C379DA56F125.e.1096/click - {}
COMMAND: POST /session/8528a3b8a3d94cb09d60657e161ca13a/element - {"using":"xpath","value":"//*[@id=\"backBtn\"]"}
RESULT: {"using":"xpath","value":"//*[@id=\"backBtn\"]"}
COMMAND: POST /session/8528a3b8a3d94cb09d60657e161ca13a/element/f.1189DC93B98F8F633B92F8EF9BEFB9FA.d.2810A14520B991873C63C379DA56F125.e.1381/click - {}
RESULT: {}
COMMAND: GET /session/8528a3b8a3d94cb09d60657e161ca13a/screenshot - {}
RESULT: {}
]]></system-out>
    </testcase>
    <testcase classname="chrome.135_0_7049_96.windows.Sanity_Tests_US104253" name="Should open Manage Purchasing page" time="35.944">
      <system-out><![CDATA[
COMMAND: POST /session/8528a3b8a3d94cb09d60657e161ca13a/execute/async - {"script":"<script> [1562 bytes]","args":[{"selector":{"controlType":"sap.m.GenericTile","properties":{"header":"Manage Purchasing"}},"wdio_ui5_key":"sapm.GenericTile{\"header\":\"Manage Purchasing\"}"}]}
RESULT: {"script":"<script> [1562 bytes]","args":[{"selector":{"controlType":"sap.m.GenericTile","properties":{"header":"Manage Purchasing"}},"wdio_ui5_key":"sapm.GenericTile{\"header\":\"Manage Purchasing\"}"}]}
RESULT: undefined
COMMAND: POST /session/8528a3b8a3d94cb09d60657e161ca13a/element - {"using":"xpath","value":"//*[@id=\"__tile46\"]"}
RESULT: {"using":"xpath","value":"//*[@id=\"__tile46\"]"}
COMMAND: POST /session/8528a3b8a3d94cb09d60657e161ca13a/element/f.1189DC93B98F8F633B92F8EF9BEFB9FA.d.2810A14520B991873C63C379DA56F125.e.1384/click - {}
RESULT: {}
COMMAND: GET /session/8528a3b8a3d94cb09d60657e161ca13a/screenshot - {}
RESULT: {}
RESULT: undefined
COMMAND: POST /session/8528a3b8a3d94cb09d60657e161ca13a/element - {"using":"xpath","value":"//*[@id=\"__tile46\"]"}
RESULT: {"using":"xpath","value":"//*[@id=\"__tile46\"]"}
COMMAND: POST /session/8528a3b8a3d94cb09d60657e161ca13a/element/f.1189DC93B98F8F633B92F8EF9BEFB9FA.d.2810A14520B991873C63C379DA56F125.e.1384/click - {}
RESULT: undefined
COMMAND: POST /session/8528a3b8a3d94cb09d60657e161ca13a/element - {"using":"xpath","value":"//*[@id=\"__tile46\"]"}
RESULT: {"using":"xpath","value":"//*[@id=\"__tile46\"]"}
COMMAND: POST /session/8528a3b8a3d94cb09d60657e161ca13a/element/f.1189DC93B98F8F633B92F8EF9BEFB9FA.d.2810A14520B991873C63C379DA56F125.e.1384/click - {}
RESULT: undefined
COMMAND: POST /session/8528a3b8a3d94cb09d60657e161ca13a/execute/async - {"script":"<script> [6424 bytes]","args":[{"element-6066-11e4-a52e-4f735466cecf":"f.1189DC93B98F8F633B92F8EF9BEFB9FA.d.2810A14520B991873C63C379DA56F125.e.295"},"getTitle",[]]}
COMMAND: POST /session/8528a3b8a3d94cb09d60657e161ca13a/execute/async - {"script":"<script> [1562 bytes]","args":[{"selector":{"id":"shellAppTitle"},"wdio_ui5_key":"shellAppTitle"}]}
RESULT: {"script":"<script> [1562 bytes]","args":[{"selector":{"id":"shellAppTitle"},"wdio_ui5_key":"shellAppTitle"}]}
COMMAND: POST /session/8528a3b8a3d94cb09d60657e161ca13a/execute/async - {"script":"<script> [6424 bytes]","args":[{"element-6066-11e4-a52e-4f735466cecf":"f.1189DC93B98F8F633B92F8EF9BEFB9FA.d.2810A14520B991873C63C379DA56F125.e.1462"},"getTitle",[]]}
RESULT: {"script":"<script> [6424 bytes]","args":[{"element-6066-11e4-a52e-4f735466cecf":"f.1189DC93B98F8F633B92F8EF9BEFB9FA.d.2810A14520B991873C63C379DA56F125.e.1462"},"getTitle",[]]}
RESULT: undefined
COMMAND: POST /session/8528a3b8a3d94cb09d60657e161ca13a/element/f.1189DC93B98F8F633B92F8EF9BEFB9FA.d.2810A14520B991873C63C379DA56F125.e.1381/click - {}
RESULT: {}
COMMAND: GET /session/8528a3b8a3d94cb09d60657e161ca13a/screenshot - {}
RESULT: {}
]]></system-out>
    </testcase>
    <testcase classname="chrome.135_0_7049_96.windows.Sanity_Tests_US104253" name="Should open Planning Board page" time="38.259">
      <system-out><![CDATA[
COMMAND: POST /session/8528a3b8a3d94cb09d60657e161ca13a/execute/async - {"script":"<script> [1562 bytes]","args":[{"selector":{"controlType":"sap.m.GenericTile","properties":{"header":"Planning Board"}},"wdio_ui5_key":"sapm.GenericTile{\"header\":\"Planning Board\"}"}]}
RESULT: {"script":"<script> [1562 bytes]","args":[{"selector":{"controlType":"sap.m.GenericTile","properties":{"header":"Planning Board"}},"wdio_ui5_key":"sapm.GenericTile{\"header\":\"Planning Board\"}"}]}
RESULT: undefined
COMMAND: POST /session/8528a3b8a3d94cb09d60657e161ca13a/element - {"using":"xpath","value":"//*[@id=\"__tile133\"]"}
RESULT: {"using":"xpath","value":"//*[@id=\"__tile133\"]"}
COMMAND: POST /session/8528a3b8a3d94cb09d60657e161ca13a/element/f.1189DC93B98F8F633B92F8EF9BEFB9FA.d.2810A14520B991873C63C379DA56F125.e.1464/click - {}
RESULT: {}
COMMAND: GET /session/8528a3b8a3d94cb09d60657e161ca13a/screenshot - {}
RESULT: {}
RESULT: undefined
COMMAND: POST /session/8528a3b8a3d94cb09d60657e161ca13a/element - {"using":"xpath","value":"//*[@id=\"__tile133\"]"}
RESULT: {"using":"xpath","value":"//*[@id=\"__tile133\"]"}
COMMAND: POST /session/8528a3b8a3d94cb09d60657e161ca13a/element/f.1189DC93B98F8F633B92F8EF9BEFB9FA.d.2810A14520B991873C63C379DA56F125.e.1464/click - {}
RESULT: undefined
COMMAND: POST /session/8528a3b8a3d94cb09d60657e161ca13a/element - {"using":"xpath","value":"//*[@id=\"__tile133\"]"}
RESULT: {"using":"xpath","value":"//*[@id=\"__tile133\"]"}
COMMAND: POST /session/8528a3b8a3d94cb09d60657e161ca13a/element/f.1189DC93B98F8F633B92F8EF9BEFB9FA.d.2810A14520B991873C63C379DA56F125.e.1464/click - {}
RESULT: undefined
COMMAND: POST /session/8528a3b8a3d94cb09d60657e161ca13a/execute/async - {"script":"<script> [6424 bytes]","args":[{"element-6066-11e4-a52e-4f735466cecf":"f.1189DC93B98F8F633B92F8EF9BEFB9FA.d.2810A14520B991873C63C379DA56F125.e.295"},"getTitle",[]]}
COMMAND: POST /session/8528a3b8a3d94cb09d60657e161ca13a/execute/async - {"script":"<script> [1562 bytes]","args":[{"selector":{"id":"shellAppTitle"},"wdio_ui5_key":"shellAppTitle"}]}
RESULT: {"script":"<script> [1562 bytes]","args":[{"selector":{"id":"shellAppTitle"},"wdio_ui5_key":"shellAppTitle"}]}
COMMAND: POST /session/8528a3b8a3d94cb09d60657e161ca13a/execute/async - {"script":"<script> [6424 bytes]","args":[{"element-6066-11e4-a52e-4f735466cecf":"f.1189DC93B98F8F633B92F8EF9BEFB9FA.d.2810A14520B991873C63C379DA56F125.e.1513"},"getTitle",[]]}
RESULT: {"script":"<script> [6424 bytes]","args":[{"element-6066-11e4-a52e-4f735466cecf":"f.1189DC93B98F8F633B92F8EF9BEFB9FA.d.2810A14520B991873C63C379DA56F125.e.1513"},"getTitle",[]]}
RESULT: undefined
COMMAND: POST /session/8528a3b8a3d94cb09d60657e161ca13a/element/f.1189DC93B98F8F633B92F8EF9BEFB9FA.d.2810A14520B991873C63C379DA56F125.e.1381/click - {}
COMMAND: POST /session/8528a3b8a3d94cb09d60657e161ca13a/element/f.1189DC93B98F8F633B92F8EF9BEFB9FA.d.2810A14520B991873C63C379DA56F125.e.1381/click - {}
COMMAND: POST /session/8528a3b8a3d94cb09d60657e161ca13a/element - {"using":"xpath","value":"//*[@id=\"backBtn\"]"}
COMMAND: POST /session/8528a3b8a3d94cb09d60657e161ca13a/element - {"using":"xpath","value":"//*[@id=\"backBtn\"]"}
RESULT: {"using":"xpath","value":"//*[@id=\"backBtn\"]"}
COMMAND: POST /session/8528a3b8a3d94cb09d60657e161ca13a/element/f.1189DC93B98F8F633B92F8EF9BEFB9FA.d.2810A14520B991873C63C379DA56F125.e.1381/click - {}
RESULT: {"using":"xpath","value":"//*[@id=\"backBtn\"]"}
COMMAND: POST /session/8528a3b8a3d94cb09d60657e161ca13a/element/f.1189DC93B98F8F633B92F8EF9BEFB9FA.d.2810A14520B991873C63C379DA56F125.e.1381/click - {}
COMMAND: POST /session/8528a3b8a3d94cb09d60657e161ca13a/element - {"using":"xpath","value":"//*[@id=\"backBtn\"]"}
COMMAND: POST /session/8528a3b8a3d94cb09d60657e161ca13a/element - {"using":"xpath","value":"//*[@id=\"backBtn\"]"}
RESULT: {"using":"xpath","value":"//*[@id=\"backBtn\"]"}
COMMAND: POST /session/8528a3b8a3d94cb09d60657e161ca13a/element/f.1189DC93B98F8F633B92F8EF9BEFB9FA.d.2810A14520B991873C63C379DA56F125.e.1514/click - {}
RESULT: {"using":"xpath","value":"//*[@id=\"backBtn\"]"}
COMMAND: POST /session/8528a3b8a3d94cb09d60657e161ca13a/element/f.1189DC93B98F8F633B92F8EF9BEFB9FA.d.2810A14520B991873C63C379DA56F125.e.1514/click - {}
RESULT: {}
COMMAND: GET /session/8528a3b8a3d94cb09d60657e161ca13a/screenshot - {}
RESULT: {}
COMMAND: GET /session/8528a3b8a3d94cb09d60657e161ca13a/screenshot - {}
RESULT: {}
RESULT: {}
]]></system-out>
    </testcase>
    <testcase classname="chrome.135_0_7049_96.windows.Sanity_Tests_US104253" name="Should open Manage Contracts page" time="33.086">
      <system-out><![CDATA[
COMMAND: POST /session/8528a3b8a3d94cb09d60657e161ca13a/execute/async - {"script":"<script> [1562 bytes]","args":[{"selector":{"controlType":"sap.m.GenericTile","properties":{"header":"Manage Contracts"}},"wdio_ui5_key":"sapm.GenericTile{\"header\":\"Manage Contracts\"}"}]}
RESULT: {"script":"<script> [1562 bytes]","args":[{"selector":{"controlType":"sap.m.GenericTile","properties":{"header":"Manage Contracts"}},"wdio_ui5_key":"sapm.GenericTile{\"header\":\"Manage Contracts\"}"}]}
RESULT: undefined
COMMAND: POST /session/8528a3b8a3d94cb09d60657e161ca13a/element - {"using":"xpath","value":"//*[@id=\"__tile130\"]"}
RESULT: {"using":"xpath","value":"//*[@id=\"__tile130\"]"}
COMMAND: POST /session/8528a3b8a3d94cb09d60657e161ca13a/element/f.1189DC93B98F8F633B92F8EF9BEFB9FA.d.2810A14520B991873C63C379DA56F125.e.1516/click - {}
RESULT: {}
COMMAND: GET /session/8528a3b8a3d94cb09d60657e161ca13a/screenshot - {}
RESULT: {}
RESULT: undefined
COMMAND: POST /session/8528a3b8a3d94cb09d60657e161ca13a/element - {"using":"xpath","value":"//*[@id=\"__tile130\"]"}
RESULT: {"using":"xpath","value":"//*[@id=\"__tile130\"]"}
COMMAND: POST /session/8528a3b8a3d94cb09d60657e161ca13a/element/f.1189DC93B98F8F633B92F8EF9BEFB9FA.d.2810A14520B991873C63C379DA56F125.e.1516/click - {}
RESULT: undefined
COMMAND: POST /session/8528a3b8a3d94cb09d60657e161ca13a/element - {"using":"xpath","value":"//*[@id=\"__tile130\"]"}
RESULT: {"using":"xpath","value":"//*[@id=\"__tile130\"]"}
COMMAND: POST /session/8528a3b8a3d94cb09d60657e161ca13a/element/f.1189DC93B98F8F633B92F8EF9BEFB9FA.d.2810A14520B991873C63C379DA56F125.e.1516/click - {}
RESULT: undefined
COMMAND: POST /session/8528a3b8a3d94cb09d60657e161ca13a/execute/async - {"script":"<script> [6424 bytes]","args":[{"element-6066-11e4-a52e-4f735466cecf":"f.1189DC93B98F8F633B92F8EF9BEFB9FA.d.2810A14520B991873C63C379DA56F125.e.295"},"getTitle",[]]}
COMMAND: POST /session/8528a3b8a3d94cb09d60657e161ca13a/execute/async - {"script":"<script> [1562 bytes]","args":[{"selector":{"id":"shellAppTitle"},"wdio_ui5_key":"shellAppTitle"}]}
RESULT: {"script":"<script> [1562 bytes]","args":[{"selector":{"id":"shellAppTitle"},"wdio_ui5_key":"shellAppTitle"}]}
COMMAND: POST /session/8528a3b8a3d94cb09d60657e161ca13a/execute/async - {"script":"<script> [6424 bytes]","args":[{"element-6066-11e4-a52e-4f735466cecf":"f.1189DC93B98F8F633B92F8EF9BEFB9FA.d.2810A14520B991873C63C379DA56F125.e.1579"},"getTitle",[]]}
RESULT: {"script":"<script> [6424 bytes]","args":[{"element-6066-11e4-a52e-4f735466cecf":"f.1189DC93B98F8F633B92F8EF9BEFB9FA.d.2810A14520B991873C63C379DA56F125.e.1579"},"getTitle",[]]}
RESULT: undefined
COMMAND: POST /session/8528a3b8a3d94cb09d60657e161ca13a/element/f.1189DC93B98F8F633B92F8EF9BEFB9FA.d.2810A14520B991873C63C379DA56F125.e.1514/click - {}
RESULT: {}
COMMAND: GET /session/8528a3b8a3d94cb09d60657e161ca13a/screenshot - {}
RESULT: {}
]]></system-out>
    </testcase>
    <testcase classname="chrome.135_0_7049_96.windows.Sanity_Tests_US104253" name="Should open Manage Quotations page" time="33.039">
      <system-out><![CDATA[
COMMAND: POST /session/8528a3b8a3d94cb09d60657e161ca13a/execute/async - {"script":"<script> [1562 bytes]","args":[{"selector":{"controlType":"sap.m.GenericTile","properties":{"header":"Manage Quotations"}},"wdio_ui5_key":"sapm.GenericTile{\"header\":\"Manage Quotations\"}"}]}
RESULT: {"script":"<script> [1562 bytes]","args":[{"selector":{"controlType":"sap.m.GenericTile","properties":{"header":"Manage Quotations"}},"wdio_ui5_key":"sapm.GenericTile{\"header\":\"Manage Quotations\"}"}]}
RESULT: undefined
COMMAND: POST /session/8528a3b8a3d94cb09d60657e161ca13a/element - {"using":"xpath","value":"//*[@id=\"__tile131\"]"}
RESULT: {"using":"xpath","value":"//*[@id=\"__tile131\"]"}
COMMAND: POST /session/8528a3b8a3d94cb09d60657e161ca13a/element/f.1189DC93B98F8F633B92F8EF9BEFB9FA.d.2810A14520B991873C63C379DA56F125.e.1581/click - {}
RESULT: {}
COMMAND: GET /session/8528a3b8a3d94cb09d60657e161ca13a/screenshot - {}
RESULT: undefined
COMMAND: POST /session/8528a3b8a3d94cb09d60657e161ca13a/element - {"using":"xpath","value":"//*[@id=\"__tile131\"]"}
RESULT: {}
RESULT: {"using":"xpath","value":"//*[@id=\"__tile131\"]"}
COMMAND: POST /session/8528a3b8a3d94cb09d60657e161ca13a/element/f.1189DC93B98F8F633B92F8EF9BEFB9FA.d.2810A14520B991873C63C379DA56F125.e.1581/click - {}
RESULT: undefined
COMMAND: POST /session/8528a3b8a3d94cb09d60657e161ca13a/element - {"using":"xpath","value":"//*[@id=\"__tile131\"]"}
RESULT: {"using":"xpath","value":"//*[@id=\"__tile131\"]"}
COMMAND: POST /session/8528a3b8a3d94cb09d60657e161ca13a/element/f.1189DC93B98F8F633B92F8EF9BEFB9FA.d.2810A14520B991873C63C379DA56F125.e.1581/click - {}
RESULT: undefined
COMMAND: POST /session/8528a3b8a3d94cb09d60657e161ca13a/execute/async - {"script":"<script> [6424 bytes]","args":[{"element-6066-11e4-a52e-4f735466cecf":"f.1189DC93B98F8F633B92F8EF9BEFB9FA.d.2810A14520B991873C63C379DA56F125.e.295"},"getTitle",[]]}
COMMAND: POST /session/8528a3b8a3d94cb09d60657e161ca13a/execute/async - {"script":"<script> [1562 bytes]","args":[{"selector":{"id":"shellAppTitle"},"wdio_ui5_key":"shellAppTitle"}]}
RESULT: {"script":"<script> [1562 bytes]","args":[{"selector":{"id":"shellAppTitle"},"wdio_ui5_key":"shellAppTitle"}]}
COMMAND: POST /session/8528a3b8a3d94cb09d60657e161ca13a/execute/async - {"script":"<script> [6424 bytes]","args":[{"element-6066-11e4-a52e-4f735466cecf":"f.1189DC93B98F8F633B92F8EF9BEFB9FA.d.2810A14520B991873C63C379DA56F125.e.1676"},"getTitle",[]]}
RESULT: {"script":"<script> [6424 bytes]","args":[{"element-6066-11e4-a52e-4f735466cecf":"f.1189DC93B98F8F633B92F8EF9BEFB9FA.d.2810A14520B991873C63C379DA56F125.e.1676"},"getTitle",[]]}
RESULT: undefined
COMMAND: POST /session/8528a3b8a3d94cb09d60657e161ca13a/element/f.1189DC93B98F8F633B92F8EF9BEFB9FA.d.2810A14520B991873C63C379DA56F125.e.1514/click - {}
COMMAND: POST /session/8528a3b8a3d94cb09d60657e161ca13a/element - {"using":"xpath","value":"//*[@id=\"backBtn\"]"}
RESULT: {"using":"xpath","value":"//*[@id=\"backBtn\"]"}
COMMAND: POST /session/8528a3b8a3d94cb09d60657e161ca13a/element/f.1189DC93B98F8F633B92F8EF9BEFB9FA.d.2810A14520B991873C63C379DA56F125.e.1514/click - {}
COMMAND: POST /session/8528a3b8a3d94cb09d60657e161ca13a/element - {"using":"xpath","value":"//*[@id=\"backBtn\"]"}
RESULT: {"using":"xpath","value":"//*[@id=\"backBtn\"]"}
COMMAND: POST /session/8528a3b8a3d94cb09d60657e161ca13a/element/f.1189DC93B98F8F633B92F8EF9BEFB9FA.d.2810A14520B991873C63C379DA56F125.e.1677/click - {}
RESULT: {}
COMMAND: GET /session/8528a3b8a3d94cb09d60657e161ca13a/screenshot - {}
RESULT: {}
]]></system-out>
    </testcase>
    <testcase classname="chrome.135_0_7049_96.windows.Sanity_Tests_US104253" name="Should open Manage Handovers page" time="36.575">
      <system-out><![CDATA[
COMMAND: POST /session/8528a3b8a3d94cb09d60657e161ca13a/execute/async - {"script":"<script> [1562 bytes]","args":[{"selector":{"controlType":"sap.m.GenericTile","properties":{"header":"Manage Handovers"}},"wdio_ui5_key":"sapm.GenericTile{\"header\":\"Manage Handovers\"}"}]}
RESULT: {"script":"<script> [1562 bytes]","args":[{"selector":{"controlType":"sap.m.GenericTile","properties":{"header":"Manage Handovers"}},"wdio_ui5_key":"sapm.GenericTile{\"header\":\"Manage Handovers\"}"}]}
RESULT: undefined
COMMAND: POST /session/8528a3b8a3d94cb09d60657e161ca13a/element - {"using":"xpath","value":"//*[@id=\"__tile132\"]"}
RESULT: {"using":"xpath","value":"//*[@id=\"__tile132\"]"}
COMMAND: POST /session/8528a3b8a3d94cb09d60657e161ca13a/element/f.1189DC93B98F8F633B92F8EF9BEFB9FA.d.2810A14520B991873C63C379DA56F125.e.1679/click - {}
RESULT: {}
COMMAND: GET /session/8528a3b8a3d94cb09d60657e161ca13a/screenshot - {}
RESULT: {}
RESULT: undefined
COMMAND: POST /session/8528a3b8a3d94cb09d60657e161ca13a/element - {"using":"xpath","value":"//*[@id=\"__tile132\"]"}
RESULT: {"using":"xpath","value":"//*[@id=\"__tile132\"]"}
COMMAND: POST /session/8528a3b8a3d94cb09d60657e161ca13a/element/f.1189DC93B98F8F633B92F8EF9BEFB9FA.d.2810A14520B991873C63C379DA56F125.e.1679/click - {}
RESULT: undefined
COMMAND: POST /session/8528a3b8a3d94cb09d60657e161ca13a/element - {"using":"xpath","value":"//*[@id=\"__tile132\"]"}
RESULT: {"using":"xpath","value":"//*[@id=\"__tile132\"]"}
COMMAND: POST /session/8528a3b8a3d94cb09d60657e161ca13a/element/f.1189DC93B98F8F633B92F8EF9BEFB9FA.d.2810A14520B991873C63C379DA56F125.e.1679/click - {}
RESULT: undefined
COMMAND: POST /session/8528a3b8a3d94cb09d60657e161ca13a/execute/async - {"script":"<script> [6424 bytes]","args":[{"element-6066-11e4-a52e-4f735466cecf":"f.1189DC93B98F8F633B92F8EF9BEFB9FA.d.2810A14520B991873C63C379DA56F125.e.295"},"getTitle",[]]}
COMMAND: POST /session/8528a3b8a3d94cb09d60657e161ca13a/execute/async - {"script":"<script> [1562 bytes]","args":[{"selector":{"id":"shellAppTitle"},"wdio_ui5_key":"shellAppTitle"}]}
RESULT: {"script":"<script> [1562 bytes]","args":[{"selector":{"id":"shellAppTitle"},"wdio_ui5_key":"shellAppTitle"}]}
COMMAND: POST /session/8528a3b8a3d94cb09d60657e161ca13a/execute/async - {"script":"<script> [6424 bytes]","args":[{"element-6066-11e4-a52e-4f735466cecf":"f.1189DC93B98F8F633B92F8EF9BEFB9FA.d.2810A14520B991873C63C379DA56F125.e.1782"},"getTitle",[]]}
RESULT: {"script":"<script> [6424 bytes]","args":[{"element-6066-11e4-a52e-4f735466cecf":"f.1189DC93B98F8F633B92F8EF9BEFB9FA.d.2810A14520B991873C63C379DA56F125.e.1782"},"getTitle",[]]}
RESULT: undefined
COMMAND: POST /session/8528a3b8a3d94cb09d60657e161ca13a/element/f.1189DC93B98F8F633B92F8EF9BEFB9FA.d.2810A14520B991873C63C379DA56F125.e.1677/click - {}
RESULT: {}
COMMAND: GET /session/8528a3b8a3d94cb09d60657e161ca13a/screenshot - {}
RESULT: {}
]]></system-out>
    </testcase>
    <testcase classname="chrome.135_0_7049_96.windows.Sanity_Tests_US104253" name="Should open Delivery Monitor page" time="36.029">
      <system-out><![CDATA[
COMMAND: POST /session/8528a3b8a3d94cb09d60657e161ca13a/execute/async - {"script":"<script> [1562 bytes]","args":[{"selector":{"controlType":"sap.m.GenericTile","properties":{"header":"Delivery Monitor"}},"wdio_ui5_key":"sapm.GenericTile{\"header\":\"Delivery Monitor\"}"}]}
RESULT: {"script":"<script> [1562 bytes]","args":[{"selector":{"controlType":"sap.m.GenericTile","properties":{"header":"Delivery Monitor"}},"wdio_ui5_key":"sapm.GenericTile{\"header\":\"Delivery Monitor\"}"}]}
RESULT: undefined
COMMAND: POST /session/8528a3b8a3d94cb09d60657e161ca13a/element - {"using":"xpath","value":"//*[@id=\"__tile43\"]"}
RESULT: {"using":"xpath","value":"//*[@id=\"__tile43\"]"}
COMMAND: POST /session/8528a3b8a3d94cb09d60657e161ca13a/element/f.1189DC93B98F8F633B92F8EF9BEFB9FA.d.2810A14520B991873C63C379DA56F125.e.1784/click - {}
RESULT: {}
COMMAND: GET /session/8528a3b8a3d94cb09d60657e161ca13a/screenshot - {}
RESULT: {}
RESULT: undefined
COMMAND: POST /session/8528a3b8a3d94cb09d60657e161ca13a/element - {"using":"xpath","value":"//*[@id=\"__tile43\"]"}
RESULT: {"using":"xpath","value":"//*[@id=\"__tile43\"]"}
COMMAND: POST /session/8528a3b8a3d94cb09d60657e161ca13a/element/f.1189DC93B98F8F633B92F8EF9BEFB9FA.d.2810A14520B991873C63C379DA56F125.e.1784/click - {}
RESULT: undefined
COMMAND: POST /session/8528a3b8a3d94cb09d60657e161ca13a/element - {"using":"xpath","value":"//*[@id=\"__tile43\"]"}
RESULT: {"using":"xpath","value":"//*[@id=\"__tile43\"]"}
COMMAND: POST /session/8528a3b8a3d94cb09d60657e161ca13a/element/f.1189DC93B98F8F633B92F8EF9BEFB9FA.d.2810A14520B991873C63C379DA56F125.e.1784/click - {}
RESULT: undefined
COMMAND: POST /session/8528a3b8a3d94cb09d60657e161ca13a/execute/async - {"script":"<script> [6424 bytes]","args":[{"element-6066-11e4-a52e-4f735466cecf":"f.1189DC93B98F8F633B92F8EF9BEFB9FA.d.2810A14520B991873C63C379DA56F125.e.295"},"getTitle",[]]}
COMMAND: POST /session/8528a3b8a3d94cb09d60657e161ca13a/execute/async - {"script":"<script> [1562 bytes]","args":[{"selector":{"id":"shellAppTitle"},"wdio_ui5_key":"shellAppTitle"}]}
RESULT: {"script":"<script> [1562 bytes]","args":[{"selector":{"id":"shellAppTitle"},"wdio_ui5_key":"shellAppTitle"}]}
COMMAND: POST /session/8528a3b8a3d94cb09d60657e161ca13a/execute/async - {"script":"<script> [6424 bytes]","args":[{"element-6066-11e4-a52e-4f735466cecf":"f.1189DC93B98F8F633B92F8EF9BEFB9FA.d.2810A14520B991873C63C379DA56F125.e.1887"},"getTitle",[]]}
RESULT: {"script":"<script> [6424 bytes]","args":[{"element-6066-11e4-a52e-4f735466cecf":"f.1189DC93B98F8F633B92F8EF9BEFB9FA.d.2810A14520B991873C63C379DA56F125.e.1887"},"getTitle",[]]}
RESULT: undefined
COMMAND: POST /session/8528a3b8a3d94cb09d60657e161ca13a/element/f.1189DC93B98F8F633B92F8EF9BEFB9FA.d.2810A14520B991873C63C379DA56F125.e.1677/click - {}
COMMAND: POST /session/8528a3b8a3d94cb09d60657e161ca13a/element - {"using":"xpath","value":"//*[@id=\"backBtn\"]"}
RESULT: {"using":"xpath","value":"//*[@id=\"backBtn\"]"}
COMMAND: POST /session/8528a3b8a3d94cb09d60657e161ca13a/element/f.1189DC93B98F8F633B92F8EF9BEFB9FA.d.2810A14520B991873C63C379DA56F125.e.1677/click - {}
COMMAND: POST /session/8528a3b8a3d94cb09d60657e161ca13a/element - {"using":"xpath","value":"//*[@id=\"backBtn\"]"}
RESULT: {"using":"xpath","value":"//*[@id=\"backBtn\"]"}
COMMAND: POST /session/8528a3b8a3d94cb09d60657e161ca13a/element/f.1189DC93B98F8F633B92F8EF9BEFB9FA.d.2810A14520B991873C63C379DA56F125.e.1888/click - {}
RESULT: {}
COMMAND: GET /session/8528a3b8a3d94cb09d60657e161ca13a/screenshot - {}
RESULT: {}
]]></system-out>
    </testcase>
    <testcase classname="chrome.135_0_7049_96.windows.Sanity_Tests_US104253" name="Should open Manage Calendar Exceptions page" time="34.596">
      <system-out><![CDATA[
COMMAND: POST /session/8528a3b8a3d94cb09d60657e161ca13a/execute/async - {"script":"<script> [1562 bytes]","args":[{"selector":{"controlType":"sap.m.GenericTile","properties":{"header":"Manage Calendar Exceptions"}},"wdio_ui5_key":"sapm.GenericTile{\"header\":\"Manage Calendar Exceptions\"}"}]}
RESULT: {"script":"<script> [1562 bytes]","args":[{"selector":{"controlType":"sap.m.GenericTile","properties":{"header":"Manage Calendar Exceptions"}},"wdio_ui5_key":"sapm.GenericTile{\"header\":\"Manage Calendar Exceptions\"}"}]}
RESULT: undefined
COMMAND: POST /session/8528a3b8a3d94cb09d60657e161ca13a/element - {"using":"xpath","value":"//*[@id=\"__tile52\"]"}
RESULT: {"using":"xpath","value":"//*[@id=\"__tile52\"]"}
COMMAND: POST /session/8528a3b8a3d94cb09d60657e161ca13a/element/f.1189DC93B98F8F633B92F8EF9BEFB9FA.d.2810A14520B991873C63C379DA56F125.e.1890/click - {}
RESULT: {}
COMMAND: GET /session/8528a3b8a3d94cb09d60657e161ca13a/screenshot - {}
RESULT: {}
RESULT: undefined
COMMAND: POST /session/8528a3b8a3d94cb09d60657e161ca13a/element - {"using":"xpath","value":"//*[@id=\"__tile52\"]"}
RESULT: {"using":"xpath","value":"//*[@id=\"__tile52\"]"}
COMMAND: POST /session/8528a3b8a3d94cb09d60657e161ca13a/element/f.1189DC93B98F8F633B92F8EF9BEFB9FA.d.2810A14520B991873C63C379DA56F125.e.1890/click - {}
RESULT: undefined
COMMAND: POST /session/8528a3b8a3d94cb09d60657e161ca13a/element - {"using":"xpath","value":"//*[@id=\"__tile52\"]"}
RESULT: {"using":"xpath","value":"//*[@id=\"__tile52\"]"}
COMMAND: POST /session/8528a3b8a3d94cb09d60657e161ca13a/element/f.1189DC93B98F8F633B92F8EF9BEFB9FA.d.2810A14520B991873C63C379DA56F125.e.1890/click - {}
RESULT: undefined
COMMAND: POST /session/8528a3b8a3d94cb09d60657e161ca13a/execute/async - {"script":"<script> [6424 bytes]","args":[{"element-6066-11e4-a52e-4f735466cecf":"f.1189DC93B98F8F633B92F8EF9BEFB9FA.d.2810A14520B991873C63C379DA56F125.e.295"},"getTitle",[]]}
COMMAND: POST /session/8528a3b8a3d94cb09d60657e161ca13a/execute/async - {"script":"<script> [1562 bytes]","args":[{"selector":{"id":"shellAppTitle"},"wdio_ui5_key":"shellAppTitle"}]}
RESULT: {"script":"<script> [1562 bytes]","args":[{"selector":{"id":"shellAppTitle"},"wdio_ui5_key":"shellAppTitle"}]}
COMMAND: POST /session/8528a3b8a3d94cb09d60657e161ca13a/execute/async - {"script":"<script> [6424 bytes]","args":[{"element-6066-11e4-a52e-4f735466cecf":"f.1189DC93B98F8F633B92F8EF9BEFB9FA.d.2810A14520B991873C63C379DA56F125.e.2016"},"getTitle",[]]}
RESULT: {"script":"<script> [6424 bytes]","args":[{"element-6066-11e4-a52e-4f735466cecf":"f.1189DC93B98F8F633B92F8EF9BEFB9FA.d.2810A14520B991873C63C379DA56F125.e.2016"},"getTitle",[]]}
RESULT: undefined
COMMAND: POST /session/8528a3b8a3d94cb09d60657e161ca13a/element/f.1189DC93B98F8F633B92F8EF9BEFB9FA.d.2810A14520B991873C63C379DA56F125.e.1888/click - {}
RESULT: {}
COMMAND: GET /session/8528a3b8a3d94cb09d60657e161ca13a/screenshot - {}
RESULT: {}
]]></system-out>
    </testcase>
    <testcase classname="chrome.135_0_7049_96.windows.Sanity_Tests_US104253" name="Should open Manage States Performance page" time="37.791">
      <system-out><![CDATA[
COMMAND: POST /session/8528a3b8a3d94cb09d60657e161ca13a/execute/async - {"script":"<script> [1562 bytes]","args":[{"selector":{"controlType":"sap.m.GenericTile","properties":{"header":"Manage States & Performance"}},"wdio_ui5_key":"sapm.GenericTile{\"header\":\"Manage States & Performance\"}"}]}
RESULT: {"script":"<script> [1562 bytes]","args":[{"selector":{"controlType":"sap.m.GenericTile","properties":{"header":"Manage States & Performance"}},"wdio_ui5_key":"sapm.GenericTile{\"header\":\"Manage States & Performance\"}"}]}
RESULT: undefined
COMMAND: POST /session/8528a3b8a3d94cb09d60657e161ca13a/element - {"using":"xpath","value":"//*[@id=\"__tile56\"]"}
RESULT: {"using":"xpath","value":"//*[@id=\"__tile56\"]"}
COMMAND: POST /session/8528a3b8a3d94cb09d60657e161ca13a/element/f.1189DC93B98F8F633B92F8EF9BEFB9FA.d.2810A14520B991873C63C379DA56F125.e.2020/click - {}
RESULT: {}
COMMAND: GET /session/8528a3b8a3d94cb09d60657e161ca13a/screenshot - {}
RESULT: {}
RESULT: undefined
COMMAND: POST /session/8528a3b8a3d94cb09d60657e161ca13a/element - {"using":"xpath","value":"//*[@id=\"__tile56\"]"}
RESULT: {"using":"xpath","value":"//*[@id=\"__tile56\"]"}
COMMAND: POST /session/8528a3b8a3d94cb09d60657e161ca13a/element/f.1189DC93B98F8F633B92F8EF9BEFB9FA.d.2810A14520B991873C63C379DA56F125.e.2020/click - {}
RESULT: undefined
COMMAND: POST /session/8528a3b8a3d94cb09d60657e161ca13a/element - {"using":"xpath","value":"//*[@id=\"__tile56\"]"}
RESULT: {"using":"xpath","value":"//*[@id=\"__tile56\"]"}
COMMAND: POST /session/8528a3b8a3d94cb09d60657e161ca13a/element/f.1189DC93B98F8F633B92F8EF9BEFB9FA.d.2810A14520B991873C63C379DA56F125.e.2020/click - {}
RESULT: undefined
COMMAND: POST /session/8528a3b8a3d94cb09d60657e161ca13a/execute/async - {"script":"<script> [6424 bytes]","args":[{"element-6066-11e4-a52e-4f735466cecf":"f.1189DC93B98F8F633B92F8EF9BEFB9FA.d.2810A14520B991873C63C379DA56F125.e.295"},"getTitle",[]]}
COMMAND: POST /session/8528a3b8a3d94cb09d60657e161ca13a/execute/async - {"script":"<script> [1562 bytes]","args":[{"selector":{"id":"shellAppTitle"},"wdio_ui5_key":"shellAppTitle"}]}
RESULT: {"script":"<script> [1562 bytes]","args":[{"selector":{"id":"shellAppTitle"},"wdio_ui5_key":"shellAppTitle"}]}
COMMAND: POST /session/8528a3b8a3d94cb09d60657e161ca13a/execute/async - {"script":"<script> [6424 bytes]","args":[{"element-6066-11e4-a52e-4f735466cecf":"f.1189DC93B98F8F633B92F8EF9BEFB9FA.d.2810A14520B991873C63C379DA56F125.e.2112"},"getTitle",[]]}
RESULT: {"script":"<script> [6424 bytes]","args":[{"element-6066-11e4-a52e-4f735466cecf":"f.1189DC93B98F8F633B92F8EF9BEFB9FA.d.2810A14520B991873C63C379DA56F125.e.2112"},"getTitle",[]]}
RESULT: undefined
COMMAND: POST /session/8528a3b8a3d94cb09d60657e161ca13a/element/f.1189DC93B98F8F633B92F8EF9BEFB9FA.d.2810A14520B991873C63C379DA56F125.e.1888/click - {}
COMMAND: POST /session/8528a3b8a3d94cb09d60657e161ca13a/element - {"using":"xpath","value":"//*[@id=\"backBtn\"]"}
RESULT: {"using":"xpath","value":"//*[@id=\"backBtn\"]"}
COMMAND: POST /session/8528a3b8a3d94cb09d60657e161ca13a/element/f.1189DC93B98F8F633B92F8EF9BEFB9FA.d.2810A14520B991873C63C379DA56F125.e.1888/click - {}
COMMAND: POST /session/8528a3b8a3d94cb09d60657e161ca13a/element - {"using":"xpath","value":"//*[@id=\"backBtn\"]"}
RESULT: {"using":"xpath","value":"//*[@id=\"backBtn\"]"}
COMMAND: POST /session/8528a3b8a3d94cb09d60657e161ca13a/element/f.1189DC93B98F8F633B92F8EF9BEFB9FA.d.2810A14520B991873C63C379DA56F125.e.2113/click - {}
RESULT: {}
COMMAND: GET /session/8528a3b8a3d94cb09d60657e161ca13a/screenshot - {}
RESULT: {}
]]></system-out>
    </testcase>
    <testcase classname="chrome.135_0_7049_96.windows.Sanity_Tests_US104253" name="Should open Manage Billings page" time="38.72">
      <system-out><![CDATA[
COMMAND: POST /session/8528a3b8a3d94cb09d60657e161ca13a/execute/async - {"script":"<script> [1562 bytes]","args":[{"selector":{"controlType":"sap.m.GenericTile","properties":{"header":"Manage Billings"}},"wdio_ui5_key":"sapm.GenericTile{\"header\":\"Manage Billings\"}"}]}
RESULT: {"script":"<script> [1562 bytes]","args":[{"selector":{"controlType":"sap.m.GenericTile","properties":{"header":"Manage Billings"}},"wdio_ui5_key":"sapm.GenericTile{\"header\":\"Manage Billings\"}"}]}
RESULT: undefined
COMMAND: POST /session/8528a3b8a3d94cb09d60657e161ca13a/element - {"using":"xpath","value":"//*[@id=\"__tile51\"]"}
RESULT: {"using":"xpath","value":"//*[@id=\"__tile51\"]"}
COMMAND: POST /session/8528a3b8a3d94cb09d60657e161ca13a/element/f.1189DC93B98F8F633B92F8EF9BEFB9FA.d.2810A14520B991873C63C379DA56F125.e.2115/click - {}
RESULT: {}
COMMAND: GET /session/8528a3b8a3d94cb09d60657e161ca13a/screenshot - {}
RESULT: {}
RESULT: undefined
COMMAND: POST /session/8528a3b8a3d94cb09d60657e161ca13a/element - {"using":"xpath","value":"//*[@id=\"__tile51\"]"}
RESULT: {"using":"xpath","value":"//*[@id=\"__tile51\"]"}
COMMAND: POST /session/8528a3b8a3d94cb09d60657e161ca13a/element/f.1189DC93B98F8F633B92F8EF9BEFB9FA.d.2810A14520B991873C63C379DA56F125.e.2115/click - {}
RESULT: undefined
COMMAND: POST /session/8528a3b8a3d94cb09d60657e161ca13a/element - {"using":"xpath","value":"//*[@id=\"__tile51\"]"}
RESULT: {"using":"xpath","value":"//*[@id=\"__tile51\"]"}
COMMAND: POST /session/8528a3b8a3d94cb09d60657e161ca13a/element/f.1189DC93B98F8F633B92F8EF9BEFB9FA.d.2810A14520B991873C63C379DA56F125.e.2115/click - {}
RESULT: undefined
COMMAND: POST /session/8528a3b8a3d94cb09d60657e161ca13a/execute/async - {"script":"<script> [6424 bytes]","args":[{"element-6066-11e4-a52e-4f735466cecf":"f.1189DC93B98F8F633B92F8EF9BEFB9FA.d.2810A14520B991873C63C379DA56F125.e.295"},"getTitle",[]]}
COMMAND: POST /session/8528a3b8a3d94cb09d60657e161ca13a/execute/async - {"script":"<script> [1562 bytes]","args":[{"selector":{"id":"shellAppTitle"},"wdio_ui5_key":"shellAppTitle"}]}
RESULT: {"script":"<script> [1562 bytes]","args":[{"selector":{"id":"shellAppTitle"},"wdio_ui5_key":"shellAppTitle"}]}
COMMAND: POST /session/8528a3b8a3d94cb09d60657e161ca13a/execute/async - {"script":"<script> [6424 bytes]","args":[{"element-6066-11e4-a52e-4f735466cecf":"f.1189DC93B98F8F633B92F8EF9BEFB9FA.d.2810A14520B991873C63C379DA56F125.e.2341"},"getTitle",[]]}
RESULT: {"script":"<script> [6424 bytes]","args":[{"element-6066-11e4-a52e-4f735466cecf":"f.1189DC93B98F8F633B92F8EF9BEFB9FA.d.2810A14520B991873C63C379DA56F125.e.2341"},"getTitle",[]]}
RESULT: undefined
COMMAND: POST /session/8528a3b8a3d94cb09d60657e161ca13a/element/f.1189DC93B98F8F633B92F8EF9BEFB9FA.d.2810A14520B991873C63C379DA56F125.e.2113/click - {}
COMMAND: POST /session/8528a3b8a3d94cb09d60657e161ca13a/element/f.1189DC93B98F8F633B92F8EF9BEFB9FA.d.2810A14520B991873C63C379DA56F125.e.2113/click - {}
RESULT: {}
COMMAND: GET /session/8528a3b8a3d94cb09d60657e161ca13a/screenshot - {}
COMMAND: POST /session/8528a3b8a3d94cb09d60657e161ca13a/element - {"using":"xpath","value":"//*[@id=\"backBtn\"]"}
RESULT: {}
RESULT: {"using":"xpath","value":"//*[@id=\"backBtn\"]"}
COMMAND: POST /session/8528a3b8a3d94cb09d60657e161ca13a/elements - {"using":"xpath","value":"//*[@id=\"backBtn\"]"}
RESULT: {"using":"xpath","value":"//*[@id=\"backBtn\"]"}
COMMAND: POST /session/8528a3b8a3d94cb09d60657e161ca13a/elements - {"using":"xpath","value":"//*[@id=\"backBtn\"]"}
RESULT: {"using":"xpath","value":"//*[@id=\"backBtn\"]"}
COMMAND: POST /session/8528a3b8a3d94cb09d60657e161ca13a/elements - {"using":"xpath","value":"//*[@id=\"backBtn\"]"}
RESULT: {"using":"xpath","value":"//*[@id=\"backBtn\"]"}
COMMAND: POST /session/8528a3b8a3d94cb09d60657e161ca13a/elements - {"using":"xpath","value":"//*[@id=\"backBtn\"]"}
RESULT: {"using":"xpath","value":"//*[@id=\"backBtn\"]"}
COMMAND: POST /session/8528a3b8a3d94cb09d60657e161ca13a/elements - {"using":"xpath","value":"//*[@id=\"backBtn\"]"}
RESULT: {"using":"xpath","value":"//*[@id=\"backBtn\"]"}
COMMAND: POST /session/8528a3b8a3d94cb09d60657e161ca13a/elements - {"using":"xpath","value":"//*[@id=\"backBtn\"]"}
RESULT: {"using":"xpath","value":"//*[@id=\"backBtn\"]"}
COMMAND: POST /session/8528a3b8a3d94cb09d60657e161ca13a/elements - {"using":"xpath","value":"//*[@id=\"backBtn\"]"}
RESULT: {"using":"xpath","value":"//*[@id=\"backBtn\"]"}
COMMAND: POST /session/8528a3b8a3d94cb09d60657e161ca13a/elements - {"using":"xpath","value":"//*[@id=\"backBtn\"]"}
RESULT: {"using":"xpath","value":"//*[@id=\"backBtn\"]"}
COMMAND: POST /session/8528a3b8a3d94cb09d60657e161ca13a/elements - {"using":"xpath","value":"//*[@id=\"backBtn\"]"}
RESULT: {"using":"xpath","value":"//*[@id=\"backBtn\"]"}
COMMAND: POST /session/8528a3b8a3d94cb09d60657e161ca13a/elements - {"using":"xpath","value":"//*[@id=\"backBtn\"]"}
RESULT: {"using":"xpath","value":"//*[@id=\"backBtn\"]"}
COMMAND: POST /session/8528a3b8a3d94cb09d60657e161ca13a/elements - {"using":"xpath","value":"//*[@id=\"backBtn\"]"}
RESULT: {"using":"xpath","value":"//*[@id=\"backBtn\"]"}
COMMAND: POST /session/8528a3b8a3d94cb09d60657e161ca13a/elements - {"using":"xpath","value":"//*[@id=\"backBtn\"]"}
RESULT: {"using":"xpath","value":"//*[@id=\"backBtn\"]"}
COMMAND: POST /session/8528a3b8a3d94cb09d60657e161ca13a/elements - {"using":"xpath","value":"//*[@id=\"backBtn\"]"}
RESULT: {"using":"xpath","value":"//*[@id=\"backBtn\"]"}
COMMAND: POST /session/8528a3b8a3d94cb09d60657e161ca13a/elements - {"using":"xpath","value":"//*[@id=\"backBtn\"]"}
RESULT: {"using":"xpath","value":"//*[@id=\"backBtn\"]"}
COMMAND: POST /session/8528a3b8a3d94cb09d60657e161ca13a/elements - {"using":"xpath","value":"//*[@id=\"backBtn\"]"}
]]></system-out>
    </testcase>
    <testcase classname="chrome.135_0_7049_96.windows.Sanity_Tests_US104253" name="Should open Manage Conditions Prices page" time="54.731">
      <system-out><![CDATA[
COMMAND: POST /session/8528a3b8a3d94cb09d60657e161ca13a/execute/async - {"script":"<script> [1562 bytes]","args":[{"selector":{"controlType":"sap.m.GenericTile","properties":{"header":"Manage Conditions & Prices"}},"wdio_ui5_key":"sapm.GenericTile{\"header\":\"Manage Conditions & Prices\"}"}]}
RESULT: {"using":"xpath","value":"//*[@id=\"backBtn\"]"}
COMMAND: POST /session/8528a3b8a3d94cb09d60657e161ca13a/elements - {"using":"xpath","value":"//*[@id=\"backBtn\"]"}
RESULT: {"script":"<script> [1562 bytes]","args":[{"selector":{"controlType":"sap.m.GenericTile","properties":{"header":"Manage Conditions & Prices"}},"wdio_ui5_key":"sapm.GenericTile{\"header\":\"Manage Conditions & Prices\"}"}]}
RESULT: undefined
COMMAND: POST /session/8528a3b8a3d94cb09d60657e161ca13a/element - {"using":"xpath","value":"//*[@id=\"__tile53\"]"}
RESULT: {"using":"xpath","value":"//*[@id=\"backBtn\"]"}
RESULT: {"using":"xpath","value":"//*[@id=\"__tile53\"]"}
COMMAND: POST /session/8528a3b8a3d94cb09d60657e161ca13a/element/f.1189DC93B98F8F633B92F8EF9BEFB9FA.d.2810A14520B991873C63C379DA56F125.e.2343/click - {}
COMMAND: POST /session/8528a3b8a3d94cb09d60657e161ca13a/elements - {"using":"xpath","value":"//*[@id=\"backBtn\"]"}
RESULT: {}
COMMAND: GET /session/8528a3b8a3d94cb09d60657e161ca13a/screenshot - {}
RESULT: {"using":"xpath","value":"//*[@id=\"backBtn\"]"}
COMMAND: POST /session/8528a3b8a3d94cb09d60657e161ca13a/elements - {"using":"xpath","value":"//*[@id=\"backBtn\"]"}
RESULT: {}
RESULT: {"using":"xpath","value":"//*[@id=\"backBtn\"]"}
COMMAND: POST /session/8528a3b8a3d94cb09d60657e161ca13a/elements - {"using":"xpath","value":"//*[@id=\"backBtn\"]"}
RESULT: {"using":"xpath","value":"//*[@id=\"backBtn\"]"}
COMMAND: POST /session/8528a3b8a3d94cb09d60657e161ca13a/elements - {"using":"xpath","value":"//*[@id=\"backBtn\"]"}
RESULT: {"using":"xpath","value":"//*[@id=\"backBtn\"]"}
COMMAND: POST /session/8528a3b8a3d94cb09d60657e161ca13a/elements - {"using":"xpath","value":"//*[@id=\"backBtn\"]"}
RESULT: undefined
COMMAND: POST /session/8528a3b8a3d94cb09d60657e161ca13a/element - {"using":"xpath","value":"//*[@id=\"__tile53\"]"}
RESULT: {"using":"xpath","value":"//*[@id=\"backBtn\"]"}
COMMAND: POST /session/8528a3b8a3d94cb09d60657e161ca13a/element - {"using":"xpath","value":"//*[@id=\"backBtn\"]"}
RESULT: {"using":"xpath","value":"//*[@id=\"__tile53\"]"}
COMMAND: POST /session/8528a3b8a3d94cb09d60657e161ca13a/element/f.1189DC93B98F8F633B92F8EF9BEFB9FA.d.2810A14520B991873C63C379DA56F125.e.2343/click - {}
RESULT: {"using":"xpath","value":"//*[@id=\"backBtn\"]"}
COMMAND: POST /session/8528a3b8a3d94cb09d60657e161ca13a/element/f.1189DC93B98F8F633B92F8EF9BEFB9FA.d.2810A14520B991873C63C379DA56F125.e.2113/click - {}
COMMAND: POST /session/8528a3b8a3d94cb09d60657e161ca13a/element - {"using":"xpath","value":"//*[@id=\"backBtn\"]"}
RESULT: {"using":"xpath","value":"//*[@id=\"backBtn\"]"}
COMMAND: POST /session/8528a3b8a3d94cb09d60657e161ca13a/element/f.1189DC93B98F8F633B92F8EF9BEFB9FA.d.2810A14520B991873C63C379DA56F125.e.2346/click - {}
RESULT: {}
COMMAND: GET /session/8528a3b8a3d94cb09d60657e161ca13a/screenshot - {}
RESULT: {}
RESULT: undefined
COMMAND: POST /session/8528a3b8a3d94cb09d60657e161ca13a/element - {"using":"xpath","value":"//*[@id=\"__tile53\"]"}
COMMAND: GET /session/8528a3b8a3d94cb09d60657e161ca13a/screenshot - {}
RESULT: {}
RESULT: {"using":"xpath","value":"//*[@id=\"__tile53\"]"}
COMMAND: POST /session/8528a3b8a3d94cb09d60657e161ca13a/element/f.1189DC93B98F8F633B92F8EF9BEFB9FA.d.2810A14520B991873C63C379DA56F125.e.2343/click - {}
RESULT: {}
RESULT: undefined
COMMAND: POST /session/8528a3b8a3d94cb09d60657e161ca13a/execute/async - {"script":"<script> [6424 bytes]","args":[{"element-6066-11e4-a52e-4f735466cecf":"f.1189DC93B98F8F633B92F8EF9BEFB9FA.d.2810A14520B991873C63C379DA56F125.e.295"},"getTitle",[]]}
COMMAND: POST /session/8528a3b8a3d94cb09d60657e161ca13a/execute/async - {"script":"<script> [1562 bytes]","args":[{"selector":{"id":"shellAppTitle"},"wdio_ui5_key":"shellAppTitle"}]}
RESULT: {"script":"<script> [1562 bytes]","args":[{"selector":{"id":"shellAppTitle"},"wdio_ui5_key":"shellAppTitle"}]}
COMMAND: POST /session/8528a3b8a3d94cb09d60657e161ca13a/execute/async - {"script":"<script> [6424 bytes]","args":[{"element-6066-11e4-a52e-4f735466cecf":"f.1189DC93B98F8F633B92F8EF9BEFB9FA.d.2810A14520B991873C63C379DA56F125.e.2655"},"getTitle",[]]}
RESULT: {"script":"<script> [6424 bytes]","args":[{"element-6066-11e4-a52e-4f735466cecf":"f.1189DC93B98F8F633B92F8EF9BEFB9FA.d.2810A14520B991873C63C379DA56F125.e.2655"},"getTitle",[]]}
RESULT: undefined
COMMAND: POST /session/8528a3b8a3d94cb09d60657e161ca13a/element/f.1189DC93B98F8F633B92F8EF9BEFB9FA.d.2810A14520B991873C63C379DA56F125.e.2346/click - {}
RESULT: {}
COMMAND: GET /session/8528a3b8a3d94cb09d60657e161ca13a/screenshot - {}
RESULT: {}
]]></system-out>
    </testcase>
    <testcase classname="chrome.135_0_7049_96.windows.Sanity_Tests_US104253" name="Should open Billing Transfer page" time="35.556">
      <system-out><![CDATA[
COMMAND: POST /session/8528a3b8a3d94cb09d60657e161ca13a/execute/async - {"script":"<script> [1562 bytes]","args":[{"selector":{"controlType":"sap.m.GenericTile","properties":{"header":"Billing Transfer"}},"wdio_ui5_key":"sapm.GenericTile{\"header\":\"Billing Transfer\"}"}]}
RESULT: {"script":"<script> [1562 bytes]","args":[{"selector":{"controlType":"sap.m.GenericTile","properties":{"header":"Billing Transfer"}},"wdio_ui5_key":"sapm.GenericTile{\"header\":\"Billing Transfer\"}"}]}
RESULT: undefined
COMMAND: POST /session/8528a3b8a3d94cb09d60657e161ca13a/element - {"using":"xpath","value":"//*[@id=\"__tile50\"]"}
RESULT: {"using":"xpath","value":"//*[@id=\"__tile50\"]"}
COMMAND: POST /session/8528a3b8a3d94cb09d60657e161ca13a/element/f.1189DC93B98F8F633B92F8EF9BEFB9FA.d.2810A14520B991873C63C379DA56F125.e.2657/click - {}
RESULT: {}
COMMAND: GET /session/8528a3b8a3d94cb09d60657e161ca13a/screenshot - {}
RESULT: {}
RESULT: undefined
COMMAND: POST /session/8528a3b8a3d94cb09d60657e161ca13a/element - {"using":"xpath","value":"//*[@id=\"__tile50\"]"}
RESULT: {"using":"xpath","value":"//*[@id=\"__tile50\"]"}
COMMAND: POST /session/8528a3b8a3d94cb09d60657e161ca13a/element/f.1189DC93B98F8F633B92F8EF9BEFB9FA.d.2810A14520B991873C63C379DA56F125.e.2657/click - {}
RESULT: undefined
COMMAND: POST /session/8528a3b8a3d94cb09d60657e161ca13a/element - {"using":"xpath","value":"//*[@id=\"__tile50\"]"}
RESULT: {"using":"xpath","value":"//*[@id=\"__tile50\"]"}
COMMAND: POST /session/8528a3b8a3d94cb09d60657e161ca13a/element/f.1189DC93B98F8F633B92F8EF9BEFB9FA.d.2810A14520B991873C63C379DA56F125.e.2657/click - {}
RESULT: undefined
COMMAND: POST /session/8528a3b8a3d94cb09d60657e161ca13a/execute/async - {"script":"<script> [6424 bytes]","args":[{"element-6066-11e4-a52e-4f735466cecf":"f.1189DC93B98F8F633B92F8EF9BEFB9FA.d.2810A14520B991873C63C379DA56F125.e.295"},"getTitle",[]]}
COMMAND: POST /session/8528a3b8a3d94cb09d60657e161ca13a/execute/async - {"script":"<script> [1562 bytes]","args":[{"selector":{"id":"shellAppTitle"},"wdio_ui5_key":"shellAppTitle"}]}
RESULT: {"script":"<script> [1562 bytes]","args":[{"selector":{"id":"shellAppTitle"},"wdio_ui5_key":"shellAppTitle"}]}
COMMAND: POST /session/8528a3b8a3d94cb09d60657e161ca13a/execute/async - {"script":"<script> [6424 bytes]","args":[{"element-6066-11e4-a52e-4f735466cecf":"f.1189DC93B98F8F633B92F8EF9BEFB9FA.d.2810A14520B991873C63C379DA56F125.e.2765"},"getTitle",[]]}
RESULT: {"script":"<script> [6424 bytes]","args":[{"element-6066-11e4-a52e-4f735466cecf":"f.1189DC93B98F8F633B92F8EF9BEFB9FA.d.2810A14520B991873C63C379DA56F125.e.2765"},"getTitle",[]]}
RESULT: undefined
COMMAND: POST /session/8528a3b8a3d94cb09d60657e161ca13a/element/f.1189DC93B98F8F633B92F8EF9BEFB9FA.d.2810A14520B991873C63C379DA56F125.e.2346/click - {}
COMMAND: POST /session/8528a3b8a3d94cb09d60657e161ca13a/element - {"using":"xpath","value":"//*[@id=\"backBtn\"]"}
RESULT: {"using":"xpath","value":"//*[@id=\"backBtn\"]"}
COMMAND: POST /session/8528a3b8a3d94cb09d60657e161ca13a/element/f.1189DC93B98F8F633B92F8EF9BEFB9FA.d.2810A14520B991873C63C379DA56F125.e.2346/click - {}
COMMAND: POST /session/8528a3b8a3d94cb09d60657e161ca13a/element - {"using":"xpath","value":"//*[@id=\"backBtn\"]"}
RESULT: {"using":"xpath","value":"//*[@id=\"backBtn\"]"}
COMMAND: POST /session/8528a3b8a3d94cb09d60657e161ca13a/element/f.1189DC93B98F8F633B92F8EF9BEFB9FA.d.2810A14520B991873C63C379DA56F125.e.2766/click - {}
RESULT: {}
COMMAND: GET /session/8528a3b8a3d94cb09d60657e161ca13a/screenshot - {}
RESULT: {}
]]></system-out>
    </testcase>
    <testcase classname="chrome.135_0_7049_96.windows.Sanity_Tests_US104253" name="Should open Manage Pricing Rules page" time="33.08">
      <system-out><![CDATA[
COMMAND: POST /session/8528a3b8a3d94cb09d60657e161ca13a/execute/async - {"script":"<script> [1562 bytes]","args":[{"selector":{"controlType":"sap.m.GenericTile","properties":{"header":"Manage Pricing Rules"}},"wdio_ui5_key":"sapm.GenericTile{\"header\":\"Manage Pricing Rules\"}"}]}
RESULT: {"script":"<script> [1562 bytes]","args":[{"selector":{"controlType":"sap.m.GenericTile","properties":{"header":"Manage Pricing Rules"}},"wdio_ui5_key":"sapm.GenericTile{\"header\":\"Manage Pricing Rules\"}"}]}
RESULT: undefined
COMMAND: POST /session/8528a3b8a3d94cb09d60657e161ca13a/element - {"using":"xpath","value":"//*[@id=\"__tile55\"]"}
RESULT: {"using":"xpath","value":"//*[@id=\"__tile55\"]"}
COMMAND: POST /session/8528a3b8a3d94cb09d60657e161ca13a/element/f.1189DC93B98F8F633B92F8EF9BEFB9FA.d.2810A14520B991873C63C379DA56F125.e.2768/click - {}
RESULT: {}
COMMAND: GET /session/8528a3b8a3d94cb09d60657e161ca13a/screenshot - {}
RESULT: {}
RESULT: undefined
COMMAND: POST /session/8528a3b8a3d94cb09d60657e161ca13a/element - {"using":"xpath","value":"//*[@id=\"__tile55\"]"}
RESULT: {"using":"xpath","value":"//*[@id=\"__tile55\"]"}
COMMAND: POST /session/8528a3b8a3d94cb09d60657e161ca13a/element/f.1189DC93B98F8F633B92F8EF9BEFB9FA.d.2810A14520B991873C63C379DA56F125.e.2768/click - {}
RESULT: undefined
COMMAND: POST /session/8528a3b8a3d94cb09d60657e161ca13a/element - {"using":"xpath","value":"//*[@id=\"__tile55\"]"}
RESULT: {"using":"xpath","value":"//*[@id=\"__tile55\"]"}
COMMAND: POST /session/8528a3b8a3d94cb09d60657e161ca13a/element/f.1189DC93B98F8F633B92F8EF9BEFB9FA.d.2810A14520B991873C63C379DA56F125.e.2768/click - {}
RESULT: undefined
COMMAND: POST /session/8528a3b8a3d94cb09d60657e161ca13a/execute/async - {"script":"<script> [6424 bytes]","args":[{"element-6066-11e4-a52e-4f735466cecf":"f.1189DC93B98F8F633B92F8EF9BEFB9FA.d.2810A14520B991873C63C379DA56F125.e.295"},"getTitle",[]]}
COMMAND: POST /session/8528a3b8a3d94cb09d60657e161ca13a/execute/async - {"script":"<script> [1562 bytes]","args":[{"selector":{"id":"shellAppTitle"},"wdio_ui5_key":"shellAppTitle"}]}
RESULT: {"script":"<script> [1562 bytes]","args":[{"selector":{"id":"shellAppTitle"},"wdio_ui5_key":"shellAppTitle"}]}
COMMAND: POST /session/8528a3b8a3d94cb09d60657e161ca13a/execute/async - {"script":"<script> [6424 bytes]","args":[{"element-6066-11e4-a52e-4f735466cecf":"f.1189DC93B98F8F633B92F8EF9BEFB9FA.d.2810A14520B991873C63C379DA56F125.e.2818"},"getTitle",[]]}
RESULT: {"script":"<script> [6424 bytes]","args":[{"element-6066-11e4-a52e-4f735466cecf":"f.1189DC93B98F8F633B92F8EF9BEFB9FA.d.2810A14520B991873C63C379DA56F125.e.2818"},"getTitle",[]]}
RESULT: undefined
COMMAND: POST /session/8528a3b8a3d94cb09d60657e161ca13a/element/f.1189DC93B98F8F633B92F8EF9BEFB9FA.d.2810A14520B991873C63C379DA56F125.e.2766/click - {}
RESULT: {}
COMMAND: GET /session/8528a3b8a3d94cb09d60657e161ca13a/screenshot - {}
RESULT: {}
]]></system-out>
    </testcase>
    <testcase classname="chrome.135_0_7049_96.windows.Sanity_Tests_US104253" name="Should open Manage Price Determination Matrices page" time="34.851">
      <system-out><![CDATA[
COMMAND: POST /session/8528a3b8a3d94cb09d60657e161ca13a/execute/async - {"script":"<script> [1562 bytes]","args":[{"selector":{"controlType":"sap.m.GenericTile","properties":{"header":"Manage Price Determination Matrices"}},"wdio_ui5_key":"sapm.GenericTile{\"header\":\"Manage Price Determination Matrices\"}"}]}
RESULT: {"script":"<script> [1562 bytes]","args":[{"selector":{"controlType":"sap.m.GenericTile","properties":{"header":"Manage Price Determination Matrices"}},"wdio_ui5_key":"sapm.GenericTile{\"header\":\"Manage Price Determination Matrices\"}"}]}
RESULT: undefined
COMMAND: POST /session/8528a3b8a3d94cb09d60657e161ca13a/element - {"using":"xpath","value":"//*[@id=\"__tile54\"]"}
RESULT: {"using":"xpath","value":"//*[@id=\"__tile54\"]"}
COMMAND: POST /session/8528a3b8a3d94cb09d60657e161ca13a/element/f.1189DC93B98F8F633B92F8EF9BEFB9FA.d.2810A14520B991873C63C379DA56F125.e.2820/click - {}
RESULT: {}
COMMAND: GET /session/8528a3b8a3d94cb09d60657e161ca13a/screenshot - {}
RESULT: {}
RESULT: undefined
COMMAND: POST /session/8528a3b8a3d94cb09d60657e161ca13a/element - {"using":"xpath","value":"//*[@id=\"__tile54\"]"}
RESULT: {"using":"xpath","value":"//*[@id=\"__tile54\"]"}
COMMAND: POST /session/8528a3b8a3d94cb09d60657e161ca13a/element/f.1189DC93B98F8F633B92F8EF9BEFB9FA.d.2810A14520B991873C63C379DA56F125.e.2820/click - {}
RESULT: undefined
COMMAND: POST /session/8528a3b8a3d94cb09d60657e161ca13a/element - {"using":"xpath","value":"//*[@id=\"__tile54\"]"}
RESULT: {"using":"xpath","value":"//*[@id=\"__tile54\"]"}
COMMAND: POST /session/8528a3b8a3d94cb09d60657e161ca13a/element/f.1189DC93B98F8F633B92F8EF9BEFB9FA.d.2810A14520B991873C63C379DA56F125.e.2820/click - {}
RESULT: undefined
COMMAND: POST /session/8528a3b8a3d94cb09d60657e161ca13a/execute/async - {"script":"<script> [6424 bytes]","args":[{"element-6066-11e4-a52e-4f735466cecf":"f.1189DC93B98F8F633B92F8EF9BEFB9FA.d.2810A14520B991873C63C379DA56F125.e.295"},"getTitle",[]]}
COMMAND: POST /session/8528a3b8a3d94cb09d60657e161ca13a/execute/async - {"script":"<script> [1562 bytes]","args":[{"selector":{"id":"shellAppTitle"},"wdio_ui5_key":"shellAppTitle"}]}
RESULT: {"script":"<script> [1562 bytes]","args":[{"selector":{"id":"shellAppTitle"},"wdio_ui5_key":"shellAppTitle"}]}
COMMAND: POST /session/8528a3b8a3d94cb09d60657e161ca13a/execute/async - {"script":"<script> [6424 bytes]","args":[{"element-6066-11e4-a52e-4f735466cecf":"f.1189DC93B98F8F633B92F8EF9BEFB9FA.d.2810A14520B991873C63C379DA56F125.e.2908"},"getTitle",[]]}
RESULT: {"script":"<script> [6424 bytes]","args":[{"element-6066-11e4-a52e-4f735466cecf":"f.1189DC93B98F8F633B92F8EF9BEFB9FA.d.2810A14520B991873C63C379DA56F125.e.2908"},"getTitle",[]]}
RESULT: undefined
COMMAND: POST /session/8528a3b8a3d94cb09d60657e161ca13a/element/f.1189DC93B98F8F633B92F8EF9BEFB9FA.d.2810A14520B991873C63C379DA56F125.e.2766/click - {}
COMMAND: POST /session/8528a3b8a3d94cb09d60657e161ca13a/element - {"using":"xpath","value":"//*[@id=\"backBtn\"]"}
RESULT: {"using":"xpath","value":"//*[@id=\"backBtn\"]"}
COMMAND: POST /session/8528a3b8a3d94cb09d60657e161ca13a/element/f.1189DC93B98F8F633B92F8EF9BEFB9FA.d.2810A14520B991873C63C379DA56F125.e.2766/click - {}
COMMAND: POST /session/8528a3b8a3d94cb09d60657e161ca13a/element - {"using":"xpath","value":"//*[@id=\"backBtn\"]"}
RESULT: {"using":"xpath","value":"//*[@id=\"backBtn\"]"}
COMMAND: POST /session/8528a3b8a3d94cb09d60657e161ca13a/element/f.1189DC93B98F8F633B92F8EF9BEFB9FA.d.2810A14520B991873C63C379DA56F125.e.2909/click - {}
RESULT: {}
COMMAND: GET /session/8528a3b8a3d94cb09d60657e161ca13a/screenshot - {}
RESULT: {}
]]></system-out>
    </testcase>
    <testcase classname="chrome.135_0_7049_96.windows.Sanity_Tests_US104253" name="Should open Yard Overview page" time="36.593">
      <system-out><![CDATA[
COMMAND: POST /session/8528a3b8a3d94cb09d60657e161ca13a/execute/async - {"script":"<script> [1562 bytes]","args":[{"selector":{"controlType":"sap.m.GenericTile","properties":{"header":"Yard Overview"}},"wdio_ui5_key":"sapm.GenericTile{\"header\":\"Yard Overview\"}"}]}
RESULT: {"script":"<script> [1562 bytes]","args":[{"selector":{"controlType":"sap.m.GenericTile","properties":{"header":"Yard Overview"}},"wdio_ui5_key":"sapm.GenericTile{\"header\":\"Yard Overview\"}"}]}
RESULT: undefined
COMMAND: POST /session/8528a3b8a3d94cb09d60657e161ca13a/element - {"using":"xpath","value":"//*[@id=\"__tile102\"]"}
RESULT: {"using":"xpath","value":"//*[@id=\"__tile102\"]"}
COMMAND: POST /session/8528a3b8a3d94cb09d60657e161ca13a/element/f.1189DC93B98F8F633B92F8EF9BEFB9FA.d.2810A14520B991873C63C379DA56F125.e.2911/click - {}
RESULT: {}
COMMAND: GET /session/8528a3b8a3d94cb09d60657e161ca13a/screenshot - {}
RESULT: {}
RESULT: undefined
COMMAND: POST /session/8528a3b8a3d94cb09d60657e161ca13a/element - {"using":"xpath","value":"//*[@id=\"__tile102\"]"}
RESULT: {"using":"xpath","value":"//*[@id=\"__tile102\"]"}
COMMAND: POST /session/8528a3b8a3d94cb09d60657e161ca13a/element/f.1189DC93B98F8F633B92F8EF9BEFB9FA.d.2810A14520B991873C63C379DA56F125.e.2911/click - {}
RESULT: undefined
COMMAND: POST /session/8528a3b8a3d94cb09d60657e161ca13a/element - {"using":"xpath","value":"//*[@id=\"__tile102\"]"}
RESULT: {"using":"xpath","value":"//*[@id=\"__tile102\"]"}
COMMAND: POST /session/8528a3b8a3d94cb09d60657e161ca13a/element/f.1189DC93B98F8F633B92F8EF9BEFB9FA.d.2810A14520B991873C63C379DA56F125.e.2911/click - {}
RESULT: undefined
COMMAND: POST /session/8528a3b8a3d94cb09d60657e161ca13a/execute/async - {"script":"<script> [6424 bytes]","args":[{"element-6066-11e4-a52e-4f735466cecf":"f.1189DC93B98F8F633B92F8EF9BEFB9FA.d.2810A14520B991873C63C379DA56F125.e.295"},"getTitle",[]]}
COMMAND: POST /session/8528a3b8a3d94cb09d60657e161ca13a/execute/async - {"script":"<script> [1562 bytes]","args":[{"selector":{"id":"shellAppTitle"},"wdio_ui5_key":"shellAppTitle"}]}
RESULT: {"script":"<script> [1562 bytes]","args":[{"selector":{"id":"shellAppTitle"},"wdio_ui5_key":"shellAppTitle"}]}
COMMAND: POST /session/8528a3b8a3d94cb09d60657e161ca13a/execute/async - {"script":"<script> [6424 bytes]","args":[{"element-6066-11e4-a52e-4f735466cecf":"f.1189DC93B98F8F633B92F8EF9BEFB9FA.d.2810A14520B991873C63C379DA56F125.e.2969"},"getTitle",[]]}
RESULT: {"script":"<script> [6424 bytes]","args":[{"element-6066-11e4-a52e-4f735466cecf":"f.1189DC93B98F8F633B92F8EF9BEFB9FA.d.2810A14520B991873C63C379DA56F125.e.2969"},"getTitle",[]]}
RESULT: undefined
COMMAND: POST /session/8528a3b8a3d94cb09d60657e161ca13a/element/f.1189DC93B98F8F633B92F8EF9BEFB9FA.d.2810A14520B991873C63C379DA56F125.e.2909/click - {}
RESULT: {}
COMMAND: GET /session/8528a3b8a3d94cb09d60657e161ca13a/screenshot - {}
RESULT: {}
]]></system-out>
    </testcase>
    <testcase classname="chrome.135_0_7049_96.windows.Sanity_Tests_US104253" name="Should open Site Overview page" time="36.288">
      <system-out><![CDATA[
COMMAND: POST /session/8528a3b8a3d94cb09d60657e161ca13a/execute/async - {"script":"<script> [1562 bytes]","args":[{"selector":{"controlType":"sap.m.GenericTile","properties":{"header":"Site Overview"}},"wdio_ui5_key":"sapm.GenericTile{\"header\":\"Site Overview\"}"}]}
RESULT: {"script":"<script> [1562 bytes]","args":[{"selector":{"controlType":"sap.m.GenericTile","properties":{"header":"Site Overview"}},"wdio_ui5_key":"sapm.GenericTile{\"header\":\"Site Overview\"}"}]}
RESULT: undefined
COMMAND: POST /session/8528a3b8a3d94cb09d60657e161ca13a/element - {"using":"xpath","value":"//*[@id=\"__tile100\"]"}
RESULT: {"using":"xpath","value":"//*[@id=\"__tile100\"]"}
COMMAND: POST /session/8528a3b8a3d94cb09d60657e161ca13a/element/f.1189DC93B98F8F633B92F8EF9BEFB9FA.d.2810A14520B991873C63C379DA56F125.e.2972/click - {}
RESULT: {}
COMMAND: GET /session/8528a3b8a3d94cb09d60657e161ca13a/screenshot - {}
RESULT: {}
RESULT: undefined
COMMAND: POST /session/8528a3b8a3d94cb09d60657e161ca13a/element - {"using":"xpath","value":"//*[@id=\"__tile100\"]"}
RESULT: {"using":"xpath","value":"//*[@id=\"__tile100\"]"}
COMMAND: POST /session/8528a3b8a3d94cb09d60657e161ca13a/element/f.1189DC93B98F8F633B92F8EF9BEFB9FA.d.2810A14520B991873C63C379DA56F125.e.2972/click - {}
RESULT: undefined
COMMAND: POST /session/8528a3b8a3d94cb09d60657e161ca13a/element - {"using":"xpath","value":"//*[@id=\"__tile100\"]"}
RESULT: {"using":"xpath","value":"//*[@id=\"__tile100\"]"}
COMMAND: POST /session/8528a3b8a3d94cb09d60657e161ca13a/element/f.1189DC93B98F8F633B92F8EF9BEFB9FA.d.2810A14520B991873C63C379DA56F125.e.2972/click - {}
RESULT: undefined
COMMAND: POST /session/8528a3b8a3d94cb09d60657e161ca13a/execute/async - {"script":"<script> [6424 bytes]","args":[{"element-6066-11e4-a52e-4f735466cecf":"f.1189DC93B98F8F633B92F8EF9BEFB9FA.d.2810A14520B991873C63C379DA56F125.e.295"},"getTitle",[]]}
COMMAND: POST /session/8528a3b8a3d94cb09d60657e161ca13a/execute/async - {"script":"<script> [1562 bytes]","args":[{"selector":{"id":"shellAppTitle"},"wdio_ui5_key":"shellAppTitle"}]}
RESULT: {"script":"<script> [1562 bytes]","args":[{"selector":{"id":"shellAppTitle"},"wdio_ui5_key":"shellAppTitle"}]}
COMMAND: POST /session/8528a3b8a3d94cb09d60657e161ca13a/execute/async - {"script":"<script> [6424 bytes]","args":[{"element-6066-11e4-a52e-4f735466cecf":"f.1189DC93B98F8F633B92F8EF9BEFB9FA.d.2810A14520B991873C63C379DA56F125.e.3088"},"getTitle",[]]}
RESULT: {"script":"<script> [6424 bytes]","args":[{"element-6066-11e4-a52e-4f735466cecf":"f.1189DC93B98F8F633B92F8EF9BEFB9FA.d.2810A14520B991873C63C379DA56F125.e.3088"},"getTitle",[]]}
RESULT: undefined
COMMAND: POST /session/8528a3b8a3d94cb09d60657e161ca13a/element/f.1189DC93B98F8F633B92F8EF9BEFB9FA.d.2810A14520B991873C63C379DA56F125.e.2909/click - {}
COMMAND: POST /session/8528a3b8a3d94cb09d60657e161ca13a/element - {"using":"xpath","value":"//*[@id=\"backBtn\"]"}
RESULT: {"using":"xpath","value":"//*[@id=\"backBtn\"]"}
COMMAND: POST /session/8528a3b8a3d94cb09d60657e161ca13a/element/f.1189DC93B98F8F633B92F8EF9BEFB9FA.d.2810A14520B991873C63C379DA56F125.e.2909/click - {}
COMMAND: POST /session/8528a3b8a3d94cb09d60657e161ca13a/element - {"using":"xpath","value":"//*[@id=\"backBtn\"]"}
RESULT: {"using":"xpath","value":"//*[@id=\"backBtn\"]"}
COMMAND: POST /session/8528a3b8a3d94cb09d60657e161ca13a/element/f.1189DC93B98F8F633B92F8EF9BEFB9FA.d.2810A14520B991873C63C379DA56F125.e.3089/click - {}
RESULT: {}
COMMAND: GET /session/8528a3b8a3d94cb09d60657e161ca13a/screenshot - {}
RESULT: {}
]]></system-out>
    </testcase>
    <testcase classname="chrome.135_0_7049_96.windows.Sanity_Tests_US104253" name="Should open Trace Track Resources page" time="35.671">
      <system-out><![CDATA[
COMMAND: POST /session/8528a3b8a3d94cb09d60657e161ca13a/execute/async - {"script":"<script> [1562 bytes]","args":[{"selector":{"controlType":"sap.m.GenericTile","properties":{"header":"Trace & Track Resources"}},"wdio_ui5_key":"sapm.GenericTile{\"header\":\"Trace & Track Resources\"}"}]}
RESULT: {"script":"<script> [1562 bytes]","args":[{"selector":{"controlType":"sap.m.GenericTile","properties":{"header":"Trace & Track Resources"}},"wdio_ui5_key":"sapm.GenericTile{\"header\":\"Trace & Track Resources\"}"}]}
RESULT: undefined
COMMAND: POST /session/8528a3b8a3d94cb09d60657e161ca13a/element - {"using":"xpath","value":"//*[@id=\"__tile101\"]"}
RESULT: {"using":"xpath","value":"//*[@id=\"__tile101\"]"}
COMMAND: POST /session/8528a3b8a3d94cb09d60657e161ca13a/element/f.1189DC93B98F8F633B92F8EF9BEFB9FA.d.2810A14520B991873C63C379DA56F125.e.3091/click - {}
RESULT: {}
COMMAND: GET /session/8528a3b8a3d94cb09d60657e161ca13a/screenshot - {}
RESULT: {}
RESULT: undefined
COMMAND: POST /session/8528a3b8a3d94cb09d60657e161ca13a/element - {"using":"xpath","value":"//*[@id=\"__tile101\"]"}
RESULT: {"using":"xpath","value":"//*[@id=\"__tile101\"]"}
COMMAND: POST /session/8528a3b8a3d94cb09d60657e161ca13a/element/f.1189DC93B98F8F633B92F8EF9BEFB9FA.d.2810A14520B991873C63C379DA56F125.e.3091/click - {}
RESULT: undefined
COMMAND: POST /session/8528a3b8a3d94cb09d60657e161ca13a/element - {"using":"xpath","value":"//*[@id=\"__tile101\"]"}
RESULT: {"using":"xpath","value":"//*[@id=\"__tile101\"]"}
COMMAND: POST /session/8528a3b8a3d94cb09d60657e161ca13a/element/f.1189DC93B98F8F633B92F8EF9BEFB9FA.d.2810A14520B991873C63C379DA56F125.e.3091/click - {}
RESULT: undefined
COMMAND: POST /session/8528a3b8a3d94cb09d60657e161ca13a/execute/async - {"script":"<script> [6424 bytes]","args":[{"element-6066-11e4-a52e-4f735466cecf":"f.1189DC93B98F8F633B92F8EF9BEFB9FA.d.2810A14520B991873C63C379DA56F125.e.295"},"getTitle",[]]}
COMMAND: POST /session/8528a3b8a3d94cb09d60657e161ca13a/execute/async - {"script":"<script> [1562 bytes]","args":[{"selector":{"id":"shellAppTitle"},"wdio_ui5_key":"shellAppTitle"}]}
RESULT: {"script":"<script> [1562 bytes]","args":[{"selector":{"id":"shellAppTitle"},"wdio_ui5_key":"shellAppTitle"}]}
COMMAND: POST /session/8528a3b8a3d94cb09d60657e161ca13a/execute/async - {"script":"<script> [6424 bytes]","args":[{"element-6066-11e4-a52e-4f735466cecf":"f.1189DC93B98F8F633B92F8EF9BEFB9FA.d.2810A14520B991873C63C379DA56F125.e.3119"},"getTitle",[]]}
RESULT: {"script":"<script> [6424 bytes]","args":[{"element-6066-11e4-a52e-4f735466cecf":"f.1189DC93B98F8F633B92F8EF9BEFB9FA.d.2810A14520B991873C63C379DA56F125.e.3119"},"getTitle",[]]}
RESULT: undefined
COMMAND: POST /session/8528a3b8a3d94cb09d60657e161ca13a/element/f.1189DC93B98F8F633B92F8EF9BEFB9FA.d.2810A14520B991873C63C379DA56F125.e.3089/click - {}
RESULT: {}
COMMAND: GET /session/8528a3b8a3d94cb09d60657e161ca13a/screenshot - {}
RESULT: {}
]]></system-out>
    </testcase>
    <testcase classname="chrome.135_0_7049_96.windows.Sanity_Tests_US104253" name="Should open RU Inventory List page" time="34.588">
      <system-out><![CDATA[
COMMAND: POST /session/8528a3b8a3d94cb09d60657e161ca13a/execute/async - {"script":"<script> [1562 bytes]","args":[{"selector":{"controlType":"sap.m.GenericTile","properties":{"header":"RU Inventory List"}},"wdio_ui5_key":"sapm.GenericTile{\"header\":\"RU Inventory List\"}"}]}
RESULT: {"script":"<script> [1562 bytes]","args":[{"selector":{"controlType":"sap.m.GenericTile","properties":{"header":"RU Inventory List"}},"wdio_ui5_key":"sapm.GenericTile{\"header\":\"RU Inventory List\"}"}]}
RESULT: undefined
COMMAND: POST /session/8528a3b8a3d94cb09d60657e161ca13a/element - {"using":"xpath","value":"//*[@id=\"__tile99\"]"}
RESULT: {"using":"xpath","value":"//*[@id=\"__tile99\"]"}
COMMAND: POST /session/8528a3b8a3d94cb09d60657e161ca13a/element/f.1189DC93B98F8F633B92F8EF9BEFB9FA.d.2810A14520B991873C63C379DA56F125.e.3121/click - {}
RESULT: {}
COMMAND: GET /session/8528a3b8a3d94cb09d60657e161ca13a/screenshot - {}
RESULT: {}
RESULT: undefined
COMMAND: POST /session/8528a3b8a3d94cb09d60657e161ca13a/element - {"using":"xpath","value":"//*[@id=\"__tile99\"]"}
RESULT: {"using":"xpath","value":"//*[@id=\"__tile99\"]"}
COMMAND: POST /session/8528a3b8a3d94cb09d60657e161ca13a/element/f.1189DC93B98F8F633B92F8EF9BEFB9FA.d.2810A14520B991873C63C379DA56F125.e.3121/click - {}
RESULT: undefined
COMMAND: POST /session/8528a3b8a3d94cb09d60657e161ca13a/element - {"using":"xpath","value":"//*[@id=\"__tile99\"]"}
RESULT: {"using":"xpath","value":"//*[@id=\"__tile99\"]"}
COMMAND: POST /session/8528a3b8a3d94cb09d60657e161ca13a/element/f.1189DC93B98F8F633B92F8EF9BEFB9FA.d.2810A14520B991873C63C379DA56F125.e.3121/click - {}
RESULT: undefined
COMMAND: POST /session/8528a3b8a3d94cb09d60657e161ca13a/execute/async - {"script":"<script> [6424 bytes]","args":[{"element-6066-11e4-a52e-4f735466cecf":"f.1189DC93B98F8F633B92F8EF9BEFB9FA.d.2810A14520B991873C63C379DA56F125.e.295"},"getTitle",[]]}
COMMAND: POST /session/8528a3b8a3d94cb09d60657e161ca13a/execute/async - {"script":"<script> [1562 bytes]","args":[{"selector":{"id":"shellAppTitle"},"wdio_ui5_key":"shellAppTitle"}]}
RESULT: {"script":"<script> [1562 bytes]","args":[{"selector":{"id":"shellAppTitle"},"wdio_ui5_key":"shellAppTitle"}]}
COMMAND: POST /session/8528a3b8a3d94cb09d60657e161ca13a/execute/async - {"script":"<script> [6424 bytes]","args":[{"element-6066-11e4-a52e-4f735466cecf":"f.1189DC93B98F8F633B92F8EF9BEFB9FA.d.2810A14520B991873C63C379DA56F125.e.3310"},"getTitle",[]]}
RESULT: {"script":"<script> [6424 bytes]","args":[{"element-6066-11e4-a52e-4f735466cecf":"f.1189DC93B98F8F633B92F8EF9BEFB9FA.d.2810A14520B991873C63C379DA56F125.e.3310"},"getTitle",[]]}
RESULT: undefined
COMMAND: POST /session/8528a3b8a3d94cb09d60657e161ca13a/element/f.1189DC93B98F8F633B92F8EF9BEFB9FA.d.2810A14520B991873C63C379DA56F125.e.3089/click - {}
COMMAND: POST /session/8528a3b8a3d94cb09d60657e161ca13a/element - {"using":"xpath","value":"//*[@id=\"backBtn\"]"}
RESULT: {"using":"xpath","value":"//*[@id=\"backBtn\"]"}
COMMAND: POST /session/8528a3b8a3d94cb09d60657e161ca13a/element/f.1189DC93B98F8F633B92F8EF9BEFB9FA.d.2810A14520B991873C63C379DA56F125.e.3089/click - {}
COMMAND: POST /session/8528a3b8a3d94cb09d60657e161ca13a/element - {"using":"xpath","value":"//*[@id=\"backBtn\"]"}
RESULT: {"using":"xpath","value":"//*[@id=\"backBtn\"]"}
COMMAND: POST /session/8528a3b8a3d94cb09d60657e161ca13a/element/f.1189DC93B98F8F633B92F8EF9BEFB9FA.d.2810A14520B991873C63C379DA56F125.e.3311/click - {}
RESULT: {}
COMMAND: GET /session/8528a3b8a3d94cb09d60657e161ca13a/screenshot - {}
RESULT: {}
]]></system-out>
    </testcase>
    <testcase classname="chrome.135_0_7049_96.windows.Sanity_Tests_US104253" name="Should open Contracts Dashboard page" time="43.77">
      <system-out><![CDATA[
COMMAND: POST /session/8528a3b8a3d94cb09d60657e161ca13a/execute/async - {"script":"<script> [1562 bytes]","args":[{"selector":{"controlType":"sap.m.GenericTile","properties":{"header":"Contracts Dashboard"}},"wdio_ui5_key":"sapm.GenericTile{\"header\":\"Contracts Dashboard\"}"}]}
RESULT: {"script":"<script> [1562 bytes]","args":[{"selector":{"controlType":"sap.m.GenericTile","properties":{"header":"Contracts Dashboard"}},"wdio_ui5_key":"sapm.GenericTile{\"header\":\"Contracts Dashboard\"}"}]}
RESULT: undefined
COMMAND: POST /session/8528a3b8a3d94cb09d60657e161ca13a/element - {"using":"xpath","value":"//*[@id=\"__tile97\"]"}
RESULT: {"using":"xpath","value":"//*[@id=\"__tile97\"]"}
COMMAND: POST /session/8528a3b8a3d94cb09d60657e161ca13a/element/f.1189DC93B98F8F633B92F8EF9BEFB9FA.d.2810A14520B991873C63C379DA56F125.e.3313/click - {}
RESULT: {}
COMMAND: GET /session/8528a3b8a3d94cb09d60657e161ca13a/screenshot - {}
RESULT: {}
RESULT: undefined
COMMAND: POST /session/8528a3b8a3d94cb09d60657e161ca13a/element - {"using":"xpath","value":"//*[@id=\"__tile97\"]"}
RESULT: {"using":"xpath","value":"//*[@id=\"__tile97\"]"}
COMMAND: POST /session/8528a3b8a3d94cb09d60657e161ca13a/element/f.1189DC93B98F8F633B92F8EF9BEFB9FA.d.2810A14520B991873C63C379DA56F125.e.3313/click - {}
RESULT: undefined
COMMAND: POST /session/8528a3b8a3d94cb09d60657e161ca13a/element - {"using":"xpath","value":"//*[@id=\"__tile97\"]"}
RESULT: {"using":"xpath","value":"//*[@id=\"__tile97\"]"}
COMMAND: POST /session/8528a3b8a3d94cb09d60657e161ca13a/element/f.1189DC93B98F8F633B92F8EF9BEFB9FA.d.2810A14520B991873C63C379DA56F125.e.3313/click - {}
RESULT: undefined
COMMAND: POST /session/8528a3b8a3d94cb09d60657e161ca13a/execute/async - {"script":"<script> [6424 bytes]","args":[{"element-6066-11e4-a52e-4f735466cecf":"f.1189DC93B98F8F633B92F8EF9BEFB9FA.d.2810A14520B991873C63C379DA56F125.e.295"},"getTitle",[]]}
COMMAND: POST /session/8528a3b8a3d94cb09d60657e161ca13a/execute/async - {"script":"<script> [1562 bytes]","args":[{"selector":{"id":"shellAppTitle"},"wdio_ui5_key":"shellAppTitle"}]}
RESULT: {"script":"<script> [1562 bytes]","args":[{"selector":{"id":"shellAppTitle"},"wdio_ui5_key":"shellAppTitle"}]}
COMMAND: POST /session/8528a3b8a3d94cb09d60657e161ca13a/execute/async - {"script":"<script> [6424 bytes]","args":[{"element-6066-11e4-a52e-4f735466cecf":"f.1189DC93B98F8F633B92F8EF9BEFB9FA.d.2810A14520B991873C63C379DA56F125.e.3336"},"getTitle",[]]}
RESULT: {"script":"<script> [6424 bytes]","args":[{"element-6066-11e4-a52e-4f735466cecf":"f.1189DC93B98F8F633B92F8EF9BEFB9FA.d.2810A14520B991873C63C379DA56F125.e.3336"},"getTitle",[]]}
RESULT: undefined
COMMAND: POST /session/8528a3b8a3d94cb09d60657e161ca13a/element/f.1189DC93B98F8F633B92F8EF9BEFB9FA.d.2810A14520B991873C63C379DA56F125.e.3311/click - {}
RESULT: {}
COMMAND: GET /session/8528a3b8a3d94cb09d60657e161ca13a/screenshot - {}
RESULT: {}
]]></system-out>
    </testcase>
    <testcase classname="chrome.135_0_7049_96.windows.Sanity_Tests_US104253" name="Should open Bin Status Report page" time="36.234">
      <system-out><![CDATA[
COMMAND: POST /session/8528a3b8a3d94cb09d60657e161ca13a/execute/async - {"script":"<script> [1562 bytes]","args":[{"selector":{"controlType":"sap.m.GenericTile","properties":{"header":"Bin Status Report"}},"wdio_ui5_key":"sapm.GenericTile{\"header\":\"Bin Status Report\"}"}]}
RESULT: {"script":"<script> [1562 bytes]","args":[{"selector":{"controlType":"sap.m.GenericTile","properties":{"header":"Bin Status Report"}},"wdio_ui5_key":"sapm.GenericTile{\"header\":\"Bin Status Report\"}"}]}
RESULT: undefined
COMMAND: POST /session/8528a3b8a3d94cb09d60657e161ca13a/element - {"using":"xpath","value":"//*[@id=\"__tile104\"]"}
RESULT: {"using":"xpath","value":"//*[@id=\"__tile104\"]"}
COMMAND: POST /session/8528a3b8a3d94cb09d60657e161ca13a/element/f.1189DC93B98F8F633B92F8EF9BEFB9FA.d.2810A14520B991873C63C379DA56F125.e.3338/click - {}
RESULT: {}
COMMAND: GET /session/8528a3b8a3d94cb09d60657e161ca13a/screenshot - {}
RESULT: {}
RESULT: undefined
COMMAND: POST /session/8528a3b8a3d94cb09d60657e161ca13a/element - {"using":"xpath","value":"//*[@id=\"__tile104\"]"}
RESULT: {"using":"xpath","value":"//*[@id=\"__tile104\"]"}
COMMAND: POST /session/8528a3b8a3d94cb09d60657e161ca13a/element/f.1189DC93B98F8F633B92F8EF9BEFB9FA.d.2810A14520B991873C63C379DA56F125.e.3338/click - {}
RESULT: undefined
COMMAND: POST /session/8528a3b8a3d94cb09d60657e161ca13a/element - {"using":"xpath","value":"//*[@id=\"__tile104\"]"}
RESULT: {"using":"xpath","value":"//*[@id=\"__tile104\"]"}
COMMAND: POST /session/8528a3b8a3d94cb09d60657e161ca13a/element/f.1189DC93B98F8F633B92F8EF9BEFB9FA.d.2810A14520B991873C63C379DA56F125.e.3338/click - {}
RESULT: undefined
COMMAND: POST /session/8528a3b8a3d94cb09d60657e161ca13a/execute/async - {"script":"<script> [6424 bytes]","args":[{"element-6066-11e4-a52e-4f735466cecf":"f.1189DC93B98F8F633B92F8EF9BEFB9FA.d.2810A14520B991873C63C379DA56F125.e.295"},"getTitle",[]]}
COMMAND: POST /session/8528a3b8a3d94cb09d60657e161ca13a/execute/async - {"script":"<script> [1562 bytes]","args":[{"selector":{"id":"shellAppTitle"},"wdio_ui5_key":"shellAppTitle"}]}
RESULT: {"script":"<script> [1562 bytes]","args":[{"selector":{"id":"shellAppTitle"},"wdio_ui5_key":"shellAppTitle"}]}
COMMAND: POST /session/8528a3b8a3d94cb09d60657e161ca13a/execute/async - {"script":"<script> [6424 bytes]","args":[{"element-6066-11e4-a52e-4f735466cecf":"f.1189DC93B98F8F633B92F8EF9BEFB9FA.d.2810A14520B991873C63C379DA56F125.e.3424"},"getTitle",[]]}
RESULT: {"script":"<script> [6424 bytes]","args":[{"element-6066-11e4-a52e-4f735466cecf":"f.1189DC93B98F8F633B92F8EF9BEFB9FA.d.2810A14520B991873C63C379DA56F125.e.3424"},"getTitle",[]]}
RESULT: undefined
COMMAND: POST /session/8528a3b8a3d94cb09d60657e161ca13a/element/f.1189DC93B98F8F633B92F8EF9BEFB9FA.d.2810A14520B991873C63C379DA56F125.e.3311/click - {}
COMMAND: POST /session/8528a3b8a3d94cb09d60657e161ca13a/element - {"using":"xpath","value":"//*[@id=\"backBtn\"]"}
RESULT: {"using":"xpath","value":"//*[@id=\"backBtn\"]"}
COMMAND: POST /session/8528a3b8a3d94cb09d60657e161ca13a/element/f.1189DC93B98F8F633B92F8EF9BEFB9FA.d.2810A14520B991873C63C379DA56F125.e.3311/click - {}
COMMAND: POST /session/8528a3b8a3d94cb09d60657e161ca13a/element - {"using":"xpath","value":"//*[@id=\"backBtn\"]"}
RESULT: {"using":"xpath","value":"//*[@id=\"backBtn\"]"}
COMMAND: POST /session/8528a3b8a3d94cb09d60657e161ca13a/element/f.1189DC93B98F8F633B92F8EF9BEFB9FA.d.2810A14520B991873C63C379DA56F125.e.3425/click - {}
RESULT: {}
COMMAND: GET /session/8528a3b8a3d94cb09d60657e161ca13a/screenshot - {}
RESULT: {}
]]></system-out>
    </testcase>
    <testcase classname="chrome.135_0_7049_96.windows.Sanity_Tests_US104253" name="Should open Manage Warehouse Movements page" time="35.124">
      <system-out><![CDATA[
COMMAND: POST /session/8528a3b8a3d94cb09d60657e161ca13a/execute/async - {"script":"<script> [1562 bytes]","args":[{"selector":{"controlType":"sap.m.GenericTile","properties":{"header":"Manage Warehouse Movements"}},"wdio_ui5_key":"sapm.GenericTile{\"header\":\"Manage Warehouse Movements\"}"}]}
RESULT: {"script":"<script> [1562 bytes]","args":[{"selector":{"controlType":"sap.m.GenericTile","properties":{"header":"Manage Warehouse Movements"}},"wdio_ui5_key":"sapm.GenericTile{\"header\":\"Manage Warehouse Movements\"}"}]}
RESULT: undefined
COMMAND: POST /session/8528a3b8a3d94cb09d60657e161ca13a/element - {"using":"xpath","value":"//*[@id=\"__tile105\"]"}
RESULT: {"using":"xpath","value":"//*[@id=\"__tile105\"]"}
COMMAND: POST /session/8528a3b8a3d94cb09d60657e161ca13a/element/f.1189DC93B98F8F633B92F8EF9BEFB9FA.d.2810A14520B991873C63C379DA56F125.e.3429/click - {}
RESULT: {}
COMMAND: GET /session/8528a3b8a3d94cb09d60657e161ca13a/screenshot - {}
RESULT: {}
RESULT: undefined
COMMAND: POST /session/8528a3b8a3d94cb09d60657e161ca13a/element - {"using":"xpath","value":"//*[@id=\"__tile105\"]"}
RESULT: {"using":"xpath","value":"//*[@id=\"__tile105\"]"}
COMMAND: POST /session/8528a3b8a3d94cb09d60657e161ca13a/element/f.1189DC93B98F8F633B92F8EF9BEFB9FA.d.2810A14520B991873C63C379DA56F125.e.3429/click - {}
RESULT: undefined
COMMAND: POST /session/8528a3b8a3d94cb09d60657e161ca13a/element - {"using":"xpath","value":"//*[@id=\"__tile105\"]"}
RESULT: {"using":"xpath","value":"//*[@id=\"__tile105\"]"}
COMMAND: POST /session/8528a3b8a3d94cb09d60657e161ca13a/element/f.1189DC93B98F8F633B92F8EF9BEFB9FA.d.2810A14520B991873C63C379DA56F125.e.3429/click - {}
RESULT: undefined
COMMAND: POST /session/8528a3b8a3d94cb09d60657e161ca13a/execute/async - {"script":"<script> [6424 bytes]","args":[{"element-6066-11e4-a52e-4f735466cecf":"f.1189DC93B98F8F633B92F8EF9BEFB9FA.d.2810A14520B991873C63C379DA56F125.e.295"},"getTitle",[]]}
COMMAND: POST /session/8528a3b8a3d94cb09d60657e161ca13a/execute/async - {"script":"<script> [1562 bytes]","args":[{"selector":{"id":"shellAppTitle"},"wdio_ui5_key":"shellAppTitle"}]}
RESULT: {"script":"<script> [1562 bytes]","args":[{"selector":{"id":"shellAppTitle"},"wdio_ui5_key":"shellAppTitle"}]}
COMMAND: POST /session/8528a3b8a3d94cb09d60657e161ca13a/execute/async - {"script":"<script> [6424 bytes]","args":[{"element-6066-11e4-a52e-4f735466cecf":"f.1189DC93B98F8F633B92F8EF9BEFB9FA.d.2810A14520B991873C63C379DA56F125.e.3518"},"getTitle",[]]}
RESULT: {"script":"<script> [6424 bytes]","args":[{"element-6066-11e4-a52e-4f735466cecf":"f.1189DC93B98F8F633B92F8EF9BEFB9FA.d.2810A14520B991873C63C379DA56F125.e.3518"},"getTitle",[]]}
RESULT: undefined
COMMAND: POST /session/8528a3b8a3d94cb09d60657e161ca13a/element/f.1189DC93B98F8F633B92F8EF9BEFB9FA.d.2810A14520B991873C63C379DA56F125.e.3425/click - {}
RESULT: {}
COMMAND: GET /session/8528a3b8a3d94cb09d60657e161ca13a/screenshot - {}
RESULT: {}
]]></system-out>
    </testcase>
    <testcase classname="chrome.135_0_7049_96.windows.Sanity_Tests_US104253" name="Should open Bin Inventory List page" time="38.235">
      <system-out><![CDATA[
COMMAND: POST /session/8528a3b8a3d94cb09d60657e161ca13a/execute/async - {"script":"<script> [1562 bytes]","args":[{"selector":{"controlType":"sap.m.GenericTile","properties":{"header":"Bin Inventory List"}},"wdio_ui5_key":"sapm.GenericTile{\"header\":\"Bin Inventory List\"}"}]}
RESULT: {"script":"<script> [1562 bytes]","args":[{"selector":{"controlType":"sap.m.GenericTile","properties":{"header":"Bin Inventory List"}},"wdio_ui5_key":"sapm.GenericTile{\"header\":\"Bin Inventory List\"}"}]}
RESULT: undefined
COMMAND: POST /session/8528a3b8a3d94cb09d60657e161ca13a/element - {"using":"xpath","value":"//*[@id=\"__tile103\"]"}
RESULT: {"using":"xpath","value":"//*[@id=\"__tile103\"]"}
COMMAND: POST /session/8528a3b8a3d94cb09d60657e161ca13a/element/f.1189DC93B98F8F633B92F8EF9BEFB9FA.d.2810A14520B991873C63C379DA56F125.e.3520/click - {}
RESULT: {}
COMMAND: GET /session/8528a3b8a3d94cb09d60657e161ca13a/screenshot - {}
RESULT: {}
RESULT: undefined
COMMAND: POST /session/8528a3b8a3d94cb09d60657e161ca13a/element - {"using":"xpath","value":"//*[@id=\"__tile103\"]"}
RESULT: {"using":"xpath","value":"//*[@id=\"__tile103\"]"}
COMMAND: POST /session/8528a3b8a3d94cb09d60657e161ca13a/element/f.1189DC93B98F8F633B92F8EF9BEFB9FA.d.2810A14520B991873C63C379DA56F125.e.3520/click - {}
RESULT: undefined
COMMAND: POST /session/8528a3b8a3d94cb09d60657e161ca13a/element - {"using":"xpath","value":"//*[@id=\"__tile103\"]"}
RESULT: {"using":"xpath","value":"//*[@id=\"__tile103\"]"}
COMMAND: POST /session/8528a3b8a3d94cb09d60657e161ca13a/element/f.1189DC93B98F8F633B92F8EF9BEFB9FA.d.2810A14520B991873C63C379DA56F125.e.3520/click - {}
RESULT: undefined
COMMAND: POST /session/8528a3b8a3d94cb09d60657e161ca13a/execute/async - {"script":"<script> [6424 bytes]","args":[{"element-6066-11e4-a52e-4f735466cecf":"f.1189DC93B98F8F633B92F8EF9BEFB9FA.d.2810A14520B991873C63C379DA56F125.e.295"},"getTitle",[]]}
COMMAND: POST /session/8528a3b8a3d94cb09d60657e161ca13a/execute/async - {"script":"<script> [1562 bytes]","args":[{"selector":{"id":"shellAppTitle"},"wdio_ui5_key":"shellAppTitle"}]}
RESULT: {"script":"<script> [1562 bytes]","args":[{"selector":{"id":"shellAppTitle"},"wdio_ui5_key":"shellAppTitle"}]}
COMMAND: POST /session/8528a3b8a3d94cb09d60657e161ca13a/execute/async - {"script":"<script> [6424 bytes]","args":[{"element-6066-11e4-a52e-4f735466cecf":"f.1189DC93B98F8F633B92F8EF9BEFB9FA.d.2810A14520B991873C63C379DA56F125.e.3599"},"getTitle",[]]}
RESULT: {"script":"<script> [6424 bytes]","args":[{"element-6066-11e4-a52e-4f735466cecf":"f.1189DC93B98F8F633B92F8EF9BEFB9FA.d.2810A14520B991873C63C379DA56F125.e.3599"},"getTitle",[]]}
RESULT: undefined
COMMAND: POST /session/8528a3b8a3d94cb09d60657e161ca13a/element/f.1189DC93B98F8F633B92F8EF9BEFB9FA.d.2810A14520B991873C63C379DA56F125.e.3425/click - {}
COMMAND: POST /session/8528a3b8a3d94cb09d60657e161ca13a/element - {"using":"xpath","value":"//*[@id=\"backBtn\"]"}
RESULT: {"using":"xpath","value":"//*[@id=\"backBtn\"]"}
COMMAND: POST /session/8528a3b8a3d94cb09d60657e161ca13a/element/f.1189DC93B98F8F633B92F8EF9BEFB9FA.d.2810A14520B991873C63C379DA56F125.e.3425/click - {}
COMMAND: POST /session/8528a3b8a3d94cb09d60657e161ca13a/element - {"using":"xpath","value":"//*[@id=\"backBtn\"]"}
RESULT: {"using":"xpath","value":"//*[@id=\"backBtn\"]"}
COMMAND: POST /session/8528a3b8a3d94cb09d60657e161ca13a/element/f.1189DC93B98F8F633B92F8EF9BEFB9FA.d.2810A14520B991873C63C379DA56F125.e.3600/click - {}
RESULT: {}
COMMAND: GET /session/8528a3b8a3d94cb09d60657e161ca13a/screenshot - {}
RESULT: {}
]]></system-out>
    </testcase>
    <testcase classname="chrome.135_0_7049_96.windows.Sanity_Tests_US104253" name="Should open ISC Templates page" time="32.581">
      <system-out><![CDATA[
COMMAND: POST /session/8528a3b8a3d94cb09d60657e161ca13a/execute/async - {"script":"<script> [1562 bytes]","args":[{"selector":{"controlType":"sap.m.GenericTile","properties":{"header":"ISC Templates"}},"wdio_ui5_key":"sapm.GenericTile{\"header\":\"ISC Templates\"}"}]}
RESULT: {"script":"<script> [1562 bytes]","args":[{"selector":{"controlType":"sap.m.GenericTile","properties":{"header":"ISC Templates"}},"wdio_ui5_key":"sapm.GenericTile{\"header\":\"ISC Templates\"}"}]}
RESULT: undefined
COMMAND: POST /session/8528a3b8a3d94cb09d60657e161ca13a/element - {"using":"xpath","value":"//*[@id=\"__tile111\"]"}
RESULT: {"using":"xpath","value":"//*[@id=\"__tile111\"]"}
COMMAND: POST /session/8528a3b8a3d94cb09d60657e161ca13a/element/f.1189DC93B98F8F633B92F8EF9BEFB9FA.d.2810A14520B991873C63C379DA56F125.e.3602/click - {}
RESULT: {}
COMMAND: GET /session/8528a3b8a3d94cb09d60657e161ca13a/screenshot - {}
RESULT: {}
RESULT: undefined
COMMAND: POST /session/8528a3b8a3d94cb09d60657e161ca13a/element - {"using":"xpath","value":"//*[@id=\"__tile111\"]"}
RESULT: {"using":"xpath","value":"//*[@id=\"__tile111\"]"}
COMMAND: POST /session/8528a3b8a3d94cb09d60657e161ca13a/element/f.1189DC93B98F8F633B92F8EF9BEFB9FA.d.2810A14520B991873C63C379DA56F125.e.3602/click - {}
RESULT: undefined
COMMAND: POST /session/8528a3b8a3d94cb09d60657e161ca13a/element - {"using":"xpath","value":"//*[@id=\"__tile111\"]"}
RESULT: {"using":"xpath","value":"//*[@id=\"__tile111\"]"}
COMMAND: POST /session/8528a3b8a3d94cb09d60657e161ca13a/element/f.1189DC93B98F8F633B92F8EF9BEFB9FA.d.2810A14520B991873C63C379DA56F125.e.3602/click - {}
RESULT: undefined
COMMAND: POST /session/8528a3b8a3d94cb09d60657e161ca13a/execute/async - {"script":"<script> [6424 bytes]","args":[{"element-6066-11e4-a52e-4f735466cecf":"f.1189DC93B98F8F633B92F8EF9BEFB9FA.d.2810A14520B991873C63C379DA56F125.e.295"},"getTitle",[]]}
COMMAND: POST /session/8528a3b8a3d94cb09d60657e161ca13a/execute/async - {"script":"<script> [1562 bytes]","args":[{"selector":{"id":"shellAppTitle"},"wdio_ui5_key":"shellAppTitle"}]}
RESULT: {"script":"<script> [1562 bytes]","args":[{"selector":{"id":"shellAppTitle"},"wdio_ui5_key":"shellAppTitle"}]}
COMMAND: POST /session/8528a3b8a3d94cb09d60657e161ca13a/execute/async - {"script":"<script> [6424 bytes]","args":[{"element-6066-11e4-a52e-4f735466cecf":"f.1189DC93B98F8F633B92F8EF9BEFB9FA.d.2810A14520B991873C63C379DA56F125.e.3669"},"getTitle",[]]}
RESULT: {"script":"<script> [6424 bytes]","args":[{"element-6066-11e4-a52e-4f735466cecf":"f.1189DC93B98F8F633B92F8EF9BEFB9FA.d.2810A14520B991873C63C379DA56F125.e.3669"},"getTitle",[]]}
RESULT: undefined
COMMAND: POST /session/8528a3b8a3d94cb09d60657e161ca13a/element/f.1189DC93B98F8F633B92F8EF9BEFB9FA.d.2810A14520B991873C63C379DA56F125.e.3600/click - {}
RESULT: {}
COMMAND: GET /session/8528a3b8a3d94cb09d60657e161ca13a/screenshot - {}
RESULT: {}
]]></system-out>
    </testcase>
    <testcase classname="chrome.135_0_7049_96.windows.Sanity_Tests_US104253" name="Should open ISC Schedules page" time="36.77">
      <system-out><![CDATA[
COMMAND: POST /session/8528a3b8a3d94cb09d60657e161ca13a/execute/async - {"script":"<script> [1562 bytes]","args":[{"selector":{"controlType":"sap.m.GenericTile","properties":{"header":"ISC Schedules"}},"wdio_ui5_key":"sapm.GenericTile{\"header\":\"ISC Schedules\"}"}]}
RESULT: {"script":"<script> [1562 bytes]","args":[{"selector":{"controlType":"sap.m.GenericTile","properties":{"header":"ISC Schedules"}},"wdio_ui5_key":"sapm.GenericTile{\"header\":\"ISC Schedules\"}"}]}
RESULT: undefined
COMMAND: POST /session/8528a3b8a3d94cb09d60657e161ca13a/element - {"using":"xpath","value":"//*[@id=\"__tile109\"]"}
RESULT: {"using":"xpath","value":"//*[@id=\"__tile109\"]"}
COMMAND: POST /session/8528a3b8a3d94cb09d60657e161ca13a/element/f.1189DC93B98F8F633B92F8EF9BEFB9FA.d.2810A14520B991873C63C379DA56F125.e.3672/click - {}
RESULT: {}
COMMAND: GET /session/8528a3b8a3d94cb09d60657e161ca13a/screenshot - {}
RESULT: {}
RESULT: undefined
COMMAND: POST /session/8528a3b8a3d94cb09d60657e161ca13a/element - {"using":"xpath","value":"//*[@id=\"__tile109\"]"}
RESULT: {"using":"xpath","value":"//*[@id=\"__tile109\"]"}
COMMAND: POST /session/8528a3b8a3d94cb09d60657e161ca13a/element/f.1189DC93B98F8F633B92F8EF9BEFB9FA.d.2810A14520B991873C63C379DA56F125.e.3672/click - {}
RESULT: undefined
COMMAND: POST /session/8528a3b8a3d94cb09d60657e161ca13a/element - {"using":"xpath","value":"//*[@id=\"__tile109\"]"}
RESULT: {"using":"xpath","value":"//*[@id=\"__tile109\"]"}
COMMAND: POST /session/8528a3b8a3d94cb09d60657e161ca13a/element/f.1189DC93B98F8F633B92F8EF9BEFB9FA.d.2810A14520B991873C63C379DA56F125.e.3672/click - {}
RESULT: undefined
COMMAND: POST /session/8528a3b8a3d94cb09d60657e161ca13a/execute/async - {"script":"<script> [6424 bytes]","args":[{"element-6066-11e4-a52e-4f735466cecf":"f.1189DC93B98F8F633B92F8EF9BEFB9FA.d.2810A14520B991873C63C379DA56F125.e.295"},"getTitle",[]]}
COMMAND: POST /session/8528a3b8a3d94cb09d60657e161ca13a/execute/async - {"script":"<script> [1562 bytes]","args":[{"selector":{"id":"shellAppTitle"},"wdio_ui5_key":"shellAppTitle"}]}
RESULT: {"script":"<script> [1562 bytes]","args":[{"selector":{"id":"shellAppTitle"},"wdio_ui5_key":"shellAppTitle"}]}
COMMAND: POST /session/8528a3b8a3d94cb09d60657e161ca13a/execute/async - {"script":"<script> [6424 bytes]","args":[{"element-6066-11e4-a52e-4f735466cecf":"f.1189DC93B98F8F633B92F8EF9BEFB9FA.d.2810A14520B991873C63C379DA56F125.e.3868"},"getTitle",[]]}
RESULT: {"script":"<script> [6424 bytes]","args":[{"element-6066-11e4-a52e-4f735466cecf":"f.1189DC93B98F8F633B92F8EF9BEFB9FA.d.2810A14520B991873C63C379DA56F125.e.3868"},"getTitle",[]]}
RESULT: undefined
COMMAND: POST /session/8528a3b8a3d94cb09d60657e161ca13a/element/f.1189DC93B98F8F633B92F8EF9BEFB9FA.d.2810A14520B991873C63C379DA56F125.e.3600/click - {}
COMMAND: POST /session/8528a3b8a3d94cb09d60657e161ca13a/element - {"using":"xpath","value":"//*[@id=\"backBtn\"]"}
RESULT: {"using":"xpath","value":"//*[@id=\"backBtn\"]"}
COMMAND: POST /session/8528a3b8a3d94cb09d60657e161ca13a/element/f.1189DC93B98F8F633B92F8EF9BEFB9FA.d.2810A14520B991873C63C379DA56F125.e.3600/click - {}
COMMAND: POST /session/8528a3b8a3d94cb09d60657e161ca13a/element - {"using":"xpath","value":"//*[@id=\"backBtn\"]"}
RESULT: {"using":"xpath","value":"//*[@id=\"backBtn\"]"}
COMMAND: POST /session/8528a3b8a3d94cb09d60657e161ca13a/element/f.1189DC93B98F8F633B92F8EF9BEFB9FA.d.2810A14520B991873C63C379DA56F125.e.3869/click - {}
RESULT: {}
COMMAND: GET /session/8528a3b8a3d94cb09d60657e161ca13a/screenshot - {}
RESULT: {}
]]></system-out>
    </testcase>
    <testcase classname="chrome.135_0_7049_96.windows.Sanity_Tests_US104253" name="Should open ISC Dashboard page" time="39.978">
      <system-out><![CDATA[
COMMAND: POST /session/8528a3b8a3d94cb09d60657e161ca13a/execute/async - {"script":"<script> [1562 bytes]","args":[{"selector":{"controlType":"sap.m.GenericTile","properties":{"header":"ISC Dashboard"}},"wdio_ui5_key":"sapm.GenericTile{\"header\":\"ISC Dashboard\"}"}]}
RESULT: {"script":"<script> [1562 bytes]","args":[{"selector":{"controlType":"sap.m.GenericTile","properties":{"header":"ISC Dashboard"}},"wdio_ui5_key":"sapm.GenericTile{\"header\":\"ISC Dashboard\"}"}]}
RESULT: undefined
COMMAND: POST /session/8528a3b8a3d94cb09d60657e161ca13a/element - {"using":"xpath","value":"//*[@id=\"__tile106\"]"}
RESULT: {"using":"xpath","value":"//*[@id=\"__tile106\"]"}
COMMAND: POST /session/8528a3b8a3d94cb09d60657e161ca13a/element/f.1189DC93B98F8F633B92F8EF9BEFB9FA.d.2810A14520B991873C63C379DA56F125.e.3871/click - {}
RESULT: {}
COMMAND: GET /session/8528a3b8a3d94cb09d60657e161ca13a/screenshot - {}
RESULT: {}
RESULT: undefined
COMMAND: POST /session/8528a3b8a3d94cb09d60657e161ca13a/element - {"using":"xpath","value":"//*[@id=\"__tile106\"]"}
RESULT: {"using":"xpath","value":"//*[@id=\"__tile106\"]"}
COMMAND: POST /session/8528a3b8a3d94cb09d60657e161ca13a/element/f.1189DC93B98F8F633B92F8EF9BEFB9FA.d.2810A14520B991873C63C379DA56F125.e.3871/click - {}
RESULT: undefined
COMMAND: POST /session/8528a3b8a3d94cb09d60657e161ca13a/element - {"using":"xpath","value":"//*[@id=\"__tile106\"]"}
RESULT: {"using":"xpath","value":"//*[@id=\"__tile106\"]"}
COMMAND: POST /session/8528a3b8a3d94cb09d60657e161ca13a/element/f.1189DC93B98F8F633B92F8EF9BEFB9FA.d.2810A14520B991873C63C379DA56F125.e.3871/click - {}
RESULT: undefined
COMMAND: POST /session/8528a3b8a3d94cb09d60657e161ca13a/execute/async - {"script":"<script> [6424 bytes]","args":[{"element-6066-11e4-a52e-4f735466cecf":"f.1189DC93B98F8F633B92F8EF9BEFB9FA.d.2810A14520B991873C63C379DA56F125.e.295"},"getTitle",[]]}
COMMAND: POST /session/8528a3b8a3d94cb09d60657e161ca13a/execute/async - {"script":"<script> [1562 bytes]","args":[{"selector":{"id":"shellAppTitle"},"wdio_ui5_key":"shellAppTitle"}]}
RESULT: {"script":"<script> [1562 bytes]","args":[{"selector":{"id":"shellAppTitle"},"wdio_ui5_key":"shellAppTitle"}]}
COMMAND: POST /session/8528a3b8a3d94cb09d60657e161ca13a/execute/async - {"script":"<script> [6424 bytes]","args":[{"element-6066-11e4-a52e-4f735466cecf":"f.1189DC93B98F8F633B92F8EF9BEFB9FA.d.2810A14520B991873C63C379DA56F125.e.3994"},"getTitle",[]]}
RESULT: {"script":"<script> [6424 bytes]","args":[{"element-6066-11e4-a52e-4f735466cecf":"f.1189DC93B98F8F633B92F8EF9BEFB9FA.d.2810A14520B991873C63C379DA56F125.e.3994"},"getTitle",[]]}
RESULT: undefined
COMMAND: POST /session/8528a3b8a3d94cb09d60657e161ca13a/element/f.1189DC93B98F8F633B92F8EF9BEFB9FA.d.2810A14520B991873C63C379DA56F125.e.3869/click - {}
RESULT: {}
COMMAND: GET /session/8528a3b8a3d94cb09d60657e161ca13a/screenshot - {}
RESULT: {}
]]></system-out>
    </testcase>
    <testcase classname="chrome.135_0_7049_96.windows.Sanity_Tests_US104253" name="Should open ISC Orders page" time="37.857">
      <system-out><![CDATA[
COMMAND: POST /session/8528a3b8a3d94cb09d60657e161ca13a/execute/async - {"script":"<script> [1562 bytes]","args":[{"selector":{"controlType":"sap.m.GenericTile","properties":{"header":"ISC Orders"}},"wdio_ui5_key":"sapm.GenericTile{\"header\":\"ISC Orders\"}"}]}
RESULT: {"script":"<script> [1562 bytes]","args":[{"selector":{"controlType":"sap.m.GenericTile","properties":{"header":"ISC Orders"}},"wdio_ui5_key":"sapm.GenericTile{\"header\":\"ISC Orders\"}"}]}
RESULT: undefined
COMMAND: POST /session/8528a3b8a3d94cb09d60657e161ca13a/element - {"using":"xpath","value":"//*[@id=\"__tile108\"]"}
RESULT: {"using":"xpath","value":"//*[@id=\"__tile108\"]"}
COMMAND: POST /session/8528a3b8a3d94cb09d60657e161ca13a/element/f.1189DC93B98F8F633B92F8EF9BEFB9FA.d.2810A14520B991873C63C379DA56F125.e.3996/click - {}
RESULT: {}
COMMAND: GET /session/8528a3b8a3d94cb09d60657e161ca13a/screenshot - {}
RESULT: {}
RESULT: undefined
COMMAND: POST /session/8528a3b8a3d94cb09d60657e161ca13a/element - {"using":"xpath","value":"//*[@id=\"__tile108\"]"}
RESULT: {"using":"xpath","value":"//*[@id=\"__tile108\"]"}
COMMAND: POST /session/8528a3b8a3d94cb09d60657e161ca13a/element/f.1189DC93B98F8F633B92F8EF9BEFB9FA.d.2810A14520B991873C63C379DA56F125.e.3996/click - {}
RESULT: undefined
COMMAND: POST /session/8528a3b8a3d94cb09d60657e161ca13a/element - {"using":"xpath","value":"//*[@id=\"__tile108\"]"}
RESULT: {"using":"xpath","value":"//*[@id=\"__tile108\"]"}
COMMAND: POST /session/8528a3b8a3d94cb09d60657e161ca13a/element/f.1189DC93B98F8F633B92F8EF9BEFB9FA.d.2810A14520B991873C63C379DA56F125.e.3996/click - {}
RESULT: undefined
COMMAND: POST /session/8528a3b8a3d94cb09d60657e161ca13a/execute/async - {"script":"<script> [6424 bytes]","args":[{"element-6066-11e4-a52e-4f735466cecf":"f.1189DC93B98F8F633B92F8EF9BEFB9FA.d.2810A14520B991873C63C379DA56F125.e.295"},"getTitle",[]]}
COMMAND: POST /session/8528a3b8a3d94cb09d60657e161ca13a/execute/async - {"script":"<script> [1562 bytes]","args":[{"selector":{"id":"shellAppTitle"},"wdio_ui5_key":"shellAppTitle"}]}
RESULT: {"script":"<script> [1562 bytes]","args":[{"selector":{"id":"shellAppTitle"},"wdio_ui5_key":"shellAppTitle"}]}
COMMAND: POST /session/8528a3b8a3d94cb09d60657e161ca13a/execute/async - {"script":"<script> [6424 bytes]","args":[{"element-6066-11e4-a52e-4f735466cecf":"f.1189DC93B98F8F633B92F8EF9BEFB9FA.d.2810A14520B991873C63C379DA56F125.e.4106"},"getTitle",[]]}
RESULT: {"script":"<script> [6424 bytes]","args":[{"element-6066-11e4-a52e-4f735466cecf":"f.1189DC93B98F8F633B92F8EF9BEFB9FA.d.2810A14520B991873C63C379DA56F125.e.4106"},"getTitle",[]]}
RESULT: undefined
COMMAND: POST /session/8528a3b8a3d94cb09d60657e161ca13a/element/f.1189DC93B98F8F633B92F8EF9BEFB9FA.d.2810A14520B991873C63C379DA56F125.e.3869/click - {}
COMMAND: POST /session/8528a3b8a3d94cb09d60657e161ca13a/element - {"using":"xpath","value":"//*[@id=\"backBtn\"]"}
RESULT: {"using":"xpath","value":"//*[@id=\"backBtn\"]"}
COMMAND: POST /session/8528a3b8a3d94cb09d60657e161ca13a/element/f.1189DC93B98F8F633B92F8EF9BEFB9FA.d.2810A14520B991873C63C379DA56F125.e.3869/click - {}
COMMAND: POST /session/8528a3b8a3d94cb09d60657e161ca13a/element - {"using":"xpath","value":"//*[@id=\"backBtn\"]"}
RESULT: {"using":"xpath","value":"//*[@id=\"backBtn\"]"}
COMMAND: POST /session/8528a3b8a3d94cb09d60657e161ca13a/element/f.1189DC93B98F8F633B92F8EF9BEFB9FA.d.2810A14520B991873C63C379DA56F125.e.4107/click - {}
RESULT: {}
COMMAND: GET /session/8528a3b8a3d94cb09d60657e161ca13a/screenshot - {}
RESULT: {}
]]></system-out>
    </testcase>
    <testcase classname="chrome.135_0_7049_96.windows.Sanity_Tests_US104253" name="Should open ISC Tasks page" time="34.111">
      <system-out><![CDATA[
COMMAND: POST /session/8528a3b8a3d94cb09d60657e161ca13a/execute/async - {"script":"<script> [1562 bytes]","args":[{"selector":{"controlType":"sap.m.GenericTile","properties":{"header":"ISC Tasks"}},"wdio_ui5_key":"sapm.GenericTile{\"header\":\"ISC Tasks\"}"}]}
RESULT: {"script":"<script> [1562 bytes]","args":[{"selector":{"controlType":"sap.m.GenericTile","properties":{"header":"ISC Tasks"}},"wdio_ui5_key":"sapm.GenericTile{\"header\":\"ISC Tasks\"}"}]}
RESULT: undefined
COMMAND: POST /session/8528a3b8a3d94cb09d60657e161ca13a/element - {"using":"xpath","value":"//*[@id=\"__tile110\"]"}
RESULT: {"using":"xpath","value":"//*[@id=\"__tile110\"]"}
COMMAND: POST /session/8528a3b8a3d94cb09d60657e161ca13a/element/f.1189DC93B98F8F633B92F8EF9BEFB9FA.d.2810A14520B991873C63C379DA56F125.e.4109/click - {}
RESULT: {}
COMMAND: GET /session/8528a3b8a3d94cb09d60657e161ca13a/screenshot - {}
RESULT: {}
RESULT: undefined
COMMAND: POST /session/8528a3b8a3d94cb09d60657e161ca13a/element - {"using":"xpath","value":"//*[@id=\"__tile110\"]"}
RESULT: {"using":"xpath","value":"//*[@id=\"__tile110\"]"}
COMMAND: POST /session/8528a3b8a3d94cb09d60657e161ca13a/element/f.1189DC93B98F8F633B92F8EF9BEFB9FA.d.2810A14520B991873C63C379DA56F125.e.4109/click - {}
RESULT: undefined
COMMAND: POST /session/8528a3b8a3d94cb09d60657e161ca13a/element - {"using":"xpath","value":"//*[@id=\"__tile110\"]"}
RESULT: {"using":"xpath","value":"//*[@id=\"__tile110\"]"}
COMMAND: POST /session/8528a3b8a3d94cb09d60657e161ca13a/element/f.1189DC93B98F8F633B92F8EF9BEFB9FA.d.2810A14520B991873C63C379DA56F125.e.4109/click - {}
RESULT: undefined
COMMAND: POST /session/8528a3b8a3d94cb09d60657e161ca13a/execute/async - {"script":"<script> [6424 bytes]","args":[{"element-6066-11e4-a52e-4f735466cecf":"f.1189DC93B98F8F633B92F8EF9BEFB9FA.d.2810A14520B991873C63C379DA56F125.e.295"},"getTitle",[]]}
COMMAND: POST /session/8528a3b8a3d94cb09d60657e161ca13a/execute/async - {"script":"<script> [1562 bytes]","args":[{"selector":{"id":"shellAppTitle"},"wdio_ui5_key":"shellAppTitle"}]}
RESULT: {"script":"<script> [1562 bytes]","args":[{"selector":{"id":"shellAppTitle"},"wdio_ui5_key":"shellAppTitle"}]}
COMMAND: POST /session/8528a3b8a3d94cb09d60657e161ca13a/execute/async - {"script":"<script> [6424 bytes]","args":[{"element-6066-11e4-a52e-4f735466cecf":"f.1189DC93B98F8F633B92F8EF9BEFB9FA.d.2810A14520B991873C63C379DA56F125.e.4199"},"getTitle",[]]}
RESULT: {"script":"<script> [6424 bytes]","args":[{"element-6066-11e4-a52e-4f735466cecf":"f.1189DC93B98F8F633B92F8EF9BEFB9FA.d.2810A14520B991873C63C379DA56F125.e.4199"},"getTitle",[]]}
RESULT: undefined
COMMAND: POST /session/8528a3b8a3d94cb09d60657e161ca13a/element/f.1189DC93B98F8F633B92F8EF9BEFB9FA.d.2810A14520B991873C63C379DA56F125.e.4107/click - {}
RESULT: {}
COMMAND: GET /session/8528a3b8a3d94cb09d60657e161ca13a/screenshot - {}
RESULT: {}
]]></system-out>
    </testcase>
    <testcase classname="chrome.135_0_7049_96.windows.Sanity_Tests_US104253" name="Should open Manage Resource Logbook page" time="38.379">
      <system-out><![CDATA[
COMMAND: POST /session/8528a3b8a3d94cb09d60657e161ca13a/execute/async - {"script":"<script> [1562 bytes]","args":[{"selector":{"controlType":"sap.m.GenericTile","properties":{"header":"Manage Resource Logbook"}},"wdio_ui5_key":"sapm.GenericTile{\"header\":\"Manage Resource Logbook\"}"}]}
RESULT: {"script":"<script> [1562 bytes]","args":[{"selector":{"controlType":"sap.m.GenericTile","properties":{"header":"Manage Resource Logbook"}},"wdio_ui5_key":"sapm.GenericTile{\"header\":\"Manage Resource Logbook\"}"}]}
RESULT: undefined
COMMAND: POST /session/8528a3b8a3d94cb09d60657e161ca13a/element - {"using":"xpath","value":"//*[@id=\"__tile113\"]"}
RESULT: {"using":"xpath","value":"//*[@id=\"__tile113\"]"}
COMMAND: POST /session/8528a3b8a3d94cb09d60657e161ca13a/element/f.1189DC93B98F8F633B92F8EF9BEFB9FA.d.2810A14520B991873C63C379DA56F125.e.4201/click - {}
RESULT: {}
COMMAND: GET /session/8528a3b8a3d94cb09d60657e161ca13a/screenshot - {}
RESULT: {}
RESULT: undefined
COMMAND: POST /session/8528a3b8a3d94cb09d60657e161ca13a/element - {"using":"xpath","value":"//*[@id=\"__tile113\"]"}
RESULT: {"using":"xpath","value":"//*[@id=\"__tile113\"]"}
COMMAND: POST /session/8528a3b8a3d94cb09d60657e161ca13a/element/f.1189DC93B98F8F633B92F8EF9BEFB9FA.d.2810A14520B991873C63C379DA56F125.e.4201/click - {}
RESULT: undefined
COMMAND: POST /session/8528a3b8a3d94cb09d60657e161ca13a/element - {"using":"xpath","value":"//*[@id=\"__tile113\"]"}
RESULT: {"using":"xpath","value":"//*[@id=\"__tile113\"]"}
COMMAND: POST /session/8528a3b8a3d94cb09d60657e161ca13a/element/f.1189DC93B98F8F633B92F8EF9BEFB9FA.d.2810A14520B991873C63C379DA56F125.e.4201/click - {}
RESULT: undefined
COMMAND: POST /session/8528a3b8a3d94cb09d60657e161ca13a/execute/async - {"script":"<script> [6424 bytes]","args":[{"element-6066-11e4-a52e-4f735466cecf":"f.1189DC93B98F8F633B92F8EF9BEFB9FA.d.2810A14520B991873C63C379DA56F125.e.295"},"getTitle",[]]}
COMMAND: POST /session/8528a3b8a3d94cb09d60657e161ca13a/execute/async - {"script":"<script> [1562 bytes]","args":[{"selector":{"id":"shellAppTitle"},"wdio_ui5_key":"shellAppTitle"}]}
RESULT: {"script":"<script> [1562 bytes]","args":[{"selector":{"id":"shellAppTitle"},"wdio_ui5_key":"shellAppTitle"}]}
COMMAND: POST /session/8528a3b8a3d94cb09d60657e161ca13a/execute/async - {"script":"<script> [6424 bytes]","args":[{"element-6066-11e4-a52e-4f735466cecf":"f.1189DC93B98F8F633B92F8EF9BEFB9FA.d.2810A14520B991873C63C379DA56F125.e.4307"},"getTitle",[]]}
RESULT: {"script":"<script> [6424 bytes]","args":[{"element-6066-11e4-a52e-4f735466cecf":"f.1189DC93B98F8F633B92F8EF9BEFB9FA.d.2810A14520B991873C63C379DA56F125.e.4307"},"getTitle",[]]}
RESULT: undefined
COMMAND: POST /session/8528a3b8a3d94cb09d60657e161ca13a/element/f.1189DC93B98F8F633B92F8EF9BEFB9FA.d.2810A14520B991873C63C379DA56F125.e.4107/click - {}
COMMAND: POST /session/8528a3b8a3d94cb09d60657e161ca13a/element - {"using":"xpath","value":"//*[@id=\"backBtn\"]"}
RESULT: {"using":"xpath","value":"//*[@id=\"backBtn\"]"}
COMMAND: POST /session/8528a3b8a3d94cb09d60657e161ca13a/element/f.1189DC93B98F8F633B92F8EF9BEFB9FA.d.2810A14520B991873C63C379DA56F125.e.4107/click - {}
COMMAND: POST /session/8528a3b8a3d94cb09d60657e161ca13a/element - {"using":"xpath","value":"//*[@id=\"backBtn\"]"}
RESULT: {"using":"xpath","value":"//*[@id=\"backBtn\"]"}
COMMAND: POST /session/8528a3b8a3d94cb09d60657e161ca13a/element/f.1189DC93B98F8F633B92F8EF9BEFB9FA.d.2810A14520B991873C63C379DA56F125.e.4308/click - {}
RESULT: {}
COMMAND: GET /session/8528a3b8a3d94cb09d60657e161ca13a/screenshot - {}
RESULT: {}
]]></system-out>
    </testcase>
    <testcase classname="chrome.135_0_7049_96.windows.Sanity_Tests_US104253" name="Should open Manage Logbook page" time="36.026">
      <system-out><![CDATA[
COMMAND: POST /session/8528a3b8a3d94cb09d60657e161ca13a/execute/async - {"script":"<script> [1562 bytes]","args":[{"selector":{"controlType":"sap.m.GenericTile","properties":{"header":"Manage Logbook"}},"wdio_ui5_key":"sapm.GenericTile{\"header\":\"Manage Logbook\"}"}]}
RESULT: {"script":"<script> [1562 bytes]","args":[{"selector":{"controlType":"sap.m.GenericTile","properties":{"header":"Manage Logbook"}},"wdio_ui5_key":"sapm.GenericTile{\"header\":\"Manage Logbook\"}"}]}
RESULT: undefined
COMMAND: POST /session/8528a3b8a3d94cb09d60657e161ca13a/element - {"using":"xpath","value":"//*[@id=\"__tile112\"]"}
RESULT: {"using":"xpath","value":"//*[@id=\"__tile112\"]"}
COMMAND: POST /session/8528a3b8a3d94cb09d60657e161ca13a/element/f.1189DC93B98F8F633B92F8EF9BEFB9FA.d.2810A14520B991873C63C379DA56F125.e.4310/click - {}
RESULT: {}
COMMAND: GET /session/8528a3b8a3d94cb09d60657e161ca13a/screenshot - {}
RESULT: {}
RESULT: undefined
COMMAND: POST /session/8528a3b8a3d94cb09d60657e161ca13a/element - {"using":"xpath","value":"//*[@id=\"__tile112\"]"}
RESULT: {"using":"xpath","value":"//*[@id=\"__tile112\"]"}
COMMAND: POST /session/8528a3b8a3d94cb09d60657e161ca13a/element/f.1189DC93B98F8F633B92F8EF9BEFB9FA.d.2810A14520B991873C63C379DA56F125.e.4310/click - {}
RESULT: undefined
COMMAND: POST /session/8528a3b8a3d94cb09d60657e161ca13a/element - {"using":"xpath","value":"//*[@id=\"__tile112\"]"}
RESULT: {"using":"xpath","value":"//*[@id=\"__tile112\"]"}
COMMAND: POST /session/8528a3b8a3d94cb09d60657e161ca13a/element/f.1189DC93B98F8F633B92F8EF9BEFB9FA.d.2810A14520B991873C63C379DA56F125.e.4310/click - {}
RESULT: undefined
COMMAND: POST /session/8528a3b8a3d94cb09d60657e161ca13a/execute/async - {"script":"<script> [6424 bytes]","args":[{"element-6066-11e4-a52e-4f735466cecf":"f.1189DC93B98F8F633B92F8EF9BEFB9FA.d.2810A14520B991873C63C379DA56F125.e.295"},"getTitle",[]]}
COMMAND: POST /session/8528a3b8a3d94cb09d60657e161ca13a/execute/async - {"script":"<script> [1562 bytes]","args":[{"selector":{"id":"shellAppTitle"},"wdio_ui5_key":"shellAppTitle"}]}
RESULT: {"script":"<script> [1562 bytes]","args":[{"selector":{"id":"shellAppTitle"},"wdio_ui5_key":"shellAppTitle"}]}
COMMAND: POST /session/8528a3b8a3d94cb09d60657e161ca13a/execute/async - {"script":"<script> [6424 bytes]","args":[{"element-6066-11e4-a52e-4f735466cecf":"f.1189DC93B98F8F633B92F8EF9BEFB9FA.d.2810A14520B991873C63C379DA56F125.e.4396"},"getTitle",[]]}
RESULT: {"script":"<script> [6424 bytes]","args":[{"element-6066-11e4-a52e-4f735466cecf":"f.1189DC93B98F8F633B92F8EF9BEFB9FA.d.2810A14520B991873C63C379DA56F125.e.4396"},"getTitle",[]]}
RESULT: undefined
COMMAND: POST /session/8528a3b8a3d94cb09d60657e161ca13a/element/f.1189DC93B98F8F633B92F8EF9BEFB9FA.d.2810A14520B991873C63C379DA56F125.e.4308/click - {}
RESULT: {}
COMMAND: GET /session/8528a3b8a3d94cb09d60657e161ca13a/screenshot - {}
RESULT: {}
]]></system-out>
    </testcase>
    <testcase classname="chrome.135_0_7049_96.windows.Sanity_Tests_US104253" name="Should open ISC Orders Calendar page" time="40.767">
      <system-out><![CDATA[
COMMAND: POST /session/8528a3b8a3d94cb09d60657e161ca13a/execute/async - {"script":"<script> [1562 bytes]","args":[{"selector":{"controlType":"sap.m.GenericTile","properties":{"header":"ISC Orders Calendar"}},"wdio_ui5_key":"sapm.GenericTile{\"header\":\"ISC Orders Calendar\"}"}]}
RESULT: {"script":"<script> [1562 bytes]","args":[{"selector":{"controlType":"sap.m.GenericTile","properties":{"header":"ISC Orders Calendar"}},"wdio_ui5_key":"sapm.GenericTile{\"header\":\"ISC Orders Calendar\"}"}]}
RESULT: undefined
COMMAND: POST /session/8528a3b8a3d94cb09d60657e161ca13a/element - {"using":"xpath","value":"//*[@id=\"__tile107\"]"}
RESULT: {"using":"xpath","value":"//*[@id=\"__tile107\"]"}
COMMAND: POST /session/8528a3b8a3d94cb09d60657e161ca13a/element/f.1189DC93B98F8F633B92F8EF9BEFB9FA.d.2810A14520B991873C63C379DA56F125.e.4398/click - {}
RESULT: {}
COMMAND: GET /session/8528a3b8a3d94cb09d60657e161ca13a/screenshot - {}
RESULT: {}
RESULT: undefined
COMMAND: POST /session/8528a3b8a3d94cb09d60657e161ca13a/element - {"using":"xpath","value":"//*[@id=\"__tile107\"]"}
RESULT: {"using":"xpath","value":"//*[@id=\"__tile107\"]"}
COMMAND: POST /session/8528a3b8a3d94cb09d60657e161ca13a/element/f.1189DC93B98F8F633B92F8EF9BEFB9FA.d.2810A14520B991873C63C379DA56F125.e.4398/click - {}
RESULT: undefined
COMMAND: POST /session/8528a3b8a3d94cb09d60657e161ca13a/element - {"using":"xpath","value":"//*[@id=\"__tile107\"]"}
RESULT: {"using":"xpath","value":"//*[@id=\"__tile107\"]"}
COMMAND: POST /session/8528a3b8a3d94cb09d60657e161ca13a/element/f.1189DC93B98F8F633B92F8EF9BEFB9FA.d.2810A14520B991873C63C379DA56F125.e.4398/click - {}
RESULT: undefined
COMMAND: POST /session/8528a3b8a3d94cb09d60657e161ca13a/execute/async - {"script":"<script> [6424 bytes]","args":[{"element-6066-11e4-a52e-4f735466cecf":"f.1189DC93B98F8F633B92F8EF9BEFB9FA.d.2810A14520B991873C63C379DA56F125.e.295"},"getTitle",[]]}
COMMAND: POST /session/8528a3b8a3d94cb09d60657e161ca13a/execute/async - {"script":"<script> [1562 bytes]","args":[{"selector":{"id":"shellAppTitle"},"wdio_ui5_key":"shellAppTitle"}]}
RESULT: {"script":"<script> [1562 bytes]","args":[{"selector":{"id":"shellAppTitle"},"wdio_ui5_key":"shellAppTitle"}]}
COMMAND: POST /session/8528a3b8a3d94cb09d60657e161ca13a/execute/async - {"script":"<script> [6424 bytes]","args":[{"element-6066-11e4-a52e-4f735466cecf":"f.1189DC93B98F8F633B92F8EF9BEFB9FA.d.2810A14520B991873C63C379DA56F125.e.4608"},"getTitle",[]]}
RESULT: {"script":"<script> [6424 bytes]","args":[{"element-6066-11e4-a52e-4f735466cecf":"f.1189DC93B98F8F633B92F8EF9BEFB9FA.d.2810A14520B991873C63C379DA56F125.e.4608"},"getTitle",[]]}
RESULT: undefined
COMMAND: POST /session/8528a3b8a3d94cb09d60657e161ca13a/element/f.1189DC93B98F8F633B92F8EF9BEFB9FA.d.2810A14520B991873C63C379DA56F125.e.4308/click - {}
COMMAND: POST /session/8528a3b8a3d94cb09d60657e161ca13a/element - {"using":"xpath","value":"//*[@id=\"backBtn\"]"}
RESULT: {"using":"xpath","value":"//*[@id=\"backBtn\"]"}
COMMAND: POST /session/8528a3b8a3d94cb09d60657e161ca13a/element/f.1189DC93B98F8F633B92F8EF9BEFB9FA.d.2810A14520B991873C63C379DA56F125.e.4308/click - {}
COMMAND: POST /session/8528a3b8a3d94cb09d60657e161ca13a/element - {"using":"xpath","value":"//*[@id=\"backBtn\"]"}
RESULT: {"using":"xpath","value":"//*[@id=\"backBtn\"]"}
COMMAND: POST /session/8528a3b8a3d94cb09d60657e161ca13a/element/f.1189DC93B98F8F633B92F8EF9BEFB9FA.d.2810A14520B991873C63C379DA56F125.e.4609/click - {}
RESULT: {}
COMMAND: GET /session/8528a3b8a3d94cb09d60657e161ca13a/screenshot - {}
RESULT: {}
]]></system-out>
    </testcase>
    <testcase classname="chrome.135_0_7049_96.windows.Sanity_Tests_US104253" name="Should open Configure System page" time="35.429">
      <system-out><![CDATA[
COMMAND: POST /session/8528a3b8a3d94cb09d60657e161ca13a/execute/async - {"script":"<script> [1562 bytes]","args":[{"selector":{"controlType":"sap.m.GenericTile","properties":{"header":"Configure System"}},"wdio_ui5_key":"sapm.GenericTile{\"header\":\"Configure System\"}"}]}
RESULT: {"script":"<script> [1562 bytes]","args":[{"selector":{"controlType":"sap.m.GenericTile","properties":{"header":"Configure System"}},"wdio_ui5_key":"sapm.GenericTile{\"header\":\"Configure System\"}"}]}
RESULT: undefined
COMMAND: POST /session/8528a3b8a3d94cb09d60657e161ca13a/element - {"using":"xpath","value":"//*[@id=\"__tile114\"]"}
RESULT: {"using":"xpath","value":"//*[@id=\"__tile114\"]"}
COMMAND: POST /session/8528a3b8a3d94cb09d60657e161ca13a/element/f.1189DC93B98F8F633B92F8EF9BEFB9FA.d.2810A14520B991873C63C379DA56F125.e.4611/click - {}
RESULT: {}
COMMAND: GET /session/8528a3b8a3d94cb09d60657e161ca13a/screenshot - {}
RESULT: {}
RESULT: undefined
COMMAND: POST /session/8528a3b8a3d94cb09d60657e161ca13a/element - {"using":"xpath","value":"//*[@id=\"__tile114\"]"}
RESULT: {"using":"xpath","value":"//*[@id=\"__tile114\"]"}
COMMAND: POST /session/8528a3b8a3d94cb09d60657e161ca13a/element/f.1189DC93B98F8F633B92F8EF9BEFB9FA.d.2810A14520B991873C63C379DA56F125.e.4611/click - {}
RESULT: undefined
COMMAND: POST /session/8528a3b8a3d94cb09d60657e161ca13a/element - {"using":"xpath","value":"//*[@id=\"__tile114\"]"}
RESULT: {"using":"xpath","value":"//*[@id=\"__tile114\"]"}
COMMAND: POST /session/8528a3b8a3d94cb09d60657e161ca13a/element/f.1189DC93B98F8F633B92F8EF9BEFB9FA.d.2810A14520B991873C63C379DA56F125.e.4611/click - {}
RESULT: undefined
COMMAND: POST /session/8528a3b8a3d94cb09d60657e161ca13a/execute/async - {"script":"<script> [6424 bytes]","args":[{"element-6066-11e4-a52e-4f735466cecf":"f.1189DC93B98F8F633B92F8EF9BEFB9FA.d.2810A14520B991873C63C379DA56F125.e.295"},"getTitle",[]]}
COMMAND: POST /session/8528a3b8a3d94cb09d60657e161ca13a/execute/async - {"script":"<script> [1562 bytes]","args":[{"selector":{"id":"shellAppTitle"},"wdio_ui5_key":"shellAppTitle"}]}
RESULT: {"script":"<script> [1562 bytes]","args":[{"selector":{"id":"shellAppTitle"},"wdio_ui5_key":"shellAppTitle"}]}
COMMAND: POST /session/8528a3b8a3d94cb09d60657e161ca13a/execute/async - {"script":"<script> [6424 bytes]","args":[{"element-6066-11e4-a52e-4f735466cecf":"f.1189DC93B98F8F633B92F8EF9BEFB9FA.d.2810A14520B991873C63C379DA56F125.e.4644"},"getTitle",[]]}
RESULT: {"script":"<script> [6424 bytes]","args":[{"element-6066-11e4-a52e-4f735466cecf":"f.1189DC93B98F8F633B92F8EF9BEFB9FA.d.2810A14520B991873C63C379DA56F125.e.4644"},"getTitle",[]]}
RESULT: undefined
COMMAND: POST /session/8528a3b8a3d94cb09d60657e161ca13a/element/f.1189DC93B98F8F633B92F8EF9BEFB9FA.d.2810A14520B991873C63C379DA56F125.e.4609/click - {}
RESULT: {}
COMMAND: GET /session/8528a3b8a3d94cb09d60657e161ca13a/screenshot - {}
RESULT: {}
]]></system-out>
    </testcase>
    <testcase classname="chrome.135_0_7049_96.windows.Sanity_Tests_US104253" name="Should open Manage Classifications page" time="35.317">
      <system-out><![CDATA[
COMMAND: POST /session/8528a3b8a3d94cb09d60657e161ca13a/execute/async - {"script":"<script> [1562 bytes]","args":[{"selector":{"controlType":"sap.m.GenericTile","properties":{"header":"Manage Classifications"}},"wdio_ui5_key":"sapm.GenericTile{\"header\":\"Manage Classifications\"}"}]}
RESULT: {"script":"<script> [1562 bytes]","args":[{"selector":{"controlType":"sap.m.GenericTile","properties":{"header":"Manage Classifications"}},"wdio_ui5_key":"sapm.GenericTile{\"header\":\"Manage Classifications\"}"}]}
RESULT: undefined
COMMAND: POST /session/8528a3b8a3d94cb09d60657e161ca13a/element - {"using":"xpath","value":"//*[@id=\"__tile115\"]"}
RESULT: {"using":"xpath","value":"//*[@id=\"__tile115\"]"}
COMMAND: POST /session/8528a3b8a3d94cb09d60657e161ca13a/element/f.1189DC93B98F8F633B92F8EF9BEFB9FA.d.2810A14520B991873C63C379DA56F125.e.4648/click - {}
RESULT: {}
COMMAND: GET /session/8528a3b8a3d94cb09d60657e161ca13a/screenshot - {}
RESULT: {}
RESULT: undefined
COMMAND: POST /session/8528a3b8a3d94cb09d60657e161ca13a/element - {"using":"xpath","value":"//*[@id=\"__tile115\"]"}
RESULT: {"using":"xpath","value":"//*[@id=\"__tile115\"]"}
COMMAND: POST /session/8528a3b8a3d94cb09d60657e161ca13a/element/f.1189DC93B98F8F633B92F8EF9BEFB9FA.d.2810A14520B991873C63C379DA56F125.e.4648/click - {}
RESULT: undefined
COMMAND: POST /session/8528a3b8a3d94cb09d60657e161ca13a/element - {"using":"xpath","value":"//*[@id=\"__tile115\"]"}
RESULT: {"using":"xpath","value":"//*[@id=\"__tile115\"]"}
COMMAND: POST /session/8528a3b8a3d94cb09d60657e161ca13a/element/f.1189DC93B98F8F633B92F8EF9BEFB9FA.d.2810A14520B991873C63C379DA56F125.e.4648/click - {}
RESULT: undefined
COMMAND: POST /session/8528a3b8a3d94cb09d60657e161ca13a/execute/async - {"script":"<script> [6424 bytes]","args":[{"element-6066-11e4-a52e-4f735466cecf":"f.1189DC93B98F8F633B92F8EF9BEFB9FA.d.2810A14520B991873C63C379DA56F125.e.295"},"getTitle",[]]}
COMMAND: POST /session/8528a3b8a3d94cb09d60657e161ca13a/execute/async - {"script":"<script> [1562 bytes]","args":[{"selector":{"id":"shellAppTitle"},"wdio_ui5_key":"shellAppTitle"}]}
RESULT: {"script":"<script> [1562 bytes]","args":[{"selector":{"id":"shellAppTitle"},"wdio_ui5_key":"shellAppTitle"}]}
COMMAND: POST /session/8528a3b8a3d94cb09d60657e161ca13a/execute/async - {"script":"<script> [6424 bytes]","args":[{"element-6066-11e4-a52e-4f735466cecf":"f.1189DC93B98F8F633B92F8EF9BEFB9FA.d.2810A14520B991873C63C379DA56F125.e.4904"},"getTitle",[]]}
RESULT: {"script":"<script> [6424 bytes]","args":[{"element-6066-11e4-a52e-4f735466cecf":"f.1189DC93B98F8F633B92F8EF9BEFB9FA.d.2810A14520B991873C63C379DA56F125.e.4904"},"getTitle",[]]}
RESULT: undefined
COMMAND: POST /session/8528a3b8a3d94cb09d60657e161ca13a/element/f.1189DC93B98F8F633B92F8EF9BEFB9FA.d.2810A14520B991873C63C379DA56F125.e.4609/click - {}
COMMAND: POST /session/8528a3b8a3d94cb09d60657e161ca13a/element - {"using":"xpath","value":"//*[@id=\"backBtn\"]"}
RESULT: {"using":"xpath","value":"//*[@id=\"backBtn\"]"}
COMMAND: POST /session/8528a3b8a3d94cb09d60657e161ca13a/element/f.1189DC93B98F8F633B92F8EF9BEFB9FA.d.2810A14520B991873C63C379DA56F125.e.4609/click - {}
COMMAND: POST /session/8528a3b8a3d94cb09d60657e161ca13a/element - {"using":"xpath","value":"//*[@id=\"backBtn\"]"}
RESULT: {"using":"xpath","value":"//*[@id=\"backBtn\"]"}
COMMAND: POST /session/8528a3b8a3d94cb09d60657e161ca13a/element/f.1189DC93B98F8F633B92F8EF9BEFB9FA.d.2810A14520B991873C63C379DA56F125.e.4905/click - {}
RESULT: {}
COMMAND: GET /session/8528a3b8a3d94cb09d60657e161ca13a/screenshot - {}
RESULT: {}
]]></system-out>
    </testcase>
    <testcase classname="chrome.135_0_7049_96.windows.Sanity_Tests_US104253" name="Should open Data Explorer page" time="38.813">
      <system-out><![CDATA[
COMMAND: POST /session/8528a3b8a3d94cb09d60657e161ca13a/execute/async - {"script":"<script> [1562 bytes]","args":[{"selector":{"controlType":"sap.m.GenericTile","properties":{"header":"Data Explorer"}},"wdio_ui5_key":"sapm.GenericTile{\"header\":\"Data Explorer\"}"}]}
RESULT: {"script":"<script> [1562 bytes]","args":[{"selector":{"controlType":"sap.m.GenericTile","properties":{"header":"Data Explorer"}},"wdio_ui5_key":"sapm.GenericTile{\"header\":\"Data Explorer\"}"}]}
RESULT: undefined
COMMAND: POST /session/8528a3b8a3d94cb09d60657e161ca13a/element - {"using":"xpath","value":"//*[@id=\"__tile117\"]"}
RESULT: {"using":"xpath","value":"//*[@id=\"__tile117\"]"}
COMMAND: POST /session/8528a3b8a3d94cb09d60657e161ca13a/element/f.1189DC93B98F8F633B92F8EF9BEFB9FA.d.2810A14520B991873C63C379DA56F125.e.4907/click - {}
RESULT: {}
COMMAND: GET /session/8528a3b8a3d94cb09d60657e161ca13a/screenshot - {}
RESULT: {}
RESULT: undefined
COMMAND: POST /session/8528a3b8a3d94cb09d60657e161ca13a/element - {"using":"xpath","value":"//*[@id=\"__tile117\"]"}
RESULT: {"using":"xpath","value":"//*[@id=\"__tile117\"]"}
COMMAND: POST /session/8528a3b8a3d94cb09d60657e161ca13a/element/f.1189DC93B98F8F633B92F8EF9BEFB9FA.d.2810A14520B991873C63C379DA56F125.e.4907/click - {}
RESULT: undefined
COMMAND: POST /session/8528a3b8a3d94cb09d60657e161ca13a/element - {"using":"xpath","value":"//*[@id=\"__tile117\"]"}
RESULT: {"using":"xpath","value":"//*[@id=\"__tile117\"]"}
COMMAND: POST /session/8528a3b8a3d94cb09d60657e161ca13a/element/f.1189DC93B98F8F633B92F8EF9BEFB9FA.d.2810A14520B991873C63C379DA56F125.e.4907/click - {}
RESULT: undefined
COMMAND: POST /session/8528a3b8a3d94cb09d60657e161ca13a/execute/async - {"script":"<script> [6424 bytes]","args":[{"element-6066-11e4-a52e-4f735466cecf":"f.1189DC93B98F8F633B92F8EF9BEFB9FA.d.2810A14520B991873C63C379DA56F125.e.295"},"getTitle",[]]}
COMMAND: POST /session/8528a3b8a3d94cb09d60657e161ca13a/execute/async - {"script":"<script> [1562 bytes]","args":[{"selector":{"id":"shellAppTitle"},"wdio_ui5_key":"shellAppTitle"}]}
RESULT: {"script":"<script> [1562 bytes]","args":[{"selector":{"id":"shellAppTitle"},"wdio_ui5_key":"shellAppTitle"}]}
COMMAND: POST /session/8528a3b8a3d94cb09d60657e161ca13a/execute/async - {"script":"<script> [6424 bytes]","args":[{"element-6066-11e4-a52e-4f735466cecf":"f.1189DC93B98F8F633B92F8EF9BEFB9FA.d.2810A14520B991873C63C379DA56F125.e.5079"},"getTitle",[]]}
RESULT: {"script":"<script> [6424 bytes]","args":[{"element-6066-11e4-a52e-4f735466cecf":"f.1189DC93B98F8F633B92F8EF9BEFB9FA.d.2810A14520B991873C63C379DA56F125.e.5079"},"getTitle",[]]}
RESULT: undefined
COMMAND: POST /session/8528a3b8a3d94cb09d60657e161ca13a/element/f.1189DC93B98F8F633B92F8EF9BEFB9FA.d.2810A14520B991873C63C379DA56F125.e.4905/click - {}
RESULT: {}
COMMAND: GET /session/8528a3b8a3d94cb09d60657e161ca13a/screenshot - {}
RESULT: {}
]]></system-out>
    </testcase>
    <testcase classname="chrome.135_0_7049_96.windows.Sanity_Tests_US104253" name="Should open Performance Monitor page" time="34.617">
      <system-out><![CDATA[
COMMAND: POST /session/8528a3b8a3d94cb09d60657e161ca13a/execute/async - {"script":"<script> [1562 bytes]","args":[{"selector":{"controlType":"sap.m.GenericTile","properties":{"header":"Performance Monitor"}},"wdio_ui5_key":"sapm.GenericTile{\"header\":\"Performance Monitor\"}"}]}
RESULT: {"script":"<script> [1562 bytes]","args":[{"selector":{"controlType":"sap.m.GenericTile","properties":{"header":"Performance Monitor"}},"wdio_ui5_key":"sapm.GenericTile{\"header\":\"Performance Monitor\"}"}]}
RESULT: undefined
COMMAND: POST /session/8528a3b8a3d94cb09d60657e161ca13a/element - {"using":"xpath","value":"//*[@id=\"__tile116\"]"}
RESULT: {"using":"xpath","value":"//*[@id=\"__tile116\"]"}
COMMAND: POST /session/8528a3b8a3d94cb09d60657e161ca13a/element/f.1189DC93B98F8F633B92F8EF9BEFB9FA.d.2810A14520B991873C63C379DA56F125.e.5082/click - {}
RESULT: {}
COMMAND: GET /session/8528a3b8a3d94cb09d60657e161ca13a/screenshot - {}
RESULT: {}
RESULT: undefined
COMMAND: POST /session/8528a3b8a3d94cb09d60657e161ca13a/element - {"using":"xpath","value":"//*[@id=\"__tile116\"]"}
RESULT: {"using":"xpath","value":"//*[@id=\"__tile116\"]"}
COMMAND: POST /session/8528a3b8a3d94cb09d60657e161ca13a/element/f.1189DC93B98F8F633B92F8EF9BEFB9FA.d.2810A14520B991873C63C379DA56F125.e.5082/click - {}
RESULT: undefined
COMMAND: POST /session/8528a3b8a3d94cb09d60657e161ca13a/element - {"using":"xpath","value":"//*[@id=\"__tile116\"]"}
RESULT: {"using":"xpath","value":"//*[@id=\"__tile116\"]"}
COMMAND: POST /session/8528a3b8a3d94cb09d60657e161ca13a/element/f.1189DC93B98F8F633B92F8EF9BEFB9FA.d.2810A14520B991873C63C379DA56F125.e.5082/click - {}
RESULT: undefined
COMMAND: POST /session/8528a3b8a3d94cb09d60657e161ca13a/execute/async - {"script":"<script> [6424 bytes]","args":[{"element-6066-11e4-a52e-4f735466cecf":"f.1189DC93B98F8F633B92F8EF9BEFB9FA.d.2810A14520B991873C63C379DA56F125.e.295"},"getTitle",[]]}
COMMAND: POST /session/8528a3b8a3d94cb09d60657e161ca13a/execute/async - {"script":"<script> [1562 bytes]","args":[{"selector":{"id":"shellAppTitle"},"wdio_ui5_key":"shellAppTitle"}]}
RESULT: {"script":"<script> [1562 bytes]","args":[{"selector":{"id":"shellAppTitle"},"wdio_ui5_key":"shellAppTitle"}]}
COMMAND: POST /session/8528a3b8a3d94cb09d60657e161ca13a/execute/async - {"script":"<script> [6424 bytes]","args":[{"element-6066-11e4-a52e-4f735466cecf":"f.1189DC93B98F8F633B92F8EF9BEFB9FA.d.2810A14520B991873C63C379DA56F125.e.5123"},"getTitle",[]]}
RESULT: {"script":"<script> [6424 bytes]","args":[{"element-6066-11e4-a52e-4f735466cecf":"f.1189DC93B98F8F633B92F8EF9BEFB9FA.d.2810A14520B991873C63C379DA56F125.e.5123"},"getTitle",[]]}
RESULT: undefined
COMMAND: POST /session/8528a3b8a3d94cb09d60657e161ca13a/element/f.1189DC93B98F8F633B92F8EF9BEFB9FA.d.2810A14520B991873C63C379DA56F125.e.4905/click - {}
COMMAND: POST /session/8528a3b8a3d94cb09d60657e161ca13a/element - {"using":"xpath","value":"//*[@id=\"backBtn\"]"}
RESULT: {"using":"xpath","value":"//*[@id=\"backBtn\"]"}
COMMAND: POST /session/8528a3b8a3d94cb09d60657e161ca13a/element/f.1189DC93B98F8F633B92F8EF9BEFB9FA.d.2810A14520B991873C63C379DA56F125.e.4905/click - {}
COMMAND: POST /session/8528a3b8a3d94cb09d60657e161ca13a/element - {"using":"xpath","value":"//*[@id=\"backBtn\"]"}
RESULT: {"using":"xpath","value":"//*[@id=\"backBtn\"]"}
COMMAND: POST /session/8528a3b8a3d94cb09d60657e161ca13a/element/f.1189DC93B98F8F633B92F8EF9BEFB9FA.d.2810A14520B991873C63C379DA56F125.e.5124/click - {}
RESULT: {}
COMMAND: GET /session/8528a3b8a3d94cb09d60657e161ca13a/screenshot - {}
RESULT: {}
]]></system-out>
    </testcase>
    <testcase classname="chrome.135_0_7049_96.windows.Sanity_Tests_US104253" name="Should open Organizational Model page" time="35.945">
      <system-out><![CDATA[
COMMAND: POST /session/8528a3b8a3d94cb09d60657e161ca13a/execute/async - {"script":"<script> [1562 bytes]","args":[{"selector":{"controlType":"sap.m.GenericTile","properties":{"header":"Organizational Model"}},"wdio_ui5_key":"sapm.GenericTile{\"header\":\"Organizational Model\"}"}]}
RESULT: {"script":"<script> [1562 bytes]","args":[{"selector":{"controlType":"sap.m.GenericTile","properties":{"header":"Organizational Model"}},"wdio_ui5_key":"sapm.GenericTile{\"header\":\"Organizational Model\"}"}]}
RESULT: undefined
COMMAND: POST /session/8528a3b8a3d94cb09d60657e161ca13a/element - {"using":"xpath","value":"//*[@id=\"__tile120\"]"}
RESULT: {"using":"xpath","value":"//*[@id=\"__tile120\"]"}
COMMAND: POST /session/8528a3b8a3d94cb09d60657e161ca13a/element/f.1189DC93B98F8F633B92F8EF9BEFB9FA.d.2810A14520B991873C63C379DA56F125.e.5126/click - {}
RESULT: {}
COMMAND: GET /session/8528a3b8a3d94cb09d60657e161ca13a/screenshot - {}
RESULT: {}
RESULT: undefined
COMMAND: POST /session/8528a3b8a3d94cb09d60657e161ca13a/element - {"using":"xpath","value":"//*[@id=\"__tile120\"]"}
RESULT: {"using":"xpath","value":"//*[@id=\"__tile120\"]"}
COMMAND: POST /session/8528a3b8a3d94cb09d60657e161ca13a/element/f.1189DC93B98F8F633B92F8EF9BEFB9FA.d.2810A14520B991873C63C379DA56F125.e.5126/click - {}
RESULT: undefined
COMMAND: POST /session/8528a3b8a3d94cb09d60657e161ca13a/element - {"using":"xpath","value":"//*[@id=\"__tile120\"]"}
RESULT: {"using":"xpath","value":"//*[@id=\"__tile120\"]"}
COMMAND: POST /session/8528a3b8a3d94cb09d60657e161ca13a/element/f.1189DC93B98F8F633B92F8EF9BEFB9FA.d.2810A14520B991873C63C379DA56F125.e.5126/click - {}
RESULT: undefined
COMMAND: POST /session/8528a3b8a3d94cb09d60657e161ca13a/execute/async - {"script":"<script> [6424 bytes]","args":[{"element-6066-11e4-a52e-4f735466cecf":"f.1189DC93B98F8F633B92F8EF9BEFB9FA.d.2810A14520B991873C63C379DA56F125.e.295"},"getTitle",[]]}
COMMAND: POST /session/8528a3b8a3d94cb09d60657e161ca13a/execute/async - {"script":"<script> [1562 bytes]","args":[{"selector":{"id":"shellAppTitle"},"wdio_ui5_key":"shellAppTitle"}]}
RESULT: {"script":"<script> [1562 bytes]","args":[{"selector":{"id":"shellAppTitle"},"wdio_ui5_key":"shellAppTitle"}]}
COMMAND: POST /session/8528a3b8a3d94cb09d60657e161ca13a/execute/async - {"script":"<script> [6424 bytes]","args":[{"element-6066-11e4-a52e-4f735466cecf":"f.1189DC93B98F8F633B92F8EF9BEFB9FA.d.2810A14520B991873C63C379DA56F125.e.5143"},"getTitle",[]]}
RESULT: {"script":"<script> [6424 bytes]","args":[{"element-6066-11e4-a52e-4f735466cecf":"f.1189DC93B98F8F633B92F8EF9BEFB9FA.d.2810A14520B991873C63C379DA56F125.e.5143"},"getTitle",[]]}
RESULT: undefined
COMMAND: POST /session/8528a3b8a3d94cb09d60657e161ca13a/element/f.1189DC93B98F8F633B92F8EF9BEFB9FA.d.2810A14520B991873C63C379DA56F125.e.5124/click - {}
RESULT: {}
COMMAND: GET /session/8528a3b8a3d94cb09d60657e161ca13a/screenshot - {}
RESULT: {}
]]></system-out>
    </testcase>
    <testcase classname="chrome.135_0_7049_96.windows.Sanity_Tests_US104253" name="Should open Manage Roles page" time="34.477">
      <system-out><![CDATA[
COMMAND: POST /session/8528a3b8a3d94cb09d60657e161ca13a/execute/async - {"script":"<script> [1562 bytes]","args":[{"selector":{"controlType":"sap.m.GenericTile","properties":{"header":"Manage Roles"}},"wdio_ui5_key":"sapm.GenericTile{\"header\":\"Manage Roles\"}"}]}
RESULT: {"script":"<script> [1562 bytes]","args":[{"selector":{"controlType":"sap.m.GenericTile","properties":{"header":"Manage Roles"}},"wdio_ui5_key":"sapm.GenericTile{\"header\":\"Manage Roles\"}"}]}
RESULT: undefined
COMMAND: POST /session/8528a3b8a3d94cb09d60657e161ca13a/element - {"using":"xpath","value":"//*[@id=\"__tile119\"]"}
RESULT: {"using":"xpath","value":"//*[@id=\"__tile119\"]"}
COMMAND: POST /session/8528a3b8a3d94cb09d60657e161ca13a/element/f.1189DC93B98F8F633B92F8EF9BEFB9FA.d.2810A14520B991873C63C379DA56F125.e.5147/click - {}
RESULT: {}
COMMAND: GET /session/8528a3b8a3d94cb09d60657e161ca13a/screenshot - {}
RESULT: {}
RESULT: undefined
COMMAND: POST /session/8528a3b8a3d94cb09d60657e161ca13a/element - {"using":"xpath","value":"//*[@id=\"__tile119\"]"}
RESULT: {"using":"xpath","value":"//*[@id=\"__tile119\"]"}
COMMAND: POST /session/8528a3b8a3d94cb09d60657e161ca13a/element/f.1189DC93B98F8F633B92F8EF9BEFB9FA.d.2810A14520B991873C63C379DA56F125.e.5147/click - {}
RESULT: undefined
COMMAND: POST /session/8528a3b8a3d94cb09d60657e161ca13a/element - {"using":"xpath","value":"//*[@id=\"__tile119\"]"}
RESULT: {"using":"xpath","value":"//*[@id=\"__tile119\"]"}
COMMAND: POST /session/8528a3b8a3d94cb09d60657e161ca13a/element/f.1189DC93B98F8F633B92F8EF9BEFB9FA.d.2810A14520B991873C63C379DA56F125.e.5147/click - {}
RESULT: undefined
COMMAND: POST /session/8528a3b8a3d94cb09d60657e161ca13a/execute/async - {"script":"<script> [6424 bytes]","args":[{"element-6066-11e4-a52e-4f735466cecf":"f.1189DC93B98F8F633B92F8EF9BEFB9FA.d.2810A14520B991873C63C379DA56F125.e.295"},"getTitle",[]]}
COMMAND: POST /session/8528a3b8a3d94cb09d60657e161ca13a/execute/async - {"script":"<script> [1562 bytes]","args":[{"selector":{"id":"shellAppTitle"},"wdio_ui5_key":"shellAppTitle"}]}
RESULT: {"script":"<script> [1562 bytes]","args":[{"selector":{"id":"shellAppTitle"},"wdio_ui5_key":"shellAppTitle"}]}
COMMAND: POST /session/8528a3b8a3d94cb09d60657e161ca13a/execute/async - {"script":"<script> [6424 bytes]","args":[{"element-6066-11e4-a52e-4f735466cecf":"f.1189DC93B98F8F633B92F8EF9BEFB9FA.d.2810A14520B991873C63C379DA56F125.e.5193"},"getTitle",[]]}
RESULT: {"script":"<script> [6424 bytes]","args":[{"element-6066-11e4-a52e-4f735466cecf":"f.1189DC93B98F8F633B92F8EF9BEFB9FA.d.2810A14520B991873C63C379DA56F125.e.5193"},"getTitle",[]]}
RESULT: undefined
COMMAND: POST /session/8528a3b8a3d94cb09d60657e161ca13a/element/f.1189DC93B98F8F633B92F8EF9BEFB9FA.d.2810A14520B991873C63C379DA56F125.e.5124/click - {}
COMMAND: POST /session/8528a3b8a3d94cb09d60657e161ca13a/element - {"using":"xpath","value":"//*[@id=\"backBtn\"]"}
RESULT: {"using":"xpath","value":"//*[@id=\"backBtn\"]"}
COMMAND: POST /session/8528a3b8a3d94cb09d60657e161ca13a/element/f.1189DC93B98F8F633B92F8EF9BEFB9FA.d.2810A14520B991873C63C379DA56F125.e.5124/click - {}
COMMAND: POST /session/8528a3b8a3d94cb09d60657e161ca13a/element - {"using":"xpath","value":"//*[@id=\"backBtn\"]"}
RESULT: {"using":"xpath","value":"//*[@id=\"backBtn\"]"}
COMMAND: POST /session/8528a3b8a3d94cb09d60657e161ca13a/element/f.1189DC93B98F8F633B92F8EF9BEFB9FA.d.2810A14520B991873C63C379DA56F125.e.5194/click - {}
RESULT: {}
COMMAND: GET /session/8528a3b8a3d94cb09d60657e161ca13a/screenshot - {}
RESULT: {}
]]></system-out>
    </testcase>
    <testcase classname="chrome.135_0_7049_96.windows.Sanity_Tests_US104253" name="Should open Authorization Tables page" time="36.976">
      <system-out><![CDATA[
COMMAND: POST /session/8528a3b8a3d94cb09d60657e161ca13a/execute/async - {"script":"<script> [1562 bytes]","args":[{"selector":{"controlType":"sap.m.GenericTile","properties":{"header":"Authorization Tables"}},"wdio_ui5_key":"sapm.GenericTile{\"header\":\"Authorization Tables\"}"}]}
RESULT: {"script":"<script> [1562 bytes]","args":[{"selector":{"controlType":"sap.m.GenericTile","properties":{"header":"Authorization Tables"}},"wdio_ui5_key":"sapm.GenericTile{\"header\":\"Authorization Tables\"}"}]}
RESULT: undefined
COMMAND: POST /session/8528a3b8a3d94cb09d60657e161ca13a/element - {"using":"xpath","value":"//*[@id=\"__tile118\"]"}
RESULT: {"using":"xpath","value":"//*[@id=\"__tile118\"]"}
COMMAND: POST /session/8528a3b8a3d94cb09d60657e161ca13a/element/f.1189DC93B98F8F633B92F8EF9BEFB9FA.d.2810A14520B991873C63C379DA56F125.e.5196/click - {}
RESULT: {}
COMMAND: GET /session/8528a3b8a3d94cb09d60657e161ca13a/screenshot - {}
RESULT: {}
RESULT: undefined
COMMAND: POST /session/8528a3b8a3d94cb09d60657e161ca13a/element - {"using":"xpath","value":"//*[@id=\"__tile118\"]"}
RESULT: {"using":"xpath","value":"//*[@id=\"__tile118\"]"}
COMMAND: POST /session/8528a3b8a3d94cb09d60657e161ca13a/element/f.1189DC93B98F8F633B92F8EF9BEFB9FA.d.2810A14520B991873C63C379DA56F125.e.5196/click - {}
RESULT: undefined
COMMAND: POST /session/8528a3b8a3d94cb09d60657e161ca13a/element - {"using":"xpath","value":"//*[@id=\"__tile118\"]"}
RESULT: {"using":"xpath","value":"//*[@id=\"__tile118\"]"}
COMMAND: POST /session/8528a3b8a3d94cb09d60657e161ca13a/element/f.1189DC93B98F8F633B92F8EF9BEFB9FA.d.2810A14520B991873C63C379DA56F125.e.5196/click - {}
RESULT: undefined
COMMAND: POST /session/8528a3b8a3d94cb09d60657e161ca13a/execute/async - {"script":"<script> [6424 bytes]","args":[{"element-6066-11e4-a52e-4f735466cecf":"f.1189DC93B98F8F633B92F8EF9BEFB9FA.d.2810A14520B991873C63C379DA56F125.e.295"},"getTitle",[]]}
COMMAND: POST /session/8528a3b8a3d94cb09d60657e161ca13a/execute/async - {"script":"<script> [1562 bytes]","args":[{"selector":{"id":"shellAppTitle"},"wdio_ui5_key":"shellAppTitle"}]}
RESULT: {"script":"<script> [1562 bytes]","args":[{"selector":{"id":"shellAppTitle"},"wdio_ui5_key":"shellAppTitle"}]}
COMMAND: POST /session/8528a3b8a3d94cb09d60657e161ca13a/execute/async - {"script":"<script> [6424 bytes]","args":[{"element-6066-11e4-a52e-4f735466cecf":"f.1189DC93B98F8F633B92F8EF9BEFB9FA.d.2810A14520B991873C63C379DA56F125.e.5282"},"getTitle",[]]}
RESULT: {"script":"<script> [6424 bytes]","args":[{"element-6066-11e4-a52e-4f735466cecf":"f.1189DC93B98F8F633B92F8EF9BEFB9FA.d.2810A14520B991873C63C379DA56F125.e.5282"},"getTitle",[]]}
RESULT: undefined
COMMAND: POST /session/8528a3b8a3d94cb09d60657e161ca13a/element/f.1189DC93B98F8F633B92F8EF9BEFB9FA.d.2810A14520B991873C63C379DA56F125.e.5194/click - {}
RESULT: {}
COMMAND: GET /session/8528a3b8a3d94cb09d60657e161ca13a/screenshot - {}
RESULT: {}
]]></system-out>
    </testcase>
    <testcase classname="chrome.135_0_7049_96.windows.Sanity_Tests_US104253" name="Should open User Maintenance page" time="36.517">
      <system-out><![CDATA[
COMMAND: POST /session/8528a3b8a3d94cb09d60657e161ca13a/execute/async - {"script":"<script> [1562 bytes]","args":[{"selector":{"controlType":"sap.m.GenericTile","properties":{"header":"User Maintenance"}},"wdio_ui5_key":"sapm.GenericTile{\"header\":\"User Maintenance\"}"}]}
RESULT: {"script":"<script> [1562 bytes]","args":[{"selector":{"controlType":"sap.m.GenericTile","properties":{"header":"User Maintenance"}},"wdio_ui5_key":"sapm.GenericTile{\"header\":\"User Maintenance\"}"}]}
RESULT: undefined
COMMAND: POST /session/8528a3b8a3d94cb09d60657e161ca13a/element - {"using":"xpath","value":"//*[@id=\"__tile121\"]"}
RESULT: {"using":"xpath","value":"//*[@id=\"__tile121\"]"}
COMMAND: POST /session/8528a3b8a3d94cb09d60657e161ca13a/element/f.1189DC93B98F8F633B92F8EF9BEFB9FA.d.2810A14520B991873C63C379DA56F125.e.5284/click - {}
RESULT: {}
COMMAND: GET /session/8528a3b8a3d94cb09d60657e161ca13a/screenshot - {}
RESULT: {}
RESULT: undefined
COMMAND: POST /session/8528a3b8a3d94cb09d60657e161ca13a/element - {"using":"xpath","value":"//*[@id=\"__tile121\"]"}
RESULT: {"using":"xpath","value":"//*[@id=\"__tile121\"]"}
COMMAND: POST /session/8528a3b8a3d94cb09d60657e161ca13a/element/f.1189DC93B98F8F633B92F8EF9BEFB9FA.d.2810A14520B991873C63C379DA56F125.e.5284/click - {}
RESULT: undefined
COMMAND: POST /session/8528a3b8a3d94cb09d60657e161ca13a/element - {"using":"xpath","value":"//*[@id=\"__tile121\"]"}
RESULT: {"using":"xpath","value":"//*[@id=\"__tile121\"]"}
COMMAND: POST /session/8528a3b8a3d94cb09d60657e161ca13a/element/f.1189DC93B98F8F633B92F8EF9BEFB9FA.d.2810A14520B991873C63C379DA56F125.e.5284/click - {}
RESULT: undefined
COMMAND: POST /session/8528a3b8a3d94cb09d60657e161ca13a/execute/async - {"script":"<script> [6424 bytes]","args":[{"element-6066-11e4-a52e-4f735466cecf":"f.1189DC93B98F8F633B92F8EF9BEFB9FA.d.2810A14520B991873C63C379DA56F125.e.295"},"getTitle",[]]}
COMMAND: POST /session/8528a3b8a3d94cb09d60657e161ca13a/execute/async - {"script":"<script> [1562 bytes]","args":[{"selector":{"id":"shellAppTitle"},"wdio_ui5_key":"shellAppTitle"}]}
RESULT: {"script":"<script> [1562 bytes]","args":[{"selector":{"id":"shellAppTitle"},"wdio_ui5_key":"shellAppTitle"}]}
COMMAND: POST /session/8528a3b8a3d94cb09d60657e161ca13a/execute/async - {"script":"<script> [6424 bytes]","args":[{"element-6066-11e4-a52e-4f735466cecf":"f.1189DC93B98F8F633B92F8EF9BEFB9FA.d.2810A14520B991873C63C379DA56F125.e.5378"},"getTitle",[]]}
RESULT: {"script":"<script> [6424 bytes]","args":[{"element-6066-11e4-a52e-4f735466cecf":"f.1189DC93B98F8F633B92F8EF9BEFB9FA.d.2810A14520B991873C63C379DA56F125.e.5378"},"getTitle",[]]}
RESULT: undefined
COMMAND: POST /session/8528a3b8a3d94cb09d60657e161ca13a/element/f.1189DC93B98F8F633B92F8EF9BEFB9FA.d.2810A14520B991873C63C379DA56F125.e.5194/click - {}
COMMAND: POST /session/8528a3b8a3d94cb09d60657e161ca13a/element - {"using":"xpath","value":"//*[@id=\"backBtn\"]"}
RESULT: {"using":"xpath","value":"//*[@id=\"backBtn\"]"}
COMMAND: POST /session/8528a3b8a3d94cb09d60657e161ca13a/element/f.1189DC93B98F8F633B92F8EF9BEFB9FA.d.2810A14520B991873C63C379DA56F125.e.5194/click - {}
COMMAND: POST /session/8528a3b8a3d94cb09d60657e161ca13a/element - {"using":"xpath","value":"//*[@id=\"backBtn\"]"}
RESULT: {"using":"xpath","value":"//*[@id=\"backBtn\"]"}
COMMAND: POST /session/8528a3b8a3d94cb09d60657e161ca13a/element/f.1189DC93B98F8F633B92F8EF9BEFB9FA.d.2810A14520B991873C63C379DA56F125.e.5379/click - {}
RESULT: {}
COMMAND: GET /session/8528a3b8a3d94cb09d60657e161ca13a/screenshot - {}
RESULT: {}
]]></system-out>
    </testcase>
    <testcase classname="chrome.135_0_7049_96.windows.Sanity_Tests_US104253" name="Should open Schedule Jobs page" time="26.156">
      <system-out><![CDATA[
COMMAND: POST /session/8528a3b8a3d94cb09d60657e161ca13a/execute/async - {"script":"<script> [1562 bytes]","args":[{"selector":{"controlType":"sap.m.GenericTile","properties":{"header":"Schedule Jobs"}},"wdio_ui5_key":"sapm.GenericTile{\"header\":\"Schedule Jobs\"}"}]}
RESULT: {"script":"<script> [1562 bytes]","args":[{"selector":{"controlType":"sap.m.GenericTile","properties":{"header":"Schedule Jobs"}},"wdio_ui5_key":"sapm.GenericTile{\"header\":\"Schedule Jobs\"}"}]}
RESULT: undefined
COMMAND: POST /session/8528a3b8a3d94cb09d60657e161ca13a/element - {"using":"xpath","value":"//*[@id=\"__tile127\"]"}
RESULT: {"using":"xpath","value":"//*[@id=\"__tile127\"]"}
COMMAND: POST /session/8528a3b8a3d94cb09d60657e161ca13a/element/f.1189DC93B98F8F633B92F8EF9BEFB9FA.d.2810A14520B991873C63C379DA56F125.e.109/click - {}
RESULT: {}
COMMAND: GET /session/8528a3b8a3d94cb09d60657e161ca13a/screenshot - {}
RESULT: {}
RESULT: undefined
COMMAND: POST /session/8528a3b8a3d94cb09d60657e161ca13a/element - {"using":"xpath","value":"//*[@id=\"__tile127\"]"}
RESULT: {"using":"xpath","value":"//*[@id=\"__tile127\"]"}
COMMAND: POST /session/8528a3b8a3d94cb09d60657e161ca13a/element/f.1189DC93B98F8F633B92F8EF9BEFB9FA.d.2810A14520B991873C63C379DA56F125.e.109/click - {}
RESULT: undefined
COMMAND: POST /session/8528a3b8a3d94cb09d60657e161ca13a/element - {"using":"xpath","value":"//*[@id=\"__tile127\"]"}
RESULT: {"using":"xpath","value":"//*[@id=\"__tile127\"]"}
COMMAND: POST /session/8528a3b8a3d94cb09d60657e161ca13a/element/f.1189DC93B98F8F633B92F8EF9BEFB9FA.d.2810A14520B991873C63C379DA56F125.e.109/click - {}
RESULT: undefined
COMMAND: POST /session/8528a3b8a3d94cb09d60657e161ca13a/execute/async - {"script":"<script> [6424 bytes]","args":[{"element-6066-11e4-a52e-4f735466cecf":"f.1189DC93B98F8F633B92F8EF9BEFB9FA.d.2810A14520B991873C63C379DA56F125.e.295"},"getTitle",[]]}
COMMAND: POST /session/8528a3b8a3d94cb09d60657e161ca13a/execute/async - {"script":"<script> [1562 bytes]","args":[{"selector":{"id":"shellAppTitle"},"wdio_ui5_key":"shellAppTitle"}]}
RESULT: {"script":"<script> [1562 bytes]","args":[{"selector":{"id":"shellAppTitle"},"wdio_ui5_key":"shellAppTitle"}]}
COMMAND: POST /session/8528a3b8a3d94cb09d60657e161ca13a/execute/async - {"script":"<script> [6424 bytes]","args":[{"element-6066-11e4-a52e-4f735466cecf":"f.1189DC93B98F8F633B92F8EF9BEFB9FA.d.2810A14520B991873C63C379DA56F125.e.5425"},"getTitle",[]]}
RESULT: {"script":"<script> [6424 bytes]","args":[{"element-6066-11e4-a52e-4f735466cecf":"f.1189DC93B98F8F633B92F8EF9BEFB9FA.d.2810A14520B991873C63C379DA56F125.e.5425"},"getTitle",[]]}
RESULT: undefined
COMMAND: POST /session/8528a3b8a3d94cb09d60657e161ca13a/element/f.1189DC93B98F8F633B92F8EF9BEFB9FA.d.2810A14520B991873C63C379DA56F125.e.5379/click - {}
COMMAND: POST /session/8528a3b8a3d94cb09d60657e161ca13a/element/f.1189DC93B98F8F633B92F8EF9BEFB9FA.d.2810A14520B991873C63C379DA56F125.e.5379/click - {}
RESULT: {}
COMMAND: GET /session/8528a3b8a3d94cb09d60657e161ca13a/screenshot - {}
COMMAND: POST /session/8528a3b8a3d94cb09d60657e161ca13a/element - {"using":"xpath","value":"//*[@id=\"backBtn\"]"}
RESULT: {}
RESULT: {"using":"xpath","value":"//*[@id=\"backBtn\"]"}
COMMAND: POST /session/8528a3b8a3d94cb09d60657e161ca13a/elements - {"using":"xpath","value":"//*[@id=\"backBtn\"]"}
RESULT: {"using":"xpath","value":"//*[@id=\"backBtn\"]"}
COMMAND: POST /session/8528a3b8a3d94cb09d60657e161ca13a/elements - {"using":"xpath","value":"//*[@id=\"backBtn\"]"}
RESULT: {"using":"xpath","value":"//*[@id=\"backBtn\"]"}
COMMAND: POST /session/8528a3b8a3d94cb09d60657e161ca13a/elements - {"using":"xpath","value":"//*[@id=\"backBtn\"]"}
RESULT: {"using":"xpath","value":"//*[@id=\"backBtn\"]"}
COMMAND: POST /session/8528a3b8a3d94cb09d60657e161ca13a/elements - {"using":"xpath","value":"//*[@id=\"backBtn\"]"}
RESULT: {"using":"xpath","value":"//*[@id=\"backBtn\"]"}
COMMAND: POST /session/8528a3b8a3d94cb09d60657e161ca13a/elements - {"using":"xpath","value":"//*[@id=\"backBtn\"]"}
RESULT: {"using":"xpath","value":"//*[@id=\"backBtn\"]"}
COMMAND: POST /session/8528a3b8a3d94cb09d60657e161ca13a/elements - {"using":"xpath","value":"//*[@id=\"backBtn\"]"}
RESULT: {"using":"xpath","value":"//*[@id=\"backBtn\"]"}
COMMAND: POST /session/8528a3b8a3d94cb09d60657e161ca13a/elements - {"using":"xpath","value":"//*[@id=\"backBtn\"]"}
RESULT: {"using":"xpath","value":"//*[@id=\"backBtn\"]"}
COMMAND: POST /session/8528a3b8a3d94cb09d60657e161ca13a/elements - {"using":"xpath","value":"//*[@id=\"backBtn\"]"}
RESULT: {"using":"xpath","value":"//*[@id=\"backBtn\"]"}
COMMAND: POST /session/8528a3b8a3d94cb09d60657e161ca13a/elements - {"using":"xpath","value":"//*[@id=\"backBtn\"]"}
RESULT: {"using":"xpath","value":"//*[@id=\"backBtn\"]"}
COMMAND: POST /session/8528a3b8a3d94cb09d60657e161ca13a/elements - {"using":"xpath","value":"//*[@id=\"backBtn\"]"}
RESULT: {"using":"xpath","value":"//*[@id=\"backBtn\"]"}
COMMAND: POST /session/8528a3b8a3d94cb09d60657e161ca13a/elements - {"using":"xpath","value":"//*[@id=\"backBtn\"]"}
RESULT: {"using":"xpath","value":"//*[@id=\"backBtn\"]"}
COMMAND: POST /session/8528a3b8a3d94cb09d60657e161ca13a/elements - {"using":"xpath","value":"//*[@id=\"backBtn\"]"}
RESULT: {"using":"xpath","value":"//*[@id=\"backBtn\"]"}
COMMAND: POST /session/8528a3b8a3d94cb09d60657e161ca13a/elements - {"using":"xpath","value":"//*[@id=\"backBtn\"]"}
RESULT: {"using":"xpath","value":"//*[@id=\"backBtn\"]"}
COMMAND: POST /session/8528a3b8a3d94cb09d60657e161ca13a/elements - {"using":"xpath","value":"//*[@id=\"backBtn\"]"}
RESULT: {"using":"xpath","value":"//*[@id=\"backBtn\"]"}
COMMAND: POST /session/8528a3b8a3d94cb09d60657e161ca13a/elements - {"using":"xpath","value":"//*[@id=\"backBtn\"]"}
RESULT: {"using":"xpath","value":"//*[@id=\"backBtn\"]"}
COMMAND: POST /session/8528a3b8a3d94cb09d60657e161ca13a/elements - {"using":"xpath","value":"//*[@id=\"backBtn\"]"}
RESULT: {"using":"xpath","value":"//*[@id=\"backBtn\"]"}
COMMAND: POST /session/8528a3b8a3d94cb09d60657e161ca13a/elements - {"using":"xpath","value":"//*[@id=\"backBtn\"]"}
RESULT: {"using":"xpath","value":"//*[@id=\"backBtn\"]"}
]]></system-out>
    </testcase>
    <testcase classname="chrome.135_0_7049_96.windows.Sanity_Tests_US104253" name="Should open Jobs Setup page" time="26.08">
      <system-out><![CDATA[
COMMAND: POST /session/8528a3b8a3d94cb09d60657e161ca13a/execute/async - {"script":"<script> [1562 bytes]","args":[{"selector":{"controlType":"sap.m.GenericTile","properties":{"header":"Jobs Setup"}},"wdio_ui5_key":"sapm.GenericTile{\"header\":\"Jobs Setup\"}"}]}
COMMAND: POST /session/8528a3b8a3d94cb09d60657e161ca13a/elements - {"using":"xpath","value":"//*[@id=\"backBtn\"]"}
RESULT: {"script":"<script> [1562 bytes]","args":[{"selector":{"controlType":"sap.m.GenericTile","properties":{"header":"Jobs Setup"}},"wdio_ui5_key":"sapm.GenericTile{\"header\":\"Jobs Setup\"}"}]}
RESULT: undefined
COMMAND: POST /session/8528a3b8a3d94cb09d60657e161ca13a/element - {"using":"xpath","value":"//*[@id=\"__tile128\"]"}
RESULT: {"using":"xpath","value":"//*[@id=\"backBtn\"]"}
RESULT: {"using":"xpath","value":"//*[@id=\"__tile128\"]"}
COMMAND: POST /session/8528a3b8a3d94cb09d60657e161ca13a/element/f.1189DC93B98F8F633B92F8EF9BEFB9FA.d.2810A14520B991873C63C379DA56F125.e.5427/click - {}
COMMAND: POST /session/8528a3b8a3d94cb09d60657e161ca13a/elements - {"using":"xpath","value":"//*[@id=\"backBtn\"]"}
RESULT: {}
COMMAND: GET /session/8528a3b8a3d94cb09d60657e161ca13a/screenshot - {}
RESULT: {"using":"xpath","value":"//*[@id=\"backBtn\"]"}
RESULT: {}
COMMAND: POST /session/8528a3b8a3d94cb09d60657e161ca13a/elements - {"using":"xpath","value":"//*[@id=\"backBtn\"]"}
RESULT: {"using":"xpath","value":"//*[@id=\"backBtn\"]"}
COMMAND: POST /session/8528a3b8a3d94cb09d60657e161ca13a/element - {"using":"xpath","value":"//*[@id=\"backBtn\"]"}
RESULT: {"using":"xpath","value":"//*[@id=\"backBtn\"]"}
COMMAND: POST /session/8528a3b8a3d94cb09d60657e161ca13a/element/f.1189DC93B98F8F633B92F8EF9BEFB9FA.d.2810A14520B991873C63C379DA56F125.e.5379/click - {}
COMMAND: POST /session/8528a3b8a3d94cb09d60657e161ca13a/element - {"using":"xpath","value":"//*[@id=\"backBtn\"]"}
RESULT: {"using":"xpath","value":"//*[@id=\"backBtn\"]"}
COMMAND: POST /session/8528a3b8a3d94cb09d60657e161ca13a/element/f.1189DC93B98F8F633B92F8EF9BEFB9FA.d.2810A14520B991873C63C379DA56F125.e.5491/click - {}
RESULT: {}
COMMAND: GET /session/8528a3b8a3d94cb09d60657e161ca13a/screenshot - {}
RESULT: {}
RESULT: undefined
COMMAND: POST /session/8528a3b8a3d94cb09d60657e161ca13a/element - {"using":"xpath","value":"//*[@id=\"__tile128\"]"}
RESULT: {"using":"xpath","value":"//*[@id=\"__tile128\"]"}
COMMAND: POST /session/8528a3b8a3d94cb09d60657e161ca13a/element/f.1189DC93B98F8F633B92F8EF9BEFB9FA.d.2810A14520B991873C63C379DA56F125.e.5427/click - {}
RESULT: undefined
COMMAND: POST /session/8528a3b8a3d94cb09d60657e161ca13a/element - {"using":"xpath","value":"//*[@id=\"__tile128\"]"}
RESULT: {"using":"xpath","value":"//*[@id=\"__tile128\"]"}
COMMAND: POST /session/8528a3b8a3d94cb09d60657e161ca13a/element/f.1189DC93B98F8F633B92F8EF9BEFB9FA.d.2810A14520B991873C63C379DA56F125.e.5427/click - {}
RESULT: undefined
COMMAND: POST /session/8528a3b8a3d94cb09d60657e161ca13a/execute/async - {"script":"<script> [6424 bytes]","args":[{"element-6066-11e4-a52e-4f735466cecf":"f.1189DC93B98F8F633B92F8EF9BEFB9FA.d.2810A14520B991873C63C379DA56F125.e.295"},"getTitle",[]]}
COMMAND: POST /session/8528a3b8a3d94cb09d60657e161ca13a/execute/async - {"script":"<script> [1562 bytes]","args":[{"selector":{"id":"shellAppTitle"},"wdio_ui5_key":"shellAppTitle"}]}
RESULT: {"script":"<script> [1562 bytes]","args":[{"selector":{"id":"shellAppTitle"},"wdio_ui5_key":"shellAppTitle"}]}
COMMAND: POST /session/8528a3b8a3d94cb09d60657e161ca13a/execute/async - {"script":"<script> [6424 bytes]","args":[{"element-6066-11e4-a52e-4f735466cecf":"f.1189DC93B98F8F633B92F8EF9BEFB9FA.d.2810A14520B991873C63C379DA56F125.e.5518"},"getTitle",[]]}
RESULT: {"script":"<script> [6424 bytes]","args":[{"element-6066-11e4-a52e-4f735466cecf":"f.1189DC93B98F8F633B92F8EF9BEFB9FA.d.2810A14520B991873C63C379DA56F125.e.5518"},"getTitle",[]]}
RESULT: undefined
COMMAND: POST /session/8528a3b8a3d94cb09d60657e161ca13a/element/f.1189DC93B98F8F633B92F8EF9BEFB9FA.d.2810A14520B991873C63C379DA56F125.e.5491/click - {}
COMMAND: POST /session/8528a3b8a3d94cb09d60657e161ca13a/element/f.1189DC93B98F8F633B92F8EF9BEFB9FA.d.2810A14520B991873C63C379DA56F125.e.5491/click - {}
RESULT: {}
COMMAND: GET /session/8528a3b8a3d94cb09d60657e161ca13a/screenshot - {}
RESULT: {}
COMMAND: GET /session/8528a3b8a3d94cb09d60657e161ca13a/screenshot - {}
RESULT: {}
RESULT: {}
]]></system-out>
    </testcase>
    <testcase classname="chrome.135_0_7049_96.windows.Sanity_Tests_US104253" name="Should open Target Systems Configuration page" time="26.031">
      <system-out><![CDATA[
COMMAND: POST /session/8528a3b8a3d94cb09d60657e161ca13a/execute/async - {"script":"<script> [1562 bytes]","args":[{"selector":{"controlType":"sap.m.GenericTile","properties":{"header":"Target Systems Configuration"}},"wdio_ui5_key":"sapm.GenericTile{\"header\":\"Target Systems Configuration\"}"}]}
RESULT: {"script":"<script> [1562 bytes]","args":[{"selector":{"controlType":"sap.m.GenericTile","properties":{"header":"Target Systems Configuration"}},"wdio_ui5_key":"sapm.GenericTile{\"header\":\"Target Systems Configuration\"}"}]}
RESULT: undefined
COMMAND: POST /session/8528a3b8a3d94cb09d60657e161ca13a/element - {"using":"xpath","value":"//*[@id=\"__tile129\"]"}
RESULT: {"using":"xpath","value":"//*[@id=\"__tile129\"]"}
COMMAND: POST /session/8528a3b8a3d94cb09d60657e161ca13a/element/f.1189DC93B98F8F633B92F8EF9BEFB9FA.d.2810A14520B991873C63C379DA56F125.e.5522/click - {}
RESULT: {}
COMMAND: GET /session/8528a3b8a3d94cb09d60657e161ca13a/screenshot - {}
RESULT: {}
RESULT: undefined
COMMAND: POST /session/8528a3b8a3d94cb09d60657e161ca13a/element - {"using":"xpath","value":"//*[@id=\"__tile129\"]"}
RESULT: {"using":"xpath","value":"//*[@id=\"__tile129\"]"}
COMMAND: POST /session/8528a3b8a3d94cb09d60657e161ca13a/element/f.1189DC93B98F8F633B92F8EF9BEFB9FA.d.2810A14520B991873C63C379DA56F125.e.5522/click - {}
RESULT: undefined
COMMAND: POST /session/8528a3b8a3d94cb09d60657e161ca13a/element - {"using":"xpath","value":"//*[@id=\"__tile129\"]"}
RESULT: {"using":"xpath","value":"//*[@id=\"__tile129\"]"}
COMMAND: POST /session/8528a3b8a3d94cb09d60657e161ca13a/element/f.1189DC93B98F8F633B92F8EF9BEFB9FA.d.2810A14520B991873C63C379DA56F125.e.5522/click - {}
RESULT: undefined
COMMAND: POST /session/8528a3b8a3d94cb09d60657e161ca13a/execute/async - {"script":"<script> [6424 bytes]","args":[{"element-6066-11e4-a52e-4f735466cecf":"f.1189DC93B98F8F633B92F8EF9BEFB9FA.d.2810A14520B991873C63C379DA56F125.e.295"},"getTitle",[]]}
COMMAND: POST /session/8528a3b8a3d94cb09d60657e161ca13a/execute/async - {"script":"<script> [1562 bytes]","args":[{"selector":{"id":"shellAppTitle"},"wdio_ui5_key":"shellAppTitle"}]}
RESULT: {"script":"<script> [1562 bytes]","args":[{"selector":{"id":"shellAppTitle"},"wdio_ui5_key":"shellAppTitle"}]}
COMMAND: POST /session/8528a3b8a3d94cb09d60657e161ca13a/execute/async - {"script":"<script> [6424 bytes]","args":[{"element-6066-11e4-a52e-4f735466cecf":"f.1189DC93B98F8F633B92F8EF9BEFB9FA.d.2810A14520B991873C63C379DA56F125.e.5576"},"getTitle",[]]}
RESULT: {"script":"<script> [6424 bytes]","args":[{"element-6066-11e4-a52e-4f735466cecf":"f.1189DC93B98F8F633B92F8EF9BEFB9FA.d.2810A14520B991873C63C379DA56F125.e.5576"},"getTitle",[]]}
RESULT: undefined
COMMAND: POST /session/8528a3b8a3d94cb09d60657e161ca13a/element/f.1189DC93B98F8F633B92F8EF9BEFB9FA.d.2810A14520B991873C63C379DA56F125.e.5491/click - {}
COMMAND: POST /session/8528a3b8a3d94cb09d60657e161ca13a/element/f.1189DC93B98F8F633B92F8EF9BEFB9FA.d.2810A14520B991873C63C379DA56F125.e.5491/click - {}
RESULT: {}
COMMAND: GET /session/8528a3b8a3d94cb09d60657e161ca13a/screenshot - {}
COMMAND: POST /session/8528a3b8a3d94cb09d60657e161ca13a/element - {"using":"xpath","value":"//*[@id=\"backBtn\"]"}
RESULT: {}
RESULT: {"using":"xpath","value":"//*[@id=\"backBtn\"]"}
COMMAND: POST /session/8528a3b8a3d94cb09d60657e161ca13a/elements - {"using":"xpath","value":"//*[@id=\"backBtn\"]"}
RESULT: {"using":"xpath","value":"//*[@id=\"backBtn\"]"}
COMMAND: POST /session/8528a3b8a3d94cb09d60657e161ca13a/elements - {"using":"xpath","value":"//*[@id=\"backBtn\"]"}
RESULT: {"using":"xpath","value":"//*[@id=\"backBtn\"]"}
COMMAND: POST /session/8528a3b8a3d94cb09d60657e161ca13a/elements - {"using":"xpath","value":"//*[@id=\"backBtn\"]"}
RESULT: {"using":"xpath","value":"//*[@id=\"backBtn\"]"}
COMMAND: POST /session/8528a3b8a3d94cb09d60657e161ca13a/elements - {"using":"xpath","value":"//*[@id=\"backBtn\"]"}
RESULT: {"using":"xpath","value":"//*[@id=\"backBtn\"]"}
COMMAND: POST /session/8528a3b8a3d94cb09d60657e161ca13a/elements - {"using":"xpath","value":"//*[@id=\"backBtn\"]"}
RESULT: {"using":"xpath","value":"//*[@id=\"backBtn\"]"}
COMMAND: POST /session/8528a3b8a3d94cb09d60657e161ca13a/elements - {"using":"xpath","value":"//*[@id=\"backBtn\"]"}
RESULT: {"using":"xpath","value":"//*[@id=\"backBtn\"]"}
COMMAND: POST /session/8528a3b8a3d94cb09d60657e161ca13a/elements - {"using":"xpath","value":"//*[@id=\"backBtn\"]"}
RESULT: {"using":"xpath","value":"//*[@id=\"backBtn\"]"}
COMMAND: POST /session/8528a3b8a3d94cb09d60657e161ca13a/elements - {"using":"xpath","value":"//*[@id=\"backBtn\"]"}
RESULT: {"using":"xpath","value":"//*[@id=\"backBtn\"]"}
COMMAND: POST /session/8528a3b8a3d94cb09d60657e161ca13a/elements - {"using":"xpath","value":"//*[@id=\"backBtn\"]"}
RESULT: {"using":"xpath","value":"//*[@id=\"backBtn\"]"}
COMMAND: POST /session/8528a3b8a3d94cb09d60657e161ca13a/elements - {"using":"xpath","value":"//*[@id=\"backBtn\"]"}
RESULT: {"using":"xpath","value":"//*[@id=\"backBtn\"]"}
COMMAND: POST /session/8528a3b8a3d94cb09d60657e161ca13a/elements - {"using":"xpath","value":"//*[@id=\"backBtn\"]"}
RESULT: {"using":"xpath","value":"//*[@id=\"backBtn\"]"}
COMMAND: POST /session/8528a3b8a3d94cb09d60657e161ca13a/elements - {"using":"xpath","value":"//*[@id=\"backBtn\"]"}
RESULT: {"using":"xpath","value":"//*[@id=\"backBtn\"]"}
COMMAND: POST /session/8528a3b8a3d94cb09d60657e161ca13a/elements - {"using":"xpath","value":"//*[@id=\"backBtn\"]"}
RESULT: {"using":"xpath","value":"//*[@id=\"backBtn\"]"}
COMMAND: POST /session/8528a3b8a3d94cb09d60657e161ca13a/elements - {"using":"xpath","value":"//*[@id=\"backBtn\"]"}
RESULT: {"using":"xpath","value":"//*[@id=\"backBtn\"]"}
COMMAND: POST /session/8528a3b8a3d94cb09d60657e161ca13a/elements - {"using":"xpath","value":"//*[@id=\"backBtn\"]"}
RESULT: {"using":"xpath","value":"//*[@id=\"backBtn\"]"}
COMMAND: POST /session/8528a3b8a3d94cb09d60657e161ca13a/elements - {"using":"xpath","value":"//*[@id=\"backBtn\"]"}
RESULT: {"using":"xpath","value":"//*[@id=\"backBtn\"]"}
COMMAND: POST /session/8528a3b8a3d94cb09d60657e161ca13a/elements - {"using":"xpath","value":"//*[@id=\"backBtn\"]"}
RESULT: {"using":"xpath","value":"//*[@id=\"backBtn\"]"}
COMMAND: POST /session/8528a3b8a3d94cb09d60657e161ca13a/elements - {"using":"xpath","value":"//*[@id=\"backBtn\"]"}
RESULT: {"using":"xpath","value":"//*[@id=\"backBtn\"]"}
COMMAND: POST /session/8528a3b8a3d94cb09d60657e161ca13a/elements - {"using":"xpath","value":"//*[@id=\"backBtn\"]"}
RESULT: {"using":"xpath","value":"//*[@id=\"backBtn\"]"}
COMMAND: POST /session/8528a3b8a3d94cb09d60657e161ca13a/elements - {"using":"xpath","value":"//*[@id=\"backBtn\"]"}
RESULT: {"using":"xpath","value":"//*[@id=\"backBtn\"]"}
COMMAND: POST /session/8528a3b8a3d94cb09d60657e161ca13a/elements - {"using":"xpath","value":"//*[@id=\"backBtn\"]"}
RESULT: {"using":"xpath","value":"//*[@id=\"backBtn\"]"}
COMMAND: POST /session/8528a3b8a3d94cb09d60657e161ca13a/elements - {"using":"xpath","value":"//*[@id=\"backBtn\"]"}
RESULT: {"using":"xpath","value":"//*[@id=\"backBtn\"]"}
COMMAND: POST /session/8528a3b8a3d94cb09d60657e161ca13a/elements - {"using":"xpath","value":"//*[@id=\"backBtn\"]"}
RESULT: {"using":"xpath","value":"//*[@id=\"backBtn\"]"}
COMMAND: POST /session/8528a3b8a3d94cb09d60657e161ca13a/elements - {"using":"xpath","value":"//*[@id=\"backBtn\"]"}
RESULT: {"using":"xpath","value":"//*[@id=\"backBtn\"]"}
COMMAND: POST /session/8528a3b8a3d94cb09d60657e161ca13a/elements - {"using":"xpath","value":"//*[@id=\"backBtn\"]"}
RESULT: {"using":"xpath","value":"//*[@id=\"backBtn\"]"}
COMMAND: POST /session/8528a3b8a3d94cb09d60657e161ca13a/elements - {"using":"xpath","value":"//*[@id=\"backBtn\"]"}
RESULT: {"using":"xpath","value":"//*[@id=\"backBtn\"]"}
COMMAND: POST /session/8528a3b8a3d94cb09d60657e161ca13a/elements - {"using":"xpath","value":"//*[@id=\"backBtn\"]"}
RESULT: {"using":"xpath","value":"//*[@id=\"backBtn\"]"}
COMMAND: POST /session/8528a3b8a3d94cb09d60657e161ca13a/elements - {"using":"xpath","value":"//*[@id=\"backBtn\"]"}
RESULT: {"using":"xpath","value":"//*[@id=\"backBtn\"]"}
COMMAND: POST /session/8528a3b8a3d94cb09d60657e161ca13a/elements - {"using":"xpath","value":"//*[@id=\"backBtn\"]"}
RESULT: {"using":"xpath","value":"//*[@id=\"backBtn\"]"}
COMMAND: POST /session/8528a3b8a3d94cb09d60657e161ca13a/elements - {"using":"xpath","value":"//*[@id=\"backBtn\"]"}
RESULT: {"using":"xpath","value":"//*[@id=\"backBtn\"]"}
COMMAND: POST /session/8528a3b8a3d94cb09d60657e161ca13a/elements - {"using":"xpath","value":"//*[@id=\"backBtn\"]"}
RESULT: {"using":"xpath","value":"//*[@id=\"backBtn\"]"}
COMMAND: POST /session/8528a3b8a3d94cb09d60657e161ca13a/elements - {"using":"xpath","value":"//*[@id=\"backBtn\"]"}
RESULT: {"using":"xpath","value":"//*[@id=\"backBtn\"]"}
COMMAND: POST /session/8528a3b8a3d94cb09d60657e161ca13a/elements - {"using":"xpath","value":"//*[@id=\"backBtn\"]"}
RESULT: {"using":"xpath","value":"//*[@id=\"backBtn\"]"}
COMMAND: POST /session/8528a3b8a3d94cb09d60657e161ca13a/elements - {"using":"xpath","value":"//*[@id=\"backBtn\"]"}
RESULT: {"using":"xpath","value":"//*[@id=\"backBtn\"]"}
COMMAND: POST /session/8528a3b8a3d94cb09d60657e161ca13a/elements - {"using":"xpath","value":"//*[@id=\"backBtn\"]"}
RESULT: {"using":"xpath","value":"//*[@id=\"backBtn\"]"}
COMMAND: POST /session/8528a3b8a3d94cb09d60657e161ca13a/elements - {"using":"xpath","value":"//*[@id=\"backBtn\"]"}
RESULT: {"using":"xpath","value":"//*[@id=\"backBtn\"]"}
COMMAND: POST /session/8528a3b8a3d94cb09d60657e161ca13a/elements - {"using":"xpath","value":"//*[@id=\"backBtn\"]"}
RESULT: {"using":"xpath","value":"//*[@id=\"backBtn\"]"}
COMMAND: POST /session/8528a3b8a3d94cb09d60657e161ca13a/elements - {"using":"xpath","value":"//*[@id=\"backBtn\"]"}
RESULT: {"using":"xpath","value":"//*[@id=\"backBtn\"]"}
COMMAND: POST /session/8528a3b8a3d94cb09d60657e161ca13a/elements - {"using":"xpath","value":"//*[@id=\"backBtn\"]"}
RESULT: {"using":"xpath","value":"//*[@id=\"backBtn\"]"}
COMMAND: DELETE /session/8528a3b8a3d94cb09d60657e161ca13a - {}
RESULT: {}
]]></system-out>
    </testcase>
  </testsuite>
</testsuites>