<?xml version="1.0" encoding="UTF-8"?>
<testsuites tests="5" failures="0" errors="0" skipped="0">
  <testsuite timestamp="2025-05-07T18:07:16" time="319.487" tests="5" failures="0" errors="0" skipped="0">
    <properties>
      <property name="specId" value="0" />
      <property name="suiteName" value="Address Management Tests US151165 US151160" />
      <property name="capabilities" value="chrome.136_0_7103_49.windows" />
      <property name="file" value="file:///D:/a/1/s/test/specs/BTS/address-management.spec.js" />
    </properties>
    <testcase classname="chrome.136_0_7103_49.windows.Address_Management_Tests_US151165_US151160" name="Step 1 Will check existence of address created with generated name if none then we create" time="61.914">
      <system-out><![CDATA[
COMMAND: POST /session/c2882caf9731b20431ad33ba28a351df/execute/async - {"script":"<script> [1562 bytes]","args":[{"selector":{"controlType":"sap.m.GenericTile","properties":{"header":"Address Management"}},"wdio_ui5_key":"sapm.GenericTile{\"header\":\"Address Management\"}"}]}
RESULT: {"script":"<script> [1562 bytes]","args":[{"selector":{"controlType":"sap.m.GenericTile","properties":{"header":"Address Management"}},"wdio_ui5_key":"sapm.GenericTile{\"header\":\"Address Management\"}"}]}
RESULT: undefined
COMMAND: POST /session/c2882caf9731b20431ad33ba28a351df/element - {"using":"xpath","value":"//*[@id=\"__tile33\"]"}
RESULT: {"using":"xpath","value":"//*[@id=\"__tile33\"]"}
COMMAND: POST /session/c2882caf9731b20431ad33ba28a351df/element/f.F5FFF54E7EE576FC37DE45379FAA919A.d.7609E250BC73A69CA4CB1C98CEA159E8.e.216/click - {}
RESULT: {}
COMMAND: POST /session/c2882caf9731b20431ad33ba28a351df/element - {"using":"xpath","value":"//button[@data-kt=\"addButton\"]"}
COMMAND: GET /session/c2882caf9731b20431ad33ba28a351df/screenshot - {}
RESULT: {}
RESULT: {"using":"xpath","value":"//button[@data-kt=\"addButton\"]"}
COMMAND: POST /session/c2882caf9731b20431ad33ba28a351df/elements - {"using":"xpath","value":"//button[@data-kt=\"addButton\"]"}
RESULT: {"using":"xpath","value":"//button[@data-kt=\"addButton\"]"}
COMMAND: POST /session/c2882caf9731b20431ad33ba28a351df/elements - {"using":"xpath","value":"//button[@data-kt=\"addButton\"]"}
RESULT: {"using":"xpath","value":"//button[@data-kt=\"addButton\"]"}
COMMAND: POST /session/c2882caf9731b20431ad33ba28a351df/elements - {"using":"xpath","value":"//button[@data-kt=\"addButton\"]"}
RESULT: {"using":"xpath","value":"//button[@data-kt=\"addButton\"]"}
COMMAND: POST /session/c2882caf9731b20431ad33ba28a351df/elements - {"using":"xpath","value":"//button[@data-kt=\"addButton\"]"}
RESULT: {"using":"xpath","value":"//button[@data-kt=\"addButton\"]"}
COMMAND: POST /session/c2882caf9731b20431ad33ba28a351df/elements - {"using":"xpath","value":"//button[@data-kt=\"addButton\"]"}
RESULT: {"using":"xpath","value":"//button[@data-kt=\"addButton\"]"}
COMMAND: POST /session/c2882caf9731b20431ad33ba28a351df/elements - {"using":"xpath","value":"//button[@data-kt=\"addButton\"]"}
RESULT: {"using":"xpath","value":"//button[@data-kt=\"addButton\"]"}
COMMAND: POST /session/c2882caf9731b20431ad33ba28a351df/elements - {"using":"xpath","value":"//button[@data-kt=\"addButton\"]"}
RESULT: {"using":"xpath","value":"//button[@data-kt=\"addButton\"]"}
COMMAND: POST /session/c2882caf9731b20431ad33ba28a351df/elements - {"using":"xpath","value":"//button[@data-kt=\"addButton\"]"}
RESULT: {"using":"xpath","value":"//button[@data-kt=\"addButton\"]"}
COMMAND: POST /session/c2882caf9731b20431ad33ba28a351df/elements - {"using":"xpath","value":"//button[@data-kt=\"addButton\"]"}
RESULT: {"using":"xpath","value":"//button[@data-kt=\"addButton\"]"}
COMMAND: POST /session/c2882caf9731b20431ad33ba28a351df/elements - {"using":"xpath","value":"//button[@data-kt=\"addButton\"]"}
RESULT: {"using":"xpath","value":"//button[@data-kt=\"addButton\"]"}
COMMAND: POST /session/c2882caf9731b20431ad33ba28a351df/elements - {"using":"xpath","value":"//button[@data-kt=\"addButton\"]"}
RESULT: {"using":"xpath","value":"//button[@data-kt=\"addButton\"]"}
COMMAND: POST /session/c2882caf9731b20431ad33ba28a351df/elements - {"using":"xpath","value":"//button[@data-kt=\"addButton\"]"}
RESULT: {"using":"xpath","value":"//button[@data-kt=\"addButton\"]"}
COMMAND: POST /session/c2882caf9731b20431ad33ba28a351df/elements - {"using":"xpath","value":"//button[@data-kt=\"addButton\"]"}
RESULT: {"using":"xpath","value":"//button[@data-kt=\"addButton\"]"}
COMMAND: POST /session/c2882caf9731b20431ad33ba28a351df/elements - {"using":"xpath","value":"//button[@data-kt=\"addButton\"]"}
RESULT: {"using":"xpath","value":"//button[@data-kt=\"addButton\"]"}
COMMAND: POST /session/c2882caf9731b20431ad33ba28a351df/elements - {"using":"xpath","value":"//button[@data-kt=\"addButton\"]"}
RESULT: {"using":"xpath","value":"//button[@data-kt=\"addButton\"]"}
COMMAND: POST /session/c2882caf9731b20431ad33ba28a351df/elements - {"using":"xpath","value":"//button[@data-kt=\"addButton\"]"}
RESULT: {"using":"xpath","value":"//button[@data-kt=\"addButton\"]"}
COMMAND: POST /session/c2882caf9731b20431ad33ba28a351df/elements - {"using":"xpath","value":"//button[@data-kt=\"addButton\"]"}
RESULT: {"using":"xpath","value":"//button[@data-kt=\"addButton\"]"}
COMMAND: POST /session/c2882caf9731b20431ad33ba28a351df/elements - {"using":"xpath","value":"//button[@data-kt=\"addButton\"]"}
RESULT: {"using":"xpath","value":"//button[@data-kt=\"addButton\"]"}
COMMAND: POST /session/c2882caf9731b20431ad33ba28a351df/elements - {"using":"xpath","value":"//button[@data-kt=\"addButton\"]"}
RESULT: {"using":"xpath","value":"//button[@data-kt=\"addButton\"]"}
COMMAND: POST /session/c2882caf9731b20431ad33ba28a351df/elements - {"using":"xpath","value":"//button[@data-kt=\"addButton\"]"}
RESULT: {"using":"xpath","value":"//button[@data-kt=\"addButton\"]"}
COMMAND: POST /session/c2882caf9731b20431ad33ba28a351df/elements - {"using":"xpath","value":"//button[@data-kt=\"addButton\"]"}
RESULT: {"using":"xpath","value":"//button[@data-kt=\"addButton\"]"}
COMMAND: POST /session/c2882caf9731b20431ad33ba28a351df/elements - {"using":"xpath","value":"//button[@data-kt=\"addButton\"]"}
RESULT: {"using":"xpath","value":"//button[@data-kt=\"addButton\"]"}
COMMAND: POST /session/c2882caf9731b20431ad33ba28a351df/elements - {"using":"xpath","value":"//button[@data-kt=\"addButton\"]"}
RESULT: {"using":"xpath","value":"//button[@data-kt=\"addButton\"]"}
COMMAND: POST /session/c2882caf9731b20431ad33ba28a351df/elements - {"using":"xpath","value":"//button[@data-kt=\"addButton\"]"}
RESULT: {"using":"xpath","value":"//button[@data-kt=\"addButton\"]"}
COMMAND: POST /session/c2882caf9731b20431ad33ba28a351df/elements - {"using":"xpath","value":"//button[@data-kt=\"addButton\"]"}
RESULT: {"using":"xpath","value":"//button[@data-kt=\"addButton\"]"}
COMMAND: POST /session/c2882caf9731b20431ad33ba28a351df/elements - {"using":"xpath","value":"//button[@data-kt=\"addButton\"]"}
RESULT: {"using":"xpath","value":"//button[@data-kt=\"addButton\"]"}
COMMAND: POST /session/c2882caf9731b20431ad33ba28a351df/elements - {"using":"xpath","value":"//button[@data-kt=\"addButton\"]"}
RESULT: {"using":"xpath","value":"//button[@data-kt=\"addButton\"]"}
COMMAND: POST /session/c2882caf9731b20431ad33ba28a351df/element - {"using":"xpath","value":"//button[@data-kt=\"addButton\"]"}
RESULT: {"using":"xpath","value":"//button[@data-kt=\"addButton\"]"}
COMMAND: POST /session/c2882caf9731b20431ad33ba28a351df/execute/sync - {"script":"<script> [8489 bytes]","args":[{"element-6066-11e4-a52e-4f735466cecf":"f.F5FFF54E7EE576FC37DE45379FAA919A.d.7609E250BC73A69CA4CB1C98CEA159E8.e.302","ELEMENT":"f.F5FFF54E7EE576FC37DE45379FAA919A.d.7609E250BC73A69CA4CB1C98CEA159E8.e.302"}]}
RESULT: {"script":"<script> [8489 bytes]","args":[{"element-6066-11e4-a52e-4f735466cecf":"f.F5FFF54E7EE576FC37DE45379FAA919A.d.7609E250BC73A69CA4CB1C98CEA159E8.e.302","ELEMENT":"f.F5FFF54E7EE576FC37DE45379FAA919A.d.7609E250BC73A69CA4CB1C98CEA159E8.e.302"}]}
COMMAND: GET /session/c2882caf9731b20431ad33ba28a351df/element/f.F5FFF54E7EE576FC37DE45379FAA919A.d.7609E250BC73A69CA4CB1C98CEA159E8.e.302/enabled - {}
COMMAND: GET /session/c2882caf9731b20431ad33ba28a351df/screenshot - {}
RESULT: {}
RESULT: {}
COMMAND: POST /session/c2882caf9731b20431ad33ba28a351df/execute/sync - {"script":"<script> [8489 bytes]","args":[{"element-6066-11e4-a52e-4f735466cecf":"f.F5FFF54E7EE576FC37DE45379FAA919A.d.7609E250BC73A69CA4CB1C98CEA159E8.e.302","ELEMENT":"f.F5FFF54E7EE576FC37DE45379FAA919A.d.7609E250BC73A69CA4CB1C98CEA159E8.e.302"}]}
COMMAND: GET /session/c2882caf9731b20431ad33ba28a351df/screenshot - {}
RESULT: {"script":"<script> [8489 bytes]","args":[{"element-6066-11e4-a52e-4f735466cecf":"f.F5FFF54E7EE576FC37DE45379FAA919A.d.7609E250BC73A69CA4CB1C98CEA159E8.e.302","ELEMENT":"f.F5FFF54E7EE576FC37DE45379FAA919A.d.7609E250BC73A69CA4CB1C98CEA159E8.e.302"}]}
COMMAND: POST /session/c2882caf9731b20431ad33ba28a351df/execute/sync - {"script":"<script> [5351 bytes]","args":[{"element-6066-11e4-a52e-4f735466cecf":"f.F5FFF54E7EE576FC37DE45379FAA919A.d.7609E250BC73A69CA4CB1C98CEA159E8.e.302","ELEMENT":"f.F5FFF54E7EE576FC37DE45379FAA919A.d.7609E250BC73A69CA4CB1C98CEA159E8.e.302"}]}
COMMAND: GET /session/c2882caf9731b20431ad33ba28a351df/screenshot - {}
RESULT: {}
RESULT: {"script":"<script> [5351 bytes]","args":[{"element-6066-11e4-a52e-4f735466cecf":"f.F5FFF54E7EE576FC37DE45379FAA919A.d.7609E250BC73A69CA4CB1C98CEA159E8.e.302","ELEMENT":"f.F5FFF54E7EE576FC37DE45379FAA919A.d.7609E250BC73A69CA4CB1C98CEA159E8.e.302"}]}
COMMAND: GET /session/c2882caf9731b20431ad33ba28a351df/screenshot - {}
RESULT: {}
RESULT: {}
COMMAND: POST /session/c2882caf9731b20431ad33ba28a351df/execute/async - {"script":"<script> [1562 bytes]","args":[{"selector":{"id":"application-addressmanagement-display-component---masterAdm--smartFilterBar-btnBasicSearch","interaction":{"idSuffix":"I"}},"wdio_ui5_key":"applicationaddressmanagement-display-component---masterAdm--smartFilterBar-btnBasicSearch"}]}
RESULT: {"script":"<script> [1562 bytes]","args":[{"selector":{"id":"application-addressmanagement-display-component---masterAdm--smartFilterBar-btnBasicSearch","interaction":{"idSuffix":"I"}},"wdio_ui5_key":"applicationaddressmanagement-display-component---masterAdm--smartFilterBar-btnBasicSearch"}]}
RESULT: undefined
COMMAND: POST /session/c2882caf9731b20431ad33ba28a351df/execute/async - {"script":"<script> [776 bytes]","args":[{"enterText":"5wkDU8beFn","selector":{"id":"application-addressmanagement-display-component---masterAdm--smartFilterBar-btnBasicSearch","interaction":{"idSuffix":"I"}},"clearTextFirst":true,"interactionType":"ENTER_TEXT"}]}
RESULT: {"script":"<script> [776 bytes]","args":[{"enterText":"5wkDU8beFn","selector":{"id":"application-addressmanagement-display-component---masterAdm--smartFilterBar-btnBasicSearch","interaction":{"idSuffix":"I"}},"clearTextFirst":true,"interactionType":"ENTER_TEXT"}]}
COMMAND: POST /session/c2882caf9731b20431ad33ba28a351df/actions - {"actions":[{"id":"action1","type":"key","parameters":{},"actions":[{"type":"keyDown","value":"î€‡"},{"type":"pause","duration":10},{"type":"keyUp","value":"î€‡"}]}]}
RESULT: {"actions":[{"id":"action1","type":"key","parameters":{},"actions":[{"type":"keyDown","value":"î€‡"},{"type":"pause","duration":10},{"type":"keyUp","value":"î€‡"}]}]}
COMMAND: GET /session/c2882caf9731b20431ad33ba28a351df/screenshot - {}
RESULT: {}
COMMAND: POST /session/c2882caf9731b20431ad33ba28a351df/elements - {"using":"xpath","value":"//table[contains(@id, \"customPersonsAddressesTable-listUl\")]/tbody/tr"}
RESULT: {"using":"xpath","value":"//table[contains(@id, \"customPersonsAddressesTable-listUl\")]/tbody/tr"}
COMMAND: POST /session/c2882caf9731b20431ad33ba28a351df/element - {"using":"xpath","value":"//table[contains(@id, \"customPersonsAddressesTable-listUl\")]/tbody/tr[1]/td[5]/span/span"}
RESULT: {"using":"xpath","value":"//table[contains(@id, \"customPersonsAddressesTable-listUl\")]/tbody/tr[1]/td[5]/span/span"}
COMMAND: POST /session/c2882caf9731b20431ad33ba28a351df/element - {"using":"xpath","value":"//table[contains(@id, \"customPersonsAddressesTable-listUl\")]/tbody/tr[1]/td[3]/span"}
RESULT: {"using":"xpath","value":"//table[contains(@id, \"customPersonsAddressesTable-listUl\")]/tbody/tr[1]/td[3]/span"}
COMMAND: POST /session/c2882caf9731b20431ad33ba28a351df/elements - {"using":"xpath","value":"//table[contains(@id, \"customPersonsAddressesTable-listUl\")]/tbody/tr[1]/td[5]/span/span"}
RESULT: {"using":"xpath","value":"//table[contains(@id, \"customPersonsAddressesTable-listUl\")]/tbody/tr[1]/td[5]/span/span"}
COMMAND: POST /session/c2882caf9731b20431ad33ba28a351df/element - {"using":"xpath","value":"//span[@id=\"application-addressmanagement-display-component---masterAdm--smartTable-header-inner\"]"}
RESULT: {"using":"xpath","value":"//span[@id=\"application-addressmanagement-display-component---masterAdm--smartTable-header-inner\"]"}
COMMAND: POST /session/c2882caf9731b20431ad33ba28a351df/elements - {"using":"xpath","value":"//span[@id=\"application-addressmanagement-display-component---masterAdm--smartTable-header-inner\"]"}
RESULT: {"using":"xpath","value":"//span[@id=\"application-addressmanagement-display-component---masterAdm--smartTable-header-inner\"]"}
COMMAND: POST /session/c2882caf9731b20431ad33ba28a351df/execute/sync - {"script":"<script> [56 bytes]","args":[{"element-6066-11e4-a52e-4f735466cecf":"f.F5FFF54E7EE576FC37DE45379FAA919A.d.7609E250BC73A69CA4CB1C98CEA159E8.e.443","ELEMENT":"f.F5FFF54E7EE576FC37DE45379FAA919A.d.7609E250BC73A69CA4CB1C98CEA159E8.e.443"}]}
RESULT: {"script":"<script> [56 bytes]","args":[{"element-6066-11e4-a52e-4f735466cecf":"f.F5FFF54E7EE576FC37DE45379FAA919A.d.7609E250BC73A69CA4CB1C98CEA159E8.e.443","ELEMENT":"f.F5FFF54E7EE576FC37DE45379FAA919A.d.7609E250BC73A69CA4CB1C98CEA159E8.e.443"}]}
COMMAND: POST /session/c2882caf9731b20431ad33ba28a351df/element - {"using":"xpath","value":"//button[@data-kt=\"addButton\"]"}
COMMAND: GET /session/c2882caf9731b20431ad33ba28a351df/screenshot - {}
RESULT: {"using":"xpath","value":"//button[@data-kt=\"addButton\"]"}
COMMAND: POST /session/c2882caf9731b20431ad33ba28a351df/element/f.F5FFF54E7EE576FC37DE45379FAA919A.d.7609E250BC73A69CA4CB1C98CEA159E8.e.302/click - {}
RESULT: {}
RESULT: {}
COMMAND: GET /session/c2882caf9731b20431ad33ba28a351df/screenshot - {}
RESULT: {}
COMMAND: POST /session/c2882caf9731b20431ad33ba28a351df/execute/async - {"script":"<script> [1562 bytes]","args":[{"selector":{"controlType":"sap.ui.core.Icon","viewName":"etm.portal.ui.addressmanagement.view.NewAddress","properties":{"src":{"regex":{"source":"slim\\-arrow\\-down"}}},"ancestor":{"id":"addressTitle","viewName":"etm.portal.ui.addressmanagement.view.NewAddress"}},"wdio_ui5_key":"etmportal.ui.addressmanagement.view.NewAddresssap.ui.core.Icon{\"src\":{\"regex\":{\"source\":\"slim\\\\-arrow\\\\-down\"}}}{\"id\":\"addressTitle\",\"viewName\":\"etm.portal.ui.addressmanagement.view.NewAddress\"}"}]}
RESULT: {"script":"<script> [1562 bytes]","args":[{"selector":{"controlType":"sap.ui.core.Icon","viewName":"etm.portal.ui.addressmanagement.view.NewAddress","properties":{"src":{"regex":{"source":"slim\\-arrow\\-down"}}},"ancestor":{"id":"addressTitle","viewName":"etm.portal.ui.addressmanagement.view.NewAddress"}},"wdio_ui5_key":"etmportal.ui.addressmanagement.view.NewAddresssap.ui.core.Icon{\"src\":{\"regex\":{\"source\":\"slim\\\\-arrow\\\\-down\"}}}{\"id\":\"addressTitle\",\"viewName\":\"etm.portal.ui.addressmanagement.view.NewAddress\"}"}]}
RESULT: undefined
COMMAND: POST /session/c2882caf9731b20431ad33ba28a351df/element - {"using":"xpath","value":"//*[@id=\"__xmlview58--addressTitle-arrow\"]"}
RESULT: {"using":"xpath","value":"//*[@id=\"__xmlview58--addressTitle-arrow\"]"}
COMMAND: POST /session/c2882caf9731b20431ad33ba28a351df/element/f.F5FFF54E7EE576FC37DE45379FAA919A.d.7609E250BC73A69CA4CB1C98CEA159E8.e.471/click - {}
RESULT: {}
COMMAND: GET /session/c2882caf9731b20431ad33ba28a351df/screenshot - {}
RESULT: {}
COMMAND: POST /session/c2882caf9731b20431ad33ba28a351df/element - {"using":"xpath","value":"//li[.//span[text()=\"Dr.\"]]"}
RESULT: {"using":"xpath","value":"//li[.//span[text()=\"Dr.\"]]"}
COMMAND: POST /session/c2882caf9731b20431ad33ba28a351df/element/f.F5FFF54E7EE576FC37DE45379FAA919A.d.7609E250BC73A69CA4CB1C98CEA159E8.e.583/click - {}
RESULT: {}
COMMAND: POST /session/c2882caf9731b20431ad33ba28a351df/execute/async - {"script":"<script> [1562 bytes]","args":[{"selector":{"controlType":"sap.ui.core.Icon","viewName":"etm.portal.ui.addressmanagement.view.NewAddress","properties":{"src":{"regex":{"source":"slim\\-arrow\\-down"}}},"ancestor":{"id":"addressDetailDetailsLanguage","viewName":"etm.portal.ui.addressmanagement.view.NewAddress"}},"wdio_ui5_key":"etmportal.ui.addressmanagement.view.NewAddresssap.ui.core.Icon{\"src\":{\"regex\":{\"source\":\"slim\\\\-arrow\\\\-down\"}}}{\"id\":\"addressDetailDetailsLanguage\",\"viewName\":\"etm.portal.ui.addressmanagement.view.NewAddress\"}"}]}
COMMAND: GET /session/c2882caf9731b20431ad33ba28a351df/screenshot - {}
RESULT: {"script":"<script> [1562 bytes]","args":[{"selector":{"controlType":"sap.ui.core.Icon","viewName":"etm.portal.ui.addressmanagement.view.NewAddress","properties":{"src":{"regex":{"source":"slim\\-arrow\\-down"}}},"ancestor":{"id":"addressDetailDetailsLanguage","viewName":"etm.portal.ui.addressmanagement.view.NewAddress"}},"wdio_ui5_key":"etmportal.ui.addressmanagement.view.NewAddresssap.ui.core.Icon{\"src\":{\"regex\":{\"source\":\"slim\\\\-arrow\\\\-down\"}}}{\"id\":\"addressDetailDetailsLanguage\",\"viewName\":\"etm.portal.ui.addressmanagement.view.NewAddress\"}"}]}
RESULT: undefined
COMMAND: POST /session/c2882caf9731b20431ad33ba28a351df/element - {"using":"xpath","value":"//*[@id=\"__xmlview58--addressDetailDetailsLanguage-arrow\"]"}
RESULT: {}
RESULT: {"using":"xpath","value":"//*[@id=\"__xmlview58--addressDetailDetailsLanguage-arrow\"]"}
COMMAND: POST /session/c2882caf9731b20431ad33ba28a351df/element/f.F5FFF54E7EE576FC37DE45379FAA919A.d.7609E250BC73A69CA4CB1C98CEA159E8.e.484/click - {}
RESULT: {}
COMMAND: GET /session/c2882caf9731b20431ad33ba28a351df/screenshot - {}
RESULT: {}
COMMAND: POST /session/c2882caf9731b20431ad33ba28a351df/element - {"using":"xpath","value":"//span[contains(text(), \"English\")]"}
RESULT: {"using":"xpath","value":"//span[contains(text(), \"English\")]"}
COMMAND: POST /session/c2882caf9731b20431ad33ba28a351df/element/f.F5FFF54E7EE576FC37DE45379FAA919A.d.7609E250BC73A69CA4CB1C98CEA159E8.e.584/click - {}
RESULT: {}
COMMAND: POST /session/c2882caf9731b20431ad33ba28a351df/execute/async - {"script":"<script> [1562 bytes]","args":[{"selector":{"controlType":"sap.m.Input","viewName":"etm.portal.ui.addressmanagement.view.NewAddress","labelFor":{"text":"Name"},"interaction":{"idSuffix":"inner"}},"wdio_ui5_key":"etmportal.ui.addressmanagement.view.NewAddresssap.m.Input{\"text\":\"Name\"}"}]}
COMMAND: GET /session/c2882caf9731b20431ad33ba28a351df/screenshot - {}
RESULT: {"script":"<script> [1562 bytes]","args":[{"selector":{"controlType":"sap.m.Input","viewName":"etm.portal.ui.addressmanagement.view.NewAddress","labelFor":{"text":"Name"},"interaction":{"idSuffix":"inner"}},"wdio_ui5_key":"etmportal.ui.addressmanagement.view.NewAddresssap.m.Input{\"text\":\"Name\"}"}]}
RESULT: undefined
COMMAND: POST /session/c2882caf9731b20431ad33ba28a351df/execute/async - {"script":"<script> [776 bytes]","args":[{"enterText":"5wkDU8beFn","selector":{"controlType":"sap.m.Input","viewName":"etm.portal.ui.addressmanagement.view.NewAddress","labelFor":{"text":"Name"},"interaction":{"idSuffix":"inner"}},"clearTextFirst":true,"interactionType":"ENTER_TEXT"}]}
RESULT: {}
RESULT: {"script":"<script> [776 bytes]","args":[{"enterText":"5wkDU8beFn","selector":{"controlType":"sap.m.Input","viewName":"etm.portal.ui.addressmanagement.view.NewAddress","labelFor":{"text":"Name"},"interaction":{"idSuffix":"inner"}},"clearTextFirst":true,"interactionType":"ENTER_TEXT"}]}
COMMAND: POST /session/c2882caf9731b20431ad33ba28a351df/element - {"using":"xpath","value":"//button[@title=\"Save\"]"}
RESULT: {"using":"xpath","value":"//button[@title=\"Save\"]"}
COMMAND: POST /session/c2882caf9731b20431ad33ba28a351df/element/f.F5FFF54E7EE576FC37DE45379FAA919A.d.7609E250BC73A69CA4CB1C98CEA159E8.e.571/click - {}
RESULT: {}
COMMAND: GET /session/c2882caf9731b20431ad33ba28a351df/screenshot - {}
RESULT: {}
COMMAND: POST /session/c2882caf9731b20431ad33ba28a351df/element - {"using":"xpath","value":"//header[contains(@id, \"application-addressmanagement-display-component---detailAdm--ObjectPageLayout-headerTitle\")]/div[1]/div[3]/div[2]/span"}
RESULT: {"using":"xpath","value":"//header[contains(@id, \"application-addressmanagement-display-component---detailAdm--ObjectPageLayout-headerTitle\")]/div[1]/div[3]/div[2]/span"}
COMMAND: POST /session/c2882caf9731b20431ad33ba28a351df/elements - {"using":"xpath","value":"//header[contains(@id, \"application-addressmanagement-display-component---detailAdm--ObjectPageLayout-headerTitle\")]/div[1]/div[3]/div[2]/span"}
RESULT: {"using":"xpath","value":"//header[contains(@id, \"application-addressmanagement-display-component---detailAdm--ObjectPageLayout-headerTitle\")]/div[1]/div[3]/div[2]/span"}
COMMAND: POST /session/c2882caf9731b20431ad33ba28a351df/execute/sync - {"script":"<script> [56 bytes]","args":[{"element-6066-11e4-a52e-4f735466cecf":"f.F5FFF54E7EE576FC37DE45379FAA919A.d.7609E250BC73A69CA4CB1C98CEA159E8.e.605","ELEMENT":"f.F5FFF54E7EE576FC37DE45379FAA919A.d.7609E250BC73A69CA4CB1C98CEA159E8.e.605"}]}
RESULT: {"script":"<script> [56 bytes]","args":[{"element-6066-11e4-a52e-4f735466cecf":"f.F5FFF54E7EE576FC37DE45379FAA919A.d.7609E250BC73A69CA4CB1C98CEA159E8.e.605","ELEMENT":"f.F5FFF54E7EE576FC37DE45379FAA919A.d.7609E250BC73A69CA4CB1C98CEA159E8.e.605"}]}
COMMAND: GET /session/c2882caf9731b20431ad33ba28a351df/screenshot - {}
RESULT: {}
COMMAND: POST /session/c2882caf9731b20431ad33ba28a351df/element - {"using":"css selector","value":"#shell-header-logo"}
RESULT: {"using":"css selector","value":"#shell-header-logo"}
COMMAND: POST /session/c2882caf9731b20431ad33ba28a351df/element/f.F5FFF54E7EE576FC37DE45379FAA919A.d.7609E250BC73A69CA4CB1C98CEA159E8.e.266/click - {}
RESULT: {}
COMMAND: GET /session/c2882caf9731b20431ad33ba28a351df/screenshot - {}
RESULT: {}
]]></system-out>
    </testcase>
    <testcase classname="chrome.136_0_7103_49.windows.Address_Management_Tests_US151165_US151160" name="Step 2 Should deactivate the created address in earlier step US151165" time="41.557">
      <system-out><![CDATA[
RESULT: undefined
COMMAND: POST /session/c2882caf9731b20431ad33ba28a351df/element - {"using":"xpath","value":"//*[@id=\"__tile33\"]"}
RESULT: {"using":"xpath","value":"//*[@id=\"__tile33\"]"}
COMMAND: POST /session/c2882caf9731b20431ad33ba28a351df/element/f.F5FFF54E7EE576FC37DE45379FAA919A.d.7609E250BC73A69CA4CB1C98CEA159E8.e.216/click - {}
RESULT: {}
COMMAND: POST /session/c2882caf9731b20431ad33ba28a351df/element - {"using":"xpath","value":"//button[@data-kt=\"addButton\"]"}
COMMAND: GET /session/c2882caf9731b20431ad33ba28a351df/screenshot - {}
RESULT: {"using":"xpath","value":"//button[@data-kt=\"addButton\"]"}
COMMAND: POST /session/c2882caf9731b20431ad33ba28a351df/elements - {"using":"xpath","value":"//button[@data-kt=\"addButton\"]"}
RESULT: {}
RESULT: {"using":"xpath","value":"//button[@data-kt=\"addButton\"]"}
COMMAND: POST /session/c2882caf9731b20431ad33ba28a351df/element - {"using":"xpath","value":"//button[@data-kt=\"addButton\"]"}
RESULT: {"using":"xpath","value":"//button[@data-kt=\"addButton\"]"}
COMMAND: POST /session/c2882caf9731b20431ad33ba28a351df/execute/sync - {"script":"<script> [8489 bytes]","args":[{"element-6066-11e4-a52e-4f735466cecf":"f.F5FFF54E7EE576FC37DE45379FAA919A.d.7609E250BC73A69CA4CB1C98CEA159E8.e.668","ELEMENT":"f.F5FFF54E7EE576FC37DE45379FAA919A.d.7609E250BC73A69CA4CB1C98CEA159E8.e.668"}]}
RESULT: {"script":"<script> [8489 bytes]","args":[{"element-6066-11e4-a52e-4f735466cecf":"f.F5FFF54E7EE576FC37DE45379FAA919A.d.7609E250BC73A69CA4CB1C98CEA159E8.e.668","ELEMENT":"f.F5FFF54E7EE576FC37DE45379FAA919A.d.7609E250BC73A69CA4CB1C98CEA159E8.e.668"}]}
COMMAND: GET /session/c2882caf9731b20431ad33ba28a351df/element/f.F5FFF54E7EE576FC37DE45379FAA919A.d.7609E250BC73A69CA4CB1C98CEA159E8.e.668/enabled - {}
COMMAND: GET /session/c2882caf9731b20431ad33ba28a351df/screenshot - {}
RESULT: {}
COMMAND: POST /session/c2882caf9731b20431ad33ba28a351df/execute/sync - {"script":"<script> [8489 bytes]","args":[{"element-6066-11e4-a52e-4f735466cecf":"f.F5FFF54E7EE576FC37DE45379FAA919A.d.7609E250BC73A69CA4CB1C98CEA159E8.e.668","ELEMENT":"f.F5FFF54E7EE576FC37DE45379FAA919A.d.7609E250BC73A69CA4CB1C98CEA159E8.e.668"}]}
COMMAND: GET /session/c2882caf9731b20431ad33ba28a351df/screenshot - {}
RESULT: {}
RESULT: {"script":"<script> [8489 bytes]","args":[{"element-6066-11e4-a52e-4f735466cecf":"f.F5FFF54E7EE576FC37DE45379FAA919A.d.7609E250BC73A69CA4CB1C98CEA159E8.e.668","ELEMENT":"f.F5FFF54E7EE576FC37DE45379FAA919A.d.7609E250BC73A69CA4CB1C98CEA159E8.e.668"}]}
COMMAND: POST /session/c2882caf9731b20431ad33ba28a351df/execute/sync - {"script":"<script> [5351 bytes]","args":[{"element-6066-11e4-a52e-4f735466cecf":"f.F5FFF54E7EE576FC37DE45379FAA919A.d.7609E250BC73A69CA4CB1C98CEA159E8.e.668","ELEMENT":"f.F5FFF54E7EE576FC37DE45379FAA919A.d.7609E250BC73A69CA4CB1C98CEA159E8.e.668"}]}
COMMAND: GET /session/c2882caf9731b20431ad33ba28a351df/screenshot - {}
RESULT: {}
RESULT: {"script":"<script> [5351 bytes]","args":[{"element-6066-11e4-a52e-4f735466cecf":"f.F5FFF54E7EE576FC37DE45379FAA919A.d.7609E250BC73A69CA4CB1C98CEA159E8.e.668","ELEMENT":"f.F5FFF54E7EE576FC37DE45379FAA919A.d.7609E250BC73A69CA4CB1C98CEA159E8.e.668"}]}
COMMAND: GET /session/c2882caf9731b20431ad33ba28a351df/screenshot - {}
RESULT: {}
RESULT: {}
RESULT: undefined
COMMAND: POST /session/c2882caf9731b20431ad33ba28a351df/execute/async - {"script":"<script> [776 bytes]","args":[{"enterText":"5wkDU8beFn","selector":{"id":"application-addressmanagement-display-component---masterAdm--smartFilterBar-btnBasicSearch","interaction":{"idSuffix":"I"}},"clearTextFirst":true,"interactionType":"ENTER_TEXT"}]}
RESULT: {"script":"<script> [776 bytes]","args":[{"enterText":"5wkDU8beFn","selector":{"id":"application-addressmanagement-display-component---masterAdm--smartFilterBar-btnBasicSearch","interaction":{"idSuffix":"I"}},"clearTextFirst":true,"interactionType":"ENTER_TEXT"}]}
COMMAND: POST /session/c2882caf9731b20431ad33ba28a351df/actions - {"actions":[{"id":"action2","type":"key","parameters":{},"actions":[{"type":"keyDown","value":"î€‡"},{"type":"pause","duration":10},{"type":"keyUp","value":"î€‡"}]}]}
RESULT: {"actions":[{"id":"action2","type":"key","parameters":{},"actions":[{"type":"keyDown","value":"î€‡"},{"type":"pause","duration":10},{"type":"keyUp","value":"î€‡"}]}]}
COMMAND: GET /session/c2882caf9731b20431ad33ba28a351df/screenshot - {}
RESULT: {}
COMMAND: POST /session/c2882caf9731b20431ad33ba28a351df/elements - {"using":"xpath","value":"//table[contains(@id, \"customPersonsAddressesTable-listUl\")]/tbody/tr"}
RESULT: {"using":"xpath","value":"//table[contains(@id, \"customPersonsAddressesTable-listUl\")]/tbody/tr"}
COMMAND: POST /session/c2882caf9731b20431ad33ba28a351df/element - {"using":"xpath","value":"//table[contains(@id, \"customPersonsAddressesTable-listUl\")]/tbody/tr[1]/td[5]/span/span"}
RESULT: {"using":"xpath","value":"//table[contains(@id, \"customPersonsAddressesTable-listUl\")]/tbody/tr[1]/td[5]/span/span"}
COMMAND: POST /session/c2882caf9731b20431ad33ba28a351df/element - {"using":"xpath","value":"//table[contains(@id, \"customPersonsAddressesTable-listUl\")]/tbody/tr[1]/td[3]/span"}
RESULT: {"using":"xpath","value":"//table[contains(@id, \"customPersonsAddressesTable-listUl\")]/tbody/tr[1]/td[3]/span"}
COMMAND: POST /session/c2882caf9731b20431ad33ba28a351df/elements - {"using":"xpath","value":"//table[contains(@id, \"customPersonsAddressesTable-listUl\")]/tbody/tr[1]/td[5]/span/span"}
RESULT: {"using":"xpath","value":"//table[contains(@id, \"customPersonsAddressesTable-listUl\")]/tbody/tr[1]/td[5]/span/span"}
COMMAND: POST /session/c2882caf9731b20431ad33ba28a351df/execute/sync - {"script":"<script> [56 bytes]","args":[{"element-6066-11e4-a52e-4f735466cecf":"f.F5FFF54E7EE576FC37DE45379FAA919A.d.7609E250BC73A69CA4CB1C98CEA159E8.e.807","ELEMENT":"f.F5FFF54E7EE576FC37DE45379FAA919A.d.7609E250BC73A69CA4CB1C98CEA159E8.e.807"}]}
RESULT: {"script":"<script> [56 bytes]","args":[{"element-6066-11e4-a52e-4f735466cecf":"f.F5FFF54E7EE576FC37DE45379FAA919A.d.7609E250BC73A69CA4CB1C98CEA159E8.e.807","ELEMENT":"f.F5FFF54E7EE576FC37DE45379FAA919A.d.7609E250BC73A69CA4CB1C98CEA159E8.e.807"}]}
COMMAND: POST /session/c2882caf9731b20431ad33ba28a351df/execute/sync - {"script":"<script> [56 bytes]","args":[{"element-6066-11e4-a52e-4f735466cecf":"f.F5FFF54E7EE576FC37DE45379FAA919A.d.7609E250BC73A69CA4CB1C98CEA159E8.e.808","ELEMENT":"f.F5FFF54E7EE576FC37DE45379FAA919A.d.7609E250BC73A69CA4CB1C98CEA159E8.e.808"}]}
COMMAND: GET /session/c2882caf9731b20431ad33ba28a351df/screenshot - {}
RESULT: {"script":"<script> [56 bytes]","args":[{"element-6066-11e4-a52e-4f735466cecf":"f.F5FFF54E7EE576FC37DE45379FAA919A.d.7609E250BC73A69CA4CB1C98CEA159E8.e.808","ELEMENT":"f.F5FFF54E7EE576FC37DE45379FAA919A.d.7609E250BC73A69CA4CB1C98CEA159E8.e.808"}]}
COMMAND: POST /session/c2882caf9731b20431ad33ba28a351df/element - {"using":"xpath","value":"//table[contains(@id, \"customPersonsAddressesTable-listUl\")]/tbody/tr[1]/td[10]/div/span"}
COMMAND: GET /session/c2882caf9731b20431ad33ba28a351df/screenshot - {}
RESULT: {}
RESULT: {"using":"xpath","value":"//table[contains(@id, \"customPersonsAddressesTable-listUl\")]/tbody/tr[1]/td[10]/div/span"}
COMMAND: POST /session/c2882caf9731b20431ad33ba28a351df/execute/sync - {"script":"<script> [56 bytes]","args":[{"element-6066-11e4-a52e-4f735466cecf":"f.F5FFF54E7EE576FC37DE45379FAA919A.d.7609E250BC73A69CA4CB1C98CEA159E8.e.809","ELEMENT":"f.F5FFF54E7EE576FC37DE45379FAA919A.d.7609E250BC73A69CA4CB1C98CEA159E8.e.809"}]}
RESULT: {}
RESULT: {"script":"<script> [56 bytes]","args":[{"element-6066-11e4-a52e-4f735466cecf":"f.F5FFF54E7EE576FC37DE45379FAA919A.d.7609E250BC73A69CA4CB1C98CEA159E8.e.809","ELEMENT":"f.F5FFF54E7EE576FC37DE45379FAA919A.d.7609E250BC73A69CA4CB1C98CEA159E8.e.809"}]}
COMMAND: POST /session/c2882caf9731b20431ad33ba28a351df/element - {"using":"xpath","value":"//table[contains(@id, \"customPersonsAddressesTable-listUl\")]/tbody/tr[1]/td[2]/div/div"}
COMMAND: GET /session/c2882caf9731b20431ad33ba28a351df/screenshot - {}
RESULT: {"using":"xpath","value":"//table[contains(@id, \"customPersonsAddressesTable-listUl\")]/tbody/tr[1]/td[2]/div/div"}
COMMAND: POST /session/c2882caf9731b20431ad33ba28a351df/element/f.F5FFF54E7EE576FC37DE45379FAA919A.d.7609E250BC73A69CA4CB1C98CEA159E8.e.810/click - {}
RESULT: {}
RESULT: {}
COMMAND: GET /session/c2882caf9731b20431ad33ba28a351df/screenshot - {}
RESULT: {}
COMMAND: POST /session/c2882caf9731b20431ad33ba28a351df/element - {"using":"xpath","value":"//bdi[contains(text(), \"Deactivate\")]"}
RESULT: {"using":"xpath","value":"//bdi[contains(text(), \"Deactivate\")]"}
COMMAND: POST /session/c2882caf9731b20431ad33ba28a351df/element/f.F5FFF54E7EE576FC37DE45379FAA919A.d.7609E250BC73A69CA4CB1C98CEA159E8.e.811/click - {}
RESULT: {}
COMMAND: GET /session/c2882caf9731b20431ad33ba28a351df/screenshot - {}
RESULT: {}
COMMAND: POST /session/c2882caf9731b20431ad33ba28a351df/element - {"using":"xpath","value":"//bdi[contains(text(), \"Yes\")]"}
RESULT: {"using":"xpath","value":"//bdi[contains(text(), \"Yes\")]"}
COMMAND: POST /session/c2882caf9731b20431ad33ba28a351df/element/f.F5FFF54E7EE576FC37DE45379FAA919A.d.7609E250BC73A69CA4CB1C98CEA159E8.e.813/click - {}
RESULT: {}
COMMAND: GET /session/c2882caf9731b20431ad33ba28a351df/screenshot - {}
RESULT: {}
COMMAND: POST /session/c2882caf9731b20431ad33ba28a351df/element - {"using":"xpath","value":"//table[contains(@id, \"customPersonsAddressesTable-listUl\")]/tbody/tr[1]/td[10]/div/span"}
RESULT: {"using":"xpath","value":"//table[contains(@id, \"customPersonsAddressesTable-listUl\")]/tbody/tr[1]/td[10]/div/span"}
COMMAND: POST /session/c2882caf9731b20431ad33ba28a351df/execute/sync - {"script":"<script> [56 bytes]","args":[{"element-6066-11e4-a52e-4f735466cecf":"f.F5FFF54E7EE576FC37DE45379FAA919A.d.7609E250BC73A69CA4CB1C98CEA159E8.e.809","ELEMENT":"f.F5FFF54E7EE576FC37DE45379FAA919A.d.7609E250BC73A69CA4CB1C98CEA159E8.e.809"}]}
RESULT: {"script":"<script> [56 bytes]","args":[{"element-6066-11e4-a52e-4f735466cecf":"f.F5FFF54E7EE576FC37DE45379FAA919A.d.7609E250BC73A69CA4CB1C98CEA159E8.e.809","ELEMENT":"f.F5FFF54E7EE576FC37DE45379FAA919A.d.7609E250BC73A69CA4CB1C98CEA159E8.e.809"}]}
COMMAND: GET /session/c2882caf9731b20431ad33ba28a351df/screenshot - {}
RESULT: {}
COMMAND: POST /session/c2882caf9731b20431ad33ba28a351df/element - {"using":"css selector","value":"#shell-header-logo"}
RESULT: {"using":"css selector","value":"#shell-header-logo"}
COMMAND: POST /session/c2882caf9731b20431ad33ba28a351df/element/f.F5FFF54E7EE576FC37DE45379FAA919A.d.7609E250BC73A69CA4CB1C98CEA159E8.e.610/click - {}
RESULT: {}
COMMAND: GET /session/c2882caf9731b20431ad33ba28a351df/screenshot - {}
RESULT: {}
]]></system-out>
    </testcase>
    <testcase classname="chrome.136_0_7103_49.windows.Address_Management_Tests_US151165_US151160" name="Step 3 Should activate the created address back again US151160" time="41.487">
      <system-out><![CDATA[
RESULT: undefined
COMMAND: POST /session/c2882caf9731b20431ad33ba28a351df/element - {"using":"xpath","value":"//*[@id=\"__tile33\"]"}
RESULT: {"using":"xpath","value":"//*[@id=\"__tile33\"]"}
COMMAND: POST /session/c2882caf9731b20431ad33ba28a351df/element/f.F5FFF54E7EE576FC37DE45379FAA919A.d.7609E250BC73A69CA4CB1C98CEA159E8.e.216/click - {}
RESULT: {}
COMMAND: POST /session/c2882caf9731b20431ad33ba28a351df/element - {"using":"xpath","value":"//button[@data-kt=\"addButton\"]"}
COMMAND: GET /session/c2882caf9731b20431ad33ba28a351df/screenshot - {}
RESULT: {"using":"xpath","value":"//button[@data-kt=\"addButton\"]"}
COMMAND: POST /session/c2882caf9731b20431ad33ba28a351df/elements - {"using":"xpath","value":"//button[@data-kt=\"addButton\"]"}
RESULT: {}
RESULT: {"using":"xpath","value":"//button[@data-kt=\"addButton\"]"}
COMMAND: POST /session/c2882caf9731b20431ad33ba28a351df/execute/sync - {"script":"<script> [8489 bytes]","args":[{"element-6066-11e4-a52e-4f735466cecf":"f.F5FFF54E7EE576FC37DE45379FAA919A.d.7609E250BC73A69CA4CB1C98CEA159E8.e.875","ELEMENT":"f.F5FFF54E7EE576FC37DE45379FAA919A.d.7609E250BC73A69CA4CB1C98CEA159E8.e.875"}]}
RESULT: {"script":"<script> [8489 bytes]","args":[{"element-6066-11e4-a52e-4f735466cecf":"f.F5FFF54E7EE576FC37DE45379FAA919A.d.7609E250BC73A69CA4CB1C98CEA159E8.e.875","ELEMENT":"f.F5FFF54E7EE576FC37DE45379FAA919A.d.7609E250BC73A69CA4CB1C98CEA159E8.e.875"}]}
COMMAND: GET /session/c2882caf9731b20431ad33ba28a351df/element/f.F5FFF54E7EE576FC37DE45379FAA919A.d.7609E250BC73A69CA4CB1C98CEA159E8.e.875/enabled - {}
COMMAND: GET /session/c2882caf9731b20431ad33ba28a351df/screenshot - {}
RESULT: {}
COMMAND: POST /session/c2882caf9731b20431ad33ba28a351df/execute/sync - {"script":"<script> [8489 bytes]","args":[{"element-6066-11e4-a52e-4f735466cecf":"f.F5FFF54E7EE576FC37DE45379FAA919A.d.7609E250BC73A69CA4CB1C98CEA159E8.e.875","ELEMENT":"f.F5FFF54E7EE576FC37DE45379FAA919A.d.7609E250BC73A69CA4CB1C98CEA159E8.e.875"}]}
COMMAND: GET /session/c2882caf9731b20431ad33ba28a351df/screenshot - {}
RESULT: {}
RESULT: {"script":"<script> [8489 bytes]","args":[{"element-6066-11e4-a52e-4f735466cecf":"f.F5FFF54E7EE576FC37DE45379FAA919A.d.7609E250BC73A69CA4CB1C98CEA159E8.e.875","ELEMENT":"f.F5FFF54E7EE576FC37DE45379FAA919A.d.7609E250BC73A69CA4CB1C98CEA159E8.e.875"}]}
COMMAND: POST /session/c2882caf9731b20431ad33ba28a351df/execute/sync - {"script":"<script> [5351 bytes]","args":[{"element-6066-11e4-a52e-4f735466cecf":"f.F5FFF54E7EE576FC37DE45379FAA919A.d.7609E250BC73A69CA4CB1C98CEA159E8.e.875","ELEMENT":"f.F5FFF54E7EE576FC37DE45379FAA919A.d.7609E250BC73A69CA4CB1C98CEA159E8.e.875"}]}
COMMAND: GET /session/c2882caf9731b20431ad33ba28a351df/screenshot - {}
RESULT: {}
RESULT: {"script":"<script> [5351 bytes]","args":[{"element-6066-11e4-a52e-4f735466cecf":"f.F5FFF54E7EE576FC37DE45379FAA919A.d.7609E250BC73A69CA4CB1C98CEA159E8.e.875","ELEMENT":"f.F5FFF54E7EE576FC37DE45379FAA919A.d.7609E250BC73A69CA4CB1C98CEA159E8.e.875"}]}
COMMAND: GET /session/c2882caf9731b20431ad33ba28a351df/screenshot - {}
RESULT: {}
RESULT: {}
RESULT: undefined
COMMAND: POST /session/c2882caf9731b20431ad33ba28a351df/execute/async - {"script":"<script> [776 bytes]","args":[{"enterText":"5wkDU8beFn","selector":{"id":"application-addressmanagement-display-component---masterAdm--smartFilterBar-btnBasicSearch","interaction":{"idSuffix":"I"}},"clearTextFirst":true,"interactionType":"ENTER_TEXT"}]}
RESULT: {"script":"<script> [776 bytes]","args":[{"enterText":"5wkDU8beFn","selector":{"id":"application-addressmanagement-display-component---masterAdm--smartFilterBar-btnBasicSearch","interaction":{"idSuffix":"I"}},"clearTextFirst":true,"interactionType":"ENTER_TEXT"}]}
COMMAND: POST /session/c2882caf9731b20431ad33ba28a351df/actions - {"actions":[{"id":"action3","type":"key","parameters":{},"actions":[{"type":"keyDown","value":"î€‡"},{"type":"pause","duration":10},{"type":"keyUp","value":"î€‡"}]}]}
RESULT: {"actions":[{"id":"action3","type":"key","parameters":{},"actions":[{"type":"keyDown","value":"î€‡"},{"type":"pause","duration":10},{"type":"keyUp","value":"î€‡"}]}]}
COMMAND: GET /session/c2882caf9731b20431ad33ba28a351df/screenshot - {}
RESULT: {}
COMMAND: POST /session/c2882caf9731b20431ad33ba28a351df/elements - {"using":"xpath","value":"//table[contains(@id, \"customPersonsAddressesTable-listUl\")]/tbody/tr"}
RESULT: {"using":"xpath","value":"//table[contains(@id, \"customPersonsAddressesTable-listUl\")]/tbody/tr"}
COMMAND: POST /session/c2882caf9731b20431ad33ba28a351df/element - {"using":"xpath","value":"//table[contains(@id, \"customPersonsAddressesTable-listUl\")]/tbody/tr[1]/td[5]/span/span"}
RESULT: {"using":"xpath","value":"//table[contains(@id, \"customPersonsAddressesTable-listUl\")]/tbody/tr[1]/td[5]/span/span"}
COMMAND: POST /session/c2882caf9731b20431ad33ba28a351df/element - {"using":"xpath","value":"//table[contains(@id, \"customPersonsAddressesTable-listUl\")]/tbody/tr[1]/td[3]/span"}
RESULT: {"using":"xpath","value":"//table[contains(@id, \"customPersonsAddressesTable-listUl\")]/tbody/tr[1]/td[3]/span"}
COMMAND: POST /session/c2882caf9731b20431ad33ba28a351df/elements - {"using":"xpath","value":"//table[contains(@id, \"customPersonsAddressesTable-listUl\")]/tbody/tr[1]/td[5]/span/span"}
RESULT: {"using":"xpath","value":"//table[contains(@id, \"customPersonsAddressesTable-listUl\")]/tbody/tr[1]/td[5]/span/span"}
COMMAND: POST /session/c2882caf9731b20431ad33ba28a351df/execute/sync - {"script":"<script> [56 bytes]","args":[{"element-6066-11e4-a52e-4f735466cecf":"f.F5FFF54E7EE576FC37DE45379FAA919A.d.7609E250BC73A69CA4CB1C98CEA159E8.e.1017","ELEMENT":"f.F5FFF54E7EE576FC37DE45379FAA919A.d.7609E250BC73A69CA4CB1C98CEA159E8.e.1017"}]}
RESULT: {"script":"<script> [56 bytes]","args":[{"element-6066-11e4-a52e-4f735466cecf":"f.F5FFF54E7EE576FC37DE45379FAA919A.d.7609E250BC73A69CA4CB1C98CEA159E8.e.1017","ELEMENT":"f.F5FFF54E7EE576FC37DE45379FAA919A.d.7609E250BC73A69CA4CB1C98CEA159E8.e.1017"}]}
COMMAND: POST /session/c2882caf9731b20431ad33ba28a351df/execute/sync - {"script":"<script> [56 bytes]","args":[{"element-6066-11e4-a52e-4f735466cecf":"f.F5FFF54E7EE576FC37DE45379FAA919A.d.7609E250BC73A69CA4CB1C98CEA159E8.e.1018","ELEMENT":"f.F5FFF54E7EE576FC37DE45379FAA919A.d.7609E250BC73A69CA4CB1C98CEA159E8.e.1018"}]}
COMMAND: GET /session/c2882caf9731b20431ad33ba28a351df/screenshot - {}
RESULT: {"script":"<script> [56 bytes]","args":[{"element-6066-11e4-a52e-4f735466cecf":"f.F5FFF54E7EE576FC37DE45379FAA919A.d.7609E250BC73A69CA4CB1C98CEA159E8.e.1018","ELEMENT":"f.F5FFF54E7EE576FC37DE45379FAA919A.d.7609E250BC73A69CA4CB1C98CEA159E8.e.1018"}]}
COMMAND: POST /session/c2882caf9731b20431ad33ba28a351df/element - {"using":"xpath","value":"//table[contains(@id, \"customPersonsAddressesTable-listUl\")]/tbody/tr[1]/td[10]/div/span"}
COMMAND: GET /session/c2882caf9731b20431ad33ba28a351df/screenshot - {}
RESULT: {}
RESULT: {"using":"xpath","value":"//table[contains(@id, \"customPersonsAddressesTable-listUl\")]/tbody/tr[1]/td[10]/div/span"}
COMMAND: POST /session/c2882caf9731b20431ad33ba28a351df/execute/sync - {"script":"<script> [56 bytes]","args":[{"element-6066-11e4-a52e-4f735466cecf":"f.F5FFF54E7EE576FC37DE45379FAA919A.d.7609E250BC73A69CA4CB1C98CEA159E8.e.1019","ELEMENT":"f.F5FFF54E7EE576FC37DE45379FAA919A.d.7609E250BC73A69CA4CB1C98CEA159E8.e.1019"}]}
RESULT: {}
RESULT: {"script":"<script> [56 bytes]","args":[{"element-6066-11e4-a52e-4f735466cecf":"f.F5FFF54E7EE576FC37DE45379FAA919A.d.7609E250BC73A69CA4CB1C98CEA159E8.e.1019","ELEMENT":"f.F5FFF54E7EE576FC37DE45379FAA919A.d.7609E250BC73A69CA4CB1C98CEA159E8.e.1019"}]}
COMMAND: POST /session/c2882caf9731b20431ad33ba28a351df/element - {"using":"xpath","value":"//table[contains(@id, \"customPersonsAddressesTable-listUl\")]/tbody/tr[1]/td[2]/div/div"}
COMMAND: GET /session/c2882caf9731b20431ad33ba28a351df/screenshot - {}
RESULT: {"using":"xpath","value":"//table[contains(@id, \"customPersonsAddressesTable-listUl\")]/tbody/tr[1]/td[2]/div/div"}
COMMAND: POST /session/c2882caf9731b20431ad33ba28a351df/element/f.F5FFF54E7EE576FC37DE45379FAA919A.d.7609E250BC73A69CA4CB1C98CEA159E8.e.1020/click - {}
RESULT: {}
RESULT: {}
COMMAND: GET /session/c2882caf9731b20431ad33ba28a351df/screenshot - {}
RESULT: {}
COMMAND: POST /session/c2882caf9731b20431ad33ba28a351df/element - {"using":"xpath","value":"//bdi[contains(text(), \"Activate\")]"}
RESULT: {"using":"xpath","value":"//bdi[contains(text(), \"Activate\")]"}
COMMAND: POST /session/c2882caf9731b20431ad33ba28a351df/element/f.F5FFF54E7EE576FC37DE45379FAA919A.d.7609E250BC73A69CA4CB1C98CEA159E8.e.1021/click - {}
RESULT: {}
COMMAND: GET /session/c2882caf9731b20431ad33ba28a351df/screenshot - {}
RESULT: {}
COMMAND: POST /session/c2882caf9731b20431ad33ba28a351df/element - {"using":"xpath","value":"//bdi[contains(text(), \"Yes\")]"}
RESULT: {"using":"xpath","value":"//bdi[contains(text(), \"Yes\")]"}
COMMAND: POST /session/c2882caf9731b20431ad33ba28a351df/element/f.F5FFF54E7EE576FC37DE45379FAA919A.d.7609E250BC73A69CA4CB1C98CEA159E8.e.1023/click - {}
RESULT: {}
COMMAND: GET /session/c2882caf9731b20431ad33ba28a351df/screenshot - {}
RESULT: {}
COMMAND: POST /session/c2882caf9731b20431ad33ba28a351df/element - {"using":"xpath","value":"//table[contains(@id, \"customPersonsAddressesTable-listUl\")]/tbody/tr[1]/td[10]/div/span"}
RESULT: {"using":"xpath","value":"//table[contains(@id, \"customPersonsAddressesTable-listUl\")]/tbody/tr[1]/td[10]/div/span"}
COMMAND: POST /session/c2882caf9731b20431ad33ba28a351df/execute/sync - {"script":"<script> [56 bytes]","args":[{"element-6066-11e4-a52e-4f735466cecf":"f.F5FFF54E7EE576FC37DE45379FAA919A.d.7609E250BC73A69CA4CB1C98CEA159E8.e.1019","ELEMENT":"f.F5FFF54E7EE576FC37DE45379FAA919A.d.7609E250BC73A69CA4CB1C98CEA159E8.e.1019"}]}
RESULT: {"script":"<script> [56 bytes]","args":[{"element-6066-11e4-a52e-4f735466cecf":"f.F5FFF54E7EE576FC37DE45379FAA919A.d.7609E250BC73A69CA4CB1C98CEA159E8.e.1019","ELEMENT":"f.F5FFF54E7EE576FC37DE45379FAA919A.d.7609E250BC73A69CA4CB1C98CEA159E8.e.1019"}]}
COMMAND: GET /session/c2882caf9731b20431ad33ba28a351df/screenshot - {}
RESULT: {}
COMMAND: POST /session/c2882caf9731b20431ad33ba28a351df/element - {"using":"css selector","value":"#shell-header-logo"}
RESULT: {"using":"css selector","value":"#shell-header-logo"}
COMMAND: POST /session/c2882caf9731b20431ad33ba28a351df/element/f.F5FFF54E7EE576FC37DE45379FAA919A.d.7609E250BC73A69CA4CB1C98CEA159E8.e.821/click - {}
RESULT: {}
COMMAND: GET /session/c2882caf9731b20431ad33ba28a351df/screenshot - {}
RESULT: {}
]]></system-out>
    </testcase>
    <testcase classname="chrome.136_0_7103_49.windows.Address_Management_Tests_US151165_US151160" name="Step 4 Should add an attachment to the created address US151166" time="55.618">
      <system-out><![CDATA[
RESULT: undefined
COMMAND: POST /session/c2882caf9731b20431ad33ba28a351df/element - {"using":"xpath","value":"//*[@id=\"__tile33\"]"}
RESULT: {"using":"xpath","value":"//*[@id=\"__tile33\"]"}
COMMAND: POST /session/c2882caf9731b20431ad33ba28a351df/element/f.F5FFF54E7EE576FC37DE45379FAA919A.d.7609E250BC73A69CA4CB1C98CEA159E8.e.216/click - {}
RESULT: {}
COMMAND: POST /session/c2882caf9731b20431ad33ba28a351df/element - {"using":"xpath","value":"//button[@data-kt=\"addButton\"]"}
COMMAND: GET /session/c2882caf9731b20431ad33ba28a351df/screenshot - {}
RESULT: {"using":"xpath","value":"//button[@data-kt=\"addButton\"]"}
COMMAND: POST /session/c2882caf9731b20431ad33ba28a351df/elements - {"using":"xpath","value":"//button[@data-kt=\"addButton\"]"}
RESULT: {}
RESULT: {"using":"xpath","value":"//button[@data-kt=\"addButton\"]"}
COMMAND: POST /session/c2882caf9731b20431ad33ba28a351df/elements - {"using":"xpath","value":"//button[@data-kt=\"addButton\"]"}
RESULT: {"using":"xpath","value":"//button[@data-kt=\"addButton\"]"}
COMMAND: POST /session/c2882caf9731b20431ad33ba28a351df/element - {"using":"xpath","value":"//button[@data-kt=\"addButton\"]"}
RESULT: {"using":"xpath","value":"//button[@data-kt=\"addButton\"]"}
COMMAND: POST /session/c2882caf9731b20431ad33ba28a351df/execute/sync - {"script":"<script> [8489 bytes]","args":[{"element-6066-11e4-a52e-4f735466cecf":"f.F5FFF54E7EE576FC37DE45379FAA919A.d.7609E250BC73A69CA4CB1C98CEA159E8.e.1085","ELEMENT":"f.F5FFF54E7EE576FC37DE45379FAA919A.d.7609E250BC73A69CA4CB1C98CEA159E8.e.1085"}]}
RESULT: {"script":"<script> [8489 bytes]","args":[{"element-6066-11e4-a52e-4f735466cecf":"f.F5FFF54E7EE576FC37DE45379FAA919A.d.7609E250BC73A69CA4CB1C98CEA159E8.e.1085","ELEMENT":"f.F5FFF54E7EE576FC37DE45379FAA919A.d.7609E250BC73A69CA4CB1C98CEA159E8.e.1085"}]}
COMMAND: GET /session/c2882caf9731b20431ad33ba28a351df/element/f.F5FFF54E7EE576FC37DE45379FAA919A.d.7609E250BC73A69CA4CB1C98CEA159E8.e.1085/enabled - {}
COMMAND: GET /session/c2882caf9731b20431ad33ba28a351df/screenshot - {}
RESULT: {}
COMMAND: POST /session/c2882caf9731b20431ad33ba28a351df/execute/sync - {"script":"<script> [8489 bytes]","args":[{"element-6066-11e4-a52e-4f735466cecf":"f.F5FFF54E7EE576FC37DE45379FAA919A.d.7609E250BC73A69CA4CB1C98CEA159E8.e.1085","ELEMENT":"f.F5FFF54E7EE576FC37DE45379FAA919A.d.7609E250BC73A69CA4CB1C98CEA159E8.e.1085"}]}
COMMAND: GET /session/c2882caf9731b20431ad33ba28a351df/screenshot - {}
RESULT: {}
RESULT: {"script":"<script> [8489 bytes]","args":[{"element-6066-11e4-a52e-4f735466cecf":"f.F5FFF54E7EE576FC37DE45379FAA919A.d.7609E250BC73A69CA4CB1C98CEA159E8.e.1085","ELEMENT":"f.F5FFF54E7EE576FC37DE45379FAA919A.d.7609E250BC73A69CA4CB1C98CEA159E8.e.1085"}]}
COMMAND: POST /session/c2882caf9731b20431ad33ba28a351df/execute/sync - {"script":"<script> [5351 bytes]","args":[{"element-6066-11e4-a52e-4f735466cecf":"f.F5FFF54E7EE576FC37DE45379FAA919A.d.7609E250BC73A69CA4CB1C98CEA159E8.e.1085","ELEMENT":"f.F5FFF54E7EE576FC37DE45379FAA919A.d.7609E250BC73A69CA4CB1C98CEA159E8.e.1085"}]}
COMMAND: GET /session/c2882caf9731b20431ad33ba28a351df/screenshot - {}
RESULT: {}
RESULT: {"script":"<script> [5351 bytes]","args":[{"element-6066-11e4-a52e-4f735466cecf":"f.F5FFF54E7EE576FC37DE45379FAA919A.d.7609E250BC73A69CA4CB1C98CEA159E8.e.1085","ELEMENT":"f.F5FFF54E7EE576FC37DE45379FAA919A.d.7609E250BC73A69CA4CB1C98CEA159E8.e.1085"}]}
COMMAND: GET /session/c2882caf9731b20431ad33ba28a351df/screenshot - {}
RESULT: {}
RESULT: {}
RESULT: undefined
COMMAND: POST /session/c2882caf9731b20431ad33ba28a351df/execute/async - {"script":"<script> [776 bytes]","args":[{"enterText":"5wkDU8beFn","selector":{"id":"application-addressmanagement-display-component---masterAdm--smartFilterBar-btnBasicSearch","interaction":{"idSuffix":"I"}},"clearTextFirst":true,"interactionType":"ENTER_TEXT"}]}
RESULT: {"script":"<script> [776 bytes]","args":[{"enterText":"5wkDU8beFn","selector":{"id":"application-addressmanagement-display-component---masterAdm--smartFilterBar-btnBasicSearch","interaction":{"idSuffix":"I"}},"clearTextFirst":true,"interactionType":"ENTER_TEXT"}]}
COMMAND: POST /session/c2882caf9731b20431ad33ba28a351df/actions - {"actions":[{"id":"action4","type":"key","parameters":{},"actions":[{"type":"keyDown","value":"î€‡"},{"type":"pause","duration":10},{"type":"keyUp","value":"î€‡"}]}]}
RESULT: {"actions":[{"id":"action4","type":"key","parameters":{},"actions":[{"type":"keyDown","value":"î€‡"},{"type":"pause","duration":10},{"type":"keyUp","value":"î€‡"}]}]}
COMMAND: GET /session/c2882caf9731b20431ad33ba28a351df/screenshot - {}
RESULT: {}
COMMAND: POST /session/c2882caf9731b20431ad33ba28a351df/elements - {"using":"xpath","value":"//table[contains(@id, \"customPersonsAddressesTable-listUl\")]/tbody/tr"}
RESULT: {"using":"xpath","value":"//table[contains(@id, \"customPersonsAddressesTable-listUl\")]/tbody/tr"}
COMMAND: POST /session/c2882caf9731b20431ad33ba28a351df/element - {"using":"xpath","value":"//table[contains(@id, \"customPersonsAddressesTable-listUl\")]/tbody/tr[1]/td[5]/span/span"}
RESULT: {"using":"xpath","value":"//table[contains(@id, \"customPersonsAddressesTable-listUl\")]/tbody/tr[1]/td[5]/span/span"}
COMMAND: POST /session/c2882caf9731b20431ad33ba28a351df/element - {"using":"xpath","value":"//table[contains(@id, \"customPersonsAddressesTable-listUl\")]/tbody/tr[1]/td[3]/span"}
RESULT: {"using":"xpath","value":"//table[contains(@id, \"customPersonsAddressesTable-listUl\")]/tbody/tr[1]/td[3]/span"}
COMMAND: POST /session/c2882caf9731b20431ad33ba28a351df/elements - {"using":"xpath","value":"//table[contains(@id, \"customPersonsAddressesTable-listUl\")]/tbody/tr[1]/td[5]/span/span"}
RESULT: {"using":"xpath","value":"//table[contains(@id, \"customPersonsAddressesTable-listUl\")]/tbody/tr[1]/td[5]/span/span"}
COMMAND: POST /session/c2882caf9731b20431ad33ba28a351df/execute/sync - {"script":"<script> [56 bytes]","args":[{"element-6066-11e4-a52e-4f735466cecf":"f.F5FFF54E7EE576FC37DE45379FAA919A.d.7609E250BC73A69CA4CB1C98CEA159E8.e.1227","ELEMENT":"f.F5FFF54E7EE576FC37DE45379FAA919A.d.7609E250BC73A69CA4CB1C98CEA159E8.e.1227"}]}
RESULT: {"script":"<script> [56 bytes]","args":[{"element-6066-11e4-a52e-4f735466cecf":"f.F5FFF54E7EE576FC37DE45379FAA919A.d.7609E250BC73A69CA4CB1C98CEA159E8.e.1227","ELEMENT":"f.F5FFF54E7EE576FC37DE45379FAA919A.d.7609E250BC73A69CA4CB1C98CEA159E8.e.1227"}]}
COMMAND: POST /session/c2882caf9731b20431ad33ba28a351df/execute/sync - {"script":"<script> [56 bytes]","args":[{"element-6066-11e4-a52e-4f735466cecf":"f.F5FFF54E7EE576FC37DE45379FAA919A.d.7609E250BC73A69CA4CB1C98CEA159E8.e.1228","ELEMENT":"f.F5FFF54E7EE576FC37DE45379FAA919A.d.7609E250BC73A69CA4CB1C98CEA159E8.e.1228"}]}
COMMAND: GET /session/c2882caf9731b20431ad33ba28a351df/screenshot - {}
RESULT: {"script":"<script> [56 bytes]","args":[{"element-6066-11e4-a52e-4f735466cecf":"f.F5FFF54E7EE576FC37DE45379FAA919A.d.7609E250BC73A69CA4CB1C98CEA159E8.e.1228","ELEMENT":"f.F5FFF54E7EE576FC37DE45379FAA919A.d.7609E250BC73A69CA4CB1C98CEA159E8.e.1228"}]}
COMMAND: POST /session/c2882caf9731b20431ad33ba28a351df/element - {"using":"xpath","value":"(//span[contains(@id, \"imgNav\")])[1]"}
COMMAND: GET /session/c2882caf9731b20431ad33ba28a351df/screenshot - {}
RESULT: {}
RESULT: {"using":"xpath","value":"(//span[contains(@id, \"imgNav\")])[1]"}
COMMAND: POST /session/c2882caf9731b20431ad33ba28a351df/element/f.F5FFF54E7EE576FC37DE45379FAA919A.d.7609E250BC73A69CA4CB1C98CEA159E8.e.1225/click - {}
RESULT: {}
RESULT: {}
COMMAND: GET /session/c2882caf9731b20431ad33ba28a351df/screenshot - {}
RESULT: {}
COMMAND: POST /session/c2882caf9731b20431ad33ba28a351df/element - {"using":"xpath","value":"//bdi[contains(text(), \"Edit\")]"}
RESULT: {"using":"xpath","value":"//bdi[contains(text(), \"Edit\")]"}
COMMAND: POST /session/c2882caf9731b20431ad33ba28a351df/element/f.F5FFF54E7EE576FC37DE45379FAA919A.d.7609E250BC73A69CA4CB1C98CEA159E8.e.1348/click - {}
RESULT: {}
COMMAND: GET /session/c2882caf9731b20431ad33ba28a351df/screenshot - {}
RESULT: {}
COMMAND: POST /session/c2882caf9731b20431ad33ba28a351df/execute/async - {"script":"<script> [1562 bytes]","args":[{"selector":{"controlType":"sap.m.Button","viewName":"etm.portal.ui.addressmanagement.view.EditDetail","properties":{"text":"Attachments (0)"},"interaction":{"idSuffix":"BDI-content"}},"wdio_ui5_key":"etmportal.ui.addressmanagement.view.EditDetailsap.m.Button{\"text\":\"Attachments (0)\"}"}]}
RESULT: {"script":"<script> [1562 bytes]","args":[{"selector":{"controlType":"sap.m.Button","viewName":"etm.portal.ui.addressmanagement.view.EditDetail","properties":{"text":"Attachments (0)"},"interaction":{"idSuffix":"BDI-content"}},"wdio_ui5_key":"etmportal.ui.addressmanagement.view.EditDetailsap.m.Button{\"text\":\"Attachments (0)\"}"}]}
RESULT: undefined
COMMAND: POST /session/c2882caf9731b20431ad33ba28a351df/element - {"using":"xpath","value":"//*[@id=\"__xmlview59--ObjectPageLayout-anchBar-__xmlview59--attachments-anchor\"]"}
RESULT: {"using":"xpath","value":"//*[@id=\"__xmlview59--ObjectPageLayout-anchBar-__xmlview59--attachments-anchor\"]"}
COMMAND: POST /session/c2882caf9731b20431ad33ba28a351df/element/f.F5FFF54E7EE576FC37DE45379FAA919A.d.7609E250BC73A69CA4CB1C98CEA159E8.e.1404/click - {}
RESULT: {}
COMMAND: GET /session/c2882caf9731b20431ad33ba28a351df/screenshot - {}
RESULT: {}
COMMAND: POST /session/c2882caf9731b20431ad33ba28a351df/file - {"file":"[base64] 459776 bytes"}
RESULT: {"file":"[base64] 459776 bytes"}
COMMAND: POST /session/c2882caf9731b20431ad33ba28a351df/element - {"using":"css selector","value":"input[type=\"file\"]"}
RESULT: {"using":"css selector","value":"input[type=\"file\"]"}
COMMAND: POST /session/c2882caf9731b20431ad33ba28a351df/element/f.F5FFF54E7EE576FC37DE45379FAA919A.d.7609E250BC73A69CA4CB1C98CEA159E8.e.1380/clear - {}
RESULT: {}
COMMAND: POST /session/c2882caf9731b20431ad33ba28a351df/element/f.F5FFF54E7EE576FC37DE45379FAA919A.d.7609E250BC73A69CA4CB1C98CEA159E8.e.1380/value - {"text":"C:\\Windows\\SystemTemp\\scoped_dir7096_171158548\\upload7096_1896331370\\address-mng-pic.png"}
COMMAND: GET /session/c2882caf9731b20431ad33ba28a351df/screenshot - {}
RESULT: {"text":"C:\\Windows\\SystemTemp\\scoped_dir7096_171158548\\upload7096_1896331370\\address-mng-pic.png"}
COMMAND: GET /session/c2882caf9731b20431ad33ba28a351df/screenshot - {}
RESULT: {}
RESULT: {}
COMMAND: POST /session/c2882caf9731b20431ad33ba28a351df/element - {"using":"xpath","value":"//button[@data-kt=\"saveButton\"]"}
RESULT: {"using":"xpath","value":"//button[@data-kt=\"saveButton\"]"}
COMMAND: POST /session/c2882caf9731b20431ad33ba28a351df/element/f.F5FFF54E7EE576FC37DE45379FAA919A.d.7609E250BC73A69CA4CB1C98CEA159E8.e.1428/click - {}
RESULT: {}
COMMAND: GET /session/c2882caf9731b20431ad33ba28a351df/screenshot - {}
RESULT: {}
COMMAND: POST /session/c2882caf9731b20431ad33ba28a351df/execute/async - {"script":"<script> [1562 bytes]","args":[{"selector":{"id":"application-addressmanagement-display-component---detailAdm--ObjectPageLayout-anchBar-application-addressmanagement-display-component---detailAdm--attachments-anchor","interaction":{"idSuffix":"content"}},"wdio_ui5_key":"applicationaddressmanagement-display-component---detailAdm--ObjectPageLayout-anchBar-application-addressmanagement-display-component---detailAdm--attachments-anchor"}]}
RESULT: {"script":"<script> [1562 bytes]","args":[{"selector":{"id":"application-addressmanagement-display-component---detailAdm--ObjectPageLayout-anchBar-application-addressmanagement-display-component---detailAdm--attachments-anchor","interaction":{"idSuffix":"content"}},"wdio_ui5_key":"applicationaddressmanagement-display-component---detailAdm--ObjectPageLayout-anchBar-application-addressmanagement-display-component---detailAdm--attachments-anchor"}]}
RESULT: undefined
COMMAND: POST /session/c2882caf9731b20431ad33ba28a351df/element - {"using":"xpath","value":"//*[@id=\"application-addressmanagement-display-component---detailAdm--ObjectPageLayout-anchBar-application-addressmanagement-display-component---detailAdm--attachments-anchor\"]"}
RESULT: {"using":"xpath","value":"//*[@id=\"application-addressmanagement-display-component---detailAdm--ObjectPageLayout-anchBar-application-addressmanagement-display-component---detailAdm--attachments-anchor\"]"}
COMMAND: POST /session/c2882caf9731b20431ad33ba28a351df/element/f.F5FFF54E7EE576FC37DE45379FAA919A.d.7609E250BC73A69CA4CB1C98CEA159E8.e.1434/click - {}
RESULT: {}
COMMAND: GET /session/c2882caf9731b20431ad33ba28a351df/screenshot - {}
RESULT: {}
COMMAND: POST /session/c2882caf9731b20431ad33ba28a351df/execute/async - {"script":"<script> [1562 bytes]","args":[{"selector":{"id":"application-addressmanagement-display-component---detailAdm--attachments"},"wdio_ui5_key":"applicationaddressmanagement-display-component---detailAdm--attachments"}]}
RESULT: {"script":"<script> [1562 bytes]","args":[{"selector":{"id":"application-addressmanagement-display-component---detailAdm--attachments"},"wdio_ui5_key":"applicationaddressmanagement-display-component---detailAdm--attachments"}]}
RESULT: undefined
COMMAND: POST /session/c2882caf9731b20431ad33ba28a351df/execute/async - {"script":"<script> [6424 bytes]","args":[{"element-6066-11e4-a52e-4f735466cecf":"f.F5FFF54E7EE576FC37DE45379FAA919A.d.7609E250BC73A69CA4CB1C98CEA159E8.e.1336"},"getTitle",[]]}
RESULT: {"script":"<script> [6424 bytes]","args":[{"element-6066-11e4-a52e-4f735466cecf":"f.F5FFF54E7EE576FC37DE45379FAA919A.d.7609E250BC73A69CA4CB1C98CEA159E8.e.1336"},"getTitle",[]]}
COMMAND: POST /session/c2882caf9731b20431ad33ba28a351df/element - {"using":"css selector","value":"#shell-header-logo"}
RESULT: {"using":"css selector","value":"#shell-header-logo"}
COMMAND: POST /session/c2882caf9731b20431ad33ba28a351df/element/f.F5FFF54E7EE576FC37DE45379FAA919A.d.7609E250BC73A69CA4CB1C98CEA159E8.e.1030/click - {}
RESULT: {}
COMMAND: GET /session/c2882caf9731b20431ad33ba28a351df/screenshot - {}
RESULT: {}
]]></system-out>
    </testcase>
    <testcase classname="chrome.136_0_7103_49.windows.Address_Management_Tests_US151165_US151160" name="Step 5 Should remove the added attachment on the created address US151168" time="62.248">
      <system-out><![CDATA[
RESULT: undefined
COMMAND: POST /session/c2882caf9731b20431ad33ba28a351df/element - {"using":"xpath","value":"//*[@id=\"__tile33\"]"}
RESULT: {"using":"xpath","value":"//*[@id=\"__tile33\"]"}
COMMAND: POST /session/c2882caf9731b20431ad33ba28a351df/element/f.F5FFF54E7EE576FC37DE45379FAA919A.d.7609E250BC73A69CA4CB1C98CEA159E8.e.216/click - {}
RESULT: {}
COMMAND: POST /session/c2882caf9731b20431ad33ba28a351df/element - {"using":"xpath","value":"//button[@data-kt=\"addButton\"]"}
COMMAND: GET /session/c2882caf9731b20431ad33ba28a351df/screenshot - {}
RESULT: {"using":"xpath","value":"//button[@data-kt=\"addButton\"]"}
COMMAND: POST /session/c2882caf9731b20431ad33ba28a351df/elements - {"using":"xpath","value":"//button[@data-kt=\"addButton\"]"}
RESULT: {}
RESULT: {"using":"xpath","value":"//button[@data-kt=\"addButton\"]"}
COMMAND: POST /session/c2882caf9731b20431ad33ba28a351df/element - {"using":"xpath","value":"//button[@data-kt=\"addButton\"]"}
RESULT: {"using":"xpath","value":"//button[@data-kt=\"addButton\"]"}
COMMAND: POST /session/c2882caf9731b20431ad33ba28a351df/execute/sync - {"script":"<script> [8489 bytes]","args":[{"element-6066-11e4-a52e-4f735466cecf":"f.F5FFF54E7EE576FC37DE45379FAA919A.d.7609E250BC73A69CA4CB1C98CEA159E8.e.1486","ELEMENT":"f.F5FFF54E7EE576FC37DE45379FAA919A.d.7609E250BC73A69CA4CB1C98CEA159E8.e.1486"}]}
RESULT: {"script":"<script> [8489 bytes]","args":[{"element-6066-11e4-a52e-4f735466cecf":"f.F5FFF54E7EE576FC37DE45379FAA919A.d.7609E250BC73A69CA4CB1C98CEA159E8.e.1486","ELEMENT":"f.F5FFF54E7EE576FC37DE45379FAA919A.d.7609E250BC73A69CA4CB1C98CEA159E8.e.1486"}]}
COMMAND: GET /session/c2882caf9731b20431ad33ba28a351df/element/f.F5FFF54E7EE576FC37DE45379FAA919A.d.7609E250BC73A69CA4CB1C98CEA159E8.e.1486/enabled - {}
COMMAND: GET /session/c2882caf9731b20431ad33ba28a351df/screenshot - {}
RESULT: {}
COMMAND: POST /session/c2882caf9731b20431ad33ba28a351df/execute/sync - {"script":"<script> [8489 bytes]","args":[{"element-6066-11e4-a52e-4f735466cecf":"f.F5FFF54E7EE576FC37DE45379FAA919A.d.7609E250BC73A69CA4CB1C98CEA159E8.e.1486","ELEMENT":"f.F5FFF54E7EE576FC37DE45379FAA919A.d.7609E250BC73A69CA4CB1C98CEA159E8.e.1486"}]}
COMMAND: GET /session/c2882caf9731b20431ad33ba28a351df/screenshot - {}
RESULT: {}
RESULT: {"script":"<script> [8489 bytes]","args":[{"element-6066-11e4-a52e-4f735466cecf":"f.F5FFF54E7EE576FC37DE45379FAA919A.d.7609E250BC73A69CA4CB1C98CEA159E8.e.1486","ELEMENT":"f.F5FFF54E7EE576FC37DE45379FAA919A.d.7609E250BC73A69CA4CB1C98CEA159E8.e.1486"}]}
COMMAND: POST /session/c2882caf9731b20431ad33ba28a351df/execute/sync - {"script":"<script> [5351 bytes]","args":[{"element-6066-11e4-a52e-4f735466cecf":"f.F5FFF54E7EE576FC37DE45379FAA919A.d.7609E250BC73A69CA4CB1C98CEA159E8.e.1486","ELEMENT":"f.F5FFF54E7EE576FC37DE45379FAA919A.d.7609E250BC73A69CA4CB1C98CEA159E8.e.1486"}]}
COMMAND: GET /session/c2882caf9731b20431ad33ba28a351df/screenshot - {}
RESULT: {}
RESULT: {"script":"<script> [5351 bytes]","args":[{"element-6066-11e4-a52e-4f735466cecf":"f.F5FFF54E7EE576FC37DE45379FAA919A.d.7609E250BC73A69CA4CB1C98CEA159E8.e.1486","ELEMENT":"f.F5FFF54E7EE576FC37DE45379FAA919A.d.7609E250BC73A69CA4CB1C98CEA159E8.e.1486"}]}
COMMAND: GET /session/c2882caf9731b20431ad33ba28a351df/screenshot - {}
RESULT: {}
RESULT: {}
RESULT: undefined
COMMAND: POST /session/c2882caf9731b20431ad33ba28a351df/execute/async - {"script":"<script> [776 bytes]","args":[{"enterText":"5wkDU8beFn","selector":{"id":"application-addressmanagement-display-component---masterAdm--smartFilterBar-btnBasicSearch","interaction":{"idSuffix":"I"}},"clearTextFirst":true,"interactionType":"ENTER_TEXT"}]}
RESULT: {"script":"<script> [776 bytes]","args":[{"enterText":"5wkDU8beFn","selector":{"id":"application-addressmanagement-display-component---masterAdm--smartFilterBar-btnBasicSearch","interaction":{"idSuffix":"I"}},"clearTextFirst":true,"interactionType":"ENTER_TEXT"}]}
COMMAND: POST /session/c2882caf9731b20431ad33ba28a351df/actions - {"actions":[{"id":"action5","type":"key","parameters":{},"actions":[{"type":"keyDown","value":"î€‡"},{"type":"pause","duration":10},{"type":"keyUp","value":"î€‡"}]}]}
RESULT: {"actions":[{"id":"action5","type":"key","parameters":{},"actions":[{"type":"keyDown","value":"î€‡"},{"type":"pause","duration":10},{"type":"keyUp","value":"î€‡"}]}]}
COMMAND: GET /session/c2882caf9731b20431ad33ba28a351df/screenshot - {}
RESULT: {}
COMMAND: POST /session/c2882caf9731b20431ad33ba28a351df/elements - {"using":"xpath","value":"//table[contains(@id, \"customPersonsAddressesTable-listUl\")]/tbody/tr"}
RESULT: {"using":"xpath","value":"//table[contains(@id, \"customPersonsAddressesTable-listUl\")]/tbody/tr"}
COMMAND: POST /session/c2882caf9731b20431ad33ba28a351df/element - {"using":"xpath","value":"//table[contains(@id, \"customPersonsAddressesTable-listUl\")]/tbody/tr[1]/td[5]/span/span"}
RESULT: {"using":"xpath","value":"//table[contains(@id, \"customPersonsAddressesTable-listUl\")]/tbody/tr[1]/td[5]/span/span"}
COMMAND: POST /session/c2882caf9731b20431ad33ba28a351df/element - {"using":"xpath","value":"//table[contains(@id, \"customPersonsAddressesTable-listUl\")]/tbody/tr[1]/td[3]/span"}
RESULT: {"using":"xpath","value":"//table[contains(@id, \"customPersonsAddressesTable-listUl\")]/tbody/tr[1]/td[3]/span"}
COMMAND: POST /session/c2882caf9731b20431ad33ba28a351df/elements - {"using":"xpath","value":"//table[contains(@id, \"customPersonsAddressesTable-listUl\")]/tbody/tr[1]/td[5]/span/span"}
RESULT: {"using":"xpath","value":"//table[contains(@id, \"customPersonsAddressesTable-listUl\")]/tbody/tr[1]/td[5]/span/span"}
COMMAND: POST /session/c2882caf9731b20431ad33ba28a351df/execute/sync - {"script":"<script> [56 bytes]","args":[{"element-6066-11e4-a52e-4f735466cecf":"f.F5FFF54E7EE576FC37DE45379FAA919A.d.7609E250BC73A69CA4CB1C98CEA159E8.e.1633","ELEMENT":"f.F5FFF54E7EE576FC37DE45379FAA919A.d.7609E250BC73A69CA4CB1C98CEA159E8.e.1633"}]}
RESULT: {"script":"<script> [56 bytes]","args":[{"element-6066-11e4-a52e-4f735466cecf":"f.F5FFF54E7EE576FC37DE45379FAA919A.d.7609E250BC73A69CA4CB1C98CEA159E8.e.1633","ELEMENT":"f.F5FFF54E7EE576FC37DE45379FAA919A.d.7609E250BC73A69CA4CB1C98CEA159E8.e.1633"}]}
COMMAND: POST /session/c2882caf9731b20431ad33ba28a351df/execute/sync - {"script":"<script> [56 bytes]","args":[{"element-6066-11e4-a52e-4f735466cecf":"f.F5FFF54E7EE576FC37DE45379FAA919A.d.7609E250BC73A69CA4CB1C98CEA159E8.e.1634","ELEMENT":"f.F5FFF54E7EE576FC37DE45379FAA919A.d.7609E250BC73A69CA4CB1C98CEA159E8.e.1634"}]}
COMMAND: GET /session/c2882caf9731b20431ad33ba28a351df/screenshot - {}
RESULT: {"script":"<script> [56 bytes]","args":[{"element-6066-11e4-a52e-4f735466cecf":"f.F5FFF54E7EE576FC37DE45379FAA919A.d.7609E250BC73A69CA4CB1C98CEA159E8.e.1634","ELEMENT":"f.F5FFF54E7EE576FC37DE45379FAA919A.d.7609E250BC73A69CA4CB1C98CEA159E8.e.1634"}]}
COMMAND: POST /session/c2882caf9731b20431ad33ba28a351df/element - {"using":"xpath","value":"(//span[contains(@id, \"imgNav\")])[1]"}
COMMAND: GET /session/c2882caf9731b20431ad33ba28a351df/screenshot - {}
RESULT: {}
RESULT: {"using":"xpath","value":"(//span[contains(@id, \"imgNav\")])[1]"}
COMMAND: POST /session/c2882caf9731b20431ad33ba28a351df/element/f.F5FFF54E7EE576FC37DE45379FAA919A.d.7609E250BC73A69CA4CB1C98CEA159E8.e.1631/click - {}
RESULT: {}
RESULT: {}
COMMAND: GET /session/c2882caf9731b20431ad33ba28a351df/screenshot - {}
RESULT: {}
COMMAND: POST /session/c2882caf9731b20431ad33ba28a351df/element - {"using":"xpath","value":"//bdi[contains(text(), \"Edit\")]"}
RESULT: {"using":"xpath","value":"//bdi[contains(text(), \"Edit\")]"}
COMMAND: POST /session/c2882caf9731b20431ad33ba28a351df/element/f.F5FFF54E7EE576FC37DE45379FAA919A.d.7609E250BC73A69CA4CB1C98CEA159E8.e.1755/click - {}
RESULT: {}
COMMAND: GET /session/c2882caf9731b20431ad33ba28a351df/screenshot - {}
RESULT: {}
COMMAND: POST /session/c2882caf9731b20431ad33ba28a351df/execute/async - {"script":"<script> [1562 bytes]","args":[{"selector":{"controlType":"sap.m.Button","viewName":"etm.portal.ui.addressmanagement.view.EditDetail","properties":{"text":"Attachments (1)"},"interaction":{"idSuffix":"BDI-content"}},"wdio_ui5_key":"etmportal.ui.addressmanagement.view.EditDetailsap.m.Button{\"text\":\"Attachments (1)\"}"}]}
RESULT: {"script":"<script> [1562 bytes]","args":[{"selector":{"controlType":"sap.m.Button","viewName":"etm.portal.ui.addressmanagement.view.EditDetail","properties":{"text":"Attachments (1)"},"interaction":{"idSuffix":"BDI-content"}},"wdio_ui5_key":"etmportal.ui.addressmanagement.view.EditDetailsap.m.Button{\"text\":\"Attachments (1)\"}"}]}
RESULT: undefined
COMMAND: POST /session/c2882caf9731b20431ad33ba28a351df/element - {"using":"xpath","value":"//*[@id=\"__xmlview60--ObjectPageLayout-anchBar-__xmlview60--attachments-anchor\"]"}
RESULT: {"using":"xpath","value":"//*[@id=\"__xmlview60--ObjectPageLayout-anchBar-__xmlview60--attachments-anchor\"]"}
COMMAND: POST /session/c2882caf9731b20431ad33ba28a351df/element/f.F5FFF54E7EE576FC37DE45379FAA919A.d.7609E250BC73A69CA4CB1C98CEA159E8.e.1794/click - {}
RESULT: {}
COMMAND: GET /session/c2882caf9731b20431ad33ba28a351df/screenshot - {}
RESULT: {}
COMMAND: POST /session/c2882caf9731b20431ad33ba28a351df/execute/async - {"script":"<script> [1562 bytes]","args":[{"selector":{"controlType":"sap.ui.core.Icon","viewName":"etm.portal.ui.addressmanagement.view.EditDetail","properties":{"src":{"regex":{"source":"decline"}}}},"wdio_ui5_key":"etmportal.ui.addressmanagement.view.EditDetailsap.ui.core.Icon{\"src\":{\"regex\":{\"source\":\"decline\"}}}"}]}
RESULT: {"script":"<script> [1562 bytes]","args":[{"selector":{"controlType":"sap.ui.core.Icon","viewName":"etm.portal.ui.addressmanagement.view.EditDetail","properties":{"src":{"regex":{"source":"decline"}}}},"wdio_ui5_key":"etmportal.ui.addressmanagement.view.EditDetailsap.ui.core.Icon{\"src\":{\"regex\":{\"source\":\"decline\"}}}"}]}
RESULT: undefined
COMMAND: POST /session/c2882caf9731b20431ad33ba28a351df/element - {"using":"xpath","value":"//*[@id=\"__item348-__set5-0-deleteButton-img\"]"}
RESULT: {"using":"xpath","value":"//*[@id=\"__item348-__set5-0-deleteButton-img\"]"}
COMMAND: POST /session/c2882caf9731b20431ad33ba28a351df/element/f.F5FFF54E7EE576FC37DE45379FAA919A.d.7609E250BC73A69CA4CB1C98CEA159E8.e.1799/click - {}
RESULT: {}
COMMAND: GET /session/c2882caf9731b20431ad33ba28a351df/screenshot - {}
RESULT: {}
COMMAND: POST /session/c2882caf9731b20431ad33ba28a351df/element - {"using":"xpath","value":"//bdi[contains(text(), \"OK\")]"}
RESULT: {"using":"xpath","value":"//bdi[contains(text(), \"OK\")]"}
COMMAND: POST /session/c2882caf9731b20431ad33ba28a351df/element/f.F5FFF54E7EE576FC37DE45379FAA919A.d.7609E250BC73A69CA4CB1C98CEA159E8.e.1802/click - {}
RESULT: {}
COMMAND: GET /session/c2882caf9731b20431ad33ba28a351df/screenshot - {}
RESULT: {}
COMMAND: POST /session/c2882caf9731b20431ad33ba28a351df/element - {"using":"xpath","value":"//button[@data-kt=\"saveButton\"]"}
RESULT: {"using":"xpath","value":"//button[@data-kt=\"saveButton\"]"}
COMMAND: POST /session/c2882caf9731b20431ad33ba28a351df/element/f.F5FFF54E7EE576FC37DE45379FAA919A.d.7609E250BC73A69CA4CB1C98CEA159E8.e.1824/click - {}
RESULT: {}
COMMAND: GET /session/c2882caf9731b20431ad33ba28a351df/screenshot - {}
RESULT: {}
RESULT: undefined
COMMAND: POST /session/c2882caf9731b20431ad33ba28a351df/element - {"using":"xpath","value":"//*[@id=\"application-addressmanagement-display-component---detailAdm--ObjectPageLayout-anchBar-application-addressmanagement-display-component---detailAdm--attachments-anchor\"]"}
RESULT: {"using":"xpath","value":"//*[@id=\"application-addressmanagement-display-component---detailAdm--ObjectPageLayout-anchBar-application-addressmanagement-display-component---detailAdm--attachments-anchor\"]"}
COMMAND: POST /session/c2882caf9731b20431ad33ba28a351df/element/f.F5FFF54E7EE576FC37DE45379FAA919A.d.7609E250BC73A69CA4CB1C98CEA159E8.e.1829/click - {}
RESULT: {}
COMMAND: GET /session/c2882caf9731b20431ad33ba28a351df/screenshot - {}
RESULT: {}
RESULT: undefined
COMMAND: POST /session/c2882caf9731b20431ad33ba28a351df/execute/async - {"script":"<script> [6424 bytes]","args":[{"element-6066-11e4-a52e-4f735466cecf":"f.F5FFF54E7EE576FC37DE45379FAA919A.d.7609E250BC73A69CA4CB1C98CEA159E8.e.1336"},"getTitle",[]]}
COMMAND: POST /session/c2882caf9731b20431ad33ba28a351df/execute/async - {"script":"<script> [1562 bytes]","args":[{"selector":{"id":"application-addressmanagement-display-component---detailAdm--attachments"},"wdio_ui5_key":"applicationaddressmanagement-display-component---detailAdm--attachments"}]}
RESULT: {"script":"<script> [1562 bytes]","args":[{"selector":{"id":"application-addressmanagement-display-component---detailAdm--attachments"},"wdio_ui5_key":"applicationaddressmanagement-display-component---detailAdm--attachments"}]}
COMMAND: POST /session/c2882caf9731b20431ad33ba28a351df/execute/async - {"script":"<script> [6424 bytes]","args":[{"element-6066-11e4-a52e-4f735466cecf":"f.F5FFF54E7EE576FC37DE45379FAA919A.d.7609E250BC73A69CA4CB1C98CEA159E8.e.1740"},"getTitle",[]]}
RESULT: {"script":"<script> [6424 bytes]","args":[{"element-6066-11e4-a52e-4f735466cecf":"f.F5FFF54E7EE576FC37DE45379FAA919A.d.7609E250BC73A69CA4CB1C98CEA159E8.e.1740"},"getTitle",[]]}
COMMAND: POST /session/c2882caf9731b20431ad33ba28a351df/element - {"using":"css selector","value":"#shell-header-logo"}
RESULT: {"using":"css selector","value":"#shell-header-logo"}
COMMAND: POST /session/c2882caf9731b20431ad33ba28a351df/element/f.F5FFF54E7EE576FC37DE45379FAA919A.d.7609E250BC73A69CA4CB1C98CEA159E8.e.1443/click - {}
RESULT: {}
COMMAND: GET /session/c2882caf9731b20431ad33ba28a351df/screenshot - {}
RESULT: {}
COMMAND: DELETE /session/c2882caf9731b20431ad33ba28a351df - {}
RESULT: {}
]]></system-out>
    </testcase>
  </testsuite>
</testsuites>